[I 2026-06-01 15:01:43,629] Trial 9 finished with value: 0.054452875180111826 and parameters: {'confidence_threshold': 0.6202096049169137, 'training_days': 260, 'n_estimators': 350, 'max_depth': 3, 'num_leaves': 21, 'learning_rate': 0.02989540198065364, 'subsample': 0.8307821683331218, 'colsample_bytree': 0.923253112635361, 'min_child_samples': 64, 'reg_alpha': 0.4898604619604203, 'reg_lambda': 2.9076377687066166e-05}. Best is trial 2 with value: 0.1503781912093179.
[I 2026-06-01 15:01:43,967] Trial 10 finished with value: -1.7774902942318591 and parameters: {'confidence_threshold': 0.8445241688507242, 'training_days': 420, 'n_estimators': 494, 'max_depth': 3, 'num_leaves': 30, 'learning_rate': 0.010221918552934462, 'subsample': 0.5019190721168774, 'colsample_bytree': 0.6202684210924141, 'min_child_samples': 45, 'reg_alpha': 1.5494783182896407e-08, 'reg_lambda': 0.018878930586497852}. Best is trial 2 with value: 0.1503781912093179.
[I 2026-06-01 15:01:44,137] Trial 11 finished with value: 0.14785254997121106 and parameters: {'confidence_threshold': 0.7162109107873752, 'training_days': 360, 'n_estimators': 233, 'max_depth': 3, 'num_leaves': 61, 'learning_rate': 0.03452957696027875, 'subsample': 0.9939949979825393, 'colsample_bytree': 0.6778283959364831, 'min_child_samples': 49, 'reg_alpha': 1.992549479603352e-07, 'reg_lambda': 0.0023652564224911103}. Best is trial 2 with value: 0.1503781912093179.
[I 2026-06-01 15:01:44,324] Trial 12 finished with value: 0.19615414448758184 and parameters: {'confidence_threshold': 0.6976607825800625, 'training_days': 360, 'n_estimators': 244, 'max_depth': 3, 'num_leaves': 63, 'learning_rate': 0.02392651870535563, 'subsample': 0.9903748330118821, 'colsample_bytree': 0.6669454130036883, 'min_child_samples': 41, 'reg_alpha': 8.872579804238418e-08, 'reg_lambda': 0.003601448669274239}. Best is trial 12 with value: 0.19615414448758184.
[I 2026-06-01 15:01:44,610] Trial 13 finished with value: 0.12371925625281255 and parameters: {'confidence_threshold': 0.6860891785256445, 'training_days': 330, 'n_estimators': 453, 'max_depth': 3, 'num_leaves': 28, 'learning_rate': 0.017797220503138828, 'subsample': 0.6692276593280039, 'colsample_bytree': 0.5443982906148261, 'min_child_samples': 40, 'reg_alpha': 5.819605623982595e-07, 'reg_lambda': 0.21775111652651932}. Best is trial 12 with value: 0.19615414448758184.
[I 2026-06-01 15:01:44,844] Trial 14 finished with value: 0.1760507506500089 and parameters: {'confidence_threshold': 0.6639044847393095, 'training_days': 490, 'n_estimators': 310, 'max_depth': 3, 'num_leaves': 37, 'learning_rate': 0.01861273015840539, 'subsample': 0.9000198507518121, 'colsample_bytree': 0.6937299455622933, 'min_child_samples': 34, 'reg_alpha': 1.0023951649657967e-08, 'reg_lambda': 0.0038081143008355752}. Best is trial 12 with value: 0.19615414448758184.
[I 2026-06-01 15:01:45,146] Trial 15 finished with value: 0.09926230551009793 and parameters: {'confidence_threshold': 0.5026055290809989, 'training_days': 500, 'n_estimators': 287, 'max_depth': 4, 'num_leaves': 46, 'learning_rate': 0.012556399722836063, 'subsample': 0.8966418548807951, 'colsample_bytree': 0.6861577038357892, 'min_child_samples': 38, 'reg_alpha': 1.1000382468645233e-08, 'reg_lambda': 3.5532501480887757}. Best is trial 12 with value: 0.19615414448758184.
[I 2026-06-01 15:01:45,335] Trial 16 finished with value: 0.11822442963193625 and parameters: {'confidence_threshold': 0.6507328434634754, 'training_days': 500, 'n_estimators': 293, 'max_depth': 3, 'num_leaves': 56, 'learning_rate': 0.04734750546511042, 'subsample': 0.8940738858224945, 'colsample_bytree': 0.5051670322098265, 'min_child_samples': 50, 'reg_alpha': 4.089895025873451e-07, 'reg_lambda': 0.017394097794694863}. Best is trial 12 with value: 0.19615414448758184.
[I 2026-06-01 15:01:45,485] Trial 17 finished with value: 0.16650863886554462 and parameters: {'confidence_threshold': 0.7110519736587814, 'training_days': 420, 'n_estimators': 221, 'max_depth': 3, 'num_leaves': 37, 'learning_rate': 0.025878408357692298, 'subsample': 0.9202138733708044, 'colsample_bytree': 0.6181638900576597, 'min_child_samples': 94, 'reg_alpha': 7.631837264969421e-08, 'reg_lambda': 0.006288976511832985}. Best is trial 12 with value: 0.19615414448758184.
[I 2026-06-01 15:01:45,904] A new study created in memory with name: no-name-aeefdda5-2265-4067-9a66-6ec7717ed052
[I 2026-06-01 15:01:46,117] Trial 0 finished with value: 0.05026219757760482 and parameters: {'confidence_threshold': 0.5870645682749857, 'training_days': 90, 'n_estimators': 403, 'max_depth': 5, 'num_leaves': 45, 'learning_rate': 0.0780457193679974, 'subsample': 0.9428509515574568, 'colsample_bytree': 0.8795587339164916, 'min_child_samples': 34, 'reg_alpha': 2.2465901234314442e-07, 'reg_lambda': 8.339007036475363e-05}. Best is trial 0 with value: 0.05026219757760482.

    [CV fold 4] train_end=2024-07-18 16:00 | val_start=2024-07-26 08:00 | gap=184h (22 rows)
    [trial 0] Sharpe=0.1035 (folds: 0.2152, 0.1364, 0.1336, -0.0044, 0.0369)
    [trial 1] 47 features, training_days=420 | threshold=0.839 | labels: 1217 long, 954 short (56/44%)
    [trial 1] Sharpe=-1.6860 (folds: 0.3317, 0.7661, 0.4553, 0.0168, -10.0000)
    [trial 2] 47 features, training_days=190 | threshold=0.602 | labels: 1217 long, 954 short (56/44%)
    [trial 2] Sharpe=0.0916 (folds: 0.1705, 0.2517, 0.1055, -0.0171, -0.0526)
    [trial 3] 47 features, training_days=490 | threshold=0.832 | labels: 1217 long, 954 short (56/44%)
    [trial 3] Sharpe=0.1597 (folds: 0.2544, 0.2151, 0.2818, -0.0622, 0.1091)
    [trial 4] 47 features, training_days=340 | threshold=0.591 | labels: 1217 long, 954 short (56/44%)
    [trial 4] Sharpe=0.0664 (folds: 0.0161, 0.2044, 0.1611, 0.0069, -0.0565)
    [trial 5] 47 features, training_days=50 | threshold=0.823 | labels: 1217 long, 954 short (56/44%)
    [trial 5] Sharpe=0.2086 (folds: 0.2591, 0.3187, 0.3969, -0.0125, 0.0808)
    [trial 6] 47 features, training_days=410 | threshold=0.549 | labels: 1217 long, 954 short (56/44%)
    [trial 6] Sharpe=0.0555 (folds: -0.0483, 0.0967, 0.1808, 0.0561, -0.0077)
    [trial 7] 47 features, training_days=180 | threshold=0.526 | labels: 1217 long, 954 short (56/44%)
    [trial 7] Sharpe=0.0657 (folds: 0.1356, 0.1451, 0.1207, -0.0201, -0.0527)
    [trial 8] 47 features, training_days=240 | threshold=0.811 | labels: 1217 long, 954 short (56/44%)
    [trial 8] Sharpe=0.0965 (folds: 0.3312, 0.2671, -0.1296, -0.0623, 0.0760)
    [trial 9] 47 features, training_days=20 | threshold=0.538 | labels: 1217 long, 954 short (56/44%)
    [trial 9] Sharpe=-2.0872 (folds: -0.1462, -0.4790, -10.0000, 0.0288, 0.1604)
    [trial 10] 47 features, training_days=10 | threshold=0.732 | labels: 1217 long, 954 short (56/44%)
    [trial 10] Sharpe=-1.9957 (folds: -10.0000, -0.4790, 0.3135, 0.0268, 0.1604)
    [trial 11] 47 features, training_days=100 | threshold=0.762 | labels: 1217 long, 954 short (56/44%)
    [trial 11] Sharpe=0.1116 (folds: 0.1365, 0.1318, 0.1196, 0.0043, 0.1657)
    [trial 12] 47 features, training_days=310 | threshold=0.713 | labels: 1217 long, 954 short (56/44%)
    [trial 12] Sharpe=0.0979 (folds: 0.1141, 0.2352, 0.2232, -0.0679, -0.0151)
    [trial 13] 47 features, training_days=130 | threshold=0.790 | labels: 1217 long, 954 short (56/44%)
    [trial 13] Sharpe=0.0841 (folds: 0.2907, 0.0729, 0.0688, 0.0608, -0.0728)
    [trial 14] 47 features, training_days=500 | threshold=0.685 | labels: 1217 long, 954 short (56/44%)
    [trial 14] Sharpe=0.2329 (folds: 0.0628, 0.1950, 0.5002, 0.1006, 0.3058)
    [trial 15] 47 features, training_days=300 | threshold=0.685 | labels: 1217 long, 954 short (56/44%)
    [trial 15] Sharpe=0.1753 (folds: 0.1158, 0.1684, 0.3327, 0.0242, 0.2354)
    [trial 16] 47 features, training_days=70 | threshold=0.664 | labels: 1217 long, 954 short (56/44%)
    [trial 16] Sharpe=0.0442 (folds: 0.1606, -0.1955, 0.2476, -0.1031, 0.1114)
    [trial 17] 47 features, training_days=370 | threshold=0.765 | labels: 1217 long, 954 short (56/44%)
    [trial 17] Sharpe=0.1528 (folds: 0.1104, 0.2045, 0.3769, -0.0066, 0.0789)
  Optuna: 18 trials, best Sharpe = 0.2329
  Best params: n_estimators=315, max_depth=3, lr=0.0116, leaves=15
  Best confidence_threshold: 0.685
  Best training_days: 500
  Retrained on full data (1500 samples, 47 features)
  [ensemble 2/3] seed=123
    [trial 0] 47 features, training_days=150 | threshold=0.744 | labels: 1217 long, 954 short (56/44%)
    [CV fold 0] train_end=2023-03-25 08:00 | val_start=2023-04-02 00:00 | gap=184h (22 rows)
    [CV fold 1] train_end=2023-07-23 16:00 | val_start=2023-07-31 08:00 | gap=184h (22 rows)
    [CV fold 2] train_end=2023-11-21 00:00 | val_start=2023-11-28 16:00 | gap=184h (22 rows)
    [CV fold 3] train_end=2024-03-20 08:00 | val_start=2024-03-28 00:00 | gap=184h (22 rows)
    [CV fold 4] train_end=2024-07-18 16:00 | val_start=2024-07-26 08:00 | gap=184h (22 rows)
    [trial 0] Sharpe=0.1246 (folds: 0.3467, 0.1580, 0.1409, -0.0448, 0.0221)
    [trial 1] 47 features, training_days=220 | threshold=0.755 | labels: 1217 long, 954 short (56/44%)
    [trial 1] Sharpe=-1.6901 (folds: 0.6238, 0.8967, 0.0867, -0.0574, -10.0000)
    [trial 2] 47 features, training_days=310 | threshold=0.754 | labels: 1217 long, 954 short (56/44%)
    [trial 2] Sharpe=0.1504 (folds: 0.1218, 0.2269, 0.3753, -0.0616, 0.0895)
    [trial 3] 47 features, training_days=220 | threshold=0.673 | labels: 1217 long, 954 short (56/44%)
    [trial 3] Sharpe=0.0626 (folds: 0.1038, 0.1755, 0.1149, -0.0575, -0.0236)
    [trial 4] 47 features, training_days=130 | threshold=0.803 | labels: 1217 long, 954 short (56/44%)
    [trial 4] Sharpe=0.0782 (folds: 0.2976, -0.0196, 0.0324, 0.0870, -0.0062)
    [trial 5] 47 features, training_days=210 | threshold=0.606 | labels: 1217 long, 954 short (56/44%)
    [trial 5] Sharpe=0.0780 (folds: 0.1893, 0.1554, -0.0224, 0.0138, 0.0538)
    [trial 6] 47 features, training_days=130 | threshold=0.767 | labels: 1217 long, 954 short (56/44%)
    [trial 6] Sharpe=0.0424 (folds: 0.1388, 0.0792, 0.0550, -0.0218, -0.0390)
    [trial 7] 47 features, training_days=80 | threshold=0.556 | labels: 1217 long, 954 short (56/44%)
    [trial 7] Sharpe=0.0688 (folds: 0.0661, 0.1068, 0.2837, -0.1295, 0.0168)
    [trial 8] 47 features, training_days=200 | threshold=0.607 | labels: 1217 long, 954 short (56/44%)
    [trial 8] Sharpe=0.0896 (folds: 0.0954, 0.2500, 0.1461, -0.0184, -0.0248)
    [trial 9] 47 features, training_days=260 | threshold=0.620 | labels: 1217 long, 954 short (56/44%)
    [trial 9] Sharpe=0.0545 (folds: 0.1920, 0.1779, 0.1017, -0.0726, -0.1267)
    [trial 10] 47 features, training_days=420 | threshold=0.845 | labels: 1217 long, 954 short (56/44%)
    [trial 10] Sharpe=-1.7775 (folds: 0.2763, 0.3913, 0.4505, -0.0056, -10.0000)
    [trial 11] 47 features, training_days=360 | threshold=0.716 | labels: 1217 long, 954 short (56/44%)
    [trial 11] Sharpe=0.1479 (folds: 0.2044, 0.2009, 0.3091, -0.0476, 0.0724)
    [trial 12] 47 features, training_days=360 | threshold=0.698 | labels: 1217 long, 954 short (56/44%)
    [trial 12] Sharpe=0.1962 (folds: 0.1642, 0.2599, 0.4355, -0.0023, 0.1235)
    [trial 13] 47 features, training_days=330 | threshold=0.686 | labels: 1217 long, 954 short (56/44%)
    [trial 13] Sharpe=0.1237 (folds: 0.1973, 0.2274, 0.2715, -0.0933, 0.0157)
    [trial 14] 47 features, training_days=490 | threshold=0.664 | labels: 1217 long, 954 short (56/44%)
    [trial 14] Sharpe=0.1761 (folds: 0.1059, 0.1632, 0.4617, 0.0072, 0.1422)
    [trial 15] 47 features, training_days=500 | threshold=0.503 | labels: 1217 long, 954 short (56/44%)
    [trial 15] Sharpe=0.0993 (folds: 0.0883, 0.0633, 0.2429, 0.0261, 0.0758)
    [trial 16] 47 features, training_days=500 | threshold=0.651 | labels: 1217 long, 954 short (56/44%)
    [trial 16] Sharpe=0.1182 (folds: 0.1660, 0.1586, 0.2497, -0.0795, 0.0963)
    [trial 17] 47 features, training_days=420 | threshold=0.711 | labels: 1217 long, 954 short (56/44%)
    [trial 17] Sharpe=0.1665 (folds: 0.1087, 0.3034, 0.3862, -0.1302, 0.1645)
  Optuna: 18 trials, best Sharpe = 0.1962
  Best params: n_estimators=244, max_depth=3, lr=0.0239, leaves=63
  Best confidence_threshold: 0.698
  Best training_days: 360
  Retrained on full data (1080 samples, 47 features)
  [ensemble 3/3] seed=456
    [trial 0] 47 features, training_days=90 | threshold=0.587 | labels: 1217 long, 954 short (56/44%)
    [CV fold 0] train_end=2023-03-25 08:00 | val_start=2023-04-02 00:00 | gap=184h (22 rows)
    [CV fold 1] train_end=2023-07-23 16:00 | val_start=2023-07-31 08:00 | gap=184h (22 rows)
    [CV fold 2] train_end=2023-11-21 00:00 | val_start=2023-11-28 16:00 | gap=184h (22 rows)
    [CV fold 3] train_end=2024-03-20 08:00 | val_start=2024-03-28 00:00 | gap=184h (22 rows)
    [CV fold 4] train_end=2024-07-18 16:00 | val_start=2024-07-26 08:00 | gap=184h (22 rows)
    [trial 0] Sharpe=0.0503 (folds: 0.0301, 0.0150, 0.2264, -0.1159, 0.0957)
    [trial 1] 47 features, training_days=290 | threshold=0.635 | labels: 1217 long, 954 short (56/44%)[I 2026-06-01 15:01:46,220] Trial 1 finished with value: 0.08330800660652854 and parameters: {'confidence_threshold': 0.6348453934275313, 'training_days': 290, 'n_estimators': 115, 'max_depth': 5, 'num_leaves': 37, 'learning_rate': 0.06949568759029946, 'subsample': 0.8228505074024268, 'colsample_bytree': 0.8616703220431751, 'min_child_samples': 75, 'reg_alpha': 4.2486822725010923e-07, 'reg_lambda': 1.157247767047042e-07}. Best is trial 1 with value: 0.08330800660652854.
[I 2026-06-01 15:01:46,239] Trial 2 finished with value: -0.024889665924112497 and parameters: {'confidence_threshold': 0.5849570384370288, 'training_days': 10, 'n_estimators': 212, 'max_depth': 3, 'num_leaves': 41, 'learning_rate': 0.18452095998378365, 'subsample': 0.6001060822924371, 'colsample_bytree': 0.5673167293506167, 'min_child_samples': 37, 'reg_alpha': 5.733250064217131, 'reg_lambda': 0.5308454292595461}. Best is trial 1 with value: 0.08330800660652854.
[I 2026-06-01 15:01:46,322] Trial 3 finished with value: 0.13569130935404475 and parameters: {'confidence_threshold': 0.6868248626683718, 'training_days': 220, 'n_estimators': 134, 'max_depth': 3, 'num_leaves': 45, 'learning_rate': 0.033529007907491595, 'subsample': 0.8647277071858408, 'colsample_bytree': 0.778494116634046, 'min_child_samples': 96, 'reg_alpha': 2.409409937265785e-07, 'reg_lambda': 1.1642073478060009}. Best is trial 3 with value: 0.13569130935404475.
[I 2026-06-01 15:01:46,413] Trial 4 finished with value: 0.11045621866651241 and parameters: {'confidence_threshold': 0.5623121348350352, 'training_days': 300, 'n_estimators': 69, 'max_depth': 4, 'num_leaves': 32, 'learning_rate': 0.14967629360700346, 'subsample': 0.5054535233636654, 'colsample_bytree': 0.7401385194659216, 'min_child_samples': 27, 'reg_alpha': 1.4212042567426725e-07, 'reg_lambda': 0.23605753701352003}. Best is trial 3 with value: 0.13569130935404475.
[I 2026-06-01 15:01:46,826] Trial 5 finished with value: 0.16279239205756146 and parameters: {'confidence_threshold': 0.7111850244908446, 'training_days': 490, 'n_estimators': 362, 'max_depth': 5, 'num_leaves': 40, 'learning_rate': 0.05960785724162737, 'subsample': 0.5589714368907717, 'colsample_bytree': 0.6659006943232806, 'min_child_samples': 42, 'reg_alpha': 0.6741360303045295, 'reg_lambda': 6.054601607143087e-08}. Best is trial 5 with value: 0.16279239205756146.
[I 2026-06-01 15:01:46,998] Trial 6 finished with value: 0.13779631098565592 and parameters: {'confidence_threshold': 0.667482545748023, 'training_days': 420, 'n_estimators': 279, 'max_depth': 3, 'num_leaves': 45, 'learning_rate': 0.040099592560849204, 'subsample': 0.8563114696415159, 'colsample_bytree': 0.5442917781944105, 'min_child_samples': 50, 'reg_alpha': 1.6407916423707903e-08, 'reg_lambda': 2.935907642973286e-05}. Best is trial 5 with value: 0.16279239205756146.
[I 2026-06-01 15:01:47,138] Trial 7 finished with value: 0.04778603060670962 and parameters: {'confidence_threshold': 0.5497381024139926, 'training_days': 120, 'n_estimators': 408, 'max_depth': 5, 'num_leaves': 38, 'learning_rate': 0.28049122657745795, 'subsample': 0.8806573338635493, 'colsample_bytree': 0.5454054113547102, 'min_child_samples': 63, 'reg_alpha': 0.01263008637940408, 'reg_lambda': 0.04588020805366937}. Best is trial 5 with value: 0.16279239205756146.
[I 2026-06-01 15:01:47,394] Trial 8 finished with value: 0.1627851453723081 and parameters: {'confidence_threshold': 0.719644804808716, 'training_days': 450, 'n_estimators': 410, 'max_depth': 4, 'num_leaves': 57, 'learning_rate': 0.04022026551478857, 'subsample': 0.5336085426932707, 'colsample_bytree': 0.5705742850577543, 'min_child_samples': 100, 'reg_alpha': 5.916398047912201e-07, 'reg_lambda': 0.9794034214488329}. Best is trial 5 with value: 0.16279239205756146.
[I 2026-06-01 15:01:47,424] Trial 9 finished with value: -4.09296230400696 and parameters: {'confidence_threshold': 0.7267463643917187, 'training_days': 20, 'n_estimators': 337, 'max_depth': 5, 'num_leaves': 23, 'learning_rate': 0.022153031811454605, 'subsample': 0.6305627572358737, 'colsample_bytree': 0.6613413774216214, 'min_child_samples': 81, 'reg_alpha': 5.7638634029410314e-08, 'reg_lambda': 8.26603016764008}. Best is trial 5 with value: 0.16279239205756146.
[I 2026-06-01 15:01:47,894] Trial 10 finished with value: 0.24617175997957164 and parameters: {'confidence_threshold': 0.8283920119574972, 'training_days': 490, 'n_estimators': 485, 'max_depth': 4, 'num_leaves': 15, 'learning_rate': 0.013054596495157828, 'subsample': 0.7130289643560688, 'colsample_bytree': 0.9944479338273263, 'min_child_samples': 52, 'reg_alpha': 2.8556520323203283, 'reg_lambda': 1.4521305760519918e-08}. Best is trial 10 with value: 0.24617175997957164.
[I 2026-06-01 15:01:48,373] Trial 11 finished with value: 0.3161510512410612 and parameters: {'confidence_threshold': 0.8427661908265961, 'training_days': 500, 'n_estimators': 478, 'max_depth': 4, 'num_leaves': 15, 'learning_rate': 0.010040241734622521, 'subsample': 0.688822077530971, 'colsample_bytree': 0.9628722124262472, 'min_child_samples': 49, 'reg_alpha': 9.65090528733781, 'reg_lambda': 1.5920494933139244e-08}. Best is trial 11 with value: 0.3161510512410612.
[I 2026-06-01 15:01:48,800] Trial 12 finished with value: 0.37195885914426086 and parameters: {'confidence_threshold': 0.84383344306133, 'training_days': 370, 'n_estimators': 490, 'max_depth': 4, 'num_leaves': 15, 'learning_rate': 0.010160038190855229, 'subsample': 0.7036312375118919, 'colsample_bytree': 0.9826583982594713, 'min_child_samples': 57, 'reg_alpha': 0.051776251607927, 'reg_lambda': 1.4304147444691813e-06}. Best is trial 12 with value: 0.37195885914426086.
[I 2026-06-01 15:01:49,201] Trial 13 finished with value: 0.47853098628618296 and parameters: {'confidence_threshold': 0.8491507343667494, 'training_days': 370, 'n_estimators': 497, 'max_depth': 4, 'num_leaves': 15, 'learning_rate': 0.010705996887526596, 'subsample': 0.7226980981961403, 'colsample_bytree': 0.9591893793820627, 'min_child_samples': 66, 'reg_alpha': 0.016652651664300317, 'reg_lambda': 1.8799948266058237e-06}. Best is trial 13 with value: 0.47853098628618296.
[I 2026-06-01 15:01:49,604] Trial 14 finished with value: 0.18671758306657432 and parameters: {'confidence_threshold': 0.7943099825395067, 'training_days': 380, 'n_estimators': 500, 'max_depth': 4, 'num_leaves': 24, 'learning_rate': 0.017854834212697, 'subsample': 0.7592780968317199, 'colsample_bytree': 0.9022442714832503, 'min_child_samples': 66, 'reg_alpha': 0.0005061136429986866, 'reg_lambda': 2.2389153235544636e-06}. Best is trial 13 with value: 0.47853098628618296.
[I 2026-06-01 15:01:49,946] Trial 15 finished with value: 0.1693452661245503 and parameters: {'confidence_threshold': 0.7829525506318393, 'training_days': 360, 'n_estimators': 442, 'max_depth': 4, 'num_leaves': 23, 'learning_rate': 0.0208753916054656, 'subsample': 0.7724558660833213, 'colsample_bytree': 0.916002449852699, 'min_child_samples': 77, 'reg_alpha': 0.03740927620034167, 'reg_lambda': 0.0026406526000485684}. Best is trial 13 with value: 0.47853098628618296.
[I 2026-06-01 15:01:50,269] Trial 16 finished with value: 0.1330719444381404 and parameters: {'confidence_threshold': 0.7706702107785648, 'training_days': 230, 'n_estimators': 298, 'max_depth': 4, 'num_leaves': 30, 'learning_rate': 0.010039025149188396, 'subsample': 0.6577011495975604, 'colsample_bytree': 0.8309457747305724, 'min_child_samples': 20, 'reg_alpha': 0.00020560893843442224, 'reg_lambda': 2.5721646632619745e-06}. Best is trial 13 with value: 0.47853098628618296.
[I 2026-06-01 15:01:50,429] Trial 17 finished with value: 0.09737095106019304 and parameters: {'confidence_threshold': 0.5080881579696632, 'training_days': 340, 'n_estimators': 219, 'max_depth': 3, 'num_leaves': 58, 'learning_rate': 0.015286465564456363, 'subsample': 0.7066958144257038, 'colsample_bytree': 0.9513880658532972, 'min_child_samples': 70, 'reg_alpha': 0.0011707933367948317, 'reg_lambda': 1.4127412433360303e-06}. Best is trial 13 with value: 0.47853098628618296.
[I 2026-06-01 15:01:51,256] A new study created in memory with name: no-name-2b09860a-512a-47c1-a18b-5cce3455fbe1
[I 2026-06-01 15:01:51,568] Trial 0 finished with value: 0.083478230308861 and parameters: {'confidence_threshold': 0.6310890415965769, 'training_days': 480, 'n_estimators': 380, 'max_depth': 4, 'num_leaves': 22, 'learning_rate': 0.01699897838270077, 'subsample': 0.5290418060840998, 'colsample_bytree': 0.9330880728874675, 'min_child_samples': 68, 'reg_alpha': 0.023585940584142682, 'reg_lambda': 1.5320059381854043e-08}. Best is trial 0 with value: 0.083478230308861.
