[I 2026-06-01 14:58:38,627] Trial 16 finished with value: -0.044742801403469826 and parameters: {'confidence_threshold': 0.7116287081182576, 'training_days': 440, 'n_estimators': 442, 'max_depth': 4, 'num_leaves': 55, 'learning_rate': 0.031881297714316296, 'subsample': 0.7010502612480229, 'colsample_bytree': 0.8998014720332306, 'min_child_samples': 75, 'reg_alpha': 3.433399905162048, 'reg_lambda': 2.6889821258938708e-06}. Best is trial 5 with value: -0.025811068242309294.
[I 2026-06-01 14:58:38,782] Trial 17 finished with value: -0.05410640497948177 and parameters: {'confidence_threshold': 0.5004748807695347, 'training_days': 170, 'n_estimators': 220, 'max_depth': 5, 'num_leaves': 35, 'learning_rate': 0.19595353117040204, 'subsample': 0.9375572777920069, 'colsample_bytree': 0.6511310018724307, 'min_child_samples': 56, 'reg_alpha': 7.780259576731109e-07, 'reg_lambda': 1.5119477664564153e-07}. Best is trial 5 with value: -0.025811068242309294.
[I 2026-06-01 14:58:39,062] A new study created in memory with name: no-name-ac05b1cb-a22d-4548-b019-df819825d4f5
[I 2026-06-01 14:58:39,282] Trial 0 finished with value: -0.04515496423134867 and parameters: {'confidence_threshold': 0.5870645682749857, 'training_days': 90, 'n_estimators': 403, 'max_depth': 5, 'num_leaves': 45, 'learning_rate': 0.0780457193679974, 'subsample': 0.9428509515574568, 'colsample_bytree': 0.8795587339164916, 'min_child_samples': 34, 'reg_alpha': 2.2465901234314442e-07, 'reg_lambda': 8.339007036475363e-05}. Best is trial 0 with value: -0.04515496423134867.
[I 2026-06-01 14:58:39,395] Trial 1 finished with value: -0.07668760233287839 and parameters: {'confidence_threshold': 0.6348453934275313, 'training_days': 290, 'n_estimators': 115, 'max_depth': 5, 'num_leaves': 37, 'learning_rate': 0.06949568759029946, 'subsample': 0.8228505074024268, 'colsample_bytree': 0.8616703220431751, 'min_child_samples': 75, 'reg_alpha': 4.2486822725010923e-07, 'reg_lambda': 1.157247767047042e-07}. Best is trial 0 with value: -0.04515496423134867.
[I 2026-06-01 14:58:39,413] Trial 2 finished with value: 0.08108204347326808 and parameters: {'confidence_threshold': 0.5849570384370288, 'training_days': 10, 'n_estimators': 212, 'max_depth': 3, 'num_leaves': 41, 'learning_rate': 0.18452095998378365, 'subsample': 0.6001060822924371, 'colsample_bytree': 0.5673167293506167, 'min_child_samples': 37, 'reg_alpha': 5.733250064217131, 'reg_lambda': 0.5308454292595461}. Best is trial 2 with value: 0.08108204347326808.
[I 2026-06-01 14:58:39,497] Trial 3 finished with value: -0.026780829441133414 and parameters: {'confidence_threshold': 0.6868248626683718, 'training_days': 220, 'n_estimators': 134, 'max_depth': 3, 'num_leaves': 45, 'learning_rate': 0.033529007907491595, 'subsample': 0.8647277071858408, 'colsample_bytree': 0.778494116634046, 'min_child_samples': 96, 'reg_alpha': 2.409409937265785e-07, 'reg_lambda': 1.1642073478060009}. Best is trial 2 with value: 0.08108204347326808.
[I 2026-06-01 14:58:39,582] Trial 4 finished with value: -0.14642469573550693 and parameters: {'confidence_threshold': 0.5623121348350352, 'training_days': 300, 'n_estimators': 69, 'max_depth': 4, 'num_leaves': 32, 'learning_rate': 0.14967629360700346, 'subsample': 0.5054535233636654, 'colsample_bytree': 0.7401385194659216, 'min_child_samples': 27, 'reg_alpha': 1.4212042567426725e-07, 'reg_lambda': 0.23605753701352003}. Best is trial 2 with value: 0.08108204347326808.
[I 2026-06-01 14:58:39,992] Trial 5 finished with value: -0.08126136804935678 and parameters: {'confidence_threshold': 0.7111850244908446, 'training_days': 490, 'n_estimators': 362, 'max_depth': 5, 'num_leaves': 40, 'learning_rate': 0.05960785724162737, 'subsample': 0.5589714368907717, 'colsample_bytree': 0.6659006943232806, 'min_child_samples': 42, 'reg_alpha': 0.6741360303045295, 'reg_lambda': 6.054601607143087e-08}. Best is trial 2 with value: 0.08108204347326808.
[I 2026-06-01 14:58:40,187] Trial 6 finished with value: -0.06862710007365927 and parameters: {'confidence_threshold': 0.667482545748023, 'training_days': 420, 'n_estimators': 279, 'max_depth': 3, 'num_leaves': 45, 'learning_rate': 0.040099592560849204, 'subsample': 0.8563114696415159, 'colsample_bytree': 0.5442917781944105, 'min_child_samples': 50, 'reg_alpha': 1.6407916423707903e-08, 'reg_lambda': 2.935907642973286e-05}. Best is trial 2 with value: 0.08108204347326808.
[I 2026-06-01 14:58:40,332] Trial 7 finished with value: -0.059635815603960876 and parameters: {'confidence_threshold': 0.5497381024139926, 'training_days': 120, 'n_estimators': 408, 'max_depth': 5, 'num_leaves': 38, 'learning_rate': 0.28049122657745795, 'subsample': 0.8806573338635493, 'colsample_bytree': 0.5454054113547102, 'min_child_samples': 63, 'reg_alpha': 0.01263008637940408, 'reg_lambda': 0.04588020805366937}. Best is trial 2 with value: 0.08108204347326808.

    [trial 8] 47 features, training_days=240 | threshold=0.811 | labels: 1066 long, 1102 short (49/51%)
    [trial 8] Sharpe=0.0460 (folds: 0.1735, -0.2351, 0.3984, -0.2765, 0.1699)
    [trial 9] 47 features, training_days=20 | threshold=0.538 | labels: 1066 long, 1102 short (49/51%)
    [trial 9] Sharpe=-2.0320 (folds: -0.1803, 0.1993, -0.0380, -0.1409, -10.0000)
    [trial 10] 47 features, training_days=280 | threshold=0.734 | labels: 1066 long, 1102 short (49/51%)
    [trial 10] Sharpe=-0.1452 (folds: -0.0574, -0.0784, -0.1302, -0.3110, -0.1490)
    [trial 11] 47 features, training_days=170 | threshold=0.695 | labels: 1066 long, 1102 short (49/51%)
    [trial 11] Sharpe=-0.0361 (folds: 0.1352, -0.0970, -0.2376, -0.1629, 0.1817)
    [trial 12] 47 features, training_days=270 | threshold=0.768 | labels: 1066 long, 1102 short (49/51%)
    [trial 12] Sharpe=-0.0616 (folds: 0.2396, -0.0547, -0.0522, -0.3084, -0.1324)
    [trial 13] 47 features, training_days=350 | threshold=0.646 | labels: 1066 long, 1102 short (49/51%)
    [trial 13] Sharpe=-0.0696 (folds: 0.0075, -0.0508, -0.0103, -0.2625, -0.0322)
    [trial 14] 47 features, training_days=100 | threshold=0.661 | labels: 1066 long, 1102 short (49/51%)
    [trial 14] Sharpe=-0.1068 (folds: -0.0597, -0.0499, -0.2942, -0.1470, 0.0170)
    [trial 15] 47 features, training_days=490 | threshold=0.778 | labels: 1066 long, 1102 short (49/51%)
    [trial 15] Sharpe=-8.0286 (folds: -0.1432, -10.0000, -10.0000, -10.0000, -10.0000)
    [trial 16] 47 features, training_days=220 | threshold=0.708 | labels: 1066 long, 1102 short (49/51%)
    [trial 16] Sharpe=-0.0931 (folds: -0.0042, -0.0962, 0.0364, -0.2778, -0.1235)
    [trial 17] 47 features, training_days=110 | threshold=0.622 | labels: 1066 long, 1102 short (49/51%)
    [trial 17] Sharpe=-0.0464 (folds: 0.1796, -0.1243, -0.2762, -0.1555, 0.1444)
  Optuna: 18 trials, best Sharpe = 0.0460
  Best params: n_estimators=103, max_depth=5, lr=0.0675, leaves=52
  Best confidence_threshold: 0.811
  Best training_days: 240
  Retrained on full data (720 samples, 47 features)
  [ensemble 2/3] seed=123
    [trial 0] 47 features, training_days=150 | threshold=0.744 | labels: 1066 long, 1102 short (49/51%)
    [CV fold 0] train_end=2021-10-22 08:00 | val_start=2021-10-30 00:00 | gap=184h (22 rows)
    [CV fold 1] train_end=2022-02-19 16:00 | val_start=2022-02-27 08:00 | gap=184h (22 rows)
    [CV fold 2] train_end=2022-06-20 00:00 | val_start=2022-06-27 16:00 | gap=184h (22 rows)
    [CV fold 3] train_end=2022-10-18 08:00 | val_start=2022-10-26 00:00 | gap=184h (22 rows)
    [CV fold 4] train_end=2023-02-15 16:00 | val_start=2023-02-23 08:00 | gap=184h (22 rows)
    [trial 0] Sharpe=-0.0342 (folds: 0.1134, -0.1643, -0.0796, -0.2088, 0.1683)
    [trial 1] 47 features, training_days=220 | threshold=0.755 | labels: 1066 long, 1102 short (49/51%)
    [trial 1] Sharpe=-2.1159 (folds: 0.0016, -0.5154, 0.1338, -0.1995, -10.0000)
    [trial 2] 47 features, training_days=310 | threshold=0.754 | labels: 1066 long, 1102 short (49/51%)
    [trial 2] Sharpe=-0.1040 (folds: -0.0132, -0.1953, -0.0453, -0.2288, -0.0374)
    [trial 3] 47 features, training_days=220 | threshold=0.673 | labels: 1066 long, 1102 short (49/51%)
    [trial 3] Sharpe=-0.1135 (folds: -0.0659, -0.1410, 0.0425, -0.2373, -0.1658)
    [trial 4] 47 features, training_days=130 | threshold=0.803 | labels: 1066 long, 1102 short (49/51%)
    [trial 4] Sharpe=-0.0375 (folds: 0.0459, -0.1393, -0.0037, -0.2558, 0.1656)
    [trial 5] 47 features, training_days=210 | threshold=0.606 | labels: 1066 long, 1102 short (49/51%)
    [trial 5] Sharpe=-0.0258 (folds: 0.1152, -0.0253, -0.0228, -0.2120, 0.0158)
    [trial 6] 47 features, training_days=130 | threshold=0.767 | labels: 1066 long, 1102 short (49/51%)
    [trial 6] Sharpe=-0.0581 (folds: -0.0947, -0.0339, -0.0634, -0.2100, 0.1114)
    [trial 7] 47 features, training_days=80 | threshold=0.556 | labels: 1066 long, 1102 short (49/51%)
    [trial 7] Sharpe=-0.0608 (folds: -0.0026, -0.0468, -0.2465, -0.0466, 0.0386)
    [trial 8] 47 features, training_days=200 | threshold=0.607 | labels: 1066 long, 1102 short (49/51%)
    [trial 8] Sharpe=-0.0902 (folds: -0.0519, -0.0661, 0.0080, -0.1754, -0.1655)
    [trial 9] 47 features, training_days=260 | threshold=0.620 | labels: 1066 long, 1102 short (49/51%)
    [trial 9] Sharpe=-0.0649 (folds: 0.1603, -0.0771, 0.0127, -0.2228, -0.1974)
    [trial 10] 47 features, training_days=470 | threshold=0.534 | labels: 1066 long, 1102 short (49/51%)
    [trial 10] Sharpe=-0.0456 (folds: -0.0224, -0.0631, -0.0970, -0.1550, 0.1095)
    [trial 11] 47 features, training_days=30 | threshold=0.685 | labels: 1066 long, 1102 short (49/51%)
    [trial 11] Sharpe=-4.0718 (folds: -0.1803, -10.0000, -0.0380, -0.1409, -10.0000)
    [trial 12] 47 features, training_days=360 | threshold=0.660 | labels: 1066 long, 1102 short (49/51%)
    [trial 12] Sharpe=-0.0900 (folds: 0.0069, -0.1533, -0.0269, -0.2463, -0.0306)
    [trial 13] 47 features, training_days=140 | threshold=0.713 | labels: 1066 long, 1102 short (49/51%)
    [trial 13] Sharpe=-0.0512 (folds: 0.0523, -0.1706, -0.0582, -0.2214, 0.1416)
    [trial 14] 47 features, training_days=340 | threshold=0.599 | labels: 1066 long, 1102 short (49/51%)
    [trial 14] Sharpe=-0.0930 (folds: 0.0403, -0.1427, -0.0883, -0.2933, 0.0187)
    [trial 15] 47 features, training_days=10 | threshold=0.826 | labels: 1066 long, 1102 short (49/51%)
    [trial 15] Sharpe=-1.9350 (folds: 0.1757, 0.1993, -0.0380, -10.0000, -0.0121)
    [trial 16] 47 features, training_days=440 | threshold=0.712 | labels: 1066 long, 1102 short (49/51%)
    [trial 16] Sharpe=-0.0447 (folds: 0.1398, -0.0914, -0.0489, -0.2916, 0.0684)
    [trial 17] 47 features, training_days=170 | threshold=0.500 | labels: 1066 long, 1102 short (49/51%)
    [trial 17] Sharpe=-0.0541 (folds: -0.0133, -0.0587, -0.0918, -0.1383, 0.0316)
  Optuna: 18 trials, best Sharpe = -0.0258
  Best params: n_estimators=357, max_depth=5, lr=0.0974, leaves=40
  Best confidence_threshold: 0.606
  Best training_days: 210
  Retrained on full data (630 samples, 47 features)
  [ensemble 3/3] seed=456
    [trial 0] 47 features, training_days=90 | threshold=0.587 | labels: 1066 long, 1102 short (49/51%)
    [CV fold 0] train_end=2021-10-22 08:00 | val_start=2021-10-30 00:00 | gap=184h (22 rows)
    [CV fold 1] train_end=2022-02-19 16:00 | val_start=2022-02-27 08:00 | gap=184h (22 rows)
    [CV fold 2] train_end=2022-06-20 00:00 | val_start=2022-06-27 16:00 | gap=184h (22 rows)
    [CV fold 3] train_end=2022-10-18 08:00 | val_start=2022-10-26 00:00 | gap=184h (22 rows)
    [CV fold 4] train_end=2023-02-15 16:00 | val_start=2023-02-23 08:00 | gap=184h (22 rows)
    [trial 0] Sharpe=-0.0452 (folds: -0.0708, -0.0413, -0.1462, -0.0846, 0.1172)
    [trial 1] 47 features, training_days=290 | threshold=0.635 | labels: 1066 long, 1102 short (49/51%)
    [trial 1] Sharpe=-0.0767 (folds: 0.1539, -0.0770, -0.0967, -0.2709, -0.0927)
    [trial 2] 47 features, training_days=10 | threshold=0.585 | labels: 1066 long, 1102 short (49/51%)
    [trial 2] Sharpe=0.0811 (folds: 0.1757, 0.1993, -0.0380, 0.0805, -0.0121)
    [trial 3] 47 features, training_days=220 | threshold=0.687 | labels: 1066 long, 1102 short (49/51%)
    [trial 3] Sharpe=-0.0268 (folds: -0.0314, -0.1804, 0.0125, -0.0940, 0.1596)
    [trial 4] 47 features, training_days=300 | threshold=0.562 | labels: 1066 long, 1102 short (49/51%)
    [trial 4] Sharpe=-0.1464 (folds: 0.0542, -0.2460, -0.2029, -0.2625, -0.0749)
    [trial 5] 47 features, training_days=490 | threshold=0.711 | labels: 1066 long, 1102 short (49/51%)
    [trial 5] Sharpe=-0.0813 (folds: 0.0513, -0.1202, -0.0846, -0.2687, 0.0160)
    [trial 6] 47 features, training_days=420 | threshold=0.667 | labels: 1066 long, 1102 short (49/51%)
    [trial 6] Sharpe=-0.0686 (folds: 0.1778, -0.1865, -0.0538, -0.2830, 0.0023)
    [trial 7] 47 features, training_days=120 | threshold=0.550 | labels: 1066 long, 1102 short (49/51%)
    [trial 7] Sharpe=-0.0596 (folds: 0.0524, -0.0996, -0.1498, -0.1677, 0.0665)
    [trial 8] 47 features, training_days=450 | threshold=0.720 | labels: 1066 long, 1102 short (49/51%)[I 2026-06-01 14:58:40,610] Trial 8 finished with value: -0.026372603875731537 and parameters: {'confidence_threshold': 0.719644804808716, 'training_days': 450, 'n_estimators': 410, 'max_depth': 4, 'num_leaves': 57, 'learning_rate': 0.04022026551478857, 'subsample': 0.5336085426932707, 'colsample_bytree': 0.5705742850577543, 'min_child_samples': 100, 'reg_alpha': 5.916398047912201e-07, 'reg_lambda': 0.9794034214488329}. Best is trial 2 with value: 0.08108204347326808.
[I 2026-06-01 14:58:40,634] Trial 9 finished with value: -2.031976005912509 and parameters: {'confidence_threshold': 0.7267463643917187, 'training_days': 20, 'n_estimators': 337, 'max_depth': 5, 'num_leaves': 23, 'learning_rate': 0.022153031811454605, 'subsample': 0.6305627572358737, 'colsample_bytree': 0.6613413774216214, 'min_child_samples': 81, 'reg_alpha': 5.7638634029410314e-08, 'reg_lambda': 8.26603016764008}. Best is trial 2 with value: 0.08108204347326808.
[I 2026-06-01 14:58:40,661] Trial 10 finished with value: -1.9350245947556437 and parameters: {'confidence_threshold': 0.8398533911817929, 'training_days': 10, 'n_estimators': 228, 'max_depth': 3, 'num_leaves': 15, 'learning_rate': 0.2789359567293539, 'subsample': 0.6821883053833926, 'colsample_bytree': 0.9944479338273263, 'min_child_samples': 23, 'reg_alpha': 2.903134294418681, 'reg_lambda': 0.0032849428938367974}. Best is trial 2 with value: 0.08108204347326808.
[I 2026-06-01 14:58:40,955] Trial 11 finished with value: -0.2326360349637024 and parameters: {'confidence_threshold': 0.7828153509856826, 'training_days': 390, 'n_estimators': 478, 'max_depth': 4, 'num_leaves': 61, 'learning_rate': 0.010149195339562909, 'subsample': 0.6166034018233607, 'colsample_bytree': 0.5017024210185925, 'min_child_samples': 100, 'reg_alpha': 3.2680883584933693e-05, 'reg_lambda': 0.0116807260968321}. Best is trial 2 with value: 0.08108204347326808.
[I 2026-06-01 14:58:41,092] Trial 12 finished with value: -0.043462810131041606 and parameters: {'confidence_threshold': 0.5145853631584999, 'training_days': 190, 'n_estimators': 219, 'max_depth': 4, 'num_leaves': 61, 'learning_rate': 0.12684915465165553, 'subsample': 0.7320962322476842, 'colsample_bytree': 0.6281898303671872, 'min_child_samples': 55, 'reg_alpha': 5.232970147002359e-05, 'reg_lambda': 8.063057934030398}. Best is trial 2 with value: 0.08108204347326808.
[I 2026-06-01 14:58:41,446] Trial 13 finished with value: -0.06529855876690459 and parameters: {'confidence_threshold': 0.6227835397404168, 'training_days': 360, 'n_estimators': 494, 'max_depth': 4, 'num_leaves': 55, 'learning_rate': 0.020135881549119806, 'subsample': 0.5139920578860682, 'colsample_bytree': 0.6113466263687708, 'min_child_samples': 69, 'reg_alpha': 0.0038276563113846447, 'reg_lambda': 0.001639208128393668}. Best is trial 2 with value: 0.08108204347326808.
[I 2026-06-01 14:58:41,624] Trial 14 finished with value: -0.043310264441663415 and parameters: {'confidence_threshold': 0.7723320301796328, 'training_days': 470, 'n_estimators': 271, 'max_depth': 3, 'num_leaves': 52, 'learning_rate': 0.10984869360305231, 'subsample': 0.5958386492531017, 'colsample_bytree': 0.5833826559078662, 'min_child_samples': 89, 'reg_alpha': 0.07807168951455261, 'reg_lambda': 5.604461708154018e-06}. Best is trial 2 with value: 0.08108204347326808.
[I 2026-06-01 14:58:41,726] Trial 15 finished with value: -0.049059610441708736 and parameters: {'confidence_threshold': 0.611535442634191, 'training_days': 150, 'n_estimators': 183, 'max_depth': 3, 'num_leaves': 29, 'learning_rate': 0.1885021679928426, 'subsample': 0.694271324447796, 'colsample_bytree': 0.720332322464215, 'min_child_samples': 46, 'reg_alpha': 1.7836787545151695e-05, 'reg_lambda': 0.3962919679419177}. Best is trial 2 with value: 0.08108204347326808.
[I 2026-06-01 14:58:41,949] Trial 16 finished with value: -0.08522655089788793 and parameters: {'confidence_threshold': 0.7496213499887445, 'training_days': 340, 'n_estimators': 308, 'max_depth': 4, 'num_leaves': 53, 'learning_rate': 0.04266871908460725, 'subsample': 0.5705320469568118, 'colsample_bytree': 0.5115593579300644, 'min_child_samples': 61, 'reg_alpha': 2.153371756493987e-06, 'reg_lambda': 0.05929007036882042}. Best is trial 2 with value: 0.08108204347326808.
[I 2026-06-01 14:58:42,104] Trial 17 finished with value: -0.030552044402428792 and parameters: {'confidence_threshold': 0.5070510478759762, 'training_days': 70, 'n_estimators': 426, 'max_depth': 3, 'num_leaves': 56, 'learning_rate': 0.02201894951926673, 'subsample': 0.6718064291677197, 'colsample_bytree': 0.685659954004322, 'min_child_samples': 38, 'reg_alpha': 0.0008059760040484764, 'reg_lambda': 0.00039965744314963514}. Best is trial 2 with value: 0.08108204347326808.
[I 2026-06-01 14:58:42,612] A new study created in memory with name: no-name-6bae759d-aaa5-4c81-8459-cac8fa6ea0e2
[I 2026-06-01 14:58:42,944] Trial 0 finished with value: 0.011864054555361107 and parameters: {'confidence_threshold': 0.6310890415965769, 'training_days': 480, 'n_estimators': 380, 'max_depth': 4, 'num_leaves': 22, 'learning_rate': 0.01699897838270077, 'subsample': 0.5290418060840998, 'colsample_bytree': 0.9330880728874675, 'min_child_samples': 68, 'reg_alpha': 0.023585940584142682, 'reg_lambda': 1.5320059381854043e-08}. Best is trial 0 with value: 0.011864054555361107.
[I 2026-06-01 14:58:43,077] Trial 1 finished with value: -4.1062654207011295 and parameters: {'confidence_threshold': 0.839468448256698, 'training_days': 420, 'n_estimators': 145, 'max_depth': 3, 'num_leaves': 23, 'learning_rate': 0.028145092716060652, 'subsample': 0.762378215816119, 'colsample_bytree': 0.7159725093210578, 'min_child_samples': 43, 'reg_alpha': 0.0032112643094417484, 'reg_lambda': 1.8007140198129195e-07}. Best is trial 0 with value: 0.011864054555361107.
[I 2026-06-01 14:58:43,255] Trial 2 finished with value: -0.043806672680946575 and parameters: {'confidence_threshold': 0.6022506269873263, 'training_days': 190, 'n_estimators': 255, 'max_depth': 5, 'num_leaves': 24, 'learning_rate': 0.05748924681991978, 'subsample': 0.7962072844310213, 'colsample_bytree': 0.5232252063599989, 'min_child_samples': 69, 'reg_alpha': 3.425445902633376e-07, 'reg_lambda': 3.850031979199519e-08}. Best is trial 0 with value: 0.011864054555361107.
[I 2026-06-01 14:58:43,535] Trial 3 finished with value: -0.015510415324572206 and parameters: {'confidence_threshold': 0.8321099380386666, 'training_days': 490, 'n_estimators': 414, 'max_depth': 3, 'num_leaves': 19, 'learning_rate': 0.1024932221692416, 'subsample': 0.7200762468698007, 'colsample_bytree': 0.5610191174223894, 'min_child_samples': 60, 'reg_alpha': 2.039373116525212e-08, 'reg_lambda': 1.527156759251193}. Best is trial 0 with value: 0.011864054555361107.
[I 2026-06-01 14:58:43,689] Trial 4 finished with value: 0.011349337736629656 and parameters: {'confidence_threshold': 0.5905729935600059, 'training_days': 340, 'n_estimators': 190, 'max_depth': 4, 'num_leaves': 41, 'learning_rate': 0.01875220945578641, 'subsample': 0.9847923138822793, 'colsample_bytree': 0.8875664116805573, 'min_child_samples': 96, 'reg_alpha': 1.1309571585271483, 'reg_lambda': 0.002404915432737351}. Best is trial 0 with value: 0.011864054555361107.
[I 2026-06-01 14:58:43,729] Trial 5 finished with value: 0.12956710140940295 and parameters: {'confidence_threshold': 0.8226559822580909, 'training_days': 50, 'n_estimators': 138, 'max_depth': 3, 'num_leaves': 30, 'learning_rate': 0.03750796359625606, 'subsample': 0.6356745158869479, 'colsample_bytree': 0.9143687545759647, 'min_child_samples': 48, 'reg_alpha': 3.376063348877853e-06, 'reg_lambda': 0.0007660634613082914}. Best is trial 5 with value: 0.12956710140940295.
