[I 2026-06-01 14:59:54,756] Trial 0 finished with value: -0.05607201212157377 and parameters: {'confidence_threshold': 0.6310890415965769, 'training_days': 480, 'n_estimators': 380, 'max_depth': 4, 'num_leaves': 22, 'learning_rate': 0.01699897838270077, 'subsample': 0.5290418060840998, 'colsample_bytree': 0.9330880728874675, 'min_child_samples': 68, 'reg_alpha': 0.023585940584142682, 'reg_lambda': 1.5320059381854043e-08}. Best is trial 0 with value: -0.05607201212157377.

    [trial 3] Sharpe=0.0045 (folds: -0.0536, -0.2707, 0.1077, 0.1186, 0.1205)
    [trial 4] 47 features, training_days=300 | threshold=0.562 | labels: 1110 long, 1058 short (51/49%)
    [trial 4] Sharpe=-0.0850 (folds: -0.0566, -0.3641, 0.0887, -0.1646, 0.0715)
    [trial 5] 47 features, training_days=490 | threshold=0.711 | labels: 1110 long, 1058 short (51/49%)
    [trial 5] Sharpe=-0.0530 (folds: 0.0142, -0.3990, 0.1109, -0.1477, 0.1567)
    [trial 6] 47 features, training_days=420 | threshold=0.667 | labels: 1110 long, 1058 short (51/49%)
    [trial 6] Sharpe=-0.0181 (folds: -0.0307, -0.3411, 0.1519, 0.0141, 0.1152)
    [trial 7] 47 features, training_days=120 | threshold=0.550 | labels: 1110 long, 1058 short (51/49%)
    [trial 7] Sharpe=0.0174 (folds: 0.0923, -0.1048, -0.0397, 0.0908, 0.0481)
    [trial 8] 47 features, training_days=450 | threshold=0.720 | labels: 1110 long, 1058 short (51/49%)
    [trial 8] Sharpe=-0.0550 (folds: -0.0731, -0.3643, -0.0232, -0.0023, 0.1880)
    [trial 9] 47 features, training_days=20 | threshold=0.727 | labels: 1110 long, 1058 short (51/49%)
    [trial 9] Sharpe=-6.0189 (folds: -10.0000, -0.1813, 0.0868, -10.0000, -10.0000)
    [trial 10] 47 features, training_days=180 | threshold=0.840 | labels: 1110 long, 1058 short (51/49%)
    [trial 10] Sharpe=-0.0588 (folds: 0.0756, -0.2232, -0.0176, 0.0265, -0.1553)
    [trial 11] 47 features, training_days=170 | threshold=0.792 | labels: 1110 long, 1058 short (51/49%)
    [trial 11] Sharpe=-5.8552 (folds: -10.0000, -10.0000, -10.0000, 0.7176, 0.0065)
    [trial 12] 47 features, training_days=190 | threshold=0.515 | labels: 1110 long, 1058 short (51/49%)
    [trial 12] Sharpe=-0.0713 (folds: -0.2118, -0.0653, 0.0476, 0.0098, -0.1371)
    [trial 13] 47 features, training_days=130 | threshold=0.501 | labels: 1110 long, 1058 short (51/49%)
    [trial 13] Sharpe=-0.0282 (folds: -0.0721, -0.1223, -0.0674, 0.1476, -0.0267)
    [trial 14] 47 features, training_days=380 | threshold=0.644 | labels: 1110 long, 1058 short (51/49%)
    [trial 14] Sharpe=-0.0891 (folds: -0.1362, -0.3069, 0.0932, -0.0279, -0.0677)
    [trial 15] 47 features, training_days=250 | threshold=0.759 | labels: 1110 long, 1058 short (51/49%)
    [trial 15] Sharpe=-0.0429 (folds: 0.0625, -0.7989, -0.0249, 0.2607, 0.2862)
    [trial 16] 47 features, training_days=70 | threshold=0.610 | labels: 1110 long, 1058 short (51/49%)
    [trial 16] Sharpe=-0.0863 (folds: -0.0502, -0.1651, 0.0752, -0.0481, -0.2431)
    [trial 17] 47 features, training_days=250 | threshold=0.542 | labels: 1110 long, 1058 short (51/49%)
    [trial 17] Sharpe=-0.0131 (folds: -0.0097, -0.2567, -0.0207, 0.0588, 0.1626)
  Optuna: 18 trials, best Sharpe = 0.0174
  Best params: n_estimators=408, max_depth=5, lr=0.2805, leaves=38
  Best confidence_threshold: 0.550
  Best training_days: 120
  Retrained on full data (360 samples, 47 features)
  OOD: 16 features, cutoff (q=0.7) = 11.43
  Model trained for 2024-02: 87 test candles with features, confidence_threshold=0.657
[trade:close] 2024-02-07 08:00 BTCUSDT SHORT → timeout @ 42904.90 | PnL=+0.29% (net +0.19%) | cum=-11.36% 2024-02=+0.19% 2024-02-07=+0.19%
[predict] 2024-02-10 08:00 BTCUSDT → SHORT (proba=0.85 TP=5.8%/SL=2.9%)
[trade:open] 2024-02-10 15:59 BTCUSDT SHORT @ 47332.00 | SL=48710.77 TP=44574.46 | timeout=2024-02-17 15:59
[trade:close] 2024-02-12 07:59 BTCUSDT SHORT → stop_loss @ 48710.77 | PnL=-2.91% (net -3.01%) | cum=-14.38% 2024-02=-2.82% 2024-02-12=-3.01%
[predict] 2024-02-13 08:00 BTCUSDT → SHORT (proba=0.86 TP=7.3%/SL=3.6%)
[trade:open] 2024-02-13 15:59 BTCUSDT SHORT @ 48753.10 | SL=50528.84 TP=45201.61 | timeout=2024-02-20 15:59
[trade:close] 2024-02-14 15:59 BTCUSDT SHORT → stop_loss @ 50528.84 | PnL=-3.64% (net -3.74%) | cum=-18.12% 2024-02=-6.56% 2024-02-14=-3.74%
[predict] 2024-02-19 16:00 BTCUSDT → SHORT (proba=0.80 TP=5.7%/SL=2.8%)
[trade:open] 2024-02-19 23:59 BTCUSDT SHORT @ 51813.80 | SL=53278.67 TP=48884.07 | timeout=2024-02-26 23:59
[trade:close] 2024-02-26 23:59 BTCUSDT SHORT → stop_loss @ 53278.67 | PnL=-2.83% (net -2.93%) | cum=-21.04% 2024-02=-9.49% 2024-02-26=-2.93%
[lgbm] === Training for 2024-03 ===
  Train window: 2022-03-01 → 2024-02-22
  2171 training samples from 1 symbols
  Samples per month: 2022-03: 93, 2022-04: 90, 2022-05: 93, 2022-06: 90, 2022-07: 93, 2022-08: 93, 2022-09: 90, 2022-10: 93, 2022-11: 90, 2022-12: 93, 2023-01: 93, 2023-02: 84, 2023-03: 93, 2023-04: 90, 2023-05: 93, 2023-06: 90, 2023-07: 93, 2023-08: 93, 2023-09: 90, 2023-10: 93, 2023-11: 90, 2023-12: 93, 2024-01: 93, 2024-02: 65
  [label] 2022-05-01 16:00 BTCUSDT entry=38440.5000 → SHORT | long=sl(-4.29%) short=sl(-4.29%) | scanned=11 | no_tp→fwd_return=-4.0429
  [label] 2022-05-04 00:00 BTCUSDT entry=38673.1000 → SHORT | long=sl(-4.02%) short=tp(+7.74%) | scanned=4 | short_tp_only
  [label] 2022-05-07 16:00 BTCUSDT entry=35466.7000 → SHORT | long=sl(-5.10%) short=tp(+9.89%) | scanned=6 | short_tp_only
  [label] 2022-06-01 08:00 BTCUSDT entry=30733.7000 → SHORT | long=sl(-4.90%) short=timeout(+0.80%) | scanned=22 | no_tp→fwd_return=-0.8971
  [label] 2022-07-24 00:00 BTCUSDT entry=22692.4000 → LONG | long=sl(-6.03%) short=sl(-6.03%) | scanned=14 | no_tp→fwd_return=+5.0405
  [label] 2023-01-06 00:00 BTCUSDT entry=16785.6000 → LONG | long=tp(+2.72%) short=sl(-1.51%) | scanned=10 | long_tp_only
  [label] 2023-01-10 00:00 BTCUSDT entry=17194.7000 → LONG | long=tp(+2.73%) short=sl(-1.51%) | scanned=5 | long_tp_only
  [label] 2023-01-20 16:00 BTCUSDT entry=22661.1000 → LONG | long=timeout(+1.70%) short=sl(-4.50%) | scanned=22 | no_tp→fwd_return=+1.7956
  [label] 2023-03-06 16:00 BTCUSDT entry=22397.1000 → SHORT | long=sl(-2.94%) short=tp(+5.57%) | scanned=9 | short_tp_only
  [label] 2023-03-15 08:00 BTCUSDT entry=24480.1000 → LONG | long=tp(+14.45%) short=sl(-7.38%) | scanned=13 | long_tp_only
  [label] 2023-06-13 16:00 BTCUSDT entry=25918.0000 → LONG | long=sl(-3.07%) short=sl(-3.07%) | scanned=10 | no_tp→fwd_return=+2.5835
  [label] 2023-07-15 16:00 BTCUSDT entry=30276.4000 → SHORT | long=sl(-2.82%) short=timeout(+1.53%) | scanned=22 | no_tp→fwd_return=-1.6280
  [label] 2023-08-01 00:00 BTCUSDT entry=28921.2000 → LONG | long=tp(+3.39%) short=sl(-1.84%) | scanned=3 | long_tp_only
  [label] 2023-08-13 16:00 BTCUSDT entry=29293.3000 → SHORT | long=sl(-1.37%) short=sl(-1.37%) | scanned=9 | no_tp→fwd_return=-1.9762
  [label] 2023-09-01 00:00 BTCUSDT entry=25975.2000 → LONG | long=timeout(+0.94%) short=timeout(-1.14%) | scanned=22 | no_tp→fwd_return=+1.0352
  [label] 2023-09-07 08:00 BTCUSDT entry=25766.7000 → SHORT | long=sl(-2.29%) short=sl(-2.29%) | scanned=12 | no_tp→fwd_return=-2.5777
  [label] 2023-09-19 16:00 BTCUSDT entry=27196.0000 → SHORT | long=sl(-2.77%) short=timeout(+3.53%) | scanned=22 | no_tp→fwd_return=-3.6299
  [label] 2023-10-29 08:00 BTCUSDT entry=34462.5000 → LONG | long=timeout(+1.15%) short=sl(-3.61%) | scanned=22 | no_tp→fwd_return=+1.2518
  [label] 2023-11-08 00:00 BTCUSDT entry=35239.6000 → LONG | long=tp(+5.85%) short=sl(-3.08%) | scanned=4 | long_tp_only
  [label] 2024-02-02 08:00 BTCUSDT entry=43222.9000 → LONG | long=tp(+6.56%) short=sl(-3.43%) | scanned=20 | long_tp_only
  Labels: 1143 long (52.6%), 1028 short (47.4%) | weights: min=1.00, mean=2.87, max=10.00
  Features: 2171/2171 matched, 47 columns
  CV gap: 22 rows
  [ensemble 1/3] seed=42
    [trial 0] 47 features, training_days=480 | threshold=0.631 | labels: 1143 long, 1028 short (53/47%)
    [CV fold 0] train_end=2022-06-23 08:00 | val_start=2022-07-01 00:00 | gap=184h (22 rows)
    [CV fold 1] train_end=2022-10-21 16:00 | val_start=2022-10-29 08:00 | gap=184h (22 rows)
    [CV fold 2] train_end=2023-02-19 00:00 | val_start=2023-02-26 16:00 | gap=184h (22 rows)
    [CV fold 3] train_end=2023-06-19 08:00 | val_start=2023-06-27 00:00 | gap=184h (22 rows)
    [CV fold 4] train_end=2023-10-17 16:00 | val_start=2023-10-25 08:00 | gap=184h (22 rows)
    [trial 0] Sharpe=-0.0561 (folds: -0.2923, -0.1565, -0.0719, 0.2527, -0.0123)
    [trial 1] 47 features, training_days=420 | threshold=0.839 | labels: 1143 long, 1028 short (53/47%)[I 2026-06-01 14:59:54,872] Trial 1 finished with value: -6.0970571278597365 and parameters: {'confidence_threshold': 0.839468448256698, 'training_days': 420, 'n_estimators': 145, 'max_depth': 3, 'num_leaves': 23, 'learning_rate': 0.028145092716060652, 'subsample': 0.762378215816119, 'colsample_bytree': 0.7159725093210578, 'min_child_samples': 43, 'reg_alpha': 0.0032112643094417484, 'reg_lambda': 1.8007140198129195e-07}. Best is trial 0 with value: -0.05607201212157377.
[I 2026-06-01 14:59:55,020] Trial 2 finished with value: -0.07988602735218606 and parameters: {'confidence_threshold': 0.6022506269873263, 'training_days': 190, 'n_estimators': 255, 'max_depth': 5, 'num_leaves': 24, 'learning_rate': 0.05748924681991978, 'subsample': 0.7962072844310213, 'colsample_bytree': 0.5232252063599989, 'min_child_samples': 69, 'reg_alpha': 3.425445902633376e-07, 'reg_lambda': 3.850031979199519e-08}. Best is trial 0 with value: -0.05607201212157377.
[I 2026-06-01 14:59:55,299] Trial 3 finished with value: -0.06727363275787204 and parameters: {'confidence_threshold': 0.8321099380386666, 'training_days': 490, 'n_estimators': 414, 'max_depth': 3, 'num_leaves': 19, 'learning_rate': 0.1024932221692416, 'subsample': 0.7200762468698007, 'colsample_bytree': 0.5610191174223894, 'min_child_samples': 60, 'reg_alpha': 2.039373116525212e-08, 'reg_lambda': 1.527156759251193}. Best is trial 0 with value: -0.05607201212157377.
[I 2026-06-01 14:59:55,451] Trial 4 finished with value: -0.07690742143564869 and parameters: {'confidence_threshold': 0.5905729935600059, 'training_days': 340, 'n_estimators': 190, 'max_depth': 4, 'num_leaves': 41, 'learning_rate': 0.01875220945578641, 'subsample': 0.9847923138822793, 'colsample_bytree': 0.8875664116805573, 'min_child_samples': 96, 'reg_alpha': 1.1309571585271483, 'reg_lambda': 0.002404915432737351}. Best is trial 0 with value: -0.05607201212157377.
[I 2026-06-01 14:59:55,490] Trial 5 finished with value: -2.4715994865725133 and parameters: {'confidence_threshold': 0.8226559822580909, 'training_days': 50, 'n_estimators': 138, 'max_depth': 3, 'num_leaves': 30, 'learning_rate': 0.03750796359625606, 'subsample': 0.6356745158869479, 'colsample_bytree': 0.9143687545759647, 'min_child_samples': 48, 'reg_alpha': 3.376063348877853e-06, 'reg_lambda': 0.0007660634613082914}. Best is trial 0 with value: -0.05607201212157377.
[I 2026-06-01 14:59:55,605] Trial 6 finished with value: -0.12190767598732895 and parameters: {'confidence_threshold': 0.5493234787411669, 'training_days': 410, 'n_estimators': 83, 'max_depth': 5, 'num_leaves': 52, 'learning_rate': 0.019657448966046126, 'subsample': 0.5027610585618012, 'colsample_bytree': 0.9077307142274171, 'min_child_samples': 77, 'reg_alpha': 0.03639690979811287, 'reg_lambda': 0.08738424135626986}. Best is trial 0 with value: -0.05607201212157377.
[I 2026-06-01 14:59:55,712] Trial 7 finished with value: -0.09674959269037128 and parameters: {'confidence_threshold': 0.5259156281069316, 'training_days': 180, 'n_estimators': 102, 'max_depth': 5, 'num_leaves': 45, 'learning_rate': 0.030816017044468066, 'subsample': 0.5317791751430119, 'colsample_bytree': 0.6554911608578311, 'min_child_samples': 46, 'reg_alpha': 0.036851536911881845, 'reg_lambda': 0.005470376807480391}. Best is trial 0 with value: -0.05607201212157377.
[I 2026-06-01 14:59:55,819] Trial 8 finished with value: -0.1164601512132238 and parameters: {'confidence_threshold': 0.8105244599017143, 'training_days': 240, 'n_estimators': 103, 'max_depth': 5, 'num_leaves': 52, 'learning_rate': 0.06746437142284309, 'subsample': 0.8854835899772805, 'colsample_bytree': 0.7468977981821954, 'min_child_samples': 62, 'reg_alpha': 7.04480806377519e-05, 'reg_lambda': 1.6934490731313353e-08}. Best is trial 0 with value: -0.05607201212157377.
[I 2026-06-01 14:59:55,843] Trial 9 finished with value: 0.06030604053319559 and parameters: {'confidence_threshold': 0.5377619994476566, 'training_days': 20, 'n_estimators': 337, 'max_depth': 3, 'num_leaves': 39, 'learning_rate': 0.21907142272152816, 'subsample': 0.6246461145744375, 'colsample_bytree': 0.7051914615178149, 'min_child_samples': 81, 'reg_alpha': 1.1459970229341322e-06, 'reg_lambda': 4.929685216887945e-08}. Best is trial 9 with value: 0.06030604053319559.
[I 2026-06-01 14:59:55,874] Trial 10 finished with value: -0.15818909993093816 and parameters: {'confidence_threshold': 0.7449289185605341, 'training_days': 10, 'n_estimators': 487, 'max_depth': 3, 'num_leaves': 61, 'learning_rate': 0.21914469472126635, 'subsample': 0.628963476300746, 'colsample_bytree': 0.8189858776055304, 'min_child_samples': 27, 'reg_alpha': 2.8948477959263623e-05, 'reg_lambda': 3.3639426888455256e-06}. Best is trial 9 with value: 0.06030604053319559.
[I 2026-06-01 14:59:55,982] Trial 11 finished with value: -0.038963382614534026 and parameters: {'confidence_threshold': 0.6624337232857749, 'training_days': 110, 'n_estimators': 346, 'max_depth': 4, 'num_leaves': 33, 'learning_rate': 0.010397937137834207, 'subsample': 0.6089267919181687, 'colsample_bytree': 0.6488333531327133, 'min_child_samples': 84, 'reg_alpha': 3.662834835098572, 'reg_lambda': 7.868729181011707e-06}. Best is trial 9 with value: 0.06030604053319559.
[I 2026-06-01 14:59:56,083] Trial 12 finished with value: -0.025893525110015515 and parameters: {'confidence_threshold': 0.6957207487281538, 'training_days': 110, 'n_estimators': 333, 'max_depth': 4, 'num_leaves': 34, 'learning_rate': 0.010642679600809507, 'subsample': 0.6374168483868633, 'colsample_bytree': 0.6156442962086163, 'min_child_samples': 90, 'reg_alpha': 5.7716388202492235, 'reg_lambda': 8.348297043432798e-06}. Best is trial 9 with value: 0.06030604053319559.
[I 2026-06-01 14:59:56,163] Trial 13 finished with value: -0.028197911762793893 and parameters: {'confidence_threshold': 0.7247468494744428, 'training_days': 100, 'n_estimators': 308, 'max_depth': 4, 'num_leaves': 34, 'learning_rate': 0.24147993296019718, 'subsample': 0.6913696219729398, 'colsample_bytree': 0.6230117253041366, 'min_child_samples': 98, 'reg_alpha': 2.5487834077941937e-08, 'reg_lambda': 1.3472797234352198e-05}. Best is trial 9 with value: 0.06030604053319559.
[I 2026-06-01 14:59:56,243] Trial 14 finished with value: -0.05182042044700889 and parameters: {'confidence_threshold': 0.7167258006974598, 'training_days': 100, 'n_estimators': 252, 'max_depth': 3, 'num_leaves': 45, 'learning_rate': 0.13230008178761807, 'subsample': 0.5971976112903491, 'colsample_bytree': 0.8091862388387663, 'min_child_samples': 86, 'reg_alpha': 0.0007651192729502414, 'reg_lambda': 6.036141982974625e-07}. Best is trial 9 with value: 0.06030604053319559.
[I 2026-06-01 14:59:56,277] Trial 15 finished with value: -0.15818909993093816 and parameters: {'confidence_threshold': 0.503124239209782, 'training_days': 10, 'n_estimators': 427, 'max_depth': 4, 'num_leaves': 38, 'learning_rate': 0.12152511108551602, 'subsample': 0.8218996426176777, 'colsample_bytree': 0.5884006261684495, 'min_child_samples': 87, 'reg_alpha': 2.492303987055042e-06, 'reg_lambda': 7.482879404932238e-05}. Best is trial 9 with value: 0.06030604053319559.
[I 2026-06-01 14:59:56,416] Trial 16 finished with value: -0.028514365162737705 and parameters: {'confidence_threshold': 0.6801106530278892, 'training_days': 140, 'n_estimators': 318, 'max_depth': 4, 'num_leaves': 27, 'learning_rate': 0.29731905091310756, 'subsample': 0.6751566650652879, 'colsample_bytree': 0.7070847955889696, 'min_child_samples': 76, 'reg_alpha': 2.7097658833306566e-07, 'reg_lambda': 6.20396388303029e-07}. Best is trial 9 with value: 0.06030604053319559.
[I 2026-06-01 14:59:56,543] Trial 17 finished with value: -0.2845072544913097 and parameters: {'confidence_threshold': 0.7611484084321937, 'training_days': 290, 'n_estimators': 198, 'max_depth': 3, 'num_leaves': 15, 'learning_rate': 0.010425658055299656, 'subsample': 0.5838534260587585, 'colsample_bytree': 0.9956385980717998, 'min_child_samples': 93, 'reg_alpha': 8.549795724144463, 'reg_lambda': 4.279147997569392e-05}. Best is trial 9 with value: 0.06030604053319559.
[I 2026-06-01 14:59:56,846] A new study created in memory with name: no-name-42738685-d456-4a7a-b884-c70cc17d2f53
[I 2026-06-01 14:59:56,946] Trial 0 finished with value: -0.08003663671019905 and parameters: {'confidence_threshold': 0.7437642149592516, 'training_days': 150, 'n_estimators': 152, 'max_depth': 4, 'num_leaves': 50, 'learning_rate': 0.04216766425047743, 'subsample': 0.9903820991923078, 'colsample_bytree': 0.8424148692924316, 'min_child_samples': 58, 'reg_alpha': 3.381097259762742e-05, 'reg_lambda': 1.2263152961306247e-05}. Best is trial 0 with value: -0.08003663671019905.
[I 2026-06-01 14:59:57,018] Trial 1 finished with value: -3.8296151701040095 and parameters: {'confidence_threshold': 0.7551673975844145, 'training_days': 220, 'n_estimators': 76, 'max_depth': 4, 'num_leaves': 51, 'learning_rate': 0.018602118810743477, 'subsample': 0.5877258780737462, 'colsample_bytree': 0.7657756869209191, 'min_child_samples': 63, 'reg_alpha': 0.005123994170264194, 'reg_lambda': 0.44145470178120466}. Best is trial 0 with value: -0.08003663671019905.
[I 2026-06-01 14:59:57,299] Trial 2 finished with value: -0.0624147640545876 and parameters: {'confidence_threshold': 0.7535593637012223, 'training_days': 310, 'n_estimators': 375, 'max_depth': 3, 'num_leaves': 32, 'learning_rate': 0.021735641882032388, 'subsample': 0.6468570231944146, 'colsample_bytree': 0.8154880619272439, 'min_child_samples': 27, 'reg_alpha': 8.004064028491336e-05, 'reg_lambda': 7.546835261630524e-05}. Best is trial 2 with value: -0.0624147640545876.
[I 2026-06-01 14:59:57,479] Trial 3 finished with value: -0.03589852055179183 and parameters: {'confidence_threshold': 0.6727897841776072, 'training_days': 220, 'n_estimators': 190, 'max_depth': 4, 'num_leaves': 58, 'learning_rate': 0.24810689332636193, 'subsample': 0.7509183379421682, 'colsample_bytree': 0.8119764758960556, 'min_child_samples': 29, 'reg_alpha': 7.1708285081421445e-06, 'reg_lambda': 5.412973582738627e-05}. Best is trial 3 with value: -0.03589852055179183.
[I 2026-06-01 14:59:57,604] Trial 4 finished with value: -0.043732675223507045 and parameters: {'confidence_threshold': 0.803208205259178, 'training_days': 130, 'n_estimators': 267, 'max_depth': 5, 'num_leaves': 40, 'learning_rate': 0.08041175317374143, 'subsample': 0.5603143329951619, 'colsample_bytree': 0.9131704002534167, 'min_child_samples': 68, 'reg_alpha': 0.0008046593428183385, 'reg_lambda': 1.2158346158765583e-05}. Best is trial 3 with value: -0.03589852055179183.
[I 2026-06-01 14:59:57,837] Trial 5 finished with value: -0.0852833619570095 and parameters: {'confidence_threshold': 0.6064422761595144, 'training_days': 210, 'n_estimators': 357, 'max_depth': 5, 'num_leaves': 40, 'learning_rate': 0.0974221287220869, 'subsample': 0.7929682762811064, 'colsample_bytree': 0.8124517510478, 'min_child_samples': 74, 'reg_alpha': 0.3811377260781234, 'reg_lambda': 5.607314238392041e-08}. Best is trial 3 with value: -0.03589852055179183.
[I 2026-06-01 14:59:57,954] Trial 6 finished with value: -0.06104021065365857 and parameters: {'confidence_threshold': 0.7672889945051684, 'training_days': 130, 'n_estimators': 137, 'max_depth': 4, 'num_leaves': 19, 'learning_rate': 0.2031117614248665, 'subsample': 0.8136244860256343, 'colsample_bytree': 0.8617081790949774, 'min_child_samples': 21, 'reg_alpha': 0.002238138278733199, 'reg_lambda': 0.001025809534977322}. Best is trial 3 with value: -0.03589852055179183.
[I 2026-06-01 14:59:58,025] Trial 7 finished with value: -0.032628259655835656 and parameters: {'confidence_threshold': 0.555635875450653, 'training_days': 80, 'n_estimators': 363, 'max_depth': 3, 'num_leaves': 48, 'learning_rate': 0.06590089024008658, 'subsample': 0.6944752870615722, 'colsample_bytree': 0.962566244806993, 'min_child_samples': 88, 'reg_alpha': 1.6465620446426067e-05, 'reg_lambda': 2.4678750890085655e-08}. Best is trial 7 with value: -0.032628259655835656.
[I 2026-06-01 14:59:58,366] Trial 8 finished with value: -0.10839526210825441 and parameters: {'confidence_threshold': 0.6066688256938841, 'training_days': 200, 'n_estimators': 367, 'max_depth': 5, 'num_leaves': 32, 'learning_rate': 0.13377519215934996, 'subsample': 0.7965884582811106, 'colsample_bytree': 0.8458508993500886, 'min_child_samples': 32, 'reg_alpha': 3.889436043816386e-05, 'reg_lambda': 1.4713062489380356e-06}. Best is trial 7 with value: -0.032628259655835656.
[I 2026-06-01 14:59:58,585] Trial 9 finished with value: -0.08942505499275877 and parameters: {'confidence_threshold': 0.6202096049169137, 'training_days': 260, 'n_estimators': 350, 'max_depth': 3, 'num_leaves': 21, 'learning_rate': 0.02989540198065364, 'subsample': 0.8307821683331218, 'colsample_bytree': 0.923253112635361, 'min_child_samples': 64, 'reg_alpha': 0.4898604619604203, 'reg_lambda': 2.9076377687066166e-05}. Best is trial 7 with value: -0.032628259655835656.
[I 2026-06-01 14:59:58,616] Trial 10 finished with value: -0.15818909993093816 and parameters: {'confidence_threshold': 0.5248809389721337, 'training_days': 10, 'n_estimators': 493, 'max_depth': 3, 'num_leaves': 63, 'learning_rate': 0.010221918552934462, 'subsample': 0.667749445701178, 'colsample_bytree': 0.6202684210924141, 'min_child_samples': 99, 'reg_alpha': 1.3884210513841762e-08, 'reg_lambda': 0.02273343343290072}. Best is trial 7 with value: -0.032628259655835656.
