[I 2026-06-01 15:02:38,358] Trial 10 finished with value: -2.0251174607444216 and parameters: {'confidence_threshold': 0.7449289185605341, 'training_days': 10, 'n_estimators': 487, 'max_depth': 3, 'num_leaves': 61, 'learning_rate': 0.21914469472126635, 'subsample': 0.628963476300746, 'colsample_bytree': 0.8189858776055304, 'min_child_samples': 27, 'reg_alpha': 2.8948477959263623e-05, 'reg_lambda': 3.3639426888455256e-06}. Best is trial 9 with value: -0.04875149876002059.
[I 2026-06-01 15:02:38,608] Trial 11 finished with value: -0.11217718236895494 and parameters: {'confidence_threshold': 0.5031729138375424, 'training_days': 350, 'n_estimators': 327, 'max_depth': 4, 'num_leaves': 52, 'learning_rate': 0.010432023013264416, 'subsample': 0.6089267919181687, 'colsample_bytree': 0.8279718712234718, 'min_child_samples': 89, 'reg_alpha': 4.018687704804354, 'reg_lambda': 0.5855213887055177}. Best is trial 9 with value: -0.04875149876002059.
[I 2026-06-01 15:02:38,730] Trial 12 finished with value: -0.06261882517420703 and parameters: {'confidence_threshold': 0.5524132565058795, 'training_days': 140, 'n_estimators': 228, 'max_depth': 4, 'num_leaves': 33, 'learning_rate': 0.2959628420607887, 'subsample': 0.5392311924833902, 'colsample_bytree': 0.9955462072303609, 'min_child_samples': 84, 'reg_alpha': 0.0010435482830539913, 'reg_lambda': 3.06242583717076e-05}. Best is trial 9 with value: -0.04875149876002059.
[I 2026-06-01 15:02:38,824] Trial 13 finished with value: -0.027573885939090735 and parameters: {'confidence_threshold': 0.694422166807498, 'training_days': 100, 'n_estimators': 252, 'max_depth': 4, 'num_leaves': 34, 'learning_rate': 0.2950774808798458, 'subsample': 0.6864507539038798, 'colsample_bytree': 0.999506181277545, 'min_child_samples': 83, 'reg_alpha': 0.0005546971598227377, 'reg_lambda': 4.448098583586055e-06}. Best is trial 13 with value: -0.027573885939090735.
[I 2026-06-01 15:02:38,894] Trial 14 finished with value: -0.015024919998325264 and parameters: {'confidence_threshold': 0.7002258235541601, 'training_days': 90, 'n_estimators': 315, 'max_depth': 3, 'num_leaves': 34, 'learning_rate': 0.15242757712081229, 'subsample': 0.7082631669908994, 'colsample_bytree': 0.6527938403700684, 'min_child_samples': 100, 'reg_alpha': 1.5812914597529304e-06, 'reg_lambda': 1.9278048330070584e-06}. Best is trial 14 with value: -0.015024919998325264.
[I 2026-06-01 15:02:38,966] Trial 15 finished with value: -0.01670883233862159 and parameters: {'confidence_threshold': 0.6999602540702687, 'training_days': 100, 'n_estimators': 298, 'max_depth': 4, 'num_leaves': 32, 'learning_rate': 0.12423234222708113, 'subsample': 0.702917998069562, 'colsample_bytree': 0.6099080232554385, 'min_child_samples': 100, 'reg_alpha': 1.153442279398519e-08, 'reg_lambda': 3.169602830874542e-06}. Best is trial 14 with value: -0.015024919998325264.
[I 2026-06-01 15:02:39,053] Trial 16 finished with value: -0.08109627161863264 and parameters: {'confidence_threshold': 0.7075249014286317, 'training_days': 110, 'n_estimators': 311, 'max_depth': 4, 'num_leaves': 30, 'learning_rate': 0.11147389633421295, 'subsample': 0.8394375931626854, 'colsample_bytree': 0.6142391738700317, 'min_child_samples': 99, 'reg_alpha': 1.0114078289185787e-08, 'reg_lambda': 6.39730551066315e-05}. Best is trial 14 with value: -0.015024919998325264.

  Optuna: 18 trials, best Sharpe = 0.1524
  Best params: n_estimators=275, max_depth=4, lr=0.0156, leaves=18
  Best confidence_threshold: 0.795
  Best training_days: 350
  Retrained on full data (1050 samples, 47 features)
  OOD: 16 features, cutoff (q=0.7) = 9.28
  Model trained for 2025-04: 90 test candles with features, confidence_threshold=0.777
[predict] 2025-04-11 00:00 BTCUSDT → SHORT (proba=0.79 TP=12.0%/SL=6.0%)
[trade:open] 2025-04-11 07:59 BTCUSDT SHORT @ 81213.60 | SL=86071.90 TP=71497.00 | timeout=2025-04-18 07:59
[trade:close] 2025-04-13 07:59 BTCUSDT SHORT → stop_loss @ 86071.90 | PnL=-5.98% (net -6.08%) | cum=-23.80% 2025-04=-6.08% 2025-04-13=-6.08%
[predict] 2025-04-21 00:00 BTCUSDT → SHORT (proba=0.85 TP=5.2%/SL=2.6%)
[trade:open] 2025-04-21 07:59 BTCUSDT SHORT @ 87400.60 | SL=89677.06 TP=82847.69 | timeout=2025-04-28 07:59
[trade:close] 2025-04-22 15:59 BTCUSDT SHORT → stop_loss @ 89677.06 | PnL=-2.60% (net -2.70%) | cum=-26.50% 2025-04=-8.79% 2025-04-22=-2.70%
[predict] 2025-04-25 00:00 BTCUSDT → SHORT (proba=0.79 TP=6.6%/SL=3.3%)
[trade:open] 2025-04-25 07:59 BTCUSDT SHORT @ 93734.00 | SL=96815.20 TP=87571.61 | timeout=2025-05-02 07:59
[lgbm] === Training for 2025-05 ===
  Train window: 2023-05-01 → 2025-04-23
  2171 training samples from 1 symbols
  Samples per month: 2023-05: 93, 2023-06: 90, 2023-07: 93, 2023-08: 93, 2023-09: 90, 2023-10: 93, 2023-11: 90, 2023-12: 93, 2024-01: 93, 2024-02: 87, 2024-03: 93, 2024-04: 90, 2024-05: 93, 2024-06: 90, 2024-07: 93, 2024-08: 93, 2024-09: 90, 2024-10: 93, 2024-11: 90, 2024-12: 93, 2025-01: 93, 2025-02: 84, 2025-03: 93, 2025-04: 68
  [label] 2023-07-01 16:00 BTCUSDT entry=30573.6000 → SHORT | long=timeout(-1.10%) short=sl(-3.31%) | scanned=22 | no_tp→fwd_return=-0.9953
  [label] 2023-07-04 00:00 BTCUSDT entry=30902.3000 → SHORT | long=sl(-2.95%) short=timeout(+1.11%) | scanned=22 | no_tp→fwd_return=-1.2096
  [label] 2023-07-07 16:00 BTCUSDT entry=30327.9000 → SHORT | long=timeout(-0.21%) short=sl(-3.27%) | scanned=22 | no_tp→fwd_return=-0.1141
  [label] 2023-08-01 08:00 BTCUSDT entry=28942.9000 → LONG | long=tp(+3.55%) short=sl(-1.92%) | scanned=2 | long_tp_only
  [label] 2023-09-23 00:00 BTCUSDT entry=26572.0000 → LONG | long=sl(-2.29%) short=sl(-2.29%) | scanned=17 | no_tp→fwd_return=+1.6551
  [label] 2024-03-07 00:00 BTCUSDT entry=66447.8000 → LONG | long=timeout(+10.18%) short=sl(-6.68%) | scanned=22 | no_tp→fwd_return=+10.2831
  [label] 2024-03-11 00:00 BTCUSDT entry=71223.8000 → SHORT | long=sl(-5.19%) short=timeout(+4.06%) | scanned=22 | no_tp→fwd_return=-4.1572
  [label] 2024-03-21 16:00 BTCUSDT entry=65539.9000 → LONG | long=timeout(+7.98%) short=sl(-7.31%) | scanned=22 | no_tp→fwd_return=+8.0848
  [label] 2024-05-05 16:00 BTCUSDT entry=63988.0000 → SHORT | long=sl(-4.34%) short=timeout(+3.86%) | scanned=22 | no_tp→fwd_return=-3.9573
  [label] 2024-05-14 08:00 BTCUSDT entry=61749.9000 → LONG | long=tp(+6.89%) short=sl(-3.60%) | scanned=4 | long_tp_only
  [label] 2024-08-12 16:00 BTCUSDT entry=59323.6000 → LONG | long=timeout(+0.03%) short=timeout(-0.23%) | scanned=22 | no_tp→fwd_return=+0.1263
  [label] 2024-09-13 16:00 BTCUSDT entry=60456.2000 → LONG | long=sl(-3.96%) short=sl(-3.96%) | scanned=17 | no_tp→fwd_return=+4.4211
  [label] 2024-09-30 00:00 BTCUSDT entry=64539.1000 → SHORT | long=sl(-2.56%) short=tp(+4.82%) | scanned=5 | short_tp_only
  [label] 2024-10-12 16:00 BTCUSDT entry=63176.0000 → LONG | long=tp(+5.79%) short=sl(-3.05%) | scanned=8 | long_tp_only
  [label] 2024-10-31 00:00 BTCUSDT entry=72417.8000 → SHORT | long=sl(-2.92%) short=tp(+5.53%) | scanned=9 | short_tp_only
  [label] 2024-11-06 08:00 BTCUSDT entry=74289.6000 → LONG | long=tp(+8.84%) short=sl(-4.57%) | scanned=13 | long_tp_only
  [label] 2024-11-18 16:00 BTCUSDT entry=90507.4000 → LONG | long=tp(+9.69%) short=sl(-5.00%) | scanned=10 | long_tp_only
  [label] 2024-12-28 08:00 BTCUSDT entry=94407.7000 → LONG | long=timeout(+3.31%) short=sl(-3.95%) | scanned=22 | no_tp→fwd_return=+3.4064
  [label] 2025-01-07 00:00 BTCUSDT entry=101649.3000 → SHORT | long=sl(-2.85%) short=tp(+5.40%) | scanned=3 | short_tp_only
  [label] 2025-04-03 08:00 BTCUSDT entry=82001.8000 → SHORT | long=sl(-4.55%) short=tp(+8.81%) | scanned=11 | short_tp_only
  Labels: 1191 long (54.9%), 980 short (45.1%) | weights: min=1.00, mean=3.51, max=10.00
  Features: 2171/2171 matched, 47 columns
  CV gap: 22 rows
  [ensemble 1/3] seed=42
    [trial 0] 47 features, training_days=480 | threshold=0.631 | labels: 1191 long, 980 short (55/45%)
    [CV fold 0] train_end=2023-08-23 08:00 | val_start=2023-08-31 00:00 | gap=184h (22 rows)
    [CV fold 1] train_end=2023-12-21 16:00 | val_start=2023-12-29 08:00 | gap=184h (22 rows)
    [CV fold 2] train_end=2024-04-20 00:00 | val_start=2024-04-27 16:00 | gap=184h (22 rows)
    [CV fold 3] train_end=2024-08-18 08:00 | val_start=2024-08-26 00:00 | gap=184h (22 rows)
    [CV fold 4] train_end=2024-12-16 16:00 | val_start=2024-12-24 08:00 | gap=184h (22 rows)
    [trial 0] Sharpe=-0.0794 (folds: -0.2926, 0.0905, -0.0324, 0.1480, -0.3102)
    [trial 1] 47 features, training_days=420 | threshold=0.839 | labels: 1191 long, 980 short (55/45%)
    [trial 1] Sharpe=-4.0861 (folds: -0.9179, 0.3712, 0.1162, -10.0000, -10.0000)
    [trial 2] 47 features, training_days=190 | threshold=0.602 | labels: 1191 long, 980 short (55/45%)
    [trial 2] Sharpe=-0.1328 (folds: -0.2438, 0.0011, -0.0808, -0.1029, -0.2376)
    [trial 3] 47 features, training_days=490 | threshold=0.832 | labels: 1191 long, 980 short (55/45%)
    [trial 3] Sharpe=-0.1160 (folds: -0.3461, 0.1120, -0.0315, 0.0365, -0.3508)
    [trial 4] 47 features, training_days=340 | threshold=0.591 | labels: 1191 long, 980 short (55/45%)
    [trial 4] Sharpe=-0.1556 (folds: -0.2449, 0.0502, -0.0466, -0.1039, -0.4326)
    [trial 5] 47 features, training_days=50 | threshold=0.823 | labels: 1191 long, 980 short (55/45%)
    [trial 5] Sharpe=-2.0475 (folds: -0.4371, 0.1825, -0.0110, -10.0000, 0.0282)
    [trial 6] 47 features, training_days=410 | threshold=0.549 | labels: 1191 long, 980 short (55/45%)
    [trial 6] Sharpe=-0.0712 (folds: -0.1178, 0.0464, -0.0299, 0.0093, -0.2642)
    [trial 7] 47 features, training_days=180 | threshold=0.526 | labels: 1191 long, 980 short (55/45%)
    [trial 7] Sharpe=-0.0818 (folds: -0.1972, 0.0758, -0.0637, -0.1047, -0.1190)
    [trial 8] 47 features, training_days=240 | threshold=0.811 | labels: 1191 long, 980 short (55/45%)
    [trial 8] Sharpe=-0.0998 (folds: -0.2497, 0.0414, -0.0350, 0.0791, -0.3351)
    [trial 9] 47 features, training_days=20 | threshold=0.538 | labels: 1191 long, 980 short (55/45%)
    [trial 9] Sharpe=-0.0488 (folds: -0.4661, 0.1991, -0.0483, 0.1856, -0.1141)
    [trial 10] 47 features, training_days=10 | threshold=0.745 | labels: 1191 long, 980 short (55/45%)
    [trial 10] Sharpe=-2.0251 (folds: 0.3023, -0.0483, -10.0000, -0.3176, -0.0620)
    [trial 11] 47 features, training_days=350 | threshold=0.503 | labels: 1191 long, 980 short (55/45%)
    [trial 11] Sharpe=-0.1122 (folds: -0.2062, -0.0269, -0.0366, -0.0313, -0.2597)
    [trial 12] 47 features, training_days=140 | threshold=0.552 | labels: 1191 long, 980 short (55/45%)
    [trial 12] Sharpe=-0.0626 (folds: -0.1429, 0.1070, -0.1324, -0.0538, -0.0910)
    [trial 13] 47 features, training_days=100 | threshold=0.694 | labels: 1191 long, 980 short (55/45%)
    [trial 13] Sharpe=-0.0276 (folds: -0.1749, 0.2501, -0.1043, 0.0237, -0.1324)
    [trial 14] 47 features, training_days=90 | threshold=0.700 | labels: 1191 long, 980 short (55/45%)
    [trial 14] Sharpe=-0.0150 (folds: -0.2274, 0.1827, 0.0210, 0.1319, -0.1834)
    [trial 15] 47 features, training_days=100 | threshold=0.700 | labels: 1191 long, 980 short (55/45%)
    [trial 15] Sharpe=-0.0167 (folds: -0.1624, 0.1431, -0.0689, 0.1587, -0.1541)
    [trial 16] 47 features, training_days=110 | threshold=0.708 | labels: 1191 long, 980 short (55/45%)
    [trial 16] Sharpe=-0.0811 (folds: -0.2644, 0.2258, -0.2329, 0.0276, -0.1615)
    [trial 17] 47 features, training_days=270 | threshold=0.753 | labels: 1191 long, 980 short (55/45%)[I 2026-06-01 15:02:39,264] Trial 17 finished with value: -0.18351394529569673 and parameters: {'confidence_threshold': 0.7528041367743528, 'training_days': 270, 'n_estimators': 417, 'max_depth': 3, 'num_leaves': 15, 'learning_rate': 0.12329721137235007, 'subsample': 0.7004831188261247, 'colsample_bytree': 0.6205742501829038, 'min_child_samples': 100, 'reg_alpha': 1.25471061587216e-07, 'reg_lambda': 6.880925840516315e-07}. Best is trial 14 with value: -0.015024919998325264.
[I 2026-06-01 15:02:39,699] A new study created in memory with name: no-name-50fc91f7-63fc-47cd-b19e-22a9185c8bde
[I 2026-06-01 15:02:39,801] Trial 0 finished with value: -0.11973769027626864 and parameters: {'confidence_threshold': 0.7437642149592516, 'training_days': 150, 'n_estimators': 152, 'max_depth': 4, 'num_leaves': 50, 'learning_rate': 0.04216766425047743, 'subsample': 0.9903820991923078, 'colsample_bytree': 0.8424148692924316, 'min_child_samples': 58, 'reg_alpha': 3.381097259762742e-05, 'reg_lambda': 1.2263152961306247e-05}. Best is trial 0 with value: -0.11973769027626864.
[I 2026-06-01 15:02:39,877] Trial 1 finished with value: -1.9985954154402523 and parameters: {'confidence_threshold': 0.7551673975844145, 'training_days': 220, 'n_estimators': 76, 'max_depth': 4, 'num_leaves': 51, 'learning_rate': 0.018602118810743477, 'subsample': 0.5877258780737462, 'colsample_bytree': 0.7657756869209191, 'min_child_samples': 63, 'reg_alpha': 0.005123994170264194, 'reg_lambda': 0.44145470178120466}. Best is trial 0 with value: -0.11973769027626864.
[I 2026-06-01 15:02:40,143] Trial 2 finished with value: -0.16957748399632627 and parameters: {'confidence_threshold': 0.7535593637012223, 'training_days': 310, 'n_estimators': 375, 'max_depth': 3, 'num_leaves': 32, 'learning_rate': 0.021735641882032388, 'subsample': 0.6468570231944146, 'colsample_bytree': 0.8154880619272439, 'min_child_samples': 27, 'reg_alpha': 8.004064028491336e-05, 'reg_lambda': 7.546835261630524e-05}. Best is trial 0 with value: -0.11973769027626864.
[I 2026-06-01 15:02:40,333] Trial 3 finished with value: -0.11333842419468185 and parameters: {'confidence_threshold': 0.6727897841776072, 'training_days': 220, 'n_estimators': 190, 'max_depth': 4, 'num_leaves': 58, 'learning_rate': 0.24810689332636193, 'subsample': 0.7509183379421682, 'colsample_bytree': 0.8119764758960556, 'min_child_samples': 29, 'reg_alpha': 7.1708285081421445e-06, 'reg_lambda': 5.412973582738627e-05}. Best is trial 3 with value: -0.11333842419468185.
[I 2026-06-01 15:02:40,474] Trial 4 finished with value: -0.06609131028833702 and parameters: {'confidence_threshold': 0.803208205259178, 'training_days': 130, 'n_estimators': 267, 'max_depth': 5, 'num_leaves': 40, 'learning_rate': 0.08041175317374143, 'subsample': 0.5603143329951619, 'colsample_bytree': 0.9131704002534167, 'min_child_samples': 68, 'reg_alpha': 0.0008046593428183385, 'reg_lambda': 1.2158346158765583e-05}. Best is trial 4 with value: -0.06609131028833702.
[I 2026-06-01 15:02:40,751] Trial 5 finished with value: -0.13450933976251025 and parameters: {'confidence_threshold': 0.6064422761595144, 'training_days': 210, 'n_estimators': 357, 'max_depth': 5, 'num_leaves': 40, 'learning_rate': 0.0974221287220869, 'subsample': 0.7929682762811064, 'colsample_bytree': 0.8124517510478, 'min_child_samples': 74, 'reg_alpha': 0.3811377260781234, 'reg_lambda': 5.607314238392041e-08}. Best is trial 4 with value: -0.06609131028833702.
[I 2026-06-01 15:02:40,876] Trial 6 finished with value: -0.12022284560743572 and parameters: {'confidence_threshold': 0.7672889945051684, 'training_days': 130, 'n_estimators': 137, 'max_depth': 4, 'num_leaves': 19, 'learning_rate': 0.2031117614248665, 'subsample': 0.8136244860256343, 'colsample_bytree': 0.8617081790949774, 'min_child_samples': 21, 'reg_alpha': 0.002238138278733199, 'reg_lambda': 0.001025809534977322}. Best is trial 4 with value: -0.06609131028833702.
[I 2026-06-01 15:02:40,949] Trial 7 finished with value: 0.02289906010534528 and parameters: {'confidence_threshold': 0.555635875450653, 'training_days': 80, 'n_estimators': 363, 'max_depth': 3, 'num_leaves': 48, 'learning_rate': 0.06590089024008658, 'subsample': 0.6944752870615722, 'colsample_bytree': 0.962566244806993, 'min_child_samples': 88, 'reg_alpha': 1.6465620446426067e-05, 'reg_lambda': 2.4678750890085655e-08}. Best is trial 7 with value: 0.02289906010534528.
[I 2026-06-01 15:02:41,293] Trial 8 finished with value: -0.16073124612724324 and parameters: {'confidence_threshold': 0.6066688256938841, 'training_days': 200, 'n_estimators': 367, 'max_depth': 5, 'num_leaves': 32, 'learning_rate': 0.13377519215934996, 'subsample': 0.7965884582811106, 'colsample_bytree': 0.8458508993500886, 'min_child_samples': 32, 'reg_alpha': 3.889436043816386e-05, 'reg_lambda': 1.4713062489380356e-06}. Best is trial 7 with value: 0.02289906010534528.
[I 2026-06-01 15:02:41,515] Trial 9 finished with value: -0.13724022696519203 and parameters: {'confidence_threshold': 0.6202096049169137, 'training_days': 260, 'n_estimators': 350, 'max_depth': 3, 'num_leaves': 21, 'learning_rate': 0.02989540198065364, 'subsample': 0.8307821683331218, 'colsample_bytree': 0.923253112635361, 'min_child_samples': 64, 'reg_alpha': 0.4898604619604203, 'reg_lambda': 2.9076377687066166e-05}. Best is trial 7 with value: 0.02289906010534528.
[I 2026-06-01 15:02:41,550] Trial 10 finished with value: -0.0072379163124229925 and parameters: {'confidence_threshold': 0.5248809389721337, 'training_days': 10, 'n_estimators': 493, 'max_depth': 3, 'num_leaves': 63, 'learning_rate': 0.010221918552934462, 'subsample': 0.667749445701178, 'colsample_bytree': 0.6202684210924141, 'min_child_samples': 99, 'reg_alpha': 1.3884210513841762e-08, 'reg_lambda': 0.02273343343290072}. Best is trial 7 with value: 0.02289906010534528.
[I 2026-06-01 15:02:41,583] Trial 11 finished with value: -0.0072379163124229925 and parameters: {'confidence_threshold': 0.5048591005447424, 'training_days': 10, 'n_estimators': 493, 'max_depth': 3, 'num_leaves': 63, 'learning_rate': 0.010535067237031162, 'subsample': 0.6714365294218261, 'colsample_bytree': 0.6012148974081734, 'min_child_samples': 100, 'reg_alpha': 1.0389779167265952e-08, 'reg_lambda': 0.024688016606578794}. Best is trial 7 with value: 0.02289906010534528.
[I 2026-06-01 15:02:41,867] Trial 12 finished with value: -0.09921513308859527 and parameters: {'confidence_threshold': 0.5106153216696881, 'training_days': 470, 'n_estimators': 498, 'max_depth': 3, 'num_leaves': 51, 'learning_rate': 0.05809128784912797, 'subsample': 0.6772104159737814, 'colsample_bytree': 0.5773925919454104, 'min_child_samples': 100, 'reg_alpha': 1.5145546872493305e-08, 'reg_lambda': 0.007411726388141345}. Best is trial 7 with value: 0.02289906010534528.
[I 2026-06-01 15:02:41,903] Trial 13 finished with value: -0.0072379163124229925 and parameters: {'confidence_threshold': 0.5577371477731788, 'training_days': 10, 'n_estimators': 442, 'max_depth': 3, 'num_leaves': 63, 'learning_rate': 0.013937231793681828, 'subsample': 0.5024707401359401, 'colsample_bytree': 0.6759494634110215, 'min_child_samples': 84, 'reg_alpha': 5.421237391699009e-07, 'reg_lambda': 2.7437299203534646}. Best is trial 7 with value: 0.02289906010534528.
[I 2026-06-01 15:02:41,969] Trial 14 finished with value: 0.03627827205354373 and parameters: {'confidence_threshold': 0.5544398013533722, 'training_days': 70, 'n_estimators': 284, 'max_depth': 3, 'num_leaves': 56, 'learning_rate': 0.04074110489853438, 'subsample': 0.9182426786262438, 'colsample_bytree': 0.5045764719392084, 'min_child_samples': 86, 'reg_alpha': 6.598094881431677e-07, 'reg_lambda': 3.40293644637662e-08}. Best is trial 14 with value: 0.03627827205354373.
[I 2026-06-01 15:02:42,037] Trial 15 finished with value: 0.02155776967922437 and parameters: {'confidence_threshold': 0.5682953351985761, 'training_days': 80, 'n_estimators': 274, 'max_depth': 4, 'num_leaves': 45, 'learning_rate': 0.04264134452484515, 'subsample': 0.9296279388562269, 'colsample_bytree': 0.5093920150666754, 'min_child_samples': 83, 'reg_alpha': 5.011892081220446e-07, 'reg_lambda': 2.2651182318164283e-08}. Best is trial 14 with value: 0.03627827205354373.
[I 2026-06-01 15:02:42,180] Trial 16 finished with value: -0.13699172989378589 and parameters: {'confidence_threshold': 0.6708968705265699, 'training_days': 350, 'n_estimators': 223, 'max_depth': 3, 'num_leaves': 54, 'learning_rate': 0.0662624965928644, 'subsample': 0.8942034966435999, 'colsample_bytree': 0.6982877056862742, 'min_child_samples': 87, 'reg_alpha': 1.6323832176782968e-06, 'reg_lambda': 3.681398127218733e-07}. Best is trial 14 with value: 0.03627827205354373.
[I 2026-06-01 15:02:42,274] Trial 17 finished with value: -0.0495537814066892 and parameters: {'confidence_threshold': 0.5617278450091161, 'training_days': 70, 'n_estimators': 313, 'max_depth': 3, 'num_leaves': 33, 'learning_rate': 0.12339783258112393, 'subsample': 0.8895982510970756, 'colsample_bytree': 0.9834649850796968, 'min_child_samples': 52, 'reg_alpha': 0.031339913113165224, 'reg_lambda': 4.446446090298049e-07}. Best is trial 14 with value: 0.03627827205354373.
[I 2026-06-01 15:02:42,708] A new study created in memory with name: no-name-8092fc1d-10e2-44d9-845b-ffaddc334afb
[I 2026-06-01 15:02:42,928] Trial 0 finished with value: -0.06230728367755609 and parameters: {'confidence_threshold': 0.5870645682749857, 'training_days': 90, 'n_estimators': 403, 'max_depth': 5, 'num_leaves': 45, 'learning_rate': 0.0780457193679974, 'subsample': 0.9428509515574568, 'colsample_bytree': 0.8795587339164916, 'min_child_samples': 34, 'reg_alpha': 2.2465901234314442e-07, 'reg_lambda': 8.339007036475363e-05}. Best is trial 0 with value: -0.06230728367755609.
[I 2026-06-01 15:02:43,037] Trial 1 finished with value: -0.2030226237746359 and parameters: {'confidence_threshold': 0.6348453934275313, 'training_days': 290, 'n_estimators': 115, 'max_depth': 5, 'num_leaves': 37, 'learning_rate': 0.06949568759029946, 'subsample': 0.8228505074024268, 'colsample_bytree': 0.8616703220431751, 'min_child_samples': 75, 'reg_alpha': 4.2486822725010923e-07, 'reg_lambda': 1.157247767047042e-07}. Best is trial 0 with value: -0.06230728367755609.
