[I 2026-06-01 15:00:33,707] Trial 13 finished with value: 0.1819458751583439 and parameters: {'confidence_threshold': 0.8320048612945233, 'training_days': 500, 'n_estimators': 475, 'max_depth': 5, 'num_leaves': 63, 'learning_rate': 0.011019237226077873, 'subsample': 0.5020646319475972, 'colsample_bytree': 0.5305824981082055, 'min_child_samples': 95, 'reg_alpha': 1.121417046503621e-08, 'reg_lambda': 3.080800735392863}. Best is trial 13 with value: 0.1819458751583439.
[I 2026-06-01 15:00:34,046] Trial 14 finished with value: 0.07398891246563331 and parameters: {'confidence_threshold': 0.6968624890517784, 'training_days': 400, 'n_estimators': 444, 'max_depth': 5, 'num_leaves': 56, 'learning_rate': 0.01645102485501106, 'subsample': 0.6232267259218678, 'colsample_bytree': 0.5021778209206338, 'min_child_samples': 84, 'reg_alpha': 2.9765836222029047e-07, 'reg_lambda': 3.3795923173932274}. Best is trial 13 with value: 0.1819458751583439.
[I 2026-06-01 15:00:34,408] Trial 15 finished with value: -0.002148658460415487 and parameters: {'confidence_threshold': 0.5026055290809989, 'training_days': 390, 'n_estimators': 431, 'max_depth': 4, 'num_leaves': 56, 'learning_rate': 0.037392478764815176, 'subsample': 0.9296279388562269, 'colsample_bytree': 0.5093920150666754, 'min_child_samples': 46, 'reg_alpha': 5.011892081220446e-07, 'reg_lambda': 7.7474801150498305}. Best is trial 13 with value: 0.1819458751583439.
[I 2026-06-01 15:00:34,644] Trial 16 finished with value: 0.13713742396610162 and parameters: {'confidence_threshold': 0.8027000264185803, 'training_days': 430, 'n_estimators': 279, 'max_depth': 5, 'num_leaves': 45, 'learning_rate': 0.014239179438549281, 'subsample': 0.5517131019787263, 'colsample_bytree': 0.6524883056625813, 'min_child_samples': 87, 'reg_alpha': 4.513422070641754e-07, 'reg_lambda': 0.08608019141641367}. Best is trial 13 with value: 0.1819458751583439.
[I 2026-06-01 15:00:34,973] Trial 17 finished with value: 0.022774324158653343 and parameters: {'confidence_threshold': 0.7040114094054104, 'training_days': 330, 'n_estimators': 434, 'max_depth': 5, 'num_leaves': 59, 'learning_rate': 0.02981690609003488, 'subsample': 0.6613154156307604, 'colsample_bytree': 0.6683738454486017, 'min_child_samples': 78, 'reg_alpha': 7.767222698362677e-08, 'reg_lambda': 0.0023128034433850205}. Best is trial 13 with value: 0.1819458751583439.
[I 2026-06-01 15:00:35,386] A new study created in memory with name: no-name-0f10cf98-5327-405d-a4fb-c3538f4d34b2
[I 2026-06-01 15:00:35,602] Trial 0 finished with value: -0.060904772664669184 and parameters: {'confidence_threshold': 0.5870645682749857, 'training_days': 90, 'n_estimators': 403, 'max_depth': 5, 'num_leaves': 45, 'learning_rate': 0.0780457193679974, 'subsample': 0.9428509515574568, 'colsample_bytree': 0.8795587339164916, 'min_child_samples': 34, 'reg_alpha': 2.2465901234314442e-07, 'reg_lambda': 8.339007036475363e-05}. Best is trial 0 with value: -0.060904772664669184.
[I 2026-06-01 15:00:35,718] Trial 1 finished with value: 0.010851357864435258 and parameters: {'confidence_threshold': 0.6348453934275313, 'training_days': 290, 'n_estimators': 115, 'max_depth': 5, 'num_leaves': 37, 'learning_rate': 0.06949568759029946, 'subsample': 0.8228505074024268, 'colsample_bytree': 0.8616703220431751, 'min_child_samples': 75, 'reg_alpha': 4.2486822725010923e-07, 'reg_lambda': 1.157247767047042e-07}. Best is trial 1 with value: 0.010851357864435258.
[I 2026-06-01 15:00:35,742] Trial 2 finished with value: -0.0743177243128924 and parameters: {'confidence_threshold': 0.5849570384370288, 'training_days': 10, 'n_estimators': 212, 'max_depth': 3, 'num_leaves': 41, 'learning_rate': 0.18452095998378365, 'subsample': 0.6001060822924371, 'colsample_bytree': 0.5673167293506167, 'min_child_samples': 37, 'reg_alpha': 5.733250064217131, 'reg_lambda': 0.5308454292595461}. Best is trial 1 with value: 0.010851357864435258.
[I 2026-06-01 15:00:35,823] Trial 3 finished with value: 0.0899020881069689 and parameters: {'confidence_threshold': 0.6868248626683718, 'training_days': 220, 'n_estimators': 134, 'max_depth': 3, 'num_leaves': 45, 'learning_rate': 0.033529007907491595, 'subsample': 0.8647277071858408, 'colsample_bytree': 0.778494116634046, 'min_child_samples': 96, 'reg_alpha': 2.409409937265785e-07, 'reg_lambda': 1.1642073478060009}. Best is trial 3 with value: 0.0899020881069689.
[I 2026-06-01 15:00:35,918] Trial 4 finished with value: -0.037738040685313244 and parameters: {'confidence_threshold': 0.5623121348350352, 'training_days': 300, 'n_estimators': 69, 'max_depth': 4, 'num_leaves': 32, 'learning_rate': 0.14967629360700346, 'subsample': 0.5054535233636654, 'colsample_bytree': 0.7401385194659216, 'min_child_samples': 27, 'reg_alpha': 1.4212042567426725e-07, 'reg_lambda': 0.23605753701352003}. Best is trial 3 with value: 0.0899020881069689.

    [trial 4] Sharpe=0.0481 (folds: -0.0599, -0.0223, -0.0398, 0.0380, 0.3243)
    [trial 5] 47 features, training_days=50 | threshold=0.823 | labels: 1170 long, 1001 short (54/46%)
    [trial 5] Sharpe=-0.0939 (folds: -0.3272, -0.0505, 0.5016, -0.5319, -0.0615)
    [trial 6] 47 features, training_days=410 | threshold=0.549 | labels: 1170 long, 1001 short (54/46%)
    [trial 6] Sharpe=0.0255 (folds: -0.0701, 0.0659, -0.0754, 0.0126, 0.1945)
    [trial 7] 47 features, training_days=180 | threshold=0.526 | labels: 1170 long, 1001 short (54/46%)
    [trial 7] Sharpe=-0.0454 (folds: -0.1165, 0.0875, 0.0359, -0.1239, -0.1100)
    [trial 8] 47 features, training_days=240 | threshold=0.811 | labels: 1170 long, 1001 short (54/46%)
    [trial 8] Sharpe=0.0185 (folds: -0.0558, -0.1088, 0.1192, 0.0456, 0.0924)
    [trial 9] 47 features, training_days=20 | threshold=0.538 | labels: 1170 long, 1001 short (54/46%)
    [trial 9] Sharpe=-2.0760 (folds: -0.1865, 0.0969, -0.1679, -10.0000, -0.1223)
    [trial 10] 47 features, training_days=350 | threshold=0.680 | labels: 1170 long, 1001 short (54/46%)
    [trial 10] Sharpe=0.0918 (folds: 0.1098, 0.0715, -0.0255, 0.0298, 0.2734)
    [trial 11] 47 features, training_days=330 | threshold=0.716 | labels: 1170 long, 1001 short (54/46%)
    [trial 11] Sharpe=0.0469 (folds: -0.0082, 0.1919, -0.1150, 0.1564, 0.0095)
    [trial 12] 47 features, training_days=330 | threshold=0.713 | labels: 1170 long, 1001 short (54/46%)
    [trial 12] Sharpe=0.1055 (folds: 0.0276, 0.1254, 0.0310, 0.2129, 0.1305)
    [trial 13] 47 features, training_days=320 | threshold=0.715 | labels: 1170 long, 1001 short (54/46%)
    [trial 13] Sharpe=0.0438 (folds: -0.2811, 0.0121, 0.0429, 0.1700, 0.2751)
    [trial 14] 47 features, training_days=270 | threshold=0.747 | labels: 1170 long, 1001 short (54/46%)
    [trial 14] Sharpe=0.1351 (folds: -0.0671, 0.2295, 0.2720, 0.1739, 0.0673)
    [trial 15] 47 features, training_days=130 | threshold=0.763 | labels: 1170 long, 1001 short (54/46%)
    [trial 15] Sharpe=0.0558 (folds: 0.0306, 0.0245, 0.1677, -0.0369, 0.0933)
    [trial 16] 47 features, training_days=260 | threshold=0.761 | labels: 1170 long, 1001 short (54/46%)
    [trial 16] Sharpe=0.0086 (folds: 0.0253, -0.1489, 0.0333, 0.1693, -0.0361)
    [trial 17] 47 features, training_days=280 | threshold=0.761 | labels: 1170 long, 1001 short (54/46%)
    [trial 17] Sharpe=0.0758 (folds: -0.0283, 0.1245, 0.2419, 0.0580, -0.0170)
  Optuna: 18 trials, best Sharpe = 0.1351
  Best params: n_estimators=499, max_depth=4, lr=0.0103, leaves=56
  Best confidence_threshold: 0.747
  Best training_days: 270
  Retrained on full data (810 samples, 47 features)
  [ensemble 2/3] seed=123
    [trial 0] 47 features, training_days=150 | threshold=0.744 | labels: 1170 long, 1001 short (54/46%)
    [CV fold 0] train_end=2022-09-23 08:00 | val_start=2022-10-01 00:00 | gap=184h (22 rows)
    [CV fold 1] train_end=2023-01-21 16:00 | val_start=2023-01-29 08:00 | gap=184h (22 rows)
    [CV fold 2] train_end=2023-05-22 00:00 | val_start=2023-05-29 16:00 | gap=184h (22 rows)
    [CV fold 3] train_end=2023-09-19 08:00 | val_start=2023-09-27 00:00 | gap=184h (22 rows)
    [CV fold 4] train_end=2024-01-17 16:00 | val_start=2024-01-25 08:00 | gap=184h (22 rows)
    [trial 0] Sharpe=-0.0564 (folds: -0.1495, -0.0247, 0.0171, -0.2317, 0.1070)
    [trial 1] 47 features, training_days=220 | threshold=0.755 | labels: 1170 long, 1001 short (54/46%)
    [trial 1] Sharpe=-1.8044 (folds: -10.0000, -0.1519, 0.3463, 0.5597, 0.2237)
    [trial 2] 47 features, training_days=310 | threshold=0.754 | labels: 1170 long, 1001 short (54/46%)
    [trial 2] Sharpe=-0.0072 (folds: -0.2336, -0.1487, 0.0655, 0.1307, 0.1501)
    [trial 3] 47 features, training_days=220 | threshold=0.673 | labels: 1170 long, 1001 short (54/46%)
    [trial 3] Sharpe=-0.0652 (folds: -0.1949, -0.1060, -0.0121, -0.0021, -0.0107)
    [trial 4] 47 features, training_days=130 | threshold=0.803 | labels: 1170 long, 1001 short (54/46%)
    [trial 4] Sharpe=0.0593 (folds: 0.0755, -0.0369, 0.1814, -0.0679, 0.1442)
    [trial 5] 47 features, training_days=210 | threshold=0.606 | labels: 1170 long, 1001 short (54/46%)
    [trial 5] Sharpe=-0.0051 (folds: 0.0611, -0.0333, -0.0192, -0.0010, -0.0334)
    [trial 6] 47 features, training_days=130 | threshold=0.767 | labels: 1170 long, 1001 short (54/46%)
    [trial 6] Sharpe=-0.0516 (folds: -0.2537, -0.0133, 0.0414, -0.1094, 0.0769)
    [trial 7] 47 features, training_days=80 | threshold=0.556 | labels: 1170 long, 1001 short (54/46%)
    [trial 7] Sharpe=-0.0615 (folds: -0.0430, -0.0074, -0.0315, -0.2115, -0.0143)
    [trial 8] 47 features, training_days=200 | threshold=0.607 | labels: 1170 long, 1001 short (54/46%)
    [trial 8] Sharpe=-0.0440 (folds: -0.1828, -0.0299, -0.0408, -0.0154, 0.0491)
    [trial 9] 47 features, training_days=260 | threshold=0.620 | labels: 1170 long, 1001 short (54/46%)
    [trial 9] Sharpe=-0.0054 (folds: -0.0166, 0.0035, 0.0572, 0.0001, -0.0711)
    [trial 10] 47 features, training_days=470 | threshold=0.845 | labels: 1170 long, 1001 short (54/46%)
    [trial 10] Sharpe=0.1026 (folds: 0.0452, -0.0937, 0.2723, 0.1478, 0.1413)
    [trial 11] 47 features, training_days=500 | threshold=0.837 | labels: 1170 long, 1001 short (54/46%)
    [trial 11] Sharpe=0.1471 (folds: -0.0885, 0.0230, 0.2118, 0.3192, 0.2700)
    [trial 12] 47 features, training_days=500 | threshold=0.831 | labels: 1170 long, 1001 short (54/46%)
    [trial 12] Sharpe=0.1530 (folds: -0.0221, -0.0130, 0.3470, 0.2484, 0.2047)
    [trial 13] 47 features, training_days=500 | threshold=0.832 | labels: 1170 long, 1001 short (54/46%)
    [trial 13] Sharpe=0.1819 (folds: -0.0303, -0.1198, 0.4200, 0.4260, 0.2138)
    [trial 14] 47 features, training_days=400 | threshold=0.697 | labels: 1170 long, 1001 short (54/46%)
    [trial 14] Sharpe=0.0740 (folds: 0.0001, -0.0415, 0.0501, 0.1009, 0.2603)
    [trial 15] 47 features, training_days=390 | threshold=0.503 | labels: 1170 long, 1001 short (54/46%)
    [trial 15] Sharpe=-0.0021 (folds: -0.1078, -0.0713, -0.0608, -0.0297, 0.2588)
    [trial 16] 47 features, training_days=430 | threshold=0.803 | labels: 1170 long, 1001 short (54/46%)
    [trial 16] Sharpe=0.1371 (folds: -0.1321, 0.0689, 0.2521, 0.1600, 0.3369)
    [trial 17] 47 features, training_days=330 | threshold=0.704 | labels: 1170 long, 1001 short (54/46%)
    [trial 17] Sharpe=0.0228 (folds: -0.0049, -0.0420, -0.0625, 0.1705, 0.0527)
  Optuna: 18 trials, best Sharpe = 0.1819
  Best params: n_estimators=475, max_depth=5, lr=0.0110, leaves=63
  Best confidence_threshold: 0.832
  Best training_days: 500
  Retrained on full data (1500 samples, 47 features)
  [ensemble 3/3] seed=456
    [trial 0] 47 features, training_days=90 | threshold=0.587 | labels: 1170 long, 1001 short (54/46%)
    [CV fold 0] train_end=2022-09-23 08:00 | val_start=2022-10-01 00:00 | gap=184h (22 rows)
    [CV fold 1] train_end=2023-01-21 16:00 | val_start=2023-01-29 08:00 | gap=184h (22 rows)
    [CV fold 2] train_end=2023-05-22 00:00 | val_start=2023-05-29 16:00 | gap=184h (22 rows)
    [CV fold 3] train_end=2023-09-19 08:00 | val_start=2023-09-27 00:00 | gap=184h (22 rows)
    [CV fold 4] train_end=2024-01-17 16:00 | val_start=2024-01-25 08:00 | gap=184h (22 rows)
    [trial 0] Sharpe=-0.0609 (folds: -0.2206, 0.0052, -0.0120, -0.0494, -0.0277)
    [trial 1] 47 features, training_days=290 | threshold=0.635 | labels: 1170 long, 1001 short (54/46%)
    [trial 1] Sharpe=0.0109 (folds: 0.0112, -0.0150, -0.0110, 0.0677, 0.0014)
    [trial 2] 47 features, training_days=10 | threshold=0.585 | labels: 1170 long, 1001 short (54/46%)
    [trial 2] Sharpe=-0.0743 (folds: 0.0890, 0.0969, -0.1679, -0.2673, -0.1223)
    [trial 3] 47 features, training_days=220 | threshold=0.687 | labels: 1170 long, 1001 short (54/46%)
    [trial 3] Sharpe=0.0899 (folds: 0.0857, 0.0628, 0.1239, 0.1195, 0.0576)
    [trial 4] 47 features, training_days=300 | threshold=0.562 | labels: 1170 long, 1001 short (54/46%)
    [trial 4] Sharpe=-0.0377 (folds: -0.2120, 0.0202, -0.1185, 0.0916, 0.0299)
    [trial 5] 47 features, training_days=490 | threshold=0.711 | labels: 1170 long, 1001 short (54/46%)[I 2026-06-01 15:00:36,324] Trial 5 finished with value: -0.07042216648059678 and parameters: {'confidence_threshold': 0.7111850244908446, 'training_days': 490, 'n_estimators': 362, 'max_depth': 5, 'num_leaves': 40, 'learning_rate': 0.05960785724162737, 'subsample': 0.5589714368907717, 'colsample_bytree': 0.6659006943232806, 'min_child_samples': 42, 'reg_alpha': 0.6741360303045295, 'reg_lambda': 6.054601607143087e-08}. Best is trial 3 with value: 0.0899020881069689.
[I 2026-06-01 15:00:36,493] Trial 6 finished with value: 0.03438031814124949 and parameters: {'confidence_threshold': 0.667482545748023, 'training_days': 420, 'n_estimators': 279, 'max_depth': 3, 'num_leaves': 45, 'learning_rate': 0.040099592560849204, 'subsample': 0.8563114696415159, 'colsample_bytree': 0.5442917781944105, 'min_child_samples': 50, 'reg_alpha': 1.6407916423707903e-08, 'reg_lambda': 2.935907642973286e-05}. Best is trial 3 with value: 0.0899020881069689.
[I 2026-06-01 15:00:36,644] Trial 7 finished with value: -0.020740039628226143 and parameters: {'confidence_threshold': 0.5497381024139926, 'training_days': 120, 'n_estimators': 408, 'max_depth': 5, 'num_leaves': 38, 'learning_rate': 0.28049122657745795, 'subsample': 0.8806573338635493, 'colsample_bytree': 0.5454054113547102, 'min_child_samples': 63, 'reg_alpha': 0.01263008637940408, 'reg_lambda': 0.04588020805366937}. Best is trial 3 with value: 0.0899020881069689.
[I 2026-06-01 15:00:36,924] Trial 8 finished with value: 0.08757470319950089 and parameters: {'confidence_threshold': 0.719644804808716, 'training_days': 450, 'n_estimators': 410, 'max_depth': 4, 'num_leaves': 57, 'learning_rate': 0.04022026551478857, 'subsample': 0.5336085426932707, 'colsample_bytree': 0.5705742850577543, 'min_child_samples': 100, 'reg_alpha': 5.916398047912201e-07, 'reg_lambda': 0.9794034214488329}. Best is trial 3 with value: 0.0899020881069689.
[I 2026-06-01 15:00:36,952] Trial 9 finished with value: -6.017915865463624 and parameters: {'confidence_threshold': 0.7267463643917187, 'training_days': 20, 'n_estimators': 337, 'max_depth': 5, 'num_leaves': 23, 'learning_rate': 0.022153031811454605, 'subsample': 0.6305627572358737, 'colsample_bytree': 0.6613413774216214, 'min_child_samples': 81, 'reg_alpha': 5.7638634029410314e-08, 'reg_lambda': 8.26603016764008}. Best is trial 3 with value: 0.0899020881069689.
[I 2026-06-01 15:00:37,041] Trial 10 finished with value: -10.0 and parameters: {'confidence_threshold': 0.8283920119574972, 'training_days': 200, 'n_estimators': 181, 'max_depth': 3, 'num_leaves': 62, 'learning_rate': 0.011579281028220855, 'subsample': 0.7130289643560688, 'colsample_bytree': 0.9944479338273263, 'min_child_samples': 100, 'reg_alpha': 6.837313901272251e-05, 'reg_lambda': 0.0027253228209330924}. Best is trial 3 with value: 0.0899020881069689.
[I 2026-06-01 15:00:37,357] Trial 11 finished with value: 0.11394469839312968 and parameters: {'confidence_threshold': 0.7766282449189577, 'training_days': 380, 'n_estimators': 478, 'max_depth': 4, 'num_leaves': 58, 'learning_rate': 0.029354876456257728, 'subsample': 0.7459055835274097, 'colsample_bytree': 0.8016610248739169, 'min_child_samples': 100, 'reg_alpha': 1.7335570554886207e-05, 'reg_lambda': 7.067893525937578}. Best is trial 11 with value: 0.11394469839312968.
[I 2026-06-01 15:00:37,731] Trial 12 finished with value: 0.08046003635769186 and parameters: {'confidence_threshold': 0.8016884727846801, 'training_days': 360, 'n_estimators': 490, 'max_depth': 4, 'num_leaves': 54, 'learning_rate': 0.01924681962976845, 'subsample': 0.7376180335274016, 'colsample_bytree': 0.8360023000930683, 'min_child_samples': 85, 'reg_alpha': 5.113460481149383e-05, 'reg_lambda': 8.572873032845164}. Best is trial 11 with value: 0.11394469839312968.
[I 2026-06-01 15:00:37,996] Trial 13 finished with value: 0.0014222282803263348 and parameters: {'confidence_threshold': 0.7586389545742787, 'training_days': 210, 'n_estimators': 494, 'max_depth': 4, 'num_leaves': 52, 'learning_rate': 0.023468126747120118, 'subsample': 0.9755936541801561, 'colsample_bytree': 0.7704197786801941, 'min_child_samples': 90, 'reg_alpha': 8.465942575614097e-06, 'reg_lambda': 0.005760035111205682}. Best is trial 11 with value: 0.11394469839312968.
[I 2026-06-01 15:00:38,130] Trial 14 finished with value: 0.12767871057710312 and parameters: {'confidence_threshold': 0.7723320301796328, 'training_days': 360, 'n_estimators': 180, 'max_depth': 3, 'num_leaves': 17, 'learning_rate': 0.03623679847223235, 'subsample': 0.7851487748866213, 'colsample_bytree': 0.9309168871218617, 'min_child_samples': 70, 'reg_alpha': 0.007558490788345549, 'reg_lambda': 3.4434451829477042e-06}. Best is trial 14 with value: 0.12767871057710312.
[I 2026-06-01 15:00:38,323] Trial 15 finished with value: -1.9434548289848597 and parameters: {'confidence_threshold': 0.7795247914563833, 'training_days': 360, 'n_estimators': 252, 'max_depth': 3, 'num_leaves': 16, 'learning_rate': 0.0100021088356706, 'subsample': 0.6862008322964953, 'colsample_bytree': 0.967285023353353, 'min_child_samples': 66, 'reg_alpha': 0.002133995302102607, 'reg_lambda': 2.582339790441249e-06}. Best is trial 14 with value: 0.12767871057710312.
[I 2026-06-01 15:00:38,564] Trial 16 finished with value: 0.06515831654565264 and parameters: {'confidence_threshold': 0.8496275701190671, 'training_days': 380, 'n_estimators': 277, 'max_depth': 4, 'num_leaves': 30, 'learning_rate': 0.0912409276374841, 'subsample': 0.7907604102401119, 'colsample_bytree': 0.9354663310336292, 'min_child_samples': 73, 'reg_alpha': 0.03696370588928545, 'reg_lambda': 2.0432733519504357e-06}. Best is trial 14 with value: 0.12767871057710312.
[I 2026-06-01 15:00:38,705] Trial 17 finished with value: 0.008341709373052706 and parameters: {'confidence_threshold': 0.5080881579696632, 'training_days': 310, 'n_estimators': 178, 'max_depth': 3, 'num_leaves': 17, 'learning_rate': 0.016646154465331357, 'subsample': 0.6718064291677197, 'colsample_bytree': 0.907572100523253, 'min_child_samples': 54, 'reg_alpha': 0.0008059760040484764, 'reg_lambda': 0.0008035254429445621}. Best is trial 14 with value: 0.12767871057710312.
[I 2026-06-01 15:00:39,329] A new study created in memory with name: no-name-502503de-fbf6-478f-aee4-94b49b52aad3
