[I 2026-06-01 14:58:49,555] Trial 16 finished with value: 0.00017986900378253178 and parameters: {'confidence_threshold': 0.5432818053112383, 'training_days': 340, 'n_estimators': 173, 'max_depth': 4, 'num_leaves': 44, 'learning_rate': 0.19484010919105957, 'subsample': 0.8596161554104366, 'colsample_bytree': 0.8835081131605972, 'min_child_samples': 32, 'reg_alpha': 6.553288766686698e-06, 'reg_lambda': 0.0002786624127605132}. Best is trial 3 with value: 0.03376248434741377.
[I 2026-06-01 14:58:49,598] Trial 17 finished with value: -0.09247265983675143 and parameters: {'confidence_threshold': 0.6235092015218521, 'training_days': 50, 'n_estimators': 81, 'max_depth': 5, 'num_leaves': 15, 'learning_rate': 0.10843784619353589, 'subsample': 0.7544919614854775, 'colsample_bytree': 0.7882069742740347, 'min_child_samples': 49, 'reg_alpha': 7.284070645541434, 'reg_lambda': 1.1511599544966255e-07}. Best is trial 3 with value: 0.03376248434741377.
[I 2026-06-01 14:58:49,867] A new study created in memory with name: no-name-4207254f-57ce-41e2-8257-47c1b51c76e2
[I 2026-06-01 14:58:50,053] Trial 0 finished with value: -0.04078373003194894 and parameters: {'confidence_threshold': 0.5870645682749857, 'training_days': 90, 'n_estimators': 403, 'max_depth': 5, 'num_leaves': 45, 'learning_rate': 0.0780457193679974, 'subsample': 0.9428509515574568, 'colsample_bytree': 0.8795587339164916, 'min_child_samples': 34, 'reg_alpha': 2.2465901234314442e-07, 'reg_lambda': 8.339007036475363e-05}. Best is trial 0 with value: -0.04078373003194894.
[I 2026-06-01 14:58:50,165] Trial 1 finished with value: 0.00821957170388027 and parameters: {'confidence_threshold': 0.6348453934275313, 'training_days': 290, 'n_estimators': 115, 'max_depth': 5, 'num_leaves': 37, 'learning_rate': 0.06949568759029946, 'subsample': 0.8228505074024268, 'colsample_bytree': 0.8616703220431751, 'min_child_samples': 75, 'reg_alpha': 4.2486822725010923e-07, 'reg_lambda': 1.157247767047042e-07}. Best is trial 1 with value: 0.00821957170388027.
[I 2026-06-01 14:58:50,184] Trial 2 finished with value: -1.943067553241938 and parameters: {'confidence_threshold': 0.5849570384370288, 'training_days': 10, 'n_estimators': 212, 'max_depth': 3, 'num_leaves': 41, 'learning_rate': 0.18452095998378365, 'subsample': 0.6001060822924371, 'colsample_bytree': 0.5673167293506167, 'min_child_samples': 37, 'reg_alpha': 5.733250064217131, 'reg_lambda': 0.5308454292595461}. Best is trial 1 with value: 0.00821957170388027.
[I 2026-06-01 14:58:50,272] Trial 3 finished with value: -0.06694754549461471 and parameters: {'confidence_threshold': 0.6868248626683718, 'training_days': 220, 'n_estimators': 134, 'max_depth': 3, 'num_leaves': 45, 'learning_rate': 0.033529007907491595, 'subsample': 0.8647277071858408, 'colsample_bytree': 0.778494116634046, 'min_child_samples': 96, 'reg_alpha': 2.409409937265785e-07, 'reg_lambda': 1.1642073478060009}. Best is trial 1 with value: 0.00821957170388027.
[I 2026-06-01 14:58:50,367] Trial 4 finished with value: 0.012632860903375046 and parameters: {'confidence_threshold': 0.5623121348350352, 'training_days': 300, 'n_estimators': 69, 'max_depth': 4, 'num_leaves': 32, 'learning_rate': 0.14967629360700346, 'subsample': 0.5054535233636654, 'colsample_bytree': 0.7401385194659216, 'min_child_samples': 27, 'reg_alpha': 1.4212042567426725e-07, 'reg_lambda': 0.23605753701352003}. Best is trial 4 with value: 0.012632860903375046.
[I 2026-06-01 14:58:50,835] Trial 5 finished with value: -0.045229082738653004 and parameters: {'confidence_threshold': 0.7111850244908446, 'training_days': 490, 'n_estimators': 362, 'max_depth': 5, 'num_leaves': 40, 'learning_rate': 0.05960785724162737, 'subsample': 0.5589714368907717, 'colsample_bytree': 0.6659006943232806, 'min_child_samples': 42, 'reg_alpha': 0.6741360303045295, 'reg_lambda': 6.054601607143087e-08}. Best is trial 4 with value: 0.012632860903375046.
[I 2026-06-01 14:58:51,025] Trial 6 finished with value: -0.06257744375954748 and parameters: {'confidence_threshold': 0.667482545748023, 'training_days': 420, 'n_estimators': 279, 'max_depth': 3, 'num_leaves': 45, 'learning_rate': 0.040099592560849204, 'subsample': 0.8563114696415159, 'colsample_bytree': 0.5442917781944105, 'min_child_samples': 50, 'reg_alpha': 1.6407916423707903e-08, 'reg_lambda': 2.935907642973286e-05}. Best is trial 4 with value: 0.012632860903375046.
[I 2026-06-01 14:58:51,182] Trial 7 finished with value: -0.004169687179683862 and parameters: {'confidence_threshold': 0.5497381024139926, 'training_days': 120, 'n_estimators': 408, 'max_depth': 5, 'num_leaves': 38, 'learning_rate': 0.28049122657745795, 'subsample': 0.8806573338635493, 'colsample_bytree': 0.5454054113547102, 'min_child_samples': 63, 'reg_alpha': 0.01263008637940408, 'reg_lambda': 0.04588020805366937}. Best is trial 4 with value: 0.012632860903375046.

    [trial 7] Sharpe=-0.0248 (folds: 0.1591, -0.0816, -0.1635, -0.1554, 0.1173)
    [trial 8] 47 features, training_days=240 | threshold=0.811 | labels: 1050 long, 1118 short (48/52%)
    [trial 8] Sharpe=-0.1827 (folds: 0.2264, -0.1400, -0.6831, -0.3996, 0.0828)
    [trial 9] 47 features, training_days=20 | threshold=0.538 | labels: 1050 long, 1118 short (48/52%)
    [trial 9] Sharpe=-0.0885 (folds: 0.0193, 0.1759, -0.3845, -0.1211, -0.1322)
    [trial 10] 47 features, training_days=10 | threshold=0.732 | labels: 1050 long, 1118 short (48/52%)
    [trial 10] Sharpe=-1.9431 (folds: 0.0193, 0.1759, 0.1250, -10.0000, -0.0356)
    [trial 11] 47 features, training_days=110 | threshold=0.695 | labels: 1050 long, 1118 short (48/52%)
    [trial 11] Sharpe=-0.0763 (folds: 0.1387, -0.1335, -0.3203, -0.0447, -0.0218)
    [trial 12] 47 features, training_days=310 | threshold=0.640 | labels: 1050 long, 1118 short (48/52%)
    [trial 12] Sharpe=-0.0025 (folds: 0.1164, -0.0189, -0.0523, -0.1180, 0.0606)
    [trial 13] 47 features, training_days=130 | threshold=0.751 | labels: 1050 long, 1118 short (48/52%)
    [trial 13] Sharpe=-0.0422 (folds: 0.2239, -0.1163, -0.3938, -0.0788, 0.1540)
    [trial 14] 47 features, training_days=500 | threshold=0.665 | labels: 1050 long, 1118 short (48/52%)
    [trial 14] Sharpe=-0.0252 (folds: 0.0850, -0.0832, -0.1656, 0.0316, 0.0063)
    [trial 15] 47 features, training_days=90 | threshold=0.777 | labels: 1050 long, 1118 short (48/52%)
    [trial 15] Sharpe=-0.0722 (folds: 0.1856, -0.0287, -0.3614, -0.2447, 0.0883)
    [trial 16] 47 features, training_days=320 | threshold=0.705 | labels: 1050 long, 1118 short (48/52%)
    [trial 16] Sharpe=-0.0278 (folds: 0.1645, -0.0420, -0.1551, -0.1632, 0.0568)
    [trial 17] 47 features, training_days=400 | threshold=0.627 | labels: 1050 long, 1118 short (48/52%)
    [trial 17] Sharpe=-0.0402 (folds: 0.1376, -0.1033, -0.2619, -0.1743, 0.2008)
  Optuna: 18 trials, best Sharpe = 0.1296
  Best params: n_estimators=138, max_depth=3, lr=0.0375, leaves=30
  Best confidence_threshold: 0.823
  Best training_days: 50
  Retrained on full data (150 samples, 47 features)
  [ensemble 2/3] seed=123
    [trial 0] 47 features, training_days=150 | threshold=0.744 | labels: 1050 long, 1118 short (48/52%)
    [CV fold 0] train_end=2021-11-22 08:00 | val_start=2021-11-30 00:00 | gap=184h (22 rows)
    [CV fold 1] train_end=2022-03-22 16:00 | val_start=2022-03-30 08:00 | gap=184h (22 rows)
    [CV fold 2] train_end=2022-07-21 00:00 | val_start=2022-07-28 16:00 | gap=184h (22 rows)
    [CV fold 3] train_end=2022-11-18 08:00 | val_start=2022-11-26 00:00 | gap=184h (22 rows)
    [CV fold 4] train_end=2023-03-18 16:00 | val_start=2023-03-26 08:00 | gap=184h (22 rows)
    [trial 0] Sharpe=-0.0582 (folds: 0.2428, -0.1542, -0.3344, -0.3230, 0.2777)
    [trial 1] 47 features, training_days=220 | threshold=0.755 | labels: 1050 long, 1118 short (48/52%)
    [trial 1] Sharpe=-4.2208 (folds: -10.0000, -0.4537, -10.0000, -0.7477, 0.0977)
    [trial 2] 47 features, training_days=310 | threshold=0.754 | labels: 1050 long, 1118 short (48/52%)
    [trial 2] Sharpe=-0.0168 (folds: 0.1469, -0.1397, -0.1460, -0.1538, 0.2088)
    [trial 3] 47 features, training_days=220 | threshold=0.673 | labels: 1050 long, 1118 short (48/52%)
    [trial 3] Sharpe=0.0338 (folds: 0.2108, 0.0029, -0.0812, -0.0285, 0.0648)
    [trial 4] 47 features, training_days=130 | threshold=0.803 | labels: 1050 long, 1118 short (48/52%)
    [trial 4] Sharpe=-0.0084 (folds: 0.2110, -0.0310, -0.3219, -0.1122, 0.2120)
    [trial 5] 47 features, training_days=210 | threshold=0.606 | labels: 1050 long, 1118 short (48/52%)
    [trial 5] Sharpe=-0.0227 (folds: 0.1634, -0.0430, -0.3017, -0.0545, 0.1225)
    [trial 6] 47 features, training_days=130 | threshold=0.767 | labels: 1050 long, 1118 short (48/52%)
    [trial 6] Sharpe=-0.0115 (folds: 0.1076, -0.0128, -0.2939, 0.0066, 0.1349)
    [trial 7] 47 features, training_days=80 | threshold=0.556 | labels: 1050 long, 1118 short (48/52%)
    [trial 7] Sharpe=-0.0381 (folds: 0.3013, -0.2143, -0.3218, 0.0067, 0.0379)
    [trial 8] 47 features, training_days=200 | threshold=0.607 | labels: 1050 long, 1118 short (48/52%)
    [trial 8] Sharpe=0.0070 (folds: 0.1627, 0.0071, -0.1893, -0.0089, 0.0634)
    [trial 9] 47 features, training_days=260 | threshold=0.620 | labels: 1050 long, 1118 short (48/52%)
    [trial 9] Sharpe=-0.0077 (folds: 0.1920, -0.0667, -0.1948, -0.0684, 0.0992)
    [trial 10] 47 features, training_days=470 | threshold=0.676 | labels: 1050 long, 1118 short (48/52%)
    [trial 10] Sharpe=-0.0069 (folds: 0.1499, -0.1271, -0.2291, 0.0365, 0.1354)
    [trial 11] 47 features, training_days=360 | threshold=0.513 | labels: 1050 long, 1118 short (48/52%)
    [trial 11] Sharpe=-0.0159 (folds: 0.1577, -0.0011, -0.2132, -0.1327, 0.1100)
    [trial 12] 47 features, training_days=20 | threshold=0.673 | labels: 1050 long, 1118 short (48/52%)
    [trial 12] Sharpe=-2.0116 (folds: 0.0193, 0.1759, -10.0000, -0.1211, -0.1322)
    [trial 13] 47 features, training_days=400 | threshold=0.668 | labels: 1050 long, 1118 short (48/52%)
    [trial 13] Sharpe=-0.0149 (folds: 0.2222, 0.0373, -0.2650, -0.1334, 0.0643)
    [trial 14] 47 features, training_days=290 | threshold=0.607 | labels: 1050 long, 1118 short (48/52%)
    [trial 14] Sharpe=0.0067 (folds: 0.1519, 0.0237, -0.1798, 0.0068, 0.0308)
    [trial 15] 47 features, training_days=200 | threshold=0.705 | labels: 1050 long, 1118 short (48/52%)
    [trial 15] Sharpe=-0.0717 (folds: 0.1332, -0.0676, -0.3729, -0.1843, 0.1329)
    [trial 16] 47 features, training_days=340 | threshold=0.543 | labels: 1050 long, 1118 short (48/52%)
    [trial 16] Sharpe=0.0002 (folds: 0.1422, -0.0194, -0.1617, -0.0535, 0.0934)
    [trial 17] 47 features, training_days=50 | threshold=0.624 | labels: 1050 long, 1118 short (48/52%)
    [trial 17] Sharpe=-0.0925 (folds: 0.0584, -0.1419, -0.3992, -0.0166, 0.0369)
  Optuna: 18 trials, best Sharpe = 0.0338
  Best params: n_estimators=190, max_depth=4, lr=0.2481, leaves=58
  Best confidence_threshold: 0.673
  Best training_days: 220
  Retrained on full data (660 samples, 47 features)
  [ensemble 3/3] seed=456
    [trial 0] 47 features, training_days=90 | threshold=0.587 | labels: 1050 long, 1118 short (48/52%)
    [CV fold 0] train_end=2021-11-22 08:00 | val_start=2021-11-30 00:00 | gap=184h (22 rows)
    [CV fold 1] train_end=2022-03-22 16:00 | val_start=2022-03-30 08:00 | gap=184h (22 rows)
    [CV fold 2] train_end=2022-07-21 00:00 | val_start=2022-07-28 16:00 | gap=184h (22 rows)
    [CV fold 3] train_end=2022-11-18 08:00 | val_start=2022-11-26 00:00 | gap=184h (22 rows)
    [CV fold 4] train_end=2023-03-18 16:00 | val_start=2023-03-26 08:00 | gap=184h (22 rows)
    [trial 0] Sharpe=-0.0408 (folds: 0.0756, 0.0204, -0.2942, -0.1258, 0.1201)
    [trial 1] 47 features, training_days=290 | threshold=0.635 | labels: 1050 long, 1118 short (48/52%)
    [trial 1] Sharpe=0.0082 (folds: 0.1238, -0.0593, -0.0111, -0.0660, 0.0536)
    [trial 2] 47 features, training_days=10 | threshold=0.585 | labels: 1050 long, 1118 short (48/52%)
    [trial 2] Sharpe=-1.9431 (folds: 0.0193, 0.1759, 0.1250, -10.0000, -0.0356)
    [trial 3] 47 features, training_days=220 | threshold=0.687 | labels: 1050 long, 1118 short (48/52%)
    [trial 3] Sharpe=-0.0669 (folds: 0.2087, -0.1453, -0.5057, -0.0347, 0.1423)
    [trial 4] 47 features, training_days=300 | threshold=0.562 | labels: 1050 long, 1118 short (48/52%)
    [trial 4] Sharpe=0.0126 (folds: 0.1553, -0.0821, -0.0914, -0.0676, 0.1490)
    [trial 5] 47 features, training_days=490 | threshold=0.711 | labels: 1050 long, 1118 short (48/52%)
    [trial 5] Sharpe=-0.0452 (folds: 0.1494, -0.1354, -0.2413, -0.0717, 0.0729)
    [trial 6] 47 features, training_days=420 | threshold=0.667 | labels: 1050 long, 1118 short (48/52%)
    [trial 6] Sharpe=-0.0626 (folds: 0.1915, -0.1139, -0.1965, -0.2159, 0.0220)
    [trial 7] 47 features, training_days=120 | threshold=0.550 | labels: 1050 long, 1118 short (48/52%)
    [trial 7] Sharpe=-0.0042 (folds: 0.1973, -0.0363, -0.2849, 0.0278, 0.0752)
    [trial 8] 47 features, training_days=450 | threshold=0.720 | labels: 1050 long, 1118 short (48/52%)[I 2026-06-01 14:58:51,457] Trial 8 finished with value: -0.02885548204045519 and parameters: {'confidence_threshold': 0.719644804808716, 'training_days': 450, 'n_estimators': 410, 'max_depth': 4, 'num_leaves': 57, 'learning_rate': 0.04022026551478857, 'subsample': 0.5336085426932707, 'colsample_bytree': 0.5705742850577543, 'min_child_samples': 100, 'reg_alpha': 5.916398047912201e-07, 'reg_lambda': 0.9794034214488329}. Best is trial 4 with value: 0.012632860903375046.
[I 2026-06-01 14:58:51,482] Trial 9 finished with value: -2.011619124898604 and parameters: {'confidence_threshold': 0.7267463643917187, 'training_days': 20, 'n_estimators': 337, 'max_depth': 5, 'num_leaves': 23, 'learning_rate': 0.022153031811454605, 'subsample': 0.6305627572358737, 'colsample_bytree': 0.6613413774216214, 'min_child_samples': 81, 'reg_alpha': 5.7638634029410314e-08, 'reg_lambda': 8.26603016764008}. Best is trial 4 with value: 0.012632860903375046.
[I 2026-06-01 14:58:51,576] Trial 10 finished with value: -0.05735316671834696 and parameters: {'confidence_threshold': 0.8398533911817929, 'training_days': 320, 'n_estimators': 52, 'max_depth': 4, 'num_leaves': 15, 'learning_rate': 0.1708019296390162, 'subsample': 0.7130289643560688, 'colsample_bytree': 0.9944479338273263, 'min_child_samples': 23, 'reg_alpha': 6.837313901272251e-05, 'reg_lambda': 0.007549769720510555}. Best is trial 4 with value: 0.012632860903375046.
[I 2026-06-01 14:58:51,651] Trial 11 finished with value: 0.08545202587776284 and parameters: {'confidence_threshold': 0.6075016155177957, 'training_days': 300, 'n_estimators': 54, 'max_depth': 4, 'num_leaves': 29, 'learning_rate': 0.010226258249598861, 'subsample': 0.741942921860466, 'colsample_bytree': 0.8016610248739169, 'min_child_samples': 71, 'reg_alpha': 2.5646023357365184e-05, 'reg_lambda': 7.359299995524362e-08}. Best is trial 11 with value: 0.08545202587776284.
[I 2026-06-01 14:58:51,731] Trial 12 finished with value: -0.03450723106517913 and parameters: {'confidence_threshold': 0.5145853631584999, 'training_days': 360, 'n_estimators': 54, 'max_depth': 4, 'num_leaves': 26, 'learning_rate': 0.010306365551845425, 'subsample': 0.708221374482378, 'colsample_bytree': 0.7647361233728238, 'min_child_samples': 62, 'reg_alpha': 5.113460481149383e-05, 'reg_lambda': 2.0831803692649198e-06}. Best is trial 11 with value: 0.08545202587776284.
[I 2026-06-01 14:58:51,853] Trial 13 finished with value: -0.1353481618060463 and parameters: {'confidence_threshold': 0.6092349708206475, 'training_days': 210, 'n_estimators': 180, 'max_depth': 4, 'num_leaves': 30, 'learning_rate': 0.010705822780645373, 'subsample': 0.6510286759524097, 'colsample_bytree': 0.8586462110355289, 'min_child_samples': 77, 'reg_alpha': 8.465942575614097e-06, 'reg_lambda': 0.002213814638104446}. Best is trial 11 with value: 0.08545202587776284.
[I 2026-06-01 14:58:52,366] Trial 14 finished with value: -0.016722827164706272 and parameters: {'confidence_threshold': 0.5043119352038526, 'training_days': 380, 'n_estimators': 500, 'max_depth': 4, 'num_leaves': 31, 'learning_rate': 0.11008871219728299, 'subsample': 0.5024308104942443, 'colsample_bytree': 0.6999580784418055, 'min_child_samples': 22, 'reg_alpha': 0.005155395008974287, 'reg_lambda': 1.9537169326802645e-06}. Best is trial 11 with value: 0.08545202587776284.
[I 2026-06-01 14:58:52,483] Trial 15 finished with value: -3.9936149667442207 and parameters: {'confidence_threshold': 0.7829525506318393, 'training_days': 250, 'n_estimators': 109, 'max_depth': 4, 'num_leaves': 18, 'learning_rate': 0.017198807752211255, 'subsample': 0.7712750015662843, 'colsample_bytree': 0.8144377937283438, 'min_child_samples': 56, 'reg_alpha': 3.6671354882961693e-06, 'reg_lambda': 0.0013467843257158065}. Best is trial 11 with value: 0.08545202587776284.
[I 2026-06-01 14:58:52,627] Trial 16 finished with value: -0.021444735572306795 and parameters: {'confidence_threshold': 0.5499943839243128, 'training_days': 170, 'n_estimators': 227, 'max_depth': 4, 'num_leaves': 55, 'learning_rate': 0.10440758277565931, 'subsample': 0.9475927193380842, 'colsample_bytree': 0.9580393811111498, 'min_child_samples': 70, 'reg_alpha': 0.0017917333073489729, 'reg_lambda': 0.027962847203500334}. Best is trial 11 with value: 0.08545202587776284.
[I 2026-06-01 14:58:52,721] Trial 17 finished with value: 0.06407044401606274 and parameters: {'confidence_threshold': 0.6285841027546357, 'training_days': 310, 'n_estimators': 92, 'max_depth': 3, 'num_leaves': 33, 'learning_rate': 0.019352225990314435, 'subsample': 0.6718064291677197, 'colsample_bytree': 0.7142219102330146, 'min_child_samples': 49, 'reg_alpha': 5.248455022253937e-06, 'reg_lambda': 5.691588223985903e-06}. Best is trial 11 with value: 0.08545202587776284.
[I 2026-06-01 14:58:53,222] A new study created in memory with name: no-name-230d5d72-8cac-40de-8835-8311796c5ccc
[I 2026-06-01 14:58:53,549] Trial 0 finished with value: -0.13016325602423656 and parameters: {'confidence_threshold': 0.6310890415965769, 'training_days': 480, 'n_estimators': 380, 'max_depth': 4, 'num_leaves': 22, 'learning_rate': 0.01699897838270077, 'subsample': 0.5290418060840998, 'colsample_bytree': 0.9330880728874675, 'min_child_samples': 68, 'reg_alpha': 0.023585940584142682, 'reg_lambda': 1.5320059381854043e-08}. Best is trial 0 with value: -0.13016325602423656.
[I 2026-06-01 14:58:53,670] Trial 1 finished with value: -4.12018782951569 and parameters: {'confidence_threshold': 0.839468448256698, 'training_days': 420, 'n_estimators': 145, 'max_depth': 3, 'num_leaves': 23, 'learning_rate': 0.028145092716060652, 'subsample': 0.762378215816119, 'colsample_bytree': 0.7159725093210578, 'min_child_samples': 43, 'reg_alpha': 0.0032112643094417484, 'reg_lambda': 1.8007140198129195e-07}. Best is trial 0 with value: -0.13016325602423656.
[I 2026-06-01 14:58:53,849] Trial 2 finished with value: -0.037266764573854 and parameters: {'confidence_threshold': 0.6022506269873263, 'training_days': 190, 'n_estimators': 255, 'max_depth': 5, 'num_leaves': 24, 'learning_rate': 0.05748924681991978, 'subsample': 0.7962072844310213, 'colsample_bytree': 0.5232252063599989, 'min_child_samples': 69, 'reg_alpha': 3.425445902633376e-07, 'reg_lambda': 3.850031979199519e-08}. Best is trial 2 with value: -0.037266764573854.
[I 2026-06-01 14:58:54,138] Trial 3 finished with value: -0.10014663131953885 and parameters: {'confidence_threshold': 0.8321099380386666, 'training_days': 490, 'n_estimators': 414, 'max_depth': 3, 'num_leaves': 19, 'learning_rate': 0.1024932221692416, 'subsample': 0.7200762468698007, 'colsample_bytree': 0.5610191174223894, 'min_child_samples': 60, 'reg_alpha': 2.039373116525212e-08, 'reg_lambda': 1.527156759251193}. Best is trial 2 with value: -0.037266764573854.
[I 2026-06-01 14:58:54,319] Trial 4 finished with value: -0.08496583071278926 and parameters: {'confidence_threshold': 0.5905729935600059, 'training_days': 340, 'n_estimators': 190, 'max_depth': 4, 'num_leaves': 41, 'learning_rate': 0.01875220945578641, 'subsample': 0.9847923138822793, 'colsample_bytree': 0.8875664116805573, 'min_child_samples': 96, 'reg_alpha': 1.1309571585271483, 'reg_lambda': 0.002404915432737351}. Best is trial 2 with value: -0.037266764573854.
[I 2026-06-01 14:58:54,368] Trial 5 finished with value: -0.08336297017697837 and parameters: {'confidence_threshold': 0.8226559822580909, 'training_days': 50, 'n_estimators': 138, 'max_depth': 3, 'num_leaves': 30, 'learning_rate': 0.03750796359625606, 'subsample': 0.6356745158869479, 'colsample_bytree': 0.9143687545759647, 'min_child_samples': 48, 'reg_alpha': 3.376063348877853e-06, 'reg_lambda': 0.0007660634613082914}. Best is trial 2 with value: -0.037266764573854.
