[I 2026-06-01 14:56:51,496] Trial 17 finished with value: -0.011562666122059228 and parameters: {'confidence_threshold': 0.6223679766727662, 'training_days': 150, 'n_estimators': 261, 'max_depth': 4, 'num_leaves': 18, 'learning_rate': 0.014399917848714062, 'subsample': 0.9926787295500498, 'colsample_bytree': 0.6895338096082072, 'min_child_samples': 54, 'reg_alpha': 0.003779012890739376, 'reg_lambda': 0.0020581353034308456}. Best is trial 16 with value: 0.1111239621941201.

    [trial 14] 47 features, training_days=290 | threshold=0.607 | labels: 1161 long, 1007 short (54/46%)
    [trial 14] Sharpe=0.1069 (folds: 0.2550, -0.0504, 0.1581, 0.1932, -0.0214)
    [trial 15] 47 features, training_days=200 | threshold=0.705 | labels: 1161 long, 1007 short (54/46%)
    [trial 15] Sharpe=0.0114 (folds: 0.0435, -0.1081, 0.0021, 0.1975, -0.0779)
    [trial 16] 47 features, training_days=340 | threshold=0.543 | labels: 1161 long, 1007 short (54/46%)
    [trial 16] Sharpe=0.1113 (folds: 0.3580, -0.0690, 0.2091, 0.0669, -0.0088)
    [trial 17] 47 features, training_days=50 | threshold=0.624 | labels: 1161 long, 1007 short (54/46%)
    [trial 17] Sharpe=-0.0076 (folds: 0.2276, -0.1744, -0.3285, 0.3045, -0.0674)
  Optuna: 18 trials, best Sharpe = 0.1462
  Best params: n_estimators=190, max_depth=4, lr=0.2481, leaves=58
  Best confidence_threshold: 0.673
  Best training_days: 220
  Retrained on full data (660 samples, 47 features)
  [ensemble 3/3] seed=456
    [trial 0] 47 features, training_days=90 | threshold=0.587 | labels: 1161 long, 1007 short (54/46%)
    [CV fold 0] train_end=2020-11-22 08:00 | val_start=2020-11-30 00:00 | gap=184h (22 rows)
    [CV fold 1] train_end=2021-03-22 16:00 | val_start=2021-03-30 08:00 | gap=184h (22 rows)
    [CV fold 2] train_end=2021-07-21 00:00 | val_start=2021-07-28 16:00 | gap=184h (22 rows)
    [CV fold 3] train_end=2021-11-18 08:00 | val_start=2021-11-26 00:00 | gap=184h (22 rows)
    [CV fold 4] train_end=2022-03-18 16:00 | val_start=2022-03-26 08:00 | gap=184h (22 rows)
    [trial 0] Sharpe=-0.0303 (folds: 0.2325, -0.2313, -0.2819, 0.1143, 0.0152)
    [trial 1] 47 features, training_days=290 | threshold=0.635 | labels: 1161 long, 1007 short (54/46%)
    [trial 1] Sharpe=0.0818 (folds: 0.1709, -0.1031, 0.2711, 0.1755, -0.1054)
    [trial 2] 47 features, training_days=10 | threshold=0.585 | labels: 1161 long, 1007 short (54/46%)
    [trial 2] Sharpe=-0.0370 (folds: -0.3236, 0.2195, -0.3050, 0.0175, 0.2066)
    [trial 3] 47 features, training_days=220 | threshold=0.687 | labels: 1161 long, 1007 short (54/46%)
    [trial 3] Sharpe=0.1012 (folds: 0.1557, -0.1918, 0.3906, 0.1523, -0.0009)
    [trial 4] 47 features, training_days=300 | threshold=0.562 | labels: 1161 long, 1007 short (54/46%)
    [trial 4] Sharpe=0.0552 (folds: 0.1871, -0.1183, 0.2183, 0.0351, -0.0464)
    [trial 5] 47 features, training_days=490 | threshold=0.711 | labels: 1161 long, 1007 short (54/46%)
    [trial 5] Sharpe=0.0738 (folds: 0.2331, -0.1152, 0.3069, -0.0476, -0.0079)
    [trial 6] 47 features, training_days=420 | threshold=0.667 | labels: 1161 long, 1007 short (54/46%)
    [trial 6] Sharpe=0.0687 (folds: 0.1480, -0.1154, 0.3514, 0.0657, -0.1063)
    [trial 7] 47 features, training_days=120 | threshold=0.550 | labels: 1161 long, 1007 short (54/46%)
    [trial 7] Sharpe=0.0256 (folds: 0.0866, -0.1728, -0.0034, 0.1869, 0.0310)
    [trial 8] 47 features, training_days=450 | threshold=0.720 | labels: 1161 long, 1007 short (54/46%)
    [trial 8] Sharpe=0.0259 (folds: 0.0872, -0.1140, 0.3657, -0.0832, -0.1262)
    [trial 9] 47 features, training_days=20 | threshold=0.727 | labels: 1161 long, 1007 short (54/46%)
    [trial 9] Sharpe=-1.9289 (folds: 0.3937, 0.2195, -10.0000, 0.0175, -0.2749)
    [trial 10] 47 features, training_days=200 | threshold=0.828 | labels: 1161 long, 1007 short (54/46%)
    [trial 10] Sharpe=-3.9597 (folds: 0.0544, 0.3553, -10.0000, -0.2083, -10.0000)
    [trial 11] 47 features, training_days=300 | threshold=0.644 | labels: 1161 long, 1007 short (54/46%)
    [trial 11] Sharpe=0.1035 (folds: 0.3894, -0.1623, 0.3958, 0.0780, -0.1834)
    [trial 12] 47 features, training_days=360 | threshold=0.781 | labels: 1161 long, 1007 short (54/46%)
    [trial 12] Sharpe=-3.9694 (folds: 0.1359, -0.0468, -10.0000, 0.0637, -10.0000)
    [trial 13] 47 features, training_days=210 | threshold=0.504 | labels: 1161 long, 1007 short (54/46%)
    [trial 13] Sharpe=0.1107 (folds: 0.2131, -0.0269, 0.2432, 0.1621, -0.0381)
    [trial 14] 47 features, training_days=170 | threshold=0.509 | labels: 1161 long, 1007 short (54/46%)
    [trial 14] Sharpe=0.0590 (folds: 0.1885, -0.0075, 0.0097, 0.0999, 0.0042)
    [trial 15] 47 features, training_days=330 | threshold=0.506 | labels: 1161 long, 1007 short (54/46%)
    [trial 15] Sharpe=0.0719 (folds: 0.2252, -0.1139, 0.2812, 0.0322, -0.0651)
    [trial 16] 47 features, training_days=250 | threshold=0.621 | labels: 1161 long, 1007 short (54/46%)
    [trial 16] Sharpe=0.1111 (folds: 0.3741, -0.2143, 0.3324, 0.1009, -0.0374)
    [trial 17] 47 features, training_days=150 | threshold=0.622 | labels: 1161 long, 1007 short (54/46%)
    [trial 17] Sharpe=-0.0116 (folds: 0.3094, -0.1708, -0.2763, 0.2162, -0.1363)
  Optuna: 18 trials, best Sharpe = 0.1111
  Best params: n_estimators=125, max_depth=4, lr=0.0176, leaves=52
  Best confidence_threshold: 0.621
  Best training_days: 250
  Retrained on full data (750 samples, 47 features)
  OOD: 16 features, cutoff (q=0.7) = 9.26
  Model trained for 2022-08: 93 test candles with features, confidence_threshold=0.689
[trade:close] 2022-08-06 16:00 BTCUSDT SHORT → timeout @ 23191.20 | PnL=+5.43% (net +5.33%) | cum=+5.83% 2022-08=+5.33% 2022-08-06=+5.33%
[predict] 2022-08-08 16:00 BTCUSDT → LONG (proba=0.70 TP=7.2%/SL=3.6%)
[trade:open] 2022-08-08 23:59 BTCUSDT LONG @ 23804.40 | SL=22945.62 TP=25521.95 | timeout=2022-08-15 23:59
[trade:close] 2022-08-09 15:59 BTCUSDT LONG → stop_loss @ 22945.62 | PnL=-3.61% (net -3.71%) | cum=+2.12% 2022-08=+1.62% 2022-08-09=-3.71%
[predict] 2022-08-11 00:00 BTCUSDT → SHORT (proba=0.78 TP=8.8%/SL=4.4%)
[trade:open] 2022-08-11 07:59 BTCUSDT SHORT @ 24429.50 | SL=25502.91 TP=22282.67 | timeout=2022-08-18 07:59
[trade:close] 2022-08-18 08:00 BTCUSDT SHORT → timeout @ 23402.50 | PnL=+4.20% (net +4.10%) | cum=+6.23% 2022-08=+5.73% 2022-08-18=+4.10%
[predict] 2022-08-22 08:00 BTCUSDT → LONG (proba=0.87 TP=9.0%/SL=4.5%)
[trade:open] 2022-08-22 15:59 BTCUSDT LONG @ 21388.00 | SL=20424.66 TP=23314.69 | timeout=2022-08-29 15:59
[trade:close] 2022-08-26 23:59 BTCUSDT LONG → stop_loss @ 20424.66 | PnL=-4.50% (net -4.60%) | cum=+1.62% 2022-08=+1.12% 2022-08-26=-4.60%
[predict] 2022-08-29 00:00 BTCUSDT → LONG (proba=0.87 TP=8.4%/SL=4.2%)
[trade:open] 2022-08-29 07:59 BTCUSDT LONG @ 19885.30 | SL=19047.18 TP=21561.54 | timeout=2022-09-05 07:59
[lgbm] === Training for 2022-09 ===
  Train window: 2020-09-01 → 2022-08-24
  2168 training samples from 1 symbols
  Samples per month: 2020-09: 90, 2020-10: 93, 2020-11: 90, 2020-12: 93, 2021-01: 93, 2021-02: 84, 2021-03: 93, 2021-04: 90, 2021-05: 93, 2021-06: 90, 2021-07: 93, 2021-08: 93, 2021-09: 90, 2021-10: 93, 2021-11: 90, 2021-12: 93, 2022-01: 93, 2022-02: 84, 2022-03: 93, 2022-04: 90, 2022-05: 93, 2022-06: 90, 2022-07: 93, 2022-08: 71
  [label] 2020-11-01 16:00 BTCUSDT entry=13752.8600 → LONG | long=tp(+8.27%) short=sl(-4.28%) | scanned=11 | long_tp_only
  [label] 2020-11-03 16:00 BTCUSDT entry=14016.5500 → LONG | long=tp(+8.54%) short=sl(-4.42%) | scanned=6 | long_tp_only
  [label] 2020-11-07 16:00 BTCUSDT entry=14824.3400 → LONG | long=timeout(+8.27%) short=sl(-6.22%) | scanned=22 | no_tp→fwd_return=+8.3658
  [label] 2020-12-02 08:00 BTCUSDT entry=18898.9700 → SHORT | long=timeout(-3.03%) short=timeout(+2.83%) | scanned=22 | no_tp→fwd_return=-2.9312
  [label] 2021-01-23 16:00 BTCUSDT entry=32086.4800 → LONG | long=timeout(+6.77%) short=sl(-11.02%) | scanned=22 | no_tp→fwd_return=+6.8670
  [label] 2021-07-08 16:00 BTCUSDT entry=32852.0400 → SHORT | long=timeout(-3.10%) short=timeout(+2.90%) | scanned=22 | no_tp→fwd_return=-3.0001
  [label] 2021-07-12 16:00 BTCUSDT entry=33070.8700 → SHORT | long=sl(-4.89%) short=timeout(+6.70%) | scanned=22 | no_tp→fwd_return=-6.7953
  [label] 2021-07-23 08:00 BTCUSDT entry=32305.8300 → LONG | long=tp(+8.86%) short=sl(-4.58%) | scanned=7 | long_tp_only
  [label] 2021-09-06 08:00 BTCUSDT entry=51631.8400 → SHORT | long=sl(-3.86%) short=tp(+7.42%) | scanned=3 | short_tp_only
  [label] 2021-09-14 16:00 BTCUSDT entry=47087.1800 → SHORT | long=sl(-5.74%) short=tp(+11.19%) | scanned=19 | short_tp_only
  [label] 2021-12-14 00:00 BTCUSDT entry=46981.7900 → LONG | long=timeout(+3.29%) short=timeout(-3.49%) | scanned=22 | no_tp→fwd_return=+3.3898[I 2026-06-01 14:56:51,914] A new study created in memory with name: no-name-d11691d9-6f4e-4dfd-9363-250b21577e80
[I 2026-06-01 14:56:52,232] Trial 0 finished with value: 0.04722448464178431 and parameters: {'confidence_threshold': 0.6310890415965769, 'training_days': 480, 'n_estimators': 380, 'max_depth': 4, 'num_leaves': 22, 'learning_rate': 0.01699897838270077, 'subsample': 0.5290418060840998, 'colsample_bytree': 0.9330880728874675, 'min_child_samples': 68, 'reg_alpha': 0.023585940584142682, 'reg_lambda': 1.5320059381854043e-08}. Best is trial 0 with value: 0.04722448464178431.
[I 2026-06-01 14:56:52,341] Trial 1 finished with value: -2.064406657169793 and parameters: {'confidence_threshold': 0.839468448256698, 'training_days': 420, 'n_estimators': 145, 'max_depth': 3, 'num_leaves': 23, 'learning_rate': 0.028145092716060652, 'subsample': 0.762378215816119, 'colsample_bytree': 0.7159725093210578, 'min_child_samples': 43, 'reg_alpha': 0.0032112643094417484, 'reg_lambda': 1.8007140198129195e-07}. Best is trial 0 with value: 0.04722448464178431.
[I 2026-06-01 14:56:52,493] Trial 2 finished with value: 0.023145984813513258 and parameters: {'confidence_threshold': 0.6022506269873263, 'training_days': 190, 'n_estimators': 255, 'max_depth': 5, 'num_leaves': 24, 'learning_rate': 0.05748924681991978, 'subsample': 0.7962072844310213, 'colsample_bytree': 0.5232252063599989, 'min_child_samples': 69, 'reg_alpha': 3.425445902633376e-07, 'reg_lambda': 3.850031979199519e-08}. Best is trial 0 with value: 0.04722448464178431.
[I 2026-06-01 14:56:52,761] Trial 3 finished with value: 0.007312664049671605 and parameters: {'confidence_threshold': 0.8321099380386666, 'training_days': 490, 'n_estimators': 414, 'max_depth': 3, 'num_leaves': 19, 'learning_rate': 0.1024932221692416, 'subsample': 0.7200762468698007, 'colsample_bytree': 0.5610191174223894, 'min_child_samples': 60, 'reg_alpha': 2.039373116525212e-08, 'reg_lambda': 1.527156759251193}. Best is trial 0 with value: 0.04722448464178431.
[I 2026-06-01 14:56:52,902] Trial 4 finished with value: 0.0580966124684902 and parameters: {'confidence_threshold': 0.5905729935600059, 'training_days': 340, 'n_estimators': 190, 'max_depth': 4, 'num_leaves': 41, 'learning_rate': 0.01875220945578641, 'subsample': 0.9847923138822793, 'colsample_bytree': 0.8875664116805573, 'min_child_samples': 96, 'reg_alpha': 1.1309571585271483, 'reg_lambda': 0.002404915432737351}. Best is trial 4 with value: 0.0580966124684902.
[I 2026-06-01 14:56:52,942] Trial 5 finished with value: 0.008654446585256747 and parameters: {'confidence_threshold': 0.8226559822580909, 'training_days': 50, 'n_estimators': 138, 'max_depth': 3, 'num_leaves': 30, 'learning_rate': 0.03750796359625606, 'subsample': 0.6356745158869479, 'colsample_bytree': 0.9143687545759647, 'min_child_samples': 48, 'reg_alpha': 3.376063348877853e-06, 'reg_lambda': 0.0007660634613082914}. Best is trial 4 with value: 0.0580966124684902.
[I 2026-06-01 14:56:53,044] Trial 6 finished with value: 0.07563856160184736 and parameters: {'confidence_threshold': 0.5493234787411669, 'training_days': 410, 'n_estimators': 83, 'max_depth': 5, 'num_leaves': 52, 'learning_rate': 0.019657448966046126, 'subsample': 0.5027610585618012, 'colsample_bytree': 0.9077307142274171, 'min_child_samples': 77, 'reg_alpha': 0.03639690979811287, 'reg_lambda': 0.08738424135626986}. Best is trial 6 with value: 0.07563856160184736.
[I 2026-06-01 14:56:53,131] Trial 7 finished with value: 0.05885102717005507 and parameters: {'confidence_threshold': 0.5259156281069316, 'training_days': 180, 'n_estimators': 102, 'max_depth': 5, 'num_leaves': 45, 'learning_rate': 0.030816017044468066, 'subsample': 0.5317791751430119, 'colsample_bytree': 0.6554911608578311, 'min_child_samples': 46, 'reg_alpha': 0.036851536911881845, 'reg_lambda': 0.005470376807480391}. Best is trial 6 with value: 0.07563856160184736.
[I 2026-06-01 14:56:53,239] Trial 8 finished with value: 0.04536331003551736 and parameters: {'confidence_threshold': 0.8105244599017143, 'training_days': 240, 'n_estimators': 103, 'max_depth': 5, 'num_leaves': 52, 'learning_rate': 0.06746437142284309, 'subsample': 0.8854835899772805, 'colsample_bytree': 0.7468977981821954, 'min_child_samples': 62, 'reg_alpha': 7.04480806377519e-05, 'reg_lambda': 1.6934490731313353e-08}. Best is trial 6 with value: 0.07563856160184736.
[I 2026-06-01 14:56:53,261] Trial 9 finished with value: -3.9036915695656873 and parameters: {'confidence_threshold': 0.5377619994476566, 'training_days': 20, 'n_estimators': 337, 'max_depth': 3, 'num_leaves': 39, 'learning_rate': 0.21907142272152816, 'subsample': 0.6246461145744375, 'colsample_bytree': 0.7051914615178149, 'min_child_samples': 81, 'reg_alpha': 1.1459970229341322e-06, 'reg_lambda': 4.929685216887945e-08}. Best is trial 6 with value: 0.07563856160184736.
[I 2026-06-01 14:56:53,885] Trial 10 finished with value: 0.007759479632833977 and parameters: {'confidence_threshold': 0.7378545837642324, 'training_days': 350, 'n_estimators': 487, 'max_depth': 5, 'num_leaves': 62, 'learning_rate': 0.011407797829608154, 'subsample': 0.628963476300746, 'colsample_bytree': 0.8340915966600303, 'min_child_samples': 27, 'reg_alpha': 8.536188349289, 'reg_lambda': 8.145051292774586}. Best is trial 6 with value: 0.07563856160184736.
[I 2026-06-01 14:56:53,944] Trial 11 finished with value: -0.0069105111341343315 and parameters: {'confidence_threshold': 0.5031729138375424, 'training_days': 150, 'n_estimators': 68, 'max_depth': 5, 'num_leaves': 51, 'learning_rate': 0.034281431052084296, 'subsample': 0.5039181992850618, 'colsample_bytree': 0.6334955364726846, 'min_child_samples': 85, 'reg_alpha': 0.12337102992538133, 'reg_lambda': 0.041461927055041085}. Best is trial 6 with value: 0.07563856160184736.
[I 2026-06-01 14:56:54,197] Trial 12 finished with value: 0.07137068378759598 and parameters: {'confidence_threshold': 0.5480546783766836, 'training_days': 310, 'n_estimators': 211, 'max_depth': 4, 'num_leaves': 50, 'learning_rate': 0.011371606828587318, 'subsample': 0.5707355051389618, 'colsample_bytree': 0.9955462072303609, 'min_child_samples': 20, 'reg_alpha': 0.0005730546360164263, 'reg_lambda': 5.884123677625385e-06}. Best is trial 6 with value: 0.07563856160184736.
[I 2026-06-01 14:56:54,445] Trial 13 finished with value: 0.034082914242573335 and parameters: {'confidence_threshold': 0.6944221668074981, 'training_days': 340, 'n_estimators': 209, 'max_depth': 4, 'num_leaves': 62, 'learning_rate': 0.01053288309468196, 'subsample': 0.5754051576863822, 'colsample_bytree': 0.9997336157190924, 'min_child_samples': 22, 'reg_alpha': 0.0003310602433273824, 'reg_lambda': 4.448098583586063e-06}. Best is trial 6 with value: 0.07563856160184736.
[I 2026-06-01 14:56:54,678] Trial 14 finished with value: 0.04819987449541617 and parameters: {'confidence_threshold': 0.5579143328559371, 'training_days': 390, 'n_estimators': 283, 'max_depth': 4, 'num_leaves': 53, 'learning_rate': 0.0173501476764208, 'subsample': 0.6836083175810096, 'colsample_bytree': 0.9909829130011685, 'min_child_samples': 81, 'reg_alpha': 0.00028170956199172204, 'reg_lambda': 7.565770484313319e-06}. Best is trial 6 with value: 0.07563856160184736.
[I 2026-06-01 14:56:54,769] Trial 15 finished with value: -2.037405487331387 and parameters: {'confidence_threshold': 0.6659130097143093, 'training_days': 270, 'n_estimators': 54, 'max_depth': 4, 'num_leaves': 56, 'learning_rate': 0.010017806900336032, 'subsample': 0.5846000995232821, 'colsample_bytree': 0.8315990194117981, 'min_child_samples': 34, 'reg_alpha': 0.002985939937507614, 'reg_lambda': 7.482879404932238e-05}. Best is trial 6 with value: 0.07563856160184736.
[I 2026-06-01 14:56:54,932] Trial 16 finished with value: 0.1036069546091648 and parameters: {'confidence_threshold': 0.5707941536839466, 'training_days': 280, 'n_estimators': 197, 'max_depth': 4, 'num_leaves': 35, 'learning_rate': 0.021565606006900852, 'subsample': 0.8508370842858346, 'colsample_bytree': 0.8196558346244137, 'min_child_samples': 73, 'reg_alpha': 2.3256962285369964e-05, 'reg_lambda': 0.23529158002820744}. Best is trial 16 with value: 0.1036069546091648.
[I 2026-06-01 14:56:55,083] Trial 17 finished with value: 0.0690177018977996 and parameters: {'confidence_threshold': 0.5948682651248604, 'training_days': 420, 'n_estimators': 159, 'max_depth': 4, 'num_leaves': 33, 'learning_rate': 0.020774712669090093, 'subsample': 0.8366733523272174, 'colsample_bytree': 0.8234349718390483, 'min_child_samples': 97, 'reg_alpha': 2.087192534114104e-05, 'reg_lambda': 0.12019071336464823}. Best is trial 16 with value: 0.1036069546091648.
[I 2026-06-01 14:56:55,233] A new study created in memory with name: no-name-e95b317d-ed37-4710-9484-16f87c20a99a
[I 2026-06-01 14:56:55,326] Trial 0 finished with value: -0.009478430351905858 and parameters: {'confidence_threshold': 0.7437642149592516, 'training_days': 150, 'n_estimators': 152, 'max_depth': 4, 'num_leaves': 50, 'learning_rate': 0.04216766425047743, 'subsample': 0.9903820991923078, 'colsample_bytree': 0.8424148692924316, 'min_child_samples': 58, 'reg_alpha': 3.381097259762742e-05, 'reg_lambda': 1.2263152961306247e-05}. Best is trial 0 with value: -0.009478430351905858.
[I 2026-06-01 14:56:55,400] Trial 1 finished with value: -0.1363839702053385 and parameters: {'confidence_threshold': 0.7551673975844145, 'training_days': 220, 'n_estimators': 76, 'max_depth': 4, 'num_leaves': 51, 'learning_rate': 0.018602118810743477, 'subsample': 0.5877258780737462, 'colsample_bytree': 0.7657756869209191, 'min_child_samples': 63, 'reg_alpha': 0.005123994170264194, 'reg_lambda': 0.44145470178120466}. Best is trial 0 with value: -0.009478430351905858.
[I 2026-06-01 14:56:55,660] Trial 2 finished with value: 0.03292511118127575 and parameters: {'confidence_threshold': 0.7535593637012223, 'training_days': 310, 'n_estimators': 375, 'max_depth': 3, 'num_leaves': 32, 'learning_rate': 0.021735641882032388, 'subsample': 0.6468570231944146, 'colsample_bytree': 0.8154880619272439, 'min_child_samples': 27, 'reg_alpha': 8.004064028491336e-05, 'reg_lambda': 7.546835261630524e-05}. Best is trial 2 with value: 0.03292511118127575.
[I 2026-06-01 14:56:55,826] Trial 3 finished with value: 0.08951091609954391 and parameters: {'confidence_threshold': 0.6727897841776072, 'training_days': 220, 'n_estimators': 190, 'max_depth': 4, 'num_leaves': 58, 'learning_rate': 0.24810689332636193, 'subsample': 0.7509183379421682, 'colsample_bytree': 0.8119764758960556, 'min_child_samples': 29, 'reg_alpha': 7.1708285081421445e-06, 'reg_lambda': 5.412973582738627e-05}. Best is trial 3 with value: 0.08951091609954391.
[I 2026-06-01 14:56:55,943] Trial 4 finished with value: -0.00890743493752097 and parameters: {'confidence_threshold': 0.803208205259178, 'training_days': 130, 'n_estimators': 267, 'max_depth': 5, 'num_leaves': 40, 'learning_rate': 0.08041175317374143, 'subsample': 0.5603143329951619, 'colsample_bytree': 0.9131704002534167, 'min_child_samples': 68, 'reg_alpha': 0.0008046593428183385, 'reg_lambda': 1.2158346158765583e-05}. Best is trial 3 with value: 0.08951091609954391.
[I 2026-06-01 14:56:56,176] Trial 5 finished with value: 0.06374550862242248 and parameters: {'confidence_threshold': 0.6064422761595144, 'training_days': 210, 'n_estimators': 357, 'max_depth': 5, 'num_leaves': 40, 'learning_rate': 0.0974221287220869, 'subsample': 0.7929682762811064, 'colsample_bytree': 0.8124517510478, 'min_child_samples': 74, 'reg_alpha': 0.3811377260781234, 'reg_lambda': 5.607314238392041e-08}. Best is trial 3 with value: 0.08951091609954391.
[I 2026-06-01 14:56:56,288] Trial 6 finished with value: 0.04326462251153293 and parameters: {'confidence_threshold': 0.7672889945051684, 'training_days': 130, 'n_estimators': 137, 'max_depth': 4, 'num_leaves': 19, 'learning_rate': 0.2031117614248665, 'subsample': 0.8136244860256343, 'colsample_bytree': 0.8617081790949774, 'min_child_samples': 21, 'reg_alpha': 0.002238138278733199, 'reg_lambda': 0.001025809534977322}. Best is trial 3 with value: 0.08951091609954391.
[I 2026-06-01 14:56:56,362] Trial 7 finished with value: -0.01846211301434713 and parameters: {'confidence_threshold': 0.555635875450653, 'training_days': 80, 'n_estimators': 363, 'max_depth': 3, 'num_leaves': 48, 'learning_rate': 0.06590089024008658, 'subsample': 0.6944752870615722, 'colsample_bytree': 0.962566244806993, 'min_child_samples': 88, 'reg_alpha': 1.6465620446426067e-05, 'reg_lambda': 2.4678750890085655e-08}. Best is trial 3 with value: 0.08951091609954391.
[I 2026-06-01 14:56:56,707] Trial 8 finished with value: 0.0814102583405272 and parameters: {'confidence_threshold': 0.6066688256938841, 'training_days': 200, 'n_estimators': 367, 'max_depth': 5, 'num_leaves': 32, 'learning_rate': 0.13377519215934996, 'subsample': 0.7965884582811106, 'colsample_bytree': 0.8458508993500886, 'min_child_samples': 32, 'reg_alpha': 3.889436043816386e-05, 'reg_lambda': 1.4713062489380356e-06}. Best is trial 3 with value: 0.08951091609954391.
