[I 2026-06-01 15:00:27,092] Trial 3 finished with value: -0.005914794130266044 and parameters: {'confidence_threshold': 0.8321099380386666, 'training_days': 490, 'n_estimators': 414, 'max_depth': 3, 'num_leaves': 19, 'learning_rate': 0.1024932221692416, 'subsample': 0.7200762468698007, 'colsample_bytree': 0.5610191174223894, 'min_child_samples': 60, 'reg_alpha': 2.039373116525212e-08, 'reg_lambda': 1.527156759251193}. Best is trial 0 with value: 0.03956940560216504.

    [trial 10] 47 features, training_days=400 | threshold=0.828 | labels: 1152 long, 1019 short (53/47%)
    [trial 10] Sharpe=-6.1502 (folds: -0.3841, -0.3670, -10.0000, -10.0000, -10.0000)
    [trial 11] 47 features, training_days=500 | threshold=0.783 | labels: 1152 long, 1019 short (53/47%)
    [trial 11] Sharpe=0.0022 (folds: -0.1672, -0.1402, -0.1703, 0.0865, 0.4024)
    [trial 12] 47 features, training_days=390 | threshold=0.649 | labels: 1152 long, 1019 short (53/47%)
    [trial 12] Sharpe=0.0111 (folds: -0.1579, -0.0299, -0.1162, -0.0329, 0.3923)
    [trial 13] 47 features, training_days=390 | threshold=0.759 | labels: 1152 long, 1019 short (53/47%)
    [trial 13] Sharpe=-0.0455 (folds: -0.2094, -0.1880, -0.1842, 0.1076, 0.2464)
    [trial 14] 47 features, training_days=430 | threshold=0.643 | labels: 1152 long, 1019 short (53/47%)
    [trial 14] Sharpe=-0.0043 (folds: -0.1593, -0.0782, -0.2068, 0.2027, 0.2199)
    [trial 15] 47 features, training_days=320 | threshold=0.847 | labels: 1152 long, 1019 short (53/47%)
    [trial 15] Sharpe=-0.1425 (folds: -0.1416, -0.2880, -0.4053, -0.2993, 0.4218)
    [trial 16] 47 features, training_days=220 | threshold=0.516 | labels: 1152 long, 1019 short (53/47%)
    [trial 16] Sharpe=0.0469 (folds: -0.1141, 0.0375, 0.0081, 0.1417, 0.1611)
    [trial 17] 47 features, training_days=190 | threshold=0.500 | labels: 1152 long, 1019 short (53/47%)
    [trial 17] Sharpe=0.0110 (folds: -0.1852, 0.0867, 0.0351, 0.0269, 0.0915)
  Optuna: 18 trials, best Sharpe = 0.0469
  Best params: n_estimators=433, max_depth=4, lr=0.0213, leaves=61
  Best confidence_threshold: 0.516
  Best training_days: 220
  Retrained on full data (660 samples, 47 features)
  OOD: 16 features, cutoff (q=0.7) = 10.31
  Model trained for 2024-05: 93 test candles with features, confidence_threshold=0.572
[predict] 2024-05-06 16:00 BTCUSDT → SHORT (proba=0.86 TP=8.6%/SL=4.3%)
[trade:open] 2024-05-06 23:59 BTCUSDT SHORT @ 63142.80 | SL=65847.13 TP=57734.13 | timeout=2024-05-13 23:59
[trade:close] 2024-05-14 00:00 BTCUSDT SHORT → timeout @ 62912.20 | PnL=+0.37% (net +0.27%) | cum=-6.53% 2024-05=+7.00% 2024-05-14=+0.27%
[predict] 2024-05-14 16:00 BTCUSDT → LONG (proba=0.83 TP=6.7%/SL=3.4%)
[trade:open] 2024-05-14 23:59 BTCUSDT LONG @ 61550.50 | SL=59479.83 TP=65691.85 | timeout=2024-05-21 23:59
[trade:close] 2024-05-15 23:59 BTCUSDT LONG → take_profit @ 65691.85 | PnL=+6.73% (net +6.63%) | cum=+0.10% 2024-05=+13.63% 2024-05-15=+6.63%
[predict] 2024-05-16 16:00 BTCUSDT → SHORT (proba=0.88 TP=7.2%/SL=3.6%)
[trade:open] 2024-05-16 23:59 BTCUSDT SHORT @ 65217.70 | SL=67574.67 TP=60503.75 | timeout=2024-05-23 23:59
[trade:close] 2024-05-19 15:59 BTCUSDT SHORT → stop_loss @ 67574.67 | PnL=-3.61% (net -3.71%) | cum=-3.61% 2024-05=+9.92% 2024-05-19=-3.71%
[predict] 2024-05-20 08:00 BTCUSDT → SHORT (proba=0.85 TP=5.7%/SL=2.8%)
[trade:open] 2024-05-20 15:59 BTCUSDT SHORT @ 67382.10 | SL=69287.07 TP=63572.15 | timeout=2024-05-27 15:59
[trade:close] 2024-05-20 23:59 BTCUSDT SHORT → stop_loss @ 69287.07 | PnL=-2.83% (net -2.93%) | cum=-6.54% 2024-05=+6.99% 2024-05-20=-2.93%
[predict] 2024-05-21 16:00 BTCUSDT → SHORT (proba=0.88 TP=7.0%/SL=3.5%)
[trade:open] 2024-05-21 23:59 BTCUSDT SHORT @ 70168.80 | SL=72622.71 TP=65260.99 | timeout=2024-05-28 23:59
[trade:close] 2024-05-29 00:00 BTCUSDT SHORT → timeout @ 68440.40 | PnL=+2.46% (net +2.36%) | cum=-4.18% 2024-05=+9.36% 2024-05-29=+2.36%
[predict] 2024-05-29 16:00 BTCUSDT → LONG (proba=0.86 TP=6.5%/SL=3.3%)
[trade:open] 2024-05-29 23:59 BTCUSDT LONG @ 67686.70 | SL=65483.03 TP=72094.04 | timeout=2024-06-05 23:59
[lgbm] === Training for 2024-06 ===
  Train window: 2022-06-01 → 2024-05-24
  2171 training samples from 1 symbols
  Samples per month: 2022-06: 90, 2022-07: 93, 2022-08: 93, 2022-09: 90, 2022-10: 93, 2022-11: 90, 2022-12: 93, 2023-01: 93, 2023-02: 84, 2023-03: 93, 2023-04: 90, 2023-05: 93, 2023-06: 90, 2023-07: 93, 2023-08: 93, 2023-09: 90, 2023-10: 93, 2023-11: 90, 2023-12: 93, 2024-01: 93, 2024-02: 87, 2024-03: 93, 2024-04: 90, 2024-05: 71
  [label] 2022-08-01 16:00 BTCUSDT entry=23257.6000 → LONG | long=timeout(+2.25%) short=timeout(-2.45%) | scanned=22 | no_tp→fwd_return=+2.3511
  [label] 2022-08-04 00:00 BTCUSDT entry=22935.0000 → LONG | long=timeout(+6.42%) short=sl(-4.95%) | scanned=22 | no_tp→fwd_return=+6.5162
  [label] 2022-08-07 16:00 BTCUSDT entry=23167.8000 → LONG | long=tp(+7.12%) short=sl(-3.71%) | scanned=11 | long_tp_only
  [label] 2022-09-01 08:00 BTCUSDT entry=19775.8000 → SHORT | long=sl(-4.66%) short=timeout(+2.61%) | scanned=22 | no_tp→fwd_return=-2.7073
  [label] 2022-10-24 00:00 BTCUSDT entry=19318.4000 → LONG | long=tp(+4.59%) short=sl(-2.45%) | scanned=5 | long_tp_only
  [label] 2023-04-08 00:00 BTCUSDT entry=28073.8000 → LONG | long=tp(+5.53%) short=sl(-2.92%) | scanned=8 | long_tp_only
  [label] 2023-04-12 00:00 BTCUSDT entry=29979.4000 → LONG | long=timeout(+0.18%) short=sl(-3.17%) | scanned=22 | no_tp→fwd_return=+0.2849
  [label] 2023-04-22 16:00 BTCUSDT entry=27807.2000 → LONG | long=tp(+6.86%) short=sl(-3.58%) | scanned=11 | long_tp_only
  [label] 2023-06-06 16:00 BTCUSDT entry=27221.5000 → SHORT | long=sl(-3.60%) short=tp(+6.91%) | scanned=12 | short_tp_only
  [label] 2023-06-15 08:00 BTCUSDT entry=24948.4000 → LONG | long=tp(+6.30%) short=sl(-3.30%) | scanned=5 | long_tp_only
  [label] 2023-09-13 16:00 BTCUSDT entry=26209.9000 → LONG | long=timeout(+3.33%) short=sl(-3.08%) | scanned=22 | no_tp→fwd_return=+3.4254
  [label] 2023-10-15 16:00 BTCUSDT entry=27139.8000 → LONG | long=tp(+3.66%) short=sl(-1.98%) | scanned=1 | long_tp_only
  [label] 2023-11-01 00:00 BTCUSDT entry=34463.9000 → LONG | long=timeout(+2.15%) short=sl(-3.13%) | scanned=22 | no_tp→fwd_return=+2.2508
  [label] 2023-11-13 16:00 BTCUSDT entry=36486.2000 → LONG | long=sl(-3.23%) short=sl(-3.23%) | scanned=6 | no_tp→fwd_return=+3.8354
  [label] 2023-12-02 00:00 BTCUSDT entry=38683.9000 → LONG | long=tp(+4.94%) short=sl(-2.62%) | scanned=6 | long_tp_only
  [label] 2023-12-08 08:00 BTCUSDT entry=43778.5000 → SHORT | long=sl(-3.44%) short=tp(+6.59%) | scanned=8 | short_tp_only
  [label] 2023-12-20 16:00 BTCUSDT entry=43708.9000 → SHORT | long=sl(-4.22%) short=timeout(+0.48%) | scanned=22 | no_tp→fwd_return=-0.5836
  [label] 2024-01-29 08:00 BTCUSDT entry=42623.2000 → LONG | long=timeout(-0.08%) short=timeout(-0.12%) | scanned=22 | no_tp→fwd_return=+0.0152
  [label] 2024-02-08 00:00 BTCUSDT entry=44500.8000 → LONG | long=tp(+5.11%) short=sl(-2.71%) | scanned=4 | long_tp_only
  [label] 2024-05-04 08:00 BTCUSDT entry=63590.0000 → SHORT | long=sl(-4.94%) short=timeout(+3.74%) | scanned=22 | no_tp→fwd_return=-3.8432
  Labels: 1170 long (53.9%), 1001 short (46.1%) | weights: min=1.00, mean=2.88, max=10.00
  Features: 2171/2171 matched, 47 columns
  CV gap: 22 rows
  [ensemble 1/3] seed=42
    [trial 0] 47 features, training_days=480 | threshold=0.631 | labels: 1170 long, 1001 short (54/46%)
    [CV fold 0] train_end=2022-09-23 08:00 | val_start=2022-10-01 00:00 | gap=184h (22 rows)
    [CV fold 1] train_end=2023-01-21 16:00 | val_start=2023-01-29 08:00 | gap=184h (22 rows)
    [CV fold 2] train_end=2023-05-22 00:00 | val_start=2023-05-29 16:00 | gap=184h (22 rows)
    [CV fold 3] train_end=2023-09-19 08:00 | val_start=2023-09-27 00:00 | gap=184h (22 rows)
    [CV fold 4] train_end=2024-01-17 16:00 | val_start=2024-01-25 08:00 | gap=184h (22 rows)
    [trial 0] Sharpe=0.0396 (folds: 0.0208, -0.0096, 0.0272, -0.0350, 0.1944)
    [trial 1] 47 features, training_days=420 | threshold=0.839 | labels: 1170 long, 1001 short (54/46%)
    [trial 1] Sharpe=-4.0216 (folds: -0.3359, -0.5083, -10.0000, 0.7363, -10.0000)
    [trial 2] 47 features, training_days=190 | threshold=0.602 | labels: 1170 long, 1001 short (54/46%)
    [trial 2] Sharpe=-0.0193 (folds: 0.0643, -0.0336, 0.0246, -0.0966, -0.0551)
    [trial 3] 47 features, training_days=490 | threshold=0.832 | labels: 1170 long, 1001 short (54/46%)
    [trial 3] Sharpe=-0.0059 (folds: -0.0609, -0.1382, -0.0990, 0.0002, 0.2684)
    [trial 4] 47 features, training_days=340 | threshold=0.591 | labels: 1170 long, 1001 short (54/46%)[I 2026-06-01 15:00:27,241] Trial 4 finished with value: 0.04805913750243416 and parameters: {'confidence_threshold': 0.5905729935600059, 'training_days': 340, 'n_estimators': 190, 'max_depth': 4, 'num_leaves': 41, 'learning_rate': 0.01875220945578641, 'subsample': 0.9847923138822793, 'colsample_bytree': 0.8875664116805573, 'min_child_samples': 96, 'reg_alpha': 1.1309571585271483, 'reg_lambda': 0.002404915432737351}. Best is trial 4 with value: 0.04805913750243416.
[I 2026-06-01 15:00:27,291] Trial 5 finished with value: -0.09391217922326682 and parameters: {'confidence_threshold': 0.8226559822580909, 'training_days': 50, 'n_estimators': 138, 'max_depth': 3, 'num_leaves': 30, 'learning_rate': 0.03750796359625606, 'subsample': 0.6356745158869479, 'colsample_bytree': 0.9143687545759647, 'min_child_samples': 48, 'reg_alpha': 3.376063348877853e-06, 'reg_lambda': 0.0007660634613082914}. Best is trial 4 with value: 0.04805913750243416.
[I 2026-06-01 15:00:27,397] Trial 6 finished with value: 0.025502236433363867 and parameters: {'confidence_threshold': 0.5493234787411669, 'training_days': 410, 'n_estimators': 83, 'max_depth': 5, 'num_leaves': 52, 'learning_rate': 0.019657448966046126, 'subsample': 0.5027610585618012, 'colsample_bytree': 0.9077307142274171, 'min_child_samples': 77, 'reg_alpha': 0.03639690979811287, 'reg_lambda': 0.08738424135626986}. Best is trial 4 with value: 0.04805913750243416.
[I 2026-06-01 15:00:27,506] Trial 7 finished with value: -0.04539974110011462 and parameters: {'confidence_threshold': 0.5259156281069316, 'training_days': 180, 'n_estimators': 102, 'max_depth': 5, 'num_leaves': 45, 'learning_rate': 0.030816017044468066, 'subsample': 0.5317791751430119, 'colsample_bytree': 0.6554911608578311, 'min_child_samples': 46, 'reg_alpha': 0.036851536911881845, 'reg_lambda': 0.005470376807480391}. Best is trial 4 with value: 0.04805913750243416.
[I 2026-06-01 15:00:27,619] Trial 8 finished with value: 0.018494531146666632 and parameters: {'confidence_threshold': 0.8105244599017143, 'training_days': 240, 'n_estimators': 103, 'max_depth': 5, 'num_leaves': 52, 'learning_rate': 0.06746437142284309, 'subsample': 0.8854835899772805, 'colsample_bytree': 0.7468977981821954, 'min_child_samples': 62, 'reg_alpha': 7.04480806377519e-05, 'reg_lambda': 1.6934490731313353e-08}. Best is trial 4 with value: 0.04805913750243416.
[I 2026-06-01 15:00:27,641] Trial 9 finished with value: -2.075969972911742 and parameters: {'confidence_threshold': 0.5377619994476566, 'training_days': 20, 'n_estimators': 337, 'max_depth': 3, 'num_leaves': 39, 'learning_rate': 0.21907142272152816, 'subsample': 0.6246461145744375, 'colsample_bytree': 0.7051914615178149, 'min_child_samples': 81, 'reg_alpha': 1.1459970229341322e-06, 'reg_lambda': 4.929685216887945e-08}. Best is trial 4 with value: 0.04805913750243416.
[I 2026-06-01 15:00:27,987] Trial 10 finished with value: 0.09179904841017308 and parameters: {'confidence_threshold': 0.6797821749717731, 'training_days': 350, 'n_estimators': 487, 'max_depth': 4, 'num_leaves': 61, 'learning_rate': 0.011407797829608154, 'subsample': 0.9865389998628291, 'colsample_bytree': 0.8382861898713898, 'min_child_samples': 98, 'reg_alpha': 8.536188349289, 'reg_lambda': 3.3639426888455256e-06}. Best is trial 10 with value: 0.09179904841017308.
[I 2026-06-01 15:00:28,177] Trial 11 finished with value: 0.04692416279841051 and parameters: {'confidence_threshold': 0.7161090655475574, 'training_days': 330, 'n_estimators': 243, 'max_depth': 4, 'num_leaves': 61, 'learning_rate': 0.010418004616766478, 'subsample': 0.999465390980953, 'colsample_bytree': 0.8374910753955798, 'min_child_samples': 98, 'reg_alpha': 5.370415467243256, 'reg_lambda': 8.43884102267831e-06}. Best is trial 10 with value: 0.09179904841017308.
[I 2026-06-01 15:00:28,512] Trial 12 finished with value: 0.1054565061129908 and parameters: {'confidence_threshold': 0.7131758522018106, 'training_days': 330, 'n_estimators': 493, 'max_depth': 4, 'num_leaves': 63, 'learning_rate': 0.010377063435469455, 'subsample': 0.9951155230471791, 'colsample_bytree': 0.8304278626461432, 'min_child_samples': 100, 'reg_alpha': 7.438980468767913, 'reg_lambda': 4.507398817361611e-06}. Best is trial 12 with value: 0.1054565061129908.
[I 2026-06-01 15:00:29,073] Trial 13 finished with value: 0.043793806398447745 and parameters: {'confidence_threshold': 0.7148621561313179, 'training_days': 320, 'n_estimators': 500, 'max_depth': 4, 'num_leaves': 62, 'learning_rate': 0.010487676952854678, 'subsample': 0.890753242980251, 'colsample_bytree': 0.9988270228115897, 'min_child_samples': 22, 'reg_alpha': 1.3806058092546691, 'reg_lambda': 1.0174852371049091e-05}. Best is trial 12 with value: 0.1054565061129908.
[I 2026-06-01 15:00:29,411] Trial 14 finished with value: 0.13513399002062185 and parameters: {'confidence_threshold': 0.7467244789105287, 'training_days': 270, 'n_estimators': 499, 'max_depth': 4, 'num_leaves': 56, 'learning_rate': 0.010284682228713442, 'subsample': 0.9219477307925201, 'colsample_bytree': 0.8125859382071857, 'min_child_samples': 88, 'reg_alpha': 6.243069797304175, 'reg_lambda': 7.565770484313319e-06}. Best is trial 14 with value: 0.13513399002062185.
[I 2026-06-01 15:00:29,569] Trial 15 finished with value: 0.05583260119460058 and parameters: {'confidence_threshold': 0.7632655502366587, 'training_days': 130, 'n_estimators': 432, 'max_depth': 4, 'num_leaves': 55, 'learning_rate': 0.2656554302157523, 'subsample': 0.9094597675134307, 'colsample_bytree': 0.8100744538922787, 'min_child_samples': 86, 'reg_alpha': 0.2770133489489735, 'reg_lambda': 7.482879404932238e-05}. Best is trial 14 with value: 0.13513399002062185.
[I 2026-06-01 15:00:29,789] Trial 16 finished with value: 0.00859825637592695 and parameters: {'confidence_threshold': 0.7606062944100104, 'training_days': 260, 'n_estimators': 339, 'max_depth': 4, 'num_leaves': 56, 'learning_rate': 0.15013971957309138, 'subsample': 0.9298169879974557, 'colsample_bytree': 0.7853619921477988, 'min_child_samples': 89, 'reg_alpha': 0.00041918374929608026, 'reg_lambda': 1.0611376359543951e-06}. Best is trial 14 with value: 0.13513399002062185.
[I 2026-06-01 15:00:30,084] Trial 17 finished with value: 0.07582571917798533 and parameters: {'confidence_threshold': 0.7611484084321937, 'training_days': 280, 'n_estimators': 452, 'max_depth': 4, 'num_leaves': 47, 'learning_rate': 0.015846309309589298, 'subsample': 0.8366733523272174, 'colsample_bytree': 0.6505152466626335, 'min_child_samples': 89, 'reg_alpha': 0.4614883505518947, 'reg_lambda': 0.00015084693661290404}. Best is trial 14 with value: 0.13513399002062185.
[I 2026-06-01 15:00:30,473] A new study created in memory with name: no-name-2debbf48-4418-4375-9a28-0afd3f9d3ee1
[I 2026-06-01 15:00:30,575] Trial 0 finished with value: -0.05635956894474501 and parameters: {'confidence_threshold': 0.7437642149592516, 'training_days': 150, 'n_estimators': 152, 'max_depth': 4, 'num_leaves': 50, 'learning_rate': 0.04216766425047743, 'subsample': 0.9903820991923078, 'colsample_bytree': 0.8424148692924316, 'min_child_samples': 58, 'reg_alpha': 3.381097259762742e-05, 'reg_lambda': 1.2263152961306247e-05}. Best is trial 0 with value: -0.05635956894474501.
[I 2026-06-01 15:00:30,645] Trial 1 finished with value: -1.8044486766678591 and parameters: {'confidence_threshold': 0.7551673975844145, 'training_days': 220, 'n_estimators': 76, 'max_depth': 4, 'num_leaves': 51, 'learning_rate': 0.018602118810743477, 'subsample': 0.5877258780737462, 'colsample_bytree': 0.7657756869209191, 'min_child_samples': 63, 'reg_alpha': 0.005123994170264194, 'reg_lambda': 0.44145470178120466}. Best is trial 0 with value: -0.05635956894474501.
[I 2026-06-01 15:00:30,905] Trial 2 finished with value: -0.0072061956172614575 and parameters: {'confidence_threshold': 0.7535593637012223, 'training_days': 310, 'n_estimators': 375, 'max_depth': 3, 'num_leaves': 32, 'learning_rate': 0.021735641882032388, 'subsample': 0.6468570231944146, 'colsample_bytree': 0.8154880619272439, 'min_child_samples': 27, 'reg_alpha': 8.004064028491336e-05, 'reg_lambda': 7.546835261630524e-05}. Best is trial 2 with value: -0.0072061956172614575.
[I 2026-06-01 15:00:31,085] Trial 3 finished with value: -0.06517219563320557 and parameters: {'confidence_threshold': 0.6727897841776072, 'training_days': 220, 'n_estimators': 190, 'max_depth': 4, 'num_leaves': 58, 'learning_rate': 0.24810689332636193, 'subsample': 0.7509183379421682, 'colsample_bytree': 0.8119764758960556, 'min_child_samples': 29, 'reg_alpha': 7.1708285081421445e-06, 'reg_lambda': 5.412973582738627e-05}. Best is trial 2 with value: -0.0072061956172614575.
[I 2026-06-01 15:00:31,202] Trial 4 finished with value: 0.05927612273075673 and parameters: {'confidence_threshold': 0.803208205259178, 'training_days': 130, 'n_estimators': 267, 'max_depth': 5, 'num_leaves': 40, 'learning_rate': 0.08041175317374143, 'subsample': 0.5603143329951619, 'colsample_bytree': 0.9131704002534167, 'min_child_samples': 68, 'reg_alpha': 0.0008046593428183385, 'reg_lambda': 1.2158346158765583e-05}. Best is trial 4 with value: 0.05927612273075673.
[I 2026-06-01 15:00:31,435] Trial 5 finished with value: -0.005137047038918749 and parameters: {'confidence_threshold': 0.6064422761595144, 'training_days': 210, 'n_estimators': 357, 'max_depth': 5, 'num_leaves': 40, 'learning_rate': 0.0974221287220869, 'subsample': 0.7929682762811064, 'colsample_bytree': 0.8124517510478, 'min_child_samples': 74, 'reg_alpha': 0.3811377260781234, 'reg_lambda': 5.607314238392041e-08}. Best is trial 4 with value: 0.05927612273075673.
[I 2026-06-01 15:00:31,548] Trial 6 finished with value: -0.05161900386345477 and parameters: {'confidence_threshold': 0.7672889945051684, 'training_days': 130, 'n_estimators': 137, 'max_depth': 4, 'num_leaves': 19, 'learning_rate': 0.2031117614248665, 'subsample': 0.8136244860256343, 'colsample_bytree': 0.8617081790949774, 'min_child_samples': 21, 'reg_alpha': 0.002238138278733199, 'reg_lambda': 0.001025809534977322}. Best is trial 4 with value: 0.05927612273075673.
[I 2026-06-01 15:00:31,627] Trial 7 finished with value: -0.061535801216749064 and parameters: {'confidence_threshold': 0.555635875450653, 'training_days': 80, 'n_estimators': 363, 'max_depth': 3, 'num_leaves': 48, 'learning_rate': 0.06590089024008658, 'subsample': 0.6944752870615722, 'colsample_bytree': 0.962566244806993, 'min_child_samples': 88, 'reg_alpha': 1.6465620446426067e-05, 'reg_lambda': 2.4678750890085655e-08}. Best is trial 4 with value: 0.05927612273075673.
[I 2026-06-01 15:00:31,959] Trial 8 finished with value: -0.0439731038155319 and parameters: {'confidence_threshold': 0.6066688256938841, 'training_days': 200, 'n_estimators': 367, 'max_depth': 5, 'num_leaves': 32, 'learning_rate': 0.13377519215934996, 'subsample': 0.7965884582811106, 'colsample_bytree': 0.8458508993500886, 'min_child_samples': 32, 'reg_alpha': 3.889436043816386e-05, 'reg_lambda': 1.4713062489380356e-06}. Best is trial 4 with value: 0.05927612273075673.
[I 2026-06-01 15:00:32,172] Trial 9 finished with value: -0.005375581031382223 and parameters: {'confidence_threshold': 0.6202096049169137, 'training_days': 260, 'n_estimators': 350, 'max_depth': 3, 'num_leaves': 21, 'learning_rate': 0.02989540198065364, 'subsample': 0.8307821683331218, 'colsample_bytree': 0.923253112635361, 'min_child_samples': 64, 'reg_alpha': 0.4898604619604203, 'reg_lambda': 2.9076377687066166e-05}. Best is trial 4 with value: 0.05927612273075673.
[I 2026-06-01 15:00:32,561] Trial 10 finished with value: 0.10260157516803606 and parameters: {'confidence_threshold': 0.8445241688507242, 'training_days': 470, 'n_estimators': 493, 'max_depth': 5, 'num_leaves': 63, 'learning_rate': 0.010221918552934462, 'subsample': 0.5019190721168774, 'colsample_bytree': 0.6202684210924141, 'min_child_samples': 99, 'reg_alpha': 1.9942621118187622e-08, 'reg_lambda': 0.0201634475791616}. Best is trial 10 with value: 0.10260157516803606.
[I 2026-06-01 15:00:32,955] Trial 11 finished with value: 0.1471006410015939 and parameters: {'confidence_threshold': 0.8371297552840329, 'training_days': 500, 'n_estimators': 493, 'max_depth': 5, 'num_leaves': 63, 'learning_rate': 0.010535067237031162, 'subsample': 0.5082312939353781, 'colsample_bytree': 0.6012148974081734, 'min_child_samples': 100, 'reg_alpha': 1.052941341608419e-08, 'reg_lambda': 0.013782571981375063}. Best is trial 11 with value: 0.1471006410015939.
[I 2026-06-01 15:00:33,326] Trial 12 finished with value: 0.1530020516948968 and parameters: {'confidence_threshold': 0.830632524875604, 'training_days': 500, 'n_estimators': 499, 'max_depth': 5, 'num_leaves': 63, 'learning_rate': 0.010201143194486034, 'subsample': 0.5172176338346133, 'colsample_bytree': 0.5773925919454104, 'min_child_samples': 100, 'reg_alpha': 1.345078740677074e-08, 'reg_lambda': 0.03524119936949945}. Best is trial 12 with value: 0.1530020516948968.
