[I 2026-06-01 14:57:31,294] Trial 14 finished with value: -0.033858460652932194 and parameters: {'confidence_threshold': 0.5043119352038526, 'training_days': 380, 'n_estimators': 500, 'max_depth': 4, 'num_leaves': 31, 'learning_rate': 0.11008871219728299, 'subsample': 0.5024308104942443, 'colsample_bytree': 0.6999580784418055, 'min_child_samples': 22, 'reg_alpha': 0.005155395008974287, 'reg_lambda': 1.9537169326802645e-06}. Best is trial 11 with value: 0.09353421942981814.
[I 2026-06-01 14:57:31,397] Trial 15 finished with value: -1.9944859901753467 and parameters: {'confidence_threshold': 0.7829525506318393, 'training_days': 250, 'n_estimators': 109, 'max_depth': 4, 'num_leaves': 18, 'learning_rate': 0.017198807752211255, 'subsample': 0.7712750015662843, 'colsample_bytree': 0.8144377937283438, 'min_child_samples': 56, 'reg_alpha': 3.6671354882961693e-06, 'reg_lambda': 0.0013467843257158065}. Best is trial 11 with value: 0.09353421942981814.
[I 2026-06-01 14:57:31,537] Trial 16 finished with value: -0.05637701832413435 and parameters: {'confidence_threshold': 0.5499943839243128, 'training_days': 170, 'n_estimators': 227, 'max_depth': 4, 'num_leaves': 55, 'learning_rate': 0.10440758277565931, 'subsample': 0.9475927193380842, 'colsample_bytree': 0.9580393811111498, 'min_child_samples': 70, 'reg_alpha': 0.0017917333073489729, 'reg_lambda': 0.027962847203500334}. Best is trial 11 with value: 0.09353421942981814.
[I 2026-06-01 14:57:31,628] Trial 17 finished with value: 0.032166405962975514 and parameters: {'confidence_threshold': 0.6285841027546357, 'training_days': 310, 'n_estimators': 92, 'max_depth': 3, 'num_leaves': 33, 'learning_rate': 0.019352225990314435, 'subsample': 0.6718064291677197, 'colsample_bytree': 0.7142219102330146, 'min_child_samples': 49, 'reg_alpha': 5.248455022253937e-06, 'reg_lambda': 5.691588223985903e-06}. Best is trial 11 with value: 0.09353421942981814.

    [trial 5] Sharpe=-0.0257 (folds: -0.1812, 0.1416, 0.1787, 0.0144, -0.2821)
    [trial 6] 47 features, training_days=130 | threshold=0.767 | labels: 1087 long, 1081 short (50/50%)
    [trial 6] Sharpe=-0.0806 (folds: -0.2114, -0.2622, 0.3004, -0.0098, -0.2200)
    [trial 7] 47 features, training_days=80 | threshold=0.556 | labels: 1087 long, 1081 short (50/50%)
    [trial 7] Sharpe=-0.1064 (folds: -0.0388, -0.2535, 0.2857, -0.2059, -0.3195)
    [trial 8] 47 features, training_days=200 | threshold=0.607 | labels: 1087 long, 1081 short (50/50%)
    [trial 8] Sharpe=-0.0049 (folds: -0.1691, 0.0402, 0.1370, 0.0843, -0.1170)
    [trial 9] 47 features, training_days=260 | threshold=0.620 | labels: 1087 long, 1081 short (50/50%)
    [trial 9] Sharpe=0.0270 (folds: -0.1214, 0.3184, 0.1139, -0.0314, -0.1446)
    [trial 10] 47 features, training_days=470 | threshold=0.534 | labels: 1087 long, 1081 short (50/50%)
    [trial 10] Sharpe=-0.0024 (folds: -0.1954, 0.2501, 0.0466, -0.0401, -0.0733)
    [trial 11] 47 features, training_days=340 | threshold=0.672 | labels: 1087 long, 1081 short (50/50%)
    [trial 11] Sharpe=-0.0306 (folds: -0.2291, 0.2816, 0.0892, -0.0718, -0.2227)
    [trial 12] 47 features, training_days=340 | threshold=0.673 | labels: 1087 long, 1081 short (50/50%)
    [trial 12] Sharpe=-0.0033 (folds: -0.1259, 0.3530, 0.1001, -0.1955, -0.1480)
    [trial 13] 47 features, training_days=10 | threshold=0.619 | labels: 1087 long, 1081 short (50/50%)
    [trial 13] Sharpe=-0.1430 (folds: -0.2704, -0.3149, 0.0216, 0.1984, -0.3500)
    [trial 14] 47 features, training_days=290 | threshold=0.698 | labels: 1087 long, 1081 short (50/50%)
    [trial 14] Sharpe=-0.0017 (folds: -0.2091, 0.1925, 0.2245, -0.1493, -0.0673)
    [trial 15] 47 features, training_days=460 | threshold=0.503 | labels: 1087 long, 1081 short (50/50%)
    [trial 15] Sharpe=0.0101 (folds: -0.1014, 0.2765, 0.0921, -0.0816, -0.1352)
    [trial 16] 47 features, training_days=270 | threshold=0.643 | labels: 1087 long, 1081 short (50/50%)
    [trial 16] Sharpe=0.0483 (folds: -0.1712, 0.3315, 0.1087, -0.0369, 0.0095)
    [trial 17] 47 features, training_days=400 | threshold=0.624 | labels: 1087 long, 1081 short (50/50%)
    [trial 17] Sharpe=-0.0059 (folds: -0.1766, 0.3084, 0.0700, -0.1529, -0.0784)
  Optuna: 18 trials, best Sharpe = 0.0483
  Best params: n_estimators=438, max_depth=3, lr=0.0116, leaves=35
  Best confidence_threshold: 0.643
  Best training_days: 270
  Retrained on full data (810 samples, 47 features)
  [ensemble 3/3] seed=456
    [trial 0] 47 features, training_days=90 | threshold=0.587 | labels: 1087 long, 1081 short (50/50%)
    [CV fold 0] train_end=2021-03-24 08:00 | val_start=2021-04-01 00:00 | gap=184h (22 rows)
    [CV fold 1] train_end=2021-07-22 16:00 | val_start=2021-07-30 08:00 | gap=184h (22 rows)
    [CV fold 2] train_end=2021-11-20 00:00 | val_start=2021-11-27 16:00 | gap=184h (22 rows)
    [CV fold 3] train_end=2022-03-20 08:00 | val_start=2022-03-28 00:00 | gap=184h (22 rows)
    [CV fold 4] train_end=2022-07-18 16:00 | val_start=2022-07-26 08:00 | gap=184h (22 rows)
    [trial 0] Sharpe=-0.1334 (folds: -0.2563, -0.2022, 0.1140, -0.0094, -0.3130)
    [trial 1] 47 features, training_days=290 | threshold=0.635 | labels: 1087 long, 1081 short (50/50%)
    [trial 1] Sharpe=0.0083 (folds: -0.1695, 0.2670, 0.2046, -0.1086, -0.1520)
    [trial 2] 47 features, training_days=10 | threshold=0.585 | labels: 1087 long, 1081 short (50/50%)
    [trial 2] Sharpe=-0.1430 (folds: -0.2704, -0.3149, 0.0216, 0.1984, -0.3500)
    [trial 3] 47 features, training_days=220 | threshold=0.687 | labels: 1087 long, 1081 short (50/50%)
    [trial 3] Sharpe=-0.0252 (folds: -0.1067, 0.3121, 0.1846, -0.0757, -0.4405)
    [trial 4] 47 features, training_days=300 | threshold=0.562 | labels: 1087 long, 1081 short (50/50%)
    [trial 4] Sharpe=0.0124 (folds: -0.1581, 0.2080, 0.1296, -0.0265, -0.0910)
    [trial 5] 47 features, training_days=490 | threshold=0.711 | labels: 1087 long, 1081 short (50/50%)
    [trial 5] Sharpe=-0.0202 (folds: -0.2033, 0.2702, 0.1036, -0.0518, -0.2196)
    [trial 6] 47 features, training_days=420 | threshold=0.667 | labels: 1087 long, 1081 short (50/50%)
    [trial 6] Sharpe=-0.0287 (folds: -0.1930, 0.2930, 0.0736, -0.1070, -0.2103)
    [trial 7] 47 features, training_days=120 | threshold=0.550 | labels: 1087 long, 1081 short (50/50%)
    [trial 7] Sharpe=-0.0554 (folds: -0.2148, -0.0508, 0.1937, 0.0188, -0.2239)
    [trial 8] 47 features, training_days=450 | threshold=0.720 | labels: 1087 long, 1081 short (50/50%)
    [trial 8] Sharpe=-0.0107 (folds: -0.1761, 0.3027, 0.0772, -0.2049, -0.0525)
    [trial 9] 47 features, training_days=20 | threshold=0.727 | labels: 1087 long, 1081 short (50/50%)
    [trial 9] Sharpe=-4.0054 (folds: 0.2142, -10.0000, 0.0216, -0.2626, -10.0000)
    [trial 10] 47 features, training_days=320 | threshold=0.840 | labels: 1087 long, 1081 short (50/50%)
    [trial 10] Sharpe=-0.0413 (folds: -0.1876, 0.3900, 0.1140, -0.0933, -0.4297)
    [trial 11] 47 features, training_days=300 | threshold=0.608 | labels: 1087 long, 1081 short (50/50%)
    [trial 11] Sharpe=0.0935 (folds: -0.2423, 0.4518, 0.0009, -0.2940, 0.5513)
    [trial 12] 47 features, training_days=360 | threshold=0.515 | labels: 1087 long, 1081 short (50/50%)
    [trial 12] Sharpe=-0.0076 (folds: -0.2290, 0.3680, 0.0985, -0.2359, -0.0395)
    [trial 13] 47 features, training_days=210 | threshold=0.609 | labels: 1087 long, 1081 short (50/50%)
    [trial 13] Sharpe=-0.0514 (folds: -0.1427, 0.2333, 0.1879, -0.1595, -0.3757)
    [trial 14] 47 features, training_days=380 | threshold=0.504 | labels: 1087 long, 1081 short (50/50%)
    [trial 14] Sharpe=-0.0339 (folds: -0.1873, 0.1658, 0.0747, -0.0546, -0.1679)
    [trial 15] 47 features, training_days=250 | threshold=0.783 | labels: 1087 long, 1081 short (50/50%)
    [trial 15] Sharpe=-1.9945 (folds: -0.0298, -0.0875, 0.3698, -0.2249, -10.0000)
    [trial 16] 47 features, training_days=170 | threshold=0.550 | labels: 1087 long, 1081 short (50/50%)
    [trial 16] Sharpe=-0.0564 (folds: -0.1311, -0.0230, 0.1699, 0.0284, -0.3260)
    [trial 17] 47 features, training_days=310 | threshold=0.629 | labels: 1087 long, 1081 short (50/50%)
    [trial 17] Sharpe=0.0322 (folds: -0.1972, 0.2489, 0.1044, -0.2123, 0.2170)
  Optuna: 18 trials, best Sharpe = 0.0935
  Best params: n_estimators=54, max_depth=4, lr=0.0102, leaves=29
  Best confidence_threshold: 0.608
  Best training_days: 300
  Retrained on full data (900 samples, 47 features)
  OOD: 16 features, cutoff (q=0.7) = 9.39
  Model trained for 2022-12: 93 test candles with features, confidence_threshold=0.627
[predict] 2022-12-01 16:00 BTCUSDT → SHORT (proba=0.70 TP=6.3%/SL=3.1%)
[trade:open] 2022-12-01 23:59 BTCUSDT SHORT @ 16970.50 | SL=17502.91 TP=15905.68 | timeout=2022-12-08 23:59
[trade:close] 2022-12-09 00:00 BTCUSDT SHORT → timeout @ 17216.00 | PnL=-1.45% (net -1.55%) | cum=+2.85% 2022-12=+1.71% 2022-12-09=-1.55%
[predict] 2022-12-11 16:00 BTCUSDT → SHORT (proba=0.63 TP=3.6%/SL=1.8%)
[trade:open] 2022-12-11 23:59 BTCUSDT SHORT @ 17077.30 | SL=17387.70 TP=16456.50 | timeout=2022-12-18 23:59
[trade:close] 2022-12-13 15:59 BTCUSDT SHORT → stop_loss @ 17387.70 | PnL=-1.82% (net -1.92%) | cum=+0.93% 2022-12=-0.20% 2022-12-13=-1.92%
[predict] 2022-12-15 00:00 BTCUSDT → SHORT (proba=0.73 TP=5.7%/SL=2.9%)
[trade:open] 2022-12-15 07:59 BTCUSDT SHORT @ 17686.00 | SL=18194.19 TP=16669.63 | timeout=2022-12-22 07:59
[trade:close] 2022-12-16 23:59 BTCUSDT SHORT → take_profit @ 16669.63 | PnL=+5.75% (net +5.65%) | cum=+6.58% 2022-12=+5.44% 2022-12-16=+5.65%
[predict] 2022-12-17 16:00 BTCUSDT → SHORT (proba=0.70 TP=5.9%/SL=2.9%)
[trade:open] 2022-12-17 23:59 BTCUSDT SHORT @ 16768.00 | SL=17261.49 TP=15781.01 | timeout=2022-12-24 23:59
[trade:close] 2022-12-25 00:00 BTCUSDT SHORT → timeout @ 16829.00 | PnL=-0.36% (net -0.46%) | cum=+6.11% 2022-12=+4.98% 2022-12-25=-0.46%
[predict] 2022-12-29 08:00 BTCUSDT → LONG (proba=0.65 TP=3.4%/SL=1.7%)
[trade:open] 2022-12-29 15:59 BTCUSDT LONG @ 16610.10 | SL=16328.72 TP=17172.86 | timeout=2023-01-05 15:59
[trade:close] 2022-12-30 15:59 BTCUSDT LONG → stop_loss @ 16328.72 | PnL=-1.69% (net -1.79%) | cum=+4.32% 2022-12=+3.18% 2022-12-30=-1.79%[I 2026-06-01 14:57:32,070] A new study created in memory with name: no-name-5eb4dd92-fff5-40d0-9f5a-800c63f6ae39
[I 2026-06-01 14:57:32,381] Trial 0 finished with value: -0.04912282062341712 and parameters: {'confidence_threshold': 0.6310890415965769, 'training_days': 480, 'n_estimators': 380, 'max_depth': 4, 'num_leaves': 22, 'learning_rate': 0.01699897838270077, 'subsample': 0.5290418060840998, 'colsample_bytree': 0.9330880728874675, 'min_child_samples': 68, 'reg_alpha': 0.023585940584142682, 'reg_lambda': 1.5320059381854043e-08}. Best is trial 0 with value: -0.04912282062341712.
[I 2026-06-01 14:57:32,495] Trial 1 finished with value: -4.084829898917075 and parameters: {'confidence_threshold': 0.839468448256698, 'training_days': 420, 'n_estimators': 145, 'max_depth': 3, 'num_leaves': 23, 'learning_rate': 0.028145092716060652, 'subsample': 0.762378215816119, 'colsample_bytree': 0.7159725093210578, 'min_child_samples': 43, 'reg_alpha': 0.0032112643094417484, 'reg_lambda': 1.8007140198129195e-07}. Best is trial 0 with value: -0.04912282062341712.
[I 2026-06-01 14:57:32,633] Trial 2 finished with value: -0.013138955959197212 and parameters: {'confidence_threshold': 0.6022506269873263, 'training_days': 190, 'n_estimators': 255, 'max_depth': 5, 'num_leaves': 24, 'learning_rate': 0.05748924681991978, 'subsample': 0.7962072844310213, 'colsample_bytree': 0.5232252063599989, 'min_child_samples': 69, 'reg_alpha': 3.425445902633376e-07, 'reg_lambda': 3.850031979199519e-08}. Best is trial 2 with value: -0.013138955959197212.
[I 2026-06-01 14:57:32,871] Trial 3 finished with value: -0.0593544673293358 and parameters: {'confidence_threshold': 0.8321099380386666, 'training_days': 490, 'n_estimators': 414, 'max_depth': 3, 'num_leaves': 19, 'learning_rate': 0.1024932221692416, 'subsample': 0.7200762468698007, 'colsample_bytree': 0.5610191174223894, 'min_child_samples': 60, 'reg_alpha': 2.039373116525212e-08, 'reg_lambda': 1.527156759251193}. Best is trial 2 with value: -0.013138955959197212.
[I 2026-06-01 14:57:33,010] Trial 4 finished with value: -0.035144199911038024 and parameters: {'confidence_threshold': 0.5905729935600059, 'training_days': 340, 'n_estimators': 190, 'max_depth': 4, 'num_leaves': 41, 'learning_rate': 0.01875220945578641, 'subsample': 0.9847923138822793, 'colsample_bytree': 0.8875664116805573, 'min_child_samples': 96, 'reg_alpha': 1.1309571585271483, 'reg_lambda': 0.002404915432737351}. Best is trial 2 with value: -0.013138955959197212.
[I 2026-06-01 14:57:33,056] Trial 5 finished with value: -0.09130490904053361 and parameters: {'confidence_threshold': 0.8226559822580909, 'training_days': 50, 'n_estimators': 138, 'max_depth': 3, 'num_leaves': 30, 'learning_rate': 0.03750796359625606, 'subsample': 0.6356745158869479, 'colsample_bytree': 0.9143687545759647, 'min_child_samples': 48, 'reg_alpha': 3.376063348877853e-06, 'reg_lambda': 0.0007660634613082914}. Best is trial 2 with value: -0.013138955959197212.
[I 2026-06-01 14:57:33,174] Trial 6 finished with value: -0.01205248859774493 and parameters: {'confidence_threshold': 0.5493234787411669, 'training_days': 410, 'n_estimators': 83, 'max_depth': 5, 'num_leaves': 52, 'learning_rate': 0.019657448966046126, 'subsample': 0.5027610585618012, 'colsample_bytree': 0.9077307142274171, 'min_child_samples': 77, 'reg_alpha': 0.03639690979811287, 'reg_lambda': 0.08738424135626986}. Best is trial 6 with value: -0.01205248859774493.
[I 2026-06-01 14:57:33,275] Trial 7 finished with value: -0.0016470294363933823 and parameters: {'confidence_threshold': 0.5259156281069316, 'training_days': 180, 'n_estimators': 102, 'max_depth': 5, 'num_leaves': 45, 'learning_rate': 0.030816017044468066, 'subsample': 0.5317791751430119, 'colsample_bytree': 0.6554911608578311, 'min_child_samples': 46, 'reg_alpha': 0.036851536911881845, 'reg_lambda': 0.005470376807480391}. Best is trial 7 with value: -0.0016470294363933823.
[I 2026-06-01 14:57:33,375] Trial 8 finished with value: -0.057503535146579667 and parameters: {'confidence_threshold': 0.8105244599017143, 'training_days': 240, 'n_estimators': 103, 'max_depth': 5, 'num_leaves': 52, 'learning_rate': 0.06746437142284309, 'subsample': 0.8854835899772805, 'colsample_bytree': 0.7468977981821954, 'min_child_samples': 62, 'reg_alpha': 7.04480806377519e-05, 'reg_lambda': 1.6934490731313353e-08}. Best is trial 7 with value: -0.0016470294363933823.
[I 2026-06-01 14:57:33,403] Trial 9 finished with value: -1.9743709191578849 and parameters: {'confidence_threshold': 0.5377619994476566, 'training_days': 20, 'n_estimators': 337, 'max_depth': 3, 'num_leaves': 39, 'learning_rate': 0.21907142272152816, 'subsample': 0.6246461145744375, 'colsample_bytree': 0.7051914615178149, 'min_child_samples': 81, 'reg_alpha': 1.1459970229341322e-06, 'reg_lambda': 4.929685216887945e-08}. Best is trial 7 with value: -0.0016470294363933823.
[I 2026-06-01 14:57:33,761] Trial 10 finished with value: -0.04508649568079396 and parameters: {'confidence_threshold': 0.6797821749717731, 'training_days': 140, 'n_estimators': 487, 'max_depth': 5, 'num_leaves': 62, 'learning_rate': 0.011407797829608154, 'subsample': 0.6277217293825994, 'colsample_bytree': 0.6445296297918679, 'min_child_samples': 24, 'reg_alpha': 8.536188349289, 'reg_lambda': 4.685556761390157e-06}. Best is trial 7 with value: -0.0016470294363933823.
[I 2026-06-01 14:57:33,878] Trial 11 finished with value: 0.01341616100153531 and parameters: {'confidence_threshold': 0.5031729138375424, 'training_days': 320, 'n_estimators': 68, 'max_depth': 5, 'num_leaves': 51, 'learning_rate': 0.034281431052084296, 'subsample': 0.5039181992850618, 'colsample_bytree': 0.8279718712234718, 'min_child_samples': 33, 'reg_alpha': 0.12337102992538133, 'reg_lambda': 0.13867402521093383}. Best is trial 11 with value: 0.01341616100153531.
[I 2026-06-01 14:57:33,972] Trial 12 finished with value: -0.02086735975673112 and parameters: {'confidence_threshold': 0.5065278550144682, 'training_days': 310, 'n_estimators': 57, 'max_depth': 4, 'num_leaves': 47, 'learning_rate': 0.03208899494279826, 'subsample': 0.5651612235970425, 'colsample_bytree': 0.8304278626461433, 'min_child_samples': 24, 'reg_alpha': 0.3264653399484792, 'reg_lambda': 0.06547998378857096}. Best is trial 11 with value: 0.01341616100153531.
[I 2026-06-01 14:57:34,123] Trial 13 finished with value: -0.06612495598666475 and parameters: {'confidence_threshold': 0.6944221668074981, 'training_days': 130, 'n_estimators': 223, 'max_depth': 5, 'num_leaves': 62, 'learning_rate': 0.09749066566769192, 'subsample': 0.5914406165650956, 'colsample_bytree': 0.8155421717694826, 'min_child_samples': 38, 'reg_alpha': 0.00023323394909551966, 'reg_lambda': 7.907159271925609}. Best is trial 11 with value: 0.01341616100153531.
[I 2026-06-01 14:57:34,223] Trial 14 finished with value: -0.15006353202674144 and parameters: {'confidence_threshold': 0.7467244789105287, 'training_days': 270, 'n_estimators': 59, 'max_depth': 4, 'num_leaves': 37, 'learning_rate': 0.04345776202617264, 'subsample': 0.7012305148519206, 'colsample_bytree': 0.6369126600396505, 'min_child_samples': 34, 'reg_alpha': 0.0038067556646802867, 'reg_lambda': 3.109327095682756e-05}. Best is trial 11 with value: 0.01341616100153531.
[I 2026-06-01 14:57:34,348] Trial 15 finished with value: 0.0031452747164921247 and parameters: {'confidence_threshold': 0.503083734692895, 'training_days': 180, 'n_estimators': 170, 'max_depth': 5, 'num_leaves': 51, 'learning_rate': 0.010082407666682494, 'subsample': 0.5136095131955983, 'colsample_bytree': 0.8100744538922787, 'min_child_samples': 53, 'reg_alpha': 0.18649627206731947, 'reg_lambda': 0.019345028254750467}. Best is trial 11 with value: 0.01341616100153531.
[I 2026-06-01 14:57:34,529] Trial 16 finished with value: 0.013853578064778771 and parameters: {'confidence_threshold': 0.5766557468947088, 'training_days': 350, 'n_estimators': 163, 'max_depth': 4, 'num_leaves': 55, 'learning_rate': 0.01085296645111939, 'subsample': 0.8323842459510225, 'colsample_bytree': 0.9826162589395974, 'min_child_samples': 54, 'reg_alpha': 0.6572882449205887, 'reg_lambda': 0.07291570813224174}. Best is trial 16 with value: 0.013853578064778771.
[I 2026-06-01 14:57:34,681] Trial 17 finished with value: -0.027766941464705618 and parameters: {'confidence_threshold': 0.5715760198756896, 'training_days': 370, 'n_estimators': 274, 'max_depth': 4, 'num_leaves': 58, 'learning_rate': 0.21227334472098047, 'subsample': 0.8626759132804546, 'colsample_bytree': 0.9956385980717998, 'min_child_samples': 32, 'reg_alpha': 9.358179874111588, 'reg_lambda': 0.7102207760524646}. Best is trial 16 with value: 0.013853578064778771.
[I 2026-06-01 14:57:34,874] A new study created in memory with name: no-name-0c79b692-b5a4-441d-9629-6d4ecfba2cc6
