[I 2026-06-01 15:01:06,759] Trial 9 finished with value: 0.0262537463385077 and parameters: {'confidence_threshold': 0.6202096049169137, 'training_days': 260, 'n_estimators': 350, 'max_depth': 3, 'num_leaves': 21, 'learning_rate': 0.02989540198065364, 'subsample': 0.8307821683331218, 'colsample_bytree': 0.923253112635361, 'min_child_samples': 64, 'reg_alpha': 0.4898604619604203, 'reg_lambda': 2.9076377687066166e-05}. Best is trial 1 with value: 0.10841150679383149.
[I 2026-06-01 15:01:07,190] Trial 10 finished with value: -0.018802431571901417 and parameters: {'confidence_threshold': 0.8445241688507242, 'training_days': 470, 'n_estimators': 493, 'max_depth': 4, 'num_leaves': 63, 'learning_rate': 0.010221918552934462, 'subsample': 0.5019190721168774, 'colsample_bytree': 0.6202684210924141, 'min_child_samples': 47, 'reg_alpha': 2.371385268938747e-08, 'reg_lambda': 1.7987349911222597}. Best is trial 1 with value: 0.10841150679383149.
[I 2026-06-01 15:01:07,260] Trial 11 finished with value: -5.971648720761578 and parameters: {'confidence_threshold': 0.7162109107873752, 'training_days': 360, 'n_estimators': 51, 'max_depth': 3, 'num_leaves': 28, 'learning_rate': 0.016298143265808546, 'subsample': 0.6391782689059778, 'colsample_bytree': 0.6900063486364282, 'min_child_samples': 42, 'reg_alpha': 0.01799493661729836, 'reg_lambda': 0.029771765343273634}. Best is trial 1 with value: 0.10841150679383149.
[I 2026-06-01 15:01:07,510] Trial 12 finished with value: 0.05204513701331438 and parameters: {'confidence_threshold': 0.6776559669413387, 'training_days': 340, 'n_estimators': 484, 'max_depth': 3, 'num_leaves': 47, 'learning_rate': 0.02392651870535563, 'subsample': 0.6166545294095858, 'colsample_bytree': 0.5096458353191796, 'min_child_samples': 100, 'reg_alpha': 1.0994405170068853e-07, 'reg_lambda': 0.005070761005041337}. Best is trial 1 with value: 0.10841150679383149.
[I 2026-06-01 15:01:07,777] Trial 13 finished with value: 0.0445483529906522 and parameters: {'confidence_threshold': 0.6688491591895988, 'training_days': 400, 'n_estimators': 475, 'max_depth': 3, 'num_leaves': 49, 'learning_rate': 0.014310459216661174, 'subsample': 0.575923460188489, 'colsample_bytree': 0.539118535020358, 'min_child_samples': 89, 'reg_alpha': 6.891832995812384e-08, 'reg_lambda': 2.250059331785133}. Best is trial 1 with value: 0.10841150679383149.
[I 2026-06-01 15:01:07,803] Trial 14 finished with value: -0.07799106655486968 and parameters: {'confidence_threshold': 0.5166805703527768, 'training_days': 20, 'n_estimators': 60, 'max_depth': 4, 'num_leaves': 55, 'learning_rate': 0.03584663710217007, 'subsample': 0.5030098568596403, 'colsample_bytree': 0.7101988997477608, 'min_child_samples': 97, 'reg_alpha': 8.70158361284731e-07, 'reg_lambda': 0.03436178061421145}. Best is trial 1 with value: 0.10841150679383149.
[I 2026-06-01 15:01:07,990] Trial 15 finished with value: 0.01298035508144845 and parameters: {'confidence_threshold': 0.6977532957685249, 'training_days': 300, 'n_estimators': 260, 'max_depth': 4, 'num_leaves': 44, 'learning_rate': 0.023958779352693315, 'subsample': 0.6039498278320425, 'colsample_bytree': 0.5093920150666754, 'min_child_samples': 78, 'reg_alpha': 0.02839933371520006, 'reg_lambda': 0.01942522303509738}. Best is trial 1 with value: 0.10841150679383149.
[I 2026-06-01 15:01:08,251] Trial 16 finished with value: 0.017563227721409395 and parameters: {'confidence_threshold': 0.8104188407338415, 'training_days': 500, 'n_estimators': 441, 'max_depth': 3, 'num_leaves': 55, 'learning_rate': 0.04734750546511042, 'subsample': 0.6913199244976725, 'colsample_bytree': 0.6155885267093099, 'min_child_samples': 99, 'reg_alpha': 5.292044899879069e-07, 'reg_lambda': 0.0019821772168074165}. Best is trial 1 with value: 0.10841150679383149.
[I 2026-06-01 15:01:08,515] Trial 17 finished with value: -0.020237460329743735 and parameters: {'confidence_threshold': 0.6532188814216302, 'training_days': 420, 'n_estimators': 209, 'max_depth': 5, 'num_leaves': 45, 'learning_rate': 0.010449538706340628, 'subsample': 0.9202138733708044, 'colsample_bytree': 0.7284374620681073, 'min_child_samples': 52, 'reg_alpha': 7.284070645541434, 'reg_lambda': 0.4838561248080444}. Best is trial 1 with value: 0.10841150679383149.

  [label] 2024-08-04 08:00 BTCUSDT entry=59070.0000 → SHORT | long=sl(-5.23%) short=tp(+10.17%) | scanned=2 | short_tp_only
  Labels: 1186 long (54.6%), 985 short (45.4%) | weights: min=1.00, mean=3.38, max=10.00
  Features: 2171/2171 matched, 47 columns
  CV gap: 22 rows
  [ensemble 1/3] seed=42
    [trial 0] 47 features, training_days=480 | threshold=0.631 | labels: 1186 long, 985 short (55/45%)
    [CV fold 0] train_end=2022-12-24 08:00 | val_start=2023-01-01 00:00 | gap=184h (22 rows)
    [CV fold 1] train_end=2023-04-23 16:00 | val_start=2023-05-01 08:00 | gap=184h (22 rows)
    [CV fold 2] train_end=2023-08-22 00:00 | val_start=2023-08-29 16:00 | gap=184h (22 rows)
    [CV fold 3] train_end=2023-12-20 08:00 | val_start=2023-12-28 00:00 | gap=184h (22 rows)
    [CV fold 4] train_end=2024-04-18 16:00 | val_start=2024-04-26 08:00 | gap=184h (22 rows)
    [trial 0] Sharpe=0.0392 (folds: 0.0630, -0.0065, -0.1209, 0.3439, -0.0833)
    [trial 1] 47 features, training_days=420 | threshold=0.839 | labels: 1186 long, 985 short (55/45%)
    [trial 1] Sharpe=-2.0796 (folds: -0.1938, -0.0676, -0.2401, -10.0000, 0.1036)
    [trial 2] 47 features, training_days=190 | threshold=0.602 | labels: 1186 long, 985 short (55/45%)
    [trial 2] Sharpe=0.0168 (folds: 0.0035, 0.1285, 0.0296, -0.0115, -0.0662)
    [trial 3] 47 features, training_days=490 | threshold=0.832 | labels: 1186 long, 985 short (55/45%)
    [trial 3] Sharpe=0.0105 (folds: -0.0746, -0.0585, 0.0132, 0.2609, -0.0885)
    [trial 4] 47 features, training_days=340 | threshold=0.591 | labels: 1186 long, 985 short (55/45%)
    [trial 4] Sharpe=0.0898 (folds: 0.1086, 0.0423, -0.0258, 0.4008, -0.0770)
    [trial 5] 47 features, training_days=50 | threshold=0.823 | labels: 1186 long, 985 short (55/45%)
    [trial 5] Sharpe=-0.0538 (folds: 0.0210, -0.1386, -0.4109, 0.2479, 0.0117)
    [trial 6] 47 features, training_days=410 | threshold=0.549 | labels: 1186 long, 985 short (55/45%)
    [trial 6] Sharpe=0.0598 (folds: 0.0750, 0.0461, -0.1694, 0.4020, -0.0546)
    [trial 7] 47 features, training_days=180 | threshold=0.526 | labels: 1186 long, 985 short (55/45%)
    [trial 7] Sharpe=0.0733 (folds: 0.1284, 0.0087, 0.1205, 0.1424, -0.0334)
    [trial 8] 47 features, training_days=240 | threshold=0.811 | labels: 1186 long, 985 short (55/45%)
    [trial 8] Sharpe=-0.0364 (folds: -0.0709, -0.1679, 0.0196, 0.1288, -0.0917)
    [trial 9] 47 features, training_days=20 | threshold=0.538 | labels: 1186 long, 985 short (55/45%)
    [trial 9] Sharpe=-0.0780 (folds: -0.1154, -0.0206, -0.4214, 0.2143, -0.0469)
    [trial 10] 47 features, training_days=350 | threshold=0.680 | labels: 1186 long, 985 short (55/45%)
    [trial 10] Sharpe=0.0493 (folds: 0.0443, 0.0011, -0.1147, 0.3641, -0.0483)
    [trial 11] 47 features, training_days=150 | threshold=0.504 | labels: 1186 long, 985 short (55/45%)
    [trial 11] Sharpe=-0.0150 (folds: 0.0955, -0.0839, -0.1662, 0.1607, -0.0813)
    [trial 12] 47 features, training_days=310 | threshold=0.703 | labels: 1186 long, 985 short (55/45%)
    [trial 12] Sharpe=0.0675 (folds: 0.0160, 0.0265, 0.0827, 0.3580, -0.1459)
    [trial 13] 47 features, training_days=100 | threshold=0.595 | labels: 1186 long, 985 short (55/45%)
    [trial 13] Sharpe=0.0259 (folds: 0.1303, -0.0030, -0.1930, 0.2671, -0.0720)
    [trial 14] 47 features, training_days=260 | threshold=0.747 | labels: 1186 long, 985 short (55/45%)
    [trial 14] Sharpe=0.0349 (folds: 0.0249, -0.0328, 0.1488, 0.1072, -0.0738)
    [trial 15] 47 features, training_days=320 | threshold=0.569 | labels: 1186 long, 985 short (55/45%)
    [trial 15] Sharpe=0.0669 (folds: 0.0444, 0.0532, 0.0300, 0.3048, -0.0977)
    [trial 16] 47 features, training_days=190 | threshold=0.643 | labels: 1186 long, 985 short (55/45%)
    [trial 16] Sharpe=0.0182 (folds: -0.0340, 0.1291, 0.0532, 0.0322, -0.0897)
    [trial 17] 47 features, training_days=110 | threshold=0.516 | labels: 1186 long, 985 short (55/45%)
    [trial 17] Sharpe=-0.0030 (folds: 0.1119, -0.0656, -0.2081, 0.1796, -0.0329)
  Optuna: 18 trials, best Sharpe = 0.0898
  Best params: n_estimators=190, max_depth=4, lr=0.0188, leaves=41
  Best confidence_threshold: 0.591
  Best training_days: 340
  Retrained on full data (1020 samples, 47 features)
  [ensemble 2/3] seed=123
    [trial 0] 47 features, training_days=150 | threshold=0.744 | labels: 1186 long, 985 short (55/45%)
    [CV fold 0] train_end=2022-12-24 08:00 | val_start=2023-01-01 00:00 | gap=184h (22 rows)
    [CV fold 1] train_end=2023-04-23 16:00 | val_start=2023-05-01 08:00 | gap=184h (22 rows)
    [CV fold 2] train_end=2023-08-22 00:00 | val_start=2023-08-29 16:00 | gap=184h (22 rows)
    [CV fold 3] train_end=2023-12-20 08:00 | val_start=2023-12-28 00:00 | gap=184h (22 rows)
    [CV fold 4] train_end=2024-04-18 16:00 | val_start=2024-04-26 08:00 | gap=184h (22 rows)
    [trial 0] Sharpe=-0.0351 (folds: 0.0058, 0.0957, -0.1546, 0.0524, -0.1748)
    [trial 1] 47 features, training_days=220 | threshold=0.755 | labels: 1186 long, 985 short (55/45%)
    [trial 1] Sharpe=0.1084 (folds: -0.6740, 0.5314, 0.0924, 0.4115, 0.1808)
    [trial 2] 47 features, training_days=310 | threshold=0.754 | labels: 1186 long, 985 short (55/45%)
    [trial 2] Sharpe=0.0473 (folds: -0.0640, -0.0022, 0.0263, 0.4131, -0.1366)
    [trial 3] 47 features, training_days=220 | threshold=0.673 | labels: 1186 long, 985 short (55/45%)
    [trial 3] Sharpe=0.0226 (folds: 0.0410, -0.0431, -0.0072, 0.1502, -0.0277)
    [trial 4] 47 features, training_days=130 | threshold=0.803 | labels: 1186 long, 985 short (55/45%)
    [trial 4] Sharpe=-0.0068 (folds: -0.0106, 0.0600, -0.1343, 0.2421, -0.1913)
    [trial 5] 47 features, training_days=210 | threshold=0.606 | labels: 1186 long, 985 short (55/45%)
    [trial 5] Sharpe=-0.0103 (folds: 0.0088, 0.0162, 0.0351, -0.0479, -0.0638)
    [trial 6] 47 features, training_days=130 | threshold=0.767 | labels: 1186 long, 985 short (55/45%)
    [trial 6] Sharpe=-0.0166 (folds: -0.0132, 0.0288, -0.2252, 0.1876, -0.0609)
    [trial 7] 47 features, training_days=80 | threshold=0.556 | labels: 1186 long, 985 short (55/45%)
    [trial 7] Sharpe=0.0409 (folds: -0.0756, -0.0062, 0.0272, 0.2489, 0.0102)
    [trial 8] 47 features, training_days=200 | threshold=0.607 | labels: 1186 long, 985 short (55/45%)
    [trial 8] Sharpe=0.0428 (folds: 0.0258, 0.1111, 0.0058, 0.1602, -0.0886)
    [trial 9] 47 features, training_days=260 | threshold=0.620 | labels: 1186 long, 985 short (55/45%)
    [trial 9] Sharpe=0.0263 (folds: 0.0491, -0.0144, 0.0751, 0.1067, -0.0852)
    [trial 10] 47 features, training_days=470 | threshold=0.845 | labels: 1186 long, 985 short (55/45%)
    [trial 10] Sharpe=-0.0188 (folds: -0.1333, -0.1397, -0.1029, 0.3540, -0.0721)
    [trial 11] 47 features, training_days=360 | threshold=0.716 | labels: 1186 long, 985 short (55/45%)
    [trial 11] Sharpe=-5.9716 (folds: 0.0076, -10.0000, -10.0000, -10.0000, 0.1341)
    [trial 12] 47 features, training_days=340 | threshold=0.678 | labels: 1186 long, 985 short (55/45%)
    [trial 12] Sharpe=0.0520 (folds: -0.0170, 0.0545, 0.0016, 0.3387, -0.1176)
    [trial 13] 47 features, training_days=400 | threshold=0.669 | labels: 1186 long, 985 short (55/45%)
    [trial 13] Sharpe=0.0445 (folds: 0.0017, -0.0590, -0.0985, 0.4176, -0.0390)
    [trial 14] 47 features, training_days=20 | threshold=0.517 | labels: 1186 long, 985 short (55/45%)
    [trial 14] Sharpe=-0.0780 (folds: -0.1154, -0.0206, -0.4214, 0.2143, -0.0469)
    [trial 15] 47 features, training_days=300 | threshold=0.698 | labels: 1186 long, 985 short (55/45%)
    [trial 15] Sharpe=0.0130 (folds: -0.0959, -0.0564, 0.0804, 0.2609, -0.1242)
    [trial 16] 47 features, training_days=500 | threshold=0.810 | labels: 1186 long, 985 short (55/45%)
    [trial 16] Sharpe=0.0176 (folds: -0.1666, 0.0704, -0.1149, 0.3767, -0.0777)
    [trial 17] 47 features, training_days=420 | threshold=0.653 | labels: 1186 long, 985 short (55/45%)
    [trial 17] Sharpe=-0.0202 (folds: -0.0836, -0.0672, -0.1355, 0.3569, -0.1719)
  Optuna: 18 trials, best Sharpe = 0.1084
  Best params: n_estimators=76, max_depth=4, lr=0.0186, leaves=51
  Best confidence_threshold: 0.755[I 2026-06-01 15:01:08,880] A new study created in memory with name: no-name-ad40a2ec-9c93-4d75-b952-b14c90e82958
[I 2026-06-01 15:01:09,085] Trial 0 finished with value: -0.001065280517061451 and parameters: {'confidence_threshold': 0.5870645682749857, 'training_days': 90, 'n_estimators': 403, 'max_depth': 5, 'num_leaves': 45, 'learning_rate': 0.0780457193679974, 'subsample': 0.9428509515574568, 'colsample_bytree': 0.8795587339164916, 'min_child_samples': 34, 'reg_alpha': 2.2465901234314442e-07, 'reg_lambda': 8.339007036475363e-05}. Best is trial 0 with value: -0.001065280517061451.
[I 2026-06-01 15:01:09,202] Trial 1 finished with value: 0.0449681835903925 and parameters: {'confidence_threshold': 0.6348453934275313, 'training_days': 290, 'n_estimators': 115, 'max_depth': 5, 'num_leaves': 37, 'learning_rate': 0.06949568759029946, 'subsample': 0.8228505074024268, 'colsample_bytree': 0.8616703220431751, 'min_child_samples': 75, 'reg_alpha': 4.2486822725010923e-07, 'reg_lambda': 1.157247767047042e-07}. Best is trial 1 with value: 0.0449681835903925.
[I 2026-06-01 15:01:09,223] Trial 2 finished with value: -0.07799106655486968 and parameters: {'confidence_threshold': 0.5849570384370288, 'training_days': 10, 'n_estimators': 212, 'max_depth': 3, 'num_leaves': 41, 'learning_rate': 0.18452095998378365, 'subsample': 0.6001060822924371, 'colsample_bytree': 0.5673167293506167, 'min_child_samples': 37, 'reg_alpha': 5.733250064217131, 'reg_lambda': 0.5308454292595461}. Best is trial 1 with value: 0.0449681835903925.
[I 2026-06-01 15:01:09,302] Trial 3 finished with value: 0.054010310993627166 and parameters: {'confidence_threshold': 0.6868248626683718, 'training_days': 220, 'n_estimators': 134, 'max_depth': 3, 'num_leaves': 45, 'learning_rate': 0.033529007907491595, 'subsample': 0.8647277071858408, 'colsample_bytree': 0.778494116634046, 'min_child_samples': 96, 'reg_alpha': 2.409409937265785e-07, 'reg_lambda': 1.1642073478060009}. Best is trial 3 with value: 0.054010310993627166.
[I 2026-06-01 15:01:09,386] Trial 4 finished with value: 0.021436829558849305 and parameters: {'confidence_threshold': 0.5623121348350352, 'training_days': 300, 'n_estimators': 69, 'max_depth': 4, 'num_leaves': 32, 'learning_rate': 0.14967629360700346, 'subsample': 0.5054535233636654, 'colsample_bytree': 0.7401385194659216, 'min_child_samples': 27, 'reg_alpha': 1.4212042567426725e-07, 'reg_lambda': 0.23605753701352003}. Best is trial 3 with value: 0.054010310993627166.
[I 2026-06-01 15:01:09,797] Trial 5 finished with value: 0.038776450867577805 and parameters: {'confidence_threshold': 0.7111850244908446, 'training_days': 490, 'n_estimators': 362, 'max_depth': 5, 'num_leaves': 40, 'learning_rate': 0.05960785724162737, 'subsample': 0.5589714368907717, 'colsample_bytree': 0.6659006943232806, 'min_child_samples': 42, 'reg_alpha': 0.6741360303045295, 'reg_lambda': 6.054601607143087e-08}. Best is trial 3 with value: 0.054010310993627166.
[I 2026-06-01 15:01:09,967] Trial 6 finished with value: 0.020776063301071443 and parameters: {'confidence_threshold': 0.667482545748023, 'training_days': 420, 'n_estimators': 279, 'max_depth': 3, 'num_leaves': 45, 'learning_rate': 0.040099592560849204, 'subsample': 0.8563114696415159, 'colsample_bytree': 0.5442917781944105, 'min_child_samples': 50, 'reg_alpha': 1.6407916423707903e-08, 'reg_lambda': 2.935907642973286e-05}. Best is trial 3 with value: 0.054010310993627166.
[I 2026-06-01 15:01:10,116] Trial 7 finished with value: -0.01874698750524331 and parameters: {'confidence_threshold': 0.5497381024139926, 'training_days': 120, 'n_estimators': 408, 'max_depth': 5, 'num_leaves': 38, 'learning_rate': 0.28049122657745795, 'subsample': 0.8806573338635493, 'colsample_bytree': 0.5454054113547102, 'min_child_samples': 63, 'reg_alpha': 0.01263008637940408, 'reg_lambda': 0.04588020805366937}. Best is trial 3 with value: 0.054010310993627166.
[I 2026-06-01 15:01:10,364] Trial 8 finished with value: 0.021729097538664328 and parameters: {'confidence_threshold': 0.719644804808716, 'training_days': 450, 'n_estimators': 410, 'max_depth': 4, 'num_leaves': 57, 'learning_rate': 0.04022026551478857, 'subsample': 0.5336085426932707, 'colsample_bytree': 0.5705742850577543, 'min_child_samples': 100, 'reg_alpha': 5.916398047912201e-07, 'reg_lambda': 0.9794034214488329}. Best is trial 3 with value: 0.054010310993627166.
[I 2026-06-01 15:01:10,389] Trial 9 finished with value: -8.084278421182045 and parameters: {'confidence_threshold': 0.7267463643917187, 'training_days': 20, 'n_estimators': 337, 'max_depth': 5, 'num_leaves': 23, 'learning_rate': 0.022153031811454605, 'subsample': 0.6305627572358737, 'colsample_bytree': 0.6613413774216214, 'min_child_samples': 81, 'reg_alpha': 5.7638634029410314e-08, 'reg_lambda': 8.26603016764008}. Best is trial 3 with value: 0.054010310993627166.
[I 2026-06-01 15:01:10,492] Trial 10 finished with value: -5.921903015207952 and parameters: {'confidence_threshold': 0.8283920119574972, 'training_days': 200, 'n_estimators': 181, 'max_depth': 3, 'num_leaves': 62, 'learning_rate': 0.011579281028220855, 'subsample': 0.7130289643560688, 'colsample_bytree': 0.9944479338273263, 'min_child_samples': 100, 'reg_alpha': 6.837313901272251e-05, 'reg_lambda': 0.0027253228209330924}. Best is trial 3 with value: 0.054010310993627166.
[I 2026-06-01 15:01:10,561] Trial 11 finished with value: 0.059759467431815524 and parameters: {'confidence_threshold': 0.6435110568867387, 'training_days': 300, 'n_estimators': 53, 'max_depth': 4, 'num_leaves': 52, 'learning_rate': 0.0222741777320615, 'subsample': 0.7864449612484271, 'colsample_bytree': 0.8566211708639163, 'min_child_samples': 82, 'reg_alpha': 2.5646023357365184e-05, 'reg_lambda': 7.359299995524362e-08}. Best is trial 11 with value: 0.059759467431815524.
[I 2026-06-01 15:01:10,636] Trial 12 finished with value: -10.0 and parameters: {'confidence_threshold': 0.7805258891360656, 'training_days': 360, 'n_estimators': 54, 'max_depth': 4, 'num_leaves': 53, 'learning_rate': 0.01924681962976845, 'subsample': 0.7288381003885563, 'colsample_bytree': 0.8502332530306856, 'min_child_samples': 88, 'reg_alpha': 5.113460481149383e-05, 'reg_lambda': 2.0831803692649198e-06}. Best is trial 11 with value: 0.059759467431815524.
[I 2026-06-01 15:01:10,754] Trial 13 finished with value: 0.05124138843769106 and parameters: {'confidence_threshold': 0.5040535938350955, 'training_days': 210, 'n_estimators': 157, 'max_depth': 4, 'num_leaves': 52, 'learning_rate': 0.023468126747120118, 'subsample': 0.9755936541801561, 'colsample_bytree': 0.7704197786801941, 'min_child_samples': 67, 'reg_alpha': 8.465942575614097e-06, 'reg_lambda': 0.004344943341578826}. Best is trial 11 with value: 0.059759467431815524.
[I 2026-06-01 15:01:11,007] Trial 14 finished with value: 0.024792870539957337 and parameters: {'confidence_threshold': 0.6439954054899397, 'training_days': 210, 'n_estimators': 500, 'max_depth': 3, 'num_leaves': 17, 'learning_rate': 0.011569006146449106, 'subsample': 0.7935856948288743, 'colsample_bytree': 0.9558958647114086, 'min_child_samples': 88, 'reg_alpha': 0.007558490788345549, 'reg_lambda': 1.9537169326802645e-06}. Best is trial 11 with value: 0.059759467431815524.
[I 2026-06-01 15:01:11,095] Trial 15 finished with value: -0.0957642621738748 and parameters: {'confidence_threshold': 0.7594279795954488, 'training_days': 310, 'n_estimators': 110, 'max_depth': 3, 'num_leaves': 49, 'learning_rate': 0.03335210513503152, 'subsample': 0.9130673202651429, 'colsample_bytree': 0.7960197179113024, 'min_child_samples': 88, 'reg_alpha': 4.99025556679806e-06, 'reg_lambda': 0.0013467843257158065}. Best is trial 11 with value: 0.059759467431815524.
[I 2026-06-01 15:01:11,278] Trial 16 finished with value: 0.024703123833314272 and parameters: {'confidence_threshold': 0.6388779883939387, 'training_days': 380, 'n_estimators': 239, 'max_depth': 4, 'num_leaves': 29, 'learning_rate': 0.10164450837387665, 'subsample': 0.6693629824955956, 'colsample_bytree': 0.7019334378351963, 'min_child_samples': 73, 'reg_alpha': 0.0017698824032541677, 'reg_lambda': 2.467406175509025e-06}. Best is trial 11 with value: 0.059759467431815524.
