[I 2026-06-01 14:59:58,793] Trial 11 finished with value: 0.005118366472926647 and parameters: {'confidence_threshold': 0.5076763476549723, 'training_days': 450, 'n_estimators': 245, 'max_depth': 3, 'num_leaves': 62, 'learning_rate': 0.2946534946081864, 'subsample': 0.7185615065128308, 'colsample_bytree': 0.984387885372814, 'min_child_samples': 100, 'reg_alpha': 2.5493772909886044e-07, 'reg_lambda': 1.003510323817704e-08}. Best is trial 11 with value: 0.005118366472926647.
[I 2026-06-01 14:59:58,972] Trial 12 finished with value: -0.025432287261829188 and parameters: {'confidence_threshold': 0.5091938652065363, 'training_days': 500, 'n_estimators': 234, 'max_depth': 3, 'num_leaves': 51, 'learning_rate': 0.05809128784912797, 'subsample': 0.6796991224174062, 'colsample_bytree': 0.9737874829232072, 'min_child_samples': 100, 'reg_alpha': 2.5907884980586616e-07, 'reg_lambda': 4.772595731772396e-08}. Best is trial 11 with value: 0.005118366472926647.
[I 2026-06-01 14:59:59,164] Trial 13 finished with value: -0.000166384547329064 and parameters: {'confidence_threshold': 0.5011448595898854, 'training_days': 500, 'n_estimators': 248, 'max_depth': 3, 'num_leaves': 57, 'learning_rate': 0.14636868951120924, 'subsample': 0.5024707401359401, 'colsample_bytree': 0.6564540780078124, 'min_child_samples': 95, 'reg_alpha': 7.145418468218336e-08, 'reg_lambda': 3.0523674035427045e-07}. Best is trial 11 with value: 0.005118366472926647.
[I 2026-06-01 14:59:59,356] Trial 14 finished with value: 0.013321944554532339 and parameters: {'confidence_threshold': 0.5640089205330171, 'training_days': 490, 'n_estimators': 282, 'max_depth': 3, 'num_leaves': 62, 'learning_rate': 0.15135110861490111, 'subsample': 0.5066433955058485, 'colsample_bytree': 0.6347607952757376, 'min_child_samples': 84, 'reg_alpha': 1.0008979480392905e-08, 'reg_lambda': 6.660975491169781e-07}. Best is trial 14 with value: 0.013321944554532339.
[I 2026-06-01 14:59:59,569] Trial 15 finished with value: -0.05288611580585465 and parameters: {'confidence_threshold': 0.567040461193401, 'training_days': 400, 'n_estimators': 300, 'max_depth': 4, 'num_leaves': 63, 'learning_rate': 0.2662524632365439, 'subsample': 0.9138454044422777, 'colsample_bytree': 0.5093920150666754, 'min_child_samples': 83, 'reg_alpha': 5.011892081220446e-07, 'reg_lambda': 9.294665025482195e-07}. Best is trial 14 with value: 0.013321944554532339.
[I 2026-06-01 14:59:59,854] Trial 16 finished with value: -0.046202615856591515 and parameters: {'confidence_threshold': 0.6708968705265699, 'training_days': 390, 'n_estimators': 475, 'max_depth': 3, 'num_leaves': 57, 'learning_rate': 0.1575723940117333, 'subsample': 0.5018599291761976, 'colsample_bytree': 0.6695684045116022, 'min_child_samples': 82, 'reg_alpha': 1.0230620661731436e-08, 'reg_lambda': 0.0019821772168074096}. Best is trial 14 with value: 0.013321944554532339.
[I 2026-06-01 15:00:00,121] Trial 17 finished with value: -0.03996512680993904 and parameters: {'confidence_threshold': 0.5617278450091161, 'training_days': 430, 'n_estimators': 429, 'max_depth': 3, 'num_leaves': 43, 'learning_rate': 0.2764949638620683, 'subsample': 0.5975400821780594, 'colsample_bytree': 0.5561609994851332, 'min_child_samples': 52, 'reg_alpha': 1.489615950781239e-06, 'reg_lambda': 1.6100004139354456e-08}. Best is trial 14 with value: 0.013321944554532339.
[I 2026-06-01 15:00:00,445] A new study created in memory with name: no-name-79d52d7e-ce23-47bf-84c1-b569eb670cc5
[I 2026-06-01 15:00:00,629] Trial 0 finished with value: -0.04578723285563673 and parameters: {'confidence_threshold': 0.5870645682749857, 'training_days': 90, 'n_estimators': 403, 'max_depth': 5, 'num_leaves': 45, 'learning_rate': 0.0780457193679974, 'subsample': 0.9428509515574568, 'colsample_bytree': 0.8795587339164916, 'min_child_samples': 34, 'reg_alpha': 2.2465901234314442e-07, 'reg_lambda': 8.339007036475363e-05}. Best is trial 0 with value: -0.04578723285563673.
[I 2026-06-01 15:00:00,730] Trial 1 finished with value: -0.07996270941316999 and parameters: {'confidence_threshold': 0.6348453934275313, 'training_days': 290, 'n_estimators': 115, 'max_depth': 5, 'num_leaves': 37, 'learning_rate': 0.06949568759029946, 'subsample': 0.8228505074024268, 'colsample_bytree': 0.8616703220431751, 'min_child_samples': 75, 'reg_alpha': 4.2486822725010923e-07, 'reg_lambda': 1.157247767047042e-07}. Best is trial 0 with value: -0.04578723285563673.

    [trial 1] Sharpe=-6.0971 (folds: -0.2556, -0.2297, -10.0000, -10.0000, -10.0000)
    [trial 2] 47 features, training_days=190 | threshold=0.602 | labels: 1143 long, 1028 short (53/47%)
    [trial 2] Sharpe=-0.0799 (folds: -0.2571, -0.1964, -0.0320, 0.2312, -0.1452)
    [trial 3] 47 features, training_days=490 | threshold=0.832 | labels: 1143 long, 1028 short (53/47%)
    [trial 3] Sharpe=-0.0673 (folds: -0.2237, -0.2210, -0.1322, 0.2475, -0.0069)
    [trial 4] 47 features, training_days=340 | threshold=0.591 | labels: 1143 long, 1028 short (53/47%)
    [trial 4] Sharpe=-0.0769 (folds: -0.3547, -0.1210, 0.0238, 0.1629, -0.0955)
    [trial 5] 47 features, training_days=50 | threshold=0.823 | labels: 1143 long, 1028 short (53/47%)
    [trial 5] Sharpe=-2.4716 (folds: -2.2236, -0.3641, -10.0000, -0.0407, 0.2704)
    [trial 6] 47 features, training_days=410 | threshold=0.549 | labels: 1143 long, 1028 short (53/47%)
    [trial 6] Sharpe=-0.1219 (folds: -0.3651, -0.1489, -0.0556, 0.0287, -0.0687)
    [trial 7] 47 features, training_days=180 | threshold=0.526 | labels: 1143 long, 1028 short (53/47%)
    [trial 7] Sharpe=-0.0967 (folds: -0.3147, -0.1616, 0.0502, 0.1860, -0.2437)
    [trial 8] 47 features, training_days=240 | threshold=0.811 | labels: 1143 long, 1028 short (53/47%)
    [trial 8] Sharpe=-0.1165 (folds: -0.3328, -0.2181, -0.1324, 0.3468, -0.2459)
    [trial 9] 47 features, training_days=20 | threshold=0.538 | labels: 1143 long, 1028 short (53/47%)
    [trial 9] Sharpe=0.0603 (folds: -0.0381, -0.1161, 0.0137, 0.1085, 0.3335)
    [trial 10] 47 features, training_days=10 | threshold=0.745 | labels: 1143 long, 1028 short (53/47%)
    [trial 10] Sharpe=-0.1582 (folds: -0.0381, -0.1161, 0.0019, -0.3416, -0.2971)
    [trial 11] 47 features, training_days=110 | threshold=0.662 | labels: 1143 long, 1028 short (53/47%)
    [trial 11] Sharpe=-0.0390 (folds: -0.4006, -0.2120, 0.2902, 0.3164, -0.1888)
    [trial 12] 47 features, training_days=110 | threshold=0.696 | labels: 1143 long, 1028 short (53/47%)
    [trial 12] Sharpe=-0.0259 (folds: -0.3330, -0.0628, 0.1681, 0.2962, -0.1979)
    [trial 13] 47 features, training_days=100 | threshold=0.725 | labels: 1143 long, 1028 short (53/47%)
    [trial 13] Sharpe=-0.0282 (folds: -0.0689, -0.1108, 0.2478, -0.0327, -0.1764)
    [trial 14] 47 features, training_days=100 | threshold=0.717 | labels: 1143 long, 1028 short (53/47%)
    [trial 14] Sharpe=-0.0518 (folds: -0.1949, -0.0667, 0.2067, 0.0135, -0.2177)
    [trial 15] 47 features, training_days=10 | threshold=0.503 | labels: 1143 long, 1028 short (53/47%)
    [trial 15] Sharpe=-0.1582 (folds: -0.0381, -0.1161, 0.0019, -0.3416, -0.2971)
    [trial 16] 47 features, training_days=140 | threshold=0.680 | labels: 1143 long, 1028 short (53/47%)
    [trial 16] Sharpe=-0.0285 (folds: -0.1197, -0.1298, 0.0875, 0.1182, -0.0988)
    [trial 17] 47 features, training_days=290 | threshold=0.761 | labels: 1143 long, 1028 short (53/47%)
    [trial 17] Sharpe=-0.2845 (folds: 0.6879, -0.0677, -2.6007, -0.0054, 0.5634)
  Optuna: 18 trials, best Sharpe = 0.0603
  Best params: n_estimators=337, max_depth=3, lr=0.2191, leaves=39
  Best confidence_threshold: 0.538
  Best training_days: 20
  Retrained on full data (60 samples, 47 features)
  [ensemble 2/3] seed=123
    [trial 0] 47 features, training_days=150 | threshold=0.744 | labels: 1143 long, 1028 short (53/47%)
    [CV fold 0] train_end=2022-06-23 08:00 | val_start=2022-07-01 00:00 | gap=184h (22 rows)
    [CV fold 1] train_end=2022-10-21 16:00 | val_start=2022-10-29 08:00 | gap=184h (22 rows)
    [CV fold 2] train_end=2023-02-19 00:00 | val_start=2023-02-26 16:00 | gap=184h (22 rows)
    [CV fold 3] train_end=2023-06-19 08:00 | val_start=2023-06-27 00:00 | gap=184h (22 rows)
    [CV fold 4] train_end=2023-10-17 16:00 | val_start=2023-10-25 08:00 | gap=184h (22 rows)
    [trial 0] Sharpe=-0.0800 (folds: -0.3561, -0.1308, 0.2019, 0.1533, -0.2685)
    [trial 1] 47 features, training_days=220 | threshold=0.755 | labels: 1143 long, 1028 short (53/47%)
    [trial 1] Sharpe=-3.8296 (folds: -10.0000, -0.2069, -10.0000, 1.1047, -0.0459)
    [trial 2] 47 features, training_days=310 | threshold=0.754 | labels: 1143 long, 1028 short (53/47%)
    [trial 2] Sharpe=-0.0624 (folds: -0.3312, -0.1769, -0.2258, 0.3787, 0.0431)
    [trial 3] 47 features, training_days=220 | threshold=0.673 | labels: 1143 long, 1028 short (53/47%)
    [trial 3] Sharpe=-0.0359 (folds: -0.1390, -0.1418, -0.0421, 0.1522, -0.0089)
    [trial 4] 47 features, training_days=130 | threshold=0.803 | labels: 1143 long, 1028 short (53/47%)
    [trial 4] Sharpe=-0.0437 (folds: -0.2772, -0.1281, 0.1790, 0.0094, -0.0017)
    [trial 5] 47 features, training_days=210 | threshold=0.606 | labels: 1143 long, 1028 short (53/47%)
    [trial 5] Sharpe=-0.0853 (folds: -0.2005, -0.1641, -0.0627, 0.2112, -0.2104)
    [trial 6] 47 features, training_days=130 | threshold=0.767 | labels: 1143 long, 1028 short (53/47%)
    [trial 6] Sharpe=-0.0610 (folds: -0.1648, -0.1056, 0.1265, -0.1388, -0.0225)
    [trial 7] 47 features, training_days=80 | threshold=0.556 | labels: 1143 long, 1028 short (53/47%)
    [trial 7] Sharpe=-0.0326 (folds: -0.2393, 0.0175, 0.1495, -0.0345, -0.0563)
    [trial 8] 47 features, training_days=200 | threshold=0.607 | labels: 1143 long, 1028 short (53/47%)
    [trial 8] Sharpe=-0.1084 (folds: -0.2131, -0.0810, -0.0867, 0.0647, -0.2260)
    [trial 9] 47 features, training_days=260 | threshold=0.620 | labels: 1143 long, 1028 short (53/47%)
    [trial 9] Sharpe=-0.0894 (folds: -0.3132, -0.1520, -0.2599, 0.2402, 0.0379)
    [trial 10] 47 features, training_days=10 | threshold=0.525 | labels: 1143 long, 1028 short (53/47%)
    [trial 10] Sharpe=-0.1582 (folds: -0.0381, -0.1161, 0.0019, -0.3416, -0.2971)
    [trial 11] 47 features, training_days=450 | threshold=0.508 | labels: 1143 long, 1028 short (53/47%)
    [trial 11] Sharpe=0.0051 (folds: -0.0930, -0.1354, 0.0824, 0.1539, 0.0178)
    [trial 12] 47 features, training_days=500 | threshold=0.509 | labels: 1143 long, 1028 short (53/47%)
    [trial 12] Sharpe=-0.0254 (folds: -0.2391, -0.1622, 0.0983, 0.0898, 0.0860)
    [trial 13] 47 features, training_days=500 | threshold=0.501 | labels: 1143 long, 1028 short (53/47%)
    [trial 13] Sharpe=-0.0002 (folds: -0.1510, -0.1169, 0.0848, 0.1401, 0.0421)
    [trial 14] 47 features, training_days=490 | threshold=0.564 | labels: 1143 long, 1028 short (53/47%)
    [trial 14] Sharpe=0.0133 (folds: -0.1621, -0.1436, 0.0850, 0.2032, 0.0841)
    [trial 15] 47 features, training_days=400 | threshold=0.567 | labels: 1143 long, 1028 short (53/47%)
    [trial 15] Sharpe=-0.0529 (folds: -0.1656, -0.1513, -0.0343, 0.1202, -0.0334)
    [trial 16] 47 features, training_days=390 | threshold=0.671 | labels: 1143 long, 1028 short (53/47%)
    [trial 16] Sharpe=-0.0462 (folds: -0.2556, -0.1975, 0.0255, 0.1595, 0.0371)
    [trial 17] 47 features, training_days=430 | threshold=0.562 | labels: 1143 long, 1028 short (53/47%)
    [trial 17] Sharpe=-0.0400 (folds: -0.1143, -0.2104, -0.1277, 0.1443, 0.1083)
  Optuna: 18 trials, best Sharpe = 0.0133
  Best params: n_estimators=282, max_depth=3, lr=0.1514, leaves=62
  Best confidence_threshold: 0.564
  Best training_days: 490
  Retrained on full data (1470 samples, 47 features)
  [ensemble 3/3] seed=456
    [trial 0] 47 features, training_days=90 | threshold=0.587 | labels: 1143 long, 1028 short (53/47%)
    [CV fold 0] train_end=2022-06-23 08:00 | val_start=2022-07-01 00:00 | gap=184h (22 rows)
    [CV fold 1] train_end=2022-10-21 16:00 | val_start=2022-10-29 08:00 | gap=184h (22 rows)
    [CV fold 2] train_end=2023-02-19 00:00 | val_start=2023-02-26 16:00 | gap=184h (22 rows)
    [CV fold 3] train_end=2023-06-19 08:00 | val_start=2023-06-27 00:00 | gap=184h (22 rows)
    [CV fold 4] train_end=2023-10-17 16:00 | val_start=2023-10-25 08:00 | gap=184h (22 rows)
    [trial 0] Sharpe=-0.0458 (folds: -0.1872, -0.0573, 0.1730, -0.1946, 0.0372)
    [trial 1] 47 features, training_days=290 | threshold=0.635 | labels: 1143 long, 1028 short (53/47%)
    [trial 1] Sharpe=-0.0800 (folds: -0.3013, -0.1766, -0.1082, 0.1927, -0.0064)
    [trial 2] 47 features, training_days=10 | threshold=0.585 | labels: 1143 long, 1028 short (53/47%)[I 2026-06-01 15:00:00,747] Trial 2 finished with value: -0.15818909993093816 and parameters: {'confidence_threshold': 0.5849570384370288, 'training_days': 10, 'n_estimators': 212, 'max_depth': 3, 'num_leaves': 41, 'learning_rate': 0.18452095998378365, 'subsample': 0.6001060822924371, 'colsample_bytree': 0.5673167293506167, 'min_child_samples': 37, 'reg_alpha': 5.733250064217131, 'reg_lambda': 0.5308454292595461}. Best is trial 0 with value: -0.04578723285563673.
[I 2026-06-01 15:00:00,821] Trial 3 finished with value: 0.050013815884399196 and parameters: {'confidence_threshold': 0.6868248626683718, 'training_days': 220, 'n_estimators': 134, 'max_depth': 3, 'num_leaves': 45, 'learning_rate': 0.033529007907491595, 'subsample': 0.8647277071858408, 'colsample_bytree': 0.778494116634046, 'min_child_samples': 96, 'reg_alpha': 2.409409937265785e-07, 'reg_lambda': 1.1642073478060009}. Best is trial 3 with value: 0.050013815884399196.
[I 2026-06-01 15:00:00,904] Trial 4 finished with value: -0.06637441923225905 and parameters: {'confidence_threshold': 0.5623121348350352, 'training_days': 300, 'n_estimators': 69, 'max_depth': 4, 'num_leaves': 32, 'learning_rate': 0.14967629360700346, 'subsample': 0.5054535233636654, 'colsample_bytree': 0.7401385194659216, 'min_child_samples': 27, 'reg_alpha': 1.4212042567426725e-07, 'reg_lambda': 0.23605753701352003}. Best is trial 3 with value: 0.050013815884399196.
[I 2026-06-01 15:00:01,324] Trial 5 finished with value: -0.04568557583455791 and parameters: {'confidence_threshold': 0.7111850244908446, 'training_days': 490, 'n_estimators': 362, 'max_depth': 5, 'num_leaves': 40, 'learning_rate': 0.05960785724162737, 'subsample': 0.5589714368907717, 'colsample_bytree': 0.6659006943232806, 'min_child_samples': 42, 'reg_alpha': 0.6741360303045295, 'reg_lambda': 6.054601607143087e-08}. Best is trial 3 with value: 0.050013815884399196.
[I 2026-06-01 15:00:01,518] Trial 6 finished with value: -0.08768752052199788 and parameters: {'confidence_threshold': 0.667482545748023, 'training_days': 420, 'n_estimators': 279, 'max_depth': 3, 'num_leaves': 45, 'learning_rate': 0.040099592560849204, 'subsample': 0.8563114696415159, 'colsample_bytree': 0.5442917781944105, 'min_child_samples': 50, 'reg_alpha': 1.6407916423707903e-08, 'reg_lambda': 2.935907642973286e-05}. Best is trial 3 with value: 0.050013815884399196.
[I 2026-06-01 15:00:01,672] Trial 7 finished with value: -0.011190026714043854 and parameters: {'confidence_threshold': 0.5497381024139926, 'training_days': 120, 'n_estimators': 408, 'max_depth': 5, 'num_leaves': 38, 'learning_rate': 0.28049122657745795, 'subsample': 0.8806573338635493, 'colsample_bytree': 0.5454054113547102, 'min_child_samples': 63, 'reg_alpha': 0.01263008637940408, 'reg_lambda': 0.04588020805366937}. Best is trial 3 with value: 0.050013815884399196.
[I 2026-06-01 15:00:02,014] Trial 8 finished with value: 0.00015353285531013067 and parameters: {'confidence_threshold': 0.719644804808716, 'training_days': 450, 'n_estimators': 410, 'max_depth': 4, 'num_leaves': 57, 'learning_rate': 0.04022026551478857, 'subsample': 0.5336085426932707, 'colsample_bytree': 0.5705742850577543, 'min_child_samples': 100, 'reg_alpha': 5.916398047912201e-07, 'reg_lambda': 0.9794034214488329}. Best is trial 3 with value: 0.050013815884399196.
[I 2026-06-01 15:00:02,042] Trial 9 finished with value: -7.978304739080054 and parameters: {'confidence_threshold': 0.7267463643917187, 'training_days': 20, 'n_estimators': 337, 'max_depth': 5, 'num_leaves': 23, 'learning_rate': 0.022153031811454605, 'subsample': 0.6305627572358737, 'colsample_bytree': 0.6613413774216214, 'min_child_samples': 81, 'reg_alpha': 5.7638634029410314e-08, 'reg_lambda': 8.26603016764008}. Best is trial 3 with value: 0.050013815884399196.
[I 2026-06-01 15:00:02,151] Trial 10 finished with value: -5.953101257891129 and parameters: {'confidence_threshold': 0.8283920119574972, 'training_days': 200, 'n_estimators': 181, 'max_depth': 3, 'num_leaves': 62, 'learning_rate': 0.011579281028220855, 'subsample': 0.7130289643560688, 'colsample_bytree': 0.9944479338273263, 'min_child_samples': 100, 'reg_alpha': 6.837313901272251e-05, 'reg_lambda': 0.0027253228209330924}. Best is trial 3 with value: 0.050013815884399196.
[I 2026-06-01 15:00:02,494] Trial 11 finished with value: -0.0919401863536243 and parameters: {'confidence_threshold': 0.7766282449189577, 'training_days': 380, 'n_estimators': 478, 'max_depth': 4, 'num_leaves': 58, 'learning_rate': 0.029354876456257728, 'subsample': 0.7459055835274097, 'colsample_bytree': 0.8016610248739169, 'min_child_samples': 100, 'reg_alpha': 1.7335570554886207e-05, 'reg_lambda': 7.067893525937578}. Best is trial 3 with value: 0.050013815884399196.
[I 2026-06-01 15:00:02,739] Trial 12 finished with value: -0.02033962296385402 and parameters: {'confidence_threshold': 0.7449212105048096, 'training_days': 200, 'n_estimators': 490, 'max_depth': 4, 'num_leaves': 54, 'learning_rate': 0.01924681962976845, 'subsample': 0.9912016966112274, 'colsample_bytree': 0.6646287431572568, 'min_child_samples': 85, 'reg_alpha': 8.85890496668e-06, 'reg_lambda': 0.0043762371699676405}. Best is trial 3 with value: 0.050013815884399196.
[I 2026-06-01 15:00:02,917] Trial 13 finished with value: -0.01874757059503092 and parameters: {'confidence_threshold': 0.674016069087747, 'training_days': 370, 'n_estimators': 247, 'max_depth': 4, 'num_leaves': 52, 'learning_rate': 0.04144677730363681, 'subsample': 0.6795590770167038, 'colsample_bytree': 0.7477878654225999, 'min_child_samples': 90, 'reg_alpha': 0.0013950587799583445, 'reg_lambda': 0.025157017202168678}. Best is trial 3 with value: 0.050013815884399196.
[I 2026-06-01 15:00:03,021] Trial 14 finished with value: -6.047214639367195 and parameters: {'confidence_threshold': 0.8063557078693834, 'training_days': 210, 'n_estimators': 166, 'max_depth': 3, 'num_leaves': 51, 'learning_rate': 0.012882340619131948, 'subsample': 0.7851487748866213, 'colsample_bytree': 0.6122042522489387, 'min_child_samples': 70, 'reg_alpha': 2.204988820551451e-06, 'reg_lambda': 1.1816043408326617}. Best is trial 3 with value: 0.050013815884399196.
[I 2026-06-01 15:00:03,199] Trial 15 finished with value: -0.0046403996512554575 and parameters: {'confidence_threshold': 0.654086456186345, 'training_days': 500, 'n_estimators': 306, 'max_depth': 3, 'num_leaves': 17, 'learning_rate': 0.09246729598324224, 'subsample': 0.9130673202651429, 'colsample_bytree': 0.502925720040233, 'min_child_samples': 91, 'reg_alpha': 0.00030540690605735836, 'reg_lambda': 2.582339790441249e-06}. Best is trial 3 with value: 0.050013815884399196.
[I 2026-06-01 15:00:03,272] Trial 16 finished with value: -0.12811361192883017 and parameters: {'confidence_threshold': 0.6254407841818546, 'training_days': 320, 'n_estimators': 53, 'max_depth': 4, 'num_leaves': 61, 'learning_rate': 0.03443484454224182, 'subsample': 0.7980665993112352, 'colsample_bytree': 0.798073413313867, 'min_child_samples': 56, 'reg_alpha': 1.5405576829429918e-06, 'reg_lambda': 0.000855876310048679}. Best is trial 3 with value: 0.050013815884399196.
[I 2026-06-01 15:00:03,337] Trial 17 finished with value: -0.08304812966198297 and parameters: {'confidence_threshold': 0.5070510478759762, 'training_days': 140, 'n_estimators': 127, 'max_depth': 3, 'num_leaves': 50, 'learning_rate': 0.020004054216929315, 'subsample': 0.6718064291677197, 'colsample_bytree': 0.9920053259992261, 'min_child_samples': 92, 'reg_alpha': 1.4629720869365953e-08, 'reg_lambda': 0.0359893938574493}. Best is trial 3 with value: 0.050013815884399196.
[I 2026-06-01 15:00:03,912] A new study created in memory with name: no-name-23ec9b6a-932a-4dad-b9a9-67b2ef2cd9e9
[I 2026-06-01 15:00:04,216] Trial 0 finished with value: 0.030430813035458987 and parameters: {'confidence_threshold': 0.6310890415965769, 'training_days': 480, 'n_estimators': 380, 'max_depth': 4, 'num_leaves': 22, 'learning_rate': 0.01699897838270077, 'subsample': 0.5290418060840998, 'colsample_bytree': 0.9330880728874675, 'min_child_samples': 68, 'reg_alpha': 0.023585940584142682, 'reg_lambda': 1.5320059381854043e-08}. Best is trial 0 with value: 0.030430813035458987.
[I 2026-06-01 15:00:04,334] Trial 1 finished with value: -0.025098715106566576 and parameters: {'confidence_threshold': 0.839468448256698, 'training_days': 420, 'n_estimators': 145, 'max_depth': 3, 'num_leaves': 23, 'learning_rate': 0.028145092716060652, 'subsample': 0.762378215816119, 'colsample_bytree': 0.7159725093210578, 'min_child_samples': 43, 'reg_alpha': 0.0032112643094417484, 'reg_lambda': 1.8007140198129195e-07}. Best is trial 0 with value: 0.030430813035458987.
[I 2026-06-01 15:00:04,490] Trial 2 finished with value: 0.017562747936387554 and parameters: {'confidence_threshold': 0.6022506269873263, 'training_days': 190, 'n_estimators': 255, 'max_depth': 5, 'num_leaves': 24, 'learning_rate': 0.05748924681991978, 'subsample': 0.7962072844310213, 'colsample_bytree': 0.5232252063599989, 'min_child_samples': 69, 'reg_alpha': 3.425445902633376e-07, 'reg_lambda': 3.850031979199519e-08}. Best is trial 0 with value: 0.030430813035458987.
