[I 2026-06-01 15:01:01,198] Trial 17 finished with value: 0.18537715920284653 and parameters: {'confidence_threshold': 0.7558164169651117, 'training_days': 150, 'n_estimators': 265, 'max_depth': 3, 'num_leaves': 29, 'learning_rate': 0.014399917848714062, 'subsample': 0.9272655966967175, 'colsample_bytree': 0.81464523277892, 'min_child_samples': 54, 'reg_alpha': 4.126524029824395e-06, 'reg_lambda': 6.834863711819563e-06}. Best is trial 17 with value: 0.18537715920284653.

  Best confidence_threshold: 0.755
  Best training_days: 220
  Retrained on full data (660 samples, 47 features)
  [ensemble 3/3] seed=456
    [trial 0] 47 features, training_days=90 | threshold=0.587 | labels: 1176 long, 995 short (54/46%)
    [CV fold 0] train_end=2022-11-23 08:00 | val_start=2022-12-01 00:00 | gap=184h (22 rows)
    [CV fold 1] train_end=2023-03-23 16:00 | val_start=2023-03-31 08:00 | gap=184h (22 rows)
    [CV fold 2] train_end=2023-07-22 00:00 | val_start=2023-07-29 16:00 | gap=184h (22 rows)
    [CV fold 3] train_end=2023-11-19 08:00 | val_start=2023-11-27 00:00 | gap=184h (22 rows)
    [CV fold 4] train_end=2024-03-18 16:00 | val_start=2024-03-26 08:00 | gap=184h (22 rows)
    [trial 0] Sharpe=-0.0117 (folds: -0.0644, 0.0317, -0.0964, 0.1805, -0.1100)
    [trial 1] 47 features, training_days=290 | threshold=0.635 | labels: 1176 long, 995 short (54/46%)
    [trial 1] Sharpe=0.0682 (folds: -0.0325, 0.0206, 0.2295, 0.2080, -0.0846)
    [trial 2] 47 features, training_days=10 | threshold=0.585 | labels: 1176 long, 995 short (54/46%)
    [trial 2] Sharpe=-0.1580 (folds: -0.1138, -0.0295, -0.4735, -0.2298, 0.0565)
    [trial 3] 47 features, training_days=220 | threshold=0.687 | labels: 1176 long, 995 short (54/46%)
    [trial 3] Sharpe=0.1088 (folds: -0.1409, 0.2134, 0.4421, 0.0696, -0.0404)
    [trial 4] 47 features, training_days=300 | threshold=0.562 | labels: 1176 long, 995 short (54/46%)
    [trial 4] Sharpe=0.0821 (folds: -0.0010, 0.0749, 0.1340, 0.2679, -0.0651)
    [trial 5] 47 features, training_days=490 | threshold=0.711 | labels: 1176 long, 995 short (54/46%)
    [trial 5] Sharpe=0.1029 (folds: 0.0297, 0.0268, 0.1861, 0.3071, -0.0351)
    [trial 6] 47 features, training_days=420 | threshold=0.667 | labels: 1176 long, 995 short (54/46%)
    [trial 6] Sharpe=0.1056 (folds: 0.0127, 0.0761, 0.2344, 0.1934, 0.0113)
    [trial 7] 47 features, training_days=120 | threshold=0.550 | labels: 1176 long, 995 short (54/46%)
    [trial 7] Sharpe=0.0148 (folds: -0.0423, 0.1229, 0.0493, 0.0622, -0.1179)
    [trial 8] 47 features, training_days=450 | threshold=0.720 | labels: 1176 long, 995 short (54/46%)
    [trial 8] Sharpe=0.0818 (folds: -0.0711, 0.1145, 0.1985, 0.1674, -0.0003)
    [trial 9] 47 features, training_days=20 | threshold=0.727 | labels: 1176 long, 995 short (54/46%)
    [trial 9] Sharpe=-6.1258 (folds: -10.0000, -0.1555, -0.4735, -10.0000, -10.0000)
    [trial 10] 47 features, training_days=200 | threshold=0.828 | labels: 1176 long, 995 short (54/46%)
    [trial 10] Sharpe=-5.9035 (folds: -10.0000, 0.1834, -10.0000, -10.0000, 0.2991)
    [trial 11] 47 features, training_days=380 | threshold=0.662 | labels: 1176 long, 995 short (54/46%)
    [trial 11] Sharpe=0.1253 (folds: -0.0486, 0.0855, 0.2682, 0.2536, 0.0680)
    [trial 12] 47 features, training_days=360 | threshold=0.794 | labels: 1176 long, 995 short (54/46%)
    [trial 12] Sharpe=0.0881 (folds: -0.0900, 0.1964, -0.0382, 0.4177, -0.0453)
    [trial 13] 47 features, training_days=210 | threshold=0.504 | labels: 1176 long, 995 short (54/46%)
    [trial 13] Sharpe=0.0507 (folds: -0.0935, 0.0513, 0.2331, 0.0352, 0.0274)
    [trial 14] 47 features, training_days=360 | threshold=0.644 | labels: 1176 long, 995 short (54/46%)
    [trial 14] Sharpe=0.0766 (folds: 0.0006, 0.0244, 0.1554, 0.2002, 0.0021)
    [trial 15] 47 features, training_days=220 | threshold=0.759 | labels: 1176 long, 995 short (54/46%)
    [trial 15] Sharpe=0.1579 (folds: -0.2350, 0.1471, 0.8229, 0.2063, -0.1519)
    [trial 16] 47 features, training_days=370 | threshold=0.764 | labels: 1176 long, 995 short (54/46%)
    [trial 16] Sharpe=0.0413 (folds: -0.2550, 0.1126, -0.0003, 0.3900, -0.0406)
    [trial 17] 47 features, training_days=150 | threshold=0.756 | labels: 1176 long, 995 short (54/46%)
    [trial 17] Sharpe=0.1854 (folds: 0.0618, 0.4615, 0.2393, 0.1294, 0.0349)
  Optuna: 18 trials, best Sharpe = 0.1854
  Best params: n_estimators=265, max_depth=3, lr=0.0144, leaves=29
  Best confidence_threshold: 0.756
  Best training_days: 150
  Retrained on full data (450 samples, 47 features)
  OOD: 16 features, cutoff (q=0.7) = 10.24
  Model trained for 2024-08: 93 test candles with features, confidence_threshold=0.786
[predict] 2024-08-01 08:00 BTCUSDT → LONG (proba=0.87 TP=8.4%/SL=4.2%)
[trade:open] 2024-08-01 15:59 BTCUSDT LONG @ 62892.60 | SL=60255.05 TP=68167.70 | timeout=2024-08-08 15:59
[trade:close] 2024-08-03 23:59 BTCUSDT LONG → stop_loss @ 60255.05 | PnL=-4.19% (net -4.29%) | cum=-27.07% 2024-08=-4.29% 2024-08-03=-4.29%
[predict] 2024-08-19 16:00 BTCUSDT → LONG (proba=0.79 TP=7.9%/SL=4.0%)
[trade:open] 2024-08-19 23:59 BTCUSDT LONG @ 59398.50 | SL=57042.00 TP=64111.50 | timeout=2024-08-26 23:59
[trade:close] 2024-08-23 23:59 BTCUSDT LONG → take_profit @ 64111.50 | PnL=+7.93% (net +7.83%) | cum=-19.23% 2024-08=+3.54% 2024-08-23=+7.83%
[predict] 2024-08-29 08:00 BTCUSDT → LONG (proba=0.80 TP=8.6%/SL=4.3%)
[trade:open] 2024-08-29 15:59 BTCUSDT LONG @ 60750.90 | SL=58144.10 TP=65964.50 | timeout=2024-09-05 15:59
[trade:close] 2024-08-30 15:59 BTCUSDT LONG → stop_loss @ 58144.10 | PnL=-4.29% (net -4.39%) | cum=-23.62% 2024-08=-0.85% 2024-08-30=-4.39%
[lgbm] === Training for 2024-09 ===
  Train window: 2022-09-01 → 2024-08-24
  2171 training samples from 1 symbols
  Samples per month: 2022-09: 90, 2022-10: 93, 2022-11: 90, 2022-12: 93, 2023-01: 93, 2023-02: 84, 2023-03: 93, 2023-04: 90, 2023-05: 93, 2023-06: 90, 2023-07: 93, 2023-08: 93, 2023-09: 90, 2023-10: 93, 2023-11: 90, 2023-12: 93, 2024-01: 93, 2024-02: 87, 2024-03: 93, 2024-04: 90, 2024-05: 93, 2024-06: 90, 2024-07: 93, 2024-08: 71
  [label] 2022-11-01 16:00 BTCUSDT entry=20472.1000 → SHORT | long=sl(-2.79%) short=sl(-2.79%) | scanned=19 | no_tp→fwd_return=-3.3533
  [label] 2022-11-04 00:00 BTCUSDT entry=20603.3000 → SHORT | long=sl(-2.92%) short=sl(-2.92%) | scanned=12 | no_tp→fwd_return=-3.9688
  [label] 2022-11-07 16:00 BTCUSDT entry=20578.6000 → SHORT | long=sl(-3.12%) short=tp(+5.94%) | scanned=1 | short_tp_only
  [label] 2022-12-02 08:00 BTCUSDT entry=16928.9000 → LONG | long=timeout(+1.33%) short=timeout(-1.53%) | scanned=22 | no_tp→fwd_return=+1.4266
  [label] 2023-01-24 00:00 BTCUSDT entry=23052.3000 → SHORT | long=timeout(-0.47%) short=timeout(+0.27%) | scanned=22 | no_tp→fwd_return=-0.3670
  [label] 2023-07-09 00:00 BTCUSDT entry=30250.0000 → LONG | long=tp(+5.07%) short=sl(-2.68%) | scanned=14 | long_tp_only
  [label] 2023-07-13 00:00 BTCUSDT entry=30355.1000 → LONG | long=tp(+4.63%) short=sl(-2.46%) | scanned=2 | long_tp_only
  [label] 2023-07-23 16:00 BTCUSDT entry=30070.8000 → SHORT | long=sl(-2.03%) short=tp(+3.75%) | scanned=2 | short_tp_only
  [label] 2023-09-06 16:00 BTCUSDT entry=25747.4000 → SHORT | long=sl(-2.50%) short=sl(-2.50%) | scanned=14 | no_tp→fwd_return=-2.5047
  [label] 2023-09-15 08:00 BTCUSDT entry=26311.1000 → LONG | long=timeout(+1.07%) short=sl(-2.99%) | scanned=22 | no_tp→fwd_return=+1.1736
  [label] 2023-12-14 16:00 BTCUSDT entry=43032.4000 → LONG | long=sl(-4.58%) short=timeout(-2.11%) | scanned=22 | no_tp→fwd_return=+2.0076
  [label] 2024-01-15 16:00 BTCUSDT entry=42515.0000 → SHORT | long=sl(-5.18%) short=timeout(+6.83%) | scanned=22 | no_tp→fwd_return=-6.9340
  [label] 2024-02-01 00:00 BTCUSDT entry=42182.2000 → LONG | long=timeout(+5.40%) short=sl(-3.59%) | scanned=22 | no_tp→fwd_return=+5.4966
  [label] 2024-02-13 16:00 BTCUSDT entry=49696.4000 → LONG | long=timeout(+5.13%) short=sl(-3.82%) | scanned=22 | no_tp→fwd_return=+5.2338
  [label] 2024-03-03 00:00 BTCUSDT entry=61641.0000 → LONG | long=tp(+8.15%) short=sl(-4.22%) | scanned=5 | long_tp_only
  [label] 2024-03-09 08:00 BTCUSDT entry=68341.6000 → LONG | long=timeout(+0.03%) short=sl(-5.41%) | scanned=22 | no_tp→fwd_return=+0.1320
  [label] 2024-03-21 16:00 BTCUSDT entry=65539.9000 → LONG | long=timeout(+7.98%) short=sl(-7.31%) | scanned=22 | no_tp→fwd_return=+8.0848
  [label] 2024-04-30 08:00 BTCUSDT entry=60764.9000 → LONG | long=sl(-4.30%) short=sl(-4.30%) | scanned=10 | no_tp→fwd_return=+3.4375
  [label] 2024-05-10 00:00 BTCUSDT entry=63053.9000 → LONG | long=sl(-3.96%) short=sl(-3.96%) | scanned=17 | no_tp→fwd_return=+4.9505[I 2026-06-01 15:01:01,833] A new study created in memory with name: no-name-ff60a707-b63a-4da5-bd33-d8501990097e
[I 2026-06-01 15:01:02,148] Trial 0 finished with value: 0.03923491746153109 and parameters: {'confidence_threshold': 0.6310890415965769, 'training_days': 480, 'n_estimators': 380, 'max_depth': 4, 'num_leaves': 22, 'learning_rate': 0.01699897838270077, 'subsample': 0.5290418060840998, 'colsample_bytree': 0.9330880728874675, 'min_child_samples': 68, 'reg_alpha': 0.023585940584142682, 'reg_lambda': 1.5320059381854043e-08}. Best is trial 0 with value: 0.03923491746153109.
[I 2026-06-01 15:01:02,263] Trial 1 finished with value: -2.0795549313003816 and parameters: {'confidence_threshold': 0.839468448256698, 'training_days': 420, 'n_estimators': 145, 'max_depth': 3, 'num_leaves': 23, 'learning_rate': 0.028145092716060652, 'subsample': 0.762378215816119, 'colsample_bytree': 0.7159725093210578, 'min_child_samples': 43, 'reg_alpha': 0.0032112643094417484, 'reg_lambda': 1.8007140198129195e-07}. Best is trial 0 with value: 0.03923491746153109.
[I 2026-06-01 15:01:02,416] Trial 2 finished with value: 0.016775245329250232 and parameters: {'confidence_threshold': 0.6022506269873263, 'training_days': 190, 'n_estimators': 255, 'max_depth': 5, 'num_leaves': 24, 'learning_rate': 0.05748924681991978, 'subsample': 0.7962072844310213, 'colsample_bytree': 0.5232252063599989, 'min_child_samples': 69, 'reg_alpha': 3.425445902633376e-07, 'reg_lambda': 3.850031979199519e-08}. Best is trial 0 with value: 0.03923491746153109.
[I 2026-06-01 15:01:02,665] Trial 3 finished with value: 0.010487669196427529 and parameters: {'confidence_threshold': 0.8321099380386666, 'training_days': 490, 'n_estimators': 414, 'max_depth': 3, 'num_leaves': 19, 'learning_rate': 0.1024932221692416, 'subsample': 0.7200762468698007, 'colsample_bytree': 0.5610191174223894, 'min_child_samples': 60, 'reg_alpha': 2.039373116525212e-08, 'reg_lambda': 1.527156759251193}. Best is trial 0 with value: 0.03923491746153109.
[I 2026-06-01 15:01:02,809] Trial 4 finished with value: 0.08979310668436571 and parameters: {'confidence_threshold': 0.5905729935600059, 'training_days': 340, 'n_estimators': 190, 'max_depth': 4, 'num_leaves': 41, 'learning_rate': 0.01875220945578641, 'subsample': 0.9847923138822793, 'colsample_bytree': 0.8875664116805573, 'min_child_samples': 96, 'reg_alpha': 1.1309571585271483, 'reg_lambda': 0.002404915432737351}. Best is trial 4 with value: 0.08979310668436571.
[I 2026-06-01 15:01:02,847] Trial 5 finished with value: -0.05377049139392755 and parameters: {'confidence_threshold': 0.8226559822580909, 'training_days': 50, 'n_estimators': 138, 'max_depth': 3, 'num_leaves': 30, 'learning_rate': 0.03750796359625606, 'subsample': 0.6356745158869479, 'colsample_bytree': 0.9143687545759647, 'min_child_samples': 48, 'reg_alpha': 3.376063348877853e-06, 'reg_lambda': 0.0007660634613082914}. Best is trial 4 with value: 0.08979310668436571.
[I 2026-06-01 15:01:02,948] Trial 6 finished with value: 0.0598208275179095 and parameters: {'confidence_threshold': 0.5493234787411669, 'training_days': 410, 'n_estimators': 83, 'max_depth': 5, 'num_leaves': 52, 'learning_rate': 0.019657448966046126, 'subsample': 0.5027610585618012, 'colsample_bytree': 0.9077307142274171, 'min_child_samples': 77, 'reg_alpha': 0.03639690979811287, 'reg_lambda': 0.08738424135626986}. Best is trial 4 with value: 0.08979310668436571.
[I 2026-06-01 15:01:03,041] Trial 7 finished with value: 0.07334297883612592 and parameters: {'confidence_threshold': 0.5259156281069316, 'training_days': 180, 'n_estimators': 102, 'max_depth': 5, 'num_leaves': 45, 'learning_rate': 0.030816017044468066, 'subsample': 0.5317791751430119, 'colsample_bytree': 0.6554911608578311, 'min_child_samples': 46, 'reg_alpha': 0.036851536911881845, 'reg_lambda': 0.005470376807480391}. Best is trial 4 with value: 0.08979310668436571.
[I 2026-06-01 15:01:03,146] Trial 8 finished with value: -0.036402161475758844 and parameters: {'confidence_threshold': 0.8105244599017143, 'training_days': 240, 'n_estimators': 103, 'max_depth': 5, 'num_leaves': 52, 'learning_rate': 0.06746437142284309, 'subsample': 0.8854835899772805, 'colsample_bytree': 0.7468977981821954, 'min_child_samples': 62, 'reg_alpha': 7.04480806377519e-05, 'reg_lambda': 1.6934490731313353e-08}. Best is trial 4 with value: 0.08979310668436571.
[I 2026-06-01 15:01:03,173] Trial 9 finished with value: -0.07799106655486968 and parameters: {'confidence_threshold': 0.5377619994476566, 'training_days': 20, 'n_estimators': 337, 'max_depth': 3, 'num_leaves': 39, 'learning_rate': 0.21907142272152816, 'subsample': 0.6246461145744375, 'colsample_bytree': 0.7051914615178149, 'min_child_samples': 81, 'reg_alpha': 1.1459970229341322e-06, 'reg_lambda': 4.929685216887945e-08}. Best is trial 4 with value: 0.08979310668436571.
[I 2026-06-01 15:01:03,520] Trial 10 finished with value: 0.04929140528438408 and parameters: {'confidence_threshold': 0.6797821749717731, 'training_days': 350, 'n_estimators': 487, 'max_depth': 4, 'num_leaves': 61, 'learning_rate': 0.011407797829608154, 'subsample': 0.9865389998628291, 'colsample_bytree': 0.8382861898713898, 'min_child_samples': 98, 'reg_alpha': 8.536188349289, 'reg_lambda': 3.3639426888455256e-06}. Best is trial 4 with value: 0.08979310668436571.
[I 2026-06-01 15:01:03,701] Trial 11 finished with value: -0.015036016551640325 and parameters: {'confidence_threshold': 0.504039108267052, 'training_days': 150, 'n_estimators': 222, 'max_depth': 4, 'num_leaves': 41, 'learning_rate': 0.010391584450418287, 'subsample': 0.9911358547454738, 'colsample_bytree': 0.6334955364726846, 'min_child_samples': 21, 'reg_alpha': 2.5735961046969034, 'reg_lambda': 0.0028953962081652513}. Best is trial 4 with value: 0.08979310668436571.
[I 2026-06-01 15:01:03,850] Trial 12 finished with value: 0.06745264847342938 and parameters: {'confidence_threshold': 0.7026666686410961, 'training_days': 310, 'n_estimators': 192, 'max_depth': 4, 'num_leaves': 40, 'learning_rate': 0.03208899494279826, 'subsample': 0.8400105830260228, 'colsample_bytree': 0.8304278626461432, 'min_child_samples': 100, 'reg_alpha': 0.4496120379467682, 'reg_lambda': 3.174808515994115e-05}. Best is trial 4 with value: 0.08979310668436571.
[I 2026-06-01 15:01:03,911] Trial 13 finished with value: 0.025892282817705108 and parameters: {'confidence_threshold': 0.5948840261370765, 'training_days': 100, 'n_estimators': 62, 'max_depth': 5, 'num_leaves': 49, 'learning_rate': 0.02073940388382524, 'subsample': 0.9172219321495596, 'colsample_bytree': 0.9829934897593732, 'min_child_samples': 31, 'reg_alpha': 0.14750377393087252, 'reg_lambda': 0.015936847132187043}. Best is trial 4 with value: 0.08979310668436571.
[I 2026-06-01 15:01:04,151] Trial 14 finished with value: 0.03488471704421203 and parameters: {'confidence_threshold': 0.7467244789105287, 'training_days': 260, 'n_estimators': 304, 'max_depth': 4, 'num_leaves': 33, 'learning_rate': 0.1023395437286521, 'subsample': 0.6736447337266157, 'colsample_bytree': 0.640069109871422, 'min_child_samples': 44, 'reg_alpha': 0.0005595085301264338, 'reg_lambda': 0.6742709773778043}. Best is trial 4 with value: 0.08979310668436571.
[I 2026-06-01 15:01:04,341] Trial 15 finished with value: 0.06693794023820038 and parameters: {'confidence_threshold': 0.5685806303170859, 'training_days': 320, 'n_estimators': 191, 'max_depth': 5, 'num_leaves': 46, 'learning_rate': 0.04537878718440333, 'subsample': 0.6015874640141092, 'colsample_bytree': 0.8100744538922787, 'min_child_samples': 84, 'reg_alpha': 0.0030242975914927758, 'reg_lambda': 6.329375519045801e-05}. Best is trial 4 with value: 0.08979310668436571.
[I 2026-06-01 15:01:04,475] Trial 16 finished with value: 0.018177579946552988 and parameters: {'confidence_threshold': 0.6427390760916306, 'training_days': 190, 'n_estimators': 161, 'max_depth': 4, 'num_leaves': 63, 'learning_rate': 0.015317744741196817, 'subsample': 0.5610175173742145, 'colsample_bytree': 0.6428182071446251, 'min_child_samples': 50, 'reg_alpha': 0.3767691394088417, 'reg_lambda': 0.03023535754815731}. Best is trial 4 with value: 0.08979310668436571.
[I 2026-06-01 15:01:04,645] Trial 17 finished with value: -0.0030186171195355853 and parameters: {'confidence_threshold': 0.5161373445449784, 'training_days': 110, 'n_estimators': 257, 'max_depth': 4, 'num_leaves': 32, 'learning_rate': 0.026203206855469608, 'subsample': 0.7004831188261247, 'colsample_bytree': 0.7909568907977764, 'min_child_samples': 26, 'reg_alpha': 0.00010396761370918986, 'reg_lambda': 0.002962611077635623}. Best is trial 4 with value: 0.08979310668436571.
[I 2026-06-01 15:01:05,055] A new study created in memory with name: no-name-26568178-c2df-4fe3-98ed-9a8501965691
[I 2026-06-01 15:01:05,156] Trial 0 finished with value: -0.035091709378178855 and parameters: {'confidence_threshold': 0.7437642149592516, 'training_days': 150, 'n_estimators': 152, 'max_depth': 4, 'num_leaves': 50, 'learning_rate': 0.04216766425047743, 'subsample': 0.9903820991923078, 'colsample_bytree': 0.8424148692924316, 'min_child_samples': 58, 'reg_alpha': 3.381097259762742e-05, 'reg_lambda': 1.2263152961306247e-05}. Best is trial 0 with value: -0.035091709378178855.
[I 2026-06-01 15:01:05,233] Trial 1 finished with value: 0.10841150679383149 and parameters: {'confidence_threshold': 0.7551673975844145, 'training_days': 220, 'n_estimators': 76, 'max_depth': 4, 'num_leaves': 51, 'learning_rate': 0.018602118810743477, 'subsample': 0.5877258780737462, 'colsample_bytree': 0.7657756869209191, 'min_child_samples': 63, 'reg_alpha': 0.005123994170264194, 'reg_lambda': 0.44145470178120466}. Best is trial 1 with value: 0.10841150679383149.
[I 2026-06-01 15:01:05,508] Trial 2 finished with value: 0.04731104277692445 and parameters: {'confidence_threshold': 0.7535593637012223, 'training_days': 310, 'n_estimators': 375, 'max_depth': 3, 'num_leaves': 32, 'learning_rate': 0.021735641882032388, 'subsample': 0.6468570231944146, 'colsample_bytree': 0.8154880619272439, 'min_child_samples': 27, 'reg_alpha': 8.004064028491336e-05, 'reg_lambda': 7.546835261630524e-05}. Best is trial 1 with value: 0.10841150679383149.
[I 2026-06-01 15:01:05,671] Trial 3 finished with value: 0.02262066051577035 and parameters: {'confidence_threshold': 0.6727897841776072, 'training_days': 220, 'n_estimators': 190, 'max_depth': 4, 'num_leaves': 58, 'learning_rate': 0.24810689332636193, 'subsample': 0.7509183379421682, 'colsample_bytree': 0.8119764758960556, 'min_child_samples': 29, 'reg_alpha': 7.1708285081421445e-06, 'reg_lambda': 5.412973582738627e-05}. Best is trial 1 with value: 0.10841150679383149.
[I 2026-06-01 15:01:05,794] Trial 4 finished with value: -0.006813181527149326 and parameters: {'confidence_threshold': 0.803208205259178, 'training_days': 130, 'n_estimators': 267, 'max_depth': 5, 'num_leaves': 40, 'learning_rate': 0.08041175317374143, 'subsample': 0.5603143329951619, 'colsample_bytree': 0.9131704002534167, 'min_child_samples': 68, 'reg_alpha': 0.0008046593428183385, 'reg_lambda': 1.2158346158765583e-05}. Best is trial 1 with value: 0.10841150679383149.
[I 2026-06-01 15:01:06,033] Trial 5 finished with value: -0.010291334203283525 and parameters: {'confidence_threshold': 0.6064422761595144, 'training_days': 210, 'n_estimators': 357, 'max_depth': 5, 'num_leaves': 40, 'learning_rate': 0.0974221287220869, 'subsample': 0.7929682762811064, 'colsample_bytree': 0.8124517510478, 'min_child_samples': 74, 'reg_alpha': 0.3811377260781234, 'reg_lambda': 5.607314238392041e-08}. Best is trial 1 with value: 0.10841150679383149.
[I 2026-06-01 15:01:06,141] Trial 6 finished with value: -0.016560973673421475 and parameters: {'confidence_threshold': 0.7672889945051684, 'training_days': 130, 'n_estimators': 137, 'max_depth': 4, 'num_leaves': 19, 'learning_rate': 0.2031117614248665, 'subsample': 0.8136244860256343, 'colsample_bytree': 0.8617081790949774, 'min_child_samples': 21, 'reg_alpha': 0.002238138278733199, 'reg_lambda': 0.001025809534977322}. Best is trial 1 with value: 0.10841150679383149.
[I 2026-06-01 15:01:06,206] Trial 7 finished with value: 0.04091309537834137 and parameters: {'confidence_threshold': 0.555635875450653, 'training_days': 80, 'n_estimators': 363, 'max_depth': 3, 'num_leaves': 48, 'learning_rate': 0.06590089024008658, 'subsample': 0.6944752870615722, 'colsample_bytree': 0.962566244806993, 'min_child_samples': 88, 'reg_alpha': 1.6465620446426067e-05, 'reg_lambda': 2.4678750890085655e-08}. Best is trial 1 with value: 0.10841150679383149.
[I 2026-06-01 15:01:06,546] Trial 8 finished with value: 0.04284898277265943 and parameters: {'confidence_threshold': 0.6066688256938841, 'training_days': 200, 'n_estimators': 367, 'max_depth': 5, 'num_leaves': 32, 'learning_rate': 0.13377519215934996, 'subsample': 0.7965884582811106, 'colsample_bytree': 0.8458508993500886, 'min_child_samples': 32, 'reg_alpha': 3.889436043816386e-05, 'reg_lambda': 1.4713062489380356e-06}. Best is trial 1 with value: 0.10841150679383149.
