[I 2026-06-01 15:00:44,275] Trial 10 finished with value: -0.1324512236373756 and parameters: {'confidence_threshold': 0.5248809389721337, 'training_days': 10, 'n_estimators': 493, 'max_depth': 3, 'num_leaves': 63, 'learning_rate': 0.010221918552934462, 'subsample': 0.667749445701178, 'colsample_bytree': 0.6202684210924141, 'min_child_samples': 99, 'reg_alpha': 1.3884210513841762e-08, 'reg_lambda': 0.02273343343290072}. Best is trial 7 with value: 0.060136971767057734.
[I 2026-06-01 15:00:44,528] Trial 11 finished with value: 0.08627186099095902 and parameters: {'confidence_threshold': 0.8371297552840329, 'training_days': 480, 'n_estimators': 262, 'max_depth': 5, 'num_leaves': 44, 'learning_rate': 0.07372430395837165, 'subsample': 0.508231293935378, 'colsample_bytree': 0.9864508096204552, 'min_child_samples': 90, 'reg_alpha': 2.5493772909886044e-07, 'reg_lambda': 1.0030982359513554e-08}. Best is trial 11 with value: 0.08627186099095902.
[I 2026-06-01 15:00:44,702] Trial 12 finished with value: 0.03635632094008319 and parameters: {'confidence_threshold': 0.5106153216696881, 'training_days': 500, 'n_estimators': 234, 'max_depth': 3, 'num_leaves': 51, 'learning_rate': 0.05809128784912797, 'subsample': 0.5336300956581269, 'colsample_bytree': 0.9737874829232072, 'min_child_samples': 98, 'reg_alpha': 2.5907884980586616e-07, 'reg_lambda': 4.772200642442764e-08}. Best is trial 11 with value: 0.08627186099095902.
[I 2026-06-01 15:00:45,065] Trial 13 finished with value: 0.09264458972805702 and parameters: {'confidence_threshold': 0.8319880314934806, 'training_days': 490, 'n_estimators': 447, 'max_depth': 5, 'num_leaves': 46, 'learning_rate': 0.05472154246498568, 'subsample': 0.5024707401359401, 'colsample_bytree': 0.6564540780078124, 'min_child_samples': 84, 'reg_alpha': 6.170422498784323e-07, 'reg_lambda': 1.1191458681251372e-08}. Best is trial 13 with value: 0.09264458972805702.
[I 2026-06-01 15:00:45,464] Trial 14 finished with value: 0.0880403127827186 and parameters: {'confidence_threshold': 0.8390713486746522, 'training_days': 490, 'n_estimators': 487, 'max_depth': 5, 'num_leaves': 32, 'learning_rate': 0.04074110489853438, 'subsample': 0.5029830011205993, 'colsample_bytree': 0.6347607952757376, 'min_child_samples': 80, 'reg_alpha': 1.928249988058155e-07, 'reg_lambda': 6.659827066780522e-07}. Best is trial 13 with value: 0.09264458972805702.
[I 2026-06-01 15:00:45,855] Trial 15 finished with value: 0.08631193439481458 and parameters: {'confidence_threshold': 0.8468067765627748, 'training_days': 410, 'n_estimators': 496, 'max_depth': 5, 'num_leaves': 30, 'learning_rate': 0.037392478764815176, 'subsample': 0.6075480259946822, 'colsample_bytree': 0.620752560525207, 'min_child_samples': 80, 'reg_alpha': 1.1726119608975616e-08, 'reg_lambda': 5.97734180094363e-07}. Best is trial 13 with value: 0.09264458972805702.
[I 2026-06-01 15:00:46,287] Trial 16 finished with value: 0.039137036432188174 and parameters: {'confidence_threshold': 0.685650081575969, 'training_days': 390, 'n_estimators': 428, 'max_depth': 5, 'num_leaves': 25, 'learning_rate': 0.023469917080832837, 'subsample': 0.5004345999182799, 'colsample_bytree': 0.5092292594919029, 'min_child_samples': 44, 'reg_alpha': 1.0447414767733763e-06, 'reg_lambda': 6.616274166313453e-07}. Best is trial 13 with value: 0.09264458972805702.
[I 2026-06-01 15:00:46,733] Trial 17 finished with value: 0.02720923733444618 and parameters: {'confidence_threshold': 0.7063990832734226, 'training_days': 430, 'n_estimators': 439, 'max_depth': 5, 'num_leaves': 15, 'learning_rate': 0.12135785328642616, 'subsample': 0.9044215456844128, 'colsample_bytree': 0.6901172440059166, 'min_child_samples': 52, 'reg_alpha': 1.4834473032558247e-06, 'reg_lambda': 0.0037064073885309176}. Best is trial 13 with value: 0.09264458972805702.
[I 2026-06-01 15:00:47,132] A new study created in memory with name: no-name-7362aaca-b87d-4f5d-ae70-1c4ba8b6acd2
[I 2026-06-01 15:00:47,343] Trial 0 finished with value: 0.07059605366238028 and parameters: {'confidence_threshold': 0.5870645682749857, 'training_days': 90, 'n_estimators': 403, 'max_depth': 5, 'num_leaves': 45, 'learning_rate': 0.0780457193679974, 'subsample': 0.9428509515574568, 'colsample_bytree': 0.8795587339164916, 'min_child_samples': 34, 'reg_alpha': 2.2465901234314442e-07, 'reg_lambda': 8.339007036475363e-05}. Best is trial 0 with value: 0.07059605366238028.
[I 2026-06-01 15:00:47,457] Trial 1 finished with value: 0.00380570164885395 and parameters: {'confidence_threshold': 0.6348453934275313, 'training_days': 290, 'n_estimators': 115, 'max_depth': 5, 'num_leaves': 37, 'learning_rate': 0.06949568759029946, 'subsample': 0.8228505074024268, 'colsample_bytree': 0.8616703220431751, 'min_child_samples': 75, 'reg_alpha': 4.2486822725010923e-07, 'reg_lambda': 1.157247767047042e-07}. Best is trial 0 with value: 0.07059605366238028.

    [trial 2] 47 features, training_days=190 | threshold=0.602 | labels: 1171 long, 1000 short (54/46%)
    [trial 2] Sharpe=0.0193 (folds: -0.0768, 0.0133, 0.2588, -0.1333, 0.0343)
    [trial 3] 47 features, training_days=490 | threshold=0.832 | labels: 1171 long, 1000 short (54/46%)
    [trial 3] Sharpe=0.0401 (folds: -0.0640, -0.0538, 0.1653, 0.0965, 0.0563)
    [trial 4] 47 features, training_days=340 | threshold=0.591 | labels: 1171 long, 1000 short (54/46%)
    [trial 4] Sharpe=-0.0114 (folds: -0.1826, -0.0115, 0.2382, -0.1317, 0.0306)
    [trial 5] 47 features, training_days=50 | threshold=0.823 | labels: 1171 long, 1000 short (54/46%)
    [trial 5] Sharpe=-0.1136 (folds: -0.1527, 0.0493, -0.0501, 0.2463, -0.6608)
    [trial 6] 47 features, training_days=410 | threshold=0.549 | labels: 1171 long, 1000 short (54/46%)
    [trial 6] Sharpe=0.0275 (folds: -0.1395, -0.0268, 0.1928, -0.0376, 0.1483)
    [trial 7] 47 features, training_days=180 | threshold=0.526 | labels: 1171 long, 1000 short (54/46%)
    [trial 7] Sharpe=0.0052 (folds: -0.0595, 0.0330, 0.1766, -0.1610, 0.0368)
    [trial 8] 47 features, training_days=240 | threshold=0.811 | labels: 1171 long, 1000 short (54/46%)
    [trial 8] Sharpe=-0.0599 (folds: -0.1403, -0.0750, 0.2458, -0.1984, -0.1318)
    [trial 9] 47 features, training_days=20 | threshold=0.538 | labels: 1171 long, 1000 short (54/46%)
    [trial 9] Sharpe=0.1200 (folds: 0.0528, 0.0252, 0.1131, 0.3465, 0.0622)
    [trial 10] 47 features, training_days=10 | threshold=0.745 | labels: 1171 long, 1000 short (54/46%)
    [trial 10] Sharpe=-0.1325 (folds: -0.0887, -0.0187, -0.3429, -0.2996, 0.0877)
    [trial 11] 47 features, training_days=100 | threshold=0.713 | labels: 1171 long, 1000 short (54/46%)
    [trial 11] Sharpe=0.0123 (folds: 0.0486, 0.1409, -0.0745, -0.0995, 0.0459)
    [trial 12] 47 features, training_days=320 | threshold=0.664 | labels: 1171 long, 1000 short (54/46%)
    [trial 12] Sharpe=0.0268 (folds: -0.0484, -0.0409, 0.3104, -0.0035, -0.0833)
    [trial 13] 47 features, training_days=130 | threshold=0.756 | labels: 1171 long, 1000 short (54/46%)
    [trial 13] Sharpe=0.0181 (folds: -0.0379, 0.0559, 0.0794, -0.0720, 0.0653)
    [trial 14] 47 features, training_days=500 | threshold=0.699 | labels: 1171 long, 1000 short (54/46%)
    [trial 14] Sharpe=0.0328 (folds: -0.0492, -0.0558, 0.1624, 0.1372, -0.0309)
    [trial 15] 47 features, training_days=290 | threshold=0.507 | labels: 1171 long, 1000 short (54/46%)
    [trial 15] Sharpe=-0.0240 (folds: -0.1220, -0.1529, 0.1348, 0.0492, -0.0292)
    [trial 16] 47 features, training_days=380 | threshold=0.782 | labels: 1171 long, 1000 short (54/46%)
    [trial 16] Sharpe=0.0658 (folds: -0.0060, 0.0036, 0.2492, 0.0502, 0.0319)
    [trial 17] 47 features, training_days=380 | threshold=0.761 | labels: 1171 long, 1000 short (54/46%)
    [trial 17] Sharpe=0.0226 (folds: -0.2662, 0.1777, 0.0760, -0.0218, 0.1471)
  Optuna: 18 trials, best Sharpe = 0.1200
  Best params: n_estimators=337, max_depth=3, lr=0.2191, leaves=39
  Best confidence_threshold: 0.538
  Best training_days: 20
  Retrained on full data (60 samples, 47 features)
  [ensemble 2/3] seed=123
    [trial 0] 47 features, training_days=150 | threshold=0.744 | labels: 1171 long, 1000 short (54/46%)
    [CV fold 0] train_end=2022-10-23 08:00 | val_start=2022-10-31 00:00 | gap=184h (22 rows)
    [CV fold 1] train_end=2023-02-20 16:00 | val_start=2023-02-28 08:00 | gap=184h (22 rows)
    [CV fold 2] train_end=2023-06-21 00:00 | val_start=2023-06-28 16:00 | gap=184h (22 rows)
    [CV fold 3] train_end=2023-10-19 08:00 | val_start=2023-10-27 00:00 | gap=184h (22 rows)
    [CV fold 4] train_end=2024-02-16 16:00 | val_start=2024-02-24 08:00 | gap=184h (22 rows)
    [trial 0] Sharpe=-0.0108 (folds: -0.1137, 0.1655, 0.1370, -0.2192, -0.0234)
    [trial 1] 47 features, training_days=220 | threshold=0.755 | labels: 1171 long, 1000 short (54/46%)
    [trial 1] Sharpe=-1.7869 (folds: 0.3430, -10.0000, 1.1261, -0.1877, -0.2159)
    [trial 2] 47 features, training_days=310 | threshold=0.754 | labels: 1171 long, 1000 short (54/46%)
    [trial 2] Sharpe=-0.0304 (folds: -0.1006, -0.1871, 0.2514, 0.0417, -0.1574)
    [trial 3] 47 features, training_days=220 | threshold=0.673 | labels: 1171 long, 1000 short (54/46%)
    [trial 3] Sharpe=-0.0168 (folds: -0.0791, -0.0901, 0.1318, 0.0163, -0.0627)
    [trial 4] 47 features, training_days=130 | threshold=0.803 | labels: 1171 long, 1000 short (54/46%)
    [trial 4] Sharpe=0.0520 (folds: -0.0242, 0.0967, 0.0697, -0.0147, 0.1326)
    [trial 5] 47 features, training_days=210 | threshold=0.606 | labels: 1171 long, 1000 short (54/46%)
    [trial 5] Sharpe=-0.0049 (folds: -0.0269, -0.0556, 0.2153, -0.1580, 0.0010)
    [trial 6] 47 features, training_days=130 | threshold=0.767 | labels: 1171 long, 1000 short (54/46%)
    [trial 6] Sharpe=0.0337 (folds: -0.0645, 0.1354, -0.0886, 0.0756, 0.1104)
    [trial 7] 47 features, training_days=80 | threshold=0.556 | labels: 1171 long, 1000 short (54/46%)
    [trial 7] Sharpe=0.0601 (folds: 0.0435, 0.1856, -0.0730, 0.0280, 0.1166)
    [trial 8] 47 features, training_days=200 | threshold=0.607 | labels: 1171 long, 1000 short (54/46%)
    [trial 8] Sharpe=-0.0695 (folds: -0.0803, -0.1223, 0.0652, -0.1777, -0.0323)
    [trial 9] 47 features, training_days=260 | threshold=0.620 | labels: 1171 long, 1000 short (54/46%)
    [trial 9] Sharpe=-0.0023 (folds: -0.0959, -0.0726, 0.2663, 0.0395, -0.1487)
    [trial 10] 47 features, training_days=10 | threshold=0.525 | labels: 1171 long, 1000 short (54/46%)
    [trial 10] Sharpe=-0.1325 (folds: -0.0887, -0.0187, -0.3429, -0.2996, 0.0877)
    [trial 11] 47 features, training_days=480 | threshold=0.837 | labels: 1171 long, 1000 short (54/46%)
    [trial 11] Sharpe=0.0863 (folds: -0.0691, 0.0968, 0.2702, 0.1089, 0.0246)
    [trial 12] 47 features, training_days=500 | threshold=0.511 | labels: 1171 long, 1000 short (54/46%)
    [trial 12] Sharpe=0.0364 (folds: -0.1058, -0.0615, 0.1727, 0.1033, 0.0730)
    [trial 13] 47 features, training_days=490 | threshold=0.832 | labels: 1171 long, 1000 short (54/46%)
    [trial 13] Sharpe=0.0926 (folds: -0.0730, 0.0970, 0.2647, 0.1419, 0.0327)
    [trial 14] 47 features, training_days=490 | threshold=0.839 | labels: 1171 long, 1000 short (54/46%)
    [trial 14] Sharpe=0.0880 (folds: -0.0641, 0.0456, 0.2895, 0.1530, 0.0163)
    [trial 15] 47 features, training_days=410 | threshold=0.847 | labels: 1171 long, 1000 short (54/46%)
    [trial 15] Sharpe=0.0863 (folds: -0.0515, 0.0791, 0.2754, -0.0140, 0.1425)
    [trial 16] 47 features, training_days=390 | threshold=0.686 | labels: 1171 long, 1000 short (54/46%)
    [trial 16] Sharpe=0.0391 (folds: -0.0934, -0.0739, 0.2690, -0.0196, 0.1136)
    [trial 17] 47 features, training_days=430 | threshold=0.706 | labels: 1171 long, 1000 short (54/46%)
    [trial 17] Sharpe=0.0272 (folds: -0.0998, -0.1544, 0.2505, 0.0579, 0.0818)
  Optuna: 18 trials, best Sharpe = 0.0926
  Best params: n_estimators=447, max_depth=5, lr=0.0547, leaves=46
  Best confidence_threshold: 0.832
  Best training_days: 490
  Retrained on full data (1470 samples, 47 features)
  [ensemble 3/3] seed=456
    [trial 0] 47 features, training_days=90 | threshold=0.587 | labels: 1171 long, 1000 short (54/46%)
    [CV fold 0] train_end=2022-10-23 08:00 | val_start=2022-10-31 00:00 | gap=184h (22 rows)
    [CV fold 1] train_end=2023-02-20 16:00 | val_start=2023-02-28 08:00 | gap=184h (22 rows)
    [CV fold 2] train_end=2023-06-21 00:00 | val_start=2023-06-28 16:00 | gap=184h (22 rows)
    [CV fold 3] train_end=2023-10-19 08:00 | val_start=2023-10-27 00:00 | gap=184h (22 rows)
    [CV fold 4] train_end=2024-02-16 16:00 | val_start=2024-02-24 08:00 | gap=184h (22 rows)
    [trial 0] Sharpe=0.0706 (folds: -0.0256, 0.2138, -0.0377, 0.1241, 0.0784)
    [trial 1] 47 features, training_days=290 | threshold=0.635 | labels: 1171 long, 1000 short (54/46%)
    [trial 1] Sharpe=0.0038 (folds: -0.0773, -0.0613, 0.2090, -0.0094, -0.0421)
    [trial 2] 47 features, training_days=10 | threshold=0.585 | labels: 1171 long, 1000 short (54/46%)
    [trial 2] Sharpe=-0.1325 (folds: -0.0887, -0.0187, -0.3429, -0.2996, 0.0877)[I 2026-06-01 15:00:47,474] Trial 2 finished with value: -0.1324512236373756 and parameters: {'confidence_threshold': 0.5849570384370288, 'training_days': 10, 'n_estimators': 212, 'max_depth': 3, 'num_leaves': 41, 'learning_rate': 0.18452095998378365, 'subsample': 0.6001060822924371, 'colsample_bytree': 0.5673167293506167, 'min_child_samples': 37, 'reg_alpha': 5.733250064217131, 'reg_lambda': 0.5308454292595461}. Best is trial 0 with value: 0.07059605366238028.
[I 2026-06-01 15:00:47,553] Trial 3 finished with value: 0.05040880303828218 and parameters: {'confidence_threshold': 0.6868248626683718, 'training_days': 220, 'n_estimators': 134, 'max_depth': 3, 'num_leaves': 45, 'learning_rate': 0.033529007907491595, 'subsample': 0.8647277071858408, 'colsample_bytree': 0.778494116634046, 'min_child_samples': 96, 'reg_alpha': 2.409409937265785e-07, 'reg_lambda': 1.1642073478060009}. Best is trial 0 with value: 0.07059605366238028.
[I 2026-06-01 15:00:47,637] Trial 4 finished with value: -0.011723993926170531 and parameters: {'confidence_threshold': 0.5623121348350352, 'training_days': 300, 'n_estimators': 69, 'max_depth': 4, 'num_leaves': 32, 'learning_rate': 0.14967629360700346, 'subsample': 0.5054535233636654, 'colsample_bytree': 0.7401385194659216, 'min_child_samples': 27, 'reg_alpha': 1.4212042567426725e-07, 'reg_lambda': 0.23605753701352003}. Best is trial 0 with value: 0.07059605366238028.
[I 2026-06-01 15:00:48,042] Trial 5 finished with value: 0.01425595482166182 and parameters: {'confidence_threshold': 0.7111850244908446, 'training_days': 490, 'n_estimators': 362, 'max_depth': 5, 'num_leaves': 40, 'learning_rate': 0.05960785724162737, 'subsample': 0.5589714368907717, 'colsample_bytree': 0.6659006943232806, 'min_child_samples': 42, 'reg_alpha': 0.6741360303045295, 'reg_lambda': 6.054601607143087e-08}. Best is trial 0 with value: 0.07059605366238028.
[I 2026-06-01 15:00:48,229] Trial 6 finished with value: 0.05315463025095041 and parameters: {'confidence_threshold': 0.667482545748023, 'training_days': 420, 'n_estimators': 279, 'max_depth': 3, 'num_leaves': 45, 'learning_rate': 0.040099592560849204, 'subsample': 0.8563114696415159, 'colsample_bytree': 0.5442917781944105, 'min_child_samples': 50, 'reg_alpha': 1.6407916423707903e-08, 'reg_lambda': 2.935907642973286e-05}. Best is trial 0 with value: 0.07059605366238028.
[I 2026-06-01 15:00:48,387] Trial 7 finished with value: 0.04171315993404858 and parameters: {'confidence_threshold': 0.5497381024139926, 'training_days': 120, 'n_estimators': 408, 'max_depth': 5, 'num_leaves': 38, 'learning_rate': 0.28049122657745795, 'subsample': 0.8806573338635493, 'colsample_bytree': 0.5454054113547102, 'min_child_samples': 63, 'reg_alpha': 0.01263008637940408, 'reg_lambda': 0.04588020805366937}. Best is trial 0 with value: 0.07059605366238028.
[I 2026-06-01 15:00:48,656] Trial 8 finished with value: 0.045400080137524834 and parameters: {'confidence_threshold': 0.719644804808716, 'training_days': 450, 'n_estimators': 410, 'max_depth': 4, 'num_leaves': 57, 'learning_rate': 0.04022026551478857, 'subsample': 0.5336085426932707, 'colsample_bytree': 0.5705742850577543, 'min_child_samples': 100, 'reg_alpha': 5.916398047912201e-07, 'reg_lambda': 0.9794034214488329}. Best is trial 0 with value: 0.07059605366238028.
[I 2026-06-01 15:00:48,680] Trial 9 finished with value: -3.895624778171071 and parameters: {'confidence_threshold': 0.7267463643917187, 'training_days': 20, 'n_estimators': 337, 'max_depth': 5, 'num_leaves': 23, 'learning_rate': 0.022153031811454605, 'subsample': 0.6305627572358737, 'colsample_bytree': 0.6613413774216214, 'min_child_samples': 81, 'reg_alpha': 5.7638634029410314e-08, 'reg_lambda': 8.26603016764008}. Best is trial 0 with value: 0.07059605366238028.
[I 2026-06-01 15:00:48,999] Trial 10 finished with value: 0.03001684341627957 and parameters: {'confidence_threshold': 0.8398533911817929, 'training_days': 130, 'n_estimators': 485, 'max_depth': 4, 'num_leaves': 62, 'learning_rate': 0.014251957942824738, 'subsample': 0.9901604570372973, 'colsample_bytree': 0.9944479338273263, 'min_child_samples': 23, 'reg_alpha': 6.837313901272251e-05, 'reg_lambda': 0.0006976939169966911}. Best is trial 0 with value: 0.07059605366238028.
[I 2026-06-01 15:00:49,169] Trial 11 finished with value: 0.04477864727341392 and parameters: {'confidence_threshold': 0.6197097902494114, 'training_days': 390, 'n_estimators': 238, 'max_depth': 3, 'num_leaves': 50, 'learning_rate': 0.11089640564531646, 'subsample': 0.9905541628258661, 'colsample_bytree': 0.9214296292909252, 'min_child_samples': 49, 'reg_alpha': 2.573708591509265e-05, 'reg_lambda': 9.46041867677697e-06}. Best is trial 0 with value: 0.07059605366238028.
[I 2026-06-01 15:00:49,423] Trial 12 finished with value: 0.028734448775461698 and parameters: {'confidence_threshold': 0.5145853631584999, 'training_days': 370, 'n_estimators': 291, 'max_depth': 4, 'num_leaves': 51, 'learning_rate': 0.09541405269589062, 'subsample': 0.7708112911374533, 'colsample_bytree': 0.8420599046380293, 'min_child_samples': 56, 'reg_alpha': 1.578782038256806e-08, 'reg_lambda': 5.281051217806744e-05}. Best is trial 0 with value: 0.07059605366238028.
[I 2026-06-01 15:00:49,662] Trial 13 finished with value: 0.0016274828199324964 and parameters: {'confidence_threshold': 0.8049870194265122, 'training_days': 190, 'n_estimators': 475, 'max_depth': 3, 'num_leaves': 28, 'learning_rate': 0.031051893769270974, 'subsample': 0.9166146949847447, 'colsample_bytree': 0.5059137517206113, 'min_child_samples': 35, 'reg_alpha': 5.330866210562306e-06, 'reg_lambda': 0.0030907163684933165}. Best is trial 0 with value: 0.07059605366238028.
[I 2026-06-01 15:00:49,778] Trial 14 finished with value: -0.012978844445416199 and parameters: {'confidence_threshold': 0.6439954054899397, 'training_days': 100, 'n_estimators': 288, 'max_depth': 4, 'num_leaves': 17, 'learning_rate': 0.01381957183522994, 'subsample': 0.7178512286146062, 'colsample_bytree': 0.658600878541351, 'min_child_samples': 65, 'reg_alpha': 0.0015600075198054814, 'reg_lambda': 3.152801865889112e-06}. Best is trial 0 with value: 0.07059605366238028.
[I 2026-06-01 15:00:49,997] Trial 15 finished with value: 0.004426544559285403 and parameters: {'confidence_threshold': 0.7594279795954488, 'training_days': 340, 'n_estimators': 193, 'max_depth': 5, 'num_leaves': 49, 'learning_rate': 0.05033658189214821, 'subsample': 0.9236604423367947, 'colsample_bytree': 0.9354326815544397, 'min_child_samples': 51, 'reg_alpha': 4.399135734869746e-06, 'reg_lambda': 9.017380630789877e-07}. Best is trial 0 with value: 0.07059605366238028.
[I 2026-06-01 15:00:50,274] Trial 16 finished with value: 0.04383741239510911 and parameters: {'confidence_threshold': 0.6030080673755045, 'training_days': 430, 'n_estimators': 357, 'max_depth': 3, 'num_leaves': 56, 'learning_rate': 0.021342803802310486, 'subsample': 0.7313086331213398, 'colsample_bytree': 0.7706969491241026, 'min_child_samples': 20, 'reg_alpha': 0.0023353732297268087, 'reg_lambda': 0.00011832660149322181}. Best is trial 0 with value: 0.07059605366238028.
