[I 2026-06-01 14:58:13,714] Trial 12 finished with value: -0.01172877133355427 and parameters: {'confidence_threshold': 0.6178181564268743, 'training_days': 310, 'n_estimators': 226, 'max_depth': 4, 'num_leaves': 36, 'learning_rate': 0.05554627333561557, 'subsample': 0.9928591226437462, 'colsample_bytree': 0.8304278626461432, 'min_child_samples': 100, 'reg_alpha': 5.734264517509994, 'reg_lambda': 3.0582327285753945e-05}. Best is trial 2 with value: 0.026664947631862078.

    [trial 16] Sharpe=-0.0014 (folds: -0.0549, 0.1876, -0.0254, -0.1222, 0.0081)
    [trial 17] 47 features, training_days=230 | threshold=0.631 | labels: 1050 long, 1118 short (48/52%)
    [trial 17] Sharpe=-0.0102 (folds: 0.0200, 0.1276, -0.0001, -0.1378, -0.0609)
  Optuna: 18 trials, best Sharpe = -0.0014
  Best params: n_estimators=189, max_depth=4, lr=0.1004, leaves=51
  Best confidence_threshold: 0.628
  Best training_days: 240
  Retrained on full data (720 samples, 47 features)
  OOD: 16 features, cutoff (q=0.7) = 9.41
  Model trained for 2023-04: 90 test candles with features, confidence_threshold=0.708
[trade:close] 2023-04-05 08:00 BTCUSDT SHORT → timeout @ 28515.70 | PnL=-1.56% (net -1.66%) | cum=-14.84% 2023-04=-1.66% 2023-04-05=-1.66%
[predict] 2023-04-06 08:00 BTCUSDT → SHORT (proba=0.81 TP=7.1%/SL=3.6%)
[trade:open] 2023-04-06 15:59 BTCUSDT SHORT @ 28079.30 | SL=29080.40 TP=26077.11 | timeout=2023-04-13 15:59
[trade:close] 2023-04-10 23:59 BTCUSDT SHORT → stop_loss @ 29080.40 | PnL=-3.57% (net -3.67%) | cum=-18.50% 2023-04=-5.33% 2023-04-10=-3.67%
[predict] 2023-04-13 16:00 BTCUSDT → SHORT (proba=0.97 TP=6.0%/SL=3.0%)
[trade:open] 2023-04-13 23:59 BTCUSDT SHORT @ 30362.70 | SL=31273.27 TP=28541.56 | timeout=2023-04-20 23:59
[trade:close] 2023-04-20 07:59 BTCUSDT SHORT → take_profit @ 28541.56 | PnL=+6.00% (net +5.90%) | cum=-12.61% 2023-04=+0.57% 2023-04-20=+5.90%
[predict] 2023-04-21 00:00 BTCUSDT → SHORT (proba=0.82 TP=7.4%/SL=3.7%)
[trade:open] 2023-04-21 07:59 BTCUSDT SHORT @ 28142.30 | SL=29187.55 TP=26051.81 | timeout=2023-04-28 07:59
[trade:close] 2023-04-26 15:59 BTCUSDT SHORT → stop_loss @ 29187.55 | PnL=-3.71% (net -3.81%) | cum=-16.42% 2023-04=-3.24% 2023-04-26=-3.81%
[predict] 2023-04-27 08:00 BTCUSDT → LONG (proba=0.84 TP=10.4%/SL=5.2%)
[trade:open] 2023-04-27 15:59 BTCUSDT LONG @ 29136.70 | SL=27620.21 TP=32169.69 | timeout=2023-05-04 15:59
[lgbm] === Training for 2023-05 ===
  Train window: 2021-05-01 → 2023-04-23
  2168 training samples from 1 symbols
  Samples per month: 2021-05: 93, 2021-06: 90, 2021-07: 93, 2021-08: 93, 2021-09: 90, 2021-10: 93, 2021-11: 90, 2021-12: 93, 2022-01: 93, 2022-02: 84, 2022-03: 93, 2022-04: 90, 2022-05: 93, 2022-06: 90, 2022-07: 93, 2022-08: 93, 2022-09: 90, 2022-10: 93, 2022-11: 90, 2022-12: 93, 2023-01: 93, 2023-02: 84, 2023-03: 93, 2023-04: 68
  [label] 2021-07-01 16:00 BTCUSDT entry=33489.9600 → SHORT | long=timeout(-2.00%) short=sl(-7.42%) | scanned=22 | no_tp→fwd_return=-1.9048
  [label] 2021-07-03 16:00 BTCUSDT entry=34652.9400 → SHORT | long=sl(-6.07%) short=timeout(+3.23%) | scanned=22 | no_tp→fwd_return=-3.3329
  [label] 2021-07-07 16:00 BTCUSDT entry=33845.6400 → SHORT | long=sl(-5.69%) short=timeout(+2.98%) | scanned=22 | no_tp→fwd_return=-3.0805
  [label] 2021-08-01 08:00 BTCUSDT entry=41303.7200 → LONG | long=sl(-6.56%) short=sl(-6.56%) | scanned=18 | no_tp→fwd_return=+4.9843
  [label] 2021-09-22 16:00 BTCUSDT entry=43520.0000 → SHORT | long=timeout(-4.74%) short=timeout(+4.54%) | scanned=22 | no_tp→fwd_return=-4.6422
  [label] 2022-03-07 16:00 BTCUSDT entry=37963.8000 → LONG | long=timeout(+4.35%) short=sl(-6.61%) | scanned=22 | no_tp→fwd_return=+4.4516
  [label] 2022-03-11 16:00 BTCUSDT entry=38713.0000 → LONG | long=timeout(+7.75%) short=sl(-6.63%) | scanned=22 | no_tp→fwd_return=+7.8488
  [label] 2022-03-22 08:00 BTCUSDT entry=42567.2000 → LONG | long=tp(+8.96%) short=sl(-4.63%) | scanned=16 | long_tp_only
  [label] 2022-05-06 08:00 BTCUSDT entry=35989.1000 → SHORT | long=sl(-5.91%) short=tp(+11.52%) | scanned=10 | short_tp_only
  [label] 2022-05-14 16:00 BTCUSDT entry=30079.8000 → SHORT | long=timeout(-2.27%) short=timeout(+2.07%) | scanned=22 | no_tp→fwd_return=-2.1689
  [label] 2022-08-13 00:00 BTCUSDT entry=24566.1000 → SHORT | long=sl(-4.24%) short=tp(+8.19%) | scanned=18 | short_tp_only
  [label] 2022-09-14 00:00 BTCUSDT entry=20235.3000 → SHORT | long=sl(-6.07%) short=timeout(+6.31%) | scanned=22 | no_tp→fwd_return=-6.4071
  [label] 2022-09-30 00:00 BTCUSDT entry=19560.8000 → LONG | long=timeout(+1.72%) short=timeout(-1.92%) | scanned=22 | no_tp→fwd_return=+1.8200
  [label] 2022-10-12 16:00 BTCUSDT entry=19148.0000 → SHORT | long=sl(-2.73%) short=tp(+5.17%) | scanned=2 | short_tp_only
  [label] 2022-10-31 08:00 BTCUSDT entry=20390.4000 → LONG | long=timeout(+1.69%) short=sl(-3.13%) | scanned=22 | no_tp→fwd_return=+1.7940
  [label] 2022-11-06 16:00 BTCUSDT entry=20900.0000 → SHORT | long=sl(-2.93%) short=tp(+5.56%) | scanned=4 | short_tp_only
  [label] 2022-11-19 00:00 BTCUSDT entry=16592.2000 → SHORT | long=sl(-4.51%) short=timeout(-0.01%) | scanned=22 | no_tp→fwd_return=-0.0922
  [label] 2022-12-28 08:00 BTCUSDT entry=16571.3000 → LONG | long=timeout(+1.56%) short=sl(-1.84%) | scanned=22 | no_tp→fwd_return=+1.6607
  [label] 2023-01-07 08:00 BTCUSDT entry=16934.5000 → LONG | long=tp(+2.60%) short=sl(-1.45%) | scanned=10 | long_tp_only
  [label] 2023-04-03 08:00 BTCUSDT entry=28032.5000 → LONG | long=timeout(+1.31%) short=timeout(-1.51%) | scanned=22 | no_tp→fwd_return=+1.4098
  Labels: 1054 long (48.6%), 1114 short (51.4%) | weights: min=1.00, mean=3.15, max=10.00
  Features: 2168/2168 matched, 47 columns
  CV gap: 22 rows
  [ensemble 1/3] seed=42
    [trial 0] 47 features, training_days=480 | threshold=0.631 | labels: 1054 long, 1114 short (49/51%)
    [CV fold 0] train_end=2021-08-22 08:00 | val_start=2021-08-30 00:00 | gap=184h (22 rows)
    [CV fold 1] train_end=2021-12-20 16:00 | val_start=2021-12-28 08:00 | gap=184h (22 rows)
    [CV fold 2] train_end=2022-04-20 00:00 | val_start=2022-04-27 16:00 | gap=184h (22 rows)
    [CV fold 3] train_end=2022-08-18 08:00 | val_start=2022-08-26 00:00 | gap=184h (22 rows)
    [CV fold 4] train_end=2022-12-16 16:00 | val_start=2022-12-24 08:00 | gap=184h (22 rows)
    [trial 0] Sharpe=-0.0147 (folds: 0.3273, -0.0498, -0.1184, -0.2645, 0.0319)
    [trial 1] 47 features, training_days=420 | threshold=0.839 | labels: 1054 long, 1114 short (49/51%)
    [trial 1] Sharpe=-2.4311 (folds: 0.0917, -1.6522, -0.4819, -10.0000, -0.1131)
    [trial 2] 47 features, training_days=190 | threshold=0.602 | labels: 1054 long, 1114 short (49/51%)
    [trial 2] Sharpe=0.0267 (folds: 0.2714, -0.0456, -0.0102, -0.0837, 0.0014)
    [trial 3] 47 features, training_days=490 | threshold=0.832 | labels: 1054 long, 1114 short (49/51%)
    [trial 3] Sharpe=-0.0529 (folds: 0.1678, -0.0216, -0.1061, -0.2145, -0.0902)
    [trial 4] 47 features, training_days=340 | threshold=0.591 | labels: 1054 long, 1114 short (49/51%)
    [trial 4] Sharpe=0.0134 (folds: 0.3289, -0.0639, -0.0569, -0.0905, -0.0507)
    [trial 5] 47 features, training_days=50 | threshold=0.823 | labels: 1054 long, 1114 short (49/51%)
    [trial 5] Sharpe=-0.0767 (folds: 0.0278, -0.0161, 0.0982, -0.1872, -0.3061)
    [trial 6] 47 features, training_days=410 | threshold=0.549 | labels: 1054 long, 1114 short (49/51%)
    [trial 6] Sharpe=-0.0017 (folds: 0.2567, -0.1505, -0.0904, -0.0317, 0.0076)
    [trial 7] 47 features, training_days=180 | threshold=0.526 | labels: 1054 long, 1114 short (49/51%)
    [trial 7] Sharpe=0.0036 (folds: 0.2014, -0.1107, -0.0111, -0.1546, 0.0932)
    [trial 8] 47 features, training_days=240 | threshold=0.811 | labels: 1054 long, 1114 short (49/51%)
    [trial 8] Sharpe=-0.1249 (folds: 0.2635, -0.2077, -0.0574, -0.2823, -0.3408)
    [trial 9] 47 features, training_days=20 | threshold=0.538 | labels: 1054 long, 1114 short (49/51%)
    [trial 9] Sharpe=-1.9569 (folds: 0.0539, -0.0200, -10.0000, -0.0242, 0.2055)
    [trial 10] 47 features, training_days=150 | threshold=0.680 | labels: 1054 long, 1114 short (49/51%)
    [trial 10] Sharpe=-0.0114 (folds: 0.2075, -0.0632, -0.0899, -0.1506, 0.0393)
    [trial 11] 47 features, training_days=330 | threshold=0.626 | labels: 1054 long, 1114 short (49/51%)
    [trial 11] Sharpe=-0.0080 (folds: 0.3037, -0.0797, -0.1128, -0.1449, -0.0064)
    [trial 12] 47 features, training_days=310 | threshold=0.618 | labels: 1054 long, 1114 short (49/51%)
    [trial 12] Sharpe=-0.0117 (folds: 0.3331, -0.0303, -0.1054, -0.1433, -0.1127)
    [trial 13] 47 features, training_days=140 | threshold=0.694 | labels: 1054 long, 1114 short (49/51%)[I 2026-06-01 14:58:13,808] Trial 13 finished with value: -0.05178790897060805 and parameters: {'confidence_threshold': 0.694422166807498, 'training_days': 140, 'n_estimators': 189, 'max_depth': 4, 'num_leaves': 46, 'learning_rate': 0.08114796821306162, 'subsample': 0.9016943214325829, 'colsample_bytree': 0.9993719480921633, 'min_child_samples': 85, 'reg_alpha': 8.84304942056255e-05, 'reg_lambda': 0.015936847132187043}. Best is trial 2 with value: 0.026664947631862078.
[I 2026-06-01 14:58:13,980] Trial 14 finished with value: -0.026358079928160638 and parameters: {'confidence_threshold': 0.5804135762801046, 'training_days': 250, 'n_estimators': 305, 'max_depth': 4, 'num_leaves': 15, 'learning_rate': 0.010589708664863124, 'subsample': 0.9067396909961122, 'colsample_bytree': 0.6139966073958775, 'min_child_samples': 89, 'reg_alpha': 8.062692659979823e-07, 'reg_lambda': 0.0003097102971803911}. Best is trial 2 with value: 0.026664947631862078.
[I 2026-06-01 14:58:14,166] Trial 15 finished with value: -0.026093570972341024 and parameters: {'confidence_threshold': 0.7238139631948072, 'training_days': 300, 'n_estimators': 194, 'max_depth': 5, 'num_leaves': 29, 'learning_rate': 0.04372501750456459, 'subsample': 0.7798079465483917, 'colsample_bytree': 0.8241032059896504, 'min_child_samples': 72, 'reg_alpha': 0.40455416445760256, 'reg_lambda': 7.99569201235029e-07}. Best is trial 2 with value: 0.026664947631862078.
[I 2026-06-01 14:58:14,363] Trial 16 finished with value: 0.01108642446351702 and parameters: {'confidence_threshold': 0.579781519465398, 'training_days': 380, 'n_estimators': 293, 'max_depth': 4, 'num_leaves': 41, 'learning_rate': 0.021228092637994047, 'subsample': 0.6739485135544714, 'colsample_bytree': 0.632035183231185, 'min_child_samples': 91, 'reg_alpha': 0.0007296199124202744, 'reg_lambda': 0.0001036191678126797}. Best is trial 2 with value: 0.026664947631862078.
[I 2026-06-01 14:58:14,500] Trial 17 finished with value: -0.02345775624616517 and parameters: {'confidence_threshold': 0.7611484084321937, 'training_days': 90, 'n_estimators': 254, 'max_depth': 4, 'num_leaves': 34, 'learning_rate': 0.14168046193643383, 'subsample': 0.8366733523272174, 'colsample_bytree': 0.5216004247704905, 'min_child_samples': 24, 'reg_alpha': 1.0872906262514421e-05, 'reg_lambda': 0.5213086204998939}. Best is trial 2 with value: 0.026664947631862078.
[I 2026-06-01 14:58:14,729] A new study created in memory with name: no-name-9f0fac51-2f2e-4d20-9a55-fe5263141157
[I 2026-06-01 14:58:14,821] Trial 0 finished with value: -0.03871455745435922 and parameters: {'confidence_threshold': 0.7437642149592516, 'training_days': 150, 'n_estimators': 152, 'max_depth': 4, 'num_leaves': 50, 'learning_rate': 0.04216766425047743, 'subsample': 0.9903820991923078, 'colsample_bytree': 0.8424148692924316, 'min_child_samples': 58, 'reg_alpha': 3.381097259762742e-05, 'reg_lambda': 1.2263152961306247e-05}. Best is trial 0 with value: -0.03871455745435922.
[I 2026-06-01 14:58:14,887] Trial 1 finished with value: -2.14698801813637 and parameters: {'confidence_threshold': 0.7551673975844145, 'training_days': 220, 'n_estimators': 76, 'max_depth': 4, 'num_leaves': 51, 'learning_rate': 0.018602118810743477, 'subsample': 0.5877258780737462, 'colsample_bytree': 0.7657756869209191, 'min_child_samples': 63, 'reg_alpha': 0.005123994170264194, 'reg_lambda': 0.44145470178120466}. Best is trial 0 with value: -0.03871455745435922.
[I 2026-06-01 14:58:15,137] Trial 2 finished with value: -0.06060964743344721 and parameters: {'confidence_threshold': 0.7535593637012223, 'training_days': 310, 'n_estimators': 375, 'max_depth': 3, 'num_leaves': 32, 'learning_rate': 0.021735641882032388, 'subsample': 0.6468570231944146, 'colsample_bytree': 0.8154880619272439, 'min_child_samples': 27, 'reg_alpha': 8.004064028491336e-05, 'reg_lambda': 7.546835261630524e-05}. Best is trial 0 with value: -0.03871455745435922.
[I 2026-06-01 14:58:15,301] Trial 3 finished with value: 0.00022597534853832716 and parameters: {'confidence_threshold': 0.6727897841776072, 'training_days': 220, 'n_estimators': 190, 'max_depth': 4, 'num_leaves': 58, 'learning_rate': 0.24810689332636193, 'subsample': 0.7509183379421682, 'colsample_bytree': 0.8119764758960556, 'min_child_samples': 29, 'reg_alpha': 7.1708285081421445e-06, 'reg_lambda': 5.412973582738627e-05}. Best is trial 3 with value: 0.00022597534853832716.
[I 2026-06-01 14:58:15,421] Trial 4 finished with value: -0.09630975417135756 and parameters: {'confidence_threshold': 0.803208205259178, 'training_days': 130, 'n_estimators': 267, 'max_depth': 5, 'num_leaves': 40, 'learning_rate': 0.08041175317374143, 'subsample': 0.5603143329951619, 'colsample_bytree': 0.9131704002534167, 'min_child_samples': 68, 'reg_alpha': 0.0008046593428183385, 'reg_lambda': 1.2158346158765583e-05}. Best is trial 3 with value: 0.00022597534853832716.
[I 2026-06-01 14:58:15,650] Trial 5 finished with value: 0.008516259166283036 and parameters: {'confidence_threshold': 0.6064422761595144, 'training_days': 210, 'n_estimators': 357, 'max_depth': 5, 'num_leaves': 40, 'learning_rate': 0.0974221287220869, 'subsample': 0.7929682762811064, 'colsample_bytree': 0.8124517510478, 'min_child_samples': 74, 'reg_alpha': 0.3811377260781234, 'reg_lambda': 5.607314238392041e-08}. Best is trial 5 with value: 0.008516259166283036.
[I 2026-06-01 14:58:15,769] Trial 6 finished with value: -0.05370452524410611 and parameters: {'confidence_threshold': 0.7672889945051684, 'training_days': 130, 'n_estimators': 137, 'max_depth': 4, 'num_leaves': 19, 'learning_rate': 0.2031117614248665, 'subsample': 0.8136244860256343, 'colsample_bytree': 0.8617081790949774, 'min_child_samples': 21, 'reg_alpha': 0.002238138278733199, 'reg_lambda': 0.001025809534977322}. Best is trial 5 with value: 0.008516259166283036.
[I 2026-06-01 14:58:15,851] Trial 7 finished with value: -0.03989426662109543 and parameters: {'confidence_threshold': 0.555635875450653, 'training_days': 80, 'n_estimators': 363, 'max_depth': 3, 'num_leaves': 48, 'learning_rate': 0.06590089024008658, 'subsample': 0.6944752870615722, 'colsample_bytree': 0.962566244806993, 'min_child_samples': 88, 'reg_alpha': 1.6465620446426067e-05, 'reg_lambda': 2.4678750890085655e-08}. Best is trial 5 with value: 0.008516259166283036.
[I 2026-06-01 14:58:16,190] Trial 8 finished with value: 0.00693596303645997 and parameters: {'confidence_threshold': 0.6066688256938841, 'training_days': 200, 'n_estimators': 367, 'max_depth': 5, 'num_leaves': 32, 'learning_rate': 0.13377519215934996, 'subsample': 0.7965884582811106, 'colsample_bytree': 0.8458508993500886, 'min_child_samples': 32, 'reg_alpha': 3.889436043816386e-05, 'reg_lambda': 1.4713062489380356e-06}. Best is trial 5 with value: 0.008516259166283036.
[I 2026-06-01 14:58:16,398] Trial 9 finished with value: -0.0012297164150575496 and parameters: {'confidence_threshold': 0.6202096049169137, 'training_days': 260, 'n_estimators': 350, 'max_depth': 3, 'num_leaves': 21, 'learning_rate': 0.02989540198065364, 'subsample': 0.8307821683331218, 'colsample_bytree': 0.923253112635361, 'min_child_samples': 64, 'reg_alpha': 0.4898604619604203, 'reg_lambda': 2.9076377687066166e-05}. Best is trial 5 with value: 0.008516259166283036.
[I 2026-06-01 14:58:16,772] Trial 10 finished with value: 0.005422117491663823 and parameters: {'confidence_threshold': 0.5342665212695602, 'training_days': 470, 'n_estimators': 493, 'max_depth': 5, 'num_leaves': 63, 'learning_rate': 0.010221918552934462, 'subsample': 0.9166551855891288, 'colsample_bytree': 0.6202684210924141, 'min_child_samples': 99, 'reg_alpha': 2.371385268938747e-08, 'reg_lambda': 8.795022395727933e-08}. Best is trial 5 with value: 0.008516259166283036.
[I 2026-06-01 14:58:17,221] Trial 11 finished with value: -0.038959806211256276 and parameters: {'confidence_threshold': 0.607296338357605, 'training_days': 360, 'n_estimators': 477, 'max_depth': 5, 'num_leaves': 32, 'learning_rate': 0.12199762873742671, 'subsample': 0.8344214603932569, 'colsample_bytree': 0.6661831737797719, 'min_child_samples': 42, 'reg_alpha': 0.22420772377574527, 'reg_lambda': 2.6358630354747385e-07}. Best is trial 5 with value: 0.008516259166283036.
[I 2026-06-01 14:58:17,258] Trial 12 finished with value: -1.9569496327061366 and parameters: {'confidence_threshold': 0.6181766826006161, 'training_days': 20, 'n_estimators': 287, 'max_depth': 5, 'num_leaves': 34, 'learning_rate': 0.12809347518986527, 'subsample': 0.7462630151554006, 'colsample_bytree': 0.5197889515780572, 'min_child_samples': 81, 'reg_alpha': 6.210448045058425, 'reg_lambda': 8.211318722004658e-07}. Best is trial 5 with value: 0.008516259166283036.
[I 2026-06-01 14:58:17,668] Trial 13 finished with value: -0.027463600179328595 and parameters: {'confidence_threshold': 0.503854589246995, 'training_days': 400, 'n_estimators': 413, 'max_depth': 5, 'num_leaves': 26, 'learning_rate': 0.1263297812055253, 'subsample': 0.8767161339646822, 'colsample_bytree': 0.7082407533656954, 'min_child_samples': 51, 'reg_alpha': 5.118802298244082e-07, 'reg_lambda': 0.004788009985073303}. Best is trial 5 with value: 0.008516259166283036.
[I 2026-06-01 14:58:18,024] Trial 14 finished with value: 0.016552122924012005 and parameters: {'confidence_threshold': 0.686501707298844, 'training_days': 270, 'n_estimators': 296, 'max_depth': 5, 'num_leaves': 42, 'learning_rate': 0.08683124309802116, 'subsample': 0.7204416227477246, 'colsample_bytree': 0.9951780710339017, 'min_child_samples': 40, 'reg_alpha': 0.03895716396495772, 'reg_lambda': 1.4878293542285148e-06}. Best is trial 14 with value: 0.016552122924012005.
[I 2026-06-01 14:58:18,239] Trial 15 finished with value: 0.004840456733170763 and parameters: {'confidence_threshold': 0.68464932103292, 'training_days': 300, 'n_estimators': 269, 'max_depth': 4, 'num_leaves': 41, 'learning_rate': 0.0503098911409171, 'subsample': 0.507007918467014, 'colsample_bytree': 0.9961460877205529, 'min_child_samples': 78, 'reg_alpha': 0.045594442483464705, 'reg_lambda': 2.5307567175602323e-08}. Best is trial 14 with value: 0.016552122924012005.
[I 2026-06-01 14:58:18,474] Trial 16 finished with value: -0.02696138937980607 and parameters: {'confidence_threshold': 0.6883476425343392, 'training_days': 350, 'n_estimators': 215, 'max_depth': 5, 'num_leaves': 43, 'learning_rate': 0.08302212698431627, 'subsample': 0.7053123928167493, 'colsample_bytree': 0.5489148768447338, 'min_child_samples': 47, 'reg_alpha': 5.417841831927859, 'reg_lambda': 1.0106290003209148e-06}. Best is trial 14 with value: 0.016552122924012005.
[I 2026-06-01 14:58:18,881] Trial 17 finished with value: -0.023459653391854508 and parameters: {'confidence_threshold': 0.666488584837589, 'training_days': 490, 'n_estimators': 429, 'max_depth': 5, 'num_leaves': 47, 'learning_rate': 0.18470046706923524, 'subsample': 0.6445057107530199, 'colsample_bytree': 0.7344716778885323, 'min_child_samples': 75, 'reg_alpha': 0.024945298119851234, 'reg_lambda': 0.004147168456156341}. Best is trial 14 with value: 0.016552122924012005.
[I 2026-06-01 14:58:19,151] A new study created in memory with name: no-name-fde1fc87-60e6-4f73-8b1a-ea8b4fd73650
[I 2026-06-01 14:58:19,332] Trial 0 finished with value: -0.0567373316167548 and parameters: {'confidence_threshold': 0.5870645682749857, 'training_days': 90, 'n_estimators': 403, 'max_depth': 5, 'num_leaves': 45, 'learning_rate': 0.0780457193679974, 'subsample': 0.9428509515574568, 'colsample_bytree': 0.8795587339164916, 'min_child_samples': 34, 'reg_alpha': 2.2465901234314442e-07, 'reg_lambda': 8.339007036475363e-05}. Best is trial 0 with value: -0.0567373316167548.
[I 2026-06-01 14:58:19,439] Trial 1 finished with value: 0.028248773842807072 and parameters: {'confidence_threshold': 0.6348453934275313, 'training_days': 290, 'n_estimators': 115, 'max_depth': 5, 'num_leaves': 37, 'learning_rate': 0.06949568759029946, 'subsample': 0.8228505074024268, 'colsample_bytree': 0.8616703220431751, 'min_child_samples': 75, 'reg_alpha': 4.2486822725010923e-07, 'reg_lambda': 1.157247767047042e-07}. Best is trial 1 with value: 0.028248773842807072.
[I 2026-06-01 14:58:19,459] Trial 2 finished with value: -2.025534669978198 and parameters: {'confidence_threshold': 0.5849570384370288, 'training_days': 10, 'n_estimators': 212, 'max_depth': 3, 'num_leaves': 41, 'learning_rate': 0.18452095998378365, 'subsample': 0.6001060822924371, 'colsample_bytree': 0.5673167293506167, 'min_child_samples': 37, 'reg_alpha': 5.733250064217131, 'reg_lambda': 0.5308454292595461}. Best is trial 1 with value: 0.028248773842807072.
[I 2026-06-01 14:58:19,539] Trial 3 finished with value: -0.07226605295688518 and parameters: {'confidence_threshold': 0.6868248626683718, 'training_days': 220, 'n_estimators': 134, 'max_depth': 3, 'num_leaves': 45, 'learning_rate': 0.033529007907491595, 'subsample': 0.8647277071858408, 'colsample_bytree': 0.778494116634046, 'min_child_samples': 96, 'reg_alpha': 2.409409937265785e-07, 'reg_lambda': 1.1642073478060009}. Best is trial 1 with value: 0.028248773842807072.
