[I 2026-06-01 15:01:57,355] Trial 11 finished with value: 0.05150680973688382 and parameters: {'confidence_threshold': 0.5077463503498806, 'training_days': 440, 'n_estimators': 481, 'max_depth': 3, 'num_leaves': 34, 'learning_rate': 0.026648706335371596, 'subsample': 0.6581542700946174, 'colsample_bytree': 0.9846700359148485, 'min_child_samples': 100, 'reg_alpha': 2.5493772909886044e-07, 'reg_lambda': 1.0035776237342458e-08}. Best is trial 11 with value: 0.05150680973688382.
[I 2026-06-01 15:01:57,673] Trial 12 finished with value: 0.049656364572336464 and parameters: {'confidence_threshold': 0.5091995832515449, 'training_days': 500, 'n_estimators': 498, 'max_depth': 3, 'num_leaves': 47, 'learning_rate': 0.05809128784912797, 'subsample': 0.6772104159737814, 'colsample_bytree': 0.9737874829232072, 'min_child_samples': 100, 'reg_alpha': 2.5907884980586616e-07, 'reg_lambda': 4.772660246110662e-08}. Best is trial 11 with value: 0.05150680973688382.
[I 2026-06-01 15:01:57,951] Trial 13 finished with value: 0.0679650359370805 and parameters: {'confidence_threshold': 0.501145614105161, 'training_days': 500, 'n_estimators': 475, 'max_depth': 3, 'num_leaves': 30, 'learning_rate': 0.04317436237981049, 'subsample': 0.5024707401359401, 'colsample_bytree': 0.6564540780078124, 'min_child_samples': 95, 'reg_alpha': 7.145418468218336e-08, 'reg_lambda': 3.0523674035427045e-07}. Best is trial 13 with value: 0.0679650359370805.
[I 2026-06-01 15:01:58,259] Trial 14 finished with value: 0.08413883305181621 and parameters: {'confidence_threshold': 0.5640041722672814, 'training_days': 490, 'n_estimators': 438, 'max_depth': 3, 'num_leaves': 28, 'learning_rate': 0.037424801359461315, 'subsample': 0.5053343028983677, 'colsample_bytree': 0.6347607952757376, 'min_child_samples': 84, 'reg_alpha': 1.0008979480392905e-08, 'reg_lambda': 6.661163025111386e-07}. Best is trial 14 with value: 0.08413883305181621.
[I 2026-06-01 15:01:58,562] Trial 15 finished with value: 0.05653305445188981 and parameters: {'confidence_threshold': 0.5643868751293313, 'training_days': 400, 'n_estimators': 432, 'max_depth': 4, 'num_leaves': 25, 'learning_rate': 0.04105644440971873, 'subsample': 0.507007918467014, 'colsample_bytree': 0.620752560525207, 'min_child_samples': 83, 'reg_alpha': 1.1000143842432222e-08, 'reg_lambda': 7.350092347663033e-07}. Best is trial 14 with value: 0.08413883305181621.
[I 2026-06-01 15:01:58,731] Trial 16 finished with value: 0.0890833074792167 and parameters: {'confidence_threshold': 0.6708968705265699, 'training_days': 380, 'n_estimators': 279, 'max_depth': 3, 'num_leaves': 15, 'learning_rate': 0.011618707686079076, 'subsample': 0.5004345999182799, 'colsample_bytree': 0.5092292594919029, 'min_child_samples': 84, 'reg_alpha': 4.116092974929493e-07, 'reg_lambda': 6.616449178516178e-07}. Best is trial 16 with value: 0.0890833074792167.
[I 2026-06-01 15:01:58,904] Trial 17 finished with value: 0.17693788317478226 and parameters: {'confidence_threshold': 0.6825760317001965, 'training_days': 370, 'n_estimators': 263, 'max_depth': 3, 'num_leaves': 15, 'learning_rate': 0.01024229137840119, 'subsample': 0.5798718144131003, 'colsample_bytree': 0.5165778089328775, 'min_child_samples': 52, 'reg_alpha': 1.6798262914072523e-06, 'reg_lambda': 0.0009356191823837366}. Best is trial 17 with value: 0.17693788317478226.
[I 2026-06-01 15:01:59,332] A new study created in memory with name: no-name-183fa7fa-6cae-4b12-984f-661996022479
[I 2026-06-01 15:01:59,535] Trial 0 finished with value: -0.030316881385045263 and parameters: {'confidence_threshold': 0.5870645682749857, 'training_days': 90, 'n_estimators': 403, 'max_depth': 5, 'num_leaves': 45, 'learning_rate': 0.0780457193679974, 'subsample': 0.9428509515574568, 'colsample_bytree': 0.8795587339164916, 'min_child_samples': 34, 'reg_alpha': 2.2465901234314442e-07, 'reg_lambda': 8.339007036475363e-05}. Best is trial 0 with value: -0.030316881385045263.
[I 2026-06-01 15:01:59,653] Trial 1 finished with value: -0.00011673777131150364 and parameters: {'confidence_threshold': 0.6348453934275313, 'training_days': 290, 'n_estimators': 115, 'max_depth': 5, 'num_leaves': 37, 'learning_rate': 0.06949568759029946, 'subsample': 0.8228505074024268, 'colsample_bytree': 0.8616703220431751, 'min_child_samples': 75, 'reg_alpha': 4.2486822725010923e-07, 'reg_lambda': 1.157247767047042e-07}. Best is trial 1 with value: -0.00011673777131150364.
[I 2026-06-01 15:01:59,674] Trial 2 finished with value: -2.006725651356681 and parameters: {'confidence_threshold': 0.5849570384370288, 'training_days': 10, 'n_estimators': 212, 'max_depth': 3, 'num_leaves': 41, 'learning_rate': 0.18452095998378365, 'subsample': 0.6001060822924371, 'colsample_bytree': 0.5673167293506167, 'min_child_samples': 37, 'reg_alpha': 5.733250064217131, 'reg_lambda': 0.5308454292595461}. Best is trial 1 with value: -0.00011673777131150364.
[I 2026-06-01 15:01:59,753] Trial 3 finished with value: 0.00807358761234186 and parameters: {'confidence_threshold': 0.6868248626683718, 'training_days': 220, 'n_estimators': 134, 'max_depth': 3, 'num_leaves': 45, 'learning_rate': 0.033529007907491595, 'subsample': 0.8647277071858408, 'colsample_bytree': 0.778494116634046, 'min_child_samples': 96, 'reg_alpha': 2.409409937265785e-07, 'reg_lambda': 1.1642073478060009}. Best is trial 3 with value: 0.00807358761234186.
[I 2026-06-01 15:01:59,835] Trial 4 finished with value: -0.012323671207637287 and parameters: {'confidence_threshold': 0.5623121348350352, 'training_days': 300, 'n_estimators': 69, 'max_depth': 4, 'num_leaves': 32, 'learning_rate': 0.14967629360700346, 'subsample': 0.5054535233636654, 'colsample_bytree': 0.7401385194659216, 'min_child_samples': 27, 'reg_alpha': 1.4212042567426725e-07, 'reg_lambda': 0.23605753701352003}. Best is trial 3 with value: 0.00807358761234186.
[I 2026-06-01 15:02:00,326] Trial 5 finished with value: 0.076659704054602 and parameters: {'confidence_threshold': 0.7111850244908446, 'training_days': 490, 'n_estimators': 362, 'max_depth': 5, 'num_leaves': 40, 'learning_rate': 0.05960785724162737, 'subsample': 0.5589714368907717, 'colsample_bytree': 0.6659006943232806, 'min_child_samples': 42, 'reg_alpha': 0.6741360303045295, 'reg_lambda': 6.054601607143087e-08}. Best is trial 5 with value: 0.076659704054602.
[I 2026-06-01 15:02:00,509] Trial 6 finished with value: 0.0926610562394359 and parameters: {'confidence_threshold': 0.667482545748023, 'training_days': 420, 'n_estimators': 279, 'max_depth': 3, 'num_leaves': 45, 'learning_rate': 0.040099592560849204, 'subsample': 0.8563114696415159, 'colsample_bytree': 0.5442917781944105, 'min_child_samples': 50, 'reg_alpha': 1.6407916423707903e-08, 'reg_lambda': 2.935907642973286e-05}. Best is trial 6 with value: 0.0926610562394359.

    [trial 6] Sharpe=0.0357 (folds: -0.0586, -0.0543, 0.3059, -0.0336, 0.0188)
    [trial 7] 47 features, training_days=180 | threshold=0.526 | labels: 1211 long, 960 short (56/44%)
    [trial 7] Sharpe=0.0017 (folds: -0.0241, 0.0840, 0.0806, -0.0569, -0.0752)
    [trial 8] 47 features, training_days=240 | threshold=0.811 | labels: 1211 long, 960 short (56/44%)
    [trial 8] Sharpe=0.0521 (folds: 0.0571, 0.0968, 0.0968, -0.0890, 0.0986)
    [trial 9] 47 features, training_days=20 | threshold=0.538 | labels: 1211 long, 960 short (56/44%)
    [trial 9] Sharpe=-2.0293 (folds: -10.0000, -0.4769, 0.1943, -0.0485, 0.1846)
    [trial 10] 47 features, training_days=350 | threshold=0.694 | labels: 1211 long, 960 short (56/44%)
    [trial 10] Sharpe=0.0255 (folds: -0.0118, 0.0161, 0.2910, -0.0825, -0.0855)
    [trial 11] 47 features, training_days=490 | threshold=0.714 | labels: 1211 long, 960 short (56/44%)
    [trial 11] Sharpe=0.0520 (folds: -0.0751, 0.1500, 0.2134, -0.0613, 0.0332)
    [trial 12] 47 features, training_days=480 | threshold=0.737 | labels: 1211 long, 960 short (56/44%)
    [trial 12] Sharpe=0.0867 (folds: -0.0554, 0.1616, 0.2279, -0.0485, 0.1479)
    [trial 13] 47 features, training_days=410 | threshold=0.756 | labels: 1211 long, 960 short (56/44%)
    [trial 13] Sharpe=0.0599 (folds: -0.0402, 0.1411, 0.2561, -0.0420, -0.0154)
    [trial 14] 47 features, training_days=330 | threshold=0.639 | labels: 1211 long, 960 short (56/44%)
    [trial 14] Sharpe=0.0274 (folds: -0.0720, 0.1664, 0.1931, -0.0682, -0.0822)
    [trial 15] 47 features, training_days=500 | threshold=0.756 | labels: 1211 long, 960 short (56/44%)
    [trial 15] Sharpe=0.2061 (folds: 0.1995, 0.0710, 0.4266, 0.0277, 0.3054)
    [trial 16] 47 features, training_days=270 | threshold=0.762 | labels: 1211 long, 960 short (56/44%)
    [trial 16] Sharpe=-0.0261 (folds: -0.0126, 0.1269, 0.0927, -0.0094, -0.3284)
    [trial 17] 47 features, training_days=430 | threshold=0.742 | labels: 1211 long, 960 short (56/44%)
    [trial 17] Sharpe=0.2478 (folds: 0.2502, 0.1050, 0.3594, 0.1593, 0.3653)
  Optuna: 18 trials, best Sharpe = 0.2478
  Best params: n_estimators=216, max_depth=4, lr=0.0104, leaves=63
  Best confidence_threshold: 0.742
  Best training_days: 430
  Retrained on full data (1290 samples, 47 features)
  [ensemble 2/3] seed=123
    [trial 0] 47 features, training_days=150 | threshold=0.744 | labels: 1211 long, 960 short (56/44%)
    [CV fold 0] train_end=2023-04-25 08:00 | val_start=2023-05-03 00:00 | gap=184h (22 rows)
    [CV fold 1] train_end=2023-08-23 16:00 | val_start=2023-08-31 08:00 | gap=184h (22 rows)
    [CV fold 2] train_end=2023-12-22 00:00 | val_start=2023-12-29 16:00 | gap=184h (22 rows)
    [CV fold 3] train_end=2024-04-20 08:00 | val_start=2024-04-28 00:00 | gap=184h (22 rows)
    [CV fold 4] train_end=2024-08-18 16:00 | val_start=2024-08-26 08:00 | gap=184h (22 rows)
    [trial 0] Sharpe=-0.0667 (folds: 0.0066, -0.1505, 0.0915, -0.1266, -0.1543)
    [trial 1] 47 features, training_days=220 | threshold=0.755 | labels: 1211 long, 960 short (56/44%)
    [trial 1] Sharpe=-1.9141 (folds: 0.3322, -0.3977, 0.3758, 0.1190, -10.0000)
    [trial 2] 47 features, training_days=310 | threshold=0.754 | labels: 1211 long, 960 short (56/44%)
    [trial 2] Sharpe=0.0403 (folds: 0.0033, 0.1110, 0.3833, -0.0985, -0.1977)
    [trial 3] 47 features, training_days=220 | threshold=0.673 | labels: 1211 long, 960 short (56/44%)
    [trial 3] Sharpe=-0.0007 (folds: 0.0003, 0.0671, 0.1047, -0.0477, -0.1276)
    [trial 4] 47 features, training_days=130 | threshold=0.803 | labels: 1211 long, 960 short (56/44%)
    [trial 4] Sharpe=-0.0314 (folds: -0.0132, -0.1763, 0.2080, -0.2471, 0.0718)
    [trial 5] 47 features, training_days=210 | threshold=0.606 | labels: 1211 long, 960 short (56/44%)
    [trial 5] Sharpe=-0.0719 (folds: -0.0781, 0.0508, -0.0714, -0.0236, -0.2372)
    [trial 6] 47 features, training_days=130 | threshold=0.767 | labels: 1211 long, 960 short (56/44%)
    [trial 6] Sharpe=-0.0746 (folds: -0.0581, -0.3645, 0.1918, -0.1145, -0.0275)
    [trial 7] 47 features, training_days=80 | threshold=0.556 | labels: 1211 long, 960 short (56/44%)
    [trial 7] Sharpe=0.0474 (folds: -0.0309, 0.0250, 0.2634, -0.0010, -0.0193)
    [trial 8] 47 features, training_days=200 | threshold=0.607 | labels: 1211 long, 960 short (56/44%)
    [trial 8] Sharpe=-0.0531 (folds: -0.0397, -0.0216, 0.0880, -0.0473, -0.2448)
    [trial 9] 47 features, training_days=260 | threshold=0.620 | labels: 1211 long, 960 short (56/44%)
    [trial 9] Sharpe=-0.0064 (folds: -0.0234, 0.1037, 0.1012, -0.0445, -0.1688)
    [trial 10] 47 features, training_days=10 | threshold=0.525 | labels: 1211 long, 960 short (56/44%)
    [trial 10] Sharpe=-0.0164 (folds: 0.0218, 0.3086, -0.0426, -0.0485, -0.3214)
    [trial 11] 47 features, training_days=440 | threshold=0.508 | labels: 1211 long, 960 short (56/44%)
    [trial 11] Sharpe=0.0515 (folds: -0.0415, 0.0935, 0.2873, -0.0128, -0.0689)
    [trial 12] 47 features, training_days=500 | threshold=0.509 | labels: 1211 long, 960 short (56/44%)
    [trial 12] Sharpe=0.0497 (folds: -0.0364, 0.0736, 0.2644, -0.0349, -0.0185)
    [trial 13] 47 features, training_days=500 | threshold=0.501 | labels: 1211 long, 960 short (56/44%)
    [trial 13] Sharpe=0.0680 (folds: -0.0328, 0.0802, 0.2725, -0.0157, 0.0357)
    [trial 14] 47 features, training_days=490 | threshold=0.564 | labels: 1211 long, 960 short (56/44%)
    [trial 14] Sharpe=0.0841 (folds: -0.0408, 0.1052, 0.3171, -0.0480, 0.0871)
    [trial 15] 47 features, training_days=400 | threshold=0.564 | labels: 1211 long, 960 short (56/44%)
    [trial 15] Sharpe=0.0565 (folds: -0.0483, 0.1458, 0.2723, -0.0386, -0.0485)
    [trial 16] 47 features, training_days=380 | threshold=0.671 | labels: 1211 long, 960 short (56/44%)
    [trial 16] Sharpe=0.0891 (folds: 0.0861, 0.0146, 0.3625, -0.0594, 0.0417)
    [trial 17] 47 features, training_days=370 | threshold=0.683 | labels: 1211 long, 960 short (56/44%)
    [trial 17] Sharpe=0.1769 (folds: 0.2253, 0.1150, 0.3884, -0.0804, 0.2364)
  Optuna: 18 trials, best Sharpe = 0.1769
  Best params: n_estimators=263, max_depth=3, lr=0.0102, leaves=15
  Best confidence_threshold: 0.683
  Best training_days: 370
  Retrained on full data (1110 samples, 47 features)
  [ensemble 3/3] seed=456
    [trial 0] 47 features, training_days=90 | threshold=0.587 | labels: 1211 long, 960 short (56/44%)
    [CV fold 0] train_end=2023-04-25 08:00 | val_start=2023-05-03 00:00 | gap=184h (22 rows)
    [CV fold 1] train_end=2023-08-23 16:00 | val_start=2023-08-31 08:00 | gap=184h (22 rows)
    [CV fold 2] train_end=2023-12-22 00:00 | val_start=2023-12-29 16:00 | gap=184h (22 rows)
    [CV fold 3] train_end=2024-04-20 08:00 | val_start=2024-04-28 00:00 | gap=184h (22 rows)
    [CV fold 4] train_end=2024-08-18 16:00 | val_start=2024-08-26 08:00 | gap=184h (22 rows)
    [trial 0] Sharpe=-0.0303 (folds: -0.0058, -0.2138, 0.1743, -0.0971, -0.0092)
    [trial 1] 47 features, training_days=290 | threshold=0.635 | labels: 1211 long, 960 short (56/44%)
    [trial 1] Sharpe=-0.0001 (folds: -0.0137, 0.1334, 0.1386, -0.0399, -0.2190)
    [trial 2] 47 features, training_days=10 | threshold=0.585 | labels: 1211 long, 960 short (56/44%)
    [trial 2] Sharpe=-2.0067 (folds: 0.0218, 0.3086, -0.0426, -10.0000, -0.3214)
    [trial 3] 47 features, training_days=220 | threshold=0.687 | labels: 1211 long, 960 short (56/44%)
    [trial 3] Sharpe=0.0081 (folds: 0.0154, 0.1421, 0.0381, 0.0148, -0.1700)
    [trial 4] 47 features, training_days=300 | threshold=0.562 | labels: 1211 long, 960 short (56/44%)
    [trial 4] Sharpe=-0.0123 (folds: -0.0665, 0.0952, 0.1985, -0.0329, -0.2558)
    [trial 5] 47 features, training_days=490 | threshold=0.711 | labels: 1211 long, 960 short (56/44%)
    [trial 5] Sharpe=0.0767 (folds: -0.0410, 0.1423, 0.2651, -0.0509, 0.0678)
    [trial 6] 47 features, training_days=420 | threshold=0.667 | labels: 1211 long, 960 short (56/44%)
    [trial 6] Sharpe=0.0927 (folds: 0.0165, 0.1708, 0.3326, -0.0629, 0.0062)
    [trial 7] 47 features, training_days=120 | threshold=0.550 | labels: 1211 long, 960 short (56/44%)
    [trial 7] Sharpe=-0.0505 (folds: -0.1217, -0.1693, 0.1676, -0.1529, 0.0239)[I 2026-06-01 15:02:00,684] Trial 7 finished with value: -0.05050352762752053 and parameters: {'confidence_threshold': 0.5497381024139926, 'training_days': 120, 'n_estimators': 408, 'max_depth': 5, 'num_leaves': 38, 'learning_rate': 0.28049122657745795, 'subsample': 0.8806573338635493, 'colsample_bytree': 0.5454054113547102, 'min_child_samples': 63, 'reg_alpha': 0.01263008637940408, 'reg_lambda': 0.04588020805366937}. Best is trial 6 with value: 0.0926610562394359.
[I 2026-06-01 15:02:00,968] Trial 8 finished with value: 0.07957269560054223 and parameters: {'confidence_threshold': 0.719644804808716, 'training_days': 450, 'n_estimators': 410, 'max_depth': 4, 'num_leaves': 57, 'learning_rate': 0.04022026551478857, 'subsample': 0.5336085426932707, 'colsample_bytree': 0.5705742850577543, 'min_child_samples': 100, 'reg_alpha': 5.916398047912201e-07, 'reg_lambda': 0.9794034214488329}. Best is trial 6 with value: 0.0926610562394359.
[I 2026-06-01 15:02:00,991] Trial 9 finished with value: -10.0 and parameters: {'confidence_threshold': 0.7267463643917187, 'training_days': 20, 'n_estimators': 337, 'max_depth': 5, 'num_leaves': 23, 'learning_rate': 0.022153031811454605, 'subsample': 0.6305627572358737, 'colsample_bytree': 0.6613413774216214, 'min_child_samples': 81, 'reg_alpha': 5.7638634029410314e-08, 'reg_lambda': 8.26603016764008}. Best is trial 6 with value: 0.0926610562394359.
[I 2026-06-01 15:02:01,187] Trial 10 finished with value: -3.949802090444242 and parameters: {'confidence_threshold': 0.8283920119574972, 'training_days': 400, 'n_estimators': 240, 'max_depth': 3, 'num_leaves': 62, 'learning_rate': 0.011921022686883517, 'subsample': 0.7130289643560688, 'colsample_bytree': 0.9944479338273263, 'min_child_samples': 54, 'reg_alpha': 6.837313901272251e-05, 'reg_lambda': 2.741063772648371e-05}. Best is trial 6 with value: 0.0926610562394359.
[I 2026-06-01 15:02:01,500] Trial 11 finished with value: 0.09529501543092458 and parameters: {'confidence_threshold': 0.7828153509856824, 'training_days': 500, 'n_estimators': 478, 'max_depth': 4, 'num_leaves': 58, 'learning_rate': 0.03003469823170691, 'subsample': 0.7390439957698561, 'colsample_bytree': 0.5017024210185925, 'min_child_samples': 100, 'reg_alpha': 2.3530491583503867e-05, 'reg_lambda': 0.00647465266809438}. Best is trial 11 with value: 0.09529501543092458.
[I 2026-06-01 15:02:01,851] Trial 12 finished with value: 0.04958812784448096 and parameters: {'confidence_threshold': 0.8008961038526314, 'training_days': 380, 'n_estimators': 490, 'max_depth': 4, 'num_leaves': 54, 'learning_rate': 0.01924681962976845, 'subsample': 0.7462116519928502, 'colsample_bytree': 0.5170921355329543, 'min_child_samples': 55, 'reg_alpha': 5.113460481149383e-05, 'reg_lambda': 0.0022105109201275095}. Best is trial 11 with value: 0.09529501543092458.
[I 2026-06-01 15:02:02,213] Trial 13 finished with value: 0.10109712211272773 and parameters: {'confidence_threshold': 0.782542806393245, 'training_days': 490, 'n_estimators': 495, 'max_depth': 4, 'num_leaves': 52, 'learning_rate': 0.025928125322233722, 'subsample': 0.6839582956103335, 'colsample_bytree': 0.633238312765511, 'min_child_samples': 71, 'reg_alpha': 0.004095579254661435, 'reg_lambda': 5.278300632698407e-06}. Best is trial 13 with value: 0.10109712211272773.
[I 2026-06-01 15:02:02,548] Trial 14 finished with value: 0.11043917172799773 and parameters: {'confidence_threshold': 0.7723320301796328, 'training_days': 350, 'n_estimators': 500, 'max_depth': 4, 'num_leaves': 53, 'learning_rate': 0.011943655285804535, 'subsample': 0.6776505255398512, 'colsample_bytree': 0.6261659668164905, 'min_child_samples': 85, 'reg_alpha': 0.004830946648194, 'reg_lambda': 1.5891079514214543e-06}. Best is trial 14 with value: 0.11043917172799773.
[I 2026-06-01 15:02:02,834] Trial 15 finished with value: 0.08576361712160444 and parameters: {'confidence_threshold': 0.7646367553398162, 'training_days': 220, 'n_estimators': 488, 'max_depth': 4, 'num_leaves': 52, 'learning_rate': 0.010001717319919778, 'subsample': 0.6607522975115172, 'colsample_bytree': 0.6498508151317371, 'min_child_samples': 81, 'reg_alpha': 0.005812948331094073, 'reg_lambda': 1.4302966745475525e-06}. Best is trial 14 with value: 0.11043917172799773.
[I 2026-06-01 15:02:03,080] Trial 16 finished with value: 0.2131323045578532 and parameters: {'confidence_threshold': 0.8496557410235129, 'training_days': 350, 'n_estimators': 317, 'max_depth': 4, 'num_leaves': 50, 'learning_rate': 0.01602330805735631, 'subsample': 0.6678423278381287, 'colsample_bytree': 0.6195589117952865, 'min_child_samples': 69, 'reg_alpha': 0.007153426444472715, 'reg_lambda': 1.2476275374255256e-06}. Best is trial 16 with value: 0.2131323045578532.
[I 2026-06-01 15:02:03,310] Trial 17 finished with value: 0.09134626863615523 and parameters: {'confidence_threshold': 0.8453703762141652, 'training_days': 330, 'n_estimators': 303, 'max_depth': 4, 'num_leaves': 18, 'learning_rate': 0.016116277553860785, 'subsample': 0.7979056588466649, 'colsample_bytree': 0.7164992580363091, 'min_child_samples': 89, 'reg_alpha': 0.09277935534509696, 'reg_lambda': 9.213392790584903e-07}. Best is trial 16 with value: 0.2131323045578532.
[I 2026-06-01 15:02:04,040] A new study created in memory with name: no-name-63f3125e-f7c2-494d-9c64-516c6a0f1761
[I 2026-06-01 15:02:04,350] Trial 0 finished with value: 0.08761841653274167 and parameters: {'confidence_threshold': 0.6310890415965769, 'training_days': 480, 'n_estimators': 380, 'max_depth': 4, 'num_leaves': 22, 'learning_rate': 0.01699897838270077, 'subsample': 0.5290418060840998, 'colsample_bytree': 0.9330880728874675, 'min_child_samples': 68, 'reg_alpha': 0.023585940584142682, 'reg_lambda': 1.5320059381854043e-08}. Best is trial 0 with value: 0.08761841653274167.
[I 2026-06-01 15:02:04,472] Trial 1 finished with value: -1.787267188187732 and parameters: {'confidence_threshold': 0.839468448256698, 'training_days': 420, 'n_estimators': 145, 'max_depth': 3, 'num_leaves': 23, 'learning_rate': 0.028145092716060652, 'subsample': 0.762378215816119, 'colsample_bytree': 0.7159725093210578, 'min_child_samples': 43, 'reg_alpha': 0.0032112643094417484, 'reg_lambda': 1.8007140198129195e-07}. Best is trial 0 with value: 0.08761841653274167.
[I 2026-06-01 15:02:04,629] Trial 2 finished with value: -0.08069092505543089 and parameters: {'confidence_threshold': 0.6022506269873263, 'training_days': 190, 'n_estimators': 255, 'max_depth': 5, 'num_leaves': 24, 'learning_rate': 0.05748924681991978, 'subsample': 0.7962072844310213, 'colsample_bytree': 0.5232252063599989, 'min_child_samples': 69, 'reg_alpha': 3.425445902633376e-07, 'reg_lambda': 3.850031979199519e-08}. Best is trial 0 with value: 0.08761841653274167.
