[I 2026-06-01 14:58:58,873] Trial 16 finished with value: -0.07991209396387314 and parameters: {'confidence_threshold': 0.6708968705265699, 'training_days': 70, 'n_estimators': 279, 'max_depth': 3, 'num_leaves': 47, 'learning_rate': 0.048695947006414234, 'subsample': 0.5978012422814523, 'colsample_bytree': 0.5489148768447338, 'min_child_samples': 87, 'reg_alpha': 1.0293464429247537e-08, 'reg_lambda': 0.0019821772168074096}. Best is trial 11 with value: 0.029593578218009314.
[I 2026-06-01 14:58:58,968] Trial 17 finished with value: -0.07409133004865369 and parameters: {'confidence_threshold': 0.5785068361802342, 'training_days': 70, 'n_estimators': 441, 'max_depth': 4, 'num_leaves': 55, 'learning_rate': 0.09604505819292677, 'subsample': 0.703278528599848, 'colsample_bytree': 0.7084014884653648, 'min_child_samples': 77, 'reg_alpha': 1.4538529833946513e-06, 'reg_lambda': 3.121465650858243e-07}. Best is trial 11 with value: 0.029593578218009314.
[I 2026-06-01 14:58:59,204] A new study created in memory with name: no-name-224e182d-d196-4b1e-8cf6-985260cffd2e
[I 2026-06-01 14:58:59,405] Trial 0 finished with value: -0.04786138005079956 and parameters: {'confidence_threshold': 0.5870645682749857, 'training_days': 90, 'n_estimators': 403, 'max_depth': 5, 'num_leaves': 45, 'learning_rate': 0.0780457193679974, 'subsample': 0.9428509515574568, 'colsample_bytree': 0.8795587339164916, 'min_child_samples': 34, 'reg_alpha': 2.2465901234314442e-07, 'reg_lambda': 8.339007036475363e-05}. Best is trial 0 with value: -0.04786138005079956.
[I 2026-06-01 14:58:59,520] Trial 1 finished with value: -0.09118826469301552 and parameters: {'confidence_threshold': 0.6348453934275313, 'training_days': 290, 'n_estimators': 115, 'max_depth': 5, 'num_leaves': 37, 'learning_rate': 0.06949568759029946, 'subsample': 0.8228505074024268, 'colsample_bytree': 0.8616703220431751, 'min_child_samples': 75, 'reg_alpha': 4.2486822725010923e-07, 'reg_lambda': 1.157247767047042e-07}. Best is trial 0 with value: -0.04786138005079956.
[I 2026-06-01 14:58:59,538] Trial 2 finished with value: 0.010109762746451109 and parameters: {'confidence_threshold': 0.5849570384370288, 'training_days': 10, 'n_estimators': 212, 'max_depth': 3, 'num_leaves': 41, 'learning_rate': 0.18452095998378365, 'subsample': 0.6001060822924371, 'colsample_bytree': 0.5673167293506167, 'min_child_samples': 37, 'reg_alpha': 5.733250064217131, 'reg_lambda': 0.5308454292595461}. Best is trial 2 with value: 0.010109762746451109.
[I 2026-06-01 14:58:59,610] Trial 3 finished with value: -0.134240921786966 and parameters: {'confidence_threshold': 0.6868248626683718, 'training_days': 220, 'n_estimators': 134, 'max_depth': 3, 'num_leaves': 45, 'learning_rate': 0.033529007907491595, 'subsample': 0.8647277071858408, 'colsample_bytree': 0.778494116634046, 'min_child_samples': 96, 'reg_alpha': 2.409409937265785e-07, 'reg_lambda': 1.1642073478060009}. Best is trial 2 with value: 0.010109762746451109.
[I 2026-06-01 14:58:59,690] Trial 4 finished with value: -0.07549443487285032 and parameters: {'confidence_threshold': 0.5623121348350352, 'training_days': 300, 'n_estimators': 69, 'max_depth': 4, 'num_leaves': 32, 'learning_rate': 0.14967629360700346, 'subsample': 0.5054535233636654, 'colsample_bytree': 0.7401385194659216, 'min_child_samples': 27, 'reg_alpha': 1.4212042567426725e-07, 'reg_lambda': 0.23605753701352003}. Best is trial 2 with value: 0.010109762746451109.
[I 2026-06-01 14:59:00,132] Trial 5 finished with value: -0.10327439725235657 and parameters: {'confidence_threshold': 0.7111850244908446, 'training_days': 490, 'n_estimators': 362, 'max_depth': 5, 'num_leaves': 40, 'learning_rate': 0.05960785724162737, 'subsample': 0.5589714368907717, 'colsample_bytree': 0.6659006943232806, 'min_child_samples': 42, 'reg_alpha': 0.6741360303045295, 'reg_lambda': 6.054601607143087e-08}. Best is trial 2 with value: 0.010109762746451109.
[I 2026-06-01 14:59:00,314] Trial 6 finished with value: -0.09936714647696146 and parameters: {'confidence_threshold': 0.667482545748023, 'training_days': 420, 'n_estimators': 279, 'max_depth': 3, 'num_leaves': 45, 'learning_rate': 0.040099592560849204, 'subsample': 0.8563114696415159, 'colsample_bytree': 0.5442917781944105, 'min_child_samples': 50, 'reg_alpha': 1.6407916423707903e-08, 'reg_lambda': 2.935907642973286e-05}. Best is trial 2 with value: 0.010109762746451109.
[I 2026-06-01 14:59:00,483] Trial 7 finished with value: -0.08705904061281648 and parameters: {'confidence_threshold': 0.5497381024139926, 'training_days': 120, 'n_estimators': 408, 'max_depth': 5, 'num_leaves': 38, 'learning_rate': 0.28049122657745795, 'subsample': 0.8806573338635493, 'colsample_bytree': 0.5454054113547102, 'min_child_samples': 63, 'reg_alpha': 0.01263008637940408, 'reg_lambda': 0.04588020805366937}. Best is trial 2 with value: 0.010109762746451109.

    [trial 7] Sharpe=-0.0352 (folds: -0.1541, -0.0095, -0.0896, 0.1054, -0.0279)
    [trial 8] 47 features, training_days=240 | threshold=0.811 | labels: 1033 long, 1135 short (48/52%)
    [trial 8] Sharpe=-0.1417 (folds: -0.2579, -0.0488, 0.0329, -0.1825, -0.2522)
    [trial 9] 47 features, training_days=20 | threshold=0.538 | labels: 1033 long, 1135 short (48/52%)
    [trial 9] Sharpe=-1.9601 (folds: -0.0209, -10.0000, -0.0286, 0.2305, 0.0186)
    [trial 10] 47 features, training_days=350 | threshold=0.738 | labels: 1033 long, 1135 short (48/52%)
    [trial 10] Sharpe=-0.1333 (folds: -0.2097, 0.0626, -0.1603, -0.0911, -0.2679)
    [trial 11] 47 features, training_days=150 | threshold=0.503 | labels: 1033 long, 1135 short (48/52%)
    [trial 11] Sharpe=-0.0350 (folds: -0.0216, -0.1156, -0.0633, 0.1083, -0.0825)
    [trial 12] 47 features, training_days=140 | threshold=0.507 | labels: 1033 long, 1135 short (48/52%)
    [trial 12] Sharpe=-0.1174 (folds: 0.1116, -0.1170, -0.3832, -0.0213, -0.1773)
    [trial 13] 47 features, training_days=320 | threshold=0.694 | labels: 1033 long, 1135 short (48/52%)
    [trial 13] Sharpe=-0.1344 (folds: -0.2022, -0.0438, -0.1457, -0.0583, -0.2219)
    [trial 14] 47 features, training_days=100 | threshold=0.566 | labels: 1033 long, 1135 short (48/52%)
    [trial 14] Sharpe=0.0278 (folds: 0.0871, -0.2532, -0.0569, 0.0710, 0.2910)
    [trial 15] 47 features, training_days=100 | threshold=0.570 | labels: 1033 long, 1135 short (48/52%)
    [trial 15] Sharpe=0.0032 (folds: 0.0956, -0.1761, -0.0377, 0.0275, 0.1068)
    [trial 16] 47 features, training_days=60 | threshold=0.666 | labels: 1033 long, 1135 short (48/52%)
    [trial 16] Sharpe=-10.0000 (folds: -10.0000, -10.0000, -10.0000, -10.0000, -10.0000)
    [trial 17] 47 features, training_days=100 | threshold=0.578 | labels: 1033 long, 1135 short (48/52%)
    [trial 17] Sharpe=0.0511 (folds: 0.0239, -0.0861, -0.0569, 0.0710, 0.3036)
  Optuna: 18 trials, best Sharpe = 0.0511
  Best params: n_estimators=157, max_depth=4, lr=0.0104, leaves=44
  Best confidence_threshold: 0.578
  Best training_days: 100
  Retrained on full data (300 samples, 47 features)
  [ensemble 2/3] seed=123
    [trial 0] 47 features, training_days=150 | threshold=0.744 | labels: 1033 long, 1135 short (48/52%)
    [CV fold 0] train_end=2021-12-23 08:00 | val_start=2021-12-31 00:00 | gap=184h (22 rows)
    [CV fold 1] train_end=2022-04-22 16:00 | val_start=2022-04-30 08:00 | gap=184h (22 rows)
    [CV fold 2] train_end=2022-08-21 00:00 | val_start=2022-08-28 16:00 | gap=184h (22 rows)
    [CV fold 3] train_end=2022-12-19 08:00 | val_start=2022-12-27 00:00 | gap=184h (22 rows)
    [CV fold 4] train_end=2023-04-18 16:00 | val_start=2023-04-26 08:00 | gap=184h (22 rows)
    [trial 0] Sharpe=-0.0527 (folds: -0.1998, -0.0979, -0.1150, 0.0845, 0.0648)
    [trial 1] 47 features, training_days=220 | threshold=0.755 | labels: 1033 long, 1135 short (48/52%)
    [trial 1] Sharpe=-4.1266 (folds: -10.0000, -0.0366, -0.1563, -0.4403, -10.0000)
    [trial 2] 47 features, training_days=310 | threshold=0.754 | labels: 1033 long, 1135 short (48/52%)
    [trial 2] Sharpe=-0.1054 (folds: -0.1764, -0.0428, -0.0607, 0.0247, -0.2715)
    [trial 3] 47 features, training_days=220 | threshold=0.673 | labels: 1033 long, 1135 short (48/52%)
    [trial 3] Sharpe=-0.0617 (folds: -0.0592, 0.0048, -0.1887, 0.0231, -0.0885)
    [trial 4] 47 features, training_days=130 | threshold=0.803 | labels: 1033 long, 1135 short (48/52%)
    [trial 4] Sharpe=-0.1115 (folds: -0.1578, -0.0922, -0.1920, -0.1489, 0.0334)
    [trial 5] 47 features, training_days=210 | threshold=0.606 | labels: 1033 long, 1135 short (48/52%)
    [trial 5] Sharpe=-0.1056 (folds: -0.1720, -0.0612, -0.1144, -0.0543, -0.1263)
    [trial 6] 47 features, training_days=130 | threshold=0.767 | labels: 1033 long, 1135 short (48/52%)
    [trial 6] Sharpe=-0.0864 (folds: -0.1176, -0.1470, -0.1561, -0.0221, 0.0109)
    [trial 7] 47 features, training_days=80 | threshold=0.556 | labels: 1033 long, 1135 short (48/52%)
    [trial 7] Sharpe=-0.0345 (folds: -0.1320, 0.0256, 0.0568, -0.0513, -0.0715)
    [trial 8] 47 features, training_days=200 | threshold=0.607 | labels: 1033 long, 1135 short (48/52%)
    [trial 8] Sharpe=-0.0279 (folds: -0.1106, 0.1072, -0.1044, -0.0361, 0.0042)
    [trial 9] 47 features, training_days=260 | threshold=0.620 | labels: 1033 long, 1135 short (48/52%)
    [trial 9] Sharpe=-0.1070 (folds: -0.1819, -0.0163, -0.1249, -0.0219, -0.1897)
    [trial 10] 47 features, training_days=470 | threshold=0.534 | labels: 1033 long, 1135 short (48/52%)
    [trial 10] Sharpe=-0.0832 (folds: -0.1718, 0.0372, -0.1093, 0.0438, -0.2160)
    [trial 11] 47 features, training_days=30 | threshold=0.513 | labels: 1033 long, 1135 short (48/52%)
    [trial 11] Sharpe=0.0296 (folds: 0.0435, 0.1512, -0.0286, 0.2305, -0.2486)
    [trial 12] 47 features, training_days=20 | threshold=0.510 | labels: 1033 long, 1135 short (48/52%)
    [trial 12] Sharpe=0.0049 (folds: -0.0209, -0.1750, -0.0286, 0.2305, 0.0186)
    [trial 13] 47 features, training_days=10 | threshold=0.502 | labels: 1033 long, 1135 short (48/52%)
    [trial 13] Sharpe=0.0101 (folds: 0.0435, 0.1512, -0.0286, -0.1341, 0.0186)
    [trial 14] 47 features, training_days=20 | threshold=0.564 | labels: 1033 long, 1135 short (48/52%)
    [trial 14] Sharpe=-1.9601 (folds: -0.0209, -10.0000, -0.0286, 0.2305, 0.0186)
    [trial 15] 47 features, training_days=340 | threshold=0.503 | labels: 1033 long, 1135 short (48/52%)
    [trial 15] Sharpe=-0.1019 (folds: -0.0973, -0.0720, -0.1057, -0.0156, -0.2189)
    [trial 16] 47 features, training_days=70 | threshold=0.671 | labels: 1033 long, 1135 short (48/52%)
    [trial 16] Sharpe=-0.0799 (folds: -0.2148, -0.0608, -0.0699, -0.1420, 0.0880)
    [trial 17] 47 features, training_days=70 | threshold=0.579 | labels: 1033 long, 1135 short (48/52%)
    [trial 17] Sharpe=-0.0741 (folds: -0.1921, 0.0336, -0.1112, -0.0827, -0.0181)
  Optuna: 18 trials, best Sharpe = 0.0296
  Best params: n_estimators=478, max_depth=3, lr=0.1220, leaves=48
  Best confidence_threshold: 0.513
  Best training_days: 30
  Retrained on full data (90 samples, 47 features)
  [ensemble 3/3] seed=456
    [trial 0] 47 features, training_days=90 | threshold=0.587 | labels: 1033 long, 1135 short (48/52%)
    [CV fold 0] train_end=2021-12-23 08:00 | val_start=2021-12-31 00:00 | gap=184h (22 rows)
    [CV fold 1] train_end=2022-04-22 16:00 | val_start=2022-04-30 08:00 | gap=184h (22 rows)
    [CV fold 2] train_end=2022-08-21 00:00 | val_start=2022-08-28 16:00 | gap=184h (22 rows)
    [CV fold 3] train_end=2022-12-19 08:00 | val_start=2022-12-27 00:00 | gap=184h (22 rows)
    [CV fold 4] train_end=2023-04-18 16:00 | val_start=2023-04-26 08:00 | gap=184h (22 rows)
    [trial 0] Sharpe=-0.0479 (folds: -0.0453, -0.0082, 0.0058, -0.0114, -0.1802)
    [trial 1] 47 features, training_days=290 | threshold=0.635 | labels: 1033 long, 1135 short (48/52%)
    [trial 1] Sharpe=-0.0912 (folds: -0.2577, -0.0025, -0.0878, 0.0269, -0.1347)
    [trial 2] 47 features, training_days=10 | threshold=0.585 | labels: 1033 long, 1135 short (48/52%)
    [trial 2] Sharpe=0.0101 (folds: 0.0435, 0.1512, -0.0286, -0.1341, 0.0186)
    [trial 3] 47 features, training_days=220 | threshold=0.687 | labels: 1033 long, 1135 short (48/52%)
    [trial 3] Sharpe=-0.1342 (folds: -0.2198, -0.0796, -0.1997, -0.1451, -0.0271)
    [trial 4] 47 features, training_days=300 | threshold=0.562 | labels: 1033 long, 1135 short (48/52%)
    [trial 4] Sharpe=-0.0755 (folds: -0.0611, -0.1046, -0.0916, 0.0827, -0.2028)
    [trial 5] 47 features, training_days=490 | threshold=0.711 | labels: 1033 long, 1135 short (48/52%)
    [trial 5] Sharpe=-0.1033 (folds: -0.1511, -0.0192, -0.2336, 0.0407, -0.1532)
    [trial 6] 47 features, training_days=420 | threshold=0.667 | labels: 1033 long, 1135 short (48/52%)
    [trial 6] Sharpe=-0.0994 (folds: -0.2234, 0.0256, -0.1546, 0.0346, -0.1790)
    [trial 7] 47 features, training_days=120 | threshold=0.550 | labels: 1033 long, 1135 short (48/52%)
    [trial 7] Sharpe=-0.0871 (folds: -0.0441, 0.0245, -0.1997, -0.0952, -0.1209)
    [trial 8] 47 features, training_days=450 | threshold=0.720 | labels: 1033 long, 1135 short (48/52%)[I 2026-06-01 14:59:00,764] Trial 8 finished with value: -0.10581973972338207 and parameters: {'confidence_threshold': 0.719644804808716, 'training_days': 450, 'n_estimators': 410, 'max_depth': 4, 'num_leaves': 57, 'learning_rate': 0.04022026551478857, 'subsample': 0.5336085426932707, 'colsample_bytree': 0.5705742850577543, 'min_child_samples': 100, 'reg_alpha': 5.916398047912201e-07, 'reg_lambda': 0.9794034214488329}. Best is trial 2 with value: 0.010109762746451109.
[I 2026-06-01 14:59:00,791] Trial 9 finished with value: -8.005719913112108 and parameters: {'confidence_threshold': 0.7267463643917187, 'training_days': 20, 'n_estimators': 337, 'max_depth': 5, 'num_leaves': 23, 'learning_rate': 0.022153031811454605, 'subsample': 0.6305627572358737, 'colsample_bytree': 0.6613413774216214, 'min_child_samples': 81, 'reg_alpha': 5.7638634029410314e-08, 'reg_lambda': 8.26603016764008}. Best is trial 2 with value: 0.010109762746451109.
[I 2026-06-01 14:59:00,823] Trial 10 finished with value: 0.010109762746451109 and parameters: {'confidence_threshold': 0.8398533911817929, 'training_days': 10, 'n_estimators': 228, 'max_depth': 3, 'num_leaves': 15, 'learning_rate': 0.2789359567293539, 'subsample': 0.6821883053833926, 'colsample_bytree': 0.9944479338273263, 'min_child_samples': 23, 'reg_alpha': 2.903134294418681, 'reg_lambda': 0.0032849428938367974}. Best is trial 2 with value: 0.010109762746451109.
[I 2026-06-01 14:59:00,854] Trial 11 finished with value: 0.010109762746451109 and parameters: {'confidence_threshold': 0.8491135887906174, 'training_days': 10, 'n_estimators': 209, 'max_depth': 3, 'num_leaves': 15, 'learning_rate': 0.27815973382833, 'subsample': 0.6879062534938418, 'colsample_bytree': 0.9628722124262472, 'min_child_samples': 20, 'reg_alpha': 9.461112950663296, 'reg_lambda': 0.004788595467491423}. Best is trial 2 with value: 0.010109762746451109.
[I 2026-06-01 14:59:01,016] Trial 12 finished with value: -0.08444111995031686 and parameters: {'confidence_threshold': 0.83900033179092, 'training_days': 140, 'n_estimators': 219, 'max_depth': 4, 'num_leaves': 57, 'learning_rate': 0.14143539714508013, 'subsample': 0.7066421539868052, 'colsample_bytree': 0.9826583982594713, 'min_child_samples': 38, 'reg_alpha': 0.02694721219722944, 'reg_lambda': 0.002586791714474608}. Best is trial 2 with value: 0.010109762746451109.
[I 2026-06-01 14:59:01,155] Trial 13 finished with value: -0.03416007926814034 and parameters: {'confidence_threshold': 0.5040535938350955, 'training_days': 200, 'n_estimators': 219, 'max_depth': 3, 'num_leaves': 27, 'learning_rate': 0.15892994284987041, 'subsample': 0.6231621855799615, 'colsample_bytree': 0.6451068859491428, 'min_child_samples': 54, 'reg_alpha': 0.0001325242033987599, 'reg_lambda': 5.312802003286294e-06}. Best is trial 2 with value: 0.010109762746451109.
[I 2026-06-01 14:59:01,264] Trial 14 finished with value: -0.0593995276389699 and parameters: {'confidence_threshold': 0.7723320301796328, 'training_days': 70, 'n_estimators': 500, 'max_depth': 3, 'num_leaves': 17, 'learning_rate': 0.10885680991659169, 'subsample': 0.7851487748866213, 'colsample_bytree': 0.7921009662363301, 'min_child_samples': 22, 'reg_alpha': 8.082904417668777, 'reg_lambda': 0.00974234545252979}. Best is trial 2 with value: 0.010109762746451109.
[I 2026-06-01 14:59:01,379] Trial 15 finished with value: -2.3926496973341154 and parameters: {'confidence_threshold': 0.7829525506318393, 'training_days': 160, 'n_estimators': 168, 'max_depth': 3, 'num_leaves': 51, 'learning_rate': 0.010017412216024365, 'subsample': 0.6120390612600266, 'colsample_bytree': 0.502925720040233, 'min_child_samples': 34, 'reg_alpha': 0.13059613104316006, 'reg_lambda': 0.0006156141946978409}. Best is trial 2 with value: 0.010109762746451109.
[I 2026-06-01 14:59:01,661] Trial 16 finished with value: -0.1041394046791932 and parameters: {'confidence_threshold': 0.6219694252722007, 'training_days': 360, 'n_estimators': 277, 'max_depth': 4, 'num_leaves': 30, 'learning_rate': 0.22801137105963568, 'subsample': 0.6982537545716929, 'colsample_bytree': 0.9182910580304163, 'min_child_samples': 48, 'reg_alpha': 0.0002638845618184788, 'reg_lambda': 0.09115701068245131}. Best is trial 2 with value: 0.010109762746451109.
[I 2026-06-01 14:59:01,744] Trial 17 finished with value: -0.03621431759052711 and parameters: {'confidence_threshold': 0.5028255678835912, 'training_days': 70, 'n_estimators': 319, 'max_depth': 3, 'num_leaves': 22, 'learning_rate': 0.1913942156766461, 'subsample': 0.7671123975508201, 'colsample_bytree': 0.720096132447481, 'min_child_samples': 62, 'reg_alpha': 0.0032469148398323448, 'reg_lambda': 3.756010955927394}. Best is trial 2 with value: 0.010109762746451109.
[I 2026-06-01 14:59:02,250] A new study created in memory with name: no-name-3518ad35-8ff0-4c86-ada9-3eac4937fa09
[I 2026-06-01 14:59:02,573] Trial 0 finished with value: -0.14784254928014168 and parameters: {'confidence_threshold': 0.6310890415965769, 'training_days': 480, 'n_estimators': 380, 'max_depth': 4, 'num_leaves': 22, 'learning_rate': 0.01699897838270077, 'subsample': 0.5290418060840998, 'colsample_bytree': 0.9330880728874675, 'min_child_samples': 68, 'reg_alpha': 0.023585940584142682, 'reg_lambda': 1.5320059381854043e-08}. Best is trial 0 with value: -0.14784254928014168.
[I 2026-06-01 14:59:02,689] Trial 1 finished with value: -4.040715484506339 and parameters: {'confidence_threshold': 0.839468448256698, 'training_days': 420, 'n_estimators': 145, 'max_depth': 3, 'num_leaves': 23, 'learning_rate': 0.028145092716060652, 'subsample': 0.762378215816119, 'colsample_bytree': 0.7159725093210578, 'min_child_samples': 43, 'reg_alpha': 0.0032112643094417484, 'reg_lambda': 1.8007140198129195e-07}. Best is trial 0 with value: -0.14784254928014168.
[I 2026-06-01 14:59:02,841] Trial 2 finished with value: -0.08560928027141097 and parameters: {'confidence_threshold': 0.6022506269873263, 'training_days': 190, 'n_estimators': 255, 'max_depth': 5, 'num_leaves': 24, 'learning_rate': 0.05748924681991978, 'subsample': 0.7962072844310213, 'colsample_bytree': 0.5232252063599989, 'min_child_samples': 69, 'reg_alpha': 3.425445902633376e-07, 'reg_lambda': 3.850031979199519e-08}. Best is trial 2 with value: -0.08560928027141097.
[I 2026-06-01 14:59:03,119] Trial 3 finished with value: -0.12274627133328717 and parameters: {'confidence_threshold': 0.8321099380386666, 'training_days': 490, 'n_estimators': 414, 'max_depth': 3, 'num_leaves': 19, 'learning_rate': 0.1024932221692416, 'subsample': 0.7200762468698007, 'colsample_bytree': 0.5610191174223894, 'min_child_samples': 60, 'reg_alpha': 2.039373116525212e-08, 'reg_lambda': 1.527156759251193}. Best is trial 2 with value: -0.08560928027141097.
[I 2026-06-01 14:59:03,280] Trial 4 finished with value: -0.10102995860342057 and parameters: {'confidence_threshold': 0.5905729935600059, 'training_days': 340, 'n_estimators': 190, 'max_depth': 4, 'num_leaves': 41, 'learning_rate': 0.01875220945578641, 'subsample': 0.9847923138822793, 'colsample_bytree': 0.8875664116805573, 'min_child_samples': 96, 'reg_alpha': 1.1309571585271483, 'reg_lambda': 0.002404915432737351}. Best is trial 2 with value: -0.08560928027141097.
[I 2026-06-01 14:59:03,321] Trial 5 finished with value: 0.09986673883487925 and parameters: {'confidence_threshold': 0.8226559822580909, 'training_days': 50, 'n_estimators': 138, 'max_depth': 3, 'num_leaves': 30, 'learning_rate': 0.03750796359625606, 'subsample': 0.6356745158869479, 'colsample_bytree': 0.9143687545759647, 'min_child_samples': 48, 'reg_alpha': 3.376063348877853e-06, 'reg_lambda': 0.0007660634613082914}. Best is trial 5 with value: 0.09986673883487925.
[I 2026-06-01 14:59:03,428] Trial 6 finished with value: -0.0711506371585826 and parameters: {'confidence_threshold': 0.5493234787411669, 'training_days': 410, 'n_estimators': 83, 'max_depth': 5, 'num_leaves': 52, 'learning_rate': 0.019657448966046126, 'subsample': 0.5027610585618012, 'colsample_bytree': 0.9077307142274171, 'min_child_samples': 77, 'reg_alpha': 0.03639690979811287, 'reg_lambda': 0.08738424135626986}. Best is trial 5 with value: 0.09986673883487925.
[I 2026-06-01 14:59:03,537] Trial 7 finished with value: -0.02767805455389828 and parameters: {'confidence_threshold': 0.5259156281069316, 'training_days': 180, 'n_estimators': 102, 'max_depth': 5, 'num_leaves': 45, 'learning_rate': 0.030816017044468066, 'subsample': 0.5317791751430119, 'colsample_bytree': 0.6554911608578311, 'min_child_samples': 46, 'reg_alpha': 0.036851536911881845, 'reg_lambda': 0.005470376807480391}. Best is trial 5 with value: 0.09986673883487925.
