[I 2026-06-01 14:55:51,018] Trial 17 finished with value: -0.010612540352796481 and parameters: {'confidence_threshold': 0.5080881579696632, 'training_days': 360, 'n_estimators': 336, 'max_depth': 3, 'num_leaves': 51, 'learning_rate': 0.025046547936345483, 'subsample': 0.7706494198204163, 'colsample_bytree': 0.8117613818197102, 'min_child_samples': 66, 'reg_alpha': 5.4643970171710196e-06, 'reg_lambda': 0.00029296293473822895}. Best is trial 11 with value: 0.13488510045276697.

    [trial 2] Sharpe=-2.0590 (folds: -0.2105, -10.0000, -0.0633, -0.0943, 0.0730)
    [trial 3] 47 features, training_days=220 | threshold=0.687 | labels: 1237 long, 934 short (57/43%)
    [trial 3] Sharpe=-0.0513 (folds: -0.2717, -0.0815, -0.0472, 0.1828, -0.0386)
    [trial 4] 47 features, training_days=300 | threshold=0.562 | labels: 1237 long, 934 short (57/43%)
    [trial 4] Sharpe=0.0079 (folds: -0.2643, 0.1747, -0.0911, 0.1406, 0.0796)
    [trial 5] 47 features, training_days=490 | threshold=0.711 | labels: 1237 long, 934 short (57/43%)
    [trial 5] Sharpe=-0.0161 (folds: -0.1988, 0.2089, -0.2257, 0.0525, 0.0826)
    [trial 6] 47 features, training_days=420 | threshold=0.667 | labels: 1237 long, 934 short (57/43%)
    [trial 6] Sharpe=0.0023 (folds: -0.2149, 0.0572, -0.1523, 0.2285, 0.0928)
    [trial 7] 47 features, training_days=120 | threshold=0.550 | labels: 1237 long, 934 short (57/43%)
    [trial 7] Sharpe=-0.0450 (folds: -0.2694, 0.0117, -0.0159, -0.0583, 0.1070)
    [trial 8] 47 features, training_days=450 | threshold=0.720 | labels: 1237 long, 934 short (57/43%)
    [trial 8] Sharpe=-0.0326 (folds: -0.1497, 0.1147, -0.3209, 0.1071, 0.0858)
    [trial 9] 47 features, training_days=20 | threshold=0.727 | labels: 1237 long, 934 short (57/43%)
    [trial 9] Sharpe=-6.0315 (folds: -10.0000, -10.0000, -0.0633, -0.0943, -10.0000)
    [trial 10] 47 features, training_days=130 | threshold=0.840 | labels: 1237 long, 934 short (57/43%)
    [trial 10] Sharpe=0.0588 (folds: -0.2111, 0.1664, -0.0226, 0.1487, 0.2127)
    [trial 11] 47 features, training_days=140 | threshold=0.849 | labels: 1237 long, 934 short (57/43%)
    [trial 11] Sharpe=0.1349 (folds: -0.2252, 0.3592, -0.0839, 0.4214, 0.2030)
    [trial 12] 47 features, training_days=180 | threshold=0.844 | labels: 1237 long, 934 short (57/43%)
    [trial 12] Sharpe=-0.0188 (folds: -0.2553, -0.0708, -0.0667, 0.2594, 0.0395)
    [trial 13] 47 features, training_days=130 | threshold=0.849 | labels: 1237 long, 934 short (57/43%)
    [trial 13] Sharpe=0.0312 (folds: -0.2624, 0.1496, -0.0851, 0.2362, 0.1177)
    [trial 14] 47 features, training_days=190 | threshold=0.794 | labels: 1237 long, 934 short (57/43%)
    [trial 14] Sharpe=-0.0147 (folds: -0.2131, 0.0808, -0.0046, 0.1641, -0.1008)
    [trial 15] 47 features, training_days=70 | threshold=0.783 | labels: 1237 long, 934 short (57/43%)
    [trial 15] Sharpe=-0.0281 (folds: -0.0866, 0.0156, -0.0853, 0.0249, -0.0092)
    [trial 16] 47 features, training_days=250 | threshold=0.784 | labels: 1237 long, 934 short (57/43%)
    [trial 16] Sharpe=-0.0300 (folds: -0.1882, 0.0187, -0.1587, 0.1950, -0.0168)
    [trial 17] 47 features, training_days=360 | threshold=0.508 | labels: 1237 long, 934 short (57/43%)
    [trial 17] Sharpe=-0.0106 (folds: -0.2761, 0.0949, -0.1031, 0.1519, 0.0793)
  Optuna: 18 trials, best Sharpe = 0.1349
  Best params: n_estimators=478, max_depth=4, lr=0.0100, leaves=61
  Best confidence_threshold: 0.849
  Best training_days: 140
  Retrained on full data (420 samples, 47 features)
  OOD: 16 features, cutoff (q=0.7) = 8.33
  Model trained for 2022-02: 84 test candles with features, confidence_threshold=0.734
[trade:close] 2022-02-01 08:00 BTCUSDT LONG → timeout @ 38420.65 | PnL=+6.62% (net +6.52%) | cum=+13.06% 2022-02=+6.52% 2022-02-01=+6.52%
[predict] 2022-02-02 00:00 BTCUSDT → SHORT (proba=0.98 TP=9.9%/SL=5.0%)
[trade:open] 2022-02-02 07:59 BTCUSDT SHORT @ 38268.32 | SL=40169.83 TP=34465.30 | timeout=2022-02-09 07:59
[trade:close] 2022-02-04 23:59 BTCUSDT SHORT → stop_loss @ 40169.83 | PnL=-4.97% (net -5.07%) | cum=+8.00% 2022-02=+1.45% 2022-02-04=-5.07%
[predict] 2022-02-07 00:00 BTCUSDT → SHORT (proba=0.97 TP=9.5%/SL=4.8%)
[trade:open] 2022-02-07 07:59 BTCUSDT SHORT @ 42712.80 | SL=44750.59 TP=38637.22 | timeout=2022-02-14 07:59
[trade:close] 2022-02-08 07:59 BTCUSDT SHORT → stop_loss @ 44750.59 | PnL=-4.77% (net -4.87%) | cum=+3.12% 2022-02=-3.42% 2022-02-08=-4.87%
[predict] 2022-02-09 00:00 BTCUSDT → SHORT (proba=0.79 TP=11.0%/SL=5.5%)
[trade:open] 2022-02-09 07:59 BTCUSDT SHORT @ 43798.90 | SL=46202.07 TP=38992.56 | timeout=2022-02-16 07:59
[trade:close] 2022-02-16 08:00 BTCUSDT SHORT → timeout @ 44165.60 | PnL=-0.84% (net -0.94%) | cum=+2.19% 2022-02=-4.36% 2022-02-16=-0.94%
[predict] 2022-02-17 00:00 BTCUSDT → SHORT (proba=0.92 TP=8.4%/SL=4.2%)
[trade:open] 2022-02-17 07:59 BTCUSDT SHORT @ 43902.40 | SL=45749.87 TP=40207.46 | timeout=2022-02-24 07:59
[trade:close] 2022-02-17 23:59 BTCUSDT SHORT → take_profit @ 40207.46 | PnL=+8.42% (net +8.32%) | cum=+10.50% 2022-02=+3.96% 2022-02-17=+8.32%
[predict] 2022-02-21 00:00 BTCUSDT → SHORT (proba=0.74 TP=9.7%/SL=4.8%)
[trade:open] 2022-02-21 07:59 BTCUSDT SHORT @ 39266.20 | SL=41168.98 TP=35460.64 | timeout=2022-02-28 07:59
[trade:close] 2022-02-24 07:59 BTCUSDT SHORT → take_profit @ 35460.64 | PnL=+9.69% (net +9.59%) | cum=+20.10% 2022-02=+13.55% 2022-02-24=+9.59%
[predict] 2022-02-25 08:00 BTCUSDT → SHORT (proba=0.82 TP=14.9%/SL=7.4%)
[trade:open] 2022-02-25 15:59 BTCUSDT SHORT @ 39388.50 | SL=42315.34 TP=33534.82 | timeout=2022-03-04 15:59
[trade:close] 2022-02-28 23:59 BTCUSDT SHORT → stop_loss @ 42315.34 | PnL=-7.43% (net -7.53%) | cum=+12.56% 2022-02=+6.02% 2022-02-28=-7.53%
[lgbm] === Training for 2022-03 ===
  Train window: 2020-03-01 → 2022-02-21
  2168 training samples from 1 symbols
  Samples per month: 2020-03: 93, 2020-04: 90, 2020-05: 93, 2020-06: 90, 2020-07: 93, 2020-08: 93, 2020-09: 90, 2020-10: 93, 2020-11: 90, 2020-12: 93, 2021-01: 93, 2021-02: 84, 2021-03: 93, 2021-04: 90, 2021-05: 93, 2021-06: 90, 2021-07: 93, 2021-08: 93, 2021-09: 90, 2021-10: 93, 2021-11: 90, 2021-12: 93, 2022-01: 93, 2022-02: 62
  [label] 2020-05-01 16:00 BTCUSDT entry=8830.5200 → LONG | long=tp(+12.47%) short=sl(-6.39%) | scanned=18 | long_tp_only
  [label] 2020-05-03 16:00 BTCUSDT entry=8900.0000 → LONG | long=tp(+11.09%) short=sl(-5.70%) | scanned=12 | long_tp_only
  [label] 2020-05-07 16:00 BTCUSDT entry=9995.0000 → SHORT | long=sl(-5.84%) short=tp(+11.38%) | scanned=7 | short_tp_only
  [label] 2020-06-01 08:00 BTCUSDT entry=9541.7100 → LONG | long=tp(+7.49%) short=sl(-3.89%) | scanned=1 | long_tp_only
  [label] 2020-07-23 16:00 BTCUSDT entry=9604.4100 → LONG | long=tp(+3.90%) short=sl(-2.10%) | scanned=8 | long_tp_only
  [label] 2021-01-05 16:00 BTCUSDT entry=33999.5200 → LONG | long=tp(+20.03%) short=sl(-10.17%) | scanned=8 | long_tp_only
  [label] 2021-01-09 16:00 BTCUSDT entry=40136.0400 → SHORT | long=sl(-10.31%) short=tp(+20.32%) | scanned=5 | short_tp_only
  [label] 2021-01-20 08:00 BTCUSDT entry=34226.7800 → SHORT | long=sl(-10.22%) short=timeout(+11.32%) | scanned=22 | no_tp→fwd_return=-11.4184
  [label] 2021-03-06 08:00 BTCUSDT entry=47284.1100 → LONG | long=tp(+16.56%) short=sl(-8.43%) | scanned=11 | long_tp_only
  [label] 2021-03-14 16:00 BTCUSDT entry=59037.1200 → SHORT | long=sl(-6.00%) short=timeout(+2.65%) | scanned=22 | no_tp→fwd_return=-2.7473
  [label] 2021-06-13 00:00 BTCUSDT entry=35263.0200 → LONG | long=tp(+15.73%) short=sl(-8.01%) | scanned=4 | long_tp_only
  [label] 2021-07-15 00:00 BTCUSDT entry=32461.0000 → SHORT | long=sl(-5.03%) short=tp(+9.75%) | scanned=16 | short_tp_only
  [label] 2021-07-31 00:00 BTCUSDT entry=41537.5900 → LONG | long=sl(-7.45%) short=timeout(-4.12%) | scanned=22 | no_tp→fwd_return=+4.0197
  [label] 2021-08-12 16:00 BTCUSDT entry=44385.0900 → LONG | long=timeout(+5.28%) short=sl(-5.65%) | scanned=22 | no_tp→fwd_return=+5.3777
  [label] 2021-08-31 08:00 BTCUSDT entry=47439.5600 → LONG | long=tp(+8.80%) short=sl(-4.55%) | scanned=16 | long_tp_only
  [label] 2021-09-06 16:00 BTCUSDT entry=52683.9700 → SHORT | long=sl(-3.85%) short=tp(+7.40%) | scanned=2 | short_tp_only
  [label] 2021-09-19 00:00 BTCUSDT entry=48156.2500 → SHORT | long=sl(-4.13%) short=tp(+7.95%) | scanned=4 | short_tp_only
  [label] 2021-10-28 08:00 BTCUSDT entry=61186.9200 → LONG | long=sl(-5.26%) short=sl(-5.26%) | scanned=15 | no_tp→fwd_return=+4.6672
  [label] 2021-11-07 08:00 BTCUSDT entry=61979.7000 → LONG | long=tp(+7.82%) short=sl(-4.06%) | scanned=4 | long_tp_only
  [label] 2022-02-01 08:00 BTCUSDT entry=38604.9700 → LONG | long=sl(-5.31%) short=sl(-5.31%) | scanned=10 | no_tp→fwd_return=+7.6286[I 2026-06-01 14:55:51,389] A new study created in memory with name: no-name-e95e6063-8c00-4157-9dba-4dab5187ad09
[I 2026-06-01 14:55:51,678] Trial 0 finished with value: 0.039348171719595135 and parameters: {'confidence_threshold': 0.6310890415965769, 'training_days': 480, 'n_estimators': 380, 'max_depth': 4, 'num_leaves': 22, 'learning_rate': 0.01699897838270077, 'subsample': 0.5290418060840998, 'colsample_bytree': 0.9330880728874675, 'min_child_samples': 68, 'reg_alpha': 0.023585940584142682, 'reg_lambda': 1.5320059381854043e-08}. Best is trial 0 with value: 0.039348171719595135.
[I 2026-06-01 14:55:51,804] Trial 1 finished with value: -0.12244182738778245 and parameters: {'confidence_threshold': 0.839468448256698, 'training_days': 420, 'n_estimators': 145, 'max_depth': 3, 'num_leaves': 23, 'learning_rate': 0.028145092716060652, 'subsample': 0.762378215816119, 'colsample_bytree': 0.7159725093210578, 'min_child_samples': 43, 'reg_alpha': 0.0032112643094417484, 'reg_lambda': 1.8007140198129195e-07}. Best is trial 0 with value: 0.039348171719595135.
[I 2026-06-01 14:55:51,954] Trial 2 finished with value: 0.03344890687947462 and parameters: {'confidence_threshold': 0.6022506269873263, 'training_days': 190, 'n_estimators': 255, 'max_depth': 5, 'num_leaves': 24, 'learning_rate': 0.05748924681991978, 'subsample': 0.7962072844310213, 'colsample_bytree': 0.5232252063599989, 'min_child_samples': 69, 'reg_alpha': 3.425445902633376e-07, 'reg_lambda': 3.850031979199519e-08}. Best is trial 0 with value: 0.039348171719595135.
[I 2026-06-01 14:55:52,197] Trial 3 finished with value: 0.0046907773271694046 and parameters: {'confidence_threshold': 0.8321099380386666, 'training_days': 490, 'n_estimators': 414, 'max_depth': 3, 'num_leaves': 19, 'learning_rate': 0.1024932221692416, 'subsample': 0.7200762468698007, 'colsample_bytree': 0.5610191174223894, 'min_child_samples': 60, 'reg_alpha': 2.039373116525212e-08, 'reg_lambda': 1.527156759251193}. Best is trial 0 with value: 0.039348171719595135.
[I 2026-06-01 14:55:52,332] Trial 4 finished with value: 0.05660255002832741 and parameters: {'confidence_threshold': 0.5905729935600059, 'training_days': 340, 'n_estimators': 190, 'max_depth': 4, 'num_leaves': 41, 'learning_rate': 0.01875220945578641, 'subsample': 0.9847923138822793, 'colsample_bytree': 0.8875664116805573, 'min_child_samples': 96, 'reg_alpha': 1.1309571585271483, 'reg_lambda': 0.002404915432737351}. Best is trial 4 with value: 0.05660255002832741.
[I 2026-06-01 14:55:52,370] Trial 5 finished with value: -0.03754621179669837 and parameters: {'confidence_threshold': 0.8226559822580909, 'training_days': 50, 'n_estimators': 138, 'max_depth': 3, 'num_leaves': 30, 'learning_rate': 0.03750796359625606, 'subsample': 0.6356745158869479, 'colsample_bytree': 0.9143687545759647, 'min_child_samples': 48, 'reg_alpha': 3.376063348877853e-06, 'reg_lambda': 0.0007660634613082914}. Best is trial 4 with value: 0.05660255002832741.
[I 2026-06-01 14:55:52,463] Trial 6 finished with value: 0.016995762921795627 and parameters: {'confidence_threshold': 0.5493234787411669, 'training_days': 410, 'n_estimators': 83, 'max_depth': 5, 'num_leaves': 52, 'learning_rate': 0.019657448966046126, 'subsample': 0.5027610585618012, 'colsample_bytree': 0.9077307142274171, 'min_child_samples': 77, 'reg_alpha': 0.03639690979811287, 'reg_lambda': 0.08738424135626986}. Best is trial 4 with value: 0.05660255002832741.
[I 2026-06-01 14:55:52,551] Trial 7 finished with value: 0.028193078548518304 and parameters: {'confidence_threshold': 0.5259156281069316, 'training_days': 180, 'n_estimators': 102, 'max_depth': 5, 'num_leaves': 45, 'learning_rate': 0.030816017044468066, 'subsample': 0.5317791751430119, 'colsample_bytree': 0.6554911608578311, 'min_child_samples': 46, 'reg_alpha': 0.036851536911881845, 'reg_lambda': 0.005470376807480391}. Best is trial 4 with value: 0.05660255002832741.
[I 2026-06-01 14:55:52,651] Trial 8 finished with value: 0.005939460267358221 and parameters: {'confidence_threshold': 0.8105244599017143, 'training_days': 240, 'n_estimators': 103, 'max_depth': 5, 'num_leaves': 52, 'learning_rate': 0.06746437142284309, 'subsample': 0.8854835899772805, 'colsample_bytree': 0.7468977981821954, 'min_child_samples': 62, 'reg_alpha': 7.04480806377519e-05, 'reg_lambda': 1.6934490731313353e-08}. Best is trial 4 with value: 0.05660255002832741.
[I 2026-06-01 14:55:52,670] Trial 9 finished with value: -2.038845641986206 and parameters: {'confidence_threshold': 0.5377619994476566, 'training_days': 20, 'n_estimators': 337, 'max_depth': 3, 'num_leaves': 39, 'learning_rate': 0.21907142272152816, 'subsample': 0.6246461145744375, 'colsample_bytree': 0.7051914615178149, 'min_child_samples': 81, 'reg_alpha': 1.1459970229341322e-06, 'reg_lambda': 4.929685216887945e-08}. Best is trial 4 with value: 0.05660255002832741.
[I 2026-06-01 14:55:52,983] Trial 10 finished with value: 0.007661232242548746 and parameters: {'confidence_threshold': 0.6797821749717731, 'training_days': 350, 'n_estimators': 487, 'max_depth': 4, 'num_leaves': 61, 'learning_rate': 0.011407797829608154, 'subsample': 0.9865389998628291, 'colsample_bytree': 0.8382861898713898, 'min_child_samples': 98, 'reg_alpha': 8.536188349289, 'reg_lambda': 3.3639426888455256e-06}. Best is trial 4 with value: 0.05660255002832741.
[I 2026-06-01 14:55:53,155] Trial 11 finished with value: 0.05632341512288137 and parameters: {'confidence_threshold': 0.6539822215848989, 'training_days': 320, 'n_estimators': 245, 'max_depth': 4, 'num_leaves': 33, 'learning_rate': 0.010345547951401532, 'subsample': 0.9990666719410425, 'colsample_bytree': 0.9654875645555471, 'min_child_samples': 97, 'reg_alpha': 3.662834835098572, 'reg_lambda': 1.2919440532274802e-05}. Best is trial 4 with value: 0.05660255002832741.
[I 2026-06-01 14:55:53,315] Trial 12 finished with value: -0.005313411482436215 and parameters: {'confidence_threshold': 0.7131758522018106, 'training_days': 310, 'n_estimators': 236, 'max_depth': 4, 'num_leaves': 35, 'learning_rate': 0.010342884934290602, 'subsample': 0.9954917328541207, 'colsample_bytree': 0.9949834803492208, 'min_child_samples': 100, 'reg_alpha': 7.135069965472721, 'reg_lambda': 1.2181274897829671e-05}. Best is trial 4 with value: 0.05660255002832741.
[I 2026-06-01 14:55:53,529] Trial 13 finished with value: 0.05422142441855691 and parameters: {'confidence_threshold': 0.7321922500141939, 'training_days': 310, 'n_estimators': 207, 'max_depth': 4, 'num_leaves': 33, 'learning_rate': 0.01603405587855917, 'subsample': 0.8924954589400537, 'colsample_bytree': 0.8272455572930195, 'min_child_samples': 22, 'reg_alpha': 0.7081100592564712, 'reg_lambda': 3.9794797075090296e-05}. Best is trial 4 with value: 0.05660255002832741.
[I 2026-06-01 14:55:53,772] Trial 14 finished with value: 0.030624079698528345 and parameters: {'confidence_threshold': 0.6122975625169359, 'training_days': 380, 'n_estimators': 311, 'max_depth': 4, 'num_leaves': 45, 'learning_rate': 0.010283861134240724, 'subsample': 0.9233445751004536, 'colsample_bytree': 0.9897127958863723, 'min_child_samples': 88, 'reg_alpha': 0.2983284693351703, 'reg_lambda': 0.009033365579835074}. Best is trial 4 with value: 0.05660255002832741.
[I 2026-06-01 14:55:53,899] Trial 15 finished with value: -0.026145317271244715 and parameters: {'confidence_threshold': 0.6571892807232962, 'training_days': 250, 'n_estimators': 191, 'max_depth': 4, 'num_leaves': 43, 'learning_rate': 0.021138561953488115, 'subsample': 0.8414426363312887, 'colsample_bytree': 0.8325519784705893, 'min_child_samples': 89, 'reg_alpha': 0.00032078289057053554, 'reg_lambda': 0.0001719100390462125}. Best is trial 4 with value: 0.05660255002832741.
[I 2026-06-01 14:55:54,038] Trial 16 finished with value: 0.05084025900898894 and parameters: {'confidence_threshold': 0.5775801073969916, 'training_days': 170, 'n_estimators': 293, 'max_depth': 4, 'num_leaves': 27, 'learning_rate': 0.09806146822400062, 'subsample': 0.9397541766618512, 'colsample_bytree': 0.8695526768916614, 'min_child_samples': 90, 'reg_alpha': 0.7812511083114685, 'reg_lambda': 1.5191798866127202e-06}. Best is trial 4 with value: 0.05660255002832741.
[I 2026-06-01 14:55:54,157] Trial 17 finished with value: 0.06834292560146797 and parameters: {'confidence_threshold': 0.7611484084321937, 'training_days': 320, 'n_estimators': 176, 'max_depth': 3, 'num_leaves': 15, 'learning_rate': 0.04302553031342478, 'subsample': 0.8366733523272174, 'colsample_bytree': 0.787088964303174, 'min_child_samples': 79, 'reg_alpha': 0.0009643869049158966, 'reg_lambda': 2.654917430016704}. Best is trial 17 with value: 0.06834292560146797.
[I 2026-06-01 14:55:54,240] A new study created in memory with name: no-name-b0234e65-b3b8-4074-a729-ee8442e51f82
[I 2026-06-01 14:55:54,330] Trial 0 finished with value: 0.02196179023376623 and parameters: {'confidence_threshold': 0.7437642149592516, 'training_days': 150, 'n_estimators': 152, 'max_depth': 4, 'num_leaves': 50, 'learning_rate': 0.04216766425047743, 'subsample': 0.9903820991923078, 'colsample_bytree': 0.8424148692924316, 'min_child_samples': 58, 'reg_alpha': 3.381097259762742e-05, 'reg_lambda': 1.2263152961306247e-05}. Best is trial 0 with value: 0.02196179023376623.
[I 2026-06-01 14:55:54,398] Trial 1 finished with value: -1.8719230812979462 and parameters: {'confidence_threshold': 0.7551673975844145, 'training_days': 220, 'n_estimators': 76, 'max_depth': 4, 'num_leaves': 51, 'learning_rate': 0.018602118810743477, 'subsample': 0.5877258780737462, 'colsample_bytree': 0.7657756869209191, 'min_child_samples': 63, 'reg_alpha': 0.005123994170264194, 'reg_lambda': 0.44145470178120466}. Best is trial 0 with value: 0.02196179023376623.
[I 2026-06-01 14:55:54,621] Trial 2 finished with value: 0.03136554779402097 and parameters: {'confidence_threshold': 0.7535593637012223, 'training_days': 310, 'n_estimators': 375, 'max_depth': 3, 'num_leaves': 32, 'learning_rate': 0.021735641882032388, 'subsample': 0.6468570231944146, 'colsample_bytree': 0.8154880619272439, 'min_child_samples': 27, 'reg_alpha': 8.004064028491336e-05, 'reg_lambda': 7.546835261630524e-05}. Best is trial 2 with value: 0.03136554779402097.
[I 2026-06-01 14:55:54,778] Trial 3 finished with value: 0.03940124244336167 and parameters: {'confidence_threshold': 0.6727897841776072, 'training_days': 220, 'n_estimators': 190, 'max_depth': 4, 'num_leaves': 58, 'learning_rate': 0.24810689332636193, 'subsample': 0.7509183379421682, 'colsample_bytree': 0.8119764758960556, 'min_child_samples': 29, 'reg_alpha': 7.1708285081421445e-06, 'reg_lambda': 5.412973582738627e-05}. Best is trial 3 with value: 0.03940124244336167.
[I 2026-06-01 14:55:54,884] Trial 4 finished with value: -0.03949594346790114 and parameters: {'confidence_threshold': 0.803208205259178, 'training_days': 130, 'n_estimators': 267, 'max_depth': 5, 'num_leaves': 40, 'learning_rate': 0.08041175317374143, 'subsample': 0.5603143329951619, 'colsample_bytree': 0.9131704002534167, 'min_child_samples': 68, 'reg_alpha': 0.0008046593428183385, 'reg_lambda': 1.2158346158765583e-05}. Best is trial 3 with value: 0.03940124244336167.
[I 2026-06-01 14:55:55,089] Trial 5 finished with value: 0.06205738952533315 and parameters: {'confidence_threshold': 0.6064422761595144, 'training_days': 210, 'n_estimators': 357, 'max_depth': 5, 'num_leaves': 40, 'learning_rate': 0.0974221287220869, 'subsample': 0.7929682762811064, 'colsample_bytree': 0.8124517510478, 'min_child_samples': 74, 'reg_alpha': 0.3811377260781234, 'reg_lambda': 5.607314238392041e-08}. Best is trial 5 with value: 0.06205738952533315.
[I 2026-06-01 14:55:55,184] Trial 6 finished with value: -0.04999332350049719 and parameters: {'confidence_threshold': 0.7672889945051684, 'training_days': 130, 'n_estimators': 137, 'max_depth': 4, 'num_leaves': 19, 'learning_rate': 0.2031117614248665, 'subsample': 0.8136244860256343, 'colsample_bytree': 0.8617081790949774, 'min_child_samples': 21, 'reg_alpha': 0.002238138278733199, 'reg_lambda': 0.001025809534977322}. Best is trial 5 with value: 0.06205738952533315.
[I 2026-06-01 14:55:55,251] Trial 7 finished with value: 0.03349014829642616 and parameters: {'confidence_threshold': 0.555635875450653, 'training_days': 80, 'n_estimators': 363, 'max_depth': 3, 'num_leaves': 48, 'learning_rate': 0.06590089024008658, 'subsample': 0.6944752870615722, 'colsample_bytree': 0.962566244806993, 'min_child_samples': 88, 'reg_alpha': 1.6465620446426067e-05, 'reg_lambda': 2.4678750890085655e-08}. Best is trial 5 with value: 0.06205738952533315.
[I 2026-06-01 14:55:55,554] Trial 8 finished with value: 0.059510487032669736 and parameters: {'confidence_threshold': 0.6066688256938841, 'training_days': 200, 'n_estimators': 367, 'max_depth': 5, 'num_leaves': 32, 'learning_rate': 0.13377519215934996, 'subsample': 0.7965884582811106, 'colsample_bytree': 0.8458508993500886, 'min_child_samples': 32, 'reg_alpha': 3.889436043816386e-05, 'reg_lambda': 1.4713062489380356e-06}. Best is trial 5 with value: 0.06205738952533315.
