[I 2026-06-01 14:57:53,968] Trial 17 finished with value: -0.09735032252934595 and parameters: {'confidence_threshold': 0.7840252944731432, 'training_days': 100, 'n_estimators': 173, 'max_depth': 5, 'num_leaves': 56, 'learning_rate': 0.04349791241836491, 'subsample': 0.7004831188261247, 'colsample_bytree': 0.9956385980717998, 'min_child_samples': 90, 'reg_alpha': 8.089339609894541e-08, 'reg_lambda': 0.00012038605283790892}. Best is trial 8 with value: -0.07363975808879214.

[predict] 2023-02-10 00:00 BTCUSDT → LONG (proba=0.66 TP=7.1%/SL=3.5%)
[trade:open] 2023-02-10 07:59 BTCUSDT LONG @ 21901.90 | SL=21127.76 TP=23450.18 | timeout=2023-02-17 07:59
[trade:close] 2023-02-15 23:59 BTCUSDT LONG → take_profit @ 23450.18 | PnL=+7.07% (net +6.97%) | cum=-6.22% 2023-02=-0.87% 2023-02-15=+6.97%
[predict] 2023-02-18 00:00 BTCUSDT → LONG (proba=0.79 TP=9.8%/SL=4.9%)
[trade:open] 2023-02-18 07:59 BTCUSDT LONG @ 24522.80 | SL=23327.27 TP=26913.86 | timeout=2023-02-25 07:59
[trade:close] 2023-02-24 15:59 BTCUSDT LONG → stop_loss @ 23327.27 | PnL=-4.88% (net -4.98%) | cum=-11.19% 2023-02=-5.84% 2023-02-24=-4.98%
[predict] 2023-02-25 08:00 BTCUSDT → LONG (proba=0.85 TP=8.2%/SL=4.1%)
[trade:open] 2023-02-25 15:59 BTCUSDT LONG @ 22996.40 | SL=22056.00 TP=24877.19 | timeout=2023-03-04 15:59
[lgbm] === Training for 2023-03 ===
  Train window: 2021-03-01 → 2023-02-21
  2168 training samples from 1 symbols
  Samples per month: 2021-03: 93, 2021-04: 90, 2021-05: 93, 2021-06: 90, 2021-07: 93, 2021-08: 93, 2021-09: 90, 2021-10: 93, 2021-11: 90, 2021-12: 93, 2022-01: 93, 2022-02: 84, 2022-03: 93, 2022-04: 90, 2022-05: 93, 2022-06: 90, 2022-07: 93, 2022-08: 93, 2022-09: 90, 2022-10: 93, 2022-11: 90, 2022-12: 93, 2023-01: 93, 2023-02: 62
  [label] 2021-05-01 16:00 BTCUSDT entry=57836.3400 → LONG | long=sl(-5.34%) short=timeout(-1.98%) | scanned=22 | no_tp→fwd_return=+1.8823
  [label] 2021-05-03 16:00 BTCUSDT entry=57214.8300 → SHORT | long=sl(-5.29%) short=timeout(+2.25%) | scanned=22 | no_tp→fwd_return=-2.3511
  [label] 2021-05-07 16:00 BTCUSDT entry=57350.8800 → SHORT | long=sl(-6.01%) short=tp(+11.73%) | scanned=15 | short_tp_only
  [label] 2021-06-01 08:00 BTCUSDT entry=36233.5900 → SHORT | long=sl(-9.68%) short=timeout(+12.45%) | scanned=22 | no_tp→fwd_return=-12.5482
  [label] 2021-07-23 16:00 BTCUSDT entry=33634.4600 → LONG | long=tp(+9.31%) short=sl(-4.81%) | scanned=7 | long_tp_only
  [label] 2022-01-05 16:00 BTCUSDT entry=43421.6900 → LONG | long=sl(-5.82%) short=timeout(-1.16%) | scanned=22 | no_tp→fwd_return=+1.0571
  [label] 2022-01-09 16:00 BTCUSDT entry=41851.2200 → LONG | long=timeout(+2.79%) short=sl(-5.52%) | scanned=22 | no_tp→fwd_return=+2.8899
  [label] 2022-01-20 08:00 BTCUSDT entry=43275.7400 → SHORT | long=sl(-4.19%) short=tp(+8.07%) | scanned=2 | short_tp_only
  [label] 2022-03-06 08:00 BTCUSDT entry=38845.0000 → LONG | long=timeout(+0.08%) short=sl(-6.02%) | scanned=22 | no_tp→fwd_return=+0.1769
  [label] 2022-03-14 16:00 BTCUSDT entry=39653.8000 → LONG | long=timeout(+3.25%) short=sl(-5.53%) | scanned=22 | no_tp→fwd_return=+3.3495
  [label] 2022-06-13 00:00 BTCUSDT entry=24801.2000 → SHORT | long=sl(-7.98%) short=tp(+15.65%) | scanned=3 | short_tp_only
  [label] 2022-07-15 00:00 BTCUSDT entry=20823.4000 → LONG | long=tp(+11.77%) short=sl(-6.04%) | scanned=14 | long_tp_only
  [label] 2022-07-31 00:00 BTCUSDT entry=23704.9000 → SHORT | long=sl(-5.55%) short=timeout(+2.87%) | scanned=22 | no_tp→fwd_return=-2.9736
  [label] 2022-08-12 16:00 BTCUSDT entry=24387.5000 → SHORT | long=sl(-4.29%) short=tp(+8.28%) | scanned=19 | short_tp_only
  [label] 2022-08-31 08:00 BTCUSDT entry=20130.5000 → SHORT | long=sl(-4.78%) short=timeout(+6.19%) | scanned=22 | no_tp→fwd_return=-6.2949
  [label] 2022-09-06 16:00 BTCUSDT entry=18781.5000 → LONG | long=tp(+8.71%) short=sl(-4.51%) | scanned=7 | long_tp_only
  [label] 2022-09-19 00:00 BTCUSDT entry=18459.6000 → LONG | long=timeout(+2.30%) short=sl(-5.32%) | scanned=22 | no_tp→fwd_return=+2.3982
  [label] 2022-10-28 08:00 BTCUSDT entry=20473.2000 → LONG | long=timeout(+1.64%) short=sl(-3.36%) | scanned=22 | no_tp→fwd_return=+1.7393
  [label] 2022-11-07 08:00 BTCUSDT entry=20756.2000 → SHORT | long=sl(-2.96%) short=tp(+5.62%) | scanned=2 | short_tp_only
  [label] 2023-02-01 08:00 BTCUSDT entry=22975.7000 → SHORT | long=timeout(-0.59%) short=sl(-3.34%) | scanned=22 | no_tp→fwd_return=-0.4931
  Labels: 1075 long (49.6%), 1093 short (50.4%) | weights: min=1.00, mean=3.24, max=10.00
  Features: 2168/2168 matched, 47 columns
  CV gap: 22 rows
  [ensemble 1/3] seed=42
    [trial 0] 47 features, training_days=480 | threshold=0.631 | labels: 1075 long, 1093 short (50/50%)
    [CV fold 0] train_end=2021-06-22 08:00 | val_start=2021-06-30 00:00 | gap=184h (22 rows)
    [CV fold 1] train_end=2021-10-20 16:00 | val_start=2021-10-28 08:00 | gap=184h (22 rows)
    [CV fold 2] train_end=2022-02-18 00:00 | val_start=2022-02-25 16:00 | gap=184h (22 rows)
    [CV fold 3] train_end=2022-06-18 08:00 | val_start=2022-06-26 00:00 | gap=184h (22 rows)
    [CV fold 4] train_end=2022-10-16 16:00 | val_start=2022-10-24 08:00 | gap=184h (22 rows)
    [trial 0] Sharpe=-0.1094 (folds: -0.2039, 0.0015, -0.0803, -0.0855, -0.1790)
    [trial 1] 47 features, training_days=420 | threshold=0.839 | labels: 1075 long, 1093 short (50/50%)
    [trial 1] Sharpe=-2.1424 (folds: -0.2875, -0.1861, -0.1016, -10.0000, -0.1370)
    [trial 2] 47 features, training_days=190 | threshold=0.602 | labels: 1075 long, 1093 short (50/50%)
    [trial 2] Sharpe=-0.1161 (folds: -0.2135, -0.0106, -0.0115, -0.0455, -0.2992)
    [trial 3] 47 features, training_days=490 | threshold=0.832 | labels: 1075 long, 1093 short (50/50%)
    [trial 3] Sharpe=-0.1659 (folds: -0.2885, -0.0469, -0.1526, -0.0051, -0.3364)
    [trial 4] 47 features, training_days=340 | threshold=0.591 | labels: 1075 long, 1093 short (50/50%)
    [trial 4] Sharpe=-0.1257 (folds: -0.2938, 0.0157, -0.1086, -0.0090, -0.2328)
    [trial 5] 47 features, training_days=50 | threshold=0.823 | labels: 1075 long, 1093 short (50/50%)
    [trial 5] Sharpe=-2.2151 (folds: -10.0000, 0.1504, 0.0462, -1.0780, -0.1942)
    [trial 6] 47 features, training_days=410 | threshold=0.549 | labels: 1075 long, 1093 short (50/50%)
    [trial 6] Sharpe=-0.0993 (folds: -0.2378, -0.0154, -0.0881, 0.0277, -0.1828)
    [trial 7] 47 features, training_days=180 | threshold=0.526 | labels: 1075 long, 1093 short (50/50%)
    [trial 7] Sharpe=-0.0956 (folds: -0.2023, -0.0033, -0.0802, 0.0167, -0.2088)
    [trial 8] 47 features, training_days=240 | threshold=0.811 | labels: 1075 long, 1093 short (50/50%)
    [trial 8] Sharpe=-0.0736 (folds: -0.2808, -0.0213, -0.1566, 0.4028, -0.3123)
    [trial 9] 47 features, training_days=20 | threshold=0.538 | labels: 1075 long, 1093 short (50/50%)
    [trial 9] Sharpe=-0.1258 (folds: -0.4008, -0.2245, 0.1655, -0.0081, -0.1610)
    [trial 10] 47 features, training_days=280 | threshold=0.734 | labels: 1075 long, 1093 short (50/50%)
    [trial 10] Sharpe=-0.1603 (folds: -0.2448, -0.1126, -0.1006, -0.0497, -0.2938)
    [trial 11] 47 features, training_days=170 | threshold=0.719 | labels: 1075 long, 1093 short (50/50%)
    [trial 11] Sharpe=-0.0817 (folds: -0.2538, -0.0009, -0.1205, 0.0873, -0.1203)
    [trial 12] 47 features, training_days=140 | threshold=0.734 | labels: 1075 long, 1093 short (50/50%)
    [trial 12] Sharpe=-0.1479 (folds: -0.2197, 0.0797, -0.2286, -0.1198, -0.2512)
    [trial 13] 47 features, training_days=250 | threshold=0.743 | labels: 1075 long, 1093 short (50/50%)
    [trial 13] Sharpe=-0.1326 (folds: -0.2111, -0.0901, -0.1038, 0.0844, -0.3423)
    [trial 14] 47 features, training_days=110 | threshold=0.783 | labels: 1075 long, 1093 short (50/50%)
    [trial 14] Sharpe=-0.1534 (folds: -0.0832, -0.0414, -0.0020, -0.4000, -0.2404)
    [trial 15] 47 features, training_days=250 | threshold=0.683 | labels: 1075 long, 1093 short (50/50%)
    [trial 15] Sharpe=-2.2647 (folds: -0.2242, -0.5613, -0.3996, -10.0000, -0.1381)
    [trial 16] 47 features, training_days=320 | threshold=0.680 | labels: 1075 long, 1093 short (50/50%)
    [trial 16] Sharpe=-0.1745 (folds: -0.2286, -0.0689, -0.1395, -0.1143, -0.3213)
    [trial 17] 47 features, training_days=100 | threshold=0.784 | labels: 1075 long, 1093 short (50/50%)
    [trial 17] Sharpe=-0.0974 (folds: 0.0703, -0.0074, -0.0552, -0.2090, -0.2855)
  Optuna: 18 trials, best Sharpe = -0.0736
  Best params: n_estimators=103, max_depth=5, lr=0.0675, leaves=52
  Best confidence_threshold: 0.811
  Best training_days: 240
  Retrained on full data (720 samples, 47 features)[I 2026-06-01 14:57:54,175] A new study created in memory with name: no-name-54aa6704-8642-4725-9716-55a9042fd200
[I 2026-06-01 14:57:54,284] Trial 0 finished with value: -0.12199713385648117 and parameters: {'confidence_threshold': 0.7437642149592516, 'training_days': 150, 'n_estimators': 152, 'max_depth': 4, 'num_leaves': 50, 'learning_rate': 0.04216766425047743, 'subsample': 0.9903820991923078, 'colsample_bytree': 0.8424148692924316, 'min_child_samples': 58, 'reg_alpha': 3.381097259762742e-05, 'reg_lambda': 1.2263152961306247e-05}. Best is trial 0 with value: -0.12199713385648117.
[I 2026-06-01 14:57:54,362] Trial 1 finished with value: -0.18671733493375514 and parameters: {'confidence_threshold': 0.7551673975844145, 'training_days': 220, 'n_estimators': 76, 'max_depth': 4, 'num_leaves': 51, 'learning_rate': 0.018602118810743477, 'subsample': 0.5877258780737462, 'colsample_bytree': 0.7657756869209191, 'min_child_samples': 63, 'reg_alpha': 0.005123994170264194, 'reg_lambda': 0.44145470178120466}. Best is trial 0 with value: -0.12199713385648117.
[I 2026-06-01 14:57:54,630] Trial 2 finished with value: -0.13895516289701315 and parameters: {'confidence_threshold': 0.7535593637012223, 'training_days': 310, 'n_estimators': 375, 'max_depth': 3, 'num_leaves': 32, 'learning_rate': 0.021735641882032388, 'subsample': 0.6468570231944146, 'colsample_bytree': 0.8154880619272439, 'min_child_samples': 27, 'reg_alpha': 8.004064028491336e-05, 'reg_lambda': 7.546835261630524e-05}. Best is trial 0 with value: -0.12199713385648117.
[I 2026-06-01 14:57:54,794] Trial 3 finished with value: -0.13985968439078914 and parameters: {'confidence_threshold': 0.6727897841776072, 'training_days': 220, 'n_estimators': 190, 'max_depth': 4, 'num_leaves': 58, 'learning_rate': 0.24810689332636193, 'subsample': 0.7509183379421682, 'colsample_bytree': 0.8119764758960556, 'min_child_samples': 29, 'reg_alpha': 7.1708285081421445e-06, 'reg_lambda': 5.412973582738627e-05}. Best is trial 0 with value: -0.12199713385648117.
[I 2026-06-01 14:57:54,911] Trial 4 finished with value: -0.1284359702877056 and parameters: {'confidence_threshold': 0.803208205259178, 'training_days': 130, 'n_estimators': 267, 'max_depth': 5, 'num_leaves': 40, 'learning_rate': 0.08041175317374143, 'subsample': 0.5603143329951619, 'colsample_bytree': 0.9131704002534167, 'min_child_samples': 68, 'reg_alpha': 0.0008046593428183385, 'reg_lambda': 1.2158346158765583e-05}. Best is trial 0 with value: -0.12199713385648117.
[I 2026-06-01 14:57:55,143] Trial 5 finished with value: -0.09772848309101564 and parameters: {'confidence_threshold': 0.6064422761595144, 'training_days': 210, 'n_estimators': 357, 'max_depth': 5, 'num_leaves': 40, 'learning_rate': 0.0974221287220869, 'subsample': 0.7929682762811064, 'colsample_bytree': 0.8124517510478, 'min_child_samples': 74, 'reg_alpha': 0.3811377260781234, 'reg_lambda': 5.607314238392041e-08}. Best is trial 5 with value: -0.09772848309101564.
[I 2026-06-01 14:57:55,266] Trial 6 finished with value: -0.11395249964915069 and parameters: {'confidence_threshold': 0.7672889945051684, 'training_days': 130, 'n_estimators': 137, 'max_depth': 4, 'num_leaves': 19, 'learning_rate': 0.2031117614248665, 'subsample': 0.8136244860256343, 'colsample_bytree': 0.8617081790949774, 'min_child_samples': 21, 'reg_alpha': 0.002238138278733199, 'reg_lambda': 0.001025809534977322}. Best is trial 5 with value: -0.09772848309101564.
[I 2026-06-01 14:57:55,346] Trial 7 finished with value: -0.11659240638694626 and parameters: {'confidence_threshold': 0.555635875450653, 'training_days': 80, 'n_estimators': 363, 'max_depth': 3, 'num_leaves': 48, 'learning_rate': 0.06590089024008658, 'subsample': 0.6944752870615722, 'colsample_bytree': 0.962566244806993, 'min_child_samples': 88, 'reg_alpha': 1.6465620446426067e-05, 'reg_lambda': 2.4678750890085655e-08}. Best is trial 5 with value: -0.09772848309101564.
[I 2026-06-01 14:57:55,688] Trial 8 finished with value: -0.10649454018700011 and parameters: {'confidence_threshold': 0.6066688256938841, 'training_days': 200, 'n_estimators': 367, 'max_depth': 5, 'num_leaves': 32, 'learning_rate': 0.13377519215934996, 'subsample': 0.7965884582811106, 'colsample_bytree': 0.8458508993500886, 'min_child_samples': 32, 'reg_alpha': 3.889436043816386e-05, 'reg_lambda': 1.4713062489380356e-06}. Best is trial 5 with value: -0.09772848309101564.
[I 2026-06-01 14:57:55,913] Trial 9 finished with value: -0.12052324423040517 and parameters: {'confidence_threshold': 0.6202096049169137, 'training_days': 260, 'n_estimators': 350, 'max_depth': 3, 'num_leaves': 21, 'learning_rate': 0.02989540198065364, 'subsample': 0.8307821683331218, 'colsample_bytree': 0.923253112635361, 'min_child_samples': 64, 'reg_alpha': 0.4898604619604203, 'reg_lambda': 2.9076377687066166e-05}. Best is trial 5 with value: -0.09772848309101564.
[I 2026-06-01 14:57:56,290] Trial 10 finished with value: -0.10643568743785954 and parameters: {'confidence_threshold': 0.5342665212695602, 'training_days': 470, 'n_estimators': 493, 'max_depth': 5, 'num_leaves': 63, 'learning_rate': 0.010221918552934462, 'subsample': 0.9166551855891288, 'colsample_bytree': 0.6202684210924141, 'min_child_samples': 99, 'reg_alpha': 2.371385268938747e-08, 'reg_lambda': 8.795022395727933e-08}. Best is trial 5 with value: -0.09772848309101564.
[I 2026-06-01 14:57:56,656] Trial 11 finished with value: -0.11020854846400688 and parameters: {'confidence_threshold': 0.5053494267891926, 'training_days': 480, 'n_estimators': 493, 'max_depth': 5, 'num_leaves': 63, 'learning_rate': 0.010535067237031162, 'subsample': 0.9442387173708715, 'colsample_bytree': 0.625107197757402, 'min_child_samples': 100, 'reg_alpha': 1.0529589035799712e-08, 'reg_lambda': 1.0010394227743426e-08}. Best is trial 5 with value: -0.09772848309101564.
[I 2026-06-01 14:57:56,907] Trial 12 finished with value: -0.1575727921555282 and parameters: {'confidence_threshold': 0.5118092925906144, 'training_days': 390, 'n_estimators': 498, 'max_depth': 5, 'num_leaves': 40, 'learning_rate': 0.11207472241355503, 'subsample': 0.8941395335595879, 'colsample_bytree': 0.5773925919454104, 'min_child_samples': 83, 'reg_alpha': 6.210448045058425, 'reg_lambda': 2.1628188210555854e-07}. Best is trial 5 with value: -0.09772848309101564.
[I 2026-06-01 14:57:56,938] Trial 13 finished with value: -1.9233581039418095 and parameters: {'confidence_threshold': 0.588632291584897, 'training_days': 10, 'n_estimators': 440, 'max_depth': 5, 'num_leaves': 29, 'learning_rate': 0.04425015258093155, 'subsample': 0.8976042035133474, 'colsample_bytree': 0.6759494634110215, 'min_child_samples': 80, 'reg_alpha': 6.88823304297962e-08, 'reg_lambda': 0.004788009985073303}. Best is trial 5 with value: -0.09772848309101564.
[I 2026-06-01 14:57:57,245] Trial 14 finished with value: -0.14111225908337716 and parameters: {'confidence_threshold': 0.6655029001704718, 'training_days': 490, 'n_estimators': 275, 'max_depth': 5, 'num_leaves': 56, 'learning_rate': 0.010652243042179137, 'subsample': 0.9017887747114144, 'colsample_bytree': 0.5045764719392084, 'min_child_samples': 49, 'reg_alpha': 0.08859960648804263, 'reg_lambda': 3.5585869672187853e-07}. Best is trial 5 with value: -0.09772848309101564.
[I 2026-06-01 14:57:57,523] Trial 15 finished with value: -0.1440604840755299 and parameters: {'confidence_threshold': 0.5551423717289237, 'training_days': 350, 'n_estimators': 435, 'max_depth': 4, 'num_leaves': 63, 'learning_rate': 0.13206036810510008, 'subsample': 0.7143817666074838, 'colsample_bytree': 0.6955479558082679, 'min_child_samples': 100, 'reg_alpha': 5.646373403336726e-07, 'reg_lambda': 0.05138157439645094}. Best is trial 5 with value: -0.09772848309101564.
[I 2026-06-01 14:57:57,784] Trial 16 finished with value: -0.16349328724854256 and parameters: {'confidence_threshold': 0.6354410032461685, 'training_days': 430, 'n_estimators': 291, 'max_depth': 5, 'num_leaves': 44, 'learning_rate': 0.09313941229146443, 'subsample': 0.8568863494467742, 'colsample_bytree': 0.7264124489149929, 'min_child_samples': 74, 'reg_alpha': 0.04054990054054849, 'reg_lambda': 1.1636125855640631e-07}. Best is trial 5 with value: -0.09772848309101564.
[I 2026-06-01 14:57:58,043] Trial 17 finished with value: -0.14172900213168477 and parameters: {'confidence_threshold': 0.5563240395453367, 'training_days': 290, 'n_estimators': 432, 'max_depth': 5, 'num_leaves': 26, 'learning_rate': 0.018167663093744707, 'subsample': 0.9826251897207575, 'colsample_bytree': 0.6042669130757778, 'min_child_samples': 91, 'reg_alpha': 7.284070645541434, 'reg_lambda': 1.3489951187488e-06}. Best is trial 5 with value: -0.09772848309101564.
[I 2026-06-01 14:57:58,278] A new study created in memory with name: no-name-0e687647-845a-49bd-99ad-bfd891b72d49
[I 2026-06-01 14:57:58,492] Trial 0 finished with value: -0.08484083501580927 and parameters: {'confidence_threshold': 0.5870645682749857, 'training_days': 90, 'n_estimators': 403, 'max_depth': 5, 'num_leaves': 45, 'learning_rate': 0.0780457193679974, 'subsample': 0.9428509515574568, 'colsample_bytree': 0.8795587339164916, 'min_child_samples': 34, 'reg_alpha': 2.2465901234314442e-07, 'reg_lambda': 8.339007036475363e-05}. Best is trial 0 with value: -0.08484083501580927.
[I 2026-06-01 14:57:58,605] Trial 1 finished with value: -0.11284480066042231 and parameters: {'confidence_threshold': 0.6348453934275313, 'training_days': 290, 'n_estimators': 115, 'max_depth': 5, 'num_leaves': 37, 'learning_rate': 0.06949568759029946, 'subsample': 0.8228505074024268, 'colsample_bytree': 0.8616703220431751, 'min_child_samples': 75, 'reg_alpha': 4.2486822725010923e-07, 'reg_lambda': 1.157247767047042e-07}. Best is trial 0 with value: -0.08484083501580927.
[I 2026-06-01 14:57:58,628] Trial 2 finished with value: -1.9233581039418095 and parameters: {'confidence_threshold': 0.5849570384370288, 'training_days': 10, 'n_estimators': 212, 'max_depth': 3, 'num_leaves': 41, 'learning_rate': 0.18452095998378365, 'subsample': 0.6001060822924371, 'colsample_bytree': 0.5673167293506167, 'min_child_samples': 37, 'reg_alpha': 5.733250064217131, 'reg_lambda': 0.5308454292595461}. Best is trial 0 with value: -0.08484083501580927.
[I 2026-06-01 14:57:58,718] Trial 3 finished with value: -0.15860353283706843 and parameters: {'confidence_threshold': 0.6868248626683718, 'training_days': 220, 'n_estimators': 134, 'max_depth': 3, 'num_leaves': 45, 'learning_rate': 0.033529007907491595, 'subsample': 0.8647277071858408, 'colsample_bytree': 0.778494116634046, 'min_child_samples': 96, 'reg_alpha': 2.409409937265785e-07, 'reg_lambda': 1.1642073478060009}. Best is trial 0 with value: -0.08484083501580927.
[I 2026-06-01 14:57:58,811] Trial 4 finished with value: -0.15956551318234893 and parameters: {'confidence_threshold': 0.5623121348350352, 'training_days': 300, 'n_estimators': 69, 'max_depth': 4, 'num_leaves': 32, 'learning_rate': 0.14967629360700346, 'subsample': 0.5054535233636654, 'colsample_bytree': 0.7401385194659216, 'min_child_samples': 27, 'reg_alpha': 1.4212042567426725e-07, 'reg_lambda': 0.23605753701352003}. Best is trial 0 with value: -0.08484083501580927.
[I 2026-06-01 14:57:59,240] Trial 5 finished with value: -0.16693121134833563 and parameters: {'confidence_threshold': 0.7111850244908446, 'training_days': 490, 'n_estimators': 362, 'max_depth': 5, 'num_leaves': 40, 'learning_rate': 0.05960785724162737, 'subsample': 0.5589714368907717, 'colsample_bytree': 0.6659006943232806, 'min_child_samples': 42, 'reg_alpha': 0.6741360303045295, 'reg_lambda': 6.054601607143087e-08}. Best is trial 0 with value: -0.08484083501580927.
[I 2026-06-01 14:57:59,428] Trial 6 finished with value: -0.14501400318822508 and parameters: {'confidence_threshold': 0.667482545748023, 'training_days': 420, 'n_estimators': 279, 'max_depth': 3, 'num_leaves': 45, 'learning_rate': 0.040099592560849204, 'subsample': 0.8563114696415159, 'colsample_bytree': 0.5442917781944105, 'min_child_samples': 50, 'reg_alpha': 1.6407916423707903e-08, 'reg_lambda': 2.935907642973286e-05}. Best is trial 0 with value: -0.08484083501580927.
[I 2026-06-01 14:57:59,569] Trial 7 finished with value: -0.135699423350064 and parameters: {'confidence_threshold': 0.5497381024139926, 'training_days': 120, 'n_estimators': 408, 'max_depth': 5, 'num_leaves': 38, 'learning_rate': 0.28049122657745795, 'subsample': 0.8806573338635493, 'colsample_bytree': 0.5454054113547102, 'min_child_samples': 63, 'reg_alpha': 0.01263008637940408, 'reg_lambda': 0.04588020805366937}. Best is trial 0 with value: -0.08484083501580927.
[I 2026-06-01 14:57:59,828] Trial 8 finished with value: -0.14885363035164237 and parameters: {'confidence_threshold': 0.719644804808716, 'training_days': 450, 'n_estimators': 410, 'max_depth': 4, 'num_leaves': 57, 'learning_rate': 0.04022026551478857, 'subsample': 0.5336085426932707, 'colsample_bytree': 0.5705742850577543, 'min_child_samples': 100, 'reg_alpha': 5.916398047912201e-07, 'reg_lambda': 0.9794034214488329}. Best is trial 0 with value: -0.08484083501580927.
