[I 2026-06-01 14:57:11,681] Trial 16 finished with value: 0.046686045276770276 and parameters: {'confidence_threshold': 0.5085861891458139, 'training_days': 380, 'n_estimators': 229, 'max_depth': 4, 'num_leaves': 51, 'learning_rate': 0.010462498007759068, 'subsample': 0.7246723450504624, 'colsample_bytree': 0.7908984992058683, 'min_child_samples': 44, 'reg_alpha': 0.0008437716293795794, 'reg_lambda': 3.5727782052917615e-05}. Best is trial 16 with value: 0.046686045276770276.
[I 2026-06-01 14:57:11,920] Trial 17 finished with value: 0.0280199613285033 and parameters: {'confidence_threshold': 0.5002271757819369, 'training_days': 390, 'n_estimators': 228, 'max_depth': 4, 'num_leaves': 52, 'learning_rate': 0.01141345939282901, 'subsample': 0.7083676610266079, 'colsample_bytree': 0.7876742552486599, 'min_child_samples': 47, 'reg_alpha': 0.010735939528142877, 'reg_lambda': 9.353165297062256e-06}. Best is trial 16 with value: 0.046686045276770276.

    [trial 7] Sharpe=-0.0552 (folds: -0.1453, -0.0992, 0.2484, -0.1122, -0.1677)
    [trial 8] 47 features, training_days=200 | threshold=0.607 | labels: 1154 long, 1014 short (53/47%)
    [trial 8] Sharpe=-0.0780 (folds: -0.0950, 0.1674, -0.1055, -0.3818, 0.0250)
    [trial 9] 47 features, training_days=260 | threshold=0.620 | labels: 1154 long, 1014 short (53/47%)
    [trial 9] Sharpe=0.0456 (folds: 0.0752, 0.2908, 0.1645, -0.3024, 0.0001)
    [trial 10] 47 features, training_days=470 | threshold=0.845 | labels: 1154 long, 1014 short (53/47%)
    [trial 10] Sharpe=-2.1162 (folds: -0.0974, 0.2788, -0.2341, -10.0000, -0.5285)
    [trial 11] 47 features, training_days=360 | threshold=0.716 | labels: 1154 long, 1014 short (53/47%)
    [trial 11] Sharpe=-6.1454 (folds: -0.4097, -10.0000, -0.3174, -10.0000, -10.0000)
    [trial 12] 47 features, training_days=340 | threshold=0.678 | labels: 1154 long, 1014 short (53/47%)
    [trial 12] Sharpe=-0.0013 (folds: -0.0111, 0.1974, 0.0399, -0.1533, -0.0794)
    [trial 13] 47 features, training_days=10 | threshold=0.790 | labels: 1154 long, 1014 short (53/47%)
    [trial 13] Sharpe=-3.9957 (folds: -10.0000, -0.0938, 0.0753, 0.0400, -10.0000)
    [trial 14] 47 features, training_days=310 | threshold=0.699 | labels: 1154 long, 1014 short (53/47%)
    [trial 14] Sharpe=0.0445 (folds: 0.0595, 0.2565, 0.0222, -0.1354, 0.0199)
    [trial 15] 47 features, training_days=390 | threshold=0.841 | labels: 1154 long, 1014 short (53/47%)
    [trial 15] Sharpe=-0.0634 (folds: -0.0287, 0.1699, -0.0188, -0.1199, -0.3197)
    [trial 16] 47 features, training_days=440 | threshold=0.741 | labels: 1154 long, 1014 short (53/47%)
    [trial 16] Sharpe=-1.9733 (folds: 0.0241, 0.3637, -0.3152, -10.0000, 0.0607)
    [trial 17] 47 features, training_days=290 | threshold=0.500 | labels: 1154 long, 1014 short (53/47%)
    [trial 17] Sharpe=-0.0064 (folds: -0.0135, 0.1811, 0.1140, -0.2681, -0.0456)
  Optuna: 18 trials, best Sharpe = 0.0574
  Best params: n_estimators=76, max_depth=4, lr=0.0186, leaves=51
  Best confidence_threshold: 0.755
  Best training_days: 220
  Retrained on full data (660 samples, 47 features)
  [ensemble 3/3] seed=456
    [trial 0] 47 features, training_days=90 | threshold=0.587 | labels: 1154 long, 1014 short (53/47%)
    [CV fold 0] train_end=2021-01-22 08:00 | val_start=2021-01-30 00:00 | gap=184h (22 rows)
    [CV fold 1] train_end=2021-05-22 16:00 | val_start=2021-05-30 08:00 | gap=184h (22 rows)
    [CV fold 2] train_end=2021-09-20 00:00 | val_start=2021-09-27 16:00 | gap=184h (22 rows)
    [CV fold 3] train_end=2022-01-18 08:00 | val_start=2022-01-26 00:00 | gap=184h (22 rows)
    [CV fold 4] train_end=2022-05-18 16:00 | val_start=2022-05-26 08:00 | gap=184h (22 rows)
    [trial 0] Sharpe=0.0388 (folds: -0.0869, -0.0289, 0.2392, -0.0090, 0.0795)
    [trial 1] 47 features, training_days=290 | threshold=0.635 | labels: 1154 long, 1014 short (53/47%)
    [trial 1] Sharpe=0.0286 (folds: 0.0694, 0.2691, 0.1482, -0.2824, -0.0612)
    [trial 2] 47 features, training_days=10 | threshold=0.585 | labels: 1154 long, 1014 short (53/47%)
    [trial 2] Sharpe=0.0100 (folds: -0.0613, -0.0938, 0.0753, 0.0400, 0.0900)
    [trial 3] 47 features, training_days=220 | threshold=0.687 | labels: 1154 long, 1014 short (53/47%)
    [trial 3] Sharpe=-0.0560 (folds: 0.0652, 0.1538, -0.1197, -0.5860, 0.2069)
    [trial 4] 47 features, training_days=300 | threshold=0.562 | labels: 1154 long, 1014 short (53/47%)
    [trial 4] Sharpe=0.0066 (folds: -0.0084, 0.2334, 0.0511, -0.2767, 0.0337)
    [trial 5] 47 features, training_days=490 | threshold=0.711 | labels: 1154 long, 1014 short (53/47%)
    [trial 5] Sharpe=-0.0475 (folds: -0.0246, 0.2148, -0.0077, -0.3244, -0.0956)
    [trial 6] 47 features, training_days=420 | threshold=0.667 | labels: 1154 long, 1014 short (53/47%)
    [trial 6] Sharpe=-0.0069 (folds: 0.0514, 0.2795, 0.0378, -0.3620, -0.0414)
    [trial 7] 47 features, training_days=120 | threshold=0.550 | labels: 1154 long, 1014 short (53/47%)
    [trial 7] Sharpe=-0.0497 (folds: -0.0436, -0.0718, 0.0995, -0.2459, 0.0134)
    [trial 8] 47 features, training_days=450 | threshold=0.720 | labels: 1154 long, 1014 short (53/47%)
    [trial 8] Sharpe=-0.0252 (folds: -0.1062, 0.1988, 0.0614, -0.2489, -0.0311)
    [trial 9] 47 features, training_days=20 | threshold=0.727 | labels: 1154 long, 1014 short (53/47%)
    [trial 9] Sharpe=-4.0130 (folds: -0.0613, -0.0938, -10.0000, -10.0000, 0.0900)
    [trial 10] 47 features, training_days=130 | threshold=0.840 | labels: 1154 long, 1014 short (53/47%)
    [trial 10] Sharpe=0.0013 (folds: -0.0117, 0.1146, 0.1848, -0.1969, -0.0841)
    [trial 11] 47 features, training_days=310 | threshold=0.620 | labels: 1154 long, 1014 short (53/47%)
    [trial 11] Sharpe=0.0241 (folds: 0.0470, 0.1769, 0.0260, -0.1345, 0.0048)
    [trial 12] 47 features, training_days=210 | threshold=0.515 | labels: 1154 long, 1014 short (53/47%)
    [trial 12] Sharpe=-0.0032 (folds: 0.0887, 0.0916, 0.0883, -0.4561, 0.1712)
    [trial 13] 47 features, training_days=380 | threshold=0.631 | labels: 1154 long, 1014 short (53/47%)
    [trial 13] Sharpe=-0.0374 (folds: -0.0098, 0.1482, 0.0005, -0.2569, -0.0691)
    [trial 14] 47 features, training_days=140 | threshold=0.772 | labels: 1154 long, 1014 short (53/47%)
    [trial 14] Sharpe=-0.0472 (folds: 0.0350, -0.0108, 0.1785, -0.3322, -0.1064)
    [trial 15] 47 features, training_days=300 | threshold=0.612 | labels: 1154 long, 1014 short (53/47%)
    [trial 15] Sharpe=0.0405 (folds: 0.0907, 0.2739, 0.1654, -0.3203, -0.0072)
    [trial 16] 47 features, training_days=380 | threshold=0.509 | labels: 1154 long, 1014 short (53/47%)
    [trial 16] Sharpe=0.0467 (folds: 0.0618, 0.2119, 0.1744, -0.3389, 0.1243)
    [trial 17] 47 features, training_days=390 | threshold=0.500 | labels: 1154 long, 1014 short (53/47%)
    [trial 17] Sharpe=0.0280 (folds: 0.0338, 0.1921, 0.0900, -0.2526, 0.0769)
  Optuna: 18 trials, best Sharpe = 0.0467
  Best params: n_estimators=229, max_depth=4, lr=0.0105, leaves=51
  Best confidence_threshold: 0.509
  Best training_days: 380
  Retrained on full data (1140 samples, 47 features)
  OOD: 16 features, cutoff (q=0.7) = 9.46
  Model trained for 2022-10: 93 test candles with features, confidence_threshold=0.695
[trade:close] 2022-10-05 08:00 BTCUSDT LONG → timeout @ 20218.80 | PnL=+7.72% (net +7.62%) | cum=+7.62% 2022-10=+7.62% 2022-10-05=+7.62%
[predict] 2022-10-07 00:00 BTCUSDT → LONG (proba=0.70 TP=7.5%/SL=3.8%)
[trade:open] 2022-10-07 07:59 BTCUSDT LONG @ 19916.80 | SL=19169.90 TP=21410.59 | timeout=2022-10-14 07:59
[trade:close] 2022-10-10 15:59 BTCUSDT LONG → stop_loss @ 19169.90 | PnL=-3.75% (net -3.85%) | cum=+3.77% 2022-10=+3.77% 2022-10-10=-3.85%
[predict] 2022-10-18 16:00 BTCUSDT → LONG (proba=0.70 TP=5.5%/SL=2.7%)
[trade:open] 2022-10-18 23:59 BTCUSDT LONG @ 19320.90 | SL=18790.18 TP=20382.35 | timeout=2022-10-25 23:59
[trade:close] 2022-10-21 15:59 BTCUSDT LONG → stop_loss @ 18790.18 | PnL=-2.75% (net -2.85%) | cum=+0.92% 2022-10=+0.92% 2022-10-21=-2.85%
[predict] 2022-10-23 08:00 BTCUSDT → LONG (proba=0.70 TP=4.0%/SL=2.0%)
[trade:open] 2022-10-23 15:59 BTCUSDT LONG @ 19180.60 | SL=18793.86 TP=19954.07 | timeout=2022-10-30 15:59
[trade:close] 2022-10-25 23:59 BTCUSDT LONG → take_profit @ 19954.07 | PnL=+4.03% (net +3.93%) | cum=+4.85% 2022-10=+4.85% 2022-10-25=+3.93%
[predict] 2022-10-27 08:00 BTCUSDT → SHORT (proba=0.74 TP=6.0%/SL=3.0%)
[trade:open] 2022-10-27 15:59 BTCUSDT SHORT @ 20554.00 | SL=21167.31 TP=19327.38 | timeout=2022-11-03 15:59
[lgbm] === Training for 2022-11 ===
  Train window: 2020-11-01 → 2022-10-24
  2168 training samples from 1 symbols
  Samples per month: 2020-11: 90, 2020-12: 93, 2021-01: 93, 2021-02: 84, 2021-03: 93, 2021-04: 90, 2021-05: 93, 2021-06: 90, 2021-07: 93, 2021-08: 93, 2021-09: 90, 2021-10: 93, 2021-11: 90, 2021-12: 93, 2022-01: 93, 2022-02: 84, 2022-03: 93, 2022-04: 90, 2022-05: 93, 2022-06: 90, 2022-07: 93, 2022-08: 93, 2022-09: 90, 2022-10: 71
  [label] 2021-01-01 16:00 BTCUSDT entry=29337.1600 → LONG | long=tp(+12.20%) short=sl(-6.25%) | scanned=3 | long_tp_only
  [label] 2021-01-03 16:00 BTCUSDT entry=33054.5300 → SHORT | long=sl(-8.02%) short=tp(+15.74%) | scanned=2 | short_tp_only[I 2026-06-01 14:57:12,370] A new study created in memory with name: no-name-2d142174-f98c-491a-bafd-9ab0ee3b1e31
[I 2026-06-01 14:57:12,681] Trial 0 finished with value: -0.015895021246409083 and parameters: {'confidence_threshold': 0.6310890415965769, 'training_days': 480, 'n_estimators': 380, 'max_depth': 4, 'num_leaves': 22, 'learning_rate': 0.01699897838270077, 'subsample': 0.5290418060840998, 'colsample_bytree': 0.9330880728874675, 'min_child_samples': 68, 'reg_alpha': 0.023585940584142682, 'reg_lambda': 1.5320059381854043e-08}. Best is trial 0 with value: -0.015895021246409083.
[I 2026-06-01 14:57:12,804] Trial 1 finished with value: -2.1086470277102216 and parameters: {'confidence_threshold': 0.839468448256698, 'training_days': 420, 'n_estimators': 145, 'max_depth': 3, 'num_leaves': 23, 'learning_rate': 0.028145092716060652, 'subsample': 0.762378215816119, 'colsample_bytree': 0.7159725093210578, 'min_child_samples': 43, 'reg_alpha': 0.0032112643094417484, 'reg_lambda': 1.8007140198129195e-07}. Best is trial 0 with value: -0.015895021246409083.
[I 2026-06-01 14:57:12,950] Trial 2 finished with value: 0.003504825221259501 and parameters: {'confidence_threshold': 0.6022506269873263, 'training_days': 190, 'n_estimators': 255, 'max_depth': 5, 'num_leaves': 24, 'learning_rate': 0.05748924681991978, 'subsample': 0.7962072844310213, 'colsample_bytree': 0.5232252063599989, 'min_child_samples': 69, 'reg_alpha': 3.425445902633376e-07, 'reg_lambda': 3.850031979199519e-08}. Best is trial 2 with value: 0.003504825221259501.
[I 2026-06-01 14:57:13,200] Trial 3 finished with value: -0.07296762907269343 and parameters: {'confidence_threshold': 0.8321099380386666, 'training_days': 490, 'n_estimators': 414, 'max_depth': 3, 'num_leaves': 19, 'learning_rate': 0.1024932221692416, 'subsample': 0.7200762468698007, 'colsample_bytree': 0.5610191174223894, 'min_child_samples': 60, 'reg_alpha': 2.039373116525212e-08, 'reg_lambda': 1.527156759251193}. Best is trial 2 with value: 0.003504825221259501.
[I 2026-06-01 14:57:13,345] Trial 4 finished with value: 0.023964175970699254 and parameters: {'confidence_threshold': 0.5905729935600059, 'training_days': 340, 'n_estimators': 190, 'max_depth': 4, 'num_leaves': 41, 'learning_rate': 0.01875220945578641, 'subsample': 0.9847923138822793, 'colsample_bytree': 0.8875664116805573, 'min_child_samples': 96, 'reg_alpha': 1.1309571585271483, 'reg_lambda': 0.002404915432737351}. Best is trial 4 with value: 0.023964175970699254.
[I 2026-06-01 14:57:13,383] Trial 5 finished with value: -2.2027464507518593 and parameters: {'confidence_threshold': 0.8226559822580909, 'training_days': 50, 'n_estimators': 138, 'max_depth': 3, 'num_leaves': 30, 'learning_rate': 0.03750796359625606, 'subsample': 0.6356745158869479, 'colsample_bytree': 0.9143687545759647, 'min_child_samples': 48, 'reg_alpha': 3.376063348877853e-06, 'reg_lambda': 0.0007660634613082914}. Best is trial 4 with value: 0.023964175970699254.
[I 2026-06-01 14:57:13,488] Trial 6 finished with value: 0.009377187217246102 and parameters: {'confidence_threshold': 0.5493234787411669, 'training_days': 410, 'n_estimators': 83, 'max_depth': 5, 'num_leaves': 52, 'learning_rate': 0.019657448966046126, 'subsample': 0.5027610585618012, 'colsample_bytree': 0.9077307142274171, 'min_child_samples': 77, 'reg_alpha': 0.03639690979811287, 'reg_lambda': 0.08738424135626986}. Best is trial 4 with value: 0.023964175970699254.
[I 2026-06-01 14:57:13,577] Trial 7 finished with value: 0.017105398981487108 and parameters: {'confidence_threshold': 0.5259156281069316, 'training_days': 180, 'n_estimators': 102, 'max_depth': 5, 'num_leaves': 45, 'learning_rate': 0.030816017044468066, 'subsample': 0.5317791751430119, 'colsample_bytree': 0.6554911608578311, 'min_child_samples': 46, 'reg_alpha': 0.036851536911881845, 'reg_lambda': 0.005470376807480391}. Best is trial 4 with value: 0.023964175970699254.
[I 2026-06-01 14:57:13,676] Trial 8 finished with value: 0.11009550681994269 and parameters: {'confidence_threshold': 0.8105244599017143, 'training_days': 240, 'n_estimators': 103, 'max_depth': 5, 'num_leaves': 52, 'learning_rate': 0.06746437142284309, 'subsample': 0.8854835899772805, 'colsample_bytree': 0.7468977981821954, 'min_child_samples': 62, 'reg_alpha': 7.04480806377519e-05, 'reg_lambda': 1.6934490731313353e-08}. Best is trial 8 with value: 0.11009550681994269.
[I 2026-06-01 14:57:13,701] Trial 9 finished with value: -0.11961965805041672 and parameters: {'confidence_threshold': 0.5377619994476566, 'training_days': 20, 'n_estimators': 337, 'max_depth': 3, 'num_leaves': 39, 'learning_rate': 0.21907142272152816, 'subsample': 0.6246461145744375, 'colsample_bytree': 0.7051914615178149, 'min_child_samples': 81, 'reg_alpha': 1.1459970229341322e-06, 'reg_lambda': 4.929685216887945e-08}. Best is trial 8 with value: 0.11009550681994269.
[I 2026-06-01 14:57:14,251] Trial 10 finished with value: -0.028897551386946517 and parameters: {'confidence_threshold': 0.734042426776949, 'training_days': 280, 'n_estimators': 487, 'max_depth': 5, 'num_leaves': 62, 'learning_rate': 0.10432148521337849, 'subsample': 0.9416850669512905, 'colsample_bytree': 0.8120417635861826, 'min_child_samples': 27, 'reg_alpha': 7.238112263003475e-05, 'reg_lambda': 3.3639426888455256e-06}. Best is trial 8 with value: 0.11009550681994269.
[I 2026-06-01 14:57:14,401] Trial 11 finished with value: 0.09474362314337591 and parameters: {'confidence_threshold': 0.7192552477034038, 'training_days': 290, 'n_estimators': 223, 'max_depth': 4, 'num_leaves': 53, 'learning_rate': 0.010418004616766478, 'subsample': 0.9987925440125851, 'colsample_bytree': 0.8164708272936286, 'min_child_samples': 97, 'reg_alpha': 5.370415467243256, 'reg_lambda': 1.2919440532274802e-05}. Best is trial 8 with value: 0.11009550681994269.
[I 2026-06-01 14:57:14,528] Trial 12 finished with value: 0.1117924139970297 and parameters: {'confidence_threshold': 0.7341332481359052, 'training_days': 190, 'n_estimators': 256, 'max_depth': 4, 'num_leaves': 55, 'learning_rate': 0.01064264120978801, 'subsample': 0.8848579707387314, 'colsample_bytree': 0.8029806514921616, 'min_child_samples': 100, 'reg_alpha': 5.770700012836293, 'reg_lambda': 7.618021677092772e-06}. Best is trial 12 with value: 0.1117924139970297.
[I 2026-06-01 14:57:14,780] Trial 13 finished with value: -0.005782789027763236 and parameters: {'confidence_threshold': 0.7680477997919558, 'training_days': 160, 'n_estimators': 310, 'max_depth': 4, 'num_leaves': 62, 'learning_rate': 0.07177834328984714, 'subsample': 0.8690491710631163, 'colsample_bytree': 0.9983412400714563, 'min_child_samples': 22, 'reg_alpha': 0.00011610679556904135, 'reg_lambda': 4.448098583586055e-06}. Best is trial 12 with value: 0.1117924139970297.
[I 2026-06-01 14:57:14,833] Trial 14 finished with value: -0.06772030246252575 and parameters: {'confidence_threshold': 0.680081175030563, 'training_days': 130, 'n_estimators': 58, 'max_depth': 4, 'num_leaves': 52, 'learning_rate': 0.15967921648819136, 'subsample': 0.8681243940127022, 'colsample_bytree': 0.7902943510091687, 'min_child_samples': 86, 'reg_alpha': 0.0009052870261507429, 'reg_lambda': 7.564493563877157e-05}. Best is trial 12 with value: 0.1117924139970297.
[I 2026-06-01 14:57:15,043] Trial 15 finished with value: -0.09618148922334724 and parameters: {'confidence_threshold': 0.7674115984642694, 'training_days': 230, 'n_estimators': 182, 'max_depth': 5, 'num_leaves': 57, 'learning_rate': 0.010029988198646294, 'subsample': 0.8634823758940223, 'colsample_bytree': 0.6290746674720268, 'min_child_samples': 37, 'reg_alpha': 0.3826390912478647, 'reg_lambda': 7.704374603230853e-07}. Best is trial 12 with value: 0.1117924139970297.
[I 2026-06-01 14:57:15,138] Trial 16 finished with value: -0.09650147832248264 and parameters: {'confidence_threshold': 0.7746542026999572, 'training_days': 90, 'n_estimators': 282, 'max_depth': 4, 'num_leaves': 44, 'learning_rate': 0.043764744521722666, 'subsample': 0.9351005223143483, 'colsample_bytree': 0.7663584390575363, 'min_child_samples': 58, 'reg_alpha': 1.6230643075200477e-05, 'reg_lambda': 4.926358953789478e-05}. Best is trial 12 with value: 0.1117924139970297.
[I 2026-06-01 14:57:15,301] Trial 17 finished with value: 0.006239120317581702 and parameters: {'confidence_threshold': 0.6755099553978283, 'training_days': 340, 'n_estimators': 223, 'max_depth': 4, 'num_leaves': 34, 'learning_rate': 0.07840168146211392, 'subsample': 0.8186049663138868, 'colsample_bytree': 0.8478125306765343, 'min_child_samples': 90, 'reg_alpha': 0.002172019397210802, 'reg_lambda': 6.880925840516315e-07}. Best is trial 12 with value: 0.1117924139970297.
[I 2026-06-01 14:57:15,474] A new study created in memory with name: no-name-c80f75d2-597a-42ae-afe9-c07f683eb9f5
[I 2026-06-01 14:57:15,570] Trial 0 finished with value: 0.009957924321611826 and parameters: {'confidence_threshold': 0.7437642149592516, 'training_days': 150, 'n_estimators': 152, 'max_depth': 4, 'num_leaves': 50, 'learning_rate': 0.04216766425047743, 'subsample': 0.9903820991923078, 'colsample_bytree': 0.8424148692924316, 'min_child_samples': 58, 'reg_alpha': 3.381097259762742e-05, 'reg_lambda': 1.2263152961306247e-05}. Best is trial 0 with value: 0.009957924321611826.
[I 2026-06-01 14:57:15,645] Trial 1 finished with value: -0.012978648021379375 and parameters: {'confidence_threshold': 0.7551673975844145, 'training_days': 220, 'n_estimators': 76, 'max_depth': 4, 'num_leaves': 51, 'learning_rate': 0.018602118810743477, 'subsample': 0.5877258780737462, 'colsample_bytree': 0.7657756869209191, 'min_child_samples': 63, 'reg_alpha': 0.005123994170264194, 'reg_lambda': 0.44145470178120466}. Best is trial 0 with value: 0.009957924321611826.
[I 2026-06-01 14:57:15,898] Trial 2 finished with value: 0.015055653851638285 and parameters: {'confidence_threshold': 0.7535593637012223, 'training_days': 310, 'n_estimators': 375, 'max_depth': 3, 'num_leaves': 32, 'learning_rate': 0.021735641882032388, 'subsample': 0.6468570231944146, 'colsample_bytree': 0.8154880619272439, 'min_child_samples': 27, 'reg_alpha': 8.004064028491336e-05, 'reg_lambda': 7.546835261630524e-05}. Best is trial 2 with value: 0.015055653851638285.
[I 2026-06-01 14:57:16,075] Trial 3 finished with value: -0.03818693836416552 and parameters: {'confidence_threshold': 0.6727897841776072, 'training_days': 220, 'n_estimators': 190, 'max_depth': 4, 'num_leaves': 58, 'learning_rate': 0.24810689332636193, 'subsample': 0.7509183379421682, 'colsample_bytree': 0.8119764758960556, 'min_child_samples': 29, 'reg_alpha': 7.1708285081421445e-06, 'reg_lambda': 5.412973582738627e-05}. Best is trial 2 with value: 0.015055653851638285.
