[I 2026-06-01 15:00:15,067] Trial 5 finished with value: -0.037138524351963194 and parameters: {'confidence_threshold': 0.8226559822580909, 'training_days': 50, 'n_estimators': 138, 'max_depth': 3, 'num_leaves': 30, 'learning_rate': 0.03750796359625606, 'subsample': 0.6356745158869479, 'colsample_bytree': 0.9143687545759647, 'min_child_samples': 48, 'reg_alpha': 3.376063348877853e-06, 'reg_lambda': 0.0007660634613082914}. Best is trial 0 with value: 0.011616579222346057.
[I 2026-06-01 15:00:15,176] Trial 6 finished with value: 0.0007973846049447508 and parameters: {'confidence_threshold': 0.5493234787411669, 'training_days': 410, 'n_estimators': 83, 'max_depth': 5, 'num_leaves': 52, 'learning_rate': 0.019657448966046126, 'subsample': 0.5027610585618012, 'colsample_bytree': 0.9077307142274171, 'min_child_samples': 77, 'reg_alpha': 0.03639690979811287, 'reg_lambda': 0.08738424135626986}. Best is trial 0 with value: 0.011616579222346057.
[I 2026-06-01 15:00:15,273] Trial 7 finished with value: 0.035375282560527896 and parameters: {'confidence_threshold': 0.5259156281069316, 'training_days': 180, 'n_estimators': 102, 'max_depth': 5, 'num_leaves': 45, 'learning_rate': 0.030816017044468066, 'subsample': 0.5317791751430119, 'colsample_bytree': 0.6554911608578311, 'min_child_samples': 46, 'reg_alpha': 0.036851536911881845, 'reg_lambda': 0.005470376807480391}. Best is trial 7 with value: 0.035375282560527896.

    [trial 8] 47 features, training_days=450 | threshold=0.720 | labels: 1147 long, 1024 short (53/47%)
    [trial 8] Sharpe=0.0024 (folds: -0.4202, -0.1561, 0.1851, 0.2806, 0.1228)
    [trial 9] 47 features, training_days=20 | threshold=0.727 | labels: 1147 long, 1024 short (53/47%)
    [trial 9] Sharpe=-2.2177 (folds: -0.3433, -0.1234, -0.1527, -0.4692, -10.0000)
    [trial 10] 47 features, training_days=200 | threshold=0.828 | labels: 1147 long, 1024 short (53/47%)
    [trial 10] Sharpe=-8.0189 (folds: -10.0000, -10.0000, -0.0944, -10.0000, -10.0000)
    [trial 11] 47 features, training_days=310 | threshold=0.792 | labels: 1147 long, 1024 short (53/47%)
    [trial 11] Sharpe=0.0423 (folds: -0.3648, -0.0485, 0.1656, 0.1884, 0.2706)
    [trial 12] 47 features, training_days=360 | threshold=0.824 | labels: 1147 long, 1024 short (53/47%)
    [trial 12] Sharpe=0.0929 (folds: -0.4216, -0.2238, 0.4347, 0.2118, 0.4636)
    [trial 13] 47 features, training_days=380 | threshold=0.504 | labels: 1147 long, 1024 short (53/47%)
    [trial 13] Sharpe=0.0110 (folds: -0.2786, -0.0341, 0.0756, 0.1990, 0.0928)
    [trial 14] 47 features, training_days=210 | threshold=0.772 | labels: 1147 long, 1024 short (53/47%)
    [trial 14] Sharpe=0.0012 (folds: -0.2653, -0.1959, 0.1375, 0.3145, 0.0153)
    [trial 15] 47 features, training_days=220 | threshold=0.849 | labels: 1147 long, 1024 short (53/47%)
    [trial 15] Sharpe=-4.4258 (folds: -0.5069, -1.9029, 0.2810, -10.0000, -10.0000)
    [trial 16] 47 features, training_days=360 | threshold=0.774 | labels: 1147 long, 1024 short (53/47%)
    [trial 16] Sharpe=-0.0231 (folds: -0.2236, -0.3895, 0.1576, -0.1249, 0.4648)
    [trial 17] 47 features, training_days=150 | threshold=0.663 | labels: 1147 long, 1024 short (53/47%)
    [trial 17] Sharpe=0.0069 (folds: -0.2562, -0.1117, 0.1638, 0.0935, 0.1451)
  Optuna: 18 trials, best Sharpe = 0.0929
  Best params: n_estimators=54, max_depth=4, lr=0.1241, leaves=15
  Best confidence_threshold: 0.824
  Best training_days: 360
  Retrained on full data (1080 samples, 47 features)
  OOD: 16 features, cutoff (q=0.7) = 10.21
  Model trained for 2024-04: 90 test candles with features, confidence_threshold=0.685
[predict] 2024-04-09 00:00 BTCUSDT → SHORT (proba=0.70 TP=7.6%/SL=3.8%)
[trade:open] 2024-04-09 07:59 BTCUSDT SHORT @ 70444.00 | SL=73125.36 TP=65081.27 | timeout=2024-04-16 07:59
[trade:close] 2024-04-13 23:59 BTCUSDT SHORT → take_profit @ 65081.27 | PnL=+7.61% (net +7.51%) | cum=-13.53% 2024-04=+7.51% 2024-04-13=+7.51%
[predict] 2024-04-28 16:00 BTCUSDT → SHORT (proba=0.71 TP=6.8%/SL=3.4%)
[trade:open] 2024-04-28 23:59 BTCUSDT SHORT @ 63088.30 | SL=65245.82 TP=58773.27 | timeout=2024-05-05 23:59
[trade:close] 2024-05-01 07:59 BTCUSDT SHORT → take_profit @ 58773.27 | PnL=+6.84% (net +6.74%) | cum=-6.79% 2024-05=+6.74% 2024-05-01=+6.74%
[lgbm] === Training for 2024-05 ===
  Train window: 2022-05-01 → 2024-04-23
  2171 training samples from 1 symbols
  Samples per month: 2022-05: 93, 2022-06: 90, 2022-07: 93, 2022-08: 93, 2022-09: 90, 2022-10: 93, 2022-11: 90, 2022-12: 93, 2023-01: 93, 2023-02: 84, 2023-03: 93, 2023-04: 90, 2023-05: 93, 2023-06: 90, 2023-07: 93, 2023-08: 93, 2023-09: 90, 2023-10: 93, 2023-11: 90, 2023-12: 93, 2024-01: 93, 2024-02: 87, 2024-03: 93, 2024-04: 68
  [label] 2022-07-01 16:00 BTCUSDT entry=19272.0000 → LONG | long=tp(+14.21%) short=sl(-7.26%) | scanned=19 | long_tp_only
  [label] 2022-07-04 00:00 BTCUSDT entry=19115.2000 → LONG | long=tp(+10.90%) short=sl(-5.60%) | scanned=11 | long_tp_only
  [label] 2022-07-07 16:00 BTCUSDT entry=21613.4000 → SHORT | long=sl(-5.51%) short=tp(+10.72%) | scanned=15 | short_tp_only
  [label] 2022-08-01 08:00 BTCUSDT entry=23315.1000 → LONG | long=timeout(+2.78%) short=timeout(-2.98%) | scanned=22 | no_tp→fwd_return=+2.8814
  [label] 2022-09-23 00:00 BTCUSDT entry=19216.4000 → LONG | long=timeout(+1.69%) short=timeout(-1.89%) | scanned=22 | no_tp→fwd_return=+1.7922
  [label] 2023-03-08 00:00 BTCUSDT entry=21962.2000 → SHORT | long=sl(-3.17%) short=tp(+6.03%) | scanned=5 | short_tp_only
  [label] 2023-03-12 00:00 BTCUSDT entry=20335.6000 → LONG | long=tp(+8.83%) short=sl(-4.56%) | scanned=2 | long_tp_only
  [label] 2023-03-22 16:00 BTCUSDT entry=27233.8000 → LONG | long=timeout(+3.96%) short=timeout(-4.16%) | scanned=22 | no_tp→fwd_return=+4.0564
  [label] 2023-05-06 16:00 BTCUSDT entry=28837.8000 → SHORT | long=sl(-3.94%) short=tp(+7.59%) | scanned=16 | short_tp_only
  [label] 2023-05-15 08:00 BTCUSDT entry=27383.0000 → SHORT | long=sl(-3.52%) short=timeout(+1.80%) | scanned=22 | no_tp→fwd_return=-1.8983
  [label] 2023-08-13 16:00 BTCUSDT entry=29293.3000 → SHORT | long=sl(-1.37%) short=sl(-1.37%) | scanned=9 | no_tp→fwd_return=-1.9762
  [label] 2023-09-14 16:00 BTCUSDT entry=26510.3000 → LONG | long=timeout(+0.06%) short=sl(-3.07%) | scanned=22 | no_tp→fwd_return=+0.1596
  [label] 2023-10-01 00:00 BTCUSDT entry=27092.1000 → LONG | long=tp(+3.68%) short=sl(-1.99%) | scanned=2 | long_tp_only
  [label] 2023-10-13 16:00 BTCUSDT entry=26849.8000 → LONG | long=tp(+4.34%) short=sl(-2.32%) | scanned=7 | long_tp_only
  [label] 2023-11-01 00:00 BTCUSDT entry=34463.9000 → LONG | long=timeout(+2.15%) short=sl(-3.13%) | scanned=22 | no_tp→fwd_return=+2.2508
  [label] 2023-11-07 08:00 BTCUSDT entry=34728.4000 → LONG | long=tp(+5.55%) short=sl(-2.92%) | scanned=5 | long_tp_only
  [label] 2023-11-19 16:00 BTCUSDT entry=37375.9000 → LONG | long=sl(-3.46%) short=timeout(-0.27%) | scanned=22 | no_tp→fwd_return=+0.1659
  [label] 2023-12-29 08:00 BTCUSDT entry=42301.6000 → LONG | long=tp(+6.34%) short=sl(-3.32%) | scanned=11 | long_tp_only
  [label] 2024-01-08 00:00 BTCUSDT entry=43970.0000 → LONG | long=tp(+8.09%) short=sl(-4.20%) | scanned=5 | long_tp_only
  [label] 2024-04-03 08:00 BTCUSDT entry=65873.9000 → LONG | long=tp(+9.17%) short=sl(-4.74%) | scanned=15 | long_tp_only
  Labels: 1152 long (53.1%), 1019 short (46.9%) | weights: min=1.00, mean=2.88, max=10.00
  Features: 2171/2171 matched, 47 columns
  CV gap: 22 rows
  [ensemble 1/3] seed=42
    [trial 0] 47 features, training_days=480 | threshold=0.631 | labels: 1152 long, 1019 short (53/47%)
    [CV fold 0] train_end=2022-08-23 08:00 | val_start=2022-08-31 00:00 | gap=184h (22 rows)
    [CV fold 1] train_end=2022-12-21 16:00 | val_start=2022-12-29 08:00 | gap=184h (22 rows)
    [CV fold 2] train_end=2023-04-21 00:00 | val_start=2023-04-28 16:00 | gap=184h (22 rows)
    [CV fold 3] train_end=2023-08-19 08:00 | val_start=2023-08-27 00:00 | gap=184h (22 rows)
    [CV fold 4] train_end=2023-12-17 16:00 | val_start=2023-12-25 08:00 | gap=184h (22 rows)
    [trial 0] Sharpe=0.0116 (folds: -0.1262, -0.0699, -0.1217, 0.1055, 0.2703)
    [trial 1] 47 features, training_days=420 | threshold=0.839 | labels: 1152 long, 1019 short (53/47%)
    [trial 1] Sharpe=-6.1373 (folds: -0.2279, -0.4587, -10.0000, -10.0000, -10.0000)
    [trial 2] 47 features, training_days=190 | threshold=0.602 | labels: 1152 long, 1019 short (53/47%)
    [trial 2] Sharpe=-0.0002 (folds: -0.1769, 0.0204, 0.0867, 0.0317, 0.0371)
    [trial 3] 47 features, training_days=490 | threshold=0.832 | labels: 1152 long, 1019 short (53/47%)
    [trial 3] Sharpe=-0.0195 (folds: -0.1578, -0.1474, -0.2134, 0.1241, 0.2970)
    [trial 4] 47 features, training_days=340 | threshold=0.591 | labels: 1152 long, 1019 short (53/47%)
    [trial 4] Sharpe=-0.0066 (folds: -0.2805, -0.0720, -0.1053, 0.0247, 0.4002)
    [trial 5] 47 features, training_days=50 | threshold=0.823 | labels: 1152 long, 1019 short (53/47%)
    [trial 5] Sharpe=-0.0371 (folds: 0.1169, -0.1522, -0.1521, -0.2248, 0.2265)
    [trial 6] 47 features, training_days=410 | threshold=0.549 | labels: 1152 long, 1019 short (53/47%)
    [trial 6] Sharpe=0.0008 (folds: -0.3456, -0.0122, -0.1270, 0.0571, 0.4317)
    [trial 7] 47 features, training_days=180 | threshold=0.526 | labels: 1152 long, 1019 short (53/47%)
    [trial 7] Sharpe=0.0354 (folds: -0.1503, 0.0687, -0.0056, 0.0927, 0.1714)
    [trial 8] 47 features, training_days=240 | threshold=0.811 | labels: 1152 long, 1019 short (53/47%)
    [trial 8] Sharpe=-0.1110 (folds: -0.1650, -0.2011, -0.2316, 0.0479, -0.0054)[I 2026-06-01 15:00:15,374] Trial 8 finished with value: -0.11102638434533854 and parameters: {'confidence_threshold': 0.8105244599017143, 'training_days': 240, 'n_estimators': 103, 'max_depth': 5, 'num_leaves': 52, 'learning_rate': 0.06746437142284309, 'subsample': 0.8854835899772805, 'colsample_bytree': 0.7468977981821954, 'min_child_samples': 62, 'reg_alpha': 7.04480806377519e-05, 'reg_lambda': 1.6934490731313353e-08}. Best is trial 7 with value: 0.035375282560527896.
[I 2026-06-01 15:00:15,400] Trial 9 finished with value: -0.07191577277934436 and parameters: {'confidence_threshold': 0.5377619994476566, 'training_days': 20, 'n_estimators': 337, 'max_depth': 3, 'num_leaves': 39, 'learning_rate': 0.21907142272152816, 'subsample': 0.6246461145744375, 'colsample_bytree': 0.7051914615178149, 'min_child_samples': 81, 'reg_alpha': 1.1459970229341322e-06, 'reg_lambda': 4.929685216887945e-08}. Best is trial 7 with value: 0.035375282560527896.
[I 2026-06-01 15:00:15,779] Trial 10 finished with value: -0.055081747348540364 and parameters: {'confidence_threshold': 0.6797821749717731, 'training_days': 140, 'n_estimators': 487, 'max_depth': 5, 'num_leaves': 62, 'learning_rate': 0.011407797829608154, 'subsample': 0.6277217293825994, 'colsample_bytree': 0.6445296297918679, 'min_child_samples': 24, 'reg_alpha': 8.536188349289, 'reg_lambda': 4.685556761390157e-06}. Best is trial 7 with value: 0.035375282560527896.
[I 2026-06-01 15:00:16,059] Trial 11 finished with value: -0.026865713430494886 and parameters: {'confidence_threshold': 0.691063738573807, 'training_days': 300, 'n_estimators': 291, 'max_depth': 4, 'num_leaves': 36, 'learning_rate': 0.010345547951401532, 'subsample': 0.5039181992850618, 'colsample_bytree': 0.8242066785264957, 'min_child_samples': 37, 'reg_alpha': 0.04114419114161996, 'reg_lambda': 1.2919440532274802e-05}. Best is trial 7 with value: 0.035375282560527896.
[I 2026-06-01 15:00:16,285] Trial 12 finished with value: -0.029401757832861974 and parameters: {'confidence_threshold': 0.5092836613556319, 'training_days': 130, 'n_estimators': 389, 'max_depth': 4, 'num_leaves': 46, 'learning_rate': 0.03208899494279826, 'subsample': 0.5707355051389618, 'colsample_bytree': 0.9958605161679226, 'min_child_samples': 53, 'reg_alpha': 0.0005730546360164263, 'reg_lambda': 0.026713385242792945}. Best is trial 7 with value: 0.035375282560527896.
[I 2026-06-01 15:00:16,506] Trial 13 finished with value: 0.0035854367034298894 and parameters: {'confidence_threshold': 0.6297997714617745, 'training_days': 250, 'n_estimators': 230, 'max_depth': 4, 'num_leaves': 29, 'learning_rate': 0.018778076270349095, 'subsample': 0.5612314540705958, 'colsample_bytree': 0.5961799392941978, 'min_child_samples': 31, 'reg_alpha': 0.09964423719975005, 'reg_lambda': 2.3389066954722083e-05}. Best is trial 7 with value: 0.035375282560527896.
[I 2026-06-01 15:00:16,886] Trial 14 finished with value: -0.018131023529915503 and parameters: {'confidence_threshold': 0.7433995508263468, 'training_days': 500, 'n_estimators': 499, 'max_depth': 4, 'num_leaves': 15, 'learning_rate': 0.1023395437286521, 'subsample': 0.6921978229492781, 'colsample_bytree': 0.8077573619878425, 'min_child_samples': 87, 'reg_alpha': 0.0035456643748467127, 'reg_lambda': 0.022565721363852428}. Best is trial 7 with value: 0.035375282560527896.
[I 2026-06-01 15:00:16,968] Trial 15 finished with value: -0.2482028104421629 and parameters: {'confidence_threshold': 0.6459551572231198, 'training_days': 340, 'n_estimators': 52, 'max_depth': 5, 'num_leaves': 46, 'learning_rate': 0.014699530792100986, 'subsample': 0.548458572165633, 'colsample_bytree': 0.645113861458234, 'min_child_samples': 68, 'reg_alpha': 8.430542834627463e-05, 'reg_lambda': 2.434172666116854}. Best is trial 7 with value: 0.035375282560527896.
[I 2026-06-01 15:00:17,170] Trial 16 finished with value: -0.04991358178667726 and parameters: {'confidence_threshold': 0.735452113608087, 'training_days': 140, 'n_estimators': 339, 'max_depth': 4, 'num_leaves': 63, 'learning_rate': 0.0410517083068412, 'subsample': 0.8240926506451633, 'colsample_bytree': 0.9826162589395974, 'min_child_samples': 55, 'reg_alpha': 0.3403466999682457, 'reg_lambda': 7.89499320419467e-07}. Best is trial 7 with value: 0.035375282560527896.
[I 2026-06-01 15:00:17,477] Trial 17 finished with value: -0.010153974702193414 and parameters: {'confidence_threshold': 0.5662625517782536, 'training_days': 200, 'n_estimators': 417, 'max_depth': 4, 'num_leaves': 31, 'learning_rate': 0.024683747630889992, 'subsample': 0.6871124909167683, 'colsample_bytree': 0.7952908891858086, 'min_child_samples': 41, 'reg_alpha': 0.0036650327210748673, 'reg_lambda': 0.00020614774879284444}. Best is trial 7 with value: 0.035375282560527896.
[I 2026-06-01 15:00:17,809] A new study created in memory with name: no-name-feb2a4d2-1720-4b23-9ba5-5ec7c973f445
[I 2026-06-01 15:00:17,903] Trial 0 finished with value: -0.012459435128668006 and parameters: {'confidence_threshold': 0.7437642149592516, 'training_days': 150, 'n_estimators': 152, 'max_depth': 4, 'num_leaves': 50, 'learning_rate': 0.04216766425047743, 'subsample': 0.9903820991923078, 'colsample_bytree': 0.8424148692924316, 'min_child_samples': 58, 'reg_alpha': 3.381097259762742e-05, 'reg_lambda': 1.2263152961306247e-05}. Best is trial 0 with value: -0.012459435128668006.
[I 2026-06-01 15:00:17,976] Trial 1 finished with value: -1.9540565962053353 and parameters: {'confidence_threshold': 0.7551673975844145, 'training_days': 220, 'n_estimators': 76, 'max_depth': 4, 'num_leaves': 51, 'learning_rate': 0.018602118810743477, 'subsample': 0.5877258780737462, 'colsample_bytree': 0.7657756869209191, 'min_child_samples': 63, 'reg_alpha': 0.005123994170264194, 'reg_lambda': 0.44145470178120466}. Best is trial 0 with value: -0.012459435128668006.
[I 2026-06-01 15:00:18,230] Trial 2 finished with value: 0.025257116632906106 and parameters: {'confidence_threshold': 0.7535593637012223, 'training_days': 310, 'n_estimators': 375, 'max_depth': 3, 'num_leaves': 32, 'learning_rate': 0.021735641882032388, 'subsample': 0.6468570231944146, 'colsample_bytree': 0.8154880619272439, 'min_child_samples': 27, 'reg_alpha': 8.004064028491336e-05, 'reg_lambda': 7.546835261630524e-05}. Best is trial 2 with value: 0.025257116632906106.
[I 2026-06-01 15:00:18,393] Trial 3 finished with value: 0.03961220839368876 and parameters: {'confidence_threshold': 0.6727897841776072, 'training_days': 220, 'n_estimators': 190, 'max_depth': 4, 'num_leaves': 58, 'learning_rate': 0.24810689332636193, 'subsample': 0.7509183379421682, 'colsample_bytree': 0.8119764758960556, 'min_child_samples': 29, 'reg_alpha': 7.1708285081421445e-06, 'reg_lambda': 5.412973582738627e-05}. Best is trial 3 with value: 0.03961220839368876.
[I 2026-06-01 15:00:18,509] Trial 4 finished with value: -0.02768766133280597 and parameters: {'confidence_threshold': 0.803208205259178, 'training_days': 130, 'n_estimators': 267, 'max_depth': 5, 'num_leaves': 40, 'learning_rate': 0.08041175317374143, 'subsample': 0.5603143329951619, 'colsample_bytree': 0.9131704002534167, 'min_child_samples': 68, 'reg_alpha': 0.0008046593428183385, 'reg_lambda': 1.2158346158765583e-05}. Best is trial 3 with value: 0.03961220839368876.
[I 2026-06-01 15:00:18,742] Trial 5 finished with value: -0.02925626210755309 and parameters: {'confidence_threshold': 0.6064422761595144, 'training_days': 210, 'n_estimators': 357, 'max_depth': 5, 'num_leaves': 40, 'learning_rate': 0.0974221287220869, 'subsample': 0.7929682762811064, 'colsample_bytree': 0.8124517510478, 'min_child_samples': 74, 'reg_alpha': 0.3811377260781234, 'reg_lambda': 5.607314238392041e-08}. Best is trial 3 with value: 0.03961220839368876.
[I 2026-06-01 15:00:18,846] Trial 6 finished with value: 0.0008759144585004819 and parameters: {'confidence_threshold': 0.7672889945051684, 'training_days': 130, 'n_estimators': 137, 'max_depth': 4, 'num_leaves': 19, 'learning_rate': 0.2031117614248665, 'subsample': 0.8136244860256343, 'colsample_bytree': 0.8617081790949774, 'min_child_samples': 21, 'reg_alpha': 0.002238138278733199, 'reg_lambda': 0.001025809534977322}. Best is trial 3 with value: 0.03961220839368876.
[I 2026-06-01 15:00:18,922] Trial 7 finished with value: -0.01689700830843313 and parameters: {'confidence_threshold': 0.555635875450653, 'training_days': 80, 'n_estimators': 363, 'max_depth': 3, 'num_leaves': 48, 'learning_rate': 0.06590089024008658, 'subsample': 0.6944752870615722, 'colsample_bytree': 0.962566244806993, 'min_child_samples': 88, 'reg_alpha': 1.6465620446426067e-05, 'reg_lambda': 2.4678750890085655e-08}. Best is trial 3 with value: 0.03961220839368876.
[I 2026-06-01 15:00:19,271] Trial 8 finished with value: 0.009149891570221589 and parameters: {'confidence_threshold': 0.6066688256938841, 'training_days': 200, 'n_estimators': 367, 'max_depth': 5, 'num_leaves': 32, 'learning_rate': 0.13377519215934996, 'subsample': 0.7965884582811106, 'colsample_bytree': 0.8458508993500886, 'min_child_samples': 32, 'reg_alpha': 3.889436043816386e-05, 'reg_lambda': 1.4713062489380356e-06}. Best is trial 3 with value: 0.03961220839368876.
[I 2026-06-01 15:00:19,496] Trial 9 finished with value: -0.04669743853431658 and parameters: {'confidence_threshold': 0.6202096049169137, 'training_days': 260, 'n_estimators': 350, 'max_depth': 3, 'num_leaves': 21, 'learning_rate': 0.02989540198065364, 'subsample': 0.8307821683331218, 'colsample_bytree': 0.923253112635361, 'min_child_samples': 64, 'reg_alpha': 0.4898604619604203, 'reg_lambda': 2.9076377687066166e-05}. Best is trial 3 with value: 0.03961220839368876.
[I 2026-06-01 15:00:19,926] Trial 10 finished with value: 0.0824522951687056 and parameters: {'confidence_threshold': 0.6756170272727778, 'training_days': 470, 'n_estimators': 493, 'max_depth': 4, 'num_leaves': 63, 'learning_rate': 0.010221918552934462, 'subsample': 0.9383547926937981, 'colsample_bytree': 0.6202684210924141, 'min_child_samples': 44, 'reg_alpha': 2.371385268938747e-08, 'reg_lambda': 0.015315426420116851}. Best is trial 10 with value: 0.0824522951687056.
[I 2026-06-01 15:00:20,355] Trial 11 finished with value: 0.036734894518630795 and parameters: {'confidence_threshold': 0.6802313732157268, 'training_days': 480, 'n_estimators': 493, 'max_depth': 4, 'num_leaves': 63, 'learning_rate': 0.010535067237031162, 'subsample': 0.9470441632819105, 'colsample_bytree': 0.625107197757402, 'min_child_samples': 42, 'reg_alpha': 1.3380676125466047e-08, 'reg_lambda': 0.01124898826285167}. Best is trial 10 with value: 0.0824522951687056.
[I 2026-06-01 15:00:20,573] Trial 12 finished with value: -0.00849209183288876 and parameters: {'confidence_threshold': 0.677546802093445, 'training_days': 400, 'n_estimators': 233, 'max_depth': 4, 'num_leaves': 63, 'learning_rate': 0.268047120550583, 'subsample': 0.8941395335595879, 'colsample_bytree': 0.5773925919454104, 'min_child_samples': 41, 'reg_alpha': 4.551066952397755e-08, 'reg_lambda': 0.07114988207289855}. Best is trial 10 with value: 0.0824522951687056.
[I 2026-06-01 15:00:20,612] Trial 13 finished with value: -0.18056437160006378 and parameters: {'confidence_threshold': 0.5124380994302374, 'training_days': 10, 'n_estimators': 475, 'max_depth': 4, 'num_leaves': 57, 'learning_rate': 0.013937231793681828, 'subsample': 0.5024707401359401, 'colsample_bytree': 0.6759494634110215, 'min_child_samples': 45, 'reg_alpha': 7.171292418611556e-07, 'reg_lambda': 2.443812639232452}. Best is trial 10 with value: 0.0824522951687056.
[I 2026-06-01 15:00:20,791] Trial 14 finished with value: -0.03583544704909214 and parameters: {'confidence_threshold': 0.6968624890517784, 'training_days': 350, 'n_estimators': 189, 'max_depth': 4, 'num_leaves': 56, 'learning_rate': 0.04130679953012807, 'subsample': 0.8980305316123038, 'colsample_bytree': 0.5045764719392084, 'min_child_samples': 49, 'reg_alpha': 4.889385663742338e-07, 'reg_lambda': 0.002238160234885918}. Best is trial 10 with value: 0.0824522951687056.
