[I 2026-06-01 15:01:30,614] Trial 9 finished with value: 0.003271976311446073 and parameters: {'confidence_threshold': 0.6202096049169137, 'training_days': 260, 'n_estimators': 350, 'max_depth': 3, 'num_leaves': 21, 'learning_rate': 0.02989540198065364, 'subsample': 0.8307821683331218, 'colsample_bytree': 0.923253112635361, 'min_child_samples': 64, 'reg_alpha': 0.4898604619604203, 'reg_lambda': 2.9076377687066166e-05}. Best is trial 4 with value: 0.05362301693253119.
[I 2026-06-01 15:01:30,977] Trial 10 finished with value: 0.06212401266117408 and parameters: {'confidence_threshold': 0.8445241688507242, 'training_days': 470, 'n_estimators': 493, 'max_depth': 5, 'num_leaves': 63, 'learning_rate': 0.010221918552934462, 'subsample': 0.5019190721168774, 'colsample_bytree': 0.6202684210924141, 'min_child_samples': 99, 'reg_alpha': 1.9942621118187622e-08, 'reg_lambda': 0.0201634475791616}. Best is trial 10 with value: 0.06212401266117408.
[I 2026-06-01 15:01:31,357] Trial 11 finished with value: 0.09811877938226679 and parameters: {'confidence_threshold': 0.8371297552840329, 'training_days': 500, 'n_estimators': 493, 'max_depth': 5, 'num_leaves': 63, 'learning_rate': 0.010535067237031162, 'subsample': 0.5082312939353781, 'colsample_bytree': 0.6012148974081734, 'min_child_samples': 100, 'reg_alpha': 1.052941341608419e-08, 'reg_lambda': 0.013782571981375063}. Best is trial 11 with value: 0.09811877938226679.
[I 2026-06-01 15:01:31,736] Trial 12 finished with value: 0.1538676047206403 and parameters: {'confidence_threshold': 0.830632524875604, 'training_days': 500, 'n_estimators': 499, 'max_depth': 5, 'num_leaves': 63, 'learning_rate': 0.010201143194486034, 'subsample': 0.5172176338346133, 'colsample_bytree': 0.5773925919454104, 'min_child_samples': 100, 'reg_alpha': 1.345078740677074e-08, 'reg_lambda': 0.03524119936949945}. Best is trial 12 with value: 0.1538676047206403.
[I 2026-06-01 15:01:32,098] Trial 13 finished with value: 0.09645380995598807 and parameters: {'confidence_threshold': 0.8320048612945233, 'training_days': 500, 'n_estimators': 475, 'max_depth': 5, 'num_leaves': 63, 'learning_rate': 0.011019237226077873, 'subsample': 0.5020646319475972, 'colsample_bytree': 0.5305824981082055, 'min_child_samples': 95, 'reg_alpha': 1.121417046503621e-08, 'reg_lambda': 3.080800735392863}. Best is trial 12 with value: 0.1538676047206403.
[I 2026-06-01 15:01:32,453] Trial 14 finished with value: 0.11023484275386879 and parameters: {'confidence_threshold': 0.6968624890517784, 'training_days': 400, 'n_estimators': 436, 'max_depth': 5, 'num_leaves': 56, 'learning_rate': 0.01645102485501106, 'subsample': 0.5954161942972036, 'colsample_bytree': 0.6482018719330946, 'min_child_samples': 82, 'reg_alpha': 4.995474689870658e-07, 'reg_lambda': 0.005769213302618687}. Best is trial 12 with value: 0.1538676047206403.
[I 2026-06-01 15:01:32,770] Trial 15 finished with value: 0.06903856415687296 and parameters: {'confidence_threshold': 0.5026055290809989, 'training_days': 400, 'n_estimators': 432, 'max_depth': 4, 'num_leaves': 56, 'learning_rate': 0.01760196332439801, 'subsample': 0.6180845387466594, 'colsample_bytree': 0.6548856865021293, 'min_child_samples': 83, 'reg_alpha': 5.011892081220446e-07, 'reg_lambda': 0.0032477163637586156}. Best is trial 12 with value: 0.1538676047206403.

  [label] 2024-05-21 16:00 BTCUSDT entry=70168.8000 → SHORT | long=sl(-3.60%) short=timeout(+2.36%) | scanned=22 | no_tp→fwd_return=-2.4631
  [label] 2024-06-30 08:00 BTCUSDT entry=61722.4000 → SHORT | long=sl(-2.68%) short=sl(-2.68%) | scanned=9 | no_tp→fwd_return=-2.5052
  [label] 2024-07-10 00:00 BTCUSDT entry=58948.1000 → LONG | long=tp(+9.60%) short=sl(-4.95%) | scanned=17 | long_tp_only
  [label] 2024-10-04 08:00 BTCUSDT entry=61843.1000 → SHORT | long=sl(-3.70%) short=sl(-3.70%) | scanned=19 | no_tp→fwd_return=-2.5062
  Labels: 1182 long (54.4%), 989 short (45.6%) | weights: min=1.00, mean=3.41, max=10.00
  Features: 2171/2171 matched, 47 columns
  CV gap: 22 rows
  [ensemble 1/3] seed=42
    [trial 0] 47 features, training_days=480 | threshold=0.631 | labels: 1182 long, 989 short (54/46%)
    [CV fold 0] train_end=2023-02-23 08:00 | val_start=2023-03-03 00:00 | gap=184h (22 rows)
    [CV fold 1] train_end=2023-06-23 16:00 | val_start=2023-07-01 08:00 | gap=184h (22 rows)
    [CV fold 2] train_end=2023-10-22 00:00 | val_start=2023-10-29 16:00 | gap=184h (22 rows)
    [CV fold 3] train_end=2024-02-19 08:00 | val_start=2024-02-27 00:00 | gap=184h (22 rows)
    [CV fold 4] train_end=2024-06-18 16:00 | val_start=2024-06-26 08:00 | gap=184h (22 rows)
    [trial 0] Sharpe=0.0899 (folds: 0.1131, 0.2768, 0.0909, 0.0782, -0.1096)
    [trial 1] 47 features, training_days=420 | threshold=0.839 | labels: 1182 long, 989 short (54/46%)
    [trial 1] Sharpe=0.4133 (folds: 0.4998, 0.6873, -0.2839, 0.3435, 0.8200)
    [trial 2] 47 features, training_days=190 | threshold=0.602 | labels: 1182 long, 989 short (54/46%)
    [trial 2] Sharpe=0.0176 (folds: 0.1440, 0.2978, -0.1910, -0.0089, -0.1540)
    [trial 3] 47 features, training_days=490 | threshold=0.832 | labels: 1182 long, 989 short (54/46%)
    [trial 3] Sharpe=0.1088 (folds: 0.1949, 0.2705, 0.0536, -0.0207, 0.0458)
    [trial 4] 47 features, training_days=340 | threshold=0.591 | labels: 1182 long, 989 short (54/46%)
    [trial 4] Sharpe=0.0214 (folds: 0.1449, 0.2397, -0.1163, 0.0097, -0.1711)
    [trial 5] 47 features, training_days=50 | threshold=0.823 | labels: 1182 long, 989 short (54/46%)
    [trial 5] Sharpe=0.0514 (folds: 0.2742, -0.0495, 0.0303, -0.2061, 0.2081)
    [trial 6] 47 features, training_days=410 | threshold=0.549 | labels: 1182 long, 989 short (54/46%)
    [trial 6] Sharpe=0.0922 (folds: 0.0149, 0.2906, 0.1753, 0.1088, -0.1286)
    [trial 7] 47 features, training_days=180 | threshold=0.526 | labels: 1182 long, 989 short (54/46%)
    [trial 7] Sharpe=-0.0171 (folds: 0.0370, 0.2127, -0.1945, 0.0339, -0.1749)
    [trial 8] 47 features, training_days=240 | threshold=0.811 | labels: 1182 long, 989 short (54/46%)
    [trial 8] Sharpe=0.0150 (folds: 0.3003, 0.3163, -0.2028, -0.2187, -0.1199)
    [trial 9] 47 features, training_days=20 | threshold=0.538 | labels: 1182 long, 989 short (54/46%)
    [trial 9] Sharpe=-0.0710 (folds: -0.0592, 0.1342, -0.2925, 0.0404, -0.1778)
    [trial 10] 47 features, training_days=350 | threshold=0.729 | labels: 1182 long, 989 short (54/46%)
    [trial 10] Sharpe=0.1175 (folds: 0.1739, 0.3240, 0.0142, 0.1116, -0.0359)
    [trial 11] 47 features, training_days=340 | threshold=0.733 | labels: 1182 long, 989 short (54/46%)
    [trial 11] Sharpe=0.1080 (folds: 0.1816, 0.3326, -0.0506, 0.0772, -0.0006)
    [trial 12] 47 features, training_days=360 | threshold=0.738 | labels: 1182 long, 989 short (54/46%)
    [trial 12] Sharpe=0.1089 (folds: 0.1695, 0.3562, -0.0888, 0.1378, -0.0301)
    [trial 13] 47 features, training_days=410 | threshold=0.748 | labels: 1182 long, 989 short (54/46%)
    [trial 13] Sharpe=0.1477 (folds: 0.2411, 0.3540, -0.1003, 0.1897, 0.0540)
    [trial 14] 47 features, training_days=430 | threshold=0.787 | labels: 1182 long, 989 short (54/46%)
    [trial 14] Sharpe=0.2031 (folds: 0.2743, 0.3487, -0.0271, 0.3072, 0.1124)
    [trial 15] 47 features, training_days=430 | threshold=0.778 | labels: 1182 long, 989 short (54/46%)
    [trial 15] Sharpe=0.1322 (folds: 0.1957, 0.2953, 0.0209, 0.1404, 0.0088)
    [trial 16] 47 features, training_days=270 | threshold=0.676 | labels: 1182 long, 989 short (54/46%)
    [trial 16] Sharpe=0.0296 (folds: 0.1717, 0.2538, 0.0038, -0.1305, -0.1507)
    [trial 17] 47 features, training_days=500 | threshold=0.846 | labels: 1182 long, 989 short (54/46%)
    [trial 17] Sharpe=0.2248 (folds: 0.2719, 0.3963, -0.1252, 0.1916, 0.3893)
  Optuna: 18 trials, best Sharpe = 0.4133
  Best params: n_estimators=145, max_depth=3, lr=0.0281, leaves=23
  Best confidence_threshold: 0.839
  Best training_days: 420
  Retrained on full data (1260 samples, 47 features)
  [ensemble 2/3] seed=123
    [trial 0] 47 features, training_days=150 | threshold=0.744 | labels: 1182 long, 989 short (54/46%)
    [CV fold 0] train_end=2023-02-23 08:00 | val_start=2023-03-03 00:00 | gap=184h (22 rows)
    [CV fold 1] train_end=2023-06-23 16:00 | val_start=2023-07-01 08:00 | gap=184h (22 rows)
    [CV fold 2] train_end=2023-10-22 00:00 | val_start=2023-10-29 16:00 | gap=184h (22 rows)
    [CV fold 3] train_end=2024-02-19 08:00 | val_start=2024-02-27 00:00 | gap=184h (22 rows)
    [CV fold 4] train_end=2024-06-18 16:00 | val_start=2024-06-26 08:00 | gap=184h (22 rows)
    [trial 0] Sharpe=0.0128 (folds: 0.2564, 0.1965, -0.2131, -0.0382, -0.1374)
    [trial 1] 47 features, training_days=220 | threshold=0.755 | labels: 1182 long, 989 short (54/46%)
    [trial 1] Sharpe=-1.7429 (folds: 0.3436, 1.0512, -0.0039, -0.1055, -10.0000)
    [trial 2] 47 features, training_days=310 | threshold=0.754 | labels: 1182 long, 989 short (54/46%)
    [trial 2] Sharpe=0.0452 (folds: 0.2231, 0.3260, -0.0039, -0.2441, -0.0754)
    [trial 3] 47 features, training_days=220 | threshold=0.673 | labels: 1182 long, 989 short (54/46%)
    [trial 3] Sharpe=-0.0017 (folds: -0.0036, 0.1465, -0.0160, 0.0224, -0.1579)
    [trial 4] 47 features, training_days=130 | threshold=0.803 | labels: 1182 long, 989 short (54/46%)
    [trial 4] Sharpe=0.0536 (folds: 0.1436, 0.0803, -0.0026, 0.0729, -0.0261)
    [trial 5] 47 features, training_days=210 | threshold=0.606 | labels: 1182 long, 989 short (54/46%)
    [trial 5] Sharpe=-0.0267 (folds: 0.0838, 0.2245, -0.2265, -0.0474, -0.1677)
    [trial 6] 47 features, training_days=130 | threshold=0.767 | labels: 1182 long, 989 short (54/46%)
    [trial 6] Sharpe=0.0308 (folds: 0.0828, -0.0314, 0.0633, 0.1065, -0.0669)
    [trial 7] 47 features, training_days=80 | threshold=0.556 | labels: 1182 long, 989 short (54/46%)
    [trial 7] Sharpe=-0.0138 (folds: 0.0870, -0.0946, -0.0192, 0.0942, -0.1366)
    [trial 8] 47 features, training_days=200 | threshold=0.607 | labels: 1182 long, 989 short (54/46%)
    [trial 8] Sharpe=-0.0226 (folds: 0.0508, 0.1820, -0.1952, 0.0132, -0.1638)
    [trial 9] 47 features, training_days=260 | threshold=0.620 | labels: 1182 long, 989 short (54/46%)
    [trial 9] Sharpe=0.0033 (folds: 0.1176, 0.2789, 0.0287, -0.2211, -0.1877)
    [trial 10] 47 features, training_days=470 | threshold=0.845 | labels: 1182 long, 989 short (54/46%)
    [trial 10] Sharpe=0.0621 (folds: 0.0953, 0.2763, -0.2698, -0.1454, 0.3542)
    [trial 11] 47 features, training_days=500 | threshold=0.837 | labels: 1182 long, 989 short (54/46%)
    [trial 11] Sharpe=0.0981 (folds: 0.1475, 0.1272, -0.1276, -0.1347, 0.4782)
    [trial 12] 47 features, training_days=500 | threshold=0.831 | labels: 1182 long, 989 short (54/46%)
    [trial 12] Sharpe=0.1539 (folds: 0.1135, 0.2101, -0.0215, 0.0094, 0.4577)
    [trial 13] 47 features, training_days=500 | threshold=0.832 | labels: 1182 long, 989 short (54/46%)
    [trial 13] Sharpe=0.0965 (folds: 0.2393, 0.2410, -0.2047, -0.2021, 0.4088)
    [trial 14] 47 features, training_days=400 | threshold=0.697 | labels: 1182 long, 989 short (54/46%)
    [trial 14] Sharpe=0.1102 (folds: 0.1615, 0.3672, 0.0562, 0.0699, -0.1037)
    [trial 15] 47 features, training_days=400 | threshold=0.503 | labels: 1182 long, 989 short (54/46%)
    [trial 15] Sharpe=0.0690 (folds: 0.0785, 0.2634, -0.0086, 0.1202, -0.1084)
    [trial 16] 47 features, training_days=400 | threshold=0.692 | labels: 1182 long, 989 short (54/46%)
    [trial 16] Sharpe=0.0980 (folds: 0.1244, 0.3019, 0.1296, 0.0531, -0.1190)[I 2026-06-01 15:01:33,015] Trial 16 finished with value: 0.09799812201831413 and parameters: {'confidence_threshold': 0.6919445342992689, 'training_days': 400, 'n_estimators': 279, 'max_depth': 5, 'num_leaves': 56, 'learning_rate': 0.04295609237341521, 'subsample': 0.6786010610738242, 'colsample_bytree': 0.6917784365842213, 'min_child_samples': 80, 'reg_alpha': 4.183859078230361e-07, 'reg_lambda': 0.19892574259556614}. Best is trial 12 with value: 0.1538676047206403.
[I 2026-06-01 15:01:33,410] Trial 17 finished with value: 0.09167558510118233 and parameters: {'confidence_threshold': 0.6825760317001965, 'training_days': 410, 'n_estimators': 429, 'max_depth': 5, 'num_leaves': 45, 'learning_rate': 0.01670602614176522, 'subsample': 0.5662602477924776, 'colsample_bytree': 0.5225343572251958, 'min_child_samples': 52, 'reg_alpha': 6.229602473892305e-07, 'reg_lambda': 0.134841995402317}. Best is trial 12 with value: 0.1538676047206403.
[I 2026-06-01 15:01:33,875] A new study created in memory with name: no-name-b9e92f9e-e490-41a9-bc12-7ff02f47de14
[I 2026-06-01 15:01:34,061] Trial 0 finished with value: 0.03829401331177916 and parameters: {'confidence_threshold': 0.5870645682749857, 'training_days': 90, 'n_estimators': 403, 'max_depth': 5, 'num_leaves': 45, 'learning_rate': 0.0780457193679974, 'subsample': 0.9428509515574568, 'colsample_bytree': 0.8795587339164916, 'min_child_samples': 34, 'reg_alpha': 2.2465901234314442e-07, 'reg_lambda': 8.339007036475363e-05}. Best is trial 0 with value: 0.03829401331177916.
[I 2026-06-01 15:01:34,160] Trial 1 finished with value: 0.02177586244383215 and parameters: {'confidence_threshold': 0.6348453934275313, 'training_days': 290, 'n_estimators': 115, 'max_depth': 5, 'num_leaves': 37, 'learning_rate': 0.06949568759029946, 'subsample': 0.8228505074024268, 'colsample_bytree': 0.8616703220431751, 'min_child_samples': 75, 'reg_alpha': 4.2486822725010923e-07, 'reg_lambda': 1.157247767047042e-07}. Best is trial 0 with value: 0.03829401331177916.
[I 2026-06-01 15:01:34,178] Trial 2 finished with value: -0.059727134673470274 and parameters: {'confidence_threshold': 0.5849570384370288, 'training_days': 10, 'n_estimators': 212, 'max_depth': 3, 'num_leaves': 41, 'learning_rate': 0.18452095998378365, 'subsample': 0.6001060822924371, 'colsample_bytree': 0.5673167293506167, 'min_child_samples': 37, 'reg_alpha': 5.733250064217131, 'reg_lambda': 0.5308454292595461}. Best is trial 0 with value: 0.03829401331177916.
[I 2026-06-01 15:01:34,257] Trial 3 finished with value: 0.053685493645087956 and parameters: {'confidence_threshold': 0.6868248626683718, 'training_days': 220, 'n_estimators': 134, 'max_depth': 3, 'num_leaves': 45, 'learning_rate': 0.033529007907491595, 'subsample': 0.8647277071858408, 'colsample_bytree': 0.778494116634046, 'min_child_samples': 96, 'reg_alpha': 2.409409937265785e-07, 'reg_lambda': 1.1642073478060009}. Best is trial 3 with value: 0.053685493645087956.
[I 2026-06-01 15:01:34,344] Trial 4 finished with value: 0.058955852979099145 and parameters: {'confidence_threshold': 0.5623121348350352, 'training_days': 300, 'n_estimators': 69, 'max_depth': 4, 'num_leaves': 32, 'learning_rate': 0.14967629360700346, 'subsample': 0.5054535233636654, 'colsample_bytree': 0.7401385194659216, 'min_child_samples': 27, 'reg_alpha': 1.4212042567426725e-07, 'reg_lambda': 0.23605753701352003}. Best is trial 4 with value: 0.058955852979099145.
[I 2026-06-01 15:01:34,753] Trial 5 finished with value: 0.057523490669602516 and parameters: {'confidence_threshold': 0.7111850244908446, 'training_days': 490, 'n_estimators': 362, 'max_depth': 5, 'num_leaves': 40, 'learning_rate': 0.05960785724162737, 'subsample': 0.5589714368907717, 'colsample_bytree': 0.6659006943232806, 'min_child_samples': 42, 'reg_alpha': 0.6741360303045295, 'reg_lambda': 6.054601607143087e-08}. Best is trial 4 with value: 0.058955852979099145.
[I 2026-06-01 15:01:34,936] Trial 6 finished with value: 0.08756979924897768 and parameters: {'confidence_threshold': 0.667482545748023, 'training_days': 420, 'n_estimators': 279, 'max_depth': 3, 'num_leaves': 45, 'learning_rate': 0.040099592560849204, 'subsample': 0.8563114696415159, 'colsample_bytree': 0.5442917781944105, 'min_child_samples': 50, 'reg_alpha': 1.6407916423707903e-08, 'reg_lambda': 2.935907642973286e-05}. Best is trial 6 with value: 0.08756979924897768.
[I 2026-06-01 15:01:35,095] Trial 7 finished with value: 0.043042490492321395 and parameters: {'confidence_threshold': 0.5497381024139926, 'training_days': 120, 'n_estimators': 408, 'max_depth': 5, 'num_leaves': 38, 'learning_rate': 0.28049122657745795, 'subsample': 0.8806573338635493, 'colsample_bytree': 0.5454054113547102, 'min_child_samples': 63, 'reg_alpha': 0.01263008637940408, 'reg_lambda': 0.04588020805366937}. Best is trial 6 with value: 0.08756979924897768.
[I 2026-06-01 15:01:35,361] Trial 8 finished with value: 0.11483726404512198 and parameters: {'confidence_threshold': 0.719644804808716, 'training_days': 450, 'n_estimators': 410, 'max_depth': 4, 'num_leaves': 57, 'learning_rate': 0.04022026551478857, 'subsample': 0.5336085426932707, 'colsample_bytree': 0.5705742850577543, 'min_child_samples': 100, 'reg_alpha': 5.916398047912201e-07, 'reg_lambda': 0.9794034214488329}. Best is trial 8 with value: 0.11483726404512198.
[I 2026-06-01 15:01:35,382] Trial 9 finished with value: -2.059137079330078 and parameters: {'confidence_threshold': 0.7267463643917187, 'training_days': 20, 'n_estimators': 337, 'max_depth': 5, 'num_leaves': 23, 'learning_rate': 0.022153031811454605, 'subsample': 0.6305627572358737, 'colsample_bytree': 0.6613413774216214, 'min_child_samples': 81, 'reg_alpha': 5.7638634029410314e-08, 'reg_lambda': 8.26603016764008}. Best is trial 8 with value: 0.11483726404512198.
[I 2026-06-01 15:01:35,719] Trial 10 finished with value: 0.2527015175840782 and parameters: {'confidence_threshold': 0.8283920119574972, 'training_days': 400, 'n_estimators': 485, 'max_depth': 4, 'num_leaves': 63, 'learning_rate': 0.011927505552849117, 'subsample': 0.7130289643560688, 'colsample_bytree': 0.9944479338273263, 'min_child_samples': 100, 'reg_alpha': 5.0239970328459277e-05, 'reg_lambda': 0.0028438774509831773}. Best is trial 10 with value: 0.2527015175840782.
[I 2026-06-01 15:01:36,061] Trial 11 finished with value: 0.15117907433107053 and parameters: {'confidence_threshold': 0.8431920368994753, 'training_days': 400, 'n_estimators': 478, 'max_depth': 4, 'num_leaves': 61, 'learning_rate': 0.010033528037260202, 'subsample': 0.6988002958677881, 'colsample_bytree': 0.9628722124262472, 'min_child_samples': 100, 'reg_alpha': 5.263694533895985e-05, 'reg_lambda': 0.0038935771291352755}. Best is trial 10 with value: 0.2527015175840782.
[I 2026-06-01 15:01:36,455] Trial 12 finished with value: 0.18812403622009083 and parameters: {'confidence_threshold': 0.8438571470748946, 'training_days': 380, 'n_estimators': 490, 'max_depth': 4, 'num_leaves': 63, 'learning_rate': 0.010159937976656527, 'subsample': 0.7118974055130827, 'colsample_bytree': 0.9826583982594713, 'min_child_samples': 85, 'reg_alpha': 5.113460481149383e-05, 'reg_lambda': 0.0025654558023732064}. Best is trial 10 with value: 0.2527015175840782.
[I 2026-06-01 15:01:36,827] Trial 13 finished with value: 0.12798410455501197 and parameters: {'confidence_threshold': 0.8491509226822421, 'training_days': 340, 'n_estimators': 497, 'max_depth': 4, 'num_leaves': 54, 'learning_rate': 0.010369471241057087, 'subsample': 0.738422700623045, 'colsample_bytree': 0.977673677256957, 'min_child_samples': 84, 'reg_alpha': 5.900837329147622e-05, 'reg_lambda': 0.0018032970897538497}. Best is trial 10 with value: 0.2527015175840782.
[I 2026-06-01 15:01:37,221] Trial 14 finished with value: 0.12007178103210396 and parameters: {'confidence_threshold': 0.7923679559701308, 'training_days': 360, 'n_estimators': 500, 'max_depth': 4, 'num_leaves': 62, 'learning_rate': 0.017394441114205742, 'subsample': 0.6776505255398512, 'colsample_bytree': 0.9007048146894701, 'min_child_samples': 66, 'reg_alpha': 0.0014623796630832343, 'reg_lambda': 2.293505289769991e-06}. Best is trial 10 with value: 0.2527015175840782.
[I 2026-06-01 15:01:37,495] Trial 15 finished with value: 0.025770254619390354 and parameters: {'confidence_threshold': 0.7829525506318393, 'training_days': 220, 'n_estimators': 442, 'max_depth': 4, 'num_leaves': 52, 'learning_rate': 0.016759433248922855, 'subsample': 0.7927771606515007, 'colsample_bytree': 0.9934286300532085, 'min_child_samples': 88, 'reg_alpha': 8.084592721939181e-06, 'reg_lambda': 0.002997239431771502}. Best is trial 10 with value: 0.2527015175840782.
[I 2026-06-01 15:01:37,774] Trial 16 finished with value: 0.1499428538425554 and parameters: {'confidence_threshold': 0.7895120400229793, 'training_days': 500, 'n_estimators': 309, 'max_depth': 4, 'num_leaves': 51, 'learning_rate': 0.014607253696126114, 'subsample': 0.7543865421398536, 'colsample_bytree': 0.923059818374438, 'min_child_samples': 71, 'reg_alpha': 0.0031944999728269687, 'reg_lambda': 9.823270958243095e-06}. Best is trial 10 with value: 0.2527015175840782.
