[I 2026-06-01 14:59:17,690] Trial 14 finished with value: 0.007874742839032662 and parameters: {'confidence_threshold': 0.7206447362029313, 'training_days': 330, 'n_estimators': 425, 'max_depth': 3, 'num_leaves': 15, 'learning_rate': 0.038373709077271584, 'subsample': 0.60142527703119, 'colsample_bytree': 0.6937299455622933, 'min_child_samples': 97, 'reg_alpha': 0.02853769184991503, 'reg_lambda': 0.15460363112766237}. Best is trial 2 with value: 0.06891328249462655.
[I 2026-06-01 14:59:17,880] Trial 15 finished with value: -0.020713830373132396 and parameters: {'confidence_threshold': 0.5026055290809989, 'training_days': 320, 'n_estimators': 274, 'max_depth': 3, 'num_leaves': 27, 'learning_rate': 0.017455174128766415, 'subsample': 0.8966418548807951, 'colsample_bytree': 0.5093920150666754, 'min_child_samples': 46, 'reg_alpha': 5.011892081220446e-07, 'reg_lambda': 3.5532501480887757}. Best is trial 2 with value: 0.06891328249462655.
[I 2026-06-01 14:59:18,194] Trial 16 finished with value: 0.03279812459163053 and parameters: {'confidence_threshold': 0.6974122772435224, 'training_days': 410, 'n_estimators': 434, 'max_depth': 4, 'num_leaves': 35, 'learning_rate': 0.027160814282047484, 'subsample': 0.7128861757014526, 'colsample_bytree': 0.7142273096121428, 'min_child_samples': 99, 'reg_alpha': 0.05682468732545374, 'reg_lambda': 0.0003374183014681445}. Best is trial 2 with value: 0.06891328249462655.
[I 2026-06-01 14:59:18,532] Trial 17 finished with value: 0.03110526992634103 and parameters: {'confidence_threshold': 0.7110519736587814, 'training_days': 450, 'n_estimators': 421, 'max_depth': 4, 'num_leaves': 36, 'learning_rate': 0.04806044951761093, 'subsample': 0.7450383193201127, 'colsample_bytree': 0.7383244806433283, 'min_child_samples': 79, 'reg_alpha': 0.031339913113165224, 'reg_lambda': 6.536602842883305e-07}. Best is trial 2 with value: 0.06891328249462655.
[I 2026-06-01 14:59:18,844] A new study created in memory with name: no-name-4cb223e5-22bb-4d37-ae80-e1918eea4365
[I 2026-06-01 14:59:19,048] Trial 0 finished with value: -0.07512312357523554 and parameters: {'confidence_threshold': 0.5870645682749857, 'training_days': 90, 'n_estimators': 403, 'max_depth': 5, 'num_leaves': 45, 'learning_rate': 0.0780457193679974, 'subsample': 0.9428509515574568, 'colsample_bytree': 0.8795587339164916, 'min_child_samples': 34, 'reg_alpha': 2.2465901234314442e-07, 'reg_lambda': 8.339007036475363e-05}. Best is trial 0 with value: -0.07512312357523554.
[I 2026-06-01 14:59:19,151] Trial 1 finished with value: -0.010223534685807362 and parameters: {'confidence_threshold': 0.6348453934275313, 'training_days': 290, 'n_estimators': 115, 'max_depth': 5, 'num_leaves': 37, 'learning_rate': 0.06949568759029946, 'subsample': 0.8228505074024268, 'colsample_bytree': 0.8616703220431751, 'min_child_samples': 75, 'reg_alpha': 4.2486822725010923e-07, 'reg_lambda': 1.157247767047042e-07}. Best is trial 1 with value: -0.010223534685807362.
[I 2026-06-01 14:59:19,170] Trial 2 finished with value: -0.061089133862374946 and parameters: {'confidence_threshold': 0.5849570384370288, 'training_days': 10, 'n_estimators': 212, 'max_depth': 3, 'num_leaves': 41, 'learning_rate': 0.18452095998378365, 'subsample': 0.6001060822924371, 'colsample_bytree': 0.5673167293506167, 'min_child_samples': 37, 'reg_alpha': 5.733250064217131, 'reg_lambda': 0.5308454292595461}. Best is trial 1 with value: -0.010223534685807362.
[I 2026-06-01 14:59:19,255] Trial 3 finished with value: 0.12923718040803073 and parameters: {'confidence_threshold': 0.6868248626683718, 'training_days': 220, 'n_estimators': 134, 'max_depth': 3, 'num_leaves': 45, 'learning_rate': 0.033529007907491595, 'subsample': 0.8647277071858408, 'colsample_bytree': 0.778494116634046, 'min_child_samples': 96, 'reg_alpha': 2.409409937265785e-07, 'reg_lambda': 1.1642073478060009}. Best is trial 3 with value: 0.12923718040803073.
[I 2026-06-01 14:59:19,344] Trial 4 finished with value: -0.030823076455691583 and parameters: {'confidence_threshold': 0.5623121348350352, 'training_days': 300, 'n_estimators': 69, 'max_depth': 4, 'num_leaves': 32, 'learning_rate': 0.14967629360700346, 'subsample': 0.5054535233636654, 'colsample_bytree': 0.7401385194659216, 'min_child_samples': 27, 'reg_alpha': 1.4212042567426725e-07, 'reg_lambda': 0.23605753701352003}. Best is trial 3 with value: 0.12923718040803073.
[I 2026-06-01 14:59:19,779] Trial 5 finished with value: 0.015379435477970027 and parameters: {'confidence_threshold': 0.7111850244908446, 'training_days': 490, 'n_estimators': 362, 'max_depth': 5, 'num_leaves': 40, 'learning_rate': 0.05960785724162737, 'subsample': 0.5589714368907717, 'colsample_bytree': 0.6659006943232806, 'min_child_samples': 42, 'reg_alpha': 0.6741360303045295, 'reg_lambda': 6.054601607143087e-08}. Best is trial 3 with value: 0.12923718040803073.

    [trial 6] 47 features, training_days=410 | threshold=0.549 | labels: 1041 long, 1127 short (48/52%)
    [trial 6] Sharpe=-0.0078 (folds: 0.0268, 0.1208, -0.2184, -0.0301, 0.0619)
    [trial 7] 47 features, training_days=180 | threshold=0.526 | labels: 1041 long, 1127 short (48/52%)
    [trial 7] Sharpe=0.0132 (folds: -0.0178, 0.0548, -0.1903, 0.0569, 0.1626)
    [trial 8] 47 features, training_days=240 | threshold=0.811 | labels: 1041 long, 1127 short (48/52%)
    [trial 8] Sharpe=0.0751 (folds: -0.0411, 0.3797, -0.2288, -0.0256, 0.2915)
    [trial 9] 47 features, training_days=20 | threshold=0.538 | labels: 1041 long, 1127 short (48/52%)
    [trial 9] Sharpe=0.0296 (folds: 0.1941, -0.0412, -0.1208, 0.0064, 0.1094)
    [trial 10] 47 features, training_days=280 | threshold=0.734 | labels: 1041 long, 1127 short (48/52%)
    [trial 10] Sharpe=-0.0378 (folds: -0.1230, 0.1448, -0.2705, -0.1533, 0.2127)
    [trial 11] 47 features, training_days=30 | threshold=0.719 | labels: 1041 long, 1127 short (48/52%)
    [trial 11] Sharpe=-8.0082 (folds: -10.0000, -0.0412, -10.0000, -10.0000, -10.0000)
    [trial 12] 47 features, training_days=130 | threshold=0.747 | labels: 1041 long, 1127 short (48/52%)
    [trial 12] Sharpe=-0.0318 (folds: -0.0591, -0.1514, -0.0905, 0.0978, 0.0439)
    [trial 13] 47 features, training_days=110 | threshold=0.668 | labels: 1041 long, 1127 short (48/52%)
    [trial 13] Sharpe=-0.0341 (folds: -0.1197, -0.2293, -0.0731, 0.0982, 0.1532)
    [trial 14] 47 features, training_days=270 | threshold=0.787 | labels: 1041 long, 1127 short (48/52%)
    [trial 14] Sharpe=-0.0035 (folds: -0.0710, 0.1989, -0.2472, -0.1636, 0.2652)
    [trial 15] 47 features, training_days=10 | threshold=0.507 | labels: 1041 long, 1127 short (48/52%)
    [trial 15] Sharpe=-0.0611 (folds: 0.1941, -0.0412, -0.1208, 0.0055, -0.3430)
    [trial 16] 47 features, training_days=210 | threshold=0.676 | labels: 1041 long, 1127 short (48/52%)
    [trial 16] Sharpe=-0.0394 (folds: -0.0564, 0.0188, -0.1823, -0.1480, 0.1708)
    [trial 17] 47 features, training_days=100 | threshold=0.560 | labels: 1041 long, 1127 short (48/52%)
    [trial 17] Sharpe=-0.0859 (folds: -0.0989, -0.2804, -0.1196, 0.1759, -0.1067)
  Optuna: 18 trials, best Sharpe = 0.0751
  Best params: n_estimators=103, max_depth=5, lr=0.0675, leaves=52
  Best confidence_threshold: 0.811
  Best training_days: 240
  Retrained on full data (720 samples, 47 features)
  [ensemble 2/3] seed=123
    [trial 0] 47 features, training_days=150 | threshold=0.744 | labels: 1041 long, 1127 short (48/52%)
    [CV fold 0] train_end=2022-02-22 08:00 | val_start=2022-03-02 00:00 | gap=184h (22 rows)
    [CV fold 1] train_end=2022-06-22 16:00 | val_start=2022-06-30 08:00 | gap=184h (22 rows)
    [CV fold 2] train_end=2022-10-21 00:00 | val_start=2022-10-28 16:00 | gap=184h (22 rows)
    [CV fold 3] train_end=2023-02-18 08:00 | val_start=2023-02-26 00:00 | gap=184h (22 rows)
    [CV fold 4] train_end=2023-06-18 16:00 | val_start=2023-06-26 08:00 | gap=184h (22 rows)
    [trial 0] Sharpe=-0.0192 (folds: -0.1190, -0.1454, -0.1596, 0.1357, 0.1924)
    [trial 1] 47 features, training_days=220 | threshold=0.755 | labels: 1041 long, 1127 short (48/52%)
    [trial 1] Sharpe=-1.7272 (folds: 0.4674, 0.2745, -0.0858, -10.0000, 0.7077)
    [trial 2] 47 features, training_days=310 | threshold=0.754 | labels: 1041 long, 1127 short (48/52%)
    [trial 2] Sharpe=0.0689 (folds: -0.0760, 0.3350, -0.2170, -0.1223, 0.4249)
    [trial 3] 47 features, training_days=220 | threshold=0.673 | labels: 1041 long, 1127 short (48/52%)
    [trial 3] Sharpe=-0.0471 (folds: -0.1234, -0.0099, -0.1481, -0.0333, 0.0789)
    [trial 4] 47 features, training_days=130 | threshold=0.803 | labels: 1041 long, 1127 short (48/52%)
    [trial 4] Sharpe=-0.0262 (folds: -0.0501, -0.0178, -0.1639, 0.0880, 0.0130)
    [trial 5] 47 features, training_days=210 | threshold=0.606 | labels: 1041 long, 1127 short (48/52%)
    [trial 5] Sharpe=-0.0088 (folds: -0.0427, -0.0112, -0.1561, -0.0417, 0.2078)
    [trial 6] 47 features, training_days=130 | threshold=0.767 | labels: 1041 long, 1127 short (48/52%)
    [trial 6] Sharpe=-0.0859 (folds: -0.1047, -0.1070, -0.1806, 0.0476, -0.0845)
    [trial 7] 47 features, training_days=80 | threshold=0.556 | labels: 1041 long, 1127 short (48/52%)
    [trial 7] Sharpe=-0.0401 (folds: -0.0090, -0.3024, -0.0083, 0.1625, -0.0434)
    [trial 8] 47 features, training_days=200 | threshold=0.607 | labels: 1041 long, 1127 short (48/52%)
    [trial 8] Sharpe=-0.0401 (folds: -0.1129, -0.0037, -0.1079, -0.1002, 0.1239)
    [trial 9] 47 features, training_days=260 | threshold=0.620 | labels: 1041 long, 1127 short (48/52%)
    [trial 9] Sharpe=-0.0288 (folds: -0.0600, 0.1263, -0.2065, -0.2208, 0.2171)
    [trial 10] 47 features, training_days=420 | threshold=0.845 | labels: 1041 long, 1127 short (48/52%)
    [trial 10] Sharpe=-2.1691 (folds: -0.0398, 0.5128, -0.0517, -1.2668, -10.0000)
    [trial 11] 47 features, training_days=350 | threshold=0.513 | labels: 1041 long, 1127 short (48/52%)
    [trial 11] Sharpe=0.0019 (folds: -0.0957, 0.0571, -0.2114, 0.0588, 0.2009)
    [trial 12] 47 features, training_days=360 | threshold=0.516 | labels: 1041 long, 1127 short (48/52%)
    [trial 12] Sharpe=0.0263 (folds: -0.0860, 0.0525, -0.1849, 0.1286, 0.2213)
    [trial 13] 47 features, training_days=490 | threshold=0.675 | labels: 1041 long, 1127 short (48/52%)
    [trial 13] Sharpe=0.0210 (folds: -0.1619, 0.2961, -0.2198, -0.0463, 0.2370)
    [trial 14] 47 features, training_days=330 | threshold=0.721 | labels: 1041 long, 1127 short (48/52%)
    [trial 14] Sharpe=0.0079 (folds: -0.0920, 0.1682, -0.2766, 0.0164, 0.2233)
    [trial 15] 47 features, training_days=320 | threshold=0.503 | labels: 1041 long, 1127 short (48/52%)
    [trial 15] Sharpe=-0.0207 (folds: -0.0315, 0.0930, -0.2527, 0.0294, 0.0582)
    [trial 16] 47 features, training_days=410 | threshold=0.697 | labels: 1041 long, 1127 short (48/52%)
    [trial 16] Sharpe=0.0328 (folds: -0.0812, 0.1793, -0.2609, 0.0372, 0.2896)
    [trial 17] 47 features, training_days=450 | threshold=0.711 | labels: 1041 long, 1127 short (48/52%)
    [trial 17] Sharpe=0.0311 (folds: -0.0577, 0.1593, -0.2760, 0.0848, 0.2451)
  Optuna: 18 trials, best Sharpe = 0.0689
  Best params: n_estimators=375, max_depth=3, lr=0.0217, leaves=32
  Best confidence_threshold: 0.754
  Best training_days: 310
  Retrained on full data (930 samples, 47 features)
  [ensemble 3/3] seed=456
    [trial 0] 47 features, training_days=90 | threshold=0.587 | labels: 1041 long, 1127 short (48/52%)
    [CV fold 0] train_end=2022-02-22 08:00 | val_start=2022-03-02 00:00 | gap=184h (22 rows)
    [CV fold 1] train_end=2022-06-22 16:00 | val_start=2022-06-30 08:00 | gap=184h (22 rows)
    [CV fold 2] train_end=2022-10-21 00:00 | val_start=2022-10-28 16:00 | gap=184h (22 rows)
    [CV fold 3] train_end=2023-02-18 08:00 | val_start=2023-02-26 00:00 | gap=184h (22 rows)
    [CV fold 4] train_end=2023-06-18 16:00 | val_start=2023-06-26 08:00 | gap=184h (22 rows)
    [trial 0] Sharpe=-0.0751 (folds: -0.0589, -0.2047, -0.0540, 0.1174, -0.1754)
    [trial 1] 47 features, training_days=290 | threshold=0.635 | labels: 1041 long, 1127 short (48/52%)
    [trial 1] Sharpe=-0.0102 (folds: -0.0708, 0.1292, -0.2082, -0.0996, 0.1983)
    [trial 2] 47 features, training_days=10 | threshold=0.585 | labels: 1041 long, 1127 short (48/52%)
    [trial 2] Sharpe=-0.0611 (folds: 0.1941, -0.0412, -0.1208, 0.0055, -0.3430)
    [trial 3] 47 features, training_days=220 | threshold=0.687 | labels: 1041 long, 1127 short (48/52%)
    [trial 3] Sharpe=0.1292 (folds: 0.0684, 0.0809, -0.0453, 0.1547, 0.3875)
    [trial 4] 47 features, training_days=300 | threshold=0.562 | labels: 1041 long, 1127 short (48/52%)
    [trial 4] Sharpe=-0.0308 (folds: -0.0986, 0.1342, -0.2110, -0.0926, 0.1139)
    [trial 5] 47 features, training_days=490 | threshold=0.711 | labels: 1041 long, 1127 short (48/52%)
    [trial 5] Sharpe=0.0154 (folds: -0.1003, 0.1756, -0.2339, 0.0060, 0.2295)
    [trial 6] 47 features, training_days=420 | threshold=0.667 | labels: 1041 long, 1127 short (48/52%)
    [trial 6] Sharpe=-0.0245 (folds: -0.1113, 0.1484, -0.2216, -0.1060, 0.1678)[I 2026-06-01 14:59:19,959] Trial 6 finished with value: -0.024538713846872694 and parameters: {'confidence_threshold': 0.667482545748023, 'training_days': 420, 'n_estimators': 279, 'max_depth': 3, 'num_leaves': 45, 'learning_rate': 0.040099592560849204, 'subsample': 0.8563114696415159, 'colsample_bytree': 0.5442917781944105, 'min_child_samples': 50, 'reg_alpha': 1.6407916423707903e-08, 'reg_lambda': 2.935907642973286e-05}. Best is trial 3 with value: 0.12923718040803073.
[I 2026-06-01 14:59:20,125] Trial 7 finished with value: -0.059148943820791965 and parameters: {'confidence_threshold': 0.5497381024139926, 'training_days': 120, 'n_estimators': 408, 'max_depth': 5, 'num_leaves': 38, 'learning_rate': 0.28049122657745795, 'subsample': 0.8806573338635493, 'colsample_bytree': 0.5454054113547102, 'min_child_samples': 63, 'reg_alpha': 0.01263008637940408, 'reg_lambda': 0.04588020805366937}. Best is trial 3 with value: 0.12923718040803073.
[I 2026-06-01 14:59:20,394] Trial 8 finished with value: 0.03749917757565695 and parameters: {'confidence_threshold': 0.719644804808716, 'training_days': 450, 'n_estimators': 410, 'max_depth': 4, 'num_leaves': 57, 'learning_rate': 0.04022026551478857, 'subsample': 0.5336085426932707, 'colsample_bytree': 0.5705742850577543, 'min_child_samples': 100, 'reg_alpha': 5.916398047912201e-07, 'reg_lambda': 0.9794034214488329}. Best is trial 3 with value: 0.12923718040803073.
[I 2026-06-01 14:59:20,415] Trial 9 finished with value: -7.961182872366234 and parameters: {'confidence_threshold': 0.7267463643917187, 'training_days': 20, 'n_estimators': 337, 'max_depth': 5, 'num_leaves': 23, 'learning_rate': 0.022153031811454605, 'subsample': 0.6305627572358737, 'colsample_bytree': 0.6613413774216214, 'min_child_samples': 81, 'reg_alpha': 5.7638634029410314e-08, 'reg_lambda': 8.26603016764008}. Best is trial 3 with value: 0.12923718040803073.
[I 2026-06-01 14:59:20,516] Trial 10 finished with value: -5.92613824200682 and parameters: {'confidence_threshold': 0.8283920119574972, 'training_days': 200, 'n_estimators': 181, 'max_depth': 3, 'num_leaves': 62, 'learning_rate': 0.011579281028220855, 'subsample': 0.7130289643560688, 'colsample_bytree': 0.9944479338273263, 'min_child_samples': 100, 'reg_alpha': 6.837313901272251e-05, 'reg_lambda': 0.0027253228209330924}. Best is trial 3 with value: 0.12923718040803073.
[I 2026-06-01 14:59:20,845] Trial 11 finished with value: 0.02621361037631016 and parameters: {'confidence_threshold': 0.7766282449189577, 'training_days': 380, 'n_estimators': 478, 'max_depth': 4, 'num_leaves': 58, 'learning_rate': 0.029354876456257728, 'subsample': 0.7459055835274097, 'colsample_bytree': 0.8016610248739169, 'min_child_samples': 100, 'reg_alpha': 1.7335570554886207e-05, 'reg_lambda': 7.067893525937578}. Best is trial 3 with value: 0.12923718040803073.
[I 2026-06-01 14:59:21,093] Trial 12 finished with value: 0.053941817498954714 and parameters: {'confidence_threshold': 0.7449212105048096, 'training_days': 200, 'n_estimators': 490, 'max_depth': 4, 'num_leaves': 54, 'learning_rate': 0.01924681962976845, 'subsample': 0.9912016966112274, 'colsample_bytree': 0.6646287431572568, 'min_child_samples': 85, 'reg_alpha': 8.85890496668e-06, 'reg_lambda': 0.0043762371699676405}. Best is trial 3 with value: 0.12923718040803073.
[I 2026-06-01 14:59:21,351] Trial 13 finished with value: 0.15334601346534021 and parameters: {'confidence_threshold': 0.7956637805967407, 'training_days': 200, 'n_estimators': 494, 'max_depth': 4, 'num_leaves': 52, 'learning_rate': 0.013893880554546854, 'subsample': 0.9814243437154605, 'colsample_bytree': 0.6937220943884248, 'min_child_samples': 83, 'reg_alpha': 8.465942575614097e-06, 'reg_lambda': 0.005128891358078169}. Best is trial 13 with value: 0.15334601346534021.
[I 2026-06-01 14:59:21,473] Trial 14 finished with value: -5.947427483778822 and parameters: {'confidence_threshold': 0.8471159637695522, 'training_days': 210, 'n_estimators': 192, 'max_depth': 3, 'num_leaves': 50, 'learning_rate': 0.010900413065404149, 'subsample': 0.9294526207842858, 'colsample_bytree': 0.7447275431365677, 'min_child_samples': 70, 'reg_alpha': 0.0005061136429986853, 'reg_lambda': 0.009281147587996258}. Best is trial 13 with value: 0.15334601346534021.
[I 2026-06-01 14:59:21,586] Trial 15 finished with value: 0.12606958729365325 and parameters: {'confidence_threshold': 0.7861069482567808, 'training_days': 130, 'n_estimators': 274, 'max_depth': 3, 'num_leaves': 27, 'learning_rate': 0.016698045525166766, 'subsample': 0.9952375899618838, 'colsample_bytree': 0.8144377937283438, 'min_child_samples': 88, 'reg_alpha': 0.002133995302102601, 'reg_lambda': 2.582339790441249e-06}. Best is trial 13 with value: 0.15334601346534021.
[I 2026-06-01 14:59:21,701] Trial 16 finished with value: 0.025254716589465247 and parameters: {'confidence_threshold': 0.6436496791583824, 'training_days': 350, 'n_estimators': 125, 'max_depth': 4, 'num_leaves': 50, 'learning_rate': 0.02872890238126943, 'subsample': 0.791541094918257, 'colsample_bytree': 0.9373223525891455, 'min_child_samples': 91, 'reg_alpha': 4.445031736492354e-06, 'reg_lambda': 0.0006732005611239277}. Best is trial 13 with value: 0.15334601346534021.
[I 2026-06-01 14:59:21,870] Trial 17 finished with value: 0.001025207984192772 and parameters: {'confidence_threshold': 0.5080881579696632, 'training_days': 250, 'n_estimators': 261, 'max_depth': 3, 'num_leaves': 18, 'learning_rate': 0.014399917848714062, 'subsample': 0.8941239656162961, 'colsample_bytree': 0.7046867959982519, 'min_child_samples': 58, 'reg_alpha': 2.33160137597922e-06, 'reg_lambda': 0.06357941855884716}. Best is trial 13 with value: 0.15334601346534021.
[I 2026-06-01 14:59:22,446] A new study created in memory with name: no-name-a4e0607a-3a3f-42ad-811c-aa7b96608778
[I 2026-06-01 14:59:22,786] Trial 0 finished with value: -0.06225784542612003 and parameters: {'confidence_threshold': 0.6310890415965769, 'training_days': 480, 'n_estimators': 380, 'max_depth': 4, 'num_leaves': 22, 'learning_rate': 0.01699897838270077, 'subsample': 0.5290418060840998, 'colsample_bytree': 0.9330880728874675, 'min_child_samples': 68, 'reg_alpha': 0.023585940584142682, 'reg_lambda': 1.5320059381854043e-08}. Best is trial 0 with value: -0.06225784542612003.
[I 2026-06-01 14:59:22,918] Trial 1 finished with value: -6.05563912720573 and parameters: {'confidence_threshold': 0.839468448256698, 'training_days': 420, 'n_estimators': 145, 'max_depth': 3, 'num_leaves': 23, 'learning_rate': 0.028145092716060652, 'subsample': 0.762378215816119, 'colsample_bytree': 0.7159725093210578, 'min_child_samples': 43, 'reg_alpha': 0.0032112643094417484, 'reg_lambda': 1.8007140198129195e-07}. Best is trial 0 with value: -0.06225784542612003.
[I 2026-06-01 14:59:23,074] Trial 2 finished with value: -0.03367573746439821 and parameters: {'confidence_threshold': 0.6022506269873263, 'training_days': 190, 'n_estimators': 255, 'max_depth': 5, 'num_leaves': 24, 'learning_rate': 0.05748924681991978, 'subsample': 0.7962072844310213, 'colsample_bytree': 0.5232252063599989, 'min_child_samples': 69, 'reg_alpha': 3.425445902633376e-07, 'reg_lambda': 3.850031979199519e-08}. Best is trial 2 with value: -0.03367573746439821.
[I 2026-06-01 14:59:23,367] Trial 3 finished with value: -0.03945094114284505 and parameters: {'confidence_threshold': 0.8321099380386666, 'training_days': 490, 'n_estimators': 414, 'max_depth': 3, 'num_leaves': 19, 'learning_rate': 0.1024932221692416, 'subsample': 0.7200762468698007, 'colsample_bytree': 0.5610191174223894, 'min_child_samples': 60, 'reg_alpha': 2.039373116525212e-08, 'reg_lambda': 1.527156759251193}. Best is trial 2 with value: -0.03367573746439821.
