[I 2026-06-01 14:59:49,192] Trial 11 finished with value: -7.9826302782306495 and parameters: {'confidence_threshold': 0.8371297552840329, 'training_days': 20, 'n_estimators': 51, 'max_depth': 5, 'num_leaves': 48, 'learning_rate': 0.015148209657231146, 'subsample': 0.5082312939353781, 'colsample_bytree': 0.6778283959364831, 'min_child_samples': 100, 'reg_alpha': 0.005164207989991991, 'reg_lambda': 0.011367411794870734}. Best is trial 1 with value: 0.28914425568378277.
[I 2026-06-01 14:59:49,412] Trial 12 finished with value: -0.04153450733359336 and parameters: {'confidence_threshold': 0.783608013908672, 'training_days': 350, 'n_estimators': 258, 'max_depth': 5, 'num_leaves': 38, 'learning_rate': 0.05809128784912797, 'subsample': 0.6032252901108627, 'colsample_bytree': 0.5060147833298425, 'min_child_samples': 75, 'reg_alpha': 0.01228710721755922, 'reg_lambda': 1.7055365254835695}. Best is trial 1 with value: 0.28914425568378277.
[I 2026-06-01 14:59:49,495] Trial 13 finished with value: -0.11117523429260778 and parameters: {'confidence_threshold': 0.7216410707571145, 'training_days': 400, 'n_estimators': 53, 'max_depth': 4, 'num_leaves': 55, 'learning_rate': 0.03434220105782308, 'subsample': 0.5870999256784296, 'colsample_bytree': 0.7214436788098076, 'min_child_samples': 51, 'reg_alpha': 1.4672425734243013e-07, 'reg_lambda': 0.032538920588349354}. Best is trial 1 with value: 0.28914425568378277.
[I 2026-06-01 14:59:49,567] Trial 14 finished with value: -0.04286924840531871 and parameters: {'confidence_threshold': 0.6877198994153934, 'training_days': 70, 'n_estimators': 236, 'max_depth': 5, 'num_leaves': 42, 'learning_rate': 0.08948679367914299, 'subsample': 0.5679354333626638, 'colsample_bytree': 0.9973914710183406, 'min_child_samples': 72, 'reg_alpha': 0.05705993547546314, 'reg_lambda': 0.05987235062180044}. Best is trial 1 with value: 0.28914425568378277.
[I 2026-06-01 14:59:49,816] Trial 15 finished with value: 0.017787354242943053 and parameters: {'confidence_threshold': 0.8065807968950872, 'training_days': 140, 'n_estimators': 480, 'max_depth': 4, 'num_leaves': 29, 'learning_rate': 0.018656525833209613, 'subsample': 0.6815479594839866, 'colsample_bytree': 0.9196658871153959, 'min_child_samples': 46, 'reg_alpha': 6.360445922002683, 'reg_lambda': 9.294665025482195e-07}. Best is trial 1 with value: 0.28914425568378277.
[I 2026-06-01 14:59:50,212] Trial 16 finished with value: -0.0657081489697566 and parameters: {'confidence_threshold': 0.6986737646421867, 'training_days': 270, 'n_estimators': 496, 'max_depth': 4, 'num_leaves': 25, 'learning_rate': 0.018876154648424275, 'subsample': 0.6865648436575122, 'colsample_bytree': 0.6128911236499477, 'min_child_samples': 42, 'reg_alpha': 3.433399905162048, 'reg_lambda': 4.7311015029906144e-07}. Best is trial 1 with value: 0.28914425568378277.
[I 2026-06-01 14:59:50,507] Trial 17 finished with value: -0.049718587301520345 and parameters: {'confidence_threshold': 0.5004748807695347, 'training_days': 170, 'n_estimators': 433, 'max_depth': 4, 'num_leaves': 29, 'learning_rate': 0.010339624213351726, 'subsample': 0.9202138733708044, 'colsample_bytree': 0.7539842972065379, 'min_child_samples': 38, 'reg_alpha': 7.284070645541434, 'reg_lambda': 0.0012249178975277074}. Best is trial 1 with value: 0.28914425568378277.
[I 2026-06-01 14:59:50,813] A new study created in memory with name: no-name-e699d8a1-c58f-41e8-8da0-7bb20cb99fa6
[I 2026-06-01 14:59:51,022] Trial 0 finished with value: -0.04970930836428207 and parameters: {'confidence_threshold': 0.5870645682749857, 'training_days': 90, 'n_estimators': 403, 'max_depth': 5, 'num_leaves': 45, 'learning_rate': 0.0780457193679974, 'subsample': 0.9428509515574568, 'colsample_bytree': 0.8795587339164916, 'min_child_samples': 34, 'reg_alpha': 2.2465901234314442e-07, 'reg_lambda': 8.339007036475363e-05}. Best is trial 0 with value: -0.04970930836428207.
[I 2026-06-01 14:59:51,128] Trial 1 finished with value: -0.07981080557040605 and parameters: {'confidence_threshold': 0.6348453934275313, 'training_days': 290, 'n_estimators': 115, 'max_depth': 5, 'num_leaves': 37, 'learning_rate': 0.06949568759029946, 'subsample': 0.8228505074024268, 'colsample_bytree': 0.8616703220431751, 'min_child_samples': 75, 'reg_alpha': 4.2486822725010923e-07, 'reg_lambda': 1.157247767047042e-07}. Best is trial 0 with value: -0.04970930836428207.
[I 2026-06-01 14:59:51,147] Trial 2 finished with value: -0.033924611198445906 and parameters: {'confidence_threshold': 0.5849570384370288, 'training_days': 10, 'n_estimators': 212, 'max_depth': 3, 'num_leaves': 41, 'learning_rate': 0.18452095998378365, 'subsample': 0.6001060822924371, 'colsample_bytree': 0.5673167293506167, 'min_child_samples': 37, 'reg_alpha': 5.733250064217131, 'reg_lambda': 0.5308454292595461}. Best is trial 2 with value: -0.033924611198445906.

    [trial 2] Sharpe=-0.0595 (folds: -0.0661, -0.1032, -0.0334, 0.0416, -0.1363)
    [trial 3] 47 features, training_days=490 | threshold=0.832 | labels: 1110 long, 1058 short (51/49%)
    [trial 3] Sharpe=-0.0475 (folds: 0.0454, -0.4395, -0.0007, 0.0749, 0.0822)
    [trial 4] 47 features, training_days=340 | threshold=0.591 | labels: 1110 long, 1058 short (51/49%)
    [trial 4] Sharpe=-0.0611 (folds: -0.1975, -0.2792, 0.1475, 0.0128, 0.0111)
    [trial 5] 47 features, training_days=50 | threshold=0.823 | labels: 1110 long, 1058 short (51/49%)
    [trial 5] Sharpe=-0.0676 (folds: -0.0148, -0.3295, -0.0422, 0.5624, -0.5138)
    [trial 6] 47 features, training_days=410 | threshold=0.549 | labels: 1110 long, 1058 short (51/49%)
    [trial 6] Sharpe=-0.0649 (folds: -0.1204, -0.2055, 0.1282, -0.1247, -0.0022)
    [trial 7] 47 features, training_days=180 | threshold=0.526 | labels: 1110 long, 1058 short (51/49%)
    [trial 7] Sharpe=-0.0593 (folds: 0.0192, -0.2033, 0.0669, -0.0472, -0.1323)
    [trial 8] 47 features, training_days=240 | threshold=0.811 | labels: 1110 long, 1058 short (51/49%)
    [trial 8] Sharpe=-0.0424 (folds: 0.0756, -0.4882, -0.1203, 0.2621, 0.0588)
    [trial 9] 47 features, training_days=20 | threshold=0.538 | labels: 1110 long, 1058 short (51/49%)
    [trial 9] Sharpe=-4.0497 (folds: -10.0000, -0.1813, 0.0868, -0.1539, -10.0000)
    [trial 10] 47 features, training_days=280 | threshold=0.734 | labels: 1110 long, 1058 short (51/49%)
    [trial 10] Sharpe=-0.0617 (folds: -0.0277, -0.3878, 0.0796, -0.0446, 0.0717)
    [trial 11] 47 features, training_days=170 | threshold=0.762 | labels: 1110 long, 1058 short (51/49%)
    [trial 11] Sharpe=-0.1043 (folds: 0.0192, -0.2368, -0.0522, 0.0214, -0.2731)
    [trial 12] 47 features, training_days=270 | threshold=0.768 | labels: 1110 long, 1058 short (51/49%)
    [trial 12] Sharpe=-0.0588 (folds: 0.0096, -0.4124, 0.0606, 0.0165, 0.0316)
    [trial 13] 47 features, training_days=350 | threshold=0.694 | labels: 1110 long, 1058 short (51/49%)
    [trial 13] Sharpe=-0.0460 (folds: 0.0920, -0.3499, -0.0141, -0.0971, 0.1393)
    [trial 14] 47 features, training_days=340 | threshold=0.693 | labels: 1110 long, 1058 short (51/49%)
    [trial 14] Sharpe=-0.0375 (folds: -0.0243, -0.2463, 0.0206, -0.1310, 0.1937)
    [trial 15] 47 features, training_days=90 | threshold=0.691 | labels: 1110 long, 1058 short (51/49%)
    [trial 15] Sharpe=-8.0117 (folds: -10.0000, -10.0000, -0.0586, -10.0000, -10.0000)
    [trial 16] 47 features, training_days=320 | threshold=0.649 | labels: 1110 long, 1058 short (51/49%)
    [trial 16] Sharpe=-0.0274 (folds: -0.0305, -0.2131, 0.0574, -0.1011, 0.1504)
    [trial 17] 47 features, training_days=330 | threshold=0.665 | labels: 1110 long, 1058 short (51/49%)
    [trial 17] Sharpe=-0.0123 (folds: -0.0378, -0.2720, 0.0919, -0.0006, 0.1570)
  Optuna: 18 trials, best Sharpe = -0.0123
  Best params: n_estimators=210, max_depth=4, lr=0.2916, leaves=29
  Best confidence_threshold: 0.665
  Best training_days: 330
  Retrained on full data (990 samples, 47 features)
  [ensemble 2/3] seed=123
    [trial 0] 47 features, training_days=150 | threshold=0.744 | labels: 1110 long, 1058 short (51/49%)
    [CV fold 0] train_end=2022-05-25 08:00 | val_start=2022-06-02 00:00 | gap=184h (22 rows)
    [CV fold 1] train_end=2022-09-22 16:00 | val_start=2022-09-30 08:00 | gap=184h (22 rows)
    [CV fold 2] train_end=2023-01-21 00:00 | val_start=2023-01-28 16:00 | gap=184h (22 rows)
    [CV fold 3] train_end=2023-05-21 08:00 | val_start=2023-05-29 00:00 | gap=184h (22 rows)
    [CV fold 4] train_end=2023-09-18 16:00 | val_start=2023-09-26 08:00 | gap=184h (22 rows)
    [trial 0] Sharpe=-0.0955 (folds: 0.0211, -0.2350, -0.1052, 0.0336, -0.1922)
    [trial 1] 47 features, training_days=220 | threshold=0.755 | labels: 1110 long, 1058 short (51/49%)
    [trial 1] Sharpe=0.2891 (folds: 1.6056, -0.8729, -0.1125, 0.3758, 0.4497)
    [trial 2] 47 features, training_days=310 | threshold=0.754 | labels: 1110 long, 1058 short (51/49%)
    [trial 2] Sharpe=0.0054 (folds: 0.0186, -0.3306, 0.1404, 0.0814, 0.1173)
    [trial 3] 47 features, training_days=220 | threshold=0.673 | labels: 1110 long, 1058 short (51/49%)
    [trial 3] Sharpe=-0.0897 (folds: -0.0535, -0.3336, -0.0906, 0.0133, 0.0161)
    [trial 4] 47 features, training_days=130 | threshold=0.803 | labels: 1110 long, 1058 short (51/49%)
    [trial 4] Sharpe=0.0153 (folds: -0.0022, -0.1008, 0.0047, 0.2967, -0.1222)
    [trial 5] 47 features, training_days=210 | threshold=0.606 | labels: 1110 long, 1058 short (51/49%)
    [trial 5] Sharpe=-0.0666 (folds: -0.0444, -0.2732, 0.0390, -0.0210, -0.0335)
    [trial 6] 47 features, training_days=130 | threshold=0.767 | labels: 1110 long, 1058 short (51/49%)
    [trial 6] Sharpe=-0.0449 (folds: -0.0839, -0.1454, 0.0114, 0.0598, -0.0662)
    [trial 7] 47 features, training_days=80 | threshold=0.556 | labels: 1110 long, 1058 short (51/49%)
    [trial 7] Sharpe=-0.0942 (folds: -0.1336, -0.0630, 0.0098, -0.0577, -0.2263)
    [trial 8] 47 features, training_days=200 | threshold=0.607 | labels: 1110 long, 1058 short (51/49%)
    [trial 8] Sharpe=-0.1039 (folds: -0.0140, -0.3747, -0.0809, -0.0036, -0.0461)
    [trial 9] 47 features, training_days=260 | threshold=0.620 | labels: 1110 long, 1058 short (51/49%)
    [trial 9] Sharpe=-0.0510 (folds: -0.1102, -0.3024, 0.0552, 0.0580, 0.0444)
    [trial 10] 47 features, training_days=470 | threshold=0.845 | labels: 1110 long, 1058 short (51/49%)
    [trial 10] Sharpe=-0.1673 (folds: 0.1103, -0.9304, -0.3848, -0.0018, 0.3703)
    [trial 11] 47 features, training_days=20 | threshold=0.837 | labels: 1110 long, 1058 short (51/49%)
    [trial 11] Sharpe=-7.9826 (folds: -10.0000, -10.0000, 0.0868, -10.0000, -10.0000)
    [trial 12] 47 features, training_days=350 | threshold=0.784 | labels: 1110 long, 1058 short (51/49%)
    [trial 12] Sharpe=-0.0415 (folds: -0.0306, -0.3939, 0.0117, 0.1068, 0.0982)
    [trial 13] 47 features, training_days=400 | threshold=0.722 | labels: 1110 long, 1058 short (51/49%)
    [trial 13] Sharpe=-0.1112 (folds: 0.0819, -0.4123, 0.0616, -0.2797, -0.0073)
    [trial 14] 47 features, training_days=70 | threshold=0.688 | labels: 1110 long, 1058 short (51/49%)
    [trial 14] Sharpe=-0.0429 (folds: -0.1113, -0.0529, 0.0357, 0.1330, -0.2188)
    [trial 15] 47 features, training_days=140 | threshold=0.807 | labels: 1110 long, 1058 short (51/49%)
    [trial 15] Sharpe=0.0178 (folds: 0.1217, -0.1885, 0.2384, 0.2787, -0.3614)
    [trial 16] 47 features, training_days=270 | threshold=0.699 | labels: 1110 long, 1058 short (51/49%)
    [trial 16] Sharpe=-0.0657 (folds: -0.0018, -0.3613, -0.1382, 0.0468, 0.1260)
    [trial 17] 47 features, training_days=170 | threshold=0.500 | labels: 1110 long, 1058 short (51/49%)
    [trial 17] Sharpe=-0.0497 (folds: -0.0090, -0.2212, 0.1487, 0.0035, -0.1706)
  Optuna: 18 trials, best Sharpe = 0.2891
  Best params: n_estimators=76, max_depth=4, lr=0.0186, leaves=51
  Best confidence_threshold: 0.755
  Best training_days: 220
  Retrained on full data (660 samples, 47 features)
  [ensemble 3/3] seed=456
    [trial 0] 47 features, training_days=90 | threshold=0.587 | labels: 1110 long, 1058 short (51/49%)
    [CV fold 0] train_end=2022-05-25 08:00 | val_start=2022-06-02 00:00 | gap=184h (22 rows)
    [CV fold 1] train_end=2022-09-22 16:00 | val_start=2022-09-30 08:00 | gap=184h (22 rows)
    [CV fold 2] train_end=2023-01-21 00:00 | val_start=2023-01-28 16:00 | gap=184h (22 rows)
    [CV fold 3] train_end=2023-05-21 08:00 | val_start=2023-05-29 00:00 | gap=184h (22 rows)
    [CV fold 4] train_end=2023-09-18 16:00 | val_start=2023-09-26 08:00 | gap=184h (22 rows)
    [trial 0] Sharpe=-0.0497 (folds: -0.0230, -0.1924, 0.0515, -0.0116, -0.0730)
    [trial 1] 47 features, training_days=290 | threshold=0.635 | labels: 1110 long, 1058 short (51/49%)
    [trial 1] Sharpe=-0.0798 (folds: -0.1707, -0.3420, 0.0723, -0.0193, 0.0607)
    [trial 2] 47 features, training_days=10 | threshold=0.585 | labels: 1110 long, 1058 short (51/49%)
    [trial 2] Sharpe=-0.0339 (folds: 0.0752, 0.0872, 0.0868, -0.1539, -0.2651)
    [trial 3] 47 features, training_days=220 | threshold=0.687 | labels: 1110 long, 1058 short (51/49%)[I 2026-06-01 14:59:51,232] Trial 3 finished with value: 0.004489297222424688 and parameters: {'confidence_threshold': 0.6868248626683718, 'training_days': 220, 'n_estimators': 134, 'max_depth': 3, 'num_leaves': 45, 'learning_rate': 0.033529007907491595, 'subsample': 0.8647277071858408, 'colsample_bytree': 0.778494116634046, 'min_child_samples': 96, 'reg_alpha': 2.409409937265785e-07, 'reg_lambda': 1.1642073478060009}. Best is trial 3 with value: 0.004489297222424688.
[I 2026-06-01 14:59:51,323] Trial 4 finished with value: -0.08502235135936574 and parameters: {'confidence_threshold': 0.5623121348350352, 'training_days': 300, 'n_estimators': 69, 'max_depth': 4, 'num_leaves': 32, 'learning_rate': 0.14967629360700346, 'subsample': 0.5054535233636654, 'colsample_bytree': 0.7401385194659216, 'min_child_samples': 27, 'reg_alpha': 1.4212042567426725e-07, 'reg_lambda': 0.23605753701352003}. Best is trial 3 with value: 0.004489297222424688.
[I 2026-06-01 14:59:51,736] Trial 5 finished with value: -0.05297743228381822 and parameters: {'confidence_threshold': 0.7111850244908446, 'training_days': 490, 'n_estimators': 362, 'max_depth': 5, 'num_leaves': 40, 'learning_rate': 0.05960785724162737, 'subsample': 0.5589714368907717, 'colsample_bytree': 0.6659006943232806, 'min_child_samples': 42, 'reg_alpha': 0.6741360303045295, 'reg_lambda': 6.054601607143087e-08}. Best is trial 3 with value: 0.004489297222424688.
[I 2026-06-01 14:59:51,913] Trial 6 finished with value: -0.01811452225953459 and parameters: {'confidence_threshold': 0.667482545748023, 'training_days': 420, 'n_estimators': 279, 'max_depth': 3, 'num_leaves': 45, 'learning_rate': 0.040099592560849204, 'subsample': 0.8563114696415159, 'colsample_bytree': 0.5442917781944105, 'min_child_samples': 50, 'reg_alpha': 1.6407916423707903e-08, 'reg_lambda': 2.935907642973286e-05}. Best is trial 3 with value: 0.004489297222424688.
[I 2026-06-01 14:59:52,072] Trial 7 finished with value: 0.017356620533876287 and parameters: {'confidence_threshold': 0.5497381024139926, 'training_days': 120, 'n_estimators': 408, 'max_depth': 5, 'num_leaves': 38, 'learning_rate': 0.28049122657745795, 'subsample': 0.8806573338635493, 'colsample_bytree': 0.5454054113547102, 'min_child_samples': 63, 'reg_alpha': 0.01263008637940408, 'reg_lambda': 0.04588020805366937}. Best is trial 7 with value: 0.017356620533876287.
[I 2026-06-01 14:59:52,355] Trial 8 finished with value: -0.054977759412240854 and parameters: {'confidence_threshold': 0.719644804808716, 'training_days': 450, 'n_estimators': 410, 'max_depth': 4, 'num_leaves': 57, 'learning_rate': 0.04022026551478857, 'subsample': 0.5336085426932707, 'colsample_bytree': 0.5705742850577543, 'min_child_samples': 100, 'reg_alpha': 5.916398047912201e-07, 'reg_lambda': 0.9794034214488329}. Best is trial 7 with value: 0.017356620533876287.
[I 2026-06-01 14:59:52,379] Trial 9 finished with value: -6.0188836638741545 and parameters: {'confidence_threshold': 0.7267463643917187, 'training_days': 20, 'n_estimators': 337, 'max_depth': 5, 'num_leaves': 23, 'learning_rate': 0.022153031811454605, 'subsample': 0.6305627572358737, 'colsample_bytree': 0.6613413774216214, 'min_child_samples': 81, 'reg_alpha': 5.7638634029410314e-08, 'reg_lambda': 8.26603016764008}. Best is trial 7 with value: 0.017356620533876287.
[I 2026-06-01 14:59:52,649] Trial 10 finished with value: -0.058802961613518744 and parameters: {'confidence_threshold': 0.8398533911817929, 'training_days': 180, 'n_estimators': 485, 'max_depth': 4, 'num_leaves': 15, 'learning_rate': 0.2797087873840057, 'subsample': 0.7130289643560688, 'colsample_bytree': 0.9944479338273263, 'min_child_samples': 62, 'reg_alpha': 0.002237492903849199, 'reg_lambda': 0.004699952286108024}. Best is trial 7 with value: 0.017356620533876287.
[I 2026-06-01 14:59:52,743] Trial 11 finished with value: -5.85517387213603 and parameters: {'confidence_threshold': 0.7923497887859746, 'training_days': 170, 'n_estimators': 186, 'max_depth': 3, 'num_leaves': 54, 'learning_rate': 0.010226258249598861, 'subsample': 0.986770314616891, 'colsample_bytree': 0.8016610248739169, 'min_child_samples': 100, 'reg_alpha': 0.0008950365149773466, 'reg_lambda': 0.00647465266809438}. Best is trial 7 with value: 0.017356620533876287.
[I 2026-06-01 14:59:52,972] Trial 12 finished with value: -0.07134522459260907 and parameters: {'confidence_threshold': 0.5145853631584999, 'training_days': 190, 'n_estimators': 490, 'max_depth': 4, 'num_leaves': 30, 'learning_rate': 0.01924681962976845, 'subsample': 0.8805059836626857, 'colsample_bytree': 0.6866172385346349, 'min_child_samples': 82, 'reg_alpha': 4.690023867625683e-05, 'reg_lambda': 0.014234632564679616}. Best is trial 7 with value: 0.017356620533876287.
[I 2026-06-01 14:59:53,072] Trial 13 finished with value: -0.028161949368069917 and parameters: {'confidence_threshold': 0.501319464013855, 'training_days': 130, 'n_estimators': 190, 'max_depth': 3, 'num_leaves': 50, 'learning_rate': 0.1184251079677144, 'subsample': 0.7750964207843904, 'colsample_bytree': 0.5059184378424634, 'min_child_samples': 67, 'reg_alpha': 0.031212687084567946, 'reg_lambda': 0.055177244785343596}. Best is trial 7 with value: 0.017356620533876287.
[I 2026-06-01 14:59:53,290] Trial 14 finished with value: -0.08909440498752075 and parameters: {'confidence_threshold': 0.6439954054899397, 'training_days': 380, 'n_estimators': 253, 'max_depth': 4, 'num_leaves': 60, 'learning_rate': 0.01910898810687529, 'subsample': 0.9184036050853165, 'colsample_bytree': 0.7832231035788051, 'min_child_samples': 88, 'reg_alpha': 2.399895403507276e-05, 'reg_lambda': 3.8405176212582535}. Best is trial 7 with value: 0.017356620533876287.
[I 2026-06-01 14:59:53,395] Trial 15 finished with value: -0.042904581490820534 and parameters: {'confidence_threshold': 0.7594279795954488, 'training_days': 250, 'n_estimators': 130, 'max_depth': 3, 'num_leaves': 33, 'learning_rate': 0.03315599571523477, 'subsample': 0.7448570380244262, 'colsample_bytree': 0.916665285796673, 'min_child_samples': 53, 'reg_alpha': 0.025969551123162727, 'reg_lambda': 0.0013467843257158065}. Best is trial 7 with value: 0.017356620533876287.
[I 2026-06-01 14:59:53,572] Trial 16 finished with value: -0.0862625618202945 and parameters: {'confidence_threshold': 0.6101190120517583, 'training_days': 70, 'n_estimators': 309, 'max_depth': 5, 'num_leaves': 49, 'learning_rate': 0.29094499271184127, 'subsample': 0.8169305025070708, 'colsample_bytree': 0.7263704759884134, 'min_child_samples': 20, 'reg_alpha': 2.058814154550665e-05, 'reg_lambda': 0.13612260066317292}. Best is trial 7 with value: 0.017356620533876287.
[I 2026-06-01 14:59:53,839] Trial 17 finished with value: -0.01311224199827899 and parameters: {'confidence_threshold': 0.5416011431378513, 'training_days': 250, 'n_estimators': 426, 'max_depth': 4, 'num_leaves': 25, 'learning_rate': 0.09948680606663793, 'subsample': 0.698498614209736, 'colsample_bytree': 0.6239004320642261, 'min_child_samples': 70, 'reg_alpha': 3.461374408093068e-06, 'reg_lambda': 0.00039965744314963514}. Best is trial 7 with value: 0.017356620533876287.
[I 2026-06-01 14:59:54,423] A new study created in memory with name: no-name-eeb9fe71-9e7f-47c6-91a0-128323d07f1b
