[I 2026-06-01 14:58:19,628] Trial 4 finished with value: -0.014130333041852303 and parameters: {'confidence_threshold': 0.5623121348350352, 'training_days': 300, 'n_estimators': 69, 'max_depth': 4, 'num_leaves': 32, 'learning_rate': 0.14967629360700346, 'subsample': 0.5054535233636654, 'colsample_bytree': 0.7401385194659216, 'min_child_samples': 27, 'reg_alpha': 1.4212042567426725e-07, 'reg_lambda': 0.23605753701352003}. Best is trial 1 with value: 0.028248773842807072.
[I 2026-06-01 14:58:20,052] Trial 5 finished with value: -0.011803077384748286 and parameters: {'confidence_threshold': 0.7111850244908446, 'training_days': 490, 'n_estimators': 362, 'max_depth': 5, 'num_leaves': 40, 'learning_rate': 0.05960785724162737, 'subsample': 0.5589714368907717, 'colsample_bytree': 0.6659006943232806, 'min_child_samples': 42, 'reg_alpha': 0.6741360303045295, 'reg_lambda': 6.054601607143087e-08}. Best is trial 1 with value: 0.028248773842807072.
[I 2026-06-01 14:58:20,239] Trial 6 finished with value: 0.006361159497615521 and parameters: {'confidence_threshold': 0.667482545748023, 'training_days': 420, 'n_estimators': 279, 'max_depth': 3, 'num_leaves': 45, 'learning_rate': 0.040099592560849204, 'subsample': 0.8563114696415159, 'colsample_bytree': 0.5442917781944105, 'min_child_samples': 50, 'reg_alpha': 1.6407916423707903e-08, 'reg_lambda': 2.935907642973286e-05}. Best is trial 1 with value: 0.028248773842807072.
[I 2026-06-01 14:58:20,381] Trial 7 finished with value: -0.050504501764759215 and parameters: {'confidence_threshold': 0.5497381024139926, 'training_days': 120, 'n_estimators': 408, 'max_depth': 5, 'num_leaves': 38, 'learning_rate': 0.28049122657745795, 'subsample': 0.8806573338635493, 'colsample_bytree': 0.5454054113547102, 'min_child_samples': 63, 'reg_alpha': 0.01263008637940408, 'reg_lambda': 0.04588020805366937}. Best is trial 1 with value: 0.028248773842807072.
[I 2026-06-01 14:58:20,643] Trial 8 finished with value: -0.04335735095616682 and parameters: {'confidence_threshold': 0.719644804808716, 'training_days': 450, 'n_estimators': 410, 'max_depth': 4, 'num_leaves': 57, 'learning_rate': 0.04022026551478857, 'subsample': 0.5336085426932707, 'colsample_bytree': 0.5705742850577543, 'min_child_samples': 100, 'reg_alpha': 5.916398047912201e-07, 'reg_lambda': 0.9794034214488329}. Best is trial 1 with value: 0.028248773842807072.
[I 2026-06-01 14:58:20,663] Trial 9 finished with value: -7.989226469446062 and parameters: {'confidence_threshold': 0.7267463643917187, 'training_days': 20, 'n_estimators': 337, 'max_depth': 5, 'num_leaves': 23, 'learning_rate': 0.022153031811454605, 'subsample': 0.6305627572358737, 'colsample_bytree': 0.6613413774216214, 'min_child_samples': 81, 'reg_alpha': 5.7638634029410314e-08, 'reg_lambda': 8.26603016764008}. Best is trial 1 with value: 0.028248773842807072.
[I 2026-06-01 14:58:20,814] Trial 10 finished with value: -4.122830811533577 and parameters: {'confidence_threshold': 0.8398533911817929, 'training_days': 320, 'n_estimators': 181, 'max_depth': 4, 'num_leaves': 15, 'learning_rate': 0.013684491588422613, 'subsample': 0.7320664585010437, 'colsample_bytree': 0.9944479338273263, 'min_child_samples': 74, 'reg_alpha': 4.136971884522066e-05, 'reg_lambda': 1.4599322889399585e-08}. Best is trial 1 with value: 0.028248773842807072.
[I 2026-06-01 14:58:21,021] Trial 11 finished with value: -0.026221565619534242 and parameters: {'confidence_threshold': 0.6435110568867387, 'training_days': 390, 'n_estimators': 290, 'max_depth': 3, 'num_leaves': 54, 'learning_rate': 0.11089640564531646, 'subsample': 0.7755810205931155, 'colsample_bytree': 0.8724278937851807, 'min_child_samples': 55, 'reg_alpha': 2.5646023357365184e-05, 'reg_lambda': 2.8664457430541773e-06}. Best is trial 1 with value: 0.028248773842807072.
[I 2026-06-01 14:58:21,432] Trial 12 finished with value: -0.01853024612681608 and parameters: {'confidence_threshold': 0.6312717333908874, 'training_days': 390, 'n_estimators': 490, 'max_depth': 4, 'num_leaves': 30, 'learning_rate': 0.02305899614846357, 'subsample': 0.7806046072327899, 'colsample_bytree': 0.8750909515331022, 'min_child_samples': 55, 'reg_alpha': 1.578782038256806e-08, 'reg_lambda': 1.460444608825336e-06}. Best is trial 1 with value: 0.028248773842807072.
[I 2026-06-01 14:58:21,565] Trial 13 finished with value: -0.0007868072581462187 and parameters: {'confidence_threshold': 0.5040535938350955, 'training_days': 220, 'n_estimators': 227, 'max_depth': 3, 'num_leaves': 50, 'learning_rate': 0.08838392816605262, 'subsample': 0.9751564467099135, 'colsample_bytree': 0.9584932215576711, 'min_child_samples': 75, 'reg_alpha': 5.330866210562306e-06, 'reg_lambda': 0.0009488438014031012}. Best is trial 1 with value: 0.028248773842807072.

    [trial 13] Sharpe=-0.0518 (folds: 0.3231, -0.2132, -0.1239, -0.1624, -0.0825)
    [trial 14] 47 features, training_days=250 | threshold=0.580 | labels: 1054 long, 1114 short (49/51%)
    [trial 14] Sharpe=-0.0264 (folds: 0.2819, -0.0915, -0.0286, -0.2287, -0.0649)
    [trial 15] 47 features, training_days=300 | threshold=0.724 | labels: 1054 long, 1114 short (49/51%)
    [trial 15] Sharpe=-0.0261 (folds: 0.2980, -0.0129, -0.1352, -0.2080, -0.0724)
    [trial 16] 47 features, training_days=380 | threshold=0.580 | labels: 1054 long, 1114 short (49/51%)
    [trial 16] Sharpe=0.0111 (folds: 0.3282, -0.0342, -0.1135, -0.1541, 0.0291)
    [trial 17] 47 features, training_days=90 | threshold=0.761 | labels: 1054 long, 1114 short (49/51%)
    [trial 17] Sharpe=-0.0235 (folds: -0.0417, 0.0311, -0.0319, -0.0905, 0.0157)
  Optuna: 18 trials, best Sharpe = 0.0267
  Best params: n_estimators=255, max_depth=5, lr=0.0575, leaves=24
  Best confidence_threshold: 0.602
  Best training_days: 190
  Retrained on full data (570 samples, 47 features)
  [ensemble 2/3] seed=123
    [trial 0] 47 features, training_days=150 | threshold=0.744 | labels: 1054 long, 1114 short (49/51%)
    [CV fold 0] train_end=2021-08-22 08:00 | val_start=2021-08-30 00:00 | gap=184h (22 rows)
    [CV fold 1] train_end=2021-12-20 16:00 | val_start=2021-12-28 08:00 | gap=184h (22 rows)
    [CV fold 2] train_end=2022-04-20 00:00 | val_start=2022-04-27 16:00 | gap=184h (22 rows)
    [CV fold 3] train_end=2022-08-18 08:00 | val_start=2022-08-26 00:00 | gap=184h (22 rows)
    [CV fold 4] train_end=2022-12-16 16:00 | val_start=2022-12-24 08:00 | gap=184h (22 rows)
    [trial 0] Sharpe=-0.0387 (folds: 0.2842, -0.2614, -0.1379, -0.1537, 0.0753)
    [trial 1] 47 features, training_days=220 | threshold=0.755 | labels: 1054 long, 1114 short (49/51%)
    [trial 1] Sharpe=-2.1470 (folds: 0.1655, -0.4702, 0.0911, -10.0000, -0.5214)
    [trial 2] 47 features, training_days=310 | threshold=0.754 | labels: 1054 long, 1114 short (49/51%)
    [trial 2] Sharpe=-0.0606 (folds: 0.2042, -0.2454, -0.0698, -0.1351, -0.0569)
    [trial 3] 47 features, training_days=220 | threshold=0.673 | labels: 1054 long, 1114 short (49/51%)
    [trial 3] Sharpe=0.0002 (folds: 0.1745, -0.0458, 0.0233, -0.1659, 0.0150)
    [trial 4] 47 features, training_days=130 | threshold=0.803 | labels: 1054 long, 1114 short (49/51%)
    [trial 4] Sharpe=-0.0963 (folds: 0.1702, -0.2182, -0.0977, -0.2037, -0.1322)
    [trial 5] 47 features, training_days=210 | threshold=0.606 | labels: 1054 long, 1114 short (49/51%)
    [trial 5] Sharpe=0.0085 (folds: 0.2532, -0.0088, 0.0216, -0.1609, -0.0625)
    [trial 6] 47 features, training_days=130 | threshold=0.767 | labels: 1054 long, 1114 short (49/51%)
    [trial 6] Sharpe=-0.0537 (folds: 0.1593, -0.1344, -0.1064, -0.1913, 0.0042)
    [trial 7] 47 features, training_days=80 | threshold=0.556 | labels: 1054 long, 1114 short (49/51%)
    [trial 7] Sharpe=-0.0399 (folds: 0.0749, -0.1784, 0.0643, -0.1240, -0.0362)
    [trial 8] 47 features, training_days=200 | threshold=0.607 | labels: 1054 long, 1114 short (49/51%)
    [trial 8] Sharpe=0.0069 (folds: 0.1896, -0.0413, 0.0273, -0.1558, 0.0149)
    [trial 9] 47 features, training_days=260 | threshold=0.620 | labels: 1054 long, 1114 short (49/51%)
    [trial 9] Sharpe=-0.0012 (folds: 0.2854, -0.0365, 0.0166, -0.1722, -0.0994)
    [trial 10] 47 features, training_days=470 | threshold=0.534 | labels: 1054 long, 1114 short (49/51%)
    [trial 10] Sharpe=0.0054 (folds: 0.3100, -0.0263, -0.0932, -0.1619, -0.0014)
    [trial 11] 47 features, training_days=360 | threshold=0.607 | labels: 1054 long, 1114 short (49/51%)
    [trial 11] Sharpe=-0.0390 (folds: 0.1822, -0.0339, -0.0682, -0.2886, 0.0136)
    [trial 12] 47 features, training_days=20 | threshold=0.618 | labels: 1054 long, 1114 short (49/51%)
    [trial 12] Sharpe=-1.9569 (folds: 0.0539, -0.0200, -10.0000, -0.0242, 0.2055)
    [trial 13] 47 features, training_days=400 | threshold=0.504 | labels: 1054 long, 1114 short (49/51%)
    [trial 13] Sharpe=-0.0275 (folds: 0.1499, -0.0801, -0.1020, -0.1368, 0.0318)
    [trial 14] 47 features, training_days=270 | threshold=0.687 | labels: 1054 long, 1114 short (49/51%)
    [trial 14] Sharpe=0.0166 (folds: 0.2094, -0.0362, 0.0412, -0.1736, 0.0418)
    [trial 15] 47 features, training_days=300 | threshold=0.685 | labels: 1054 long, 1114 short (49/51%)
    [trial 15] Sharpe=0.0048 (folds: 0.2713, 0.0032, -0.0574, -0.1370, -0.0559)
    [trial 16] 47 features, training_days=350 | threshold=0.688 | labels: 1054 long, 1114 short (49/51%)
    [trial 16] Sharpe=-0.0270 (folds: 0.2436, -0.0056, -0.1023, -0.2293, -0.0411)
    [trial 17] 47 features, training_days=490 | threshold=0.666 | labels: 1054 long, 1114 short (49/51%)
    [trial 17] Sharpe=-0.0235 (folds: 0.2089, -0.0657, -0.0829, -0.1243, -0.0533)
  Optuna: 18 trials, best Sharpe = 0.0166
  Best params: n_estimators=296, max_depth=5, lr=0.0868, leaves=42
  Best confidence_threshold: 0.687
  Best training_days: 270
  Retrained on full data (810 samples, 47 features)
  [ensemble 3/3] seed=456
    [trial 0] 47 features, training_days=90 | threshold=0.587 | labels: 1054 long, 1114 short (49/51%)
    [CV fold 0] train_end=2021-08-22 08:00 | val_start=2021-08-30 00:00 | gap=184h (22 rows)
    [CV fold 1] train_end=2021-12-20 16:00 | val_start=2021-12-28 08:00 | gap=184h (22 rows)
    [CV fold 2] train_end=2022-04-20 00:00 | val_start=2022-04-27 16:00 | gap=184h (22 rows)
    [CV fold 3] train_end=2022-08-18 08:00 | val_start=2022-08-26 00:00 | gap=184h (22 rows)
    [CV fold 4] train_end=2022-12-16 16:00 | val_start=2022-12-24 08:00 | gap=184h (22 rows)
    [trial 0] Sharpe=-0.0567 (folds: -0.0615, -0.0351, -0.0511, -0.1070, -0.0291)
    [trial 1] 47 features, training_days=290 | threshold=0.635 | labels: 1054 long, 1114 short (49/51%)
    [trial 1] Sharpe=0.0282 (folds: 0.3110, -0.0471, 0.0040, -0.1367, 0.0101)
    [trial 2] 47 features, training_days=10 | threshold=0.585 | labels: 1054 long, 1114 short (49/51%)
    [trial 2] Sharpe=-2.0255 (folds: -0.0372, 0.0427, -10.0000, -0.0242, -0.1090)
    [trial 3] 47 features, training_days=220 | threshold=0.687 | labels: 1054 long, 1114 short (49/51%)
    [trial 3] Sharpe=-0.0723 (folds: 0.3023, -0.1836, -0.0220, -0.2758, -0.1823)
    [trial 4] 47 features, training_days=300 | threshold=0.562 | labels: 1054 long, 1114 short (49/51%)
    [trial 4] Sharpe=-0.0141 (folds: 0.2057, -0.1085, -0.0639, -0.1986, 0.0948)
    [trial 5] 47 features, training_days=490 | threshold=0.711 | labels: 1054 long, 1114 short (49/51%)
    [trial 5] Sharpe=-0.0118 (folds: 0.2327, -0.0511, -0.1301, -0.1718, 0.0614)
    [trial 6] 47 features, training_days=420 | threshold=0.667 | labels: 1054 long, 1114 short (49/51%)
    [trial 6] Sharpe=0.0064 (folds: 0.2509, -0.0521, -0.0809, -0.1529, 0.0669)
    [trial 7] 47 features, training_days=120 | threshold=0.550 | labels: 1054 long, 1114 short (49/51%)
    [trial 7] Sharpe=-0.0505 (folds: 0.1820, -0.1422, 0.0143, -0.2031, -0.1035)
    [trial 8] 47 features, training_days=450 | threshold=0.720 | labels: 1054 long, 1114 short (49/51%)
    [trial 8] Sharpe=-0.0434 (folds: 0.3365, -0.0158, -0.1706, -0.1772, -0.1898)
    [trial 9] 47 features, training_days=20 | threshold=0.727 | labels: 1054 long, 1114 short (49/51%)
    [trial 9] Sharpe=-7.9892 (folds: 0.0539, -10.0000, -10.0000, -10.0000, -10.0000)
    [trial 10] 47 features, training_days=320 | threshold=0.840 | labels: 1054 long, 1114 short (49/51%)
    [trial 10] Sharpe=-4.1228 (folds: -0.5516, -10.0000, -0.0895, -10.0000, 0.0270)
    [trial 11] 47 features, training_days=390 | threshold=0.644 | labels: 1054 long, 1114 short (49/51%)
    [trial 11] Sharpe=-0.0262 (folds: 0.2242, -0.0216, -0.0661, -0.2453, -0.0222)
    [trial 12] 47 features, training_days=390 | threshold=0.631 | labels: 1054 long, 1114 short (49/51%)
    [trial 12] Sharpe=-0.0185 (folds: 0.2781, -0.0391, -0.0627, -0.2113, -0.0577)
    [trial 13] 47 features, training_days=220 | threshold=0.504 | labels: 1054 long, 1114 short (49/51%)
    [trial 13] Sharpe=-0.0008 (folds: 0.2898, 0.0117, 0.0304, -0.2517, -0.0840)
    [trial 14] 47 features, training_days=380 | threshold=0.780 | labels: 1054 long, 1114 short (49/51%)[I 2026-06-01 14:58:21,642] Trial 14 finished with value: -0.1501014054385738 and parameters: {'confidence_threshold': 0.7797216424642158, 'training_days': 380, 'n_estimators': 58, 'max_depth': 4, 'num_leaves': 31, 'learning_rate': 0.05332532123953172, 'subsample': 0.8483720642926542, 'colsample_bytree': 0.5032647290750182, 'min_child_samples': 65, 'reg_alpha': 0.0011197032848975464, 'reg_lambda': 3.35489003397335e-06}. Best is trial 1 with value: 0.028248773842807072.
[I 2026-06-01 14:58:21,795] Trial 15 finished with value: -0.037934969372318855 and parameters: {'confidence_threshold': 0.6484491395629804, 'training_days': 290, 'n_estimators': 129, 'max_depth': 5, 'num_leaves': 48, 'learning_rate': 0.010013444684742322, 'subsample': 0.6950075818145962, 'colsample_bytree': 0.8144377937283438, 'min_child_samples': 47, 'reg_alpha': 2.788758043526982e-06, 'reg_lambda': 0.0002597409756311666}. Best is trial 1 with value: 0.028248773842807072.
[I 2026-06-01 14:58:21,915] Trial 16 finished with value: -0.10563225139237382 and parameters: {'confidence_threshold': 0.7610421950890759, 'training_days': 180, 'n_estimators': 247, 'max_depth': 3, 'num_leaves': 59, 'learning_rate': 0.030320534912433545, 'subsample': 0.8192778443007702, 'colsample_bytree': 0.6810970391682408, 'min_child_samples': 88, 'reg_alpha': 0.0023353732297268087, 'reg_lambda': 3.0530161678105316e-07}. Best is trial 1 with value: 0.028248773842807072.
[I 2026-06-01 14:58:22,206] Trial 17 finished with value: -0.051238631885471106 and parameters: {'confidence_threshold': 0.6096361900064489, 'training_days': 350, 'n_estimators': 299, 'max_depth': 4, 'num_leaves': 35, 'learning_rate': 0.05231841757470914, 'subsample': 0.9272655966967175, 'colsample_bytree': 0.7193060092067802, 'min_child_samples': 22, 'reg_alpha': 1.2085417367722102e-08, 'reg_lambda': 3.3880996134039195e-05}. Best is trial 1 with value: 0.028248773842807072.
[I 2026-06-01 14:58:22,727] A new study created in memory with name: no-name-bf6b1315-ab97-4815-a769-bf30959de679
[I 2026-06-01 14:58:23,062] Trial 0 finished with value: -0.07213884225336567 and parameters: {'confidence_threshold': 0.6310890415965769, 'training_days': 480, 'n_estimators': 380, 'max_depth': 4, 'num_leaves': 22, 'learning_rate': 0.01699897838270077, 'subsample': 0.5290418060840998, 'colsample_bytree': 0.9330880728874675, 'min_child_samples': 68, 'reg_alpha': 0.023585940584142682, 'reg_lambda': 1.5320059381854043e-08}. Best is trial 0 with value: -0.07213884225336567.
[I 2026-06-01 14:58:23,195] Trial 1 finished with value: -2.268728385536864 and parameters: {'confidence_threshold': 0.839468448256698, 'training_days': 420, 'n_estimators': 145, 'max_depth': 3, 'num_leaves': 23, 'learning_rate': 0.028145092716060652, 'subsample': 0.762378215816119, 'colsample_bytree': 0.7159725093210578, 'min_child_samples': 43, 'reg_alpha': 0.0032112643094417484, 'reg_lambda': 1.8007140198129195e-07}. Best is trial 0 with value: -0.07213884225336567.
[I 2026-06-01 14:58:23,340] Trial 2 finished with value: -0.0480815478958616 and parameters: {'confidence_threshold': 0.6022506269873263, 'training_days': 190, 'n_estimators': 255, 'max_depth': 5, 'num_leaves': 24, 'learning_rate': 0.05748924681991978, 'subsample': 0.7962072844310213, 'colsample_bytree': 0.5232252063599989, 'min_child_samples': 69, 'reg_alpha': 3.425445902633376e-07, 'reg_lambda': 3.850031979199519e-08}. Best is trial 2 with value: -0.0480815478958616.
[I 2026-06-01 14:58:23,600] Trial 3 finished with value: -0.09738443618501993 and parameters: {'confidence_threshold': 0.8321099380386666, 'training_days': 490, 'n_estimators': 414, 'max_depth': 3, 'num_leaves': 19, 'learning_rate': 0.1024932221692416, 'subsample': 0.7200762468698007, 'colsample_bytree': 0.5610191174223894, 'min_child_samples': 60, 'reg_alpha': 2.039373116525212e-08, 'reg_lambda': 1.527156759251193}. Best is trial 2 with value: -0.0480815478958616.
[I 2026-06-01 14:58:23,756] Trial 4 finished with value: -0.06319652130296527 and parameters: {'confidence_threshold': 0.5905729935600059, 'training_days': 340, 'n_estimators': 190, 'max_depth': 4, 'num_leaves': 41, 'learning_rate': 0.01875220945578641, 'subsample': 0.9847923138822793, 'colsample_bytree': 0.8875664116805573, 'min_child_samples': 96, 'reg_alpha': 1.1309571585271483, 'reg_lambda': 0.002404915432737351}. Best is trial 2 with value: -0.0480815478958616.
