[I 2026-06-01 14:58:43,838] Trial 6 finished with value: -0.06633554174772058 and parameters: {'confidence_threshold': 0.5493234787411669, 'training_days': 410, 'n_estimators': 83, 'max_depth': 5, 'num_leaves': 52, 'learning_rate': 0.019657448966046126, 'subsample': 0.5027610585618012, 'colsample_bytree': 0.9077307142274171, 'min_child_samples': 77, 'reg_alpha': 0.03639690979811287, 'reg_lambda': 0.08738424135626986}. Best is trial 5 with value: 0.12956710140940295.

    [trial 8] Sharpe=-0.0264 (folds: 0.1425, -0.0762, -0.0052, -0.2570, 0.0641)
    [trial 9] 47 features, training_days=20 | threshold=0.727 | labels: 1066 long, 1102 short (49/51%)
    [trial 9] Sharpe=-2.0320 (folds: -0.1803, 0.1993, -0.0380, -0.1409, -10.0000)
    [trial 10] 47 features, training_days=10 | threshold=0.840 | labels: 1066 long, 1102 short (49/51%)
    [trial 10] Sharpe=-1.9350 (folds: 0.1757, 0.1993, -0.0380, -10.0000, -0.0121)
    [trial 11] 47 features, training_days=390 | threshold=0.783 | labels: 1066 long, 1102 short (49/51%)
    [trial 11] Sharpe=-0.2326 (folds: -0.1698, -0.3352, 0.2791, -0.2663, -0.6710)
    [trial 12] 47 features, training_days=190 | threshold=0.515 | labels: 1066 long, 1102 short (49/51%)
    [trial 12] Sharpe=-0.0435 (folds: 0.0721, 0.0108, 0.0131, -0.2843, -0.0290)
    [trial 13] 47 features, training_days=360 | threshold=0.623 | labels: 1066 long, 1102 short (49/51%)
    [trial 13] Sharpe=-0.0653 (folds: 0.1186, -0.0829, -0.0397, -0.2914, -0.0310)
    [trial 14] 47 features, training_days=470 | threshold=0.772 | labels: 1066 long, 1102 short (49/51%)
    [trial 14] Sharpe=-0.0433 (folds: 0.1867, -0.1581, -0.0171, -0.3389, 0.1108)
    [trial 15] 47 features, training_days=150 | threshold=0.612 | labels: 1066 long, 1102 short (49/51%)
    [trial 15] Sharpe=-0.0491 (folds: 0.0838, -0.1086, -0.0938, -0.2196, 0.0929)
    [trial 16] 47 features, training_days=340 | threshold=0.750 | labels: 1066 long, 1102 short (49/51%)
    [trial 16] Sharpe=-0.0852 (folds: 0.1620, -0.1749, 0.0654, -0.3413, -0.1373)
    [trial 17] 47 features, training_days=70 | threshold=0.507 | labels: 1066 long, 1102 short (49/51%)
    [trial 17] Sharpe=-0.0306 (folds: -0.0145, -0.0780, -0.0472, -0.1445, 0.1314)
  Optuna: 18 trials, best Sharpe = 0.0811
  Best params: n_estimators=212, max_depth=3, lr=0.1845, leaves=41
  Best confidence_threshold: 0.585
  Best training_days: 10
  Retrained on full data (30 samples, 47 features)
  OOD: 16 features, cutoff (q=0.7) = 9.88
  Model trained for 2023-07: 93 test candles with features, confidence_threshold=0.667
[trade:close] 2023-07-03 00:00 BTCUSDT LONG → timeout @ 30612.70 | PnL=+0.51% (net +0.41%) | cum=-20.71% 2023-07=+0.41% 2023-07-03=+0.41%
[predict] 2023-07-07 00:00 BTCUSDT → LONG (proba=0.86 TP=6.8%/SL=3.4%)
[trade:open] 2023-07-07 07:59 BTCUSDT LONG @ 29992.90 | SL=28977.89 TP=32022.91 | timeout=2023-07-14 07:59
[trade:close] 2023-07-14 08:00 BTCUSDT LONG → timeout @ 31095.90 | PnL=+3.68% (net +3.58%) | cum=-17.13% 2023-07=+3.99% 2023-07-14=+3.58%
[predict] 2023-07-21 08:00 BTCUSDT → LONG (proba=0.80 TP=4.7%/SL=2.3%)
[trade:open] 2023-07-21 15:59 BTCUSDT LONG @ 29852.00 | SL=29155.93 TP=31244.14 | timeout=2023-07-28 15:59
[trade:close] 2023-07-24 15:59 BTCUSDT LONG → stop_loss @ 29155.93 | PnL=-2.33% (net -2.43%) | cum=-19.56% 2023-07=+1.55% 2023-07-24=-2.43%
[predict] 2023-07-25 08:00 BTCUSDT → LONG (proba=0.87 TP=4.3%/SL=2.1%)
[trade:open] 2023-07-25 15:59 BTCUSDT LONG @ 29167.00 | SL=28547.10 TP=30406.80 | timeout=2023-08-01 15:59
[lgbm] === Training for 2023-08 ===
  Train window: 2021-08-01 → 2023-07-24
  2168 training samples from 1 symbols
  Samples per month: 2021-08: 93, 2021-09: 90, 2021-10: 93, 2021-11: 90, 2021-12: 93, 2022-01: 93, 2022-02: 84, 2022-03: 93, 2022-04: 90, 2022-05: 93, 2022-06: 90, 2022-07: 93, 2022-08: 93, 2022-09: 90, 2022-10: 93, 2022-11: 90, 2022-12: 93, 2023-01: 93, 2023-02: 84, 2023-03: 93, 2023-04: 90, 2023-05: 93, 2023-06: 90, 2023-07: 71
  [label] 2021-10-01 16:00 BTCUSDT entry=48123.9400 → LONG | long=tp(+11.43%) short=sl(-5.86%) | scanned=14 | long_tp_only
  [label] 2021-10-03 16:00 BTCUSDT entry=48187.3000 → LONG | long=tp(+9.49%) short=sl(-4.90%) | scanned=8 | long_tp_only
  [label] 2021-10-07 16:00 BTCUSDT entry=53814.9900 → LONG | long=timeout(+6.52%) short=sl(-5.36%) | scanned=22 | no_tp→fwd_return=+6.6212
  [label] 2021-11-01 08:00 BTCUSDT entry=61600.0100 → LONG | long=timeout(+7.76%) short=sl(-5.13%) | scanned=22 | no_tp→fwd_return=+7.8631
  [label] 2021-12-23 16:00 BTCUSDT entry=50817.9200 → SHORT | long=sl(-4.73%) short=tp(+9.16%) | scanned=18 | short_tp_only
  [label] 2022-06-07 16:00 BTCUSDT entry=31118.1000 → SHORT | long=sl(-5.30%) short=tp(+10.30%) | scanned=13 | short_tp_only
  [label] 2022-06-11 16:00 BTCUSDT entry=28416.7000 → SHORT | long=sl(-5.15%) short=tp(+9.99%) | scanned=4 | short_tp_only
  [label] 2022-06-22 08:00 BTCUSDT entry=20075.4000 → LONG | long=timeout(-0.10%) short=timeout(-0.10%) | scanned=22 | no_tp→fwd_return=+0.0045
  [label] 2022-08-06 08:00 BTCUSDT entry=23191.2000 → LONG | long=timeout(+5.55%) short=sl(-4.24%) | scanned=22 | no_tp→fwd_return=+5.6513
  [label] 2022-08-14 16:00 BTCUSDT entry=24294.1000 → SHORT | long=sl(-3.97%) short=tp(+7.63%) | scanned=13 | short_tp_only
  [label] 2022-11-13 00:00 BTCUSDT entry=16765.5000 → SHORT | long=timeout(-0.43%) short=timeout(+0.23%) | scanned=22 | no_tp→fwd_return=-0.3298
  [label] 2022-12-15 00:00 BTCUSDT entry=17686.0000 → SHORT | long=sl(-2.97%) short=tp(+5.65%) | scanned=5 | short_tp_only
  [label] 2022-12-31 00:00 BTCUSDT entry=16564.4000 → LONG | long=timeout(+2.17%) short=sl(-1.80%) | scanned=22 | no_tp→fwd_return=+2.2663
  [label] 2023-01-12 16:00 BTCUSDT entry=18838.0000 → LONG | long=tp(+5.91%) short=sl(-3.10%) | scanned=3 | long_tp_only
  [label] 2023-01-31 08:00 BTCUSDT entry=23113.9000 → SHORT | long=timeout(-1.03%) short=sl(-3.61%) | scanned=22 | no_tp→fwd_return=-0.9306
  [label] 2023-02-06 16:00 BTCUSDT entry=22757.7000 → SHORT | long=sl(-3.35%) short=timeout(+4.26%) | scanned=22 | no_tp→fwd_return=-4.3568
  [label] 2023-02-19 00:00 BTCUSDT entry=24576.7000 → SHORT | long=sl(-4.34%) short=timeout(+5.73%) | scanned=22 | no_tp→fwd_return=-5.8348
  [label] 2023-03-30 08:00 BTCUSDT entry=28282.8000 → SHORT | long=timeout(-0.82%) short=timeout(+0.62%) | scanned=22 | no_tp→fwd_return=-0.7195
  [label] 2023-04-09 08:00 BTCUSDT entry=27873.6000 → LONG | long=tp(+4.57%) short=sl(-2.44%) | scanned=4 | long_tp_only
  [label] 2023-07-04 08:00 BTCUSDT entry=30959.3000 → SHORT | long=sl(-2.80%) short=timeout(+1.11%) | scanned=22 | no_tp→fwd_return=-1.2074
  Labels: 1050 long (48.4%), 1118 short (51.6%) | weights: min=1.00, mean=3.20, max=10.00
  Features: 2168/2168 matched, 47 columns
  CV gap: 22 rows
  [ensemble 1/3] seed=42
    [trial 0] 47 features, training_days=480 | threshold=0.631 | labels: 1050 long, 1118 short (48/52%)
    [CV fold 0] train_end=2021-11-22 08:00 | val_start=2021-11-30 00:00 | gap=184h (22 rows)
    [CV fold 1] train_end=2022-03-22 16:00 | val_start=2022-03-30 08:00 | gap=184h (22 rows)
    [CV fold 2] train_end=2022-07-21 00:00 | val_start=2022-07-28 16:00 | gap=184h (22 rows)
    [CV fold 3] train_end=2022-11-18 08:00 | val_start=2022-11-26 00:00 | gap=184h (22 rows)
    [CV fold 4] train_end=2023-03-18 16:00 | val_start=2023-03-26 08:00 | gap=184h (22 rows)
    [trial 0] Sharpe=0.0119 (folds: 0.1697, -0.0449, -0.1219, -0.0140, 0.0704)
    [trial 1] 47 features, training_days=420 | threshold=0.839 | labels: 1050 long, 1118 short (48/52%)
    [trial 1] Sharpe=-4.1063 (folds: 0.0170, -0.2824, -10.0000, -10.0000, -0.2659)
    [trial 2] 47 features, training_days=190 | threshold=0.602 | labels: 1050 long, 1118 short (48/52%)
    [trial 2] Sharpe=-0.0438 (folds: 0.1583, -0.0620, -0.3505, -0.1560, 0.1912)
    [trial 3] 47 features, training_days=490 | threshold=0.832 | labels: 1050 long, 1118 short (48/52%)
    [trial 3] Sharpe=-0.0155 (folds: 0.1918, -0.0720, -0.2121, -0.0770, 0.0918)
    [trial 4] 47 features, training_days=340 | threshold=0.591 | labels: 1050 long, 1118 short (48/52%)
    [trial 4] Sharpe=0.0113 (folds: 0.1813, -0.0858, -0.0886, -0.1641, 0.2139)
    [trial 5] 47 features, training_days=50 | threshold=0.823 | labels: 1050 long, 1118 short (48/52%)
    [trial 5] Sharpe=0.1296 (folds: 0.7327, -0.1197, -0.2576, 0.1492, 0.1432)
    [trial 6] 47 features, training_days=410 | threshold=0.549 | labels: 1050 long, 1118 short (48/52%)
    [trial 6] Sharpe=-0.0663 (folds: 0.0951, -0.0979, -0.2047, -0.1174, -0.0068)
    [trial 7] 47 features, training_days=180 | threshold=0.526 | labels: 1050 long, 1118 short (48/52%)[I 2026-06-01 14:58:43,931] Trial 7 finished with value: -0.024820214822724732 and parameters: {'confidence_threshold': 0.5259156281069316, 'training_days': 180, 'n_estimators': 102, 'max_depth': 5, 'num_leaves': 45, 'learning_rate': 0.030816017044468066, 'subsample': 0.5317791751430119, 'colsample_bytree': 0.6554911608578311, 'min_child_samples': 46, 'reg_alpha': 0.036851536911881845, 'reg_lambda': 0.005470376807480391}. Best is trial 5 with value: 0.12956710140940295.
[I 2026-06-01 14:58:44,039] Trial 8 finished with value: -0.18267875800063868 and parameters: {'confidence_threshold': 0.8105244599017143, 'training_days': 240, 'n_estimators': 103, 'max_depth': 5, 'num_leaves': 52, 'learning_rate': 0.06746437142284309, 'subsample': 0.8854835899772805, 'colsample_bytree': 0.7468977981821954, 'min_child_samples': 62, 'reg_alpha': 7.04480806377519e-05, 'reg_lambda': 1.6934490731313353e-08}. Best is trial 5 with value: 0.12956710140940295.
[I 2026-06-01 14:58:44,064] Trial 9 finished with value: -0.08851288384688848 and parameters: {'confidence_threshold': 0.5377619994476566, 'training_days': 20, 'n_estimators': 337, 'max_depth': 3, 'num_leaves': 39, 'learning_rate': 0.21907142272152816, 'subsample': 0.6246461145744375, 'colsample_bytree': 0.7051914615178149, 'min_child_samples': 81, 'reg_alpha': 1.1459970229341322e-06, 'reg_lambda': 4.929685216887945e-08}. Best is trial 5 with value: 0.12956710140940295.
[I 2026-06-01 14:58:44,098] Trial 10 finished with value: -1.943067553241938 and parameters: {'confidence_threshold': 0.7318981109748116, 'training_days': 10, 'n_estimators': 487, 'max_depth': 4, 'num_leaves': 31, 'learning_rate': 0.14704103471568217, 'subsample': 0.628963476300746, 'colsample_bytree': 0.987470107623585, 'min_child_samples': 25, 'reg_alpha': 2.608784411827665e-05, 'reg_lambda': 3.3639426888455256e-06}. Best is trial 5 with value: 0.12956710140940295.
[I 2026-06-01 14:58:44,248] Trial 11 finished with value: -0.07631261918497936 and parameters: {'confidence_threshold': 0.6954836557727516, 'training_days': 110, 'n_estimators': 291, 'max_depth': 4, 'num_leaves': 30, 'learning_rate': 0.010345547951401532, 'subsample': 0.6089267919181687, 'colsample_bytree': 0.8554948668919389, 'min_child_samples': 48, 'reg_alpha': 3.662834835098572, 'reg_lambda': 4.4206421310909706e-05}. Best is trial 5 with value: 0.12956710140940295.
[I 2026-06-01 14:58:44,657] Trial 12 finished with value: -0.0024500587894494023 and parameters: {'confidence_threshold': 0.6403606747603232, 'training_days': 310, 'n_estimators': 389, 'max_depth': 4, 'num_leaves': 15, 'learning_rate': 0.011907057590678163, 'subsample': 0.5681007185936042, 'colsample_bytree': 0.9966230134341398, 'min_child_samples': 30, 'reg_alpha': 0.0007390056680458819, 'reg_lambda': 3.8098701113215634e-05}. Best is trial 5 with value: 0.12956710140940295.
[I 2026-06-01 14:58:44,753] Trial 13 finished with value: -0.04220707046888994 and parameters: {'confidence_threshold': 0.7511004938244776, 'training_days': 130, 'n_estimators': 222, 'max_depth': 3, 'num_leaves': 62, 'learning_rate': 0.03463321157552712, 'subsample': 0.6866291716128416, 'colsample_bytree': 0.8271117220474519, 'min_child_samples': 92, 'reg_alpha': 5.089139747366672e-06, 'reg_lambda': 4.448098583586055e-06}. Best is trial 5 with value: 0.12956710140940295.
[I 2026-06-01 14:58:45,025] Trial 14 finished with value: -0.025188116660992153 and parameters: {'confidence_threshold': 0.6653126865835206, 'training_days': 500, 'n_estimators': 340, 'max_depth': 3, 'num_leaves': 30, 'learning_rate': 0.018455307819926946, 'subsample': 0.672124257048007, 'colsample_bytree': 0.9365356675427864, 'min_child_samples': 36, 'reg_alpha': 0.011240825921390547, 'reg_lambda': 0.0013851843518099096}. Best is trial 5 with value: 0.12956710140940295.
[I 2026-06-01 14:58:45,187] Trial 15 finished with value: -0.07218197760482663 and parameters: {'confidence_threshold': 0.7770525510281504, 'training_days': 90, 'n_estimators': 491, 'max_depth': 4, 'num_leaves': 34, 'learning_rate': 0.04225339023073559, 'subsample': 0.5624390834621803, 'colsample_bytree': 0.8100744538922787, 'min_child_samples': 56, 'reg_alpha': 0.194459601930754, 'reg_lambda': 0.10351163679178875}. Best is trial 5 with value: 0.12956710140940295.
[I 2026-06-01 14:58:45,465] Trial 16 finished with value: -0.027832491818014903 and parameters: {'confidence_threshold': 0.7048944017820763, 'training_days': 320, 'n_estimators': 408, 'max_depth': 3, 'num_leaves': 22, 'learning_rate': 0.0742708334836405, 'subsample': 0.8207043423369644, 'colsample_bytree': 0.941882404202281, 'min_child_samples': 71, 'reg_alpha': 0.00043994171898661776, 'reg_lambda': 7.89499320419467e-07}. Best is trial 5 with value: 0.12956710140940295.
[I 2026-06-01 14:58:45,633] Trial 17 finished with value: -0.04022653543686533 and parameters: {'confidence_threshold': 0.6269312636992631, 'training_days': 400, 'n_estimators': 177, 'max_depth': 4, 'num_leaves': 15, 'learning_rate': 0.014698452359943413, 'subsample': 0.5829261830537771, 'colsample_bytree': 0.7952908891858086, 'min_child_samples': 84, 'reg_alpha': 5.5983684399009824e-08, 'reg_lambda': 0.00020614774879284444}. Best is trial 5 with value: 0.12956710140940295.
[I 2026-06-01 14:58:45,861] A new study created in memory with name: no-name-8d321d54-8059-47de-980a-82e4d2a03f13
[I 2026-06-01 14:58:45,958] Trial 0 finished with value: -0.058235428743128606 and parameters: {'confidence_threshold': 0.7437642149592516, 'training_days': 150, 'n_estimators': 152, 'max_depth': 4, 'num_leaves': 50, 'learning_rate': 0.04216766425047743, 'subsample': 0.9903820991923078, 'colsample_bytree': 0.8424148692924316, 'min_child_samples': 58, 'reg_alpha': 3.381097259762742e-05, 'reg_lambda': 1.2263152961306247e-05}. Best is trial 0 with value: -0.058235428743128606.
[I 2026-06-01 14:58:46,033] Trial 1 finished with value: -4.220750523541774 and parameters: {'confidence_threshold': 0.7551673975844145, 'training_days': 220, 'n_estimators': 76, 'max_depth': 4, 'num_leaves': 51, 'learning_rate': 0.018602118810743477, 'subsample': 0.5877258780737462, 'colsample_bytree': 0.7657756869209191, 'min_child_samples': 63, 'reg_alpha': 0.005123994170264194, 'reg_lambda': 0.44145470178120466}. Best is trial 0 with value: -0.058235428743128606.
[I 2026-06-01 14:58:46,308] Trial 2 finished with value: -0.016768832193233673 and parameters: {'confidence_threshold': 0.7535593637012223, 'training_days': 310, 'n_estimators': 375, 'max_depth': 3, 'num_leaves': 32, 'learning_rate': 0.021735641882032388, 'subsample': 0.6468570231944146, 'colsample_bytree': 0.8154880619272439, 'min_child_samples': 27, 'reg_alpha': 8.004064028491336e-05, 'reg_lambda': 7.546835261630524e-05}. Best is trial 2 with value: -0.016768832193233673.
[I 2026-06-01 14:58:46,487] Trial 3 finished with value: 0.03376248434741377 and parameters: {'confidence_threshold': 0.6727897841776072, 'training_days': 220, 'n_estimators': 190, 'max_depth': 4, 'num_leaves': 58, 'learning_rate': 0.24810689332636193, 'subsample': 0.7509183379421682, 'colsample_bytree': 0.8119764758960556, 'min_child_samples': 29, 'reg_alpha': 7.1708285081421445e-06, 'reg_lambda': 5.412973582738627e-05}. Best is trial 3 with value: 0.03376248434741377.
[I 2026-06-01 14:58:46,612] Trial 4 finished with value: -0.008422189795946661 and parameters: {'confidence_threshold': 0.803208205259178, 'training_days': 130, 'n_estimators': 267, 'max_depth': 5, 'num_leaves': 40, 'learning_rate': 0.08041175317374143, 'subsample': 0.5603143329951619, 'colsample_bytree': 0.9131704002534167, 'min_child_samples': 68, 'reg_alpha': 0.0008046593428183385, 'reg_lambda': 1.2158346158765583e-05}. Best is trial 3 with value: 0.03376248434741377.
[I 2026-06-01 14:58:46,842] Trial 5 finished with value: -0.022653779675407278 and parameters: {'confidence_threshold': 0.6064422761595144, 'training_days': 210, 'n_estimators': 357, 'max_depth': 5, 'num_leaves': 40, 'learning_rate': 0.0974221287220869, 'subsample': 0.7929682762811064, 'colsample_bytree': 0.8124517510478, 'min_child_samples': 74, 'reg_alpha': 0.3811377260781234, 'reg_lambda': 5.607314238392041e-08}. Best is trial 3 with value: 0.03376248434741377.
[I 2026-06-01 14:58:46,958] Trial 6 finished with value: -0.011520093121770774 and parameters: {'confidence_threshold': 0.7672889945051684, 'training_days': 130, 'n_estimators': 137, 'max_depth': 4, 'num_leaves': 19, 'learning_rate': 0.2031117614248665, 'subsample': 0.8136244860256343, 'colsample_bytree': 0.8617081790949774, 'min_child_samples': 21, 'reg_alpha': 0.002238138278733199, 'reg_lambda': 0.001025809534977322}. Best is trial 3 with value: 0.03376248434741377.
[I 2026-06-01 14:58:47,027] Trial 7 finished with value: -0.038053445818624645 and parameters: {'confidence_threshold': 0.555635875450653, 'training_days': 80, 'n_estimators': 363, 'max_depth': 3, 'num_leaves': 48, 'learning_rate': 0.06590089024008658, 'subsample': 0.6944752870615722, 'colsample_bytree': 0.962566244806993, 'min_child_samples': 88, 'reg_alpha': 1.6465620446426067e-05, 'reg_lambda': 2.4678750890085655e-08}. Best is trial 3 with value: 0.03376248434741377.
[I 2026-06-01 14:58:47,376] Trial 8 finished with value: 0.006990219584774684 and parameters: {'confidence_threshold': 0.6066688256938841, 'training_days': 200, 'n_estimators': 367, 'max_depth': 5, 'num_leaves': 32, 'learning_rate': 0.13377519215934996, 'subsample': 0.7965884582811106, 'colsample_bytree': 0.8458508993500886, 'min_child_samples': 32, 'reg_alpha': 3.889436043816386e-05, 'reg_lambda': 1.4713062489380356e-06}. Best is trial 3 with value: 0.03376248434741377.
[I 2026-06-01 14:58:47,601] Trial 9 finished with value: -0.007735308272249114 and parameters: {'confidence_threshold': 0.6202096049169137, 'training_days': 260, 'n_estimators': 350, 'max_depth': 3, 'num_leaves': 21, 'learning_rate': 0.02989540198065364, 'subsample': 0.8307821683331218, 'colsample_bytree': 0.923253112635361, 'min_child_samples': 64, 'reg_alpha': 0.4898604619604203, 'reg_lambda': 2.9076377687066166e-05}. Best is trial 3 with value: 0.03376248434741377.
[I 2026-06-01 14:58:48,061] Trial 10 finished with value: -0.006858061413342459 and parameters: {'confidence_threshold': 0.6756170272727778, 'training_days': 470, 'n_estimators': 493, 'max_depth': 4, 'num_leaves': 63, 'learning_rate': 0.010221918552934462, 'subsample': 0.9383547926937981, 'colsample_bytree': 0.6202684210924141, 'min_child_samples': 44, 'reg_alpha': 2.371385268938747e-08, 'reg_lambda': 0.015315426420116851}. Best is trial 3 with value: 0.03376248434741377.
[I 2026-06-01 14:58:48,349] Trial 11 finished with value: -0.015859934931515336 and parameters: {'confidence_threshold': 0.5130958894507832, 'training_days': 360, 'n_estimators': 248, 'max_depth': 5, 'num_leaves': 28, 'learning_rate': 0.29626502575289787, 'subsample': 0.7286462650868973, 'colsample_bytree': 0.6661831737797719, 'min_child_samples': 39, 'reg_alpha': 4.28336488974334e-07, 'reg_lambda': 6.470692703374516e-07}. Best is trial 3 with value: 0.03376248434741377.
[I 2026-06-01 14:58:48,378] Trial 12 finished with value: -2.011619124898604 and parameters: {'confidence_threshold': 0.6727899930733724, 'training_days': 20, 'n_estimators': 212, 'max_depth': 5, 'num_leaves': 63, 'learning_rate': 0.15265377916176726, 'subsample': 0.8941395335595879, 'colsample_bytree': 0.5196457038790347, 'min_child_samples': 37, 'reg_alpha': 1.0353404194374763e-06, 'reg_lambda': 7.796589835036051e-07}. Best is trial 3 with value: 0.03376248434741377.
[I 2026-06-01 14:58:48,770] Trial 13 finished with value: -0.014906241049368506 and parameters: {'confidence_threshold': 0.66785304776334, 'training_days': 400, 'n_estimators': 475, 'max_depth': 4, 'num_leaves': 28, 'learning_rate': 0.13909139382788904, 'subsample': 0.6692276593280039, 'colsample_bytree': 0.7082407533656954, 'min_child_samples': 51, 'reg_alpha': 1.5001709763756765e-06, 'reg_lambda': 0.004402943395258396}. Best is trial 3 with value: 0.03376248434741377.
[I 2026-06-01 14:58:49,191] Trial 14 finished with value: 0.006696689647390235 and parameters: {'confidence_threshold': 0.6066442090000221, 'training_days': 290, 'n_estimators': 419, 'max_depth': 5, 'num_leaves': 56, 'learning_rate': 0.27607551914806794, 'subsample': 0.762401725462525, 'colsample_bytree': 0.9951780710339017, 'min_child_samples': 28, 'reg_alpha': 1.0017646856123118e-08, 'reg_lambda': 1.834862228450529e-06}. Best is trial 3 with value: 0.03376248434741377.
[I 2026-06-01 14:58:49,363] Trial 15 finished with value: -0.07173331514951828 and parameters: {'confidence_threshold': 0.7050367233919248, 'training_days': 200, 'n_estimators': 300, 'max_depth': 4, 'num_leaves': 35, 'learning_rate': 0.12590433810309265, 'subsample': 0.507007918467014, 'colsample_bytree': 0.738971151174427, 'min_child_samples': 100, 'reg_alpha': 0.012726486074698236, 'reg_lambda': 3.5532501480887757}. Best is trial 3 with value: 0.03376248434741377.
