[I 2026-06-01 15:03:40,672] Trial 17 finished with value: -0.1836024082477376 and parameters: {'confidence_threshold': 0.7873735958410488, 'training_days': 370, 'n_estimators': 443, 'max_depth': 3, 'num_leaves': 63, 'learning_rate': 0.026817067331372367, 'subsample': 0.727945113711327, 'colsample_bytree': 0.8410805723564942, 'min_child_samples': 64, 'reg_alpha': 0.0016652158126850868, 'reg_lambda': 0.0034145695644685345}. Best is trial 15 with value: 0.009377655066336027.
[I 2026-06-01 15:03:41,489] A new study created in memory with name: no-name-80666302-fe54-4d19-b01a-83dda05e1aa1

    [trial 8] Sharpe=-0.1136 (folds: 0.0595, -0.2710, -0.1595, -0.0350, -0.1619)
    [trial 9] 47 features, training_days=20 | threshold=0.727 | labels: 1241 long, 930 short (57/43%)
    [trial 9] Sharpe=-0.1264 (folds: -0.1116, 0.0329, -0.4366, -0.0259, -0.0910)
    [trial 10] 47 features, training_days=130 | threshold=0.840 | labels: 1241 long, 930 short (57/43%)
    [trial 10] Sharpe=-0.0023 (folds: 0.1554, -0.0870, -0.1143, 0.0543, -0.0197)
    [trial 11] 47 features, training_days=140 | threshold=0.849 | labels: 1241 long, 930 short (57/43%)
    [trial 11] Sharpe=-0.0592 (folds: 0.1066, -0.1547, -0.0224, -0.0624, -0.1629)
    [trial 12] 47 features, training_days=120 | threshold=0.839 | labels: 1241 long, 930 short (57/43%)
    [trial 12] Sharpe=0.0030 (folds: 0.1871, -0.0776, -0.0428, -0.0560, 0.0041)
    [trial 13] 47 features, training_days=200 | threshold=0.848 | labels: 1241 long, 930 short (57/43%)
    [trial 13] Sharpe=-0.1552 (folds: 0.1919, -0.1711, -0.3136, -0.2644, -0.2188)
    [trial 14] 47 features, training_days=180 | threshold=0.790 | labels: 1241 long, 930 short (57/43%)
    [trial 14] Sharpe=-0.1624 (folds: 0.1371, -0.2093, -0.4295, 0.0119, -0.3223)
    [trial 15] 47 features, training_days=70 | threshold=0.783 | labels: 1241 long, 930 short (57/43%)
    [trial 15] Sharpe=0.0094 (folds: 0.0460, -0.0837, 0.0293, 0.0534, 0.0020)
    [trial 16] 47 features, training_days=60 | threshold=0.781 | labels: 1241 long, 930 short (57/43%)
    [trial 16] Sharpe=-0.0307 (folds: -0.0599, -0.1282, -0.0337, 0.0999, -0.0317)
    [trial 17] 47 features, training_days=370 | threshold=0.787 | labels: 1241 long, 930 short (57/43%)
    [trial 17] Sharpe=-0.1836 (folds: 0.1408, -0.2291, -0.1651, -0.0816, -0.5830)
  Optuna: 18 trials, best Sharpe = 0.0094
  Best params: n_estimators=442, max_depth=4, lr=0.0168, leaves=62
  Best confidence_threshold: 0.783
  Best training_days: 70
  Retrained on full data (210 samples, 47 features)
  OOD: 16 features, cutoff (q=0.7) = 9.75
  Model trained for 2025-10: 93 test candles with features, confidence_threshold=0.720
[trade:close] 2025-10-01 08:00 BTCUSDT SHORT → timeout @ 114480.80 | PnL=-1.72% (net -1.82%) | cum=-35.99% 2025-10=-1.82% 2025-10-01=-1.82%
[predict] 2025-10-02 16:00 BTCUSDT → SHORT (proba=0.72 TP=4.3%/SL=2.2%)
[trade:open] 2025-10-02 23:59 BTCUSDT SHORT @ 120481.30 | SL=123094.47 TP=115254.96 | timeout=2025-10-09 23:59
[trade:close] 2025-10-03 23:59 BTCUSDT SHORT → stop_loss @ 123094.47 | PnL=-2.17% (net -2.27%) | cum=-38.25% 2025-10=-4.09% 2025-10-03=-2.27%
[predict] 2025-10-04 16:00 BTCUSDT → SHORT (proba=0.74 TP=4.3%/SL=2.2%)
[trade:open] 2025-10-04 23:59 BTCUSDT SHORT @ 122343.20 | SL=124977.92 TP=117073.75 | timeout=2025-10-11 23:59
[trade:close] 2025-10-05 07:59 BTCUSDT SHORT → stop_loss @ 124977.92 | PnL=-2.15% (net -2.25%) | cum=-40.51% 2025-10=-6.34% 2025-10-05=-2.25%
[predict] 2025-10-06 00:00 BTCUSDT → SHORT (proba=0.87 TP=4.8%/SL=2.4%)
[trade:open] 2025-10-06 07:59 BTCUSDT SHORT @ 123332.30 | SL=126293.23 TP=117410.44 | timeout=2025-10-13 07:59
[trade:close] 2025-10-10 23:59 BTCUSDT SHORT → take_profit @ 117410.44 | PnL=+4.80% (net +4.70%) | cum=-35.81% 2025-10=-1.64% 2025-10-10=+4.70%
[predict] 2025-10-15 16:00 BTCUSDT → SHORT (proba=0.74 TP=8.4%/SL=4.2%)
[trade:open] 2025-10-15 23:59 BTCUSDT SHORT @ 110699.00 | SL=115353.78 TP=101389.45 | timeout=2025-10-22 23:59
[trade:close] 2025-10-23 00:00 BTCUSDT SHORT → timeout @ 107532.10 | PnL=+2.86% (net +2.76%) | cum=-33.05% 2025-10=+1.12% 2025-10-23=+2.76%
[predict] 2025-10-23 16:00 BTCUSDT → SHORT (proba=0.72 TP=7.9%/SL=4.0%)
[trade:open] 2025-10-23 23:59 BTCUSDT SHORT @ 110025.90 | SL=114377.41 TP=101322.89 | timeout=2025-10-30 23:59
[trade:close] 2025-10-26 23:59 BTCUSDT SHORT → stop_loss @ 114377.41 | PnL=-3.95% (net -4.05%) | cum=-37.10% 2025-10=-2.94% 2025-10-26=-4.05%
[predict] 2025-10-27 16:00 BTCUSDT → SHORT (proba=0.83 TP=5.8%/SL=2.9%)
[trade:open] 2025-10-27 23:59 BTCUSDT SHORT @ 114064.10 | SL=117366.78 TP=107458.74 | timeout=2025-11-03 23:59
[trade:close] 2025-10-30 15:59 BTCUSDT SHORT → take_profit @ 107458.74 | PnL=+5.79% (net +5.69%) | cum=-31.41% 2025-10=+2.76% 2025-10-30=+5.69%
[predict] 2025-10-31 08:00 BTCUSDT → SHORT (proba=0.94 TP=7.3%/SL=3.7%)
[trade:open] 2025-10-31 15:59 BTCUSDT SHORT @ 110160.10 | SL=114184.07 TP=102112.17 | timeout=2025-11-07 15:59
[lgbm] === Training for 2025-11 ===
  Train window: 2023-11-01 → 2025-10-24
  2171 training samples from 1 symbols
  Samples per month: 2023-11: 90, 2023-12: 93, 2024-01: 93, 2024-02: 87, 2024-03: 93, 2024-04: 90, 2024-05: 93, 2024-06: 90, 2024-07: 93, 2024-08: 93, 2024-09: 90, 2024-10: 93, 2024-11: 90, 2024-12: 93, 2025-01: 93, 2025-02: 84, 2025-03: 93, 2025-04: 90, 2025-05: 93, 2025-06: 90, 2025-07: 93, 2025-08: 93, 2025-09: 90, 2025-10: 71
  [label] 2024-01-01 16:00 BTCUSDT entry=44230.2000 → SHORT | long=sl(-3.17%) short=sl(-3.17%) | scanned=5 | no_tp→fwd_return=-2.7497
  [label] 2024-01-04 00:00 BTCUSDT entry=42775.0000 → LONG | long=tp(+9.95%) short=sl(-5.13%) | scanned=14 | long_tp_only
  [label] 2024-01-07 16:00 BTCUSDT entry=43916.9000 → LONG | long=tp(+7.91%) short=sl(-4.10%) | scanned=6 | long_tp_only
  [label] 2024-02-01 08:00 BTCUSDT entry=42500.1000 → LONG | long=timeout(+6.74%) short=sl(-3.63%) | scanned=22 | no_tp→fwd_return=+6.8381
  [label] 2024-03-25 00:00 BTCUSDT entry=66866.6000 → LONG | long=timeout(+4.04%) short=sl(-5.86%) | scanned=22 | no_tp→fwd_return=+4.1432
  [label] 2024-09-07 00:00 BTCUSDT entry=54258.1000 → LONG | long=tp(+9.67%) short=sl(-4.99%) | scanned=19 | long_tp_only
  [label] 2024-09-11 00:00 BTCUSDT entry=56675.1000 → LONG | long=timeout(+6.48%) short=sl(-4.34%) | scanned=22 | no_tp→fwd_return=+6.5789
  [label] 2024-09-21 16:00 BTCUSDT entry=63320.6000 → LONG | long=timeout(+3.85%) short=sl(-3.17%) | scanned=22 | no_tp→fwd_return=+3.9513
  [label] 2024-11-05 16:00 BTCUSDT entry=69353.1000 → LONG | long=tp(+7.11%) short=sl(-3.71%) | scanned=1 | long_tp_only
  [label] 2024-11-14 08:00 BTCUSDT entry=88000.0000 → LONG | long=timeout(+9.77%) short=sl(-6.31%) | scanned=22 | no_tp→fwd_return=+9.8682
  [label] 2025-02-12 16:00 BTCUSDT entry=97816.3000 → SHORT | long=sl(-3.69%) short=timeout(+1.15%) | scanned=22 | no_tp→fwd_return=-1.2455
  [label] 2025-03-16 16:00 BTCUSDT entry=82541.6000 → LONG | long=timeout(+4.14%) short=sl(-4.60%) | scanned=22 | no_tp→fwd_return=+4.2434
  [label] 2025-04-02 00:00 BTCUSDT entry=84389.8000 → SHORT | long=sl(-3.23%) short=sl(-3.23%) | scanned=4 | no_tp→fwd_return=-2.8297
  [label] 2025-04-14 16:00 BTCUSDT entry=84553.9000 → LONG | long=timeout(+3.34%) short=sl(-4.53%) | scanned=22 | no_tp→fwd_return=+3.4441
  [label] 2025-05-03 00:00 BTCUSDT entry=96290.8000 → LONG | long=sl(-2.65%) short=sl(-2.65%) | scanned=15 | no_tp→fwd_return=+3.0337
  [label] 2025-05-09 08:00 BTCUSDT entry=102852.9000 → LONG | long=timeout(+1.16%) short=timeout(-1.36%) | scanned=22 | no_tp→fwd_return=+1.2553
  [label] 2025-05-21 16:00 BTCUSDT entry=109609.5000 → SHORT | long=timeout(-1.82%) short=timeout(+1.62%) | scanned=22 | no_tp→fwd_return=-1.7210
  [label] 2025-06-30 08:00 BTCUSDT entry=107525.6000 → LONG | long=sl(-2.11%) short=sl(-2.11%) | scanned=7 | no_tp→fwd_return=+1.1852
  [label] 2025-07-10 00:00 BTCUSDT entry=111186.1000 → LONG | long=tp(+3.69%) short=sl(-2.00%) | scanned=2 | long_tp_only
  [label] 2025-10-04 08:00 BTCUSDT entry=121744.8000 → SHORT | long=sl(-2.35%) short=sl(-2.35%) | scanned=18 | no_tp→fwd_return=-2.2831
  Labels: 1219 long (56.1%), 952 short (43.9%) | weights: min=1.00, mean=3.53, max=10.00
  Features: 2171/2171 matched, 47 columns
  CV gap: 22 rows
  [ensemble 1/3] seed=42
    [trial 0] 47 features, training_days=480 | threshold=0.631 | labels: 1219 long, 952 short (56/44%)
    [CV fold 0] train_end=2024-02-23 08:00 | val_start=2024-03-02 00:00 | gap=184h (22 rows)
    [CV fold 1] train_end=2024-06-22 16:00 | val_start=2024-06-30 08:00 | gap=184h (22 rows)
    [CV fold 2] train_end=2024-10-21 00:00 | val_start=2024-10-28 16:00 | gap=184h (22 rows)
    [CV fold 3] train_end=2025-02-18 08:00 | val_start=2025-02-26 00:00 | gap=184h (22 rows)[I 2026-06-01 15:03:41,798] Trial 0 finished with value: -0.1436093093880636 and parameters: {'confidence_threshold': 0.6310890415965769, 'training_days': 480, 'n_estimators': 380, 'max_depth': 4, 'num_leaves': 22, 'learning_rate': 0.01699897838270077, 'subsample': 0.5290418060840998, 'colsample_bytree': 0.9330880728874675, 'min_child_samples': 68, 'reg_alpha': 0.023585940584142682, 'reg_lambda': 1.5320059381854043e-08}. Best is trial 0 with value: -0.1436093093880636.
[I 2026-06-01 15:03:41,903] Trial 1 finished with value: -5.922970777965911 and parameters: {'confidence_threshold': 0.839468448256698, 'training_days': 420, 'n_estimators': 145, 'max_depth': 3, 'num_leaves': 23, 'learning_rate': 0.028145092716060652, 'subsample': 0.762378215816119, 'colsample_bytree': 0.7159725093210578, 'min_child_samples': 43, 'reg_alpha': 0.0032112643094417484, 'reg_lambda': 1.8007140198129195e-07}. Best is trial 0 with value: -0.1436093093880636.
[I 2026-06-01 15:03:42,058] Trial 2 finished with value: -0.1313746124973651 and parameters: {'confidence_threshold': 0.6022506269873263, 'training_days': 190, 'n_estimators': 255, 'max_depth': 5, 'num_leaves': 24, 'learning_rate': 0.05748924681991978, 'subsample': 0.7962072844310213, 'colsample_bytree': 0.5232252063599989, 'min_child_samples': 69, 'reg_alpha': 3.425445902633376e-07, 'reg_lambda': 3.850031979199519e-08}. Best is trial 2 with value: -0.1313746124973651.
[I 2026-06-01 15:03:42,299] Trial 3 finished with value: -0.18907557446292106 and parameters: {'confidence_threshold': 0.8321099380386666, 'training_days': 490, 'n_estimators': 414, 'max_depth': 3, 'num_leaves': 19, 'learning_rate': 0.1024932221692416, 'subsample': 0.7200762468698007, 'colsample_bytree': 0.5610191174223894, 'min_child_samples': 60, 'reg_alpha': 2.039373116525212e-08, 'reg_lambda': 1.527156759251193}. Best is trial 2 with value: -0.1313746124973651.
[I 2026-06-01 15:03:42,446] Trial 4 finished with value: -0.1679075360125979 and parameters: {'confidence_threshold': 0.5905729935600059, 'training_days': 340, 'n_estimators': 190, 'max_depth': 4, 'num_leaves': 41, 'learning_rate': 0.01875220945578641, 'subsample': 0.9847923138822793, 'colsample_bytree': 0.8875664116805573, 'min_child_samples': 96, 'reg_alpha': 1.1309571585271483, 'reg_lambda': 0.002404915432737351}. Best is trial 2 with value: -0.1313746124973651.
[I 2026-06-01 15:03:42,480] Trial 5 finished with value: -2.1992652038607696 and parameters: {'confidence_threshold': 0.8226559822580909, 'training_days': 50, 'n_estimators': 138, 'max_depth': 3, 'num_leaves': 30, 'learning_rate': 0.03750796359625606, 'subsample': 0.6356745158869479, 'colsample_bytree': 0.9143687545759647, 'min_child_samples': 48, 'reg_alpha': 3.376063348877853e-06, 'reg_lambda': 0.0007660634613082914}. Best is trial 2 with value: -0.1313746124973651.
[I 2026-06-01 15:03:42,574] Trial 6 finished with value: -0.14431298051250285 and parameters: {'confidence_threshold': 0.5493234787411669, 'training_days': 410, 'n_estimators': 83, 'max_depth': 5, 'num_leaves': 52, 'learning_rate': 0.019657448966046126, 'subsample': 0.5027610585618012, 'colsample_bytree': 0.9077307142274171, 'min_child_samples': 77, 'reg_alpha': 0.03639690979811287, 'reg_lambda': 0.08738424135626986}. Best is trial 2 with value: -0.1313746124973651.
[I 2026-06-01 15:03:42,664] Trial 7 finished with value: -0.1000606826745516 and parameters: {'confidence_threshold': 0.5259156281069316, 'training_days': 180, 'n_estimators': 102, 'max_depth': 5, 'num_leaves': 45, 'learning_rate': 0.030816017044468066, 'subsample': 0.5317791751430119, 'colsample_bytree': 0.6554911608578311, 'min_child_samples': 46, 'reg_alpha': 0.036851536911881845, 'reg_lambda': 0.005470376807480391}. Best is trial 7 with value: -0.1000606826745516.
[I 2026-06-01 15:03:42,771] Trial 8 finished with value: -0.14074991625005434 and parameters: {'confidence_threshold': 0.8105244599017143, 'training_days': 240, 'n_estimators': 103, 'max_depth': 5, 'num_leaves': 52, 'learning_rate': 0.06746437142284309, 'subsample': 0.8854835899772805, 'colsample_bytree': 0.7468977981821954, 'min_child_samples': 62, 'reg_alpha': 7.04480806377519e-05, 'reg_lambda': 1.6934490731313353e-08}. Best is trial 7 with value: -0.1000606826745516.
[I 2026-06-01 15:03:42,793] Trial 9 finished with value: -2.061361894277594 and parameters: {'confidence_threshold': 0.5377619994476566, 'training_days': 20, 'n_estimators': 337, 'max_depth': 3, 'num_leaves': 39, 'learning_rate': 0.21907142272152816, 'subsample': 0.6246461145744375, 'colsample_bytree': 0.7051914615178149, 'min_child_samples': 81, 'reg_alpha': 1.1459970229341322e-06, 'reg_lambda': 4.929685216887945e-08}. Best is trial 7 with value: -0.1000606826745516.
[I 2026-06-01 15:03:43,172] Trial 10 finished with value: -0.06421341774400455 and parameters: {'confidence_threshold': 0.6797821749717731, 'training_days': 140, 'n_estimators': 487, 'max_depth': 5, 'num_leaves': 62, 'learning_rate': 0.011407797829608154, 'subsample': 0.6277217293825994, 'colsample_bytree': 0.6445296297918679, 'min_child_samples': 24, 'reg_alpha': 8.536188349289, 'reg_lambda': 4.685556761390157e-06}. Best is trial 10 with value: -0.06421341774400455.
[I 2026-06-01 15:03:43,599] Trial 11 finished with value: -0.0977787481328477 and parameters: {'confidence_threshold': 0.7161090655475574, 'training_days': 150, 'n_estimators': 462, 'max_depth': 5, 'num_leaves': 61, 'learning_rate': 0.010733926515161035, 'subsample': 0.6089267919181687, 'colsample_bytree': 0.627397432195743, 'min_child_samples': 20, 'reg_alpha': 4.109585305892332, 'reg_lambda': 8.43884102267831e-06}. Best is trial 10 with value: -0.06421341774400455.
[I 2026-06-01 15:03:43,881] Trial 12 finished with value: -0.03345893069592396 and parameters: {'confidence_threshold': 0.7320119217665193, 'training_days': 100, 'n_estimators': 496, 'max_depth': 4, 'num_leaves': 63, 'learning_rate': 0.010355190123084659, 'subsample': 0.6393140683987386, 'colsample_bytree': 0.6105638660165255, 'min_child_samples': 20, 'reg_alpha': 5.77186662083969, 'reg_lambda': 8.798559565396065e-06}. Best is trial 12 with value: -0.03345893069592396.
[I 2026-06-01 15:03:44,184] Trial 13 finished with value: -0.025678617820337334 and parameters: {'confidence_threshold': 0.7203008530687813, 'training_days': 110, 'n_estimators': 500, 'max_depth': 4, 'num_leaves': 62, 'learning_rate': 0.010486704998550483, 'subsample': 0.6928143006689788, 'colsample_bytree': 0.8155421717694826, 'min_child_samples': 21, 'reg_alpha': 5.110262985659637, 'reg_lambda': 1.3005756593895162e-05}. Best is trial 13 with value: -0.025678617820337334.
[I 2026-06-01 15:03:44,421] Trial 14 finished with value: -0.0880147027034875 and parameters: {'confidence_threshold': 0.7467244789105287, 'training_days': 90, 'n_estimators': 499, 'max_depth': 4, 'num_leaves': 54, 'learning_rate': 0.010530588322023528, 'subsample': 0.7135294297344739, 'colsample_bytree': 0.8312163037675877, 'min_child_samples': 31, 'reg_alpha': 0.25212109079855505, 'reg_lambda': 1.486468641449436e-05}. Best is trial 13 with value: -0.025678617820337334.
[I 2026-06-01 15:03:44,558] Trial 15 finished with value: -0.05214584168724971 and parameters: {'confidence_threshold': 0.7577315616384754, 'training_days': 100, 'n_estimators': 300, 'max_depth': 4, 'num_leaves': 63, 'learning_rate': 0.26565543021575216, 'subsample': 0.8302175538800627, 'colsample_bytree': 0.8100744538922787, 'min_child_samples': 34, 'reg_alpha': 0.0011263261326938234, 'reg_lambda': 7.482879404932238e-05}. Best is trial 13 with value: -0.025678617820337334.
[I 2026-06-01 15:03:44,918] Trial 16 finished with value: -0.14412063415841933 and parameters: {'confidence_threshold': 0.6764494929555951, 'training_days': 270, 'n_estimators': 434, 'max_depth': 4, 'num_leaves': 56, 'learning_rate': 0.11533380775412748, 'subsample': 0.6832173914751207, 'colsample_bytree': 0.9826162589395974, 'min_child_samples': 34, 'reg_alpha': 0.6829542794593595, 'reg_lambda': 8.225017732908941e-07}. Best is trial 13 with value: -0.025678617820337334.
[I 2026-06-01 15:03:44,949] Trial 17 finished with value: -2.0671801012310853 and parameters: {'confidence_threshold': 0.7677397873168672, 'training_days': 10, 'n_estimators': 384, 'max_depth': 4, 'num_leaves': 47, 'learning_rate': 0.015653259441420556, 'subsample': 0.6754048910488736, 'colsample_bytree': 0.7984950279625935, 'min_child_samples': 27, 'reg_alpha': 0.00010396761370918986, 'reg_lambda': 6.323885147640167e-05}. Best is trial 13 with value: -0.025678617820337334.
[I 2026-06-01 15:03:45,561] A new study created in memory with name: no-name-20d47d04-bbf5-40cf-a687-c3160ea3f648
[I 2026-06-01 15:03:45,648] Trial 0 finished with value: -0.08930847667135458 and parameters: {'confidence_threshold': 0.7437642149592516, 'training_days': 150, 'n_estimators': 152, 'max_depth': 4, 'num_leaves': 50, 'learning_rate': 0.04216766425047743, 'subsample': 0.9903820991923078, 'colsample_bytree': 0.8424148692924316, 'min_child_samples': 58, 'reg_alpha': 3.381097259762742e-05, 'reg_lambda': 1.2263152961306247e-05}. Best is trial 0 with value: -0.08930847667135458.
[I 2026-06-01 15:03:45,720] Trial 1 finished with value: -6.013586701539838 and parameters: {'confidence_threshold': 0.7551673975844145, 'training_days': 220, 'n_estimators': 76, 'max_depth': 4, 'num_leaves': 51, 'learning_rate': 0.018602118810743477, 'subsample': 0.5877258780737462, 'colsample_bytree': 0.7657756869209191, 'min_child_samples': 63, 'reg_alpha': 0.005123994170264194, 'reg_lambda': 0.44145470178120466}. Best is trial 0 with value: -0.08930847667135458.
[I 2026-06-01 15:03:45,982] Trial 2 finished with value: -0.14666529911382395 and parameters: {'confidence_threshold': 0.7535593637012223, 'training_days': 310, 'n_estimators': 375, 'max_depth': 3, 'num_leaves': 32, 'learning_rate': 0.021735641882032388, 'subsample': 0.6468570231944146, 'colsample_bytree': 0.8154880619272439, 'min_child_samples': 27, 'reg_alpha': 8.004064028491336e-05, 'reg_lambda': 7.546835261630524e-05}. Best is trial 0 with value: -0.08930847667135458.
[I 2026-06-01 15:03:46,149] Trial 3 finished with value: -0.11464104266177307 and parameters: {'confidence_threshold': 0.6727897841776072, 'training_days': 220, 'n_estimators': 190, 'max_depth': 4, 'num_leaves': 58, 'learning_rate': 0.24810689332636193, 'subsample': 0.7509183379421682, 'colsample_bytree': 0.8119764758960556, 'min_child_samples': 29, 'reg_alpha': 7.1708285081421445e-06, 'reg_lambda': 5.412973582738627e-05}. Best is trial 0 with value: -0.08930847667135458.
[I 2026-06-01 15:03:46,254] Trial 4 finished with value: -0.06506147527778275 and parameters: {'confidence_threshold': 0.803208205259178, 'training_days': 130, 'n_estimators': 267, 'max_depth': 5, 'num_leaves': 40, 'learning_rate': 0.08041175317374143, 'subsample': 0.5603143329951619, 'colsample_bytree': 0.9131704002534167, 'min_child_samples': 68, 'reg_alpha': 0.0008046593428183385, 'reg_lambda': 1.2158346158765583e-05}. Best is trial 4 with value: -0.06506147527778275.
[I 2026-06-01 15:03:46,477] Trial 5 finished with value: -0.1170680993270438 and parameters: {'confidence_threshold': 0.6064422761595144, 'training_days': 210, 'n_estimators': 357, 'max_depth': 5, 'num_leaves': 40, 'learning_rate': 0.0974221287220869, 'subsample': 0.7929682762811064, 'colsample_bytree': 0.8124517510478, 'min_child_samples': 74, 'reg_alpha': 0.3811377260781234, 'reg_lambda': 5.607314238392041e-08}. Best is trial 4 with value: -0.06506147527778275.
[I 2026-06-01 15:03:46,583] Trial 6 finished with value: -0.05032483857524036 and parameters: {'confidence_threshold': 0.7672889945051684, 'training_days': 130, 'n_estimators': 137, 'max_depth': 4, 'num_leaves': 19, 'learning_rate': 0.2031117614248665, 'subsample': 0.8136244860256343, 'colsample_bytree': 0.8617081790949774, 'min_child_samples': 21, 'reg_alpha': 0.002238138278733199, 'reg_lambda': 0.001025809534977322}. Best is trial 6 with value: -0.05032483857524036.
[I 2026-06-01 15:03:46,655] Trial 7 finished with value: -0.06576608080459476 and parameters: {'confidence_threshold': 0.555635875450653, 'training_days': 80, 'n_estimators': 363, 'max_depth': 3, 'num_leaves': 48, 'learning_rate': 0.06590089024008658, 'subsample': 0.6944752870615722, 'colsample_bytree': 0.962566244806993, 'min_child_samples': 88, 'reg_alpha': 1.6465620446426067e-05, 'reg_lambda': 2.4678750890085655e-08}. Best is trial 6 with value: -0.05032483857524036.
[I 2026-06-01 15:03:46,994] Trial 8 finished with value: -0.1497319100391799 and parameters: {'confidence_threshold': 0.6066688256938841, 'training_days': 200, 'n_estimators': 367, 'max_depth': 5, 'num_leaves': 32, 'learning_rate': 0.13377519215934996, 'subsample': 0.7965884582811106, 'colsample_bytree': 0.8458508993500886, 'min_child_samples': 32, 'reg_alpha': 3.889436043816386e-05, 'reg_lambda': 1.4713062489380356e-06}. Best is trial 6 with value: -0.05032483857524036.
