[I 2026-06-01 14:59:08,403] Trial 0 finished with value: -0.03944046984129192 and parameters: {'confidence_threshold': 0.5870645682749857, 'training_days': 90, 'n_estimators': 403, 'max_depth': 5, 'num_leaves': 45, 'learning_rate': 0.0780457193679974, 'subsample': 0.9428509515574568, 'colsample_bytree': 0.8795587339164916, 'min_child_samples': 34, 'reg_alpha': 2.2465901234314442e-07, 'reg_lambda': 8.339007036475363e-05}. Best is trial 0 with value: -0.03944046984129192.
[I 2026-06-01 14:59:08,511] Trial 1 finished with value: -0.12235484320008612 and parameters: {'confidence_threshold': 0.6348453934275313, 'training_days': 290, 'n_estimators': 115, 'max_depth': 5, 'num_leaves': 37, 'learning_rate': 0.06949568759029946, 'subsample': 0.8228505074024268, 'colsample_bytree': 0.8616703220431751, 'min_child_samples': 75, 'reg_alpha': 4.2486822725010923e-07, 'reg_lambda': 1.157247767047042e-07}. Best is trial 0 with value: -0.03944046984129192.
[I 2026-06-01 14:59:08,531] Trial 2 finished with value: -0.025610640774299497 and parameters: {'confidence_threshold': 0.5849570384370288, 'training_days': 10, 'n_estimators': 212, 'max_depth': 3, 'num_leaves': 41, 'learning_rate': 0.18452095998378365, 'subsample': 0.6001060822924371, 'colsample_bytree': 0.5673167293506167, 'min_child_samples': 37, 'reg_alpha': 5.733250064217131, 'reg_lambda': 0.5308454292595461}. Best is trial 2 with value: -0.025610640774299497.
[I 2026-06-01 14:59:08,612] Trial 3 finished with value: -0.022324564233630453 and parameters: {'confidence_threshold': 0.6868248626683718, 'training_days': 220, 'n_estimators': 134, 'max_depth': 3, 'num_leaves': 45, 'learning_rate': 0.033529007907491595, 'subsample': 0.8647277071858408, 'colsample_bytree': 0.778494116634046, 'min_child_samples': 96, 'reg_alpha': 2.409409937265785e-07, 'reg_lambda': 1.1642073478060009}. Best is trial 3 with value: -0.022324564233630453.
[I 2026-06-01 14:59:08,692] Trial 4 finished with value: -0.10338530997509776 and parameters: {'confidence_threshold': 0.5623121348350352, 'training_days': 300, 'n_estimators': 69, 'max_depth': 4, 'num_leaves': 32, 'learning_rate': 0.14967629360700346, 'subsample': 0.5054535233636654, 'colsample_bytree': 0.7401385194659216, 'min_child_samples': 27, 'reg_alpha': 1.4212042567426725e-07, 'reg_lambda': 0.23605753701352003}. Best is trial 3 with value: -0.022324564233630453.
[I 2026-06-01 14:59:09,110] Trial 5 finished with value: -0.08637829553233684 and parameters: {'confidence_threshold': 0.7111850244908446, 'training_days': 490, 'n_estimators': 362, 'max_depth': 5, 'num_leaves': 40, 'learning_rate': 0.05960785724162737, 'subsample': 0.5589714368907717, 'colsample_bytree': 0.6659006943232806, 'min_child_samples': 42, 'reg_alpha': 0.6741360303045295, 'reg_lambda': 6.054601607143087e-08}. Best is trial 3 with value: -0.022324564233630453.
[I 2026-06-01 14:59:09,296] Trial 6 finished with value: -0.05044253737254891 and parameters: {'confidence_threshold': 0.667482545748023, 'training_days': 420, 'n_estimators': 279, 'max_depth': 3, 'num_leaves': 45, 'learning_rate': 0.040099592560849204, 'subsample': 0.8563114696415159, 'colsample_bytree': 0.5442917781944105, 'min_child_samples': 50, 'reg_alpha': 1.6407916423707903e-08, 'reg_lambda': 2.935907642973286e-05}. Best is trial 3 with value: -0.022324564233630453.
[I 2026-06-01 14:59:09,449] Trial 7 finished with value: -0.05567573838766897 and parameters: {'confidence_threshold': 0.5497381024139926, 'training_days': 120, 'n_estimators': 408, 'max_depth': 5, 'num_leaves': 38, 'learning_rate': 0.28049122657745795, 'subsample': 0.8806573338635493, 'colsample_bytree': 0.5454054113547102, 'min_child_samples': 63, 'reg_alpha': 0.01263008637940408, 'reg_lambda': 0.04588020805366937}. Best is trial 3 with value: -0.022324564233630453.
[I 2026-06-01 14:59:09,737] Trial 8 finished with value: -0.13328994814116615 and parameters: {'confidence_threshold': 0.719644804808716, 'training_days': 450, 'n_estimators': 410, 'max_depth': 4, 'num_leaves': 57, 'learning_rate': 0.04022026551478857, 'subsample': 0.5336085426932707, 'colsample_bytree': 0.5705742850577543, 'min_child_samples': 100, 'reg_alpha': 5.916398047912201e-07, 'reg_lambda': 0.9794034214488329}. Best is trial 3 with value: -0.022324564233630453.
[I 2026-06-01 14:59:09,763] Trial 9 finished with value: -2.044385300223689 and parameters: {'confidence_threshold': 0.7267463643917187, 'training_days': 20, 'n_estimators': 337, 'max_depth': 5, 'num_leaves': 23, 'learning_rate': 0.022153031811454605, 'subsample': 0.6305627572358737, 'colsample_bytree': 0.6613413774216214, 'min_child_samples': 81, 'reg_alpha': 5.7638634029410314e-08, 'reg_lambda': 8.26603016764008}. Best is trial 3 with value: -0.022324564233630453.
[I 2026-06-01 14:59:09,864] Trial 10 finished with value: -7.993505798032598 and parameters: {'confidence_threshold': 0.8283920119574972, 'training_days': 200, 'n_estimators': 181, 'max_depth': 3, 'num_leaves': 62, 'learning_rate': 0.011579281028220855, 'subsample': 0.7130289643560688, 'colsample_bytree': 0.9944479338273263, 'min_child_samples': 100, 'reg_alpha': 6.837313901272251e-05, 'reg_lambda': 0.0027253228209330924}. Best is trial 3 with value: -0.022324564233630453.

    [trial 10] Sharpe=-2.0327 (folds: -10.0000, 0.0939, -0.1815, 0.0741, -0.1500)
    [trial 11] 47 features, training_days=20 | threshold=0.715 | labels: 1040 long, 1128 short (48/52%)
    [trial 11] Sharpe=-0.0256 (folds: 0.0355, 0.0939, -0.1815, 0.0741, -0.1500)
    [trial 12] 47 features, training_days=90 | threshold=0.746 | labels: 1040 long, 1128 short (48/52%)
    [trial 12] Sharpe=-0.0463 (folds: -0.0473, 0.0832, -0.0873, -0.0337, -0.1468)
    [trial 13] 47 features, training_days=100 | threshold=0.668 | labels: 1040 long, 1128 short (48/52%)
    [trial 13] Sharpe=-0.0067 (folds: -0.0528, 0.1068, -0.1652, -0.0899, 0.1674)
    [trial 14] 47 features, training_days=120 | threshold=0.669 | labels: 1040 long, 1128 short (48/52%)
    [trial 14] Sharpe=0.0085 (folds: -0.1760, 0.0813, -0.0921, 0.0615, 0.1678)
    [trial 15] 47 features, training_days=110 | threshold=0.767 | labels: 1040 long, 1128 short (48/52%)
    [trial 15] Sharpe=0.0303 (folds: -0.1328, 0.2081, -0.1866, 0.0294, 0.2333)
    [trial 16] 47 features, training_days=160 | threshold=0.780 | labels: 1040 long, 1128 short (48/52%)
    [trial 16] Sharpe=-2.0705 (folds: -0.3405, -0.0296, -0.2806, -10.0000, 0.2980)
    [trial 17] 47 features, training_days=290 | threshold=0.789 | labels: 1040 long, 1128 short (48/52%)
    [trial 17] Sharpe=-3.7920 (folds: -0.2538, 0.2695, -10.0000, -10.0000, 1.0245)
  Optuna: 18 trials, best Sharpe = 0.0999
  Best params: n_estimators=138, max_depth=3, lr=0.0375, leaves=30
  Best confidence_threshold: 0.823
  Best training_days: 50
  Retrained on full data (150 samples, 47 features)
  [ensemble 2/3] seed=123
    [trial 0] 47 features, training_days=150 | threshold=0.744 | labels: 1040 long, 1128 short (48/52%)
    [CV fold 0] train_end=2022-01-22 08:00 | val_start=2022-01-30 00:00 | gap=184h (22 rows)
    [CV fold 1] train_end=2022-05-22 16:00 | val_start=2022-05-30 08:00 | gap=184h (22 rows)
    [CV fold 2] train_end=2022-09-20 00:00 | val_start=2022-09-27 16:00 | gap=184h (22 rows)
    [CV fold 3] train_end=2023-01-18 08:00 | val_start=2023-01-26 00:00 | gap=184h (22 rows)
    [CV fold 4] train_end=2023-05-18 16:00 | val_start=2023-05-26 08:00 | gap=184h (22 rows)
    [trial 0] Sharpe=-0.0804 (folds: -0.3537, -0.0296, -0.1597, 0.0115, 0.1297)
    [trial 1] 47 features, training_days=220 | threshold=0.755 | labels: 1040 long, 1128 short (48/52%)
    [trial 1] Sharpe=-1.8367 (folds: -0.2377, 0.4294, -10.0000, 0.0311, 0.5940)
    [trial 2] 47 features, training_days=310 | threshold=0.754 | labels: 1040 long, 1128 short (48/52%)
    [trial 2] Sharpe=-0.0249 (folds: -0.1060, 0.0773, -0.3495, 0.1707, 0.0832)
    [trial 3] 47 features, training_days=220 | threshold=0.673 | labels: 1040 long, 1128 short (48/52%)
    [trial 3] Sharpe=-0.0579 (folds: -0.1195, 0.1514, -0.2569, -0.0637, -0.0009)
    [trial 4] 47 features, training_days=130 | threshold=0.803 | labels: 1040 long, 1128 short (48/52%)
    [trial 4] Sharpe=-0.0387 (folds: -0.4118, -0.0375, -0.0466, 0.0594, 0.2429)
    [trial 5] 47 features, training_days=210 | threshold=0.606 | labels: 1040 long, 1128 short (48/52%)
    [trial 5] Sharpe=-0.1206 (folds: -0.3793, 0.0760, -0.2304, 0.0128, -0.0821)
    [trial 6] 47 features, training_days=130 | threshold=0.767 | labels: 1040 long, 1128 short (48/52%)
    [trial 6] Sharpe=-0.0173 (folds: -0.1189, -0.0681, -0.1557, 0.2135, 0.0426)
    [trial 7] 47 features, training_days=80 | threshold=0.556 | labels: 1040 long, 1128 short (48/52%)
    [trial 7] Sharpe=-0.0257 (folds: 0.0346, -0.0668, -0.0113, 0.0520, -0.1368)
    [trial 8] 47 features, training_days=200 | threshold=0.607 | labels: 1040 long, 1128 short (48/52%)
    [trial 8] Sharpe=-0.0711 (folds: -0.0777, 0.0478, -0.3578, 0.0714, -0.0393)
    [trial 9] 47 features, training_days=260 | threshold=0.620 | labels: 1040 long, 1128 short (48/52%)
    [trial 9] Sharpe=-0.1222 (folds: -0.3524, -0.0343, -0.3560, 0.0877, 0.0440)
    [trial 10] 47 features, training_days=470 | threshold=0.845 | labels: 1040 long, 1128 short (48/52%)
    [trial 10] Sharpe=-2.1085 (folds: -0.3078, 0.0553, -10.0000, -0.1682, -0.1219)
    [trial 11] 47 features, training_days=350 | threshold=0.726 | labels: 1040 long, 1128 short (48/52%)
    [trial 11] Sharpe=-0.0966 (folds: -0.1319, 0.0292, -0.2243, 0.0531, -0.2089)
    [trial 12] 47 features, training_days=340 | threshold=0.689 | labels: 1040 long, 1128 short (48/52%)
    [trial 12] Sharpe=-2.1476 (folds: -0.2160, 0.4578, -0.6101, -10.0000, -0.3698)
    [trial 13] 47 features, training_days=10 | threshold=0.790 | labels: 1040 long, 1128 short (48/52%)
    [trial 13] Sharpe=-3.9964 (folds: -10.0000, 0.0939, -10.0000, 0.0741, -0.1500)
    [trial 14] 47 features, training_days=320 | threshold=0.836 | labels: 1040 long, 1128 short (48/52%)
    [trial 14] Sharpe=-0.0706 (folds: -0.2453, 0.1218, -0.6994, -0.0838, 0.5539)
    [trial 15] 47 features, training_days=430 | threshold=0.503 | labels: 1040 long, 1128 short (48/52%)
    [trial 15] Sharpe=-0.0837 (folds: -0.1465, -0.0926, -0.1630, 0.0872, -0.1035)
    [trial 16] 47 features, training_days=60 | threshold=0.697 | labels: 1040 long, 1128 short (48/52%)
    [trial 16] Sharpe=-0.0047 (folds: -0.0318, 0.0685, -0.1177, 0.0509, 0.0066)
    [trial 17] 47 features, training_days=20 | threshold=0.683 | labels: 1040 long, 1128 short (48/52%)
    [trial 17] Sharpe=-0.0256 (folds: 0.0355, 0.0939, -0.1815, 0.0741, -0.1500)
  Optuna: 18 trials, best Sharpe = -0.0047
  Best params: n_estimators=300, max_depth=3, lr=0.0195, leaves=35
  Best confidence_threshold: 0.697
  Best training_days: 60
  Retrained on full data (180 samples, 47 features)
  [ensemble 3/3] seed=456
    [trial 0] 47 features, training_days=90 | threshold=0.587 | labels: 1040 long, 1128 short (48/52%)
    [CV fold 0] train_end=2022-01-22 08:00 | val_start=2022-01-30 00:00 | gap=184h (22 rows)
    [CV fold 1] train_end=2022-05-22 16:00 | val_start=2022-05-30 08:00 | gap=184h (22 rows)
    [CV fold 2] train_end=2022-09-20 00:00 | val_start=2022-09-27 16:00 | gap=184h (22 rows)
    [CV fold 3] train_end=2023-01-18 08:00 | val_start=2023-01-26 00:00 | gap=184h (22 rows)
    [CV fold 4] train_end=2023-05-18 16:00 | val_start=2023-05-26 08:00 | gap=184h (22 rows)
    [trial 0] Sharpe=-0.0394 (folds: 0.0107, 0.0481, -0.1786, -0.0590, -0.0184)
    [trial 1] 47 features, training_days=290 | threshold=0.635 | labels: 1040 long, 1128 short (48/52%)
    [trial 1] Sharpe=-0.1224 (folds: -0.3777, -0.0739, -0.2648, 0.1188, -0.0141)
    [trial 2] 47 features, training_days=10 | threshold=0.585 | labels: 1040 long, 1128 short (48/52%)
    [trial 2] Sharpe=-0.0256 (folds: 0.0355, 0.0939, -0.1815, 0.0741, -0.1500)
    [trial 3] 47 features, training_days=220 | threshold=0.687 | labels: 1040 long, 1128 short (48/52%)
    [trial 3] Sharpe=-0.0223 (folds: -0.3105, 0.2644, -0.2769, 0.1122, 0.0993)
    [trial 4] 47 features, training_days=300 | threshold=0.562 | labels: 1040 long, 1128 short (48/52%)
    [trial 4] Sharpe=-0.1034 (folds: -0.0943, -0.0446, -0.3514, 0.0776, -0.1042)
    [trial 5] 47 features, training_days=490 | threshold=0.711 | labels: 1040 long, 1128 short (48/52%)
    [trial 5] Sharpe=-0.0864 (folds: -0.1762, -0.0184, -0.2704, 0.0988, -0.0657)
    [trial 6] 47 features, training_days=420 | threshold=0.667 | labels: 1040 long, 1128 short (48/52%)
    [trial 6] Sharpe=-0.0504 (folds: -0.2311, 0.0259, -0.2110, 0.1690, -0.0050)
    [trial 7] 47 features, training_days=120 | threshold=0.550 | labels: 1040 long, 1128 short (48/52%)
    [trial 7] Sharpe=-0.0557 (folds: -0.2091, 0.0409, -0.1203, -0.1076, 0.1178)
    [trial 8] 47 features, training_days=450 | threshold=0.720 | labels: 1040 long, 1128 short (48/52%)
    [trial 8] Sharpe=-0.1333 (folds: -0.5028, -0.0145, -0.2076, 0.1181, -0.0596)
    [trial 9] 47 features, training_days=20 | threshold=0.727 | labels: 1040 long, 1128 short (48/52%)
    [trial 9] Sharpe=-2.0444 (folds: 0.0355, -10.0000, -0.1815, 0.0741, -0.1500)
    [trial 10] 47 features, training_days=200 | threshold=0.828 | labels: 1040 long, 1128 short (48/52%)
    [trial 10] Sharpe=-7.9935 (folds: -10.0000, 0.0325, -10.0000, -10.0000, -10.0000)
    [trial 11] 47 features, training_days=10 | threshold=0.620 | labels: 1040 long, 1128 short (48/52%)[I 2026-06-01 14:59:09,893] Trial 11 finished with value: -0.025610640774299497 and parameters: {'confidence_threshold': 0.6197501000344016, 'training_days': 10, 'n_estimators': 189, 'max_depth': 3, 'num_leaves': 52, 'learning_rate': 0.1690988402609865, 'subsample': 0.7420432647590525, 'colsample_bytree': 0.8016610248739169, 'min_child_samples': 57, 'reg_alpha': 4.049659275504419, 'reg_lambda': 0.00647465266809438}. Best is trial 3 with value: -0.022324564233630453.
[I 2026-06-01 14:59:10,035] Trial 12 finished with value: -0.06009400480768492 and parameters: {'confidence_threshold': 0.5145853631584999, 'training_days': 200, 'n_estimators': 198, 'max_depth': 3, 'num_leaves': 25, 'learning_rate': 0.01924681962976845, 'subsample': 0.9912016966112274, 'colsample_bytree': 0.6699726886825281, 'min_child_samples': 21, 'reg_alpha': 6.544213947333556e-05, 'reg_lambda': 8.11725027325067}. Best is trial 3 with value: -0.022324564233630453.
[I 2026-06-01 14:59:10,227] Trial 13 finished with value: -0.16244179482022708 and parameters: {'confidence_threshold': 0.8049870194265122, 'training_days': 350, 'n_estimators': 248, 'max_depth': 4, 'num_leaves': 49, 'learning_rate': 0.11842510796771445, 'subsample': 0.6356215386273887, 'colsample_bytree': 0.7477878654225999, 'min_child_samples': 84, 'reg_alpha': 0.006809563313242477, 'reg_lambda': 0.0618107539226074}. Best is trial 3 with value: -0.022324564233630453.
[I 2026-06-01 14:59:10,415] Trial 14 finished with value: -0.038346552959427 and parameters: {'confidence_threshold': 0.7723320301796328, 'training_days': 130, 'n_estimators': 500, 'max_depth': 3, 'num_leaves': 17, 'learning_rate': 0.2759676576317377, 'subsample': 0.7851487748866213, 'colsample_bytree': 0.6122042522489387, 'min_child_samples': 67, 'reg_alpha': 1.1551822108194917e-05, 'reg_lambda': 5.604461708154018e-06}. Best is trial 3 with value: -0.022324564233630453.
[I 2026-06-01 14:59:10,506] Trial 15 finished with value: -0.022638058694748348 and parameters: {'confidence_threshold': 0.6672055301249811, 'training_days': 210, 'n_estimators': 120, 'max_depth': 3, 'num_leaves': 31, 'learning_rate': 0.027837053988777765, 'subsample': 0.6512150728280258, 'colsample_bytree': 0.502925720040233, 'min_child_samples': 46, 'reg_alpha': 0.016709908009257986, 'reg_lambda': 0.0013467843257158065}. Best is trial 3 with value: -0.022324564233630453.
[I 2026-06-01 14:59:10,630] Trial 16 finished with value: -0.042870597677186546 and parameters: {'confidence_threshold': 0.6735839462341008, 'training_days': 210, 'n_estimators': 116, 'max_depth': 4, 'num_leaves': 32, 'learning_rate': 0.024725095351947064, 'subsample': 0.673961125965243, 'colsample_bytree': 0.9373223525891455, 'min_child_samples': 49, 'reg_alpha': 0.004058119064541363, 'reg_lambda': 0.000855876310048679}. Best is trial 3 with value: -0.022324564233630453.
[I 2026-06-01 14:59:10,694] Trial 17 finished with value: -10.0 and parameters: {'confidence_threshold': 0.7745118722909784, 'training_days': 260, 'n_estimators': 60, 'max_depth': 3, 'num_leaves': 29, 'learning_rate': 0.012439544643074124, 'subsample': 0.8988079919267405, 'colsample_bytree': 0.7995705147455058, 'min_child_samples': 88, 'reg_alpha': 0.13786329254623136, 'reg_lambda': 1.5613397854418333e-06}. Best is trial 3 with value: -0.022324564233630453.
[I 2026-06-01 14:59:11,250] A new study created in memory with name: no-name-a9a55ee7-f4fa-4833-b30e-dca4313b829f
[I 2026-06-01 14:59:11,575] Trial 0 finished with value: 0.0007625054896267692 and parameters: {'confidence_threshold': 0.6310890415965769, 'training_days': 480, 'n_estimators': 380, 'max_depth': 4, 'num_leaves': 22, 'learning_rate': 0.01699897838270077, 'subsample': 0.5290418060840998, 'colsample_bytree': 0.9330880728874675, 'min_child_samples': 68, 'reg_alpha': 0.023585940584142682, 'reg_lambda': 1.5320059381854043e-08}. Best is trial 0 with value: 0.0007625054896267692.
[I 2026-06-01 14:59:11,712] Trial 1 finished with value: -3.935998085877273 and parameters: {'confidence_threshold': 0.839468448256698, 'training_days': 420, 'n_estimators': 145, 'max_depth': 3, 'num_leaves': 23, 'learning_rate': 0.028145092716060652, 'subsample': 0.762378215816119, 'colsample_bytree': 0.7159725093210578, 'min_child_samples': 43, 'reg_alpha': 0.0032112643094417484, 'reg_lambda': 1.8007140198129195e-07}. Best is trial 0 with value: 0.0007625054896267692.
[I 2026-06-01 14:59:11,860] Trial 2 finished with value: -0.01961341117956452 and parameters: {'confidence_threshold': 0.6022506269873263, 'training_days': 190, 'n_estimators': 255, 'max_depth': 5, 'num_leaves': 24, 'learning_rate': 0.05748924681991978, 'subsample': 0.7962072844310213, 'colsample_bytree': 0.5232252063599989, 'min_child_samples': 69, 'reg_alpha': 3.425445902633376e-07, 'reg_lambda': 3.850031979199519e-08}. Best is trial 0 with value: 0.0007625054896267692.
[I 2026-06-01 14:59:12,138] Trial 3 finished with value: 0.003747863665285739 and parameters: {'confidence_threshold': 0.8321099380386666, 'training_days': 490, 'n_estimators': 414, 'max_depth': 3, 'num_leaves': 19, 'learning_rate': 0.1024932221692416, 'subsample': 0.7200762468698007, 'colsample_bytree': 0.5610191174223894, 'min_child_samples': 60, 'reg_alpha': 2.039373116525212e-08, 'reg_lambda': 1.527156759251193}. Best is trial 3 with value: 0.003747863665285739.
