[I 2026-06-01 15:02:43,055] Trial 2 finished with value: -0.0072379163124229925 and parameters: {'confidence_threshold': 0.5849570384370288, 'training_days': 10, 'n_estimators': 212, 'max_depth': 3, 'num_leaves': 41, 'learning_rate': 0.18452095998378365, 'subsample': 0.6001060822924371, 'colsample_bytree': 0.5673167293506167, 'min_child_samples': 37, 'reg_alpha': 5.733250064217131, 'reg_lambda': 0.5308454292595461}. Best is trial 2 with value: -0.0072379163124229925.
[I 2026-06-01 15:02:43,134] Trial 3 finished with value: -0.11928117410589678 and parameters: {'confidence_threshold': 0.6868248626683718, 'training_days': 220, 'n_estimators': 134, 'max_depth': 3, 'num_leaves': 45, 'learning_rate': 0.033529007907491595, 'subsample': 0.8647277071858408, 'colsample_bytree': 0.778494116634046, 'min_child_samples': 96, 'reg_alpha': 2.409409937265785e-07, 'reg_lambda': 1.1642073478060009}. Best is trial 2 with value: -0.0072379163124229925.
[I 2026-06-01 15:02:43,216] Trial 4 finished with value: -0.12376914199235065 and parameters: {'confidence_threshold': 0.5623121348350352, 'training_days': 300, 'n_estimators': 69, 'max_depth': 4, 'num_leaves': 32, 'learning_rate': 0.14967629360700346, 'subsample': 0.5054535233636654, 'colsample_bytree': 0.7401385194659216, 'min_child_samples': 27, 'reg_alpha': 1.4212042567426725e-07, 'reg_lambda': 0.23605753701352003}. Best is trial 2 with value: -0.0072379163124229925.
[I 2026-06-01 15:02:43,622] Trial 5 finished with value: -0.08854219740434979 and parameters: {'confidence_threshold': 0.7111850244908446, 'training_days': 490, 'n_estimators': 362, 'max_depth': 5, 'num_leaves': 40, 'learning_rate': 0.05960785724162737, 'subsample': 0.5589714368907717, 'colsample_bytree': 0.6659006943232806, 'min_child_samples': 42, 'reg_alpha': 0.6741360303045295, 'reg_lambda': 6.054601607143087e-08}. Best is trial 2 with value: -0.0072379163124229925.
[I 2026-06-01 15:02:43,802] Trial 6 finished with value: -0.14569791115320962 and parameters: {'confidence_threshold': 0.667482545748023, 'training_days': 420, 'n_estimators': 279, 'max_depth': 3, 'num_leaves': 45, 'learning_rate': 0.040099592560849204, 'subsample': 0.8563114696415159, 'colsample_bytree': 0.5442917781944105, 'min_child_samples': 50, 'reg_alpha': 1.6407916423707903e-08, 'reg_lambda': 2.935907642973286e-05}. Best is trial 2 with value: -0.0072379163124229925.
[I 2026-06-01 15:02:43,966] Trial 7 finished with value: -0.03816894727979503 and parameters: {'confidence_threshold': 0.5497381024139926, 'training_days': 120, 'n_estimators': 408, 'max_depth': 5, 'num_leaves': 38, 'learning_rate': 0.28049122657745795, 'subsample': 0.8806573338635493, 'colsample_bytree': 0.5454054113547102, 'min_child_samples': 63, 'reg_alpha': 0.01263008637940408, 'reg_lambda': 0.04588020805366937}. Best is trial 2 with value: -0.0072379163124229925.
[I 2026-06-01 15:02:44,230] Trial 8 finished with value: -0.13750678488786688 and parameters: {'confidence_threshold': 0.719644804808716, 'training_days': 450, 'n_estimators': 410, 'max_depth': 4, 'num_leaves': 57, 'learning_rate': 0.04022026551478857, 'subsample': 0.5336085426932707, 'colsample_bytree': 0.5705742850577543, 'min_child_samples': 100, 'reg_alpha': 5.916398047912201e-07, 'reg_lambda': 0.9794034214488329}. Best is trial 2 with value: -0.0072379163124229925.
[I 2026-06-01 15:02:44,256] Trial 9 finished with value: -8.09321394075359 and parameters: {'confidence_threshold': 0.7267463643917187, 'training_days': 20, 'n_estimators': 337, 'max_depth': 5, 'num_leaves': 23, 'learning_rate': 0.022153031811454605, 'subsample': 0.6305627572358737, 'colsample_bytree': 0.6613413774216214, 'min_child_samples': 81, 'reg_alpha': 5.7638634029410314e-08, 'reg_lambda': 8.26603016764008}. Best is trial 2 with value: -0.0072379163124229925.
[I 2026-06-01 15:02:44,291] Trial 10 finished with value: -4.085571953009753 and parameters: {'confidence_threshold': 0.8398533911817929, 'training_days': 10, 'n_estimators': 228, 'max_depth': 3, 'num_leaves': 15, 'learning_rate': 0.2789359567293539, 'subsample': 0.6821883053833926, 'colsample_bytree': 0.9944479338273263, 'min_child_samples': 23, 'reg_alpha': 2.903134294418681, 'reg_lambda': 0.0032849428938367974}. Best is trial 2 with value: -0.0072379163124229925.
[I 2026-06-01 15:02:44,475] Trial 11 finished with value: -0.04744745341812384 and parameters: {'confidence_threshold': 0.5379676273538253, 'training_days': 130, 'n_estimators': 478, 'max_depth': 4, 'num_leaves': 59, 'learning_rate': 0.27815973382833, 'subsample': 0.7482879406513064, 'colsample_bytree': 0.5017024210185925, 'min_child_samples': 61, 'reg_alpha': 0.01887359218610827, 'reg_lambda': 0.007687944390807006}. Best is trial 2 with value: -0.0072379163124229925.
[I 2026-06-01 15:02:44,595] Trial 12 finished with value: -0.10730983360062822 and parameters: {'confidence_threshold': 0.5130417963578642, 'training_days': 140, 'n_estimators': 219, 'max_depth': 4, 'num_leaves': 30, 'learning_rate': 0.14143539714508013, 'subsample': 0.9912016966112274, 'colsample_bytree': 0.61438914085674, 'min_child_samples': 60, 'reg_alpha': 0.0004870983614399883, 'reg_lambda': 0.03692159575899657}. Best is trial 2 with value: -0.0072379163124229925.
[I 2026-06-01 15:02:44,746] Trial 13 finished with value: -0.04980471915146667 and parameters: {'confidence_threshold': 0.6039951566848167, 'training_days': 80, 'n_estimators': 493, 'max_depth': 3, 'num_leaves': 52, 'learning_rate': 0.15892994284987041, 'subsample': 0.7312718920985939, 'colsample_bytree': 0.5041958904942243, 'min_child_samples': 51, 'reg_alpha': 0.035550834490780316, 'reg_lambda': 0.0010319863966731626}. Best is trial 2 with value: -0.0072379163124229925.
[I 2026-06-01 15:02:44,921] Trial 14 finished with value: -0.12382171446707431 and parameters: {'confidence_threshold': 0.5057563615222779, 'training_days': 210, 'n_estimators': 280, 'max_depth': 4, 'num_leaves': 29, 'learning_rate': 0.10885680991659169, 'subsample': 0.6645302969208533, 'colsample_bytree': 0.6169150730757615, 'min_child_samples': 76, 'reg_alpha': 0.0005061136429986866, 'reg_lambda': 0.06643394643063585}. Best is trial 2 with value: -0.0072379163124229925.
[I 2026-06-01 15:02:44,986] Trial 15 finished with value: 0.015355726772459648 and parameters: {'confidence_threshold': 0.6128597814252038, 'training_days': 70, 'n_estimators': 193, 'max_depth': 3, 'num_leaves': 51, 'learning_rate': 0.010017412216024365, 'subsample': 0.5924648827306374, 'colsample_bytree': 0.7134642947406897, 'min_child_samples': 67, 'reg_alpha': 9.435474323055907, 'reg_lambda': 2.582339790441249e-06}. Best is trial 15 with value: 0.015355726772459648.
[I 2026-06-01 15:02:45,037] Trial 16 finished with value: -0.139418038405758 and parameters: {'confidence_threshold': 0.6286905507318797, 'training_days': 40, 'n_estimators': 184, 'max_depth': 3, 'num_leaves': 51, 'learning_rate': 0.010462499581341515, 'subsample': 0.5962039540757872, 'colsample_bytree': 0.7358897711998054, 'min_child_samples': 44, 'reg_alpha': 8.751446624033433, 'reg_lambda': 3.178317487349024e-06}. Best is trial 15 with value: 0.015355726772459648.
[I 2026-06-01 15:02:45,127] Trial 17 finished with value: -2.1569064756664913 and parameters: {'confidence_threshold': 0.7873735958410488, 'training_days': 180, 'n_estimators': 165, 'max_depth': 3, 'num_leaves': 62, 'learning_rate': 0.011416504158201807, 'subsample': 0.5970497485615751, 'colsample_bytree': 0.6869232585271385, 'min_child_samples': 85, 'reg_alpha': 0.2643947067568813, 'reg_lambda': 1.7282871767632007e-06}. Best is trial 15 with value: 0.015355726772459648.

    [trial 17] Sharpe=-0.1835 (folds: -0.2346, 0.0014, -0.1136, -0.3817, -0.1891)
  Optuna: 18 trials, best Sharpe = -0.0150
  Best params: n_estimators=315, max_depth=3, lr=0.1524, leaves=34
  Best confidence_threshold: 0.700
  Best training_days: 90
  Retrained on full data (270 samples, 47 features)
  [ensemble 2/3] seed=123
    [trial 0] 47 features, training_days=150 | threshold=0.744 | labels: 1191 long, 980 short (55/45%)
    [CV fold 0] train_end=2023-08-23 08:00 | val_start=2023-08-31 00:00 | gap=184h (22 rows)
    [CV fold 1] train_end=2023-12-21 16:00 | val_start=2023-12-29 08:00 | gap=184h (22 rows)
    [CV fold 2] train_end=2024-04-20 00:00 | val_start=2024-04-27 16:00 | gap=184h (22 rows)
    [CV fold 3] train_end=2024-08-18 08:00 | val_start=2024-08-26 00:00 | gap=184h (22 rows)
    [CV fold 4] train_end=2024-12-16 16:00 | val_start=2024-12-24 08:00 | gap=184h (22 rows)
    [trial 0] Sharpe=-0.1197 (folds: -0.2760, 0.1427, -0.1306, -0.1522, -0.1825)
    [trial 1] 47 features, training_days=220 | threshold=0.755 | labels: 1191 long, 980 short (55/45%)
    [trial 1] Sharpe=-1.9986 (folds: -0.1336, 0.3212, 0.1287, -10.0000, -0.3093)
    [trial 2] 47 features, training_days=310 | threshold=0.754 | labels: 1191 long, 980 short (55/45%)
    [trial 2] Sharpe=-0.1696 (folds: -0.3315, 0.1298, -0.0842, -0.1857, -0.3762)
    [trial 3] 47 features, training_days=220 | threshold=0.673 | labels: 1191 long, 980 short (55/45%)
    [trial 3] Sharpe=-0.1133 (folds: -0.3367, 0.1361, 0.0010, -0.1250, -0.2420)
    [trial 4] 47 features, training_days=130 | threshold=0.803 | labels: 1191 long, 980 short (55/45%)
    [trial 4] Sharpe=-0.0661 (folds: -0.2728, 0.2612, -0.1887, 0.0779, -0.2080)
    [trial 5] 47 features, training_days=210 | threshold=0.606 | labels: 1191 long, 980 short (55/45%)
    [trial 5] Sharpe=-0.1345 (folds: -0.1625, -0.0115, -0.0305, -0.1907, -0.2774)
    [trial 6] 47 features, training_days=130 | threshold=0.767 | labels: 1191 long, 980 short (55/45%)
    [trial 6] Sharpe=-0.1202 (folds: -0.3809, 0.1393, -0.1472, -0.0163, -0.1960)
    [trial 7] 47 features, training_days=80 | threshold=0.556 | labels: 1191 long, 980 short (55/45%)
    [trial 7] Sharpe=0.0229 (folds: 0.0466, 0.2583, 0.0007, -0.0261, -0.1651)
    [trial 8] 47 features, training_days=200 | threshold=0.607 | labels: 1191 long, 980 short (55/45%)
    [trial 8] Sharpe=-0.1607 (folds: -0.3186, 0.0856, -0.0590, -0.2074, -0.3042)
    [trial 9] 47 features, training_days=260 | threshold=0.620 | labels: 1191 long, 980 short (55/45%)
    [trial 9] Sharpe=-0.1372 (folds: -0.3072, 0.1006, -0.0343, -0.1876, -0.2576)
    [trial 10] 47 features, training_days=10 | threshold=0.525 | labels: 1191 long, 980 short (55/45%)
    [trial 10] Sharpe=-0.0072 (folds: 0.3023, -0.0483, 0.0894, -0.3176, -0.0620)
    [trial 11] 47 features, training_days=10 | threshold=0.505 | labels: 1191 long, 980 short (55/45%)
    [trial 11] Sharpe=-0.0072 (folds: 0.3023, -0.0483, 0.0894, -0.3176, -0.0620)
    [trial 12] 47 features, training_days=470 | threshold=0.511 | labels: 1191 long, 980 short (55/45%)
    [trial 12] Sharpe=-0.0992 (folds: -0.2074, -0.0241, -0.1073, 0.0744, -0.2317)
    [trial 13] 47 features, training_days=10 | threshold=0.558 | labels: 1191 long, 980 short (55/45%)
    [trial 13] Sharpe=-0.0072 (folds: 0.3023, -0.0483, 0.0894, -0.3176, -0.0620)
    [trial 14] 47 features, training_days=70 | threshold=0.554 | labels: 1191 long, 980 short (55/45%)
    [trial 14] Sharpe=0.0363 (folds: 0.0859, 0.2203, 0.0115, 0.0282, -0.1645)
    [trial 15] 47 features, training_days=80 | threshold=0.568 | labels: 1191 long, 980 short (55/45%)
    [trial 15] Sharpe=0.0216 (folds: -0.0441, 0.2071, 0.0863, 0.0133, -0.1548)
    [trial 16] 47 features, training_days=350 | threshold=0.671 | labels: 1191 long, 980 short (55/45%)
    [trial 16] Sharpe=-0.1370 (folds: -0.2333, 0.0584, -0.0983, -0.0910, -0.3208)
    [trial 17] 47 features, training_days=70 | threshold=0.562 | labels: 1191 long, 980 short (55/45%)
    [trial 17] Sharpe=-0.0496 (folds: -0.0992, 0.2222, -0.0637, -0.1292, -0.1778)
  Optuna: 18 trials, best Sharpe = 0.0363
  Best params: n_estimators=284, max_depth=3, lr=0.0407, leaves=56
  Best confidence_threshold: 0.554
  Best training_days: 70
  Retrained on full data (210 samples, 47 features)
  [ensemble 3/3] seed=456
    [trial 0] 47 features, training_days=90 | threshold=0.587 | labels: 1191 long, 980 short (55/45%)
    [CV fold 0] train_end=2023-08-23 08:00 | val_start=2023-08-31 00:00 | gap=184h (22 rows)
    [CV fold 1] train_end=2023-12-21 16:00 | val_start=2023-12-29 08:00 | gap=184h (22 rows)
    [CV fold 2] train_end=2024-04-20 00:00 | val_start=2024-04-27 16:00 | gap=184h (22 rows)
    [CV fold 3] train_end=2024-08-18 08:00 | val_start=2024-08-26 00:00 | gap=184h (22 rows)
    [CV fold 4] train_end=2024-12-16 16:00 | val_start=2024-12-24 08:00 | gap=184h (22 rows)
    [trial 0] Sharpe=-0.0623 (folds: -0.1847, 0.1718, -0.0748, 0.0020, -0.2259)
    [trial 1] 47 features, training_days=290 | threshold=0.635 | labels: 1191 long, 980 short (55/45%)
    [trial 1] Sharpe=-0.2030 (folds: -0.2680, 0.0657, -0.0769, -0.2986, -0.4373)
    [trial 2] 47 features, training_days=10 | threshold=0.585 | labels: 1191 long, 980 short (55/45%)
    [trial 2] Sharpe=-0.0072 (folds: 0.3023, -0.0483, 0.0894, -0.3176, -0.0620)
    [trial 3] 47 features, training_days=220 | threshold=0.687 | labels: 1191 long, 980 short (55/45%)
    [trial 3] Sharpe=-0.1193 (folds: -0.2298, 0.1252, -0.0080, -0.0650, -0.4187)
    [trial 4] 47 features, training_days=300 | threshold=0.562 | labels: 1191 long, 980 short (55/45%)
    [trial 4] Sharpe=-0.1238 (folds: -0.2419, 0.1751, -0.0030, -0.1806, -0.3684)
    [trial 5] 47 features, training_days=490 | threshold=0.711 | labels: 1191 long, 980 short (55/45%)
    [trial 5] Sharpe=-0.0885 (folds: -0.2133, 0.1279, -0.0559, 0.0811, -0.3825)
    [trial 6] 47 features, training_days=420 | threshold=0.667 | labels: 1191 long, 980 short (55/45%)
    [trial 6] Sharpe=-0.1457 (folds: -0.3054, 0.0874, -0.1070, -0.0044, -0.3992)
    [trial 7] 47 features, training_days=120 | threshold=0.550 | labels: 1191 long, 980 short (55/45%)
    [trial 7] Sharpe=-0.0382 (folds: -0.1829, 0.2122, -0.1306, 0.0381, -0.1277)
    [trial 8] 47 features, training_days=450 | threshold=0.720 | labels: 1191 long, 980 short (55/45%)
    [trial 8] Sharpe=-0.1375 (folds: -0.2341, 0.0319, -0.1092, -0.0003, -0.3758)
    [trial 9] 47 features, training_days=20 | threshold=0.727 | labels: 1191 long, 980 short (55/45%)
    [trial 9] Sharpe=-8.0932 (folds: -0.4661, -10.0000, -10.0000, -10.0000, -10.0000)
    [trial 10] 47 features, training_days=10 | threshold=0.840 | labels: 1191 long, 980 short (55/45%)
    [trial 10] Sharpe=-4.0856 (folds: -10.0000, -0.0483, -10.0000, -0.3176, -0.0620)
    [trial 11] 47 features, training_days=130 | threshold=0.538 | labels: 1191 long, 980 short (55/45%)
    [trial 11] Sharpe=-0.0474 (folds: -0.1274, 0.1740, -0.1340, 0.0114, -0.1613)
    [trial 12] 47 features, training_days=140 | threshold=0.513 | labels: 1191 long, 980 short (55/45%)
    [trial 12] Sharpe=-0.1073 (folds: -0.1729, 0.0416, -0.1488, -0.0854, -0.1711)
    [trial 13] 47 features, training_days=80 | threshold=0.604 | labels: 1191 long, 980 short (55/45%)
    [trial 13] Sharpe=-0.0498 (folds: 0.0383, 0.2161, -0.1727, -0.1568, -0.1740)
    [trial 14] 47 features, training_days=210 | threshold=0.506 | labels: 1191 long, 980 short (55/45%)
    [trial 14] Sharpe=-0.1238 (folds: -0.1065, -0.0216, -0.0237, -0.1835, -0.2839)
    [trial 15] 47 features, training_days=70 | threshold=0.613 | labels: 1191 long, 980 short (55/45%)
    [trial 15] Sharpe=0.0154 (folds: -0.0808, 0.1878, 0.0714, 0.1097, -0.2113)
    [trial 16] 47 features, training_days=40 | threshold=0.629 | labels: 1191 long, 980 short (55/45%)
    [trial 16] Sharpe=-0.1394 (folds: -0.3016, 0.1543, -0.0140, -0.3837, -0.1522)
    [trial 17] 47 features, training_days=180 | threshold=0.787 | labels: 1191 long, 980 short (55/45%)
    [trial 17] Sharpe=-2.1569 (folds: -0.1415, 0.1306, 0.0812, -10.0000, -0.8548)
  Optuna: 18 trials, best Sharpe = 0.0154
  Best params: n_estimators=193, max_depth=3, lr=0.0100, leaves=51[I 2026-06-01 15:02:45,881] A new study created in memory with name: no-name-e3fa945c-3d87-403a-ba7c-1790b85c4f44
[I 2026-06-01 15:02:46,187] Trial 0 finished with value: -0.06652570075920954 and parameters: {'confidence_threshold': 0.6310890415965769, 'training_days': 480, 'n_estimators': 380, 'max_depth': 4, 'num_leaves': 22, 'learning_rate': 0.01699897838270077, 'subsample': 0.5290418060840998, 'colsample_bytree': 0.9330880728874675, 'min_child_samples': 68, 'reg_alpha': 0.023585940584142682, 'reg_lambda': 1.5320059381854043e-08}. Best is trial 0 with value: -0.06652570075920954.
[I 2026-06-01 15:02:46,304] Trial 1 finished with value: -3.9460248456730254 and parameters: {'confidence_threshold': 0.839468448256698, 'training_days': 420, 'n_estimators': 145, 'max_depth': 3, 'num_leaves': 23, 'learning_rate': 0.028145092716060652, 'subsample': 0.762378215816119, 'colsample_bytree': 0.7159725093210578, 'min_child_samples': 43, 'reg_alpha': 0.0032112643094417484, 'reg_lambda': 1.8007140198129195e-07}. Best is trial 0 with value: -0.06652570075920954.
[I 2026-06-01 15:02:46,456] Trial 2 finished with value: -0.15237970559159658 and parameters: {'confidence_threshold': 0.6022506269873263, 'training_days': 190, 'n_estimators': 255, 'max_depth': 5, 'num_leaves': 24, 'learning_rate': 0.05748924681991978, 'subsample': 0.7962072844310213, 'colsample_bytree': 0.5232252063599989, 'min_child_samples': 69, 'reg_alpha': 3.425445902633376e-07, 'reg_lambda': 3.850031979199519e-08}. Best is trial 0 with value: -0.06652570075920954.
[I 2026-06-01 15:02:46,712] Trial 3 finished with value: -0.09190562712478893 and parameters: {'confidence_threshold': 0.8321099380386666, 'training_days': 490, 'n_estimators': 414, 'max_depth': 3, 'num_leaves': 19, 'learning_rate': 0.1024932221692416, 'subsample': 0.7200762468698007, 'colsample_bytree': 0.5610191174223894, 'min_child_samples': 60, 'reg_alpha': 2.039373116525212e-08, 'reg_lambda': 1.527156759251193}. Best is trial 0 with value: -0.06652570075920954.
[I 2026-06-01 15:02:46,859] Trial 4 finished with value: -0.11547447771833494 and parameters: {'confidence_threshold': 0.5905729935600059, 'training_days': 340, 'n_estimators': 190, 'max_depth': 4, 'num_leaves': 41, 'learning_rate': 0.01875220945578641, 'subsample': 0.9847923138822793, 'colsample_bytree': 0.8875664116805573, 'min_child_samples': 96, 'reg_alpha': 1.1309571585271483, 'reg_lambda': 0.002404915432737351}. Best is trial 0 with value: -0.06652570075920954.
[I 2026-06-01 15:02:46,899] Trial 5 finished with value: -0.057004088988886405 and parameters: {'confidence_threshold': 0.8226559822580909, 'training_days': 50, 'n_estimators': 138, 'max_depth': 3, 'num_leaves': 30, 'learning_rate': 0.03750796359625606, 'subsample': 0.6356745158869479, 'colsample_bytree': 0.9143687545759647, 'min_child_samples': 48, 'reg_alpha': 3.376063348877853e-06, 'reg_lambda': 0.0007660634613082914}. Best is trial 5 with value: -0.057004088988886405.
[I 2026-06-01 15:02:47,017] Trial 6 finished with value: -0.04553198860719178 and parameters: {'confidence_threshold': 0.5493234787411669, 'training_days': 410, 'n_estimators': 83, 'max_depth': 5, 'num_leaves': 52, 'learning_rate': 0.019657448966046126, 'subsample': 0.5027610585618012, 'colsample_bytree': 0.9077307142274171, 'min_child_samples': 77, 'reg_alpha': 0.03639690979811287, 'reg_lambda': 0.08738424135626986}. Best is trial 6 with value: -0.04553198860719178.
[I 2026-06-01 15:02:47,110] Trial 7 finished with value: -0.1236389076613684 and parameters: {'confidence_threshold': 0.5259156281069316, 'training_days': 180, 'n_estimators': 102, 'max_depth': 5, 'num_leaves': 45, 'learning_rate': 0.030816017044468066, 'subsample': 0.5317791751430119, 'colsample_bytree': 0.6554911608578311, 'min_child_samples': 46, 'reg_alpha': 0.036851536911881845, 'reg_lambda': 0.005470376807480391}. Best is trial 6 with value: -0.04553198860719178.
[I 2026-06-01 15:02:47,217] Trial 8 finished with value: -0.13029944154322787 and parameters: {'confidence_threshold': 0.8105244599017143, 'training_days': 240, 'n_estimators': 103, 'max_depth': 5, 'num_leaves': 52, 'learning_rate': 0.06746437142284309, 'subsample': 0.8854835899772805, 'colsample_bytree': 0.7468977981821954, 'min_child_samples': 62, 'reg_alpha': 7.04480806377519e-05, 'reg_lambda': 1.6934490731313353e-08}. Best is trial 6 with value: -0.04553198860719178.
[I 2026-06-01 15:02:47,245] Trial 9 finished with value: -0.040259946229636925 and parameters: {'confidence_threshold': 0.5377619994476566, 'training_days': 20, 'n_estimators': 337, 'max_depth': 3, 'num_leaves': 39, 'learning_rate': 0.21907142272152816, 'subsample': 0.6246461145744375, 'colsample_bytree': 0.7051914615178149, 'min_child_samples': 81, 'reg_alpha': 1.1459970229341322e-06, 'reg_lambda': 4.929685216887945e-08}. Best is trial 9 with value: -0.040259946229636925.
