[I 2026-06-01 15:02:22,442] Trial 16 finished with value: 0.006013655106451271 and parameters: {'confidence_threshold': 0.8071898053270988, 'training_days': 140, 'n_estimators': 298, 'max_depth': 5, 'num_leaves': 25, 'learning_rate': 0.04734750546511042, 'subsample': 0.6318757284031183, 'colsample_bytree': 0.6155885267093099, 'min_child_samples': 54, 'reg_alpha': 0.000762323791867669, 'reg_lambda': 0.15555947254427588}. Best is trial 16 with value: 0.006013655106451271.
[I 2026-06-01 15:02:22,701] Trial 17 finished with value: -0.05114851213607442 and parameters: {'confidence_threshold': 0.5004748807695347, 'training_days': 370, 'n_estimators': 306, 'max_depth': 5, 'num_leaves': 27, 'learning_rate': 0.047595809734152984, 'subsample': 0.6810470862241853, 'colsample_bytree': 0.6042669130757778, 'min_child_samples': 75, 'reg_alpha': 0.0008394804306122571, 'reg_lambda': 0.05257589620936064}. Best is trial 16 with value: 0.006013655106451271.
[I 2026-06-01 15:02:23,137] A new study created in memory with name: no-name-82790e92-c7c8-46e9-bea2-5162f2256d36
[I 2026-06-01 15:02:23,342] Trial 0 finished with value: 0.012914887195339364 and parameters: {'confidence_threshold': 0.5870645682749857, 'training_days': 90, 'n_estimators': 403, 'max_depth': 5, 'num_leaves': 45, 'learning_rate': 0.0780457193679974, 'subsample': 0.9428509515574568, 'colsample_bytree': 0.8795587339164916, 'min_child_samples': 34, 'reg_alpha': 2.2465901234314442e-07, 'reg_lambda': 8.339007036475363e-05}. Best is trial 0 with value: 0.012914887195339364.
[I 2026-06-01 15:02:23,462] Trial 1 finished with value: -0.09010127890189701 and parameters: {'confidence_threshold': 0.6348453934275313, 'training_days': 290, 'n_estimators': 115, 'max_depth': 5, 'num_leaves': 37, 'learning_rate': 0.06949568759029946, 'subsample': 0.8228505074024268, 'colsample_bytree': 0.8616703220431751, 'min_child_samples': 75, 'reg_alpha': 4.2486822725010923e-07, 'reg_lambda': 1.157247767047042e-07}. Best is trial 0 with value: 0.012914887195339364.
[I 2026-06-01 15:02:23,480] Trial 2 finished with value: -0.04082242564692739 and parameters: {'confidence_threshold': 0.5849570384370288, 'training_days': 10, 'n_estimators': 212, 'max_depth': 3, 'num_leaves': 41, 'learning_rate': 0.18452095998378365, 'subsample': 0.6001060822924371, 'colsample_bytree': 0.5673167293506167, 'min_child_samples': 37, 'reg_alpha': 5.733250064217131, 'reg_lambda': 0.5308454292595461}. Best is trial 0 with value: 0.012914887195339364.
[I 2026-06-01 15:02:23,568] Trial 3 finished with value: -0.03265548497082658 and parameters: {'confidence_threshold': 0.6868248626683718, 'training_days': 220, 'n_estimators': 134, 'max_depth': 3, 'num_leaves': 45, 'learning_rate': 0.033529007907491595, 'subsample': 0.8647277071858408, 'colsample_bytree': 0.778494116634046, 'min_child_samples': 96, 'reg_alpha': 2.409409937265785e-07, 'reg_lambda': 1.1642073478060009}. Best is trial 0 with value: 0.012914887195339364.
[I 2026-06-01 15:02:23,665] Trial 4 finished with value: -0.08048791611708128 and parameters: {'confidence_threshold': 0.5623121348350352, 'training_days': 300, 'n_estimators': 69, 'max_depth': 4, 'num_leaves': 32, 'learning_rate': 0.14967629360700346, 'subsample': 0.5054535233636654, 'colsample_bytree': 0.7401385194659216, 'min_child_samples': 27, 'reg_alpha': 1.4212042567426725e-07, 'reg_lambda': 0.23605753701352003}. Best is trial 0 with value: 0.012914887195339364.
[I 2026-06-01 15:02:24,068] Trial 5 finished with value: -0.03137964510765254 and parameters: {'confidence_threshold': 0.7111850244908446, 'training_days': 490, 'n_estimators': 362, 'max_depth': 5, 'num_leaves': 40, 'learning_rate': 0.05960785724162737, 'subsample': 0.5589714368907717, 'colsample_bytree': 0.6659006943232806, 'min_child_samples': 42, 'reg_alpha': 0.6741360303045295, 'reg_lambda': 6.054601607143087e-08}. Best is trial 0 with value: 0.012914887195339364.
[I 2026-06-01 15:02:24,254] Trial 6 finished with value: -0.006960151299512686 and parameters: {'confidence_threshold': 0.667482545748023, 'training_days': 420, 'n_estimators': 279, 'max_depth': 3, 'num_leaves': 45, 'learning_rate': 0.040099592560849204, 'subsample': 0.8563114696415159, 'colsample_bytree': 0.5442917781944105, 'min_child_samples': 50, 'reg_alpha': 1.6407916423707903e-08, 'reg_lambda': 2.935907642973286e-05}. Best is trial 0 with value: 0.012914887195339364.
[I 2026-06-01 15:02:24,416] Trial 7 finished with value: -0.022603474677834738 and parameters: {'confidence_threshold': 0.5497381024139926, 'training_days': 120, 'n_estimators': 408, 'max_depth': 5, 'num_leaves': 38, 'learning_rate': 0.28049122657745795, 'subsample': 0.8806573338635493, 'colsample_bytree': 0.5454054113547102, 'min_child_samples': 63, 'reg_alpha': 0.01263008637940408, 'reg_lambda': 0.04588020805366937}. Best is trial 0 with value: 0.012914887195339364.
[I 2026-06-01 15:02:24,676] Trial 8 finished with value: 0.01098228812930191 and parameters: {'confidence_threshold': 0.719644804808716, 'training_days': 450, 'n_estimators': 410, 'max_depth': 4, 'num_leaves': 57, 'learning_rate': 0.04022026551478857, 'subsample': 0.5336085426932707, 'colsample_bytree': 0.5705742850577543, 'min_child_samples': 100, 'reg_alpha': 5.916398047912201e-07, 'reg_lambda': 0.9794034214488329}. Best is trial 0 with value: 0.012914887195339364.
[I 2026-06-01 15:02:24,699] Trial 9 finished with value: -2.0588745093796823 and parameters: {'confidence_threshold': 0.7267463643917187, 'training_days': 20, 'n_estimators': 337, 'max_depth': 5, 'num_leaves': 23, 'learning_rate': 0.022153031811454605, 'subsample': 0.6305627572358737, 'colsample_bytree': 0.6613413774216214, 'min_child_samples': 81, 'reg_alpha': 5.7638634029410314e-08, 'reg_lambda': 8.26603016764008}. Best is trial 0 with value: 0.012914887195339364.
[I 2026-06-01 15:02:25,010] Trial 10 finished with value: -0.013604590521622606 and parameters: {'confidence_threshold': 0.8398533911817929, 'training_days': 130, 'n_estimators': 485, 'max_depth': 4, 'num_leaves': 62, 'learning_rate': 0.014251957942824738, 'subsample': 0.9901604570372973, 'colsample_bytree': 0.9944479338273263, 'min_child_samples': 23, 'reg_alpha': 6.837313901272251e-05, 'reg_lambda': 0.0006976939169966911}. Best is trial 0 with value: 0.012914887195339364.
[I 2026-06-01 15:02:25,359] Trial 11 finished with value: -0.04095371962337089 and parameters: {'confidence_threshold': 0.7828153509856826, 'training_days': 390, 'n_estimators': 478, 'max_depth': 4, 'num_leaves': 58, 'learning_rate': 0.11117277763483477, 'subsample': 0.7257560002721685, 'colsample_bytree': 0.9214296292909252, 'min_child_samples': 100, 'reg_alpha': 1.7335570554886207e-05, 'reg_lambda': 0.00022486515256442478}. Best is trial 0 with value: 0.012914887195339364.
[I 2026-06-01 15:02:25,632] Trial 12 finished with value: -0.05104535213504101 and parameters: {'confidence_threshold': 0.5145853631584999, 'training_days': 170, 'n_estimators': 415, 'max_depth': 4, 'num_leaves': 54, 'learning_rate': 0.09541405269589062, 'subsample': 0.9912016966112274, 'colsample_bytree': 0.8420599046380293, 'min_child_samples': 62, 'reg_alpha': 8.46843277074541e-06, 'reg_lambda': 6.401147683035173e-06}. Best is trial 0 with value: 0.012914887195339364.
[I 2026-06-01 15:02:25,890] Trial 13 finished with value: -0.04026934091282069 and parameters: {'confidence_threshold': 0.6227835397404168, 'training_days': 380, 'n_estimators': 289, 'max_depth': 4, 'num_leaves': 52, 'learning_rate': 0.031051893769270974, 'subsample': 0.7090384881126288, 'colsample_bytree': 0.6661321917937754, 'min_child_samples': 84, 'reg_alpha': 0.0013950587799583445, 'reg_lambda': 0.018235837970181194}. Best is trial 0 with value: 0.012914887195339364.
[I 2026-06-01 15:02:26,050] Trial 14 finished with value: 0.01940323309567052 and parameters: {'confidence_threshold': 0.7723320301796328, 'training_days': 80, 'n_estimators': 419, 'max_depth': 5, 'num_leaves': 51, 'learning_rate': 0.013838222765740836, 'subsample': 0.6688425641470395, 'colsample_bytree': 0.9534441456280793, 'min_child_samples': 52, 'reg_alpha': 2.1172134447991344e-06, 'reg_lambda': 0.0015968227184679034}. Best is trial 14 with value: 0.01940323309567052.

    [trial 15] 47 features, training_days=420 | threshold=0.724 | labels: 1188 long, 983 short (55/45%)
    [trial 15] Sharpe=-0.0318 (folds: 0.3481, -0.1649, -0.0215, -0.0869, -0.2339)
    [trial 16] 47 features, training_days=320 | threshold=0.702 | labels: 1188 long, 983 short (55/45%)
    [trial 16] Sharpe=-0.0694 (folds: 0.3086, -0.1711, -0.0408, -0.1960, -0.2476)
    [trial 17] 47 features, training_days=410 | threshold=0.774 | labels: 1188 long, 983 short (55/45%)
    [trial 17] Sharpe=0.0284 (folds: 0.4384, -0.1982, -0.0303, 0.0965, -0.1644)
  Optuna: 18 trials, best Sharpe = 0.0650
  Best params: n_estimators=235, max_depth=4, lr=0.0188, leaves=52
  Best confidence_threshold: 0.732
  Best training_days: 430
  Retrained on full data (1290 samples, 47 features)
  [ensemble 2/3] seed=123
    [trial 0] 47 features, training_days=150 | threshold=0.744 | labels: 1188 long, 983 short (55/45%)
    [CV fold 0] train_end=2023-06-23 08:00 | val_start=2023-07-01 00:00 | gap=184h (22 rows)
    [CV fold 1] train_end=2023-10-21 16:00 | val_start=2023-10-29 08:00 | gap=184h (22 rows)
    [CV fold 2] train_end=2024-02-19 00:00 | val_start=2024-02-26 16:00 | gap=184h (22 rows)
    [CV fold 3] train_end=2024-06-18 08:00 | val_start=2024-06-26 00:00 | gap=184h (22 rows)
    [CV fold 4] train_end=2024-10-16 16:00 | val_start=2024-10-24 08:00 | gap=184h (22 rows)
    [trial 0] Sharpe=-0.0722 (folds: 0.1855, -0.1787, -0.0102, -0.1550, -0.2026)
    [trial 1] 47 features, training_days=220 | threshold=0.755 | labels: 1188 long, 983 short (55/45%)
    [trial 1] Sharpe=-3.9535 (folds: 0.4217, 0.0246, -0.2138, -10.0000, -10.0000)
    [trial 2] 47 features, training_days=310 | threshold=0.754 | labels: 1188 long, 983 short (55/45%)
    [trial 2] Sharpe=-0.0776 (folds: 0.1264, -0.0649, -0.1789, 0.0266, -0.2972)
    [trial 3] 47 features, training_days=220 | threshold=0.673 | labels: 1188 long, 983 short (55/45%)
    [trial 3] Sharpe=-0.0605 (folds: 0.0074, 0.0325, 0.0197, -0.2120, -0.1499)
    [trial 4] 47 features, training_days=130 | threshold=0.803 | labels: 1188 long, 983 short (55/45%)
    [trial 4] Sharpe=0.0006 (folds: 0.2069, -0.0347, 0.0829, -0.0286, -0.2233)
    [trial 5] 47 features, training_days=210 | threshold=0.606 | labels: 1188 long, 983 short (55/45%)
    [trial 5] Sharpe=-0.1333 (folds: 0.1162, -0.2388, -0.0393, -0.1769, -0.3277)
    [trial 6] 47 features, training_days=130 | threshold=0.767 | labels: 1188 long, 983 short (55/45%)
    [trial 6] Sharpe=-0.0103 (folds: 0.0503, 0.0813, 0.0267, -0.0321, -0.1777)
    [trial 7] 47 features, training_days=80 | threshold=0.556 | labels: 1188 long, 983 short (55/45%)
    [trial 7] Sharpe=-0.0355 (folds: -0.1003, -0.0414, 0.0910, -0.1417, 0.0149)
    [trial 8] 47 features, training_days=200 | threshold=0.607 | labels: 1188 long, 983 short (55/45%)
    [trial 8] Sharpe=-0.1351 (folds: -0.0047, -0.2528, -0.0192, -0.1461, -0.2529)
    [trial 9] 47 features, training_days=260 | threshold=0.620 | labels: 1188 long, 983 short (55/45%)
    [trial 9] Sharpe=-0.1136 (folds: 0.1100, -0.1092, -0.1825, -0.1470, -0.2392)
    [trial 10] 47 features, training_days=470 | threshold=0.845 | labels: 1188 long, 983 short (55/45%)
    [trial 10] Sharpe=-0.0439 (folds: -0.1798, -0.3163, -0.1464, 0.3728, 0.0504)
    [trial 11] 47 features, training_days=20 | threshold=0.837 | labels: 1188 long, 983 short (55/45%)
    [trial 11] Sharpe=-2.0589 (folds: 0.1323, -0.2928, 0.0442, -0.1781, -10.0000)
    [trial 12] 47 features, training_days=120 | threshold=0.798 | labels: 1188 long, 983 short (55/45%)
    [trial 12] Sharpe=-0.0061 (folds: 0.1960, -0.0747, -0.0579, -0.0293, -0.0648)
    [trial 13] 47 features, training_days=10 | threshold=0.800 | labels: 1188 long, 983 short (55/45%)
    [trial 13] Sharpe=-2.0483 (folds: 0.1323, -0.2928, 0.0969, -0.1781, -10.0000)
    [trial 14] 47 features, training_days=340 | threshold=0.697 | labels: 1188 long, 983 short (55/45%)
    [trial 14] Sharpe=-0.0996 (folds: 0.2067, -0.1611, -0.0536, -0.1602, -0.3301)
    [trial 15] 47 features, training_days=90 | threshold=0.699 | labels: 1188 long, 983 short (55/45%)
    [trial 15] Sharpe=-0.0235 (folds: -0.0020, 0.0220, 0.0322, -0.0522, -0.1176)
    [trial 16] 47 features, training_days=140 | threshold=0.807 | labels: 1188 long, 983 short (55/45%)
    [trial 16] Sharpe=0.0060 (folds: 0.1473, 0.0723, 0.0609, -0.0648, -0.1856)
    [trial 17] 47 features, training_days=370 | threshold=0.500 | labels: 1188 long, 983 short (55/45%)
    [trial 17] Sharpe=-0.0511 (folds: 0.1459, -0.1478, 0.0525, -0.1259, -0.1805)
  Optuna: 18 trials, best Sharpe = 0.0060
  Best params: n_estimators=298, max_depth=5, lr=0.0473, leaves=25
  Best confidence_threshold: 0.807
  Best training_days: 140
  Retrained on full data (420 samples, 47 features)
  [ensemble 3/3] seed=456
    [trial 0] 47 features, training_days=90 | threshold=0.587 | labels: 1188 long, 983 short (55/45%)
    [CV fold 0] train_end=2023-06-23 08:00 | val_start=2023-07-01 00:00 | gap=184h (22 rows)
    [CV fold 1] train_end=2023-10-21 16:00 | val_start=2023-10-29 08:00 | gap=184h (22 rows)
    [CV fold 2] train_end=2024-02-19 00:00 | val_start=2024-02-26 16:00 | gap=184h (22 rows)
    [CV fold 3] train_end=2024-06-18 08:00 | val_start=2024-06-26 00:00 | gap=184h (22 rows)
    [CV fold 4] train_end=2024-10-16 16:00 | val_start=2024-10-24 08:00 | gap=184h (22 rows)
    [trial 0] Sharpe=0.0129 (folds: -0.0440, 0.2193, 0.0552, 0.0056, -0.1715)
    [trial 1] 47 features, training_days=290 | threshold=0.635 | labels: 1188 long, 983 short (55/45%)
    [trial 1] Sharpe=-0.0901 (folds: 0.2449, -0.1474, -0.0688, -0.1663, -0.3128)
    [trial 2] 47 features, training_days=10 | threshold=0.585 | labels: 1188 long, 983 short (55/45%)
    [trial 2] Sharpe=-0.0408 (folds: 0.1323, -0.2928, 0.0969, -0.1781, 0.0376)
    [trial 3] 47 features, training_days=220 | threshold=0.687 | labels: 1188 long, 983 short (55/45%)
    [trial 3] Sharpe=-0.0327 (folds: 0.5677, 0.0277, -0.0295, -0.1739, -0.5552)
    [trial 4] 47 features, training_days=300 | threshold=0.562 | labels: 1188 long, 983 short (55/45%)
    [trial 4] Sharpe=-0.0805 (folds: 0.0407, -0.0796, -0.0747, -0.0706, -0.2182)
    [trial 5] 47 features, training_days=490 | threshold=0.711 | labels: 1188 long, 983 short (55/45%)
    [trial 5] Sharpe=-0.0314 (folds: 0.0461, -0.0539, 0.0851, -0.0734, -0.1607)
    [trial 6] 47 features, training_days=420 | threshold=0.667 | labels: 1188 long, 983 short (55/45%)
    [trial 6] Sharpe=-0.0070 (folds: 0.0977, -0.1120, 0.1054, -0.0327, -0.0932)
    [trial 7] 47 features, training_days=120 | threshold=0.550 | labels: 1188 long, 983 short (55/45%)
    [trial 7] Sharpe=-0.0226 (folds: 0.0292, 0.0182, 0.0790, -0.0290, -0.2104)
    [trial 8] 47 features, training_days=450 | threshold=0.720 | labels: 1188 long, 983 short (55/45%)
    [trial 8] Sharpe=0.0110 (folds: 0.3345, -0.1243, 0.0265, -0.0552, -0.1266)
    [trial 9] 47 features, training_days=20 | threshold=0.727 | labels: 1188 long, 983 short (55/45%)
    [trial 9] Sharpe=-2.0589 (folds: 0.1323, -0.2928, 0.0442, -0.1781, -10.0000)
    [trial 10] 47 features, training_days=130 | threshold=0.840 | labels: 1188 long, 983 short (55/45%)
    [trial 10] Sharpe=-0.0136 (folds: 0.0963, -0.1222, 0.0936, -0.0001, -0.1356)
    [trial 11] 47 features, training_days=390 | threshold=0.783 | labels: 1188 long, 983 short (55/45%)
    [trial 11] Sharpe=-0.0410 (folds: 0.2537, -0.1427, -0.0053, -0.1172, -0.1933)
    [trial 12] 47 features, training_days=170 | threshold=0.515 | labels: 1188 long, 983 short (55/45%)
    [trial 12] Sharpe=-0.0510 (folds: -0.0235, -0.0421, 0.1431, -0.1409, -0.1918)
    [trial 13] 47 features, training_days=380 | threshold=0.623 | labels: 1188 long, 983 short (55/45%)
    [trial 13] Sharpe=-0.0403 (folds: 0.2795, -0.1664, 0.0347, -0.1832, -0.1659)
    [trial 14] 47 features, training_days=80 | threshold=0.772 | labels: 1188 long, 983 short (55/45%)
    [trial 14] Sharpe=0.0194 (folds: -0.0514, 0.0583, 0.1428, -0.0230, -0.0296)
    [trial 15] 47 features, training_days=60 | threshold=0.780 | labels: 1188 long, 983 short (55/45%)
    [trial 15] Sharpe=-1.9317 (folds: 0.1953, 0.9037, -0.7151, -10.0000, -0.0425)[I 2026-06-01 15:02:26,137] Trial 15 finished with value: -1.9317218911652756 and parameters: {'confidence_threshold': 0.7795247914563833, 'training_days': 60, 'n_estimators': 209, 'max_depth': 5, 'num_leaves': 49, 'learning_rate': 0.010018308006819113, 'subsample': 0.654094764538412, 'colsample_bytree': 0.9931643844849319, 'min_child_samples': 47, 'reg_alpha': 4.7783549780930786e-06, 'reg_lambda': 0.0026406526000485684}. Best is trial 14 with value: 0.01940323309567052.
[I 2026-06-01 15:02:26,370] Trial 16 finished with value: -0.024465330022449102 and parameters: {'confidence_threshold': 0.8388132349964259, 'training_days': 110, 'n_estimators': 341, 'max_depth': 5, 'num_leaves': 28, 'learning_rate': 0.019682097744562147, 'subsample': 0.7849551036743927, 'colsample_bytree': 0.9135815242179542, 'min_child_samples': 35, 'reg_alpha': 0.0013511130956308378, 'reg_lambda': 6.594455612989425e-06}. Best is trial 14 with value: 0.01940323309567052.
[I 2026-06-01 15:02:26,741] Trial 17 finished with value: -0.1237425512109624 and parameters: {'confidence_threshold': 0.7873735958410488, 'training_days': 200, 'n_estimators': 448, 'max_depth': 5, 'num_leaves': 18, 'learning_rate': 0.08099587668611936, 'subsample': 0.9272655966967175, 'colsample_bytree': 0.9194274521558912, 'min_child_samples': 54, 'reg_alpha': 2.258450897746646e-06, 'reg_lambda': 3.3880996134039195e-05}. Best is trial 14 with value: 0.01940323309567052.
[I 2026-06-01 15:02:27,445] A new study created in memory with name: no-name-ef520df9-a191-4e9b-a465-6840b4b98bb1
[I 2026-06-01 15:02:27,768] Trial 0 finished with value: -0.07866043083529153 and parameters: {'confidence_threshold': 0.6310890415965769, 'training_days': 480, 'n_estimators': 380, 'max_depth': 4, 'num_leaves': 22, 'learning_rate': 0.01699897838270077, 'subsample': 0.5290418060840998, 'colsample_bytree': 0.9330880728874675, 'min_child_samples': 68, 'reg_alpha': 0.023585940584142682, 'reg_lambda': 1.5320059381854043e-08}. Best is trial 0 with value: -0.07866043083529153.
[I 2026-06-01 15:02:27,880] Trial 1 finished with value: -3.996559979903607 and parameters: {'confidence_threshold': 0.839468448256698, 'training_days': 420, 'n_estimators': 145, 'max_depth': 3, 'num_leaves': 23, 'learning_rate': 0.028145092716060652, 'subsample': 0.762378215816119, 'colsample_bytree': 0.7159725093210578, 'min_child_samples': 43, 'reg_alpha': 0.0032112643094417484, 'reg_lambda': 1.8007140198129195e-07}. Best is trial 0 with value: -0.07866043083529153.
[I 2026-06-01 15:02:28,030] Trial 2 finished with value: -0.041974499864711655 and parameters: {'confidence_threshold': 0.6022506269873263, 'training_days': 190, 'n_estimators': 255, 'max_depth': 5, 'num_leaves': 24, 'learning_rate': 0.05748924681991978, 'subsample': 0.7962072844310213, 'colsample_bytree': 0.5232252063599989, 'min_child_samples': 69, 'reg_alpha': 3.425445902633376e-07, 'reg_lambda': 3.850031979199519e-08}. Best is trial 2 with value: -0.041974499864711655.
[I 2026-06-01 15:02:28,289] Trial 3 finished with value: -0.015486612125306503 and parameters: {'confidence_threshold': 0.8321099380386666, 'training_days': 490, 'n_estimators': 414, 'max_depth': 3, 'num_leaves': 19, 'learning_rate': 0.1024932221692416, 'subsample': 0.7200762468698007, 'colsample_bytree': 0.5610191174223894, 'min_child_samples': 60, 'reg_alpha': 2.039373116525212e-08, 'reg_lambda': 1.527156759251193}. Best is trial 3 with value: -0.015486612125306503.
[I 2026-06-01 15:02:28,453] Trial 4 finished with value: -0.04716970909309806 and parameters: {'confidence_threshold': 0.5905729935600059, 'training_days': 340, 'n_estimators': 190, 'max_depth': 4, 'num_leaves': 41, 'learning_rate': 0.01875220945578641, 'subsample': 0.9847923138822793, 'colsample_bytree': 0.8875664116805573, 'min_child_samples': 96, 'reg_alpha': 1.1309571585271483, 'reg_lambda': 0.002404915432737351}. Best is trial 3 with value: -0.015486612125306503.
[I 2026-06-01 15:02:28,492] Trial 5 finished with value: 0.11381364148679744 and parameters: {'confidence_threshold': 0.8226559822580909, 'training_days': 50, 'n_estimators': 138, 'max_depth': 3, 'num_leaves': 30, 'learning_rate': 0.03750796359625606, 'subsample': 0.6356745158869479, 'colsample_bytree': 0.9143687545759647, 'min_child_samples': 48, 'reg_alpha': 3.376063348877853e-06, 'reg_lambda': 0.0007660634613082914}. Best is trial 5 with value: 0.11381364148679744.
[I 2026-06-01 15:02:28,596] Trial 6 finished with value: -0.008152868485162668 and parameters: {'confidence_threshold': 0.5493234787411669, 'training_days': 410, 'n_estimators': 83, 'max_depth': 5, 'num_leaves': 52, 'learning_rate': 0.019657448966046126, 'subsample': 0.5027610585618012, 'colsample_bytree': 0.9077307142274171, 'min_child_samples': 77, 'reg_alpha': 0.03639690979811287, 'reg_lambda': 0.08738424135626986}. Best is trial 5 with value: 0.11381364148679744.
[I 2026-06-01 15:02:28,712] Trial 7 finished with value: -0.035302237612641146 and parameters: {'confidence_threshold': 0.5259156281069316, 'training_days': 180, 'n_estimators': 102, 'max_depth': 5, 'num_leaves': 45, 'learning_rate': 0.030816017044468066, 'subsample': 0.5317791751430119, 'colsample_bytree': 0.6554911608578311, 'min_child_samples': 46, 'reg_alpha': 0.036851536911881845, 'reg_lambda': 0.005470376807480391}. Best is trial 5 with value: 0.11381364148679744.
