[I 2026-06-01 15:02:16,835] Trial 6 finished with value: 0.02332447579601915 and parameters: {'confidence_threshold': 0.5493234787411669, 'training_days': 410, 'n_estimators': 83, 'max_depth': 5, 'num_leaves': 52, 'learning_rate': 0.019657448966046126, 'subsample': 0.5027610585618012, 'colsample_bytree': 0.9077307142274171, 'min_child_samples': 77, 'reg_alpha': 0.03639690979811287, 'reg_lambda': 0.08738424135626986}. Best is trial 6 with value: 0.02332447579601915.
[I 2026-06-01 15:02:16,928] Trial 7 finished with value: -0.0653097892153932 and parameters: {'confidence_threshold': 0.5259156281069316, 'training_days': 180, 'n_estimators': 102, 'max_depth': 5, 'num_leaves': 45, 'learning_rate': 0.030816017044468066, 'subsample': 0.5317791751430119, 'colsample_bytree': 0.6554911608578311, 'min_child_samples': 46, 'reg_alpha': 0.036851536911881845, 'reg_lambda': 0.005470376807480391}. Best is trial 6 with value: 0.02332447579601915.
[I 2026-06-01 15:02:17,037] Trial 8 finished with value: -0.09066261426703268 and parameters: {'confidence_threshold': 0.8105244599017143, 'training_days': 240, 'n_estimators': 103, 'max_depth': 5, 'num_leaves': 52, 'learning_rate': 0.06746437142284309, 'subsample': 0.8854835899772805, 'colsample_bytree': 0.7468977981821954, 'min_child_samples': 62, 'reg_alpha': 7.04480806377519e-05, 'reg_lambda': 1.6934490731313353e-08}. Best is trial 6 with value: 0.02332447579601915.
[I 2026-06-01 15:02:17,060] Trial 9 finished with value: -0.05136097015539437 and parameters: {'confidence_threshold': 0.5377619994476566, 'training_days': 20, 'n_estimators': 337, 'max_depth': 3, 'num_leaves': 39, 'learning_rate': 0.21907142272152816, 'subsample': 0.6246461145744375, 'colsample_bytree': 0.7051914615178149, 'min_child_samples': 81, 'reg_alpha': 1.1459970229341322e-06, 'reg_lambda': 4.929685216887945e-08}. Best is trial 6 with value: 0.02332447579601915.
[I 2026-06-01 15:02:17,734] Trial 10 finished with value: -0.04744465285754983 and parameters: {'confidence_threshold': 0.7378545837642324, 'training_days': 350, 'n_estimators': 487, 'max_depth': 5, 'num_leaves': 62, 'learning_rate': 0.011407797829608154, 'subsample': 0.628963476300746, 'colsample_bytree': 0.8340915966600303, 'min_child_samples': 27, 'reg_alpha': 8.536188349289, 'reg_lambda': 8.145051292774586}. Best is trial 6 with value: 0.02332447579601915.
[I 2026-06-01 15:02:17,999] Trial 11 finished with value: 0.01276399044887352 and parameters: {'confidence_threshold': 0.6622311673084612, 'training_days': 480, 'n_estimators': 298, 'max_depth': 4, 'num_leaves': 55, 'learning_rate': 0.010345547951401532, 'subsample': 0.5020876636914846, 'colsample_bytree': 0.9670246438738912, 'min_child_samples': 81, 'reg_alpha': 0.04080560208552622, 'reg_lambda': 7.868729181011707e-06}. Best is trial 6 with value: 0.02332447579601915.
[I 2026-06-01 15:02:18,370] Trial 12 finished with value: -0.01495381625298009 and parameters: {'confidence_threshold': 0.6403606747603232, 'training_days': 380, 'n_estimators': 389, 'max_depth': 4, 'num_leaves': 33, 'learning_rate': 0.01709504394923673, 'subsample': 0.5647996887393298, 'colsample_bytree': 0.9966230134341398, 'min_child_samples': 79, 'reg_alpha': 0.0005674054320943116, 'reg_lambda': 0.1433348019021436}. Best is trial 6 with value: 0.02332447579601915.
[I 2026-06-01 15:02:18,569] Trial 13 finished with value: 0.06501226128958373 and parameters: {'confidence_threshold': 0.7321922500141939, 'training_days': 430, 'n_estimators': 235, 'max_depth': 4, 'num_leaves': 52, 'learning_rate': 0.018778076270349095, 'subsample': 0.5915923719133206, 'colsample_bytree': 0.8279150998060477, 'min_child_samples': 95, 'reg_alpha': 0.09888521121810406, 'reg_lambda': 9.952359322074757e-06}. Best is trial 13 with value: 0.06501226128958373.

    [trial 11] 47 features, training_days=380 | threshold=0.662 | labels: 1190 long, 981 short (55/45%)
    [trial 11] Sharpe=0.0863 (folds: 0.2910, 0.1478, 0.3536, -0.1682, -0.1926)
    [trial 12] 47 features, training_days=360 | threshold=0.794 | labels: 1190 long, 981 short (55/45%)
    [trial 12] Sharpe=0.1516 (folds: 0.4082, 0.0555, 0.2614, -0.0436, 0.0764)
    [trial 13] 47 features, training_days=380 | threshold=0.805 | labels: 1190 long, 981 short (55/45%)
    [trial 13] Sharpe=0.1491 (folds: 0.3939, 0.1555, 0.2815, -0.0240, -0.0612)
    [trial 14] 47 features, training_days=360 | threshold=0.829 | labels: 1190 long, 981 short (55/45%)
    [trial 14] Sharpe=0.1396 (folds: 0.3977, 0.1512, 0.2061, -0.0551, -0.0018)
    [trial 15] 47 features, training_days=340 | threshold=0.783 | labels: 1190 long, 981 short (55/45%)
    [trial 15] Sharpe=0.1304 (folds: 0.4058, 0.3051, -0.0421, -0.0618, 0.0447)
    [trial 16] 47 features, training_days=500 | threshold=0.774 | labels: 1190 long, 981 short (55/45%)
    [trial 16] Sharpe=0.1623 (folds: 0.2809, 0.1113, 0.1056, 0.0237, 0.2897)
    [trial 17] 47 features, training_days=490 | threshold=0.772 | labels: 1190 long, 981 short (55/45%)
    [trial 17] Sharpe=0.1810 (folds: 0.3453, 0.1103, 0.1068, 0.0753, 0.2675)
  Optuna: 18 trials, best Sharpe = 0.1810
  Best params: n_estimators=155, max_depth=4, lr=0.0220, leaves=18
  Best confidence_threshold: 0.772
  Best training_days: 490
  Retrained on full data (1470 samples, 47 features)
  OOD: 16 features, cutoff (q=0.7) = 9.58
  Model trained for 2025-02: 84 test candles with features, confidence_threshold=0.725
[trade:close] 2025-02-02 23:59 BTCUSDT LONG → stop_loss @ 98006.08 | PnL=-4.60% (net -4.70%) | cum=-27.64% 2025-02=-4.70% 2025-02-02=-4.70%
[lgbm] === Training for 2025-03 ===
  Train window: 2023-03-01 → 2025-02-21
  2171 training samples from 1 symbols
  Samples per month: 2023-03: 93, 2023-04: 90, 2023-05: 93, 2023-06: 90, 2023-07: 93, 2023-08: 93, 2023-09: 90, 2023-10: 93, 2023-11: 90, 2023-12: 93, 2024-01: 93, 2024-02: 87, 2024-03: 93, 2024-04: 90, 2024-05: 93, 2024-06: 90, 2024-07: 93, 2024-08: 93, 2024-09: 90, 2024-10: 93, 2024-11: 90, 2024-12: 93, 2025-01: 93, 2025-02: 62
  [label] 2023-05-01 16:00 BTCUSDT entry=28054.4000 → SHORT | long=timeout(-1.51%) short=sl(-4.28%) | scanned=22 | no_tp→fwd_return=-1.4066
  [label] 2023-05-04 00:00 BTCUSDT entry=29048.6000 → SHORT | long=sl(-3.88%) short=tp(+7.47%) | scanned=20 | short_tp_only
  [label] 2023-05-07 16:00 BTCUSDT entry=28419.4000 → SHORT | long=sl(-3.78%) short=tp(+7.27%) | scanned=13 | short_tp_only
  [label] 2023-06-01 08:00 BTCUSDT entry=26884.2000 → SHORT | long=sl(-3.06%) short=timeout(+0.56%) | scanned=22 | no_tp→fwd_return=-0.6632
  [label] 2023-07-24 00:00 BTCUSDT entry=29816.4000 → SHORT | long=sl(-2.11%) short=timeout(+1.42%) | scanned=22 | no_tp→fwd_return=-1.5183
  [label] 2024-01-06 00:00 BTCUSDT entry=43645.3000 → LONG | long=tp(+10.18%) short=sl(-5.24%) | scanned=16 | long_tp_only
  [label] 2024-01-10 00:00 BTCUSDT entry=45766.4000 → SHORT | long=sl(-5.42%) short=sl(-5.42%) | scanned=8 | no_tp→fwd_return=-6.5059
  [label] 2024-01-20 16:00 BTCUSDT entry=41691.8000 → SHORT | long=sl(-3.78%) short=tp(+7.26%) | scanned=8 | short_tp_only
  [label] 2024-03-05 16:00 BTCUSDT entry=63747.4000 → LONG | long=tp(+14.02%) short=sl(-7.16%) | scanned=17 | long_tp_only
  [label] 2024-03-14 08:00 BTCUSDT entry=70904.5000 → SHORT | long=sl(-5.07%) short=tp(+9.84%) | scanned=14 | short_tp_only
  [label] 2024-06-12 16:00 BTCUSDT entry=68270.3000 → SHORT | long=sl(-3.51%) short=timeout(+4.79%) | scanned=22 | no_tp→fwd_return=-4.8875
  [label] 2024-07-14 16:00 BTCUSDT entry=60766.0000 → LONG | long=tp(+7.70%) short=sl(-4.00%) | scanned=7 | long_tp_only
  [label] 2024-07-31 00:00 BTCUSDT entry=66196.4000 → SHORT | long=sl(-3.81%) short=tp(+7.32%) | scanned=8 | short_tp_only
  [label] 2024-08-12 16:00 BTCUSDT entry=59323.6000 → LONG | long=timeout(+0.03%) short=timeout(-0.23%) | scanned=22 | no_tp→fwd_return=+0.1263
  [label] 2024-08-31 00:00 BTCUSDT entry=59060.8000 → SHORT | long=sl(-4.45%) short=tp(+8.59%) | scanned=19 | short_tp_only
  [label] 2024-09-06 08:00 BTCUSDT entry=54022.1000 → LONG | long=tp(+10.09%) short=sl(-5.19%) | scanned=21 | long_tp_only
  [label] 2024-09-18 16:00 BTCUSDT entry=61735.3000 → LONG | long=timeout(+2.14%) short=sl(-4.03%) | scanned=22 | no_tp→fwd_return=+2.2404
  [label] 2024-10-28 08:00 BTCUSDT entry=68459.1000 → LONG | long=tp(+5.09%) short=sl(-2.70%) | scanned=3 | long_tp_only
  [label] 2024-11-07 00:00 BTCUSDT entry=74800.0000 → LONG | long=tp(+8.81%) short=sl(-4.56%) | scanned=11 | long_tp_only
  [label] 2025-02-01 08:00 BTCUSDT entry=102031.5000 → SHORT | long=sl(-3.77%) short=tp(+7.25%) | scanned=5 | short_tp_only
  Labels: 1188 long (54.7%), 983 short (45.3%) | weights: min=1.00, mean=3.51, max=10.00
  Features: 2171/2171 matched, 47 columns
  CV gap: 22 rows
  [ensemble 1/3] seed=42
    [trial 0] 47 features, training_days=480 | threshold=0.631 | labels: 1188 long, 983 short (55/45%)
    [CV fold 0] train_end=2023-06-23 08:00 | val_start=2023-07-01 00:00 | gap=184h (22 rows)
    [CV fold 1] train_end=2023-10-21 16:00 | val_start=2023-10-29 08:00 | gap=184h (22 rows)
    [CV fold 2] train_end=2024-02-19 00:00 | val_start=2024-02-26 16:00 | gap=184h (22 rows)
    [CV fold 3] train_end=2024-06-18 08:00 | val_start=2024-06-26 00:00 | gap=184h (22 rows)
    [CV fold 4] train_end=2024-10-16 16:00 | val_start=2024-10-24 08:00 | gap=184h (22 rows)
    [trial 0] Sharpe=0.0156 (folds: 0.3129, -0.1648, 0.1572, -0.0471, -0.1804)
    [trial 1] 47 features, training_days=420 | threshold=0.839 | labels: 1188 long, 983 short (55/45%)
    [trial 1] Sharpe=-1.8131 (folds: 0.1991, -0.2185, -0.0055, 0.9596, -10.0000)
    [trial 2] 47 features, training_days=190 | threshold=0.602 | labels: 1188 long, 983 short (55/45%)
    [trial 2] Sharpe=-0.0857 (folds: 0.1765, -0.1914, -0.0042, -0.1646, -0.2449)
    [trial 3] 47 features, training_days=490 | threshold=0.832 | labels: 1188 long, 983 short (55/45%)
    [trial 3] Sharpe=-0.0683 (folds: 0.1028, -0.1553, -0.0186, -0.0425, -0.2281)
    [trial 4] 47 features, training_days=340 | threshold=0.591 | labels: 1188 long, 983 short (55/45%)
    [trial 4] Sharpe=-0.0214 (folds: 0.3786, -0.1617, 0.0058, -0.1659, -0.1636)
    [trial 5] 47 features, training_days=50 | threshold=0.823 | labels: 1188 long, 983 short (55/45%)
    [trial 5] Sharpe=-0.0723 (folds: -0.1940, 0.0688, -0.1227, 0.0486, -0.1621)
    [trial 6] 47 features, training_days=410 | threshold=0.549 | labels: 1188 long, 983 short (55/45%)
    [trial 6] Sharpe=0.0233 (folds: 0.2835, -0.1591, 0.1649, -0.1553, -0.0174)
    [trial 7] 47 features, training_days=180 | threshold=0.526 | labels: 1188 long, 983 short (55/45%)
    [trial 7] Sharpe=-0.0653 (folds: 0.1006, -0.2426, 0.0283, -0.1343, -0.0785)
    [trial 8] 47 features, training_days=240 | threshold=0.811 | labels: 1188 long, 983 short (55/45%)
    [trial 8] Sharpe=-0.0907 (folds: 0.2869, -0.2325, -0.1077, -0.0941, -0.3058)
    [trial 9] 47 features, training_days=20 | threshold=0.538 | labels: 1188 long, 983 short (55/45%)
    [trial 9] Sharpe=-0.0514 (folds: 0.1323, -0.2928, 0.0442, -0.1781, 0.0376)
    [trial 10] 47 features, training_days=350 | threshold=0.738 | labels: 1188 long, 983 short (55/45%)
    [trial 10] Sharpe=-0.0474 (folds: 0.2044, -0.2912, 0.0793, -0.0932, -0.1365)
    [trial 11] 47 features, training_days=480 | threshold=0.662 | labels: 1188 long, 983 short (55/45%)
    [trial 11] Sharpe=0.0128 (folds: 0.3770, -0.1521, 0.0610, -0.0537, -0.1683)
    [trial 12] 47 features, training_days=380 | threshold=0.640 | labels: 1188 long, 983 short (55/45%)
    [trial 12] Sharpe=-0.0150 (folds: 0.2752, -0.1717, 0.1442, -0.1536, -0.1688)
    [trial 13] 47 features, training_days=430 | threshold=0.732 | labels: 1188 long, 983 short (55/45%)
    [trial 13] Sharpe=0.0650 (folds: 0.4982, -0.1634, 0.0105, -0.0211, 0.0010)
    [trial 14] 47 features, training_days=280 | threshold=0.731 | labels: 1188 long, 983 short (55/45%)
    [trial 14] Sharpe=-6.0481 (folds: -10.0000, 0.0801, -0.3204, -10.0000, -10.0000)[I 2026-06-01 15:02:18,635] Trial 14 finished with value: -6.04805845053142 and parameters: {'confidence_threshold': 0.7309732447417131, 'training_days': 280, 'n_estimators': 57, 'max_depth': 4, 'num_leaves': 52, 'learning_rate': 0.02381536946390634, 'subsample': 0.6800614656278134, 'colsample_bytree': 0.8382911834422051, 'min_child_samples': 100, 'reg_alpha': 0.4921369151183855, 'reg_lambda': 7.565770484313319e-06}. Best is trial 13 with value: 0.06501226128958373.
[I 2026-06-01 15:02:18,849] Trial 15 finished with value: -0.031805926309824456 and parameters: {'confidence_threshold': 0.7238139631948072, 'training_days': 420, 'n_estimators': 235, 'max_depth': 5, 'num_leaves': 62, 'learning_rate': 0.04383074856163291, 'subsample': 0.5846000995232821, 'colsample_bytree': 0.8113623064013006, 'min_child_samples': 91, 'reg_alpha': 8.430542834627463e-05, 'reg_lambda': 1.0275735739365178e-05}. Best is trial 13 with value: 0.06501226128958373.
[I 2026-06-01 15:02:19,007] Trial 16 finished with value: -0.06939006799661554 and parameters: {'confidence_threshold': 0.7016151065573508, 'training_days': 320, 'n_estimators': 197, 'max_depth': 4, 'num_leaves': 56, 'learning_rate': 0.09806146822400062, 'subsample': 0.8364140730565058, 'colsample_bytree': 0.7978963986059809, 'min_child_samples': 89, 'reg_alpha': 0.42661845970286133, 'reg_lambda': 0.028527205491035986}. Best is trial 13 with value: 0.06501226128958373.
[I 2026-06-01 15:02:19,276] Trial 17 finished with value: 0.028425462955552865 and parameters: {'confidence_threshold': 0.7744036544275872, 'training_days': 410, 'n_estimators': 311, 'max_depth': 4, 'num_leaves': 47, 'learning_rate': 0.01602815769529614, 'subsample': 0.7004831188261247, 'colsample_bytree': 0.8803609155918469, 'min_child_samples': 75, 'reg_alpha': 0.002711960187045458, 'reg_lambda': 7.020354078392673e-05}. Best is trial 13 with value: 0.06501226128958373.
[I 2026-06-01 15:02:19,718] A new study created in memory with name: no-name-f226706c-bcd6-428d-b91d-9c4723c44ebb
[I 2026-06-01 15:02:19,817] Trial 0 finished with value: -0.07218842087584444 and parameters: {'confidence_threshold': 0.7437642149592516, 'training_days': 150, 'n_estimators': 152, 'max_depth': 4, 'num_leaves': 50, 'learning_rate': 0.04216766425047743, 'subsample': 0.9903820991923078, 'colsample_bytree': 0.8424148692924316, 'min_child_samples': 58, 'reg_alpha': 3.381097259762742e-05, 'reg_lambda': 1.2263152961306247e-05}. Best is trial 0 with value: -0.07218842087584444.
[I 2026-06-01 15:02:19,891] Trial 1 finished with value: -3.95348374576593 and parameters: {'confidence_threshold': 0.7551673975844145, 'training_days': 220, 'n_estimators': 76, 'max_depth': 4, 'num_leaves': 51, 'learning_rate': 0.018602118810743477, 'subsample': 0.5877258780737462, 'colsample_bytree': 0.7657756869209191, 'min_child_samples': 63, 'reg_alpha': 0.005123994170264194, 'reg_lambda': 0.44145470178120466}. Best is trial 0 with value: -0.07218842087584444.
[I 2026-06-01 15:02:20,160] Trial 2 finished with value: -0.07757126487426148 and parameters: {'confidence_threshold': 0.7535593637012223, 'training_days': 310, 'n_estimators': 375, 'max_depth': 3, 'num_leaves': 32, 'learning_rate': 0.021735641882032388, 'subsample': 0.6468570231944146, 'colsample_bytree': 0.8154880619272439, 'min_child_samples': 27, 'reg_alpha': 8.004064028491336e-05, 'reg_lambda': 7.546835261630524e-05}. Best is trial 0 with value: -0.07218842087584444.
[I 2026-06-01 15:02:20,327] Trial 3 finished with value: -0.060455578796849596 and parameters: {'confidence_threshold': 0.6727897841776072, 'training_days': 220, 'n_estimators': 190, 'max_depth': 4, 'num_leaves': 58, 'learning_rate': 0.24810689332636193, 'subsample': 0.7509183379421682, 'colsample_bytree': 0.8119764758960556, 'min_child_samples': 29, 'reg_alpha': 7.1708285081421445e-06, 'reg_lambda': 5.412973582738627e-05}. Best is trial 3 with value: -0.060455578796849596.
[I 2026-06-01 15:02:20,444] Trial 4 finished with value: 0.0006229031842054977 and parameters: {'confidence_threshold': 0.803208205259178, 'training_days': 130, 'n_estimators': 267, 'max_depth': 5, 'num_leaves': 40, 'learning_rate': 0.08041175317374143, 'subsample': 0.5603143329951619, 'colsample_bytree': 0.9131704002534167, 'min_child_samples': 68, 'reg_alpha': 0.0008046593428183385, 'reg_lambda': 1.2158346158765583e-05}. Best is trial 4 with value: 0.0006229031842054977.
[I 2026-06-01 15:02:20,681] Trial 5 finished with value: -0.13330810543367638 and parameters: {'confidence_threshold': 0.6064422761595144, 'training_days': 210, 'n_estimators': 357, 'max_depth': 5, 'num_leaves': 40, 'learning_rate': 0.0974221287220869, 'subsample': 0.7929682762811064, 'colsample_bytree': 0.8124517510478, 'min_child_samples': 74, 'reg_alpha': 0.3811377260781234, 'reg_lambda': 5.607314238392041e-08}. Best is trial 4 with value: 0.0006229031842054977.
[I 2026-06-01 15:02:20,784] Trial 6 finished with value: -0.010295021106198182 and parameters: {'confidence_threshold': 0.7672889945051684, 'training_days': 130, 'n_estimators': 137, 'max_depth': 4, 'num_leaves': 19, 'learning_rate': 0.2031117614248665, 'subsample': 0.8136244860256343, 'colsample_bytree': 0.8617081790949774, 'min_child_samples': 21, 'reg_alpha': 0.002238138278733199, 'reg_lambda': 0.001025809534977322}. Best is trial 4 with value: 0.0006229031842054977.
[I 2026-06-01 15:02:20,850] Trial 7 finished with value: -0.03548499350512952 and parameters: {'confidence_threshold': 0.555635875450653, 'training_days': 80, 'n_estimators': 363, 'max_depth': 3, 'num_leaves': 48, 'learning_rate': 0.06590089024008658, 'subsample': 0.6944752870615722, 'colsample_bytree': 0.962566244806993, 'min_child_samples': 88, 'reg_alpha': 1.6465620446426067e-05, 'reg_lambda': 2.4678750890085655e-08}. Best is trial 4 with value: 0.0006229031842054977.
[I 2026-06-01 15:02:21,182] Trial 8 finished with value: -0.13514412826030428 and parameters: {'confidence_threshold': 0.6066688256938841, 'training_days': 200, 'n_estimators': 367, 'max_depth': 5, 'num_leaves': 32, 'learning_rate': 0.13377519215934996, 'subsample': 0.7965884582811106, 'colsample_bytree': 0.8458508993500886, 'min_child_samples': 32, 'reg_alpha': 3.889436043816386e-05, 'reg_lambda': 1.4713062489380356e-06}. Best is trial 4 with value: 0.0006229031842054977.
[I 2026-06-01 15:02:21,412] Trial 9 finished with value: -0.11358622419730564 and parameters: {'confidence_threshold': 0.6202096049169137, 'training_days': 260, 'n_estimators': 350, 'max_depth': 3, 'num_leaves': 21, 'learning_rate': 0.02989540198065364, 'subsample': 0.8307821683331218, 'colsample_bytree': 0.923253112635361, 'min_child_samples': 64, 'reg_alpha': 0.4898604619604203, 'reg_lambda': 2.9076377687066166e-05}. Best is trial 4 with value: 0.0006229031842054977.
[I 2026-06-01 15:02:21,846] Trial 10 finished with value: -0.04385128922906647 and parameters: {'confidence_threshold': 0.8445241688507242, 'training_days': 470, 'n_estimators': 493, 'max_depth': 5, 'num_leaves': 63, 'learning_rate': 0.010221918552934462, 'subsample': 0.5019190721168774, 'colsample_bytree': 0.6202684210924141, 'min_child_samples': 99, 'reg_alpha': 1.9942621118187622e-08, 'reg_lambda': 0.0201634475791616}. Best is trial 4 with value: 0.0006229031842054977.
[I 2026-06-01 15:02:21,879] Trial 11 finished with value: -2.0588745093796823 and parameters: {'confidence_threshold': 0.8371297552840329, 'training_days': 20, 'n_estimators': 255, 'max_depth': 4, 'num_leaves': 20, 'learning_rate': 0.28413636543342474, 'subsample': 0.9047249980702942, 'colsample_bytree': 0.6612241103206169, 'min_child_samples': 44, 'reg_alpha': 0.005164207989991991, 'reg_lambda': 0.007364523359426745}. Best is trial 4 with value: 0.0006229031842054977.
[I 2026-06-01 15:02:21,936] Trial 12 finished with value: -0.006130682316055941 and parameters: {'confidence_threshold': 0.7984420943377982, 'training_days': 120, 'n_estimators': 51, 'max_depth': 5, 'num_leaves': 15, 'learning_rate': 0.14432248911623202, 'subsample': 0.5325573395575733, 'colsample_bytree': 0.5201164353688423, 'min_child_samples': 46, 'reg_alpha': 0.006937120291127141, 'reg_lambda': 0.00393268821840331}. Best is trial 4 with value: 0.0006229031842054977.
[I 2026-06-01 15:02:21,965] Trial 13 finished with value: -2.0483359648712156 and parameters: {'confidence_threshold': 0.8004144891464335, 'training_days': 10, 'n_estimators': 53, 'max_depth': 5, 'num_leaves': 31, 'learning_rate': 0.10151302244870823, 'subsample': 0.5024707401359401, 'colsample_bytree': 0.5389794258459311, 'min_child_samples': 48, 'reg_alpha': 0.05881060000998075, 'reg_lambda': 1.493419469088762}. Best is trial 4 with value: 0.0006229031842054977.
[I 2026-06-01 15:02:22,160] Trial 14 finished with value: -0.09964807061364149 and parameters: {'confidence_threshold': 0.6968624890517784, 'training_days': 340, 'n_estimators': 240, 'max_depth': 5, 'num_leaves': 39, 'learning_rate': 0.14569940539663012, 'subsample': 0.5852704213941511, 'colsample_bytree': 0.5033829767322446, 'min_child_samples': 76, 'reg_alpha': 4.6058780571142255e-07, 'reg_lambda': 1.2102325862348229e-06}. Best is trial 4 with value: 0.0006229031842054977.
[I 2026-06-01 15:02:22,269] Trial 15 finished with value: -0.023523685023251403 and parameters: {'confidence_threshold': 0.6986016561377778, 'training_days': 90, 'n_estimators': 480, 'max_depth': 5, 'num_leaves': 15, 'learning_rate': 0.07555339786900975, 'subsample': 0.5802361721649505, 'colsample_bytree': 0.7040523095070745, 'min_child_samples': 45, 'reg_alpha': 7.916394902106256, 'reg_lambda': 0.0013825560118263796}. Best is trial 4 with value: 0.0006229031842054977.
