[I 2026-06-01 15:03:13,741] Trial 15 finished with value: -0.06433601661637657 and parameters: {'confidence_threshold': 0.8438605068979685, 'training_days': 400, 'n_estimators': 256, 'max_depth': 4, 'num_leaves': 24, 'learning_rate': 0.12590433810309265, 'subsample': 0.8966418548807951, 'colsample_bytree': 0.5093920150666754, 'min_child_samples': 46, 'reg_alpha': 3.3650128022351697e-07, 'reg_lambda': 7.81173039744699}. Best is trial 10 with value: 0.1253564205882967.
[I 2026-06-01 15:03:14,158] Trial 16 finished with value: -0.09665399543074624 and parameters: {'confidence_threshold': 0.7937633360747648, 'training_days': 390, 'n_estimators': 426, 'max_depth': 5, 'num_leaves': 30, 'learning_rate': 0.04559738340264707, 'subsample': 0.8591584037615747, 'colsample_bytree': 0.6793354052100773, 'min_child_samples': 52, 'reg_alpha': 3.36529465753032e-07, 'reg_lambda': 0.12918615739845843}. Best is trial 10 with value: 0.1253564205882967.
[I 2026-06-01 15:03:14,408] Trial 17 finished with value: -0.028450051178619103 and parameters: {'confidence_threshold': 0.7032132459468299, 'training_days': 430, 'n_estimators': 231, 'max_depth': 4, 'num_leaves': 36, 'learning_rate': 0.1668888714621266, 'subsample': 0.9405129345927383, 'colsample_bytree': 0.6632833149275633, 'min_child_samples': 37, 'reg_alpha': 1.1326456302509518e-07, 'reg_lambda': 1.0612374418403216}. Best is trial 10 with value: 0.1253564205882967.
[I 2026-06-01 15:03:14,998] A new study created in memory with name: no-name-2e340615-085d-493f-a38c-4e78b767669f
[I 2026-06-01 15:03:15,215] Trial 0 finished with value: -0.042134782524305824 and parameters: {'confidence_threshold': 0.5870645682749857, 'training_days': 90, 'n_estimators': 403, 'max_depth': 5, 'num_leaves': 45, 'learning_rate': 0.0780457193679974, 'subsample': 0.9428509515574568, 'colsample_bytree': 0.8795587339164916, 'min_child_samples': 34, 'reg_alpha': 2.2465901234314442e-07, 'reg_lambda': 8.339007036475363e-05}. Best is trial 0 with value: -0.042134782524305824.
[I 2026-06-01 15:03:15,324] Trial 1 finished with value: -0.08033492542235318 and parameters: {'confidence_threshold': 0.6348453934275313, 'training_days': 290, 'n_estimators': 115, 'max_depth': 5, 'num_leaves': 37, 'learning_rate': 0.06949568759029946, 'subsample': 0.8228505074024268, 'colsample_bytree': 0.8616703220431751, 'min_child_samples': 75, 'reg_alpha': 4.2486822725010923e-07, 'reg_lambda': 1.157247767047042e-07}. Best is trial 0 with value: -0.042134782524305824.
[I 2026-06-01 15:03:15,342] Trial 2 finished with value: -0.0464141204280131 and parameters: {'confidence_threshold': 0.5849570384370288, 'training_days': 10, 'n_estimators': 212, 'max_depth': 3, 'num_leaves': 41, 'learning_rate': 0.18452095998378365, 'subsample': 0.6001060822924371, 'colsample_bytree': 0.5673167293506167, 'min_child_samples': 37, 'reg_alpha': 5.733250064217131, 'reg_lambda': 0.5308454292595461}. Best is trial 0 with value: -0.042134782524305824.
[I 2026-06-01 15:03:15,438] Trial 3 finished with value: 0.0005757762040523695 and parameters: {'confidence_threshold': 0.6868248626683718, 'training_days': 220, 'n_estimators': 134, 'max_depth': 3, 'num_leaves': 45, 'learning_rate': 0.033529007907491595, 'subsample': 0.8647277071858408, 'colsample_bytree': 0.778494116634046, 'min_child_samples': 96, 'reg_alpha': 2.409409937265785e-07, 'reg_lambda': 1.1642073478060009}. Best is trial 3 with value: 0.0005757762040523695.
[I 2026-06-01 15:03:15,534] Trial 4 finished with value: -0.04930692941303075 and parameters: {'confidence_threshold': 0.5623121348350352, 'training_days': 300, 'n_estimators': 69, 'max_depth': 4, 'num_leaves': 32, 'learning_rate': 0.14967629360700346, 'subsample': 0.5054535233636654, 'colsample_bytree': 0.7401385194659216, 'min_child_samples': 27, 'reg_alpha': 1.4212042567426725e-07, 'reg_lambda': 0.23605753701352003}. Best is trial 3 with value: 0.0005757762040523695.
[I 2026-06-01 15:03:15,944] Trial 5 finished with value: -0.03658426663695223 and parameters: {'confidence_threshold': 0.7111850244908446, 'training_days': 490, 'n_estimators': 362, 'max_depth': 5, 'num_leaves': 40, 'learning_rate': 0.05960785724162737, 'subsample': 0.5589714368907717, 'colsample_bytree': 0.6659006943232806, 'min_child_samples': 42, 'reg_alpha': 0.6741360303045295, 'reg_lambda': 6.054601607143087e-08}. Best is trial 3 with value: 0.0005757762040523695.

    [trial 6] 47 features, training_days=410 | threshold=0.549 | labels: 1257 long, 914 short (58/42%)
    [trial 6] Sharpe=-0.0554 (folds: 0.1812, -0.0334, -0.0605, -0.1342, -0.2298)
    [trial 7] 47 features, training_days=180 | threshold=0.526 | labels: 1257 long, 914 short (58/42%)
    [trial 7] Sharpe=-0.0451 (folds: 0.1137, -0.0489, -0.0624, -0.1663, -0.0618)
    [trial 8] 47 features, training_days=240 | threshold=0.811 | labels: 1257 long, 914 short (58/42%)
    [trial 8] Sharpe=-0.0735 (folds: 0.2391, -0.0094, 0.1448, -0.3757, -0.3664)
    [trial 9] 47 features, training_days=20 | threshold=0.538 | labels: 1257 long, 914 short (58/42%)
    [trial 9] Sharpe=0.1087 (folds: 0.2753, 0.0234, 0.1642, -0.0785, 0.1592)
    [trial 10] 47 features, training_days=10 | threshold=0.745 | labels: 1257 long, 914 short (58/42%)
    [trial 10] Sharpe=-0.0464 (folds: 0.2753, 0.0234, -0.1782, -0.0785, -0.2742)
    [trial 11] 47 features, training_days=100 | threshold=0.713 | labels: 1257 long, 914 short (58/42%)
    [trial 11] Sharpe=0.0113 (folds: 0.2782, 0.0146, 0.2050, -0.1135, -0.3276)
    [trial 12] 47 features, training_days=110 | threshold=0.690 | labels: 1257 long, 914 short (58/42%)
    [trial 12] Sharpe=-0.0549 (folds: 0.1883, -0.0582, 0.0894, -0.1777, -0.3162)
    [trial 13] 47 features, training_days=100 | threshold=0.697 | labels: 1257 long, 914 short (58/42%)
    [trial 13] Sharpe=-0.0138 (folds: 0.2468, -0.0297, 0.1819, -0.1566, -0.3113)
    [trial 14] 47 features, training_days=100 | threshold=0.747 | labels: 1257 long, 914 short (58/42%)
    [trial 14] Sharpe=-0.0685 (folds: 0.2818, -0.2305, 0.1498, -0.1546, -0.3889)
    [trial 15] 47 features, training_days=10 | threshold=0.503 | labels: 1257 long, 914 short (58/42%)
    [trial 15] Sharpe=-0.0464 (folds: 0.2753, 0.0234, -0.1782, -0.0785, -0.2742)
    [trial 16] 47 features, training_days=140 | threshold=0.651 | labels: 1257 long, 914 short (58/42%)
    [trial 16] Sharpe=-0.0329 (folds: 0.0775, 0.0453, -0.0157, -0.1542, -0.1175)
    [trial 17] 47 features, training_days=290 | threshold=0.730 | labels: 1257 long, 914 short (58/42%)
    [trial 17] Sharpe=-0.0923 (folds: 0.0626, -0.0883, -0.0248, -0.2583, -0.1525)
  Optuna: 18 trials, best Sharpe = 0.1087
  Best params: n_estimators=337, max_depth=3, lr=0.2191, leaves=39
  Best confidence_threshold: 0.538
  Best training_days: 20
  Retrained on full data (60 samples, 47 features)
  [ensemble 2/3] seed=123
    [trial 0] 47 features, training_days=150 | threshold=0.744 | labels: 1257 long, 914 short (58/42%)
    [CV fold 0] train_end=2023-11-23 08:00 | val_start=2023-12-01 00:00 | gap=184h (22 rows)
    [CV fold 1] train_end=2024-03-22 16:00 | val_start=2024-03-30 08:00 | gap=184h (22 rows)
    [CV fold 2] train_end=2024-07-21 00:00 | val_start=2024-07-28 16:00 | gap=184h (22 rows)
    [CV fold 3] train_end=2024-11-18 08:00 | val_start=2024-11-26 00:00 | gap=184h (22 rows)
    [CV fold 4] train_end=2025-03-18 16:00 | val_start=2025-03-26 08:00 | gap=184h (22 rows)
    [trial 0] Sharpe=-0.0301 (folds: 0.0432, -0.0469, 0.0281, -0.1059, -0.0687)
    [trial 1] 47 features, training_days=220 | threshold=0.755 | labels: 1257 long, 914 short (58/42%)
    [trial 1] Sharpe=-4.0444 (folds: 0.1503, -0.0576, -10.0000, -0.3147, -10.0000)
    [trial 2] 47 features, training_days=310 | threshold=0.754 | labels: 1257 long, 914 short (58/42%)
    [trial 2] Sharpe=-0.1239 (folds: 0.0882, -0.0254, 0.2154, -0.1002, -0.7977)
    [trial 3] 47 features, training_days=220 | threshold=0.673 | labels: 1257 long, 914 short (58/42%)
    [trial 3] Sharpe=-0.0826 (folds: 0.1032, -0.1182, 0.0672, -0.1782, -0.2870)
    [trial 4] 47 features, training_days=130 | threshold=0.803 | labels: 1257 long, 914 short (58/42%)
    [trial 4] Sharpe=-0.0850 (folds: 0.0800, -0.0145, -0.0531, -0.1127, -0.3249)
    [trial 5] 47 features, training_days=210 | threshold=0.606 | labels: 1257 long, 914 short (58/42%)
    [trial 5] Sharpe=-0.0618 (folds: 0.0906, -0.0371, -0.0176, -0.1825, -0.1623)
    [trial 6] 47 features, training_days=130 | threshold=0.767 | labels: 1257 long, 914 short (58/42%)
    [trial 6] Sharpe=-0.0238 (folds: 0.1260, 0.0080, -0.0171, -0.0918, -0.1440)
    [trial 7] 47 features, training_days=80 | threshold=0.556 | labels: 1257 long, 914 short (58/42%)
    [trial 7] Sharpe=-0.0951 (folds: 0.2800, -0.2318, 0.0146, -0.2095, -0.3286)
    [trial 8] 47 features, training_days=200 | threshold=0.607 | labels: 1257 long, 914 short (58/42%)
    [trial 8] Sharpe=-0.0422 (folds: 0.1126, -0.0121, 0.0012, -0.2134, -0.0991)
    [trial 9] 47 features, training_days=260 | threshold=0.620 | labels: 1257 long, 914 short (58/42%)
    [trial 9] Sharpe=-0.1702 (folds: 0.0460, -0.1376, -0.1525, -0.2306, -0.3762)
    [trial 10] 47 features, training_days=470 | threshold=0.845 | labels: 1257 long, 914 short (58/42%)
    [trial 10] Sharpe=0.1254 (folds: 0.1184, -0.1799, 1.1269, -0.0482, -0.3904)
    [trial 11] 47 features, training_days=500 | threshold=0.837 | labels: 1257 long, 914 short (58/42%)
    [trial 11] Sharpe=-3.8764 (folds: 0.1172, -0.1430, 0.6439, -10.0000, -10.0000)
    [trial 12] 47 features, training_days=10 | threshold=0.831 | labels: 1257 long, 914 short (58/42%)
    [trial 12] Sharpe=-0.0464 (folds: 0.2753, 0.0234, -0.1782, -0.0785, -0.2742)
    [trial 13] 47 features, training_days=490 | threshold=0.784 | labels: 1257 long, 914 short (58/42%)
    [trial 13] Sharpe=-0.0236 (folds: 0.1184, -0.1035, 0.2028, -0.2371, -0.0985)
    [trial 14] 47 features, training_days=490 | threshold=0.697 | labels: 1257 long, 914 short (58/42%)
    [trial 14] Sharpe=-5.9857 (folds: 0.1487, -0.0773, -10.0000, -10.0000, -10.0000)
    [trial 15] 47 features, training_days=400 | threshold=0.844 | labels: 1257 long, 914 short (58/42%)
    [trial 15] Sharpe=-0.0643 (folds: 0.1552, -0.0571, 0.1537, -0.3531, -0.2204)
    [trial 16] 47 features, training_days=390 | threshold=0.794 | labels: 1257 long, 914 short (58/42%)
    [trial 16] Sharpe=-0.0967 (folds: 0.1112, -0.0370, 0.0517, -0.2957, -0.3135)
    [trial 17] 47 features, training_days=430 | threshold=0.703 | labels: 1257 long, 914 short (58/42%)
    [trial 17] Sharpe=-0.0285 (folds: 0.1299, -0.0437, 0.0638, -0.1321, -0.1602)
  Optuna: 18 trials, best Sharpe = 0.1254
  Best params: n_estimators=493, max_depth=4, lr=0.0102, leaves=17
  Best confidence_threshold: 0.845
  Best training_days: 470
  Retrained on full data (1410 samples, 47 features)
  [ensemble 3/3] seed=456
    [trial 0] 47 features, training_days=90 | threshold=0.587 | labels: 1257 long, 914 short (58/42%)
    [CV fold 0] train_end=2023-11-23 08:00 | val_start=2023-12-01 00:00 | gap=184h (22 rows)
    [CV fold 1] train_end=2024-03-22 16:00 | val_start=2024-03-30 08:00 | gap=184h (22 rows)
    [CV fold 2] train_end=2024-07-21 00:00 | val_start=2024-07-28 16:00 | gap=184h (22 rows)
    [CV fold 3] train_end=2024-11-18 08:00 | val_start=2024-11-26 00:00 | gap=184h (22 rows)
    [CV fold 4] train_end=2025-03-18 16:00 | val_start=2025-03-26 08:00 | gap=184h (22 rows)
    [trial 0] Sharpe=-0.0421 (folds: 0.2189, -0.0802, 0.1597, -0.1610, -0.3481)
    [trial 1] 47 features, training_days=290 | threshold=0.635 | labels: 1257 long, 914 short (58/42%)
    [trial 1] Sharpe=-0.0803 (folds: 0.1833, -0.0947, 0.0021, -0.1745, -0.3179)
    [trial 2] 47 features, training_days=10 | threshold=0.585 | labels: 1257 long, 914 short (58/42%)
    [trial 2] Sharpe=-0.0464 (folds: 0.2753, 0.0234, -0.1782, -0.0785, -0.2742)
    [trial 3] 47 features, training_days=220 | threshold=0.687 | labels: 1257 long, 914 short (58/42%)
    [trial 3] Sharpe=0.0006 (folds: 0.4382, -0.0239, 0.1216, -0.2236, -0.3095)
    [trial 4] 47 features, training_days=300 | threshold=0.562 | labels: 1257 long, 914 short (58/42%)
    [trial 4] Sharpe=-0.0493 (folds: 0.1156, -0.0327, 0.0612, -0.1402, -0.2504)
    [trial 5] 47 features, training_days=490 | threshold=0.711 | labels: 1257 long, 914 short (58/42%)
    [trial 5] Sharpe=-0.0366 (folds: 0.1337, -0.0381, 0.0684, -0.2223, -0.1247)
    [trial 6] 47 features, training_days=420 | threshold=0.667 | labels: 1257 long, 914 short (58/42%)
    [trial 6] Sharpe=-0.0604 (folds: 0.1122, -0.0620, 0.0810, -0.2118, -0.2216)[I 2026-06-01 15:03:16,120] Trial 6 finished with value: -0.060429952669137754 and parameters: {'confidence_threshold': 0.667482545748023, 'training_days': 420, 'n_estimators': 279, 'max_depth': 3, 'num_leaves': 45, 'learning_rate': 0.040099592560849204, 'subsample': 0.8563114696415159, 'colsample_bytree': 0.5442917781944105, 'min_child_samples': 50, 'reg_alpha': 1.6407916423707903e-08, 'reg_lambda': 2.935907642973286e-05}. Best is trial 3 with value: 0.0005757762040523695.
[I 2026-06-01 15:03:16,272] Trial 7 finished with value: -0.0408479073727084 and parameters: {'confidence_threshold': 0.5497381024139926, 'training_days': 120, 'n_estimators': 408, 'max_depth': 5, 'num_leaves': 38, 'learning_rate': 0.28049122657745795, 'subsample': 0.8806573338635493, 'colsample_bytree': 0.5454054113547102, 'min_child_samples': 63, 'reg_alpha': 0.01263008637940408, 'reg_lambda': 0.04588020805366937}. Best is trial 3 with value: 0.0005757762040523695.
[I 2026-06-01 15:03:16,556] Trial 8 finished with value: 0.01599648211702338 and parameters: {'confidence_threshold': 0.719644804808716, 'training_days': 450, 'n_estimators': 410, 'max_depth': 4, 'num_leaves': 57, 'learning_rate': 0.04022026551478857, 'subsample': 0.5336085426932707, 'colsample_bytree': 0.5705742850577543, 'min_child_samples': 100, 'reg_alpha': 5.916398047912201e-07, 'reg_lambda': 0.9794034214488329}. Best is trial 8 with value: 0.01599648211702338.
[I 2026-06-01 15:03:16,578] Trial 9 finished with value: -5.9828493626139245 and parameters: {'confidence_threshold': 0.7267463643917187, 'training_days': 20, 'n_estimators': 337, 'max_depth': 5, 'num_leaves': 23, 'learning_rate': 0.022153031811454605, 'subsample': 0.6305627572358737, 'colsample_bytree': 0.6613413774216214, 'min_child_samples': 81, 'reg_alpha': 5.7638634029410314e-08, 'reg_lambda': 8.26603016764008}. Best is trial 8 with value: 0.01599648211702338.
[I 2026-06-01 15:03:16,913] Trial 10 finished with value: -3.8857457848913297 and parameters: {'confidence_threshold': 0.8283920119574972, 'training_days': 400, 'n_estimators': 485, 'max_depth': 4, 'num_leaves': 63, 'learning_rate': 0.011927505552849117, 'subsample': 0.7130289643560688, 'colsample_bytree': 0.9944479338273263, 'min_child_samples': 100, 'reg_alpha': 5.0239970328459277e-05, 'reg_lambda': 0.0028438774509831773}. Best is trial 8 with value: 0.01599648211702338.
[I 2026-06-01 15:03:17,015] Trial 11 finished with value: -0.0863456339083293 and parameters: {'confidence_threshold': 0.7766282449189577, 'training_days': 190, 'n_estimators': 186, 'max_depth': 3, 'num_leaves': 58, 'learning_rate': 0.029354876456257728, 'subsample': 0.7459055835274097, 'colsample_bytree': 0.8016610248739169, 'min_child_samples': 100, 'reg_alpha': 2.3530491583503867e-05, 'reg_lambda': 7.067893525937578}. Best is trial 8 with value: 0.01599648211702338.
[I 2026-06-01 15:03:17,269] Trial 12 finished with value: -0.031046736521468905 and parameters: {'confidence_threshold': 0.7449212105048096, 'training_days': 220, 'n_estimators': 490, 'max_depth': 4, 'num_leaves': 54, 'learning_rate': 0.01924681962976845, 'subsample': 0.9912016966112274, 'colsample_bytree': 0.6646287431572568, 'min_child_samples': 85, 'reg_alpha': 8.85890496668e-06, 'reg_lambda': 0.0043762371699676405}. Best is trial 8 with value: 0.01599648211702338.
[I 2026-06-01 15:03:17,431] Trial 13 finished with value: -0.0447379761606152 and parameters: {'confidence_threshold': 0.674016069087747, 'training_days': 370, 'n_estimators': 190, 'max_depth': 4, 'num_leaves': 52, 'learning_rate': 0.04144677730363681, 'subsample': 0.6795590770167038, 'colsample_bytree': 0.7477878654225999, 'min_child_samples': 90, 'reg_alpha': 0.0013950587799583445, 'reg_lambda': 0.020982782052301665}. Best is trial 8 with value: 0.01599648211702338.
[I 2026-06-01 15:03:17,594] Trial 14 finished with value: -3.8755001060771948 and parameters: {'confidence_threshold': 0.8063557078693834, 'training_days': 340, 'n_estimators': 253, 'max_depth': 3, 'num_leaves': 51, 'learning_rate': 0.012882340619131948, 'subsample': 0.7851487748866213, 'colsample_bytree': 0.6122042522489387, 'min_child_samples': 70, 'reg_alpha': 2.204988820551451e-06, 'reg_lambda': 1.1816043408326617}. Best is trial 8 with value: 0.01599648211702338.
[I 2026-06-01 15:03:17,697] Trial 15 finished with value: -0.041268264697493715 and parameters: {'confidence_threshold': 0.654086456186345, 'training_days': 500, 'n_estimators': 130, 'max_depth': 3, 'num_leaves': 17, 'learning_rate': 0.09246729598324224, 'subsample': 0.9130673202651429, 'colsample_bytree': 0.502925720040233, 'min_child_samples': 91, 'reg_alpha': 0.00030540690605735836, 'reg_lambda': 2.582339790441249e-06}. Best is trial 8 with value: 0.01599648211702338.
[I 2026-06-01 15:03:17,893] Trial 16 finished with value: -0.06338182288247236 and parameters: {'confidence_threshold': 0.6254407841818546, 'training_days': 180, 'n_estimators': 308, 'max_depth': 4, 'num_leaves': 61, 'learning_rate': 0.03443484454224182, 'subsample': 0.7980665993112352, 'colsample_bytree': 0.798073413313867, 'min_child_samples': 56, 'reg_alpha': 1.5405576829429918e-06, 'reg_lambda': 0.000855876310048679}. Best is trial 8 with value: 0.01599648211702338.
[I 2026-06-01 15:03:18,136] Trial 17 finished with value: -0.1348568760535522 and parameters: {'confidence_threshold': 0.5070510478759762, 'training_days': 260, 'n_estimators': 426, 'max_depth': 3, 'num_leaves': 50, 'learning_rate': 0.020004054216929315, 'subsample': 0.6718064291677197, 'colsample_bytree': 0.9920053259992261, 'min_child_samples': 92, 'reg_alpha': 1.4629720869365953e-08, 'reg_lambda': 0.06383882781931195}. Best is trial 8 with value: 0.01599648211702338.
[I 2026-06-01 15:03:18,974] A new study created in memory with name: no-name-c55059a4-dc86-4cbb-a6fe-30e08fc1f5a4
[I 2026-06-01 15:03:19,294] Trial 0 finished with value: -0.03926284547270875 and parameters: {'confidence_threshold': 0.6310890415965769, 'training_days': 480, 'n_estimators': 380, 'max_depth': 4, 'num_leaves': 22, 'learning_rate': 0.01699897838270077, 'subsample': 0.5290418060840998, 'colsample_bytree': 0.9330880728874675, 'min_child_samples': 68, 'reg_alpha': 0.023585940584142682, 'reg_lambda': 1.5320059381854043e-08}. Best is trial 0 with value: -0.03926284547270875.
[I 2026-06-01 15:03:19,421] Trial 1 finished with value: -5.9502629813615515 and parameters: {'confidence_threshold': 0.839468448256698, 'training_days': 420, 'n_estimators': 145, 'max_depth': 3, 'num_leaves': 23, 'learning_rate': 0.028145092716060652, 'subsample': 0.762378215816119, 'colsample_bytree': 0.7159725093210578, 'min_child_samples': 43, 'reg_alpha': 0.0032112643094417484, 'reg_lambda': 1.8007140198129195e-07}. Best is trial 0 with value: -0.03926284547270875.
[I 2026-06-01 15:03:19,574] Trial 2 finished with value: -0.10396542707710044 and parameters: {'confidence_threshold': 0.6022506269873263, 'training_days': 190, 'n_estimators': 255, 'max_depth': 5, 'num_leaves': 24, 'learning_rate': 0.05748924681991978, 'subsample': 0.7962072844310213, 'colsample_bytree': 0.5232252063599989, 'min_child_samples': 69, 'reg_alpha': 3.425445902633376e-07, 'reg_lambda': 3.850031979199519e-08}. Best is trial 0 with value: -0.03926284547270875.
[I 2026-06-01 15:03:19,839] Trial 3 finished with value: -0.022107855747487946 and parameters: {'confidence_threshold': 0.8321099380386666, 'training_days': 490, 'n_estimators': 414, 'max_depth': 3, 'num_leaves': 19, 'learning_rate': 0.1024932221692416, 'subsample': 0.7200762468698007, 'colsample_bytree': 0.5610191174223894, 'min_child_samples': 60, 'reg_alpha': 2.039373116525212e-08, 'reg_lambda': 1.527156759251193}. Best is trial 3 with value: -0.022107855747487946.
[I 2026-06-01 15:03:20,004] Trial 4 finished with value: -0.10440189876681241 and parameters: {'confidence_threshold': 0.5905729935600059, 'training_days': 340, 'n_estimators': 190, 'max_depth': 4, 'num_leaves': 41, 'learning_rate': 0.01875220945578641, 'subsample': 0.9847923138822793, 'colsample_bytree': 0.8875664116805573, 'min_child_samples': 96, 'reg_alpha': 1.1309571585271483, 'reg_lambda': 0.002404915432737351}. Best is trial 3 with value: -0.022107855747487946.
[I 2026-06-01 15:03:20,046] Trial 5 finished with value: -2.0106802808420636 and parameters: {'confidence_threshold': 0.8226559822580909, 'training_days': 50, 'n_estimators': 138, 'max_depth': 3, 'num_leaves': 30, 'learning_rate': 0.03750796359625606, 'subsample': 0.6356745158869479, 'colsample_bytree': 0.9143687545759647, 'min_child_samples': 48, 'reg_alpha': 3.376063348877853e-06, 'reg_lambda': 0.0007660634613082914}. Best is trial 3 with value: -0.022107855747487946.
[I 2026-06-01 15:03:20,150] Trial 6 finished with value: -0.04826241490273676 and parameters: {'confidence_threshold': 0.5493234787411669, 'training_days': 410, 'n_estimators': 83, 'max_depth': 5, 'num_leaves': 52, 'learning_rate': 0.019657448966046126, 'subsample': 0.5027610585618012, 'colsample_bytree': 0.9077307142274171, 'min_child_samples': 77, 'reg_alpha': 0.03639690979811287, 'reg_lambda': 0.08738424135626986}. Best is trial 3 with value: -0.022107855747487946.
