[I 2026-06-01 15:03:08,934] Trial 4 finished with value: -0.07234542322146995 and parameters: {'confidence_threshold': 0.5905729935600059, 'training_days': 340, 'n_estimators': 190, 'max_depth': 4, 'num_leaves': 41, 'learning_rate': 0.01875220945578641, 'subsample': 0.9847923138822793, 'colsample_bytree': 0.8875664116805573, 'min_child_samples': 96, 'reg_alpha': 1.1309571585271483, 'reg_lambda': 0.002404915432737351}. Best is trial 3 with value: -0.04115200304091372.

    [trial 11] 47 features, training_days=140 | threshold=0.849 | labels: 1220 long, 951 short (56/44%)
    [trial 11] Sharpe=-0.0860 (folds: -0.1465, 0.0293, -0.0194, -0.1775, -0.1161)
    [trial 12] 47 features, training_days=120 | threshold=0.839 | labels: 1220 long, 951 short (56/44%)
    [trial 12] Sharpe=-0.0256 (folds: 0.0019, -0.0146, -0.0412, -0.0594, -0.0147)
    [trial 13] 47 features, training_days=80 | threshold=0.504 | labels: 1220 long, 951 short (56/44%)
    [trial 13] Sharpe=-0.0613 (folds: -0.0493, -0.0069, -0.0139, -0.0925, -0.1438)
    [trial 14] 47 features, training_days=210 | threshold=0.772 | labels: 1220 long, 951 short (56/44%)
    [trial 14] Sharpe=-0.1722 (folds: -0.0673, -0.2279, -0.1661, -0.3957, -0.0039)
    [trial 15] 47 features, training_days=180 | threshold=0.612 | labels: 1220 long, 951 short (56/44%)
    [trial 15] Sharpe=-0.0943 (folds: -0.0154, -0.0263, -0.0674, -0.1522, -0.2101)
    [trial 16] 47 features, training_days=70 | threshold=0.781 | labels: 1220 long, 951 short (56/44%)
    [trial 16] Sharpe=0.0581 (folds: 0.2191, 0.0516, -0.0276, 0.0603, -0.0131)
    [trial 17] 47 features, training_days=370 | threshold=0.792 | labels: 1220 long, 951 short (56/44%)
    [trial 17] Sharpe=-0.1473 (folds: -0.1267, -0.4346, -0.0592, -0.1325, 0.0162)
  Optuna: 18 trials, best Sharpe = 0.0581
  Best params: n_estimators=229, max_depth=4, lr=0.0933, leaves=29
  Best confidence_threshold: 0.781
  Best training_days: 70
  Retrained on full data (210 samples, 47 features)
  OOD: 16 features, cutoff (q=0.7) = 9.41
  Model trained for 2025-07: 93 test candles with features, confidence_threshold=0.676
[trade:close] 2025-07-03 15:59 BTCUSDT SHORT → stop_loss @ 109794.70 | PnL=-2.60% (net -2.70%) | cum=-32.32% 2025-07=-2.70% 2025-07-03=-2.70%
[predict] 2025-07-05 00:00 BTCUSDT → LONG (proba=0.82 TP=4.0%/SL=2.0%)
[trade:open] 2025-07-05 07:59 BTCUSDT LONG @ 108000.90 | SL=105850.85 TP=112301.00 | timeout=2025-07-12 07:59
[trade:close] 2025-07-10 23:59 BTCUSDT LONG → take_profit @ 112301.00 | PnL=+3.98% (net +3.88%) | cum=-28.44% 2025-07=+1.18% 2025-07-10=+3.88%
[predict] 2025-07-12 08:00 BTCUSDT → SHORT (proba=0.91 TP=5.0%/SL=2.5%)
[trade:open] 2025-07-12 15:59 BTCUSDT SHORT @ 117075.60 | SL=120014.78 TP=111197.24 | timeout=2025-07-19 15:59
[trade:close] 2025-07-14 07:59 BTCUSDT SHORT → stop_loss @ 120014.78 | PnL=-2.51% (net -2.61%) | cum=-31.05% 2025-07=-1.43% 2025-07-14=-2.61%
[predict] 2025-07-16 00:00 BTCUSDT → SHORT (proba=0.78 TP=6.0%/SL=3.0%)
[trade:open] 2025-07-16 07:59 BTCUSDT SHORT @ 118181.20 | SL=121710.69 TP=111122.22 | timeout=2025-07-23 07:59
[trade:close] 2025-07-23 08:00 BTCUSDT SHORT → timeout @ 118326.90 | PnL=-0.12% (net -0.22%) | cum=-31.28% 2025-07=-1.65% 2025-07-23=-0.22%
[predict] 2025-07-24 00:00 BTCUSDT → LONG (proba=0.88 TP=5.5%/SL=2.7%)
[trade:open] 2025-07-24 07:59 BTCUSDT LONG @ 118368.00 | SL=115140.77 TP=124822.47 | timeout=2025-07-31 07:59
[trade:close] 2025-07-25 07:59 BTCUSDT LONG → stop_loss @ 115140.77 | PnL=-2.73% (net -2.83%) | cum=-34.10% 2025-07=-4.48% 2025-07-25=-2.83%
[predict] 2025-07-26 16:00 BTCUSDT → SHORT (proba=0.79 TP=4.9%/SL=2.5%)
[trade:open] 2025-07-26 23:59 BTCUSDT SHORT @ 117889.20 | SL=120778.55 TP=112110.50 | timeout=2025-08-02 23:59
[lgbm] === Training for 2025-08 ===
  Train window: 2023-08-01 → 2025-07-24
  2171 training samples from 1 symbols
  Samples per month: 2023-08: 93, 2023-09: 90, 2023-10: 93, 2023-11: 90, 2023-12: 93, 2024-01: 93, 2024-02: 87, 2024-03: 93, 2024-04: 90, 2024-05: 93, 2024-06: 90, 2024-07: 93, 2024-08: 93, 2024-09: 90, 2024-10: 93, 2024-11: 90, 2024-12: 93, 2025-01: 93, 2025-02: 84, 2025-03: 93, 2025-04: 90, 2025-05: 93, 2025-06: 90, 2025-07: 71
  [label] 2023-10-01 16:00 BTCUSDT entry=27981.4000 → SHORT | long=sl(-2.49%) short=timeout(+0.19%) | scanned=22 | no_tp→fwd_return=-0.2866
  [label] 2023-10-04 00:00 BTCUSDT entry=27442.0000 → SHORT | long=timeout(-1.66%) short=sl(-2.84%) | scanned=22 | no_tp→fwd_return=-1.5640
  [label] 2023-10-07 16:00 BTCUSDT entry=27943.0000 → SHORT | long=sl(-2.54%) short=tp(+4.79%) | scanned=12 | short_tp_only
  [label] 2023-11-01 08:00 BTCUSDT entry=34296.9000 → LONG | long=timeout(+2.62%) short=sl(-3.41%) | scanned=22 | no_tp→fwd_return=+2.7244
  [label] 2023-12-24 00:00 BTCUSDT entry=43678.6000 → SHORT | long=sl(-3.10%) short=timeout(+2.44%) | scanned=22 | no_tp→fwd_return=-2.5450
  [label] 2024-06-07 00:00 BTCUSDT entry=71147.9000 → SHORT | long=sl(-2.69%) short=tp(+5.08%) | scanned=12 | short_tp_only
  [label] 2024-06-11 00:00 BTCUSDT entry=67582.0000 → SHORT | long=sl(-2.65%) short=sl(-2.65%) | scanned=11 | no_tp→fwd_return=-2.2821
  [label] 2024-06-21 16:00 BTCUSDT entry=64124.0000 → SHORT | long=sl(-3.08%) short=tp(+5.85%) | scanned=9 | short_tp_only
  [label] 2024-08-05 16:00 BTCUSDT entry=54003.1000 → LONG | long=timeout(+9.75%) short=sl(-9.13%) | scanned=22 | no_tp→fwd_return=+9.8522
  [label] 2024-08-14 08:00 BTCUSDT entry=59396.9000 → LONG | long=sl(-5.61%) short=timeout(-0.25%) | scanned=22 | no_tp→fwd_return=+0.1500
  [label] 2024-11-12 16:00 BTCUSDT entry=87972.0000 → LONG | long=timeout(+4.86%) short=sl(-5.43%) | scanned=22 | no_tp→fwd_return=+4.9606
  [label] 2024-12-14 16:00 BTCUSDT entry=101381.0000 → SHORT | long=sl(-3.67%) short=sl(-3.67%) | scanned=15 | no_tp→fwd_return=-3.8928
  [label] 2024-12-31 00:00 BTCUSDT entry=92819.6000 → LONG | long=tp(+6.96%) short=sl(-3.63%) | scanned=18 | long_tp_only
  [label] 2025-01-12 16:00 BTCUSDT entry=94499.9000 → LONG | long=sl(-3.48%) short=sl(-3.48%) | scanned=8 | no_tp→fwd_return=+4.7021
  [label] 2025-01-31 00:00 BTCUSDT entry=104160.1000 → SHORT | long=sl(-3.92%) short=tp(+7.54%) | scanned=8 | short_tp_only
  [label] 2025-02-06 08:00 BTCUSDT entry=97285.6000 → SHORT | long=timeout(-1.48%) short=timeout(+1.28%) | scanned=22 | no_tp→fwd_return=-1.3795
  [label] 2025-02-18 16:00 BTCUSDT entry=95622.0000 → SHORT | long=sl(-2.72%) short=sl(-2.72%) | scanned=18 | no_tp→fwd_return=-4.2956
  [label] 2025-03-30 08:00 BTCUSDT entry=82699.9000 → LONG | long=tp(+5.70%) short=sl(-3.00%) | scanned=10 | long_tp_only
  [label] 2025-04-09 00:00 BTCUSDT entry=77651.4000 → LONG | long=timeout(+7.21%) short=sl(-6.01%) | scanned=22 | no_tp→fwd_return=+7.3065
  [label] 2025-07-04 08:00 BTCUSDT entry=107534.7000 → LONG | long=tp(+4.16%) short=sl(-2.23%) | scanned=19 | long_tp_only
  Labels: 1257 long (57.9%), 914 short (42.1%) | weights: min=1.00, mean=3.50, max=10.00
  Features: 2171/2171 matched, 47 columns
  CV gap: 22 rows
  [ensemble 1/3] seed=42
    [trial 0] 47 features, training_days=480 | threshold=0.631 | labels: 1257 long, 914 short (58/42%)
    [CV fold 0] train_end=2023-11-23 08:00 | val_start=2023-12-01 00:00 | gap=184h (22 rows)
    [CV fold 1] train_end=2024-03-22 16:00 | val_start=2024-03-30 08:00 | gap=184h (22 rows)
    [CV fold 2] train_end=2024-07-21 00:00 | val_start=2024-07-28 16:00 | gap=184h (22 rows)
    [CV fold 3] train_end=2024-11-18 08:00 | val_start=2024-11-26 00:00 | gap=184h (22 rows)
    [CV fold 4] train_end=2025-03-18 16:00 | val_start=2025-03-26 08:00 | gap=184h (22 rows)
    [trial 0] Sharpe=-0.1055 (folds: 0.0834, -0.1356, 0.0160, -0.3145, -0.1767)
    [trial 1] 47 features, training_days=420 | threshold=0.839 | labels: 1257 long, 914 short (58/42%)
    [trial 1] Sharpe=-5.9954 (folds: 0.1873, -0.1641, -10.0000, -10.0000, -10.0000)
    [trial 2] 47 features, training_days=190 | threshold=0.602 | labels: 1257 long, 914 short (58/42%)
    [trial 2] Sharpe=-0.0525 (folds: 0.0646, -0.0169, -0.0410, -0.1913, -0.0781)
    [trial 3] 47 features, training_days=490 | threshold=0.832 | labels: 1257 long, 914 short (58/42%)
    [trial 3] Sharpe=-0.0412 (folds: 0.0887, -0.0922, 0.1321, -0.1331, -0.2013)
    [trial 4] 47 features, training_days=340 | threshold=0.591 | labels: 1257 long, 914 short (58/42%)
    [trial 4] Sharpe=-0.0723 (folds: 0.3685, -0.0339, -0.0561, -0.3200, -0.3203)
    [trial 5] 47 features, training_days=50 | threshold=0.823 | labels: 1257 long, 914 short (58/42%)
    [trial 5] Sharpe=-0.2215 (folds: 0.3755, -0.0954, 0.1104, -0.2125, -1.2855)[I 2026-06-01 15:03:08,979] Trial 5 finished with value: -0.22151704644330258 and parameters: {'confidence_threshold': 0.8226559822580909, 'training_days': 50, 'n_estimators': 138, 'max_depth': 3, 'num_leaves': 30, 'learning_rate': 0.03750796359625606, 'subsample': 0.6356745158869479, 'colsample_bytree': 0.9143687545759647, 'min_child_samples': 48, 'reg_alpha': 3.376063348877853e-06, 'reg_lambda': 0.0007660634613082914}. Best is trial 3 with value: -0.04115200304091372.
[I 2026-06-01 15:03:09,079] Trial 6 finished with value: -0.055352945951024204 and parameters: {'confidence_threshold': 0.5493234787411669, 'training_days': 410, 'n_estimators': 83, 'max_depth': 5, 'num_leaves': 52, 'learning_rate': 0.019657448966046126, 'subsample': 0.5027610585618012, 'colsample_bytree': 0.9077307142274171, 'min_child_samples': 77, 'reg_alpha': 0.03639690979811287, 'reg_lambda': 0.08738424135626986}. Best is trial 3 with value: -0.04115200304091372.
[I 2026-06-01 15:03:09,176] Trial 7 finished with value: -0.04513823438567278 and parameters: {'confidence_threshold': 0.5259156281069316, 'training_days': 180, 'n_estimators': 102, 'max_depth': 5, 'num_leaves': 45, 'learning_rate': 0.030816017044468066, 'subsample': 0.5317791751430119, 'colsample_bytree': 0.6554911608578311, 'min_child_samples': 46, 'reg_alpha': 0.036851536911881845, 'reg_lambda': 0.005470376807480391}. Best is trial 3 with value: -0.04115200304091372.
[I 2026-06-01 15:03:09,288] Trial 8 finished with value: -0.07352884766190546 and parameters: {'confidence_threshold': 0.8105244599017143, 'training_days': 240, 'n_estimators': 103, 'max_depth': 5, 'num_leaves': 52, 'learning_rate': 0.06746437142284309, 'subsample': 0.8854835899772805, 'colsample_bytree': 0.7468977981821954, 'min_child_samples': 62, 'reg_alpha': 7.04480806377519e-05, 'reg_lambda': 1.6934490731313353e-08}. Best is trial 3 with value: -0.04115200304091372.
[I 2026-06-01 15:03:09,313] Trial 9 finished with value: 0.10874106078968018 and parameters: {'confidence_threshold': 0.5377619994476566, 'training_days': 20, 'n_estimators': 337, 'max_depth': 3, 'num_leaves': 39, 'learning_rate': 0.21907142272152816, 'subsample': 0.6246461145744375, 'colsample_bytree': 0.7051914615178149, 'min_child_samples': 81, 'reg_alpha': 1.1459970229341322e-06, 'reg_lambda': 4.929685216887945e-08}. Best is trial 9 with value: 0.10874106078968018.
[I 2026-06-01 15:03:09,342] Trial 10 finished with value: -0.0464141204280131 and parameters: {'confidence_threshold': 0.7449289185605341, 'training_days': 10, 'n_estimators': 487, 'max_depth': 3, 'num_leaves': 61, 'learning_rate': 0.21914469472126635, 'subsample': 0.628963476300746, 'colsample_bytree': 0.8189858776055304, 'min_child_samples': 27, 'reg_alpha': 2.8948477959263623e-05, 'reg_lambda': 3.3639426888455256e-06}. Best is trial 9 with value: 0.10874106078968018.
[I 2026-06-01 15:03:09,453] Trial 11 finished with value: 0.011341769580103977 and parameters: {'confidence_threshold': 0.7131090560543465, 'training_days': 100, 'n_estimators': 402, 'max_depth': 4, 'num_leaves': 34, 'learning_rate': 0.18963242937653546, 'subsample': 0.667263233140043, 'colsample_bytree': 0.5659808164583418, 'min_child_samples': 85, 'reg_alpha': 2.6854712383446556e-08, 'reg_lambda': 9.74477562314831}. Best is trial 9 with value: 0.10874106078968018.
[I 2026-06-01 15:03:09,557] Trial 12 finished with value: -0.054873101581145646 and parameters: {'confidence_threshold': 0.6903370281747679, 'training_days': 110, 'n_estimators': 333, 'max_depth': 4, 'num_leaves': 34, 'learning_rate': 0.2959628420607887, 'subsample': 0.6474954913244232, 'colsample_bytree': 0.619932351725411, 'min_child_samples': 90, 'reg_alpha': 1.0591890956247148e-08, 'reg_lambda': 1.1393239994242479e-05}. Best is trial 9 with value: 0.10874106078968018.
[I 2026-06-01 15:03:09,654] Trial 13 finished with value: -0.01380104480352245 and parameters: {'confidence_threshold': 0.6972197273294004, 'training_days': 100, 'n_estimators': 330, 'max_depth': 4, 'num_leaves': 34, 'learning_rate': 0.1471565040048113, 'subsample': 0.696473785097646, 'colsample_bytree': 0.646385756002074, 'min_child_samples': 84, 'reg_alpha': 3.528711331639897e-07, 'reg_lambda': 8.152647999869425}. Best is trial 9 with value: 0.10874106078968018.
[I 2026-06-01 15:03:09,764] Trial 14 finished with value: -0.06848928747794272 and parameters: {'confidence_threshold': 0.7467244789105287, 'training_days': 100, 'n_estimators': 473, 'max_depth': 3, 'num_leaves': 45, 'learning_rate': 0.14245863607446319, 'subsample': 0.5894096820739748, 'colsample_bytree': 0.8112663251255946, 'min_child_samples': 100, 'reg_alpha': 3.1645425960961877e-07, 'reg_lambda': 4.373052189774295e-05}. Best is trial 9 with value: 0.10874106078968018.
[I 2026-06-01 15:03:09,795] Trial 15 finished with value: -0.0464141204280131 and parameters: {'confidence_threshold': 0.503124239209782, 'training_days': 10, 'n_estimators': 263, 'max_depth': 4, 'num_leaves': 30, 'learning_rate': 0.010472525934605893, 'subsample': 0.8085658549878342, 'colsample_bytree': 0.5707743925095675, 'min_child_samples': 81, 'reg_alpha': 4.2073296571969375e-06, 'reg_lambda': 0.10351163679178875}. Best is trial 9 with value: 0.10874106078968018.
[I 2026-06-01 15:03:09,974] Trial 16 finished with value: -0.03293172847402469 and parameters: {'confidence_threshold': 0.6511701022368827, 'training_days': 140, 'n_estimators': 408, 'max_depth': 4, 'num_leaves': 40, 'learning_rate': 0.09806146822400062, 'subsample': 0.574753539670863, 'colsample_bytree': 0.7095406236449785, 'min_child_samples': 74, 'reg_alpha': 7.239385570854966e-08, 'reg_lambda': 7.214106386817912e-07}. Best is trial 9 with value: 0.10874106078968018.
[I 2026-06-01 15:03:10,182] Trial 17 finished with value: -0.09225421258266983 and parameters: {'confidence_threshold': 0.7296153420475378, 'training_days': 290, 'n_estimators': 324, 'max_depth': 3, 'num_leaves': 15, 'learning_rate': 0.21227334472098044, 'subsample': 0.689395682380455, 'colsample_bytree': 0.9956385980717998, 'min_child_samples': 88, 'reg_alpha': 7.809808776078162e-06, 'reg_lambda': 0.00020614774879284444}. Best is trial 9 with value: 0.10874106078968018.
[I 2026-06-01 15:03:10,673] A new study created in memory with name: no-name-2d34a65c-f42f-4adc-90eb-19dcdf4903a9
[I 2026-06-01 15:03:10,780] Trial 0 finished with value: -0.030061673662872202 and parameters: {'confidence_threshold': 0.7437642149592516, 'training_days': 150, 'n_estimators': 152, 'max_depth': 4, 'num_leaves': 50, 'learning_rate': 0.04216766425047743, 'subsample': 0.9903820991923078, 'colsample_bytree': 0.8424148692924316, 'min_child_samples': 58, 'reg_alpha': 3.381097259762742e-05, 'reg_lambda': 1.2263152961306247e-05}. Best is trial 0 with value: -0.030061673662872202.
[I 2026-06-01 15:03:10,848] Trial 1 finished with value: -4.044406329043359 and parameters: {'confidence_threshold': 0.7551673975844145, 'training_days': 220, 'n_estimators': 76, 'max_depth': 4, 'num_leaves': 51, 'learning_rate': 0.018602118810743477, 'subsample': 0.5877258780737462, 'colsample_bytree': 0.7657756869209191, 'min_child_samples': 63, 'reg_alpha': 0.005123994170264194, 'reg_lambda': 0.44145470178120466}. Best is trial 0 with value: -0.030061673662872202.
[I 2026-06-01 15:03:11,121] Trial 2 finished with value: -0.1239381413401482 and parameters: {'confidence_threshold': 0.7535593637012223, 'training_days': 310, 'n_estimators': 375, 'max_depth': 3, 'num_leaves': 32, 'learning_rate': 0.021735641882032388, 'subsample': 0.6468570231944146, 'colsample_bytree': 0.8154880619272439, 'min_child_samples': 27, 'reg_alpha': 8.004064028491336e-05, 'reg_lambda': 7.546835261630524e-05}. Best is trial 0 with value: -0.030061673662872202.
[I 2026-06-01 15:03:11,296] Trial 3 finished with value: -0.08258159377291255 and parameters: {'confidence_threshold': 0.6727897841776072, 'training_days': 220, 'n_estimators': 190, 'max_depth': 4, 'num_leaves': 58, 'learning_rate': 0.24810689332636193, 'subsample': 0.7509183379421682, 'colsample_bytree': 0.8119764758960556, 'min_child_samples': 29, 'reg_alpha': 7.1708285081421445e-06, 'reg_lambda': 5.412973582738627e-05}. Best is trial 0 with value: -0.030061673662872202.
[I 2026-06-01 15:03:11,433] Trial 4 finished with value: -0.0850457598318264 and parameters: {'confidence_threshold': 0.803208205259178, 'training_days': 130, 'n_estimators': 267, 'max_depth': 5, 'num_leaves': 40, 'learning_rate': 0.08041175317374143, 'subsample': 0.5603143329951619, 'colsample_bytree': 0.9131704002534167, 'min_child_samples': 68, 'reg_alpha': 0.0008046593428183385, 'reg_lambda': 1.2158346158765583e-05}. Best is trial 0 with value: -0.030061673662872202.
[I 2026-06-01 15:03:11,685] Trial 5 finished with value: -0.06179833726656323 and parameters: {'confidence_threshold': 0.6064422761595144, 'training_days': 210, 'n_estimators': 357, 'max_depth': 5, 'num_leaves': 40, 'learning_rate': 0.0974221287220869, 'subsample': 0.7929682762811064, 'colsample_bytree': 0.8124517510478, 'min_child_samples': 74, 'reg_alpha': 0.3811377260781234, 'reg_lambda': 5.607314238392041e-08}. Best is trial 0 with value: -0.030061673662872202.
[I 2026-06-01 15:03:11,806] Trial 6 finished with value: -0.023791810963080133 and parameters: {'confidence_threshold': 0.7672889945051684, 'training_days': 130, 'n_estimators': 137, 'max_depth': 4, 'num_leaves': 19, 'learning_rate': 0.2031117614248665, 'subsample': 0.8136244860256343, 'colsample_bytree': 0.8617081790949774, 'min_child_samples': 21, 'reg_alpha': 0.002238138278733199, 'reg_lambda': 0.001025809534977322}. Best is trial 6 with value: -0.023791810963080133.
[I 2026-06-01 15:03:11,881] Trial 7 finished with value: -0.09506421236602522 and parameters: {'confidence_threshold': 0.555635875450653, 'training_days': 80, 'n_estimators': 363, 'max_depth': 3, 'num_leaves': 48, 'learning_rate': 0.06590089024008658, 'subsample': 0.6944752870615722, 'colsample_bytree': 0.962566244806993, 'min_child_samples': 88, 'reg_alpha': 1.6465620446426067e-05, 'reg_lambda': 2.4678750890085655e-08}. Best is trial 6 with value: -0.023791810963080133.
[I 2026-06-01 15:03:12,229] Trial 8 finished with value: -0.0421532327671316 and parameters: {'confidence_threshold': 0.6066688256938841, 'training_days': 200, 'n_estimators': 367, 'max_depth': 5, 'num_leaves': 32, 'learning_rate': 0.13377519215934996, 'subsample': 0.7965884582811106, 'colsample_bytree': 0.8458508993500886, 'min_child_samples': 32, 'reg_alpha': 3.889436043816386e-05, 'reg_lambda': 1.4713062489380356e-06}. Best is trial 6 with value: -0.023791810963080133.
[I 2026-06-01 15:03:12,452] Trial 9 finished with value: -0.17017332930556348 and parameters: {'confidence_threshold': 0.6202096049169137, 'training_days': 260, 'n_estimators': 350, 'max_depth': 3, 'num_leaves': 21, 'learning_rate': 0.02989540198065364, 'subsample': 0.8307821683331218, 'colsample_bytree': 0.923253112635361, 'min_child_samples': 64, 'reg_alpha': 0.4898604619604203, 'reg_lambda': 2.9076377687066166e-05}. Best is trial 6 with value: -0.023791810963080133.
[I 2026-06-01 15:03:12,879] Trial 10 finished with value: 0.1253564205882967 and parameters: {'confidence_threshold': 0.8445241688507242, 'training_days': 470, 'n_estimators': 493, 'max_depth': 4, 'num_leaves': 17, 'learning_rate': 0.010221918552934462, 'subsample': 0.925262810706551, 'colsample_bytree': 0.6202684210924141, 'min_child_samples': 46, 'reg_alpha': 2.3451009125120672e-08, 'reg_lambda': 0.08638692467458545}. Best is trial 10 with value: 0.1253564205882967.
[I 2026-06-01 15:03:13,314] Trial 11 finished with value: -3.8763916780917085 and parameters: {'confidence_threshold': 0.8371297552840329, 'training_days': 500, 'n_estimators': 493, 'max_depth': 4, 'num_leaves': 18, 'learning_rate': 0.010535067237031162, 'subsample': 0.9246908202265125, 'colsample_bytree': 0.6012148974081734, 'min_child_samples': 45, 'reg_alpha': 1.05295721073591e-08, 'reg_lambda': 0.03749495973984035}. Best is trial 10 with value: 0.1253564205882967.
[I 2026-06-01 15:03:13,345] Trial 12 finished with value: -0.0464141204280131 and parameters: {'confidence_threshold': 0.830632524875604, 'training_days': 10, 'n_estimators': 490, 'max_depth': 4, 'num_leaves': 15, 'learning_rate': 0.26760572879289507, 'subsample': 0.8941395335595879, 'colsample_bytree': 0.5773925919454104, 'min_child_samples': 20, 'reg_alpha': 1.749922415656672e-08, 'reg_lambda': 0.005679543748398636}. Best is trial 10 with value: 0.1253564205882967.
[I 2026-06-01 15:03:13,430] Trial 13 finished with value: -0.02357057616882005 and parameters: {'confidence_threshold': 0.7841824825873085, 'training_days': 490, 'n_estimators': 53, 'max_depth': 4, 'num_leaves': 26, 'learning_rate': 0.15152203000979778, 'subsample': 0.8799568706885135, 'colsample_bytree': 0.6759494634110215, 'min_child_samples': 44, 'reg_alpha': 1.0060661308529223e-06, 'reg_lambda': 3.764766026697279}. Best is trial 10 with value: 0.1253564205882967.
[I 2026-06-01 15:03:13,505] Trial 14 finished with value: -5.985714756615453 and parameters: {'confidence_threshold': 0.6968624890517784, 'training_days': 490, 'n_estimators': 60, 'max_depth': 3, 'num_leaves': 27, 'learning_rate': 0.010581503592033784, 'subsample': 0.9843662599124653, 'colsample_bytree': 0.6834584157479153, 'min_child_samples': 45, 'reg_alpha': 7.013997542748775e-07, 'reg_lambda': 4.0606616408448595}. Best is trial 10 with value: 0.1253564205882967.
