[I 2026-06-01 15:01:23,784] Trial 17 finished with value: -1.7688112236441618 and parameters: {'confidence_threshold': 0.7651988129515577, 'training_days': 490, 'n_estimators': 238, 'max_depth': 3, 'num_leaves': 26, 'learning_rate': 0.01141346115691686, 'subsample': 0.8002407697944357, 'colsample_bytree': 0.8232465941320327, 'min_child_samples': 47, 'reg_alpha': 6.093250509539638e-06, 'reg_lambda': 2.388907247120852e-06}. Best is trial 16 with value: 0.23379600449887644.

    [trial 16] Sharpe=-1.8560 (folds: 0.0047, 0.2215, 0.3637, -10.0000, 0.1303)
    [trial 17] 47 features, training_days=380 | threshold=0.500 | labels: 1190 long, 981 short (55/45%)
    [trial 17] Sharpe=0.0153 (folds: 0.1123, 0.0072, -0.0733, 0.2056, -0.1756)
  Optuna: 18 trials, best Sharpe = 0.3017
  Best params: n_estimators=494, max_depth=3, lr=0.0102, leaves=30
  Best confidence_threshold: 0.845
  Best training_days: 420
  Retrained on full data (1260 samples, 47 features)
  [ensemble 3/3] seed=456
    [trial 0] 47 features, training_days=90 | threshold=0.587 | labels: 1190 long, 981 short (55/45%)
    [CV fold 0] train_end=2023-01-23 08:00 | val_start=2023-01-31 00:00 | gap=184h (22 rows)
    [CV fold 1] train_end=2023-05-23 16:00 | val_start=2023-05-31 08:00 | gap=184h (22 rows)
    [CV fold 2] train_end=2023-09-21 00:00 | val_start=2023-09-28 16:00 | gap=184h (22 rows)
    [CV fold 3] train_end=2024-01-19 08:00 | val_start=2024-01-27 00:00 | gap=184h (22 rows)
    [CV fold 4] train_end=2024-05-18 16:00 | val_start=2024-05-26 08:00 | gap=184h (22 rows)
    [trial 0] Sharpe=-0.0509 (folds: 0.0292, -0.0883, -0.0829, -0.0253, -0.0873)
    [trial 1] 47 features, training_days=290 | threshold=0.635 | labels: 1190 long, 981 short (55/45%)
    [trial 1] Sharpe=-0.0174 (folds: -0.0375, -0.0012, 0.1920, -0.0209, -0.2192)
    [trial 2] 47 features, training_days=10 | threshold=0.585 | labels: 1190 long, 981 short (55/45%)
    [trial 2] Sharpe=-0.1027 (folds: 0.1128, -0.2100, -0.2717, -0.1077, -0.0366)
    [trial 3] 47 features, training_days=220 | threshold=0.687 | labels: 1190 long, 981 short (55/45%)
    [trial 3] Sharpe=0.0544 (folds: 0.0386, 0.0690, 0.1864, 0.1153, -0.1373)
    [trial 4] 47 features, training_days=300 | threshold=0.562 | labels: 1190 long, 981 short (55/45%)
    [trial 4] Sharpe=0.0575 (folds: 0.1749, 0.0162, 0.1351, 0.0775, -0.1162)
    [trial 5] 47 features, training_days=490 | threshold=0.711 | labels: 1190 long, 981 short (55/45%)
    [trial 5] Sharpe=0.0095 (folds: 0.0082, 0.0710, 0.0998, 0.0714, -0.2029)
    [trial 6] 47 features, training_days=420 | threshold=0.667 | labels: 1190 long, 981 short (55/45%)
    [trial 6] Sharpe=0.0246 (folds: -0.0591, 0.0286, -0.0154, 0.2692, -0.1002)
    [trial 7] 47 features, training_days=120 | threshold=0.550 | labels: 1190 long, 981 short (55/45%)
    [trial 7] Sharpe=0.0243 (folds: -0.0308, 0.1456, 0.0784, 0.0168, -0.0885)
    [trial 8] 47 features, training_days=450 | threshold=0.720 | labels: 1190 long, 981 short (55/45%)
    [trial 8] Sharpe=0.0517 (folds: -0.0011, 0.0535, 0.1357, 0.2065, -0.1360)
    [trial 9] 47 features, training_days=20 | threshold=0.727 | labels: 1190 long, 981 short (55/45%)
    [trial 9] Sharpe=-2.0294 (folds: 0.1128, -0.2100, -10.0000, -0.1077, 0.0581)
    [trial 10] 47 features, training_days=320 | threshold=0.840 | labels: 1190 long, 981 short (55/45%)
    [trial 10] Sharpe=0.1332 (folds: 0.1702, 0.1137, 0.1846, 0.3061, -0.1088)
    [trial 11] 47 features, training_days=330 | threshold=0.849 | labels: 1190 long, 981 short (55/45%)
    [trial 11] Sharpe=0.1217 (folds: 0.0687, 0.1843, 0.1426, 0.2797, -0.0671)
    [trial 12] 47 features, training_days=370 | threshold=0.844 | labels: 1190 long, 981 short (55/45%)
    [trial 12] Sharpe=0.1457 (folds: 0.0635, 0.2412, 0.2876, 0.1927, -0.0565)
    [trial 13] 47 features, training_days=380 | threshold=0.849 | labels: 1190 long, 981 short (55/45%)
    [trial 13] Sharpe=0.0832 (folds: 0.0966, 0.0836, 0.1185, 0.2450, -0.1278)
    [trial 14] 47 features, training_days=210 | threshold=0.792 | labels: 1190 long, 981 short (55/45%)
    [trial 14] Sharpe=-0.0258 (folds: 0.0100, 0.0795, 0.0525, -0.0108, -0.2600)
    [trial 15] 47 features, training_days=390 | threshold=0.783 | labels: 1190 long, 981 short (55/45%)
    [trial 15] Sharpe=0.1846 (folds: 0.0876, 0.3254, 0.5495, -0.0069, -0.0328)
    [trial 16] 47 features, training_days=380 | threshold=0.781 | labels: 1190 long, 981 short (55/45%)
    [trial 16] Sharpe=0.2338 (folds: -0.0421, 0.4171, 0.6123, 0.1193, 0.0623)
    [trial 17] 47 features, training_days=490 | threshold=0.765 | labels: 1190 long, 981 short (55/45%)
    [trial 17] Sharpe=-1.7688 (folds: 0.0265, 0.3762, 0.4933, -10.0000, 0.2599)
  Optuna: 18 trials, best Sharpe = 0.2338
  Best params: n_estimators=239, max_depth=4, lr=0.0105, leaves=27
  Best confidence_threshold: 0.781
  Best training_days: 380
  Retrained on full data (1140 samples, 47 features)
  OOD: 16 features, cutoff (q=0.7) = 10.01
  Model trained for 2024-10: 93 test candles with features, confidence_threshold=0.780
[trade:close] 2024-10-01 15:59 BTCUSDT LONG → stop_loss @ 62243.08 | PnL=-3.11% (net -3.21%) | cum=-27.75% 2024-10=-3.21% 2024-10-01=-3.21%
[predict] 2024-10-04 16:00 BTCUSDT → LONG (proba=0.78 TP=7.0%/SL=3.5%)
[trade:open] 2024-10-04 23:59 BTCUSDT LONG @ 62054.40 | SL=59896.26 TP=66370.68 | timeout=2024-10-11 23:59
[trade:close] 2024-10-10 23:59 BTCUSDT LONG → stop_loss @ 59896.26 | PnL=-3.48% (net -3.58%) | cum=-31.33% 2024-10=-6.79% 2024-10-10=-3.58%
[predict] 2024-10-21 16:00 BTCUSDT → LONG (proba=0.84 TP=5.2%/SL=2.6%)
[trade:open] 2024-10-21 23:59 BTCUSDT LONG @ 67368.80 | SL=65612.68 TP=70881.03 | timeout=2024-10-28 23:59
[trade:close] 2024-10-23 23:59 BTCUSDT LONG → stop_loss @ 65612.68 | PnL=-2.61% (net -2.71%) | cum=-34.03% 2024-10=-9.50% 2024-10-23=-2.71%
[predict] 2024-10-26 16:00 BTCUSDT → LONG (proba=0.78 TP=5.8%/SL=2.9%)
[trade:open] 2024-10-26 23:59 BTCUSDT LONG @ 67071.80 | SL=65127.71 TP=70959.98 | timeout=2024-11-02 23:59
[trade:close] 2024-10-29 07:59 BTCUSDT LONG → take_profit @ 70959.98 | PnL=+5.80% (net +5.70%) | cum=-28.34% 2024-10=-3.80% 2024-10-29=+5.70%
[lgbm] === Training for 2024-11 ===
  Train window: 2022-11-01 → 2024-10-24
  2171 training samples from 1 symbols
  Samples per month: 2022-11: 90, 2022-12: 93, 2023-01: 93, 2023-02: 84, 2023-03: 93, 2023-04: 90, 2023-05: 93, 2023-06: 90, 2023-07: 93, 2023-08: 93, 2023-09: 90, 2023-10: 93, 2023-11: 90, 2023-12: 93, 2024-01: 93, 2024-02: 87, 2024-03: 93, 2024-04: 90, 2024-05: 93, 2024-06: 90, 2024-07: 93, 2024-08: 93, 2024-09: 90, 2024-10: 71
  [label] 2023-01-01 16:00 BTCUSDT entry=16610.3000 → LONG | long=tp(+2.71%) short=sl(-1.50%) | scanned=21 | long_tp_only
  [label] 2023-01-04 00:00 BTCUSDT entry=16862.5000 → LONG | long=tp(+2.94%) short=sl(-1.62%) | scanned=17 | long_tp_only
  [label] 2023-01-07 16:00 BTCUSDT entry=16936.5000 → LONG | long=tp(+2.42%) short=sl(-1.36%) | scanned=6 | long_tp_only
  [label] 2023-02-01 08:00 BTCUSDT entry=22975.7000 → SHORT | long=timeout(-0.59%) short=sl(-3.34%) | scanned=22 | no_tp→fwd_return=-0.4931
  [label] 2023-03-26 00:00 BTCUSDT entry=27492.4000 → LONG | long=timeout(+3.21%) short=sl(-4.91%) | scanned=22 | no_tp→fwd_return=+3.3060
  [label] 2023-09-08 00:00 BTCUSDT entry=26244.1000 → SHORT | long=sl(-2.42%) short=tp(+4.54%) | scanned=10 | short_tp_only
  [label] 2023-09-12 00:00 BTCUSDT entry=25810.2000 → LONG | long=tp(+5.27%) short=sl(-2.79%) | scanned=19 | long_tp_only
  [label] 2023-09-22 16:00 BTCUSDT entry=26566.7000 → LONG | long=timeout(+1.12%) short=sl(-2.44%) | scanned=22 | no_tp→fwd_return=+1.2203
  [label] 2023-11-06 16:00 BTCUSDT entry=35057.4000 → LONG | long=tp(+5.90%) short=sl(-3.10%) | scanned=8 | long_tp_only
  [label] 2023-11-15 08:00 BTCUSDT entry=36412.1000 → LONG | long=timeout(+0.09%) short=sl(-3.77%) | scanned=22 | no_tp→fwd_return=+0.1878
  [label] 2024-02-13 16:00 BTCUSDT entry=49696.4000 → LONG | long=timeout(+5.13%) short=sl(-3.82%) | scanned=22 | no_tp→fwd_return=+5.2338
  [label] 2024-03-16 16:00 BTCUSDT entry=65351.0000 → SHORT | long=sl(-6.94%) short=timeout(+1.94%) | scanned=22 | no_tp→fwd_return=-2.0362
  [label] 2024-04-02 00:00 BTCUSDT entry=66503.3000 → LONG | long=tp(+9.03%) short=sl(-4.66%) | scanned=19 | long_tp_only
  [label] 2024-04-14 16:00 BTCUSDT entry=65615.9000 → SHORT | long=sl(-6.50%) short=timeout(+0.97%) | scanned=22 | no_tp→fwd_return=-1.0718
  [label] 2024-05-03 00:00 BTCUSDT entry=59158.1000 → LONG | long=tp(+9.87%) short=sl(-5.08%) | scanned=10 | long_tp_only
  [label] 2024-05-09 08:00 BTCUSDT entry=62122.5000 → LONG | long=timeout(+5.82%) short=sl(-4.12%) | scanned=22 | no_tp→fwd_return=+5.9199[I 2026-06-01 15:01:24,479] A new study created in memory with name: no-name-b06062fd-7cf4-42e5-979c-9b42667f04ca
[I 2026-06-01 15:01:24,794] Trial 0 finished with value: 0.08988278453078044 and parameters: {'confidence_threshold': 0.6310890415965769, 'training_days': 480, 'n_estimators': 380, 'max_depth': 4, 'num_leaves': 22, 'learning_rate': 0.01699897838270077, 'subsample': 0.5290418060840998, 'colsample_bytree': 0.9330880728874675, 'min_child_samples': 68, 'reg_alpha': 0.023585940584142682, 'reg_lambda': 1.5320059381854043e-08}. Best is trial 0 with value: 0.08988278453078044.
[I 2026-06-01 15:01:24,906] Trial 1 finished with value: 0.4133293713040647 and parameters: {'confidence_threshold': 0.839468448256698, 'training_days': 420, 'n_estimators': 145, 'max_depth': 3, 'num_leaves': 23, 'learning_rate': 0.028145092716060652, 'subsample': 0.762378215816119, 'colsample_bytree': 0.7159725093210578, 'min_child_samples': 43, 'reg_alpha': 0.0032112643094417484, 'reg_lambda': 1.8007140198129195e-07}. Best is trial 1 with value: 0.4133293713040647.
[I 2026-06-01 15:01:25,073] Trial 2 finished with value: 0.017575693213352995 and parameters: {'confidence_threshold': 0.6022506269873263, 'training_days': 190, 'n_estimators': 255, 'max_depth': 5, 'num_leaves': 24, 'learning_rate': 0.05748924681991978, 'subsample': 0.7962072844310213, 'colsample_bytree': 0.5232252063599989, 'min_child_samples': 69, 'reg_alpha': 3.425445902633376e-07, 'reg_lambda': 3.850031979199519e-08}. Best is trial 1 with value: 0.4133293713040647.
[I 2026-06-01 15:01:25,354] Trial 3 finished with value: 0.10883483236975111 and parameters: {'confidence_threshold': 0.8321099380386666, 'training_days': 490, 'n_estimators': 414, 'max_depth': 3, 'num_leaves': 19, 'learning_rate': 0.1024932221692416, 'subsample': 0.7200762468698007, 'colsample_bytree': 0.5610191174223894, 'min_child_samples': 60, 'reg_alpha': 2.039373116525212e-08, 'reg_lambda': 1.527156759251193}. Best is trial 1 with value: 0.4133293713040647.
[I 2026-06-01 15:01:25,510] Trial 4 finished with value: 0.02136533127021411 and parameters: {'confidence_threshold': 0.5905729935600059, 'training_days': 340, 'n_estimators': 190, 'max_depth': 4, 'num_leaves': 41, 'learning_rate': 0.01875220945578641, 'subsample': 0.9847923138822793, 'colsample_bytree': 0.8875664116805573, 'min_child_samples': 96, 'reg_alpha': 1.1309571585271483, 'reg_lambda': 0.002404915432737351}. Best is trial 1 with value: 0.4133293713040647.
[I 2026-06-01 15:01:25,559] Trial 5 finished with value: 0.05140174920984122 and parameters: {'confidence_threshold': 0.8226559822580909, 'training_days': 50, 'n_estimators': 138, 'max_depth': 3, 'num_leaves': 30, 'learning_rate': 0.03750796359625606, 'subsample': 0.6356745158869479, 'colsample_bytree': 0.9143687545759647, 'min_child_samples': 48, 'reg_alpha': 3.376063348877853e-06, 'reg_lambda': 0.0007660634613082914}. Best is trial 1 with value: 0.4133293713040647.
[I 2026-06-01 15:01:25,706] Trial 6 finished with value: 0.09221315818901547 and parameters: {'confidence_threshold': 0.5493234787411669, 'training_days': 410, 'n_estimators': 83, 'max_depth': 5, 'num_leaves': 52, 'learning_rate': 0.019657448966046126, 'subsample': 0.5027610585618012, 'colsample_bytree': 0.9077307142274171, 'min_child_samples': 77, 'reg_alpha': 0.03639690979811287, 'reg_lambda': 0.08738424135626986}. Best is trial 1 with value: 0.4133293713040647.
[I 2026-06-01 15:01:25,805] Trial 7 finished with value: -0.017144699613242595 and parameters: {'confidence_threshold': 0.5259156281069316, 'training_days': 180, 'n_estimators': 102, 'max_depth': 5, 'num_leaves': 45, 'learning_rate': 0.030816017044468066, 'subsample': 0.5317791751430119, 'colsample_bytree': 0.6554911608578311, 'min_child_samples': 46, 'reg_alpha': 0.036851536911881845, 'reg_lambda': 0.005470376807480391}. Best is trial 1 with value: 0.4133293713040647.
[I 2026-06-01 15:01:25,916] Trial 8 finished with value: 0.0150437959491844 and parameters: {'confidence_threshold': 0.8105244599017143, 'training_days': 240, 'n_estimators': 103, 'max_depth': 5, 'num_leaves': 52, 'learning_rate': 0.06746437142284309, 'subsample': 0.8854835899772805, 'colsample_bytree': 0.7468977981821954, 'min_child_samples': 62, 'reg_alpha': 7.04480806377519e-05, 'reg_lambda': 1.6934490731313353e-08}. Best is trial 1 with value: 0.4133293713040647.
[I 2026-06-01 15:01:25,941] Trial 9 finished with value: -0.07098468762925914 and parameters: {'confidence_threshold': 0.5377619994476566, 'training_days': 20, 'n_estimators': 337, 'max_depth': 3, 'num_leaves': 39, 'learning_rate': 0.21907142272152816, 'subsample': 0.6246461145744375, 'colsample_bytree': 0.7051914615178149, 'min_child_samples': 81, 'reg_alpha': 1.1459970229341322e-06, 'reg_lambda': 4.929685216887945e-08}. Best is trial 1 with value: 0.4133293713040647.
[I 2026-06-01 15:01:26,507] Trial 10 finished with value: 0.11754197143984817 and parameters: {'confidence_threshold': 0.7286853308578232, 'training_days': 350, 'n_estimators': 487, 'max_depth': 4, 'num_leaves': 31, 'learning_rate': 0.011407797829608154, 'subsample': 0.8271882613853766, 'colsample_bytree': 0.8120417635861826, 'min_child_samples': 24, 'reg_alpha': 0.0005486918362336714, 'reg_lambda': 3.3639426888455256e-06}. Best is trial 1 with value: 0.4133293713040647.
[I 2026-06-01 15:01:26,975] Trial 11 finished with value: 0.1080363517156339 and parameters: {'confidence_threshold': 0.7334756335067628, 'training_days': 340, 'n_estimators': 451, 'max_depth': 4, 'num_leaves': 30, 'learning_rate': 0.010681866340525299, 'subsample': 0.8217839185896255, 'colsample_bytree': 0.8283518534791317, 'min_child_samples': 20, 'reg_alpha': 0.00048140359373414517, 'reg_lambda': 4.559920083628798e-06}. Best is trial 1 with value: 0.4133293713040647.
[I 2026-06-01 15:01:27,479] Trial 12 finished with value: 0.10890808419384872 and parameters: {'confidence_threshold': 0.7376590564839132, 'training_days': 360, 'n_estimators': 493, 'max_depth': 4, 'num_leaves': 15, 'learning_rate': 0.010397802671466262, 'subsample': 0.8963470821800655, 'colsample_bytree': 0.7993699739305575, 'min_child_samples': 20, 'reg_alpha': 0.0004273214235848004, 'reg_lambda': 4.507398817361611e-06}. Best is trial 1 with value: 0.4133293713040647.
[I 2026-06-01 15:01:27,711] Trial 13 finished with value: 0.14768770055154237 and parameters: {'confidence_threshold': 0.7478525164541795, 'training_days': 410, 'n_estimators': 258, 'max_depth': 3, 'num_leaves': 30, 'learning_rate': 0.030661992164845536, 'subsample': 0.708015733458699, 'colsample_bytree': 0.9985258964593356, 'min_child_samples': 35, 'reg_alpha': 0.0030203290990752983, 'reg_lambda': 4.448098583586063e-06}. Best is trial 1 with value: 0.4133293713040647.
[I 2026-06-01 15:01:27,913] Trial 14 finished with value: 0.20310416696002148 and parameters: {'confidence_threshold': 0.7871652886153421, 'training_days': 430, 'n_estimators': 216, 'max_depth': 3, 'num_leaves': 60, 'learning_rate': 0.03305522462432077, 'subsample': 0.6990340404120508, 'colsample_bytree': 0.9897127958863723, 'min_child_samples': 35, 'reg_alpha': 6.243069797304175, 'reg_lambda': 3.831774499600181e-05}. Best is trial 1 with value: 0.4133293713040647.
[I 2026-06-01 15:01:28,079] Trial 15 finished with value: 0.13220363358300408 and parameters: {'confidence_threshold': 0.7775952481140708, 'training_days': 430, 'n_estimators': 180, 'max_depth': 3, 'num_leaves': 61, 'learning_rate': 0.09347237905208686, 'subsample': 0.6605236804095092, 'colsample_bytree': 0.6290746674720268, 'min_child_samples': 37, 'reg_alpha': 5.511822861868712, 'reg_lambda': 7.482879404932238e-05}. Best is trial 1 with value: 0.4133293713040647.
[I 2026-06-01 15:01:28,252] Trial 16 finished with value: 0.029618295629992224 and parameters: {'confidence_threshold': 0.6760523483882178, 'training_days': 270, 'n_estimators': 197, 'max_depth': 3, 'num_leaves': 63, 'learning_rate': 0.043459772434875525, 'subsample': 0.7848742979848755, 'colsample_bytree': 0.6803395985027783, 'min_child_samples': 48, 'reg_alpha': 0.5476499558121082, 'reg_lambda': 4.1823920534304225e-07}. Best is trial 1 with value: 0.4133293713040647.
[I 2026-06-01 15:01:28,517] Trial 17 finished with value: 0.22477766618477188 and parameters: {'confidence_threshold': 0.8461451686296121, 'training_days': 500, 'n_estimators': 318, 'max_depth': 3, 'num_leaves': 54, 'learning_rate': 0.025825610532986886, 'subsample': 0.6006818104614414, 'colsample_bytree': 0.9956385980717998, 'min_child_samples': 34, 'reg_alpha': 2.0803821242154617e-05, 'reg_lambda': 0.00016055959513299945}. Best is trial 1 with value: 0.4133293713040647.
[I 2026-06-01 15:01:28,918] A new study created in memory with name: no-name-8958c88d-1949-4ae7-b24e-e01f328be546
[I 2026-06-01 15:01:29,008] Trial 0 finished with value: 0.012829754559841972 and parameters: {'confidence_threshold': 0.7437642149592516, 'training_days': 150, 'n_estimators': 152, 'max_depth': 4, 'num_leaves': 50, 'learning_rate': 0.04216766425047743, 'subsample': 0.9903820991923078, 'colsample_bytree': 0.8424148692924316, 'min_child_samples': 58, 'reg_alpha': 3.381097259762742e-05, 'reg_lambda': 1.2263152961306247e-05}. Best is trial 0 with value: 0.012829754559841972.
[I 2026-06-01 15:01:29,080] Trial 1 finished with value: -1.7429389965688316 and parameters: {'confidence_threshold': 0.7551673975844145, 'training_days': 220, 'n_estimators': 76, 'max_depth': 4, 'num_leaves': 51, 'learning_rate': 0.018602118810743477, 'subsample': 0.5877258780737462, 'colsample_bytree': 0.7657756869209191, 'min_child_samples': 63, 'reg_alpha': 0.005123994170264194, 'reg_lambda': 0.44145470178120466}. Best is trial 0 with value: 0.012829754559841972.
[I 2026-06-01 15:01:29,342] Trial 2 finished with value: 0.04515220611275703 and parameters: {'confidence_threshold': 0.7535593637012223, 'training_days': 310, 'n_estimators': 375, 'max_depth': 3, 'num_leaves': 32, 'learning_rate': 0.021735641882032388, 'subsample': 0.6468570231944146, 'colsample_bytree': 0.8154880619272439, 'min_child_samples': 27, 'reg_alpha': 8.004064028491336e-05, 'reg_lambda': 7.546835261630524e-05}. Best is trial 2 with value: 0.04515220611275703.
[I 2026-06-01 15:01:29,515] Trial 3 finished with value: -0.0017314513571947076 and parameters: {'confidence_threshold': 0.6727897841776072, 'training_days': 220, 'n_estimators': 190, 'max_depth': 4, 'num_leaves': 58, 'learning_rate': 0.24810689332636193, 'subsample': 0.7509183379421682, 'colsample_bytree': 0.8119764758960556, 'min_child_samples': 29, 'reg_alpha': 7.1708285081421445e-06, 'reg_lambda': 5.412973582738627e-05}. Best is trial 2 with value: 0.04515220611275703.
[I 2026-06-01 15:01:29,641] Trial 4 finished with value: 0.05362301693253119 and parameters: {'confidence_threshold': 0.803208205259178, 'training_days': 130, 'n_estimators': 267, 'max_depth': 5, 'num_leaves': 40, 'learning_rate': 0.08041175317374143, 'subsample': 0.5603143329951619, 'colsample_bytree': 0.9131704002534167, 'min_child_samples': 68, 'reg_alpha': 0.0008046593428183385, 'reg_lambda': 1.2158346158765583e-05}. Best is trial 4 with value: 0.05362301693253119.
[I 2026-06-01 15:01:29,892] Trial 5 finished with value: -0.026662658960054285 and parameters: {'confidence_threshold': 0.6064422761595144, 'training_days': 210, 'n_estimators': 357, 'max_depth': 5, 'num_leaves': 40, 'learning_rate': 0.0974221287220869, 'subsample': 0.7929682762811064, 'colsample_bytree': 0.8124517510478, 'min_child_samples': 74, 'reg_alpha': 0.3811377260781234, 'reg_lambda': 5.607314238392041e-08}. Best is trial 4 with value: 0.05362301693253119.
[I 2026-06-01 15:01:30,000] Trial 6 finished with value: 0.030845972227929275 and parameters: {'confidence_threshold': 0.7672889945051684, 'training_days': 130, 'n_estimators': 137, 'max_depth': 4, 'num_leaves': 19, 'learning_rate': 0.2031117614248665, 'subsample': 0.8136244860256343, 'colsample_bytree': 0.8617081790949774, 'min_child_samples': 21, 'reg_alpha': 0.002238138278733199, 'reg_lambda': 0.001025809534977322}. Best is trial 4 with value: 0.05362301693253119.
[I 2026-06-01 15:01:30,067] Trial 7 finished with value: -0.01384410907619009 and parameters: {'confidence_threshold': 0.555635875450653, 'training_days': 80, 'n_estimators': 363, 'max_depth': 3, 'num_leaves': 48, 'learning_rate': 0.06590089024008658, 'subsample': 0.6944752870615722, 'colsample_bytree': 0.962566244806993, 'min_child_samples': 88, 'reg_alpha': 1.6465620446426067e-05, 'reg_lambda': 2.4678750890085655e-08}. Best is trial 4 with value: 0.05362301693253119.
[I 2026-06-01 15:01:30,399] Trial 8 finished with value: -0.022579507059667794 and parameters: {'confidence_threshold': 0.6066688256938841, 'training_days': 200, 'n_estimators': 367, 'max_depth': 5, 'num_leaves': 32, 'learning_rate': 0.13377519215934996, 'subsample': 0.7965884582811106, 'colsample_bytree': 0.8458508993500886, 'min_child_samples': 32, 'reg_alpha': 3.889436043816386e-05, 'reg_lambda': 1.4713062489380356e-06}. Best is trial 4 with value: 0.05362301693253119.
