[I 2026-06-01 14:58:03,838] Trial 14 finished with value: -0.1780447635139677 and parameters: {'confidence_threshold': 0.7594036169129817, 'training_days': 100, 'n_estimators': 211, 'max_depth': 3, 'num_leaves': 60, 'learning_rate': 0.03458646774961807, 'subsample': 0.7084100755676976, 'colsample_bytree': 0.8099577366318739, 'min_child_samples': 98, 'reg_alpha': 2.670693886528206e-06, 'reg_lambda': 2.3470897519080207e-06}. Best is trial 5 with value: -0.016982098957380766.

[trade:close] 2023-03-03 07:59 BTCUSDT LONG → stop_loss @ 22056.00 | PnL=-4.09% (net -4.19%) | cum=-15.38% 2023-03=-4.19% 2023-03-03=-4.19%
[predict] 2023-03-04 00:00 BTCUSDT → LONG (proba=0.73 TP=7.7%/SL=3.8%)
[trade:open] 2023-03-04 07:59 BTCUSDT LONG @ 22346.60 | SL=21489.49 TP=24060.82 | timeout=2023-03-11 07:59
[trade:close] 2023-03-09 23:59 BTCUSDT LONG → stop_loss @ 21489.49 | PnL=-3.84% (net -3.94%) | cum=-19.32% 2023-03=-8.12% 2023-03-09=-3.94%
[predict] 2023-03-11 16:00 BTCUSDT → SHORT (proba=0.92 TP=9.4%/SL=4.7%)
[trade:open] 2023-03-11 23:59 BTCUSDT SHORT @ 20447.30 | SL=21406.12 TP=18529.67 | timeout=2023-03-18 23:59
[trade:close] 2023-03-12 23:59 BTCUSDT SHORT → stop_loss @ 21406.12 | PnL=-4.69% (net -4.79%) | cum=-24.11% 2023-03=-12.91% 2023-03-12=-4.79%
[predict] 2023-03-16 08:00 BTCUSDT → LONG (proba=0.80 TP=13.1%/SL=6.6%)
[trade:open] 2023-03-16 15:59 BTCUSDT LONG @ 24880.60 | SL=23250.12 TP=28141.57 | timeout=2023-03-23 15:59
[trade:close] 2023-03-19 23:59 BTCUSDT LONG → take_profit @ 28141.57 | PnL=+13.11% (net +13.01%) | cum=-11.10% 2023-03=+0.09% 2023-03-19=+13.01%
[predict] 2023-03-21 00:00 BTCUSDT → LONG (proba=0.75 TP=11.3%/SL=5.6%)
[trade:open] 2023-03-21 07:59 BTCUSDT LONG @ 27490.90 | SL=25941.33 TP=30590.05 | timeout=2023-03-28 07:59
[trade:close] 2023-03-28 08:00 BTCUSDT LONG → timeout @ 26947.30 | PnL=-1.98% (net -2.08%) | cum=-13.18% 2023-03=-1.98% 2023-03-28=-2.08%
[predict] 2023-03-29 00:00 BTCUSDT → SHORT (proba=0.91 TP=9.1%/SL=4.6%)
[trade:open] 2023-03-29 07:59 BTCUSDT SHORT @ 28077.70 | SL=29359.55 TP=25514.00 | timeout=2023-04-05 07:59
[lgbm] === Training for 2023-04 ===
  Train window: 2021-04-01 → 2023-03-24
  2168 training samples from 1 symbols
  Samples per month: 2021-04: 90, 2021-05: 93, 2021-06: 90, 2021-07: 93, 2021-08: 93, 2021-09: 90, 2021-10: 93, 2021-11: 90, 2021-12: 93, 2022-01: 93, 2022-02: 84, 2022-03: 93, 2022-04: 90, 2022-05: 93, 2022-06: 90, 2022-07: 93, 2022-08: 93, 2022-09: 90, 2022-10: 93, 2022-11: 90, 2022-12: 93, 2023-01: 93, 2023-02: 84, 2023-03: 71
  [label] 2021-06-01 16:00 BTCUSDT entry=36693.4100 → SHORT | long=sl(-9.17%) short=timeout(+8.95%) | scanned=22 | no_tp→fwd_return=-9.0502
  [label] 2021-06-03 16:00 BTCUSDT entry=39247.4000 → SHORT | long=sl(-7.29%) short=tp(+14.28%) | scanned=12 | short_tp_only
  [label] 2021-06-07 16:00 BTCUSDT entry=33550.9600 → LONG | long=tp(+16.59%) short=sl(-8.44%) | scanned=18 | long_tp_only
  [label] 2021-07-02 08:00 BTCUSDT entry=33684.8800 → SHORT | long=timeout(-0.54%) short=timeout(+0.34%) | scanned=22 | no_tp→fwd_return=-0.4376
  [label] 2021-08-23 16:00 BTCUSDT entry=49523.9100 → SHORT | long=sl(-4.54%) short=timeout(+4.95%) | scanned=22 | no_tp→fwd_return=-5.0465
  [label] 2022-02-05 16:00 BTCUSDT entry=41374.6900 → LONG | long=tp(+9.80%) short=sl(-5.05%) | scanned=7 | long_tp_only
  [label] 2022-02-09 16:00 BTCUSDT entry=44358.0800 → SHORT | long=sl(-5.43%) short=timeout(+1.02%) | scanned=22 | no_tp→fwd_return=-1.1213
  [label] 2022-02-20 08:00 BTCUSDT entry=38308.9000 → SHORT | long=sl(-5.01%) short=tp(+9.73%) | scanned=11 | short_tp_only
  [label] 2022-04-06 08:00 BTCUSDT entry=44159.4000 → SHORT | long=sl(-4.54%) short=tp(+8.77%) | scanned=16 | short_tp_only
  [label] 2022-04-14 16:00 BTCUSDT entry=39915.9000 → LONG | long=timeout(+1.24%) short=sl(-4.43%) | scanned=22 | no_tp→fwd_return=+1.3376
  [label] 2022-07-14 00:00 BTCUSDT entry=19981.3000 → LONG | long=tp(+12.15%) short=sl(-6.23%) | scanned=13 | long_tp_only
  [label] 2022-08-15 00:00 BTCUSDT entry=24010.8000 → SHORT | long=sl(-4.51%) short=tp(+8.71%) | scanned=12 | short_tp_only
  [label] 2022-08-31 00:00 BTCUSDT entry=20247.5000 → SHORT | long=sl(-4.73%) short=timeout(+7.09%) | scanned=22 | no_tp→fwd_return=-7.1910
  [label] 2022-09-12 16:00 BTCUSDT entry=22386.0000 → SHORT | long=sl(-4.16%) short=tp(+8.03%) | scanned=3 | short_tp_only
  [label] 2022-10-01 08:00 BTCUSDT entry=19322.8000 → LONG | long=timeout(+0.71%) short=sl(-5.29%) | scanned=22 | no_tp→fwd_return=+0.8135
  [label] 2022-10-07 16:00 BTCUSDT entry=19520.9000 → SHORT | long=sl(-3.99%) short=tp(+7.67%) | scanned=17 | short_tp_only
  [label] 2022-10-20 00:00 BTCUSDT entry=19138.0000 → LONG | long=sl(-2.71%) short=sl(-2.71%) | scanned=11 | no_tp→fwd_return=+2.2087
  [label] 2022-11-28 08:00 BTCUSDT entry=16136.7000 → LONG | long=tp(+5.53%) short=sl(-2.92%) | scanned=5 | long_tp_only
  [label] 2022-12-08 08:00 BTCUSDT entry=16907.7000 → LONG | long=tp(+4.58%) short=sl(-2.44%) | scanned=15 | long_tp_only
  [label] 2023-03-04 08:00 BTCUSDT entry=22306.3000 → SHORT | long=sl(-3.66%) short=tp(+7.02%) | scanned=16 | short_tp_only
  Labels: 1050 long (48.4%), 1118 short (51.6%) | weights: min=1.00, mean=3.20, max=10.00
  Features: 2168/2168 matched, 47 columns
  CV gap: 22 rows
  [ensemble 1/3] seed=42
    [trial 0] 47 features, training_days=480 | threshold=0.631 | labels: 1050 long, 1118 short (48/52%)
    [CV fold 0] train_end=2021-07-23 08:00 | val_start=2021-07-31 00:00 | gap=184h (22 rows)
    [CV fold 1] train_end=2021-11-20 16:00 | val_start=2021-11-28 08:00 | gap=184h (22 rows)
    [CV fold 2] train_end=2022-03-21 00:00 | val_start=2022-03-28 16:00 | gap=184h (22 rows)
    [CV fold 3] train_end=2022-07-19 08:00 | val_start=2022-07-27 00:00 | gap=184h (22 rows)
    [CV fold 4] train_end=2022-11-16 16:00 | val_start=2022-11-24 08:00 | gap=184h (22 rows)
    [trial 0] Sharpe=-0.0372 (folds: -0.0591, 0.1892, -0.1812, -0.1475, 0.0125)
    [trial 1] 47 features, training_days=420 | threshold=0.839 | labels: 1050 long, 1118 short (48/52%)
    [trial 1] Sharpe=-2.0164 (folds: 0.0073, 0.0886, -0.0868, -10.0000, -0.0912)
    [trial 2] 47 features, training_days=190 | threshold=0.602 | labels: 1050 long, 1118 short (48/52%)
    [trial 2] Sharpe=-0.0727 (folds: -0.1215, 0.1966, -0.0143, -0.2767, -0.1477)
    [trial 3] 47 features, training_days=490 | threshold=0.832 | labels: 1050 long, 1118 short (48/52%)
    [trial 3] Sharpe=-0.1080 (folds: -0.1125, 0.1583, -0.2230, -0.1881, -0.1746)
    [trial 4] 47 features, training_days=340 | threshold=0.591 | labels: 1050 long, 1118 short (48/52%)
    [trial 4] Sharpe=-0.0394 (folds: -0.0476, 0.2240, -0.1442, -0.1362, -0.0929)
    [trial 5] 47 features, training_days=50 | threshold=0.823 | labels: 1050 long, 1118 short (48/52%)
    [trial 5] Sharpe=-0.0170 (folds: -0.3187, 0.4926, -0.0038, -0.2116, -0.0434)
    [trial 6] 47 features, training_days=410 | threshold=0.549 | labels: 1050 long, 1118 short (48/52%)
    [trial 6] Sharpe=-0.1169 (folds: -0.2841, 0.1418, -0.1169, -0.1815, -0.1436)
    [trial 7] 47 features, training_days=180 | threshold=0.526 | labels: 1050 long, 1118 short (48/52%)
    [trial 7] Sharpe=-0.0521 (folds: -0.1040, 0.0992, -0.0740, -0.0743, -0.1071)
    [trial 8] 47 features, training_days=240 | threshold=0.811 | labels: 1050 long, 1118 short (48/52%)
    [trial 8] Sharpe=-0.1713 (folds: -0.0212, 0.2337, -0.1146, -0.5430, -0.4116)
    [trial 9] 47 features, training_days=20 | threshold=0.538 | labels: 1050 long, 1118 short (48/52%)
    [trial 9] Sharpe=-0.1005 (folds: 0.2023, 0.0281, -0.2467, -0.3706, -0.1159)
    [trial 10] 47 features, training_days=10 | threshold=0.732 | labels: 1050 long, 1118 short (48/52%)
    [trial 10] Sharpe=-2.0426 (folds: -0.3158, 0.0281, 0.1907, -10.0000, -0.1159)
    [trial 11] 47 features, training_days=110 | threshold=0.695 | labels: 1050 long, 1118 short (48/52%)
    [trial 11] Sharpe=-0.1275 (folds: -0.2927, 0.1753, -0.1525, -0.3368, -0.0304)
    [trial 12] 47 features, training_days=310 | threshold=0.640 | labels: 1050 long, 1118 short (48/52%)
    [trial 12] Sharpe=-0.0573 (folds: -0.1679, 0.0643, -0.0882, -0.0590, -0.0357)
    [trial 13] 47 features, training_days=130 | threshold=0.751 | labels: 1050 long, 1118 short (48/52%)
    [trial 13] Sharpe=-0.0279 (folds: 0.1945, 0.1982, 0.0680, -0.4673, -0.1327)
    [trial 14] 47 features, training_days=100 | threshold=0.759 | labels: 1050 long, 1118 short (48/52%)
    [trial 14] Sharpe=-0.1780 (folds: 0.0020, 0.2211, -0.1063, -0.6993, -0.3077)
    [trial 15] 47 features, training_days=100 | threshold=0.778 | labels: 1050 long, 1118 short (48/52%)[I 2026-06-01 14:58:03,902] Trial 15 finished with value: -0.09712063620523809 and parameters: {'confidence_threshold': 0.7782128490549821, 'training_days': 100, 'n_estimators': 176, 'max_depth': 3, 'num_leaves': 61, 'learning_rate': 0.04150363557318296, 'subsample': 0.6707750474677462, 'colsample_bytree': 0.8100744538922787, 'min_child_samples': 86, 'reg_alpha': 1.2121151783503134e-08, 'reg_lambda': 0.0007008411703147273}. Best is trial 5 with value: -0.016982098957380766.
[I 2026-06-01 14:58:03,988] Trial 16 finished with value: -0.07737386080904159 and parameters: {'confidence_threshold': 0.7077053473769109, 'training_days': 60, 'n_estimators': 246, 'max_depth': 3, 'num_leaves': 33, 'learning_rate': 0.0742708334836405, 'subsample': 0.8256806524515246, 'colsample_bytree': 0.8202998023298633, 'min_child_samples': 36, 'reg_alpha': 1.6230643075200477e-05, 'reg_lambda': 0.04001143905238397}. Best is trial 5 with value: -0.016982098957380766.
[I 2026-06-01 14:58:04,084] Trial 17 finished with value: -0.0775705759469105 and parameters: {'confidence_threshold': 0.7859176496780097, 'training_days': 170, 'n_estimators': 143, 'max_depth': 3, 'num_leaves': 52, 'learning_rate': 0.04392006312758926, 'subsample': 0.6704991081424779, 'colsample_bytree': 0.9514408121053584, 'min_child_samples': 54, 'reg_alpha': 1.7527045832330252e-07, 'reg_lambda': 5.6800538640641765e-05}. Best is trial 5 with value: -0.016982098957380766.
[I 2026-06-01 14:58:04,284] A new study created in memory with name: no-name-4e2ef8b5-32ea-467f-8da1-174c643524da
[I 2026-06-01 14:58:04,381] Trial 0 finished with value: -0.09023978758178888 and parameters: {'confidence_threshold': 0.7437642149592516, 'training_days': 150, 'n_estimators': 152, 'max_depth': 4, 'num_leaves': 50, 'learning_rate': 0.04216766425047743, 'subsample': 0.9903820991923078, 'colsample_bytree': 0.8424148692924316, 'min_child_samples': 58, 'reg_alpha': 3.381097259762742e-05, 'reg_lambda': 1.2263152961306247e-05}. Best is trial 0 with value: -0.09023978758178888.
[I 2026-06-01 14:58:04,460] Trial 1 finished with value: -2.0689286880727202 and parameters: {'confidence_threshold': 0.7551673975844145, 'training_days': 220, 'n_estimators': 76, 'max_depth': 4, 'num_leaves': 51, 'learning_rate': 0.018602118810743477, 'subsample': 0.5877258780737462, 'colsample_bytree': 0.7657756869209191, 'min_child_samples': 63, 'reg_alpha': 0.005123994170264194, 'reg_lambda': 0.44145470178120466}. Best is trial 0 with value: -0.09023978758178888.
[I 2026-06-01 14:58:04,718] Trial 2 finished with value: -0.10271149795446169 and parameters: {'confidence_threshold': 0.7535593637012223, 'training_days': 310, 'n_estimators': 375, 'max_depth': 3, 'num_leaves': 32, 'learning_rate': 0.021735641882032388, 'subsample': 0.6468570231944146, 'colsample_bytree': 0.8154880619272439, 'min_child_samples': 27, 'reg_alpha': 8.004064028491336e-05, 'reg_lambda': 7.546835261630524e-05}. Best is trial 0 with value: -0.09023978758178888.
[I 2026-06-01 14:58:04,872] Trial 3 finished with value: -0.015858868509594688 and parameters: {'confidence_threshold': 0.6727897841776072, 'training_days': 220, 'n_estimators': 190, 'max_depth': 4, 'num_leaves': 58, 'learning_rate': 0.24810689332636193, 'subsample': 0.7509183379421682, 'colsample_bytree': 0.8119764758960556, 'min_child_samples': 29, 'reg_alpha': 7.1708285081421445e-06, 'reg_lambda': 5.412973582738627e-05}. Best is trial 3 with value: -0.015858868509594688.
[I 2026-06-01 14:58:04,989] Trial 4 finished with value: -0.04301684527352319 and parameters: {'confidence_threshold': 0.803208205259178, 'training_days': 130, 'n_estimators': 267, 'max_depth': 5, 'num_leaves': 40, 'learning_rate': 0.08041175317374143, 'subsample': 0.5603143329951619, 'colsample_bytree': 0.9131704002534167, 'min_child_samples': 68, 'reg_alpha': 0.0008046593428183385, 'reg_lambda': 1.2158346158765583e-05}. Best is trial 3 with value: -0.015858868509594688.
[I 2026-06-01 14:58:05,223] Trial 5 finished with value: -0.0474301820820724 and parameters: {'confidence_threshold': 0.6064422761595144, 'training_days': 210, 'n_estimators': 357, 'max_depth': 5, 'num_leaves': 40, 'learning_rate': 0.0974221287220869, 'subsample': 0.7929682762811064, 'colsample_bytree': 0.8124517510478, 'min_child_samples': 74, 'reg_alpha': 0.3811377260781234, 'reg_lambda': 5.607314238392041e-08}. Best is trial 3 with value: -0.015858868509594688.
[I 2026-06-01 14:58:05,327] Trial 6 finished with value: -0.07917558640752238 and parameters: {'confidence_threshold': 0.7672889945051684, 'training_days': 130, 'n_estimators': 137, 'max_depth': 4, 'num_leaves': 19, 'learning_rate': 0.2031117614248665, 'subsample': 0.8136244860256343, 'colsample_bytree': 0.8617081790949774, 'min_child_samples': 21, 'reg_alpha': 0.002238138278733199, 'reg_lambda': 0.001025809534977322}. Best is trial 3 with value: -0.015858868509594688.
[I 2026-06-01 14:58:05,391] Trial 7 finished with value: -0.0718326707438511 and parameters: {'confidence_threshold': 0.555635875450653, 'training_days': 80, 'n_estimators': 363, 'max_depth': 3, 'num_leaves': 48, 'learning_rate': 0.06590089024008658, 'subsample': 0.6944752870615722, 'colsample_bytree': 0.962566244806993, 'min_child_samples': 88, 'reg_alpha': 1.6465620446426067e-05, 'reg_lambda': 2.4678750890085655e-08}. Best is trial 3 with value: -0.015858868509594688.
[I 2026-06-01 14:58:05,719] Trial 8 finished with value: -0.023038662202804646 and parameters: {'confidence_threshold': 0.6066688256938841, 'training_days': 200, 'n_estimators': 367, 'max_depth': 5, 'num_leaves': 32, 'learning_rate': 0.13377519215934996, 'subsample': 0.7965884582811106, 'colsample_bytree': 0.8458508993500886, 'min_child_samples': 32, 'reg_alpha': 3.889436043816386e-05, 'reg_lambda': 1.4713062489380356e-06}. Best is trial 3 with value: -0.015858868509594688.
[I 2026-06-01 14:58:05,922] Trial 9 finished with value: -0.057206035528283405 and parameters: {'confidence_threshold': 0.6202096049169137, 'training_days': 260, 'n_estimators': 350, 'max_depth': 3, 'num_leaves': 21, 'learning_rate': 0.02989540198065364, 'subsample': 0.8307821683331218, 'colsample_bytree': 0.923253112635361, 'min_child_samples': 64, 'reg_alpha': 0.4898604619604203, 'reg_lambda': 2.9076377687066166e-05}. Best is trial 3 with value: -0.015858868509594688.
[I 2026-06-01 14:58:06,360] Trial 10 finished with value: -0.04171329031999414 and parameters: {'confidence_threshold': 0.6756170272727778, 'training_days': 470, 'n_estimators': 493, 'max_depth': 4, 'num_leaves': 63, 'learning_rate': 0.010221918552934462, 'subsample': 0.9383547926937981, 'colsample_bytree': 0.6202684210924141, 'min_child_samples': 44, 'reg_alpha': 2.371385268938747e-08, 'reg_lambda': 0.015315426420116851}. Best is trial 3 with value: -0.015858868509594688.
[I 2026-06-01 14:58:06,626] Trial 11 finished with value: -0.09566033488339361 and parameters: {'confidence_threshold': 0.5130958894507832, 'training_days': 360, 'n_estimators': 248, 'max_depth': 5, 'num_leaves': 28, 'learning_rate': 0.29626502575289787, 'subsample': 0.7286462650868973, 'colsample_bytree': 0.6661831737797719, 'min_child_samples': 39, 'reg_alpha': 4.28336488974334e-07, 'reg_lambda': 6.470692703374516e-07}. Best is trial 3 with value: -0.015858868509594688.
[I 2026-06-01 14:58:06,654] Trial 12 finished with value: -4.066887784936254 and parameters: {'confidence_threshold': 0.6727899930733724, 'training_days': 20, 'n_estimators': 212, 'max_depth': 5, 'num_leaves': 63, 'learning_rate': 0.15265377916176726, 'subsample': 0.8941395335595879, 'colsample_bytree': 0.5196457038790347, 'min_child_samples': 37, 'reg_alpha': 1.0353404194374763e-06, 'reg_lambda': 7.796589835036051e-07}. Best is trial 3 with value: -0.015858868509594688.
[I 2026-06-01 14:58:07,030] Trial 13 finished with value: -0.0972088521020801 and parameters: {'confidence_threshold': 0.66785304776334, 'training_days': 400, 'n_estimators': 475, 'max_depth': 4, 'num_leaves': 28, 'learning_rate': 0.13909139382788904, 'subsample': 0.6692276593280039, 'colsample_bytree': 0.7082407533656954, 'min_child_samples': 51, 'reg_alpha': 1.5001709763756765e-06, 'reg_lambda': 0.004402943395258396}. Best is trial 3 with value: -0.015858868509594688.
[I 2026-06-01 14:58:07,453] Trial 14 finished with value: -0.03672122988610859 and parameters: {'confidence_threshold': 0.6066442090000221, 'training_days': 290, 'n_estimators': 419, 'max_depth': 5, 'num_leaves': 56, 'learning_rate': 0.27607551914806794, 'subsample': 0.762401725462525, 'colsample_bytree': 0.9951780710339017, 'min_child_samples': 28, 'reg_alpha': 1.0017646856123118e-08, 'reg_lambda': 1.834862228450529e-06}. Best is trial 3 with value: -0.015858868509594688.
[I 2026-06-01 14:58:07,601] Trial 15 finished with value: -0.04560691025206961 and parameters: {'confidence_threshold': 0.7050367233919248, 'training_days': 200, 'n_estimators': 300, 'max_depth': 4, 'num_leaves': 35, 'learning_rate': 0.12590433810309265, 'subsample': 0.507007918467014, 'colsample_bytree': 0.738971151174427, 'min_child_samples': 100, 'reg_alpha': 0.012726486074698236, 'reg_lambda': 3.5532501480887757}. Best is trial 3 with value: -0.015858868509594688.
[I 2026-06-01 14:58:07,785] Trial 16 finished with value: -0.07419804172393252 and parameters: {'confidence_threshold': 0.5432818053112383, 'training_days': 340, 'n_estimators': 173, 'max_depth': 4, 'num_leaves': 44, 'learning_rate': 0.19484010919105957, 'subsample': 0.8596161554104366, 'colsample_bytree': 0.8835081131605972, 'min_child_samples': 32, 'reg_alpha': 6.553288766686698e-06, 'reg_lambda': 0.0002786624127605132}. Best is trial 3 with value: -0.015858868509594688.
[I 2026-06-01 14:58:07,822] Trial 17 finished with value: -0.06336588651591876 and parameters: {'confidence_threshold': 0.6235092015218521, 'training_days': 50, 'n_estimators': 81, 'max_depth': 5, 'num_leaves': 15, 'learning_rate': 0.10843784619353589, 'subsample': 0.7544919614854775, 'colsample_bytree': 0.7882069742740347, 'min_child_samples': 49, 'reg_alpha': 7.284070645541434, 'reg_lambda': 1.1511599544966255e-07}. Best is trial 3 with value: -0.015858868509594688.
[I 2026-06-01 14:58:08,048] A new study created in memory with name: no-name-a39bbad4-d1fc-4734-b81f-2801503b3b0e
[I 2026-06-01 14:58:08,264] Trial 0 finished with value: -0.09958788894103439 and parameters: {'confidence_threshold': 0.5870645682749857, 'training_days': 90, 'n_estimators': 403, 'max_depth': 5, 'num_leaves': 45, 'learning_rate': 0.0780457193679974, 'subsample': 0.9428509515574568, 'colsample_bytree': 0.8795587339164916, 'min_child_samples': 34, 'reg_alpha': 2.2465901234314442e-07, 'reg_lambda': 8.339007036475363e-05}. Best is trial 0 with value: -0.09958788894103439.
[I 2026-06-01 14:58:08,376] Trial 1 finished with value: -0.033836111998797117 and parameters: {'confidence_threshold': 0.6348453934275313, 'training_days': 290, 'n_estimators': 115, 'max_depth': 5, 'num_leaves': 37, 'learning_rate': 0.06949568759029946, 'subsample': 0.8228505074024268, 'colsample_bytree': 0.8616703220431751, 'min_child_samples': 75, 'reg_alpha': 4.2486822725010923e-07, 'reg_lambda': 1.157247767047042e-07}. Best is trial 1 with value: -0.033836111998797117.
[I 2026-06-01 14:58:08,397] Trial 2 finished with value: -2.0425746109888916 and parameters: {'confidence_threshold': 0.5849570384370288, 'training_days': 10, 'n_estimators': 212, 'max_depth': 3, 'num_leaves': 41, 'learning_rate': 0.18452095998378365, 'subsample': 0.6001060822924371, 'colsample_bytree': 0.5673167293506167, 'min_child_samples': 37, 'reg_alpha': 5.733250064217131, 'reg_lambda': 0.5308454292595461}. Best is trial 1 with value: -0.033836111998797117.
[I 2026-06-01 14:58:08,476] Trial 3 finished with value: -0.07081996428264245 and parameters: {'confidence_threshold': 0.6868248626683718, 'training_days': 220, 'n_estimators': 134, 'max_depth': 3, 'num_leaves': 45, 'learning_rate': 0.033529007907491595, 'subsample': 0.8647277071858408, 'colsample_bytree': 0.778494116634046, 'min_child_samples': 96, 'reg_alpha': 2.409409937265785e-07, 'reg_lambda': 1.1642073478060009}. Best is trial 1 with value: -0.033836111998797117.
[I 2026-06-01 14:58:08,567] Trial 4 finished with value: -0.08496567491371496 and parameters: {'confidence_threshold': 0.5623121348350352, 'training_days': 300, 'n_estimators': 69, 'max_depth': 4, 'num_leaves': 32, 'learning_rate': 0.14967629360700346, 'subsample': 0.5054535233636654, 'colsample_bytree': 0.7401385194659216, 'min_child_samples': 27, 'reg_alpha': 1.4212042567426725e-07, 'reg_lambda': 0.23605753701352003}. Best is trial 1 with value: -0.033836111998797117.
[I 2026-06-01 14:58:09,008] Trial 5 finished with value: -0.07183663042560315 and parameters: {'confidence_threshold': 0.7111850244908446, 'training_days': 490, 'n_estimators': 362, 'max_depth': 5, 'num_leaves': 40, 'learning_rate': 0.05960785724162737, 'subsample': 0.5589714368907717, 'colsample_bytree': 0.6659006943232806, 'min_child_samples': 42, 'reg_alpha': 0.6741360303045295, 'reg_lambda': 6.054601607143087e-08}. Best is trial 1 with value: -0.033836111998797117.
