[I 2026-06-01 14:56:47,002] Trial 9 finished with value: 0.08606676518797687 and parameters: {'confidence_threshold': 0.6202096049169137, 'training_days': 260, 'n_estimators': 350, 'max_depth': 3, 'num_leaves': 21, 'learning_rate': 0.02989540198065364, 'subsample': 0.8307821683331218, 'colsample_bytree': 0.923253112635361, 'min_child_samples': 64, 'reg_alpha': 0.4898604619604203, 'reg_lambda': 2.9076377687066166e-05}. Best is trial 3 with value: 0.14616641925416027.
[I 2026-06-01 14:56:47,421] Trial 10 finished with value: 0.05800253248753849 and parameters: {'confidence_threshold': 0.6756170272727778, 'training_days': 470, 'n_estimators': 493, 'max_depth': 4, 'num_leaves': 63, 'learning_rate': 0.010221918552934462, 'subsample': 0.9383547926937981, 'colsample_bytree': 0.6202684210924141, 'min_child_samples': 44, 'reg_alpha': 2.371385268938747e-08, 'reg_lambda': 0.015315426420116851}. Best is trial 3 with value: 0.14616641925416027.
[I 2026-06-01 14:56:47,681] Trial 11 finished with value: 0.09440734499467732 and parameters: {'confidence_threshold': 0.5130958894507832, 'training_days': 360, 'n_estimators': 248, 'max_depth': 5, 'num_leaves': 28, 'learning_rate': 0.29626502575289787, 'subsample': 0.7286462650868973, 'colsample_bytree': 0.6661831737797719, 'min_child_samples': 39, 'reg_alpha': 4.28336488974334e-07, 'reg_lambda': 6.470692703374516e-07}. Best is trial 3 with value: 0.14616641925416027.
[I 2026-06-01 14:56:47,712] Trial 12 finished with value: -1.928852602545529 and parameters: {'confidence_threshold': 0.6727899930733724, 'training_days': 20, 'n_estimators': 212, 'max_depth': 5, 'num_leaves': 63, 'learning_rate': 0.15265377916176726, 'subsample': 0.8941395335595879, 'colsample_bytree': 0.5196457038790347, 'min_child_samples': 37, 'reg_alpha': 1.0353404194374763e-06, 'reg_lambda': 7.796589835036051e-07}. Best is trial 3 with value: 0.14616641925416027.

  [label] 2021-12-31 00:00 BTCUSDT entry=47168.9400 → SHORT | long=sl(-4.68%) short=tp(+9.07%) | scanned=17 | short_tp_only
  [label] 2022-01-12 16:00 BTCUSDT entry=43880.7200 → SHORT | long=sl(-5.19%) short=timeout(+4.97%) | scanned=22 | no_tp→fwd_return=-5.0656
  [label] 2022-01-31 08:00 BTCUSDT entry=37694.4600 → LONG | long=tp(+11.31%) short=sl(-5.81%) | scanned=18 | long_tp_only
  [label] 2022-02-06 16:00 BTCUSDT entry=42361.3500 → SHORT | long=timeout(-0.86%) short=sl(-4.78%) | scanned=22 | no_tp→fwd_return=-0.7559
  [label] 2022-02-19 00:00 BTCUSDT entry=40245.8000 → SHORT | long=sl(-5.04%) short=tp(+9.78%) | scanned=15 | short_tp_only
  [label] 2022-03-30 08:00 BTCUSDT entry=47153.7000 → SHORT | long=sl(-3.61%) short=tp(+6.92%) | scanned=21 | short_tp_only
  [label] 2022-04-09 08:00 BTCUSDT entry=42243.9000 → SHORT | long=sl(-4.09%) short=timeout(+5.12%) | scanned=22 | no_tp→fwd_return=-5.2176
  [label] 2022-07-04 08:00 BTCUSDT entry=19792.4000 → LONG | long=tp(+11.20%) short=sl(-5.75%) | scanned=11 | long_tp_only
  Labels: 1161 long (53.6%), 1007 short (46.4%) | weights: min=1.00, mean=3.62, max=10.00
  Features: 2168/2168 matched, 47 columns
  CV gap: 22 rows
  [ensemble 1/3] seed=42
    [trial 0] 47 features, training_days=480 | threshold=0.631 | labels: 1161 long, 1007 short (54/46%)
    [CV fold 0] train_end=2020-11-22 08:00 | val_start=2020-11-30 00:00 | gap=184h (22 rows)
    [CV fold 1] train_end=2021-03-22 16:00 | val_start=2021-03-30 08:00 | gap=184h (22 rows)
    [CV fold 2] train_end=2021-07-21 00:00 | val_start=2021-07-28 16:00 | gap=184h (22 rows)
    [CV fold 3] train_end=2021-11-18 08:00 | val_start=2021-11-26 00:00 | gap=184h (22 rows)
    [CV fold 4] train_end=2022-03-18 16:00 | val_start=2022-03-26 08:00 | gap=184h (22 rows)
    [trial 0] Sharpe=0.0656 (folds: 0.1672, -0.1342, 0.3284, -0.0093, -0.0241)
    [trial 1] 47 features, training_days=420 | threshold=0.839 | labels: 1161 long, 1007 short (54/46%)
    [trial 1] Sharpe=-0.0426 (folds: 0.0435, -0.0622, 0.2405, -0.0734, -0.3614)
    [trial 2] 47 features, training_days=190 | threshold=0.602 | labels: 1161 long, 1007 short (54/46%)
    [trial 2] Sharpe=0.0570 (folds: 0.1381, -0.1371, 0.0395, 0.2176, 0.0271)
    [trial 3] 47 features, training_days=490 | threshold=0.832 | labels: 1161 long, 1007 short (54/46%)
    [trial 3] Sharpe=0.0791 (folds: 0.2046, -0.0957, 0.3505, -0.0803, 0.0164)
    [trial 4] 47 features, training_days=340 | threshold=0.591 | labels: 1161 long, 1007 short (54/46%)
    [trial 4] Sharpe=0.0597 (folds: 0.1881, -0.1079, 0.3449, 0.0274, -0.1539)
    [trial 5] 47 features, training_days=50 | threshold=0.823 | labels: 1161 long, 1007 short (54/46%)
    [trial 5] Sharpe=0.0167 (folds: 0.1613, -0.0791, -0.3681, 0.4882, -0.1187)
    [trial 6] 47 features, training_days=410 | threshold=0.549 | labels: 1161 long, 1007 short (54/46%)
    [trial 6] Sharpe=0.0670 (folds: 0.2952, -0.1748, 0.3269, 0.1814, -0.2936)
    [trial 7] 47 features, training_days=180 | threshold=0.526 | labels: 1161 long, 1007 short (54/46%)
    [trial 7] Sharpe=0.0691 (folds: 0.3152, -0.0751, 0.0540, 0.0579, -0.0065)
    [trial 8] 47 features, training_days=240 | threshold=0.811 | labels: 1161 long, 1007 short (54/46%)
    [trial 8] Sharpe=0.1069 (folds: 0.2470, -0.1246, 0.2969, 0.1973, -0.0822)
    [trial 9] 47 features, training_days=20 | threshold=0.538 | labels: 1161 long, 1007 short (54/46%)
    [trial 9] Sharpe=0.0101 (folds: 0.3937, 0.2195, -0.3050, 0.0175, -0.2749)
    [trial 10] 47 features, training_days=280 | threshold=0.734 | labels: 1161 long, 1007 short (54/46%)
    [trial 10] Sharpe=0.1241 (folds: 0.3447, -0.0310, 0.1702, 0.1498, -0.0130)
    [trial 11] 47 features, training_days=280 | threshold=0.742 | labels: 1161 long, 1007 short (54/46%)
    [trial 11] Sharpe=0.0907 (folds: 0.2839, -0.0589, 0.1621, 0.1290, -0.0626)
    [trial 12] 47 features, training_days=190 | threshold=0.746 | labels: 1161 long, 1007 short (54/46%)
    [trial 12] Sharpe=0.1122 (folds: 0.3122, -0.0649, 0.0083, 0.2044, 0.1012)
    [trial 13] 47 features, training_days=110 | threshold=0.717 | labels: 1161 long, 1007 short (54/46%)
    [trial 13] Sharpe=-0.0089 (folds: 0.2551, -0.2441, -0.2724, 0.1391, 0.0777)
    [trial 14] 47 features, training_days=290 | threshold=0.753 | labels: 1161 long, 1007 short (54/46%)
    [trial 14] Sharpe=0.1190 (folds: 0.4109, -0.0681, 0.1572, 0.1336, -0.0388)
    [trial 15] 47 features, training_days=320 | threshold=0.681 | labels: 1161 long, 1007 short (54/46%)
    [trial 15] Sharpe=0.1110 (folds: 0.3816, -0.0347, 0.1570, 0.0592, -0.0084)
    [trial 16] 47 features, training_days=350 | threshold=0.775 | labels: 1161 long, 1007 short (54/46%)
    [trial 16] Sharpe=0.1508 (folds: 0.3119, -0.0021, 0.2804, 0.1000, 0.0636)
    [trial 17] 47 features, training_days=380 | threshold=0.789 | labels: 1161 long, 1007 short (54/46%)
    [trial 17] Sharpe=0.1313 (folds: 0.3636, -0.0888, 0.2648, 0.1589, -0.0420)
  Optuna: 18 trials, best Sharpe = 0.1508
  Best params: n_estimators=246, max_depth=4, lr=0.2947, leaves=56
  Best confidence_threshold: 0.775
  Best training_days: 350
  Retrained on full data (1050 samples, 47 features)
  [ensemble 2/3] seed=123
    [trial 0] 47 features, training_days=150 | threshold=0.744 | labels: 1161 long, 1007 short (54/46%)
    [CV fold 0] train_end=2020-11-22 08:00 | val_start=2020-11-30 00:00 | gap=184h (22 rows)
    [CV fold 1] train_end=2021-03-22 16:00 | val_start=2021-03-30 08:00 | gap=184h (22 rows)
    [CV fold 2] train_end=2021-07-21 00:00 | val_start=2021-07-28 16:00 | gap=184h (22 rows)
    [CV fold 3] train_end=2021-11-18 08:00 | val_start=2021-11-26 00:00 | gap=184h (22 rows)
    [CV fold 4] train_end=2022-03-18 16:00 | val_start=2022-03-26 08:00 | gap=184h (22 rows)
    [trial 0] Sharpe=0.0069 (folds: 0.2762, -0.1747, -0.2579, 0.2834, -0.0926)
    [trial 1] 47 features, training_days=220 | threshold=0.755 | labels: 1161 long, 1007 short (54/46%)
    [trial 1] Sharpe=0.0467 (folds: 0.4125, -0.2090, 0.3817, -0.0349, -0.3167)
    [trial 2] 47 features, training_days=310 | threshold=0.754 | labels: 1161 long, 1007 short (54/46%)
    [trial 2] Sharpe=0.0700 (folds: 0.2975, -0.1836, 0.2280, 0.0665, -0.0584)
    [trial 3] 47 features, training_days=220 | threshold=0.673 | labels: 1161 long, 1007 short (54/46%)
    [trial 3] Sharpe=0.1462 (folds: 0.3978, -0.0669, 0.1837, 0.0929, 0.1234)
    [trial 4] 47 features, training_days=130 | threshold=0.803 | labels: 1161 long, 1007 short (54/46%)
    [trial 4] Sharpe=0.0211 (folds: 0.1956, -0.2181, -0.1051, 0.2107, 0.0225)
    [trial 5] 47 features, training_days=210 | threshold=0.606 | labels: 1161 long, 1007 short (54/46%)
    [trial 5] Sharpe=0.0986 (folds: 0.2004, -0.0748, 0.1590, 0.1915, 0.0171)
    [trial 6] 47 features, training_days=130 | threshold=0.767 | labels: 1161 long, 1007 short (54/46%)
    [trial 6] Sharpe=0.0148 (folds: 0.3318, -0.1649, -0.3019, 0.1588, 0.0501)
    [trial 7] 47 features, training_days=80 | threshold=0.556 | labels: 1161 long, 1007 short (54/46%)
    [trial 7] Sharpe=0.0339 (folds: 0.2803, -0.0631, -0.1973, 0.2622, -0.1123)
    [trial 8] 47 features, training_days=200 | threshold=0.607 | labels: 1161 long, 1007 short (54/46%)
    [trial 8] Sharpe=0.1295 (folds: 0.4050, -0.0150, 0.0112, 0.1527, 0.0938)
    [trial 9] 47 features, training_days=260 | threshold=0.620 | labels: 1161 long, 1007 short (54/46%)
    [trial 9] Sharpe=0.0861 (folds: 0.2264, -0.1006, 0.2519, 0.0990, -0.0462)
    [trial 10] 47 features, training_days=470 | threshold=0.676 | labels: 1161 long, 1007 short (54/46%)
    [trial 10] Sharpe=0.0580 (folds: 0.3056, -0.1528, 0.3125, -0.1192, -0.0561)
    [trial 11] 47 features, training_days=360 | threshold=0.513 | labels: 1161 long, 1007 short (54/46%)
    [trial 11] Sharpe=0.0944 (folds: 0.2866, -0.0455, 0.2915, 0.0280, -0.0886)
    [trial 12] 47 features, training_days=20 | threshold=0.673 | labels: 1161 long, 1007 short (54/46%)
    [trial 12] Sharpe=-1.9289 (folds: 0.3937, 0.2195, -10.0000, 0.0175, -0.2749)
    [trial 13] 47 features, training_days=400 | threshold=0.668 | labels: 1161 long, 1007 short (54/46%)
    [trial 13] Sharpe=0.0585 (folds: 0.0629, -0.0335, 0.2599, 0.0849, -0.0819)[I 2026-06-01 14:56:48,083] Trial 13 finished with value: 0.05845076193757691 and parameters: {'confidence_threshold': 0.66785304776334, 'training_days': 400, 'n_estimators': 475, 'max_depth': 4, 'num_leaves': 28, 'learning_rate': 0.13909139382788904, 'subsample': 0.6692276593280039, 'colsample_bytree': 0.7082407533656954, 'min_child_samples': 51, 'reg_alpha': 1.5001709763756765e-06, 'reg_lambda': 0.004402943395258396}. Best is trial 3 with value: 0.14616641925416027.
[I 2026-06-01 14:56:48,465] Trial 14 finished with value: 0.1069144306434339 and parameters: {'confidence_threshold': 0.6066442090000221, 'training_days': 290, 'n_estimators': 419, 'max_depth': 5, 'num_leaves': 56, 'learning_rate': 0.27607551914806794, 'subsample': 0.762401725462525, 'colsample_bytree': 0.9951780710339017, 'min_child_samples': 28, 'reg_alpha': 1.0017646856123118e-08, 'reg_lambda': 1.834862228450529e-06}. Best is trial 3 with value: 0.14616641925416027.
[I 2026-06-01 14:56:48,614] Trial 15 finished with value: 0.011419070611105706 and parameters: {'confidence_threshold': 0.7050367233919248, 'training_days': 200, 'n_estimators': 300, 'max_depth': 4, 'num_leaves': 35, 'learning_rate': 0.12590433810309265, 'subsample': 0.507007918467014, 'colsample_bytree': 0.738971151174427, 'min_child_samples': 100, 'reg_alpha': 0.012726486074698236, 'reg_lambda': 3.5532501480887757}. Best is trial 3 with value: 0.14616641925416027.
[I 2026-06-01 14:56:48,795] Trial 16 finished with value: 0.11125786749575439 and parameters: {'confidence_threshold': 0.5432818053112383, 'training_days': 340, 'n_estimators': 173, 'max_depth': 4, 'num_leaves': 44, 'learning_rate': 0.19484010919105957, 'subsample': 0.8596161554104366, 'colsample_bytree': 0.8835081131605972, 'min_child_samples': 32, 'reg_alpha': 6.553288766686698e-06, 'reg_lambda': 0.0002786624127605132}. Best is trial 3 with value: 0.14616641925416027.
[I 2026-06-01 14:56:48,831] Trial 17 finished with value: -0.007630788354773261 and parameters: {'confidence_threshold': 0.6235092015218521, 'training_days': 50, 'n_estimators': 81, 'max_depth': 5, 'num_leaves': 15, 'learning_rate': 0.10843784619353589, 'subsample': 0.7544919614854775, 'colsample_bytree': 0.7882069742740347, 'min_child_samples': 49, 'reg_alpha': 7.284070645541434, 'reg_lambda': 1.1511599544966255e-07}. Best is trial 3 with value: 0.14616641925416027.
[I 2026-06-01 14:56:48,981] A new study created in memory with name: no-name-0937e292-31e5-497f-a85f-e7cf6a1920a5
[I 2026-06-01 14:56:49,195] Trial 0 finished with value: -0.03025098378070131 and parameters: {'confidence_threshold': 0.5870645682749857, 'training_days': 90, 'n_estimators': 403, 'max_depth': 5, 'num_leaves': 45, 'learning_rate': 0.0780457193679974, 'subsample': 0.9428509515574568, 'colsample_bytree': 0.8795587339164916, 'min_child_samples': 34, 'reg_alpha': 2.2465901234314442e-07, 'reg_lambda': 8.339007036475363e-05}. Best is trial 0 with value: -0.03025098378070131.
[I 2026-06-01 14:56:49,308] Trial 1 finished with value: 0.08179520489699191 and parameters: {'confidence_threshold': 0.6348453934275313, 'training_days': 290, 'n_estimators': 115, 'max_depth': 5, 'num_leaves': 37, 'learning_rate': 0.06949568759029946, 'subsample': 0.8228505074024268, 'colsample_bytree': 0.8616703220431751, 'min_child_samples': 75, 'reg_alpha': 4.2486822725010923e-07, 'reg_lambda': 1.157247767047042e-07}. Best is trial 1 with value: 0.08179520489699191.
[I 2026-06-01 14:56:49,329] Trial 2 finished with value: -0.037004748191824095 and parameters: {'confidence_threshold': 0.5849570384370288, 'training_days': 10, 'n_estimators': 212, 'max_depth': 3, 'num_leaves': 41, 'learning_rate': 0.18452095998378365, 'subsample': 0.6001060822924371, 'colsample_bytree': 0.5673167293506167, 'min_child_samples': 37, 'reg_alpha': 5.733250064217131, 'reg_lambda': 0.5308454292595461}. Best is trial 1 with value: 0.08179520489699191.
[I 2026-06-01 14:56:49,411] Trial 3 finished with value: 0.10117169565591758 and parameters: {'confidence_threshold': 0.6868248626683718, 'training_days': 220, 'n_estimators': 134, 'max_depth': 3, 'num_leaves': 45, 'learning_rate': 0.033529007907491595, 'subsample': 0.8647277071858408, 'colsample_bytree': 0.778494116634046, 'min_child_samples': 96, 'reg_alpha': 2.409409937265785e-07, 'reg_lambda': 1.1642073478060009}. Best is trial 3 with value: 0.10117169565591758.
[I 2026-06-01 14:56:49,495] Trial 4 finished with value: 0.05516274320221966 and parameters: {'confidence_threshold': 0.5623121348350352, 'training_days': 300, 'n_estimators': 69, 'max_depth': 4, 'num_leaves': 32, 'learning_rate': 0.14967629360700346, 'subsample': 0.5054535233636654, 'colsample_bytree': 0.7401385194659216, 'min_child_samples': 27, 'reg_alpha': 1.4212042567426725e-07, 'reg_lambda': 0.23605753701352003}. Best is trial 3 with value: 0.10117169565591758.
[I 2026-06-01 14:56:49,898] Trial 5 finished with value: 0.07384440083970707 and parameters: {'confidence_threshold': 0.7111850244908446, 'training_days': 490, 'n_estimators': 362, 'max_depth': 5, 'num_leaves': 40, 'learning_rate': 0.05960785724162737, 'subsample': 0.5589714368907717, 'colsample_bytree': 0.6659006943232806, 'min_child_samples': 42, 'reg_alpha': 0.6741360303045295, 'reg_lambda': 6.054601607143087e-08}. Best is trial 3 with value: 0.10117169565591758.
[I 2026-06-01 14:56:50,071] Trial 6 finished with value: 0.06868735907156762 and parameters: {'confidence_threshold': 0.667482545748023, 'training_days': 420, 'n_estimators': 279, 'max_depth': 3, 'num_leaves': 45, 'learning_rate': 0.040099592560849204, 'subsample': 0.8563114696415159, 'colsample_bytree': 0.5442917781944105, 'min_child_samples': 50, 'reg_alpha': 1.6407916423707903e-08, 'reg_lambda': 2.935907642973286e-05}. Best is trial 3 with value: 0.10117169565591758.
[I 2026-06-01 14:56:50,204] Trial 7 finished with value: 0.025649231080149874 and parameters: {'confidence_threshold': 0.5497381024139926, 'training_days': 120, 'n_estimators': 408, 'max_depth': 5, 'num_leaves': 38, 'learning_rate': 0.28049122657745795, 'subsample': 0.8806573338635493, 'colsample_bytree': 0.5454054113547102, 'min_child_samples': 63, 'reg_alpha': 0.01263008637940408, 'reg_lambda': 0.04588020805366937}. Best is trial 3 with value: 0.10117169565591758.
[I 2026-06-01 14:56:50,458] Trial 8 finished with value: 0.025861294629537408 and parameters: {'confidence_threshold': 0.719644804808716, 'training_days': 450, 'n_estimators': 410, 'max_depth': 4, 'num_leaves': 57, 'learning_rate': 0.04022026551478857, 'subsample': 0.5336085426932707, 'colsample_bytree': 0.5705742850577543, 'min_child_samples': 100, 'reg_alpha': 5.916398047912201e-07, 'reg_lambda': 0.9794034214488329}. Best is trial 3 with value: 0.10117169565591758.
[I 2026-06-01 14:56:50,479] Trial 9 finished with value: -1.928852602545529 and parameters: {'confidence_threshold': 0.7267463643917187, 'training_days': 20, 'n_estimators': 337, 'max_depth': 5, 'num_leaves': 23, 'learning_rate': 0.022153031811454605, 'subsample': 0.6305627572358737, 'colsample_bytree': 0.6613413774216214, 'min_child_samples': 81, 'reg_alpha': 5.7638634029410314e-08, 'reg_lambda': 8.26603016764008}. Best is trial 3 with value: 0.10117169565591758.
[I 2026-06-01 14:56:50,578] Trial 10 finished with value: -3.95970908883596 and parameters: {'confidence_threshold': 0.8283920119574972, 'training_days': 200, 'n_estimators': 181, 'max_depth': 3, 'num_leaves': 62, 'learning_rate': 0.011579281028220855, 'subsample': 0.7130289643560688, 'colsample_bytree': 0.9944479338273263, 'min_child_samples': 100, 'reg_alpha': 6.837313901272251e-05, 'reg_lambda': 0.0027253228209330924}. Best is trial 3 with value: 0.10117169565591758.
[I 2026-06-01 14:56:50,638] Trial 11 finished with value: 0.10352126584270968 and parameters: {'confidence_threshold': 0.6435110568867387, 'training_days': 300, 'n_estimators': 53, 'max_depth': 4, 'num_leaves': 52, 'learning_rate': 0.0222741777320615, 'subsample': 0.7864449612484271, 'colsample_bytree': 0.8566211708639163, 'min_child_samples': 82, 'reg_alpha': 2.5646023357365184e-05, 'reg_lambda': 7.359299995524362e-08}. Best is trial 11 with value: 0.10352126584270968.
[I 2026-06-01 14:56:50,706] Trial 12 finished with value: -3.969434759128691 and parameters: {'confidence_threshold': 0.7805258891360656, 'training_days': 360, 'n_estimators': 54, 'max_depth': 4, 'num_leaves': 53, 'learning_rate': 0.01924681962976845, 'subsample': 0.7288381003885563, 'colsample_bytree': 0.8502332530306856, 'min_child_samples': 88, 'reg_alpha': 5.113460481149383e-05, 'reg_lambda': 2.0831803692649198e-06}. Best is trial 11 with value: 0.10352126584270968.
[I 2026-06-01 14:56:50,813] Trial 13 finished with value: 0.11065253008287013 and parameters: {'confidence_threshold': 0.5040535938350955, 'training_days': 210, 'n_estimators': 157, 'max_depth': 4, 'num_leaves': 52, 'learning_rate': 0.023468126747120118, 'subsample': 0.9755936541801561, 'colsample_bytree': 0.7704197786801941, 'min_child_samples': 67, 'reg_alpha': 8.465942575614097e-06, 'reg_lambda': 0.004344943341578826}. Best is trial 13 with value: 0.11065253008287013.
[I 2026-06-01 14:56:51,074] Trial 14 finished with value: 0.05895061117581478 and parameters: {'confidence_threshold': 0.5091192585990985, 'training_days': 170, 'n_estimators': 500, 'max_depth': 4, 'num_leaves': 51, 'learning_rate': 0.011576575518018004, 'subsample': 0.9912802274336829, 'colsample_bytree': 0.9448172765405803, 'min_child_samples': 66, 'reg_alpha': 0.0008220859122670022, 'reg_lambda': 0.0031976396388256915}. Best is trial 13 with value: 0.11065253008287013.
[I 2026-06-01 14:56:51,239] Trial 15 finished with value: 0.07191142994860303 and parameters: {'confidence_threshold': 0.5060233673550307, 'training_days': 330, 'n_estimators': 206, 'max_depth': 4, 'num_leaves': 61, 'learning_rate': 0.02132589475877155, 'subsample': 0.7909776150786589, 'colsample_bytree': 0.7713649627760423, 'min_child_samples': 73, 'reg_alpha': 4.791800625030742e-06, 'reg_lambda': 2.582339790441249e-06}. Best is trial 13 with value: 0.11065253008287013.
[I 2026-06-01 14:56:51,355] Trial 16 finished with value: 0.1111239621941201 and parameters: {'confidence_threshold': 0.620660431513329, 'training_days': 250, 'n_estimators': 125, 'max_depth': 4, 'num_leaves': 52, 'learning_rate': 0.017594972926715476, 'subsample': 0.939342089853822, 'colsample_bytree': 0.7096607677273958, 'min_child_samples': 54, 'reg_alpha': 0.004288263146213439, 'reg_lambda': 0.0014354648875458188}. Best is trial 16 with value: 0.1111239621941201.
