[I 2026-06-01 14:57:34,963] Trial 0 finished with value: -0.061334381719395835 and parameters: {'confidence_threshold': 0.7437642149592516, 'training_days': 150, 'n_estimators': 152, 'max_depth': 4, 'num_leaves': 50, 'learning_rate': 0.04216766425047743, 'subsample': 0.9903820991923078, 'colsample_bytree': 0.8424148692924316, 'min_child_samples': 58, 'reg_alpha': 3.381097259762742e-05, 'reg_lambda': 1.2263152961306247e-05}. Best is trial 0 with value: -0.061334381719395835.

[lgbm] === Training for 2023-01 ===
  Train window: 2021-01-01 → 2022-12-24
  2168 training samples from 1 symbols
  Samples per month: 2021-01: 93, 2021-02: 84, 2021-03: 93, 2021-04: 90, 2021-05: 93, 2021-06: 90, 2021-07: 93, 2021-08: 93, 2021-09: 90, 2021-10: 93, 2021-11: 90, 2021-12: 93, 2022-01: 93, 2022-02: 84, 2022-03: 93, 2022-04: 90, 2022-05: 93, 2022-06: 90, 2022-07: 93, 2022-08: 93, 2022-09: 90, 2022-10: 93, 2022-11: 90, 2022-12: 71
  [label] 2021-03-03 16:00 BTCUSDT entry=50373.7500 → LONG | long=timeout(+10.97%) short=sl(-8.37%) | scanned=22 | no_tp→fwd_return=+11.0657
  [label] 2021-03-05 16:00 BTCUSDT entry=48770.5700 → LONG | long=tp(+17.07%) short=sl(-8.68%) | scanned=15 | long_tp_only
  [label] 2021-03-09 16:00 BTCUSDT entry=54917.7800 → LONG | long=tp(+12.46%) short=sl(-6.38%) | scanned=12 | long_tp_only
  [label] 2021-04-03 08:00 BTCUSDT entry=58888.7400 → LONG | long=sl(-4.33%) short=sl(-4.33%) | scanned=20 | no_tp→fwd_return=+2.9308
  [label] 2021-05-25 16:00 BTCUSDT entry=38326.8400 → SHORT | long=timeout(-4.36%) short=timeout(+4.16%) | scanned=22 | no_tp→fwd_return=-4.2618
  [label] 2021-11-07 16:00 BTCUSDT entry=63316.4000 → LONG | long=tp(+7.65%) short=sl(-3.98%) | scanned=4 | long_tp_only
  [label] 2021-11-11 16:00 BTCUSDT entry=64831.3000 → SHORT | long=sl(-5.17%) short=tp(+10.03%) | scanned=20 | short_tp_only
  [label] 2021-11-22 08:00 BTCUSDT entry=58206.7000 → SHORT | long=sl(-5.48%) short=timeout(+1.73%) | scanned=22 | no_tp→fwd_return=-1.8274
  [label] 2022-01-06 08:00 BTCUSDT entry=42947.7900 → LONG | long=sl(-5.60%) short=timeout(-0.62%) | scanned=22 | no_tp→fwd_return=+0.5174
  [label] 2022-01-14 16:00 BTCUSDT entry=43042.4000 → SHORT | long=sl(-4.90%) short=tp(+9.50%) | scanned=19 | short_tp_only
  [label] 2022-04-15 00:00 BTCUSDT entry=40225.6000 → LONG | long=sl(-4.30%) short=sl(-4.30%) | scanned=16 | no_tp→fwd_return=+2.5394
  [label] 2022-05-17 00:00 BTCUSDT entry=30394.3000 → SHORT | long=timeout(-3.41%) short=timeout(+3.21%) | scanned=22 | no_tp→fwd_return=-3.3131
  [label] 2022-06-02 00:00 BTCUSDT entry=29952.8000 → LONG | long=timeout(+1.65%) short=sl(-5.15%) | scanned=22 | no_tp→fwd_return=+1.7511
  [label] 2022-06-14 16:00 BTCUSDT entry=22122.7000 → SHORT | long=sl(-11.38%) short=timeout(+6.27%) | scanned=22 | no_tp→fwd_return=-6.3717
  [label] 2022-07-03 08:00 BTCUSDT entry=19035.3000 → LONG | long=tp(+11.52%) short=sl(-5.91%) | scanned=13 | long_tp_only
  [label] 2022-07-09 16:00 BTCUSDT entry=21580.0000 → SHORT | long=sl(-5.29%) short=tp(+10.28%) | scanned=9 | short_tp_only
  [label] 2022-07-22 00:00 BTCUSDT entry=23109.2000 → LONG | long=sl(-6.57%) short=timeout(-3.69%) | scanned=22 | no_tp→fwd_return=+3.5865
  [label] 2022-08-30 08:00 BTCUSDT entry=19743.8000 → LONG | long=timeout(+0.24%) short=timeout(-0.44%) | scanned=22 | no_tp→fwd_return=+0.3358
  [label] 2022-09-09 08:00 BTCUSDT entry=21258.5000 → SHORT | long=sl(-4.66%) short=sl(-4.66%) | scanned=13 | no_tp→fwd_return=-5.1556
  [label] 2022-12-04 08:00 BTCUSDT entry=17022.2000 → LONG | long=timeout(+0.62%) short=timeout(-0.82%) | scanned=22 | no_tp→fwd_return=+0.7243
  Labels: 1076 long (49.6%), 1092 short (50.4%) | weights: min=1.00, mean=3.49, max=10.00
  Features: 2168/2168 matched, 47 columns
  CV gap: 22 rows
  [ensemble 1/3] seed=42
    [trial 0] 47 features, training_days=480 | threshold=0.631 | labels: 1076 long, 1092 short (50/50%)
    [CV fold 0] train_end=2021-04-24 08:00 | val_start=2021-05-02 00:00 | gap=184h (22 rows)
    [CV fold 1] train_end=2021-08-22 16:00 | val_start=2021-08-30 08:00 | gap=184h (22 rows)
    [CV fold 2] train_end=2021-12-21 00:00 | val_start=2021-12-28 16:00 | gap=184h (22 rows)
    [CV fold 3] train_end=2022-04-20 08:00 | val_start=2022-04-28 00:00 | gap=184h (22 rows)
    [CV fold 4] train_end=2022-08-18 16:00 | val_start=2022-08-26 08:00 | gap=184h (22 rows)
    [trial 0] Sharpe=-0.0491 (folds: 0.0001, 0.2028, -0.1732, -0.0606, -0.2147)
    [trial 1] 47 features, training_days=420 | threshold=0.839 | labels: 1076 long, 1092 short (50/50%)
    [trial 1] Sharpe=-4.0848 (folds: -0.0107, -0.1896, -10.0000, -0.2238, -10.0000)
    [trial 2] 47 features, training_days=190 | threshold=0.602 | labels: 1076 long, 1092 short (50/50%)
    [trial 2] Sharpe=-0.0131 (folds: -0.0482, 0.0458, -0.0386, 0.0392, -0.0639)
    [trial 3] 47 features, training_days=490 | threshold=0.832 | labels: 1076 long, 1092 short (50/50%)
    [trial 3] Sharpe=-0.0594 (folds: -0.0684, 0.1723, -0.1604, -0.0290, -0.2113)
    [trial 4] 47 features, training_days=340 | threshold=0.591 | labels: 1076 long, 1092 short (50/50%)
    [trial 4] Sharpe=-0.0351 (folds: -0.1337, 0.2553, -0.1394, -0.0591, -0.0988)
    [trial 5] 47 features, training_days=50 | threshold=0.823 | labels: 1076 long, 1092 short (50/50%)
    [trial 5] Sharpe=-0.0913 (folds: -0.1119, 0.0165, -0.0476, -0.1698, -0.1437)
    [trial 6] 47 features, training_days=410 | threshold=0.549 | labels: 1076 long, 1092 short (50/50%)
    [trial 6] Sharpe=-0.0121 (folds: 0.0315, 0.2617, -0.1097, -0.1909, -0.0528)
    [trial 7] 47 features, training_days=180 | threshold=0.526 | labels: 1076 long, 1092 short (50/50%)
    [trial 7] Sharpe=-0.0016 (folds: 0.1519, 0.0351, -0.0482, 0.0078, -0.1549)
    [trial 8] 47 features, training_days=240 | threshold=0.811 | labels: 1076 long, 1092 short (50/50%)
    [trial 8] Sharpe=-0.0575 (folds: -0.0399, 0.1419, -0.0745, -0.0870, -0.2281)
    [trial 9] 47 features, training_days=20 | threshold=0.538 | labels: 1076 long, 1092 short (50/50%)
    [trial 9] Sharpe=-1.9744 (folds: 0.1278, 0.0487, -0.0201, -10.0000, -0.0282)
    [trial 10] 47 features, training_days=140 | threshold=0.680 | labels: 1076 long, 1092 short (50/50%)
    [trial 10] Sharpe=-0.0451 (folds: 0.0416, 0.1785, -0.2095, -0.1119, -0.1241)
    [trial 11] 47 features, training_days=320 | threshold=0.503 | labels: 1076 long, 1092 short (50/50%)
    [trial 11] Sharpe=0.0134 (folds: 0.1765, 0.2245, -0.1453, -0.0201, -0.1685)
    [trial 12] 47 features, training_days=310 | threshold=0.507 | labels: 1076 long, 1092 short (50/50%)
    [trial 12] Sharpe=-0.0209 (folds: 0.1272, 0.2071, -0.2022, -0.0527, -0.1837)
    [trial 13] 47 features, training_days=130 | threshold=0.694 | labels: 1076 long, 1092 short (50/50%)
    [trial 13] Sharpe=-0.0661 (folds: -0.0535, 0.1755, -0.1568, -0.0913, -0.2046)
    [trial 14] 47 features, training_days=270 | threshold=0.747 | labels: 1076 long, 1092 short (50/50%)
    [trial 14] Sharpe=-0.1501 (folds: 0.0304, 0.0707, -0.3960, -0.2067, -0.2487)
    [trial 15] 47 features, training_days=180 | threshold=0.503 | labels: 1076 long, 1092 short (50/50%)
    [trial 15] Sharpe=0.0031 (folds: 0.1467, 0.0548, -0.0682, -0.0034, -0.1142)
    [trial 16] 47 features, training_days=350 | threshold=0.577 | labels: 1076 long, 1092 short (50/50%)
    [trial 16] Sharpe=0.0139 (folds: 0.2078, 0.2300, -0.1273, -0.1331, -0.1082)
    [trial 17] 47 features, training_days=370 | threshold=0.572 | labels: 1076 long, 1092 short (50/50%)
    [trial 17] Sharpe=-0.0278 (folds: 0.0816, 0.1935, -0.0573, -0.0719, -0.2848)
  Optuna: 18 trials, best Sharpe = 0.0139
  Best params: n_estimators=163, max_depth=4, lr=0.0109, leaves=55
  Best confidence_threshold: 0.577
  Best training_days: 350
  Retrained on full data (1050 samples, 47 features)
  [ensemble 2/3] seed=123
    [trial 0] 47 features, training_days=150 | threshold=0.744 | labels: 1076 long, 1092 short (50/50%)
    [CV fold 0] train_end=2021-04-24 08:00 | val_start=2021-05-02 00:00 | gap=184h (22 rows)
    [CV fold 1] train_end=2021-08-22 16:00 | val_start=2021-08-30 08:00 | gap=184h (22 rows)
    [CV fold 2] train_end=2021-12-21 00:00 | val_start=2021-12-28 16:00 | gap=184h (22 rows)
    [CV fold 3] train_end=2022-04-20 08:00 | val_start=2022-04-28 00:00 | gap=184h (22 rows)
    [CV fold 4] train_end=2022-08-18 16:00 | val_start=2022-08-26 08:00 | gap=184h (22 rows)
    [trial 0] Sharpe=-0.0613 (folds: 0.0045, 0.1971, -0.2067, -0.1423, -0.1592)
    [trial 1] 47 features, training_days=220 | threshold=0.755 | labels: 1076 long, 1092 short (50/50%)
    [trial 1] Sharpe=-2.2486 (folds: -0.1096, -0.1184, -0.9285, -0.0863, -10.0000)[I 2026-06-01 14:57:35,038] Trial 1 finished with value: -2.248567714884372 and parameters: {'confidence_threshold': 0.7551673975844145, 'training_days': 220, 'n_estimators': 76, 'max_depth': 4, 'num_leaves': 51, 'learning_rate': 0.018602118810743477, 'subsample': 0.5877258780737462, 'colsample_bytree': 0.7657756869209191, 'min_child_samples': 63, 'reg_alpha': 0.005123994170264194, 'reg_lambda': 0.44145470178120466}. Best is trial 0 with value: -0.061334381719395835.
[I 2026-06-01 14:57:35,300] Trial 2 finished with value: -0.09545452939240007 and parameters: {'confidence_threshold': 0.7535593637012223, 'training_days': 310, 'n_estimators': 375, 'max_depth': 3, 'num_leaves': 32, 'learning_rate': 0.021735641882032388, 'subsample': 0.6468570231944146, 'colsample_bytree': 0.8154880619272439, 'min_child_samples': 27, 'reg_alpha': 8.004064028491336e-05, 'reg_lambda': 7.546835261630524e-05}. Best is trial 0 with value: -0.061334381719395835.
[I 2026-06-01 14:57:35,464] Trial 3 finished with value: 0.021280261037403412 and parameters: {'confidence_threshold': 0.6727897841776072, 'training_days': 220, 'n_estimators': 190, 'max_depth': 4, 'num_leaves': 58, 'learning_rate': 0.24810689332636193, 'subsample': 0.7509183379421682, 'colsample_bytree': 0.8119764758960556, 'min_child_samples': 29, 'reg_alpha': 7.1708285081421445e-06, 'reg_lambda': 5.412973582738627e-05}. Best is trial 3 with value: 0.021280261037403412.
[I 2026-06-01 14:57:35,568] Trial 4 finished with value: -0.08190306288019562 and parameters: {'confidence_threshold': 0.803208205259178, 'training_days': 130, 'n_estimators': 267, 'max_depth': 5, 'num_leaves': 40, 'learning_rate': 0.08041175317374143, 'subsample': 0.5603143329951619, 'colsample_bytree': 0.9131704002534167, 'min_child_samples': 68, 'reg_alpha': 0.0008046593428183385, 'reg_lambda': 1.2158346158765583e-05}. Best is trial 3 with value: 0.021280261037403412.
[I 2026-06-01 14:57:35,792] Trial 5 finished with value: -0.026250367749072023 and parameters: {'confidence_threshold': 0.6064422761595144, 'training_days': 210, 'n_estimators': 357, 'max_depth': 5, 'num_leaves': 40, 'learning_rate': 0.0974221287220869, 'subsample': 0.7929682762811064, 'colsample_bytree': 0.8124517510478, 'min_child_samples': 74, 'reg_alpha': 0.3811377260781234, 'reg_lambda': 5.607314238392041e-08}. Best is trial 3 with value: 0.021280261037403412.
[I 2026-06-01 14:57:35,891] Trial 6 finished with value: -0.05500242108455037 and parameters: {'confidence_threshold': 0.7672889945051684, 'training_days': 130, 'n_estimators': 137, 'max_depth': 4, 'num_leaves': 19, 'learning_rate': 0.2031117614248665, 'subsample': 0.8136244860256343, 'colsample_bytree': 0.8617081790949774, 'min_child_samples': 21, 'reg_alpha': 0.002238138278733199, 'reg_lambda': 0.001025809534977322}. Best is trial 3 with value: 0.021280261037403412.
[I 2026-06-01 14:57:35,957] Trial 7 finished with value: -0.09498340497898161 and parameters: {'confidence_threshold': 0.555635875450653, 'training_days': 80, 'n_estimators': 363, 'max_depth': 3, 'num_leaves': 48, 'learning_rate': 0.06590089024008658, 'subsample': 0.6944752870615722, 'colsample_bytree': 0.962566244806993, 'min_child_samples': 88, 'reg_alpha': 1.6465620446426067e-05, 'reg_lambda': 2.4678750890085655e-08}. Best is trial 3 with value: 0.021280261037403412.
[I 2026-06-01 14:57:36,277] Trial 8 finished with value: -0.006196455391124384 and parameters: {'confidence_threshold': 0.6066688256938841, 'training_days': 200, 'n_estimators': 367, 'max_depth': 5, 'num_leaves': 32, 'learning_rate': 0.13377519215934996, 'subsample': 0.7965884582811106, 'colsample_bytree': 0.8458508993500886, 'min_child_samples': 32, 'reg_alpha': 3.889436043816386e-05, 'reg_lambda': 1.4713062489380356e-06}. Best is trial 3 with value: 0.021280261037403412.
[I 2026-06-01 14:57:36,484] Trial 9 finished with value: -0.0011550076213434513 and parameters: {'confidence_threshold': 0.6202096049169137, 'training_days': 260, 'n_estimators': 350, 'max_depth': 3, 'num_leaves': 21, 'learning_rate': 0.02989540198065364, 'subsample': 0.8307821683331218, 'colsample_bytree': 0.923253112635361, 'min_child_samples': 64, 'reg_alpha': 0.4898604619604203, 'reg_lambda': 2.9076377687066166e-05}. Best is trial 3 with value: 0.021280261037403412.
[I 2026-06-01 14:57:36,889] Trial 10 finished with value: -0.013234821159085988 and parameters: {'confidence_threshold': 0.6756170272727778, 'training_days': 470, 'n_estimators': 493, 'max_depth': 4, 'num_leaves': 63, 'learning_rate': 0.010221918552934462, 'subsample': 0.9383547926937981, 'colsample_bytree': 0.6202684210924141, 'min_child_samples': 44, 'reg_alpha': 2.371385268938747e-08, 'reg_lambda': 0.015315426420116851}. Best is trial 3 with value: 0.021280261037403412.
[I 2026-06-01 14:57:37,011] Trial 11 finished with value: -0.027196377037099085 and parameters: {'confidence_threshold': 0.672304345793606, 'training_days': 340, 'n_estimators': 234, 'max_depth': 3, 'num_leaves': 20, 'learning_rate': 0.2941034455271501, 'subsample': 0.8826538612718937, 'colsample_bytree': 0.6778283959364831, 'min_child_samples': 48, 'reg_alpha': 5.56438571366154, 'reg_lambda': 0.0038467626144150177}. Best is trial 3 with value: 0.021280261037403412.
[I 2026-06-01 14:57:37,137] Trial 12 finished with value: -0.07456605575508016 and parameters: {'confidence_threshold': 0.6727899930733724, 'training_days': 340, 'n_estimators': 202, 'max_depth': 3, 'num_leaves': 63, 'learning_rate': 0.03554970762940541, 'subsample': 0.7245561114853949, 'colsample_bytree': 0.5196457038790347, 'min_child_samples': 100, 'reg_alpha': 1.6619318482295187e-07, 'reg_lambda': 1.2188980793434613e-06}. Best is trial 3 with value: 0.021280261037403412.
[I 2026-06-01 14:57:37,167] Trial 13 finished with value: -0.010438489463298038 and parameters: {'confidence_threshold': 0.5124380994302374, 'training_days': 10, 'n_estimators': 475, 'max_depth': 3, 'num_leaves': 27, 'learning_rate': 0.024281561878971163, 'subsample': 0.8524819925064617, 'colsample_bytree': 0.9292621018379528, 'min_child_samples': 42, 'reg_alpha': 1.0060661308529223e-06, 'reg_lambda': 0.06617758437351451}. Best is trial 3 with value: 0.021280261037403412.
[I 2026-06-01 14:57:37,381] Trial 14 finished with value: -0.010800026547743946 and parameters: {'confidence_threshold': 0.6183911428840078, 'training_days': 290, 'n_estimators': 280, 'max_depth': 4, 'num_leaves': 15, 'learning_rate': 0.1450254414015962, 'subsample': 0.6612240067383277, 'colsample_bytree': 0.9977226699583523, 'min_child_samples': 80, 'reg_alpha': 0.06393304247493362, 'reg_lambda': 0.00019286729276019797}. Best is trial 3 with value: 0.021280261037403412.
[I 2026-06-01 14:57:37,673] Trial 15 finished with value: -0.03998634292451128 and parameters: {'confidence_threshold': 0.7050367233919248, 'training_days': 460, 'n_estimators': 300, 'max_depth': 4, 'num_leaves': 56, 'learning_rate': 0.047964452603681096, 'subsample': 0.507007918467014, 'colsample_bytree': 0.7241986323105418, 'min_child_samples': 55, 'reg_alpha': 9.061543342246209, 'reg_lambda': 3.5532501480887757}. Best is trial 3 with value: 0.021280261037403412.
[I 2026-06-01 14:57:37,982] Trial 16 finished with value: 0.026449183297441003 and parameters: {'confidence_threshold': 0.6351555571163623, 'training_days': 270, 'n_estimators': 438, 'max_depth': 3, 'num_leaves': 44, 'learning_rate': 0.011618707686079076, 'subsample': 0.7616663246379325, 'colsample_bytree': 0.9182676696103418, 'min_child_samples': 35, 'reg_alpha': 1.6323832176782968e-06, 'reg_lambda': 3.808650723358034e-07}. Best is trial 16 with value: 0.026449183297441003.
[I 2026-06-01 14:57:38,506] Trial 17 finished with value: -0.014178546162629396 and parameters: {'confidence_threshold': 0.5617278450091161, 'training_days': 400, 'n_estimators': 430, 'max_depth': 5, 'num_leaves': 45, 'learning_rate': 0.01030487522415222, 'subsample': 0.7544919614854775, 'colsample_bytree': 0.7603886210962294, 'min_child_samples': 34, 'reg_alpha': 6.229602473892305e-07, 'reg_lambda': 3.0129460280426735e-07}. Best is trial 16 with value: 0.026449183297441003.
[I 2026-06-01 14:57:38,733] A new study created in memory with name: no-name-aafbe2cd-aff7-4272-8750-c2577a16582f
[I 2026-06-01 14:57:38,922] Trial 0 finished with value: -0.08487426834445291 and parameters: {'confidence_threshold': 0.5870645682749857, 'training_days': 90, 'n_estimators': 403, 'max_depth': 5, 'num_leaves': 45, 'learning_rate': 0.0780457193679974, 'subsample': 0.9428509515574568, 'colsample_bytree': 0.8795587339164916, 'min_child_samples': 34, 'reg_alpha': 2.2465901234314442e-07, 'reg_lambda': 8.339007036475363e-05}. Best is trial 0 with value: -0.08487426834445291.
[I 2026-06-01 14:57:39,035] Trial 1 finished with value: 0.002637349260222838 and parameters: {'confidence_threshold': 0.6348453934275313, 'training_days': 290, 'n_estimators': 115, 'max_depth': 5, 'num_leaves': 37, 'learning_rate': 0.06949568759029946, 'subsample': 0.8228505074024268, 'colsample_bytree': 0.8616703220431751, 'min_child_samples': 75, 'reg_alpha': 4.2486822725010923e-07, 'reg_lambda': 1.157247767047042e-07}. Best is trial 1 with value: 0.002637349260222838.
[I 2026-06-01 14:57:39,056] Trial 2 finished with value: -0.010438489463298038 and parameters: {'confidence_threshold': 0.5849570384370288, 'training_days': 10, 'n_estimators': 212, 'max_depth': 3, 'num_leaves': 41, 'learning_rate': 0.18452095998378365, 'subsample': 0.6001060822924371, 'colsample_bytree': 0.5673167293506167, 'min_child_samples': 37, 'reg_alpha': 5.733250064217131, 'reg_lambda': 0.5308454292595461}. Best is trial 1 with value: 0.002637349260222838.
[I 2026-06-01 14:57:39,136] Trial 3 finished with value: -0.07918782649733677 and parameters: {'confidence_threshold': 0.6868248626683718, 'training_days': 220, 'n_estimators': 134, 'max_depth': 3, 'num_leaves': 45, 'learning_rate': 0.033529007907491595, 'subsample': 0.8647277071858408, 'colsample_bytree': 0.778494116634046, 'min_child_samples': 96, 'reg_alpha': 2.409409937265785e-07, 'reg_lambda': 1.1642073478060009}. Best is trial 1 with value: 0.002637349260222838.
[I 2026-06-01 14:57:39,227] Trial 4 finished with value: -0.00010750889708047718 and parameters: {'confidence_threshold': 0.5623121348350352, 'training_days': 300, 'n_estimators': 69, 'max_depth': 4, 'num_leaves': 32, 'learning_rate': 0.14967629360700346, 'subsample': 0.5054535233636654, 'colsample_bytree': 0.7401385194659216, 'min_child_samples': 27, 'reg_alpha': 1.4212042567426725e-07, 'reg_lambda': 0.23605753701352003}. Best is trial 1 with value: 0.002637349260222838.
[I 2026-06-01 14:57:39,635] Trial 5 finished with value: 0.0003533998246292691 and parameters: {'confidence_threshold': 0.7111850244908446, 'training_days': 490, 'n_estimators': 362, 'max_depth': 5, 'num_leaves': 40, 'learning_rate': 0.05960785724162737, 'subsample': 0.5589714368907717, 'colsample_bytree': 0.6659006943232806, 'min_child_samples': 42, 'reg_alpha': 0.6741360303045295, 'reg_lambda': 6.054601607143087e-08}. Best is trial 1 with value: 0.002637349260222838.
[I 2026-06-01 14:57:39,813] Trial 6 finished with value: -0.0027029112386527552 and parameters: {'confidence_threshold': 0.667482545748023, 'training_days': 420, 'n_estimators': 279, 'max_depth': 3, 'num_leaves': 45, 'learning_rate': 0.040099592560849204, 'subsample': 0.8563114696415159, 'colsample_bytree': 0.5442917781944105, 'min_child_samples': 50, 'reg_alpha': 1.6407916423707903e-08, 'reg_lambda': 2.935907642973286e-05}. Best is trial 1 with value: 0.002637349260222838.
[I 2026-06-01 14:57:39,969] Trial 7 finished with value: -0.04707113564530139 and parameters: {'confidence_threshold': 0.5497381024139926, 'training_days': 120, 'n_estimators': 408, 'max_depth': 5, 'num_leaves': 38, 'learning_rate': 0.28049122657745795, 'subsample': 0.8806573338635493, 'colsample_bytree': 0.5454054113547102, 'min_child_samples': 63, 'reg_alpha': 0.01263008637940408, 'reg_lambda': 0.04588020805366937}. Best is trial 1 with value: 0.002637349260222838.
[I 2026-06-01 14:57:40,234] Trial 8 finished with value: -0.08006923923572433 and parameters: {'confidence_threshold': 0.719644804808716, 'training_days': 450, 'n_estimators': 410, 'max_depth': 4, 'num_leaves': 57, 'learning_rate': 0.04022026551478857, 'subsample': 0.5336085426932707, 'colsample_bytree': 0.5705742850577543, 'min_child_samples': 100, 'reg_alpha': 5.916398047912201e-07, 'reg_lambda': 0.9794034214488329}. Best is trial 1 with value: 0.002637349260222838.
[I 2026-06-01 14:57:40,255] Trial 9 finished with value: -7.990262684954459 and parameters: {'confidence_threshold': 0.7267463643917187, 'training_days': 20, 'n_estimators': 337, 'max_depth': 5, 'num_leaves': 23, 'learning_rate': 0.022153031811454605, 'subsample': 0.6305627572358737, 'colsample_bytree': 0.6613413774216214, 'min_child_samples': 81, 'reg_alpha': 5.7638634029410314e-08, 'reg_lambda': 8.26603016764008}. Best is trial 1 with value: 0.002637349260222838.
