[I 2026-06-01 14:56:18,504] Trial 17 finished with value: 0.15091033149898475 and parameters: {'confidence_threshold': 0.6326626429324846, 'training_days': 390, 'n_estimators': 178, 'max_depth': 5, 'num_leaves': 62, 'learning_rate': 0.02201894951926673, 'subsample': 0.6718064291677197, 'colsample_bytree': 0.824314898254886, 'min_child_samples': 70, 'reg_alpha': 2.304162012250331e-06, 'reg_lambda': 0.001352150060975526}. Best is trial 17 with value: 0.15091033149898475.

    [trial 17] Sharpe=0.0812 (folds: 0.4598, 0.2807, -0.1155, 0.0340, -0.2534)
  Optuna: 18 trials, best Sharpe = 0.1909
  Best params: n_estimators=276, max_depth=4, lr=0.0135, leaves=29
  Best confidence_threshold: 0.677
  Best training_days: 310
  Retrained on full data (930 samples, 47 features)
  [ensemble 3/3] seed=456
    [trial 0] 47 features, training_days=90 | threshold=0.587 | labels: 1209 long, 959 short (56/44%)
    [CV fold 0] train_end=2020-08-22 08:00 | val_start=2020-08-30 00:00 | gap=184h (22 rows)
    [CV fold 1] train_end=2020-12-20 16:00 | val_start=2020-12-28 08:00 | gap=184h (22 rows)
    [CV fold 2] train_end=2021-04-20 00:00 | val_start=2021-04-27 16:00 | gap=184h (22 rows)
    [CV fold 3] train_end=2021-08-18 08:00 | val_start=2021-08-26 00:00 | gap=184h (22 rows)
    [CV fold 4] train_end=2021-12-16 16:00 | val_start=2021-12-24 08:00 | gap=184h (22 rows)
    [trial 0] Sharpe=0.0388 (folds: 0.1022, 0.2414, -0.1158, -0.0104, -0.0235)
    [trial 1] 47 features, training_days=290 | threshold=0.635 | labels: 1209 long, 959 short (56/44%)
    [trial 1] Sharpe=0.1416 (folds: 0.2010, 0.2930, 0.0581, 0.0854, 0.0702)
    [trial 2] 47 features, training_days=10 | threshold=0.585 | labels: 1209 long, 959 short (56/44%)
    [trial 2] Sharpe=-0.1602 (folds: -0.5723, -0.2333, 0.1271, -0.0940, -0.0287)
    [trial 3] 47 features, training_days=220 | threshold=0.687 | labels: 1209 long, 959 short (56/44%)
    [trial 3] Sharpe=0.1226 (folds: 0.4211, 0.1843, 0.0112, 0.0849, -0.0883)
    [trial 4] 47 features, training_days=300 | threshold=0.562 | labels: 1209 long, 959 short (56/44%)
    [trial 4] Sharpe=0.1009 (folds: 0.0824, 0.1784, 0.0567, 0.1453, 0.0418)
    [trial 5] 47 features, training_days=490 | threshold=0.711 | labels: 1209 long, 959 short (56/44%)
    [trial 5] Sharpe=0.0960 (folds: 0.1343, 0.1919, 0.0374, 0.1690, -0.0526)
    [trial 6] 47 features, training_days=420 | threshold=0.667 | labels: 1209 long, 959 short (56/44%)
    [trial 6] Sharpe=0.1164 (folds: 0.1827, 0.2206, 0.0685, 0.1169, -0.0067)
    [trial 7] 47 features, training_days=120 | threshold=0.550 | labels: 1209 long, 959 short (56/44%)
    [trial 7] Sharpe=0.0637 (folds: 0.1897, 0.1925, -0.0587, 0.1540, -0.1593)
    [trial 8] 47 features, training_days=450 | threshold=0.720 | labels: 1209 long, 959 short (56/44%)
    [trial 8] Sharpe=0.1293 (folds: 0.3467, 0.2455, 0.0301, 0.1692, -0.1449)
    [trial 9] 47 features, training_days=20 | threshold=0.727 | labels: 1209 long, 959 short (56/44%)
    [trial 9] Sharpe=-5.9229 (folds: -10.0000, 0.3065, -10.0000, 0.0790, -10.0000)
    [trial 10] 47 features, training_days=320 | threshold=0.840 | labels: 1209 long, 959 short (56/44%)
    [trial 10] Sharpe=-1.8846 (folds: 0.6972, 0.1177, 0.1169, -0.3548, -10.0000)
    [trial 11] 47 features, training_days=390 | threshold=0.783 | labels: 1209 long, 959 short (56/44%)
    [trial 11] Sharpe=0.1480 (folds: 0.2807, 0.2375, 0.0331, 0.2208, -0.0323)
    [trial 12] 47 features, training_days=370 | threshold=0.824 | labels: 1209 long, 959 short (56/44%)
    [trial 12] Sharpe=0.1133 (folds: 0.1929, 0.2250, 0.0026, 0.1392, 0.0066)
    [trial 13] 47 features, training_days=230 | threshold=0.631 | labels: 1209 long, 959 short (56/44%)
    [trial 13] Sharpe=0.1133 (folds: 0.2346, 0.2329, 0.1238, 0.1416, -0.1663)
    [trial 14] 47 features, training_days=370 | threshold=0.772 | labels: 1209 long, 959 short (56/44%)
    [trial 14] Sharpe=0.1315 (folds: 0.2274, 0.2282, 0.0037, 0.1442, 0.0542)
    [trial 15] 47 features, training_days=180 | threshold=0.776 | labels: 1209 long, 959 short (56/44%)
    [trial 15] Sharpe=0.0893 (folds: 0.2348, 0.1776, 0.0204, 0.0127, 0.0010)
    [trial 16] 47 features, training_days=300 | threshold=0.516 | labels: 1209 long, 959 short (56/44%)
    [trial 16] Sharpe=0.1208 (folds: 0.1815, 0.2006, 0.0388, 0.1194, 0.0635)
    [trial 17] 47 features, training_days=390 | threshold=0.633 | labels: 1209 long, 959 short (56/44%)
    [trial 17] Sharpe=0.1509 (folds: 0.3554, 0.2746, 0.0218, 0.1252, -0.0223)
  Optuna: 18 trials, best Sharpe = 0.1509
  Best params: n_estimators=178, max_depth=5, lr=0.0220, leaves=62
  Best confidence_threshold: 0.633
  Best training_days: 390
  Retrained on full data (1170 samples, 47 features)
  OOD: 16 features, cutoff (q=0.7) = 8.87
  Model trained for 2022-05: 93 test candles with features, confidence_threshold=0.668
[predict] 2022-05-01 08:00 BTCUSDT → SHORT (proba=0.68 TP=8.3%/SL=4.1%)
[trade:open] 2022-05-01 15:59 BTCUSDT SHORT @ 38470.20 | SL=40061.58 TP=35287.43 | timeout=2022-05-08 15:59
[trade:close] 2022-05-04 23:59 BTCUSDT SHORT → stop_loss @ 40061.58 | PnL=-4.14% (net -4.24%) | cum=-12.54% 2022-05=-4.24% 2022-05-04=-4.24%
[predict] 2022-05-13 00:00 BTCUSDT → LONG (proba=0.73 TP=23.3%/SL=11.7%)
[trade:open] 2022-05-13 07:59 BTCUSDT LONG @ 30172.30 | SL=26650.53 TP=37215.83 | timeout=2022-05-20 07:59
[trade:close] 2022-05-20 08:00 BTCUSDT LONG → timeout @ 30251.60 | PnL=+0.26% (net +0.16%) | cum=-12.38% 2022-05=-4.07% 2022-05-20=+0.16%
[predict] 2022-05-21 00:00 BTCUSDT → LONG (proba=0.83 TP=13.4%/SL=6.7%)
[trade:open] 2022-05-21 07:59 BTCUSDT LONG @ 29411.10 | SL=27441.56 TP=33350.19 | timeout=2022-05-28 07:59
[trade:close] 2022-05-28 08:00 BTCUSDT LONG → timeout @ 28871.00 | PnL=-1.84% (net -1.94%) | cum=-14.31% 2022-05=-6.01% 2022-05-28=-1.94%
[lgbm] === Training for 2022-06 ===
  Train window: 2020-06-01 → 2022-05-24
  2168 training samples from 1 symbols
  Samples per month: 2020-06: 90, 2020-07: 93, 2020-08: 93, 2020-09: 90, 2020-10: 93, 2020-11: 90, 2020-12: 93, 2021-01: 93, 2021-02: 84, 2021-03: 93, 2021-04: 90, 2021-05: 93, 2021-06: 90, 2021-07: 93, 2021-08: 93, 2021-09: 90, 2021-10: 93, 2021-11: 90, 2021-12: 93, 2022-01: 93, 2022-02: 84, 2022-03: 93, 2022-04: 90, 2022-05: 71
  [label] 2020-08-01 16:00 BTCUSDT entry=11811.4200 → SHORT | long=sl(-4.60%) short=tp(+8.90%) | scanned=1 | short_tp_only
  [label] 2020-08-03 16:00 BTCUSDT entry=11227.0700 → LONG | long=timeout(+5.87%) short=sl(-6.19%) | scanned=22 | no_tp→fwd_return=+5.9661
  [label] 2020-08-07 16:00 BTCUSDT entry=11596.0600 → LONG | long=timeout(+1.38%) short=timeout(-1.58%) | scanned=22 | no_tp→fwd_return=+1.4818
  [label] 2020-09-01 08:00 BTCUSDT entry=12049.1300 → SHORT | long=sl(-2.91%) short=tp(+5.51%) | scanned=3 | short_tp_only
  [label] 2020-10-23 16:00 BTCUSDT entry=12925.8200 → LONG | long=timeout(+4.72%) short=sl(-3.74%) | scanned=22 | no_tp→fwd_return=+4.8221
  [label] 2021-04-07 16:00 BTCUSDT entry=56018.1800 → LONG | long=tp(+9.09%) short=sl(-4.69%) | scanned=7 | long_tp_only
  [label] 2021-04-11 16:00 BTCUSDT entry=60090.2000 → SHORT | long=sl(-4.28%) short=sl(-4.28%) | scanned=19 | no_tp→fwd_return=-6.4460
  [label] 2021-04-22 08:00 BTCUSDT entry=54672.0700 → SHORT | long=sl(-7.65%) short=timeout(+1.59%) | scanned=22 | no_tp→fwd_return=-1.6888
  [label] 2021-06-06 08:00 BTCUSDT entry=36159.2400 → SHORT | long=sl(-7.78%) short=timeout(+0.32%) | scanned=22 | no_tp→fwd_return=-0.4194
  [label] 2021-06-14 16:00 BTCUSDT entry=40489.1000 → SHORT | long=sl(-7.38%) short=tp(+14.45%) | scanned=17 | short_tp_only
  [label] 2021-09-13 00:00 BTCUSDT entry=44492.1400 → LONG | long=timeout(+0.65%) short=sl(-5.92%) | scanned=22 | no_tp→fwd_return=+0.7498
  [label] 2021-10-15 00:00 BTCUSDT entry=59290.7800 → LONG | long=tp(+10.59%) short=sl(-5.44%) | scanned=16 | long_tp_only
  [label] 2021-10-31 00:00 BTCUSDT entry=61413.3400 → LONG | long=timeout(+0.55%) short=timeout(-0.75%) | scanned=22 | no_tp→fwd_return=+0.6529
  [label] 2021-11-12 16:00 BTCUSDT entry=64156.0800 → SHORT | long=sl(-5.27%) short=tp(+10.24%) | scanned=18 | short_tp_only
  [label] 2021-12-01 08:00 BTCUSDT entry=58650.2500 → SHORT | long=sl(-5.43%) short=tp(+10.57%) | scanned=7 | short_tp_only
  [label] 2021-12-07 16:00 BTCUSDT entry=50577.2000 → SHORT | long=sl(-7.75%) short=timeout(+4.35%) | scanned=22 | no_tp→fwd_return=-4.4549
  [label] 2021-12-20 00:00 BTCUSDT entry=46421.6600 → LONG | long=tp(+10.97%) short=sl(-5.64%) | scanned=14 | long_tp_only
  [label] 2022-01-28 08:00 BTCUSDT entry=37169.9900 → LONG | long=timeout(+6.12%) short=timeout(-6.32%) | scanned=22 | no_tp→fwd_return=+6.2193[I 2026-06-01 14:56:18,921] A new study created in memory with name: no-name-b5668aa7-bfd1-4075-b96a-371b05d95afb
[I 2026-06-01 14:56:19,250] Trial 0 finished with value: -0.0132587907735932 and parameters: {'confidence_threshold': 0.6310890415965769, 'training_days': 480, 'n_estimators': 380, 'max_depth': 4, 'num_leaves': 22, 'learning_rate': 0.01699897838270077, 'subsample': 0.5290418060840998, 'colsample_bytree': 0.9330880728874675, 'min_child_samples': 68, 'reg_alpha': 0.023585940584142682, 'reg_lambda': 1.5320059381854043e-08}. Best is trial 0 with value: -0.0132587907735932.
[I 2026-06-01 14:56:19,364] Trial 1 finished with value: -2.068005226598385 and parameters: {'confidence_threshold': 0.839468448256698, 'training_days': 420, 'n_estimators': 145, 'max_depth': 3, 'num_leaves': 23, 'learning_rate': 0.028145092716060652, 'subsample': 0.762378215816119, 'colsample_bytree': 0.7159725093210578, 'min_child_samples': 43, 'reg_alpha': 0.0032112643094417484, 'reg_lambda': 1.8007140198129195e-07}. Best is trial 0 with value: -0.0132587907735932.
[I 2026-06-01 14:56:19,511] Trial 2 finished with value: -0.07078426455034437 and parameters: {'confidence_threshold': 0.6022506269873263, 'training_days': 190, 'n_estimators': 255, 'max_depth': 5, 'num_leaves': 24, 'learning_rate': 0.05748924681991978, 'subsample': 0.7962072844310213, 'colsample_bytree': 0.5232252063599989, 'min_child_samples': 69, 'reg_alpha': 3.425445902633376e-07, 'reg_lambda': 3.850031979199519e-08}. Best is trial 0 with value: -0.0132587907735932.
[I 2026-06-01 14:56:19,750] Trial 3 finished with value: -0.07566250834561439 and parameters: {'confidence_threshold': 0.8321099380386666, 'training_days': 490, 'n_estimators': 414, 'max_depth': 3, 'num_leaves': 19, 'learning_rate': 0.1024932221692416, 'subsample': 0.7200762468698007, 'colsample_bytree': 0.5610191174223894, 'min_child_samples': 60, 'reg_alpha': 2.039373116525212e-08, 'reg_lambda': 1.527156759251193}. Best is trial 0 with value: -0.0132587907735932.
[I 2026-06-01 14:56:19,902] Trial 4 finished with value: 0.03398109918035072 and parameters: {'confidence_threshold': 0.5905729935600059, 'training_days': 340, 'n_estimators': 190, 'max_depth': 4, 'num_leaves': 41, 'learning_rate': 0.01875220945578641, 'subsample': 0.9847923138822793, 'colsample_bytree': 0.8875664116805573, 'min_child_samples': 96, 'reg_alpha': 1.1309571585271483, 'reg_lambda': 0.002404915432737351}. Best is trial 4 with value: 0.03398109918035072.
[I 2026-06-01 14:56:19,953] Trial 5 finished with value: 0.1264586873177344 and parameters: {'confidence_threshold': 0.8226559822580909, 'training_days': 50, 'n_estimators': 138, 'max_depth': 3, 'num_leaves': 30, 'learning_rate': 0.03750796359625606, 'subsample': 0.6356745158869479, 'colsample_bytree': 0.9143687545759647, 'min_child_samples': 48, 'reg_alpha': 3.376063348877853e-06, 'reg_lambda': 0.0007660634613082914}. Best is trial 5 with value: 0.1264586873177344.
[I 2026-06-01 14:56:20,054] Trial 6 finished with value: 0.019781872631716945 and parameters: {'confidence_threshold': 0.5493234787411669, 'training_days': 410, 'n_estimators': 83, 'max_depth': 5, 'num_leaves': 52, 'learning_rate': 0.019657448966046126, 'subsample': 0.5027610585618012, 'colsample_bytree': 0.9077307142274171, 'min_child_samples': 77, 'reg_alpha': 0.03639690979811287, 'reg_lambda': 0.08738424135626986}. Best is trial 5 with value: 0.1264586873177344.
[I 2026-06-01 14:56:20,137] Trial 7 finished with value: -0.014356525769780115 and parameters: {'confidence_threshold': 0.5259156281069316, 'training_days': 180, 'n_estimators': 102, 'max_depth': 5, 'num_leaves': 45, 'learning_rate': 0.030816017044468066, 'subsample': 0.5317791751430119, 'colsample_bytree': 0.6554911608578311, 'min_child_samples': 46, 'reg_alpha': 0.036851536911881845, 'reg_lambda': 0.005470376807480391}. Best is trial 5 with value: 0.1264586873177344.
[I 2026-06-01 14:56:20,227] Trial 8 finished with value: -0.02410595815080301 and parameters: {'confidence_threshold': 0.8105244599017143, 'training_days': 240, 'n_estimators': 103, 'max_depth': 5, 'num_leaves': 52, 'learning_rate': 0.06746437142284309, 'subsample': 0.8854835899772805, 'colsample_bytree': 0.7468977981821954, 'min_child_samples': 62, 'reg_alpha': 7.04480806377519e-05, 'reg_lambda': 1.6934490731313353e-08}. Best is trial 5 with value: 0.1264586873177344.
[I 2026-06-01 14:56:20,249] Trial 9 finished with value: -0.06993986644148377 and parameters: {'confidence_threshold': 0.5377619994476566, 'training_days': 20, 'n_estimators': 337, 'max_depth': 3, 'num_leaves': 39, 'learning_rate': 0.21907142272152816, 'subsample': 0.6246461145744375, 'colsample_bytree': 0.7051914615178149, 'min_child_samples': 81, 'reg_alpha': 1.1459970229341322e-06, 'reg_lambda': 4.929685216887945e-08}. Best is trial 5 with value: 0.1264586873177344.
[I 2026-06-01 14:56:20,277] Trial 10 finished with value: -2.0093873144837593 and parameters: {'confidence_threshold': 0.7318981109748116, 'training_days': 10, 'n_estimators': 487, 'max_depth': 4, 'num_leaves': 31, 'learning_rate': 0.14704103471568217, 'subsample': 0.628963476300746, 'colsample_bytree': 0.987470107623585, 'min_child_samples': 25, 'reg_alpha': 2.608784411827665e-05, 'reg_lambda': 3.3639426888455256e-06}. Best is trial 5 with value: 0.1264586873177344.
[I 2026-06-01 14:56:20,437] Trial 11 finished with value: -0.035645776149692644 and parameters: {'confidence_threshold': 0.716511937042965, 'training_days': 320, 'n_estimators': 227, 'max_depth': 4, 'num_leaves': 36, 'learning_rate': 0.010391584450418287, 'subsample': 0.962497596528612, 'colsample_bytree': 0.8291852193868787, 'min_child_samples': 96, 'reg_alpha': 5.370415467243256, 'reg_lambda': 0.00010207276241911574}. Best is trial 5 with value: 0.1264586873177344.
[I 2026-06-01 14:56:20,572] Trial 12 finished with value: 0.016857300536030684 and parameters: {'confidence_threshold': 0.6640468266107448, 'training_days': 310, 'n_estimators': 188, 'max_depth': 4, 'num_leaves': 62, 'learning_rate': 0.03716786383248443, 'subsample': 0.9908747608152276, 'colsample_bytree': 0.8336228052393174, 'min_child_samples': 100, 'reg_alpha': 2.8240404785498425, 'reg_lambda': 0.0003730020761712416}. Best is trial 5 with value: 0.1264586873177344.
[I 2026-06-01 14:56:20,669] Trial 13 finished with value: 0.10662479801463494 and parameters: {'confidence_threshold': 0.7511004938244776, 'training_days': 130, 'n_estimators': 189, 'max_depth': 3, 'num_leaves': 33, 'learning_rate': 0.012631547203540382, 'subsample': 0.6722689798236687, 'colsample_bytree': 0.8550696328428302, 'min_child_samples': 43, 'reg_alpha': 5.089139747366672e-06, 'reg_lambda': 0.002378020147307651}. Best is trial 5 with value: 0.1264586873177344.
[I 2026-06-01 14:56:20,800] Trial 14 finished with value: 0.18969730840156498 and parameters: {'confidence_threshold': 0.7594036169129817, 'training_days': 100, 'n_estimators': 299, 'max_depth': 3, 'num_leaves': 30, 'learning_rate': 0.010421348745014398, 'subsample': 0.6602381051770723, 'colsample_bytree': 0.8314441581337699, 'min_child_samples': 40, 'reg_alpha': 2.670693886528206e-06, 'reg_lambda': 7.565770484313319e-06}. Best is trial 14 with value: 0.18969730840156498.
[I 2026-06-01 14:56:20,932] Trial 15 finished with value: 0.035451219719239604 and parameters: {'confidence_threshold': 0.7830437444722765, 'training_days': 100, 'n_estimators': 308, 'max_depth': 3, 'num_leaves': 29, 'learning_rate': 0.09347237905208686, 'subsample': 0.6015874640141092, 'colsample_bytree': 0.790296101105895, 'min_child_samples': 27, 'reg_alpha': 5.1605174394468703e-08, 'reg_lambda': 8.353641949713611e-06}. Best is trial 14 with value: 0.18969730840156498.
[I 2026-06-01 14:56:21,059] Trial 16 finished with value: 0.031476828524822704 and parameters: {'confidence_threshold': 0.7804801620132263, 'training_days': 90, 'n_estimators': 293, 'max_depth': 3, 'num_leaves': 16, 'learning_rate': 0.038631983852860916, 'subsample': 0.7031091979423141, 'colsample_bytree': 0.9826162589395974, 'min_child_samples': 34, 'reg_alpha': 0.0003728785861091332, 'reg_lambda': 1.5949783981171654e-06}. Best is trial 14 with value: 0.18969730840156498.
[I 2026-06-01 14:56:21,149] Trial 17 finished with value: 0.07555474943487427 and parameters: {'confidence_threshold': 0.7070311848485039, 'training_days': 60, 'n_estimators': 360, 'max_depth': 3, 'num_leaves': 28, 'learning_rate': 0.024297818627597986, 'subsample': 0.8366733523272174, 'colsample_bytree': 0.7861983638172064, 'min_child_samples': 52, 'reg_alpha': 3.9286876928643126e-07, 'reg_lambda': 3.957284702718096e-05}. Best is trial 14 with value: 0.18969730840156498.
[I 2026-06-01 14:56:21,266] A new study created in memory with name: no-name-f6f69ba8-b379-4231-8621-7410ae941de1
[I 2026-06-01 14:56:21,367] Trial 0 finished with value: -0.02877754985740736 and parameters: {'confidence_threshold': 0.7437642149592516, 'training_days': 150, 'n_estimators': 152, 'max_depth': 4, 'num_leaves': 50, 'learning_rate': 0.04216766425047743, 'subsample': 0.9903820991923078, 'colsample_bytree': 0.8424148692924316, 'min_child_samples': 58, 'reg_alpha': 3.381097259762742e-05, 'reg_lambda': 1.2263152961306247e-05}. Best is trial 0 with value: -0.02877754985740736.
[I 2026-06-01 14:56:21,438] Trial 1 finished with value: -0.1780385193163395 and parameters: {'confidence_threshold': 0.7551673975844145, 'training_days': 220, 'n_estimators': 76, 'max_depth': 4, 'num_leaves': 51, 'learning_rate': 0.018602118810743477, 'subsample': 0.5877258780737462, 'colsample_bytree': 0.7657756869209191, 'min_child_samples': 63, 'reg_alpha': 0.005123994170264194, 'reg_lambda': 0.44145470178120466}. Best is trial 0 with value: -0.02877754985740736.
[I 2026-06-01 14:56:21,678] Trial 2 finished with value: 0.005035349292820188 and parameters: {'confidence_threshold': 0.7535593637012223, 'training_days': 310, 'n_estimators': 375, 'max_depth': 3, 'num_leaves': 32, 'learning_rate': 0.021735641882032388, 'subsample': 0.6468570231944146, 'colsample_bytree': 0.8154880619272439, 'min_child_samples': 27, 'reg_alpha': 8.004064028491336e-05, 'reg_lambda': 7.546835261630524e-05}. Best is trial 2 with value: 0.005035349292820188.
[I 2026-06-01 14:56:21,832] Trial 3 finished with value: -0.07074913957287743 and parameters: {'confidence_threshold': 0.6727897841776072, 'training_days': 220, 'n_estimators': 190, 'max_depth': 4, 'num_leaves': 58, 'learning_rate': 0.24810689332636193, 'subsample': 0.7509183379421682, 'colsample_bytree': 0.8119764758960556, 'min_child_samples': 29, 'reg_alpha': 7.1708285081421445e-06, 'reg_lambda': 5.412973582738627e-05}. Best is trial 2 with value: 0.005035349292820188.
[I 2026-06-01 14:56:21,957] Trial 4 finished with value: -0.031986657360098474 and parameters: {'confidence_threshold': 0.803208205259178, 'training_days': 130, 'n_estimators': 267, 'max_depth': 5, 'num_leaves': 40, 'learning_rate': 0.08041175317374143, 'subsample': 0.5603143329951619, 'colsample_bytree': 0.9131704002534167, 'min_child_samples': 68, 'reg_alpha': 0.0008046593428183385, 'reg_lambda': 1.2158346158765583e-05}. Best is trial 2 with value: 0.005035349292820188.
[I 2026-06-01 14:56:22,177] Trial 5 finished with value: -0.04481009312093927 and parameters: {'confidence_threshold': 0.6064422761595144, 'training_days': 210, 'n_estimators': 357, 'max_depth': 5, 'num_leaves': 40, 'learning_rate': 0.0974221287220869, 'subsample': 0.7929682762811064, 'colsample_bytree': 0.8124517510478, 'min_child_samples': 74, 'reg_alpha': 0.3811377260781234, 'reg_lambda': 5.607314238392041e-08}. Best is trial 2 with value: 0.005035349292820188.
[I 2026-06-01 14:56:22,270] Trial 6 finished with value: -0.01808841342968586 and parameters: {'confidence_threshold': 0.7672889945051684, 'training_days': 130, 'n_estimators': 137, 'max_depth': 4, 'num_leaves': 19, 'learning_rate': 0.2031117614248665, 'subsample': 0.8136244860256343, 'colsample_bytree': 0.8617081790949774, 'min_child_samples': 21, 'reg_alpha': 0.002238138278733199, 'reg_lambda': 0.001025809534977322}. Best is trial 2 with value: 0.005035349292820188.
[I 2026-06-01 14:56:22,328] Trial 7 finished with value: -0.016059029908507137 and parameters: {'confidence_threshold': 0.555635875450653, 'training_days': 80, 'n_estimators': 363, 'max_depth': 3, 'num_leaves': 48, 'learning_rate': 0.06590089024008658, 'subsample': 0.6944752870615722, 'colsample_bytree': 0.962566244806993, 'min_child_samples': 88, 'reg_alpha': 1.6465620446426067e-05, 'reg_lambda': 2.4678750890085655e-08}. Best is trial 2 with value: 0.005035349292820188.
[I 2026-06-01 14:56:22,621] Trial 8 finished with value: -0.05363991846962483 and parameters: {'confidence_threshold': 0.6066688256938841, 'training_days': 200, 'n_estimators': 367, 'max_depth': 5, 'num_leaves': 32, 'learning_rate': 0.13377519215934996, 'subsample': 0.7965884582811106, 'colsample_bytree': 0.8458508993500886, 'min_child_samples': 32, 'reg_alpha': 3.889436043816386e-05, 'reg_lambda': 1.4713062489380356e-06}. Best is trial 2 with value: 0.005035349292820188.
