[I 2026-06-01 14:56:22,826] Trial 9 finished with value: -0.020920927510497477 and parameters: {'confidence_threshold': 0.6202096049169137, 'training_days': 260, 'n_estimators': 350, 'max_depth': 3, 'num_leaves': 21, 'learning_rate': 0.02989540198065364, 'subsample': 0.8307821683331218, 'colsample_bytree': 0.923253112635361, 'min_child_samples': 64, 'reg_alpha': 0.4898604619604203, 'reg_lambda': 2.9076377687066166e-05}. Best is trial 2 with value: 0.005035349292820188.
[I 2026-06-01 14:56:23,105] Trial 10 finished with value: -2.001580086327139 and parameters: {'confidence_threshold': 0.8445241688507242, 'training_days': 420, 'n_estimators': 494, 'max_depth': 3, 'num_leaves': 30, 'learning_rate': 0.010221918552934462, 'subsample': 0.5019190721168774, 'colsample_bytree': 0.6202684210924141, 'min_child_samples': 45, 'reg_alpha': 1.5494783182896407e-08, 'reg_lambda': 0.018878930586497852}. Best is trial 2 with value: 0.005035349292820188.
[I 2026-06-01 14:56:23,133] Trial 11 finished with value: -0.06993986644148377 and parameters: {'confidence_threshold': 0.5077463503498806, 'training_days': 10, 'n_estimators': 481, 'max_depth': 3, 'num_leaves': 48, 'learning_rate': 0.026648706335371596, 'subsample': 0.6581542700946174, 'colsample_bytree': 0.9846700359148485, 'min_child_samples': 100, 'reg_alpha': 2.5493772909886044e-07, 'reg_lambda': 1.0035776237342458e-08}. Best is trial 2 with value: 0.005035349292820188.
[I 2026-06-01 14:56:23,352] Trial 12 finished with value: -0.02539822860331443 and parameters: {'confidence_threshold': 0.5170417950991051, 'training_days': 360, 'n_estimators': 413, 'max_depth': 3, 'num_leaves': 63, 'learning_rate': 0.05809128784912797, 'subsample': 0.6775760748210882, 'colsample_bytree': 0.6669454130036883, 'min_child_samples': 90, 'reg_alpha': 7.059808345859644e-07, 'reg_lambda': 2.7400188623030223e-07}. Best is trial 2 with value: 0.005035349292820188.
[I 2026-06-01 14:56:23,501] Trial 13 finished with value: 0.022117980037075814 and parameters: {'confidence_threshold': 0.6955529552558224, 'training_days': 320, 'n_estimators': 279, 'max_depth': 3, 'num_leaves': 31, 'learning_rate': 0.015315833213768821, 'subsample': 0.6692276593280039, 'colsample_bytree': 0.5443982906148261, 'min_child_samples': 82, 'reg_alpha': 0.016433372259908357, 'reg_lambda': 0.0030333051639739646}. Best is trial 13 with value: 0.022117980037075814.
[I 2026-06-01 14:56:23,646] Trial 14 finished with value: 0.005625083888663574 and parameters: {'confidence_threshold': 0.6968624890517784, 'training_days': 320, 'n_estimators': 242, 'max_depth': 3, 'num_leaves': 29, 'learning_rate': 0.010733865484948656, 'subsample': 0.6111415075914018, 'colsample_bytree': 0.5034139861451107, 'min_child_samples': 49, 'reg_alpha': 0.02672900403920057, 'reg_lambda': 0.002238160234885918}. Best is trial 13 with value: 0.022117980037075814.
[I 2026-06-01 14:56:23,868] Trial 15 finished with value: -0.012160629019796898 and parameters: {'confidence_threshold': 0.6935302650942637, 'training_days': 480, 'n_estimators': 264, 'max_depth': 4, 'num_leaves': 26, 'learning_rate': 0.011414661774024037, 'subsample': 0.8966418548807951, 'colsample_bytree': 0.5093920150666754, 'min_child_samples': 48, 'reg_alpha': 8.505190173484733, 'reg_lambda': 0.00475431749368382}. Best is trial 13 with value: 0.022117980037075814.
[I 2026-06-01 14:56:24,005] Trial 16 finished with value: -0.021272545963255785 and parameters: {'confidence_threshold': 0.684695113596025, 'training_days': 350, 'n_estimators': 219, 'max_depth': 3, 'num_leaves': 15, 'learning_rate': 0.013903871973249734, 'subsample': 0.5824016374699942, 'colsample_bytree': 0.502313444330533, 'min_child_samples': 79, 'reg_alpha': 0.05682468732545374, 'reg_lambda': 3.9146990728104405}. Best is trial 13 with value: 0.022117980037075814.

  [label] 2022-02-07 08:00 BTCUSDT entry=43805.2600 → SHORT | long=sl(-4.94%) short=timeout(+2.73%) | scanned=22 | no_tp→fwd_return=-2.8313
  [label] 2022-05-04 08:00 BTCUSDT entry=38969.0000 → SHORT | long=sl(-3.86%) short=tp(+7.43%) | scanned=3 | short_tp_only
  Labels: 1168 long (53.9%), 1000 short (46.1%) | weights: min=1.00, mean=3.47, max=10.00
  Features: 2168/2168 matched, 47 columns
  CV gap: 22 rows
  [ensemble 1/3] seed=42
    [trial 0] 47 features, training_days=480 | threshold=0.631 | labels: 1168 long, 1000 short (54/46%)
    [CV fold 0] train_end=2020-09-22 08:00 | val_start=2020-09-30 00:00 | gap=184h (22 rows)
    [CV fold 1] train_end=2021-01-20 16:00 | val_start=2021-01-28 08:00 | gap=184h (22 rows)
    [CV fold 2] train_end=2021-05-21 00:00 | val_start=2021-05-28 16:00 | gap=184h (22 rows)
    [CV fold 3] train_end=2021-09-18 08:00 | val_start=2021-09-26 00:00 | gap=184h (22 rows)
    [CV fold 4] train_end=2022-01-16 16:00 | val_start=2022-01-24 08:00 | gap=184h (22 rows)
    [trial 0] Sharpe=-0.0133 (folds: 0.1189, -0.1126, 0.1340, 0.1223, -0.3290)
    [trial 1] 47 features, training_days=420 | threshold=0.839 | labels: 1168 long, 1000 short (54/46%)
    [trial 1] Sharpe=-2.0680 (folds: 0.2335, -0.1715, 0.3889, -0.7910, -10.0000)
    [trial 2] 47 features, training_days=190 | threshold=0.602 | labels: 1168 long, 1000 short (54/46%)
    [trial 2] Sharpe=-0.0708 (folds: 0.0534, -0.1049, 0.1493, -0.0195, -0.4322)
    [trial 3] 47 features, training_days=490 | threshold=0.832 | labels: 1168 long, 1000 short (54/46%)
    [trial 3] Sharpe=-0.0757 (folds: 0.0393, -0.1915, 0.0833, 0.0160, -0.3253)
    [trial 4] 47 features, training_days=340 | threshold=0.591 | labels: 1168 long, 1000 short (54/46%)
    [trial 4] Sharpe=0.0340 (folds: 0.1273, -0.0145, 0.1635, 0.1208, -0.2271)
    [trial 5] 47 features, training_days=50 | threshold=0.823 | labels: 1168 long, 1000 short (54/46%)
    [trial 5] Sharpe=0.1265 (folds: 0.3445, 0.1412, -0.0090, 0.1512, 0.0045)
    [trial 6] 47 features, training_days=410 | threshold=0.549 | labels: 1168 long, 1000 short (54/46%)
    [trial 6] Sharpe=0.0198 (folds: 0.1887, 0.0618, 0.0344, 0.1397, -0.3257)
    [trial 7] 47 features, training_days=180 | threshold=0.526 | labels: 1168 long, 1000 short (54/46%)
    [trial 7] Sharpe=-0.0144 (folds: 0.2137, 0.0237, 0.0924, 0.0394, -0.4410)
    [trial 8] 47 features, training_days=240 | threshold=0.811 | labels: 1168 long, 1000 short (54/46%)
    [trial 8] Sharpe=-0.0241 (folds: 0.1633, -0.0804, 0.2117, 0.0012, -0.4163)
    [trial 9] 47 features, training_days=20 | threshold=0.538 | labels: 1168 long, 1000 short (54/46%)
    [trial 9] Sharpe=-0.0699 (folds: -0.3028, -0.0653, -0.0930, 0.0738, 0.0376)
    [trial 10] 47 features, training_days=10 | threshold=0.732 | labels: 1168 long, 1000 short (54/46%)
    [trial 10] Sharpe=-2.0094 (folds: -10.0000, -0.0653, -0.0930, 0.0738, 0.0376)
    [trial 11] 47 features, training_days=320 | threshold=0.717 | labels: 1168 long, 1000 short (54/46%)
    [trial 11] Sharpe=-0.0356 (folds: -0.0153, -0.0567, 0.2519, -0.0141, -0.3440)
    [trial 12] 47 features, training_days=310 | threshold=0.664 | labels: 1168 long, 1000 short (54/46%)
    [trial 12] Sharpe=0.0169 (folds: 0.0726, -0.1317, 0.2061, 0.0732, -0.1359)
    [trial 13] 47 features, training_days=130 | threshold=0.751 | labels: 1168 long, 1000 short (54/46%)
    [trial 13] Sharpe=0.1066 (folds: 0.2395, 0.0826, 0.1206, 0.3201, -0.2297)
    [trial 14] 47 features, training_days=100 | threshold=0.759 | labels: 1168 long, 1000 short (54/46%)
    [trial 14] Sharpe=0.1897 (folds: 0.2964, 0.1006, 0.1335, 0.5616, -0.1436)
    [trial 15] 47 features, training_days=100 | threshold=0.783 | labels: 1168 long, 1000 short (54/46%)
    [trial 15] Sharpe=0.0355 (folds: -0.0314, 0.0124, 0.0823, 0.1854, -0.0715)
    [trial 16] 47 features, training_days=90 | threshold=0.780 | labels: 1168 long, 1000 short (54/46%)
    [trial 16] Sharpe=0.0315 (folds: 0.0667, 0.0840, -0.0360, 0.1796, -0.1369)
    [trial 17] 47 features, training_days=60 | threshold=0.707 | labels: 1168 long, 1000 short (54/46%)
    [trial 17] Sharpe=0.0756 (folds: 0.2072, -0.0144, 0.0021, 0.2030, -0.0201)
  Optuna: 18 trials, best Sharpe = 0.1897
  Best params: n_estimators=299, max_depth=3, lr=0.0104, leaves=30
  Best confidence_threshold: 0.759
  Best training_days: 100
  Retrained on full data (300 samples, 47 features)
  [ensemble 2/3] seed=123
    [trial 0] 47 features, training_days=150 | threshold=0.744 | labels: 1168 long, 1000 short (54/46%)
    [CV fold 0] train_end=2020-09-22 08:00 | val_start=2020-09-30 00:00 | gap=184h (22 rows)
    [CV fold 1] train_end=2021-01-20 16:00 | val_start=2021-01-28 08:00 | gap=184h (22 rows)
    [CV fold 2] train_end=2021-05-21 00:00 | val_start=2021-05-28 16:00 | gap=184h (22 rows)
    [CV fold 3] train_end=2021-09-18 08:00 | val_start=2021-09-26 00:00 | gap=184h (22 rows)
    [CV fold 4] train_end=2022-01-16 16:00 | val_start=2022-01-24 08:00 | gap=184h (22 rows)
    [trial 0] Sharpe=-0.0288 (folds: 0.0793, -0.0386, 0.1735, 0.0904, -0.4485)
    [trial 1] 47 features, training_days=220 | threshold=0.755 | labels: 1168 long, 1000 short (54/46%)
    [trial 1] Sharpe=-0.1780 (folds: 0.3968, -0.1583, 0.1097, -0.4742, -0.7643)
    [trial 2] 47 features, training_days=310 | threshold=0.754 | labels: 1168 long, 1000 short (54/46%)
    [trial 2] Sharpe=0.0050 (folds: 0.2363, -0.1235, 0.1225, -0.1139, -0.0961)
    [trial 3] 47 features, training_days=220 | threshold=0.673 | labels: 1168 long, 1000 short (54/46%)
    [trial 3] Sharpe=-0.0707 (folds: 0.0238, -0.1114, 0.1709, 0.0004, -0.4374)
    [trial 4] 47 features, training_days=130 | threshold=0.803 | labels: 1168 long, 1000 short (54/46%)
    [trial 4] Sharpe=-0.0320 (folds: 0.0459, -0.0578, 0.0946, 0.1161, -0.3586)
    [trial 5] 47 features, training_days=210 | threshold=0.606 | labels: 1168 long, 1000 short (54/46%)
    [trial 5] Sharpe=-0.0448 (folds: 0.0640, -0.1065, 0.1176, -0.0069, -0.2922)
    [trial 6] 47 features, training_days=130 | threshold=0.767 | labels: 1168 long, 1000 short (54/46%)
    [trial 6] Sharpe=-0.0181 (folds: 0.1105, -0.0193, 0.0592, -0.0550, -0.1859)
    [trial 7] 47 features, training_days=80 | threshold=0.556 | labels: 1168 long, 1000 short (54/46%)
    [trial 7] Sharpe=-0.0161 (folds: 0.1774, -0.1181, -0.1652, 0.2154, -0.1898)
    [trial 8] 47 features, training_days=200 | threshold=0.607 | labels: 1168 long, 1000 short (54/46%)
    [trial 8] Sharpe=-0.0536 (folds: 0.0960, -0.1166, 0.1439, -0.0891, -0.3024)
    [trial 9] 47 features, training_days=260 | threshold=0.620 | labels: 1168 long, 1000 short (54/46%)
    [trial 9] Sharpe=-0.0209 (folds: 0.0546, -0.1983, 0.2169, 0.0829, -0.2606)
    [trial 10] 47 features, training_days=420 | threshold=0.845 | labels: 1168 long, 1000 short (54/46%)
    [trial 10] Sharpe=-2.0016 (folds: 0.1736, -0.1846, 0.2680, -0.2650, -10.0000)
    [trial 11] 47 features, training_days=10 | threshold=0.508 | labels: 1168 long, 1000 short (54/46%)
    [trial 11] Sharpe=-0.0699 (folds: -0.3028, -0.0653, -0.0930, 0.0738, 0.0376)
    [trial 12] 47 features, training_days=360 | threshold=0.517 | labels: 1168 long, 1000 short (54/46%)
    [trial 12] Sharpe=-0.0254 (folds: 0.0298, -0.1089, 0.1507, -0.0223, -0.1763)
    [trial 13] 47 features, training_days=320 | threshold=0.696 | labels: 1168 long, 1000 short (54/46%)
    [trial 13] Sharpe=0.0221 (folds: 0.1530, -0.0836, 0.1843, 0.0347, -0.1778)
    [trial 14] 47 features, training_days=320 | threshold=0.697 | labels: 1168 long, 1000 short (54/46%)
    [trial 14] Sharpe=0.0056 (folds: 0.2054, -0.0780, 0.1902, -0.0610, -0.2284)
    [trial 15] 47 features, training_days=480 | threshold=0.694 | labels: 1168 long, 1000 short (54/46%)
    [trial 15] Sharpe=-0.0122 (folds: 0.1525, 0.0391, 0.0265, -0.0052, -0.2737)
    [trial 16] 47 features, training_days=350 | threshold=0.685 | labels: 1168 long, 1000 short (54/46%)
    [trial 16] Sharpe=-0.0213 (folds: 0.1901, -0.1104, 0.2134, 0.0624, -0.4618)
    [trial 17] 47 features, training_days=410 | threshold=0.653 | labels: 1168 long, 1000 short (54/46%)
    [trial 17] Sharpe=-0.0247 (folds: 0.0956, -0.0865, 0.0204, 0.1356, -0.2889)[I 2026-06-01 14:56:24,208] Trial 17 finished with value: -0.02474779934971607 and parameters: {'confidence_threshold': 0.6527167486501728, 'training_days': 410, 'n_estimators': 295, 'max_depth': 3, 'num_leaves': 36, 'learning_rate': 0.01494734837302202, 'subsample': 0.7086358489038321, 'colsample_bytree': 0.5837681350039381, 'min_child_samples': 52, 'reg_alpha': 0.017867971546418063, 'reg_lambda': 0.07049709716708756}. Best is trial 13 with value: 0.022117980037075814.
[I 2026-06-01 14:56:24,333] A new study created in memory with name: no-name-4abb9a0d-00df-4075-af60-a8bc0743af1a
[I 2026-06-01 14:56:24,539] Trial 0 finished with value: 0.022295978139996057 and parameters: {'confidence_threshold': 0.5870645682749857, 'training_days': 90, 'n_estimators': 403, 'max_depth': 5, 'num_leaves': 45, 'learning_rate': 0.0780457193679974, 'subsample': 0.9428509515574568, 'colsample_bytree': 0.8795587339164916, 'min_child_samples': 34, 'reg_alpha': 2.2465901234314442e-07, 'reg_lambda': 8.339007036475363e-05}. Best is trial 0 with value: 0.022295978139996057.
[I 2026-06-01 14:56:24,640] Trial 1 finished with value: -0.009094968456225516 and parameters: {'confidence_threshold': 0.6348453934275313, 'training_days': 290, 'n_estimators': 115, 'max_depth': 5, 'num_leaves': 37, 'learning_rate': 0.06949568759029946, 'subsample': 0.8228505074024268, 'colsample_bytree': 0.8616703220431751, 'min_child_samples': 75, 'reg_alpha': 4.2486822725010923e-07, 'reg_lambda': 1.157247767047042e-07}. Best is trial 0 with value: 0.022295978139996057.
[I 2026-06-01 14:56:24,661] Trial 2 finished with value: -0.06993986644148377 and parameters: {'confidence_threshold': 0.5849570384370288, 'training_days': 10, 'n_estimators': 212, 'max_depth': 3, 'num_leaves': 41, 'learning_rate': 0.18452095998378365, 'subsample': 0.6001060822924371, 'colsample_bytree': 0.5673167293506167, 'min_child_samples': 37, 'reg_alpha': 5.733250064217131, 'reg_lambda': 0.5308454292595461}. Best is trial 0 with value: 0.022295978139996057.
[I 2026-06-01 14:56:24,747] Trial 3 finished with value: -0.06681723180223556 and parameters: {'confidence_threshold': 0.6868248626683718, 'training_days': 220, 'n_estimators': 134, 'max_depth': 3, 'num_leaves': 45, 'learning_rate': 0.033529007907491595, 'subsample': 0.8647277071858408, 'colsample_bytree': 0.778494116634046, 'min_child_samples': 96, 'reg_alpha': 2.409409937265785e-07, 'reg_lambda': 1.1642073478060009}. Best is trial 0 with value: 0.022295978139996057.
[I 2026-06-01 14:56:24,834] Trial 4 finished with value: 0.008698442493327851 and parameters: {'confidence_threshold': 0.5623121348350352, 'training_days': 300, 'n_estimators': 69, 'max_depth': 4, 'num_leaves': 32, 'learning_rate': 0.14967629360700346, 'subsample': 0.5054535233636654, 'colsample_bytree': 0.7401385194659216, 'min_child_samples': 27, 'reg_alpha': 1.4212042567426725e-07, 'reg_lambda': 0.23605753701352003}. Best is trial 0 with value: 0.022295978139996057.
[I 2026-06-01 14:56:25,232] Trial 5 finished with value: -0.025956281480590336 and parameters: {'confidence_threshold': 0.7111850244908446, 'training_days': 490, 'n_estimators': 362, 'max_depth': 5, 'num_leaves': 40, 'learning_rate': 0.05960785724162737, 'subsample': 0.5589714368907717, 'colsample_bytree': 0.6659006943232806, 'min_child_samples': 42, 'reg_alpha': 0.6741360303045295, 'reg_lambda': 6.054601607143087e-08}. Best is trial 0 with value: 0.022295978139996057.
[I 2026-06-01 14:56:25,401] Trial 6 finished with value: -0.010530576541194936 and parameters: {'confidence_threshold': 0.667482545748023, 'training_days': 420, 'n_estimators': 279, 'max_depth': 3, 'num_leaves': 45, 'learning_rate': 0.040099592560849204, 'subsample': 0.8563114696415159, 'colsample_bytree': 0.5442917781944105, 'min_child_samples': 50, 'reg_alpha': 1.6407916423707903e-08, 'reg_lambda': 2.935907642973286e-05}. Best is trial 0 with value: 0.022295978139996057.
[I 2026-06-01 14:56:25,528] Trial 7 finished with value: -0.054988590507061307 and parameters: {'confidence_threshold': 0.5497381024139926, 'training_days': 120, 'n_estimators': 408, 'max_depth': 5, 'num_leaves': 38, 'learning_rate': 0.28049122657745795, 'subsample': 0.8806573338635493, 'colsample_bytree': 0.5454054113547102, 'min_child_samples': 63, 'reg_alpha': 0.01263008637940408, 'reg_lambda': 0.04588020805366937}. Best is trial 0 with value: 0.022295978139996057.
[I 2026-06-01 14:56:25,776] Trial 8 finished with value: -0.01881396957819188 and parameters: {'confidence_threshold': 0.719644804808716, 'training_days': 450, 'n_estimators': 410, 'max_depth': 4, 'num_leaves': 57, 'learning_rate': 0.04022026551478857, 'subsample': 0.5336085426932707, 'colsample_bytree': 0.5705742850577543, 'min_child_samples': 100, 'reg_alpha': 5.916398047912201e-07, 'reg_lambda': 0.9794034214488329}. Best is trial 0 with value: 0.022295978139996057.
[I 2026-06-01 14:56:25,801] Trial 9 finished with value: -6.03166723875515 and parameters: {'confidence_threshold': 0.7267463643917187, 'training_days': 20, 'n_estimators': 337, 'max_depth': 5, 'num_leaves': 23, 'learning_rate': 0.022153031811454605, 'subsample': 0.6305627572358737, 'colsample_bytree': 0.6613413774216214, 'min_child_samples': 81, 'reg_alpha': 5.7638634029410314e-08, 'reg_lambda': 8.26603016764008}. Best is trial 0 with value: 0.022295978139996057.
[I 2026-06-01 14:56:26,094] Trial 10 finished with value: 0.05254257491447214 and parameters: {'confidence_threshold': 0.8398533911817929, 'training_days': 130, 'n_estimators': 485, 'max_depth': 4, 'num_leaves': 62, 'learning_rate': 0.014251957942824738, 'subsample': 0.9901604570372973, 'colsample_bytree': 0.9944479338273263, 'min_child_samples': 23, 'reg_alpha': 6.837313901272251e-05, 'reg_lambda': 0.0006976939169966911}. Best is trial 10 with value: 0.05254257491447214.
[I 2026-06-01 14:56:26,419] Trial 11 finished with value: 0.06279632216530673 and parameters: {'confidence_threshold': 0.8491135887906174, 'training_days': 140, 'n_estimators': 478, 'max_depth': 4, 'num_leaves': 61, 'learning_rate': 0.010040680771315659, 'subsample': 0.9943448329854054, 'colsample_bytree': 0.9775347597655288, 'min_child_samples': 20, 'reg_alpha': 7.328612622954525e-05, 'reg_lambda': 0.0002767360651732308}. Best is trial 11 with value: 0.06279632216530673.
[I 2026-06-01 14:56:27,004] Trial 12 finished with value: -0.026843960751193018 and parameters: {'confidence_threshold': 0.844172879916663, 'training_days': 180, 'n_estimators': 490, 'max_depth': 4, 'num_leaves': 63, 'learning_rate': 0.01016004474536195, 'subsample': 0.9950368342558168, 'colsample_bytree': 0.9826583982594713, 'min_child_samples': 20, 'reg_alpha': 5.113460481149383e-05, 'reg_lambda': 0.0022105109201275095}. Best is trial 11 with value: 0.06279632216530673.
[I 2026-06-01 14:56:27,336] Trial 13 finished with value: 0.05959966806435024 and parameters: {'confidence_threshold': 0.8491911315870185, 'training_days': 130, 'n_estimators': 494, 'max_depth': 4, 'num_leaves': 55, 'learning_rate': 0.010365414043456918, 'subsample': 0.7073909792186277, 'colsample_bytree': 0.977673677256957, 'min_child_samples': 23, 'reg_alpha': 7.991749892477264e-05, 'reg_lambda': 4.1910078918541625e-06}. Best is trial 11 with value: 0.06279632216530673.
[I 2026-06-01 14:56:27,651] Trial 14 finished with value: -0.06241590472661498 and parameters: {'confidence_threshold': 0.7943244749329125, 'training_days': 190, 'n_estimators': 500, 'max_depth': 4, 'num_leaves': 54, 'learning_rate': 0.01777581502921911, 'subsample': 0.7104414224237818, 'colsample_bytree': 0.9084453274554588, 'min_child_samples': 52, 'reg_alpha': 0.002022719657321661, 'reg_lambda': 3.8468698859352755e-06}. Best is trial 11 with value: 0.06279632216530673.
[I 2026-06-01 14:56:27,851] Trial 15 finished with value: 0.07236787217563101 and parameters: {'confidence_threshold': 0.7829525506318393, 'training_days': 80, 'n_estimators': 442, 'max_depth': 4, 'num_leaves': 54, 'learning_rate': 0.010000530828352507, 'subsample': 0.7309282183883146, 'colsample_bytree': 0.943086896897379, 'min_child_samples': 31, 'reg_alpha': 1.0945332685767025e-05, 'reg_lambda': 2.201832378251197e-06}. Best is trial 15 with value: 0.07236787217563101.
[I 2026-06-01 14:56:27,960] Trial 16 finished with value: 0.021956019270832787 and parameters: {'confidence_threshold': 0.7809712285122007, 'training_days': 60, 'n_estimators': 299, 'max_depth': 4, 'num_leaves': 51, 'learning_rate': 0.021467907065884327, 'subsample': 0.7698015992542697, 'colsample_bytree': 0.9228072483827684, 'min_child_samples': 33, 'reg_alpha': 9.15193800211426e-06, 'reg_lambda': 0.006550889900779614}. Best is trial 15 with value: 0.07236787217563101.
