[I 2026-06-01 15:02:28,816] Trial 8 finished with value: -0.07794855099719405 and parameters: {'confidence_threshold': 0.8105244599017143, 'training_days': 240, 'n_estimators': 103, 'max_depth': 5, 'num_leaves': 52, 'learning_rate': 0.06746437142284309, 'subsample': 0.8854835899772805, 'colsample_bytree': 0.7468977981821954, 'min_child_samples': 62, 'reg_alpha': 7.04480806377519e-05, 'reg_lambda': 1.6934490731313353e-08}. Best is trial 5 with value: 0.11381364148679744.
[I 2026-06-01 15:02:28,838] Trial 9 finished with value: -2.077640770393173 and parameters: {'confidence_threshold': 0.5377619994476566, 'training_days': 20, 'n_estimators': 337, 'max_depth': 3, 'num_leaves': 39, 'learning_rate': 0.21907142272152816, 'subsample': 0.6246461145744375, 'colsample_bytree': 0.7051914615178149, 'min_child_samples': 81, 'reg_alpha': 1.1459970229341322e-06, 'reg_lambda': 4.929685216887945e-08}. Best is trial 5 with value: 0.11381364148679744.
[I 2026-06-01 15:02:28,870] Trial 10 finished with value: -0.01724768072803169 and parameters: {'confidence_threshold': 0.7318981109748116, 'training_days': 10, 'n_estimators': 487, 'max_depth': 4, 'num_leaves': 31, 'learning_rate': 0.14704103471568217, 'subsample': 0.628963476300746, 'colsample_bytree': 0.987470107623585, 'min_child_samples': 25, 'reg_alpha': 2.608784411827665e-05, 'reg_lambda': 3.3639426888455256e-06}. Best is trial 5 with value: 0.11381364148679744.
[I 2026-06-01 15:02:28,915] Trial 11 finished with value: -5.897814092092882 and parameters: {'confidence_threshold': 0.7161090655475574, 'training_days': 110, 'n_estimators': 65, 'max_depth': 4, 'num_leaves': 60, 'learning_rate': 0.011154303114805692, 'subsample': 0.6290161990788976, 'colsample_bytree': 0.8438489693453172, 'min_child_samples': 92, 'reg_alpha': 1.6115749528927317, 'reg_lambda': 0.5855213887055177}. Best is trial 5 with value: 0.11381364148679744.
[I 2026-06-01 15:02:29,066] Trial 12 finished with value: -0.047363112339426534 and parameters: {'confidence_threshold': 0.7456670193224102, 'training_days': 340, 'n_estimators': 206, 'max_depth': 3, 'num_leaves': 33, 'learning_rate': 0.03208899494279826, 'subsample': 0.5222281423323654, 'colsample_bytree': 0.8304278626461432, 'min_child_samples': 45, 'reg_alpha': 0.0006941608047409722, 'reg_lambda': 5.899790100111974e-05}. Best is trial 5 with value: 0.11381364148679744.
[I 2026-06-01 15:02:29,148] Trial 13 finished with value: -0.0816576041384565 and parameters: {'confidence_threshold': 0.663455030204664, 'training_days': 330, 'n_estimators': 60, 'max_depth': 5, 'num_leaves': 62, 'learning_rate': 0.041055899057314625, 'subsample': 0.6803710106053958, 'colsample_bytree': 0.9994455923633134, 'min_child_samples': 80, 'reg_alpha': 4.9164566205838954e-06, 'reg_lambda': 0.05682130535124364}. Best is trial 5 with value: 0.11381364148679744.
[I 2026-06-01 15:02:29,268] Trial 14 finished with value: 0.010551905854491084 and parameters: {'confidence_threshold': 0.7871652886153421, 'training_days': 90, 'n_estimators': 202, 'max_depth': 4, 'num_leaves': 54, 'learning_rate': 0.010586219226284353, 'subsample': 0.5808433054196197, 'colsample_bytree': 0.816535373912939, 'min_child_samples': 31, 'reg_alpha': 3.770845974254184e-08, 'reg_lambda': 0.0002979489411625065}. Best is trial 5 with value: 0.11381364148679744.
[I 2026-06-01 15:02:29,402] Trial 15 finished with value: 0.01658170184969766 and parameters: {'confidence_threshold': 0.7775952481140708, 'training_days': 90, 'n_estimators': 251, 'max_depth': 3, 'num_leaves': 31, 'learning_rate': 0.01002406654804393, 'subsample': 0.5936332549288843, 'colsample_bytree': 0.8100744538922787, 'min_child_samples': 21, 'reg_alpha': 1.0692888771850759e-08, 'reg_lambda': 7.482879404932238e-05}. Best is trial 5 with value: 0.11381364148679744.

    [trial 16] 47 features, training_days=110 | threshold=0.839 | labels: 1188 long, 983 short (55/45%)
    [trial 16] Sharpe=-0.0245 (folds: 0.0007, -0.0601, -0.0045, 0.0303, -0.0887)
    [trial 17] 47 features, training_days=200 | threshold=0.787 | labels: 1188 long, 983 short (55/45%)
    [trial 17] Sharpe=-0.1237 (folds: 0.0272, -0.2257, 0.0643, -0.1589, -0.3257)
  Optuna: 18 trials, best Sharpe = 0.0194
  Best params: n_estimators=419, max_depth=5, lr=0.0138, leaves=51
  Best confidence_threshold: 0.772
  Best training_days: 80
  Retrained on full data (240 samples, 47 features)
  OOD: 16 features, cutoff (q=0.7) = 9.35
  Model trained for 2025-03: 93 test candles with features, confidence_threshold=0.771
[predict] 2025-03-16 16:00 BTCUSDT → LONG (proba=0.80 TP=9.0%/SL=4.5%)
[trade:open] 2025-03-16 23:59 BTCUSDT LONG @ 82541.60 | SL=78827.81 TP=89969.18 | timeout=2025-03-23 23:59
[trade:close] 2025-03-24 00:00 BTCUSDT LONG → timeout @ 86044.10 | PnL=+4.24% (net +4.14%) | cum=-23.49% 2025-03=+4.14% 2025-03-24=+4.14%
[predict] 2025-03-25 08:00 BTCUSDT → SHORT (proba=0.84 TP=5.9%/SL=2.9%)
[trade:open] 2025-03-25 15:59 BTCUSDT SHORT @ 87723.00 | SL=90301.06 TP=82566.87 | timeout=2025-04-01 15:59
[trade:close] 2025-03-29 15:59 BTCUSDT SHORT → take_profit @ 82566.87 | PnL=+5.88% (net +5.78%) | cum=-17.72% 2025-03=+9.92% 2025-03-29=+5.78%
[lgbm] === Training for 2025-04 ===
  Train window: 2023-04-01 → 2025-03-24
  2171 training samples from 1 symbols
  Samples per month: 2023-04: 90, 2023-05: 93, 2023-06: 90, 2023-07: 93, 2023-08: 93, 2023-09: 90, 2023-10: 93, 2023-11: 90, 2023-12: 93, 2024-01: 93, 2024-02: 87, 2024-03: 93, 2024-04: 90, 2024-05: 93, 2024-06: 90, 2024-07: 93, 2024-08: 93, 2024-09: 90, 2024-10: 93, 2024-11: 90, 2024-12: 93, 2025-01: 93, 2025-02: 84, 2025-03: 71
  [label] 2023-06-01 16:00 BTCUSDT entry=26805.3000 → SHORT | long=sl(-3.12%) short=timeout(+1.09%) | scanned=22 | no_tp→fwd_return=-1.1916
  [label] 2023-06-04 00:00 BTCUSDT entry=27141.0000 → SHORT | long=sl(-2.67%) short=tp(+5.05%) | scanned=5 | short_tp_only
  [label] 2023-06-07 16:00 BTCUSDT entry=26325.9000 → SHORT | long=sl(-3.83%) short=timeout(+4.50%) | scanned=22 | no_tp→fwd_return=-4.5962
  [label] 2023-07-02 08:00 BTCUSDT entry=30491.4000 → SHORT | long=timeout(-0.61%) short=sl(-3.10%) | scanned=22 | no_tp→fwd_return=-0.5070
  [label] 2023-08-24 00:00 BTCUSDT entry=26460.7000 → LONG | long=tp(+5.35%) short=sl(-2.82%) | scanned=17 | long_tp_only
  [label] 2024-02-06 00:00 BTCUSDT entry=42870.0000 → LONG | long=tp(+5.34%) short=sl(-2.82%) | scanned=7 | long_tp_only
  [label] 2024-02-10 00:00 BTCUSDT entry=47130.5000 → LONG | long=tp(+5.93%) short=sl(-3.12%) | scanned=8 | long_tp_only
  [label] 2024-02-20 16:00 BTCUSDT entry=52297.4000 → LONG | long=sl(-3.41%) short=sl(-3.41%) | scanned=18 | no_tp→fwd_return=+4.2339
  [label] 2024-04-05 16:00 BTCUSDT entry=67825.7000 → SHORT | long=timeout(-1.12%) short=sl(-4.69%) | scanned=22 | no_tp→fwd_return=-1.0163
  [label] 2024-04-14 08:00 BTCUSDT entry=64163.3000 → LONG | long=sl(-6.41%) short=timeout(-1.43%) | scanned=22 | no_tp→fwd_return=+1.3274
  [label] 2024-07-13 16:00 BTCUSDT entry=59174.0000 → LONG | long=tp(+8.15%) short=sl(-4.22%) | scanned=6 | long_tp_only
  [label] 2024-08-14 16:00 BTCUSDT entry=58648.1000 → LONG | long=timeout(+4.11%) short=sl(-5.46%) | scanned=22 | no_tp→fwd_return=+4.2148
  [label] 2024-08-31 00:00 BTCUSDT entry=59060.8000 → SHORT | long=sl(-4.45%) short=tp(+8.59%) | scanned=19 | short_tp_only
  [label] 2024-09-12 16:00 BTCUSDT entry=58097.0000 → LONG | long=tp(+7.91%) short=sl(-4.11%) | scanned=20 | long_tp_only
  [label] 2024-10-01 00:00 BTCUSDT entry=64017.0000 → SHORT | long=sl(-2.74%) short=tp(+5.18%) | scanned=2 | short_tp_only
  [label] 2024-10-07 08:00 BTCUSDT entry=63620.0000 → SHORT | long=sl(-3.00%) short=tp(+5.70%) | scanned=10 | short_tp_only
  [label] 2024-10-19 16:00 BTCUSDT entry=68357.1000 → SHORT | long=sl(-2.60%) short=timeout(+1.78%) | scanned=22 | no_tp→fwd_return=-1.8803
  [label] 2024-11-28 08:00 BTCUSDT entry=95067.3000 → LONG | long=tp(+8.30%) short=sl(-4.30%) | scanned=20 | long_tp_only
  [label] 2024-12-08 00:00 BTCUSDT entry=99741.5000 → LONG | long=sl(-4.48%) short=timeout(-2.04%) | scanned=22 | no_tp→fwd_return=+1.9354
  [label] 2025-03-04 08:00 BTCUSDT entry=82945.0000 → SHORT | long=sl(-7.74%) short=sl(-7.74%) | scanned=20 | no_tp→fwd_return=-3.0852
  Labels: 1182 long (54.4%), 989 short (45.6%) | weights: min=1.00, mean=3.49, max=10.00
  Features: 2171/2171 matched, 47 columns
  CV gap: 22 rows
  [ensemble 1/3] seed=42
    [trial 0] 47 features, training_days=480 | threshold=0.631 | labels: 1182 long, 989 short (54/46%)
    [CV fold 0] train_end=2023-07-24 08:00 | val_start=2023-08-01 00:00 | gap=184h (22 rows)
    [CV fold 1] train_end=2023-11-21 16:00 | val_start=2023-11-29 08:00 | gap=184h (22 rows)
    [CV fold 2] train_end=2024-03-21 00:00 | val_start=2024-03-28 16:00 | gap=184h (22 rows)
    [CV fold 3] train_end=2024-07-19 08:00 | val_start=2024-07-27 00:00 | gap=184h (22 rows)
    [CV fold 4] train_end=2024-11-16 16:00 | val_start=2024-11-24 08:00 | gap=184h (22 rows)
    [trial 0] Sharpe=-0.0787 (folds: -0.0697, -0.1237, 0.0447, 0.0951, -0.3396)
    [trial 1] 47 features, training_days=420 | threshold=0.839 | labels: 1182 long, 989 short (54/46%)
    [trial 1] Sharpe=-3.9966 (folds: 0.0285, -0.1336, 0.1223, -10.0000, -10.0000)
    [trial 2] 47 features, training_days=190 | threshold=0.602 | labels: 1182 long, 989 short (54/46%)
    [trial 2] Sharpe=-0.0420 (folds: 0.0229, 0.0670, -0.0421, -0.0241, -0.2336)
    [trial 3] 47 features, training_days=490 | threshold=0.832 | labels: 1182 long, 989 short (54/46%)
    [trial 3] Sharpe=-0.0155 (folds: -0.0074, 0.0112, -0.0711, 0.1428, -0.1530)
    [trial 4] 47 features, training_days=340 | threshold=0.591 | labels: 1182 long, 989 short (54/46%)
    [trial 4] Sharpe=-0.0472 (folds: 0.0079, 0.0258, 0.0358, -0.0157, -0.2897)
    [trial 5] 47 features, training_days=50 | threshold=0.823 | labels: 1182 long, 989 short (54/46%)
    [trial 5] Sharpe=0.1138 (folds: 0.3748, 0.3830, -0.0806, 0.0940, -0.2020)
    [trial 6] 47 features, training_days=410 | threshold=0.549 | labels: 1182 long, 989 short (54/46%)
    [trial 6] Sharpe=-0.0082 (folds: 0.0255, 0.0255, 0.0374, -0.0244, -0.1048)
    [trial 7] 47 features, training_days=180 | threshold=0.526 | labels: 1182 long, 989 short (54/46%)
    [trial 7] Sharpe=-0.0353 (folds: -0.0517, 0.1464, -0.0459, -0.0445, -0.1808)
    [trial 8] 47 features, training_days=240 | threshold=0.811 | labels: 1182 long, 989 short (54/46%)
    [trial 8] Sharpe=-0.0779 (folds: 0.0125, -0.0059, 0.0076, 0.0229, -0.4267)
    [trial 9] 47 features, training_days=20 | threshold=0.538 | labels: 1182 long, 989 short (54/46%)
    [trial 9] Sharpe=-2.0776 (folds: -0.4813, -10.0000, 0.0241, 0.1607, -0.0918)
    [trial 10] 47 features, training_days=10 | threshold=0.732 | labels: 1182 long, 989 short (54/46%)
    [trial 10] Sharpe=-0.0172 (folds: -0.4813, 0.3020, 0.0241, 0.1607, -0.0918)
    [trial 11] 47 features, training_days=110 | threshold=0.716 | labels: 1182 long, 989 short (54/46%)
    [trial 11] Sharpe=-5.8978 (folds: -10.0000, 0.5153, -10.0000, -10.0000, -0.0044)
    [trial 12] 47 features, training_days=340 | threshold=0.746 | labels: 1182 long, 989 short (54/46%)
    [trial 12] Sharpe=-0.0474 (folds: 0.0303, 0.0072, -0.2603, 0.2241, -0.2381)
    [trial 13] 47 features, training_days=330 | threshold=0.663 | labels: 1182 long, 989 short (54/46%)
    [trial 13] Sharpe=-0.0817 (folds: 0.0165, 0.0120, -0.0904, 0.0777, -0.4241)
    [trial 14] 47 features, training_days=90 | threshold=0.787 | labels: 1182 long, 989 short (54/46%)
    [trial 14] Sharpe=0.0106 (folds: -0.2160, 0.3163, -0.0861, 0.1645, -0.1259)
    [trial 15] 47 features, training_days=90 | threshold=0.778 | labels: 1182 long, 989 short (54/46%)
    [trial 15] Sharpe=0.0166 (folds: -0.1356, 0.2538, -0.0147, 0.1460, -0.1666)
    [trial 16] 47 features, training_days=90 | threshold=0.780 | labels: 1182 long, 989 short (54/46%)
    [trial 16] Sharpe=-0.0026 (folds: -0.0626, 0.1658, -0.0597, 0.0954, -0.1518)[I 2026-06-01 15:02:29,547] Trial 16 finished with value: -0.0025908643696096246 and parameters: {'confidence_threshold': 0.7804801620132263, 'training_days': 90, 'n_estimators': 293, 'max_depth': 3, 'num_leaves': 31, 'learning_rate': 0.09197671648676446, 'subsample': 0.6832758279827469, 'colsample_bytree': 0.7895188207605416, 'min_child_samples': 34, 'reg_alpha': 2.687108826802341e-07, 'reg_lambda': 5.604190238592203e-06}. Best is trial 5 with value: 0.11381364148679744.
[I 2026-06-01 15:02:29,712] Trial 17 finished with value: 0.019857401301982887 and parameters: {'confidence_threshold': 0.7711936322836233, 'training_days': 150, 'n_estimators': 261, 'max_depth': 3, 'num_leaves': 15, 'learning_rate': 0.04302553031342478, 'subsample': 0.8366733523272174, 'colsample_bytree': 0.6505152466626335, 'min_child_samples': 24, 'reg_alpha': 1.2901899524789028e-08, 'reg_lambda': 2.523142520672657e-05}. Best is trial 5 with value: 0.11381364148679744.
[I 2026-06-01 15:02:30,124] A new study created in memory with name: no-name-27058e3c-7fba-4149-8155-e5cbe78ab5fb
[I 2026-06-01 15:02:30,224] Trial 0 finished with value: -0.0016769926112974287 and parameters: {'confidence_threshold': 0.7437642149592516, 'training_days': 150, 'n_estimators': 152, 'max_depth': 4, 'num_leaves': 50, 'learning_rate': 0.04216766425047743, 'subsample': 0.9903820991923078, 'colsample_bytree': 0.8424148692924316, 'min_child_samples': 58, 'reg_alpha': 3.381097259762742e-05, 'reg_lambda': 1.2263152961306247e-05}. Best is trial 0 with value: -0.0016769926112974287.
[I 2026-06-01 15:02:30,293] Trial 1 finished with value: -2.019534835872054 and parameters: {'confidence_threshold': 0.7551673975844145, 'training_days': 220, 'n_estimators': 76, 'max_depth': 4, 'num_leaves': 51, 'learning_rate': 0.018602118810743477, 'subsample': 0.5877258780737462, 'colsample_bytree': 0.7657756869209191, 'min_child_samples': 63, 'reg_alpha': 0.005123994170264194, 'reg_lambda': 0.44145470178120466}. Best is trial 0 with value: -0.0016769926112974287.
[I 2026-06-01 15:02:30,568] Trial 2 finished with value: -0.02913804937636112 and parameters: {'confidence_threshold': 0.7535593637012223, 'training_days': 310, 'n_estimators': 375, 'max_depth': 3, 'num_leaves': 32, 'learning_rate': 0.021735641882032388, 'subsample': 0.6468570231944146, 'colsample_bytree': 0.8154880619272439, 'min_child_samples': 27, 'reg_alpha': 8.004064028491336e-05, 'reg_lambda': 7.546835261630524e-05}. Best is trial 0 with value: -0.0016769926112974287.
[I 2026-06-01 15:02:30,731] Trial 3 finished with value: -0.004594545802812855 and parameters: {'confidence_threshold': 0.6727897841776072, 'training_days': 220, 'n_estimators': 190, 'max_depth': 4, 'num_leaves': 58, 'learning_rate': 0.24810689332636193, 'subsample': 0.7509183379421682, 'colsample_bytree': 0.8119764758960556, 'min_child_samples': 29, 'reg_alpha': 7.1708285081421445e-06, 'reg_lambda': 5.412973582738627e-05}. Best is trial 0 with value: -0.0016769926112974287.
[I 2026-06-01 15:02:30,850] Trial 4 finished with value: -0.012709473837159082 and parameters: {'confidence_threshold': 0.803208205259178, 'training_days': 130, 'n_estimators': 267, 'max_depth': 5, 'num_leaves': 40, 'learning_rate': 0.08041175317374143, 'subsample': 0.5603143329951619, 'colsample_bytree': 0.9131704002534167, 'min_child_samples': 68, 'reg_alpha': 0.0008046593428183385, 'reg_lambda': 1.2158346158765583e-05}. Best is trial 0 with value: -0.0016769926112974287.
[I 2026-06-01 15:02:31,090] Trial 5 finished with value: -0.07400584930978259 and parameters: {'confidence_threshold': 0.6064422761595144, 'training_days': 210, 'n_estimators': 357, 'max_depth': 5, 'num_leaves': 40, 'learning_rate': 0.0974221287220869, 'subsample': 0.7929682762811064, 'colsample_bytree': 0.8124517510478, 'min_child_samples': 74, 'reg_alpha': 0.3811377260781234, 'reg_lambda': 5.607314238392041e-08}. Best is trial 0 with value: -0.0016769926112974287.
[I 2026-06-01 15:02:31,203] Trial 6 finished with value: -0.0435368503342869 and parameters: {'confidence_threshold': 0.7672889945051684, 'training_days': 130, 'n_estimators': 137, 'max_depth': 4, 'num_leaves': 19, 'learning_rate': 0.2031117614248665, 'subsample': 0.8136244860256343, 'colsample_bytree': 0.8617081790949774, 'min_child_samples': 21, 'reg_alpha': 0.002238138278733199, 'reg_lambda': 0.001025809534977322}. Best is trial 0 with value: -0.0016769926112974287.
[I 2026-06-01 15:02:31,271] Trial 7 finished with value: 0.007301858621661106 and parameters: {'confidence_threshold': 0.555635875450653, 'training_days': 80, 'n_estimators': 363, 'max_depth': 3, 'num_leaves': 48, 'learning_rate': 0.06590089024008658, 'subsample': 0.6944752870615722, 'colsample_bytree': 0.962566244806993, 'min_child_samples': 88, 'reg_alpha': 1.6465620446426067e-05, 'reg_lambda': 2.4678750890085655e-08}. Best is trial 7 with value: 0.007301858621661106.
[I 2026-06-01 15:02:31,595] Trial 8 finished with value: -0.007542534320065947 and parameters: {'confidence_threshold': 0.6066688256938841, 'training_days': 200, 'n_estimators': 367, 'max_depth': 5, 'num_leaves': 32, 'learning_rate': 0.13377519215934996, 'subsample': 0.7965884582811106, 'colsample_bytree': 0.8458508993500886, 'min_child_samples': 32, 'reg_alpha': 3.889436043816386e-05, 'reg_lambda': 1.4713062489380356e-06}. Best is trial 7 with value: 0.007301858621661106.
[I 2026-06-01 15:02:31,811] Trial 9 finished with value: -0.09382534169340781 and parameters: {'confidence_threshold': 0.6202096049169137, 'training_days': 260, 'n_estimators': 350, 'max_depth': 3, 'num_leaves': 21, 'learning_rate': 0.02989540198065364, 'subsample': 0.8307821683331218, 'colsample_bytree': 0.923253112635361, 'min_child_samples': 64, 'reg_alpha': 0.4898604619604203, 'reg_lambda': 2.9076377687066166e-05}. Best is trial 7 with value: 0.007301858621661106.
[I 2026-06-01 15:02:31,848] Trial 10 finished with value: -0.01724768072803169 and parameters: {'confidence_threshold': 0.5248809389721337, 'training_days': 10, 'n_estimators': 493, 'max_depth': 3, 'num_leaves': 63, 'learning_rate': 0.010221918552934462, 'subsample': 0.667749445701178, 'colsample_bytree': 0.6202684210924141, 'min_child_samples': 99, 'reg_alpha': 1.3884210513841762e-08, 'reg_lambda': 0.02273343343290072}. Best is trial 7 with value: 0.007301858621661106.
[I 2026-06-01 15:02:32,018] Trial 11 finished with value: -0.056819033245003744 and parameters: {'confidence_threshold': 0.5077463503498806, 'training_days': 480, 'n_estimators': 245, 'max_depth': 3, 'num_leaves': 49, 'learning_rate': 0.047907454503262954, 'subsample': 0.9939949979825393, 'colsample_bytree': 0.9864508096204552, 'min_child_samples': 89, 'reg_alpha': 6.406297885587639e-07, 'reg_lambda': 1.0031010917688901e-08}. Best is trial 7 with value: 0.007301858621661106.
[I 2026-06-01 15:02:32,049] Trial 12 finished with value: -0.01724768072803169 and parameters: {'confidence_threshold': 0.66034247783242, 'training_days': 10, 'n_estimators': 459, 'max_depth': 4, 'num_leaves': 48, 'learning_rate': 0.046905974008408464, 'subsample': 0.9918302937157114, 'colsample_bytree': 0.6669454130036883, 'min_child_samples': 47, 'reg_alpha': 5.828909593622513e-07, 'reg_lambda': 4.2084308291483265e-07}. Best is trial 7 with value: 0.007301858621661106.
[I 2026-06-01 15:02:32,102] Trial 13 finished with value: 0.030572838586918966 and parameters: {'confidence_threshold': 0.7129257884245761, 'training_days': 120, 'n_estimators': 53, 'max_depth': 3, 'num_leaves': 55, 'learning_rate': 0.06910557097515196, 'subsample': 0.9227064439647955, 'colsample_bytree': 0.5443982906148261, 'min_child_samples': 47, 'reg_alpha': 2.026620404672971e-06, 'reg_lambda': 0.0031247055541074147}. Best is trial 13 with value: 0.030572838586918966.
[I 2026-06-01 15:02:32,147] Trial 14 finished with value: 0.009817320173065764 and parameters: {'confidence_threshold': 0.5626259740358373, 'training_days': 70, 'n_estimators': 60, 'max_depth': 3, 'num_leaves': 56, 'learning_rate': 0.0800055167729914, 'subsample': 0.9029371036317264, 'colsample_bytree': 0.5034139861451107, 'min_child_samples': 44, 'reg_alpha': 1.0022500260682206e-08, 'reg_lambda': 0.0038081143008355752}. Best is trial 13 with value: 0.030572838586918966.
[I 2026-06-01 15:02:32,214] Trial 15 finished with value: -0.05443968552312445 and parameters: {'confidence_threshold': 0.7145009201190955, 'training_days': 330, 'n_estimators': 72, 'max_depth': 3, 'num_leaves': 59, 'learning_rate': 0.13086980433964335, 'subsample': 0.8966418548807951, 'colsample_bytree': 0.5093920150666754, 'min_child_samples': 44, 'reg_alpha': 1.102635579086578e-08, 'reg_lambda': 0.004870033307977325}. Best is trial 13 with value: 0.030572838586918966.
[I 2026-06-01 15:02:32,257] Trial 16 finished with value: 0.019805729822990958 and parameters: {'confidence_threshold': 0.8218356327948213, 'training_days': 60, 'n_estimators': 50, 'max_depth': 3, 'num_leaves': 56, 'learning_rate': 0.1104153269923707, 'subsample': 0.8943825368608396, 'colsample_bytree': 0.502313444330533, 'min_child_samples': 44, 'reg_alpha': 1.5574845105570906e-07, 'reg_lambda': 3.9438062287037137}. Best is trial 13 with value: 0.030572838586918966.
[I 2026-06-01 15:02:32,311] Trial 17 finished with value: -0.0034304847690035723 and parameters: {'confidence_threshold': 0.8278557618575797, 'training_days': 70, 'n_estimators': 115, 'max_depth': 3, 'num_leaves': 63, 'learning_rate': 0.14687008135460922, 'subsample': 0.8931849631646274, 'colsample_bytree': 0.5837681350039381, 'min_child_samples': 52, 'reg_alpha': 6.229602473892305e-07, 'reg_lambda': 3.6865591695134574}. Best is trial 13 with value: 0.030572838586918966.
[I 2026-06-01 15:02:32,747] A new study created in memory with name: no-name-acbc83f6-c1b6-4e2b-90dd-8ad58ef64eb9
