[I 2026-06-01 15:02:04,893] Trial 3 finished with value: 0.06642948543184465 and parameters: {'confidence_threshold': 0.8321099380386666, 'training_days': 490, 'n_estimators': 414, 'max_depth': 3, 'num_leaves': 19, 'learning_rate': 0.1024932221692416, 'subsample': 0.7200762468698007, 'colsample_bytree': 0.5610191174223894, 'min_child_samples': 60, 'reg_alpha': 2.039373116525212e-08, 'reg_lambda': 1.527156759251193}. Best is trial 0 with value: 0.08761841653274167.
[I 2026-06-01 15:02:05,050] Trial 4 finished with value: 0.03967199335938811 and parameters: {'confidence_threshold': 0.5905729935600059, 'training_days': 340, 'n_estimators': 190, 'max_depth': 4, 'num_leaves': 41, 'learning_rate': 0.01875220945578641, 'subsample': 0.9847923138822793, 'colsample_bytree': 0.8875664116805573, 'min_child_samples': 96, 'reg_alpha': 1.1309571585271483, 'reg_lambda': 0.002404915432737351}. Best is trial 0 with value: 0.08761841653274167.
[I 2026-06-01 15:02:05,094] Trial 5 finished with value: -0.10008534171771499 and parameters: {'confidence_threshold': 0.8226559822580909, 'training_days': 50, 'n_estimators': 138, 'max_depth': 3, 'num_leaves': 30, 'learning_rate': 0.03750796359625606, 'subsample': 0.6356745158869479, 'colsample_bytree': 0.9143687545759647, 'min_child_samples': 48, 'reg_alpha': 3.376063348877853e-06, 'reg_lambda': 0.0007660634613082914}. Best is trial 0 with value: 0.08761841653274167.
[I 2026-06-01 15:02:05,210] Trial 6 finished with value: 0.038847709889786766 and parameters: {'confidence_threshold': 0.5493234787411669, 'training_days': 410, 'n_estimators': 83, 'max_depth': 5, 'num_leaves': 52, 'learning_rate': 0.019657448966046126, 'subsample': 0.5027610585618012, 'colsample_bytree': 0.9077307142274171, 'min_child_samples': 77, 'reg_alpha': 0.03639690979811287, 'reg_lambda': 0.08738424135626986}. Best is trial 0 with value: 0.08761841653274167.
[I 2026-06-01 15:02:05,313] Trial 7 finished with value: -0.11338142274758059 and parameters: {'confidence_threshold': 0.5259156281069316, 'training_days': 180, 'n_estimators': 102, 'max_depth': 5, 'num_leaves': 45, 'learning_rate': 0.030816017044468066, 'subsample': 0.5317791751430119, 'colsample_bytree': 0.6554911608578311, 'min_child_samples': 46, 'reg_alpha': 0.036851536911881845, 'reg_lambda': 0.005470376807480391}. Best is trial 0 with value: 0.08761841653274167.
[I 2026-06-01 15:02:05,425] Trial 8 finished with value: -0.012347833613870807 and parameters: {'confidence_threshold': 0.8105244599017143, 'training_days': 240, 'n_estimators': 103, 'max_depth': 5, 'num_leaves': 52, 'learning_rate': 0.06746437142284309, 'subsample': 0.8854835899772805, 'colsample_bytree': 0.7468977981821954, 'min_child_samples': 62, 'reg_alpha': 7.04480806377519e-05, 'reg_lambda': 1.6934490731313353e-08}. Best is trial 0 with value: 0.08761841653274167.

    [trial 8] 47 features, training_days=450 | threshold=0.720 | labels: 1211 long, 960 short (56/44%)
    [trial 8] Sharpe=0.0796 (folds: -0.0154, 0.1002, 0.3375, -0.0096, -0.0149)
    [trial 9] 47 features, training_days=20 | threshold=0.727 | labels: 1211 long, 960 short (56/44%)
    [trial 9] Sharpe=-10.0000 (folds: -10.0000, -10.0000, -10.0000, -10.0000, -10.0000)
    [trial 10] 47 features, training_days=400 | threshold=0.828 | labels: 1211 long, 960 short (56/44%)
    [trial 10] Sharpe=-3.9498 (folds: 0.0129, 0.1057, -10.0000, 0.1324, -10.0000)
    [trial 11] 47 features, training_days=500 | threshold=0.783 | labels: 1211 long, 960 short (56/44%)
    [trial 11] Sharpe=0.0953 (folds: 0.0600, 0.1278, 0.3160, -0.0830, 0.0557)
    [trial 12] 47 features, training_days=380 | threshold=0.801 | labels: 1211 long, 960 short (56/44%)
    [trial 12] Sharpe=0.0496 (folds: -0.0457, 0.0578, 0.2384, -0.0329, 0.0304)
    [trial 13] 47 features, training_days=490 | threshold=0.783 | labels: 1211 long, 960 short (56/44%)
    [trial 13] Sharpe=0.1011 (folds: -0.0003, 0.0668, 0.3607, -0.0829, 0.1611)
    [trial 14] 47 features, training_days=350 | threshold=0.772 | labels: 1211 long, 960 short (56/44%)
    [trial 14] Sharpe=0.1104 (folds: 0.0573, 0.0961, 0.4501, -0.0660, 0.0147)
    [trial 15] 47 features, training_days=220 | threshold=0.765 | labels: 1211 long, 960 short (56/44%)
    [trial 15] Sharpe=0.0858 (folds: 0.2217, 0.2036, 0.2111, -0.0394, -0.1682)
    [trial 16] 47 features, training_days=350 | threshold=0.850 | labels: 1211 long, 960 short (56/44%)
    [trial 16] Sharpe=0.2131 (folds: 0.4547, 0.1450, 0.4868, -0.0501, 0.0293)
    [trial 17] 47 features, training_days=330 | threshold=0.845 | labels: 1211 long, 960 short (56/44%)
    [trial 17] Sharpe=0.0913 (folds: 0.3450, 0.1100, 0.2424, -0.1596, -0.0811)
  Optuna: 18 trials, best Sharpe = 0.2131
  Best params: n_estimators=317, max_depth=4, lr=0.0160, leaves=50
  Best confidence_threshold: 0.850
  Best training_days: 350
  Retrained on full data (1050 samples, 47 features)
  OOD: 16 features, cutoff (q=0.7) = 9.91
  Model trained for 2025-01: 93 test candles with features, confidence_threshold=0.758
[predict] 2025-01-07 00:00 BTCUSDT → SHORT (proba=0.76 TP=5.5%/SL=2.7%)
[trade:open] 2025-01-07 07:59 BTCUSDT SHORT @ 101649.30 | SL=104443.77 TP=96060.36 | timeout=2025-01-14 07:59
[trade:close] 2025-01-08 07:59 BTCUSDT SHORT → take_profit @ 96060.36 | PnL=+5.50% (net +5.40%) | cum=-22.94% 2025-01=+5.40% 2025-01-08=+5.40%
[predict] 2025-01-28 08:00 BTCUSDT → LONG (proba=0.80 TP=9.2%/SL=4.6%)
[trade:open] 2025-01-28 15:59 BTCUSDT LONG @ 102730.60 | SL=98006.08 TP=112179.65 | timeout=2025-02-04 15:59
[lgbm] === Training for 2025-02 ===
  Train window: 2023-02-01 → 2025-01-24
  2171 training samples from 1 symbols
  Samples per month: 2023-02: 84, 2023-03: 93, 2023-04: 90, 2023-05: 93, 2023-06: 90, 2023-07: 93, 2023-08: 93, 2023-09: 90, 2023-10: 93, 2023-11: 90, 2023-12: 93, 2024-01: 93, 2024-02: 87, 2024-03: 93, 2024-04: 90, 2024-05: 93, 2024-06: 90, 2024-07: 93, 2024-08: 93, 2024-09: 90, 2024-10: 93, 2024-11: 90, 2024-12: 93, 2025-01: 71
  [label] 2023-04-03 16:00 BTCUSDT entry=27786.1000 → LONG | long=timeout(+6.51%) short=sl(-3.95%) | scanned=22 | no_tp→fwd_return=+6.6112
  [label] 2023-04-06 00:00 BTCUSDT entry=27896.8000 → LONG | long=tp(+7.18%) short=sl(-3.74%) | scanned=15 | long_tp_only
  [label] 2023-04-09 16:00 BTCUSDT entry=28309.4000 → LONG | long=tp(+4.84%) short=sl(-2.57%) | scanned=3 | long_tp_only
  [label] 2023-05-04 08:00 BTCUSDT entry=28850.0000 → SHORT | long=sl(-3.96%) short=timeout(+5.74%) | scanned=22 | no_tp→fwd_return=-5.8360
  [label] 2023-06-26 00:00 BTCUSDT entry=30395.6000 → LONG | long=timeout(+0.78%) short=timeout(-0.98%) | scanned=22 | no_tp→fwd_return=+0.8791
  [label] 2023-12-09 00:00 BTCUSDT entry=44220.6000 → SHORT | long=sl(-3.32%) short=tp(+6.34%) | scanned=6 | short_tp_only
  [label] 2023-12-13 00:00 BTCUSDT entry=41146.3000 → LONG | long=timeout(+4.28%) short=sl(-4.26%) | scanned=22 | no_tp→fwd_return=+4.3836
  [label] 2023-12-23 16:00 BTCUSDT entry=43725.2000 → SHORT | long=sl(-3.18%) short=timeout(+3.45%) | scanned=22 | no_tp→fwd_return=-3.5472
  [label] 2024-02-06 16:00 BTCUSDT entry=43079.1000 → LONG | long=tp(+5.10%) short=sl(-2.70%) | scanned=5 | long_tp_only
  [label] 2024-02-15 08:00 BTCUSDT entry=51968.7000 → SHORT | long=timeout(-0.75%) short=timeout(+0.55%) | scanned=22 | no_tp→fwd_return=-0.6517
  [label] 2024-05-15 16:00 BTCUSDT entry=66175.4000 → LONG | long=tp(+7.20%) short=sl(-3.75%) | scanned=15 | long_tp_only
  [label] 2024-06-16 16:00 BTCUSDT entry=66653.6000 → SHORT | long=sl(-2.61%) short=tp(+4.92%) | scanned=21 | short_tp_only
  [label] 2024-07-03 00:00 BTCUSDT entry=60859.9000 → SHORT | long=sl(-3.02%) short=tp(+5.74%) | scanned=4 | short_tp_only
  [label] 2024-07-15 16:00 BTCUSDT entry=64680.6000 → LONG | long=timeout(+4.26%) short=sl(-4.09%) | scanned=22 | no_tp→fwd_return=+4.3577
  [label] 2024-08-03 00:00 BTCUSDT entry=61636.0000 → SHORT | long=sl(-5.36%) short=tp(+10.41%) | scanned=6 | short_tp_only
  [label] 2024-08-09 08:00 BTCUSDT entry=59786.4000 → SHORT | long=timeout(-3.03%) short=timeout(+2.83%) | scanned=22 | no_tp→fwd_return=-2.9284
  [label] 2024-08-21 16:00 BTCUSDT entry=61120.0000 → SHORT | long=sl(-4.43%) short=sl(-4.43%) | scanned=18 | no_tp→fwd_return=-2.8395
  [label] 2024-09-30 08:00 BTCUSDT entry=63535.6000 → SHORT | long=sl(-2.70%) short=tp(+5.11%) | scanned=4 | short_tp_only
  [label] 2024-10-10 00:00 BTCUSDT entry=60871.0000 → LONG | long=sl(-3.21%) short=sl(-3.21%) | scanned=5 | no_tp→fwd_return=+2.6909
  [label] 2025-01-04 08:00 BTCUSDT entry=97623.6000 → SHORT | long=sl(-2.92%) short=sl(-2.92%) | scanned=12 | no_tp→fwd_return=-2.2265
  Labels: 1190 long (54.8%), 981 short (45.2%) | weights: min=1.00, mean=3.54, max=10.00
  Features: 2171/2171 matched, 47 columns
  CV gap: 22 rows
  [ensemble 1/3] seed=42
    [trial 0] 47 features, training_days=480 | threshold=0.631 | labels: 1190 long, 981 short (55/45%)
    [CV fold 0] train_end=2023-05-26 08:00 | val_start=2023-06-03 00:00 | gap=184h (22 rows)
    [CV fold 1] train_end=2023-09-23 16:00 | val_start=2023-10-01 08:00 | gap=184h (22 rows)
    [CV fold 2] train_end=2024-01-22 00:00 | val_start=2024-01-29 16:00 | gap=184h (22 rows)
    [CV fold 3] train_end=2024-05-21 08:00 | val_start=2024-05-29 00:00 | gap=184h (22 rows)
    [CV fold 4] train_end=2024-09-18 16:00 | val_start=2024-09-26 08:00 | gap=184h (22 rows)
    [trial 0] Sharpe=0.0876 (folds: 0.2907, 0.1831, 0.2971, -0.1380, -0.1947)
    [trial 1] 47 features, training_days=420 | threshold=0.839 | labels: 1190 long, 981 short (55/45%)
    [trial 1] Sharpe=-1.7873 (folds: 0.3237, 0.3155, 0.1885, 0.2360, -10.0000)
    [trial 2] 47 features, training_days=190 | threshold=0.602 | labels: 1190 long, 981 short (55/45%)
    [trial 2] Sharpe=-0.0807 (folds: 0.2410, -0.0546, 0.0092, -0.2752, -0.3238)
    [trial 3] 47 features, training_days=490 | threshold=0.832 | labels: 1190 long, 981 short (55/45%)
    [trial 3] Sharpe=0.0664 (folds: 0.2803, 0.0999, 0.1940, -0.1404, -0.1015)
    [trial 4] 47 features, training_days=340 | threshold=0.591 | labels: 1190 long, 981 short (55/45%)
    [trial 4] Sharpe=0.0397 (folds: 0.1657, 0.1255, 0.2914, -0.1811, -0.2031)
    [trial 5] 47 features, training_days=50 | threshold=0.823 | labels: 1190 long, 981 short (55/45%)
    [trial 5] Sharpe=-0.1001 (folds: -0.2778, -0.2522, 0.0035, -0.1319, 0.1579)
    [trial 6] 47 features, training_days=410 | threshold=0.549 | labels: 1190 long, 981 short (55/45%)
    [trial 6] Sharpe=0.0388 (folds: 0.1347, 0.1206, 0.1778, -0.1482, -0.0907)
    [trial 7] 47 features, training_days=180 | threshold=0.526 | labels: 1190 long, 981 short (55/45%)
    [trial 7] Sharpe=-0.1134 (folds: 0.1702, -0.1479, -0.0379, -0.2492, -0.3021)
    [trial 8] 47 features, training_days=240 | threshold=0.811 | labels: 1190 long, 981 short (55/45%)
    [trial 8] Sharpe=-0.0123 (folds: 0.4108, 0.0891, 0.0095, -0.1875, -0.3836)
    [trial 9] 47 features, training_days=20 | threshold=0.538 | labels: 1190 long, 981 short (55/45%)[I 2026-06-01 15:02:05,448] Trial 9 finished with value: -0.08813688666317326 and parameters: {'confidence_threshold': 0.5377619994476566, 'training_days': 20, 'n_estimators': 337, 'max_depth': 3, 'num_leaves': 39, 'learning_rate': 0.21907142272152816, 'subsample': 0.6246461145744375, 'colsample_bytree': 0.7051914615178149, 'min_child_samples': 81, 'reg_alpha': 1.1459970229341322e-06, 'reg_lambda': 4.929685216887945e-08}. Best is trial 0 with value: 0.08761841653274167.
[I 2026-06-01 15:02:05,985] Trial 10 finished with value: 0.037089405194432525 and parameters: {'confidence_threshold': 0.6938635787372303, 'training_days': 350, 'n_estimators': 487, 'max_depth': 4, 'num_leaves': 15, 'learning_rate': 0.011407797829608154, 'subsample': 0.6277217293825994, 'colsample_bytree': 0.9880699499289975, 'min_child_samples': 27, 'reg_alpha': 8.536188349289, 'reg_lambda': 3.3639426888455256e-06}. Best is trial 0 with value: 0.08761841653274167.
[I 2026-06-01 15:02:06,344] Trial 11 finished with value: 0.024304839584668315 and parameters: {'confidence_threshold': 0.7142966361932565, 'training_days': 490, 'n_estimators': 420, 'max_depth': 4, 'num_leaves': 15, 'learning_rate': 0.11529398851600968, 'subsample': 0.7100138054284578, 'colsample_bytree': 0.5081093472155149, 'min_child_samples': 55, 'reg_alpha': 5.66845160002491e-05, 'reg_lambda': 8.173625018275683}. Best is trial 0 with value: 0.08761841653274167.
[I 2026-06-01 15:02:06,604] Trial 12 finished with value: 0.0450464640295606 and parameters: {'confidence_threshold': 0.7366261665759144, 'training_days': 480, 'n_estimators': 366, 'max_depth': 4, 'num_leaves': 30, 'learning_rate': 0.11263608439461861, 'subsample': 0.846813044445794, 'colsample_bytree': 0.5987868290440799, 'min_child_samples': 89, 'reg_alpha': 1.098101963123914e-08, 'reg_lambda': 1.4289813315801497e-05}. Best is trial 0 with value: 0.08761841653274167.
[I 2026-06-01 15:02:06,976] Trial 13 finished with value: 0.04560499880213272 and parameters: {'confidence_threshold': 0.6459687862602262, 'training_days': 500, 'n_estimators': 500, 'max_depth': 3, 'num_leaves': 62, 'learning_rate': 0.281978875082861, 'subsample': 0.6909516498338324, 'colsample_bytree': 0.8155421717694826, 'min_child_samples': 66, 'reg_alpha': 0.0010695159048720376, 'reg_lambda': 8.140300879808697}. Best is trial 0 with value: 0.08761841653274167.
[I 2026-06-01 15:02:07,252] Trial 14 finished with value: -0.005783690885835674 and parameters: {'confidence_threshold': 0.7594036169129817, 'training_days': 340, 'n_estimators': 404, 'max_depth': 3, 'num_leaves': 24, 'learning_rate': 0.10772928779586863, 'subsample': 0.5712817161502175, 'colsample_bytree': 0.819288883752255, 'min_child_samples': 31, 'reg_alpha': 4.567587780178522e-08, 'reg_lambda': 0.31738156792009736}. Best is trial 0 with value: 0.08761841653274167.
[I 2026-06-01 15:02:07,490] Trial 15 finished with value: 0.10722398015388654 and parameters: {'confidence_threshold': 0.6494277170043519, 'training_days': 420, 'n_estimators': 289, 'max_depth': 4, 'num_leaves': 32, 'learning_rate': 0.011060874840325394, 'subsample': 0.9308578284513218, 'colsample_bytree': 0.5851111700166529, 'min_child_samples': 74, 'reg_alpha': 0.14337244173901337, 'reg_lambda': 7.482879404932238e-05}. Best is trial 15 with value: 0.10722398015388654.
[I 2026-06-01 15:02:07,713] Trial 16 finished with value: 0.07689059751955643 and parameters: {'confidence_threshold': 0.6404169291344426, 'training_days': 410, 'n_estimators': 275, 'max_depth': 4, 'num_leaves': 31, 'learning_rate': 0.010644261683161998, 'subsample': 0.9991382551741921, 'colsample_bytree': 0.632035183231185, 'min_child_samples': 78, 'reg_alpha': 0.0595690198259327, 'reg_lambda': 4.51919498872146e-06}. Best is trial 15 with value: 0.10722398015388654.
[I 2026-06-01 15:02:07,944] Trial 17 finished with value: 0.020420450099121433 and parameters: {'confidence_threshold': 0.653851224661026, 'training_days': 290, 'n_estimators': 325, 'max_depth': 4, 'num_leaves': 34, 'learning_rate': 0.015846958848488458, 'subsample': 0.9104054450704477, 'colsample_bytree': 0.9956385980717998, 'min_child_samples': 88, 'reg_alpha': 1.0442248683041098, 'reg_lambda': 6.880925840516315e-07}. Best is trial 15 with value: 0.10722398015388654.
[I 2026-06-01 15:02:08,372] A new study created in memory with name: no-name-b76dafde-9d0e-446f-81fd-ab3abf7ff36f
[I 2026-06-01 15:02:08,471] Trial 0 finished with value: 0.02093777363219928 and parameters: {'confidence_threshold': 0.7437642149592516, 'training_days': 150, 'n_estimators': 152, 'max_depth': 4, 'num_leaves': 50, 'learning_rate': 0.04216766425047743, 'subsample': 0.9903820991923078, 'colsample_bytree': 0.8424148692924316, 'min_child_samples': 58, 'reg_alpha': 3.381097259762742e-05, 'reg_lambda': 1.2263152961306247e-05}. Best is trial 0 with value: 0.02093777363219928.
[I 2026-06-01 15:02:08,543] Trial 1 finished with value: 0.3571730942170116 and parameters: {'confidence_threshold': 0.7551673975844145, 'training_days': 220, 'n_estimators': 76, 'max_depth': 4, 'num_leaves': 51, 'learning_rate': 0.018602118810743477, 'subsample': 0.5877258780737462, 'colsample_bytree': 0.7657756869209191, 'min_child_samples': 63, 'reg_alpha': 0.005123994170264194, 'reg_lambda': 0.44145470178120466}. Best is trial 1 with value: 0.3571730942170116.
[I 2026-06-01 15:02:08,815] Trial 2 finished with value: 0.02125676481089215 and parameters: {'confidence_threshold': 0.7535593637012223, 'training_days': 310, 'n_estimators': 375, 'max_depth': 3, 'num_leaves': 32, 'learning_rate': 0.021735641882032388, 'subsample': 0.6468570231944146, 'colsample_bytree': 0.8154880619272439, 'min_child_samples': 27, 'reg_alpha': 8.004064028491336e-05, 'reg_lambda': 7.546835261630524e-05}. Best is trial 1 with value: 0.3571730942170116.
[I 2026-06-01 15:02:08,979] Trial 3 finished with value: -0.06542623359189288 and parameters: {'confidence_threshold': 0.6727897841776072, 'training_days': 220, 'n_estimators': 190, 'max_depth': 4, 'num_leaves': 58, 'learning_rate': 0.24810689332636193, 'subsample': 0.7509183379421682, 'colsample_bytree': 0.8119764758960556, 'min_child_samples': 29, 'reg_alpha': 7.1708285081421445e-06, 'reg_lambda': 5.412973582738627e-05}. Best is trial 1 with value: 0.3571730942170116.
[I 2026-06-01 15:02:09,086] Trial 4 finished with value: 0.025632928457409786 and parameters: {'confidence_threshold': 0.803208205259178, 'training_days': 130, 'n_estimators': 267, 'max_depth': 5, 'num_leaves': 40, 'learning_rate': 0.08041175317374143, 'subsample': 0.5603143329951619, 'colsample_bytree': 0.9131704002534167, 'min_child_samples': 68, 'reg_alpha': 0.0008046593428183385, 'reg_lambda': 1.2158346158765583e-05}. Best is trial 1 with value: 0.3571730942170116.
[I 2026-06-01 15:02:09,306] Trial 5 finished with value: -0.08653731680594794 and parameters: {'confidence_threshold': 0.6064422761595144, 'training_days': 210, 'n_estimators': 357, 'max_depth': 5, 'num_leaves': 40, 'learning_rate': 0.0974221287220869, 'subsample': 0.7929682762811064, 'colsample_bytree': 0.8124517510478, 'min_child_samples': 74, 'reg_alpha': 0.3811377260781234, 'reg_lambda': 5.607314238392041e-08}. Best is trial 1 with value: 0.3571730942170116.
[I 2026-06-01 15:02:09,420] Trial 6 finished with value: -0.016119938228470763 and parameters: {'confidence_threshold': 0.7672889945051684, 'training_days': 130, 'n_estimators': 137, 'max_depth': 4, 'num_leaves': 19, 'learning_rate': 0.2031117614248665, 'subsample': 0.8136244860256343, 'colsample_bytree': 0.8617081790949774, 'min_child_samples': 21, 'reg_alpha': 0.002238138278733199, 'reg_lambda': 0.001025809534977322}. Best is trial 1 with value: 0.3571730942170116.
[I 2026-06-01 15:02:09,497] Trial 7 finished with value: -0.0730123197098658 and parameters: {'confidence_threshold': 0.555635875450653, 'training_days': 80, 'n_estimators': 363, 'max_depth': 3, 'num_leaves': 48, 'learning_rate': 0.06590089024008658, 'subsample': 0.6944752870615722, 'colsample_bytree': 0.962566244806993, 'min_child_samples': 88, 'reg_alpha': 1.6465620446426067e-05, 'reg_lambda': 2.4678750890085655e-08}. Best is trial 1 with value: 0.3571730942170116.
[I 2026-06-01 15:02:09,822] Trial 8 finished with value: -0.07580547517903821 and parameters: {'confidence_threshold': 0.6066688256938841, 'training_days': 200, 'n_estimators': 367, 'max_depth': 5, 'num_leaves': 32, 'learning_rate': 0.13377519215934996, 'subsample': 0.7965884582811106, 'colsample_bytree': 0.8458508993500886, 'min_child_samples': 32, 'reg_alpha': 3.889436043816386e-05, 'reg_lambda': 1.4713062489380356e-06}. Best is trial 1 with value: 0.3571730942170116.
[I 2026-06-01 15:02:10,032] Trial 9 finished with value: -0.01919098770679504 and parameters: {'confidence_threshold': 0.6202096049169137, 'training_days': 260, 'n_estimators': 350, 'max_depth': 3, 'num_leaves': 21, 'learning_rate': 0.02989540198065364, 'subsample': 0.8307821683331218, 'colsample_bytree': 0.923253112635361, 'min_child_samples': 64, 'reg_alpha': 0.4898604619604203, 'reg_lambda': 2.9076377687066166e-05}. Best is trial 1 with value: 0.3571730942170116.
[I 2026-06-01 15:02:10,470] Trial 10 finished with value: -1.8785290064325768 and parameters: {'confidence_threshold': 0.8445241688507242, 'training_days': 470, 'n_estimators': 493, 'max_depth': 4, 'num_leaves': 63, 'learning_rate': 0.010221918552934462, 'subsample': 0.5019190721168774, 'colsample_bytree': 0.6202684210924141, 'min_child_samples': 47, 'reg_alpha': 2.371385268938747e-08, 'reg_lambda': 1.7987349911222597}. Best is trial 1 with value: 0.3571730942170116.
[I 2026-06-01 15:02:10,495] Trial 11 finished with value: -4.094373860711154 and parameters: {'confidence_threshold': 0.8371297552840329, 'training_days': 20, 'n_estimators': 51, 'max_depth': 5, 'num_leaves': 48, 'learning_rate': 0.015148209657231146, 'subsample': 0.5082312939353781, 'colsample_bytree': 0.6778283959364831, 'min_child_samples': 100, 'reg_alpha': 0.005164207989991991, 'reg_lambda': 0.011367411794870734}. Best is trial 1 with value: 0.3571730942170116.
[I 2026-06-01 15:02:10,706] Trial 12 finished with value: 0.048052544767843944 and parameters: {'confidence_threshold': 0.783608013908672, 'training_days': 350, 'n_estimators': 258, 'max_depth': 5, 'num_leaves': 38, 'learning_rate': 0.05809128784912797, 'subsample': 0.6032252901108627, 'colsample_bytree': 0.5060147833298425, 'min_child_samples': 75, 'reg_alpha': 0.01228710721755922, 'reg_lambda': 1.7055365254835695}. Best is trial 1 with value: 0.3571730942170116.
[I 2026-06-01 15:02:10,779] Trial 13 finished with value: 0.17868489296560547 and parameters: {'confidence_threshold': 0.7216410707571145, 'training_days': 350, 'n_estimators': 53, 'max_depth': 4, 'num_leaves': 31, 'learning_rate': 0.040170829739024715, 'subsample': 0.6169819644349327, 'colsample_bytree': 0.5391780337529043, 'min_child_samples': 81, 'reg_alpha': 0.04172994752531098, 'reg_lambda': 5.706576403563783}. Best is trial 1 with value: 0.3571730942170116.
