[I 2026-06-01 14:56:05,040] Trial 9 finished with value: 0.13988224209499614 and parameters: {'confidence_threshold': 0.6202096049169137, 'training_days': 260, 'n_estimators': 350, 'max_depth': 3, 'num_leaves': 21, 'learning_rate': 0.02989540198065364, 'subsample': 0.8307821683331218, 'colsample_bytree': 0.923253112635361, 'min_child_samples': 64, 'reg_alpha': 0.4898604619604203, 'reg_lambda': 2.9076377687066166e-05}. Best is trial 1 with value: 0.25450815011919664.
[I 2026-06-01 14:56:05,433] Trial 10 finished with value: 0.08029455211334022 and parameters: {'confidence_threshold': 0.8445241688507242, 'training_days': 470, 'n_estimators': 493, 'max_depth': 4, 'num_leaves': 63, 'learning_rate': 0.010221918552934462, 'subsample': 0.5019190721168774, 'colsample_bytree': 0.6202684210924141, 'min_child_samples': 47, 'reg_alpha': 2.371385268938747e-08, 'reg_lambda': 1.7987349911222597}. Best is trial 1 with value: 0.25450815011919664.
[I 2026-06-01 14:56:05,492] Trial 11 finished with value: 0.19588425095684753 and parameters: {'confidence_threshold': 0.6840516532713735, 'training_days': 340, 'n_estimators': 51, 'max_depth': 3, 'num_leaves': 20, 'learning_rate': 0.02635018020655549, 'subsample': 0.9151757641258503, 'colsample_bytree': 0.6755027260490409, 'min_child_samples': 50, 'reg_alpha': 6.114661601749046, 'reg_lambda': 0.02357411399604653}. Best is trial 1 with value: 0.25450815011919664.
[I 2026-06-01 14:56:05,554] Trial 12 finished with value: 0.26294521269412885 and parameters: {'confidence_threshold': 0.7005919488712828, 'training_days': 360, 'n_estimators': 51, 'max_depth': 3, 'num_leaves': 15, 'learning_rate': 0.01513839365153443, 'subsample': 0.92991693404731, 'colsample_bytree': 0.6669454130036883, 'min_child_samples': 47, 'reg_alpha': 6.210448045058425, 'reg_lambda': 0.168807828988439}. Best is trial 12 with value: 0.26294521269412885.
[I 2026-06-01 14:56:05,610] Trial 13 finished with value: -1.7975598812770393 and parameters: {'confidence_threshold': 0.6885928242008202, 'training_days': 410, 'n_estimators': 53, 'max_depth': 3, 'num_leaves': 49, 'learning_rate': 0.011116095942895947, 'subsample': 0.6271911527915714, 'colsample_bytree': 0.5443982906148261, 'min_child_samples': 82, 'reg_alpha': 0.021605231680819466, 'reg_lambda': 4.070561543641331}. Best is trial 12 with value: 0.26294521269412885.
[I 2026-06-01 14:56:05,633] Trial 14 finished with value: -5.856553341029801 and parameters: {'confidence_threshold': 0.7206447362029313, 'training_days': 20, 'n_estimators': 132, 'max_depth': 4, 'num_leaves': 28, 'learning_rate': 0.01645102485501106, 'subsample': 0.9030264725733222, 'colsample_bytree': 0.7128652121230014, 'min_child_samples': 44, 'reg_alpha': 0.016435092915656313, 'reg_lambda': 0.07597426064842482}. Best is trial 12 with value: 0.26294521269412885.
[I 2026-06-01 14:56:05,787] Trial 15 finished with value: 0.1373070153545131 and parameters: {'confidence_threshold': 0.5026055290809989, 'training_days': 380, 'n_estimators': 230, 'max_depth': 4, 'num_leaves': 15, 'learning_rate': 0.04349568813857098, 'subsample': 0.9892977702670573, 'colsample_bytree': 0.620752560525207, 'min_child_samples': 100, 'reg_alpha': 9.316119074082389, 'reg_lambda': 0.08534534512498139}. Best is trial 12 with value: 0.26294521269412885.
[I 2026-06-01 14:56:05,884] Trial 16 finished with value: -1.7897929724701727 and parameters: {'confidence_threshold': 0.8104188407338415, 'training_days': 500, 'n_estimators': 92, 'max_depth': 3, 'num_leaves': 55, 'learning_rate': 0.015297673225870757, 'subsample': 0.5824016374699942, 'colsample_bytree': 0.739097188863978, 'min_child_samples': 39, 'reg_alpha': 2.235761109094131e-07, 'reg_lambda': 0.0033024465432359303}. Best is trial 12 with value: 0.26294521269412885.

  [label] 2021-11-28 08:00 BTCUSDT entry=54334.0000 → SHORT | long=sl(-4.98%) short=sl(-4.98%) | scanned=16 | no_tp→fwd_return=-1.3288
  [label] 2021-12-08 08:00 BTCUSDT entry=50626.1700 → SHORT | long=sl(-7.46%) short=timeout(+7.81%) | scanned=22 | no_tp→fwd_return=-7.9085
  [label] 2022-03-04 08:00 BTCUSDT entry=40694.6000 → SHORT | long=sl(-6.70%) short=timeout(+3.89%) | scanned=22 | no_tp→fwd_return=-3.9922
  Labels: 1255 long (57.9%), 913 short (42.1%) | weights: min=1.00, mean=3.53, max=10.00
  Features: 2168/2168 matched, 47 columns
  CV gap: 22 rows
  [ensemble 1/3] seed=42
    [trial 0] 47 features, training_days=480 | threshold=0.631 | labels: 1255 long, 913 short (58/42%)
    [CV fold 0] train_end=2020-07-23 08:00 | val_start=2020-07-31 00:00 | gap=184h (22 rows)
    [CV fold 1] train_end=2020-11-20 16:00 | val_start=2020-11-28 08:00 | gap=184h (22 rows)
    [CV fold 2] train_end=2021-03-21 00:00 | val_start=2021-03-28 16:00 | gap=184h (22 rows)
    [CV fold 3] train_end=2021-07-19 08:00 | val_start=2021-07-27 00:00 | gap=184h (22 rows)
    [CV fold 4] train_end=2021-11-16 16:00 | val_start=2021-11-24 08:00 | gap=184h (22 rows)
    [trial 0] Sharpe=0.1166 (folds: -0.0426, 0.4732, -0.1611, 0.3510, -0.0374)
    [trial 1] 47 features, training_days=420 | threshold=0.839 | labels: 1255 long, 913 short (58/42%)
    [trial 1] Sharpe=0.1108 (folds: -0.0849, 0.4404, -0.0228, 0.3178, -0.0965)
    [trial 2] 47 features, training_days=190 | threshold=0.602 | labels: 1255 long, 913 short (58/42%)
    [trial 2] Sharpe=0.0971 (folds: -0.0681, 0.4097, -0.0800, 0.0339, 0.1899)
    [trial 3] 47 features, training_days=490 | threshold=0.832 | labels: 1255 long, 913 short (58/42%)
    [trial 3] Sharpe=0.1328 (folds: -0.0422, 0.4948, -0.0722, 0.3684, -0.0849)
    [trial 4] 47 features, training_days=340 | threshold=0.591 | labels: 1255 long, 913 short (58/42%)
    [trial 4] Sharpe=0.1380 (folds: -0.0460, 0.4764, -0.1026, 0.3644, -0.0022)
    [trial 5] 47 features, training_days=50 | threshold=0.823 | labels: 1255 long, 913 short (58/42%)
    [trial 5] Sharpe=0.0964 (folds: -0.3817, 0.2706, -0.0116, -0.1449, 0.7496)
    [trial 6] 47 features, training_days=410 | threshold=0.549 | labels: 1255 long, 913 short (58/42%)
    [trial 6] Sharpe=0.1653 (folds: 0.1479, 0.4001, -0.1879, 0.3201, 0.1463)
    [trial 7] 47 features, training_days=180 | threshold=0.526 | labels: 1255 long, 913 short (58/42%)
    [trial 7] Sharpe=0.0737 (folds: -0.0972, 0.4045, -0.0838, 0.0677, 0.0774)
    [trial 8] 47 features, training_days=240 | threshold=0.811 | labels: 1255 long, 913 short (58/42%)
    [trial 8] Sharpe=0.1790 (folds: -0.0127, 0.4647, -0.1414, 0.4241, 0.1603)
    [trial 9] 47 features, training_days=20 | threshold=0.538 | labels: 1255 long, 913 short (58/42%)
    [trial 9] Sharpe=0.1299 (folds: 0.3171, 0.4001, 0.2175, -0.3156, 0.0303)
    [trial 10] 47 features, training_days=280 | threshold=0.734 | labels: 1255 long, 913 short (58/42%)
    [trial 10] Sharpe=0.1277 (folds: -0.0712, 0.4548, -0.0395, 0.1805, 0.1138)
    [trial 11] 47 features, training_days=350 | threshold=0.719 | labels: 1255 long, 913 short (58/42%)
    [trial 11] Sharpe=-1.8183 (folds: 0.6985, 0.3995, -0.1806, -10.0000, -0.0087)
    [trial 12] 47 features, training_days=190 | threshold=0.762 | labels: 1255 long, 913 short (58/42%)
    [trial 12] Sharpe=0.1373 (folds: 0.0410, 0.4248, -0.0903, 0.1381, 0.1729)
    [trial 13] 47 features, training_days=270 | threshold=0.672 | labels: 1255 long, 913 short (58/42%)
    [trial 13] Sharpe=0.1218 (folds: -0.0979, 0.4749, -0.0967, 0.2211, 0.1075)
    [trial 14] 47 features, training_days=100 | threshold=0.787 | labels: 1255 long, 913 short (58/42%)
    [trial 14] Sharpe=0.0784 (folds: -0.0832, 0.3828, -0.0197, -0.2668, 0.3789)
    [trial 15] 47 features, training_days=390 | threshold=0.689 | labels: 1255 long, 913 short (58/42%)
    [trial 15] Sharpe=0.1602 (folds: 0.0832, 0.4693, -0.1243, 0.2995, 0.0734)
    [trial 16] 47 features, training_days=310 | threshold=0.565 | labels: 1255 long, 913 short (58/42%)
    [trial 16] Sharpe=0.1064 (folds: -0.1320, 0.4558, -0.0529, 0.1922, 0.0689)
    [trial 17] 47 features, training_days=230 | threshold=0.665 | labels: 1255 long, 913 short (58/42%)
    [trial 17] Sharpe=0.1771 (folds: -0.0514, 0.4873, -0.1149, 0.3847, 0.1796)
  Optuna: 18 trials, best Sharpe = 0.1790
  Best params: n_estimators=103, max_depth=5, lr=0.0675, leaves=52
  Best confidence_threshold: 0.811
  Best training_days: 240
  Retrained on full data (720 samples, 47 features)
  [ensemble 2/3] seed=123
    [trial 0] 47 features, training_days=150 | threshold=0.744 | labels: 1255 long, 913 short (58/42%)
    [CV fold 0] train_end=2020-07-23 08:00 | val_start=2020-07-31 00:00 | gap=184h (22 rows)
    [CV fold 1] train_end=2020-11-20 16:00 | val_start=2020-11-28 08:00 | gap=184h (22 rows)
    [CV fold 2] train_end=2021-03-21 00:00 | val_start=2021-03-28 16:00 | gap=184h (22 rows)
    [CV fold 3] train_end=2021-07-19 08:00 | val_start=2021-07-27 00:00 | gap=184h (22 rows)
    [CV fold 4] train_end=2021-11-16 16:00 | val_start=2021-11-24 08:00 | gap=184h (22 rows)
    [trial 0] Sharpe=0.0116 (folds: -0.0358, 0.3761, -0.1668, -0.3010, 0.1854)
    [trial 1] 47 features, training_days=220 | threshold=0.755 | labels: 1255 long, 913 short (58/42%)
    [trial 1] Sharpe=0.2545 (folds: 0.6879, 0.3958, -0.1691, 0.4347, -0.0767)
    [trial 2] 47 features, training_days=310 | threshold=0.754 | labels: 1255 long, 913 short (58/42%)
    [trial 2] Sharpe=0.0865 (folds: -0.1773, 0.4413, -0.1463, 0.2954, 0.0194)
    [trial 3] 47 features, training_days=220 | threshold=0.673 | labels: 1255 long, 913 short (58/42%)
    [trial 3] Sharpe=0.1346 (folds: -0.0761, 0.4952, -0.0432, 0.1852, 0.1118)
    [trial 4] 47 features, training_days=130 | threshold=0.803 | labels: 1255 long, 913 short (58/42%)
    [trial 4] Sharpe=0.0363 (folds: -0.0240, 0.2629, -0.1490, -0.1567, 0.2484)
    [trial 5] 47 features, training_days=210 | threshold=0.606 | labels: 1255 long, 913 short (58/42%)
    [trial 5] Sharpe=0.1372 (folds: -0.0285, 0.4776, -0.0492, 0.1763, 0.1097)
    [trial 6] 47 features, training_days=130 | threshold=0.767 | labels: 1255 long, 913 short (58/42%)
    [trial 6] Sharpe=0.0063 (folds: -0.0950, 0.4086, -0.0968, -0.2767, 0.0913)
    [trial 7] 47 features, training_days=80 | threshold=0.556 | labels: 1255 long, 913 short (58/42%)
    [trial 7] Sharpe=-0.0361 (folds: -0.2972, 0.2783, -0.1133, -0.2411, 0.1928)
    [trial 8] 47 features, training_days=200 | threshold=0.607 | labels: 1255 long, 913 short (58/42%)
    [trial 8] Sharpe=0.0755 (folds: -0.0716, 0.4205, -0.0553, -0.0016, 0.0855)
    [trial 9] 47 features, training_days=260 | threshold=0.620 | labels: 1255 long, 913 short (58/42%)
    [trial 9] Sharpe=0.1399 (folds: -0.0541, 0.4790, -0.1179, 0.2569, 0.1356)
    [trial 10] 47 features, training_days=470 | threshold=0.845 | labels: 1255 long, 913 short (58/42%)
    [trial 10] Sharpe=0.0803 (folds: -0.0950, 0.4146, -0.0707, 0.3920, -0.2393)
    [trial 11] 47 features, training_days=340 | threshold=0.684 | labels: 1255 long, 913 short (58/42%)
    [trial 11] Sharpe=0.1959 (folds: 0.2916, 0.4653, -0.2024, 0.4592, -0.0342)
    [trial 12] 47 features, training_days=360 | threshold=0.701 | labels: 1255 long, 913 short (58/42%)
    [trial 12] Sharpe=0.2629 (folds: 0.8604, 0.4469, -0.0910, 0.1257, -0.0273)
    [trial 13] 47 features, training_days=410 | threshold=0.689 | labels: 1255 long, 913 short (58/42%)
    [trial 13] Sharpe=-1.7976 (folds: 0.6985, 0.3968, -0.1639, -10.0000, 0.0807)
    [trial 14] 47 features, training_days=20 | threshold=0.721 | labels: 1255 long, 913 short (58/42%)
    [trial 14] Sharpe=-5.8566 (folds: 0.3171, 0.4001, -10.0000, -10.0000, -10.0000)
    [trial 15] 47 features, training_days=380 | threshold=0.503 | labels: 1255 long, 913 short (58/42%)
    [trial 15] Sharpe=0.1373 (folds: -0.0217, 0.4411, -0.1345, 0.3228, 0.0789)
    [trial 16] 47 features, training_days=500 | threshold=0.810 | labels: 1255 long, 913 short (58/42%)
    [trial 16] Sharpe=-1.7898 (folds: 0.7748, 0.3192, -0.0158, -10.0000, -0.0272)
    [trial 17] 47 features, training_days=290 | threshold=0.653 | labels: 1255 long, 913 short (58/42%)[I 2026-06-01 14:56:05,996] Trial 17 finished with value: 0.15219627219408854 and parameters: {'confidence_threshold': 0.6532188814216302, 'training_days': 290, 'n_estimators': 95, 'max_depth': 5, 'num_leaves': 45, 'learning_rate': 0.017746624628996042, 'subsample': 0.7013191201565685, 'colsample_bytree': 0.5225343572251958, 'min_child_samples': 54, 'reg_alpha': 0.21211158421634815, 'reg_lambda': 0.4838561248080444}. Best is trial 12 with value: 0.26294521269412885.
[I 2026-06-01 14:56:06,080] A new study created in memory with name: no-name-c785e7c3-116e-457b-b2ba-dc6ebbb304f5
[I 2026-06-01 14:56:06,261] Trial 0 finished with value: -0.049768769439823016 and parameters: {'confidence_threshold': 0.5870645682749857, 'training_days': 90, 'n_estimators': 403, 'max_depth': 5, 'num_leaves': 45, 'learning_rate': 0.0780457193679974, 'subsample': 0.9428509515574568, 'colsample_bytree': 0.8795587339164916, 'min_child_samples': 34, 'reg_alpha': 2.2465901234314442e-07, 'reg_lambda': 8.339007036475363e-05}. Best is trial 0 with value: -0.049768769439823016.
[I 2026-06-01 14:56:06,373] Trial 1 finished with value: 0.14119850809242257 and parameters: {'confidence_threshold': 0.6348453934275313, 'training_days': 290, 'n_estimators': 115, 'max_depth': 5, 'num_leaves': 37, 'learning_rate': 0.06949568759029946, 'subsample': 0.8228505074024268, 'colsample_bytree': 0.8616703220431751, 'min_child_samples': 75, 'reg_alpha': 4.2486822725010923e-07, 'reg_lambda': 1.157247767047042e-07}. Best is trial 1 with value: 0.14119850809242257.
[I 2026-06-01 14:56:06,392] Trial 2 finished with value: -0.1785675343610913 and parameters: {'confidence_threshold': 0.5849570384370288, 'training_days': 10, 'n_estimators': 212, 'max_depth': 3, 'num_leaves': 41, 'learning_rate': 0.18452095998378365, 'subsample': 0.6001060822924371, 'colsample_bytree': 0.5673167293506167, 'min_child_samples': 37, 'reg_alpha': 5.733250064217131, 'reg_lambda': 0.5308454292595461}. Best is trial 1 with value: 0.14119850809242257.
[I 2026-06-01 14:56:06,465] Trial 3 finished with value: 0.17294428511469326 and parameters: {'confidence_threshold': 0.6868248626683718, 'training_days': 220, 'n_estimators': 134, 'max_depth': 3, 'num_leaves': 45, 'learning_rate': 0.033529007907491595, 'subsample': 0.8647277071858408, 'colsample_bytree': 0.778494116634046, 'min_child_samples': 96, 'reg_alpha': 2.409409937265785e-07, 'reg_lambda': 1.1642073478060009}. Best is trial 3 with value: 0.17294428511469326.
[I 2026-06-01 14:56:06,544] Trial 4 finished with value: 0.10501151192176358 and parameters: {'confidence_threshold': 0.5623121348350352, 'training_days': 300, 'n_estimators': 69, 'max_depth': 4, 'num_leaves': 32, 'learning_rate': 0.14967629360700346, 'subsample': 0.5054535233636654, 'colsample_bytree': 0.7401385194659216, 'min_child_samples': 27, 'reg_alpha': 1.4212042567426725e-07, 'reg_lambda': 0.23605753701352003}. Best is trial 3 with value: 0.17294428511469326.
[I 2026-06-01 14:56:06,942] Trial 5 finished with value: 0.1307173632718243 and parameters: {'confidence_threshold': 0.7111850244908446, 'training_days': 490, 'n_estimators': 362, 'max_depth': 5, 'num_leaves': 40, 'learning_rate': 0.05960785724162737, 'subsample': 0.5589714368907717, 'colsample_bytree': 0.6659006943232806, 'min_child_samples': 42, 'reg_alpha': 0.6741360303045295, 'reg_lambda': 6.054601607143087e-08}. Best is trial 3 with value: 0.17294428511469326.
[I 2026-06-01 14:56:07,114] Trial 6 finished with value: 0.12685491130696186 and parameters: {'confidence_threshold': 0.667482545748023, 'training_days': 420, 'n_estimators': 279, 'max_depth': 3, 'num_leaves': 45, 'learning_rate': 0.040099592560849204, 'subsample': 0.8563114696415159, 'colsample_bytree': 0.5442917781944105, 'min_child_samples': 50, 'reg_alpha': 1.6407916423707903e-08, 'reg_lambda': 2.935907642973286e-05}. Best is trial 3 with value: 0.17294428511469326.
[I 2026-06-01 14:56:07,257] Trial 7 finished with value: 0.01799245379181108 and parameters: {'confidence_threshold': 0.5497381024139926, 'training_days': 120, 'n_estimators': 408, 'max_depth': 5, 'num_leaves': 38, 'learning_rate': 0.28049122657745795, 'subsample': 0.8806573338635493, 'colsample_bytree': 0.5454054113547102, 'min_child_samples': 63, 'reg_alpha': 0.01263008637940408, 'reg_lambda': 0.04588020805366937}. Best is trial 3 with value: 0.17294428511469326.
[I 2026-06-01 14:56:07,505] Trial 8 finished with value: 0.12815410410789374 and parameters: {'confidence_threshold': 0.719644804808716, 'training_days': 450, 'n_estimators': 410, 'max_depth': 4, 'num_leaves': 57, 'learning_rate': 0.04022026551478857, 'subsample': 0.5336085426932707, 'colsample_bytree': 0.5705742850577543, 'min_child_samples': 100, 'reg_alpha': 5.916398047912201e-07, 'reg_lambda': 0.9794034214488329}. Best is trial 3 with value: 0.17294428511469326.
[I 2026-06-01 14:56:07,529] Trial 9 finished with value: -5.856553341029801 and parameters: {'confidence_threshold': 0.7267463643917187, 'training_days': 20, 'n_estimators': 337, 'max_depth': 5, 'num_leaves': 23, 'learning_rate': 0.022153031811454605, 'subsample': 0.6305627572358737, 'colsample_bytree': 0.6613413774216214, 'min_child_samples': 81, 'reg_alpha': 5.7638634029410314e-08, 'reg_lambda': 8.26603016764008}. Best is trial 3 with value: 0.17294428511469326.
[I 2026-06-01 14:56:07,622] Trial 10 finished with value: -3.935041617542782 and parameters: {'confidence_threshold': 0.8283920119574972, 'training_days': 200, 'n_estimators': 181, 'max_depth': 3, 'num_leaves': 62, 'learning_rate': 0.011579281028220855, 'subsample': 0.7130289643560688, 'colsample_bytree': 0.9944479338273263, 'min_child_samples': 100, 'reg_alpha': 6.837313901272251e-05, 'reg_lambda': 0.0027253228209330924}. Best is trial 3 with value: 0.17294428511469326.
[I 2026-06-01 14:56:07,683] Trial 11 finished with value: 0.21839132220037513 and parameters: {'confidence_threshold': 0.6435110568867387, 'training_days': 300, 'n_estimators': 53, 'max_depth': 4, 'num_leaves': 52, 'learning_rate': 0.0222741777320615, 'subsample': 0.7864449612484271, 'colsample_bytree': 0.8566211708639163, 'min_child_samples': 82, 'reg_alpha': 2.5646023357365184e-05, 'reg_lambda': 7.359299995524362e-08}. Best is trial 11 with value: 0.21839132220037513.
[I 2026-06-01 14:56:07,756] Trial 12 finished with value: -3.9175473283767865 and parameters: {'confidence_threshold': 0.7805258891360656, 'training_days': 360, 'n_estimators': 54, 'max_depth': 4, 'num_leaves': 53, 'learning_rate': 0.01924681962976845, 'subsample': 0.7288381003885563, 'colsample_bytree': 0.8502332530306856, 'min_child_samples': 88, 'reg_alpha': 5.113460481149383e-05, 'reg_lambda': 2.0831803692649198e-06}. Best is trial 11 with value: 0.21839132220037513.
[I 2026-06-01 14:56:07,871] Trial 13 finished with value: 0.12415331925199384 and parameters: {'confidence_threshold': 0.5040535938350955, 'training_days': 210, 'n_estimators': 157, 'max_depth': 4, 'num_leaves': 52, 'learning_rate': 0.023468126747120118, 'subsample': 0.9755936541801561, 'colsample_bytree': 0.7704197786801941, 'min_child_samples': 67, 'reg_alpha': 8.465942575614097e-06, 'reg_lambda': 0.004344943341578826}. Best is trial 11 with value: 0.21839132220037513.
[I 2026-06-01 14:56:08,105] Trial 14 finished with value: 0.1292391658175474 and parameters: {'confidence_threshold': 0.6439954054899397, 'training_days': 210, 'n_estimators': 500, 'max_depth': 3, 'num_leaves': 17, 'learning_rate': 0.011569006146449106, 'subsample': 0.7935856948288743, 'colsample_bytree': 0.9558958647114086, 'min_child_samples': 88, 'reg_alpha': 0.007558490788345549, 'reg_lambda': 1.9537169326802645e-06}. Best is trial 11 with value: 0.21839132220037513.
[I 2026-06-01 14:56:08,190] Trial 15 finished with value: 0.13797769481949299 and parameters: {'confidence_threshold': 0.7594279795954488, 'training_days': 310, 'n_estimators': 110, 'max_depth': 3, 'num_leaves': 49, 'learning_rate': 0.03335210513503152, 'subsample': 0.9130673202651429, 'colsample_bytree': 0.7960197179113024, 'min_child_samples': 88, 'reg_alpha': 4.99025556679806e-06, 'reg_lambda': 0.0013467843257158065}. Best is trial 11 with value: 0.21839132220037513.
[I 2026-06-01 14:56:08,373] Trial 16 finished with value: 0.14892730015322939 and parameters: {'confidence_threshold': 0.6388779883939387, 'training_days': 380, 'n_estimators': 239, 'max_depth': 4, 'num_leaves': 29, 'learning_rate': 0.10164450837387665, 'subsample': 0.6693629824955956, 'colsample_bytree': 0.7019334378351963, 'min_child_samples': 73, 'reg_alpha': 0.0017698824032541677, 'reg_lambda': 2.467406175509025e-06}. Best is trial 11 with value: 0.21839132220037513.
