[I 2026-06-01 15:01:11,369] Trial 17 finished with value: -0.023748506814525387 and parameters: {'confidence_threshold': 0.6789363661861483, 'training_days': 140, 'n_estimators': 123, 'max_depth': 3, 'num_leaves': 62, 'learning_rate': 0.02852299476290232, 'subsample': 0.7912899898389397, 'colsample_bytree': 0.9369733185219081, 'min_child_samples': 54, 'reg_alpha': 5.2494349038324404e-06, 'reg_lambda': 0.03342820828150801}. Best is trial 11 with value: 0.059759467431815524.

  Best training_days: 220
  Retrained on full data (660 samples, 47 features)
  [ensemble 3/3] seed=456
    [trial 0] 47 features, training_days=90 | threshold=0.587 | labels: 1186 long, 985 short (55/45%)
    [CV fold 0] train_end=2022-12-24 08:00 | val_start=2023-01-01 00:00 | gap=184h (22 rows)
    [CV fold 1] train_end=2023-04-23 16:00 | val_start=2023-05-01 08:00 | gap=184h (22 rows)
    [CV fold 2] train_end=2023-08-22 00:00 | val_start=2023-08-29 16:00 | gap=184h (22 rows)
    [CV fold 3] train_end=2023-12-20 08:00 | val_start=2023-12-28 00:00 | gap=184h (22 rows)
    [CV fold 4] train_end=2024-04-18 16:00 | val_start=2024-04-26 08:00 | gap=184h (22 rows)
    [trial 0] Sharpe=-0.0011 (folds: 0.0827, -0.0625, -0.1771, 0.2171, -0.0656)
    [trial 1] 47 features, training_days=290 | threshold=0.635 | labels: 1186 long, 985 short (55/45%)
    [trial 1] Sharpe=0.0450 (folds: 0.0187, 0.0088, 0.0305, 0.2194, -0.0525)
    [trial 2] 47 features, training_days=10 | threshold=0.585 | labels: 1186 long, 985 short (55/45%)
    [trial 2] Sharpe=-0.0780 (folds: -0.1154, -0.0206, -0.4214, 0.2143, -0.0469)
    [trial 3] 47 features, training_days=220 | threshold=0.687 | labels: 1186 long, 985 short (55/45%)
    [trial 3] Sharpe=0.0540 (folds: 0.0133, -0.0022, 0.1600, 0.1427, -0.0437)
    [trial 4] 47 features, training_days=300 | threshold=0.562 | labels: 1186 long, 985 short (55/45%)
    [trial 4] Sharpe=0.0214 (folds: 0.0057, -0.0245, 0.0423, 0.1661, -0.0824)
    [trial 5] 47 features, training_days=490 | threshold=0.711 | labels: 1186 long, 985 short (55/45%)
    [trial 5] Sharpe=0.0388 (folds: 0.0392, -0.0695, 0.0447, 0.2626, -0.0830)
    [trial 6] 47 features, training_days=420 | threshold=0.667 | labels: 1186 long, 985 short (55/45%)
    [trial 6] Sharpe=0.0208 (folds: 0.0453, -0.0731, -0.1222, 0.3760, -0.1221)
    [trial 7] 47 features, training_days=120 | threshold=0.550 | labels: 1186 long, 985 short (55/45%)
    [trial 7] Sharpe=-0.0187 (folds: 0.0206, -0.0977, -0.1515, 0.2523, -0.1174)
    [trial 8] 47 features, training_days=450 | threshold=0.720 | labels: 1186 long, 985 short (55/45%)
    [trial 8] Sharpe=0.0217 (folds: -0.0722, 0.0407, -0.0763, 0.2754, -0.0589)
    [trial 9] 47 features, training_days=20 | threshold=0.727 | labels: 1186 long, 985 short (55/45%)
    [trial 9] Sharpe=-8.0843 (folds: -10.0000, -10.0000, -0.4214, -10.0000, -10.0000)
    [trial 10] 47 features, training_days=200 | threshold=0.828 | labels: 1186 long, 985 short (55/45%)
    [trial 10] Sharpe=-5.9219 (folds: -10.0000, -10.0000, -10.0000, 0.2574, 0.1331)
    [trial 11] 47 features, training_days=300 | threshold=0.644 | labels: 1186 long, 985 short (55/45%)
    [trial 11] Sharpe=0.0598 (folds: -0.0081, -0.0443, 0.2287, 0.1699, -0.0474)
    [trial 12] 47 features, training_days=360 | threshold=0.781 | labels: 1186 long, 985 short (55/45%)
    [trial 12] Sharpe=-10.0000 (folds: -10.0000, -10.0000, -10.0000, -10.0000, -10.0000)
    [trial 13] 47 features, training_days=210 | threshold=0.504 | labels: 1186 long, 985 short (55/45%)
    [trial 13] Sharpe=0.0512 (folds: 0.0387, 0.1120, 0.1026, 0.0309, -0.0280)
    [trial 14] 47 features, training_days=210 | threshold=0.644 | labels: 1186 long, 985 short (55/45%)
    [trial 14] Sharpe=0.0248 (folds: 0.0325, 0.1224, 0.0132, 0.0266, -0.0706)
    [trial 15] 47 features, training_days=310 | threshold=0.759 | labels: 1186 long, 985 short (55/45%)
    [trial 15] Sharpe=-0.0958 (folds: -0.3015, -0.1558, -0.1635, 0.1634, -0.0214)
    [trial 16] 47 features, training_days=380 | threshold=0.639 | labels: 1186 long, 985 short (55/45%)
    [trial 16] Sharpe=0.0247 (folds: 0.0053, -0.0080, -0.0241, 0.2158, -0.0655)
    [trial 17] 47 features, training_days=140 | threshold=0.679 | labels: 1186 long, 985 short (55/45%)
    [trial 17] Sharpe=-0.0237 (folds: -0.0000, 0.1580, -0.2463, 0.0997, -0.1301)
  Optuna: 18 trials, best Sharpe = 0.0598
  Best params: n_estimators=53, max_depth=4, lr=0.0223, leaves=52
  Best confidence_threshold: 0.644
  Best training_days: 300
  Retrained on full data (900 samples, 47 features)
  OOD: 16 features, cutoff (q=0.7) = 10.10
  Model trained for 2024-09: 90 test candles with features, confidence_threshold=0.663
[predict] 2024-09-01 08:00 BTCUSDT → LONG (proba=0.68 TP=7.8%/SL=3.9%)
[trade:open] 2024-09-01 15:59 BTCUSDT LONG @ 58184.10 | SL=55920.84 TP=62710.61 | timeout=2024-09-08 15:59
[trade:close] 2024-09-04 07:59 BTCUSDT LONG → stop_loss @ 55920.84 | PnL=-3.89% (net -3.99%) | cum=-27.61% 2024-09=-3.99% 2024-09-04=-3.99%
[predict] 2024-09-07 00:00 BTCUSDT → LONG (proba=0.75 TP=9.8%/SL=4.9%)
[trade:open] 2024-09-07 07:59 BTCUSDT LONG @ 54258.10 | SL=51606.38 TP=59561.55 | timeout=2024-09-14 07:59
[trade:close] 2024-09-13 15:59 BTCUSDT LONG → take_profit @ 59561.55 | PnL=+9.77% (net +9.67%) | cum=-17.94% 2024-09=+5.68% 2024-09-13=+9.67%
[predict] 2024-09-14 08:00 BTCUSDT → SHORT (proba=0.70 TP=7.1%/SL=3.5%)
[trade:open] 2024-09-14 15:59 BTCUSDT SHORT @ 59840.10 | SL=61957.28 TP=55605.73 | timeout=2024-09-21 15:59
[trade:close] 2024-09-19 07:59 BTCUSDT SHORT → stop_loss @ 61957.28 | PnL=-3.54% (net -3.64%) | cum=-21.58% 2024-09=+2.05% 2024-09-19=-3.64%
[predict] 2024-09-22 08:00 BTCUSDT → SHORT (proba=0.67 TP=5.7%/SL=2.9%)
[trade:open] 2024-09-22 15:59 BTCUSDT SHORT @ 62624.20 | SL=64414.33 TP=59043.93 | timeout=2024-09-29 15:59
[trade:close] 2024-09-23 07:59 BTCUSDT SHORT → stop_loss @ 64414.33 | PnL=-2.86% (net -2.96%) | cum=-24.54% 2024-09=-0.91% 2024-09-23=-2.96%
[predict] 2024-09-24 16:00 BTCUSDT → LONG (proba=0.69 TP=6.2%/SL=3.1%)
[trade:open] 2024-09-24 23:59 BTCUSDT LONG @ 64243.10 | SL=62243.08 TP=68243.13 | timeout=2024-10-01 23:59
[lgbm] === Training for 2024-10 ===
  Train window: 2022-10-01 → 2024-09-23
  2171 training samples from 1 symbols
  Samples per month: 2022-10: 93, 2022-11: 90, 2022-12: 93, 2023-01: 93, 2023-02: 84, 2023-03: 93, 2023-04: 90, 2023-05: 93, 2023-06: 90, 2023-07: 93, 2023-08: 93, 2023-09: 90, 2023-10: 93, 2023-11: 90, 2023-12: 93, 2024-01: 93, 2024-02: 87, 2024-03: 93, 2024-04: 90, 2024-05: 93, 2024-06: 90, 2024-07: 93, 2024-08: 93, 2024-09: 68
  [label] 2022-12-01 16:00 BTCUSDT entry=16970.5000 → LONG | long=timeout(+1.35%) short=timeout(-1.55%) | scanned=22 | no_tp→fwd_return=+1.4466
  [label] 2022-12-04 00:00 BTCUSDT entry=16987.9000 → LONG | long=timeout(+0.99%) short=sl(-2.67%) | scanned=22 | no_tp→fwd_return=+1.0920
  [label] 2022-12-07 16:00 BTCUSDT entry=16828.0000 → LONG | long=tp(+4.83%) short=sl(-2.56%) | scanned=17 | long_tp_only
  [label] 2023-01-01 08:00 BTCUSDT entry=16553.1000 → LONG | long=timeout(+2.55%) short=sl(-1.58%) | scanned=22 | no_tp→fwd_return=+2.6454
  [label] 2023-02-23 00:00 BTCUSDT entry=24365.3000 → SHORT | long=sl(-4.50%) short=timeout(+3.94%) | scanned=22 | no_tp→fwd_return=-4.0361
  [label] 2023-08-08 00:00 BTCUSDT entry=29177.0000 → LONG | long=tp(+3.33%) short=sl(-1.82%) | scanned=2 | long_tp_only
  [label] 2023-08-12 00:00 BTCUSDT entry=29410.2000 → SHORT | long=sl(-1.74%) short=tp(+3.18%) | scanned=15 | short_tp_only
  [label] 2023-08-22 16:00 BTCUSDT entry=26044.4000 → LONG | long=tp(+5.66%) short=sl(-2.98%) | scanned=20 | long_tp_only
  [label] 2023-10-06 16:00 BTCUSDT entry=27916.3000 → SHORT | long=sl(-3.08%) short=timeout(+3.72%) | scanned=22 | no_tp→fwd_return=-3.8203
  [label] 2023-10-15 08:00 BTCUSDT entry=26885.6000 → LONG | long=tp(+3.33%) short=sl(-1.81%) | scanned=2 | long_tp_only
  [label] 2024-01-13 16:00 BTCUSDT entry=42846.4000 → SHORT | long=timeout(-2.79%) short=timeout(+2.59%) | scanned=22 | no_tp→fwd_return=-2.6947
  [label] 2024-02-14 16:00 BTCUSDT entry=51823.2000 → LONG | long=timeout(+0.01%) short=timeout(-0.21%) | scanned=22 | no_tp→fwd_return=+0.1054
  [label] 2024-03-02 00:00 BTCUSDT entry=62071.9000 → LONG | long=tp(+9.51%) short=sl(-4.90%) | scanned=8 | long_tp_only
  [label] 2024-03-14 16:00 BTCUSDT entry=71455.5000 → SHORT | long=sl(-5.29%) short=tp(+10.28%) | scanned=13 | short_tp_only
  [label] 2024-04-02 00:00 BTCUSDT entry=66503.3000 → LONG | long=tp(+9.03%) short=sl(-4.66%) | scanned=19 | long_tp_only
  [label] 2024-04-08 08:00 BTCUSDT entry=71815.7000 → SHORT | long=sl(-3.97%) short=tp(+7.64%) | scanned=13 | short_tp_only[I 2026-06-01 15:01:12,003] A new study created in memory with name: no-name-0bc4969a-a3ac-4275-be9a-5c24ba514487
[I 2026-06-01 15:01:12,311] Trial 0 finished with value: 0.018606895777252153 and parameters: {'confidence_threshold': 0.6310890415965769, 'training_days': 480, 'n_estimators': 380, 'max_depth': 4, 'num_leaves': 22, 'learning_rate': 0.01699897838270077, 'subsample': 0.5290418060840998, 'colsample_bytree': 0.9330880728874675, 'min_child_samples': 68, 'reg_alpha': 0.023585940584142682, 'reg_lambda': 1.5320059381854043e-08}. Best is trial 0 with value: 0.018606895777252153.
[I 2026-06-01 15:01:12,431] Trial 1 finished with value: -1.7580102165165659 and parameters: {'confidence_threshold': 0.839468448256698, 'training_days': 420, 'n_estimators': 145, 'max_depth': 3, 'num_leaves': 23, 'learning_rate': 0.028145092716060652, 'subsample': 0.762378215816119, 'colsample_bytree': 0.7159725093210578, 'min_child_samples': 43, 'reg_alpha': 0.0032112643094417484, 'reg_lambda': 1.8007140198129195e-07}. Best is trial 0 with value: 0.018606895777252153.
[I 2026-06-01 15:01:12,571] Trial 2 finished with value: -0.06649437203431643 and parameters: {'confidence_threshold': 0.6022506269873263, 'training_days': 190, 'n_estimators': 255, 'max_depth': 5, 'num_leaves': 24, 'learning_rate': 0.05748924681991978, 'subsample': 0.7962072844310213, 'colsample_bytree': 0.5232252063599989, 'min_child_samples': 69, 'reg_alpha': 3.425445902633376e-07, 'reg_lambda': 3.850031979199519e-08}. Best is trial 0 with value: 0.018606895777252153.
[I 2026-06-01 15:01:12,836] Trial 3 finished with value: 0.03831094147664889 and parameters: {'confidence_threshold': 0.8321099380386666, 'training_days': 490, 'n_estimators': 414, 'max_depth': 3, 'num_leaves': 19, 'learning_rate': 0.1024932221692416, 'subsample': 0.7200762468698007, 'colsample_bytree': 0.5610191174223894, 'min_child_samples': 60, 'reg_alpha': 2.039373116525212e-08, 'reg_lambda': 1.527156759251193}. Best is trial 3 with value: 0.03831094147664889.
[I 2026-06-01 15:01:13,024] Trial 4 finished with value: 0.07486237365619333 and parameters: {'confidence_threshold': 0.5905729935600059, 'training_days': 340, 'n_estimators': 190, 'max_depth': 4, 'num_leaves': 41, 'learning_rate': 0.01875220945578641, 'subsample': 0.9847923138822793, 'colsample_bytree': 0.8875664116805573, 'min_child_samples': 96, 'reg_alpha': 1.1309571585271483, 'reg_lambda': 0.002404915432737351}. Best is trial 4 with value: 0.07486237365619333.
[I 2026-06-01 15:01:13,064] Trial 5 finished with value: -0.06483461276158822 and parameters: {'confidence_threshold': 0.8226559822580909, 'training_days': 50, 'n_estimators': 138, 'max_depth': 3, 'num_leaves': 30, 'learning_rate': 0.03750796359625606, 'subsample': 0.6356745158869479, 'colsample_bytree': 0.9143687545759647, 'min_child_samples': 48, 'reg_alpha': 3.376063348877853e-06, 'reg_lambda': 0.0007660634613082914}. Best is trial 4 with value: 0.07486237365619333.
[I 2026-06-01 15:01:13,170] Trial 6 finished with value: 0.010104435013721954 and parameters: {'confidence_threshold': 0.5493234787411669, 'training_days': 410, 'n_estimators': 83, 'max_depth': 5, 'num_leaves': 52, 'learning_rate': 0.019657448966046126, 'subsample': 0.5027610585618012, 'colsample_bytree': 0.9077307142274171, 'min_child_samples': 77, 'reg_alpha': 0.03639690979811287, 'reg_lambda': 0.08738424135626986}. Best is trial 4 with value: 0.07486237365619333.
[I 2026-06-01 15:01:13,265] Trial 7 finished with value: -0.07038330252759388 and parameters: {'confidence_threshold': 0.5259156281069316, 'training_days': 180, 'n_estimators': 102, 'max_depth': 5, 'num_leaves': 45, 'learning_rate': 0.030816017044468066, 'subsample': 0.5317791751430119, 'colsample_bytree': 0.6554911608578311, 'min_child_samples': 46, 'reg_alpha': 0.036851536911881845, 'reg_lambda': 0.005470376807480391}. Best is trial 4 with value: 0.07486237365619333.
[I 2026-06-01 15:01:13,378] Trial 8 finished with value: -0.002256752076152957 and parameters: {'confidence_threshold': 0.8105244599017143, 'training_days': 240, 'n_estimators': 103, 'max_depth': 5, 'num_leaves': 52, 'learning_rate': 0.06746437142284309, 'subsample': 0.8854835899772805, 'colsample_bytree': 0.7468977981821954, 'min_child_samples': 62, 'reg_alpha': 7.04480806377519e-05, 'reg_lambda': 1.6934490731313353e-08}. Best is trial 4 with value: 0.07486237365619333.
[I 2026-06-01 15:01:13,400] Trial 9 finished with value: -2.0293732440407326 and parameters: {'confidence_threshold': 0.5377619994476566, 'training_days': 20, 'n_estimators': 337, 'max_depth': 3, 'num_leaves': 39, 'learning_rate': 0.21907142272152816, 'subsample': 0.6246461145744375, 'colsample_bytree': 0.7051914615178149, 'min_child_samples': 81, 'reg_alpha': 1.1459970229341322e-06, 'reg_lambda': 4.929685216887945e-08}. Best is trial 4 with value: 0.07486237365619333.
[I 2026-06-01 15:01:13,761] Trial 10 finished with value: 0.07797934007466042 and parameters: {'confidence_threshold': 0.6797821749717731, 'training_days': 350, 'n_estimators': 487, 'max_depth': 4, 'num_leaves': 61, 'learning_rate': 0.011407797829608154, 'subsample': 0.9865389998628291, 'colsample_bytree': 0.8382861898713898, 'min_child_samples': 98, 'reg_alpha': 8.536188349289, 'reg_lambda': 3.3639426888455256e-06}. Best is trial 10 with value: 0.07797934007466042.
[I 2026-06-01 15:01:13,952] Trial 11 finished with value: 0.0601002263682631 and parameters: {'confidence_threshold': 0.7161090655475574, 'training_days': 330, 'n_estimators': 243, 'max_depth': 4, 'num_leaves': 61, 'learning_rate': 0.010418004616766478, 'subsample': 0.999465390980953, 'colsample_bytree': 0.8374910753955798, 'min_child_samples': 98, 'reg_alpha': 5.370415467243256, 'reg_lambda': 8.43884102267831e-06}. Best is trial 10 with value: 0.07797934007466042.
[I 2026-06-01 15:01:14,267] Trial 12 finished with value: 0.11874622246403332 and parameters: {'confidence_threshold': 0.7131758522018106, 'training_days': 330, 'n_estimators': 493, 'max_depth': 4, 'num_leaves': 63, 'learning_rate': 0.010377063435469455, 'subsample': 0.9951155230471791, 'colsample_bytree': 0.8304278626461432, 'min_child_samples': 100, 'reg_alpha': 7.438980468767913, 'reg_lambda': 4.507398817361611e-06}. Best is trial 12 with value: 0.11874622246403332.
[I 2026-06-01 15:01:14,835] Trial 13 finished with value: 0.05107457649505481 and parameters: {'confidence_threshold': 0.7148621561313179, 'training_days': 320, 'n_estimators': 500, 'max_depth': 4, 'num_leaves': 62, 'learning_rate': 0.010487676952854678, 'subsample': 0.890753242980251, 'colsample_bytree': 0.9988270228115897, 'min_child_samples': 22, 'reg_alpha': 1.3806058092546691, 'reg_lambda': 1.0174852371049091e-05}. Best is trial 12 with value: 0.11874622246403332.
[I 2026-06-01 15:01:15,164] Trial 14 finished with value: 0.09585550916255606 and parameters: {'confidence_threshold': 0.7467244789105287, 'training_days': 270, 'n_estimators': 499, 'max_depth': 4, 'num_leaves': 56, 'learning_rate': 0.010284682228713442, 'subsample': 0.9219477307925201, 'colsample_bytree': 0.8125859382071857, 'min_child_samples': 88, 'reg_alpha': 6.243069797304175, 'reg_lambda': 7.565770484313319e-06}. Best is trial 12 with value: 0.11874622246403332.
[I 2026-06-01 15:01:15,324] Trial 15 finished with value: 0.043600042381818256 and parameters: {'confidence_threshold': 0.7632655502366587, 'training_days': 130, 'n_estimators': 432, 'max_depth': 4, 'num_leaves': 55, 'learning_rate': 0.2656554302157523, 'subsample': 0.9094597675134307, 'colsample_bytree': 0.8100744538922787, 'min_child_samples': 86, 'reg_alpha': 0.2770133489489735, 'reg_lambda': 7.482879404932238e-05}. Best is trial 12 with value: 0.11874622246403332.
[I 2026-06-01 15:01:15,559] Trial 16 finished with value: 0.003667503366737257 and parameters: {'confidence_threshold': 0.7606062944100104, 'training_days': 260, 'n_estimators': 339, 'max_depth': 4, 'num_leaves': 56, 'learning_rate': 0.15013971957309138, 'subsample': 0.9298169879974557, 'colsample_bytree': 0.7853619921477988, 'min_child_samples': 89, 'reg_alpha': 0.00041918374929608026, 'reg_lambda': 1.0611376359543951e-06}. Best is trial 12 with value: 0.11874622246403332.
[I 2026-06-01 15:01:15,847] Trial 17 finished with value: 0.07952116837678054 and parameters: {'confidence_threshold': 0.7611484084321937, 'training_days': 280, 'n_estimators': 452, 'max_depth': 4, 'num_leaves': 47, 'learning_rate': 0.015846309309589298, 'subsample': 0.8366733523272174, 'colsample_bytree': 0.6505152466626335, 'min_child_samples': 89, 'reg_alpha': 0.4614883505518947, 'reg_lambda': 0.00015084693661290404}. Best is trial 12 with value: 0.11874622246403332.
[I 2026-06-01 15:01:16,271] A new study created in memory with name: no-name-a1fd4da5-2559-4e72-988f-e98b53324900
[I 2026-06-01 15:01:16,375] Trial 0 finished with value: -0.012579136096171176 and parameters: {'confidence_threshold': 0.7437642149592516, 'training_days': 150, 'n_estimators': 152, 'max_depth': 4, 'num_leaves': 50, 'learning_rate': 0.04216766425047743, 'subsample': 0.9903820991923078, 'colsample_bytree': 0.8424148692924316, 'min_child_samples': 58, 'reg_alpha': 3.381097259762742e-05, 'reg_lambda': 1.2263152961306247e-05}. Best is trial 0 with value: -0.012579136096171176.
[I 2026-06-01 15:01:16,449] Trial 1 finished with value: 0.055692462890945316 and parameters: {'confidence_threshold': 0.7551673975844145, 'training_days': 220, 'n_estimators': 76, 'max_depth': 4, 'num_leaves': 51, 'learning_rate': 0.018602118810743477, 'subsample': 0.5877258780737462, 'colsample_bytree': 0.7657756869209191, 'min_child_samples': 63, 'reg_alpha': 0.005123994170264194, 'reg_lambda': 0.44145470178120466}. Best is trial 1 with value: 0.055692462890945316.
[I 2026-06-01 15:01:16,702] Trial 2 finished with value: 0.10678829566432349 and parameters: {'confidence_threshold': 0.7535593637012223, 'training_days': 310, 'n_estimators': 375, 'max_depth': 3, 'num_leaves': 32, 'learning_rate': 0.021735641882032388, 'subsample': 0.6468570231944146, 'colsample_bytree': 0.8154880619272439, 'min_child_samples': 27, 'reg_alpha': 8.004064028491336e-05, 'reg_lambda': 7.546835261630524e-05}. Best is trial 2 with value: 0.10678829566432349.
[I 2026-06-01 15:01:16,869] Trial 3 finished with value: -0.0303146130588157 and parameters: {'confidence_threshold': 0.6727897841776072, 'training_days': 220, 'n_estimators': 190, 'max_depth': 4, 'num_leaves': 58, 'learning_rate': 0.24810689332636193, 'subsample': 0.7509183379421682, 'colsample_bytree': 0.8119764758960556, 'min_child_samples': 29, 'reg_alpha': 7.1708285081421445e-06, 'reg_lambda': 5.412973582738627e-05}. Best is trial 2 with value: 0.10678829566432349.
[I 2026-06-01 15:01:16,980] Trial 4 finished with value: 0.027030434245480305 and parameters: {'confidence_threshold': 0.803208205259178, 'training_days': 130, 'n_estimators': 267, 'max_depth': 5, 'num_leaves': 40, 'learning_rate': 0.08041175317374143, 'subsample': 0.5603143329951619, 'colsample_bytree': 0.9131704002534167, 'min_child_samples': 68, 'reg_alpha': 0.0008046593428183385, 'reg_lambda': 1.2158346158765583e-05}. Best is trial 2 with value: 0.10678829566432349.
[I 2026-06-01 15:01:17,201] Trial 5 finished with value: -0.04613394416413451 and parameters: {'confidence_threshold': 0.6064422761595144, 'training_days': 210, 'n_estimators': 357, 'max_depth': 5, 'num_leaves': 40, 'learning_rate': 0.0974221287220869, 'subsample': 0.7929682762811064, 'colsample_bytree': 0.8124517510478, 'min_child_samples': 74, 'reg_alpha': 0.3811377260781234, 'reg_lambda': 5.607314238392041e-08}. Best is trial 2 with value: 0.10678829566432349.
[I 2026-06-01 15:01:17,315] Trial 6 finished with value: 0.04159026136961698 and parameters: {'confidence_threshold': 0.7672889945051684, 'training_days': 130, 'n_estimators': 137, 'max_depth': 4, 'num_leaves': 19, 'learning_rate': 0.2031117614248665, 'subsample': 0.8136244860256343, 'colsample_bytree': 0.8617081790949774, 'min_child_samples': 21, 'reg_alpha': 0.002238138278733199, 'reg_lambda': 0.001025809534977322}. Best is trial 2 with value: 0.10678829566432349.
[I 2026-06-01 15:01:17,383] Trial 7 finished with value: -0.06848374598998784 and parameters: {'confidence_threshold': 0.555635875450653, 'training_days': 80, 'n_estimators': 363, 'max_depth': 3, 'num_leaves': 48, 'learning_rate': 0.06590089024008658, 'subsample': 0.6944752870615722, 'colsample_bytree': 0.962566244806993, 'min_child_samples': 88, 'reg_alpha': 1.6465620446426067e-05, 'reg_lambda': 2.4678750890085655e-08}. Best is trial 2 with value: 0.10678829566432349.
[I 2026-06-01 15:01:17,718] Trial 8 finished with value: -0.035320356999752375 and parameters: {'confidence_threshold': 0.6066688256938841, 'training_days': 200, 'n_estimators': 367, 'max_depth': 5, 'num_leaves': 32, 'learning_rate': 0.13377519215934996, 'subsample': 0.7965884582811106, 'colsample_bytree': 0.8458508993500886, 'min_child_samples': 32, 'reg_alpha': 3.889436043816386e-05, 'reg_lambda': 1.4713062489380356e-06}. Best is trial 2 with value: 0.10678829566432349.
