[I 2026-06-01 15:02:32,970] Trial 0 finished with value: -0.006182007570253145 and parameters: {'confidence_threshold': 0.5870645682749857, 'training_days': 90, 'n_estimators': 403, 'max_depth': 5, 'num_leaves': 45, 'learning_rate': 0.0780457193679974, 'subsample': 0.9428509515574568, 'colsample_bytree': 0.8795587339164916, 'min_child_samples': 34, 'reg_alpha': 2.2465901234314442e-07, 'reg_lambda': 8.339007036475363e-05}. Best is trial 0 with value: -0.006182007570253145.
[I 2026-06-01 15:02:33,087] Trial 1 finished with value: -0.12371676106319271 and parameters: {'confidence_threshold': 0.6348453934275313, 'training_days': 290, 'n_estimators': 115, 'max_depth': 5, 'num_leaves': 37, 'learning_rate': 0.06949568759029946, 'subsample': 0.8228505074024268, 'colsample_bytree': 0.8616703220431751, 'min_child_samples': 75, 'reg_alpha': 4.2486822725010923e-07, 'reg_lambda': 1.157247767047042e-07}. Best is trial 0 with value: -0.006182007570253145.
[I 2026-06-01 15:02:33,106] Trial 2 finished with value: -0.01724768072803169 and parameters: {'confidence_threshold': 0.5849570384370288, 'training_days': 10, 'n_estimators': 212, 'max_depth': 3, 'num_leaves': 41, 'learning_rate': 0.18452095998378365, 'subsample': 0.6001060822924371, 'colsample_bytree': 0.5673167293506167, 'min_child_samples': 37, 'reg_alpha': 5.733250064217131, 'reg_lambda': 0.5308454292595461}. Best is trial 0 with value: -0.006182007570253145.
[I 2026-06-01 15:02:33,193] Trial 3 finished with value: 0.015891024211367566 and parameters: {'confidence_threshold': 0.6868248626683718, 'training_days': 220, 'n_estimators': 134, 'max_depth': 3, 'num_leaves': 45, 'learning_rate': 0.033529007907491595, 'subsample': 0.8647277071858408, 'colsample_bytree': 0.778494116634046, 'min_child_samples': 96, 'reg_alpha': 2.409409937265785e-07, 'reg_lambda': 1.1642073478060009}. Best is trial 3 with value: 0.015891024211367566.
[I 2026-06-01 15:02:33,283] Trial 4 finished with value: -0.05358533249704307 and parameters: {'confidence_threshold': 0.5623121348350352, 'training_days': 300, 'n_estimators': 69, 'max_depth': 4, 'num_leaves': 32, 'learning_rate': 0.14967629360700346, 'subsample': 0.5054535233636654, 'colsample_bytree': 0.7401385194659216, 'min_child_samples': 27, 'reg_alpha': 1.4212042567426725e-07, 'reg_lambda': 0.23605753701352003}. Best is trial 3 with value: 0.015891024211367566.
[I 2026-06-01 15:02:33,707] Trial 5 finished with value: -0.025204014812932312 and parameters: {'confidence_threshold': 0.7111850244908446, 'training_days': 490, 'n_estimators': 362, 'max_depth': 5, 'num_leaves': 40, 'learning_rate': 0.05960785724162737, 'subsample': 0.5589714368907717, 'colsample_bytree': 0.6659006943232806, 'min_child_samples': 42, 'reg_alpha': 0.6741360303045295, 'reg_lambda': 6.054601607143087e-08}. Best is trial 3 with value: 0.015891024211367566.
[I 2026-06-01 15:02:33,900] Trial 6 finished with value: -0.04684472507678668 and parameters: {'confidence_threshold': 0.667482545748023, 'training_days': 420, 'n_estimators': 279, 'max_depth': 3, 'num_leaves': 45, 'learning_rate': 0.040099592560849204, 'subsample': 0.8563114696415159, 'colsample_bytree': 0.5442917781944105, 'min_child_samples': 50, 'reg_alpha': 1.6407916423707903e-08, 'reg_lambda': 2.935907642973286e-05}. Best is trial 3 with value: 0.015891024211367566.
[I 2026-06-01 15:02:34,077] Trial 7 finished with value: -0.010804738302129201 and parameters: {'confidence_threshold': 0.5497381024139926, 'training_days': 120, 'n_estimators': 408, 'max_depth': 5, 'num_leaves': 38, 'learning_rate': 0.28049122657745795, 'subsample': 0.8806573338635493, 'colsample_bytree': 0.5454054113547102, 'min_child_samples': 63, 'reg_alpha': 0.01263008637940408, 'reg_lambda': 0.04588020805366937}. Best is trial 3 with value: 0.015891024211367566.
[I 2026-06-01 15:02:34,352] Trial 8 finished with value: 0.00258932458482278 and parameters: {'confidence_threshold': 0.719644804808716, 'training_days': 450, 'n_estimators': 410, 'max_depth': 4, 'num_leaves': 57, 'learning_rate': 0.04022026551478857, 'subsample': 0.5336085426932707, 'colsample_bytree': 0.5705742850577543, 'min_child_samples': 100, 'reg_alpha': 5.916398047912201e-07, 'reg_lambda': 0.9794034214488329}. Best is trial 3 with value: 0.015891024211367566.
[I 2026-06-01 15:02:34,380] Trial 9 finished with value: -4.082470268691263 and parameters: {'confidence_threshold': 0.7267463643917187, 'training_days': 20, 'n_estimators': 337, 'max_depth': 5, 'num_leaves': 23, 'learning_rate': 0.022153031811454605, 'subsample': 0.6305627572358737, 'colsample_bytree': 0.6613413774216214, 'min_child_samples': 81, 'reg_alpha': 5.7638634029410314e-08, 'reg_lambda': 8.26603016764008}. Best is trial 3 with value: 0.015891024211367566.
[I 2026-06-01 15:02:34,486] Trial 10 finished with value: -6.070308535555198 and parameters: {'confidence_threshold': 0.8283920119574972, 'training_days': 200, 'n_estimators': 181, 'max_depth': 3, 'num_leaves': 62, 'learning_rate': 0.011579281028220855, 'subsample': 0.7130289643560688, 'colsample_bytree': 0.9944479338273263, 'min_child_samples': 100, 'reg_alpha': 6.837313901272251e-05, 'reg_lambda': 0.0027253228209330924}. Best is trial 3 with value: 0.015891024211367566.
[I 2026-06-01 15:02:34,818] Trial 11 finished with value: -0.05180139751624631 and parameters: {'confidence_threshold': 0.7766282449189577, 'training_days': 380, 'n_estimators': 478, 'max_depth': 4, 'num_leaves': 58, 'learning_rate': 0.029354876456257728, 'subsample': 0.7459055835274097, 'colsample_bytree': 0.8016610248739169, 'min_child_samples': 100, 'reg_alpha': 1.7335570554886207e-05, 'reg_lambda': 7.067893525937578}. Best is trial 3 with value: 0.015891024211367566.
[I 2026-06-01 15:02:35,083] Trial 12 finished with value: 0.033762875472044374 and parameters: {'confidence_threshold': 0.7449212105048096, 'training_days': 200, 'n_estimators': 490, 'max_depth': 4, 'num_leaves': 54, 'learning_rate': 0.01924681962976845, 'subsample': 0.9912016966112274, 'colsample_bytree': 0.6646287431572568, 'min_child_samples': 85, 'reg_alpha': 8.85890496668e-06, 'reg_lambda': 0.0043762371699676405}. Best is trial 12 with value: 0.033762875472044374.
[I 2026-06-01 15:02:35,351] Trial 13 finished with value: 0.06453792042586584 and parameters: {'confidence_threshold': 0.7956637805967407, 'training_days': 200, 'n_estimators': 494, 'max_depth': 4, 'num_leaves': 52, 'learning_rate': 0.013893880554546854, 'subsample': 0.9814243437154605, 'colsample_bytree': 0.6937220943884248, 'min_child_samples': 83, 'reg_alpha': 8.465942575614097e-06, 'reg_lambda': 0.005128891358078169}. Best is trial 13 with value: 0.06453792042586584.
[I 2026-06-01 15:02:35,576] Trial 14 finished with value: 0.11546555942795275 and parameters: {'confidence_threshold': 0.8473645819253061, 'training_days': 160, 'n_estimators': 500, 'max_depth': 4, 'num_leaves': 52, 'learning_rate': 0.010878781321560152, 'subsample': 0.9899990900402367, 'colsample_bytree': 0.658600878541351, 'min_child_samples': 82, 'reg_alpha': 0.0021089700441688534, 'reg_lambda': 0.0014709214223004336}. Best is trial 14 with value: 0.11546555942795275.
[I 2026-06-01 15:02:35,801] Trial 15 finished with value: -0.003529101107419246 and parameters: {'confidence_threshold': 0.8495336130878952, 'training_days': 140, 'n_estimators': 488, 'max_depth': 4, 'num_leaves': 51, 'learning_rate': 0.010001022351473413, 'subsample': 0.9954982980464657, 'colsample_bytree': 0.6959770200583023, 'min_child_samples': 70, 'reg_alpha': 0.002133995302102601, 'reg_lambda': 2.582339790441249e-06}. Best is trial 14 with value: 0.11546555942795275.
[I 2026-06-01 15:02:36,014] Trial 16 finished with value: 0.08986413418545688 and parameters: {'confidence_threshold': 0.7934869534392961, 'training_days': 320, 'n_estimators': 300, 'max_depth': 4, 'num_leaves': 51, 'learning_rate': 0.015530587717794012, 'subsample': 0.9157055541083672, 'colsample_bytree': 0.621264366424942, 'min_child_samples': 86, 'reg_alpha': 0.03696370588928545, 'reg_lambda': 0.000855876310048679}. Best is trial 14 with value: 0.11546555942795275.

    [trial 17] 47 features, training_days=150 | threshold=0.771 | labels: 1182 long, 989 short (54/46%)
    [trial 17] Sharpe=0.0199 (folds: -0.0069, 0.1411, -0.0074, 0.0850, -0.1125)
  Optuna: 18 trials, best Sharpe = 0.1138
  Best params: n_estimators=138, max_depth=3, lr=0.0375, leaves=30
  Best confidence_threshold: 0.823
  Best training_days: 50
  Retrained on full data (150 samples, 47 features)
  [ensemble 2/3] seed=123
    [trial 0] 47 features, training_days=150 | threshold=0.744 | labels: 1182 long, 989 short (54/46%)
    [CV fold 0] train_end=2023-07-24 08:00 | val_start=2023-08-01 00:00 | gap=184h (22 rows)
    [CV fold 1] train_end=2023-11-21 16:00 | val_start=2023-11-29 08:00 | gap=184h (22 rows)
    [CV fold 2] train_end=2024-03-21 00:00 | val_start=2024-03-28 16:00 | gap=184h (22 rows)
    [CV fold 3] train_end=2024-07-19 08:00 | val_start=2024-07-27 00:00 | gap=184h (22 rows)
    [CV fold 4] train_end=2024-11-16 16:00 | val_start=2024-11-24 08:00 | gap=184h (22 rows)
    [trial 0] Sharpe=-0.0017 (folds: 0.0211, 0.1209, -0.0142, 0.0263, -0.1624)
    [trial 1] 47 features, training_days=220 | threshold=0.755 | labels: 1182 long, 989 short (54/46%)
    [trial 1] Sharpe=-2.0195 (folds: -0.0137, 0.2772, -0.0673, -10.0000, -0.2939)
    [trial 2] 47 features, training_days=310 | threshold=0.754 | labels: 1182 long, 989 short (54/46%)
    [trial 2] Sharpe=-0.0291 (folds: -0.1342, 0.0626, -0.0564, 0.1311, -0.1488)
    [trial 3] 47 features, training_days=220 | threshold=0.673 | labels: 1182 long, 989 short (54/46%)
    [trial 3] Sharpe=-0.0046 (folds: 0.0031, 0.1497, -0.0496, 0.0379, -0.1640)
    [trial 4] 47 features, training_days=130 | threshold=0.803 | labels: 1182 long, 989 short (54/46%)
    [trial 4] Sharpe=-0.0127 (folds: 0.0048, -0.0334, 0.0809, 0.0030, -0.1188)
    [trial 5] 47 features, training_days=210 | threshold=0.606 | labels: 1182 long, 989 short (54/46%)
    [trial 5] Sharpe=-0.0740 (folds: -0.0254, -0.0463, -0.0427, -0.0307, -0.2249)
    [trial 6] 47 features, training_days=130 | threshold=0.767 | labels: 1182 long, 989 short (54/46%)
    [trial 6] Sharpe=-0.0435 (folds: -0.0905, 0.0248, 0.0211, -0.0498, -0.1233)
    [trial 7] 47 features, training_days=80 | threshold=0.556 | labels: 1182 long, 989 short (54/46%)
    [trial 7] Sharpe=0.0073 (folds: 0.1005, 0.2693, -0.1225, 0.0129, -0.2236)
    [trial 8] 47 features, training_days=200 | threshold=0.607 | labels: 1182 long, 989 short (54/46%)
    [trial 8] Sharpe=-0.0075 (folds: 0.0165, 0.0794, -0.0064, 0.0802, -0.2075)
    [trial 9] 47 features, training_days=260 | threshold=0.620 | labels: 1182 long, 989 short (54/46%)
    [trial 9] Sharpe=-0.0938 (folds: 0.0204, -0.0450, -0.0522, -0.1413, -0.2510)
    [trial 10] 47 features, training_days=10 | threshold=0.525 | labels: 1182 long, 989 short (54/46%)
    [trial 10] Sharpe=-0.0172 (folds: -0.4813, 0.3020, 0.0241, 0.1607, -0.0918)
    [trial 11] 47 features, training_days=480 | threshold=0.508 | labels: 1182 long, 989 short (54/46%)
    [trial 11] Sharpe=-0.0568 (folds: -0.0892, -0.1176, 0.0426, 0.0210, -0.1409)
    [trial 12] 47 features, training_days=10 | threshold=0.660 | labels: 1182 long, 989 short (54/46%)
    [trial 12] Sharpe=-0.0172 (folds: -0.4813, 0.3020, 0.0241, 0.1607, -0.0918)
    [trial 13] 47 features, training_days=120 | threshold=0.713 | labels: 1182 long, 989 short (54/46%)
    [trial 13] Sharpe=0.0306 (folds: 0.0986, 0.1572, -0.0241, -0.0498, -0.0289)
    [trial 14] 47 features, training_days=70 | threshold=0.563 | labels: 1182 long, 989 short (54/46%)
    [trial 14] Sharpe=0.0098 (folds: -0.0924, 0.2580, 0.0473, 0.0770, -0.2408)
    [trial 15] 47 features, training_days=330 | threshold=0.715 | labels: 1182 long, 989 short (54/46%)
    [trial 15] Sharpe=-0.0544 (folds: 0.0282, 0.0938, -0.1796, 0.1179, -0.3325)
    [trial 16] 47 features, training_days=60 | threshold=0.822 | labels: 1182 long, 989 short (54/46%)
    [trial 16] Sharpe=0.0198 (folds: -0.1807, 0.3537, 0.0359, 0.1858, -0.2957)
    [trial 17] 47 features, training_days=70 | threshold=0.828 | labels: 1182 long, 989 short (54/46%)
    [trial 17] Sharpe=-0.0034 (folds: -0.1621, 0.2586, -0.0362, 0.1517, -0.2291)
  Optuna: 18 trials, best Sharpe = 0.0306
  Best params: n_estimators=53, max_depth=3, lr=0.0691, leaves=55
  Best confidence_threshold: 0.713
  Best training_days: 120
  Retrained on full data (360 samples, 47 features)
  [ensemble 3/3] seed=456
    [trial 0] 47 features, training_days=90 | threshold=0.587 | labels: 1182 long, 989 short (54/46%)
    [CV fold 0] train_end=2023-07-24 08:00 | val_start=2023-08-01 00:00 | gap=184h (22 rows)
    [CV fold 1] train_end=2023-11-21 16:00 | val_start=2023-11-29 08:00 | gap=184h (22 rows)
    [CV fold 2] train_end=2024-03-21 00:00 | val_start=2024-03-28 16:00 | gap=184h (22 rows)
    [CV fold 3] train_end=2024-07-19 08:00 | val_start=2024-07-27 00:00 | gap=184h (22 rows)
    [CV fold 4] train_end=2024-11-16 16:00 | val_start=2024-11-24 08:00 | gap=184h (22 rows)
    [trial 0] Sharpe=-0.0062 (folds: -0.0558, 0.1854, -0.0902, 0.0953, -0.1657)
    [trial 1] 47 features, training_days=290 | threshold=0.635 | labels: 1182 long, 989 short (54/46%)
    [trial 1] Sharpe=-0.1237 (folds: -0.0355, -0.0798, -0.1472, -0.0350, -0.3211)
    [trial 2] 47 features, training_days=10 | threshold=0.585 | labels: 1182 long, 989 short (54/46%)
    [trial 2] Sharpe=-0.0172 (folds: -0.4813, 0.3020, 0.0241, 0.1607, -0.0918)
    [trial 3] 47 features, training_days=220 | threshold=0.687 | labels: 1182 long, 989 short (54/46%)
    [trial 3] Sharpe=0.0159 (folds: 0.1129, 0.1007, -0.0325, 0.1357, -0.2375)
    [trial 4] 47 features, training_days=300 | threshold=0.562 | labels: 1182 long, 989 short (54/46%)
    [trial 4] Sharpe=-0.0536 (folds: -0.0276, 0.0997, -0.1356, 0.0169, -0.2214)
    [trial 5] 47 features, training_days=490 | threshold=0.711 | labels: 1182 long, 989 short (54/46%)
    [trial 5] Sharpe=-0.0252 (folds: -0.0060, -0.0207, 0.0248, 0.1232, -0.2474)
    [trial 6] 47 features, training_days=420 | threshold=0.667 | labels: 1182 long, 989 short (54/46%)
    [trial 6] Sharpe=-0.0468 (folds: -0.0551, 0.0234, -0.0472, 0.0921, -0.2475)
    [trial 7] 47 features, training_days=120 | threshold=0.550 | labels: 1182 long, 989 short (54/46%)
    [trial 7] Sharpe=-0.0108 (folds: -0.0059, 0.1035, -0.0295, 0.0574, -0.1795)
    [trial 8] 47 features, training_days=450 | threshold=0.720 | labels: 1182 long, 989 short (54/46%)
    [trial 8] Sharpe=0.0026 (folds: 0.0370, -0.0329, -0.0457, 0.1495, -0.0949)
    [trial 9] 47 features, training_days=20 | threshold=0.727 | labels: 1182 long, 989 short (54/46%)
    [trial 9] Sharpe=-4.0825 (folds: -0.4813, -10.0000, -10.0000, 0.1607, -0.0918)
    [trial 10] 47 features, training_days=200 | threshold=0.828 | labels: 1182 long, 989 short (54/46%)
    [trial 10] Sharpe=-6.0703 (folds: -10.0000, -10.0000, 0.2845, -10.0000, -0.6360)
    [trial 11] 47 features, training_days=380 | threshold=0.777 | labels: 1182 long, 989 short (54/46%)
    [trial 11] Sharpe=-0.0518 (folds: 0.0703, 0.0046, -0.0328, 0.0987, -0.3999)
    [trial 12] 47 features, training_days=200 | threshold=0.745 | labels: 1182 long, 989 short (54/46%)
    [trial 12] Sharpe=0.0338 (folds: 0.1042, 0.2862, 0.0247, 0.0358, -0.2821)
    [trial 13] 47 features, training_days=200 | threshold=0.796 | labels: 1182 long, 989 short (54/46%)
    [trial 13] Sharpe=0.0645 (folds: 0.0999, 0.3415, -0.0371, 0.1542, -0.2357)
    [trial 14] 47 features, training_days=160 | threshold=0.847 | labels: 1182 long, 989 short (54/46%)
    [trial 14] Sharpe=0.1155 (folds: 0.1524, 0.2732, 0.0222, 0.0208, 0.1088)
    [trial 15] 47 features, training_days=140 | threshold=0.850 | labels: 1182 long, 989 short (54/46%)
    [trial 15] Sharpe=-0.0035 (folds: 0.0213, -0.1234, 0.0962, 0.0144, -0.0261)
    [trial 16] 47 features, training_days=320 | threshold=0.793 | labels: 1182 long, 989 short (54/46%)
    [trial 16] Sharpe=0.0899 (folds: 0.0978, 0.1166, -0.0161, 0.3114, -0.0604)
    [trial 17] 47 features, training_days=350 | threshold=0.795 | labels: 1182 long, 989 short (54/46%)
    [trial 17] Sharpe=0.1524 (folds: 0.0391, 0.1317, -0.0656, 0.5542, 0.1025)[I 2026-06-01 15:02:36,236] Trial 17 finished with value: 0.1523507828577118 and parameters: {'confidence_threshold': 0.7952954493600619, 'training_days': 350, 'n_estimators': 275, 'max_depth': 4, 'num_leaves': 18, 'learning_rate': 0.015616376031070515, 'subsample': 0.9272655966967175, 'colsample_bytree': 0.6243141935091414, 'min_child_samples': 57, 'reg_alpha': 0.051442007715666295, 'reg_lambda': 4.6908558117915906e-06}. Best is trial 17 with value: 0.1523507828577118.
[I 2026-06-01 15:02:36,993] A new study created in memory with name: no-name-883a8590-e314-491a-9d69-cc6a77ed829c
[I 2026-06-01 15:02:37,293] Trial 0 finished with value: -0.07938195503120624 and parameters: {'confidence_threshold': 0.6310890415965769, 'training_days': 480, 'n_estimators': 380, 'max_depth': 4, 'num_leaves': 22, 'learning_rate': 0.01699897838270077, 'subsample': 0.5290418060840998, 'colsample_bytree': 0.9330880728874675, 'min_child_samples': 68, 'reg_alpha': 0.023585940584142682, 'reg_lambda': 1.5320059381854043e-08}. Best is trial 0 with value: -0.07938195503120624.
[I 2026-06-01 15:02:37,410] Trial 1 finished with value: -4.086108848661594 and parameters: {'confidence_threshold': 0.839468448256698, 'training_days': 420, 'n_estimators': 145, 'max_depth': 3, 'num_leaves': 23, 'learning_rate': 0.028145092716060652, 'subsample': 0.762378215816119, 'colsample_bytree': 0.7159725093210578, 'min_child_samples': 43, 'reg_alpha': 0.0032112643094417484, 'reg_lambda': 1.8007140198129195e-07}. Best is trial 0 with value: -0.07938195503120624.
[I 2026-06-01 15:02:37,565] Trial 2 finished with value: -0.13280501906397627 and parameters: {'confidence_threshold': 0.6022506269873263, 'training_days': 190, 'n_estimators': 255, 'max_depth': 5, 'num_leaves': 24, 'learning_rate': 0.05748924681991978, 'subsample': 0.7962072844310213, 'colsample_bytree': 0.5232252063599989, 'min_child_samples': 69, 'reg_alpha': 3.425445902633376e-07, 'reg_lambda': 3.850031979199519e-08}. Best is trial 0 with value: -0.07938195503120624.
[I 2026-06-01 15:02:37,819] Trial 3 finished with value: -0.11595807737526906 and parameters: {'confidence_threshold': 0.8321099380386666, 'training_days': 490, 'n_estimators': 414, 'max_depth': 3, 'num_leaves': 19, 'learning_rate': 0.1024932221692416, 'subsample': 0.7200762468698007, 'colsample_bytree': 0.5610191174223894, 'min_child_samples': 60, 'reg_alpha': 2.039373116525212e-08, 'reg_lambda': 1.527156759251193}. Best is trial 0 with value: -0.07938195503120624.
[I 2026-06-01 15:02:37,965] Trial 4 finished with value: -0.155571781936844 and parameters: {'confidence_threshold': 0.5905729935600059, 'training_days': 340, 'n_estimators': 190, 'max_depth': 4, 'num_leaves': 41, 'learning_rate': 0.01875220945578641, 'subsample': 0.9847923138822793, 'colsample_bytree': 0.8875664116805573, 'min_child_samples': 96, 'reg_alpha': 1.1309571585271483, 'reg_lambda': 0.002404915432737351}. Best is trial 0 with value: -0.07938195503120624.
[I 2026-06-01 15:02:38,002] Trial 5 finished with value: -2.0474712316030588 and parameters: {'confidence_threshold': 0.8226559822580909, 'training_days': 50, 'n_estimators': 138, 'max_depth': 3, 'num_leaves': 30, 'learning_rate': 0.03750796359625606, 'subsample': 0.6356745158869479, 'colsample_bytree': 0.9143687545759647, 'min_child_samples': 48, 'reg_alpha': 3.376063348877853e-06, 'reg_lambda': 0.0007660634613082914}. Best is trial 0 with value: -0.07938195503120624.
[I 2026-06-01 15:02:38,098] Trial 6 finished with value: -0.07123843097004488 and parameters: {'confidence_threshold': 0.5493234787411669, 'training_days': 410, 'n_estimators': 83, 'max_depth': 5, 'num_leaves': 52, 'learning_rate': 0.019657448966046126, 'subsample': 0.5027610585618012, 'colsample_bytree': 0.9077307142274171, 'min_child_samples': 77, 'reg_alpha': 0.03639690979811287, 'reg_lambda': 0.08738424135626986}. Best is trial 6 with value: -0.07123843097004488.
[I 2026-06-01 15:02:38,190] Trial 7 finished with value: -0.08177541776372106 and parameters: {'confidence_threshold': 0.5259156281069316, 'training_days': 180, 'n_estimators': 102, 'max_depth': 5, 'num_leaves': 45, 'learning_rate': 0.030816017044468066, 'subsample': 0.5317791751430119, 'colsample_bytree': 0.6554911608578311, 'min_child_samples': 46, 'reg_alpha': 0.036851536911881845, 'reg_lambda': 0.005470376807480391}. Best is trial 6 with value: -0.07123843097004488.
[I 2026-06-01 15:02:38,302] Trial 8 finished with value: -0.09984719930520346 and parameters: {'confidence_threshold': 0.8105244599017143, 'training_days': 240, 'n_estimators': 103, 'max_depth': 5, 'num_leaves': 52, 'learning_rate': 0.06746437142284309, 'subsample': 0.8854835899772805, 'colsample_bytree': 0.7468977981821954, 'min_child_samples': 62, 'reg_alpha': 7.04480806377519e-05, 'reg_lambda': 1.6934490731313353e-08}. Best is trial 6 with value: -0.07123843097004488.
[I 2026-06-01 15:02:38,325] Trial 9 finished with value: -0.04875149876002059 and parameters: {'confidence_threshold': 0.5377619994476566, 'training_days': 20, 'n_estimators': 337, 'max_depth': 3, 'num_leaves': 39, 'learning_rate': 0.21907142272152816, 'subsample': 0.6246461145744375, 'colsample_bytree': 0.7051914615178149, 'min_child_samples': 81, 'reg_alpha': 1.1459970229341322e-06, 'reg_lambda': 4.929685216887945e-08}. Best is trial 9 with value: -0.04875149876002059.
