[I 2026-06-01 15:02:56,892] Trial 8 finished with value: -0.15971772828210234 and parameters: {'confidence_threshold': 0.8105244599017143, 'training_days': 240, 'n_estimators': 103, 'max_depth': 5, 'num_leaves': 52, 'learning_rate': 0.06746437142284309, 'subsample': 0.8854835899772805, 'colsample_bytree': 0.7468977981821954, 'min_child_samples': 62, 'reg_alpha': 7.04480806377519e-05, 'reg_lambda': 1.6934490731313353e-08}. Best is trial 6 with value: -0.0749726162863488.

    [trial 13] 47 features, training_days=130 | threshold=0.501 | labels: 1242 long, 929 short (57/43%)
    [trial 13] Sharpe=-0.0139 (folds: -0.0691, 0.1713, -0.1408, -0.0276, -0.0034)
    [trial 14] 47 features, training_days=190 | threshold=0.504 | labels: 1242 long, 929 short (57/43%)
    [trial 14] Sharpe=-0.1167 (folds: -0.1409, 0.0727, -0.2104, -0.2056, -0.0994)
    [trial 15] 47 features, training_days=70 | threshold=0.504 | labels: 1242 long, 929 short (57/43%)
    [trial 15] Sharpe=-0.0418 (folds: -0.1712, 0.1024, -0.0895, -0.1261, 0.0755)
    [trial 16] 47 features, training_days=160 | threshold=0.781 | labels: 1242 long, 929 short (57/43%)
    [trial 16] Sharpe=-0.0883 (folds: 0.0096, 0.1045, -0.1625, -0.2808, -0.1124)
    [trial 17] 47 features, training_days=360 | threshold=0.620 | labels: 1242 long, 929 short (57/43%)
    [trial 17] Sharpe=-0.0694 (folds: -0.1186, 0.0711, -0.1626, -0.0359, -0.1011)
  Optuna: 18 trials, best Sharpe = -0.0139
  Best params: n_estimators=497, max_depth=4, lr=0.0107, leaves=61
  Best confidence_threshold: 0.501
  Best training_days: 130
  Retrained on full data (390 samples, 47 features)
  OOD: 16 features, cutoff (q=0.7) = 9.35
  Model trained for 2025-06: 90 test candles with features, confidence_threshold=0.648
[trade:close] 2025-06-05 23:59 BTCUSDT LONG → stop_loss @ 100589.64 | PnL=-3.00% (net -3.10%) | cum=-37.01% 2025-06=-3.10% 2025-06-05=-3.10%
[predict] 2025-06-08 16:00 BTCUSDT → SHORT (proba=0.68 TP=4.8%/SL=2.4%)
[trade:open] 2025-06-08 23:59 BTCUSDT SHORT @ 105676.50 | SL=108191.49 TP=100646.52 | timeout=2025-06-15 23:59
[trade:close] 2025-06-09 23:59 BTCUSDT SHORT → stop_loss @ 108191.49 | PnL=-2.38% (net -2.48%) | cum=-39.49% 2025-06=-5.58% 2025-06-09=-2.48%
[predict] 2025-06-10 16:00 BTCUSDT → SHORT (proba=0.72 TP=5.1%/SL=2.6%)
[trade:open] 2025-06-10 23:59 BTCUSDT SHORT @ 110235.40 | SL=113061.28 TP=104583.65 | timeout=2025-06-17 23:59
[trade:close] 2025-06-13 07:59 BTCUSDT SHORT → take_profit @ 104583.65 | PnL=+5.13% (net +5.03%) | cum=-34.46% 2025-06=-0.55% 2025-06-13=+5.03%
[predict] 2025-06-16 08:00 BTCUSDT → SHORT (proba=0.68 TP=4.9%/SL=2.5%)
[trade:open] 2025-06-16 15:59 BTCUSDT SHORT @ 107374.90 | SL=110025.86 TP=102072.99 | timeout=2025-06-23 15:59
[trade:close] 2025-06-21 23:59 BTCUSDT SHORT → take_profit @ 102072.99 | PnL=+4.94% (net +4.84%) | cum=-29.62% 2025-06=+4.28% 2025-06-21=+4.84%
[predict] 2025-06-27 16:00 BTCUSDT → SHORT (proba=0.70 TP=5.2%/SL=2.6%)
[trade:open] 2025-06-27 23:59 BTCUSDT SHORT @ 107010.70 | SL=109794.70 TP=101442.71 | timeout=2025-07-04 23:59
[lgbm] === Training for 2025-07 ===
  Train window: 2023-07-01 → 2025-06-23
  2171 training samples from 1 symbols
  Samples per month: 2023-07: 93, 2023-08: 93, 2023-09: 90, 2023-10: 93, 2023-11: 90, 2023-12: 93, 2024-01: 93, 2024-02: 87, 2024-03: 93, 2024-04: 90, 2024-05: 93, 2024-06: 90, 2024-07: 93, 2024-08: 93, 2024-09: 90, 2024-10: 93, 2024-11: 90, 2024-12: 93, 2025-01: 93, 2025-02: 84, 2025-03: 93, 2025-04: 90, 2025-05: 93, 2025-06: 68
  [label] 2023-08-31 16:00 BTCUSDT entry=25928.0000 → LONG | long=timeout(+1.11%) short=timeout(-1.31%) | scanned=22 | no_tp→fwd_return=+1.2060
  [label] 2023-09-03 00:00 BTCUSDT entry=25941.4000 → SHORT | long=timeout(-0.48%) short=timeout(+0.28%) | scanned=22 | no_tp→fwd_return=-0.3793
  [label] 2023-09-06 16:00 BTCUSDT entry=25747.4000 → SHORT | long=sl(-2.50%) short=sl(-2.50%) | scanned=14 | no_tp→fwd_return=-2.5047
  [label] 2023-10-01 08:00 BTCUSDT entry=27135.8000 → LONG | long=tp(+3.58%) short=sl(-1.94%) | scanned=1 | long_tp_only
  [label] 2023-11-23 00:00 BTCUSDT entry=37378.5000 → LONG | long=timeout(+0.98%) short=timeout(-1.18%) | scanned=22 | no_tp→fwd_return=+1.0827
  [label] 2024-05-07 00:00 BTCUSDT entry=63648.9000 → SHORT | long=sl(-4.25%) short=timeout(+2.49%) | scanned=22 | no_tp→fwd_return=-2.5873
  [label] 2024-05-11 00:00 BTCUSDT entry=60988.9000 → LONG | long=tp(+7.89%) short=sl(-4.09%) | scanned=14 | long_tp_only
  [label] 2024-05-21 16:00 BTCUSDT entry=70168.8000 → SHORT | long=sl(-3.60%) short=timeout(+2.36%) | scanned=22 | no_tp→fwd_return=-2.4631
  [label] 2024-07-05 16:00 BTCUSDT entry=56604.9000 → LONG | long=timeout(+2.13%) short=sl(-5.33%) | scanned=22 | no_tp→fwd_return=+2.2350
  [label] 2024-07-14 08:00 BTCUSDT entry=60053.3000 → LONG | long=tp(+7.67%) short=sl(-3.99%) | scanned=4 | long_tp_only
  [label] 2024-10-12 16:00 BTCUSDT entry=63176.0000 → LONG | long=tp(+5.79%) short=sl(-3.05%) | scanned=8 | long_tp_only
  [label] 2024-11-13 16:00 BTCUSDT entry=90413.3000 → LONG | long=timeout(+4.19%) short=timeout(-4.39%) | scanned=22 | no_tp→fwd_return=+4.2855
  [label] 2024-11-30 00:00 BTCUSDT entry=96843.3000 → LONG | long=tp(+7.36%) short=sl(-3.83%) | scanned=15 | long_tp_only
  [label] 2024-12-12 16:00 BTCUSDT entry=99982.4000 → SHORT | long=timeout(-2.65%) short=sl(-4.58%) | scanned=22 | no_tp→fwd_return=-2.5484
  [label] 2024-12-31 00:00 BTCUSDT entry=92819.6000 → LONG | long=tp(+6.96%) short=sl(-3.63%) | scanned=18 | long_tp_only
  [label] 2025-01-06 08:00 BTCUSDT entry=102104.5000 → SHORT | long=sl(-2.96%) short=tp(+5.61%) | scanned=4 | short_tp_only
  [label] 2025-01-18 16:00 BTCUSDT entry=104524.3000 → LONG | long=sl(-3.72%) short=sl(-3.72%) | scanned=4 | no_tp→fwd_return=+2.5396
  [label] 2025-02-27 08:00 BTCUSDT entry=85473.0000 → LONG | long=sl(-5.33%) short=sl(-5.33%) | scanned=10 | no_tp→fwd_return=+10.2369
  [label] 2025-03-09 00:00 BTCUSDT entry=85968.9000 → SHORT | long=sl(-5.87%) short=timeout(+1.91%) | scanned=22 | no_tp→fwd_return=-2.0087
  [label] 2025-06-03 08:00 BTCUSDT entry=106556.1000 → SHORT | long=sl(-2.76%) short=tp(+5.22%) | scanned=7 | short_tp_only
  Labels: 1220 long (56.2%), 951 short (43.8%) | weights: min=1.00, mean=3.50, max=10.00
  Features: 2171/2171 matched, 47 columns
  CV gap: 22 rows
  [ensemble 1/3] seed=42
    [trial 0] 47 features, training_days=480 | threshold=0.631 | labels: 1220 long, 951 short (56/44%)
    [CV fold 0] train_end=2023-10-23 08:00 | val_start=2023-10-31 00:00 | gap=184h (22 rows)
    [CV fold 1] train_end=2024-02-20 16:00 | val_start=2024-02-28 08:00 | gap=184h (22 rows)
    [CV fold 2] train_end=2024-06-20 00:00 | val_start=2024-06-27 16:00 | gap=184h (22 rows)
    [CV fold 3] train_end=2024-10-18 08:00 | val_start=2024-10-26 00:00 | gap=184h (22 rows)
    [CV fold 4] train_end=2025-02-15 16:00 | val_start=2025-02-23 08:00 | gap=184h (22 rows)
    [trial 0] Sharpe=-0.1510 (folds: -0.1584, -0.1720, -0.2458, -0.1305, -0.0483)
    [trial 1] 47 features, training_days=420 | threshold=0.839 | labels: 1220 long, 951 short (56/44%)
    [trial 1] Sharpe=-4.0441 (folds: -0.3698, -0.1969, 0.3460, -10.0000, -10.0000)
    [trial 2] 47 features, training_days=190 | threshold=0.602 | labels: 1220 long, 951 short (56/44%)
    [trial 2] Sharpe=-0.1260 (folds: -0.1031, 0.0195, -0.1805, -0.2371, -0.1288)
    [trial 3] 47 features, training_days=490 | threshold=0.832 | labels: 1220 long, 951 short (56/44%)
    [trial 3] Sharpe=-0.1157 (folds: 0.0387, -0.1910, -0.1412, -0.2492, -0.0357)
    [trial 4] 47 features, training_days=340 | threshold=0.591 | labels: 1220 long, 951 short (56/44%)
    [trial 4] Sharpe=-0.1547 (folds: -0.1792, -0.1600, -0.1091, -0.2235, -0.1018)
    [trial 5] 47 features, training_days=50 | threshold=0.823 | labels: 1220 long, 951 short (56/44%)
    [trial 5] Sharpe=-1.9812 (folds: 0.2712, -0.1183, 0.0067, -0.0655, -10.0000)
    [trial 6] 47 features, training_days=410 | threshold=0.549 | labels: 1220 long, 951 short (56/44%)
    [trial 6] Sharpe=-0.0750 (folds: -0.1821, -0.0167, -0.1397, -0.0224, -0.0140)
    [trial 7] 47 features, training_days=180 | threshold=0.526 | labels: 1220 long, 951 short (56/44%)
    [trial 7] Sharpe=-0.1108 (folds: -0.0385, -0.0235, -0.1659, -0.1028, -0.2232)
    [trial 8] 47 features, training_days=240 | threshold=0.811 | labels: 1220 long, 951 short (56/44%)
    [trial 8] Sharpe=-0.1597 (folds: -0.0736, -0.1482, -0.1436, -0.2750, -0.1583)
    [trial 9] 47 features, training_days=20 | threshold=0.538 | labels: 1220 long, 951 short (56/44%)
    [trial 9] Sharpe=-0.1090 (folds: -0.2934, 0.0205, -0.1773, 0.0282, -0.1230)[I 2026-06-01 15:02:56,917] Trial 9 finished with value: -0.1090086260768873 and parameters: {'confidence_threshold': 0.5377619994476566, 'training_days': 20, 'n_estimators': 337, 'max_depth': 3, 'num_leaves': 39, 'learning_rate': 0.21907142272152816, 'subsample': 0.6246461145744375, 'colsample_bytree': 0.7051914615178149, 'min_child_samples': 81, 'reg_alpha': 1.1459970229341322e-06, 'reg_lambda': 4.929685216887945e-08}. Best is trial 6 with value: -0.0749726162863488.
[I 2026-06-01 15:02:57,604] Trial 10 finished with value: -0.09623324212847059 and parameters: {'confidence_threshold': 0.7378545837642324, 'training_days': 350, 'n_estimators': 487, 'max_depth': 5, 'num_leaves': 62, 'learning_rate': 0.011407797829608154, 'subsample': 0.628963476300746, 'colsample_bytree': 0.8340915966600303, 'min_child_samples': 27, 'reg_alpha': 8.536188349289, 'reg_lambda': 8.145051292774586}. Best is trial 6 with value: -0.0749726162863488.
[I 2026-06-01 15:02:58,278] Trial 11 finished with value: -0.13288447730207004 and parameters: {'confidence_threshold': 0.7161090655475574, 'training_days': 340, 'n_estimators': 469, 'max_depth': 5, 'num_leaves': 62, 'learning_rate': 0.010432023013264416, 'subsample': 0.6089267919181687, 'colsample_bytree': 0.839514762445579, 'min_child_samples': 20, 'reg_alpha': 4.101459409586907, 'reg_lambda': 9.674676883280053}. Best is trial 6 with value: -0.0749726162863488.
[I 2026-06-01 15:02:58,840] Trial 12 finished with value: -0.16550193470409805 and parameters: {'confidence_threshold': 0.7232085852545128, 'training_days': 360, 'n_estimators': 493, 'max_depth': 4, 'num_leaves': 63, 'learning_rate': 0.010377063435469455, 'subsample': 0.5392311924833902, 'colsample_bytree': 0.9958196332168744, 'min_child_samples': 20, 'reg_alpha': 0.33153160121167125, 'reg_lambda': 0.18660890998048252}. Best is trial 6 with value: -0.0749726162863488.
[I 2026-06-01 15:02:59,087] Trial 13 finished with value: -0.12343185170352697 and parameters: {'confidence_threshold': 0.7570783218175026, 'training_days': 400, 'n_estimators': 258, 'max_depth': 5, 'num_leaves': 52, 'learning_rate': 0.018044904132800254, 'subsample': 0.6858403704688758, 'colsample_bytree': 0.8155421717694826, 'min_child_samples': 85, 'reg_alpha': 6.838314908887669, 'reg_lambda': 0.12873338729896155}. Best is trial 6 with value: -0.0749726162863488.
[I 2026-06-01 15:02:59,184] Trial 14 finished with value: -2.0687331340592605 and parameters: {'confidence_threshold': 0.6653126865835206, 'training_days': 260, 'n_estimators': 59, 'max_depth': 4, 'num_leaves': 56, 'learning_rate': 0.01448018303581998, 'subsample': 0.5808433054196197, 'colsample_bytree': 0.8154662383364056, 'min_child_samples': 31, 'reg_alpha': 0.0017482274705964084, 'reg_lambda': 7.565770484313319e-06}. Best is trial 6 with value: -0.0749726162863488.
[I 2026-06-01 15:02:59,465] Trial 15 finished with value: -0.26639171644342774 and parameters: {'confidence_threshold': 0.7698850664205203, 'training_days': 290, 'n_estimators': 332, 'max_depth': 5, 'num_leaves': 56, 'learning_rate': 0.023433386116727507, 'subsample': 0.6707750474677462, 'colsample_bytree': 0.952938142406421, 'min_child_samples': 81, 'reg_alpha': 0.17809475373906172, 'reg_lambda': 0.04261034925312072}. Best is trial 6 with value: -0.0749726162863488.
[I 2026-06-01 15:02:59,688] Trial 16 finished with value: -0.08341862982065218 and parameters: {'confidence_threshold': 0.6760523483882178, 'training_days': 420, 'n_estimators': 197, 'max_depth': 4, 'num_leaves': 50, 'learning_rate': 0.044113343603225705, 'subsample': 0.5051085377365528, 'colsample_bytree': 0.867332604006096, 'min_child_samples': 34, 'reg_alpha': 8.499826882462325e-05, 'reg_lambda': 4.672816715706928e-05}. Best is trial 6 with value: -0.0749726162863488.
[I 2026-06-01 15:02:59,882] Trial 17 finished with value: -0.1353684883839648 and parameters: {'confidence_threshold': 0.6755099553978283, 'training_days': 440, 'n_estimators': 205, 'max_depth': 4, 'num_leaves': 47, 'learning_rate': 0.09127981409580982, 'subsample': 0.5055277721224409, 'colsample_bytree': 0.9956385980717998, 'min_child_samples': 96, 'reg_alpha': 0.00010396761370918986, 'reg_lambda': 4.1076404704149e-05}. Best is trial 6 with value: -0.0749726162863488.
[I 2026-06-01 15:03:00,398] A new study created in memory with name: no-name-708fc73c-2f1d-47ee-afa1-5f06f9bab488
[I 2026-06-01 15:03:00,503] Trial 0 finished with value: -0.1418901961092415 and parameters: {'confidence_threshold': 0.7437642149592516, 'training_days': 150, 'n_estimators': 152, 'max_depth': 4, 'num_leaves': 50, 'learning_rate': 0.04216766425047743, 'subsample': 0.9903820991923078, 'colsample_bytree': 0.8424148692924316, 'min_child_samples': 58, 'reg_alpha': 3.381097259762742e-05, 'reg_lambda': 1.2263152961306247e-05}. Best is trial 0 with value: -0.1418901961092415.
[I 2026-06-01 15:03:00,578] Trial 1 finished with value: -5.998150116808103 and parameters: {'confidence_threshold': 0.7551673975844145, 'training_days': 220, 'n_estimators': 76, 'max_depth': 4, 'num_leaves': 51, 'learning_rate': 0.018602118810743477, 'subsample': 0.5877258780737462, 'colsample_bytree': 0.7657756869209191, 'min_child_samples': 63, 'reg_alpha': 0.005123994170264194, 'reg_lambda': 0.44145470178120466}. Best is trial 0 with value: -0.1418901961092415.
[I 2026-06-01 15:03:00,823] Trial 2 finished with value: -0.17882309742165411 and parameters: {'confidence_threshold': 0.7535593637012223, 'training_days': 310, 'n_estimators': 375, 'max_depth': 3, 'num_leaves': 32, 'learning_rate': 0.021735641882032388, 'subsample': 0.6468570231944146, 'colsample_bytree': 0.8154880619272439, 'min_child_samples': 27, 'reg_alpha': 8.004064028491336e-05, 'reg_lambda': 7.546835261630524e-05}. Best is trial 0 with value: -0.1418901961092415.
[I 2026-06-01 15:03:00,982] Trial 3 finished with value: -0.09454381814471507 and parameters: {'confidence_threshold': 0.6727897841776072, 'training_days': 220, 'n_estimators': 190, 'max_depth': 4, 'num_leaves': 58, 'learning_rate': 0.24810689332636193, 'subsample': 0.7509183379421682, 'colsample_bytree': 0.8119764758960556, 'min_child_samples': 29, 'reg_alpha': 7.1708285081421445e-06, 'reg_lambda': 5.412973582738627e-05}. Best is trial 3 with value: -0.09454381814471507.
[I 2026-06-01 15:03:01,090] Trial 4 finished with value: -0.04326511017219389 and parameters: {'confidence_threshold': 0.803208205259178, 'training_days': 130, 'n_estimators': 267, 'max_depth': 5, 'num_leaves': 40, 'learning_rate': 0.08041175317374143, 'subsample': 0.5603143329951619, 'colsample_bytree': 0.9131704002534167, 'min_child_samples': 68, 'reg_alpha': 0.0008046593428183385, 'reg_lambda': 1.2158346158765583e-05}. Best is trial 4 with value: -0.04326511017219389.
[I 2026-06-01 15:03:01,330] Trial 5 finished with value: -0.11911119094017689 and parameters: {'confidence_threshold': 0.6064422761595144, 'training_days': 210, 'n_estimators': 357, 'max_depth': 5, 'num_leaves': 40, 'learning_rate': 0.0974221287220869, 'subsample': 0.7929682762811064, 'colsample_bytree': 0.8124517510478, 'min_child_samples': 74, 'reg_alpha': 0.3811377260781234, 'reg_lambda': 5.607314238392041e-08}. Best is trial 4 with value: -0.04326511017219389.
[I 2026-06-01 15:03:01,438] Trial 6 finished with value: -0.05488539673329178 and parameters: {'confidence_threshold': 0.7672889945051684, 'training_days': 130, 'n_estimators': 137, 'max_depth': 4, 'num_leaves': 19, 'learning_rate': 0.2031117614248665, 'subsample': 0.8136244860256343, 'colsample_bytree': 0.8617081790949774, 'min_child_samples': 21, 'reg_alpha': 0.002238138278733199, 'reg_lambda': 0.001025809534977322}. Best is trial 4 with value: -0.04326511017219389.
[I 2026-06-01 15:03:01,500] Trial 7 finished with value: -0.011221333466582554 and parameters: {'confidence_threshold': 0.555635875450653, 'training_days': 80, 'n_estimators': 363, 'max_depth': 3, 'num_leaves': 48, 'learning_rate': 0.06590089024008658, 'subsample': 0.6944752870615722, 'colsample_bytree': 0.962566244806993, 'min_child_samples': 88, 'reg_alpha': 1.6465620446426067e-05, 'reg_lambda': 2.4678750890085655e-08}. Best is trial 7 with value: -0.011221333466582554.
[I 2026-06-01 15:03:01,834] Trial 8 finished with value: -0.10477434558328294 and parameters: {'confidence_threshold': 0.6066688256938841, 'training_days': 200, 'n_estimators': 367, 'max_depth': 5, 'num_leaves': 32, 'learning_rate': 0.13377519215934996, 'subsample': 0.7965884582811106, 'colsample_bytree': 0.8458508993500886, 'min_child_samples': 32, 'reg_alpha': 3.889436043816386e-05, 'reg_lambda': 1.4713062489380356e-06}. Best is trial 7 with value: -0.011221333466582554.
[I 2026-06-01 15:03:02,052] Trial 9 finished with value: -0.1638993555019961 and parameters: {'confidence_threshold': 0.6202096049169137, 'training_days': 260, 'n_estimators': 350, 'max_depth': 3, 'num_leaves': 21, 'learning_rate': 0.02989540198065364, 'subsample': 0.8307821683331218, 'colsample_bytree': 0.923253112635361, 'min_child_samples': 64, 'reg_alpha': 0.4898604619604203, 'reg_lambda': 2.9076377687066166e-05}. Best is trial 7 with value: -0.011221333466582554.
[I 2026-06-01 15:03:02,083] Trial 10 finished with value: -0.1345409823151351 and parameters: {'confidence_threshold': 0.5248809389721337, 'training_days': 10, 'n_estimators': 493, 'max_depth': 3, 'num_leaves': 63, 'learning_rate': 0.010221918552934462, 'subsample': 0.667749445701178, 'colsample_bytree': 0.6202684210924141, 'min_child_samples': 99, 'reg_alpha': 1.3884210513841762e-08, 'reg_lambda': 0.02273343343290072}. Best is trial 7 with value: -0.011221333466582554.
[I 2026-06-01 15:03:02,325] Trial 11 finished with value: -0.19332877651990238 and parameters: {'confidence_threshold': 0.8371297552840329, 'training_days': 480, 'n_estimators': 262, 'max_depth': 5, 'num_leaves': 44, 'learning_rate': 0.07372430395837165, 'subsample': 0.508231293935378, 'colsample_bytree': 0.9864508096204552, 'min_child_samples': 90, 'reg_alpha': 2.5493772909886044e-07, 'reg_lambda': 1.0030982359513554e-08}. Best is trial 7 with value: -0.011221333466582554.
[I 2026-06-01 15:03:02,358] Trial 12 finished with value: -0.1345409823151351 and parameters: {'confidence_threshold': 0.5170417950991051, 'training_days': 10, 'n_estimators': 257, 'max_depth': 5, 'num_leaves': 33, 'learning_rate': 0.058010368762976855, 'subsample': 0.5261232538758528, 'colsample_bytree': 0.9722524044717222, 'min_child_samples': 82, 'reg_alpha': 0.009505264432762285, 'reg_lambda': 4.1917597734041396e-07}. Best is trial 7 with value: -0.011221333466582554.
[I 2026-06-01 15:03:02,558] Trial 13 finished with value: -0.018146251613685754 and parameters: {'confidence_threshold': 0.8203595759501172, 'training_days': 110, 'n_estimators': 475, 'max_depth': 3, 'num_leaves': 47, 'learning_rate': 0.1305743004594783, 'subsample': 0.6692276593280039, 'colsample_bytree': 0.6564540780078124, 'min_child_samples': 48, 'reg_alpha': 1.0060661308529223e-06, 'reg_lambda': 0.0030828115890163877}. Best is trial 7 with value: -0.011221333466582554.
[I 2026-06-01 15:03:02,699] Trial 14 finished with value: 0.03474852882738897 and parameters: {'confidence_threshold': 0.6968624890517784, 'training_days': 70, 'n_estimators': 492, 'max_depth': 3, 'num_leaves': 50, 'learning_rate': 0.1373951154450043, 'subsample': 0.7069527543913727, 'colsample_bytree': 0.6347607952757376, 'min_child_samples': 49, 'reg_alpha': 8.273681910932199e-07, 'reg_lambda': 0.0038081143008355752}. Best is trial 14 with value: 0.03474852882738897.
[I 2026-06-01 15:03:02,803] Trial 15 finished with value: 0.00996501344434581 and parameters: {'confidence_threshold': 0.681110154342211, 'training_days': 60, 'n_estimators': 436, 'max_depth': 3, 'num_leaves': 56, 'learning_rate': 0.15616712543050212, 'subsample': 0.8966418548807951, 'colsample_bytree': 0.5093920150666754, 'min_child_samples': 46, 'reg_alpha': 2.6326931927660928e-08, 'reg_lambda': 3.5532501480887757}. Best is trial 14 with value: 0.03474852882738897.
[I 2026-06-01 15:03:03,064] Trial 16 finished with value: -0.06073902964863145 and parameters: {'confidence_threshold': 0.6948309289337601, 'training_days': 350, 'n_estimators': 441, 'max_depth': 3, 'num_leaves': 55, 'learning_rate': 0.1682139033665024, 'subsample': 0.8936515737175985, 'colsample_bytree': 0.5036265299998862, 'min_child_samples': 46, 'reg_alpha': 1.0269801517984672e-08, 'reg_lambda': 4.991747374949433}. Best is trial 14 with value: 0.03474852882738897.
[I 2026-06-01 15:03:03,203] Trial 17 finished with value: 0.014862088587970687 and parameters: {'confidence_threshold': 0.6834846875253717, 'training_days': 70, 'n_estimators': 429, 'max_depth': 4, 'num_leaves': 63, 'learning_rate': 0.24962441816077, 'subsample': 0.9179287297309972, 'colsample_bytree': 0.516573886595356, 'min_child_samples': 44, 'reg_alpha': 1.6143481501269274e-07, 'reg_lambda': 0.08167868210427394}. Best is trial 14 with value: 0.03474852882738897.
[I 2026-06-01 15:03:03,701] A new study created in memory with name: no-name-4dbcd0ba-4012-4d72-b9b1-8a27cede2b9f
