[I 2026-06-01 14:57:59,855] Trial 9 finished with value: -2.0456325473583092 and parameters: {'confidence_threshold': 0.7267463643917187, 'training_days': 20, 'n_estimators': 337, 'max_depth': 5, 'num_leaves': 23, 'learning_rate': 0.022153031811454605, 'subsample': 0.6305627572358737, 'colsample_bytree': 0.6613413774216214, 'min_child_samples': 81, 'reg_alpha': 5.7638634029410314e-08, 'reg_lambda': 8.26603016764008}. Best is trial 0 with value: -0.08484083501580927.
[I 2026-06-01 14:58:00,197] Trial 10 finished with value: -0.12780341783019222 and parameters: {'confidence_threshold': 0.8398533911817929, 'training_days': 130, 'n_estimators': 485, 'max_depth': 4, 'num_leaves': 62, 'learning_rate': 0.014251957942824738, 'subsample': 0.9901604570372973, 'colsample_bytree': 0.9944479338273263, 'min_child_samples': 23, 'reg_alpha': 6.837313901272251e-05, 'reg_lambda': 0.0006976939169966911}. Best is trial 0 with value: -0.08484083501580927.
[I 2026-06-01 14:58:00,390] Trial 11 finished with value: -0.13281972815642423 and parameters: {'confidence_threshold': 0.61963915631361, 'training_days': 310, 'n_estimators': 197, 'max_depth': 5, 'num_leaves': 15, 'learning_rate': 0.07987426175704845, 'subsample': 0.7481072826739482, 'colsample_bytree': 0.9060119313244169, 'min_child_samples': 70, 'reg_alpha': 1.809401237976435e-05, 'reg_lambda': 2.125381774242723e-08}. Best is trial 0 with value: -0.08484083501580927.
[I 2026-06-01 14:58:00,460] Trial 12 finished with value: -0.05540631385683096 and parameters: {'confidence_threshold': 0.5145853631584999, 'training_days': 210, 'n_estimators': 57, 'max_depth': 5, 'num_leaves': 51, 'learning_rate': 0.09541405269589062, 'subsample': 0.992100720652319, 'colsample_bytree': 0.8695773615745706, 'min_child_samples': 77, 'reg_alpha': 8.46843277074541e-06, 'reg_lambda': 1.520544537164083e-06}. Best is trial 12 with value: -0.05540631385683096.
[I 2026-06-01 14:58:00,736] Trial 13 finished with value: -0.0854342941200295 and parameters: {'confidence_threshold': 0.5007578887007379, 'training_days': 160, 'n_estimators': 475, 'max_depth': 5, 'num_leaves': 52, 'learning_rate': 0.10926619326285375, 'subsample': 0.9831068069319819, 'colsample_bytree': 0.8801415488619871, 'min_child_samples': 53, 'reg_alpha': 8.465942575614097e-06, 'reg_lambda': 5.572580561461903e-06}. Best is trial 12 with value: -0.05540631385683096.
[I 2026-06-01 14:58:00,806] Trial 14 finished with value: -0.07482026938364912 and parameters: {'confidence_threshold': 0.5059456949419407, 'training_days': 80, 'n_estimators': 283, 'max_depth': 4, 'num_leaves': 51, 'learning_rate': 0.10938512207808881, 'subsample': 0.9294526207842858, 'colsample_bytree': 0.9903260103998537, 'min_child_samples': 86, 'reg_alpha': 0.0005061136429986853, 'reg_lambda': 0.0014709214223004336}. Best is trial 12 with value: -0.05540631385683096.
[I 2026-06-01 14:58:00,951] Trial 15 finished with value: -0.09360917858354327 and parameters: {'confidence_threshold': 0.5039479214325042, 'training_days': 220, 'n_estimators': 241, 'max_depth': 4, 'num_leaves': 53, 'learning_rate': 0.12103273041384975, 'subsample': 0.7499149397620686, 'colsample_bytree': 0.9946923104911726, 'min_child_samples': 86, 'reg_alpha': 0.002133995302102601, 'reg_lambda': 0.0026406526000485684}. Best is trial 12 with value: -0.05540631385683096.
[I 2026-06-01 14:58:01,087] Trial 16 finished with value: -0.1559634500548046 and parameters: {'confidence_threshold': 0.7809712285122007, 'training_days': 360, 'n_estimators': 153, 'max_depth': 4, 'num_leaves': 51, 'learning_rate': 0.2459880556796207, 'subsample': 0.9305352657966794, 'colsample_bytree': 0.9373223525891455, 'min_child_samples': 86, 'reg_alpha': 0.0010997119098546905, 'reg_lambda': 1.0383687896863917e-06}. Best is trial 12 with value: -0.05540631385683096.
[I 2026-06-01 14:58:01,271] Trial 17 finished with value: -0.10848976523669704 and parameters: {'confidence_threshold': 0.5380909031379892, 'training_days': 190, 'n_estimators': 300, 'max_depth': 4, 'num_leaves': 62, 'learning_rate': 0.10216132747231207, 'subsample': 0.8002407697944357, 'colsample_bytree': 0.8393625696751323, 'min_child_samples': 66, 'reg_alpha': 0.0856242662156231, 'reg_lambda': 0.0036189429663197248}. Best is trial 12 with value: -0.05540631385683096.

  [ensemble 2/3] seed=123
    [trial 0] 47 features, training_days=150 | threshold=0.744 | labels: 1075 long, 1093 short (50/50%)
    [CV fold 0] train_end=2021-06-22 08:00 | val_start=2021-06-30 00:00 | gap=184h (22 rows)
    [CV fold 1] train_end=2021-10-20 16:00 | val_start=2021-10-28 08:00 | gap=184h (22 rows)
    [CV fold 2] train_end=2022-02-18 00:00 | val_start=2022-02-25 16:00 | gap=184h (22 rows)
    [CV fold 3] train_end=2022-06-18 08:00 | val_start=2022-06-26 00:00 | gap=184h (22 rows)
    [CV fold 4] train_end=2022-10-16 16:00 | val_start=2022-10-24 08:00 | gap=184h (22 rows)
    [trial 0] Sharpe=-0.1220 (folds: -0.2730, 0.0811, -0.1676, -0.0547, -0.1958)
    [trial 1] 47 features, training_days=220 | threshold=0.755 | labels: 1075 long, 1093 short (50/50%)
    [trial 1] Sharpe=-0.1867 (folds: -0.2543, -0.2404, -0.5406, 0.0527, 0.0491)
    [trial 2] 47 features, training_days=310 | threshold=0.754 | labels: 1075 long, 1093 short (50/50%)
    [trial 2] Sharpe=-0.1390 (folds: -0.2369, -0.0613, -0.1560, 0.0394, -0.2800)
    [trial 3] 47 features, training_days=220 | threshold=0.673 | labels: 1075 long, 1093 short (50/50%)
    [trial 3] Sharpe=-0.1399 (folds: -0.2219, -0.1157, -0.1589, 0.0416, -0.2443)
    [trial 4] 47 features, training_days=130 | threshold=0.803 | labels: 1075 long, 1093 short (50/50%)
    [trial 4] Sharpe=-0.1284 (folds: -0.2425, 0.0144, -0.1810, 0.0180, -0.2510)
    [trial 5] 47 features, training_days=210 | threshold=0.606 | labels: 1075 long, 1093 short (50/50%)
    [trial 5] Sharpe=-0.0977 (folds: -0.2385, 0.0317, -0.0148, -0.0193, -0.2477)
    [trial 6] 47 features, training_days=130 | threshold=0.767 | labels: 1075 long, 1093 short (50/50%)
    [trial 6] Sharpe=-0.1140 (folds: -0.2315, 0.0086, -0.0616, -0.0714, -0.2138)
    [trial 7] 47 features, training_days=80 | threshold=0.556 | labels: 1075 long, 1093 short (50/50%)
    [trial 7] Sharpe=-0.1166 (folds: -0.0720, 0.0037, -0.1517, -0.2902, -0.0728)
    [trial 8] 47 features, training_days=200 | threshold=0.607 | labels: 1075 long, 1093 short (50/50%)
    [trial 8] Sharpe=-0.1065 (folds: -0.2814, -0.0201, -0.0691, 0.0432, -0.2051)
    [trial 9] 47 features, training_days=260 | threshold=0.620 | labels: 1075 long, 1093 short (50/50%)
    [trial 9] Sharpe=-0.1205 (folds: -0.2383, 0.0034, -0.0898, -0.0196, -0.2583)
    [trial 10] 47 features, training_days=470 | threshold=0.534 | labels: 1075 long, 1093 short (50/50%)
    [trial 10] Sharpe=-0.1064 (folds: -0.2007, -0.0143, -0.1339, -0.0631, -0.1202)
    [trial 11] 47 features, training_days=480 | threshold=0.505 | labels: 1075 long, 1093 short (50/50%)
    [trial 11] Sharpe=-0.1102 (folds: -0.2036, -0.0321, -0.0943, -0.0742, -0.1469)
    [trial 12] 47 features, training_days=390 | threshold=0.512 | labels: 1075 long, 1093 short (50/50%)
    [trial 12] Sharpe=-0.1576 (folds: -0.1982, -0.0476, -0.0902, -0.1352, -0.3167)
    [trial 13] 47 features, training_days=10 | threshold=0.589 | labels: 1075 long, 1093 short (50/50%)
    [trial 13] Sharpe=-1.9234 (folds: -10.0000, 0.1861, 0.1655, -0.0762, 0.1078)
    [trial 14] 47 features, training_days=490 | threshold=0.666 | labels: 1075 long, 1093 short (50/50%)
    [trial 14] Sharpe=-0.1411 (folds: -0.2293, 0.0033, -0.2139, -0.0133, -0.2524)
    [trial 15] 47 features, training_days=350 | threshold=0.555 | labels: 1075 long, 1093 short (50/50%)
    [trial 15] Sharpe=-0.1441 (folds: -0.2147, -0.0304, -0.0942, -0.0791, -0.3018)
    [trial 16] 47 features, training_days=430 | threshold=0.635 | labels: 1075 long, 1093 short (50/50%)
    [trial 16] Sharpe=-0.1635 (folds: -0.2488, -0.0236, -0.0702, -0.1636, -0.3112)
    [trial 17] 47 features, training_days=290 | threshold=0.556 | labels: 1075 long, 1093 short (50/50%)
    [trial 17] Sharpe=-0.1417 (folds: -0.2091, -0.0182, -0.0807, -0.1178, -0.2829)
  Optuna: 18 trials, best Sharpe = -0.0977
  Best params: n_estimators=357, max_depth=5, lr=0.0974, leaves=40
  Best confidence_threshold: 0.606
  Best training_days: 210
  Retrained on full data (630 samples, 47 features)
  [ensemble 3/3] seed=456
    [trial 0] 47 features, training_days=90 | threshold=0.587 | labels: 1075 long, 1093 short (50/50%)
    [CV fold 0] train_end=2021-06-22 08:00 | val_start=2021-06-30 00:00 | gap=184h (22 rows)
    [CV fold 1] train_end=2021-10-20 16:00 | val_start=2021-10-28 08:00 | gap=184h (22 rows)
    [CV fold 2] train_end=2022-02-18 00:00 | val_start=2022-02-25 16:00 | gap=184h (22 rows)
    [CV fold 3] train_end=2022-06-18 08:00 | val_start=2022-06-26 00:00 | gap=184h (22 rows)
    [CV fold 4] train_end=2022-10-16 16:00 | val_start=2022-10-24 08:00 | gap=184h (22 rows)
    [trial 0] Sharpe=-0.0848 (folds: -0.1114, -0.1422, 0.0336, -0.1129, -0.0912)
    [trial 1] 47 features, training_days=290 | threshold=0.635 | labels: 1075 long, 1093 short (50/50%)
    [trial 1] Sharpe=-0.1128 (folds: -0.1649, -0.0056, -0.0320, -0.0289, -0.3328)
    [trial 2] 47 features, training_days=10 | threshold=0.585 | labels: 1075 long, 1093 short (50/50%)
    [trial 2] Sharpe=-1.9234 (folds: -10.0000, 0.1861, 0.1655, -0.0762, 0.1078)
    [trial 3] 47 features, training_days=220 | threshold=0.687 | labels: 1075 long, 1093 short (50/50%)
    [trial 3] Sharpe=-0.1586 (folds: -0.3052, -0.1528, -0.1429, -0.0048, -0.1873)
    [trial 4] 47 features, training_days=300 | threshold=0.562 | labels: 1075 long, 1093 short (50/50%)
    [trial 4] Sharpe=-0.1596 (folds: -0.2365, -0.0833, -0.0839, -0.1364, -0.2578)
    [trial 5] 47 features, training_days=490 | threshold=0.711 | labels: 1075 long, 1093 short (50/50%)
    [trial 5] Sharpe=-0.1669 (folds: -0.2588, -0.0356, -0.0795, -0.1188, -0.3419)
    [trial 6] 47 features, training_days=420 | threshold=0.667 | labels: 1075 long, 1093 short (50/50%)
    [trial 6] Sharpe=-0.1450 (folds: -0.2273, 0.0138, -0.1853, 0.0099, -0.3361)
    [trial 7] 47 features, training_days=120 | threshold=0.550 | labels: 1075 long, 1093 short (50/50%)
    [trial 7] Sharpe=-0.1357 (folds: -0.3088, -0.0620, -0.0556, -0.1182, -0.1340)
    [trial 8] 47 features, training_days=450 | threshold=0.720 | labels: 1075 long, 1093 short (50/50%)
    [trial 8] Sharpe=-0.1489 (folds: -0.2314, -0.0588, -0.0588, -0.0896, -0.3056)
    [trial 9] 47 features, training_days=20 | threshold=0.727 | labels: 1075 long, 1093 short (50/50%)
    [trial 9] Sharpe=-2.0456 (folds: -10.0000, -0.2245, 0.1655, -0.0081, -0.1610)
    [trial 10] 47 features, training_days=130 | threshold=0.840 | labels: 1075 long, 1093 short (50/50%)
    [trial 10] Sharpe=-0.1278 (folds: -0.2554, 0.0881, -0.1862, -0.0636, -0.2219)
    [trial 11] 47 features, training_days=310 | threshold=0.620 | labels: 1075 long, 1093 short (50/50%)
    [trial 11] Sharpe=-0.1328 (folds: -0.2006, -0.0299, -0.0403, -0.0952, -0.2982)
    [trial 12] 47 features, training_days=210 | threshold=0.515 | labels: 1075 long, 1093 short (50/50%)
    [trial 12] Sharpe=-0.0554 (folds: -0.1411, 0.0067, -0.0157, 0.0269, -0.1538)
    [trial 13] 47 features, training_days=160 | threshold=0.501 | labels: 1075 long, 1093 short (50/50%)
    [trial 13] Sharpe=-0.0854 (folds: -0.2624, 0.0485, -0.0627, -0.0130, -0.1376)
    [trial 14] 47 features, training_days=80 | threshold=0.506 | labels: 1075 long, 1093 short (50/50%)
    [trial 14] Sharpe=-0.0748 (folds: -0.0308, 0.0299, -0.1244, -0.2051, -0.0437)
    [trial 15] 47 features, training_days=220 | threshold=0.504 | labels: 1075 long, 1093 short (50/50%)
    [trial 15] Sharpe=-0.0936 (folds: -0.2159, -0.0638, -0.0165, -0.0350, -0.1369)
    [trial 16] 47 features, training_days=360 | threshold=0.781 | labels: 1075 long, 1093 short (50/50%)
    [trial 16] Sharpe=-0.1560 (folds: -0.2437, -0.0941, -0.0883, -0.0656, -0.2881)
    [trial 17] 47 features, training_days=190 | threshold=0.538 | labels: 1075 long, 1093 short (50/50%)
    [trial 17] Sharpe=-0.1085 (folds: -0.2435, -0.0219, -0.0118, -0.0323, -0.2330)
  Optuna: 18 trials, best Sharpe = -0.0554
  Best params: n_estimators=57, max_depth=5, lr=0.0954, leaves=51
  Best confidence_threshold: 0.515
  Best training_days: 210
  Retrained on full data (630 samples, 47 features)
  OOD: 16 features, cutoff (q=0.7) = 9.19
  Model trained for 2023-03: 93 test candles with features, confidence_threshold=0.644[I 2026-06-01 14:58:01,740] A new study created in memory with name: no-name-e555af7c-9dab-4d3f-bcb8-7b23f603e00a
[I 2026-06-01 14:58:02,064] Trial 0 finished with value: -0.037225432027019015 and parameters: {'confidence_threshold': 0.6310890415965769, 'training_days': 480, 'n_estimators': 380, 'max_depth': 4, 'num_leaves': 22, 'learning_rate': 0.01699897838270077, 'subsample': 0.5290418060840998, 'colsample_bytree': 0.9330880728874675, 'min_child_samples': 68, 'reg_alpha': 0.023585940584142682, 'reg_lambda': 1.5320059381854043e-08}. Best is trial 0 with value: -0.037225432027019015.
[I 2026-06-01 14:58:02,192] Trial 1 finished with value: -2.0164160355858143 and parameters: {'confidence_threshold': 0.839468448256698, 'training_days': 420, 'n_estimators': 145, 'max_depth': 3, 'num_leaves': 23, 'learning_rate': 0.028145092716060652, 'subsample': 0.762378215816119, 'colsample_bytree': 0.7159725093210578, 'min_child_samples': 43, 'reg_alpha': 0.0032112643094417484, 'reg_lambda': 1.8007140198129195e-07}. Best is trial 0 with value: -0.037225432027019015.
[I 2026-06-01 14:58:02,345] Trial 2 finished with value: -0.07271659769115528 and parameters: {'confidence_threshold': 0.6022506269873263, 'training_days': 190, 'n_estimators': 255, 'max_depth': 5, 'num_leaves': 24, 'learning_rate': 0.05748924681991978, 'subsample': 0.7962072844310213, 'colsample_bytree': 0.5232252063599989, 'min_child_samples': 69, 'reg_alpha': 3.425445902633376e-07, 'reg_lambda': 3.850031979199519e-08}. Best is trial 0 with value: -0.037225432027019015.
[I 2026-06-01 14:58:02,606] Trial 3 finished with value: -0.10798539275774248 and parameters: {'confidence_threshold': 0.8321099380386666, 'training_days': 490, 'n_estimators': 414, 'max_depth': 3, 'num_leaves': 19, 'learning_rate': 0.1024932221692416, 'subsample': 0.7200762468698007, 'colsample_bytree': 0.5610191174223894, 'min_child_samples': 60, 'reg_alpha': 2.039373116525212e-08, 'reg_lambda': 1.527156759251193}. Best is trial 0 with value: -0.037225432027019015.
[I 2026-06-01 14:58:02,759] Trial 4 finished with value: -0.039369993870062285 and parameters: {'confidence_threshold': 0.5905729935600059, 'training_days': 340, 'n_estimators': 190, 'max_depth': 4, 'num_leaves': 41, 'learning_rate': 0.01875220945578641, 'subsample': 0.9847923138822793, 'colsample_bytree': 0.8875664116805573, 'min_child_samples': 96, 'reg_alpha': 1.1309571585271483, 'reg_lambda': 0.002404915432737351}. Best is trial 0 with value: -0.037225432027019015.
[I 2026-06-01 14:58:02,795] Trial 5 finished with value: -0.016982098957380766 and parameters: {'confidence_threshold': 0.8226559822580909, 'training_days': 50, 'n_estimators': 138, 'max_depth': 3, 'num_leaves': 30, 'learning_rate': 0.03750796359625606, 'subsample': 0.6356745158869479, 'colsample_bytree': 0.9143687545759647, 'min_child_samples': 48, 'reg_alpha': 3.376063348877853e-06, 'reg_lambda': 0.0007660634613082914}. Best is trial 5 with value: -0.016982098957380766.
[I 2026-06-01 14:58:02,906] Trial 6 finished with value: -0.11686469279046882 and parameters: {'confidence_threshold': 0.5493234787411669, 'training_days': 410, 'n_estimators': 83, 'max_depth': 5, 'num_leaves': 52, 'learning_rate': 0.019657448966046126, 'subsample': 0.5027610585618012, 'colsample_bytree': 0.9077307142274171, 'min_child_samples': 77, 'reg_alpha': 0.03639690979811287, 'reg_lambda': 0.08738424135626986}. Best is trial 5 with value: -0.016982098957380766.
[I 2026-06-01 14:58:02,996] Trial 7 finished with value: -0.05205192627068663 and parameters: {'confidence_threshold': 0.5259156281069316, 'training_days': 180, 'n_estimators': 102, 'max_depth': 5, 'num_leaves': 45, 'learning_rate': 0.030816017044468066, 'subsample': 0.5317791751430119, 'colsample_bytree': 0.6554911608578311, 'min_child_samples': 46, 'reg_alpha': 0.036851536911881845, 'reg_lambda': 0.005470376807480391}. Best is trial 5 with value: -0.016982098957380766.
[I 2026-06-01 14:58:03,097] Trial 8 finished with value: -0.1713345203119569 and parameters: {'confidence_threshold': 0.8105244599017143, 'training_days': 240, 'n_estimators': 103, 'max_depth': 5, 'num_leaves': 52, 'learning_rate': 0.06746437142284309, 'subsample': 0.8854835899772805, 'colsample_bytree': 0.7468977981821954, 'min_child_samples': 62, 'reg_alpha': 7.04480806377519e-05, 'reg_lambda': 1.6934490731313353e-08}. Best is trial 5 with value: -0.016982098957380766.
[I 2026-06-01 14:58:03,124] Trial 9 finished with value: -0.1005494917310541 and parameters: {'confidence_threshold': 0.5377619994476566, 'training_days': 20, 'n_estimators': 337, 'max_depth': 3, 'num_leaves': 39, 'learning_rate': 0.21907142272152816, 'subsample': 0.6246461145744375, 'colsample_bytree': 0.7051914615178149, 'min_child_samples': 81, 'reg_alpha': 1.1459970229341322e-06, 'reg_lambda': 4.929685216887945e-08}. Best is trial 5 with value: -0.016982098957380766.
[I 2026-06-01 14:58:03,157] Trial 10 finished with value: -2.0425746109888916 and parameters: {'confidence_threshold': 0.7318981109748116, 'training_days': 10, 'n_estimators': 487, 'max_depth': 4, 'num_leaves': 31, 'learning_rate': 0.14704103471568217, 'subsample': 0.628963476300746, 'colsample_bytree': 0.987470107623585, 'min_child_samples': 25, 'reg_alpha': 2.608784411827665e-05, 'reg_lambda': 3.3639426888455256e-06}. Best is trial 5 with value: -0.016982098957380766.
[I 2026-06-01 14:58:03,293] Trial 11 finished with value: -0.12745462187446066 and parameters: {'confidence_threshold': 0.6954836557727516, 'training_days': 110, 'n_estimators': 291, 'max_depth': 4, 'num_leaves': 30, 'learning_rate': 0.010345547951401532, 'subsample': 0.6089267919181687, 'colsample_bytree': 0.8554948668919389, 'min_child_samples': 48, 'reg_alpha': 3.662834835098572, 'reg_lambda': 4.4206421310909706e-05}. Best is trial 5 with value: -0.016982098957380766.
[I 2026-06-01 14:58:03,688] Trial 12 finished with value: -0.0572958977974893 and parameters: {'confidence_threshold': 0.6403606747603232, 'training_days': 310, 'n_estimators': 389, 'max_depth': 4, 'num_leaves': 15, 'learning_rate': 0.011907057590678163, 'subsample': 0.5681007185936042, 'colsample_bytree': 0.9966230134341398, 'min_child_samples': 30, 'reg_alpha': 0.0007390056680458819, 'reg_lambda': 3.8098701113215634e-05}. Best is trial 5 with value: -0.016982098957380766.
[I 2026-06-01 14:58:03,776] Trial 13 finished with value: -0.02785060303426745 and parameters: {'confidence_threshold': 0.7511004938244776, 'training_days': 130, 'n_estimators': 222, 'max_depth': 3, 'num_leaves': 62, 'learning_rate': 0.03463321157552712, 'subsample': 0.6866291716128416, 'colsample_bytree': 0.8271117220474519, 'min_child_samples': 92, 'reg_alpha': 5.089139747366672e-06, 'reg_lambda': 4.448098583586055e-06}. Best is trial 5 with value: -0.016982098957380766.
