[I 2026-06-01 14:56:00,331] Trial 17 finished with value: 0.016838193348526802 and parameters: {'confidence_threshold': 0.5416011431378513, 'training_days': 380, 'n_estimators': 178, 'max_depth': 3, 'num_leaves': 32, 'learning_rate': 0.014399917848714062, 'subsample': 0.7845762479296312, 'colsample_bytree': 0.7954736075197781, 'min_child_samples': 50, 'reg_alpha': 9.000775609768185e-06, 'reg_lambda': 0.001352150060975526}. Best is trial 11 with value: 0.09942214878195425.

    [CV fold 0] train_end=2020-06-22 08:00 | val_start=2020-06-30 00:00 | gap=184h (22 rows)
    [CV fold 1] train_end=2020-10-20 16:00 | val_start=2020-10-28 08:00 | gap=184h (22 rows)
    [CV fold 2] train_end=2021-02-18 00:00 | val_start=2021-02-25 16:00 | gap=184h (22 rows)
    [CV fold 3] train_end=2021-06-18 08:00 | val_start=2021-06-26 00:00 | gap=184h (22 rows)
    [CV fold 4] train_end=2021-10-16 16:00 | val_start=2021-10-24 08:00 | gap=184h (22 rows)
    [trial 0] Sharpe=-0.0418 (folds: -0.1018, 0.1571, -0.2089, -0.0584, 0.0032)
    [trial 1] 47 features, training_days=290 | threshold=0.635 | labels: 1238 long, 930 short (57/43%)
    [trial 1] Sharpe=0.0228 (folds: -0.3034, 0.2550, -0.1884, 0.3702, -0.0194)
    [trial 2] 47 features, training_days=10 | threshold=0.585 | labels: 1238 long, 930 short (57/43%)
    [trial 2] Sharpe=-0.2725 (folds: -0.4860, -0.3309, 0.1036, -0.3968, -0.2524)
    [trial 3] 47 features, training_days=220 | threshold=0.687 | labels: 1238 long, 930 short (57/43%)
    [trial 3] Sharpe=-0.0361 (folds: -0.4777, 0.3175, -0.1873, 0.3635, -0.1966)
    [trial 4] 47 features, training_days=300 | threshold=0.562 | labels: 1238 long, 930 short (57/43%)
    [trial 4] Sharpe=0.0474 (folds: -0.1275, 0.2155, -0.0860, 0.3301, -0.0951)
    [trial 5] 47 features, training_days=490 | threshold=0.711 | labels: 1238 long, 930 short (57/43%)
    [trial 5] Sharpe=0.0003 (folds: -0.1431, 0.2089, -0.2817, 0.3831, -0.1659)
    [trial 6] 47 features, training_days=420 | threshold=0.667 | labels: 1238 long, 930 short (57/43%)
    [trial 6] Sharpe=0.0108 (folds: -0.1547, 0.1106, -0.3001, 0.4463, -0.0481)
    [trial 7] 47 features, training_days=120 | threshold=0.550 | labels: 1238 long, 930 short (57/43%)
    [trial 7] Sharpe=-0.0478 (folds: -0.1241, 0.1934, -0.0909, -0.2085, -0.0087)
    [trial 8] 47 features, training_days=450 | threshold=0.720 | labels: 1238 long, 930 short (57/43%)
    [trial 8] Sharpe=-0.0131 (folds: -0.2351, 0.2674, -0.3534, 0.4600, -0.2047)
    [trial 9] 47 features, training_days=20 | threshold=0.727 | labels: 1238 long, 930 short (57/43%)
    [trial 9] Sharpe=-2.0388 (folds: -0.4860, 0.4406, 0.1036, -10.0000, -0.2524)
    [trial 10] 47 features, training_days=320 | threshold=0.840 | labels: 1238 long, 930 short (57/43%)
    [trial 10] Sharpe=0.0030 (folds: -0.2546, 0.2488, -0.2499, 0.4130, -0.1424)
    [trial 11] 47 features, training_days=300 | threshold=0.608 | labels: 1238 long, 930 short (57/43%)
    [trial 11] Sharpe=0.0994 (folds: 0.0168, 0.4234, -0.1610, 0.3660, -0.1480)
    [trial 12] 47 features, training_days=360 | threshold=0.515 | labels: 1238 long, 930 short (57/43%)
    [trial 12] Sharpe=0.0803 (folds: 0.0113, 0.4011, -0.1672, 0.2579, -0.1014)
    [trial 13] 47 features, training_days=380 | threshold=0.501 | labels: 1238 long, 930 short (57/43%)
    [trial 13] Sharpe=0.0183 (folds: -0.1778, 0.1428, -0.2575, 0.3253, 0.0587)
    [trial 14] 47 features, training_days=210 | threshold=0.508 | labels: 1238 long, 930 short (57/43%)
    [trial 14] Sharpe=0.0188 (folds: -0.1948, 0.1315, -0.1222, 0.3374, -0.0581)
    [trial 15] 47 features, training_days=370 | threshold=0.626 | labels: 1238 long, 930 short (57/43%)
    [trial 15] Sharpe=0.0430 (folds: -0.1115, 0.2408, -0.3740, 0.4646, -0.0051)
    [trial 16] 47 features, training_days=170 | threshold=0.781 | labels: 1238 long, 930 short (57/43%)
    [trial 16] Sharpe=-1.9114 (folds: -10.0000, 0.3640, 0.1060, 0.2106, -0.2378)
    [trial 17] 47 features, training_days=380 | threshold=0.542 | labels: 1238 long, 930 short (57/43%)
    [trial 17] Sharpe=0.0168 (folds: -0.1349, 0.1361, -0.2836, 0.3585, 0.0080)
  Optuna: 18 trials, best Sharpe = 0.0994
  Best params: n_estimators=54, max_depth=4, lr=0.0102, leaves=29
  Best confidence_threshold: 0.608
  Best training_days: 300
  Retrained on full data (900 samples, 47 features)
  OOD: 16 features, cutoff (q=0.7) = 8.40
  Model trained for 2022-03: 93 test candles with features, confidence_threshold=0.680
[predict] 2022-03-07 00:00 BTCUSDT → SHORT (proba=0.70 TP=11.8%/SL=5.9%)
[trade:open] 2022-03-07 07:59 BTCUSDT SHORT @ 37878.20 | SL=40118.92 TP=33396.77 | timeout=2022-03-14 07:59
[trade:close] 2022-03-09 07:59 BTCUSDT SHORT → stop_loss @ 40118.92 | PnL=-5.92% (net -6.02%) | cum=+6.55% 2022-03=-6.02% 2022-03-09=-6.02%
[predict] 2022-03-12 16:00 BTCUSDT → SHORT (proba=0.79 TP=11.4%/SL=5.7%)
[trade:open] 2022-03-12 23:59 BTCUSDT SHORT @ 38792.60 | SL=41010.90 TP=34355.99 | timeout=2022-03-19 23:59
[trade:close] 2022-03-16 07:59 BTCUSDT SHORT → stop_loss @ 41010.90 | PnL=-5.72% (net -5.82%) | cum=+0.73% 2022-03=-11.83% 2022-03-16=-5.82%
[predict] 2022-03-17 00:00 BTCUSDT → LONG (proba=0.74 TP=12.4%/SL=6.2%)
[trade:open] 2022-03-17 07:59 BTCUSDT LONG @ 40720.60 | SL=38192.84 TP=45776.11 | timeout=2022-03-24 07:59
[trade:close] 2022-03-24 08:00 BTCUSDT LONG → timeout @ 43060.90 | PnL=+5.75% (net +5.65%) | cum=+6.38% 2022-03=-6.19% 2022-03-24=+5.65%
[predict] 2022-03-25 00:00 BTCUSDT → SHORT (proba=0.84 TP=7.7%/SL=3.8%)
[trade:open] 2022-03-25 07:59 BTCUSDT SHORT @ 43902.40 | SL=45590.35 TP=40526.50 | timeout=2022-04-01 07:59
[trade:close] 2022-03-27 23:59 BTCUSDT SHORT → stop_loss @ 45590.35 | PnL=-3.84% (net -3.94%) | cum=+2.43% 2022-03=-10.13% 2022-03-27=-3.94%
[predict] 2022-03-29 00:00 BTCUSDT → SHORT (proba=0.86 TP=7.3%/SL=3.6%)
[trade:open] 2022-03-29 07:59 BTCUSDT SHORT @ 47330.10 | SL=49052.89 TP=43884.53 | timeout=2022-04-05 07:59
[lgbm] === Training for 2022-04 ===
  Train window: 2020-04-01 → 2022-03-24
  2168 training samples from 1 symbols
  Samples per month: 2020-04: 90, 2020-05: 93, 2020-06: 90, 2020-07: 93, 2020-08: 93, 2020-09: 90, 2020-10: 93, 2020-11: 90, 2020-12: 93, 2021-01: 93, 2021-02: 84, 2021-03: 93, 2021-04: 90, 2021-05: 93, 2021-06: 90, 2021-07: 93, 2021-08: 93, 2021-09: 90, 2021-10: 93, 2021-11: 90, 2021-12: 93, 2022-01: 93, 2022-02: 84, 2022-03: 71
  [label] 2020-06-01 16:00 BTCUSDT entry=10232.4800 → SHORT | long=sl(-4.82%) short=tp(+9.33%) | scanned=2 | short_tp_only
  [label] 2020-06-03 16:00 BTCUSDT entry=9663.5900 → LONG | long=timeout(+2.19%) short=timeout(-2.39%) | scanned=22 | no_tp→fwd_return=+2.2911
  [label] 2020-06-07 16:00 BTCUSDT entry=9743.9200 → SHORT | long=sl(-4.20%) short=timeout(+4.05%) | scanned=22 | no_tp→fwd_return=-4.1494
  [label] 2020-07-02 08:00 BTCUSDT entry=9049.6100 → LONG | long=timeout(+1.68%) short=sl(-2.73%) | scanned=22 | no_tp→fwd_return=+1.7834
  [label] 2020-08-23 16:00 BTCUSDT entry=11654.0000 → LONG | long=sl(-2.97%) short=timeout(-0.62%) | scanned=22 | no_tp→fwd_return=+0.5160
  [label] 2021-02-05 16:00 BTCUSDT entry=38362.6500 → LONG | long=tp(+13.86%) short=sl(-7.08%) | scanned=8 | long_tp_only
  [label] 2021-02-09 16:00 BTCUSDT entry=46492.5400 → LONG | long=timeout(+5.72%) short=sl(-8.69%) | scanned=22 | no_tp→fwd_return=+5.8190
  [label] 2021-02-20 08:00 BTCUSDT entry=56226.3900 → SHORT | long=sl(-6.03%) short=tp(+11.76%) | scanned=6 | short_tp_only
  [label] 2021-04-06 08:00 BTCUSDT entry=57876.9500 → LONG | long=tp(+8.68%) short=sl(-4.49%) | scanned=21 | long_tp_only
  [label] 2021-04-14 16:00 BTCUSDT entry=63019.1000 → SHORT | long=sl(-4.81%) short=tp(+9.33%) | scanned=10 | short_tp_only
  [label] 2021-07-14 00:00 BTCUSDT entry=31910.3800 → SHORT | long=sl(-5.09%) short=timeout(+3.39%) | scanned=22 | no_tp→fwd_return=-3.4864
  [label] 2021-08-15 00:00 BTCUSDT entry=45788.2500 → LONG | long=timeout(+7.38%) short=sl(-5.58%) | scanned=22 | no_tp→fwd_return=+7.4782
  [label] 2021-08-31 00:00 BTCUSDT entry=47789.0000 → LONG | long=tp(+8.79%) short=sl(-4.54%) | scanned=19 | long_tp_only
  [label] 2021-09-12 16:00 BTCUSDT entry=46046.7300 → LONG | long=sl(-5.48%) short=sl(-5.48%) | scanned=16 | no_tp→fwd_return=+5.5919
  [label] 2021-10-01 08:00 BTCUSDT entry=47339.9900 → LONG | long=tp(+11.87%) short=sl(-6.09%) | scanned=15 | long_tp_only
  [label] 2021-10-07 16:00 BTCUSDT entry=53814.9900 → LONG | long=timeout(+6.52%) short=sl(-5.36%) | scanned=22 | no_tp→fwd_return=+6.6212
  [label] 2021-10-20 00:00 BTCUSDT entry=64033.5700 → SHORT | long=sl(-4.88%) short=sl(-4.88%) | scanned=7 | no_tp→fwd_return=-5.1358[I 2026-06-01 14:56:00,665] A new study created in memory with name: no-name-701b1d5c-be91-4924-8ec9-2a46cf90bd1c
[I 2026-06-01 14:56:00,984] Trial 0 finished with value: 0.11660113967908133 and parameters: {'confidence_threshold': 0.6310890415965769, 'training_days': 480, 'n_estimators': 380, 'max_depth': 4, 'num_leaves': 22, 'learning_rate': 0.01699897838270077, 'subsample': 0.5290418060840998, 'colsample_bytree': 0.9330880728874675, 'min_child_samples': 68, 'reg_alpha': 0.023585940584142682, 'reg_lambda': 1.5320059381854043e-08}. Best is trial 0 with value: 0.11660113967908133.
[I 2026-06-01 14:56:01,100] Trial 1 finished with value: 0.11079752854473804 and parameters: {'confidence_threshold': 0.839468448256698, 'training_days': 420, 'n_estimators': 145, 'max_depth': 3, 'num_leaves': 23, 'learning_rate': 0.028145092716060652, 'subsample': 0.762378215816119, 'colsample_bytree': 0.7159725093210578, 'min_child_samples': 43, 'reg_alpha': 0.0032112643094417484, 'reg_lambda': 1.8007140198129195e-07}. Best is trial 0 with value: 0.11660113967908133.
[I 2026-06-01 14:56:01,241] Trial 2 finished with value: 0.0970870494444708 and parameters: {'confidence_threshold': 0.6022506269873263, 'training_days': 190, 'n_estimators': 255, 'max_depth': 5, 'num_leaves': 24, 'learning_rate': 0.05748924681991978, 'subsample': 0.7962072844310213, 'colsample_bytree': 0.5232252063599989, 'min_child_samples': 69, 'reg_alpha': 3.425445902633376e-07, 'reg_lambda': 3.850031979199519e-08}. Best is trial 0 with value: 0.11660113967908133.
[I 2026-06-01 14:56:01,503] Trial 3 finished with value: 0.13279994221279093 and parameters: {'confidence_threshold': 0.8321099380386666, 'training_days': 490, 'n_estimators': 414, 'max_depth': 3, 'num_leaves': 19, 'learning_rate': 0.1024932221692416, 'subsample': 0.7200762468698007, 'colsample_bytree': 0.5610191174223894, 'min_child_samples': 60, 'reg_alpha': 2.039373116525212e-08, 'reg_lambda': 1.527156759251193}. Best is trial 3 with value: 0.13279994221279093.
[I 2026-06-01 14:56:01,639] Trial 4 finished with value: 0.13798735368233958 and parameters: {'confidence_threshold': 0.5905729935600059, 'training_days': 340, 'n_estimators': 190, 'max_depth': 4, 'num_leaves': 41, 'learning_rate': 0.01875220945578641, 'subsample': 0.9847923138822793, 'colsample_bytree': 0.8875664116805573, 'min_child_samples': 96, 'reg_alpha': 1.1309571585271483, 'reg_lambda': 0.002404915432737351}. Best is trial 4 with value: 0.13798735368233958.
[I 2026-06-01 14:56:01,676] Trial 5 finished with value: 0.09641296612110342 and parameters: {'confidence_threshold': 0.8226559822580909, 'training_days': 50, 'n_estimators': 138, 'max_depth': 3, 'num_leaves': 30, 'learning_rate': 0.03750796359625606, 'subsample': 0.6356745158869479, 'colsample_bytree': 0.9143687545759647, 'min_child_samples': 48, 'reg_alpha': 3.376063348877853e-06, 'reg_lambda': 0.0007660634613082914}. Best is trial 4 with value: 0.13798735368233958.
[I 2026-06-01 14:56:01,789] Trial 6 finished with value: 0.16532956362987294 and parameters: {'confidence_threshold': 0.5493234787411669, 'training_days': 410, 'n_estimators': 83, 'max_depth': 5, 'num_leaves': 52, 'learning_rate': 0.019657448966046126, 'subsample': 0.5027610585618012, 'colsample_bytree': 0.9077307142274171, 'min_child_samples': 77, 'reg_alpha': 0.03639690979811287, 'reg_lambda': 0.08738424135626986}. Best is trial 6 with value: 0.16532956362987294.
[I 2026-06-01 14:56:01,883] Trial 7 finished with value: 0.07370394905100272 and parameters: {'confidence_threshold': 0.5259156281069316, 'training_days': 180, 'n_estimators': 102, 'max_depth': 5, 'num_leaves': 45, 'learning_rate': 0.030816017044468066, 'subsample': 0.5317791751430119, 'colsample_bytree': 0.6554911608578311, 'min_child_samples': 46, 'reg_alpha': 0.036851536911881845, 'reg_lambda': 0.005470376807480391}. Best is trial 6 with value: 0.16532956362987294.
[I 2026-06-01 14:56:01,974] Trial 8 finished with value: 0.1790197961969783 and parameters: {'confidence_threshold': 0.8105244599017143, 'training_days': 240, 'n_estimators': 103, 'max_depth': 5, 'num_leaves': 52, 'learning_rate': 0.06746437142284309, 'subsample': 0.8854835899772805, 'colsample_bytree': 0.7468977981821954, 'min_child_samples': 62, 'reg_alpha': 7.04480806377519e-05, 'reg_lambda': 1.6934490731313353e-08}. Best is trial 8 with value: 0.1790197961969783.
[I 2026-06-01 14:56:01,995] Trial 9 finished with value: 0.12988526120969285 and parameters: {'confidence_threshold': 0.5377619994476566, 'training_days': 20, 'n_estimators': 337, 'max_depth': 3, 'num_leaves': 39, 'learning_rate': 0.21907142272152816, 'subsample': 0.6246461145744375, 'colsample_bytree': 0.7051914615178149, 'min_child_samples': 81, 'reg_alpha': 1.1459970229341322e-06, 'reg_lambda': 4.929685216887945e-08}. Best is trial 8 with value: 0.1790197961969783.
[I 2026-06-01 14:56:02,484] Trial 10 finished with value: 0.12768808562986617 and parameters: {'confidence_threshold': 0.734042426776949, 'training_days': 280, 'n_estimators': 487, 'max_depth': 5, 'num_leaves': 62, 'learning_rate': 0.10432148521337849, 'subsample': 0.9416850669512905, 'colsample_bytree': 0.8120417635861826, 'min_child_samples': 27, 'reg_alpha': 7.238112263003475e-05, 'reg_lambda': 3.3639426888455256e-06}. Best is trial 8 with value: 0.1790197961969783.
[I 2026-06-01 14:56:02,570] Trial 11 finished with value: -1.8182576901430536 and parameters: {'confidence_threshold': 0.7192552477034038, 'training_days': 350, 'n_estimators': 68, 'max_depth': 5, 'num_leaves': 56, 'learning_rate': 0.010432023013264416, 'subsample': 0.8696252151616218, 'colsample_bytree': 0.814234822567717, 'min_child_samples': 85, 'reg_alpha': 0.0002674461616954016, 'reg_lambda': 0.5855213887055177}. Best is trial 8 with value: 0.1790197961969783.
[I 2026-06-01 14:56:02,698] Trial 12 finished with value: 0.13731665654157216 and parameters: {'confidence_threshold': 0.7620455712439583, 'training_days': 190, 'n_estimators': 210, 'max_depth': 4, 'num_leaves': 51, 'learning_rate': 0.07242956818771233, 'subsample': 0.8361663661711445, 'colsample_bytree': 0.9955462072303609, 'min_child_samples': 79, 'reg_alpha': 1.9900097930347052, 'reg_lambda': 3.06242583717076e-05}. Best is trial 8 with value: 0.1790197961969783.
[I 2026-06-01 14:56:02,775] Trial 13 finished with value: 0.12177257580040554 and parameters: {'confidence_threshold': 0.6715112328451753, 'training_days': 270, 'n_estimators': 60, 'max_depth': 5, 'num_leaves': 52, 'learning_rate': 0.20158174220210204, 'subsample': 0.912491808253448, 'colsample_bytree': 0.8155421717694826, 'min_child_samples': 97, 'reg_alpha': 5.455813891552554e-05, 'reg_lambda': 0.052039727051948925}. Best is trial 8 with value: 0.1790197961969783.
[I 2026-06-01 14:56:02,857] Trial 14 finished with value: 0.07838950923561179 and parameters: {'confidence_threshold': 0.7871652886153421, 'training_days': 100, 'n_estimators': 176, 'max_depth': 4, 'num_leaves': 60, 'learning_rate': 0.04348593163481826, 'subsample': 0.6748584669286911, 'colsample_bytree': 0.6257061141687481, 'min_child_samples': 55, 'reg_alpha': 0.00492838973466057, 'reg_lambda': 7.565770484313319e-06}. Best is trial 8 with value: 0.1790197961969783.
[I 2026-06-01 14:56:03,084] Trial 15 finished with value: 0.1602109435617971 and parameters: {'confidence_threshold': 0.6887540779211444, 'training_days': 390, 'n_estimators': 251, 'max_depth': 5, 'num_leaves': 47, 'learning_rate': 0.010359623362260938, 'subsample': 0.6015874640141092, 'colsample_bytree': 0.7688863617704711, 'min_child_samples': 69, 'reg_alpha': 0.18517433774846162, 'reg_lambda': 0.09910121327626883}. Best is trial 8 with value: 0.1790197961969783.
[I 2026-06-01 14:56:03,221] Trial 16 finished with value: 0.10641248329422044 and parameters: {'confidence_threshold': 0.5654847779645644, 'training_days': 310, 'n_estimators': 111, 'max_depth': 5, 'num_leaves': 34, 'learning_rate': 0.10112739203927937, 'subsample': 0.852452507067186, 'colsample_bytree': 0.8711031418229831, 'min_child_samples': 34, 'reg_alpha': 1.6230643075200477e-05, 'reg_lambda': 0.0001288679763721219}. Best is trial 8 with value: 0.1790197961969783.
[I 2026-06-01 14:56:03,396] Trial 17 finished with value: 0.17705911095943672 and parameters: {'confidence_threshold': 0.6652429013116167, 'training_days': 230, 'n_estimators': 299, 'max_depth': 4, 'num_leaves': 54, 'learning_rate': 0.018765719956593964, 'subsample': 0.715241092095792, 'colsample_bytree': 0.9956385980717998, 'min_child_samples': 87, 'reg_alpha': 9.156333458924399, 'reg_lambda': 5.696805151322188}. Best is trial 8 with value: 0.1790197961969783.
[I 2026-06-01 14:56:03,482] A new study created in memory with name: no-name-dc5ee195-79e3-4029-8932-bba5b15f55af
[I 2026-06-01 14:56:03,578] Trial 0 finished with value: 0.01159333123691753 and parameters: {'confidence_threshold': 0.7437642149592516, 'training_days': 150, 'n_estimators': 152, 'max_depth': 4, 'num_leaves': 50, 'learning_rate': 0.04216766425047743, 'subsample': 0.9903820991923078, 'colsample_bytree': 0.8424148692924316, 'min_child_samples': 58, 'reg_alpha': 3.381097259762742e-05, 'reg_lambda': 1.2263152961306247e-05}. Best is trial 0 with value: 0.01159333123691753.
[I 2026-06-01 14:56:03,649] Trial 1 finished with value: 0.25450815011919664 and parameters: {'confidence_threshold': 0.7551673975844145, 'training_days': 220, 'n_estimators': 76, 'max_depth': 4, 'num_leaves': 51, 'learning_rate': 0.018602118810743477, 'subsample': 0.5877258780737462, 'colsample_bytree': 0.7657756869209191, 'min_child_samples': 63, 'reg_alpha': 0.005123994170264194, 'reg_lambda': 0.44145470178120466}. Best is trial 1 with value: 0.25450815011919664.
[I 2026-06-01 14:56:03,899] Trial 2 finished with value: 0.08648208303564535 and parameters: {'confidence_threshold': 0.7535593637012223, 'training_days': 310, 'n_estimators': 375, 'max_depth': 3, 'num_leaves': 32, 'learning_rate': 0.021735641882032388, 'subsample': 0.6468570231944146, 'colsample_bytree': 0.8154880619272439, 'min_child_samples': 27, 'reg_alpha': 8.004064028491336e-05, 'reg_lambda': 7.546835261630524e-05}. Best is trial 1 with value: 0.25450815011919664.
[I 2026-06-01 14:56:04,056] Trial 3 finished with value: 0.13459730362689498 and parameters: {'confidence_threshold': 0.6727897841776072, 'training_days': 220, 'n_estimators': 190, 'max_depth': 4, 'num_leaves': 58, 'learning_rate': 0.24810689332636193, 'subsample': 0.7509183379421682, 'colsample_bytree': 0.8119764758960556, 'min_child_samples': 29, 'reg_alpha': 7.1708285081421445e-06, 'reg_lambda': 5.412973582738627e-05}. Best is trial 1 with value: 0.25450815011919664.
[I 2026-06-01 14:56:04,166] Trial 4 finished with value: 0.03632531998171032 and parameters: {'confidence_threshold': 0.803208205259178, 'training_days': 130, 'n_estimators': 267, 'max_depth': 5, 'num_leaves': 40, 'learning_rate': 0.08041175317374143, 'subsample': 0.5603143329951619, 'colsample_bytree': 0.9131704002534167, 'min_child_samples': 68, 'reg_alpha': 0.0008046593428183385, 'reg_lambda': 1.2158346158765583e-05}. Best is trial 1 with value: 0.25450815011919664.
[I 2026-06-01 14:56:04,378] Trial 5 finished with value: 0.13717817116907538 and parameters: {'confidence_threshold': 0.6064422761595144, 'training_days': 210, 'n_estimators': 357, 'max_depth': 5, 'num_leaves': 40, 'learning_rate': 0.0974221287220869, 'subsample': 0.7929682762811064, 'colsample_bytree': 0.8124517510478, 'min_child_samples': 74, 'reg_alpha': 0.3811377260781234, 'reg_lambda': 5.607314238392041e-08}. Best is trial 1 with value: 0.25450815011919664.
[I 2026-06-01 14:56:04,475] Trial 6 finished with value: 0.006276334717366211 and parameters: {'confidence_threshold': 0.7672889945051684, 'training_days': 130, 'n_estimators': 137, 'max_depth': 4, 'num_leaves': 19, 'learning_rate': 0.2031117614248665, 'subsample': 0.8136244860256343, 'colsample_bytree': 0.8617081790949774, 'min_child_samples': 21, 'reg_alpha': 0.002238138278733199, 'reg_lambda': 0.001025809534977322}. Best is trial 1 with value: 0.25450815011919664.
[I 2026-06-01 14:56:04,542] Trial 7 finished with value: -0.03610484087180833 and parameters: {'confidence_threshold': 0.555635875450653, 'training_days': 80, 'n_estimators': 363, 'max_depth': 3, 'num_leaves': 48, 'learning_rate': 0.06590089024008658, 'subsample': 0.6944752870615722, 'colsample_bytree': 0.962566244806993, 'min_child_samples': 88, 'reg_alpha': 1.6465620446426067e-05, 'reg_lambda': 2.4678750890085655e-08}. Best is trial 1 with value: 0.25450815011919664.
[I 2026-06-01 14:56:04,834] Trial 8 finished with value: 0.0755049374756426 and parameters: {'confidence_threshold': 0.6066688256938841, 'training_days': 200, 'n_estimators': 367, 'max_depth': 5, 'num_leaves': 32, 'learning_rate': 0.13377519215934996, 'subsample': 0.7965884582811106, 'colsample_bytree': 0.8458508993500886, 'min_child_samples': 32, 'reg_alpha': 3.889436043816386e-05, 'reg_lambda': 1.4713062489380356e-06}. Best is trial 1 with value: 0.25450815011919664.
