[I 2026-06-01 15:00:21,320] Trial 15 finished with value: -0.02873220216056968 and parameters: {'confidence_threshold': 0.6432576260822763, 'training_days': 500, 'n_estimators': 436, 'max_depth': 5, 'num_leaves': 57, 'learning_rate': 0.1446196958963375, 'subsample': 0.7154531893452358, 'colsample_bytree': 0.6951425821913692, 'min_child_samples': 33, 'reg_alpha': 5.906876316779296e-07, 'reg_lambda': 0.01942522303509738}. Best is trial 10 with value: 0.0824522951687056.
[I 2026-06-01 15:00:21,388] Trial 16 finished with value: -0.023645216291379632 and parameters: {'confidence_threshold': 0.704143357643414, 'training_days': 430, 'n_estimators': 51, 'max_depth': 3, 'num_leaves': 46, 'learning_rate': 0.049562270026147284, 'subsample': 0.8852269259184751, 'colsample_bytree': 0.7264124489149929, 'min_child_samples': 99, 'reg_alpha': 3.591082443039027e-06, 'reg_lambda': 0.0003556508446688241}. Best is trial 10 with value: 0.0824522951687056.
[I 2026-06-01 15:00:21,624] Trial 17 finished with value: -0.012437323989384741 and parameters: {'confidence_threshold': 0.8278557618575797, 'training_days': 300, 'n_estimators': 290, 'max_depth': 4, 'num_leaves': 63, 'learning_rate': 0.2575867828405023, 'subsample': 0.753263699632615, 'colsample_bytree': 0.6042669130757778, 'min_child_samples': 52, 'reg_alpha': 5.627564684145675e-08, 'reg_lambda': 6.536602842883305e-07}. Best is trial 10 with value: 0.0824522951687056.
[I 2026-06-01 15:00:22,022] A new study created in memory with name: no-name-e282a3ec-ba7f-46ba-8aeb-3ca199f793f1
[I 2026-06-01 15:00:22,224] Trial 0 finished with value: -0.004588631596027931 and parameters: {'confidence_threshold': 0.5870645682749857, 'training_days': 90, 'n_estimators': 403, 'max_depth': 5, 'num_leaves': 45, 'learning_rate': 0.0780457193679974, 'subsample': 0.9428509515574568, 'colsample_bytree': 0.8795587339164916, 'min_child_samples': 34, 'reg_alpha': 2.2465901234314442e-07, 'reg_lambda': 8.339007036475363e-05}. Best is trial 0 with value: -0.004588631596027931.
[I 2026-06-01 15:00:22,338] Trial 1 finished with value: -0.02113523312532035 and parameters: {'confidence_threshold': 0.6348453934275313, 'training_days': 290, 'n_estimators': 115, 'max_depth': 5, 'num_leaves': 37, 'learning_rate': 0.06949568759029946, 'subsample': 0.8228505074024268, 'colsample_bytree': 0.8616703220431751, 'min_child_samples': 75, 'reg_alpha': 4.2486822725010923e-07, 'reg_lambda': 1.157247767047042e-07}. Best is trial 0 with value: -0.004588631596027931.
[I 2026-06-01 15:00:22,360] Trial 2 finished with value: -4.115572950348455 and parameters: {'confidence_threshold': 0.5849570384370288, 'training_days': 10, 'n_estimators': 212, 'max_depth': 3, 'num_leaves': 41, 'learning_rate': 0.18452095998378365, 'subsample': 0.6001060822924371, 'colsample_bytree': 0.5673167293506167, 'min_child_samples': 37, 'reg_alpha': 5.733250064217131, 'reg_lambda': 0.5308454292595461}. Best is trial 0 with value: -0.004588631596027931.
[I 2026-06-01 15:00:22,436] Trial 3 finished with value: -0.013081833604883252 and parameters: {'confidence_threshold': 0.6868248626683718, 'training_days': 220, 'n_estimators': 134, 'max_depth': 3, 'num_leaves': 45, 'learning_rate': 0.033529007907491595, 'subsample': 0.8647277071858408, 'colsample_bytree': 0.778494116634046, 'min_child_samples': 96, 'reg_alpha': 2.409409937265785e-07, 'reg_lambda': 1.1642073478060009}. Best is trial 0 with value: -0.004588631596027931.
[I 2026-06-01 15:00:22,516] Trial 4 finished with value: 0.0023734233467254894 and parameters: {'confidence_threshold': 0.5623121348350352, 'training_days': 300, 'n_estimators': 69, 'max_depth': 4, 'num_leaves': 32, 'learning_rate': 0.14967629360700346, 'subsample': 0.5054535233636654, 'colsample_bytree': 0.7401385194659216, 'min_child_samples': 27, 'reg_alpha': 1.4212042567426725e-07, 'reg_lambda': 0.23605753701352003}. Best is trial 4 with value: 0.0023734233467254894.
[I 2026-06-01 15:00:22,945] Trial 5 finished with value: 0.010178680299238695 and parameters: {'confidence_threshold': 0.7111850244908446, 'training_days': 490, 'n_estimators': 362, 'max_depth': 5, 'num_leaves': 40, 'learning_rate': 0.05960785724162737, 'subsample': 0.5589714368907717, 'colsample_bytree': 0.6659006943232806, 'min_child_samples': 42, 'reg_alpha': 0.6741360303045295, 'reg_lambda': 6.054601607143087e-08}. Best is trial 5 with value: 0.010178680299238695.
[I 2026-06-01 15:00:23,120] Trial 6 finished with value: 0.04252095964188535 and parameters: {'confidence_threshold': 0.667482545748023, 'training_days': 420, 'n_estimators': 279, 'max_depth': 3, 'num_leaves': 45, 'learning_rate': 0.040099592560849204, 'subsample': 0.8563114696415159, 'colsample_bytree': 0.5442917781944105, 'min_child_samples': 50, 'reg_alpha': 1.6407916423707903e-08, 'reg_lambda': 2.935907642973286e-05}. Best is trial 6 with value: 0.04252095964188535.
[I 2026-06-01 15:00:23,278] Trial 7 finished with value: -0.04915900822262605 and parameters: {'confidence_threshold': 0.5497381024139926, 'training_days': 120, 'n_estimators': 408, 'max_depth': 5, 'num_leaves': 38, 'learning_rate': 0.28049122657745795, 'subsample': 0.8806573338635493, 'colsample_bytree': 0.5454054113547102, 'min_child_samples': 63, 'reg_alpha': 0.01263008637940408, 'reg_lambda': 0.04588020805366937}. Best is trial 6 with value: 0.04252095964188535.
[I 2026-06-01 15:00:23,543] Trial 8 finished with value: 0.02351833544792901 and parameters: {'confidence_threshold': 0.719644804808716, 'training_days': 450, 'n_estimators': 410, 'max_depth': 4, 'num_leaves': 57, 'learning_rate': 0.04022026551478857, 'subsample': 0.5336085426932707, 'colsample_bytree': 0.5705742850577543, 'min_child_samples': 100, 'reg_alpha': 5.916398047912201e-07, 'reg_lambda': 0.9794034214488329}. Best is trial 6 with value: 0.04252095964188535.

    [trial 9] 47 features, training_days=20 | threshold=0.538 | labels: 1152 long, 1019 short (53/47%)
    [trial 9] Sharpe=-0.0719 (folds: -0.0359, 0.2203, -0.0020, -0.4211, -0.1209)
    [trial 10] 47 features, training_days=140 | threshold=0.680 | labels: 1152 long, 1019 short (53/47%)
    [trial 10] Sharpe=-0.0551 (folds: -0.2503, -0.0312, 0.0111, -0.1641, 0.1592)
    [trial 11] 47 features, training_days=300 | threshold=0.691 | labels: 1152 long, 1019 short (53/47%)
    [trial 11] Sharpe=-0.0269 (folds: -0.1676, -0.0332, -0.3081, 0.1150, 0.2595)
    [trial 12] 47 features, training_days=130 | threshold=0.509 | labels: 1152 long, 1019 short (53/47%)
    [trial 12] Sharpe=-0.0294 (folds: -0.1514, 0.0036, -0.0390, -0.0133, 0.0530)
    [trial 13] 47 features, training_days=250 | threshold=0.630 | labels: 1152 long, 1019 short (53/47%)
    [trial 13] Sharpe=0.0036 (folds: -0.2168, 0.0636, -0.1334, 0.1357, 0.1688)
    [trial 14] 47 features, training_days=500 | threshold=0.743 | labels: 1152 long, 1019 short (53/47%)
    [trial 14] Sharpe=-0.0181 (folds: -0.1926, -0.0621, -0.1233, 0.0151, 0.2722)
    [trial 15] 47 features, training_days=340 | threshold=0.646 | labels: 1152 long, 1019 short (53/47%)
    [trial 15] Sharpe=-0.2482 (folds: -0.9172, -0.4521, -0.4602, 0.0548, 0.5336)
    [trial 16] 47 features, training_days=140 | threshold=0.735 | labels: 1152 long, 1019 short (53/47%)
    [trial 16] Sharpe=-0.0499 (folds: -0.1723, -0.0174, -0.0211, -0.1959, 0.1572)
    [trial 17] 47 features, training_days=200 | threshold=0.566 | labels: 1152 long, 1019 short (53/47%)
    [trial 17] Sharpe=-0.0102 (folds: -0.1397, 0.0112, -0.0025, 0.0730, 0.0072)
  Optuna: 18 trials, best Sharpe = 0.0354
  Best params: n_estimators=102, max_depth=5, lr=0.0308, leaves=45
  Best confidence_threshold: 0.526
  Best training_days: 180
  Retrained on full data (540 samples, 47 features)
  [ensemble 2/3] seed=123
    [trial 0] 47 features, training_days=150 | threshold=0.744 | labels: 1152 long, 1019 short (53/47%)
    [CV fold 0] train_end=2022-08-23 08:00 | val_start=2022-08-31 00:00 | gap=184h (22 rows)
    [CV fold 1] train_end=2022-12-21 16:00 | val_start=2022-12-29 08:00 | gap=184h (22 rows)
    [CV fold 2] train_end=2023-04-21 00:00 | val_start=2023-04-28 16:00 | gap=184h (22 rows)
    [CV fold 3] train_end=2023-08-19 08:00 | val_start=2023-08-27 00:00 | gap=184h (22 rows)
    [CV fold 4] train_end=2023-12-17 16:00 | val_start=2023-12-25 08:00 | gap=184h (22 rows)
    [trial 0] Sharpe=-0.0125 (folds: -0.1404, 0.0433, 0.0963, -0.2076, 0.1462)
    [trial 1] 47 features, training_days=220 | threshold=0.755 | labels: 1152 long, 1019 short (53/47%)
    [trial 1] Sharpe=-1.9541 (folds: -10.0000, -0.5692, 0.4511, -0.2869, 0.6346)
    [trial 2] 47 features, training_days=310 | threshold=0.754 | labels: 1152 long, 1019 short (53/47%)
    [trial 2] Sharpe=0.0253 (folds: -0.1590, -0.0696, -0.1965, 0.0412, 0.5102)
    [trial 3] 47 features, training_days=220 | threshold=0.673 | labels: 1152 long, 1019 short (53/47%)
    [trial 3] Sharpe=0.0396 (folds: -0.1557, 0.0310, -0.0146, 0.1752, 0.1622)
    [trial 4] 47 features, training_days=130 | threshold=0.803 | labels: 1152 long, 1019 short (53/47%)
    [trial 4] Sharpe=-0.0277 (folds: -0.2066, -0.1685, 0.1035, -0.0991, 0.2324)
    [trial 5] 47 features, training_days=210 | threshold=0.606 | labels: 1152 long, 1019 short (53/47%)
    [trial 5] Sharpe=-0.0293 (folds: -0.1216, -0.0500, -0.0271, 0.0894, -0.0370)
    [trial 6] 47 features, training_days=130 | threshold=0.767 | labels: 1152 long, 1019 short (53/47%)
    [trial 6] Sharpe=0.0009 (folds: -0.1238, 0.0350, 0.0926, -0.1701, 0.1706)
    [trial 7] 47 features, training_days=80 | threshold=0.556 | labels: 1152 long, 1019 short (53/47%)
    [trial 7] Sharpe=-0.0169 (folds: -0.1247, -0.0780, -0.0182, -0.0431, 0.1795)
    [trial 8] 47 features, training_days=200 | threshold=0.607 | labels: 1152 long, 1019 short (53/47%)
    [trial 8] Sharpe=0.0091 (folds: -0.1152, 0.0045, 0.0216, 0.0098, 0.1250)
    [trial 9] 47 features, training_days=260 | threshold=0.620 | labels: 1152 long, 1019 short (53/47%)
    [trial 9] Sharpe=-0.0467 (folds: -0.1238, -0.1077, -0.1712, 0.0481, 0.1212)
    [trial 10] 47 features, training_days=470 | threshold=0.676 | labels: 1152 long, 1019 short (53/47%)
    [trial 10] Sharpe=0.0825 (folds: -0.1371, 0.0202, -0.0994, 0.1677, 0.4608)
    [trial 11] 47 features, training_days=480 | threshold=0.680 | labels: 1152 long, 1019 short (53/47%)
    [trial 11] Sharpe=0.0367 (folds: -0.1332, 0.0319, -0.2049, 0.1315, 0.3585)
    [trial 12] 47 features, training_days=400 | threshold=0.678 | labels: 1152 long, 1019 short (53/47%)
    [trial 12] Sharpe=-0.0085 (folds: -0.0984, -0.0146, -0.2769, 0.1368, 0.2107)
    [trial 13] 47 features, training_days=10 | threshold=0.512 | labels: 1152 long, 1019 short (53/47%)
    [trial 13] Sharpe=-0.1806 (folds: -0.0359, -0.1280, -0.1970, -0.4211, -0.1209)
    [trial 14] 47 features, training_days=350 | threshold=0.697 | labels: 1152 long, 1019 short (53/47%)
    [trial 14] Sharpe=-0.0358 (folds: -0.1440, -0.0128, -0.2175, -0.0911, 0.2862)
    [trial 15] 47 features, training_days=500 | threshold=0.643 | labels: 1152 long, 1019 short (53/47%)
    [trial 15] Sharpe=-0.0287 (folds: -0.1469, 0.0030, -0.2015, -0.0122, 0.2141)
    [trial 16] 47 features, training_days=430 | threshold=0.704 | labels: 1152 long, 1019 short (53/47%)
    [trial 16] Sharpe=-0.0236 (folds: -0.4128, -0.1019, -0.2778, 0.3085, 0.3658)
    [trial 17] 47 features, training_days=300 | threshold=0.828 | labels: 1152 long, 1019 short (53/47%)
    [trial 17] Sharpe=-0.0124 (folds: -0.1653, -0.0517, -0.1343, 0.1330, 0.1562)
  Optuna: 18 trials, best Sharpe = 0.0825
  Best params: n_estimators=493, max_depth=4, lr=0.0102, leaves=63
  Best confidence_threshold: 0.676
  Best training_days: 470
  Retrained on full data (1410 samples, 47 features)
  [ensemble 3/3] seed=456
    [trial 0] 47 features, training_days=90 | threshold=0.587 | labels: 1152 long, 1019 short (53/47%)
    [CV fold 0] train_end=2022-08-23 08:00 | val_start=2022-08-31 00:00 | gap=184h (22 rows)
    [CV fold 1] train_end=2022-12-21 16:00 | val_start=2022-12-29 08:00 | gap=184h (22 rows)
    [CV fold 2] train_end=2023-04-21 00:00 | val_start=2023-04-28 16:00 | gap=184h (22 rows)
    [CV fold 3] train_end=2023-08-19 08:00 | val_start=2023-08-27 00:00 | gap=184h (22 rows)
    [CV fold 4] train_end=2023-12-17 16:00 | val_start=2023-12-25 08:00 | gap=184h (22 rows)
    [trial 0] Sharpe=-0.0046 (folds: -0.0062, 0.0497, -0.0959, -0.1616, 0.1910)
    [trial 1] 47 features, training_days=290 | threshold=0.635 | labels: 1152 long, 1019 short (53/47%)
    [trial 1] Sharpe=-0.0211 (folds: -0.1260, -0.0831, -0.1584, 0.0781, 0.1838)
    [trial 2] 47 features, training_days=10 | threshold=0.585 | labels: 1152 long, 1019 short (53/47%)
    [trial 2] Sharpe=-4.1156 (folds: -0.0359, -10.0000, -10.0000, -0.4211, -0.1209)
    [trial 3] 47 features, training_days=220 | threshold=0.687 | labels: 1152 long, 1019 short (53/47%)
    [trial 3] Sharpe=-0.0131 (folds: -0.3088, -0.0301, -0.0267, 0.1614, 0.1388)
    [trial 4] 47 features, training_days=300 | threshold=0.562 | labels: 1152 long, 1019 short (53/47%)
    [trial 4] Sharpe=0.0024 (folds: -0.1370, 0.0443, -0.1569, 0.1006, 0.1608)
    [trial 5] 47 features, training_days=490 | threshold=0.711 | labels: 1152 long, 1019 short (53/47%)
    [trial 5] Sharpe=0.0102 (folds: -0.1054, 0.0027, -0.1984, 0.0484, 0.3035)
    [trial 6] 47 features, training_days=420 | threshold=0.667 | labels: 1152 long, 1019 short (53/47%)
    [trial 6] Sharpe=0.0425 (folds: -0.1652, -0.0025, -0.1515, 0.1611, 0.3707)
    [trial 7] 47 features, training_days=120 | threshold=0.550 | labels: 1152 long, 1019 short (53/47%)
    [trial 7] Sharpe=-0.0492 (folds: -0.1677, -0.0489, -0.1198, -0.0630, 0.1536)
    [trial 8] 47 features, training_days=450 | threshold=0.720 | labels: 1152 long, 1019 short (53/47%)
    [trial 8] Sharpe=0.0235 (folds: -0.1155, -0.1083, -0.0914, 0.1077, 0.3251)
    [trial 9] 47 features, training_days=20 | threshold=0.727 | labels: 1152 long, 1019 short (53/47%)
    [trial 9] Sharpe=-6.0914 (folds: -0.0359, -10.0000, -10.0000, -0.4211, -10.0000)[I 2026-06-01 15:00:23,569] Trial 9 finished with value: -6.091397613855149 and parameters: {'confidence_threshold': 0.7267463643917187, 'training_days': 20, 'n_estimators': 337, 'max_depth': 5, 'num_leaves': 23, 'learning_rate': 0.022153031811454605, 'subsample': 0.6305627572358737, 'colsample_bytree': 0.6613413774216214, 'min_child_samples': 81, 'reg_alpha': 5.7638634029410314e-08, 'reg_lambda': 8.26603016764008}. Best is trial 6 with value: 0.04252095964188535.
[I 2026-06-01 15:00:23,764] Trial 10 finished with value: -6.150207274769668 and parameters: {'confidence_threshold': 0.8283920119574972, 'training_days': 400, 'n_estimators': 240, 'max_depth': 3, 'num_leaves': 62, 'learning_rate': 0.011921022686883517, 'subsample': 0.7130289643560688, 'colsample_bytree': 0.9944479338273263, 'min_child_samples': 54, 'reg_alpha': 6.837313901272251e-05, 'reg_lambda': 2.741063772648371e-05}. Best is trial 6 with value: 0.04252095964188535.
[I 2026-06-01 15:00:24,076] Trial 11 finished with value: 0.0022395506027423017 and parameters: {'confidence_threshold': 0.7828153509856824, 'training_days': 500, 'n_estimators': 478, 'max_depth': 4, 'num_leaves': 58, 'learning_rate': 0.03003469823170691, 'subsample': 0.7390439957698561, 'colsample_bytree': 0.5017024210185925, 'min_child_samples': 100, 'reg_alpha': 2.3530491583503867e-05, 'reg_lambda': 0.00647465266809438}. Best is trial 6 with value: 0.04252095964188535.
[I 2026-06-01 15:00:24,324] Trial 12 finished with value: 0.011085239357054766 and parameters: {'confidence_threshold': 0.6485088991844985, 'training_days': 390, 'n_estimators': 285, 'max_depth': 4, 'num_leaves': 54, 'learning_rate': 0.015793572120547012, 'subsample': 0.9912016966112274, 'colsample_bytree': 0.6172137759519767, 'min_child_samples': 55, 'reg_alpha': 3.863094333095534e-06, 'reg_lambda': 3.4634622846801407e-06}. Best is trial 6 with value: 0.04252095964188535.
[I 2026-06-01 15:00:24,672] Trial 13 finished with value: -0.04550897599569398 and parameters: {'confidence_threshold': 0.7586389545742787, 'training_days': 390, 'n_estimators': 494, 'max_depth': 4, 'num_leaves': 52, 'learning_rate': 0.039450784730680366, 'subsample': 0.6795590770167038, 'colsample_bytree': 0.5999289688487704, 'min_child_samples': 71, 'reg_alpha': 1.3856781151188548e-08, 'reg_lambda': 0.0005281014328234273}. Best is trial 6 with value: 0.04252095964188535.
[I 2026-06-01 15:00:24,854] Trial 14 finished with value: -0.00434327124363903 and parameters: {'confidence_threshold': 0.6426083220760456, 'training_days': 430, 'n_estimators': 289, 'max_depth': 3, 'num_leaves': 51, 'learning_rate': 0.10984869360305231, 'subsample': 0.7851487748866213, 'colsample_bytree': 0.5033818278710143, 'min_child_samples': 89, 'reg_alpha': 0.0010141591834892066, 'reg_lambda': 0.0015968227184679034}. Best is trial 6 with value: 0.04252095964188535.
[I 2026-06-01 15:00:24,990] Trial 15 finished with value: -0.14248543519195417 and parameters: {'confidence_threshold': 0.8474963547922233, 'training_days': 320, 'n_estimators': 189, 'max_depth': 3, 'num_leaves': 17, 'learning_rate': 0.04475773419973796, 'subsample': 0.9083848905609337, 'colsample_bytree': 0.6899617924892014, 'min_child_samples': 65, 'reg_alpha': 5.339216766562868e-06, 'reg_lambda': 2.159505973300166e-06}. Best is trial 6 with value: 0.04252095964188535.
[I 2026-06-01 15:00:25,297] Trial 16 finished with value: 0.046880541267026746 and parameters: {'confidence_threshold': 0.5156958281455359, 'training_days': 220, 'n_estimators': 433, 'max_depth': 4, 'num_leaves': 61, 'learning_rate': 0.021342803802310486, 'subsample': 0.7980665993112352, 'colsample_bytree': 0.6103809729663088, 'min_child_samples': 47, 'reg_alpha': 0.002206875419202203, 'reg_lambda': 0.008477491710478523}. Best is trial 16 with value: 0.046880541267026746.
[I 2026-06-01 15:00:25,537] Trial 17 finished with value: 0.01100841109618789 and parameters: {'confidence_threshold': 0.500332054325263, 'training_days': 190, 'n_estimators': 450, 'max_depth': 3, 'num_leaves': 63, 'learning_rate': 0.02201894951926674, 'subsample': 0.8002407697944357, 'colsample_bytree': 0.6348185208077302, 'min_child_samples': 47, 'reg_alpha': 0.005256481041648782, 'reg_lambda': 0.014557802737192066}. Best is trial 16 with value: 0.046880541267026746.
[I 2026-06-01 15:00:26,210] A new study created in memory with name: no-name-57b11fb6-eade-4828-b137-b0eebe302896
[I 2026-06-01 15:00:26,532] Trial 0 finished with value: 0.03956940560216504 and parameters: {'confidence_threshold': 0.6310890415965769, 'training_days': 480, 'n_estimators': 380, 'max_depth': 4, 'num_leaves': 22, 'learning_rate': 0.01699897838270077, 'subsample': 0.5290418060840998, 'colsample_bytree': 0.9330880728874675, 'min_child_samples': 68, 'reg_alpha': 0.023585940584142682, 'reg_lambda': 1.5320059381854043e-08}. Best is trial 0 with value: 0.03956940560216504.
[I 2026-06-01 15:00:26,656] Trial 1 finished with value: -4.021575337714911 and parameters: {'confidence_threshold': 0.839468448256698, 'training_days': 420, 'n_estimators': 145, 'max_depth': 3, 'num_leaves': 23, 'learning_rate': 0.028145092716060652, 'subsample': 0.762378215816119, 'colsample_bytree': 0.7159725093210578, 'min_child_samples': 43, 'reg_alpha': 0.0032112643094417484, 'reg_lambda': 1.8007140198129195e-07}. Best is trial 0 with value: 0.03956940560216504.
[I 2026-06-01 15:00:26,816] Trial 2 finished with value: -0.019278739244461024 and parameters: {'confidence_threshold': 0.6022506269873263, 'training_days': 190, 'n_estimators': 255, 'max_depth': 5, 'num_leaves': 24, 'learning_rate': 0.05748924681991978, 'subsample': 0.7962072844310213, 'colsample_bytree': 0.5232252063599989, 'min_child_samples': 69, 'reg_alpha': 3.425445902633376e-07, 'reg_lambda': 3.850031979199519e-08}. Best is trial 0 with value: 0.03956940560216504.
