[I 2026-06-01 14:57:02,196] Trial 17 finished with value: 0.04495502046354635 and parameters: {'confidence_threshold': 0.6251135256154423, 'training_days': 330, 'n_estimators': 178, 'max_depth': 3, 'num_leaves': 25, 'learning_rate': 0.029146116213092432, 'subsample': 0.6718064291677197, 'colsample_bytree': 0.7142219102330146, 'min_child_samples': 70, 'reg_alpha': 0.008896971601743164, 'reg_lambda': 4.2472383706075725}. Best is trial 13 with value: 0.06326998574866184.

    [trial 13] 47 features, training_days=400 | threshold=0.668 | labels: 1161 long, 1007 short (54/46%)
    [trial 13] Sharpe=0.0754 (folds: 0.2116, -0.0065, 0.2091, 0.0307, -0.0680)
    [trial 14] 47 features, training_days=290 | threshold=0.607 | labels: 1161 long, 1007 short (54/46%)
    [trial 14] Sharpe=0.0841 (folds: 0.2290, 0.0336, 0.1084, 0.1001, -0.0508)
    [trial 15] 47 features, training_days=300 | threshold=0.705 | labels: 1161 long, 1007 short (54/46%)
    [trial 15] Sharpe=0.0387 (folds: 0.1870, 0.0265, 0.0669, 0.0771, -0.1638)
    [trial 16] 47 features, training_days=370 | threshold=0.543 | labels: 1161 long, 1007 short (54/46%)
    [trial 16] Sharpe=0.0104 (folds: 0.1363, -0.0468, 0.1164, -0.0064, -0.1472)
    [trial 17] 47 features, training_days=490 | threshold=0.624 | labels: 1161 long, 1007 short (54/46%)
    [trial 17] Sharpe=0.0440 (folds: 0.1745, 0.0214, 0.1725, -0.0284, -0.1202)
  Optuna: 18 trials, best Sharpe = 0.0895
  Best params: n_estimators=190, max_depth=4, lr=0.2481, leaves=58
  Best confidence_threshold: 0.673
  Best training_days: 220
  Retrained on full data (660 samples, 47 features)
  [ensemble 3/3] seed=456
    [trial 0] 47 features, training_days=90 | threshold=0.587 | labels: 1161 long, 1007 short (54/46%)
    [CV fold 0] train_end=2020-12-23 08:00 | val_start=2020-12-31 00:00 | gap=184h (22 rows)
    [CV fold 1] train_end=2021-04-22 16:00 | val_start=2021-04-30 08:00 | gap=184h (22 rows)
    [CV fold 2] train_end=2021-08-21 00:00 | val_start=2021-08-28 16:00 | gap=184h (22 rows)
    [CV fold 3] train_end=2021-12-19 08:00 | val_start=2021-12-27 00:00 | gap=184h (22 rows)
    [CV fold 4] train_end=2022-04-18 16:00 | val_start=2022-04-26 08:00 | gap=184h (22 rows)
    [trial 0] Sharpe=-0.0140 (folds: 0.2257, -0.1332, -0.0362, -0.0516, -0.0748)
    [trial 1] 47 features, training_days=290 | threshold=0.635 | labels: 1161 long, 1007 short (54/46%)
    [trial 1] Sharpe=0.0599 (folds: 0.1590, -0.0053, 0.1119, 0.0537, -0.0200)
    [trial 2] 47 features, training_days=10 | threshold=0.585 | labels: 1161 long, 1007 short (54/46%)
    [trial 2] Sharpe=-0.0321 (folds: -0.2327, 0.1338, 0.0598, 0.0561, -0.1773)
    [trial 3] 47 features, training_days=220 | threshold=0.687 | labels: 1161 long, 1007 short (54/46%)
    [trial 3] Sharpe=0.0609 (folds: 0.2374, 0.0294, 0.1367, -0.1045, 0.0057)
    [trial 4] 47 features, training_days=300 | threshold=0.562 | labels: 1161 long, 1007 short (54/46%)
    [trial 4] Sharpe=0.0129 (folds: 0.1083, -0.0061, 0.0972, -0.0292, -0.1058)
    [trial 5] 47 features, training_days=490 | threshold=0.711 | labels: 1161 long, 1007 short (54/46%)
    [trial 5] Sharpe=0.0462 (folds: 0.2046, 0.0231, 0.2286, -0.0885, -0.1369)
    [trial 6] 47 features, training_days=420 | threshold=0.667 | labels: 1161 long, 1007 short (54/46%)
    [trial 6] Sharpe=0.0592 (folds: 0.1786, 0.0369, 0.1866, -0.0746, -0.0313)
    [trial 7] 47 features, training_days=120 | threshold=0.550 | labels: 1161 long, 1007 short (54/46%)
    [trial 7] Sharpe=0.0168 (folds: 0.1952, -0.1566, 0.1460, -0.1275, 0.0270)
    [trial 8] 47 features, training_days=450 | threshold=0.720 | labels: 1161 long, 1007 short (54/46%)
    [trial 8] Sharpe=0.0467 (folds: 0.2065, -0.0349, 0.2033, -0.0798, -0.0614)
    [trial 9] 47 features, training_days=20 | threshold=0.727 | labels: 1161 long, 1007 short (54/46%)
    [trial 9] Sharpe=-3.9037 (folds: 0.2879, 0.1338, 0.0598, -10.0000, -10.0000)
    [trial 10] 47 features, training_days=200 | threshold=0.828 | labels: 1161 long, 1007 short (54/46%)
    [trial 10] Sharpe=-5.9572 (folds: 0.1640, 0.0501, -10.0000, -10.0000, -10.0000)
    [trial 11] 47 features, training_days=300 | threshold=0.644 | labels: 1161 long, 1007 short (54/46%)
    [trial 11] Sharpe=-0.0429 (folds: 0.2722, -0.0823, 0.1025, -0.3410, -0.1660)
    [trial 12] 47 features, training_days=220 | threshold=0.801 | labels: 1161 long, 1007 short (54/46%)
    [trial 12] Sharpe=0.0561 (folds: 0.1678, 0.0621, 0.0831, -0.0270, -0.0056)
    [trial 13] 47 features, training_days=350 | threshold=0.504 | labels: 1161 long, 1007 short (54/46%)
    [trial 13] Sharpe=0.0633 (folds: 0.2131, 0.0804, 0.1753, -0.0698, -0.0826)
    [trial 14] 47 features, training_days=370 | threshold=0.772 | labels: 1161 long, 1007 short (54/46%)
    [trial 14] Sharpe=0.0166 (folds: 0.1634, -0.0134, 0.1969, -0.2159, -0.0481)
    [trial 15] 47 features, training_days=390 | threshold=0.507 | labels: 1161 long, 1007 short (54/46%)
    [trial 15] Sharpe=0.0131 (folds: 0.1255, 0.0111, 0.1699, -0.1284, -0.1129)
    [trial 16] 47 features, training_days=180 | threshold=0.516 | labels: 1161 long, 1007 short (54/46%)
    [trial 16] Sharpe=0.0279 (folds: 0.2280, -0.0286, 0.0635, -0.0534, -0.0700)
    [trial 17] 47 features, training_days=330 | threshold=0.625 | labels: 1161 long, 1007 short (54/46%)
    [trial 17] Sharpe=0.0450 (folds: 0.1878, 0.0405, 0.1845, -0.1151, -0.0729)
  Optuna: 18 trials, best Sharpe = 0.0633
  Best params: n_estimators=135, max_depth=3, lr=0.0259, leaves=17
  Best confidence_threshold: 0.504
  Best training_days: 350
  Retrained on full data (1050 samples, 47 features)
  OOD: 16 features, cutoff (q=0.7) = 9.30
  Model trained for 2022-09: 90 test candles with features, confidence_threshold=0.583
[trade:close] 2022-09-05 08:00 BTCUSDT LONG → timeout @ 19739.90 | PnL=-0.73% (net -0.83%) | cum=+0.79% 2022-09=-0.83% 2022-09-05=-0.83%
[predict] 2022-09-06 00:00 BTCUSDT → LONG (proba=0.73 TP=7.0%/SL=3.5%)
[trade:open] 2022-09-06 07:59 BTCUSDT LONG @ 19900.70 | SL=19204.86 TP=21292.38 | timeout=2022-09-13 07:59
[trade:close] 2022-09-06 23:59 BTCUSDT LONG → stop_loss @ 19204.86 | PnL=-3.50% (net -3.60%) | cum=-2.80% 2022-09=-4.43% 2022-09-06=-3.60%
[predict] 2022-09-07 16:00 BTCUSDT → SHORT (proba=0.85 TP=8.4%/SL=4.2%)
[trade:open] 2022-09-07 23:59 BTCUSDT SHORT @ 19287.00 | SL=20096.16 TP=17668.68 | timeout=2022-09-14 23:59
[trade:close] 2022-09-09 07:59 BTCUSDT SHORT → stop_loss @ 20096.16 | PnL=-4.20% (net -4.30%) | cum=-7.10% 2022-09=-8.72% 2022-09-09=-4.30%
[predict] 2022-09-12 08:00 BTCUSDT → SHORT (proba=0.78 TP=8.3%/SL=4.2%)
[trade:open] 2022-09-12 15:59 BTCUSDT SHORT @ 22106.00 | SL=23025.64 TP=20266.73 | timeout=2022-09-19 15:59
[trade:close] 2022-09-13 23:59 BTCUSDT SHORT → take_profit @ 20266.73 | PnL=+8.32% (net +8.22%) | cum=+1.12% 2022-09=-0.50% 2022-09-13=+8.22%
[predict] 2022-09-16 08:00 BTCUSDT → SHORT (proba=0.76 TP=10.5%/SL=5.3%)
[trade:open] 2022-09-16 15:59 BTCUSDT SHORT @ 19653.30 | SL=20686.97 TP=17585.97 | timeout=2022-09-23 15:59
[trade:close] 2022-09-23 16:00 BTCUSDT SHORT → timeout @ 18704.40 | PnL=+4.83% (net +4.73%) | cum=+5.85% 2022-09=+4.23% 2022-09-23=+4.73%
[predict] 2022-09-24 08:00 BTCUSDT → SHORT (proba=0.58 TP=11.5%/SL=5.7%)
[trade:open] 2022-09-24 15:59 BTCUSDT SHORT @ 19115.20 | SL=20213.46 TP=16918.69 | timeout=2022-10-01 15:59
[trade:close] 2022-09-27 07:59 BTCUSDT SHORT → stop_loss @ 20213.46 | PnL=-5.75% (net -5.85%) | cum=+0.00% 2022-09=-1.62% 2022-09-27=-5.85%
[predict] 2022-09-28 00:00 BTCUSDT → LONG (proba=0.61 TP=11.7%/SL=5.8%)
[trade:open] 2022-09-28 07:59 BTCUSDT LONG @ 18770.60 | SL=17674.89 TP=20962.02 | timeout=2022-10-05 07:59
[lgbm] === Training for 2022-10 ===
  Train window: 2020-10-01 → 2022-09-23
  2168 training samples from 1 symbols
  Samples per month: 2020-10: 93, 2020-11: 90, 2020-12: 93, 2021-01: 93, 2021-02: 84, 2021-03: 93, 2021-04: 90, 2021-05: 93, 2021-06: 90, 2021-07: 93, 2021-08: 93, 2021-09: 90, 2021-10: 93, 2021-11: 90, 2021-12: 93, 2022-01: 93, 2022-02: 84, 2022-03: 93, 2022-04: 90, 2022-05: 93, 2022-06: 90, 2022-07: 93, 2022-08: 93, 2022-09: 68
  [label] 2020-12-01 16:00 BTCUSDT entry=18772.7000 → SHORT | long=timeout(-2.52%) short=timeout(+2.32%) | scanned=22 | no_tp→fwd_return=-2.4151
  [label] 2020-12-03 16:00 BTCUSDT entry=19434.3000 → SHORT | long=sl(-6.16%) short=timeout(+5.98%) | scanned=22 | no_tp→fwd_return=-6.0758
  [label] 2020-12-07 16:00 BTCUSDT entry=19172.8800 → LONG | long=sl(-4.34%) short=timeout(-0.61%) | scanned=22 | no_tp→fwd_return=+0.5102
  [label] 2021-01-01 08:00 BTCUSDT entry=29210.8400 → LONG | long=tp(+12.58%) short=sl(-6.44%) | scanned=4 | long_tp_only[I 2026-06-01 14:57:02,631] A new study created in memory with name: no-name-f8ef6560-4077-4e87-95a0-439d3a5bebef
[I 2026-06-01 14:57:02,940] Trial 0 finished with value: 0.013910049099409372 and parameters: {'confidence_threshold': 0.6310890415965769, 'training_days': 480, 'n_estimators': 380, 'max_depth': 4, 'num_leaves': 22, 'learning_rate': 0.01699897838270077, 'subsample': 0.5290418060840998, 'colsample_bytree': 0.9330880728874675, 'min_child_samples': 68, 'reg_alpha': 0.023585940584142682, 'reg_lambda': 1.5320059381854043e-08}. Best is trial 0 with value: 0.013910049099409372.
[I 2026-06-01 14:57:03,056] Trial 1 finished with value: -2.080057823025146 and parameters: {'confidence_threshold': 0.839468448256698, 'training_days': 420, 'n_estimators': 145, 'max_depth': 3, 'num_leaves': 23, 'learning_rate': 0.028145092716060652, 'subsample': 0.762378215816119, 'colsample_bytree': 0.7159725093210578, 'min_child_samples': 43, 'reg_alpha': 0.0032112643094417484, 'reg_lambda': 1.8007140198129195e-07}. Best is trial 0 with value: 0.013910049099409372.
[I 2026-06-01 14:57:03,192] Trial 2 finished with value: -0.06726706172161653 and parameters: {'confidence_threshold': 0.6022506269873263, 'training_days': 190, 'n_estimators': 255, 'max_depth': 5, 'num_leaves': 24, 'learning_rate': 0.05748924681991978, 'subsample': 0.7962072844310213, 'colsample_bytree': 0.5232252063599989, 'min_child_samples': 69, 'reg_alpha': 3.425445902633376e-07, 'reg_lambda': 3.850031979199519e-08}. Best is trial 0 with value: 0.013910049099409372.
[I 2026-06-01 14:57:03,438] Trial 3 finished with value: -0.04566138895978124 and parameters: {'confidence_threshold': 0.8321099380386666, 'training_days': 490, 'n_estimators': 414, 'max_depth': 3, 'num_leaves': 19, 'learning_rate': 0.1024932221692416, 'subsample': 0.7200762468698007, 'colsample_bytree': 0.5610191174223894, 'min_child_samples': 60, 'reg_alpha': 2.039373116525212e-08, 'reg_lambda': 1.527156759251193}. Best is trial 0 with value: 0.013910049099409372.
[I 2026-06-01 14:57:03,579] Trial 4 finished with value: 0.009363432439782621 and parameters: {'confidence_threshold': 0.5905729935600059, 'training_days': 340, 'n_estimators': 190, 'max_depth': 4, 'num_leaves': 41, 'learning_rate': 0.01875220945578641, 'subsample': 0.9847923138822793, 'colsample_bytree': 0.8875664116805573, 'min_child_samples': 96, 'reg_alpha': 1.1309571585271483, 'reg_lambda': 0.002404915432737351}. Best is trial 0 with value: 0.013910049099409372.
[I 2026-06-01 14:57:03,615] Trial 5 finished with value: 0.09127916726553525 and parameters: {'confidence_threshold': 0.8226559822580909, 'training_days': 50, 'n_estimators': 138, 'max_depth': 3, 'num_leaves': 30, 'learning_rate': 0.03750796359625606, 'subsample': 0.6356745158869479, 'colsample_bytree': 0.9143687545759647, 'min_child_samples': 48, 'reg_alpha': 3.376063348877853e-06, 'reg_lambda': 0.0007660634613082914}. Best is trial 5 with value: 0.09127916726553525.
[I 2026-06-01 14:57:03,718] Trial 6 finished with value: 0.027755675090940585 and parameters: {'confidence_threshold': 0.5493234787411669, 'training_days': 410, 'n_estimators': 83, 'max_depth': 5, 'num_leaves': 52, 'learning_rate': 0.019657448966046126, 'subsample': 0.5027610585618012, 'colsample_bytree': 0.9077307142274171, 'min_child_samples': 77, 'reg_alpha': 0.03639690979811287, 'reg_lambda': 0.08738424135626986}. Best is trial 5 with value: 0.09127916726553525.
[I 2026-06-01 14:57:03,811] Trial 7 finished with value: -0.0774149076450604 and parameters: {'confidence_threshold': 0.5259156281069316, 'training_days': 180, 'n_estimators': 102, 'max_depth': 5, 'num_leaves': 45, 'learning_rate': 0.030816017044468066, 'subsample': 0.5317791751430119, 'colsample_bytree': 0.6554911608578311, 'min_child_samples': 46, 'reg_alpha': 0.036851536911881845, 'reg_lambda': 0.005470376807480391}. Best is trial 5 with value: 0.09127916726553525.
[I 2026-06-01 14:57:03,904] Trial 8 finished with value: 0.008328263308780762 and parameters: {'confidence_threshold': 0.8105244599017143, 'training_days': 240, 'n_estimators': 103, 'max_depth': 5, 'num_leaves': 52, 'learning_rate': 0.06746437142284309, 'subsample': 0.8854835899772805, 'colsample_bytree': 0.7468977981821954, 'min_child_samples': 62, 'reg_alpha': 7.04480806377519e-05, 'reg_lambda': 1.6934490731313353e-08}. Best is trial 5 with value: 0.09127916726553525.
[I 2026-06-01 14:57:03,925] Trial 9 finished with value: 0.010026565959081302 and parameters: {'confidence_threshold': 0.5377619994476566, 'training_days': 20, 'n_estimators': 337, 'max_depth': 3, 'num_leaves': 39, 'learning_rate': 0.21907142272152816, 'subsample': 0.6246461145744375, 'colsample_bytree': 0.7051914615178149, 'min_child_samples': 81, 'reg_alpha': 1.1459970229341322e-06, 'reg_lambda': 4.929685216887945e-08}. Best is trial 5 with value: 0.09127916726553525.
[I 2026-06-01 14:57:03,957] Trial 10 finished with value: -3.9957132795469428 and parameters: {'confidence_threshold': 0.7318981109748116, 'training_days': 10, 'n_estimators': 487, 'max_depth': 4, 'num_leaves': 31, 'learning_rate': 0.14704103471568217, 'subsample': 0.628963476300746, 'colsample_bytree': 0.987470107623585, 'min_child_samples': 25, 'reg_alpha': 2.608784411827665e-05, 'reg_lambda': 3.3639426888455256e-06}. Best is trial 5 with value: 0.09127916726553525.
[I 2026-06-01 14:57:03,999] Trial 11 finished with value: -3.7677335485953796 and parameters: {'confidence_threshold': 0.7161090655475574, 'training_days': 110, 'n_estimators': 65, 'max_depth': 4, 'num_leaves': 60, 'learning_rate': 0.011154303114805692, 'subsample': 0.6290161990788976, 'colsample_bytree': 0.8438489693453172, 'min_child_samples': 92, 'reg_alpha': 1.6115749528927317, 'reg_lambda': 0.5855213887055177}. Best is trial 5 with value: 0.09127916726553525.
[I 2026-06-01 14:57:04,163] Trial 12 finished with value: 0.030644359736353 and parameters: {'confidence_threshold': 0.7456670193224102, 'training_days': 340, 'n_estimators': 206, 'max_depth': 3, 'num_leaves': 33, 'learning_rate': 0.03208899494279826, 'subsample': 0.5222281423323654, 'colsample_bytree': 0.8304278626461432, 'min_child_samples': 45, 'reg_alpha': 0.0006941608047409722, 'reg_lambda': 5.899790100111974e-05}. Best is trial 5 with value: 0.09127916726553525.
[I 2026-06-01 14:57:04,319] Trial 13 finished with value: 0.04895106624172606 and parameters: {'confidence_threshold': 0.7624124070703755, 'training_days': 300, 'n_estimators': 218, 'max_depth': 3, 'num_leaves': 35, 'learning_rate': 0.04342469449614958, 'subsample': 0.5979644942759227, 'colsample_bytree': 0.8155421717694826, 'min_child_samples': 43, 'reg_alpha': 4.9164566205838954e-06, 'reg_lambda': 2.915487126448182e-05}. Best is trial 5 with value: 0.09127916726553525.
[I 2026-06-01 14:57:04,450] Trial 14 finished with value: 0.06648303630221472 and parameters: {'confidence_threshold': 0.7871652886153421, 'training_days': 90, 'n_estimators': 264, 'max_depth': 3, 'num_leaves': 31, 'learning_rate': 0.045979036743030444, 'subsample': 0.6687637587295262, 'colsample_bytree': 0.8006409759574673, 'min_child_samples': 29, 'reg_alpha': 2.670693886528206e-06, 'reg_lambda': 1.0630220604387046e-05}. Best is trial 5 with value: 0.09127916726553525.
[I 2026-06-01 14:57:04,591] Trial 15 finished with value: 0.00929682639109573 and parameters: {'confidence_threshold': 0.7897255408101392, 'training_days': 90, 'n_estimators': 280, 'max_depth': 3, 'num_leaves': 28, 'learning_rate': 0.07973853439670876, 'subsample': 0.6943845973931931, 'colsample_bytree': 0.9550184478243724, 'min_child_samples': 21, 'reg_alpha': 5.1605174394468703e-08, 'reg_lambda': 1.7123908401679198e-06}. Best is trial 5 with value: 0.09127916726553525.
[I 2026-06-01 14:57:04,720] Trial 16 finished with value: 0.06810697268976128 and parameters: {'confidence_threshold': 0.6760523483882178, 'training_days': 90, 'n_estimators': 293, 'max_depth': 3, 'num_leaves': 16, 'learning_rate': 0.04297905455669015, 'subsample': 0.8105395226095078, 'colsample_bytree': 0.7895188207605416, 'min_child_samples': 34, 'reg_alpha': 6.753234717990555e-06, 'reg_lambda': 0.0006933537504586584}. Best is trial 5 with value: 0.09127916726553525.
[I 2026-06-01 14:57:04,945] Trial 17 finished with value: -0.029406507520025438 and parameters: {'confidence_threshold': 0.6755099553978283, 'training_days': 150, 'n_estimators': 341, 'max_depth': 4, 'num_leaves': 15, 'learning_rate': 0.14168046193643383, 'subsample': 0.8366733523272174, 'colsample_bytree': 0.6482039557715181, 'min_child_samples': 34, 'reg_alpha': 4.717889691800981e-05, 'reg_lambda': 0.000764180383064091}. Best is trial 5 with value: 0.09127916726553525.
[I 2026-06-01 14:57:05,092] A new study created in memory with name: no-name-0f510bf2-77d3-4f9f-beff-e1b259c07db2
[I 2026-06-01 14:57:05,186] Trial 0 finished with value: -0.01982128671411696 and parameters: {'confidence_threshold': 0.7437642149592516, 'training_days': 150, 'n_estimators': 152, 'max_depth': 4, 'num_leaves': 50, 'learning_rate': 0.04216766425047743, 'subsample': 0.9903820991923078, 'colsample_bytree': 0.8424148692924316, 'min_child_samples': 58, 'reg_alpha': 3.381097259762742e-05, 'reg_lambda': 1.2263152961306247e-05}. Best is trial 0 with value: -0.01982128671411696.
[I 2026-06-01 14:57:05,259] Trial 1 finished with value: 0.05741609265787245 and parameters: {'confidence_threshold': 0.7551673975844145, 'training_days': 220, 'n_estimators': 76, 'max_depth': 4, 'num_leaves': 51, 'learning_rate': 0.018602118810743477, 'subsample': 0.5877258780737462, 'colsample_bytree': 0.7657756869209191, 'min_child_samples': 63, 'reg_alpha': 0.005123994170264194, 'reg_lambda': 0.44145470178120466}. Best is trial 1 with value: 0.05741609265787245.
[I 2026-06-01 14:57:05,513] Trial 2 finished with value: 0.05090613548184636 and parameters: {'confidence_threshold': 0.7535593637012223, 'training_days': 310, 'n_estimators': 375, 'max_depth': 3, 'num_leaves': 32, 'learning_rate': 0.021735641882032388, 'subsample': 0.6468570231944146, 'colsample_bytree': 0.8154880619272439, 'min_child_samples': 27, 'reg_alpha': 8.004064028491336e-05, 'reg_lambda': 7.546835261630524e-05}. Best is trial 1 with value: 0.05741609265787245.
[I 2026-06-01 14:57:05,671] Trial 3 finished with value: -0.06275400719472414 and parameters: {'confidence_threshold': 0.6727897841776072, 'training_days': 220, 'n_estimators': 190, 'max_depth': 4, 'num_leaves': 58, 'learning_rate': 0.24810689332636193, 'subsample': 0.7509183379421682, 'colsample_bytree': 0.8119764758960556, 'min_child_samples': 29, 'reg_alpha': 7.1708285081421445e-06, 'reg_lambda': 5.412973582738627e-05}. Best is trial 1 with value: 0.05741609265787245.
[I 2026-06-01 14:57:05,791] Trial 4 finished with value: -0.04424791549582197 and parameters: {'confidence_threshold': 0.803208205259178, 'training_days': 130, 'n_estimators': 267, 'max_depth': 5, 'num_leaves': 40, 'learning_rate': 0.08041175317374143, 'subsample': 0.5603143329951619, 'colsample_bytree': 0.9131704002534167, 'min_child_samples': 68, 'reg_alpha': 0.0008046593428183385, 'reg_lambda': 1.2158346158765583e-05}. Best is trial 1 with value: 0.05741609265787245.
[I 2026-06-01 14:57:06,016] Trial 5 finished with value: -0.025066765246504842 and parameters: {'confidence_threshold': 0.6064422761595144, 'training_days': 210, 'n_estimators': 357, 'max_depth': 5, 'num_leaves': 40, 'learning_rate': 0.0974221287220869, 'subsample': 0.7929682762811064, 'colsample_bytree': 0.8124517510478, 'min_child_samples': 74, 'reg_alpha': 0.3811377260781234, 'reg_lambda': 5.607314238392041e-08}. Best is trial 1 with value: 0.05741609265787245.
