[I 2026-06-01 14:56:35,877] Trial 9 finished with value: 0.042065828832424046 and parameters: {'confidence_threshold': 0.6202096049169137, 'training_days': 260, 'n_estimators': 350, 'max_depth': 3, 'num_leaves': 21, 'learning_rate': 0.02989540198065364, 'subsample': 0.8307821683331218, 'colsample_bytree': 0.923253112635361, 'min_child_samples': 64, 'reg_alpha': 0.4898604619604203, 'reg_lambda': 2.9076377687066166e-05}. Best is trial 5 with value: 0.056896925404482476.
[I 2026-06-01 14:56:36,225] Trial 10 finished with value: 0.01585297241212691 and parameters: {'confidence_threshold': 0.5342665212695602, 'training_days': 470, 'n_estimators': 493, 'max_depth': 5, 'num_leaves': 63, 'learning_rate': 0.010221918552934462, 'subsample': 0.9166551855891288, 'colsample_bytree': 0.6202684210924141, 'min_child_samples': 99, 'reg_alpha': 2.371385268938747e-08, 'reg_lambda': 8.795022395727933e-08}. Best is trial 5 with value: 0.056896925404482476.
[I 2026-06-01 14:56:36,494] Trial 11 finished with value: 0.04396307418323946 and parameters: {'confidence_threshold': 0.6332172030915592, 'training_days': 340, 'n_estimators': 477, 'max_depth': 3, 'num_leaves': 20, 'learning_rate': 0.036526978794621294, 'subsample': 0.8648160383699911, 'colsample_bytree': 0.6778283959364831, 'min_child_samples': 76, 'reg_alpha': 6.114661601749046, 'reg_lambda': 0.009497899016907575}. Best is trial 5 with value: 0.056896925404482476.
[I 2026-06-01 14:56:36,726] Trial 12 finished with value: 0.06985089362062662 and parameters: {'confidence_threshold': 0.66034247783242, 'training_days': 360, 'n_estimators': 498, 'max_depth': 5, 'num_leaves': 28, 'learning_rate': 0.11207472241355503, 'subsample': 0.8941395335595879, 'colsample_bytree': 0.6669454130036883, 'min_child_samples': 78, 'reg_alpha': 6.210448045058425, 'reg_lambda': 0.01084372726914563}. Best is trial 12 with value: 0.06985089362062662.
[I 2026-06-01 14:56:37,062] Trial 13 finished with value: 0.045059108853960875 and parameters: {'confidence_threshold': 0.6751070058264258, 'training_days': 400, 'n_estimators': 439, 'max_depth': 5, 'num_leaves': 31, 'learning_rate': 0.11226717375481426, 'subsample': 0.9334407092314168, 'colsample_bytree': 0.5443982906148261, 'min_child_samples': 81, 'reg_alpha': 0.1635186738615608, 'reg_lambda': 0.21775111652651932}. Best is trial 12 with value: 0.06985089362062662.
[I 2026-06-01 14:56:37,094] Trial 14 finished with value: -3.985988289541575 and parameters: {'confidence_threshold': 0.6917830238002126, 'training_days': 20, 'n_estimators': 276, 'max_depth': 5, 'num_leaves': 40, 'learning_rate': 0.1362261525542633, 'subsample': 0.7204416227477246, 'colsample_bytree': 0.6937299455622933, 'min_child_samples': 49, 'reg_alpha': 2.84652550119345, 'reg_lambda': 0.0038081143008355752}. Best is trial 12 with value: 0.06985089362062662.
[I 2026-06-01 14:56:37,537] Trial 15 finished with value: 0.03018313462934925 and parameters: {'confidence_threshold': 0.5026055290809989, 'training_days': 410, 'n_estimators': 434, 'max_depth': 5, 'num_leaves': 28, 'learning_rate': 0.08877084416799229, 'subsample': 0.8966418548807951, 'colsample_bytree': 0.5093920150666754, 'min_child_samples': 46, 'reg_alpha': 0.06528179832605202, 'reg_lambda': 4.390965450149664}. Best is trial 12 with value: 0.06985089362062662.
[I 2026-06-01 14:56:37,748] Trial 16 finished with value: 0.0410285945502236 and parameters: {'confidence_threshold': 0.5790917025596629, 'training_days': 310, 'n_estimators': 291, 'max_depth': 5, 'num_leaves': 25, 'learning_rate': 0.0541908949477004, 'subsample': 0.9695198462011495, 'colsample_bytree': 0.7249377914937623, 'min_child_samples': 93, 'reg_alpha': 0.025899529045823516, 'reg_lambda': 5.124992386320148e-07}. Best is trial 12 with value: 0.06985089362062662.

  [label] 2022-03-09 08:00 BTCUSDT entry=42509.0000 → SHORT | long=sl(-6.13%) short=timeout(+4.37%) | scanned=22 | no_tp→fwd_return=-4.4696
  [label] 2022-06-03 08:00 BTCUSDT entry=29486.7000 → SHORT | long=timeout(-0.26%) short=sl(-5.20%) | scanned=22 | no_tp→fwd_return=-0.1645
  Labels: 1174 long (54.2%), 994 short (45.8%) | weights: min=1.00, mean=3.53, max=10.00
  Features: 2168/2168 matched, 47 columns
  CV gap: 22 rows
  [ensemble 1/3] seed=42
    [trial 0] 47 features, training_days=480 | threshold=0.631 | labels: 1174 long, 994 short (54/46%)
    [CV fold 0] train_end=2020-10-22 08:00 | val_start=2020-10-30 00:00 | gap=184h (22 rows)
    [CV fold 1] train_end=2021-02-19 16:00 | val_start=2021-02-27 08:00 | gap=184h (22 rows)
    [CV fold 2] train_end=2021-06-20 00:00 | val_start=2021-06-27 16:00 | gap=184h (22 rows)
    [CV fold 3] train_end=2021-10-18 08:00 | val_start=2021-10-26 00:00 | gap=184h (22 rows)
    [CV fold 4] train_end=2022-02-15 16:00 | val_start=2022-02-23 08:00 | gap=184h (22 rows)
    [trial 0] Sharpe=0.0345 (folds: 0.1490, -0.1561, 0.4056, -0.0778, -0.1480)
    [trial 1] 47 features, training_days=420 | threshold=0.839 | labels: 1174 long, 994 short (54/46%)
    [trial 1] Sharpe=-1.9773 (folds: 0.2606, 0.1690, 0.1130, -0.4293, -10.0000)
    [trial 2] 47 features, training_days=190 | threshold=0.602 | labels: 1174 long, 994 short (54/46%)
    [trial 2] Sharpe=0.0302 (folds: 0.1697, -0.1831, 0.2706, -0.0789, -0.0274)
    [trial 3] 47 features, training_days=490 | threshold=0.832 | labels: 1174 long, 994 short (54/46%)
    [trial 3] Sharpe=0.0066 (folds: 0.1661, -0.2027, 0.4174, -0.1667, -0.1814)
    [trial 4] 47 features, training_days=340 | threshold=0.591 | labels: 1174 long, 994 short (54/46%)
    [trial 4] Sharpe=0.0561 (folds: 0.1406, -0.1382, 0.3939, -0.0805, -0.0351)
    [trial 5] 47 features, training_days=50 | threshold=0.823 | labels: 1174 long, 994 short (54/46%)
    [trial 5] Sharpe=-1.9048 (folds: 0.2699, -0.3093, -10.0000, 0.3344, 0.1808)
    [trial 6] 47 features, training_days=410 | threshold=0.549 | labels: 1174 long, 994 short (54/46%)
    [trial 6] Sharpe=0.0678 (folds: 0.1188, -0.0715, 0.3696, 0.0037, -0.0817)
    [trial 7] 47 features, training_days=180 | threshold=0.526 | labels: 1174 long, 994 short (54/46%)
    [trial 7] Sharpe=0.0098 (folds: 0.0649, -0.1564, 0.2371, -0.0556, -0.0410)
    [trial 8] 47 features, training_days=240 | threshold=0.811 | labels: 1174 long, 994 short (54/46%)
    [trial 8] Sharpe=0.0378 (folds: 0.1716, -0.1856, 0.4283, -0.0988, -0.1264)
    [trial 9] 47 features, training_days=20 | threshold=0.538 | labels: 1174 long, 994 short (54/46%)
    [trial 9] Sharpe=-0.0369 (folds: 0.4351, -0.1077, -0.3747, -0.2574, 0.1202)
    [trial 10] 47 features, training_days=350 | threshold=0.738 | labels: 1174 long, 994 short (54/46%)
    [trial 10] Sharpe=0.0787 (folds: 0.2207, -0.1614, 0.4451, -0.0123, -0.0987)
    [trial 11] 47 features, training_days=340 | threshold=0.716 | labels: 1174 long, 994 short (54/46%)
    [trial 11] Sharpe=0.0966 (folds: 0.3435, -0.1901, 0.4428, -0.0435, -0.0696)
    [trial 12] 47 features, training_days=320 | threshold=0.730 | labels: 1174 long, 994 short (54/46%)
    [trial 12] Sharpe=0.0739 (folds: 0.3006, -0.1856, 0.4215, -0.0435, -0.1233)
    [trial 13] 47 features, training_days=320 | threshold=0.720 | labels: 1174 long, 994 short (54/46%)
    [trial 13] Sharpe=0.0709 (folds: 0.2508, -0.1418, 0.4799, -0.0817, -0.1524)
    [trial 14] 47 features, training_days=380 | threshold=0.747 | labels: 1174 long, 994 short (54/46%)
    [trial 14] Sharpe=0.0493 (folds: 0.2722, -0.1785, 0.4167, -0.0786, -0.1852)
    [trial 15] 47 features, training_days=250 | threshold=0.675 | labels: 1174 long, 994 short (54/46%)
    [trial 15] Sharpe=0.0159 (folds: 0.1091, -0.1940, 0.3105, -0.0344, -0.1116)
    [trial 16] 47 features, training_days=290 | threshold=0.777 | labels: 1174 long, 994 short (54/46%)
    [trial 16] Sharpe=0.0240 (folds: 0.2264, -0.1296, 0.4154, -0.1272, -0.2650)
    [trial 17] 47 features, training_days=150 | threshold=0.683 | labels: 1174 long, 994 short (54/46%)
    [trial 17] Sharpe=-0.0174 (folds: 0.1427, -0.1087, 0.1101, -0.1422, -0.0887)
  Optuna: 18 trials, best Sharpe = 0.0966
  Best params: n_estimators=469, max_depth=5, lr=0.0104, leaves=62
  Best confidence_threshold: 0.716
  Best training_days: 340
  Retrained on full data (1020 samples, 47 features)
  [ensemble 2/3] seed=123
    [trial 0] 47 features, training_days=150 | threshold=0.744 | labels: 1174 long, 994 short (54/46%)
    [CV fold 0] train_end=2020-10-22 08:00 | val_start=2020-10-30 00:00 | gap=184h (22 rows)
    [CV fold 1] train_end=2021-02-19 16:00 | val_start=2021-02-27 08:00 | gap=184h (22 rows)
    [CV fold 2] train_end=2021-06-20 00:00 | val_start=2021-06-27 16:00 | gap=184h (22 rows)
    [CV fold 3] train_end=2021-10-18 08:00 | val_start=2021-10-26 00:00 | gap=184h (22 rows)
    [CV fold 4] train_end=2022-02-15 16:00 | val_start=2022-02-23 08:00 | gap=184h (22 rows)
    [trial 0] Sharpe=0.0317 (folds: 0.0751, -0.0201, 0.2617, 0.0243, -0.1823)
    [trial 1] 47 features, training_days=220 | threshold=0.755 | labels: 1174 long, 994 short (54/46%)
    [trial 1] Sharpe=0.0295 (folds: 0.3353, -0.0189, 0.3843, -0.2210, -0.3320)
    [trial 2] 47 features, training_days=310 | threshold=0.754 | labels: 1174 long, 994 short (54/46%)
    [trial 2] Sharpe=0.0124 (folds: 0.1544, -0.1476, 0.4213, -0.1422, -0.2240)
    [trial 3] 47 features, training_days=220 | threshold=0.673 | labels: 1174 long, 994 short (54/46%)
    [trial 3] Sharpe=0.0270 (folds: 0.1479, -0.0471, 0.3032, -0.1182, -0.1511)
    [trial 4] 47 features, training_days=130 | threshold=0.803 | labels: 1174 long, 994 short (54/46%)
    [trial 4] Sharpe=-0.0420 (folds: 0.2077, -0.0741, -0.1859, -0.0178, -0.1399)
    [trial 5] 47 features, training_days=210 | threshold=0.606 | labels: 1174 long, 994 short (54/46%)
    [trial 5] Sharpe=0.0569 (folds: 0.1710, -0.1479, 0.2813, -0.0335, 0.0137)
    [trial 6] 47 features, training_days=130 | threshold=0.767 | labels: 1174 long, 994 short (54/46%)
    [trial 6] Sharpe=-0.0815 (folds: 0.1143, -0.1407, -0.2203, -0.0685, -0.0924)
    [trial 7] 47 features, training_days=80 | threshold=0.556 | labels: 1174 long, 994 short (54/46%)
    [trial 7] Sharpe=0.0052 (folds: 0.0794, -0.0035, 0.0127, 0.0481, -0.1107)
    [trial 8] 47 features, training_days=200 | threshold=0.607 | labels: 1174 long, 994 short (54/46%)
    [trial 8] Sharpe=0.0262 (folds: 0.1316, -0.0739, 0.1966, -0.0296, -0.0939)
    [trial 9] 47 features, training_days=260 | threshold=0.620 | labels: 1174 long, 994 short (54/46%)
    [trial 9] Sharpe=0.0421 (folds: 0.1468, -0.1713, 0.2793, 0.0245, -0.0690)
    [trial 10] 47 features, training_days=470 | threshold=0.534 | labels: 1174 long, 994 short (54/46%)
    [trial 10] Sharpe=0.0159 (folds: 0.1312, -0.2132, 0.3858, -0.0454, -0.1792)
    [trial 11] 47 features, training_days=340 | threshold=0.633 | labels: 1174 long, 994 short (54/46%)
    [trial 11] Sharpe=0.0440 (folds: 0.1800, -0.1842, 0.3867, -0.1248, -0.0379)
    [trial 12] 47 features, training_days=360 | threshold=0.660 | labels: 1174 long, 994 short (54/46%)
    [trial 12] Sharpe=0.0699 (folds: 0.2461, -0.1781, 0.3836, -0.0672, -0.0353)
    [trial 13] 47 features, training_days=400 | threshold=0.675 | labels: 1174 long, 994 short (54/46%)
    [trial 13] Sharpe=0.0451 (folds: 0.2791, -0.2741, 0.3444, -0.0788, -0.0454)
    [trial 14] 47 features, training_days=20 | threshold=0.692 | labels: 1174 long, 994 short (54/46%)
    [trial 14] Sharpe=-3.9860 (folds: 0.4351, -0.1077, -10.0000, -0.2574, -10.0000)
    [trial 15] 47 features, training_days=410 | threshold=0.503 | labels: 1174 long, 994 short (54/46%)
    [trial 15] Sharpe=0.0302 (folds: 0.1175, -0.1409, 0.3418, -0.1184, -0.0491)
    [trial 16] 47 features, training_days=310 | threshold=0.579 | labels: 1174 long, 994 short (54/46%)
    [trial 16] Sharpe=0.0410 (folds: 0.2530, -0.2271, 0.2970, -0.0835, -0.0344)
    [trial 17] 47 features, training_days=490 | threshold=0.708 | labels: 1174 long, 994 short (54/46%)
    [trial 17] Sharpe=0.0366 (folds: 0.2076, -0.1792, 0.3574, -0.0656, -0.1374)[I 2026-06-01 14:56:38,064] Trial 17 finished with value: 0.036566575647244824 and parameters: {'confidence_threshold': 0.7083504317363137, 'training_days': 490, 'n_estimators': 428, 'max_depth': 4, 'num_leaves': 37, 'learning_rate': 0.1612932586305445, 'subsample': 0.7877648606809954, 'colsample_bytree': 0.6042669130757778, 'min_child_samples': 77, 'reg_alpha': 0.93444669992607, 'reg_lambda': 0.0667666797101185}. Best is trial 12 with value: 0.06985089362062662.
[I 2026-06-01 14:56:38,267] A new study created in memory with name: no-name-7cfb549b-3623-4440-a882-ba6cdc0b7120
[I 2026-06-01 14:56:38,476] Trial 0 finished with value: -0.05258851005274129 and parameters: {'confidence_threshold': 0.5870645682749857, 'training_days': 90, 'n_estimators': 403, 'max_depth': 5, 'num_leaves': 45, 'learning_rate': 0.0780457193679974, 'subsample': 0.9428509515574568, 'colsample_bytree': 0.8795587339164916, 'min_child_samples': 34, 'reg_alpha': 2.2465901234314442e-07, 'reg_lambda': 8.339007036475363e-05}. Best is trial 0 with value: -0.05258851005274129.
[I 2026-06-01 14:56:38,586] Trial 1 finished with value: 0.05015031512318877 and parameters: {'confidence_threshold': 0.6348453934275313, 'training_days': 290, 'n_estimators': 115, 'max_depth': 5, 'num_leaves': 37, 'learning_rate': 0.06949568759029946, 'subsample': 0.8228505074024268, 'colsample_bytree': 0.8616703220431751, 'min_child_samples': 75, 'reg_alpha': 4.2486822725010923e-07, 'reg_lambda': 1.157247767047042e-07}. Best is trial 1 with value: 0.05015031512318877.
[I 2026-06-01 14:56:38,603] Trial 2 finished with value: -0.1905081748831463 and parameters: {'confidence_threshold': 0.5849570384370288, 'training_days': 10, 'n_estimators': 212, 'max_depth': 3, 'num_leaves': 41, 'learning_rate': 0.18452095998378365, 'subsample': 0.6001060822924371, 'colsample_bytree': 0.5673167293506167, 'min_child_samples': 37, 'reg_alpha': 5.733250064217131, 'reg_lambda': 0.5308454292595461}. Best is trial 1 with value: 0.05015031512318877.
[I 2026-06-01 14:56:38,680] Trial 3 finished with value: 0.04170962222174523 and parameters: {'confidence_threshold': 0.6868248626683718, 'training_days': 220, 'n_estimators': 134, 'max_depth': 3, 'num_leaves': 45, 'learning_rate': 0.033529007907491595, 'subsample': 0.8647277071858408, 'colsample_bytree': 0.778494116634046, 'min_child_samples': 96, 'reg_alpha': 2.409409937265785e-07, 'reg_lambda': 1.1642073478060009}. Best is trial 1 with value: 0.05015031512318877.
[I 2026-06-01 14:56:38,764] Trial 4 finished with value: 0.002368031144064875 and parameters: {'confidence_threshold': 0.5623121348350352, 'training_days': 300, 'n_estimators': 69, 'max_depth': 4, 'num_leaves': 32, 'learning_rate': 0.14967629360700346, 'subsample': 0.5054535233636654, 'colsample_bytree': 0.7401385194659216, 'min_child_samples': 27, 'reg_alpha': 1.4212042567426725e-07, 'reg_lambda': 0.23605753701352003}. Best is trial 1 with value: 0.05015031512318877.
[I 2026-06-01 14:56:39,161] Trial 5 finished with value: -0.011157145064933083 and parameters: {'confidence_threshold': 0.7111850244908446, 'training_days': 490, 'n_estimators': 362, 'max_depth': 5, 'num_leaves': 40, 'learning_rate': 0.05960785724162737, 'subsample': 0.5589714368907717, 'colsample_bytree': 0.6659006943232806, 'min_child_samples': 42, 'reg_alpha': 0.6741360303045295, 'reg_lambda': 6.054601607143087e-08}. Best is trial 1 with value: 0.05015031512318877.
[I 2026-06-01 14:56:39,325] Trial 6 finished with value: 0.03612554453869814 and parameters: {'confidence_threshold': 0.667482545748023, 'training_days': 420, 'n_estimators': 279, 'max_depth': 3, 'num_leaves': 45, 'learning_rate': 0.040099592560849204, 'subsample': 0.8563114696415159, 'colsample_bytree': 0.5442917781944105, 'min_child_samples': 50, 'reg_alpha': 1.6407916423707903e-08, 'reg_lambda': 2.935907642973286e-05}. Best is trial 1 with value: 0.05015031512318877.
[I 2026-06-01 14:56:39,485] Trial 7 finished with value: -0.041045879210306994 and parameters: {'confidence_threshold': 0.5497381024139926, 'training_days': 120, 'n_estimators': 408, 'max_depth': 5, 'num_leaves': 38, 'learning_rate': 0.28049122657745795, 'subsample': 0.8806573338635493, 'colsample_bytree': 0.5454054113547102, 'min_child_samples': 63, 'reg_alpha': 0.01263008637940408, 'reg_lambda': 0.04588020805366937}. Best is trial 1 with value: 0.05015031512318877.
[I 2026-06-01 14:56:39,736] Trial 8 finished with value: 0.0013061097442668146 and parameters: {'confidence_threshold': 0.719644804808716, 'training_days': 450, 'n_estimators': 410, 'max_depth': 4, 'num_leaves': 57, 'learning_rate': 0.04022026551478857, 'subsample': 0.5336085426932707, 'colsample_bytree': 0.5705742850577543, 'min_child_samples': 100, 'reg_alpha': 5.916398047912201e-07, 'reg_lambda': 0.9794034214488329}. Best is trial 1 with value: 0.05015031512318877.
[I 2026-06-01 14:56:39,756] Trial 9 finished with value: -3.985988289541575 and parameters: {'confidence_threshold': 0.7267463643917187, 'training_days': 20, 'n_estimators': 337, 'max_depth': 5, 'num_leaves': 23, 'learning_rate': 0.022153031811454605, 'subsample': 0.6305627572358737, 'colsample_bytree': 0.6613413774216214, 'min_child_samples': 81, 'reg_alpha': 5.7638634029410314e-08, 'reg_lambda': 8.26603016764008}. Best is trial 1 with value: 0.05015031512318877.
[I 2026-06-01 14:56:39,910] Trial 10 finished with value: 0.03261266097540848 and parameters: {'confidence_threshold': 0.8398533911817929, 'training_days': 320, 'n_estimators': 181, 'max_depth': 4, 'num_leaves': 15, 'learning_rate': 0.013684491588422613, 'subsample': 0.7320664585010437, 'colsample_bytree': 0.9944479338273263, 'min_child_samples': 74, 'reg_alpha': 4.136971884522066e-05, 'reg_lambda': 1.4599322889399585e-08}. Best is trial 1 with value: 0.05015031512318877.
[I 2026-06-01 14:56:39,960] Trial 11 finished with value: 0.0755231962884043 and parameters: {'confidence_threshold': 0.6435110568867387, 'training_days': 210, 'n_estimators': 53, 'max_depth': 3, 'num_leaves': 54, 'learning_rate': 0.09545304377912815, 'subsample': 0.7822362848789972, 'colsample_bytree': 0.8566211708639163, 'min_child_samples': 100, 'reg_alpha': 2.5646023357365184e-05, 'reg_lambda': 1.8393286658602933e-06}. Best is trial 11 with value: 0.0755231962884043.
[I 2026-06-01 14:56:40,014] Trial 12 finished with value: 0.010577079557287233 and parameters: {'confidence_threshold': 0.6312717333908874, 'training_days': 220, 'n_estimators': 54, 'max_depth': 3, 'num_leaves': 63, 'learning_rate': 0.09265206884400709, 'subsample': 0.7554010767848054, 'colsample_bytree': 0.8843111708753615, 'min_child_samples': 82, 'reg_alpha': 2.8799691672879213e-05, 'reg_lambda': 1.1532086430124854e-06}. Best is trial 11 with value: 0.0755231962884043.
[I 2026-06-01 14:56:40,129] Trial 13 finished with value: 0.02466576614017974 and parameters: {'confidence_threshold': 0.5040535938350955, 'training_days': 350, 'n_estimators': 123, 'max_depth': 4, 'num_leaves': 53, 'learning_rate': 0.11842510796771445, 'subsample': 0.7418566148836822, 'colsample_bytree': 0.8717336803460861, 'min_child_samples': 67, 'reg_alpha': 8.465942575614097e-06, 'reg_lambda': 1.8799948266058237e-06}. Best is trial 11 with value: 0.0755231962884043.
[I 2026-06-01 14:56:40,333] Trial 14 finished with value: 0.057378271218653756 and parameters: {'confidence_threshold': 0.7723320301796328, 'training_days': 170, 'n_estimators': 500, 'max_depth': 4, 'num_leaves': 31, 'learning_rate': 0.06572301414583324, 'subsample': 0.7900379222047733, 'colsample_bytree': 0.988495325225795, 'min_child_samples': 89, 'reg_alpha': 0.0006732687992177285, 'reg_lambda': 0.0019530823330849093}. Best is trial 11 with value: 0.0755231962884043.
[I 2026-06-01 14:56:40,506] Trial 15 finished with value: 0.02966056124805102 and parameters: {'confidence_threshold': 0.7829525506318393, 'training_days': 150, 'n_estimators': 477, 'max_depth': 3, 'num_leaves': 27, 'learning_rate': 0.1957329220721732, 'subsample': 0.6753461092448831, 'colsample_bytree': 0.9943564365699094, 'min_child_samples': 91, 'reg_alpha': 0.002133995302102607, 'reg_lambda': 0.0026406526000485684}. Best is trial 11 with value: 0.0755231962884043.
[I 2026-06-01 14:56:40,705] Trial 16 finished with value: 0.05407803308777459 and parameters: {'confidence_threshold': 0.7809712285122007, 'training_days': 170, 'n_estimators': 478, 'max_depth': 4, 'num_leaves': 54, 'learning_rate': 0.10888957124139355, 'subsample': 0.7899987856126182, 'colsample_bytree': 0.9373223525891455, 'min_child_samples': 87, 'reg_alpha': 0.001403980970915444, 'reg_lambda': 0.000855876310048679}. Best is trial 11 with value: 0.0755231962884043.
