[I 2026-06-01 14:59:28,246] Trial 14 finished with value: -0.008159230019318809 and parameters: {'confidence_threshold': 0.6968624890517784, 'training_days': 290, 'n_estimators': 419, 'max_depth': 5, 'num_leaves': 56, 'learning_rate': 0.27607551914806794, 'subsample': 0.6612240067383277, 'colsample_bytree': 0.9951780710339017, 'min_child_samples': 28, 'reg_alpha': 0.016435092915656313, 'reg_lambda': 1.834862228450529e-06}. Best is trial 8 with value: 0.02523855811620645.
[I 2026-06-01 14:59:28,411] Trial 15 finished with value: -0.040891339488361 and parameters: {'confidence_threshold': 0.5026055290809989, 'training_days': 200, 'n_estimators': 300, 'max_depth': 4, 'num_leaves': 36, 'learning_rate': 0.12590433810309265, 'subsample': 0.507007918467014, 'colsample_bytree': 0.738971151174427, 'min_child_samples': 100, 'reg_alpha': 2.197752769017764e-08, 'reg_lambda': 3.5532501480887757}. Best is trial 8 with value: 0.02523855811620645.
[I 2026-06-01 14:59:28,612] Trial 16 finished with value: -0.007352349805217243 and parameters: {'confidence_threshold': 0.6402970181279737, 'training_days': 340, 'n_estimators': 173, 'max_depth': 4, 'num_leaves': 44, 'learning_rate': 0.19484010919105957, 'subsample': 0.8868474056204897, 'colsample_bytree': 0.8835081131605972, 'min_child_samples': 32, 'reg_alpha': 6.553288766686698e-06, 'reg_lambda': 0.0002786624127605132}. Best is trial 8 with value: 0.02523855811620645.
[I 2026-06-01 14:59:28,656] Trial 17 finished with value: -0.04475783220841062 and parameters: {'confidence_threshold': 0.5660121886257781, 'training_days': 50, 'n_estimators': 81, 'max_depth': 5, 'num_leaves': 15, 'learning_rate': 0.10843784619353589, 'subsample': 0.7880066290704743, 'colsample_bytree': 0.7882069742740347, 'min_child_samples': 49, 'reg_alpha': 7.284070645541434, 'reg_lambda': 1.1511599544966255e-07}. Best is trial 8 with value: 0.02523855811620645.
[I 2026-06-01 14:59:28,988] A new study created in memory with name: no-name-0d864c95-12a9-44ef-9c44-dae4ae741348
[I 2026-06-01 14:59:29,174] Trial 0 finished with value: -0.11327293667380567 and parameters: {'confidence_threshold': 0.5870645682749857, 'training_days': 90, 'n_estimators': 403, 'max_depth': 5, 'num_leaves': 45, 'learning_rate': 0.0780457193679974, 'subsample': 0.9428509515574568, 'colsample_bytree': 0.8795587339164916, 'min_child_samples': 34, 'reg_alpha': 2.2465901234314442e-07, 'reg_lambda': 8.339007036475363e-05}. Best is trial 0 with value: -0.11327293667380567.
[I 2026-06-01 14:59:29,288] Trial 1 finished with value: -0.012293808988207245 and parameters: {'confidence_threshold': 0.6348453934275313, 'training_days': 290, 'n_estimators': 115, 'max_depth': 5, 'num_leaves': 37, 'learning_rate': 0.06949568759029946, 'subsample': 0.8228505074024268, 'colsample_bytree': 0.8616703220431751, 'min_child_samples': 75, 'reg_alpha': 4.2486822725010923e-07, 'reg_lambda': 1.157247767047042e-07}. Best is trial 1 with value: -0.012293808988207245.
[I 2026-06-01 14:59:29,306] Trial 2 finished with value: -0.1861293008651023 and parameters: {'confidence_threshold': 0.5849570384370288, 'training_days': 10, 'n_estimators': 212, 'max_depth': 3, 'num_leaves': 41, 'learning_rate': 0.18452095998378365, 'subsample': 0.6001060822924371, 'colsample_bytree': 0.5673167293506167, 'min_child_samples': 37, 'reg_alpha': 5.733250064217131, 'reg_lambda': 0.5308454292595461}. Best is trial 1 with value: -0.012293808988207245.
[I 2026-06-01 14:59:29,382] Trial 3 finished with value: 0.01132729802914576 and parameters: {'confidence_threshold': 0.6868248626683718, 'training_days': 220, 'n_estimators': 134, 'max_depth': 3, 'num_leaves': 45, 'learning_rate': 0.033529007907491595, 'subsample': 0.8647277071858408, 'colsample_bytree': 0.778494116634046, 'min_child_samples': 96, 'reg_alpha': 2.409409937265785e-07, 'reg_lambda': 1.1642073478060009}. Best is trial 3 with value: 0.01132729802914576.
[I 2026-06-01 14:59:29,468] Trial 4 finished with value: -0.023789253815274435 and parameters: {'confidence_threshold': 0.5623121348350352, 'training_days': 300, 'n_estimators': 69, 'max_depth': 4, 'num_leaves': 32, 'learning_rate': 0.14967629360700346, 'subsample': 0.5054535233636654, 'colsample_bytree': 0.7401385194659216, 'min_child_samples': 27, 'reg_alpha': 1.4212042567426725e-07, 'reg_lambda': 0.23605753701352003}. Best is trial 3 with value: 0.01132729802914576.
[I 2026-06-01 14:59:29,875] Trial 5 finished with value: -0.03138838749930017 and parameters: {'confidence_threshold': 0.7111850244908446, 'training_days': 490, 'n_estimators': 362, 'max_depth': 5, 'num_leaves': 40, 'learning_rate': 0.05960785724162737, 'subsample': 0.5589714368907717, 'colsample_bytree': 0.6659006943232806, 'min_child_samples': 42, 'reg_alpha': 0.6741360303045295, 'reg_lambda': 6.054601607143087e-08}. Best is trial 3 with value: 0.01132729802914576.

    [trial 6] 47 features, training_days=410 | threshold=0.549 | labels: 1080 long, 1088 short (50/50%)
    [trial 6] Sharpe=-0.0039 (folds: -0.1338, -0.1946, -0.0705, 0.0073, 0.3723)
    [trial 7] 47 features, training_days=180 | threshold=0.526 | labels: 1080 long, 1088 short (50/50%)
    [trial 7] Sharpe=-0.0681 (folds: -0.1963, -0.2609, -0.0836, 0.0865, 0.1140)
    [trial 8] 47 features, training_days=240 | threshold=0.811 | labels: 1080 long, 1088 short (50/50%)
    [trial 8] Sharpe=-0.1299 (folds: -0.1585, -0.5923, -0.3510, 0.1100, 0.3422)
    [trial 9] 47 features, training_days=20 | threshold=0.538 | labels: 1080 long, 1088 short (50/50%)
    [trial 9] Sharpe=-0.1861 (folds: 0.1738, -0.3734, -0.1240, -0.1362, -0.4708)
    [trial 10] 47 features, training_days=10 | threshold=0.732 | labels: 1080 long, 1088 short (50/50%)
    [trial 10] Sharpe=-4.0842 (folds: 0.1738, -10.0000, -0.1240, -10.0000, -0.4708)
    [trial 11] 47 features, training_days=110 | threshold=0.716 | labels: 1080 long, 1088 short (50/50%)
    [trial 11] Sharpe=-8.1087 (folds: -10.0000, -10.0000, -0.5435, -10.0000, -10.0000)
    [trial 12] 47 features, training_days=340 | threshold=0.746 | labels: 1080 long, 1088 short (50/50%)
    [trial 12] Sharpe=-0.0357 (folds: -0.1283, -0.4224, -0.1212, 0.3944, 0.0994)
    [trial 13] 47 features, training_days=330 | threshold=0.663 | labels: 1080 long, 1088 short (50/50%)
    [trial 13] Sharpe=-0.0754 (folds: -0.0599, -0.2622, -0.3045, 0.1831, 0.0663)
    [trial 14] 47 features, training_days=90 | threshold=0.787 | labels: 1080 long, 1088 short (50/50%)
    [trial 14] Sharpe=-0.1534 (folds: -0.2712, -0.3623, -0.3161, 0.1342, 0.0482)
    [trial 15] 47 features, training_days=420 | threshold=0.565 | labels: 1080 long, 1088 short (50/50%)
    [trial 15] Sharpe=-0.0069 (folds: -0.1188, -0.2163, -0.1062, 0.0892, 0.3176)
    [trial 16] 47 features, training_days=270 | threshold=0.676 | labels: 1080 long, 1088 short (50/50%)
    [trial 16] Sharpe=-0.0195 (folds: -0.0499, -0.1282, -0.1127, 0.0093, 0.1840)
    [trial 17] 47 features, training_days=120 | threshold=0.761 | labels: 1080 long, 1088 short (50/50%)
    [trial 17] Sharpe=-0.0398 (folds: -0.0665, -0.4038, -0.0088, 0.0778, 0.2025)
  Optuna: 18 trials, best Sharpe = 0.0106
  Best params: n_estimators=138, max_depth=3, lr=0.0375, leaves=30
  Best confidence_threshold: 0.823
  Best training_days: 50
  Retrained on full data (150 samples, 47 features)
  [ensemble 2/3] seed=123
    [trial 0] 47 features, training_days=150 | threshold=0.744 | labels: 1080 long, 1088 short (50/50%)
    [CV fold 0] train_end=2022-03-24 08:00 | val_start=2022-04-01 00:00 | gap=184h (22 rows)
    [CV fold 1] train_end=2022-07-22 16:00 | val_start=2022-07-30 08:00 | gap=184h (22 rows)
    [CV fold 2] train_end=2022-11-20 00:00 | val_start=2022-11-27 16:00 | gap=184h (22 rows)
    [CV fold 3] train_end=2023-03-20 08:00 | val_start=2023-03-28 00:00 | gap=184h (22 rows)
    [CV fold 4] train_end=2023-07-18 16:00 | val_start=2023-07-26 08:00 | gap=184h (22 rows)
    [trial 0] Sharpe=-0.0690 (folds: -0.0633, -0.4850, -0.2938, 0.2821, 0.2153)
    [trial 1] 47 features, training_days=220 | threshold=0.755 | labels: 1080 long, 1088 short (50/50%)
    [trial 1] Sharpe=-3.8996 (folds: -10.0000, -10.0000, -0.6326, 0.1502, 0.9842)
    [trial 2] 47 features, training_days=310 | threshold=0.754 | labels: 1080 long, 1088 short (50/50%)
    [trial 2] Sharpe=-0.0532 (folds: -0.0828, -0.3309, -0.1790, 0.1669, 0.1598)
    [trial 3] 47 features, training_days=220 | threshold=0.673 | labels: 1080 long, 1088 short (50/50%)
    [trial 3] Sharpe=0.0031 (folds: -0.0541, -0.1071, -0.0842, 0.0263, 0.2346)
    [trial 4] 47 features, training_days=130 | threshold=0.803 | labels: 1080 long, 1088 short (50/50%)
    [trial 4] Sharpe=-0.0143 (folds: -0.0802, -0.3301, 0.0220, 0.2512, 0.0657)
    [trial 5] 47 features, training_days=210 | threshold=0.606 | labels: 1080 long, 1088 short (50/50%)
    [trial 5] Sharpe=-0.0346 (folds: -0.1510, -0.3364, -0.0488, 0.0904, 0.2729)
    [trial 6] 47 features, training_days=130 | threshold=0.767 | labels: 1080 long, 1088 short (50/50%)
    [trial 6] Sharpe=-0.0281 (folds: -0.0457, -0.2883, -0.0436, 0.1376, 0.0994)
    [trial 7] 47 features, training_days=80 | threshold=0.556 | labels: 1080 long, 1088 short (50/50%)
    [trial 7] Sharpe=-0.0580 (folds: -0.1585, -0.2762, 0.0750, 0.0258, 0.0439)
    [trial 8] 47 features, training_days=200 | threshold=0.607 | labels: 1080 long, 1088 short (50/50%)
    [trial 8] Sharpe=0.0252 (folds: 0.0076, -0.2394, -0.0224, 0.1147, 0.2657)
    [trial 9] 47 features, training_days=260 | threshold=0.620 | labels: 1080 long, 1088 short (50/50%)
    [trial 9] Sharpe=-0.0320 (folds: -0.1569, -0.2636, -0.0282, 0.1113, 0.1775)
    [trial 10] 47 features, training_days=470 | threshold=0.534 | labels: 1080 long, 1088 short (50/50%)
    [trial 10] Sharpe=-0.0345 (folds: -0.1291, -0.1126, -0.1120, -0.0094, 0.1907)
    [trial 11] 47 features, training_days=360 | threshold=0.672 | labels: 1080 long, 1088 short (50/50%)
    [trial 11] Sharpe=-0.0159 (folds: -0.0135, -0.1856, -0.1079, 0.1183, 0.1090)
    [trial 12] 47 features, training_days=20 | threshold=0.673 | labels: 1080 long, 1088 short (50/50%)
    [trial 12] Sharpe=-2.0920 (folds: 0.1738, -0.3734, -0.1240, -0.1362, -10.0000)
    [trial 13] 47 features, training_days=400 | threshold=0.611 | labels: 1080 long, 1088 short (50/50%)
    [trial 13] Sharpe=-0.0259 (folds: -0.0442, -0.2148, -0.1068, 0.0697, 0.1668)
    [trial 14] 47 features, training_days=290 | threshold=0.697 | labels: 1080 long, 1088 short (50/50%)
    [trial 14] Sharpe=-0.0082 (folds: -0.0286, -0.1955, -0.0536, 0.0716, 0.1653)
    [trial 15] 47 features, training_days=200 | threshold=0.503 | labels: 1080 long, 1088 short (50/50%)
    [trial 15] Sharpe=-0.0409 (folds: -0.1251, -0.3451, -0.1401, 0.1277, 0.2782)
    [trial 16] 47 features, training_days=340 | threshold=0.640 | labels: 1080 long, 1088 short (50/50%)
    [trial 16] Sharpe=-0.0074 (folds: -0.0086, -0.1442, -0.0702, 0.1282, 0.0580)
    [trial 17] 47 features, training_days=50 | threshold=0.566 | labels: 1080 long, 1088 short (50/50%)
    [trial 17] Sharpe=-0.0448 (folds: -0.0953, -0.1846, -0.0282, 0.0524, 0.0320)
  Optuna: 18 trials, best Sharpe = 0.0252
  Best params: n_estimators=367, max_depth=5, lr=0.1338, leaves=32
  Best confidence_threshold: 0.607
  Best training_days: 200
  Retrained on full data (600 samples, 47 features)
  [ensemble 3/3] seed=456
    [trial 0] 47 features, training_days=90 | threshold=0.587 | labels: 1080 long, 1088 short (50/50%)
    [CV fold 0] train_end=2022-03-24 08:00 | val_start=2022-04-01 00:00 | gap=184h (22 rows)
    [CV fold 1] train_end=2022-07-22 16:00 | val_start=2022-07-30 08:00 | gap=184h (22 rows)
    [CV fold 2] train_end=2022-11-20 00:00 | val_start=2022-11-27 16:00 | gap=184h (22 rows)
    [CV fold 3] train_end=2023-03-20 08:00 | val_start=2023-03-28 00:00 | gap=184h (22 rows)
    [CV fold 4] train_end=2023-07-18 16:00 | val_start=2023-07-26 08:00 | gap=184h (22 rows)
    [trial 0] Sharpe=-0.1133 (folds: -0.0608, -0.3826, -0.1282, 0.0544, -0.0492)
    [trial 1] 47 features, training_days=290 | threshold=0.635 | labels: 1080 long, 1088 short (50/50%)
    [trial 1] Sharpe=-0.0123 (folds: -0.1597, -0.2309, -0.0703, 0.1287, 0.2707)
    [trial 2] 47 features, training_days=10 | threshold=0.585 | labels: 1080 long, 1088 short (50/50%)
    [trial 2] Sharpe=-0.1861 (folds: 0.1738, -0.3734, -0.1240, -0.1362, -0.4708)
    [trial 3] 47 features, training_days=220 | threshold=0.687 | labels: 1080 long, 1088 short (50/50%)
    [trial 3] Sharpe=0.0113 (folds: -0.1239, -0.4647, -0.0131, 0.2189, 0.4394)
    [trial 4] 47 features, training_days=300 | threshold=0.562 | labels: 1080 long, 1088 short (50/50%)
    [trial 4] Sharpe=-0.0238 (folds: -0.0894, -0.2114, -0.0385, 0.0975, 0.1229)
    [trial 5] 47 features, training_days=490 | threshold=0.711 | labels: 1080 long, 1088 short (50/50%)
    [trial 5] Sharpe=-0.0314 (folds: -0.0743, -0.2052, -0.1609, 0.1021, 0.1813)
    [trial 6] 47 features, training_days=420 | threshold=0.667 | labels: 1080 long, 1088 short (50/50%)
    [trial 6] Sharpe=0.0044 (folds: -0.1318, -0.1261, -0.1220, 0.0994, 0.3027)[I 2026-06-01 14:59:30,068] Trial 6 finished with value: 0.004440470989406064 and parameters: {'confidence_threshold': 0.667482545748023, 'training_days': 420, 'n_estimators': 279, 'max_depth': 3, 'num_leaves': 45, 'learning_rate': 0.040099592560849204, 'subsample': 0.8563114696415159, 'colsample_bytree': 0.5442917781944105, 'min_child_samples': 50, 'reg_alpha': 1.6407916423707903e-08, 'reg_lambda': 2.935907642973286e-05}. Best is trial 3 with value: 0.01132729802914576.
[I 2026-06-01 14:59:30,225] Trial 7 finished with value: -0.013816017480434633 and parameters: {'confidence_threshold': 0.5497381024139926, 'training_days': 120, 'n_estimators': 408, 'max_depth': 5, 'num_leaves': 38, 'learning_rate': 0.28049122657745795, 'subsample': 0.8806573338635493, 'colsample_bytree': 0.5454054113547102, 'min_child_samples': 63, 'reg_alpha': 0.01263008637940408, 'reg_lambda': 0.04588020805366937}. Best is trial 3 with value: 0.01132729802914576.
[I 2026-06-01 14:59:30,501] Trial 8 finished with value: -0.04222338474251843 and parameters: {'confidence_threshold': 0.719644804808716, 'training_days': 450, 'n_estimators': 410, 'max_depth': 4, 'num_leaves': 57, 'learning_rate': 0.04022026551478857, 'subsample': 0.5336085426932707, 'colsample_bytree': 0.5705742850577543, 'min_child_samples': 100, 'reg_alpha': 5.916398047912201e-07, 'reg_lambda': 0.9794034214488329}. Best is trial 3 with value: 0.01132729802914576.
[I 2026-06-01 14:59:30,527] Trial 9 finished with value: -2.0919618318997797 and parameters: {'confidence_threshold': 0.7267463643917187, 'training_days': 20, 'n_estimators': 337, 'max_depth': 5, 'num_leaves': 23, 'learning_rate': 0.022153031811454605, 'subsample': 0.6305627572358737, 'colsample_bytree': 0.6613413774216214, 'min_child_samples': 81, 'reg_alpha': 5.7638634029410314e-08, 'reg_lambda': 8.26603016764008}. Best is trial 3 with value: 0.01132729802914576.
[I 2026-06-01 14:59:30,632] Trial 10 finished with value: -7.933445290671895 and parameters: {'confidence_threshold': 0.8283920119574972, 'training_days': 200, 'n_estimators': 181, 'max_depth': 3, 'num_leaves': 62, 'learning_rate': 0.011579281028220855, 'subsample': 0.7130289643560688, 'colsample_bytree': 0.9944479338273263, 'min_child_samples': 100, 'reg_alpha': 6.837313901272251e-05, 'reg_lambda': 0.0027253228209330924}. Best is trial 3 with value: 0.01132729802914576.
[I 2026-06-01 14:59:30,805] Trial 11 finished with value: -0.019587270610529395 and parameters: {'confidence_threshold': 0.6624828863039158, 'training_days': 380, 'n_estimators': 241, 'max_depth': 3, 'num_leaves': 50, 'learning_rate': 0.029354876456257728, 'subsample': 0.9833364932696866, 'colsample_bytree': 0.8016610248739169, 'min_child_samples': 55, 'reg_alpha': 2.573708591509265e-05, 'reg_lambda': 9.46041867677697e-06}. Best is trial 3 with value: 0.01132729802914576.
[I 2026-06-01 14:59:31,081] Trial 12 finished with value: -0.10307409278747429 and parameters: {'confidence_threshold': 0.7974391396451452, 'training_days': 220, 'n_estimators': 490, 'max_depth': 3, 'num_leaves': 51, 'learning_rate': 0.01924681962976845, 'subsample': 0.7893290191182136, 'colsample_bytree': 0.6866172385346349, 'min_child_samples': 52, 'reg_alpha': 1.578782038256806e-08, 'reg_lambda': 1.7732938383900595e-05}. Best is trial 3 with value: 0.01132729802914576.
[I 2026-06-01 14:59:31,219] Trial 13 finished with value: -0.03435838701027409 and parameters: {'confidence_threshold': 0.5040535938350955, 'training_days': 370, 'n_estimators': 157, 'max_depth': 4, 'num_leaves': 28, 'learning_rate': 0.04144677730363681, 'subsample': 0.8771273769062219, 'colsample_bytree': 0.5059137517206113, 'min_child_samples': 79, 'reg_alpha': 5.330866210562306e-06, 'reg_lambda': 0.0030907163684933165}. Best is trial 3 with value: 0.01132729802914576.
[I 2026-06-01 14:59:31,418] Trial 14 finished with value: -0.19089600607864 and parameters: {'confidence_threshold': 0.7723320301796328, 'training_days': 380, 'n_estimators': 282, 'max_depth': 3, 'num_leaves': 17, 'learning_rate': 0.012882340619131948, 'subsample': 0.7178512286146062, 'colsample_bytree': 0.7832231035788051, 'min_child_samples': 66, 'reg_alpha': 0.0015042958650323245, 'reg_lambda': 5.788907148738176e-07}. Best is trial 3 with value: 0.01132729802914576.
[I 2026-06-01 14:59:31,541] Trial 15 finished with value: -0.040671479167368914 and parameters: {'confidence_threshold': 0.654086456186345, 'training_days': 150, 'n_estimators': 274, 'max_depth': 3, 'num_leaves': 49, 'learning_rate': 0.09246729598324224, 'subsample': 0.8833095918387626, 'colsample_bytree': 0.916665285796673, 'min_child_samples': 89, 'reg_alpha': 4.399135734869746e-06, 'reg_lambda': 0.0013467843257158065}. Best is trial 3 with value: 0.01132729802914576.
[I 2026-06-01 14:59:31,640] Trial 16 finished with value: -0.09697606305909044 and parameters: {'confidence_threshold': 0.6140753187372707, 'training_days': 320, 'n_estimators': 53, 'max_depth': 4, 'num_leaves': 56, 'learning_rate': 0.03443484454224182, 'subsample': 0.7985884714791606, 'colsample_bytree': 0.7263704759884134, 'min_child_samples': 20, 'reg_alpha': 0.0023353732297268087, 'reg_lambda': 0.022515918081432253}. Best is trial 3 with value: 0.01132729802914576.
[I 2026-06-01 14:59:31,744] Trial 17 finished with value: 0.021650036440717946 and parameters: {'confidence_threshold': 0.6933246457809219, 'training_days': 220, 'n_estimators': 127, 'max_depth': 3, 'num_leaves': 34, 'learning_rate': 0.020004054216929315, 'subsample': 0.934856112535158, 'colsample_bytree': 0.6240028700495639, 'min_child_samples': 47, 'reg_alpha': 1.2085417367722102e-08, 'reg_lambda': 8.126522541411135e-06}. Best is trial 17 with value: 0.021650036440717946.
[I 2026-06-01 14:59:32,284] A new study created in memory with name: no-name-e2d435fc-f1c4-4aeb-8f41-de93d34873ef
[I 2026-06-01 14:59:32,596] Trial 0 finished with value: -0.0889385396281757 and parameters: {'confidence_threshold': 0.6310890415965769, 'training_days': 480, 'n_estimators': 380, 'max_depth': 4, 'num_leaves': 22, 'learning_rate': 0.01699897838270077, 'subsample': 0.5290418060840998, 'colsample_bytree': 0.9330880728874675, 'min_child_samples': 68, 'reg_alpha': 0.023585940584142682, 'reg_lambda': 1.5320059381854043e-08}. Best is trial 0 with value: -0.0889385396281757.
