[I 2026-06-01 14:58:27,660] Trial 16 finished with value: -0.0653845463486826 and parameters: {'confidence_threshold': 0.6708968705265699, 'training_days': 350, 'n_estimators': 279, 'max_depth': 3, 'num_leaves': 31, 'learning_rate': 0.029009951547325802, 'subsample': 0.6259757956590382, 'colsample_bytree': 0.6982877056862742, 'min_child_samples': 89, 'reg_alpha': 0.05682468732545374, 'reg_lambda': 5.380908228389034e-07}. Best is trial 7 with value: 0.022678258191088735.
[I 2026-06-01 14:58:27,748] Trial 17 finished with value: 0.02210950707122997 and parameters: {'confidence_threshold': 0.5761710081443887, 'training_days': 70, 'n_estimators': 429, 'max_depth': 3, 'num_leaves': 57, 'learning_rate': 0.12339783258112393, 'subsample': 0.7243909850619722, 'colsample_bytree': 0.699438795797602, 'min_child_samples': 77, 'reg_alpha': 7.284070645541434, 'reg_lambda': 0.0011275098280522475}. Best is trial 7 with value: 0.022678258191088735.
[I 2026-06-01 14:58:27,979] A new study created in memory with name: no-name-efe6cf05-255b-4550-af5b-fa16aed30943
[I 2026-06-01 14:58:28,175] Trial 0 finished with value: 0.025787930478134415 and parameters: {'confidence_threshold': 0.5870645682749857, 'training_days': 90, 'n_estimators': 403, 'max_depth': 5, 'num_leaves': 45, 'learning_rate': 0.0780457193679974, 'subsample': 0.9428509515574568, 'colsample_bytree': 0.8795587339164916, 'min_child_samples': 34, 'reg_alpha': 2.2465901234314442e-07, 'reg_lambda': 8.339007036475363e-05}. Best is trial 0 with value: 0.025787930478134415.
[I 2026-06-01 14:58:28,288] Trial 1 finished with value: -0.05840924287099265 and parameters: {'confidence_threshold': 0.6348453934275313, 'training_days': 290, 'n_estimators': 115, 'max_depth': 5, 'num_leaves': 37, 'learning_rate': 0.06949568759029946, 'subsample': 0.8228505074024268, 'colsample_bytree': 0.8616703220431751, 'min_child_samples': 75, 'reg_alpha': 4.2486822725010923e-07, 'reg_lambda': 1.157247767047042e-07}. Best is trial 0 with value: 0.025787930478134415.
[I 2026-06-01 14:58:28,306] Trial 2 finished with value: 0.020689412758396603 and parameters: {'confidence_threshold': 0.5849570384370288, 'training_days': 10, 'n_estimators': 212, 'max_depth': 3, 'num_leaves': 41, 'learning_rate': 0.18452095998378365, 'subsample': 0.6001060822924371, 'colsample_bytree': 0.5673167293506167, 'min_child_samples': 37, 'reg_alpha': 5.733250064217131, 'reg_lambda': 0.5308454292595461}. Best is trial 0 with value: 0.025787930478134415.
[I 2026-06-01 14:58:28,382] Trial 3 finished with value: -0.018649408462536175 and parameters: {'confidence_threshold': 0.6868248626683718, 'training_days': 220, 'n_estimators': 134, 'max_depth': 3, 'num_leaves': 45, 'learning_rate': 0.033529007907491595, 'subsample': 0.8647277071858408, 'colsample_bytree': 0.778494116634046, 'min_child_samples': 96, 'reg_alpha': 2.409409937265785e-07, 'reg_lambda': 1.1642073478060009}. Best is trial 0 with value: 0.025787930478134415.
[I 2026-06-01 14:58:28,474] Trial 4 finished with value: -0.10359245315692034 and parameters: {'confidence_threshold': 0.5623121348350352, 'training_days': 300, 'n_estimators': 69, 'max_depth': 4, 'num_leaves': 32, 'learning_rate': 0.14967629360700346, 'subsample': 0.5054535233636654, 'colsample_bytree': 0.7401385194659216, 'min_child_samples': 27, 'reg_alpha': 1.4212042567426725e-07, 'reg_lambda': 0.23605753701352003}. Best is trial 0 with value: 0.025787930478134415.
[I 2026-06-01 14:58:28,874] Trial 5 finished with value: -0.048172649697653884 and parameters: {'confidence_threshold': 0.7111850244908446, 'training_days': 490, 'n_estimators': 362, 'max_depth': 5, 'num_leaves': 40, 'learning_rate': 0.05960785724162737, 'subsample': 0.5589714368907717, 'colsample_bytree': 0.6659006943232806, 'min_child_samples': 42, 'reg_alpha': 0.6741360303045295, 'reg_lambda': 6.054601607143087e-08}. Best is trial 0 with value: 0.025787930478134415.
[I 2026-06-01 14:58:29,061] Trial 6 finished with value: -0.047921632703232867 and parameters: {'confidence_threshold': 0.667482545748023, 'training_days': 420, 'n_estimators': 279, 'max_depth': 3, 'num_leaves': 45, 'learning_rate': 0.040099592560849204, 'subsample': 0.8563114696415159, 'colsample_bytree': 0.5442917781944105, 'min_child_samples': 50, 'reg_alpha': 1.6407916423707903e-08, 'reg_lambda': 2.935907642973286e-05}. Best is trial 0 with value: 0.025787930478134415.

    [trial 7] 47 features, training_days=180 | threshold=0.526 | labels: 1055 long, 1113 short (49/51%)
    [trial 7] Sharpe=-0.0185 (folds: 0.2210, -0.2984, -0.0842, -0.1542, 0.2234)
    [trial 8] 47 features, training_days=240 | threshold=0.811 | labels: 1055 long, 1113 short (49/51%)
    [trial 8] Sharpe=-0.0848 (folds: 0.2906, -0.3370, 0.1583, -0.5016, -0.0343)
    [trial 9] 47 features, training_days=20 | threshold=0.538 | labels: 1055 long, 1113 short (49/51%)
    [trial 9] Sharpe=0.0207 (folds: 0.0894, 0.0300, 0.0909, -0.1778, 0.0709)
    [trial 10] 47 features, training_days=10 | threshold=0.732 | labels: 1055 long, 1113 short (49/51%)
    [trial 10] Sharpe=0.0207 (folds: 0.0894, 0.0300, 0.0909, -0.1778, 0.0709)
    [trial 11] 47 features, training_days=20 | threshold=0.715 | labels: 1055 long, 1113 short (49/51%)
    [trial 11] Sharpe=0.0207 (folds: 0.0894, 0.0300, 0.0909, -0.1778, 0.0709)
    [trial 12] 47 features, training_days=90 | threshold=0.746 | labels: 1055 long, 1113 short (49/51%)
    [trial 12] Sharpe=0.0522 (folds: 0.3269, -0.1098, 0.0686, -0.0179, -0.0066)
    [trial 13] 47 features, training_days=110 | threshold=0.762 | labels: 1055 long, 1113 short (49/51%)
    [trial 13] Sharpe=0.0185 (folds: 0.2771, -0.3268, 0.1008, -0.0789, 0.1205)
    [trial 14] 47 features, training_days=100 | threshold=0.787 | labels: 1055 long, 1113 short (49/51%)
    [trial 14] Sharpe=0.0368 (folds: 0.2105, -0.0616, 0.1457, -0.2161, 0.1056)
    [trial 15] 47 features, training_days=100 | threshold=0.688 | labels: 1055 long, 1113 short (49/51%)
    [trial 15] Sharpe=-1.8249 (folds: 0.4764, 0.0027, 0.4791, -0.0827, -10.0000)
    [trial 16] 47 features, training_days=160 | threshold=0.762 | labels: 1055 long, 1113 short (49/51%)
    [trial 16] Sharpe=-0.0054 (folds: 0.1998, -0.2446, 0.0308, -0.1846, 0.1715)
    [trial 17] 47 features, training_days=290 | threshold=0.664 | labels: 1055 long, 1113 short (49/51%)
    [trial 17] Sharpe=-0.0827 (folds: 0.1847, -0.3310, -0.0225, -0.2771, 0.0323)
  Optuna: 18 trials, best Sharpe = 0.1006
  Best params: n_estimators=138, max_depth=3, lr=0.0375, leaves=30
  Best confidence_threshold: 0.823
  Best training_days: 50
  Retrained on full data (150 samples, 47 features)
  [ensemble 2/3] seed=123
    [trial 0] 47 features, training_days=150 | threshold=0.744 | labels: 1055 long, 1113 short (49/51%)
    [CV fold 0] train_end=2021-09-22 08:00 | val_start=2021-09-30 00:00 | gap=184h (22 rows)
    [CV fold 1] train_end=2022-01-20 16:00 | val_start=2022-01-28 08:00 | gap=184h (22 rows)
    [CV fold 2] train_end=2022-05-21 00:00 | val_start=2022-05-28 16:00 | gap=184h (22 rows)
    [CV fold 3] train_end=2022-09-18 08:00 | val_start=2022-09-26 00:00 | gap=184h (22 rows)
    [CV fold 4] train_end=2023-01-16 16:00 | val_start=2023-01-24 08:00 | gap=184h (22 rows)
    [trial 0] Sharpe=-0.1089 (folds: 0.2398, -0.4356, -0.1709, -0.1702, -0.0078)
    [trial 1] 47 features, training_days=220 | threshold=0.755 | labels: 1055 long, 1113 short (49/51%)
    [trial 1] Sharpe=-3.9090 (folds: 0.3067, -0.3611, 0.5092, -10.0000, -10.0000)
    [trial 2] 47 features, training_days=310 | threshold=0.754 | labels: 1055 long, 1113 short (49/51%)
    [trial 2] Sharpe=-0.0717 (folds: 0.2660, -0.3889, -0.0131, -0.2748, 0.0526)
    [trial 3] 47 features, training_days=220 | threshold=0.673 | labels: 1055 long, 1113 short (49/51%)
    [trial 3] Sharpe=-0.0790 (folds: 0.2148, -0.3503, 0.0552, -0.2617, -0.0531)
    [trial 4] 47 features, training_days=130 | threshold=0.803 | labels: 1055 long, 1113 short (49/51%)
    [trial 4] Sharpe=-0.0419 (folds: 0.2105, -0.3909, -0.0585, -0.0399, 0.0694)
    [trial 5] 47 features, training_days=210 | threshold=0.606 | labels: 1055 long, 1113 short (49/51%)
    [trial 5] Sharpe=-0.0253 (folds: 0.2478, -0.2573, 0.0027, -0.1946, 0.0750)
    [trial 6] 47 features, training_days=130 | threshold=0.767 | labels: 1055 long, 1113 short (49/51%)
    [trial 6] Sharpe=-0.0322 (folds: 0.1405, -0.1547, -0.0836, -0.1843, 0.1208)
    [trial 7] 47 features, training_days=80 | threshold=0.556 | labels: 1055 long, 1113 short (49/51%)
    [trial 7] Sharpe=0.0227 (folds: 0.2222, 0.0166, -0.1007, -0.0222, -0.0024)
    [trial 8] 47 features, training_days=200 | threshold=0.607 | labels: 1055 long, 1113 short (49/51%)
    [trial 8] Sharpe=-0.0855 (folds: 0.1776, -0.3183, -0.0463, -0.2657, 0.0251)
    [trial 9] 47 features, training_days=260 | threshold=0.620 | labels: 1055 long, 1113 short (49/51%)
    [trial 9] Sharpe=-0.0796 (folds: 0.1705, -0.3192, -0.0298, -0.2845, 0.0648)
    [trial 10] 47 features, training_days=10 | threshold=0.525 | labels: 1055 long, 1113 short (49/51%)
    [trial 10] Sharpe=0.0207 (folds: 0.0894, 0.0300, 0.0909, -0.1778, 0.0709)
    [trial 11] 47 features, training_days=10 | threshold=0.505 | labels: 1055 long, 1113 short (49/51%)
    [trial 11] Sharpe=0.0207 (folds: 0.0894, 0.0300, 0.0909, -0.1778, 0.0709)
    [trial 12] 47 features, training_days=470 | threshold=0.511 | labels: 1055 long, 1113 short (49/51%)
    [trial 12] Sharpe=-0.0240 (folds: 0.1432, -0.2442, -0.1074, -0.0205, 0.1086)
    [trial 13] 47 features, training_days=10 | threshold=0.558 | labels: 1055 long, 1113 short (49/51%)
    [trial 13] Sharpe=0.0207 (folds: 0.0894, 0.0300, 0.0909, -0.1778, 0.0709)
    [trial 14] 47 features, training_days=70 | threshold=0.554 | labels: 1055 long, 1113 short (49/51%)
    [trial 14] Sharpe=-0.0241 (folds: 0.0358, -0.0067, -0.0320, -0.0967, -0.0210)
    [trial 15] 47 features, training_days=80 | threshold=0.555 | labels: 1055 long, 1113 short (49/51%)
    [trial 15] Sharpe=0.0073 (folds: 0.2453, -0.0554, -0.0683, -0.1048, 0.0199)
    [trial 16] 47 features, training_days=350 | threshold=0.671 | labels: 1055 long, 1113 short (49/51%)
    [trial 16] Sharpe=-0.0654 (folds: 0.2230, -0.3118, -0.0952, -0.2492, 0.1063)
    [trial 17] 47 features, training_days=70 | threshold=0.576 | labels: 1055 long, 1113 short (49/51%)
    [trial 17] Sharpe=0.0221 (folds: 0.1277, -0.0673, -0.0081, -0.0134, 0.0718)
  Optuna: 18 trials, best Sharpe = 0.0227
  Best params: n_estimators=363, max_depth=3, lr=0.0659, leaves=48
  Best confidence_threshold: 0.556
  Best training_days: 80
  Retrained on full data (240 samples, 47 features)
  [ensemble 3/3] seed=456
    [trial 0] 47 features, training_days=90 | threshold=0.587 | labels: 1055 long, 1113 short (49/51%)
    [CV fold 0] train_end=2021-09-22 08:00 | val_start=2021-09-30 00:00 | gap=184h (22 rows)
    [CV fold 1] train_end=2022-01-20 16:00 | val_start=2022-01-28 08:00 | gap=184h (22 rows)
    [CV fold 2] train_end=2022-05-21 00:00 | val_start=2022-05-28 16:00 | gap=184h (22 rows)
    [CV fold 3] train_end=2022-09-18 08:00 | val_start=2022-09-26 00:00 | gap=184h (22 rows)
    [CV fold 4] train_end=2023-01-16 16:00 | val_start=2023-01-24 08:00 | gap=184h (22 rows)
    [trial 0] Sharpe=0.0258 (folds: 0.2048, 0.0085, 0.0446, -0.0760, -0.0529)
    [trial 1] 47 features, training_days=290 | threshold=0.635 | labels: 1055 long, 1113 short (49/51%)
    [trial 1] Sharpe=-0.0584 (folds: 0.2114, -0.3197, -0.0401, -0.2827, 0.1391)
    [trial 2] 47 features, training_days=10 | threshold=0.585 | labels: 1055 long, 1113 short (49/51%)
    [trial 2] Sharpe=0.0207 (folds: 0.0894, 0.0300, 0.0909, -0.1778, 0.0709)
    [trial 3] 47 features, training_days=220 | threshold=0.687 | labels: 1055 long, 1113 short (49/51%)
    [trial 3] Sharpe=-0.0186 (folds: 0.2583, -0.5219, 0.2306, -0.0888, 0.0285)
    [trial 4] 47 features, training_days=300 | threshold=0.562 | labels: 1055 long, 1113 short (49/51%)
    [trial 4] Sharpe=-0.1036 (folds: 0.1855, -0.4391, -0.0120, -0.3593, 0.1070)
    [trial 5] 47 features, training_days=490 | threshold=0.711 | labels: 1055 long, 1113 short (49/51%)
    [trial 5] Sharpe=-0.0482 (folds: 0.1969, -0.3658, -0.0880, -0.0306, 0.0466)
    [trial 6] 47 features, training_days=420 | threshold=0.667 | labels: 1055 long, 1113 short (49/51%)
    [trial 6] Sharpe=-0.0479 (folds: 0.2333, -0.3815, -0.1058, -0.1129, 0.1273)
    [trial 7] 47 features, training_days=120 | threshold=0.550 | labels: 1055 long, 1113 short (49/51%)
    [trial 7] Sharpe=-0.0133 (folds: 0.1903, -0.2246, -0.0173, -0.0723, 0.0573)[I 2026-06-01 14:58:29,235] Trial 7 finished with value: -0.013336757994255552 and parameters: {'confidence_threshold': 0.5497381024139926, 'training_days': 120, 'n_estimators': 408, 'max_depth': 5, 'num_leaves': 38, 'learning_rate': 0.28049122657745795, 'subsample': 0.8806573338635493, 'colsample_bytree': 0.5454054113547102, 'min_child_samples': 63, 'reg_alpha': 0.01263008637940408, 'reg_lambda': 0.04588020805366937}. Best is trial 0 with value: 0.025787930478134415.
[I 2026-06-01 14:58:29,495] Trial 8 finished with value: -0.033131186851129285 and parameters: {'confidence_threshold': 0.719644804808716, 'training_days': 450, 'n_estimators': 410, 'max_depth': 4, 'num_leaves': 57, 'learning_rate': 0.04022026551478857, 'subsample': 0.5336085426932707, 'colsample_bytree': 0.5705742850577543, 'min_child_samples': 100, 'reg_alpha': 5.916398047912201e-07, 'reg_lambda': 0.9794034214488329}. Best is trial 0 with value: 0.025787930478134415.
[I 2026-06-01 14:58:29,516] Trial 9 finished with value: -1.943754268342423 and parameters: {'confidence_threshold': 0.7267463643917187, 'training_days': 20, 'n_estimators': 337, 'max_depth': 5, 'num_leaves': 23, 'learning_rate': 0.022153031811454605, 'subsample': 0.6305627572358737, 'colsample_bytree': 0.6613413774216214, 'min_child_samples': 81, 'reg_alpha': 5.7638634029410314e-08, 'reg_lambda': 8.26603016764008}. Best is trial 0 with value: 0.025787930478134415.
[I 2026-06-01 14:58:29,819] Trial 10 finished with value: 0.029924555551087705 and parameters: {'confidence_threshold': 0.8398533911817929, 'training_days': 130, 'n_estimators': 485, 'max_depth': 4, 'num_leaves': 62, 'learning_rate': 0.014251957942824738, 'subsample': 0.9901604570372973, 'colsample_bytree': 0.9944479338273263, 'min_child_samples': 23, 'reg_alpha': 6.837313901272251e-05, 'reg_lambda': 0.0006976939169966911}. Best is trial 10 with value: 0.029924555551087705.
[I 2026-06-01 14:58:30,173] Trial 11 finished with value: -0.10179260492152183 and parameters: {'confidence_threshold': 0.8491135887906174, 'training_days': 140, 'n_estimators': 478, 'max_depth': 4, 'num_leaves': 61, 'learning_rate': 0.010040680771315659, 'subsample': 0.9943448329854054, 'colsample_bytree': 0.9775347597655288, 'min_child_samples': 20, 'reg_alpha': 7.328612622954525e-05, 'reg_lambda': 0.0002767360651732308}. Best is trial 10 with value: 0.029924555551087705.
[I 2026-06-01 14:58:30,458] Trial 12 finished with value: -0.035451574049729775 and parameters: {'confidence_threshold': 0.83900033179092, 'training_days': 120, 'n_estimators': 490, 'max_depth': 4, 'num_leaves': 54, 'learning_rate': 0.010310812825333917, 'subsample': 0.9949021454548997, 'colsample_bytree': 0.9826583982594713, 'min_child_samples': 32, 'reg_alpha': 3.2356567490488907e-05, 'reg_lambda': 7.35834427504219e-06}. Best is trial 10 with value: 0.029924555551087705.
[I 2026-06-01 14:58:30,766] Trial 13 finished with value: -0.07192079871610453 and parameters: {'confidence_threshold': 0.5040535938350955, 'training_days': 200, 'n_estimators': 460, 'max_depth': 4, 'num_leaves': 51, 'learning_rate': 0.09042217389225966, 'subsample': 0.9397650511036021, 'colsample_bytree': 0.8987697222250639, 'min_child_samples': 54, 'reg_alpha': 0.001972000912880682, 'reg_lambda': 0.0051133473052157475}. Best is trial 10 with value: 0.029924555551087705.
[I 2026-06-01 14:58:31,015] Trial 14 finished with value: -0.008167688522280815 and parameters: {'confidence_threshold': 0.7723320301796328, 'training_days': 80, 'n_estimators': 412, 'max_depth': 5, 'num_leaves': 16, 'learning_rate': 0.0210691650752431, 'subsample': 0.7216435951576727, 'colsample_bytree': 0.8938410767605052, 'min_child_samples': 22, 'reg_alpha': 7.3977839379195705e-06, 'reg_lambda': 0.0014709214223004336}. Best is trial 10 with value: 0.029924555551087705.
[I 2026-06-01 14:58:31,235] Trial 15 finished with value: -0.0571919010519922 and parameters: {'confidence_threshold': 0.6118100966604268, 'training_days': 180, 'n_estimators': 310, 'max_depth': 4, 'num_leaves': 60, 'learning_rate': 0.1007583602760079, 'subsample': 0.7513007976384943, 'colsample_bytree': 0.8283431670740264, 'min_child_samples': 46, 'reg_alpha': 4.625290075508286e-06, 'reg_lambda': 2.582339790441249e-06}. Best is trial 10 with value: 0.029924555551087705.
[I 2026-06-01 14:58:31,329] Trial 16 finished with value: 0.03148460204207567 and parameters: {'confidence_threshold': 0.7809712285122007, 'training_days': 70, 'n_estimators': 229, 'max_depth': 4, 'num_leaves': 50, 'learning_rate': 0.019656635347648114, 'subsample': 0.9157672152558807, 'colsample_bytree': 0.9373223525891455, 'min_child_samples': 35, 'reg_alpha': 0.0005500810903297145, 'reg_lambda': 0.00011832660149322181}. Best is trial 16 with value: 0.03148460204207567.
[I 2026-06-01 14:58:31,547] Trial 17 finished with value: -0.15769083379309115 and parameters: {'confidence_threshold': 0.7925278692885136, 'training_days': 360, 'n_estimators': 221, 'max_depth': 4, 'num_leaves': 63, 'learning_rate': 0.017244940463604714, 'subsample': 0.7912250017775351, 'colsample_bytree': 0.9498695868796944, 'min_child_samples': 61, 'reg_alpha': 0.01164793454707418, 'reg_lambda': 0.011975473798643037}. Best is trial 16 with value: 0.03148460204207567.
[I 2026-06-01 14:58:32,043] A new study created in memory with name: no-name-2cddde7e-2349-4b65-b448-e934d58904ac
[I 2026-06-01 14:58:32,432] Trial 0 finished with value: -0.03436376269160759 and parameters: {'confidence_threshold': 0.6310890415965769, 'training_days': 480, 'n_estimators': 380, 'max_depth': 4, 'num_leaves': 22, 'learning_rate': 0.01699897838270077, 'subsample': 0.5290418060840998, 'colsample_bytree': 0.9330880728874675, 'min_child_samples': 68, 'reg_alpha': 0.023585940584142682, 'reg_lambda': 1.5320059381854043e-08}. Best is trial 0 with value: -0.03436376269160759.
[I 2026-06-01 14:58:32,550] Trial 1 finished with value: -1.9165397266163389 and parameters: {'confidence_threshold': 0.839468448256698, 'training_days': 420, 'n_estimators': 145, 'max_depth': 3, 'num_leaves': 23, 'learning_rate': 0.028145092716060652, 'subsample': 0.762378215816119, 'colsample_bytree': 0.7159725093210578, 'min_child_samples': 43, 'reg_alpha': 0.0032112643094417484, 'reg_lambda': 1.8007140198129195e-07}. Best is trial 0 with value: -0.03436376269160759.
[I 2026-06-01 14:58:32,690] Trial 2 finished with value: -0.04513352715834988 and parameters: {'confidence_threshold': 0.6022506269873263, 'training_days': 190, 'n_estimators': 255, 'max_depth': 5, 'num_leaves': 24, 'learning_rate': 0.05748924681991978, 'subsample': 0.7962072844310213, 'colsample_bytree': 0.5232252063599989, 'min_child_samples': 69, 'reg_alpha': 3.425445902633376e-07, 'reg_lambda': 3.850031979199519e-08}. Best is trial 0 with value: -0.03436376269160759.
[I 2026-06-01 14:58:32,934] Trial 3 finished with value: -0.11026208810963647 and parameters: {'confidence_threshold': 0.8321099380386666, 'training_days': 490, 'n_estimators': 414, 'max_depth': 3, 'num_leaves': 19, 'learning_rate': 0.1024932221692416, 'subsample': 0.7200762468698007, 'colsample_bytree': 0.5610191174223894, 'min_child_samples': 60, 'reg_alpha': 2.039373116525212e-08, 'reg_lambda': 1.527156759251193}. Best is trial 0 with value: -0.03436376269160759.
[I 2026-06-01 14:58:33,078] Trial 4 finished with value: -0.11349878462936003 and parameters: {'confidence_threshold': 0.5905729935600059, 'training_days': 340, 'n_estimators': 190, 'max_depth': 4, 'num_leaves': 41, 'learning_rate': 0.01875220945578641, 'subsample': 0.9847923138822793, 'colsample_bytree': 0.8875664116805573, 'min_child_samples': 96, 'reg_alpha': 1.1309571585271483, 'reg_lambda': 0.002404915432737351}. Best is trial 0 with value: -0.03436376269160759.
[I 2026-06-01 14:58:33,116] Trial 5 finished with value: -0.1373600711771825 and parameters: {'confidence_threshold': 0.8226559822580909, 'training_days': 50, 'n_estimators': 138, 'max_depth': 3, 'num_leaves': 30, 'learning_rate': 0.03750796359625606, 'subsample': 0.6356745158869479, 'colsample_bytree': 0.9143687545759647, 'min_child_samples': 48, 'reg_alpha': 3.376063348877853e-06, 'reg_lambda': 0.0007660634613082914}. Best is trial 0 with value: -0.03436376269160759.
