[I 2026-06-01 14:57:40,415] Trial 10 finished with value: -4.099618431569434 and parameters: {'confidence_threshold': 0.8398533911817929, 'training_days': 320, 'n_estimators': 181, 'max_depth': 4, 'num_leaves': 15, 'learning_rate': 0.013684491588422613, 'subsample': 0.7320664585010437, 'colsample_bytree': 0.9944479338273263, 'min_child_samples': 74, 'reg_alpha': 4.136971884522066e-05, 'reg_lambda': 1.4599322889399585e-08}. Best is trial 1 with value: 0.002637349260222838.
[I 2026-06-01 14:57:40,922] Trial 11 finished with value: -0.02510501002869838 and parameters: {'confidence_threshold': 0.7920556438876994, 'training_days': 490, 'n_estimators': 478, 'max_depth': 5, 'num_leaves': 31, 'learning_rate': 0.07015252903316518, 'subsample': 0.741942921860466, 'colsample_bytree': 0.8566211708639163, 'min_child_samples': 52, 'reg_alpha': 0.07849404505455292, 'reg_lambda': 1.7920767996550486e-08}. Best is trial 1 with value: 0.002637349260222838.
[I 2026-06-01 14:57:41,005] Trial 12 finished with value: -0.038138424407523054 and parameters: {'confidence_threshold': 0.6412752242398021, 'training_days': 380, 'n_estimators': 54, 'max_depth': 5, 'num_leaves': 57, 'learning_rate': 0.09265206884400709, 'subsample': 0.6568173075241447, 'colsample_bytree': 0.6753821150259535, 'min_child_samples': 71, 'reg_alpha': 4.4196749363193285e-05, 'reg_lambda': 1.3353464795042858e-06}. Best is trial 1 with value: 0.002637349260222838.
[I 2026-06-01 14:57:41,146] Trial 13 finished with value: -0.01546379866903208 and parameters: {'confidence_threshold': 0.5040535938350955, 'training_days': 210, 'n_estimators': 298, 'max_depth': 5, 'num_leaves': 32, 'learning_rate': 0.11842510796771445, 'subsample': 0.7994520857725542, 'colsample_bytree': 0.8960526831559384, 'min_child_samples': 48, 'reg_alpha': 6.571273920267039, 'reg_lambda': 6.786475479873792e-07}. Best is trial 1 with value: 0.002637349260222838.
[I 2026-06-01 14:57:41,316] Trial 14 finished with value: -0.07622485931522334 and parameters: {'confidence_threshold': 0.7704426173019853, 'training_days': 360, 'n_estimators': 213, 'max_depth': 4, 'num_leaves': 52, 'learning_rate': 0.05664821380017621, 'subsample': 0.7021152153601553, 'colsample_bytree': 0.7921009662363301, 'min_child_samples': 82, 'reg_alpha': 0.007181788925245543, 'reg_lambda': 0.0025446837785191097}. Best is trial 1 with value: 0.002637349260222838.
[I 2026-06-01 14:57:41,592] Trial 15 finished with value: -0.029332465106473804 and parameters: {'confidence_threshold': 0.6202062892519716, 'training_days': 500, 'n_estimators': 348, 'max_depth': 4, 'num_leaves': 23, 'learning_rate': 0.027837053988777765, 'subsample': 0.960914876027716, 'colsample_bytree': 0.6574185883922283, 'min_child_samples': 59, 'reg_alpha': 5.870328755625304e-06, 'reg_lambda': 5.412721375923701e-07}. Best is trial 1 with value: 0.002637349260222838.
[I 2026-06-01 14:57:41,788] Trial 16 finished with value: -0.039240021178613874 and parameters: {'confidence_threshold': 0.7110893952809757, 'training_days': 240, 'n_estimators': 125, 'max_depth': 5, 'num_leaves': 36, 'learning_rate': 0.018579821598888886, 'subsample': 0.7863089961465193, 'colsample_bytree': 0.9703336685995065, 'min_child_samples': 20, 'reg_alpha': 0.26282773497232326, 'reg_lambda': 6.684186205951055e-06}. Best is trial 1 with value: 0.002637349260222838.
[I 2026-06-01 14:57:42,099] Trial 17 finished with value: -0.058150921299158165 and parameters: {'confidence_threshold': 0.773117637686033, 'training_days': 160, 'n_estimators': 485, 'max_depth': 5, 'num_leaves': 51, 'learning_rate': 0.05231841757470914, 'subsample': 0.5744928429638737, 'colsample_bytree': 0.7142219102330146, 'min_child_samples': 41, 'reg_alpha': 0.0008059760040484764, 'reg_lambda': 8.98868728619934e-08}. Best is trial 1 with value: 0.002637349260222838.

    [trial 2] 47 features, training_days=310 | threshold=0.754 | labels: 1076 long, 1092 short (50/50%)
    [trial 2] Sharpe=-0.0955 (folds: 0.0013, 0.2047, -0.3731, -0.1559, -0.1544)
    [trial 3] 47 features, training_days=220 | threshold=0.673 | labels: 1076 long, 1092 short (50/50%)
    [trial 3] Sharpe=0.0213 (folds: 0.0402, 0.0696, 0.0126, 0.0898, -0.1058)
    [trial 4] 47 features, training_days=130 | threshold=0.803 | labels: 1076 long, 1092 short (50/50%)
    [trial 4] Sharpe=-0.0819 (folds: -0.0790, 0.2118, -0.2422, -0.0916, -0.2085)
    [trial 5] 47 features, training_days=210 | threshold=0.606 | labels: 1076 long, 1092 short (50/50%)
    [trial 5] Sharpe=-0.0263 (folds: -0.1062, 0.0622, 0.0129, 0.0467, -0.1469)
    [trial 6] 47 features, training_days=130 | threshold=0.767 | labels: 1076 long, 1092 short (50/50%)
    [trial 6] Sharpe=-0.0550 (folds: 0.0205, 0.0839, -0.1486, -0.0779, -0.1529)
    [trial 7] 47 features, training_days=80 | threshold=0.556 | labels: 1076 long, 1092 short (50/50%)
    [trial 7] Sharpe=-0.0950 (folds: -0.2616, 0.0796, -0.1847, 0.0606, -0.1688)
    [trial 8] 47 features, training_days=200 | threshold=0.607 | labels: 1076 long, 1092 short (50/50%)
    [trial 8] Sharpe=-0.0062 (folds: 0.0238, 0.0859, 0.0031, 0.0579, -0.2017)
    [trial 9] 47 features, training_days=260 | threshold=0.620 | labels: 1076 long, 1092 short (50/50%)
    [trial 9] Sharpe=-0.0012 (folds: -0.0268, 0.2200, -0.0112, 0.0038, -0.1915)
    [trial 10] 47 features, training_days=470 | threshold=0.676 | labels: 1076 long, 1092 short (50/50%)
    [trial 10] Sharpe=-0.0132 (folds: 0.1069, 0.1379, -0.1298, -0.0391, -0.1421)
    [trial 11] 47 features, training_days=340 | threshold=0.672 | labels: 1076 long, 1092 short (50/50%)
    [trial 11] Sharpe=-0.0272 (folds: -0.0210, 0.2073, 0.0093, -0.1031, -0.2285)
    [trial 12] 47 features, training_days=340 | threshold=0.673 | labels: 1076 long, 1092 short (50/50%)
    [trial 12] Sharpe=-0.0746 (folds: -0.1479, 0.2310, -0.0661, -0.1565, -0.2333)
    [trial 13] 47 features, training_days=10 | threshold=0.512 | labels: 1076 long, 1092 short (50/50%)
    [trial 13] Sharpe=-0.0104 (folds: -0.1974, -0.0334, 0.0405, 0.1664, -0.0282)
    [trial 14] 47 features, training_days=290 | threshold=0.618 | labels: 1076 long, 1092 short (50/50%)
    [trial 14] Sharpe=-0.0108 (folds: -0.1401, 0.2012, 0.0352, 0.0339, -0.1842)
    [trial 15] 47 features, training_days=460 | threshold=0.705 | labels: 1076 long, 1092 short (50/50%)
    [trial 15] Sharpe=-0.0400 (folds: 0.0140, 0.1969, -0.1028, -0.0688, -0.2393)
    [trial 16] 47 features, training_days=270 | threshold=0.635 | labels: 1076 long, 1092 short (50/50%)
    [trial 16] Sharpe=0.0264 (folds: 0.1139, 0.2138, -0.0708, -0.0101, -0.1144)
    [trial 17] 47 features, training_days=400 | threshold=0.562 | labels: 1076 long, 1092 short (50/50%)
    [trial 17] Sharpe=-0.0142 (folds: 0.1126, 0.1935, -0.1757, -0.0638, -0.1374)
  Optuna: 18 trials, best Sharpe = 0.0264
  Best params: n_estimators=438, max_depth=3, lr=0.0116, leaves=44
  Best confidence_threshold: 0.635
  Best training_days: 270
  Retrained on full data (810 samples, 47 features)
  [ensemble 3/3] seed=456
    [trial 0] 47 features, training_days=90 | threshold=0.587 | labels: 1076 long, 1092 short (50/50%)
    [CV fold 0] train_end=2021-04-24 08:00 | val_start=2021-05-02 00:00 | gap=184h (22 rows)
    [CV fold 1] train_end=2021-08-22 16:00 | val_start=2021-08-30 08:00 | gap=184h (22 rows)
    [CV fold 2] train_end=2021-12-21 00:00 | val_start=2021-12-28 16:00 | gap=184h (22 rows)
    [CV fold 3] train_end=2022-04-20 08:00 | val_start=2022-04-28 00:00 | gap=184h (22 rows)
    [CV fold 4] train_end=2022-08-18 16:00 | val_start=2022-08-26 08:00 | gap=184h (22 rows)
    [trial 0] Sharpe=-0.0849 (folds: -0.1693, -0.0555, -0.0532, -0.0400, -0.1064)
    [trial 1] 47 features, training_days=290 | threshold=0.635 | labels: 1076 long, 1092 short (50/50%)
    [trial 1] Sharpe=0.0026 (folds: -0.0492, 0.2245, 0.0045, -0.0305, -0.1361)
    [trial 2] 47 features, training_days=10 | threshold=0.585 | labels: 1076 long, 1092 short (50/50%)
    [trial 2] Sharpe=-0.0104 (folds: -0.1974, -0.0334, 0.0405, 0.1664, -0.0282)
    [trial 3] 47 features, training_days=220 | threshold=0.687 | labels: 1076 long, 1092 short (50/50%)
    [trial 3] Sharpe=-0.0792 (folds: -0.0876, 0.1583, -0.1755, -0.0408, -0.2504)
    [trial 4] 47 features, training_days=300 | threshold=0.562 | labels: 1076 long, 1092 short (50/50%)
    [trial 4] Sharpe=-0.0001 (folds: 0.0289, 0.2012, 0.0123, -0.0587, -0.1843)
    [trial 5] 47 features, training_days=490 | threshold=0.711 | labels: 1076 long, 1092 short (50/50%)
    [trial 5] Sharpe=0.0004 (folds: -0.0469, 0.2474, 0.0105, -0.0440, -0.1653)
    [trial 6] 47 features, training_days=420 | threshold=0.667 | labels: 1076 long, 1092 short (50/50%)
    [trial 6] Sharpe=-0.0027 (folds: 0.0268, 0.2247, -0.1389, 0.0348, -0.1610)
    [trial 7] 47 features, training_days=120 | threshold=0.550 | labels: 1076 long, 1092 short (50/50%)
    [trial 7] Sharpe=-0.0471 (folds: -0.1106, 0.1658, -0.0888, 0.0165, -0.2182)
    [trial 8] 47 features, training_days=450 | threshold=0.720 | labels: 1076 long, 1092 short (50/50%)
    [trial 8] Sharpe=-0.0801 (folds: -0.1998, 0.1770, -0.0938, -0.0745, -0.2093)
    [trial 9] 47 features, training_days=20 | threshold=0.727 | labels: 1076 long, 1092 short (50/50%)
    [trial 9] Sharpe=-7.9903 (folds: -10.0000, 0.0487, -10.0000, -10.0000, -10.0000)
    [trial 10] 47 features, training_days=320 | threshold=0.840 | labels: 1076 long, 1092 short (50/50%)
    [trial 10] Sharpe=-4.0996 (folds: -0.0199, -0.3533, -10.0000, -0.1249, -10.0000)
    [trial 11] 47 features, training_days=490 | threshold=0.792 | labels: 1076 long, 1092 short (50/50%)
    [trial 11] Sharpe=-0.0251 (folds: -0.0357, 0.1979, -0.0398, -0.0930, -0.1549)
    [trial 12] 47 features, training_days=380 | threshold=0.641 | labels: 1076 long, 1092 short (50/50%)
    [trial 12] Sharpe=-0.0381 (folds: 0.0256, 0.2164, -0.2028, -0.0813, -0.1486)
    [trial 13] 47 features, training_days=210 | threshold=0.504 | labels: 1076 long, 1092 short (50/50%)
    [trial 13] Sharpe=-0.0155 (folds: -0.0029, 0.1181, -0.0271, 0.0231, -0.1885)
    [trial 14] 47 features, training_days=360 | threshold=0.770 | labels: 1076 long, 1092 short (50/50%)
    [trial 14] Sharpe=-0.0762 (folds: -0.1330, 0.1355, -0.1547, -0.0881, -0.1408)
    [trial 15] 47 features, training_days=500 | threshold=0.620 | labels: 1076 long, 1092 short (50/50%)
    [trial 15] Sharpe=-0.0293 (folds: -0.0125, 0.1955, -0.1098, -0.0095, -0.2104)
    [trial 16] 47 features, training_days=240 | threshold=0.711 | labels: 1076 long, 1092 short (50/50%)
    [trial 16] Sharpe=-0.0392 (folds: 0.0667, 0.2409, -0.2489, -0.0298, -0.2251)
    [trial 17] 47 features, training_days=160 | threshold=0.773 | labels: 1076 long, 1092 short (50/50%)
    [trial 17] Sharpe=-0.0582 (folds: -0.0595, 0.0264, 0.0410, -0.1129, -0.1857)
  Optuna: 18 trials, best Sharpe = 0.0026
  Best params: n_estimators=115, max_depth=5, lr=0.0695, leaves=37
  Best confidence_threshold: 0.635
  Best training_days: 290
  Retrained on full data (870 samples, 47 features)
  OOD: 16 features, cutoff (q=0.7) = 9.26
  Model trained for 2023-01: 93 test candles with features, confidence_threshold=0.616
[predict] 2023-01-01 16:00 BTCUSDT → LONG (proba=0.71 TP=2.8%/SL=1.4%)
[trade:open] 2023-01-01 23:59 BTCUSDT LONG @ 16610.30 | SL=16377.33 TP=17076.25 | timeout=2023-01-08 23:59
[trade:close] 2023-01-08 23:59 BTCUSDT LONG → take_profit @ 17076.25 | PnL=+2.81% (net +2.71%) | cum=+7.03% 2023-01=+2.71% 2023-01-08=+2.71%
[predict] 2023-01-20 00:00 BTCUSDT → SHORT (proba=0.94 TP=8.0%/SL=4.0%)
[trade:open] 2023-01-20 07:59 BTCUSDT SHORT @ 20954.20 | SL=21789.23 TP=19284.13 | timeout=2023-01-27 07:59
[trade:close] 2023-01-20 23:59 BTCUSDT SHORT → stop_loss @ 21789.23 | PnL=-3.99% (net -4.09%) | cum=+2.94% 2023-01=-1.38% 2023-01-20=-4.09%
[predict] 2023-01-24 16:00 BTCUSDT → SHORT (proba=0.86 TP=8.1%/SL=4.1%)
[trade:open] 2023-01-24 23:59 BTCUSDT SHORT @ 22627.40 | SL=23546.31 TP=20789.59 | timeout=2023-01-31 23:59
[trade:close] 2023-01-25 23:59 BTCUSDT SHORT → stop_loss @ 23546.31 | PnL=-4.06% (net -4.16%) | cum=-1.22% 2023-01=-5.54% 2023-01-25=-4.16%[I 2026-06-01 14:57:42,601] A new study created in memory with name: no-name-a3b3079b-75aa-4b31-b80f-ac09c73f0582
[I 2026-06-01 14:57:42,918] Trial 0 finished with value: -0.01990291311549388 and parameters: {'confidence_threshold': 0.6310890415965769, 'training_days': 480, 'n_estimators': 380, 'max_depth': 4, 'num_leaves': 22, 'learning_rate': 0.01699897838270077, 'subsample': 0.5290418060840998, 'colsample_bytree': 0.9330880728874675, 'min_child_samples': 68, 'reg_alpha': 0.023585940584142682, 'reg_lambda': 1.5320059381854043e-08}. Best is trial 0 with value: -0.01990291311549388.
[I 2026-06-01 14:57:43,032] Trial 1 finished with value: -4.065565610685912 and parameters: {'confidence_threshold': 0.839468448256698, 'training_days': 420, 'n_estimators': 145, 'max_depth': 3, 'num_leaves': 23, 'learning_rate': 0.028145092716060652, 'subsample': 0.762378215816119, 'colsample_bytree': 0.7159725093210578, 'min_child_samples': 43, 'reg_alpha': 0.0032112643094417484, 'reg_lambda': 1.8007140198129195e-07}. Best is trial 0 with value: -0.01990291311549388.
[I 2026-06-01 14:57:43,175] Trial 2 finished with value: -0.09753504141911742 and parameters: {'confidence_threshold': 0.6022506269873263, 'training_days': 190, 'n_estimators': 255, 'max_depth': 5, 'num_leaves': 24, 'learning_rate': 0.05748924681991978, 'subsample': 0.7962072844310213, 'colsample_bytree': 0.5232252063599989, 'min_child_samples': 69, 'reg_alpha': 3.425445902633376e-07, 'reg_lambda': 3.850031979199519e-08}. Best is trial 0 with value: -0.01990291311549388.
[I 2026-06-01 14:57:43,427] Trial 3 finished with value: -0.07071119144140134 and parameters: {'confidence_threshold': 0.8321099380386666, 'training_days': 490, 'n_estimators': 414, 'max_depth': 3, 'num_leaves': 19, 'learning_rate': 0.1024932221692416, 'subsample': 0.7200762468698007, 'colsample_bytree': 0.5610191174223894, 'min_child_samples': 60, 'reg_alpha': 2.039373116525212e-08, 'reg_lambda': 1.527156759251193}. Best is trial 0 with value: -0.01990291311549388.
[I 2026-06-01 14:57:43,568] Trial 4 finished with value: -0.10384880671208921 and parameters: {'confidence_threshold': 0.5905729935600059, 'training_days': 340, 'n_estimators': 190, 'max_depth': 4, 'num_leaves': 41, 'learning_rate': 0.01875220945578641, 'subsample': 0.9847923138822793, 'colsample_bytree': 0.8875664116805573, 'min_child_samples': 96, 'reg_alpha': 1.1309571585271483, 'reg_lambda': 0.002404915432737351}. Best is trial 0 with value: -0.01990291311549388.
[I 2026-06-01 14:57:43,603] Trial 5 finished with value: 0.09071994308217957 and parameters: {'confidence_threshold': 0.8226559822580909, 'training_days': 50, 'n_estimators': 138, 'max_depth': 3, 'num_leaves': 30, 'learning_rate': 0.03750796359625606, 'subsample': 0.6356745158869479, 'colsample_bytree': 0.9143687545759647, 'min_child_samples': 48, 'reg_alpha': 3.376063348877853e-06, 'reg_lambda': 0.0007660634613082914}. Best is trial 5 with value: 0.09071994308217957.
[I 2026-06-01 14:57:43,720] Trial 6 finished with value: -0.03996320470816933 and parameters: {'confidence_threshold': 0.5493234787411669, 'training_days': 410, 'n_estimators': 83, 'max_depth': 5, 'num_leaves': 52, 'learning_rate': 0.019657448966046126, 'subsample': 0.5027610585618012, 'colsample_bytree': 0.9077307142274171, 'min_child_samples': 77, 'reg_alpha': 0.03639690979811287, 'reg_lambda': 0.08738424135626986}. Best is trial 5 with value: 0.09071994308217957.
[I 2026-06-01 14:57:43,810] Trial 7 finished with value: -0.09962060831100457 and parameters: {'confidence_threshold': 0.5259156281069316, 'training_days': 180, 'n_estimators': 102, 'max_depth': 5, 'num_leaves': 45, 'learning_rate': 0.030816017044468066, 'subsample': 0.5317791751430119, 'colsample_bytree': 0.6554911608578311, 'min_child_samples': 46, 'reg_alpha': 0.036851536911881845, 'reg_lambda': 0.005470376807480391}. Best is trial 5 with value: 0.09071994308217957.
[I 2026-06-01 14:57:43,905] Trial 8 finished with value: -0.07337518783713685 and parameters: {'confidence_threshold': 0.8105244599017143, 'training_days': 240, 'n_estimators': 103, 'max_depth': 5, 'num_leaves': 52, 'learning_rate': 0.06746437142284309, 'subsample': 0.8854835899772805, 'colsample_bytree': 0.7468977981821954, 'min_child_samples': 62, 'reg_alpha': 7.04480806377519e-05, 'reg_lambda': 1.6934490731313353e-08}. Best is trial 5 with value: 0.09071994308217957.
[I 2026-06-01 14:57:43,926] Trial 9 finished with value: -0.019428972715096852 and parameters: {'confidence_threshold': 0.5377619994476566, 'training_days': 20, 'n_estimators': 337, 'max_depth': 3, 'num_leaves': 39, 'learning_rate': 0.21907142272152816, 'subsample': 0.6246461145744375, 'colsample_bytree': 0.7051914615178149, 'min_child_samples': 81, 'reg_alpha': 1.1459970229341322e-06, 'reg_lambda': 4.929685216887945e-08}. Best is trial 5 with value: 0.09071994308217957.
[I 2026-06-01 14:57:43,965] Trial 10 finished with value: -1.9932617555167784 and parameters: {'confidence_threshold': 0.7318981109748116, 'training_days': 10, 'n_estimators': 487, 'max_depth': 4, 'num_leaves': 31, 'learning_rate': 0.14704103471568217, 'subsample': 0.628963476300746, 'colsample_bytree': 0.987470107623585, 'min_child_samples': 25, 'reg_alpha': 2.608784411827665e-05, 'reg_lambda': 3.3639426888455256e-06}. Best is trial 5 with value: 0.09071994308217957.
[I 2026-06-01 14:57:44,001] Trial 11 finished with value: -0.019428972715096852 and parameters: {'confidence_threshold': 0.715357026933722, 'training_days': 20, 'n_estimators': 291, 'max_depth': 3, 'num_leaves': 33, 'learning_rate': 0.29081576079680116, 'subsample': 0.6496599335113177, 'colsample_bytree': 0.8271697325369484, 'min_child_samples': 92, 'reg_alpha': 1.8335640581015016e-06, 'reg_lambda': 1.7775498934647403e-05}. Best is trial 5 with value: 0.09071994308217957.
[I 2026-06-01 14:57:44,084] Trial 12 finished with value: 0.032333432823682944 and parameters: {'confidence_threshold': 0.7456670193224102, 'training_days': 90, 'n_estimators': 293, 'max_depth': 3, 'num_leaves': 33, 'learning_rate': 0.2959628420607887, 'subsample': 0.6274745095999714, 'colsample_bytree': 0.6562433298545489, 'min_child_samples': 84, 'reg_alpha': 3.1740335584318674e-06, 'reg_lambda': 7.90277059723651e-05}. Best is trial 5 with value: 0.09071994308217957.
[I 2026-06-01 14:57:44,194] Trial 13 finished with value: 0.05291383467397122 and parameters: {'confidence_threshold': 0.7624124070703755, 'training_days': 110, 'n_estimators': 216, 'max_depth': 3, 'num_leaves': 62, 'learning_rate': 0.034579577583053196, 'subsample': 0.6866291716128416, 'colsample_bytree': 0.5961799392941978, 'min_child_samples': 46, 'reg_alpha': 3.219567910488193e-08, 'reg_lambda': 6.437971469334524e-05}. Best is trial 5 with value: 0.09071994308217957.
[I 2026-06-01 14:57:44,294] Trial 14 finished with value: 0.01947541549864352 and parameters: {'confidence_threshold': 0.7871652886153421, 'training_days': 120, 'n_estimators': 211, 'max_depth': 3, 'num_leaves': 60, 'learning_rate': 0.01138810911421251, 'subsample': 0.7084100755676976, 'colsample_bytree': 0.8116145799213325, 'min_child_samples': 43, 'reg_alpha': 2.5865334737159037e-08, 'reg_lambda': 0.0006284807489164356}. Best is trial 5 with value: 0.09071994308217957.
[I 2026-06-01 14:57:44,403] Trial 15 finished with value: 0.06507852145021902 and parameters: {'confidence_threshold': 0.7731609408813044, 'training_days': 100, 'n_estimators': 176, 'max_depth': 4, 'num_leaves': 61, 'learning_rate': 0.04150363557318296, 'subsample': 0.824979230030663, 'colsample_bytree': 0.5868444014021342, 'min_child_samples': 27, 'reg_alpha': 7.691552343527566e-08, 'reg_lambda': 0.019345028254750467}. Best is trial 5 with value: 0.09071994308217957.
[I 2026-06-01 14:57:44,501] Trial 16 finished with value: 0.08970630412659494 and parameters: {'confidence_threshold': 0.6760523483882178, 'training_days': 90, 'n_estimators': 161, 'max_depth': 4, 'num_leaves': 54, 'learning_rate': 0.04565560109570514, 'subsample': 0.8649514202852935, 'colsample_bytree': 0.8000073282539127, 'min_child_samples': 24, 'reg_alpha': 0.0003728785861091332, 'reg_lambda': 0.04001143905238397}. Best is trial 5 with value: 0.09071994308217957.
