[I 2026-06-01 14:58:33,224] Trial 6 finished with value: -0.08343732684723634 and parameters: {'confidence_threshold': 0.5493234787411669, 'training_days': 410, 'n_estimators': 83, 'max_depth': 5, 'num_leaves': 52, 'learning_rate': 0.019657448966046126, 'subsample': 0.5027610585618012, 'colsample_bytree': 0.9077307142274171, 'min_child_samples': 77, 'reg_alpha': 0.03639690979811287, 'reg_lambda': 0.08738424135626986}. Best is trial 0 with value: -0.03436376269160759.

    [trial 8] 47 features, training_days=450 | threshold=0.720 | labels: 1055 long, 1113 short (49/51%)
    [trial 8] Sharpe=-0.0331 (folds: 0.2527, -0.3096, -0.1242, -0.0870, 0.1025)
    [trial 9] 47 features, training_days=20 | threshold=0.727 | labels: 1055 long, 1113 short (49/51%)
    [trial 9] Sharpe=-1.9438 (folds: 0.0894, 0.0300, 0.0909, -10.0000, 0.0709)
    [trial 10] 47 features, training_days=130 | threshold=0.840 | labels: 1055 long, 1113 short (49/51%)
    [trial 10] Sharpe=0.0299 (folds: 0.3081, -0.1919, -0.0774, -0.1752, 0.2860)
    [trial 11] 47 features, training_days=140 | threshold=0.849 | labels: 1055 long, 1113 short (49/51%)
    [trial 11] Sharpe=-0.1018 (folds: 0.1709, -0.2753, -0.1447, -0.2781, 0.0183)
    [trial 12] 47 features, training_days=120 | threshold=0.839 | labels: 1055 long, 1113 short (49/51%)
    [trial 12] Sharpe=-0.0355 (folds: 0.3811, -0.1806, -0.1932, -0.2544, 0.0698)
    [trial 13] 47 features, training_days=200 | threshold=0.504 | labels: 1055 long, 1113 short (49/51%)
    [trial 13] Sharpe=-0.0719 (folds: 0.1730, -0.2542, -0.0773, -0.2383, 0.0372)
    [trial 14] 47 features, training_days=80 | threshold=0.772 | labels: 1055 long, 1113 short (49/51%)
    [trial 14] Sharpe=-0.0082 (folds: 0.1971, -0.0573, -0.0838, -0.0960, -0.0009)
    [trial 15] 47 features, training_days=180 | threshold=0.612 | labels: 1055 long, 1113 short (49/51%)
    [trial 15] Sharpe=-0.0572 (folds: 0.1853, -0.3154, -0.0730, -0.2583, 0.1754)
    [trial 16] 47 features, training_days=70 | threshold=0.781 | labels: 1055 long, 1113 short (49/51%)
    [trial 16] Sharpe=0.0315 (folds: 0.2251, -0.0508, -0.0264, -0.0896, 0.0992)
    [trial 17] 47 features, training_days=360 | threshold=0.793 | labels: 1055 long, 1113 short (49/51%)
    [trial 17] Sharpe=-0.1577 (folds: 0.2890, -0.4193, -0.3780, -0.1411, -0.1390)
  Optuna: 18 trials, best Sharpe = 0.0315
  Best params: n_estimators=229, max_depth=4, lr=0.0197, leaves=50
  Best confidence_threshold: 0.781
  Best training_days: 70
  Retrained on full data (210 samples, 47 features)
  OOD: 16 features, cutoff (q=0.7) = 9.88
  Model trained for 2023-06: 90 test candles with features, confidence_threshold=0.720
[predict] 2023-06-01 00:00 BTCUSDT → LONG (proba=0.75 TP=6.3%/SL=3.1%)
[trade:open] 2023-06-01 07:59 BTCUSDT LONG @ 26790.20 | SL=25950.36 TP=28469.87 | timeout=2023-06-08 07:59
[trade:close] 2023-06-05 23:59 BTCUSDT LONG → stop_loss @ 25950.36 | PnL=-3.13% (net -3.23%) | cum=-28.06% 2023-06=-3.23% 2023-06-05=-3.23%
[predict] 2023-06-08 08:00 BTCUSDT → SHORT (proba=0.93 TP=7.0%/SL=3.5%)
[trade:open] 2023-06-08 15:59 BTCUSDT SHORT @ 26705.90 | SL=27646.22 TP=24825.27 | timeout=2023-06-15 15:59
[trade:close] 2023-06-14 23:59 BTCUSDT SHORT → take_profit @ 24825.27 | PnL=+7.04% (net +6.94%) | cum=-21.12% 2023-06=+3.71% 2023-06-14=+6.94%
[predict] 2023-06-25 16:00 BTCUSDT → LONG (proba=0.77 TP=7.0%/SL=3.5%)
[trade:open] 2023-06-25 23:59 BTCUSDT LONG @ 30458.00 | SL=29384.44 TP=32605.12 | timeout=2023-07-02 23:59
[lgbm] === Training for 2023-07 ===
  Train window: 2021-07-01 → 2023-06-23
  2168 training samples from 1 symbols
  Samples per month: 2021-07: 93, 2021-08: 93, 2021-09: 90, 2021-10: 93, 2021-11: 90, 2021-12: 93, 2022-01: 93, 2022-02: 84, 2022-03: 93, 2022-04: 90, 2022-05: 93, 2022-06: 90, 2022-07: 93, 2022-08: 93, 2022-09: 90, 2022-10: 93, 2022-11: 90, 2022-12: 93, 2023-01: 93, 2023-02: 84, 2023-03: 93, 2023-04: 90, 2023-05: 93, 2023-06: 68
  [label] 2021-08-31 16:00 BTCUSDT entry=47150.3200 → LONG | long=tp(+8.61%) short=sl(-4.46%) | scanned=15 | long_tp_only
  [label] 2021-09-02 16:00 BTCUSDT entry=49299.1400 → SHORT | long=sl(-4.22%) short=sl(-4.22%) | scanned=14 | no_tp→fwd_return=-5.3858
  [label] 2021-09-06 16:00 BTCUSDT entry=52683.9700 → SHORT | long=sl(-3.85%) short=tp(+7.40%) | scanned=2 | short_tp_only
  [label] 2021-10-01 08:00 BTCUSDT entry=47339.9900 → LONG | long=tp(+11.87%) short=sl(-6.09%) | scanned=15 | long_tp_only
  [label] 2021-11-22 16:00 BTCUSDT entry=56268.3100 → LONG | long=timeout(+2.67%) short=timeout(-2.87%) | scanned=22 | no_tp→fwd_return=+2.7718
  [label] 2022-05-07 16:00 BTCUSDT entry=35466.7000 → SHORT | long=sl(-5.10%) short=tp(+9.89%) | scanned=6 | short_tp_only
  [label] 2022-05-11 16:00 BTCUSDT entry=29074.7000 → SHORT | long=timeout(-1.39%) short=timeout(+1.19%) | scanned=22 | no_tp→fwd_return=-1.2867
  [label] 2022-05-22 08:00 BTCUSDT entry=29834.8000 → SHORT | long=sl(-5.62%) short=timeout(+1.99%) | scanned=22 | no_tp→fwd_return=-2.0925
  [label] 2022-07-06 08:00 BTCUSDT entry=20140.1000 → LONG | long=tp(+11.53%) short=sl(-5.91%) | scanned=5 | long_tp_only
  [label] 2022-07-14 16:00 BTCUSDT entry=20578.6000 → LONG | long=tp(+12.14%) short=sl(-6.22%) | scanned=14 | long_tp_only
  [label] 2022-10-13 00:00 BTCUSDT entry=19000.1000 → SHORT | long=sl(-2.70%) short=tp(+5.10%) | scanned=1 | short_tp_only
  [label] 2022-11-14 00:00 BTCUSDT entry=16813.0000 → SHORT | long=timeout(-4.74%) short=timeout(+4.54%) | scanned=22 | no_tp→fwd_return=-4.6440
  [label] 2022-11-30 00:00 BTCUSDT entry=16874.1000 → SHORT | long=timeout(-0.80%) short=sl(-3.31%) | scanned=22 | no_tp→fwd_return=-0.7034
  [label] 2022-12-12 16:00 BTCUSDT entry=17200.0000 → LONG | long=tp(+3.69%) short=sl(-1.99%) | scanned=2 | long_tp_only
  [label] 2022-12-31 08:00 BTCUSDT entry=16586.0000 → LONG | long=timeout(+2.00%) short=sl(-1.74%) | scanned=22 | no_tp→fwd_return=+2.1012
  [label] 2023-01-06 16:00 BTCUSDT entry=16943.8000 → LONG | long=tp(+2.94%) short=sl(-1.62%) | scanned=12 | long_tp_only
  [label] 2023-01-19 00:00 BTCUSDT entry=20818.2000 → LONG | long=tp(+8.59%) short=sl(-4.44%) | scanned=5 | long_tp_only
  [label] 2023-02-27 08:00 BTCUSDT entry=23546.5000 → SHORT | long=sl(-3.63%) short=timeout(+4.16%) | scanned=22 | no_tp→fwd_return=-4.2592
  [label] 2023-03-09 08:00 BTCUSDT entry=21637.4000 → SHORT | long=sl(-3.17%) short=tp(+6.04%) | scanned=1 | short_tp_only
  [label] 2023-06-03 08:00 BTCUSDT entry=27292.7000 → SHORT | long=sl(-2.78%) short=tp(+5.25%) | scanned=7 | short_tp_only
  Labels: 1066 long (49.2%), 1102 short (50.8%) | weights: min=1.00, mean=3.26, max=10.00
  Features: 2168/2168 matched, 47 columns
  CV gap: 22 rows
  [ensemble 1/3] seed=42
    [trial 0] 47 features, training_days=480 | threshold=0.631 | labels: 1066 long, 1102 short (49/51%)
    [CV fold 0] train_end=2021-10-22 08:00 | val_start=2021-10-30 00:00 | gap=184h (22 rows)
    [CV fold 1] train_end=2022-02-19 16:00 | val_start=2022-02-27 08:00 | gap=184h (22 rows)
    [CV fold 2] train_end=2022-06-20 00:00 | val_start=2022-06-27 16:00 | gap=184h (22 rows)
    [CV fold 3] train_end=2022-10-18 08:00 | val_start=2022-10-26 00:00 | gap=184h (22 rows)
    [CV fold 4] train_end=2023-02-15 16:00 | val_start=2023-02-23 08:00 | gap=184h (22 rows)
    [trial 0] Sharpe=-0.0344 (folds: 0.1198, -0.0924, -0.0466, -0.1798, 0.0272)
    [trial 1] 47 features, training_days=420 | threshold=0.839 | labels: 1066 long, 1102 short (49/51%)
    [trial 1] Sharpe=-1.9165 (folds: -0.0246, -0.3762, 0.8019, 0.0163, -10.0000)
    [trial 2] 47 features, training_days=190 | threshold=0.602 | labels: 1066 long, 1102 short (49/51%)
    [trial 2] Sharpe=-0.0451 (folds: 0.1128, -0.0029, -0.0358, -0.3132, 0.0134)
    [trial 3] 47 features, training_days=490 | threshold=0.832 | labels: 1066 long, 1102 short (49/51%)
    [trial 3] Sharpe=-0.1103 (folds: -0.0176, -0.0950, -0.0800, -0.3658, 0.0070)
    [trial 4] 47 features, training_days=340 | threshold=0.591 | labels: 1066 long, 1102 short (49/51%)
    [trial 4] Sharpe=-0.1135 (folds: -0.0551, -0.1047, -0.0986, -0.2546, -0.0545)
    [trial 5] 47 features, training_days=50 | threshold=0.823 | labels: 1066 long, 1102 short (49/51%)
    [trial 5] Sharpe=-0.1374 (folds: 0.2631, 0.2190, -1.0911, -0.1040, 0.0263)
    [trial 6] 47 features, training_days=410 | threshold=0.549 | labels: 1066 long, 1102 short (49/51%)
    [trial 6] Sharpe=-0.0834 (folds: -0.0930, -0.1490, -0.0292, -0.1996, 0.0537)
    [trial 7] 47 features, training_days=180 | threshold=0.526 | labels: 1066 long, 1102 short (49/51%)
    [trial 7] Sharpe=-0.0486 (folds: 0.0374, -0.0905, 0.0452, -0.2076, -0.0276)[I 2026-06-01 14:58:33,318] Trial 7 finished with value: -0.04864928253815813 and parameters: {'confidence_threshold': 0.5259156281069316, 'training_days': 180, 'n_estimators': 102, 'max_depth': 5, 'num_leaves': 45, 'learning_rate': 0.030816017044468066, 'subsample': 0.5317791751430119, 'colsample_bytree': 0.6554911608578311, 'min_child_samples': 46, 'reg_alpha': 0.036851536911881845, 'reg_lambda': 0.005470376807480391}. Best is trial 0 with value: -0.03436376269160759.
[I 2026-06-01 14:58:33,432] Trial 8 finished with value: 0.0460496518671963 and parameters: {'confidence_threshold': 0.8105244599017143, 'training_days': 240, 'n_estimators': 103, 'max_depth': 5, 'num_leaves': 52, 'learning_rate': 0.06746437142284309, 'subsample': 0.8854835899772805, 'colsample_bytree': 0.7468977981821954, 'min_child_samples': 62, 'reg_alpha': 7.04480806377519e-05, 'reg_lambda': 1.6934490731313353e-08}. Best is trial 8 with value: 0.0460496518671963.
[I 2026-06-01 14:58:33,457] Trial 9 finished with value: -2.031976005912509 and parameters: {'confidence_threshold': 0.5377619994476566, 'training_days': 20, 'n_estimators': 337, 'max_depth': 3, 'num_leaves': 39, 'learning_rate': 0.21907142272152816, 'subsample': 0.6246461145744375, 'colsample_bytree': 0.7051914615178149, 'min_child_samples': 81, 'reg_alpha': 1.1459970229341322e-06, 'reg_lambda': 4.929685216887945e-08}. Best is trial 8 with value: 0.0460496518671963.
[I 2026-06-01 14:58:34,008] Trial 10 finished with value: -0.1451691852684193 and parameters: {'confidence_threshold': 0.734042426776949, 'training_days': 280, 'n_estimators': 487, 'max_depth': 5, 'num_leaves': 62, 'learning_rate': 0.10432148521337849, 'subsample': 0.9416850669512905, 'colsample_bytree': 0.8120417635861826, 'min_child_samples': 27, 'reg_alpha': 7.238112263003475e-05, 'reg_lambda': 3.3639426888455256e-06}. Best is trial 8 with value: 0.0460496518671963.
[I 2026-06-01 14:58:34,197] Trial 11 finished with value: -0.036108700479451764 and parameters: {'confidence_threshold': 0.6954836557727516, 'training_days': 170, 'n_estimators': 291, 'max_depth': 4, 'num_leaves': 55, 'learning_rate': 0.010397937137834207, 'subsample': 0.8696252151616218, 'colsample_bytree': 0.8093560736802401, 'min_child_samples': 63, 'reg_alpha': 0.0002674461616954016, 'reg_lambda': 7.868729181011707e-06}. Best is trial 8 with value: 0.0460496518671963.
[I 2026-06-01 14:58:34,468] Trial 12 finished with value: -0.061642267891034754 and parameters: {'confidence_threshold': 0.7676836037761952, 'training_days': 270, 'n_estimators': 389, 'max_depth': 4, 'num_leaves': 33, 'learning_rate': 0.0656285649451873, 'subsample': 0.8361663661711445, 'colsample_bytree': 0.9958605161679226, 'min_child_samples': 89, 'reg_alpha': 1.9900097930347052, 'reg_lambda': 4.10828110898116e-06}. Best is trial 8 with value: 0.0460496518671963.
[I 2026-06-01 14:58:34,649] Trial 13 finished with value: -0.0696396395799868 and parameters: {'confidence_threshold': 0.6459687862602262, 'training_days': 350, 'n_estimators': 230, 'max_depth': 4, 'num_leaves': 52, 'learning_rate': 0.26425410571940877, 'subsample': 0.912491808253448, 'colsample_bytree': 0.6250616944328158, 'min_child_samples': 72, 'reg_alpha': 0.00676093630877994, 'reg_lambda': 4.7279087693151007e-07}. Best is trial 8 with value: 0.0460496518671963.
[I 2026-06-01 14:58:34,825] Trial 14 finished with value: -0.10675123540668541 and parameters: {'confidence_threshold': 0.6613117499385245, 'training_days': 100, 'n_estimators': 499, 'max_depth': 4, 'num_leaves': 15, 'learning_rate': 0.10071424330426133, 'subsample': 0.6697924799608193, 'colsample_bytree': 0.8077573619878425, 'min_child_samples': 55, 'reg_alpha': 4.672653156427479e-05, 'reg_lambda': 1.1032173338053698e-08}. Best is trial 8 with value: 0.0460496518671963.
[I 2026-06-01 14:58:34,943] Trial 15 finished with value: -8.02864357463072 and parameters: {'confidence_threshold': 0.7776989704420677, 'training_days': 490, 'n_estimators': 52, 'max_depth': 5, 'num_leaves': 61, 'learning_rate': 0.010359623362260938, 'subsample': 0.6015874640141092, 'colsample_bytree': 0.7688863617704711, 'min_child_samples': 27, 'reg_alpha': 0.194459601930754, 'reg_lambda': 5.8222453133869754e-05}. Best is trial 8 with value: 0.0460496518671963.
[I 2026-06-01 14:58:35,217] Trial 16 finished with value: -0.09305955104924234 and parameters: {'confidence_threshold': 0.7081053312610146, 'training_days': 220, 'n_estimators': 339, 'max_depth': 4, 'num_leaves': 46, 'learning_rate': 0.15013971957309138, 'subsample': 0.713173333047047, 'colsample_bytree': 0.9826162589395974, 'min_child_samples': 36, 'reg_alpha': 1.6230643075200477e-05, 'reg_lambda': 4.785559418357464e-07}. Best is trial 8 with value: 0.0460496518671963.
[I 2026-06-01 14:58:35,338] Trial 17 finished with value: -0.046373204818265554 and parameters: {'confidence_threshold': 0.622186388565255, 'training_days': 110, 'n_estimators': 417, 'max_depth': 4, 'num_leaves': 31, 'learning_rate': 0.04529593603674714, 'subsample': 0.5775708471916033, 'colsample_bytree': 0.8673698743677226, 'min_child_samples': 87, 'reg_alpha': 0.001937810591782202, 'reg_lambda': 2.6058605975691694e-05}. Best is trial 8 with value: 0.0460496518671963.
[I 2026-06-01 14:58:35,572] A new study created in memory with name: no-name-5a85b316-7cf2-43f2-9419-635384b578f0
[I 2026-06-01 14:58:35,658] Trial 0 finished with value: -0.03419042506649378 and parameters: {'confidence_threshold': 0.7437642149592516, 'training_days': 150, 'n_estimators': 152, 'max_depth': 4, 'num_leaves': 50, 'learning_rate': 0.04216766425047743, 'subsample': 0.9903820991923078, 'colsample_bytree': 0.8424148692924316, 'min_child_samples': 58, 'reg_alpha': 3.381097259762742e-05, 'reg_lambda': 1.2263152961306247e-05}. Best is trial 0 with value: -0.03419042506649378.
[I 2026-06-01 14:58:35,729] Trial 1 finished with value: -2.115898627721065 and parameters: {'confidence_threshold': 0.7551673975844145, 'training_days': 220, 'n_estimators': 76, 'max_depth': 4, 'num_leaves': 51, 'learning_rate': 0.018602118810743477, 'subsample': 0.5877258780737462, 'colsample_bytree': 0.7657756869209191, 'min_child_samples': 63, 'reg_alpha': 0.005123994170264194, 'reg_lambda': 0.44145470178120466}. Best is trial 0 with value: -0.03419042506649378.
[I 2026-06-01 14:58:35,993] Trial 2 finished with value: -0.10401379718020057 and parameters: {'confidence_threshold': 0.7535593637012223, 'training_days': 310, 'n_estimators': 375, 'max_depth': 3, 'num_leaves': 32, 'learning_rate': 0.021735641882032388, 'subsample': 0.6468570231944146, 'colsample_bytree': 0.8154880619272439, 'min_child_samples': 27, 'reg_alpha': 8.004064028491336e-05, 'reg_lambda': 7.546835261630524e-05}. Best is trial 0 with value: -0.03419042506649378.
[I 2026-06-01 14:58:36,182] Trial 3 finished with value: -0.11349971462044797 and parameters: {'confidence_threshold': 0.6727897841776072, 'training_days': 220, 'n_estimators': 190, 'max_depth': 4, 'num_leaves': 58, 'learning_rate': 0.24810689332636193, 'subsample': 0.7509183379421682, 'colsample_bytree': 0.8119764758960556, 'min_child_samples': 29, 'reg_alpha': 7.1708285081421445e-06, 'reg_lambda': 5.412973582738627e-05}. Best is trial 0 with value: -0.03419042506649378.
[I 2026-06-01 14:58:36,312] Trial 4 finished with value: -0.03747837460218775 and parameters: {'confidence_threshold': 0.803208205259178, 'training_days': 130, 'n_estimators': 267, 'max_depth': 5, 'num_leaves': 40, 'learning_rate': 0.08041175317374143, 'subsample': 0.5603143329951619, 'colsample_bytree': 0.9131704002534167, 'min_child_samples': 68, 'reg_alpha': 0.0008046593428183385, 'reg_lambda': 1.2158346158765583e-05}. Best is trial 0 with value: -0.03419042506649378.
[I 2026-06-01 14:58:36,536] Trial 5 finished with value: -0.025811068242309294 and parameters: {'confidence_threshold': 0.6064422761595144, 'training_days': 210, 'n_estimators': 357, 'max_depth': 5, 'num_leaves': 40, 'learning_rate': 0.0974221287220869, 'subsample': 0.7929682762811064, 'colsample_bytree': 0.8124517510478, 'min_child_samples': 74, 'reg_alpha': 0.3811377260781234, 'reg_lambda': 5.607314238392041e-08}. Best is trial 5 with value: -0.025811068242309294.
[I 2026-06-01 14:58:36,653] Trial 6 finished with value: -0.05809950837618381 and parameters: {'confidence_threshold': 0.7672889945051684, 'training_days': 130, 'n_estimators': 137, 'max_depth': 4, 'num_leaves': 19, 'learning_rate': 0.2031117614248665, 'subsample': 0.8136244860256343, 'colsample_bytree': 0.8617081790949774, 'min_child_samples': 21, 'reg_alpha': 0.002238138278733199, 'reg_lambda': 0.001025809534977322}. Best is trial 5 with value: -0.025811068242309294.
[I 2026-06-01 14:58:36,729] Trial 7 finished with value: -0.06076710401992576 and parameters: {'confidence_threshold': 0.555635875450653, 'training_days': 80, 'n_estimators': 363, 'max_depth': 3, 'num_leaves': 48, 'learning_rate': 0.06590089024008658, 'subsample': 0.6944752870615722, 'colsample_bytree': 0.962566244806993, 'min_child_samples': 88, 'reg_alpha': 1.6465620446426067e-05, 'reg_lambda': 2.4678750890085655e-08}. Best is trial 5 with value: -0.025811068242309294.
[I 2026-06-01 14:58:37,062] Trial 8 finished with value: -0.09016586918960247 and parameters: {'confidence_threshold': 0.6066688256938841, 'training_days': 200, 'n_estimators': 367, 'max_depth': 5, 'num_leaves': 32, 'learning_rate': 0.13377519215934996, 'subsample': 0.7965884582811106, 'colsample_bytree': 0.8458508993500886, 'min_child_samples': 32, 'reg_alpha': 3.889436043816386e-05, 'reg_lambda': 1.4713062489380356e-06}. Best is trial 5 with value: -0.025811068242309294.
[I 2026-06-01 14:58:37,284] Trial 9 finished with value: -0.06486925030600918 and parameters: {'confidence_threshold': 0.6202096049169137, 'training_days': 260, 'n_estimators': 350, 'max_depth': 3, 'num_leaves': 21, 'learning_rate': 0.02989540198065364, 'subsample': 0.8307821683331218, 'colsample_bytree': 0.923253112635361, 'min_child_samples': 64, 'reg_alpha': 0.4898604619604203, 'reg_lambda': 2.9076377687066166e-05}. Best is trial 5 with value: -0.025811068242309294.
[I 2026-06-01 14:58:37,661] Trial 10 finished with value: -0.04560418190641542 and parameters: {'confidence_threshold': 0.5342665212695602, 'training_days': 470, 'n_estimators': 493, 'max_depth': 5, 'num_leaves': 63, 'learning_rate': 0.010221918552934462, 'subsample': 0.9166551855891288, 'colsample_bytree': 0.6202684210924141, 'min_child_samples': 99, 'reg_alpha': 2.371385268938747e-08, 'reg_lambda': 8.795022395727933e-08}. Best is trial 5 with value: -0.025811068242309294.
[I 2026-06-01 14:58:37,691] Trial 11 finished with value: -4.071845027841681 and parameters: {'confidence_threshold': 0.6853230952586662, 'training_days': 30, 'n_estimators': 240, 'max_depth': 4, 'num_leaves': 42, 'learning_rate': 0.04247104611648824, 'subsample': 0.9948913007509467, 'colsample_bytree': 0.6778283959364831, 'min_child_samples': 45, 'reg_alpha': 5.52148235930095, 'reg_lambda': 3.1004210825103437e-07}. Best is trial 5 with value: -0.025811068242309294.
[I 2026-06-01 14:58:37,763] Trial 12 finished with value: -0.09002507669431856 and parameters: {'confidence_threshold': 0.66034247783242, 'training_days': 360, 'n_estimators': 51, 'max_depth': 5, 'num_leaves': 51, 'learning_rate': 0.10074539131962083, 'subsample': 0.9930499811015767, 'colsample_bytree': 0.5201164353688423, 'min_child_samples': 78, 'reg_alpha': 0.09015824224036377, 'reg_lambda': 0.004982038141650091}. Best is trial 5 with value: -0.025811068242309294.
[I 2026-06-01 14:58:38,012] Trial 13 finished with value: -0.05124625355168875 and parameters: {'confidence_threshold': 0.7129257884245761, 'training_days': 140, 'n_estimators': 475, 'max_depth': 4, 'num_leaves': 31, 'learning_rate': 0.04317436237981049, 'subsample': 0.884465263912419, 'colsample_bytree': 0.7082407533656954, 'min_child_samples': 50, 'reg_alpha': 1.097601689643257e-07, 'reg_lambda': 1.147897733478235e-08}. Best is trial 5 with value: -0.025811068242309294.
[I 2026-06-01 14:58:38,230] Trial 14 finished with value: -0.09304661168935793 and parameters: {'confidence_threshold': 0.5988142951252462, 'training_days': 340, 'n_estimators': 166, 'max_depth': 5, 'num_leaves': 48, 'learning_rate': 0.1227422365739807, 'subsample': 0.9056603854774925, 'colsample_bytree': 0.9928858122524122, 'min_child_samples': 49, 'reg_alpha': 1.1965699977759898e-06, 'reg_lambda': 1.2106779336558252e-06}. Best is trial 5 with value: -0.025811068242309294.
[I 2026-06-01 14:58:38,260] Trial 15 finished with value: -1.9350245947556437 and parameters: {'confidence_threshold': 0.8260782159980345, 'training_days': 10, 'n_estimators': 300, 'max_depth': 4, 'num_leaves': 43, 'learning_rate': 0.0554157145744186, 'subsample': 0.507007918467014, 'colsample_bytree': 0.7588934920838852, 'min_child_samples': 78, 'reg_alpha': 0.01828979793574368, 'reg_lambda': 0.01942522303509738}. Best is trial 5 with value: -0.025811068242309294.
