[I 2026-06-01 14:56:56,930] Trial 9 finished with value: 0.06919912619790103 and parameters: {'confidence_threshold': 0.6202096049169137, 'training_days': 260, 'n_estimators': 350, 'max_depth': 3, 'num_leaves': 21, 'learning_rate': 0.02989540198065364, 'subsample': 0.8307821683331218, 'colsample_bytree': 0.923253112635361, 'min_child_samples': 64, 'reg_alpha': 0.4898604619604203, 'reg_lambda': 2.9076377687066166e-05}. Best is trial 3 with value: 0.08951091609954391.
[I 2026-06-01 14:56:57,364] Trial 10 finished with value: 0.019330520137566788 and parameters: {'confidence_threshold': 0.6756170272727778, 'training_days': 470, 'n_estimators': 493, 'max_depth': 4, 'num_leaves': 63, 'learning_rate': 0.010221918552934462, 'subsample': 0.9383547926937981, 'colsample_bytree': 0.6202684210924141, 'min_child_samples': 44, 'reg_alpha': 2.371385268938747e-08, 'reg_lambda': 0.015315426420116851}. Best is trial 3 with value: 0.08951091609954391.
[I 2026-06-01 14:56:57,631] Trial 11 finished with value: 0.07729758412463758 and parameters: {'confidence_threshold': 0.5130958894507832, 'training_days': 360, 'n_estimators': 248, 'max_depth': 5, 'num_leaves': 28, 'learning_rate': 0.29626502575289787, 'subsample': 0.7286462650868973, 'colsample_bytree': 0.6661831737797719, 'min_child_samples': 39, 'reg_alpha': 4.28336488974334e-07, 'reg_lambda': 6.470692703374516e-07}. Best is trial 3 with value: 0.08951091609954391.

  [label] 2022-01-15 00:00 BTCUSDT entry=43073.9900 → SHORT | long=sl(-4.64%) short=tp(+8.98%) | scanned=18 | short_tp_only
  [label] 2022-01-31 00:00 BTCUSDT entry=37098.6800 → LONG | long=tp(+11.63%) short=sl(-5.97%) | scanned=14 | long_tp_only
  [label] 2022-02-12 16:00 BTCUSDT entry=42199.8700 → SHORT | long=sl(-5.76%) short=sl(-5.76%) | scanned=17 | no_tp→fwd_return=-5.6748
  [label] 2022-03-03 08:00 BTCUSDT entry=42549.5000 → SHORT | long=sl(-6.78%) short=timeout(+7.88%) | scanned=22 | no_tp→fwd_return=-7.9761
  [label] 2022-03-09 16:00 BTCUSDT entry=41937.5000 → SHORT | long=sl(-5.99%) short=timeout(+1.88%) | scanned=22 | no_tp→fwd_return=-1.9832
  [label] 2022-03-22 00:00 BTCUSDT entry=42197.9000 → LONG | long=tp(+9.02%) short=sl(-4.66%) | scanned=17 | long_tp_only
  [label] 2022-04-30 08:00 BTCUSDT entry=38439.9000 → SHORT | long=sl(-4.25%) short=sl(-4.25%) | scanned=15 | no_tp→fwd_return=-4.0414
  [label] 2022-05-10 08:00 BTCUSDT entry=31314.3000 → SHORT | long=sl(-7.87%) short=timeout(+3.68%) | scanned=22 | no_tp→fwd_return=-3.7797
  [label] 2022-08-04 08:00 BTCUSDT entry=22914.3000 → LONG | long=timeout(+6.11%) short=sl(-4.80%) | scanned=22 | no_tp→fwd_return=+6.2070
  Labels: 1161 long (53.6%), 1007 short (46.4%) | weights: min=1.00, mean=3.66, max=10.00
  Features: 2168/2168 matched, 47 columns
  CV gap: 22 rows
  [ensemble 1/3] seed=42
    [trial 0] 47 features, training_days=480 | threshold=0.631 | labels: 1161 long, 1007 short (54/46%)
    [CV fold 0] train_end=2020-12-23 08:00 | val_start=2020-12-31 00:00 | gap=184h (22 rows)
    [CV fold 1] train_end=2021-04-22 16:00 | val_start=2021-04-30 08:00 | gap=184h (22 rows)
    [CV fold 2] train_end=2021-08-21 00:00 | val_start=2021-08-28 16:00 | gap=184h (22 rows)
    [CV fold 3] train_end=2021-12-19 08:00 | val_start=2021-12-27 00:00 | gap=184h (22 rows)
    [CV fold 4] train_end=2022-04-18 16:00 | val_start=2022-04-26 08:00 | gap=184h (22 rows)
    [trial 0] Sharpe=0.0472 (folds: 0.1856, 0.0286, 0.1904, -0.0974, -0.0710)
    [trial 1] 47 features, training_days=420 | threshold=0.839 | labels: 1161 long, 1007 short (54/46%)
    [trial 1] Sharpe=-2.0644 (folds: 0.1306, 0.0182, -0.0690, -10.0000, -0.4018)
    [trial 2] 47 features, training_days=190 | threshold=0.602 | labels: 1161 long, 1007 short (54/46%)
    [trial 2] Sharpe=0.0231 (folds: 0.1490, 0.0398, 0.0133, -0.1011, 0.0146)
    [trial 3] 47 features, training_days=490 | threshold=0.832 | labels: 1161 long, 1007 short (54/46%)
    [trial 3] Sharpe=0.0073 (folds: 0.1591, 0.0138, 0.1656, -0.1942, -0.1076)
    [trial 4] 47 features, training_days=340 | threshold=0.591 | labels: 1161 long, 1007 short (54/46%)
    [trial 4] Sharpe=0.0581 (folds: 0.2018, 0.0163, 0.2011, -0.0653, -0.0634)
    [trial 5] 47 features, training_days=50 | threshold=0.823 | labels: 1161 long, 1007 short (54/46%)
    [trial 5] Sharpe=0.0087 (folds: 0.2644, -0.1526, 0.0384, -0.0033, -0.1037)
    [trial 6] 47 features, training_days=410 | threshold=0.549 | labels: 1161 long, 1007 short (54/46%)
    [trial 6] Sharpe=0.0756 (folds: 0.2362, 0.0530, 0.1482, 0.1429, -0.2022)
    [trial 7] 47 features, training_days=180 | threshold=0.526 | labels: 1161 long, 1007 short (54/46%)
    [trial 7] Sharpe=0.0589 (folds: 0.1831, 0.0801, 0.0832, -0.0817, 0.0296)
    [trial 8] 47 features, training_days=240 | threshold=0.811 | labels: 1161 long, 1007 short (54/46%)
    [trial 8] Sharpe=0.0454 (folds: 0.1188, 0.0550, 0.1524, -0.0509, -0.0485)
    [trial 9] 47 features, training_days=20 | threshold=0.538 | labels: 1161 long, 1007 short (54/46%)
    [trial 9] Sharpe=-3.9037 (folds: 0.2879, 0.1338, 0.0598, -10.0000, -10.0000)
    [trial 10] 47 features, training_days=350 | threshold=0.738 | labels: 1161 long, 1007 short (54/46%)
    [trial 10] Sharpe=0.0078 (folds: 0.1928, -0.0301, 0.1599, -0.1620, -0.1218)
    [trial 11] 47 features, training_days=150 | threshold=0.503 | labels: 1161 long, 1007 short (54/46%)
    [trial 11] Sharpe=-0.0069 (folds: 0.2390, -0.1351, 0.0904, -0.0905, -0.1383)
    [trial 12] 47 features, training_days=310 | threshold=0.548 | labels: 1161 long, 1007 short (54/46%)
    [trial 12] Sharpe=0.0714 (folds: 0.2226, 0.0046, 0.2215, -0.0625, -0.0293)
    [trial 13] 47 features, training_days=340 | threshold=0.694 | labels: 1161 long, 1007 short (54/46%)
    [trial 13] Sharpe=0.0341 (folds: 0.2196, -0.0857, 0.0945, 0.1278, -0.1859)
    [trial 14] 47 features, training_days=390 | threshold=0.558 | labels: 1161 long, 1007 short (54/46%)
    [trial 14] Sharpe=0.0482 (folds: 0.2052, 0.0720, 0.1545, -0.0556, -0.1351)
    [trial 15] 47 features, training_days=270 | threshold=0.666 | labels: 1161 long, 1007 short (54/46%)
    [trial 15] Sharpe=-2.0374 (folds: 0.2724, -0.1232, 0.2089, -10.0000, -0.5451)
    [trial 16] 47 features, training_days=280 | threshold=0.571 | labels: 1161 long, 1007 short (54/46%)
    [trial 16] Sharpe=0.1036 (folds: 0.1977, 0.0821, 0.1732, 0.0775, -0.0124)
    [trial 17] 47 features, training_days=420 | threshold=0.595 | labels: 1161 long, 1007 short (54/46%)
    [trial 17] Sharpe=0.0690 (folds: 0.2106, 0.0112, 0.1712, 0.0446, -0.0925)
  Optuna: 18 trials, best Sharpe = 0.1036
  Best params: n_estimators=197, max_depth=4, lr=0.0216, leaves=35
  Best confidence_threshold: 0.571
  Best training_days: 280
  Retrained on full data (840 samples, 47 features)
  [ensemble 2/3] seed=123
    [trial 0] 47 features, training_days=150 | threshold=0.744 | labels: 1161 long, 1007 short (54/46%)
    [CV fold 0] train_end=2020-12-23 08:00 | val_start=2020-12-31 00:00 | gap=184h (22 rows)
    [CV fold 1] train_end=2021-04-22 16:00 | val_start=2021-04-30 08:00 | gap=184h (22 rows)
    [CV fold 2] train_end=2021-08-21 00:00 | val_start=2021-08-28 16:00 | gap=184h (22 rows)
    [CV fold 3] train_end=2021-12-19 08:00 | val_start=2021-12-27 00:00 | gap=184h (22 rows)
    [CV fold 4] train_end=2022-04-18 16:00 | val_start=2022-04-26 08:00 | gap=184h (22 rows)
    [trial 0] Sharpe=-0.0095 (folds: 0.1393, 0.0573, 0.1725, -0.2883, -0.1282)
    [trial 1] 47 features, training_days=220 | threshold=0.755 | labels: 1161 long, 1007 short (54/46%)
    [trial 1] Sharpe=-0.1364 (folds: 0.2038, 0.0768, -0.3496, -0.2808, -0.3321)
    [trial 2] 47 features, training_days=310 | threshold=0.754 | labels: 1161 long, 1007 short (54/46%)
    [trial 2] Sharpe=0.0329 (folds: 0.2520, -0.0003, 0.1175, -0.0369, -0.1677)
    [trial 3] 47 features, training_days=220 | threshold=0.673 | labels: 1161 long, 1007 short (54/46%)
    [trial 3] Sharpe=0.0895 (folds: 0.2300, 0.0860, 0.0496, 0.0331, 0.0488)
    [trial 4] 47 features, training_days=130 | threshold=0.803 | labels: 1161 long, 1007 short (54/46%)
    [trial 4] Sharpe=-0.0089 (folds: 0.1948, -0.1016, 0.1803, -0.1900, -0.1281)
    [trial 5] 47 features, training_days=210 | threshold=0.606 | labels: 1161 long, 1007 short (54/46%)
    [trial 5] Sharpe=0.0637 (folds: 0.1775, 0.0503, 0.0674, 0.0110, 0.0126)
    [trial 6] 47 features, training_days=130 | threshold=0.767 | labels: 1161 long, 1007 short (54/46%)
    [trial 6] Sharpe=0.0433 (folds: 0.2750, 0.0802, 0.1145, -0.1552, -0.0982)
    [trial 7] 47 features, training_days=80 | threshold=0.556 | labels: 1161 long, 1007 short (54/46%)
    [trial 7] Sharpe=-0.0185 (folds: 0.2199, -0.2570, 0.0275, -0.1514, 0.0687)
    [trial 8] 47 features, training_days=200 | threshold=0.607 | labels: 1161 long, 1007 short (54/46%)
    [trial 8] Sharpe=0.0814 (folds: 0.2560, 0.0260, 0.1265, -0.0487, 0.0472)
    [trial 9] 47 features, training_days=260 | threshold=0.620 | labels: 1161 long, 1007 short (54/46%)
    [trial 9] Sharpe=0.0692 (folds: 0.1732, 0.0127, 0.2114, -0.0339, -0.0174)
    [trial 10] 47 features, training_days=470 | threshold=0.676 | labels: 1161 long, 1007 short (54/46%)
    [trial 10] Sharpe=0.0193 (folds: 0.1890, 0.0257, 0.1171, -0.1512, -0.0840)
    [trial 11] 47 features, training_days=360 | threshold=0.513 | labels: 1161 long, 1007 short (54/46%)
    [trial 11] Sharpe=0.0773 (folds: 0.2180, 0.0358, 0.1829, 0.0173, -0.0676)
    [trial 12] 47 features, training_days=20 | threshold=0.673 | labels: 1161 long, 1007 short (54/46%)
    [trial 12] Sharpe=-3.9037 (folds: 0.2879, 0.1338, 0.0598, -10.0000, -10.0000)[I 2026-06-01 14:56:57,669] Trial 12 finished with value: -3.9036915695656873 and parameters: {'confidence_threshold': 0.6727899930733724, 'training_days': 20, 'n_estimators': 212, 'max_depth': 5, 'num_leaves': 63, 'learning_rate': 0.15265377916176726, 'subsample': 0.8941395335595879, 'colsample_bytree': 0.5196457038790347, 'min_child_samples': 37, 'reg_alpha': 1.0353404194374763e-06, 'reg_lambda': 7.796589835036051e-07}. Best is trial 3 with value: 0.08951091609954391.
[I 2026-06-01 14:56:58,035] Trial 13 finished with value: 0.07536824737730222 and parameters: {'confidence_threshold': 0.66785304776334, 'training_days': 400, 'n_estimators': 475, 'max_depth': 4, 'num_leaves': 28, 'learning_rate': 0.13909139382788904, 'subsample': 0.6692276593280039, 'colsample_bytree': 0.7082407533656954, 'min_child_samples': 51, 'reg_alpha': 1.5001709763756765e-06, 'reg_lambda': 0.004402943395258396}. Best is trial 3 with value: 0.08951091609954391.
[I 2026-06-01 14:56:58,431] Trial 14 finished with value: 0.08405876775296704 and parameters: {'confidence_threshold': 0.6066442090000221, 'training_days': 290, 'n_estimators': 419, 'max_depth': 5, 'num_leaves': 56, 'learning_rate': 0.27607551914806794, 'subsample': 0.762401725462525, 'colsample_bytree': 0.9951780710339017, 'min_child_samples': 28, 'reg_alpha': 1.0017646856123118e-08, 'reg_lambda': 1.834862228450529e-06}. Best is trial 3 with value: 0.08951091609954391.
[I 2026-06-01 14:56:58,939] Trial 15 finished with value: 0.038744243390987115 and parameters: {'confidence_threshold': 0.7050367233919248, 'training_days': 300, 'n_estimators': 436, 'max_depth': 4, 'num_leaves': 56, 'learning_rate': 0.2730303174190154, 'subsample': 0.507007918467014, 'colsample_bytree': 0.9961368242610775, 'min_child_samples': 21, 'reg_alpha': 1.1283620993926537e-08, 'reg_lambda': 3.5532501480887757}. Best is trial 3 with value: 0.08951091609954391.
[I 2026-06-01 14:56:59,068] Trial 16 finished with value: 0.010447120382940368 and parameters: {'confidence_threshold': 0.5432818053112383, 'training_days': 370, 'n_estimators': 173, 'max_depth': 4, 'num_leaves': 55, 'learning_rate': 0.20821303492818266, 'subsample': 0.7413101637994183, 'colsample_bytree': 0.5489148768447338, 'min_child_samples': 99, 'reg_alpha': 1.5574845105570906e-07, 'reg_lambda': 0.0003246232886166741}. Best is trial 3 with value: 0.08951091609954391.
[I 2026-06-01 14:56:59,414] Trial 17 finished with value: 0.04396635591190878 and parameters: {'confidence_threshold': 0.6235092015218521, 'training_days': 490, 'n_estimators': 311, 'max_depth': 5, 'num_leaves': 44, 'learning_rate': 0.11224043862909022, 'subsample': 0.9014122584775794, 'colsample_bytree': 0.764215535039988, 'min_child_samples': 50, 'reg_alpha': 0.031339913113165224, 'reg_lambda': 1.1511599544966255e-07}. Best is trial 3 with value: 0.08951091609954391.
[I 2026-06-01 14:56:59,571] A new study created in memory with name: no-name-a9a82119-1dc0-4dc2-a4c7-d7c625f3368e
[I 2026-06-01 14:56:59,767] Trial 0 finished with value: -0.014030444072596682 and parameters: {'confidence_threshold': 0.5870645682749857, 'training_days': 90, 'n_estimators': 403, 'max_depth': 5, 'num_leaves': 45, 'learning_rate': 0.0780457193679974, 'subsample': 0.9428509515574568, 'colsample_bytree': 0.8795587339164916, 'min_child_samples': 34, 'reg_alpha': 2.2465901234314442e-07, 'reg_lambda': 8.339007036475363e-05}. Best is trial 0 with value: -0.014030444072596682.
[I 2026-06-01 14:56:59,881] Trial 1 finished with value: 0.059863324266069294 and parameters: {'confidence_threshold': 0.6348453934275313, 'training_days': 290, 'n_estimators': 115, 'max_depth': 5, 'num_leaves': 37, 'learning_rate': 0.06949568759029946, 'subsample': 0.8228505074024268, 'colsample_bytree': 0.8616703220431751, 'min_child_samples': 75, 'reg_alpha': 4.2486822725010923e-07, 'reg_lambda': 1.157247767047042e-07}. Best is trial 1 with value: 0.059863324266069294.
[I 2026-06-01 14:56:59,904] Trial 2 finished with value: -0.03206577732608058 and parameters: {'confidence_threshold': 0.5849570384370288, 'training_days': 10, 'n_estimators': 212, 'max_depth': 3, 'num_leaves': 41, 'learning_rate': 0.18452095998378365, 'subsample': 0.6001060822924371, 'colsample_bytree': 0.5673167293506167, 'min_child_samples': 37, 'reg_alpha': 5.733250064217131, 'reg_lambda': 0.5308454292595461}. Best is trial 1 with value: 0.059863324266069294.
[I 2026-06-01 14:56:59,980] Trial 3 finished with value: 0.060931830273044794 and parameters: {'confidence_threshold': 0.6868248626683718, 'training_days': 220, 'n_estimators': 134, 'max_depth': 3, 'num_leaves': 45, 'learning_rate': 0.033529007907491595, 'subsample': 0.8647277071858408, 'colsample_bytree': 0.778494116634046, 'min_child_samples': 96, 'reg_alpha': 2.409409937265785e-07, 'reg_lambda': 1.1642073478060009}. Best is trial 3 with value: 0.060931830273044794.
[I 2026-06-01 14:57:00,060] Trial 4 finished with value: 0.012877897545169267 and parameters: {'confidence_threshold': 0.5623121348350352, 'training_days': 300, 'n_estimators': 69, 'max_depth': 4, 'num_leaves': 32, 'learning_rate': 0.14967629360700346, 'subsample': 0.5054535233636654, 'colsample_bytree': 0.7401385194659216, 'min_child_samples': 27, 'reg_alpha': 1.4212042567426725e-07, 'reg_lambda': 0.23605753701352003}. Best is trial 3 with value: 0.060931830273044794.
[I 2026-06-01 14:57:00,487] Trial 5 finished with value: 0.04620103462770957 and parameters: {'confidence_threshold': 0.7111850244908446, 'training_days': 490, 'n_estimators': 362, 'max_depth': 5, 'num_leaves': 40, 'learning_rate': 0.05960785724162737, 'subsample': 0.5589714368907717, 'colsample_bytree': 0.6659006943232806, 'min_child_samples': 42, 'reg_alpha': 0.6741360303045295, 'reg_lambda': 6.054601607143087e-08}. Best is trial 3 with value: 0.060931830273044794.
[I 2026-06-01 14:57:00,652] Trial 6 finished with value: 0.05922812114866456 and parameters: {'confidence_threshold': 0.667482545748023, 'training_days': 420, 'n_estimators': 279, 'max_depth': 3, 'num_leaves': 45, 'learning_rate': 0.040099592560849204, 'subsample': 0.8563114696415159, 'colsample_bytree': 0.5442917781944105, 'min_child_samples': 50, 'reg_alpha': 1.6407916423707903e-08, 'reg_lambda': 2.935907642973286e-05}. Best is trial 3 with value: 0.060931830273044794.
[I 2026-06-01 14:57:00,805] Trial 7 finished with value: 0.016802867270207435 and parameters: {'confidence_threshold': 0.5497381024139926, 'training_days': 120, 'n_estimators': 408, 'max_depth': 5, 'num_leaves': 38, 'learning_rate': 0.28049122657745795, 'subsample': 0.8806573338635493, 'colsample_bytree': 0.5454054113547102, 'min_child_samples': 63, 'reg_alpha': 0.01263008637940408, 'reg_lambda': 0.04588020805366937}. Best is trial 3 with value: 0.060931830273044794.
[I 2026-06-01 14:57:01,061] Trial 8 finished with value: 0.046728686917391536 and parameters: {'confidence_threshold': 0.719644804808716, 'training_days': 450, 'n_estimators': 410, 'max_depth': 4, 'num_leaves': 57, 'learning_rate': 0.04022026551478857, 'subsample': 0.5336085426932707, 'colsample_bytree': 0.5705742850577543, 'min_child_samples': 100, 'reg_alpha': 5.916398047912201e-07, 'reg_lambda': 0.9794034214488329}. Best is trial 3 with value: 0.060931830273044794.
[I 2026-06-01 14:57:01,086] Trial 9 finished with value: -3.9036915695656873 and parameters: {'confidence_threshold': 0.7267463643917187, 'training_days': 20, 'n_estimators': 337, 'max_depth': 5, 'num_leaves': 23, 'learning_rate': 0.022153031811454605, 'subsample': 0.6305627572358737, 'colsample_bytree': 0.6613413774216214, 'min_child_samples': 81, 'reg_alpha': 5.7638634029410314e-08, 'reg_lambda': 8.26603016764008}. Best is trial 3 with value: 0.060931830273044794.
[I 2026-06-01 14:57:01,182] Trial 10 finished with value: -5.95718123977113 and parameters: {'confidence_threshold': 0.8283920119574972, 'training_days': 200, 'n_estimators': 181, 'max_depth': 3, 'num_leaves': 62, 'learning_rate': 0.011579281028220855, 'subsample': 0.7130289643560688, 'colsample_bytree': 0.9944479338273263, 'min_child_samples': 100, 'reg_alpha': 6.837313901272251e-05, 'reg_lambda': 0.0027253228209330924}. Best is trial 3 with value: 0.060931830273044794.
[I 2026-06-01 14:57:01,247] Trial 11 finished with value: -0.04294131617441786 and parameters: {'confidence_threshold': 0.6435110568867387, 'training_days': 300, 'n_estimators': 53, 'max_depth': 4, 'num_leaves': 52, 'learning_rate': 0.0222741777320615, 'subsample': 0.7864449612484271, 'colsample_bytree': 0.8566211708639163, 'min_child_samples': 82, 'reg_alpha': 2.5646023357365184e-05, 'reg_lambda': 7.359299995524362e-08}. Best is trial 3 with value: 0.060931830273044794.
[I 2026-06-01 14:57:01,346] Trial 12 finished with value: 0.05607536685420298 and parameters: {'confidence_threshold': 0.8008961038526314, 'training_days': 220, 'n_estimators': 139, 'max_depth': 4, 'num_leaves': 28, 'learning_rate': 0.09265206884400709, 'subsample': 0.9912016966112274, 'colsample_bytree': 0.8319084769095351, 'min_child_samples': 77, 'reg_alpha': 3.5050805301964397e-06, 'reg_lambda': 2.323935870907716e-06}. Best is trial 3 with value: 0.060931830273044794.
[I 2026-06-01 14:57:01,464] Trial 13 finished with value: 0.06326998574866184 and parameters: {'confidence_threshold': 0.5040535938350955, 'training_days': 350, 'n_estimators': 135, 'max_depth': 3, 'num_leaves': 17, 'learning_rate': 0.025928125322233722, 'subsample': 0.7766339475545845, 'colsample_bytree': 0.9448617910348931, 'min_child_samples': 67, 'reg_alpha': 0.0065047286221549495, 'reg_lambda': 0.006726263507857872}. Best is trial 13 with value: 0.06326998574866184.
[I 2026-06-01 14:57:01,799] Trial 14 finished with value: 0.016577759536233083 and parameters: {'confidence_threshold': 0.7723320301796328, 'training_days': 370, 'n_estimators': 500, 'max_depth': 3, 'num_leaves': 17, 'learning_rate': 0.01910898810687529, 'subsample': 0.7178512286146062, 'colsample_bytree': 0.9804520956541481, 'min_child_samples': 64, 'reg_alpha': 0.0016396234713027303, 'reg_lambda': 0.006140443387055246}. Best is trial 13 with value: 0.06326998574866184.
[I 2026-06-01 14:57:01,967] Trial 15 finished with value: 0.01305459513635071 and parameters: {'confidence_threshold': 0.5071335378771338, 'training_days': 390, 'n_estimators': 242, 'max_depth': 3, 'num_leaves': 16, 'learning_rate': 0.03535852996742348, 'subsample': 0.9130673202651429, 'colsample_bytree': 0.9314453423496907, 'min_child_samples': 91, 'reg_alpha': 0.04243469360661839, 'reg_lambda': 0.0018239710037673026}. Best is trial 13 with value: 0.06326998574866184.
[I 2026-06-01 14:57:02,068] Trial 16 finished with value: 0.02788904006970989 and parameters: {'confidence_threshold': 0.5156958281455359, 'training_days': 180, 'n_estimators': 137, 'max_depth': 3, 'num_leaves': 51, 'learning_rate': 0.010192565023565005, 'subsample': 0.7543865421398536, 'colsample_bytree': 0.7809258530181797, 'min_child_samples': 54, 'reg_alpha': 0.0006336717025407783, 'reg_lambda': 0.029497827431378437}. Best is trial 13 with value: 0.06326998574866184.
