[I 2026-06-01 15:00:09,975] Trial 13 finished with value: -2.009461399980311 and parameters: {'confidence_threshold': 0.5577371477731788, 'training_days': 10, 'n_estimators': 442, 'max_depth': 3, 'num_leaves': 63, 'learning_rate': 0.013937231793681828, 'subsample': 0.5024707401359401, 'colsample_bytree': 0.6759494634110215, 'min_child_samples': 84, 'reg_alpha': 5.421237391699009e-07, 'reg_lambda': 2.7437299203534646}. Best is trial 7 with value: 0.06197801970512359.
[I 2026-06-01 15:00:10,038] Trial 14 finished with value: 0.038357741970966475 and parameters: {'confidence_threshold': 0.5544398013533722, 'training_days': 70, 'n_estimators': 284, 'max_depth': 3, 'num_leaves': 56, 'learning_rate': 0.04074110489853438, 'subsample': 0.9182426786262438, 'colsample_bytree': 0.5045764719392084, 'min_child_samples': 86, 'reg_alpha': 6.598094881431677e-07, 'reg_lambda': 3.40293644637662e-08}. Best is trial 7 with value: 0.06197801970512359.
[I 2026-06-01 15:00:10,114] Trial 15 finished with value: 0.006819824637271437 and parameters: {'confidence_threshold': 0.5682953351985761, 'training_days': 80, 'n_estimators': 274, 'max_depth': 4, 'num_leaves': 45, 'learning_rate': 0.04264134452484515, 'subsample': 0.9296279388562269, 'colsample_bytree': 0.5093920150666754, 'min_child_samples': 83, 'reg_alpha': 5.011892081220446e-07, 'reg_lambda': 2.2651182318164283e-08}. Best is trial 7 with value: 0.06197801970512359.
[I 2026-06-01 15:00:10,286] Trial 16 finished with value: 0.04021993609959125 and parameters: {'confidence_threshold': 0.6708968705265699, 'training_days': 350, 'n_estimators': 223, 'max_depth': 3, 'num_leaves': 54, 'learning_rate': 0.0662624965928644, 'subsample': 0.8942034966435999, 'colsample_bytree': 0.6982877056862742, 'min_child_samples': 87, 'reg_alpha': 1.6323832176782968e-06, 'reg_lambda': 3.681398127218733e-07}. Best is trial 7 with value: 0.06197801970512359.
[I 2026-06-01 15:00:10,469] Trial 17 finished with value: 0.03963352412650626 and parameters: {'confidence_threshold': 0.6825760317001965, 'training_days': 370, 'n_estimators': 223, 'max_depth': 3, 'num_leaves': 33, 'learning_rate': 0.12339783258112393, 'subsample': 0.8878663791315976, 'colsample_bytree': 0.9834649850796968, 'min_child_samples': 52, 'reg_alpha': 0.031339913113165224, 'reg_lambda': 5.64595297599306e-07}. Best is trial 7 with value: 0.06197801970512359.
[I 2026-06-01 15:00:10,784] A new study created in memory with name: no-name-dd5fa0cd-8f7b-4bc4-8d43-12d1c36da094
[I 2026-06-01 15:00:10,992] Trial 0 finished with value: -0.05513436619893954 and parameters: {'confidence_threshold': 0.5870645682749857, 'training_days': 90, 'n_estimators': 403, 'max_depth': 5, 'num_leaves': 45, 'learning_rate': 0.0780457193679974, 'subsample': 0.9428509515574568, 'colsample_bytree': 0.8795587339164916, 'min_child_samples': 34, 'reg_alpha': 2.2465901234314442e-07, 'reg_lambda': 8.339007036475363e-05}. Best is trial 0 with value: -0.05513436619893954.
[I 2026-06-01 15:00:11,098] Trial 1 finished with value: 0.012095441678728109 and parameters: {'confidence_threshold': 0.6348453934275313, 'training_days': 290, 'n_estimators': 115, 'max_depth': 5, 'num_leaves': 37, 'learning_rate': 0.06949568759029946, 'subsample': 0.8228505074024268, 'colsample_bytree': 0.8616703220431751, 'min_child_samples': 75, 'reg_alpha': 4.2486822725010923e-07, 'reg_lambda': 1.157247767047042e-07}. Best is trial 1 with value: 0.012095441678728109.
[I 2026-06-01 15:00:11,115] Trial 2 finished with value: -2.009461399980311 and parameters: {'confidence_threshold': 0.5849570384370288, 'training_days': 10, 'n_estimators': 212, 'max_depth': 3, 'num_leaves': 41, 'learning_rate': 0.18452095998378365, 'subsample': 0.6001060822924371, 'colsample_bytree': 0.5673167293506167, 'min_child_samples': 37, 'reg_alpha': 5.733250064217131, 'reg_lambda': 0.5308454292595461}. Best is trial 1 with value: 0.012095441678728109.
[I 2026-06-01 15:00:11,189] Trial 3 finished with value: 0.048922334743186094 and parameters: {'confidence_threshold': 0.6868248626683718, 'training_days': 220, 'n_estimators': 134, 'max_depth': 3, 'num_leaves': 45, 'learning_rate': 0.033529007907491595, 'subsample': 0.8647277071858408, 'colsample_bytree': 0.778494116634046, 'min_child_samples': 96, 'reg_alpha': 2.409409937265785e-07, 'reg_lambda': 1.1642073478060009}. Best is trial 3 with value: 0.048922334743186094.
[I 2026-06-01 15:00:11,279] Trial 4 finished with value: 0.04182710125635194 and parameters: {'confidence_threshold': 0.5623121348350352, 'training_days': 300, 'n_estimators': 69, 'max_depth': 4, 'num_leaves': 32, 'learning_rate': 0.14967629360700346, 'subsample': 0.5054535233636654, 'colsample_bytree': 0.7401385194659216, 'min_child_samples': 27, 'reg_alpha': 1.4212042567426725e-07, 'reg_lambda': 0.23605753701352003}. Best is trial 3 with value: 0.048922334743186094.
[I 2026-06-01 15:00:11,694] Trial 5 finished with value: 0.021717596785392135 and parameters: {'confidence_threshold': 0.7111850244908446, 'training_days': 490, 'n_estimators': 362, 'max_depth': 5, 'num_leaves': 40, 'learning_rate': 0.05960785724162737, 'subsample': 0.5589714368907717, 'colsample_bytree': 0.6659006943232806, 'min_child_samples': 42, 'reg_alpha': 0.6741360303045295, 'reg_lambda': 6.054601607143087e-08}. Best is trial 3 with value: 0.048922334743186094.
[I 2026-06-01 15:00:11,890] Trial 6 finished with value: 0.03971044130520899 and parameters: {'confidence_threshold': 0.667482545748023, 'training_days': 420, 'n_estimators': 279, 'max_depth': 3, 'num_leaves': 45, 'learning_rate': 0.040099592560849204, 'subsample': 0.8563114696415159, 'colsample_bytree': 0.5442917781944105, 'min_child_samples': 50, 'reg_alpha': 1.6407916423707903e-08, 'reg_lambda': 2.935907642973286e-05}. Best is trial 3 with value: 0.048922334743186094.

    [trial 7] 47 features, training_days=180 | threshold=0.526 | labels: 1147 long, 1024 short (53/47%)
    [trial 7] Sharpe=-0.0137 (folds: -0.2138, -0.1618, 0.1052, 0.1037, 0.0982)
    [trial 8] 47 features, training_days=240 | threshold=0.811 | labels: 1147 long, 1024 short (53/47%)
    [trial 8] Sharpe=-0.0720 (folds: -0.2793, -0.3160, 0.1669, 0.2418, -0.1732)
    [trial 9] 47 features, training_days=20 | threshold=0.538 | labels: 1147 long, 1024 short (53/47%)
    [trial 9] Sharpe=-0.1474 (folds: -0.3433, -0.1234, -0.1527, -0.4692, 0.3517)
    [trial 10] 47 features, training_days=350 | threshold=0.738 | labels: 1147 long, 1024 short (53/47%)
    [trial 10] Sharpe=-0.0016 (folds: -0.3031, -0.2973, 0.3058, 0.0845, 0.2022)
    [trial 11] 47 features, training_days=480 | threshold=0.662 | labels: 1147 long, 1024 short (53/47%)
    [trial 11] Sharpe=0.0341 (folds: -0.2298, -0.1979, 0.0976, 0.3067, 0.1941)
    [trial 12] 47 features, training_days=380 | threshold=0.693 | labels: 1147 long, 1024 short (53/47%)
    [trial 12] Sharpe=-0.0379 (folds: -0.1136, -0.3294, 0.1363, 0.0186, 0.0984)
    [trial 13] 47 features, training_days=430 | threshold=0.675 | labels: 1147 long, 1024 short (53/47%)
    [trial 13] Sharpe=0.0590 (folds: -0.2496, -0.1522, 0.1892, 0.3609, 0.1466)
    [trial 14] 47 features, training_days=280 | threshold=0.747 | labels: 1147 long, 1024 short (53/47%)
    [trial 14] Sharpe=-7.9984 (folds: -10.0000, -10.0000, -10.0000, -10.0000, 0.0082)
    [trial 15] 47 features, training_days=420 | threshold=0.503 | labels: 1147 long, 1024 short (53/47%)
    [trial 15] Sharpe=0.0217 (folds: -0.2345, -0.1090, 0.1044, 0.2022, 0.1456)
    [trial 16] 47 features, training_days=320 | threshold=0.571 | labels: 1147 long, 1024 short (53/47%)
    [trial 16] Sharpe=-0.0033 (folds: -0.3008, -0.0893, 0.0995, 0.0815, 0.1929)
    [trial 17] 47 features, training_days=410 | threshold=0.707 | labels: 1147 long, 1024 short (53/47%)
    [trial 17] Sharpe=0.0176 (folds: -0.2827, -0.2533, 0.1054, 0.3399, 0.1786)
  Optuna: 18 trials, best Sharpe = 0.0590
  Best params: n_estimators=333, max_depth=4, lr=0.0180, leaves=52
  Best confidence_threshold: 0.675
  Best training_days: 430
  Retrained on full data (1290 samples, 47 features)
  [ensemble 2/3] seed=123
    [trial 0] 47 features, training_days=150 | threshold=0.744 | labels: 1147 long, 1024 short (53/47%)
    [CV fold 0] train_end=2022-07-24 08:00 | val_start=2022-08-01 00:00 | gap=184h (22 rows)
    [CV fold 1] train_end=2022-11-21 16:00 | val_start=2022-11-29 08:00 | gap=184h (22 rows)
    [CV fold 2] train_end=2023-03-22 00:00 | val_start=2023-03-29 16:00 | gap=184h (22 rows)
    [CV fold 3] train_end=2023-07-20 08:00 | val_start=2023-07-28 00:00 | gap=184h (22 rows)
    [CV fold 4] train_end=2023-11-17 16:00 | val_start=2023-11-25 08:00 | gap=184h (22 rows)
    [trial 0] Sharpe=0.0015 (folds: -0.2626, -0.4281, 0.3400, 0.2090, 0.1493)
    [trial 1] 47 features, training_days=220 | threshold=0.755 | labels: 1147 long, 1024 short (53/47%)
    [trial 1] Sharpe=-1.8800 (folds: -10.0000, -0.9208, 0.5440, 0.9903, -0.0133)
    [trial 2] 47 features, training_days=310 | threshold=0.754 | labels: 1147 long, 1024 short (53/47%)
    [trial 2] Sharpe=0.0184 (folds: -0.3477, -0.1949, 0.2191, 0.1666, 0.2488)
    [trial 3] 47 features, training_days=220 | threshold=0.673 | labels: 1147 long, 1024 short (53/47%)
    [trial 3] Sharpe=-0.0070 (folds: -0.2630, -0.1220, 0.1185, 0.2302, 0.0011)
    [trial 4] 47 features, training_days=130 | threshold=0.803 | labels: 1147 long, 1024 short (53/47%)
    [trial 4] Sharpe=0.0252 (folds: -0.2432, -0.0252, 0.2999, 0.0906, 0.0038)
    [trial 5] 47 features, training_days=210 | threshold=0.606 | labels: 1147 long, 1024 short (53/47%)
    [trial 5] Sharpe=0.0069 (folds: -0.2696, -0.0992, 0.1372, 0.2633, 0.0030)
    [trial 6] 47 features, training_days=130 | threshold=0.767 | labels: 1147 long, 1024 short (53/47%)
    [trial 6] Sharpe=0.0195 (folds: -0.1787, -0.0381, 0.1805, 0.1137, 0.0201)
    [trial 7] 47 features, training_days=80 | threshold=0.556 | labels: 1147 long, 1024 short (53/47%)
    [trial 7] Sharpe=0.0620 (folds: -0.2313, 0.0774, 0.0476, 0.1017, 0.3144)
    [trial 8] 47 features, training_days=200 | threshold=0.607 | labels: 1147 long, 1024 short (53/47%)
    [trial 8] Sharpe=0.0137 (folds: -0.2493, -0.0792, 0.1390, 0.2304, 0.0274)
    [trial 9] 47 features, training_days=260 | threshold=0.620 | labels: 1147 long, 1024 short (53/47%)
    [trial 9] Sharpe=-0.0026 (folds: -0.2340, -0.1136, 0.1368, 0.1296, 0.0681)
    [trial 10] 47 features, training_days=10 | threshold=0.525 | labels: 1147 long, 1024 short (53/47%)
    [trial 10] Sharpe=0.0340 (folds: 0.0895, 0.2173, -0.0193, -0.4692, 0.3517)
    [trial 11] 47 features, training_days=10 | threshold=0.505 | labels: 1147 long, 1024 short (53/47%)
    [trial 11] Sharpe=0.0340 (folds: 0.0895, 0.2173, -0.0193, -0.4692, 0.3517)
    [trial 12] 47 features, training_days=470 | threshold=0.511 | labels: 1147 long, 1024 short (53/47%)
    [trial 12] Sharpe=0.0119 (folds: -0.2927, -0.0500, 0.0695, 0.1772, 0.1555)
    [trial 13] 47 features, training_days=10 | threshold=0.558 | labels: 1147 long, 1024 short (53/47%)
    [trial 13] Sharpe=-2.0095 (folds: 0.0895, -10.0000, -0.0193, -0.4692, 0.3517)
    [trial 14] 47 features, training_days=70 | threshold=0.554 | labels: 1147 long, 1024 short (53/47%)
    [trial 14] Sharpe=0.0384 (folds: -0.2324, -0.0709, 0.1418, 0.0701, 0.2832)
    [trial 15] 47 features, training_days=80 | threshold=0.568 | labels: 1147 long, 1024 short (53/47%)
    [trial 15] Sharpe=0.0068 (folds: -0.2767, 0.0336, 0.0324, 0.0577, 0.1871)
    [trial 16] 47 features, training_days=350 | threshold=0.671 | labels: 1147 long, 1024 short (53/47%)
    [trial 16] Sharpe=0.0402 (folds: -0.2862, -0.0983, 0.2021, 0.2148, 0.1687)
    [trial 17] 47 features, training_days=370 | threshold=0.683 | labels: 1147 long, 1024 short (53/47%)
    [trial 17] Sharpe=0.0396 (folds: -0.2609, -0.1196, 0.1591, 0.2454, 0.1742)
  Optuna: 18 trials, best Sharpe = 0.0620
  Best params: n_estimators=363, max_depth=3, lr=0.0659, leaves=48
  Best confidence_threshold: 0.556
  Best training_days: 80
  Retrained on full data (240 samples, 47 features)
  [ensemble 3/3] seed=456
    [trial 0] 47 features, training_days=90 | threshold=0.587 | labels: 1147 long, 1024 short (53/47%)
    [CV fold 0] train_end=2022-07-24 08:00 | val_start=2022-08-01 00:00 | gap=184h (22 rows)
    [CV fold 1] train_end=2022-11-21 16:00 | val_start=2022-11-29 08:00 | gap=184h (22 rows)
    [CV fold 2] train_end=2023-03-22 00:00 | val_start=2023-03-29 16:00 | gap=184h (22 rows)
    [CV fold 3] train_end=2023-07-20 08:00 | val_start=2023-07-28 00:00 | gap=184h (22 rows)
    [CV fold 4] train_end=2023-11-17 16:00 | val_start=2023-11-25 08:00 | gap=184h (22 rows)
    [trial 0] Sharpe=-0.0551 (folds: -0.3770, -0.0766, 0.0296, -0.0523, 0.2006)
    [trial 1] 47 features, training_days=290 | threshold=0.635 | labels: 1147 long, 1024 short (53/47%)
    [trial 1] Sharpe=0.0121 (folds: -0.2505, -0.1462, 0.1106, 0.1973, 0.1493)
    [trial 2] 47 features, training_days=10 | threshold=0.585 | labels: 1147 long, 1024 short (53/47%)
    [trial 2] Sharpe=-2.0095 (folds: 0.0895, -10.0000, -0.0193, -0.4692, 0.3517)
    [trial 3] 47 features, training_days=220 | threshold=0.687 | labels: 1147 long, 1024 short (53/47%)
    [trial 3] Sharpe=0.0489 (folds: -0.2782, -0.0334, 0.2324, 0.4456, -0.1218)
    [trial 4] 47 features, training_days=300 | threshold=0.562 | labels: 1147 long, 1024 short (53/47%)
    [trial 4] Sharpe=0.0418 (folds: -0.2675, -0.0068, 0.1102, 0.1364, 0.2369)
    [trial 5] 47 features, training_days=490 | threshold=0.711 | labels: 1147 long, 1024 short (53/47%)
    [trial 5] Sharpe=0.0217 (folds: -0.3228, -0.0826, 0.0831, 0.1867, 0.2442)
    [trial 6] 47 features, training_days=420 | threshold=0.667 | labels: 1147 long, 1024 short (53/47%)
    [trial 6] Sharpe=0.0397 (folds: -0.2668, -0.1748, 0.1417, 0.2925, 0.2059)
    [trial 7] 47 features, training_days=120 | threshold=0.550 | labels: 1147 long, 1024 short (53/47%)
    [trial 7] Sharpe=0.0161 (folds: -0.2571, 0.0558, 0.1537, 0.0319, 0.0964)[I 2026-06-01 15:00:12,059] Trial 7 finished with value: 0.016143726304735366 and parameters: {'confidence_threshold': 0.5497381024139926, 'training_days': 120, 'n_estimators': 408, 'max_depth': 5, 'num_leaves': 38, 'learning_rate': 0.28049122657745795, 'subsample': 0.8806573338635493, 'colsample_bytree': 0.5454054113547102, 'min_child_samples': 63, 'reg_alpha': 0.01263008637940408, 'reg_lambda': 0.04588020805366937}. Best is trial 3 with value: 0.048922334743186094.
[I 2026-06-01 15:00:12,356] Trial 8 finished with value: 0.00243883449367793 and parameters: {'confidence_threshold': 0.719644804808716, 'training_days': 450, 'n_estimators': 410, 'max_depth': 4, 'num_leaves': 57, 'learning_rate': 0.04022026551478857, 'subsample': 0.5336085426932707, 'colsample_bytree': 0.5705742850577543, 'min_child_samples': 100, 'reg_alpha': 5.916398047912201e-07, 'reg_lambda': 0.9794034214488329}. Best is trial 3 with value: 0.048922334743186094.
[I 2026-06-01 15:00:12,388] Trial 9 finished with value: -2.2176940575393442 and parameters: {'confidence_threshold': 0.7267463643917187, 'training_days': 20, 'n_estimators': 337, 'max_depth': 5, 'num_leaves': 23, 'learning_rate': 0.022153031811454605, 'subsample': 0.6305627572358737, 'colsample_bytree': 0.6613413774216214, 'min_child_samples': 81, 'reg_alpha': 5.7638634029410314e-08, 'reg_lambda': 8.26603016764008}. Best is trial 3 with value: 0.048922334743186094.
[I 2026-06-01 15:00:12,501] Trial 10 finished with value: -8.018871891501842 and parameters: {'confidence_threshold': 0.8283920119574972, 'training_days': 200, 'n_estimators': 181, 'max_depth': 3, 'num_leaves': 62, 'learning_rate': 0.011579281028220855, 'subsample': 0.7130289643560688, 'colsample_bytree': 0.9944479338273263, 'min_child_samples': 100, 'reg_alpha': 6.837313901272251e-05, 'reg_lambda': 0.0027253228209330924}. Best is trial 3 with value: 0.048922334743186094.
[I 2026-06-01 15:00:12,596] Trial 11 finished with value: 0.04226176545771977 and parameters: {'confidence_threshold': 0.7923497887859747, 'training_days': 310, 'n_estimators': 54, 'max_depth': 4, 'num_leaves': 25, 'learning_rate': 0.1297992221495942, 'subsample': 0.7459055835274097, 'colsample_bytree': 0.7917880498308183, 'min_child_samples': 21, 'reg_alpha': 2.5646023357365184e-05, 'reg_lambda': 0.012624986057467648}. Best is trial 3 with value: 0.048922334743186094.
[I 2026-06-01 15:00:12,689] Trial 12 finished with value: 0.09294187550335031 and parameters: {'confidence_threshold': 0.823724329897743, 'training_days': 360, 'n_estimators': 54, 'max_depth': 4, 'num_leaves': 15, 'learning_rate': 0.12411615325331521, 'subsample': 0.7376180335274016, 'colsample_bytree': 0.8281073835005534, 'min_child_samples': 21, 'reg_alpha': 5.113460481149383e-05, 'reg_lambda': 0.0043762371699676405}. Best is trial 12 with value: 0.09294187550335031.
[I 2026-06-01 15:00:12,835] Trial 13 finished with value: 0.010959700033119468 and parameters: {'confidence_threshold': 0.5040535938350955, 'training_days': 380, 'n_estimators': 157, 'max_depth': 4, 'num_leaves': 15, 'learning_rate': 0.023468126747120118, 'subsample': 0.9755936541801561, 'colsample_bytree': 0.8590679397496528, 'min_child_samples': 82, 'reg_alpha': 0.0013772311624376018, 'reg_lambda': 4.319307027509083e-06}. Best is trial 12 with value: 0.09294187550335031.
[I 2026-06-01 15:00:13,105] Trial 14 finished with value: 0.0012226958900572755 and parameters: {'confidence_threshold': 0.7723320301796328, 'training_days': 210, 'n_estimators': 500, 'max_depth': 3, 'num_leaves': 53, 'learning_rate': 0.10216752887890647, 'subsample': 0.6776505255398512, 'colsample_bytree': 0.9442898477823972, 'min_child_samples': 58, 'reg_alpha': 5.767742376040379e-06, 'reg_lambda': 0.0014709214223004336}. Best is trial 12 with value: 0.09294187550335031.
[I 2026-06-01 15:00:13,189] Trial 15 finished with value: -4.425763457362459 and parameters: {'confidence_threshold': 0.8491775285505467, 'training_days': 220, 'n_estimators': 110, 'max_depth': 3, 'num_leaves': 16, 'learning_rate': 0.027837053988777765, 'subsample': 0.7859829960132325, 'colsample_bytree': 0.7682974819988115, 'min_child_samples': 64, 'reg_alpha': 0.0017563287990813212, 'reg_lambda': 7.697467210155571}. Best is trial 12 with value: 0.09294187550335031.
[I 2026-06-01 15:00:13,371] Trial 16 finished with value: -0.02308972722511654 and parameters: {'confidence_threshold': 0.7736148395034319, 'training_days': 360, 'n_estimators': 239, 'max_depth': 4, 'num_leaves': 51, 'learning_rate': 0.01075017295833875, 'subsample': 0.8895528828208856, 'colsample_bytree': 0.704113745800891, 'min_child_samples': 89, 'reg_alpha': 5.1105273093821545e-06, 'reg_lambda': 0.05076654292593965}. Best is trial 12 with value: 0.09294187550335031.
[I 2026-06-01 15:00:13,453] Trial 17 finished with value: 0.006896826648407253 and parameters: {'confidence_threshold': 0.6631541823595956, 'training_days': 150, 'n_estimators': 123, 'max_depth': 3, 'num_leaves': 26, 'learning_rate': 0.2698757304976118, 'subsample': 0.7912899898389397, 'colsample_bytree': 0.818047657790725, 'min_child_samples': 50, 'reg_alpha': 0.0001488409801152137, 'reg_lambda': 0.0005618254787777617}. Best is trial 12 with value: 0.09294187550335031.
[I 2026-06-01 15:00:14,026] A new study created in memory with name: no-name-5c110790-8089-4ced-9587-88ef950907a4
[I 2026-06-01 15:00:14,333] Trial 0 finished with value: 0.011616579222346057 and parameters: {'confidence_threshold': 0.6310890415965769, 'training_days': 480, 'n_estimators': 380, 'max_depth': 4, 'num_leaves': 22, 'learning_rate': 0.01699897838270077, 'subsample': 0.5290418060840998, 'colsample_bytree': 0.9330880728874675, 'min_child_samples': 68, 'reg_alpha': 0.023585940584142682, 'reg_lambda': 1.5320059381854043e-08}. Best is trial 0 with value: 0.011616579222346057.
[I 2026-06-01 15:00:14,455] Trial 1 finished with value: -6.137306539189346 and parameters: {'confidence_threshold': 0.839468448256698, 'training_days': 420, 'n_estimators': 145, 'max_depth': 3, 'num_leaves': 23, 'learning_rate': 0.028145092716060652, 'subsample': 0.762378215816119, 'colsample_bytree': 0.7159725093210578, 'min_child_samples': 43, 'reg_alpha': 0.0032112643094417484, 'reg_lambda': 1.8007140198129195e-07}. Best is trial 0 with value: 0.011616579222346057.
[I 2026-06-01 15:00:14,616] Trial 2 finished with value: -0.00017817737571545756 and parameters: {'confidence_threshold': 0.6022506269873263, 'training_days': 190, 'n_estimators': 255, 'max_depth': 5, 'num_leaves': 24, 'learning_rate': 0.05748924681991978, 'subsample': 0.7962072844310213, 'colsample_bytree': 0.5232252063599989, 'min_child_samples': 69, 'reg_alpha': 3.425445902633376e-07, 'reg_lambda': 3.850031979199519e-08}. Best is trial 0 with value: 0.011616579222346057.
[I 2026-06-01 15:00:14,873] Trial 3 finished with value: -0.019482177823059544 and parameters: {'confidence_threshold': 0.8321099380386666, 'training_days': 490, 'n_estimators': 414, 'max_depth': 3, 'num_leaves': 19, 'learning_rate': 0.1024932221692416, 'subsample': 0.7200762468698007, 'colsample_bytree': 0.5610191174223894, 'min_child_samples': 60, 'reg_alpha': 2.039373116525212e-08, 'reg_lambda': 1.527156759251193}. Best is trial 0 with value: 0.011616579222346057.
[I 2026-06-01 15:00:15,026] Trial 4 finished with value: -0.006564842544216787 and parameters: {'confidence_threshold': 0.5905729935600059, 'training_days': 340, 'n_estimators': 190, 'max_depth': 4, 'num_leaves': 41, 'learning_rate': 0.01875220945578641, 'subsample': 0.9847923138822793, 'colsample_bytree': 0.8875664116805573, 'min_child_samples': 96, 'reg_alpha': 1.1309571585271483, 'reg_lambda': 0.002404915432737351}. Best is trial 0 with value: 0.011616579222346057.
