[I 2026-06-01 14:59:43,926] Trial 1 finished with value: -2.1031747052483585 and parameters: {'confidence_threshold': 0.839468448256698, 'training_days': 420, 'n_estimators': 145, 'max_depth': 3, 'num_leaves': 23, 'learning_rate': 0.028145092716060652, 'subsample': 0.762378215816119, 'colsample_bytree': 0.7159725093210578, 'min_child_samples': 43, 'reg_alpha': 0.0032112643094417484, 'reg_lambda': 1.8007140198129195e-07}. Best is trial 0 with value: -0.12437583833700602.

    [trial 3] Sharpe=-0.0634 (folds: -0.1984, -0.1789, -0.0658, -0.0604, 0.1866)
    [trial 4] 47 features, training_days=300 | threshold=0.562 | labels: 1107 long, 1061 short (51/49%)
    [trial 4] Sharpe=-0.0383 (folds: -0.0347, -0.1254, 0.0693, -0.2035, 0.1028)
    [trial 5] 47 features, training_days=490 | threshold=0.711 | labels: 1107 long, 1061 short (51/49%)
    [trial 5] Sharpe=-0.0591 (folds: 0.0143, -0.1255, 0.0222, -0.1793, -0.0271)
    [trial 6] 47 features, training_days=420 | threshold=0.667 | labels: 1107 long, 1061 short (51/49%)
    [trial 6] Sharpe=-0.0027 (folds: -0.0133, -0.1183, -0.0213, -0.0113, 0.1509)
    [trial 7] 47 features, training_days=120 | threshold=0.550 | labels: 1107 long, 1061 short (51/49%)
    [trial 7] Sharpe=-0.0820 (folds: 0.0083, -0.1623, -0.0825, -0.1441, -0.0293)
    [trial 8] 47 features, training_days=450 | threshold=0.720 | labels: 1107 long, 1061 short (51/49%)
    [trial 8] Sharpe=-0.0571 (folds: -0.1026, -0.1380, -0.1234, -0.0452, 0.1236)
    [trial 9] 47 features, training_days=20 | threshold=0.727 | labels: 1107 long, 1061 short (51/49%)
    [trial 9] Sharpe=-6.0918 (folds: -10.0000, -0.0303, -10.0000, -10.0000, -0.4289)
    [trial 10] 47 features, training_days=400 | threshold=0.828 | labels: 1107 long, 1061 short (51/49%)
    [trial 10] Sharpe=-6.1594 (folds: -0.2771, -10.0000, -0.5196, -10.0000, -10.0000)
    [trial 11] 47 features, training_days=370 | threshold=0.620 | labels: 1107 long, 1061 short (51/49%)
    [trial 11] Sharpe=-0.0738 (folds: -0.0392, -0.1849, 0.0001, -0.1169, -0.0283)
    [trial 12] 47 features, training_days=190 | threshold=0.515 | labels: 1107 long, 1061 short (51/49%)
    [trial 12] Sharpe=-0.0158 (folds: -0.0188, -0.0769, 0.0542, 0.0536, -0.0914)
    [trial 13] 47 features, training_days=20 | threshold=0.805 | labels: 1107 long, 1061 short (51/49%)
    [trial 13] Sharpe=-6.0918 (folds: -10.0000, -0.0303, -10.0000, -10.0000, -0.4289)
    [trial 14] 47 features, training_days=350 | threshold=0.645 | labels: 1107 long, 1061 short (51/49%)
    [trial 14] Sharpe=-0.0597 (folds: 0.0102, -0.1589, 0.0605, -0.2049, -0.0053)
    [trial 15] 47 features, training_days=150 | threshold=0.759 | labels: 1107 long, 1061 short (51/49%)
    [trial 15] Sharpe=-0.0538 (folds: -0.0400, -0.1300, 0.0881, 0.0110, -0.1983)
    [trial 16] 47 features, training_days=260 | threshold=0.603 | labels: 1107 long, 1061 short (51/49%)
    [trial 16] Sharpe=-0.0315 (folds: -0.0516, -0.1411, 0.0734, -0.1264, 0.0885)
    [trial 17] 47 features, training_days=430 | threshold=0.502 | labels: 1107 long, 1061 short (51/49%)
    [trial 17] Sharpe=-0.0736 (folds: -0.1639, -0.1524, 0.0434, -0.2087, 0.1137)
  Optuna: 18 trials, best Sharpe = -0.0027
  Best params: n_estimators=279, max_depth=3, lr=0.0401, leaves=45
  Best confidence_threshold: 0.667
  Best training_days: 420
  Retrained on full data (1260 samples, 47 features)
  OOD: 16 features, cutoff (q=0.7) = 11.48
  Model trained for 2024-01: 93 test candles with features, confidence_threshold=0.675
[trade:close] 2024-01-02 07:59 BTCUSDT LONG → take_profit @ 45245.71 | PnL=+6.50% (net +6.40%) | cum=-14.50% 2024-01=+6.40% 2024-01-02=+6.40%
[predict] 2024-01-19 08:00 BTCUSDT → LONG (proba=0.76 TP=8.4%/SL=4.2%)
[trade:open] 2024-01-19 15:59 BTCUSDT LONG @ 40897.00 | SL=39183.54 TP=44323.91 | timeout=2024-01-26 15:59
[trade:close] 2024-01-23 15:59 BTCUSDT LONG → stop_loss @ 39183.54 | PnL=-4.19% (net -4.29%) | cum=-18.79% 2024-01=+2.11% 2024-01-23=-4.29%
[predict] 2024-01-24 16:00 BTCUSDT → LONG (proba=0.81 TP=7.3%/SL=3.7%)
[trade:open] 2024-01-24 23:59 BTCUSDT LONG @ 40078.70 | SL=38609.41 TP=43017.29 | timeout=2024-01-31 23:59
[trade:close] 2024-01-29 23:59 BTCUSDT LONG → take_profit @ 43017.29 | PnL=+7.33% (net +7.23%) | cum=-11.56% 2024-01=+9.34% 2024-01-29=+7.23%
[predict] 2024-01-31 00:00 BTCUSDT → SHORT (proba=0.71 TP=6.1%/SL=3.0%)
[trade:open] 2024-01-31 07:59 BTCUSDT SHORT @ 43031.60 | SL=44336.11 TP=40422.58 | timeout=2024-02-07 07:59
[lgbm] === Training for 2024-02 ===
  Train window: 2022-02-01 → 2024-01-24
  2168 training samples from 1 symbols
  Samples per month: 2022-02: 84, 2022-03: 93, 2022-04: 90, 2022-05: 93, 2022-06: 90, 2022-07: 93, 2022-08: 93, 2022-09: 90, 2022-10: 93, 2022-11: 90, 2022-12: 93, 2023-01: 93, 2023-02: 84, 2023-03: 93, 2023-04: 90, 2023-05: 93, 2023-06: 90, 2023-07: 93, 2023-08: 93, 2023-09: 90, 2023-10: 93, 2023-11: 90, 2023-12: 93, 2024-01: 71
  [label] 2022-04-03 16:00 BTCUSDT entry=46392.4000 → SHORT | long=sl(-4.01%) short=tp(+7.71%) | scanned=10 | short_tp_only
  [label] 2022-04-05 16:00 BTCUSDT entry=45477.4000 → SHORT | long=sl(-4.12%) short=tp(+7.93%) | scanned=16 | short_tp_only
  [label] 2022-04-09 16:00 BTCUSDT entry=42727.7000 → SHORT | long=sl(-3.93%) short=tp(+7.55%) | scanned=6 | short_tp_only
  [label] 2022-05-04 08:00 BTCUSDT entry=38969.0000 → SHORT | long=sl(-3.86%) short=tp(+7.43%) | scanned=3 | short_tp_only
  [label] 2022-06-25 16:00 BTCUSDT entry=21481.9000 → SHORT | long=sl(-7.30%) short=timeout(+10.33%) | scanned=22 | no_tp→fwd_return=-10.4320
  [label] 2022-12-08 16:00 BTCUSDT entry=17216.0000 → LONG | long=tp(+4.81%) short=sl(-2.56%) | scanned=14 | long_tp_only
  [label] 2022-12-12 16:00 BTCUSDT entry=17200.0000 → LONG | long=tp(+3.69%) short=sl(-1.99%) | scanned=2 | long_tp_only
  [label] 2022-12-23 08:00 BTCUSDT entry=16825.9000 → SHORT | long=sl(-2.53%) short=timeout(+1.55%) | scanned=22 | no_tp→fwd_return=-1.6534
  [label] 2023-02-06 08:00 BTCUSDT entry=23040.5000 → SHORT | long=sl(-3.22%) short=tp(+6.14%) | scanned=11 | short_tp_only
  [label] 2023-02-14 16:00 BTCUSDT entry=22187.4000 → LONG | long=tp(+6.05%) short=sl(-3.18%) | scanned=3 | long_tp_only
  [label] 2023-05-16 00:00 BTCUSDT entry=27240.6000 → LONG | long=timeout(+0.10%) short=timeout(-0.30%) | scanned=22 | no_tp→fwd_return=+0.2026
  [label] 2023-06-17 00:00 BTCUSDT entry=26587.6000 → LONG | long=tp(+6.95%) short=sl(-3.62%) | scanned=12 | long_tp_only
  [label] 2023-07-03 00:00 BTCUSDT entry=30662.8000 → SHORT | long=sl(-2.89%) short=sl(-2.89%) | scanned=12 | no_tp→fwd_return=-2.1847
  [label] 2023-07-15 16:00 BTCUSDT entry=30276.4000 → SHORT | long=sl(-2.82%) short=timeout(+1.53%) | scanned=22 | no_tp→fwd_return=-1.6280
  [label] 2023-08-03 08:00 BTCUSDT entry=29244.4000 → LONG | long=timeout(+0.61%) short=sl(-2.39%) | scanned=22 | no_tp→fwd_return=+0.7126
  [label] 2023-08-09 16:00 BTCUSDT entry=29572.8000 → SHORT | long=sl(-2.20%) short=timeout(+2.80%) | scanned=22 | no_tp→fwd_return=-2.9027
  [label] 2023-08-22 00:00 BTCUSDT entry=26091.6000 → SHORT | long=sl(-2.87%) short=timeout(+0.28%) | scanned=22 | no_tp→fwd_return=-0.3817
  [label] 2023-09-30 08:00 BTCUSDT entry=26986.2000 → LONG | long=tp(+4.01%) short=sl(-2.15%) | scanned=4 | long_tp_only
  [label] 2023-10-10 08:00 BTCUSDT entry=27395.5000 → LONG | long=sl(-2.37%) short=sl(-2.37%) | scanned=17 | no_tp→fwd_return=+1.6123
  [label] 2024-01-04 08:00 BTCUSDT entry=44050.4000 → LONG | long=tp(+10.00%) short=sl(-5.15%) | scanned=21 | long_tp_only
  Labels: 1110 long (51.2%), 1058 short (48.8%) | weights: min=1.00, mean=2.93, max=10.00
  Features: 2168/2168 matched, 47 columns
  CV gap: 22 rows
  [ensemble 1/3] seed=42
    [trial 0] 47 features, training_days=480 | threshold=0.631 | labels: 1110 long, 1058 short (51/49%)
    [CV fold 0] train_end=2022-05-25 08:00 | val_start=2022-06-02 00:00 | gap=184h (22 rows)
    [CV fold 1] train_end=2022-09-22 16:00 | val_start=2022-09-30 08:00 | gap=184h (22 rows)
    [CV fold 2] train_end=2023-01-21 00:00 | val_start=2023-01-28 16:00 | gap=184h (22 rows)
    [CV fold 3] train_end=2023-05-21 08:00 | val_start=2023-05-29 00:00 | gap=184h (22 rows)
    [CV fold 4] train_end=2023-09-18 16:00 | val_start=2023-09-26 08:00 | gap=184h (22 rows)
    [trial 0] Sharpe=-0.1244 (folds: -0.0695, -0.4179, 0.0562, -0.1109, -0.0798)
    [trial 1] 47 features, training_days=420 | threshold=0.839 | labels: 1110 long, 1058 short (51/49%)
    [trial 1] Sharpe=-2.1032 (folds: 0.3035, -0.9599, -0.4511, -10.0000, 0.5916)
    [trial 2] 47 features, training_days=190 | threshold=0.602 | labels: 1110 long, 1058 short (51/49%)[I 2026-06-01 14:59:44,089] Trial 2 finished with value: -0.05948033236393242 and parameters: {'confidence_threshold': 0.6022506269873263, 'training_days': 190, 'n_estimators': 255, 'max_depth': 5, 'num_leaves': 24, 'learning_rate': 0.05748924681991978, 'subsample': 0.7962072844310213, 'colsample_bytree': 0.5232252063599989, 'min_child_samples': 69, 'reg_alpha': 3.425445902633376e-07, 'reg_lambda': 3.850031979199519e-08}. Best is trial 2 with value: -0.05948033236393242.
[I 2026-06-01 14:59:44,362] Trial 3 finished with value: -0.04752581039277132 and parameters: {'confidence_threshold': 0.8321099380386666, 'training_days': 490, 'n_estimators': 414, 'max_depth': 3, 'num_leaves': 19, 'learning_rate': 0.1024932221692416, 'subsample': 0.7200762468698007, 'colsample_bytree': 0.5610191174223894, 'min_child_samples': 60, 'reg_alpha': 2.039373116525212e-08, 'reg_lambda': 1.527156759251193}. Best is trial 3 with value: -0.04752581039277132.
[I 2026-06-01 14:59:44,521] Trial 4 finished with value: -0.06105571842451488 and parameters: {'confidence_threshold': 0.5905729935600059, 'training_days': 340, 'n_estimators': 190, 'max_depth': 4, 'num_leaves': 41, 'learning_rate': 0.01875220945578641, 'subsample': 0.9847923138822793, 'colsample_bytree': 0.8875664116805573, 'min_child_samples': 96, 'reg_alpha': 1.1309571585271483, 'reg_lambda': 0.002404915432737351}. Best is trial 3 with value: -0.04752581039277132.
[I 2026-06-01 14:59:44,570] Trial 5 finished with value: -0.06758762036831929 and parameters: {'confidence_threshold': 0.8226559822580909, 'training_days': 50, 'n_estimators': 138, 'max_depth': 3, 'num_leaves': 30, 'learning_rate': 0.03750796359625606, 'subsample': 0.6356745158869479, 'colsample_bytree': 0.9143687545759647, 'min_child_samples': 48, 'reg_alpha': 3.376063348877853e-06, 'reg_lambda': 0.0007660634613082914}. Best is trial 3 with value: -0.04752581039277132.
[I 2026-06-01 14:59:44,670] Trial 6 finished with value: -0.06490154107842279 and parameters: {'confidence_threshold': 0.5493234787411669, 'training_days': 410, 'n_estimators': 83, 'max_depth': 5, 'num_leaves': 52, 'learning_rate': 0.019657448966046126, 'subsample': 0.5027610585618012, 'colsample_bytree': 0.9077307142274171, 'min_child_samples': 77, 'reg_alpha': 0.03639690979811287, 'reg_lambda': 0.08738424135626986}. Best is trial 3 with value: -0.04752581039277132.
[I 2026-06-01 14:59:44,760] Trial 7 finished with value: -0.05933829794011743 and parameters: {'confidence_threshold': 0.5259156281069316, 'training_days': 180, 'n_estimators': 102, 'max_depth': 5, 'num_leaves': 45, 'learning_rate': 0.030816017044468066, 'subsample': 0.5317791751430119, 'colsample_bytree': 0.6554911608578311, 'min_child_samples': 46, 'reg_alpha': 0.036851536911881845, 'reg_lambda': 0.005470376807480391}. Best is trial 3 with value: -0.04752581039277132.
[I 2026-06-01 14:59:44,861] Trial 8 finished with value: -0.04238635506396314 and parameters: {'confidence_threshold': 0.8105244599017143, 'training_days': 240, 'n_estimators': 103, 'max_depth': 5, 'num_leaves': 52, 'learning_rate': 0.06746437142284309, 'subsample': 0.8854835899772805, 'colsample_bytree': 0.7468977981821954, 'min_child_samples': 62, 'reg_alpha': 7.04480806377519e-05, 'reg_lambda': 1.6934490731313353e-08}. Best is trial 8 with value: -0.04238635506396314.
[I 2026-06-01 14:59:44,882] Trial 9 finished with value: -4.049653921577874 and parameters: {'confidence_threshold': 0.5377619994476566, 'training_days': 20, 'n_estimators': 337, 'max_depth': 3, 'num_leaves': 39, 'learning_rate': 0.21907142272152816, 'subsample': 0.6246461145744375, 'colsample_bytree': 0.7051914615178149, 'min_child_samples': 81, 'reg_alpha': 1.1459970229341322e-06, 'reg_lambda': 4.929685216887945e-08}. Best is trial 8 with value: -0.04238635506396314.
[I 2026-06-01 14:59:45,451] Trial 10 finished with value: -0.061740150931960905 and parameters: {'confidence_threshold': 0.734042426776949, 'training_days': 280, 'n_estimators': 487, 'max_depth': 5, 'num_leaves': 62, 'learning_rate': 0.10432148521337849, 'subsample': 0.9416850669512905, 'colsample_bytree': 0.8120417635861826, 'min_child_samples': 27, 'reg_alpha': 7.238112263003475e-05, 'reg_lambda': 3.3639426888455256e-06}. Best is trial 8 with value: -0.04238635506396314.
[I 2026-06-01 14:59:45,751] Trial 11 finished with value: -0.10429195608216897 and parameters: {'confidence_threshold': 0.7615879655568232, 'training_days': 170, 'n_estimators': 496, 'max_depth': 4, 'num_leaves': 55, 'learning_rate': 0.10448448531784886, 'subsample': 0.8696252151616218, 'colsample_bytree': 0.5602505613527179, 'min_child_samples': 56, 'reg_alpha': 4.379223436569254e-08, 'reg_lambda': 9.74477562314831}. Best is trial 8 with value: -0.04238635506396314.
[I 2026-06-01 14:59:45,990] Trial 12 finished with value: -0.05882188113439444 and parameters: {'confidence_threshold': 0.7683435244955696, 'training_days': 270, 'n_estimators': 398, 'max_depth': 3, 'num_leaves': 15, 'learning_rate': 0.08962717626942573, 'subsample': 0.8361663661711445, 'colsample_bytree': 0.6260653972542471, 'min_child_samples': 30, 'reg_alpha': 1.2422832796199298e-08, 'reg_lambda': 4.931237356704141e-06}. Best is trial 8 with value: -0.04238635506396314.
[I 2026-06-01 14:59:46,230] Trial 13 finished with value: -0.04599065357504895 and parameters: {'confidence_threshold': 0.694422166807498, 'training_days': 350, 'n_estimators': 258, 'max_depth': 4, 'num_leaves': 34, 'learning_rate': 0.22361544567965289, 'subsample': 0.6866291716128416, 'colsample_bytree': 0.8035748095627873, 'min_child_samples': 59, 'reg_alpha': 5.455813891552554e-05, 'reg_lambda': 6.4252658050441624}. Best is trial 8 with value: -0.04238635506396314.
[I 2026-06-01 14:59:46,404] Trial 14 finished with value: -0.03746113814286418 and parameters: {'confidence_threshold': 0.6925095090166389, 'training_days': 340, 'n_estimators': 226, 'max_depth': 4, 'num_leaves': 33, 'learning_rate': 0.2579938361928853, 'subsample': 0.7084100755676976, 'colsample_bytree': 0.7907885669616503, 'min_child_samples': 87, 'reg_alpha': 6.518867604577275e-05, 'reg_lambda': 5.7627088851940795e-05}. Best is trial 14 with value: -0.03746113814286418.
[I 2026-06-01 14:59:46,440] Trial 15 finished with value: -8.011716861876758 and parameters: {'confidence_threshold': 0.6906761330681693, 'training_days': 90, 'n_estimators': 55, 'max_depth': 4, 'num_leaves': 48, 'learning_rate': 0.010491800123792366, 'subsample': 0.8805082505151693, 'colsample_bytree': 0.8047784926447492, 'min_child_samples': 99, 'reg_alpha': 0.00046179115678382884, 'reg_lambda': 5.917715134949187e-05}. Best is trial 14 with value: -0.03746113814286418.
[I 2026-06-01 14:59:46,623] Trial 16 finished with value: -0.027382214433266876 and parameters: {'confidence_threshold': 0.6487393506231075, 'training_days': 320, 'n_estimators': 204, 'max_depth': 5, 'num_leaves': 31, 'learning_rate': 0.2936634414592514, 'subsample': 0.9371158895275773, 'colsample_bytree': 0.9826162589395974, 'min_child_samples': 85, 'reg_alpha': 1.6230643075200477e-05, 'reg_lambda': 1.5432612944702315e-06}. Best is trial 16 with value: -0.027382214433266876.
[I 2026-06-01 14:59:46,792] Trial 17 finished with value: -0.012305984616680926 and parameters: {'confidence_threshold': 0.6652429013116167, 'training_days': 330, 'n_estimators': 210, 'max_depth': 4, 'num_leaves': 29, 'learning_rate': 0.29157642981885024, 'subsample': 0.6401850154438431, 'colsample_bytree': 0.9956385980717998, 'min_child_samples': 88, 'reg_alpha': 7.809808776078162e-06, 'reg_lambda': 4.3136112136047675e-05}. Best is trial 17 with value: -0.012305984616680926.
[I 2026-06-01 14:59:47,096] A new study created in memory with name: no-name-61d4959d-0a2b-4330-8caf-510ab534ae85
[I 2026-06-01 14:59:47,202] Trial 0 finished with value: -0.09551046165208524 and parameters: {'confidence_threshold': 0.7437642149592516, 'training_days': 150, 'n_estimators': 152, 'max_depth': 4, 'num_leaves': 50, 'learning_rate': 0.04216766425047743, 'subsample': 0.9903820991923078, 'colsample_bytree': 0.8424148692924316, 'min_child_samples': 58, 'reg_alpha': 3.381097259762742e-05, 'reg_lambda': 1.2263152961306247e-05}. Best is trial 0 with value: -0.09551046165208524.
[I 2026-06-01 14:59:47,280] Trial 1 finished with value: 0.28914425568378277 and parameters: {'confidence_threshold': 0.7551673975844145, 'training_days': 220, 'n_estimators': 76, 'max_depth': 4, 'num_leaves': 51, 'learning_rate': 0.018602118810743477, 'subsample': 0.5877258780737462, 'colsample_bytree': 0.7657756869209191, 'min_child_samples': 63, 'reg_alpha': 0.005123994170264194, 'reg_lambda': 0.44145470178120466}. Best is trial 1 with value: 0.28914425568378277.
[I 2026-06-01 14:59:47,519] Trial 2 finished with value: 0.005417235256607919 and parameters: {'confidence_threshold': 0.7535593637012223, 'training_days': 310, 'n_estimators': 375, 'max_depth': 3, 'num_leaves': 32, 'learning_rate': 0.021735641882032388, 'subsample': 0.6468570231944146, 'colsample_bytree': 0.8154880619272439, 'min_child_samples': 27, 'reg_alpha': 8.004064028491336e-05, 'reg_lambda': 7.546835261630524e-05}. Best is trial 1 with value: 0.28914425568378277.
[I 2026-06-01 14:59:47,678] Trial 3 finished with value: -0.08966717319821468 and parameters: {'confidence_threshold': 0.6727897841776072, 'training_days': 220, 'n_estimators': 190, 'max_depth': 4, 'num_leaves': 58, 'learning_rate': 0.24810689332636193, 'subsample': 0.7509183379421682, 'colsample_bytree': 0.8119764758960556, 'min_child_samples': 29, 'reg_alpha': 7.1708285081421445e-06, 'reg_lambda': 5.412973582738627e-05}. Best is trial 1 with value: 0.28914425568378277.
[I 2026-06-01 14:59:47,791] Trial 4 finished with value: 0.015275615375096465 and parameters: {'confidence_threshold': 0.803208205259178, 'training_days': 130, 'n_estimators': 267, 'max_depth': 5, 'num_leaves': 40, 'learning_rate': 0.08041175317374143, 'subsample': 0.5603143329951619, 'colsample_bytree': 0.9131704002534167, 'min_child_samples': 68, 'reg_alpha': 0.0008046593428183385, 'reg_lambda': 1.2158346158765583e-05}. Best is trial 1 with value: 0.28914425568378277.
[I 2026-06-01 14:59:48,017] Trial 5 finished with value: -0.06661761506933363 and parameters: {'confidence_threshold': 0.6064422761595144, 'training_days': 210, 'n_estimators': 357, 'max_depth': 5, 'num_leaves': 40, 'learning_rate': 0.0974221287220869, 'subsample': 0.7929682762811064, 'colsample_bytree': 0.8124517510478, 'min_child_samples': 74, 'reg_alpha': 0.3811377260781234, 'reg_lambda': 5.607314238392041e-08}. Best is trial 1 with value: 0.28914425568378277.
[I 2026-06-01 14:59:48,123] Trial 6 finished with value: -0.04485679020460311 and parameters: {'confidence_threshold': 0.7672889945051684, 'training_days': 130, 'n_estimators': 137, 'max_depth': 4, 'num_leaves': 19, 'learning_rate': 0.2031117614248665, 'subsample': 0.8136244860256343, 'colsample_bytree': 0.8617081790949774, 'min_child_samples': 21, 'reg_alpha': 0.002238138278733199, 'reg_lambda': 0.001025809534977322}. Best is trial 1 with value: 0.28914425568378277.
[I 2026-06-01 14:59:48,205] Trial 7 finished with value: -0.09416108493396284 and parameters: {'confidence_threshold': 0.555635875450653, 'training_days': 80, 'n_estimators': 363, 'max_depth': 3, 'num_leaves': 48, 'learning_rate': 0.06590089024008658, 'subsample': 0.6944752870615722, 'colsample_bytree': 0.962566244806993, 'min_child_samples': 88, 'reg_alpha': 1.6465620446426067e-05, 'reg_lambda': 2.4678750890085655e-08}. Best is trial 1 with value: 0.28914425568378277.
[I 2026-06-01 14:59:48,525] Trial 8 finished with value: -0.10386304589518751 and parameters: {'confidence_threshold': 0.6066688256938841, 'training_days': 200, 'n_estimators': 367, 'max_depth': 5, 'num_leaves': 32, 'learning_rate': 0.13377519215934996, 'subsample': 0.7965884582811106, 'colsample_bytree': 0.8458508993500886, 'min_child_samples': 32, 'reg_alpha': 3.889436043816386e-05, 'reg_lambda': 1.4713062489380356e-06}. Best is trial 1 with value: 0.28914425568378277.
[I 2026-06-01 14:59:48,738] Trial 9 finished with value: -0.05099467732626015 and parameters: {'confidence_threshold': 0.6202096049169137, 'training_days': 260, 'n_estimators': 350, 'max_depth': 3, 'num_leaves': 21, 'learning_rate': 0.02989540198065364, 'subsample': 0.8307821683331218, 'colsample_bytree': 0.923253112635361, 'min_child_samples': 64, 'reg_alpha': 0.4898604619604203, 'reg_lambda': 2.9076377687066166e-05}. Best is trial 1 with value: 0.28914425568378277.
[I 2026-06-01 14:59:49,167] Trial 10 finished with value: -0.16728914378824639 and parameters: {'confidence_threshold': 0.8445241688507242, 'training_days': 470, 'n_estimators': 493, 'max_depth': 4, 'num_leaves': 63, 'learning_rate': 0.010221918552934462, 'subsample': 0.5019190721168774, 'colsample_bytree': 0.6202684210924141, 'min_child_samples': 47, 'reg_alpha': 2.371385268938747e-08, 'reg_lambda': 1.7987349911222597}. Best is trial 1 with value: 0.28914425568378277.
