[I 2026-06-01 15:02:47,285] Trial 10 finished with value: -2.02638722332117 and parameters: {'confidence_threshold': 0.7449289185605341, 'training_days': 10, 'n_estimators': 487, 'max_depth': 3, 'num_leaves': 61, 'learning_rate': 0.21914469472126635, 'subsample': 0.628963476300746, 'colsample_bytree': 0.8189858776055304, 'min_child_samples': 27, 'reg_alpha': 2.8948477959263623e-05, 'reg_lambda': 3.3639426888455256e-06}. Best is trial 9 with value: -0.040259946229636925.

  Best confidence_threshold: 0.613
  Best training_days: 70
  Retrained on full data (210 samples, 47 features)
  OOD: 16 features, cutoff (q=0.7) = 9.33
  Model trained for 2025-05: 93 test candles with features, confidence_threshold=0.623
[trade:close] 2025-05-01 15:59 BTCUSDT SHORT → stop_loss @ 96815.20 | PnL=-3.29% (net -3.39%) | cum=-29.89% 2025-05=-3.39% 2025-05-01=-3.39%
[predict] 2025-05-02 08:00 BTCUSDT → SHORT (proba=0.79 TP=5.3%/SL=2.7%)
[trade:open] 2025-05-02 15:59 BTCUSDT SHORT @ 97270.10 | SL=99869.73 TP=92070.83 | timeout=2025-05-09 15:59
[trade:close] 2025-05-08 15:59 BTCUSDT SHORT → stop_loss @ 99869.73 | PnL=-2.67% (net -2.77%) | cum=-32.66% 2025-05=-6.16% 2025-05-08=-2.77%
[predict] 2025-05-09 16:00 BTCUSDT → SHORT (proba=0.73 TP=5.8%/SL=2.9%)
[trade:open] 2025-05-09 23:59 BTCUSDT SHORT @ 102941.90 | SL=105923.40 TP=96978.90 | timeout=2025-05-16 23:59
[trade:close] 2025-05-17 00:00 BTCUSDT SHORT → timeout @ 103412.20 | PnL=-0.46% (net -0.56%) | cum=-33.22% 2025-05=-6.72% 2025-05-17=-0.56%
[predict] 2025-05-17 16:00 BTCUSDT → SHORT (proba=0.79 TP=4.7%/SL=2.3%)
[trade:open] 2025-05-17 23:59 BTCUSDT SHORT @ 103079.60 | SL=105486.58 TP=98265.63 | timeout=2025-05-24 23:59
[trade:close] 2025-05-18 15:59 BTCUSDT SHORT → stop_loss @ 105486.58 | PnL=-2.34% (net -2.44%) | cum=-35.65% 2025-05=-9.15% 2025-05-18=-2.44%
[predict] 2025-05-19 16:00 BTCUSDT → SHORT (proba=0.77 TP=6.4%/SL=3.2%)
[trade:open] 2025-05-19 23:59 BTCUSDT SHORT @ 105531.60 | SL=108899.69 TP=98795.43 | timeout=2025-05-26 23:59
[trade:close] 2025-05-21 15:59 BTCUSDT SHORT → stop_loss @ 108899.69 | PnL=-3.19% (net -3.29%) | cum=-38.95% 2025-05=-12.44% 2025-05-21=-3.29%
[predict] 2025-05-23 00:00 BTCUSDT → SHORT (proba=0.70 TP=6.6%/SL=3.3%)
[trade:open] 2025-05-23 07:59 BTCUSDT SHORT @ 110685.20 | SL=114313.01 TP=103429.58 | timeout=2025-05-30 07:59
[trade:close] 2025-05-30 08:00 BTCUSDT SHORT → timeout @ 104997.50 | PnL=+5.14% (net +5.04%) | cum=-33.91% 2025-05=-7.40% 2025-05-30=+5.04%
[predict] 2025-05-31 00:00 BTCUSDT → LONG (proba=0.74 TP=6.0%/SL=3.0%)
[trade:open] 2025-05-31 07:59 BTCUSDT LONG @ 103700.60 | SL=100589.64 TP=109922.52 | timeout=2025-06-07 07:59
[lgbm] === Training for 2025-06 ===
  Train window: 2023-06-01 → 2025-05-24
  2171 training samples from 1 symbols
  Samples per month: 2023-06: 90, 2023-07: 93, 2023-08: 93, 2023-09: 90, 2023-10: 93, 2023-11: 90, 2023-12: 93, 2024-01: 93, 2024-02: 87, 2024-03: 93, 2024-04: 90, 2024-05: 93, 2024-06: 90, 2024-07: 93, 2024-08: 93, 2024-09: 90, 2024-10: 93, 2024-11: 90, 2024-12: 93, 2025-01: 93, 2025-02: 84, 2025-03: 93, 2025-04: 90, 2025-05: 71
  [label] 2023-08-01 16:00 BTCUSDT entry=29701.2000 → LONG | long=sl(-2.19%) short=timeout(-0.29%) | scanned=22 | no_tp→fwd_return=+0.1946
  [label] 2023-08-04 00:00 BTCUSDT entry=29201.6000 → LONG | long=timeout(+0.60%) short=sl(-2.20%) | scanned=22 | no_tp→fwd_return=+0.7024
  [label] 2023-08-07 16:00 BTCUSDT entry=29202.7000 → LONG | long=tp(+3.43%) short=sl(-1.87%) | scanned=3 | long_tp_only
  [label] 2023-09-01 08:00 BTCUSDT entry=25798.0000 → LONG | long=timeout(+0.02%) short=timeout(-0.22%) | scanned=22 | no_tp→fwd_return=+0.1233
  [label] 2023-10-24 00:00 BTCUSDT entry=34025.9000 → LONG | long=timeout(+0.27%) short=timeout(-0.47%) | scanned=22 | no_tp→fwd_return=+0.3703
  [label] 2024-04-07 00:00 BTCUSDT entry=69367.4000 → SHORT | long=sl(-4.05%) short=sl(-4.05%) | scanned=17 | no_tp→fwd_return=-3.2162
  [label] 2024-04-11 00:00 BTCUSDT entry=70789.1000 → SHORT | long=sl(-4.13%) short=tp(+7.95%) | scanned=8 | short_tp_only
  [label] 2024-04-21 16:00 BTCUSDT entry=64912.6000 → SHORT | long=timeout(-2.91%) short=timeout(+2.71%) | scanned=22 | no_tp→fwd_return=-2.8104
  [label] 2024-06-05 16:00 BTCUSDT entry=71133.3000 → SHORT | long=sl(-2.93%) short=tp(+5.55%) | scanned=17 | short_tp_only
  [label] 2024-06-14 08:00 BTCUSDT entry=66380.0000 → SHORT | long=sl(-3.50%) short=timeout(+3.91%) | scanned=22 | no_tp→fwd_return=-4.0119
  [label] 2024-09-12 16:00 BTCUSDT entry=58097.0000 → LONG | long=tp(+7.91%) short=sl(-4.11%) | scanned=20 | long_tp_only
  [label] 2024-10-14 16:00 BTCUSDT entry=66064.9000 → LONG | long=timeout(+1.87%) short=sl(-3.24%) | scanned=22 | no_tp→fwd_return=+1.9737
  [label] 2024-10-31 00:00 BTCUSDT entry=72417.8000 → SHORT | long=sl(-2.92%) short=tp(+5.53%) | scanned=9 | short_tp_only
  [label] 2024-11-12 16:00 BTCUSDT entry=87972.0000 → LONG | long=timeout(+4.86%) short=sl(-5.43%) | scanned=22 | no_tp→fwd_return=+4.9606
  [label] 2024-12-01 00:00 BTCUSDT entry=96525.4000 → LONG | long=tp(+6.33%) short=sl(-3.31%) | scanned=12 | long_tp_only
  [label] 2024-12-07 08:00 BTCUSDT entry=99811.4000 → LONG | long=sl(-5.03%) short=timeout(-1.89%) | scanned=22 | no_tp→fwd_return=+1.7939
  [label] 2024-12-19 16:00 BTCUSDT entry=97434.4000 → SHORT | long=sl(-5.29%) short=timeout(+1.63%) | scanned=22 | no_tp→fwd_return=-1.7277
  [label] 2025-01-28 08:00 BTCUSDT entry=102730.6000 → SHORT | long=sl(-4.70%) short=tp(+9.10%) | scanned=17 | short_tp_only
  [label] 2025-02-07 00:00 BTCUSDT entry=96705.1000 → LONG | long=timeout(+0.09%) short=timeout(-0.29%) | scanned=22 | no_tp→fwd_return=+0.1911
  [label] 2025-05-04 08:00 BTCUSDT entry=95421.1000 → LONG | long=sl(-2.27%) short=sl(-2.27%) | scanned=8 | no_tp→fwd_return=+1.5918
  Labels: 1242 long (57.2%), 929 short (42.8%) | weights: min=1.00, mean=3.50, max=10.00
  Features: 2171/2171 matched, 47 columns
  CV gap: 22 rows
  [ensemble 1/3] seed=42
    [trial 0] 47 features, training_days=480 | threshold=0.631 | labels: 1242 long, 929 short (57/43%)
    [CV fold 0] train_end=2023-09-23 08:00 | val_start=2023-10-01 00:00 | gap=184h (22 rows)
    [CV fold 1] train_end=2024-01-21 16:00 | val_start=2024-01-29 08:00 | gap=184h (22 rows)
    [CV fold 2] train_end=2024-05-21 00:00 | val_start=2024-05-28 16:00 | gap=184h (22 rows)
    [CV fold 3] train_end=2024-09-18 08:00 | val_start=2024-09-26 00:00 | gap=184h (22 rows)
    [CV fold 4] train_end=2025-01-16 16:00 | val_start=2025-01-24 08:00 | gap=184h (22 rows)
    [trial 0] Sharpe=-0.0665 (folds: 0.0380, 0.0363, -0.1784, -0.1093, -0.1193)
    [trial 1] 47 features, training_days=420 | threshold=0.839 | labels: 1242 long, 929 short (57/43%)
    [trial 1] Sharpe=-3.9460 (folds: 0.0478, 0.2119, 0.0102, -10.0000, -10.0000)
    [trial 2] 47 features, training_days=190 | threshold=0.602 | labels: 1242 long, 929 short (57/43%)
    [trial 2] Sharpe=-0.1524 (folds: -0.1259, -0.0067, -0.2558, -0.3159, -0.0576)
    [trial 3] 47 features, training_days=490 | threshold=0.832 | labels: 1242 long, 929 short (57/43%)
    [trial 3] Sharpe=-0.0919 (folds: 0.0215, -0.0510, -0.1790, -0.0628, -0.1881)
    [trial 4] 47 features, training_days=340 | threshold=0.591 | labels: 1242 long, 929 short (57/43%)
    [trial 4] Sharpe=-0.1155 (folds: -0.2124, 0.1008, -0.1650, -0.1976, -0.1031)
    [trial 5] 47 features, training_days=50 | threshold=0.823 | labels: 1242 long, 929 short (57/43%)
    [trial 5] Sharpe=-0.0570 (folds: -0.2708, 0.0132, -0.1679, 0.1177, 0.0228)
    [trial 6] 47 features, training_days=410 | threshold=0.549 | labels: 1242 long, 929 short (57/43%)
    [trial 6] Sharpe=-0.0455 (folds: -0.1072, 0.2206, -0.1123, -0.1010, -0.1277)
    [trial 7] 47 features, training_days=180 | threshold=0.526 | labels: 1242 long, 929 short (57/43%)
    [trial 7] Sharpe=-0.1236 (folds: 0.0108, -0.0120, -0.2695, -0.3491, 0.0016)
    [trial 8] 47 features, training_days=240 | threshold=0.811 | labels: 1242 long, 929 short (57/43%)
    [trial 8] Sharpe=-0.1303 (folds: 0.0333, 0.0106, -0.1567, -0.3480, -0.1906)
    [trial 9] 47 features, training_days=20 | threshold=0.538 | labels: 1242 long, 929 short (57/43%)
    [trial 9] Sharpe=-0.0403 (folds: 0.2985, -0.1011, 0.0541, -0.4223, -0.0305)
    [trial 10] 47 features, training_days=10 | threshold=0.745 | labels: 1242 long, 929 short (57/43%)
    [trial 10] Sharpe=-2.0264 (folds: 0.2985, -10.0000, 0.0541, -0.4223, -0.0623)
    [trial 11] 47 features, training_days=350 | threshold=0.503 | labels: 1242 long, 929 short (57/43%)
    [trial 11] Sharpe=-0.0917 (folds: -0.2587, 0.1319, -0.1381, -0.1400, -0.0533)[I 2026-06-01 15:02:47,545] Trial 11 finished with value: -0.09165473202667188 and parameters: {'confidence_threshold': 0.5031729138375424, 'training_days': 350, 'n_estimators': 327, 'max_depth': 4, 'num_leaves': 52, 'learning_rate': 0.010432023013264416, 'subsample': 0.6089267919181687, 'colsample_bytree': 0.8279718712234718, 'min_child_samples': 89, 'reg_alpha': 4.018687704804354, 'reg_lambda': 0.5855213887055177}. Best is trial 9 with value: -0.040259946229636925.
[I 2026-06-01 15:02:47,647] Trial 12 finished with value: -0.05830346937505777 and parameters: {'confidence_threshold': 0.5524132565058795, 'training_days': 140, 'n_estimators': 228, 'max_depth': 4, 'num_leaves': 33, 'learning_rate': 0.2959628420607887, 'subsample': 0.5392311924833902, 'colsample_bytree': 0.9955462072303609, 'min_child_samples': 84, 'reg_alpha': 0.0010435482830539913, 'reg_lambda': 3.06242583717076e-05}. Best is trial 9 with value: -0.040259946229636925.
[I 2026-06-01 15:02:47,891] Trial 13 finished with value: -0.1454773640508559 and parameters: {'confidence_threshold': 0.6715112328451753, 'training_days': 320, 'n_estimators': 311, 'max_depth': 5, 'num_leaves': 47, 'learning_rate': 0.1463043880061142, 'subsample': 0.6864507539038798, 'colsample_bytree': 0.6239332671128688, 'min_child_samples': 80, 'reg_alpha': 4.477777874073389e-08, 'reg_lambda': 0.052039727051948925}. Best is trial 9 with value: -0.040259946229636925.
[I 2026-06-01 15:02:47,930] Trial 14 finished with value: -0.0419460631474802 and parameters: {'confidence_threshold': 0.553552529035454, 'training_days': 80, 'n_estimators': 59, 'max_depth': 4, 'num_leaves': 60, 'learning_rate': 0.09029126552542201, 'subsample': 0.5808433054196197, 'colsample_bytree': 0.8127588751857924, 'min_child_samples': 100, 'reg_alpha': 2.6081099171939565e-06, 'reg_lambda': 7.565770484313319e-06}. Best is trial 9 with value: -0.040259946229636925.
[I 2026-06-01 15:02:47,968] Trial 15 finished with value: -0.01631679274546342 and parameters: {'confidence_threshold': 0.66472866195257, 'training_days': 90, 'n_estimators': 52, 'max_depth': 3, 'num_leaves': 61, 'learning_rate': 0.11614976593856452, 'subsample': 0.5936332549288843, 'colsample_bytree': 0.8100744538922787, 'min_child_samples': 100, 'reg_alpha': 2.492303987055042e-06, 'reg_lambda': 1.359738585363646e-06}. Best is trial 15 with value: -0.01631679274546342.
[I 2026-06-01 15:02:48,055] Trial 16 finished with value: -0.08292997430691433 and parameters: {'confidence_threshold': 0.7159591998523662, 'training_days': 100, 'n_estimators': 363, 'max_depth': 3, 'num_leaves': 34, 'learning_rate': 0.15013971957309138, 'subsample': 0.6753870112153237, 'colsample_bytree': 0.6807885959221373, 'min_child_samples': 91, 'reg_alpha': 6.07092256036327e-07, 'reg_lambda': 8.019266479935875e-07}. Best is trial 15 with value: -0.01631679274546342.
[I 2026-06-01 15:02:48,086] Trial 17 finished with value: -2.02638722332117 and parameters: {'confidence_threshold': 0.6652429013116167, 'training_days': 10, 'n_estimators': 461, 'max_depth': 3, 'num_leaves': 40, 'learning_rate': 0.16861086145603055, 'subsample': 0.8366733523272174, 'colsample_bytree': 0.7861983638172064, 'min_child_samples': 100, 'reg_alpha': 2.1866064201313886e-05, 'reg_lambda': 4.935134953996157e-05}. Best is trial 15 with value: -0.01631679274546342.
[I 2026-06-01 15:02:48,507] A new study created in memory with name: no-name-1d86b3af-ffbd-4b91-994d-be0aa1882caf
[I 2026-06-01 15:02:48,605] Trial 0 finished with value: -0.03447717365330357 and parameters: {'confidence_threshold': 0.7437642149592516, 'training_days': 150, 'n_estimators': 152, 'max_depth': 4, 'num_leaves': 50, 'learning_rate': 0.04216766425047743, 'subsample': 0.9903820991923078, 'colsample_bytree': 0.8424148692924316, 'min_child_samples': 58, 'reg_alpha': 3.381097259762742e-05, 'reg_lambda': 1.2263152961306247e-05}. Best is trial 0 with value: -0.03447717365330357.
[I 2026-06-01 15:02:48,679] Trial 1 finished with value: -1.8542396172366566 and parameters: {'confidence_threshold': 0.7551673975844145, 'training_days': 220, 'n_estimators': 76, 'max_depth': 4, 'num_leaves': 51, 'learning_rate': 0.018602118810743477, 'subsample': 0.5877258780737462, 'colsample_bytree': 0.7657756869209191, 'min_child_samples': 63, 'reg_alpha': 0.005123994170264194, 'reg_lambda': 0.44145470178120466}. Best is trial 0 with value: -0.03447717365330357.
[I 2026-06-01 15:02:48,931] Trial 2 finished with value: -0.1221255835395743 and parameters: {'confidence_threshold': 0.7535593637012223, 'training_days': 310, 'n_estimators': 375, 'max_depth': 3, 'num_leaves': 32, 'learning_rate': 0.021735641882032388, 'subsample': 0.6468570231944146, 'colsample_bytree': 0.8154880619272439, 'min_child_samples': 27, 'reg_alpha': 8.004064028491336e-05, 'reg_lambda': 7.546835261630524e-05}. Best is trial 0 with value: -0.03447717365330357.
[I 2026-06-01 15:02:49,114] Trial 3 finished with value: -0.15861479054931277 and parameters: {'confidence_threshold': 0.6727897841776072, 'training_days': 220, 'n_estimators': 190, 'max_depth': 4, 'num_leaves': 58, 'learning_rate': 0.24810689332636193, 'subsample': 0.7509183379421682, 'colsample_bytree': 0.8119764758960556, 'min_child_samples': 29, 'reg_alpha': 7.1708285081421445e-06, 'reg_lambda': 5.412973582738627e-05}. Best is trial 0 with value: -0.03447717365330357.
[I 2026-06-01 15:02:49,242] Trial 4 finished with value: -0.038515190917364626 and parameters: {'confidence_threshold': 0.803208205259178, 'training_days': 130, 'n_estimators': 267, 'max_depth': 5, 'num_leaves': 40, 'learning_rate': 0.08041175317374143, 'subsample': 0.5603143329951619, 'colsample_bytree': 0.9131704002534167, 'min_child_samples': 68, 'reg_alpha': 0.0008046593428183385, 'reg_lambda': 1.2158346158765583e-05}. Best is trial 0 with value: -0.03447717365330357.
[I 2026-06-01 15:02:49,486] Trial 5 finished with value: -0.12314727302553038 and parameters: {'confidence_threshold': 0.6064422761595144, 'training_days': 210, 'n_estimators': 357, 'max_depth': 5, 'num_leaves': 40, 'learning_rate': 0.0974221287220869, 'subsample': 0.7929682762811064, 'colsample_bytree': 0.8124517510478, 'min_child_samples': 74, 'reg_alpha': 0.3811377260781234, 'reg_lambda': 5.607314238392041e-08}. Best is trial 0 with value: -0.03447717365330357.
[I 2026-06-01 15:02:49,608] Trial 6 finished with value: -0.03788312130397526 and parameters: {'confidence_threshold': 0.7672889945051684, 'training_days': 130, 'n_estimators': 137, 'max_depth': 4, 'num_leaves': 19, 'learning_rate': 0.2031117614248665, 'subsample': 0.8136244860256343, 'colsample_bytree': 0.8617081790949774, 'min_child_samples': 21, 'reg_alpha': 0.002238138278733199, 'reg_lambda': 0.001025809534977322}. Best is trial 0 with value: -0.03447717365330357.
[I 2026-06-01 15:02:49,685] Trial 7 finished with value: -0.04719829667263465 and parameters: {'confidence_threshold': 0.555635875450653, 'training_days': 80, 'n_estimators': 363, 'max_depth': 3, 'num_leaves': 48, 'learning_rate': 0.06590089024008658, 'subsample': 0.6944752870615722, 'colsample_bytree': 0.962566244806993, 'min_child_samples': 88, 'reg_alpha': 1.6465620446426067e-05, 'reg_lambda': 2.4678750890085655e-08}. Best is trial 0 with value: -0.03447717365330357.
[I 2026-06-01 15:02:50,004] Trial 8 finished with value: -0.13428460480859156 and parameters: {'confidence_threshold': 0.6066688256938841, 'training_days': 200, 'n_estimators': 367, 'max_depth': 5, 'num_leaves': 32, 'learning_rate': 0.13377519215934996, 'subsample': 0.7965884582811106, 'colsample_bytree': 0.8458508993500886, 'min_child_samples': 32, 'reg_alpha': 3.889436043816386e-05, 'reg_lambda': 1.4713062489380356e-06}. Best is trial 0 with value: -0.03447717365330357.
[I 2026-06-01 15:02:50,213] Trial 9 finished with value: -0.16169778730693485 and parameters: {'confidence_threshold': 0.6202096049169137, 'training_days': 260, 'n_estimators': 350, 'max_depth': 3, 'num_leaves': 21, 'learning_rate': 0.02989540198065364, 'subsample': 0.8307821683331218, 'colsample_bytree': 0.923253112635361, 'min_child_samples': 64, 'reg_alpha': 0.4898604619604203, 'reg_lambda': 2.9076377687066166e-05}. Best is trial 0 with value: -0.03447717365330357.
[I 2026-06-01 15:02:50,624] Trial 10 finished with value: -3.9712899842269884 and parameters: {'confidence_threshold': 0.8445241688507242, 'training_days': 470, 'n_estimators': 493, 'max_depth': 4, 'num_leaves': 63, 'learning_rate': 0.010221918552934462, 'subsample': 0.9783426417503635, 'colsample_bytree': 0.6202684210924141, 'min_child_samples': 46, 'reg_alpha': 1.452403597240567e-08, 'reg_lambda': 0.02027317446694866}. Best is trial 0 with value: -0.03447717365330357.
[I 2026-06-01 15:02:50,651] Trial 11 finished with value: -2.099950670712489 and parameters: {'confidence_threshold': 0.7263621239445149, 'training_days': 20, 'n_estimators': 99, 'max_depth': 4, 'num_leaves': 20, 'learning_rate': 0.27998203834948215, 'subsample': 0.9953713681058338, 'colsample_bytree': 0.6612241103206169, 'min_child_samples': 48, 'reg_alpha': 2.9911612532409865e-07, 'reg_lambda': 0.007364523359426745}. Best is trial 0 with value: -0.03447717365330357.
[I 2026-06-01 15:02:50,783] Trial 12 finished with value: -0.13739851190791239 and parameters: {'confidence_threshold': 0.6885368974453678, 'training_days': 360, 'n_estimators': 181, 'max_depth': 4, 'num_leaves': 15, 'learning_rate': 0.04335443308409958, 'subsample': 0.8941395335595879, 'colsample_bytree': 0.5201164353688423, 'min_child_samples': 100, 'reg_alpha': 0.011587272495943669, 'reg_lambda': 0.003961388082671552}. Best is trial 0 with value: -0.03447717365330357.
[I 2026-06-01 15:02:50,880] Trial 13 finished with value: -0.09010335351909608 and parameters: {'confidence_threshold': 0.8101719544389032, 'training_days': 120, 'n_estimators': 160, 'max_depth': 4, 'num_leaves': 49, 'learning_rate': 0.15152203000979778, 'subsample': 0.8926700755942818, 'colsample_bytree': 0.7082407533656954, 'min_child_samples': 44, 'reg_alpha': 0.028156791715610006, 'reg_lambda': 0.0008749117989186148}. Best is trial 0 with value: -0.03447717365330357.
[I 2026-06-01 15:02:50,908] Trial 14 finished with value: -2.099950670712489 and parameters: {'confidence_threshold': 0.6968624890517784, 'training_days': 20, 'n_estimators': 236, 'max_depth': 4, 'num_leaves': 30, 'learning_rate': 0.04434186931015897, 'subsample': 0.9145732601973529, 'colsample_bytree': 0.9959348592397881, 'min_child_samples': 80, 'reg_alpha': 1.1965699977759898e-06, 'reg_lambda': 1.2172611843961524e-06}. Best is trial 0 with value: -0.03447717365330357.
[I 2026-06-01 15:02:50,988] Trial 15 finished with value: -0.08156734947223465 and parameters: {'confidence_threshold': 0.5026055290809989, 'training_days': 130, 'n_estimators': 119, 'max_depth': 5, 'num_leaves': 44, 'learning_rate': 0.15801358013443828, 'subsample': 0.507007918467014, 'colsample_bytree': 0.8822642609286131, 'min_child_samples': 22, 'reg_alpha': 7.209816057093941, 'reg_lambda': 3.5532501480887757}. Best is trial 0 with value: -0.03447717365330357.
[I 2026-06-01 15:02:51,028] Trial 16 finished with value: 0.15637636871379423 and parameters: {'confidence_threshold': 0.7787962227123225, 'training_days': 80, 'n_estimators': 50, 'max_depth': 3, 'num_leaves': 55, 'learning_rate': 0.031881297714316296, 'subsample': 0.9489233969958244, 'colsample_bytree': 0.7369444896723635, 'min_child_samples': 54, 'reg_alpha': 0.000762323791867669, 'reg_lambda': 0.06037696073607924}. Best is trial 16 with value: 0.15637636871379423.
[I 2026-06-01 15:02:51,068] Trial 17 finished with value: -1.9966454424198905 and parameters: {'confidence_threshold': 0.8023800533094443, 'training_days': 70, 'n_estimators': 64, 'max_depth': 3, 'num_leaves': 56, 'learning_rate': 0.030163396374679026, 'subsample': 0.9591790484743357, 'colsample_bytree': 0.7144034394048226, 'min_child_samples': 52, 'reg_alpha': 0.00044840837681558, 'reg_lambda': 0.18978940727785185}. Best is trial 16 with value: 0.15637636871379423.
[I 2026-06-01 15:02:51,530] A new study created in memory with name: no-name-4a5352fd-1c0e-4afb-9a9b-dac038abc3aa
[I 2026-06-01 15:02:51,732] Trial 0 finished with value: -0.05732007704860984 and parameters: {'confidence_threshold': 0.5870645682749857, 'training_days': 90, 'n_estimators': 403, 'max_depth': 5, 'num_leaves': 45, 'learning_rate': 0.0780457193679974, 'subsample': 0.9428509515574568, 'colsample_bytree': 0.8795587339164916, 'min_child_samples': 34, 'reg_alpha': 2.2465901234314442e-07, 'reg_lambda': 8.339007036475363e-05}. Best is trial 0 with value: -0.05732007704860984.
[I 2026-06-01 15:02:51,831] Trial 1 finished with value: -0.14993043584835836 and parameters: {'confidence_threshold': 0.6348453934275313, 'training_days': 290, 'n_estimators': 115, 'max_depth': 5, 'num_leaves': 37, 'learning_rate': 0.06949568759029946, 'subsample': 0.8228505074024268, 'colsample_bytree': 0.8616703220431751, 'min_child_samples': 75, 'reg_alpha': 4.2486822725010923e-07, 'reg_lambda': 1.157247767047042e-07}. Best is trial 0 with value: -0.05732007704860984.
