[I 2026-06-01 14:59:12,294] Trial 4 finished with value: 0.020785448521155415 and parameters: {'confidence_threshold': 0.5905729935600059, 'training_days': 340, 'n_estimators': 190, 'max_depth': 4, 'num_leaves': 41, 'learning_rate': 0.01875220945578641, 'subsample': 0.9847923138822793, 'colsample_bytree': 0.8875664116805573, 'min_child_samples': 96, 'reg_alpha': 1.1309571585271483, 'reg_lambda': 0.002404915432737351}. Best is trial 4 with value: 0.020785448521155415.

    [trial 11] Sharpe=-0.0256 (folds: 0.0355, 0.0939, -0.1815, 0.0741, -0.1500)
    [trial 12] 47 features, training_days=200 | threshold=0.515 | labels: 1040 long, 1128 short (48/52%)
    [trial 12] Sharpe=-0.0601 (folds: -0.0818, -0.0684, -0.1974, 0.0470, 0.0001)
    [trial 13] 47 features, training_days=350 | threshold=0.805 | labels: 1040 long, 1128 short (48/52%)
    [trial 13] Sharpe=-0.1624 (folds: -0.4838, 0.0011, -0.4013, 0.0004, 0.0713)
    [trial 14] 47 features, training_days=130 | threshold=0.772 | labels: 1040 long, 1128 short (48/52%)
    [trial 14] Sharpe=-0.0383 (folds: -0.2670, 0.0456, -0.1007, 0.0148, 0.1155)
    [trial 15] 47 features, training_days=210 | threshold=0.667 | labels: 1040 long, 1128 short (48/52%)
    [trial 15] Sharpe=-0.0226 (folds: -0.0947, 0.1131, -0.3881, 0.0233, 0.2331)
    [trial 16] 47 features, training_days=210 | threshold=0.674 | labels: 1040 long, 1128 short (48/52%)
    [trial 16] Sharpe=-0.0429 (folds: -0.1200, 0.0895, -0.3667, 0.0288, 0.1540)
    [trial 17] 47 features, training_days=260 | threshold=0.775 | labels: 1040 long, 1128 short (48/52%)
    [trial 17] Sharpe=-10.0000 (folds: -10.0000, -10.0000, -10.0000, -10.0000, -10.0000)
  Optuna: 18 trials, best Sharpe = -0.0223
  Best params: n_estimators=134, max_depth=3, lr=0.0335, leaves=45
  Best confidence_threshold: 0.687
  Best training_days: 220
  Retrained on full data (660 samples, 47 features)
  OOD: 16 features, cutoff (q=0.7) = 10.49
  Model trained for 2023-10: 93 test candles with features, confidence_threshold=0.736
[predict] 2023-10-01 00:00 BTCUSDT → SHORT (proba=0.85 TP=3.8%/SL=1.9%)
[trade:open] 2023-10-01 07:59 BTCUSDT SHORT @ 27092.10 | SL=27603.77 TP=26068.76 | timeout=2023-10-08 07:59
[trade:close] 2023-10-01 23:59 BTCUSDT SHORT → stop_loss @ 27603.77 | PnL=-1.89% (net -1.99%) | cum=-18.39% 2023-10=-1.99% 2023-10-01=-1.99%
[predict] 2023-10-03 00:00 BTCUSDT → SHORT (proba=0.91 TP=5.7%/SL=2.9%)
[trade:open] 2023-10-03 07:59 BTCUSDT SHORT @ 27528.10 | SL=28314.64 TP=25955.03 | timeout=2023-10-10 07:59
[trade:close] 2023-10-06 23:59 BTCUSDT SHORT → stop_loss @ 28314.64 | PnL=-2.86% (net -2.96%) | cum=-21.35% 2023-10=-4.95% 2023-10-06=-2.96%
[predict] 2023-10-07 16:00 BTCUSDT → SHORT (proba=0.92 TP=4.9%/SL=2.4%)
[trade:open] 2023-10-07 23:59 BTCUSDT SHORT @ 27943.00 | SL=28625.92 TP=26577.16 | timeout=2023-10-14 23:59
[trade:close] 2023-10-11 23:59 BTCUSDT SHORT → take_profit @ 26577.16 | PnL=+4.89% (net +4.79%) | cum=-16.56% 2023-10=-0.16% 2023-10-11=+4.79%
[predict] 2023-10-12 16:00 BTCUSDT → SHORT (proba=0.81 TP=4.5%/SL=2.3%)
[trade:open] 2023-10-12 23:59 BTCUSDT SHORT @ 26744.00 | SL=27350.88 TP=25530.25 | timeout=2023-10-19 23:59
[trade:close] 2023-10-15 23:59 BTCUSDT SHORT → stop_loss @ 27350.88 | PnL=-2.27% (net -2.37%) | cum=-18.93% 2023-10=-2.53% 2023-10-15=-2.37%
[predict] 2023-10-19 00:00 BTCUSDT → SHORT (proba=0.78 TP=6.6%/SL=3.3%)
[trade:open] 2023-10-19 07:59 BTCUSDT SHORT @ 28315.00 | SL=29243.36 TP=26458.28 | timeout=2023-10-26 07:59
[trade:close] 2023-10-20 07:59 BTCUSDT SHORT → stop_loss @ 29243.36 | PnL=-3.28% (net -3.38%) | cum=-22.31% 2023-10=-5.91% 2023-10-20=-3.38%
[predict] 2023-10-31 08:00 BTCUSDT → SHORT (proba=0.75 TP=6.4%/SL=3.2%)
[trade:open] 2023-10-31 15:59 BTCUSDT SHORT @ 34290.20 | SL=35395.50 TP=32079.61 | timeout=2023-11-07 15:59
[lgbm] === Training for 2023-11 ===
  Train window: 2021-11-01 → 2023-10-24
  2168 training samples from 1 symbols
  Samples per month: 2021-11: 90, 2021-12: 93, 2022-01: 93, 2022-02: 84, 2022-03: 93, 2022-04: 90, 2022-05: 93, 2022-06: 90, 2022-07: 93, 2022-08: 93, 2022-09: 90, 2022-10: 93, 2022-11: 90, 2022-12: 93, 2023-01: 93, 2023-02: 84, 2023-03: 93, 2023-04: 90, 2023-05: 93, 2023-06: 90, 2023-07: 93, 2023-08: 93, 2023-09: 90, 2023-10: 71
  [label] 2022-01-01 16:00 BTCUSDT entry=47704.3500 → SHORT | long=sl(-4.75%) short=tp(+9.21%) | scanned=12 | short_tp_only
  [label] 2022-01-03 16:00 BTCUSDT entry=46445.8100 → SHORT | long=sl(-4.36%) short=tp(+8.42%) | scanned=6 | short_tp_only
  [label] 2022-01-07 16:00 BTCUSDT entry=41553.8600 → LONG | long=timeout(+3.48%) short=sl(-6.35%) | scanned=22 | no_tp→fwd_return=+3.5822
  [label] 2022-02-01 08:00 BTCUSDT entry=38604.9700 → LONG | long=sl(-5.31%) short=sl(-5.31%) | scanned=10 | no_tp→fwd_return=+7.6286
  [label] 2022-03-25 16:00 BTCUSDT entry=44290.6000 → LONG | long=tp(+7.65%) short=sl(-3.98%) | scanned=7 | long_tp_only
  [label] 2022-09-07 16:00 BTCUSDT entry=19287.0000 → LONG | long=tp(+8.29%) short=sl(-4.30%) | scanned=5 | long_tp_only
  [label] 2022-09-11 16:00 BTCUSDT entry=21820.3000 → SHORT | long=sl(-4.07%) short=sl(-4.07%) | scanned=5 | no_tp→fwd_return=-4.5664
  [label] 2022-09-22 08:00 BTCUSDT entry=18975.5000 → LONG | long=timeout(+1.51%) short=sl(-6.56%) | scanned=22 | no_tp→fwd_return=+1.6084
  [label] 2022-11-06 08:00 BTCUSDT entry=21233.7000 → SHORT | long=sl(-2.83%) short=tp(+5.36%) | scanned=5 | short_tp_only
  [label] 2022-11-14 16:00 BTCUSDT entry=16605.2000 → SHORT | long=timeout(-5.11%) short=timeout(+4.91%) | scanned=22 | no_tp→fwd_return=-5.0117
  [label] 2023-02-13 00:00 BTCUSDT entry=21857.2000 → LONG | long=tp(+5.45%) short=sl(-2.88%) | scanned=8 | long_tp_only
  [label] 2023-03-17 00:00 BTCUSDT entry=26046.9000 → LONG | long=timeout(+8.43%) short=sl(-6.40%) | scanned=22 | no_tp→fwd_return=+8.5346
  [label] 2023-04-02 00:00 BTCUSDT entry=28401.3000 → SHORT | long=sl(-3.73%) short=timeout(+1.71%) | scanned=22 | no_tp→fwd_return=-1.8066
  [label] 2023-04-14 16:00 BTCUSDT entry=30453.1000 → SHORT | long=sl(-3.34%) short=tp(+6.38%) | scanned=17 | short_tp_only
  [label] 2023-05-03 08:00 BTCUSDT entry=28292.7000 → SHORT | long=timeout(-0.64%) short=sl(-3.95%) | scanned=22 | no_tp→fwd_return=-0.5355
  [label] 2023-05-09 16:00 BTCUSDT entry=27610.2000 → SHORT | long=sl(-3.70%) short=timeout(+2.02%) | scanned=22 | no_tp→fwd_return=-2.1202
  [label] 2023-05-22 00:00 BTCUSDT entry=26830.7000 → SHORT | long=sl(-2.52%) short=sl(-2.52%) | scanned=7 | no_tp→fwd_return=-1.9522
  [label] 2023-06-30 08:00 BTCUSDT entry=30052.0000 → LONG | long=timeout(+0.98%) short=sl(-4.00%) | scanned=22 | no_tp→fwd_return=+1.0761
  [label] 2023-07-10 08:00 BTCUSDT entry=30297.6000 → LONG | long=tp(+4.61%) short=sl(-2.45%) | scanned=10 | long_tp_only
  [label] 2023-10-04 08:00 BTCUSDT entry=27388.3000 → SHORT | long=timeout(-2.36%) short=sl(-2.77%) | scanned=22 | no_tp→fwd_return=-2.2608
  Labels: 1041 long (48.0%), 1127 short (52.0%) | weights: min=1.00, mean=3.02, max=10.00
  Features: 2168/2168 matched, 47 columns
  CV gap: 22 rows
  [ensemble 1/3] seed=42
    [trial 0] 47 features, training_days=480 | threshold=0.631 | labels: 1041 long, 1127 short (48/52%)
    [CV fold 0] train_end=2022-02-22 08:00 | val_start=2022-03-02 00:00 | gap=184h (22 rows)
    [CV fold 1] train_end=2022-06-22 16:00 | val_start=2022-06-30 08:00 | gap=184h (22 rows)
    [CV fold 2] train_end=2022-10-21 00:00 | val_start=2022-10-28 16:00 | gap=184h (22 rows)
    [CV fold 3] train_end=2023-02-18 08:00 | val_start=2023-02-26 00:00 | gap=184h (22 rows)
    [CV fold 4] train_end=2023-06-18 16:00 | val_start=2023-06-26 08:00 | gap=184h (22 rows)
    [trial 0] Sharpe=0.0008 (folds: -0.0859, 0.1328, -0.2409, -0.0258, 0.2236)
    [trial 1] 47 features, training_days=420 | threshold=0.839 | labels: 1041 long, 1127 short (48/52%)
    [trial 1] Sharpe=-3.9360 (folds: -0.1037, 0.4499, -0.0261, -10.0000, -10.0000)
    [trial 2] 47 features, training_days=190 | threshold=0.602 | labels: 1041 long, 1127 short (48/52%)
    [trial 2] Sharpe=-0.0196 (folds: -0.0729, -0.0666, -0.2322, 0.0304, 0.2432)
    [trial 3] 47 features, training_days=490 | threshold=0.832 | labels: 1041 long, 1127 short (48/52%)
    [trial 3] Sharpe=0.0037 (folds: -0.0763, 0.2046, -0.2259, -0.0619, 0.1781)
    [trial 4] 47 features, training_days=340 | threshold=0.591 | labels: 1041 long, 1127 short (48/52%)
    [trial 4] Sharpe=0.0208 (folds: -0.0002, 0.1366, -0.1916, -0.0159, 0.1750)
    [trial 5] 47 features, training_days=50 | threshold=0.823 | labels: 1041 long, 1127 short (48/52%)
    [trial 5] Sharpe=-0.2329 (folds: 0.1304, -1.6419, -0.1491, 0.5906, -0.0943)[I 2026-06-01 14:59:12,333] Trial 5 finished with value: -0.2328879038477564 and parameters: {'confidence_threshold': 0.8226559822580909, 'training_days': 50, 'n_estimators': 138, 'max_depth': 3, 'num_leaves': 30, 'learning_rate': 0.03750796359625606, 'subsample': 0.6356745158869479, 'colsample_bytree': 0.9143687545759647, 'min_child_samples': 48, 'reg_alpha': 3.376063348877853e-06, 'reg_lambda': 0.0007660634613082914}. Best is trial 4 with value: 0.020785448521155415.
[I 2026-06-01 14:59:12,443] Trial 6 finished with value: -0.007793753329634755 and parameters: {'confidence_threshold': 0.5493234787411669, 'training_days': 410, 'n_estimators': 83, 'max_depth': 5, 'num_leaves': 52, 'learning_rate': 0.019657448966046126, 'subsample': 0.5027610585618012, 'colsample_bytree': 0.9077307142274171, 'min_child_samples': 77, 'reg_alpha': 0.03639690979811287, 'reg_lambda': 0.08738424135626986}. Best is trial 4 with value: 0.020785448521155415.
[I 2026-06-01 14:59:12,562] Trial 7 finished with value: 0.013223221984181488 and parameters: {'confidence_threshold': 0.5259156281069316, 'training_days': 180, 'n_estimators': 102, 'max_depth': 5, 'num_leaves': 45, 'learning_rate': 0.030816017044468066, 'subsample': 0.5317791751430119, 'colsample_bytree': 0.6554911608578311, 'min_child_samples': 46, 'reg_alpha': 0.036851536911881845, 'reg_lambda': 0.005470376807480391}. Best is trial 4 with value: 0.020785448521155415.
[I 2026-06-01 14:59:12,681] Trial 8 finished with value: 0.07512331860195616 and parameters: {'confidence_threshold': 0.8105244599017143, 'training_days': 240, 'n_estimators': 103, 'max_depth': 5, 'num_leaves': 52, 'learning_rate': 0.06746437142284309, 'subsample': 0.8854835899772805, 'colsample_bytree': 0.7468977981821954, 'min_child_samples': 62, 'reg_alpha': 7.04480806377519e-05, 'reg_lambda': 1.6934490731313353e-08}. Best is trial 8 with value: 0.07512331860195616.
[I 2026-06-01 14:59:12,716] Trial 9 finished with value: 0.0295807222979718 and parameters: {'confidence_threshold': 0.5377619994476566, 'training_days': 20, 'n_estimators': 337, 'max_depth': 3, 'num_leaves': 39, 'learning_rate': 0.21907142272152816, 'subsample': 0.6246461145744375, 'colsample_bytree': 0.7051914615178149, 'min_child_samples': 81, 'reg_alpha': 1.1459970229341322e-06, 'reg_lambda': 4.929685216887945e-08}. Best is trial 8 with value: 0.07512331860195616.
[I 2026-06-01 14:59:13,305] Trial 10 finished with value: -0.03784016830454321 and parameters: {'confidence_threshold': 0.734042426776949, 'training_days': 280, 'n_estimators': 487, 'max_depth': 5, 'num_leaves': 62, 'learning_rate': 0.10432148521337849, 'subsample': 0.9416850669512905, 'colsample_bytree': 0.8120417635861826, 'min_child_samples': 27, 'reg_alpha': 7.238112263003475e-05, 'reg_lambda': 3.3639426888455256e-06}. Best is trial 8 with value: 0.07512331860195616.
[I 2026-06-01 14:59:13,344] Trial 11 finished with value: -8.008242957939226 and parameters: {'confidence_threshold': 0.718757392297207, 'training_days': 30, 'n_estimators': 291, 'max_depth': 4, 'num_leaves': 52, 'learning_rate': 0.29178061349464834, 'subsample': 0.8838129988503957, 'colsample_bytree': 0.7631875966377959, 'min_child_samples': 87, 'reg_alpha': 4.4840693082132346e-05, 'reg_lambda': 7.868729181011707e-06}. Best is trial 8 with value: 0.07512331860195616.
[I 2026-06-01 14:59:13,463] Trial 12 finished with value: -0.03183630290486043 and parameters: {'confidence_threshold': 0.7473051544159285, 'training_days': 130, 'n_estimators': 293, 'max_depth': 3, 'num_leaves': 33, 'learning_rate': 0.2959628420607887, 'subsample': 0.6351715277449148, 'colsample_bytree': 0.6562433298545489, 'min_child_samples': 84, 'reg_alpha': 1.4990425409270967e-06, 'reg_lambda': 2.9547164746905564e-06}. Best is trial 8 with value: 0.07512331860195616.
[I 2026-06-01 14:59:13,578] Trial 13 finished with value: -0.03414749630063769 and parameters: {'confidence_threshold': 0.6675013492473675, 'training_days': 110, 'n_estimators': 364, 'max_depth': 4, 'num_leaves': 52, 'learning_rate': 0.1457560813120297, 'subsample': 0.8493300474396129, 'colsample_bytree': 0.8155421717694826, 'min_child_samples': 95, 'reg_alpha': 4.477777874073389e-08, 'reg_lambda': 4.926649793425267e-07}. Best is trial 8 with value: 0.07512331860195616.
[I 2026-06-01 14:59:13,796] Trial 14 finished with value: -0.0035358738013420155 and parameters: {'confidence_threshold': 0.7871652886153421, 'training_days': 270, 'n_estimators': 216, 'max_depth': 4, 'num_leaves': 60, 'learning_rate': 0.16558105329933728, 'subsample': 0.664379768205199, 'colsample_bytree': 0.6431030563670873, 'min_child_samples': 57, 'reg_alpha': 1.4847666624200934e-05, 'reg_lambda': 9.076634541629289e-05}. Best is trial 8 with value: 0.07512331860195616.
[I 2026-06-01 14:59:13,832] Trial 15 finished with value: -0.061089133862374946 and parameters: {'confidence_threshold': 0.5073197482691914, 'training_days': 10, 'n_estimators': 332, 'max_depth': 5, 'num_leaves': 35, 'learning_rate': 0.01077440323140719, 'subsample': 0.8535972392831757, 'colsample_bytree': 0.7271295287414297, 'min_child_samples': 76, 'reg_alpha': 0.0016218299248743587, 'reg_lambda': 1.6340250254137068e-08}. Best is trial 8 with value: 0.07512331860195616.
[I 2026-06-01 14:59:14,094] Trial 16 finished with value: -0.03943242909872795 and parameters: {'confidence_threshold': 0.6760523483882178, 'training_days': 210, 'n_estimators': 453, 'max_depth': 3, 'num_leaves': 44, 'learning_rate': 0.05419023953103303, 'subsample': 0.713173333047047, 'colsample_bytree': 0.5982136056513266, 'min_child_samples': 34, 'reg_alpha': 0.00043095139557057635, 'reg_lambda': 9.398630963787426e-05}. Best is trial 8 with value: 0.07512331860195616.
[I 2026-06-01 14:59:14,175] Trial 17 finished with value: -0.08591422216056596 and parameters: {'confidence_threshold': 0.5596614474862396, 'training_days': 100, 'n_estimators': 201, 'max_depth': 4, 'num_leaves': 48, 'learning_rate': 0.07095900356582008, 'subsample': 0.5886469721258802, 'colsample_bytree': 0.9956385980717998, 'min_child_samples': 63, 'reg_alpha': 1.7738700138286437e-07, 'reg_lambda': 5.770366378654596e-07}. Best is trial 8 with value: 0.07512331860195616.
[I 2026-06-01 14:59:14,470] A new study created in memory with name: no-name-503e9309-b6cd-4e5b-92d9-31b96156a220
[I 2026-06-01 14:59:14,574] Trial 0 finished with value: -0.019202545369635088 and parameters: {'confidence_threshold': 0.7437642149592516, 'training_days': 150, 'n_estimators': 152, 'max_depth': 4, 'num_leaves': 50, 'learning_rate': 0.04216766425047743, 'subsample': 0.9903820991923078, 'colsample_bytree': 0.8424148692924316, 'min_child_samples': 58, 'reg_alpha': 3.381097259762742e-05, 'reg_lambda': 1.2263152961306247e-05}. Best is trial 0 with value: -0.019202545369635088.
[I 2026-06-01 14:59:14,644] Trial 1 finished with value: -1.7272389196358673 and parameters: {'confidence_threshold': 0.7551673975844145, 'training_days': 220, 'n_estimators': 76, 'max_depth': 4, 'num_leaves': 51, 'learning_rate': 0.018602118810743477, 'subsample': 0.5877258780737462, 'colsample_bytree': 0.7657756869209191, 'min_child_samples': 63, 'reg_alpha': 0.005123994170264194, 'reg_lambda': 0.44145470178120466}. Best is trial 0 with value: -0.019202545369635088.
[I 2026-06-01 14:59:14,903] Trial 2 finished with value: 0.06891328249462655 and parameters: {'confidence_threshold': 0.7535593637012223, 'training_days': 310, 'n_estimators': 375, 'max_depth': 3, 'num_leaves': 32, 'learning_rate': 0.021735641882032388, 'subsample': 0.6468570231944146, 'colsample_bytree': 0.8154880619272439, 'min_child_samples': 27, 'reg_alpha': 8.004064028491336e-05, 'reg_lambda': 7.546835261630524e-05}. Best is trial 2 with value: 0.06891328249462655.
[I 2026-06-01 14:59:15,066] Trial 3 finished with value: -0.04714006837470585 and parameters: {'confidence_threshold': 0.6727897841776072, 'training_days': 220, 'n_estimators': 190, 'max_depth': 4, 'num_leaves': 58, 'learning_rate': 0.24810689332636193, 'subsample': 0.7509183379421682, 'colsample_bytree': 0.8119764758960556, 'min_child_samples': 29, 'reg_alpha': 7.1708285081421445e-06, 'reg_lambda': 5.412973582738627e-05}. Best is trial 2 with value: 0.06891328249462655.
[I 2026-06-01 14:59:15,179] Trial 4 finished with value: -0.02616015877502214 and parameters: {'confidence_threshold': 0.803208205259178, 'training_days': 130, 'n_estimators': 267, 'max_depth': 5, 'num_leaves': 40, 'learning_rate': 0.08041175317374143, 'subsample': 0.5603143329951619, 'colsample_bytree': 0.9131704002534167, 'min_child_samples': 68, 'reg_alpha': 0.0008046593428183385, 'reg_lambda': 1.2158346158765583e-05}. Best is trial 2 with value: 0.06891328249462655.
[I 2026-06-01 14:59:15,415] Trial 5 finished with value: -0.008759541968967093 and parameters: {'confidence_threshold': 0.6064422761595144, 'training_days': 210, 'n_estimators': 357, 'max_depth': 5, 'num_leaves': 40, 'learning_rate': 0.0974221287220869, 'subsample': 0.7929682762811064, 'colsample_bytree': 0.8124517510478, 'min_child_samples': 74, 'reg_alpha': 0.3811377260781234, 'reg_lambda': 5.607314238392041e-08}. Best is trial 2 with value: 0.06891328249462655.
[I 2026-06-01 14:59:15,533] Trial 6 finished with value: -0.08585054181466936 and parameters: {'confidence_threshold': 0.7672889945051684, 'training_days': 130, 'n_estimators': 137, 'max_depth': 4, 'num_leaves': 19, 'learning_rate': 0.2031117614248665, 'subsample': 0.8136244860256343, 'colsample_bytree': 0.8617081790949774, 'min_child_samples': 21, 'reg_alpha': 0.002238138278733199, 'reg_lambda': 0.001025809534977322}. Best is trial 2 with value: 0.06891328249462655.
[I 2026-06-01 14:59:15,607] Trial 7 finished with value: -0.040101742337618373 and parameters: {'confidence_threshold': 0.555635875450653, 'training_days': 80, 'n_estimators': 363, 'max_depth': 3, 'num_leaves': 48, 'learning_rate': 0.06590089024008658, 'subsample': 0.6944752870615722, 'colsample_bytree': 0.962566244806993, 'min_child_samples': 88, 'reg_alpha': 1.6465620446426067e-05, 'reg_lambda': 2.4678750890085655e-08}. Best is trial 2 with value: 0.06891328249462655.
[I 2026-06-01 14:59:15,972] Trial 8 finished with value: -0.04014176842972524 and parameters: {'confidence_threshold': 0.6066688256938841, 'training_days': 200, 'n_estimators': 367, 'max_depth': 5, 'num_leaves': 32, 'learning_rate': 0.13377519215934996, 'subsample': 0.7965884582811106, 'colsample_bytree': 0.8458508993500886, 'min_child_samples': 32, 'reg_alpha': 3.889436043816386e-05, 'reg_lambda': 1.4713062489380356e-06}. Best is trial 2 with value: 0.06891328249462655.
[I 2026-06-01 14:59:16,191] Trial 9 finished with value: -0.0287609920456663 and parameters: {'confidence_threshold': 0.6202096049169137, 'training_days': 260, 'n_estimators': 350, 'max_depth': 3, 'num_leaves': 21, 'learning_rate': 0.02989540198065364, 'subsample': 0.8307821683331218, 'colsample_bytree': 0.923253112635361, 'min_child_samples': 64, 'reg_alpha': 0.4898604619604203, 'reg_lambda': 2.9076377687066166e-05}. Best is trial 2 with value: 0.06891328249462655.
[I 2026-06-01 14:59:16,530] Trial 10 finished with value: -2.1690971264470007 and parameters: {'confidence_threshold': 0.8445241688507242, 'training_days': 420, 'n_estimators': 494, 'max_depth': 3, 'num_leaves': 30, 'learning_rate': 0.010221918552934462, 'subsample': 0.5019190721168774, 'colsample_bytree': 0.6202684210924141, 'min_child_samples': 45, 'reg_alpha': 1.5494783182896407e-08, 'reg_lambda': 0.018878930586497852}. Best is trial 2 with value: 0.06891328249462655.
[I 2026-06-01 14:59:16,893] Trial 11 finished with value: 0.0019345469316594034 and parameters: {'confidence_threshold': 0.5130539202318031, 'training_days': 350, 'n_estimators': 481, 'max_depth': 5, 'num_leaves': 37, 'learning_rate': 0.022038273824583284, 'subsample': 0.6581542700946174, 'colsample_bytree': 0.6778283959364831, 'min_child_samples': 85, 'reg_alpha': 5.52148235930095, 'reg_lambda': 1.0039406094662013e-08}. Best is trial 2 with value: 0.06891328249462655.
[I 2026-06-01 14:59:17,166] Trial 12 finished with value: 0.026298055512483442 and parameters: {'confidence_threshold': 0.516328251028038, 'training_days': 360, 'n_estimators': 498, 'max_depth': 3, 'num_leaves': 30, 'learning_rate': 0.020920578578909464, 'subsample': 0.6547963021624791, 'colsample_bytree': 0.6669454130036883, 'min_child_samples': 100, 'reg_alpha': 6.210448045058425, 'reg_lambda': 0.003868337780147536}. Best is trial 2 with value: 0.06891328249462655.
[I 2026-06-01 14:59:17,465] Trial 13 finished with value: 0.021049402760037028 and parameters: {'confidence_threshold': 0.6746495468580772, 'training_days': 490, 'n_estimators': 429, 'max_depth': 3, 'num_leaves': 26, 'learning_rate': 0.011266513790988052, 'subsample': 0.6551660007450526, 'colsample_bytree': 0.5443982906148261, 'min_child_samples': 45, 'reg_alpha': 1.7435071068005825e-07, 'reg_lambda': 0.00375457202282825}. Best is trial 2 with value: 0.06891328249462655.
