[I 2026-06-01 15:03:03,895] Trial 0 finished with value: -0.030280420586802526 and parameters: {'confidence_threshold': 0.5870645682749857, 'training_days': 90, 'n_estimators': 403, 'max_depth': 5, 'num_leaves': 45, 'learning_rate': 0.0780457193679974, 'subsample': 0.9428509515574568, 'colsample_bytree': 0.8795587339164916, 'min_child_samples': 34, 'reg_alpha': 2.2465901234314442e-07, 'reg_lambda': 8.339007036475363e-05}. Best is trial 0 with value: -0.030280420586802526.
[I 2026-06-01 15:03:04,006] Trial 1 finished with value: -0.1714701280689422 and parameters: {'confidence_threshold': 0.6348453934275313, 'training_days': 290, 'n_estimators': 115, 'max_depth': 5, 'num_leaves': 37, 'learning_rate': 0.06949568759029946, 'subsample': 0.8228505074024268, 'colsample_bytree': 0.8616703220431751, 'min_child_samples': 75, 'reg_alpha': 4.2486822725010923e-07, 'reg_lambda': 1.157247767047042e-07}. Best is trial 0 with value: -0.030280420586802526.
[I 2026-06-01 15:03:04,030] Trial 2 finished with value: -0.1345409823151351 and parameters: {'confidence_threshold': 0.5849570384370288, 'training_days': 10, 'n_estimators': 212, 'max_depth': 3, 'num_leaves': 41, 'learning_rate': 0.18452095998378365, 'subsample': 0.6001060822924371, 'colsample_bytree': 0.5673167293506167, 'min_child_samples': 37, 'reg_alpha': 5.733250064217131, 'reg_lambda': 0.5308454292595461}. Best is trial 0 with value: -0.030280420586802526.
[I 2026-06-01 15:03:04,113] Trial 3 finished with value: -0.21122086971001514 and parameters: {'confidence_threshold': 0.6868248626683718, 'training_days': 220, 'n_estimators': 134, 'max_depth': 3, 'num_leaves': 45, 'learning_rate': 0.033529007907491595, 'subsample': 0.8647277071858408, 'colsample_bytree': 0.778494116634046, 'min_child_samples': 96, 'reg_alpha': 2.409409937265785e-07, 'reg_lambda': 1.1642073478060009}. Best is trial 0 with value: -0.030280420586802526.
[I 2026-06-01 15:03:04,208] Trial 4 finished with value: -0.10317926392577785 and parameters: {'confidence_threshold': 0.5623121348350352, 'training_days': 300, 'n_estimators': 69, 'max_depth': 4, 'num_leaves': 32, 'learning_rate': 0.14967629360700346, 'subsample': 0.5054535233636654, 'colsample_bytree': 0.7401385194659216, 'min_child_samples': 27, 'reg_alpha': 1.4212042567426725e-07, 'reg_lambda': 0.23605753701352003}. Best is trial 0 with value: -0.030280420586802526.
[I 2026-06-01 15:03:04,596] Trial 5 finished with value: -0.08756942908931668 and parameters: {'confidence_threshold': 0.7111850244908446, 'training_days': 490, 'n_estimators': 362, 'max_depth': 5, 'num_leaves': 40, 'learning_rate': 0.05960785724162737, 'subsample': 0.5589714368907717, 'colsample_bytree': 0.6659006943232806, 'min_child_samples': 42, 'reg_alpha': 0.6741360303045295, 'reg_lambda': 6.054601607143087e-08}. Best is trial 0 with value: -0.030280420586802526.
[I 2026-06-01 15:03:04,770] Trial 6 finished with value: -0.05688653981755841 and parameters: {'confidence_threshold': 0.667482545748023, 'training_days': 420, 'n_estimators': 279, 'max_depth': 3, 'num_leaves': 45, 'learning_rate': 0.040099592560849204, 'subsample': 0.8563114696415159, 'colsample_bytree': 0.5442917781944105, 'min_child_samples': 50, 'reg_alpha': 1.6407916423707903e-08, 'reg_lambda': 2.935907642973286e-05}. Best is trial 0 with value: -0.030280420586802526.
[I 2026-06-01 15:03:04,903] Trial 7 finished with value: -0.03702031303419044 and parameters: {'confidence_threshold': 0.5497381024139926, 'training_days': 120, 'n_estimators': 408, 'max_depth': 5, 'num_leaves': 38, 'learning_rate': 0.28049122657745795, 'subsample': 0.8806573338635493, 'colsample_bytree': 0.5454054113547102, 'min_child_samples': 63, 'reg_alpha': 0.01263008637940408, 'reg_lambda': 0.04588020805366937}. Best is trial 0 with value: -0.030280420586802526.
[I 2026-06-01 15:03:05,162] Trial 8 finished with value: -0.14580540855463384 and parameters: {'confidence_threshold': 0.719644804808716, 'training_days': 450, 'n_estimators': 410, 'max_depth': 4, 'num_leaves': 57, 'learning_rate': 0.04022026551478857, 'subsample': 0.5336085426932707, 'colsample_bytree': 0.5705742850577543, 'min_child_samples': 100, 'reg_alpha': 5.916398047912201e-07, 'reg_lambda': 0.9794034214488329}. Best is trial 0 with value: -0.030280420586802526.
[I 2026-06-01 15:03:05,188] Trial 9 finished with value: -2.084403271110224 and parameters: {'confidence_threshold': 0.7267463643917187, 'training_days': 20, 'n_estimators': 337, 'max_depth': 5, 'num_leaves': 23, 'learning_rate': 0.022153031811454605, 'subsample': 0.6305627572358737, 'colsample_bytree': 0.6613413774216214, 'min_child_samples': 81, 'reg_alpha': 5.7638634029410314e-08, 'reg_lambda': 8.26603016764008}. Best is trial 0 with value: -0.030280420586802526.

    [trial 10] 47 features, training_days=350 | threshold=0.738 | labels: 1220 long, 951 short (56/44%)
    [trial 10] Sharpe=-0.0962 (folds: -0.0764, -0.1610, -0.0737, -0.0721, -0.0980)
    [trial 11] 47 features, training_days=340 | threshold=0.716 | labels: 1220 long, 951 short (56/44%)
    [trial 11] Sharpe=-0.1329 (folds: -0.1908, -0.1880, -0.0537, -0.1930, -0.0388)
    [trial 12] 47 features, training_days=360 | threshold=0.723 | labels: 1220 long, 951 short (56/44%)
    [trial 12] Sharpe=-0.1655 (folds: -0.1331, -0.2587, 0.0133, -0.1996, -0.2494)
    [trial 13] 47 features, training_days=400 | threshold=0.757 | labels: 1220 long, 951 short (56/44%)
    [trial 13] Sharpe=-0.1234 (folds: -0.1986, -0.2685, -0.0951, -0.1950, 0.1401)
    [trial 14] 47 features, training_days=260 | threshold=0.665 | labels: 1220 long, 951 short (56/44%)
    [trial 14] Sharpe=-2.0687 (folds: 0.3368, -0.3519, 0.1157, -10.0000, -0.4443)
    [trial 15] 47 features, training_days=290 | threshold=0.770 | labels: 1220 long, 951 short (56/44%)
    [trial 15] Sharpe=-0.2664 (folds: -0.1636, -0.2931, -0.0973, -0.7469, -0.0311)
    [trial 16] 47 features, training_days=420 | threshold=0.676 | labels: 1220 long, 951 short (56/44%)
    [trial 16] Sharpe=-0.0834 (folds: -0.0001, -0.1601, -0.1346, -0.0820, -0.0403)
    [trial 17] 47 features, training_days=440 | threshold=0.676 | labels: 1220 long, 951 short (56/44%)
    [trial 17] Sharpe=-0.1354 (folds: -0.2097, -0.1988, -0.1541, -0.0954, -0.0189)
  Optuna: 18 trials, best Sharpe = -0.0750
  Best params: n_estimators=83, max_depth=5, lr=0.0197, leaves=52
  Best confidence_threshold: 0.549
  Best training_days: 410
  Retrained on full data (1230 samples, 47 features)
  [ensemble 2/3] seed=123
    [trial 0] 47 features, training_days=150 | threshold=0.744 | labels: 1220 long, 951 short (56/44%)
    [CV fold 0] train_end=2023-10-23 08:00 | val_start=2023-10-31 00:00 | gap=184h (22 rows)
    [CV fold 1] train_end=2024-02-20 16:00 | val_start=2024-02-28 08:00 | gap=184h (22 rows)
    [CV fold 2] train_end=2024-06-20 00:00 | val_start=2024-06-27 16:00 | gap=184h (22 rows)
    [CV fold 3] train_end=2024-10-18 08:00 | val_start=2024-10-26 00:00 | gap=184h (22 rows)
    [CV fold 4] train_end=2025-02-15 16:00 | val_start=2025-02-23 08:00 | gap=184h (22 rows)
    [trial 0] Sharpe=-0.1419 (folds: -0.1126, -0.0470, -0.1718, -0.2676, -0.1105)
    [trial 1] 47 features, training_days=220 | threshold=0.755 | labels: 1220 long, 951 short (56/44%)
    [trial 1] Sharpe=-5.9982 (folds: 0.1947, -0.1854, -10.0000, -10.0000, -10.0000)
    [trial 2] 47 features, training_days=310 | threshold=0.754 | labels: 1220 long, 951 short (56/44%)
    [trial 2] Sharpe=-0.1788 (folds: 0.0863, -0.1539, -0.1074, -0.3451, -0.3740)
    [trial 3] 47 features, training_days=220 | threshold=0.673 | labels: 1220 long, 951 short (56/44%)
    [trial 3] Sharpe=-0.0945 (folds: -0.0446, -0.0170, -0.1593, -0.1682, -0.0836)
    [trial 4] 47 features, training_days=130 | threshold=0.803 | labels: 1220 long, 951 short (56/44%)
    [trial 4] Sharpe=-0.0433 (folds: -0.0744, 0.0538, -0.0308, -0.2076, 0.0426)
    [trial 5] 47 features, training_days=210 | threshold=0.606 | labels: 1220 long, 951 short (56/44%)
    [trial 5] Sharpe=-0.1191 (folds: -0.0373, -0.0335, -0.1847, -0.2745, -0.0656)
    [trial 6] 47 features, training_days=130 | threshold=0.767 | labels: 1220 long, 951 short (56/44%)
    [trial 6] Sharpe=-0.0549 (folds: -0.0008, 0.0288, -0.0497, -0.2116, -0.0411)
    [trial 7] 47 features, training_days=80 | threshold=0.556 | labels: 1220 long, 951 short (56/44%)
    [trial 7] Sharpe=-0.0112 (folds: 0.0194, 0.1017, -0.1894, 0.0513, -0.0390)
    [trial 8] 47 features, training_days=200 | threshold=0.607 | labels: 1220 long, 951 short (56/44%)
    [trial 8] Sharpe=-0.1048 (folds: -0.0352, -0.0040, -0.1431, -0.2067, -0.1348)
    [trial 9] 47 features, training_days=260 | threshold=0.620 | labels: 1220 long, 951 short (56/44%)
    [trial 9] Sharpe=-0.1639 (folds: -0.0921, -0.2104, -0.1592, -0.2170, -0.1407)
    [trial 10] 47 features, training_days=10 | threshold=0.525 | labels: 1220 long, 951 short (56/44%)
    [trial 10] Sharpe=-0.1345 (folds: -0.2934, 0.0205, -0.1773, -0.2348, 0.0123)
    [trial 11] 47 features, training_days=480 | threshold=0.837 | labels: 1220 long, 951 short (56/44%)
    [trial 11] Sharpe=-0.1933 (folds: -0.1781, -0.2019, -0.1847, -0.3756, -0.0263)
    [trial 12] 47 features, training_days=10 | threshold=0.517 | labels: 1220 long, 951 short (56/44%)
    [trial 12] Sharpe=-0.1345 (folds: -0.2934, 0.0205, -0.1773, -0.2348, 0.0123)
    [trial 13] 47 features, training_days=110 | threshold=0.820 | labels: 1220 long, 951 short (56/44%)
    [trial 13] Sharpe=-0.0181 (folds: 0.0007, 0.0424, 0.0026, -0.0908, -0.0457)
    [trial 14] 47 features, training_days=70 | threshold=0.697 | labels: 1220 long, 951 short (56/44%)
    [trial 14] Sharpe=0.0347 (folds: 0.2127, 0.0287, -0.0288, 0.0336, -0.0724)
    [trial 15] 47 features, training_days=60 | threshold=0.681 | labels: 1220 long, 951 short (56/44%)
    [trial 15] Sharpe=0.0100 (folds: 0.2023, -0.0492, -0.0441, -0.0107, -0.0486)
    [trial 16] 47 features, training_days=350 | threshold=0.695 | labels: 1220 long, 951 short (56/44%)
    [trial 16] Sharpe=-0.0607 (folds: 0.0690, -0.0819, -0.0773, -0.1991, -0.0144)
    [trial 17] 47 features, training_days=70 | threshold=0.683 | labels: 1220 long, 951 short (56/44%)
    [trial 17] Sharpe=0.0149 (folds: 0.1859, 0.0010, -0.0620, 0.0338, -0.0844)
  Optuna: 18 trials, best Sharpe = 0.0347
  Best params: n_estimators=492, max_depth=3, lr=0.1374, leaves=50
  Best confidence_threshold: 0.697
  Best training_days: 70
  Retrained on full data (210 samples, 47 features)
  [ensemble 3/3] seed=456
    [trial 0] 47 features, training_days=90 | threshold=0.587 | labels: 1220 long, 951 short (56/44%)
    [CV fold 0] train_end=2023-10-23 08:00 | val_start=2023-10-31 00:00 | gap=184h (22 rows)
    [CV fold 1] train_end=2024-02-20 16:00 | val_start=2024-02-28 08:00 | gap=184h (22 rows)
    [CV fold 2] train_end=2024-06-20 00:00 | val_start=2024-06-27 16:00 | gap=184h (22 rows)
    [CV fold 3] train_end=2024-10-18 08:00 | val_start=2024-10-26 00:00 | gap=184h (22 rows)
    [CV fold 4] train_end=2025-02-15 16:00 | val_start=2025-02-23 08:00 | gap=184h (22 rows)
    [trial 0] Sharpe=-0.0303 (folds: 0.0727, -0.0325, -0.0072, -0.1240, -0.0605)
    [trial 1] 47 features, training_days=290 | threshold=0.635 | labels: 1220 long, 951 short (56/44%)
    [trial 1] Sharpe=-0.1715 (folds: -0.1363, -0.2247, -0.1209, -0.3401, -0.0353)
    [trial 2] 47 features, training_days=10 | threshold=0.585 | labels: 1220 long, 951 short (56/44%)
    [trial 2] Sharpe=-0.1345 (folds: -0.2934, 0.0205, -0.1773, -0.2348, 0.0123)
    [trial 3] 47 features, training_days=220 | threshold=0.687 | labels: 1220 long, 951 short (56/44%)
    [trial 3] Sharpe=-0.2112 (folds: -0.0918, -0.1225, -0.1774, -0.4492, -0.2152)
    [trial 4] 47 features, training_days=300 | threshold=0.562 | labels: 1220 long, 951 short (56/44%)
    [trial 4] Sharpe=-0.1032 (folds: -0.0117, -0.1514, -0.0660, -0.1920, -0.0949)
    [trial 5] 47 features, training_days=490 | threshold=0.711 | labels: 1220 long, 951 short (56/44%)
    [trial 5] Sharpe=-0.0876 (folds: -0.0411, -0.1154, -0.0856, -0.1027, -0.0930)
    [trial 6] 47 features, training_days=420 | threshold=0.667 | labels: 1220 long, 951 short (56/44%)
    [trial 6] Sharpe=-0.0569 (folds: 0.0144, -0.1448, -0.0718, -0.0959, 0.0136)
    [trial 7] 47 features, training_days=120 | threshold=0.550 | labels: 1220 long, 951 short (56/44%)
    [trial 7] Sharpe=-0.0370 (folds: 0.0550, 0.0514, -0.0441, -0.2254, -0.0220)
    [trial 8] 47 features, training_days=450 | threshold=0.720 | labels: 1220 long, 951 short (56/44%)
    [trial 8] Sharpe=-0.1458 (folds: -0.2294, -0.1938, -0.1565, -0.1492, -0.0000)
    [trial 9] 47 features, training_days=20 | threshold=0.727 | labels: 1220 long, 951 short (56/44%)
    [trial 9] Sharpe=-2.0844 (folds: -0.2934, 0.0205, -0.1773, 0.0282, -10.0000)
    [trial 10] 47 features, training_days=130 | threshold=0.840 | labels: 1220 long, 951 short (56/44%)
    [trial 10] Sharpe=-0.0352 (folds: -0.0964, 0.0668, 0.0033, -0.1317, -0.0180)[I 2026-06-01 15:03:05,510] Trial 10 finished with value: -0.03520950761263295 and parameters: {'confidence_threshold': 0.8398533911817929, 'training_days': 130, 'n_estimators': 485, 'max_depth': 4, 'num_leaves': 62, 'learning_rate': 0.014251957942824738, 'subsample': 0.9901604570372973, 'colsample_bytree': 0.9944479338273263, 'min_child_samples': 23, 'reg_alpha': 6.837313901272251e-05, 'reg_lambda': 0.0006976939169966911}. Best is trial 0 with value: -0.030280420586802526.
[I 2026-06-01 15:03:05,841] Trial 11 finished with value: -0.08604406374263826 and parameters: {'confidence_threshold': 0.8491135887906174, 'training_days': 140, 'n_estimators': 478, 'max_depth': 4, 'num_leaves': 61, 'learning_rate': 0.010040680771315659, 'subsample': 0.9943448329854054, 'colsample_bytree': 0.9775347597655288, 'min_child_samples': 20, 'reg_alpha': 7.328612622954525e-05, 'reg_lambda': 0.0002767360651732308}. Best is trial 0 with value: -0.030280420586802526.
[I 2026-06-01 15:03:06,132] Trial 12 finished with value: -0.025611819573974792 and parameters: {'confidence_threshold': 0.83900033179092, 'training_days': 120, 'n_estimators': 490, 'max_depth': 4, 'num_leaves': 54, 'learning_rate': 0.010310812825333917, 'subsample': 0.9949021454548997, 'colsample_bytree': 0.9826583982594713, 'min_child_samples': 32, 'reg_alpha': 3.2356567490488907e-05, 'reg_lambda': 7.35834427504219e-06}. Best is trial 12 with value: -0.025611819573974792.
[I 2026-06-01 15:03:06,342] Trial 13 finished with value: -0.06127319765686852 and parameters: {'confidence_threshold': 0.5040535938350955, 'training_days': 80, 'n_estimators': 497, 'max_depth': 4, 'num_leaves': 52, 'learning_rate': 0.10561030749654025, 'subsample': 0.7167465116351245, 'colsample_bytree': 0.8987697222250639, 'min_child_samples': 37, 'reg_alpha': 8.076430909539039e-06, 'reg_lambda': 4.1742585603347775e-06}. Best is trial 12 with value: -0.025611819573974792.
[I 2026-06-01 15:03:06,685] Trial 14 finished with value: -0.17216469609919566 and parameters: {'confidence_threshold': 0.7723320301796328, 'training_days': 210, 'n_estimators': 419, 'max_depth': 5, 'num_leaves': 51, 'learning_rate': 0.0210691650752431, 'subsample': 0.9294526207842858, 'colsample_bytree': 0.8938410767605052, 'min_child_samples': 54, 'reg_alpha': 0.0071529387925444755, 'reg_lambda': 1.9886829632959904e-06}. Best is trial 12 with value: -0.025611819573974792.
[I 2026-06-01 15:03:06,918] Trial 15 finished with value: -0.0942726493085169 and parameters: {'confidence_threshold': 0.6118100966604268, 'training_days': 180, 'n_estimators': 310, 'max_depth': 4, 'num_leaves': 52, 'learning_rate': 0.09876059752254504, 'subsample': 0.777815496142171, 'colsample_bytree': 0.8283431670740264, 'min_child_samples': 34, 'reg_alpha': 4.7783549780930786e-06, 'reg_lambda': 0.0026406526000485684}. Best is trial 12 with value: -0.025611819573974792.
[I 2026-06-01 15:03:06,997] Trial 16 finished with value: 0.05806502054531898 and parameters: {'confidence_threshold': 0.7809712285122007, 'training_days': 70, 'n_estimators': 229, 'max_depth': 4, 'num_leaves': 29, 'learning_rate': 0.09325618440644227, 'subsample': 0.9472433443810231, 'colsample_bytree': 0.9373223525891455, 'min_child_samples': 48, 'reg_alpha': 0.0021590476326598246, 'reg_lambda': 2.0326812125715088e-05}. Best is trial 16 with value: 0.05806502054531898.
[I 2026-06-01 15:03:07,188] Trial 17 finished with value: -0.14734843875631282 and parameters: {'confidence_threshold': 0.792202360704612, 'training_days': 370, 'n_estimators': 219, 'max_depth': 4, 'num_leaves': 18, 'learning_rate': 0.0254917926267375, 'subsample': 0.7250719911950703, 'colsample_bytree': 0.9466949144289513, 'min_child_samples': 66, 'reg_alpha': 0.003779012890739376, 'reg_lambda': 2.4454181996285577e-06}. Best is trial 16 with value: 0.05806502054531898.
[I 2026-06-01 15:03:07,964] A new study created in memory with name: no-name-955085a0-b243-444d-9f74-be0360fc2e8b
[I 2026-06-01 15:03:08,272] Trial 0 finished with value: -0.10549673891093683 and parameters: {'confidence_threshold': 0.6310890415965769, 'training_days': 480, 'n_estimators': 380, 'max_depth': 4, 'num_leaves': 22, 'learning_rate': 0.01699897838270077, 'subsample': 0.5290418060840998, 'colsample_bytree': 0.9330880728874675, 'min_child_samples': 68, 'reg_alpha': 0.023585940584142682, 'reg_lambda': 1.5320059381854043e-08}. Best is trial 0 with value: -0.10549673891093683.
[I 2026-06-01 15:03:08,386] Trial 1 finished with value: -5.99535413442909 and parameters: {'confidence_threshold': 0.839468448256698, 'training_days': 420, 'n_estimators': 145, 'max_depth': 3, 'num_leaves': 23, 'learning_rate': 0.028145092716060652, 'subsample': 0.762378215816119, 'colsample_bytree': 0.7159725093210578, 'min_child_samples': 43, 'reg_alpha': 0.0032112643094417484, 'reg_lambda': 1.8007140198129195e-07}. Best is trial 0 with value: -0.10549673891093683.
[I 2026-06-01 15:03:08,534] Trial 2 finished with value: -0.0525160773127044 and parameters: {'confidence_threshold': 0.6022506269873263, 'training_days': 190, 'n_estimators': 255, 'max_depth': 5, 'num_leaves': 24, 'learning_rate': 0.05748924681991978, 'subsample': 0.7962072844310213, 'colsample_bytree': 0.5232252063599989, 'min_child_samples': 69, 'reg_alpha': 3.425445902633376e-07, 'reg_lambda': 3.850031979199519e-08}. Best is trial 2 with value: -0.0525160773127044.
[I 2026-06-01 15:03:08,792] Trial 3 finished with value: -0.04115200304091372 and parameters: {'confidence_threshold': 0.8321099380386666, 'training_days': 490, 'n_estimators': 414, 'max_depth': 3, 'num_leaves': 19, 'learning_rate': 0.1024932221692416, 'subsample': 0.7200762468698007, 'colsample_bytree': 0.5610191174223894, 'min_child_samples': 60, 'reg_alpha': 2.039373116525212e-08, 'reg_lambda': 1.527156759251193}. Best is trial 3 with value: -0.04115200304091372.
