[I 2026-06-01 15:03:31,798] Trial 6 finished with value: -0.07063340652127977 and parameters: {'confidence_threshold': 0.5493234787411669, 'training_days': 410, 'n_estimators': 83, 'max_depth': 5, 'num_leaves': 52, 'learning_rate': 0.019657448966046126, 'subsample': 0.5027610585618012, 'colsample_bytree': 0.9077307142274171, 'min_child_samples': 77, 'reg_alpha': 0.03639690979811287, 'reg_lambda': 0.08738424135626986}. Best is trial 5 with value: 0.03361114682458786.

    [trial 10] Sharpe=-1.9209 (folds: 0.1722, 0.0724, 0.0820, -10.0000, 0.0687)
    [trial 11] 47 features, training_days=500 | threshold=0.783 | labels: 1242 long, 929 short (57/43%)
    [trial 11] Sharpe=-0.0653 (folds: 0.1882, -0.0119, -0.1387, -0.2908, -0.0730)
    [trial 12] 47 features, training_days=500 | threshold=0.745 | labels: 1242 long, 929 short (57/43%)
    [trial 12] Sharpe=-0.0210 (folds: 0.1091, 0.0348, -0.0102, -0.2762, 0.0373)
    [trial 13] 47 features, training_days=390 | threshold=0.759 | labels: 1242 long, 929 short (57/43%)
    [trial 13] Sharpe=-0.0458 (folds: 0.1988, 0.0305, -0.0660, -0.3474, -0.0447)
    [trial 14] 47 features, training_days=440 | threshold=0.845 | labels: 1242 long, 929 short (57/43%)
    [trial 14] Sharpe=-0.0558 (folds: 0.1249, 0.0109, -0.0312, -0.3105, -0.0730)
    [trial 15] 47 features, training_days=360 | threshold=0.779 | labels: 1242 long, 929 short (57/43%)
    [trial 15] Sharpe=-0.0063 (folds: 0.2251, -0.0009, -0.0910, -0.2069, 0.0424)
    [trial 16] 47 features, training_days=340 | threshold=0.781 | labels: 1242 long, 929 short (57/43%)
    [trial 16] Sharpe=0.0296 (folds: 0.2224, 0.0057, 0.0794, 0.0792, -0.2388)
    [trial 17] 47 features, training_days=340 | threshold=0.787 | labels: 1242 long, 929 short (57/43%)
    [trial 17] Sharpe=-6.0041 (folds: -0.1110, 0.0905, -10.0000, -10.0000, -10.0000)
  Optuna: 18 trials, best Sharpe = 0.0296
  Best params: n_estimators=189, max_depth=4, lr=0.0213, leaves=51
  Best confidence_threshold: 0.781
  Best training_days: 340
  Retrained on full data (1020 samples, 47 features)
  OOD: 16 features, cutoff (q=0.7) = 9.52
  Model trained for 2025-09: 90 test candles with features, confidence_threshold=0.609
[trade:close] 2025-09-02 08:00 BTCUSDT LONG → timeout @ 110190.10 | PnL=-0.05% (net -0.15%) | cum=-29.45% 2025-09=-0.15% 2025-09-02=-0.15%
[predict] 2025-09-04 00:00 BTCUSDT → SHORT (proba=0.65 TP=5.3%/SL=2.7%)
[trade:open] 2025-09-04 07:59 BTCUSDT SHORT @ 110417.30 | SL=113355.19 TP=104541.52 | timeout=2025-09-11 07:59
[trade:close] 2025-09-10 15:59 BTCUSDT SHORT → stop_loss @ 113355.19 | PnL=-2.66% (net -2.76%) | cum=-32.21% 2025-09=-2.91% 2025-09-10=-2.76%
[predict] 2025-09-13 00:00 BTCUSDT → SHORT (proba=0.63 TP=4.0%/SL=2.0%)
[trade:open] 2025-09-13 07:59 BTCUSDT SHORT @ 115715.50 | SL=118015.01 TP=111116.49 | timeout=2025-09-20 07:59
[trade:close] 2025-09-20 08:00 BTCUSDT SHORT → timeout @ 115909.90 | PnL=-0.17% (net -0.27%) | cum=-32.48% 2025-09=-3.18% 2025-09-20=-0.27%
[predict] 2025-09-21 00:00 BTCUSDT → LONG (proba=0.64 TP=3.2%/SL=1.6%)
[trade:open] 2025-09-21 07:59 BTCUSDT LONG @ 115772.90 | SL=113935.31 TP=119448.07 | timeout=2025-09-28 07:59
[trade:close] 2025-09-22 07:59 BTCUSDT LONG → stop_loss @ 113935.31 | PnL=-1.59% (net -1.69%) | cum=-34.17% 2025-09=-4.87% 2025-09-22=-1.69%
[predict] 2025-09-24 00:00 BTCUSDT → SHORT (proba=0.63 TP=4.0%/SL=2.0%)
[trade:open] 2025-09-24 07:59 BTCUSDT SHORT @ 112544.70 | SL=114812.25 TP=108009.60 | timeout=2025-10-01 07:59
[lgbm] === Training for 2025-10 ===
  Train window: 2023-10-01 → 2025-09-23
  2171 training samples from 1 symbols
  Samples per month: 2023-10: 93, 2023-11: 90, 2023-12: 93, 2024-01: 93, 2024-02: 87, 2024-03: 93, 2024-04: 90, 2024-05: 93, 2024-06: 90, 2024-07: 93, 2024-08: 93, 2024-09: 90, 2024-10: 93, 2024-11: 90, 2024-12: 93, 2025-01: 93, 2025-02: 84, 2025-03: 93, 2025-04: 90, 2025-05: 93, 2025-06: 90, 2025-07: 93, 2025-08: 93, 2025-09: 68
  [label] 2023-12-01 16:00 BTCUSDT entry=38660.0000 → LONG | long=tp(+5.26%) short=sl(-2.78%) | scanned=7 | long_tp_only
  [label] 2023-12-04 00:00 BTCUSDT entry=41471.9000 → LONG | long=tp(+5.85%) short=sl(-3.07%) | scanned=5 | long_tp_only
  [label] 2023-12-07 16:00 BTCUSDT entry=43296.0000 → SHORT | long=sl(-3.56%) short=tp(+6.82%) | scanned=10 | short_tp_only
  [label] 2024-01-01 08:00 BTCUSDT entry=42818.0000 → LONG | long=tp(+5.60%) short=sl(-2.95%) | scanned=2 | long_tp_only
  [label] 2024-02-23 00:00 BTCUSDT entry=50952.3000 → LONG | long=tp(+6.66%) short=sl(-3.48%) | scanned=11 | long_tp_only
  [label] 2024-08-07 00:00 BTCUSDT entry=56898.7000 → LONG | long=timeout(+6.91%) short=sl(-7.77%) | scanned=22 | no_tp→fwd_return=+7.0098
  [label] 2024-08-11 00:00 BTCUSDT entry=61224.9000 → SHORT | long=sl(-5.28%) short=timeout(+2.64%) | scanned=22 | no_tp→fwd_return=-2.7432
  [label] 2024-08-21 16:00 BTCUSDT entry=61120.0000 → SHORT | long=sl(-4.43%) short=sl(-4.43%) | scanned=18 | no_tp→fwd_return=-2.8395
  [label] 2024-10-05 16:00 BTCUSDT entry=62023.1000 → SHORT | long=sl(-3.04%) short=sl(-3.04%) | scanned=15 | no_tp→fwd_return=-2.7891
  [label] 2024-10-14 08:00 BTCUSDT entry=65850.9000 → LONG | long=timeout(+2.18%) short=sl(-3.30%) | scanned=22 | no_tp→fwd_return=+2.2830
  [label] 2025-01-12 16:00 BTCUSDT entry=94499.9000 → LONG | long=sl(-3.48%) short=sl(-3.48%) | scanned=8 | no_tp→fwd_return=+4.7021
  [label] 2025-02-13 16:00 BTCUSDT entry=96560.6000 → LONG | long=timeout(+1.65%) short=timeout(-1.85%) | scanned=22 | no_tp→fwd_return=+1.7526
  [label] 2025-03-02 00:00 BTCUSDT entry=86191.4000 → SHORT | long=sl(-5.40%) short=sl(-5.40%) | scanned=7 | no_tp→fwd_return=-3.7665
  [label] 2025-03-14 16:00 BTCUSDT entry=83939.8000 → LONG | long=timeout(+0.03%) short=timeout(-0.23%) | scanned=22 | no_tp→fwd_return=+0.1316
  [label] 2025-04-02 00:00 BTCUSDT entry=84389.8000 → SHORT | long=sl(-3.23%) short=sl(-3.23%) | scanned=4 | no_tp→fwd_return=-2.8297
  [label] 2025-04-08 08:00 BTCUSDT entry=78460.0000 → LONG | long=timeout(+8.07%) short=sl(-5.85%) | scanned=22 | no_tp→fwd_return=+8.1722
  [label] 2025-04-20 16:00 BTCUSDT entry=85138.8000 → LONG | long=tp(+4.71%) short=sl(-2.51%) | scanned=5 | long_tp_only
  [label] 2025-05-30 08:00 BTCUSDT entry=105504.0000 → SHORT | long=sl(-3.12%) short=timeout(+0.34%) | scanned=22 | no_tp→fwd_return=-0.4442
  [label] 2025-06-09 00:00 BTCUSDT entry=105516.7000 → LONG | long=tp(+4.44%) short=sl(-2.37%) | scanned=2 | long_tp_only
  [label] 2025-09-03 08:00 BTCUSDT entry=112168.6000 → LONG | long=timeout(+1.36%) short=timeout(-1.56%) | scanned=22 | no_tp→fwd_return=+1.4556
  Labels: 1241 long (57.2%), 930 short (42.8%) | weights: min=1.00, mean=3.52, max=10.00
  Features: 2171/2171 matched, 47 columns
  CV gap: 22 rows
  [ensemble 1/3] seed=42
    [trial 0] 47 features, training_days=480 | threshold=0.631 | labels: 1241 long, 930 short (57/43%)
    [CV fold 0] train_end=2024-01-23 08:00 | val_start=2024-01-31 00:00 | gap=184h (22 rows)
    [CV fold 1] train_end=2024-05-22 16:00 | val_start=2024-05-30 08:00 | gap=184h (22 rows)
    [CV fold 2] train_end=2024-09-20 00:00 | val_start=2024-09-27 16:00 | gap=184h (22 rows)
    [CV fold 3] train_end=2025-01-18 08:00 | val_start=2025-01-26 00:00 | gap=184h (22 rows)
    [CV fold 4] train_end=2025-05-18 16:00 | val_start=2025-05-26 08:00 | gap=184h (22 rows)
    [trial 0] Sharpe=-0.0850 (folds: 0.1672, -0.2765, -0.1052, -0.0381, -0.1722)
    [trial 1] 47 features, training_days=420 | threshold=0.839 | labels: 1241 long, 930 short (57/43%)
    [trial 1] Sharpe=-5.9580 (folds: 0.2079, 0.0023, -10.0000, -10.0000, -10.0000)
    [trial 2] 47 features, training_days=190 | threshold=0.602 | labels: 1241 long, 930 short (57/43%)
    [trial 2] Sharpe=-0.1649 (folds: 0.1115, -0.2876, -0.3982, -0.0386, -0.2120)
    [trial 3] 47 features, training_days=490 | threshold=0.832 | labels: 1241 long, 930 short (57/43%)
    [trial 3] Sharpe=-0.1499 (folds: 0.0624, -0.2657, -0.1459, -0.0958, -0.3046)
    [trial 4] 47 features, training_days=340 | threshold=0.591 | labels: 1241 long, 930 short (57/43%)
    [trial 4] Sharpe=-0.1408 (folds: 0.0943, -0.2692, -0.1592, -0.0930, -0.2768)
    [trial 5] 47 features, training_days=50 | threshold=0.823 | labels: 1241 long, 930 short (57/43%)
    [trial 5] Sharpe=0.0336 (folds: 0.0985, -0.2155, 0.2211, 0.1204, -0.0565)
    [trial 6] 47 features, training_days=410 | threshold=0.549 | labels: 1241 long, 930 short (57/43%)
    [trial 6] Sharpe=-0.0706 (folds: 0.1597, -0.2368, -0.0353, -0.1229, -0.1179)
    [trial 7] 47 features, training_days=180 | threshold=0.526 | labels: 1241 long, 930 short (57/43%)[I 2026-06-01 15:03:31,895] Trial 7 finished with value: -0.11546567450743246 and parameters: {'confidence_threshold': 0.5259156281069316, 'training_days': 180, 'n_estimators': 102, 'max_depth': 5, 'num_leaves': 45, 'learning_rate': 0.030816017044468066, 'subsample': 0.5317791751430119, 'colsample_bytree': 0.6554911608578311, 'min_child_samples': 46, 'reg_alpha': 0.036851536911881845, 'reg_lambda': 0.005470376807480391}. Best is trial 5 with value: 0.03361114682458786.
[I 2026-06-01 15:03:32,008] Trial 8 finished with value: -0.19106602003673906 and parameters: {'confidence_threshold': 0.8105244599017143, 'training_days': 240, 'n_estimators': 103, 'max_depth': 5, 'num_leaves': 52, 'learning_rate': 0.06746437142284309, 'subsample': 0.8854835899772805, 'colsample_bytree': 0.7468977981821954, 'min_child_samples': 62, 'reg_alpha': 7.04480806377519e-05, 'reg_lambda': 1.6934490731313353e-08}. Best is trial 5 with value: 0.03361114682458786.
[I 2026-06-01 15:03:32,031] Trial 9 finished with value: -0.12643634223988293 and parameters: {'confidence_threshold': 0.5377619994476566, 'training_days': 20, 'n_estimators': 337, 'max_depth': 3, 'num_leaves': 39, 'learning_rate': 0.21907142272152816, 'subsample': 0.6246461145744375, 'colsample_bytree': 0.7051914615178149, 'min_child_samples': 81, 'reg_alpha': 1.1459970229341322e-06, 'reg_lambda': 4.929685216887945e-08}. Best is trial 5 with value: 0.03361114682458786.
[I 2026-06-01 15:03:32,063] Trial 10 finished with value: -2.113966755048389 and parameters: {'confidence_threshold': 0.7318981109748116, 'training_days': 10, 'n_estimators': 487, 'max_depth': 4, 'num_leaves': 31, 'learning_rate': 0.14704103471568217, 'subsample': 0.628963476300746, 'colsample_bytree': 0.987470107623585, 'min_child_samples': 25, 'reg_alpha': 2.608784411827665e-05, 'reg_lambda': 3.3639426888455256e-06}. Best is trial 5 with value: 0.03361114682458786.
[I 2026-06-01 15:03:32,107] Trial 11 finished with value: -4.533713285838471 and parameters: {'confidence_threshold': 0.7161090655475574, 'training_days': 110, 'n_estimators': 65, 'max_depth': 4, 'num_leaves': 60, 'learning_rate': 0.011154303114805692, 'subsample': 0.6290161990788976, 'colsample_bytree': 0.8438489693453172, 'min_child_samples': 92, 'reg_alpha': 1.6115749528927317, 'reg_lambda': 0.5855213887055177}. Best is trial 5 with value: 0.03361114682458786.
[I 2026-06-01 15:03:32,263] Trial 12 finished with value: -0.15019877216871902 and parameters: {'confidence_threshold': 0.7456670193224102, 'training_days': 340, 'n_estimators': 206, 'max_depth': 3, 'num_leaves': 33, 'learning_rate': 0.03208899494279826, 'subsample': 0.5222281423323654, 'colsample_bytree': 0.8304278626461432, 'min_child_samples': 45, 'reg_alpha': 0.0006941608047409722, 'reg_lambda': 5.899790100111974e-05}. Best is trial 5 with value: 0.03361114682458786.
[I 2026-06-01 15:03:32,355] Trial 13 finished with value: -0.07177837856592736 and parameters: {'confidence_threshold': 0.663455030204664, 'training_days': 330, 'n_estimators': 60, 'max_depth': 5, 'num_leaves': 62, 'learning_rate': 0.041055899057314625, 'subsample': 0.6803710106053958, 'colsample_bytree': 0.9994455923633134, 'min_child_samples': 80, 'reg_alpha': 4.9164566205838954e-06, 'reg_lambda': 0.05682130535124364}. Best is trial 5 with value: 0.03361114682458786.
[I 2026-06-01 15:03:32,475] Trial 14 finished with value: -0.08857770143345267 and parameters: {'confidence_threshold': 0.7871652886153421, 'training_days': 90, 'n_estimators': 202, 'max_depth': 4, 'num_leaves': 54, 'learning_rate': 0.010586219226284353, 'subsample': 0.5808433054196197, 'colsample_bytree': 0.816535373912939, 'min_child_samples': 31, 'reg_alpha': 3.770845974254184e-08, 'reg_lambda': 0.0002979489411625065}. Best is trial 5 with value: 0.03361114682458786.
[I 2026-06-01 15:03:32,644] Trial 15 finished with value: -0.08513045862494953 and parameters: {'confidence_threshold': 0.5653411177747963, 'training_days': 420, 'n_estimators': 149, 'max_depth': 5, 'num_leaves': 50, 'learning_rate': 0.018400226755740847, 'subsample': 0.5827518795786422, 'colsample_bytree': 0.9193540765871685, 'min_child_samples': 79, 'reg_alpha': 0.06940112745380081, 'reg_lambda': 0.05951087746838391}. Best is trial 5 with value: 0.03361114682458786.
[I 2026-06-01 15:03:32,853] Trial 16 finished with value: -0.1672157311332861 and parameters: {'confidence_threshold': 0.6760523483882178, 'training_days': 270, 'n_estimators': 293, 'max_depth': 3, 'num_leaves': 31, 'learning_rate': 0.08200164591835346, 'subsample': 0.688182201978983, 'colsample_bytree': 0.7895188207605416, 'min_child_samples': 52, 'reg_alpha': 0.0007640986658845985, 'reg_lambda': 2.2361188384333254e-05}. Best is trial 5 with value: 0.03361114682458786.
[I 2026-06-01 15:03:32,961] Trial 17 finished with value: -0.008357281889018648 and parameters: {'confidence_threshold': 0.7611484084321937, 'training_days': 120, 'n_estimators': 135, 'max_depth': 4, 'num_leaves': 36, 'learning_rate': 0.043851439012794806, 'subsample': 0.8366733523272174, 'colsample_bytree': 0.8803609155918469, 'min_child_samples': 32, 'reg_alpha': 7.8052802128728755, 'reg_lambda': 0.0049393924646631724}. Best is trial 5 with value: 0.03361114682458786.
[I 2026-06-01 15:03:33,469] A new study created in memory with name: no-name-0a830255-dbd6-4833-aace-cfe4d9611797
[I 2026-06-01 15:03:33,574] Trial 0 finished with value: -0.04375939932577212 and parameters: {'confidence_threshold': 0.7437642149592516, 'training_days': 150, 'n_estimators': 152, 'max_depth': 4, 'num_leaves': 50, 'learning_rate': 0.04216766425047743, 'subsample': 0.9903820991923078, 'colsample_bytree': 0.8424148692924316, 'min_child_samples': 58, 'reg_alpha': 3.381097259762742e-05, 'reg_lambda': 1.2263152961306247e-05}. Best is trial 0 with value: -0.04375939932577212.
[I 2026-06-01 15:03:33,653] Trial 1 finished with value: -2.163339962087224 and parameters: {'confidence_threshold': 0.7551673975844145, 'training_days': 220, 'n_estimators': 76, 'max_depth': 4, 'num_leaves': 51, 'learning_rate': 0.018602118810743477, 'subsample': 0.5877258780737462, 'colsample_bytree': 0.7657756869209191, 'min_child_samples': 63, 'reg_alpha': 0.005123994170264194, 'reg_lambda': 0.44145470178120466}. Best is trial 0 with value: -0.04375939932577212.
[I 2026-06-01 15:03:33,914] Trial 2 finished with value: -0.15818147536731125 and parameters: {'confidence_threshold': 0.7535593637012223, 'training_days': 310, 'n_estimators': 375, 'max_depth': 3, 'num_leaves': 32, 'learning_rate': 0.021735641882032388, 'subsample': 0.6468570231944146, 'colsample_bytree': 0.8154880619272439, 'min_child_samples': 27, 'reg_alpha': 8.004064028491336e-05, 'reg_lambda': 7.546835261630524e-05}. Best is trial 0 with value: -0.04375939932577212.
[I 2026-06-01 15:03:34,105] Trial 3 finished with value: -0.16288637249479607 and parameters: {'confidence_threshold': 0.6727897841776072, 'training_days': 220, 'n_estimators': 190, 'max_depth': 4, 'num_leaves': 58, 'learning_rate': 0.24810689332636193, 'subsample': 0.7509183379421682, 'colsample_bytree': 0.8119764758960556, 'min_child_samples': 29, 'reg_alpha': 7.1708285081421445e-06, 'reg_lambda': 5.412973582738627e-05}. Best is trial 0 with value: -0.04375939932577212.
[I 2026-06-01 15:03:34,231] Trial 4 finished with value: -0.08752868892594293 and parameters: {'confidence_threshold': 0.803208205259178, 'training_days': 130, 'n_estimators': 267, 'max_depth': 5, 'num_leaves': 40, 'learning_rate': 0.08041175317374143, 'subsample': 0.5603143329951619, 'colsample_bytree': 0.9131704002534167, 'min_child_samples': 68, 'reg_alpha': 0.0008046593428183385, 'reg_lambda': 1.2158346158765583e-05}. Best is trial 0 with value: -0.04375939932577212.
[I 2026-06-01 15:03:34,474] Trial 5 finished with value: -0.15756453372829934 and parameters: {'confidence_threshold': 0.6064422761595144, 'training_days': 210, 'n_estimators': 357, 'max_depth': 5, 'num_leaves': 40, 'learning_rate': 0.0974221287220869, 'subsample': 0.7929682762811064, 'colsample_bytree': 0.8124517510478, 'min_child_samples': 74, 'reg_alpha': 0.3811377260781234, 'reg_lambda': 5.607314238392041e-08}. Best is trial 0 with value: -0.04375939932577212.
[I 2026-06-01 15:03:34,602] Trial 6 finished with value: -0.034332698946622754 and parameters: {'confidence_threshold': 0.7672889945051684, 'training_days': 130, 'n_estimators': 137, 'max_depth': 4, 'num_leaves': 19, 'learning_rate': 0.2031117614248665, 'subsample': 0.8136244860256343, 'colsample_bytree': 0.8617081790949774, 'min_child_samples': 21, 'reg_alpha': 0.002238138278733199, 'reg_lambda': 0.001025809534977322}. Best is trial 6 with value: -0.034332698946622754.
[I 2026-06-01 15:03:34,680] Trial 7 finished with value: -0.029454876882155118 and parameters: {'confidence_threshold': 0.555635875450653, 'training_days': 80, 'n_estimators': 363, 'max_depth': 3, 'num_leaves': 48, 'learning_rate': 0.06590089024008658, 'subsample': 0.6944752870615722, 'colsample_bytree': 0.962566244806993, 'min_child_samples': 88, 'reg_alpha': 1.6465620446426067e-05, 'reg_lambda': 2.4678750890085655e-08}. Best is trial 7 with value: -0.029454876882155118.
[I 2026-06-01 15:03:35,046] Trial 8 finished with value: -0.16686672401817276 and parameters: {'confidence_threshold': 0.6066688256938841, 'training_days': 200, 'n_estimators': 367, 'max_depth': 5, 'num_leaves': 32, 'learning_rate': 0.13377519215934996, 'subsample': 0.7965884582811106, 'colsample_bytree': 0.8458508993500886, 'min_child_samples': 32, 'reg_alpha': 3.889436043816386e-05, 'reg_lambda': 1.4713062489380356e-06}. Best is trial 7 with value: -0.029454876882155118.
[I 2026-06-01 15:03:35,278] Trial 9 finished with value: -0.15102090958210113 and parameters: {'confidence_threshold': 0.6202096049169137, 'training_days': 260, 'n_estimators': 350, 'max_depth': 3, 'num_leaves': 21, 'learning_rate': 0.02989540198065364, 'subsample': 0.8307821683331218, 'colsample_bytree': 0.923253112635361, 'min_child_samples': 64, 'reg_alpha': 0.4898604619604203, 'reg_lambda': 2.9076377687066166e-05}. Best is trial 7 with value: -0.029454876882155118.
[I 2026-06-01 15:03:35,309] Trial 10 finished with value: -0.06433916172956164 and parameters: {'confidence_threshold': 0.5248809389721337, 'training_days': 10, 'n_estimators': 493, 'max_depth': 3, 'num_leaves': 63, 'learning_rate': 0.010221918552934462, 'subsample': 0.667749445701178, 'colsample_bytree': 0.6202684210924141, 'min_child_samples': 99, 'reg_alpha': 1.3884210513841762e-08, 'reg_lambda': 0.02273343343290072}. Best is trial 7 with value: -0.029454876882155118.
[I 2026-06-01 15:03:35,377] Trial 11 finished with value: -0.10282621643833853 and parameters: {'confidence_threshold': 0.5077463503498806, 'training_days': 480, 'n_estimators': 51, 'max_depth': 3, 'num_leaves': 18, 'learning_rate': 0.29452324091564064, 'subsample': 0.9022119262021717, 'colsample_bytree': 0.9864508096204552, 'min_child_samples': 100, 'reg_alpha': 2.5493772909886044e-07, 'reg_lambda': 0.006998721582327246}. Best is trial 7 with value: -0.029454876882155118.
[I 2026-06-01 15:03:35,406] Trial 12 finished with value: -2.113966755048389 and parameters: {'confidence_threshold': 0.830632524875604, 'training_days': 10, 'n_estimators': 252, 'max_depth': 4, 'num_leaves': 28, 'learning_rate': 0.15265377916176726, 'subsample': 0.6792225297018946, 'colsample_bytree': 0.6669454130036883, 'min_child_samples': 45, 'reg_alpha': 0.009505264432762285, 'reg_lambda': 0.004762002115187951}. Best is trial 7 with value: -0.029454876882155118.
[I 2026-06-01 15:03:35,546] Trial 13 finished with value: -0.0561968856494233 and parameters: {'confidence_threshold': 0.6955529552558224, 'training_days': 110, 'n_estimators': 475, 'max_depth': 3, 'num_leaves': 49, 'learning_rate': 0.05554951828366062, 'subsample': 0.5024707401359401, 'colsample_bytree': 0.943385579416806, 'min_child_samples': 83, 'reg_alpha': 1.0060661308529223e-06, 'reg_lambda': 1.147897733478235e-08}. Best is trial 7 with value: -0.029454876882155118.
[I 2026-06-01 15:03:35,612] Trial 14 finished with value: -0.02131403903093894 and parameters: {'confidence_threshold': 0.5659608707226916, 'training_days': 70, 'n_estimators': 144, 'max_depth': 4, 'num_leaves': 15, 'learning_rate': 0.17859621314011884, 'subsample': 0.9149653464282479, 'colsample_bytree': 0.9983252119032336, 'min_child_samples': 44, 'reg_alpha': 0.016435092915656313, 'reg_lambda': 1.66052015319664}. Best is trial 14 with value: -0.02131403903093894.
[I 2026-06-01 15:03:35,724] Trial 15 finished with value: -0.01988116579273988 and parameters: {'confidence_threshold': 0.5551423717289238, 'training_days': 60, 'n_estimators': 436, 'max_depth': 4, 'num_leaves': 45, 'learning_rate': 0.07357958511755032, 'subsample': 0.9296279388562269, 'colsample_bytree': 0.5093920150666754, 'min_child_samples': 46, 'reg_alpha': 8.31952480812236, 'reg_lambda': 6.662494752773517}. Best is trial 15 with value: -0.01988116579273988.
