[I 2026-06-01 14:55:38,720] Trial 10 finished with value: -2.027072742462478 and parameters: {'confidence_threshold': 0.8445241688507242, 'training_days': 470, 'n_estimators': 493, 'max_depth': 5, 'num_leaves': 63, 'learning_rate': 0.010221918552934462, 'subsample': 0.5019190721168774, 'colsample_bytree': 0.6202684210924141, 'min_child_samples': 99, 'reg_alpha': 1.9942621118187622e-08, 'reg_lambda': 0.0201634475791616}. Best is trial 4 with value: 0.1004543575423206.
[I 2026-06-01 14:55:38,750] Trial 11 finished with value: -3.916335819752188 and parameters: {'confidence_threshold': 0.8371297552840329, 'training_days': 20, 'n_estimators': 231, 'max_depth': 4, 'num_leaves': 42, 'learning_rate': 0.04419378524388841, 'subsample': 0.9939949979825393, 'colsample_bytree': 0.6778283959364831, 'min_child_samples': 51, 'reg_alpha': 3.867986746175684e-07, 'reg_lambda': 1.5530863293959958e-06}. Best is trial 4 with value: 0.1004543575423206.
[I 2026-06-01 14:55:39,028] Trial 12 finished with value: 0.06747584018817296 and parameters: {'confidence_threshold': 0.7147097017266781, 'training_days': 360, 'n_estimators': 275, 'max_depth': 5, 'num_leaves': 51, 'learning_rate': 0.05809128784912797, 'subsample': 0.9918302937157114, 'colsample_bytree': 0.5201164353688423, 'min_child_samples': 47, 'reg_alpha': 0.009430922971696443, 'reg_lambda': 1.6114975154815026e-06}. Best is trial 4 with value: 0.1004543575423206.
[I 2026-06-01 14:55:39,074] Trial 13 finished with value: 0.12956172256442927 and parameters: {'confidence_threshold': 0.8045936399987071, 'training_days': 120, 'n_estimators': 53, 'max_depth': 4, 'num_leaves': 31, 'learning_rate': 0.10151302244870823, 'subsample': 0.9227064439647955, 'colsample_bytree': 0.9249893861432709, 'min_child_samples': 77, 'reg_alpha': 9.9717480119966e-07, 'reg_lambda': 0.0038418245689497152}. Best is trial 13 with value: 0.12956172256442927.
[I 2026-06-01 14:55:39,096] Trial 14 finished with value: -3.916335819752188 and parameters: {'confidence_threshold': 0.809278752346717, 'training_days': 20, 'n_estimators': 60, 'max_depth': 5, 'num_leaves': 30, 'learning_rate': 0.10592600403301825, 'subsample': 0.9029371036317264, 'colsample_bytree': 0.9977555355007995, 'min_child_samples': 80, 'reg_alpha': 2.2589649045137145e-07, 'reg_lambda': 0.0038081143008355752}. Best is trial 13 with value: 0.12956172256442927.
[I 2026-06-01 14:55:39,200] Trial 15 finished with value: -0.01433688826333247 and parameters: {'confidence_threshold': 0.7959836506371863, 'training_days': 90, 'n_estimators': 480, 'max_depth': 4, 'num_leaves': 25, 'learning_rate': 0.14572678855854238, 'subsample': 0.507007918467014, 'colsample_bytree': 0.9166787466057384, 'min_child_samples': 75, 'reg_alpha': 1.570172639790588e-06, 'reg_lambda': 3.5532501480887757}. Best is trial 13 with value: 0.12956172256442927.
[I 2026-06-01 14:55:39,295] Trial 16 finished with value: 0.1012282782563326 and parameters: {'confidence_threshold': 0.6947922020209465, 'training_days': 140, 'n_estimators': 279, 'max_depth': 4, 'num_leaves': 36, 'learning_rate': 0.0799789559328079, 'subsample': 0.8953800167332984, 'colsample_bytree': 0.7060712077553755, 'min_child_samples': 91, 'reg_alpha': 0.000762323791867669, 'reg_lambda': 0.1531876731133988}. Best is trial 13 with value: 0.12956172256442927.
[I 2026-06-01 14:55:39,328] Trial 17 finished with value: 0.14446463986468924 and parameters: {'confidence_threshold': 0.5004748807695347, 'training_days': 70, 'n_estimators': 429, 'max_depth': 3, 'num_leaves': 15, 'learning_rate': 0.16523737716782752, 'subsample': 0.893332219654563, 'colsample_bytree': 0.7176191810364514, 'min_child_samples': 100, 'reg_alpha': 7.284070645541434, 'reg_lambda': 0.08271976159259545}. Best is trial 17 with value: 0.14446463986468924.
[I 2026-06-01 14:55:39,372] A new study created in memory with name: no-name-e09ef6f0-d988-4ef3-8e8a-569677d0d274
[I 2026-06-01 14:55:39,549] Trial 0 finished with value: 0.01795121543775679 and parameters: {'confidence_threshold': 0.5870645682749857, 'training_days': 90, 'n_estimators': 403, 'max_depth': 5, 'num_leaves': 45, 'learning_rate': 0.0780457193679974, 'subsample': 0.9428509515574568, 'colsample_bytree': 0.8795587339164916, 'min_child_samples': 34, 'reg_alpha': 2.2465901234314442e-07, 'reg_lambda': 8.339007036475363e-05}. Best is trial 0 with value: 0.01795121543775679.
[I 2026-06-01 14:55:39,661] Trial 1 finished with value: 0.05626730837975665 and parameters: {'confidence_threshold': 0.6348453934275313, 'training_days': 290, 'n_estimators': 115, 'max_depth': 5, 'num_leaves': 37, 'learning_rate': 0.06949568759029946, 'subsample': 0.8228505074024268, 'colsample_bytree': 0.8616703220431751, 'min_child_samples': 75, 'reg_alpha': 4.2486822725010923e-07, 'reg_lambda': 1.157247767047042e-07}. Best is trial 1 with value: 0.05626730837975665.

    [trial 1] 47 features, training_days=420 | threshold=0.839 | labels: 1285 long, 886 short (59/41%)
    [trial 1] Sharpe=-0.1331 (folds: -0.1993, 0.0222, 0.0137, -0.1027, -0.3997)
    [trial 2] 47 features, training_days=190 | threshold=0.602 | labels: 1285 long, 886 short (59/41%)
    [trial 2] Sharpe=0.0253 (folds: -0.1895, 0.1779, 0.0057, 0.0576, 0.0751)
    [trial 3] 47 features, training_days=490 | threshold=0.832 | labels: 1285 long, 886 short (59/41%)
    [trial 3] Sharpe=0.0564 (folds: -0.1950, 0.1795, 0.1966, -0.0496, 0.1506)
    [trial 4] 47 features, training_days=340 | threshold=0.591 | labels: 1285 long, 886 short (59/41%)
    [trial 4] Sharpe=0.0791 (folds: 0.0111, 0.0381, 0.1500, 0.0110, 0.1853)
    [trial 5] 47 features, training_days=50 | threshold=0.823 | labels: 1285 long, 886 short (59/41%)
    [trial 5] Sharpe=-0.1349 (folds: -0.0255, -0.4551, 0.1989, -0.4392, 0.0462)
    [trial 6] 47 features, training_days=410 | threshold=0.549 | labels: 1285 long, 886 short (59/41%)
    [trial 6] Sharpe=0.0583 (folds: -0.0307, 0.0008, 0.2515, -0.0256, 0.0958)
    [trial 7] 47 features, training_days=180 | threshold=0.526 | labels: 1285 long, 886 short (59/41%)
    [trial 7] Sharpe=-0.0055 (folds: -0.2909, -0.0418, 0.2488, 0.0912, -0.0349)
    [trial 8] 47 features, training_days=240 | threshold=0.811 | labels: 1285 long, 886 short (59/41%)
    [trial 8] Sharpe=0.0189 (folds: -0.1913, 0.0193, 0.1368, -0.0130, 0.1427)
    [trial 9] 47 features, training_days=20 | threshold=0.538 | labels: 1285 long, 886 short (59/41%)
    [trial 9] Sharpe=-0.0056 (folds: 0.0416, -0.5742, 0.3022, 0.1277, 0.0745)
    [trial 10] 47 features, training_days=350 | threshold=0.680 | labels: 1285 long, 886 short (59/41%)
    [trial 10] Sharpe=0.0824 (folds: 0.0596, 0.1041, 0.1318, -0.0399, 0.1564)
    [trial 11] 47 features, training_days=330 | threshold=0.716 | labels: 1285 long, 886 short (59/41%)
    [trial 11] Sharpe=0.0884 (folds: 0.1256, 0.2659, 0.0710, -0.0449, 0.0246)
    [trial 12] 47 features, training_days=320 | threshold=0.732 | labels: 1285 long, 886 short (59/41%)
    [trial 12] Sharpe=0.0441 (folds: -0.1088, 0.1285, 0.1868, -0.0456, 0.0596)
    [trial 13] 47 features, training_days=320 | threshold=0.714 | labels: 1285 long, 886 short (59/41%)
    [trial 13] Sharpe=-0.0050 (folds: -0.3300, 0.0193, 0.2094, 0.0185, 0.0579)
    [trial 14] 47 features, training_days=380 | threshold=0.680 | labels: 1285 long, 886 short (59/41%)
    [trial 14] Sharpe=0.0531 (folds: -0.0127, -0.0043, 0.1222, 0.0115, 0.1490)
    [trial 15] 47 features, training_days=260 | threshold=0.755 | labels: 1285 long, 886 short (59/41%)
    [trial 15] Sharpe=0.0955 (folds: -0.0749, 0.1868, 0.2558, -0.0041, 0.1141)
    [trial 16] 47 features, training_days=120 | threshold=0.763 | labels: 1285 long, 886 short (59/41%)
    [trial 16] Sharpe=0.0333 (folds: -0.0100, 0.0898, 0.1835, -0.1919, 0.0953)
    [trial 17] 47 features, training_days=270 | threshold=0.780 | labels: 1285 long, 886 short (59/41%)
    [trial 17] Sharpe=0.0852 (folds: -0.1062, 0.1283, 0.2577, 0.0357, 0.1103)
  Optuna: 18 trials, best Sharpe = 0.0955
  Best params: n_estimators=332, max_depth=4, lr=0.2657, leaves=57
  Best confidence_threshold: 0.755
  Best training_days: 260
  Retrained on full data (780 samples, 47 features)
  [ensemble 2/3] seed=123
    [trial 0] 47 features, training_days=150 | threshold=0.744 | labels: 1285 long, 886 short (59/41%)
    [CV fold 0] train_end=2020-04-24 08:00 | val_start=2020-05-02 00:00 | gap=184h (22 rows)
    [CV fold 1] train_end=2020-08-22 16:00 | val_start=2020-08-30 08:00 | gap=184h (22 rows)
    [CV fold 2] train_end=2020-12-21 00:00 | val_start=2020-12-28 16:00 | gap=184h (22 rows)
    [CV fold 3] train_end=2021-04-20 08:00 | val_start=2021-04-28 00:00 | gap=184h (22 rows)
    [CV fold 4] train_end=2021-08-18 16:00 | val_start=2021-08-26 08:00 | gap=184h (22 rows)
    [trial 0] Sharpe=0.0810 (folds: -0.2449, 0.3232, 0.1961, 0.0502, 0.0801)
    [trial 1] 47 features, training_days=220 | threshold=0.755 | labels: 1285 long, 886 short (59/41%)
    [trial 1] Sharpe=-1.9913 (folds: 0.2944, -10.0000, 0.0508, 0.0269, -0.3288)
    [trial 2] 47 features, training_days=310 | threshold=0.754 | labels: 1285 long, 886 short (59/41%)
    [trial 2] Sharpe=0.0099 (folds: -0.3934, 0.1597, 0.1294, 0.0763, 0.0773)
    [trial 3] 47 features, training_days=220 | threshold=0.673 | labels: 1285 long, 886 short (59/41%)
    [trial 3] Sharpe=0.0503 (folds: -0.2440, 0.1066, 0.2115, 0.1030, 0.0746)
    [trial 4] 47 features, training_days=130 | threshold=0.803 | labels: 1285 long, 886 short (59/41%)
    [trial 4] Sharpe=0.1005 (folds: -0.1707, 0.3607, 0.2190, -0.0579, 0.1512)
    [trial 5] 47 features, training_days=210 | threshold=0.606 | labels: 1285 long, 886 short (59/41%)
    [trial 5] Sharpe=0.0590 (folds: -0.1638, 0.1799, 0.1458, 0.0987, 0.0344)
    [trial 6] 47 features, training_days=130 | threshold=0.767 | labels: 1285 long, 886 short (59/41%)
    [trial 6] Sharpe=0.0443 (folds: -0.2769, 0.0839, 0.2172, 0.0302, 0.1674)
    [trial 7] 47 features, training_days=80 | threshold=0.556 | labels: 1285 long, 886 short (59/41%)
    [trial 7] Sharpe=-0.0470 (folds: -0.0557, -0.1732, 0.2100, -0.2262, 0.0099)
    [trial 8] 47 features, training_days=200 | threshold=0.607 | labels: 1285 long, 886 short (59/41%)
    [trial 8] Sharpe=0.0142 (folds: -0.2056, 0.0313, 0.1704, 0.0340, 0.0408)
    [trial 9] 47 features, training_days=260 | threshold=0.620 | labels: 1285 long, 886 short (59/41%)
    [trial 9] Sharpe=0.0799 (folds: -0.1691, 0.0513, 0.2790, 0.0479, 0.1905)
    [trial 10] 47 features, training_days=470 | threshold=0.845 | labels: 1285 long, 886 short (59/41%)
    [trial 10] Sharpe=-2.0271 (folds: -10.0000, 0.0259, -0.1882, 0.0029, 0.0241)
    [trial 11] 47 features, training_days=20 | threshold=0.837 | labels: 1285 long, 886 short (59/41%)
    [trial 11] Sharpe=-3.9163 (folds: 0.0416, -10.0000, 0.3022, -10.0000, 0.0745)
    [trial 12] 47 features, training_days=360 | threshold=0.715 | labels: 1285 long, 886 short (59/41%)
    [trial 12] Sharpe=0.0675 (folds: -0.2634, 0.1477, 0.2394, 0.0486, 0.1651)
    [trial 13] 47 features, training_days=120 | threshold=0.805 | labels: 1285 long, 886 short (59/41%)
    [trial 13] Sharpe=0.1296 (folds: 0.0517, 0.4024, 0.0794, -0.0056, 0.1199)
    [trial 14] 47 features, training_days=20 | threshold=0.809 | labels: 1285 long, 886 short (59/41%)
    [trial 14] Sharpe=-3.9163 (folds: 0.0416, -10.0000, 0.3022, -10.0000, 0.0745)
    [trial 15] 47 features, training_days=90 | threshold=0.796 | labels: 1285 long, 886 short (59/41%)
    [trial 15] Sharpe=-0.0143 (folds: -0.0949, 0.0898, 0.2039, -0.2973, 0.0267)
    [trial 16] 47 features, training_days=140 | threshold=0.695 | labels: 1285 long, 886 short (59/41%)
    [trial 16] Sharpe=0.1012 (folds: -0.0593, 0.2902, 0.1839, -0.0592, 0.1505)
    [trial 17] 47 features, training_days=70 | threshold=0.500 | labels: 1285 long, 886 short (59/41%)
    [trial 17] Sharpe=0.1445 (folds: 0.0416, 0.5053, 0.3022, -0.2013, 0.0745)
  Optuna: 18 trials, best Sharpe = 0.1445
  Best params: n_estimators=429, max_depth=3, lr=0.1652, leaves=15
  Best confidence_threshold: 0.500
  Best training_days: 70
  Retrained on full data (210 samples, 47 features)
  [ensemble 3/3] seed=456
    [trial 0] 47 features, training_days=90 | threshold=0.587 | labels: 1285 long, 886 short (59/41%)
    [CV fold 0] train_end=2020-04-24 08:00 | val_start=2020-05-02 00:00 | gap=184h (22 rows)
    [CV fold 1] train_end=2020-08-22 16:00 | val_start=2020-08-30 08:00 | gap=184h (22 rows)
    [CV fold 2] train_end=2020-12-21 00:00 | val_start=2020-12-28 16:00 | gap=184h (22 rows)
    [CV fold 3] train_end=2021-04-20 08:00 | val_start=2021-04-28 00:00 | gap=184h (22 rows)
    [CV fold 4] train_end=2021-08-18 16:00 | val_start=2021-08-26 08:00 | gap=184h (22 rows)
    [trial 0] Sharpe=0.0180 (folds: -0.1825, 0.1222, 0.2437, -0.0890, -0.0047)
    [trial 1] 47 features, training_days=290 | threshold=0.635 | labels: 1285 long, 886 short (59/41%)
    [trial 1] Sharpe=0.0563 (folds: -0.2053, 0.0266, 0.2769, 0.0806, 0.1025)
    [trial 2] 47 features, training_days=10 | threshold=0.585 | labels: 1285 long, 886 short (59/41%)[I 2026-06-01 14:55:39,680] Trial 2 finished with value: -0.2010191261903107 and parameters: {'confidence_threshold': 0.5849570384370288, 'training_days': 10, 'n_estimators': 212, 'max_depth': 3, 'num_leaves': 41, 'learning_rate': 0.18452095998378365, 'subsample': 0.6001060822924371, 'colsample_bytree': 0.5673167293506167, 'min_child_samples': 37, 'reg_alpha': 5.733250064217131, 'reg_lambda': 0.5308454292595461}. Best is trial 1 with value: 0.05626730837975665.
[I 2026-06-01 14:55:39,758] Trial 3 finished with value: 0.07761537450669939 and parameters: {'confidence_threshold': 0.6868248626683718, 'training_days': 220, 'n_estimators': 134, 'max_depth': 3, 'num_leaves': 45, 'learning_rate': 0.033529007907491595, 'subsample': 0.8647277071858408, 'colsample_bytree': 0.778494116634046, 'min_child_samples': 96, 'reg_alpha': 2.409409937265785e-07, 'reg_lambda': 1.1642073478060009}. Best is trial 3 with value: 0.07761537450669939.
[I 2026-06-01 14:55:39,838] Trial 4 finished with value: 0.02410571112934266 and parameters: {'confidence_threshold': 0.5623121348350352, 'training_days': 300, 'n_estimators': 69, 'max_depth': 4, 'num_leaves': 32, 'learning_rate': 0.14967629360700346, 'subsample': 0.5054535233636654, 'colsample_bytree': 0.7401385194659216, 'min_child_samples': 27, 'reg_alpha': 1.4212042567426725e-07, 'reg_lambda': 0.23605753701352003}. Best is trial 3 with value: 0.07761537450669939.
[I 2026-06-01 14:55:40,310] Trial 5 finished with value: 0.030131474400189574 and parameters: {'confidence_threshold': 0.7111850244908446, 'training_days': 490, 'n_estimators': 362, 'max_depth': 5, 'num_leaves': 40, 'learning_rate': 0.05960785724162737, 'subsample': 0.5589714368907717, 'colsample_bytree': 0.6659006943232806, 'min_child_samples': 42, 'reg_alpha': 0.6741360303045295, 'reg_lambda': 6.054601607143087e-08}. Best is trial 3 with value: 0.07761537450669939.
[I 2026-06-01 14:55:40,484] Trial 6 finished with value: 0.002461264356238518 and parameters: {'confidence_threshold': 0.667482545748023, 'training_days': 420, 'n_estimators': 279, 'max_depth': 3, 'num_leaves': 45, 'learning_rate': 0.040099592560849204, 'subsample': 0.8563114696415159, 'colsample_bytree': 0.5442917781944105, 'min_child_samples': 50, 'reg_alpha': 1.6407916423707903e-08, 'reg_lambda': 2.935907642973286e-05}. Best is trial 3 with value: 0.07761537450669939.
[I 2026-06-01 14:55:40,634] Trial 7 finished with value: 0.05178583146463987 and parameters: {'confidence_threshold': 0.5497381024139926, 'training_days': 120, 'n_estimators': 408, 'max_depth': 5, 'num_leaves': 38, 'learning_rate': 0.28049122657745795, 'subsample': 0.8806573338635493, 'colsample_bytree': 0.5454054113547102, 'min_child_samples': 63, 'reg_alpha': 0.01263008637940408, 'reg_lambda': 0.04588020805366937}. Best is trial 3 with value: 0.07761537450669939.
[I 2026-06-01 14:55:40,907] Trial 8 finished with value: 0.0752057732883223 and parameters: {'confidence_threshold': 0.719644804808716, 'training_days': 450, 'n_estimators': 410, 'max_depth': 4, 'num_leaves': 57, 'learning_rate': 0.04022026551478857, 'subsample': 0.5336085426932707, 'colsample_bytree': 0.5705742850577543, 'min_child_samples': 100, 'reg_alpha': 5.916398047912201e-07, 'reg_lambda': 0.9794034214488329}. Best is trial 3 with value: 0.07761537450669939.
[I 2026-06-01 14:55:40,931] Trial 9 finished with value: -1.8907894601628743 and parameters: {'confidence_threshold': 0.7267463643917187, 'training_days': 20, 'n_estimators': 337, 'max_depth': 5, 'num_leaves': 23, 'learning_rate': 0.022153031811454605, 'subsample': 0.6305627572358737, 'colsample_bytree': 0.6613413774216214, 'min_child_samples': 81, 'reg_alpha': 5.7638634029410314e-08, 'reg_lambda': 8.26603016764008}. Best is trial 3 with value: 0.07761537450669939.
[I 2026-06-01 14:55:41,030] Trial 10 finished with value: -6.1232349217424025 and parameters: {'confidence_threshold': 0.8283920119574972, 'training_days': 200, 'n_estimators': 181, 'max_depth': 3, 'num_leaves': 62, 'learning_rate': 0.011579281028220855, 'subsample': 0.7130289643560688, 'colsample_bytree': 0.9944479338273263, 'min_child_samples': 100, 'reg_alpha': 6.837313901272251e-05, 'reg_lambda': 0.0027253228209330924}. Best is trial 3 with value: 0.07761537450669939.
[I 2026-06-01 14:55:41,359] Trial 11 finished with value: 0.06376346328394365 and parameters: {'confidence_threshold': 0.7766282449189577, 'training_days': 380, 'n_estimators': 478, 'max_depth': 4, 'num_leaves': 58, 'learning_rate': 0.029354876456257728, 'subsample': 0.7459055835274097, 'colsample_bytree': 0.8016610248739169, 'min_child_samples': 100, 'reg_alpha': 1.7335570554886207e-05, 'reg_lambda': 7.067893525937578}. Best is trial 3 with value: 0.07761537450669939.
[I 2026-06-01 14:55:41,599] Trial 12 finished with value: -0.04364810347044252 and parameters: {'confidence_threshold': 0.7449212105048096, 'training_days': 200, 'n_estimators': 490, 'max_depth': 4, 'num_leaves': 54, 'learning_rate': 0.01924681962976845, 'subsample': 0.9912016966112274, 'colsample_bytree': 0.6646287431572568, 'min_child_samples': 85, 'reg_alpha': 8.85890496668e-06, 'reg_lambda': 0.0043762371699676405}. Best is trial 3 with value: 0.07761537450669939.
[I 2026-06-01 14:55:41,793] Trial 13 finished with value: 0.09573267081184886 and parameters: {'confidence_threshold': 0.674016069087747, 'training_days': 370, 'n_estimators': 247, 'max_depth': 4, 'num_leaves': 52, 'learning_rate': 0.04144677730363681, 'subsample': 0.6795590770167038, 'colsample_bytree': 0.7477878654225999, 'min_child_samples': 90, 'reg_alpha': 0.0013950587799583445, 'reg_lambda': 0.025157017202168678}. Best is trial 13 with value: 0.09573267081184886.
[I 2026-06-01 14:55:41,925] Trial 14 finished with value: 0.06374215209282266 and parameters: {'confidence_threshold': 0.6439954054899397, 'training_days': 350, 'n_estimators': 175, 'max_depth': 3, 'num_leaves': 50, 'learning_rate': 0.012882340619131948, 'subsample': 0.6776505255398512, 'colsample_bytree': 0.7503803681867095, 'min_child_samples': 69, 'reg_alpha': 0.0027083351662243967, 'reg_lambda': 0.011954233823148547}. Best is trial 13 with value: 0.09573267081184886.
[I 2026-06-01 14:55:42,050] Trial 15 finished with value: 0.038153058203467635 and parameters: {'confidence_threshold': 0.7829525506318393, 'training_days': 220, 'n_estimators': 243, 'max_depth': 3, 'num_leaves': 27, 'learning_rate': 0.09246729598324224, 'subsample': 0.7859829960132325, 'colsample_bytree': 0.8753336548255195, 'min_child_samples': 88, 'reg_alpha': 0.002133995302102607, 'reg_lambda': 2.582339790441249e-06}. Best is trial 13 with value: 0.09573267081184886.
[I 2026-06-01 14:55:42,151] Trial 16 finished with value: 0.059669293133645065 and parameters: {'confidence_threshold': 0.5156958281455359, 'training_days': 340, 'n_estimators': 125, 'max_depth': 4, 'num_leaves': 50, 'learning_rate': 0.04266871908460725, 'subsample': 0.6693629824955956, 'colsample_bytree': 0.7889587630936579, 'min_child_samples': 91, 'reg_alpha': 0.04796590611843596, 'reg_lambda': 0.000855876310048679}. Best is trial 13 with value: 0.09573267081184886.
