[I 2026-06-01 14:57:20,936] Trial 14 finished with value: 0.012983089446102217 and parameters: {'confidence_threshold': 0.5057563615222779, 'training_days': 210, 'n_estimators': 500, 'max_depth': 3, 'num_leaves': 60, 'learning_rate': 0.1363860712788527, 'subsample': 0.7178512286146062, 'colsample_bytree': 0.507471161673424, 'min_child_samples': 66, 'reg_alpha': 0.0285042553012015, 'reg_lambda': 5.604461708154018e-06}. Best is trial 2 with value: 0.12806235395645998.
[I 2026-06-01 14:57:21,042] Trial 15 finished with value: -0.126138527927346 and parameters: {'confidence_threshold': 0.6098306084926507, 'training_days': 100, 'n_estimators': 193, 'max_depth': 3, 'num_leaves': 31, 'learning_rate': 0.17207597477912198, 'subsample': 0.6271291404082032, 'colsample_bytree': 0.609678113319614, 'min_child_samples': 44, 'reg_alpha': 1.7836787545151695e-05, 'reg_lambda': 0.030977111081135437}. Best is trial 2 with value: 0.12806235395645998.
[I 2026-06-01 14:57:21,287] Trial 16 finished with value: -0.048810473513135486 and parameters: {'confidence_threshold': 0.5417929321116559, 'training_days': 330, 'n_estimators': 277, 'max_depth': 4, 'num_leaves': 51, 'learning_rate': 0.10480456467283118, 'subsample': 0.7897945568783066, 'colsample_bytree': 0.7065130225870049, 'min_child_samples': 38, 'reg_alpha': 0.0007271471959032802, 'reg_lambda': 0.000855876310048679}. Best is trial 2 with value: 0.12806235395645998.
[I 2026-06-01 14:57:21,346] Trial 17 finished with value: 0.006546681648086461 and parameters: {'confidence_threshold': 0.6118939741680012, 'training_days': 180, 'n_estimators': 65, 'max_depth': 3, 'num_leaves': 62, 'learning_rate': 0.209224700894869, 'subsample': 0.5970497485615751, 'colsample_bytree': 0.5976224186735423, 'min_child_samples': 53, 'reg_alpha': 0.11382450368492165, 'reg_lambda': 0.15302421781350042}. Best is trial 2 with value: 0.12806235395645998.

    [trial 6] 47 features, training_days=130 | threshold=0.767 | labels: 1118 long, 1050 short (52/48%)
    [trial 6] Sharpe=-0.1053 (folds: -0.2189, -0.2218, -0.0405, -0.0687, 0.0232)
    [trial 7] 47 features, training_days=80 | threshold=0.556 | labels: 1118 long, 1050 short (52/48%)
    [trial 7] Sharpe=-0.0711 (folds: -0.0434, -0.0601, 0.0118, -0.0478, -0.2163)
    [trial 8] 47 features, training_days=200 | threshold=0.607 | labels: 1118 long, 1050 short (52/48%)
    [trial 8] Sharpe=0.0048 (folds: -0.1755, 0.1866, 0.0331, -0.0766, 0.0563)
    [trial 9] 47 features, training_days=260 | threshold=0.620 | labels: 1118 long, 1050 short (52/48%)
    [trial 9] Sharpe=0.0308 (folds: -0.1154, 0.2709, 0.0750, -0.0808, 0.0043)
    [trial 10] 47 features, training_days=470 | threshold=0.534 | labels: 1118 long, 1050 short (52/48%)
    [trial 10] Sharpe=0.0057 (folds: -0.0547, 0.2435, 0.0247, -0.1766, -0.0081)
    [trial 11] 47 features, training_days=350 | threshold=0.684 | labels: 1118 long, 1050 short (52/48%)
    [trial 11] Sharpe=0.0131 (folds: -0.1363, 0.3210, -0.0330, -0.1260, 0.0397)
    [trial 12] 47 features, training_days=330 | threshold=0.667 | labels: 1118 long, 1050 short (52/48%)
    [trial 12] Sharpe=0.0521 (folds: -0.0574, 0.4393, -0.0378, -0.1559, 0.0722)
    [trial 13] 47 features, training_days=400 | threshold=0.660 | labels: 1118 long, 1050 short (52/48%)
    [trial 13] Sharpe=0.0104 (folds: -0.1482, 0.4070, -0.0152, -0.1620, -0.0296)
    [trial 14] 47 features, training_days=310 | threshold=0.619 | labels: 1118 long, 1050 short (52/48%)
    [trial 14] Sharpe=-0.0044 (folds: -0.0818, 0.2780, -0.0757, -0.0460, -0.0965)
    [trial 15] 47 features, training_days=20 | threshold=0.503 | labels: 1118 long, 1050 short (52/48%)
    [trial 15] Sharpe=-0.1196 (folds: -0.1389, -0.4044, -0.2130, 0.1729, -0.0146)
    [trial 16] 47 features, training_days=440 | threshold=0.697 | labels: 1118 long, 1050 short (52/48%)
    [trial 16] Sharpe=0.0247 (folds: -0.0623, 0.4667, -0.0141, -0.4529, 0.1863)
    [trial 17] 47 features, training_days=290 | threshold=0.575 | labels: 1118 long, 1050 short (52/48%)
    [trial 17] Sharpe=-0.0136 (folds: -0.1488, 0.3114, -0.0310, -0.1542, -0.0452)
  Optuna: 18 trials, best Sharpe = 0.0521
  Best params: n_estimators=302, max_depth=3, lr=0.0239, leaves=27
  Best confidence_threshold: 0.667
  Best training_days: 330
  Retrained on full data (990 samples, 47 features)
  [ensemble 3/3] seed=456
    [trial 0] 47 features, training_days=90 | threshold=0.587 | labels: 1118 long, 1050 short (52/48%)
    [CV fold 0] train_end=2021-02-22 08:00 | val_start=2021-03-02 00:00 | gap=184h (22 rows)
    [CV fold 1] train_end=2021-06-22 16:00 | val_start=2021-06-30 08:00 | gap=184h (22 rows)
    [CV fold 2] train_end=2021-10-21 00:00 | val_start=2021-10-28 16:00 | gap=184h (22 rows)
    [CV fold 3] train_end=2022-02-18 08:00 | val_start=2022-02-26 00:00 | gap=184h (22 rows)
    [CV fold 4] train_end=2022-06-18 16:00 | val_start=2022-06-26 08:00 | gap=184h (22 rows)
    [trial 0] Sharpe=-0.1276 (folds: -0.2766, -0.1256, -0.1402, 0.0409, -0.1367)
    [trial 1] 47 features, training_days=290 | threshold=0.635 | labels: 1118 long, 1050 short (52/48%)
    [trial 1] Sharpe=0.0127 (folds: -0.1354, 0.3356, -0.0263, -0.0377, -0.0729)
    [trial 2] 47 features, training_days=10 | threshold=0.585 | labels: 1118 long, 1050 short (52/48%)
    [trial 2] Sharpe=0.1281 (folds: 0.1286, 0.2246, 0.1850, 0.1729, -0.0708)
    [trial 3] 47 features, training_days=220 | threshold=0.687 | labels: 1118 long, 1050 short (52/48%)
    [trial 3] Sharpe=0.0233 (folds: -0.0999, 0.4790, -0.1073, -0.1614, 0.0061)
    [trial 4] 47 features, training_days=300 | threshold=0.562 | labels: 1118 long, 1050 short (52/48%)
    [trial 4] Sharpe=-0.0056 (folds: -0.1682, 0.3019, -0.0391, -0.0858, -0.0366)
    [trial 5] 47 features, training_days=490 | threshold=0.711 | labels: 1118 long, 1050 short (52/48%)
    [trial 5] Sharpe=-0.0504 (folds: -0.1986, 0.3478, -0.0948, -0.1823, -0.1239)
    [trial 6] 47 features, training_days=420 | threshold=0.667 | labels: 1118 long, 1050 short (52/48%)
    [trial 6] Sharpe=0.0144 (folds: -0.1223, 0.3886, -0.0076, -0.1618, -0.0250)
    [trial 7] 47 features, training_days=120 | threshold=0.550 | labels: 1118 long, 1050 short (52/48%)
    [trial 7] Sharpe=-0.1173 (folds: -0.1730, -0.2727, -0.0042, -0.0298, -0.1071)
    [trial 8] 47 features, training_days=450 | threshold=0.720 | labels: 1118 long, 1050 short (52/48%)
    [trial 8] Sharpe=-0.0380 (folds: 0.0294, 0.3035, -0.0830, -0.3892, -0.0507)
    [trial 9] 47 features, training_days=20 | threshold=0.727 | labels: 1118 long, 1050 short (52/48%)
    [trial 9] Sharpe=-2.0387 (folds: -0.1389, -10.0000, -0.2130, 0.1729, -0.0146)
    [trial 10] 47 features, training_days=10 | threshold=0.840 | labels: 1118 long, 1050 short (52/48%)
    [trial 10] Sharpe=-1.9169 (folds: 0.1286, -10.0000, 0.1850, 0.1729, -0.0708)
    [trial 11] 47 features, training_days=160 | threshold=0.792 | labels: 1118 long, 1050 short (52/48%)
    [trial 11] Sharpe=-4.0026 (folds: 0.2011, -10.0000, -0.2639, -10.0000, 0.0496)
    [trial 12] 47 features, training_days=200 | threshold=0.515 | labels: 1118 long, 1050 short (52/48%)
    [trial 12] Sharpe=0.0261 (folds: -0.1617, 0.2218, 0.0813, 0.0193, -0.0301)
    [trial 13] 47 features, training_days=370 | threshold=0.501 | labels: 1118 long, 1050 short (52/48%)
    [trial 13] Sharpe=-0.0433 (folds: -0.1534, 0.1835, -0.0401, -0.0768, -0.1296)
    [trial 14] 47 features, training_days=210 | threshold=0.506 | labels: 1118 long, 1050 short (52/48%)
    [trial 14] Sharpe=0.0130 (folds: -0.1411, 0.2334, 0.0194, -0.0119, -0.0349)
    [trial 15] 47 features, training_days=100 | threshold=0.610 | labels: 1118 long, 1050 short (52/48%)
    [trial 15] Sharpe=-0.1261 (folds: -0.1959, -0.0921, -0.0824, -0.0170, -0.2433)
    [trial 16] 47 features, training_days=330 | threshold=0.542 | labels: 1118 long, 1050 short (52/48%)
    [trial 16] Sharpe=-0.0488 (folds: -0.1492, 0.2779, -0.1252, -0.0815, -0.1661)
    [trial 17] 47 features, training_days=180 | threshold=0.612 | labels: 1118 long, 1050 short (52/48%)
    [trial 17] Sharpe=0.0065 (folds: -0.1968, 0.2219, 0.0338, -0.0169, -0.0092)
  Optuna: 18 trials, best Sharpe = 0.1281
  Best params: n_estimators=212, max_depth=3, lr=0.1845, leaves=41
  Best confidence_threshold: 0.585
  Best training_days: 10
  Retrained on full data (30 samples, 47 features)
  OOD: 16 features, cutoff (q=0.7) = 9.52
  Model trained for 2022-11: 90 test candles with features, confidence_threshold=0.662
[trade:close] 2022-11-03 16:00 BTCUSDT SHORT → timeout @ 20241.10 | PnL=+1.52% (net +1.42%) | cum=+6.28% 2022-11=+1.42% 2022-11-03=+1.42%
[predict] 2022-11-12 00:00 BTCUSDT → LONG (proba=0.67 TP=19.3%/SL=9.7%)
[trade:open] 2022-11-12 07:59 BTCUSDT LONG @ 16811.30 | SL=15187.22 TP=20059.46 | timeout=2022-11-19 07:59
[trade:close] 2022-11-19 08:00 BTCUSDT LONG → timeout @ 16592.20 | PnL=-1.30% (net -1.40%) | cum=+4.87% 2022-11=+0.02% 2022-11-19=-1.40%
[predict] 2022-11-20 00:00 BTCUSDT → LONG (proba=0.86 TP=7.3%/SL=3.6%)
[trade:open] 2022-11-20 07:59 BTCUSDT LONG @ 16710.20 | SL=16102.26 TP=17926.09 | timeout=2022-11-27 07:59
[trade:close] 2022-11-21 07:59 BTCUSDT LONG → stop_loss @ 16102.26 | PnL=-3.64% (net -3.74%) | cum=+1.14% 2022-11=-3.72% 2022-11-21=-3.74%
[predict] 2022-11-23 16:00 BTCUSDT → LONG (proba=0.77 TP=8.3%/SL=4.2%)
[trade:open] 2022-11-23 23:59 BTCUSDT LONG @ 16595.80 | SL=15903.40 TP=17980.60 | timeout=2022-11-30 23:59
[trade:close] 2022-12-01 00:00 BTCUSDT LONG → timeout @ 17153.40 | PnL=+3.36% (net +3.26%) | cum=+4.40% 2022-12=+3.26% 2022-12-01=+3.26%
[lgbm] === Training for 2022-12 ===
  Train window: 2020-12-01 → 2022-11-23
  2168 training samples from 1 symbols
  Samples per month: 2020-12: 93, 2021-01: 93, 2021-02: 84, 2021-03: 93, 2021-04: 90, 2021-05: 93, 2021-06: 90, 2021-07: 93, 2021-08: 93, 2021-09: 90, 2021-10: 93, 2021-11: 90, 2021-12: 93, 2022-01: 93, 2022-02: 84, 2022-03: 93, 2022-04: 90, 2022-05: 93, 2022-06: 90, 2022-07: 93, 2022-08: 93, 2022-09: 90, 2022-10: 93, 2022-11: 68
  [label] 2021-01-31 16:00 BTCUSDT entry=33126.2100 → LONG | long=tp(+21.14%) short=sl(-10.72%) | scanned=17 | long_tp_only[I 2026-06-01 14:57:21,757] A new study created in memory with name: no-name-775a385d-2fc2-4ac9-a4b6-f22c1a6dc41d
[I 2026-06-01 14:57:22,090] Trial 0 finished with value: 0.04419323036952026 and parameters: {'confidence_threshold': 0.6310890415965769, 'training_days': 480, 'n_estimators': 380, 'max_depth': 4, 'num_leaves': 22, 'learning_rate': 0.01699897838270077, 'subsample': 0.5290418060840998, 'colsample_bytree': 0.9330880728874675, 'min_child_samples': 68, 'reg_alpha': 0.023585940584142682, 'reg_lambda': 1.5320059381854043e-08}. Best is trial 0 with value: 0.04419323036952026.
[I 2026-06-01 14:57:22,213] Trial 1 finished with value: -2.155277460665302 and parameters: {'confidence_threshold': 0.839468448256698, 'training_days': 420, 'n_estimators': 145, 'max_depth': 3, 'num_leaves': 23, 'learning_rate': 0.028145092716060652, 'subsample': 0.762378215816119, 'colsample_bytree': 0.7159725093210578, 'min_child_samples': 43, 'reg_alpha': 0.0032112643094417484, 'reg_lambda': 1.8007140198129195e-07}. Best is trial 0 with value: 0.04419323036952026.
[I 2026-06-01 14:57:22,355] Trial 2 finished with value: -0.032964109247799196 and parameters: {'confidence_threshold': 0.6022506269873263, 'training_days': 190, 'n_estimators': 255, 'max_depth': 5, 'num_leaves': 24, 'learning_rate': 0.05748924681991978, 'subsample': 0.7962072844310213, 'colsample_bytree': 0.5232252063599989, 'min_child_samples': 69, 'reg_alpha': 3.425445902633376e-07, 'reg_lambda': 3.850031979199519e-08}. Best is trial 0 with value: 0.04419323036952026.
[I 2026-06-01 14:57:22,607] Trial 3 finished with value: -0.020006088834674418 and parameters: {'confidence_threshold': 0.8321099380386666, 'training_days': 490, 'n_estimators': 414, 'max_depth': 3, 'num_leaves': 19, 'learning_rate': 0.1024932221692416, 'subsample': 0.7200762468698007, 'colsample_bytree': 0.5610191174223894, 'min_child_samples': 60, 'reg_alpha': 2.039373116525212e-08, 'reg_lambda': 1.527156759251193}. Best is trial 0 with value: 0.04419323036952026.
[I 2026-06-01 14:57:22,759] Trial 4 finished with value: 0.0020385320796015823 and parameters: {'confidence_threshold': 0.5905729935600059, 'training_days': 340, 'n_estimators': 190, 'max_depth': 4, 'num_leaves': 41, 'learning_rate': 0.01875220945578641, 'subsample': 0.9847923138822793, 'colsample_bytree': 0.8875664116805573, 'min_child_samples': 96, 'reg_alpha': 1.1309571585271483, 'reg_lambda': 0.002404915432737351}. Best is trial 0 with value: 0.04419323036952026.
[I 2026-06-01 14:57:22,797] Trial 5 finished with value: -0.12148481600661594 and parameters: {'confidence_threshold': 0.8226559822580909, 'training_days': 50, 'n_estimators': 138, 'max_depth': 3, 'num_leaves': 30, 'learning_rate': 0.03750796359625606, 'subsample': 0.6356745158869479, 'colsample_bytree': 0.9143687545759647, 'min_child_samples': 48, 'reg_alpha': 3.376063348877853e-06, 'reg_lambda': 0.0007660634613082914}. Best is trial 0 with value: 0.04419323036952026.
[I 2026-06-01 14:57:22,899] Trial 6 finished with value: -0.04009017198451849 and parameters: {'confidence_threshold': 0.5493234787411669, 'training_days': 410, 'n_estimators': 83, 'max_depth': 5, 'num_leaves': 52, 'learning_rate': 0.019657448966046126, 'subsample': 0.5027610585618012, 'colsample_bytree': 0.9077307142274171, 'min_child_samples': 77, 'reg_alpha': 0.03639690979811287, 'reg_lambda': 0.08738424135626986}. Best is trial 0 with value: 0.04419323036952026.
[I 2026-06-01 14:57:22,993] Trial 7 finished with value: -0.03822008011049742 and parameters: {'confidence_threshold': 0.5259156281069316, 'training_days': 180, 'n_estimators': 102, 'max_depth': 5, 'num_leaves': 45, 'learning_rate': 0.030816017044468066, 'subsample': 0.5317791751430119, 'colsample_bytree': 0.6554911608578311, 'min_child_samples': 46, 'reg_alpha': 0.036851536911881845, 'reg_lambda': 0.005470376807480391}. Best is trial 0 with value: 0.04419323036952026.
[I 2026-06-01 14:57:23,098] Trial 8 finished with value: -0.053475691134693484 and parameters: {'confidence_threshold': 0.8105244599017143, 'training_days': 240, 'n_estimators': 103, 'max_depth': 5, 'num_leaves': 52, 'learning_rate': 0.06746437142284309, 'subsample': 0.8854835899772805, 'colsample_bytree': 0.7468977981821954, 'min_child_samples': 62, 'reg_alpha': 7.04480806377519e-05, 'reg_lambda': 1.6934490731313353e-08}. Best is trial 0 with value: 0.04419323036952026.
[I 2026-06-01 14:57:23,120] Trial 9 finished with value: -0.03405394804116402 and parameters: {'confidence_threshold': 0.5377619994476566, 'training_days': 20, 'n_estimators': 337, 'max_depth': 3, 'num_leaves': 39, 'learning_rate': 0.21907142272152816, 'subsample': 0.6246461145744375, 'colsample_bytree': 0.7051914615178149, 'min_child_samples': 81, 'reg_alpha': 1.1459970229341322e-06, 'reg_lambda': 4.929685216887945e-08}. Best is trial 0 with value: 0.04419323036952026.
[I 2026-06-01 14:57:23,639] Trial 10 finished with value: -0.0199287095156984 and parameters: {'confidence_threshold': 0.6938635787372303, 'training_days': 350, 'n_estimators': 487, 'max_depth': 4, 'num_leaves': 15, 'learning_rate': 0.011407797829608154, 'subsample': 0.6277217293825994, 'colsample_bytree': 0.9880699499289975, 'min_child_samples': 27, 'reg_alpha': 8.536188349289, 'reg_lambda': 3.3639426888455256e-06}. Best is trial 0 with value: 0.04419323036952026.
[I 2026-06-01 14:57:23,812] Trial 11 finished with value: 0.02290658694626873 and parameters: {'confidence_threshold': 0.6539822215848989, 'training_days': 320, 'n_estimators': 245, 'max_depth': 4, 'num_leaves': 33, 'learning_rate': 0.010345547951401532, 'subsample': 0.9990666719410425, 'colsample_bytree': 0.8450967273762119, 'min_child_samples': 97, 'reg_alpha': 3.662834835098572, 'reg_lambda': 1.2919440532274802e-05}. Best is trial 0 with value: 0.04419323036952026.
[I 2026-06-01 14:57:24,067] Trial 12 finished with value: -0.0013446109863853267 and parameters: {'confidence_threshold': 0.6796798374894873, 'training_days': 470, 'n_estimators': 321, 'max_depth': 4, 'num_leaves': 31, 'learning_rate': 0.010342884934290602, 'subsample': 0.9914455230651676, 'colsample_bytree': 0.8304278626461432, 'min_child_samples': 100, 'reg_alpha': 0.2850063677801865, 'reg_lambda': 7.763932891094921e-06}. Best is trial 0 with value: 0.04419323036952026.
[I 2026-06-01 14:57:24,266] Trial 13 finished with value: -0.05426274854769162 and parameters: {'confidence_threshold': 0.7321922500141939, 'training_days': 320, 'n_estimators': 249, 'max_depth': 4, 'num_leaves': 62, 'learning_rate': 0.01603405587855917, 'subsample': 0.880885146896714, 'colsample_bytree': 0.8155421717694826, 'min_child_samples': 85, 'reg_alpha': 0.0010695159048720376, 'reg_lambda': 2.915487126448182e-05}. Best is trial 0 with value: 0.04419323036952026.
[I 2026-06-01 14:57:24,402] Trial 14 finished with value: -0.059759574520272626 and parameters: {'confidence_threshold': 0.6269076792816063, 'training_days': 130, 'n_estimators': 391, 'max_depth': 4, 'num_leaves': 30, 'learning_rate': 0.010283861134240724, 'subsample': 0.876502057363062, 'colsample_bytree': 0.9897127958863723, 'min_child_samples': 90, 'reg_alpha': 6.243069797304175, 'reg_lambda': 1.0217075631324079e-06}. Best is trial 0 with value: 0.04419323036952026.
[I 2026-06-01 14:57:24,759] Trial 15 finished with value: -0.045414029125488455 and parameters: {'confidence_threshold': 0.7393830662443354, 'training_days': 300, 'n_estimators': 491, 'max_depth': 4, 'num_leaves': 36, 'learning_rate': 0.01584839731378213, 'subsample': 0.6943845973931931, 'colsample_bytree': 0.8284646184541076, 'min_child_samples': 71, 'reg_alpha': 0.14337244173901337, 'reg_lambda': 7.482879404932238e-05}. Best is trial 0 with value: 0.04419323036952026.
[I 2026-06-01 14:57:25,078] Trial 16 finished with value: -0.06058469018970125 and parameters: {'confidence_threshold': 0.6389198559538911, 'training_days': 410, 'n_estimators': 313, 'max_depth': 4, 'num_leaves': 27, 'learning_rate': 0.27985815851978163, 'subsample': 0.5538632622503428, 'colsample_bytree': 0.9188816604566905, 'min_child_samples': 34, 'reg_alpha': 0.007342704590204584, 'reg_lambda': 4.28170520176123e-07}. Best is trial 0 with value: 0.04419323036952026.
[I 2026-06-01 14:57:25,218] Trial 17 finished with value: -0.007433322398910114 and parameters: {'confidence_threshold': 0.7296153420475378, 'training_days': 270, 'n_estimators': 209, 'max_depth': 3, 'num_leaves': 15, 'learning_rate': 0.14168046193643385, 'subsample': 0.8063528472132921, 'colsample_bytree': 0.7952908891858086, 'min_child_samples': 90, 'reg_alpha': 0.00010396761370918986, 'reg_lambda': 0.00012582343681241085}. Best is trial 0 with value: 0.04419323036952026.
[I 2026-06-01 14:57:25,453] A new study created in memory with name: no-name-fc1c7d5c-4667-46d2-9af4-07fc8deb267f
[I 2026-06-01 14:57:25,549] Trial 0 finished with value: -0.10516146794181847 and parameters: {'confidence_threshold': 0.7437642149592516, 'training_days': 150, 'n_estimators': 152, 'max_depth': 4, 'num_leaves': 50, 'learning_rate': 0.04216766425047743, 'subsample': 0.9903820991923078, 'colsample_bytree': 0.8424148692924316, 'min_child_samples': 58, 'reg_alpha': 3.381097259762742e-05, 'reg_lambda': 1.2263152961306247e-05}. Best is trial 0 with value: -0.10516146794181847.
[I 2026-06-01 14:57:25,625] Trial 1 finished with value: -2.0156075101678566 and parameters: {'confidence_threshold': 0.7551673975844145, 'training_days': 220, 'n_estimators': 76, 'max_depth': 4, 'num_leaves': 51, 'learning_rate': 0.018602118810743477, 'subsample': 0.5877258780737462, 'colsample_bytree': 0.7657756869209191, 'min_child_samples': 63, 'reg_alpha': 0.005123994170264194, 'reg_lambda': 0.44145470178120466}. Best is trial 0 with value: -0.10516146794181847.
[I 2026-06-01 14:57:25,879] Trial 2 finished with value: -0.016505861549004464 and parameters: {'confidence_threshold': 0.7535593637012223, 'training_days': 310, 'n_estimators': 375, 'max_depth': 3, 'num_leaves': 32, 'learning_rate': 0.021735641882032388, 'subsample': 0.6468570231944146, 'colsample_bytree': 0.8154880619272439, 'min_child_samples': 27, 'reg_alpha': 8.004064028491336e-05, 'reg_lambda': 7.546835261630524e-05}. Best is trial 2 with value: -0.016505861549004464.
[I 2026-06-01 14:57:26,047] Trial 3 finished with value: 0.02610998675643385 and parameters: {'confidence_threshold': 0.6727897841776072, 'training_days': 220, 'n_estimators': 190, 'max_depth': 4, 'num_leaves': 58, 'learning_rate': 0.24810689332636193, 'subsample': 0.7509183379421682, 'colsample_bytree': 0.8119764758960556, 'min_child_samples': 29, 'reg_alpha': 7.1708285081421445e-06, 'reg_lambda': 5.412973582738627e-05}. Best is trial 3 with value: 0.02610998675643385.
