[I 2026-06-01 14:58:09,190] Trial 6 finished with value: -0.11751411318442395 and parameters: {'confidence_threshold': 0.667482545748023, 'training_days': 420, 'n_estimators': 279, 'max_depth': 3, 'num_leaves': 45, 'learning_rate': 0.040099592560849204, 'subsample': 0.8563114696415159, 'colsample_bytree': 0.5442917781944105, 'min_child_samples': 50, 'reg_alpha': 1.6407916423707903e-08, 'reg_lambda': 2.935907642973286e-05}. Best is trial 1 with value: -0.033836111998797117.
[I 2026-06-01 14:58:09,331] Trial 7 finished with value: -0.017520305767143207 and parameters: {'confidence_threshold': 0.5497381024139926, 'training_days': 120, 'n_estimators': 408, 'max_depth': 5, 'num_leaves': 38, 'learning_rate': 0.28049122657745795, 'subsample': 0.8806573338635493, 'colsample_bytree': 0.5454054113547102, 'min_child_samples': 63, 'reg_alpha': 0.01263008637940408, 'reg_lambda': 0.04588020805366937}. Best is trial 7 with value: -0.017520305767143207.
[I 2026-06-01 14:58:09,597] Trial 8 finished with value: -0.021505279044580054 and parameters: {'confidence_threshold': 0.719644804808716, 'training_days': 450, 'n_estimators': 410, 'max_depth': 4, 'num_leaves': 57, 'learning_rate': 0.04022026551478857, 'subsample': 0.5336085426932707, 'colsample_bytree': 0.5705742850577543, 'min_child_samples': 100, 'reg_alpha': 5.916398047912201e-07, 'reg_lambda': 0.9794034214488329}. Best is trial 7 with value: -0.017520305767143207.
[I 2026-06-01 14:58:09,619] Trial 9 finished with value: -4.066887784936254 and parameters: {'confidence_threshold': 0.7267463643917187, 'training_days': 20, 'n_estimators': 337, 'max_depth': 5, 'num_leaves': 23, 'learning_rate': 0.022153031811454605, 'subsample': 0.6305627572358737, 'colsample_bytree': 0.6613413774216214, 'min_child_samples': 81, 'reg_alpha': 5.7638634029410314e-08, 'reg_lambda': 8.26603016764008}. Best is trial 7 with value: -0.017520305767143207.
[I 2026-06-01 14:58:09,881] Trial 10 finished with value: -0.04382178274926299 and parameters: {'confidence_threshold': 0.8398533911817929, 'training_days': 180, 'n_estimators': 485, 'max_depth': 4, 'num_leaves': 15, 'learning_rate': 0.2797087873840057, 'subsample': 0.7130289643560688, 'colsample_bytree': 0.9944479338273263, 'min_child_samples': 62, 'reg_alpha': 0.002237492903849199, 'reg_lambda': 0.004699952286108024}. Best is trial 7 with value: -0.017520305767143207.
[I 2026-06-01 14:58:10,175] Trial 11 finished with value: -0.08297498175374703 and parameters: {'confidence_threshold': 0.7828153509856826, 'training_days': 390, 'n_estimators': 478, 'max_depth': 4, 'num_leaves': 61, 'learning_rate': 0.010149195339562909, 'subsample': 0.9842623422401993, 'colsample_bytree': 0.5017024210185925, 'min_child_samples': 100, 'reg_alpha': 7.734216608663387e-05, 'reg_lambda': 0.010807080111378337}. Best is trial 7 with value: -0.017520305767143207.
[I 2026-06-01 14:58:10,359] Trial 12 finished with value: -0.07320334771852946 and parameters: {'confidence_threshold': 0.5145853631584999, 'training_days': 150, 'n_estimators': 416, 'max_depth': 4, 'num_leaves': 58, 'learning_rate': 0.01924681962976845, 'subsample': 0.7299332364823727, 'colsample_bytree': 0.61778471397979, 'min_child_samples': 67, 'reg_alpha': 0.0029840105278007545, 'reg_lambda': 0.008879244903605274}. Best is trial 7 with value: -0.017520305767143207.
[I 2026-06-01 14:58:10,561] Trial 13 finished with value: -0.053173390633825465 and parameters: {'confidence_threshold': 0.7586389545742787, 'training_days': 340, 'n_estimators': 289, 'max_depth': 4, 'num_leaves': 54, 'learning_rate': 0.11842510796771445, 'subsample': 0.7832416138810485, 'colsample_bytree': 0.6004500161471612, 'min_child_samples': 86, 'reg_alpha': 2.4431566629960397e-05, 'reg_lambda': 0.0618107539226074}. Best is trial 7 with value: -0.017520305767143207.
[I 2026-06-01 14:58:10,679] Trial 14 finished with value: -0.06919986359445425 and parameters: {'confidence_threshold': 0.5044444372741629, 'training_days': 100, 'n_estimators': 426, 'max_depth': 5, 'num_leaves': 31, 'learning_rate': 0.276810404501201, 'subsample': 0.6688425641470395, 'colsample_bytree': 0.5033818278710143, 'min_child_samples': 53, 'reg_alpha': 0.06103040336453659, 'reg_lambda': 0.000601112755664867}. Best is trial 7 with value: -0.017520305767143207.
[I 2026-06-01 14:58:10,870] Trial 15 finished with value: -0.01657440652902479 and parameters: {'confidence_threshold': 0.6127683416653349, 'training_days': 500, 'n_estimators': 220, 'max_depth': 4, 'num_leaves': 52, 'learning_rate': 0.10860442689622699, 'subsample': 0.9204331733465588, 'colsample_bytree': 0.720332322464215, 'min_child_samples': 88, 'reg_alpha': 1.7836787545151695e-05, 'reg_lambda': 7.697467210155571}. Best is trial 15 with value: -0.01657440652902479.

    [trial 15] Sharpe=-0.0971 (folds: 0.0757, 0.2328, -0.0490, -0.4758, -0.2693)
    [trial 16] 47 features, training_days=60 | threshold=0.708 | labels: 1050 long, 1118 short (48/52%)
    [trial 16] Sharpe=-0.0774 (folds: -0.2335, 0.1193, 0.0127, -0.2145, -0.0709)
    [trial 17] 47 features, training_days=170 | threshold=0.786 | labels: 1050 long, 1118 short (48/52%)
    [trial 17] Sharpe=-0.0776 (folds: 0.0254, 0.2701, -0.1849, -0.1922, -0.3062)
  Optuna: 18 trials, best Sharpe = -0.0170
  Best params: n_estimators=138, max_depth=3, lr=0.0375, leaves=30
  Best confidence_threshold: 0.823
  Best training_days: 50
  Retrained on full data (150 samples, 47 features)
  [ensemble 2/3] seed=123
    [trial 0] 47 features, training_days=150 | threshold=0.744 | labels: 1050 long, 1118 short (48/52%)
    [CV fold 0] train_end=2021-07-23 08:00 | val_start=2021-07-31 00:00 | gap=184h (22 rows)
    [CV fold 1] train_end=2021-11-20 16:00 | val_start=2021-11-28 08:00 | gap=184h (22 rows)
    [CV fold 2] train_end=2022-03-21 00:00 | val_start=2022-03-28 16:00 | gap=184h (22 rows)
    [CV fold 3] train_end=2022-07-19 08:00 | val_start=2022-07-27 00:00 | gap=184h (22 rows)
    [CV fold 4] train_end=2022-11-16 16:00 | val_start=2022-11-24 08:00 | gap=184h (22 rows)
    [trial 0] Sharpe=-0.0902 (folds: -0.0448, 0.2298, -0.1040, -0.2560, -0.2762)
    [trial 1] 47 features, training_days=220 | threshold=0.755 | labels: 1050 long, 1118 short (48/52%)
    [trial 1] Sharpe=-2.0689 (folds: 0.1918, 0.1608, -0.3274, -10.0000, -0.3700)
    [trial 2] 47 features, training_days=310 | threshold=0.754 | labels: 1050 long, 1118 short (48/52%)
    [trial 2] Sharpe=-0.1027 (folds: -0.2015, 0.1568, -0.1279, -0.2254, -0.1157)
    [trial 3] 47 features, training_days=220 | threshold=0.673 | labels: 1050 long, 1118 short (48/52%)
    [trial 3] Sharpe=-0.0159 (folds: -0.2068, 0.1475, 0.0415, -0.0694, 0.0079)
    [trial 4] 47 features, training_days=130 | threshold=0.803 | labels: 1050 long, 1118 short (48/52%)
    [trial 4] Sharpe=-0.0430 (folds: -0.0422, 0.2528, 0.0053, -0.3120, -0.1190)
    [trial 5] 47 features, training_days=210 | threshold=0.606 | labels: 1050 long, 1118 short (48/52%)
    [trial 5] Sharpe=-0.0474 (folds: 0.0148, 0.1530, -0.0355, -0.3294, -0.0401)
    [trial 6] 47 features, training_days=130 | threshold=0.767 | labels: 1050 long, 1118 short (48/52%)
    [trial 6] Sharpe=-0.0792 (folds: -0.2423, 0.1710, -0.0076, -0.2678, -0.0491)
    [trial 7] 47 features, training_days=80 | threshold=0.556 | labels: 1050 long, 1118 short (48/52%)
    [trial 7] Sharpe=-0.0718 (folds: -0.1954, 0.3564, -0.2342, -0.3268, 0.0408)
    [trial 8] 47 features, training_days=200 | threshold=0.607 | labels: 1050 long, 1118 short (48/52%)
    [trial 8] Sharpe=-0.0230 (folds: -0.1874, 0.1569, 0.0842, -0.1512, -0.0177)
    [trial 9] 47 features, training_days=260 | threshold=0.620 | labels: 1050 long, 1118 short (48/52%)
    [trial 9] Sharpe=-0.0572 (folds: -0.1400, 0.1202, -0.0551, -0.2208, 0.0097)
    [trial 10] 47 features, training_days=470 | threshold=0.676 | labels: 1050 long, 1118 short (48/52%)
    [trial 10] Sharpe=-0.0417 (folds: -0.0930, 0.1782, -0.1082, -0.2487, 0.0631)
    [trial 11] 47 features, training_days=360 | threshold=0.513 | labels: 1050 long, 1118 short (48/52%)
    [trial 11] Sharpe=-0.0957 (folds: -0.2013, 0.1835, -0.1289, -0.2610, -0.0706)
    [trial 12] 47 features, training_days=20 | threshold=0.673 | labels: 1050 long, 1118 short (48/52%)
    [trial 12] Sharpe=-4.0669 (folds: -10.0000, 0.0281, -0.2467, -10.0000, -0.1159)
    [trial 13] 47 features, training_days=400 | threshold=0.668 | labels: 1050 long, 1118 short (48/52%)
    [trial 13] Sharpe=-0.0972 (folds: -0.1533, 0.1480, -0.1369, -0.2211, -0.1227)
    [trial 14] 47 features, training_days=290 | threshold=0.607 | labels: 1050 long, 1118 short (48/52%)
    [trial 14] Sharpe=-0.0367 (folds: -0.1594, 0.2018, -0.0922, -0.1192, -0.0147)
    [trial 15] 47 features, training_days=200 | threshold=0.705 | labels: 1050 long, 1118 short (48/52%)
    [trial 15] Sharpe=-0.0456 (folds: 0.1172, 0.2188, -0.0714, -0.3598, -0.1329)
    [trial 16] 47 features, training_days=340 | threshold=0.543 | labels: 1050 long, 1118 short (48/52%)
    [trial 16] Sharpe=-0.0742 (folds: -0.2211, 0.1663, -0.0762, -0.2048, -0.0351)
    [trial 17] 47 features, training_days=50 | threshold=0.624 | labels: 1050 long, 1118 short (48/52%)
    [trial 17] Sharpe=-0.0634 (folds: -0.1870, 0.2109, -0.1070, -0.1946, -0.0391)
  Optuna: 18 trials, best Sharpe = -0.0159
  Best params: n_estimators=190, max_depth=4, lr=0.2481, leaves=58
  Best confidence_threshold: 0.673
  Best training_days: 220
  Retrained on full data (660 samples, 47 features)
  [ensemble 3/3] seed=456
    [trial 0] 47 features, training_days=90 | threshold=0.587 | labels: 1050 long, 1118 short (48/52%)
    [CV fold 0] train_end=2021-07-23 08:00 | val_start=2021-07-31 00:00 | gap=184h (22 rows)
    [CV fold 1] train_end=2021-11-20 16:00 | val_start=2021-11-28 08:00 | gap=184h (22 rows)
    [CV fold 2] train_end=2022-03-21 00:00 | val_start=2022-03-28 16:00 | gap=184h (22 rows)
    [CV fold 3] train_end=2022-07-19 08:00 | val_start=2022-07-27 00:00 | gap=184h (22 rows)
    [CV fold 4] train_end=2022-11-16 16:00 | val_start=2022-11-24 08:00 | gap=184h (22 rows)
    [trial 0] Sharpe=-0.0996 (folds: -0.2484, 0.1064, -0.0390, -0.3274, 0.0104)
    [trial 1] 47 features, training_days=290 | threshold=0.635 | labels: 1050 long, 1118 short (48/52%)
    [trial 1] Sharpe=-0.0338 (folds: 0.0074, 0.1098, -0.1872, -0.0578, -0.0414)
    [trial 2] 47 features, training_days=10 | threshold=0.585 | labels: 1050 long, 1118 short (48/52%)
    [trial 2] Sharpe=-2.0426 (folds: -0.3158, 0.0281, 0.1907, -10.0000, -0.1159)
    [trial 3] 47 features, training_days=220 | threshold=0.687 | labels: 1050 long, 1118 short (48/52%)
    [trial 3] Sharpe=-0.0708 (folds: 0.0859, 0.1844, -0.0444, -0.5110, -0.0691)
    [trial 4] 47 features, training_days=300 | threshold=0.562 | labels: 1050 long, 1118 short (48/52%)
    [trial 4] Sharpe=-0.0850 (folds: -0.2264, 0.0639, -0.0619, -0.1910, -0.0094)
    [trial 5] 47 features, training_days=490 | threshold=0.711 | labels: 1050 long, 1118 short (48/52%)
    [trial 5] Sharpe=-0.0718 (folds: -0.1453, 0.2106, -0.1258, -0.2399, -0.0588)
    [trial 6] 47 features, training_days=420 | threshold=0.667 | labels: 1050 long, 1118 short (48/52%)
    [trial 6] Sharpe=-0.1175 (folds: -0.1459, 0.1126, -0.1603, -0.2620, -0.1319)
    [trial 7] 47 features, training_days=120 | threshold=0.550 | labels: 1050 long, 1118 short (48/52%)
    [trial 7] Sharpe=-0.0175 (folds: -0.0668, 0.1886, 0.0221, -0.2387, 0.0072)
    [trial 8] 47 features, training_days=450 | threshold=0.720 | labels: 1050 long, 1118 short (48/52%)
    [trial 8] Sharpe=-0.0215 (folds: 0.1765, 0.1810, -0.2277, -0.0718, -0.1656)
    [trial 9] 47 features, training_days=20 | threshold=0.727 | labels: 1050 long, 1118 short (48/52%)
    [trial 9] Sharpe=-4.0669 (folds: -10.0000, 0.0281, -0.2467, -10.0000, -0.1159)
    [trial 10] 47 features, training_days=180 | threshold=0.840 | labels: 1050 long, 1118 short (48/52%)
    [trial 10] Sharpe=-0.0438 (folds: -0.0802, 0.1899, 0.0301, -0.2756, -0.0833)
    [trial 11] 47 features, training_days=390 | threshold=0.783 | labels: 1050 long, 1118 short (48/52%)
    [trial 11] Sharpe=-0.0830 (folds: -0.1390, 0.2928, -0.1153, -0.4687, 0.0153)
    [trial 12] 47 features, training_days=150 | threshold=0.515 | labels: 1050 long, 1118 short (48/52%)
    [trial 12] Sharpe=-0.0732 (folds: -0.1232, 0.2824, -0.1035, -0.2661, -0.1556)
    [trial 13] 47 features, training_days=340 | threshold=0.759 | labels: 1050 long, 1118 short (48/52%)
    [trial 13] Sharpe=-0.0532 (folds: 0.0960, 0.2178, -0.2135, -0.1545, -0.2117)
    [trial 14] 47 features, training_days=100 | threshold=0.504 | labels: 1050 long, 1118 short (48/52%)
    [trial 14] Sharpe=-0.0692 (folds: -0.2023, 0.2125, -0.0268, -0.3253, -0.0040)
    [trial 15] 47 features, training_days=500 | threshold=0.613 | labels: 1050 long, 1118 short (48/52%)
    [trial 15] Sharpe=-0.0166 (folds: 0.1013, 0.1779, -0.2130, -0.0781, -0.0709)
    [trial 16] 47 features, training_days=240 | threshold=0.628 | labels: 1050 long, 1118 short (48/52%)[I 2026-06-01 14:58:11,014] Trial 16 finished with value: -0.0013743892600498898 and parameters: {'confidence_threshold': 0.6283133409715312, 'training_days': 240, 'n_estimators': 189, 'max_depth': 4, 'num_leaves': 51, 'learning_rate': 0.1003698963340789, 'subsample': 0.9306356517464375, 'colsample_bytree': 0.7464538478785865, 'min_child_samples': 71, 'reg_alpha': 1.3351860168119496e-05, 'reg_lambda': 8.458335320794815}. Best is trial 16 with value: -0.0013743892600498898.
[I 2026-06-01 14:58:11,164] Trial 17 finished with value: -0.010230775100768698 and parameters: {'confidence_threshold': 0.6310037179056219, 'training_days': 230, 'n_estimators': 198, 'max_depth': 4, 'num_leaves': 51, 'learning_rate': 0.09583827844200776, 'subsample': 0.9272655966967175, 'colsample_bytree': 0.7496469336094584, 'min_child_samples': 74, 'reg_alpha': 8.35924966975511e-06, 'reg_lambda': 7.225371539798657}. Best is trial 16 with value: -0.0013743892600498898.
[I 2026-06-01 14:58:11,701] A new study created in memory with name: no-name-2f275229-28a6-41f9-84aa-9f809a57d59f
[I 2026-06-01 14:58:12,019] Trial 0 finished with value: -0.014707456526769958 and parameters: {'confidence_threshold': 0.6310890415965769, 'training_days': 480, 'n_estimators': 380, 'max_depth': 4, 'num_leaves': 22, 'learning_rate': 0.01699897838270077, 'subsample': 0.5290418060840998, 'colsample_bytree': 0.9330880728874675, 'min_child_samples': 68, 'reg_alpha': 0.023585940584142682, 'reg_lambda': 1.5320059381854043e-08}. Best is trial 0 with value: -0.014707456526769958.
[I 2026-06-01 14:58:12,138] Trial 1 finished with value: -2.4310856317152183 and parameters: {'confidence_threshold': 0.839468448256698, 'training_days': 420, 'n_estimators': 145, 'max_depth': 3, 'num_leaves': 23, 'learning_rate': 0.028145092716060652, 'subsample': 0.762378215816119, 'colsample_bytree': 0.7159725093210578, 'min_child_samples': 43, 'reg_alpha': 0.0032112643094417484, 'reg_lambda': 1.8007140198129195e-07}. Best is trial 0 with value: -0.014707456526769958.
[I 2026-06-01 14:58:12,282] Trial 2 finished with value: 0.026664947631862078 and parameters: {'confidence_threshold': 0.6022506269873263, 'training_days': 190, 'n_estimators': 255, 'max_depth': 5, 'num_leaves': 24, 'learning_rate': 0.05748924681991978, 'subsample': 0.7962072844310213, 'colsample_bytree': 0.5232252063599989, 'min_child_samples': 69, 'reg_alpha': 3.425445902633376e-07, 'reg_lambda': 3.850031979199519e-08}. Best is trial 2 with value: 0.026664947631862078.
[I 2026-06-01 14:58:12,544] Trial 3 finished with value: -0.052917411938782376 and parameters: {'confidence_threshold': 0.8321099380386666, 'training_days': 490, 'n_estimators': 414, 'max_depth': 3, 'num_leaves': 19, 'learning_rate': 0.1024932221692416, 'subsample': 0.7200762468698007, 'colsample_bytree': 0.5610191174223894, 'min_child_samples': 60, 'reg_alpha': 2.039373116525212e-08, 'reg_lambda': 1.527156759251193}. Best is trial 2 with value: 0.026664947631862078.
[I 2026-06-01 14:58:12,702] Trial 4 finished with value: 0.013370447236684827 and parameters: {'confidence_threshold': 0.5905729935600059, 'training_days': 340, 'n_estimators': 190, 'max_depth': 4, 'num_leaves': 41, 'learning_rate': 0.01875220945578641, 'subsample': 0.9847923138822793, 'colsample_bytree': 0.8875664116805573, 'min_child_samples': 96, 'reg_alpha': 1.1309571585271483, 'reg_lambda': 0.002404915432737351}. Best is trial 2 with value: 0.026664947631862078.
[I 2026-06-01 14:58:12,741] Trial 5 finished with value: -0.07669159709603388 and parameters: {'confidence_threshold': 0.8226559822580909, 'training_days': 50, 'n_estimators': 138, 'max_depth': 3, 'num_leaves': 30, 'learning_rate': 0.03750796359625606, 'subsample': 0.6356745158869479, 'colsample_bytree': 0.9143687545759647, 'min_child_samples': 48, 'reg_alpha': 3.376063348877853e-06, 'reg_lambda': 0.0007660634613082914}. Best is trial 2 with value: 0.026664947631862078.
[I 2026-06-01 14:58:12,845] Trial 6 finished with value: -0.0016508980518336424 and parameters: {'confidence_threshold': 0.5493234787411669, 'training_days': 410, 'n_estimators': 83, 'max_depth': 5, 'num_leaves': 52, 'learning_rate': 0.019657448966046126, 'subsample': 0.5027610585618012, 'colsample_bytree': 0.9077307142274171, 'min_child_samples': 77, 'reg_alpha': 0.03639690979811287, 'reg_lambda': 0.08738424135626986}. Best is trial 2 with value: 0.026664947631862078.
[I 2026-06-01 14:58:12,931] Trial 7 finished with value: 0.003635773886959842 and parameters: {'confidence_threshold': 0.5259156281069316, 'training_days': 180, 'n_estimators': 102, 'max_depth': 5, 'num_leaves': 45, 'learning_rate': 0.030816017044468066, 'subsample': 0.5317791751430119, 'colsample_bytree': 0.6554911608578311, 'min_child_samples': 46, 'reg_alpha': 0.036851536911881845, 'reg_lambda': 0.005470376807480391}. Best is trial 2 with value: 0.026664947631862078.
[I 2026-06-01 14:58:13,035] Trial 8 finished with value: -0.12492114078974195 and parameters: {'confidence_threshold': 0.8105244599017143, 'training_days': 240, 'n_estimators': 103, 'max_depth': 5, 'num_leaves': 52, 'learning_rate': 0.06746437142284309, 'subsample': 0.8854835899772805, 'colsample_bytree': 0.7468977981821954, 'min_child_samples': 62, 'reg_alpha': 7.04480806377519e-05, 'reg_lambda': 1.6934490731313353e-08}. Best is trial 2 with value: 0.026664947631862078.
[I 2026-06-01 14:58:13,056] Trial 9 finished with value: -1.9569496327061366 and parameters: {'confidence_threshold': 0.5377619994476566, 'training_days': 20, 'n_estimators': 337, 'max_depth': 3, 'num_leaves': 39, 'learning_rate': 0.21907142272152816, 'subsample': 0.6246461145744375, 'colsample_bytree': 0.7051914615178149, 'min_child_samples': 81, 'reg_alpha': 1.1459970229341322e-06, 'reg_lambda': 4.929685216887945e-08}. Best is trial 2 with value: 0.026664947631862078.
[I 2026-06-01 14:58:13,368] Trial 10 finished with value: -0.011380576659170784 and parameters: {'confidence_threshold': 0.6797821749717731, 'training_days': 150, 'n_estimators': 487, 'max_depth': 5, 'num_leaves': 31, 'learning_rate': 0.1457937958927628, 'subsample': 0.8271882613853766, 'colsample_bytree': 0.5054398545048813, 'min_child_samples': 27, 'reg_alpha': 1.290626345465208e-08, 'reg_lambda': 3.3639426888455256e-06}. Best is trial 2 with value: 0.026664947631862078.
[I 2026-06-01 14:58:13,549] Trial 11 finished with value: -0.008029083204789367 and parameters: {'confidence_threshold': 0.6255473016354732, 'training_days': 330, 'n_estimators': 245, 'max_depth': 4, 'num_leaves': 60, 'learning_rate': 0.012600846838162268, 'subsample': 0.9992188164002517, 'colsample_bytree': 0.8228184263283476, 'min_child_samples': 97, 'reg_alpha': 2.0783640024703454, 'reg_lambda': 1.2919440532274802e-05}. Best is trial 2 with value: 0.026664947631862078.
