[I 2026-06-01 15:02:51,850] Trial 2 finished with value: -2.02638722332117 and parameters: {'confidence_threshold': 0.5849570384370288, 'training_days': 10, 'n_estimators': 212, 'max_depth': 3, 'num_leaves': 41, 'learning_rate': 0.18452095998378365, 'subsample': 0.6001060822924371, 'colsample_bytree': 0.5673167293506167, 'min_child_samples': 37, 'reg_alpha': 5.733250064217131, 'reg_lambda': 0.5308454292595461}. Best is trial 0 with value: -0.05732007704860984.
[I 2026-06-01 15:02:51,928] Trial 3 finished with value: -0.1457382428170979 and parameters: {'confidence_threshold': 0.6868248626683718, 'training_days': 220, 'n_estimators': 134, 'max_depth': 3, 'num_leaves': 45, 'learning_rate': 0.033529007907491595, 'subsample': 0.8647277071858408, 'colsample_bytree': 0.778494116634046, 'min_child_samples': 96, 'reg_alpha': 2.409409937265785e-07, 'reg_lambda': 1.1642073478060009}. Best is trial 0 with value: -0.05732007704860984.
[I 2026-06-01 15:02:52,017] Trial 4 finished with value: -0.15396444375814836 and parameters: {'confidence_threshold': 0.5623121348350352, 'training_days': 300, 'n_estimators': 69, 'max_depth': 4, 'num_leaves': 32, 'learning_rate': 0.14967629360700346, 'subsample': 0.5054535233636654, 'colsample_bytree': 0.7401385194659216, 'min_child_samples': 27, 'reg_alpha': 1.4212042567426725e-07, 'reg_lambda': 0.23605753701352003}. Best is trial 0 with value: -0.05732007704860984.
[I 2026-06-01 15:02:52,414] Trial 5 finished with value: -0.11656229309451879 and parameters: {'confidence_threshold': 0.7111850244908446, 'training_days': 490, 'n_estimators': 362, 'max_depth': 5, 'num_leaves': 40, 'learning_rate': 0.05960785724162737, 'subsample': 0.5589714368907717, 'colsample_bytree': 0.6659006943232806, 'min_child_samples': 42, 'reg_alpha': 0.6741360303045295, 'reg_lambda': 6.054601607143087e-08}. Best is trial 0 with value: -0.05732007704860984.
[I 2026-06-01 15:02:52,589] Trial 6 finished with value: -0.13658799901388807 and parameters: {'confidence_threshold': 0.667482545748023, 'training_days': 420, 'n_estimators': 279, 'max_depth': 3, 'num_leaves': 45, 'learning_rate': 0.040099592560849204, 'subsample': 0.8563114696415159, 'colsample_bytree': 0.5442917781944105, 'min_child_samples': 50, 'reg_alpha': 1.6407916423707903e-08, 'reg_lambda': 2.935907642973286e-05}. Best is trial 0 with value: -0.05732007704860984.
[I 2026-06-01 15:02:52,746] Trial 7 finished with value: -0.03609555402442278 and parameters: {'confidence_threshold': 0.5497381024139926, 'training_days': 120, 'n_estimators': 408, 'max_depth': 5, 'num_leaves': 38, 'learning_rate': 0.28049122657745795, 'subsample': 0.8806573338635493, 'colsample_bytree': 0.5454054113547102, 'min_child_samples': 63, 'reg_alpha': 0.01263008637940408, 'reg_lambda': 0.04588020805366937}. Best is trial 7 with value: -0.03609555402442278.
[I 2026-06-01 15:02:53,022] Trial 8 finished with value: -0.14210796052079755 and parameters: {'confidence_threshold': 0.719644804808716, 'training_days': 450, 'n_estimators': 410, 'max_depth': 4, 'num_leaves': 57, 'learning_rate': 0.04022026551478857, 'subsample': 0.5336085426932707, 'colsample_bytree': 0.5705742850577543, 'min_child_samples': 100, 'reg_alpha': 5.916398047912201e-07, 'reg_lambda': 0.9794034214488329}. Best is trial 7 with value: -0.03609555402442278.
[I 2026-06-01 15:02:53,045] Trial 9 finished with value: -2.099950670712489 and parameters: {'confidence_threshold': 0.7267463643917187, 'training_days': 20, 'n_estimators': 337, 'max_depth': 5, 'num_leaves': 23, 'learning_rate': 0.022153031811454605, 'subsample': 0.6305627572358737, 'colsample_bytree': 0.6613413774216214, 'min_child_samples': 81, 'reg_alpha': 5.7638634029410314e-08, 'reg_lambda': 8.26603016764008}. Best is trial 7 with value: -0.03609555402442278.
[I 2026-06-01 15:02:53,311] Trial 10 finished with value: -0.0886845384310048 and parameters: {'confidence_threshold': 0.8398533911817929, 'training_days': 180, 'n_estimators': 485, 'max_depth': 4, 'num_leaves': 15, 'learning_rate': 0.2797087873840057, 'subsample': 0.7130289643560688, 'colsample_bytree': 0.9944479338273263, 'min_child_samples': 62, 'reg_alpha': 0.002237492903849199, 'reg_lambda': 0.004699952286108024}. Best is trial 7 with value: -0.03609555402442278.
[I 2026-06-01 15:02:53,550] Trial 11 finished with value: -0.02393070989533045 and parameters: {'confidence_threshold': 0.5379676273538253, 'training_days': 130, 'n_estimators': 478, 'max_depth': 5, 'num_leaves': 54, 'learning_rate': 0.010226258249598861, 'subsample': 0.9905541628258661, 'colsample_bytree': 0.9214296292909252, 'min_child_samples': 61, 'reg_alpha': 0.0008950365149773466, 'reg_lambda': 0.00022486515256442478}. Best is trial 11 with value: -0.02393070989533045.

    [trial 12] 47 features, training_days=140 | threshold=0.552 | labels: 1242 long, 929 short (57/43%)
    [trial 12] Sharpe=-0.0583 (folds: -0.0158, 0.1023, -0.2004, -0.0677, -0.1100)
    [trial 13] 47 features, training_days=320 | threshold=0.672 | labels: 1242 long, 929 short (57/43%)
    [trial 13] Sharpe=-0.1455 (folds: -0.0314, -0.0562, -0.2280, -0.3196, -0.0921)
    [trial 14] 47 features, training_days=80 | threshold=0.554 | labels: 1242 long, 929 short (57/43%)
    [trial 14] Sharpe=-0.0419 (folds: -0.1949, 0.0790, -0.0615, -0.0392, 0.0069)
    [trial 15] 47 features, training_days=90 | threshold=0.665 | labels: 1242 long, 929 short (57/43%)
    [trial 15] Sharpe=-0.0163 (folds: -0.1979, 0.1144, -0.1332, 0.1331, 0.0020)
    [trial 16] 47 features, training_days=100 | threshold=0.716 | labels: 1242 long, 929 short (57/43%)
    [trial 16] Sharpe=-0.0829 (folds: -0.1882, 0.0280, -0.1403, -0.1030, -0.0112)
    [trial 17] 47 features, training_days=10 | threshold=0.665 | labels: 1242 long, 929 short (57/43%)
    [trial 17] Sharpe=-2.0264 (folds: 0.2985, -10.0000, 0.0541, -0.4223, -0.0623)
  Optuna: 18 trials, best Sharpe = -0.0163
  Best params: n_estimators=52, max_depth=3, lr=0.1161, leaves=61
  Best confidence_threshold: 0.665
  Best training_days: 90
  Retrained on full data (270 samples, 47 features)
  [ensemble 2/3] seed=123
    [trial 0] 47 features, training_days=150 | threshold=0.744 | labels: 1242 long, 929 short (57/43%)
    [CV fold 0] train_end=2023-09-23 08:00 | val_start=2023-10-01 00:00 | gap=184h (22 rows)
    [CV fold 1] train_end=2024-01-21 16:00 | val_start=2024-01-29 08:00 | gap=184h (22 rows)
    [CV fold 2] train_end=2024-05-21 00:00 | val_start=2024-05-28 16:00 | gap=184h (22 rows)
    [CV fold 3] train_end=2024-09-18 08:00 | val_start=2024-09-26 00:00 | gap=184h (22 rows)
    [CV fold 4] train_end=2025-01-16 16:00 | val_start=2025-01-24 08:00 | gap=184h (22 rows)
    [trial 0] Sharpe=-0.0345 (folds: -0.0354, 0.1992, -0.1795, -0.0857, -0.0710)
    [trial 1] 47 features, training_days=220 | threshold=0.755 | labels: 1242 long, 929 short (57/43%)
    [trial 1] Sharpe=-1.8542 (folds: 0.2560, 0.4786, 0.0758, -10.0000, -0.0815)
    [trial 2] 47 features, training_days=310 | threshold=0.754 | labels: 1242 long, 929 short (57/43%)
    [trial 2] Sharpe=-0.1221 (folds: -0.0930, 0.0027, -0.1156, -0.2393, -0.1654)
    [trial 3] 47 features, training_days=220 | threshold=0.673 | labels: 1242 long, 929 short (57/43%)
    [trial 3] Sharpe=-0.1586 (folds: -0.0295, -0.0524, -0.3064, -0.2330, -0.1718)
    [trial 4] 47 features, training_days=130 | threshold=0.803 | labels: 1242 long, 929 short (57/43%)
    [trial 4] Sharpe=-0.0385 (folds: 0.0366, 0.0924, -0.1144, -0.1482, -0.0590)
    [trial 5] 47 features, training_days=210 | threshold=0.606 | labels: 1242 long, 929 short (57/43%)
    [trial 5] Sharpe=-0.1231 (folds: 0.0249, -0.0163, -0.3149, -0.2393, -0.0701)
    [trial 6] 47 features, training_days=130 | threshold=0.767 | labels: 1242 long, 929 short (57/43%)
    [trial 6] Sharpe=-0.0379 (folds: -0.1009, 0.1291, -0.0321, -0.1885, 0.0029)
    [trial 7] 47 features, training_days=80 | threshold=0.556 | labels: 1242 long, 929 short (57/43%)
    [trial 7] Sharpe=-0.0472 (folds: -0.1831, 0.1031, -0.1082, -0.1056, 0.0578)
    [trial 8] 47 features, training_days=200 | threshold=0.607 | labels: 1242 long, 929 short (57/43%)
    [trial 8] Sharpe=-0.1343 (folds: -0.0232, 0.0504, -0.3026, -0.2826, -0.1135)
    [trial 9] 47 features, training_days=260 | threshold=0.620 | labels: 1242 long, 929 short (57/43%)
    [trial 9] Sharpe=-0.1617 (folds: -0.0533, -0.0543, -0.2267, -0.2239, -0.2503)
    [trial 10] 47 features, training_days=470 | threshold=0.845 | labels: 1242 long, 929 short (57/43%)
    [trial 10] Sharpe=-3.9713 (folds: 0.0293, 0.1673, -0.0531, -10.0000, -10.0000)
    [trial 11] 47 features, training_days=20 | threshold=0.726 | labels: 1242 long, 929 short (57/43%)
    [trial 11] Sharpe=-2.1000 (folds: -10.0000, -0.1011, 0.0541, -0.4223, -0.0305)
    [trial 12] 47 features, training_days=360 | threshold=0.689 | labels: 1242 long, 929 short (57/43%)
    [trial 12] Sharpe=-0.1374 (folds: -0.2203, -0.0946, -0.2003, -0.1574, -0.0143)
    [trial 13] 47 features, training_days=120 | threshold=0.810 | labels: 1242 long, 929 short (57/43%)
    [trial 13] Sharpe=-0.0901 (folds: -0.0729, 0.0904, -0.1518, -0.2231, -0.0931)
    [trial 14] 47 features, training_days=20 | threshold=0.697 | labels: 1242 long, 929 short (57/43%)
    [trial 14] Sharpe=-2.1000 (folds: -10.0000, -0.1011, 0.0541, -0.4223, -0.0305)
    [trial 15] 47 features, training_days=130 | threshold=0.503 | labels: 1242 long, 929 short (57/43%)
    [trial 15] Sharpe=-0.0816 (folds: -0.1254, 0.0033, -0.1325, -0.1165, -0.0367)
    [trial 16] 47 features, training_days=80 | threshold=0.779 | labels: 1242 long, 929 short (57/43%)
    [trial 16] Sharpe=0.1564 (folds: -0.1330, 0.4863, 0.0922, 0.0535, 0.2829)
    [trial 17] 47 features, training_days=70 | threshold=0.802 | labels: 1242 long, 929 short (57/43%)
    [trial 17] Sharpe=-1.9966 (folds: -0.1495, 0.0624, 0.1465, -10.0000, -0.0426)
  Optuna: 18 trials, best Sharpe = 0.1564
  Best params: n_estimators=50, max_depth=3, lr=0.0319, leaves=55
  Best confidence_threshold: 0.779
  Best training_days: 80
  Retrained on full data (240 samples, 47 features)
  [ensemble 3/3] seed=456
    [trial 0] 47 features, training_days=90 | threshold=0.587 | labels: 1242 long, 929 short (57/43%)
    [CV fold 0] train_end=2023-09-23 08:00 | val_start=2023-10-01 00:00 | gap=184h (22 rows)
    [CV fold 1] train_end=2024-01-21 16:00 | val_start=2024-01-29 08:00 | gap=184h (22 rows)
    [CV fold 2] train_end=2024-05-21 00:00 | val_start=2024-05-28 16:00 | gap=184h (22 rows)
    [CV fold 3] train_end=2024-09-18 08:00 | val_start=2024-09-26 00:00 | gap=184h (22 rows)
    [CV fold 4] train_end=2025-01-16 16:00 | val_start=2025-01-24 08:00 | gap=184h (22 rows)
    [trial 0] Sharpe=-0.0573 (folds: -0.0416, -0.0129, -0.0575, -0.1644, -0.0102)
    [trial 1] 47 features, training_days=290 | threshold=0.635 | labels: 1242 long, 929 short (57/43%)
    [trial 1] Sharpe=-0.1499 (folds: -0.1931, -0.0260, -0.2082, -0.2046, -0.1177)
    [trial 2] 47 features, training_days=10 | threshold=0.585 | labels: 1242 long, 929 short (57/43%)
    [trial 2] Sharpe=-2.0264 (folds: 0.2985, -10.0000, 0.0541, -0.4223, -0.0623)
    [trial 3] 47 features, training_days=220 | threshold=0.687 | labels: 1242 long, 929 short (57/43%)
    [trial 3] Sharpe=-0.1457 (folds: -0.1736, 0.1496, -0.1893, -0.1632, -0.3522)
    [trial 4] 47 features, training_days=300 | threshold=0.562 | labels: 1242 long, 929 short (57/43%)
    [trial 4] Sharpe=-0.1540 (folds: -0.0636, -0.0771, -0.1322, -0.2676, -0.2294)
    [trial 5] 47 features, training_days=490 | threshold=0.711 | labels: 1242 long, 929 short (57/43%)
    [trial 5] Sharpe=-0.1166 (folds: 0.0255, -0.0703, -0.2082, -0.1412, -0.1886)
    [trial 6] 47 features, training_days=420 | threshold=0.667 | labels: 1242 long, 929 short (57/43%)
    [trial 6] Sharpe=-0.1366 (folds: -0.0917, -0.0841, -0.1757, -0.2182, -0.1132)
    [trial 7] 47 features, training_days=120 | threshold=0.550 | labels: 1242 long, 929 short (57/43%)
    [trial 7] Sharpe=-0.0361 (folds: 0.0437, 0.0832, -0.0935, -0.1112, -0.1026)
    [trial 8] 47 features, training_days=450 | threshold=0.720 | labels: 1242 long, 929 short (57/43%)
    [trial 8] Sharpe=-0.1421 (folds: -0.2439, -0.0541, -0.2170, -0.1017, -0.0939)
    [trial 9] 47 features, training_days=20 | threshold=0.727 | labels: 1242 long, 929 short (57/43%)
    [trial 9] Sharpe=-2.1000 (folds: -10.0000, -0.1011, 0.0541, -0.4223, -0.0305)
    [trial 10] 47 features, training_days=180 | threshold=0.840 | labels: 1242 long, 929 short (57/43%)
    [trial 10] Sharpe=-0.0887 (folds: 0.0638, 0.0746, -0.2193, -0.2969, -0.0656)
    [trial 11] 47 features, training_days=130 | threshold=0.538 | labels: 1242 long, 929 short (57/43%)
    [trial 11] Sharpe=-0.0239 (folds: -0.0822, 0.1778, -0.1194, -0.0763, -0.0194)
    [trial 12] 47 features, training_days=120 | threshold=0.512 | labels: 1242 long, 929 short (57/43%)
    [trial 12] Sharpe=-0.0233 (folds: -0.0647, 0.1376, -0.1068, -0.0105, -0.0721)[I 2026-06-01 15:02:53,755] Trial 12 finished with value: -0.02327852803592114 and parameters: {'confidence_threshold': 0.5115366705732524, 'training_days': 120, 'n_estimators': 490, 'max_depth': 5, 'num_leaves': 63, 'learning_rate': 0.010306365551845425, 'subsample': 0.9949150561173347, 'colsample_bytree': 0.9826583982594713, 'min_child_samples': 62, 'reg_alpha': 0.0022498557406386162, 'reg_lambda': 0.0022105109201275095}. Best is trial 12 with value: -0.02327852803592114.
[I 2026-06-01 15:02:53,943] Trial 13 finished with value: -0.013921008073373788 and parameters: {'confidence_threshold': 0.5007357854836626, 'training_days': 130, 'n_estimators': 497, 'max_depth': 4, 'num_leaves': 61, 'learning_rate': 0.010705624380955025, 'subsample': 0.9833225663017411, 'colsample_bytree': 0.9584932215576711, 'min_child_samples': 72, 'reg_alpha': 4.0358884619956926e-05, 'reg_lambda': 3.823279549595616e-06}. Best is trial 13 with value: -0.013921008073373788.
[I 2026-06-01 15:02:54,226] Trial 14 finished with value: -0.11671091862737255 and parameters: {'confidence_threshold': 0.504258521938805, 'training_days': 190, 'n_estimators': 500, 'max_depth': 4, 'num_leaves': 63, 'learning_rate': 0.010652357554617992, 'subsample': 0.9899984244178228, 'colsample_bytree': 0.9957558075946474, 'min_child_samples': 77, 'reg_alpha': 2.201954755863022e-05, 'reg_lambda': 3.608178864103899e-06}. Best is trial 13 with value: -0.013921008073373788.
[I 2026-06-01 15:02:54,318] Trial 15 finished with value: -0.04179974929214383 and parameters: {'confidence_threshold': 0.5037666293697994, 'training_days': 70, 'n_estimators': 442, 'max_depth': 4, 'num_leaves': 62, 'learning_rate': 0.01715538015618942, 'subsample': 0.7581367400676198, 'colsample_bytree': 0.9160264340943409, 'min_child_samples': 88, 'reg_alpha': 1.7836787545151695e-05, 'reg_lambda': 2.0702606002261897e-06}. Best is trial 13 with value: -0.013921008073373788.
[I 2026-06-01 15:02:54,506] Trial 16 finished with value: -0.0883261592243674 and parameters: {'confidence_threshold': 0.7809712285122007, 'training_days': 160, 'n_estimators': 298, 'max_depth': 4, 'num_leaves': 54, 'learning_rate': 0.017337501607748596, 'subsample': 0.9299771109308158, 'colsample_bytree': 0.8310743743843946, 'min_child_samples': 51, 'reg_alpha': 0.03696370588928545, 'reg_lambda': 0.002114224034631334}. Best is trial 13 with value: -0.013921008073373788.
[I 2026-06-01 15:02:54,675] Trial 17 finished with value: -0.06941439547487403 and parameters: {'confidence_threshold': 0.6197866335631909, 'training_days': 360, 'n_estimators': 219, 'max_depth': 3, 'num_leaves': 51, 'learning_rate': 0.014399917848714062, 'subsample': 0.794187385989011, 'colsample_bytree': 0.9466949144289513, 'min_child_samples': 70, 'reg_alpha': 4.5852013437013235e-05, 'reg_lambda': 2.2382884587009486e-06}. Best is trial 13 with value: -0.013921008073373788.
[I 2026-06-01 15:02:55,448] A new study created in memory with name: no-name-869d2508-4161-4893-9fa3-a7cc31e57507
[I 2026-06-01 15:02:55,783] Trial 0 finished with value: -0.15098785381563035 and parameters: {'confidence_threshold': 0.6310890415965769, 'training_days': 480, 'n_estimators': 380, 'max_depth': 4, 'num_leaves': 22, 'learning_rate': 0.01699897838270077, 'subsample': 0.5290418060840998, 'colsample_bytree': 0.9330880728874675, 'min_child_samples': 68, 'reg_alpha': 0.023585940584142682, 'reg_lambda': 1.5320059381854043e-08}. Best is trial 0 with value: -0.15098785381563035.
[I 2026-06-01 15:02:55,898] Trial 1 finished with value: -4.044122212454195 and parameters: {'confidence_threshold': 0.839468448256698, 'training_days': 420, 'n_estimators': 145, 'max_depth': 3, 'num_leaves': 23, 'learning_rate': 0.028145092716060652, 'subsample': 0.762378215816119, 'colsample_bytree': 0.7159725093210578, 'min_child_samples': 43, 'reg_alpha': 0.0032112643094417484, 'reg_lambda': 1.8007140198129195e-07}. Best is trial 0 with value: -0.15098785381563035.
[I 2026-06-01 15:02:56,081] Trial 2 finished with value: -0.12600065438351749 and parameters: {'confidence_threshold': 0.6022506269873263, 'training_days': 190, 'n_estimators': 255, 'max_depth': 5, 'num_leaves': 24, 'learning_rate': 0.05748924681991978, 'subsample': 0.7962072844310213, 'colsample_bytree': 0.5232252063599989, 'min_child_samples': 69, 'reg_alpha': 3.425445902633376e-07, 'reg_lambda': 3.850031979199519e-08}. Best is trial 2 with value: -0.12600065438351749.
[I 2026-06-01 15:02:56,352] Trial 3 finished with value: -0.1156874942011052 and parameters: {'confidence_threshold': 0.8321099380386666, 'training_days': 490, 'n_estimators': 414, 'max_depth': 3, 'num_leaves': 19, 'learning_rate': 0.1024932221692416, 'subsample': 0.7200762468698007, 'colsample_bytree': 0.5610191174223894, 'min_child_samples': 60, 'reg_alpha': 2.039373116525212e-08, 'reg_lambda': 1.527156759251193}. Best is trial 3 with value: -0.1156874942011052.
[I 2026-06-01 15:02:56,508] Trial 4 finished with value: -0.15472993431389562 and parameters: {'confidence_threshold': 0.5905729935600059, 'training_days': 340, 'n_estimators': 190, 'max_depth': 4, 'num_leaves': 41, 'learning_rate': 0.01875220945578641, 'subsample': 0.9847923138822793, 'colsample_bytree': 0.8875664116805573, 'min_child_samples': 96, 'reg_alpha': 1.1309571585271483, 'reg_lambda': 0.002404915432737351}. Best is trial 3 with value: -0.1156874942011052.
[I 2026-06-01 15:02:56,561] Trial 5 finished with value: -1.9811952219793294 and parameters: {'confidence_threshold': 0.8226559822580909, 'training_days': 50, 'n_estimators': 138, 'max_depth': 3, 'num_leaves': 30, 'learning_rate': 0.03750796359625606, 'subsample': 0.6356745158869479, 'colsample_bytree': 0.9143687545759647, 'min_child_samples': 48, 'reg_alpha': 3.376063348877853e-06, 'reg_lambda': 0.0007660634613082914}. Best is trial 3 with value: -0.1156874942011052.
[I 2026-06-01 15:02:56,669] Trial 6 finished with value: -0.0749726162863488 and parameters: {'confidence_threshold': 0.5493234787411669, 'training_days': 410, 'n_estimators': 83, 'max_depth': 5, 'num_leaves': 52, 'learning_rate': 0.019657448966046126, 'subsample': 0.5027610585618012, 'colsample_bytree': 0.9077307142274171, 'min_child_samples': 77, 'reg_alpha': 0.03639690979811287, 'reg_lambda': 0.08738424135626986}. Best is trial 6 with value: -0.0749726162863488.
[I 2026-06-01 15:02:56,791] Trial 7 finished with value: -0.11079742379039396 and parameters: {'confidence_threshold': 0.5259156281069316, 'training_days': 180, 'n_estimators': 102, 'max_depth': 5, 'num_leaves': 45, 'learning_rate': 0.030816017044468066, 'subsample': 0.5317791751430119, 'colsample_bytree': 0.6554911608578311, 'min_child_samples': 46, 'reg_alpha': 0.036851536911881845, 'reg_lambda': 0.005470376807480391}. Best is trial 6 with value: -0.0749726162863488.
