[I 2026-06-01 14:56:08,448] Trial 17 finished with value: 0.011081290565200509 and parameters: {'confidence_threshold': 0.6789363661861483, 'training_days': 140, 'n_estimators': 123, 'max_depth': 3, 'num_leaves': 62, 'learning_rate': 0.02852299476290232, 'subsample': 0.7912899898389397, 'colsample_bytree': 0.9369733185219081, 'min_child_samples': 54, 'reg_alpha': 5.2494349038324404e-06, 'reg_lambda': 0.03342820828150801}. Best is trial 11 with value: 0.21839132220037513.

    [trial 17] Sharpe=0.1522 (folds: 0.0832, 0.4718, -0.1760, 0.3838, -0.0018)
  Optuna: 18 trials, best Sharpe = 0.2629
  Best params: n_estimators=51, max_depth=3, lr=0.0151, leaves=15
  Best confidence_threshold: 0.701
  Best training_days: 360
  Retrained on full data (1080 samples, 47 features)
  [ensemble 3/3] seed=456
    [trial 0] 47 features, training_days=90 | threshold=0.587 | labels: 1255 long, 913 short (58/42%)
    [CV fold 0] train_end=2020-07-23 08:00 | val_start=2020-07-31 00:00 | gap=184h (22 rows)
    [CV fold 1] train_end=2020-11-20 16:00 | val_start=2020-11-28 08:00 | gap=184h (22 rows)
    [CV fold 2] train_end=2021-03-21 00:00 | val_start=2021-03-28 16:00 | gap=184h (22 rows)
    [CV fold 3] train_end=2021-07-19 08:00 | val_start=2021-07-27 00:00 | gap=184h (22 rows)
    [CV fold 4] train_end=2021-11-16 16:00 | val_start=2021-11-24 08:00 | gap=184h (22 rows)
    [trial 0] Sharpe=-0.0498 (folds: -0.0628, 0.1338, -0.2343, -0.2626, 0.1771)
    [trial 1] 47 features, training_days=290 | threshold=0.635 | labels: 1255 long, 913 short (58/42%)
    [trial 1] Sharpe=0.1412 (folds: -0.0045, 0.4916, -0.1266, 0.3057, 0.0399)
    [trial 2] 47 features, training_days=10 | threshold=0.585 | labels: 1255 long, 913 short (58/42%)
    [trial 2] Sharpe=-0.1786 (folds: -0.4968, -0.3282, 0.2175, -0.3156, 0.0303)
    [trial 3] 47 features, training_days=220 | threshold=0.687 | labels: 1255 long, 913 short (58/42%)
    [trial 3] Sharpe=0.1729 (folds: -0.0039, 0.4765, -0.1835, 0.4332, 0.1424)
    [trial 4] 47 features, training_days=300 | threshold=0.562 | labels: 1255 long, 913 short (58/42%)
    [trial 4] Sharpe=0.1050 (folds: -0.1148, 0.4693, -0.1489, 0.2564, 0.0630)
    [trial 5] 47 features, training_days=490 | threshold=0.711 | labels: 1255 long, 913 short (58/42%)
    [trial 5] Sharpe=0.1307 (folds: -0.0800, 0.4876, -0.1193, 0.3278, 0.0375)
    [trial 6] 47 features, training_days=420 | threshold=0.667 | labels: 1255 long, 913 short (58/42%)
    [trial 6] Sharpe=0.1269 (folds: -0.0827, 0.4820, -0.1378, 0.3370, 0.0358)
    [trial 7] 47 features, training_days=120 | threshold=0.550 | labels: 1255 long, 913 short (58/42%)
    [trial 7] Sharpe=0.0180 (folds: -0.0354, 0.2799, -0.1681, -0.1337, 0.1472)
    [trial 8] 47 features, training_days=450 | threshold=0.720 | labels: 1255 long, 913 short (58/42%)
    [trial 8] Sharpe=0.1282 (folds: -0.0336, 0.4669, -0.1249, 0.3801, -0.0477)
    [trial 9] 47 features, training_days=20 | threshold=0.727 | labels: 1255 long, 913 short (58/42%)
    [trial 9] Sharpe=-5.8566 (folds: 0.3171, 0.4001, -10.0000, -10.0000, -10.0000)
    [trial 10] 47 features, training_days=200 | threshold=0.828 | labels: 1255 long, 913 short (58/42%)
    [trial 10] Sharpe=-3.9350 (folds: -10.0000, 0.2578, 0.2292, -10.0000, -0.1621)
    [trial 11] 47 features, training_days=300 | threshold=0.644 | labels: 1255 long, 913 short (58/42%)
    [trial 11] Sharpe=0.2184 (folds: 0.3504, 0.4001, -0.1818, 0.4253, 0.0979)
    [trial 12] 47 features, training_days=360 | threshold=0.781 | labels: 1255 long, 913 short (58/42%)
    [trial 12] Sharpe=-3.9175 (folds: -10.0000, 0.4086, -0.0454, -10.0000, 0.0491)
    [trial 13] 47 features, training_days=210 | threshold=0.504 | labels: 1255 long, 913 short (58/42%)
    [trial 13] Sharpe=0.1242 (folds: -0.0683, 0.4164, -0.1021, 0.2856, 0.0891)
    [trial 14] 47 features, training_days=210 | threshold=0.644 | labels: 1255 long, 913 short (58/42%)
    [trial 14] Sharpe=0.1292 (folds: -0.0550, 0.4515, -0.1814, 0.2990, 0.1321)
    [trial 15] 47 features, training_days=310 | threshold=0.759 | labels: 1255 long, 913 short (58/42%)
    [trial 15] Sharpe=0.1380 (folds: 0.0562, 0.4697, -0.1425, 0.2608, 0.0457)
    [trial 16] 47 features, training_days=380 | threshold=0.639 | labels: 1255 long, 913 short (58/42%)
    [trial 16] Sharpe=0.1489 (folds: -0.0548, 0.4904, -0.1240, 0.3668, 0.0662)
    [trial 17] 47 features, training_days=140 | threshold=0.679 | labels: 1255 long, 913 short (58/42%)
    [trial 17] Sharpe=0.0111 (folds: -0.0437, 0.3787, -0.2077, -0.2438, 0.1718)
  Optuna: 18 trials, best Sharpe = 0.2184
  Best params: n_estimators=53, max_depth=4, lr=0.0223, leaves=52
  Best confidence_threshold: 0.644
  Best training_days: 300
  Retrained on full data (900 samples, 47 features)
  OOD: 16 features, cutoff (q=0.7) = 8.84
  Model trained for 2022-04: 90 test candles with features, confidence_threshold=0.718
[trade:close] 2022-04-05 08:00 BTCUSDT SHORT → timeout @ 46705.40 | PnL=+1.32% (net +1.22%) | cum=+3.65% 2022-04=+1.22% 2022-04-05=+1.22%
[predict] 2022-04-06 08:00 BTCUSDT → LONG (proba=0.75 TP=8.9%/SL=4.4%)
[trade:open] 2022-04-06 15:59 BTCUSDT LONG @ 44159.40 | SL=42200.83 TP=48076.53 | timeout=2022-04-13 15:59
[trade:close] 2022-04-08 23:59 BTCUSDT LONG → stop_loss @ 42200.83 | PnL=-4.44% (net -4.54%) | cum=-0.88% 2022-04=-3.32% 2022-04-08=-4.54%
[predict] 2022-04-17 00:00 BTCUSDT → SHORT (proba=0.73 TP=6.9%/SL=3.4%)
[trade:open] 2022-04-17 07:59 BTCUSDT SHORT @ 40271.90 | SL=41656.30 TP=37503.09 | timeout=2022-04-24 07:59
[trade:close] 2022-04-19 15:59 BTCUSDT SHORT → stop_loss @ 41656.30 | PnL=-3.44% (net -3.54%) | cum=-4.42% 2022-04=-6.85% 2022-04-19=-3.54%
[predict] 2022-04-20 16:00 BTCUSDT → SHORT (proba=0.75 TP=7.6%/SL=3.8%)
[trade:open] 2022-04-20 23:59 BTCUSDT SHORT @ 41327.70 | SL=42891.48 TP=38200.14 | timeout=2022-04-27 23:59
[trade:close] 2022-04-21 15:59 BTCUSDT SHORT → stop_loss @ 42891.48 | PnL=-3.78% (net -3.88%) | cum=-8.30% 2022-04=-10.74% 2022-04-21=-3.88%
[lgbm] === Training for 2022-05 ===
  Train window: 2020-05-01 → 2022-04-23
  2168 training samples from 1 symbols
  Samples per month: 2020-05: 93, 2020-06: 90, 2020-07: 93, 2020-08: 93, 2020-09: 90, 2020-10: 93, 2020-11: 90, 2020-12: 93, 2021-01: 93, 2021-02: 84, 2021-03: 93, 2021-04: 90, 2021-05: 93, 2021-06: 90, 2021-07: 93, 2021-08: 93, 2021-09: 90, 2021-10: 93, 2021-11: 90, 2021-12: 93, 2022-01: 93, 2022-02: 84, 2022-03: 93, 2022-04: 68
  [label] 2020-07-01 16:00 BTCUSDT entry=9233.2900 → LONG | long=sl(-2.54%) short=sl(-2.54%) | scanned=20 | no_tp→fwd_return=+1.9238
  [label] 2020-07-03 16:00 BTCUSDT entry=9057.5200 → LONG | long=timeout(+2.45%) short=sl(-2.53%) | scanned=22 | no_tp→fwd_return=+2.5489
  [label] 2020-07-07 16:00 BTCUSDT entry=9258.5100 → SHORT | long=timeout(-0.15%) short=sl(-2.36%) | scanned=22 | no_tp→fwd_return=-0.0469
  [label] 2020-08-01 08:00 BTCUSDT entry=11642.1300 → SHORT | long=sl(-4.66%) short=tp(+9.02%) | scanned=2 | short_tp_only
  [label] 2020-09-22 16:00 BTCUSDT entry=10523.3200 → LONG | long=sl(-3.35%) short=sl(-3.35%) | scanned=16 | no_tp→fwd_return=+3.1322
  [label] 2021-03-07 16:00 BTCUSDT entry=50995.2700 → LONG | long=tp(+13.88%) short=sl(-7.09%) | scanned=12 | long_tp_only
  [label] 2021-03-11 16:00 BTCUSDT entry=57844.5200 → SHORT | long=sl(-6.44%) short=sl(-6.44%) | scanned=13 | no_tp→fwd_return=-4.4551
  [label] 2021-03-22 08:00 BTCUSDT entry=57121.2000 → LONG | long=sl(-6.06%) short=timeout(-1.23%) | scanned=22 | no_tp→fwd_return=+1.1275
  [label] 2021-05-06 08:00 BTCUSDT entry=57173.4900 → SHORT | long=sl(-5.88%) short=tp(+11.46%) | scanned=19 | short_tp_only
  [label] 2021-05-14 16:00 BTCUSDT entry=49873.2700 → SHORT | long=sl(-9.03%) short=tp(+17.75%) | scanned=13 | short_tp_only
  [label] 2021-08-13 00:00 BTCUSDT entry=46108.8500 → LONG | long=timeout(+1.55%) short=timeout(-1.75%) | scanned=22 | no_tp→fwd_return=+1.6536
  [label] 2021-09-14 00:00 BTCUSDT entry=45731.1000 → SHORT | long=sl(-6.25%) short=sl(-6.25%) | scanned=19 | no_tp→fwd_return=-4.1420
  [label] 2021-09-30 00:00 BTCUSDT entry=43276.0200 → LONG | long=tp(+12.07%) short=sl(-6.18%) | scanned=11 | long_tp_only
  [label] 2021-10-12 16:00 BTCUSDT entry=56011.8400 → LONG | long=tp(+10.68%) short=sl(-5.49%) | scanned=9 | long_tp_only
  [label] 2021-10-31 08:00 BTCUSDT entry=60521.9900 → LONG | long=timeout(+2.31%) short=sl(-5.12%) | scanned=22 | no_tp→fwd_return=+2.4086
  [label] 2021-11-06 16:00 BTCUSDT entry=61511.3000 → LONG | long=tp(+8.41%) short=sl(-4.35%) | scanned=6 | long_tp_only
  [label] 2021-11-19 00:00 BTCUSDT entry=56026.3700 → LONG | long=timeout(+1.66%) short=sl(-6.01%) | scanned=22 | no_tp→fwd_return=+1.7639[I 2026-06-01 14:56:08,772] A new study created in memory with name: no-name-01f962a1-1ae7-4001-99fe-e454c10a01d1
[I 2026-06-01 14:56:09,126] Trial 0 finished with value: 0.12935793704499476 and parameters: {'confidence_threshold': 0.6310890415965769, 'training_days': 480, 'n_estimators': 380, 'max_depth': 4, 'num_leaves': 22, 'learning_rate': 0.01699897838270077, 'subsample': 0.5290418060840998, 'colsample_bytree': 0.9330880728874675, 'min_child_samples': 68, 'reg_alpha': 0.023585940584142682, 'reg_lambda': 1.5320059381854043e-08}. Best is trial 0 with value: 0.12935793704499476.
[I 2026-06-01 14:56:09,231] Trial 1 finished with value: -1.9738292463713556 and parameters: {'confidence_threshold': 0.839468448256698, 'training_days': 420, 'n_estimators': 145, 'max_depth': 3, 'num_leaves': 23, 'learning_rate': 0.028145092716060652, 'subsample': 0.762378215816119, 'colsample_bytree': 0.7159725093210578, 'min_child_samples': 43, 'reg_alpha': 0.0032112643094417484, 'reg_lambda': 1.8007140198129195e-07}. Best is trial 0 with value: 0.12935793704499476.
[I 2026-06-01 14:56:09,368] Trial 2 finished with value: 0.04260093110624007 and parameters: {'confidence_threshold': 0.6022506269873263, 'training_days': 190, 'n_estimators': 255, 'max_depth': 5, 'num_leaves': 24, 'learning_rate': 0.05748924681991978, 'subsample': 0.7962072844310213, 'colsample_bytree': 0.5232252063599989, 'min_child_samples': 69, 'reg_alpha': 3.425445902633376e-07, 'reg_lambda': 3.850031979199519e-08}. Best is trial 0 with value: 0.12935793704499476.
[I 2026-06-01 14:56:09,600] Trial 3 finished with value: 0.10509581625512296 and parameters: {'confidence_threshold': 0.8321099380386666, 'training_days': 490, 'n_estimators': 414, 'max_depth': 3, 'num_leaves': 19, 'learning_rate': 0.1024932221692416, 'subsample': 0.7200762468698007, 'colsample_bytree': 0.5610191174223894, 'min_child_samples': 60, 'reg_alpha': 2.039373116525212e-08, 'reg_lambda': 1.527156759251193}. Best is trial 0 with value: 0.12935793704499476.
[I 2026-06-01 14:56:09,741] Trial 4 finished with value: 0.16388900671208115 and parameters: {'confidence_threshold': 0.5905729935600059, 'training_days': 340, 'n_estimators': 190, 'max_depth': 4, 'num_leaves': 41, 'learning_rate': 0.01875220945578641, 'subsample': 0.9847923138822793, 'colsample_bytree': 0.8875664116805573, 'min_child_samples': 96, 'reg_alpha': 1.1309571585271483, 'reg_lambda': 0.002404915432737351}. Best is trial 4 with value: 0.16388900671208115.
[I 2026-06-01 14:56:09,780] Trial 5 finished with value: -0.1495176932449087 and parameters: {'confidence_threshold': 0.8226559822580909, 'training_days': 50, 'n_estimators': 138, 'max_depth': 3, 'num_leaves': 30, 'learning_rate': 0.03750796359625606, 'subsample': 0.6356745158869479, 'colsample_bytree': 0.9143687545759647, 'min_child_samples': 48, 'reg_alpha': 3.376063348877853e-06, 'reg_lambda': 0.0007660634613082914}. Best is trial 4 with value: 0.16388900671208115.
[I 2026-06-01 14:56:09,874] Trial 6 finished with value: 0.18779299949532674 and parameters: {'confidence_threshold': 0.5493234787411669, 'training_days': 410, 'n_estimators': 83, 'max_depth': 5, 'num_leaves': 52, 'learning_rate': 0.019657448966046126, 'subsample': 0.5027610585618012, 'colsample_bytree': 0.9077307142274171, 'min_child_samples': 77, 'reg_alpha': 0.03639690979811287, 'reg_lambda': 0.08738424135626986}. Best is trial 6 with value: 0.18779299949532674.
[I 2026-06-01 14:56:10,002] Trial 7 finished with value: 0.11066715690243409 and parameters: {'confidence_threshold': 0.5259156281069316, 'training_days': 180, 'n_estimators': 102, 'max_depth': 5, 'num_leaves': 45, 'learning_rate': 0.030816017044468066, 'subsample': 0.5317791751430119, 'colsample_bytree': 0.6554911608578311, 'min_child_samples': 46, 'reg_alpha': 0.036851536911881845, 'reg_lambda': 0.005470376807480391}. Best is trial 6 with value: 0.18779299949532674.
[I 2026-06-01 14:56:10,101] Trial 8 finished with value: 0.06802215820417487 and parameters: {'confidence_threshold': 0.8105244599017143, 'training_days': 240, 'n_estimators': 103, 'max_depth': 5, 'num_leaves': 52, 'learning_rate': 0.06746437142284309, 'subsample': 0.8854835899772805, 'colsample_bytree': 0.7468977981821954, 'min_child_samples': 62, 'reg_alpha': 7.04480806377519e-05, 'reg_lambda': 1.6934490731313353e-08}. Best is trial 6 with value: 0.18779299949532674.
[I 2026-06-01 14:56:10,123] Trial 9 finished with value: 0.0013719466947812065 and parameters: {'confidence_threshold': 0.5377619994476566, 'training_days': 20, 'n_estimators': 337, 'max_depth': 3, 'num_leaves': 39, 'learning_rate': 0.21907142272152816, 'subsample': 0.6246461145744375, 'colsample_bytree': 0.7051914615178149, 'min_child_samples': 81, 'reg_alpha': 1.1459970229341322e-06, 'reg_lambda': 4.929685216887945e-08}. Best is trial 6 with value: 0.18779299949532674.
[I 2026-06-01 14:56:10,726] Trial 10 finished with value: 0.08551065639400343 and parameters: {'confidence_threshold': 0.7378545837642324, 'training_days': 350, 'n_estimators': 487, 'max_depth': 5, 'num_leaves': 62, 'learning_rate': 0.011407797829608154, 'subsample': 0.628963476300746, 'colsample_bytree': 0.8340915966600303, 'min_child_samples': 27, 'reg_alpha': 8.536188349289, 'reg_lambda': 8.145051292774586}. Best is trial 6 with value: 0.18779299949532674.
[I 2026-06-01 14:56:10,904] Trial 11 finished with value: 0.16986384921578251 and parameters: {'confidence_threshold': 0.5868432171372693, 'training_days': 360, 'n_estimators': 227, 'max_depth': 4, 'num_leaves': 53, 'learning_rate': 0.010391584450418287, 'subsample': 0.9931345598701656, 'colsample_bytree': 0.8291852193868787, 'min_child_samples': 98, 'reg_alpha': 2.5735961046969034, 'reg_lambda': 0.03049385913476132}. Best is trial 6 with value: 0.18779299949532674.
[I 2026-06-01 14:56:11,103] Trial 12 finished with value: 0.19071499585963697 and parameters: {'confidence_threshold': 0.6704220886973357, 'training_days': 340, 'n_estimators': 268, 'max_depth': 4, 'num_leaves': 55, 'learning_rate': 0.010344332245336978, 'subsample': 0.9914568841699956, 'colsample_bytree': 0.9958196332168744, 'min_child_samples': 100, 'reg_alpha': 0.4503546459456564, 'reg_lambda': 0.0870823485526129}. Best is trial 12 with value: 0.19071499585963697.
[I 2026-06-01 14:56:11,179] Trial 13 finished with value: 0.25786993368601274 and parameters: {'confidence_threshold': 0.6944221668074981, 'training_days': 300, 'n_estimators': 65, 'max_depth': 4, 'num_leaves': 62, 'learning_rate': 0.018044904132800254, 'subsample': 0.8817009535700374, 'colsample_bytree': 0.999734086832303, 'min_child_samples': 83, 'reg_alpha': 0.11442118240490078, 'reg_lambda': 0.12873338729896155}. Best is trial 13 with value: 0.25786993368601274.
[I 2026-06-01 14:56:11,383] Trial 14 finished with value: 0.19987802578080588 and parameters: {'confidence_threshold': 0.7002258235541601, 'training_days': 260, 'n_estimators': 309, 'max_depth': 4, 'num_leaves': 61, 'learning_rate': 0.010577122380052068, 'subsample': 0.9000222366443631, 'colsample_bytree': 0.9912124796646317, 'min_child_samples': 87, 'reg_alpha': 0.2842341836904713, 'reg_lambda': 7.565770484313319e-06}. Best is trial 13 with value: 0.25786993368601274.
[I 2026-06-01 14:56:11,580] Trial 15 finished with value: 0.1515194682268855 and parameters: {'confidence_threshold': 0.7286061784151265, 'training_days': 250, 'n_estimators': 317, 'max_depth': 4, 'num_leaves': 63, 'learning_rate': 0.01591927230137801, 'subsample': 0.8634823758940223, 'colsample_bytree': 0.9735780895320905, 'min_child_samples': 85, 'reg_alpha': 0.0006494299461002074, 'reg_lambda': 8.353641949713611e-06}. Best is trial 13 with value: 0.25786993368601274.
[I 2026-06-01 14:56:11,657] Trial 16 finished with value: 0.04914863335660259 and parameters: {'confidence_threshold': 0.7294803275706239, 'training_days': 120, 'n_estimators': 197, 'max_depth': 4, 'num_leaves': 58, 'learning_rate': 0.09806146822400062, 'subsample': 0.8942887109323763, 'colsample_bytree': 0.8192439035516643, 'min_child_samples': 87, 'reg_alpha': 0.0957019635339567, 'reg_lambda': 3.1100807789930524e-05}. Best is trial 13 with value: 0.25786993368601274.
[I 2026-06-01 14:56:11,880] Trial 17 finished with value: 0.14306958729153404 and parameters: {'confidence_threshold': 0.680578735223208, 'training_days': 290, 'n_estimators': 314, 'max_depth': 4, 'num_leaves': 46, 'learning_rate': 0.036350405651898204, 'subsample': 0.8366733523272174, 'colsample_bytree': 0.9956385980717998, 'min_child_samples': 74, 'reg_alpha': 0.00010396761370918986, 'reg_lambda': 3.957284702718096e-05}. Best is trial 13 with value: 0.25786993368601274.
[I 2026-06-01 14:56:11,961] A new study created in memory with name: no-name-b35caaca-f412-46de-a694-9b7817d18b7e
[I 2026-06-01 14:56:12,050] Trial 0 finished with value: 0.06359195215176794 and parameters: {'confidence_threshold': 0.7437642149592516, 'training_days': 150, 'n_estimators': 152, 'max_depth': 4, 'num_leaves': 50, 'learning_rate': 0.04216766425047743, 'subsample': 0.9903820991923078, 'colsample_bytree': 0.8424148692924316, 'min_child_samples': 58, 'reg_alpha': 3.381097259762742e-05, 'reg_lambda': 1.2263152961306247e-05}. Best is trial 0 with value: 0.06359195215176794.
[I 2026-06-01 14:56:12,118] Trial 1 finished with value: 0.005863962278308188 and parameters: {'confidence_threshold': 0.7551673975844145, 'training_days': 220, 'n_estimators': 76, 'max_depth': 4, 'num_leaves': 51, 'learning_rate': 0.018602118810743477, 'subsample': 0.5877258780737462, 'colsample_bytree': 0.7657756869209191, 'min_child_samples': 63, 'reg_alpha': 0.005123994170264194, 'reg_lambda': 0.44145470178120466}. Best is trial 0 with value: 0.06359195215176794.
[I 2026-06-01 14:56:12,361] Trial 2 finished with value: 0.07624052623583921 and parameters: {'confidence_threshold': 0.7535593637012223, 'training_days': 310, 'n_estimators': 375, 'max_depth': 3, 'num_leaves': 32, 'learning_rate': 0.021735641882032388, 'subsample': 0.6468570231944146, 'colsample_bytree': 0.8154880619272439, 'min_child_samples': 27, 'reg_alpha': 8.004064028491336e-05, 'reg_lambda': 7.546835261630524e-05}. Best is trial 2 with value: 0.07624052623583921.
[I 2026-06-01 14:56:12,520] Trial 3 finished with value: 0.09170543832648324 and parameters: {'confidence_threshold': 0.6727897841776072, 'training_days': 220, 'n_estimators': 190, 'max_depth': 4, 'num_leaves': 58, 'learning_rate': 0.24810689332636193, 'subsample': 0.7509183379421682, 'colsample_bytree': 0.8119764758960556, 'min_child_samples': 29, 'reg_alpha': 7.1708285081421445e-06, 'reg_lambda': 5.412973582738627e-05}. Best is trial 3 with value: 0.09170543832648324.
[I 2026-06-01 14:56:12,625] Trial 4 finished with value: 0.07615769169705167 and parameters: {'confidence_threshold': 0.803208205259178, 'training_days': 130, 'n_estimators': 267, 'max_depth': 5, 'num_leaves': 40, 'learning_rate': 0.08041175317374143, 'subsample': 0.5603143329951619, 'colsample_bytree': 0.9131704002534167, 'min_child_samples': 68, 'reg_alpha': 0.0008046593428183385, 'reg_lambda': 1.2158346158765583e-05}. Best is trial 3 with value: 0.09170543832648324.
[I 2026-06-01 14:56:12,833] Trial 5 finished with value: 0.10552212010759701 and parameters: {'confidence_threshold': 0.6064422761595144, 'training_days': 210, 'n_estimators': 357, 'max_depth': 5, 'num_leaves': 40, 'learning_rate': 0.0974221287220869, 'subsample': 0.7929682762811064, 'colsample_bytree': 0.8124517510478, 'min_child_samples': 74, 'reg_alpha': 0.3811377260781234, 'reg_lambda': 5.607314238392041e-08}. Best is trial 5 with value: 0.10552212010759701.
[I 2026-06-01 14:56:12,932] Trial 6 finished with value: 0.05829155522851409 and parameters: {'confidence_threshold': 0.7672889945051684, 'training_days': 130, 'n_estimators': 137, 'max_depth': 4, 'num_leaves': 19, 'learning_rate': 0.2031117614248665, 'subsample': 0.8136244860256343, 'colsample_bytree': 0.8617081790949774, 'min_child_samples': 21, 'reg_alpha': 0.002238138278733199, 'reg_lambda': 0.001025809534977322}. Best is trial 5 with value: 0.10552212010759701.
[I 2026-06-01 14:56:12,998] Trial 7 finished with value: -0.060238274698470776 and parameters: {'confidence_threshold': 0.555635875450653, 'training_days': 80, 'n_estimators': 363, 'max_depth': 3, 'num_leaves': 48, 'learning_rate': 0.06590089024008658, 'subsample': 0.6944752870615722, 'colsample_bytree': 0.962566244806993, 'min_child_samples': 88, 'reg_alpha': 1.6465620446426067e-05, 'reg_lambda': 2.4678750890085655e-08}. Best is trial 5 with value: 0.10552212010759701.
[I 2026-06-01 14:56:13,294] Trial 8 finished with value: 0.09416327417510706 and parameters: {'confidence_threshold': 0.6066688256938841, 'training_days': 200, 'n_estimators': 367, 'max_depth': 5, 'num_leaves': 32, 'learning_rate': 0.13377519215934996, 'subsample': 0.7965884582811106, 'colsample_bytree': 0.8458508993500886, 'min_child_samples': 32, 'reg_alpha': 3.889436043816386e-05, 'reg_lambda': 1.4713062489380356e-06}. Best is trial 5 with value: 0.10552212010759701.
