[I 2026-06-01 14:55:55,756] Trial 9 finished with value: 0.03421078665219764 and parameters: {'confidence_threshold': 0.6202096049169137, 'training_days': 260, 'n_estimators': 350, 'max_depth': 3, 'num_leaves': 21, 'learning_rate': 0.02989540198065364, 'subsample': 0.8307821683331218, 'colsample_bytree': 0.923253112635361, 'min_child_samples': 64, 'reg_alpha': 0.4898604619604203, 'reg_lambda': 2.9076377687066166e-05}. Best is trial 5 with value: 0.06205738952533315.
[I 2026-06-01 14:55:56,100] Trial 10 finished with value: 0.009401602255165523 and parameters: {'confidence_threshold': 0.5342665212695602, 'training_days': 470, 'n_estimators': 493, 'max_depth': 5, 'num_leaves': 63, 'learning_rate': 0.010221918552934462, 'subsample': 0.9166551855891288, 'colsample_bytree': 0.6202684210924141, 'min_child_samples': 99, 'reg_alpha': 2.371385268938747e-08, 'reg_lambda': 8.795022395727933e-08}. Best is trial 5 with value: 0.06205738952533315.
[I 2026-06-01 14:55:56,482] Trial 11 finished with value: 0.02099864345033539 and parameters: {'confidence_threshold': 0.607296338357605, 'training_days': 360, 'n_estimators': 477, 'max_depth': 5, 'num_leaves': 32, 'learning_rate': 0.12199762873742671, 'subsample': 0.8344214603932569, 'colsample_bytree': 0.6661831737797719, 'min_child_samples': 42, 'reg_alpha': 0.22420772377574527, 'reg_lambda': 2.6358630354747385e-07}. Best is trial 5 with value: 0.06205738952533315.
[I 2026-06-01 14:55:56,510] Trial 12 finished with value: -2.038845641986206 and parameters: {'confidence_threshold': 0.6181766826006161, 'training_days': 20, 'n_estimators': 287, 'max_depth': 5, 'num_leaves': 34, 'learning_rate': 0.12809347518986527, 'subsample': 0.7462630151554006, 'colsample_bytree': 0.5197889515780572, 'min_child_samples': 81, 'reg_alpha': 6.210448045058425, 'reg_lambda': 8.211318722004658e-07}. Best is trial 5 with value: 0.06205738952533315.
[I 2026-06-01 14:55:56,875] Trial 13 finished with value: 0.03134124423382168 and parameters: {'confidence_threshold': 0.503854589246995, 'training_days': 400, 'n_estimators': 413, 'max_depth': 5, 'num_leaves': 26, 'learning_rate': 0.1263297812055253, 'subsample': 0.8767161339646822, 'colsample_bytree': 0.7082407533656954, 'min_child_samples': 51, 'reg_alpha': 5.118802298244082e-07, 'reg_lambda': 0.004788009985073303}. Best is trial 5 with value: 0.06205738952533315.
[I 2026-06-01 14:55:57,186] Trial 14 finished with value: 0.013399698321294048 and parameters: {'confidence_threshold': 0.686501707298844, 'training_days': 270, 'n_estimators': 296, 'max_depth': 5, 'num_leaves': 42, 'learning_rate': 0.08683124309802116, 'subsample': 0.7204416227477246, 'colsample_bytree': 0.9951780710339017, 'min_child_samples': 40, 'reg_alpha': 0.03895716396495772, 'reg_lambda': 1.4878293542285148e-06}. Best is trial 5 with value: 0.06205738952533315.
[I 2026-06-01 14:55:57,409] Trial 15 finished with value: 0.08899665265509589 and parameters: {'confidence_threshold': 0.6701749786802792, 'training_days': 190, 'n_estimators': 436, 'max_depth': 5, 'num_leaves': 25, 'learning_rate': 0.1645541284075095, 'subsample': 0.507007918467014, 'colsample_bytree': 0.738971151174427, 'min_child_samples': 78, 'reg_alpha': 5.646373403336726e-07, 'reg_lambda': 2.5307567175602323e-08}. Best is trial 15 with value: 0.08899665265509589.
[I 2026-06-01 14:55:57,488] Trial 16 finished with value: -0.03483255542013828 and parameters: {'confidence_threshold': 0.6856387383987033, 'training_days': 70, 'n_estimators': 438, 'max_depth': 4, 'num_leaves': 15, 'learning_rate': 0.2681220081150871, 'subsample': 0.5112930446915966, 'colsample_bytree': 0.748970193014555, 'min_child_samples': 78, 'reg_alpha': 1.0512236712955822e-08, 'reg_lambda': 2.6589224612714345e-08}. Best is trial 15 with value: 0.08899665265509589.
[I 2026-06-01 14:55:57,796] Trial 17 finished with value: 0.047128140154127404 and parameters: {'confidence_threshold': 0.666488584837589, 'training_days': 330, 'n_estimators': 429, 'max_depth': 5, 'num_leaves': 27, 'learning_rate': 0.04518720776208668, 'subsample': 0.6270074572905617, 'colsample_bytree': 0.6042669130757778, 'min_child_samples': 75, 'reg_alpha': 6.229602473892305e-07, 'reg_lambda': 1.8740476017421586e-08}. Best is trial 15 with value: 0.08899665265509589.
[I 2026-06-01 14:55:57,893] A new study created in memory with name: no-name-f1fb86e7-c478-4819-ad0c-5cbdc83e51ee

  Labels: 1238 long (57.1%), 930 short (42.9%) | weights: min=1.00, mean=3.19, max=10.00
  Features: 2168/2168 matched, 47 columns
  CV gap: 22 rows
  [ensemble 1/3] seed=42
    [trial 0] 47 features, training_days=480 | threshold=0.631 | labels: 1238 long, 930 short (57/43%)
    [CV fold 0] train_end=2020-06-22 08:00 | val_start=2020-06-30 00:00 | gap=184h (22 rows)
    [CV fold 1] train_end=2020-10-20 16:00 | val_start=2020-10-28 08:00 | gap=184h (22 rows)
    [CV fold 2] train_end=2021-02-18 00:00 | val_start=2021-02-25 16:00 | gap=184h (22 rows)
    [CV fold 3] train_end=2021-06-18 08:00 | val_start=2021-06-26 00:00 | gap=184h (22 rows)
    [CV fold 4] train_end=2021-10-16 16:00 | val_start=2021-10-24 08:00 | gap=184h (22 rows)
    [trial 0] Sharpe=0.0393 (folds: -0.2286, 0.2948, -0.2478, 0.4292, -0.0509)
    [trial 1] 47 features, training_days=420 | threshold=0.839 | labels: 1238 long, 930 short (57/43%)
    [trial 1] Sharpe=-0.1224 (folds: -0.8445, 0.1079, -0.0254, 0.4628, -0.3130)
    [trial 2] 47 features, training_days=190 | threshold=0.602 | labels: 1238 long, 930 short (57/43%)
    [trial 2] Sharpe=0.0334 (folds: -0.2549, 0.3519, -0.2114, 0.3300, -0.0484)
    [trial 3] 47 features, training_days=490 | threshold=0.832 | labels: 1238 long, 930 short (57/43%)
    [trial 3] Sharpe=0.0047 (folds: -0.1863, 0.2757, -0.2608, 0.3817, -0.1868)
    [trial 4] 47 features, training_days=340 | threshold=0.591 | labels: 1238 long, 930 short (57/43%)
    [trial 4] Sharpe=0.0566 (folds: -0.2086, 0.2196, -0.1573, 0.4873, -0.0579)
    [trial 5] 47 features, training_days=50 | threshold=0.823 | labels: 1238 long, 930 short (57/43%)
    [trial 5] Sharpe=-0.0375 (folds: -0.2061, 0.1818, -0.3010, -0.3178, 0.4554)
    [trial 6] 47 features, training_days=410 | threshold=0.549 | labels: 1238 long, 930 short (57/43%)
    [trial 6] Sharpe=0.0170 (folds: -0.1824, 0.1645, -0.3240, 0.3980, 0.0289)
    [trial 7] 47 features, training_days=180 | threshold=0.526 | labels: 1238 long, 930 short (57/43%)
    [trial 7] Sharpe=0.0282 (folds: -0.1269, 0.2873, -0.2609, 0.2747, -0.0333)
    [trial 8] 47 features, training_days=240 | threshold=0.811 | labels: 1238 long, 930 short (57/43%)
    [trial 8] Sharpe=0.0059 (folds: -0.3540, 0.1856, -0.1698, 0.4532, -0.0853)
    [trial 9] 47 features, training_days=20 | threshold=0.538 | labels: 1238 long, 930 short (57/43%)
    [trial 9] Sharpe=-2.0388 (folds: -0.4860, 0.4406, 0.1036, -10.0000, -0.2524)
    [trial 10] 47 features, training_days=350 | threshold=0.680 | labels: 1238 long, 930 short (57/43%)
    [trial 10] Sharpe=0.0077 (folds: -0.4036, 0.1526, -0.1508, 0.4986, -0.0585)
    [trial 11] 47 features, training_days=320 | threshold=0.654 | labels: 1238 long, 930 short (57/43%)
    [trial 11] Sharpe=0.0563 (folds: -0.2563, 0.2061, -0.0972, 0.4977, -0.0686)
    [trial 12] 47 features, training_days=310 | threshold=0.713 | labels: 1238 long, 930 short (57/43%)
    [trial 12] Sharpe=-0.0053 (folds: -0.3717, 0.1422, -0.1553, 0.4959, -0.1376)
    [trial 13] 47 features, training_days=310 | threshold=0.732 | labels: 1238 long, 930 short (57/43%)
    [trial 13] Sharpe=0.0542 (folds: -0.2455, 0.2478, -0.1659, 0.4235, 0.0112)
    [trial 14] 47 features, training_days=380 | threshold=0.612 | labels: 1238 long, 930 short (57/43%)
    [trial 14] Sharpe=0.0306 (folds: -0.2589, 0.1877, -0.3386, 0.4837, 0.0792)
    [trial 15] 47 features, training_days=250 | threshold=0.657 | labels: 1238 long, 930 short (57/43%)
    [trial 15] Sharpe=-0.0261 (folds: -0.3900, 0.1842, -0.2222, 0.3571, -0.0598)
    [trial 16] 47 features, training_days=170 | threshold=0.578 | labels: 1238 long, 930 short (57/43%)
    [trial 16] Sharpe=0.0508 (folds: -0.1568, 0.3378, -0.1069, 0.1191, 0.0610)
    [trial 17] 47 features, training_days=320 | threshold=0.761 | labels: 1238 long, 930 short (57/43%)
    [trial 17] Sharpe=0.0683 (folds: -0.2077, 0.2257, -0.0536, 0.4884, -0.1111)
  Optuna: 18 trials, best Sharpe = 0.0683
  Best params: n_estimators=176, max_depth=3, lr=0.0430, leaves=15
  Best confidence_threshold: 0.761
  Best training_days: 320
  Retrained on full data (960 samples, 47 features)
  [ensemble 2/3] seed=123
    [trial 0] 47 features, training_days=150 | threshold=0.744 | labels: 1238 long, 930 short (57/43%)
    [CV fold 0] train_end=2020-06-22 08:00 | val_start=2020-06-30 00:00 | gap=184h (22 rows)
    [CV fold 1] train_end=2020-10-20 16:00 | val_start=2020-10-28 08:00 | gap=184h (22 rows)
    [CV fold 2] train_end=2021-02-18 00:00 | val_start=2021-02-25 16:00 | gap=184h (22 rows)
    [CV fold 3] train_end=2021-06-18 08:00 | val_start=2021-06-26 00:00 | gap=184h (22 rows)
    [CV fold 4] train_end=2021-10-16 16:00 | val_start=2021-10-24 08:00 | gap=184h (22 rows)
    [trial 0] Sharpe=0.0220 (folds: -0.2198, 0.1887, -0.1683, 0.2479, 0.0614)
    [trial 1] 47 features, training_days=220 | threshold=0.755 | labels: 1238 long, 930 short (57/43%)
    [trial 1] Sharpe=-1.8719 (folds: -10.0000, 0.2596, -0.0453, 0.5192, -0.0932)
    [trial 2] 47 features, training_days=310 | threshold=0.754 | labels: 1238 long, 930 short (57/43%)
    [trial 2] Sharpe=0.0314 (folds: -0.2279, 0.2142, -0.2093, 0.5142, -0.1345)
    [trial 3] 47 features, training_days=220 | threshold=0.673 | labels: 1238 long, 930 short (57/43%)
    [trial 3] Sharpe=0.0394 (folds: -0.1073, 0.1320, -0.0757, 0.3581, -0.1101)
    [trial 4] 47 features, training_days=130 | threshold=0.803 | labels: 1238 long, 930 short (57/43%)
    [trial 4] Sharpe=-0.0395 (folds: -0.1873, 0.1579, -0.1923, 0.0209, 0.0034)
    [trial 5] 47 features, training_days=210 | threshold=0.606 | labels: 1238 long, 930 short (57/43%)
    [trial 5] Sharpe=0.0621 (folds: -0.1645, 0.3527, -0.1364, 0.3095, -0.0510)
    [trial 6] 47 features, training_days=130 | threshold=0.767 | labels: 1238 long, 930 short (57/43%)
    [trial 6] Sharpe=-0.0500 (folds: -0.1014, 0.0263, -0.0699, -0.0859, -0.0192)
    [trial 7] 47 features, training_days=80 | threshold=0.556 | labels: 1238 long, 930 short (57/43%)
    [trial 7] Sharpe=0.0335 (folds: -0.0020, 0.1145, -0.0837, 0.1241, 0.0146)
    [trial 8] 47 features, training_days=200 | threshold=0.607 | labels: 1238 long, 930 short (57/43%)
    [trial 8] Sharpe=0.0595 (folds: -0.1131, 0.2338, -0.0459, 0.2596, -0.0369)
    [trial 9] 47 features, training_days=260 | threshold=0.620 | labels: 1238 long, 930 short (57/43%)
    [trial 9] Sharpe=0.0342 (folds: -0.2052, 0.2224, -0.2041, 0.3457, 0.0122)
    [trial 10] 47 features, training_days=470 | threshold=0.534 | labels: 1238 long, 930 short (57/43%)
    [trial 10] Sharpe=0.0094 (folds: -0.1875, 0.2353, -0.3168, 0.3669, -0.0509)
    [trial 11] 47 features, training_days=360 | threshold=0.607 | labels: 1238 long, 930 short (57/43%)
    [trial 11] Sharpe=0.0210 (folds: -0.1407, 0.2297, -0.2629, 0.3913, -0.1125)
    [trial 12] 47 features, training_days=20 | threshold=0.618 | labels: 1238 long, 930 short (57/43%)
    [trial 12] Sharpe=-2.0388 (folds: -0.4860, 0.4406, 0.1036, -10.0000, -0.2524)
    [trial 13] 47 features, training_days=400 | threshold=0.504 | labels: 1238 long, 930 short (57/43%)
    [trial 13] Sharpe=0.0313 (folds: -0.1065, 0.2002, -0.2199, 0.3599, -0.0770)
    [trial 14] 47 features, training_days=270 | threshold=0.687 | labels: 1238 long, 930 short (57/43%)
    [trial 14] Sharpe=0.0134 (folds: -0.1631, 0.1911, -0.2215, 0.3398, -0.0793)
    [trial 15] 47 features, training_days=190 | threshold=0.670 | labels: 1238 long, 930 short (57/43%)
    [trial 15] Sharpe=0.0890 (folds: -0.1148, 0.3414, -0.0714, 0.3004, -0.0106)
    [trial 16] 47 features, training_days=70 | threshold=0.686 | labels: 1238 long, 930 short (57/43%)
    [trial 16] Sharpe=-0.0348 (folds: -0.0767, 0.1162, -0.1312, 0.0010, -0.0834)
    [trial 17] 47 features, training_days=330 | threshold=0.666 | labels: 1238 long, 930 short (57/43%)
    [trial 17] Sharpe=0.0471 (folds: -0.1978, 0.3007, -0.1844, 0.4091, -0.0920)
  Optuna: 18 trials, best Sharpe = 0.0890
  Best params: n_estimators=436, max_depth=5, lr=0.1646, leaves=25
  Best confidence_threshold: 0.670
  Best training_days: 190
  Retrained on full data (570 samples, 47 features)
  [ensemble 3/3] seed=456
    [trial 0] 47 features, training_days=90 | threshold=0.587 | labels: 1238 long, 930 short (57/43%)[I 2026-06-01 14:55:58,084] Trial 0 finished with value: -0.041774380800028946 and parameters: {'confidence_threshold': 0.5870645682749857, 'training_days': 90, 'n_estimators': 403, 'max_depth': 5, 'num_leaves': 45, 'learning_rate': 0.0780457193679974, 'subsample': 0.9428509515574568, 'colsample_bytree': 0.8795587339164916, 'min_child_samples': 34, 'reg_alpha': 2.2465901234314442e-07, 'reg_lambda': 8.339007036475363e-05}. Best is trial 0 with value: -0.041774380800028946.
[I 2026-06-01 14:55:58,187] Trial 1 finished with value: 0.02278026570471171 and parameters: {'confidence_threshold': 0.6348453934275313, 'training_days': 290, 'n_estimators': 115, 'max_depth': 5, 'num_leaves': 37, 'learning_rate': 0.06949568759029946, 'subsample': 0.8228505074024268, 'colsample_bytree': 0.8616703220431751, 'min_child_samples': 75, 'reg_alpha': 4.2486822725010923e-07, 'reg_lambda': 1.157247767047042e-07}. Best is trial 1 with value: 0.02278026570471171.
[I 2026-06-01 14:55:58,205] Trial 2 finished with value: -0.2725289934843648 and parameters: {'confidence_threshold': 0.5849570384370288, 'training_days': 10, 'n_estimators': 212, 'max_depth': 3, 'num_leaves': 41, 'learning_rate': 0.18452095998378365, 'subsample': 0.6001060822924371, 'colsample_bytree': 0.5673167293506167, 'min_child_samples': 37, 'reg_alpha': 5.733250064217131, 'reg_lambda': 0.5308454292595461}. Best is trial 1 with value: 0.02278026570471171.
[I 2026-06-01 14:55:58,278] Trial 3 finished with value: -0.036119537435701815 and parameters: {'confidence_threshold': 0.6868248626683718, 'training_days': 220, 'n_estimators': 134, 'max_depth': 3, 'num_leaves': 45, 'learning_rate': 0.033529007907491595, 'subsample': 0.8647277071858408, 'colsample_bytree': 0.778494116634046, 'min_child_samples': 96, 'reg_alpha': 2.409409937265785e-07, 'reg_lambda': 1.1642073478060009}. Best is trial 1 with value: 0.02278026570471171.
[I 2026-06-01 14:55:58,352] Trial 4 finished with value: 0.04741165735069013 and parameters: {'confidence_threshold': 0.5623121348350352, 'training_days': 300, 'n_estimators': 69, 'max_depth': 4, 'num_leaves': 32, 'learning_rate': 0.14967629360700346, 'subsample': 0.5054535233636654, 'colsample_bytree': 0.7401385194659216, 'min_child_samples': 27, 'reg_alpha': 1.4212042567426725e-07, 'reg_lambda': 0.23605753701352003}. Best is trial 4 with value: 0.04741165735069013.
[I 2026-06-01 14:55:58,733] Trial 5 finished with value: 0.00026892647789456545 and parameters: {'confidence_threshold': 0.7111850244908446, 'training_days': 490, 'n_estimators': 362, 'max_depth': 5, 'num_leaves': 40, 'learning_rate': 0.05960785724162737, 'subsample': 0.5589714368907717, 'colsample_bytree': 0.6659006943232806, 'min_child_samples': 42, 'reg_alpha': 0.6741360303045295, 'reg_lambda': 6.054601607143087e-08}. Best is trial 4 with value: 0.04741165735069013.
[I 2026-06-01 14:55:58,898] Trial 6 finished with value: 0.010795816688183099 and parameters: {'confidence_threshold': 0.667482545748023, 'training_days': 420, 'n_estimators': 279, 'max_depth': 3, 'num_leaves': 45, 'learning_rate': 0.040099592560849204, 'subsample': 0.8563114696415159, 'colsample_bytree': 0.5442917781944105, 'min_child_samples': 50, 'reg_alpha': 1.6407916423707903e-08, 'reg_lambda': 2.935907642973286e-05}. Best is trial 4 with value: 0.04741165735069013.
[I 2026-06-01 14:55:59,028] Trial 7 finished with value: -0.047761317771483826 and parameters: {'confidence_threshold': 0.5497381024139926, 'training_days': 120, 'n_estimators': 408, 'max_depth': 5, 'num_leaves': 38, 'learning_rate': 0.28049122657745795, 'subsample': 0.8806573338635493, 'colsample_bytree': 0.5454054113547102, 'min_child_samples': 63, 'reg_alpha': 0.01263008637940408, 'reg_lambda': 0.04588020805366937}. Best is trial 4 with value: 0.04741165735069013.
[I 2026-06-01 14:55:59,265] Trial 8 finished with value: -0.013137794411726572 and parameters: {'confidence_threshold': 0.719644804808716, 'training_days': 450, 'n_estimators': 410, 'max_depth': 4, 'num_leaves': 57, 'learning_rate': 0.04022026551478857, 'subsample': 0.5336085426932707, 'colsample_bytree': 0.5705742850577543, 'min_child_samples': 100, 'reg_alpha': 5.916398047912201e-07, 'reg_lambda': 0.9794034214488329}. Best is trial 4 with value: 0.04741165735069013.
[I 2026-06-01 14:55:59,284] Trial 9 finished with value: -2.038845641986206 and parameters: {'confidence_threshold': 0.7267463643917187, 'training_days': 20, 'n_estimators': 337, 'max_depth': 5, 'num_leaves': 23, 'learning_rate': 0.022153031811454605, 'subsample': 0.6305627572358737, 'colsample_bytree': 0.6613413774216214, 'min_child_samples': 81, 'reg_alpha': 5.7638634029410314e-08, 'reg_lambda': 8.26603016764008}. Best is trial 4 with value: 0.04741165735069013.
[I 2026-06-01 14:55:59,365] Trial 10 finished with value: 0.0029842365523687965 and parameters: {'confidence_threshold': 0.8398533911817929, 'training_days': 320, 'n_estimators': 52, 'max_depth': 4, 'num_leaves': 15, 'learning_rate': 0.1708019296390162, 'subsample': 0.7130289643560688, 'colsample_bytree': 0.9944479338273263, 'min_child_samples': 23, 'reg_alpha': 6.837313901272251e-05, 'reg_lambda': 0.007549769720510555}. Best is trial 4 with value: 0.04741165735069013.
[I 2026-06-01 14:55:59,428] Trial 11 finished with value: 0.09942214878195425 and parameters: {'confidence_threshold': 0.6075016155177957, 'training_days': 300, 'n_estimators': 54, 'max_depth': 4, 'num_leaves': 29, 'learning_rate': 0.010226258249598861, 'subsample': 0.741942921860466, 'colsample_bytree': 0.8016610248739169, 'min_child_samples': 71, 'reg_alpha': 2.5646023357365184e-05, 'reg_lambda': 7.359299995524362e-08}. Best is trial 11 with value: 0.09942214878195425.
[I 2026-06-01 14:55:59,495] Trial 12 finished with value: 0.08033537973354425 and parameters: {'confidence_threshold': 0.5145853631584999, 'training_days': 360, 'n_estimators': 54, 'max_depth': 4, 'num_leaves': 26, 'learning_rate': 0.010306365551845425, 'subsample': 0.708221374482378, 'colsample_bytree': 0.7647361233728238, 'min_child_samples': 62, 'reg_alpha': 5.113460481149383e-05, 'reg_lambda': 2.0831803692649198e-06}. Best is trial 11 with value: 0.09942214878195425.
[I 2026-06-01 14:55:59,645] Trial 13 finished with value: 0.01831493487475815 and parameters: {'confidence_threshold': 0.5007980174560137, 'training_days': 380, 'n_estimators': 173, 'max_depth': 4, 'num_leaves': 26, 'learning_rate': 0.010705624380955025, 'subsample': 0.726582544092044, 'colsample_bytree': 0.8210465133139258, 'min_child_samples': 66, 'reg_alpha': 5.900837329147622e-05, 'reg_lambda': 1.8799948266058237e-06}. Best is trial 11 with value: 0.09942214878195425.
[I 2026-06-01 14:55:59,968] Trial 14 finished with value: 0.018785699254506787 and parameters: {'confidence_threshold': 0.507711390763921, 'training_days': 210, 'n_estimators': 500, 'max_depth': 4, 'num_leaves': 22, 'learning_rate': 0.010647603372449754, 'subsample': 0.6776505255398512, 'colsample_bytree': 0.9164666575214448, 'min_child_samples': 55, 'reg_alpha': 0.0012157097512001643, 'reg_lambda': 1.9694969619555796e-06}. Best is trial 11 with value: 0.09942214878195425.
[I 2026-06-01 14:56:00,129] Trial 15 finished with value: 0.04297167544155172 and parameters: {'confidence_threshold': 0.62610416774382, 'training_days': 370, 'n_estimators': 223, 'max_depth': 4, 'num_leaves': 29, 'learning_rate': 0.01850360054888599, 'subsample': 0.7886626664195051, 'colsample_bytree': 0.7191693270702846, 'min_child_samples': 82, 'reg_alpha': 4.791800625030742e-06, 'reg_lambda': 1.2340764146845138e-08}. Best is trial 11 with value: 0.09942214878195425.
[I 2026-06-01 14:56:00,199] Trial 16 finished with value: -1.911438638387749 and parameters: {'confidence_threshold': 0.7809712285122007, 'training_days': 170, 'n_estimators': 105, 'max_depth': 4, 'num_leaves': 15, 'learning_rate': 0.01728819964216773, 'subsample': 0.6577011495975604, 'colsample_bytree': 0.6654049967128317, 'min_child_samples': 70, 'reg_alpha': 0.0031944999728269687, 'reg_lambda': 2.7523544267386608e-06}. Best is trial 11 with value: 0.09942214878195425.
