[I 2026-06-01 14:57:06,118] Trial 6 finished with value: -0.020967746545853948 and parameters: {'confidence_threshold': 0.7672889945051684, 'training_days': 130, 'n_estimators': 137, 'max_depth': 4, 'num_leaves': 19, 'learning_rate': 0.2031117614248665, 'subsample': 0.8136244860256343, 'colsample_bytree': 0.8617081790949774, 'min_child_samples': 21, 'reg_alpha': 0.002238138278733199, 'reg_lambda': 0.001025809534977322}. Best is trial 1 with value: 0.05741609265787245.

  [label] 2021-02-22 16:00 BTCUSDT entry=54121.1000 → SHORT | long=sl(-8.84%) short=tp(+17.38%) | scanned=10 | short_tp_only
  [label] 2021-08-07 16:00 BTCUSDT entry=44601.1100 → LONG | long=timeout(+5.47%) short=sl(-6.41%) | scanned=22 | no_tp→fwd_return=+5.5663
  [label] 2021-08-11 16:00 BTCUSDT entry=45522.1200 → SHORT | long=timeout(-1.88%) short=sl(-5.67%) | scanned=22 | no_tp→fwd_return=-1.7750
  [label] 2021-08-22 08:00 BTCUSDT entry=48549.7800 → SHORT | long=sl(-4.76%) short=timeout(+0.02%) | scanned=22 | no_tp→fwd_return=-0.1232
  [label] 2021-10-06 08:00 BTCUSDT entry=55014.0400 → LONG | long=timeout(+2.00%) short=timeout(-2.20%) | scanned=22 | no_tp→fwd_return=+2.1028
  [label] 2021-10-14 16:00 BTCUSDT entry=57378.1900 → LONG | long=tp(+10.09%) short=sl(-5.20%) | scanned=3 | long_tp_only
  [label] 2022-01-13 00:00 BTCUSDT entry=43682.7000 → SHORT | long=sl(-4.98%) short=timeout(+3.66%) | scanned=22 | no_tp→fwd_return=-3.7606
  [label] 2022-02-14 00:00 BTCUSDT entry=42290.4100 → SHORT | long=sl(-4.83%) short=sl(-4.83%) | scanned=11 | no_tp→fwd_return=-4.2532
  [label] 2022-03-02 00:00 BTCUSDT entry=43963.0000 → SHORT | long=sl(-6.78%) short=tp(+13.26%) | scanned=13 | short_tp_only
  [label] 2022-03-14 16:00 BTCUSDT entry=39653.8000 → LONG | long=timeout(+3.25%) short=sl(-5.53%) | scanned=22 | no_tp→fwd_return=+3.3495
  [label] 2022-04-02 08:00 BTCUSDT entry=46284.1000 → SHORT | long=sl(-4.11%) short=tp(+7.93%) | scanned=19 | short_tp_only
  [label] 2022-04-08 16:00 BTCUSDT entry=42229.2000 → SHORT | long=sl(-4.54%) short=timeout(+3.92%) | scanned=22 | no_tp→fwd_return=-4.0249
  [label] 2022-04-21 00:00 BTCUSDT entry=41833.7000 → SHORT | long=sl(-3.74%) short=tp(+7.19%) | scanned=12 | short_tp_only
  [label] 2022-05-30 08:00 BTCUSDT entry=30617.9000 → SHORT | long=sl(-4.41%) short=sl(-4.41%) | scanned=12 | no_tp→fwd_return=-3.6946
  [label] 2022-06-09 08:00 BTCUSDT entry=30285.8000 → SHORT | long=sl(-5.18%) short=tp(+10.06%) | scanned=8 | short_tp_only
  [label] 2022-09-03 08:00 BTCUSDT entry=19764.3000 → LONG | long=sl(-4.25%) short=sl(-4.25%) | scanned=17 | no_tp→fwd_return=+4.3477
  Labels: 1154 long (53.2%), 1014 short (46.8%) | weights: min=1.00, mean=3.67, max=10.00
  Features: 2168/2168 matched, 47 columns
  CV gap: 22 rows
  [ensemble 1/3] seed=42
    [trial 0] 47 features, training_days=480 | threshold=0.631 | labels: 1154 long, 1014 short (53/47%)
    [CV fold 0] train_end=2021-01-22 08:00 | val_start=2021-01-30 00:00 | gap=184h (22 rows)
    [CV fold 1] train_end=2021-05-22 16:00 | val_start=2021-05-30 08:00 | gap=184h (22 rows)
    [CV fold 2] train_end=2021-09-20 00:00 | val_start=2021-09-27 16:00 | gap=184h (22 rows)
    [CV fold 3] train_end=2022-01-18 08:00 | val_start=2022-01-26 00:00 | gap=184h (22 rows)
    [CV fold 4] train_end=2022-05-18 16:00 | val_start=2022-05-26 08:00 | gap=184h (22 rows)
    [trial 0] Sharpe=0.0139 (folds: 0.1120, 0.3013, 0.0785, -0.3497, -0.0726)
    [trial 1] 47 features, training_days=420 | threshold=0.839 | labels: 1154 long, 1014 short (53/47%)
    [trial 1] Sharpe=-2.0801 (folds: -0.2624, 0.3765, -0.3692, -10.0000, -0.1452)
    [trial 2] 47 features, training_days=190 | threshold=0.602 | labels: 1154 long, 1014 short (53/47%)
    [trial 2] Sharpe=-0.0673 (folds: 0.0248, 0.1661, -0.0285, -0.4123, -0.0864)
    [trial 3] 47 features, training_days=490 | threshold=0.832 | labels: 1154 long, 1014 short (53/47%)
    [trial 3] Sharpe=-0.0457 (folds: 0.0059, 0.2059, 0.0045, -0.3694, -0.0752)
    [trial 4] 47 features, training_days=340 | threshold=0.591 | labels: 1154 long, 1014 short (53/47%)
    [trial 4] Sharpe=0.0094 (folds: 0.0798, 0.2121, 0.1154, -0.2799, -0.0805)
    [trial 5] 47 features, training_days=50 | threshold=0.823 | labels: 1154 long, 1014 short (53/47%)
    [trial 5] Sharpe=0.0913 (folds: -0.0087, 0.1944, 0.1684, 0.0659, 0.0364)
    [trial 6] 47 features, training_days=410 | threshold=0.549 | labels: 1154 long, 1014 short (53/47%)
    [trial 6] Sharpe=0.0278 (folds: 0.0729, 0.3193, 0.1221, -0.3656, -0.0099)
    [trial 7] 47 features, training_days=180 | threshold=0.526 | labels: 1154 long, 1014 short (53/47%)
    [trial 7] Sharpe=-0.0774 (folds: 0.0434, 0.0565, 0.0689, -0.4636, -0.0922)
    [trial 8] 47 features, training_days=240 | threshold=0.811 | labels: 1154 long, 1014 short (53/47%)
    [trial 8] Sharpe=0.0083 (folds: 0.0751, 0.2758, 0.0444, -0.4709, 0.1173)
    [trial 9] 47 features, training_days=20 | threshold=0.538 | labels: 1154 long, 1014 short (53/47%)
    [trial 9] Sharpe=0.0100 (folds: -0.0613, -0.0938, 0.0753, 0.0400, 0.0900)
    [trial 10] 47 features, training_days=10 | threshold=0.732 | labels: 1154 long, 1014 short (53/47%)
    [trial 10] Sharpe=-3.9957 (folds: -10.0000, -0.0938, 0.0753, 0.0400, -10.0000)
    [trial 11] 47 features, training_days=110 | threshold=0.716 | labels: 1154 long, 1014 short (53/47%)
    [trial 11] Sharpe=-3.7677 (folds: 0.3909, -10.0000, -10.0000, -0.1100, 0.8805)
    [trial 12] 47 features, training_days=340 | threshold=0.746 | labels: 1154 long, 1014 short (53/47%)
    [trial 12] Sharpe=0.0306 (folds: 0.0585, 0.2855, 0.0186, -0.0274, -0.1821)
    [trial 13] 47 features, training_days=300 | threshold=0.762 | labels: 1154 long, 1014 short (53/47%)
    [trial 13] Sharpe=0.0490 (folds: 0.0212, 0.2843, 0.1371, -0.2127, 0.0149)
    [trial 14] 47 features, training_days=90 | threshold=0.787 | labels: 1154 long, 1014 short (53/47%)
    [trial 14] Sharpe=0.0665 (folds: -0.0332, -0.0002, 0.2565, -0.0383, 0.1475)
    [trial 15] 47 features, training_days=90 | threshold=0.790 | labels: 1154 long, 1014 short (53/47%)
    [trial 15] Sharpe=0.0093 (folds: -0.1093, -0.0286, 0.0760, -0.0327, 0.1410)
    [trial 16] 47 features, training_days=90 | threshold=0.676 | labels: 1154 long, 1014 short (53/47%)
    [trial 16] Sharpe=0.0681 (folds: -0.0481, 0.0048, 0.2079, -0.0101, 0.1860)
    [trial 17] 47 features, training_days=150 | threshold=0.676 | labels: 1154 long, 1014 short (53/47%)
    [trial 17] Sharpe=-0.0294 (folds: -0.0536, 0.0709, 0.0216, -0.1792, -0.0067)
  Optuna: 18 trials, best Sharpe = 0.0913
  Best params: n_estimators=138, max_depth=3, lr=0.0375, leaves=30
  Best confidence_threshold: 0.823
  Best training_days: 50
  Retrained on full data (150 samples, 47 features)
  [ensemble 2/3] seed=123
    [trial 0] 47 features, training_days=150 | threshold=0.744 | labels: 1154 long, 1014 short (53/47%)
    [CV fold 0] train_end=2021-01-22 08:00 | val_start=2021-01-30 00:00 | gap=184h (22 rows)
    [CV fold 1] train_end=2021-05-22 16:00 | val_start=2021-05-30 08:00 | gap=184h (22 rows)
    [CV fold 2] train_end=2021-09-20 00:00 | val_start=2021-09-27 16:00 | gap=184h (22 rows)
    [CV fold 3] train_end=2022-01-18 08:00 | val_start=2022-01-26 00:00 | gap=184h (22 rows)
    [CV fold 4] train_end=2022-05-18 16:00 | val_start=2022-05-26 08:00 | gap=184h (22 rows)
    [trial 0] Sharpe=-0.0198 (folds: 0.0744, 0.2758, 0.0666, -0.4016, -0.1143)
    [trial 1] 47 features, training_days=220 | threshold=0.755 | labels: 1154 long, 1014 short (53/47%)
    [trial 1] Sharpe=0.0574 (folds: 0.0289, 0.6203, -0.2397, -0.4677, 0.3452)
    [trial 2] 47 features, training_days=310 | threshold=0.754 | labels: 1154 long, 1014 short (53/47%)
    [trial 2] Sharpe=0.0509 (folds: 0.0505, 0.2883, 0.0157, -0.1337, 0.0338)
    [trial 3] 47 features, training_days=220 | threshold=0.673 | labels: 1154 long, 1014 short (53/47%)
    [trial 3] Sharpe=-0.0628 (folds: -0.0748, 0.2097, -0.0833, -0.4349, 0.0696)
    [trial 4] 47 features, training_days=130 | threshold=0.803 | labels: 1154 long, 1014 short (53/47%)
    [trial 4] Sharpe=-0.0442 (folds: 0.0271, 0.0024, 0.1895, -0.3784, -0.0618)
    [trial 5] 47 features, training_days=210 | threshold=0.606 | labels: 1154 long, 1014 short (53/47%)
    [trial 5] Sharpe=-0.0251 (folds: 0.0399, 0.1492, -0.0211, -0.3043, 0.0110)
    [trial 6] 47 features, training_days=130 | threshold=0.767 | labels: 1154 long, 1014 short (53/47%)
    [trial 6] Sharpe=-0.0210 (folds: -0.0850, 0.0354, 0.0373, -0.1105, 0.0180)
    [trial 7] 47 features, training_days=80 | threshold=0.556 | labels: 1154 long, 1014 short (53/47%)[I 2026-06-01 14:57:06,181] Trial 7 finished with value: -0.05521568037083426 and parameters: {'confidence_threshold': 0.555635875450653, 'training_days': 80, 'n_estimators': 363, 'max_depth': 3, 'num_leaves': 48, 'learning_rate': 0.06590089024008658, 'subsample': 0.6944752870615722, 'colsample_bytree': 0.962566244806993, 'min_child_samples': 88, 'reg_alpha': 1.6465620446426067e-05, 'reg_lambda': 2.4678750890085655e-08}. Best is trial 1 with value: 0.05741609265787245.
[I 2026-06-01 14:57:06,499] Trial 8 finished with value: -0.07798763371878346 and parameters: {'confidence_threshold': 0.6066688256938841, 'training_days': 200, 'n_estimators': 367, 'max_depth': 5, 'num_leaves': 32, 'learning_rate': 0.13377519215934996, 'subsample': 0.7965884582811106, 'colsample_bytree': 0.8458508993500886, 'min_child_samples': 32, 'reg_alpha': 3.889436043816386e-05, 'reg_lambda': 1.4713062489380356e-06}. Best is trial 1 with value: 0.05741609265787245.
[I 2026-06-01 14:57:06,729] Trial 9 finished with value: 0.04563518577765962 and parameters: {'confidence_threshold': 0.6202096049169137, 'training_days': 260, 'n_estimators': 350, 'max_depth': 3, 'num_leaves': 21, 'learning_rate': 0.02989540198065364, 'subsample': 0.8307821683331218, 'colsample_bytree': 0.923253112635361, 'min_child_samples': 64, 'reg_alpha': 0.4898604619604203, 'reg_lambda': 2.9076377687066166e-05}. Best is trial 1 with value: 0.05741609265787245.
[I 2026-06-01 14:57:07,147] Trial 10 finished with value: -2.116241820213764 and parameters: {'confidence_threshold': 0.8445241688507242, 'training_days': 470, 'n_estimators': 493, 'max_depth': 4, 'num_leaves': 63, 'learning_rate': 0.010221918552934462, 'subsample': 0.5019190721168774, 'colsample_bytree': 0.6202684210924141, 'min_child_samples': 47, 'reg_alpha': 2.371385268938747e-08, 'reg_lambda': 1.7987349911222597}. Best is trial 1 with value: 0.05741609265787245.
[I 2026-06-01 14:57:07,215] Trial 11 finished with value: -6.145417479916646 and parameters: {'confidence_threshold': 0.7162109107873752, 'training_days': 360, 'n_estimators': 51, 'max_depth': 3, 'num_leaves': 28, 'learning_rate': 0.016298143265808546, 'subsample': 0.6391782689059778, 'colsample_bytree': 0.6900063486364282, 'min_child_samples': 42, 'reg_alpha': 0.01799493661729836, 'reg_lambda': 0.029771765343273634}. Best is trial 1 with value: 0.05741609265787245.
[I 2026-06-01 14:57:07,444] Trial 12 finished with value: -0.0013166285753382328 and parameters: {'confidence_threshold': 0.6776559669413387, 'training_days': 340, 'n_estimators': 484, 'max_depth': 3, 'num_leaves': 47, 'learning_rate': 0.02392651870535563, 'subsample': 0.6166545294095858, 'colsample_bytree': 0.5096458353191796, 'min_child_samples': 100, 'reg_alpha': 1.0994405170068853e-07, 'reg_lambda': 0.005070761005041337}. Best is trial 1 with value: 0.05741609265787245.
[I 2026-06-01 14:57:07,471] Trial 13 finished with value: -3.9957132795469428 and parameters: {'confidence_threshold': 0.789718509378323, 'training_days': 10, 'n_estimators': 53, 'max_depth': 3, 'num_leaves': 32, 'learning_rate': 0.014472572446935365, 'subsample': 0.6637554456572594, 'colsample_bytree': 0.7361824510546084, 'min_child_samples': 51, 'reg_alpha': 0.024510194560445127, 'reg_lambda': 1.6768007566464287}. Best is trial 1 with value: 0.05741609265787245.
[I 2026-06-01 14:57:07,668] Trial 14 finished with value: 0.044540634869375026 and parameters: {'confidence_threshold': 0.6990760489990013, 'training_days': 310, 'n_estimators': 288, 'max_depth': 4, 'num_leaves': 56, 'learning_rate': 0.03629583630175215, 'subsample': 0.571097323615661, 'colsample_bytree': 0.6518033017634928, 'min_child_samples': 78, 'reg_alpha': 8.70158361284731e-07, 'reg_lambda': 0.07597426064842482}. Best is trial 1 with value: 0.05741609265787245.
[I 2026-06-01 14:57:08,079] Trial 15 finished with value: -0.06341701848033154 and parameters: {'confidence_threshold': 0.8413262323766814, 'training_days': 390, 'n_estimators': 436, 'max_depth': 4, 'num_leaves': 25, 'learning_rate': 0.018204174012129166, 'subsample': 0.507007918467014, 'colsample_bytree': 0.738971151174427, 'min_child_samples': 41, 'reg_alpha': 3.7633185646040874, 'reg_lambda': 0.000509991167183613}. Best is trial 1 with value: 0.05741609265787245.
[I 2026-06-01 14:57:08,251] Trial 16 finished with value: -1.9733351975685953 and parameters: {'confidence_threshold': 0.7409550081665428, 'training_days': 440, 'n_estimators': 253, 'max_depth': 3, 'num_leaves': 15, 'learning_rate': 0.010431680817577445, 'subsample': 0.709405702767483, 'colsample_bytree': 0.5489148768447338, 'min_child_samples': 56, 'reg_alpha': 0.006106483528250097, 'reg_lambda': 7.115031423141183}. Best is trial 1 with value: 0.05741609265787245.
[I 2026-06-01 14:57:08,529] Trial 17 finished with value: -0.006412314765977915 and parameters: {'confidence_threshold': 0.5004748807695347, 'training_days': 290, 'n_estimators': 415, 'max_depth': 5, 'num_leaves': 36, 'learning_rate': 0.025209516166245612, 'subsample': 0.589973633162768, 'colsample_bytree': 0.7668145962665067, 'min_child_samples': 84, 'reg_alpha': 0.00012049055891095565, 'reg_lambda': 6.536602842883305e-07}. Best is trial 1 with value: 0.05741609265787245.
[I 2026-06-01 14:57:08,678] A new study created in memory with name: no-name-2cfa0616-47b3-4809-b80e-9464c6c17688
[I 2026-06-01 14:57:08,873] Trial 0 finished with value: 0.03877259406921292 and parameters: {'confidence_threshold': 0.5870645682749857, 'training_days': 90, 'n_estimators': 403, 'max_depth': 5, 'num_leaves': 45, 'learning_rate': 0.0780457193679974, 'subsample': 0.9428509515574568, 'colsample_bytree': 0.8795587339164916, 'min_child_samples': 34, 'reg_alpha': 2.2465901234314442e-07, 'reg_lambda': 8.339007036475363e-05}. Best is trial 0 with value: 0.03877259406921292.
[I 2026-06-01 14:57:08,989] Trial 1 finished with value: 0.028627864413640014 and parameters: {'confidence_threshold': 0.6348453934275313, 'training_days': 290, 'n_estimators': 115, 'max_depth': 5, 'num_leaves': 37, 'learning_rate': 0.06949568759029946, 'subsample': 0.8228505074024268, 'colsample_bytree': 0.8616703220431751, 'min_child_samples': 75, 'reg_alpha': 4.2486822725010923e-07, 'reg_lambda': 1.157247767047042e-07}. Best is trial 0 with value: 0.03877259406921292.
[I 2026-06-01 14:57:09,006] Trial 2 finished with value: 0.010026565959081302 and parameters: {'confidence_threshold': 0.5849570384370288, 'training_days': 10, 'n_estimators': 212, 'max_depth': 3, 'num_leaves': 41, 'learning_rate': 0.18452095998378365, 'subsample': 0.6001060822924371, 'colsample_bytree': 0.5673167293506167, 'min_child_samples': 37, 'reg_alpha': 5.733250064217131, 'reg_lambda': 0.5308454292595461}. Best is trial 0 with value: 0.03877259406921292.
[I 2026-06-01 14:57:09,076] Trial 3 finished with value: -0.05596308430044816 and parameters: {'confidence_threshold': 0.6868248626683718, 'training_days': 220, 'n_estimators': 134, 'max_depth': 3, 'num_leaves': 45, 'learning_rate': 0.033529007907491595, 'subsample': 0.8647277071858408, 'colsample_bytree': 0.778494116634046, 'min_child_samples': 96, 'reg_alpha': 2.409409937265785e-07, 'reg_lambda': 1.1642073478060009}. Best is trial 0 with value: 0.03877259406921292.
[I 2026-06-01 14:57:09,157] Trial 4 finished with value: 0.006643109217285922 and parameters: {'confidence_threshold': 0.5623121348350352, 'training_days': 300, 'n_estimators': 69, 'max_depth': 4, 'num_leaves': 32, 'learning_rate': 0.14967629360700346, 'subsample': 0.5054535233636654, 'colsample_bytree': 0.7401385194659216, 'min_child_samples': 27, 'reg_alpha': 1.4212042567426725e-07, 'reg_lambda': 0.23605753701352003}. Best is trial 0 with value: 0.03877259406921292.
[I 2026-06-01 14:57:09,560] Trial 5 finished with value: -0.047505285825151344 and parameters: {'confidence_threshold': 0.7111850244908446, 'training_days': 490, 'n_estimators': 362, 'max_depth': 5, 'num_leaves': 40, 'learning_rate': 0.05960785724162737, 'subsample': 0.5589714368907717, 'colsample_bytree': 0.6659006943232806, 'min_child_samples': 42, 'reg_alpha': 0.6741360303045295, 'reg_lambda': 6.054601607143087e-08}. Best is trial 0 with value: 0.03877259406921292.
[I 2026-06-01 14:57:09,725] Trial 6 finished with value: -0.006943847176775047 and parameters: {'confidence_threshold': 0.667482545748023, 'training_days': 420, 'n_estimators': 279, 'max_depth': 3, 'num_leaves': 45, 'learning_rate': 0.040099592560849204, 'subsample': 0.8563114696415159, 'colsample_bytree': 0.5442917781944105, 'min_child_samples': 50, 'reg_alpha': 1.6407916423707903e-08, 'reg_lambda': 2.935907642973286e-05}. Best is trial 0 with value: 0.03877259406921292.
[I 2026-06-01 14:57:09,874] Trial 7 finished with value: -0.04970519795302262 and parameters: {'confidence_threshold': 0.5497381024139926, 'training_days': 120, 'n_estimators': 408, 'max_depth': 5, 'num_leaves': 38, 'learning_rate': 0.28049122657745795, 'subsample': 0.8806573338635493, 'colsample_bytree': 0.5454054113547102, 'min_child_samples': 63, 'reg_alpha': 0.01263008637940408, 'reg_lambda': 0.04588020805366937}. Best is trial 0 with value: 0.03877259406921292.
[I 2026-06-01 14:57:10,131] Trial 8 finished with value: -0.0251994126147637 and parameters: {'confidence_threshold': 0.719644804808716, 'training_days': 450, 'n_estimators': 410, 'max_depth': 4, 'num_leaves': 57, 'learning_rate': 0.04022026551478857, 'subsample': 0.5336085426932707, 'colsample_bytree': 0.5705742850577543, 'min_child_samples': 100, 'reg_alpha': 5.916398047912201e-07, 'reg_lambda': 0.9794034214488329}. Best is trial 0 with value: 0.03877259406921292.
[I 2026-06-01 14:57:10,158] Trial 9 finished with value: -4.013025255275066 and parameters: {'confidence_threshold': 0.7267463643917187, 'training_days': 20, 'n_estimators': 337, 'max_depth': 5, 'num_leaves': 23, 'learning_rate': 0.022153031811454605, 'subsample': 0.6305627572358737, 'colsample_bytree': 0.6613413774216214, 'min_child_samples': 81, 'reg_alpha': 5.7638634029410314e-08, 'reg_lambda': 8.26603016764008}. Best is trial 0 with value: 0.03877259406921292.
[I 2026-06-01 14:57:10,460] Trial 10 finished with value: 0.0013278556396085523 and parameters: {'confidence_threshold': 0.8398533911817929, 'training_days': 130, 'n_estimators': 485, 'max_depth': 4, 'num_leaves': 62, 'learning_rate': 0.014251957942824738, 'subsample': 0.9901604570372973, 'colsample_bytree': 0.9944479338273263, 'min_child_samples': 23, 'reg_alpha': 6.837313901272251e-05, 'reg_lambda': 0.0006976939169966911}. Best is trial 0 with value: 0.03877259406921292.
[I 2026-06-01 14:57:10,634] Trial 11 finished with value: 0.024063623988990823 and parameters: {'confidence_threshold': 0.61963915631361, 'training_days': 310, 'n_estimators': 197, 'max_depth': 5, 'num_leaves': 15, 'learning_rate': 0.07987426175704845, 'subsample': 0.7481072826739482, 'colsample_bytree': 0.9060119313244169, 'min_child_samples': 70, 'reg_alpha': 1.809401237976435e-05, 'reg_lambda': 2.125381774242723e-08}. Best is trial 0 with value: 0.03877259406921292.
[I 2026-06-01 14:57:10,699] Trial 12 finished with value: -0.003238063003755154 and parameters: {'confidence_threshold': 0.5145853631584999, 'training_days': 210, 'n_estimators': 57, 'max_depth': 5, 'num_leaves': 51, 'learning_rate': 0.09541405269589062, 'subsample': 0.992100720652319, 'colsample_bytree': 0.8695773615745706, 'min_child_samples': 77, 'reg_alpha': 8.46843277074541e-06, 'reg_lambda': 1.520544537164083e-06}. Best is trial 0 with value: 0.03877259406921292.
[I 2026-06-01 14:57:11,175] Trial 13 finished with value: -0.037410736023070164 and parameters: {'confidence_threshold': 0.6308026073906248, 'training_days': 380, 'n_estimators': 475, 'max_depth': 5, 'num_leaves': 32, 'learning_rate': 0.10926619326285375, 'subsample': 0.7555193239642642, 'colsample_bytree': 0.8750660417570079, 'min_child_samples': 55, 'reg_alpha': 0.001675512851713314, 'reg_lambda': 0.0011572818033521138}. Best is trial 0 with value: 0.03877259406921292.
[I 2026-06-01 14:57:11,282] Trial 14 finished with value: -0.04718373789343393 and parameters: {'confidence_threshold': 0.7723320301796328, 'training_days': 140, 'n_estimators': 283, 'max_depth': 4, 'num_leaves': 31, 'learning_rate': 0.06462612136562647, 'subsample': 0.9184036050853165, 'colsample_bytree': 0.9576689224189912, 'min_child_samples': 85, 'reg_alpha': 2.1172134447991344e-06, 'reg_lambda': 2.248420727170469e-06}. Best is trial 0 with value: 0.03877259406921292.
[I 2026-06-01 14:57:11,452] Trial 15 finished with value: 0.04052673611697862 and parameters: {'confidence_threshold': 0.611568824090495, 'training_days': 300, 'n_estimators': 193, 'max_depth': 4, 'num_leaves': 49, 'learning_rate': 0.010018308006819113, 'subsample': 0.7824571865188582, 'colsample_bytree': 0.7999316640064418, 'min_child_samples': 66, 'reg_alpha': 0.00028987927910977007, 'reg_lambda': 5.721435661570867e-07}. Best is trial 15 with value: 0.04052673611697862.
