[I 2026-06-01 14:56:28,250] Trial 17 finished with value: -0.017222124452513917 and parameters: {'confidence_threshold': 0.781035350545465, 'training_days': 370, 'n_estimators': 443, 'max_depth': 3, 'num_leaves': 18, 'learning_rate': 0.014399917848714062, 'subsample': 0.7694432846358699, 'colsample_bytree': 0.819226587224808, 'min_child_samples': 47, 'reg_alpha': 0.003355107401398597, 'reg_lambda': 1.2990020762595852e-06}. Best is trial 15 with value: 0.07236787217563101.

  Optuna: 18 trials, best Sharpe = 0.0221
  Best params: n_estimators=279, max_depth=3, lr=0.0153, leaves=31
  Best confidence_threshold: 0.696
  Best training_days: 320
  Retrained on full data (960 samples, 47 features)
  [ensemble 3/3] seed=456
    [trial 0] 47 features, training_days=90 | threshold=0.587 | labels: 1168 long, 1000 short (54/46%)
    [CV fold 0] train_end=2020-09-22 08:00 | val_start=2020-09-30 00:00 | gap=184h (22 rows)
    [CV fold 1] train_end=2021-01-20 16:00 | val_start=2021-01-28 08:00 | gap=184h (22 rows)
    [CV fold 2] train_end=2021-05-21 00:00 | val_start=2021-05-28 16:00 | gap=184h (22 rows)
    [CV fold 3] train_end=2021-09-18 08:00 | val_start=2021-09-26 00:00 | gap=184h (22 rows)
    [CV fold 4] train_end=2022-01-16 16:00 | val_start=2022-01-24 08:00 | gap=184h (22 rows)
    [trial 0] Sharpe=0.0223 (folds: 0.0470, -0.0268, -0.0474, 0.2385, -0.0998)
    [trial 1] 47 features, training_days=290 | threshold=0.635 | labels: 1168 long, 1000 short (54/46%)
    [trial 1] Sharpe=-0.0091 (folds: 0.0864, -0.1087, 0.1279, 0.0795, -0.2307)
    [trial 2] 47 features, training_days=10 | threshold=0.585 | labels: 1168 long, 1000 short (54/46%)
    [trial 2] Sharpe=-0.0699 (folds: -0.3028, -0.0653, -0.0930, 0.0738, 0.0376)
    [trial 3] 47 features, training_days=220 | threshold=0.687 | labels: 1168 long, 1000 short (54/46%)
    [trial 3] Sharpe=-0.0668 (folds: -0.0304, -0.0729, 0.2052, 0.0051, -0.4411)
    [trial 4] 47 features, training_days=300 | threshold=0.562 | labels: 1168 long, 1000 short (54/46%)
    [trial 4] Sharpe=0.0087 (folds: 0.1815, -0.0894, 0.1481, 0.0532, -0.2498)
    [trial 5] 47 features, training_days=490 | threshold=0.711 | labels: 1168 long, 1000 short (54/46%)
    [trial 5] Sharpe=-0.0260 (folds: 0.0954, -0.1751, 0.1624, 0.0969, -0.3093)
    [trial 6] 47 features, training_days=420 | threshold=0.667 | labels: 1168 long, 1000 short (54/46%)
    [trial 6] Sharpe=-0.0105 (folds: 0.0902, -0.1259, 0.1524, 0.1198, -0.2891)
    [trial 7] 47 features, training_days=120 | threshold=0.550 | labels: 1168 long, 1000 short (54/46%)
    [trial 7] Sharpe=-0.0550 (folds: -0.0031, -0.0197, -0.0737, 0.0844, -0.2627)
    [trial 8] 47 features, training_days=450 | threshold=0.720 | labels: 1168 long, 1000 short (54/46%)
    [trial 8] Sharpe=-0.0188 (folds: 0.0411, -0.1808, 0.1417, 0.1039, -0.2001)
    [trial 9] 47 features, training_days=20 | threshold=0.727 | labels: 1168 long, 1000 short (54/46%)
    [trial 9] Sharpe=-6.0317 (folds: -10.0000, -0.0653, -0.0930, -10.0000, -10.0000)
    [trial 10] 47 features, training_days=130 | threshold=0.840 | labels: 1168 long, 1000 short (54/46%)
    [trial 10] Sharpe=0.0525 (folds: 0.1677, -0.0182, 0.2118, 0.0894, -0.1880)
    [trial 11] 47 features, training_days=140 | threshold=0.849 | labels: 1168 long, 1000 short (54/46%)
    [trial 11] Sharpe=0.0628 (folds: 0.1609, -0.0985, 0.4906, 0.0616, -0.3006)
    [trial 12] 47 features, training_days=180 | threshold=0.844 | labels: 1168 long, 1000 short (54/46%)
    [trial 12] Sharpe=-0.0268 (folds: 0.1640, -0.1236, 0.2823, 0.0106, -0.4674)
    [trial 13] 47 features, training_days=130 | threshold=0.849 | labels: 1168 long, 1000 short (54/46%)
    [trial 13] Sharpe=0.0596 (folds: 0.1767, -0.1020, 0.3135, 0.1315, -0.2218)
    [trial 14] 47 features, training_days=190 | threshold=0.794 | labels: 1168 long, 1000 short (54/46%)
    [trial 14] Sharpe=-0.0624 (folds: 0.0599, 0.0280, 0.1094, -0.0552, -0.4542)
    [trial 15] 47 features, training_days=80 | threshold=0.783 | labels: 1168 long, 1000 short (54/46%)
    [trial 15] Sharpe=0.0724 (folds: 0.1108, 0.0751, 0.0019, 0.2676, -0.0936)
    [trial 16] 47 features, training_days=60 | threshold=0.781 | labels: 1168 long, 1000 short (54/46%)
    [trial 16] Sharpe=0.0220 (folds: -0.0465, -0.0555, 0.1146, 0.1557, -0.0586)
    [trial 17] 47 features, training_days=370 | threshold=0.781 | labels: 1168 long, 1000 short (54/46%)
    [trial 17] Sharpe=-0.0172 (folds: 0.0889, -0.1316, 0.0860, -0.0581, -0.0713)
  Optuna: 18 trials, best Sharpe = 0.0724
  Best params: n_estimators=442, max_depth=4, lr=0.0100, leaves=54
  Best confidence_threshold: 0.783
  Best training_days: 80
  Retrained on full data (240 samples, 47 features)
  OOD: 16 features, cutoff (q=0.7) = 9.03
  Model trained for 2022-06: 90 test candles with features, confidence_threshold=0.746
[predict] 2022-06-07 16:00 BTCUSDT → LONG (proba=0.76 TP=10.4%/SL=5.2%)
[trade:open] 2022-06-07 23:59 BTCUSDT LONG @ 31118.10 | SL=29499.58 TP=34355.15 | timeout=2022-06-14 23:59
[trade:close] 2022-06-10 07:59 BTCUSDT LONG → stop_loss @ 29499.58 | PnL=-5.20% (net -5.30%) | cum=-19.61% 2022-06=-5.30% 2022-06-10=-5.30%
[predict] 2022-06-11 16:00 BTCUSDT → SHORT (proba=0.77 TP=10.1%/SL=5.0%)
[trade:open] 2022-06-11 23:59 BTCUSDT SHORT @ 28416.70 | SL=29850.38 TP=25549.34 | timeout=2022-06-18 23:59
[trade:close] 2022-06-13 07:59 BTCUSDT SHORT → take_profit @ 25549.34 | PnL=+10.09% (net +9.99%) | cum=-9.62% 2022-06=+4.69% 2022-06-13=+9.99%
[predict] 2022-06-22 08:00 BTCUSDT → LONG (proba=0.75 TP=20.3%/SL=10.1%)
[trade:open] 2022-06-22 15:59 BTCUSDT LONG @ 20075.40 | SL=18039.01 TP=24148.17 | timeout=2022-06-29 15:59
[trade:close] 2022-06-29 16:00 BTCUSDT LONG → timeout @ 20076.30 | PnL=+0.00% (net -0.10%) | cum=-9.72% 2022-06=+4.59% 2022-06-29=-0.10%
[lgbm] === Training for 2022-07 ===
  Train window: 2020-07-01 → 2022-06-23
  2168 training samples from 1 symbols
  Samples per month: 2020-07: 93, 2020-08: 93, 2020-09: 90, 2020-10: 93, 2020-11: 90, 2020-12: 93, 2021-01: 93, 2021-02: 84, 2021-03: 93, 2021-04: 90, 2021-05: 93, 2021-06: 90, 2021-07: 93, 2021-08: 93, 2021-09: 90, 2021-10: 93, 2021-11: 90, 2021-12: 93, 2022-01: 93, 2022-02: 84, 2022-03: 93, 2022-04: 90, 2022-05: 93, 2022-06: 68
  [label] 2020-08-31 16:00 BTCUSDT entry=11658.1100 → SHORT | long=sl(-2.57%) short=sl(-2.57%) | scanned=5 | no_tp→fwd_return=-2.7265
  [label] 2020-09-02 16:00 BTCUSDT entry=11396.9600 → SHORT | long=sl(-3.65%) short=tp(+7.00%) | scanned=2 | short_tp_only
  [label] 2020-09-06 16:00 BTCUSDT entry=10258.1300 → LONG | long=timeout(+0.58%) short=timeout(-0.78%) | scanned=22 | no_tp→fwd_return=+0.6784
  [label] 2020-10-01 08:00 BTCUSDT entry=10710.3500 → LONG | long=sl(-2.75%) short=timeout(-1.80%) | scanned=22 | no_tp→fwd_return=+1.7025
  [label] 2020-11-22 16:00 BTCUSDT entry=18435.2000 → SHORT | long=sl(-5.42%) short=sl(-5.42%) | scanned=10 | no_tp→fwd_return=-4.2798
  [label] 2021-05-07 16:00 BTCUSDT entry=57350.8800 → SHORT | long=sl(-6.01%) short=tp(+11.73%) | scanned=15 | short_tp_only
  [label] 2021-05-11 16:00 BTCUSDT entry=56710.4300 → SHORT | long=sl(-6.28%) short=tp(+12.27%) | scanned=3 | short_tp_only
  [label] 2021-05-22 08:00 BTCUSDT entry=38139.6900 → SHORT | long=sl(-17.63%) short=timeout(+9.57%) | scanned=22 | no_tp→fwd_return=-9.6685
  [label] 2021-07-06 08:00 BTCUSDT entry=34031.1700 → SHORT | long=timeout(-3.77%) short=timeout(+3.57%) | scanned=22 | no_tp→fwd_return=-3.6724
  [label] 2021-07-14 16:00 BTCUSDT entry=32803.0100 → SHORT | long=sl(-5.03%) short=tp(+9.75%) | scanned=16 | short_tp_only
  [label] 2021-10-13 00:00 BTCUSDT entry=54640.1900 → LONG | long=tp(+11.14%) short=sl(-5.72%) | scanned=8 | long_tp_only
  [label] 2021-11-14 00:00 BTCUSDT entry=64677.5900 → SHORT | long=sl(-4.58%) short=tp(+8.85%) | scanned=7 | short_tp_only
  [label] 2021-11-30 00:00 BTCUSDT entry=56527.8200 → SHORT | long=sl(-5.37%) short=tp(+10.45%) | scanned=12 | short_tp_only
  [label] 2021-12-12 16:00 BTCUSDT entry=50057.0100 → SHORT | long=sl(-5.84%) short=timeout(+6.67%) | scanned=22 | no_tp→fwd_return=-6.7690
  [label] 2021-12-31 08:00 BTCUSDT entry=48004.7300 → SHORT | long=sl(-4.70%) short=tp(+9.10%) | scanned=16 | short_tp_only
  [label] 2022-01-06 16:00 BTCUSDT entry=43080.0100 → SHORT | long=sl(-5.39%) short=timeout(+1.17%) | scanned=22 | no_tp→fwd_return=-1.2667
  [label] 2022-01-19 00:00 BTCUSDT entry=41271.2100 → SHORT | long=sl(-4.20%) short=sl(-4.20%) | scanned=6 | no_tp→fwd_return=-5.2453
  [label] 2022-02-27 08:00 BTCUSDT entry=39329.1000 → LONG | long=tp(+12.80%) short=sl(-6.55%) | scanned=6 | long_tp_only[I 2026-06-01 14:56:28,681] A new study created in memory with name: no-name-c5571d38-520e-486e-b1a1-e29d4bde392e
[I 2026-06-01 14:56:29,063] Trial 0 finished with value: 0.03452513203475399 and parameters: {'confidence_threshold': 0.6310890415965769, 'training_days': 480, 'n_estimators': 380, 'max_depth': 4, 'num_leaves': 22, 'learning_rate': 0.01699897838270077, 'subsample': 0.5290418060840998, 'colsample_bytree': 0.9330880728874675, 'min_child_samples': 68, 'reg_alpha': 0.023585940584142682, 'reg_lambda': 1.5320059381854043e-08}. Best is trial 0 with value: 0.03452513203475399.
[I 2026-06-01 14:56:29,172] Trial 1 finished with value: -1.9773153512055621 and parameters: {'confidence_threshold': 0.839468448256698, 'training_days': 420, 'n_estimators': 145, 'max_depth': 3, 'num_leaves': 23, 'learning_rate': 0.028145092716060652, 'subsample': 0.762378215816119, 'colsample_bytree': 0.7159725093210578, 'min_child_samples': 43, 'reg_alpha': 0.0032112643094417484, 'reg_lambda': 1.8007140198129195e-07}. Best is trial 0 with value: 0.03452513203475399.
[I 2026-06-01 14:56:29,314] Trial 2 finished with value: 0.030179063325210642 and parameters: {'confidence_threshold': 0.6022506269873263, 'training_days': 190, 'n_estimators': 255, 'max_depth': 5, 'num_leaves': 24, 'learning_rate': 0.05748924681991978, 'subsample': 0.7962072844310213, 'colsample_bytree': 0.5232252063599989, 'min_child_samples': 69, 'reg_alpha': 3.425445902633376e-07, 'reg_lambda': 3.850031979199519e-08}. Best is trial 0 with value: 0.03452513203475399.
[I 2026-06-01 14:56:29,640] Trial 3 finished with value: 0.006553094033713075 and parameters: {'confidence_threshold': 0.8321099380386666, 'training_days': 490, 'n_estimators': 414, 'max_depth': 3, 'num_leaves': 19, 'learning_rate': 0.1024932221692416, 'subsample': 0.7200762468698007, 'colsample_bytree': 0.5610191174223894, 'min_child_samples': 60, 'reg_alpha': 2.039373116525212e-08, 'reg_lambda': 1.527156759251193}. Best is trial 0 with value: 0.03452513203475399.
[I 2026-06-01 14:56:29,785] Trial 4 finished with value: 0.056136363308435785 and parameters: {'confidence_threshold': 0.5905729935600059, 'training_days': 340, 'n_estimators': 190, 'max_depth': 4, 'num_leaves': 41, 'learning_rate': 0.01875220945578641, 'subsample': 0.9847923138822793, 'colsample_bytree': 0.8875664116805573, 'min_child_samples': 96, 'reg_alpha': 1.1309571585271483, 'reg_lambda': 0.002404915432737351}. Best is trial 4 with value: 0.056136363308435785.
[I 2026-06-01 14:56:29,824] Trial 5 finished with value: -1.904831426578744 and parameters: {'confidence_threshold': 0.8226559822580909, 'training_days': 50, 'n_estimators': 138, 'max_depth': 3, 'num_leaves': 30, 'learning_rate': 0.03750796359625606, 'subsample': 0.6356745158869479, 'colsample_bytree': 0.9143687545759647, 'min_child_samples': 48, 'reg_alpha': 3.376063348877853e-06, 'reg_lambda': 0.0007660634613082914}. Best is trial 4 with value: 0.056136363308435785.
[I 2026-06-01 14:56:29,925] Trial 6 finished with value: 0.06779096961093803 and parameters: {'confidence_threshold': 0.5493234787411669, 'training_days': 410, 'n_estimators': 83, 'max_depth': 5, 'num_leaves': 52, 'learning_rate': 0.019657448966046126, 'subsample': 0.5027610585618012, 'colsample_bytree': 0.9077307142274171, 'min_child_samples': 77, 'reg_alpha': 0.03639690979811287, 'reg_lambda': 0.08738424135626986}. Best is trial 6 with value: 0.06779096961093803.
[I 2026-06-01 14:56:30,013] Trial 7 finished with value: 0.00979508100429116 and parameters: {'confidence_threshold': 0.5259156281069316, 'training_days': 180, 'n_estimators': 102, 'max_depth': 5, 'num_leaves': 45, 'learning_rate': 0.030816017044468066, 'subsample': 0.5317791751430119, 'colsample_bytree': 0.6554911608578311, 'min_child_samples': 46, 'reg_alpha': 0.036851536911881845, 'reg_lambda': 0.005470376807480391}. Best is trial 6 with value: 0.06779096961093803.
[I 2026-06-01 14:56:30,104] Trial 8 finished with value: 0.03782946892479046 and parameters: {'confidence_threshold': 0.8105244599017143, 'training_days': 240, 'n_estimators': 103, 'max_depth': 5, 'num_leaves': 52, 'learning_rate': 0.06746437142284309, 'subsample': 0.8854835899772805, 'colsample_bytree': 0.7468977981821954, 'min_child_samples': 62, 'reg_alpha': 7.04480806377519e-05, 'reg_lambda': 1.6934490731313353e-08}. Best is trial 6 with value: 0.06779096961093803.
[I 2026-06-01 14:56:30,125] Trial 9 finished with value: -0.03689343187548882 and parameters: {'confidence_threshold': 0.5377619994476566, 'training_days': 20, 'n_estimators': 337, 'max_depth': 3, 'num_leaves': 39, 'learning_rate': 0.21907142272152816, 'subsample': 0.6246461145744375, 'colsample_bytree': 0.7051914615178149, 'min_child_samples': 81, 'reg_alpha': 1.1459970229341322e-06, 'reg_lambda': 4.929685216887945e-08}. Best is trial 6 with value: 0.06779096961093803.
[I 2026-06-01 14:56:30,759] Trial 10 finished with value: 0.07868417773828569 and parameters: {'confidence_threshold': 0.7378545837642324, 'training_days': 350, 'n_estimators': 487, 'max_depth': 5, 'num_leaves': 62, 'learning_rate': 0.011407797829608154, 'subsample': 0.628963476300746, 'colsample_bytree': 0.8340915966600303, 'min_child_samples': 27, 'reg_alpha': 8.536188349289, 'reg_lambda': 8.145051292774586}. Best is trial 10 with value: 0.07868417773828569.
[I 2026-06-01 14:56:31,453] Trial 11 finished with value: 0.09662401638644216 and parameters: {'confidence_threshold': 0.7161090655475574, 'training_days': 340, 'n_estimators': 469, 'max_depth': 5, 'num_leaves': 62, 'learning_rate': 0.010432023013264416, 'subsample': 0.6089267919181687, 'colsample_bytree': 0.839514762445579, 'min_child_samples': 20, 'reg_alpha': 4.101459409586907, 'reg_lambda': 9.674676883280053}. Best is trial 11 with value: 0.09662401638644216.
[I 2026-06-01 14:56:31,974] Trial 12 finished with value: 0.07394233185036556 and parameters: {'confidence_threshold': 0.7297339240159137, 'training_days': 320, 'n_estimators': 496, 'max_depth': 4, 'num_leaves': 63, 'learning_rate': 0.010345606055684764, 'subsample': 0.6401469569045313, 'colsample_bytree': 0.8222666041123305, 'min_child_samples': 20, 'reg_alpha': 5.771866614729529, 'reg_lambda': 4.068197949201287}. Best is trial 11 with value: 0.09662401638644216.
[I 2026-06-01 14:56:32,677] Trial 13 finished with value: 0.07094714987246781 and parameters: {'confidence_threshold': 0.7202892812668327, 'training_days': 320, 'n_estimators': 500, 'max_depth': 5, 'num_leaves': 62, 'learning_rate': 0.010490123274490452, 'subsample': 0.6866291716128416, 'colsample_bytree': 0.998946654046762, 'min_child_samples': 21, 'reg_alpha': 1.3806058092546691, 'reg_lambda': 1.0005247479739311e-05}. Best is trial 11 with value: 0.09662401638644216.
[I 2026-06-01 14:56:33,099] Trial 14 finished with value: 0.04932162083928183 and parameters: {'confidence_threshold': 0.7467244789105287, 'training_days': 380, 'n_estimators': 432, 'max_depth': 4, 'num_leaves': 56, 'learning_rate': 0.010286116956955036, 'subsample': 0.5853788474695865, 'colsample_bytree': 0.8196828421176937, 'min_child_samples': 31, 'reg_alpha': 6.243069797304175, 'reg_lambda': 0.19077794724538427}. Best is trial 11 with value: 0.09662401638644216.
[I 2026-06-01 14:56:33,486] Trial 15 finished with value: 0.01591630848576432 and parameters: {'confidence_threshold': 0.6753264252665752, 'training_days': 250, 'n_estimators': 332, 'max_depth': 5, 'num_leaves': 57, 'learning_rate': 0.2656554302157523, 'subsample': 0.7985215033339714, 'colsample_bytree': 0.8100744538922787, 'min_child_samples': 33, 'reg_alpha': 0.28389380687751853, 'reg_lambda': 6.211365108573285}. Best is trial 11 with value: 0.09662401638644216.
[I 2026-06-01 14:56:33,854] Trial 16 finished with value: 0.02399565126174589 and parameters: {'confidence_threshold': 0.7774033151001597, 'training_days': 290, 'n_estimators': 453, 'max_depth': 4, 'num_leaves': 50, 'learning_rate': 0.015379775696614754, 'subsample': 0.6979826615350619, 'colsample_bytree': 0.632035183231185, 'min_child_samples': 33, 'reg_alpha': 0.0004790370746190673, 'reg_lambda': 0.03695361259880048}. Best is trial 11 with value: 0.09662401638644216.
[I 2026-06-01 14:56:34,010] Trial 17 finished with value: -0.017375436936937317 and parameters: {'confidence_threshold': 0.6831688023696163, 'training_days': 150, 'n_estimators': 267, 'max_depth': 5, 'num_leaves': 34, 'learning_rate': 0.14168046193643385, 'subsample': 0.5805706315737604, 'colsample_bytree': 0.849491846877562, 'min_child_samples': 26, 'reg_alpha': 0.4838550687929037, 'reg_lambda': 6.218788543859664e-06}. Best is trial 11 with value: 0.09662401638644216.
[I 2026-06-01 14:56:34,275] A new study created in memory with name: no-name-a1bc1688-40f2-4be2-a61d-a9d8382d6692
[I 2026-06-01 14:56:34,376] Trial 0 finished with value: 0.0317307602976746 and parameters: {'confidence_threshold': 0.7437642149592516, 'training_days': 150, 'n_estimators': 152, 'max_depth': 4, 'num_leaves': 50, 'learning_rate': 0.04216766425047743, 'subsample': 0.9903820991923078, 'colsample_bytree': 0.8424148692924316, 'min_child_samples': 58, 'reg_alpha': 3.381097259762742e-05, 'reg_lambda': 1.2263152961306247e-05}. Best is trial 0 with value: 0.0317307602976746.
[I 2026-06-01 14:56:34,446] Trial 1 finished with value: 0.029538438064893556 and parameters: {'confidence_threshold': 0.7551673975844145, 'training_days': 220, 'n_estimators': 76, 'max_depth': 4, 'num_leaves': 51, 'learning_rate': 0.018602118810743477, 'subsample': 0.5877258780737462, 'colsample_bytree': 0.7657756869209191, 'min_child_samples': 63, 'reg_alpha': 0.005123994170264194, 'reg_lambda': 0.44145470178120466}. Best is trial 0 with value: 0.0317307602976746.
[I 2026-06-01 14:56:34,685] Trial 2 finished with value: 0.012396174052045867 and parameters: {'confidence_threshold': 0.7535593637012223, 'training_days': 310, 'n_estimators': 375, 'max_depth': 3, 'num_leaves': 32, 'learning_rate': 0.021735641882032388, 'subsample': 0.6468570231944146, 'colsample_bytree': 0.8154880619272439, 'min_child_samples': 27, 'reg_alpha': 8.004064028491336e-05, 'reg_lambda': 7.546835261630524e-05}. Best is trial 0 with value: 0.0317307602976746.
[I 2026-06-01 14:56:34,839] Trial 3 finished with value: 0.026956410391806636 and parameters: {'confidence_threshold': 0.6727897841776072, 'training_days': 220, 'n_estimators': 190, 'max_depth': 4, 'num_leaves': 58, 'learning_rate': 0.24810689332636193, 'subsample': 0.7509183379421682, 'colsample_bytree': 0.8119764758960556, 'min_child_samples': 29, 'reg_alpha': 7.1708285081421445e-06, 'reg_lambda': 5.412973582738627e-05}. Best is trial 0 with value: 0.0317307602976746.
[I 2026-06-01 14:56:34,966] Trial 4 finished with value: -0.04199267783574172 and parameters: {'confidence_threshold': 0.803208205259178, 'training_days': 130, 'n_estimators': 267, 'max_depth': 5, 'num_leaves': 40, 'learning_rate': 0.08041175317374143, 'subsample': 0.5603143329951619, 'colsample_bytree': 0.9131704002534167, 'min_child_samples': 68, 'reg_alpha': 0.0008046593428183385, 'reg_lambda': 1.2158346158765583e-05}. Best is trial 0 with value: 0.0317307602976746.
[I 2026-06-01 14:56:35,166] Trial 5 finished with value: 0.056896925404482476 and parameters: {'confidence_threshold': 0.6064422761595144, 'training_days': 210, 'n_estimators': 357, 'max_depth': 5, 'num_leaves': 40, 'learning_rate': 0.0974221287220869, 'subsample': 0.7929682762811064, 'colsample_bytree': 0.8124517510478, 'min_child_samples': 74, 'reg_alpha': 0.3811377260781234, 'reg_lambda': 5.607314238392041e-08}. Best is trial 5 with value: 0.056896925404482476.
[I 2026-06-01 14:56:35,279] Trial 6 finished with value: -0.08152421802592999 and parameters: {'confidence_threshold': 0.7672889945051684, 'training_days': 130, 'n_estimators': 137, 'max_depth': 4, 'num_leaves': 19, 'learning_rate': 0.2031117614248665, 'subsample': 0.8136244860256343, 'colsample_bytree': 0.8617081790949774, 'min_child_samples': 21, 'reg_alpha': 0.002238138278733199, 'reg_lambda': 0.001025809534977322}. Best is trial 5 with value: 0.056896925404482476.
[I 2026-06-01 14:56:35,358] Trial 7 finished with value: 0.005202592073739451 and parameters: {'confidence_threshold': 0.555635875450653, 'training_days': 80, 'n_estimators': 363, 'max_depth': 3, 'num_leaves': 48, 'learning_rate': 0.06590089024008658, 'subsample': 0.6944752870615722, 'colsample_bytree': 0.962566244806993, 'min_child_samples': 88, 'reg_alpha': 1.6465620446426067e-05, 'reg_lambda': 2.4678750890085655e-08}. Best is trial 5 with value: 0.056896925404482476.
[I 2026-06-01 14:56:35,670] Trial 8 finished with value: 0.026163492437544622 and parameters: {'confidence_threshold': 0.6066688256938841, 'training_days': 200, 'n_estimators': 367, 'max_depth': 5, 'num_leaves': 32, 'learning_rate': 0.13377519215934996, 'subsample': 0.7965884582811106, 'colsample_bytree': 0.8458508993500886, 'min_child_samples': 32, 'reg_alpha': 3.889436043816386e-05, 'reg_lambda': 1.4713062489380356e-06}. Best is trial 5 with value: 0.056896925404482476.
