[I 2026-06-01 14:58:23,798] Trial 5 finished with value: 0.10055290943790547 and parameters: {'confidence_threshold': 0.8226559822580909, 'training_days': 50, 'n_estimators': 138, 'max_depth': 3, 'num_leaves': 30, 'learning_rate': 0.03750796359625606, 'subsample': 0.6356745158869479, 'colsample_bytree': 0.9143687545759647, 'min_child_samples': 48, 'reg_alpha': 3.376063348877853e-06, 'reg_lambda': 0.0007660634613082914}. Best is trial 5 with value: 0.10055290943790547.

    [trial 14] Sharpe=-0.1501 (folds: 0.0659, -0.3189, 0.1963, -0.2489, -0.4450)
    [trial 15] 47 features, training_days=290 | threshold=0.648 | labels: 1054 long, 1114 short (49/51%)
    [trial 15] Sharpe=-0.0379 (folds: 0.3036, -0.2223, -0.1814, -0.0758, -0.0138)
    [trial 16] 47 features, training_days=180 | threshold=0.761 | labels: 1054 long, 1114 short (49/51%)
    [trial 16] Sharpe=-0.1056 (folds: 0.3139, -0.2073, -0.0801, -0.2014, -0.3532)
    [trial 17] 47 features, training_days=350 | threshold=0.610 | labels: 1054 long, 1114 short (49/51%)
    [trial 17] Sharpe=-0.0512 (folds: 0.1831, -0.1108, -0.1037, -0.2484, 0.0236)
  Optuna: 18 trials, best Sharpe = 0.0282
  Best params: n_estimators=115, max_depth=5, lr=0.0695, leaves=37
  Best confidence_threshold: 0.635
  Best training_days: 290
  Retrained on full data (870 samples, 47 features)
  OOD: 16 features, cutoff (q=0.7) = 9.53
  Model trained for 2023-05: 93 test candles with features, confidence_threshold=0.641
[trade:close] 2023-05-04 16:00 BTCUSDT LONG → timeout @ 28850.00 | PnL=-0.98% (net -1.08%) | cum=-17.51% 2023-05=-1.08% 2023-05-04=-1.08%
[predict] 2023-05-05 08:00 BTCUSDT → LONG (proba=0.76 TP=7.6%/SL=3.8%)
[trade:open] 2023-05-05 15:59 BTCUSDT LONG @ 29347.40 | SL=28231.91 TP=31578.38 | timeout=2023-05-12 15:59
[trade:close] 2023-05-08 07:59 BTCUSDT LONG → stop_loss @ 28231.91 | PnL=-3.80% (net -3.90%) | cum=-21.41% 2023-05=-4.98% 2023-05-08=-3.90%
[predict] 2023-05-09 00:00 BTCUSDT → LONG (proba=0.75 TP=7.5%/SL=3.7%)
[trade:open] 2023-05-09 07:59 BTCUSDT LONG @ 27649.30 | SL=26618.43 TP=29711.03 | timeout=2023-05-16 07:59
[trade:close] 2023-05-12 07:59 BTCUSDT LONG → stop_loss @ 26618.43 | PnL=-3.73% (net -3.83%) | cum=-25.23% 2023-05=-8.81% 2023-05-12=-3.83%
[predict] 2023-05-13 00:00 BTCUSDT → LONG (proba=0.96 TP=8.4%/SL=4.2%)
[trade:open] 2023-05-13 07:59 BTCUSDT LONG @ 26759.30 | SL=25628.86 TP=29020.18 | timeout=2023-05-20 07:59
[trade:close] 2023-05-20 08:00 BTCUSDT LONG → timeout @ 26841.90 | PnL=+0.31% (net +0.21%) | cum=-25.03% 2023-05=-8.60% 2023-05-20=+0.21%
[predict] 2023-05-21 00:00 BTCUSDT → LONG (proba=0.89 TP=4.9%/SL=2.5%)
[trade:open] 2023-05-21 07:59 BTCUSDT LONG @ 27044.50 | SL=26376.45 TP=28380.59 | timeout=2023-05-28 07:59
[trade:close] 2023-05-24 15:59 BTCUSDT LONG → stop_loss @ 26376.45 | PnL=-2.47% (net -2.57%) | cum=-27.60% 2023-05=-11.17% 2023-05-24=-2.57%
[predict] 2023-05-25 08:00 BTCUSDT → LONG (proba=0.68 TP=5.7%/SL=2.8%)
[trade:open] 2023-05-25 15:59 BTCUSDT LONG @ 26216.90 | SL=25475.88 TP=27698.93 | timeout=2023-06-01 15:59
[trade:close] 2023-05-28 23:59 BTCUSDT LONG → take_profit @ 27698.93 | PnL=+5.65% (net +5.55%) | cum=-22.04% 2023-05=-5.62% 2023-05-28=+5.55%
[predict] 2023-05-30 00:00 BTCUSDT → LONG (proba=0.76 TP=5.4%/SL=2.7%)
[trade:open] 2023-05-30 07:59 BTCUSDT LONG @ 27721.00 | SL=26977.26 TP=29208.48 | timeout=2023-06-06 07:59
[trade:close] 2023-05-31 07:59 BTCUSDT LONG → stop_loss @ 26977.26 | PnL=-2.68% (net -2.78%) | cum=-24.83% 2023-05=-8.40% 2023-05-31=-2.78%
[lgbm] === Training for 2023-06 ===
  Train window: 2021-06-01 → 2023-05-24
  2168 training samples from 1 symbols
  Samples per month: 2021-06: 90, 2021-07: 93, 2021-08: 93, 2021-09: 90, 2021-10: 93, 2021-11: 90, 2021-12: 93, 2022-01: 93, 2022-02: 84, 2022-03: 93, 2022-04: 90, 2022-05: 93, 2022-06: 90, 2022-07: 93, 2022-08: 93, 2022-09: 90, 2022-10: 93, 2022-11: 90, 2022-12: 93, 2023-01: 93, 2023-02: 84, 2023-03: 93, 2023-04: 90, 2023-05: 71
  [label] 2021-08-01 16:00 BTCUSDT entry=39846.7800 → LONG | long=timeout(+9.79%) short=sl(-7.05%) | scanned=22 | no_tp→fwd_return=+9.8902
  [label] 2021-08-03 16:00 BTCUSDT entry=38203.2600 → LONG | long=tp(+13.29%) short=sl(-6.80%) | scanned=9 | long_tp_only
  [label] 2021-08-07 16:00 BTCUSDT entry=44601.1100 → LONG | long=timeout(+5.47%) short=sl(-6.41%) | scanned=22 | no_tp→fwd_return=+5.5663
  [label] 2021-09-01 08:00 BTCUSDT entry=47527.6900 → LONG | long=tp(+8.12%) short=sl(-4.21%) | scanned=13 | long_tp_only
  [label] 2021-10-23 16:00 BTCUSDT entry=61325.1100 → LONG | long=sl(-5.50%) short=timeout(-1.03%) | scanned=22 | no_tp→fwd_return=+0.9296
  [label] 2022-04-07 16:00 BTCUSDT entry=43417.1000 → SHORT | long=sl(-4.31%) short=tp(+8.31%) | scanned=12 | short_tp_only
  [label] 2022-04-11 16:00 BTCUSDT entry=39505.6000 → LONG | long=timeout(+3.14%) short=sl(-4.73%) | scanned=22 | no_tp→fwd_return=+3.2400
  [label] 2022-04-22 08:00 BTCUSDT entry=39414.6000 → SHORT | long=timeout(-1.18%) short=timeout(+0.98%) | scanned=22 | no_tp→fwd_return=-1.0821
  [label] 2022-06-06 08:00 BTCUSDT entry=31529.8000 → SHORT | long=sl(-4.11%) short=tp(+7.92%) | scanned=13 | short_tp_only
  [label] 2022-06-14 16:00 BTCUSDT entry=22122.7000 → SHORT | long=sl(-11.38%) short=timeout(+6.27%) | scanned=22 | no_tp→fwd_return=-6.3717
  [label] 2022-09-13 00:00 BTCUSDT entry=22267.8000 → SHORT | long=sl(-4.25%) short=tp(+8.20%) | scanned=2 | short_tp_only
  [label] 2022-10-15 00:00 BTCUSDT entry=19159.0000 → SHORT | long=timeout(-0.12%) short=timeout(-0.08%) | scanned=22 | no_tp→fwd_return=-0.0193
  [label] 2022-10-31 00:00 BTCUSDT entry=20537.2000 → LONG | long=timeout(+0.34%) short=sl(-2.89%) | scanned=22 | no_tp→fwd_return=+0.4426
  [label] 2022-11-12 16:00 BTCUSDT entry=16806.9000 → SHORT | long=timeout(-0.78%) short=timeout(+0.58%) | scanned=22 | no_tp→fwd_return=-0.6783
  [label] 2022-12-01 08:00 BTCUSDT entry=16970.5000 → SHORT | long=timeout(-0.47%) short=timeout(+0.27%) | scanned=22 | no_tp→fwd_return=-0.3701
  [label] 2022-12-07 16:00 BTCUSDT entry=16828.0000 → LONG | long=tp(+4.83%) short=sl(-2.56%) | scanned=17 | long_tp_only
  [label] 2022-12-20 00:00 BTCUSDT entry=16796.1000 → LONG | long=timeout(+0.28%) short=timeout(-0.48%) | scanned=22 | no_tp→fwd_return=+0.3781
  [label] 2023-01-28 08:00 BTCUSDT entry=23004.7000 → LONG | long=timeout(+1.71%) short=sl(-3.64%) | scanned=22 | no_tp→fwd_return=+1.8057
  [label] 2023-02-07 08:00 BTCUSDT entry=22898.8000 → SHORT | long=sl(-3.06%) short=tp(+5.82%) | scanned=9 | short_tp_only
  [label] 2023-05-04 08:00 BTCUSDT entry=28850.0000 → SHORT | long=sl(-3.96%) short=timeout(+5.74%) | scanned=22 | no_tp→fwd_return=-5.8360
  Labels: 1055 long (48.7%), 1113 short (51.3%) | weights: min=1.00, mean=3.35, max=10.00
  Features: 2168/2168 matched, 47 columns
  CV gap: 22 rows
  [ensemble 1/3] seed=42
    [trial 0] 47 features, training_days=480 | threshold=0.631 | labels: 1055 long, 1113 short (49/51%)
    [CV fold 0] train_end=2021-09-22 08:00 | val_start=2021-09-30 00:00 | gap=184h (22 rows)
    [CV fold 1] train_end=2022-01-20 16:00 | val_start=2022-01-28 08:00 | gap=184h (22 rows)
    [CV fold 2] train_end=2022-05-21 00:00 | val_start=2022-05-28 16:00 | gap=184h (22 rows)
    [CV fold 3] train_end=2022-09-18 08:00 | val_start=2022-09-26 00:00 | gap=184h (22 rows)
    [CV fold 4] train_end=2023-01-16 16:00 | val_start=2023-01-24 08:00 | gap=184h (22 rows)
    [trial 0] Sharpe=-0.0721 (folds: 0.1842, -0.3975, -0.1010, -0.0246, -0.0218)
    [trial 1] 47 features, training_days=420 | threshold=0.839 | labels: 1055 long, 1113 short (49/51%)
    [trial 1] Sharpe=-2.2687 (folds: 0.4749, -0.2377, -0.4647, -10.0000, -1.1161)
    [trial 2] 47 features, training_days=190 | threshold=0.602 | labels: 1055 long, 1113 short (49/51%)
    [trial 2] Sharpe=-0.0481 (folds: 0.1595, -0.2731, -0.0913, -0.1365, 0.1009)
    [trial 3] 47 features, training_days=490 | threshold=0.832 | labels: 1055 long, 1113 short (49/51%)
    [trial 3] Sharpe=-0.0974 (folds: 0.1416, -0.3026, -0.1928, -0.1417, 0.0086)
    [trial 4] 47 features, training_days=340 | threshold=0.591 | labels: 1055 long, 1113 short (49/51%)
    [trial 4] Sharpe=-0.0632 (folds: 0.2370, -0.3104, -0.0768, -0.2623, 0.0966)
    [trial 5] 47 features, training_days=50 | threshold=0.823 | labels: 1055 long, 1113 short (49/51%)
    [trial 5] Sharpe=0.1006 (folds: 0.1635, 0.0093, 0.0586, 0.2009, 0.0705)
    [trial 6] 47 features, training_days=410 | threshold=0.549 | labels: 1055 long, 1113 short (49/51%)
    [trial 6] Sharpe=-0.0531 (folds: 0.1834, -0.3487, -0.0744, -0.1715, 0.1459)[I 2026-06-01 14:58:23,900] Trial 6 finished with value: -0.05305608238324646 and parameters: {'confidence_threshold': 0.5493234787411669, 'training_days': 410, 'n_estimators': 83, 'max_depth': 5, 'num_leaves': 52, 'learning_rate': 0.019657448966046126, 'subsample': 0.5027610585618012, 'colsample_bytree': 0.9077307142274171, 'min_child_samples': 77, 'reg_alpha': 0.03639690979811287, 'reg_lambda': 0.08738424135626986}. Best is trial 5 with value: 0.10055290943790547.
[I 2026-06-01 14:58:24,000] Trial 7 finished with value: -0.018471297354867307 and parameters: {'confidence_threshold': 0.5259156281069316, 'training_days': 180, 'n_estimators': 102, 'max_depth': 5, 'num_leaves': 45, 'learning_rate': 0.030816017044468066, 'subsample': 0.5317791751430119, 'colsample_bytree': 0.6554911608578311, 'min_child_samples': 46, 'reg_alpha': 0.036851536911881845, 'reg_lambda': 0.005470376807480391}. Best is trial 5 with value: 0.10055290943790547.
[I 2026-06-01 14:58:24,096] Trial 8 finished with value: -0.0848088168867217 and parameters: {'confidence_threshold': 0.8105244599017143, 'training_days': 240, 'n_estimators': 103, 'max_depth': 5, 'num_leaves': 52, 'learning_rate': 0.06746437142284309, 'subsample': 0.8854835899772805, 'colsample_bytree': 0.7468977981821954, 'min_child_samples': 62, 'reg_alpha': 7.04480806377519e-05, 'reg_lambda': 1.6934490731313353e-08}. Best is trial 5 with value: 0.10055290943790547.
[I 2026-06-01 14:58:24,121] Trial 9 finished with value: 0.020689412758396603 and parameters: {'confidence_threshold': 0.5377619994476566, 'training_days': 20, 'n_estimators': 337, 'max_depth': 3, 'num_leaves': 39, 'learning_rate': 0.21907142272152816, 'subsample': 0.6246461145744375, 'colsample_bytree': 0.7051914615178149, 'min_child_samples': 81, 'reg_alpha': 1.1459970229341322e-06, 'reg_lambda': 4.929685216887945e-08}. Best is trial 5 with value: 0.10055290943790547.
[I 2026-06-01 14:58:24,157] Trial 10 finished with value: 0.020689412758396603 and parameters: {'confidence_threshold': 0.7318981109748116, 'training_days': 10, 'n_estimators': 487, 'max_depth': 4, 'num_leaves': 31, 'learning_rate': 0.14704103471568217, 'subsample': 0.628963476300746, 'colsample_bytree': 0.987470107623585, 'min_child_samples': 25, 'reg_alpha': 2.608784411827665e-05, 'reg_lambda': 3.3639426888455256e-06}. Best is trial 5 with value: 0.10055290943790547.
[I 2026-06-01 14:58:24,186] Trial 11 finished with value: 0.020689412758396603 and parameters: {'confidence_threshold': 0.715357026933722, 'training_days': 20, 'n_estimators': 291, 'max_depth': 3, 'num_leaves': 33, 'learning_rate': 0.29081576079680116, 'subsample': 0.6496599335113177, 'colsample_bytree': 0.8271697325369484, 'min_child_samples': 92, 'reg_alpha': 1.8335640581015016e-06, 'reg_lambda': 1.7775498934647403e-05}. Best is trial 5 with value: 0.10055290943790547.
[I 2026-06-01 14:58:24,263] Trial 12 finished with value: 0.0522112730925131 and parameters: {'confidence_threshold': 0.7456670193224102, 'training_days': 90, 'n_estimators': 293, 'max_depth': 3, 'num_leaves': 33, 'learning_rate': 0.2959628420607887, 'subsample': 0.6274745095999714, 'colsample_bytree': 0.6562433298545489, 'min_child_samples': 84, 'reg_alpha': 3.1740335584318674e-06, 'reg_lambda': 7.90277059723651e-05}. Best is trial 5 with value: 0.10055290943790547.
[I 2026-06-01 14:58:24,373] Trial 13 finished with value: 0.018538198452296296 and parameters: {'confidence_threshold': 0.7624124070703755, 'training_days': 110, 'n_estimators': 216, 'max_depth': 3, 'num_leaves': 62, 'learning_rate': 0.034579577583053196, 'subsample': 0.6866291716128416, 'colsample_bytree': 0.5961799392941978, 'min_child_samples': 46, 'reg_alpha': 3.219567910488193e-08, 'reg_lambda': 6.437971469334524e-05}. Best is trial 5 with value: 0.10055290943790547.
[I 2026-06-01 14:58:24,509] Trial 14 finished with value: 0.03679953729769729 and parameters: {'confidence_threshold': 0.7871652886153421, 'training_days': 100, 'n_estimators': 293, 'max_depth': 3, 'num_leaves': 30, 'learning_rate': 0.09395165460556847, 'subsample': 0.5808433054196197, 'colsample_bytree': 0.8116145799213325, 'min_child_samples': 31, 'reg_alpha': 8.087111731072225e-06, 'reg_lambda': 0.0006284807489164356}. Best is trial 5 with value: 0.10055290943790547.
[I 2026-06-01 14:58:24,570] Trial 15 finished with value: -1.8248930717783012 and parameters: {'confidence_threshold': 0.68820614279707, 'training_days': 100, 'n_estimators': 173, 'max_depth': 4, 'num_leaves': 36, 'learning_rate': 0.010224581003826526, 'subsample': 0.8136675614356086, 'colsample_bytree': 0.6456525560230941, 'min_child_samples': 86, 'reg_alpha': 0.00018356690002697935, 'reg_lambda': 0.019345028254750467}. Best is trial 5 with value: 0.10055290943790547.
[I 2026-06-01 14:58:24,692] Trial 16 finished with value: -0.00542564228141928 and parameters: {'confidence_threshold': 0.7621455737048434, 'training_days': 160, 'n_estimators': 246, 'max_depth': 3, 'num_leaves': 16, 'learning_rate': 0.15226808481482748, 'subsample': 0.6022959818573481, 'colsample_bytree': 0.8000073282539127, 'min_child_samples': 53, 'reg_alpha': 2.609148149670165e-07, 'reg_lambda': 1.5949783981171654e-06}. Best is trial 5 with value: 0.10055290943790547.
[I 2026-06-01 14:58:25,018] Trial 17 finished with value: -0.08271372072015007 and parameters: {'confidence_threshold': 0.6638080805792761, 'training_days': 290, 'n_estimators': 341, 'max_depth': 4, 'num_leaves': 28, 'learning_rate': 0.04302553031342478, 'subsample': 0.6977080924048726, 'colsample_bytree': 0.9956385980717998, 'min_child_samples': 32, 'reg_alpha': 0.0010683492215599372, 'reg_lambda': 0.00020614774879284444}. Best is trial 5 with value: 0.10055290943790547.
[I 2026-06-01 14:58:25,232] A new study created in memory with name: no-name-b3a70636-6560-4a0b-9381-970b787a470c
[I 2026-06-01 14:58:25,338] Trial 0 finished with value: -0.10892707043372254 and parameters: {'confidence_threshold': 0.7437642149592516, 'training_days': 150, 'n_estimators': 152, 'max_depth': 4, 'num_leaves': 50, 'learning_rate': 0.04216766425047743, 'subsample': 0.9903820991923078, 'colsample_bytree': 0.8424148692924316, 'min_child_samples': 58, 'reg_alpha': 3.381097259762742e-05, 'reg_lambda': 1.2263152961306247e-05}. Best is trial 0 with value: -0.10892707043372254.
[I 2026-06-01 14:58:25,404] Trial 1 finished with value: -3.9090464376835983 and parameters: {'confidence_threshold': 0.7551673975844145, 'training_days': 220, 'n_estimators': 76, 'max_depth': 4, 'num_leaves': 51, 'learning_rate': 0.018602118810743477, 'subsample': 0.5877258780737462, 'colsample_bytree': 0.7657756869209191, 'min_child_samples': 63, 'reg_alpha': 0.005123994170264194, 'reg_lambda': 0.44145470178120466}. Best is trial 0 with value: -0.10892707043372254.
[I 2026-06-01 14:58:25,663] Trial 2 finished with value: -0.07165154733430681 and parameters: {'confidence_threshold': 0.7535593637012223, 'training_days': 310, 'n_estimators': 375, 'max_depth': 3, 'num_leaves': 32, 'learning_rate': 0.021735641882032388, 'subsample': 0.6468570231944146, 'colsample_bytree': 0.8154880619272439, 'min_child_samples': 27, 'reg_alpha': 8.004064028491336e-05, 'reg_lambda': 7.546835261630524e-05}. Best is trial 2 with value: -0.07165154733430681.
[I 2026-06-01 14:58:25,829] Trial 3 finished with value: -0.07902539636909192 and parameters: {'confidence_threshold': 0.6727897841776072, 'training_days': 220, 'n_estimators': 190, 'max_depth': 4, 'num_leaves': 58, 'learning_rate': 0.24810689332636193, 'subsample': 0.7509183379421682, 'colsample_bytree': 0.8119764758960556, 'min_child_samples': 29, 'reg_alpha': 7.1708285081421445e-06, 'reg_lambda': 5.412973582738627e-05}. Best is trial 2 with value: -0.07165154733430681.
[I 2026-06-01 14:58:25,947] Trial 4 finished with value: -0.04187485580197918 and parameters: {'confidence_threshold': 0.803208205259178, 'training_days': 130, 'n_estimators': 267, 'max_depth': 5, 'num_leaves': 40, 'learning_rate': 0.08041175317374143, 'subsample': 0.5603143329951619, 'colsample_bytree': 0.9131704002534167, 'min_child_samples': 68, 'reg_alpha': 0.0008046593428183385, 'reg_lambda': 1.2158346158765583e-05}. Best is trial 4 with value: -0.04187485580197918.
[I 2026-06-01 14:58:26,173] Trial 5 finished with value: -0.02527185937118729 and parameters: {'confidence_threshold': 0.6064422761595144, 'training_days': 210, 'n_estimators': 357, 'max_depth': 5, 'num_leaves': 40, 'learning_rate': 0.0974221287220869, 'subsample': 0.7929682762811064, 'colsample_bytree': 0.8124517510478, 'min_child_samples': 74, 'reg_alpha': 0.3811377260781234, 'reg_lambda': 5.607314238392041e-08}. Best is trial 5 with value: -0.02527185937118729.
[I 2026-06-01 14:58:26,290] Trial 6 finished with value: -0.032240934876937445 and parameters: {'confidence_threshold': 0.7672889945051684, 'training_days': 130, 'n_estimators': 137, 'max_depth': 4, 'num_leaves': 19, 'learning_rate': 0.2031117614248665, 'subsample': 0.8136244860256343, 'colsample_bytree': 0.8617081790949774, 'min_child_samples': 21, 'reg_alpha': 0.002238138278733199, 'reg_lambda': 0.001025809534977322}. Best is trial 5 with value: -0.02527185937118729.
[I 2026-06-01 14:58:26,367] Trial 7 finished with value: 0.022678258191088735 and parameters: {'confidence_threshold': 0.555635875450653, 'training_days': 80, 'n_estimators': 363, 'max_depth': 3, 'num_leaves': 48, 'learning_rate': 0.06590089024008658, 'subsample': 0.6944752870615722, 'colsample_bytree': 0.962566244806993, 'min_child_samples': 88, 'reg_alpha': 1.6465620446426067e-05, 'reg_lambda': 2.4678750890085655e-08}. Best is trial 7 with value: 0.022678258191088735.
[I 2026-06-01 14:58:26,690] Trial 8 finished with value: -0.08551204657936677 and parameters: {'confidence_threshold': 0.6066688256938841, 'training_days': 200, 'n_estimators': 367, 'max_depth': 5, 'num_leaves': 32, 'learning_rate': 0.13377519215934996, 'subsample': 0.7965884582811106, 'colsample_bytree': 0.8458508993500886, 'min_child_samples': 32, 'reg_alpha': 3.889436043816386e-05, 'reg_lambda': 1.4713062489380356e-06}. Best is trial 7 with value: 0.022678258191088735.
[I 2026-06-01 14:58:26,893] Trial 9 finished with value: -0.07963371317773746 and parameters: {'confidence_threshold': 0.6202096049169137, 'training_days': 260, 'n_estimators': 350, 'max_depth': 3, 'num_leaves': 21, 'learning_rate': 0.02989540198065364, 'subsample': 0.8307821683331218, 'colsample_bytree': 0.923253112635361, 'min_child_samples': 64, 'reg_alpha': 0.4898604619604203, 'reg_lambda': 2.9076377687066166e-05}. Best is trial 7 with value: 0.022678258191088735.
[I 2026-06-01 14:58:26,924] Trial 10 finished with value: 0.020689412758396603 and parameters: {'confidence_threshold': 0.5248809389721337, 'training_days': 10, 'n_estimators': 493, 'max_depth': 3, 'num_leaves': 63, 'learning_rate': 0.010221918552934462, 'subsample': 0.667749445701178, 'colsample_bytree': 0.6202684210924141, 'min_child_samples': 99, 'reg_alpha': 1.3884210513841762e-08, 'reg_lambda': 0.02273343343290072}. Best is trial 7 with value: 0.022678258191088735.
[I 2026-06-01 14:58:26,958] Trial 11 finished with value: 0.020689412758396603 and parameters: {'confidence_threshold': 0.5048591005447424, 'training_days': 10, 'n_estimators': 493, 'max_depth': 3, 'num_leaves': 63, 'learning_rate': 0.010535067237031162, 'subsample': 0.6714365294218261, 'colsample_bytree': 0.6012148974081734, 'min_child_samples': 100, 'reg_alpha': 1.0389779167265952e-08, 'reg_lambda': 0.024688016606578794}. Best is trial 7 with value: 0.022678258191088735.
[I 2026-06-01 14:58:27,224] Trial 12 finished with value: -0.02404596890264072 and parameters: {'confidence_threshold': 0.5106153216696881, 'training_days': 470, 'n_estimators': 498, 'max_depth': 3, 'num_leaves': 51, 'learning_rate': 0.05809128784912797, 'subsample': 0.6772104159737814, 'colsample_bytree': 0.5773925919454104, 'min_child_samples': 100, 'reg_alpha': 1.5145546872493305e-08, 'reg_lambda': 0.007411726388141345}. Best is trial 7 with value: 0.022678258191088735.
[I 2026-06-01 14:58:27,258] Trial 13 finished with value: 0.020689412758396603 and parameters: {'confidence_threshold': 0.5577371477731788, 'training_days': 10, 'n_estimators': 442, 'max_depth': 3, 'num_leaves': 63, 'learning_rate': 0.013937231793681828, 'subsample': 0.5024707401359401, 'colsample_bytree': 0.6759494634110215, 'min_child_samples': 84, 'reg_alpha': 5.421237391699009e-07, 'reg_lambda': 2.7437299203534646}. Best is trial 7 with value: 0.022678258191088735.
[I 2026-06-01 14:58:27,333] Trial 14 finished with value: -0.024141690172769174 and parameters: {'confidence_threshold': 0.5544398013533722, 'training_days': 70, 'n_estimators': 284, 'max_depth': 3, 'num_leaves': 56, 'learning_rate': 0.04074110489853438, 'subsample': 0.9182426786262438, 'colsample_bytree': 0.5045764719392084, 'min_child_samples': 86, 'reg_alpha': 6.598094881431677e-07, 'reg_lambda': 3.40293644637662e-08}. Best is trial 7 with value: 0.022678258191088735.
[I 2026-06-01 14:58:27,480] Trial 15 finished with value: 0.007346862453787817 and parameters: {'confidence_threshold': 0.5551423717289237, 'training_days': 80, 'n_estimators': 436, 'max_depth': 4, 'num_leaves': 45, 'learning_rate': 0.06438916159282569, 'subsample': 0.7116438232553023, 'colsample_bytree': 0.9908474303106444, 'min_child_samples': 46, 'reg_alpha': 5.011892081220446e-07, 'reg_lambda': 0.05138157439645094}. Best is trial 7 with value: 0.022678258191088735.
