[I 2026-06-01 15:03:25,224] Trial 17 finished with value: -0.052439968693585415 and parameters: {'confidence_threshold': 0.5617278450091161, 'training_days': 430, 'n_estimators': 230, 'max_depth': 3, 'num_leaves': 32, 'learning_rate': 0.19769141751608604, 'subsample': 0.8710241725890091, 'colsample_bytree': 0.9834860805066139, 'min_child_samples': 52, 'reg_alpha': 1.4483964421057927e-06, 'reg_lambda': 0.22645826205079594}. Best is trial 11 with value: -0.0034883576971249386.
[I 2026-06-01 15:03:25,718] A new study created in memory with name: no-name-264b9b60-e1b5-43cd-bff6-e345f44faef0
[I 2026-06-01 15:03:25,941] Trial 0 finished with value: -0.08721976270600591 and parameters: {'confidence_threshold': 0.5870645682749857, 'training_days': 90, 'n_estimators': 403, 'max_depth': 5, 'num_leaves': 45, 'learning_rate': 0.0780457193679974, 'subsample': 0.9428509515574568, 'colsample_bytree': 0.8795587339164916, 'min_child_samples': 34, 'reg_alpha': 2.2465901234314442e-07, 'reg_lambda': 8.339007036475363e-05}. Best is trial 0 with value: -0.08721976270600591.
[I 2026-06-01 15:03:26,062] Trial 1 finished with value: -0.15453185532296165 and parameters: {'confidence_threshold': 0.6348453934275313, 'training_days': 290, 'n_estimators': 115, 'max_depth': 5, 'num_leaves': 37, 'learning_rate': 0.06949568759029946, 'subsample': 0.8228505074024268, 'colsample_bytree': 0.8616703220431751, 'min_child_samples': 75, 'reg_alpha': 4.2486822725010923e-07, 'reg_lambda': 1.157247767047042e-07}. Best is trial 0 with value: -0.08721976270600591.
[I 2026-06-01 15:03:26,084] Trial 2 finished with value: -0.126101363148315 and parameters: {'confidence_threshold': 0.5849570384370288, 'training_days': 10, 'n_estimators': 212, 'max_depth': 3, 'num_leaves': 41, 'learning_rate': 0.18452095998378365, 'subsample': 0.6001060822924371, 'colsample_bytree': 0.5673167293506167, 'min_child_samples': 37, 'reg_alpha': 5.733250064217131, 'reg_lambda': 0.5308454292595461}. Best is trial 0 with value: -0.08721976270600591.
[I 2026-06-01 15:03:26,171] Trial 3 finished with value: -0.19793992103198993 and parameters: {'confidence_threshold': 0.6868248626683718, 'training_days': 220, 'n_estimators': 134, 'max_depth': 3, 'num_leaves': 45, 'learning_rate': 0.033529007907491595, 'subsample': 0.8647277071858408, 'colsample_bytree': 0.778494116634046, 'min_child_samples': 96, 'reg_alpha': 2.409409937265785e-07, 'reg_lambda': 1.1642073478060009}. Best is trial 0 with value: -0.08721976270600591.
[I 2026-06-01 15:03:26,260] Trial 4 finished with value: -0.0963048624233066 and parameters: {'confidence_threshold': 0.5623121348350352, 'training_days': 300, 'n_estimators': 69, 'max_depth': 4, 'num_leaves': 32, 'learning_rate': 0.14967629360700346, 'subsample': 0.5054535233636654, 'colsample_bytree': 0.7401385194659216, 'min_child_samples': 27, 'reg_alpha': 1.4212042567426725e-07, 'reg_lambda': 0.23605753701352003}. Best is trial 0 with value: -0.08721976270600591.
[I 2026-06-01 15:03:26,704] Trial 5 finished with value: -0.06020042571052746 and parameters: {'confidence_threshold': 0.7111850244908446, 'training_days': 490, 'n_estimators': 362, 'max_depth': 5, 'num_leaves': 40, 'learning_rate': 0.05960785724162737, 'subsample': 0.5589714368907717, 'colsample_bytree': 0.6659006943232806, 'min_child_samples': 42, 'reg_alpha': 0.6741360303045295, 'reg_lambda': 6.054601607143087e-08}. Best is trial 5 with value: -0.06020042571052746.
[I 2026-06-01 15:03:26,896] Trial 6 finished with value: -0.14151124641220922 and parameters: {'confidence_threshold': 0.667482545748023, 'training_days': 420, 'n_estimators': 279, 'max_depth': 3, 'num_leaves': 45, 'learning_rate': 0.040099592560849204, 'subsample': 0.8563114696415159, 'colsample_bytree': 0.5442917781944105, 'min_child_samples': 50, 'reg_alpha': 1.6407916423707903e-08, 'reg_lambda': 2.935907642973286e-05}. Best is trial 5 with value: -0.06020042571052746.
[I 2026-06-01 15:03:27,076] Trial 7 finished with value: -0.11152920203757988 and parameters: {'confidence_threshold': 0.5497381024139926, 'training_days': 120, 'n_estimators': 408, 'max_depth': 5, 'num_leaves': 38, 'learning_rate': 0.28049122657745795, 'subsample': 0.8806573338635493, 'colsample_bytree': 0.5454054113547102, 'min_child_samples': 63, 'reg_alpha': 0.01263008637940408, 'reg_lambda': 0.04588020805366937}. Best is trial 5 with value: -0.06020042571052746.
[I 2026-06-01 15:03:27,342] Trial 8 finished with value: -0.02256293281988017 and parameters: {'confidence_threshold': 0.719644804808716, 'training_days': 450, 'n_estimators': 410, 'max_depth': 4, 'num_leaves': 57, 'learning_rate': 0.04022026551478857, 'subsample': 0.5336085426932707, 'colsample_bytree': 0.5705742850577543, 'min_child_samples': 100, 'reg_alpha': 5.916398047912201e-07, 'reg_lambda': 0.9794034214488329}. Best is trial 8 with value: -0.02256293281988017.
[I 2026-06-01 15:03:27,368] Trial 9 finished with value: -5.9715425490032 and parameters: {'confidence_threshold': 0.7267463643917187, 'training_days': 20, 'n_estimators': 337, 'max_depth': 5, 'num_leaves': 23, 'learning_rate': 0.022153031811454605, 'subsample': 0.6305627572358737, 'colsample_bytree': 0.6613413774216214, 'min_child_samples': 81, 'reg_alpha': 5.7638634029410314e-08, 'reg_lambda': 8.26603016764008}. Best is trial 8 with value: -0.02256293281988017.

    [trial 9] Sharpe=0.0319 (folds: 0.1612, -0.0556, 0.1807, -0.0883, -0.0384)
    [trial 10] 47 features, training_days=10 | threshold=0.745 | labels: 1242 long, 929 short (57/43%)
    [trial 10] Sharpe=-0.1261 (folds: -0.0105, -0.0556, -0.3303, -0.0883, -0.1458)
    [trial 11] 47 features, training_days=100 | threshold=0.713 | labels: 1242 long, 929 short (57/43%)
    [trial 11] Sharpe=-0.0368 (folds: 0.2328, -0.0794, -0.1150, -0.1438, -0.0783)
    [trial 12] 47 features, training_days=320 | threshold=0.664 | labels: 1242 long, 929 short (57/43%)
    [trial 12] Sharpe=-0.0859 (folds: 0.0715, 0.0473, -0.2197, -0.2630, -0.0657)
    [trial 13] 47 features, training_days=130 | threshold=0.756 | labels: 1242 long, 929 short (57/43%)
    [trial 13] Sharpe=-0.0816 (folds: 0.1102, -0.2123, -0.0346, -0.1198, -0.1517)
    [trial 14] 47 features, training_days=500 | threshold=0.699 | labels: 1242 long, 929 short (57/43%)
    [trial 14] Sharpe=-0.0350 (folds: 0.1431, 0.0164, -0.1282, -0.2622, 0.0561)
    [trial 15] 47 features, training_days=290 | threshold=0.507 | labels: 1242 long, 929 short (57/43%)
    [trial 15] Sharpe=-0.0956 (folds: 0.1080, -0.0000, -0.2148, -0.2785, -0.0927)
    [trial 16] 47 features, training_days=380 | threshold=0.782 | labels: 1242 long, 929 short (57/43%)
    [trial 16] Sharpe=-0.0518 (folds: 0.1586, 0.0232, -0.1238, -0.2917, -0.0252)
    [trial 17] 47 features, training_days=190 | threshold=0.568 | labels: 1242 long, 929 short (57/43%)
    [trial 17] Sharpe=-0.0951 (folds: 0.1378, -0.0957, -0.1160, -0.1725, -0.2289)
  Optuna: 18 trials, best Sharpe = 0.0319
  Best params: n_estimators=337, max_depth=3, lr=0.2191, leaves=39
  Best confidence_threshold: 0.538
  Best training_days: 20
  Retrained on full data (60 samples, 47 features)
  [ensemble 2/3] seed=123
    [trial 0] 47 features, training_days=150 | threshold=0.744 | labels: 1242 long, 929 short (57/43%)
    [CV fold 0] train_end=2023-12-24 08:00 | val_start=2024-01-01 00:00 | gap=184h (22 rows)
    [CV fold 1] train_end=2024-04-22 16:00 | val_start=2024-04-30 08:00 | gap=184h (22 rows)
    [CV fold 2] train_end=2024-08-21 00:00 | val_start=2024-08-28 16:00 | gap=184h (22 rows)
    [CV fold 3] train_end=2024-12-19 08:00 | val_start=2024-12-27 00:00 | gap=184h (22 rows)
    [CV fold 4] train_end=2025-04-18 16:00 | val_start=2025-04-26 08:00 | gap=184h (22 rows)
    [trial 0] Sharpe=-0.1193 (folds: 0.1154, -0.1273, -0.1026, -0.1941, -0.2880)
    [trial 1] 47 features, training_days=220 | threshold=0.755 | labels: 1242 long, 929 short (57/43%)
    [trial 1] Sharpe=-3.9952 (folds: 0.2999, 0.1484, -10.0000, -0.4244, -10.0000)
    [trial 2] 47 features, training_days=310 | threshold=0.754 | labels: 1242 long, 929 short (57/43%)
    [trial 2] Sharpe=-0.2048 (folds: 0.0449, -0.0386, -0.2177, -0.3715, -0.4413)
    [trial 3] 47 features, training_days=220 | threshold=0.673 | labels: 1242 long, 929 short (57/43%)
    [trial 3] Sharpe=-0.0858 (folds: 0.0963, 0.0151, -0.0699, -0.2689, -0.2015)
    [trial 4] 47 features, training_days=130 | threshold=0.803 | labels: 1242 long, 929 short (57/43%)
    [trial 4] Sharpe=-0.1116 (folds: 0.1813, -0.2157, 0.0096, -0.3424, -0.1910)
    [trial 5] 47 features, training_days=210 | threshold=0.606 | labels: 1242 long, 929 short (57/43%)
    [trial 5] Sharpe=-0.1054 (folds: 0.1265, 0.0071, -0.1887, -0.2857, -0.1863)
    [trial 6] 47 features, training_days=130 | threshold=0.767 | labels: 1242 long, 929 short (57/43%)
    [trial 6] Sharpe=-0.0738 (folds: 0.0957, -0.0749, 0.0092, -0.1798, -0.2195)
    [trial 7] 47 features, training_days=80 | threshold=0.556 | labels: 1242 long, 929 short (57/43%)
    [trial 7] Sharpe=-0.0328 (folds: 0.2046, 0.0614, -0.0848, -0.1628, -0.1824)
    [trial 8] 47 features, training_days=200 | threshold=0.607 | labels: 1242 long, 929 short (57/43%)
    [trial 8] Sharpe=-0.1095 (folds: 0.1311, -0.0511, -0.2005, -0.3143, -0.1125)
    [trial 9] 47 features, training_days=260 | threshold=0.620 | labels: 1242 long, 929 short (57/43%)
    [trial 9] Sharpe=-0.0947 (folds: 0.1019, 0.0515, -0.1824, -0.2991, -0.1452)
    [trial 10] 47 features, training_days=10 | threshold=0.525 | labels: 1242 long, 929 short (57/43%)
    [trial 10] Sharpe=-0.1261 (folds: -0.0105, -0.0556, -0.3303, -0.0883, -0.1458)
    [trial 11] 47 features, training_days=480 | threshold=0.508 | labels: 1242 long, 929 short (57/43%)
    [trial 11] Sharpe=-0.0035 (folds: 0.1440, 0.0335, -0.0803, -0.2115, 0.0969)
    [trial 12] 47 features, training_days=500 | threshold=0.509 | labels: 1242 long, 929 short (57/43%)
    [trial 12] Sharpe=-0.0322 (folds: 0.1215, 0.0402, -0.1130, -0.2159, 0.0064)
    [trial 13] 47 features, training_days=500 | threshold=0.501 | labels: 1242 long, 929 short (57/43%)
    [trial 13] Sharpe=-0.0416 (folds: 0.1067, -0.0124, -0.0906, -0.2419, 0.0304)
    [trial 14] 47 features, training_days=490 | threshold=0.560 | labels: 1242 long, 929 short (57/43%)
    [trial 14] Sharpe=-0.0307 (folds: 0.1439, -0.0135, -0.0427, -0.2372, -0.0039)
    [trial 15] 47 features, training_days=400 | threshold=0.567 | labels: 1242 long, 929 short (57/43%)
    [trial 15] Sharpe=-0.0465 (folds: 0.1070, 0.0223, -0.0427, -0.2473, -0.0718)
    [trial 16] 47 features, training_days=390 | threshold=0.671 | labels: 1242 long, 929 short (57/43%)
    [trial 16] Sharpe=-0.0835 (folds: 0.1546, 0.0237, -0.0900, -0.3831, -0.1228)
    [trial 17] 47 features, training_days=430 | threshold=0.562 | labels: 1242 long, 929 short (57/43%)
    [trial 17] Sharpe=-0.0524 (folds: 0.1244, 0.0265, -0.0965, -0.2901, -0.0267)
  Optuna: 18 trials, best Sharpe = -0.0035
  Best params: n_estimators=51, max_depth=3, lr=0.2945, leaves=18
  Best confidence_threshold: 0.508
  Best training_days: 480
  Retrained on full data (1440 samples, 47 features)
  [ensemble 3/3] seed=456
    [trial 0] 47 features, training_days=90 | threshold=0.587 | labels: 1242 long, 929 short (57/43%)
    [CV fold 0] train_end=2023-12-24 08:00 | val_start=2024-01-01 00:00 | gap=184h (22 rows)
    [CV fold 1] train_end=2024-04-22 16:00 | val_start=2024-04-30 08:00 | gap=184h (22 rows)
    [CV fold 2] train_end=2024-08-21 00:00 | val_start=2024-08-28 16:00 | gap=184h (22 rows)
    [CV fold 3] train_end=2024-12-19 08:00 | val_start=2024-12-27 00:00 | gap=184h (22 rows)
    [CV fold 4] train_end=2025-04-18 16:00 | val_start=2025-04-26 08:00 | gap=184h (22 rows)
    [trial 0] Sharpe=-0.0872 (folds: 0.0855, -0.1491, -0.0184, -0.1993, -0.1548)
    [trial 1] 47 features, training_days=290 | threshold=0.635 | labels: 1242 long, 929 short (57/43%)
    [trial 1] Sharpe=-0.1545 (folds: 0.1798, 0.0178, -0.3035, -0.5158, -0.1509)
    [trial 2] 47 features, training_days=10 | threshold=0.585 | labels: 1242 long, 929 short (57/43%)
    [trial 2] Sharpe=-0.1261 (folds: -0.0105, -0.0556, -0.3303, -0.0883, -0.1458)
    [trial 3] 47 features, training_days=220 | threshold=0.687 | labels: 1242 long, 929 short (57/43%)
    [trial 3] Sharpe=-0.1979 (folds: 0.1077, -0.0085, -0.1607, -0.3302, -0.5980)
    [trial 4] 47 features, training_days=300 | threshold=0.562 | labels: 1242 long, 929 short (57/43%)
    [trial 4] Sharpe=-0.0963 (folds: 0.0763, -0.0208, -0.1449, -0.3166, -0.0755)
    [trial 5] 47 features, training_days=490 | threshold=0.711 | labels: 1242 long, 929 short (57/43%)
    [trial 5] Sharpe=-0.0602 (folds: 0.1271, 0.0036, -0.1301, -0.3468, 0.0452)
    [trial 6] 47 features, training_days=420 | threshold=0.667 | labels: 1242 long, 929 short (57/43%)
    [trial 6] Sharpe=-0.1415 (folds: 0.0691, 0.0165, -0.1869, -0.4118, -0.1944)
    [trial 7] 47 features, training_days=120 | threshold=0.550 | labels: 1242 long, 929 short (57/43%)
    [trial 7] Sharpe=-0.1115 (folds: 0.1139, -0.1454, -0.1067, -0.2842, -0.1352)
    [trial 8] 47 features, training_days=450 | threshold=0.720 | labels: 1242 long, 929 short (57/43%)
    [trial 8] Sharpe=-0.0226 (folds: 0.1820, 0.0490, -0.1088, -0.2868, 0.0518)
    [trial 9] 47 features, training_days=20 | threshold=0.727 | labels: 1242 long, 929 short (57/43%)
    [trial 9] Sharpe=-5.9715 (folds: -10.0000, -10.0000, 0.1807, -10.0000, -0.0384)
    [trial 10] 47 features, training_days=400 | threshold=0.828 | labels: 1242 long, 929 short (57/43%)[I 2026-06-01 15:03:27,737] Trial 10 finished with value: -1.9209408739673854 and parameters: {'confidence_threshold': 0.8283920119574972, 'training_days': 400, 'n_estimators': 485, 'max_depth': 4, 'num_leaves': 63, 'learning_rate': 0.011927505552849117, 'subsample': 0.7130289643560688, 'colsample_bytree': 0.9944479338273263, 'min_child_samples': 100, 'reg_alpha': 5.0239970328459277e-05, 'reg_lambda': 0.0028438774509831773}. Best is trial 8 with value: -0.02256293281988017.
[I 2026-06-01 15:03:28,181] Trial 11 finished with value: -0.06525563103384568 and parameters: {'confidence_threshold': 0.7828153509856824, 'training_days': 500, 'n_estimators': 478, 'max_depth': 4, 'num_leaves': 59, 'learning_rate': 0.0222741777320615, 'subsample': 0.5003027816920045, 'colsample_bytree': 0.6246686715546547, 'min_child_samples': 49, 'reg_alpha': 2.6958450673238232, 'reg_lambda': 7.301445086692247e-08}. Best is trial 8 with value: -0.02256293281988017.
[I 2026-06-01 15:03:28,581] Trial 12 finished with value: -0.02102578471004175 and parameters: {'confidence_threshold': 0.7449212105048096, 'training_days': 500, 'n_estimators': 347, 'max_depth': 4, 'num_leaves': 54, 'learning_rate': 0.09755048120687658, 'subsample': 0.6022227642274884, 'colsample_bytree': 0.6706001178156101, 'min_child_samples': 21, 'reg_alpha': 0.00012116501730499813, 'reg_lambda': 2.478240238014353e-06}. Best is trial 12 with value: -0.02102578471004175.
[I 2026-06-01 15:03:28,830] Trial 13 finished with value: -0.04575439349362674 and parameters: {'confidence_threshold': 0.7586389545742787, 'training_days': 390, 'n_estimators': 285, 'max_depth': 4, 'num_leaves': 55, 'learning_rate': 0.11103991276377337, 'subsample': 0.6929897904712939, 'colsample_bytree': 0.7320007559987858, 'min_child_samples': 67, 'reg_alpha': 2.9716856149451377e-05, 'reg_lambda': 5.999559017841921e-06}. Best is trial 12 with value: -0.02102578471004175.
[I 2026-06-01 15:03:29,266] Trial 14 finished with value: -0.055778390637068576 and parameters: {'confidence_threshold': 0.844753858326271, 'training_days': 440, 'n_estimators': 420, 'max_depth': 4, 'num_leaves': 52, 'learning_rate': 0.11117338546313953, 'subsample': 0.6488708400071765, 'colsample_bytree': 0.5075251400703611, 'min_child_samples': 22, 'reg_alpha': 0.002747755782769068, 'reg_lambda': 0.0024960979461312255}. Best is trial 12 with value: -0.02102578471004175.
[I 2026-06-01 15:03:29,439] Trial 15 finished with value: -0.006259221980412006 and parameters: {'confidence_threshold': 0.7785734141251348, 'training_days': 360, 'n_estimators': 212, 'max_depth': 4, 'num_leaves': 52, 'learning_rate': 0.04417310762823144, 'subsample': 0.5687154683394584, 'colsample_bytree': 0.6113908567963073, 'min_child_samples': 88, 'reg_alpha': 5.162288371303458e-06, 'reg_lambda': 1.8962712921355723e-06}. Best is trial 15 with value: -0.006259221980412006.
[I 2026-06-01 15:03:29,612] Trial 16 finished with value: 0.02959606435847289 and parameters: {'confidence_threshold': 0.7809712285122007, 'training_days': 340, 'n_estimators': 189, 'max_depth': 4, 'num_leaves': 51, 'learning_rate': 0.021342803802310486, 'subsample': 0.7543865421398536, 'colsample_bytree': 0.6324046736404372, 'min_child_samples': 82, 'reg_alpha': 5.244624505524739e-06, 'reg_lambda': 1.3915105336812677e-06}. Best is trial 16 with value: 0.02959606435847289.
[I 2026-06-01 15:03:29,765] Trial 17 finished with value: -6.004094479411713 and parameters: {'confidence_threshold': 0.7873735958410488, 'training_days': 340, 'n_estimators': 198, 'max_depth': 3, 'num_leaves': 51, 'learning_rate': 0.011680224872060945, 'subsample': 0.8002407697944357, 'colsample_bytree': 0.6314909136838849, 'min_child_samples': 84, 'reg_alpha': 4.274824785508534e-06, 'reg_lambda': 9.824842217303865e-07}. Best is trial 16 with value: 0.02959606435847289.
[I 2026-06-01 15:03:30,567] A new study created in memory with name: no-name-11fa2e5c-c690-484f-9f29-4012209ef312
[I 2026-06-01 15:03:30,925] Trial 0 finished with value: -0.08496828081104982 and parameters: {'confidence_threshold': 0.6310890415965769, 'training_days': 480, 'n_estimators': 380, 'max_depth': 4, 'num_leaves': 22, 'learning_rate': 0.01699897838270077, 'subsample': 0.5290418060840998, 'colsample_bytree': 0.9330880728874675, 'min_child_samples': 68, 'reg_alpha': 0.023585940584142682, 'reg_lambda': 1.5320059381854043e-08}. Best is trial 0 with value: -0.08496828081104982.
[I 2026-06-01 15:03:31,051] Trial 1 finished with value: -5.957950468116648 and parameters: {'confidence_threshold': 0.839468448256698, 'training_days': 420, 'n_estimators': 145, 'max_depth': 3, 'num_leaves': 23, 'learning_rate': 0.028145092716060652, 'subsample': 0.762378215816119, 'colsample_bytree': 0.7159725093210578, 'min_child_samples': 43, 'reg_alpha': 0.0032112643094417484, 'reg_lambda': 1.8007140198129195e-07}. Best is trial 0 with value: -0.08496828081104982.
[I 2026-06-01 15:03:31,216] Trial 2 finished with value: -0.16493825160148182 and parameters: {'confidence_threshold': 0.6022506269873263, 'training_days': 190, 'n_estimators': 255, 'max_depth': 5, 'num_leaves': 24, 'learning_rate': 0.05748924681991978, 'subsample': 0.7962072844310213, 'colsample_bytree': 0.5232252063599989, 'min_child_samples': 69, 'reg_alpha': 3.425445902633376e-07, 'reg_lambda': 3.850031979199519e-08}. Best is trial 0 with value: -0.08496828081104982.
[I 2026-06-01 15:03:31,477] Trial 3 finished with value: -0.14990796057360112 and parameters: {'confidence_threshold': 0.8321099380386666, 'training_days': 490, 'n_estimators': 414, 'max_depth': 3, 'num_leaves': 19, 'learning_rate': 0.1024932221692416, 'subsample': 0.7200762468698007, 'colsample_bytree': 0.5610191174223894, 'min_child_samples': 60, 'reg_alpha': 2.039373116525212e-08, 'reg_lambda': 1.527156759251193}. Best is trial 0 with value: -0.08496828081104982.
[I 2026-06-01 15:03:31,643] Trial 4 finished with value: -0.14077734569670136 and parameters: {'confidence_threshold': 0.5905729935600059, 'training_days': 340, 'n_estimators': 190, 'max_depth': 4, 'num_leaves': 41, 'learning_rate': 0.01875220945578641, 'subsample': 0.9847923138822793, 'colsample_bytree': 0.8875664116805573, 'min_child_samples': 96, 'reg_alpha': 1.1309571585271483, 'reg_lambda': 0.002404915432737351}. Best is trial 0 with value: -0.08496828081104982.
[I 2026-06-01 15:03:31,682] Trial 5 finished with value: 0.03361114682458786 and parameters: {'confidence_threshold': 0.8226559822580909, 'training_days': 50, 'n_estimators': 138, 'max_depth': 3, 'num_leaves': 30, 'learning_rate': 0.03750796359625606, 'subsample': 0.6356745158869479, 'colsample_bytree': 0.9143687545759647, 'min_child_samples': 48, 'reg_alpha': 3.376063348877853e-06, 'reg_lambda': 0.0007660634613082914}. Best is trial 5 with value: 0.03361114682458786.
