[I 2026-06-01 14:59:32,719] Trial 1 finished with value: -6.154443706531441 and parameters: {'confidence_threshold': 0.839468448256698, 'training_days': 420, 'n_estimators': 145, 'max_depth': 3, 'num_leaves': 23, 'learning_rate': 0.028145092716060652, 'subsample': 0.762378215816119, 'colsample_bytree': 0.7159725093210578, 'min_child_samples': 43, 'reg_alpha': 0.0032112643094417484, 'reg_lambda': 1.8007140198129195e-07}. Best is trial 0 with value: -0.0889385396281757.

    [trial 7] 47 features, training_days=120 | threshold=0.550 | labels: 1080 long, 1088 short (50/50%)
    [trial 7] Sharpe=-0.0138 (folds: -0.0345, -0.2683, 0.0620, 0.1314, 0.0403)
    [trial 8] 47 features, training_days=450 | threshold=0.720 | labels: 1080 long, 1088 short (50/50%)
    [trial 8] Sharpe=-0.0422 (folds: -0.1743, -0.2605, -0.1108, 0.0466, 0.2879)
    [trial 9] 47 features, training_days=20 | threshold=0.727 | labels: 1080 long, 1088 short (50/50%)
    [trial 9] Sharpe=-2.0920 (folds: 0.1738, -0.3734, -0.1240, -0.1362, -10.0000)
    [trial 10] 47 features, training_days=200 | threshold=0.828 | labels: 1080 long, 1088 short (50/50%)
    [trial 10] Sharpe=-7.9334 (folds: -10.0000, -10.0000, -10.0000, 0.3328, -10.0000)
    [trial 11] 47 features, training_days=380 | threshold=0.662 | labels: 1080 long, 1088 short (50/50%)
    [trial 11] Sharpe=-0.0196 (folds: -0.0925, -0.2527, -0.1358, 0.1197, 0.2633)
    [trial 12] 47 features, training_days=220 | threshold=0.797 | labels: 1080 long, 1088 short (50/50%)
    [trial 12] Sharpe=-0.1031 (folds: -0.0469, -0.4875, -0.4224, 0.0835, 0.3579)
    [trial 13] 47 features, training_days=370 | threshold=0.504 | labels: 1080 long, 1088 short (50/50%)
    [trial 13] Sharpe=-0.0344 (folds: -0.1640, -0.1555, -0.0961, 0.0238, 0.2200)
    [trial 14] 47 features, training_days=380 | threshold=0.772 | labels: 1080 long, 1088 short (50/50%)
    [trial 14] Sharpe=-0.1909 (folds: -0.0017, -0.6442, -0.3259, -0.2019, 0.2192)
    [trial 15] 47 features, training_days=150 | threshold=0.654 | labels: 1080 long, 1088 short (50/50%)
    [trial 15] Sharpe=-0.0407 (folds: -0.1196, -0.2984, -0.0652, 0.1453, 0.1345)
    [trial 16] 47 features, training_days=320 | threshold=0.614 | labels: 1080 long, 1088 short (50/50%)
    [trial 16] Sharpe=-0.0970 (folds: -0.1325, -0.3117, -0.1378, 0.0356, 0.0616)
    [trial 17] 47 features, training_days=220 | threshold=0.693 | labels: 1080 long, 1088 short (50/50%)
    [trial 17] Sharpe=0.0217 (folds: -0.1043, -0.3373, -0.1704, 0.1870, 0.5333)
  Optuna: 18 trials, best Sharpe = 0.0217
  Best params: n_estimators=127, max_depth=3, lr=0.0200, leaves=34
  Best confidence_threshold: 0.693
  Best training_days: 220
  Retrained on full data (660 samples, 47 features)
  OOD: 16 features, cutoff (q=0.7) = 10.75
  Model trained for 2023-12: 93 test candles with features, confidence_threshold=0.708
[trade:close] 2023-12-01 08:00 BTCUSDT SHORT → timeout @ 38234.90 | PnL=-1.88% (net -1.98%) | cum=-19.94% 2023-12=-1.98% 2023-12-01=-1.98%
[predict] 2023-12-02 16:00 BTCUSDT → SHORT (proba=0.81 TP=5.2%/SL=2.6%)
[trade:open] 2023-12-02 23:59 BTCUSDT SHORT @ 39435.00 | SL=40467.98 TP=37369.05 | timeout=2023-12-09 23:59
[trade:close] 2023-12-04 07:59 BTCUSDT SHORT → stop_loss @ 40467.98 | PnL=-2.62% (net -2.72%) | cum=-22.66% 2023-12=-4.69% 2023-12-04=-2.72%
[predict] 2023-12-09 16:00 BTCUSDT → LONG (proba=0.71 TP=6.1%/SL=3.1%)
[trade:open] 2023-12-09 23:59 BTCUSDT LONG @ 43734.30 | SL=42394.02 TP=46414.86 | timeout=2023-12-16 23:59
[trade:close] 2023-12-11 07:59 BTCUSDT LONG → stop_loss @ 42394.02 | PnL=-3.06% (net -3.16%) | cum=-25.82% 2023-12=-7.86% 2023-12-11=-3.16%
[predict] 2023-12-12 00:00 BTCUSDT → LONG (proba=0.89 TP=8.3%/SL=4.1%)
[trade:open] 2023-12-12 07:59 BTCUSDT LONG @ 41930.10 | SL=40192.24 TP=45405.81 | timeout=2023-12-19 07:59
[trade:close] 2023-12-19 08:00 BTCUSDT LONG → timeout @ 43062.10 | PnL=+2.70% (net +2.60%) | cum=-23.22% 2023-12=-5.26% 2023-12-19=+2.60%
[predict] 2023-12-20 08:00 BTCUSDT → SHORT (proba=0.82 TP=8.2%/SL=4.1%)
[trade:open] 2023-12-20 15:59 BTCUSDT SHORT @ 44079.00 | SL=45878.17 TP=40480.67 | timeout=2023-12-27 15:59
[trade:close] 2023-12-27 16:00 BTCUSDT SHORT → timeout @ 43010.00 | PnL=+2.43% (net +2.33%) | cum=-20.90% 2023-12=-2.93% 2023-12-27=+2.33%
[predict] 2023-12-28 08:00 BTCUSDT → LONG (proba=0.80 TP=6.5%/SL=3.2%)
[trade:open] 2023-12-28 15:59 BTCUSDT LONG @ 42485.80 | SL=41105.84 TP=45245.71 | timeout=2024-01-04 15:59
[lgbm] === Training for 2024-01 ===
  Train window: 2022-01-01 → 2023-12-24
  2168 training samples from 1 symbols
  Samples per month: 2022-01: 93, 2022-02: 84, 2022-03: 93, 2022-04: 90, 2022-05: 93, 2022-06: 90, 2022-07: 93, 2022-08: 93, 2022-09: 90, 2022-10: 93, 2022-11: 90, 2022-12: 93, 2023-01: 93, 2023-02: 84, 2023-03: 93, 2023-04: 90, 2023-05: 93, 2023-06: 90, 2023-07: 93, 2023-08: 93, 2023-09: 90, 2023-10: 93, 2023-11: 90, 2023-12: 71
  [label] 2022-03-03 16:00 BTCUSDT entry=42449.5000 → SHORT | long=sl(-6.53%) short=timeout(+7.07%) | scanned=22 | no_tp→fwd_return=-7.1669
  [label] 2022-03-05 16:00 BTCUSDT entry=39375.1000 → SHORT | long=timeout(-1.58%) short=sl(-6.12%) | scanned=22 | no_tp→fwd_return=-1.4794
  [label] 2022-03-09 16:00 BTCUSDT entry=41937.5000 → SHORT | long=sl(-5.99%) short=timeout(+1.88%) | scanned=22 | no_tp→fwd_return=-1.9832
  [label] 2022-04-03 08:00 BTCUSDT entry=46397.9000 → SHORT | long=sl(-3.92%) short=tp(+7.55%) | scanned=11 | short_tp_only
  [label] 2022-05-25 16:00 BTCUSDT entry=29536.7000 → LONG | long=sl(-5.09%) short=sl(-5.09%) | scanned=15 | no_tp→fwd_return=+7.4138
  [label] 2022-11-07 16:00 BTCUSDT entry=20578.6000 → SHORT | long=sl(-3.12%) short=tp(+5.94%) | scanned=1 | short_tp_only
  [label] 2022-11-11 16:00 BTCUSDT entry=17058.3000 → SHORT | long=timeout(-2.26%) short=timeout(+2.06%) | scanned=22 | no_tp→fwd_return=-2.1608
  [label] 2022-11-22 08:00 BTCUSDT entry=16232.8000 → LONG | long=timeout(+0.84%) short=timeout(-1.04%) | scanned=22 | no_tp→fwd_return=+0.9364
  [label] 2023-01-06 08:00 BTCUSDT entry=16834.2000 → LONG | long=tp(+2.79%) short=sl(-1.55%) | scanned=9 | long_tp_only
  [label] 2023-01-14 16:00 BTCUSDT entry=20962.8000 → LONG | long=tp(+8.78%) short=sl(-4.54%) | scanned=20 | long_tp_only
  [label] 2023-04-15 00:00 BTCUSDT entry=30416.6000 → SHORT | long=sl(-3.22%) short=tp(+6.14%) | scanned=16 | short_tp_only
  [label] 2023-05-17 00:00 BTCUSDT entry=26831.9000 → SHORT | long=timeout(-0.73%) short=timeout(+0.53%) | scanned=22 | no_tp→fwd_return=-0.6250
  [label] 2023-06-02 00:00 BTCUSDT entry=27038.3000 → SHORT | long=sl(-3.25%) short=tp(+6.20%) | scanned=13 | short_tp_only
  [label] 2023-06-14 16:00 BTCUSDT entry=25115.9000 → LONG | long=tp(+6.62%) short=sl(-3.46%) | scanned=7 | long_tp_only
  [label] 2023-07-03 08:00 BTCUSDT entry=31068.0000 → SHORT | long=sl(-2.92%) short=timeout(+2.38%) | scanned=22 | no_tp→fwd_return=-2.4797
  [label] 2023-07-09 16:00 BTCUSDT entry=30147.8000 → LONG | long=tp(+4.77%) short=sl(-2.53%) | scanned=12 | long_tp_only
  [label] 2023-07-22 00:00 BTCUSDT entry=29933.0000 → SHORT | long=sl(-2.25%) short=timeout(+2.07%) | scanned=22 | no_tp→fwd_return=-2.1715
  [label] 2023-08-30 08:00 BTCUSDT entry=27192.0000 → SHORT | long=sl(-3.09%) short=tp(+5.89%) | scanned=6 | short_tp_only
  [label] 2023-09-09 08:00 BTCUSDT entry=25881.9000 → SHORT | long=sl(-2.24%) short=sl(-2.24%) | scanned=10 | no_tp→fwd_return=-0.2168
  [label] 2023-12-04 08:00 BTCUSDT entry=41280.8000 → LONG | long=tp(+6.15%) short=sl(-3.22%) | scanned=4 | long_tp_only
  Labels: 1107 long (51.1%), 1061 short (48.9%) | weights: min=1.00, mean=2.94, max=10.00
  Features: 2168/2168 matched, 47 columns
  CV gap: 22 rows
  [ensemble 1/3] seed=42
    [trial 0] 47 features, training_days=480 | threshold=0.631 | labels: 1107 long, 1061 short (51/49%)
    [CV fold 0] train_end=2022-04-24 08:00 | val_start=2022-05-02 00:00 | gap=184h (22 rows)
    [CV fold 1] train_end=2022-08-22 16:00 | val_start=2022-08-30 08:00 | gap=184h (22 rows)
    [CV fold 2] train_end=2022-12-21 00:00 | val_start=2022-12-28 16:00 | gap=184h (22 rows)
    [CV fold 3] train_end=2023-04-20 08:00 | val_start=2023-04-28 00:00 | gap=184h (22 rows)
    [CV fold 4] train_end=2023-08-18 16:00 | val_start=2023-08-26 08:00 | gap=184h (22 rows)
    [trial 0] Sharpe=-0.0889 (folds: -0.1233, -0.1040, 0.0154, -0.3621, 0.1293)
    [trial 1] 47 features, training_days=420 | threshold=0.839 | labels: 1107 long, 1061 short (51/49%)
    [trial 1] Sharpe=-6.1544 (folds: -0.2827, -10.0000, -0.4896, -10.0000, -10.0000)
    [trial 2] 47 features, training_days=190 | threshold=0.602 | labels: 1107 long, 1061 short (51/49%)[I 2026-06-01 14:59:32,873] Trial 2 finished with value: 0.0049860109054844365 and parameters: {'confidence_threshold': 0.6022506269873263, 'training_days': 190, 'n_estimators': 255, 'max_depth': 5, 'num_leaves': 24, 'learning_rate': 0.05748924681991978, 'subsample': 0.7962072844310213, 'colsample_bytree': 0.5232252063599989, 'min_child_samples': 69, 'reg_alpha': 3.425445902633376e-07, 'reg_lambda': 3.850031979199519e-08}. Best is trial 2 with value: 0.0049860109054844365.
[I 2026-06-01 14:59:33,146] Trial 3 finished with value: -0.014870851974698746 and parameters: {'confidence_threshold': 0.8321099380386666, 'training_days': 490, 'n_estimators': 414, 'max_depth': 3, 'num_leaves': 19, 'learning_rate': 0.1024932221692416, 'subsample': 0.7200762468698007, 'colsample_bytree': 0.5610191174223894, 'min_child_samples': 60, 'reg_alpha': 2.039373116525212e-08, 'reg_lambda': 1.527156759251193}. Best is trial 2 with value: 0.0049860109054844365.
[I 2026-06-01 14:59:33,309] Trial 4 finished with value: -0.07706674458857145 and parameters: {'confidence_threshold': 0.5905729935600059, 'training_days': 340, 'n_estimators': 190, 'max_depth': 4, 'num_leaves': 41, 'learning_rate': 0.01875220945578641, 'subsample': 0.9847923138822793, 'colsample_bytree': 0.8875664116805573, 'min_child_samples': 96, 'reg_alpha': 1.1309571585271483, 'reg_lambda': 0.002404915432737351}. Best is trial 2 with value: 0.0049860109054844365.
[I 2026-06-01 14:59:33,348] Trial 5 finished with value: -0.055242393191567596 and parameters: {'confidence_threshold': 0.8226559822580909, 'training_days': 50, 'n_estimators': 138, 'max_depth': 3, 'num_leaves': 30, 'learning_rate': 0.03750796359625606, 'subsample': 0.6356745158869479, 'colsample_bytree': 0.9143687545759647, 'min_child_samples': 48, 'reg_alpha': 3.376063348877853e-06, 'reg_lambda': 0.0007660634613082914}. Best is trial 2 with value: 0.0049860109054844365.
[I 2026-06-01 14:59:33,456] Trial 6 finished with value: -0.0652473122528671 and parameters: {'confidence_threshold': 0.5493234787411669, 'training_days': 410, 'n_estimators': 83, 'max_depth': 5, 'num_leaves': 52, 'learning_rate': 0.019657448966046126, 'subsample': 0.5027610585618012, 'colsample_bytree': 0.9077307142274171, 'min_child_samples': 77, 'reg_alpha': 0.03639690979811287, 'reg_lambda': 0.08738424135626986}. Best is trial 2 with value: 0.0049860109054844365.
[I 2026-06-01 14:59:33,556] Trial 7 finished with value: 0.009391836288978484 and parameters: {'confidence_threshold': 0.5259156281069316, 'training_days': 180, 'n_estimators': 102, 'max_depth': 5, 'num_leaves': 45, 'learning_rate': 0.030816017044468066, 'subsample': 0.5317791751430119, 'colsample_bytree': 0.6554911608578311, 'min_child_samples': 46, 'reg_alpha': 0.036851536911881845, 'reg_lambda': 0.005470376807480391}. Best is trial 7 with value: 0.009391836288978484.
[I 2026-06-01 14:59:33,659] Trial 8 finished with value: -0.0789921859301087 and parameters: {'confidence_threshold': 0.8105244599017143, 'training_days': 240, 'n_estimators': 103, 'max_depth': 5, 'num_leaves': 52, 'learning_rate': 0.06746437142284309, 'subsample': 0.8854835899772805, 'colsample_bytree': 0.7468977981821954, 'min_child_samples': 62, 'reg_alpha': 7.04480806377519e-05, 'reg_lambda': 1.6934490731313353e-08}. Best is trial 7 with value: 0.009391836288978484.
[I 2026-06-01 14:59:33,684] Trial 9 finished with value: -2.0456146112612994 and parameters: {'confidence_threshold': 0.5377619994476566, 'training_days': 20, 'n_estimators': 337, 'max_depth': 3, 'num_leaves': 39, 'learning_rate': 0.21907142272152816, 'subsample': 0.6246461145744375, 'colsample_bytree': 0.7051914615178149, 'min_child_samples': 81, 'reg_alpha': 1.1459970229341322e-06, 'reg_lambda': 4.929685216887945e-08}. Best is trial 7 with value: 0.009391836288978484.
[I 2026-06-01 14:59:34,060] Trial 10 finished with value: -0.11316388132206363 and parameters: {'confidence_threshold': 0.6797821749717731, 'training_days': 140, 'n_estimators': 487, 'max_depth': 5, 'num_leaves': 62, 'learning_rate': 0.011407797829608154, 'subsample': 0.6277217293825994, 'colsample_bytree': 0.6445296297918679, 'min_child_samples': 24, 'reg_alpha': 8.536188349289, 'reg_lambda': 4.685556761390157e-06}. Best is trial 7 with value: 0.009391836288978484.
[I 2026-06-01 14:59:34,269] Trial 11 finished with value: 0.006225179944428819 and parameters: {'confidence_threshold': 0.504039108267052, 'training_days': 200, 'n_estimators': 245, 'max_depth': 5, 'num_leaves': 36, 'learning_rate': 0.070278144758503, 'subsample': 0.7958418179650297, 'colsample_bytree': 0.5024892656261514, 'min_child_samples': 37, 'reg_alpha': 0.0001245458907768149, 'reg_lambda': 1.2919440532274802e-05}. Best is trial 7 with value: 0.009391836288978484.
[I 2026-06-01 14:59:34,441] Trial 12 finished with value: -0.08903735455218321 and parameters: {'confidence_threshold': 0.5065781687020873, 'training_days': 120, 'n_estimators': 280, 'max_depth': 4, 'num_leaves': 38, 'learning_rate': 0.1271902708487353, 'subsample': 0.8746858769607831, 'colsample_bytree': 0.6013119498816626, 'min_child_samples': 30, 'reg_alpha': 0.00022995492801634505, 'reg_lambda': 1.2181274897829671e-05}. Best is trial 7 with value: 0.009391836288978484.
[I 2026-06-01 14:59:34,707] Trial 13 finished with value: -0.046968396369706136 and parameters: {'confidence_threshold': 0.6944221668074981, 'training_days': 290, 'n_estimators': 223, 'max_depth': 5, 'num_leaves': 47, 'learning_rate': 0.039533085492059646, 'subsample': 0.708015733458699, 'colsample_bytree': 0.8155421717694826, 'min_child_samples': 40, 'reg_alpha': 0.0026213464354126804, 'reg_lambda': 0.015936847132187043}. Best is trial 7 with value: 0.009391836288978484.
[I 2026-06-01 14:59:34,775] Trial 14 finished with value: -0.022903679145932353 and parameters: {'confidence_threshold': 0.7467244789105287, 'training_days': 210, 'n_estimators': 58, 'max_depth': 4, 'num_leaves': 32, 'learning_rate': 0.08830587574621251, 'subsample': 0.8536644732018559, 'colsample_bytree': 0.6429858543747615, 'min_child_samples': 51, 'reg_alpha': 0.16891673895407489, 'reg_lambda': 3.109327095682756e-05}. Best is trial 7 with value: 0.009391836288978484.
[I 2026-06-01 14:59:34,883] Trial 15 finished with value: -0.07105879006892321 and parameters: {'confidence_threshold': 0.503083734692895, 'training_days': 110, 'n_estimators': 175, 'max_depth': 5, 'num_leaves': 47, 'learning_rate': 0.1563989778718566, 'subsample': 0.9716175577919972, 'colsample_bytree': 0.5065896071904618, 'min_child_samples': 34, 'reg_alpha': 2.5608131485225268e-05, 'reg_lambda': 0.00010358702936063297}. Best is trial 7 with value: 0.009391836288978484.
[I 2026-06-01 14:59:35,134] Trial 16 finished with value: -0.04724973769233901 and parameters: {'confidence_threshold': 0.5654847779645644, 'training_days': 320, 'n_estimators': 293, 'max_depth': 4, 'num_leaves': 31, 'learning_rate': 0.27985815851978163, 'subsample': 0.5728112296306377, 'colsample_bytree': 0.8315552320714983, 'min_child_samples': 55, 'reg_alpha': 0.0006298975903108043, 'reg_lambda': 1.5191798866127202e-06}. Best is trial 7 with value: 0.009391836288978484.
[I 2026-06-01 14:59:35,366] Trial 17 finished with value: 0.0033447027748790695 and parameters: {'confidence_threshold': 0.627050591001188, 'training_days': 180, 'n_estimators': 216, 'max_depth': 5, 'num_leaves': 62, 'learning_rate': 0.04034895222066488, 'subsample': 0.7991849088677245, 'colsample_bytree': 0.9956385980717998, 'min_child_samples': 24, 'reg_alpha': 2.108800333836537e-05, 'reg_lambda': 3.400487081097674}. Best is trial 7 with value: 0.009391836288978484.
[I 2026-06-01 14:59:35,656] A new study created in memory with name: no-name-74a640c1-3ff2-4396-87a5-665d4fdfdb4f
[I 2026-06-01 14:59:35,757] Trial 0 finished with value: -0.05788121470973728 and parameters: {'confidence_threshold': 0.7437642149592516, 'training_days': 150, 'n_estimators': 152, 'max_depth': 4, 'num_leaves': 50, 'learning_rate': 0.04216766425047743, 'subsample': 0.9903820991923078, 'colsample_bytree': 0.8424148692924316, 'min_child_samples': 58, 'reg_alpha': 3.381097259762742e-05, 'reg_lambda': 1.2263152961306247e-05}. Best is trial 0 with value: -0.05788121470973728.
[I 2026-06-01 14:59:35,823] Trial 1 finished with value: -4.233162610439151 and parameters: {'confidence_threshold': 0.7551673975844145, 'training_days': 220, 'n_estimators': 76, 'max_depth': 4, 'num_leaves': 51, 'learning_rate': 0.018602118810743477, 'subsample': 0.5877258780737462, 'colsample_bytree': 0.7657756869209191, 'min_child_samples': 63, 'reg_alpha': 0.005123994170264194, 'reg_lambda': 0.44145470178120466}. Best is trial 0 with value: -0.05788121470973728.
[I 2026-06-01 14:59:36,083] Trial 2 finished with value: -0.00514990668082776 and parameters: {'confidence_threshold': 0.7535593637012223, 'training_days': 310, 'n_estimators': 375, 'max_depth': 3, 'num_leaves': 32, 'learning_rate': 0.021735641882032388, 'subsample': 0.6468570231944146, 'colsample_bytree': 0.8154880619272439, 'min_child_samples': 27, 'reg_alpha': 8.004064028491336e-05, 'reg_lambda': 7.546835261630524e-05}. Best is trial 2 with value: -0.00514990668082776.
[I 2026-06-01 14:59:36,251] Trial 3 finished with value: -0.0017339878995406566 and parameters: {'confidence_threshold': 0.6727897841776072, 'training_days': 220, 'n_estimators': 190, 'max_depth': 4, 'num_leaves': 58, 'learning_rate': 0.24810689332636193, 'subsample': 0.7509183379421682, 'colsample_bytree': 0.8119764758960556, 'min_child_samples': 29, 'reg_alpha': 7.1708285081421445e-06, 'reg_lambda': 5.412973582738627e-05}. Best is trial 3 with value: -0.0017339878995406566.
[I 2026-06-01 14:59:36,370] Trial 4 finished with value: -0.09806638337279325 and parameters: {'confidence_threshold': 0.803208205259178, 'training_days': 130, 'n_estimators': 267, 'max_depth': 5, 'num_leaves': 40, 'learning_rate': 0.08041175317374143, 'subsample': 0.5603143329951619, 'colsample_bytree': 0.9131704002534167, 'min_child_samples': 68, 'reg_alpha': 0.0008046593428183385, 'reg_lambda': 1.2158346158765583e-05}. Best is trial 3 with value: -0.0017339878995406566.
[I 2026-06-01 14:59:36,610] Trial 5 finished with value: -0.02133647628402776 and parameters: {'confidence_threshold': 0.6064422761595144, 'training_days': 210, 'n_estimators': 357, 'max_depth': 5, 'num_leaves': 40, 'learning_rate': 0.0974221287220869, 'subsample': 0.7929682762811064, 'colsample_bytree': 0.8124517510478, 'min_child_samples': 74, 'reg_alpha': 0.3811377260781234, 'reg_lambda': 5.607314238392041e-08}. Best is trial 3 with value: -0.0017339878995406566.
[I 2026-06-01 14:59:36,729] Trial 6 finished with value: -0.05822144529695068 and parameters: {'confidence_threshold': 0.7672889945051684, 'training_days': 130, 'n_estimators': 137, 'max_depth': 4, 'num_leaves': 19, 'learning_rate': 0.2031117614248665, 'subsample': 0.8136244860256343, 'colsample_bytree': 0.8617081790949774, 'min_child_samples': 21, 'reg_alpha': 0.002238138278733199, 'reg_lambda': 0.001025809534977322}. Best is trial 3 with value: -0.0017339878995406566.
[I 2026-06-01 14:59:36,806] Trial 7 finished with value: -0.0355194202553948 and parameters: {'confidence_threshold': 0.555635875450653, 'training_days': 80, 'n_estimators': 363, 'max_depth': 3, 'num_leaves': 48, 'learning_rate': 0.06590089024008658, 'subsample': 0.6944752870615722, 'colsample_bytree': 0.962566244806993, 'min_child_samples': 88, 'reg_alpha': 1.6465620446426067e-05, 'reg_lambda': 2.4678750890085655e-08}. Best is trial 3 with value: -0.0017339878995406566.
[I 2026-06-01 14:59:37,147] Trial 8 finished with value: -0.008791126220506937 and parameters: {'confidence_threshold': 0.6066688256938841, 'training_days': 200, 'n_estimators': 367, 'max_depth': 5, 'num_leaves': 32, 'learning_rate': 0.13377519215934996, 'subsample': 0.7965884582811106, 'colsample_bytree': 0.8458508993500886, 'min_child_samples': 32, 'reg_alpha': 3.889436043816386e-05, 'reg_lambda': 1.4713062489380356e-06}. Best is trial 3 with value: -0.0017339878995406566.
[I 2026-06-01 14:59:37,372] Trial 9 finished with value: -0.06040248879431844 and parameters: {'confidence_threshold': 0.6202096049169137, 'training_days': 260, 'n_estimators': 350, 'max_depth': 3, 'num_leaves': 21, 'learning_rate': 0.02989540198065364, 'subsample': 0.8307821683331218, 'colsample_bytree': 0.923253112635361, 'min_child_samples': 64, 'reg_alpha': 0.4898604619604203, 'reg_lambda': 2.9076377687066166e-05}. Best is trial 3 with value: -0.0017339878995406566.
[I 2026-06-01 14:59:37,833] Trial 10 finished with value: -0.09146127053370315 and parameters: {'confidence_threshold': 0.6756170272727778, 'training_days': 470, 'n_estimators': 493, 'max_depth': 4, 'num_leaves': 63, 'learning_rate': 0.010221918552934462, 'subsample': 0.9383547926937981, 'colsample_bytree': 0.6202684210924141, 'min_child_samples': 44, 'reg_alpha': 2.371385268938747e-08, 'reg_lambda': 0.015315426420116851}. Best is trial 3 with value: -0.0017339878995406566.
