[I 2026-06-01 15:00:39,651] Trial 0 finished with value: 0.03324174086206681 and parameters: {'confidence_threshold': 0.6310890415965769, 'training_days': 480, 'n_estimators': 380, 'max_depth': 4, 'num_leaves': 22, 'learning_rate': 0.01699897838270077, 'subsample': 0.5290418060840998, 'colsample_bytree': 0.9330880728874675, 'min_child_samples': 68, 'reg_alpha': 0.023585940584142682, 'reg_lambda': 1.5320059381854043e-08}. Best is trial 0 with value: 0.03324174086206681.

    [trial 5] Sharpe=-0.0704 (folds: -0.1829, -0.1253, -0.0873, -0.0400, 0.0834)
    [trial 6] 47 features, training_days=420 | threshold=0.667 | labels: 1170 long, 1001 short (54/46%)
    [trial 6] Sharpe=0.0344 (folds: -0.1484, -0.0855, 0.0253, 0.1050, 0.2755)
    [trial 7] 47 features, training_days=120 | threshold=0.550 | labels: 1170 long, 1001 short (54/46%)
    [trial 7] Sharpe=-0.0207 (folds: -0.1083, -0.0849, 0.1180, -0.0319, 0.0034)
    [trial 8] 47 features, training_days=450 | threshold=0.720 | labels: 1170 long, 1001 short (54/46%)
    [trial 8] Sharpe=0.0876 (folds: 0.0519, -0.0393, 0.0236, 0.2244, 0.1774)
    [trial 9] 47 features, training_days=20 | threshold=0.727 | labels: 1170 long, 1001 short (54/46%)
    [trial 9] Sharpe=-6.0179 (folds: -0.1865, 0.0969, -10.0000, -10.0000, -10.0000)
    [trial 10] 47 features, training_days=200 | threshold=0.828 | labels: 1170 long, 1001 short (54/46%)
    [trial 10] Sharpe=-10.0000 (folds: -10.0000, -10.0000, -10.0000, -10.0000, -10.0000)
    [trial 11] 47 features, training_days=380 | threshold=0.777 | labels: 1170 long, 1001 short (54/46%)
    [trial 11] Sharpe=0.1139 (folds: 0.0862, -0.0244, 0.1456, 0.0766, 0.2857)
    [trial 12] 47 features, training_days=360 | threshold=0.802 | labels: 1170 long, 1001 short (54/46%)
    [trial 12] Sharpe=0.0805 (folds: -0.1252, 0.0884, 0.1007, 0.0220, 0.3164)
    [trial 13] 47 features, training_days=210 | threshold=0.759 | labels: 1170 long, 1001 short (54/46%)
    [trial 13] Sharpe=0.0014 (folds: 0.0580, -0.0259, 0.1284, -0.0728, -0.0807)
    [trial 14] 47 features, training_days=360 | threshold=0.772 | labels: 1170 long, 1001 short (54/46%)
    [trial 14] Sharpe=0.1277 (folds: 0.0233, 0.0803, 0.1323, 0.1123, 0.2902)
    [trial 15] 47 features, training_days=360 | threshold=0.780 | labels: 1170 long, 1001 short (54/46%)
    [trial 15] Sharpe=-1.9435 (folds: -0.3288, -0.2155, -10.0000, 0.3078, 0.5192)
    [trial 16] 47 features, training_days=380 | threshold=0.850 | labels: 1170 long, 1001 short (54/46%)
    [trial 16] Sharpe=0.0652 (folds: 0.0698, -0.1628, 0.0188, 0.1167, 0.2833)
    [trial 17] 47 features, training_days=310 | threshold=0.508 | labels: 1170 long, 1001 short (54/46%)
    [trial 17] Sharpe=0.0083 (folds: -0.0502, 0.0462, -0.0045, -0.0731, 0.1233)
  Optuna: 18 trials, best Sharpe = 0.1277
  Best params: n_estimators=180, max_depth=3, lr=0.0362, leaves=17
  Best confidence_threshold: 0.772
  Best training_days: 360
  Retrained on full data (1080 samples, 47 features)
  OOD: 16 features, cutoff (q=0.7) = 10.24
  Model trained for 2024-06: 90 test candles with features, confidence_threshold=0.784
[trade:close] 2024-06-06 00:00 BTCUSDT LONG → timeout @ 71133.30 | PnL=+5.09% (net +4.99%) | cum=+0.82% 2024-06=+4.99% 2024-06-06=+4.99%
[predict] 2024-06-08 08:00 BTCUSDT → LONG (proba=0.80 TP=5.6%/SL=2.8%)
[trade:open] 2024-06-08 15:59 BTCUSDT LONG @ 69462.10 | SL=67533.19 TP=73319.93 | timeout=2024-06-15 15:59
[trade:close] 2024-06-11 07:59 BTCUSDT LONG → stop_loss @ 67533.19 | PnL=-2.78% (net -2.88%) | cum=-2.06% 2024-06=+2.12% 2024-06-11=-2.88%
[predict] 2024-06-12 00:00 BTCUSDT → LONG (proba=0.83 TP=5.4%/SL=2.7%)
[trade:open] 2024-06-12 07:59 BTCUSDT LONG @ 67449.40 | SL=65615.73 TP=71116.74 | timeout=2024-06-19 07:59
[trade:close] 2024-06-14 23:59 BTCUSDT LONG → stop_loss @ 65615.73 | PnL=-2.72% (net -2.82%) | cum=-4.88% 2024-06=-0.70% 2024-06-14=-2.82%
[predict] 2024-06-15 16:00 BTCUSDT → LONG (proba=0.88 TP=5.9%/SL=2.9%)
[trade:open] 2024-06-15 23:59 BTCUSDT LONG @ 66213.70 | SL=64274.02 TP=70093.06 | timeout=2024-06-22 23:59
[trade:close] 2024-06-18 15:59 BTCUSDT LONG → stop_loss @ 64274.02 | PnL=-2.93% (net -3.03%) | cum=-7.91% 2024-06=-3.73% 2024-06-18=-3.03%
[predict] 2024-06-19 08:00 BTCUSDT → LONG (proba=0.96 TP=6.2%/SL=3.1%)
[trade:open] 2024-06-19 15:59 BTCUSDT LONG @ 64895.00 | SL=62882.56 TP=68919.88 | timeout=2024-06-26 15:59
[trade:close] 2024-06-24 07:59 BTCUSDT LONG → stop_loss @ 62882.56 | PnL=-3.10% (net -3.20%) | cum=-11.11% 2024-06=-6.93% 2024-06-24=-3.20%
[lgbm] === Training for 2024-07 ===
  Train window: 2022-07-01 → 2024-06-23
  2171 training samples from 1 symbols
  Samples per month: 2022-07: 93, 2022-08: 93, 2022-09: 90, 2022-10: 93, 2022-11: 90, 2022-12: 93, 2023-01: 93, 2023-02: 84, 2023-03: 93, 2023-04: 90, 2023-05: 93, 2023-06: 90, 2023-07: 93, 2023-08: 93, 2023-09: 90, 2023-10: 93, 2023-11: 90, 2023-12: 93, 2024-01: 93, 2024-02: 87, 2024-03: 93, 2024-04: 90, 2024-05: 93, 2024-06: 68
  [label] 2022-08-31 16:00 BTCUSDT entry=20041.5000 → SHORT | long=sl(-4.74%) short=timeout(+3.66%) | scanned=22 | no_tp→fwd_return=-3.7647
  [label] 2022-09-03 00:00 BTCUSDT entry=19808.2000 → LONG | long=sl(-4.49%) short=sl(-4.49%) | scanned=18 | no_tp→fwd_return=+4.1165
  [label] 2022-09-06 16:00 BTCUSDT entry=18781.5000 → LONG | long=tp(+8.71%) short=sl(-4.51%) | scanned=7 | long_tp_only
  [label] 2022-10-01 08:00 BTCUSDT entry=19322.8000 → LONG | long=timeout(+0.71%) short=sl(-5.29%) | scanned=22 | no_tp→fwd_return=+0.8135
  [label] 2022-11-23 00:00 BTCUSDT entry=16572.9000 → LONG | long=timeout(+1.72%) short=timeout(-1.92%) | scanned=22 | no_tp→fwd_return=+1.8174
  [label] 2023-05-08 00:00 BTCUSDT entry=27957.8000 → SHORT | long=sl(-3.97%) short=tp(+7.65%) | scanned=14 | short_tp_only
  [label] 2023-05-12 00:00 BTCUSDT entry=26294.1000 → LONG | long=timeout(+1.98%) short=sl(-4.50%) | scanned=22 | no_tp→fwd_return=+2.0834
  [label] 2023-05-22 16:00 BTCUSDT entry=26840.2000 → SHORT | long=sl(-2.43%) short=sl(-2.43%) | scanned=5 | no_tp→fwd_return=-1.9869
  [label] 2023-07-06 16:00 BTCUSDT entry=29874.4000 → LONG | long=timeout(+5.15%) short=sl(-3.48%) | scanned=22 | no_tp→fwd_return=+5.2463
  [label] 2023-07-15 08:00 BTCUSDT entry=30290.5000 → SHORT | long=sl(-3.03%) short=timeout(+1.24%) | scanned=22 | no_tp→fwd_return=-1.3423
  [label] 2023-10-13 16:00 BTCUSDT entry=26849.8000 → LONG | long=tp(+4.34%) short=sl(-2.32%) | scanned=7 | long_tp_only
  [label] 2023-11-14 16:00 BTCUSDT entry=35559.0000 → LONG | long=timeout(+0.40%) short=sl(-4.05%) | scanned=22 | no_tp→fwd_return=+0.5006
  [label] 2023-12-01 00:00 BTCUSDT entry=38234.9000 → LONG | long=tp(+5.27%) short=sl(-2.78%) | scanned=8 | long_tp_only
  [label] 2023-12-13 16:00 BTCUSDT entry=42875.0000 → LONG | long=sl(-4.40%) short=timeout(-2.04%) | scanned=22 | no_tp→fwd_return=+1.9450
  [label] 2024-01-01 00:00 BTCUSDT entry=42527.0000 → LONG | long=tp(+5.88%) short=sl(-3.09%) | scanned=3 | long_tp_only
  [label] 2024-01-07 08:00 BTCUSDT entry=44035.0000 → LONG | long=tp(+8.12%) short=sl(-4.21%) | scanned=7 | long_tp_only
  [label] 2024-01-19 16:00 BTCUSDT entry=41662.2000 → LONG | long=sl(-4.56%) short=timeout(-0.45%) | scanned=22 | no_tp→fwd_return=+0.3461
  [label] 2024-02-28 08:00 BTCUSDT entry=61000.0000 → LONG | long=tp(+8.18%) short=sl(-4.24%) | scanned=15 | long_tp_only
  [label] 2024-03-09 00:00 BTCUSDT entry=68336.3000 → LONG | long=timeout(+1.59%) short=sl(-5.79%) | scanned=22 | no_tp→fwd_return=+1.6886
  [label] 2024-06-03 08:00 BTCUSDT entry=69650.0000 → LONG | long=timeout(+0.53%) short=sl(-2.92%) | scanned=22 | no_tp→fwd_return=+0.6330
  Labels: 1171 long (53.9%), 1000 short (46.1%) | weights: min=1.00, mean=3.72, max=10.00
  Features: 2171/2171 matched, 47 columns
  CV gap: 22 rows
  [ensemble 1/3] seed=42
    [trial 0] 47 features, training_days=480 | threshold=0.631 | labels: 1171 long, 1000 short (54/46%)
    [CV fold 0] train_end=2022-10-23 08:00 | val_start=2022-10-31 00:00 | gap=184h (22 rows)
    [CV fold 1] train_end=2023-02-20 16:00 | val_start=2023-02-28 08:00 | gap=184h (22 rows)
    [CV fold 2] train_end=2023-06-21 00:00 | val_start=2023-06-28 16:00 | gap=184h (22 rows)
    [CV fold 3] train_end=2023-10-19 08:00 | val_start=2023-10-27 00:00 | gap=184h (22 rows)
    [CV fold 4] train_end=2024-02-16 16:00 | val_start=2024-02-24 08:00 | gap=184h (22 rows)
    [trial 0] Sharpe=0.0332 (folds: -0.0837, -0.1022, 0.2004, 0.0676, 0.0840)
    [trial 1] 47 features, training_days=420 | threshold=0.839 | labels: 1171 long, 1000 short (54/46%)
    [trial 1] Sharpe=-2.0707 (folds: -0.1951, -0.6817, 0.2322, -10.0000, 0.2912)[I 2026-06-01 15:00:39,766] Trial 1 finished with value: -2.070691815861916 and parameters: {'confidence_threshold': 0.839468448256698, 'training_days': 420, 'n_estimators': 145, 'max_depth': 3, 'num_leaves': 23, 'learning_rate': 0.028145092716060652, 'subsample': 0.762378215816119, 'colsample_bytree': 0.7159725093210578, 'min_child_samples': 43, 'reg_alpha': 0.0032112643094417484, 'reg_lambda': 1.8007140198129195e-07}. Best is trial 0 with value: 0.03324174086206681.
[I 2026-06-01 15:00:39,915] Trial 2 finished with value: 0.01925211549579353 and parameters: {'confidence_threshold': 0.6022506269873263, 'training_days': 190, 'n_estimators': 255, 'max_depth': 5, 'num_leaves': 24, 'learning_rate': 0.05748924681991978, 'subsample': 0.7962072844310213, 'colsample_bytree': 0.5232252063599989, 'min_child_samples': 69, 'reg_alpha': 3.425445902633376e-07, 'reg_lambda': 3.850031979199519e-08}. Best is trial 0 with value: 0.03324174086206681.
[I 2026-06-01 15:00:40,184] Trial 3 finished with value: 0.040083677121417874 and parameters: {'confidence_threshold': 0.8321099380386666, 'training_days': 490, 'n_estimators': 414, 'max_depth': 3, 'num_leaves': 19, 'learning_rate': 0.1024932221692416, 'subsample': 0.7200762468698007, 'colsample_bytree': 0.5610191174223894, 'min_child_samples': 60, 'reg_alpha': 2.039373116525212e-08, 'reg_lambda': 1.527156759251193}. Best is trial 3 with value: 0.040083677121417874.
[I 2026-06-01 15:00:40,340] Trial 4 finished with value: -0.011402287819220383 and parameters: {'confidence_threshold': 0.5905729935600059, 'training_days': 340, 'n_estimators': 190, 'max_depth': 4, 'num_leaves': 41, 'learning_rate': 0.01875220945578641, 'subsample': 0.9847923138822793, 'colsample_bytree': 0.8875664116805573, 'min_child_samples': 96, 'reg_alpha': 1.1309571585271483, 'reg_lambda': 0.002404915432737351}. Best is trial 3 with value: 0.040083677121417874.
[I 2026-06-01 15:00:40,378] Trial 5 finished with value: -0.11358082694534825 and parameters: {'confidence_threshold': 0.8226559822580909, 'training_days': 50, 'n_estimators': 138, 'max_depth': 3, 'num_leaves': 30, 'learning_rate': 0.03750796359625606, 'subsample': 0.6356745158869479, 'colsample_bytree': 0.9143687545759647, 'min_child_samples': 48, 'reg_alpha': 3.376063348877853e-06, 'reg_lambda': 0.0007660634613082914}. Best is trial 3 with value: 0.040083677121417874.
[I 2026-06-01 15:00:40,485] Trial 6 finished with value: 0.027455653294988346 and parameters: {'confidence_threshold': 0.5493234787411669, 'training_days': 410, 'n_estimators': 83, 'max_depth': 5, 'num_leaves': 52, 'learning_rate': 0.019657448966046126, 'subsample': 0.5027610585618012, 'colsample_bytree': 0.9077307142274171, 'min_child_samples': 77, 'reg_alpha': 0.03639690979811287, 'reg_lambda': 0.08738424135626986}. Best is trial 3 with value: 0.040083677121417874.
[I 2026-06-01 15:00:40,590] Trial 7 finished with value: 0.005186702922318922 and parameters: {'confidence_threshold': 0.5259156281069316, 'training_days': 180, 'n_estimators': 102, 'max_depth': 5, 'num_leaves': 45, 'learning_rate': 0.030816017044468066, 'subsample': 0.5317791751430119, 'colsample_bytree': 0.6554911608578311, 'min_child_samples': 46, 'reg_alpha': 0.036851536911881845, 'reg_lambda': 0.005470376807480391}. Best is trial 3 with value: 0.040083677121417874.
[I 2026-06-01 15:00:40,694] Trial 8 finished with value: -0.05992930251077755 and parameters: {'confidence_threshold': 0.8105244599017143, 'training_days': 240, 'n_estimators': 103, 'max_depth': 5, 'num_leaves': 52, 'learning_rate': 0.06746437142284309, 'subsample': 0.8854835899772805, 'colsample_bytree': 0.7468977981821954, 'min_child_samples': 62, 'reg_alpha': 7.04480806377519e-05, 'reg_lambda': 1.6934490731313353e-08}. Best is trial 3 with value: 0.040083677121417874.
[I 2026-06-01 15:00:40,718] Trial 9 finished with value: 0.11997278111269663 and parameters: {'confidence_threshold': 0.5377619994476566, 'training_days': 20, 'n_estimators': 337, 'max_depth': 3, 'num_leaves': 39, 'learning_rate': 0.21907142272152816, 'subsample': 0.6246461145744375, 'colsample_bytree': 0.7051914615178149, 'min_child_samples': 81, 'reg_alpha': 1.1459970229341322e-06, 'reg_lambda': 4.929685216887945e-08}. Best is trial 9 with value: 0.11997278111269663.
[I 2026-06-01 15:00:40,747] Trial 10 finished with value: -0.1324512236373756 and parameters: {'confidence_threshold': 0.7449289185605341, 'training_days': 10, 'n_estimators': 487, 'max_depth': 3, 'num_leaves': 61, 'learning_rate': 0.21914469472126635, 'subsample': 0.628963476300746, 'colsample_bytree': 0.8189858776055304, 'min_child_samples': 27, 'reg_alpha': 2.8948477959263623e-05, 'reg_lambda': 3.3639426888455256e-06}. Best is trial 9 with value: 0.11997278111269663.
[I 2026-06-01 15:00:40,856] Trial 11 finished with value: 0.012288948365227235 and parameters: {'confidence_threshold': 0.7131090560543465, 'training_days': 100, 'n_estimators': 402, 'max_depth': 4, 'num_leaves': 34, 'learning_rate': 0.18963242937653546, 'subsample': 0.667263233140043, 'colsample_bytree': 0.5659808164583418, 'min_child_samples': 85, 'reg_alpha': 2.6854712383446556e-08, 'reg_lambda': 9.74477562314831}. Best is trial 9 with value: 0.11997278111269663.
[I 2026-06-01 15:00:41,047] Trial 12 finished with value: 0.02684493105778199 and parameters: {'confidence_threshold': 0.6640468266107448, 'training_days': 320, 'n_estimators': 349, 'max_depth': 3, 'num_leaves': 15, 'learning_rate': 0.11263608439461861, 'subsample': 0.7105018827142541, 'colsample_bytree': 0.6253368206392822, 'min_child_samples': 100, 'reg_alpha': 1.1278679165176199e-08, 'reg_lambda': 4.931237356704141e-06}. Best is trial 9 with value: 0.11997278111269663.
[I 2026-06-01 15:00:41,174] Trial 13 finished with value: 0.01814559149950251 and parameters: {'confidence_threshold': 0.7560688345775685, 'training_days': 130, 'n_estimators': 311, 'max_depth': 3, 'num_leaves': 34, 'learning_rate': 0.29334696803744015, 'subsample': 0.8487074083337192, 'colsample_bytree': 0.6429519565855484, 'min_child_samples': 81, 'reg_alpha': 5.32834008417404e-07, 'reg_lambda': 6.4252658050441624}. Best is trial 9 with value: 0.11997278111269663.
[I 2026-06-01 15:00:41,479] Trial 14 finished with value: 0.0327647580164309 and parameters: {'confidence_threshold': 0.6993865793821226, 'training_days': 500, 'n_estimators': 457, 'max_depth': 3, 'num_leaves': 15, 'learning_rate': 0.11965769825690181, 'subsample': 0.5936601268695657, 'colsample_bytree': 0.8091894831673617, 'min_child_samples': 56, 'reg_alpha': 2.476242452498029e-07, 'reg_lambda': 4.4389057327136946e-05}. Best is trial 9 with value: 0.11997278111269663.
[I 2026-06-01 15:00:41,711] Trial 15 finished with value: -0.02401759467089356 and parameters: {'confidence_threshold': 0.5073197482691914, 'training_days': 290, 'n_estimators': 251, 'max_depth': 4, 'num_leaves': 61, 'learning_rate': 0.11024183074392371, 'subsample': 0.708112781199396, 'colsample_bytree': 0.5065896071904618, 'min_child_samples': 33, 'reg_alpha': 5.5477873895597596e-06, 'reg_lambda': 0.10351163679178875}. Best is trial 9 with value: 0.11997278111269663.
[I 2026-06-01 15:00:41,957] Trial 16 finished with value: 0.06576284678628064 and parameters: {'confidence_threshold': 0.7819378015753823, 'training_days': 380, 'n_estimators': 437, 'max_depth': 3, 'num_leaves': 47, 'learning_rate': 0.154266998811376, 'subsample': 0.8115896656853097, 'colsample_bytree': 0.5839396278718992, 'min_child_samples': 88, 'reg_alpha': 6.102470761504136e-08, 'reg_lambda': 0.23529158002820744}. Best is trial 9 with value: 0.11997278111269663.
[I 2026-06-01 15:00:42,200] Trial 17 finished with value: 0.022566409354766004 and parameters: {'confidence_threshold': 0.7611484084321937, 'training_days': 380, 'n_estimators': 296, 'max_depth': 4, 'num_leaves': 48, 'learning_rate': 0.010425658055299656, 'subsample': 0.9082676340052684, 'colsample_bytree': 0.9956385980717998, 'min_child_samples': 89, 'reg_alpha': 0.0005961727498011812, 'reg_lambda': 0.06257999846631375}. Best is trial 9 with value: 0.11997278111269663.
[I 2026-06-01 15:00:42,534] A new study created in memory with name: no-name-89dee1de-7406-40d3-91e6-d63bca7bd7ca
[I 2026-06-01 15:00:42,635] Trial 0 finished with value: -0.010750676024402652 and parameters: {'confidence_threshold': 0.7437642149592516, 'training_days': 150, 'n_estimators': 152, 'max_depth': 4, 'num_leaves': 50, 'learning_rate': 0.04216766425047743, 'subsample': 0.9903820991923078, 'colsample_bytree': 0.8424148692924316, 'min_child_samples': 58, 'reg_alpha': 3.381097259762742e-05, 'reg_lambda': 1.2263152961306247e-05}. Best is trial 0 with value: -0.010750676024402652.
[I 2026-06-01 15:00:42,704] Trial 1 finished with value: -1.7868992246083253 and parameters: {'confidence_threshold': 0.7551673975844145, 'training_days': 220, 'n_estimators': 76, 'max_depth': 4, 'num_leaves': 51, 'learning_rate': 0.018602118810743477, 'subsample': 0.5877258780737462, 'colsample_bytree': 0.7657756869209191, 'min_child_samples': 63, 'reg_alpha': 0.005123994170264194, 'reg_lambda': 0.44145470178120466}. Best is trial 0 with value: -0.010750676024402652.
[I 2026-06-01 15:00:42,967] Trial 2 finished with value: -0.030398867941478662 and parameters: {'confidence_threshold': 0.7535593637012223, 'training_days': 310, 'n_estimators': 375, 'max_depth': 3, 'num_leaves': 32, 'learning_rate': 0.021735641882032388, 'subsample': 0.6468570231944146, 'colsample_bytree': 0.8154880619272439, 'min_child_samples': 27, 'reg_alpha': 8.004064028491336e-05, 'reg_lambda': 7.546835261630524e-05}. Best is trial 0 with value: -0.010750676024402652.
[I 2026-06-01 15:00:43,139] Trial 3 finished with value: -0.016764626335780346 and parameters: {'confidence_threshold': 0.6727897841776072, 'training_days': 220, 'n_estimators': 190, 'max_depth': 4, 'num_leaves': 58, 'learning_rate': 0.24810689332636193, 'subsample': 0.7509183379421682, 'colsample_bytree': 0.8119764758960556, 'min_child_samples': 29, 'reg_alpha': 7.1708285081421445e-06, 'reg_lambda': 5.412973582738627e-05}. Best is trial 0 with value: -0.010750676024402652.
[I 2026-06-01 15:00:43,264] Trial 4 finished with value: 0.05200378986511188 and parameters: {'confidence_threshold': 0.803208205259178, 'training_days': 130, 'n_estimators': 267, 'max_depth': 5, 'num_leaves': 40, 'learning_rate': 0.08041175317374143, 'subsample': 0.5603143329951619, 'colsample_bytree': 0.9131704002534167, 'min_child_samples': 68, 'reg_alpha': 0.0008046593428183385, 'reg_lambda': 1.2158346158765583e-05}. Best is trial 4 with value: 0.05200378986511188.
[I 2026-06-01 15:00:43,496] Trial 5 finished with value: -0.0048501253115521385 and parameters: {'confidence_threshold': 0.6064422761595144, 'training_days': 210, 'n_estimators': 357, 'max_depth': 5, 'num_leaves': 40, 'learning_rate': 0.0974221287220869, 'subsample': 0.7929682762811064, 'colsample_bytree': 0.8124517510478, 'min_child_samples': 74, 'reg_alpha': 0.3811377260781234, 'reg_lambda': 5.607314238392041e-08}. Best is trial 4 with value: 0.05200378986511188.
[I 2026-06-01 15:00:43,599] Trial 6 finished with value: 0.033669485101847196 and parameters: {'confidence_threshold': 0.7672889945051684, 'training_days': 130, 'n_estimators': 137, 'max_depth': 4, 'num_leaves': 19, 'learning_rate': 0.2031117614248665, 'subsample': 0.8136244860256343, 'colsample_bytree': 0.8617081790949774, 'min_child_samples': 21, 'reg_alpha': 0.002238138278733199, 'reg_lambda': 0.001025809534977322}. Best is trial 4 with value: 0.05200378986511188.
[I 2026-06-01 15:00:43,670] Trial 7 finished with value: 0.060136971767057734 and parameters: {'confidence_threshold': 0.555635875450653, 'training_days': 80, 'n_estimators': 363, 'max_depth': 3, 'num_leaves': 48, 'learning_rate': 0.06590089024008658, 'subsample': 0.6944752870615722, 'colsample_bytree': 0.962566244806993, 'min_child_samples': 88, 'reg_alpha': 1.6465620446426067e-05, 'reg_lambda': 2.4678750890085655e-08}. Best is trial 7 with value: 0.060136971767057734.
[I 2026-06-01 15:00:44,016] Trial 8 finished with value: -0.06946218404236049 and parameters: {'confidence_threshold': 0.6066688256938841, 'training_days': 200, 'n_estimators': 367, 'max_depth': 5, 'num_leaves': 32, 'learning_rate': 0.13377519215934996, 'subsample': 0.7965884582811106, 'colsample_bytree': 0.8458508993500886, 'min_child_samples': 32, 'reg_alpha': 3.889436043816386e-05, 'reg_lambda': 1.4713062489380356e-06}. Best is trial 7 with value: 0.060136971767057734.
[I 2026-06-01 15:00:44,243] Trial 9 finished with value: -0.0022613369826422923 and parameters: {'confidence_threshold': 0.6202096049169137, 'training_days': 260, 'n_estimators': 350, 'max_depth': 3, 'num_leaves': 21, 'learning_rate': 0.02989540198065364, 'subsample': 0.8307821683331218, 'colsample_bytree': 0.923253112635361, 'min_child_samples': 64, 'reg_alpha': 0.4898604619604203, 'reg_lambda': 2.9076377687066166e-05}. Best is trial 7 with value: 0.060136971767057734.
