[I 2026-06-01 15:01:37,937] Trial 17 finished with value: 0.04993829082738478 and parameters: {'confidence_threshold': 0.5080881579696632, 'training_days': 360, 'n_estimators': 221, 'max_depth': 3, 'num_leaves': 18, 'learning_rate': 0.02519491858553075, 'subsample': 0.6644108905489939, 'colsample_bytree': 0.8261297778909438, 'min_child_samples': 89, 'reg_alpha': 9.000775609768185e-06, 'reg_lambda': 0.00043515012890973914}. Best is trial 10 with value: 0.2527015175840782.
[I 2026-06-01 15:01:38,664] A new study created in memory with name: no-name-b53b22c0-9e50-44a9-b3a4-2f8850b917e2

    [trial 17] 47 features, training_days=410 | threshold=0.683 | labels: 1182 long, 989 short (54/46%)
    [trial 17] Sharpe=0.0917 (folds: 0.1574, 0.2609, -0.0125, 0.0911, -0.0384)
  Optuna: 18 trials, best Sharpe = 0.1539
  Best params: n_estimators=499, max_depth=5, lr=0.0102, leaves=63
  Best confidence_threshold: 0.831
  Best training_days: 500
  Retrained on full data (1500 samples, 47 features)
  [ensemble 3/3] seed=456
    [trial 0] 47 features, training_days=90 | threshold=0.587 | labels: 1182 long, 989 short (54/46%)
    [CV fold 0] train_end=2023-02-23 08:00 | val_start=2023-03-03 00:00 | gap=184h (22 rows)
    [CV fold 1] train_end=2023-06-23 16:00 | val_start=2023-07-01 08:00 | gap=184h (22 rows)
    [CV fold 2] train_end=2023-10-22 00:00 | val_start=2023-10-29 16:00 | gap=184h (22 rows)
    [CV fold 3] train_end=2024-02-19 08:00 | val_start=2024-02-27 00:00 | gap=184h (22 rows)
    [CV fold 4] train_end=2024-06-18 16:00 | val_start=2024-06-26 08:00 | gap=184h (22 rows)
    [trial 0] Sharpe=0.0383 (folds: 0.0838, -0.0338, 0.0714, 0.0703, -0.0002)
    [trial 1] 47 features, training_days=290 | threshold=0.635 | labels: 1182 long, 989 short (54/46%)
    [trial 1] Sharpe=0.0218 (folds: 0.1108, 0.2998, -0.0634, -0.0801, -0.1583)
    [trial 2] 47 features, training_days=10 | threshold=0.585 | labels: 1182 long, 989 short (54/46%)
    [trial 2] Sharpe=-0.0597 (folds: -0.0592, 0.1342, -0.2925, 0.0967, -0.1778)
    [trial 3] 47 features, training_days=220 | threshold=0.687 | labels: 1182 long, 989 short (54/46%)
    [trial 3] Sharpe=0.0537 (folds: 0.1641, 0.4043, -0.0464, -0.0471, -0.2064)
    [trial 4] 47 features, training_days=300 | threshold=0.562 | labels: 1182 long, 989 short (54/46%)
    [trial 4] Sharpe=0.0590 (folds: 0.1228, 0.1960, 0.0373, 0.0217, -0.0830)
    [trial 5] 47 features, training_days=490 | threshold=0.711 | labels: 1182 long, 989 short (54/46%)
    [trial 5] Sharpe=0.0575 (folds: 0.0901, 0.2272, 0.1222, 0.0210, -0.1729)
    [trial 6] 47 features, training_days=420 | threshold=0.667 | labels: 1182 long, 989 short (54/46%)
    [trial 6] Sharpe=0.0876 (folds: 0.1234, 0.2719, -0.0574, 0.1210, -0.0211)
    [trial 7] 47 features, training_days=120 | threshold=0.550 | labels: 1182 long, 989 short (54/46%)
    [trial 7] Sharpe=0.0430 (folds: 0.1199, 0.0732, -0.0221, 0.0647, -0.0205)
    [trial 8] 47 features, training_days=450 | threshold=0.720 | labels: 1182 long, 989 short (54/46%)
    [trial 8] Sharpe=0.1148 (folds: 0.1599, 0.3403, 0.0243, 0.1026, -0.0529)
    [trial 9] 47 features, training_days=20 | threshold=0.727 | labels: 1182 long, 989 short (54/46%)
    [trial 9] Sharpe=-2.0591 (folds: -10.0000, 0.1342, -0.2925, 0.0404, -0.1778)
    [trial 10] 47 features, training_days=400 | threshold=0.828 | labels: 1182 long, 989 short (54/46%)
    [trial 10] Sharpe=0.2527 (folds: 0.3609, 0.2458, 0.0407, 0.1307, 0.4854)
    [trial 11] 47 features, training_days=400 | threshold=0.843 | labels: 1182 long, 989 short (54/46%)
    [trial 11] Sharpe=0.1512 (folds: 0.1776, 0.0099, -0.1972, 0.1080, 0.6576)
    [trial 12] 47 features, training_days=380 | threshold=0.844 | labels: 1182 long, 989 short (54/46%)
    [trial 12] Sharpe=0.1881 (folds: 0.2032, 0.3778, -0.0310, 0.1235, 0.2671)
    [trial 13] 47 features, training_days=340 | threshold=0.849 | labels: 1182 long, 989 short (54/46%)
    [trial 13] Sharpe=0.1280 (folds: 0.2483, 0.4168, 0.0675, -0.1477, 0.0549)
    [trial 14] 47 features, training_days=360 | threshold=0.792 | labels: 1182 long, 989 short (54/46%)
    [trial 14] Sharpe=0.1201 (folds: 0.2648, 0.3636, 0.0758, 0.0572, -0.1612)
    [trial 15] 47 features, training_days=220 | threshold=0.783 | labels: 1182 long, 989 short (54/46%)
    [trial 15] Sharpe=0.0258 (folds: 0.1593, 0.3905, -0.1394, -0.1093, -0.1722)
    [trial 16] 47 features, training_days=500 | threshold=0.790 | labels: 1182 long, 989 short (54/46%)
    [trial 16] Sharpe=0.1499 (folds: 0.2625, 0.3484, 0.1436, -0.1061, 0.1014)
    [trial 17] 47 features, training_days=360 | threshold=0.508 | labels: 1182 long, 989 short (54/46%)
    [trial 17] Sharpe=0.0499 (folds: 0.1092, 0.2342, 0.0138, 0.0667, -0.1741)
  Optuna: 18 trials, best Sharpe = 0.2527
  Best params: n_estimators=485, max_depth=4, lr=0.0119, leaves=63
  Best confidence_threshold: 0.828
  Best training_days: 400
  Retrained on full data (1200 samples, 47 features)
  OOD: 16 features, cutoff (q=0.7) = 10.17
  Model trained for 2024-11: 90 test candles with features, confidence_threshold=0.833
[lgbm] === Training for 2024-12 ===
  Train window: 2022-12-01 → 2024-11-23
  2171 training samples from 1 symbols
  Samples per month: 2022-12: 93, 2023-01: 93, 2023-02: 84, 2023-03: 93, 2023-04: 90, 2023-05: 93, 2023-06: 90, 2023-07: 93, 2023-08: 93, 2023-09: 90, 2023-10: 93, 2023-11: 90, 2023-12: 93, 2024-01: 93, 2024-02: 87, 2024-03: 93, 2024-04: 90, 2024-05: 93, 2024-06: 90, 2024-07: 93, 2024-08: 93, 2024-09: 90, 2024-10: 93, 2024-11: 68
  [label] 2023-01-31 16:00 BTCUSDT entry=23119.4000 → LONG | long=timeout(+0.40%) short=sl(-3.66%) | scanned=22 | no_tp→fwd_return=+0.4961
  [label] 2023-02-03 00:00 BTCUSDT entry=23457.1000 → SHORT | long=sl(-3.74%) short=tp(+7.19%) | scanned=20 | short_tp_only
  [label] 2023-02-06 16:00 BTCUSDT entry=22757.7000 → SHORT | long=sl(-3.35%) short=timeout(+4.26%) | scanned=22 | no_tp→fwd_return=-4.3568
  [label] 2023-03-03 08:00 BTCUSDT entry=22323.9000 → SHORT | long=sl(-4.38%) short=tp(+8.46%) | scanned=19 | short_tp_only
  [label] 2023-04-25 00:00 BTCUSDT entry=27252.3000 → LONG | long=tp(+6.71%) short=sl(-3.50%) | scanned=4 | long_tp_only
  [label] 2023-10-08 00:00 BTCUSDT entry=27892.4000 → SHORT | long=sl(-2.45%) short=tp(+4.60%) | scanned=11 | short_tp_only
  [label] 2023-10-12 00:00 BTCUSDT entry=26799.4000 → LONG | long=tp(+4.67%) short=sl(-2.49%) | scanned=12 | long_tp_only
  [label] 2023-10-22 16:00 BTCUSDT entry=29981.5000 → LONG | long=tp(+5.81%) short=sl(-3.05%) | scanned=3 | long_tp_only
  [label] 2023-12-06 16:00 BTCUSDT entry=43774.8000 → SHORT | long=sl(-3.68%) short=tp(+7.06%) | scanned=13 | short_tp_only
  [label] 2023-12-15 08:00 BTCUSDT entry=41930.3000 → LONG | long=timeout(+4.12%) short=sl(-4.66%) | scanned=22 | no_tp→fwd_return=+4.2203
  [label] 2024-03-14 16:00 BTCUSDT entry=71455.5000 → SHORT | long=sl(-5.29%) short=tp(+10.28%) | scanned=13 | short_tp_only
  [label] 2024-04-15 16:00 BTCUSDT entry=63392.7000 → LONG | long=timeout(+5.24%) short=timeout(-5.44%) | scanned=22 | no_tp→fwd_return=+5.3402
  [label] 2024-05-02 00:00 BTCUSDT entry=57645.0000 → LONG | long=tp(+10.79%) short=sl(-5.54%) | scanned=7 | long_tp_only
  [label] 2024-05-14 16:00 BTCUSDT entry=61550.5000 → LONG | long=tp(+6.63%) short=sl(-3.46%) | scanned=3 | long_tp_only
  [label] 2024-06-02 00:00 BTCUSDT entry=67743.0000 → LONG | long=tp(+5.01%) short=sl(-2.65%) | scanned=9 | long_tp_only
  [label] 2024-06-08 08:00 BTCUSDT entry=69462.1000 → SHORT | long=sl(-2.88%) short=tp(+5.45%) | scanned=19 | short_tp_only
  [label] 2024-06-20 16:00 BTCUSDT entry=64854.0000 → SHORT | long=sl(-3.16%) short=tp(+6.01%) | scanned=11 | short_tp_only
  [label] 2024-07-30 08:00 BTCUSDT entry=66198.0000 → SHORT | long=sl(-3.94%) short=tp(+7.57%) | scanned=11 | short_tp_only
  [label] 2024-08-09 00:00 BTCUSDT entry=60844.0000 → SHORT | long=sl(-7.15%) short=timeout(+3.88%) | scanned=22 | no_tp→fwd_return=-3.9784
  [label] 2024-11-03 08:00 BTCUSDT entry=68076.0000 → LONG | long=tp(+6.32%) short=sl(-3.31%) | scanned=8 | long_tp_only
  Labels: 1217 long (56.1%), 954 short (43.9%) | weights: min=1.00, mean=3.47, max=10.00
  Features: 2171/2171 matched, 47 columns
  CV gap: 22 rows
  [ensemble 1/3] seed=42
    [trial 0] 47 features, training_days=480 | threshold=0.631 | labels: 1217 long, 954 short (56/44%)
    [CV fold 0] train_end=2023-03-25 08:00 | val_start=2023-04-02 00:00 | gap=184h (22 rows)
    [CV fold 1] train_end=2023-07-23 16:00 | val_start=2023-07-31 08:00 | gap=184h (22 rows)
    [CV fold 2] train_end=2023-11-21 00:00 | val_start=2023-11-28 16:00 | gap=184h (22 rows)
    [CV fold 3] train_end=2024-03-20 08:00 | val_start=2024-03-28 00:00 | gap=184h (22 rows)[I 2026-06-01 15:01:38,968] Trial 0 finished with value: 0.10353549790294896 and parameters: {'confidence_threshold': 0.6310890415965769, 'training_days': 480, 'n_estimators': 380, 'max_depth': 4, 'num_leaves': 22, 'learning_rate': 0.01699897838270077, 'subsample': 0.5290418060840998, 'colsample_bytree': 0.9330880728874675, 'min_child_samples': 68, 'reg_alpha': 0.023585940584142682, 'reg_lambda': 1.5320059381854043e-08}. Best is trial 0 with value: 0.10353549790294896.
[I 2026-06-01 15:01:39,080] Trial 1 finished with value: -1.6860012593597051 and parameters: {'confidence_threshold': 0.839468448256698, 'training_days': 420, 'n_estimators': 145, 'max_depth': 3, 'num_leaves': 23, 'learning_rate': 0.028145092716060652, 'subsample': 0.762378215816119, 'colsample_bytree': 0.7159725093210578, 'min_child_samples': 43, 'reg_alpha': 0.0032112643094417484, 'reg_lambda': 1.8007140198129195e-07}. Best is trial 0 with value: 0.10353549790294896.
[I 2026-06-01 15:01:39,248] Trial 2 finished with value: 0.09161865766490673 and parameters: {'confidence_threshold': 0.6022506269873263, 'training_days': 190, 'n_estimators': 255, 'max_depth': 5, 'num_leaves': 24, 'learning_rate': 0.05748924681991978, 'subsample': 0.7962072844310213, 'colsample_bytree': 0.5232252063599989, 'min_child_samples': 69, 'reg_alpha': 3.425445902633376e-07, 'reg_lambda': 3.850031979199519e-08}. Best is trial 0 with value: 0.10353549790294896.
[I 2026-06-01 15:01:39,517] Trial 3 finished with value: 0.15966405904171072 and parameters: {'confidence_threshold': 0.8321099380386666, 'training_days': 490, 'n_estimators': 414, 'max_depth': 3, 'num_leaves': 19, 'learning_rate': 0.1024932221692416, 'subsample': 0.7200762468698007, 'colsample_bytree': 0.5610191174223894, 'min_child_samples': 60, 'reg_alpha': 2.039373116525212e-08, 'reg_lambda': 1.527156759251193}. Best is trial 3 with value: 0.15966405904171072.
[I 2026-06-01 15:01:39,664] Trial 4 finished with value: 0.06639294457214144 and parameters: {'confidence_threshold': 0.5905729935600059, 'training_days': 340, 'n_estimators': 190, 'max_depth': 4, 'num_leaves': 41, 'learning_rate': 0.01875220945578641, 'subsample': 0.9847923138822793, 'colsample_bytree': 0.8875664116805573, 'min_child_samples': 96, 'reg_alpha': 1.1309571585271483, 'reg_lambda': 0.002404915432737351}. Best is trial 3 with value: 0.15966405904171072.
[I 2026-06-01 15:01:39,705] Trial 5 finished with value: 0.20861270514093894 and parameters: {'confidence_threshold': 0.8226559822580909, 'training_days': 50, 'n_estimators': 138, 'max_depth': 3, 'num_leaves': 30, 'learning_rate': 0.03750796359625606, 'subsample': 0.6356745158869479, 'colsample_bytree': 0.9143687545759647, 'min_child_samples': 48, 'reg_alpha': 3.376063348877853e-06, 'reg_lambda': 0.0007660634613082914}. Best is trial 5 with value: 0.20861270514093894.
[I 2026-06-01 15:01:39,814] Trial 6 finished with value: 0.05551299719887855 and parameters: {'confidence_threshold': 0.5493234787411669, 'training_days': 410, 'n_estimators': 83, 'max_depth': 5, 'num_leaves': 52, 'learning_rate': 0.019657448966046126, 'subsample': 0.5027610585618012, 'colsample_bytree': 0.9077307142274171, 'min_child_samples': 77, 'reg_alpha': 0.03639690979811287, 'reg_lambda': 0.08738424135626986}. Best is trial 5 with value: 0.20861270514093894.
[I 2026-06-01 15:01:39,915] Trial 7 finished with value: 0.06571669866429948 and parameters: {'confidence_threshold': 0.5259156281069316, 'training_days': 180, 'n_estimators': 102, 'max_depth': 5, 'num_leaves': 45, 'learning_rate': 0.030816017044468066, 'subsample': 0.5317791751430119, 'colsample_bytree': 0.6554911608578311, 'min_child_samples': 46, 'reg_alpha': 0.036851536911881845, 'reg_lambda': 0.005470376807480391}. Best is trial 5 with value: 0.20861270514093894.
[I 2026-06-01 15:01:40,015] Trial 8 finished with value: 0.09645415284984601 and parameters: {'confidence_threshold': 0.8105244599017143, 'training_days': 240, 'n_estimators': 103, 'max_depth': 5, 'num_leaves': 52, 'learning_rate': 0.06746437142284309, 'subsample': 0.8854835899772805, 'colsample_bytree': 0.7468977981821954, 'min_child_samples': 62, 'reg_alpha': 7.04480806377519e-05, 'reg_lambda': 1.6934490731313353e-08}. Best is trial 5 with value: 0.20861270514093894.
[I 2026-06-01 15:01:40,040] Trial 9 finished with value: -2.0871983538892023 and parameters: {'confidence_threshold': 0.5377619994476566, 'training_days': 20, 'n_estimators': 337, 'max_depth': 3, 'num_leaves': 39, 'learning_rate': 0.21907142272152816, 'subsample': 0.6246461145744375, 'colsample_bytree': 0.7051914615178149, 'min_child_samples': 81, 'reg_alpha': 1.1459970229341322e-06, 'reg_lambda': 4.929685216887945e-08}. Best is trial 5 with value: 0.20861270514093894.
[I 2026-06-01 15:01:40,078] Trial 10 finished with value: -1.9956515436904347 and parameters: {'confidence_threshold': 0.7318981109748116, 'training_days': 10, 'n_estimators': 487, 'max_depth': 4, 'num_leaves': 31, 'learning_rate': 0.14704103471568217, 'subsample': 0.628963476300746, 'colsample_bytree': 0.987470107623585, 'min_child_samples': 25, 'reg_alpha': 2.608784411827665e-05, 'reg_lambda': 3.3639426888455256e-06}. Best is trial 5 with value: 0.20861270514093894.
[I 2026-06-01 15:01:40,258] Trial 11 finished with value: 0.1116086189233638 and parameters: {'confidence_threshold': 0.7615879655568232, 'training_days': 100, 'n_estimators': 496, 'max_depth': 3, 'num_leaves': 16, 'learning_rate': 0.10448448531784886, 'subsample': 0.6639587836397178, 'colsample_bytree': 0.5039870416163934, 'min_child_samples': 48, 'reg_alpha': 2.6854712383446556e-08, 'reg_lambda': 9.763153609723526}. Best is trial 5 with value: 0.20861270514093894.
[I 2026-06-01 15:01:40,556] Trial 12 finished with value: 0.09789294633434516 and parameters: {'confidence_threshold': 0.7131758522018106, 'training_days': 310, 'n_estimators': 398, 'max_depth': 3, 'num_leaves': 32, 'learning_rate': 0.09214174051661962, 'subsample': 0.7105018827142541, 'colsample_bytree': 0.8304278626461433, 'min_child_samples': 30, 'reg_alpha': 1.1705664386528927e-08, 'reg_lambda': 0.828800806411494}. Best is trial 5 with value: 0.20861270514093894.
[I 2026-06-01 15:01:40,682] Trial 13 finished with value: 0.08407300429686525 and parameters: {'confidence_threshold': 0.7896585694142172, 'training_days': 130, 'n_estimators': 242, 'max_depth': 3, 'num_leaves': 62, 'learning_rate': 0.04815035925095873, 'subsample': 0.8086805742721823, 'colsample_bytree': 0.6138200283342398, 'min_child_samples': 55, 'reg_alpha': 3.3701359467890716e-06, 'reg_lambda': 3.9794797075090296e-05}. Best is trial 5 with value: 0.20861270514093894.
[I 2026-06-01 15:01:40,929] Trial 14 finished with value: 0.23286582101081463 and parameters: {'confidence_threshold': 0.6848615936326523, 'training_days': 500, 'n_estimators': 315, 'max_depth': 3, 'num_leaves': 15, 'learning_rate': 0.011598420046188914, 'subsample': 0.691147724147662, 'colsample_bytree': 0.8154778121342577, 'min_child_samples': 36, 'reg_alpha': 1.376150206979546e-07, 'reg_lambda': 0.00011276430067742513}. Best is trial 14 with value: 0.23286582101081463.
[I 2026-06-01 15:01:41,237] Trial 15 finished with value: 0.1752884052453177 and parameters: {'confidence_threshold': 0.6848109749990784, 'training_days': 300, 'n_estimators': 309, 'max_depth': 4, 'num_leaves': 32, 'learning_rate': 0.010023954330410353, 'subsample': 0.5923947879142555, 'colsample_bytree': 0.8159769551709519, 'min_child_samples': 33, 'reg_alpha': 1.1075870473842905e-05, 'reg_lambda': 0.00010079030010438331}. Best is trial 14 with value: 0.23286582101081463.
[I 2026-06-01 15:01:41,321] Trial 16 finished with value: 0.04419572188091304 and parameters: {'confidence_threshold': 0.6636864002591771, 'training_days': 70, 'n_estimators': 197, 'max_depth': 3, 'num_leaves': 27, 'learning_rate': 0.010901237270277066, 'subsample': 0.8649514202852935, 'colsample_bytree': 0.8202998023298633, 'min_child_samples': 36, 'reg_alpha': 2.609148149670165e-07, 'reg_lambda': 3.9352320260393124e-06}. Best is trial 14 with value: 0.23286582101081463.
[I 2026-06-01 15:01:41,542] Trial 17 finished with value: 0.1528344401179798 and parameters: {'confidence_threshold': 0.765237237661524, 'training_days': 370, 'n_estimators': 183, 'max_depth': 4, 'num_leaves': 15, 'learning_rate': 0.036350405651898204, 'subsample': 0.6740760862661878, 'colsample_bytree': 0.9956385980717998, 'min_child_samples': 24, 'reg_alpha': 0.000421628945103269, 'reg_lambda': 0.0017377542249006697}. Best is trial 14 with value: 0.23286582101081463.
[I 2026-06-01 15:01:41,965] A new study created in memory with name: no-name-fa87f9e2-9f7a-4c6c-8af1-f5b643635d26
[I 2026-06-01 15:01:42,048] Trial 0 finished with value: 0.12456503937448686 and parameters: {'confidence_threshold': 0.7437642149592516, 'training_days': 150, 'n_estimators': 152, 'max_depth': 4, 'num_leaves': 50, 'learning_rate': 0.04216766425047743, 'subsample': 0.9903820991923078, 'colsample_bytree': 0.8424148692924316, 'min_child_samples': 58, 'reg_alpha': 3.381097259762742e-05, 'reg_lambda': 1.2263152961306247e-05}. Best is trial 0 with value: 0.12456503937448686.
[I 2026-06-01 15:01:42,111] Trial 1 finished with value: -1.690053805999547 and parameters: {'confidence_threshold': 0.7551673975844145, 'training_days': 220, 'n_estimators': 76, 'max_depth': 4, 'num_leaves': 51, 'learning_rate': 0.018602118810743477, 'subsample': 0.5877258780737462, 'colsample_bytree': 0.7657756869209191, 'min_child_samples': 63, 'reg_alpha': 0.005123994170264194, 'reg_lambda': 0.44145470178120466}. Best is trial 0 with value: 0.12456503937448686.
[I 2026-06-01 15:01:42,376] Trial 2 finished with value: 0.1503781912093179 and parameters: {'confidence_threshold': 0.7535593637012223, 'training_days': 310, 'n_estimators': 375, 'max_depth': 3, 'num_leaves': 32, 'learning_rate': 0.021735641882032388, 'subsample': 0.6468570231944146, 'colsample_bytree': 0.8154880619272439, 'min_child_samples': 27, 'reg_alpha': 8.004064028491336e-05, 'reg_lambda': 7.546835261630524e-05}. Best is trial 2 with value: 0.1503781912093179.
[I 2026-06-01 15:01:42,554] Trial 3 finished with value: 0.0626070560744391 and parameters: {'confidence_threshold': 0.6727897841776072, 'training_days': 220, 'n_estimators': 190, 'max_depth': 4, 'num_leaves': 58, 'learning_rate': 0.24810689332636193, 'subsample': 0.7509183379421682, 'colsample_bytree': 0.8119764758960556, 'min_child_samples': 29, 'reg_alpha': 7.1708285081421445e-06, 'reg_lambda': 5.412973582738627e-05}. Best is trial 2 with value: 0.1503781912093179.
[I 2026-06-01 15:01:42,674] Trial 4 finished with value: 0.07823683720762757 and parameters: {'confidence_threshold': 0.803208205259178, 'training_days': 130, 'n_estimators': 267, 'max_depth': 5, 'num_leaves': 40, 'learning_rate': 0.08041175317374143, 'subsample': 0.5603143329951619, 'colsample_bytree': 0.9131704002534167, 'min_child_samples': 68, 'reg_alpha': 0.0008046593428183385, 'reg_lambda': 1.2158346158765583e-05}. Best is trial 2 with value: 0.1503781912093179.
[I 2026-06-01 15:01:42,905] Trial 5 finished with value: 0.07799039021075267 and parameters: {'confidence_threshold': 0.6064422761595144, 'training_days': 210, 'n_estimators': 357, 'max_depth': 5, 'num_leaves': 40, 'learning_rate': 0.0974221287220869, 'subsample': 0.7929682762811064, 'colsample_bytree': 0.8124517510478, 'min_child_samples': 74, 'reg_alpha': 0.3811377260781234, 'reg_lambda': 5.607314238392041e-08}. Best is trial 2 with value: 0.1503781912093179.
[I 2026-06-01 15:01:43,009] Trial 6 finished with value: 0.04244507212230185 and parameters: {'confidence_threshold': 0.7672889945051684, 'training_days': 130, 'n_estimators': 137, 'max_depth': 4, 'num_leaves': 19, 'learning_rate': 0.2031117614248665, 'subsample': 0.8136244860256343, 'colsample_bytree': 0.8617081790949774, 'min_child_samples': 21, 'reg_alpha': 0.002238138278733199, 'reg_lambda': 0.001025809534977322}. Best is trial 2 with value: 0.1503781912093179.
[I 2026-06-01 15:01:43,078] Trial 7 finished with value: 0.06876654208749998 and parameters: {'confidence_threshold': 0.555635875450653, 'training_days': 80, 'n_estimators': 363, 'max_depth': 3, 'num_leaves': 48, 'learning_rate': 0.06590089024008658, 'subsample': 0.6944752870615722, 'colsample_bytree': 0.962566244806993, 'min_child_samples': 88, 'reg_alpha': 1.6465620446426067e-05, 'reg_lambda': 2.4678750890085655e-08}. Best is trial 2 with value: 0.1503781912093179.
[I 2026-06-01 15:01:43,400] Trial 8 finished with value: 0.08964194553583145 and parameters: {'confidence_threshold': 0.6066688256938841, 'training_days': 200, 'n_estimators': 367, 'max_depth': 5, 'num_leaves': 32, 'learning_rate': 0.13377519215934996, 'subsample': 0.7965884582811106, 'colsample_bytree': 0.8458508993500886, 'min_child_samples': 32, 'reg_alpha': 3.889436043816386e-05, 'reg_lambda': 1.4713062489380356e-06}. Best is trial 2 with value: 0.1503781912093179.
