[I 2026-06-01 14:57:44,657] Trial 17 finished with value: -0.09443520462497812 and parameters: {'confidence_threshold': 0.6755099553978283, 'training_days': 290, 'n_estimators': 143, 'max_depth': 4, 'num_leaves': 50, 'learning_rate': 0.0939715874920855, 'subsample': 0.8966528758643255, 'colsample_bytree': 0.8279374205854757, 'min_child_samples': 31, 'reg_alpha': 0.0006690853247011287, 'reg_lambda': 0.5555026119148315}. Best is trial 5 with value: 0.09071994308217957.
[I 2026-06-01 14:57:44,835] A new study created in memory with name: no-name-5e00e702-2ad2-40fd-873e-18cb2578fd36

[predict] 2023-01-26 16:00 BTCUSDT → SHORT (proba=0.87 TP=8.1%/SL=4.0%)
[trade:open] 2023-01-26 23:59 BTCUSDT SHORT @ 23001.90 | SL=23928.90 TP=21147.89 | timeout=2023-02-02 23:59
[trade:close] 2023-01-29 23:59 BTCUSDT SHORT → stop_loss @ 23928.90 | PnL=-4.03% (net -4.13%) | cum=-5.35% 2023-01=-9.67% 2023-01-29=-4.13%
[predict] 2023-01-30 16:00 BTCUSDT → SHORT (proba=0.62 TP=7.5%/SL=3.8%)
[trade:open] 2023-01-30 23:59 BTCUSDT SHORT @ 22819.90 | SL=23680.05 TP=21099.59 | timeout=2023-02-06 23:59
[lgbm] === Training for 2023-02 ===
  Train window: 2021-02-01 → 2023-01-24
  2168 training samples from 1 symbols
  Samples per month: 2021-02: 84, 2021-03: 93, 2021-04: 90, 2021-05: 93, 2021-06: 90, 2021-07: 93, 2021-08: 93, 2021-09: 90, 2021-10: 93, 2021-11: 90, 2021-12: 93, 2022-01: 93, 2022-02: 84, 2022-03: 93, 2022-04: 90, 2022-05: 93, 2022-06: 90, 2022-07: 93, 2022-08: 93, 2022-09: 90, 2022-10: 93, 2022-11: 90, 2022-12: 93, 2023-01: 71
  [label] 2021-04-03 16:00 BTCUSDT entry=57134.6500 → LONG | long=timeout(+4.62%) short=sl(-4.71%) | scanned=22 | no_tp→fwd_return=+4.7218
  [label] 2021-04-05 16:00 BTCUSDT entry=59243.3900 → LONG | long=sl(-4.41%) short=sl(-4.41%) | scanned=13 | no_tp→fwd_return=+2.3146
  [label] 2021-04-09 16:00 BTCUSDT entry=58176.0300 → LONG | long=tp(+7.71%) short=sl(-4.00%) | scanned=11 | long_tp_only
  [label] 2021-05-04 08:00 BTCUSDT entry=53881.8400 → LONG | long=timeout(+3.99%) short=sl(-6.33%) | scanned=22 | no_tp→fwd_return=+4.0875
  [label] 2021-06-25 16:00 BTCUSDT entry=31568.0700 → LONG | long=timeout(+6.85%) short=sl(-10.16%) | scanned=22 | no_tp→fwd_return=+6.9465
  [label] 2021-12-08 16:00 BTCUSDT entry=50455.6100 → SHORT | long=sl(-7.07%) short=timeout(+3.04%) | scanned=22 | no_tp→fwd_return=-3.1416
  [label] 2021-12-12 16:00 BTCUSDT entry=50057.0100 → SHORT | long=sl(-5.84%) short=timeout(+6.67%) | scanned=22 | no_tp→fwd_return=-6.7690
  [label] 2021-12-23 08:00 BTCUSDT entry=48788.0000 → SHORT | long=sl(-4.43%) short=sl(-4.43%) | scanned=18 | no_tp→fwd_return=-1.7353
  [label] 2022-02-06 08:00 BTCUSDT entry=41494.9900 → LONG | long=tp(+9.34%) short=sl(-4.82%) | scanned=5 | long_tp_only
  [label] 2022-02-14 16:00 BTCUSDT entry=42525.1400 → SHORT | long=sl(-4.72%) short=sl(-4.72%) | scanned=9 | no_tp→fwd_return=-4.7817
  [label] 2022-05-16 00:00 BTCUSDT entry=29572.8000 → LONG | long=timeout(+2.86%) short=timeout(-3.06%) | scanned=22 | no_tp→fwd_return=+2.9551
  [label] 2022-06-17 00:00 BTCUSDT entry=21087.5000 → SHORT | long=sl(-12.18%) short=timeout(+0.77%) | scanned=22 | no_tp→fwd_return=-0.8707
  [label] 2022-07-03 00:00 BTCUSDT entry=19127.8000 → LONG | long=tp(+12.21%) short=sl(-6.25%) | scanned=14 | long_tp_only
  [label] 2022-07-15 16:00 BTCUSDT entry=20823.1000 → LONG | long=tp(+11.12%) short=sl(-5.71%) | scanned=11 | long_tp_only
  [label] 2022-08-03 08:00 BTCUSDT entry=23346.0000 → LONG | long=timeout(+2.63%) short=timeout(-2.83%) | scanned=22 | no_tp→fwd_return=+2.7311
  [label] 2022-08-09 16:00 BTCUSDT entry=23140.2000 → LONG | long=tp(+7.49%) short=sl(-3.89%) | scanned=5 | long_tp_only
  [label] 2022-08-22 00:00 BTCUSDT entry=21089.1000 → SHORT | long=sl(-4.64%) short=timeout(+5.61%) | scanned=22 | no_tp→fwd_return=-5.7082
  [label] 2022-09-30 08:00 BTCUSDT entry=19749.4000 → SHORT | long=timeout(-0.99%) short=timeout(+0.79%) | scanned=22 | no_tp→fwd_return=-0.8876
  [label] 2022-10-10 08:00 BTCUSDT entry=19261.7000 → SHORT | long=sl(-2.96%) short=tp(+5.62%) | scanned=9 | short_tp_only
  [label] 2023-01-04 08:00 BTCUSDT entry=16846.5000 → LONG | long=tp(+2.96%) short=sl(-1.63%) | scanned=16 | long_tp_only
  Labels: 1105 long (51.0%), 1063 short (49.0%) | weights: min=1.00, mean=3.34, max=10.00
  Features: 2168/2168 matched, 47 columns
  CV gap: 22 rows
  [ensemble 1/3] seed=42
    [trial 0] 47 features, training_days=480 | threshold=0.631 | labels: 1105 long, 1063 short (51/49%)
    [CV fold 0] train_end=2021-05-25 08:00 | val_start=2021-06-02 00:00 | gap=184h (22 rows)
    [CV fold 1] train_end=2021-09-22 16:00 | val_start=2021-09-30 08:00 | gap=184h (22 rows)
    [CV fold 2] train_end=2022-01-21 00:00 | val_start=2022-01-28 16:00 | gap=184h (22 rows)
    [CV fold 3] train_end=2022-05-21 08:00 | val_start=2022-05-29 00:00 | gap=184h (22 rows)
    [CV fold 4] train_end=2022-09-18 16:00 | val_start=2022-09-26 08:00 | gap=184h (22 rows)
    [trial 0] Sharpe=-0.0199 (folds: 0.0147, 0.1335, -0.1650, -0.0920, 0.0092)
    [trial 1] 47 features, training_days=420 | threshold=0.839 | labels: 1105 long, 1063 short (51/49%)
    [trial 1] Sharpe=-4.0656 (folds: 0.1550, -0.1091, -10.0000, -0.3737, -10.0000)
    [trial 2] 47 features, training_days=190 | threshold=0.602 | labels: 1105 long, 1063 short (51/49%)
    [trial 2] Sharpe=-0.0975 (folds: 0.0460, -0.0568, -0.3023, -0.0889, -0.0857)
    [trial 3] 47 features, training_days=490 | threshold=0.832 | labels: 1105 long, 1063 short (51/49%)
    [trial 3] Sharpe=-0.0707 (folds: 0.1348, -0.0196, -0.1927, -0.1736, -0.1024)
    [trial 4] 47 features, training_days=340 | threshold=0.591 | labels: 1105 long, 1063 short (51/49%)
    [trial 4] Sharpe=-0.1038 (folds: -0.0292, 0.0975, -0.2772, -0.0685, -0.2419)
    [trial 5] 47 features, training_days=50 | threshold=0.823 | labels: 1105 long, 1063 short (51/49%)
    [trial 5] Sharpe=0.0907 (folds: 0.1850, 0.2381, -0.0172, 0.0461, 0.0016)
    [trial 6] 47 features, training_days=410 | threshold=0.549 | labels: 1105 long, 1063 short (51/49%)
    [trial 6] Sharpe=-0.0400 (folds: -0.0331, 0.1155, -0.1601, -0.0211, -0.1011)
    [trial 7] 47 features, training_days=180 | threshold=0.526 | labels: 1105 long, 1063 short (51/49%)
    [trial 7] Sharpe=-0.0996 (folds: 0.0938, -0.0175, -0.3201, -0.0833, -0.1710)
    [trial 8] 47 features, training_days=240 | threshold=0.811 | labels: 1105 long, 1063 short (51/49%)
    [trial 8] Sharpe=-0.0734 (folds: 0.1564, 0.0369, -0.3292, 0.1628, -0.3938)
    [trial 9] 47 features, training_days=20 | threshold=0.538 | labels: 1105 long, 1063 short (51/49%)
    [trial 9] Sharpe=-0.0194 (folds: -0.1308, 0.0893, 0.0309, 0.0907, -0.1772)
    [trial 10] 47 features, training_days=10 | threshold=0.732 | labels: 1105 long, 1063 short (51/49%)
    [trial 10] Sharpe=-1.9933 (folds: -10.0000, 0.0893, 0.0309, 0.0907, -0.1772)
    [trial 11] 47 features, training_days=20 | threshold=0.715 | labels: 1105 long, 1063 short (51/49%)
    [trial 11] Sharpe=-0.0194 (folds: -0.1308, 0.0893, 0.0309, 0.0907, -0.1772)
    [trial 12] 47 features, training_days=90 | threshold=0.746 | labels: 1105 long, 1063 short (51/49%)
    [trial 12] Sharpe=0.0323 (folds: -0.1203, 0.3080, -0.0689, 0.0460, -0.0031)
    [trial 13] 47 features, training_days=110 | threshold=0.762 | labels: 1105 long, 1063 short (51/49%)
    [trial 13] Sharpe=0.0529 (folds: 0.1390, 0.3483, -0.2797, 0.0961, -0.0391)
    [trial 14] 47 features, training_days=120 | threshold=0.787 | labels: 1105 long, 1063 short (51/49%)
    [trial 14] Sharpe=0.0195 (folds: 0.1158, 0.4641, -0.2605, 0.1273, -0.3493)
    [trial 15] 47 features, training_days=100 | threshold=0.773 | labels: 1105 long, 1063 short (51/49%)
    [trial 15] Sharpe=0.0651 (folds: 0.0784, 0.2949, -0.0633, 0.2461, -0.2308)
    [trial 16] 47 features, training_days=90 | threshold=0.676 | labels: 1105 long, 1063 short (51/49%)
    [trial 16] Sharpe=0.0897 (folds: 0.1705, 0.2617, 0.0094, 0.1351, -0.1282)
    [trial 17] 47 features, training_days=290 | threshold=0.676 | labels: 1105 long, 1063 short (51/49%)
    [trial 17] Sharpe=-0.0944 (folds: 0.0433, 0.0221, -0.2053, -0.0053, -0.3269)
  Optuna: 18 trials, best Sharpe = 0.0907
  Best params: n_estimators=138, max_depth=3, lr=0.0375, leaves=30
  Best confidence_threshold: 0.823
  Best training_days: 50
  Retrained on full data (150 samples, 47 features)
  [ensemble 2/3] seed=123
    [trial 0] 47 features, training_days=150 | threshold=0.744 | labels: 1105 long, 1063 short (51/49%)
    [CV fold 0] train_end=2021-05-25 08:00 | val_start=2021-06-02 00:00 | gap=184h (22 rows)
    [CV fold 1] train_end=2021-09-22 16:00 | val_start=2021-09-30 08:00 | gap=184h (22 rows)
    [CV fold 2] train_end=2022-01-21 00:00 | val_start=2022-01-28 16:00 | gap=184h (22 rows)[I 2026-06-01 14:57:44,924] Trial 0 finished with value: -0.07372464293515749 and parameters: {'confidence_threshold': 0.7437642149592516, 'training_days': 150, 'n_estimators': 152, 'max_depth': 4, 'num_leaves': 50, 'learning_rate': 0.04216766425047743, 'subsample': 0.9903820991923078, 'colsample_bytree': 0.8424148692924316, 'min_child_samples': 58, 'reg_alpha': 3.381097259762742e-05, 'reg_lambda': 1.2263152961306247e-05}. Best is trial 0 with value: -0.07372464293515749.
[I 2026-06-01 14:57:44,994] Trial 1 finished with value: -2.084690164232057 and parameters: {'confidence_threshold': 0.7551673975844145, 'training_days': 220, 'n_estimators': 76, 'max_depth': 4, 'num_leaves': 51, 'learning_rate': 0.018602118810743477, 'subsample': 0.5877258780737462, 'colsample_bytree': 0.7657756869209191, 'min_child_samples': 63, 'reg_alpha': 0.005123994170264194, 'reg_lambda': 0.44145470178120466}. Best is trial 0 with value: -0.07372464293515749.
[I 2026-06-01 14:57:45,261] Trial 2 finished with value: -0.08536813336764396 and parameters: {'confidence_threshold': 0.7535593637012223, 'training_days': 310, 'n_estimators': 375, 'max_depth': 3, 'num_leaves': 32, 'learning_rate': 0.021735641882032388, 'subsample': 0.6468570231944146, 'colsample_bytree': 0.8154880619272439, 'min_child_samples': 27, 'reg_alpha': 8.004064028491336e-05, 'reg_lambda': 7.546835261630524e-05}. Best is trial 0 with value: -0.07372464293515749.
[I 2026-06-01 14:57:45,424] Trial 3 finished with value: -0.11249145188705396 and parameters: {'confidence_threshold': 0.6727897841776072, 'training_days': 220, 'n_estimators': 190, 'max_depth': 4, 'num_leaves': 58, 'learning_rate': 0.24810689332636193, 'subsample': 0.7509183379421682, 'colsample_bytree': 0.8119764758960556, 'min_child_samples': 29, 'reg_alpha': 7.1708285081421445e-06, 'reg_lambda': 5.412973582738627e-05}. Best is trial 0 with value: -0.07372464293515749.
[I 2026-06-01 14:57:45,533] Trial 4 finished with value: -0.01824721738582937 and parameters: {'confidence_threshold': 0.803208205259178, 'training_days': 130, 'n_estimators': 267, 'max_depth': 5, 'num_leaves': 40, 'learning_rate': 0.08041175317374143, 'subsample': 0.5603143329951619, 'colsample_bytree': 0.9131704002534167, 'min_child_samples': 68, 'reg_alpha': 0.0008046593428183385, 'reg_lambda': 1.2158346158765583e-05}. Best is trial 4 with value: -0.01824721738582937.
[I 2026-06-01 14:57:45,758] Trial 5 finished with value: -0.0988013848870696 and parameters: {'confidence_threshold': 0.6064422761595144, 'training_days': 210, 'n_estimators': 357, 'max_depth': 5, 'num_leaves': 40, 'learning_rate': 0.0974221287220869, 'subsample': 0.7929682762811064, 'colsample_bytree': 0.8124517510478, 'min_child_samples': 74, 'reg_alpha': 0.3811377260781234, 'reg_lambda': 5.607314238392041e-08}. Best is trial 4 with value: -0.01824721738582937.
[I 2026-06-01 14:57:45,857] Trial 6 finished with value: -0.013420675588837274 and parameters: {'confidence_threshold': 0.7672889945051684, 'training_days': 130, 'n_estimators': 137, 'max_depth': 4, 'num_leaves': 19, 'learning_rate': 0.2031117614248665, 'subsample': 0.8136244860256343, 'colsample_bytree': 0.8617081790949774, 'min_child_samples': 21, 'reg_alpha': 0.002238138278733199, 'reg_lambda': 0.001025809534977322}. Best is trial 6 with value: -0.013420675588837274.
[I 2026-06-01 14:57:45,924] Trial 7 finished with value: 0.04344199763860945 and parameters: {'confidence_threshold': 0.555635875450653, 'training_days': 80, 'n_estimators': 363, 'max_depth': 3, 'num_leaves': 48, 'learning_rate': 0.06590089024008658, 'subsample': 0.6944752870615722, 'colsample_bytree': 0.962566244806993, 'min_child_samples': 88, 'reg_alpha': 1.6465620446426067e-05, 'reg_lambda': 2.4678750890085655e-08}. Best is trial 7 with value: 0.04344199763860945.
[I 2026-06-01 14:57:46,245] Trial 8 finished with value: -0.14661569079030573 and parameters: {'confidence_threshold': 0.6066688256938841, 'training_days': 200, 'n_estimators': 367, 'max_depth': 5, 'num_leaves': 32, 'learning_rate': 0.13377519215934996, 'subsample': 0.7965884582811106, 'colsample_bytree': 0.8458508993500886, 'min_child_samples': 32, 'reg_alpha': 3.889436043816386e-05, 'reg_lambda': 1.4713062489380356e-06}. Best is trial 7 with value: 0.04344199763860945.
[I 2026-06-01 14:57:46,461] Trial 9 finished with value: -0.06968769885777051 and parameters: {'confidence_threshold': 0.6202096049169137, 'training_days': 260, 'n_estimators': 350, 'max_depth': 3, 'num_leaves': 21, 'learning_rate': 0.02989540198065364, 'subsample': 0.8307821683331218, 'colsample_bytree': 0.923253112635361, 'min_child_samples': 64, 'reg_alpha': 0.4898604619604203, 'reg_lambda': 2.9076377687066166e-05}. Best is trial 7 with value: 0.04344199763860945.
[I 2026-06-01 14:57:46,496] Trial 10 finished with value: -0.019428972715096852 and parameters: {'confidence_threshold': 0.5248809389721337, 'training_days': 10, 'n_estimators': 493, 'max_depth': 3, 'num_leaves': 63, 'learning_rate': 0.010221918552934462, 'subsample': 0.667749445701178, 'colsample_bytree': 0.6202684210924141, 'min_child_samples': 99, 'reg_alpha': 1.3884210513841762e-08, 'reg_lambda': 0.02273343343290072}. Best is trial 7 with value: 0.04344199763860945.
[I 2026-06-01 14:57:46,560] Trial 11 finished with value: -0.07739806275562831 and parameters: {'confidence_threshold': 0.5077463503498806, 'training_days': 480, 'n_estimators': 51, 'max_depth': 3, 'num_leaves': 18, 'learning_rate': 0.29452324091564064, 'subsample': 0.9022119262021717, 'colsample_bytree': 0.9864508096204552, 'min_child_samples': 100, 'reg_alpha': 2.5493772909886044e-07, 'reg_lambda': 0.006998721582327246}. Best is trial 7 with value: 0.04344199763860945.
[I 2026-06-01 14:57:46,588] Trial 12 finished with value: -1.9932617555167784 and parameters: {'confidence_threshold': 0.830632524875604, 'training_days': 10, 'n_estimators': 252, 'max_depth': 4, 'num_leaves': 28, 'learning_rate': 0.15265377916176726, 'subsample': 0.6792225297018946, 'colsample_bytree': 0.6669454130036883, 'min_child_samples': 45, 'reg_alpha': 0.009505264432762285, 'reg_lambda': 0.004762002115187951}. Best is trial 7 with value: 0.04344199763860945.
[I 2026-06-01 14:57:46,720] Trial 13 finished with value: -0.04008650484556536 and parameters: {'confidence_threshold': 0.6955529552558224, 'training_days': 110, 'n_estimators': 475, 'max_depth': 3, 'num_leaves': 49, 'learning_rate': 0.05554951828366062, 'subsample': 0.5024707401359401, 'colsample_bytree': 0.943385579416806, 'min_child_samples': 83, 'reg_alpha': 1.0060661308529223e-06, 'reg_lambda': 1.147897733478235e-08}. Best is trial 7 with value: 0.04344199763860945.
[I 2026-06-01 14:57:46,779] Trial 14 finished with value: 0.01210135627684758 and parameters: {'confidence_threshold': 0.5659608707226916, 'training_days': 70, 'n_estimators': 144, 'max_depth': 4, 'num_leaves': 15, 'learning_rate': 0.17859621314011884, 'subsample': 0.9149653464282479, 'colsample_bytree': 0.9983252119032336, 'min_child_samples': 44, 'reg_alpha': 0.016435092915656313, 'reg_lambda': 1.66052015319664}. Best is trial 7 with value: 0.04344199763860945.
[I 2026-06-01 14:57:46,863] Trial 15 finished with value: 0.018684998162546183 and parameters: {'confidence_threshold': 0.5551423717289238, 'training_days': 60, 'n_estimators': 436, 'max_depth': 4, 'num_leaves': 45, 'learning_rate': 0.07357958511755032, 'subsample': 0.9296279388562269, 'colsample_bytree': 0.5093920150666754, 'min_child_samples': 46, 'reg_alpha': 8.31952480812236, 'reg_lambda': 6.662494752773517}. Best is trial 7 with value: 0.04344199763860945.
[I 2026-06-01 14:57:47,136] Trial 16 finished with value: -0.08158188095909816 and parameters: {'confidence_threshold': 0.5622760337986661, 'training_days': 350, 'n_estimators': 428, 'max_depth': 3, 'num_leaves': 44, 'learning_rate': 0.06423240460428603, 'subsample': 0.8942673286054766, 'colsample_bytree': 0.5092292594919029, 'min_child_samples': 48, 'reg_alpha': 3.433399905162048, 'reg_lambda': 3.991837804452918e-07}. Best is trial 7 with value: 0.04344199763860945.
[I 2026-06-01 14:57:47,237] Trial 17 finished with value: 0.0003364867351802692 and parameters: {'confidence_threshold': 0.55359706816096, 'training_days': 70, 'n_estimators': 429, 'max_depth': 5, 'num_leaves': 54, 'learning_rate': 0.04011948282035603, 'subsample': 0.980932600692897, 'colsample_bytree': 0.5225343572251958, 'min_child_samples': 84, 'reg_alpha': 7.284070645541434, 'reg_lambda': 0.23541488637556288}. Best is trial 7 with value: 0.04344199763860945.
[I 2026-06-01 14:57:47,420] A new study created in memory with name: no-name-0094791c-4807-479f-8769-7c9cf27b1e17
[I 2026-06-01 14:57:47,611] Trial 0 finished with value: 0.03349177066678709 and parameters: {'confidence_threshold': 0.5870645682749857, 'training_days': 90, 'n_estimators': 403, 'max_depth': 5, 'num_leaves': 45, 'learning_rate': 0.0780457193679974, 'subsample': 0.9428509515574568, 'colsample_bytree': 0.8795587339164916, 'min_child_samples': 34, 'reg_alpha': 2.2465901234314442e-07, 'reg_lambda': 8.339007036475363e-05}. Best is trial 0 with value: 0.03349177066678709.
[I 2026-06-01 14:57:47,718] Trial 1 finished with value: -0.09004817284704833 and parameters: {'confidence_threshold': 0.6348453934275313, 'training_days': 290, 'n_estimators': 115, 'max_depth': 5, 'num_leaves': 37, 'learning_rate': 0.06949568759029946, 'subsample': 0.8228505074024268, 'colsample_bytree': 0.8616703220431751, 'min_child_samples': 75, 'reg_alpha': 4.2486822725010923e-07, 'reg_lambda': 1.157247767047042e-07}. Best is trial 0 with value: 0.03349177066678709.
[I 2026-06-01 14:57:47,737] Trial 2 finished with value: -0.019428972715096852 and parameters: {'confidence_threshold': 0.5849570384370288, 'training_days': 10, 'n_estimators': 212, 'max_depth': 3, 'num_leaves': 41, 'learning_rate': 0.18452095998378365, 'subsample': 0.6001060822924371, 'colsample_bytree': 0.5673167293506167, 'min_child_samples': 37, 'reg_alpha': 5.733250064217131, 'reg_lambda': 0.5308454292595461}. Best is trial 0 with value: 0.03349177066678709.
[I 2026-06-01 14:57:47,819] Trial 3 finished with value: -0.12224142261441351 and parameters: {'confidence_threshold': 0.6868248626683718, 'training_days': 220, 'n_estimators': 134, 'max_depth': 3, 'num_leaves': 45, 'learning_rate': 0.033529007907491595, 'subsample': 0.8647277071858408, 'colsample_bytree': 0.778494116634046, 'min_child_samples': 96, 'reg_alpha': 2.409409937265785e-07, 'reg_lambda': 1.1642073478060009}. Best is trial 0 with value: 0.03349177066678709.
[I 2026-06-01 14:57:47,902] Trial 4 finished with value: -0.0895105674713718 and parameters: {'confidence_threshold': 0.5623121348350352, 'training_days': 300, 'n_estimators': 69, 'max_depth': 4, 'num_leaves': 32, 'learning_rate': 0.14967629360700346, 'subsample': 0.5054535233636654, 'colsample_bytree': 0.7401385194659216, 'min_child_samples': 27, 'reg_alpha': 1.4212042567426725e-07, 'reg_lambda': 0.23605753701352003}. Best is trial 0 with value: 0.03349177066678709.
[I 2026-06-01 14:57:48,342] Trial 5 finished with value: -0.06840987202152866 and parameters: {'confidence_threshold': 0.7111850244908446, 'training_days': 490, 'n_estimators': 362, 'max_depth': 5, 'num_leaves': 40, 'learning_rate': 0.05960785724162737, 'subsample': 0.5589714368907717, 'colsample_bytree': 0.6659006943232806, 'min_child_samples': 42, 'reg_alpha': 0.6741360303045295, 'reg_lambda': 6.054601607143087e-08}. Best is trial 0 with value: 0.03349177066678709.
[I 2026-06-01 14:57:48,518] Trial 6 finished with value: -0.04303772934341894 and parameters: {'confidence_threshold': 0.667482545748023, 'training_days': 420, 'n_estimators': 279, 'max_depth': 3, 'num_leaves': 45, 'learning_rate': 0.040099592560849204, 'subsample': 0.8563114696415159, 'colsample_bytree': 0.5442917781944105, 'min_child_samples': 50, 'reg_alpha': 1.6407916423707903e-08, 'reg_lambda': 2.935907642973286e-05}. Best is trial 0 with value: 0.03349177066678709.
[I 2026-06-01 14:57:48,678] Trial 7 finished with value: 0.021117476061018468 and parameters: {'confidence_threshold': 0.5497381024139926, 'training_days': 120, 'n_estimators': 408, 'max_depth': 5, 'num_leaves': 38, 'learning_rate': 0.28049122657745795, 'subsample': 0.8806573338635493, 'colsample_bytree': 0.5454054113547102, 'min_child_samples': 63, 'reg_alpha': 0.01263008637940408, 'reg_lambda': 0.04588020805366937}. Best is trial 0 with value: 0.03349177066678709.
[I 2026-06-01 14:57:48,933] Trial 8 finished with value: -0.08060193630134013 and parameters: {'confidence_threshold': 0.719644804808716, 'training_days': 450, 'n_estimators': 410, 'max_depth': 4, 'num_leaves': 57, 'learning_rate': 0.04022026551478857, 'subsample': 0.5336085426932707, 'colsample_bytree': 0.5705742850577543, 'min_child_samples': 100, 'reg_alpha': 5.916398047912201e-07, 'reg_lambda': 0.9794034214488329}. Best is trial 0 with value: 0.03349177066678709.
