[I 2026-06-01 15:03:35,999] Trial 16 finished with value: -0.15548489235780055 and parameters: {'confidence_threshold': 0.5630274552801332, 'training_days': 350, 'n_estimators': 441, 'max_depth': 4, 'num_leaves': 26, 'learning_rate': 0.1360251036672776, 'subsample': 0.9766966819599948, 'colsample_bytree': 0.5092292594919029, 'min_child_samples': 44, 'reg_alpha': 3.433399905162048, 'reg_lambda': 7.218156337871094}. Best is trial 15 with value: -0.01988116579273988.
[I 2026-06-01 15:03:36,087] Trial 17 finished with value: -0.02580863563672462 and parameters: {'confidence_threshold': 0.666488584837589, 'training_days': 70, 'n_estimators': 221, 'max_depth': 5, 'num_leaves': 44, 'learning_rate': 0.09289543228405782, 'subsample': 0.9129317771189955, 'colsample_bytree': 0.5225343572251958, 'min_child_samples': 49, 'reg_alpha': 0.061360405867363306, 'reg_lambda': 4.969829614495695}. Best is trial 15 with value: -0.01988116579273988.
[I 2026-06-01 15:03:36,592] A new study created in memory with name: no-name-0c8cea9a-df1a-4c58-9c2d-8444ac2f9772
[I 2026-06-01 15:03:36,796] Trial 0 finished with value: -0.024592829918183838 and parameters: {'confidence_threshold': 0.5870645682749857, 'training_days': 90, 'n_estimators': 403, 'max_depth': 5, 'num_leaves': 45, 'learning_rate': 0.0780457193679974, 'subsample': 0.9428509515574568, 'colsample_bytree': 0.8795587339164916, 'min_child_samples': 34, 'reg_alpha': 2.2465901234314442e-07, 'reg_lambda': 8.339007036475363e-05}. Best is trial 0 with value: -0.024592829918183838.
[I 2026-06-01 15:03:36,900] Trial 1 finished with value: -0.1332873901873833 and parameters: {'confidence_threshold': 0.6348453934275313, 'training_days': 290, 'n_estimators': 115, 'max_depth': 5, 'num_leaves': 37, 'learning_rate': 0.06949568759029946, 'subsample': 0.8228505074024268, 'colsample_bytree': 0.8616703220431751, 'min_child_samples': 75, 'reg_alpha': 4.2486822725010923e-07, 'reg_lambda': 1.157247767047042e-07}. Best is trial 0 with value: -0.024592829918183838.
[I 2026-06-01 15:03:36,918] Trial 2 finished with value: -0.06433916172956164 and parameters: {'confidence_threshold': 0.5849570384370288, 'training_days': 10, 'n_estimators': 212, 'max_depth': 3, 'num_leaves': 41, 'learning_rate': 0.18452095998378365, 'subsample': 0.6001060822924371, 'colsample_bytree': 0.5673167293506167, 'min_child_samples': 37, 'reg_alpha': 5.733250064217131, 'reg_lambda': 0.5308454292595461}. Best is trial 0 with value: -0.024592829918183838.
[I 2026-06-01 15:03:37,004] Trial 3 finished with value: -0.20673855519569387 and parameters: {'confidence_threshold': 0.6868248626683718, 'training_days': 220, 'n_estimators': 134, 'max_depth': 3, 'num_leaves': 45, 'learning_rate': 0.033529007907491595, 'subsample': 0.8647277071858408, 'colsample_bytree': 0.778494116634046, 'min_child_samples': 96, 'reg_alpha': 2.409409937265785e-07, 'reg_lambda': 1.1642073478060009}. Best is trial 0 with value: -0.024592829918183838.
[I 2026-06-01 15:03:37,098] Trial 4 finished with value: -0.1760913951906619 and parameters: {'confidence_threshold': 0.5623121348350352, 'training_days': 300, 'n_estimators': 69, 'max_depth': 4, 'num_leaves': 32, 'learning_rate': 0.14967629360700346, 'subsample': 0.5054535233636654, 'colsample_bytree': 0.7401385194659216, 'min_child_samples': 27, 'reg_alpha': 1.4212042567426725e-07, 'reg_lambda': 0.23605753701352003}. Best is trial 0 with value: -0.024592829918183838.
[I 2026-06-01 15:03:37,520] Trial 5 finished with value: -0.11849191986240377 and parameters: {'confidence_threshold': 0.7111850244908446, 'training_days': 490, 'n_estimators': 362, 'max_depth': 5, 'num_leaves': 40, 'learning_rate': 0.05960785724162737, 'subsample': 0.5589714368907717, 'colsample_bytree': 0.6659006943232806, 'min_child_samples': 42, 'reg_alpha': 0.6741360303045295, 'reg_lambda': 6.054601607143087e-08}. Best is trial 0 with value: -0.024592829918183838.
[I 2026-06-01 15:03:37,714] Trial 6 finished with value: -0.10069863050041254 and parameters: {'confidence_threshold': 0.667482545748023, 'training_days': 420, 'n_estimators': 279, 'max_depth': 3, 'num_leaves': 45, 'learning_rate': 0.040099592560849204, 'subsample': 0.8563114696415159, 'colsample_bytree': 0.5442917781944105, 'min_child_samples': 50, 'reg_alpha': 1.6407916423707903e-08, 'reg_lambda': 2.935907642973286e-05}. Best is trial 0 with value: -0.024592829918183838.
[I 2026-06-01 15:03:37,890] Trial 7 finished with value: -0.07019266532435406 and parameters: {'confidence_threshold': 0.5497381024139926, 'training_days': 120, 'n_estimators': 408, 'max_depth': 5, 'num_leaves': 38, 'learning_rate': 0.28049122657745795, 'subsample': 0.8806573338635493, 'colsample_bytree': 0.5454054113547102, 'min_child_samples': 63, 'reg_alpha': 0.01263008637940408, 'reg_lambda': 0.04588020805366937}. Best is trial 0 with value: -0.024592829918183838.

    [trial 7] Sharpe=-0.1155 (folds: 0.1461, -0.2694, -0.2176, -0.0043, -0.2322)
    [trial 8] 47 features, training_days=240 | threshold=0.811 | labels: 1241 long, 930 short (57/43%)
    [trial 8] Sharpe=-0.1911 (folds: 0.1863, -0.2270, -0.4946, -0.1161, -0.3040)
    [trial 9] 47 features, training_days=20 | threshold=0.538 | labels: 1241 long, 930 short (57/43%)
    [trial 9] Sharpe=-0.1264 (folds: -0.1116, 0.0329, -0.4366, -0.0259, -0.0910)
    [trial 10] 47 features, training_days=10 | threshold=0.732 | labels: 1241 long, 930 short (57/43%)
    [trial 10] Sharpe=-2.1140 (folds: -10.0000, -0.0219, -0.4366, -0.0629, -0.0484)
    [trial 11] 47 features, training_days=110 | threshold=0.716 | labels: 1241 long, 930 short (57/43%)
    [trial 11] Sharpe=-4.5337 (folds: 7.3159, -10.0000, -10.0000, 0.0155, -10.0000)
    [trial 12] 47 features, training_days=340 | threshold=0.746 | labels: 1241 long, 930 short (57/43%)
    [trial 12] Sharpe=-0.1502 (folds: 0.1612, -0.2055, -0.0233, -0.1416, -0.5418)
    [trial 13] 47 features, training_days=330 | threshold=0.663 | labels: 1241 long, 930 short (57/43%)
    [trial 13] Sharpe=-0.0718 (folds: 0.2684, -0.2128, -0.0970, -0.1241, -0.1935)
    [trial 14] 47 features, training_days=90 | threshold=0.787 | labels: 1241 long, 930 short (57/43%)
    [trial 14] Sharpe=-0.0886 (folds: 0.1187, 0.0687, 0.1020, 0.1374, -0.8697)
    [trial 15] 47 features, training_days=420 | threshold=0.565 | labels: 1241 long, 930 short (57/43%)
    [trial 15] Sharpe=-0.0851 (folds: 0.1767, -0.2672, -0.0457, -0.0100, -0.2795)
    [trial 16] 47 features, training_days=270 | threshold=0.676 | labels: 1241 long, 930 short (57/43%)
    [trial 16] Sharpe=-0.1672 (folds: 0.0621, -0.2751, -0.1446, -0.1962, -0.2822)
    [trial 17] 47 features, training_days=120 | threshold=0.761 | labels: 1241 long, 930 short (57/43%)
    [trial 17] Sharpe=-0.0084 (folds: 0.2097, -0.0936, 0.0073, -0.0800, -0.0852)
  Optuna: 18 trials, best Sharpe = 0.0336
  Best params: n_estimators=138, max_depth=3, lr=0.0375, leaves=30
  Best confidence_threshold: 0.823
  Best training_days: 50
  Retrained on full data (150 samples, 47 features)
  [ensemble 2/3] seed=123
    [trial 0] 47 features, training_days=150 | threshold=0.744 | labels: 1241 long, 930 short (57/43%)
    [CV fold 0] train_end=2024-01-23 08:00 | val_start=2024-01-31 00:00 | gap=184h (22 rows)
    [CV fold 1] train_end=2024-05-22 16:00 | val_start=2024-05-30 08:00 | gap=184h (22 rows)
    [CV fold 2] train_end=2024-09-20 00:00 | val_start=2024-09-27 16:00 | gap=184h (22 rows)
    [CV fold 3] train_end=2025-01-18 08:00 | val_start=2025-01-26 00:00 | gap=184h (22 rows)
    [CV fold 4] train_end=2025-05-18 16:00 | val_start=2025-05-26 08:00 | gap=184h (22 rows)
    [trial 0] Sharpe=-0.0438 (folds: 0.2287, -0.1828, -0.0639, -0.0067, -0.1941)
    [trial 1] 47 features, training_days=220 | threshold=0.755 | labels: 1241 long, 930 short (57/43%)
    [trial 1] Sharpe=-2.1633 (folds: 0.2446, 0.0166, -10.0000, -0.5669, -0.5110)
    [trial 2] 47 features, training_days=310 | threshold=0.754 | labels: 1241 long, 930 short (57/43%)
    [trial 2] Sharpe=-0.1582 (folds: 0.1680, -0.1802, -0.2357, -0.1402, -0.4028)
    [trial 3] 47 features, training_days=220 | threshold=0.673 | labels: 1241 long, 930 short (57/43%)
    [trial 3] Sharpe=-0.1629 (folds: 0.0664, -0.2538, -0.2323, -0.1715, -0.2231)
    [trial 4] 47 features, training_days=130 | threshold=0.803 | labels: 1241 long, 930 short (57/43%)
    [trial 4] Sharpe=-0.0875 (folds: 0.0826, -0.1673, -0.1463, -0.0354, -0.1712)
    [trial 5] 47 features, training_days=210 | threshold=0.606 | labels: 1241 long, 930 short (57/43%)
    [trial 5] Sharpe=-0.1576 (folds: 0.0662, -0.3217, -0.2128, -0.0761, -0.2433)
    [trial 6] 47 features, training_days=130 | threshold=0.767 | labels: 1241 long, 930 short (57/43%)
    [trial 6] Sharpe=-0.0343 (folds: 0.1183, -0.0916, -0.1741, 0.0483, -0.0726)
    [trial 7] 47 features, training_days=80 | threshold=0.556 | labels: 1241 long, 930 short (57/43%)
    [trial 7] Sharpe=-0.0295 (folds: 0.1021, -0.1279, -0.0674, 0.0106, -0.0646)
    [trial 8] 47 features, training_days=200 | threshold=0.607 | labels: 1241 long, 930 short (57/43%)
    [trial 8] Sharpe=-0.1669 (folds: 0.0945, -0.2697, -0.2648, -0.1038, -0.2906)
    [trial 9] 47 features, training_days=260 | threshold=0.620 | labels: 1241 long, 930 short (57/43%)
    [trial 9] Sharpe=-0.1510 (folds: 0.1373, -0.2844, -0.2909, -0.1612, -0.1558)
    [trial 10] 47 features, training_days=10 | threshold=0.525 | labels: 1241 long, 930 short (57/43%)
    [trial 10] Sharpe=-0.0643 (folds: 0.2481, -0.0219, -0.4366, -0.0629, -0.0484)
    [trial 11] 47 features, training_days=480 | threshold=0.508 | labels: 1241 long, 930 short (57/43%)
    [trial 11] Sharpe=-0.1028 (folds: 0.0540, -0.2835, -0.1401, -0.0380, -0.1065)
    [trial 12] 47 features, training_days=10 | threshold=0.831 | labels: 1241 long, 930 short (57/43%)
    [trial 12] Sharpe=-2.1140 (folds: -10.0000, -0.0219, -0.4366, -0.0629, -0.0484)
    [trial 13] 47 features, training_days=110 | threshold=0.696 | labels: 1241 long, 930 short (57/43%)
    [trial 13] Sharpe=-0.0562 (folds: 0.1532, -0.1423, -0.1853, -0.0172, -0.0894)
    [trial 14] 47 features, training_days=70 | threshold=0.566 | labels: 1241 long, 930 short (57/43%)
    [trial 14] Sharpe=-0.0213 (folds: 0.1185, -0.1242, -0.1084, 0.0280, -0.0204)
    [trial 15] 47 features, training_days=60 | threshold=0.555 | labels: 1241 long, 930 short (57/43%)
    [trial 15] Sharpe=-0.0199 (folds: 0.0443, -0.1533, -0.1251, 0.0732, 0.0616)
    [trial 16] 47 features, training_days=350 | threshold=0.563 | labels: 1241 long, 930 short (57/43%)
    [trial 16] Sharpe=-0.1555 (folds: 0.0624, -0.3194, -0.2118, -0.0925, -0.2161)
    [trial 17] 47 features, training_days=70 | threshold=0.666 | labels: 1241 long, 930 short (57/43%)
    [trial 17] Sharpe=-0.0258 (folds: 0.0353, -0.1476, -0.0419, 0.0741, -0.0489)
  Optuna: 18 trials, best Sharpe = -0.0199
  Best params: n_estimators=436, max_depth=4, lr=0.0736, leaves=45
  Best confidence_threshold: 0.555
  Best training_days: 60
  Retrained on full data (180 samples, 47 features)
  [ensemble 3/3] seed=456
    [trial 0] 47 features, training_days=90 | threshold=0.587 | labels: 1241 long, 930 short (57/43%)
    [CV fold 0] train_end=2024-01-23 08:00 | val_start=2024-01-31 00:00 | gap=184h (22 rows)
    [CV fold 1] train_end=2024-05-22 16:00 | val_start=2024-05-30 08:00 | gap=184h (22 rows)
    [CV fold 2] train_end=2024-09-20 00:00 | val_start=2024-09-27 16:00 | gap=184h (22 rows)
    [CV fold 3] train_end=2025-01-18 08:00 | val_start=2025-01-26 00:00 | gap=184h (22 rows)
    [CV fold 4] train_end=2025-05-18 16:00 | val_start=2025-05-26 08:00 | gap=184h (22 rows)
    [trial 0] Sharpe=-0.0246 (folds: 0.0982, -0.0752, -0.0958, 0.0374, -0.0876)
    [trial 1] 47 features, training_days=290 | threshold=0.635 | labels: 1241 long, 930 short (57/43%)
    [trial 1] Sharpe=-0.1333 (folds: 0.1768, -0.2971, -0.1757, -0.0945, -0.2759)
    [trial 2] 47 features, training_days=10 | threshold=0.585 | labels: 1241 long, 930 short (57/43%)
    [trial 2] Sharpe=-0.0643 (folds: 0.2481, -0.0219, -0.4366, -0.0629, -0.0484)
    [trial 3] 47 features, training_days=220 | threshold=0.687 | labels: 1241 long, 930 short (57/43%)
    [trial 3] Sharpe=-0.2067 (folds: 0.0746, -0.2478, -0.0830, -0.2690, -0.5085)
    [trial 4] 47 features, training_days=300 | threshold=0.562 | labels: 1241 long, 930 short (57/43%)
    [trial 4] Sharpe=-0.1761 (folds: 0.1067, -0.2535, -0.2154, -0.1696, -0.3487)
    [trial 5] 47 features, training_days=490 | threshold=0.711 | labels: 1241 long, 930 short (57/43%)
    [trial 5] Sharpe=-0.1185 (folds: 0.0815, -0.2979, -0.1723, -0.1235, -0.0803)
    [trial 6] 47 features, training_days=420 | threshold=0.667 | labels: 1241 long, 930 short (57/43%)
    [trial 6] Sharpe=-0.1007 (folds: 0.1090, -0.2378, -0.2341, -0.0733, -0.0673)
    [trial 7] 47 features, training_days=120 | threshold=0.550 | labels: 1241 long, 930 short (57/43%)
    [trial 7] Sharpe=-0.0702 (folds: 0.0696, -0.1367, -0.0435, -0.0771, -0.1633)
    [trial 8] 47 features, training_days=450 | threshold=0.720 | labels: 1241 long, 930 short (57/43%)[I 2026-06-01 15:03:38,188] Trial 8 finished with value: -0.1135773075506393 and parameters: {'confidence_threshold': 0.719644804808716, 'training_days': 450, 'n_estimators': 410, 'max_depth': 4, 'num_leaves': 57, 'learning_rate': 0.04022026551478857, 'subsample': 0.5336085426932707, 'colsample_bytree': 0.5705742850577543, 'min_child_samples': 100, 'reg_alpha': 5.916398047912201e-07, 'reg_lambda': 0.9794034214488329}. Best is trial 0 with value: -0.024592829918183838.
[I 2026-06-01 15:03:38,224] Trial 9 finished with value: -0.12643634223988293 and parameters: {'confidence_threshold': 0.7267463643917187, 'training_days': 20, 'n_estimators': 337, 'max_depth': 5, 'num_leaves': 23, 'learning_rate': 0.022153031811454605, 'subsample': 0.6305627572358737, 'colsample_bytree': 0.6613413774216214, 'min_child_samples': 81, 'reg_alpha': 5.7638634029410314e-08, 'reg_lambda': 8.26603016764008}. Best is trial 0 with value: -0.024592829918183838.
[I 2026-06-01 15:03:38,587] Trial 10 finished with value: -0.002271124368712441 and parameters: {'confidence_threshold': 0.8398533911817929, 'training_days': 130, 'n_estimators': 485, 'max_depth': 4, 'num_leaves': 62, 'learning_rate': 0.014251957942824738, 'subsample': 0.9901604570372973, 'colsample_bytree': 0.9944479338273263, 'min_child_samples': 23, 'reg_alpha': 6.837313901272251e-05, 'reg_lambda': 0.0006976939169966911}. Best is trial 10 with value: -0.002271124368712441.
[I 2026-06-01 15:03:38,958] Trial 11 finished with value: -0.05917112318454508 and parameters: {'confidence_threshold': 0.8491135887906174, 'training_days': 140, 'n_estimators': 478, 'max_depth': 4, 'num_leaves': 61, 'learning_rate': 0.010040680771315659, 'subsample': 0.9943448329854054, 'colsample_bytree': 0.9775347597655288, 'min_child_samples': 20, 'reg_alpha': 7.328612622954525e-05, 'reg_lambda': 0.0002767360651732308}. Best is trial 10 with value: -0.002271124368712441.
[I 2026-06-01 15:03:39,257] Trial 12 finished with value: 0.0029682478281549407 and parameters: {'confidence_threshold': 0.83900033179092, 'training_days': 120, 'n_estimators': 490, 'max_depth': 4, 'num_leaves': 54, 'learning_rate': 0.010310812825333917, 'subsample': 0.9949021454548997, 'colsample_bytree': 0.9826583982594713, 'min_child_samples': 32, 'reg_alpha': 3.2356567490488907e-05, 'reg_lambda': 7.35834427504219e-06}. Best is trial 12 with value: 0.0029682478281549407.
[I 2026-06-01 15:03:39,622] Trial 13 finished with value: -0.15520490924313218 and parameters: {'confidence_threshold': 0.8484708715379338, 'training_days': 200, 'n_estimators': 497, 'max_depth': 4, 'num_leaves': 55, 'learning_rate': 0.010374635283984386, 'subsample': 0.7073909792186277, 'colsample_bytree': 0.977673677256957, 'min_child_samples': 53, 'reg_alpha': 4.0337534557065e-05, 'reg_lambda': 1.8799948266058237e-06}. Best is trial 12 with value: 0.0029682478281549407.
[I 2026-06-01 15:03:40,068] Trial 14 finished with value: -0.16244388069646187 and parameters: {'confidence_threshold': 0.7902715305718381, 'training_days': 180, 'n_estimators': 500, 'max_depth': 4, 'num_leaves': 52, 'learning_rate': 0.017489021597867162, 'subsample': 0.9945750418340078, 'colsample_bytree': 0.9007048146894701, 'min_child_samples': 22, 'reg_alpha': 0.0019056569144804095, 'reg_lambda': 0.006192953681384937}. Best is trial 12 with value: 0.0029682478281549407.
[I 2026-06-01 15:03:40,270] Trial 15 finished with value: 0.009377655066336027 and parameters: {'confidence_threshold': 0.7829525506318393, 'training_days': 70, 'n_estimators': 442, 'max_depth': 4, 'num_leaves': 62, 'learning_rate': 0.016846279413630837, 'subsample': 0.7631147670190621, 'colsample_bytree': 0.9934286300532085, 'min_child_samples': 31, 'reg_alpha': 1.0347887266434179e-05, 'reg_lambda': 0.0026406526000485684}. Best is trial 15 with value: 0.009377655066336027.
[I 2026-06-01 15:03:40,369] Trial 16 finished with value: -0.030728439046175032 and parameters: {'confidence_threshold': 0.7809712285122007, 'training_days': 60, 'n_estimators': 299, 'max_depth': 4, 'num_leaves': 51, 'learning_rate': 0.021342803802310486, 'subsample': 0.7543865421398536, 'colsample_bytree': 0.9213491523841879, 'min_child_samples': 44, 'reg_alpha': 8.769868667672289e-06, 'reg_lambda': 2.762215943426672e-06}. Best is trial 15 with value: 0.009377655066336027.
