[I 2026-06-01 14:55:46,353] Trial 9 finished with value: 0.006023005547979135 and parameters: {'confidence_threshold': 0.6202096049169137, 'training_days': 260, 'n_estimators': 350, 'max_depth': 3, 'num_leaves': 21, 'learning_rate': 0.02989540198065364, 'subsample': 0.8307821683331218, 'colsample_bytree': 0.923253112635361, 'min_child_samples': 64, 'reg_alpha': 0.4898604619604203, 'reg_lambda': 2.9076377687066166e-05}. Best is trial 7 with value: 0.03171298259024345.
[I 2026-06-01 14:55:46,387] Trial 10 finished with value: 0.021670432470955205 and parameters: {'confidence_threshold': 0.5248809389721337, 'training_days': 10, 'n_estimators': 493, 'max_depth': 3, 'num_leaves': 63, 'learning_rate': 0.010221918552934462, 'subsample': 0.667749445701178, 'colsample_bytree': 0.6202684210924141, 'min_child_samples': 99, 'reg_alpha': 1.3884210513841762e-08, 'reg_lambda': 0.02273343343290072}. Best is trial 7 with value: 0.03171298259024345.
[I 2026-06-01 14:55:46,420] Trial 11 finished with value: 0.021670432470955205 and parameters: {'confidence_threshold': 0.5048591005447424, 'training_days': 10, 'n_estimators': 493, 'max_depth': 3, 'num_leaves': 63, 'learning_rate': 0.010535067237031162, 'subsample': 0.6714365294218261, 'colsample_bytree': 0.6012148974081734, 'min_child_samples': 100, 'reg_alpha': 1.0389779167265952e-08, 'reg_lambda': 0.024688016606578794}. Best is trial 7 with value: 0.03171298259024345.
[I 2026-06-01 14:55:46,675] Trial 12 finished with value: 0.010488106540856057 and parameters: {'confidence_threshold': 0.5106153216696881, 'training_days': 470, 'n_estimators': 498, 'max_depth': 3, 'num_leaves': 51, 'learning_rate': 0.05809128784912797, 'subsample': 0.6772104159737814, 'colsample_bytree': 0.5773925919454104, 'min_child_samples': 100, 'reg_alpha': 1.5145546872493305e-08, 'reg_lambda': 0.007411726388141345}. Best is trial 7 with value: 0.03171298259024345.
[I 2026-06-01 14:55:46,708] Trial 13 finished with value: -2.059013794364664 and parameters: {'confidence_threshold': 0.5577371477731788, 'training_days': 10, 'n_estimators': 442, 'max_depth': 3, 'num_leaves': 63, 'learning_rate': 0.013937231793681828, 'subsample': 0.5024707401359401, 'colsample_bytree': 0.6759494634110215, 'min_child_samples': 84, 'reg_alpha': 5.421237391699009e-07, 'reg_lambda': 2.7437299203534646}. Best is trial 7 with value: 0.03171298259024345.
[I 2026-06-01 14:55:46,772] Trial 14 finished with value: 0.017713463420698794 and parameters: {'confidence_threshold': 0.5544398013533722, 'training_days': 70, 'n_estimators': 284, 'max_depth': 3, 'num_leaves': 56, 'learning_rate': 0.04074110489853438, 'subsample': 0.9182426786262438, 'colsample_bytree': 0.5045764719392084, 'min_child_samples': 86, 'reg_alpha': 6.598094881431677e-07, 'reg_lambda': 3.40293644637662e-08}. Best is trial 7 with value: 0.03171298259024345.
[I 2026-06-01 14:55:46,904] Trial 15 finished with value: 0.04474289393319609 and parameters: {'confidence_threshold': 0.5551423717289237, 'training_days': 80, 'n_estimators': 436, 'max_depth': 4, 'num_leaves': 45, 'learning_rate': 0.06438916159282569, 'subsample': 0.7116438232553023, 'colsample_bytree': 0.9908474303106444, 'min_child_samples': 46, 'reg_alpha': 5.011892081220446e-07, 'reg_lambda': 0.05138157439645094}. Best is trial 15 with value: 0.04474289393319609.
[I 2026-06-01 14:55:47,243] Trial 16 finished with value: -0.009605023473897722 and parameters: {'confidence_threshold': 0.6706691877690707, 'training_days': 350, 'n_estimators': 428, 'max_depth': 4, 'num_leaves': 44, 'learning_rate': 0.06771230857967775, 'subsample': 0.7259317121015, 'colsample_bytree': 0.9582623643055297, 'min_child_samples': 48, 'reg_alpha': 1.6323832176782968e-06, 'reg_lambda': 5.380908228389034e-07}. Best is trial 15 with value: 0.04474289393319609.
[I 2026-06-01 14:55:47,336] Trial 17 finished with value: 0.05001035042171779 and parameters: {'confidence_threshold': 0.5761710081443887, 'training_days': 80, 'n_estimators': 272, 'max_depth': 5, 'num_leaves': 33, 'learning_rate': 0.12339783258112393, 'subsample': 0.8948934073993353, 'colsample_bytree': 0.9834649850796968, 'min_child_samples': 44, 'reg_alpha': 0.031339913113165224, 'reg_lambda': 0.17593141185800612}. Best is trial 17 with value: 0.05001035042171779.
[I 2026-06-01 14:55:47,394] A new study created in memory with name: no-name-2af24107-bf06-4296-9b49-5785e3fd80cb
[I 2026-06-01 14:55:47,565] Trial 0 finished with value: 0.01609812617179273 and parameters: {'confidence_threshold': 0.5870645682749857, 'training_days': 90, 'n_estimators': 403, 'max_depth': 5, 'num_leaves': 45, 'learning_rate': 0.0780457193679974, 'subsample': 0.9428509515574568, 'colsample_bytree': 0.8795587339164916, 'min_child_samples': 34, 'reg_alpha': 2.2465901234314442e-07, 'reg_lambda': 8.339007036475363e-05}. Best is trial 0 with value: 0.01609812617179273.
[I 2026-06-01 14:55:47,671] Trial 1 finished with value: -0.009411381288162917 and parameters: {'confidence_threshold': 0.6348453934275313, 'training_days': 290, 'n_estimators': 115, 'max_depth': 5, 'num_leaves': 37, 'learning_rate': 0.06949568759029946, 'subsample': 0.8228505074024268, 'colsample_bytree': 0.8616703220431751, 'min_child_samples': 75, 'reg_alpha': 4.2486822725010923e-07, 'reg_lambda': 1.157247767047042e-07}. Best is trial 0 with value: 0.01609812617179273.

    [trial 1] 47 features, training_days=420 | threshold=0.839 | labels: 1237 long, 934 short (57/43%)
    [trial 1] Sharpe=-0.1346 (folds: -0.1878, -0.0133, -0.3319, 0.3622, -0.5025)
    [trial 2] 47 features, training_days=190 | threshold=0.602 | labels: 1237 long, 934 short (57/43%)
    [trial 2] Sharpe=-0.0088 (folds: -0.2245, 0.1995, -0.1092, 0.1357, -0.0454)
    [trial 3] 47 features, training_days=490 | threshold=0.832 | labels: 1237 long, 934 short (57/43%)
    [trial 3] Sharpe=-0.0296 (folds: -0.1953, 0.1221, -0.1708, 0.0359, 0.0600)
    [trial 4] 47 features, training_days=340 | threshold=0.591 | labels: 1237 long, 934 short (57/43%)
    [trial 4] Sharpe=0.0089 (folds: -0.2079, 0.0020, 0.0075, 0.1196, 0.1235)
    [trial 5] 47 features, training_days=50 | threshold=0.823 | labels: 1237 long, 934 short (57/43%)
    [trial 5] Sharpe=0.0362 (folds: -0.2222, -0.0224, 0.1227, 0.1030, 0.1997)
    [trial 6] 47 features, training_days=410 | threshold=0.549 | labels: 1237 long, 934 short (57/43%)
    [trial 6] Sharpe=0.0215 (folds: -0.2864, 0.0674, 0.0560, 0.1294, 0.1413)
    [trial 7] 47 features, training_days=180 | threshold=0.526 | labels: 1237 long, 934 short (57/43%)
    [trial 7] Sharpe=-0.0156 (folds: -0.3333, 0.1054, 0.0245, 0.0594, 0.0659)
    [trial 8] 47 features, training_days=240 | threshold=0.811 | labels: 1237 long, 934 short (57/43%)
    [trial 8] Sharpe=-0.0032 (folds: -0.1866, -0.0101, -0.0338, 0.2531, -0.0386)
    [trial 9] 47 features, training_days=20 | threshold=0.538 | labels: 1237 long, 934 short (57/43%)
    [trial 9] Sharpe=-0.1203 (folds: -0.2105, -0.3065, -0.0633, -0.0943, 0.0730)
    [trial 10] 47 features, training_days=10 | threshold=0.732 | labels: 1237 long, 934 short (57/43%)
    [trial 10] Sharpe=-2.0590 (folds: -0.2105, -10.0000, -0.0633, -0.0943, 0.0730)
    [trial 11] 47 features, training_days=110 | threshold=0.716 | labels: 1237 long, 934 short (57/43%)
    [trial 11] Sharpe=-7.9261 (folds: -10.0000, -10.0000, 0.3693, -10.0000, -10.0000)
    [trial 12] 47 features, training_days=340 | threshold=0.746 | labels: 1237 long, 934 short (57/43%)
    [trial 12] Sharpe=-0.0381 (folds: -0.2322, -0.0162, -0.0846, 0.1853, -0.0429)
    [trial 13] 47 features, training_days=330 | threshold=0.663 | labels: 1237 long, 934 short (57/43%)
    [trial 13] Sharpe=0.0147 (folds: -0.1402, 0.0332, -0.0040, 0.1208, 0.0635)
    [trial 14] 47 features, training_days=90 | threshold=0.787 | labels: 1237 long, 934 short (57/43%)
    [trial 14] Sharpe=0.0826 (folds: -0.3157, 0.2046, 0.1700, 0.0340, 0.3201)
    [trial 15] 47 features, training_days=90 | threshold=0.778 | labels: 1237 long, 934 short (57/43%)
    [trial 15] Sharpe=0.1428 (folds: -0.2340, 0.4493, 0.0439, 0.1291, 0.3257)
    [trial 16] 47 features, training_days=110 | threshold=0.781 | labels: 1237 long, 934 short (57/43%)
    [trial 16] Sharpe=0.0053 (folds: -0.4197, 0.2385, -0.0044, 0.1600, 0.0518)
    [trial 17] 47 features, training_days=100 | threshold=0.774 | labels: 1237 long, 934 short (57/43%)
    [trial 17] Sharpe=0.1125 (folds: -0.4942, 0.3132, 0.1336, 0.0300, 0.5798)
  Optuna: 18 trials, best Sharpe = 0.1428
  Best params: n_estimators=251, max_depth=3, lr=0.0100, leaves=31
  Best confidence_threshold: 0.778
  Best training_days: 90
  Retrained on full data (270 samples, 47 features)
  [ensemble 2/3] seed=123
    [trial 0] 47 features, training_days=150 | threshold=0.744 | labels: 1237 long, 934 short (57/43%)
    [CV fold 0] train_end=2020-05-25 08:00 | val_start=2020-06-02 00:00 | gap=184h (22 rows)
    [CV fold 1] train_end=2020-09-22 16:00 | val_start=2020-09-30 08:00 | gap=184h (22 rows)
    [CV fold 2] train_end=2021-01-21 00:00 | val_start=2021-01-28 16:00 | gap=184h (22 rows)
    [CV fold 3] train_end=2021-05-21 08:00 | val_start=2021-05-29 00:00 | gap=184h (22 rows)
    [CV fold 4] train_end=2021-09-18 16:00 | val_start=2021-09-26 08:00 | gap=184h (22 rows)
    [trial 0] Sharpe=-0.0125 (folds: -0.2783, 0.0467, -0.0705, 0.1562, 0.0832)
    [trial 1] 47 features, training_days=220 | threshold=0.755 | labels: 1237 long, 934 short (57/43%)
    [trial 1] Sharpe=-0.0549 (folds: -0.1697, 0.0821, -0.1979, 0.3238, -0.3129)
    [trial 2] 47 features, training_days=310 | threshold=0.754 | labels: 1237 long, 934 short (57/43%)
    [trial 2] Sharpe=-0.0285 (folds: -0.1816, 0.0641, -0.0520, 0.1571, -0.1300)
    [trial 3] 47 features, training_days=220 | threshold=0.673 | labels: 1237 long, 934 short (57/43%)
    [trial 3] Sharpe=-0.0052 (folds: -0.2238, 0.1804, -0.1426, 0.1757, -0.0157)
    [trial 4] 47 features, training_days=130 | threshold=0.803 | labels: 1237 long, 934 short (57/43%)
    [trial 4] Sharpe=0.0089 (folds: -0.1750, 0.1037, -0.0339, 0.0477, 0.1018)
    [trial 5] 47 features, training_days=210 | threshold=0.606 | labels: 1237 long, 934 short (57/43%)
    [trial 5] Sharpe=0.0111 (folds: -0.1624, 0.1530, -0.1184, 0.1685, 0.0148)
    [trial 6] 47 features, training_days=130 | threshold=0.767 | labels: 1237 long, 934 short (57/43%)
    [trial 6] Sharpe=-0.0014 (folds: -0.2153, 0.1545, -0.0903, 0.1270, 0.0171)
    [trial 7] 47 features, training_days=80 | threshold=0.556 | labels: 1237 long, 934 short (57/43%)
    [trial 7] Sharpe=0.0317 (folds: -0.0661, 0.2200, -0.1215, -0.0962, 0.2224)
    [trial 8] 47 features, training_days=200 | threshold=0.607 | labels: 1237 long, 934 short (57/43%)
    [trial 8] Sharpe=-0.0191 (folds: -0.2049, 0.1586, -0.0933, 0.1347, -0.0906)
    [trial 9] 47 features, training_days=260 | threshold=0.620 | labels: 1237 long, 934 short (57/43%)
    [trial 9] Sharpe=0.0060 (folds: -0.2415, 0.0519, -0.1247, 0.2389, 0.1055)
    [trial 10] 47 features, training_days=10 | threshold=0.525 | labels: 1237 long, 934 short (57/43%)
    [trial 10] Sharpe=0.0217 (folds: -0.2105, 0.4034, -0.0633, -0.0943, 0.0730)
    [trial 11] 47 features, training_days=10 | threshold=0.505 | labels: 1237 long, 934 short (57/43%)
    [trial 11] Sharpe=0.0217 (folds: -0.2105, 0.4034, -0.0633, -0.0943, 0.0730)
    [trial 12] 47 features, training_days=470 | threshold=0.511 | labels: 1237 long, 934 short (57/43%)
    [trial 12] Sharpe=0.0105 (folds: -0.1135, 0.1501, -0.1651, 0.1059, 0.0750)
    [trial 13] 47 features, training_days=10 | threshold=0.558 | labels: 1237 long, 934 short (57/43%)
    [trial 13] Sharpe=-2.0590 (folds: -0.2105, -10.0000, -0.0633, -0.0943, 0.0730)
    [trial 14] 47 features, training_days=70 | threshold=0.554 | labels: 1237 long, 934 short (57/43%)
    [trial 14] Sharpe=0.0177 (folds: -0.1083, 0.2667, -0.1134, 0.0121, 0.0316)
    [trial 15] 47 features, training_days=80 | threshold=0.555 | labels: 1237 long, 934 short (57/43%)
    [trial 15] Sharpe=0.0447 (folds: -0.1083, 0.0516, 0.0346, -0.0185, 0.2643)
    [trial 16] 47 features, training_days=350 | threshold=0.671 | labels: 1237 long, 934 short (57/43%)
    [trial 16] Sharpe=-0.0096 (folds: -0.1441, 0.1121, -0.1642, 0.1797, -0.0316)
    [trial 17] 47 features, training_days=80 | threshold=0.576 | labels: 1237 long, 934 short (57/43%)
    [trial 17] Sharpe=0.0500 (folds: -0.1007, 0.0627, 0.0244, -0.0282, 0.2918)
  Optuna: 18 trials, best Sharpe = 0.0500
  Best params: n_estimators=272, max_depth=5, lr=0.1234, leaves=33
  Best confidence_threshold: 0.576
  Best training_days: 80
  Retrained on full data (240 samples, 47 features)
  [ensemble 3/3] seed=456
    [trial 0] 47 features, training_days=90 | threshold=0.587 | labels: 1237 long, 934 short (57/43%)
    [CV fold 0] train_end=2020-05-25 08:00 | val_start=2020-06-02 00:00 | gap=184h (22 rows)
    [CV fold 1] train_end=2020-09-22 16:00 | val_start=2020-09-30 08:00 | gap=184h (22 rows)
    [CV fold 2] train_end=2021-01-21 00:00 | val_start=2021-01-28 16:00 | gap=184h (22 rows)
    [CV fold 3] train_end=2021-05-21 08:00 | val_start=2021-05-29 00:00 | gap=184h (22 rows)
    [CV fold 4] train_end=2021-09-18 16:00 | val_start=2021-09-26 08:00 | gap=184h (22 rows)
    [trial 0] Sharpe=0.0161 (folds: -0.1384, 0.0497, -0.0375, -0.0079, 0.2146)
    [trial 1] 47 features, training_days=290 | threshold=0.635 | labels: 1237 long, 934 short (57/43%)
    [trial 1] Sharpe=-0.0094 (folds: -0.2323, 0.0787, -0.1188, 0.1000, 0.1254)
    [trial 2] 47 features, training_days=10 | threshold=0.585 | labels: 1237 long, 934 short (57/43%)[I 2026-06-01 14:55:47,691] Trial 2 finished with value: -2.059013794364664 and parameters: {'confidence_threshold': 0.5849570384370288, 'training_days': 10, 'n_estimators': 212, 'max_depth': 3, 'num_leaves': 41, 'learning_rate': 0.18452095998378365, 'subsample': 0.6001060822924371, 'colsample_bytree': 0.5673167293506167, 'min_child_samples': 37, 'reg_alpha': 5.733250064217131, 'reg_lambda': 0.5308454292595461}. Best is trial 0 with value: 0.01609812617179273.
[I 2026-06-01 14:55:47,765] Trial 3 finished with value: -0.051260270061351934 and parameters: {'confidence_threshold': 0.6868248626683718, 'training_days': 220, 'n_estimators': 134, 'max_depth': 3, 'num_leaves': 45, 'learning_rate': 0.033529007907491595, 'subsample': 0.8647277071858408, 'colsample_bytree': 0.778494116634046, 'min_child_samples': 96, 'reg_alpha': 2.409409937265785e-07, 'reg_lambda': 1.1642073478060009}. Best is trial 0 with value: 0.01609812617179273.
[I 2026-06-01 14:55:47,848] Trial 4 finished with value: 0.00790820723585384 and parameters: {'confidence_threshold': 0.5623121348350352, 'training_days': 300, 'n_estimators': 69, 'max_depth': 4, 'num_leaves': 32, 'learning_rate': 0.14967629360700346, 'subsample': 0.5054535233636654, 'colsample_bytree': 0.7401385194659216, 'min_child_samples': 27, 'reg_alpha': 1.4212042567426725e-07, 'reg_lambda': 0.23605753701352003}. Best is trial 0 with value: 0.01609812617179273.
[I 2026-06-01 14:55:48,233] Trial 5 finished with value: -0.016096298734906207 and parameters: {'confidence_threshold': 0.7111850244908446, 'training_days': 490, 'n_estimators': 362, 'max_depth': 5, 'num_leaves': 40, 'learning_rate': 0.05960785724162737, 'subsample': 0.5589714368907717, 'colsample_bytree': 0.6659006943232806, 'min_child_samples': 42, 'reg_alpha': 0.6741360303045295, 'reg_lambda': 6.054601607143087e-08}. Best is trial 0 with value: 0.01609812617179273.
[I 2026-06-01 14:55:48,392] Trial 6 finished with value: 0.002269783135154138 and parameters: {'confidence_threshold': 0.667482545748023, 'training_days': 420, 'n_estimators': 279, 'max_depth': 3, 'num_leaves': 45, 'learning_rate': 0.040099592560849204, 'subsample': 0.8563114696415159, 'colsample_bytree': 0.5442917781944105, 'min_child_samples': 50, 'reg_alpha': 1.6407916423707903e-08, 'reg_lambda': 2.935907642973286e-05}. Best is trial 0 with value: 0.01609812617179273.
[I 2026-06-01 14:55:48,517] Trial 7 finished with value: -0.04498014525703173 and parameters: {'confidence_threshold': 0.5497381024139926, 'training_days': 120, 'n_estimators': 408, 'max_depth': 5, 'num_leaves': 38, 'learning_rate': 0.28049122657745795, 'subsample': 0.8806573338635493, 'colsample_bytree': 0.5454054113547102, 'min_child_samples': 63, 'reg_alpha': 0.01263008637940408, 'reg_lambda': 0.04588020805366937}. Best is trial 0 with value: 0.01609812617179273.
[I 2026-06-01 14:55:48,763] Trial 8 finished with value: -0.03261444899936702 and parameters: {'confidence_threshold': 0.719644804808716, 'training_days': 450, 'n_estimators': 410, 'max_depth': 4, 'num_leaves': 57, 'learning_rate': 0.04022026551478857, 'subsample': 0.5336085426932707, 'colsample_bytree': 0.5705742850577543, 'min_child_samples': 100, 'reg_alpha': 5.916398047912201e-07, 'reg_lambda': 0.9794034214488329}. Best is trial 0 with value: 0.01609812617179273.
[I 2026-06-01 14:55:48,786] Trial 9 finished with value: -6.031523124430853 and parameters: {'confidence_threshold': 0.7267463643917187, 'training_days': 20, 'n_estimators': 337, 'max_depth': 5, 'num_leaves': 23, 'learning_rate': 0.022153031811454605, 'subsample': 0.6305627572358737, 'colsample_bytree': 0.6613413774216214, 'min_child_samples': 81, 'reg_alpha': 5.7638634029410314e-08, 'reg_lambda': 8.26603016764008}. Best is trial 0 with value: 0.01609812617179273.
[I 2026-06-01 14:55:49,082] Trial 10 finished with value: 0.058788646389375976 and parameters: {'confidence_threshold': 0.8398533911817929, 'training_days': 130, 'n_estimators': 485, 'max_depth': 4, 'num_leaves': 62, 'learning_rate': 0.014251957942824738, 'subsample': 0.9901604570372973, 'colsample_bytree': 0.9944479338273263, 'min_child_samples': 23, 'reg_alpha': 6.837313901272251e-05, 'reg_lambda': 0.0006976939169966911}. Best is trial 10 with value: 0.058788646389375976.
[I 2026-06-01 14:55:49,394] Trial 11 finished with value: 0.13488510045276697 and parameters: {'confidence_threshold': 0.8491135887906174, 'training_days': 140, 'n_estimators': 478, 'max_depth': 4, 'num_leaves': 61, 'learning_rate': 0.010040680771315659, 'subsample': 0.9943448329854054, 'colsample_bytree': 0.9775347597655288, 'min_child_samples': 20, 'reg_alpha': 7.328612622954525e-05, 'reg_lambda': 0.0002767360651732308}. Best is trial 11 with value: 0.13488510045276697.
[I 2026-06-01 14:55:49,765] Trial 12 finished with value: -0.018781668190325278 and parameters: {'confidence_threshold': 0.844172879916663, 'training_days': 180, 'n_estimators': 490, 'max_depth': 4, 'num_leaves': 63, 'learning_rate': 0.01016004474536195, 'subsample': 0.9950368342558168, 'colsample_bytree': 0.9826583982594713, 'min_child_samples': 20, 'reg_alpha': 5.113460481149383e-05, 'reg_lambda': 0.0022105109201275095}. Best is trial 11 with value: 0.13488510045276697.
[I 2026-06-01 14:55:50,074] Trial 13 finished with value: 0.031208292898211698 and parameters: {'confidence_threshold': 0.8491911315870185, 'training_days': 130, 'n_estimators': 494, 'max_depth': 4, 'num_leaves': 55, 'learning_rate': 0.010365414043456918, 'subsample': 0.7073909792186277, 'colsample_bytree': 0.977673677256957, 'min_child_samples': 23, 'reg_alpha': 7.991749892477264e-05, 'reg_lambda': 4.1910078918541625e-06}. Best is trial 11 with value: 0.13488510045276697.
[I 2026-06-01 14:55:50,343] Trial 14 finished with value: -0.014728104408019518 and parameters: {'confidence_threshold': 0.7942966523343237, 'training_days': 190, 'n_estimators': 458, 'max_depth': 4, 'num_leaves': 62, 'learning_rate': 0.017319899206968994, 'subsample': 0.994555864249346, 'colsample_bytree': 0.9010809538959501, 'min_child_samples': 54, 'reg_alpha': 0.0019056569144804095, 'reg_lambda': 0.0020591486530605477}. Best is trial 11 with value: 0.13488510045276697.
[I 2026-06-01 14:55:50,465] Trial 15 finished with value: -0.02812348333303606 and parameters: {'confidence_threshold': 0.7829525506318393, 'training_days': 70, 'n_estimators': 285, 'max_depth': 4, 'num_leaves': 53, 'learning_rate': 0.016690996870677925, 'subsample': 0.7631147670190621, 'colsample_bytree': 0.9934286300532085, 'min_child_samples': 30, 'reg_alpha': 1.0347887266434179e-05, 'reg_lambda': 2.582339790441249e-06}. Best is trial 11 with value: 0.13488510045276697.
[I 2026-06-01 14:55:50,804] Trial 16 finished with value: -0.029979059585092838 and parameters: {'confidence_threshold': 0.7843607111441431, 'training_days': 250, 'n_estimators': 448, 'max_depth': 4, 'num_leaves': 16, 'learning_rate': 0.015152059756701577, 'subsample': 0.9173462606754889, 'colsample_bytree': 0.923059818374438, 'min_child_samples': 45, 'reg_alpha': 0.004345365238253474, 'reg_lambda': 0.0055249121913186336}. Best is trial 11 with value: 0.13488510045276697.
