[I 2026-06-01 14:58:54,491] Trial 6 finished with value: -0.006617154908730128 and parameters: {'confidence_threshold': 0.5493234787411669, 'training_days': 410, 'n_estimators': 83, 'max_depth': 5, 'num_leaves': 52, 'learning_rate': 0.019657448966046126, 'subsample': 0.5027610585618012, 'colsample_bytree': 0.9077307142274171, 'min_child_samples': 77, 'reg_alpha': 0.03639690979811287, 'reg_lambda': 0.08738424135626986}. Best is trial 6 with value: -0.006617154908730128.

    [trial 8] Sharpe=-0.0289 (folds: 0.2233, -0.0852, -0.0687, -0.1864, -0.0273)
    [trial 9] 47 features, training_days=20 | threshold=0.727 | labels: 1050 long, 1118 short (48/52%)
    [trial 9] Sharpe=-2.0116 (folds: 0.0193, 0.1759, -10.0000, -0.1211, -0.1322)
    [trial 10] 47 features, training_days=320 | threshold=0.840 | labels: 1050 long, 1118 short (48/52%)
    [trial 10] Sharpe=-0.0574 (folds: 0.0326, -0.2402, -0.0631, -0.0552, 0.0391)
    [trial 11] 47 features, training_days=300 | threshold=0.608 | labels: 1050 long, 1118 short (48/52%)
    [trial 11] Sharpe=0.0855 (folds: 0.0797, -0.2007, 0.8499, -0.3076, 0.0060)
    [trial 12] 47 features, training_days=360 | threshold=0.515 | labels: 1050 long, 1118 short (48/52%)
    [trial 12] Sharpe=-0.0345 (folds: 0.0554, -0.0864, -0.1279, -0.0583, 0.0447)
    [trial 13] 47 features, training_days=210 | threshold=0.609 | labels: 1050 long, 1118 short (48/52%)
    [trial 13] Sharpe=-0.1353 (folds: 0.0893, -0.2031, -0.4269, -0.1717, 0.0356)
    [trial 14] 47 features, training_days=380 | threshold=0.504 | labels: 1050 long, 1118 short (48/52%)
    [trial 14] Sharpe=-0.0167 (folds: 0.0995, 0.0193, -0.2015, 0.0006, -0.0016)
    [trial 15] 47 features, training_days=250 | threshold=0.783 | labels: 1050 long, 1118 short (48/52%)
    [trial 15] Sharpe=-3.9936 (folds: -10.0000, -0.2122, -10.0000, -0.1963, 0.4405)
    [trial 16] 47 features, training_days=170 | threshold=0.550 | labels: 1050 long, 1118 short (48/52%)
    [trial 16] Sharpe=-0.0214 (folds: 0.1946, -0.0330, -0.3627, -0.0835, 0.1774)
    [trial 17] 47 features, training_days=310 | threshold=0.629 | labels: 1050 long, 1118 short (48/52%)
    [trial 17] Sharpe=0.0641 (folds: 0.0731, -0.0543, 0.1996, -0.0810, 0.1830)
  Optuna: 18 trials, best Sharpe = 0.0855
  Best params: n_estimators=54, max_depth=4, lr=0.0102, leaves=29
  Best confidence_threshold: 0.608
  Best training_days: 300
  Retrained on full data (900 samples, 47 features)
  OOD: 16 features, cutoff (q=0.7) = 10.19
  Model trained for 2023-08: 93 test candles with features, confidence_threshold=0.701
[trade:close] 2023-08-01 16:00 BTCUSDT LONG → timeout @ 28943.00 | PnL=-0.77% (net -0.87%) | cum=-20.43% 2023-08=-0.87% 2023-08-01=-0.87%
[predict] 2023-08-08 00:00 BTCUSDT → SHORT (proba=0.74 TP=3.4%/SL=1.7%)
[trade:open] 2023-08-08 07:59 BTCUSDT SHORT @ 29177.00 | SL=29677.60 TP=28175.80 | timeout=2023-08-15 07:59
[trade:close] 2023-08-08 23:59 BTCUSDT SHORT → stop_loss @ 29677.60 | PnL=-1.72% (net -1.82%) | cum=-22.25% 2023-08=-2.68% 2023-08-08=-1.82%
[predict] 2023-08-12 08:00 BTCUSDT → LONG (proba=0.81 TP=3.1%/SL=1.5%)
[trade:open] 2023-08-12 15:59 BTCUSDT LONG @ 29426.00 | SL=28977.13 TP=30323.74 | timeout=2023-08-19 15:59
[trade:close] 2023-08-16 23:59 BTCUSDT LONG → stop_loss @ 28977.13 | PnL=-1.53% (net -1.63%) | cum=-23.87% 2023-08=-4.31% 2023-08-16=-1.63%
[predict] 2023-08-31 08:00 BTCUSDT → SHORT (proba=0.75 TP=6.1%/SL=3.0%)
[trade:open] 2023-08-31 15:59 BTCUSDT SHORT @ 26909.50 | SL=27725.89 TP=25276.72 | timeout=2023-09-07 15:59
[lgbm] === Training for 2023-09 ===
  Train window: 2021-09-01 → 2023-08-24
  2168 training samples from 1 symbols
  Samples per month: 2021-09: 90, 2021-10: 93, 2021-11: 90, 2021-12: 93, 2022-01: 93, 2022-02: 84, 2022-03: 93, 2022-04: 90, 2022-05: 93, 2022-06: 90, 2022-07: 93, 2022-08: 93, 2022-09: 90, 2022-10: 93, 2022-11: 90, 2022-12: 93, 2023-01: 93, 2023-02: 84, 2023-03: 93, 2023-04: 90, 2023-05: 93, 2023-06: 90, 2023-07: 93, 2023-08: 71
  [label] 2021-11-01 16:00 BTCUSDT entry=60942.8700 → LONG | long=tp(+9.80%) short=sl(-5.05%) | scanned=21 | long_tp_only
  [label] 2021-11-03 16:00 BTCUSDT entry=62946.4500 → LONG | long=timeout(+3.04%) short=sl(-5.21%) | scanned=22 | no_tp→fwd_return=+3.1355
  [label] 2021-11-07 16:00 BTCUSDT entry=63316.4000 → LONG | long=tp(+7.65%) short=sl(-3.98%) | scanned=4 | long_tp_only
  [label] 2021-12-02 08:00 BTCUSDT entry=56536.6000 → SHORT | long=sl(-5.66%) short=tp(+11.02%) | scanned=5 | short_tp_only
  [label] 2022-01-23 16:00 BTCUSDT entry=36230.0100 → LONG | long=sl(-7.66%) short=timeout(-4.63%) | scanned=22 | no_tp→fwd_return=+4.5266
  [label] 2022-07-08 16:00 BTCUSDT entry=21587.9000 → SHORT | long=sl(-5.82%) short=tp(+11.33%) | scanned=14 | short_tp_only
  [label] 2022-07-12 16:00 BTCUSDT entry=19322.9000 → LONG | long=tp(+10.94%) short=sl(-5.62%) | scanned=12 | long_tp_only
  [label] 2022-07-23 08:00 BTCUSDT entry=22209.9000 → LONG | long=sl(-6.45%) short=sl(-6.45%) | scanned=15 | no_tp→fwd_return=+6.8866
  [label] 2022-09-06 08:00 BTCUSDT entry=19810.1000 → LONG | long=sl(-3.59%) short=sl(-3.59%) | scanned=8 | no_tp→fwd_return=+4.1065
  [label] 2022-09-14 16:00 BTCUSDT entry=20217.0000 → SHORT | long=sl(-5.92%) short=timeout(+8.65%) | scanned=22 | no_tp→fwd_return=-8.7525
  [label] 2022-12-14 00:00 BTCUSDT entry=17807.1000 → SHORT | long=sl(-2.43%) short=sl(-2.43%) | scanned=4 | no_tp→fwd_return=-2.1514
  [label] 2023-01-15 00:00 BTCUSDT entry=20750.0000 → LONG | long=tp(+8.76%) short=sl(-4.53%) | scanned=17 | long_tp_only
  [label] 2023-01-31 00:00 BTCUSDT entry=22967.7000 → SHORT | long=timeout(-0.37%) short=sl(-3.69%) | scanned=22 | no_tp→fwd_return=-0.2704
  [label] 2023-02-12 16:00 BTCUSDT entry=21771.1000 → LONG | long=tp(+5.58%) short=sl(-2.94%) | scanned=9 | long_tp_only
  [label] 2023-03-03 08:00 BTCUSDT entry=22323.9000 → SHORT | long=sl(-4.38%) short=tp(+8.46%) | scanned=19 | short_tp_only
  [label] 2023-03-09 16:00 BTCUSDT entry=20348.3000 → LONG | long=tp(+8.44%) short=sl(-4.37%) | scanned=9 | long_tp_only
  [label] 2023-03-22 00:00 BTCUSDT entry=28088.2000 → SHORT | long=sl(-5.14%) short=timeout(-0.06%) | scanned=22 | no_tp→fwd_return=-0.0374
  [label] 2023-04-30 08:00 BTCUSDT entry=29644.2000 → SHORT | long=sl(-3.72%) short=timeout(+2.30%) | scanned=22 | no_tp→fwd_return=-2.3988
  [label] 2023-05-10 08:00 BTCUSDT entry=28141.2000 → SHORT | long=sl(-3.67%) short=tp(+7.03%) | scanned=5 | short_tp_only
  [label] 2023-08-04 08:00 BTCUSDT entry=29258.8000 → LONG | long=timeout(+0.32%) short=sl(-2.12%) | scanned=22 | no_tp→fwd_return=+0.4245
  Labels: 1033 long (47.6%), 1135 short (52.4%) | weights: min=1.00, mean=3.13, max=10.00
  Features: 2168/2168 matched, 47 columns
  CV gap: 22 rows
  [ensemble 1/3] seed=42
    [trial 0] 47 features, training_days=480 | threshold=0.631 | labels: 1033 long, 1135 short (48/52%)
    [CV fold 0] train_end=2021-12-23 08:00 | val_start=2021-12-31 00:00 | gap=184h (22 rows)
    [CV fold 1] train_end=2022-04-22 16:00 | val_start=2022-04-30 08:00 | gap=184h (22 rows)
    [CV fold 2] train_end=2022-08-21 00:00 | val_start=2022-08-28 16:00 | gap=184h (22 rows)
    [CV fold 3] train_end=2022-12-19 08:00 | val_start=2022-12-27 00:00 | gap=184h (22 rows)
    [CV fold 4] train_end=2023-04-18 16:00 | val_start=2023-04-26 08:00 | gap=184h (22 rows)
    [trial 0] Sharpe=-0.1302 (folds: -0.2271, -0.0280, -0.0915, 0.0389, -0.3431)
    [trial 1] 47 features, training_days=420 | threshold=0.839 | labels: 1033 long, 1135 short (48/52%)
    [trial 1] Sharpe=-4.1202 (folds: -0.1565, -0.3328, -10.0000, -0.1117, -10.0000)
    [trial 2] 47 features, training_days=190 | threshold=0.602 | labels: 1033 long, 1135 short (48/52%)
    [trial 2] Sharpe=-0.0373 (folds: -0.2157, 0.0313, -0.0373, 0.0323, 0.0031)
    [trial 3] 47 features, training_days=490 | threshold=0.832 | labels: 1033 long, 1135 short (48/52%)
    [trial 3] Sharpe=-0.1001 (folds: -0.1383, -0.0033, -0.1711, -0.0544, -0.1337)
    [trial 4] 47 features, training_days=340 | threshold=0.591 | labels: 1033 long, 1135 short (48/52%)
    [trial 4] Sharpe=-0.0850 (folds: -0.1640, -0.0357, -0.0641, 0.0595, -0.2204)
    [trial 5] 47 features, training_days=50 | threshold=0.823 | labels: 1033 long, 1135 short (48/52%)
    [trial 5] Sharpe=-0.0834 (folds: 0.0904, 0.0504, 0.1040, -0.2752, -0.3864)
    [trial 6] 47 features, training_days=410 | threshold=0.549 | labels: 1033 long, 1135 short (48/52%)
    [trial 6] Sharpe=-0.0066 (folds: 0.0393, -0.0100, 0.0787, 0.0122, -0.1533)
    [trial 7] 47 features, training_days=180 | threshold=0.526 | labels: 1033 long, 1135 short (48/52%)[I 2026-06-01 14:58:54,584] Trial 7 finished with value: -0.03515619191554471 and parameters: {'confidence_threshold': 0.5259156281069316, 'training_days': 180, 'n_estimators': 102, 'max_depth': 5, 'num_leaves': 45, 'learning_rate': 0.030816017044468066, 'subsample': 0.5317791751430119, 'colsample_bytree': 0.6554911608578311, 'min_child_samples': 46, 'reg_alpha': 0.036851536911881845, 'reg_lambda': 0.005470376807480391}. Best is trial 6 with value: -0.006617154908730128.
[I 2026-06-01 14:58:54,691] Trial 8 finished with value: -0.14171162448573557 and parameters: {'confidence_threshold': 0.8105244599017143, 'training_days': 240, 'n_estimators': 103, 'max_depth': 5, 'num_leaves': 52, 'learning_rate': 0.06746437142284309, 'subsample': 0.8854835899772805, 'colsample_bytree': 0.7468977981821954, 'min_child_samples': 62, 'reg_alpha': 7.04480806377519e-05, 'reg_lambda': 1.6934490731313353e-08}. Best is trial 6 with value: -0.006617154908730128.
[I 2026-06-01 14:58:54,718] Trial 9 finished with value: -1.960085288092871 and parameters: {'confidence_threshold': 0.5377619994476566, 'training_days': 20, 'n_estimators': 337, 'max_depth': 3, 'num_leaves': 39, 'learning_rate': 0.21907142272152816, 'subsample': 0.6246461145744375, 'colsample_bytree': 0.7051914615178149, 'min_child_samples': 81, 'reg_alpha': 1.1459970229341322e-06, 'reg_lambda': 4.929685216887945e-08}. Best is trial 6 with value: -0.006617154908730128.
[I 2026-06-01 14:58:55,437] Trial 10 finished with value: -0.13329823774760005 and parameters: {'confidence_threshold': 0.7378545837642324, 'training_days': 350, 'n_estimators': 487, 'max_depth': 5, 'num_leaves': 62, 'learning_rate': 0.011407797829608154, 'subsample': 0.628963476300746, 'colsample_bytree': 0.8340915966600303, 'min_child_samples': 27, 'reg_alpha': 8.536188349289, 'reg_lambda': 8.145051292774586}. Best is trial 6 with value: -0.006617154908730128.
[I 2026-06-01 14:58:55,497] Trial 11 finished with value: -0.03495698753941245 and parameters: {'confidence_threshold': 0.5031729138375424, 'training_days': 150, 'n_estimators': 68, 'max_depth': 5, 'num_leaves': 51, 'learning_rate': 0.034281431052084296, 'subsample': 0.5039181992850618, 'colsample_bytree': 0.6334955364726846, 'min_child_samples': 85, 'reg_alpha': 0.12337102992538133, 'reg_lambda': 0.041461927055041085}. Best is trial 6 with value: -0.006617154908730128.
[I 2026-06-01 14:58:55,547] Trial 12 finished with value: -0.1174239294720613 and parameters: {'confidence_threshold': 0.5065278550144682, 'training_days': 140, 'n_estimators': 57, 'max_depth': 4, 'num_leaves': 54, 'learning_rate': 0.011635799525819454, 'subsample': 0.5392292436749782, 'colsample_bytree': 0.9955462072303609, 'min_child_samples': 89, 'reg_alpha': 0.3264653399484792, 'reg_lambda': 0.10532796130603564}. Best is trial 6 with value: -0.006617154908730128.
[I 2026-06-01 14:58:55,745] Trial 13 finished with value: -0.13436834879073664 and parameters: {'confidence_threshold': 0.6944221668074981, 'training_days': 320, 'n_estimators': 228, 'max_depth': 5, 'num_leaves': 62, 'learning_rate': 0.09749066566769192, 'subsample': 0.5015628669568242, 'colsample_bytree': 0.6344876134063231, 'min_child_samples': 80, 'reg_alpha': 0.00023323394909551966, 'reg_lambda': 2.915487126448182e-05}. Best is trial 6 with value: -0.006617154908730128.
[I 2026-06-01 14:58:55,784] Trial 14 finished with value: 0.027797368413273273 and parameters: {'confidence_threshold': 0.5660302641245819, 'training_days': 100, 'n_estimators': 59, 'max_depth': 4, 'num_leaves': 52, 'learning_rate': 0.02197270999788634, 'subsample': 0.5938027975068616, 'colsample_bytree': 0.8127588751857924, 'min_child_samples': 100, 'reg_alpha': 0.0038067556646802867, 'reg_lambda': 0.0601371216769442}. Best is trial 14 with value: 0.027797368413273273.
[I 2026-06-01 14:58:55,836] Trial 15 finished with value: 0.0032054631565169023 and parameters: {'confidence_threshold': 0.5704629158135168, 'training_days': 100, 'n_estimators': 172, 'max_depth': 4, 'num_leaves': 57, 'learning_rate': 0.01985196116685134, 'subsample': 0.6015874640141092, 'colsample_bytree': 0.8240664643588083, 'min_child_samples': 100, 'reg_alpha': 0.0030242975914927758, 'reg_lambda': 5.174444896534002e-05}. Best is trial 14 with value: 0.027797368413273273.
[I 2026-06-01 14:58:55,863] Trial 16 finished with value: -10.0 and parameters: {'confidence_threshold': 0.6662305393988978, 'training_days': 60, 'n_estimators': 197, 'max_depth': 4, 'num_leaves': 58, 'learning_rate': 0.02233446782488984, 'subsample': 0.6726438083919561, 'colsample_bytree': 0.8216374648919286, 'min_child_samples': 99, 'reg_alpha': 0.0017373313561105063, 'reg_lambda': 4.199505797750592e-06}. Best is trial 14 with value: 0.027797368413273273.
[I 2026-06-01 14:58:55,915] Trial 17 finished with value: 0.051108150448402015 and parameters: {'confidence_threshold': 0.5778254264612126, 'training_days': 100, 'n_estimators': 157, 'max_depth': 4, 'num_leaves': 44, 'learning_rate': 0.010425658055299656, 'subsample': 0.5902893455642356, 'colsample_bytree': 0.7952908891858086, 'min_child_samples': 100, 'reg_alpha': 2.7664427905870078e-05, 'reg_lambda': 5.187101925047343e-05}. Best is trial 17 with value: 0.051108150448402015.
[I 2026-06-01 14:58:56,153] A new study created in memory with name: no-name-4560ecb5-b87e-4135-bdb3-47f4e9103832
[I 2026-06-01 14:58:56,250] Trial 0 finished with value: -0.052669010272601534 and parameters: {'confidence_threshold': 0.7437642149592516, 'training_days': 150, 'n_estimators': 152, 'max_depth': 4, 'num_leaves': 50, 'learning_rate': 0.04216766425047743, 'subsample': 0.9903820991923078, 'colsample_bytree': 0.8424148692924316, 'min_child_samples': 58, 'reg_alpha': 3.381097259762742e-05, 'reg_lambda': 1.2263152961306247e-05}. Best is trial 0 with value: -0.052669010272601534.
[I 2026-06-01 14:58:56,316] Trial 1 finished with value: -4.126632723227386 and parameters: {'confidence_threshold': 0.7551673975844145, 'training_days': 220, 'n_estimators': 76, 'max_depth': 4, 'num_leaves': 51, 'learning_rate': 0.018602118810743477, 'subsample': 0.5877258780737462, 'colsample_bytree': 0.7657756869209191, 'min_child_samples': 63, 'reg_alpha': 0.005123994170264194, 'reg_lambda': 0.44145470178120466}. Best is trial 0 with value: -0.052669010272601534.
[I 2026-06-01 14:58:56,579] Trial 2 finished with value: -0.10536238345555718 and parameters: {'confidence_threshold': 0.7535593637012223, 'training_days': 310, 'n_estimators': 375, 'max_depth': 3, 'num_leaves': 32, 'learning_rate': 0.021735641882032388, 'subsample': 0.6468570231944146, 'colsample_bytree': 0.8154880619272439, 'min_child_samples': 27, 'reg_alpha': 8.004064028491336e-05, 'reg_lambda': 7.546835261630524e-05}. Best is trial 0 with value: -0.052669010272601534.
[I 2026-06-01 14:58:56,744] Trial 3 finished with value: -0.0616827663337068 and parameters: {'confidence_threshold': 0.6727897841776072, 'training_days': 220, 'n_estimators': 190, 'max_depth': 4, 'num_leaves': 58, 'learning_rate': 0.24810689332636193, 'subsample': 0.7509183379421682, 'colsample_bytree': 0.8119764758960556, 'min_child_samples': 29, 'reg_alpha': 7.1708285081421445e-06, 'reg_lambda': 5.412973582738627e-05}. Best is trial 0 with value: -0.052669010272601534.
[I 2026-06-01 14:58:56,870] Trial 4 finished with value: -0.11149914157226368 and parameters: {'confidence_threshold': 0.803208205259178, 'training_days': 130, 'n_estimators': 267, 'max_depth': 5, 'num_leaves': 40, 'learning_rate': 0.08041175317374143, 'subsample': 0.5603143329951619, 'colsample_bytree': 0.9131704002534167, 'min_child_samples': 68, 'reg_alpha': 0.0008046593428183385, 'reg_lambda': 1.2158346158765583e-05}. Best is trial 0 with value: -0.052669010272601534.
[I 2026-06-01 14:58:57,109] Trial 5 finished with value: -0.10562687503639086 and parameters: {'confidence_threshold': 0.6064422761595144, 'training_days': 210, 'n_estimators': 357, 'max_depth': 5, 'num_leaves': 40, 'learning_rate': 0.0974221287220869, 'subsample': 0.7929682762811064, 'colsample_bytree': 0.8124517510478, 'min_child_samples': 74, 'reg_alpha': 0.3811377260781234, 'reg_lambda': 5.607314238392041e-08}. Best is trial 0 with value: -0.052669010272601534.
[I 2026-06-01 14:58:57,222] Trial 6 finished with value: -0.08640202509554094 and parameters: {'confidence_threshold': 0.7672889945051684, 'training_days': 130, 'n_estimators': 137, 'max_depth': 4, 'num_leaves': 19, 'learning_rate': 0.2031117614248665, 'subsample': 0.8136244860256343, 'colsample_bytree': 0.8617081790949774, 'min_child_samples': 21, 'reg_alpha': 0.002238138278733199, 'reg_lambda': 0.001025809534977322}. Best is trial 0 with value: -0.052669010272601534.
[I 2026-06-01 14:58:57,290] Trial 7 finished with value: -0.034483837058829916 and parameters: {'confidence_threshold': 0.555635875450653, 'training_days': 80, 'n_estimators': 363, 'max_depth': 3, 'num_leaves': 48, 'learning_rate': 0.06590089024008658, 'subsample': 0.6944752870615722, 'colsample_bytree': 0.962566244806993, 'min_child_samples': 88, 'reg_alpha': 1.6465620446426067e-05, 'reg_lambda': 2.4678750890085655e-08}. Best is trial 7 with value: -0.034483837058829916.
[I 2026-06-01 14:58:57,623] Trial 8 finished with value: -0.027949096726817762 and parameters: {'confidence_threshold': 0.6066688256938841, 'training_days': 200, 'n_estimators': 367, 'max_depth': 5, 'num_leaves': 32, 'learning_rate': 0.13377519215934996, 'subsample': 0.7965884582811106, 'colsample_bytree': 0.8458508993500886, 'min_child_samples': 32, 'reg_alpha': 3.889436043816386e-05, 'reg_lambda': 1.4713062489380356e-06}. Best is trial 8 with value: -0.027949096726817762.
[I 2026-06-01 14:58:57,831] Trial 9 finished with value: -0.1069532568609739 and parameters: {'confidence_threshold': 0.6202096049169137, 'training_days': 260, 'n_estimators': 350, 'max_depth': 3, 'num_leaves': 21, 'learning_rate': 0.02989540198065364, 'subsample': 0.8307821683331218, 'colsample_bytree': 0.923253112635361, 'min_child_samples': 64, 'reg_alpha': 0.4898604619604203, 'reg_lambda': 2.9076377687066166e-05}. Best is trial 8 with value: -0.027949096726817762.
[I 2026-06-01 14:58:58,388] Trial 10 finished with value: -0.08322704763736019 and parameters: {'confidence_threshold': 0.5342665212695602, 'training_days': 470, 'n_estimators': 493, 'max_depth': 5, 'num_leaves': 30, 'learning_rate': 0.010221918552934462, 'subsample': 0.9182272143313567, 'colsample_bytree': 0.6202684210924141, 'min_child_samples': 44, 'reg_alpha': 1.466506858166308e-08, 'reg_lambda': 0.014616129255130504}. Best is trial 8 with value: -0.027949096726817762.
[I 2026-06-01 14:58:58,422] Trial 11 finished with value: 0.029593578218009314 and parameters: {'confidence_threshold': 0.5130958894507832, 'training_days': 30, 'n_estimators': 478, 'max_depth': 3, 'num_leaves': 48, 'learning_rate': 0.12199762873742671, 'subsample': 0.6714365294218261, 'colsample_bytree': 0.9824770089934525, 'min_child_samples': 96, 'reg_alpha': 4.28336488974334e-07, 'reg_lambda': 1.0009016775128433e-08}. Best is trial 11 with value: 0.029593578218009314.
[I 2026-06-01 14:58:58,459] Trial 12 finished with value: 0.004917752291713349 and parameters: {'confidence_threshold': 0.5102414963126878, 'training_days': 20, 'n_estimators': 498, 'max_depth': 5, 'num_leaves': 63, 'learning_rate': 0.1383807268231313, 'subsample': 0.6647964661192475, 'colsample_bytree': 0.6669454130036883, 'min_child_samples': 100, 'reg_alpha': 1.0994405170068853e-07, 'reg_lambda': 4.545167500865128e-07}. Best is trial 11 with value: 0.029593578218009314.
[I 2026-06-01 14:58:58,494] Trial 13 finished with value: 0.010109762746451109 and parameters: {'confidence_threshold': 0.5020325919598829, 'training_days': 10, 'n_estimators': 475, 'max_depth': 3, 'num_leaves': 63, 'learning_rate': 0.14044566672476927, 'subsample': 0.5024707401359401, 'colsample_bytree': 0.6357563568573675, 'min_child_samples': 95, 'reg_alpha': 4.276683541400012e-08, 'reg_lambda': 3.0523674035427045e-07}. Best is trial 11 with value: 0.029593578218009314.
[I 2026-06-01 14:58:58,525] Trial 14 finished with value: -1.960085288092871 and parameters: {'confidence_threshold': 0.563653413332113, 'training_days': 20, 'n_estimators': 437, 'max_depth': 3, 'num_leaves': 57, 'learning_rate': 0.15427894891419888, 'subsample': 0.5056991352341743, 'colsample_bytree': 0.5053776772160772, 'min_child_samples': 98, 'reg_alpha': 2.9100396271847275e-07, 'reg_lambda': 1.9078567277781136e-08}. Best is trial 11 with value: 0.029593578218009314.
[I 2026-06-01 14:58:58,809] Trial 15 finished with value: -0.10191349125101878 and parameters: {'confidence_threshold': 0.5026055290809989, 'training_days': 340, 'n_estimators': 436, 'max_depth': 3, 'num_leaves': 63, 'learning_rate': 0.2662524632365439, 'subsample': 0.507007918467014, 'colsample_bytree': 0.6680932580568575, 'min_child_samples': 83, 'reg_alpha': 5.385112778567336e-07, 'reg_lambda': 5.231243996893021e-07}. Best is trial 11 with value: 0.029593578218009314.
