[I 2026-06-01 14:55:33,312] A new study created in memory with name: no-name-2ef926f8-8a6c-4cd8-a9de-bbecf501ff55
[iter-v1/054] features-base-hash PASS: f19392b27f00b707... (47 columns; btc_funding_rate_8h_impulse DROPPED; btc_funding_spread_30_90 RETAINED)
======================================================================
iter-v1/054 — BTC-only impulse-drop test (spread-alone IS attribution)
  ITERATION_LABEL        : v1-054
  n_trials               : 18
  outer seeds            : 1 (single-seed=42; EXPLORATION cadence)
  ensemble_size          : 3 (inner)
  feature_columns        : 47 cols (V1_FEATURE_COLUMNS_PRUNED; 48→47)
  btc_funding_spread_30_90   : index 0 of 47 (RETAINED; rank 4-10 STABLE)
  btc_funding_rate_8h_impulse: DROPPED (rank >30/48 INERT multi-seed confirmed)
  cohort                 : BTCUSDT only (V1_ITER054_UNIVERSE)
  model                  : A_BTC_specialist (R3=ON, R1=OFF, R2=OFF)
  verdict bands          :
    Spread IS >= +0.16 → IMPULSE-DROP-CONFIRMED (47-col stack permanent)
    Spread IS ∈ [0, +0.16) → IMPULSE-DROP-MARGINAL (/055 CONFIRMATION at 48 cols)
    Spread IS < 0 → IMPULSE-DROP-DEGRADES (restore impulse; /055 at 48 cols)
  trade-rate floor       : IS ≥ 50 AND OOS ≥ 10
  47-col hash            : f19392b27f00b707c3da8686d2dc14ab...
  48-col hash (old ref)  : 106003ea8f1779b3ac3e1c051ee4c709...
======================================================================
[run_baseline_v1] --ensemble-size override: 3 (mode default was 3)
v1 RUNNER mode=EXPLORATION iteration=v1-054
  symbols: ('BTCUSDT',)
  ENSEMBLE_SIZE: 3
  ensemble_seeds: [42, 123, 456] (offset=0)
  n_trials per cell: 18
  feature_columns: 47 columns
  bounds_profile: v1_pruned
  OOF_PARQUET_PATH: data/v1_iter_v1-054_trial_oof.parquet
  V1_EXCLUDED_SYMBOLS: ('XRPUSDT', 'DOGEUSDT', 'NEARUSDT', 'BCHUSDT', 'LDOUSDT', 'TRXUSDT', 'BNBUSDT')
  r5_vol_target_enabled: False
  r5_kill_low_natr_enabled: False
  sigma_source: natr
  sample_weight_mode: abs_pnl
  label_mode: triple_barrier
  optuna_objective: sharpe
  vol_ceiling_mode: none
  frozen_hp_mode: none (normal Optuna search)
  model_type: lgbm

[iter-v1/054] BTC-ONLY IMPULSE-DROP ATTRIBUTION TEST ACTIVE: features=V1_FEATURE_COLUMNS_PRUNED (47 cols; btc_funding_rate_8h_impulse DROPPED; btc_funding_spread_30_90 RETAINED). R3=ON, R1=OFF, R2=OFF (baseline Model A for BTC). atr_tp=3.5, atr_sl=1.75 (UNCHANGED from /052-/053 + baseline Model A). ENSEMBLE_SIZE=3 (inner), n_trials=18. NORMAL-RISK: impulse-drop (INERT feature removal; no Optuna domain change). cycle-6 EXP-9/10. Verdict bands: IS >= +0.16 IMPULSE-DROP-CONFIRMED / [0, +0.16) MARGINAL / < 0 DEGRADES.
============================================================
MODEL A_BTC_specialist (R3-only): BTCUSDT (R1=False R2=False R3=on, n_trials=18, ENSEMBLE_SIZE=3, features=47, bounds=v1_pruned, sigma_source=natr)
============================================================
[lgbm] 47 feature columns, 54 walk-forward splits
[lgbm] ATR labeling: 7010/7030 rows with ATR values
[lgbm] No split for 2020-01 (insufficient training data)
[lgbm] No split for 2020-02 (insufficient training data)
[lgbm] No split for 2020-03 (insufficient training data)
[lgbm] No split for 2020-04 (insufficient training data)
[lgbm] No split for 2020-05 (insufficient training data)
[lgbm] No split for 2020-06 (insufficient training data)
[lgbm] No split for 2020-07 (insufficient training data)
[lgbm] No split for 2020-08 (insufficient training data)
[lgbm] No split for 2020-09 (insufficient training data)
[lgbm] No split for 2020-10 (insufficient training data)
[lgbm] No split for 2020-11 (insufficient training data)
[lgbm] No split for 2020-12 (insufficient training data)
[lgbm] No split for 2021-01 (insufficient training data)
[lgbm] No split for 2021-02 (insufficient training data)
[lgbm] No split for 2021-03 (insufficient training data)
[lgbm] No split for 2021-04 (insufficient training data)
[lgbm] No split for 2021-05 (insufficient training data)
[lgbm] No split for 2021-06 (insufficient training data)
[lgbm] No split for 2021-07 (insufficient training data)
[lgbm] No split for 2021-08 (insufficient training data)
[lgbm] No split for 2021-09 (insufficient training data)
[lgbm] No split for 2021-10 (insufficient training data)
[lgbm] No split for 2021-11 (insufficient training data)
[lgbm] No split for 2021-12 (insufficient training data)
[lgbm] === Training for 2022-01 ===
  Train window: 2020-01-01 → 2021-12-24
  2171 training samples from 1 symbols
  Samples per month: 2020-01: 93, 2020-02: 87, 2020-03: 93, 2020-04: 90, 2020-05: 93, 2020-06: 90, 2020-07: 93, 2020-08: 93, 2020-09: 90, 2020-10: 93, 2020-11: 90, 2020-12: 93, 2021-01: 93, 2021-02: 84, 2021-03: 93, 2021-04: 90, 2021-05: 93, 2021-06: 90, 2021-07: 93, 2021-08: 93, 2021-09: 90, 2021-10: 93, 2021-11: 90, 2021-12: 71
  [label] 2020-03-02 16:00 BTCUSDT entry=8919.7000 → SHORT | long=sl(-4.51%) short=tp(+8.72%) | scanned=18 | short_tp_only
  [label] 2020-03-05 00:00 BTCUSDT entry=8902.0000 → SHORT | long=sl(-3.89%) short=tp(+7.48%) | scanned=11 | short_tp_only
  [label] 2020-03-08 16:00 BTCUSDT entry=8038.4600 → SHORT | long=sl(-5.00%) short=tp(+9.70%) | scanned=11 | short_tp_only
  [label] 2020-04-02 08:00 BTCUSDT entry=6801.0000 → LONG | long=timeout(+6.91%) short=sl(-6.89%) | scanned=22 | no_tp→fwd_return=+7.0122
  [label] 2020-05-25 00:00 BTCUSDT entry=8861.6400 → LONG | long=timeout(+7.82%) short=sl(-5.32%) | scanned=22 | no_tp→fwd_return=+7.9209
  [label] 2020-11-07 00:00 BTCUSDT entry=15459.4200 → LONG | long=sl(-5.40%) short=sl(-5.40%) | scanned=17 | no_tp→fwd_return=+5.3663
  [label] 2020-11-11 00:00 BTCUSDT entry=15401.9300 → LONG | long=tp(+10.44%) short=sl(-5.37%) | scanned=19 | long_tp_only
  [label] 2020-11-21 16:00 BTCUSDT entry=18721.9900 → SHORT | long=sl(-5.23%) short=tp(+10.17%) | scanned=14 | short_tp_only
  [label] 2021-01-05 16:00 BTCUSDT entry=33999.5200 → LONG | long=tp(+20.03%) short=sl(-10.17%) | scanned=8 | long_tp_only
  [label] 2021-01-14 08:00 BTCUSDT entry=39580.9600 → SHORT | long=sl(-12.77%) short=timeout(+20.51%) | scanned=22 | no_tp→fwd_return=-20.6131
  [label] 2021-04-14 16:00 BTCUSDT entry=63019.1000 → SHORT | long=sl(-4.81%) short=tp(+9.33%) | scanned=10 | short_tp_only
  [label] 2021-05-16 16:00 BTCUSDT entry=46429.2800 → SHORT | long=sl(-10.05%) short=tp(+19.80%) | scanned=8 | short_tp_only
  [label] 2021-06-02 00:00 BTCUSDT entry=37218.1900 → SHORT | long=sl(-8.87%) short=timeout(+8.16%) | scanned=22 | no_tp→fwd_return=-8.2613
  [label] 2021-06-14 16:00 BTCUSDT entry=40489.1000 → SHORT | long=sl(-7.38%) short=tp(+14.45%) | scanned=17 | short_tp_only
  [label] 2021-07-03 00:00 BTCUSDT entry=34477.4600 → SHORT | long=sl(-6.75%) short=timeout(+2.02%) | scanned=22 | no_tp→fwd_return=-2.1158
  [label] 2021-07-09 08:00 BTCUSDT entry=33537.4900 → SHORT | long=sl(-5.73%) short=timeout(+4.17%) | scanned=22 | no_tp→fwd_return=-4.2689
  [label] 2021-07-21 16:00 BTCUSDT entry=32120.0000 → LONG | long=tp(+10.30%) short=sl(-5.30%) | scanned=13 | long_tp_only
  [label] 2021-08-30 08:00 BTCUSDT entry=48039.9900 → LONG | long=tp(+8.28%) short=sl(-4.29%) | scanned=21 | long_tp_only
  [label] 2021-09-09 00:00 BTCUSDT entry=46271.6400 → LONG | long=timeout(+4.33%) short=timeout(-4.53%) | scanned=22 | no_tp→fwd_return=+4.4268
  [label] 2021-12-04 08:00 BTCUSDT entry=48162.0000 → LONG | long=timeout(+1.08%) short=timeout(-1.28%) | scanned=22 | no_tp→fwd_return=+1.1804
  Labels: 1285 long (59.2%), 886 short (40.8%) | weights: min=1.00, mean=3.17, max=10.00
  Features: 2171/2171 matched, 47 columns
  CV gap: 22 rows
  [ensemble 1/3] seed=42
    [trial 0] 47 features, training_days=480 | threshold=0.631 | labels: 1285 long, 886 short (59/41%)
    [CV fold 0] train_end=2020-04-24 08:00 | val_start=2020-05-02 00:00 | gap=184h (22 rows)
    [CV fold 1] train_end=2020-08-22 16:00 | val_start=2020-08-30 08:00 | gap=184h (22 rows)
    [CV fold 2] train_end=2020-12-21 00:00 | val_start=2020-12-28 16:00 | gap=184h (22 rows)
    [CV fold 3] train_end=2021-04-20 08:00 | val_start=2021-04-28 00:00 | gap=184h (22 rows)
    [CV fold 4] train_end=2021-08-18 16:00 | val_start=2021-08-26 08:00 | gap=184h (22 rows)
    [trial 0] Sharpe=0.0438 (folds: -0.1507, 0.0489, 0.2224, -0.0097, 0.1080)[I 2026-06-01 14:55:33,727] Trial 0 finished with value: 0.04377642991748672 and parameters: {'confidence_threshold': 0.6310890415965769, 'training_days': 480, 'n_estimators': 380, 'max_depth': 4, 'num_leaves': 22, 'learning_rate': 0.01699897838270077, 'subsample': 0.5290418060840998, 'colsample_bytree': 0.9330880728874675, 'min_child_samples': 68, 'reg_alpha': 0.023585940584142682, 'reg_lambda': 1.5320059381854043e-08}. Best is trial 0 with value: 0.04377642991748672.
[I 2026-06-01 14:55:33,839] Trial 1 finished with value: -0.1331495452488342 and parameters: {'confidence_threshold': 0.839468448256698, 'training_days': 420, 'n_estimators': 145, 'max_depth': 3, 'num_leaves': 23, 'learning_rate': 0.028145092716060652, 'subsample': 0.762378215816119, 'colsample_bytree': 0.7159725093210578, 'min_child_samples': 43, 'reg_alpha': 0.0032112643094417484, 'reg_lambda': 1.8007140198129195e-07}. Best is trial 0 with value: 0.04377642991748672.
[I 2026-06-01 14:55:34,001] Trial 2 finished with value: 0.02534276399289113 and parameters: {'confidence_threshold': 0.6022506269873263, 'training_days': 190, 'n_estimators': 255, 'max_depth': 5, 'num_leaves': 24, 'learning_rate': 0.05748924681991978, 'subsample': 0.7962072844310213, 'colsample_bytree': 0.5232252063599989, 'min_child_samples': 69, 'reg_alpha': 3.425445902633376e-07, 'reg_lambda': 3.850031979199519e-08}. Best is trial 0 with value: 0.04377642991748672.
[I 2026-06-01 14:55:34,261] Trial 3 finished with value: 0.0564058046716738 and parameters: {'confidence_threshold': 0.8321099380386666, 'training_days': 490, 'n_estimators': 414, 'max_depth': 3, 'num_leaves': 19, 'learning_rate': 0.1024932221692416, 'subsample': 0.7200762468698007, 'colsample_bytree': 0.5610191174223894, 'min_child_samples': 60, 'reg_alpha': 2.039373116525212e-08, 'reg_lambda': 1.527156759251193}. Best is trial 3 with value: 0.0564058046716738.
[I 2026-06-01 14:55:34,393] Trial 4 finished with value: 0.07908685563945117 and parameters: {'confidence_threshold': 0.5905729935600059, 'training_days': 340, 'n_estimators': 190, 'max_depth': 4, 'num_leaves': 41, 'learning_rate': 0.01875220945578641, 'subsample': 0.9847923138822793, 'colsample_bytree': 0.8875664116805573, 'min_child_samples': 96, 'reg_alpha': 1.1309571585271483, 'reg_lambda': 0.002404915432737351}. Best is trial 4 with value: 0.07908685563945117.
[I 2026-06-01 14:55:34,436] Trial 5 finished with value: -0.13493329900445056 and parameters: {'confidence_threshold': 0.8226559822580909, 'training_days': 50, 'n_estimators': 138, 'max_depth': 3, 'num_leaves': 30, 'learning_rate': 0.03750796359625606, 'subsample': 0.6356745158869479, 'colsample_bytree': 0.9143687545759647, 'min_child_samples': 48, 'reg_alpha': 3.376063348877853e-06, 'reg_lambda': 0.0007660634613082914}. Best is trial 4 with value: 0.07908685563945117.
[I 2026-06-01 14:55:34,540] Trial 6 finished with value: 0.05834392393494249 and parameters: {'confidence_threshold': 0.5493234787411669, 'training_days': 410, 'n_estimators': 83, 'max_depth': 5, 'num_leaves': 52, 'learning_rate': 0.019657448966046126, 'subsample': 0.5027610585618012, 'colsample_bytree': 0.9077307142274171, 'min_child_samples': 77, 'reg_alpha': 0.03639690979811287, 'reg_lambda': 0.08738424135626986}. Best is trial 4 with value: 0.07908685563945117.
[I 2026-06-01 14:55:34,627] Trial 7 finished with value: -0.005496553118124551 and parameters: {'confidence_threshold': 0.5259156281069316, 'training_days': 180, 'n_estimators': 102, 'max_depth': 5, 'num_leaves': 45, 'learning_rate': 0.030816017044468066, 'subsample': 0.5317791751430119, 'colsample_bytree': 0.6554911608578311, 'min_child_samples': 46, 'reg_alpha': 0.036851536911881845, 'reg_lambda': 0.005470376807480391}. Best is trial 4 with value: 0.07908685563945117.
[I 2026-06-01 14:55:34,726] Trial 8 finished with value: 0.018888626410794324 and parameters: {'confidence_threshold': 0.8105244599017143, 'training_days': 240, 'n_estimators': 103, 'max_depth': 5, 'num_leaves': 52, 'learning_rate': 0.06746437142284309, 'subsample': 0.8854835899772805, 'colsample_bytree': 0.7468977981821954, 'min_child_samples': 62, 'reg_alpha': 7.04480806377519e-05, 'reg_lambda': 1.6934490731313353e-08}. Best is trial 4 with value: 0.07908685563945117.
[I 2026-06-01 14:55:34,746] Trial 9 finished with value: -0.005633384599073821 and parameters: {'confidence_threshold': 0.5377619994476566, 'training_days': 20, 'n_estimators': 337, 'max_depth': 3, 'num_leaves': 39, 'learning_rate': 0.21907142272152816, 'subsample': 0.6246461145744375, 'colsample_bytree': 0.7051914615178149, 'min_child_samples': 81, 'reg_alpha': 1.1459970229341322e-06, 'reg_lambda': 4.929685216887945e-08}. Best is trial 4 with value: 0.07908685563945117.
[I 2026-06-01 14:55:35,073] Trial 10 finished with value: 0.08238190385109948 and parameters: {'confidence_threshold': 0.6797821749717731, 'training_days': 350, 'n_estimators': 487, 'max_depth': 4, 'num_leaves': 61, 'learning_rate': 0.011407797829608154, 'subsample': 0.9865389998628291, 'colsample_bytree': 0.8382861898713898, 'min_child_samples': 98, 'reg_alpha': 8.536188349289, 'reg_lambda': 3.3639426888455256e-06}. Best is trial 10 with value: 0.08238190385109948.
[I 2026-06-01 14:55:35,253] Trial 11 finished with value: 0.0884393067059241 and parameters: {'confidence_threshold': 0.7161090655475574, 'training_days': 330, 'n_estimators': 243, 'max_depth': 4, 'num_leaves': 61, 'learning_rate': 0.010418004616766478, 'subsample': 0.999465390980953, 'colsample_bytree': 0.8374910753955798, 'min_child_samples': 98, 'reg_alpha': 5.370415467243256, 'reg_lambda': 8.43884102267831e-06}. Best is trial 11 with value: 0.0884393067059241.
[I 2026-06-01 14:55:35,560] Trial 12 finished with value: 0.0441127832582617 and parameters: {'confidence_threshold': 0.7320119217665193, 'training_days': 320, 'n_estimators': 492, 'max_depth': 4, 'num_leaves': 63, 'learning_rate': 0.01034516421369995, 'subsample': 0.9955029648729099, 'colsample_bytree': 0.825499441744562, 'min_child_samples': 100, 'reg_alpha': 5.770700012836293, 'reg_lambda': 8.798559565396065e-06}. Best is trial 11 with value: 0.0884393067059241.
[I 2026-06-01 14:55:35,855] Trial 13 finished with value: -0.004992973871851577 and parameters: {'confidence_threshold': 0.713844782679152, 'training_days': 320, 'n_estimators': 258, 'max_depth': 4, 'num_leaves': 62, 'learning_rate': 0.010489498731715993, 'subsample': 0.8926693639590267, 'colsample_bytree': 0.9989214412813241, 'min_child_samples': 22, 'reg_alpha': 1.3806058092546691, 'reg_lambda': 1.0174852371049091e-05}. Best is trial 11 with value: 0.0884393067059241.
[I 2026-06-01 14:55:36,226] Trial 14 finished with value: 0.05313828409022838 and parameters: {'confidence_threshold': 0.679923654853914, 'training_days': 380, 'n_estimators': 499, 'max_depth': 4, 'num_leaves': 56, 'learning_rate': 0.010285750662444379, 'subsample': 0.9234837154885365, 'colsample_bytree': 0.8181160801033317, 'min_child_samples': 88, 'reg_alpha': 6.243069797304175, 'reg_lambda': 7.565770484313319e-06}. Best is trial 11 with value: 0.0884393067059241.
[I 2026-06-01 14:55:36,438] Trial 15 finished with value: 0.09554257702542289 and parameters: {'confidence_threshold': 0.7546554555221603, 'training_days': 260, 'n_estimators': 332, 'max_depth': 4, 'num_leaves': 57, 'learning_rate': 0.2656554302157523, 'subsample': 0.8411467032973752, 'colsample_bytree': 0.8100744538922787, 'min_child_samples': 89, 'reg_alpha': 0.27954622012773517, 'reg_lambda': 1.3137868870646292e-06}. Best is trial 15 with value: 0.09554257702542289.
[I 2026-06-01 14:55:36,545] Trial 16 finished with value: 0.03332883909117547 and parameters: {'confidence_threshold': 0.7627308204778871, 'training_days': 120, 'n_estimators': 294, 'max_depth': 4, 'num_leaves': 50, 'learning_rate': 0.28078296004339887, 'subsample': 0.8013687718960705, 'colsample_bytree': 0.632035183231185, 'min_child_samples': 86, 'reg_alpha': 0.21390769636443951, 'reg_lambda': 9.063663135367005e-05}. Best is trial 15 with value: 0.09554257702542289.
[I 2026-06-01 14:55:36,700] Trial 17 finished with value: 0.08516933583345357 and parameters: {'confidence_threshold': 0.7799416970664147, 'training_days': 270, 'n_estimators': 210, 'max_depth': 4, 'num_leaves': 57, 'learning_rate': 0.14168046193643383, 'subsample': 0.8552903764967007, 'colsample_bytree': 0.7861983638172064, 'min_child_samples': 90, 'reg_alpha': 0.0005961727498011812, 'reg_lambda': 6.880925840516315e-07}. Best is trial 15 with value: 0.09554257702542289.
[I 2026-06-01 14:55:36,772] A new study created in memory with name: no-name-ee2e27b4-f11e-414f-b6c2-0dba2e28f14e
[I 2026-06-01 14:55:36,860] Trial 0 finished with value: 0.08096425547961317 and parameters: {'confidence_threshold': 0.7437642149592516, 'training_days': 150, 'n_estimators': 152, 'max_depth': 4, 'num_leaves': 50, 'learning_rate': 0.04216766425047743, 'subsample': 0.9903820991923078, 'colsample_bytree': 0.8424148692924316, 'min_child_samples': 58, 'reg_alpha': 3.381097259762742e-05, 'reg_lambda': 1.2263152961306247e-05}. Best is trial 0 with value: 0.08096425547961317.
[I 2026-06-01 14:55:36,930] Trial 1 finished with value: -1.99132845646876 and parameters: {'confidence_threshold': 0.7551673975844145, 'training_days': 220, 'n_estimators': 76, 'max_depth': 4, 'num_leaves': 51, 'learning_rate': 0.018602118810743477, 'subsample': 0.5877258780737462, 'colsample_bytree': 0.7657756869209191, 'min_child_samples': 63, 'reg_alpha': 0.005123994170264194, 'reg_lambda': 0.44145470178120466}. Best is trial 0 with value: 0.08096425547961317.
[I 2026-06-01 14:55:37,171] Trial 2 finished with value: 0.00986216786428538 and parameters: {'confidence_threshold': 0.7535593637012223, 'training_days': 310, 'n_estimators': 375, 'max_depth': 3, 'num_leaves': 32, 'learning_rate': 0.021735641882032388, 'subsample': 0.6468570231944146, 'colsample_bytree': 0.8154880619272439, 'min_child_samples': 27, 'reg_alpha': 8.004064028491336e-05, 'reg_lambda': 7.546835261630524e-05}. Best is trial 0 with value: 0.08096425547961317.
[I 2026-06-01 14:55:37,333] Trial 3 finished with value: 0.050321882115108074 and parameters: {'confidence_threshold': 0.6727897841776072, 'training_days': 220, 'n_estimators': 190, 'max_depth': 4, 'num_leaves': 58, 'learning_rate': 0.24810689332636193, 'subsample': 0.7509183379421682, 'colsample_bytree': 0.8119764758960556, 'min_child_samples': 29, 'reg_alpha': 7.1708285081421445e-06, 'reg_lambda': 5.412973582738627e-05}. Best is trial 0 with value: 0.08096425547961317.
[I 2026-06-01 14:55:37,447] Trial 4 finished with value: 0.1004543575423206 and parameters: {'confidence_threshold': 0.803208205259178, 'training_days': 130, 'n_estimators': 267, 'max_depth': 5, 'num_leaves': 40, 'learning_rate': 0.08041175317374143, 'subsample': 0.5603143329951619, 'colsample_bytree': 0.9131704002534167, 'min_child_samples': 68, 'reg_alpha': 0.0008046593428183385, 'reg_lambda': 1.2158346158765583e-05}. Best is trial 4 with value: 0.1004543575423206.
[I 2026-06-01 14:55:37,662] Trial 5 finished with value: 0.05899833420830032 and parameters: {'confidence_threshold': 0.6064422761595144, 'training_days': 210, 'n_estimators': 357, 'max_depth': 5, 'num_leaves': 40, 'learning_rate': 0.0974221287220869, 'subsample': 0.7929682762811064, 'colsample_bytree': 0.8124517510478, 'min_child_samples': 74, 'reg_alpha': 0.3811377260781234, 'reg_lambda': 5.607314238392041e-08}. Best is trial 4 with value: 0.1004543575423206.
[I 2026-06-01 14:55:37,767] Trial 6 finished with value: 0.04434980162555667 and parameters: {'confidence_threshold': 0.7672889945051684, 'training_days': 130, 'n_estimators': 137, 'max_depth': 4, 'num_leaves': 19, 'learning_rate': 0.2031117614248665, 'subsample': 0.8136244860256343, 'colsample_bytree': 0.8617081790949774, 'min_child_samples': 21, 'reg_alpha': 0.002238138278733199, 'reg_lambda': 0.001025809534977322}. Best is trial 4 with value: 0.1004543575423206.
[I 2026-06-01 14:55:37,825] Trial 7 finished with value: -0.047038437401021004 and parameters: {'confidence_threshold': 0.555635875450653, 'training_days': 80, 'n_estimators': 363, 'max_depth': 3, 'num_leaves': 48, 'learning_rate': 0.06590089024008658, 'subsample': 0.6944752870615722, 'colsample_bytree': 0.962566244806993, 'min_child_samples': 88, 'reg_alpha': 1.6465620446426067e-05, 'reg_lambda': 2.4678750890085655e-08}. Best is trial 4 with value: 0.1004543575423206.
[I 2026-06-01 14:55:38,127] Trial 8 finished with value: 0.01419098312953011 and parameters: {'confidence_threshold': 0.6066688256938841, 'training_days': 200, 'n_estimators': 367, 'max_depth': 5, 'num_leaves': 32, 'learning_rate': 0.13377519215934996, 'subsample': 0.7965884582811106, 'colsample_bytree': 0.8458508993500886, 'min_child_samples': 32, 'reg_alpha': 3.889436043816386e-05, 'reg_lambda': 1.4713062489380356e-06}. Best is trial 4 with value: 0.1004543575423206.
[I 2026-06-01 14:55:38,338] Trial 9 finished with value: 0.07992792815380675 and parameters: {'confidence_threshold': 0.6202096049169137, 'training_days': 260, 'n_estimators': 350, 'max_depth': 3, 'num_leaves': 21, 'learning_rate': 0.02989540198065364, 'subsample': 0.8307821683331218, 'colsample_bytree': 0.923253112635361, 'min_child_samples': 64, 'reg_alpha': 0.4898604619604203, 'reg_lambda': 2.9076377687066166e-05}. Best is trial 4 with value: 0.1004543575423206.
