[I 2026-06-01 15:01:51,683] Trial 1 finished with value: -3.9291548042373043 and parameters: {'confidence_threshold': 0.839468448256698, 'training_days': 420, 'n_estimators': 145, 'max_depth': 3, 'num_leaves': 23, 'learning_rate': 0.028145092716060652, 'subsample': 0.762378215816119, 'colsample_bytree': 0.7159725093210578, 'min_child_samples': 43, 'reg_alpha': 0.0032112643094417484, 'reg_lambda': 1.8007140198129195e-07}. Best is trial 0 with value: 0.083478230308861.
[I 2026-06-01 15:01:51,832] Trial 2 finished with value: -0.04689492810842399 and parameters: {'confidence_threshold': 0.6022506269873263, 'training_days': 190, 'n_estimators': 255, 'max_depth': 5, 'num_leaves': 24, 'learning_rate': 0.05748924681991978, 'subsample': 0.7962072844310213, 'colsample_bytree': 0.5232252063599989, 'min_child_samples': 69, 'reg_alpha': 3.425445902633376e-07, 'reg_lambda': 3.850031979199519e-08}. Best is trial 0 with value: 0.083478230308861.
[I 2026-06-01 15:01:52,089] Trial 3 finished with value: 0.07608665565611258 and parameters: {'confidence_threshold': 0.8321099380386666, 'training_days': 490, 'n_estimators': 414, 'max_depth': 3, 'num_leaves': 19, 'learning_rate': 0.1024932221692416, 'subsample': 0.7200762468698007, 'colsample_bytree': 0.5610191174223894, 'min_child_samples': 60, 'reg_alpha': 2.039373116525212e-08, 'reg_lambda': 1.527156759251193}. Best is trial 0 with value: 0.083478230308861.
[I 2026-06-01 15:01:52,246] Trial 4 finished with value: 0.02620656228420265 and parameters: {'confidence_threshold': 0.5905729935600059, 'training_days': 340, 'n_estimators': 190, 'max_depth': 4, 'num_leaves': 41, 'learning_rate': 0.01875220945578641, 'subsample': 0.9847923138822793, 'colsample_bytree': 0.8875664116805573, 'min_child_samples': 96, 'reg_alpha': 1.1309571585271483, 'reg_lambda': 0.002404915432737351}. Best is trial 0 with value: 0.083478230308861.
[I 2026-06-01 15:01:52,288] Trial 5 finished with value: -2.0737079436763426 and parameters: {'confidence_threshold': 0.8226559822580909, 'training_days': 50, 'n_estimators': 138, 'max_depth': 3, 'num_leaves': 30, 'learning_rate': 0.03750796359625606, 'subsample': 0.6356745158869479, 'colsample_bytree': 0.9143687545759647, 'min_child_samples': 48, 'reg_alpha': 3.376063348877853e-06, 'reg_lambda': 0.0007660634613082914}. Best is trial 0 with value: 0.083478230308861.

    [trial 1] Sharpe=0.0833 (folds: 0.1901, 0.2360, 0.1994, -0.1593, -0.0496)
    [trial 2] 47 features, training_days=10 | threshold=0.585 | labels: 1217 long, 954 short (56/44%)
    [trial 2] Sharpe=-0.0249 (folds: -0.1462, -0.4790, 0.3135, 0.0268, 0.1604)
    [trial 3] 47 features, training_days=220 | threshold=0.687 | labels: 1217 long, 954 short (56/44%)
    [trial 3] Sharpe=0.1357 (folds: 0.0830, 0.4092, 0.1553, -0.1178, 0.1487)
    [trial 4] 47 features, training_days=300 | threshold=0.562 | labels: 1217 long, 954 short (56/44%)
    [trial 4] Sharpe=0.1105 (folds: 0.1263, 0.0784, 0.3357, -0.0602, 0.0721)
    [trial 5] 47 features, training_days=490 | threshold=0.711 | labels: 1217 long, 954 short (56/44%)
    [trial 5] Sharpe=0.1628 (folds: 0.2177, 0.2491, 0.2557, -0.0328, 0.1242)
    [trial 6] 47 features, training_days=420 | threshold=0.667 | labels: 1217 long, 954 short (56/44%)
    [trial 6] Sharpe=0.1378 (folds: 0.1598, 0.1898, 0.2455, 0.0127, 0.0812)
    [trial 7] 47 features, training_days=120 | threshold=0.550 | labels: 1217 long, 954 short (56/44%)
    [trial 7] Sharpe=0.0478 (folds: 0.0797, 0.0186, 0.0965, 0.0052, 0.0389)
    [trial 8] 47 features, training_days=450 | threshold=0.720 | labels: 1217 long, 954 short (56/44%)
    [trial 8] Sharpe=0.1628 (folds: 0.1184, 0.2764, 0.1990, 0.0158, 0.2044)
    [trial 9] 47 features, training_days=20 | threshold=0.727 | labels: 1217 long, 954 short (56/44%)
    [trial 9] Sharpe=-4.0930 (folds: -0.1462, -0.4790, -10.0000, -10.0000, 0.1604)
    [trial 10] 47 features, training_days=490 | threshold=0.828 | labels: 1217 long, 954 short (56/44%)
    [trial 10] Sharpe=0.2462 (folds: 0.3491, 0.2750, 0.5044, -0.1459, 0.2483)
    [trial 11] 47 features, training_days=500 | threshold=0.843 | labels: 1217 long, 954 short (56/44%)
    [trial 11] Sharpe=0.3162 (folds: 0.2563, 0.3806, 0.6121, -0.3724, 0.7042)
    [trial 12] 47 features, training_days=370 | threshold=0.844 | labels: 1217 long, 954 short (56/44%)
    [trial 12] Sharpe=0.3720 (folds: 0.4228, 0.3027, 0.4716, -0.1687, 0.8314)
    [trial 13] 47 features, training_days=370 | threshold=0.849 | labels: 1217 long, 954 short (56/44%)
    [trial 13] Sharpe=0.4785 (folds: 0.5283, 0.3577, 0.7228, -0.0683, 0.8523)
    [trial 14] 47 features, training_days=380 | threshold=0.794 | labels: 1217 long, 954 short (56/44%)
    [trial 14] Sharpe=0.1867 (folds: 0.3570, 0.1721, 0.2950, -0.0241, 0.1336)
    [trial 15] 47 features, training_days=360 | threshold=0.783 | labels: 1217 long, 954 short (56/44%)
    [trial 15] Sharpe=0.1693 (folds: 0.2928, 0.2321, 0.2413, -0.0521, 0.1326)
    [trial 16] 47 features, training_days=230 | threshold=0.771 | labels: 1217 long, 954 short (56/44%)
    [trial 16] Sharpe=0.1331 (folds: 0.1245, 0.1942, 0.1557, -0.0777, 0.2686)
    [trial 17] 47 features, training_days=340 | threshold=0.508 | labels: 1217 long, 954 short (56/44%)
    [trial 17] Sharpe=0.0974 (folds: 0.0624, 0.1149, 0.2354, 0.0809, -0.0069)
  Optuna: 18 trials, best Sharpe = 0.4785
  Best params: n_estimators=497, max_depth=4, lr=0.0107, leaves=15
  Best confidence_threshold: 0.849
  Best training_days: 370
  Retrained on full data (1110 samples, 47 features)
  OOD: 16 features, cutoff (q=0.7) = 10.11
  Model trained for 2024-12: 93 test candles with features, confidence_threshold=0.744
[lgbm] === Training for 2025-01 ===
  Train window: 2023-01-01 → 2024-12-24
  2171 training samples from 1 symbols
  Samples per month: 2023-01: 93, 2023-02: 84, 2023-03: 93, 2023-04: 90, 2023-05: 93, 2023-06: 90, 2023-07: 93, 2023-08: 93, 2023-09: 90, 2023-10: 93, 2023-11: 90, 2023-12: 93, 2024-01: 93, 2024-02: 87, 2024-03: 93, 2024-04: 90, 2024-05: 93, 2024-06: 90, 2024-07: 93, 2024-08: 93, 2024-09: 90, 2024-10: 93, 2024-11: 90, 2024-12: 71
  [label] 2023-03-03 16:00 BTCUSDT entry=22342.8000 → SHORT | long=sl(-4.21%) short=tp(+8.12%) | scanned=18 | short_tp_only
  [label] 2023-03-06 00:00 BTCUSDT entry=22380.9000 → SHORT | long=sl(-3.11%) short=tp(+5.92%) | scanned=11 | short_tp_only
  [label] 2023-03-09 16:00 BTCUSDT entry=20348.3000 → LONG | long=tp(+8.44%) short=sl(-4.37%) | scanned=9 | long_tp_only
  [label] 2023-04-03 08:00 BTCUSDT entry=28032.5000 → LONG | long=timeout(+1.31%) short=timeout(-1.51%) | scanned=22 | no_tp→fwd_return=+1.4098
  [label] 2023-05-26 00:00 BTCUSDT entry=26491.3000 → LONG | long=tp(+5.28%) short=sl(-2.79%) | scanned=8 | long_tp_only
  [label] 2023-11-08 00:00 BTCUSDT entry=35239.6000 → LONG | long=tp(+5.85%) short=sl(-3.08%) | scanned=4 | long_tp_only
  [label] 2023-11-12 00:00 BTCUSDT entry=37154.1000 → SHORT | long=sl(-3.53%) short=tp(+6.75%) | scanned=8 | short_tp_only
  [label] 2023-11-22 16:00 BTCUSDT entry=37413.4000 → LONG | long=timeout(+1.03%) short=timeout(-1.23%) | scanned=22 | no_tp→fwd_return=+1.1325
  [label] 2024-01-06 16:00 BTCUSDT entry=43956.7000 → LONG | long=tp(+8.97%) short=sl(-4.63%) | scanned=9 | long_tp_only
  [label] 2024-01-15 08:00 BTCUSDT entry=42278.7000 → SHORT | long=timeout(-3.66%) short=timeout(+3.46%) | scanned=22 | no_tp→fwd_return=-3.5573
  [label] 2024-04-14 16:00 BTCUSDT entry=65615.9000 → SHORT | long=sl(-6.50%) short=timeout(+0.97%) | scanned=22 | no_tp→fwd_return=-1.0718
  [label] 2024-05-16 16:00 BTCUSDT entry=65217.7000 → LONG | long=tp(+7.13%) short=sl(-3.71%) | scanned=12 | long_tp_only
  [label] 2024-06-02 00:00 BTCUSDT entry=67743.0000 → LONG | long=tp(+5.01%) short=sl(-2.65%) | scanned=9 | long_tp_only
  [label] 2024-06-14 16:00 BTCUSDT entry=66039.7000 → SHORT | long=sl(-3.59%) short=timeout(+2.80%) | scanned=22 | no_tp→fwd_return=-2.9008
  [label] 2024-07-03 00:00 BTCUSDT entry=60859.9000 → SHORT | long=sl(-3.02%) short=tp(+5.74%) | scanned=4 | short_tp_only
  [label] 2024-07-09 08:00 BTCUSDT entry=57445.3000 → LONG | long=tp(+9.92%) short=sl(-5.11%) | scanned=18 | long_tp_only
  [label] 2024-07-21 16:00 BTCUSDT entry=68138.0000 → LONG | long=sl(-3.62%) short=timeout(-0.21%) | scanned=22 | no_tp→fwd_return=+0.1137
  [label] 2024-08-30 08:00 BTCUSDT entry=58073.1000 → SHORT | long=sl(-4.77%) short=timeout(+6.88%) | scanned=22 | no_tp→fwd_return=-6.9757
  [label] 2024-09-09 00:00 BTCUSDT entry=54939.1000 → LONG | long=tp(+8.14%) short=sl(-4.22%) | scanned=13 | long_tp_only
  [label] 2024-12-04 08:00 BTCUSDT entry=95813.0000 → LONG | long=tp(+6.49%) short=sl(-3.40%) | scanned=2 | long_tp_only
  Labels: 1211 long (55.8%), 960 short (44.2%) | weights: min=1.00, mean=3.53, max=10.00
  Features: 2171/2171 matched, 47 columns
  CV gap: 22 rows
  [ensemble 1/3] seed=42
    [trial 0] 47 features, training_days=480 | threshold=0.631 | labels: 1211 long, 960 short (56/44%)
    [CV fold 0] train_end=2023-04-25 08:00 | val_start=2023-05-03 00:00 | gap=184h (22 rows)
    [CV fold 1] train_end=2023-08-23 16:00 | val_start=2023-08-31 08:00 | gap=184h (22 rows)
    [CV fold 2] train_end=2023-12-22 00:00 | val_start=2023-12-29 16:00 | gap=184h (22 rows)
    [CV fold 3] train_end=2024-04-20 08:00 | val_start=2024-04-28 00:00 | gap=184h (22 rows)
    [CV fold 4] train_end=2024-08-18 16:00 | val_start=2024-08-26 08:00 | gap=184h (22 rows)
    [trial 0] Sharpe=0.0835 (folds: -0.0336, 0.0408, 0.3654, -0.0715, 0.1162)
    [trial 1] 47 features, training_days=420 | threshold=0.839 | labels: 1211 long, 960 short (56/44%)
    [trial 1] Sharpe=-3.9292 (folds: 0.1227, 0.0991, -10.0000, 0.1324, -10.0000)
    [trial 2] 47 features, training_days=190 | threshold=0.602 | labels: 1211 long, 960 short (56/44%)
    [trial 2] Sharpe=-0.0469 (folds: -0.0645, 0.0337, 0.0228, -0.0560, -0.1706)
    [trial 3] 47 features, training_days=490 | threshold=0.832 | labels: 1211 long, 960 short (56/44%)
    [trial 3] Sharpe=0.0761 (folds: -0.0447, 0.1493, 0.2537, -0.0277, 0.0499)
    [trial 4] 47 features, training_days=340 | threshold=0.591 | labels: 1211 long, 960 short (56/44%)
    [trial 4] Sharpe=0.0262 (folds: -0.0860, -0.0017, 0.4102, -0.0396, -0.1519)
    [trial 5] 47 features, training_days=50 | threshold=0.823 | labels: 1211 long, 960 short (56/44%)
    [trial 5] Sharpe=-2.0737 (folds: -0.1051, -0.4242, 0.1746, -0.0139, -10.0000)
    [trial 6] 47 features, training_days=410 | threshold=0.549 | labels: 1211 long, 960 short (56/44%)[I 2026-06-01 15:01:52,394] Trial 6 finished with value: 0.035663845903292316 and parameters: {'confidence_threshold': 0.5493234787411669, 'training_days': 410, 'n_estimators': 83, 'max_depth': 5, 'num_leaves': 52, 'learning_rate': 0.019657448966046126, 'subsample': 0.5027610585618012, 'colsample_bytree': 0.9077307142274171, 'min_child_samples': 77, 'reg_alpha': 0.03639690979811287, 'reg_lambda': 0.08738424135626986}. Best is trial 0 with value: 0.083478230308861.
[I 2026-06-01 15:01:52,488] Trial 7 finished with value: 0.0016626762308178556 and parameters: {'confidence_threshold': 0.5259156281069316, 'training_days': 180, 'n_estimators': 102, 'max_depth': 5, 'num_leaves': 45, 'learning_rate': 0.030816017044468066, 'subsample': 0.5317791751430119, 'colsample_bytree': 0.6554911608578311, 'min_child_samples': 46, 'reg_alpha': 0.036851536911881845, 'reg_lambda': 0.005470376807480391}. Best is trial 0 with value: 0.083478230308861.
[I 2026-06-01 15:01:52,597] Trial 8 finished with value: 0.052061271259749894 and parameters: {'confidence_threshold': 0.8105244599017143, 'training_days': 240, 'n_estimators': 103, 'max_depth': 5, 'num_leaves': 52, 'learning_rate': 0.06746437142284309, 'subsample': 0.8854835899772805, 'colsample_bytree': 0.7468977981821954, 'min_child_samples': 62, 'reg_alpha': 7.04480806377519e-05, 'reg_lambda': 1.6934490731313353e-08}. Best is trial 0 with value: 0.083478230308861.
[I 2026-06-01 15:01:52,619] Trial 9 finished with value: -2.029327323471949 and parameters: {'confidence_threshold': 0.5377619994476566, 'training_days': 20, 'n_estimators': 337, 'max_depth': 3, 'num_leaves': 39, 'learning_rate': 0.21907142272152816, 'subsample': 0.6246461145744375, 'colsample_bytree': 0.7051914615178149, 'min_child_samples': 81, 'reg_alpha': 1.1459970229341322e-06, 'reg_lambda': 4.929685216887945e-08}. Best is trial 0 with value: 0.083478230308861.
[I 2026-06-01 15:01:53,164] Trial 10 finished with value: 0.02546441194101004 and parameters: {'confidence_threshold': 0.6938635787372303, 'training_days': 350, 'n_estimators': 487, 'max_depth': 4, 'num_leaves': 15, 'learning_rate': 0.011407797829608154, 'subsample': 0.6277217293825994, 'colsample_bytree': 0.9880699499289975, 'min_child_samples': 27, 'reg_alpha': 8.536188349289, 'reg_lambda': 3.3639426888455256e-06}. Best is trial 0 with value: 0.083478230308861.
[I 2026-06-01 15:01:53,514] Trial 11 finished with value: 0.05202698523206191 and parameters: {'confidence_threshold': 0.7142966361932565, 'training_days': 490, 'n_estimators': 420, 'max_depth': 4, 'num_leaves': 15, 'learning_rate': 0.11529398851600968, 'subsample': 0.7100138054284578, 'colsample_bytree': 0.5081093472155149, 'min_child_samples': 55, 'reg_alpha': 5.66845160002491e-05, 'reg_lambda': 8.173625018275683}. Best is trial 0 with value: 0.083478230308861.
[I 2026-06-01 15:01:53,772] Trial 12 finished with value: 0.08669829929522768 and parameters: {'confidence_threshold': 0.7366261665759144, 'training_days': 480, 'n_estimators': 366, 'max_depth': 4, 'num_leaves': 30, 'learning_rate': 0.11263608439461861, 'subsample': 0.846813044445794, 'colsample_bytree': 0.5987868290440799, 'min_child_samples': 89, 'reg_alpha': 1.098101963123914e-08, 'reg_lambda': 1.4289813315801497e-05}. Best is trial 12 with value: 0.08669829929522768.
[I 2026-06-01 15:01:54,030] Trial 13 finished with value: 0.05989918552482813 and parameters: {'confidence_threshold': 0.7562182429816536, 'training_days': 410, 'n_estimators': 334, 'max_depth': 4, 'num_leaves': 29, 'learning_rate': 0.28438438472956246, 'subsample': 0.8622582806728851, 'colsample_bytree': 0.8285471651137357, 'min_child_samples': 97, 'reg_alpha': 0.0010695159048720376, 'reg_lambda': 4.448098583586055e-06}. Best is trial 12 with value: 0.08669829929522768.
[I 2026-06-01 15:01:54,290] Trial 14 finished with value: 0.027412876773423706 and parameters: {'confidence_threshold': 0.6385044362194758, 'training_days': 330, 'n_estimators': 348, 'max_depth': 4, 'num_leaves': 33, 'learning_rate': 0.14245863607446319, 'subsample': 0.9479696629487587, 'colsample_bytree': 0.6149362997130857, 'min_child_samples': 84, 'reg_alpha': 0.053999514200188226, 'reg_lambda': 1.5195245747503235e-05}. Best is trial 12 with value: 0.08669829929522768.
[I 2026-06-01 15:01:54,500] Trial 15 finished with value: 0.20606299197416664 and parameters: {'confidence_threshold': 0.7563724225603027, 'training_days': 500, 'n_estimators': 251, 'max_depth': 4, 'num_leaves': 61, 'learning_rate': 0.01135891713160508, 'subsample': 0.8535972392831757, 'colsample_bytree': 0.8100744538922787, 'min_child_samples': 89, 'reg_alpha': 1.108583077350571e-08, 'reg_lambda': 7.482879404932238e-05}. Best is trial 15 with value: 0.20606299197416664.
[I 2026-06-01 15:01:54,694] Trial 16 finished with value: -0.026145699459952054 and parameters: {'confidence_threshold': 0.7615271659661473, 'training_days': 270, 'n_estimators': 264, 'max_depth': 4, 'num_leaves': 63, 'learning_rate': 0.07969600983151671, 'subsample': 0.8531069342605259, 'colsample_bytree': 0.7891485328234766, 'min_child_samples': 88, 'reg_alpha': 1.0043133900967235e-08, 'reg_lambda': 3.144386745172602e-05}. Best is trial 15 with value: 0.20606299197416664.
[I 2026-06-01 15:01:54,885] Trial 17 finished with value: 0.24783240038827187 and parameters: {'confidence_threshold': 0.7416666722401484, 'training_days': 430, 'n_estimators': 216, 'max_depth': 4, 'num_leaves': 63, 'learning_rate': 0.010425658055299656, 'subsample': 0.9255115408496224, 'colsample_bytree': 0.8380549877235325, 'min_child_samples': 99, 'reg_alpha': 1.1302457146937975e-07, 'reg_lambda': 9.388188858407288e-05}. Best is trial 17 with value: 0.24783240038827187.
[I 2026-06-01 15:01:55,334] A new study created in memory with name: no-name-c12d2033-282a-418d-9ea5-5ff2003e85eb
[I 2026-06-01 15:01:55,426] Trial 0 finished with value: -0.06665780681759408 and parameters: {'confidence_threshold': 0.7437642149592516, 'training_days': 150, 'n_estimators': 152, 'max_depth': 4, 'num_leaves': 50, 'learning_rate': 0.04216766425047743, 'subsample': 0.9903820991923078, 'colsample_bytree': 0.8424148692924316, 'min_child_samples': 58, 'reg_alpha': 3.381097259762742e-05, 'reg_lambda': 1.2263152961306247e-05}. Best is trial 0 with value: -0.06665780681759408.
[I 2026-06-01 15:01:55,495] Trial 1 finished with value: -1.9141462728557765 and parameters: {'confidence_threshold': 0.7551673975844145, 'training_days': 220, 'n_estimators': 76, 'max_depth': 4, 'num_leaves': 51, 'learning_rate': 0.018602118810743477, 'subsample': 0.5877258780737462, 'colsample_bytree': 0.7657756869209191, 'min_child_samples': 63, 'reg_alpha': 0.005123994170264194, 'reg_lambda': 0.44145470178120466}. Best is trial 0 with value: -0.06665780681759408.
[I 2026-06-01 15:01:55,750] Trial 2 finished with value: 0.04029086218150924 and parameters: {'confidence_threshold': 0.7535593637012223, 'training_days': 310, 'n_estimators': 375, 'max_depth': 3, 'num_leaves': 32, 'learning_rate': 0.021735641882032388, 'subsample': 0.6468570231944146, 'colsample_bytree': 0.8154880619272439, 'min_child_samples': 27, 'reg_alpha': 8.004064028491336e-05, 'reg_lambda': 7.546835261630524e-05}. Best is trial 2 with value: 0.04029086218150924.
[I 2026-06-01 15:01:55,914] Trial 3 finished with value: -0.0006596302181264751 and parameters: {'confidence_threshold': 0.6727897841776072, 'training_days': 220, 'n_estimators': 190, 'max_depth': 4, 'num_leaves': 58, 'learning_rate': 0.24810689332636193, 'subsample': 0.7509183379421682, 'colsample_bytree': 0.8119764758960556, 'min_child_samples': 29, 'reg_alpha': 7.1708285081421445e-06, 'reg_lambda': 5.412973582738627e-05}. Best is trial 2 with value: 0.04029086218150924.
[I 2026-06-01 15:01:56,040] Trial 4 finished with value: -0.03136042343489463 and parameters: {'confidence_threshold': 0.803208205259178, 'training_days': 130, 'n_estimators': 267, 'max_depth': 5, 'num_leaves': 40, 'learning_rate': 0.08041175317374143, 'subsample': 0.5603143329951619, 'colsample_bytree': 0.9131704002534167, 'min_child_samples': 68, 'reg_alpha': 0.0008046593428183385, 'reg_lambda': 1.2158346158765583e-05}. Best is trial 2 with value: 0.04029086218150924.
[I 2026-06-01 15:01:56,286] Trial 5 finished with value: -0.0719053387046745 and parameters: {'confidence_threshold': 0.6064422761595144, 'training_days': 210, 'n_estimators': 357, 'max_depth': 5, 'num_leaves': 40, 'learning_rate': 0.0974221287220869, 'subsample': 0.7929682762811064, 'colsample_bytree': 0.8124517510478, 'min_child_samples': 74, 'reg_alpha': 0.3811377260781234, 'reg_lambda': 5.607314238392041e-08}. Best is trial 2 with value: 0.04029086218150924.
[I 2026-06-01 15:01:56,394] Trial 6 finished with value: -0.07456947880349322 and parameters: {'confidence_threshold': 0.7672889945051684, 'training_days': 130, 'n_estimators': 137, 'max_depth': 4, 'num_leaves': 19, 'learning_rate': 0.2031117614248665, 'subsample': 0.8136244860256343, 'colsample_bytree': 0.8617081790949774, 'min_child_samples': 21, 'reg_alpha': 0.002238138278733199, 'reg_lambda': 0.001025809534977322}. Best is trial 2 with value: 0.04029086218150924.
[I 2026-06-01 15:01:56,460] Trial 7 finished with value: 0.047438534772357537 and parameters: {'confidence_threshold': 0.555635875450653, 'training_days': 80, 'n_estimators': 363, 'max_depth': 3, 'num_leaves': 48, 'learning_rate': 0.06590089024008658, 'subsample': 0.6944752870615722, 'colsample_bytree': 0.962566244806993, 'min_child_samples': 88, 'reg_alpha': 1.6465620446426067e-05, 'reg_lambda': 2.4678750890085655e-08}. Best is trial 7 with value: 0.047438534772357537.
[I 2026-06-01 15:01:56,802] Trial 8 finished with value: -0.053091462012207366 and parameters: {'confidence_threshold': 0.6066688256938841, 'training_days': 200, 'n_estimators': 367, 'max_depth': 5, 'num_leaves': 32, 'learning_rate': 0.13377519215934996, 'subsample': 0.7965884582811106, 'colsample_bytree': 0.8458508993500886, 'min_child_samples': 32, 'reg_alpha': 3.889436043816386e-05, 'reg_lambda': 1.4713062489380356e-06}. Best is trial 7 with value: 0.047438534772357537.
[I 2026-06-01 15:01:57,031] Trial 9 finished with value: -0.0063556379192698294 and parameters: {'confidence_threshold': 0.6202096049169137, 'training_days': 260, 'n_estimators': 350, 'max_depth': 3, 'num_leaves': 21, 'learning_rate': 0.02989540198065364, 'subsample': 0.8307821683331218, 'colsample_bytree': 0.923253112635361, 'min_child_samples': 64, 'reg_alpha': 0.4898604619604203, 'reg_lambda': 2.9076377687066166e-05}. Best is trial 7 with value: 0.047438534772357537.
[I 2026-06-01 15:01:57,064] Trial 10 finished with value: -0.016432417890590818 and parameters: {'confidence_threshold': 0.5248809389721337, 'training_days': 10, 'n_estimators': 493, 'max_depth': 3, 'num_leaves': 63, 'learning_rate': 0.010221918552934462, 'subsample': 0.667749445701178, 'colsample_bytree': 0.6202684210924141, 'min_child_samples': 99, 'reg_alpha': 1.3884210513841762e-08, 'reg_lambda': 0.02273343343290072}. Best is trial 7 with value: 0.047438534772357537.
