[I 2026-06-01 14:57:48,961] Trial 9 finished with value: -1.9839873844554425 and parameters: {'confidence_threshold': 0.7267463643917187, 'training_days': 20, 'n_estimators': 337, 'max_depth': 5, 'num_leaves': 23, 'learning_rate': 0.022153031811454605, 'subsample': 0.6305627572358737, 'colsample_bytree': 0.6613413774216214, 'min_child_samples': 81, 'reg_alpha': 5.7638634029410314e-08, 'reg_lambda': 8.26603016764008}. Best is trial 0 with value: 0.03349177066678709.
[I 2026-06-01 14:57:49,306] Trial 10 finished with value: 0.009837936776403511 and parameters: {'confidence_threshold': 0.8398533911817929, 'training_days': 130, 'n_estimators': 485, 'max_depth': 4, 'num_leaves': 62, 'learning_rate': 0.014251957942824738, 'subsample': 0.9901604570372973, 'colsample_bytree': 0.9944479338273263, 'min_child_samples': 23, 'reg_alpha': 6.837313901272251e-05, 'reg_lambda': 0.0006976939169966911}. Best is trial 0 with value: 0.03349177066678709.
[I 2026-06-01 14:57:49,531] Trial 11 finished with value: 0.0040802631003202805 and parameters: {'confidence_threshold': 0.5379676273538253, 'training_days': 130, 'n_estimators': 478, 'max_depth': 5, 'num_leaves': 54, 'learning_rate': 0.2580808296185412, 'subsample': 0.9905541628258661, 'colsample_bytree': 0.9214296292909252, 'min_child_samples': 61, 'reg_alpha': 0.005499191077847832, 'reg_lambda': 0.0005236575902925062}. Best is trial 0 with value: 0.03349177066678709.
[I 2026-06-01 14:57:49,699] Trial 12 finished with value: -0.02601976115889093 and parameters: {'confidence_threshold': 0.5130417963578642, 'training_days': 120, 'n_estimators': 415, 'max_depth': 5, 'num_leaves': 29, 'learning_rate': 0.1007523942052433, 'subsample': 0.9214448440068777, 'colsample_bytree': 0.8420599046380293, 'min_child_samples': 62, 'reg_alpha': 0.0010567647354356728, 'reg_lambda': 0.007764958854667135}. Best is trial 0 with value: 0.03349177066678709.
[I 2026-06-01 14:57:49,856] Trial 13 finished with value: -0.1269607903680116 and parameters: {'confidence_threshold': 0.6092349708206475, 'training_days': 200, 'n_estimators': 288, 'max_depth': 5, 'num_leaves': 15, 'learning_rate': 0.2906679976856617, 'subsample': 0.7041463892060554, 'colsample_bytree': 0.5059184378424634, 'min_child_samples': 73, 'reg_alpha': 2.017183041168341e-05, 'reg_lambda': 5.202782339940452e-06}. Best is trial 0 with value: 0.03349177066678709.
[I 2026-06-01 14:57:49,983] Trial 14 finished with value: 0.013534742801663066 and parameters: {'confidence_threshold': 0.5059456949419407, 'training_days': 80, 'n_estimators': 412, 'max_depth': 4, 'num_leaves': 50, 'learning_rate': 0.10271960630976151, 'subsample': 0.7819946340639102, 'colsample_bytree': 0.658600878541351, 'min_child_samples': 52, 'reg_alpha': 0.0285042553012015, 'reg_lambda': 0.015779548355756245}. Best is trial 0 with value: 0.03349177066678709.
[I 2026-06-01 14:57:50,296] Trial 15 finished with value: -0.10363000759323979 and parameters: {'confidence_threshold': 0.6128597814252038, 'training_days': 180, 'n_estimators': 348, 'max_depth': 4, 'num_leaves': 33, 'learning_rate': 0.010004621520368897, 'subsample': 0.9236604423367947, 'colsample_bytree': 0.9354326815544397, 'min_child_samples': 32, 'reg_alpha': 1.0822935950882012e-05, 'reg_lambda': 1.4605149427773725e-05}. Best is trial 0 with value: 0.03349177066678709.
[I 2026-06-01 14:57:50,398] Trial 16 finished with value: 0.0017796712935149125 and parameters: {'confidence_threshold': 0.7809712285122007, 'training_days': 70, 'n_estimators': 229, 'max_depth': 5, 'num_leaves': 48, 'learning_rate': 0.16003935970703526, 'subsample': 0.7313086331213398, 'colsample_bytree': 0.7702343770638977, 'min_child_samples': 48, 'reg_alpha': 0.03696370588928545, 'reg_lambda': 0.01711548792962667}. Best is trial 0 with value: 0.03349177066678709.
[I 2026-06-01 14:57:50,806] Trial 17 finished with value: -0.059718997937563335 and parameters: {'confidence_threshold': 0.5603513724017113, 'training_days': 330, 'n_estimators': 447, 'max_depth': 5, 'num_leaves': 25, 'learning_rate': 0.10441948271445675, 'subsample': 0.9209070242923912, 'colsample_bytree': 0.8586044535287797, 'min_child_samples': 67, 'reg_alpha': 0.0004166938723197114, 'reg_lambda': 9.793763529104988e-05}. Best is trial 0 with value: 0.03349177066678709.

    [CV fold 3] train_end=2022-05-21 08:00 | val_start=2022-05-29 00:00 | gap=184h (22 rows)
    [CV fold 4] train_end=2022-09-18 16:00 | val_start=2022-09-26 08:00 | gap=184h (22 rows)
    [trial 0] Sharpe=-0.0737 (folds: 0.1126, 0.1974, -0.3669, -0.1397, -0.1720)
    [trial 1] 47 features, training_days=220 | threshold=0.755 | labels: 1105 long, 1063 short (51/49%)
    [trial 1] Sharpe=-2.0847 (folds: -0.0493, -0.4099, -0.3895, 0.4253, -10.0000)
    [trial 2] 47 features, training_days=310 | threshold=0.754 | labels: 1105 long, 1063 short (51/49%)
    [trial 2] Sharpe=-0.0854 (folds: 0.0715, -0.0020, -0.1264, -0.1017, -0.2682)
    [trial 3] 47 features, training_days=220 | threshold=0.673 | labels: 1105 long, 1063 short (51/49%)
    [trial 3] Sharpe=-0.1125 (folds: 0.0808, -0.1949, -0.3038, 0.0862, -0.2308)
    [trial 4] 47 features, training_days=130 | threshold=0.803 | labels: 1105 long, 1063 short (51/49%)
    [trial 4] Sharpe=-0.0182 (folds: 0.0153, 0.2957, -0.3579, -0.0556, 0.0113)
    [trial 5] 47 features, training_days=210 | threshold=0.606 | labels: 1105 long, 1063 short (51/49%)
    [trial 5] Sharpe=-0.0988 (folds: 0.0266, -0.0488, -0.2317, 0.0262, -0.2663)
    [trial 6] 47 features, training_days=130 | threshold=0.767 | labels: 1105 long, 1063 short (51/49%)
    [trial 6] Sharpe=-0.0134 (folds: 0.0944, 0.1719, -0.1182, -0.0831, -0.1322)
    [trial 7] 47 features, training_days=80 | threshold=0.556 | labels: 1105 long, 1063 short (51/49%)
    [trial 7] Sharpe=0.0434 (folds: 0.0705, 0.2000, 0.0181, -0.0734, 0.0020)
    [trial 8] 47 features, training_days=200 | threshold=0.607 | labels: 1105 long, 1063 short (51/49%)
    [trial 8] Sharpe=-0.1466 (folds: 0.0666, -0.1095, -0.2901, -0.0989, -0.3012)
    [trial 9] 47 features, training_days=260 | threshold=0.620 | labels: 1105 long, 1063 short (51/49%)
    [trial 9] Sharpe=-0.0697 (folds: 0.0985, 0.0514, -0.2242, -0.0345, -0.2397)
    [trial 10] 47 features, training_days=10 | threshold=0.525 | labels: 1105 long, 1063 short (51/49%)
    [trial 10] Sharpe=-0.0194 (folds: -0.1308, 0.0893, 0.0309, 0.0907, -0.1772)
    [trial 11] 47 features, training_days=480 | threshold=0.508 | labels: 1105 long, 1063 short (51/49%)
    [trial 11] Sharpe=-0.0774 (folds: 0.0048, 0.0600, -0.2700, -0.1672, -0.0146)
    [trial 12] 47 features, training_days=10 | threshold=0.831 | labels: 1105 long, 1063 short (51/49%)
    [trial 12] Sharpe=-1.9933 (folds: -10.0000, 0.0893, 0.0309, 0.0907, -0.1772)
    [trial 13] 47 features, training_days=110 | threshold=0.696 | labels: 1105 long, 1063 short (51/49%)
    [trial 13] Sharpe=-0.0401 (folds: 0.0577, 0.1494, -0.3719, -0.0226, -0.0131)
    [trial 14] 47 features, training_days=70 | threshold=0.566 | labels: 1105 long, 1063 short (51/49%)
    [trial 14] Sharpe=0.0121 (folds: 0.0730, 0.1667, -0.0502, -0.0589, -0.0702)
    [trial 15] 47 features, training_days=60 | threshold=0.555 | labels: 1105 long, 1063 short (51/49%)
    [trial 15] Sharpe=0.0187 (folds: 0.0881, 0.1640, -0.0606, -0.0640, -0.0342)
    [trial 16] 47 features, training_days=350 | threshold=0.562 | labels: 1105 long, 1063 short (51/49%)
    [trial 16] Sharpe=-0.0816 (folds: 0.0747, 0.0008, -0.1315, -0.0975, -0.2544)
    [trial 17] 47 features, training_days=70 | threshold=0.554 | labels: 1105 long, 1063 short (51/49%)
    [trial 17] Sharpe=0.0003 (folds: 0.0833, 0.0314, 0.0056, -0.0231, -0.0955)
  Optuna: 18 trials, best Sharpe = 0.0434
  Best params: n_estimators=363, max_depth=3, lr=0.0659, leaves=48
  Best confidence_threshold: 0.556
  Best training_days: 80
  Retrained on full data (240 samples, 47 features)
  [ensemble 3/3] seed=456
    [trial 0] 47 features, training_days=90 | threshold=0.587 | labels: 1105 long, 1063 short (51/49%)
    [CV fold 0] train_end=2021-05-25 08:00 | val_start=2021-06-02 00:00 | gap=184h (22 rows)
    [CV fold 1] train_end=2021-09-22 16:00 | val_start=2021-09-30 08:00 | gap=184h (22 rows)
    [CV fold 2] train_end=2022-01-21 00:00 | val_start=2022-01-28 16:00 | gap=184h (22 rows)
    [CV fold 3] train_end=2022-05-21 08:00 | val_start=2022-05-29 00:00 | gap=184h (22 rows)
    [CV fold 4] train_end=2022-09-18 16:00 | val_start=2022-09-26 08:00 | gap=184h (22 rows)
    [trial 0] Sharpe=0.0335 (folds: 0.0460, 0.2026, 0.0112, 0.0193, -0.1116)
    [trial 1] 47 features, training_days=290 | threshold=0.635 | labels: 1105 long, 1063 short (51/49%)
    [trial 1] Sharpe=-0.0900 (folds: 0.0110, 0.0585, -0.2736, -0.0301, -0.2161)
    [trial 2] 47 features, training_days=10 | threshold=0.585 | labels: 1105 long, 1063 short (51/49%)
    [trial 2] Sharpe=-0.0194 (folds: -0.1308, 0.0893, 0.0309, 0.0907, -0.1772)
    [trial 3] 47 features, training_days=220 | threshold=0.687 | labels: 1105 long, 1063 short (51/49%)
    [trial 3] Sharpe=-0.1222 (folds: -0.0203, -0.1976, -0.4543, 0.1996, -0.1386)
    [trial 4] 47 features, training_days=300 | threshold=0.562 | labels: 1105 long, 1063 short (51/49%)
    [trial 4] Sharpe=-0.0895 (folds: 0.0434, 0.0358, -0.1897, 0.0000, -0.3370)
    [trial 5] 47 features, training_days=490 | threshold=0.711 | labels: 1105 long, 1063 short (51/49%)
    [trial 5] Sharpe=-0.0684 (folds: 0.0673, 0.0174, -0.1897, -0.1476, -0.0894)
    [trial 6] 47 features, training_days=420 | threshold=0.667 | labels: 1105 long, 1063 short (51/49%)
    [trial 6] Sharpe=-0.0430 (folds: 0.1036, 0.1414, -0.2471, -0.0727, -0.1404)
    [trial 7] 47 features, training_days=120 | threshold=0.550 | labels: 1105 long, 1063 short (51/49%)
    [trial 7] Sharpe=0.0211 (folds: 0.0664, 0.2442, -0.1914, 0.0158, -0.0295)
    [trial 8] 47 features, training_days=450 | threshold=0.720 | labels: 1105 long, 1063 short (51/49%)
    [trial 8] Sharpe=-0.0806 (folds: -0.0204, 0.0319, -0.2890, -0.0370, -0.0885)
    [trial 9] 47 features, training_days=20 | threshold=0.727 | labels: 1105 long, 1063 short (51/49%)
    [trial 9] Sharpe=-1.9840 (folds: -0.1308, 0.0893, 0.0309, 0.0907, -10.0000)
    [trial 10] 47 features, training_days=130 | threshold=0.840 | labels: 1105 long, 1063 short (51/49%)
    [trial 10] Sharpe=0.0098 (folds: 0.1079, 0.3445, -0.0849, -0.1267, -0.1917)
    [trial 11] 47 features, training_days=130 | threshold=0.538 | labels: 1105 long, 1063 short (51/49%)
    [trial 11] Sharpe=0.0041 (folds: 0.0750, 0.1996, -0.1790, 0.0372, -0.1124)
    [trial 12] 47 features, training_days=120 | threshold=0.513 | labels: 1105 long, 1063 short (51/49%)
    [trial 12] Sharpe=-0.0260 (folds: 0.0558, 0.2070, -0.2913, -0.0783, -0.0232)
    [trial 13] 47 features, training_days=200 | threshold=0.609 | labels: 1105 long, 1063 short (51/49%)
    [trial 13] Sharpe=-0.1270 (folds: -0.0152, 0.0099, -0.2580, -0.0834, -0.2881)
    [trial 14] 47 features, training_days=80 | threshold=0.506 | labels: 1105 long, 1063 short (51/49%)
    [trial 14] Sharpe=0.0135 (folds: 0.0189, 0.2222, -0.0174, -0.0797, -0.0764)
    [trial 15] 47 features, training_days=180 | threshold=0.613 | labels: 1105 long, 1063 short (51/49%)
    [trial 15] Sharpe=-0.1036 (folds: -0.0335, -0.0214, -0.3863, 0.0066, -0.0835)
    [trial 16] 47 features, training_days=70 | threshold=0.781 | labels: 1105 long, 1063 short (51/49%)
    [trial 16] Sharpe=0.0018 (folds: 0.0624, 0.1143, -0.0649, -0.0850, -0.0179)
    [trial 17] 47 features, training_days=330 | threshold=0.560 | labels: 1105 long, 1063 short (51/49%)
    [trial 17] Sharpe=-0.0597 (folds: 0.0402, 0.0460, -0.0595, -0.0970, -0.2282)
  Optuna: 18 trials, best Sharpe = 0.0335
  Best params: n_estimators=403, max_depth=5, lr=0.0780, leaves=45
  Best confidence_threshold: 0.587
  Best training_days: 90
  Retrained on full data (270 samples, 47 features)
  OOD: 16 features, cutoff (q=0.7) = 9.22
  Model trained for 2023-02: 84 test candles with features, confidence_threshold=0.655
[trade:close] 2023-02-01 23:59 BTCUSDT SHORT → stop_loss @ 23680.05 | PnL=-3.77% (net -3.87%) | cum=-9.22% 2023-02=-3.87% 2023-02-01=-3.87%
[predict] 2023-02-02 16:00 BTCUSDT → LONG (proba=0.95 TP=7.7%/SL=3.9%)
[trade:open] 2023-02-02 23:59 BTCUSDT LONG @ 23493.10 | SL=22584.29 TP=25310.71 | timeout=2023-02-09 23:59
[trade:close] 2023-02-09 07:59 BTCUSDT LONG → stop_loss @ 22584.29 | PnL=-3.87% (net -3.97%) | cum=-13.19% 2023-02=-7.84% 2023-02-09=-3.97%[I 2026-06-01 14:57:51,293] A new study created in memory with name: no-name-de69874a-50d3-48f3-808d-7ff8d2d502a0
[I 2026-06-01 14:57:51,632] Trial 0 finished with value: -0.1094155125702068 and parameters: {'confidence_threshold': 0.6310890415965769, 'training_days': 480, 'n_estimators': 380, 'max_depth': 4, 'num_leaves': 22, 'learning_rate': 0.01699897838270077, 'subsample': 0.5290418060840998, 'colsample_bytree': 0.9330880728874675, 'min_child_samples': 68, 'reg_alpha': 0.023585940584142682, 'reg_lambda': 1.5320059381854043e-08}. Best is trial 0 with value: -0.1094155125702068.
[I 2026-06-01 14:57:51,741] Trial 1 finished with value: -2.1424382880397244 and parameters: {'confidence_threshold': 0.839468448256698, 'training_days': 420, 'n_estimators': 145, 'max_depth': 3, 'num_leaves': 23, 'learning_rate': 0.028145092716060652, 'subsample': 0.762378215816119, 'colsample_bytree': 0.7159725093210578, 'min_child_samples': 43, 'reg_alpha': 0.0032112643094417484, 'reg_lambda': 1.8007140198129195e-07}. Best is trial 0 with value: -0.1094155125702068.
[I 2026-06-01 14:57:51,873] Trial 2 finished with value: -0.11606130717888301 and parameters: {'confidence_threshold': 0.6022506269873263, 'training_days': 190, 'n_estimators': 255, 'max_depth': 5, 'num_leaves': 24, 'learning_rate': 0.05748924681991978, 'subsample': 0.7962072844310213, 'colsample_bytree': 0.5232252063599989, 'min_child_samples': 69, 'reg_alpha': 3.425445902633376e-07, 'reg_lambda': 3.850031979199519e-08}. Best is trial 0 with value: -0.1094155125702068.
[I 2026-06-01 14:57:52,115] Trial 3 finished with value: -0.16588358261457117 and parameters: {'confidence_threshold': 0.8321099380386666, 'training_days': 490, 'n_estimators': 414, 'max_depth': 3, 'num_leaves': 19, 'learning_rate': 0.1024932221692416, 'subsample': 0.7200762468698007, 'colsample_bytree': 0.5610191174223894, 'min_child_samples': 60, 'reg_alpha': 2.039373116525212e-08, 'reg_lambda': 1.527156759251193}. Best is trial 0 with value: -0.1094155125702068.
[I 2026-06-01 14:57:52,266] Trial 4 finished with value: -0.1257274993920588 and parameters: {'confidence_threshold': 0.5905729935600059, 'training_days': 340, 'n_estimators': 190, 'max_depth': 4, 'num_leaves': 41, 'learning_rate': 0.01875220945578641, 'subsample': 0.9847923138822793, 'colsample_bytree': 0.8875664116805573, 'min_child_samples': 96, 'reg_alpha': 1.1309571585271483, 'reg_lambda': 0.002404915432737351}. Best is trial 0 with value: -0.1094155125702068.
[I 2026-06-01 14:57:52,305] Trial 5 finished with value: -2.215135765019485 and parameters: {'confidence_threshold': 0.8226559822580909, 'training_days': 50, 'n_estimators': 138, 'max_depth': 3, 'num_leaves': 30, 'learning_rate': 0.03750796359625606, 'subsample': 0.6356745158869479, 'colsample_bytree': 0.9143687545759647, 'min_child_samples': 48, 'reg_alpha': 3.376063348877853e-06, 'reg_lambda': 0.0007660634613082914}. Best is trial 0 with value: -0.1094155125702068.
[I 2026-06-01 14:57:52,421] Trial 6 finished with value: -0.09926538774376578 and parameters: {'confidence_threshold': 0.5493234787411669, 'training_days': 410, 'n_estimators': 83, 'max_depth': 5, 'num_leaves': 52, 'learning_rate': 0.019657448966046126, 'subsample': 0.5027610585618012, 'colsample_bytree': 0.9077307142274171, 'min_child_samples': 77, 'reg_alpha': 0.03639690979811287, 'reg_lambda': 0.08738424135626986}. Best is trial 6 with value: -0.09926538774376578.
[I 2026-06-01 14:57:52,527] Trial 7 finished with value: -0.09557909013169827 and parameters: {'confidence_threshold': 0.5259156281069316, 'training_days': 180, 'n_estimators': 102, 'max_depth': 5, 'num_leaves': 45, 'learning_rate': 0.030816017044468066, 'subsample': 0.5317791751430119, 'colsample_bytree': 0.6554911608578311, 'min_child_samples': 46, 'reg_alpha': 0.036851536911881845, 'reg_lambda': 0.005470376807480391}. Best is trial 7 with value: -0.09557909013169827.
[I 2026-06-01 14:57:52,624] Trial 8 finished with value: -0.07363975808879214 and parameters: {'confidence_threshold': 0.8105244599017143, 'training_days': 240, 'n_estimators': 103, 'max_depth': 5, 'num_leaves': 52, 'learning_rate': 0.06746437142284309, 'subsample': 0.8854835899772805, 'colsample_bytree': 0.7468977981821954, 'min_child_samples': 62, 'reg_alpha': 7.04480806377519e-05, 'reg_lambda': 1.6934490731313353e-08}. Best is trial 8 with value: -0.07363975808879214.
[I 2026-06-01 14:57:52,647] Trial 9 finished with value: -0.12579286921558913 and parameters: {'confidence_threshold': 0.5377619994476566, 'training_days': 20, 'n_estimators': 337, 'max_depth': 3, 'num_leaves': 39, 'learning_rate': 0.21907142272152816, 'subsample': 0.6246461145744375, 'colsample_bytree': 0.7051914615178149, 'min_child_samples': 81, 'reg_alpha': 1.1459970229341322e-06, 'reg_lambda': 4.929685216887945e-08}. Best is trial 8 with value: -0.07363975808879214.
[I 2026-06-01 14:57:53,188] Trial 10 finished with value: -0.16031954507379279 and parameters: {'confidence_threshold': 0.734042426776949, 'training_days': 280, 'n_estimators': 487, 'max_depth': 5, 'num_leaves': 62, 'learning_rate': 0.10432148521337849, 'subsample': 0.9416850669512905, 'colsample_bytree': 0.8120417635861826, 'min_child_samples': 27, 'reg_alpha': 7.238112263003475e-05, 'reg_lambda': 3.3639426888455256e-06}. Best is trial 8 with value: -0.07363975808879214.
[I 2026-06-01 14:57:53,268] Trial 11 finished with value: -0.08165508794015715 and parameters: {'confidence_threshold': 0.7192552477034038, 'training_days': 170, 'n_estimators': 70, 'max_depth': 5, 'num_leaves': 50, 'learning_rate': 0.0663170850065109, 'subsample': 0.8696252151616218, 'colsample_bytree': 0.6334955364726846, 'min_child_samples': 45, 'reg_alpha': 0.0002674461616954016, 'reg_lambda': 1.2919440532274802e-05}. Best is trial 8 with value: -0.07363975808879214.
[I 2026-06-01 14:57:53,343] Trial 12 finished with value: -0.1479191748353273 and parameters: {'confidence_threshold': 0.7341332481359052, 'training_days': 140, 'n_estimators': 57, 'max_depth': 4, 'num_leaves': 54, 'learning_rate': 0.0656285649451873, 'subsample': 0.8551998429125597, 'colsample_bytree': 0.6212536384850137, 'min_child_samples': 20, 'reg_alpha': 5.6535530920430964e-05, 'reg_lambda': 7.618021677092772e-06}. Best is trial 8 with value: -0.07363975808879214.
[I 2026-06-01 14:57:53,582] Trial 13 finished with value: -0.13257151212876614 and parameters: {'confidence_threshold': 0.7433849339808255, 'training_days': 250, 'n_estimators': 223, 'max_depth': 5, 'num_leaves': 62, 'learning_rate': 0.13299550636579183, 'subsample': 0.8813567124152576, 'colsample_bytree': 0.8155421717694826, 'min_child_samples': 36, 'reg_alpha': 0.0004810361698208654, 'reg_lambda': 2.915487126448182e-05}. Best is trial 8 with value: -0.07363975808879214.
[I 2026-06-01 14:57:53,657] Trial 14 finished with value: -0.15339898460002038 and parameters: {'confidence_threshold': 0.7832179755306014, 'training_days': 110, 'n_estimators': 138, 'max_depth': 4, 'num_leaves': 52, 'learning_rate': 0.07631046301429102, 'subsample': 0.8740246069767881, 'colsample_bytree': 0.7813574141324694, 'min_child_samples': 57, 'reg_alpha': 1.4847666624200934e-05, 'reg_lambda': 9.953201809579919e-07}. Best is trial 8 with value: -0.07363975808879214.
[I 2026-06-01 14:57:53,735] Trial 15 finished with value: -2.2646593153664876 and parameters: {'confidence_threshold': 0.6828484132415306, 'training_days': 250, 'n_estimators': 51, 'max_depth': 5, 'num_leaves': 46, 'learning_rate': 0.01034469288111211, 'subsample': 0.9377783890671887, 'colsample_bytree': 0.6290746674720268, 'min_child_samples': 53, 'reg_alpha': 0.0015585928980114449, 'reg_lambda': 7.482879404932238e-05}. Best is trial 8 with value: -0.07363975808879214.
[I 2026-06-01 14:57:53,908] Trial 16 finished with value: -0.17452117558250158 and parameters: {'confidence_threshold': 0.6797962516587734, 'training_days': 320, 'n_estimators': 293, 'max_depth': 4, 'num_leaves': 35, 'learning_rate': 0.2883732187561208, 'subsample': 0.8052333371898657, 'colsample_bytree': 0.7426930414415759, 'min_child_samples': 36, 'reg_alpha': 1.3301920209888551, 'reg_lambda': 4.28170520176123e-07}. Best is trial 8 with value: -0.07363975808879214.
