[I 2026-06-01 14:59:03,640] Trial 8 finished with value: -0.10457419453390362 and parameters: {'confidence_threshold': 0.8105244599017143, 'training_days': 240, 'n_estimators': 103, 'max_depth': 5, 'num_leaves': 52, 'learning_rate': 0.06746437142284309, 'subsample': 0.8854835899772805, 'colsample_bytree': 0.7468977981821954, 'min_child_samples': 62, 'reg_alpha': 7.04480806377519e-05, 'reg_lambda': 1.6934490731313353e-08}. Best is trial 5 with value: 0.09986673883487925.
[I 2026-06-01 14:59:03,664] Trial 9 finished with value: -0.025610640774299497 and parameters: {'confidence_threshold': 0.5377619994476566, 'training_days': 20, 'n_estimators': 337, 'max_depth': 3, 'num_leaves': 39, 'learning_rate': 0.21907142272152816, 'subsample': 0.6246461145744375, 'colsample_bytree': 0.7051914615178149, 'min_child_samples': 81, 'reg_alpha': 1.1459970229341322e-06, 'reg_lambda': 4.929685216887945e-08}. Best is trial 5 with value: 0.09986673883487925.

    [trial 8] Sharpe=-0.1058 (folds: -0.1342, 0.0276, -0.1528, -0.1639, -0.1058)
    [trial 9] 47 features, training_days=20 | threshold=0.727 | labels: 1033 long, 1135 short (48/52%)
    [trial 9] Sharpe=-8.0057 (folds: -10.0000, -10.0000, -0.0286, -10.0000, -10.0000)
    [trial 10] 47 features, training_days=10 | threshold=0.840 | labels: 1033 long, 1135 short (48/52%)
    [trial 10] Sharpe=0.0101 (folds: 0.0435, 0.1512, -0.0286, -0.1341, 0.0186)
    [trial 11] 47 features, training_days=10 | threshold=0.849 | labels: 1033 long, 1135 short (48/52%)
    [trial 11] Sharpe=0.0101 (folds: 0.0435, 0.1512, -0.0286, -0.1341, 0.0186)
    [trial 12] 47 features, training_days=140 | threshold=0.839 | labels: 1033 long, 1135 short (48/52%)
    [trial 12] Sharpe=-0.0844 (folds: -0.0503, -0.1430, -0.1415, -0.0246, -0.0628)
    [trial 13] 47 features, training_days=200 | threshold=0.504 | labels: 1033 long, 1135 short (48/52%)
    [trial 13] Sharpe=-0.0342 (folds: -0.1249, 0.0172, -0.0354, 0.0072, -0.0349)
    [trial 14] 47 features, training_days=70 | threshold=0.772 | labels: 1033 long, 1135 short (48/52%)
    [trial 14] Sharpe=-0.0594 (folds: -0.1189, -0.0837, -0.0681, -0.0914, 0.0651)
    [trial 15] 47 features, training_days=160 | threshold=0.783 | labels: 1033 long, 1135 short (48/52%)
    [trial 15] Sharpe=-2.3926 (folds: -1.4872, 0.0514, -10.0000, 0.0119, -0.5394)
    [trial 16] 47 features, training_days=360 | threshold=0.622 | labels: 1033 long, 1135 short (48/52%)
    [trial 16] Sharpe=-0.1041 (folds: -0.1106, -0.0510, -0.1676, 0.0472, -0.2388)
    [trial 17] 47 features, training_days=70 | threshold=0.503 | labels: 1033 long, 1135 short (48/52%)
    [trial 17] Sharpe=-0.0362 (folds: -0.1812, 0.0657, -0.0725, -0.0432, 0.0502)
  Optuna: 18 trials, best Sharpe = 0.0101
  Best params: n_estimators=212, max_depth=3, lr=0.1845, leaves=41
  Best confidence_threshold: 0.585
  Best training_days: 10
  Retrained on full data (30 samples, 47 features)
  OOD: 16 features, cutoff (q=0.7) = 10.42
  Model trained for 2023-09: 90 test candles with features, confidence_threshold=0.559
[trade:close] 2023-09-07 16:00 BTCUSDT SHORT → timeout @ 25766.70 | PnL=+4.25% (net +4.15%) | cum=-19.73% 2023-09=+4.15% 2023-09-07=+4.15%
[predict] 2023-09-13 16:00 BTCUSDT → LONG (proba=0.61 TP=6.0%/SL=3.0%)
[trade:open] 2023-09-13 23:59 BTCUSDT LONG @ 26209.90 | SL=25427.62 TP=27774.46 | timeout=2023-09-20 23:59
[trade:close] 2023-09-21 00:00 BTCUSDT LONG → timeout @ 27107.70 | PnL=+3.43% (net +3.33%) | cum=-16.40% 2023-09=+7.47% 2023-09-21=+3.33%
[lgbm] === Training for 2023-10 ===
  Train window: 2021-10-01 → 2023-09-23
  2168 training samples from 1 symbols
  Samples per month: 2021-10: 93, 2021-11: 90, 2021-12: 93, 2022-01: 93, 2022-02: 84, 2022-03: 93, 2022-04: 90, 2022-05: 93, 2022-06: 90, 2022-07: 93, 2022-08: 93, 2022-09: 90, 2022-10: 93, 2022-11: 90, 2022-12: 93, 2023-01: 93, 2023-02: 84, 2023-03: 93, 2023-04: 90, 2023-05: 93, 2023-06: 90, 2023-07: 93, 2023-08: 93, 2023-09: 68
  [label] 2021-12-01 16:00 BTCUSDT entry=57209.2900 → SHORT | long=sl(-5.79%) short=tp(+11.29%) | scanned=6 | short_tp_only
  [label] 2021-12-03 16:00 BTCUSDT entry=53612.0000 → SHORT | long=sl(-6.73%) short=tp(+13.15%) | scanned=1 | short_tp_only
  [label] 2021-12-07 16:00 BTCUSDT entry=50577.2000 → SHORT | long=sl(-7.75%) short=timeout(+4.35%) | scanned=22 | no_tp→fwd_return=-4.4549
  [label] 2022-01-01 08:00 BTCUSDT entry=47194.7800 → SHORT | long=sl(-4.98%) short=tp(+9.66%) | scanned=13 | short_tp_only
  [label] 2022-02-22 16:00 BTCUSDT entry=38212.0000 → LONG | long=sl(-6.00%) short=sl(-6.00%) | scanned=17 | no_tp→fwd_return=+6.7539
  [label] 2022-08-07 16:00 BTCUSDT entry=23167.8000 → LONG | long=tp(+7.12%) short=sl(-3.71%) | scanned=11 | long_tp_only
  [label] 2022-08-11 16:00 BTCUSDT entry=23917.2000 → SHORT | long=timeout(-3.16%) short=sl(-4.62%) | scanned=22 | no_tp→fwd_return=-3.0610
  [label] 2022-08-22 08:00 BTCUSDT entry=21388.0000 → SHORT | long=sl(-4.60%) short=timeout(+5.22%) | scanned=22 | no_tp→fwd_return=-5.3249
  [label] 2022-10-06 08:00 BTCUSDT entry=20004.4000 → SHORT | long=sl(-4.01%) short=tp(+7.73%) | scanned=21 | short_tp_only
  [label] 2022-10-14 16:00 BTCUSDT entry=19164.6000 → SHORT | long=timeout(-0.17%) short=timeout(-0.03%) | scanned=22 | no_tp→fwd_return=-0.0715
  [label] 2023-01-13 00:00 BTCUSDT entry=18817.7000 → LONG | long=tp(+5.66%) short=sl(-2.98%) | scanned=2 | long_tp_only
  [label] 2023-02-14 00:00 BTCUSDT entry=21759.9000 → LONG | long=tp(+5.51%) short=sl(-2.90%) | scanned=5 | long_tp_only
  [label] 2023-03-02 00:00 BTCUSDT entry=23381.9000 → SHORT | long=sl(-3.79%) short=tp(+7.28%) | scanned=20 | short_tp_only
  [label] 2023-03-14 16:00 BTCUSDT entry=24682.5000 → LONG | long=tp(+14.81%) short=sl(-7.56%) | scanned=15 | long_tp_only
  [label] 2023-04-02 08:00 BTCUSDT entry=28110.2000 → SHORT | long=timeout(-0.94%) short=timeout(+0.74%) | scanned=22 | no_tp→fwd_return=-0.8417
  [label] 2023-04-08 16:00 BTCUSDT entry=27924.9000 → LONG | long=tp(+4.95%) short=sl(-2.62%) | scanned=6 | long_tp_only
  [label] 2023-04-21 00:00 BTCUSDT entry=28142.3000 → LONG | long=sl(-3.81%) short=sl(-3.81%) | scanned=16 | no_tp→fwd_return=+5.9011
  [label] 2023-05-30 08:00 BTCUSDT entry=27665.0000 → SHORT | long=sl(-2.80%) short=tp(+5.29%) | scanned=18 | short_tp_only
  [label] 2023-06-09 08:00 BTCUSDT entry=26465.1000 → SHORT | long=sl(-3.33%) short=timeout(+2.29%) | scanned=22 | no_tp→fwd_return=-2.3907
  [label] 2023-09-03 08:00 BTCUSDT entry=25858.2000 → SHORT | long=timeout(-0.46%) short=timeout(+0.26%) | scanned=22 | no_tp→fwd_return=-0.3639
  Labels: 1040 long (48.0%), 1128 short (52.0%) | weights: min=1.00, mean=3.06, max=10.00
  Features: 2168/2168 matched, 47 columns
  CV gap: 22 rows
  [ensemble 1/3] seed=42
    [trial 0] 47 features, training_days=480 | threshold=0.631 | labels: 1040 long, 1128 short (48/52%)
    [CV fold 0] train_end=2022-01-22 08:00 | val_start=2022-01-30 00:00 | gap=184h (22 rows)
    [CV fold 1] train_end=2022-05-22 16:00 | val_start=2022-05-30 08:00 | gap=184h (22 rows)
    [CV fold 2] train_end=2022-09-20 00:00 | val_start=2022-09-27 16:00 | gap=184h (22 rows)
    [CV fold 3] train_end=2023-01-18 08:00 | val_start=2023-01-26 00:00 | gap=184h (22 rows)
    [CV fold 4] train_end=2023-05-18 16:00 | val_start=2023-05-26 08:00 | gap=184h (22 rows)
    [trial 0] Sharpe=-0.1478 (folds: -0.3626, -0.0571, -0.2723, 0.0488, -0.0960)
    [trial 1] 47 features, training_days=420 | threshold=0.839 | labels: 1040 long, 1128 short (48/52%)
    [trial 1] Sharpe=-4.0407 (folds: -0.3377, 0.2206, -10.0000, -10.0000, -0.0865)
    [trial 2] 47 features, training_days=190 | threshold=0.602 | labels: 1040 long, 1128 short (48/52%)
    [trial 2] Sharpe=-0.0856 (folds: -0.3569, -0.0657, -0.1019, 0.0311, 0.0652)
    [trial 3] 47 features, training_days=490 | threshold=0.832 | labels: 1040 long, 1128 short (48/52%)
    [trial 3] Sharpe=-0.1227 (folds: -0.3366, 0.0677, -0.2814, -0.0143, -0.0491)
    [trial 4] 47 features, training_days=340 | threshold=0.591 | labels: 1040 long, 1128 short (48/52%)
    [trial 4] Sharpe=-0.1010 (folds: -0.2390, -0.0769, -0.2126, 0.0788, -0.0554)
    [trial 5] 47 features, training_days=50 | threshold=0.823 | labels: 1040 long, 1128 short (48/52%)
    [trial 5] Sharpe=0.0999 (folds: -0.0268, 0.0171, 0.0480, 0.0270, 0.4340)
    [trial 6] 47 features, training_days=410 | threshold=0.549 | labels: 1040 long, 1128 short (48/52%)
    [trial 6] Sharpe=-0.0712 (folds: -0.1170, -0.0792, -0.1871, 0.1238, -0.0962)
    [trial 7] 47 features, training_days=180 | threshold=0.526 | labels: 1040 long, 1128 short (48/52%)
    [trial 7] Sharpe=-0.0277 (folds: -0.0398, -0.0135, -0.1759, 0.1347, -0.0439)
    [trial 8] 47 features, training_days=240 | threshold=0.811 | labels: 1040 long, 1128 short (48/52%)
    [trial 8] Sharpe=-0.1046 (folds: -0.3690, 0.1509, -0.4700, -0.0777, 0.2429)
    [trial 9] 47 features, training_days=20 | threshold=0.538 | labels: 1040 long, 1128 short (48/52%)
    [trial 9] Sharpe=-0.0256 (folds: 0.0355, 0.0939, -0.1815, 0.0741, -0.1500)
    [trial 10] 47 features, training_days=10 | threshold=0.732 | labels: 1040 long, 1128 short (48/52%)[I 2026-06-01 14:59:03,697] Trial 10 finished with value: -2.032715023126201 and parameters: {'confidence_threshold': 0.7318981109748116, 'training_days': 10, 'n_estimators': 487, 'max_depth': 4, 'num_leaves': 31, 'learning_rate': 0.14704103471568217, 'subsample': 0.628963476300746, 'colsample_bytree': 0.987470107623585, 'min_child_samples': 25, 'reg_alpha': 2.608784411827665e-05, 'reg_lambda': 3.3639426888455256e-06}. Best is trial 5 with value: 0.09986673883487925.
[I 2026-06-01 14:59:03,727] Trial 11 finished with value: -0.025610640774299497 and parameters: {'confidence_threshold': 0.715357026933722, 'training_days': 20, 'n_estimators': 291, 'max_depth': 3, 'num_leaves': 33, 'learning_rate': 0.29081576079680116, 'subsample': 0.6496599335113177, 'colsample_bytree': 0.8271697325369484, 'min_child_samples': 92, 'reg_alpha': 1.8335640581015016e-06, 'reg_lambda': 1.7775498934647403e-05}. Best is trial 5 with value: 0.09986673883487925.
[I 2026-06-01 14:59:03,799] Trial 12 finished with value: -0.04634417783806759 and parameters: {'confidence_threshold': 0.7456670193224102, 'training_days': 90, 'n_estimators': 293, 'max_depth': 3, 'num_leaves': 33, 'learning_rate': 0.2959628420607887, 'subsample': 0.6274745095999714, 'colsample_bytree': 0.6562433298545489, 'min_child_samples': 84, 'reg_alpha': 3.1740335584318674e-06, 'reg_lambda': 7.90277059723651e-05}. Best is trial 5 with value: 0.09986673883487925.
[I 2026-06-01 14:59:03,900] Trial 13 finished with value: -0.006745324555727583 and parameters: {'confidence_threshold': 0.6675013492473675, 'training_days': 100, 'n_estimators': 216, 'max_depth': 3, 'num_leaves': 62, 'learning_rate': 0.1463043880061142, 'subsample': 0.6866291716128416, 'colsample_bytree': 0.8155421717694826, 'min_child_samples': 47, 'reg_alpha': 3.219567910488193e-08, 'reg_lambda': 3.4757862173186272e-06}. Best is trial 5 with value: 0.09986673883487925.
[I 2026-06-01 14:59:04,013] Trial 14 finished with value: 0.008507032596977143 and parameters: {'confidence_threshold': 0.6686878790035377, 'training_days': 120, 'n_estimators': 211, 'max_depth': 3, 'num_leaves': 60, 'learning_rate': 0.09554518521374104, 'subsample': 0.7084100755676976, 'colsample_bytree': 0.8312163037675877, 'min_child_samples': 44, 'reg_alpha': 2.5865334737159037e-08, 'reg_lambda': 1.989090398793232e-06}. Best is trial 5 with value: 0.09986673883487925.
[I 2026-06-01 14:59:04,133] Trial 15 finished with value: 0.03026354536604665 and parameters: {'confidence_threshold': 0.7674254349466498, 'training_days': 110, 'n_estimators': 176, 'max_depth': 4, 'num_leaves': 61, 'learning_rate': 0.010881634250945883, 'subsample': 0.8433493078039268, 'colsample_bytree': 0.8332678196538594, 'min_child_samples': 27, 'reg_alpha': 1.0648771976823986e-08, 'reg_lambda': 0.0007008411703147273}. Best is trial 5 with value: 0.09986673883487925.
[I 2026-06-01 14:59:04,292] Trial 16 finished with value: -2.0705465175882845 and parameters: {'confidence_threshold': 0.7804801620132263, 'training_days': 160, 'n_estimators': 161, 'max_depth': 4, 'num_leaves': 54, 'learning_rate': 0.010905702431087096, 'subsample': 0.8649514202852935, 'colsample_bytree': 0.9826162589395974, 'min_child_samples': 24, 'reg_alpha': 0.0006738768576747065, 'reg_lambda': 0.0009209567941023112}. Best is trial 5 with value: 0.09986673883487925.
[I 2026-06-01 14:59:04,458] Trial 17 finished with value: -3.791964668646641 and parameters: {'confidence_threshold': 0.789403558838043, 'training_days': 290, 'n_estimators': 143, 'max_depth': 4, 'num_leaves': 28, 'learning_rate': 0.010425658055299656, 'subsample': 0.8366733523272174, 'colsample_bytree': 0.8693853359802305, 'min_child_samples': 32, 'reg_alpha': 1.7736596423070544e-07, 'reg_lambda': 0.043048808103430716}. Best is trial 5 with value: 0.09986673883487925.
[I 2026-06-01 14:59:04,702] A new study created in memory with name: no-name-8c4872b4-a70f-4b8d-aef1-e0e2bb5f1bb8
[I 2026-06-01 14:59:04,797] Trial 0 finished with value: -0.08035588901246768 and parameters: {'confidence_threshold': 0.7437642149592516, 'training_days': 150, 'n_estimators': 152, 'max_depth': 4, 'num_leaves': 50, 'learning_rate': 0.04216766425047743, 'subsample': 0.9903820991923078, 'colsample_bytree': 0.8424148692924316, 'min_child_samples': 58, 'reg_alpha': 3.381097259762742e-05, 'reg_lambda': 1.2263152961306247e-05}. Best is trial 0 with value: -0.08035588901246768.
[I 2026-06-01 14:59:04,865] Trial 1 finished with value: -1.8366604221787604 and parameters: {'confidence_threshold': 0.7551673975844145, 'training_days': 220, 'n_estimators': 76, 'max_depth': 4, 'num_leaves': 51, 'learning_rate': 0.018602118810743477, 'subsample': 0.5877258780737462, 'colsample_bytree': 0.7657756869209191, 'min_child_samples': 63, 'reg_alpha': 0.005123994170264194, 'reg_lambda': 0.44145470178120466}. Best is trial 0 with value: -0.08035588901246768.
[I 2026-06-01 14:59:05,128] Trial 2 finished with value: -0.024855785254037623 and parameters: {'confidence_threshold': 0.7535593637012223, 'training_days': 310, 'n_estimators': 375, 'max_depth': 3, 'num_leaves': 32, 'learning_rate': 0.021735641882032388, 'subsample': 0.6468570231944146, 'colsample_bytree': 0.8154880619272439, 'min_child_samples': 27, 'reg_alpha': 8.004064028491336e-05, 'reg_lambda': 7.546835261630524e-05}. Best is trial 2 with value: -0.024855785254037623.
[I 2026-06-01 14:59:05,302] Trial 3 finished with value: -0.05792509385981544 and parameters: {'confidence_threshold': 0.6727897841776072, 'training_days': 220, 'n_estimators': 190, 'max_depth': 4, 'num_leaves': 58, 'learning_rate': 0.24810689332636193, 'subsample': 0.7509183379421682, 'colsample_bytree': 0.8119764758960556, 'min_child_samples': 29, 'reg_alpha': 7.1708285081421445e-06, 'reg_lambda': 5.412973582738627e-05}. Best is trial 2 with value: -0.024855785254037623.
[I 2026-06-01 14:59:05,420] Trial 4 finished with value: -0.03872953950448561 and parameters: {'confidence_threshold': 0.803208205259178, 'training_days': 130, 'n_estimators': 267, 'max_depth': 5, 'num_leaves': 40, 'learning_rate': 0.08041175317374143, 'subsample': 0.5603143329951619, 'colsample_bytree': 0.9131704002534167, 'min_child_samples': 68, 'reg_alpha': 0.0008046593428183385, 'reg_lambda': 1.2158346158765583e-05}. Best is trial 2 with value: -0.024855785254037623.
[I 2026-06-01 14:59:05,654] Trial 5 finished with value: -0.12060958441061495 and parameters: {'confidence_threshold': 0.6064422761595144, 'training_days': 210, 'n_estimators': 357, 'max_depth': 5, 'num_leaves': 40, 'learning_rate': 0.0974221287220869, 'subsample': 0.7929682762811064, 'colsample_bytree': 0.8124517510478, 'min_child_samples': 74, 'reg_alpha': 0.3811377260781234, 'reg_lambda': 5.607314238392041e-08}. Best is trial 2 with value: -0.024855785254037623.
[I 2026-06-01 14:59:05,766] Trial 6 finished with value: -0.0173163191532359 and parameters: {'confidence_threshold': 0.7672889945051684, 'training_days': 130, 'n_estimators': 137, 'max_depth': 4, 'num_leaves': 19, 'learning_rate': 0.2031117614248665, 'subsample': 0.8136244860256343, 'colsample_bytree': 0.8617081790949774, 'min_child_samples': 21, 'reg_alpha': 0.002238138278733199, 'reg_lambda': 0.001025809534977322}. Best is trial 6 with value: -0.0173163191532359.
[I 2026-06-01 14:59:05,834] Trial 7 finished with value: -0.02566353140561332 and parameters: {'confidence_threshold': 0.555635875450653, 'training_days': 80, 'n_estimators': 363, 'max_depth': 3, 'num_leaves': 48, 'learning_rate': 0.06590089024008658, 'subsample': 0.6944752870615722, 'colsample_bytree': 0.962566244806993, 'min_child_samples': 88, 'reg_alpha': 1.6465620446426067e-05, 'reg_lambda': 2.4678750890085655e-08}. Best is trial 6 with value: -0.0173163191532359.
[I 2026-06-01 14:59:06,154] Trial 8 finished with value: -0.07111128368498408 and parameters: {'confidence_threshold': 0.6066688256938841, 'training_days': 200, 'n_estimators': 367, 'max_depth': 5, 'num_leaves': 32, 'learning_rate': 0.13377519215934996, 'subsample': 0.7965884582811106, 'colsample_bytree': 0.8458508993500886, 'min_child_samples': 32, 'reg_alpha': 3.889436043816386e-05, 'reg_lambda': 1.4713062489380356e-06}. Best is trial 6 with value: -0.0173163191532359.
[I 2026-06-01 14:59:06,381] Trial 9 finished with value: -0.12222172165398715 and parameters: {'confidence_threshold': 0.6202096049169137, 'training_days': 260, 'n_estimators': 350, 'max_depth': 3, 'num_leaves': 21, 'learning_rate': 0.02989540198065364, 'subsample': 0.8307821683331218, 'colsample_bytree': 0.923253112635361, 'min_child_samples': 64, 'reg_alpha': 0.4898604619604203, 'reg_lambda': 2.9076377687066166e-05}. Best is trial 6 with value: -0.0173163191532359.
[I 2026-06-01 14:59:06,835] Trial 10 finished with value: -2.1085153914143335 and parameters: {'confidence_threshold': 0.8445241688507242, 'training_days': 470, 'n_estimators': 493, 'max_depth': 4, 'num_leaves': 17, 'learning_rate': 0.010221918552934462, 'subsample': 0.925262810706551, 'colsample_bytree': 0.6202684210924141, 'min_child_samples': 46, 'reg_alpha': 2.3451009125120672e-08, 'reg_lambda': 0.08638692467458545}. Best is trial 6 with value: -0.0173163191532359.
[I 2026-06-01 14:59:07,152] Trial 11 finished with value: -0.09655495600655657 and parameters: {'confidence_threshold': 0.7263621239445149, 'training_days': 350, 'n_estimators': 481, 'max_depth': 3, 'num_leaves': 27, 'learning_rate': 0.27998203834948215, 'subsample': 0.6581542700946174, 'colsample_bytree': 0.6612241103206169, 'min_child_samples': 21, 'reg_alpha': 0.008782410124447885, 'reg_lambda': 0.007364523359426745}. Best is trial 6 with value: -0.0173163191532359.
[I 2026-06-01 14:59:07,217] Trial 12 finished with value: -2.147615835017203 and parameters: {'confidence_threshold': 0.6885368974453678, 'training_days': 340, 'n_estimators': 51, 'max_depth': 3, 'num_leaves': 27, 'learning_rate': 0.021442972716943478, 'subsample': 0.6547963021624791, 'colsample_bytree': 0.5201164353688423, 'min_child_samples': 41, 'reg_alpha': 4.7371025346464785e-07, 'reg_lambda': 0.001793325873299761}. Best is trial 6 with value: -0.0173163191532359.
[I 2026-06-01 14:59:07,248] Trial 13 finished with value: -3.99640539054261 and parameters: {'confidence_threshold': 0.7904261155050077, 'training_days': 10, 'n_estimators': 244, 'max_depth': 3, 'num_leaves': 16, 'learning_rate': 0.15152203000979778, 'subsample': 0.5024707401359401, 'colsample_bytree': 0.7082407533656954, 'min_child_samples': 21, 'reg_alpha': 0.028156791715610006, 'reg_lambda': 0.0012430304960061548}. Best is trial 6 with value: -0.0173163191532359.
[I 2026-06-01 14:59:07,676] Trial 14 finished with value: -0.07056121590160551 and parameters: {'confidence_threshold': 0.8361769397784786, 'training_days': 320, 'n_estimators': 422, 'max_depth': 4, 'num_leaves': 32, 'learning_rate': 0.010733865484948656, 'subsample': 0.878658194230511, 'colsample_bytree': 0.9959348592397881, 'min_child_samples': 44, 'reg_alpha': 0.0004038446729585459, 'reg_lambda': 0.023694762150127478}. Best is trial 6 with value: -0.0173163191532359.
[I 2026-06-01 14:59:07,810] Trial 15 finished with value: -0.08367959823332485 and parameters: {'confidence_threshold': 0.5026055290809989, 'training_days': 430, 'n_estimators': 125, 'max_depth': 4, 'num_leaves': 24, 'learning_rate': 0.0419787125797444, 'subsample': 0.7034064963421924, 'colsample_bytree': 0.8873172358830831, 'min_child_samples': 100, 'reg_alpha': 7.209816057093941, 'reg_lambda': 3.5532501480887757}. Best is trial 6 with value: -0.0173163191532359.
[I 2026-06-01 14:59:07,911] Trial 16 finished with value: -0.004702434206134726 and parameters: {'confidence_threshold': 0.6974122772435224, 'training_days': 60, 'n_estimators': 300, 'max_depth': 3, 'num_leaves': 35, 'learning_rate': 0.019528499757471573, 'subsample': 0.8868474056204897, 'colsample_bytree': 0.7515374857923315, 'min_child_samples': 32, 'reg_alpha': 1.6323832176782968e-06, 'reg_lambda': 0.0002786624127605132}. Best is trial 16 with value: -0.004702434206134726.
[I 2026-06-01 14:59:07,941] Trial 17 finished with value: -0.025610640774299497 and parameters: {'confidence_threshold': 0.6825760317001965, 'training_days': 20, 'n_estimators': 213, 'max_depth': 5, 'num_leaves': 44, 'learning_rate': 0.1989841123962468, 'subsample': 0.918327520717966, 'colsample_bytree': 0.7304203918210422, 'min_child_samples': 38, 'reg_alpha': 6.229602473892305e-07, 'reg_lambda': 7.12167232792034e-07}. Best is trial 16 with value: -0.004702434206134726.
[I 2026-06-01 14:59:08,202] A new study created in memory with name: no-name-48dde65e-2141-4a0b-aed7-554053df0edc
