[I 2026-06-01 15:01:17,923] Trial 9 finished with value: -0.025966246046640957 and parameters: {'confidence_threshold': 0.6202096049169137, 'training_days': 260, 'n_estimators': 350, 'max_depth': 3, 'num_leaves': 21, 'learning_rate': 0.02989540198065364, 'subsample': 0.8307821683331218, 'colsample_bytree': 0.923253112635361, 'min_child_samples': 64, 'reg_alpha': 0.4898604619604203, 'reg_lambda': 2.9076377687066166e-05}. Best is trial 2 with value: 0.10678829566432349.
[I 2026-06-01 15:01:18,248] Trial 10 finished with value: 0.30171927303281115 and parameters: {'confidence_threshold': 0.8445241688507242, 'training_days': 420, 'n_estimators': 494, 'max_depth': 3, 'num_leaves': 30, 'learning_rate': 0.010221918552934462, 'subsample': 0.5019190721168774, 'colsample_bytree': 0.6202684210924141, 'min_child_samples': 45, 'reg_alpha': 1.5494783182896407e-08, 'reg_lambda': 0.018878930586497852}. Best is trial 10 with value: 0.30171927303281115.
[I 2026-06-01 15:01:18,577] Trial 11 finished with value: 0.2625171667963396 and parameters: {'confidence_threshold': 0.8371297552840329, 'training_days': 430, 'n_estimators': 493, 'max_depth': 3, 'num_leaves': 27, 'learning_rate': 0.010535067237031154, 'subsample': 0.5082312939353781, 'colsample_bytree': 0.625107197757402, 'min_child_samples': 45, 'reg_alpha': 1.0468203878541749e-08, 'reg_lambda': 0.01313348781546612}. Best is trial 10 with value: 0.30171927303281115.
[I 2026-06-01 15:01:18,914] Trial 12 finished with value: -1.7737882102040987 and parameters: {'confidence_threshold': 0.830632524875604, 'training_days': 480, 'n_estimators': 500, 'max_depth': 3, 'num_leaves': 27, 'learning_rate': 0.010201143194486034, 'subsample': 0.5172176338346133, 'colsample_bytree': 0.5773925919454104, 'min_child_samples': 47, 'reg_alpha': 1.3447320113864774e-08, 'reg_lambda': 0.03524119936949945}. Best is trial 10 with value: 0.30171927303281115.
[I 2026-06-01 15:01:19,233] Trial 13 finished with value: -1.783677185669313 and parameters: {'confidence_threshold': 0.8319880314934806, 'training_days': 440, 'n_estimators': 481, 'max_depth': 3, 'num_leaves': 26, 'learning_rate': 0.010533478929525117, 'subsample': 0.5019824557515645, 'colsample_bytree': 0.6239217506299629, 'min_child_samples': 44, 'reg_alpha': 1.2419126705468136e-08, 'reg_lambda': 0.007333862701978235}. Best is trial 10 with value: 0.30171927303281115.
[I 2026-06-01 15:01:19,535] Trial 14 finished with value: 0.07256664991658404 and parameters: {'confidence_threshold': 0.6968624890517784, 'training_days': 380, 'n_estimators': 442, 'max_depth': 3, 'num_leaves': 15, 'learning_rate': 0.01645102485501106, 'subsample': 0.6148787147180652, 'colsample_bytree': 0.6622802537877405, 'min_child_samples': 45, 'reg_alpha': 4.956005056947948e-07, 'reg_lambda': 2.8848831766599905}. Best is trial 10 with value: 0.30171927303281115.
[I 2026-06-01 15:01:19,805] Trial 15 finished with value: 0.13994497722061627 and parameters: {'confidence_threshold': 0.8445000260475277, 'training_days': 380, 'n_estimators': 430, 'max_depth': 4, 'num_leaves': 33, 'learning_rate': 0.037392478764815176, 'subsample': 0.9296279388562269, 'colsample_bytree': 0.5093920150666754, 'min_child_samples': 100, 'reg_alpha': 3.0439081596040093e-07, 'reg_lambda': 0.05138157439645094}. Best is trial 10 with value: 0.30171927303281115.

  [label] 2024-04-20 16:00 BTCUSDT entry=64897.2000 → SHORT | long=timeout(-2.37%) short=timeout(+2.17%) | scanned=22 | no_tp→fwd_return=-2.2747
  [label] 2024-05-30 08:00 BTCUSDT entry=68566.4000 → LONG | long=timeout(+3.94%) short=sl(-3.36%) | scanned=22 | no_tp→fwd_return=+4.0368
  [label] 2024-06-09 00:00 BTCUSDT entry=69331.9000 → SHORT | long=sl(-2.51%) short=tp(+4.72%) | scanned=17 | short_tp_only
  [label] 2024-09-03 08:00 BTCUSDT entry=57695.1000 → SHORT | long=sl(-4.02%) short=tp(+7.74%) | scanned=10 | short_tp_only
  Labels: 1190 long (54.8%), 981 short (45.2%) | weights: min=1.00, mean=3.41, max=10.00
  Features: 2171/2171 matched, 47 columns
  CV gap: 22 rows
  [ensemble 1/3] seed=42
    [trial 0] 47 features, training_days=480 | threshold=0.631 | labels: 1190 long, 981 short (55/45%)
    [CV fold 0] train_end=2023-01-23 08:00 | val_start=2023-01-31 00:00 | gap=184h (22 rows)
    [CV fold 1] train_end=2023-05-23 16:00 | val_start=2023-05-31 08:00 | gap=184h (22 rows)
    [CV fold 2] train_end=2023-09-21 00:00 | val_start=2023-09-28 16:00 | gap=184h (22 rows)
    [CV fold 3] train_end=2024-01-19 08:00 | val_start=2024-01-27 00:00 | gap=184h (22 rows)
    [CV fold 4] train_end=2024-05-18 16:00 | val_start=2024-05-26 08:00 | gap=184h (22 rows)
    [trial 0] Sharpe=0.0186 (folds: -0.0166, 0.0282, 0.0667, 0.1568, -0.1421)
    [trial 1] 47 features, training_days=420 | threshold=0.839 | labels: 1190 long, 981 short (55/45%)
    [trial 1] Sharpe=-1.7580 (folds: 0.0850, 0.4132, 0.4961, -10.0000, 0.2156)
    [trial 2] 47 features, training_days=190 | threshold=0.602 | labels: 1190 long, 981 short (55/45%)
    [trial 2] Sharpe=-0.0665 (folds: -0.0812, 0.0589, -0.0757, -0.0098, -0.2247)
    [trial 3] 47 features, training_days=490 | threshold=0.832 | labels: 1190 long, 981 short (55/45%)
    [trial 3] Sharpe=0.0383 (folds: -0.0232, 0.0537, 0.1111, 0.1276, -0.0776)
    [trial 4] 47 features, training_days=340 | threshold=0.591 | labels: 1190 long, 981 short (55/45%)
    [trial 4] Sharpe=0.0749 (folds: -0.0005, 0.1231, 0.1024, 0.2584, -0.1092)
    [trial 5] 47 features, training_days=50 | threshold=0.823 | labels: 1190 long, 981 short (55/45%)
    [trial 5] Sharpe=-0.0648 (folds: 0.0869, -0.1837, -0.3164, 0.0748, 0.0143)
    [trial 6] 47 features, training_days=410 | threshold=0.549 | labels: 1190 long, 981 short (55/45%)
    [trial 6] Sharpe=0.0101 (folds: -0.0445, -0.0428, 0.0350, 0.1870, -0.0841)
    [trial 7] 47 features, training_days=180 | threshold=0.526 | labels: 1190 long, 981 short (55/45%)
    [trial 7] Sharpe=-0.0704 (folds: 0.0305, -0.0656, -0.0696, -0.0650, -0.1822)
    [trial 8] 47 features, training_days=240 | threshold=0.811 | labels: 1190 long, 981 short (55/45%)
    [trial 8] Sharpe=-0.0023 (folds: -0.1230, 0.1531, 0.1293, 0.0030, -0.1737)
    [trial 9] 47 features, training_days=20 | threshold=0.538 | labels: 1190 long, 981 short (55/45%)
    [trial 9] Sharpe=-2.0294 (folds: 0.1128, -0.2100, -10.0000, -0.1077, 0.0581)
    [trial 10] 47 features, training_days=350 | threshold=0.680 | labels: 1190 long, 981 short (55/45%)
    [trial 10] Sharpe=0.0780 (folds: 0.0034, 0.1438, 0.1177, 0.2689, -0.1438)
    [trial 11] 47 features, training_days=330 | threshold=0.716 | labels: 1190 long, 981 short (55/45%)
    [trial 11] Sharpe=0.0601 (folds: -0.1230, 0.2233, 0.2612, 0.0059, -0.0669)
    [trial 12] 47 features, training_days=330 | threshold=0.713 | labels: 1190 long, 981 short (55/45%)
    [trial 12] Sharpe=0.1187 (folds: 0.0210, 0.2833, 0.2248, 0.1562, -0.0917)
    [trial 13] 47 features, training_days=320 | threshold=0.715 | labels: 1190 long, 981 short (55/45%)
    [trial 13] Sharpe=0.0511 (folds: 0.0868, 0.0193, 0.0624, 0.2150, -0.1282)
    [trial 14] 47 features, training_days=270 | threshold=0.747 | labels: 1190 long, 981 short (55/45%)
    [trial 14] Sharpe=0.0959 (folds: -0.0108, 0.3583, 0.2435, 0.0031, -0.1148)
    [trial 15] 47 features, training_days=130 | threshold=0.763 | labels: 1190 long, 981 short (55/45%)
    [trial 15] Sharpe=0.0436 (folds: -0.0148, 0.1940, 0.0755, 0.0573, -0.0939)
    [trial 16] 47 features, training_days=260 | threshold=0.761 | labels: 1190 long, 981 short (55/45%)
    [trial 16] Sharpe=0.0037 (folds: -0.0315, 0.0731, 0.2471, -0.0273, -0.2431)
    [trial 17] 47 features, training_days=280 | threshold=0.761 | labels: 1190 long, 981 short (55/45%)
    [trial 17] Sharpe=0.0795 (folds: 0.0191, 0.3776, 0.1603, 0.0086, -0.1681)
  Optuna: 18 trials, best Sharpe = 0.1187
  Best params: n_estimators=493, max_depth=4, lr=0.0104, leaves=63
  Best confidence_threshold: 0.713
  Best training_days: 330
  Retrained on full data (990 samples, 47 features)
  [ensemble 2/3] seed=123
    [trial 0] 47 features, training_days=150 | threshold=0.744 | labels: 1190 long, 981 short (55/45%)
    [CV fold 0] train_end=2023-01-23 08:00 | val_start=2023-01-31 00:00 | gap=184h (22 rows)
    [CV fold 1] train_end=2023-05-23 16:00 | val_start=2023-05-31 08:00 | gap=184h (22 rows)
    [CV fold 2] train_end=2023-09-21 00:00 | val_start=2023-09-28 16:00 | gap=184h (22 rows)
    [CV fold 3] train_end=2024-01-19 08:00 | val_start=2024-01-27 00:00 | gap=184h (22 rows)
    [CV fold 4] train_end=2024-05-18 16:00 | val_start=2024-05-26 08:00 | gap=184h (22 rows)
    [trial 0] Sharpe=-0.0126 (folds: -0.0224, 0.0756, -0.1410, 0.1548, -0.1299)
    [trial 1] 47 features, training_days=220 | threshold=0.755 | labels: 1190 long, 981 short (55/45%)
    [trial 1] Sharpe=0.0557 (folds: -0.8989, 0.3766, 0.2788, 0.3931, 0.1289)
    [trial 2] 47 features, training_days=310 | threshold=0.754 | labels: 1190 long, 981 short (55/45%)
    [trial 2] Sharpe=0.1068 (folds: 0.2359, 0.0822, 0.1708, 0.0962, -0.0511)
    [trial 3] 47 features, training_days=220 | threshold=0.673 | labels: 1190 long, 981 short (55/45%)
    [trial 3] Sharpe=-0.0303 (folds: 0.0604, -0.0354, 0.0695, -0.0179, -0.2282)
    [trial 4] 47 features, training_days=130 | threshold=0.803 | labels: 1190 long, 981 short (55/45%)
    [trial 4] Sharpe=0.0270 (folds: -0.0131, 0.2615, -0.0391, 0.0177, -0.0918)
    [trial 5] 47 features, training_days=210 | threshold=0.606 | labels: 1190 long, 981 short (55/45%)
    [trial 5] Sharpe=-0.0461 (folds: -0.0777, 0.0833, 0.0200, 0.0067, -0.2630)
    [trial 6] 47 features, training_days=130 | threshold=0.767 | labels: 1190 long, 981 short (55/45%)
    [trial 6] Sharpe=0.0416 (folds: 0.1471, 0.0766, -0.0141, 0.0845, -0.0862)
    [trial 7] 47 features, training_days=80 | threshold=0.556 | labels: 1190 long, 981 short (55/45%)
    [trial 7] Sharpe=-0.0685 (folds: 0.0021, -0.0897, -0.1896, -0.0070, -0.0583)
    [trial 8] 47 features, training_days=200 | threshold=0.607 | labels: 1190 long, 981 short (55/45%)
    [trial 8] Sharpe=-0.0353 (folds: 0.0493, -0.0043, 0.0009, 0.0388, -0.2613)
    [trial 9] 47 features, training_days=260 | threshold=0.620 | labels: 1190 long, 981 short (55/45%)
    [trial 9] Sharpe=-0.0260 (folds: -0.0477, 0.0591, 0.0847, -0.0058, -0.2202)
    [trial 10] 47 features, training_days=420 | threshold=0.845 | labels: 1190 long, 981 short (55/45%)
    [trial 10] Sharpe=0.3017 (folds: 0.1082, 0.3749, 0.5380, 0.3414, 0.1461)
    [trial 11] 47 features, training_days=430 | threshold=0.837 | labels: 1190 long, 981 short (55/45%)
    [trial 11] Sharpe=0.2625 (folds: -0.0399, 0.3661, 0.5320, 0.2740, 0.1804)
    [trial 12] 47 features, training_days=480 | threshold=0.831 | labels: 1190 long, 981 short (55/45%)
    [trial 12] Sharpe=-1.7738 (folds: 0.0602, 0.4308, 0.4932, -10.0000, 0.1470)
    [trial 13] 47 features, training_days=440 | threshold=0.832 | labels: 1190 long, 981 short (55/45%)
    [trial 13] Sharpe=-1.7837 (folds: 0.0257, 0.3679, 0.5315, -10.0000, 0.1566)
    [trial 14] 47 features, training_days=380 | threshold=0.697 | labels: 1190 long, 981 short (55/45%)
    [trial 14] Sharpe=0.0726 (folds: 0.0607, 0.0709, 0.0478, 0.2594, -0.0760)
    [trial 15] 47 features, training_days=380 | threshold=0.845 | labels: 1190 long, 981 short (55/45%)
    [trial 15] Sharpe=0.1399 (folds: 0.0887, 0.2906, 0.1578, 0.2105, -0.0479)
    [trial 16] 47 features, training_days=500 | threshold=0.794 | labels: 1190 long, 981 short (55/45%)[I 2026-06-01 15:01:20,011] Trial 16 finished with value: -1.855982909063345 and parameters: {'confidence_threshold': 0.7941483518384257, 'training_days': 500, 'n_estimators': 279, 'max_depth': 3, 'num_leaves': 25, 'learning_rate': 0.0142468201984381, 'subsample': 0.6697434700565401, 'colsample_bytree': 0.6982877056862742, 'min_child_samples': 53, 'reg_alpha': 4.4694403302430627e-07, 'reg_lambda': 0.0019821772168074165}. Best is trial 10 with value: 0.30171927303281115.
[I 2026-06-01 15:01:20,290] Trial 17 finished with value: 0.015259145757576887 and parameters: {'confidence_threshold': 0.5004748807695347, 'training_days': 380, 'n_estimators': 433, 'max_depth': 3, 'num_leaves': 36, 'learning_rate': 0.02985024780159564, 'subsample': 0.5573561929325529, 'colsample_bytree': 0.5573432434060188, 'min_child_samples': 37, 'reg_alpha': 7.741004120748901e-08, 'reg_lambda': 0.23012817067313873}. Best is trial 10 with value: 0.30171927303281115.
[I 2026-06-01 15:01:20,743] A new study created in memory with name: no-name-21c5e1bc-39c9-4361-a23c-ca7ea6ead776
[I 2026-06-01 15:01:20,946] Trial 0 finished with value: -0.05093613677820561 and parameters: {'confidence_threshold': 0.5870645682749857, 'training_days': 90, 'n_estimators': 403, 'max_depth': 5, 'num_leaves': 45, 'learning_rate': 0.0780457193679974, 'subsample': 0.9428509515574568, 'colsample_bytree': 0.8795587339164916, 'min_child_samples': 34, 'reg_alpha': 2.2465901234314442e-07, 'reg_lambda': 8.339007036475363e-05}. Best is trial 0 with value: -0.05093613677820561.
[I 2026-06-01 15:01:21,059] Trial 1 finished with value: -0.017376491990754323 and parameters: {'confidence_threshold': 0.6348453934275313, 'training_days': 290, 'n_estimators': 115, 'max_depth': 5, 'num_leaves': 37, 'learning_rate': 0.06949568759029946, 'subsample': 0.8228505074024268, 'colsample_bytree': 0.8616703220431751, 'min_child_samples': 75, 'reg_alpha': 4.2486822725010923e-07, 'reg_lambda': 1.157247767047042e-07}. Best is trial 1 with value: -0.017376491990754323.
[I 2026-06-01 15:01:21,078] Trial 2 finished with value: -0.10266984622111637 and parameters: {'confidence_threshold': 0.5849570384370288, 'training_days': 10, 'n_estimators': 212, 'max_depth': 3, 'num_leaves': 41, 'learning_rate': 0.18452095998378365, 'subsample': 0.6001060822924371, 'colsample_bytree': 0.5673167293506167, 'min_child_samples': 37, 'reg_alpha': 5.733250064217131, 'reg_lambda': 0.5308454292595461}. Best is trial 1 with value: -0.017376491990754323.
[I 2026-06-01 15:01:21,155] Trial 3 finished with value: 0.05440152476307878 and parameters: {'confidence_threshold': 0.6868248626683718, 'training_days': 220, 'n_estimators': 134, 'max_depth': 3, 'num_leaves': 45, 'learning_rate': 0.033529007907491595, 'subsample': 0.8647277071858408, 'colsample_bytree': 0.778494116634046, 'min_child_samples': 96, 'reg_alpha': 2.409409937265785e-07, 'reg_lambda': 1.1642073478060009}. Best is trial 3 with value: 0.05440152476307878.
[I 2026-06-01 15:01:21,235] Trial 4 finished with value: 0.057534263696482804 and parameters: {'confidence_threshold': 0.5623121348350352, 'training_days': 300, 'n_estimators': 69, 'max_depth': 4, 'num_leaves': 32, 'learning_rate': 0.14967629360700346, 'subsample': 0.5054535233636654, 'colsample_bytree': 0.7401385194659216, 'min_child_samples': 27, 'reg_alpha': 1.4212042567426725e-07, 'reg_lambda': 0.23605753701352003}. Best is trial 4 with value: 0.057534263696482804.
[I 2026-06-01 15:01:21,664] Trial 5 finished with value: 0.00949737142117088 and parameters: {'confidence_threshold': 0.7111850244908446, 'training_days': 490, 'n_estimators': 362, 'max_depth': 5, 'num_leaves': 40, 'learning_rate': 0.05960785724162737, 'subsample': 0.5589714368907717, 'colsample_bytree': 0.6659006943232806, 'min_child_samples': 42, 'reg_alpha': 0.6741360303045295, 'reg_lambda': 6.054601607143087e-08}. Best is trial 4 with value: 0.057534263696482804.
[I 2026-06-01 15:01:21,843] Trial 6 finished with value: 0.024613105914649124 and parameters: {'confidence_threshold': 0.667482545748023, 'training_days': 420, 'n_estimators': 279, 'max_depth': 3, 'num_leaves': 45, 'learning_rate': 0.040099592560849204, 'subsample': 0.8563114696415159, 'colsample_bytree': 0.5442917781944105, 'min_child_samples': 50, 'reg_alpha': 1.6407916423707903e-08, 'reg_lambda': 2.935907642973286e-05}. Best is trial 4 with value: 0.057534263696482804.
[I 2026-06-01 15:01:21,996] Trial 7 finished with value: 0.024280173583988516 and parameters: {'confidence_threshold': 0.5497381024139926, 'training_days': 120, 'n_estimators': 408, 'max_depth': 5, 'num_leaves': 38, 'learning_rate': 0.28049122657745795, 'subsample': 0.8806573338635493, 'colsample_bytree': 0.5454054113547102, 'min_child_samples': 63, 'reg_alpha': 0.01263008637940408, 'reg_lambda': 0.04588020805366937}. Best is trial 4 with value: 0.057534263696482804.
[I 2026-06-01 15:01:22,266] Trial 8 finished with value: 0.05172627693454261 and parameters: {'confidence_threshold': 0.719644804808716, 'training_days': 450, 'n_estimators': 410, 'max_depth': 4, 'num_leaves': 57, 'learning_rate': 0.04022026551478857, 'subsample': 0.5336085426932707, 'colsample_bytree': 0.5705742850577543, 'min_child_samples': 100, 'reg_alpha': 5.916398047912201e-07, 'reg_lambda': 0.9794034214488329}. Best is trial 4 with value: 0.057534263696482804.
[I 2026-06-01 15:01:22,293] Trial 9 finished with value: -2.0293732440407326 and parameters: {'confidence_threshold': 0.7267463643917187, 'training_days': 20, 'n_estimators': 337, 'max_depth': 5, 'num_leaves': 23, 'learning_rate': 0.022153031811454605, 'subsample': 0.6305627572358737, 'colsample_bytree': 0.6613413774216214, 'min_child_samples': 81, 'reg_alpha': 5.7638634029410314e-08, 'reg_lambda': 8.26603016764008}. Best is trial 4 with value: 0.057534263696482804.
[I 2026-06-01 15:01:22,384] Trial 10 finished with value: 0.1331789726860965 and parameters: {'confidence_threshold': 0.8398533911817929, 'training_days': 320, 'n_estimators': 52, 'max_depth': 4, 'num_leaves': 15, 'learning_rate': 0.1708019296390162, 'subsample': 0.7130289643560688, 'colsample_bytree': 0.9944479338273263, 'min_child_samples': 23, 'reg_alpha': 6.837313901272251e-05, 'reg_lambda': 0.007549769720510555}. Best is trial 10 with value: 0.1331789726860965.
[I 2026-06-01 15:01:22,478] Trial 11 finished with value: 0.12165623807262475 and parameters: {'confidence_threshold': 0.8491135887906174, 'training_days': 330, 'n_estimators': 53, 'max_depth': 4, 'num_leaves': 15, 'learning_rate': 0.1479896125735391, 'subsample': 0.7103077871754093, 'colsample_bytree': 0.9628722124262472, 'min_child_samples': 20, 'reg_alpha': 7.819782027405133e-05, 'reg_lambda': 0.00647465266809438}. Best is trial 10 with value: 0.1331789726860965.
[I 2026-06-01 15:01:22,568] Trial 12 finished with value: 0.14570129419345565 and parameters: {'confidence_threshold': 0.844172879916663, 'training_days': 370, 'n_estimators': 52, 'max_depth': 4, 'num_leaves': 15, 'learning_rate': 0.12411615325331521, 'subsample': 0.7072124104987625, 'colsample_bytree': 0.9826583982594713, 'min_child_samples': 20, 'reg_alpha': 5.113460481149383e-05, 'reg_lambda': 0.005637130011581851}. Best is trial 12 with value: 0.14570129419345565.
[I 2026-06-01 15:01:22,784] Trial 13 finished with value: 0.08318633398039103 and parameters: {'confidence_threshold': 0.8491534248394463, 'training_days': 380, 'n_estimators': 174, 'max_depth': 4, 'num_leaves': 15, 'learning_rate': 0.10920086235461798, 'subsample': 0.7257269963088325, 'colsample_bytree': 0.977673677256957, 'min_child_samples': 23, 'reg_alpha': 5.900837329147622e-05, 'reg_lambda': 0.002384568638127834}. Best is trial 12 with value: 0.14570129419345565.
[I 2026-06-01 15:01:23,074] Trial 14 finished with value: -0.02576716349901248 and parameters: {'confidence_threshold': 0.7924862059426789, 'training_days': 210, 'n_estimators': 500, 'max_depth': 4, 'num_leaves': 24, 'learning_rate': 0.2779816747607585, 'subsample': 0.6776505255398512, 'colsample_bytree': 0.9007048146894701, 'min_child_samples': 54, 'reg_alpha': 0.0019056569144804095, 'reg_lambda': 5.1345282937911e-06}. Best is trial 12 with value: 0.14570129419345565.
[I 2026-06-01 15:01:23,348] Trial 15 finished with value: 0.18455296463885382 and parameters: {'confidence_threshold': 0.7829525506318393, 'training_days': 390, 'n_estimators': 224, 'max_depth': 4, 'num_leaves': 23, 'learning_rate': 0.010200950277852842, 'subsample': 0.7887521136050357, 'colsample_bytree': 0.9934286300532085, 'min_child_samples': 30, 'reg_alpha': 1.0347887266434179e-05, 'reg_lambda': 0.0013467843257158065}. Best is trial 15 with value: 0.18455296463885382.
[I 2026-06-01 15:01:23,599] Trial 16 finished with value: 0.23379600449887644 and parameters: {'confidence_threshold': 0.7809712285122007, 'training_days': 380, 'n_estimators': 239, 'max_depth': 4, 'num_leaves': 27, 'learning_rate': 0.010462200069544462, 'subsample': 0.7889168241081518, 'colsample_bytree': 0.9213491523841879, 'min_child_samples': 45, 'reg_alpha': 8.769868667672289e-06, 'reg_lambda': 0.0005347883188870483}. Best is trial 16 with value: 0.23379600449887644.
