[I 2026-06-01 14:56:40,862] Trial 17 finished with value: -0.012155161235691237 and parameters: {'confidence_threshold': 0.7797894093112847, 'training_days': 230, 'n_estimators': 261, 'max_depth': 3, 'num_leaves': 29, 'learning_rate': 0.025337144482112356, 'subsample': 0.9753520458133643, 'colsample_bytree': 0.9421619116660533, 'min_child_samples': 54, 'reg_alpha': 0.008896971601743164, 'reg_lambda': 0.004572556056933949}. Best is trial 11 with value: 0.0755231962884043.

  Optuna: 18 trials, best Sharpe = 0.0699
  Best params: n_estimators=498, max_depth=5, lr=0.1121, leaves=28
  Best confidence_threshold: 0.660
  Best training_days: 360
  Retrained on full data (1080 samples, 47 features)
  [ensemble 3/3] seed=456
    [trial 0] 47 features, training_days=90 | threshold=0.587 | labels: 1174 long, 994 short (54/46%)
    [CV fold 0] train_end=2020-10-22 08:00 | val_start=2020-10-30 00:00 | gap=184h (22 rows)
    [CV fold 1] train_end=2021-02-19 16:00 | val_start=2021-02-27 08:00 | gap=184h (22 rows)
    [CV fold 2] train_end=2021-06-20 00:00 | val_start=2021-06-27 16:00 | gap=184h (22 rows)
    [CV fold 3] train_end=2021-10-18 08:00 | val_start=2021-10-26 00:00 | gap=184h (22 rows)
    [CV fold 4] train_end=2022-02-15 16:00 | val_start=2022-02-23 08:00 | gap=184h (22 rows)
    [trial 0] Sharpe=-0.0526 (folds: 0.1514, -0.2402, -0.1417, -0.0741, 0.0416)
    [trial 1] 47 features, training_days=290 | threshold=0.635 | labels: 1174 long, 994 short (54/46%)
    [trial 1] Sharpe=0.0502 (folds: 0.1875, -0.2121, 0.3679, -0.0543, -0.0382)
    [trial 2] 47 features, training_days=10 | threshold=0.585 | labels: 1174 long, 994 short (54/46%)
    [trial 2] Sharpe=-0.1905 (folds: -0.3330, -0.1077, -0.3747, -0.2574, 0.1202)
    [trial 3] 47 features, training_days=220 | threshold=0.687 | labels: 1174 long, 994 short (54/46%)
    [trial 3] Sharpe=0.0417 (folds: 0.2142, -0.1258, 0.4059, -0.1718, -0.1140)
    [trial 4] 47 features, training_days=300 | threshold=0.562 | labels: 1174 long, 994 short (54/46%)
    [trial 4] Sharpe=0.0024 (folds: 0.1505, -0.2115, 0.2872, -0.0843, -0.1300)
    [trial 5] 47 features, training_days=490 | threshold=0.711 | labels: 1174 long, 994 short (54/46%)
    [trial 5] Sharpe=-0.0112 (folds: 0.1318, -0.2135, 0.3782, -0.1634, -0.1889)
    [trial 6] 47 features, training_days=420 | threshold=0.667 | labels: 1174 long, 994 short (54/46%)
    [trial 6] Sharpe=0.0361 (folds: 0.1632, -0.2016, 0.3839, -0.0076, -0.1573)
    [trial 7] 47 features, training_days=120 | threshold=0.550 | labels: 1174 long, 994 short (54/46%)
    [trial 7] Sharpe=-0.0410 (folds: 0.2170, -0.0765, -0.2992, -0.0315, -0.0150)
    [trial 8] 47 features, training_days=450 | threshold=0.720 | labels: 1174 long, 994 short (54/46%)
    [trial 8] Sharpe=0.0013 (folds: 0.2043, -0.2333, 0.4450, -0.1459, -0.2636)
    [trial 9] 47 features, training_days=20 | threshold=0.727 | labels: 1174 long, 994 short (54/46%)
    [trial 9] Sharpe=-3.9860 (folds: 0.4351, -0.1077, -10.0000, -0.2574, -10.0000)
    [trial 10] 47 features, training_days=320 | threshold=0.840 | labels: 1174 long, 994 short (54/46%)
    [trial 10] Sharpe=0.0326 (folds: 0.6170, -0.0702, 0.3938, -0.4778, -0.2997)
    [trial 11] 47 features, training_days=210 | threshold=0.644 | labels: 1174 long, 994 short (54/46%)
    [trial 11] Sharpe=0.0755 (folds: 0.1797, -0.1315, 0.4422, -0.0424, -0.0703)
    [trial 12] 47 features, training_days=220 | threshold=0.631 | labels: 1174 long, 994 short (54/46%)
    [trial 12] Sharpe=0.0106 (folds: 0.1360, -0.0986, 0.3273, -0.2171, -0.0947)
    [trial 13] 47 features, training_days=350 | threshold=0.504 | labels: 1174 long, 994 short (54/46%)
    [trial 13] Sharpe=0.0247 (folds: 0.1355, -0.2094, 0.2541, -0.0689, 0.0121)
    [trial 14] 47 features, training_days=170 | threshold=0.772 | labels: 1174 long, 994 short (54/46%)
    [trial 14] Sharpe=0.0574 (folds: 0.2989, -0.0761, 0.1154, 0.0455, -0.0968)
    [trial 15] 47 features, training_days=150 | threshold=0.783 | labels: 1174 long, 994 short (54/46%)
    [trial 15] Sharpe=0.0297 (folds: 0.2656, -0.0682, 0.0457, 0.0079, -0.1027)
    [trial 16] 47 features, training_days=170 | threshold=0.781 | labels: 1174 long, 994 short (54/46%)
    [trial 16] Sharpe=0.0541 (folds: 0.2824, -0.0686, 0.1011, 0.0413, -0.0858)
    [trial 17] 47 features, training_days=230 | threshold=0.780 | labels: 1174 long, 994 short (54/46%)
    [trial 17] Sharpe=-0.0122 (folds: 0.0933, -0.1027, 0.3654, -0.1810, -0.2358)
  Optuna: 18 trials, best Sharpe = 0.0755
  Best params: n_estimators=53, max_depth=3, lr=0.0955, leaves=54
  Best confidence_threshold: 0.644
  Best training_days: 210
  Retrained on full data (630 samples, 47 features)
  OOD: 16 features, cutoff (q=0.7) = 9.12
  Model trained for 2022-07: 93 test candles with features, confidence_threshold=0.673
[predict] 2022-07-01 00:00 BTCUSDT → LONG (proba=0.74 TP=14.6%/SL=7.3%)
[trade:open] 2022-07-01 07:59 BTCUSDT LONG @ 19566.10 | SL=18137.49 TP=22423.31 | timeout=2022-07-08 07:59
[trade:close] 2022-07-08 07:59 BTCUSDT LONG → take_profit @ 22423.31 | PnL=+14.60% (net +14.50%) | cum=+4.78% 2022-07=+14.50% 2022-07-08=+14.50%
[predict] 2022-07-09 00:00 BTCUSDT → SHORT (proba=0.70 TP=10.9%/SL=5.4%)
[trade:open] 2022-07-09 07:59 BTCUSDT SHORT @ 21644.70 | SL=22820.80 TP=19292.50 | timeout=2022-07-16 07:59
[trade:close] 2022-07-12 23:59 BTCUSDT SHORT → take_profit @ 19292.50 | PnL=+10.87% (net +10.77%) | cum=+15.55% 2022-07=+25.27% 2022-07-12=+10.77%
[predict] 2022-07-13 16:00 BTCUSDT → SHORT (proba=0.69 TP=12.4%/SL=6.2%)
[trade:open] 2022-07-13 23:59 BTCUSDT SHORT @ 20220.10 | SL=21471.79 TP=17716.72 | timeout=2022-07-20 23:59
[trade:close] 2022-07-16 23:59 BTCUSDT SHORT → stop_loss @ 21471.79 | PnL=-6.19% (net -6.29%) | cum=+9.26% 2022-07=+18.98% 2022-07-16=-6.29%
[predict] 2022-07-18 08:00 BTCUSDT → SHORT (proba=0.75 TP=11.1%/SL=5.6%)
[trade:open] 2022-07-18 15:59 BTCUSDT SHORT @ 22674.20 | SL=23937.04 TP=20148.53 | timeout=2022-07-25 15:59
[trade:close] 2022-07-20 15:59 BTCUSDT SHORT → stop_loss @ 23937.04 | PnL=-5.57% (net -5.67%) | cum=+3.59% 2022-07=+13.31% 2022-07-20=-5.67%
[predict] 2022-07-21 16:00 BTCUSDT → SHORT (proba=0.77 TP=13.4%/SL=6.7%)
[trade:open] 2022-07-21 23:59 BTCUSDT SHORT @ 23144.50 | SL=24693.58 TP=20046.35 | timeout=2022-07-28 23:59
[trade:close] 2022-07-29 00:00 BTCUSDT SHORT → timeout @ 23836.20 | PnL=-2.99% (net -3.09%) | cum=+0.50% 2022-07=+10.22% 2022-07-29=-3.09%
[predict] 2022-07-30 08:00 BTCUSDT → SHORT (proba=0.68 TP=10.6%/SL=5.3%)
[trade:open] 2022-07-30 15:59 BTCUSDT SHORT @ 24522.80 | SL=25823.09 TP=21922.21 | timeout=2022-08-06 15:59
[lgbm] === Training for 2022-08 ===
  Train window: 2020-08-01 → 2022-07-24
  2168 training samples from 1 symbols
  Samples per month: 2020-08: 93, 2020-09: 90, 2020-10: 93, 2020-11: 90, 2020-12: 93, 2021-01: 93, 2021-02: 84, 2021-03: 93, 2021-04: 90, 2021-05: 93, 2021-06: 90, 2021-07: 93, 2021-08: 93, 2021-09: 90, 2021-10: 93, 2021-11: 90, 2021-12: 93, 2022-01: 93, 2022-02: 84, 2022-03: 93, 2022-04: 90, 2022-05: 93, 2022-06: 90, 2022-07: 71
  [label] 2020-10-01 16:00 BTCUSDT entry=10612.6300 → LONG | long=timeout(+2.79%) short=sl(-2.93%) | scanned=22 | no_tp→fwd_return=+2.8911
  [label] 2020-10-03 16:00 BTCUSDT entry=10537.9600 → LONG | long=tp(+5.00%) short=sl(-2.65%) | scanned=17 | long_tp_only
  [label] 2020-10-07 16:00 BTCUSDT entry=10658.7500 → LONG | long=tp(+4.08%) short=sl(-2.19%) | scanned=5 | long_tp_only
  [label] 2020-11-01 08:00 BTCUSDT entry=13790.7700 → LONG | long=sl(-4.40%) short=sl(-4.40%) | scanned=11 | no_tp→fwd_return=+4.9231
  [label] 2020-12-23 16:00 BTCUSDT entry=23238.2700 → LONG | long=tp(+14.15%) short=sl(-7.23%) | scanned=9 | long_tp_only
  [label] 2021-06-07 16:00 BTCUSDT entry=33550.9600 → LONG | long=tp(+16.59%) short=sl(-8.44%) | scanned=18 | long_tp_only
  [label] 2021-06-11 16:00 BTCUSDT entry=37300.4200 → SHORT | long=timeout(-4.09%) short=sl(-7.88%) | scanned=22 | no_tp→fwd_return=-3.9919
  [label] 2021-06-22 08:00 BTCUSDT entry=31635.7200 → LONG | long=timeout(+14.47%) short=sl(-10.74%) | scanned=22 | no_tp→fwd_return=+14.5695
  [label] 2021-08-06 08:00 BTCUSDT entry=42213.5200 → LONG | long=timeout(+9.75%) short=sl(-6.69%) | scanned=22 | no_tp→fwd_return=+9.8492
  [label] 2021-08-14 16:00 BTCUSDT entry=47083.7400 → LONG | long=sl(-5.32%) short=sl(-5.32%) | scanned=21 | no_tp→fwd_return=+3.7477
  [label] 2021-11-13 00:00 BTCUSDT entry=64079.9900 → SHORT | long=sl(-5.04%) short=tp(+9.77%) | scanned=16 | short_tp_only
  [label] 2021-12-15 00:00 BTCUSDT entry=48200.0000 → LONG | long=timeout(+1.92%) short=timeout(-2.12%) | scanned=22 | no_tp→fwd_return=+2.0244[I 2026-06-01 14:56:41,229] A new study created in memory with name: no-name-021b5962-be68-4f06-aec9-c99af2d32209
[I 2026-06-01 14:56:41,555] Trial 0 finished with value: 0.0656047037943894 and parameters: {'confidence_threshold': 0.6310890415965769, 'training_days': 480, 'n_estimators': 380, 'max_depth': 4, 'num_leaves': 22, 'learning_rate': 0.01699897838270077, 'subsample': 0.5290418060840998, 'colsample_bytree': 0.9330880728874675, 'min_child_samples': 68, 'reg_alpha': 0.023585940584142682, 'reg_lambda': 1.5320059381854043e-08}. Best is trial 0 with value: 0.0656047037943894.
[I 2026-06-01 14:56:41,673] Trial 1 finished with value: -0.04260230231923343 and parameters: {'confidence_threshold': 0.839468448256698, 'training_days': 420, 'n_estimators': 145, 'max_depth': 3, 'num_leaves': 23, 'learning_rate': 0.028145092716060652, 'subsample': 0.762378215816119, 'colsample_bytree': 0.7159725093210578, 'min_child_samples': 43, 'reg_alpha': 0.0032112643094417484, 'reg_lambda': 1.8007140198129195e-07}. Best is trial 0 with value: 0.0656047037943894.
[I 2026-06-01 14:56:41,820] Trial 2 finished with value: 0.057029568587853886 and parameters: {'confidence_threshold': 0.6022506269873263, 'training_days': 190, 'n_estimators': 255, 'max_depth': 5, 'num_leaves': 24, 'learning_rate': 0.05748924681991978, 'subsample': 0.7962072844310213, 'colsample_bytree': 0.5232252063599989, 'min_child_samples': 69, 'reg_alpha': 3.425445902633376e-07, 'reg_lambda': 3.850031979199519e-08}. Best is trial 0 with value: 0.0656047037943894.
[I 2026-06-01 14:56:42,081] Trial 3 finished with value: 0.07907933274118885 and parameters: {'confidence_threshold': 0.8321099380386666, 'training_days': 490, 'n_estimators': 414, 'max_depth': 3, 'num_leaves': 19, 'learning_rate': 0.1024932221692416, 'subsample': 0.7200762468698007, 'colsample_bytree': 0.5610191174223894, 'min_child_samples': 60, 'reg_alpha': 2.039373116525212e-08, 'reg_lambda': 1.527156759251193}. Best is trial 3 with value: 0.07907933274118885.
[I 2026-06-01 14:56:42,223] Trial 4 finished with value: 0.05970119704825465 and parameters: {'confidence_threshold': 0.5905729935600059, 'training_days': 340, 'n_estimators': 190, 'max_depth': 4, 'num_leaves': 41, 'learning_rate': 0.01875220945578641, 'subsample': 0.9847923138822793, 'colsample_bytree': 0.8875664116805573, 'min_child_samples': 96, 'reg_alpha': 1.1309571585271483, 'reg_lambda': 0.002404915432737351}. Best is trial 3 with value: 0.07907933274118885.
[I 2026-06-01 14:56:42,260] Trial 5 finished with value: 0.016703094821458785 and parameters: {'confidence_threshold': 0.8226559822580909, 'training_days': 50, 'n_estimators': 138, 'max_depth': 3, 'num_leaves': 30, 'learning_rate': 0.03750796359625606, 'subsample': 0.6356745158869479, 'colsample_bytree': 0.9143687545759647, 'min_child_samples': 48, 'reg_alpha': 3.376063348877853e-06, 'reg_lambda': 0.0007660634613082914}. Best is trial 3 with value: 0.07907933274118885.
[I 2026-06-01 14:56:42,360] Trial 6 finished with value: 0.06704067495580376 and parameters: {'confidence_threshold': 0.5493234787411669, 'training_days': 410, 'n_estimators': 83, 'max_depth': 5, 'num_leaves': 52, 'learning_rate': 0.019657448966046126, 'subsample': 0.5027610585618012, 'colsample_bytree': 0.9077307142274171, 'min_child_samples': 77, 'reg_alpha': 0.03639690979811287, 'reg_lambda': 0.08738424135626986}. Best is trial 3 with value: 0.07907933274118885.
[I 2026-06-01 14:56:42,458] Trial 7 finished with value: 0.06910313882246542 and parameters: {'confidence_threshold': 0.5259156281069316, 'training_days': 180, 'n_estimators': 102, 'max_depth': 5, 'num_leaves': 45, 'learning_rate': 0.030816017044468066, 'subsample': 0.5317791751430119, 'colsample_bytree': 0.6554911608578311, 'min_child_samples': 46, 'reg_alpha': 0.036851536911881845, 'reg_lambda': 0.005470376807480391}. Best is trial 3 with value: 0.07907933274118885.
[I 2026-06-01 14:56:42,559] Trial 8 finished with value: 0.10688971010339668 and parameters: {'confidence_threshold': 0.8105244599017143, 'training_days': 240, 'n_estimators': 103, 'max_depth': 5, 'num_leaves': 52, 'learning_rate': 0.06746437142284309, 'subsample': 0.8854835899772805, 'colsample_bytree': 0.7468977981821954, 'min_child_samples': 62, 'reg_alpha': 7.04480806377519e-05, 'reg_lambda': 1.6934490731313353e-08}. Best is trial 8 with value: 0.10688971010339668.
[I 2026-06-01 14:56:42,582] Trial 9 finished with value: 0.010138483276854137 and parameters: {'confidence_threshold': 0.5377619994476566, 'training_days': 20, 'n_estimators': 337, 'max_depth': 3, 'num_leaves': 39, 'learning_rate': 0.21907142272152816, 'subsample': 0.6246461145744375, 'colsample_bytree': 0.7051914615178149, 'min_child_samples': 81, 'reg_alpha': 1.1459970229341322e-06, 'reg_lambda': 4.929685216887945e-08}. Best is trial 8 with value: 0.10688971010339668.
[I 2026-06-01 14:56:43,110] Trial 10 finished with value: 0.12414532823425903 and parameters: {'confidence_threshold': 0.734042426776949, 'training_days': 280, 'n_estimators': 487, 'max_depth': 5, 'num_leaves': 62, 'learning_rate': 0.10432148521337849, 'subsample': 0.9416850669512905, 'colsample_bytree': 0.8120417635861826, 'min_child_samples': 27, 'reg_alpha': 7.238112263003475e-05, 'reg_lambda': 3.3639426888455256e-06}. Best is trial 10 with value: 0.12414532823425903.
[I 2026-06-01 14:56:43,661] Trial 11 finished with value: 0.09068527142058827 and parameters: {'confidence_threshold': 0.7421374894694948, 'training_days': 280, 'n_estimators': 461, 'max_depth': 5, 'num_leaves': 62, 'learning_rate': 0.10109116109881597, 'subsample': 0.9447271656461484, 'colsample_bytree': 0.8173450355221697, 'min_child_samples': 20, 'reg_alpha': 8.428275500049382e-05, 'reg_lambda': 7.868729181011707e-06}. Best is trial 10 with value: 0.12414532823425903.
[I 2026-06-01 14:56:44,036] Trial 12 finished with value: 0.11223765533619046 and parameters: {'confidence_threshold': 0.7456922347436593, 'training_days': 190, 'n_estimators': 493, 'max_depth': 4, 'num_leaves': 63, 'learning_rate': 0.09214174051661962, 'subsample': 0.8771157087275017, 'colsample_bytree': 0.7993699739305575, 'min_child_samples': 20, 'reg_alpha': 7.488969638352523e-05, 'reg_lambda': 4.902432120627228e-06}. Best is trial 10 with value: 0.12414532823425903.
[I 2026-06-01 14:56:44,209] Trial 13 finished with value: -0.008933835927914144 and parameters: {'confidence_threshold': 0.7173050851936843, 'training_days': 110, 'n_estimators': 500, 'max_depth': 4, 'num_leaves': 62, 'learning_rate': 0.22361544567965289, 'subsample': 0.8690491710631163, 'colsample_bytree': 0.8211352401198679, 'min_child_samples': 21, 'reg_alpha': 0.0006205742013682224, 'reg_lambda': 1.0174852371049091e-05}. Best is trial 10 with value: 0.12414532823425903.
[I 2026-06-01 14:56:44,518] Trial 14 finished with value: 0.11896911663834256 and parameters: {'confidence_threshold': 0.7534219751173105, 'training_days': 290, 'n_estimators': 311, 'max_depth': 4, 'num_leaves': 56, 'learning_rate': 0.12747809721718537, 'subsample': 0.8759296535887293, 'colsample_bytree': 0.9897127958863723, 'min_child_samples': 31, 'reg_alpha': 1.5179952289587111e-05, 'reg_lambda': 7.565770484313319e-06}. Best is trial 10 with value: 0.12414532823425903.
[I 2026-06-01 14:56:44,768] Trial 15 finished with value: 0.11095412105749883 and parameters: {'confidence_threshold': 0.6805818154477248, 'training_days': 320, 'n_estimators': 291, 'max_depth': 4, 'num_leaves': 54, 'learning_rate': 0.14058695742519775, 'subsample': 0.9949497670174594, 'colsample_bytree': 0.6290746674720268, 'min_child_samples': 34, 'reg_alpha': 3.427753880222563e-06, 'reg_lambda': 7.482879404932238e-05}. Best is trial 10 with value: 0.12414532823425903.
[I 2026-06-01 14:56:44,997] Trial 16 finished with value: 0.15075935757338768 and parameters: {'confidence_threshold': 0.7749754345994851, 'training_days': 350, 'n_estimators': 246, 'max_depth': 4, 'num_leaves': 56, 'learning_rate': 0.29473699996059677, 'subsample': 0.8092576194172386, 'colsample_bytree': 0.9826162589395974, 'min_child_samples': 33, 'reg_alpha': 2.44367267277551e-08, 'reg_lambda': 5.839212640242044e-07}. Best is trial 16 with value: 0.15075935757338768.
[I 2026-06-01 14:56:45,213] Trial 17 finished with value: 0.13127152829296565 and parameters: {'confidence_threshold': 0.789403558838043, 'training_days': 380, 'n_estimators': 218, 'max_depth': 4, 'num_leaves': 47, 'learning_rate': 0.28981752568669633, 'subsample': 0.8176326620387089, 'colsample_bytree': 0.9956385980717998, 'min_child_samples': 36, 'reg_alpha': 1.4516362157461756e-08, 'reg_lambda': 6.880925840516315e-07}. Best is trial 16 with value: 0.15075935757338768.
[I 2026-06-01 14:56:45,391] A new study created in memory with name: no-name-3955e222-4bc9-4377-9528-ec5f47bc7260
[I 2026-06-01 14:56:45,486] Trial 0 finished with value: 0.0068846275235209305 and parameters: {'confidence_threshold': 0.7437642149592516, 'training_days': 150, 'n_estimators': 152, 'max_depth': 4, 'num_leaves': 50, 'learning_rate': 0.04216766425047743, 'subsample': 0.9903820991923078, 'colsample_bytree': 0.8424148692924316, 'min_child_samples': 58, 'reg_alpha': 3.381097259762742e-05, 'reg_lambda': 1.2263152961306247e-05}. Best is trial 0 with value: 0.0068846275235209305.
[I 2026-06-01 14:56:45,557] Trial 1 finished with value: 0.04671461953924279 and parameters: {'confidence_threshold': 0.7551673975844145, 'training_days': 220, 'n_estimators': 76, 'max_depth': 4, 'num_leaves': 51, 'learning_rate': 0.018602118810743477, 'subsample': 0.5877258780737462, 'colsample_bytree': 0.7657756869209191, 'min_child_samples': 63, 'reg_alpha': 0.005123994170264194, 'reg_lambda': 0.44145470178120466}. Best is trial 1 with value: 0.04671461953924279.
[I 2026-06-01 14:56:45,810] Trial 2 finished with value: 0.0699930534592829 and parameters: {'confidence_threshold': 0.7535593637012223, 'training_days': 310, 'n_estimators': 375, 'max_depth': 3, 'num_leaves': 32, 'learning_rate': 0.021735641882032388, 'subsample': 0.6468570231944146, 'colsample_bytree': 0.8154880619272439, 'min_child_samples': 27, 'reg_alpha': 8.004064028491336e-05, 'reg_lambda': 7.546835261630524e-05}. Best is trial 2 with value: 0.0699930534592829.
[I 2026-06-01 14:56:45,972] Trial 3 finished with value: 0.14616641925416027 and parameters: {'confidence_threshold': 0.6727897841776072, 'training_days': 220, 'n_estimators': 190, 'max_depth': 4, 'num_leaves': 58, 'learning_rate': 0.24810689332636193, 'subsample': 0.7509183379421682, 'colsample_bytree': 0.8119764758960556, 'min_child_samples': 29, 'reg_alpha': 7.1708285081421445e-06, 'reg_lambda': 5.412973582738627e-05}. Best is trial 3 with value: 0.14616641925416027.
[I 2026-06-01 14:56:46,079] Trial 4 finished with value: 0.021113623517699378 and parameters: {'confidence_threshold': 0.803208205259178, 'training_days': 130, 'n_estimators': 267, 'max_depth': 5, 'num_leaves': 40, 'learning_rate': 0.08041175317374143, 'subsample': 0.5603143329951619, 'colsample_bytree': 0.9131704002534167, 'min_child_samples': 68, 'reg_alpha': 0.0008046593428183385, 'reg_lambda': 1.2158346158765583e-05}. Best is trial 3 with value: 0.14616641925416027.
[I 2026-06-01 14:56:46,289] Trial 5 finished with value: 0.0986242845528716 and parameters: {'confidence_threshold': 0.6064422761595144, 'training_days': 210, 'n_estimators': 357, 'max_depth': 5, 'num_leaves': 40, 'learning_rate': 0.0974221287220869, 'subsample': 0.7929682762811064, 'colsample_bytree': 0.8124517510478, 'min_child_samples': 74, 'reg_alpha': 0.3811377260781234, 'reg_lambda': 5.607314238392041e-08}. Best is trial 3 with value: 0.14616641925416027.
[I 2026-06-01 14:56:46,406] Trial 6 finished with value: 0.014768135612279496 and parameters: {'confidence_threshold': 0.7672889945051684, 'training_days': 130, 'n_estimators': 137, 'max_depth': 4, 'num_leaves': 19, 'learning_rate': 0.2031117614248665, 'subsample': 0.8136244860256343, 'colsample_bytree': 0.8617081790949774, 'min_child_samples': 21, 'reg_alpha': 0.002238138278733199, 'reg_lambda': 0.001025809534977322}. Best is trial 3 with value: 0.14616641925416027.
[I 2026-06-01 14:56:46,478] Trial 7 finished with value: 0.033938849933558536 and parameters: {'confidence_threshold': 0.555635875450653, 'training_days': 80, 'n_estimators': 363, 'max_depth': 3, 'num_leaves': 48, 'learning_rate': 0.06590089024008658, 'subsample': 0.6944752870615722, 'colsample_bytree': 0.962566244806993, 'min_child_samples': 88, 'reg_alpha': 1.6465620446426067e-05, 'reg_lambda': 2.4678750890085655e-08}. Best is trial 3 with value: 0.14616641925416027.
[I 2026-06-01 14:56:46,796] Trial 8 finished with value: 0.1295442625611191 and parameters: {'confidence_threshold': 0.6066688256938841, 'training_days': 200, 'n_estimators': 367, 'max_depth': 5, 'num_leaves': 32, 'learning_rate': 0.13377519215934996, 'subsample': 0.7965884582811106, 'colsample_bytree': 0.8458508993500886, 'min_child_samples': 32, 'reg_alpha': 3.889436043816386e-05, 'reg_lambda': 1.4713062489380356e-06}. Best is trial 3 with value: 0.14616641925416027.
