[I 2026-06-01 14:57:26,172] Trial 4 finished with value: -0.026185958558804533 and parameters: {'confidence_threshold': 0.803208205259178, 'training_days': 130, 'n_estimators': 267, 'max_depth': 5, 'num_leaves': 40, 'learning_rate': 0.08041175317374143, 'subsample': 0.5603143329951619, 'colsample_bytree': 0.9131704002534167, 'min_child_samples': 68, 'reg_alpha': 0.0008046593428183385, 'reg_lambda': 1.2158346158765583e-05}. Best is trial 3 with value: 0.02610998675643385.

  [label] 2021-02-02 16:00 BTCUSDT entry=35504.0600 → LONG | long=tp(+17.20%) short=sl(-8.75%) | scanned=17 | long_tp_only
  [label] 2021-02-06 16:00 BTCUSDT entry=39249.5400 → LONG | long=tp(+13.81%) short=sl(-7.06%) | scanned=5 | long_tp_only
  [label] 2021-03-03 08:00 BTCUSDT entry=50796.2300 → LONG | long=sl(-8.65%) short=sl(-8.65%) | scanned=20 | no_tp→fwd_return=+6.6829
  [label] 2021-04-24 16:00 BTCUSDT entry=50092.4000 → LONG | long=tp(+16.65%) short=sl(-8.48%) | scanned=19 | long_tp_only
  [label] 2021-10-07 16:00 BTCUSDT entry=53814.9900 → LONG | long=timeout(+6.52%) short=sl(-5.36%) | scanned=22 | no_tp→fwd_return=+6.6212
  [label] 2021-10-11 16:00 BTCUSDT entry=57500.0100 → LONG | long=sl(-5.13%) short=sl(-5.13%) | scanned=11 | no_tp→fwd_return=+4.5055
  [label] 2021-10-22 08:00 BTCUSDT entry=60744.9200 → LONG | long=timeout(+2.54%) short=timeout(-2.74%) | scanned=22 | no_tp→fwd_return=+2.6362
  [label] 2021-12-06 08:00 BTCUSDT entry=48922.1200 → SHORT | long=timeout(-3.54%) short=timeout(+3.34%) | scanned=22 | no_tp→fwd_return=-3.4403
  [label] 2021-12-14 16:00 BTCUSDT entry=48324.0400 → LONG | long=timeout(+1.04%) short=timeout(-1.24%) | scanned=22 | no_tp→fwd_return=+1.1404
  [label] 2022-03-15 00:00 BTCUSDT entry=38428.0000 → LONG | long=tp(+11.52%) short=sl(-5.91%) | scanned=21 | long_tp_only
  [label] 2022-04-16 00:00 BTCUSDT entry=40376.0000 → LONG | long=sl(-3.88%) short=sl(-3.88%) | scanned=13 | no_tp→fwd_return=+2.1575
  [label] 2022-05-02 00:00 BTCUSDT entry=38869.6000 → SHORT | long=sl(-4.20%) short=tp(+8.11%) | scanned=10 | short_tp_only
  [label] 2022-05-14 16:00 BTCUSDT entry=30079.8000 → SHORT | long=timeout(-2.27%) short=timeout(+2.07%) | scanned=22 | no_tp→fwd_return=-2.1689
  [label] 2022-06-02 08:00 BTCUSDT entry=30194.4000 → LONG | long=timeout(+0.20%) short=sl(-5.08%) | scanned=22 | no_tp→fwd_return=+0.3027
  [label] 2022-06-08 16:00 BTCUSDT entry=30192.5000 → SHORT | long=sl(-5.53%) short=tp(+10.75%) | scanned=11 | short_tp_only
  [label] 2022-06-21 00:00 BTCUSDT entry=21107.7000 → SHORT | long=timeout(-1.23%) short=timeout(+1.03%) | scanned=22 | no_tp→fwd_return=-1.1347
  [label] 2022-07-30 08:00 BTCUSDT entry=24522.8000 → SHORT | long=sl(-5.40%) short=timeout(+5.33%) | scanned=22 | no_tp→fwd_return=-5.4300
  [label] 2022-08-09 08:00 BTCUSDT entry=23061.7000 → LONG | long=tp(+7.84%) short=sl(-4.07%) | scanned=6 | long_tp_only
  [label] 2022-11-03 08:00 BTCUSDT entry=20241.0000 → LONG | long=tp(+5.61%) short=sl(-2.95%) | scanned=5 | long_tp_only
  Labels: 1087 long (50.1%), 1081 short (49.9%) | weights: min=1.00, mean=3.57, max=10.00
  Features: 2168/2168 matched, 47 columns
  CV gap: 22 rows
  [ensemble 1/3] seed=42
    [trial 0] 47 features, training_days=480 | threshold=0.631 | labels: 1087 long, 1081 short (50/50%)
    [CV fold 0] train_end=2021-03-24 08:00 | val_start=2021-04-01 00:00 | gap=184h (22 rows)
    [CV fold 1] train_end=2021-07-22 16:00 | val_start=2021-07-30 08:00 | gap=184h (22 rows)
    [CV fold 2] train_end=2021-11-20 00:00 | val_start=2021-11-27 16:00 | gap=184h (22 rows)
    [CV fold 3] train_end=2022-03-20 08:00 | val_start=2022-03-28 00:00 | gap=184h (22 rows)
    [CV fold 4] train_end=2022-07-18 16:00 | val_start=2022-07-26 08:00 | gap=184h (22 rows)
    [trial 0] Sharpe=0.0442 (folds: -0.1099, 0.3133, 0.1565, -0.0264, -0.1126)
    [trial 1] 47 features, training_days=420 | threshold=0.839 | labels: 1087 long, 1081 short (50/50%)
    [trial 1] Sharpe=-2.1553 (folds: -0.2030, -0.2876, -0.0250, -0.2608, -10.0000)
    [trial 2] 47 features, training_days=190 | threshold=0.602 | labels: 1087 long, 1081 short (50/50%)
    [trial 2] Sharpe=-0.0330 (folds: -0.1139, 0.0887, 0.1950, 0.0266, -0.3613)
    [trial 3] 47 features, training_days=490 | threshold=0.832 | labels: 1087 long, 1081 short (50/50%)
    [trial 3] Sharpe=-0.0200 (folds: -0.1730, 0.2532, 0.0743, -0.0396, -0.2149)
    [trial 4] 47 features, training_days=340 | threshold=0.591 | labels: 1087 long, 1081 short (50/50%)
    [trial 4] Sharpe=0.0020 (folds: -0.1538, 0.3651, 0.1033, -0.1980, -0.1064)
    [trial 5] 47 features, training_days=50 | threshold=0.823 | labels: 1087 long, 1081 short (50/50%)
    [trial 5] Sharpe=-0.1215 (folds: -0.3485, -0.2673, 0.4874, -0.1384, -0.3407)
    [trial 6] 47 features, training_days=410 | threshold=0.549 | labels: 1087 long, 1081 short (50/50%)
    [trial 6] Sharpe=-0.0401 (folds: -0.1746, 0.2961, 0.1538, -0.2701, -0.2056)
    [trial 7] 47 features, training_days=180 | threshold=0.526 | labels: 1087 long, 1081 short (50/50%)
    [trial 7] Sharpe=-0.0382 (folds: -0.1674, 0.0343, 0.0791, -0.0668, -0.0703)
    [trial 8] 47 features, training_days=240 | threshold=0.811 | labels: 1087 long, 1081 short (50/50%)
    [trial 8] Sharpe=-0.0535 (folds: -0.1623, 0.3486, 0.1795, -0.0427, -0.5905)
    [trial 9] 47 features, training_days=20 | threshold=0.538 | labels: 1087 long, 1081 short (50/50%)
    [trial 9] Sharpe=-0.0341 (folds: 0.2142, 0.2065, 0.0216, -0.2626, -0.3500)
    [trial 10] 47 features, training_days=350 | threshold=0.694 | labels: 1087 long, 1081 short (50/50%)
    [trial 10] Sharpe=-0.0199 (folds: -0.2091, 0.2995, 0.1549, -0.1316, -0.2134)
    [trial 11] 47 features, training_days=320 | threshold=0.654 | labels: 1087 long, 1081 short (50/50%)
    [trial 11] Sharpe=0.0229 (folds: -0.1486, 0.3420, 0.1359, -0.1801, -0.0347)
    [trial 12] 47 features, training_days=470 | threshold=0.680 | labels: 1087 long, 1081 short (50/50%)
    [trial 12] Sharpe=-0.0013 (folds: -0.1817, 0.3273, 0.1534, -0.2971, -0.0087)
    [trial 13] 47 features, training_days=320 | threshold=0.732 | labels: 1087 long, 1081 short (50/50%)
    [trial 13] Sharpe=-0.0543 (folds: 0.0170, 0.3225, 0.1853, -0.2081, -0.5879)
    [trial 14] 47 features, training_days=130 | threshold=0.627 | labels: 1087 long, 1081 short (50/50%)
    [trial 14] Sharpe=-0.0598 (folds: -0.1437, -0.0463, 0.2457, 0.0052, -0.3597)
    [trial 15] 47 features, training_days=300 | threshold=0.739 | labels: 1087 long, 1081 short (50/50%)
    [trial 15] Sharpe=-0.0454 (folds: -0.1841, 0.3313, 0.1680, -0.1433, -0.3991)
    [trial 16] 47 features, training_days=410 | threshold=0.639 | labels: 1087 long, 1081 short (50/50%)
    [trial 16] Sharpe=-0.0606 (folds: -0.2350, 0.1895, 0.0608, -0.0840, -0.2343)
    [trial 17] 47 features, training_days=270 | threshold=0.730 | labels: 1087 long, 1081 short (50/50%)
    [trial 17] Sharpe=-0.0074 (folds: -0.1803, 0.2683, 0.1235, -0.1047, -0.1440)
  Optuna: 18 trials, best Sharpe = 0.0442
  Best params: n_estimators=380, max_depth=4, lr=0.0170, leaves=22
  Best confidence_threshold: 0.631
  Best training_days: 480
  Retrained on full data (1440 samples, 47 features)
  [ensemble 2/3] seed=123
    [trial 0] 47 features, training_days=150 | threshold=0.744 | labels: 1087 long, 1081 short (50/50%)
    [CV fold 0] train_end=2021-03-24 08:00 | val_start=2021-04-01 00:00 | gap=184h (22 rows)
    [CV fold 1] train_end=2021-07-22 16:00 | val_start=2021-07-30 08:00 | gap=184h (22 rows)
    [CV fold 2] train_end=2021-11-20 00:00 | val_start=2021-11-27 16:00 | gap=184h (22 rows)
    [CV fold 3] train_end=2022-03-20 08:00 | val_start=2022-03-28 00:00 | gap=184h (22 rows)
    [CV fold 4] train_end=2022-07-18 16:00 | val_start=2022-07-26 08:00 | gap=184h (22 rows)
    [trial 0] Sharpe=-0.1052 (folds: -0.2178, -0.2374, 0.2781, -0.0992, -0.2495)
    [trial 1] 47 features, training_days=220 | threshold=0.755 | labels: 1087 long, 1081 short (50/50%)
    [trial 1] Sharpe=-2.0156 (folds: -0.0120, 0.1909, 0.1440, -0.4009, -10.0000)
    [trial 2] 47 features, training_days=310 | threshold=0.754 | labels: 1087 long, 1081 short (50/50%)
    [trial 2] Sharpe=-0.0165 (folds: -0.1998, 0.3813, 0.1420, -0.1208, -0.2852)
    [trial 3] 47 features, training_days=220 | threshold=0.673 | labels: 1087 long, 1081 short (50/50%)
    [trial 3] Sharpe=0.0261 (folds: -0.1713, 0.1956, 0.1471, -0.0109, -0.0299)
    [trial 4] 47 features, training_days=130 | threshold=0.803 | labels: 1087 long, 1081 short (50/50%)
    [trial 4] Sharpe=-0.0262 (folds: -0.1576, 0.0450, 0.2420, 0.0094, -0.2697)
    [trial 5] 47 features, training_days=210 | threshold=0.606 | labels: 1087 long, 1081 short (50/50%)[I 2026-06-01 14:57:26,380] Trial 5 finished with value: -0.02569969115821019 and parameters: {'confidence_threshold': 0.6064422761595144, 'training_days': 210, 'n_estimators': 357, 'max_depth': 5, 'num_leaves': 40, 'learning_rate': 0.0974221287220869, 'subsample': 0.7929682762811064, 'colsample_bytree': 0.8124517510478, 'min_child_samples': 74, 'reg_alpha': 0.3811377260781234, 'reg_lambda': 5.607314238392041e-08}. Best is trial 3 with value: 0.02610998675643385.
[I 2026-06-01 14:57:26,493] Trial 6 finished with value: -0.08057556554224846 and parameters: {'confidence_threshold': 0.7672889945051684, 'training_days': 130, 'n_estimators': 137, 'max_depth': 4, 'num_leaves': 19, 'learning_rate': 0.2031117614248665, 'subsample': 0.8136244860256343, 'colsample_bytree': 0.8617081790949774, 'min_child_samples': 21, 'reg_alpha': 0.002238138278733199, 'reg_lambda': 0.001025809534977322}. Best is trial 3 with value: 0.02610998675643385.
[I 2026-06-01 14:57:26,563] Trial 7 finished with value: -0.10637354836945445 and parameters: {'confidence_threshold': 0.555635875450653, 'training_days': 80, 'n_estimators': 363, 'max_depth': 3, 'num_leaves': 48, 'learning_rate': 0.06590089024008658, 'subsample': 0.6944752870615722, 'colsample_bytree': 0.962566244806993, 'min_child_samples': 88, 'reg_alpha': 1.6465620446426067e-05, 'reg_lambda': 2.4678750890085655e-08}. Best is trial 3 with value: 0.02610998675643385.
[I 2026-06-01 14:57:26,882] Trial 8 finished with value: -0.004909108568891296 and parameters: {'confidence_threshold': 0.6066688256938841, 'training_days': 200, 'n_estimators': 367, 'max_depth': 5, 'num_leaves': 32, 'learning_rate': 0.13377519215934996, 'subsample': 0.7965884582811106, 'colsample_bytree': 0.8458508993500886, 'min_child_samples': 32, 'reg_alpha': 3.889436043816386e-05, 'reg_lambda': 1.4713062489380356e-06}. Best is trial 3 with value: 0.02610998675643385.
[I 2026-06-01 14:57:27,109] Trial 9 finished with value: 0.026995542029614565 and parameters: {'confidence_threshold': 0.6202096049169137, 'training_days': 260, 'n_estimators': 350, 'max_depth': 3, 'num_leaves': 21, 'learning_rate': 0.02989540198065364, 'subsample': 0.8307821683331218, 'colsample_bytree': 0.923253112635361, 'min_child_samples': 64, 'reg_alpha': 0.4898604619604203, 'reg_lambda': 2.9076377687066166e-05}. Best is trial 9 with value: 0.026995542029614565.
[I 2026-06-01 14:57:27,425] Trial 10 finished with value: -0.002411305857449625 and parameters: {'confidence_threshold': 0.5342665212695602, 'training_days': 470, 'n_estimators': 493, 'max_depth': 3, 'num_leaves': 17, 'learning_rate': 0.010221918552934462, 'subsample': 0.9317514110288623, 'colsample_bytree': 0.6202684210924141, 'min_child_samples': 47, 'reg_alpha': 2.371385268938747e-08, 'reg_lambda': 0.010291221835057122}. Best is trial 9 with value: 0.026995542029614565.
[I 2026-06-01 14:57:27,546] Trial 11 finished with value: -0.030568709017397923 and parameters: {'confidence_threshold': 0.672304345793606, 'training_days': 340, 'n_estimators': 234, 'max_depth': 3, 'num_leaves': 62, 'learning_rate': 0.2941034455271501, 'subsample': 0.8826538612718937, 'colsample_bytree': 0.6778283959364831, 'min_child_samples': 48, 'reg_alpha': 5.56438571366154, 'reg_lambda': 0.0038467626144150177}. Best is trial 9 with value: 0.026995542029614565.
[I 2026-06-01 14:57:27,678] Trial 12 finished with value: -0.0032717211137821833 and parameters: {'confidence_threshold': 0.6727899930733724, 'training_days': 340, 'n_estimators': 202, 'max_depth': 4, 'num_leaves': 63, 'learning_rate': 0.03554970762940541, 'subsample': 0.7245561114853949, 'colsample_bytree': 0.5196457038790347, 'min_child_samples': 100, 'reg_alpha': 1.6619318482295187e-07, 'reg_lambda': 1.2188980793434613e-06}. Best is trial 9 with value: 0.026995542029614565.
[I 2026-06-01 14:57:27,710] Trial 13 finished with value: -0.14304558166712272 and parameters: {'confidence_threshold': 0.6188172440027945, 'training_days': 10, 'n_estimators': 475, 'max_depth': 3, 'num_leaves': 26, 'learning_rate': 0.024281561878971163, 'subsample': 0.8524819925064617, 'colsample_bytree': 0.9292621018379528, 'min_child_samples': 40, 'reg_alpha': 1.0060661308529223e-06, 'reg_lambda': 0.06617758437351451}. Best is trial 9 with value: 0.026995542029614565.
[I 2026-06-01 14:57:27,912] Trial 14 finished with value: -0.0017364426348368239 and parameters: {'confidence_threshold': 0.6978580818353284, 'training_days': 290, 'n_estimators': 280, 'max_depth': 4, 'num_leaves': 56, 'learning_rate': 0.1450254414015962, 'subsample': 0.6612240067383277, 'colsample_bytree': 0.9977226699583523, 'min_child_samples': 80, 'reg_alpha': 0.06393304247493362, 'reg_lambda': 0.00019286729276019797}. Best is trial 9 with value: 0.026995542029614565.
[I 2026-06-01 14:57:28,194] Trial 15 finished with value: 0.010076861856339015 and parameters: {'confidence_threshold': 0.5026055290809989, 'training_days': 460, 'n_estimators': 300, 'max_depth': 4, 'num_leaves': 24, 'learning_rate': 0.047964452603681096, 'subsample': 0.507007918467014, 'colsample_bytree': 0.7241986323105418, 'min_child_samples': 55, 'reg_alpha': 9.061543342246209, 'reg_lambda': 3.5532501480887757}. Best is trial 9 with value: 0.026995542029614565.
[I 2026-06-01 14:57:28,485] Trial 16 finished with value: 0.048321662273601323 and parameters: {'confidence_threshold': 0.6433594868320274, 'training_days': 270, 'n_estimators': 438, 'max_depth': 3, 'num_leaves': 35, 'learning_rate': 0.011618707686079076, 'subsample': 0.7616663246379325, 'colsample_bytree': 0.9182676696103418, 'min_child_samples': 39, 'reg_alpha': 1.6323832176782968e-06, 'reg_lambda': 3.808650723358034e-07}. Best is trial 16 with value: 0.048321662273601323.
[I 2026-06-01 14:57:28,787] Trial 17 finished with value: -0.005911403777036792 and parameters: {'confidence_threshold': 0.6235092015218521, 'training_days': 400, 'n_estimators': 429, 'max_depth': 3, 'num_leaves': 31, 'learning_rate': 0.01020133185214465, 'subsample': 0.8931012917025368, 'colsample_bytree': 0.9038549837305562, 'min_child_samples': 44, 'reg_alpha': 0.031339913113165224, 'reg_lambda': 3.0129460280426735e-07}. Best is trial 16 with value: 0.048321662273601323.
[I 2026-06-01 14:57:28,992] A new study created in memory with name: no-name-521786f3-c02c-489e-87e1-cae7cee99a1a
[I 2026-06-01 14:57:29,187] Trial 0 finished with value: -0.1333868642824816 and parameters: {'confidence_threshold': 0.5870645682749857, 'training_days': 90, 'n_estimators': 403, 'max_depth': 5, 'num_leaves': 45, 'learning_rate': 0.0780457193679974, 'subsample': 0.9428509515574568, 'colsample_bytree': 0.8795587339164916, 'min_child_samples': 34, 'reg_alpha': 2.2465901234314442e-07, 'reg_lambda': 8.339007036475363e-05}. Best is trial 0 with value: -0.1333868642824816.
[I 2026-06-01 14:57:29,297] Trial 1 finished with value: 0.008308132066224893 and parameters: {'confidence_threshold': 0.6348453934275313, 'training_days': 290, 'n_estimators': 115, 'max_depth': 5, 'num_leaves': 37, 'learning_rate': 0.06949568759029946, 'subsample': 0.8228505074024268, 'colsample_bytree': 0.8616703220431751, 'min_child_samples': 75, 'reg_alpha': 4.2486822725010923e-07, 'reg_lambda': 1.157247767047042e-07}. Best is trial 1 with value: 0.008308132066224893.
[I 2026-06-01 14:57:29,315] Trial 2 finished with value: -0.14304558166712272 and parameters: {'confidence_threshold': 0.5849570384370288, 'training_days': 10, 'n_estimators': 212, 'max_depth': 3, 'num_leaves': 41, 'learning_rate': 0.18452095998378365, 'subsample': 0.6001060822924371, 'colsample_bytree': 0.5673167293506167, 'min_child_samples': 37, 'reg_alpha': 5.733250064217131, 'reg_lambda': 0.5308454292595461}. Best is trial 1 with value: 0.008308132066224893.
[I 2026-06-01 14:57:29,392] Trial 3 finished with value: -0.025226951178342692 and parameters: {'confidence_threshold': 0.6868248626683718, 'training_days': 220, 'n_estimators': 134, 'max_depth': 3, 'num_leaves': 45, 'learning_rate': 0.033529007907491595, 'subsample': 0.8647277071858408, 'colsample_bytree': 0.778494116634046, 'min_child_samples': 96, 'reg_alpha': 2.409409937265785e-07, 'reg_lambda': 1.1642073478060009}. Best is trial 1 with value: 0.008308132066224893.
[I 2026-06-01 14:57:29,487] Trial 4 finished with value: 0.012377431122316757 and parameters: {'confidence_threshold': 0.5623121348350352, 'training_days': 300, 'n_estimators': 69, 'max_depth': 4, 'num_leaves': 32, 'learning_rate': 0.14967629360700346, 'subsample': 0.5054535233636654, 'colsample_bytree': 0.7401385194659216, 'min_child_samples': 27, 'reg_alpha': 1.4212042567426725e-07, 'reg_lambda': 0.23605753701352003}. Best is trial 4 with value: 0.012377431122316757.
[I 2026-06-01 14:57:29,879] Trial 5 finished with value: -0.020199513311371698 and parameters: {'confidence_threshold': 0.7111850244908446, 'training_days': 490, 'n_estimators': 362, 'max_depth': 5, 'num_leaves': 40, 'learning_rate': 0.05960785724162737, 'subsample': 0.5589714368907717, 'colsample_bytree': 0.6659006943232806, 'min_child_samples': 42, 'reg_alpha': 0.6741360303045295, 'reg_lambda': 6.054601607143087e-08}. Best is trial 4 with value: 0.012377431122316757.
[I 2026-06-01 14:57:30,047] Trial 6 finished with value: -0.028721516653138202 and parameters: {'confidence_threshold': 0.667482545748023, 'training_days': 420, 'n_estimators': 279, 'max_depth': 3, 'num_leaves': 45, 'learning_rate': 0.040099592560849204, 'subsample': 0.8563114696415159, 'colsample_bytree': 0.5442917781944105, 'min_child_samples': 50, 'reg_alpha': 1.6407916423707903e-08, 'reg_lambda': 2.935907642973286e-05}. Best is trial 4 with value: 0.012377431122316757.
[I 2026-06-01 14:57:30,196] Trial 7 finished with value: -0.0554112171434503 and parameters: {'confidence_threshold': 0.5497381024139926, 'training_days': 120, 'n_estimators': 408, 'max_depth': 5, 'num_leaves': 38, 'learning_rate': 0.28049122657745795, 'subsample': 0.8806573338635493, 'colsample_bytree': 0.5454054113547102, 'min_child_samples': 63, 'reg_alpha': 0.01263008637940408, 'reg_lambda': 0.04588020805366937}. Best is trial 4 with value: 0.012377431122316757.
[I 2026-06-01 14:57:30,458] Trial 8 finished with value: -0.010706737491653262 and parameters: {'confidence_threshold': 0.719644804808716, 'training_days': 450, 'n_estimators': 410, 'max_depth': 4, 'num_leaves': 57, 'learning_rate': 0.04022026551478857, 'subsample': 0.5336085426932707, 'colsample_bytree': 0.5705742850577543, 'min_child_samples': 100, 'reg_alpha': 5.916398047912201e-07, 'reg_lambda': 0.9794034214488329}. Best is trial 4 with value: 0.012377431122316757.
[I 2026-06-01 14:57:30,479] Trial 9 finished with value: -4.005363359242959 and parameters: {'confidence_threshold': 0.7267463643917187, 'training_days': 20, 'n_estimators': 337, 'max_depth': 5, 'num_leaves': 23, 'learning_rate': 0.022153031811454605, 'subsample': 0.6305627572358737, 'colsample_bytree': 0.6613413774216214, 'min_child_samples': 81, 'reg_alpha': 5.7638634029410314e-08, 'reg_lambda': 8.26603016764008}. Best is trial 4 with value: 0.012377431122316757.
[I 2026-06-01 14:57:30,564] Trial 10 finished with value: -0.04129793013481365 and parameters: {'confidence_threshold': 0.8398533911817929, 'training_days': 320, 'n_estimators': 52, 'max_depth': 4, 'num_leaves': 15, 'learning_rate': 0.1708019296390162, 'subsample': 0.7130289643560688, 'colsample_bytree': 0.9944479338273263, 'min_child_samples': 23, 'reg_alpha': 6.837313901272251e-05, 'reg_lambda': 0.007549769720510555}. Best is trial 4 with value: 0.012377431122316757.
[I 2026-06-01 14:57:30,633] Trial 11 finished with value: 0.09353421942981814 and parameters: {'confidence_threshold': 0.6075016155177957, 'training_days': 300, 'n_estimators': 54, 'max_depth': 4, 'num_leaves': 29, 'learning_rate': 0.010226258249598861, 'subsample': 0.741942921860466, 'colsample_bytree': 0.8016610248739169, 'min_child_samples': 71, 'reg_alpha': 2.5646023357365184e-05, 'reg_lambda': 7.359299995524362e-08}. Best is trial 11 with value: 0.09353421942981814.
[I 2026-06-01 14:57:30,720] Trial 12 finished with value: -0.007580721550431725 and parameters: {'confidence_threshold': 0.5145853631584999, 'training_days': 360, 'n_estimators': 54, 'max_depth': 4, 'num_leaves': 26, 'learning_rate': 0.010306365551845425, 'subsample': 0.708221374482378, 'colsample_bytree': 0.7647361233728238, 'min_child_samples': 62, 'reg_alpha': 5.113460481149383e-05, 'reg_lambda': 2.0831803692649198e-06}. Best is trial 11 with value: 0.09353421942981814.
[I 2026-06-01 14:57:30,830] Trial 13 finished with value: -0.0513563519861379 and parameters: {'confidence_threshold': 0.6092349708206475, 'training_days': 210, 'n_estimators': 180, 'max_depth': 4, 'num_leaves': 30, 'learning_rate': 0.010705822780645373, 'subsample': 0.6510286759524097, 'colsample_bytree': 0.8586462110355289, 'min_child_samples': 77, 'reg_alpha': 8.465942575614097e-06, 'reg_lambda': 0.002213814638104446}. Best is trial 11 with value: 0.09353421942981814.
