[I 2026-06-01 15:00:04,773] Trial 3 finished with value: 0.028551841401835122 and parameters: {'confidence_threshold': 0.8321099380386666, 'training_days': 490, 'n_estimators': 414, 'max_depth': 3, 'num_leaves': 19, 'learning_rate': 0.1024932221692416, 'subsample': 0.7200762468698007, 'colsample_bytree': 0.5610191174223894, 'min_child_samples': 60, 'reg_alpha': 2.039373116525212e-08, 'reg_lambda': 1.527156759251193}. Best is trial 0 with value: 0.030430813035458987.
[I 2026-06-01 15:00:04,929] Trial 4 finished with value: 0.013392157299968312 and parameters: {'confidence_threshold': 0.5905729935600059, 'training_days': 340, 'n_estimators': 190, 'max_depth': 4, 'num_leaves': 41, 'learning_rate': 0.01875220945578641, 'subsample': 0.9847923138822793, 'colsample_bytree': 0.8875664116805573, 'min_child_samples': 96, 'reg_alpha': 1.1309571585271483, 'reg_lambda': 0.002404915432737351}. Best is trial 0 with value: 0.030430813035458987.
[I 2026-06-01 15:00:04,973] Trial 5 finished with value: 0.0249972021019145 and parameters: {'confidence_threshold': 0.8226559822580909, 'training_days': 50, 'n_estimators': 138, 'max_depth': 3, 'num_leaves': 30, 'learning_rate': 0.03750796359625606, 'subsample': 0.6356745158869479, 'colsample_bytree': 0.9143687545759647, 'min_child_samples': 48, 'reg_alpha': 3.376063348877853e-06, 'reg_lambda': 0.0007660634613082914}. Best is trial 0 with value: 0.030430813035458987.

    [trial 2] Sharpe=-0.1582 (folds: -0.0381, -0.1161, 0.0019, -0.3416, -0.2971)
    [trial 3] 47 features, training_days=220 | threshold=0.687 | labels: 1143 long, 1028 short (53/47%)
    [trial 3] Sharpe=0.0500 (folds: -0.2473, 0.0292, 0.1968, 0.3168, -0.0454)
    [trial 4] 47 features, training_days=300 | threshold=0.562 | labels: 1143 long, 1028 short (53/47%)
    [trial 4] Sharpe=-0.0664 (folds: -0.1322, -0.1801, -0.1060, 0.0623, 0.0241)
    [trial 5] 47 features, training_days=490 | threshold=0.711 | labels: 1143 long, 1028 short (53/47%)
    [trial 5] Sharpe=-0.0457 (folds: -0.2526, -0.2183, -0.0671, 0.2328, 0.0768)
    [trial 6] 47 features, training_days=420 | threshold=0.667 | labels: 1143 long, 1028 short (53/47%)
    [trial 6] Sharpe=-0.0877 (folds: -0.3576, -0.2271, -0.0067, 0.1850, -0.0321)
    [trial 7] 47 features, training_days=120 | threshold=0.550 | labels: 1143 long, 1028 short (53/47%)
    [trial 7] Sharpe=-0.0112 (folds: -0.1328, -0.0888, 0.1027, -0.0068, 0.0697)
    [trial 8] 47 features, training_days=450 | threshold=0.720 | labels: 1143 long, 1028 short (53/47%)
    [trial 8] Sharpe=0.0002 (folds: -0.2037, -0.1998, 0.0588, 0.3521, -0.0065)
    [trial 9] 47 features, training_days=20 | threshold=0.727 | labels: 1143 long, 1028 short (53/47%)
    [trial 9] Sharpe=-7.9783 (folds: -10.0000, -10.0000, -10.0000, 0.1085, -10.0000)
    [trial 10] 47 features, training_days=200 | threshold=0.828 | labels: 1143 long, 1028 short (53/47%)
    [trial 10] Sharpe=-5.9531 (folds: -10.0000, -10.0000, 0.3711, -10.0000, -0.1367)
    [trial 11] 47 features, training_days=380 | threshold=0.777 | labels: 1143 long, 1028 short (53/47%)
    [trial 11] Sharpe=-0.0919 (folds: -0.1788, -0.3702, -0.1738, 0.2965, -0.0334)
    [trial 12] 47 features, training_days=200 | threshold=0.745 | labels: 1143 long, 1028 short (53/47%)
    [trial 12] Sharpe=-0.0203 (folds: -0.2011, -0.1401, 0.1511, 0.3302, -0.2418)
    [trial 13] 47 features, training_days=370 | threshold=0.674 | labels: 1143 long, 1028 short (53/47%)
    [trial 13] Sharpe=-0.0187 (folds: -0.2500, -0.1595, 0.0492, 0.2520, 0.0144)
    [trial 14] 47 features, training_days=210 | threshold=0.806 | labels: 1143 long, 1028 short (53/47%)
    [trial 14] Sharpe=-6.0472 (folds: -10.0000, -0.2500, -10.0000, -10.0000, 0.0139)
    [trial 15] 47 features, training_days=500 | threshold=0.654 | labels: 1143 long, 1028 short (53/47%)
    [trial 15] Sharpe=-0.0046 (folds: -0.2064, -0.1600, 0.0528, 0.2279, 0.0625)
    [trial 16] 47 features, training_days=320 | threshold=0.625 | labels: 1143 long, 1028 short (53/47%)
    [trial 16] Sharpe=-0.1281 (folds: -0.2711, -0.1842, -0.1379, 0.0182, -0.0656)
    [trial 17] 47 features, training_days=140 | threshold=0.507 | labels: 1143 long, 1028 short (53/47%)
    [trial 17] Sharpe=-0.0830 (folds: -0.3248, -0.0820, 0.0374, 0.1770, -0.2229)
  Optuna: 18 trials, best Sharpe = 0.0500
  Best params: n_estimators=134, max_depth=3, lr=0.0335, leaves=45
  Best confidence_threshold: 0.687
  Best training_days: 220
  Retrained on full data (660 samples, 47 features)
  OOD: 16 features, cutoff (q=0.7) = 11.40
  Model trained for 2024-03: 93 test candles with features, confidence_threshold=0.596
[lgbm] === Training for 2024-04 ===
  Train window: 2022-04-01 → 2024-03-24
  2171 training samples from 1 symbols
  Samples per month: 2022-04: 90, 2022-05: 93, 2022-06: 90, 2022-07: 93, 2022-08: 93, 2022-09: 90, 2022-10: 93, 2022-11: 90, 2022-12: 93, 2023-01: 93, 2023-02: 84, 2023-03: 93, 2023-04: 90, 2023-05: 93, 2023-06: 90, 2023-07: 93, 2023-08: 93, 2023-09: 90, 2023-10: 93, 2023-11: 90, 2023-12: 93, 2024-01: 93, 2024-02: 87, 2024-03: 71
  [label] 2022-06-01 16:00 BTCUSDT entry=29796.9000 → LONG | long=timeout(+1.23%) short=sl(-5.37%) | scanned=22 | no_tp→fwd_return=+1.3277
  [label] 2022-06-04 00:00 BTCUSDT entry=29690.5000 → SHORT | long=timeout(-1.38%) short=sl(-4.68%) | scanned=22 | no_tp→fwd_return=-1.2849
  [label] 2022-06-07 16:00 BTCUSDT entry=31118.1000 → SHORT | long=sl(-5.30%) short=tp(+10.30%) | scanned=13 | short_tp_only
  [label] 2022-07-02 08:00 BTCUSDT entry=19219.9000 → LONG | long=tp(+13.10%) short=sl(-6.70%) | scanned=16 | long_tp_only
  [label] 2022-08-24 00:00 BTCUSDT entry=21305.6000 → SHORT | long=sl(-4.30%) short=tp(+8.30%) | scanned=14 | short_tp_only
  [label] 2023-02-06 00:00 BTCUSDT entry=22873.0000 → SHORT | long=sl(-3.31%) short=timeout(+4.34%) | scanned=22 | no_tp→fwd_return=-4.4410
  [label] 2023-02-10 00:00 BTCUSDT entry=21901.9000 → LONG | long=tp(+6.97%) short=sl(-3.63%) | scanned=17 | long_tp_only
  [label] 2023-02-20 16:00 BTCUSDT entry=24849.9000 → SHORT | long=sl(-4.50%) short=timeout(+5.41%) | scanned=22 | no_tp→fwd_return=-5.5127
  [label] 2023-04-06 16:00 BTCUSDT entry=28022.8000 → LONG | long=tp(+6.72%) short=sl(-3.51%) | scanned=13 | long_tp_only
  [label] 2023-04-15 08:00 BTCUSDT entry=30319.9000 → SHORT | long=sl(-3.04%) short=tp(+5.79%) | scanned=14 | short_tp_only
  [label] 2023-07-14 16:00 BTCUSDT entry=30293.3000 → SHORT | long=timeout(-1.43%) short=timeout(+1.23%) | scanned=22 | no_tp→fwd_return=-1.3267
  [label] 2023-08-15 16:00 BTCUSDT entry=29188.8000 → SHORT | long=sl(-1.58%) short=tp(+2.86%) | scanned=4 | short_tp_only
  [label] 2023-09-01 00:00 BTCUSDT entry=25975.2000 → LONG | long=timeout(+0.94%) short=timeout(-1.14%) | scanned=22 | no_tp→fwd_return=+1.0352
  [label] 2023-09-13 16:00 BTCUSDT entry=26209.9000 → LONG | long=timeout(+3.33%) short=sl(-3.08%) | scanned=22 | no_tp→fwd_return=+3.4254
  [label] 2023-10-02 00:00 BTCUSDT entry=28299.1000 → SHORT | long=sl(-2.59%) short=timeout(+1.65%) | scanned=22 | no_tp→fwd_return=-1.7474
  [label] 2023-10-08 08:00 BTCUSDT entry=27883.5000 → SHORT | long=sl(-2.42%) short=tp(+4.54%) | scanned=10 | short_tp_only
  [label] 2023-10-20 16:00 BTCUSDT entry=29653.0000 → LONG | long=tp(+6.85%) short=sl(-3.57%) | scanned=9 | long_tp_only
  [label] 2023-11-29 08:00 BTCUSDT entry=37817.6000 → LONG | long=tp(+5.89%) short=sl(-3.10%) | scanned=13 | long_tp_only
  [label] 2023-12-09 00:00 BTCUSDT entry=44220.6000 → SHORT | long=sl(-3.32%) short=tp(+6.34%) | scanned=6 | short_tp_only
  [label] 2024-03-04 08:00 BTCUSDT entry=66505.4000 → SHORT | long=sl(-4.26%) short=sl(-4.26%) | scanned=4 | no_tp→fwd_return=-4.1470
  Labels: 1147 long (52.8%), 1024 short (47.2%) | weights: min=1.00, mean=2.88, max=10.00
  Features: 2171/2171 matched, 47 columns
  CV gap: 22 rows
  [ensemble 1/3] seed=42
    [trial 0] 47 features, training_days=480 | threshold=0.631 | labels: 1147 long, 1024 short (53/47%)
    [CV fold 0] train_end=2022-07-24 08:00 | val_start=2022-08-01 00:00 | gap=184h (22 rows)
    [CV fold 1] train_end=2022-11-21 16:00 | val_start=2022-11-29 08:00 | gap=184h (22 rows)
    [CV fold 2] train_end=2023-03-22 00:00 | val_start=2023-03-29 16:00 | gap=184h (22 rows)
    [CV fold 3] train_end=2023-07-20 08:00 | val_start=2023-07-28 00:00 | gap=184h (22 rows)
    [CV fold 4] train_end=2023-11-17 16:00 | val_start=2023-11-25 08:00 | gap=184h (22 rows)
    [trial 0] Sharpe=0.0304 (folds: -0.2366, -0.1762, 0.1450, 0.2192, 0.2008)
    [trial 1] 47 features, training_days=420 | threshold=0.839 | labels: 1147 long, 1024 short (53/47%)
    [trial 1] Sharpe=-0.0251 (folds: -0.5045, -0.4130, -0.0960, 0.7317, 0.1564)
    [trial 2] 47 features, training_days=190 | threshold=0.602 | labels: 1147 long, 1024 short (53/47%)
    [trial 2] Sharpe=0.0176 (folds: -0.2779, -0.1921, 0.1926, 0.2759, 0.0893)
    [trial 3] 47 features, training_days=490 | threshold=0.832 | labels: 1147 long, 1024 short (53/47%)
    [trial 3] Sharpe=0.0286 (folds: -0.2772, -0.2338, 0.1374, 0.2759, 0.2406)
    [trial 4] 47 features, training_days=340 | threshold=0.591 | labels: 1147 long, 1024 short (53/47%)
    [trial 4] Sharpe=0.0134 (folds: -0.2614, -0.0475, 0.1723, 0.0842, 0.1193)
    [trial 5] 47 features, training_days=50 | threshold=0.823 | labels: 1147 long, 1024 short (53/47%)
    [trial 5] Sharpe=0.0250 (folds: -0.2127, -0.3406, 0.5800, 0.0373, 0.0610)
    [trial 6] 47 features, training_days=410 | threshold=0.549 | labels: 1147 long, 1024 short (53/47%)
    [trial 6] Sharpe=0.0361 (folds: -0.2911, -0.1859, 0.0984, 0.3682, 0.1908)[I 2026-06-01 15:00:05,078] Trial 6 finished with value: 0.036097786699237376 and parameters: {'confidence_threshold': 0.5493234787411669, 'training_days': 410, 'n_estimators': 83, 'max_depth': 5, 'num_leaves': 52, 'learning_rate': 0.019657448966046126, 'subsample': 0.5027610585618012, 'colsample_bytree': 0.9077307142274171, 'min_child_samples': 77, 'reg_alpha': 0.03639690979811287, 'reg_lambda': 0.08738424135626986}. Best is trial 6 with value: 0.036097786699237376.
[I 2026-06-01 15:00:05,170] Trial 7 finished with value: -0.01369759050882205 and parameters: {'confidence_threshold': 0.5259156281069316, 'training_days': 180, 'n_estimators': 102, 'max_depth': 5, 'num_leaves': 45, 'learning_rate': 0.030816017044468066, 'subsample': 0.5317791751430119, 'colsample_bytree': 0.6554911608578311, 'min_child_samples': 46, 'reg_alpha': 0.036851536911881845, 'reg_lambda': 0.005470376807480391}. Best is trial 6 with value: 0.036097786699237376.
[I 2026-06-01 15:00:05,279] Trial 8 finished with value: -0.07195922671518089 and parameters: {'confidence_threshold': 0.8105244599017143, 'training_days': 240, 'n_estimators': 103, 'max_depth': 5, 'num_leaves': 52, 'learning_rate': 0.06746437142284309, 'subsample': 0.8854835899772805, 'colsample_bytree': 0.7468977981821954, 'min_child_samples': 62, 'reg_alpha': 7.04480806377519e-05, 'reg_lambda': 1.6934490731313353e-08}. Best is trial 6 with value: 0.036097786699237376.
[I 2026-06-01 15:00:05,303] Trial 9 finished with value: -0.14735603643267506 and parameters: {'confidence_threshold': 0.5377619994476566, 'training_days': 20, 'n_estimators': 337, 'max_depth': 3, 'num_leaves': 39, 'learning_rate': 0.21907142272152816, 'subsample': 0.6246461145744375, 'colsample_bytree': 0.7051914615178149, 'min_child_samples': 81, 'reg_alpha': 1.1459970229341322e-06, 'reg_lambda': 4.929685216887945e-08}. Best is trial 6 with value: 0.036097786699237376.
[I 2026-06-01 15:00:05,983] Trial 10 finished with value: -0.0015849461302436362 and parameters: {'confidence_threshold': 0.7378545837642324, 'training_days': 350, 'n_estimators': 487, 'max_depth': 5, 'num_leaves': 62, 'learning_rate': 0.011407797829608154, 'subsample': 0.628963476300746, 'colsample_bytree': 0.8340915966600303, 'min_child_samples': 27, 'reg_alpha': 8.536188349289, 'reg_lambda': 8.145051292774586}. Best is trial 6 with value: 0.036097786699237376.
[I 2026-06-01 15:00:06,253] Trial 11 finished with value: 0.0341262151609487 and parameters: {'confidence_threshold': 0.6622311673084612, 'training_days': 480, 'n_estimators': 298, 'max_depth': 4, 'num_leaves': 55, 'learning_rate': 0.010345547951401532, 'subsample': 0.5020876636914846, 'colsample_bytree': 0.9670246438738912, 'min_child_samples': 81, 'reg_alpha': 0.04080560208552622, 'reg_lambda': 7.868729181011707e-06}. Best is trial 6 with value: 0.036097786699237376.
[I 2026-06-01 15:00:06,462] Trial 12 finished with value: -0.03793502636763567 and parameters: {'confidence_threshold': 0.6931924535462305, 'training_days': 380, 'n_estimators': 228, 'max_depth': 4, 'num_leaves': 63, 'learning_rate': 0.010342884934290602, 'subsample': 0.5208452984523537, 'colsample_bytree': 0.9955462072303609, 'min_child_samples': 87, 'reg_alpha': 0.18159849136973016, 'reg_lambda': 8.348297043432798e-06}. Best is trial 6 with value: 0.036097786699237376.
[I 2026-06-01 15:00:06,738] Trial 13 finished with value: 0.058956901929543594 and parameters: {'confidence_threshold': 0.6749984841650835, 'training_days': 430, 'n_estimators': 333, 'max_depth': 4, 'num_leaves': 52, 'learning_rate': 0.018044904132800254, 'subsample': 0.5008302308989296, 'colsample_bytree': 0.8281762227335532, 'min_child_samples': 80, 'reg_alpha': 0.0010695159048720376, 'reg_lambda': 0.12873338729896155}. Best is trial 13 with value: 0.058956901929543594.
[I 2026-06-01 15:00:06,802] Trial 14 finished with value: -7.998360315150575 and parameters: {'confidence_threshold': 0.7467244789105287, 'training_days': 280, 'n_estimators': 59, 'max_depth': 4, 'num_leaves': 52, 'learning_rate': 0.019215594664698153, 'subsample': 0.5922857698754815, 'colsample_bytree': 0.8382911834422051, 'min_child_samples': 100, 'reg_alpha': 0.000482268546057502, 'reg_lambda': 0.09680540955853502}. Best is trial 13 with value: 0.058956901929543594.
[I 2026-06-01 15:00:07,069] Trial 15 finished with value: 0.02172529433503164 and parameters: {'confidence_threshold': 0.503205181819923, 'training_days': 420, 'n_estimators': 313, 'max_depth': 5, 'num_leaves': 47, 'learning_rate': 0.11652014437870485, 'subsample': 0.6943845973931931, 'colsample_bytree': 0.8113623064013006, 'min_child_samples': 75, 'reg_alpha': 8.430542834627463e-05, 'reg_lambda': 0.10351163679178875}. Best is trial 13 with value: 0.058956901929543594.
[I 2026-06-01 15:00:07,363] Trial 16 finished with value: -0.0032548442542052803 and parameters: {'confidence_threshold': 0.5706275034556845, 'training_days': 320, 'n_estimators': 437, 'max_depth': 4, 'num_leaves': 34, 'learning_rate': 0.044113343603225705, 'subsample': 0.852452507067186, 'colsample_bytree': 0.7981068265087216, 'min_child_samples': 91, 'reg_alpha': 0.0006237008688226847, 'reg_lambda': 0.06957946501532358}. Best is trial 13 with value: 0.058956901929543594.
[I 2026-06-01 15:00:07,545] Trial 17 finished with value: 0.017582630133132972 and parameters: {'confidence_threshold': 0.7070311848485039, 'training_days': 410, 'n_estimators': 198, 'max_depth': 4, 'num_leaves': 57, 'learning_rate': 0.02233455933190155, 'subsample': 0.5788466305672898, 'colsample_bytree': 0.8803609155918469, 'min_child_samples': 77, 'reg_alpha': 0.004041800016420272, 'reg_lambda': 7.020354078392673e-05}. Best is trial 13 with value: 0.058956901929543594.
[I 2026-06-01 15:00:07,903] A new study created in memory with name: no-name-bddfcbcc-0243-40e1-82fb-34d99c290745
[I 2026-06-01 15:00:07,992] Trial 0 finished with value: 0.0015130278025928534 and parameters: {'confidence_threshold': 0.7437642149592516, 'training_days': 150, 'n_estimators': 152, 'max_depth': 4, 'num_leaves': 50, 'learning_rate': 0.04216766425047743, 'subsample': 0.9903820991923078, 'colsample_bytree': 0.8424148692924316, 'min_child_samples': 58, 'reg_alpha': 3.381097259762742e-05, 'reg_lambda': 1.2263152961306247e-05}. Best is trial 0 with value: 0.0015130278025928534.
[I 2026-06-01 15:00:08,058] Trial 1 finished with value: -1.8799609632131058 and parameters: {'confidence_threshold': 0.7551673975844145, 'training_days': 220, 'n_estimators': 76, 'max_depth': 4, 'num_leaves': 51, 'learning_rate': 0.018602118810743477, 'subsample': 0.5877258780737462, 'colsample_bytree': 0.7657756869209191, 'min_child_samples': 63, 'reg_alpha': 0.005123994170264194, 'reg_lambda': 0.44145470178120466}. Best is trial 0 with value: 0.0015130278025928534.
[I 2026-06-01 15:00:08,329] Trial 2 finished with value: 0.01839240489260246 and parameters: {'confidence_threshold': 0.7535593637012223, 'training_days': 310, 'n_estimators': 375, 'max_depth': 3, 'num_leaves': 32, 'learning_rate': 0.021735641882032388, 'subsample': 0.6468570231944146, 'colsample_bytree': 0.8154880619272439, 'min_child_samples': 27, 'reg_alpha': 8.004064028491336e-05, 'reg_lambda': 7.546835261630524e-05}. Best is trial 2 with value: 0.01839240489260246.
[I 2026-06-01 15:00:08,505] Trial 3 finished with value: -0.007048909968658705 and parameters: {'confidence_threshold': 0.6727897841776072, 'training_days': 220, 'n_estimators': 190, 'max_depth': 4, 'num_leaves': 58, 'learning_rate': 0.24810689332636193, 'subsample': 0.7509183379421682, 'colsample_bytree': 0.8119764758960556, 'min_child_samples': 29, 'reg_alpha': 7.1708285081421445e-06, 'reg_lambda': 5.412973582738627e-05}. Best is trial 2 with value: 0.01839240489260246.
[I 2026-06-01 15:00:08,626] Trial 4 finished with value: 0.025177172705129418 and parameters: {'confidence_threshold': 0.803208205259178, 'training_days': 130, 'n_estimators': 267, 'max_depth': 5, 'num_leaves': 40, 'learning_rate': 0.08041175317374143, 'subsample': 0.5603143329951619, 'colsample_bytree': 0.9131704002534167, 'min_child_samples': 68, 'reg_alpha': 0.0008046593428183385, 'reg_lambda': 1.2158346158765583e-05}. Best is trial 4 with value: 0.025177172705129418.
[I 2026-06-01 15:00:08,852] Trial 5 finished with value: 0.006935864718463654 and parameters: {'confidence_threshold': 0.6064422761595144, 'training_days': 210, 'n_estimators': 357, 'max_depth': 5, 'num_leaves': 40, 'learning_rate': 0.0974221287220869, 'subsample': 0.7929682762811064, 'colsample_bytree': 0.8124517510478, 'min_child_samples': 74, 'reg_alpha': 0.3811377260781234, 'reg_lambda': 5.607314238392041e-08}. Best is trial 4 with value: 0.025177172705129418.
[I 2026-06-01 15:00:08,975] Trial 6 finished with value: 0.019483901358879292 and parameters: {'confidence_threshold': 0.7672889945051684, 'training_days': 130, 'n_estimators': 137, 'max_depth': 4, 'num_leaves': 19, 'learning_rate': 0.2031117614248665, 'subsample': 0.8136244860256343, 'colsample_bytree': 0.8617081790949774, 'min_child_samples': 21, 'reg_alpha': 0.002238138278733199, 'reg_lambda': 0.001025809534977322}. Best is trial 4 with value: 0.025177172705129418.
[I 2026-06-01 15:00:09,042] Trial 7 finished with value: 0.06197801970512359 and parameters: {'confidence_threshold': 0.555635875450653, 'training_days': 80, 'n_estimators': 363, 'max_depth': 3, 'num_leaves': 48, 'learning_rate': 0.06590089024008658, 'subsample': 0.6944752870615722, 'colsample_bytree': 0.962566244806993, 'min_child_samples': 88, 'reg_alpha': 1.6465620446426067e-05, 'reg_lambda': 2.4678750890085655e-08}. Best is trial 7 with value: 0.06197801970512359.
[I 2026-06-01 15:00:09,402] Trial 8 finished with value: 0.013653744115571884 and parameters: {'confidence_threshold': 0.6066688256938841, 'training_days': 200, 'n_estimators': 367, 'max_depth': 5, 'num_leaves': 32, 'learning_rate': 0.13377519215934996, 'subsample': 0.7965884582811106, 'colsample_bytree': 0.8458508993500886, 'min_child_samples': 32, 'reg_alpha': 3.889436043816386e-05, 'reg_lambda': 1.4713062489380356e-06}. Best is trial 7 with value: 0.06197801970512359.
[I 2026-06-01 15:00:09,626] Trial 9 finished with value: -0.002604683350586104 and parameters: {'confidence_threshold': 0.6202096049169137, 'training_days': 260, 'n_estimators': 350, 'max_depth': 3, 'num_leaves': 21, 'learning_rate': 0.02989540198065364, 'subsample': 0.8307821683331218, 'colsample_bytree': 0.923253112635361, 'min_child_samples': 64, 'reg_alpha': 0.4898604619604203, 'reg_lambda': 2.9076377687066166e-05}. Best is trial 7 with value: 0.06197801970512359.
[I 2026-06-01 15:00:09,657] Trial 10 finished with value: 0.03399332914618073 and parameters: {'confidence_threshold': 0.5248809389721337, 'training_days': 10, 'n_estimators': 493, 'max_depth': 3, 'num_leaves': 63, 'learning_rate': 0.010221918552934462, 'subsample': 0.667749445701178, 'colsample_bytree': 0.6202684210924141, 'min_child_samples': 99, 'reg_alpha': 1.3884210513841762e-08, 'reg_lambda': 0.02273343343290072}. Best is trial 7 with value: 0.06197801970512359.
[I 2026-06-01 15:00:09,687] Trial 11 finished with value: 0.03399332914618073 and parameters: {'confidence_threshold': 0.5048591005447424, 'training_days': 10, 'n_estimators': 493, 'max_depth': 3, 'num_leaves': 63, 'learning_rate': 0.010535067237031162, 'subsample': 0.6714365294218261, 'colsample_bytree': 0.6012148974081734, 'min_child_samples': 100, 'reg_alpha': 1.0389779167265952e-08, 'reg_lambda': 0.024688016606578794}. Best is trial 7 with value: 0.06197801970512359.
[I 2026-06-01 15:00:09,944] Trial 12 finished with value: 0.011875046866093125 and parameters: {'confidence_threshold': 0.5106153216696881, 'training_days': 470, 'n_estimators': 498, 'max_depth': 3, 'num_leaves': 51, 'learning_rate': 0.05809128784912797, 'subsample': 0.6772104159737814, 'colsample_bytree': 0.5773925919454104, 'min_child_samples': 100, 'reg_alpha': 1.5145546872493305e-08, 'reg_lambda': 0.007411726388141345}. Best is trial 7 with value: 0.06197801970512359.
