[I 2026-06-01 15:00:56,713] Trial 9 finished with value: 0.077350558708332 and parameters: {'confidence_threshold': 0.6202096049169137, 'training_days': 260, 'n_estimators': 350, 'max_depth': 3, 'num_leaves': 21, 'learning_rate': 0.02989540198065364, 'subsample': 0.8307821683331218, 'colsample_bytree': 0.923253112635361, 'min_child_samples': 64, 'reg_alpha': 0.4898604619604203, 'reg_lambda': 2.9076377687066166e-05}. Best is trial 1 with value: 0.2359847638211529.
[I 2026-06-01 15:00:57,227] Trial 10 finished with value: 0.005407171897449962 and parameters: {'confidence_threshold': 0.8445241688507242, 'training_days': 470, 'n_estimators': 493, 'max_depth': 4, 'num_leaves': 63, 'learning_rate': 0.010221918552934462, 'subsample': 0.5019190721168774, 'colsample_bytree': 0.6202684210924141, 'min_child_samples': 47, 'reg_alpha': 2.371385268938747e-08, 'reg_lambda': 1.7987349911222597}. Best is trial 1 with value: 0.2359847638211529.
[I 2026-06-01 15:00:57,302] Trial 11 finished with value: 0.0713248509917946 and parameters: {'confidence_threshold': 0.7174288593751746, 'training_days': 360, 'n_estimators': 51, 'max_depth': 4, 'num_leaves': 51, 'learning_rate': 0.0331806759289438, 'subsample': 0.9939949979825393, 'colsample_bytree': 0.6778283959364831, 'min_child_samples': 50, 'reg_alpha': 0.01678787532514755, 'reg_lambda': 0.03134201620075969}. Best is trial 1 with value: 0.2359847638211529.
[I 2026-06-01 15:00:57,330] Trial 12 finished with value: -4.163407448314992 and parameters: {'confidence_threshold': 0.6789515673021892, 'training_days': 10, 'n_estimators': 51, 'max_depth': 4, 'num_leaves': 50, 'learning_rate': 0.014028033044974946, 'subsample': 0.9918302937157114, 'colsample_bytree': 0.5201164353688423, 'min_child_samples': 82, 'reg_alpha': 3.9876523655594356e-07, 'reg_lambda': 1.8964102829886358}. Best is trial 1 with value: 0.2359847638211529.
[I 2026-06-01 15:00:57,477] Trial 13 finished with value: 0.11124548106647084 and parameters: {'confidence_threshold': 0.7322443982211909, 'training_days': 390, 'n_estimators': 142, 'max_depth': 4, 'num_leaves': 56, 'learning_rate': 0.04317436237981049, 'subsample': 0.9227064439647955, 'colsample_bytree': 0.7095912717541534, 'min_child_samples': 51, 'reg_alpha': 0.02212400504760266, 'reg_lambda': 0.007333862701978235}. Best is trial 1 with value: 0.2359847638211529.
[I 2026-06-01 15:00:57,538] Trial 14 finished with value: -1.9321321715133053 and parameters: {'confidence_threshold': 0.809278752346717, 'training_days': 130, 'n_estimators': 140, 'max_depth': 4, 'num_leaves': 44, 'learning_rate': 0.019196441169699735, 'subsample': 0.631578916253097, 'colsample_bytree': 0.7592258038023298, 'min_child_samples': 95, 'reg_alpha': 1.1965699977759898e-06, 'reg_lambda': 0.07597426064842482}. Best is trial 1 with value: 0.2359847638211529.
[I 2026-06-01 15:00:57,571] Trial 15 finished with value: -0.07893382652763156 and parameters: {'confidence_threshold': 0.5026055290809989, 'training_days': 30, 'n_estimators': 215, 'max_depth': 5, 'num_leaves': 32, 'learning_rate': 0.050220501555334834, 'subsample': 0.8935444132261452, 'colsample_bytree': 0.6207525605252069, 'min_child_samples': 59, 'reg_alpha': 7.748786179955331, 'reg_lambda': 9.294665025482195e-07}. Best is trial 1 with value: 0.2359847638211529.
[I 2026-06-01 15:00:57,666] Trial 16 finished with value: 0.06703208131050822 and parameters: {'confidence_threshold': 0.6895969776345453, 'training_days': 270, 'n_estimators': 98, 'max_depth': 3, 'num_leaves': 55, 'learning_rate': 0.022803843468333244, 'subsample': 0.5824016374699942, 'colsample_bytree': 0.7501381308789907, 'min_child_samples': 44, 'reg_alpha': 0.0031797903068513833, 'reg_lambda': 0.0011851914220039404}. Best is trial 1 with value: 0.2359847638211529.
[I 2026-06-01 15:00:57,793] Trial 17 finished with value: 0.1898830907364677 and parameters: {'confidence_threshold': 0.7910249929504827, 'training_days': 170, 'n_estimators': 220, 'max_depth': 4, 'num_leaves': 62, 'learning_rate': 0.03609608110879989, 'subsample': 0.6952817343686938, 'colsample_bytree': 0.6685153012683565, 'min_child_samples': 75, 'reg_alpha': 0.00044840837681558, 'reg_lambda': 0.25697142674724976}. Best is trial 1 with value: 0.2359847638211529.

  [label] 2024-04-09 00:00 BTCUSDT entry=70444.0000 → SHORT | long=sl(-3.91%) short=tp(+7.51%) | scanned=14 | short_tp_only
  [label] 2024-07-04 08:00 BTCUSDT entry=58137.6000 → SHORT | long=sl(-3.99%) short=tp(+7.68%) | scanned=2 | short_tp_only
  Labels: 1176 long (54.2%), 995 short (45.8%) | weights: min=1.00, mean=3.63, max=10.00
  Features: 2171/2171 matched, 47 columns
  CV gap: 22 rows
  [ensemble 1/3] seed=42
    [trial 0] 47 features, training_days=480 | threshold=0.631 | labels: 1176 long, 995 short (54/46%)
    [CV fold 0] train_end=2022-11-23 08:00 | val_start=2022-12-01 00:00 | gap=184h (22 rows)
    [CV fold 1] train_end=2023-03-23 16:00 | val_start=2023-03-31 08:00 | gap=184h (22 rows)
    [CV fold 2] train_end=2023-07-22 00:00 | val_start=2023-07-29 16:00 | gap=184h (22 rows)
    [CV fold 3] train_end=2023-11-19 08:00 | val_start=2023-11-27 00:00 | gap=184h (22 rows)
    [CV fold 4] train_end=2024-03-18 16:00 | val_start=2024-03-26 08:00 | gap=184h (22 rows)
    [trial 0] Sharpe=0.0976 (folds: -0.0492, 0.0160, 0.1727, 0.3151, 0.0336)
    [trial 1] 47 features, training_days=420 | threshold=0.839 | labels: 1176 long, 995 short (54/46%)
    [trial 1] Sharpe=0.1297 (folds: -0.0995, 0.4216, 0.0983, 0.4542, -0.2263)
    [trial 2] 47 features, training_days=190 | threshold=0.602 | labels: 1176 long, 995 short (54/46%)
    [trial 2] Sharpe=0.1126 (folds: 0.0740, 0.1966, 0.2133, 0.0676, 0.0114)
    [trial 3] 47 features, training_days=490 | threshold=0.832 | labels: 1176 long, 995 short (54/46%)
    [trial 3] Sharpe=0.1255 (folds: -0.0110, 0.0774, 0.2350, 0.3486, -0.0226)
    [trial 4] 47 features, training_days=340 | threshold=0.591 | labels: 1176 long, 995 short (54/46%)
    [trial 4] Sharpe=0.0766 (folds: -0.0126, 0.0931, 0.0831, 0.1626, 0.0569)
    [trial 5] 47 features, training_days=50 | threshold=0.823 | labels: 1176 long, 995 short (54/46%)
    [trial 5] Sharpe=-1.9562 (folds: -0.2951, 0.4951, -10.0000, -0.0687, 0.0877)
    [trial 6] 47 features, training_days=410 | threshold=0.549 | labels: 1176 long, 995 short (54/46%)
    [trial 6] Sharpe=0.0653 (folds: -0.1011, 0.0378, 0.1156, 0.2192, 0.0551)
    [trial 7] 47 features, training_days=180 | threshold=0.526 | labels: 1176 long, 995 short (54/46%)
    [trial 7] Sharpe=0.0400 (folds: -0.0855, 0.0877, 0.0855, 0.1224, -0.0099)
    [trial 8] 47 features, training_days=240 | threshold=0.811 | labels: 1176 long, 995 short (54/46%)
    [trial 8] Sharpe=0.0431 (folds: 0.0215, 0.0678, 0.2221, -0.0588, -0.0373)
    [trial 9] 47 features, training_days=20 | threshold=0.538 | labels: 1176 long, 995 short (54/46%)
    [trial 9] Sharpe=-0.0684 (folds: -0.1138, -0.1555, -0.4735, 0.3441, 0.0565)
    [trial 10] 47 features, training_days=350 | threshold=0.729 | labels: 1176 long, 995 short (54/46%)
    [trial 10] Sharpe=0.1220 (folds: -0.0576, 0.1087, 0.2398, 0.2938, 0.0251)
    [trial 11] 47 features, training_days=490 | threshold=0.744 | labels: 1176 long, 995 short (54/46%)
    [trial 11] Sharpe=0.0930 (folds: 0.0369, 0.0533, 0.1511, 0.2772, -0.0535)
    [trial 12] 47 features, training_days=410 | threshold=0.848 | labels: 1176 long, 995 short (54/46%)
    [trial 12] Sharpe=0.1514 (folds: 0.0153, 0.1413, 0.2343, 0.3337, 0.0321)
    [trial 13] 47 features, training_days=380 | threshold=0.755 | labels: 1176 long, 995 short (54/46%)
    [trial 13] Sharpe=0.0962 (folds: 0.0227, 0.0542, 0.1945, 0.2178, -0.0081)
    [trial 14] 47 features, training_days=280 | threshold=0.787 | labels: 1176 long, 995 short (54/46%)
    [trial 14] Sharpe=0.0830 (folds: 0.0420, 0.0878, 0.2152, 0.2452, -0.1752)
    [trial 15] 47 features, training_days=420 | threshold=0.682 | labels: 1176 long, 995 short (54/46%)
    [trial 15] Sharpe=0.1018 (folds: -0.0436, 0.0941, 0.1575, 0.2296, 0.0713)
    [trial 16] 47 features, training_days=290 | threshold=0.676 | labels: 1176 long, 995 short (54/46%)
    [trial 16] Sharpe=0.0990 (folds: 0.0157, 0.0703, 0.2792, 0.2598, -0.1298)
    [trial 17] 47 features, training_days=420 | threshold=0.843 | labels: 1176 long, 995 short (54/46%)
    [trial 17] Sharpe=0.1034 (folds: -0.0434, 0.0545, 0.2139, 0.2466, 0.0454)
  Optuna: 18 trials, best Sharpe = 0.1514
  Best params: n_estimators=235, max_depth=3, lr=0.1126, leaves=15
  Best confidence_threshold: 0.848
  Best training_days: 410
  Retrained on full data (1230 samples, 47 features)
  [ensemble 2/3] seed=123
    [trial 0] 47 features, training_days=150 | threshold=0.744 | labels: 1176 long, 995 short (54/46%)
    [CV fold 0] train_end=2022-11-23 08:00 | val_start=2022-12-01 00:00 | gap=184h (22 rows)
    [CV fold 1] train_end=2023-03-23 16:00 | val_start=2023-03-31 08:00 | gap=184h (22 rows)
    [CV fold 2] train_end=2023-07-22 00:00 | val_start=2023-07-29 16:00 | gap=184h (22 rows)
    [CV fold 3] train_end=2023-11-19 08:00 | val_start=2023-11-27 00:00 | gap=184h (22 rows)
    [CV fold 4] train_end=2024-03-18 16:00 | val_start=2024-03-26 08:00 | gap=184h (22 rows)
    [trial 0] Sharpe=0.1432 (folds: 0.0196, 0.3440, 0.2094, 0.1464, -0.0036)
    [trial 1] 47 features, training_days=220 | threshold=0.755 | labels: 1176 long, 995 short (54/46%)
    [trial 1] Sharpe=0.2360 (folds: -0.2117, 0.3704, 0.8947, 0.2041, -0.0777)
    [trial 2] 47 features, training_days=310 | threshold=0.754 | labels: 1176 long, 995 short (54/46%)
    [trial 2] Sharpe=0.1270 (folds: -0.0227, 0.1622, 0.1346, 0.4042, -0.0434)
    [trial 3] 47 features, training_days=220 | threshold=0.673 | labels: 1176 long, 995 short (54/46%)
    [trial 3] Sharpe=0.0553 (folds: -0.0401, 0.0793, 0.1936, 0.0917, -0.0480)
    [trial 4] 47 features, training_days=130 | threshold=0.803 | labels: 1176 long, 995 short (54/46%)
    [trial 4] Sharpe=0.0638 (folds: -0.0040, 0.2523, 0.0191, -0.0068, 0.0586)
    [trial 5] 47 features, training_days=210 | threshold=0.606 | labels: 1176 long, 995 short (54/46%)
    [trial 5] Sharpe=0.0601 (folds: 0.0896, 0.0798, 0.2020, -0.0261, -0.0449)
    [trial 6] 47 features, training_days=130 | threshold=0.767 | labels: 1176 long, 995 short (54/46%)
    [trial 6] Sharpe=0.0572 (folds: 0.0054, 0.0748, 0.1488, 0.0473, 0.0095)
    [trial 7] 47 features, training_days=80 | threshold=0.556 | labels: 1176 long, 995 short (54/46%)
    [trial 7] Sharpe=0.0631 (folds: 0.0263, 0.0389, 0.1086, 0.3461, -0.2042)
    [trial 8] 47 features, training_days=200 | threshold=0.607 | labels: 1176 long, 995 short (54/46%)
    [trial 8] Sharpe=0.1008 (folds: 0.0320, 0.0964, 0.2569, 0.1105, 0.0085)
    [trial 9] 47 features, training_days=260 | threshold=0.620 | labels: 1176 long, 995 short (54/46%)
    [trial 9] Sharpe=0.0774 (folds: 0.0273, 0.0565, 0.1902, 0.1318, -0.0191)
    [trial 10] 47 features, training_days=470 | threshold=0.845 | labels: 1176 long, 995 short (54/46%)
    [trial 10] Sharpe=0.0054 (folds: -0.1191, 0.2243, -0.2503, 0.1589, 0.0132)
    [trial 11] 47 features, training_days=360 | threshold=0.717 | labels: 1176 long, 995 short (54/46%)
    [trial 11] Sharpe=0.0713 (folds: -0.2058, 0.1794, 0.0281, 0.4204, -0.0655)
    [trial 12] 47 features, training_days=10 | threshold=0.679 | labels: 1176 long, 995 short (54/46%)
    [trial 12] Sharpe=-4.1634 (folds: -0.1138, -10.0000, -0.4735, -0.2298, -10.0000)
    [trial 13] 47 features, training_days=390 | threshold=0.732 | labels: 1176 long, 995 short (54/46%)
    [trial 13] Sharpe=0.1112 (folds: -0.0284, 0.1158, 0.1969, 0.2896, -0.0175)
    [trial 14] 47 features, training_days=130 | threshold=0.809 | labels: 1176 long, 995 short (54/46%)
    [trial 14] Sharpe=-1.9321 (folds: 0.2215, 0.1455, 0.5548, -10.0000, -0.5825)
    [trial 15] 47 features, training_days=30 | threshold=0.503 | labels: 1176 long, 995 short (54/46%)
    [trial 15] Sharpe=-0.0789 (folds: -0.1138, -0.1555, -0.4735, 0.3441, 0.0040)
    [trial 16] 47 features, training_days=270 | threshold=0.690 | labels: 1176 long, 995 short (54/46%)
    [trial 16] Sharpe=0.0670 (folds: -0.1013, 0.1722, 0.2180, 0.1040, -0.0578)
    [trial 17] 47 features, training_days=170 | threshold=0.791 | labels: 1176 long, 995 short (54/46%)
    [trial 17] Sharpe=0.1899 (folds: -0.1255, 0.3828, 0.3633, 0.3403, -0.0114)
  Optuna: 18 trials, best Sharpe = 0.2360
  Best params: n_estimators=76, max_depth=4, lr=0.0186, leaves=51[I 2026-06-01 15:00:58,153] A new study created in memory with name: no-name-09fc6fd8-8c3e-4240-b11f-9785fae8aeb7
[I 2026-06-01 15:00:58,383] Trial 0 finished with value: -0.011730676137300361 and parameters: {'confidence_threshold': 0.5870645682749857, 'training_days': 90, 'n_estimators': 403, 'max_depth': 5, 'num_leaves': 45, 'learning_rate': 0.0780457193679974, 'subsample': 0.9428509515574568, 'colsample_bytree': 0.8795587339164916, 'min_child_samples': 34, 'reg_alpha': 2.2465901234314442e-07, 'reg_lambda': 8.339007036475363e-05}. Best is trial 0 with value: -0.011730676137300361.
[I 2026-06-01 15:00:58,502] Trial 1 finished with value: 0.06818346875061229 and parameters: {'confidence_threshold': 0.6348453934275313, 'training_days': 290, 'n_estimators': 115, 'max_depth': 5, 'num_leaves': 37, 'learning_rate': 0.06949568759029946, 'subsample': 0.8228505074024268, 'colsample_bytree': 0.8616703220431751, 'min_child_samples': 75, 'reg_alpha': 4.2486822725010923e-07, 'reg_lambda': 1.157247767047042e-07}. Best is trial 1 with value: 0.06818346875061229.
[I 2026-06-01 15:00:58,520] Trial 2 finished with value: -0.15800533604289924 and parameters: {'confidence_threshold': 0.5849570384370288, 'training_days': 10, 'n_estimators': 212, 'max_depth': 3, 'num_leaves': 41, 'learning_rate': 0.18452095998378365, 'subsample': 0.6001060822924371, 'colsample_bytree': 0.5673167293506167, 'min_child_samples': 37, 'reg_alpha': 5.733250064217131, 'reg_lambda': 0.5308454292595461}. Best is trial 1 with value: 0.06818346875061229.
[I 2026-06-01 15:00:58,602] Trial 3 finished with value: 0.10877510233714223 and parameters: {'confidence_threshold': 0.6868248626683718, 'training_days': 220, 'n_estimators': 134, 'max_depth': 3, 'num_leaves': 45, 'learning_rate': 0.033529007907491595, 'subsample': 0.8647277071858408, 'colsample_bytree': 0.778494116634046, 'min_child_samples': 96, 'reg_alpha': 2.409409937265785e-07, 'reg_lambda': 1.1642073478060009}. Best is trial 3 with value: 0.10877510233714223.
[I 2026-06-01 15:00:58,693] Trial 4 finished with value: 0.08212554578017288 and parameters: {'confidence_threshold': 0.5623121348350352, 'training_days': 300, 'n_estimators': 69, 'max_depth': 4, 'num_leaves': 32, 'learning_rate': 0.14967629360700346, 'subsample': 0.5054535233636654, 'colsample_bytree': 0.7401385194659216, 'min_child_samples': 27, 'reg_alpha': 1.4212042567426725e-07, 'reg_lambda': 0.23605753701352003}. Best is trial 3 with value: 0.10877510233714223.
[I 2026-06-01 15:00:59,116] Trial 5 finished with value: 0.10291009209215649 and parameters: {'confidence_threshold': 0.7111850244908446, 'training_days': 490, 'n_estimators': 362, 'max_depth': 5, 'num_leaves': 40, 'learning_rate': 0.05960785724162737, 'subsample': 0.5589714368907717, 'colsample_bytree': 0.6659006943232806, 'min_child_samples': 42, 'reg_alpha': 0.6741360303045295, 'reg_lambda': 6.054601607143087e-08}. Best is trial 3 with value: 0.10877510233714223.
[I 2026-06-01 15:00:59,289] Trial 6 finished with value: 0.10558795368114349 and parameters: {'confidence_threshold': 0.667482545748023, 'training_days': 420, 'n_estimators': 279, 'max_depth': 3, 'num_leaves': 45, 'learning_rate': 0.040099592560849204, 'subsample': 0.8563114696415159, 'colsample_bytree': 0.5442917781944105, 'min_child_samples': 50, 'reg_alpha': 1.6407916423707903e-08, 'reg_lambda': 2.935907642973286e-05}. Best is trial 3 with value: 0.10877510233714223.
[I 2026-06-01 15:00:59,444] Trial 7 finished with value: 0.014841296613515752 and parameters: {'confidence_threshold': 0.5497381024139926, 'training_days': 120, 'n_estimators': 408, 'max_depth': 5, 'num_leaves': 38, 'learning_rate': 0.28049122657745795, 'subsample': 0.8806573338635493, 'colsample_bytree': 0.5454054113547102, 'min_child_samples': 63, 'reg_alpha': 0.01263008637940408, 'reg_lambda': 0.04588020805366937}. Best is trial 3 with value: 0.10877510233714223.
[I 2026-06-01 15:00:59,711] Trial 8 finished with value: 0.08181665482162596 and parameters: {'confidence_threshold': 0.719644804808716, 'training_days': 450, 'n_estimators': 410, 'max_depth': 4, 'num_leaves': 57, 'learning_rate': 0.04022026551478857, 'subsample': 0.5336085426932707, 'colsample_bytree': 0.5705742850577543, 'min_child_samples': 100, 'reg_alpha': 5.916398047912201e-07, 'reg_lambda': 0.9794034214488329}. Best is trial 3 with value: 0.10877510233714223.
[I 2026-06-01 15:00:59,733] Trial 9 finished with value: -6.125804656394928 and parameters: {'confidence_threshold': 0.7267463643917187, 'training_days': 20, 'n_estimators': 337, 'max_depth': 5, 'num_leaves': 23, 'learning_rate': 0.022153031811454605, 'subsample': 0.6305627572358737, 'colsample_bytree': 0.6613413774216214, 'min_child_samples': 81, 'reg_alpha': 5.7638634029410314e-08, 'reg_lambda': 8.26603016764008}. Best is trial 3 with value: 0.10877510233714223.
[I 2026-06-01 15:00:59,841] Trial 10 finished with value: -5.903512641860571 and parameters: {'confidence_threshold': 0.8283920119574972, 'training_days': 200, 'n_estimators': 181, 'max_depth': 3, 'num_leaves': 62, 'learning_rate': 0.011579281028220855, 'subsample': 0.7130289643560688, 'colsample_bytree': 0.9944479338273263, 'min_child_samples': 100, 'reg_alpha': 6.837313901272251e-05, 'reg_lambda': 0.0027253228209330924}. Best is trial 3 with value: 0.10877510233714223.
[I 2026-06-01 15:01:00,022] Trial 11 finished with value: 0.12533167923747776 and parameters: {'confidence_threshold': 0.6624828863039158, 'training_days': 380, 'n_estimators': 241, 'max_depth': 3, 'num_leaves': 50, 'learning_rate': 0.029354876456257728, 'subsample': 0.9833364932696866, 'colsample_bytree': 0.8016610248739169, 'min_child_samples': 55, 'reg_alpha': 2.573708591509265e-05, 'reg_lambda': 9.46041867677697e-06}. Best is trial 11 with value: 0.12533167923747776.
[I 2026-06-01 15:01:00,207] Trial 12 finished with value: 0.08812035924777858 and parameters: {'confidence_threshold': 0.7941244016450042, 'training_days': 360, 'n_estimators': 198, 'max_depth': 4, 'num_leaves': 54, 'learning_rate': 0.01924681962976845, 'subsample': 0.9946701575622037, 'colsample_bytree': 0.8360023000930683, 'min_child_samples': 62, 'reg_alpha': 5.113460481149383e-05, 'reg_lambda': 1.4304147444691813e-06}. Best is trial 11 with value: 0.12533167923747776.
[I 2026-06-01 15:01:00,307] Trial 13 finished with value: 0.05069120026863586 and parameters: {'confidence_threshold': 0.5040535938350955, 'training_days': 210, 'n_estimators': 140, 'max_depth': 3, 'num_leaves': 52, 'learning_rate': 0.023468126747120118, 'subsample': 0.7750964207843904, 'colsample_bytree': 0.7704197786801941, 'min_child_samples': 82, 'reg_alpha': 8.465942575614097e-06, 'reg_lambda': 0.004344943341578826}. Best is trial 11 with value: 0.12533167923747776.
[I 2026-06-01 15:01:00,667] Trial 14 finished with value: 0.07655220750098775 and parameters: {'confidence_threshold': 0.6439954054899397, 'training_days': 360, 'n_estimators': 500, 'max_depth': 3, 'num_leaves': 49, 'learning_rate': 0.03623679847223235, 'subsample': 0.9294526207842858, 'colsample_bytree': 0.9309168871218617, 'min_child_samples': 49, 'reg_alpha': 0.007558490788345549, 'reg_lambda': 3.4434451829477042e-06}. Best is trial 11 with value: 0.12533167923747776.
[I 2026-06-01 15:01:00,827] Trial 15 finished with value: 0.15788197421188924 and parameters: {'confidence_threshold': 0.7594279795954488, 'training_days': 220, 'n_estimators': 270, 'max_depth': 3, 'num_leaves': 27, 'learning_rate': 0.010002670358528643, 'subsample': 0.9952976900907039, 'colsample_bytree': 0.7685657833118147, 'min_child_samples': 70, 'reg_alpha': 4.99025556679806e-06, 'reg_lambda': 0.0013467843257158065}. Best is trial 15 with value: 0.15788197421188924.
[I 2026-06-01 15:01:01,062] Trial 16 finished with value: 0.04134201471528529 and parameters: {'confidence_threshold': 0.7643075359322464, 'training_days': 370, 'n_estimators': 275, 'max_depth': 4, 'num_leaves': 15, 'learning_rate': 0.01013243387073345, 'subsample': 0.9856450508248727, 'colsample_bytree': 0.7080662828150331, 'min_child_samples': 69, 'reg_alpha': 0.002749831574259053, 'reg_lambda': 0.000855876310048679}. Best is trial 15 with value: 0.15788197421188924.
