[I 2026-06-01 14:59:23,521] Trial 4 finished with value: -0.05089599647231054 and parameters: {'confidence_threshold': 0.5905729935600059, 'training_days': 340, 'n_estimators': 190, 'max_depth': 4, 'num_leaves': 41, 'learning_rate': 0.01875220945578641, 'subsample': 0.9847923138822793, 'colsample_bytree': 0.8875664116805573, 'min_child_samples': 96, 'reg_alpha': 1.1309571585271483, 'reg_lambda': 0.002404915432737351}. Best is trial 2 with value: -0.03367573746439821.

    [trial 7] 47 features, training_days=120 | threshold=0.550 | labels: 1041 long, 1127 short (48/52%)
    [trial 7] Sharpe=-0.0591 (folds: -0.0779, -0.1380, -0.0987, 0.0574, -0.0386)
    [trial 8] 47 features, training_days=450 | threshold=0.720 | labels: 1041 long, 1127 short (48/52%)
    [trial 8] Sharpe=0.0375 (folds: -0.0894, 0.2181, -0.2625, 0.0180, 0.3033)
    [trial 9] 47 features, training_days=20 | threshold=0.727 | labels: 1041 long, 1127 short (48/52%)
    [trial 9] Sharpe=-7.9612 (folds: 0.1941, -10.0000, -10.0000, -10.0000, -10.0000)
    [trial 10] 47 features, training_days=200 | threshold=0.828 | labels: 1041 long, 1127 short (48/52%)
    [trial 10] Sharpe=-5.9261 (folds: -10.0000, 0.2502, -10.0000, 0.1191, -10.0000)
    [trial 11] 47 features, training_days=380 | threshold=0.777 | labels: 1041 long, 1127 short (48/52%)
    [trial 11] Sharpe=0.0262 (folds: -0.0448, 0.2234, -0.3143, -0.0922, 0.3590)
    [trial 12] 47 features, training_days=200 | threshold=0.745 | labels: 1041 long, 1127 short (48/52%)
    [trial 12] Sharpe=0.0539 (folds: -0.0214, 0.0708, -0.1935, 0.0731, 0.3407)
    [trial 13] 47 features, training_days=200 | threshold=0.796 | labels: 1041 long, 1127 short (48/52%)
    [trial 13] Sharpe=0.1533 (folds: 0.0820, 0.1523, -0.2059, 0.1067, 0.6316)
    [trial 14] 47 features, training_days=210 | threshold=0.847 | labels: 1041 long, 1127 short (48/52%)
    [trial 14] Sharpe=-5.9474 (folds: 0.4221, -10.0000, -0.1593, -10.0000, -10.0000)
    [trial 15] 47 features, training_days=130 | threshold=0.786 | labels: 1041 long, 1127 short (48/52%)
    [trial 15] Sharpe=0.1261 (folds: 0.1425, -0.1790, -0.0456, 0.3408, 0.3717)
    [trial 16] 47 features, training_days=350 | threshold=0.644 | labels: 1041 long, 1127 short (48/52%)
    [trial 16] Sharpe=0.0253 (folds: 0.0566, 0.1669, -0.2145, -0.0480, 0.1653)
    [trial 17] 47 features, training_days=250 | threshold=0.508 | labels: 1041 long, 1127 short (48/52%)
    [trial 17] Sharpe=0.0010 (folds: -0.0980, 0.0896, -0.1147, -0.0354, 0.1637)
  Optuna: 18 trials, best Sharpe = 0.1533
  Best params: n_estimators=494, max_depth=4, lr=0.0139, leaves=52
  Best confidence_threshold: 0.796
  Best training_days: 200
  Retrained on full data (600 samples, 47 features)
  OOD: 16 features, cutoff (q=0.7) = 10.59
  Model trained for 2023-11: 90 test candles with features, confidence_threshold=0.787
[trade:close] 2023-11-01 23:59 BTCUSDT SHORT → stop_loss @ 35395.50 | PnL=-3.22% (net -3.32%) | cum=-25.63% 2023-11=-3.32% 2023-11-01=-3.32%
[predict] 2023-11-03 00:00 BTCUSDT → LONG (proba=0.87 TP=7.7%/SL=3.8%)
[trade:open] 2023-11-03 07:59 BTCUSDT LONG @ 34470.00 | SL=33151.41 TP=37107.19 | timeout=2023-11-10 07:59
[trade:close] 2023-11-09 15:59 BTCUSDT LONG → take_profit @ 37107.19 | PnL=+7.65% (net +7.55%) | cum=-18.08% 2023-11=+4.23% 2023-11-09=+7.55%
[predict] 2023-11-16 00:00 BTCUSDT → SHORT (proba=0.87 TP=7.8%/SL=3.9%)
[trade:open] 2023-11-16 07:59 BTCUSDT SHORT @ 37460.70 | SL=38914.65 TP=34552.81 | timeout=2023-11-23 07:59
[trade:close] 2023-11-23 08:00 BTCUSDT SHORT → timeout @ 37378.50 | PnL=+0.22% (net +0.12%) | cum=-17.96% 2023-11=+4.35% 2023-11-23=+0.12%
[predict] 2023-11-24 00:00 BTCUSDT → SHORT (proba=0.87 TP=7.1%/SL=3.5%)
[trade:open] 2023-11-24 07:59 BTCUSDT SHORT @ 37531.10 | SL=38854.13 TP=34885.04 | timeout=2023-12-01 07:59
[lgbm] === Training for 2023-12 ===
  Train window: 2021-12-01 → 2023-11-23
  2168 training samples from 1 symbols
  Samples per month: 2021-12: 93, 2022-01: 93, 2022-02: 84, 2022-03: 93, 2022-04: 90, 2022-05: 93, 2022-06: 90, 2022-07: 93, 2022-08: 93, 2022-09: 90, 2022-10: 93, 2022-11: 90, 2022-12: 93, 2023-01: 93, 2023-02: 84, 2023-03: 93, 2023-04: 90, 2023-05: 93, 2023-06: 90, 2023-07: 93, 2023-08: 93, 2023-09: 90, 2023-10: 93, 2023-11: 68
  [label] 2022-01-31 16:00 BTCUSDT entry=38439.0400 → LONG | long=sl(-5.64%) short=sl(-5.64%) | scanned=12 | no_tp→fwd_return=+8.0932
  [label] 2022-02-02 16:00 BTCUSDT entry=36892.0300 → LONG | long=tp(+10.47%) short=sl(-5.38%) | scanned=6 | long_tp_only
  [label] 2022-02-06 16:00 BTCUSDT entry=42361.3500 → SHORT | long=timeout(-0.86%) short=sl(-4.78%) | scanned=22 | no_tp→fwd_return=-0.7559
  [label] 2022-03-03 08:00 BTCUSDT entry=42549.5000 → SHORT | long=sl(-6.78%) short=timeout(+7.88%) | scanned=22 | no_tp→fwd_return=-7.9761
  [label] 2022-04-24 16:00 BTCUSDT entry=39433.4000 → SHORT | long=sl(-3.83%) short=timeout(+2.42%) | scanned=22 | no_tp→fwd_return=-2.5179
  [label] 2022-10-07 16:00 BTCUSDT entry=19520.9000 → SHORT | long=sl(-3.99%) short=tp(+7.67%) | scanned=17 | short_tp_only
  [label] 2022-10-11 16:00 BTCUSDT entry=19055.0000 → SHORT | long=sl(-2.96%) short=tp(+5.62%) | scanned=5 | short_tp_only
  [label] 2022-10-22 08:00 BTCUSDT entry=19223.7000 → LONG | long=tp(+4.55%) short=sl(-2.42%) | scanned=10 | long_tp_only
  [label] 2022-12-06 08:00 BTCUSDT entry=16974.9000 → LONG | long=tp(+4.89%) short=sl(-2.59%) | scanned=21 | long_tp_only
  [label] 2022-12-14 16:00 BTCUSDT entry=17803.9000 → SHORT | long=sl(-2.96%) short=tp(+5.61%) | scanned=6 | short_tp_only
  [label] 2023-03-15 00:00 BTCUSDT entry=24892.0000 → LONG | long=tp(+14.33%) short=sl(-7.31%) | scanned=16 | long_tp_only
  [label] 2023-04-16 00:00 BTCUSDT entry=30330.8000 → SHORT | long=sl(-2.77%) short=tp(+5.23%) | scanned=11 | short_tp_only
  [label] 2023-05-02 00:00 BTCUSDT entry=28045.0000 → SHORT | long=timeout(-1.51%) short=sl(-4.08%) | scanned=22 | no_tp→fwd_return=-1.4109
  [label] 2023-05-14 16:00 BTCUSDT entry=26901.9000 → SHORT | long=timeout(-0.73%) short=timeout(+0.53%) | scanned=22 | no_tp→fwd_return=-0.6286
  [label] 2023-06-02 08:00 BTCUSDT entry=27081.3000 → SHORT | long=sl(-3.20%) short=tp(+6.09%) | scanned=10 | short_tp_only
  [label] 2023-06-08 16:00 BTCUSDT entry=26485.9000 → SHORT | long=sl(-3.53%) short=timeout(+3.30%) | scanned=22 | no_tp→fwd_return=-3.3973
  [label] 2023-06-21 00:00 BTCUSDT entry=28860.4000 → LONG | long=tp(+6.77%) short=sl(-3.54%) | scanned=7 | long_tp_only
  [label] 2023-07-30 08:00 BTCUSDT entry=29337.1000 → LONG | long=sl(-1.55%) short=sl(-1.55%) | scanned=8 | no_tp→fwd_return=+0.7942
  [label] 2023-08-09 08:00 BTCUSDT entry=29749.4000 → SHORT | long=sl(-2.16%) short=timeout(+2.09%) | scanned=22 | no_tp→fwd_return=-2.1896
  [label] 2023-11-03 08:00 BTCUSDT entry=34759.5000 → LONG | long=tp(+7.46%) short=sl(-3.88%) | scanned=18 | long_tp_only
  Labels: 1080 long (49.8%), 1088 short (50.2%) | weights: min=1.00, mean=2.96, max=10.00
  Features: 2168/2168 matched, 47 columns
  CV gap: 22 rows
  [ensemble 1/3] seed=42
    [trial 0] 47 features, training_days=480 | threshold=0.631 | labels: 1080 long, 1088 short (50/50%)
    [CV fold 0] train_end=2022-03-24 08:00 | val_start=2022-04-01 00:00 | gap=184h (22 rows)
    [CV fold 1] train_end=2022-07-22 16:00 | val_start=2022-07-30 08:00 | gap=184h (22 rows)
    [CV fold 2] train_end=2022-11-20 00:00 | val_start=2022-11-27 16:00 | gap=184h (22 rows)
    [CV fold 3] train_end=2023-03-20 08:00 | val_start=2023-03-28 00:00 | gap=184h (22 rows)
    [CV fold 4] train_end=2023-07-18 16:00 | val_start=2023-07-26 08:00 | gap=184h (22 rows)
    [trial 0] Sharpe=-0.0623 (folds: -0.1878, -0.3323, -0.1116, 0.1003, 0.2201)
    [trial 1] 47 features, training_days=420 | threshold=0.839 | labels: 1080 long, 1088 short (50/50%)
    [trial 1] Sharpe=-6.0556 (folds: -0.1193, -10.0000, -0.1589, -10.0000, -10.0000)
    [trial 2] 47 features, training_days=190 | threshold=0.602 | labels: 1080 long, 1088 short (50/50%)
    [trial 2] Sharpe=-0.0337 (folds: -0.1512, -0.3549, -0.1344, 0.1697, 0.3025)
    [trial 3] 47 features, training_days=490 | threshold=0.832 | labels: 1080 long, 1088 short (50/50%)
    [trial 3] Sharpe=-0.0395 (folds: -0.0489, -0.2898, -0.1688, 0.1207, 0.1895)
    [trial 4] 47 features, training_days=340 | threshold=0.591 | labels: 1080 long, 1088 short (50/50%)
    [trial 4] Sharpe=-0.0509 (folds: -0.1066, -0.2498, -0.1911, 0.1981, 0.0949)
    [trial 5] 47 features, training_days=50 | threshold=0.823 | labels: 1080 long, 1088 short (50/50%)
    [trial 5] Sharpe=0.0106 (folds: -0.0910, -0.2417, 0.0303, 0.2713, 0.0841)[I 2026-06-01 14:59:23,565] Trial 5 finished with value: 0.010598242927402413 and parameters: {'confidence_threshold': 0.8226559822580909, 'training_days': 50, 'n_estimators': 138, 'max_depth': 3, 'num_leaves': 30, 'learning_rate': 0.03750796359625606, 'subsample': 0.6356745158869479, 'colsample_bytree': 0.9143687545759647, 'min_child_samples': 48, 'reg_alpha': 3.376063348877853e-06, 'reg_lambda': 0.0007660634613082914}. Best is trial 5 with value: 0.010598242927402413.
[I 2026-06-01 14:59:23,673] Trial 6 finished with value: -0.00386606039334112 and parameters: {'confidence_threshold': 0.5493234787411669, 'training_days': 410, 'n_estimators': 83, 'max_depth': 5, 'num_leaves': 52, 'learning_rate': 0.019657448966046126, 'subsample': 0.5027610585618012, 'colsample_bytree': 0.9077307142274171, 'min_child_samples': 77, 'reg_alpha': 0.03639690979811287, 'reg_lambda': 0.08738424135626986}. Best is trial 5 with value: 0.010598242927402413.
[I 2026-06-01 14:59:23,766] Trial 7 finished with value: -0.06805023414577598 and parameters: {'confidence_threshold': 0.5259156281069316, 'training_days': 180, 'n_estimators': 102, 'max_depth': 5, 'num_leaves': 45, 'learning_rate': 0.030816017044468066, 'subsample': 0.5317791751430119, 'colsample_bytree': 0.6554911608578311, 'min_child_samples': 46, 'reg_alpha': 0.036851536911881845, 'reg_lambda': 0.005470376807480391}. Best is trial 5 with value: 0.010598242927402413.
[I 2026-06-01 14:59:23,874] Trial 8 finished with value: -0.12992238930866762 and parameters: {'confidence_threshold': 0.8105244599017143, 'training_days': 240, 'n_estimators': 103, 'max_depth': 5, 'num_leaves': 52, 'learning_rate': 0.06746437142284309, 'subsample': 0.8854835899772805, 'colsample_bytree': 0.7468977981821954, 'min_child_samples': 62, 'reg_alpha': 7.04480806377519e-05, 'reg_lambda': 1.6934490731313353e-08}. Best is trial 5 with value: 0.010598242927402413.
[I 2026-06-01 14:59:23,900] Trial 9 finished with value: -0.1861293008651023 and parameters: {'confidence_threshold': 0.5377619994476566, 'training_days': 20, 'n_estimators': 337, 'max_depth': 3, 'num_leaves': 39, 'learning_rate': 0.21907142272152816, 'subsample': 0.6246461145744375, 'colsample_bytree': 0.7051914615178149, 'min_child_samples': 81, 'reg_alpha': 1.1459970229341322e-06, 'reg_lambda': 4.929685216887945e-08}. Best is trial 5 with value: 0.010598242927402413.
[I 2026-06-01 14:59:23,937] Trial 10 finished with value: -4.084204722509874 and parameters: {'confidence_threshold': 0.7318981109748116, 'training_days': 10, 'n_estimators': 487, 'max_depth': 4, 'num_leaves': 31, 'learning_rate': 0.14704103471568217, 'subsample': 0.628963476300746, 'colsample_bytree': 0.987470107623585, 'min_child_samples': 25, 'reg_alpha': 2.608784411827665e-05, 'reg_lambda': 3.3639426888455256e-06}. Best is trial 5 with value: 0.010598242927402413.
[I 2026-06-01 14:59:23,982] Trial 11 finished with value: -8.10869589752456 and parameters: {'confidence_threshold': 0.7161090655475574, 'training_days': 110, 'n_estimators': 65, 'max_depth': 4, 'num_leaves': 60, 'learning_rate': 0.011154303114805692, 'subsample': 0.6290161990788976, 'colsample_bytree': 0.8438489693453172, 'min_child_samples': 92, 'reg_alpha': 1.6115749528927317, 'reg_lambda': 0.5855213887055177}. Best is trial 5 with value: 0.010598242927402413.
[I 2026-06-01 14:59:24,131] Trial 12 finished with value: -0.035660742062604535 and parameters: {'confidence_threshold': 0.7456670193224102, 'training_days': 340, 'n_estimators': 206, 'max_depth': 3, 'num_leaves': 33, 'learning_rate': 0.03208899494279826, 'subsample': 0.5222281423323654, 'colsample_bytree': 0.8304278626461432, 'min_child_samples': 45, 'reg_alpha': 0.0006941608047409722, 'reg_lambda': 5.899790100111974e-05}. Best is trial 5 with value: 0.010598242927402413.
[I 2026-06-01 14:59:24,219] Trial 13 finished with value: -0.07542283514977072 and parameters: {'confidence_threshold': 0.663455030204664, 'training_days': 330, 'n_estimators': 60, 'max_depth': 5, 'num_leaves': 62, 'learning_rate': 0.041055899057314625, 'subsample': 0.6803710106053958, 'colsample_bytree': 0.9994455923633134, 'min_child_samples': 80, 'reg_alpha': 4.9164566205838954e-06, 'reg_lambda': 0.05682130535124364}. Best is trial 5 with value: 0.010598242927402413.
[I 2026-06-01 14:59:24,336] Trial 14 finished with value: -0.15344165379899022 and parameters: {'confidence_threshold': 0.7871652886153421, 'training_days': 90, 'n_estimators': 202, 'max_depth': 4, 'num_leaves': 54, 'learning_rate': 0.010586219226284353, 'subsample': 0.5808433054196197, 'colsample_bytree': 0.816535373912939, 'min_child_samples': 31, 'reg_alpha': 3.770845974254184e-08, 'reg_lambda': 0.0002979489411625065}. Best is trial 5 with value: 0.010598242927402413.
[I 2026-06-01 14:59:24,498] Trial 15 finished with value: -0.006881957360216517 and parameters: {'confidence_threshold': 0.5653411177747963, 'training_days': 420, 'n_estimators': 149, 'max_depth': 5, 'num_leaves': 50, 'learning_rate': 0.018400226755740847, 'subsample': 0.5827518795786422, 'colsample_bytree': 0.9193540765871685, 'min_child_samples': 79, 'reg_alpha': 0.06940112745380081, 'reg_lambda': 0.05951087746838391}. Best is trial 5 with value: 0.010598242927402413.
[I 2026-06-01 14:59:24,703] Trial 16 finished with value: -0.01949000354787389 and parameters: {'confidence_threshold': 0.6760523483882178, 'training_days': 270, 'n_estimators': 293, 'max_depth': 3, 'num_leaves': 31, 'learning_rate': 0.08200164591835346, 'subsample': 0.688182201978983, 'colsample_bytree': 0.7895188207605416, 'min_child_samples': 52, 'reg_alpha': 0.0007640986658845985, 'reg_lambda': 2.2361188384333254e-05}. Best is trial 5 with value: 0.010598242927402413.
[I 2026-06-01 14:59:24,799] Trial 17 finished with value: -0.03976035336784858 and parameters: {'confidence_threshold': 0.7611484084321937, 'training_days': 120, 'n_estimators': 135, 'max_depth': 4, 'num_leaves': 36, 'learning_rate': 0.043851439012794806, 'subsample': 0.8366733523272174, 'colsample_bytree': 0.8803609155918469, 'min_child_samples': 32, 'reg_alpha': 7.8052802128728755, 'reg_lambda': 0.0049393924646631724}. Best is trial 5 with value: 0.010598242927402413.
[I 2026-06-01 14:59:25,073] A new study created in memory with name: no-name-5a6e8087-6bd5-4334-89cc-c50cc4223d62
[I 2026-06-01 14:59:25,166] Trial 0 finished with value: -0.06896091718320467 and parameters: {'confidence_threshold': 0.7437642149592516, 'training_days': 150, 'n_estimators': 152, 'max_depth': 4, 'num_leaves': 50, 'learning_rate': 0.04216766425047743, 'subsample': 0.9903820991923078, 'colsample_bytree': 0.8424148692924316, 'min_child_samples': 58, 'reg_alpha': 3.381097259762742e-05, 'reg_lambda': 1.2263152961306247e-05}. Best is trial 0 with value: -0.06896091718320467.
[I 2026-06-01 14:59:25,241] Trial 1 finished with value: -3.899627096428108 and parameters: {'confidence_threshold': 0.7551673975844145, 'training_days': 220, 'n_estimators': 76, 'max_depth': 4, 'num_leaves': 51, 'learning_rate': 0.018602118810743477, 'subsample': 0.5877258780737462, 'colsample_bytree': 0.7657756869209191, 'min_child_samples': 63, 'reg_alpha': 0.005123994170264194, 'reg_lambda': 0.44145470178120466}. Best is trial 0 with value: -0.06896091718320467.
[I 2026-06-01 14:59:25,492] Trial 2 finished with value: -0.05322424428700353 and parameters: {'confidence_threshold': 0.7535593637012223, 'training_days': 310, 'n_estimators': 375, 'max_depth': 3, 'num_leaves': 32, 'learning_rate': 0.021735641882032388, 'subsample': 0.6468570231944146, 'colsample_bytree': 0.8154880619272439, 'min_child_samples': 27, 'reg_alpha': 8.004064028491336e-05, 'reg_lambda': 7.546835261630524e-05}. Best is trial 2 with value: -0.05322424428700353.
[I 2026-06-01 14:59:25,660] Trial 3 finished with value: 0.0030949640394232645 and parameters: {'confidence_threshold': 0.6727897841776072, 'training_days': 220, 'n_estimators': 190, 'max_depth': 4, 'num_leaves': 58, 'learning_rate': 0.24810689332636193, 'subsample': 0.7509183379421682, 'colsample_bytree': 0.8119764758960556, 'min_child_samples': 29, 'reg_alpha': 7.1708285081421445e-06, 'reg_lambda': 5.412973582738627e-05}. Best is trial 3 with value: 0.0030949640394232645.
[I 2026-06-01 14:59:25,779] Trial 4 finished with value: -0.014286653769915666 and parameters: {'confidence_threshold': 0.803208205259178, 'training_days': 130, 'n_estimators': 267, 'max_depth': 5, 'num_leaves': 40, 'learning_rate': 0.08041175317374143, 'subsample': 0.5603143329951619, 'colsample_bytree': 0.9131704002534167, 'min_child_samples': 68, 'reg_alpha': 0.0008046593428183385, 'reg_lambda': 1.2158346158765583e-05}. Best is trial 3 with value: 0.0030949640394232645.
[I 2026-06-01 14:59:26,004] Trial 5 finished with value: -0.03457786079917173 and parameters: {'confidence_threshold': 0.6064422761595144, 'training_days': 210, 'n_estimators': 357, 'max_depth': 5, 'num_leaves': 40, 'learning_rate': 0.0974221287220869, 'subsample': 0.7929682762811064, 'colsample_bytree': 0.8124517510478, 'min_child_samples': 74, 'reg_alpha': 0.3811377260781234, 'reg_lambda': 5.607314238392041e-08}. Best is trial 3 with value: 0.0030949640394232645.
[I 2026-06-01 14:59:26,116] Trial 6 finished with value: -0.028125904444964555 and parameters: {'confidence_threshold': 0.7672889945051684, 'training_days': 130, 'n_estimators': 137, 'max_depth': 4, 'num_leaves': 19, 'learning_rate': 0.2031117614248665, 'subsample': 0.8136244860256343, 'colsample_bytree': 0.8617081790949774, 'min_child_samples': 21, 'reg_alpha': 0.002238138278733199, 'reg_lambda': 0.001025809534977322}. Best is trial 3 with value: 0.0030949640394232645.
[I 2026-06-01 14:59:26,187] Trial 7 finished with value: -0.05800749745430182 and parameters: {'confidence_threshold': 0.555635875450653, 'training_days': 80, 'n_estimators': 363, 'max_depth': 3, 'num_leaves': 48, 'learning_rate': 0.06590089024008658, 'subsample': 0.6944752870615722, 'colsample_bytree': 0.962566244806993, 'min_child_samples': 88, 'reg_alpha': 1.6465620446426067e-05, 'reg_lambda': 2.4678750890085655e-08}. Best is trial 3 with value: 0.0030949640394232645.
[I 2026-06-01 14:59:26,528] Trial 8 finished with value: 0.02523855811620645 and parameters: {'confidence_threshold': 0.6066688256938841, 'training_days': 200, 'n_estimators': 367, 'max_depth': 5, 'num_leaves': 32, 'learning_rate': 0.13377519215934996, 'subsample': 0.7965884582811106, 'colsample_bytree': 0.8458508993500886, 'min_child_samples': 32, 'reg_alpha': 3.889436043816386e-05, 'reg_lambda': 1.4713062489380356e-06}. Best is trial 8 with value: 0.02523855811620645.
[I 2026-06-01 14:59:26,734] Trial 9 finished with value: -0.031992610065876746 and parameters: {'confidence_threshold': 0.6202096049169137, 'training_days': 260, 'n_estimators': 350, 'max_depth': 3, 'num_leaves': 21, 'learning_rate': 0.02989540198065364, 'subsample': 0.8307821683331218, 'colsample_bytree': 0.923253112635361, 'min_child_samples': 64, 'reg_alpha': 0.4898604619604203, 'reg_lambda': 2.9076377687066166e-05}. Best is trial 8 with value: 0.02523855811620645.
[I 2026-06-01 14:59:27,265] Trial 10 finished with value: -0.034473018048668654 and parameters: {'confidence_threshold': 0.5342665212695602, 'training_days': 470, 'n_estimators': 493, 'max_depth': 5, 'num_leaves': 30, 'learning_rate': 0.010221918552934462, 'subsample': 0.9182272143313567, 'colsample_bytree': 0.6202684210924141, 'min_child_samples': 44, 'reg_alpha': 1.466506858166308e-08, 'reg_lambda': 0.014616129255130504}. Best is trial 8 with value: 0.02523855811620645.
[I 2026-06-01 14:59:27,509] Trial 11 finished with value: -0.015942944653643026 and parameters: {'confidence_threshold': 0.672304345793606, 'training_days': 360, 'n_estimators': 248, 'max_depth': 4, 'num_leaves': 62, 'learning_rate': 0.29626502575289787, 'subsample': 0.7185615065128308, 'colsample_bytree': 0.6661831737797719, 'min_child_samples': 39, 'reg_alpha': 4.28336488974334e-07, 'reg_lambda': 6.470692703374516e-07}. Best is trial 8 with value: 0.02523855811620645.
[I 2026-06-01 14:59:27,541] Trial 12 finished with value: -2.0919618318997797 and parameters: {'confidence_threshold': 0.6727899930733724, 'training_days': 20, 'n_estimators': 212, 'max_depth': 5, 'num_leaves': 63, 'learning_rate': 0.15265377916176726, 'subsample': 0.8941395335595879, 'colsample_bytree': 0.5196457038790347, 'min_child_samples': 37, 'reg_alpha': 1.0353404194374763e-06, 'reg_lambda': 7.796589835036051e-07}. Best is trial 8 with value: 0.02523855811620645.
[I 2026-06-01 14:59:27,945] Trial 13 finished with value: -0.025871600693591366 and parameters: {'confidence_threshold': 0.6107637354176927, 'training_days': 400, 'n_estimators': 475, 'max_depth': 4, 'num_leaves': 28, 'learning_rate': 0.13909139382788904, 'subsample': 0.7397610004410885, 'colsample_bytree': 0.7082407533656954, 'min_child_samples': 51, 'reg_alpha': 1.44204771542611e-06, 'reg_lambda': 0.004402943395258396}. Best is trial 8 with value: 0.02523855811620645.
