[I 2026-06-01 15:03:20,244] Trial 7 finished with value: -0.0879366559762279 and parameters: {'confidence_threshold': 0.5259156281069316, 'training_days': 180, 'n_estimators': 102, 'max_depth': 5, 'num_leaves': 45, 'learning_rate': 0.030816017044468066, 'subsample': 0.5317791751430119, 'colsample_bytree': 0.6554911608578311, 'min_child_samples': 46, 'reg_alpha': 0.036851536911881845, 'reg_lambda': 0.005470376807480391}. Best is trial 3 with value: -0.022107855747487946.
[I 2026-06-01 15:03:20,348] Trial 8 finished with value: -0.09584432588013024 and parameters: {'confidence_threshold': 0.8105244599017143, 'training_days': 240, 'n_estimators': 103, 'max_depth': 5, 'num_leaves': 52, 'learning_rate': 0.06746437142284309, 'subsample': 0.8854835899772805, 'colsample_bytree': 0.7468977981821954, 'min_child_samples': 62, 'reg_alpha': 7.04480806377519e-05, 'reg_lambda': 1.6934490731313353e-08}. Best is trial 3 with value: -0.022107855747487946.

    [trial 7] 47 features, training_days=120 | threshold=0.550 | labels: 1257 long, 914 short (58/42%)
    [trial 7] Sharpe=-0.0408 (folds: 0.1265, -0.0084, 0.0050, -0.1995, -0.1278)
    [trial 8] 47 features, training_days=450 | threshold=0.720 | labels: 1257 long, 914 short (58/42%)
    [trial 8] Sharpe=0.0160 (folds: 0.3236, -0.1129, 0.0727, -0.1197, -0.0838)
    [trial 9] 47 features, training_days=20 | threshold=0.727 | labels: 1257 long, 914 short (58/42%)
    [trial 9] Sharpe=-5.9828 (folds: -10.0000, -10.0000, 0.1642, -0.0785, -10.0000)
    [trial 10] 47 features, training_days=400 | threshold=0.828 | labels: 1257 long, 914 short (58/42%)
    [trial 10] Sharpe=-3.8857 (folds: -10.0000, -0.1676, 0.7760, -10.0000, -0.0372)
    [trial 11] 47 features, training_days=190 | threshold=0.777 | labels: 1257 long, 914 short (58/42%)
    [trial 11] Sharpe=-0.0863 (folds: 0.7692, -0.1041, 0.0391, -0.1575, -0.9783)
    [trial 12] 47 features, training_days=220 | threshold=0.745 | labels: 1257 long, 914 short (58/42%)
    [trial 12] Sharpe=-0.0310 (folds: 0.3490, -0.0013, 0.0338, -0.2072, -0.3295)
    [trial 13] 47 features, training_days=370 | threshold=0.674 | labels: 1257 long, 914 short (58/42%)
    [trial 13] Sharpe=-0.0447 (folds: 0.3176, -0.0946, 0.0122, -0.2390, -0.2199)
    [trial 14] 47 features, training_days=340 | threshold=0.806 | labels: 1257 long, 914 short (58/42%)
    [trial 14] Sharpe=-3.8755 (folds: 0.0469, -0.1507, 0.7263, -10.0000, -10.0000)
    [trial 15] 47 features, training_days=500 | threshold=0.654 | labels: 1257 long, 914 short (58/42%)
    [trial 15] Sharpe=-0.0413 (folds: 0.2020, -0.0988, 0.0392, -0.1743, -0.1745)
    [trial 16] 47 features, training_days=180 | threshold=0.625 | labels: 1257 long, 914 short (58/42%)
    [trial 16] Sharpe=-0.0634 (folds: 0.0621, -0.0067, -0.0233, -0.1790, -0.1700)
    [trial 17] 47 features, training_days=260 | threshold=0.507 | labels: 1257 long, 914 short (58/42%)
    [trial 17] Sharpe=-0.1349 (folds: 0.1349, -0.0570, -0.0479, -0.3138, -0.3905)
  Optuna: 18 trials, best Sharpe = 0.0160
  Best params: n_estimators=410, max_depth=4, lr=0.0402, leaves=57
  Best confidence_threshold: 0.720
  Best training_days: 450
  Retrained on full data (1350 samples, 47 features)
  OOD: 16 features, cutoff (q=0.7) = 9.43
  Model trained for 2025-08: 93 test candles with features, confidence_threshold=0.701
[trade:close] 2025-08-02 23:59 BTCUSDT SHORT → take_profit @ 112110.50 | PnL=+4.90% (net +4.80%) | cum=-29.30% 2025-08=+4.80% 2025-08-02=+4.80%
[predict] 2025-08-26 00:00 BTCUSDT → LONG (proba=0.83 TP=6.4%/SL=3.2%)
[trade:open] 2025-08-26 07:59 BTCUSDT LONG @ 110244.20 | SL=106737.13 TP=117258.34 | timeout=2025-09-02 07:59
[lgbm] === Training for 2025-09 ===
  Train window: 2023-09-01 → 2025-08-24
  2171 training samples from 1 symbols
  Samples per month: 2023-09: 90, 2023-10: 93, 2023-11: 90, 2023-12: 93, 2024-01: 93, 2024-02: 87, 2024-03: 93, 2024-04: 90, 2024-05: 93, 2024-06: 90, 2024-07: 93, 2024-08: 93, 2024-09: 90, 2024-10: 93, 2024-11: 90, 2024-12: 93, 2025-01: 93, 2025-02: 84, 2025-03: 93, 2025-04: 90, 2025-05: 93, 2025-06: 90, 2025-07: 93, 2025-08: 71
  [label] 2023-11-01 16:00 BTCUSDT entry=35437.4000 → LONG | long=sl(-3.66%) short=timeout(-0.63%) | scanned=22 | no_tp→fwd_return=+0.5342
  [label] 2023-11-04 00:00 BTCUSDT entry=34759.1000 → LONG | long=tp(+7.08%) short=sl(-3.69%) | scanned=16 | long_tp_only
  [label] 2023-11-07 16:00 BTCUSDT entry=35406.5000 → LONG | long=tp(+6.16%) short=sl(-3.23%) | scanned=5 | long_tp_only
  [label] 2023-12-02 08:00 BTCUSDT entry=38787.0000 → LONG | long=tp(+4.67%) short=sl(-2.48%) | scanned=5 | long_tp_only
  [label] 2024-01-24 00:00 BTCUSDT entry=39979.4000 → LONG | long=tp(+7.40%) short=sl(-3.85%) | scanned=17 | long_tp_only
  [label] 2024-07-08 00:00 BTCUSDT entry=55828.4000 → LONG | long=tp(+9.64%) short=sl(-4.97%) | scanned=20 | long_tp_only
  [label] 2024-07-12 00:00 BTCUSDT entry=57071.4000 → LONG | long=tp(+9.19%) short=sl(-4.75%) | scanned=9 | long_tp_only
  [label] 2024-07-22 16:00 BTCUSDT entry=67499.2000 → LONG | long=sl(-3.67%) short=sl(-3.67%) | scanned=20 | no_tp→fwd_return=+0.8415
  [label] 2024-09-05 16:00 BTCUSDT entry=56145.7000 → LONG | long=sl(-4.43%) short=sl(-4.43%) | scanned=20 | no_tp→fwd_return=+2.3624
  [label] 2024-09-14 08:00 BTCUSDT entry=59840.1000 → LONG | long=sl(-3.64%) short=sl(-3.64%) | scanned=14 | no_tp→fwd_return=+3.7281
  [label] 2024-12-13 16:00 BTCUSDT entry=101371.9000 → SHORT | long=sl(-4.15%) short=sl(-4.15%) | scanned=18 | no_tp→fwd_return=-3.8842
  [label] 2025-01-14 16:00 BTCUSDT entry=96514.9000 → LONG | long=tp(+7.75%) short=sl(-4.03%) | scanned=8 | long_tp_only
  [label] 2025-01-31 00:00 BTCUSDT entry=104160.1000 → SHORT | long=sl(-3.92%) short=tp(+7.54%) | scanned=8 | short_tp_only
  [label] 2025-02-12 16:00 BTCUSDT entry=97816.3000 → SHORT | long=sl(-3.69%) short=timeout(+1.15%) | scanned=22 | no_tp→fwd_return=-1.2455
  [label] 2025-03-03 00:00 BTCUSDT entry=92318.0000 → SHORT | long=sl(-6.10%) short=tp(+11.90%) | scanned=4 | short_tp_only
  [label] 2025-03-09 08:00 BTCUSDT entry=83030.5000 → LONG | long=sl(-6.20%) short=timeout(-0.40%) | scanned=22 | no_tp→fwd_return=+0.3005
  [label] 2025-03-21 16:00 BTCUSDT entry=84050.3000 → LONG | long=timeout(+0.29%) short=sl(-3.74%) | scanned=22 | no_tp→fwd_return=+0.3932
  [label] 2025-04-30 08:00 BTCUSDT entry=93948.4000 → LONG | long=timeout(+3.03%) short=sl(-2.95%) | scanned=22 | no_tp→fwd_return=+3.1300
  [label] 2025-05-10 00:00 BTCUSDT entry=103721.7000 → SHORT | long=sl(-2.91%) short=timeout(+0.21%) | scanned=22 | no_tp→fwd_return=-0.3107
  [label] 2025-08-04 08:00 BTCUSDT entry=114766.3000 → LONG | long=tp(+4.32%) short=sl(-2.31%) | scanned=20 | long_tp_only
  Labels: 1242 long (57.2%), 929 short (42.8%) | weights: min=1.00, mean=3.52, max=10.00
  Features: 2171/2171 matched, 47 columns
  CV gap: 22 rows
  [ensemble 1/3] seed=42
    [trial 0] 47 features, training_days=480 | threshold=0.631 | labels: 1242 long, 929 short (57/43%)
    [CV fold 0] train_end=2023-12-24 08:00 | val_start=2024-01-01 00:00 | gap=184h (22 rows)
    [CV fold 1] train_end=2024-04-22 16:00 | val_start=2024-04-30 08:00 | gap=184h (22 rows)
    [CV fold 2] train_end=2024-08-21 00:00 | val_start=2024-08-28 16:00 | gap=184h (22 rows)
    [CV fold 3] train_end=2024-12-19 08:00 | val_start=2024-12-27 00:00 | gap=184h (22 rows)
    [CV fold 4] train_end=2025-04-18 16:00 | val_start=2025-04-26 08:00 | gap=184h (22 rows)
    [trial 0] Sharpe=-0.0393 (folds: 0.1053, 0.0116, -0.0767, -0.3089, 0.0724)
    [trial 1] 47 features, training_days=420 | threshold=0.839 | labels: 1242 long, 929 short (57/43%)
    [trial 1] Sharpe=-5.9503 (folds: 0.1643, 0.0844, -10.0000, -10.0000, -10.0000)
    [trial 2] 47 features, training_days=190 | threshold=0.602 | labels: 1242 long, 929 short (57/43%)
    [trial 2] Sharpe=-0.1040 (folds: 0.0845, -0.0473, -0.1188, -0.2182, -0.2200)
    [trial 3] 47 features, training_days=490 | threshold=0.832 | labels: 1242 long, 929 short (57/43%)
    [trial 3] Sharpe=-0.0221 (folds: 0.2032, -0.0115, 0.0195, -0.3018, -0.0200)
    [trial 4] 47 features, training_days=340 | threshold=0.591 | labels: 1242 long, 929 short (57/43%)
    [trial 4] Sharpe=-0.1044 (folds: 0.1310, 0.0217, -0.1323, -0.4381, -0.1042)
    [trial 5] 47 features, training_days=50 | threshold=0.823 | labels: 1242 long, 929 short (57/43%)
    [trial 5] Sharpe=-2.0107 (folds: 0.1194, 0.0014, -10.0000, -0.0165, -0.1578)
    [trial 6] 47 features, training_days=410 | threshold=0.549 | labels: 1242 long, 929 short (57/43%)
    [trial 6] Sharpe=-0.0483 (folds: 0.1666, -0.0509, -0.0429, -0.2513, -0.0628)
    [trial 7] 47 features, training_days=180 | threshold=0.526 | labels: 1242 long, 929 short (57/43%)
    [trial 7] Sharpe=-0.0879 (folds: 0.0161, -0.0249, -0.0911, -0.0833, -0.2565)
    [trial 8] 47 features, training_days=240 | threshold=0.811 | labels: 1242 long, 929 short (57/43%)
    [trial 8] Sharpe=-0.0958 (folds: 0.1453, -0.0076, 0.0921, -0.3892, -0.3198)
    [trial 9] 47 features, training_days=20 | threshold=0.538 | labels: 1242 long, 929 short (57/43%)[I 2026-06-01 15:03:20,373] Trial 9 finished with value: 0.03192722580519381 and parameters: {'confidence_threshold': 0.5377619994476566, 'training_days': 20, 'n_estimators': 337, 'max_depth': 3, 'num_leaves': 39, 'learning_rate': 0.21907142272152816, 'subsample': 0.6246461145744375, 'colsample_bytree': 0.7051914615178149, 'min_child_samples': 81, 'reg_alpha': 1.1459970229341322e-06, 'reg_lambda': 4.929685216887945e-08}. Best is trial 9 with value: 0.03192722580519381.
[I 2026-06-01 15:03:20,412] Trial 10 finished with value: -0.126101363148315 and parameters: {'confidence_threshold': 0.7449289185605341, 'training_days': 10, 'n_estimators': 487, 'max_depth': 3, 'num_leaves': 61, 'learning_rate': 0.21914469472126635, 'subsample': 0.628963476300746, 'colsample_bytree': 0.8189858776055304, 'min_child_samples': 27, 'reg_alpha': 2.8948477959263623e-05, 'reg_lambda': 3.3639426888455256e-06}. Best is trial 9 with value: 0.03192722580519381.
[I 2026-06-01 15:03:20,528] Trial 11 finished with value: -0.036752805391374835 and parameters: {'confidence_threshold': 0.7131090560543465, 'training_days': 100, 'n_estimators': 402, 'max_depth': 4, 'num_leaves': 34, 'learning_rate': 0.18963242937653546, 'subsample': 0.667263233140043, 'colsample_bytree': 0.5659808164583418, 'min_child_samples': 85, 'reg_alpha': 2.6854712383446556e-08, 'reg_lambda': 9.74477562314831}. Best is trial 9 with value: 0.03192722580519381.
[I 2026-06-01 15:03:20,730] Trial 12 finished with value: -0.08590310820484023 and parameters: {'confidence_threshold': 0.6640468266107448, 'training_days': 320, 'n_estimators': 349, 'max_depth': 3, 'num_leaves': 15, 'learning_rate': 0.11263608439461861, 'subsample': 0.7105018827142541, 'colsample_bytree': 0.6253368206392822, 'min_child_samples': 100, 'reg_alpha': 1.1278679165176199e-08, 'reg_lambda': 4.931237356704141e-06}. Best is trial 9 with value: 0.03192722580519381.
[I 2026-06-01 15:03:20,856] Trial 13 finished with value: -0.08163446769589025 and parameters: {'confidence_threshold': 0.7560688345775685, 'training_days': 130, 'n_estimators': 311, 'max_depth': 3, 'num_leaves': 34, 'learning_rate': 0.29334696803744015, 'subsample': 0.8487074083337192, 'colsample_bytree': 0.6429519565855484, 'min_child_samples': 81, 'reg_alpha': 5.32834008417404e-07, 'reg_lambda': 6.4252658050441624}. Best is trial 9 with value: 0.03192722580519381.
[I 2026-06-01 15:03:21,168] Trial 14 finished with value: -0.03496104313948146 and parameters: {'confidence_threshold': 0.6993865793821226, 'training_days': 500, 'n_estimators': 457, 'max_depth': 3, 'num_leaves': 15, 'learning_rate': 0.11965769825690181, 'subsample': 0.5936601268695657, 'colsample_bytree': 0.8091894831673617, 'min_child_samples': 56, 'reg_alpha': 2.476242452498029e-07, 'reg_lambda': 4.4389057327136946e-05}. Best is trial 9 with value: 0.03192722580519381.
[I 2026-06-01 15:03:21,391] Trial 15 finished with value: -0.0955949242606079 and parameters: {'confidence_threshold': 0.5073197482691914, 'training_days': 290, 'n_estimators': 251, 'max_depth': 4, 'num_leaves': 61, 'learning_rate': 0.11024183074392371, 'subsample': 0.708112781199396, 'colsample_bytree': 0.5065896071904618, 'min_child_samples': 33, 'reg_alpha': 5.5477873895597596e-06, 'reg_lambda': 0.10351163679178875}. Best is trial 9 with value: 0.03192722580519381.
[I 2026-06-01 15:03:21,653] Trial 16 finished with value: -0.05176005668858983 and parameters: {'confidence_threshold': 0.7819378015753823, 'training_days': 380, 'n_estimators': 437, 'max_depth': 3, 'num_leaves': 47, 'learning_rate': 0.154266998811376, 'subsample': 0.8115896656853097, 'colsample_bytree': 0.5839396278718992, 'min_child_samples': 88, 'reg_alpha': 6.102470761504136e-08, 'reg_lambda': 0.23529158002820744}. Best is trial 9 with value: 0.03192722580519381.
[I 2026-06-01 15:03:21,846] Trial 17 finished with value: -0.09507575424209277 and parameters: {'confidence_threshold': 0.5684038604771198, 'training_days': 190, 'n_estimators': 321, 'max_depth': 4, 'num_leaves': 28, 'learning_rate': 0.010425658055299656, 'subsample': 0.580247673506071, 'colsample_bytree': 0.9956385980717998, 'min_child_samples': 70, 'reg_alpha': 0.0005961727498011812, 'reg_lambda': 6.880925840516315e-07}. Best is trial 9 with value: 0.03192722580519381.
[I 2026-06-01 15:03:22,330] A new study created in memory with name: no-name-bfa6e3a7-b4cc-4559-b985-1ac670563250
[I 2026-06-01 15:03:22,442] Trial 0 finished with value: -0.11931639300591979 and parameters: {'confidence_threshold': 0.7437642149592516, 'training_days': 150, 'n_estimators': 152, 'max_depth': 4, 'num_leaves': 50, 'learning_rate': 0.04216766425047743, 'subsample': 0.9903820991923078, 'colsample_bytree': 0.8424148692924316, 'min_child_samples': 58, 'reg_alpha': 3.381097259762742e-05, 'reg_lambda': 1.2263152961306247e-05}. Best is trial 0 with value: -0.11931639300591979.
[I 2026-06-01 15:03:22,532] Trial 1 finished with value: -3.9951997445948075 and parameters: {'confidence_threshold': 0.7551673975844145, 'training_days': 220, 'n_estimators': 76, 'max_depth': 4, 'num_leaves': 51, 'learning_rate': 0.018602118810743477, 'subsample': 0.5877258780737462, 'colsample_bytree': 0.7657756869209191, 'min_child_samples': 63, 'reg_alpha': 0.005123994170264194, 'reg_lambda': 0.44145470178120466}. Best is trial 0 with value: -0.11931639300591979.
[I 2026-06-01 15:03:22,793] Trial 2 finished with value: -0.20483569142023636 and parameters: {'confidence_threshold': 0.7535593637012223, 'training_days': 310, 'n_estimators': 375, 'max_depth': 3, 'num_leaves': 32, 'learning_rate': 0.021735641882032388, 'subsample': 0.6468570231944146, 'colsample_bytree': 0.8154880619272439, 'min_child_samples': 27, 'reg_alpha': 8.004064028491336e-05, 'reg_lambda': 7.546835261630524e-05}. Best is trial 0 with value: -0.11931639300591979.
[I 2026-06-01 15:03:22,954] Trial 3 finished with value: -0.08579647954413709 and parameters: {'confidence_threshold': 0.6727897841776072, 'training_days': 220, 'n_estimators': 190, 'max_depth': 4, 'num_leaves': 58, 'learning_rate': 0.24810689332636193, 'subsample': 0.7509183379421682, 'colsample_bytree': 0.8119764758960556, 'min_child_samples': 29, 'reg_alpha': 7.1708285081421445e-06, 'reg_lambda': 5.412973582738627e-05}. Best is trial 3 with value: -0.08579647954413709.
[I 2026-06-01 15:03:23,062] Trial 4 finished with value: -0.11164182969005773 and parameters: {'confidence_threshold': 0.803208205259178, 'training_days': 130, 'n_estimators': 267, 'max_depth': 5, 'num_leaves': 40, 'learning_rate': 0.08041175317374143, 'subsample': 0.5603143329951619, 'colsample_bytree': 0.9131704002534167, 'min_child_samples': 68, 'reg_alpha': 0.0008046593428183385, 'reg_lambda': 1.2158346158765583e-05}. Best is trial 3 with value: -0.08579647954413709.
[I 2026-06-01 15:03:23,294] Trial 5 finished with value: -0.10542010630262195 and parameters: {'confidence_threshold': 0.6064422761595144, 'training_days': 210, 'n_estimators': 357, 'max_depth': 5, 'num_leaves': 40, 'learning_rate': 0.0974221287220869, 'subsample': 0.7929682762811064, 'colsample_bytree': 0.8124517510478, 'min_child_samples': 74, 'reg_alpha': 0.3811377260781234, 'reg_lambda': 5.607314238392041e-08}. Best is trial 3 with value: -0.08579647954413709.
[I 2026-06-01 15:03:23,412] Trial 6 finished with value: -0.07384691699777085 and parameters: {'confidence_threshold': 0.7672889945051684, 'training_days': 130, 'n_estimators': 137, 'max_depth': 4, 'num_leaves': 19, 'learning_rate': 0.2031117614248665, 'subsample': 0.8136244860256343, 'colsample_bytree': 0.8617081790949774, 'min_child_samples': 21, 'reg_alpha': 0.002238138278733199, 'reg_lambda': 0.001025809534977322}. Best is trial 6 with value: -0.07384691699777085.
[I 2026-06-01 15:03:23,496] Trial 7 finished with value: -0.032802055884161886 and parameters: {'confidence_threshold': 0.555635875450653, 'training_days': 80, 'n_estimators': 363, 'max_depth': 3, 'num_leaves': 48, 'learning_rate': 0.06590089024008658, 'subsample': 0.6944752870615722, 'colsample_bytree': 0.962566244806993, 'min_child_samples': 88, 'reg_alpha': 1.6465620446426067e-05, 'reg_lambda': 2.4678750890085655e-08}. Best is trial 7 with value: -0.032802055884161886.
[I 2026-06-01 15:03:23,842] Trial 8 finished with value: -0.1094820038318732 and parameters: {'confidence_threshold': 0.6066688256938841, 'training_days': 200, 'n_estimators': 367, 'max_depth': 5, 'num_leaves': 32, 'learning_rate': 0.13377519215934996, 'subsample': 0.7965884582811106, 'colsample_bytree': 0.8458508993500886, 'min_child_samples': 32, 'reg_alpha': 3.889436043816386e-05, 'reg_lambda': 1.4713062489380356e-06}. Best is trial 7 with value: -0.032802055884161886.
[I 2026-06-01 15:03:24,057] Trial 9 finished with value: -0.09465227839270456 and parameters: {'confidence_threshold': 0.6202096049169137, 'training_days': 260, 'n_estimators': 350, 'max_depth': 3, 'num_leaves': 21, 'learning_rate': 0.02989540198065364, 'subsample': 0.8307821683331218, 'colsample_bytree': 0.923253112635361, 'min_child_samples': 64, 'reg_alpha': 0.4898604619604203, 'reg_lambda': 2.9076377687066166e-05}. Best is trial 7 with value: -0.032802055884161886.
[I 2026-06-01 15:03:24,089] Trial 10 finished with value: -0.126101363148315 and parameters: {'confidence_threshold': 0.5248809389721337, 'training_days': 10, 'n_estimators': 493, 'max_depth': 3, 'num_leaves': 63, 'learning_rate': 0.010221918552934462, 'subsample': 0.667749445701178, 'colsample_bytree': 0.6202684210924141, 'min_child_samples': 99, 'reg_alpha': 1.3884210513841762e-08, 'reg_lambda': 0.02273343343290072}. Best is trial 7 with value: -0.032802055884161886.
[I 2026-06-01 15:03:24,157] Trial 11 finished with value: -0.0034883576971249386 and parameters: {'confidence_threshold': 0.5077463503498806, 'training_days': 480, 'n_estimators': 51, 'max_depth': 3, 'num_leaves': 18, 'learning_rate': 0.29452324091564064, 'subsample': 0.9022119262021717, 'colsample_bytree': 0.9864508096204552, 'min_child_samples': 100, 'reg_alpha': 2.5493772909886044e-07, 'reg_lambda': 0.006998721582327246}. Best is trial 11 with value: -0.0034883576971249386.
[I 2026-06-01 15:03:24,475] Trial 12 finished with value: -0.032166886787913226 and parameters: {'confidence_threshold': 0.5091995832515449, 'training_days': 500, 'n_estimators': 489, 'max_depth': 3, 'num_leaves': 15, 'learning_rate': 0.05809128784912797, 'subsample': 0.92991693404731, 'colsample_bytree': 0.9737874829232072, 'min_child_samples': 100, 'reg_alpha': 2.5907884980586616e-07, 'reg_lambda': 0.007411726388141345}. Best is trial 11 with value: -0.0034883576971249386.
[I 2026-06-01 15:03:24,772] Trial 13 finished with value: -0.041575773425916555 and parameters: {'confidence_threshold': 0.501145614105161, 'training_days': 500, 'n_estimators': 475, 'max_depth': 3, 'num_leaves': 16, 'learning_rate': 0.14636121041652106, 'subsample': 0.946916413445936, 'colsample_bytree': 0.6564540780078124, 'min_child_samples': 95, 'reg_alpha': 7.145418468218336e-08, 'reg_lambda': 0.006689165483345361}. Best is trial 11 with value: -0.0034883576971249386.
[I 2026-06-01 15:03:24,849] Trial 14 finished with value: -0.03070465760244225 and parameters: {'confidence_threshold': 0.560351483431234, 'training_days': 490, 'n_estimators': 60, 'max_depth': 3, 'num_leaves': 28, 'learning_rate': 0.04845593946981536, 'subsample': 0.8921508959184046, 'colsample_bytree': 0.9975218255524461, 'min_child_samples': 82, 'reg_alpha': 1.928249988058155e-07, 'reg_lambda': 2.118726905954136}. Best is trial 11 with value: -0.0034883576971249386.
[I 2026-06-01 15:03:24,932] Trial 15 finished with value: -0.04650266381045578 and parameters: {'confidence_threshold': 0.5670696373783232, 'training_days': 400, 'n_estimators': 71, 'max_depth': 4, 'num_leaves': 25, 'learning_rate': 0.037392478764815176, 'subsample': 0.8814185333106145, 'colsample_bytree': 0.5093920150666754, 'min_child_samples': 83, 'reg_alpha': 1.1276341537767952e-06, 'reg_lambda': 7.465468644193579}. Best is trial 11 with value: -0.0034883576971249386.
[I 2026-06-01 15:03:25,003] Trial 16 finished with value: -0.08352555585872566 and parameters: {'confidence_threshold': 0.6708968705265699, 'training_days': 390, 'n_estimators': 50, 'max_depth': 3, 'num_leaves': 27, 'learning_rate': 0.1082045536912223, 'subsample': 0.8868474056204897, 'colsample_bytree': 0.9182676696103418, 'min_child_samples': 80, 'reg_alpha': 1.0390825586399666e-08, 'reg_lambda': 0.5009197426674707}. Best is trial 11 with value: -0.0034883576971249386.
