[I 2026-06-01 14:57:16,190] Trial 4 finished with value: -0.12104582906220267 and parameters: {'confidence_threshold': 0.803208205259178, 'training_days': 130, 'n_estimators': 267, 'max_depth': 5, 'num_leaves': 40, 'learning_rate': 0.08041175317374143, 'subsample': 0.5603143329951619, 'colsample_bytree': 0.9131704002534167, 'min_child_samples': 68, 'reg_alpha': 0.0008046593428183385, 'reg_lambda': 1.2158346158765583e-05}. Best is trial 2 with value: 0.015055653851638285.

  [label] 2021-01-07 16:00 BTCUSDT entry=39498.9200 → SHORT | long=sl(-9.91%) short=tp(+19.52%) | scanned=11 | short_tp_only
  [label] 2021-02-01 08:00 BTCUSDT entry=33178.1300 → LONG | long=tp(+20.79%) short=sl(-10.55%) | scanned=15 | long_tp_only
  [label] 2021-03-25 16:00 BTCUSDT entry=51325.2100 → LONG | long=tp(+15.30%) short=sl(-7.80%) | scanned=14 | long_tp_only
  [label] 2021-09-07 16:00 BTCUSDT entry=46864.3900 → LONG | long=sl(-7.23%) short=timeout(-0.58%) | scanned=22 | no_tp→fwd_return=+0.4754
  [label] 2021-09-11 16:00 BTCUSDT entry=45193.7800 → LONG | long=timeout(+6.74%) short=sl(-5.94%) | scanned=22 | no_tp→fwd_return=+6.8403
  [label] 2021-09-22 08:00 BTCUSDT entry=43198.0500 → SHORT | long=timeout(-3.58%) short=timeout(+3.38%) | scanned=22 | no_tp→fwd_return=-3.4814
  [label] 2021-11-06 08:00 BTCUSDT entry=60690.7500 → LONG | long=tp(+8.76%) short=sl(-4.53%) | scanned=5 | long_tp_only
  [label] 2021-11-14 16:00 BTCUSDT entry=65568.3900 → SHORT | long=sl(-4.40%) short=tp(+8.50%) | scanned=5 | short_tp_only
  [label] 2022-02-13 00:00 BTCUSDT entry=42385.6900 → SHORT | long=sl(-5.40%) short=sl(-5.40%) | scanned=14 | no_tp→fwd_return=-4.4685
  [label] 2022-03-17 00:00 BTCUSDT entry=40720.6000 → LONG | long=timeout(+5.65%) short=sl(-6.31%) | scanned=22 | no_tp→fwd_return=+5.7475
  [label] 2022-04-02 00:00 BTCUSDT entry=46578.0000 → SHORT | long=sl(-4.17%) short=tp(+8.05%) | scanned=15 | short_tp_only
  [label] 2022-04-14 16:00 BTCUSDT entry=39915.9000 → LONG | long=timeout(+1.24%) short=sl(-4.43%) | scanned=22 | no_tp→fwd_return=+1.3376
  [label] 2022-05-03 08:00 BTCUSDT entry=38327.3000 → SHORT | long=sl(-3.92%) short=sl(-3.92%) | scanned=6 | no_tp→fwd_return=-3.7595
  [label] 2022-05-09 16:00 BTCUSDT entry=30056.6000 → SHORT | long=sl(-7.18%) short=sl(-7.18%) | scanned=6 | no_tp→fwd_return=-3.2668
  [label] 2022-05-22 00:00 BTCUSDT entry=29430.1000 → SHORT | long=timeout(-1.56%) short=timeout(+1.36%) | scanned=22 | no_tp→fwd_return=-1.4601
  [label] 2022-06-30 08:00 BTCUSDT entry=19133.5000 → LONG | long=timeout(+9.04%) short=sl(-6.22%) | scanned=22 | no_tp→fwd_return=+9.1379
  [label] 2022-07-10 08:00 BTCUSDT entry=20892.5000 → LONG | long=sl(-5.35%) short=timeout(-1.37%) | scanned=22 | no_tp→fwd_return=+1.2708
  [label] 2022-10-04 08:00 BTCUSDT entry=20092.2000 → SHORT | long=sl(-4.12%) short=timeout(+4.65%) | scanned=22 | no_tp→fwd_return=-4.7511
  Labels: 1118 long (51.6%), 1050 short (48.4%) | weights: min=1.00, mean=3.65, max=10.00
  Features: 2168/2168 matched, 47 columns
  CV gap: 22 rows
  [ensemble 1/3] seed=42
    [trial 0] 47 features, training_days=480 | threshold=0.631 | labels: 1118 long, 1050 short (52/48%)
    [CV fold 0] train_end=2021-02-22 08:00 | val_start=2021-03-02 00:00 | gap=184h (22 rows)
    [CV fold 1] train_end=2021-06-22 16:00 | val_start=2021-06-30 08:00 | gap=184h (22 rows)
    [CV fold 2] train_end=2021-10-21 00:00 | val_start=2021-10-28 16:00 | gap=184h (22 rows)
    [CV fold 3] train_end=2022-02-18 08:00 | val_start=2022-02-26 00:00 | gap=184h (22 rows)
    [CV fold 4] train_end=2022-06-18 16:00 | val_start=2022-06-26 08:00 | gap=184h (22 rows)
    [trial 0] Sharpe=-0.0159 (folds: -0.1466, 0.3072, 0.0073, -0.1715, -0.0758)
    [trial 1] 47 features, training_days=420 | threshold=0.839 | labels: 1118 long, 1050 short (52/48%)
    [trial 1] Sharpe=-2.1086 (folds: -0.0015, 0.1812, -0.3459, -0.3771, -10.0000)
    [trial 2] 47 features, training_days=190 | threshold=0.602 | labels: 1118 long, 1050 short (52/48%)
    [trial 2] Sharpe=0.0035 (folds: -0.1742, 0.2285, 0.0277, -0.0279, -0.0366)
    [trial 3] 47 features, training_days=490 | threshold=0.832 | labels: 1118 long, 1050 short (52/48%)
    [trial 3] Sharpe=-0.0730 (folds: -0.1637, 0.3427, -0.1972, -0.2481, -0.0985)
    [trial 4] 47 features, training_days=340 | threshold=0.591 | labels: 1118 long, 1050 short (52/48%)
    [trial 4] Sharpe=0.0240 (folds: -0.1040, 0.3863, 0.0017, -0.1040, -0.0602)
    [trial 5] 47 features, training_days=50 | threshold=0.823 | labels: 1118 long, 1050 short (52/48%)
    [trial 5] Sharpe=-2.2027 (folds: -0.0281, -10.0000, 0.1917, 0.2165, -1.3937)
    [trial 6] 47 features, training_days=410 | threshold=0.549 | labels: 1118 long, 1050 short (52/48%)
    [trial 6] Sharpe=0.0094 (folds: -0.0756, 0.2643, -0.0049, -0.1281, -0.0088)
    [trial 7] 47 features, training_days=180 | threshold=0.526 | labels: 1118 long, 1050 short (52/48%)
    [trial 7] Sharpe=0.0171 (folds: -0.0680, 0.1887, 0.0085, -0.0456, 0.0020)
    [trial 8] 47 features, training_days=240 | threshold=0.811 | labels: 1118 long, 1050 short (52/48%)
    [trial 8] Sharpe=0.1101 (folds: 0.0204, 0.4025, 0.0061, -0.1967, 0.3182)
    [trial 9] 47 features, training_days=20 | threshold=0.538 | labels: 1118 long, 1050 short (52/48%)
    [trial 9] Sharpe=-0.1196 (folds: -0.1389, -0.4044, -0.2130, 0.1729, -0.0146)
    [trial 10] 47 features, training_days=280 | threshold=0.734 | labels: 1118 long, 1050 short (52/48%)
    [trial 10] Sharpe=-0.0289 (folds: -0.1793, 0.2894, -0.0825, -0.0640, -0.1080)
    [trial 11] 47 features, training_days=290 | threshold=0.719 | labels: 1118 long, 1050 short (52/48%)
    [trial 11] Sharpe=0.0947 (folds: 0.0596, 0.5429, -0.0931, -0.2971, 0.2615)
    [trial 12] 47 features, training_days=190 | threshold=0.734 | labels: 1118 long, 1050 short (52/48%)
    [trial 12] Sharpe=0.1118 (folds: 0.1372, 0.5899, -0.0329, -0.0811, -0.0542)
    [trial 13] 47 features, training_days=160 | threshold=0.768 | labels: 1118 long, 1050 short (52/48%)
    [trial 13] Sharpe=-0.0058 (folds: -0.1651, 0.2048, 0.0224, -0.0644, -0.0267)
    [trial 14] 47 features, training_days=130 | threshold=0.680 | labels: 1118 long, 1050 short (52/48%)
    [trial 14] Sharpe=-0.0677 (folds: -0.0374, -0.1685, 0.0576, -0.1659, -0.0243)
    [trial 15] 47 features, training_days=230 | threshold=0.767 | labels: 1118 long, 1050 short (52/48%)
    [trial 15] Sharpe=-0.0962 (folds: -0.1669, 0.3165, -0.1386, -0.5988, 0.1068)
    [trial 16] 47 features, training_days=90 | threshold=0.775 | labels: 1118 long, 1050 short (52/48%)
    [trial 16] Sharpe=-0.0965 (folds: -0.2053, 0.0033, 0.0060, -0.0743, -0.2122)
    [trial 17] 47 features, training_days=340 | threshold=0.676 | labels: 1118 long, 1050 short (52/48%)
    [trial 17] Sharpe=0.0062 (folds: -0.1534, 0.3169, -0.0685, -0.0780, 0.0143)
  Optuna: 18 trials, best Sharpe = 0.1118
  Best params: n_estimators=256, max_depth=4, lr=0.0106, leaves=55
  Best confidence_threshold: 0.734
  Best training_days: 190
  Retrained on full data (570 samples, 47 features)
  [ensemble 2/3] seed=123
    [trial 0] 47 features, training_days=150 | threshold=0.744 | labels: 1118 long, 1050 short (52/48%)
    [CV fold 0] train_end=2021-02-22 08:00 | val_start=2021-03-02 00:00 | gap=184h (22 rows)
    [CV fold 1] train_end=2021-06-22 16:00 | val_start=2021-06-30 08:00 | gap=184h (22 rows)
    [CV fold 2] train_end=2021-10-21 00:00 | val_start=2021-10-28 16:00 | gap=184h (22 rows)
    [CV fold 3] train_end=2022-02-18 08:00 | val_start=2022-02-26 00:00 | gap=184h (22 rows)
    [CV fold 4] train_end=2022-06-18 16:00 | val_start=2022-06-26 08:00 | gap=184h (22 rows)
    [trial 0] Sharpe=0.0100 (folds: -0.0106, 0.2097, 0.1156, -0.2024, -0.0625)
    [trial 1] 47 features, training_days=220 | threshold=0.755 | labels: 1118 long, 1050 short (52/48%)
    [trial 1] Sharpe=-0.0130 (folds: -0.0639, 0.3852, -0.1867, -0.3978, 0.1983)
    [trial 2] 47 features, training_days=310 | threshold=0.754 | labels: 1118 long, 1050 short (52/48%)
    [trial 2] Sharpe=0.0151 (folds: -0.1824, 0.4945, -0.0714, -0.1789, 0.0135)
    [trial 3] 47 features, training_days=220 | threshold=0.673 | labels: 1118 long, 1050 short (52/48%)
    [trial 3] Sharpe=-0.0382 (folds: -0.1524, 0.2560, -0.1281, -0.1565, -0.0099)
    [trial 4] 47 features, training_days=130 | threshold=0.803 | labels: 1118 long, 1050 short (52/48%)
    [trial 4] Sharpe=-0.1210 (folds: -0.1484, -0.3047, 0.0016, -0.1303, -0.0234)
    [trial 5] 47 features, training_days=210 | threshold=0.606 | labels: 1118 long, 1050 short (52/48%)
    [trial 5] Sharpe=0.0088 (folds: -0.2010, 0.2601, 0.0064, -0.0061, -0.0154)[I 2026-06-01 14:57:16,389] Trial 5 finished with value: 0.008793882870007359 and parameters: {'confidence_threshold': 0.6064422761595144, 'training_days': 210, 'n_estimators': 357, 'max_depth': 5, 'num_leaves': 40, 'learning_rate': 0.0974221287220869, 'subsample': 0.7929682762811064, 'colsample_bytree': 0.8124517510478, 'min_child_samples': 74, 'reg_alpha': 0.3811377260781234, 'reg_lambda': 5.607314238392041e-08}. Best is trial 2 with value: 0.015055653851638285.
[I 2026-06-01 14:57:16,496] Trial 6 finished with value: -0.10532418083258036 and parameters: {'confidence_threshold': 0.7672889945051684, 'training_days': 130, 'n_estimators': 137, 'max_depth': 4, 'num_leaves': 19, 'learning_rate': 0.2031117614248665, 'subsample': 0.8136244860256343, 'colsample_bytree': 0.8617081790949774, 'min_child_samples': 21, 'reg_alpha': 0.002238138278733199, 'reg_lambda': 0.001025809534977322}. Best is trial 2 with value: 0.015055653851638285.
[I 2026-06-01 14:57:16,564] Trial 7 finished with value: -0.07113121711534923 and parameters: {'confidence_threshold': 0.555635875450653, 'training_days': 80, 'n_estimators': 363, 'max_depth': 3, 'num_leaves': 48, 'learning_rate': 0.06590089024008658, 'subsample': 0.6944752870615722, 'colsample_bytree': 0.962566244806993, 'min_child_samples': 88, 'reg_alpha': 1.6465620446426067e-05, 'reg_lambda': 2.4678750890085655e-08}. Best is trial 2 with value: 0.015055653851638285.
[I 2026-06-01 14:57:16,878] Trial 8 finished with value: 0.004785824238806561 and parameters: {'confidence_threshold': 0.6066688256938841, 'training_days': 200, 'n_estimators': 367, 'max_depth': 5, 'num_leaves': 32, 'learning_rate': 0.13377519215934996, 'subsample': 0.7965884582811106, 'colsample_bytree': 0.8458508993500886, 'min_child_samples': 32, 'reg_alpha': 3.889436043816386e-05, 'reg_lambda': 1.4713062489380356e-06}. Best is trial 2 with value: 0.015055653851638285.
[I 2026-06-01 14:57:17,099] Trial 9 finished with value: 0.03079944893196947 and parameters: {'confidence_threshold': 0.6202096049169137, 'training_days': 260, 'n_estimators': 350, 'max_depth': 3, 'num_leaves': 21, 'learning_rate': 0.02989540198065364, 'subsample': 0.8307821683331218, 'colsample_bytree': 0.923253112635361, 'min_child_samples': 64, 'reg_alpha': 0.4898604619604203, 'reg_lambda': 2.9076377687066166e-05}. Best is trial 9 with value: 0.03079944893196947.
[I 2026-06-01 14:57:17,399] Trial 10 finished with value: 0.005743195897567326 and parameters: {'confidence_threshold': 0.5342665212695602, 'training_days': 470, 'n_estimators': 493, 'max_depth': 3, 'num_leaves': 17, 'learning_rate': 0.010221918552934462, 'subsample': 0.9317514110288623, 'colsample_bytree': 0.6202684210924141, 'min_child_samples': 47, 'reg_alpha': 2.371385268938747e-08, 'reg_lambda': 0.010291221835057122}. Best is trial 9 with value: 0.03079944893196947.
[I 2026-06-01 14:57:17,692] Trial 11 finished with value: 0.013057422383123235 and parameters: {'confidence_threshold': 0.6840516532713735, 'training_days': 350, 'n_estimators': 481, 'max_depth': 3, 'num_leaves': 27, 'learning_rate': 0.030841431373188177, 'subsample': 0.6581542700946174, 'colsample_bytree': 0.6778283959364831, 'min_child_samples': 49, 'reg_alpha': 5.56438571366154, 'reg_lambda': 0.0038467626144150177}. Best is trial 9 with value: 0.03079944893196947.
[I 2026-06-01 14:57:17,853] Trial 12 finished with value: 0.05207865549306802 and parameters: {'confidence_threshold': 0.6671887204403107, 'training_days': 330, 'n_estimators': 302, 'max_depth': 3, 'num_leaves': 27, 'learning_rate': 0.02392651870535563, 'subsample': 0.8889661782227012, 'colsample_bytree': 0.5201164353688423, 'min_child_samples': 100, 'reg_alpha': 0.08992540109644223, 'reg_lambda': 5.59754199677822e-07}. Best is trial 12 with value: 0.05207865549306802.
[I 2026-06-01 14:57:18,035] Trial 13 finished with value: 0.010423300228884205 and parameters: {'confidence_threshold': 0.6598157358168156, 'training_days': 400, 'n_estimators': 268, 'max_depth': 3, 'num_leaves': 24, 'learning_rate': 0.012011825060083383, 'subsample': 0.8891083254417568, 'colsample_bytree': 0.5389794258459311, 'min_child_samples': 89, 'reg_alpha': 0.12717574720805866, 'reg_lambda': 5.773739425937502e-07}. Best is trial 12 with value: 0.05207865549306802.
[I 2026-06-01 14:57:18,203] Trial 14 finished with value: -0.004369543794802144 and parameters: {'confidence_threshold': 0.6193927303121306, 'training_days': 310, 'n_estimators': 307, 'max_depth': 3, 'num_leaves': 15, 'learning_rate': 0.039035350555291566, 'subsample': 0.8571922044829572, 'colsample_bytree': 0.5033829767322446, 'min_child_samples': 97, 'reg_alpha': 0.068244598232745, 'reg_lambda': 1.028892092659505e-06}. Best is trial 12 with value: 0.05207865549306802.
[I 2026-06-01 14:57:18,240] Trial 15 finished with value: -0.11961965805041672 and parameters: {'confidence_threshold': 0.5026055290809989, 'training_days': 20, 'n_estimators': 436, 'max_depth': 4, 'num_leaves': 25, 'learning_rate': 0.022754675875160738, 'subsample': 0.9568708672019997, 'colsample_bytree': 0.9903913207424956, 'min_child_samples': 78, 'reg_alpha': 8.871487213677804, 'reg_lambda': 0.06710720405650548}. Best is trial 12 with value: 0.05207865549306802.
[I 2026-06-01 14:57:18,384] Trial 16 finished with value: 0.02473793616076141 and parameters: {'confidence_threshold': 0.6968984576970738, 'training_days': 440, 'n_estimators': 220, 'max_depth': 3, 'num_leaves': 33, 'learning_rate': 0.016599831273986086, 'subsample': 0.8868474056204897, 'colsample_bytree': 0.6775440438746345, 'min_child_samples': 99, 'reg_alpha': 0.02085597410522074, 'reg_lambda': 1.775631034069456e-07}. Best is trial 12 with value: 0.05207865549306802.
[I 2026-06-01 14:57:18,590] Trial 17 finished with value: -0.0135754772274321 and parameters: {'confidence_threshold': 0.5748363986988709, 'training_days': 290, 'n_estimators': 320, 'max_depth': 3, 'num_leaves': 23, 'learning_rate': 0.0303226536684405, 'subsample': 0.741447219332485, 'colsample_bytree': 0.6042669130757778, 'min_child_samples': 44, 'reg_alpha': 0.426650672096587, 'reg_lambda': 0.00029433365007660304}. Best is trial 12 with value: 0.05207865549306802.
[I 2026-06-01 14:57:18,765] A new study created in memory with name: no-name-70ec6c85-53d4-4452-99aa-d8b9e606aded
[I 2026-06-01 14:57:18,961] Trial 0 finished with value: -0.1276487711791286 and parameters: {'confidence_threshold': 0.5870645682749857, 'training_days': 90, 'n_estimators': 403, 'max_depth': 5, 'num_leaves': 45, 'learning_rate': 0.0780457193679974, 'subsample': 0.9428509515574568, 'colsample_bytree': 0.8795587339164916, 'min_child_samples': 34, 'reg_alpha': 2.2465901234314442e-07, 'reg_lambda': 8.339007036475363e-05}. Best is trial 0 with value: -0.1276487711791286.
[I 2026-06-01 14:57:19,082] Trial 1 finished with value: 0.012651435513645861 and parameters: {'confidence_threshold': 0.6348453934275313, 'training_days': 290, 'n_estimators': 115, 'max_depth': 5, 'num_leaves': 37, 'learning_rate': 0.06949568759029946, 'subsample': 0.8228505074024268, 'colsample_bytree': 0.8616703220431751, 'min_child_samples': 75, 'reg_alpha': 4.2486822725010923e-07, 'reg_lambda': 1.157247767047042e-07}. Best is trial 1 with value: 0.012651435513645861.
[I 2026-06-01 14:57:19,104] Trial 2 finished with value: 0.12806235395645998 and parameters: {'confidence_threshold': 0.5849570384370288, 'training_days': 10, 'n_estimators': 212, 'max_depth': 3, 'num_leaves': 41, 'learning_rate': 0.18452095998378365, 'subsample': 0.6001060822924371, 'colsample_bytree': 0.5673167293506167, 'min_child_samples': 37, 'reg_alpha': 5.733250064217131, 'reg_lambda': 0.5308454292595461}. Best is trial 2 with value: 0.12806235395645998.
[I 2026-06-01 14:57:19,180] Trial 3 finished with value: 0.02327709768191754 and parameters: {'confidence_threshold': 0.6868248626683718, 'training_days': 220, 'n_estimators': 134, 'max_depth': 3, 'num_leaves': 45, 'learning_rate': 0.033529007907491595, 'subsample': 0.8647277071858408, 'colsample_bytree': 0.778494116634046, 'min_child_samples': 96, 'reg_alpha': 2.409409937265785e-07, 'reg_lambda': 1.1642073478060009}. Best is trial 2 with value: 0.12806235395645998.
[I 2026-06-01 14:57:19,265] Trial 4 finished with value: -0.005552570779922333 and parameters: {'confidence_threshold': 0.5623121348350352, 'training_days': 300, 'n_estimators': 69, 'max_depth': 4, 'num_leaves': 32, 'learning_rate': 0.14967629360700346, 'subsample': 0.5054535233636654, 'colsample_bytree': 0.7401385194659216, 'min_child_samples': 27, 'reg_alpha': 1.4212042567426725e-07, 'reg_lambda': 0.23605753701352003}. Best is trial 2 with value: 0.12806235395645998.
[I 2026-06-01 14:57:19,671] Trial 5 finished with value: -0.05035104996091131 and parameters: {'confidence_threshold': 0.7111850244908446, 'training_days': 490, 'n_estimators': 362, 'max_depth': 5, 'num_leaves': 40, 'learning_rate': 0.05960785724162737, 'subsample': 0.5589714368907717, 'colsample_bytree': 0.6659006943232806, 'min_child_samples': 42, 'reg_alpha': 0.6741360303045295, 'reg_lambda': 6.054601607143087e-08}. Best is trial 2 with value: 0.12806235395645998.
[I 2026-06-01 14:57:19,852] Trial 6 finished with value: 0.014379516638684095 and parameters: {'confidence_threshold': 0.667482545748023, 'training_days': 420, 'n_estimators': 279, 'max_depth': 3, 'num_leaves': 45, 'learning_rate': 0.040099592560849204, 'subsample': 0.8563114696415159, 'colsample_bytree': 0.5442917781944105, 'min_child_samples': 50, 'reg_alpha': 1.6407916423707903e-08, 'reg_lambda': 2.935907642973286e-05}. Best is trial 2 with value: 0.12806235395645998.
[I 2026-06-01 14:57:20,010] Trial 7 finished with value: -0.11734698006671648 and parameters: {'confidence_threshold': 0.5497381024139926, 'training_days': 120, 'n_estimators': 408, 'max_depth': 5, 'num_leaves': 38, 'learning_rate': 0.28049122657745795, 'subsample': 0.8806573338635493, 'colsample_bytree': 0.5454054113547102, 'min_child_samples': 63, 'reg_alpha': 0.01263008637940408, 'reg_lambda': 0.04588020805366937}. Best is trial 2 with value: 0.12806235395645998.
[I 2026-06-01 14:57:20,267] Trial 8 finished with value: -0.03801231374918872 and parameters: {'confidence_threshold': 0.719644804808716, 'training_days': 450, 'n_estimators': 410, 'max_depth': 4, 'num_leaves': 57, 'learning_rate': 0.04022026551478857, 'subsample': 0.5336085426932707, 'colsample_bytree': 0.5705742850577543, 'min_child_samples': 100, 'reg_alpha': 5.916398047912201e-07, 'reg_lambda': 0.9794034214488329}. Best is trial 2 with value: 0.12806235395645998.
[I 2026-06-01 14:57:20,292] Trial 9 finished with value: -2.038735412608102 and parameters: {'confidence_threshold': 0.7267463643917187, 'training_days': 20, 'n_estimators': 337, 'max_depth': 5, 'num_leaves': 23, 'learning_rate': 0.022153031811454605, 'subsample': 0.6305627572358737, 'colsample_bytree': 0.6613413774216214, 'min_child_samples': 81, 'reg_alpha': 5.7638634029410314e-08, 'reg_lambda': 8.26603016764008}. Best is trial 2 with value: 0.12806235395645998.
[I 2026-06-01 14:57:20,321] Trial 10 finished with value: -1.9168599311149392 and parameters: {'confidence_threshold': 0.8398533911817929, 'training_days': 10, 'n_estimators': 228, 'max_depth': 3, 'num_leaves': 15, 'learning_rate': 0.2789359567293539, 'subsample': 0.6821883053833926, 'colsample_bytree': 0.9944479338273263, 'min_child_samples': 23, 'reg_alpha': 2.903134294418681, 'reg_lambda': 0.0032849428938367974}. Best is trial 2 with value: 0.12806235395645998.
[I 2026-06-01 14:57:20,402] Trial 11 finished with value: -4.002632877966084 and parameters: {'confidence_threshold': 0.7923497887859746, 'training_days': 160, 'n_estimators': 177, 'max_depth': 3, 'num_leaves': 54, 'learning_rate': 0.010105318775333922, 'subsample': 0.7538407084326916, 'colsample_bytree': 0.8016610248739169, 'min_child_samples': 100, 'reg_alpha': 3.2680883584933693e-05, 'reg_lambda': 0.00647465266809438}. Best is trial 2 with value: 0.12806235395645998.
[I 2026-06-01 14:57:20,508] Trial 12 finished with value: 0.026108968681926935 and parameters: {'confidence_threshold': 0.5145853631584999, 'training_days': 200, 'n_estimators': 164, 'max_depth': 3, 'num_leaves': 51, 'learning_rate': 0.13007949331851176, 'subsample': 0.9912016966112274, 'colsample_bytree': 0.6699726886825281, 'min_child_samples': 57, 'reg_alpha': 0.00012116501730499813, 'reg_lambda': 8.11725027325067}. Best is trial 2 with value: 0.12806235395645998.
[I 2026-06-01 14:57:20,708] Trial 13 finished with value: -0.04327907373011221 and parameters: {'confidence_threshold': 0.5007578887007379, 'training_days': 370, 'n_estimators': 229, 'max_depth': 4, 'num_leaves': 52, 'learning_rate': 0.13414838390428244, 'subsample': 0.9751564467099135, 'colsample_bytree': 0.633238312765511, 'min_child_samples': 55, 'reg_alpha': 0.0007156491747579006, 'reg_lambda': 6.822293390117055}. Best is trial 2 with value: 0.12806235395645998.
