[I 2026-06-01 14:56:13,496] Trial 9 finished with value: 0.14300787147083927 and parameters: {'confidence_threshold': 0.6202096049169137, 'training_days': 260, 'n_estimators': 350, 'max_depth': 3, 'num_leaves': 21, 'learning_rate': 0.02989540198065364, 'subsample': 0.8307821683331218, 'colsample_bytree': 0.923253112635361, 'min_child_samples': 64, 'reg_alpha': 0.4898604619604203, 'reg_lambda': 2.9076377687066166e-05}. Best is trial 9 with value: 0.14300787147083927.
[I 2026-06-01 14:56:13,790] Trial 10 finished with value: 0.09390807418426164 and parameters: {'confidence_threshold': 0.5342665212695602, 'training_days': 470, 'n_estimators': 493, 'max_depth': 3, 'num_leaves': 17, 'learning_rate': 0.010221918552934462, 'subsample': 0.9317514110288623, 'colsample_bytree': 0.6202684210924141, 'min_child_samples': 47, 'reg_alpha': 2.371385268938747e-08, 'reg_lambda': 0.010291221835057122}. Best is trial 9 with value: 0.14300787147083927.
[I 2026-06-01 14:56:14,129] Trial 11 finished with value: 0.12781531032788584 and parameters: {'confidence_threshold': 0.6332172030915592, 'training_days': 340, 'n_estimators': 477, 'max_depth': 5, 'num_leaves': 26, 'learning_rate': 0.036526978794621294, 'subsample': 0.8648160383699911, 'colsample_bytree': 0.6778283959364831, 'min_child_samples': 85, 'reg_alpha': 6.114661601749046, 'reg_lambda': 1.0011881639020481e-08}. Best is trial 9 with value: 0.14300787147083927.
[I 2026-06-01 14:56:14,445] Trial 12 finished with value: 0.13757112542304278 and parameters: {'confidence_threshold': 0.6670695753293601, 'training_days': 340, 'n_estimators': 498, 'max_depth': 5, 'num_leaves': 25, 'learning_rate': 0.04177264325494071, 'subsample': 0.8941395335595879, 'colsample_bytree': 0.6669454130036883, 'min_child_samples': 100, 'reg_alpha': 6.210448045058425, 'reg_lambda': 5.116535876235931e-07}. Best is trial 9 with value: 0.14300787147083927.
[I 2026-06-01 14:56:14,685] Trial 13 finished with value: 0.09091786912349108 and parameters: {'confidence_threshold': 0.6865742981200051, 'training_days': 400, 'n_estimators': 436, 'max_depth': 3, 'num_leaves': 23, 'learning_rate': 0.028483584615231934, 'subsample': 0.8937837507513531, 'colsample_bytree': 0.5443982906148261, 'min_child_samples': 46, 'reg_alpha': 0.16415566591725667, 'reg_lambda': 5.773739425937502e-07}. Best is trial 9 with value: 0.14300787147083927.
[I 2026-06-01 14:56:14,861] Trial 14 finished with value: 0.19092017556220003 and parameters: {'confidence_threshold': 0.6768809925534595, 'training_days': 310, 'n_estimators': 276, 'max_depth': 4, 'num_leaves': 29, 'learning_rate': 0.013490145922692041, 'subsample': 0.9646743619040078, 'colsample_bytree': 0.6937299455622933, 'min_child_samples': 97, 'reg_alpha': 2.84652550119345, 'reg_lambda': 0.002238160234885918}. Best is trial 14 with value: 0.19092017556220003.
[I 2026-06-01 14:56:14,889] Trial 15 finished with value: -0.1602423517177038 and parameters: {'confidence_threshold': 0.5026055290809989, 'training_days': 10, 'n_estimators': 263, 'max_depth': 3, 'num_leaves': 33, 'learning_rate': 0.011776744279867407, 'subsample': 0.992791903241314, 'colsample_bytree': 0.9903913207424956, 'min_child_samples': 100, 'reg_alpha': 0.0648536567729795, 'reg_lambda': 0.009348147663207814}. Best is trial 14 with value: 0.19092017556220003.
[I 2026-06-01 14:56:15,081] Trial 16 finished with value: 0.15690584776651792 and parameters: {'confidence_threshold': 0.7052255457379426, 'training_days': 270, 'n_estimators': 291, 'max_depth': 4, 'num_leaves': 15, 'learning_rate': 0.016599831273986086, 'subsample': 0.9273800868333202, 'colsample_bytree': 0.7004284139967141, 'min_child_samples': 81, 'reg_alpha': 0.025396116961402003, 'reg_lambda': 0.5009197426674707}. Best is trial 14 with value: 0.19092017556220003.

  [label] 2021-12-28 08:00 BTCUSDT entry=48921.8400 → SHORT | long=sl(-4.55%) short=timeout(+3.98%) | scanned=22 | no_tp→fwd_return=-4.0811
  [label] 2022-01-07 08:00 BTCUSDT entry=41297.4100 → LONG | long=timeout(+4.22%) short=sl(-6.41%) | scanned=22 | no_tp→fwd_return=+4.3227
  [label] 2022-04-03 08:00 BTCUSDT entry=46397.9000 → SHORT | long=sl(-3.92%) short=tp(+7.55%) | scanned=11 | short_tp_only
  Labels: 1209 long (55.8%), 959 short (44.2%) | weights: min=1.00, mean=3.52, max=10.00
  Features: 2168/2168 matched, 47 columns
  CV gap: 22 rows
  [ensemble 1/3] seed=42
    [trial 0] 47 features, training_days=480 | threshold=0.631 | labels: 1209 long, 959 short (56/44%)
    [CV fold 0] train_end=2020-08-22 08:00 | val_start=2020-08-30 00:00 | gap=184h (22 rows)
    [CV fold 1] train_end=2020-12-20 16:00 | val_start=2020-12-28 08:00 | gap=184h (22 rows)
    [CV fold 2] train_end=2021-04-20 00:00 | val_start=2021-04-27 16:00 | gap=184h (22 rows)
    [CV fold 3] train_end=2021-08-18 08:00 | val_start=2021-08-26 00:00 | gap=184h (22 rows)
    [CV fold 4] train_end=2021-12-16 16:00 | val_start=2021-12-24 08:00 | gap=184h (22 rows)
    [trial 0] Sharpe=0.1294 (folds: 0.2370, 0.2582, 0.0287, 0.1265, -0.0037)
    [trial 1] 47 features, training_days=420 | threshold=0.839 | labels: 1209 long, 959 short (56/44%)
    [trial 1] Sharpe=-1.9738 (folds: 0.2751, 0.0621, -0.0010, -0.2053, -10.0000)
    [trial 2] 47 features, training_days=190 | threshold=0.602 | labels: 1209 long, 959 short (56/44%)
    [trial 2] Sharpe=0.0426 (folds: 0.1891, 0.0347, 0.0320, 0.0505, -0.0933)
    [trial 3] 47 features, training_days=490 | threshold=0.832 | labels: 1209 long, 959 short (56/44%)
    [trial 3] Sharpe=0.1051 (folds: 0.2231, 0.2442, 0.0650, 0.2014, -0.2083)
    [trial 4] 47 features, training_days=340 | threshold=0.591 | labels: 1209 long, 959 short (56/44%)
    [trial 4] Sharpe=0.1639 (folds: 0.3614, 0.3128, -0.0135, 0.1620, -0.0033)
    [trial 5] 47 features, training_days=50 | threshold=0.823 | labels: 1209 long, 959 short (56/44%)
    [trial 5] Sharpe=-0.1495 (folds: -0.2912, 0.1847, -0.4655, -0.0260, -0.1496)
    [trial 6] 47 features, training_days=410 | threshold=0.549 | labels: 1209 long, 959 short (56/44%)
    [trial 6] Sharpe=0.1878 (folds: 0.3633, 0.3275, -0.0163, 0.0935, 0.1709)
    [trial 7] 47 features, training_days=180 | threshold=0.526 | labels: 1209 long, 959 short (56/44%)
    [trial 7] Sharpe=0.1107 (folds: 0.2382, 0.2680, 0.0712, 0.0010, -0.0250)
    [trial 8] 47 features, training_days=240 | threshold=0.811 | labels: 1209 long, 959 short (56/44%)
    [trial 8] Sharpe=0.0680 (folds: 0.1855, 0.1534, -0.0710, 0.1568, -0.0846)
    [trial 9] 47 features, training_days=20 | threshold=0.538 | labels: 1209 long, 959 short (56/44%)
    [trial 9] Sharpe=0.0014 (folds: -0.5723, 0.3065, 0.1271, 0.0790, 0.0665)
    [trial 10] 47 features, training_days=350 | threshold=0.738 | labels: 1209 long, 959 short (56/44%)
    [trial 10] Sharpe=0.0855 (folds: 0.1977, 0.2564, 0.0101, 0.0927, -0.1295)
    [trial 11] 47 features, training_days=360 | threshold=0.587 | labels: 1209 long, 959 short (56/44%)
    [trial 11] Sharpe=0.1699 (folds: 0.3359, 0.3471, -0.0330, 0.1507, 0.0487)
    [trial 12] 47 features, training_days=340 | threshold=0.670 | labels: 1209 long, 959 short (56/44%)
    [trial 12] Sharpe=0.1907 (folds: 0.5038, 0.3450, -0.0512, 0.1627, -0.0066)
    [trial 13] 47 features, training_days=300 | threshold=0.694 | labels: 1209 long, 959 short (56/44%)
    [trial 13] Sharpe=0.2579 (folds: 0.8791, 0.2516, -0.0058, -0.0144, 0.1788)
    [trial 14] 47 features, training_days=260 | threshold=0.700 | labels: 1209 long, 959 short (56/44%)
    [trial 14] Sharpe=0.1999 (folds: 0.4877, 0.2778, -0.0145, 0.2144, 0.0339)
    [trial 15] 47 features, training_days=250 | threshold=0.729 | labels: 1209 long, 959 short (56/44%)
    [trial 15] Sharpe=0.1515 (folds: 0.4233, 0.2163, -0.0947, 0.1987, 0.0141)
    [trial 16] 47 features, training_days=120 | threshold=0.729 | labels: 1209 long, 959 short (56/44%)
    [trial 16] Sharpe=0.0491 (folds: 0.2319, 0.1252, -0.1114, 0.1786, -0.1787)
    [trial 17] 47 features, training_days=290 | threshold=0.681 | labels: 1209 long, 959 short (56/44%)
    [trial 17] Sharpe=0.1431 (folds: 0.1793, 0.2232, 0.0733, 0.0864, 0.1532)
  Optuna: 18 trials, best Sharpe = 0.2579
  Best params: n_estimators=65, max_depth=4, lr=0.0180, leaves=62
  Best confidence_threshold: 0.694
  Best training_days: 300
  Retrained on full data (900 samples, 47 features)
  [ensemble 2/3] seed=123
    [trial 0] 47 features, training_days=150 | threshold=0.744 | labels: 1209 long, 959 short (56/44%)
    [CV fold 0] train_end=2020-08-22 08:00 | val_start=2020-08-30 00:00 | gap=184h (22 rows)
    [CV fold 1] train_end=2020-12-20 16:00 | val_start=2020-12-28 08:00 | gap=184h (22 rows)
    [CV fold 2] train_end=2021-04-20 00:00 | val_start=2021-04-27 16:00 | gap=184h (22 rows)
    [CV fold 3] train_end=2021-08-18 08:00 | val_start=2021-08-26 00:00 | gap=184h (22 rows)
    [CV fold 4] train_end=2021-12-16 16:00 | val_start=2021-12-24 08:00 | gap=184h (22 rows)
    [trial 0] Sharpe=0.0636 (folds: 0.1664, 0.2062, 0.0852, 0.1018, -0.2416)
    [trial 1] 47 features, training_days=220 | threshold=0.755 | labels: 1209 long, 959 short (56/44%)
    [trial 1] Sharpe=0.0059 (folds: 0.7323, 0.0870, 0.0401, -0.3437, -0.4864)
    [trial 2] 47 features, training_days=310 | threshold=0.754 | labels: 1209 long, 959 short (56/44%)
    [trial 2] Sharpe=0.0762 (folds: 0.0166, 0.1858, 0.0339, 0.0868, 0.0582)
    [trial 3] 47 features, training_days=220 | threshold=0.673 | labels: 1209 long, 959 short (56/44%)
    [trial 3] Sharpe=0.0917 (folds: 0.1694, 0.1965, 0.0941, 0.0519, -0.0533)
    [trial 4] 47 features, training_days=130 | threshold=0.803 | labels: 1209 long, 959 short (56/44%)
    [trial 4] Sharpe=0.0762 (folds: 0.1868, 0.2106, -0.0522, 0.1942, -0.1586)
    [trial 5] 47 features, training_days=210 | threshold=0.606 | labels: 1209 long, 959 short (56/44%)
    [trial 5] Sharpe=0.1055 (folds: 0.1818, 0.1677, 0.0981, 0.0617, 0.0183)
    [trial 6] 47 features, training_days=130 | threshold=0.767 | labels: 1209 long, 959 short (56/44%)
    [trial 6] Sharpe=0.0583 (folds: 0.0773, 0.2041, 0.0151, 0.1001, -0.1051)
    [trial 7] 47 features, training_days=80 | threshold=0.556 | labels: 1209 long, 959 short (56/44%)
    [trial 7] Sharpe=-0.0602 (folds: -0.2382, 0.1955, -0.2716, 0.0160, -0.0029)
    [trial 8] 47 features, training_days=200 | threshold=0.607 | labels: 1209 long, 959 short (56/44%)
    [trial 8] Sharpe=0.0942 (folds: 0.1432, 0.1870, 0.0690, 0.0756, -0.0040)
    [trial 9] 47 features, training_days=260 | threshold=0.620 | labels: 1209 long, 959 short (56/44%)
    [trial 9] Sharpe=0.1430 (folds: 0.2139, 0.2481, 0.0705, 0.1690, 0.0135)
    [trial 10] 47 features, training_days=470 | threshold=0.534 | labels: 1209 long, 959 short (56/44%)
    [trial 10] Sharpe=0.0939 (folds: 0.1618, 0.2363, 0.0315, 0.1142, -0.0742)
    [trial 11] 47 features, training_days=340 | threshold=0.633 | labels: 1209 long, 959 short (56/44%)
    [trial 11] Sharpe=0.1278 (folds: 0.2340, 0.2425, -0.0025, 0.0711, 0.0940)
    [trial 12] 47 features, training_days=340 | threshold=0.667 | labels: 1209 long, 959 short (56/44%)
    [trial 12] Sharpe=0.1376 (folds: 0.3003, 0.2688, -0.0134, 0.0744, 0.0578)
    [trial 13] 47 features, training_days=400 | threshold=0.687 | labels: 1209 long, 959 short (56/44%)
    [trial 13] Sharpe=0.0909 (folds: 0.1591, 0.1723, 0.0555, 0.1242, -0.0566)
    [trial 14] 47 features, training_days=310 | threshold=0.677 | labels: 1209 long, 959 short (56/44%)
    [trial 14] Sharpe=0.1909 (folds: 0.4210, 0.3269, 0.0014, 0.1233, 0.0820)
    [trial 15] 47 features, training_days=10 | threshold=0.503 | labels: 1209 long, 959 short (56/44%)
    [trial 15] Sharpe=-0.1602 (folds: -0.5723, -0.2333, 0.1271, -0.0940, -0.0287)
    [trial 16] 47 features, training_days=270 | threshold=0.705 | labels: 1209 long, 959 short (56/44%)
    [trial 16] Sharpe=0.1569 (folds: 0.4064, 0.2455, -0.0673, 0.1180, 0.0819)
    [trial 17] 47 features, training_days=400 | threshold=0.711 | labels: 1209 long, 959 short (56/44%)[I 2026-06-01 14:56:15,259] Trial 17 finished with value: 0.08115040510021601 and parameters: {'confidence_threshold': 0.7110519736587814, 'training_days': 400, 'n_estimators': 229, 'max_depth': 4, 'num_leaves': 15, 'learning_rate': 0.015536148630001108, 'subsample': 0.9528818478248289, 'colsample_bytree': 0.7203122806858782, 'min_child_samples': 85, 'reg_alpha': 0.017867971546418063, 'reg_lambda': 3.3911813169230784}. Best is trial 14 with value: 0.19092017556220003.
[I 2026-06-01 14:56:15,377] A new study created in memory with name: no-name-80812e04-be91-4378-88a0-f0ee7f70a62d
[I 2026-06-01 14:56:15,554] Trial 0 finished with value: 0.038804478917702674 and parameters: {'confidence_threshold': 0.5870645682749857, 'training_days': 90, 'n_estimators': 403, 'max_depth': 5, 'num_leaves': 45, 'learning_rate': 0.0780457193679974, 'subsample': 0.9428509515574568, 'colsample_bytree': 0.8795587339164916, 'min_child_samples': 34, 'reg_alpha': 2.2465901234314442e-07, 'reg_lambda': 8.339007036475363e-05}. Best is trial 0 with value: 0.038804478917702674.
[I 2026-06-01 14:56:15,649] Trial 1 finished with value: 0.14155114474611627 and parameters: {'confidence_threshold': 0.6348453934275313, 'training_days': 290, 'n_estimators': 115, 'max_depth': 5, 'num_leaves': 37, 'learning_rate': 0.06949568759029946, 'subsample': 0.8228505074024268, 'colsample_bytree': 0.8616703220431751, 'min_child_samples': 75, 'reg_alpha': 4.2486822725010923e-07, 'reg_lambda': 1.157247767047042e-07}. Best is trial 1 with value: 0.14155114474611627.
[I 2026-06-01 14:56:15,666] Trial 2 finished with value: -0.1602423517177038 and parameters: {'confidence_threshold': 0.5849570384370288, 'training_days': 10, 'n_estimators': 212, 'max_depth': 3, 'num_leaves': 41, 'learning_rate': 0.18452095998378365, 'subsample': 0.6001060822924371, 'colsample_bytree': 0.5673167293506167, 'min_child_samples': 37, 'reg_alpha': 5.733250064217131, 'reg_lambda': 0.5308454292595461}. Best is trial 1 with value: 0.14155114474611627.
[I 2026-06-01 14:56:15,742] Trial 3 finished with value: 0.12262825583900168 and parameters: {'confidence_threshold': 0.6868248626683718, 'training_days': 220, 'n_estimators': 134, 'max_depth': 3, 'num_leaves': 45, 'learning_rate': 0.033529007907491595, 'subsample': 0.8647277071858408, 'colsample_bytree': 0.778494116634046, 'min_child_samples': 96, 'reg_alpha': 2.409409937265785e-07, 'reg_lambda': 1.1642073478060009}. Best is trial 1 with value: 0.14155114474611627.
[I 2026-06-01 14:56:15,831] Trial 4 finished with value: 0.10091963549868418 and parameters: {'confidence_threshold': 0.5623121348350352, 'training_days': 300, 'n_estimators': 69, 'max_depth': 4, 'num_leaves': 32, 'learning_rate': 0.14967629360700346, 'subsample': 0.5054535233636654, 'colsample_bytree': 0.7401385194659216, 'min_child_samples': 27, 'reg_alpha': 1.4212042567426725e-07, 'reg_lambda': 0.23605753701352003}. Best is trial 1 with value: 0.14155114474611627.
[I 2026-06-01 14:56:16,225] Trial 5 finished with value: 0.09600354148349315 and parameters: {'confidence_threshold': 0.7111850244908446, 'training_days': 490, 'n_estimators': 362, 'max_depth': 5, 'num_leaves': 40, 'learning_rate': 0.05960785724162737, 'subsample': 0.5589714368907717, 'colsample_bytree': 0.6659006943232806, 'min_child_samples': 42, 'reg_alpha': 0.6741360303045295, 'reg_lambda': 6.054601607143087e-08}. Best is trial 1 with value: 0.14155114474611627.
[I 2026-06-01 14:56:16,394] Trial 6 finished with value: 0.11640007756134241 and parameters: {'confidence_threshold': 0.667482545748023, 'training_days': 420, 'n_estimators': 279, 'max_depth': 3, 'num_leaves': 45, 'learning_rate': 0.040099592560849204, 'subsample': 0.8563114696415159, 'colsample_bytree': 0.5442917781944105, 'min_child_samples': 50, 'reg_alpha': 1.6407916423707903e-08, 'reg_lambda': 2.935907642973286e-05}. Best is trial 1 with value: 0.14155114474611627.
[I 2026-06-01 14:56:16,530] Trial 7 finished with value: 0.063654927909099 and parameters: {'confidence_threshold': 0.5497381024139926, 'training_days': 120, 'n_estimators': 408, 'max_depth': 5, 'num_leaves': 38, 'learning_rate': 0.28049122657745795, 'subsample': 0.8806573338635493, 'colsample_bytree': 0.5454054113547102, 'min_child_samples': 63, 'reg_alpha': 0.01263008637940408, 'reg_lambda': 0.04588020805366937}. Best is trial 1 with value: 0.14155114474611627.
[I 2026-06-01 14:56:16,769] Trial 8 finished with value: 0.12932105156594206 and parameters: {'confidence_threshold': 0.719644804808716, 'training_days': 450, 'n_estimators': 410, 'max_depth': 4, 'num_leaves': 57, 'learning_rate': 0.04022026551478857, 'subsample': 0.5336085426932707, 'colsample_bytree': 0.5705742850577543, 'min_child_samples': 100, 'reg_alpha': 5.916398047912201e-07, 'reg_lambda': 0.9794034214488329}. Best is trial 1 with value: 0.14155114474611627.
[I 2026-06-01 14:56:16,789] Trial 9 finished with value: -5.922898835547128 and parameters: {'confidence_threshold': 0.7267463643917187, 'training_days': 20, 'n_estimators': 337, 'max_depth': 5, 'num_leaves': 23, 'learning_rate': 0.022153031811454605, 'subsample': 0.6305627572358737, 'colsample_bytree': 0.6613413774216214, 'min_child_samples': 81, 'reg_alpha': 5.7638634029410314e-08, 'reg_lambda': 8.26603016764008}. Best is trial 1 with value: 0.14155114474611627.
[I 2026-06-01 14:56:16,925] Trial 10 finished with value: -1.8845992438802515 and parameters: {'confidence_threshold': 0.8398533911817929, 'training_days': 320, 'n_estimators': 181, 'max_depth': 4, 'num_leaves': 15, 'learning_rate': 0.013684491588422613, 'subsample': 0.7320664585010437, 'colsample_bytree': 0.9944479338273263, 'min_child_samples': 74, 'reg_alpha': 4.136971884522066e-05, 'reg_lambda': 1.4599322889399585e-08}. Best is trial 1 with value: 0.14155114474611627.
[I 2026-06-01 14:56:17,240] Trial 11 finished with value: 0.14795189651132162 and parameters: {'confidence_threshold': 0.7828153509856826, 'training_days': 390, 'n_estimators': 478, 'max_depth': 4, 'num_leaves': 61, 'learning_rate': 0.11117277763483477, 'subsample': 0.741942921860466, 'colsample_bytree': 0.8724278937851807, 'min_child_samples': 100, 'reg_alpha': 2.3530491583503867e-05, 'reg_lambda': 2.041665427598461e-06}. Best is trial 11 with value: 0.14795189651132162.
[I 2026-06-01 14:56:17,580] Trial 12 finished with value: 0.11325829708752884 and parameters: {'confidence_threshold': 0.823724329897743, 'training_days': 370, 'n_estimators': 490, 'max_depth': 4, 'num_leaves': 63, 'learning_rate': 0.09265206884400709, 'subsample': 0.7341978238962255, 'colsample_bytree': 0.8940271114037266, 'min_child_samples': 82, 'reg_alpha': 2.8799691672879213e-05, 'reg_lambda': 1.1532086430124854e-06}. Best is trial 11 with value: 0.14795189651132162.
[I 2026-06-01 14:56:17,641] Trial 13 finished with value: 0.1133189101793131 and parameters: {'confidence_threshold': 0.6308026073906248, 'training_days': 230, 'n_estimators': 51, 'max_depth': 4, 'num_leaves': 53, 'learning_rate': 0.11842510796771445, 'subsample': 0.7877599009492524, 'colsample_bytree': 0.8660360583246522, 'min_child_samples': 67, 'reg_alpha': 8.465942575614097e-06, 'reg_lambda': 1.8799948266058237e-06}. Best is trial 11 with value: 0.14795189651132162.
[I 2026-06-01 14:56:18,035] Trial 14 finished with value: 0.13152472529159356 and parameters: {'confidence_threshold': 0.7723320301796328, 'training_days': 370, 'n_estimators': 500, 'max_depth': 5, 'num_leaves': 31, 'learning_rate': 0.06723399694362181, 'subsample': 0.6716705612092346, 'colsample_bytree': 0.988495325225795, 'min_child_samples': 89, 'reg_alpha': 0.0006256676634734064, 'reg_lambda': 0.0021277218082817865}. Best is trial 11 with value: 0.14795189651132162.
[I 2026-06-01 14:56:18,226] Trial 15 finished with value: 0.08932051840858066 and parameters: {'confidence_threshold': 0.7759731020643469, 'training_days': 180, 'n_estimators': 282, 'max_depth': 4, 'num_leaves': 52, 'learning_rate': 0.2564327358480658, 'subsample': 0.7890406360033159, 'colsample_bytree': 0.8081033772297042, 'min_child_samples': 51, 'reg_alpha': 0.002133995302102601, 'reg_lambda': 5.321397038151458e-07}. Best is trial 11 with value: 0.14795189651132162.
[I 2026-06-01 14:56:18,324] Trial 16 finished with value: 0.12076879057361278 and parameters: {'confidence_threshold': 0.5156958281455359, 'training_days': 300, 'n_estimators': 125, 'max_depth': 4, 'num_leaves': 32, 'learning_rate': 0.12511665457879817, 'subsample': 0.9682632526518532, 'colsample_bytree': 0.9259708227430208, 'min_child_samples': 88, 'reg_alpha': 5.7003048456972834e-06, 'reg_lambda': 1.375021948721695e-05}. Best is trial 11 with value: 0.14795189651132162.
