[I 2026-06-01 15:02:10,860] Trial 14 finished with value: 0.1890821951471752 and parameters: {'confidence_threshold': 0.7018383494901776, 'training_days': 390, 'n_estimators': 60, 'max_depth': 4, 'num_leaves': 28, 'learning_rate': 0.03215509409433769, 'subsample': 0.6625616770469811, 'colsample_bytree': 0.7101988997477608, 'min_child_samples': 87, 'reg_alpha': 0.05042178455687471, 'reg_lambda': 0.07597426064842482}. Best is trial 1 with value: 0.3571730942170116.
[I 2026-06-01 15:02:11,005] Trial 15 finished with value: 0.1296206789819915 and parameters: {'confidence_threshold': 0.6977554282437574, 'training_days': 490, 'n_estimators': 105, 'max_depth': 4, 'num_leaves': 25, 'learning_rate': 0.02246806090849032, 'subsample': 0.677924473416511, 'colsample_bytree': 0.732340434627677, 'min_child_samples': 47, 'reg_alpha': 8.710348085309414, 'reg_lambda': 0.05138157439645094}. Best is trial 1 with value: 0.3571730942170116.
[I 2026-06-01 15:02:11,162] Trial 16 finished with value: 0.10336663912138559 and parameters: {'confidence_threshold': 0.6708968705265699, 'training_days': 430, 'n_estimators': 193, 'max_depth': 4, 'num_leaves': 15, 'learning_rate': 0.013623750329352145, 'subsample': 0.8868474056204897, 'colsample_bytree': 0.7158318224997116, 'min_child_samples': 98, 'reg_alpha': 5.292044899879069e-07, 'reg_lambda': 0.05779562937107981}. Best is trial 1 with value: 0.3571730942170116.
[I 2026-06-01 15:02:11,251] Trial 17 finished with value: 0.04005826839676713 and parameters: {'confidence_threshold': 0.5004748807695347, 'training_days': 410, 'n_estimators': 98, 'max_depth': 3, 'num_leaves': 53, 'learning_rate': 0.025209516166245612, 'subsample': 0.7142273609781529, 'colsample_bytree': 0.6242562232277389, 'min_child_samples': 88, 'reg_alpha': 0.11627371628748621, 'reg_lambda': 0.20384838649308162}. Best is trial 1 with value: 0.3571730942170116.
[I 2026-06-01 15:02:11,666] A new study created in memory with name: no-name-d746e19d-6048-46c5-b51c-0a002344905f
[I 2026-06-01 15:02:11,862] Trial 0 finished with value: -0.033591189997195584 and parameters: {'confidence_threshold': 0.5870645682749857, 'training_days': 90, 'n_estimators': 403, 'max_depth': 5, 'num_leaves': 45, 'learning_rate': 0.0780457193679974, 'subsample': 0.9428509515574568, 'colsample_bytree': 0.8795587339164916, 'min_child_samples': 34, 'reg_alpha': 2.2465901234314442e-07, 'reg_lambda': 8.339007036475363e-05}. Best is trial 0 with value: -0.033591189997195584.
[I 2026-06-01 15:02:11,970] Trial 1 finished with value: 0.0033844617668496333 and parameters: {'confidence_threshold': 0.6348453934275313, 'training_days': 290, 'n_estimators': 115, 'max_depth': 5, 'num_leaves': 37, 'learning_rate': 0.06949568759029946, 'subsample': 0.8228505074024268, 'colsample_bytree': 0.8616703220431751, 'min_child_samples': 75, 'reg_alpha': 4.2486822725010923e-07, 'reg_lambda': 1.157247767047042e-07}. Best is trial 1 with value: 0.0033844617668496333.
[I 2026-06-01 15:02:11,988] Trial 2 finished with value: -0.20225387660879174 and parameters: {'confidence_threshold': 0.5849570384370288, 'training_days': 10, 'n_estimators': 212, 'max_depth': 3, 'num_leaves': 41, 'learning_rate': 0.18452095998378365, 'subsample': 0.6001060822924371, 'colsample_bytree': 0.5673167293506167, 'min_child_samples': 37, 'reg_alpha': 5.733250064217131, 'reg_lambda': 0.5308454292595461}. Best is trial 1 with value: 0.0033844617668496333.
[I 2026-06-01 15:02:12,070] Trial 3 finished with value: 0.06364349385098393 and parameters: {'confidence_threshold': 0.6868248626683718, 'training_days': 220, 'n_estimators': 134, 'max_depth': 3, 'num_leaves': 45, 'learning_rate': 0.033529007907491595, 'subsample': 0.8647277071858408, 'colsample_bytree': 0.778494116634046, 'min_child_samples': 96, 'reg_alpha': 2.409409937265785e-07, 'reg_lambda': 1.1642073478060009}. Best is trial 3 with value: 0.06364349385098393.
[I 2026-06-01 15:02:12,147] Trial 4 finished with value: -0.02123856971842068 and parameters: {'confidence_threshold': 0.5623121348350352, 'training_days': 300, 'n_estimators': 69, 'max_depth': 4, 'num_leaves': 32, 'learning_rate': 0.14967629360700346, 'subsample': 0.5054535233636654, 'colsample_bytree': 0.7401385194659216, 'min_child_samples': 27, 'reg_alpha': 1.4212042567426725e-07, 'reg_lambda': 0.23605753701352003}. Best is trial 3 with value: 0.06364349385098393.
[I 2026-06-01 15:02:12,566] Trial 5 finished with value: 0.0007493470148723147 and parameters: {'confidence_threshold': 0.7111850244908446, 'training_days': 490, 'n_estimators': 362, 'max_depth': 5, 'num_leaves': 40, 'learning_rate': 0.05960785724162737, 'subsample': 0.5589714368907717, 'colsample_bytree': 0.6659006943232806, 'min_child_samples': 42, 'reg_alpha': 0.6741360303045295, 'reg_lambda': 6.054601607143087e-08}. Best is trial 3 with value: 0.06364349385098393.
[I 2026-06-01 15:02:12,738] Trial 6 finished with value: 0.05369881726098143 and parameters: {'confidence_threshold': 0.667482545748023, 'training_days': 420, 'n_estimators': 279, 'max_depth': 3, 'num_leaves': 45, 'learning_rate': 0.040099592560849204, 'subsample': 0.8563114696415159, 'colsample_bytree': 0.5442917781944105, 'min_child_samples': 50, 'reg_alpha': 1.6407916423707903e-08, 'reg_lambda': 2.935907642973286e-05}. Best is trial 3 with value: 0.06364349385098393.
[I 2026-06-01 15:02:12,883] Trial 7 finished with value: 0.022326713989138654 and parameters: {'confidence_threshold': 0.5497381024139926, 'training_days': 120, 'n_estimators': 408, 'max_depth': 5, 'num_leaves': 38, 'learning_rate': 0.28049122657745795, 'subsample': 0.8806573338635493, 'colsample_bytree': 0.5454054113547102, 'min_child_samples': 63, 'reg_alpha': 0.01263008637940408, 'reg_lambda': 0.04588020805366937}. Best is trial 3 with value: 0.06364349385098393.
[I 2026-06-01 15:02:13,161] Trial 8 finished with value: 0.05155242182837562 and parameters: {'confidence_threshold': 0.719644804808716, 'training_days': 450, 'n_estimators': 410, 'max_depth': 4, 'num_leaves': 57, 'learning_rate': 0.04022026551478857, 'subsample': 0.5336085426932707, 'colsample_bytree': 0.5705742850577543, 'min_child_samples': 100, 'reg_alpha': 5.916398047912201e-07, 'reg_lambda': 0.9794034214488329}. Best is trial 3 with value: 0.06364349385098393.
[I 2026-06-01 15:02:13,183] Trial 9 finished with value: -4.094373860711154 and parameters: {'confidence_threshold': 0.7267463643917187, 'training_days': 20, 'n_estimators': 337, 'max_depth': 5, 'num_leaves': 23, 'learning_rate': 0.022153031811454605, 'subsample': 0.6305627572358737, 'colsample_bytree': 0.6613413774216214, 'min_child_samples': 81, 'reg_alpha': 5.7638634029410314e-08, 'reg_lambda': 8.26603016764008}. Best is trial 3 with value: 0.06364349385098393.

    [trial 9] Sharpe=-0.0881 (folds: -0.2651, 0.2963, -0.1030, 0.0509, -0.4197)
    [trial 10] 47 features, training_days=350 | threshold=0.694 | labels: 1190 long, 981 short (55/45%)
    [trial 10] Sharpe=0.0371 (folds: 0.2933, 0.1383, 0.1794, -0.2207, -0.2049)
    [trial 11] 47 features, training_days=490 | threshold=0.714 | labels: 1190 long, 981 short (55/45%)
    [trial 11] Sharpe=0.0243 (folds: 0.2870, 0.1333, 0.0853, -0.2076, -0.1765)
    [trial 12] 47 features, training_days=480 | threshold=0.737 | labels: 1190 long, 981 short (55/45%)
    [trial 12] Sharpe=0.0450 (folds: 0.2333, 0.1181, 0.1692, -0.2174, -0.0779)
    [trial 13] 47 features, training_days=500 | threshold=0.646 | labels: 1190 long, 981 short (55/45%)
    [trial 13] Sharpe=0.0456 (folds: 0.2282, 0.1149, 0.1749, -0.2098, -0.0802)
    [trial 14] 47 features, training_days=340 | threshold=0.759 | labels: 1190 long, 981 short (55/45%)
    [trial 14] Sharpe=-0.0058 (folds: 0.1512, 0.1163, 0.0792, -0.1509, -0.2246)
    [trial 15] 47 features, training_days=420 | threshold=0.649 | labels: 1190 long, 981 short (55/45%)
    [trial 15] Sharpe=0.1072 (folds: 0.3047, 0.1585, 0.2433, -0.1137, -0.0567)
    [trial 16] 47 features, training_days=410 | threshold=0.640 | labels: 1190 long, 981 short (55/45%)
    [trial 16] Sharpe=0.0769 (folds: 0.2660, 0.1152, 0.2283, -0.1604, -0.0646)
    [trial 17] 47 features, training_days=290 | threshold=0.654 | labels: 1190 long, 981 short (55/45%)
    [trial 17] Sharpe=0.0204 (folds: 0.2569, 0.1488, 0.0031, -0.1776, -0.1290)
  Optuna: 18 trials, best Sharpe = 0.1072
  Best params: n_estimators=289, max_depth=4, lr=0.0111, leaves=32
  Best confidence_threshold: 0.649
  Best training_days: 420
  Retrained on full data (1260 samples, 47 features)
  [ensemble 2/3] seed=123
    [trial 0] 47 features, training_days=150 | threshold=0.744 | labels: 1190 long, 981 short (55/45%)
    [CV fold 0] train_end=2023-05-26 08:00 | val_start=2023-06-03 00:00 | gap=184h (22 rows)
    [CV fold 1] train_end=2023-09-23 16:00 | val_start=2023-10-01 08:00 | gap=184h (22 rows)
    [CV fold 2] train_end=2024-01-22 00:00 | val_start=2024-01-29 16:00 | gap=184h (22 rows)
    [CV fold 3] train_end=2024-05-21 08:00 | val_start=2024-05-29 00:00 | gap=184h (22 rows)
    [CV fold 4] train_end=2024-09-18 16:00 | val_start=2024-09-26 08:00 | gap=184h (22 rows)
    [trial 0] Sharpe=0.0209 (folds: 0.3436, -0.1918, 0.1765, -0.1414, -0.0823)
    [trial 1] 47 features, training_days=220 | threshold=0.755 | labels: 1190 long, 981 short (55/45%)
    [trial 1] Sharpe=0.3572 (folds: 0.7686, -0.0484, 0.5617, 0.1185, 0.3855)
    [trial 2] 47 features, training_days=310 | threshold=0.754 | labels: 1190 long, 981 short (55/45%)
    [trial 2] Sharpe=0.0213 (folds: 0.2163, 0.0666, 0.1719, -0.1019, -0.2467)
    [trial 3] 47 features, training_days=220 | threshold=0.673 | labels: 1190 long, 981 short (55/45%)
    [trial 3] Sharpe=-0.0654 (folds: 0.0842, 0.0496, -0.0356, -0.2665, -0.1588)
    [trial 4] 47 features, training_days=130 | threshold=0.803 | labels: 1190 long, 981 short (55/45%)
    [trial 4] Sharpe=0.0256 (folds: 0.3607, -0.0377, 0.0751, -0.1269, -0.1430)
    [trial 5] 47 features, training_days=210 | threshold=0.606 | labels: 1190 long, 981 short (55/45%)
    [trial 5] Sharpe=-0.0865 (folds: 0.1923, -0.0096, -0.0052, -0.3322, -0.2780)
    [trial 6] 47 features, training_days=130 | threshold=0.767 | labels: 1190 long, 981 short (55/45%)
    [trial 6] Sharpe=-0.0161 (folds: 0.1125, -0.0712, 0.0959, -0.0255, -0.1924)
    [trial 7] 47 features, training_days=80 | threshold=0.556 | labels: 1190 long, 981 short (55/45%)
    [trial 7] Sharpe=-0.0730 (folds: -0.0883, -0.1883, 0.1113, -0.1223, -0.0775)
    [trial 8] 47 features, training_days=200 | threshold=0.607 | labels: 1190 long, 981 short (55/45%)
    [trial 8] Sharpe=-0.0758 (folds: 0.1011, 0.0011, 0.0578, -0.2496, -0.2895)
    [trial 9] 47 features, training_days=260 | threshold=0.620 | labels: 1190 long, 981 short (55/45%)
    [trial 9] Sharpe=-0.0192 (folds: 0.2517, 0.1816, -0.0084, -0.2427, -0.2782)
    [trial 10] 47 features, training_days=470 | threshold=0.845 | labels: 1190 long, 981 short (55/45%)
    [trial 10] Sharpe=-1.8785 (folds: 0.2354, 0.0739, 0.2150, 0.0830, -10.0000)
    [trial 11] 47 features, training_days=20 | threshold=0.837 | labels: 1190 long, 981 short (55/45%)
    [trial 11] Sharpe=-4.0944 (folds: -10.0000, -10.0000, -0.1030, 0.0509, -0.4197)
    [trial 12] 47 features, training_days=350 | threshold=0.784 | labels: 1190 long, 981 short (55/45%)
    [trial 12] Sharpe=0.0481 (folds: 0.3147, 0.1442, 0.0923, -0.1994, -0.1117)
    [trial 13] 47 features, training_days=350 | threshold=0.722 | labels: 1190 long, 981 short (55/45%)
    [trial 13] Sharpe=0.1787 (folds: 0.6504, 0.0830, -0.0478, -0.0558, 0.2637)
    [trial 14] 47 features, training_days=390 | threshold=0.702 | labels: 1190 long, 981 short (55/45%)
    [trial 14] Sharpe=0.1891 (folds: 0.5443, 0.1740, 0.1992, -0.0811, 0.1090)
    [trial 15] 47 features, training_days=490 | threshold=0.698 | labels: 1190 long, 981 short (55/45%)
    [trial 15] Sharpe=0.1296 (folds: 0.2173, 0.1337, 0.2074, -0.0640, 0.1537)
    [trial 16] 47 features, training_days=430 | threshold=0.671 | labels: 1190 long, 981 short (55/45%)
    [trial 16] Sharpe=0.1034 (folds: 0.2520, 0.1932, 0.2195, -0.1114, -0.0364)
    [trial 17] 47 features, training_days=410 | threshold=0.500 | labels: 1190 long, 981 short (55/45%)
    [trial 17] Sharpe=0.0401 (folds: 0.1426, 0.1025, 0.2131, -0.1580, -0.1000)
  Optuna: 18 trials, best Sharpe = 0.3572
  Best params: n_estimators=76, max_depth=4, lr=0.0186, leaves=51
  Best confidence_threshold: 0.755
  Best training_days: 220
  Retrained on full data (660 samples, 47 features)
  [ensemble 3/3] seed=456
    [trial 0] 47 features, training_days=90 | threshold=0.587 | labels: 1190 long, 981 short (55/45%)
    [CV fold 0] train_end=2023-05-26 08:00 | val_start=2023-06-03 00:00 | gap=184h (22 rows)
    [CV fold 1] train_end=2023-09-23 16:00 | val_start=2023-10-01 08:00 | gap=184h (22 rows)
    [CV fold 2] train_end=2024-01-22 00:00 | val_start=2024-01-29 16:00 | gap=184h (22 rows)
    [CV fold 3] train_end=2024-05-21 08:00 | val_start=2024-05-29 00:00 | gap=184h (22 rows)
    [CV fold 4] train_end=2024-09-18 16:00 | val_start=2024-09-26 08:00 | gap=184h (22 rows)
    [trial 0] Sharpe=-0.0336 (folds: -0.0270, -0.0580, 0.0521, 0.0065, -0.1415)
    [trial 1] 47 features, training_days=290 | threshold=0.635 | labels: 1190 long, 981 short (55/45%)
    [trial 1] Sharpe=0.0034 (folds: 0.2887, 0.1702, -0.0507, -0.2370, -0.1543)
    [trial 2] 47 features, training_days=10 | threshold=0.585 | labels: 1190 long, 981 short (55/45%)
    [trial 2] Sharpe=-0.2023 (folds: -0.2651, -0.2743, -0.1030, 0.0509, -0.4197)
    [trial 3] 47 features, training_days=220 | threshold=0.687 | labels: 1190 long, 981 short (55/45%)
    [trial 3] Sharpe=0.0636 (folds: 0.3052, 0.2102, 0.1222, -0.2141, -0.1053)
    [trial 4] 47 features, training_days=300 | threshold=0.562 | labels: 1190 long, 981 short (55/45%)
    [trial 4] Sharpe=-0.0212 (folds: 0.0889, 0.1390, 0.0351, -0.1366, -0.2325)
    [trial 5] 47 features, training_days=490 | threshold=0.711 | labels: 1190 long, 981 short (55/45%)
    [trial 5] Sharpe=0.0007 (folds: 0.1816, 0.1265, 0.0950, -0.2500, -0.1494)
    [trial 6] 47 features, training_days=420 | threshold=0.667 | labels: 1190 long, 981 short (55/45%)
    [trial 6] Sharpe=0.0537 (folds: 0.2387, 0.1234, 0.2474, -0.1352, -0.2058)
    [trial 7] 47 features, training_days=120 | threshold=0.550 | labels: 1190 long, 981 short (55/45%)
    [trial 7] Sharpe=0.0223 (folds: 0.2022, 0.0611, 0.0623, -0.1315, -0.0824)
    [trial 8] 47 features, training_days=450 | threshold=0.720 | labels: 1190 long, 981 short (55/45%)
    [trial 8] Sharpe=0.0516 (folds: 0.3034, 0.0913, 0.1494, -0.1520, -0.1342)
    [trial 9] 47 features, training_days=20 | threshold=0.727 | labels: 1190 long, 981 short (55/45%)
    [trial 9] Sharpe=-4.0944 (folds: -10.0000, -10.0000, -0.1030, 0.0509, -0.4197)
    [trial 10] 47 features, training_days=200 | threshold=0.828 | labels: 1190 long, 981 short (55/45%)
    [trial 10] Sharpe=-8.0408 (folds: -10.0000, -10.0000, -10.0000, -0.2039, -10.0000)[I 2026-06-01 15:02:13,296] Trial 10 finished with value: -8.040787722283051 and parameters: {'confidence_threshold': 0.8283920119574972, 'training_days': 200, 'n_estimators': 181, 'max_depth': 3, 'num_leaves': 62, 'learning_rate': 0.011579281028220855, 'subsample': 0.7130289643560688, 'colsample_bytree': 0.9944479338273263, 'min_child_samples': 100, 'reg_alpha': 6.837313901272251e-05, 'reg_lambda': 0.0027253228209330924}. Best is trial 3 with value: 0.06364349385098393.
[I 2026-06-01 15:02:13,494] Trial 11 finished with value: 0.08631148208777914 and parameters: {'confidence_threshold': 0.6624828863039158, 'training_days': 380, 'n_estimators': 241, 'max_depth': 3, 'num_leaves': 50, 'learning_rate': 0.029354876456257728, 'subsample': 0.9833364932696866, 'colsample_bytree': 0.8016610248739169, 'min_child_samples': 55, 'reg_alpha': 2.573708591509265e-05, 'reg_lambda': 9.46041867677697e-06}. Best is trial 11 with value: 0.08631148208777914.
[I 2026-06-01 15:02:13,696] Trial 12 finished with value: 0.15155008183630161 and parameters: {'confidence_threshold': 0.7941244016450042, 'training_days': 360, 'n_estimators': 198, 'max_depth': 4, 'num_leaves': 54, 'learning_rate': 0.01924681962976845, 'subsample': 0.9946701575622037, 'colsample_bytree': 0.8360023000930683, 'min_child_samples': 62, 'reg_alpha': 5.113460481149383e-05, 'reg_lambda': 1.4304147444691813e-06}. Best is trial 12 with value: 0.15155008183630161.
[I 2026-06-01 15:02:13,941] Trial 13 finished with value: 0.14914501580852407 and parameters: {'confidence_threshold': 0.8049870194265122, 'training_days': 380, 'n_estimators': 253, 'max_depth': 4, 'num_leaves': 54, 'learning_rate': 0.01599763794568145, 'subsample': 0.9833430939748692, 'colsample_bytree': 0.8590679397496528, 'min_child_samples': 59, 'reg_alpha': 5.900837329147622e-05, 'reg_lambda': 2.295106215778905e-06}. Best is trial 12 with value: 0.15155008183630161.
[I 2026-06-01 15:02:14,353] Trial 14 finished with value: 0.13963294846123428 and parameters: {'confidence_threshold': 0.8288402374453459, 'training_days': 360, 'n_estimators': 500, 'max_depth': 4, 'num_leaves': 55, 'learning_rate': 0.011030858969457633, 'subsample': 0.9899984138329095, 'colsample_bytree': 0.9567650934760041, 'min_child_samples': 66, 'reg_alpha': 0.0014847179004692675, 'reg_lambda': 1.015208799880295e-06}. Best is trial 12 with value: 0.15155008183630161.
[I 2026-06-01 15:02:14,602] Trial 15 finished with value: 0.13036774566162368 and parameters: {'confidence_threshold': 0.7829525506318393, 'training_days': 340, 'n_estimators': 293, 'max_depth': 4, 'num_leaves': 61, 'learning_rate': 0.017466846051537498, 'subsample': 0.7581302020852223, 'colsample_bytree': 0.8938090739536675, 'min_child_samples': 76, 'reg_alpha': 8.198771767373304e-06, 'reg_lambda': 1.4851574703264506e-06}. Best is trial 12 with value: 0.15155008183630161.
[I 2026-06-01 15:02:14,794] Trial 16 finished with value: 0.1622539174699968 and parameters: {'confidence_threshold': 0.7736837783915832, 'training_days': 500, 'n_estimators': 174, 'max_depth': 4, 'num_leaves': 53, 'learning_rate': 0.01723840081567694, 'subsample': 0.9299762998273411, 'colsample_bytree': 0.8309203228030885, 'min_child_samples': 48, 'reg_alpha': 0.0036109068134859033, 'reg_lambda': 0.000855876310048679}. Best is trial 16 with value: 0.1622539174699968.
[I 2026-06-01 15:02:14,966] Trial 17 finished with value: 0.18104496193548353 and parameters: {'confidence_threshold': 0.771518244996731, 'training_days': 490, 'n_estimators': 155, 'max_depth': 4, 'num_leaves': 18, 'learning_rate': 0.02201894951926674, 'subsample': 0.9272655966967175, 'colsample_bytree': 0.7142219102330146, 'min_child_samples': 46, 'reg_alpha': 0.009117361187310847, 'reg_lambda': 0.0013288134882261842}. Best is trial 17 with value: 0.18104496193548353.
[I 2026-06-01 15:02:15,649] A new study created in memory with name: no-name-53709ce4-4c25-4192-88dd-08311931c05e
[I 2026-06-01 15:02:15,960] Trial 0 finished with value: 0.015566926120475204 and parameters: {'confidence_threshold': 0.6310890415965769, 'training_days': 480, 'n_estimators': 380, 'max_depth': 4, 'num_leaves': 22, 'learning_rate': 0.01699897838270077, 'subsample': 0.5290418060840998, 'colsample_bytree': 0.9330880728874675, 'min_child_samples': 68, 'reg_alpha': 0.023585940584142682, 'reg_lambda': 1.5320059381854043e-08}. Best is trial 0 with value: 0.015566926120475204.
[I 2026-06-01 15:02:16,071] Trial 1 finished with value: -1.8130618211268554 and parameters: {'confidence_threshold': 0.839468448256698, 'training_days': 420, 'n_estimators': 145, 'max_depth': 3, 'num_leaves': 23, 'learning_rate': 0.028145092716060652, 'subsample': 0.762378215816119, 'colsample_bytree': 0.7159725093210578, 'min_child_samples': 43, 'reg_alpha': 0.0032112643094417484, 'reg_lambda': 1.8007140198129195e-07}. Best is trial 0 with value: 0.015566926120475204.
[I 2026-06-01 15:02:16,213] Trial 2 finished with value: -0.0857138354572522 and parameters: {'confidence_threshold': 0.6022506269873263, 'training_days': 190, 'n_estimators': 255, 'max_depth': 5, 'num_leaves': 24, 'learning_rate': 0.05748924681991978, 'subsample': 0.7962072844310213, 'colsample_bytree': 0.5232252063599989, 'min_child_samples': 69, 'reg_alpha': 3.425445902633376e-07, 'reg_lambda': 3.850031979199519e-08}. Best is trial 0 with value: 0.015566926120475204.
[I 2026-06-01 15:02:16,506] Trial 3 finished with value: -0.0683454685863467 and parameters: {'confidence_threshold': 0.8321099380386666, 'training_days': 490, 'n_estimators': 414, 'max_depth': 3, 'num_leaves': 19, 'learning_rate': 0.1024932221692416, 'subsample': 0.7200762468698007, 'colsample_bytree': 0.5610191174223894, 'min_child_samples': 60, 'reg_alpha': 2.039373116525212e-08, 'reg_lambda': 1.527156759251193}. Best is trial 0 with value: 0.015566926120475204.
[I 2026-06-01 15:02:16,682] Trial 4 finished with value: -0.021373248314596083 and parameters: {'confidence_threshold': 0.5905729935600059, 'training_days': 340, 'n_estimators': 190, 'max_depth': 4, 'num_leaves': 41, 'learning_rate': 0.01875220945578641, 'subsample': 0.9847923138822793, 'colsample_bytree': 0.8875664116805573, 'min_child_samples': 96, 'reg_alpha': 1.1309571585271483, 'reg_lambda': 0.002404915432737351}. Best is trial 0 with value: 0.015566926120475204.
[I 2026-06-01 15:02:16,725] Trial 5 finished with value: -0.07227223323052101 and parameters: {'confidence_threshold': 0.8226559822580909, 'training_days': 50, 'n_estimators': 138, 'max_depth': 3, 'num_leaves': 30, 'learning_rate': 0.03750796359625606, 'subsample': 0.6356745158869479, 'colsample_bytree': 0.9143687545759647, 'min_child_samples': 48, 'reg_alpha': 3.376063348877853e-06, 'reg_lambda': 0.0007660634613082914}. Best is trial 0 with value: 0.015566926120475204.
