[I 2026-06-01 15:00:50,549] Trial 17 finished with value: -0.027282844661061047 and parameters: {'confidence_threshold': 0.5021018453288987, 'training_days': 190, 'n_estimators': 426, 'max_depth': 4, 'num_leaves': 34, 'learning_rate': 0.07498302127037176, 'subsample': 0.8002407697944357, 'colsample_bytree': 0.8592245839229123, 'min_child_samples': 44, 'reg_alpha': 1.2085417367722102e-08, 'reg_lambda': 0.00489019430744433}. Best is trial 0 with value: 0.07059605366238028.

    [trial 3] 47 features, training_days=220 | threshold=0.687 | labels: 1171 long, 1000 short (54/46%)
    [trial 3] Sharpe=0.0504 (folds: -0.1741, 0.2044, 0.3191, -0.0243, -0.0731)
    [trial 4] 47 features, training_days=300 | threshold=0.562 | labels: 1171 long, 1000 short (54/46%)
    [trial 4] Sharpe=-0.0117 (folds: -0.1249, -0.1380, 0.1123, 0.1537, -0.0617)
    [trial 5] 47 features, training_days=490 | threshold=0.711 | labels: 1171 long, 1000 short (54/46%)
    [trial 5] Sharpe=0.0143 (folds: -0.1046, -0.1400, 0.2444, 0.0622, 0.0093)
    [trial 6] 47 features, training_days=420 | threshold=0.667 | labels: 1171 long, 1000 short (54/46%)
    [trial 6] Sharpe=0.0532 (folds: -0.0480, -0.1151, 0.2153, 0.0354, 0.1782)
    [trial 7] 47 features, training_days=120 | threshold=0.550 | labels: 1171 long, 1000 short (54/46%)
    [trial 7] Sharpe=0.0417 (folds: -0.0770, 0.1390, -0.0231, 0.0401, 0.1295)
    [trial 8] 47 features, training_days=450 | threshold=0.720 | labels: 1171 long, 1000 short (54/46%)
    [trial 8] Sharpe=0.0454 (folds: -0.1627, 0.0427, 0.2725, -0.0711, 0.1456)
    [trial 9] 47 features, training_days=20 | threshold=0.727 | labels: 1171 long, 1000 short (54/46%)
    [trial 9] Sharpe=-3.8956 (folds: -10.0000, -10.0000, 0.1131, 0.3465, 0.0622)
    [trial 10] 47 features, training_days=130 | threshold=0.840 | labels: 1171 long, 1000 short (54/46%)
    [trial 10] Sharpe=0.0300 (folds: -0.0533, 0.1415, 0.0011, -0.0797, 0.1406)
    [trial 11] 47 features, training_days=390 | threshold=0.620 | labels: 1171 long, 1000 short (54/46%)
    [trial 11] Sharpe=0.0448 (folds: -0.0692, -0.0086, 0.1590, 0.0438, 0.0988)
    [trial 12] 47 features, training_days=370 | threshold=0.515 | labels: 1171 long, 1000 short (54/46%)
    [trial 12] Sharpe=0.0287 (folds: -0.0712, -0.0464, 0.1760, 0.0198, 0.0654)
    [trial 13] 47 features, training_days=190 | threshold=0.805 | labels: 1171 long, 1000 short (54/46%)
    [trial 13] Sharpe=0.0016 (folds: -0.0515, -0.0758, 0.3747, -0.1641, -0.0751)
    [trial 14] 47 features, training_days=100 | threshold=0.644 | labels: 1171 long, 1000 short (54/46%)
    [trial 14] Sharpe=-0.0130 (folds: -0.0618, 0.2029, -0.0975, -0.2075, 0.0989)
    [trial 15] 47 features, training_days=340 | threshold=0.759 | labels: 1171 long, 1000 short (54/46%)
    [trial 15] Sharpe=0.0044 (folds: -0.0829, -0.1213, 0.1718, -0.0364, 0.0909)
    [trial 16] 47 features, training_days=430 | threshold=0.603 | labels: 1171 long, 1000 short (54/46%)
    [trial 16] Sharpe=0.0438 (folds: -0.0635, -0.1304, 0.1431, -0.0126, 0.2826)
    [trial 17] 47 features, training_days=190 | threshold=0.502 | labels: 1171 long, 1000 short (54/46%)
    [trial 17] Sharpe=-0.0273 (folds: -0.0482, -0.0655, 0.1853, -0.1696, -0.0383)
  Optuna: 18 trials, best Sharpe = 0.0706
  Best params: n_estimators=403, max_depth=5, lr=0.0780, leaves=45
  Best confidence_threshold: 0.587
  Best training_days: 90
  Retrained on full data (270 samples, 47 features)
  OOD: 16 features, cutoff (q=0.7) = 10.34
  Model trained for 2024-07: 93 test candles with features, confidence_threshold=0.652
[predict] 2024-07-01 00:00 BTCUSDT → SHORT (proba=0.82 TP=5.5%/SL=2.7%)
[trade:open] 2024-07-01 07:59 BTCUSDT SHORT @ 63265.50 | SL=64990.69 TP=59815.13 | timeout=2024-07-08 07:59
[trade:close] 2024-07-03 15:59 BTCUSDT SHORT → take_profit @ 59815.13 | PnL=+5.45% (net +5.35%) | cum=-5.76% 2024-07=+5.35% 2024-07-03=+5.35%
[predict] 2024-07-06 00:00 BTCUSDT → LONG (proba=0.66 TP=10.1%/SL=5.0%)
[trade:open] 2024-07-06 07:59 BTCUSDT LONG @ 56571.10 | SL=53722.17 TP=62268.96 | timeout=2024-07-13 07:59
[trade:close] 2024-07-13 08:00 BTCUSDT LONG → timeout @ 58140.00 | PnL=+2.77% (net +2.67%) | cum=-3.08% 2024-07=+8.03% 2024-07-13=+2.67%
[predict] 2024-07-14 00:00 BTCUSDT → SHORT (proba=0.88 TP=8.0%/SL=4.0%)
[trade:open] 2024-07-14 07:59 BTCUSDT SHORT @ 60031.30 | SL=62430.22 TP=55233.47 | timeout=2024-07-21 07:59
[trade:close] 2024-07-15 07:59 BTCUSDT SHORT → stop_loss @ 62430.22 | PnL=-4.00% (net -4.10%) | cum=-7.18% 2024-07=+3.93% 2024-07-15=-4.10%
[predict] 2024-07-16 00:00 BTCUSDT → SHORT (proba=0.98 TP=8.6%/SL=4.3%)
[trade:open] 2024-07-16 07:59 BTCUSDT SHORT @ 62881.80 | SL=65595.75 TP=57453.91 | timeout=2024-07-23 07:59
[trade:close] 2024-07-17 07:59 BTCUSDT SHORT → stop_loss @ 65595.75 | PnL=-4.32% (net -4.42%) | cum=-11.60% 2024-07=-0.48% 2024-07-17=-4.42%
[predict] 2024-07-18 00:00 BTCUSDT → SHORT (proba=0.98 TP=7.9%/SL=3.9%)
[trade:open] 2024-07-18 07:59 BTCUSDT SHORT @ 64644.80 | SL=67193.34 TP=59547.72 | timeout=2024-07-25 07:59
[trade:close] 2024-07-19 23:59 BTCUSDT SHORT → stop_loss @ 67193.34 | PnL=-3.94% (net -4.04%) | cum=-15.64% 2024-07=-4.53% 2024-07-19=-4.04%
[predict] 2024-07-21 00:00 BTCUSDT → SHORT (proba=0.89 TP=6.7%/SL=3.4%)
[trade:open] 2024-07-21 07:59 BTCUSDT SHORT @ 66670.00 | SL=68909.38 TP=62191.25 | timeout=2024-07-28 07:59
[trade:close] 2024-07-27 15:59 BTCUSDT SHORT → stop_loss @ 68909.38 | PnL=-3.36% (net -3.46%) | cum=-19.10% 2024-07=-7.99% 2024-07-27=-3.46%
[predict] 2024-07-28 08:00 BTCUSDT → SHORT (proba=0.78 TP=7.2%/SL=3.6%)
[trade:open] 2024-07-28 15:59 BTCUSDT SHORT @ 67624.30 | SL=70042.77 TP=62787.36 | timeout=2024-08-04 15:59
[trade:close] 2024-07-29 15:59 BTCUSDT SHORT → stop_loss @ 70042.77 | PnL=-3.58% (net -3.68%) | cum=-22.77% 2024-07=-11.66% 2024-07-29=-3.68%
[lgbm] === Training for 2024-08 ===
  Train window: 2022-08-01 → 2024-07-24
  2171 training samples from 1 symbols
  Samples per month: 2022-08: 93, 2022-09: 90, 2022-10: 93, 2022-11: 90, 2022-12: 93, 2023-01: 93, 2023-02: 84, 2023-03: 93, 2023-04: 90, 2023-05: 93, 2023-06: 90, 2023-07: 93, 2023-08: 93, 2023-09: 90, 2023-10: 93, 2023-11: 90, 2023-12: 93, 2024-01: 93, 2024-02: 87, 2024-03: 93, 2024-04: 90, 2024-05: 93, 2024-06: 90, 2024-07: 71
  [label] 2022-10-01 16:00 BTCUSDT entry=19304.0000 → LONG | long=timeout(+0.43%) short=sl(-4.95%) | scanned=22 | no_tp→fwd_return=+0.5294
  [label] 2022-10-04 00:00 BTCUSDT entry=19957.0000 → SHORT | long=sl(-4.12%) short=timeout(+4.32%) | scanned=22 | no_tp→fwd_return=-4.4190
  [label] 2022-10-07 16:00 BTCUSDT entry=19520.9000 → SHORT | long=sl(-3.99%) short=tp(+7.67%) | scanned=17 | short_tp_only
  [label] 2022-11-01 08:00 BTCUSDT entry=20435.6000 → SHORT | long=sl(-2.94%) short=sl(-2.94%) | scanned=20 | no_tp→fwd_return=-3.1807
  [label] 2022-12-24 00:00 BTCUSDT entry=16840.3000 → SHORT | long=sl(-2.26%) short=timeout(+1.54%) | scanned=22 | no_tp→fwd_return=-1.6383
  [label] 2023-06-08 00:00 BTCUSDT entry=26431.5000 → SHORT | long=sl(-3.67%) short=timeout(+5.41%) | scanned=22 | no_tp→fwd_return=-5.5120
  [label] 2023-06-12 00:00 BTCUSDT entry=25793.3000 → LONG | long=sl(-3.22%) short=sl(-3.22%) | scanned=15 | no_tp→fwd_return=+3.0795
  [label] 2023-06-22 16:00 BTCUSDT entry=29875.0000 → LONG | long=timeout(+1.79%) short=sl(-3.96%) | scanned=22 | no_tp→fwd_return=+1.8909
  [label] 2023-08-06 16:00 BTCUSDT entry=29075.9000 → LONG | long=tp(+3.00%) short=sl(-1.65%) | scanned=6 | long_tp_only
  [label] 2023-08-15 08:00 BTCUSDT entry=29315.2000 → SHORT | long=sl(-1.54%) short=tp(+2.77%) | scanned=5 | short_tp_only
  [label] 2023-11-13 16:00 BTCUSDT entry=36486.2000 → LONG | long=sl(-3.23%) short=sl(-3.23%) | scanned=6 | no_tp→fwd_return=+3.8354
  [label] 2023-12-15 16:00 BTCUSDT entry=41968.0000 → LONG | long=timeout(+4.74%) short=sl(-4.46%) | scanned=22 | no_tp→fwd_return=+4.8399
  [label] 2024-01-01 00:00 BTCUSDT entry=42527.0000 → LONG | long=tp(+5.88%) short=sl(-3.09%) | scanned=3 | long_tp_only
  [label] 2024-01-13 16:00 BTCUSDT entry=42846.4000 → SHORT | long=timeout(-2.79%) short=timeout(+2.59%) | scanned=22 | no_tp→fwd_return=-2.6947
  [label] 2024-02-01 00:00 BTCUSDT entry=42182.2000 → LONG | long=timeout(+5.40%) short=sl(-3.59%) | scanned=22 | no_tp→fwd_return=+5.4966
  [label] 2024-02-07 08:00 BTCUSDT entry=43057.8000 → LONG | long=tp(+4.85%) short=sl(-2.57%) | scanned=3 | long_tp_only
  [label] 2024-02-19 16:00 BTCUSDT entry=51813.8000 → LONG | long=tp(+5.55%) short=sl(-2.93%) | scanned=21 | long_tp_only
  [label] 2024-03-30 08:00 BTCUSDT entry=70064.9000 → SHORT | long=sl(-3.85%) short=tp(+7.41%) | scanned=9 | short_tp_only[I 2026-06-01 15:00:51,196] A new study created in memory with name: no-name-e0a1edaf-76e2-4078-adac-13dae9c9d6b1
[I 2026-06-01 15:00:51,528] Trial 0 finished with value: 0.09763786550503711 and parameters: {'confidence_threshold': 0.6310890415965769, 'training_days': 480, 'n_estimators': 380, 'max_depth': 4, 'num_leaves': 22, 'learning_rate': 0.01699897838270077, 'subsample': 0.5290418060840998, 'colsample_bytree': 0.9330880728874675, 'min_child_samples': 68, 'reg_alpha': 0.023585940584142682, 'reg_lambda': 1.5320059381854043e-08}. Best is trial 0 with value: 0.09763786550503711.
[I 2026-06-01 15:00:51,650] Trial 1 finished with value: 0.12965289047268486 and parameters: {'confidence_threshold': 0.839468448256698, 'training_days': 420, 'n_estimators': 145, 'max_depth': 3, 'num_leaves': 23, 'learning_rate': 0.028145092716060652, 'subsample': 0.762378215816119, 'colsample_bytree': 0.7159725093210578, 'min_child_samples': 43, 'reg_alpha': 0.0032112643094417484, 'reg_lambda': 1.8007140198129195e-07}. Best is trial 1 with value: 0.12965289047268486.
[I 2026-06-01 15:00:51,807] Trial 2 finished with value: 0.11257587093402721 and parameters: {'confidence_threshold': 0.6022506269873263, 'training_days': 190, 'n_estimators': 255, 'max_depth': 5, 'num_leaves': 24, 'learning_rate': 0.05748924681991978, 'subsample': 0.7962072844310213, 'colsample_bytree': 0.5232252063599989, 'min_child_samples': 69, 'reg_alpha': 3.425445902633376e-07, 'reg_lambda': 3.850031979199519e-08}. Best is trial 1 with value: 0.12965289047268486.
[I 2026-06-01 15:00:52,084] Trial 3 finished with value: 0.12546143436755225 and parameters: {'confidence_threshold': 0.8321099380386666, 'training_days': 490, 'n_estimators': 414, 'max_depth': 3, 'num_leaves': 19, 'learning_rate': 0.1024932221692416, 'subsample': 0.7200762468698007, 'colsample_bytree': 0.5610191174223894, 'min_child_samples': 60, 'reg_alpha': 2.039373116525212e-08, 'reg_lambda': 1.527156759251193}. Best is trial 1 with value: 0.12965289047268486.
[I 2026-06-01 15:00:52,247] Trial 4 finished with value: 0.07661882440380982 and parameters: {'confidence_threshold': 0.5905729935600059, 'training_days': 340, 'n_estimators': 190, 'max_depth': 4, 'num_leaves': 41, 'learning_rate': 0.01875220945578641, 'subsample': 0.9847923138822793, 'colsample_bytree': 0.8875664116805573, 'min_child_samples': 96, 'reg_alpha': 1.1309571585271483, 'reg_lambda': 0.002404915432737351}. Best is trial 1 with value: 0.12965289047268486.
[I 2026-06-01 15:00:52,288] Trial 5 finished with value: -1.9561988742462404 and parameters: {'confidence_threshold': 0.8226559822580909, 'training_days': 50, 'n_estimators': 138, 'max_depth': 3, 'num_leaves': 30, 'learning_rate': 0.03750796359625606, 'subsample': 0.6356745158869479, 'colsample_bytree': 0.9143687545759647, 'min_child_samples': 48, 'reg_alpha': 3.376063348877853e-06, 'reg_lambda': 0.0007660634613082914}. Best is trial 1 with value: 0.12965289047268486.
[I 2026-06-01 15:00:52,396] Trial 6 finished with value: 0.06531128253338789 and parameters: {'confidence_threshold': 0.5493234787411669, 'training_days': 410, 'n_estimators': 83, 'max_depth': 5, 'num_leaves': 52, 'learning_rate': 0.019657448966046126, 'subsample': 0.5027610585618012, 'colsample_bytree': 0.9077307142274171, 'min_child_samples': 77, 'reg_alpha': 0.03639690979811287, 'reg_lambda': 0.08738424135626986}. Best is trial 1 with value: 0.12965289047268486.
[I 2026-06-01 15:00:52,494] Trial 7 finished with value: 0.040047235244380065 and parameters: {'confidence_threshold': 0.5259156281069316, 'training_days': 180, 'n_estimators': 102, 'max_depth': 5, 'num_leaves': 45, 'learning_rate': 0.030816017044468066, 'subsample': 0.5317791751430119, 'colsample_bytree': 0.6554911608578311, 'min_child_samples': 46, 'reg_alpha': 0.036851536911881845, 'reg_lambda': 0.005470376807480391}. Best is trial 1 with value: 0.12965289047268486.
[I 2026-06-01 15:00:52,613] Trial 8 finished with value: 0.04305373534216862 and parameters: {'confidence_threshold': 0.8105244599017143, 'training_days': 240, 'n_estimators': 103, 'max_depth': 5, 'num_leaves': 52, 'learning_rate': 0.06746437142284309, 'subsample': 0.8854835899772805, 'colsample_bytree': 0.7468977981821954, 'min_child_samples': 62, 'reg_alpha': 7.04480806377519e-05, 'reg_lambda': 1.6934490731313353e-08}. Best is trial 1 with value: 0.12965289047268486.
[I 2026-06-01 15:00:52,636] Trial 9 finished with value: -0.0684379029985322 and parameters: {'confidence_threshold': 0.5377619994476566, 'training_days': 20, 'n_estimators': 337, 'max_depth': 3, 'num_leaves': 39, 'learning_rate': 0.21907142272152816, 'subsample': 0.6246461145744375, 'colsample_bytree': 0.7051914615178149, 'min_child_samples': 81, 'reg_alpha': 1.1459970229341322e-06, 'reg_lambda': 4.929685216887945e-08}. Best is trial 1 with value: 0.12965289047268486.
[I 2026-06-01 15:00:53,151] Trial 10 finished with value: 0.12196873169984604 and parameters: {'confidence_threshold': 0.7286853308578232, 'training_days': 350, 'n_estimators': 487, 'max_depth': 4, 'num_leaves': 31, 'learning_rate': 0.011407797829608154, 'subsample': 0.8271882613853766, 'colsample_bytree': 0.8120417635861826, 'min_child_samples': 24, 'reg_alpha': 0.0005486918362336714, 'reg_lambda': 3.3639426888455256e-06}. Best is trial 1 with value: 0.12965289047268486.
[I 2026-06-01 15:00:53,466] Trial 11 finished with value: 0.09300052263897182 and parameters: {'confidence_threshold': 0.7440045644190331, 'training_days': 490, 'n_estimators': 451, 'max_depth': 3, 'num_leaves': 15, 'learning_rate': 0.11289924339749402, 'subsample': 0.7066146881694868, 'colsample_bytree': 0.575666980530699, 'min_child_samples': 42, 'reg_alpha': 0.0003558015055143444, 'reg_lambda': 6.688837062646057}. Best is trial 1 with value: 0.12965289047268486.
[I 2026-06-01 15:00:53,646] Trial 12 finished with value: 0.1513662147513473 and parameters: {'confidence_threshold': 0.8481526672976493, 'training_days': 410, 'n_estimators': 235, 'max_depth': 3, 'num_leaves': 15, 'learning_rate': 0.11263608439461861, 'subsample': 0.7079714589235996, 'colsample_bytree': 0.6270616286957639, 'min_child_samples': 30, 'reg_alpha': 1.098101963123914e-08, 'reg_lambda': 9.140638958005697e-06}. Best is trial 12 with value: 0.1513662147513473.
[I 2026-06-01 15:00:53,832] Trial 13 finished with value: 0.09622310869480817 and parameters: {'confidence_threshold': 0.7551270071198172, 'training_days': 380, 'n_estimators': 225, 'max_depth': 3, 'num_leaves': 62, 'learning_rate': 0.28438438472956246, 'subsample': 0.6803710106053958, 'colsample_bytree': 0.6352678009345452, 'min_child_samples': 22, 'reg_alpha': 1.930219392213938e-05, 'reg_lambda': 4.448098583586063e-06}. Best is trial 12 with value: 0.1513662147513473.
[I 2026-06-01 15:00:54,003] Trial 14 finished with value: 0.0829932687712478 and parameters: {'confidence_threshold': 0.7871652886153421, 'training_days': 280, 'n_estimators': 311, 'max_depth': 3, 'num_leaves': 27, 'learning_rate': 0.14245863607446319, 'subsample': 0.7731670737835583, 'colsample_bytree': 0.8183857957863417, 'min_child_samples': 33, 'reg_alpha': 6.243069797304175, 'reg_lambda': 7.565770484313319e-06}. Best is trial 12 with value: 0.1513662147513473.
[I 2026-06-01 15:00:54,206] Trial 15 finished with value: 0.10179337105964832 and parameters: {'confidence_threshold': 0.6818454695144894, 'training_days': 420, 'n_estimators': 180, 'max_depth': 4, 'num_leaves': 15, 'learning_rate': 0.03301872090824653, 'subsample': 0.8801603351139302, 'colsample_bytree': 0.6548647485045639, 'min_child_samples': 37, 'reg_alpha': 1.108583077350571e-08, 'reg_lambda': 6.987586613374219e-05}. Best is trial 12 with value: 0.1513662147513473.
[I 2026-06-01 15:00:54,333] Trial 16 finished with value: 0.099021722212891 and parameters: {'confidence_threshold': 0.6760523483882178, 'training_days': 290, 'n_estimators': 165, 'max_depth': 3, 'num_leaves': 32, 'learning_rate': 0.0771221987536403, 'subsample': 0.6095890091783663, 'colsample_bytree': 0.7161619478231431, 'min_child_samples': 55, 'reg_alpha': 0.0019485778291547513, 'reg_lambda': 4.3345014809014327e-07}. Best is trial 12 with value: 0.1513662147513473.
[I 2026-06-01 15:00:54,640] Trial 17 finished with value: 0.10340761170297504 and parameters: {'confidence_threshold': 0.8433334841621716, 'training_days': 420, 'n_estimators': 273, 'max_depth': 4, 'num_leaves': 20, 'learning_rate': 0.04302553031342478, 'subsample': 0.8366733523272174, 'colsample_bytree': 0.9956385980717998, 'min_child_samples': 32, 'reg_alpha': 0.005047355373634929, 'reg_lambda': 4.600408049600511e-05}. Best is trial 12 with value: 0.1513662147513473.
[I 2026-06-01 15:00:55,024] A new study created in memory with name: no-name-1bd16545-349d-4752-aa59-af72c1029c77
[I 2026-06-01 15:00:55,129] Trial 0 finished with value: 0.1431640257434676 and parameters: {'confidence_threshold': 0.7437642149592516, 'training_days': 150, 'n_estimators': 152, 'max_depth': 4, 'num_leaves': 50, 'learning_rate': 0.04216766425047743, 'subsample': 0.9903820991923078, 'colsample_bytree': 0.8424148692924316, 'min_child_samples': 58, 'reg_alpha': 3.381097259762742e-05, 'reg_lambda': 1.2263152961306247e-05}. Best is trial 0 with value: 0.1431640257434676.
[I 2026-06-01 15:00:55,203] Trial 1 finished with value: 0.2359847638211529 and parameters: {'confidence_threshold': 0.7551673975844145, 'training_days': 220, 'n_estimators': 76, 'max_depth': 4, 'num_leaves': 51, 'learning_rate': 0.018602118810743477, 'subsample': 0.5877258780737462, 'colsample_bytree': 0.7657756869209191, 'min_child_samples': 63, 'reg_alpha': 0.005123994170264194, 'reg_lambda': 0.44145470178120466}. Best is trial 1 with value: 0.2359847638211529.
[I 2026-06-01 15:00:55,473] Trial 2 finished with value: 0.12695480643277676 and parameters: {'confidence_threshold': 0.7535593637012223, 'training_days': 310, 'n_estimators': 375, 'max_depth': 3, 'num_leaves': 32, 'learning_rate': 0.021735641882032388, 'subsample': 0.6468570231944146, 'colsample_bytree': 0.8154880619272439, 'min_child_samples': 27, 'reg_alpha': 8.004064028491336e-05, 'reg_lambda': 7.546835261630524e-05}. Best is trial 1 with value: 0.2359847638211529.
[I 2026-06-01 15:00:55,642] Trial 3 finished with value: 0.05529214027701832 and parameters: {'confidence_threshold': 0.6727897841776072, 'training_days': 220, 'n_estimators': 190, 'max_depth': 4, 'num_leaves': 58, 'learning_rate': 0.24810689332636193, 'subsample': 0.7509183379421682, 'colsample_bytree': 0.8119764758960556, 'min_child_samples': 29, 'reg_alpha': 7.1708285081421445e-06, 'reg_lambda': 5.412973582738627e-05}. Best is trial 1 with value: 0.2359847638211529.
[I 2026-06-01 15:00:55,774] Trial 4 finished with value: 0.06382092903825921 and parameters: {'confidence_threshold': 0.803208205259178, 'training_days': 130, 'n_estimators': 267, 'max_depth': 5, 'num_leaves': 40, 'learning_rate': 0.08041175317374143, 'subsample': 0.5603143329951619, 'colsample_bytree': 0.9131704002534167, 'min_child_samples': 68, 'reg_alpha': 0.0008046593428183385, 'reg_lambda': 1.2158346158765583e-05}. Best is trial 1 with value: 0.2359847638211529.
[I 2026-06-01 15:00:56,005] Trial 5 finished with value: 0.06005940708231362 and parameters: {'confidence_threshold': 0.6064422761595144, 'training_days': 210, 'n_estimators': 357, 'max_depth': 5, 'num_leaves': 40, 'learning_rate': 0.0974221287220869, 'subsample': 0.7929682762811064, 'colsample_bytree': 0.8124517510478, 'min_child_samples': 74, 'reg_alpha': 0.3811377260781234, 'reg_lambda': 5.607314238392041e-08}. Best is trial 1 with value: 0.2359847638211529.
[I 2026-06-01 15:00:56,108] Trial 6 finished with value: 0.0571726800864212 and parameters: {'confidence_threshold': 0.7672889945051684, 'training_days': 130, 'n_estimators': 137, 'max_depth': 4, 'num_leaves': 19, 'learning_rate': 0.2031117614248665, 'subsample': 0.8136244860256343, 'colsample_bytree': 0.8617081790949774, 'min_child_samples': 21, 'reg_alpha': 0.002238138278733199, 'reg_lambda': 0.001025809534977322}. Best is trial 1 with value: 0.2359847638211529.
[I 2026-06-01 15:00:56,173] Trial 7 finished with value: 0.06311437959189262 and parameters: {'confidence_threshold': 0.555635875450653, 'training_days': 80, 'n_estimators': 363, 'max_depth': 3, 'num_leaves': 48, 'learning_rate': 0.06590089024008658, 'subsample': 0.6944752870615722, 'colsample_bytree': 0.962566244806993, 'min_child_samples': 88, 'reg_alpha': 1.6465620446426067e-05, 'reg_lambda': 2.4678750890085655e-08}. Best is trial 1 with value: 0.2359847638211529.
[I 2026-06-01 15:00:56,504] Trial 8 finished with value: 0.10084530683323478 and parameters: {'confidence_threshold': 0.6066688256938841, 'training_days': 200, 'n_estimators': 367, 'max_depth': 5, 'num_leaves': 32, 'learning_rate': 0.13377519215934996, 'subsample': 0.7965884582811106, 'colsample_bytree': 0.8458508993500886, 'min_child_samples': 32, 'reg_alpha': 3.889436043816386e-05, 'reg_lambda': 1.4713062489380356e-06}. Best is trial 1 with value: 0.2359847638211529.
