[I 2026-06-01 14:59:38,031] Trial 11 finished with value: -0.040273772118772116 and parameters: {'confidence_threshold': 0.6840516532713735, 'training_days': 350, 'n_estimators': 232, 'max_depth': 3, 'num_leaves': 63, 'learning_rate': 0.2803194586810138, 'subsample': 0.6581542700946174, 'colsample_bytree': 0.6778283959364831, 'min_child_samples': 39, 'reg_alpha': 3.8559713145189174e-07, 'reg_lambda': 0.001778082328685607}. Best is trial 3 with value: -0.0017339878995406566.
[I 2026-06-01 14:59:38,375] Trial 12 finished with value: 0.04089984394533243 and parameters: {'confidence_threshold': 0.830632524875604, 'training_days': 330, 'n_estimators': 489, 'max_depth': 3, 'num_leaves': 27, 'learning_rate': 0.021442972716943478, 'subsample': 0.6775760748210882, 'colsample_bytree': 0.5201164353688423, 'min_child_samples': 20, 'reg_alpha': 7.059808345859644e-07, 'reg_lambda': 0.03763104455123277}. Best is trial 12 with value: 0.04089984394533243.
[I 2026-06-01 14:59:38,681] Trial 13 finished with value: -0.09518741049884535 and parameters: {'confidence_threshold': 0.8320048612945233, 'training_days': 400, 'n_estimators': 475, 'max_depth': 3, 'num_leaves': 27, 'learning_rate': 0.014424731344278631, 'subsample': 0.5024707401359401, 'colsample_bytree': 0.5389794258459311, 'min_child_samples': 49, 'reg_alpha': 7.068996033031375e-07, 'reg_lambda': 3.1313389668518146}. Best is trial 12 with value: 0.04089984394533243.
[I 2026-06-01 14:59:38,715] Trial 14 finished with value: -0.07947557957626937 and parameters: {'confidence_threshold': 0.5166805703527768, 'training_days': 20, 'n_estimators': 191, 'max_depth': 4, 'num_leaves': 15, 'learning_rate': 0.04074110489853438, 'subsample': 0.7410280959374556, 'colsample_bytree': 0.5033829767322446, 'min_child_samples': 33, 'reg_alpha': 8.955273563402083e-07, 'reg_lambda': 0.07597426064842482}. Best is trial 12 with value: 0.04089984394533243.
[I 2026-06-01 14:59:39,180] Trial 15 finished with value: -0.058736663230604426 and parameters: {'confidence_threshold': 0.7050367233919248, 'training_days': 300, 'n_estimators': 436, 'max_depth': 4, 'num_leaves': 56, 'learning_rate': 0.1446196958963375, 'subsample': 0.8966418548807951, 'colsample_bytree': 0.6951425821913692, 'min_child_samples': 21, 'reg_alpha': 1.2319533950248464e-08, 'reg_lambda': 0.00813801752617694}. Best is trial 12 with value: 0.04089984394533243.
[I 2026-06-01 14:59:39,252] Trial 16 finished with value: -0.1369808321838296 and parameters: {'confidence_threshold': 0.6354410032461685, 'training_days': 390, 'n_estimators': 51, 'max_depth': 3, 'num_leaves': 31, 'learning_rate': 0.02904918156184138, 'subsample': 0.7311916895834284, 'colsample_bytree': 0.6155885267093099, 'min_child_samples': 99, 'reg_alpha': 3.237542754135814e-06, 'reg_lambda': 0.0002786624127605132}. Best is trial 12 with value: 0.04089984394533243.
[I 2026-06-01 14:59:39,571] Trial 17 finished with value: -0.05154571540286847 and parameters: {'confidence_threshold': 0.7110519736587814, 'training_days': 490, 'n_estimators': 291, 'max_depth': 5, 'num_leaves': 44, 'learning_rate': 0.05744831113408651, 'subsample': 0.613080147985787, 'colsample_bytree': 0.7353404943839517, 'min_child_samples': 52, 'reg_alpha': 0.031339913113165224, 'reg_lambda': 6.536602842883305e-07}. Best is trial 12 with value: 0.04089984394533243.
[I 2026-06-01 14:59:39,900] A new study created in memory with name: no-name-91eb4f7b-8b21-4cb1-973b-24c5552dd4cc
[I 2026-06-01 14:59:40,103] Trial 0 finished with value: -0.01454093388676581 and parameters: {'confidence_threshold': 0.5870645682749857, 'training_days': 90, 'n_estimators': 403, 'max_depth': 5, 'num_leaves': 45, 'learning_rate': 0.0780457193679974, 'subsample': 0.9428509515574568, 'colsample_bytree': 0.8795587339164916, 'min_child_samples': 34, 'reg_alpha': 2.2465901234314442e-07, 'reg_lambda': 8.339007036475363e-05}. Best is trial 0 with value: -0.01454093388676581.
[I 2026-06-01 14:59:40,210] Trial 1 finished with value: -0.0469429016899365 and parameters: {'confidence_threshold': 0.6348453934275313, 'training_days': 290, 'n_estimators': 115, 'max_depth': 5, 'num_leaves': 37, 'learning_rate': 0.06949568759029946, 'subsample': 0.8228505074024268, 'colsample_bytree': 0.8616703220431751, 'min_child_samples': 75, 'reg_alpha': 4.2486822725010923e-07, 'reg_lambda': 1.157247767047042e-07}. Best is trial 0 with value: -0.01454093388676581.
[I 2026-06-01 14:59:40,232] Trial 2 finished with value: -0.01323465330104855 and parameters: {'confidence_threshold': 0.5849570384370288, 'training_days': 10, 'n_estimators': 212, 'max_depth': 3, 'num_leaves': 41, 'learning_rate': 0.18452095998378365, 'subsample': 0.6001060822924371, 'colsample_bytree': 0.5673167293506167, 'min_child_samples': 37, 'reg_alpha': 5.733250064217131, 'reg_lambda': 0.5308454292595461}. Best is trial 2 with value: -0.01323465330104855.

    [trial 2] Sharpe=0.0050 (folds: -0.1061, -0.0288, 0.0479, 0.0622, 0.0498)
    [trial 3] 47 features, training_days=490 | threshold=0.832 | labels: 1107 long, 1061 short (51/49%)
    [trial 3] Sharpe=-0.0149 (folds: -0.0623, 0.0472, -0.0620, -0.0354, 0.0382)
    [trial 4] 47 features, training_days=340 | threshold=0.591 | labels: 1107 long, 1061 short (51/49%)
    [trial 4] Sharpe=-0.0771 (folds: -0.1697, -0.1869, 0.0592, -0.1187, 0.0307)
    [trial 5] 47 features, training_days=50 | threshold=0.823 | labels: 1107 long, 1061 short (51/49%)
    [trial 5] Sharpe=-0.0552 (folds: 0.0962, 0.0817, -0.0808, -0.1821, -0.1911)
    [trial 6] 47 features, training_days=410 | threshold=0.549 | labels: 1107 long, 1061 short (51/49%)
    [trial 6] Sharpe=-0.0652 (folds: -0.1883, -0.0699, 0.0187, -0.1421, 0.0553)
    [trial 7] 47 features, training_days=180 | threshold=0.526 | labels: 1107 long, 1061 short (51/49%)
    [trial 7] Sharpe=0.0094 (folds: -0.0930, -0.0633, 0.1084, -0.0063, 0.1013)
    [trial 8] 47 features, training_days=240 | threshold=0.811 | labels: 1107 long, 1061 short (51/49%)
    [trial 8] Sharpe=-0.0790 (folds: -0.1766, 0.0931, -0.1891, -0.2036, 0.0812)
    [trial 9] 47 features, training_days=20 | threshold=0.538 | labels: 1107 long, 1061 short (51/49%)
    [trial 9] Sharpe=-2.0456 (folds: -10.0000, -0.0303, 0.2286, 0.0025, -0.4289)
    [trial 10] 47 features, training_days=140 | threshold=0.680 | labels: 1107 long, 1061 short (51/49%)
    [trial 10] Sharpe=-0.1132 (folds: -0.0953, -0.2008, -0.1008, -0.0245, -0.1444)
    [trial 11] 47 features, training_days=200 | threshold=0.504 | labels: 1107 long, 1061 short (51/49%)
    [trial 11] Sharpe=0.0062 (folds: -0.0193, -0.0505, -0.0098, -0.0017, 0.1125)
    [trial 12] 47 features, training_days=120 | threshold=0.507 | labels: 1107 long, 1061 short (51/49%)
    [trial 12] Sharpe=-0.0890 (folds: -0.0497, -0.1172, 0.0101, -0.0982, -0.1902)
    [trial 13] 47 features, training_days=290 | threshold=0.694 | labels: 1107 long, 1061 short (51/49%)
    [trial 13] Sharpe=-0.0470 (folds: -0.0814, -0.0901, 0.0810, -0.2758, 0.1314)
    [trial 14] 47 features, training_days=210 | threshold=0.747 | labels: 1107 long, 1061 short (51/49%)
    [trial 14] Sharpe=-0.0229 (folds: -0.1791, -0.1067, -0.0242, 0.1003, 0.0951)
    [trial 15] 47 features, training_days=110 | threshold=0.503 | labels: 1107 long, 1061 short (51/49%)
    [trial 15] Sharpe=-0.0711 (folds: -0.0456, -0.0851, 0.0704, -0.0965, -0.1984)
    [trial 16] 47 features, training_days=320 | threshold=0.565 | labels: 1107 long, 1061 short (51/49%)
    [trial 16] Sharpe=-0.0472 (folds: 0.0647, -0.1556, -0.0213, -0.2117, 0.0877)
    [trial 17] 47 features, training_days=180 | threshold=0.627 | labels: 1107 long, 1061 short (51/49%)
    [trial 17] Sharpe=0.0033 (folds: -0.0150, -0.0809, 0.0701, 0.0026, 0.0400)
  Optuna: 18 trials, best Sharpe = 0.0094
  Best params: n_estimators=102, max_depth=5, lr=0.0308, leaves=45
  Best confidence_threshold: 0.526
  Best training_days: 180
  Retrained on full data (540 samples, 47 features)
  [ensemble 2/3] seed=123
    [trial 0] 47 features, training_days=150 | threshold=0.744 | labels: 1107 long, 1061 short (51/49%)
    [CV fold 0] train_end=2022-04-24 08:00 | val_start=2022-05-02 00:00 | gap=184h (22 rows)
    [CV fold 1] train_end=2022-08-22 16:00 | val_start=2022-08-30 08:00 | gap=184h (22 rows)
    [CV fold 2] train_end=2022-12-21 00:00 | val_start=2022-12-28 16:00 | gap=184h (22 rows)
    [CV fold 3] train_end=2023-04-20 08:00 | val_start=2023-04-28 00:00 | gap=184h (22 rows)
    [CV fold 4] train_end=2023-08-18 16:00 | val_start=2023-08-26 08:00 | gap=184h (22 rows)
    [trial 0] Sharpe=-0.0579 (folds: -0.1440, -0.1002, 0.0546, 0.1358, -0.2357)
    [trial 1] 47 features, training_days=220 | threshold=0.755 | labels: 1107 long, 1061 short (51/49%)
    [trial 1] Sharpe=-4.2332 (folds: -0.7264, -10.0000, -0.6066, -10.0000, 0.1672)
    [trial 2] 47 features, training_days=310 | threshold=0.754 | labels: 1107 long, 1061 short (51/49%)
    [trial 2] Sharpe=-0.0051 (folds: -0.0520, 0.1012, 0.0117, -0.2138, 0.1272)
    [trial 3] 47 features, training_days=220 | threshold=0.673 | labels: 1107 long, 1061 short (51/49%)
    [trial 3] Sharpe=-0.0017 (folds: -0.0600, -0.1529, 0.0626, -0.0419, 0.1835)
    [trial 4] 47 features, training_days=130 | threshold=0.803 | labels: 1107 long, 1061 short (51/49%)
    [trial 4] Sharpe=-0.0981 (folds: -0.0951, -0.2198, -0.1282, 0.0552, -0.1024)
    [trial 5] 47 features, training_days=210 | threshold=0.606 | labels: 1107 long, 1061 short (51/49%)
    [trial 5] Sharpe=-0.0213 (folds: -0.0004, -0.1091, -0.0540, -0.0362, 0.0930)
    [trial 6] 47 features, training_days=130 | threshold=0.767 | labels: 1107 long, 1061 short (51/49%)
    [trial 6] Sharpe=-0.0582 (folds: -0.0723, -0.1073, -0.0422, 0.0240, -0.0933)
    [trial 7] 47 features, training_days=80 | threshold=0.556 | labels: 1107 long, 1061 short (51/49%)
    [trial 7] Sharpe=-0.0355 (folds: 0.0309, 0.0084, -0.0579, -0.0426, -0.1164)
    [trial 8] 47 features, training_days=200 | threshold=0.607 | labels: 1107 long, 1061 short (51/49%)
    [trial 8] Sharpe=-0.0088 (folds: -0.0326, -0.0789, 0.0112, 0.0138, 0.0426)
    [trial 9] 47 features, training_days=260 | threshold=0.620 | labels: 1107 long, 1061 short (51/49%)
    [trial 9] Sharpe=-0.0604 (folds: -0.0978, -0.1125, -0.0182, -0.1547, 0.0812)
    [trial 10] 47 features, training_days=470 | threshold=0.676 | labels: 1107 long, 1061 short (51/49%)
    [trial 10] Sharpe=-0.0915 (folds: -0.1196, -0.0802, -0.0247, -0.3793, 0.1465)
    [trial 11] 47 features, training_days=350 | threshold=0.684 | labels: 1107 long, 1061 short (51/49%)
    [trial 11] Sharpe=-0.0403 (folds: 0.0236, -0.0858, 0.0140, -0.2094, 0.0562)
    [trial 12] 47 features, training_days=330 | threshold=0.831 | labels: 1107 long, 1061 short (51/49%)
    [trial 12] Sharpe=0.0409 (folds: -0.1044, 0.0382, -0.0237, 0.1413, 0.1530)
    [trial 13] 47 features, training_days=400 | threshold=0.832 | labels: 1107 long, 1061 short (51/49%)
    [trial 13] Sharpe=-0.0952 (folds: -0.2171, 0.1070, -0.2893, -0.0997, 0.0231)
    [trial 14] 47 features, training_days=20 | threshold=0.517 | labels: 1107 long, 1061 short (51/49%)
    [trial 14] Sharpe=-0.0795 (folds: -0.1693, -0.0303, 0.2286, 0.0025, -0.4289)
    [trial 15] 47 features, training_days=300 | threshold=0.705 | labels: 1107 long, 1061 short (51/49%)
    [trial 15] Sharpe=-0.0587 (folds: -0.0081, -0.1155, 0.0488, -0.3081, 0.0892)
    [trial 16] 47 features, training_days=390 | threshold=0.635 | labels: 1107 long, 1061 short (51/49%)
    [trial 16] Sharpe=-0.1370 (folds: -0.2296, -0.4551, -0.0897, -0.1713, 0.2608)
    [trial 17] 47 features, training_days=490 | threshold=0.711 | labels: 1107 long, 1061 short (51/49%)
    [trial 17] Sharpe=-0.0515 (folds: -0.0036, -0.1492, -0.0268, -0.1375, 0.0595)
  Optuna: 18 trials, best Sharpe = 0.0409
  Best params: n_estimators=489, max_depth=3, lr=0.0214, leaves=27
  Best confidence_threshold: 0.831
  Best training_days: 330
  Retrained on full data (990 samples, 47 features)
  [ensemble 3/3] seed=456
    [trial 0] 47 features, training_days=90 | threshold=0.587 | labels: 1107 long, 1061 short (51/49%)
    [CV fold 0] train_end=2022-04-24 08:00 | val_start=2022-05-02 00:00 | gap=184h (22 rows)
    [CV fold 1] train_end=2022-08-22 16:00 | val_start=2022-08-30 08:00 | gap=184h (22 rows)
    [CV fold 2] train_end=2022-12-21 00:00 | val_start=2022-12-28 16:00 | gap=184h (22 rows)
    [CV fold 3] train_end=2023-04-20 08:00 | val_start=2023-04-28 00:00 | gap=184h (22 rows)
    [CV fold 4] train_end=2023-08-18 16:00 | val_start=2023-08-26 08:00 | gap=184h (22 rows)
    [trial 0] Sharpe=-0.0145 (folds: 0.0269, 0.0411, 0.0678, -0.1031, -0.1054)
    [trial 1] 47 features, training_days=290 | threshold=0.635 | labels: 1107 long, 1061 short (51/49%)
    [trial 1] Sharpe=-0.0469 (folds: -0.0969, -0.0842, 0.0191, -0.1520, 0.0793)
    [trial 2] 47 features, training_days=10 | threshold=0.585 | labels: 1107 long, 1061 short (51/49%)
    [trial 2] Sharpe=-0.0132 (folds: 0.1619, -0.0303, 0.2286, 0.0025, -0.4289)
    [trial 3] 47 features, training_days=220 | threshold=0.687 | labels: 1107 long, 1061 short (51/49%)[I 2026-06-01 14:59:40,313] Trial 3 finished with value: -0.06337361654037284 and parameters: {'confidence_threshold': 0.6868248626683718, 'training_days': 220, 'n_estimators': 134, 'max_depth': 3, 'num_leaves': 45, 'learning_rate': 0.033529007907491595, 'subsample': 0.8647277071858408, 'colsample_bytree': 0.778494116634046, 'min_child_samples': 96, 'reg_alpha': 2.409409937265785e-07, 'reg_lambda': 1.1642073478060009}. Best is trial 2 with value: -0.01323465330104855.
[I 2026-06-01 14:59:40,401] Trial 4 finished with value: -0.03830099781416991 and parameters: {'confidence_threshold': 0.5623121348350352, 'training_days': 300, 'n_estimators': 69, 'max_depth': 4, 'num_leaves': 32, 'learning_rate': 0.14967629360700346, 'subsample': 0.5054535233636654, 'colsample_bytree': 0.7401385194659216, 'min_child_samples': 27, 'reg_alpha': 1.4212042567426725e-07, 'reg_lambda': 0.23605753701352003}. Best is trial 2 with value: -0.01323465330104855.
[I 2026-06-01 14:59:40,816] Trial 5 finished with value: -0.05910076447289614 and parameters: {'confidence_threshold': 0.7111850244908446, 'training_days': 490, 'n_estimators': 362, 'max_depth': 5, 'num_leaves': 40, 'learning_rate': 0.05960785724162737, 'subsample': 0.5589714368907717, 'colsample_bytree': 0.6659006943232806, 'min_child_samples': 42, 'reg_alpha': 0.6741360303045295, 'reg_lambda': 6.054601607143087e-08}. Best is trial 2 with value: -0.01323465330104855.
[I 2026-06-01 14:59:40,990] Trial 6 finished with value: -0.0026506751114990625 and parameters: {'confidence_threshold': 0.667482545748023, 'training_days': 420, 'n_estimators': 279, 'max_depth': 3, 'num_leaves': 45, 'learning_rate': 0.040099592560849204, 'subsample': 0.8563114696415159, 'colsample_bytree': 0.5442917781944105, 'min_child_samples': 50, 'reg_alpha': 1.6407916423707903e-08, 'reg_lambda': 2.935907642973286e-05}. Best is trial 6 with value: -0.0026506751114990625.
[I 2026-06-01 14:59:41,143] Trial 7 finished with value: -0.08197359424148179 and parameters: {'confidence_threshold': 0.5497381024139926, 'training_days': 120, 'n_estimators': 408, 'max_depth': 5, 'num_leaves': 38, 'learning_rate': 0.28049122657745795, 'subsample': 0.8806573338635493, 'colsample_bytree': 0.5454054113547102, 'min_child_samples': 63, 'reg_alpha': 0.01263008637940408, 'reg_lambda': 0.04588020805366937}. Best is trial 6 with value: -0.0026506751114990625.
[I 2026-06-01 14:59:41,424] Trial 8 finished with value: -0.057108615369199145 and parameters: {'confidence_threshold': 0.719644804808716, 'training_days': 450, 'n_estimators': 410, 'max_depth': 4, 'num_leaves': 57, 'learning_rate': 0.04022026551478857, 'subsample': 0.5336085426932707, 'colsample_bytree': 0.5705742850577543, 'min_child_samples': 100, 'reg_alpha': 5.916398047912201e-07, 'reg_lambda': 0.9794034214488329}. Best is trial 6 with value: -0.0026506751114990625.
[I 2026-06-01 14:59:41,448] Trial 9 finished with value: -6.09183716021637 and parameters: {'confidence_threshold': 0.7267463643917187, 'training_days': 20, 'n_estimators': 337, 'max_depth': 5, 'num_leaves': 23, 'learning_rate': 0.022153031811454605, 'subsample': 0.6305627572358737, 'colsample_bytree': 0.6613413774216214, 'min_child_samples': 81, 'reg_alpha': 5.7638634029410314e-08, 'reg_lambda': 8.26603016764008}. Best is trial 6 with value: -0.0026506751114990625.
[I 2026-06-01 14:59:41,651] Trial 10 finished with value: -6.159350389252444 and parameters: {'confidence_threshold': 0.8283920119574972, 'training_days': 400, 'n_estimators': 240, 'max_depth': 3, 'num_leaves': 62, 'learning_rate': 0.011921022686883517, 'subsample': 0.7130289643560688, 'colsample_bytree': 0.9944479338273263, 'min_child_samples': 54, 'reg_alpha': 6.837313901272251e-05, 'reg_lambda': 2.741063772648371e-05}. Best is trial 6 with value: -0.0026506751114990625.
[I 2026-06-01 14:59:41,805] Trial 11 finished with value: -0.07383941057471743 and parameters: {'confidence_threshold': 0.6197097902494114, 'training_days': 370, 'n_estimators': 236, 'max_depth': 3, 'num_leaves': 52, 'learning_rate': 0.1690988402609865, 'subsample': 0.7351650625287591, 'colsample_bytree': 0.5017024210185925, 'min_child_samples': 47, 'reg_alpha': 6.49360670953883, 'reg_lambda': 0.0027987147723585225}. Best is trial 6 with value: -0.0026506751114990625.
[I 2026-06-01 14:59:42,087] Trial 12 finished with value: -0.015840629538106544 and parameters: {'confidence_threshold': 0.5145853631584999, 'training_days': 190, 'n_estimators': 490, 'max_depth': 3, 'num_leaves': 25, 'learning_rate': 0.12411615325331521, 'subsample': 0.9912016966112274, 'colsample_bytree': 0.6138274090995142, 'min_child_samples': 21, 'reg_alpha': 0.00012116501730499813, 'reg_lambda': 1.4304147444691813e-06}. Best is trial 6 with value: -0.0026506751114990625.
[I 2026-06-01 14:59:42,117] Trial 13 finished with value: -6.09183716021637 and parameters: {'confidence_threshold': 0.8049870194265122, 'training_days': 20, 'n_estimators': 181, 'max_depth': 4, 'num_leaves': 49, 'learning_rate': 0.020094703918199067, 'subsample': 0.6356215386273887, 'colsample_bytree': 0.504161620349506, 'min_child_samples': 62, 'reg_alpha': 0.008738265091534083, 'reg_lambda': 0.0030907163684933165}. Best is trial 6 with value: -0.0026506751114990625.
[I 2026-06-01 14:59:42,320] Trial 14 finished with value: -0.05967916776569315 and parameters: {'confidence_threshold': 0.6449026900959914, 'training_days': 350, 'n_estimators': 286, 'max_depth': 3, 'num_leaves': 17, 'learning_rate': 0.2759676576317377, 'subsample': 0.7851487748866213, 'colsample_bytree': 0.6163464681131001, 'min_child_samples': 39, 'reg_alpha': 1.1551822108194917e-05, 'reg_lambda': 5.453830306136823e-06}. Best is trial 6 with value: -0.0026506751114990625.
[I 2026-06-01 14:59:42,435] Trial 15 finished with value: -0.053844958758111815 and parameters: {'confidence_threshold': 0.7594279795954488, 'training_days': 150, 'n_estimators': 193, 'max_depth': 3, 'num_leaves': 31, 'learning_rate': 0.11467873895188141, 'subsample': 0.6512150728280258, 'colsample_bytree': 0.7127131379634383, 'min_child_samples': 51, 'reg_alpha': 0.016709908009257986, 'reg_lambda': 0.0013467843257158065}. Best is trial 6 with value: -0.0026506751114990625.
[I 2026-06-01 14:59:42,681] Trial 16 finished with value: -0.031460929685562064 and parameters: {'confidence_threshold': 0.6030080673755045, 'training_days': 260, 'n_estimators': 277, 'max_depth': 4, 'num_leaves': 53, 'learning_rate': 0.04266871908460725, 'subsample': 0.6928846082990532, 'colsample_bytree': 0.5820709598654734, 'min_child_samples': 33, 'reg_alpha': 0.22412806315095748, 'reg_lambda': 0.02666491168312947}. Best is trial 6 with value: -0.0026506751114990625.
[I 2026-06-01 14:59:42,885] Trial 17 finished with value: -0.07358813805067496 and parameters: {'confidence_threshold': 0.5021018453288987, 'training_days': 430, 'n_estimators': 319, 'max_depth': 3, 'num_leaves': 41, 'learning_rate': 0.02201894951926673, 'subsample': 0.5744928429638737, 'colsample_bytree': 0.6675732857585037, 'min_child_samples': 70, 'reg_alpha': 1.3969704761182254e-08, 'reg_lambda': 0.00024521850680081633}. Best is trial 6 with value: -0.0026506751114990625.
[I 2026-06-01 14:59:43,473] A new study created in memory with name: no-name-05de00db-a580-4c48-9501-fb4ded68fcca
[I 2026-06-01 14:59:43,804] Trial 0 finished with value: -0.12437583833700602 and parameters: {'confidence_threshold': 0.6310890415965769, 'training_days': 480, 'n_estimators': 380, 'max_depth': 4, 'num_leaves': 22, 'learning_rate': 0.01699897838270077, 'subsample': 0.5290418060840998, 'colsample_bytree': 0.9330880728874675, 'min_child_samples': 68, 'reg_alpha': 0.023585940584142682, 'reg_lambda': 1.5320059381854043e-08}. Best is trial 0 with value: -0.12437583833700602.
