[I 2026-06-01 15:03:47,214] Trial 9 finished with value: -0.14942389558186134 and parameters: {'confidence_threshold': 0.6202096049169137, 'training_days': 260, 'n_estimators': 350, 'max_depth': 3, 'num_leaves': 21, 'learning_rate': 0.02989540198065364, 'subsample': 0.8307821683331218, 'colsample_bytree': 0.923253112635361, 'min_child_samples': 64, 'reg_alpha': 0.4898604619604203, 'reg_lambda': 2.9076377687066166e-05}. Best is trial 6 with value: -0.05032483857524036.
[I 2026-06-01 15:03:47,620] Trial 10 finished with value: -4.174816826557593 and parameters: {'confidence_threshold': 0.8445241688507242, 'training_days': 470, 'n_estimators': 493, 'max_depth': 4, 'num_leaves': 17, 'learning_rate': 0.010221918552934462, 'subsample': 0.925262810706551, 'colsample_bytree': 0.6202684210924141, 'min_child_samples': 46, 'reg_alpha': 2.3451009125120672e-08, 'reg_lambda': 0.08638692467458545}. Best is trial 6 with value: -0.05032483857524036.
[I 2026-06-01 15:03:47,660] Trial 11 finished with value: -4.059258414410349 and parameters: {'confidence_threshold': 0.8371297552840329, 'training_days': 20, 'n_estimators': 255, 'max_depth': 5, 'num_leaves': 26, 'learning_rate': 0.28413636543342474, 'subsample': 0.5082312939353781, 'colsample_bytree': 0.6612241103206169, 'min_child_samples': 98, 'reg_alpha': 0.005164207989991991, 'reg_lambda': 0.007364523359426745}. Best is trial 6 with value: -0.05032483857524036.
[I 2026-06-01 15:03:47,722] Trial 12 finished with value: -0.017529372474901928 and parameters: {'confidence_threshold': 0.7984420943377982, 'training_days': 120, 'n_estimators': 51, 'max_depth': 5, 'num_leaves': 39, 'learning_rate': 0.14432248911623202, 'subsample': 0.8802519325340237, 'colsample_bytree': 0.5201164353688423, 'min_child_samples': 46, 'reg_alpha': 0.006937120291127141, 'reg_lambda': 0.00393268821840331}. Best is trial 12 with value: -0.017529372474901928.
[I 2026-06-01 15:03:47,750] Trial 13 finished with value: -2.0671801012310853 and parameters: {'confidence_threshold': 0.7272609826538928, 'training_days': 10, 'n_estimators': 53, 'max_depth': 4, 'num_leaves': 62, 'learning_rate': 0.1641190747862894, 'subsample': 0.8842423134648064, 'colsample_bytree': 0.5389794258459311, 'min_child_samples': 44, 'reg_alpha': 0.02770585930337593, 'reg_lambda': 0.003805125517891518}. Best is trial 12 with value: -0.017529372474901928.
[I 2026-06-01 15:03:47,902] Trial 14 finished with value: -0.13603693821361626 and parameters: {'confidence_threshold': 0.7898157829380791, 'training_days': 340, 'n_estimators': 132, 'max_depth': 5, 'num_leaves': 15, 'learning_rate': 0.16787349001606666, 'subsample': 0.8987333213473754, 'colsample_bytree': 0.5033829767322446, 'min_child_samples': 42, 'reg_alpha': 4.6313737939733275e-07, 'reg_lambda': 0.002238160234885918}. Best is trial 12 with value: -0.017529372474901928.
[I 2026-06-01 15:03:47,969] Trial 15 finished with value: -0.053146047522226694 and parameters: {'confidence_threshold': 0.681110154342211, 'training_days': 90, 'n_estimators': 107, 'max_depth': 4, 'num_leaves': 30, 'learning_rate': 0.1137188512286046, 'subsample': 0.9864710270414087, 'colsample_bytree': 0.7140815651574648, 'min_child_samples': 20, 'reg_alpha': 7.916394902106256, 'reg_lambda': 3.5532501480887757}. Best is trial 12 with value: -0.017529372474901928.
[I 2026-06-01 15:03:48,085] Trial 16 finished with value: -0.10176512592640974 and parameters: {'confidence_threshold': 0.7037561121590252, 'training_days': 140, 'n_estimators': 188, 'max_depth': 4, 'num_leaves': 25, 'learning_rate': 0.18114749324608523, 'subsample': 0.8485729638597329, 'colsample_bytree': 0.6155885267093099, 'min_child_samples': 54, 'reg_alpha': 0.08602767607930323, 'reg_lambda': 0.0006630938767018698}. Best is trial 12 with value: -0.017529372474901928.
[I 2026-06-01 15:03:48,175] Trial 17 finished with value: -0.08631777215037258 and parameters: {'confidence_threshold': 0.5004748807695347, 'training_days': 70, 'n_estimators': 199, 'max_depth': 5, 'num_leaves': 46, 'learning_rate': 0.22625693782764597, 'subsample': 0.6986873584681712, 'colsample_bytree': 0.7253977605651538, 'min_child_samples': 36, 'reg_alpha': 0.0005292535878267146, 'reg_lambda': 0.03245674492098914}. Best is trial 12 with value: -0.017529372474901928.
[I 2026-06-01 15:03:48,691] A new study created in memory with name: no-name-95e3eebb-85fb-475e-94e2-a1236e4e7e6c

    [CV fold 4] train_end=2025-06-18 16:00 | val_start=2025-06-26 08:00 | gap=184h (22 rows)
    [trial 0] Sharpe=-0.1436 (folds: 0.0411, -0.1103, -0.3014, 0.0035, -0.3510)
    [trial 1] 47 features, training_days=420 | threshold=0.839 | labels: 1219 long, 952 short (56/44%)
    [trial 1] Sharpe=-5.9230 (folds: 0.1660, 0.2191, -10.0000, -10.0000, -10.0000)
    [trial 2] 47 features, training_days=190 | threshold=0.602 | labels: 1219 long, 952 short (56/44%)
    [trial 2] Sharpe=-0.1314 (folds: 0.0241, -0.1045, -0.2846, -0.1602, -0.1317)
    [trial 3] 47 features, training_days=490 | threshold=0.832 | labels: 1219 long, 952 short (56/44%)
    [trial 3] Sharpe=-0.1891 (folds: -0.0108, -0.1480, -0.3878, -0.0852, -0.3136)
    [trial 4] 47 features, training_days=340 | threshold=0.591 | labels: 1219 long, 952 short (56/44%)
    [trial 4] Sharpe=-0.1679 (folds: -0.0269, -0.1289, -0.2724, -0.1462, -0.2652)
    [trial 5] 47 features, training_days=50 | threshold=0.823 | labels: 1219 long, 952 short (56/44%)
    [trial 5] Sharpe=-2.1993 (folds: -0.1715, 0.0454, -0.2088, -10.0000, -0.6615)
    [trial 6] 47 features, training_days=410 | threshold=0.549 | labels: 1219 long, 952 short (56/44%)
    [trial 6] Sharpe=-0.1443 (folds: -0.2080, -0.1432, -0.1336, -0.0051, -0.2318)
    [trial 7] 47 features, training_days=180 | threshold=0.526 | labels: 1219 long, 952 short (56/44%)
    [trial 7] Sharpe=-0.1001 (folds: -0.0234, -0.0774, -0.0456, -0.2041, -0.1498)
    [trial 8] 47 features, training_days=240 | threshold=0.811 | labels: 1219 long, 952 short (56/44%)
    [trial 8] Sharpe=-0.1407 (folds: 0.0584, -0.1353, -0.3670, -0.0444, -0.2154)
    [trial 9] 47 features, training_days=20 | threshold=0.538 | labels: 1219 long, 952 short (56/44%)
    [trial 9] Sharpe=-2.0614 (folds: -0.0344, -0.1764, -0.0105, -10.0000, -0.0855)
    [trial 10] 47 features, training_days=140 | threshold=0.680 | labels: 1219 long, 952 short (56/44%)
    [trial 10] Sharpe=-0.0642 (folds: -0.0046, -0.0524, -0.1410, 0.1454, -0.2685)
    [trial 11] 47 features, training_days=150 | threshold=0.716 | labels: 1219 long, 952 short (56/44%)
    [trial 11] Sharpe=-0.0978 (folds: 0.0195, -0.0565, -0.0237, -0.1484, -0.2797)
    [trial 12] 47 features, training_days=100 | threshold=0.732 | labels: 1219 long, 952 short (56/44%)
    [trial 12] Sharpe=-0.0335 (folds: -0.1200, 0.0070, 0.0753, -0.0574, -0.0722)
    [trial 13] 47 features, training_days=110 | threshold=0.720 | labels: 1219 long, 952 short (56/44%)
    [trial 13] Sharpe=-0.0257 (folds: -0.0493, 0.0200, 0.0249, -0.1023, -0.0217)
    [trial 14] 47 features, training_days=90 | threshold=0.747 | labels: 1219 long, 952 short (56/44%)
    [trial 14] Sharpe=-0.0880 (folds: -0.0579, 0.0333, -0.0957, -0.1343, -0.1854)
    [trial 15] 47 features, training_days=100 | threshold=0.758 | labels: 1219 long, 952 short (56/44%)
    [trial 15] Sharpe=-0.0521 (folds: -0.0565, 0.0177, -0.0946, -0.0638, -0.0636)
    [trial 16] 47 features, training_days=270 | threshold=0.676 | labels: 1219 long, 952 short (56/44%)
    [trial 16] Sharpe=-0.1441 (folds: -0.0625, -0.1130, -0.2573, -0.0665, -0.2213)
    [trial 17] 47 features, training_days=10 | threshold=0.768 | labels: 1219 long, 952 short (56/44%)
    [trial 17] Sharpe=-2.0672 (folds: 0.1073, -0.1764, -0.1813, -10.0000, -0.0855)
  Optuna: 18 trials, best Sharpe = -0.0257
  Best params: n_estimators=500, max_depth=4, lr=0.0105, leaves=62
  Best confidence_threshold: 0.720
  Best training_days: 110
  Retrained on full data (330 samples, 47 features)
  [ensemble 2/3] seed=123
    [trial 0] 47 features, training_days=150 | threshold=0.744 | labels: 1219 long, 952 short (56/44%)
    [CV fold 0] train_end=2024-02-23 08:00 | val_start=2024-03-02 00:00 | gap=184h (22 rows)
    [CV fold 1] train_end=2024-06-22 16:00 | val_start=2024-06-30 08:00 | gap=184h (22 rows)
    [CV fold 2] train_end=2024-10-21 00:00 | val_start=2024-10-28 16:00 | gap=184h (22 rows)
    [CV fold 3] train_end=2025-02-18 08:00 | val_start=2025-02-26 00:00 | gap=184h (22 rows)
    [CV fold 4] train_end=2025-06-18 16:00 | val_start=2025-06-26 08:00 | gap=184h (22 rows)
    [trial 0] Sharpe=-0.0893 (folds: -0.0023, -0.0614, -0.1484, -0.0657, -0.1688)
    [trial 1] 47 features, training_days=220 | threshold=0.755 | labels: 1219 long, 952 short (56/44%)
    [trial 1] Sharpe=-6.0136 (folds: 0.1837, -10.0000, -10.0000, -10.0000, -0.2517)
    [trial 2] 47 features, training_days=310 | threshold=0.754 | labels: 1219 long, 952 short (56/44%)
    [trial 2] Sharpe=-0.1467 (folds: 0.0632, -0.0776, -0.2940, -0.4156, -0.0093)
    [trial 3] 47 features, training_days=220 | threshold=0.673 | labels: 1219 long, 952 short (56/44%)
    [trial 3] Sharpe=-0.1146 (folds: 0.0225, -0.1476, -0.2036, -0.1014, -0.1432)
    [trial 4] 47 features, training_days=130 | threshold=0.803 | labels: 1219 long, 952 short (56/44%)
    [trial 4] Sharpe=-0.0651 (folds: -0.0364, 0.0769, -0.2037, 0.0319, -0.1940)
    [trial 5] 47 features, training_days=210 | threshold=0.606 | labels: 1219 long, 952 short (56/44%)
    [trial 5] Sharpe=-0.1171 (folds: -0.0085, -0.1120, -0.2622, -0.0159, -0.1868)
    [trial 6] 47 features, training_days=130 | threshold=0.767 | labels: 1219 long, 952 short (56/44%)
    [trial 6] Sharpe=-0.0503 (folds: 0.0418, 0.0438, -0.1001, -0.0908, -0.1463)
    [trial 7] 47 features, training_days=80 | threshold=0.556 | labels: 1219 long, 952 short (56/44%)
    [trial 7] Sharpe=-0.0658 (folds: 0.0536, -0.1534, -0.0276, 0.0196, -0.2210)
    [trial 8] 47 features, training_days=200 | threshold=0.607 | labels: 1219 long, 952 short (56/44%)
    [trial 8] Sharpe=-0.1497 (folds: -0.0415, -0.1221, -0.3068, -0.1284, -0.1499)
    [trial 9] 47 features, training_days=260 | threshold=0.620 | labels: 1219 long, 952 short (56/44%)
    [trial 9] Sharpe=-0.1494 (folds: 0.0190, -0.1491, -0.1755, -0.1493, -0.2922)
    [trial 10] 47 features, training_days=470 | threshold=0.845 | labels: 1219 long, 952 short (56/44%)
    [trial 10] Sharpe=-4.1748 (folds: 0.0421, 0.2069, -1.1231, -10.0000, -10.0000)
    [trial 11] 47 features, training_days=20 | threshold=0.837 | labels: 1219 long, 952 short (56/44%)
    [trial 11] Sharpe=-4.0593 (folds: -0.0344, -0.1764, -10.0000, -10.0000, -0.0855)
    [trial 12] 47 features, training_days=120 | threshold=0.798 | labels: 1219 long, 952 short (56/44%)
    [trial 12] Sharpe=-0.0175 (folds: -0.0092, 0.0095, -0.0060, -0.0466, -0.0354)
    [trial 13] 47 features, training_days=10 | threshold=0.727 | labels: 1219 long, 952 short (56/44%)
    [trial 13] Sharpe=-2.0672 (folds: 0.1073, -0.1764, -0.1813, -10.0000, -0.0855)
    [trial 14] 47 features, training_days=340 | threshold=0.790 | labels: 1219 long, 952 short (56/44%)
    [trial 14] Sharpe=-0.1360 (folds: -0.0392, -0.1175, -0.3933, -0.0287, -0.1015)
    [trial 15] 47 features, training_days=90 | threshold=0.681 | labels: 1219 long, 952 short (56/44%)
    [trial 15] Sharpe=-0.0531 (folds: -0.0925, -0.0082, -0.0281, -0.0306, -0.1064)
    [trial 16] 47 features, training_days=140 | threshold=0.704 | labels: 1219 long, 952 short (56/44%)
    [trial 16] Sharpe=-0.1018 (folds: -0.0423, -0.0288, -0.2337, -0.0408, -0.1632)
    [trial 17] 47 features, training_days=70 | threshold=0.500 | labels: 1219 long, 952 short (56/44%)
    [trial 17] Sharpe=-0.0863 (folds: -0.0871, -0.0080, -0.0229, -0.1116, -0.2020)
  Optuna: 18 trials, best Sharpe = -0.0175
  Best params: n_estimators=51, max_depth=5, lr=0.1443, leaves=39
  Best confidence_threshold: 0.798
  Best training_days: 120
  Retrained on full data (360 samples, 47 features)
  [ensemble 3/3] seed=456
    [trial 0] 47 features, training_days=90 | threshold=0.587 | labels: 1219 long, 952 short (56/44%)
    [CV fold 0] train_end=2024-02-23 08:00 | val_start=2024-03-02 00:00 | gap=184h (22 rows)
    [CV fold 1] train_end=2024-06-22 16:00 | val_start=2024-06-30 08:00 | gap=184h (22 rows)
    [CV fold 2] train_end=2024-10-21 00:00 | val_start=2024-10-28 16:00 | gap=184h (22 rows)
    [CV fold 3] train_end=2025-02-18 08:00 | val_start=2025-02-26 00:00 | gap=184h (22 rows)
    [CV fold 4] train_end=2025-06-18 16:00 | val_start=2025-06-26 08:00 | gap=184h (22 rows)
    [trial 0] Sharpe=-0.0692 (folds: -0.0364, 0.0266, -0.1344, -0.0881, -0.1136)[I 2026-06-01 15:03:48,903] Trial 0 finished with value: -0.06918091596189171 and parameters: {'confidence_threshold': 0.5870645682749857, 'training_days': 90, 'n_estimators': 403, 'max_depth': 5, 'num_leaves': 45, 'learning_rate': 0.0780457193679974, 'subsample': 0.9428509515574568, 'colsample_bytree': 0.8795587339164916, 'min_child_samples': 34, 'reg_alpha': 2.2465901234314442e-07, 'reg_lambda': 8.339007036475363e-05}. Best is trial 0 with value: -0.06918091596189171.
[I 2026-06-01 15:03:49,022] Trial 1 finished with value: -0.15494711081804255 and parameters: {'confidence_threshold': 0.6348453934275313, 'training_days': 290, 'n_estimators': 115, 'max_depth': 5, 'num_leaves': 37, 'learning_rate': 0.06949568759029946, 'subsample': 0.8228505074024268, 'colsample_bytree': 0.8616703220431751, 'min_child_samples': 75, 'reg_alpha': 4.2486822725010923e-07, 'reg_lambda': 1.157247767047042e-07}. Best is trial 0 with value: -0.06918091596189171.
[I 2026-06-01 15:03:49,045] Trial 2 finished with value: -2.0671801012310853 and parameters: {'confidence_threshold': 0.5849570384370288, 'training_days': 10, 'n_estimators': 212, 'max_depth': 3, 'num_leaves': 41, 'learning_rate': 0.18452095998378365, 'subsample': 0.6001060822924371, 'colsample_bytree': 0.5673167293506167, 'min_child_samples': 37, 'reg_alpha': 5.733250064217131, 'reg_lambda': 0.5308454292595461}. Best is trial 0 with value: -0.06918091596189171.
[I 2026-06-01 15:03:49,131] Trial 3 finished with value: -0.20197296419892496 and parameters: {'confidence_threshold': 0.6868248626683718, 'training_days': 220, 'n_estimators': 134, 'max_depth': 3, 'num_leaves': 45, 'learning_rate': 0.033529007907491595, 'subsample': 0.8647277071858408, 'colsample_bytree': 0.778494116634046, 'min_child_samples': 96, 'reg_alpha': 2.409409937265785e-07, 'reg_lambda': 1.1642073478060009}. Best is trial 0 with value: -0.06918091596189171.
[I 2026-06-01 15:03:49,226] Trial 4 finished with value: -0.10266391866918242 and parameters: {'confidence_threshold': 0.5623121348350352, 'training_days': 300, 'n_estimators': 69, 'max_depth': 4, 'num_leaves': 32, 'learning_rate': 0.14967629360700346, 'subsample': 0.5054535233636654, 'colsample_bytree': 0.7401385194659216, 'min_child_samples': 27, 'reg_alpha': 1.4212042567426725e-07, 'reg_lambda': 0.23605753701352003}. Best is trial 0 with value: -0.06918091596189171.
[I 2026-06-01 15:03:49,618] Trial 5 finished with value: -0.1371982039216944 and parameters: {'confidence_threshold': 0.7111850244908446, 'training_days': 490, 'n_estimators': 362, 'max_depth': 5, 'num_leaves': 40, 'learning_rate': 0.05960785724162737, 'subsample': 0.5589714368907717, 'colsample_bytree': 0.6659006943232806, 'min_child_samples': 42, 'reg_alpha': 0.6741360303045295, 'reg_lambda': 6.054601607143087e-08}. Best is trial 0 with value: -0.06918091596189171.
[I 2026-06-01 15:03:49,807] Trial 6 finished with value: -0.13220966005275483 and parameters: {'confidence_threshold': 0.667482545748023, 'training_days': 420, 'n_estimators': 279, 'max_depth': 3, 'num_leaves': 45, 'learning_rate': 0.040099592560849204, 'subsample': 0.8563114696415159, 'colsample_bytree': 0.5442917781944105, 'min_child_samples': 50, 'reg_alpha': 1.6407916423707903e-08, 'reg_lambda': 2.935907642973286e-05}. Best is trial 0 with value: -0.06918091596189171.
[I 2026-06-01 15:03:49,963] Trial 7 finished with value: -0.03516318707782187 and parameters: {'confidence_threshold': 0.5497381024139926, 'training_days': 120, 'n_estimators': 408, 'max_depth': 5, 'num_leaves': 38, 'learning_rate': 0.28049122657745795, 'subsample': 0.8806573338635493, 'colsample_bytree': 0.5454054113547102, 'min_child_samples': 63, 'reg_alpha': 0.01263008637940408, 'reg_lambda': 0.04588020805366937}. Best is trial 7 with value: -0.03516318707782187.
[I 2026-06-01 15:03:50,259] Trial 8 finished with value: -0.14538657171863334 and parameters: {'confidence_threshold': 0.719644804808716, 'training_days': 450, 'n_estimators': 410, 'max_depth': 4, 'num_leaves': 57, 'learning_rate': 0.04022026551478857, 'subsample': 0.5336085426932707, 'colsample_bytree': 0.5705742850577543, 'min_child_samples': 100, 'reg_alpha': 5.916398047912201e-07, 'reg_lambda': 0.9794034214488329}. Best is trial 7 with value: -0.03516318707782187.
[I 2026-06-01 15:03:50,281] Trial 9 finished with value: -4.059258414410349 and parameters: {'confidence_threshold': 0.7267463643917187, 'training_days': 20, 'n_estimators': 337, 'max_depth': 5, 'num_leaves': 23, 'learning_rate': 0.022153031811454605, 'subsample': 0.6305627572358737, 'colsample_bytree': 0.6613413774216214, 'min_child_samples': 81, 'reg_alpha': 5.7638634029410314e-08, 'reg_lambda': 8.26603016764008}. Best is trial 7 with value: -0.03516318707782187.
[I 2026-06-01 15:03:50,550] Trial 10 finished with value: -0.08008831845920394 and parameters: {'confidence_threshold': 0.8398533911817929, 'training_days': 180, 'n_estimators': 485, 'max_depth': 4, 'num_leaves': 15, 'learning_rate': 0.2797087873840057, 'subsample': 0.7130289643560688, 'colsample_bytree': 0.9944479338273263, 'min_child_samples': 62, 'reg_alpha': 0.002237492903849199, 'reg_lambda': 0.004699952286108024}. Best is trial 7 with value: -0.03516318707782187.
[I 2026-06-01 15:03:50,759] Trial 11 finished with value: -0.04554796121712778 and parameters: {'confidence_threshold': 0.5379676273538253, 'training_days': 130, 'n_estimators': 478, 'max_depth': 5, 'num_leaves': 54, 'learning_rate': 0.010226258249598861, 'subsample': 0.9905541628258661, 'colsample_bytree': 0.9214296292909252, 'min_child_samples': 61, 'reg_alpha': 0.0008950365149773466, 'reg_lambda': 0.00022486515256442478}. Best is trial 7 with value: -0.03516318707782187.
[I 2026-06-01 15:03:50,966] Trial 12 finished with value: -0.031220746541627053 and parameters: {'confidence_threshold': 0.5115366705732524, 'training_days': 120, 'n_estimators': 490, 'max_depth': 5, 'num_leaves': 63, 'learning_rate': 0.010306365551845425, 'subsample': 0.9949150561173347, 'colsample_bytree': 0.9826583982594713, 'min_child_samples': 62, 'reg_alpha': 0.0022498557406386162, 'reg_lambda': 0.0022105109201275095}. Best is trial 12 with value: -0.031220746541627053.
[I 2026-06-01 15:03:51,099] Trial 13 finished with value: -0.04960506370842148 and parameters: {'confidence_threshold': 0.5007357854836626, 'training_days': 100, 'n_estimators': 497, 'max_depth': 5, 'num_leaves': 28, 'learning_rate': 0.010705624380955025, 'subsample': 0.9299071239322798, 'colsample_bytree': 0.7701436367105973, 'min_child_samples': 72, 'reg_alpha': 0.07608775466376307, 'reg_lambda': 0.009497953674945261}. Best is trial 12 with value: -0.031220746541627053.
[I 2026-06-01 15:03:51,347] Trial 14 finished with value: -0.09004576198465805 and parameters: {'confidence_threshold': 0.5044444372741629, 'training_days': 160, 'n_estimators': 426, 'max_depth': 4, 'num_leaves': 60, 'learning_rate': 0.01886344477517249, 'subsample': 0.7814233355859339, 'colsample_bytree': 0.658600878541351, 'min_child_samples': 49, 'reg_alpha': 6.0564691975063294e-05, 'reg_lambda': 0.007336486257637096}. Best is trial 12 with value: -0.031220746541627053.
[I 2026-06-01 15:03:51,536] Trial 15 finished with value: -0.12438615072214591 and parameters: {'confidence_threshold': 0.6207969895773788, 'training_days': 230, 'n_estimators': 309, 'max_depth': 4, 'num_leaves': 52, 'learning_rate': 0.10937024703631229, 'subsample': 0.9956380196765671, 'colsample_bytree': 0.502925720040233, 'min_child_samples': 84, 'reg_alpha': 0.019180713762908315, 'reg_lambda': 2.582339790441249e-06}. Best is trial 12 with value: -0.031220746541627053.
[I 2026-06-01 15:03:51,607] Trial 16 finished with value: -0.01680990731365533 and parameters: {'confidence_threshold': 0.7809712285122007, 'training_days': 70, 'n_estimators': 229, 'max_depth': 5, 'num_leaves': 51, 'learning_rate': 0.24381742539890905, 'subsample': 0.9175585025079971, 'colsample_bytree': 0.9843340149777576, 'min_child_samples': 67, 'reg_alpha': 6.414940172667924e-05, 'reg_lambda': 0.030392189254886525}. Best is trial 16 with value: -0.01680990731365533.
[I 2026-06-01 15:03:51,688] Trial 17 finished with value: -0.11775764812530434 and parameters: {'confidence_threshold': 0.7873735958410488, 'training_days': 80, 'n_estimators': 219, 'max_depth': 5, 'num_leaves': 63, 'learning_rate': 0.019352225990314435, 'subsample': 0.7382738974331411, 'colsample_bytree': 0.9920053259992261, 'min_child_samples': 54, 'reg_alpha': 2.9305981505045087e-05, 'reg_lambda': 0.001352150060975526}. Best is trial 16 with value: -0.01680990731365533.
[I 2026-06-01 15:03:52,507] A new study created in memory with name: no-name-e6699d38-58ee-411c-b1a2-12cf88c8322a

    [trial 1] 47 features, training_days=290 | threshold=0.635 | labels: 1219 long, 952 short (56/44%)
    [trial 1] Sharpe=-0.1549 (folds: 0.0539, -0.1615, -0.3687, -0.1579, -0.1405)
    [trial 2] 47 features, training_days=10 | threshold=0.585 | labels: 1219 long, 952 short (56/44%)
    [trial 2] Sharpe=-2.0672 (folds: 0.1073, -0.1764, -0.1813, -10.0000, -0.0855)
