[I 2026-05-07 00:29:07,620] Trial 3 finished with value: -0.013558076010679659 and parameters: {'confidence_threshold': 0.6000319676300473, 'training_days': 270, 'n_estimators': 382, 'max_depth': 4, 'num_leaves': 44, 'learning_rate': 0.09185046765032388, 'subsample': 0.6743651508646724, 'min_child_samples': 77, 'reg_alpha': 0.0013974578104212739, 'reg_lambda': 8.97190257982477e-08}. Best is trial 1 with value: 0.13650994580731535.

  [label] 2025-04-07 00:00 LDOUSDT entry=0.6432 → LONG | long=tp(+13.71%) short=sl(-7.00%) | scanned=1 | long_tp_only
  [label] 2025-04-20 00:00 LDOUSDT entry=0.7126 → LONG | long=tp(+8.76%) short=sl(-4.53%) | scanned=8 | long_tp_only
  [label] 2025-05-08 16:00 LDOUSDT entry=0.9654 → LONG | long=tp(+7.56%) short=sl(-3.93%) | scanned=1 | long_tp_only
  [label] 2025-05-15 00:00 LDOUSDT entry=0.9950 → SHORT | long=sl(-5.70%) short=tp(+11.10%) | scanned=11 | short_tp_only
  [label] 2025-05-27 08:00 LDOUSDT entry=0.9220 → LONG | long=sl(-5.17%) short=sl(-5.17%) | scanned=8 | no_tp→fwd_return=+4.2733
  [label] 2025-07-06 08:00 LDOUSDT entry=0.7406 → LONG | long=sl(-3.75%) short=sl(-3.75%) | scanned=10 | no_tp→fwd_return=+7.5614
  [label] 2025-07-16 08:00 LDOUSDT entry=0.9114 → LONG | long=tp(+8.10%) short=sl(-4.20%) | scanned=4 | long_tp_only
  [label] 2025-10-11 08:00 LDOUSDT entry=0.8530 → LONG | long=tp(+20.21%) short=sl(-10.25%) | scanned=7 | long_tp_only
  Labels: 1112 long (50.7%), 1081 short (49.3%) | weights: min=1.01, mean=4.59, max=10.00
  Features: 2193/2193 matched, 13 columns
  CV gap: 22 rows
    [trial 0] 13 features, training_days=230 | threshold=0.779 | labels: 1112 long, 1081 short (51/49%)
    [CV fold 0] train_end=2024-02-24 00:00 | val_start=2024-03-02 16:00 | gap=184h (22 rows)
    [CV fold 1] train_end=2024-06-24 16:00 | val_start=2024-07-02 08:00 | gap=184h (22 rows)
    [CV fold 2] train_end=2024-10-24 08:00 | val_start=2024-11-01 00:00 | gap=184h (22 rows)
    [CV fold 3] train_end=2025-02-23 00:00 | val_start=2025-03-02 16:00 | gap=184h (22 rows)
    [CV fold 4] train_end=2025-06-24 16:00 | val_start=2025-07-02 08:00 | gap=184h (22 rows)
    [trial 0] Sharpe=-0.0336 (folds: -0.0530, -0.1334, -0.0064, 0.1062, -0.0814)
    [trial 1] 13 features, training_days=410 | threshold=0.693 | labels: 1112 long, 1081 short (51/49%)
    [trial 1] Sharpe=-0.0343 (folds: -0.2415, -0.1647, 0.0418, 0.1575, 0.0351)
    [trial 2] 13 features, training_days=270 | threshold=0.546 | labels: 1112 long, 1081 short (51/49%)
    [trial 2] Sharpe=-0.0156 (folds: -0.1009, -0.0353, 0.0077, 0.0725, -0.0219)
    [trial 3] 13 features, training_days=270 | threshold=0.600 | labels: 1112 long, 1081 short (51/49%)
    [trial 3] Sharpe=-0.0149 (folds: -0.1455, 0.0206, 0.0144, 0.0624, -0.0261)
    [trial 4] 13 features, training_days=390 | threshold=0.764 | labels: 1112 long, 1081 short (51/49%)
    [trial 4] Sharpe=-0.0270 (folds: -0.1339, -0.1358, 0.0425, 0.1010, -0.0085)
    [trial 5] 13 features, training_days=60 | threshold=0.603 | labels: 1112 long, 1081 short (51/49%)
    [trial 5] Sharpe=-0.0006 (folds: -0.1681, -0.0945, -0.0051, 0.2792, -0.0145)
    [trial 6] 13 features, training_days=290 | threshold=0.738 | labels: 1112 long, 1081 short (51/49%)
    [trial 6] Sharpe=-0.0366 (folds: -0.1879, -0.2282, 0.0557, 0.1955, -0.0183)
    [trial 7] 13 features, training_days=70 | threshold=0.564 | labels: 1112 long, 1081 short (51/49%)
    [trial 7] Sharpe=-0.0026 (folds: -0.1496, -0.1436, 0.0248, 0.1975, 0.0577)
    [trial 8] 13 features, training_days=440 | threshold=0.653 | labels: 1112 long, 1081 short (51/49%)
    [trial 8] Sharpe=-0.0811 (folds: -0.3996, -0.2721, 0.0349, 0.0066, 0.2246)
    [trial 9] 13 features, training_days=360 | threshold=0.728 | labels: 1112 long, 1081 short (51/49%)
    [trial 9] Sharpe=-0.0524 (folds: -0.1566, -0.1814, 0.0054, 0.1305, -0.0598)
  Optuna: 10 trials, best Sharpe = -0.0006
  Best params: n_estimators=441, max_depth=3, lr=0.0450, leaves=66
  Best confidence_threshold: 0.603
  Best training_days: 60
  Retrained on full data (180 samples, 13 features)
  Model trained for 2025-11: 90 test candles with features, confidence_threshold=0.603
[lgbm] === Training for 2025-12 ===
  Train window: 2023-12-01 → 2025-12-01
  2193 training samples from 1 symbols
  Samples per month: 2023-12: 93, 2024-01: 93, 2024-02: 87, 2024-03: 93, 2024-04: 90, 2024-05: 93, 2024-06: 90, 2024-07: 93, 2024-08: 93, 2024-09: 90, 2024-10: 93, 2024-11: 90, 2024-12: 93, 2025-01: 93, 2025-02: 84, 2025-03: 93, 2025-04: 90, 2025-05: 93, 2025-06: 90, 2025-07: 93, 2025-08: 93, 2025-09: 90, 2025-10: 93, 2025-11: 90
  [label] 2024-02-01 08:00 LDOUSDT entry=2.8110 → LONG | long=sl(-4.62%) short=sl(-4.62%) | scanned=19 | no_tp→fwd_return=+2.9527
  [label] 2024-02-03 16:00 LDOUSDT entry=2.7641 → LONG | long=sl(-4.16%) short=sl(-4.16%) | scanned=11 | no_tp→fwd_return=+3.2850
  [label] 2024-02-07 08:00 LDOUSDT entry=2.8549 → LONG | long=tp(+7.15%) short=sl(-3.73%) | scanned=1 | long_tp_only
  [label] 2024-03-03 08:00 LDOUSDT entry=3.3403 → LONG | long=sl(-4.87%) short=sl(-4.87%) | scanned=5 | no_tp→fwd_return=+1.4430
  [label] 2024-04-25 08:00 LDOUSDT entry=2.0437 → LONG | long=sl(-5.35%) short=sl(-5.35%) | scanned=8 | no_tp→fwd_return=+3.0337
  [label] 2024-10-10 08:00 LDOUSDT entry=1.0433 → LONG | long=tp(+9.03%) short=sl(-4.66%) | scanned=12 | long_tp_only
  [label] 2024-10-14 08:00 LDOUSDT entry=1.1669 → SHORT | long=sl(-4.00%) short=tp(+7.71%) | scanned=9 | short_tp_only
  [label] 2024-10-25 00:00 LDOUSDT entry=1.0729 → SHORT | long=sl(-3.87%) short=tp(+7.45%) | scanned=2 | short_tp_only
  [label] 2024-12-09 08:00 LDOUSDT entry=1.9723 → SHORT | long=sl(-6.47%) short=tp(+12.64%) | scanned=1 | short_tp_only
  [label] 2024-12-18 00:00 LDOUSDT entry=2.0448 → SHORT | long=sl(-7.24%) short=tp(+14.18%) | scanned=4 | short_tp_only
  [label] 2025-03-19 16:00 LDOUSDT entry=1.0376 → LONG | long=sl(-5.51%) short=sl(-5.51%) | scanned=17 | no_tp→fwd_return=+2.2648
  [label] 2025-04-20 16:00 LDOUSDT entry=0.7158 → LONG | long=tp(+8.45%) short=sl(-4.37%) | scanned=6 | long_tp_only
  [label] 2025-05-07 00:00 LDOUSDT entry=0.7913 → LONG | long=sl(-4.04%) short=sl(-4.04%) | scanned=3 | no_tp→fwd_return=+6.9632
  [label] 2025-05-20 00:00 LDOUSDT entry=0.8809 → LONG | long=tp(+12.41%) short=sl(-6.35%) | scanned=9 | long_tp_only
  [label] 2025-06-07 16:00 LDOUSDT entry=0.8312 → LONG | long=tp(+11.57%) short=sl(-5.94%) | scanned=8 | long_tp_only
  [label] 2025-06-14 00:00 LDOUSDT entry=0.8141 → SHORT | long=sl(-5.95%) short=sl(-5.95%) | scanned=11 | no_tp→fwd_return=-4.7906
  [label] 2025-06-26 08:00 LDOUSDT entry=0.6881 → LONG | long=tp(+10.12%) short=sl(-5.21%) | scanned=10 | long_tp_only
  [label] 2025-08-05 08:00 LDOUSDT entry=0.8945 → LONG | long=tp(+10.96%) short=sl(-5.63%) | scanned=6 | long_tp_only
  [label] 2025-08-15 08:00 LDOUSDT entry=1.3340 → LONG | long=timeout(+7.25%) short=sl(-6.76%) | scanned=22 | no_tp→fwd_return=+7.3538
  [label] 2025-11-10 08:00 LDOUSDT entry=0.8363 → LONG | long=tp(+9.89%) short=sl(-5.10%) | scanned=1 | long_tp_only
  Labels: 1085 long (49.5%), 1108 short (50.5%) | weights: min=1.01, mean=4.61, max=10.00
  Features: 2193/2193 matched, 13 columns
  CV gap: 22 rows
    [trial 0] 13 features, training_days=230 | threshold=0.779 | labels: 1085 long, 1108 short (49/51%)
    [CV fold 0] train_end=2024-03-25 00:00 | val_start=2024-04-01 16:00 | gap=184h (22 rows)
    [CV fold 1] train_end=2024-07-24 16:00 | val_start=2024-08-01 08:00 | gap=184h (22 rows)
    [CV fold 2] train_end=2024-11-23 08:00 | val_start=2024-12-01 00:00 | gap=184h (22 rows)
    [CV fold 3] train_end=2025-03-25 00:00 | val_start=2025-04-01 16:00 | gap=184h (22 rows)
    [CV fold 4] train_end=2025-07-24 16:00 | val_start=2025-08-01 08:00 | gap=184h (22 rows)
    [trial 0] Sharpe=-0.0292 (folds: 0.0184, -0.1813, -0.0609, -0.0294, 0.1074)
    [trial 1] 13 features, training_days=410 | threshold=0.693 | labels: 1085 long, 1108 short (49/51%)
    [trial 1] Sharpe=0.1365 (folds: 0.0986, -0.0237, -0.0032, 0.2544, 0.3564)
    [trial 2] 13 features, training_days=270 | threshold=0.546 | labels: 1085 long, 1108 short (49/51%)
    [trial 2] Sharpe=-0.0344 (folds: -0.0079, -0.0809, 0.0569, 0.0214, -0.1617)
    [trial 3] 13 features, training_days=270 | threshold=0.600 | labels: 1085 long, 1108 short (49/51%)
    [trial 3] Sharpe=-0.0136 (folds: -0.0045, -0.1029, 0.0752, 0.0587, -0.0943)
    [trial 4] 13 features, training_days=390 | threshold=0.764 | labels: 1085 long, 1108 short (49/51%)
    [trial 4] Sharpe=0.0271 (folds: -0.0139, -0.0999, 0.0894, 0.0146, 0.1455)[I 2026-05-07 00:29:08,011] Trial 4 finished with value: 0.02714655781942014 and parameters: {'confidence_threshold': 0.7642618789055509, 'training_days': 390, 'n_estimators': 464, 'max_depth': 5, 'num_leaves': 30, 'learning_rate': 0.024562383309704932, 'subsample': 0.8612975035964376, 'min_child_samples': 36, 'reg_alpha': 1.593999300080167, 'reg_lambda': 0.006081270362829788}. Best is trial 1 with value: 0.13650994580731535.
[I 2026-05-07 00:29:08,164] Trial 5 finished with value: -0.03951666311003832 and parameters: {'confidence_threshold': 0.6029115860358569, 'training_days': 60, 'n_estimators': 441, 'max_depth': 3, 'num_leaves': 66, 'learning_rate': 0.044953114425778824, 'subsample': 0.7098948461279406, 'min_child_samples': 15, 'reg_alpha': 4.888753565548431e-07, 'reg_lambda': 4.198190642566389}. Best is trial 1 with value: 0.13650994580731535.
[I 2026-05-07 00:29:08,394] Trial 6 finished with value: -0.025644213268492987 and parameters: {'confidence_threshold': 0.7376932868314098, 'training_days': 290, 'n_estimators': 249, 'max_depth': 5, 'num_leaves': 121, 'learning_rate': 0.015565840632862623, 'subsample': 0.8390183783709677, 'min_child_samples': 19, 'reg_alpha': 1.860444687368747e-08, 'reg_lambda': 2.7391483548058117e-06}. Best is trial 1 with value: 0.13650994580731535.
[I 2026-05-07 00:29:08,430] Trial 7 finished with value: -0.021103726300080863 and parameters: {'confidence_threshold': 0.563503962036334, 'training_days': 70, 'n_estimators': 63, 'max_depth': 3, 'num_leaves': 47, 'learning_rate': 0.18074927623018475, 'subsample': 0.5059692991701257, 'min_child_samples': 9, 'reg_alpha': 3.6945804405602874e-08, 'reg_lambda': 0.027706035542028905}. Best is trial 1 with value: 0.13650994580731535.
[I 2026-05-07 00:29:08,525] Trial 8 finished with value: 0.16080958829268704 and parameters: {'confidence_threshold': 0.6525471176758836, 'training_days': 440, 'n_estimators': 116, 'max_depth': 4, 'num_leaves': 115, 'learning_rate': 0.010229952960863938, 'subsample': 0.5062159465415076, 'min_child_samples': 54, 'reg_alpha': 6.790626457822126e-06, 'reg_lambda': 1.7869141074987722e-05}. Best is trial 8 with value: 0.16080958829268704.
[I 2026-05-07 00:29:08,625] Trial 9 finished with value: -1.9586478218907484 and parameters: {'confidence_threshold': 0.7277571993354469, 'training_days': 360, 'n_estimators': 75, 'max_depth': 5, 'num_leaves': 41, 'learning_rate': 0.014186743931212992, 'subsample': 0.7445187273047605, 'min_child_samples': 22, 'reg_alpha': 0.02393227447113315, 'reg_lambda': 0.009236766173618426}. Best is trial 8 with value: 0.16080958829268704.
[I 2026-05-07 00:29:08,928] A new study created in memory with name: no-name-78fc9821-d4a5-4e22-9b3d-e16d779f5f9a
[I 2026-05-07 00:29:09,206] Trial 0 finished with value: -0.02610263461117366 and parameters: {'confidence_threshold': 0.7790993046299082, 'training_days': 230, 'n_estimators': 295, 'max_depth': 5, 'num_leaves': 83, 'learning_rate': 0.051543455158230854, 'subsample': 0.8773243492079463, 'min_child_samples': 10, 'reg_alpha': 0.034096514368237685, 'reg_lambda': 3.154180388637081e-05}. Best is trial 0 with value: -0.02610263461117366.
[I 2026-05-07 00:29:09,337] Trial 1 finished with value: 0.11595623700852689 and parameters: {'confidence_threshold': 0.6929247853618086, 'training_days': 410, 'n_estimators': 233, 'max_depth': 5, 'num_leaves': 108, 'learning_rate': 0.013724237108071606, 'subsample': 0.7013182233636002, 'min_child_samples': 94, 'reg_alpha': 2.4040959529260723e-06, 'reg_lambda': 5.320966582161148}. Best is trial 1 with value: 0.11595623700852689.
[I 2026-05-07 00:29:09,400] Trial 2 finished with value: 0.02485338211613386 and parameters: {'confidence_threshold': 0.546341527225763, 'training_days': 270, 'n_estimators': 120, 'max_depth': 4, 'num_leaves': 53, 'learning_rate': 0.060197068579343475, 'subsample': 0.588227873455941, 'min_child_samples': 91, 'reg_alpha': 2.3457771824819002e-08, 'reg_lambda': 1.1358840775642732e-08}. Best is trial 1 with value: 0.11595623700852689.
[I 2026-05-07 00:29:09,576] Trial 3 finished with value: -0.0016727750437272259 and parameters: {'confidence_threshold': 0.6000319676300473, 'training_days': 270, 'n_estimators': 382, 'max_depth': 4, 'num_leaves': 44, 'learning_rate': 0.09185046765032388, 'subsample': 0.6743651508646724, 'min_child_samples': 77, 'reg_alpha': 0.0013974578104212739, 'reg_lambda': 8.97190257982477e-08}. Best is trial 1 with value: 0.11595623700852689.
[I 2026-05-07 00:29:09,927] Trial 4 finished with value: 0.04947854122845356 and parameters: {'confidence_threshold': 0.7642618789055509, 'training_days': 390, 'n_estimators': 464, 'max_depth': 5, 'num_leaves': 30, 'learning_rate': 0.024562383309704932, 'subsample': 0.8612975035964376, 'min_child_samples': 36, 'reg_alpha': 1.593999300080167, 'reg_lambda': 0.006081270362829788}. Best is trial 1 with value: 0.11595623700852689.
[I 2026-05-07 00:29:10,068] Trial 5 finished with value: 0.01938573339800026 and parameters: {'confidence_threshold': 0.6029115860358569, 'training_days': 60, 'n_estimators': 441, 'max_depth': 3, 'num_leaves': 66, 'learning_rate': 0.044953114425778824, 'subsample': 0.7098948461279406, 'min_child_samples': 15, 'reg_alpha': 4.888753565548431e-07, 'reg_lambda': 4.198190642566389}. Best is trial 1 with value: 0.11595623700852689.
[I 2026-05-07 00:29:10,285] Trial 6 finished with value: -0.0316494622217365 and parameters: {'confidence_threshold': 0.7376932868314098, 'training_days': 290, 'n_estimators': 249, 'max_depth': 5, 'num_leaves': 121, 'learning_rate': 0.015565840632862623, 'subsample': 0.8390183783709677, 'min_child_samples': 19, 'reg_alpha': 1.860444687368747e-08, 'reg_lambda': 2.7391483548058117e-06}. Best is trial 1 with value: 0.11595623700852689.
[I 2026-05-07 00:29:10,323] Trial 7 finished with value: 0.0023595673745775924 and parameters: {'confidence_threshold': 0.563503962036334, 'training_days': 70, 'n_estimators': 63, 'max_depth': 3, 'num_leaves': 47, 'learning_rate': 0.18074927623018475, 'subsample': 0.5059692991701257, 'min_child_samples': 9, 'reg_alpha': 3.6945804405602874e-08, 'reg_lambda': 0.027706035542028905}. Best is trial 1 with value: 0.11595623700852689.
[I 2026-05-07 00:29:10,415] Trial 8 finished with value: 0.09418382439782037 and parameters: {'confidence_threshold': 0.6525471176758836, 'training_days': 440, 'n_estimators': 116, 'max_depth': 4, 'num_leaves': 115, 'learning_rate': 0.010229952960863938, 'subsample': 0.5062159465415076, 'min_child_samples': 54, 'reg_alpha': 6.790626457822126e-06, 'reg_lambda': 1.7869141074987722e-05}. Best is trial 1 with value: 0.11595623700852689.
