[I 2026-05-07 00:29:42,180] Trial 1 finished with value: -0.002487816715854524 and parameters: {'confidence_threshold': 0.6929247853618086, 'training_days': 410, 'n_estimators': 233, 'max_depth': 5, 'num_leaves': 108, 'learning_rate': 0.013724237108071606, 'subsample': 0.7013182233636002, 'min_child_samples': 94, 'reg_alpha': 2.4040959529260723e-06, 'reg_lambda': 5.320966582161148}. Best is trial 1 with value: -0.002487816715854524.
[I 2026-05-07 00:29:42,242] Trial 2 finished with value: -0.0272314741771446 and parameters: {'confidence_threshold': 0.546341527225763, 'training_days': 270, 'n_estimators': 120, 'max_depth': 4, 'num_leaves': 53, 'learning_rate': 0.060197068579343475, 'subsample': 0.588227873455941, 'min_child_samples': 91, 'reg_alpha': 2.3457771824819002e-08, 'reg_lambda': 1.1358840775642732e-08}. Best is trial 1 with value: -0.002487816715854524.
[I 2026-05-07 00:29:42,438] Trial 3 finished with value: -0.02210719652951103 and parameters: {'confidence_threshold': 0.6000319676300473, 'training_days': 270, 'n_estimators': 382, 'max_depth': 4, 'num_leaves': 44, 'learning_rate': 0.09185046765032388, 'subsample': 0.6743651508646724, 'min_child_samples': 77, 'reg_alpha': 0.0013974578104212739, 'reg_lambda': 8.97190257982477e-08}. Best is trial 1 with value: -0.002487816715854524.
[I 2026-05-07 00:29:42,844] Trial 4 finished with value: -0.01509801165336489 and parameters: {'confidence_threshold': 0.7642618789055509, 'training_days': 390, 'n_estimators': 464, 'max_depth': 5, 'num_leaves': 30, 'learning_rate': 0.024562383309704932, 'subsample': 0.8612975035964376, 'min_child_samples': 36, 'reg_alpha': 1.593999300080167, 'reg_lambda': 0.006081270362829788}. Best is trial 1 with value: -0.002487816715854524.
[I 2026-05-07 00:29:42,995] Trial 5 finished with value: -0.11327585831163671 and parameters: {'confidence_threshold': 0.6029115860358569, 'training_days': 60, 'n_estimators': 441, 'max_depth': 3, 'num_leaves': 66, 'learning_rate': 0.044953114425778824, 'subsample': 0.7098948461279406, 'min_child_samples': 15, 'reg_alpha': 4.888753565548431e-07, 'reg_lambda': 4.198190642566389}. Best is trial 1 with value: -0.002487816715854524.
[I 2026-05-07 00:29:43,202] Trial 6 finished with value: 0.006795770447045263 and parameters: {'confidence_threshold': 0.7376932868314098, 'training_days': 290, 'n_estimators': 249, 'max_depth': 5, 'num_leaves': 121, 'learning_rate': 0.015565840632862623, 'subsample': 0.8390183783709677, 'min_child_samples': 19, 'reg_alpha': 1.860444687368747e-08, 'reg_lambda': 2.7391483548058117e-06}. Best is trial 6 with value: 0.006795770447045263.
[I 2026-05-07 00:29:43,239] Trial 7 finished with value: -0.1323648818835459 and parameters: {'confidence_threshold': 0.563503962036334, 'training_days': 70, 'n_estimators': 63, 'max_depth': 3, 'num_leaves': 47, 'learning_rate': 0.18074927623018475, 'subsample': 0.5059692991701257, 'min_child_samples': 9, 'reg_alpha': 3.6945804405602874e-08, 'reg_lambda': 0.027706035542028905}. Best is trial 6 with value: 0.006795770447045263.
[I 2026-05-07 00:29:43,328] Trial 8 finished with value: 0.1724873846100255 and parameters: {'confidence_threshold': 0.6525471176758836, 'training_days': 440, 'n_estimators': 116, 'max_depth': 4, 'num_leaves': 115, 'learning_rate': 0.010229952960863938, 'subsample': 0.5062159465415076, 'min_child_samples': 54, 'reg_alpha': 6.790626457822126e-06, 'reg_lambda': 1.7869141074987722e-05}. Best is trial 8 with value: 0.1724873846100255.
[I 2026-05-07 00:29:43,418] Trial 9 finished with value: -0.2978134308843464 and parameters: {'confidence_threshold': 0.7277571993354469, 'training_days': 360, 'n_estimators': 75, 'max_depth': 5, 'num_leaves': 41, 'learning_rate': 0.014186743931212992, 'subsample': 0.7445187273047605, 'min_child_samples': 22, 'reg_alpha': 0.02393227447113315, 'reg_lambda': 0.009236766173618426}. Best is trial 8 with value: 0.1724873846100255.
[I 2026-05-07 00:29:43,756] A new study created in memory with name: no-name-559c5b9e-6470-4c0e-9af0-f63f9c899b70
[I 2026-05-07 00:29:44,027] Trial 0 finished with value: -0.06473106563950312 and parameters: {'confidence_threshold': 0.7790993046299082, 'training_days': 230, 'n_estimators': 295, 'max_depth': 5, 'num_leaves': 83, 'learning_rate': 0.051543455158230854, 'subsample': 0.8773243492079463, 'min_child_samples': 10, 'reg_alpha': 0.034096514368237685, 'reg_lambda': 3.154180388637081e-05}. Best is trial 0 with value: -0.06473106563950312.
[I 2026-05-07 00:29:44,174] Trial 1 finished with value: -0.022805768464885714 and parameters: {'confidence_threshold': 0.6929247853618086, 'training_days': 410, 'n_estimators': 233, 'max_depth': 5, 'num_leaves': 108, 'learning_rate': 0.013724237108071606, 'subsample': 0.7013182233636002, 'min_child_samples': 94, 'reg_alpha': 2.4040959529260723e-06, 'reg_lambda': 5.320966582161148}. Best is trial 1 with value: -0.022805768464885714.
[I 2026-05-07 00:29:44,242] Trial 2 finished with value: -0.09684506516014199 and parameters: {'confidence_threshold': 0.546341527225763, 'training_days': 270, 'n_estimators': 120, 'max_depth': 4, 'num_leaves': 53, 'learning_rate': 0.060197068579343475, 'subsample': 0.588227873455941, 'min_child_samples': 91, 'reg_alpha': 2.3457771824819002e-08, 'reg_lambda': 1.1358840775642732e-08}. Best is trial 1 with value: -0.022805768464885714.
[I 2026-05-07 00:29:44,423] Trial 3 finished with value: -0.10732952680450039 and parameters: {'confidence_threshold': 0.6000319676300473, 'training_days': 270, 'n_estimators': 382, 'max_depth': 4, 'num_leaves': 44, 'learning_rate': 0.09185046765032388, 'subsample': 0.6743651508646724, 'min_child_samples': 77, 'reg_alpha': 0.0013974578104212739, 'reg_lambda': 8.97190257982477e-08}. Best is trial 1 with value: -0.022805768464885714.
[I 2026-05-07 00:29:44,808] Trial 4 finished with value: -0.03127858921778836 and parameters: {'confidence_threshold': 0.7642618789055509, 'training_days': 390, 'n_estimators': 464, 'max_depth': 5, 'num_leaves': 30, 'learning_rate': 0.024562383309704932, 'subsample': 0.8612975035964376, 'min_child_samples': 36, 'reg_alpha': 1.593999300080167, 'reg_lambda': 0.006081270362829788}. Best is trial 1 with value: -0.022805768464885714.
[I 2026-05-07 00:29:44,939] Trial 5 finished with value: -0.0844907715077465 and parameters: {'confidence_threshold': 0.6029115860358569, 'training_days': 60, 'n_estimators': 441, 'max_depth': 3, 'num_leaves': 66, 'learning_rate': 0.044953114425778824, 'subsample': 0.7098948461279406, 'min_child_samples': 15, 'reg_alpha': 4.888753565548431e-07, 'reg_lambda': 4.198190642566389}. Best is trial 1 with value: -0.022805768464885714.
[I 2026-05-07 00:29:45,148] Trial 6 finished with value: -0.07489316914272288 and parameters: {'confidence_threshold': 0.7376932868314098, 'training_days': 290, 'n_estimators': 249, 'max_depth': 5, 'num_leaves': 121, 'learning_rate': 0.015565840632862623, 'subsample': 0.8390183783709677, 'min_child_samples': 19, 'reg_alpha': 1.860444687368747e-08, 'reg_lambda': 2.7391483548058117e-06}. Best is trial 1 with value: -0.022805768464885714.
[I 2026-05-07 00:29:45,183] Trial 7 finished with value: -0.0730960131650822 and parameters: {'confidence_threshold': 0.563503962036334, 'training_days': 70, 'n_estimators': 63, 'max_depth': 3, 'num_leaves': 47, 'learning_rate': 0.18074927623018475, 'subsample': 0.5059692991701257, 'min_child_samples': 9, 'reg_alpha': 3.6945804405602874e-08, 'reg_lambda': 0.027706035542028905}. Best is trial 1 with value: -0.022805768464885714.
[I 2026-05-07 00:29:45,271] Trial 8 finished with value: 0.03142082118129818 and parameters: {'confidence_threshold': 0.6525471176758836, 'training_days': 440, 'n_estimators': 116, 'max_depth': 4, 'num_leaves': 115, 'learning_rate': 0.010229952960863938, 'subsample': 0.5062159465415076, 'min_child_samples': 54, 'reg_alpha': 6.790626457822126e-06, 'reg_lambda': 1.7869141074987722e-05}. Best is trial 8 with value: 0.03142082118129818.
[I 2026-05-07 00:29:45,361] Trial 9 finished with value: -1.9144461513417153 and parameters: {'confidence_threshold': 0.7277571993354469, 'training_days': 360, 'n_estimators': 75, 'max_depth': 5, 'num_leaves': 41, 'learning_rate': 0.014186743931212992, 'subsample': 0.7445187273047605, 'min_child_samples': 22, 'reg_alpha': 0.02393227447113315, 'reg_lambda': 0.009236766173618426}. Best is trial 8 with value: 0.03142082118129818.

    [CV fold 0] train_end=2021-04-25 00:00 | val_start=2021-05-02 16:00 | gap=184h (22 rows)
    [CV fold 1] train_end=2021-08-23 16:00 | val_start=2021-08-31 08:00 | gap=184h (22 rows)
    [CV fold 2] train_end=2021-12-22 08:00 | val_start=2021-12-30 00:00 | gap=184h (22 rows)
    [CV fold 3] train_end=2022-04-27 00:00 | val_start=2022-05-04 16:00 | gap=184h (22 rows)
    [CV fold 4] train_end=2022-08-25 16:00 | val_start=2022-09-02 08:00 | gap=184h (22 rows)
    [trial 0] Sharpe=-0.1471 (folds: -0.2309, 0.1021, 0.1371, -0.4639, -0.2800)
    [trial 1] 13 features, training_days=410 | threshold=0.693 | labels: 1180 long, 995 short (54/46%)
    [trial 1] Sharpe=-0.0025 (folds: -0.2929, 0.1197, 0.0337, -0.0230, 0.1502)
    [trial 2] 13 features, training_days=270 | threshold=0.546 | labels: 1180 long, 995 short (54/46%)
    [trial 2] Sharpe=-0.0272 (folds: -0.2874, 0.0947, 0.0244, -0.0480, 0.0801)
    [trial 3] 13 features, training_days=270 | threshold=0.600 | labels: 1180 long, 995 short (54/46%)
    [trial 3] Sharpe=-0.0221 (folds: -0.2757, 0.1257, 0.0448, -0.0591, 0.0537)
    [trial 4] 13 features, training_days=390 | threshold=0.764 | labels: 1180 long, 995 short (54/46%)
    [trial 4] Sharpe=-0.0151 (folds: -0.3176, 0.1757, 0.1507, -0.0748, -0.0095)
    [trial 5] 13 features, training_days=60 | threshold=0.603 | labels: 1180 long, 995 short (54/46%)
    [trial 5] Sharpe=-0.1133 (folds: -0.1173, 0.0486, -0.2495, -0.0891, -0.1591)
    [trial 6] 13 features, training_days=290 | threshold=0.738 | labels: 1180 long, 995 short (54/46%)
    [trial 6] Sharpe=0.0068 (folds: -0.3290, 0.2002, 0.3272, 0.0430, -0.2075)
    [trial 7] 13 features, training_days=70 | threshold=0.564 | labels: 1180 long, 995 short (54/46%)
    [trial 7] Sharpe=-0.1324 (folds: -0.2173, -0.0625, -0.0515, -0.1162, -0.2144)
    [trial 8] 13 features, training_days=440 | threshold=0.653 | labels: 1180 long, 995 short (54/46%)
    [trial 8] Sharpe=0.1725 (folds: -0.2468, 0.0991, 0.2322, 0.3270, 0.4509)
    [trial 9] 13 features, training_days=360 | threshold=0.728 | labels: 1180 long, 995 short (54/46%)
    [trial 9] Sharpe=-0.2978 (folds: -0.3357, 0.0309, 0.3555, -1.3843, -0.1555)
  Optuna: 10 trials, best Sharpe = 0.1725
  Best params: n_estimators=116, max_depth=4, lr=0.0102, leaves=115
  Best confidence_threshold: 0.653
  Best training_days: 440
  Retrained on full data (1305 samples, 13 features)
  Model trained for 2023-01: 93 test candles with features, confidence_threshold=0.653
[predict] 2023-01-25 00:00 TRXUSDT → SHORT (proba=0.68 TP=5.0%/SL=2.5%)
[trade:open] 2023-01-25 07:59 TRXUSDT SHORT @ 0.06 | SL=0.06 TP=0.06 | timeout=2023-02-01 07:59
[trade:close] 2023-01-25 23:59 TRXUSDT SHORT → stop_loss @ 0.06 | PnL=-2.50% (net -2.60%) | cum=+6.94% 2023-01=-2.60% 2023-01-25=-2.60%
[lgbm] === Training for 2023-02 ===
  Train window: 2021-02-01 → 2023-02-01
  2175 training samples from 1 symbols
  Samples per month: 2021-02: 84, 2021-03: 93, 2021-04: 90, 2021-05: 93, 2021-06: 90, 2021-07: 93, 2021-08: 93, 2021-09: 90, 2021-10: 93, 2021-11: 90, 2021-12: 93, 2022-01: 93, 2022-02: 75, 2022-03: 93, 2022-04: 84, 2022-05: 93, 2022-06: 90, 2022-07: 93, 2022-08: 93, 2022-09: 90, 2022-10: 93, 2022-11: 90, 2022-12: 93, 2023-01: 93
  [label] 2021-04-03 16:00 TRXUSDT entry=0.1017 → LONG | long=tp(+11.90%) short=sl(-6.10%) | scanned=1 | long_tp_only
  [label] 2021-04-06 00:00 TRXUSDT entry=0.1332 → SHORT | long=sl(-6.35%) short=tp(+12.40%) | scanned=1 | short_tp_only
  [label] 2021-04-09 16:00 TRXUSDT entry=0.1159 → LONG | long=tp(+16.03%) short=sl(-8.16%) | scanned=7 | long_tp_only
  [label] 2021-05-04 16:00 TRXUSDT entry=0.1192 → LONG | long=tp(+13.18%) short=sl(-6.74%) | scanned=3 | long_tp_only
  [label] 2021-06-26 00:00 TRXUSDT entry=0.0597 → LONG | long=tp(+13.04%) short=sl(-6.67%) | scanned=9 | long_tp_only
  [label] 2021-12-09 16:00 TRXUSDT entry=0.0885 → SHORT | long=sl(-4.54%) short=sl(-4.54%) | scanned=12 | no_tp→fwd_return=-4.1224
  [label] 2021-12-13 16:00 TRXUSDT entry=0.0849 → SHORT | long=sl(-4.10%) short=sl(-4.10%) | scanned=11 | no_tp→fwd_return=-5.2656
  [label] 2021-12-24 08:00 TRXUSDT entry=0.0822 → SHORT | long=sl(-3.08%) short=tp(+5.85%) | scanned=11 | short_tp_only
  [label] 2022-02-07 08:00 TRXUSDT entry=0.0685 → SHORT | long=sl(-2.76%) short=sl(-2.76%) | scanned=12 | no_tp→fwd_return=-3.1693
  [label] 2022-02-16 00:00 TRXUSDT entry=0.0664 → SHORT | long=sl(-2.69%) short=tp(+5.08%) | scanned=5 | short_tp_only
  [label] 2022-05-22 16:00 TRXUSDT entry=0.0781 → LONG | long=tp(+10.24%) short=sl(-5.27%) | scanned=9 | long_tp_only
  [label] 2022-06-23 16:00 TRXUSDT entry=0.0637 → LONG | long=timeout(+1.52%) short=sl(-5.64%) | scanned=22 | no_tp→fwd_return=+1.6164
  [label] 2022-07-09 16:00 TRXUSDT entry=0.0697 → SHORT | long=sl(-2.76%) short=tp(+5.23%) | scanned=4 | short_tp_only
  [label] 2022-07-22 16:00 TRXUSDT entry=0.0669 → SHORT | long=sl(-2.41%) short=tp(+4.52%) | scanned=9 | short_tp_only
  [label] 2022-08-10 00:00 TRXUSDT entry=0.0685 → LONG | long=tp(+3.76%) short=sl(-2.03%) | scanned=3 | long_tp_only
  [label] 2022-08-16 08:00 TRXUSDT entry=0.0698 → SHORT | long=sl(-1.97%) short=tp(+3.64%) | scanned=8 | short_tp_only
  [label] 2022-08-28 16:00 TRXUSDT entry=0.0614 → LONG | long=tp(+3.81%) short=sl(-2.05%) | scanned=5 | long_tp_only
  [label] 2022-10-07 08:00 TRXUSDT entry=0.0623 → LONG | long=tp(+2.84%) short=sl(-1.57%) | scanned=8 | long_tp_only
  [label] 2022-10-17 08:00 TRXUSDT entry=0.0622 → SHORT | long=sl(-2.12%) short=timeout(+1.09%) | scanned=22 | no_tp→fwd_return=-1.1903
  [label] 2023-01-11 16:00 TRXUSDT entry=0.0565 → LONG | long=tp(+4.22%) short=sl(-2.26%) | scanned=6 | long_tp_only
  Labels: 1180 long (54.3%), 995 short (45.7%) | weights: min=1.00, mean=2.65, max=10.00
  Features: 2175/2175 matched, 13 columns
  CV gap: 22 rows
    [trial 0] 13 features, training_days=230 | threshold=0.779 | labels: 1180 long, 995 short (54/46%)
    [CV fold 0] train_end=2021-05-26 00:00 | val_start=2021-06-02 16:00 | gap=184h (22 rows)
    [CV fold 1] train_end=2021-09-23 16:00 | val_start=2021-10-01 08:00 | gap=184h (22 rows)
    [CV fold 2] train_end=2022-01-22 08:00 | val_start=2022-01-30 00:00 | gap=184h (22 rows)
    [CV fold 3] train_end=2022-05-28 00:00 | val_start=2022-06-04 16:00 | gap=184h (22 rows)
    [CV fold 4] train_end=2022-09-25 16:00 | val_start=2022-10-03 08:00 | gap=184h (22 rows)
    [trial 0] Sharpe=-0.0647 (folds: -0.0199, 0.2421, -0.1808, -0.0914, -0.2736)
    [trial 1] 13 features, training_days=410 | threshold=0.693 | labels: 1180 long, 995 short (54/46%)
    [trial 1] Sharpe=-0.0228 (folds: 0.0580, 0.0110, 0.3109, -0.3768, -0.1170)
    [trial 2] 13 features, training_days=270 | threshold=0.546 | labels: 1180 long, 995 short (54/46%)
    [trial 2] Sharpe=-0.0968 (folds: -0.0670, -0.1787, -0.1026, -0.0169, -0.1191)
    [trial 3] 13 features, training_days=270 | threshold=0.600 | labels: 1180 long, 995 short (54/46%)
    [trial 3] Sharpe=-0.1073 (folds: -0.0608, -0.0833, -0.1184, -0.0869, -0.1872)
    [trial 4] 13 features, training_days=390 | threshold=0.764 | labels: 1180 long, 995 short (54/46%)
    [trial 4] Sharpe=-0.0313 (folds: -0.0161, 0.0392, 0.2448, -0.2275, -0.1969)
    [trial 5] 13 features, training_days=60 | threshold=0.603 | labels: 1180 long, 995 short (54/46%)
    [trial 5] Sharpe=-0.0845 (folds: 0.0807, -0.0834, -0.2040, 0.0689, -0.2847)
    [trial 6] 13 features, training_days=290 | threshold=0.738 | labels: 1180 long, 995 short (54/46%)
    [trial 6] Sharpe=-0.0749 (folds: 0.0071, 0.1639, -0.0788, -0.1681, -0.2985)
    [trial 7] 13 features, training_days=70 | threshold=0.564 | labels: 1180 long, 995 short (54/46%)
    [trial 7] Sharpe=-0.0731 (folds: 0.2342, -0.0409, -0.2236, -0.0444, -0.2907)
    [trial 8] 13 features, training_days=440 | threshold=0.653 | labels: 1180 long, 995 short (54/46%)
    [trial 8] Sharpe=0.0314 (folds: -0.0568, 0.5282, 0.3515, -0.4292, -0.2366)
    [trial 9] 13 features, training_days=360 | threshold=0.728 | labels: 1180 long, 995 short (54/46%)
    [trial 9] Sharpe=-1.9144 (folds: 0.1420, 0.9112, 0.0503, -0.6758, -10.0000)
  Optuna: 10 trials, best Sharpe = 0.0314[I 2026-05-07 00:29:45,702] A new study created in memory with name: no-name-1f7772af-9c1e-40f6-bcb4-652608cf87d8
[I 2026-05-07 00:29:45,957] Trial 0 finished with value: -0.044912987304562085 and parameters: {'confidence_threshold': 0.7790993046299082, 'training_days': 230, 'n_estimators': 295, 'max_depth': 5, 'num_leaves': 83, 'learning_rate': 0.051543455158230854, 'subsample': 0.8773243492079463, 'min_child_samples': 10, 'reg_alpha': 0.034096514368237685, 'reg_lambda': 3.154180388637081e-05}. Best is trial 0 with value: -0.044912987304562085.
[I 2026-05-07 00:29:46,107] Trial 1 finished with value: 0.07910486452201135 and parameters: {'confidence_threshold': 0.6929247853618086, 'training_days': 410, 'n_estimators': 233, 'max_depth': 5, 'num_leaves': 108, 'learning_rate': 0.013724237108071606, 'subsample': 0.7013182233636002, 'min_child_samples': 94, 'reg_alpha': 2.4040959529260723e-06, 'reg_lambda': 5.320966582161148}. Best is trial 1 with value: 0.07910486452201135.
[I 2026-05-07 00:29:46,169] Trial 2 finished with value: -0.01313609805997508 and parameters: {'confidence_threshold': 0.546341527225763, 'training_days': 270, 'n_estimators': 120, 'max_depth': 4, 'num_leaves': 53, 'learning_rate': 0.060197068579343475, 'subsample': 0.588227873455941, 'min_child_samples': 91, 'reg_alpha': 2.3457771824819002e-08, 'reg_lambda': 1.1358840775642732e-08}. Best is trial 1 with value: 0.07910486452201135.
[I 2026-05-07 00:29:46,340] Trial 3 finished with value: -0.026280247984763423 and parameters: {'confidence_threshold': 0.6000319676300473, 'training_days': 270, 'n_estimators': 382, 'max_depth': 4, 'num_leaves': 44, 'learning_rate': 0.09185046765032388, 'subsample': 0.6743651508646724, 'min_child_samples': 77, 'reg_alpha': 0.0013974578104212739, 'reg_lambda': 8.97190257982477e-08}. Best is trial 1 with value: 0.07910486452201135.
[I 2026-05-07 00:29:46,672] Trial 4 finished with value: 0.05335975550214668 and parameters: {'confidence_threshold': 0.7642618789055509, 'training_days': 390, 'n_estimators': 464, 'max_depth': 5, 'num_leaves': 30, 'learning_rate': 0.024562383309704932, 'subsample': 0.8612975035964376, 'min_child_samples': 36, 'reg_alpha': 1.593999300080167, 'reg_lambda': 0.006081270362829788}. Best is trial 1 with value: 0.07910486452201135.
[I 2026-05-07 00:29:46,803] Trial 5 finished with value: -0.07284208382718688 and parameters: {'confidence_threshold': 0.6029115860358569, 'training_days': 60, 'n_estimators': 441, 'max_depth': 3, 'num_leaves': 66, 'learning_rate': 0.044953114425778824, 'subsample': 0.7098948461279406, 'min_child_samples': 15, 'reg_alpha': 4.888753565548431e-07, 'reg_lambda': 4.198190642566389}. Best is trial 1 with value: 0.07910486452201135.
[I 2026-05-07 00:29:47,017] Trial 6 finished with value: -0.001770788376189192 and parameters: {'confidence_threshold': 0.7376932868314098, 'training_days': 290, 'n_estimators': 249, 'max_depth': 5, 'num_leaves': 121, 'learning_rate': 0.015565840632862623, 'subsample': 0.8390183783709677, 'min_child_samples': 19, 'reg_alpha': 1.860444687368747e-08, 'reg_lambda': 2.7391483548058117e-06}. Best is trial 1 with value: 0.07910486452201135.
[I 2026-05-07 00:29:47,049] Trial 7 finished with value: -0.09633821770918193 and parameters: {'confidence_threshold': 0.563503962036334, 'training_days': 70, 'n_estimators': 63, 'max_depth': 3, 'num_leaves': 47, 'learning_rate': 0.18074927623018475, 'subsample': 0.5059692991701257, 'min_child_samples': 9, 'reg_alpha': 3.6945804405602874e-08, 'reg_lambda': 0.027706035542028905}. Best is trial 1 with value: 0.07910486452201135.
[I 2026-05-07 00:29:47,128] Trial 8 finished with value: 0.13413147643556608 and parameters: {'confidence_threshold': 0.6525471176758836, 'training_days': 440, 'n_estimators': 116, 'max_depth': 4, 'num_leaves': 115, 'learning_rate': 0.010229952960863938, 'subsample': 0.5062159465415076, 'min_child_samples': 54, 'reg_alpha': 6.790626457822126e-06, 'reg_lambda': 1.7869141074987722e-05}. Best is trial 8 with value: 0.13413147643556608.
