[I 2026-05-07 00:27:28,912] Trial 1 finished with value: -0.15005377926445782 and parameters: {'confidence_threshold': 0.6929247853618086, 'training_days': 410, 'n_estimators': 233, 'max_depth': 5, 'num_leaves': 108, 'learning_rate': 0.013724237108071606, 'subsample': 0.7013182233636002, 'min_child_samples': 94, 'reg_alpha': 2.4040959529260723e-06, 'reg_lambda': 5.320966582161148}. Best is trial 0 with value: -0.08331209907937401.
[I 2026-05-07 00:27:28,978] Trial 2 finished with value: -0.09548067102174126 and parameters: {'confidence_threshold': 0.546341527225763, 'training_days': 270, 'n_estimators': 120, 'max_depth': 4, 'num_leaves': 53, 'learning_rate': 0.060197068579343475, 'subsample': 0.588227873455941, 'min_child_samples': 91, 'reg_alpha': 2.3457771824819002e-08, 'reg_lambda': 1.1358840775642732e-08}. Best is trial 0 with value: -0.08331209907937401.
[I 2026-05-07 00:27:29,145] Trial 3 finished with value: -0.07991169273389036 and parameters: {'confidence_threshold': 0.6000319676300473, 'training_days': 270, 'n_estimators': 382, 'max_depth': 4, 'num_leaves': 44, 'learning_rate': 0.09185046765032388, 'subsample': 0.6743651508646724, 'min_child_samples': 77, 'reg_alpha': 0.0013974578104212739, 'reg_lambda': 8.97190257982477e-08}. Best is trial 3 with value: -0.07991169273389036.
[I 2026-05-07 00:27:29,478] Trial 4 finished with value: -0.10446294033918409 and parameters: {'confidence_threshold': 0.7642618789055509, 'training_days': 390, 'n_estimators': 464, 'max_depth': 5, 'num_leaves': 30, 'learning_rate': 0.024562383309704932, 'subsample': 0.8612975035964376, 'min_child_samples': 36, 'reg_alpha': 1.593999300080167, 'reg_lambda': 0.006081270362829788}. Best is trial 3 with value: -0.07991169273389036.
[I 2026-05-07 00:27:29,604] Trial 5 finished with value: -0.10262077385993162 and parameters: {'confidence_threshold': 0.6029115860358569, 'training_days': 60, 'n_estimators': 441, 'max_depth': 3, 'num_leaves': 66, 'learning_rate': 0.044953114425778824, 'subsample': 0.7098948461279406, 'min_child_samples': 15, 'reg_alpha': 4.888753565548431e-07, 'reg_lambda': 4.198190642566389}. Best is trial 3 with value: -0.07991169273389036.
[I 2026-05-07 00:27:29,802] Trial 6 finished with value: -0.1292952039758271 and parameters: {'confidence_threshold': 0.7376932868314098, 'training_days': 290, 'n_estimators': 249, 'max_depth': 5, 'num_leaves': 121, 'learning_rate': 0.015565840632862623, 'subsample': 0.8390183783709677, 'min_child_samples': 19, 'reg_alpha': 1.860444687368747e-08, 'reg_lambda': 2.7391483548058117e-06}. Best is trial 3 with value: -0.07991169273389036.
[I 2026-05-07 00:27:29,837] Trial 7 finished with value: -0.06350111171092196 and parameters: {'confidence_threshold': 0.563503962036334, 'training_days': 70, 'n_estimators': 63, 'max_depth': 3, 'num_leaves': 47, 'learning_rate': 0.18074927623018475, 'subsample': 0.5059692991701257, 'min_child_samples': 9, 'reg_alpha': 3.6945804405602874e-08, 'reg_lambda': 0.027706035542028905}. Best is trial 7 with value: -0.06350111171092196.
[I 2026-05-07 00:27:29,912] Trial 8 finished with value: -0.13552007889724724 and parameters: {'confidence_threshold': 0.6525471176758836, 'training_days': 440, 'n_estimators': 116, 'max_depth': 4, 'num_leaves': 115, 'learning_rate': 0.010229952960863938, 'subsample': 0.5062159465415076, 'min_child_samples': 54, 'reg_alpha': 6.790626457822126e-06, 'reg_lambda': 1.7869141074987722e-05}. Best is trial 7 with value: -0.06350111171092196.
[I 2026-05-07 00:27:29,992] Trial 9 finished with value: -0.054838415443878366 and parameters: {'confidence_threshold': 0.7277571993354469, 'training_days': 360, 'n_estimators': 75, 'max_depth': 5, 'num_leaves': 41, 'learning_rate': 0.014186743931212992, 'subsample': 0.7445187273047605, 'min_child_samples': 22, 'reg_alpha': 0.02393227447113315, 'reg_lambda': 0.009236766173618426}. Best is trial 9 with value: -0.054838415443878366.

[predict] 2023-03-22 08:00 BCHUSDT → LONG (proba=0.97 TP=6.9%/SL=3.5%)
[trade:open] 2023-03-22 15:59 BCHUSDT LONG @ 132.09 | SL=127.52 TP=141.24 | timeout=2023-03-29 15:59
[trade:close] 2023-03-22 23:59 BCHUSDT LONG → stop_loss @ 127.52 | PnL=-3.46% (net -3.56%) | cum=+5.93% 2023-03=+7.26% 2023-03-22=-3.56%
[lgbm] === Training for 2023-04 ===
  Train window: 2021-04-01 → 2023-04-01
  2190 training samples from 1 symbols
  Samples per month: 2021-04: 90, 2021-05: 93, 2021-06: 90, 2021-07: 93, 2021-08: 93, 2021-09: 90, 2021-10: 93, 2021-11: 90, 2021-12: 93, 2022-01: 93, 2022-02: 84, 2022-03: 93, 2022-04: 90, 2022-05: 93, 2022-06: 90, 2022-07: 93, 2022-08: 93, 2022-09: 90, 2022-10: 93, 2022-11: 90, 2022-12: 93, 2023-01: 93, 2023-02: 84, 2023-03: 93
  [label] 2021-06-02 08:00 BCHUSDT entry=709.7000 → SHORT | long=sl(-9.44%) short=tp(+18.58%) | scanned=17 | short_tp_only
  [label] 2021-06-04 08:00 BCHUSDT entry=666.6300 → SHORT | long=sl(-8.83%) short=tp(+17.36%) | scanned=12 | short_tp_only
  [label] 2021-06-08 08:00 BCHUSDT entry=563.1000 → LONG | long=timeout(+10.00%) short=sl(-8.43%) | scanned=22 | no_tp→fwd_return=+10.1030
  [label] 2021-07-03 08:00 BCHUSDT entry=508.6800 → SHORT | long=sl(-4.99%) short=sl(-4.99%) | scanned=14 | no_tp→fwd_return=-4.7417
  [label] 2021-08-25 08:00 BCHUSDT entry=646.6100 → SHORT | long=sl(-3.72%) short=tp(+7.13%) | scanned=5 | short_tp_only
  [label] 2022-02-08 16:00 BCHUSDT entry=335.2500 → LONG | long=tp(+7.38%) short=sl(-3.84%) | scanned=5 | long_tp_only
  [label] 2022-02-13 00:00 BCHUSDT entry=328.2700 → SHORT | long=sl(-3.88%) short=sl(-3.88%) | scanned=14 | no_tp→fwd_return=-4.6943
  [label] 2022-02-23 16:00 BCHUSDT entry=288.1100 → SHORT | long=sl(-4.14%) short=tp(+7.97%) | scanned=1 | short_tp_only
  [label] 2022-04-10 00:00 BCHUSDT entry=325.6000 → SHORT | long=sl(-3.54%) short=tp(+6.77%) | scanned=4 | short_tp_only
  [label] 2022-04-18 16:00 BCHUSDT entry=340.2400 → SHORT | long=sl(-3.48%) short=tp(+6.67%) | scanned=9 | short_tp_only
  [label] 2022-07-19 00:00 BCHUSDT entry=118.2300 → LONG | long=tp(+7.76%) short=sl(-4.03%) | scanned=2 | long_tp_only
  [label] 2022-08-20 00:00 BCHUSDT entry=117.4900 → LONG | long=sl(-4.70%) short=sl(-4.70%) | scanned=7 | no_tp→fwd_return=+4.0514
  [label] 2022-09-05 08:00 BCHUSDT entry=123.0600 → SHORT | long=sl(-3.40%) short=sl(-3.40%) | scanned=4 | no_tp→fwd_return=-8.9306
  [label] 2022-09-18 08:00 BCHUSDT entry=117.9200 → SHORT | long=sl(-3.80%) short=tp(+7.29%) | scanned=2 | short_tp_only
  [label] 2022-10-07 00:00 BCHUSDT entry=118.8000 → SHORT | long=sl(-2.88%) short=tp(+5.45%) | scanned=11 | short_tp_only
  [label] 2022-10-13 08:00 BCHUSDT entry=106.8900 → LONG | long=timeout(+0.89%) short=sl(-2.98%) | scanned=22 | no_tp→fwd_return=+0.9917
  [label] 2022-10-25 16:00 BCHUSDT entry=112.6100 → LONG | long=tp(+4.23%) short=sl(-2.26%) | scanned=11 | long_tp_only
  [label] 2022-12-04 16:00 BCHUSDT entry=110.9400 → LONG | long=tp(+4.82%) short=sl(-2.56%) | scanned=1 | long_tp_only
  [label] 2022-12-14 16:00 BCHUSDT entry=108.9300 → SHORT | long=sl(-2.47%) short=tp(+4.64%) | scanned=5 | short_tp_only
  [label] 2023-03-11 08:00 BCHUSDT entry=108.9400 → LONG | long=tp(+7.11%) short=sl(-3.70%) | scanned=4 | long_tp_only
  Labels: 980 long (44.7%), 1210 short (55.3%) | weights: min=1.00, mean=2.26, max=10.00
  Features: 2190/2190 matched, 13 columns
  CV gap: 22 rows
    [trial 0] 13 features, training_days=230 | threshold=0.779 | labels: 980 long, 1210 short (45/55%)
    [CV fold 0] train_end=2021-07-24 00:00 | val_start=2021-07-31 16:00 | gap=184h (22 rows)
    [CV fold 1] train_end=2021-11-22 16:00 | val_start=2021-11-30 08:00 | gap=184h (22 rows)
    [CV fold 2] train_end=2022-03-24 08:00 | val_start=2022-04-01 00:00 | gap=184h (22 rows)
    [CV fold 3] train_end=2022-07-24 00:00 | val_start=2022-07-31 16:00 | gap=184h (22 rows)
    [CV fold 4] train_end=2022-11-22 16:00 | val_start=2022-11-30 08:00 | gap=184h (22 rows)
    [trial 0] Sharpe=-0.0833 (folds: -0.1645, -0.1343, -0.2537, -0.0672, 0.2032)
    [trial 1] 13 features, training_days=410 | threshold=0.693 | labels: 980 long, 1210 short (45/55%)
    [trial 1] Sharpe=-0.1501 (folds: -0.0962, -0.1952, -0.3120, -0.2273, 0.0804)
    [trial 2] 13 features, training_days=270 | threshold=0.546 | labels: 980 long, 1210 short (45/55%)
    [trial 2] Sharpe=-0.0955 (folds: -0.1456, -0.0115, -0.2441, -0.1485, 0.0723)
    [trial 3] 13 features, training_days=270 | threshold=0.600 | labels: 980 long, 1210 short (45/55%)
    [trial 3] Sharpe=-0.0799 (folds: -0.1571, -0.0595, -0.2426, -0.0723, 0.1319)
    [trial 4] 13 features, training_days=390 | threshold=0.764 | labels: 980 long, 1210 short (45/55%)
    [trial 4] Sharpe=-0.1045 (folds: -0.1212, -0.1652, -0.3771, 0.0005, 0.1407)
    [trial 5] 13 features, training_days=60 | threshold=0.603 | labels: 980 long, 1210 short (45/55%)
    [trial 5] Sharpe=-0.1026 (folds: 0.0108, -0.2498, -0.1641, -0.2031, 0.0930)
    [trial 6] 13 features, training_days=290 | threshold=0.738 | labels: 980 long, 1210 short (45/55%)
    [trial 6] Sharpe=-0.1293 (folds: -0.0497, -0.1371, -0.4084, -0.1619, 0.1106)
    [trial 7] 13 features, training_days=70 | threshold=0.564 | labels: 980 long, 1210 short (45/55%)
    [trial 7] Sharpe=-0.0635 (folds: -0.0548, -0.0378, -0.1798, -0.2318, 0.1866)
    [trial 8] 13 features, training_days=440 | threshold=0.653 | labels: 980 long, 1210 short (45/55%)
    [trial 8] Sharpe=-0.1355 (folds: 0.0409, -0.2840, -0.3596, -0.0973, 0.0225)
    [trial 9] 13 features, training_days=360 | threshold=0.728 | labels: 980 long, 1210 short (45/55%)
    [trial 9] Sharpe=-0.0548 (folds: -0.1605, 0.0064, -0.3294, 0.0308, 0.1784)
  Optuna: 10 trials, best Sharpe = -0.0548
  Best params: n_estimators=75, max_depth=5, lr=0.0142, leaves=41
  Best confidence_threshold: 0.728
  Best training_days: 360
  Retrained on full data (1080 samples, 13 features)
  Model trained for 2023-04: 90 test candles with features, confidence_threshold=0.728
[lgbm] === Training for 2023-05 ===
  Train window: 2021-05-01 → 2023-05-01
  2190 training samples from 1 symbols
  Samples per month: 2021-05: 93, 2021-06: 90, 2021-07: 93, 2021-08: 93, 2021-09: 90, 2021-10: 93, 2021-11: 90, 2021-12: 93, 2022-01: 93, 2022-02: 84, 2022-03: 93, 2022-04: 90, 2022-05: 93, 2022-06: 90, 2022-07: 93, 2022-08: 93, 2022-09: 90, 2022-10: 93, 2022-11: 90, 2022-12: 93, 2023-01: 93, 2023-02: 84, 2023-03: 93, 2023-04: 90
  [label] 2021-07-02 08:00 BCHUSDT entry=491.8600 → LONG | long=timeout(+2.01%) short=sl(-5.47%) | scanned=22 | no_tp→fwd_return=+2.1144
  [label] 2021-07-04 08:00 BCHUSDT entry=538.5300 → SHORT | long=sl(-4.67%) short=tp(+9.04%) | scanned=3 | short_tp_only
  [label] 2021-07-08 08:00 BCHUSDT entry=494.9400 → SHORT | long=sl(-4.73%) short=tp(+9.15%) | scanned=17 | short_tp_only
  [label] 2021-08-02 08:00 BCHUSDT entry=552.3900 → LONG | long=sl(-4.03%) short=sl(-4.03%) | scanned=14 | no_tp→fwd_return=+3.3237
  [label] 2021-09-24 08:00 BCHUSDT entry=504.3800 → LONG | long=sl(-5.22%) short=sl(-5.22%) | scanned=21 | no_tp→fwd_return=+6.4237
  [label] 2022-03-10 16:00 BCHUSDT entry=289.3200 → LONG | long=sl(-4.27%) short=sl(-4.27%) | scanned=16 | no_tp→fwd_return=+0.1866
  [label] 2022-03-15 00:00 BCHUSDT entry=283.8200 → LONG | long=tp(+7.14%) short=sl(-3.72%) | scanned=11 | long_tp_only
  [label] 2022-03-25 16:00 BCHUSDT entry=364.8300 → LONG | long=tp(+7.04%) short=sl(-3.67%) | scanned=18 | long_tp_only
  [label] 2022-05-10 00:00 BCHUSDT entry=237.0900 → SHORT | long=sl(-5.07%) short=sl(-5.07%) | scanned=4 | no_tp→fwd_return=-10.0806
  [label] 2022-05-18 16:00 BCHUSDT entry=186.8900 → LONG | long=timeout(+1.61%) short=sl(-8.91%) | scanned=22 | no_tp→fwd_return=+1.7122
  [label] 2022-08-18 00:00 BCHUSDT entry=133.2100 → SHORT | long=sl(-3.85%) short=tp(+7.40%) | scanned=3 | short_tp_only
  [label] 2022-09-19 00:00 BCHUSDT entry=108.2200 → LONG | long=tp(+8.52%) short=sl(-4.41%) | scanned=8 | long_tp_only
  [label] 2022-10-05 08:00 BCHUSDT entry=120.4900 → SHORT | long=sl(-2.93%) short=tp(+5.55%) | scanned=16 | short_tp_only[I 2026-05-07 00:27:30,172] A new study created in memory with name: no-name-68dfeebf-9b3c-40c3-8f63-5fff8bb03b10
[I 2026-05-07 00:27:30,420] Trial 0 finished with value: -0.07215540110445132 and parameters: {'confidence_threshold': 0.7790993046299082, 'training_days': 230, 'n_estimators': 295, 'max_depth': 5, 'num_leaves': 83, 'learning_rate': 0.051543455158230854, 'subsample': 0.8773243492079463, 'min_child_samples': 10, 'reg_alpha': 0.034096514368237685, 'reg_lambda': 3.154180388637081e-05}. Best is trial 0 with value: -0.07215540110445132.
[I 2026-05-07 00:27:30,551] Trial 1 finished with value: -0.134339952780639 and parameters: {'confidence_threshold': 0.6929247853618086, 'training_days': 410, 'n_estimators': 233, 'max_depth': 5, 'num_leaves': 108, 'learning_rate': 0.013724237108071606, 'subsample': 0.7013182233636002, 'min_child_samples': 94, 'reg_alpha': 2.4040959529260723e-06, 'reg_lambda': 5.320966582161148}. Best is trial 0 with value: -0.07215540110445132.
[I 2026-05-07 00:27:30,612] Trial 2 finished with value: -0.08344376542902592 and parameters: {'confidence_threshold': 0.546341527225763, 'training_days': 270, 'n_estimators': 120, 'max_depth': 4, 'num_leaves': 53, 'learning_rate': 0.060197068579343475, 'subsample': 0.588227873455941, 'min_child_samples': 91, 'reg_alpha': 2.3457771824819002e-08, 'reg_lambda': 1.1358840775642732e-08}. Best is trial 0 with value: -0.07215540110445132.
[I 2026-05-07 00:27:30,780] Trial 3 finished with value: -0.05299432971118222 and parameters: {'confidence_threshold': 0.6000319676300473, 'training_days': 270, 'n_estimators': 382, 'max_depth': 4, 'num_leaves': 44, 'learning_rate': 0.09185046765032388, 'subsample': 0.6743651508646724, 'min_child_samples': 77, 'reg_alpha': 0.0013974578104212739, 'reg_lambda': 8.97190257982477e-08}. Best is trial 3 with value: -0.05299432971118222.
[I 2026-05-07 00:27:31,115] Trial 4 finished with value: -0.1392753200772874 and parameters: {'confidence_threshold': 0.7642618789055509, 'training_days': 390, 'n_estimators': 464, 'max_depth': 5, 'num_leaves': 30, 'learning_rate': 0.024562383309704932, 'subsample': 0.8612975035964376, 'min_child_samples': 36, 'reg_alpha': 1.593999300080167, 'reg_lambda': 0.006081270362829788}. Best is trial 3 with value: -0.05299432971118222.
[I 2026-05-07 00:27:31,248] Trial 5 finished with value: 0.023647234383258085 and parameters: {'confidence_threshold': 0.6029115860358569, 'training_days': 60, 'n_estimators': 441, 'max_depth': 3, 'num_leaves': 66, 'learning_rate': 0.044953114425778824, 'subsample': 0.7098948461279406, 'min_child_samples': 15, 'reg_alpha': 4.888753565548431e-07, 'reg_lambda': 4.198190642566389}. Best is trial 5 with value: 0.023647234383258085.
[I 2026-05-07 00:27:31,460] Trial 6 finished with value: -0.13607881579342146 and parameters: {'confidence_threshold': 0.7376932868314098, 'training_days': 290, 'n_estimators': 249, 'max_depth': 5, 'num_leaves': 121, 'learning_rate': 0.015565840632862623, 'subsample': 0.8390183783709677, 'min_child_samples': 19, 'reg_alpha': 1.860444687368747e-08, 'reg_lambda': 2.7391483548058117e-06}. Best is trial 5 with value: 0.023647234383258085.
[I 2026-05-07 00:27:31,493] Trial 7 finished with value: 0.006154988659154588 and parameters: {'confidence_threshold': 0.563503962036334, 'training_days': 70, 'n_estimators': 63, 'max_depth': 3, 'num_leaves': 47, 'learning_rate': 0.18074927623018475, 'subsample': 0.5059692991701257, 'min_child_samples': 9, 'reg_alpha': 3.6945804405602874e-08, 'reg_lambda': 0.027706035542028905}. Best is trial 5 with value: 0.023647234383258085.
[I 2026-05-07 00:27:31,564] Trial 8 finished with value: -0.08618828405351871 and parameters: {'confidence_threshold': 0.6525471176758836, 'training_days': 440, 'n_estimators': 116, 'max_depth': 4, 'num_leaves': 115, 'learning_rate': 0.010229952960863938, 'subsample': 0.5062159465415076, 'min_child_samples': 54, 'reg_alpha': 6.790626457822126e-06, 'reg_lambda': 1.7869141074987722e-05}. Best is trial 5 with value: 0.023647234383258085.
[I 2026-05-07 00:27:31,649] Trial 9 finished with value: -0.1489459170273166 and parameters: {'confidence_threshold': 0.7277571993354469, 'training_days': 360, 'n_estimators': 75, 'max_depth': 5, 'num_leaves': 41, 'learning_rate': 0.014186743931212992, 'subsample': 0.7445187273047605, 'min_child_samples': 22, 'reg_alpha': 0.02393227447113315, 'reg_lambda': 0.009236766173618426}. Best is trial 5 with value: 0.023647234383258085.
[I 2026-05-07 00:27:31,847] A new study created in memory with name: no-name-fc955971-f8f7-4688-9489-a35c8d3b88e7
