[I 2026-05-07 00:27:58,088] Trial 2 finished with value: 0.018475515433429783 and parameters: {'confidence_threshold': 0.546341527225763, 'training_days': 270, 'n_estimators': 120, 'max_depth': 4, 'num_leaves': 53, 'learning_rate': 0.060197068579343475, 'subsample': 0.588227873455941, 'min_child_samples': 91, 'reg_alpha': 2.3457771824819002e-08, 'reg_lambda': 1.1358840775642732e-08}. Best is trial 1 with value: 0.06591173074021874.

  Features: 2193/2193 matched, 13 columns
  CV gap: 22 rows
    [trial 0] 13 features, training_days=230 | threshold=0.779 | labels: 1063 long, 1130 short (48/52%)
    [CV fold 0] train_end=2022-10-24 00:00 | val_start=2022-10-31 16:00 | gap=184h (22 rows)
    [CV fold 1] train_end=2023-02-22 16:00 | val_start=2023-03-02 08:00 | gap=184h (22 rows)
    [CV fold 2] train_end=2023-06-24 08:00 | val_start=2023-07-02 00:00 | gap=184h (22 rows)
    [CV fold 3] train_end=2023-10-24 00:00 | val_start=2023-10-31 16:00 | gap=184h (22 rows)
    [CV fold 4] train_end=2024-02-22 16:00 | val_start=2024-03-01 08:00 | gap=184h (22 rows)
    [trial 0] Sharpe=-0.0186 (folds: 0.1857, -0.1462, -0.1136, 0.0149, -0.0339)
    [trial 1] 13 features, training_days=410 | threshold=0.693 | labels: 1063 long, 1130 short (48/52%)
    [trial 1] Sharpe=0.0257 (folds: 0.2874, -0.0671, -0.1109, 0.0291, -0.0100)
    [trial 2] 13 features, training_days=270 | threshold=0.546 | labels: 1063 long, 1130 short (48/52%)
    [trial 2] Sharpe=-0.0032 (folds: 0.1560, -0.1364, -0.0715, 0.0423, -0.0062)
    [trial 3] 13 features, training_days=270 | threshold=0.600 | labels: 1063 long, 1130 short (48/52%)
    [trial 3] Sharpe=-0.0452 (folds: 0.1485, -0.1516, -0.1389, -0.0633, -0.0205)
    [trial 4] 13 features, training_days=390 | threshold=0.764 | labels: 1063 long, 1130 short (48/52%)
    [trial 4] Sharpe=-0.0143 (folds: 0.1957, -0.0685, -0.1379, -0.1100, 0.0495)
    [trial 5] 13 features, training_days=60 | threshold=0.603 | labels: 1063 long, 1130 short (48/52%)
    [trial 5] Sharpe=0.0084 (folds: 0.1895, -0.0607, -0.1089, 0.0604, -0.0381)
    [trial 6] 13 features, training_days=290 | threshold=0.738 | labels: 1063 long, 1130 short (48/52%)
    [trial 6] Sharpe=0.0568 (folds: 0.2065, 0.0063, -0.1416, 0.1132, 0.0994)
    [trial 7] 13 features, training_days=70 | threshold=0.564 | labels: 1063 long, 1130 short (48/52%)
    [trial 7] Sharpe=0.0115 (folds: 0.1489, 0.0044, -0.1381, -0.0217, 0.0642)
    [trial 8] 13 features, training_days=440 | threshold=0.653 | labels: 1063 long, 1130 short (48/52%)
    [trial 8] Sharpe=0.0154 (folds: 0.2662, 0.0019, -0.1128, -0.2619, 0.1837)
    [trial 9] 13 features, training_days=360 | threshold=0.728 | labels: 1063 long, 1130 short (48/52%)
    [trial 9] Sharpe=0.0524 (folds: 0.1815, 0.1182, -0.1279, -0.0818, 0.1718)
  Optuna: 10 trials, best Sharpe = 0.0568
  Best params: n_estimators=249, max_depth=5, lr=0.0156, leaves=121
  Best confidence_threshold: 0.738
  Best training_days: 290
  Retrained on full data (870 samples, 13 features)
  Model trained for 2024-07: 93 test candles with features, confidence_threshold=0.738
[predict] 2024-07-05 08:00 BCHUSDT → LONG (proba=0.89 TP=9.6%/SL=4.8%)
[trade:open] 2024-07-05 15:59 BCHUSDT LONG @ 322.40 | SL=306.99 TP=353.23 | timeout=2024-07-12 15:59
[trade:close] 2024-07-08 07:59 BCHUSDT LONG → stop_loss @ 306.99 | PnL=-4.78% (net -4.88%) | cum=+55.26% 2024-07=-4.88% 2024-07-08=-4.88%
[predict] 2024-07-16 00:00 BCHUSDT → SHORT (proba=0.86 TP=7.9%/SL=3.9%)
[trade:open] 2024-07-16 07:59 BCHUSDT SHORT @ 375.78 | SL=390.62 TP=346.11 | timeout=2024-07-23 07:59
[trade:close] 2024-07-16 15:59 BCHUSDT SHORT → stop_loss @ 390.62 | PnL=-3.95% (net -4.05%) | cum=+51.21% 2024-07=-8.93% 2024-07-16=-4.05%
[predict] 2024-07-18 00:00 BCHUSDT → SHORT (proba=0.87 TP=7.7%/SL=3.9%)
[trade:open] 2024-07-18 07:59 BCHUSDT SHORT @ 378.68 | SL=393.27 TP=349.50 | timeout=2024-07-25 07:59
[trade:close] 2024-07-19 23:59 BCHUSDT SHORT → stop_loss @ 393.27 | PnL=-3.85% (net -3.95%) | cum=+47.26% 2024-07=-12.88% 2024-07-19=-3.95%
[predict] 2024-07-29 16:00 BCHUSDT → SHORT (proba=0.87 TP=6.6%/SL=3.3%)
[trade:open] 2024-07-29 23:59 BCHUSDT SHORT @ 438.79 | SL=453.36 TP=409.66 | timeout=2024-08-05 23:59
[trade:close] 2024-08-01 07:59 BCHUSDT SHORT → take_profit @ 409.66 | PnL=+6.64% (net +6.54%) | cum=+53.80% 2024-08=+6.54% 2024-08-01=+6.54%
[lgbm] === Training for 2024-08 ===
  Train window: 2022-08-01 → 2024-08-01
  2193 training samples from 1 symbols
  Samples per month: 2022-08: 93, 2022-09: 90, 2022-10: 93, 2022-11: 90, 2022-12: 93, 2023-01: 93, 2023-02: 84, 2023-03: 93, 2023-04: 90, 2023-05: 93, 2023-06: 90, 2023-07: 93, 2023-08: 93, 2023-09: 90, 2023-10: 93, 2023-11: 90, 2023-12: 93, 2024-01: 93, 2024-02: 87, 2024-03: 93, 2024-04: 90, 2024-05: 93, 2024-06: 90, 2024-07: 93
  [label] 2022-10-02 08:00 BCHUSDT entry=115.5700 → LONG | long=tp(+6.64%) short=sl(-3.47%) | scanned=10 | long_tp_only
  [label] 2022-10-04 16:00 BCHUSDT entry=121.0800 → SHORT | long=sl(-3.00%) short=tp(+5.70%) | scanned=18 | short_tp_only
  [label] 2022-10-08 08:00 BCHUSDT entry=117.1000 → SHORT | long=sl(-2.75%) short=tp(+5.20%) | scanned=7 | short_tp_only
  [label] 2022-11-02 08:00 BCHUSDT entry=116.9400 → LONG | long=sl(-2.59%) short=sl(-2.59%) | scanned=2 | no_tp→fwd_return=+0.6071
  [label] 2022-12-25 08:00 BCHUSDT entry=99.9800 → LONG | long=tp(+3.59%) short=sl(-1.95%) | scanned=5 | long_tp_only
  [label] 2023-06-11 08:00 BCHUSDT entry=102.0700 → LONG | long=tp(+5.55%) short=sl(-2.92%) | scanned=16 | long_tp_only
  [label] 2023-06-15 08:00 BCHUSDT entry=103.2700 → LONG | long=tp(+5.15%) short=sl(-2.73%) | scanned=4 | long_tp_only
  [label] 2023-06-26 00:00 BCHUSDT entry=193.2400 → LONG | long=tp(+11.59%) short=sl(-5.94%) | scanned=1 | long_tp_only
  [label] 2023-08-10 08:00 BCHUSDT entry=233.3400 → SHORT | long=sl(-3.21%) short=tp(+6.11%) | scanned=18 | short_tp_only
  [label] 2023-08-19 00:00 BCHUSDT entry=188.2000 → SHORT | long=sl(-4.46%) short=sl(-4.46%) | scanned=11 | no_tp→fwd_return=-1.7800
  [label] 2023-11-18 16:00 BCHUSDT entry=227.2600 → SHORT | long=sl(-3.38%) short=sl(-3.38%) | scanned=9 | no_tp→fwd_return=-4.9107
  [label] 2023-12-20 16:00 BCHUSDT entry=229.6700 → LONG | long=tp(+5.70%) short=sl(-3.00%) | scanned=6 | long_tp_only
  [label] 2024-01-06 00:00 BCHUSDT entry=235.0000 → LONG | long=sl(-5.03%) short=sl(-5.03%) | scanned=8 | no_tp→fwd_return=+8.0298
  [label] 2024-01-19 00:00 BCHUSDT entry=236.6000 → SHORT | long=sl(-4.26%) short=timeout(+0.61%) | scanned=22 | no_tp→fwd_return=-0.7058
  [label] 2024-02-06 16:00 BCHUSDT entry=235.0800 → LONG | long=tp(+3.85%) short=sl(-2.07%) | scanned=5 | long_tp_only
  [label] 2024-02-13 00:00 BCHUSDT entry=275.5600 → SHORT | long=sl(-2.85%) short=sl(-2.85%) | scanned=1 | no_tp→fwd_return=-2.1193
  [label] 2024-02-25 08:00 BCHUSDT entry=267.5700 → LONG | long=tp(+5.13%) short=sl(-2.71%) | scanned=5 | long_tp_only
  [label] 2024-04-05 08:00 BCHUSDT entry=667.1500 → SHORT | long=sl(-6.16%) short=sl(-6.16%) | scanned=14 | no_tp→fwd_return=-5.8338
  [label] 2024-04-15 08:00 BCHUSDT entry=519.2900 → SHORT | long=sl(-7.82%) short=timeout(+2.09%) | scanned=22 | no_tp→fwd_return=-2.1915
  [label] 2024-07-11 08:00 BCHUSDT entry=351.2300 → LONG | long=tp(+8.17%) short=sl(-4.23%) | scanned=8 | long_tp_only
  Labels: 1052 long (48.0%), 1141 short (52.0%) | weights: min=1.00, mean=3.95, max=10.00
  Features: 2193/2193 matched, 13 columns
  CV gap: 22 rows
    [trial 0] 13 features, training_days=230 | threshold=0.779 | labels: 1052 long, 1141 short (48/52%)
    [CV fold 0] train_end=2022-11-24 00:00 | val_start=2022-12-01 16:00 | gap=184h (22 rows)
    [CV fold 1] train_end=2023-03-25 16:00 | val_start=2023-04-02 08:00 | gap=184h (22 rows)
    [CV fold 2] train_end=2023-07-25 08:00 | val_start=2023-08-02 00:00 | gap=184h (22 rows)
    [CV fold 3] train_end=2023-11-24 00:00 | val_start=2023-12-01 16:00 | gap=184h (22 rows)
    [CV fold 4] train_end=2024-03-24 16:00 | val_start=2024-04-01 08:00 | gap=184h (22 rows)
    [trial 0] Sharpe=0.0411 (folds: 0.2137, -0.0550, 0.0279, -0.0285, 0.0474)
    [trial 1] 13 features, training_days=410 | threshold=0.693 | labels: 1052 long, 1141 short (48/52%)
    [trial 1] Sharpe=0.0659 (folds: 0.2823, 0.0952, -0.0588, 0.0033, 0.0075)
    [trial 2] 13 features, training_days=270 | threshold=0.546 | labels: 1052 long, 1141 short (48/52%)
    [trial 2] Sharpe=0.0185 (folds: 0.2214, -0.0215, -0.0239, -0.1160, 0.0324)
    [trial 3] 13 features, training_days=270 | threshold=0.600 | labels: 1052 long, 1141 short (48/52%)[I 2026-05-07 00:27:58,262] Trial 3 finished with value: -0.015398188716827962 and parameters: {'confidence_threshold': 0.6000319676300473, 'training_days': 270, 'n_estimators': 382, 'max_depth': 4, 'num_leaves': 44, 'learning_rate': 0.09185046765032388, 'subsample': 0.6743651508646724, 'min_child_samples': 77, 'reg_alpha': 0.0013974578104212739, 'reg_lambda': 8.97190257982477e-08}. Best is trial 1 with value: 0.06591173074021874.
[I 2026-05-07 00:27:58,597] Trial 4 finished with value: 0.05009285448301416 and parameters: {'confidence_threshold': 0.7642618789055509, 'training_days': 390, 'n_estimators': 464, 'max_depth': 5, 'num_leaves': 30, 'learning_rate': 0.024562383309704932, 'subsample': 0.8612975035964376, 'min_child_samples': 36, 'reg_alpha': 1.593999300080167, 'reg_lambda': 0.006081270362829788}. Best is trial 1 with value: 0.06591173074021874.
[I 2026-05-07 00:27:58,734] Trial 5 finished with value: -0.021173858161877373 and parameters: {'confidence_threshold': 0.6029115860358569, 'training_days': 60, 'n_estimators': 441, 'max_depth': 3, 'num_leaves': 66, 'learning_rate': 0.044953114425778824, 'subsample': 0.7098948461279406, 'min_child_samples': 15, 'reg_alpha': 4.888753565548431e-07, 'reg_lambda': 4.198190642566389}. Best is trial 1 with value: 0.06591173074021874.
[I 2026-05-07 00:27:58,939] Trial 6 finished with value: 0.03328340773737474 and parameters: {'confidence_threshold': 0.7376932868314098, 'training_days': 290, 'n_estimators': 249, 'max_depth': 5, 'num_leaves': 121, 'learning_rate': 0.015565840632862623, 'subsample': 0.8390183783709677, 'min_child_samples': 19, 'reg_alpha': 1.860444687368747e-08, 'reg_lambda': 2.7391483548058117e-06}. Best is trial 1 with value: 0.06591173074021874.
[I 2026-05-07 00:27:58,975] Trial 7 finished with value: -0.020595465724471223 and parameters: {'confidence_threshold': 0.563503962036334, 'training_days': 70, 'n_estimators': 63, 'max_depth': 3, 'num_leaves': 47, 'learning_rate': 0.18074927623018475, 'subsample': 0.5059692991701257, 'min_child_samples': 9, 'reg_alpha': 3.6945804405602874e-08, 'reg_lambda': 0.027706035542028905}. Best is trial 1 with value: 0.06591173074021874.
[I 2026-05-07 00:27:59,056] Trial 8 finished with value: 0.056732285100490956 and parameters: {'confidence_threshold': 0.6525471176758836, 'training_days': 440, 'n_estimators': 116, 'max_depth': 4, 'num_leaves': 115, 'learning_rate': 0.010229952960863938, 'subsample': 0.5062159465415076, 'min_child_samples': 54, 'reg_alpha': 6.790626457822126e-06, 'reg_lambda': 1.7869141074987722e-05}. Best is trial 1 with value: 0.06591173074021874.
[I 2026-05-07 00:27:59,137] Trial 9 finished with value: -5.915324198533932 and parameters: {'confidence_threshold': 0.7277571993354469, 'training_days': 360, 'n_estimators': 75, 'max_depth': 5, 'num_leaves': 41, 'learning_rate': 0.014186743931212992, 'subsample': 0.7445187273047605, 'min_child_samples': 22, 'reg_alpha': 0.02393227447113315, 'reg_lambda': 0.009236766173618426}. Best is trial 1 with value: 0.06591173074021874.
[I 2026-05-07 00:27:59,375] A new study created in memory with name: no-name-c7bc193d-ffdf-47a9-a2e5-03096212a01b
[I 2026-05-07 00:27:59,650] Trial 0 finished with value: 0.006239905822662759 and parameters: {'confidence_threshold': 0.7790993046299082, 'training_days': 230, 'n_estimators': 295, 'max_depth': 5, 'num_leaves': 83, 'learning_rate': 0.051543455158230854, 'subsample': 0.8773243492079463, 'min_child_samples': 10, 'reg_alpha': 0.034096514368237685, 'reg_lambda': 3.154180388637081e-05}. Best is trial 0 with value: 0.006239905822662759.
[I 2026-05-07 00:27:59,806] Trial 1 finished with value: -0.013711785956246189 and parameters: {'confidence_threshold': 0.6929247853618086, 'training_days': 410, 'n_estimators': 233, 'max_depth': 5, 'num_leaves': 108, 'learning_rate': 0.013724237108071606, 'subsample': 0.7013182233636002, 'min_child_samples': 94, 'reg_alpha': 2.4040959529260723e-06, 'reg_lambda': 5.320966582161148}. Best is trial 0 with value: 0.006239905822662759.
[I 2026-05-07 00:27:59,875] Trial 2 finished with value: 0.015954914142386967 and parameters: {'confidence_threshold': 0.546341527225763, 'training_days': 270, 'n_estimators': 120, 'max_depth': 4, 'num_leaves': 53, 'learning_rate': 0.060197068579343475, 'subsample': 0.588227873455941, 'min_child_samples': 91, 'reg_alpha': 2.3457771824819002e-08, 'reg_lambda': 1.1358840775642732e-08}. Best is trial 2 with value: 0.015954914142386967.
[I 2026-05-07 00:28:00,075] Trial 3 finished with value: 0.009231547459002527 and parameters: {'confidence_threshold': 0.6000319676300473, 'training_days': 270, 'n_estimators': 382, 'max_depth': 4, 'num_leaves': 44, 'learning_rate': 0.09185046765032388, 'subsample': 0.6743651508646724, 'min_child_samples': 77, 'reg_alpha': 0.0013974578104212739, 'reg_lambda': 8.97190257982477e-08}. Best is trial 2 with value: 0.015954914142386967.
[I 2026-05-07 00:28:00,447] Trial 4 finished with value: 0.009568584012177516 and parameters: {'confidence_threshold': 0.7642618789055509, 'training_days': 390, 'n_estimators': 464, 'max_depth': 5, 'num_leaves': 30, 'learning_rate': 0.024562383309704932, 'subsample': 0.8612975035964376, 'min_child_samples': 36, 'reg_alpha': 1.593999300080167, 'reg_lambda': 0.006081270362829788}. Best is trial 2 with value: 0.015954914142386967.
[I 2026-05-07 00:28:00,596] Trial 5 finished with value: 0.04445756594767718 and parameters: {'confidence_threshold': 0.6029115860358569, 'training_days': 60, 'n_estimators': 441, 'max_depth': 3, 'num_leaves': 66, 'learning_rate': 0.044953114425778824, 'subsample': 0.7098948461279406, 'min_child_samples': 15, 'reg_alpha': 4.888753565548431e-07, 'reg_lambda': 4.198190642566389}. Best is trial 5 with value: 0.04445756594767718.
[I 2026-05-07 00:28:00,825] Trial 6 finished with value: -0.03716771764744938 and parameters: {'confidence_threshold': 0.7376932868314098, 'training_days': 290, 'n_estimators': 249, 'max_depth': 5, 'num_leaves': 121, 'learning_rate': 0.015565840632862623, 'subsample': 0.8390183783709677, 'min_child_samples': 19, 'reg_alpha': 1.860444687368747e-08, 'reg_lambda': 2.7391483548058117e-06}. Best is trial 5 with value: 0.04445756594767718.
[I 2026-05-07 00:28:00,863] Trial 7 finished with value: -0.004723777268604413 and parameters: {'confidence_threshold': 0.563503962036334, 'training_days': 70, 'n_estimators': 63, 'max_depth': 3, 'num_leaves': 47, 'learning_rate': 0.18074927623018475, 'subsample': 0.5059692991701257, 'min_child_samples': 9, 'reg_alpha': 3.6945804405602874e-08, 'reg_lambda': 0.027706035542028905}. Best is trial 5 with value: 0.04445756594767718.
[I 2026-05-07 00:28:00,953] Trial 8 finished with value: 0.002778935816290376 and parameters: {'confidence_threshold': 0.6525471176758836, 'training_days': 440, 'n_estimators': 116, 'max_depth': 4, 'num_leaves': 115, 'learning_rate': 0.010229952960863938, 'subsample': 0.5062159465415076, 'min_child_samples': 54, 'reg_alpha': 6.790626457822126e-06, 'reg_lambda': 1.7869141074987722e-05}. Best is trial 5 with value: 0.04445756594767718.
