[I 2026-05-07 00:27:35,237] Trial 9 finished with value: -2.2211293523839126 and parameters: {'confidence_threshold': 0.7277571993354469, 'training_days': 360, 'n_estimators': 75, 'max_depth': 5, 'num_leaves': 41, 'learning_rate': 0.014186743931212992, 'subsample': 0.7445187273047605, 'min_child_samples': 22, 'reg_alpha': 0.02393227447113315, 'reg_lambda': 0.009236766173618426}. Best is trial 5 with value: 0.004857120047852626.

    [trial 2] 13 features, training_days=270 | threshold=0.546 | labels: 959 long, 1231 short (44/56%)
    [trial 2] Sharpe=-0.0003 (folds: -0.0172, -0.1898, 0.1068, 0.0049, 0.0937)
    [trial 3] 13 features, training_days=270 | threshold=0.600 | labels: 959 long, 1231 short (44/56%)
    [trial 3] Sharpe=-0.0204 (folds: -0.0060, -0.1854, 0.1715, -0.0513, -0.0307)
    [trial 4] 13 features, training_days=390 | threshold=0.764 | labels: 959 long, 1231 short (44/56%)
    [trial 4] Sharpe=0.0305 (folds: 0.0802, -0.1954, 0.0874, 0.0092, 0.1710)
    [trial 5] 13 features, training_days=60 | threshold=0.603 | labels: 959 long, 1231 short (44/56%)
    [trial 5] Sharpe=0.0878 (folds: 0.0011, 0.0683, 0.1605, 0.1057, 0.1035)
    [trial 6] 13 features, training_days=290 | threshold=0.738 | labels: 959 long, 1231 short (44/56%)
    [trial 6] Sharpe=0.0698 (folds: 0.1233, -0.1953, 0.1476, 0.0572, 0.2160)
    [trial 7] 13 features, training_days=70 | threshold=0.564 | labels: 959 long, 1231 short (44/56%)
    [trial 7] Sharpe=0.0819 (folds: -0.0009, 0.0842, 0.1568, 0.1116, 0.0576)
    [trial 8] 13 features, training_days=440 | threshold=0.653 | labels: 959 long, 1231 short (44/56%)
    [trial 8] Sharpe=-0.0199 (folds: 0.0296, -0.0999, 0.1528, -0.2902, 0.1082)
    [trial 9] 13 features, training_days=360 | threshold=0.728 | labels: 959 long, 1231 short (44/56%)
    [trial 9] Sharpe=-1.9456 (folds: -0.0885, 0.1423, 0.1830, 0.0352, -10.0000)
  Optuna: 10 trials, best Sharpe = 0.0878
  Best params: n_estimators=441, max_depth=3, lr=0.0450, leaves=66
  Best confidence_threshold: 0.603
  Best training_days: 60
  Retrained on full data (180 samples, 13 features)
  Model trained for 2023-06: 90 test candles with features, confidence_threshold=0.603
[lgbm] === Training for 2023-07 ===
  Train window: 2021-07-01 → 2023-07-01
  2190 training samples from 1 symbols
  Samples per month: 2021-07: 93, 2021-08: 93, 2021-09: 90, 2021-10: 93, 2021-11: 90, 2021-12: 93, 2022-01: 93, 2022-02: 84, 2022-03: 93, 2022-04: 90, 2022-05: 93, 2022-06: 90, 2022-07: 93, 2022-08: 93, 2022-09: 90, 2022-10: 93, 2022-11: 90, 2022-12: 93, 2023-01: 93, 2023-02: 84, 2023-03: 93, 2023-04: 90, 2023-05: 93, 2023-06: 90
  [label] 2021-09-01 08:00 BCHUSDT entry=643.1400 → LONG | long=tp(+6.40%) short=sl(-3.35%) | scanned=6 | long_tp_only
  [label] 2021-09-03 08:00 BCHUSDT entry=707.3500 → LONG | long=tp(+6.05%) short=sl(-3.17%) | scanned=7 | long_tp_only
  [label] 2021-09-07 08:00 BCHUSDT entry=661.8400 → SHORT | long=sl(-5.23%) short=tp(+10.16%) | scanned=18 | short_tp_only
  [label] 2021-10-02 08:00 BCHUSDT entry=552.1000 → SHORT | long=sl(-3.73%) short=sl(-3.73%) | scanned=6 | no_tp→fwd_return=-1.9870
  [label] 2021-11-24 08:00 BCHUSDT entry=600.1100 → SHORT | long=sl(-3.52%) short=sl(-3.52%) | scanned=5 | no_tp→fwd_return=-2.0230
  [label] 2022-05-10 16:00 BCHUSDT entry=231.4900 → SHORT | long=sl(-5.38%) short=sl(-5.38%) | scanned=2 | no_tp→fwd_return=-7.9053
  [label] 2022-05-15 00:00 BCHUSDT entry=208.4800 → SHORT | long=sl(-9.57%) short=timeout(+6.61%) | scanned=22 | no_tp→fwd_return=-6.7057
  [label] 2022-05-25 16:00 BCHUSDT entry=190.0900 → LONG | long=sl(-5.94%) short=sl(-5.94%) | scanned=16 | no_tp→fwd_return=+4.4716
  [label] 2022-07-10 00:00 BCHUSDT entry=109.7400 → SHORT | long=sl(-3.92%) short=tp(+7.54%) | scanned=5 | short_tp_only
  [label] 2022-07-18 16:00 BCHUSDT entry=121.2100 → LONG | long=sl(-3.78%) short=sl(-3.78%) | scanned=2 | no_tp→fwd_return=+3.5476
  [label] 2022-10-18 00:00 BCHUSDT entry=111.3200 → SHORT | long=sl(-2.43%) short=tp(+4.55%) | scanned=5 | short_tp_only
  [label] 2022-11-19 00:00 BCHUSDT entry=104.4000 → LONG | long=sl(-3.95%) short=sl(-3.95%) | scanned=10 | no_tp→fwd_return=+4.2625
  [label] 2022-12-05 08:00 BCHUSDT entry=113.5700 → SHORT | long=sl(-2.68%) short=tp(+5.07%) | scanned=5 | short_tp_only
  [label] 2022-12-18 08:00 BCHUSDT entry=101.5900 → SHORT | long=sl(-2.59%) short=timeout(+1.48%) | scanned=22 | no_tp→fwd_return=-1.5848
  [label] 2023-01-06 00:00 BCHUSDT entry=100.0600 → LONG | long=sl(-1.84%) short=sl(-1.84%) | scanned=2 | no_tp→fwd_return=+1.5391
  [label] 2023-01-12 08:00 BCHUSDT entry=115.5800 → LONG | long=tp(+4.12%) short=sl(-2.21%) | scanned=1 | long_tp_only
  [label] 2023-01-24 16:00 BCHUSDT entry=128.1000 → LONG | long=tp(+6.71%) short=sl(-3.51%) | scanned=13 | long_tp_only
  [label] 2023-03-05 16:00 BCHUSDT entry=123.9000 → SHORT | long=sl(-2.93%) short=tp(+5.57%) | scanned=9 | short_tp_only
  [label] 2023-03-15 16:00 BCHUSDT entry=123.1300 → LONG | long=tp(+7.42%) short=sl(-3.86%) | scanned=5 | long_tp_only
  [label] 2023-06-10 08:00 BCHUSDT entry=101.2600 → LONG | long=tp(+5.69%) short=sl(-3.00%) | scanned=19 | long_tp_only
  Labels: 991 long (45.3%), 1199 short (54.7%) | weights: min=1.00, mean=3.60, max=10.00
  Features: 2190/2190 matched, 13 columns
  CV gap: 22 rows
    [trial 0] 13 features, training_days=230 | threshold=0.779 | labels: 991 long, 1199 short (45/55%)
    [CV fold 0] train_end=2021-10-23 00:00 | val_start=2021-10-30 16:00 | gap=184h (22 rows)
    [CV fold 1] train_end=2022-02-21 16:00 | val_start=2022-03-01 08:00 | gap=184h (22 rows)
    [CV fold 2] train_end=2022-06-23 08:00 | val_start=2022-07-01 00:00 | gap=184h (22 rows)
    [CV fold 3] train_end=2022-10-23 00:00 | val_start=2022-10-30 16:00 | gap=184h (22 rows)
    [CV fold 4] train_end=2023-02-21 16:00 | val_start=2023-03-01 08:00 | gap=184h (22 rows)
    [trial 0] Sharpe=-0.1164 (folds: -0.0433, -0.4422, 0.0055, 0.0749, -0.1769)
    [trial 1] 13 features, training_days=410 | threshold=0.693 | labels: 991 long, 1199 short (45/55%)
    [trial 1] Sharpe=-0.2028 (folds: -0.2857, -0.4987, -0.0847, 0.1779, -0.3227)
    [trial 2] 13 features, training_days=270 | threshold=0.546 | labels: 991 long, 1199 short (45/55%)
    [trial 2] Sharpe=-0.1289 (folds: -0.2018, -0.2282, -0.0627, 0.0232, -0.1752)
    [trial 3] 13 features, training_days=270 | threshold=0.600 | labels: 991 long, 1199 short (45/55%)
    [trial 3] Sharpe=-0.1177 (folds: -0.1467, -0.2606, -0.0320, 0.0963, -0.2456)
    [trial 4] 13 features, training_days=390 | threshold=0.764 | labels: 991 long, 1199 short (45/55%)
    [trial 4] Sharpe=-0.0754 (folds: -0.2281, -0.3818, 0.2238, 0.0513, -0.0419)
    [trial 5] 13 features, training_days=60 | threshold=0.603 | labels: 991 long, 1199 short (45/55%)
    [trial 5] Sharpe=0.0049 (folds: -0.1767, 0.0494, 0.0051, 0.2336, -0.0872)
    [trial 6] 13 features, training_days=290 | threshold=0.738 | labels: 991 long, 1199 short (45/55%)
    [trial 6] Sharpe=-0.1991 (folds: -0.1808, -0.5042, -0.0505, 0.0836, -0.3438)
    [trial 7] 13 features, training_days=70 | threshold=0.564 | labels: 991 long, 1199 short (45/55%)
    [trial 7] Sharpe=-0.0217 (folds: -0.1887, -0.0183, -0.0150, 0.1278, -0.0144)
    [trial 8] 13 features, training_days=440 | threshold=0.653 | labels: 991 long, 1199 short (45/55%)
    [trial 8] Sharpe=-0.2453 (folds: -0.3503, -0.3840, -0.0497, -0.0830, -0.3598)
    [trial 9] 13 features, training_days=360 | threshold=0.728 | labels: 991 long, 1199 short (45/55%)
    [trial 9] Sharpe=-2.2211 (folds: -0.4775, -0.4219, -0.1380, -0.0683, -10.0000)
  Optuna: 10 trials, best Sharpe = 0.0049
  Best params: n_estimators=441, max_depth=3, lr=0.0450, leaves=66
  Best confidence_threshold: 0.603
  Best training_days: 60
  Retrained on full data (180 samples, 13 features)
  Model trained for 2023-07: 93 test candles with features, confidence_threshold=0.603
[lgbm] === Training for 2023-08 ===
  Train window: 2021-08-01 → 2023-08-01
  2190 training samples from 1 symbols
  Samples per month: 2021-08: 93, 2021-09: 90, 2021-10: 93, 2021-11: 90, 2021-12: 93, 2022-01: 93, 2022-02: 84, 2022-03: 93, 2022-04: 90, 2022-05: 93, 2022-06: 90, 2022-07: 93, 2022-08: 93, 2022-09: 90, 2022-10: 93, 2022-11: 90, 2022-12: 93, 2023-01: 93, 2023-02: 84, 2023-03: 93, 2023-04: 90, 2023-05: 93, 2023-06: 90, 2023-07: 93
  [label] 2021-10-02 08:00 BCHUSDT entry=552.1000 → SHORT | long=sl(-3.73%) short=sl(-3.73%) | scanned=6 | no_tp→fwd_return=-1.9870
  [label] 2021-10-04 08:00 BCHUSDT entry=541.1300 → LONG | long=tp(+7.38%) short=sl(-3.84%) | scanned=4 | long_tp_only[I 2026-05-07 00:27:35,455] A new study created in memory with name: no-name-1cccd9c5-1ff8-4d54-9ea6-b72853177ac6
[I 2026-05-07 00:27:35,714] Trial 0 finished with value: -0.07491153851028622 and parameters: {'confidence_threshold': 0.7790993046299082, 'training_days': 230, 'n_estimators': 295, 'max_depth': 5, 'num_leaves': 83, 'learning_rate': 0.051543455158230854, 'subsample': 0.8773243492079463, 'min_child_samples': 10, 'reg_alpha': 0.034096514368237685, 'reg_lambda': 3.154180388637081e-05}. Best is trial 0 with value: -0.07491153851028622.
[I 2026-05-07 00:27:35,854] Trial 1 finished with value: -0.078705379929668 and parameters: {'confidence_threshold': 0.6929247853618086, 'training_days': 410, 'n_estimators': 233, 'max_depth': 5, 'num_leaves': 108, 'learning_rate': 0.013724237108071606, 'subsample': 0.7013182233636002, 'min_child_samples': 94, 'reg_alpha': 2.4040959529260723e-06, 'reg_lambda': 5.320966582161148}. Best is trial 0 with value: -0.07491153851028622.
[I 2026-05-07 00:27:35,924] Trial 2 finished with value: -0.0795304622003255 and parameters: {'confidence_threshold': 0.546341527225763, 'training_days': 270, 'n_estimators': 120, 'max_depth': 4, 'num_leaves': 53, 'learning_rate': 0.060197068579343475, 'subsample': 0.588227873455941, 'min_child_samples': 91, 'reg_alpha': 2.3457771824819002e-08, 'reg_lambda': 1.1358840775642732e-08}. Best is trial 0 with value: -0.07491153851028622.
[I 2026-05-07 00:27:36,113] Trial 3 finished with value: -0.08237650275455961 and parameters: {'confidence_threshold': 0.6000319676300473, 'training_days': 270, 'n_estimators': 382, 'max_depth': 4, 'num_leaves': 44, 'learning_rate': 0.09185046765032388, 'subsample': 0.6743651508646724, 'min_child_samples': 77, 'reg_alpha': 0.0013974578104212739, 'reg_lambda': 8.97190257982477e-08}. Best is trial 0 with value: -0.07491153851028622.
[I 2026-05-07 00:27:36,475] Trial 4 finished with value: -0.07745008544998187 and parameters: {'confidence_threshold': 0.7642618789055509, 'training_days': 390, 'n_estimators': 464, 'max_depth': 5, 'num_leaves': 30, 'learning_rate': 0.024562383309704932, 'subsample': 0.8612975035964376, 'min_child_samples': 36, 'reg_alpha': 1.593999300080167, 'reg_lambda': 0.006081270362829788}. Best is trial 0 with value: -0.07491153851028622.
[I 2026-05-07 00:27:36,610] Trial 5 finished with value: -0.08563419807634665 and parameters: {'confidence_threshold': 0.6029115860358569, 'training_days': 60, 'n_estimators': 441, 'max_depth': 3, 'num_leaves': 66, 'learning_rate': 0.044953114425778824, 'subsample': 0.7098948461279406, 'min_child_samples': 15, 'reg_alpha': 4.888753565548431e-07, 'reg_lambda': 4.198190642566389}. Best is trial 0 with value: -0.07491153851028622.
[I 2026-05-07 00:27:36,843] Trial 6 finished with value: -0.07452542342328786 and parameters: {'confidence_threshold': 0.7376932868314098, 'training_days': 290, 'n_estimators': 249, 'max_depth': 5, 'num_leaves': 121, 'learning_rate': 0.015565840632862623, 'subsample': 0.8390183783709677, 'min_child_samples': 19, 'reg_alpha': 1.860444687368747e-08, 'reg_lambda': 2.7391483548058117e-06}. Best is trial 6 with value: -0.07452542342328786.
[I 2026-05-07 00:27:36,886] Trial 7 finished with value: -0.05805068386641119 and parameters: {'confidence_threshold': 0.563503962036334, 'training_days': 70, 'n_estimators': 63, 'max_depth': 3, 'num_leaves': 47, 'learning_rate': 0.18074927623018475, 'subsample': 0.5059692991701257, 'min_child_samples': 9, 'reg_alpha': 3.6945804405602874e-08, 'reg_lambda': 0.027706035542028905}. Best is trial 7 with value: -0.05805068386641119.
[I 2026-05-07 00:27:36,979] Trial 8 finished with value: -0.1595758485825854 and parameters: {'confidence_threshold': 0.6525471176758836, 'training_days': 440, 'n_estimators': 116, 'max_depth': 4, 'num_leaves': 115, 'learning_rate': 0.010229952960863938, 'subsample': 0.5062159465415076, 'min_child_samples': 54, 'reg_alpha': 6.790626457822126e-06, 'reg_lambda': 1.7869141074987722e-05}. Best is trial 7 with value: -0.05805068386641119.
[I 2026-05-07 00:27:37,058] Trial 9 finished with value: -0.1274903121265532 and parameters: {'confidence_threshold': 0.7277571993354469, 'training_days': 360, 'n_estimators': 75, 'max_depth': 5, 'num_leaves': 41, 'learning_rate': 0.014186743931212992, 'subsample': 0.7445187273047605, 'min_child_samples': 22, 'reg_alpha': 0.02393227447113315, 'reg_lambda': 0.009236766173618426}. Best is trial 7 with value: -0.05805068386641119.

  [label] 2021-10-08 08:00 BCHUSDT entry=603.8700 → LONG | long=sl(-3.95%) short=sl(-3.95%) | scanned=20 | no_tp→fwd_return=+3.2143
  [label] 2021-11-02 08:00 BCHUSDT entry=600.8200 → SHORT | long=sl(-3.16%) short=sl(-3.16%) | scanned=12 | no_tp→fwd_return=-2.9659
  [label] 2021-12-25 08:00 BCHUSDT entry=452.7900 → SHORT | long=sl(-3.02%) short=sl(-3.02%) | scanned=10 | no_tp→fwd_return=-3.1207
  [label] 2022-06-10 16:00 BCHUSDT entry=167.3000 → SHORT | long=sl(-4.65%) short=tp(+9.00%) | scanned=4 | short_tp_only
  [label] 2022-06-15 00:00 BCHUSDT entry=117.8800 → SHORT | long=sl(-8.12%) short=sl(-8.12%) | scanned=4 | no_tp→fwd_return=-4.9118
  [label] 2022-06-25 16:00 BCHUSDT entry=115.3800 → SHORT | long=sl(-6.36%) short=tp(+12.41%) | scanned=13 | short_tp_only
  [label] 2022-08-10 00:00 BCHUSDT entry=133.4800 → LONG | long=tp(+8.01%) short=sl(-4.16%) | scanned=3 | long_tp_only
  [label] 2022-08-18 16:00 BCHUSDT entry=128.9700 → SHORT | long=sl(-4.10%) short=tp(+7.90%) | scanned=1 | short_tp_only
  [label] 2022-11-18 00:00 BCHUSDT entry=104.2000 → LONG | long=tp(+8.29%) short=sl(-4.30%) | scanned=15 | long_tp_only
  [label] 2022-12-20 00:00 BCHUSDT entry=100.6700 → LONG | long=timeout(+1.78%) short=sl(-2.59%) | scanned=22 | no_tp→fwd_return=+1.8774
  [label] 2023-01-05 08:00 BCHUSDT entry=101.5000 → SHORT | long=sl(-1.82%) short=tp(+3.35%) | scanned=3 | short_tp_only
  [label] 2023-01-18 08:00 BCHUSDT entry=120.8100 → LONG | long=sl(-3.54%) short=sl(-3.54%) | scanned=7 | no_tp→fwd_return=+5.9432
  [label] 2023-02-06 00:00 BCHUSDT entry=133.3300 → SHORT | long=sl(-2.91%) short=sl(-2.91%) | scanned=8 | no_tp→fwd_return=-1.3500
  [label] 2023-02-12 08:00 BCHUSDT entry=125.5000 → LONG | long=sl(-2.93%) short=sl(-2.93%) | scanned=10 | no_tp→fwd_return=+7.4104
  [label] 2023-02-24 16:00 BCHUSDT entry=132.6600 → SHORT | long=sl(-3.62%) short=sl(-3.62%) | scanned=19 | no_tp→fwd_return=-5.9777
  [label] 2023-04-05 16:00 BCHUSDT entry=127.1500 → LONG | long=sl(-2.83%) short=timeout(-1.35%) | scanned=22 | no_tp→fwd_return=+1.2505
  [label] 2023-04-15 16:00 BCHUSDT entry=132.4900 → SHORT | long=sl(-2.14%) short=sl(-2.14%) | scanned=11 | no_tp→fwd_return=-4.0909
  [label] 2023-07-11 08:00 BCHUSDT entry=273.7400 → SHORT | long=sl(-5.84%) short=sl(-5.84%) | scanned=10 | no_tp→fwd_return=-3.5873
  Labels: 979 long (44.7%), 1211 short (55.3%) | weights: min=1.00, mean=3.58, max=10.00
  Features: 2190/2190 matched, 13 columns
  CV gap: 22 rows
    [trial 0] 13 features, training_days=230 | threshold=0.779 | labels: 979 long, 1211 short (45/55%)
    [CV fold 0] train_end=2021-11-23 00:00 | val_start=2021-11-30 16:00 | gap=184h (22 rows)
    [CV fold 1] train_end=2022-03-24 16:00 | val_start=2022-04-01 08:00 | gap=184h (22 rows)
    [CV fold 2] train_end=2022-07-24 08:00 | val_start=2022-08-01 00:00 | gap=184h (22 rows)
    [CV fold 3] train_end=2022-11-23 00:00 | val_start=2022-11-30 16:00 | gap=184h (22 rows)
    [CV fold 4] train_end=2023-03-24 16:00 | val_start=2023-04-01 08:00 | gap=184h (22 rows)
    [trial 0] Sharpe=-0.0749 (folds: -0.2072, -0.2780, 0.0063, 0.1545, -0.0501)
    [trial 1] 13 features, training_days=410 | threshold=0.693 | labels: 979 long, 1211 short (45/55%)
    [trial 1] Sharpe=-0.0787 (folds: -0.0840, -0.2739, -0.0553, 0.1091, -0.0895)
    [trial 2] 13 features, training_days=270 | threshold=0.546 | labels: 979 long, 1211 short (45/55%)
    [trial 2] Sharpe=-0.0795 (folds: -0.0814, -0.2253, -0.1129, 0.0871, -0.0651)
    [trial 3] 13 features, training_days=270 | threshold=0.600 | labels: 979 long, 1211 short (45/55%)
    [trial 3] Sharpe=-0.0824 (folds: -0.0937, -0.2675, -0.0798, 0.0945, -0.0654)
    [trial 4] 13 features, training_days=390 | threshold=0.764 | labels: 979 long, 1211 short (45/55%)
    [trial 4] Sharpe=-0.0775 (folds: -0.1520, -0.2907, 0.0107, 0.1613, -0.1166)
    [trial 5] 13 features, training_days=60 | threshold=0.603 | labels: 979 long, 1211 short (45/55%)
    [trial 5] Sharpe=-0.0856 (folds: -0.2184, -0.1523, -0.1665, 0.1371, -0.0280)
    [trial 6] 13 features, training_days=290 | threshold=0.738 | labels: 979 long, 1211 short (45/55%)
    [trial 6] Sharpe=-0.0745 (folds: -0.1374, -0.2813, -0.1183, 0.1296, 0.0348)
    [trial 7] 13 features, training_days=70 | threshold=0.564 | labels: 979 long, 1211 short (45/55%)
    [trial 7] Sharpe=-0.0581 (folds: -0.0605, -0.1162, -0.2086, 0.2034, -0.1083)
    [trial 8] 13 features, training_days=440 | threshold=0.653 | labels: 979 long, 1211 short (45/55%)
    [trial 8] Sharpe=-0.1596 (folds: 0.0129, -0.2542, 0.0413, 0.0014, -0.5993)
    [trial 9] 13 features, training_days=360 | threshold=0.728 | labels: 979 long, 1211 short (45/55%)
    [trial 9] Sharpe=-0.1275 (folds: -0.0322, -0.3547, -0.1954, 0.0774, -0.1326)
  Optuna: 10 trials, best Sharpe = -0.0581
  Best params: n_estimators=63, max_depth=3, lr=0.1807, leaves=47
  Best confidence_threshold: 0.564
  Best training_days: 70
  Retrained on full data (210 samples, 13 features)
  Model trained for 2023-08: 93 test candles with features, confidence_threshold=0.564
[predict] 2023-08-30 08:00 BCHUSDT → SHORT (proba=0.97 TP=7.0%/SL=3.5%)
[trade:open] 2023-08-30 15:59 BCHUSDT SHORT @ 212.90 | SL=220.34 TP=198.02 | timeout=2023-09-06 15:59
[trade:close] 2023-08-31 07:59 BCHUSDT SHORT → stop_loss @ 220.34 | PnL=-3.49% (net -3.59%) | cum=+2.72% 2023-08=-3.59% 2023-08-31=-3.59%
[lgbm] === Training for 2023-09 ===
  Train window: 2021-09-01 → 2023-09-01
  2190 training samples from 1 symbols
  Samples per month: 2021-09: 90, 2021-10: 93, 2021-11: 90, 2021-12: 93, 2022-01: 93, 2022-02: 84, 2022-03: 93, 2022-04: 90, 2022-05: 93, 2022-06: 90, 2022-07: 93, 2022-08: 93, 2022-09: 90, 2022-10: 93, 2022-11: 90, 2022-12: 93, 2023-01: 93, 2023-02: 84, 2023-03: 93, 2023-04: 90, 2023-05: 93, 2023-06: 90, 2023-07: 93, 2023-08: 93
  [label] 2021-11-02 08:00 BCHUSDT entry=600.8200 → SHORT | long=sl(-3.16%) short=sl(-3.16%) | scanned=12 | no_tp→fwd_return=-2.9659
  [label] 2021-11-04 08:00 BCHUSDT entry=589.8300 → LONG | long=tp(+6.26%) short=sl(-3.28%) | scanned=3 | long_tp_only
  [label] 2021-11-08 08:00 BCHUSDT entry=626.5100 → LONG | long=tp(+5.26%) short=sl(-2.78%) | scanned=2 | long_tp_only
  [label] 2021-12-03 08:00 BCHUSDT entry=557.7400 → SHORT | long=sl(-3.44%) short=tp(+6.57%) | scanned=1 | short_tp_only
  [label] 2022-01-25 08:00 BCHUSDT entry=288.0600 → SHORT | long=timeout(-0.75%) short=sl(-5.61%) | scanned=22 | no_tp→fwd_return=-0.6492
  [label] 2022-07-11 16:00 BCHUSDT entry=98.8500 → LONG | long=tp(+8.35%) short=sl(-4.33%) | scanned=15 | long_tp_only
  [label] 2022-07-16 00:00 BCHUSDT entry=104.1400 → LONG | long=tp(+7.35%) short=sl(-3.82%) | scanned=3 | long_tp_only
  [label] 2022-07-26 16:00 BCHUSDT entry=118.8000 → LONG | long=tp(+9.09%) short=sl(-4.70%) | scanned=4 | long_tp_only
  [label] 2022-09-10 00:00 BCHUSDT entry=131.4600 → SHORT | long=sl(-3.94%) short=tp(+7.58%) | scanned=10 | short_tp_only
  [label] 2022-09-18 16:00 BCHUSDT entry=111.7000 → SHORT | long=sl(-4.17%) short=sl(-4.17%) | scanned=9 | no_tp→fwd_return=-2.6768
  [label] 2022-12-19 00:00 BCHUSDT entry=101.2700 → SHORT | long=sl(-2.56%) short=timeout(+0.13%) | scanned=22 | no_tp→fwd_return=-0.2271
  [label] 2023-01-20 00:00 BCHUSDT entry=120.8400 → LONG | long=tp(+6.34%) short=sl(-3.32%) | scanned=3 | long_tp_only
  [label] 2023-02-05 08:00 BCHUSDT entry=134.3700 → SHORT | long=sl(-2.94%) short=tp(+5.59%) | scanned=13 | short_tp_only
  [label] 2023-02-18 08:00 BCHUSDT entry=137.2000 → LONG | long=sl(-2.89%) short=sl(-2.89%) | scanned=5 | no_tp→fwd_return=+6.7784
  [label] 2023-03-09 00:00 BCHUSDT entry=116.9200 → SHORT | long=sl(-3.00%) short=tp(+5.71%) | scanned=2 | short_tp_only
  [label] 2023-03-15 08:00 BCHUSDT entry=125.7800 → LONG | long=tp(+7.30%) short=sl(-3.80%) | scanned=7 | long_tp_only
  [label] 2023-03-27 16:00 BCHUSDT entry=120.3200 → LONG | long=tp(+6.97%) short=sl(-3.64%) | scanned=20 | long_tp_only
  [label] 2023-05-06 16:00 BCHUSDT entry=116.8400 → SHORT | long=sl(-2.27%) short=tp(+4.25%) | scanned=4 | short_tp_only
  [label] 2023-05-16 16:00 BCHUSDT entry=116.6600 → SHORT | long=sl(-2.74%) short=timeout(+0.80%) | scanned=22 | no_tp→fwd_return=-0.9001[I 2026-05-07 00:27:37,249] A new study created in memory with name: no-name-b9b5495b-2d8c-4728-8dbe-a4817c7a339c
[I 2026-05-07 00:27:37,498] Trial 0 finished with value: -0.0536628099296381 and parameters: {'confidence_threshold': 0.7790993046299082, 'training_days': 230, 'n_estimators': 295, 'max_depth': 5, 'num_leaves': 83, 'learning_rate': 0.051543455158230854, 'subsample': 0.8773243492079463, 'min_child_samples': 10, 'reg_alpha': 0.034096514368237685, 'reg_lambda': 3.154180388637081e-05}. Best is trial 0 with value: -0.0536628099296381.
