[I 2026-05-07 00:27:13,223] Trial 9 finished with value: -2.126194443938895 and parameters: {'confidence_threshold': 0.7277571993354469, 'training_days': 360, 'n_estimators': 75, 'max_depth': 5, 'num_leaves': 41, 'learning_rate': 0.014186743931212992, 'subsample': 0.7445187273047605, 'min_child_samples': 22, 'reg_alpha': 0.02393227447113315, 'reg_lambda': 0.009236766173618426}. Best is trial 5 with value: 0.01401955807510171.

    [trial 9] Sharpe=-0.0860 (folds: 0.0851, 0.6386, -0.3263, -0.4805, -0.3467)
  Optuna: 10 trials, best Sharpe = 0.0442
  Best params: n_estimators=116, max_depth=4, lr=0.0102, leaves=115
  Best confidence_threshold: 0.653
  Best training_days: 440
  Retrained on full data (1320 samples, 13 features)
  Model trained for 2022-05: 93 test candles with features, confidence_threshold=0.653
[predict] 2022-05-10 16:00 BCHUSDT → LONG (proba=0.66 TP=10.6%/SL=5.3%)
[trade:open] 2022-05-10 23:59 BCHUSDT LONG @ 231.49 | SL=219.28 TP=255.91 | timeout=2022-05-17 23:59
[trade:close] 2022-05-11 07:59 BCHUSDT LONG → stop_loss @ 219.28 | PnL=-5.28% (net -5.38%) | cum=-25.65% 2022-05=-5.38% 2022-05-11=-5.38%
[lgbm] === Training for 2022-06 ===
  Train window: 2020-06-01 → 2022-06-01
  2190 training samples from 1 symbols
  Samples per month: 2020-06: 90, 2020-07: 93, 2020-08: 93, 2020-09: 90, 2020-10: 93, 2020-11: 90, 2020-12: 93, 2021-01: 93, 2021-02: 84, 2021-03: 93, 2021-04: 90, 2021-05: 93, 2021-06: 90, 2021-07: 93, 2021-08: 93, 2021-09: 90, 2021-10: 93, 2021-11: 90, 2021-12: 93, 2022-01: 93, 2022-02: 84, 2022-03: 93, 2022-04: 90, 2022-05: 93
  [label] 2020-08-02 08:00 BCHUSDT entry=283.2200 → LONG | long=tp(+10.03%) short=sl(-5.16%) | scanned=12 | long_tp_only
  [label] 2020-08-04 08:00 BCHUSDT entry=289.9600 → LONG | long=tp(+9.56%) short=sl(-4.93%) | scanned=7 | long_tp_only
  [label] 2020-08-08 08:00 BCHUSDT entry=306.9300 → SHORT | long=sl(-4.98%) short=tp(+9.66%) | scanned=10 | short_tp_only
  [label] 2020-09-02 08:00 BCHUSDT entry=261.9000 → SHORT | long=sl(-4.31%) short=tp(+8.32%) | scanned=3 | short_tp_only
  [label] 2020-10-25 08:00 BCHUSDT entry=270.5500 → SHORT | long=sl(-2.96%) short=tp(+5.63%) | scanned=4 | short_tp_only
  [label] 2021-04-10 16:00 BCHUSDT entry=674.4300 → LONG | long=tp(+8.69%) short=sl(-4.50%) | scanned=8 | long_tp_only
  [label] 2021-04-15 00:00 BCHUSDT entry=823.3500 → LONG | long=tp(+8.73%) short=sl(-4.51%) | scanned=3 | long_tp_only
  [label] 2021-04-25 16:00 BCHUSDT entry=759.5600 → LONG | long=tp(+19.86%) short=sl(-10.08%) | scanned=7 | long_tp_only
  [label] 2021-06-10 00:00 BCHUSDT entry=616.0400 → SHORT | long=sl(-7.27%) short=timeout(-0.03%) | scanned=22 | no_tp→fwd_return=-0.0698
  [label] 2021-06-18 16:00 BCHUSDT entry=562.8200 → SHORT | long=sl(-5.53%) short=tp(+10.77%) | scanned=7 | short_tp_only
  [label] 2021-09-18 00:00 BCHUSDT entry=636.3800 → SHORT | long=sl(-3.78%) short=tp(+7.26%) | scanned=6 | short_tp_only
  [label] 2021-10-20 00:00 BCHUSDT entry=608.6300 → LONG | long=tp(+6.34%) short=sl(-3.32%) | scanned=2 | long_tp_only
  [label] 2021-11-05 08:00 BCHUSDT entry=595.0400 → LONG | long=sl(-3.33%) short=sl(-3.33%) | scanned=8 | no_tp→fwd_return=+2.9679
  [label] 2021-11-18 08:00 BCHUSDT entry=559.3000 → LONG | long=tp(+7.93%) short=sl(-4.11%) | scanned=18 | long_tp_only
  [label] 2021-12-07 00:00 BCHUSDT entry=465.2500 → SHORT | long=sl(-5.93%) short=sl(-5.93%) | scanned=11 | no_tp→fwd_return=-5.9108
  [label] 2021-12-13 08:00 BCHUSDT entry=429.5700 → SHORT | long=timeout(-1.89%) short=sl(-5.30%) | scanned=22 | no_tp→fwd_return=-1.7948
  [label] 2021-12-25 16:00 BCHUSDT entry=455.1000 → SHORT | long=sl(-2.99%) short=sl(-2.99%) | scanned=9 | no_tp→fwd_return=-3.6124
  [label] 2022-02-03 16:00 BCHUSDT entry=280.9800 → LONG | long=tp(+7.85%) short=sl(-4.07%) | scanned=3 | long_tp_only
  [label] 2022-02-13 16:00 BCHUSDT entry=333.5100 → SHORT | long=sl(-3.88%) short=tp(+7.46%) | scanned=14 | short_tp_only
  [label] 2022-05-11 08:00 BCHUSDT entry=213.1900 → SHORT | long=sl(-6.94%) short=tp(+13.58%) | scanned=1 | short_tp_only
  Labels: 1069 long (48.8%), 1121 short (51.2%) | weights: min=1.01, mean=2.38, max=10.00
  Features: 2190/2190 matched, 13 columns
  CV gap: 22 rows
    [trial 0] 13 features, training_days=230 | threshold=0.779 | labels: 1069 long, 1121 short (49/51%)
    [CV fold 0] train_end=2020-09-23 00:00 | val_start=2020-09-30 16:00 | gap=184h (22 rows)
    [CV fold 1] train_end=2021-01-22 16:00 | val_start=2021-01-30 08:00 | gap=184h (22 rows)
    [CV fold 2] train_end=2021-05-24 08:00 | val_start=2021-06-01 00:00 | gap=184h (22 rows)
    [CV fold 3] train_end=2021-09-23 00:00 | val_start=2021-09-30 16:00 | gap=184h (22 rows)
    [CV fold 4] train_end=2022-01-22 16:00 | val_start=2022-01-30 08:00 | gap=184h (22 rows)
    [trial 0] Sharpe=-0.1481 (folds: -0.0484, -0.0691, -0.3125, -0.0892, -0.2215)
    [trial 1] 13 features, training_days=410 | threshold=0.693 | labels: 1069 long, 1121 short (49/51%)
    [trial 1] Sharpe=-0.0880 (folds: 0.0626, -0.1730, -0.2307, -0.1089, 0.0099)
    [trial 2] 13 features, training_days=270 | threshold=0.546 | labels: 1069 long, 1121 short (49/51%)
    [trial 2] Sharpe=-0.0730 (folds: 0.0948, -0.0040, -0.0900, -0.1204, -0.2455)
    [trial 3] 13 features, training_days=270 | threshold=0.600 | labels: 1069 long, 1121 short (49/51%)
    [trial 3] Sharpe=-0.0587 (folds: -0.0241, 0.0362, -0.0575, -0.0370, -0.2113)
    [trial 4] 13 features, training_days=390 | threshold=0.764 | labels: 1069 long, 1121 short (49/51%)
    [trial 4] Sharpe=-0.0351 (folds: 0.1965, -0.0074, -0.0566, -0.1007, -0.2070)
    [trial 5] 13 features, training_days=60 | threshold=0.603 | labels: 1069 long, 1121 short (49/51%)
    [trial 5] Sharpe=0.0140 (folds: 0.0038, -0.0087, -0.0003, 0.0034, 0.0720)
    [trial 6] 13 features, training_days=290 | threshold=0.738 | labels: 1069 long, 1121 short (49/51%)
    [trial 6] Sharpe=-0.0485 (folds: 0.1401, -0.0671, -0.0469, -0.0678, -0.2008)
    [trial 7] 13 features, training_days=70 | threshold=0.564 | labels: 1069 long, 1121 short (49/51%)
    [trial 7] Sharpe=-0.0302 (folds: 0.0212, 0.0234, -0.2215, -0.0793, 0.1052)
    [trial 8] 13 features, training_days=440 | threshold=0.653 | labels: 1069 long, 1121 short (49/51%)
    [trial 8] Sharpe=-0.1028 (folds: 0.1175, 0.0015, -0.1882, -0.2792, -0.1658)
    [trial 9] 13 features, training_days=360 | threshold=0.728 | labels: 1069 long, 1121 short (49/51%)
    [trial 9] Sharpe=-2.1262 (folds: 0.0146, -0.0306, -0.2142, -0.4007, -10.0000)
  Optuna: 10 trials, best Sharpe = 0.0140
  Best params: n_estimators=441, max_depth=3, lr=0.0450, leaves=66
  Best confidence_threshold: 0.603
  Best training_days: 60
  Retrained on full data (180 samples, 13 features)
  Model trained for 2022-06: 90 test candles with features, confidence_threshold=0.603
[lgbm] === Training for 2022-07 ===
  Train window: 2020-07-01 → 2022-07-01
  2190 training samples from 1 symbols
  Samples per month: 2020-07: 93, 2020-08: 93, 2020-09: 90, 2020-10: 93, 2020-11: 90, 2020-12: 93, 2021-01: 93, 2021-02: 84, 2021-03: 93, 2021-04: 90, 2021-05: 93, 2021-06: 90, 2021-07: 93, 2021-08: 93, 2021-09: 90, 2021-10: 93, 2021-11: 90, 2021-12: 93, 2022-01: 93, 2022-02: 84, 2022-03: 93, 2022-04: 90, 2022-05: 93, 2022-06: 90
  [label] 2020-09-01 08:00 BCHUSDT entry=285.0400 → SHORT | long=sl(-3.22%) short=sl(-3.22%) | scanned=3 | no_tp→fwd_return=-8.1182
  [label] 2020-09-03 08:00 BCHUSDT entry=241.4300 → SHORT | long=sl(-4.99%) short=tp(+9.68%) | scanned=1 | short_tp_only
  [label] 2020-09-07 08:00 BCHUSDT entry=225.3800 → LONG | long=timeout(+1.08%) short=timeout(-1.28%) | scanned=22 | no_tp→fwd_return=+1.1758
  [label] 2020-10-02 08:00 BCHUSDT entry=217.4000 → LONG | long=tp(+6.07%) short=sl(-3.18%) | scanned=18 | long_tp_only
  [label] 2020-11-24 08:00 BCHUSDT entry=351.0500 → SHORT | long=sl(-4.78%) short=tp(+9.25%) | scanned=4 | short_tp_only
  [label] 2021-05-10 16:00 BCHUSDT entry=1321.0200 → LONG | long=tp(+17.46%) short=sl(-8.88%) | scanned=4 | long_tp_only
  [label] 2021-05-15 00:00 BCHUSDT entry=1242.0000 → SHORT | long=sl(-9.93%) short=tp(+19.55%) | scanned=6 | short_tp_only
  [label] 2021-05-25 16:00 BCHUSDT entry=717.9700 → SHORT | long=timeout(-3.88%) short=timeout(+3.68%) | scanned=22 | no_tp→fwd_return=-3.7773
  [label] 2021-07-10 00:00 BCHUSDT entry=494.9000 → SHORT | long=sl(-4.62%) short=tp(+8.95%) | scanned=12 | short_tp_only
  [label] 2021-07-18 16:00 BCHUSDT entry=437.7500 → SHORT | long=sl(-4.18%) short=tp(+8.06%) | scanned=4 | short_tp_only[I 2026-05-07 00:27:13,405] A new study created in memory with name: no-name-11d3f28b-997a-4891-9e7e-47f897d91a08
[I 2026-05-07 00:27:13,651] Trial 0 finished with value: -0.17715323024323415 and parameters: {'confidence_threshold': 0.7790993046299082, 'training_days': 230, 'n_estimators': 295, 'max_depth': 5, 'num_leaves': 83, 'learning_rate': 0.051543455158230854, 'subsample': 0.8773243492079463, 'min_child_samples': 10, 'reg_alpha': 0.034096514368237685, 'reg_lambda': 3.154180388637081e-05}. Best is trial 0 with value: -0.17715323024323415.
[I 2026-05-07 00:27:13,783] Trial 1 finished with value: -0.09190063158240454 and parameters: {'confidence_threshold': 0.6929247853618086, 'training_days': 410, 'n_estimators': 233, 'max_depth': 5, 'num_leaves': 108, 'learning_rate': 0.013724237108071606, 'subsample': 0.7013182233636002, 'min_child_samples': 94, 'reg_alpha': 2.4040959529260723e-06, 'reg_lambda': 5.320966582161148}. Best is trial 1 with value: -0.09190063158240454.
[I 2026-05-07 00:27:13,845] Trial 2 finished with value: -0.1381785592281932 and parameters: {'confidence_threshold': 0.546341527225763, 'training_days': 270, 'n_estimators': 120, 'max_depth': 4, 'num_leaves': 53, 'learning_rate': 0.060197068579343475, 'subsample': 0.588227873455941, 'min_child_samples': 91, 'reg_alpha': 2.3457771824819002e-08, 'reg_lambda': 1.1358840775642732e-08}. Best is trial 1 with value: -0.09190063158240454.
[I 2026-05-07 00:27:14,007] Trial 3 finished with value: -0.13751559793402296 and parameters: {'confidence_threshold': 0.6000319676300473, 'training_days': 270, 'n_estimators': 382, 'max_depth': 4, 'num_leaves': 44, 'learning_rate': 0.09185046765032388, 'subsample': 0.6743651508646724, 'min_child_samples': 77, 'reg_alpha': 0.0013974578104212739, 'reg_lambda': 8.97190257982477e-08}. Best is trial 1 with value: -0.09190063158240454.
[I 2026-05-07 00:27:14,336] Trial 4 finished with value: -0.1042647940424077 and parameters: {'confidence_threshold': 0.7642618789055509, 'training_days': 390, 'n_estimators': 464, 'max_depth': 5, 'num_leaves': 30, 'learning_rate': 0.024562383309704932, 'subsample': 0.8612975035964376, 'min_child_samples': 36, 'reg_alpha': 1.593999300080167, 'reg_lambda': 0.006081270362829788}. Best is trial 1 with value: -0.09190063158240454.
[I 2026-05-07 00:27:14,469] Trial 5 finished with value: 0.01904549441753382 and parameters: {'confidence_threshold': 0.6029115860358569, 'training_days': 60, 'n_estimators': 441, 'max_depth': 3, 'num_leaves': 66, 'learning_rate': 0.044953114425778824, 'subsample': 0.7098948461279406, 'min_child_samples': 15, 'reg_alpha': 4.888753565548431e-07, 'reg_lambda': 4.198190642566389}. Best is trial 5 with value: 0.01904549441753382.
[I 2026-05-07 00:27:14,684] Trial 6 finished with value: -0.10599289854635889 and parameters: {'confidence_threshold': 0.7376932868314098, 'training_days': 290, 'n_estimators': 249, 'max_depth': 5, 'num_leaves': 121, 'learning_rate': 0.015565840632862623, 'subsample': 0.8390183783709677, 'min_child_samples': 19, 'reg_alpha': 1.860444687368747e-08, 'reg_lambda': 2.7391483548058117e-06}. Best is trial 5 with value: 0.01904549441753382.
[I 2026-05-07 00:27:14,716] Trial 7 finished with value: 0.032119413294302276 and parameters: {'confidence_threshold': 0.563503962036334, 'training_days': 70, 'n_estimators': 63, 'max_depth': 3, 'num_leaves': 47, 'learning_rate': 0.18074927623018475, 'subsample': 0.5059692991701257, 'min_child_samples': 9, 'reg_alpha': 3.6945804405602874e-08, 'reg_lambda': 0.027706035542028905}. Best is trial 7 with value: 0.032119413294302276.
[I 2026-05-07 00:27:14,789] Trial 8 finished with value: 0.015630722685375055 and parameters: {'confidence_threshold': 0.6525471176758836, 'training_days': 440, 'n_estimators': 116, 'max_depth': 4, 'num_leaves': 115, 'learning_rate': 0.010229952960863938, 'subsample': 0.5062159465415076, 'min_child_samples': 54, 'reg_alpha': 6.790626457822126e-06, 'reg_lambda': 1.7869141074987722e-05}. Best is trial 7 with value: 0.032119413294302276.
[I 2026-05-07 00:27:14,866] Trial 9 finished with value: -0.19587008417454327 and parameters: {'confidence_threshold': 0.7277571993354469, 'training_days': 360, 'n_estimators': 75, 'max_depth': 5, 'num_leaves': 41, 'learning_rate': 0.014186743931212992, 'subsample': 0.7445187273047605, 'min_child_samples': 22, 'reg_alpha': 0.02393227447113315, 'reg_lambda': 0.009236766173618426}. Best is trial 7 with value: 0.032119413294302276.
[I 2026-05-07 00:27:15,024] A new study created in memory with name: no-name-8f08098d-c69a-49ac-a280-50c8b3462ecc

  [label] 2021-10-18 00:00 BCHUSDT entry=614.5000 → LONG | long=tp(+6.65%) short=sl(-3.47%) | scanned=10 | long_tp_only
  [label] 2021-11-19 00:00 BCHUSDT entry=556.0000 → LONG | long=tp(+7.90%) short=sl(-4.10%) | scanned=16 | long_tp_only
  [label] 2021-12-05 08:00 BCHUSDT entry=441.6400 → LONG | long=tp(+12.37%) short=sl(-6.33%) | scanned=6 | long_tp_only
  [label] 2021-12-18 08:00 BCHUSDT entry=435.2300 → LONG | long=timeout(+3.93%) short=sl(-4.39%) | scanned=22 | no_tp→fwd_return=+4.0346
  [label] 2022-01-06 00:00 BCHUSDT entry=394.6900 → SHORT | long=sl(-3.13%) short=tp(+5.96%) | scanned=8 | short_tp_only
  [label] 2022-01-12 08:00 BCHUSDT entry=381.2600 → SHORT | long=sl(-3.39%) short=sl(-3.39%) | scanned=20 | no_tp→fwd_return=-3.5461
  [label] 2022-01-24 16:00 BCHUSDT entry=292.2200 → SHORT | long=timeout(-2.68%) short=sl(-5.77%) | scanned=22 | no_tp→fwd_return=-2.5837
  [label] 2022-03-05 16:00 BCHUSDT entry=293.9600 → SHORT | long=sl(-4.21%) short=tp(+8.12%) | scanned=6 | short_tp_only
  [label] 2022-03-15 16:00 BCHUSDT entry=289.1400 → LONG | long=tp(+6.79%) short=sl(-3.55%) | scanned=10 | long_tp_only
  [label] 2022-06-10 08:00 BCHUSDT entry=170.7500 → SHORT | long=sl(-4.60%) short=tp(+8.89%) | scanned=3 | short_tp_only
  Labels: 1049 long (47.9%), 1141 short (52.1%) | weights: min=1.00, mean=2.41, max=10.00
  Features: 2190/2190 matched, 13 columns
  CV gap: 22 rows
    [trial 0] 13 features, training_days=230 | threshold=0.779 | labels: 1049 long, 1141 short (48/52%)
    [CV fold 0] train_end=2020-10-23 00:00 | val_start=2020-10-30 16:00 | gap=184h (22 rows)
    [CV fold 1] train_end=2021-02-21 16:00 | val_start=2021-03-01 08:00 | gap=184h (22 rows)
    [CV fold 2] train_end=2021-06-23 08:00 | val_start=2021-07-01 00:00 | gap=184h (22 rows)
    [CV fold 3] train_end=2021-10-23 00:00 | val_start=2021-10-30 16:00 | gap=184h (22 rows)
    [CV fold 4] train_end=2022-02-21 16:00 | val_start=2022-03-01 08:00 | gap=184h (22 rows)
    [trial 0] Sharpe=-0.1772 (folds: 0.1042, -0.2128, -0.0816, -0.2251, -0.4704)
    [trial 1] 13 features, training_days=410 | threshold=0.693 | labels: 1049 long, 1141 short (48/52%)
    [trial 1] Sharpe=-0.0919 (folds: 0.3353, -0.3559, -0.0431, -0.1575, -0.2383)
    [trial 2] 13 features, training_days=270 | threshold=0.546 | labels: 1049 long, 1141 short (48/52%)
    [trial 2] Sharpe=-0.1382 (folds: 0.1130, -0.2192, -0.1409, -0.0683, -0.3756)
    [trial 3] 13 features, training_days=270 | threshold=0.600 | labels: 1049 long, 1141 short (48/52%)
    [trial 3] Sharpe=-0.1375 (folds: 0.1052, -0.2591, -0.1220, -0.0537, -0.3580)
    [trial 4] 13 features, training_days=390 | threshold=0.764 | labels: 1049 long, 1141 short (48/52%)
    [trial 4] Sharpe=-0.1043 (folds: 0.2814, -0.1303, -0.0183, -0.2506, -0.4035)
    [trial 5] 13 features, training_days=60 | threshold=0.603 | labels: 1049 long, 1141 short (48/52%)
    [trial 5] Sharpe=0.0190 (folds: 0.0358, 0.1095, 0.1109, -0.2103, 0.0493)
    [trial 6] 13 features, training_days=290 | threshold=0.738 | labels: 1049 long, 1141 short (48/52%)
    [trial 6] Sharpe=-0.1060 (folds: 0.1952, -0.1779, 0.0681, -0.2019, -0.4135)
    [trial 7] 13 features, training_days=70 | threshold=0.564 | labels: 1049 long, 1141 short (48/52%)
    [trial 7] Sharpe=0.0321 (folds: 0.0496, 0.1624, 0.1509, -0.2412, 0.0389)
    [trial 8] 13 features, training_days=440 | threshold=0.653 | labels: 1049 long, 1141 short (48/52%)
    [trial 8] Sharpe=0.0156 (folds: 0.4213, -0.1041, -0.1645, -0.0545, -0.0200)
    [trial 9] 13 features, training_days=360 | threshold=0.728 | labels: 1049 long, 1141 short (48/52%)
    [trial 9] Sharpe=-0.1959 (folds: 0.3904, -0.2401, -0.0105, -0.1896, -0.9296)
  Optuna: 10 trials, best Sharpe = 0.0321
  Best params: n_estimators=63, max_depth=3, lr=0.1807, leaves=47
  Best confidence_threshold: 0.564
  Best training_days: 70
  Retrained on full data (210 samples, 13 features)
  Model trained for 2022-07: 93 test candles with features, confidence_threshold=0.564
[predict] 2022-07-23 08:00 BCHUSDT → SHORT (proba=1.00 TP=8.8%/SL=4.4%)
[trade:open] 2022-07-23 15:59 BCHUSDT SHORT @ 121.64 | SL=127.02 TP=110.88 | timeout=2022-07-30 15:59
[trade:close] 2022-07-24 07:59 BCHUSDT SHORT → stop_loss @ 127.02 | PnL=-4.42% (net -4.52%) | cum=-30.17% 2022-07=-4.52% 2022-07-24=-4.52%
[predict] 2022-07-25 16:00 BCHUSDT → SHORT (proba=0.94 TP=9.6%/SL=4.8%)
[trade:open] 2022-07-25 23:59 BCHUSDT SHORT @ 117.88 | SL=123.54 TP=106.55 | timeout=2022-08-01 23:59
[trade:close] 2022-07-27 23:59 BCHUSDT SHORT → stop_loss @ 123.54 | PnL=-4.80% (net -4.90%) | cum=-35.08% 2022-07=-9.43% 2022-07-27=-4.90%
[predict] 2022-07-29 08:00 BCHUSDT → SHORT (proba=1.00 TP=9.5%/SL=4.7%)
[trade:open] 2022-07-29 15:59 BCHUSDT SHORT @ 152.96 | SL=160.22 TP=138.44 | timeout=2022-08-05 15:59
[trade:close] 2022-07-31 23:59 BCHUSDT SHORT → take_profit @ 138.44 | PnL=+9.49% (net +9.39%) | cum=-25.69% 2022-07=-0.04% 2022-07-31=+9.39%
[lgbm] === Training for 2022-08 ===
  Train window: 2020-08-01 → 2022-08-01
  2190 training samples from 1 symbols
  Samples per month: 2020-08: 93, 2020-09: 90, 2020-10: 93, 2020-11: 90, 2020-12: 93, 2021-01: 93, 2021-02: 84, 2021-03: 93, 2021-04: 90, 2021-05: 93, 2021-06: 90, 2021-07: 93, 2021-08: 93, 2021-09: 90, 2021-10: 93, 2021-11: 90, 2021-12: 93, 2022-01: 93, 2022-02: 84, 2022-03: 93, 2022-04: 90, 2022-05: 93, 2022-06: 90, 2022-07: 93
  [label] 2020-10-02 08:00 BCHUSDT entry=217.4000 → LONG | long=tp(+6.07%) short=sl(-3.18%) | scanned=18 | long_tp_only
  [label] 2020-10-04 08:00 BCHUSDT entry=218.6400 → LONG | long=tp(+5.31%) short=sl(-2.80%) | scanned=7 | long_tp_only
  [label] 2020-10-08 08:00 BCHUSDT entry=235.4900 → LONG | long=tp(+5.43%) short=sl(-2.86%) | scanned=15 | long_tp_only
  [label] 2020-11-02 08:00 BCHUSDT entry=257.9200 → SHORT | long=sl(-3.19%) short=tp(+6.07%) | scanned=2 | short_tp_only
  [label] 2020-12-25 08:00 BCHUSDT entry=310.8600 → LONG | long=tp(+12.50%) short=sl(-6.40%) | scanned=6 | long_tp_only
  [label] 2021-06-10 16:00 BCHUSDT entry=601.3300 → LONG | long=sl(-7.15%) short=sl(-7.15%) | scanned=13 | no_tp→fwd_return=+7.5084
  [label] 2021-06-15 00:00 BCHUSDT entry=646.4800 → SHORT | long=sl(-5.47%) short=tp(+10.63%) | scanned=10 | short_tp_only
  [label] 2021-06-25 16:00 BCHUSDT entry=448.7400 → LONG | long=tp(+13.58%) short=sl(-6.94%) | scanned=8 | long_tp_only
  [label] 2021-08-10 00:00 BCHUSDT entry=589.5200 → LONG | long=tp(+6.74%) short=sl(-3.52%) | scanned=5 | long_tp_only
  [label] 2021-08-18 16:00 BCHUSDT entry=632.2100 → LONG | long=tp(+7.78%) short=sl(-4.04%) | scanned=6 | long_tp_only
  [label] 2021-11-18 00:00 BCHUSDT entry=582.8500 → LONG | long=sl(-3.85%) short=sl(-3.85%) | scanned=19 | no_tp→fwd_return=+2.9613
  [label] 2021-12-20 00:00 BCHUSDT entry=428.4600 → LONG | long=timeout(+5.09%) short=sl(-4.06%) | scanned=22 | no_tp→fwd_return=+5.1907
  [label] 2022-01-05 08:00 BCHUSDT entry=429.7000 → SHORT | long=sl(-2.57%) short=tp(+4.84%) | scanned=1 | short_tp_only
  [label] 2022-01-18 08:00 BCHUSDT entry=378.1600 → SHORT | long=sl(-2.93%) short=tp(+5.57%) | scanned=7 | short_tp_only
  [label] 2022-02-06 00:00 BCHUSDT entry=322.6700 → LONG | long=tp(+7.00%) short=sl(-3.65%) | scanned=6 | long_tp_only
  [label] 2022-02-12 08:00 BCHUSDT entry=319.0200 → LONG | long=tp(+7.80%) short=sl(-4.05%) | scanned=10 | long_tp_only
  [label] 2022-02-24 16:00 BCHUSDT entry=300.4400 → LONG | long=tp(+9.10%) short=sl(-4.70%) | scanned=4 | long_tp_only
  [label] 2022-04-05 16:00 BCHUSDT entry=365.0500 → SHORT | long=sl(-3.44%) short=tp(+6.59%) | scanned=2 | short_tp_only
  [label] 2022-04-15 16:00 BCHUSDT entry=340.6200 → SHORT | long=sl(-3.57%) short=tp(+6.85%) | scanned=7 | short_tp_only
  [label] 2022-07-11 08:00 BCHUSDT entry=103.7100 → SHORT | long=sl(-4.03%) short=tp(+7.76%) | scanned=6 | short_tp_only
  Labels: 1048 long (47.9%), 1142 short (52.1%) | weights: min=1.00, mean=2.44, max=10.00
  Features: 2190/2190 matched, 13 columns
  CV gap: 22 rows
    [trial 0] 13 features, training_days=230 | threshold=0.779 | labels: 1048 long, 1142 short (48/52%)
    [CV fold 0] train_end=2020-11-23 00:00 | val_start=2020-11-30 16:00 | gap=184h (22 rows)[I 2026-05-07 00:27:15,269] Trial 0 finished with value: -0.13863056179290545 and parameters: {'confidence_threshold': 0.7790993046299082, 'training_days': 230, 'n_estimators': 295, 'max_depth': 5, 'num_leaves': 83, 'learning_rate': 0.051543455158230854, 'subsample': 0.8773243492079463, 'min_child_samples': 10, 'reg_alpha': 0.034096514368237685, 'reg_lambda': 3.154180388637081e-05}. Best is trial 0 with value: -0.13863056179290545.
