[I 2026-05-07 00:28:27,337] Trial 1 finished with value: 0.7183288720478378 and parameters: {'confidence_threshold': 0.6929247853618086, 'training_days': 410, 'n_estimators': 233, 'max_depth': 5, 'num_leaves': 108, 'learning_rate': 0.013724237108071606, 'subsample': 0.7013182233636002, 'min_child_samples': 94, 'reg_alpha': 2.4040959529260723e-06, 'reg_lambda': 5.320966582161148}. Best is trial 1 with value: 0.7183288720478378.
[I 2026-05-07 00:28:27,402] Trial 2 finished with value: 0.026202596440829774 and parameters: {'confidence_threshold': 0.546341527225763, 'training_days': 270, 'n_estimators': 120, 'max_depth': 4, 'num_leaves': 53, 'learning_rate': 0.060197068579343475, 'subsample': 0.588227873455941, 'min_child_samples': 91, 'reg_alpha': 2.3457771824819002e-08, 'reg_lambda': 1.1358840775642732e-08}. Best is trial 1 with value: 0.7183288720478378.
[I 2026-05-07 00:28:27,574] Trial 3 finished with value: 0.008794113951892729 and parameters: {'confidence_threshold': 0.6000319676300473, 'training_days': 270, 'n_estimators': 382, 'max_depth': 4, 'num_leaves': 44, 'learning_rate': 0.09185046765032388, 'subsample': 0.6743651508646724, 'min_child_samples': 77, 'reg_alpha': 0.0013974578104212739, 'reg_lambda': 8.97190257982477e-08}. Best is trial 1 with value: 0.7183288720478378.
[I 2026-05-07 00:28:27,925] Trial 4 finished with value: -0.028764228370432153 and parameters: {'confidence_threshold': 0.7642618789055509, 'training_days': 390, 'n_estimators': 464, 'max_depth': 5, 'num_leaves': 30, 'learning_rate': 0.024562383309704932, 'subsample': 0.8612975035964376, 'min_child_samples': 36, 'reg_alpha': 1.593999300080167, 'reg_lambda': 0.006081270362829788}. Best is trial 1 with value: 0.7183288720478378.
[I 2026-05-07 00:28:28,058] Trial 5 finished with value: -0.06021322273980778 and parameters: {'confidence_threshold': 0.6029115860358569, 'training_days': 60, 'n_estimators': 441, 'max_depth': 3, 'num_leaves': 66, 'learning_rate': 0.044953114425778824, 'subsample': 0.7098948461279406, 'min_child_samples': 15, 'reg_alpha': 4.888753565548431e-07, 'reg_lambda': 4.198190642566389}. Best is trial 1 with value: 0.7183288720478378.
[I 2026-05-07 00:28:28,285] Trial 6 finished with value: -0.04325317504246453 and parameters: {'confidence_threshold': 0.7376932868314098, 'training_days': 290, 'n_estimators': 249, 'max_depth': 5, 'num_leaves': 121, 'learning_rate': 0.015565840632862623, 'subsample': 0.8390183783709677, 'min_child_samples': 19, 'reg_alpha': 1.860444687368747e-08, 'reg_lambda': 2.7391483548058117e-06}. Best is trial 1 with value: 0.7183288720478378.
[I 2026-05-07 00:28:28,325] Trial 7 finished with value: -0.0931146204552906 and parameters: {'confidence_threshold': 0.563503962036334, 'training_days': 70, 'n_estimators': 63, 'max_depth': 3, 'num_leaves': 47, 'learning_rate': 0.18074927623018475, 'subsample': 0.5059692991701257, 'min_child_samples': 9, 'reg_alpha': 3.6945804405602874e-08, 'reg_lambda': 0.027706035542028905}. Best is trial 1 with value: 0.7183288720478378.
[I 2026-05-07 00:28:28,409] Trial 8 finished with value: 0.11592990175121538 and parameters: {'confidence_threshold': 0.6525471176758836, 'training_days': 440, 'n_estimators': 116, 'max_depth': 4, 'num_leaves': 115, 'learning_rate': 0.010229952960863938, 'subsample': 0.5062159465415076, 'min_child_samples': 54, 'reg_alpha': 6.790626457822126e-06, 'reg_lambda': 1.7869141074987722e-05}. Best is trial 1 with value: 0.7183288720478378.
[I 2026-05-07 00:28:28,498] Trial 9 finished with value: 0.1905361154943394 and parameters: {'confidence_threshold': 0.7277571993354469, 'training_days': 360, 'n_estimators': 75, 'max_depth': 5, 'num_leaves': 41, 'learning_rate': 0.014186743931212992, 'subsample': 0.7445187273047605, 'min_child_samples': 22, 'reg_alpha': 0.02393227447113315, 'reg_lambda': 0.009236766173618426}. Best is trial 1 with value: 0.7183288720478378.

[lgbm] === Training for 2025-12 ===
  Train window: 2023-12-01 → 2025-12-01
  2193 training samples from 1 symbols
  Samples per month: 2023-12: 93, 2024-01: 93, 2024-02: 87, 2024-03: 93, 2024-04: 90, 2024-05: 93, 2024-06: 90, 2024-07: 93, 2024-08: 93, 2024-09: 90, 2024-10: 93, 2024-11: 90, 2024-12: 93, 2025-01: 93, 2025-02: 84, 2025-03: 93, 2025-04: 90, 2025-05: 93, 2025-06: 90, 2025-07: 93, 2025-08: 93, 2025-09: 90, 2025-10: 93, 2025-11: 90
  [label] 2024-02-01 08:00 BCHUSDT entry=235.4400 → LONG | long=timeout(+3.62%) short=sl(-2.52%) | scanned=22 | no_tp→fwd_return=+3.7207
  [label] 2024-02-03 16:00 BCHUSDT entry=240.7000 → LONG | long=sl(-2.27%) short=sl(-2.27%) | scanned=16 | no_tp→fwd_return=+2.8251
  [label] 2024-02-07 08:00 BCHUSDT entry=235.6200 → LONG | long=tp(+3.59%) short=sl(-1.95%) | scanned=3 | long_tp_only
  [label] 2024-03-03 08:00 BCHUSDT entry=473.0700 → SHORT | long=sl(-5.24%) short=tp(+10.17%) | scanned=7 | short_tp_only
  [label] 2024-04-25 08:00 BCHUSDT entry=478.0600 → SHORT | long=sl(-5.16%) short=tp(+10.02%) | scanned=15 | short_tp_only
  [label] 2024-10-10 08:00 BCHUSDT entry=324.3600 → LONG | long=tp(+4.76%) short=sl(-2.53%) | scanned=12 | long_tp_only
  [label] 2024-10-14 08:00 BCHUSDT entry=354.4900 → LONG | long=tp(+4.66%) short=sl(-2.48%) | scanned=2 | long_tp_only
  [label] 2024-10-25 00:00 BCHUSDT entry=366.0900 → SHORT | long=sl(-2.82%) short=tp(+5.33%) | scanned=2 | short_tp_only
  [label] 2024-12-09 08:00 BCHUSDT entry=596.2600 → SHORT | long=sl(-5.08%) short=tp(+9.86%) | scanned=1 | short_tp_only
  [label] 2024-12-18 00:00 BCHUSDT entry=520.7300 → SHORT | long=sl(-4.87%) short=tp(+9.45%) | scanned=2 | short_tp_only
  [label] 2025-03-19 16:00 BCHUSDT entry=345.0300 → SHORT | long=sl(-3.99%) short=timeout(+2.81%) | scanned=22 | no_tp→fwd_return=-2.9070
  [label] 2025-04-20 16:00 BCHUSDT entry=335.9500 → LONG | long=tp(+6.64%) short=sl(-3.47%) | scanned=5 | long_tp_only
  [label] 2025-05-07 00:00 BCHUSDT entry=372.8600 → LONG | long=sl(-3.23%) short=sl(-3.23%) | scanned=2 | no_tp→fwd_return=+2.8402
  [label] 2025-05-20 00:00 BCHUSDT entry=390.8300 → LONG | long=tp(+6.77%) short=sl(-3.54%) | scanned=6 | long_tp_only
  [label] 2025-06-07 16:00 BCHUSDT entry=409.0500 → LONG | long=tp(+5.36%) short=sl(-2.83%) | scanned=8 | long_tp_only
  [label] 2025-06-14 00:00 BCHUSDT entry=433.7500 → LONG | long=tp(+6.21%) short=sl(-3.26%) | scanned=4 | long_tp_only
  [label] 2025-06-26 08:00 BCHUSDT entry=491.1800 → LONG | long=tp(+7.01%) short=sl(-3.66%) | scanned=14 | long_tp_only
  [label] 2025-08-05 08:00 BCHUSDT entry=564.7000 → LONG | long=sl(-3.45%) short=sl(-3.45%) | scanned=6 | no_tp→fwd_return=+2.0737
  [label] 2025-08-15 08:00 BCHUSDT entry=583.2200 → SHORT | long=sl(-3.28%) short=tp(+6.26%) | scanned=15 | short_tp_only
  [label] 2025-11-10 08:00 BCHUSDT entry=512.3600 → SHORT | long=sl(-3.60%) short=sl(-3.60%) | scanned=10 | no_tp→fwd_return=-0.6597
  Labels: 1103 long (50.3%), 1090 short (49.7%) | weights: min=1.01, mean=4.19, max=10.00
  Features: 2193/2193 matched, 13 columns
  CV gap: 22 rows
    [trial 0] 13 features, training_days=230 | threshold=0.779 | labels: 1103 long, 1090 short (50/50%)
    [CV fold 0] train_end=2024-03-25 00:00 | val_start=2024-04-01 16:00 | gap=184h (22 rows)
    [CV fold 1] train_end=2024-07-24 16:00 | val_start=2024-08-01 08:00 | gap=184h (22 rows)
    [CV fold 2] train_end=2024-11-23 08:00 | val_start=2024-12-01 00:00 | gap=184h (22 rows)
    [CV fold 3] train_end=2025-03-25 00:00 | val_start=2025-04-01 16:00 | gap=184h (22 rows)
    [CV fold 4] train_end=2025-07-24 16:00 | val_start=2025-08-01 08:00 | gap=184h (22 rows)
    [trial 0] Sharpe=-0.0223 (folds: 0.0130, -0.2481, -0.1366, -0.0427, 0.3028)
    [trial 1] 13 features, training_days=410 | threshold=0.693 | labels: 1103 long, 1090 short (50/50%)
    [trial 1] Sharpe=0.7183 (folds: 2.9916, -0.0658, -0.5069, 0.8875, 0.2852)
    [trial 2] 13 features, training_days=270 | threshold=0.546 | labels: 1103 long, 1090 short (50/50%)
    [trial 2] Sharpe=0.0262 (folds: 0.1384, -0.2747, -0.0484, 0.0864, 0.2293)
    [trial 3] 13 features, training_days=270 | threshold=0.600 | labels: 1103 long, 1090 short (50/50%)
    [trial 3] Sharpe=0.0088 (folds: 0.0600, -0.2222, -0.0294, -0.0039, 0.2395)
    [trial 4] 13 features, training_days=390 | threshold=0.764 | labels: 1103 long, 1090 short (50/50%)
    [trial 4] Sharpe=-0.0288 (folds: 0.0735, -0.2613, -0.3116, 0.0673, 0.2883)
    [trial 5] 13 features, training_days=60 | threshold=0.603 | labels: 1103 long, 1090 short (50/50%)
    [trial 5] Sharpe=-0.0602 (folds: -0.1315, 0.0718, -0.3503, -0.0825, 0.1914)
    [trial 6] 13 features, training_days=290 | threshold=0.738 | labels: 1103 long, 1090 short (50/50%)
    [trial 6] Sharpe=-0.0433 (folds: -0.0318, -0.1670, -0.3808, 0.0297, 0.3337)
    [trial 7] 13 features, training_days=70 | threshold=0.564 | labels: 1103 long, 1090 short (50/50%)
    [trial 7] Sharpe=-0.0931 (folds: -0.1785, -0.0992, -0.3192, -0.0645, 0.1958)
    [trial 8] 13 features, training_days=440 | threshold=0.653 | labels: 1103 long, 1090 short (50/50%)
    [trial 8] Sharpe=0.1159 (folds: 0.1573, -0.1695, -0.4072, 0.6360, 0.3631)
    [trial 9] 13 features, training_days=360 | threshold=0.728 | labels: 1103 long, 1090 short (50/50%)
    [trial 9] Sharpe=0.1905 (folds: -0.0621, -0.1768, -0.2734, 0.2294, 1.2355)
  Optuna: 10 trials, best Sharpe = 0.7183
  Best params: n_estimators=233, max_depth=5, lr=0.0137, leaves=108
  Best confidence_threshold: 0.693
  Best training_days: 410
  Retrained on full data (1230 samples, 13 features)
  Model trained for 2025-12: 93 test candles with features, confidence_threshold=0.693
[lgbm] === Training for 2026-01 ===
  Train window: 2024-01-01 → 2026-01-01
  2193 training samples from 1 symbols
  Samples per month: 2024-01: 93, 2024-02: 87, 2024-03: 93, 2024-04: 90, 2024-05: 93, 2024-06: 90, 2024-07: 93, 2024-08: 93, 2024-09: 90, 2024-10: 93, 2024-11: 90, 2024-12: 93, 2025-01: 93, 2025-02: 84, 2025-03: 93, 2025-04: 90, 2025-05: 93, 2025-06: 90, 2025-07: 93, 2025-08: 93, 2025-09: 90, 2025-10: 93, 2025-11: 90, 2025-12: 93
  [label] 2024-03-03 08:00 BCHUSDT entry=473.0700 → SHORT | long=sl(-5.24%) short=tp(+10.17%) | scanned=7 | short_tp_only
  [label] 2024-03-05 16:00 BCHUSDT entry=400.8900 → LONG | long=timeout(+8.21%) short=sl(-7.80%) | scanned=22 | no_tp→fwd_return=+8.3065
  [label] 2024-03-09 08:00 BCHUSDT entry=430.7400 → LONG | long=sl(-6.50%) short=sl(-6.50%) | scanned=15 | no_tp→fwd_return=+0.6036
  [label] 2024-04-03 08:00 BCHUSDT entry=591.9600 → LONG | long=tp(+11.68%) short=sl(-5.99%) | scanned=2 | long_tp_only
  [label] 2024-05-26 08:00 BCHUSDT entry=484.9500 → SHORT | long=sl(-3.18%) short=sl(-3.18%) | scanned=5 | no_tp→fwd_return=-4.5469
  [label] 2024-11-10 08:00 BCHUSDT entry=439.1100 → LONG | long=sl(-3.69%) short=sl(-3.69%) | scanned=4 | no_tp→fwd_return=+7.6496
  [label] 2024-11-14 08:00 BCHUSDT entry=419.3200 → LONG | long=tp(+10.75%) short=sl(-5.53%) | scanned=6 | long_tp_only
  [label] 2024-11-25 00:00 BCHUSDT entry=511.2600 → LONG | long=sl(-5.76%) short=sl(-5.76%) | scanned=16 | no_tp→fwd_return=+3.5755
  [label] 2025-01-09 08:00 BCHUSDT entry=429.4300 → LONG | long=sl(-3.66%) short=sl(-3.66%) | scanned=3 | no_tp→fwd_return=+2.5569
  [label] 2025-01-18 00:00 BCHUSDT entry=463.7000 → SHORT | long=sl(-3.69%) short=tp(+7.09%) | scanned=5 | short_tp_only
  [label] 2025-04-19 16:00 BCHUSDT entry=335.1600 → LONG | long=tp(+7.10%) short=sl(-3.70%) | scanned=8 | long_tp_only
  [label] 2025-05-21 16:00 BCHUSDT entry=406.7800 → LONG | long=tp(+6.47%) short=sl(-3.39%) | scanned=2 | long_tp_only
  [label] 2025-06-07 00:00 BCHUSDT entry=406.2900 → LONG | long=tp(+5.61%) short=sl(-2.95%) | scanned=8 | long_tp_only
  [label] 2025-06-20 00:00 BCHUSDT entry=490.0700 → SHORT | long=sl(-3.39%) short=tp(+6.47%) | scanned=5 | short_tp_only
  [label] 2025-07-08 16:00 BCHUSDT entry=500.7300 → LONG | long=tp(+4.87%) short=sl(-2.58%) | scanned=7 | long_tp_only
  [label] 2025-07-15 00:00 BCHUSDT entry=487.3800 → LONG | long=tp(+5.62%) short=sl(-2.96%) | scanned=9 | long_tp_only[I 2026-05-07 00:28:28,770] A new study created in memory with name: no-name-c4a20808-5fb7-4eb0-bfaf-8577c421f24d
[I 2026-05-07 00:28:29,003] Trial 0 finished with value: -0.04761595276938706 and parameters: {'confidence_threshold': 0.7790993046299082, 'training_days': 230, 'n_estimators': 295, 'max_depth': 5, 'num_leaves': 83, 'learning_rate': 0.051543455158230854, 'subsample': 0.8773243492079463, 'min_child_samples': 10, 'reg_alpha': 0.034096514368237685, 'reg_lambda': 3.154180388637081e-05}. Best is trial 0 with value: -0.04761595276938706.
[I 2026-05-07 00:28:29,131] Trial 1 finished with value: 0.06524665509099638 and parameters: {'confidence_threshold': 0.6929247853618086, 'training_days': 410, 'n_estimators': 233, 'max_depth': 5, 'num_leaves': 108, 'learning_rate': 0.013724237108071606, 'subsample': 0.7013182233636002, 'min_child_samples': 94, 'reg_alpha': 2.4040959529260723e-06, 'reg_lambda': 5.320966582161148}. Best is trial 1 with value: 0.06524665509099638.
[I 2026-05-07 00:28:29,198] Trial 2 finished with value: 0.025572554544397535 and parameters: {'confidence_threshold': 0.546341527225763, 'training_days': 270, 'n_estimators': 120, 'max_depth': 4, 'num_leaves': 53, 'learning_rate': 0.060197068579343475, 'subsample': 0.588227873455941, 'min_child_samples': 91, 'reg_alpha': 2.3457771824819002e-08, 'reg_lambda': 1.1358840775642732e-08}. Best is trial 1 with value: 0.06524665509099638.
[I 2026-05-07 00:28:29,381] Trial 3 finished with value: 0.01323601918890958 and parameters: {'confidence_threshold': 0.6000319676300473, 'training_days': 270, 'n_estimators': 382, 'max_depth': 4, 'num_leaves': 44, 'learning_rate': 0.09185046765032388, 'subsample': 0.6743651508646724, 'min_child_samples': 77, 'reg_alpha': 0.0013974578104212739, 'reg_lambda': 8.97190257982477e-08}. Best is trial 1 with value: 0.06524665509099638.
[I 2026-05-07 00:28:29,737] Trial 4 finished with value: 0.030922290023594635 and parameters: {'confidence_threshold': 0.7642618789055509, 'training_days': 390, 'n_estimators': 464, 'max_depth': 5, 'num_leaves': 30, 'learning_rate': 0.024562383309704932, 'subsample': 0.8612975035964376, 'min_child_samples': 36, 'reg_alpha': 1.593999300080167, 'reg_lambda': 0.006081270362829788}. Best is trial 1 with value: 0.06524665509099638.
[I 2026-05-07 00:28:29,877] Trial 5 finished with value: 0.041487283778802654 and parameters: {'confidence_threshold': 0.6029115860358569, 'training_days': 60, 'n_estimators': 441, 'max_depth': 3, 'num_leaves': 66, 'learning_rate': 0.044953114425778824, 'subsample': 0.7098948461279406, 'min_child_samples': 15, 'reg_alpha': 4.888753565548431e-07, 'reg_lambda': 4.198190642566389}. Best is trial 1 with value: 0.06524665509099638.
[I 2026-05-07 00:28:30,079] Trial 6 finished with value: 0.027196583589269907 and parameters: {'confidence_threshold': 0.7376932868314098, 'training_days': 290, 'n_estimators': 249, 'max_depth': 5, 'num_leaves': 121, 'learning_rate': 0.015565840632862623, 'subsample': 0.8390183783709677, 'min_child_samples': 19, 'reg_alpha': 1.860444687368747e-08, 'reg_lambda': 2.7391483548058117e-06}. Best is trial 1 with value: 0.06524665509099638.
[I 2026-05-07 00:28:30,112] Trial 7 finished with value: -0.014716614083640509 and parameters: {'confidence_threshold': 0.563503962036334, 'training_days': 70, 'n_estimators': 63, 'max_depth': 3, 'num_leaves': 47, 'learning_rate': 0.18074927623018475, 'subsample': 0.5059692991701257, 'min_child_samples': 9, 'reg_alpha': 3.6945804405602874e-08, 'reg_lambda': 0.027706035542028905}. Best is trial 1 with value: 0.06524665509099638.
[I 2026-05-07 00:28:30,191] Trial 8 finished with value: 0.30913660256673664 and parameters: {'confidence_threshold': 0.6525471176758836, 'training_days': 440, 'n_estimators': 116, 'max_depth': 4, 'num_leaves': 115, 'learning_rate': 0.010229952960863938, 'subsample': 0.5062159465415076, 'min_child_samples': 54, 'reg_alpha': 6.790626457822126e-06, 'reg_lambda': 1.7869141074987722e-05}. Best is trial 8 with value: 0.30913660256673664.
[I 2026-05-07 00:28:30,270] Trial 9 finished with value: -1.9201748070927915 and parameters: {'confidence_threshold': 0.7277571993354469, 'training_days': 360, 'n_estimators': 75, 'max_depth': 5, 'num_leaves': 41, 'learning_rate': 0.014186743931212992, 'subsample': 0.7445187273047605, 'min_child_samples': 22, 'reg_alpha': 0.02393227447113315, 'reg_lambda': 0.009236766173618426}. Best is trial 8 with value: 0.30913660256673664.
[I 2026-05-07 00:28:30,551] A new study created in memory with name: no-name-831b7be0-a5c0-4eed-a88b-b45e78404f46
[I 2026-05-07 00:28:30,826] Trial 0 finished with value: 0.014699275658437433 and parameters: {'confidence_threshold': 0.7790993046299082, 'training_days': 230, 'n_estimators': 295, 'max_depth': 5, 'num_leaves': 83, 'learning_rate': 0.051543455158230854, 'subsample': 0.8773243492079463, 'min_child_samples': 10, 'reg_alpha': 0.034096514368237685, 'reg_lambda': 3.154180388637081e-05}. Best is trial 0 with value: 0.014699275658437433.
[I 2026-05-07 00:28:30,978] Trial 1 finished with value: -0.17568845319823456 and parameters: {'confidence_threshold': 0.6929247853618086, 'training_days': 410, 'n_estimators': 233, 'max_depth': 5, 'num_leaves': 108, 'learning_rate': 0.013724237108071606, 'subsample': 0.7013182233636002, 'min_child_samples': 94, 'reg_alpha': 2.4040959529260723e-06, 'reg_lambda': 5.320966582161148}. Best is trial 0 with value: 0.014699275658437433.
[I 2026-05-07 00:28:31,045] Trial 2 finished with value: 0.0108725775481606 and parameters: {'confidence_threshold': 0.546341527225763, 'training_days': 270, 'n_estimators': 120, 'max_depth': 4, 'num_leaves': 53, 'learning_rate': 0.060197068579343475, 'subsample': 0.588227873455941, 'min_child_samples': 91, 'reg_alpha': 2.3457771824819002e-08, 'reg_lambda': 1.1358840775642732e-08}. Best is trial 0 with value: 0.014699275658437433.
[I 2026-05-07 00:28:31,237] Trial 3 finished with value: 0.03506115596373959 and parameters: {'confidence_threshold': 0.6000319676300473, 'training_days': 270, 'n_estimators': 382, 'max_depth': 4, 'num_leaves': 44, 'learning_rate': 0.09185046765032388, 'subsample': 0.6743651508646724, 'min_child_samples': 77, 'reg_alpha': 0.0013974578104212739, 'reg_lambda': 8.97190257982477e-08}. Best is trial 3 with value: 0.03506115596373959.
[I 2026-05-07 00:28:31,570] Trial 4 finished with value: 0.03312108298512614 and parameters: {'confidence_threshold': 0.7642618789055509, 'training_days': 390, 'n_estimators': 464, 'max_depth': 5, 'num_leaves': 30, 'learning_rate': 0.024562383309704932, 'subsample': 0.8612975035964376, 'min_child_samples': 36, 'reg_alpha': 1.593999300080167, 'reg_lambda': 0.006081270362829788}. Best is trial 3 with value: 0.03506115596373959.
[I 2026-05-07 00:28:31,713] Trial 5 finished with value: 0.054207563125459844 and parameters: {'confidence_threshold': 0.6029115860358569, 'training_days': 60, 'n_estimators': 441, 'max_depth': 3, 'num_leaves': 66, 'learning_rate': 0.044953114425778824, 'subsample': 0.7098948461279406, 'min_child_samples': 15, 'reg_alpha': 4.888753565548431e-07, 'reg_lambda': 4.198190642566389}. Best is trial 5 with value: 0.054207563125459844.
