[I 2026-05-07 00:30:44,341] Trial 9 finished with value: -1.943288582741467 and parameters: {'confidence_threshold': 0.7277571993354469, 'training_days': 360, 'n_estimators': 75, 'max_depth': 5, 'num_leaves': 41, 'learning_rate': 0.014186743931212992, 'subsample': 0.7445187273047605, 'min_child_samples': 22, 'reg_alpha': 0.02393227447113315, 'reg_lambda': 0.009236766173618426}. Best is trial 8 with value: 0.35382548864905805.

    [trial 9] Sharpe=0.0553 (folds: 0.1600, -0.4293, 0.2515, 0.2299, 0.0644)
  Optuna: 10 trials, best Sharpe = 0.1045
  Best params: n_estimators=382, max_depth=4, lr=0.0919, leaves=44
  Best confidence_threshold: 0.600
  Best training_days: 270
  Retrained on full data (810 samples, 13 features)
  Model trained for 2025-07: 93 test candles with features, confidence_threshold=0.600
[predict] 2025-07-17 00:00 TRXUSDT → SHORT (proba=0.97 TP=2.5%/SL=1.2%)
[trade:open] 2025-07-17 07:59 TRXUSDT SHORT @ 0.31 | SL=0.32 TP=0.30 | timeout=2025-07-24 07:59
[trade:close] 2025-07-17 15:59 TRXUSDT SHORT → stop_loss @ 0.32 | PnL=-1.24% (net -1.34%) | cum=-15.51% 2025-07=-1.34% 2025-07-17=-1.34%
[predict] 2025-07-20 16:00 TRXUSDT → LONG (proba=0.63 TP=3.3%/SL=1.7%)
[trade:open] 2025-07-20 23:59 TRXUSDT LONG @ 0.31 | SL=0.31 TP=0.32 | timeout=2025-07-27 23:59
[trade:close] 2025-07-22 07:59 TRXUSDT LONG → stop_loss @ 0.31 | PnL=-1.67% (net -1.77%) | cum=-17.28% 2025-07=-3.11% 2025-07-22=-1.77%
[predict] 2025-07-23 16:00 TRXUSDT → LONG (proba=1.00 TP=3.7%/SL=1.8%)
[trade:open] 2025-07-23 23:59 TRXUSDT LONG @ 0.31 | SL=0.30 TP=0.32 | timeout=2025-07-30 23:59
[trade:close] 2025-07-24 07:59 TRXUSDT LONG → stop_loss @ 0.30 | PnL=-1.84% (net -1.94%) | cum=-19.22% 2025-07=-5.05% 2025-07-24=-1.94%
[lgbm] === Training for 2025-08 ===
  Train window: 2023-08-01 → 2025-08-01
  2193 training samples from 1 symbols
  Samples per month: 2023-08: 93, 2023-09: 90, 2023-10: 93, 2023-11: 90, 2023-12: 93, 2024-01: 93, 2024-02: 87, 2024-03: 93, 2024-04: 90, 2024-05: 93, 2024-06: 90, 2024-07: 93, 2024-08: 93, 2024-09: 90, 2024-10: 93, 2024-11: 90, 2024-12: 93, 2025-01: 93, 2025-02: 84, 2025-03: 93, 2025-04: 90, 2025-05: 93, 2025-06: 90, 2025-07: 93
  [label] 2023-10-02 08:00 TRXUSDT entry=0.0883 → LONG | long=sl(-1.24%) short=sl(-1.24%) | scanned=4 | no_tp→fwd_return=+2.5243
  [label] 2023-10-04 16:00 TRXUSDT entry=0.0888 → SHORT | long=sl(-1.44%) short=tp(+2.58%) | scanned=5 | short_tp_only
  [label] 2023-10-08 08:00 TRXUSDT entry=0.0879 → SHORT | long=sl(-1.38%) short=tp(+2.46%) | scanned=3 | short_tp_only
  [label] 2023-11-02 08:00 TRXUSDT entry=0.0991 → SHORT | long=sl(-1.43%) short=tp(+2.55%) | scanned=11 | short_tp_only
  [label] 2023-12-25 08:00 TRXUSDT entry=0.1077 → SHORT | long=sl(-1.51%) short=tp(+2.71%) | scanned=2 | short_tp_only
  [label] 2024-06-10 08:00 TRXUSDT entry=0.1172 → SHORT | long=sl(-1.30%) short=timeout(-0.01%) | scanned=22 | no_tp→fwd_return=-0.0853
  [label] 2024-06-14 08:00 TRXUSDT entry=0.1166 → LONG | long=sl(-1.28%) short=sl(-1.28%) | scanned=8 | no_tp→fwd_return=+1.0209
  [label] 2024-06-25 00:00 TRXUSDT entry=0.1208 → LONG | long=tp(+2.11%) short=sl(-1.21%) | scanned=3 | long_tp_only
  [label] 2024-08-09 08:00 TRXUSDT entry=0.1266 → LONG | long=tp(+3.03%) short=sl(-1.67%) | scanned=15 | long_tp_only
  [label] 2024-08-18 00:00 TRXUSDT entry=0.1334 → LONG | long=tp(+2.31%) short=sl(-1.30%) | scanned=4 | long_tp_only
  [label] 2024-11-17 16:00 TRXUSDT entry=0.1996 → SHORT | long=sl(-2.93%) short=sl(-2.93%) | scanned=9 | no_tp→fwd_return=-2.4646
  [label] 2024-12-19 16:00 TRXUSDT entry=0.2509 → LONG | long=sl(-6.13%) short=timeout(-1.22%) | scanned=22 | no_tp→fwd_return=+1.1239
  [label] 2025-01-05 00:00 TRXUSDT entry=0.2660 → SHORT | long=sl(-2.40%) short=tp(+4.50%) | scanned=8 | short_tp_only
  [label] 2025-01-18 00:00 TRXUSDT entry=0.2411 → SHORT | long=sl(-3.03%) short=tp(+5.76%) | scanned=5 | short_tp_only
  [label] 2025-02-05 16:00 TRXUSDT entry=0.2223 → LONG | long=tp(+6.81%) short=sl(-3.55%) | scanned=14 | long_tp_only
  [label] 2025-02-12 00:00 TRXUSDT entry=0.2393 → LONG | long=sl(-2.78%) short=sl(-2.78%) | scanned=15 | no_tp→fwd_return=+2.1022
  [label] 2025-02-24 08:00 TRXUSDT entry=0.2459 → SHORT | long=sl(-2.15%) short=tp(+4.00%) | scanned=2 | short_tp_only
  [label] 2025-04-05 08:00 TRXUSDT entry=0.2377 → SHORT | long=sl(-1.84%) short=tp(+3.39%) | scanned=4 | short_tp_only
  [label] 2025-04-15 08:00 TRXUSDT entry=0.2470 → SHORT | long=sl(-2.03%) short=sl(-2.03%) | scanned=10 | no_tp→fwd_return=-2.9759
  [label] 2025-07-11 08:00 TRXUSDT entry=0.2985 → LONG | long=tp(+1.89%) short=sl(-1.10%) | scanned=2 | long_tp_only
  Labels: 1251 long (57.0%), 942 short (43.0%) | weights: min=1.00, mean=2.60, max=10.00
  Features: 2193/2193 matched, 13 columns
  CV gap: 22 rows
    [trial 0] 13 features, training_days=230 | threshold=0.779 | labels: 1251 long, 942 short (57/43%)
    [CV fold 0] train_end=2023-11-24 00:00 | val_start=2023-12-01 16:00 | gap=184h (22 rows)
    [CV fold 1] train_end=2024-03-24 16:00 | val_start=2024-04-01 08:00 | gap=184h (22 rows)
    [CV fold 2] train_end=2024-07-24 08:00 | val_start=2024-08-01 00:00 | gap=184h (22 rows)
    [CV fold 3] train_end=2024-11-23 00:00 | val_start=2024-11-30 16:00 | gap=184h (22 rows)
    [CV fold 4] train_end=2025-03-24 16:00 | val_start=2025-04-01 08:00 | gap=184h (22 rows)
    [trial 0] Sharpe=-0.0209 (folds: -0.0866, 0.1261, 0.0950, -0.0345, -0.2046)
    [trial 1] 13 features, training_days=410 | threshold=0.693 | labels: 1251 long, 942 short (57/43%)
    [trial 1] Sharpe=0.0606 (folds: -0.0024, 0.0688, 0.3556, -0.0618, -0.0574)
    [trial 2] 13 features, training_days=270 | threshold=0.546 | labels: 1251 long, 942 short (57/43%)
    [trial 2] Sharpe=-0.0348 (folds: 0.0843, -0.0840, 0.1000, -0.0947, -0.1797)
    [trial 3] 13 features, training_days=270 | threshold=0.600 | labels: 1251 long, 942 short (57/43%)
    [trial 3] Sharpe=-0.0286 (folds: -0.0707, 0.0015, 0.0387, -0.0576, -0.0549)
    [trial 4] 13 features, training_days=390 | threshold=0.764 | labels: 1251 long, 942 short (57/43%)
    [trial 4] Sharpe=0.0833 (folds: -0.0778, 0.0159, 0.2687, -0.0636, 0.2736)
    [trial 5] 13 features, training_days=60 | threshold=0.603 | labels: 1251 long, 942 short (57/43%)
    [trial 5] Sharpe=0.0312 (folds: 0.0315, 0.1182, 0.1691, -0.0630, -0.0999)
    [trial 6] 13 features, training_days=290 | threshold=0.738 | labels: 1251 long, 942 short (57/43%)
    [trial 6] Sharpe=-2.0128 (folds: -0.2553, 0.0982, 0.1395, -0.0466, -10.0000)
    [trial 7] 13 features, training_days=70 | threshold=0.564 | labels: 1251 long, 942 short (57/43%)
    [trial 7] Sharpe=0.0145 (folds: 0.0625, 0.1208, 0.1092, -0.0287, -0.1913)
    [trial 8] 13 features, training_days=440 | threshold=0.653 | labels: 1251 long, 942 short (57/43%)
    [trial 8] Sharpe=0.3538 (folds: 0.1269, 0.3791, 0.4397, -0.0096, 0.8330)
    [trial 9] 13 features, training_days=360 | threshold=0.728 | labels: 1251 long, 942 short (57/43%)
    [trial 9] Sharpe=-1.9433 (folds: -0.9468, 0.5352, 0.2984, 0.3967, -10.0000)
  Optuna: 10 trials, best Sharpe = 0.3538
  Best params: n_estimators=116, max_depth=4, lr=0.0102, leaves=115
  Best confidence_threshold: 0.653
  Best training_days: 440
  Retrained on full data (1320 samples, 13 features)
  Model trained for 2025-08: 93 test candles with features, confidence_threshold=0.653
[predict] 2025-08-29 00:00 TRXUSDT → LONG (proba=0.70 TP=3.3%/SL=1.6%)
[trade:open] 2025-08-29 07:59 TRXUSDT LONG @ 0.34 | SL=0.34 TP=0.35 | timeout=2025-09-05 07:59
[trade:close] 2025-08-29 15:59 TRXUSDT LONG → stop_loss @ 0.34 | PnL=-1.64% (net -1.74%) | cum=-20.96% 2025-08=-1.74% 2025-08-29=-1.74%
[predict] 2025-08-31 00:00 TRXUSDT → LONG (proba=0.69 TP=3.1%/SL=1.5%)
[trade:open] 2025-08-31 07:59 TRXUSDT LONG @ 0.34 | SL=0.34 TP=0.35 | timeout=2025-09-07 07:59
[trade:close] 2025-09-01 07:59 TRXUSDT LONG → stop_loss @ 0.34 | PnL=-1.54% (net -1.64%) | cum=-22.61% 2025-09=-1.64% 2025-09-01=-1.64%
[lgbm] === Training for 2025-09 ===
  Train window: 2023-09-01 → 2025-09-01
  2193 training samples from 1 symbols
  Samples per month: 2023-09: 90, 2023-10: 93, 2023-11: 90, 2023-12: 93, 2024-01: 93, 2024-02: 87, 2024-03: 93, 2024-04: 90, 2024-05: 93, 2024-06: 90, 2024-07: 93, 2024-08: 93, 2024-09: 90, 2024-10: 93, 2024-11: 90, 2024-12: 93, 2025-01: 93, 2025-02: 84, 2025-03: 93, 2025-04: 90, 2025-05: 93, 2025-06: 90, 2025-07: 93, 2025-08: 93
  [label] 2023-11-02 08:00 TRXUSDT entry=0.0991 → SHORT | long=sl(-1.43%) short=tp(+2.55%) | scanned=11 | short_tp_only[I 2026-05-07 00:30:44,722] A new study created in memory with name: no-name-0126781e-39a9-4787-9443-b92c62a2371c
[I 2026-05-07 00:30:45,003] Trial 0 finished with value: -0.025929463897150368 and parameters: {'confidence_threshold': 0.7790993046299082, 'training_days': 230, 'n_estimators': 295, 'max_depth': 5, 'num_leaves': 83, 'learning_rate': 0.051543455158230854, 'subsample': 0.8773243492079463, 'min_child_samples': 10, 'reg_alpha': 0.034096514368237685, 'reg_lambda': 3.154180388637081e-05}. Best is trial 0 with value: -0.025929463897150368.
[I 2026-05-07 00:30:45,154] Trial 1 finished with value: -0.07328311736710327 and parameters: {'confidence_threshold': 0.6929247853618086, 'training_days': 410, 'n_estimators': 233, 'max_depth': 5, 'num_leaves': 108, 'learning_rate': 0.013724237108071606, 'subsample': 0.7013182233636002, 'min_child_samples': 94, 'reg_alpha': 2.4040959529260723e-06, 'reg_lambda': 5.320966582161148}. Best is trial 0 with value: -0.025929463897150368.
[I 2026-05-07 00:30:45,226] Trial 2 finished with value: -0.034743673545705456 and parameters: {'confidence_threshold': 0.546341527225763, 'training_days': 270, 'n_estimators': 120, 'max_depth': 4, 'num_leaves': 53, 'learning_rate': 0.060197068579343475, 'subsample': 0.588227873455941, 'min_child_samples': 91, 'reg_alpha': 2.3457771824819002e-08, 'reg_lambda': 1.1358840775642732e-08}. Best is trial 0 with value: -0.025929463897150368.
[I 2026-05-07 00:30:45,420] Trial 3 finished with value: -0.06023097805893056 and parameters: {'confidence_threshold': 0.6000319676300473, 'training_days': 270, 'n_estimators': 382, 'max_depth': 4, 'num_leaves': 44, 'learning_rate': 0.09185046765032388, 'subsample': 0.6743651508646724, 'min_child_samples': 77, 'reg_alpha': 0.0013974578104212739, 'reg_lambda': 8.97190257982477e-08}. Best is trial 0 with value: -0.025929463897150368.
[I 2026-05-07 00:30:45,748] Trial 4 finished with value: 0.017427440031407358 and parameters: {'confidence_threshold': 0.7642618789055509, 'training_days': 390, 'n_estimators': 464, 'max_depth': 5, 'num_leaves': 30, 'learning_rate': 0.024562383309704932, 'subsample': 0.8612975035964376, 'min_child_samples': 36, 'reg_alpha': 1.593999300080167, 'reg_lambda': 0.006081270362829788}. Best is trial 4 with value: 0.017427440031407358.
[I 2026-05-07 00:30:45,876] Trial 5 finished with value: 0.06994331943676155 and parameters: {'confidence_threshold': 0.6029115860358569, 'training_days': 60, 'n_estimators': 441, 'max_depth': 3, 'num_leaves': 66, 'learning_rate': 0.044953114425778824, 'subsample': 0.7098948461279406, 'min_child_samples': 15, 'reg_alpha': 4.888753565548431e-07, 'reg_lambda': 4.198190642566389}. Best is trial 5 with value: 0.06994331943676155.
[I 2026-05-07 00:30:46,072] Trial 6 finished with value: -0.15258219394707664 and parameters: {'confidence_threshold': 0.7376932868314098, 'training_days': 290, 'n_estimators': 249, 'max_depth': 5, 'num_leaves': 121, 'learning_rate': 0.015565840632862623, 'subsample': 0.8390183783709677, 'min_child_samples': 19, 'reg_alpha': 1.860444687368747e-08, 'reg_lambda': 2.7391483548058117e-06}. Best is trial 5 with value: 0.06994331943676155.
[I 2026-05-07 00:30:46,106] Trial 7 finished with value: 0.026226659870049195 and parameters: {'confidence_threshold': 0.563503962036334, 'training_days': 70, 'n_estimators': 63, 'max_depth': 3, 'num_leaves': 47, 'learning_rate': 0.18074927623018475, 'subsample': 0.5059692991701257, 'min_child_samples': 9, 'reg_alpha': 3.6945804405602874e-08, 'reg_lambda': 0.027706035542028905}. Best is trial 5 with value: 0.06994331943676155.
[I 2026-05-07 00:30:46,179] Trial 8 finished with value: -0.008836683521147522 and parameters: {'confidence_threshold': 0.6525471176758836, 'training_days': 440, 'n_estimators': 116, 'max_depth': 4, 'num_leaves': 115, 'learning_rate': 0.010229952960863938, 'subsample': 0.5062159465415076, 'min_child_samples': 54, 'reg_alpha': 6.790626457822126e-06, 'reg_lambda': 1.7869141074987722e-05}. Best is trial 5 with value: 0.06994331943676155.
[I 2026-05-07 00:30:46,253] Trial 9 finished with value: -4.060031364774277 and parameters: {'confidence_threshold': 0.7277571993354469, 'training_days': 360, 'n_estimators': 75, 'max_depth': 5, 'num_leaves': 41, 'learning_rate': 0.014186743931212992, 'subsample': 0.7445187273047605, 'min_child_samples': 22, 'reg_alpha': 0.02393227447113315, 'reg_lambda': 0.009236766173618426}. Best is trial 5 with value: 0.06994331943676155.

  [label] 2023-11-04 16:00 TRXUSDT entry=0.0976 → SHORT | long=sl(-1.39%) short=sl(-1.39%) | scanned=8 | no_tp→fwd_return=-1.6491
  [label] 2023-11-08 08:00 TRXUSDT entry=0.0974 → LONG | long=tp(+2.59%) short=sl(-1.45%) | scanned=2 | long_tp_only
  [label] 2023-12-03 08:00 TRXUSDT entry=0.1029 → LONG | long=tp(+2.73%) short=sl(-1.51%) | scanned=3 | long_tp_only
  [label] 2024-01-25 08:00 TRXUSDT entry=0.1110 → LONG | long=tp(+3.09%) short=sl(-1.70%) | scanned=3 | long_tp_only
  [label] 2024-07-11 08:00 TRXUSDT entry=0.1344 → LONG | long=tp(+2.72%) short=sl(-1.51%) | scanned=5 | long_tp_only
  [label] 2024-07-15 08:00 TRXUSDT entry=0.1379 → SHORT | long=sl(-1.38%) short=tp(+2.46%) | scanned=2 | short_tp_only
  [label] 2024-07-26 00:00 TRXUSDT entry=0.1364 → SHORT | long=sl(-1.29%) short=sl(-1.29%) | scanned=13 | no_tp→fwd_return=-2.5521
  [label] 2024-09-09 08:00 TRXUSDT entry=0.1545 → SHORT | long=sl(-1.50%) short=tp(+2.71%) | scanned=13 | short_tp_only
  [label] 2024-09-18 00:00 TRXUSDT entry=0.1501 → LONG | long=timeout(-0.01%) short=sl(-1.13%) | scanned=22 | no_tp→fwd_return=+0.0933
  [label] 2024-12-18 16:00 TRXUSDT entry=0.2578 → SHORT | long=sl(-6.04%) short=tp(+11.79%) | scanned=5 | short_tp_only
  [label] 2025-01-19 16:00 TRXUSDT entry=0.2286 → LONG | long=tp(+6.81%) short=sl(-3.56%) | scanned=2 | long_tp_only
  [label] 2025-02-05 00:00 TRXUSDT entry=0.2250 → LONG | long=tp(+7.07%) short=sl(-3.68%) | scanned=17 | long_tp_only
  [label] 2025-02-18 00:00 TRXUSDT entry=0.2385 → LONG | long=sl(-2.37%) short=sl(-2.37%) | scanned=3 | no_tp→fwd_return=+1.9158
  [label] 2025-03-08 16:00 TRXUSDT entry=0.2437 → SHORT | long=sl(-2.53%) short=tp(+4.77%) | scanned=3 | short_tp_only
  [label] 2025-03-15 00:00 TRXUSDT entry=0.2208 → LONG | long=sl(-2.44%) short=sl(-2.44%) | scanned=11 | no_tp→fwd_return=+7.3794
  [label] 2025-03-27 08:00 TRXUSDT entry=0.2321 → LONG | long=timeout(+0.75%) short=sl(-1.95%) | scanned=22 | no_tp→fwd_return=+0.8529
  [label] 2025-05-06 08:00 TRXUSDT entry=0.2451 → LONG | long=tp(+2.62%) short=sl(-1.46%) | scanned=6 | long_tp_only
  [label] 2025-05-16 08:00 TRXUSDT entry=0.2723 → SHORT | long=sl(-2.25%) short=tp(+4.21%) | scanned=8 | short_tp_only
  [label] 2025-08-11 08:00 TRXUSDT entry=0.3446 → LONG | long=tp(+2.56%) short=sl(-1.43%) | scanned=4 | long_tp_only
  Labels: 1270 long (57.9%), 923 short (42.1%) | weights: min=1.00, mean=2.63, max=10.00
  Features: 2193/2193 matched, 13 columns
  CV gap: 22 rows
    [trial 0] 13 features, training_days=230 | threshold=0.779 | labels: 1270 long, 923 short (58/42%)
    [CV fold 0] train_end=2023-12-25 00:00 | val_start=2024-01-01 16:00 | gap=184h (22 rows)
    [CV fold 1] train_end=2024-04-24 16:00 | val_start=2024-05-02 08:00 | gap=184h (22 rows)
    [CV fold 2] train_end=2024-08-24 08:00 | val_start=2024-09-01 00:00 | gap=184h (22 rows)
    [CV fold 3] train_end=2024-12-24 00:00 | val_start=2024-12-31 16:00 | gap=184h (22 rows)
    [CV fold 4] train_end=2025-04-24 16:00 | val_start=2025-05-02 08:00 | gap=184h (22 rows)
    [trial 0] Sharpe=-0.0259 (folds: -0.3386, 0.0689, -0.0842, 0.0327, 0.1915)
    [trial 1] 13 features, training_days=410 | threshold=0.693 | labels: 1270 long, 923 short (58/42%)
    [trial 1] Sharpe=-0.0733 (folds: -0.5310, 0.3080, -0.0354, 0.0816, -0.1897)
    [trial 2] 13 features, training_days=270 | threshold=0.546 | labels: 1270 long, 923 short (58/42%)
    [trial 2] Sharpe=-0.0347 (folds: -0.1225, 0.2475, -0.1842, 0.0472, -0.1617)
    [trial 3] 13 features, training_days=270 | threshold=0.600 | labels: 1270 long, 923 short (58/42%)
    [trial 3] Sharpe=-0.0602 (folds: -0.2334, 0.2656, -0.0890, 0.0076, -0.2520)
    [trial 4] 13 features, training_days=390 | threshold=0.764 | labels: 1270 long, 923 short (58/42%)
    [trial 4] Sharpe=0.0174 (folds: -0.2927, 0.3481, -0.0801, 0.1049, 0.0069)
    [trial 5] 13 features, training_days=60 | threshold=0.603 | labels: 1270 long, 923 short (58/42%)
    [trial 5] Sharpe=0.0699 (folds: -0.1869, 0.1692, 0.0622, 0.0948, 0.2104)
    [trial 6] 13 features, training_days=290 | threshold=0.738 | labels: 1270 long, 923 short (58/42%)
    [trial 6] Sharpe=-0.1526 (folds: -0.1895, 0.1288, -0.0638, 0.0351, -0.6735)
    [trial 7] 13 features, training_days=70 | threshold=0.564 | labels: 1270 long, 923 short (58/42%)
    [trial 7] Sharpe=0.0262 (folds: -0.2463, 0.0800, 0.0426, 0.1382, 0.1167)
    [trial 8] 13 features, training_days=440 | threshold=0.653 | labels: 1270 long, 923 short (58/42%)
    [trial 8] Sharpe=-0.0088 (folds: -0.1781, 0.3288, -0.2323, 0.1145, -0.0770)
    [trial 9] 13 features, training_days=360 | threshold=0.728 | labels: 1270 long, 923 short (58/42%)
    [trial 9] Sharpe=-4.0600 (folds: -0.0910, -10.0000, -0.4318, 0.2226, -10.0000)
  Optuna: 10 trials, best Sharpe = 0.0699
  Best params: n_estimators=441, max_depth=3, lr=0.0450, leaves=66
  Best confidence_threshold: 0.603
  Best training_days: 60
  Retrained on full data (180 samples, 13 features)
  Model trained for 2025-09: 90 test candles with features, confidence_threshold=0.603
[predict] 2025-09-02 16:00 TRXUSDT → LONG (proba=0.74 TP=2.9%/SL=1.4%)
[trade:open] 2025-09-02 23:59 TRXUSDT LONG @ 0.34 | SL=0.33 TP=0.35 | timeout=2025-09-09 23:59
[trade:close] 2025-09-05 15:59 TRXUSDT LONG → stop_loss @ 0.33 | PnL=-1.43% (net -1.53%) | cum=-24.14% 2025-09=-3.18% 2025-09-05=-1.53%
[predict] 2025-09-07 00:00 TRXUSDT → LONG (proba=1.00 TP=3.9%/SL=2.0%)
[trade:open] 2025-09-07 07:59 TRXUSDT LONG @ 0.33 | SL=0.32 TP=0.34 | timeout=2025-09-14 07:59
[trade:close] 2025-09-09 15:59 TRXUSDT LONG → take_profit @ 0.34 | PnL=+3.93% (net +3.83%) | cum=-20.31% 2025-09=+0.65% 2025-09-09=+3.83%
[predict] 2025-09-11 08:00 TRXUSDT → LONG (proba=0.73 TP=3.2%/SL=1.6%)
[trade:open] 2025-09-11 15:59 TRXUSDT LONG @ 0.34 | SL=0.34 TP=0.36 | timeout=2025-09-18 15:59
[trade:close] 2025-09-17 07:59 TRXUSDT LONG → stop_loss @ 0.34 | PnL=-1.62% (net -1.72%) | cum=-22.03% 2025-09=-1.07% 2025-09-17=-1.72%
[lgbm] === Training for 2025-10 ===
  Train window: 2023-10-01 → 2025-10-01
  2193 training samples from 1 symbols
  Samples per month: 2023-10: 93, 2023-11: 90, 2023-12: 93, 2024-01: 93, 2024-02: 87, 2024-03: 93, 2024-04: 90, 2024-05: 93, 2024-06: 90, 2024-07: 93, 2024-08: 93, 2024-09: 90, 2024-10: 93, 2024-11: 90, 2024-12: 93, 2025-01: 93, 2025-02: 84, 2025-03: 93, 2025-04: 90, 2025-05: 93, 2025-06: 90, 2025-07: 93, 2025-08: 93, 2025-09: 90
  [label] 2023-12-02 08:00 TRXUSDT entry=0.1027 → LONG | long=tp(+2.89%) short=sl(-1.60%) | scanned=6 | long_tp_only
  [label] 2023-12-04 16:00 TRXUSDT entry=0.1040 → LONG | long=sl(-1.62%) short=sl(-1.62%) | scanned=5 | no_tp→fwd_return=+0.9619
  [label] 2023-12-08 08:00 TRXUSDT entry=0.1060 → SHORT | long=sl(-1.60%) short=sl(-1.60%) | scanned=8 | no_tp→fwd_return=-1.2833
  [label] 2024-01-02 08:00 TRXUSDT entry=0.1088 → SHORT | long=sl(-1.53%) short=tp(+2.77%) | scanned=3 | short_tp_only
  [label] 2024-02-24 08:00 TRXUSDT entry=0.1372 → LONG | long=tp(+2.22%) short=sl(-1.26%) | scanned=8 | long_tp_only
  [label] 2024-08-10 08:00 TRXUSDT entry=0.1293 → SHORT | long=sl(-1.56%) short=tp(+2.83%) | scanned=8 | short_tp_only
  [label] 2024-08-14 08:00 TRXUSDT entry=0.1305 → LONG | long=tp(+2.40%) short=sl(-1.35%) | scanned=7 | long_tp_only
  [label] 2024-08-25 00:00 TRXUSDT entry=0.1597 → LONG | long=tp(+4.88%) short=sl(-2.59%) | scanned=1 | long_tp_only
  [label] 2024-10-09 08:00 TRXUSDT entry=0.1616 → SHORT | long=sl(-1.04%) short=tp(+1.77%) | scanned=4 | short_tp_only
  [label] 2024-10-18 00:00 TRXUSDT entry=0.1590 → SHORT | long=sl(-0.98%) short=tp(+1.65%) | scanned=5 | short_tp_only
  [label] 2025-01-17 16:00 TRXUSDT entry=0.2487 → SHORT | long=sl(-2.52%) short=sl(-2.52%) | scanned=1 | no_tp→fwd_return=-3.0794
  [label] 2025-02-18 16:00 TRXUSDT entry=0.2391 → LONG | long=tp(+4.59%) short=sl(-2.45%) | scanned=7 | long_tp_only
  [label] 2025-03-07 00:00 TRXUSDT entry=0.2406 → SHORT | long=sl(-2.65%) short=sl(-2.65%) | scanned=8 | no_tp→fwd_return=-3.6076
  [label] 2025-03-20 00:00 TRXUSDT entry=0.2313 → SHORT | long=sl(-2.50%) short=sl(-2.50%) | scanned=12 | no_tp→fwd_return=-1.4094[I 2026-05-07 00:30:46,653] A new study created in memory with name: no-name-d4ed87cd-9931-48db-8d4c-5648dc13d5b5
[I 2026-05-07 00:30:46,908] Trial 0 finished with value: -0.013665085938697932 and parameters: {'confidence_threshold': 0.7790993046299082, 'training_days': 230, 'n_estimators': 295, 'max_depth': 5, 'num_leaves': 83, 'learning_rate': 0.051543455158230854, 'subsample': 0.8773243492079463, 'min_child_samples': 10, 'reg_alpha': 0.034096514368237685, 'reg_lambda': 3.154180388637081e-05}. Best is trial 0 with value: -0.013665085938697932.
