[I 2026-05-07 00:27:32,088] Trial 0 finished with value: 0.02935258514655943 and parameters: {'confidence_threshold': 0.7790993046299082, 'training_days': 230, 'n_estimators': 295, 'max_depth': 5, 'num_leaves': 83, 'learning_rate': 0.051543455158230854, 'subsample': 0.8773243492079463, 'min_child_samples': 10, 'reg_alpha': 0.034096514368237685, 'reg_lambda': 3.154180388637081e-05}. Best is trial 0 with value: 0.02935258514655943.

  [label] 2022-10-18 08:00 BCHUSDT entry=108.4100 → SHORT | long=sl(-2.52%) short=tp(+4.75%) | scanned=9 | short_tp_only
  [label] 2022-11-06 00:00 BCHUSDT entry=122.4500 → SHORT | long=sl(-2.90%) short=tp(+5.51%) | scanned=3 | short_tp_only
  [label] 2022-11-12 08:00 BCHUSDT entry=102.1200 → LONG | long=sl(-5.55%) short=sl(-5.55%) | scanned=12 | no_tp→fwd_return=+3.1140
  [label] 2022-11-24 16:00 BCHUSDT entry=115.8400 → SHORT | long=sl(-3.52%) short=tp(+6.74%) | scanned=10 | short_tp_only
  [label] 2023-01-03 16:00 BCHUSDT entry=99.6200 → LONG | long=tp(+3.28%) short=sl(-1.79%) | scanned=4 | long_tp_only
  [label] 2023-01-13 16:00 BCHUSDT entry=124.5500 → LONG | long=tp(+5.23%) short=sl(-2.76%) | scanned=1 | long_tp_only
  [label] 2023-04-10 08:00 BCHUSDT entry=125.0500 → LONG | long=tp(+4.16%) short=sl(-2.23%) | scanned=4 | long_tp_only
  Labels: 964 long (44.0%), 1226 short (56.0%) | weights: min=1.00, mean=2.20, max=10.00
  Features: 2190/2190 matched, 13 columns
  CV gap: 22 rows
    [trial 0] 13 features, training_days=230 | threshold=0.779 | labels: 964 long, 1226 short (44/56%)
    [CV fold 0] train_end=2021-08-23 00:00 | val_start=2021-08-30 16:00 | gap=184h (22 rows)
    [CV fold 1] train_end=2021-12-22 16:00 | val_start=2021-12-30 08:00 | gap=184h (22 rows)
    [CV fold 2] train_end=2022-04-23 08:00 | val_start=2022-05-01 00:00 | gap=184h (22 rows)
    [CV fold 3] train_end=2022-08-23 00:00 | val_start=2022-08-30 16:00 | gap=184h (22 rows)
    [CV fold 4] train_end=2022-12-22 16:00 | val_start=2022-12-30 08:00 | gap=184h (22 rows)
    [trial 0] Sharpe=-0.0722 (folds: -0.0790, -0.1682, -0.1467, -0.0427, 0.0759)
    [trial 1] 13 features, training_days=410 | threshold=0.693 | labels: 964 long, 1226 short (44/56%)
    [trial 1] Sharpe=-0.1343 (folds: 0.0773, -0.3391, -0.2531, -0.0911, -0.0658)
    [trial 2] 13 features, training_days=270 | threshold=0.546 | labels: 964 long, 1226 short (44/56%)
    [trial 2] Sharpe=-0.0834 (folds: 0.0153, -0.2423, -0.1970, -0.1062, 0.1131)
    [trial 3] 13 features, training_days=270 | threshold=0.600 | labels: 964 long, 1226 short (44/56%)
    [trial 3] Sharpe=-0.0530 (folds: 0.1051, -0.3224, -0.0969, -0.0013, 0.0505)
    [trial 4] 13 features, training_days=390 | threshold=0.764 | labels: 964 long, 1226 short (44/56%)
    [trial 4] Sharpe=-0.1393 (folds: -0.0518, -0.2910, -0.2522, -0.1302, 0.0288)
    [trial 5] 13 features, training_days=60 | threshold=0.603 | labels: 964 long, 1226 short (44/56%)
    [trial 5] Sharpe=0.0236 (folds: 0.0361, 0.0477, -0.2207, 0.1777, 0.0775)
    [trial 6] 13 features, training_days=290 | threshold=0.738 | labels: 964 long, 1226 short (44/56%)
    [trial 6] Sharpe=-0.1361 (folds: 0.0021, -0.3500, -0.2918, -0.0472, 0.0065)
    [trial 7] 13 features, training_days=70 | threshold=0.564 | labels: 964 long, 1226 short (44/56%)
    [trial 7] Sharpe=0.0062 (folds: 0.0608, 0.1104, -0.1517, -0.0336, 0.0448)
    [trial 8] 13 features, training_days=440 | threshold=0.653 | labels: 964 long, 1226 short (44/56%)
    [trial 8] Sharpe=-0.0862 (folds: 0.0203, -0.1869, -0.1764, -0.0551, -0.0328)
    [trial 9] 13 features, training_days=360 | threshold=0.728 | labels: 964 long, 1226 short (44/56%)
    [trial 9] Sharpe=-0.1489 (folds: -0.1863, -0.4048, -0.1350, -0.1118, 0.0932)
  Optuna: 10 trials, best Sharpe = 0.0236
  Best params: n_estimators=441, max_depth=3, lr=0.0450, leaves=66
  Best confidence_threshold: 0.603
  Best training_days: 60
  Retrained on full data (180 samples, 13 features)
  Model trained for 2023-05: 93 test candles with features, confidence_threshold=0.603
[predict] 2023-05-08 16:00 BCHUSDT → SHORT (proba=0.93 TP=5.1%/SL=2.5%)
[trade:open] 2023-05-08 23:59 BCHUSDT SHORT @ 111.12 | SL=113.95 TP=105.46 | timeout=2023-05-15 23:59
[trade:close] 2023-05-09 07:59 BCHUSDT SHORT → stop_loss @ 113.95 | PnL=-2.55% (net -2.65%) | cum=+3.28% 2023-05=-2.65% 2023-05-09=-2.65%
[predict] 2023-05-15 08:00 BCHUSDT → SHORT (proba=0.94 TP=5.6%/SL=2.8%)
[trade:open] 2023-05-15 15:59 BCHUSDT SHORT @ 117.78 | SL=121.06 TP=111.22 | timeout=2023-05-22 15:59
[trade:close] 2023-05-22 16:00 BCHUSDT SHORT → timeout @ 114.09 | PnL=+3.13% (net +3.03%) | cum=+6.31% 2023-05=+0.38% 2023-05-22=+3.03%
[lgbm] === Training for 2023-06 ===
  Train window: 2021-06-01 → 2023-06-01
  2190 training samples from 1 symbols
  Samples per month: 2021-06: 90, 2021-07: 93, 2021-08: 93, 2021-09: 90, 2021-10: 93, 2021-11: 90, 2021-12: 93, 2022-01: 93, 2022-02: 84, 2022-03: 93, 2022-04: 90, 2022-05: 93, 2022-06: 90, 2022-07: 93, 2022-08: 93, 2022-09: 90, 2022-10: 93, 2022-11: 90, 2022-12: 93, 2023-01: 93, 2023-02: 84, 2023-03: 93, 2023-04: 90, 2023-05: 93
  [label] 2021-08-02 08:00 BCHUSDT entry=552.3900 → LONG | long=sl(-4.03%) short=sl(-4.03%) | scanned=14 | no_tp→fwd_return=+3.3237
  [label] 2021-08-04 08:00 BCHUSDT entry=542.6900 → LONG | long=tp(+7.60%) short=sl(-3.95%) | scanned=9 | long_tp_only
  [label] 2021-08-08 08:00 BCHUSDT entry=563.2800 → LONG | long=sl(-3.61%) short=sl(-3.61%) | scanned=3 | no_tp→fwd_return=+6.2118
  [label] 2021-09-02 08:00 BCHUSDT entry=660.3700 → LONG | long=tp(+6.17%) short=sl(-3.23%) | scanned=3 | long_tp_only
  [label] 2021-10-25 08:00 BCHUSDT entry=627.7500 → SHORT | long=sl(-2.96%) short=tp(+5.61%) | scanned=5 | short_tp_only
  [label] 2022-04-10 16:00 BCHUSDT entry=319.6500 → SHORT | long=sl(-3.58%) short=tp(+6.86%) | scanned=3 | short_tp_only
  [label] 2022-04-15 00:00 BCHUSDT entry=340.1400 → SHORT | long=sl(-3.65%) short=tp(+7.01%) | scanned=10 | short_tp_only
  [label] 2022-04-25 16:00 BCHUSDT entry=314.4400 → SHORT | long=sl(-3.33%) short=tp(+6.35%) | scanned=3 | short_tp_only
  [label] 2022-06-10 00:00 BCHUSDT entry=174.1300 → SHORT | long=sl(-4.38%) short=tp(+8.46%) | scanned=4 | short_tp_only
  [label] 2022-06-18 16:00 BCHUSDT entry=115.2800 → LONG | long=timeout(-0.01%) short=timeout(-0.19%) | scanned=22 | no_tp→fwd_return=+0.0867
  [label] 2022-09-18 00:00 BCHUSDT entry=121.3000 → SHORT | long=sl(-3.71%) short=tp(+7.12%) | scanned=2 | short_tp_only
  [label] 2022-10-20 00:00 BCHUSDT entry=107.4300 → LONG | long=sl(-2.50%) short=sl(-2.50%) | scanned=7 | no_tp→fwd_return=+0.9122
  [label] 2022-11-05 08:00 BCHUSDT entry=124.4000 → SHORT | long=sl(-2.88%) short=tp(+5.45%) | scanned=4 | short_tp_only
  [label] 2022-11-18 08:00 BCHUSDT entry=104.6500 → LONG | long=sl(-4.15%) short=sl(-4.15%) | scanned=12 | no_tp→fwd_return=+4.0134
  [label] 2022-12-07 00:00 BCHUSDT entry=108.2500 → SHORT | long=sl(-2.83%) short=sl(-2.83%) | scanned=15 | no_tp→fwd_return=-3.8614
  [label] 2022-12-13 08:00 BCHUSDT entry=109.2800 → SHORT | long=sl(-2.54%) short=tp(+4.77%) | scanned=9 | short_tp_only
  [label] 2022-12-25 16:00 BCHUSDT entry=101.3000 → SHORT | long=sl(-1.91%) short=sl(-1.91%) | scanned=7 | no_tp→fwd_return=-1.0958
  [label] 2023-02-03 16:00 BCHUSDT entry=137.8200 → SHORT | long=sl(-3.08%) short=tp(+5.86%) | scanned=15 | short_tp_only
  [label] 2023-02-13 16:00 BCHUSDT entry=123.7000 → LONG | long=tp(+5.88%) short=sl(-3.09%) | scanned=6 | long_tp_only
  [label] 2023-05-11 08:00 BCHUSDT entry=113.0400 → LONG | long=tp(+6.33%) short=sl(-3.32%) | scanned=11 | long_tp_only
  Labels: 959 long (43.8%), 1231 short (56.2%) | weights: min=1.00, mean=3.63, max=10.00
  Features: 2190/2190 matched, 13 columns
  CV gap: 22 rows
    [trial 0] 13 features, training_days=230 | threshold=0.779 | labels: 959 long, 1231 short (44/56%)
    [CV fold 0] train_end=2021-09-23 00:00 | val_start=2021-09-30 16:00 | gap=184h (22 rows)
    [CV fold 1] train_end=2022-01-22 16:00 | val_start=2022-01-30 08:00 | gap=184h (22 rows)
    [CV fold 2] train_end=2022-05-24 08:00 | val_start=2022-06-01 00:00 | gap=184h (22 rows)
    [CV fold 3] train_end=2022-09-23 00:00 | val_start=2022-09-30 16:00 | gap=184h (22 rows)
    [CV fold 4] train_end=2023-01-22 16:00 | val_start=2023-01-30 08:00 | gap=184h (22 rows)
    [trial 0] Sharpe=0.0294 (folds: 0.0740, -0.2076, 0.1916, -0.0466, 0.1353)
    [trial 1] 13 features, training_days=410 | threshold=0.693 | labels: 959 long, 1231 short (44/56%)
    [trial 1] Sharpe=-0.0179 (folds: -0.1953, -0.2050, 0.2027, 0.0235, 0.0846)[I 2026-05-07 00:27:32,234] Trial 1 finished with value: -0.017898216018784347 and parameters: {'confidence_threshold': 0.6929247853618086, 'training_days': 410, 'n_estimators': 233, 'max_depth': 5, 'num_leaves': 108, 'learning_rate': 0.013724237108071606, 'subsample': 0.7013182233636002, 'min_child_samples': 94, 'reg_alpha': 2.4040959529260723e-06, 'reg_lambda': 5.320966582161148}. Best is trial 0 with value: 0.02935258514655943.
[I 2026-05-07 00:27:32,296] Trial 2 finished with value: -0.0003167991034723705 and parameters: {'confidence_threshold': 0.546341527225763, 'training_days': 270, 'n_estimators': 120, 'max_depth': 4, 'num_leaves': 53, 'learning_rate': 0.060197068579343475, 'subsample': 0.588227873455941, 'min_child_samples': 91, 'reg_alpha': 2.3457771824819002e-08, 'reg_lambda': 1.1358840775642732e-08}. Best is trial 0 with value: 0.02935258514655943.
[I 2026-05-07 00:27:32,454] Trial 3 finished with value: -0.02038904718392342 and parameters: {'confidence_threshold': 0.6000319676300473, 'training_days': 270, 'n_estimators': 382, 'max_depth': 4, 'num_leaves': 44, 'learning_rate': 0.09185046765032388, 'subsample': 0.6743651508646724, 'min_child_samples': 77, 'reg_alpha': 0.0013974578104212739, 'reg_lambda': 8.97190257982477e-08}. Best is trial 0 with value: 0.02935258514655943.
[I 2026-05-07 00:27:32,806] Trial 4 finished with value: 0.030502006399086113 and parameters: {'confidence_threshold': 0.7642618789055509, 'training_days': 390, 'n_estimators': 464, 'max_depth': 5, 'num_leaves': 30, 'learning_rate': 0.024562383309704932, 'subsample': 0.8612975035964376, 'min_child_samples': 36, 'reg_alpha': 1.593999300080167, 'reg_lambda': 0.006081270362829788}. Best is trial 4 with value: 0.030502006399086113.
[I 2026-05-07 00:27:32,946] Trial 5 finished with value: 0.08783283762921869 and parameters: {'confidence_threshold': 0.6029115860358569, 'training_days': 60, 'n_estimators': 441, 'max_depth': 3, 'num_leaves': 66, 'learning_rate': 0.044953114425778824, 'subsample': 0.7098948461279406, 'min_child_samples': 15, 'reg_alpha': 4.888753565548431e-07, 'reg_lambda': 4.198190642566389}. Best is trial 5 with value: 0.08783283762921869.
[I 2026-05-07 00:27:33,199] Trial 6 finished with value: 0.06976355535493972 and parameters: {'confidence_threshold': 0.7376932868314098, 'training_days': 290, 'n_estimators': 249, 'max_depth': 5, 'num_leaves': 121, 'learning_rate': 0.015565840632862623, 'subsample': 0.8390183783709677, 'min_child_samples': 19, 'reg_alpha': 1.860444687368747e-08, 'reg_lambda': 2.7391483548058117e-06}. Best is trial 5 with value: 0.08783283762921869.
[I 2026-05-07 00:27:33,237] Trial 7 finished with value: 0.08186346458477563 and parameters: {'confidence_threshold': 0.563503962036334, 'training_days': 70, 'n_estimators': 63, 'max_depth': 3, 'num_leaves': 47, 'learning_rate': 0.18074927623018475, 'subsample': 0.5059692991701257, 'min_child_samples': 9, 'reg_alpha': 3.6945804405602874e-08, 'reg_lambda': 0.027706035542028905}. Best is trial 5 with value: 0.08783283762921869.
[I 2026-05-07 00:27:33,316] Trial 8 finished with value: -0.019903497203756403 and parameters: {'confidence_threshold': 0.6525471176758836, 'training_days': 440, 'n_estimators': 116, 'max_depth': 4, 'num_leaves': 115, 'learning_rate': 0.010229952960863938, 'subsample': 0.5062159465415076, 'min_child_samples': 54, 'reg_alpha': 6.790626457822126e-06, 'reg_lambda': 1.7869141074987722e-05}. Best is trial 5 with value: 0.08783283762921869.
[I 2026-05-07 00:27:33,401] Trial 9 finished with value: -1.9456131335769347 and parameters: {'confidence_threshold': 0.7277571993354469, 'training_days': 360, 'n_estimators': 75, 'max_depth': 5, 'num_leaves': 41, 'learning_rate': 0.014186743931212992, 'subsample': 0.7445187273047605, 'min_child_samples': 22, 'reg_alpha': 0.02393227447113315, 'reg_lambda': 0.009236766173618426}. Best is trial 5 with value: 0.08783283762921869.
[I 2026-05-07 00:27:33,634] A new study created in memory with name: no-name-861abf60-1018-4347-88f7-b3f6b97eb8e4
[I 2026-05-07 00:27:33,922] Trial 0 finished with value: -0.11639792359327669 and parameters: {'confidence_threshold': 0.7790993046299082, 'training_days': 230, 'n_estimators': 295, 'max_depth': 5, 'num_leaves': 83, 'learning_rate': 0.051543455158230854, 'subsample': 0.8773243492079463, 'min_child_samples': 10, 'reg_alpha': 0.034096514368237685, 'reg_lambda': 3.154180388637081e-05}. Best is trial 0 with value: -0.11639792359327669.
[I 2026-05-07 00:27:34,078] Trial 1 finished with value: -0.20277106135081083 and parameters: {'confidence_threshold': 0.6929247853618086, 'training_days': 410, 'n_estimators': 233, 'max_depth': 5, 'num_leaves': 108, 'learning_rate': 0.013724237108071606, 'subsample': 0.7013182233636002, 'min_child_samples': 94, 'reg_alpha': 2.4040959529260723e-06, 'reg_lambda': 5.320966582161148}. Best is trial 0 with value: -0.11639792359327669.
[I 2026-05-07 00:27:34,152] Trial 2 finished with value: -0.12894392937406726 and parameters: {'confidence_threshold': 0.546341527225763, 'training_days': 270, 'n_estimators': 120, 'max_depth': 4, 'num_leaves': 53, 'learning_rate': 0.060197068579343475, 'subsample': 0.588227873455941, 'min_child_samples': 91, 'reg_alpha': 2.3457771824819002e-08, 'reg_lambda': 1.1358840775642732e-08}. Best is trial 0 with value: -0.11639792359327669.
[I 2026-05-07 00:27:34,331] Trial 3 finished with value: -0.11771483047680761 and parameters: {'confidence_threshold': 0.6000319676300473, 'training_days': 270, 'n_estimators': 382, 'max_depth': 4, 'num_leaves': 44, 'learning_rate': 0.09185046765032388, 'subsample': 0.6743651508646724, 'min_child_samples': 77, 'reg_alpha': 0.0013974578104212739, 'reg_lambda': 8.97190257982477e-08}. Best is trial 0 with value: -0.11639792359327669.
[I 2026-05-07 00:27:34,676] Trial 4 finished with value: -0.07536207014372963 and parameters: {'confidence_threshold': 0.7642618789055509, 'training_days': 390, 'n_estimators': 464, 'max_depth': 5, 'num_leaves': 30, 'learning_rate': 0.024562383309704932, 'subsample': 0.8612975035964376, 'min_child_samples': 36, 'reg_alpha': 1.593999300080167, 'reg_lambda': 0.006081270362829788}. Best is trial 4 with value: -0.07536207014372963.
[I 2026-05-07 00:27:34,801] Trial 5 finished with value: 0.004857120047852626 and parameters: {'confidence_threshold': 0.6029115860358569, 'training_days': 60, 'n_estimators': 441, 'max_depth': 3, 'num_leaves': 66, 'learning_rate': 0.044953114425778824, 'subsample': 0.7098948461279406, 'min_child_samples': 15, 'reg_alpha': 4.888753565548431e-07, 'reg_lambda': 4.198190642566389}. Best is trial 5 with value: 0.004857120047852626.
[I 2026-05-07 00:27:35,035] Trial 6 finished with value: -0.19914819473177803 and parameters: {'confidence_threshold': 0.7376932868314098, 'training_days': 290, 'n_estimators': 249, 'max_depth': 5, 'num_leaves': 121, 'learning_rate': 0.015565840632862623, 'subsample': 0.8390183783709677, 'min_child_samples': 19, 'reg_alpha': 1.860444687368747e-08, 'reg_lambda': 2.7391483548058117e-06}. Best is trial 5 with value: 0.004857120047852626.
[I 2026-05-07 00:27:35,073] Trial 7 finished with value: -0.02172559514587105 and parameters: {'confidence_threshold': 0.563503962036334, 'training_days': 70, 'n_estimators': 63, 'max_depth': 3, 'num_leaves': 47, 'learning_rate': 0.18074927623018475, 'subsample': 0.5059692991701257, 'min_child_samples': 9, 'reg_alpha': 3.6945804405602874e-08, 'reg_lambda': 0.027706035542028905}. Best is trial 5 with value: 0.004857120047852626.
[I 2026-05-07 00:27:35,154] Trial 8 finished with value: -0.24534119397481854 and parameters: {'confidence_threshold': 0.6525471176758836, 'training_days': 440, 'n_estimators': 116, 'max_depth': 4, 'num_leaves': 115, 'learning_rate': 0.010229952960863938, 'subsample': 0.5062159465415076, 'min_child_samples': 54, 'reg_alpha': 6.790626457822126e-06, 'reg_lambda': 1.7869141074987722e-05}. Best is trial 5 with value: 0.004857120047852626.
