[I 2026-05-07 00:27:22,188] Trial 1 finished with value: -0.18400013994284375 and parameters: {'confidence_threshold': 0.6929247853618086, 'training_days': 410, 'n_estimators': 233, 'max_depth': 5, 'num_leaves': 108, 'learning_rate': 0.013724237108071606, 'subsample': 0.7013182233636002, 'min_child_samples': 94, 'reg_alpha': 2.4040959529260723e-06, 'reg_lambda': 5.320966582161148}. Best is trial 0 with value: -0.1575237800275881.
[I 2026-05-07 00:27:22,253] Trial 2 finished with value: -0.09338470648071984 and parameters: {'confidence_threshold': 0.546341527225763, 'training_days': 270, 'n_estimators': 120, 'max_depth': 4, 'num_leaves': 53, 'learning_rate': 0.060197068579343475, 'subsample': 0.588227873455941, 'min_child_samples': 91, 'reg_alpha': 2.3457771824819002e-08, 'reg_lambda': 1.1358840775642732e-08}. Best is trial 2 with value: -0.09338470648071984.
[I 2026-05-07 00:27:22,416] Trial 3 finished with value: -0.11466609024143774 and parameters: {'confidence_threshold': 0.6000319676300473, 'training_days': 270, 'n_estimators': 382, 'max_depth': 4, 'num_leaves': 44, 'learning_rate': 0.09185046765032388, 'subsample': 0.6743651508646724, 'min_child_samples': 77, 'reg_alpha': 0.0013974578104212739, 'reg_lambda': 8.97190257982477e-08}. Best is trial 2 with value: -0.09338470648071984.
[I 2026-05-07 00:27:22,745] Trial 4 finished with value: -0.14449912399224812 and parameters: {'confidence_threshold': 0.7642618789055509, 'training_days': 390, 'n_estimators': 464, 'max_depth': 5, 'num_leaves': 30, 'learning_rate': 0.024562383309704932, 'subsample': 0.8612975035964376, 'min_child_samples': 36, 'reg_alpha': 1.593999300080167, 'reg_lambda': 0.006081270362829788}. Best is trial 2 with value: -0.09338470648071984.
[I 2026-05-07 00:27:22,881] Trial 5 finished with value: -0.11021878636276805 and parameters: {'confidence_threshold': 0.6029115860358569, 'training_days': 60, 'n_estimators': 441, 'max_depth': 3, 'num_leaves': 66, 'learning_rate': 0.044953114425778824, 'subsample': 0.7098948461279406, 'min_child_samples': 15, 'reg_alpha': 4.888753565548431e-07, 'reg_lambda': 4.198190642566389}. Best is trial 2 with value: -0.09338470648071984.
[I 2026-05-07 00:27:23,098] Trial 6 finished with value: -0.17593945237952952 and parameters: {'confidence_threshold': 0.7376932868314098, 'training_days': 290, 'n_estimators': 249, 'max_depth': 5, 'num_leaves': 121, 'learning_rate': 0.015565840632862623, 'subsample': 0.8390183783709677, 'min_child_samples': 19, 'reg_alpha': 1.860444687368747e-08, 'reg_lambda': 2.7391483548058117e-06}. Best is trial 2 with value: -0.09338470648071984.
[I 2026-05-07 00:27:23,132] Trial 7 finished with value: -0.07557383039071006 and parameters: {'confidence_threshold': 0.563503962036334, 'training_days': 70, 'n_estimators': 63, 'max_depth': 3, 'num_leaves': 47, 'learning_rate': 0.18074927623018475, 'subsample': 0.5059692991701257, 'min_child_samples': 9, 'reg_alpha': 3.6945804405602874e-08, 'reg_lambda': 0.027706035542028905}. Best is trial 7 with value: -0.07557383039071006.
[I 2026-05-07 00:27:23,205] Trial 8 finished with value: -0.09843441505486039 and parameters: {'confidence_threshold': 0.6525471176758836, 'training_days': 440, 'n_estimators': 116, 'max_depth': 4, 'num_leaves': 115, 'learning_rate': 0.010229952960863938, 'subsample': 0.5062159465415076, 'min_child_samples': 54, 'reg_alpha': 6.790626457822126e-06, 'reg_lambda': 1.7869141074987722e-05}. Best is trial 7 with value: -0.07557383039071006.
[I 2026-05-07 00:27:23,291] Trial 9 finished with value: -0.08135624126943329 and parameters: {'confidence_threshold': 0.7277571993354469, 'training_days': 360, 'n_estimators': 75, 'max_depth': 5, 'num_leaves': 41, 'learning_rate': 0.014186743931212992, 'subsample': 0.7445187273047605, 'min_child_samples': 22, 'reg_alpha': 0.02393227447113315, 'reg_lambda': 0.009236766173618426}. Best is trial 7 with value: -0.07557383039071006.
[I 2026-05-07 00:27:23,461] A new study created in memory with name: no-name-5d18b8c4-82d8-43d8-a876-127cd52d0c54
[I 2026-05-07 00:27:23,700] Trial 0 finished with value: -0.14618329397990484 and parameters: {'confidence_threshold': 0.7790993046299082, 'training_days': 230, 'n_estimators': 295, 'max_depth': 5, 'num_leaves': 83, 'learning_rate': 0.051543455158230854, 'subsample': 0.8773243492079463, 'min_child_samples': 10, 'reg_alpha': 0.034096514368237685, 'reg_lambda': 3.154180388637081e-05}. Best is trial 0 with value: -0.14618329397990484.
[I 2026-05-07 00:27:23,828] Trial 1 finished with value: -0.14020621210274417 and parameters: {'confidence_threshold': 0.6929247853618086, 'training_days': 410, 'n_estimators': 233, 'max_depth': 5, 'num_leaves': 108, 'learning_rate': 0.013724237108071606, 'subsample': 0.7013182233636002, 'min_child_samples': 94, 'reg_alpha': 2.4040959529260723e-06, 'reg_lambda': 5.320966582161148}. Best is trial 1 with value: -0.14020621210274417.
[I 2026-05-07 00:27:23,889] Trial 2 finished with value: -0.12984303132216354 and parameters: {'confidence_threshold': 0.546341527225763, 'training_days': 270, 'n_estimators': 120, 'max_depth': 4, 'num_leaves': 53, 'learning_rate': 0.060197068579343475, 'subsample': 0.588227873455941, 'min_child_samples': 91, 'reg_alpha': 2.3457771824819002e-08, 'reg_lambda': 1.1358840775642732e-08}. Best is trial 2 with value: -0.12984303132216354.
[I 2026-05-07 00:27:24,051] Trial 3 finished with value: -0.13259161016756893 and parameters: {'confidence_threshold': 0.6000319676300473, 'training_days': 270, 'n_estimators': 382, 'max_depth': 4, 'num_leaves': 44, 'learning_rate': 0.09185046765032388, 'subsample': 0.6743651508646724, 'min_child_samples': 77, 'reg_alpha': 0.0013974578104212739, 'reg_lambda': 8.97190257982477e-08}. Best is trial 2 with value: -0.12984303132216354.
[I 2026-05-07 00:27:24,398] Trial 4 finished with value: -0.19840688172123233 and parameters: {'confidence_threshold': 0.7642618789055509, 'training_days': 390, 'n_estimators': 464, 'max_depth': 5, 'num_leaves': 30, 'learning_rate': 0.024562383309704932, 'subsample': 0.8612975035964376, 'min_child_samples': 36, 'reg_alpha': 1.593999300080167, 'reg_lambda': 0.006081270362829788}. Best is trial 2 with value: -0.12984303132216354.

  [label] 2022-06-14 08:00 BCHUSDT entry=128.1600 → SHORT | long=sl(-7.29%) short=tp(+14.28%) | scanned=6 | short_tp_only
  [label] 2022-06-26 16:00 BCHUSDT entry=112.7400 → SHORT | long=sl(-6.22%) short=tp(+12.14%) | scanned=11 | short_tp_only
  [label] 2022-08-05 16:00 BCHUSDT entry=141.8100 → LONG | long=sl(-4.76%) short=sl(-4.76%) | scanned=17 | no_tp→fwd_return=+1.4315
  [label] 2022-08-15 16:00 BCHUSDT entry=137.0500 → SHORT | long=sl(-3.86%) short=sl(-3.86%) | scanned=9 | no_tp→fwd_return=-5.8957
  [label] 2022-11-10 08:00 BCHUSDT entry=102.3400 → LONG | long=sl(-5.80%) short=sl(-5.80%) | scanned=18 | no_tp→fwd_return=+2.8923
  Labels: 1037 long (47.4%), 1153 short (52.6%) | weights: min=1.00, mean=2.42, max=10.00
  Features: 2190/2190 matched, 13 columns
  CV gap: 22 rows
    [trial 0] 13 features, training_days=230 | threshold=0.779 | labels: 1037 long, 1153 short (47/53%)
    [CV fold 0] train_end=2021-03-25 00:00 | val_start=2021-04-01 16:00 | gap=184h (22 rows)
    [CV fold 1] train_end=2021-07-24 16:00 | val_start=2021-08-01 08:00 | gap=184h (22 rows)
    [CV fold 2] train_end=2021-11-23 08:00 | val_start=2021-12-01 00:00 | gap=184h (22 rows)
    [CV fold 3] train_end=2022-03-25 00:00 | val_start=2022-04-01 16:00 | gap=184h (22 rows)
    [CV fold 4] train_end=2022-07-24 16:00 | val_start=2022-08-01 08:00 | gap=184h (22 rows)
    [trial 0] Sharpe=-0.1575 (folds: -0.1264, -0.1787, -0.1914, -0.2850, -0.0061)
    [trial 1] 13 features, training_days=410 | threshold=0.693 | labels: 1037 long, 1153 short (47/53%)
    [trial 1] Sharpe=-0.1840 (folds: -0.0001, -0.1474, -0.1758, -0.3979, -0.1988)
    [trial 2] 13 features, training_days=270 | threshold=0.546 | labels: 1037 long, 1153 short (47/53%)
    [trial 2] Sharpe=-0.0934 (folds: 0.0775, -0.1334, 0.0011, -0.2629, -0.1492)
    [trial 3] 13 features, training_days=270 | threshold=0.600 | labels: 1037 long, 1153 short (47/53%)
    [trial 3] Sharpe=-0.1147 (folds: -0.0773, -0.1284, -0.0283, -0.2563, -0.0831)
    [trial 4] 13 features, training_days=390 | threshold=0.764 | labels: 1037 long, 1153 short (47/53%)
    [trial 4] Sharpe=-0.1445 (folds: -0.0580, -0.1300, -0.1231, -0.3581, -0.0532)
    [trial 5] 13 features, training_days=60 | threshold=0.603 | labels: 1037 long, 1153 short (47/53%)
    [trial 5] Sharpe=-0.1102 (folds: 0.0424, -0.0183, -0.2499, -0.2008, -0.1245)
    [trial 6] 13 features, training_days=290 | threshold=0.738 | labels: 1037 long, 1153 short (47/53%)
    [trial 6] Sharpe=-0.1759 (folds: -0.0758, -0.2137, -0.0540, -0.4464, -0.0898)
    [trial 7] 13 features, training_days=70 | threshold=0.564 | labels: 1037 long, 1153 short (47/53%)
    [trial 7] Sharpe=-0.0756 (folds: 0.1132, -0.0558, -0.0317, -0.1706, -0.2330)
    [trial 8] 13 features, training_days=440 | threshold=0.653 | labels: 1037 long, 1153 short (47/53%)
    [trial 8] Sharpe=-0.0984 (folds: 0.0518, -0.3062, -0.3953, -0.0638, 0.2213)
    [trial 9] 13 features, training_days=360 | threshold=0.728 | labels: 1037 long, 1153 short (47/53%)
    [trial 9] Sharpe=-0.0814 (folds: 0.1068, -0.2254, -0.0548, -0.2440, 0.0105)
  Optuna: 10 trials, best Sharpe = -0.0756
  Best params: n_estimators=63, max_depth=3, lr=0.1807, leaves=47
  Best confidence_threshold: 0.564
  Best training_days: 70
  Retrained on full data (210 samples, 13 features)
  Model trained for 2022-12: 93 test candles with features, confidence_threshold=0.564
[trade:close] 2022-12-03 16:00 BCHUSDT SHORT → timeout @ 111.39 | PnL=+1.07% (net +0.97%) | cum=-10.29% 2022-12=+0.97% 2022-12-03=+0.97%
[lgbm] === Training for 2023-01 ===
  Train window: 2021-01-01 → 2023-01-01
  2190 training samples from 1 symbols
  Samples per month: 2021-01: 93, 2021-02: 84, 2021-03: 93, 2021-04: 90, 2021-05: 93, 2021-06: 90, 2021-07: 93, 2021-08: 93, 2021-09: 90, 2021-10: 93, 2021-11: 90, 2021-12: 93, 2022-01: 93, 2022-02: 84, 2022-03: 93, 2022-04: 90, 2022-05: 93, 2022-06: 90, 2022-07: 93, 2022-08: 93, 2022-09: 90, 2022-10: 93, 2022-11: 90, 2022-12: 93
  [label] 2021-03-04 08:00 BCHUSDT entry=517.2300 → LONG | long=sl(-7.53%) short=sl(-7.53%) | scanned=17 | no_tp→fwd_return=+2.4883
  [label] 2021-03-06 08:00 BCHUSDT entry=486.2700 → LONG | long=tp(+14.21%) short=sl(-7.26%) | scanned=11 | long_tp_only
  [label] 2021-03-10 08:00 BCHUSDT entry=550.5600 → LONG | long=sl(-5.29%) short=sl(-5.29%) | scanned=9 | no_tp→fwd_return=+7.9719
  [label] 2021-04-04 08:00 BCHUSDT entry=553.2600 → LONG | long=tp(+8.13%) short=sl(-4.21%) | scanned=3 | long_tp_only
  [label] 2021-05-27 08:00 BCHUSDT entry=783.6300 → SHORT | long=sl(-13.41%) short=timeout(+9.00%) | scanned=22 | no_tp→fwd_return=-9.1000
  [label] 2021-11-10 16:00 BCHUSDT entry=663.3000 → SHORT | long=sl(-3.73%) short=tp(+7.16%) | scanned=16 | short_tp_only
  [label] 2021-11-15 00:00 BCHUSDT entry=676.9900 → SHORT | long=sl(-3.03%) short=tp(+5.76%) | scanned=3 | short_tp_only
  [label] 2021-11-25 16:00 BCHUSDT entry=617.2900 → SHORT | long=sl(-3.55%) short=tp(+6.80%) | scanned=2 | short_tp_only
  [label] 2022-01-10 00:00 BCHUSDT entry=375.5100 → SHORT | long=sl(-3.41%) short=tp(+6.52%) | scanned=1 | short_tp_only
  [label] 2022-01-18 16:00 BCHUSDT entry=381.0600 → SHORT | long=sl(-2.88%) short=tp(+5.46%) | scanned=6 | short_tp_only
  [label] 2022-04-20 00:00 BCHUSDT entry=338.1700 → SHORT | long=sl(-3.30%) short=tp(+6.30%) | scanned=5 | short_tp_only
  [label] 2022-05-22 00:00 BCHUSDT entry=194.5000 → SHORT | long=sl(-6.95%) short=sl(-6.95%) | scanned=13 | no_tp→fwd_return=-5.3728
  [label] 2022-06-07 08:00 BCHUSDT entry=177.5100 → SHORT | long=sl(-4.57%) short=sl(-4.57%) | scanned=9 | no_tp→fwd_return=-3.8082
  [label] 2022-06-20 08:00 BCHUSDT entry=121.4000 → SHORT | long=sl(-7.93%) short=timeout(+7.71%) | scanned=22 | no_tp→fwd_return=-7.8089
  [label] 2022-07-09 00:00 BCHUSDT entry=110.6300 → SHORT | long=sl(-4.05%) short=tp(+7.80%) | scanned=8 | short_tp_only
  [label] 2022-07-15 08:00 BCHUSDT entry=104.1500 → LONG | long=tp(+7.49%) short=sl(-3.90%) | scanned=5 | long_tp_only
  [label] 2022-07-27 16:00 BCHUSDT entry=127.3200 → LONG | long=tp(+8.53%) short=sl(-4.41%) | scanned=1 | long_tp_only
  [label] 2022-09-05 16:00 BCHUSDT entry=125.5100 → SHORT | long=sl(-3.35%) short=tp(+6.39%) | scanned=3 | short_tp_only
  [label] 2022-09-15 16:00 BCHUSDT entry=117.4600 → SHORT | long=sl(-4.37%) short=sl(-4.37%) | scanned=9 | no_tp→fwd_return=-4.9038
  [label] 2022-12-11 08:00 BCHUSDT entry=109.0700 → SHORT | long=sl(-2.18%) short=tp(+4.05%) | scanned=2 | short_tp_only
  Labels: 1005 long (45.9%), 1185 short (54.1%) | weights: min=1.00, mean=2.37, max=10.00
  Features: 2190/2190 matched, 13 columns
  CV gap: 22 rows
    [trial 0] 13 features, training_days=230 | threshold=0.779 | labels: 1005 long, 1185 short (46/54%)
    [CV fold 0] train_end=2021-04-25 00:00 | val_start=2021-05-02 16:00 | gap=184h (22 rows)
    [CV fold 1] train_end=2021-08-24 16:00 | val_start=2021-09-01 08:00 | gap=184h (22 rows)
    [CV fold 2] train_end=2021-12-24 08:00 | val_start=2022-01-01 00:00 | gap=184h (22 rows)
    [CV fold 3] train_end=2022-04-25 00:00 | val_start=2022-05-02 16:00 | gap=184h (22 rows)
    [CV fold 4] train_end=2022-08-24 16:00 | val_start=2022-09-01 08:00 | gap=184h (22 rows)
    [trial 0] Sharpe=-0.1462 (folds: -0.1758, -0.1175, -0.2284, -0.0936, -0.1156)
    [trial 1] 13 features, training_days=410 | threshold=0.693 | labels: 1005 long, 1185 short (46/54%)
    [trial 1] Sharpe=-0.1402 (folds: -0.0469, -0.2240, -0.2023, -0.1425, -0.0853)
    [trial 2] 13 features, training_days=270 | threshold=0.546 | labels: 1005 long, 1185 short (46/54%)
    [trial 2] Sharpe=-0.1298 (folds: -0.0714, -0.1687, -0.0363, -0.1932, -0.1797)
    [trial 3] 13 features, training_days=270 | threshold=0.600 | labels: 1005 long, 1185 short (46/54%)
    [trial 3] Sharpe=-0.1326 (folds: -0.1352, -0.1810, -0.2288, -0.1103, -0.0076)
    [trial 4] 13 features, training_days=390 | threshold=0.764 | labels: 1005 long, 1185 short (46/54%)
    [trial 4] Sharpe=-0.1984 (folds: -0.1697, -0.1714, -0.3628, -0.1881, -0.1000)
    [trial 5] 13 features, training_days=60 | threshold=0.603 | labels: 1005 long, 1185 short (46/54%)[I 2026-05-07 00:27:24,531] Trial 5 finished with value: -0.09665849902895238 and parameters: {'confidence_threshold': 0.6029115860358569, 'training_days': 60, 'n_estimators': 441, 'max_depth': 3, 'num_leaves': 66, 'learning_rate': 0.044953114425778824, 'subsample': 0.7098948461279406, 'min_child_samples': 15, 'reg_alpha': 4.888753565548431e-07, 'reg_lambda': 4.198190642566389}. Best is trial 5 with value: -0.09665849902895238.
[I 2026-05-07 00:27:24,743] Trial 6 finished with value: -0.1925113746071358 and parameters: {'confidence_threshold': 0.7376932868314098, 'training_days': 290, 'n_estimators': 249, 'max_depth': 5, 'num_leaves': 121, 'learning_rate': 0.015565840632862623, 'subsample': 0.8390183783709677, 'min_child_samples': 19, 'reg_alpha': 1.860444687368747e-08, 'reg_lambda': 2.7391483548058117e-06}. Best is trial 5 with value: -0.09665849902895238.
[I 2026-05-07 00:27:24,778] Trial 7 finished with value: -0.09794176677330316 and parameters: {'confidence_threshold': 0.563503962036334, 'training_days': 70, 'n_estimators': 63, 'max_depth': 3, 'num_leaves': 47, 'learning_rate': 0.18074927623018475, 'subsample': 0.5059692991701257, 'min_child_samples': 9, 'reg_alpha': 3.6945804405602874e-08, 'reg_lambda': 0.027706035542028905}. Best is trial 5 with value: -0.09665849902895238.
[I 2026-05-07 00:27:24,855] Trial 8 finished with value: -0.09301867449488074 and parameters: {'confidence_threshold': 0.6525471176758836, 'training_days': 440, 'n_estimators': 116, 'max_depth': 4, 'num_leaves': 115, 'learning_rate': 0.010229952960863938, 'subsample': 0.5062159465415076, 'min_child_samples': 54, 'reg_alpha': 6.790626457822126e-06, 'reg_lambda': 1.7869141074987722e-05}. Best is trial 8 with value: -0.09301867449488074.
[I 2026-05-07 00:27:24,931] Trial 9 finished with value: -0.09489863892465705 and parameters: {'confidence_threshold': 0.7277571993354469, 'training_days': 360, 'n_estimators': 75, 'max_depth': 5, 'num_leaves': 41, 'learning_rate': 0.014186743931212992, 'subsample': 0.7445187273047605, 'min_child_samples': 22, 'reg_alpha': 0.02393227447113315, 'reg_lambda': 0.009236766173618426}. Best is trial 8 with value: -0.09301867449488074.
[I 2026-05-07 00:27:25,137] A new study created in memory with name: no-name-69bca2d9-66bc-4e5f-8d98-ad1cdf79ecb6
[I 2026-05-07 00:27:25,385] Trial 0 finished with value: -0.047123372835314835 and parameters: {'confidence_threshold': 0.7790993046299082, 'training_days': 230, 'n_estimators': 295, 'max_depth': 5, 'num_leaves': 83, 'learning_rate': 0.051543455158230854, 'subsample': 0.8773243492079463, 'min_child_samples': 10, 'reg_alpha': 0.034096514368237685, 'reg_lambda': 3.154180388637081e-05}. Best is trial 0 with value: -0.047123372835314835.
[I 2026-05-07 00:27:25,514] Trial 1 finished with value: -0.022249505918416127 and parameters: {'confidence_threshold': 0.6929247853618086, 'training_days': 410, 'n_estimators': 233, 'max_depth': 5, 'num_leaves': 108, 'learning_rate': 0.013724237108071606, 'subsample': 0.7013182233636002, 'min_child_samples': 94, 'reg_alpha': 2.4040959529260723e-06, 'reg_lambda': 5.320966582161148}. Best is trial 1 with value: -0.022249505918416127.
[I 2026-05-07 00:27:25,573] Trial 2 finished with value: -0.09878292148254592 and parameters: {'confidence_threshold': 0.546341527225763, 'training_days': 270, 'n_estimators': 120, 'max_depth': 4, 'num_leaves': 53, 'learning_rate': 0.060197068579343475, 'subsample': 0.588227873455941, 'min_child_samples': 91, 'reg_alpha': 2.3457771824819002e-08, 'reg_lambda': 1.1358840775642732e-08}. Best is trial 1 with value: -0.022249505918416127.
[I 2026-05-07 00:27:25,731] Trial 3 finished with value: -0.02746490234857969 and parameters: {'confidence_threshold': 0.6000319676300473, 'training_days': 270, 'n_estimators': 382, 'max_depth': 4, 'num_leaves': 44, 'learning_rate': 0.09185046765032388, 'subsample': 0.6743651508646724, 'min_child_samples': 77, 'reg_alpha': 0.0013974578104212739, 'reg_lambda': 8.97190257982477e-08}. Best is trial 1 with value: -0.022249505918416127.
[I 2026-05-07 00:27:26,070] Trial 4 finished with value: -0.07901808086587012 and parameters: {'confidence_threshold': 0.7642618789055509, 'training_days': 390, 'n_estimators': 464, 'max_depth': 5, 'num_leaves': 30, 'learning_rate': 0.024562383309704932, 'subsample': 0.8612975035964376, 'min_child_samples': 36, 'reg_alpha': 1.593999300080167, 'reg_lambda': 0.006081270362829788}. Best is trial 1 with value: -0.022249505918416127.
[I 2026-05-07 00:27:26,199] Trial 5 finished with value: 0.07778558598745829 and parameters: {'confidence_threshold': 0.6029115860358569, 'training_days': 60, 'n_estimators': 441, 'max_depth': 3, 'num_leaves': 66, 'learning_rate': 0.044953114425778824, 'subsample': 0.7098948461279406, 'min_child_samples': 15, 'reg_alpha': 4.888753565548431e-07, 'reg_lambda': 4.198190642566389}. Best is trial 5 with value: 0.07778558598745829.
[I 2026-05-07 00:27:26,408] Trial 6 finished with value: -0.05147000654677747 and parameters: {'confidence_threshold': 0.7376932868314098, 'training_days': 290, 'n_estimators': 249, 'max_depth': 5, 'num_leaves': 121, 'learning_rate': 0.015565840632862623, 'subsample': 0.8390183783709677, 'min_child_samples': 19, 'reg_alpha': 1.860444687368747e-08, 'reg_lambda': 2.7391483548058117e-06}. Best is trial 5 with value: 0.07778558598745829.
[I 2026-05-07 00:27:26,442] Trial 7 finished with value: 0.07611861308845871 and parameters: {'confidence_threshold': 0.563503962036334, 'training_days': 70, 'n_estimators': 63, 'max_depth': 3, 'num_leaves': 47, 'learning_rate': 0.18074927623018475, 'subsample': 0.5059692991701257, 'min_child_samples': 9, 'reg_alpha': 3.6945804405602874e-08, 'reg_lambda': 0.027706035542028905}. Best is trial 5 with value: 0.07778558598745829.
[I 2026-05-07 00:27:26,520] Trial 8 finished with value: -0.19658852932952955 and parameters: {'confidence_threshold': 0.6525471176758836, 'training_days': 440, 'n_estimators': 116, 'max_depth': 4, 'num_leaves': 115, 'learning_rate': 0.010229952960863938, 'subsample': 0.5062159465415076, 'min_child_samples': 54, 'reg_alpha': 6.790626457822126e-06, 'reg_lambda': 1.7869141074987722e-05}. Best is trial 5 with value: 0.07778558598745829.
