[I 2026-05-07 00:27:06,568] Trial 9 finished with value: -0.17623130277726498 and parameters: {'confidence_threshold': 0.7277571993354469, 'training_days': 360, 'n_estimators': 75, 'max_depth': 5, 'num_leaves': 41, 'learning_rate': 0.014186743931212992, 'subsample': 0.7445187273047605, 'min_child_samples': 22, 'reg_alpha': 0.02393227447113315, 'reg_lambda': 0.009236766173618426}. Best is trial 5 with value: 0.060708503683887936.

    [trial 9] 13 features, training_days=360 | threshold=0.728 | labels: 1197 long, 996 short (55/45%)
    [trial 9] Sharpe=-0.0173 (folds: 0.0706, 0.1678, 0.4506, -0.3233, -0.4524)
  Optuna: 10 trials, best Sharpe = 0.0226
  Best params: n_estimators=63, max_depth=3, lr=0.1807, leaves=47
  Best confidence_threshold: 0.564
  Best training_days: 70
  Retrained on full data (210 samples, 13 features)
  Model trained for 2022-01: 93 test candles with features, confidence_threshold=0.564
[predict] 2022-01-29 00:00 BCHUSDT → SHORT (proba=0.92 TP=9.6%/SL=4.8%)
[trade:open] 2022-01-29 07:59 BCHUSDT SHORT @ 297.63 | SL=311.90 TP=269.09 | timeout=2022-02-05 07:59
[lgbm] === Training for 2022-02 ===
  Train window: 2020-02-01 → 2022-02-01
  2193 training samples from 1 symbols
  Samples per month: 2020-02: 87, 2020-03: 93, 2020-04: 90, 2020-05: 93, 2020-06: 90, 2020-07: 93, 2020-08: 93, 2020-09: 90, 2020-10: 93, 2020-11: 90, 2020-12: 93, 2021-01: 93, 2021-02: 84, 2021-03: 93, 2021-04: 90, 2021-05: 93, 2021-06: 90, 2021-07: 93, 2021-08: 93, 2021-09: 90, 2021-10: 93, 2021-11: 90, 2021-12: 93, 2022-01: 93
  [label] 2020-04-03 08:00 BCHUSDT entry=234.6900 → LONG | long=tp(+10.02%) short=sl(-5.16%) | scanned=10 | long_tp_only
  [label] 2020-04-05 16:00 BCHUSDT entry=231.0800 → LONG | long=tp(+9.05%) short=sl(-4.68%) | scanned=3 | long_tp_only
  [label] 2020-04-09 08:00 BCHUSDT entry=259.3900 → SHORT | long=sl(-4.90%) short=tp(+9.50%) | scanned=2 | short_tp_only
  [label] 2020-05-04 08:00 BCHUSDT entry=246.6200 → LONG | long=sl(-4.09%) short=sl(-4.09%) | scanned=10 | no_tp→fwd_return=+2.2829
  [label] 2020-06-26 08:00 BCHUSDT entry=230.2500 → SHORT | long=sl(-2.39%) short=tp(+4.47%) | scanned=4 | short_tp_only
  [label] 2020-12-11 08:00 BCHUSDT entry=261.1500 → LONG | long=tp(+8.98%) short=sl(-4.64%) | scanned=12 | long_tp_only
  [label] 2020-12-15 08:00 BCHUSDT entry=292.9400 → LONG | long=sl(-3.76%) short=sl(-3.76%) | scanned=3 | no_tp→fwd_return=+3.7277
  [label] 2020-12-26 00:00 BCHUSDT entry=318.8700 → LONG | long=tp(+11.99%) short=sl(-6.15%) | scanned=4 | long_tp_only
  [label] 2021-02-09 08:00 BCHUSDT entry=493.0300 → SHORT | long=sl(-5.01%) short=sl(-5.01%) | scanned=3 | no_tp→fwd_return=-3.0343
  [label] 2021-02-18 00:00 BCHUSDT entry=716.0900 → SHORT | long=sl(-6.36%) short=tp(+12.42%) | scanned=8 | short_tp_only
  [label] 2021-05-20 16:00 BCHUSDT entry=817.3000 → SHORT | long=sl(-17.33%) short=tp(+34.35%) | scanned=8 | short_tp_only
  [label] 2021-06-21 16:00 BCHUSDT entry=455.2800 → SHORT | long=sl(-7.15%) short=tp(+13.99%) | scanned=2 | short_tp_only
  [label] 2021-07-08 00:00 BCHUSDT entry=484.5600 → SHORT | long=sl(-4.87%) short=sl(-4.87%) | scanned=17 | no_tp→fwd_return=-4.0367
  [label] 2021-07-21 00:00 BCHUSDT entry=413.7800 → LONG | long=tp(+8.61%) short=sl(-4.46%) | scanned=6 | long_tp_only
  [label] 2021-08-08 16:00 BCHUSDT entry=555.8400 → LONG | long=tp(+6.89%) short=sl(-3.59%) | scanned=2 | long_tp_only
  [label] 2021-08-15 00:00 BCHUSDT entry=679.8600 → SHORT | long=sl(-3.68%) short=sl(-3.68%) | scanned=8 | no_tp→fwd_return=-5.8747
  [label] 2021-08-27 08:00 BCHUSDT entry=626.2200 → LONG | long=tp(+7.16%) short=sl(-3.73%) | scanned=5 | long_tp_only
  [label] 2021-10-06 08:00 BCHUSDT entry=620.2700 → SHORT | long=sl(-3.76%) short=tp(+7.23%) | scanned=18 | short_tp_only
  [label] 2021-10-16 08:00 BCHUSDT entry=640.9900 → SHORT | long=sl(-3.42%) short=tp(+6.55%) | scanned=4 | short_tp_only
  [label] 2022-01-11 08:00 BCHUSDT entry=367.4200 → LONG | long=tp(+6.99%) short=sl(-3.64%) | scanned=10 | long_tp_only
  Labels: 1145 long (52.2%), 1048 short (47.8%) | weights: min=1.01, mean=2.42, max=10.00
  Features: 2193/2193 matched, 13 columns
  CV gap: 22 rows
    [trial 0] 13 features, training_days=230 | threshold=0.779 | labels: 1145 long, 1048 short (52/48%)
    [CV fold 0] train_end=2020-05-26 00:00 | val_start=2020-06-02 16:00 | gap=184h (22 rows)
    [CV fold 1] train_end=2020-09-24 16:00 | val_start=2020-10-02 08:00 | gap=184h (22 rows)
    [CV fold 2] train_end=2021-01-24 08:00 | val_start=2021-02-01 00:00 | gap=184h (22 rows)
    [CV fold 3] train_end=2021-05-26 00:00 | val_start=2021-06-02 16:00 | gap=184h (22 rows)
    [CV fold 4] train_end=2021-09-24 16:00 | val_start=2021-10-02 08:00 | gap=184h (22 rows)
    [trial 0] Sharpe=-0.0647 (folds: 0.0104, -0.0368, -0.1021, -0.1242, -0.0709)
    [trial 1] 13 features, training_days=410 | threshold=0.693 | labels: 1145 long, 1048 short (52/48%)
    [trial 1] Sharpe=-0.0950 (folds: -0.0249, -0.2374, 0.0323, -0.1431, -0.1021)
    [trial 2] 13 features, training_days=270 | threshold=0.546 | labels: 1145 long, 1048 short (52/48%)
    [trial 2] Sharpe=-0.0329 (folds: 0.0406, -0.0094, -0.0490, -0.0528, -0.0940)
    [trial 3] 13 features, training_days=270 | threshold=0.600 | labels: 1145 long, 1048 short (52/48%)
    [trial 3] Sharpe=-0.0115 (folds: 0.0606, -0.0576, -0.0142, 0.0180, -0.0640)
    [trial 4] 13 features, training_days=390 | threshold=0.764 | labels: 1145 long, 1048 short (52/48%)
    [trial 4] Sharpe=-0.0493 (folds: 0.0269, 0.0997, -0.0262, -0.1510, -0.1960)
    [trial 5] 13 features, training_days=60 | threshold=0.603 | labels: 1145 long, 1048 short (52/48%)
    [trial 5] Sharpe=0.0607 (folds: 0.1405, 0.0943, 0.0133, 0.0363, 0.0192)
    [trial 6] 13 features, training_days=290 | threshold=0.738 | labels: 1145 long, 1048 short (52/48%)
    [trial 6] Sharpe=0.0070 (folds: 0.0008, 0.2221, -0.0126, -0.0059, -0.1695)
    [trial 7] 13 features, training_days=70 | threshold=0.564 | labels: 1145 long, 1048 short (52/48%)
    [trial 7] Sharpe=0.0281 (folds: 0.1462, -0.0193, 0.0085, 0.0704, -0.0654)
    [trial 8] 13 features, training_days=440 | threshold=0.653 | labels: 1145 long, 1048 short (52/48%)
    [trial 8] Sharpe=-0.0177 (folds: -0.0417, 0.2147, -0.0280, -0.1471, -0.0865)
    [trial 9] 13 features, training_days=360 | threshold=0.728 | labels: 1145 long, 1048 short (52/48%)
    [trial 9] Sharpe=-0.1762 (folds: -0.6283, 0.2575, -0.0733, -0.2592, -0.1778)
  Optuna: 10 trials, best Sharpe = 0.0607
  Best params: n_estimators=441, max_depth=3, lr=0.0450, leaves=66
  Best confidence_threshold: 0.603
  Best training_days: 60
  Retrained on full data (180 samples, 13 features)
  Model trained for 2022-02: 84 test candles with features, confidence_threshold=0.603
[trade:close] 2022-02-05 07:59 BCHUSDT SHORT → stop_loss @ 311.90 | PnL=-4.79% (net -4.89%) | cum=-4.89% 2022-02=-4.89% 2022-02-05=-4.89%
[predict] 2022-02-10 00:00 BCHUSDT → SHORT (proba=0.99 TP=7.0%/SL=3.5%)
[trade:open] 2022-02-10 07:59 BCHUSDT SHORT @ 345.71 | SL=357.83 TP=321.47 | timeout=2022-02-17 07:59
[trade:close] 2022-02-10 15:59 BCHUSDT SHORT → stop_loss @ 357.83 | PnL=-3.51% (net -3.61%) | cum=-8.50% 2022-02=-8.50% 2022-02-10=-3.61%
[predict] 2022-02-24 08:00 BCHUSDT → SHORT (proba=0.89 TP=9.2%/SL=4.6%)
[trade:open] 2022-02-24 15:59 BCHUSDT SHORT @ 272.97 | SL=285.56 TP=247.78 | timeout=2022-03-03 15:59
[trade:close] 2022-02-24 23:59 BCHUSDT SHORT → stop_loss @ 285.56 | PnL=-4.61% (net -4.71%) | cum=-13.21% 2022-02=-13.21% 2022-02-24=-4.71%
[lgbm] === Training for 2022-03 ===
  Train window: 2020-03-01 → 2022-03-01
  2190 training samples from 1 symbols
  Samples per month: 2020-03: 93, 2020-04: 90, 2020-05: 93, 2020-06: 90, 2020-07: 93, 2020-08: 93, 2020-09: 90, 2020-10: 93, 2020-11: 90, 2020-12: 93, 2021-01: 93, 2021-02: 84, 2021-03: 93, 2021-04: 90, 2021-05: 93, 2021-06: 90, 2021-07: 93, 2021-08: 93, 2021-09: 90, 2021-10: 93, 2021-11: 90, 2021-12: 93, 2022-01: 93, 2022-02: 84
  [label] 2020-05-02 08:00 BCHUSDT entry=255.9300 → SHORT | long=sl(-3.65%) short=sl(-3.65%) | scanned=3 | no_tp→fwd_return=-2.4616
  [label] 2020-05-04 08:00 BCHUSDT entry=246.6200 → LONG | long=sl(-4.09%) short=sl(-4.09%) | scanned=10 | no_tp→fwd_return=+2.2829
  [label] 2020-05-08 08:00 BCHUSDT entry=255.1800 → LONG | long=tp(+7.17%) short=sl(-3.74%) | scanned=2 | long_tp_only
  [label] 2020-06-02 08:00 BCHUSDT entry=248.9900 → LONG | long=timeout(+1.76%) short=sl(-3.71%) | scanned=22 | no_tp→fwd_return=+1.8635
  [label] 2020-07-25 08:00 BCHUSDT entry=242.5000 → LONG | long=tp(+4.13%) short=sl(-2.21%) | scanned=1 | long_tp_only[I 2026-05-07 00:27:06,739] A new study created in memory with name: no-name-14fc73bb-a27c-416f-a9cf-338ddb759ac4
[I 2026-05-07 00:27:07,003] Trial 0 finished with value: -0.06964041533222035 and parameters: {'confidence_threshold': 0.7790993046299082, 'training_days': 230, 'n_estimators': 295, 'max_depth': 5, 'num_leaves': 83, 'learning_rate': 0.051543455158230854, 'subsample': 0.8773243492079463, 'min_child_samples': 10, 'reg_alpha': 0.034096514368237685, 'reg_lambda': 3.154180388637081e-05}. Best is trial 0 with value: -0.06964041533222035.
[I 2026-05-07 00:27:07,130] Trial 1 finished with value: -0.09297631299736324 and parameters: {'confidence_threshold': 0.6929247853618086, 'training_days': 410, 'n_estimators': 233, 'max_depth': 5, 'num_leaves': 108, 'learning_rate': 0.013724237108071606, 'subsample': 0.7013182233636002, 'min_child_samples': 94, 'reg_alpha': 2.4040959529260723e-06, 'reg_lambda': 5.320966582161148}. Best is trial 0 with value: -0.06964041533222035.
[I 2026-05-07 00:27:07,189] Trial 2 finished with value: -0.06318914162416282 and parameters: {'confidence_threshold': 0.546341527225763, 'training_days': 270, 'n_estimators': 120, 'max_depth': 4, 'num_leaves': 53, 'learning_rate': 0.060197068579343475, 'subsample': 0.588227873455941, 'min_child_samples': 91, 'reg_alpha': 2.3457771824819002e-08, 'reg_lambda': 1.1358840775642732e-08}. Best is trial 2 with value: -0.06318914162416282.
[I 2026-05-07 00:27:07,370] Trial 3 finished with value: -0.0730475972352288 and parameters: {'confidence_threshold': 0.6000319676300473, 'training_days': 270, 'n_estimators': 382, 'max_depth': 4, 'num_leaves': 44, 'learning_rate': 0.09185046765032388, 'subsample': 0.6743651508646724, 'min_child_samples': 77, 'reg_alpha': 0.0013974578104212739, 'reg_lambda': 8.97190257982477e-08}. Best is trial 2 with value: -0.06318914162416282.
[I 2026-05-07 00:27:07,703] Trial 4 finished with value: -0.05865174220353564 and parameters: {'confidence_threshold': 0.7642618789055509, 'training_days': 390, 'n_estimators': 464, 'max_depth': 5, 'num_leaves': 30, 'learning_rate': 0.024562383309704932, 'subsample': 0.8612975035964376, 'min_child_samples': 36, 'reg_alpha': 1.593999300080167, 'reg_lambda': 0.006081270362829788}. Best is trial 4 with value: -0.05865174220353564.
[I 2026-05-07 00:27:07,839] Trial 5 finished with value: 0.05154915523173363 and parameters: {'confidence_threshold': 0.6029115860358569, 'training_days': 60, 'n_estimators': 441, 'max_depth': 3, 'num_leaves': 66, 'learning_rate': 0.044953114425778824, 'subsample': 0.7098948461279406, 'min_child_samples': 15, 'reg_alpha': 4.888753565548431e-07, 'reg_lambda': 4.198190642566389}. Best is trial 5 with value: 0.05154915523173363.
[I 2026-05-07 00:27:08,075] Trial 6 finished with value: 0.010607729763025282 and parameters: {'confidence_threshold': 0.7376932868314098, 'training_days': 290, 'n_estimators': 249, 'max_depth': 5, 'num_leaves': 121, 'learning_rate': 0.015565840632862623, 'subsample': 0.8390183783709677, 'min_child_samples': 19, 'reg_alpha': 1.860444687368747e-08, 'reg_lambda': 2.7391483548058117e-06}. Best is trial 5 with value: 0.05154915523173363.
[I 2026-05-07 00:27:08,110] Trial 7 finished with value: 0.007246979031376477 and parameters: {'confidence_threshold': 0.563503962036334, 'training_days': 70, 'n_estimators': 63, 'max_depth': 3, 'num_leaves': 47, 'learning_rate': 0.18074927623018475, 'subsample': 0.5059692991701257, 'min_child_samples': 9, 'reg_alpha': 3.6945804405602874e-08, 'reg_lambda': 0.027706035542028905}. Best is trial 5 with value: 0.05154915523173363.
[I 2026-05-07 00:27:08,185] Trial 8 finished with value: -0.08222806170460724 and parameters: {'confidence_threshold': 0.6525471176758836, 'training_days': 440, 'n_estimators': 116, 'max_depth': 4, 'num_leaves': 115, 'learning_rate': 0.010229952960863938, 'subsample': 0.5062159465415076, 'min_child_samples': 54, 'reg_alpha': 6.790626457822126e-06, 'reg_lambda': 1.7869141074987722e-05}. Best is trial 5 with value: 0.05154915523173363.
[I 2026-05-07 00:27:08,266] Trial 9 finished with value: -2.0137295876933816 and parameters: {'confidence_threshold': 0.7277571993354469, 'training_days': 360, 'n_estimators': 75, 'max_depth': 5, 'num_leaves': 41, 'learning_rate': 0.014186743931212992, 'subsample': 0.7445187273047605, 'min_child_samples': 22, 'reg_alpha': 0.02393227447113315, 'reg_lambda': 0.009236766173618426}. Best is trial 5 with value: 0.05154915523173363.

  [label] 2021-01-08 16:00 BCHUSDT entry=437.3300 → LONG | long=tp(+13.10%) short=sl(-6.70%) | scanned=3 | long_tp_only
  [label] 2021-01-13 00:00 BCHUSDT entry=474.7000 → LONG | long=timeout(+6.20%) short=sl(-10.28%) | scanned=22 | no_tp→fwd_return=+6.3008
  [label] 2021-01-23 16:00 BCHUSDT entry=431.8900 → SHORT | long=sl(-7.86%) short=sl(-7.86%) | scanned=11 | no_tp→fwd_return=-11.3316
  [label] 2021-03-10 00:00 BCHUSDT entry=530.1000 → LONG | long=tp(+10.79%) short=sl(-5.55%) | scanned=10 | long_tp_only
  [label] 2021-03-18 16:00 BCHUSDT entry=528.6200 → SHORT | long=sl(-4.96%) short=tp(+9.62%) | scanned=18 | short_tp_only
  [label] 2021-06-18 00:00 BCHUSDT entry=593.4600 → SHORT | long=sl(-5.23%) short=tp(+10.17%) | scanned=7 | short_tp_only
  [label] 2021-07-20 00:00 BCHUSDT entry=395.3900 → LONG | long=tp(+8.99%) short=sl(-4.64%) | scanned=5 | long_tp_only
  [label] 2021-08-05 08:00 BCHUSDT entry=534.3100 → LONG | long=tp(+7.42%) short=sl(-3.86%) | scanned=5 | long_tp_only
  [label] 2021-08-18 08:00 BCHUSDT entry=646.6700 → LONG | long=sl(-3.94%) short=sl(-3.94%) | scanned=6 | no_tp→fwd_return=+5.2422
  [label] 2021-09-06 00:00 BCHUSDT entry=783.4300 → SHORT | long=sl(-3.21%) short=tp(+6.12%) | scanned=4 | short_tp_only
  [label] 2021-09-12 08:00 BCHUSDT entry=649.4400 → SHORT | long=sl(-4.33%) short=tp(+8.36%) | scanned=3 | short_tp_only
  [label] 2021-09-24 16:00 BCHUSDT entry=513.1200 → LONG | long=sl(-5.06%) short=sl(-5.06%) | scanned=21 | no_tp→fwd_return=+5.9440
  [label] 2021-11-03 16:00 BCHUSDT entry=611.9800 → SHORT | long=sl(-3.21%) short=sl(-3.21%) | scanned=5 | no_tp→fwd_return=-2.7681
  [label] 2021-11-13 16:00 BCHUSDT entry=665.8900 → SHORT | long=sl(-3.25%) short=tp(+6.21%) | scanned=7 | short_tp_only
  [label] 2022-02-08 08:00 BCHUSDT entry=330.1400 → LONG | long=tp(+7.48%) short=sl(-3.89%) | scanned=6 | long_tp_only
  Labels: 1136 long (51.9%), 1054 short (48.1%) | weights: min=1.01, mean=2.41, max=10.00
  Features: 2190/2190 matched, 13 columns
  CV gap: 22 rows
    [trial 0] 13 features, training_days=230 | threshold=0.779 | labels: 1136 long, 1054 short (52/48%)
    [CV fold 0] train_end=2020-06-23 00:00 | val_start=2020-06-30 16:00 | gap=184h (22 rows)
    [CV fold 1] train_end=2020-10-22 16:00 | val_start=2020-10-30 08:00 | gap=184h (22 rows)
    [CV fold 2] train_end=2021-02-21 08:00 | val_start=2021-03-01 00:00 | gap=184h (22 rows)
    [CV fold 3] train_end=2021-06-23 00:00 | val_start=2021-06-30 16:00 | gap=184h (22 rows)
    [CV fold 4] train_end=2021-10-22 16:00 | val_start=2021-10-30 08:00 | gap=184h (22 rows)
    [trial 0] Sharpe=-0.0696 (folds: 0.2065, -0.0328, -0.1758, -0.1256, -0.2204)
    [trial 1] 13 features, training_days=410 | threshold=0.693 | labels: 1136 long, 1054 short (52/48%)
    [trial 1] Sharpe=-0.0930 (folds: 0.0821, -0.1203, -0.1427, -0.1105, -0.1735)
    [trial 2] 13 features, training_days=270 | threshold=0.546 | labels: 1136 long, 1054 short (52/48%)
    [trial 2] Sharpe=-0.0632 (folds: 0.0861, 0.0079, -0.1142, -0.1639, -0.1319)
    [trial 3] 13 features, training_days=270 | threshold=0.600 | labels: 1136 long, 1054 short (52/48%)
    [trial 3] Sharpe=-0.0730 (folds: 0.0837, -0.0558, -0.2053, -0.1047, -0.0832)
    [trial 4] 13 features, training_days=390 | threshold=0.764 | labels: 1136 long, 1054 short (52/48%)
    [trial 4] Sharpe=-0.0587 (folds: 0.1520, -0.0689, -0.1246, -0.0274, -0.2244)
    [trial 5] 13 features, training_days=60 | threshold=0.603 | labels: 1136 long, 1054 short (52/48%)
    [trial 5] Sharpe=0.0515 (folds: 0.1533, 0.1126, 0.0638, 0.1013, -0.1731)
    [trial 6] 13 features, training_days=290 | threshold=0.738 | labels: 1136 long, 1054 short (52/48%)
    [trial 6] Sharpe=0.0106 (folds: 0.1893, 0.0863, -0.0714, 0.0167, -0.1679)
    [trial 7] 13 features, training_days=70 | threshold=0.564 | labels: 1136 long, 1054 short (52/48%)
    [trial 7] Sharpe=0.0072 (folds: 0.0432, -0.0555, 0.1649, 0.1266, -0.2429)
    [trial 8] 13 features, training_days=440 | threshold=0.653 | labels: 1136 long, 1054 short (52/48%)
    [trial 8] Sharpe=-0.0822 (folds: -0.0705, -0.0063, -0.1099, -0.1798, -0.0446)
    [trial 9] 13 features, training_days=360 | threshold=0.728 | labels: 1136 long, 1054 short (52/48%)
    [trial 9] Sharpe=-2.0137 (folds: -0.0596, 0.3803, -0.2004, -10.0000, -0.1890)
  Optuna: 10 trials, best Sharpe = 0.0515
  Best params: n_estimators=441, max_depth=3, lr=0.0450, leaves=66
  Best confidence_threshold: 0.603
  Best training_days: 60
  Retrained on full data (180 samples, 13 features)
  Model trained for 2022-03: 93 test candles with features, confidence_threshold=0.603
[predict] 2022-03-23 00:00 BCHUSDT → SHORT (proba=0.99 TP=6.9%/SL=3.5%)
[trade:open] 2022-03-23 07:59 BCHUSDT SHORT @ 362.52 | SL=375.10 TP=337.36 | timeout=2022-03-30 07:59
[trade:close] 2022-03-27 23:59 BCHUSDT SHORT → stop_loss @ 375.10 | PnL=-3.47% (net -3.57%) | cum=-16.78% 2022-03=-3.57% 2022-03-27=-3.57%
[predict] 2022-03-29 08:00 BCHUSDT → SHORT (proba=0.90 TP=6.8%/SL=3.4%)
[trade:open] 2022-03-29 15:59 BCHUSDT SHORT @ 372.82 | SL=385.45 TP=347.55 | timeout=2022-04-05 15:59
[trade:close] 2022-03-30 15:59 BCHUSDT SHORT → stop_loss @ 385.45 | PnL=-3.39% (net -3.49%) | cum=-20.27% 2022-03=-7.06% 2022-03-30=-3.49%
[lgbm] === Training for 2022-04 ===
  Train window: 2020-04-01 → 2022-04-01
  2190 training samples from 1 symbols
  Samples per month: 2020-04: 90, 2020-05: 93, 2020-06: 90, 2020-07: 93, 2020-08: 93, 2020-09: 90, 2020-10: 93, 2020-11: 90, 2020-12: 93, 2021-01: 93, 2021-02: 84, 2021-03: 93, 2021-04: 90, 2021-05: 93, 2021-06: 90, 2021-07: 93, 2021-08: 93, 2021-09: 90, 2021-10: 93, 2021-11: 90, 2021-12: 93, 2022-01: 93, 2022-02: 84, 2022-03: 93
  [label] 2020-06-02 08:00 BCHUSDT entry=248.9900 → LONG | long=timeout(+1.76%) short=sl(-3.71%) | scanned=22 | no_tp→fwd_return=+1.8635
  [label] 2020-06-04 08:00 BCHUSDT entry=257.0600 → SHORT | long=sl(-3.40%) short=timeout(+4.41%) | scanned=22 | no_tp→fwd_return=-4.5126
  [label] 2020-06-08 08:00 BCHUSDT entry=253.6900 → SHORT | long=sl(-3.01%) short=tp(+5.71%) | scanned=10 | short_tp_only
  [label] 2020-07-03 08:00 BCHUSDT entry=222.4900 → LONG | long=sl(-2.41%) short=sl(-2.41%) | scanned=8 | no_tp→fwd_return=+2.5619
  [label] 2020-08-25 08:00 BCHUSDT entry=279.0400 → LONG | long=sl(-3.97%) short=timeout(-2.25%) | scanned=22 | no_tp→fwd_return=+2.1502
  [label] 2021-02-08 16:00 BCHUSDT entry=485.0000 → LONG | long=tp(+9.57%) short=sl(-4.94%) | scanned=4 | long_tp_only
  [label] 2021-02-13 00:00 BCHUSDT entry=560.4300 → LONG | long=tp(+10.31%) short=sl(-5.30%) | scanned=2 | long_tp_only
  [label] 2021-02-23 16:00 BCHUSDT entry=515.4900 → LONG | long=sl(-11.31%) short=timeout(-0.48%) | scanned=22 | no_tp→fwd_return=+0.3841
  [label] 2021-04-10 00:00 BCHUSDT entry=664.9100 → LONG | long=tp(+8.77%) short=sl(-4.53%) | scanned=10 | long_tp_only
  [label] 2021-04-18 16:00 BCHUSDT entry=973.2700 → SHORT | long=sl(-7.83%) short=tp(+15.35%) | scanned=13 | short_tp_only
  [label] 2021-07-19 00:00 BCHUSDT entry=437.7500 → SHORT | long=sl(-4.09%) short=tp(+7.88%) | scanned=3 | short_tp_only
  [label] 2021-08-20 00:00 BCHUSDT entry=657.1500 → SHORT | long=sl(-3.73%) short=sl(-3.73%) | scanned=14 | no_tp→fwd_return=-3.1074
  [label] 2021-09-05 08:00 BCHUSDT entry=729.6000 → LONG | long=tp(+6.03%) short=sl(-3.17%) | scanned=2 | long_tp_only
  [label] 2021-09-18 08:00 BCHUSDT entry=630.4400 → SHORT | long=sl(-3.72%) short=tp(+7.13%) | scanned=5 | short_tp_only
  [label] 2021-10-07 00:00 BCHUSDT entry=624.7700 → SHORT | long=sl(-3.73%) short=tp(+7.16%) | scanned=12 | short_tp_only
  [label] 2021-10-13 08:00 BCHUSDT entry=586.0600 → LONG | long=tp(+7.52%) short=sl(-3.91%) | scanned=5 | long_tp_only
  [label] 2021-10-25 16:00 BCHUSDT entry=621.8900 → SHORT | long=sl(-2.95%) short=tp(+5.59%) | scanned=5 | short_tp_only
  [label] 2021-12-04 16:00 BCHUSDT entry=472.8600 → LONG | long=sl(-5.98%) short=sl(-5.98%) | scanned=8 | no_tp→fwd_return=+4.1281
  [label] 2021-12-14 16:00 BCHUSDT entry=436.4900 → LONG | long=timeout(+0.13%) short=timeout(-0.33%) | scanned=22 | no_tp→fwd_return=+0.2337[I 2026-05-07 00:27:08,434] A new study created in memory with name: no-name-512a2a74-dd8e-49cf-9180-6b2d63ba32a1
[I 2026-05-07 00:27:08,672] Trial 0 finished with value: -0.037543984836327676 and parameters: {'confidence_threshold': 0.7790993046299082, 'training_days': 230, 'n_estimators': 295, 'max_depth': 5, 'num_leaves': 83, 'learning_rate': 0.051543455158230854, 'subsample': 0.8773243492079463, 'min_child_samples': 10, 'reg_alpha': 0.034096514368237685, 'reg_lambda': 3.154180388637081e-05}. Best is trial 0 with value: -0.037543984836327676.
