[I 2026-05-07 00:28:12,810] Trial 1 finished with value: -0.16716091007639805 and parameters: {'confidence_threshold': 0.6929247853618086, 'training_days': 410, 'n_estimators': 233, 'max_depth': 5, 'num_leaves': 108, 'learning_rate': 0.013724237108071606, 'subsample': 0.7013182233636002, 'min_child_samples': 94, 'reg_alpha': 2.4040959529260723e-06, 'reg_lambda': 5.320966582161148}. Best is trial 0 with value: -0.12748609662073518.
[I 2026-05-07 00:28:12,878] Trial 2 finished with value: -0.10990833377108375 and parameters: {'confidence_threshold': 0.546341527225763, 'training_days': 270, 'n_estimators': 120, 'max_depth': 4, 'num_leaves': 53, 'learning_rate': 0.060197068579343475, 'subsample': 0.588227873455941, 'min_child_samples': 91, 'reg_alpha': 2.3457771824819002e-08, 'reg_lambda': 1.1358840775642732e-08}. Best is trial 2 with value: -0.10990833377108375.
[I 2026-05-07 00:28:13,084] Trial 3 finished with value: -0.1458750653656427 and parameters: {'confidence_threshold': 0.6000319676300473, 'training_days': 270, 'n_estimators': 382, 'max_depth': 4, 'num_leaves': 44, 'learning_rate': 0.09185046765032388, 'subsample': 0.6743651508646724, 'min_child_samples': 77, 'reg_alpha': 0.0013974578104212739, 'reg_lambda': 8.97190257982477e-08}. Best is trial 2 with value: -0.10990833377108375.
[I 2026-05-07 00:28:13,447] Trial 4 finished with value: -0.1743378887734503 and parameters: {'confidence_threshold': 0.7642618789055509, 'training_days': 390, 'n_estimators': 464, 'max_depth': 5, 'num_leaves': 30, 'learning_rate': 0.024562383309704932, 'subsample': 0.8612975035964376, 'min_child_samples': 36, 'reg_alpha': 1.593999300080167, 'reg_lambda': 0.006081270362829788}. Best is trial 2 with value: -0.10990833377108375.
[I 2026-05-07 00:28:13,576] Trial 5 finished with value: -0.10076949715714445 and parameters: {'confidence_threshold': 0.6029115860358569, 'training_days': 60, 'n_estimators': 441, 'max_depth': 3, 'num_leaves': 66, 'learning_rate': 0.044953114425778824, 'subsample': 0.7098948461279406, 'min_child_samples': 15, 'reg_alpha': 4.888753565548431e-07, 'reg_lambda': 4.198190642566389}. Best is trial 5 with value: -0.10076949715714445.
[I 2026-05-07 00:28:13,780] Trial 6 finished with value: -0.11799100975651988 and parameters: {'confidence_threshold': 0.7376932868314098, 'training_days': 290, 'n_estimators': 249, 'max_depth': 5, 'num_leaves': 121, 'learning_rate': 0.015565840632862623, 'subsample': 0.8390183783709677, 'min_child_samples': 19, 'reg_alpha': 1.860444687368747e-08, 'reg_lambda': 2.7391483548058117e-06}. Best is trial 5 with value: -0.10076949715714445.
[I 2026-05-07 00:28:13,813] Trial 7 finished with value: -0.12408268881979416 and parameters: {'confidence_threshold': 0.563503962036334, 'training_days': 70, 'n_estimators': 63, 'max_depth': 3, 'num_leaves': 47, 'learning_rate': 0.18074927623018475, 'subsample': 0.5059692991701257, 'min_child_samples': 9, 'reg_alpha': 3.6945804405602874e-08, 'reg_lambda': 0.027706035542028905}. Best is trial 5 with value: -0.10076949715714445.
[I 2026-05-07 00:28:13,886] Trial 8 finished with value: -0.17134243319943626 and parameters: {'confidence_threshold': 0.6525471176758836, 'training_days': 440, 'n_estimators': 116, 'max_depth': 4, 'num_leaves': 115, 'learning_rate': 0.010229952960863938, 'subsample': 0.5062159465415076, 'min_child_samples': 54, 'reg_alpha': 6.790626457822126e-06, 'reg_lambda': 1.7869141074987722e-05}. Best is trial 5 with value: -0.10076949715714445.
[I 2026-05-07 00:28:13,971] Trial 9 finished with value: -0.09609639915724305 and parameters: {'confidence_threshold': 0.7277571993354469, 'training_days': 360, 'n_estimators': 75, 'max_depth': 5, 'num_leaves': 41, 'learning_rate': 0.014186743931212992, 'subsample': 0.7445187273047605, 'min_child_samples': 22, 'reg_alpha': 0.02393227447113315, 'reg_lambda': 0.009236766173618426}. Best is trial 9 with value: -0.09609639915724305.
[I 2026-05-07 00:28:14,227] A new study created in memory with name: no-name-7dd77d63-14d7-4f22-b173-cbde0c53c282
[I 2026-05-07 00:28:14,520] Trial 0 finished with value: -0.08244979329718562 and parameters: {'confidence_threshold': 0.7790993046299082, 'training_days': 230, 'n_estimators': 295, 'max_depth': 5, 'num_leaves': 83, 'learning_rate': 0.051543455158230854, 'subsample': 0.8773243492079463, 'min_child_samples': 10, 'reg_alpha': 0.034096514368237685, 'reg_lambda': 3.154180388637081e-05}. Best is trial 0 with value: -0.08244979329718562.
[I 2026-05-07 00:28:14,656] Trial 1 finished with value: -0.1749334888926723 and parameters: {'confidence_threshold': 0.6929247853618086, 'training_days': 410, 'n_estimators': 233, 'max_depth': 5, 'num_leaves': 108, 'learning_rate': 0.013724237108071606, 'subsample': 0.7013182233636002, 'min_child_samples': 94, 'reg_alpha': 2.4040959529260723e-06, 'reg_lambda': 5.320966582161148}. Best is trial 0 with value: -0.08244979329718562.
[I 2026-05-07 00:28:14,726] Trial 2 finished with value: -0.045648992898870464 and parameters: {'confidence_threshold': 0.546341527225763, 'training_days': 270, 'n_estimators': 120, 'max_depth': 4, 'num_leaves': 53, 'learning_rate': 0.060197068579343475, 'subsample': 0.588227873455941, 'min_child_samples': 91, 'reg_alpha': 2.3457771824819002e-08, 'reg_lambda': 1.1358840775642732e-08}. Best is trial 2 with value: -0.045648992898870464.
[I 2026-05-07 00:28:14,889] Trial 3 finished with value: -0.07648498094622626 and parameters: {'confidence_threshold': 0.6000319676300473, 'training_days': 270, 'n_estimators': 382, 'max_depth': 4, 'num_leaves': 44, 'learning_rate': 0.09185046765032388, 'subsample': 0.6743651508646724, 'min_child_samples': 77, 'reg_alpha': 0.0013974578104212739, 'reg_lambda': 8.97190257982477e-08}. Best is trial 2 with value: -0.045648992898870464.
[I 2026-05-07 00:28:15,242] Trial 4 finished with value: -0.04633519681762767 and parameters: {'confidence_threshold': 0.7642618789055509, 'training_days': 390, 'n_estimators': 464, 'max_depth': 5, 'num_leaves': 30, 'learning_rate': 0.024562383309704932, 'subsample': 0.8612975035964376, 'min_child_samples': 36, 'reg_alpha': 1.593999300080167, 'reg_lambda': 0.006081270362829788}. Best is trial 2 with value: -0.045648992898870464.
[I 2026-05-07 00:28:15,384] Trial 5 finished with value: 0.0028969575154808554 and parameters: {'confidence_threshold': 0.6029115860358569, 'training_days': 60, 'n_estimators': 441, 'max_depth': 3, 'num_leaves': 66, 'learning_rate': 0.044953114425778824, 'subsample': 0.7098948461279406, 'min_child_samples': 15, 'reg_alpha': 4.888753565548431e-07, 'reg_lambda': 4.198190642566389}. Best is trial 5 with value: 0.0028969575154808554.
[I 2026-05-07 00:28:15,595] Trial 6 finished with value: -0.09972063997702425 and parameters: {'confidence_threshold': 0.7376932868314098, 'training_days': 290, 'n_estimators': 249, 'max_depth': 5, 'num_leaves': 121, 'learning_rate': 0.015565840632862623, 'subsample': 0.8390183783709677, 'min_child_samples': 19, 'reg_alpha': 1.860444687368747e-08, 'reg_lambda': 2.7391483548058117e-06}. Best is trial 5 with value: 0.0028969575154808554.

  [label] 2025-03-11 08:00 BCHUSDT entry=336.3100 → SHORT | long=timeout(-1.64%) short=sl(-6.01%) | scanned=22 | no_tp→fwd_return=-1.5432
  Labels: 1044 long (47.6%), 1149 short (52.4%) | weights: min=1.01, mean=4.10, max=10.00
  Features: 2193/2193 matched, 13 columns
  CV gap: 22 rows
    [trial 0] 13 features, training_days=230 | threshold=0.779 | labels: 1044 long, 1149 short (48/52%)
    [CV fold 0] train_end=2023-07-25 00:00 | val_start=2023-08-01 16:00 | gap=184h (22 rows)
    [CV fold 1] train_end=2023-11-23 16:00 | val_start=2023-12-01 08:00 | gap=184h (22 rows)
    [CV fold 2] train_end=2024-03-24 08:00 | val_start=2024-04-01 00:00 | gap=184h (22 rows)
    [CV fold 3] train_end=2024-07-24 00:00 | val_start=2024-07-31 16:00 | gap=184h (22 rows)
    [CV fold 4] train_end=2024-11-22 16:00 | val_start=2024-11-30 08:00 | gap=184h (22 rows)
    [trial 0] Sharpe=-0.1275 (folds: -0.1396, -0.0685, 0.0897, -0.2528, -0.2662)
    [trial 1] 13 features, training_days=410 | threshold=0.693 | labels: 1044 long, 1149 short (48/52%)
    [trial 1] Sharpe=-0.1672 (folds: -0.1139, -0.1413, 0.0145, -0.0579, -0.5372)
    [trial 2] 13 features, training_days=270 | threshold=0.546 | labels: 1044 long, 1149 short (48/52%)
    [trial 2] Sharpe=-0.1099 (folds: -0.0967, -0.2078, 0.0252, -0.2385, -0.0318)
    [trial 3] 13 features, training_days=270 | threshold=0.600 | labels: 1044 long, 1149 short (48/52%)
    [trial 3] Sharpe=-0.1459 (folds: -0.2366, -0.2326, 0.0112, -0.1555, -0.1158)
    [trial 4] 13 features, training_days=390 | threshold=0.764 | labels: 1044 long, 1149 short (48/52%)
    [trial 4] Sharpe=-0.1743 (folds: -0.4318, -0.0712, 0.0472, -0.2061, -0.2097)
    [trial 5] 13 features, training_days=60 | threshold=0.603 | labels: 1044 long, 1149 short (48/52%)
    [trial 5] Sharpe=-0.1008 (folds: -0.0687, -0.0792, -0.1326, 0.1070, -0.3304)
    [trial 6] 13 features, training_days=290 | threshold=0.738 | labels: 1044 long, 1149 short (48/52%)
    [trial 6] Sharpe=-0.1180 (folds: -0.2070, 0.0916, 0.0910, -0.1695, -0.3960)
    [trial 7] 13 features, training_days=70 | threshold=0.564 | labels: 1044 long, 1149 short (48/52%)
    [trial 7] Sharpe=-0.1241 (folds: 0.0306, -0.1450, -0.0950, -0.0613, -0.3497)
    [trial 8] 13 features, training_days=440 | threshold=0.653 | labels: 1044 long, 1149 short (48/52%)
    [trial 8] Sharpe=-0.1713 (folds: -0.2742, 0.0175, 0.0319, -0.1806, -0.4514)
    [trial 9] 13 features, training_days=360 | threshold=0.728 | labels: 1044 long, 1149 short (48/52%)
    [trial 9] Sharpe=-0.0961 (folds: -0.1124, -0.0313, -0.1485, -0.3046, 0.1164)
  Optuna: 10 trials, best Sharpe = -0.0961
  Best params: n_estimators=75, max_depth=5, lr=0.0142, leaves=41
  Best confidence_threshold: 0.728
  Best training_days: 360
  Retrained on full data (1080 samples, 13 features)
  Model trained for 2025-04: 90 test candles with features, confidence_threshold=0.728
[predict] 2025-04-23 16:00 BCHUSDT → SHORT (proba=0.73 TP=6.2%/SL=3.1%)
[trade:open] 2025-04-23 23:59 BCHUSDT SHORT @ 358.04 | SL=369.13 TP=335.86 | timeout=2025-04-30 23:59
[trade:close] 2025-04-25 15:59 BCHUSDT SHORT → stop_loss @ 369.13 | PnL=-3.10% (net -3.20%) | cum=+68.28% 2025-04=-3.20% 2025-04-25=-3.20%
[lgbm] === Training for 2025-05 ===
  Train window: 2023-05-01 → 2025-05-01
  2193 training samples from 1 symbols
  Samples per month: 2023-05: 93, 2023-06: 90, 2023-07: 93, 2023-08: 93, 2023-09: 90, 2023-10: 93, 2023-11: 90, 2023-12: 93, 2024-01: 93, 2024-02: 87, 2024-03: 93, 2024-04: 90, 2024-05: 93, 2024-06: 90, 2024-07: 93, 2024-08: 93, 2024-09: 90, 2024-10: 93, 2024-11: 90, 2024-12: 93, 2025-01: 93, 2025-02: 84, 2025-03: 93, 2025-04: 90
  [label] 2023-07-02 08:00 BCHUSDT entry=294.8500 → SHORT | long=sl(-6.81%) short=tp(+13.33%) | scanned=9 | short_tp_only
  [label] 2023-07-04 16:00 BCHUSDT entry=272.3600 → LONG | long=sl(-6.61%) short=sl(-6.61%) | scanned=4 | no_tp→fwd_return=+7.2257
  [label] 2023-07-08 08:00 BCHUSDT entry=266.7400 → SHORT | long=sl(-6.70%) short=sl(-6.70%) | scanned=20 | no_tp→fwd_return=-4.5625
  [label] 2023-08-02 08:00 BCHUSDT entry=232.6200 → SHORT | long=sl(-3.32%) short=tp(+6.34%) | scanned=14 | short_tp_only
  [label] 2023-09-24 08:00 BCHUSDT entry=207.4100 → LONG | long=sl(-2.75%) short=sl(-2.75%) | scanned=3 | no_tp→fwd_return=+2.1214
  [label] 2024-03-10 08:00 BCHUSDT entry=422.6200 → LONG | long=tp(+12.28%) short=sl(-6.29%) | scanned=12 | long_tp_only
  [label] 2024-03-14 08:00 BCHUSDT entry=433.3400 → SHORT | long=sl(-6.03%) short=tp(+11.76%) | scanned=3 | short_tp_only
  [label] 2024-03-25 00:00 BCHUSDT entry=488.4400 → LONG | long=tp(+11.11%) short=sl(-5.71%) | scanned=7 | long_tp_only
  [label] 2024-05-09 08:00 BCHUSDT entry=447.4300 → LONG | long=sl(-3.99%) short=sl(-3.99%) | scanned=19 | no_tp→fwd_return=+3.5827
  [label] 2024-05-18 00:00 BCHUSDT entry=484.9900 → LONG | long=tp(+6.29%) short=sl(-3.30%) | scanned=8 | long_tp_only
  [label] 2024-08-17 16:00 BCHUSDT entry=340.9200 → LONG | long=tp(+8.09%) short=sl(-4.19%) | scanned=18 | long_tp_only
  [label] 2024-09-18 16:00 BCHUSDT entry=326.8000 → LONG | long=tp(+5.09%) short=sl(-2.69%) | scanned=1 | long_tp_only
  [label] 2024-10-05 00:00 BCHUSDT entry=323.6200 → LONG | long=timeout(+1.71%) short=sl(-3.07%) | scanned=22 | no_tp→fwd_return=+1.8139
  [label] 2024-10-18 00:00 BCHUSDT entry=373.5700 → SHORT | long=sl(-3.14%) short=tp(+5.99%) | scanned=16 | short_tp_only
  [label] 2024-11-05 16:00 BCHUSDT entry=342.5000 → LONG | long=tp(+6.53%) short=sl(-3.42%) | scanned=1 | long_tp_only
  [label] 2024-11-12 00:00 BCHUSDT entry=458.8100 → SHORT | long=sl(-4.37%) short=tp(+8.45%) | scanned=1 | short_tp_only
  [label] 2024-11-24 08:00 BCHUSDT entry=488.4700 → LONG | long=timeout(+8.18%) short=sl(-6.07%) | scanned=22 | no_tp→fwd_return=+8.2769
  [label] 2025-01-03 08:00 BCHUSDT entry=471.6100 → SHORT | long=sl(-3.46%) short=tp(+6.63%) | scanned=13 | short_tp_only
  [label] 2025-01-13 08:00 BCHUSDT entry=415.6800 → LONG | long=tp(+7.69%) short=sl(-3.99%) | scanned=6 | long_tp_only
  [label] 2025-04-10 08:00 BCHUSDT entry=283.7000 → LONG | long=tp(+9.75%) short=sl(-5.03%) | scanned=4 | long_tp_only
  Labels: 1058 long (48.2%), 1135 short (51.8%) | weights: min=1.01, mean=4.16, max=10.00
  Features: 2193/2193 matched, 13 columns
  CV gap: 22 rows
    [trial 0] 13 features, training_days=230 | threshold=0.779 | labels: 1058 long, 1135 short (48/52%)
    [CV fold 0] train_end=2023-08-24 00:00 | val_start=2023-08-31 16:00 | gap=184h (22 rows)
    [CV fold 1] train_end=2023-12-23 16:00 | val_start=2023-12-31 08:00 | gap=184h (22 rows)
    [CV fold 2] train_end=2024-04-23 08:00 | val_start=2024-05-01 00:00 | gap=184h (22 rows)
    [CV fold 3] train_end=2024-08-23 00:00 | val_start=2024-08-30 16:00 | gap=184h (22 rows)
    [CV fold 4] train_end=2024-12-22 16:00 | val_start=2024-12-30 08:00 | gap=184h (22 rows)
    [trial 0] Sharpe=-0.0824 (folds: -0.1942, 0.0470, 0.0754, -0.1368, -0.2037)
    [trial 1] 13 features, training_days=410 | threshold=0.693 | labels: 1058 long, 1135 short (48/52%)
    [trial 1] Sharpe=-0.1749 (folds: 0.0429, 0.0693, -0.7169, -0.1480, -0.1221)
    [trial 2] 13 features, training_days=270 | threshold=0.546 | labels: 1058 long, 1135 short (48/52%)
    [trial 2] Sharpe=-0.0456 (folds: -0.0020, -0.0283, 0.0976, -0.2266, -0.0690)
    [trial 3] 13 features, training_days=270 | threshold=0.600 | labels: 1058 long, 1135 short (48/52%)
    [trial 3] Sharpe=-0.0765 (folds: -0.1298, 0.0388, 0.0870, -0.2368, -0.1416)
    [trial 4] 13 features, training_days=390 | threshold=0.764 | labels: 1058 long, 1135 short (48/52%)
    [trial 4] Sharpe=-0.0463 (folds: -0.1416, 0.0459, 0.1665, -0.2230, -0.0795)
    [trial 5] 13 features, training_days=60 | threshold=0.603 | labels: 1058 long, 1135 short (48/52%)
    [trial 5] Sharpe=0.0029 (folds: 0.0659, -0.0261, 0.1765, -0.2910, 0.0891)
    [trial 6] 13 features, training_days=290 | threshold=0.738 | labels: 1058 long, 1135 short (48/52%)
    [trial 6] Sharpe=-0.0997 (folds: -0.1456, 0.0668, -0.1118, -0.2301, -0.0779)
    [trial 7] 13 features, training_days=70 | threshold=0.564 | labels: 1058 long, 1135 short (48/52%)[I 2026-05-07 00:28:15,632] Trial 7 finished with value: -0.03875909145154498 and parameters: {'confidence_threshold': 0.563503962036334, 'training_days': 70, 'n_estimators': 63, 'max_depth': 3, 'num_leaves': 47, 'learning_rate': 0.18074927623018475, 'subsample': 0.5059692991701257, 'min_child_samples': 9, 'reg_alpha': 3.6945804405602874e-08, 'reg_lambda': 0.027706035542028905}. Best is trial 5 with value: 0.0028969575154808554.
[I 2026-05-07 00:28:15,708] Trial 8 finished with value: -2.0966796346909122 and parameters: {'confidence_threshold': 0.6525471176758836, 'training_days': 440, 'n_estimators': 116, 'max_depth': 4, 'num_leaves': 115, 'learning_rate': 0.010229952960863938, 'subsample': 0.5062159465415076, 'min_child_samples': 54, 'reg_alpha': 6.790626457822126e-06, 'reg_lambda': 1.7869141074987722e-05}. Best is trial 5 with value: 0.0028969575154808554.
[I 2026-05-07 00:28:15,790] Trial 9 finished with value: -2.096688679737294 and parameters: {'confidence_threshold': 0.7277571993354469, 'training_days': 360, 'n_estimators': 75, 'max_depth': 5, 'num_leaves': 41, 'learning_rate': 0.014186743931212992, 'subsample': 0.7445187273047605, 'min_child_samples': 22, 'reg_alpha': 0.02393227447113315, 'reg_lambda': 0.009236766173618426}. Best is trial 5 with value: 0.0028969575154808554.
[I 2026-05-07 00:28:16,056] A new study created in memory with name: no-name-c1c341ab-c67d-4bb4-b8fb-52466ba0ef1e
[I 2026-05-07 00:28:16,305] Trial 0 finished with value: -0.05735701913009376 and parameters: {'confidence_threshold': 0.7790993046299082, 'training_days': 230, 'n_estimators': 295, 'max_depth': 5, 'num_leaves': 83, 'learning_rate': 0.051543455158230854, 'subsample': 0.8773243492079463, 'min_child_samples': 10, 'reg_alpha': 0.034096514368237685, 'reg_lambda': 3.154180388637081e-05}. Best is trial 0 with value: -0.05735701913009376.
[I 2026-05-07 00:28:16,455] Trial 1 finished with value: 0.02985548225371588 and parameters: {'confidence_threshold': 0.6929247853618086, 'training_days': 410, 'n_estimators': 233, 'max_depth': 5, 'num_leaves': 108, 'learning_rate': 0.013724237108071606, 'subsample': 0.7013182233636002, 'min_child_samples': 94, 'reg_alpha': 2.4040959529260723e-06, 'reg_lambda': 5.320966582161148}. Best is trial 1 with value: 0.02985548225371588.
[I 2026-05-07 00:28:16,527] Trial 2 finished with value: -0.0861898623637807 and parameters: {'confidence_threshold': 0.546341527225763, 'training_days': 270, 'n_estimators': 120, 'max_depth': 4, 'num_leaves': 53, 'learning_rate': 0.060197068579343475, 'subsample': 0.588227873455941, 'min_child_samples': 91, 'reg_alpha': 2.3457771824819002e-08, 'reg_lambda': 1.1358840775642732e-08}. Best is trial 1 with value: 0.02985548225371588.
[I 2026-05-07 00:28:16,702] Trial 3 finished with value: -0.0997510577555969 and parameters: {'confidence_threshold': 0.6000319676300473, 'training_days': 270, 'n_estimators': 382, 'max_depth': 4, 'num_leaves': 44, 'learning_rate': 0.09185046765032388, 'subsample': 0.6743651508646724, 'min_child_samples': 77, 'reg_alpha': 0.0013974578104212739, 'reg_lambda': 8.97190257982477e-08}. Best is trial 1 with value: 0.02985548225371588.
[I 2026-05-07 00:28:17,030] Trial 4 finished with value: -0.06096724475392912 and parameters: {'confidence_threshold': 0.7642618789055509, 'training_days': 390, 'n_estimators': 464, 'max_depth': 5, 'num_leaves': 30, 'learning_rate': 0.024562383309704932, 'subsample': 0.8612975035964376, 'min_child_samples': 36, 'reg_alpha': 1.593999300080167, 'reg_lambda': 0.006081270362829788}. Best is trial 1 with value: 0.02985548225371588.
[I 2026-05-07 00:28:17,164] Trial 5 finished with value: 0.01247702731083814 and parameters: {'confidence_threshold': 0.6029115860358569, 'training_days': 60, 'n_estimators': 441, 'max_depth': 3, 'num_leaves': 66, 'learning_rate': 0.044953114425778824, 'subsample': 0.7098948461279406, 'min_child_samples': 15, 'reg_alpha': 4.888753565548431e-07, 'reg_lambda': 4.198190642566389}. Best is trial 1 with value: 0.02985548225371588.
[I 2026-05-07 00:28:17,375] Trial 6 finished with value: -0.10141331004685523 and parameters: {'confidence_threshold': 0.7376932868314098, 'training_days': 290, 'n_estimators': 249, 'max_depth': 5, 'num_leaves': 121, 'learning_rate': 0.015565840632862623, 'subsample': 0.8390183783709677, 'min_child_samples': 19, 'reg_alpha': 1.860444687368747e-08, 'reg_lambda': 2.7391483548058117e-06}. Best is trial 1 with value: 0.02985548225371588.
[I 2026-05-07 00:28:17,411] Trial 7 finished with value: -0.021999767067676524 and parameters: {'confidence_threshold': 0.563503962036334, 'training_days': 70, 'n_estimators': 63, 'max_depth': 3, 'num_leaves': 47, 'learning_rate': 0.18074927623018475, 'subsample': 0.5059692991701257, 'min_child_samples': 9, 'reg_alpha': 3.6945804405602874e-08, 'reg_lambda': 0.027706035542028905}. Best is trial 1 with value: 0.02985548225371588.
[I 2026-05-07 00:28:17,490] Trial 8 finished with value: 0.034616134154405086 and parameters: {'confidence_threshold': 0.6525471176758836, 'training_days': 440, 'n_estimators': 116, 'max_depth': 4, 'num_leaves': 115, 'learning_rate': 0.010229952960863938, 'subsample': 0.5062159465415076, 'min_child_samples': 54, 'reg_alpha': 6.790626457822126e-06, 'reg_lambda': 1.7869141074987722e-05}. Best is trial 8 with value: 0.034616134154405086.
