[I 2026-05-07 00:30:54,226] Trial 9 finished with value: -3.858733663180886 and parameters: {'confidence_threshold': 0.7277571993354469, 'training_days': 360, 'n_estimators': 75, 'max_depth': 5, 'num_leaves': 41, 'learning_rate': 0.014186743931212992, 'subsample': 0.7445187273047605, 'min_child_samples': 22, 'reg_alpha': 0.02393227447113315, 'reg_lambda': 0.009236766173618426}. Best is trial 5 with value: 0.07521505855867136.

    [trial 3] Sharpe=-0.0429 (folds: 0.0298, 0.0104, -0.0647, -0.1105, -0.0796)
    [trial 4] 13 features, training_days=390 | threshold=0.764 | labels: 1199 long, 994 short (55/45%)
    [trial 4] Sharpe=0.0972 (folds: 0.2603, 0.1678, -0.0626, 0.3000, -0.1797)
    [trial 5] 13 features, training_days=60 | threshold=0.603 | labels: 1199 long, 994 short (55/45%)
    [trial 5] Sharpe=0.0210 (folds: 0.1243, 0.1574, -0.0253, -0.0840, -0.0675)
    [trial 6] 13 features, training_days=290 | threshold=0.738 | labels: 1199 long, 994 short (55/45%)
    [trial 6] Sharpe=-1.9859 (folds: 0.3154, 0.0738, -0.0374, -10.0000, -0.2815)
    [trial 7] 13 features, training_days=70 | threshold=0.564 | labels: 1199 long, 994 short (55/45%)
    [trial 7] Sharpe=-0.0068 (folds: 0.1064, 0.1962, -0.0300, -0.2003, -0.1065)
    [trial 8] 13 features, training_days=440 | threshold=0.653 | labels: 1199 long, 994 short (55/45%)
    [trial 8] Sharpe=0.1868 (folds: 0.0798, 0.2585, 0.0558, 0.8330, -0.2931)
    [trial 9] 13 features, training_days=360 | threshold=0.728 | labels: 1199 long, 994 short (55/45%)
    [trial 9] Sharpe=-3.7365 (folds: 0.1310, 0.7951, 0.3913, -10.0000, -10.0000)
  Optuna: 10 trials, best Sharpe = 0.1868
  Best params: n_estimators=116, max_depth=4, lr=0.0102, leaves=115
  Best confidence_threshold: 0.653
  Best training_days: 440
  Retrained on full data (1320 samples, 13 features)
  Model trained for 2025-12: 93 test candles with features, confidence_threshold=0.653
[lgbm] === Training for 2026-01 ===
  Train window: 2024-01-01 → 2026-01-01
  2193 training samples from 1 symbols
  Samples per month: 2024-01: 93, 2024-02: 87, 2024-03: 93, 2024-04: 90, 2024-05: 93, 2024-06: 90, 2024-07: 93, 2024-08: 93, 2024-09: 90, 2024-10: 93, 2024-11: 90, 2024-12: 93, 2025-01: 93, 2025-02: 84, 2025-03: 93, 2025-04: 90, 2025-05: 93, 2025-06: 90, 2025-07: 93, 2025-08: 93, 2025-09: 90, 2025-10: 93, 2025-11: 90, 2025-12: 93
  [label] 2024-03-03 08:00 TRXUSDT entry=0.1402 → SHORT | long=sl(-1.29%) short=tp(+2.27%) | scanned=7 | short_tp_only
  [label] 2024-03-05 16:00 TRXUSDT entry=0.1359 → SHORT | long=sl(-1.47%) short=sl(-1.47%) | scanned=15 | no_tp→fwd_return=-1.5673
  [label] 2024-03-09 08:00 TRXUSDT entry=0.1360 → SHORT | long=sl(-1.28%) short=tp(+2.26%) | scanned=5 | short_tp_only
  [label] 2024-04-03 08:00 TRXUSDT entry=0.1175 → LONG | long=tp(+3.00%) short=sl(-1.65%) | scanned=14 | long_tp_only
  [label] 2024-05-26 08:00 TRXUSDT entry=0.1134 → SHORT | long=sl(-1.45%) short=tp(+2.59%) | scanned=5 | short_tp_only
  [label] 2024-11-10 08:00 TRXUSDT entry=0.1658 → LONG | long=sl(-1.14%) short=sl(-1.14%) | scanned=4 | no_tp→fwd_return=+1.2968
  [label] 2024-11-14 08:00 TRXUSDT entry=0.1779 → LONG | long=tp(+5.12%) short=sl(-2.71%) | scanned=3 | long_tp_only
  [label] 2024-11-25 00:00 TRXUSDT entry=0.2094 → SHORT | long=sl(-3.19%) short=tp(+6.08%) | scanned=1 | short_tp_only
  [label] 2025-01-09 08:00 TRXUSDT entry=0.2450 → SHORT | long=sl(-2.74%) short=tp(+5.18%) | scanned=10 | short_tp_only
  [label] 2025-01-18 00:00 TRXUSDT entry=0.2411 → SHORT | long=sl(-3.03%) short=tp(+5.76%) | scanned=5 | short_tp_only
  [label] 2025-04-19 16:00 TRXUSDT entry=0.2439 → LONG | long=tp(+3.48%) short=sl(-1.89%) | scanned=20 | long_tp_only
  [label] 2025-05-21 16:00 TRXUSDT entry=0.2681 → LONG | long=tp(+4.10%) short=sl(-2.20%) | scanned=2 | long_tp_only
  [label] 2025-06-07 00:00 TRXUSDT entry=0.2781 → LONG | long=tp(+3.20%) short=sl(-1.75%) | scanned=3 | long_tp_only
  [label] 2025-06-20 00:00 TRXUSDT entry=0.2725 → SHORT | long=sl(-2.01%) short=tp(+3.73%) | scanned=8 | short_tp_only
  [label] 2025-07-08 16:00 TRXUSDT entry=0.2872 → LONG | long=tp(+1.98%) short=sl(-1.14%) | scanned=6 | long_tp_only
  [label] 2025-07-15 00:00 TRXUSDT entry=0.2982 → LONG | long=tp(+2.41%) short=sl(-1.36%) | scanned=5 | long_tp_only
  [label] 2025-07-27 08:00 TRXUSDT entry=0.3210 → LONG | long=tp(+3.17%) short=sl(-1.73%) | scanned=6 | long_tp_only
  [label] 2025-09-05 08:00 TRXUSDT entry=0.3324 → SHORT | long=sl(-1.52%) short=tp(+2.75%) | scanned=4 | short_tp_only
  [label] 2025-09-15 08:00 TRXUSDT entry=0.3433 → LONG | long=sl(-1.49%) short=sl(-1.49%) | scanned=9 | no_tp→fwd_return=+1.1475
  [label] 2025-12-11 08:00 TRXUSDT entry=0.2808 → SHORT | long=sl(-1.17%) short=tp(+2.05%) | scanned=3 | short_tp_only
  Labels: 1206 long (55.0%), 987 short (45.0%) | weights: min=1.00, mean=2.62, max=10.00
  Features: 2193/2193 matched, 13 columns
  CV gap: 22 rows
    [trial 0] 13 features, training_days=230 | threshold=0.779 | labels: 1206 long, 987 short (55/45%)
    [CV fold 0] train_end=2024-04-25 00:00 | val_start=2024-05-02 16:00 | gap=184h (22 rows)
    [CV fold 1] train_end=2024-08-24 16:00 | val_start=2024-09-01 08:00 | gap=184h (22 rows)
    [CV fold 2] train_end=2024-12-24 08:00 | val_start=2025-01-01 00:00 | gap=184h (22 rows)
    [CV fold 3] train_end=2025-04-25 00:00 | val_start=2025-05-02 16:00 | gap=184h (22 rows)
    [CV fold 4] train_end=2025-08-24 16:00 | val_start=2025-09-01 08:00 | gap=184h (22 rows)
    [trial 0] Sharpe=0.0014 (folds: -0.0163, -0.0403, 0.0377, 0.1340, -0.1081)
    [trial 1] 13 features, training_days=410 | threshold=0.693 | labels: 1206 long, 987 short (55/45%)
    [trial 1] Sharpe=-0.0819 (folds: -0.1946, 0.0439, 0.0528, -0.1369, -0.1745)
    [trial 2] 13 features, training_days=270 | threshold=0.546 | labels: 1206 long, 987 short (55/45%)
    [trial 2] Sharpe=-0.0574 (folds: 0.0504, -0.0151, 0.0469, -0.2393, -0.1302)
    [trial 3] 13 features, training_days=270 | threshold=0.600 | labels: 1206 long, 987 short (55/45%)
    [trial 3] Sharpe=-0.0767 (folds: 0.1354, -0.0616, -0.0020, -0.2959, -0.1592)
    [trial 4] 13 features, training_days=390 | threshold=0.764 | labels: 1206 long, 987 short (55/45%)
    [trial 4] Sharpe=-0.0028 (folds: 0.2068, -0.0951, 0.0007, -0.0389, -0.0873)
    [trial 5] 13 features, training_days=60 | threshold=0.603 | labels: 1206 long, 987 short (55/45%)
    [trial 5] Sharpe=0.0752 (folds: 0.1675, 0.0473, -0.0111, 0.2735, -0.1011)
    [trial 6] 13 features, training_days=290 | threshold=0.738 | labels: 1206 long, 987 short (55/45%)
    [trial 6] Sharpe=-0.1012 (folds: 0.1288, 0.0398, 0.0528, -0.5925, -0.1352)
    [trial 7] 13 features, training_days=70 | threshold=0.564 | labels: 1206 long, 987 short (55/45%)
    [trial 7] Sharpe=0.0465 (folds: 0.1641, 0.0549, 0.0105, 0.1502, -0.1472)
    [trial 8] 13 features, training_days=440 | threshold=0.653 | labels: 1206 long, 987 short (55/45%)
    [trial 8] Sharpe=0.0379 (folds: 0.0697, 0.2794, 0.1209, -0.0390, -0.2417)
    [trial 9] 13 features, training_days=360 | threshold=0.728 | labels: 1206 long, 987 short (55/45%)
    [trial 9] Sharpe=-3.8587 (folds: -0.0368, 0.5323, 0.2108, -10.0000, -10.0000)
  Optuna: 10 trials, best Sharpe = 0.0752
  Best params: n_estimators=441, max_depth=3, lr=0.0450, leaves=66
  Best confidence_threshold: 0.603
  Best training_days: 60
  Retrained on full data (180 samples, 13 features)
  Model trained for 2026-01: 93 test candles with features, confidence_threshold=0.603
[predict] 2026-01-11 00:00 TRXUSDT → LONG (proba=0.89 TP=1.8%/SL=0.9%)
[trade:open] 2026-01-11 07:59 TRXUSDT LONG @ 0.30 | SL=0.30 TP=0.30 | timeout=2026-01-18 07:59
[trade:close] 2026-01-13 23:59 TRXUSDT LONG → take_profit @ 0.30 | PnL=+1.75% (net +1.65%) | cum=-23.78% 2026-01=+1.65% 2026-01-13=+1.65%
[predict] 2026-01-16 00:00 TRXUSDT → SHORT (proba=0.66 TP=2.2%/SL=1.1%)
[trade:open] 2026-01-16 07:59 TRXUSDT SHORT @ 0.31 | SL=0.31 TP=0.30 | timeout=2026-01-23 07:59
[trade:close] 2026-01-17 07:59 TRXUSDT SHORT → stop_loss @ 0.31 | PnL=-1.11% (net -1.21%) | cum=-24.99% 2026-01=+0.44% 2026-01-17=-1.21%
[predict] 2026-01-19 00:00 TRXUSDT → SHORT (proba=0.98 TP=2.5%/SL=1.2%)
[trade:open] 2026-01-19 07:59 TRXUSDT SHORT @ 0.32 | SL=0.32 TP=0.31 | timeout=2026-01-26 07:59
[trade:close] 2026-01-19 15:59 TRXUSDT SHORT → take_profit @ 0.31 | PnL=+2.48% (net +2.38%) | cum=-22.61% 2026-01=+2.82% 2026-01-19=+2.38%
[predict] 2026-01-21 08:00 TRXUSDT → SHORT (proba=0.85 TP=3.0%/SL=1.5%)
[trade:open] 2026-01-21 15:59 TRXUSDT SHORT @ 0.30 | SL=0.30 TP=0.29 | timeout=2026-01-28 15:59[I 2026-05-07 00:30:54,645] A new study created in memory with name: no-name-d29a7be6-3c74-4ad3-a418-5d8b05771502
[I 2026-05-07 00:30:54,893] Trial 0 finished with value: -0.09154639708611505 and parameters: {'confidence_threshold': 0.7790993046299082, 'training_days': 230, 'n_estimators': 295, 'max_depth': 5, 'num_leaves': 83, 'learning_rate': 0.051543455158230854, 'subsample': 0.8773243492079463, 'min_child_samples': 10, 'reg_alpha': 0.034096514368237685, 'reg_lambda': 3.154180388637081e-05}. Best is trial 0 with value: -0.09154639708611505.
[I 2026-05-07 00:30:55,020] Trial 1 finished with value: -0.21121662655456977 and parameters: {'confidence_threshold': 0.6929247853618086, 'training_days': 410, 'n_estimators': 233, 'max_depth': 5, 'num_leaves': 108, 'learning_rate': 0.013724237108071606, 'subsample': 0.7013182233636002, 'min_child_samples': 94, 'reg_alpha': 2.4040959529260723e-06, 'reg_lambda': 5.320966582161148}. Best is trial 0 with value: -0.09154639708611505.
[I 2026-05-07 00:30:55,082] Trial 2 finished with value: -0.06862523424534439 and parameters: {'confidence_threshold': 0.546341527225763, 'training_days': 270, 'n_estimators': 120, 'max_depth': 4, 'num_leaves': 53, 'learning_rate': 0.060197068579343475, 'subsample': 0.588227873455941, 'min_child_samples': 91, 'reg_alpha': 2.3457771824819002e-08, 'reg_lambda': 1.1358840775642732e-08}. Best is trial 2 with value: -0.06862523424534439.
[I 2026-05-07 00:30:55,247] Trial 3 finished with value: -0.050685299094211024 and parameters: {'confidence_threshold': 0.6000319676300473, 'training_days': 270, 'n_estimators': 382, 'max_depth': 4, 'num_leaves': 44, 'learning_rate': 0.09185046765032388, 'subsample': 0.6743651508646724, 'min_child_samples': 77, 'reg_alpha': 0.0013974578104212739, 'reg_lambda': 8.97190257982477e-08}. Best is trial 3 with value: -0.050685299094211024.
[I 2026-05-07 00:30:55,627] Trial 4 finished with value: -0.1162252682034344 and parameters: {'confidence_threshold': 0.7642618789055509, 'training_days': 390, 'n_estimators': 464, 'max_depth': 5, 'num_leaves': 30, 'learning_rate': 0.024562383309704932, 'subsample': 0.8612975035964376, 'min_child_samples': 36, 'reg_alpha': 1.593999300080167, 'reg_lambda': 0.006081270362829788}. Best is trial 3 with value: -0.050685299094211024.
[I 2026-05-07 00:30:55,779] Trial 5 finished with value: -0.07242971554518618 and parameters: {'confidence_threshold': 0.6029115860358569, 'training_days': 60, 'n_estimators': 441, 'max_depth': 3, 'num_leaves': 66, 'learning_rate': 0.044953114425778824, 'subsample': 0.7098948461279406, 'min_child_samples': 15, 'reg_alpha': 4.888753565548431e-07, 'reg_lambda': 4.198190642566389}. Best is trial 3 with value: -0.050685299094211024.
[I 2026-05-07 00:30:56,009] Trial 6 finished with value: -0.23010217106209868 and parameters: {'confidence_threshold': 0.7376932868314098, 'training_days': 290, 'n_estimators': 249, 'max_depth': 5, 'num_leaves': 121, 'learning_rate': 0.015565840632862623, 'subsample': 0.8390183783709677, 'min_child_samples': 19, 'reg_alpha': 1.860444687368747e-08, 'reg_lambda': 2.7391483548058117e-06}. Best is trial 3 with value: -0.050685299094211024.
[I 2026-05-07 00:30:56,041] Trial 7 finished with value: -0.08031698088113312 and parameters: {'confidence_threshold': 0.563503962036334, 'training_days': 70, 'n_estimators': 63, 'max_depth': 3, 'num_leaves': 47, 'learning_rate': 0.18074927623018475, 'subsample': 0.5059692991701257, 'min_child_samples': 9, 'reg_alpha': 3.6945804405602874e-08, 'reg_lambda': 0.027706035542028905}. Best is trial 3 with value: -0.050685299094211024.
[I 2026-05-07 00:30:56,115] Trial 8 finished with value: -2.1140450026410873 and parameters: {'confidence_threshold': 0.6525471176758836, 'training_days': 440, 'n_estimators': 116, 'max_depth': 4, 'num_leaves': 115, 'learning_rate': 0.010229952960863938, 'subsample': 0.5062159465415076, 'min_child_samples': 54, 'reg_alpha': 6.790626457822126e-06, 'reg_lambda': 1.7869141074987722e-05}. Best is trial 3 with value: -0.050685299094211024.
[I 2026-05-07 00:30:56,184] Trial 9 finished with value: -3.9922747690209874 and parameters: {'confidence_threshold': 0.7277571993354469, 'training_days': 360, 'n_estimators': 75, 'max_depth': 5, 'num_leaves': 41, 'learning_rate': 0.014186743931212992, 'subsample': 0.7445187273047605, 'min_child_samples': 22, 'reg_alpha': 0.02393227447113315, 'reg_lambda': 0.009236766173618426}. Best is trial 3 with value: -0.050685299094211024.

[trade:close] 2026-01-22 23:59 TRXUSDT SHORT → stop_loss @ 0.30 | PnL=-1.49% (net -1.59%) | cum=-24.20% 2026-01=+1.23% 2026-01-22=-1.59%
[predict] 2026-01-24 08:00 TRXUSDT → SHORT (proba=1.00 TP=3.2%/SL=1.6%)
[trade:open] 2026-01-24 15:59 TRXUSDT SHORT @ 0.30 | SL=0.30 TP=0.29 | timeout=2026-01-31 15:59
[trade:close] 2026-01-31 15:59 TRXUSDT SHORT → take_profit @ 0.29 | PnL=+3.17% (net +3.07%) | cum=-21.13% 2026-01=+4.30% 2026-01-31=+3.07%
[lgbm] === Training for 2026-02 ===
  Train window: 2024-02-01 → 2026-02-01
  2193 training samples from 1 symbols
  Samples per month: 2024-02: 87, 2024-03: 93, 2024-04: 90, 2024-05: 93, 2024-06: 90, 2024-07: 93, 2024-08: 93, 2024-09: 90, 2024-10: 93, 2024-11: 90, 2024-12: 93, 2025-01: 93, 2025-02: 84, 2025-03: 93, 2025-04: 90, 2025-05: 93, 2025-06: 90, 2025-07: 93, 2025-08: 93, 2025-09: 90, 2025-10: 93, 2025-11: 90, 2025-12: 93, 2026-01: 93
  [label] 2024-04-03 08:00 TRXUSDT entry=0.1175 → LONG | long=tp(+3.00%) short=sl(-1.65%) | scanned=14 | long_tp_only
  [label] 2024-04-05 16:00 TRXUSDT entry=0.1179 → LONG | long=tp(+2.82%) short=sl(-1.56%) | scanned=7 | long_tp_only
  [label] 2024-04-09 08:00 TRXUSDT entry=0.1212 → SHORT | long=sl(-1.36%) short=sl(-1.36%) | scanned=3 | no_tp→fwd_return=-2.3095
  [label] 2024-05-04 08:00 TRXUSDT entry=0.1227 → SHORT | long=sl(-1.56%) short=tp(+2.83%) | scanned=6 | short_tp_only
  [label] 2024-06-26 08:00 TRXUSDT entry=0.1236 → LONG | long=sl(-1.21%) short=sl(-1.21%) | scanned=9 | no_tp→fwd_return=+1.5376
  [label] 2024-12-11 08:00 TRXUSDT entry=0.2852 → SHORT | long=timeout(-4.60%) short=sl(-7.41%) | scanned=22 | no_tp→fwd_return=-4.4980
  [label] 2024-12-15 08:00 TRXUSDT entry=0.2847 → SHORT | long=sl(-5.97%) short=sl(-5.97%) | scanned=10 | no_tp→fwd_return=-9.4562
  [label] 2024-12-26 00:00 TRXUSDT entry=0.2543 → LONG | long=timeout(+1.56%) short=sl(-4.01%) | scanned=22 | no_tp→fwd_return=+1.6636
  [label] 2025-02-09 08:00 TRXUSDT entry=0.2367 → LONG | long=sl(-2.95%) short=sl(-2.95%) | scanned=4 | no_tp→fwd_return=+4.0010
  [label] 2025-02-18 00:00 TRXUSDT entry=0.2385 → LONG | long=sl(-2.37%) short=sl(-2.37%) | scanned=3 | no_tp→fwd_return=+1.9158
  [label] 2025-05-20 16:00 TRXUSDT entry=0.2690 → LONG | long=tp(+4.06%) short=sl(-2.18%) | scanned=5 | long_tp_only
  [label] 2025-06-21 16:00 TRXUSDT entry=0.2709 → SHORT | long=sl(-1.94%) short=tp(+3.59%) | scanned=3 | short_tp_only
  [label] 2025-07-08 00:00 TRXUSDT entry=0.2866 → LONG | long=tp(+2.02%) short=sl(-1.16%) | scanned=8 | long_tp_only
  [label] 2025-07-21 00:00 TRXUSDT entry=0.3145 → SHORT | long=sl(-1.77%) short=tp(+3.23%) | scanned=9 | short_tp_only
  [label] 2025-08-08 16:00 TRXUSDT entry=0.3376 → LONG | long=tp(+2.76%) short=sl(-1.53%) | scanned=10 | long_tp_only
  [label] 2025-08-15 00:00 TRXUSDT entry=0.3580 → SHORT | long=sl(-1.67%) short=tp(+3.05%) | scanned=4 | short_tp_only
  [label] 2025-08-27 08:00 TRXUSDT entry=0.3505 → SHORT | long=sl(-1.73%) short=tp(+3.15%) | scanned=6 | short_tp_only
  [label] 2025-10-06 08:00 TRXUSDT entry=0.3453 → SHORT | long=sl(-1.04%) short=tp(+1.78%) | scanned=4 | short_tp_only
  [label] 2025-10-16 08:00 TRXUSDT entry=0.3175 → SHORT | long=sl(-1.88%) short=tp(+3.46%) | scanned=3 | short_tp_only
  [label] 2026-01-11 08:00 TRXUSDT entry=0.2992 → LONG | long=tp(+1.62%) short=sl(-0.96%) | scanned=7 | long_tp_only
  Labels: 1197 long (54.6%), 996 short (45.4%) | weights: min=1.00, mean=2.60, max=10.00
  Features: 2193/2193 matched, 13 columns
  CV gap: 22 rows
    [trial 0] 13 features, training_days=230 | threshold=0.779 | labels: 1197 long, 996 short (55/45%)
    [CV fold 0] train_end=2024-05-26 00:00 | val_start=2024-06-02 16:00 | gap=184h (22 rows)
    [CV fold 1] train_end=2024-09-24 16:00 | val_start=2024-10-02 08:00 | gap=184h (22 rows)
    [CV fold 2] train_end=2025-01-24 08:00 | val_start=2025-02-01 00:00 | gap=184h (22 rows)
    [CV fold 3] train_end=2025-05-26 00:00 | val_start=2025-06-02 16:00 | gap=184h (22 rows)
    [CV fold 4] train_end=2025-09-24 16:00 | val_start=2025-10-02 08:00 | gap=184h (22 rows)
    [trial 0] Sharpe=-0.0915 (folds: -0.0990, -0.2607, 0.0527, -0.0145, -0.1363)
    [trial 1] 13 features, training_days=410 | threshold=0.693 | labels: 1197 long, 996 short (55/45%)
    [trial 1] Sharpe=-0.2112 (folds: -0.2889, 0.0765, 0.0742, -0.2777, -0.6403)
    [trial 2] 13 features, training_days=270 | threshold=0.546 | labels: 1197 long, 996 short (55/45%)
    [trial 2] Sharpe=-0.0686 (folds: -0.0689, -0.1215, 0.0879, -0.1440, -0.0966)
    [trial 3] 13 features, training_days=270 | threshold=0.600 | labels: 1197 long, 996 short (55/45%)
    [trial 3] Sharpe=-0.0507 (folds: 0.0492, -0.1222, 0.0759, -0.0871, -0.1691)
    [trial 4] 13 features, training_days=390 | threshold=0.764 | labels: 1197 long, 996 short (55/45%)
    [trial 4] Sharpe=-0.1162 (folds: 0.0570, -0.1986, 0.1220, -0.2737, -0.2879)
    [trial 5] 13 features, training_days=60 | threshold=0.603 | labels: 1197 long, 996 short (55/45%)
    [trial 5] Sharpe=-0.0724 (folds: -0.2154, -0.1476, 0.0245, 0.2000, -0.2236)
    [trial 6] 13 features, training_days=290 | threshold=0.738 | labels: 1197 long, 996 short (55/45%)
    [trial 6] Sharpe=-0.2301 (folds: -0.0779, -0.2737, 0.1879, -0.3497, -0.6371)
    [trial 7] 13 features, training_days=70 | threshold=0.564 | labels: 1197 long, 996 short (55/45%)
    [trial 7] Sharpe=-0.0803 (folds: -0.0009, -0.2481, -0.0722, 0.1522, -0.2325)
    [trial 8] 13 features, training_days=440 | threshold=0.653 | labels: 1197 long, 996 short (55/45%)
    [trial 8] Sharpe=-2.1140 (folds: 0.0687, -0.0563, 0.0218, -0.6044, -10.0000)
    [trial 9] 13 features, training_days=360 | threshold=0.728 | labels: 1197 long, 996 short (55/45%)
    [trial 9] Sharpe=-3.9923 (folds: -0.0529, -0.1164, 0.2079, -10.0000, -10.0000)
  Optuna: 10 trials, best Sharpe = -0.0507
  Best params: n_estimators=382, max_depth=4, lr=0.0919, leaves=44
  Best confidence_threshold: 0.600
  Best training_days: 270
  Retrained on full data (810 samples, 13 features)
  Model trained for 2026-02: 84 test candles with features, confidence_threshold=0.600
[predict] 2026-02-02 00:00 TRXUSDT → SHORT (proba=0.72 TP=2.8%/SL=1.4%)
[trade:open] 2026-02-02 07:59 TRXUSDT SHORT @ 0.28 | SL=0.29 TP=0.28 | timeout=2026-02-09 07:59
[trade:close] 2026-02-05 23:59 TRXUSDT SHORT → take_profit @ 0.28 | PnL=+2.78% (net +2.68%) | cum=-18.45% 2026-02=+2.68% 2026-02-05=+2.68%
[predict] 2026-02-08 16:00 TRXUSDT → LONG (proba=0.70 TP=2.6%/SL=1.3%)
[trade:open] 2026-02-08 23:59 TRXUSDT LONG @ 0.28 | SL=0.27 TP=0.28 | timeout=2026-02-15 23:59
[trade:close] 2026-02-11 15:59 TRXUSDT LONG → stop_loss @ 0.27 | PnL=-1.32% (net -1.42%) | cum=-19.88% 2026-02=+1.25% 2026-02-11=-1.42%
[predict] 2026-02-13 00:00 TRXUSDT → LONG (proba=0.77 TP=2.4%/SL=1.2%)
[trade:open] 2026-02-13 07:59 TRXUSDT LONG @ 0.28 | SL=0.27 TP=0.28 | timeout=2026-02-20 07:59
[trade:close] 2026-02-16 23:59 TRXUSDT LONG → take_profit @ 0.28 | PnL=+2.36% (net +2.26%) | cum=-17.61% 2026-02=+3.51% 2026-02-16=+2.26%
[lgbm] === Training for 2026-03 ===
  Train window: 2024-03-01 → 2026-03-01
  2190 training samples from 1 symbols
  Samples per month: 2024-03: 93, 2024-04: 90, 2024-05: 93, 2024-06: 90, 2024-07: 93, 2024-08: 93, 2024-09: 90, 2024-10: 93, 2024-11: 90, 2024-12: 93, 2025-01: 93, 2025-02: 84, 2025-03: 93, 2025-04: 90, 2025-05: 93, 2025-06: 90, 2025-07: 93, 2025-08: 93, 2025-09: 90, 2025-10: 93, 2025-11: 90, 2025-12: 93, 2026-01: 93, 2026-02: 84
  [label] 2024-05-02 08:00 TRXUSDT entry=0.1233 → SHORT | long=sl(-1.74%) short=tp(+3.19%) | scanned=12 | short_tp_only
  [label] 2024-05-04 08:00 TRXUSDT entry=0.1227 → SHORT | long=sl(-1.56%) short=tp(+2.83%) | scanned=6 | short_tp_only
  [label] 2024-05-08 08:00 TRXUSDT entry=0.1230 → LONG | long=tp(+2.70%) short=sl(-1.50%) | scanned=3 | long_tp_only
  [label] 2024-06-02 08:00 TRXUSDT entry=0.1148 → SHORT | long=sl(-1.25%) short=tp(+2.20%) | scanned=16 | short_tp_only
  [label] 2024-07-25 08:00 TRXUSDT entry=0.1355 → LONG | long=tp(+2.32%) short=sl(-1.31%) | scanned=10 | long_tp_only
  [label] 2025-01-08 16:00 TRXUSDT entry=0.2505 → SHORT | long=sl(-2.64%) short=tp(+4.99%) | scanned=3 | short_tp_only[I 2026-05-07 00:30:56,593] A new study created in memory with name: no-name-0a78bd50-3a65-4c7d-941c-5ca120f6d148
[I 2026-05-07 00:30:56,897] Trial 0 finished with value: 0.0037794213476126633 and parameters: {'confidence_threshold': 0.7790993046299082, 'training_days': 230, 'n_estimators': 295, 'max_depth': 5, 'num_leaves': 83, 'learning_rate': 0.051543455158230854, 'subsample': 0.8773243492079463, 'min_child_samples': 10, 'reg_alpha': 0.034096514368237685, 'reg_lambda': 3.154180388637081e-05}. Best is trial 0 with value: 0.0037794213476126633.
