[I 2026-05-07 00:28:17,568] Trial 9 finished with value: -1.9824837526262606 and parameters: {'confidence_threshold': 0.7277571993354469, 'training_days': 360, 'n_estimators': 75, 'max_depth': 5, 'num_leaves': 41, 'learning_rate': 0.014186743931212992, 'subsample': 0.7445187273047605, 'min_child_samples': 22, 'reg_alpha': 0.02393227447113315, 'reg_lambda': 0.009236766173618426}. Best is trial 8 with value: 0.034616134154405086.

    [trial 7] Sharpe=-0.0388 (folds: 0.0184, -0.0363, 0.0514, -0.0528, -0.1745)
    [trial 8] 13 features, training_days=440 | threshold=0.653 | labels: 1058 long, 1135 short (48/52%)
    [trial 8] Sharpe=-2.0967 (folds: -0.1074, 0.0596, -10.0000, -0.3217, -0.1139)
    [trial 9] 13 features, training_days=360 | threshold=0.728 | labels: 1058 long, 1135 short (48/52%)
    [trial 9] Sharpe=-2.0967 (folds: -0.1552, -0.0979, 0.2950, -0.5254, -10.0000)
  Optuna: 10 trials, best Sharpe = 0.0029
  Best params: n_estimators=441, max_depth=3, lr=0.0450, leaves=66
  Best confidence_threshold: 0.603
  Best training_days: 60
  Retrained on full data (180 samples, 13 features)
  Model trained for 2025-05: 93 test candles with features, confidence_threshold=0.603
[predict] 2025-05-08 16:00 BCHUSDT → LONG (proba=0.61 TP=6.9%/SL=3.4%)
[trade:open] 2025-05-08 23:59 BCHUSDT LONG @ 421.49 | SL=406.95 TP=450.57 | timeout=2025-05-15 23:59
[trade:close] 2025-05-09 15:59 BCHUSDT LONG → stop_loss @ 406.95 | PnL=-3.45% (net -3.55%) | cum=+64.73% 2025-05=-3.55% 2025-05-09=-3.55%
[predict] 2025-05-11 00:00 BCHUSDT → SHORT (proba=0.96 TP=7.5%/SL=3.7%)
[trade:open] 2025-05-11 07:59 BCHUSDT SHORT @ 409.33 | SL=424.68 TP=378.64 | timeout=2025-05-18 07:59
[trade:close] 2025-05-18 08:00 BCHUSDT SHORT → timeout @ 398.52 | PnL=+2.64% (net +2.54%) | cum=+67.27% 2025-05=-1.01% 2025-05-18=+2.54%
[predict] 2025-05-24 08:00 BCHUSDT → SHORT (proba=1.00 TP=6.9%/SL=3.5%)
[trade:open] 2025-05-24 15:59 BCHUSDT SHORT @ 427.08 | SL=441.83 TP=397.59 | timeout=2025-05-31 15:59
[trade:close] 2025-05-30 07:59 BCHUSDT SHORT → take_profit @ 397.59 | PnL=+6.91% (net +6.81%) | cum=+74.07% 2025-05=+5.80% 2025-05-30=+6.81%
[lgbm] === Training for 2025-06 ===
  Train window: 2023-06-01 → 2025-06-01
  2193 training samples from 1 symbols
  Samples per month: 2023-06: 90, 2023-07: 93, 2023-08: 93, 2023-09: 90, 2023-10: 93, 2023-11: 90, 2023-12: 93, 2024-01: 93, 2024-02: 87, 2024-03: 93, 2024-04: 90, 2024-05: 93, 2024-06: 90, 2024-07: 93, 2024-08: 93, 2024-09: 90, 2024-10: 93, 2024-11: 90, 2024-12: 93, 2025-01: 93, 2025-02: 84, 2025-03: 93, 2025-04: 90, 2025-05: 93
  [label] 2023-08-02 08:00 BCHUSDT entry=232.6200 → SHORT | long=sl(-3.32%) short=tp(+6.34%) | scanned=14 | short_tp_only
  [label] 2023-08-04 16:00 BCHUSDT entry=227.5000 → LONG | long=sl(-3.30%) short=sl(-3.30%) | scanned=8 | no_tp→fwd_return=+2.6769
  [label] 2023-08-08 08:00 BCHUSDT entry=237.2600 → SHORT | long=sl(-3.43%) short=timeout(+0.95%) | scanned=22 | no_tp→fwd_return=-1.0495
  [label] 2023-09-02 08:00 BCHUSDT entry=198.6900 → SHORT | long=sl(-3.81%) short=timeout(+2.37%) | scanned=22 | no_tp→fwd_return=-2.4662
  [label] 2023-10-25 08:00 BCHUSDT entry=257.7500 → SHORT | long=sl(-3.55%) short=tp(+6.81%) | scanned=7 | short_tp_only
  [label] 2024-04-10 08:00 BCHUSDT entry=611.5500 → SHORT | long=sl(-5.96%) short=tp(+11.62%) | scanned=7 | short_tp_only
  [label] 2024-04-14 08:00 BCHUSDT entry=483.7800 → LONG | long=tp(+15.33%) short=sl(-7.81%) | scanned=2 | long_tp_only
  [label] 2024-04-25 00:00 BCHUSDT entry=477.2400 → SHORT | long=sl(-5.27%) short=tp(+10.24%) | scanned=17 | short_tp_only
  [label] 2024-06-09 08:00 BCHUSDT entry=469.9200 → SHORT | long=sl(-3.02%) short=tp(+5.74%) | scanned=6 | short_tp_only
  [label] 2024-06-18 00:00 BCHUSDT entry=393.2400 → SHORT | long=sl(-3.96%) short=tp(+7.61%) | scanned=19 | short_tp_only
  [label] 2024-09-17 16:00 BCHUSDT entry=313.9900 → LONG | long=sl(-2.62%) short=sl(-2.62%) | scanned=3 | no_tp→fwd_return=+4.0797
  [label] 2024-10-19 16:00 BCHUSDT entry=363.0700 → SHORT | long=sl(-2.98%) short=sl(-2.98%) | scanned=10 | no_tp→fwd_return=-2.9140
  [label] 2024-11-05 00:00 BCHUSDT entry=338.2500 → LONG | long=tp(+6.75%) short=sl(-3.53%) | scanned=3 | long_tp_only
  [label] 2024-11-18 00:00 BCHUSDT entry=450.2000 → LONG | long=tp(+10.46%) short=sl(-5.38%) | scanned=9 | long_tp_only
  [label] 2024-12-06 16:00 BCHUSDT entry=619.3800 → SHORT | long=sl(-5.63%) short=tp(+10.96%) | scanned=9 | short_tp_only
  [label] 2024-12-13 00:00 BCHUSDT entry=531.1000 → SHORT | long=sl(-5.80%) short=tp(+11.31%) | scanned=17 | short_tp_only
  [label] 2024-12-25 08:00 BCHUSDT entry=462.0300 → SHORT | long=sl(-5.21%) short=timeout(+3.70%) | scanned=22 | no_tp→fwd_return=-3.7985
  [label] 2025-02-03 08:00 BCHUSDT entry=330.7100 → SHORT | long=sl(-6.55%) short=sl(-6.55%) | scanned=13 | no_tp→fwd_return=-3.7314
  [label] 2025-02-13 08:00 BCHUSDT entry=331.4500 → SHORT | long=sl(-4.44%) short=sl(-4.44%) | scanned=13 | no_tp→fwd_return=-2.3442
  [label] 2025-05-11 08:00 BCHUSDT entry=406.6800 → LONG | long=sl(-3.84%) short=timeout(-0.11%) | scanned=22 | no_tp→fwd_return=+0.0074
  Labels: 1067 long (48.7%), 1126 short (51.3%) | weights: min=1.01, mean=4.21, max=10.00
  Features: 2193/2193 matched, 13 columns
  CV gap: 22 rows
    [trial 0] 13 features, training_days=230 | threshold=0.779 | labels: 1067 long, 1126 short (49/51%)
    [CV fold 0] train_end=2023-09-24 00:00 | val_start=2023-10-01 16:00 | gap=184h (22 rows)
    [CV fold 1] train_end=2024-01-23 16:00 | val_start=2024-01-31 08:00 | gap=184h (22 rows)
    [CV fold 2] train_end=2024-05-24 08:00 | val_start=2024-06-01 00:00 | gap=184h (22 rows)
    [CV fold 3] train_end=2024-09-23 00:00 | val_start=2024-09-30 16:00 | gap=184h (22 rows)
    [CV fold 4] train_end=2025-01-22 16:00 | val_start=2025-01-30 08:00 | gap=184h (22 rows)
    [trial 0] Sharpe=-0.0574 (folds: -0.0056, -0.0375, 0.0012, -0.1702, -0.0747)
    [trial 1] 13 features, training_days=410 | threshold=0.693 | labels: 1067 long, 1126 short (49/51%)
    [trial 1] Sharpe=0.0299 (folds: 0.2950, -0.0703, -0.0382, -0.2736, 0.2363)
    [trial 2] 13 features, training_days=270 | threshold=0.546 | labels: 1067 long, 1126 short (49/51%)
    [trial 2] Sharpe=-0.0862 (folds: -0.1141, -0.0780, 0.0128, -0.1655, -0.0861)
    [trial 3] 13 features, training_days=270 | threshold=0.600 | labels: 1067 long, 1126 short (49/51%)
    [trial 3] Sharpe=-0.0998 (folds: -0.2328, -0.0383, 0.0318, -0.1890, -0.0704)
    [trial 4] 13 features, training_days=390 | threshold=0.764 | labels: 1067 long, 1126 short (49/51%)
    [trial 4] Sharpe=-0.0610 (folds: -0.0401, -0.0351, -0.0556, -0.4259, 0.2518)
    [trial 5] 13 features, training_days=60 | threshold=0.603 | labels: 1067 long, 1126 short (49/51%)
    [trial 5] Sharpe=0.0125 (folds: 0.1407, -0.0102, 0.0695, 0.0048, -0.1425)
    [trial 6] 13 features, training_days=290 | threshold=0.738 | labels: 1067 long, 1126 short (49/51%)
    [trial 6] Sharpe=-0.1014 (folds: 0.1489, -0.0402, -0.0263, -0.4536, -0.1359)
    [trial 7] 13 features, training_days=70 | threshold=0.564 | labels: 1067 long, 1126 short (49/51%)
    [trial 7] Sharpe=-0.0220 (folds: 0.0429, -0.0151, -0.0025, 0.0247, -0.1601)
    [trial 8] 13 features, training_days=440 | threshold=0.653 | labels: 1067 long, 1126 short (49/51%)
    [trial 8] Sharpe=0.0346 (folds: 0.1359, 0.0219, -0.0470, -0.0688, 0.1310)
    [trial 9] 13 features, training_days=360 | threshold=0.728 | labels: 1067 long, 1126 short (49/51%)
    [trial 9] Sharpe=-1.9825 (folds: 0.5026, -0.1172, -10.0000, -0.4865, 0.1887)
  Optuna: 10 trials, best Sharpe = 0.0346
  Best params: n_estimators=116, max_depth=4, lr=0.0102, leaves=115
  Best confidence_threshold: 0.653
  Best training_days: 440
  Retrained on full data (1320 samples, 13 features)
  Model trained for 2025-06: 90 test candles with features, confidence_threshold=0.653
[predict] 2025-06-11 16:00 BCHUSDT → SHORT (proba=0.69 TP=5.5%/SL=2.7%)
[trade:open] 2025-06-11 23:59 BCHUSDT SHORT @ 428.44 | SL=440.15 TP=405.01 | timeout=2025-06-18 23:59
[trade:close] 2025-06-12 23:59 BCHUSDT SHORT → stop_loss @ 440.15 | PnL=-2.73% (net -2.83%) | cum=+71.24% 2025-06=-2.83% 2025-06-12=-2.83%
[predict] 2025-06-18 00:00 BCHUSDT → SHORT (proba=0.68 TP=6.6%/SL=3.3%)
[trade:open] 2025-06-18 07:59 BCHUSDT SHORT @ 470.45 | SL=486.09 TP=439.17 | timeout=2025-06-25 07:59
[trade:close] 2025-06-19 15:59 BCHUSDT SHORT → stop_loss @ 486.09 | PnL=-3.32% (net -3.42%) | cum=+67.81% 2025-06=-6.26% 2025-06-19=-3.42%
[predict] 2025-06-27 00:00 BCHUSDT → SHORT (proba=0.67 TP=6.9%/SL=3.5%)[I 2026-05-07 00:28:17,815] A new study created in memory with name: no-name-e89056ed-4ad6-49e9-a23d-3bd4ac92dd3d
[I 2026-05-07 00:28:18,091] Trial 0 finished with value: -0.024849888848204455 and parameters: {'confidence_threshold': 0.7790993046299082, 'training_days': 230, 'n_estimators': 295, 'max_depth': 5, 'num_leaves': 83, 'learning_rate': 0.051543455158230854, 'subsample': 0.8773243492079463, 'min_child_samples': 10, 'reg_alpha': 0.034096514368237685, 'reg_lambda': 3.154180388637081e-05}. Best is trial 0 with value: -0.024849888848204455.
[I 2026-05-07 00:28:18,225] Trial 1 finished with value: 0.09586211445863356 and parameters: {'confidence_threshold': 0.6929247853618086, 'training_days': 410, 'n_estimators': 233, 'max_depth': 5, 'num_leaves': 108, 'learning_rate': 0.013724237108071606, 'subsample': 0.7013182233636002, 'min_child_samples': 94, 'reg_alpha': 2.4040959529260723e-06, 'reg_lambda': 5.320966582161148}. Best is trial 1 with value: 0.09586211445863356.
[I 2026-05-07 00:28:18,293] Trial 2 finished with value: -0.04266484301303205 and parameters: {'confidence_threshold': 0.546341527225763, 'training_days': 270, 'n_estimators': 120, 'max_depth': 4, 'num_leaves': 53, 'learning_rate': 0.060197068579343475, 'subsample': 0.588227873455941, 'min_child_samples': 91, 'reg_alpha': 2.3457771824819002e-08, 'reg_lambda': 1.1358840775642732e-08}. Best is trial 1 with value: 0.09586211445863356.
[I 2026-05-07 00:28:18,490] Trial 3 finished with value: -0.061876765303432855 and parameters: {'confidence_threshold': 0.6000319676300473, 'training_days': 270, 'n_estimators': 382, 'max_depth': 4, 'num_leaves': 44, 'learning_rate': 0.09185046765032388, 'subsample': 0.6743651508646724, 'min_child_samples': 77, 'reg_alpha': 0.0013974578104212739, 'reg_lambda': 8.97190257982477e-08}. Best is trial 1 with value: 0.09586211445863356.
[I 2026-05-07 00:28:18,846] Trial 4 finished with value: -0.008519575859868067 and parameters: {'confidence_threshold': 0.7642618789055509, 'training_days': 390, 'n_estimators': 464, 'max_depth': 5, 'num_leaves': 30, 'learning_rate': 0.024562383309704932, 'subsample': 0.8612975035964376, 'min_child_samples': 36, 'reg_alpha': 1.593999300080167, 'reg_lambda': 0.006081270362829788}. Best is trial 1 with value: 0.09586211445863356.
[I 2026-05-07 00:28:18,985] Trial 5 finished with value: -0.028194677229599462 and parameters: {'confidence_threshold': 0.6029115860358569, 'training_days': 60, 'n_estimators': 441, 'max_depth': 3, 'num_leaves': 66, 'learning_rate': 0.044953114425778824, 'subsample': 0.7098948461279406, 'min_child_samples': 15, 'reg_alpha': 4.888753565548431e-07, 'reg_lambda': 4.198190642566389}. Best is trial 1 with value: 0.09586211445863356.
[I 2026-05-07 00:28:19,191] Trial 6 finished with value: -0.046553833494093456 and parameters: {'confidence_threshold': 0.7376932868314098, 'training_days': 290, 'n_estimators': 249, 'max_depth': 5, 'num_leaves': 121, 'learning_rate': 0.015565840632862623, 'subsample': 0.8390183783709677, 'min_child_samples': 19, 'reg_alpha': 1.860444687368747e-08, 'reg_lambda': 2.7391483548058117e-06}. Best is trial 1 with value: 0.09586211445863356.
[I 2026-05-07 00:28:19,227] Trial 7 finished with value: -0.02525214880353465 and parameters: {'confidence_threshold': 0.563503962036334, 'training_days': 70, 'n_estimators': 63, 'max_depth': 3, 'num_leaves': 47, 'learning_rate': 0.18074927623018475, 'subsample': 0.5059692991701257, 'min_child_samples': 9, 'reg_alpha': 3.6945804405602874e-08, 'reg_lambda': 0.027706035542028905}. Best is trial 1 with value: 0.09586211445863356.
[I 2026-05-07 00:28:19,320] Trial 8 finished with value: -0.06075721938512402 and parameters: {'confidence_threshold': 0.6525471176758836, 'training_days': 440, 'n_estimators': 116, 'max_depth': 4, 'num_leaves': 115, 'learning_rate': 0.010229952960863938, 'subsample': 0.5062159465415076, 'min_child_samples': 54, 'reg_alpha': 6.790626457822126e-06, 'reg_lambda': 1.7869141074987722e-05}. Best is trial 1 with value: 0.09586211445863356.
[I 2026-05-07 00:28:19,406] Trial 9 finished with value: -0.08317073846932696 and parameters: {'confidence_threshold': 0.7277571993354469, 'training_days': 360, 'n_estimators': 75, 'max_depth': 5, 'num_leaves': 41, 'learning_rate': 0.014186743931212992, 'subsample': 0.7445187273047605, 'min_child_samples': 22, 'reg_alpha': 0.02393227447113315, 'reg_lambda': 0.009236766173618426}. Best is trial 1 with value: 0.09586211445863356.

[trade:open] 2025-06-27 07:59 BCHUSDT SHORT @ 498.04 | SL=515.26 TP=463.61 | timeout=2025-07-04 07:59
[trade:close] 2025-06-30 15:59 BCHUSDT SHORT → stop_loss @ 515.26 | PnL=-3.46% (net -3.56%) | cum=+64.26% 2025-06=-9.81% 2025-06-30=-3.56%
[lgbm] === Training for 2025-07 ===
  Train window: 2023-07-01 → 2025-07-01
  2193 training samples from 1 symbols
  Samples per month: 2023-07: 93, 2023-08: 93, 2023-09: 90, 2023-10: 93, 2023-11: 90, 2023-12: 93, 2024-01: 93, 2024-02: 87, 2024-03: 93, 2024-04: 90, 2024-05: 93, 2024-06: 90, 2024-07: 93, 2024-08: 93, 2024-09: 90, 2024-10: 93, 2024-11: 90, 2024-12: 93, 2025-01: 93, 2025-02: 84, 2025-03: 93, 2025-04: 90, 2025-05: 93, 2025-06: 90
  [label] 2023-09-01 08:00 BCHUSDT entry=202.4000 → SHORT | long=sl(-3.93%) short=timeout(+5.23%) | scanned=22 | no_tp→fwd_return=-5.3261
  [label] 2023-09-03 16:00 BCHUSDT entry=196.0200 → SHORT | long=sl(-3.73%) short=timeout(+2.85%) | scanned=22 | no_tp→fwd_return=-2.9538
  [label] 2023-09-07 08:00 BCHUSDT entry=190.5200 → SHORT | long=sl(-3.16%) short=sl(-3.16%) | scanned=8 | no_tp→fwd_return=-0.7978
  [label] 2023-10-02 08:00 BCHUSDT entry=249.3800 → SHORT | long=sl(-3.08%) short=tp(+5.86%) | scanned=3 | short_tp_only
  [label] 2023-11-24 08:00 BCHUSDT entry=227.7100 → SHORT | long=sl(-2.98%) short=timeout(+1.66%) | scanned=22 | no_tp→fwd_return=-1.7566
  [label] 2024-05-10 08:00 BCHUSDT entry=426.8700 → LONG | long=tp(+8.08%) short=sl(-4.19%) | scanned=16 | long_tp_only
  [label] 2024-05-14 08:00 BCHUSDT entry=434.0500 → LONG | long=tp(+6.39%) short=sl(-3.34%) | scanned=4 | long_tp_only
  [label] 2024-05-25 00:00 BCHUSDT entry=496.3000 → SHORT | long=sl(-3.44%) short=tp(+6.57%) | scanned=9 | short_tp_only
  [label] 2024-07-09 08:00 BCHUSDT entry=332.5700 → LONG | long=tp(+8.79%) short=sl(-4.55%) | scanned=6 | long_tp_only
  [label] 2024-07-18 00:00 BCHUSDT entry=378.6800 → SHORT | long=sl(-3.95%) short=sl(-3.95%) | scanned=17 | no_tp→fwd_return=-3.3194
  [label] 2024-10-17 16:00 BCHUSDT entry=369.4100 → SHORT | long=sl(-3.20%) short=tp(+6.10%) | scanned=17 | short_tp_only
  [label] 2024-11-18 16:00 BCHUSDT entry=452.7700 → LONG | long=tp(+10.71%) short=sl(-5.51%) | scanned=7 | long_tp_only
  [label] 2024-12-05 00:00 BCHUSDT entry=620.5400 → SHORT | long=sl(-5.54%) short=tp(+10.78%) | scanned=14 | short_tp_only
  [label] 2024-12-18 00:00 BCHUSDT entry=520.7300 → SHORT | long=sl(-4.87%) short=tp(+9.45%) | scanned=2 | short_tp_only
  [label] 2025-01-05 16:00 BCHUSDT entry=470.9400 → SHORT | long=sl(-3.09%) short=sl(-3.09%) | scanned=5 | no_tp→fwd_return=-5.1429
  [label] 2025-01-12 00:00 BCHUSDT entry=441.4400 → SHORT | long=sl(-3.33%) short=sl(-3.33%) | scanned=3 | no_tp→fwd_return=-2.7116
  [label] 2025-01-24 08:00 BCHUSDT entry=438.7900 → SHORT | long=sl(-4.20%) short=tp(+8.11%) | scanned=8 | short_tp_only
  [label] 2025-03-05 08:00 BCHUSDT entry=389.6200 → SHORT | long=sl(-5.32%) short=sl(-5.32%) | scanned=12 | no_tp→fwd_return=-6.0572
  [label] 2025-03-15 08:00 BCHUSDT entry=339.9100 → SHORT | long=sl(-5.09%) short=timeout(+5.25%) | scanned=22 | no_tp→fwd_return=-5.3514
  [label] 2025-06-10 08:00 BCHUSDT entry=428.6500 → SHORT | long=sl(-2.66%) short=sl(-2.66%) | scanned=8 | no_tp→fwd_return=-2.9931
  Labels: 1060 long (48.3%), 1133 short (51.7%) | weights: min=1.01, mean=4.20, max=10.00
  Features: 2193/2193 matched, 13 columns
  CV gap: 22 rows
    [trial 0] 13 features, training_days=230 | threshold=0.779 | labels: 1060 long, 1133 short (48/52%)
    [CV fold 0] train_end=2023-10-24 00:00 | val_start=2023-10-31 16:00 | gap=184h (22 rows)
    [CV fold 1] train_end=2024-02-22 16:00 | val_start=2024-03-01 08:00 | gap=184h (22 rows)
    [CV fold 2] train_end=2024-06-23 08:00 | val_start=2024-07-01 00:00 | gap=184h (22 rows)
    [CV fold 3] train_end=2024-10-23 00:00 | val_start=2024-10-30 16:00 | gap=184h (22 rows)
    [CV fold 4] train_end=2025-02-21 16:00 | val_start=2025-03-01 08:00 | gap=184h (22 rows)
    [trial 0] Sharpe=-0.0248 (folds: 0.1113, -0.0339, -0.0599, -0.1035, -0.0383)
    [trial 1] 13 features, training_days=410 | threshold=0.693 | labels: 1060 long, 1133 short (48/52%)
    [trial 1] Sharpe=0.0959 (folds: 0.1144, -0.0415, 0.1322, -0.2793, 0.5536)
    [trial 2] 13 features, training_days=270 | threshold=0.546 | labels: 1060 long, 1133 short (48/52%)
    [trial 2] Sharpe=-0.0427 (folds: -0.0383, -0.0375, 0.0819, -0.2995, 0.0801)
    [trial 3] 13 features, training_days=270 | threshold=0.600 | labels: 1060 long, 1133 short (48/52%)
    [trial 3] Sharpe=-0.0619 (folds: -0.1720, -0.0662, 0.0891, -0.2945, 0.1342)
    [trial 4] 13 features, training_days=390 | threshold=0.764 | labels: 1060 long, 1133 short (48/52%)
    [trial 4] Sharpe=-0.0085 (folds: -0.0051, -0.0602, 0.1357, -0.3828, 0.2698)
    [trial 5] 13 features, training_days=60 | threshold=0.603 | labels: 1060 long, 1133 short (48/52%)
    [trial 5] Sharpe=-0.0282 (folds: 0.0604, -0.0381, -0.0915, -0.1294, 0.0576)
    [trial 6] 13 features, training_days=290 | threshold=0.738 | labels: 1060 long, 1133 short (48/52%)
    [trial 6] Sharpe=-0.0466 (folds: 0.1832, -0.0352, 0.3839, -0.8226, 0.0580)
    [trial 7] 13 features, training_days=70 | threshold=0.564 | labels: 1060 long, 1133 short (48/52%)
    [trial 7] Sharpe=-0.0253 (folds: -0.0217, 0.0642, -0.1486, -0.0751, 0.0550)
    [trial 8] 13 features, training_days=440 | threshold=0.653 | labels: 1060 long, 1133 short (48/52%)
    [trial 8] Sharpe=-0.0608 (folds: 0.0890, -0.0781, 0.0578, -0.4305, 0.0580)
    [trial 9] 13 features, training_days=360 | threshold=0.728 | labels: 1060 long, 1133 short (48/52%)
    [trial 9] Sharpe=-0.0832 (folds: 0.1316, 0.0677, 0.0100, -0.5008, -0.1243)
  Optuna: 10 trials, best Sharpe = 0.0959
  Best params: n_estimators=233, max_depth=5, lr=0.0137, leaves=108
  Best confidence_threshold: 0.693
  Best training_days: 410
  Retrained on full data (1230 samples, 13 features)
  Model trained for 2025-07: 93 test candles with features, confidence_threshold=0.693
[predict] 2025-07-02 00:00 BCHUSDT → SHORT (proba=0.73 TP=6.5%/SL=3.2%)
[trade:open] 2025-07-02 07:59 BCHUSDT SHORT @ 504.96 | SL=521.26 TP=472.36 | timeout=2025-07-09 07:59
[trade:close] 2025-07-04 15:59 BCHUSDT SHORT → take_profit @ 472.36 | PnL=+6.46% (net +6.36%) | cum=+70.61% 2025-07=+6.36% 2025-07-04=+6.36%
[lgbm] === Training for 2025-08 ===
  Train window: 2023-08-01 → 2025-08-01
  2193 training samples from 1 symbols
  Samples per month: 2023-08: 93, 2023-09: 90, 2023-10: 93, 2023-11: 90, 2023-12: 93, 2024-01: 93, 2024-02: 87, 2024-03: 93, 2024-04: 90, 2024-05: 93, 2024-06: 90, 2024-07: 93, 2024-08: 93, 2024-09: 90, 2024-10: 93, 2024-11: 90, 2024-12: 93, 2025-01: 93, 2025-02: 84, 2025-03: 93, 2025-04: 90, 2025-05: 93, 2025-06: 90, 2025-07: 93
  [label] 2023-10-02 08:00 BCHUSDT entry=249.3800 → SHORT | long=sl(-3.08%) short=tp(+5.86%) | scanned=3 | short_tp_only
  [label] 2023-10-04 16:00 BCHUSDT entry=232.9000 → SHORT | long=sl(-3.42%) short=tp(+6.55%) | scanned=14 | short_tp_only
  [label] 2023-10-08 08:00 BCHUSDT entry=228.9800 → SHORT | long=sl(-3.06%) short=tp(+5.82%) | scanned=3 | short_tp_only
  [label] 2023-11-02 08:00 BCHUSDT entry=234.6100 → LONG | long=tp(+6.58%) short=sl(-3.44%) | scanned=15 | long_tp_only
  [label] 2023-12-25 08:00 BCHUSDT entry=235.1500 → SHORT | long=sl(-2.63%) short=tp(+4.96%) | scanned=4 | short_tp_only
  [label] 2024-06-10 08:00 BCHUSDT entry=473.1300 → SHORT | long=sl(-2.93%) short=tp(+5.56%) | scanned=3 | short_tp_only
  [label] 2024-06-14 08:00 BCHUSDT entry=423.9100 → SHORT | long=sl(-3.52%) short=tp(+6.75%) | scanned=11 | short_tp_only
  [label] 2024-06-25 00:00 BCHUSDT entry=371.0100 → LONG | long=tp(+8.16%) short=sl(-4.23%) | scanned=10 | long_tp_only
  [label] 2024-08-09 08:00 BCHUSDT entry=343.0100 → SHORT | long=timeout(-3.35%) short=sl(-5.79%) | scanned=22 | no_tp→fwd_return=-3.2506
  [label] 2024-08-18 00:00 BCHUSDT entry=340.7800 → LONG | long=tp(+7.87%) short=sl(-4.09%) | scanned=17 | long_tp_only
  [label] 2024-11-17 16:00 BCHUSDT entry=432.6400 → LONG | long=tp(+10.83%) short=sl(-5.57%) | scanned=10 | long_tp_only[I 2026-05-07 00:28:19,668] A new study created in memory with name: no-name-f349bee5-dc90-439a-b127-05e968990c33
[I 2026-05-07 00:28:19,915] Trial 0 finished with value: -0.07438039243201058 and parameters: {'confidence_threshold': 0.7790993046299082, 'training_days': 230, 'n_estimators': 295, 'max_depth': 5, 'num_leaves': 83, 'learning_rate': 0.051543455158230854, 'subsample': 0.8773243492079463, 'min_child_samples': 10, 'reg_alpha': 0.034096514368237685, 'reg_lambda': 3.154180388637081e-05}. Best is trial 0 with value: -0.07438039243201058.
