[I 2026-05-07 00:28:01,039] Trial 9 finished with value: -2.1633739023233676 and parameters: {'confidence_threshold': 0.7277571993354469, 'training_days': 360, 'n_estimators': 75, 'max_depth': 5, 'num_leaves': 41, 'learning_rate': 0.014186743931212992, 'subsample': 0.7445187273047605, 'min_child_samples': 22, 'reg_alpha': 0.02393227447113315, 'reg_lambda': 0.009236766173618426}. Best is trial 5 with value: 0.04445756594767718.

    [trial 3] Sharpe=-0.0154 (folds: 0.2234, -0.0133, -0.0838, -0.1837, -0.0195)
    [trial 4] 13 features, training_days=390 | threshold=0.764 | labels: 1052 long, 1141 short (48/52%)
    [trial 4] Sharpe=0.0501 (folds: 0.3088, -0.1236, 0.0354, -0.0294, 0.0593)
    [trial 5] 13 features, training_days=60 | threshold=0.603 | labels: 1052 long, 1141 short (48/52%)
    [trial 5] Sharpe=-0.0212 (folds: 0.1201, -0.0388, -0.0208, -0.0342, -0.1322)
    [trial 6] 13 features, training_days=290 | threshold=0.738 | labels: 1052 long, 1141 short (48/52%)
    [trial 6] Sharpe=0.0333 (folds: 0.2521, -0.1042, -0.0982, 0.0564, 0.0604)
    [trial 7] 13 features, training_days=70 | threshold=0.564 | labels: 1052 long, 1141 short (48/52%)
    [trial 7] Sharpe=-0.0206 (folds: 0.1899, -0.0805, 0.0106, -0.0934, -0.1295)
    [trial 8] 13 features, training_days=440 | threshold=0.653 | labels: 1052 long, 1141 short (48/52%)
    [trial 8] Sharpe=0.0567 (folds: 0.2723, 0.1843, -0.1499, 0.1415, -0.1645)
    [trial 9] 13 features, training_days=360 | threshold=0.728 | labels: 1052 long, 1141 short (48/52%)
    [trial 9] Sharpe=-5.9153 (folds: 0.3052, -10.0000, 0.1181, -10.0000, -10.0000)
  Optuna: 10 trials, best Sharpe = 0.0659
  Best params: n_estimators=233, max_depth=5, lr=0.0137, leaves=108
  Best confidence_threshold: 0.693
  Best training_days: 410
  Retrained on full data (1230 samples, 13 features)
  Model trained for 2024-08: 93 test candles with features, confidence_threshold=0.693
[predict] 2024-08-05 16:00 BCHUSDT → SHORT (proba=0.73 TP=12.9%/SL=6.5%)
[trade:open] 2024-08-05 23:59 BCHUSDT SHORT @ 309.51 | SL=329.50 TP=269.53 | timeout=2024-08-12 23:59
[trade:close] 2024-08-06 07:59 BCHUSDT SHORT → stop_loss @ 329.50 | PnL=-6.46% (net -6.56%) | cum=+47.24% 2024-08=-0.02% 2024-08-06=-6.56%
[predict] 2024-08-07 16:00 BCHUSDT → SHORT (proba=0.74 TP=12.1%/SL=6.1%)
[trade:open] 2024-08-07 23:59 BCHUSDT SHORT @ 312.17 | SL=331.06 TP=274.39 | timeout=2024-08-14 23:59
[trade:close] 2024-08-08 07:59 BCHUSDT SHORT → stop_loss @ 331.06 | PnL=-6.05% (net -6.15%) | cum=+41.09% 2024-08=-6.17% 2024-08-08=-6.15%
[predict] 2024-08-09 16:00 BCHUSDT → SHORT (proba=0.78 TP=10.9%/SL=5.4%)
[trade:open] 2024-08-09 23:59 BCHUSDT SHORT @ 347.45 | SL=366.34 TP=309.68 | timeout=2024-08-16 23:59
[trade:close] 2024-08-17 00:00 BCHUSDT SHORT → timeout @ 337.75 | PnL=+2.79% (net +2.69%) | cum=+43.78% 2024-08=-3.48% 2024-08-17=+2.69%
[lgbm] === Training for 2024-09 ===
  Train window: 2022-09-01 → 2024-09-01
  2193 training samples from 1 symbols
  Samples per month: 2022-09: 90, 2022-10: 93, 2022-11: 90, 2022-12: 93, 2023-01: 93, 2023-02: 84, 2023-03: 93, 2023-04: 90, 2023-05: 93, 2023-06: 90, 2023-07: 93, 2023-08: 93, 2023-09: 90, 2023-10: 93, 2023-11: 90, 2023-12: 93, 2024-01: 93, 2024-02: 87, 2024-03: 93, 2024-04: 90, 2024-05: 93, 2024-06: 90, 2024-07: 93, 2024-08: 93
  [label] 2022-11-02 08:00 BCHUSDT entry=116.9400 → LONG | long=sl(-2.59%) short=sl(-2.59%) | scanned=2 | no_tp→fwd_return=+0.6071
  [label] 2022-11-04 16:00 BCHUSDT entry=124.3700 → SHORT | long=sl(-2.94%) short=tp(+5.57%) | scanned=6 | short_tp_only
  [label] 2022-11-08 08:00 BCHUSDT entry=113.5000 → SHORT | long=sl(-3.48%) short=sl(-3.48%) | scanned=1 | no_tp→fwd_return=-9.1806
  [label] 2022-12-03 08:00 BCHUSDT entry=111.3900 → SHORT | long=sl(-2.70%) short=sl(-2.70%) | scanned=11 | no_tp→fwd_return=-2.8189
  [label] 2023-01-25 08:00 BCHUSDT entry=128.8700 → LONG | long=tp(+6.61%) short=sl(-3.46%) | scanned=11 | long_tp_only
  [label] 2023-07-12 08:00 BCHUSDT entry=282.9200 → SHORT | long=sl(-5.52%) short=tp(+10.74%) | scanned=8 | short_tp_only
  [label] 2023-07-16 08:00 BCHUSDT entry=256.3300 → SHORT | long=sl(-5.30%) short=timeout(+3.42%) | scanned=22 | no_tp→fwd_return=-3.5189
  [label] 2023-07-27 00:00 BCHUSDT entry=246.4200 → SHORT | long=sl(-3.57%) short=sl(-3.57%) | scanned=18 | no_tp→fwd_return=-3.8917
  [label] 2023-09-10 08:00 BCHUSDT entry=188.6500 → LONG | long=sl(-2.99%) short=sl(-2.99%) | scanned=6 | no_tp→fwd_return=+4.5746
  [label] 2023-09-19 00:00 BCHUSDT entry=216.7100 → SHORT | long=sl(-3.41%) short=tp(+6.51%) | scanned=17 | short_tp_only
  [label] 2023-12-19 16:00 BCHUSDT entry=225.1700 → LONG | long=tp(+5.68%) short=sl(-2.99%) | scanned=8 | long_tp_only
  [label] 2024-01-20 16:00 BCHUSDT entry=238.9500 → SHORT | long=sl(-3.80%) short=tp(+7.30%) | scanned=8 | short_tp_only
  [label] 2024-02-06 00:00 BCHUSDT entry=235.8400 → LONG | long=tp(+3.98%) short=sl(-2.14%) | scanned=9 | long_tp_only
  [label] 2024-02-19 00:00 BCHUSDT entry=272.2900 → SHORT | long=sl(-2.88%) short=tp(+5.46%) | scanned=4 | short_tp_only
  [label] 2024-03-08 16:00 BCHUSDT entry=436.6600 → SHORT | long=sl(-6.54%) short=sl(-6.54%) | scanned=17 | no_tp→fwd_return=-0.7603
  [label] 2024-03-15 00:00 BCHUSDT entry=413.2200 → SHORT | long=sl(-6.67%) short=tp(+13.04%) | scanned=13 | short_tp_only
  [label] 2024-03-27 08:00 BCHUSDT entry=532.6000 → LONG | long=tp(+10.43%) short=sl(-5.37%) | scanned=6 | long_tp_only
  [label] 2024-05-06 08:00 BCHUSDT entry=472.1400 → SHORT | long=sl(-3.79%) short=sl(-3.79%) | scanned=5 | no_tp→fwd_return=-4.2127
  [label] 2024-05-16 08:00 BCHUSDT entry=445.5900 → LONG | long=tp(+6.53%) short=sl(-3.42%) | scanned=3 | long_tp_only
  [label] 2024-08-11 08:00 BCHUSDT entry=340.3600 → LONG | long=timeout(+0.91%) short=sl(-5.13%) | scanned=22 | no_tp→fwd_return=+1.0078
  Labels: 1047 long (47.7%), 1146 short (52.3%) | weights: min=1.00, mean=3.96, max=10.00
  Features: 2193/2193 matched, 13 columns
  CV gap: 22 rows
    [trial 0] 13 features, training_days=230 | threshold=0.779 | labels: 1047 long, 1146 short (48/52%)
    [CV fold 0] train_end=2022-12-25 00:00 | val_start=2023-01-01 16:00 | gap=184h (22 rows)
    [CV fold 1] train_end=2023-04-25 16:00 | val_start=2023-05-03 08:00 | gap=184h (22 rows)
    [CV fold 2] train_end=2023-08-25 08:00 | val_start=2023-09-02 00:00 | gap=184h (22 rows)
    [CV fold 3] train_end=2023-12-25 00:00 | val_start=2024-01-01 16:00 | gap=184h (22 rows)
    [CV fold 4] train_end=2024-04-24 16:00 | val_start=2024-05-02 08:00 | gap=184h (22 rows)
    [trial 0] Sharpe=0.0062 (folds: 0.0256, -0.1129, -0.0584, 0.1084, 0.0685)
    [trial 1] 13 features, training_days=410 | threshold=0.693 | labels: 1047 long, 1146 short (48/52%)
    [trial 1] Sharpe=-0.0137 (folds: 0.0747, 0.0370, -0.2310, 0.0746, -0.0238)
    [trial 2] 13 features, training_days=270 | threshold=0.546 | labels: 1047 long, 1146 short (48/52%)
    [trial 2] Sharpe=0.0160 (folds: 0.0232, -0.0594, 0.0144, 0.0842, 0.0174)
    [trial 3] 13 features, training_days=270 | threshold=0.600 | labels: 1047 long, 1146 short (48/52%)
    [trial 3] Sharpe=0.0092 (folds: 0.0417, 0.0418, -0.0638, 0.0296, -0.0032)
    [trial 4] 13 features, training_days=390 | threshold=0.764 | labels: 1047 long, 1146 short (48/52%)
    [trial 4] Sharpe=0.0096 (folds: -0.0083, 0.0486, -0.2024, 0.1503, 0.0596)
    [trial 5] 13 features, training_days=60 | threshold=0.603 | labels: 1047 long, 1146 short (48/52%)
    [trial 5] Sharpe=0.0445 (folds: 0.0990, -0.0031, 0.0808, 0.0023, 0.0432)
    [trial 6] 13 features, training_days=290 | threshold=0.738 | labels: 1047 long, 1146 short (48/52%)
    [trial 6] Sharpe=-0.0372 (folds: 0.0496, -0.1289, -0.1983, 0.1189, -0.0272)
    [trial 7] 13 features, training_days=70 | threshold=0.564 | labels: 1047 long, 1146 short (48/52%)
    [trial 7] Sharpe=-0.0047 (folds: 0.0215, -0.0614, 0.0248, -0.0345, 0.0259)
    [trial 8] 13 features, training_days=440 | threshold=0.653 | labels: 1047 long, 1146 short (48/52%)
    [trial 8] Sharpe=0.0028 (folds: 0.1948, 0.1221, -0.4897, 0.2533, -0.0666)
    [trial 9] 13 features, training_days=360 | threshold=0.728 | labels: 1047 long, 1146 short (48/52%)
    [trial 9] Sharpe=-2.1634 (folds: -0.0140, -0.0463, -1.3694, 0.6128, -10.0000)
  Optuna: 10 trials, best Sharpe = 0.0445
  Best params: n_estimators=441, max_depth=3, lr=0.0450, leaves=66
  Best confidence_threshold: 0.603
  Best training_days: 60
  Retrained on full data (180 samples, 13 features)
  Model trained for 2024-09: 90 test candles with features, confidence_threshold=0.603[I 2026-05-07 00:28:01,288] A new study created in memory with name: no-name-cc3c0a7c-47dc-451d-9338-46d844ffceeb
[I 2026-05-07 00:28:01,551] Trial 0 finished with value: 0.052271060237842684 and parameters: {'confidence_threshold': 0.7790993046299082, 'training_days': 230, 'n_estimators': 295, 'max_depth': 5, 'num_leaves': 83, 'learning_rate': 0.051543455158230854, 'subsample': 0.8773243492079463, 'min_child_samples': 10, 'reg_alpha': 0.034096514368237685, 'reg_lambda': 3.154180388637081e-05}. Best is trial 0 with value: 0.052271060237842684.
[I 2026-05-07 00:28:01,699] Trial 1 finished with value: -0.053253045574786904 and parameters: {'confidence_threshold': 0.6929247853618086, 'training_days': 410, 'n_estimators': 233, 'max_depth': 5, 'num_leaves': 108, 'learning_rate': 0.013724237108071606, 'subsample': 0.7013182233636002, 'min_child_samples': 94, 'reg_alpha': 2.4040959529260723e-06, 'reg_lambda': 5.320966582161148}. Best is trial 0 with value: 0.052271060237842684.
[I 2026-05-07 00:28:01,766] Trial 2 finished with value: 0.011553000541241655 and parameters: {'confidence_threshold': 0.546341527225763, 'training_days': 270, 'n_estimators': 120, 'max_depth': 4, 'num_leaves': 53, 'learning_rate': 0.060197068579343475, 'subsample': 0.588227873455941, 'min_child_samples': 91, 'reg_alpha': 2.3457771824819002e-08, 'reg_lambda': 1.1358840775642732e-08}. Best is trial 0 with value: 0.052271060237842684.
[I 2026-05-07 00:28:01,942] Trial 3 finished with value: -0.030178356029871928 and parameters: {'confidence_threshold': 0.6000319676300473, 'training_days': 270, 'n_estimators': 382, 'max_depth': 4, 'num_leaves': 44, 'learning_rate': 0.09185046765032388, 'subsample': 0.6743651508646724, 'min_child_samples': 77, 'reg_alpha': 0.0013974578104212739, 'reg_lambda': 8.97190257982477e-08}. Best is trial 0 with value: 0.052271060237842684.
[I 2026-05-07 00:28:02,334] Trial 4 finished with value: -0.0015457012954896321 and parameters: {'confidence_threshold': 0.7642618789055509, 'training_days': 390, 'n_estimators': 464, 'max_depth': 5, 'num_leaves': 30, 'learning_rate': 0.024562383309704932, 'subsample': 0.8612975035964376, 'min_child_samples': 36, 'reg_alpha': 1.593999300080167, 'reg_lambda': 0.006081270362829788}. Best is trial 0 with value: 0.052271060237842684.
[I 2026-05-07 00:28:02,485] Trial 5 finished with value: 0.041868177952676014 and parameters: {'confidence_threshold': 0.6029115860358569, 'training_days': 60, 'n_estimators': 441, 'max_depth': 3, 'num_leaves': 66, 'learning_rate': 0.044953114425778824, 'subsample': 0.7098948461279406, 'min_child_samples': 15, 'reg_alpha': 4.888753565548431e-07, 'reg_lambda': 4.198190642566389}. Best is trial 0 with value: 0.052271060237842684.
[I 2026-05-07 00:28:02,698] Trial 6 finished with value: 0.03239864011817021 and parameters: {'confidence_threshold': 0.7376932868314098, 'training_days': 290, 'n_estimators': 249, 'max_depth': 5, 'num_leaves': 121, 'learning_rate': 0.015565840632862623, 'subsample': 0.8390183783709677, 'min_child_samples': 19, 'reg_alpha': 1.860444687368747e-08, 'reg_lambda': 2.7391483548058117e-06}. Best is trial 0 with value: 0.052271060237842684.
[I 2026-05-07 00:28:02,734] Trial 7 finished with value: 0.0240326331439873 and parameters: {'confidence_threshold': 0.563503962036334, 'training_days': 70, 'n_estimators': 63, 'max_depth': 3, 'num_leaves': 47, 'learning_rate': 0.18074927623018475, 'subsample': 0.5059692991701257, 'min_child_samples': 9, 'reg_alpha': 3.6945804405602874e-08, 'reg_lambda': 0.027706035542028905}. Best is trial 0 with value: 0.052271060237842684.
[I 2026-05-07 00:28:02,811] Trial 8 finished with value: -1.9518901460883449 and parameters: {'confidence_threshold': 0.6525471176758836, 'training_days': 440, 'n_estimators': 116, 'max_depth': 4, 'num_leaves': 115, 'learning_rate': 0.010229952960863938, 'subsample': 0.5062159465415076, 'min_child_samples': 54, 'reg_alpha': 6.790626457822126e-06, 'reg_lambda': 1.7869141074987722e-05}. Best is trial 0 with value: 0.052271060237842684.
[I 2026-05-07 00:28:02,898] Trial 9 finished with value: -4.013404600929543 and parameters: {'confidence_threshold': 0.7277571993354469, 'training_days': 360, 'n_estimators': 75, 'max_depth': 5, 'num_leaves': 41, 'learning_rate': 0.014186743931212992, 'subsample': 0.7445187273047605, 'min_child_samples': 22, 'reg_alpha': 0.02393227447113315, 'reg_lambda': 0.009236766173618426}. Best is trial 0 with value: 0.052271060237842684.

[lgbm] === Training for 2024-10 ===
  Train window: 2022-10-01 → 2024-10-01
  2193 training samples from 1 symbols
  Samples per month: 2022-10: 93, 2022-11: 90, 2022-12: 93, 2023-01: 93, 2023-02: 84, 2023-03: 93, 2023-04: 90, 2023-05: 93, 2023-06: 90, 2023-07: 93, 2023-08: 93, 2023-09: 90, 2023-10: 93, 2023-11: 90, 2023-12: 93, 2024-01: 93, 2024-02: 87, 2024-03: 93, 2024-04: 90, 2024-05: 93, 2024-06: 90, 2024-07: 93, 2024-08: 93, 2024-09: 90
  [label] 2022-12-02 08:00 BCHUSDT entry=110.0900 → LONG | long=tp(+5.42%) short=sl(-2.86%) | scanned=8 | long_tp_only
  [label] 2022-12-04 16:00 BCHUSDT entry=110.9400 → LONG | long=tp(+4.82%) short=sl(-2.56%) | scanned=1 | long_tp_only
  [label] 2022-12-08 08:00 BCHUSDT entry=110.6800 → SHORT | long=sl(-2.56%) short=tp(+4.83%) | scanned=11 | short_tp_only
  [label] 2023-01-02 08:00 BCHUSDT entry=100.2400 → SHORT | long=sl(-1.86%) short=sl(-1.86%) | scanned=12 | no_tp→fwd_return=-0.6185
  [label] 2023-02-24 08:00 BCHUSDT entry=133.0900 → SHORT | long=sl(-3.66%) short=sl(-3.66%) | scanned=20 | no_tp→fwd_return=-6.2815
  [label] 2023-08-11 08:00 BCHUSDT entry=228.1000 → SHORT | long=sl(-3.05%) short=sl(-3.05%) | scanned=15 | no_tp→fwd_return=-5.1863
  [label] 2023-08-15 08:00 BCHUSDT entry=234.7700 → SHORT | long=sl(-2.39%) short=tp(+4.47%) | scanned=1 | short_tp_only
  [label] 2023-08-26 00:00 BCHUSDT entry=189.5700 → LONG | long=tp(+6.51%) short=sl(-3.41%) | scanned=10 | long_tp_only
  [label] 2023-10-10 08:00 BCHUSDT entry=212.2400 → LONG | long=tp(+6.45%) short=sl(-3.37%) | scanned=17 | long_tp_only
  [label] 2023-10-19 00:00 BCHUSDT entry=227.0800 → LONG | long=tp(+5.64%) short=sl(-2.97%) | scanned=4 | long_tp_only
  [label] 2024-01-18 16:00 BCHUSDT entry=237.6300 → SHORT | long=sl(-4.30%) short=timeout(+0.38%) | scanned=22 | no_tp→fwd_return=-0.4755
  [label] 2024-02-19 16:00 BCHUSDT entry=273.2200 → SHORT | long=sl(-2.83%) short=tp(+5.35%) | scanned=2 | short_tp_only
  [label] 2024-03-07 00:00 BCHUSDT entry=407.5600 → LONG | long=timeout(+7.67%) short=sl(-7.51%) | scanned=22 | no_tp→fwd_return=+7.7731
  [label] 2024-03-20 00:00 BCHUSDT entry=367.1000 → LONG | long=tp(+14.29%) short=sl(-7.29%) | scanned=3 | long_tp_only
  [label] 2024-04-07 16:00 BCHUSDT entry=685.1400 → SHORT | long=sl(-5.50%) short=tp(+10.71%) | scanned=7 | short_tp_only
  [label] 2024-04-14 00:00 BCHUSDT entry=497.3700 → SHORT | long=sl(-7.64%) short=sl(-7.64%) | scanned=10 | no_tp→fwd_return=-9.1180
  [label] 2024-04-26 08:00 BCHUSDT entry=481.8000 → SHORT | long=sl(-4.75%) short=tp(+9.21%) | scanned=12 | short_tp_only
  [label] 2024-06-05 08:00 BCHUSDT entry=483.7000 → LONG | long=tp(+4.55%) short=sl(-2.43%) | scanned=5 | long_tp_only
  [label] 2024-06-15 08:00 BCHUSDT entry=431.2500 → SHORT | long=sl(-3.36%) short=tp(+6.42%) | scanned=7 | short_tp_only
  [label] 2024-09-10 08:00 BCHUSDT entry=324.4700 → LONG | long=tp(+5.48%) short=sl(-2.89%) | scanned=4 | long_tp_only
  Labels: 1050 long (47.9%), 1143 short (52.1%) | weights: min=1.00, mean=3.92, max=10.00
  Features: 2193/2193 matched, 13 columns
  CV gap: 22 rows
    [trial 0] 13 features, training_days=230 | threshold=0.779 | labels: 1050 long, 1143 short (48/52%)
    [CV fold 0] train_end=2023-01-24 00:00 | val_start=2023-01-31 16:00 | gap=184h (22 rows)
    [CV fold 1] train_end=2023-05-25 16:00 | val_start=2023-06-02 08:00 | gap=184h (22 rows)
    [CV fold 2] train_end=2023-09-24 08:00 | val_start=2023-10-02 00:00 | gap=184h (22 rows)
    [CV fold 3] train_end=2024-01-24 00:00 | val_start=2024-01-31 16:00 | gap=184h (22 rows)
    [CV fold 4] train_end=2024-05-24 16:00 | val_start=2024-06-01 08:00 | gap=184h (22 rows)
    [trial 0] Sharpe=0.0523 (folds: 0.1640, -0.0036, 0.1406, -0.0453, 0.0057)
    [trial 1] 13 features, training_days=410 | threshold=0.693 | labels: 1050 long, 1143 short (48/52%)
    [trial 1] Sharpe=-0.0533 (folds: -0.0641, -0.0699, 0.2316, 0.0070, -0.3708)
    [trial 2] 13 features, training_days=270 | threshold=0.546 | labels: 1050 long, 1143 short (48/52%)
    [trial 2] Sharpe=0.0116 (folds: 0.0199, -0.0674, 0.0825, -0.0123, 0.0351)
    [trial 3] 13 features, training_days=270 | threshold=0.600 | labels: 1050 long, 1143 short (48/52%)
    [trial 3] Sharpe=-0.0302 (folds: 0.0208, -0.0379, -0.0698, -0.0156, -0.0483)
    [trial 4] 13 features, training_days=390 | threshold=0.764 | labels: 1050 long, 1143 short (48/52%)
    [trial 4] Sharpe=-0.0015 (folds: 0.1010, -0.0799, 0.0521, 0.0226, -0.1035)
    [trial 5] 13 features, training_days=60 | threshold=0.603 | labels: 1050 long, 1143 short (48/52%)
    [trial 5] Sharpe=0.0419 (folds: 0.1607, -0.1871, 0.2141, -0.0132, 0.0348)
    [trial 6] 13 features, training_days=290 | threshold=0.738 | labels: 1050 long, 1143 short (48/52%)
    [trial 6] Sharpe=0.0324 (folds: 0.1141, -0.1120, 0.1045, -0.0064, 0.0618)
    [trial 7] 13 features, training_days=70 | threshold=0.564 | labels: 1050 long, 1143 short (48/52%)
    [trial 7] Sharpe=0.0240 (folds: 0.1048, -0.1509, 0.1435, 0.0462, -0.0234)
    [trial 8] 13 features, training_days=440 | threshold=0.653 | labels: 1050 long, 1143 short (48/52%)
    [trial 8] Sharpe=-1.9519 (folds: -0.0940, -0.0517, 0.2334, 0.1528, -10.0000)
    [trial 9] 13 features, training_days=360 | threshold=0.728 | labels: 1050 long, 1143 short (48/52%)
    [trial 9] Sharpe=-4.0134 (folds: 0.4721, -10.0000, -0.7309, 0.1917, -10.0000)
  Optuna: 10 trials, best Sharpe = 0.0523
  Best params: n_estimators=295, max_depth=5, lr=0.0515, leaves=83
  Best confidence_threshold: 0.779
  Best training_days: 230
  Retrained on full data (690 samples, 13 features)
  Model trained for 2024-10: 93 test candles with features, confidence_threshold=0.779
[predict] 2024-10-02 16:00 BCHUSDT → LONG (proba=0.94 TP=6.6%/SL=3.3%)
[trade:open] 2024-10-02 23:59 BCHUSDT LONG @ 315.80 | SL=305.45 TP=336.50 | timeout=2024-10-09 23:59
[trade:close] 2024-10-10 00:00 BCHUSDT LONG → timeout @ 320.35 | PnL=+1.44% (net +1.34%) | cum=+45.12% 2024-10=+1.34% 2024-10-10=+1.34%
[predict] 2024-10-16 00:00 BCHUSDT → LONG (proba=0.79 TP=6.2%/SL=3.1%)
[trade:open] 2024-10-16 07:59 BCHUSDT LONG @ 355.10 | SL=344.03 TP=377.24 | timeout=2024-10-23 07:59
[trade:close] 2024-10-18 07:59 BCHUSDT LONG → take_profit @ 377.24 | PnL=+6.24% (net +6.14%) | cum=+51.26% 2024-10=+7.48% 2024-10-18=+6.14%
[predict] 2024-10-19 16:00 BCHUSDT → SHORT (proba=0.94 TP=5.8%/SL=2.9%)
[trade:open] 2024-10-19 23:59 BCHUSDT SHORT @ 363.07 | SL=373.51 TP=342.19 | timeout=2024-10-26 23:59
[trade:close] 2024-10-21 07:59 BCHUSDT SHORT → stop_loss @ 373.51 | PnL=-2.88% (net -2.98%) | cum=+48.28% 2024-10=+4.50% 2024-10-21=-2.98%
[lgbm] === Training for 2024-11 ===
  Train window: 2022-11-01 → 2024-11-01
  2193 training samples from 1 symbols
  Samples per month: 2022-11: 90, 2022-12: 93, 2023-01: 93, 2023-02: 84, 2023-03: 93, 2023-04: 90, 2023-05: 93, 2023-06: 90, 2023-07: 93, 2023-08: 93, 2023-09: 90, 2023-10: 93, 2023-11: 90, 2023-12: 93, 2024-01: 93, 2024-02: 87, 2024-03: 93, 2024-04: 90, 2024-05: 93, 2024-06: 90, 2024-07: 93, 2024-08: 93, 2024-09: 90, 2024-10: 93
  [label] 2023-01-02 08:00 BCHUSDT entry=100.2400 → SHORT | long=sl(-1.86%) short=sl(-1.86%) | scanned=12 | no_tp→fwd_return=-0.6185
  [label] 2023-01-04 16:00 BCHUSDT entry=101.4700 → SHORT | long=sl(-1.81%) short=sl(-1.81%) | scanned=4 | no_tp→fwd_return=-1.3896
  [label] 2023-01-08 08:00 BCHUSDT entry=102.5800 → LONG | long=tp(+3.05%) short=sl(-1.68%) | scanned=2 | long_tp_only
  [label] 2023-02-02 08:00 BCHUSDT entry=143.0300 → SHORT | long=sl(-2.99%) short=tp(+5.68%) | scanned=9 | short_tp_only
  [label] 2023-03-27 08:00 BCHUSDT entry=118.6900 → LONG | long=tp(+7.24%) short=sl(-3.77%) | scanned=16 | long_tp_only
  [label] 2023-09-11 08:00 BCHUSDT entry=182.8000 → LONG | long=tp(+5.99%) short=sl(-3.15%) | scanned=3 | long_tp_only
  [label] 2023-09-15 08:00 BCHUSDT entry=214.2400 → SHORT | long=sl(-3.44%) short=sl(-3.44%) | scanned=5 | no_tp→fwd_return=-1.6243
  [label] 2023-09-26 00:00 BCHUSDT entry=213.3500 → LONG | long=tp(+5.14%) short=sl(-2.72%) | scanned=4 | long_tp_only
  [label] 2023-11-10 08:00 BCHUSDT entry=238.1500 → SHORT | long=sl(-3.76%) short=tp(+7.23%) | scanned=13 | short_tp_only[I 2026-05-07 00:28:03,190] A new study created in memory with name: no-name-085faffc-b365-45a0-a2e1-3b3bfc7c0e10
[I 2026-05-07 00:28:03,456] Trial 0 finished with value: -0.04989450406975556 and parameters: {'confidence_threshold': 0.7790993046299082, 'training_days': 230, 'n_estimators': 295, 'max_depth': 5, 'num_leaves': 83, 'learning_rate': 0.051543455158230854, 'subsample': 0.8773243492079463, 'min_child_samples': 10, 'reg_alpha': 0.034096514368237685, 'reg_lambda': 3.154180388637081e-05}. Best is trial 0 with value: -0.04989450406975556.
