[I 2026-05-07 00:27:51,811] Trial 9 finished with value: -2.0219551494545134 and parameters: {'confidence_threshold': 0.7277571993354469, 'training_days': 360, 'n_estimators': 75, 'max_depth': 5, 'num_leaves': 41, 'learning_rate': 0.014186743931212992, 'subsample': 0.7445187273047605, 'min_child_samples': 22, 'reg_alpha': 0.02393227447113315, 'reg_lambda': 0.009236766173618426}. Best is trial 0 with value: 0.01014217311463996.

    [trial 3] Sharpe=-0.0789 (folds: -0.0513, 0.0322, -0.1926, -0.1288, -0.0541)
    [trial 4] 13 features, training_days=390 | threshold=0.764 | labels: 1021 long, 1172 short (47/53%)
    [trial 4] Sharpe=0.0065 (folds: -0.0437, 0.0664, 0.0383, 0.0692, -0.0976)
    [trial 5] 13 features, training_days=60 | threshold=0.603 | labels: 1021 long, 1172 short (47/53%)
    [trial 5] Sharpe=0.0046 (folds: -0.0112, 0.1960, -0.0701, -0.1606, 0.0689)
    [trial 6] 13 features, training_days=290 | threshold=0.738 | labels: 1021 long, 1172 short (47/53%)
    [trial 6] Sharpe=-0.0180 (folds: 0.0075, 0.1059, -0.2363, -0.1503, 0.1833)
    [trial 7] 13 features, training_days=70 | threshold=0.564 | labels: 1021 long, 1172 short (47/53%)
    [trial 7] Sharpe=-0.0368 (folds: -0.0388, 0.1636, 0.0346, -0.1268, -0.2168)
    [trial 8] 13 features, training_days=440 | threshold=0.653 | labels: 1021 long, 1172 short (47/53%)
    [trial 8] Sharpe=-0.0782 (folds: -0.0419, 0.0944, -0.1808, 0.0631, -0.3260)
    [trial 9] 13 features, training_days=360 | threshold=0.728 | labels: 1021 long, 1172 short (47/53%)
    [trial 9] Sharpe=-1.9413 (folds: -0.0704, 0.1427, -10.0000, 0.0637, 0.1574)
  Optuna: 10 trials, best Sharpe = 0.0065
  Best params: n_estimators=464, max_depth=5, lr=0.0246, leaves=30
  Best confidence_threshold: 0.764
  Best training_days: 390
  Retrained on full data (1170 samples, 13 features)
  Model trained for 2024-03: 93 test candles with features, confidence_threshold=0.764
[lgbm] === Training for 2024-04 ===
  Train window: 2022-04-01 → 2024-04-01
  2193 training samples from 1 symbols
  Samples per month: 2022-04: 90, 2022-05: 93, 2022-06: 90, 2022-07: 93, 2022-08: 93, 2022-09: 90, 2022-10: 93, 2022-11: 90, 2022-12: 93, 2023-01: 93, 2023-02: 84, 2023-03: 93, 2023-04: 90, 2023-05: 93, 2023-06: 90, 2023-07: 93, 2023-08: 93, 2023-09: 90, 2023-10: 93, 2023-11: 90, 2023-12: 93, 2024-01: 93, 2024-02: 87, 2024-03: 93
  [label] 2022-06-02 08:00 BCHUSDT entry=187.1300 → SHORT | long=sl(-5.15%) short=timeout(+5.14%) | scanned=22 | no_tp→fwd_return=-5.2423
  [label] 2022-06-04 16:00 BCHUSDT entry=188.6100 → SHORT | long=sl(-4.46%) short=tp(+8.62%) | scanned=15 | short_tp_only
  [label] 2022-06-08 08:00 BCHUSDT entry=181.2100 → SHORT | long=sl(-4.47%) short=tp(+8.64%) | scanned=6 | short_tp_only
  [label] 2022-07-03 08:00 BCHUSDT entry=102.3500 → LONG | long=tp(+10.54%) short=sl(-5.42%) | scanned=14 | long_tp_only
  [label] 2022-08-25 08:00 BCHUSDT entry=129.6000 → SHORT | long=sl(-4.09%) short=tp(+7.89%) | scanned=4 | short_tp_only
  [label] 2023-02-09 08:00 BCHUSDT entry=130.2200 → SHORT | long=sl(-2.97%) short=tp(+5.64%) | scanned=1 | short_tp_only
  [label] 2023-02-13 08:00 BCHUSDT entry=121.6000 → LONG | long=tp(+5.98%) short=sl(-3.14%) | scanned=7 | long_tp_only
  [label] 2023-02-24 00:00 BCHUSDT entry=137.7600 → SHORT | long=sl(-3.50%) short=tp(+6.70%) | scanned=21 | short_tp_only
  [label] 2023-04-10 08:00 BCHUSDT entry=125.0500 → LONG | long=tp(+4.16%) short=sl(-2.23%) | scanned=4 | long_tp_only
  [label] 2023-04-19 00:00 BCHUSDT entry=132.4000 → SHORT | long=sl(-2.07%) short=tp(+3.85%) | scanned=1 | short_tp_only
  [label] 2023-07-19 16:00 BCHUSDT entry=243.8300 → SHORT | long=sl(-4.93%) short=timeout(+0.65%) | scanned=22 | no_tp→fwd_return=-0.7464
  [label] 2023-08-20 16:00 BCHUSDT entry=188.7200 → SHORT | long=sl(-3.97%) short=sl(-3.97%) | scanned=2 | no_tp→fwd_return=-2.8667
  [label] 2023-09-06 00:00 BCHUSDT entry=191.9200 → LONG | long=sl(-3.41%) short=sl(-3.41%) | scanned=19 | no_tp→fwd_return=+2.7928
  [label] 2023-09-19 00:00 BCHUSDT entry=216.7100 → SHORT | long=sl(-3.41%) short=tp(+6.51%) | scanned=17 | short_tp_only
  [label] 2023-10-07 16:00 BCHUSDT entry=230.0900 → SHORT | long=sl(-3.16%) short=tp(+6.02%) | scanned=5 | short_tp_only
  [label] 2023-10-14 00:00 BCHUSDT entry=216.4800 → LONG | long=tp(+5.54%) short=sl(-2.92%) | scanned=7 | long_tp_only
  [label] 2023-10-26 08:00 BCHUSDT entry=243.5600 → SHORT | long=sl(-3.87%) short=timeout(+3.57%) | scanned=22 | no_tp→fwd_return=-3.6747
  [label] 2023-12-05 08:00 BCHUSDT entry=242.4400 → LONG | long=tp(+5.34%) short=sl(-2.82%) | scanned=2 | long_tp_only
  [label] 2023-12-15 08:00 BCHUSDT entry=229.3100 → LONG | long=sl(-3.56%) short=sl(-3.56%) | scanned=21 | no_tp→fwd_return=+2.9131
  [label] 2024-03-11 08:00 BCHUSDT entry=435.6900 → SHORT | long=sl(-6.16%) short=sl(-6.16%) | scanned=9 | no_tp→fwd_return=-0.5394
  Labels: 1013 long (46.2%), 1180 short (53.8%) | weights: min=1.00, mean=3.51, max=10.00
  Features: 2193/2193 matched, 13 columns
  CV gap: 22 rows
    [trial 0] 13 features, training_days=230 | threshold=0.779 | labels: 1013 long, 1180 short (46/54%)
    [CV fold 0] train_end=2022-07-25 00:00 | val_start=2022-08-01 16:00 | gap=184h (22 rows)
    [CV fold 1] train_end=2022-11-23 16:00 | val_start=2022-12-01 08:00 | gap=184h (22 rows)
    [CV fold 2] train_end=2023-03-25 08:00 | val_start=2023-04-02 00:00 | gap=184h (22 rows)
    [CV fold 3] train_end=2023-07-25 00:00 | val_start=2023-08-01 16:00 | gap=184h (22 rows)
    [CV fold 4] train_end=2023-11-23 16:00 | val_start=2023-12-01 08:00 | gap=184h (22 rows)
    [trial 0] Sharpe=0.0101 (folds: -0.0308, 0.1766, -0.1102, 0.0412, -0.0261)
    [trial 1] 13 features, training_days=410 | threshold=0.693 | labels: 1013 long, 1180 short (46/54%)
    [trial 1] Sharpe=-0.0148 (folds: -0.1639, 0.1248, 0.0838, -0.1278, 0.0092)
    [trial 2] 13 features, training_days=270 | threshold=0.546 | labels: 1013 long, 1180 short (46/54%)
    [trial 2] Sharpe=-0.0667 (folds: -0.1551, 0.1291, -0.0564, -0.1211, -0.1299)
    [trial 3] 13 features, training_days=270 | threshold=0.600 | labels: 1013 long, 1180 short (46/54%)
    [trial 3] Sharpe=-0.0736 (folds: -0.1021, 0.0913, -0.0510, -0.0996, -0.2066)
    [trial 4] 13 features, training_days=390 | threshold=0.764 | labels: 1013 long, 1180 short (46/54%)
    [trial 4] Sharpe=0.0024 (folds: -0.0836, 0.1466, -0.0472, -0.0006, -0.0031)
    [trial 5] 13 features, training_days=60 | threshold=0.603 | labels: 1013 long, 1180 short (46/54%)
    [trial 5] Sharpe=-0.0757 (folds: -0.2184, 0.0475, -0.0691, -0.0648, -0.0738)
    [trial 6] 13 features, training_days=290 | threshold=0.738 | labels: 1013 long, 1180 short (46/54%)
    [trial 6] Sharpe=0.0015 (folds: -0.0550, 0.1739, -0.0379, -0.1654, 0.0920)
    [trial 7] 13 features, training_days=70 | threshold=0.564 | labels: 1013 long, 1180 short (46/54%)
    [trial 7] Sharpe=-0.0437 (folds: -0.1542, 0.1991, -0.1232, 0.0443, -0.1844)
    [trial 8] 13 features, training_days=440 | threshold=0.653 | labels: 1013 long, 1180 short (46/54%)
    [trial 8] Sharpe=-0.0780 (folds: -0.1020, 0.2036, -0.3906, -0.1028, 0.0018)
    [trial 9] 13 features, training_days=360 | threshold=0.728 | labels: 1013 long, 1180 short (46/54%)
    [trial 9] Sharpe=-2.0220 (folds: -0.0652, 0.0565, -0.2706, 0.1695, -10.0000)
  Optuna: 10 trials, best Sharpe = 0.0101
  Best params: n_estimators=295, max_depth=5, lr=0.0515, leaves=83
  Best confidence_threshold: 0.779
  Best training_days: 230
  Retrained on full data (690 samples, 13 features)
  Model trained for 2024-04: 90 test candles with features, confidence_threshold=0.779
[predict] 2024-04-04 08:00 BCHUSDT → LONG (proba=0.97 TP=11.9%/SL=6.0%)
[trade:open] 2024-04-04 15:59 BCHUSDT LONG @ 635.91 | SL=597.94 TP=711.86 | timeout=2024-04-11 15:59
[trade:close] 2024-04-05 07:59 BCHUSDT LONG → take_profit @ 711.86 | PnL=+11.94% (net +11.84%) | cum=+35.13% 2024-04=+11.84% 2024-04-05=+11.84%
[predict] 2024-04-10 00:00 BCHUSDT → SHORT (proba=0.89 TP=11.4%/SL=5.7%)
[trade:open] 2024-04-10 07:59 BCHUSDT SHORT @ 628.23 | SL=664.14 TP=556.42 | timeout=2024-04-17 07:59
[trade:close] 2024-04-12 23:59 BCHUSDT SHORT → take_profit @ 556.42 | PnL=+11.43% (net +11.33%) | cum=+46.46% 2024-04=+23.17% 2024-04-12=+11.33%
[predict] 2024-04-15 00:00 BCHUSDT → LONG (proba=0.93 TP=14.1%/SL=7.0%)
[trade:open] 2024-04-15 07:59 BCHUSDT LONG @ 558.86 | SL=519.59 TP=637.40 | timeout=2024-04-22 07:59
[trade:close] 2024-04-15 15:59 BCHUSDT LONG → stop_loss @ 519.59 | PnL=-7.03% (net -7.13%) | cum=+39.34% 2024-04=+16.05% 2024-04-15=-7.13%[I 2026-05-07 00:27:52,060] A new study created in memory with name: no-name-524acf3a-708a-42b7-afeb-99a7680b6bf7
[I 2026-05-07 00:27:52,329] Trial 0 finished with value: -0.040482891143360025 and parameters: {'confidence_threshold': 0.7790993046299082, 'training_days': 230, 'n_estimators': 295, 'max_depth': 5, 'num_leaves': 83, 'learning_rate': 0.051543455158230854, 'subsample': 0.8773243492079463, 'min_child_samples': 10, 'reg_alpha': 0.034096514368237685, 'reg_lambda': 3.154180388637081e-05}. Best is trial 0 with value: -0.040482891143360025.
[I 2026-05-07 00:27:52,461] Trial 1 finished with value: -0.1488234239493187 and parameters: {'confidence_threshold': 0.6929247853618086, 'training_days': 410, 'n_estimators': 233, 'max_depth': 5, 'num_leaves': 108, 'learning_rate': 0.013724237108071606, 'subsample': 0.7013182233636002, 'min_child_samples': 94, 'reg_alpha': 2.4040959529260723e-06, 'reg_lambda': 5.320966582161148}. Best is trial 0 with value: -0.040482891143360025.
[I 2026-05-07 00:27:52,524] Trial 2 finished with value: -0.03877262960569684 and parameters: {'confidence_threshold': 0.546341527225763, 'training_days': 270, 'n_estimators': 120, 'max_depth': 4, 'num_leaves': 53, 'learning_rate': 0.060197068579343475, 'subsample': 0.588227873455941, 'min_child_samples': 91, 'reg_alpha': 2.3457771824819002e-08, 'reg_lambda': 1.1358840775642732e-08}. Best is trial 2 with value: -0.03877262960569684.
[I 2026-05-07 00:27:52,702] Trial 3 finished with value: -0.06343353584353398 and parameters: {'confidence_threshold': 0.6000319676300473, 'training_days': 270, 'n_estimators': 382, 'max_depth': 4, 'num_leaves': 44, 'learning_rate': 0.09185046765032388, 'subsample': 0.6743651508646724, 'min_child_samples': 77, 'reg_alpha': 0.0013974578104212739, 'reg_lambda': 8.97190257982477e-08}. Best is trial 2 with value: -0.03877262960569684.
[I 2026-05-07 00:27:53,108] Trial 4 finished with value: -0.05364163678976077 and parameters: {'confidence_threshold': 0.7642618789055509, 'training_days': 390, 'n_estimators': 464, 'max_depth': 5, 'num_leaves': 30, 'learning_rate': 0.024562383309704932, 'subsample': 0.8612975035964376, 'min_child_samples': 36, 'reg_alpha': 1.593999300080167, 'reg_lambda': 0.006081270362829788}. Best is trial 2 with value: -0.03877262960569684.
[I 2026-05-07 00:27:53,262] Trial 5 finished with value: 0.03229882425959022 and parameters: {'confidence_threshold': 0.6029115860358569, 'training_days': 60, 'n_estimators': 441, 'max_depth': 3, 'num_leaves': 66, 'learning_rate': 0.044953114425778824, 'subsample': 0.7098948461279406, 'min_child_samples': 15, 'reg_alpha': 4.888753565548431e-07, 'reg_lambda': 4.198190642566389}. Best is trial 5 with value: 0.03229882425959022.
[I 2026-05-07 00:27:53,464] Trial 6 finished with value: -0.00396442538059506 and parameters: {'confidence_threshold': 0.7376932868314098, 'training_days': 290, 'n_estimators': 249, 'max_depth': 5, 'num_leaves': 121, 'learning_rate': 0.015565840632862623, 'subsample': 0.8390183783709677, 'min_child_samples': 19, 'reg_alpha': 1.860444687368747e-08, 'reg_lambda': 2.7391483548058117e-06}. Best is trial 5 with value: 0.03229882425959022.
[I 2026-05-07 00:27:53,499] Trial 7 finished with value: 0.004217322526076409 and parameters: {'confidence_threshold': 0.563503962036334, 'training_days': 70, 'n_estimators': 63, 'max_depth': 3, 'num_leaves': 47, 'learning_rate': 0.18074927623018475, 'subsample': 0.5059692991701257, 'min_child_samples': 9, 'reg_alpha': 3.6945804405602874e-08, 'reg_lambda': 0.027706035542028905}. Best is trial 5 with value: 0.03229882425959022.
[I 2026-05-07 00:27:53,576] Trial 8 finished with value: -0.05039494855479074 and parameters: {'confidence_threshold': 0.6525471176758836, 'training_days': 440, 'n_estimators': 116, 'max_depth': 4, 'num_leaves': 115, 'learning_rate': 0.010229952960863938, 'subsample': 0.5062159465415076, 'min_child_samples': 54, 'reg_alpha': 6.790626457822126e-06, 'reg_lambda': 1.7869141074987722e-05}. Best is trial 5 with value: 0.03229882425959022.
[I 2026-05-07 00:27:53,656] Trial 9 finished with value: -0.1564913793977646 and parameters: {'confidence_threshold': 0.7277571993354469, 'training_days': 360, 'n_estimators': 75, 'max_depth': 5, 'num_leaves': 41, 'learning_rate': 0.014186743931212992, 'subsample': 0.7445187273047605, 'min_child_samples': 22, 'reg_alpha': 0.02393227447113315, 'reg_lambda': 0.009236766173618426}. Best is trial 5 with value: 0.03229882425959022.

[predict] 2024-04-17 00:00 BCHUSDT → LONG (proba=0.99 TP=16.0%/SL=8.0%)
[trade:open] 2024-04-17 07:59 BCHUSDT LONG @ 473.73 | SL=435.91 TP=549.37 | timeout=2024-04-24 07:59
[trade:close] 2024-04-24 08:00 BCHUSDT LONG → timeout @ 507.35 | PnL=+7.10% (net +7.00%) | cum=+46.33% 2024-04=+23.04% 2024-04-24=+7.00%
[lgbm] === Training for 2024-05 ===
  Train window: 2022-05-01 → 2024-05-01
  2193 training samples from 1 symbols
  Samples per month: 2022-05: 93, 2022-06: 90, 2022-07: 93, 2022-08: 93, 2022-09: 90, 2022-10: 93, 2022-11: 90, 2022-12: 93, 2023-01: 93, 2023-02: 84, 2023-03: 93, 2023-04: 90, 2023-05: 93, 2023-06: 90, 2023-07: 93, 2023-08: 93, 2023-09: 90, 2023-10: 93, 2023-11: 90, 2023-12: 93, 2024-01: 93, 2024-02: 87, 2024-03: 93, 2024-04: 90
  [label] 2022-07-02 08:00 BCHUSDT entry=102.7400 → LONG | long=timeout(+6.96%) short=sl(-5.60%) | scanned=22 | no_tp→fwd_return=+7.0566
  [label] 2022-07-04 16:00 BCHUSDT entry=108.1100 → LONG | long=sl(-4.90%) short=sl(-4.90%) | scanned=10 | no_tp→fwd_return=+1.5817
  [label] 2022-07-08 08:00 BCHUSDT entry=109.5500 → SHORT | long=sl(-4.26%) short=tp(+8.22%) | scanned=10 | short_tp_only
  [label] 2022-08-02 08:00 BCHUSDT entry=134.6500 → LONG | long=timeout(+0.32%) short=sl(-5.49%) | scanned=22 | no_tp→fwd_return=+0.4233
  [label] 2022-09-24 08:00 BCHUSDT entry=120.2200 → SHORT | long=sl(-3.98%) short=tp(+7.67%) | scanned=11 | short_tp_only
  [label] 2023-03-11 08:00 BCHUSDT entry=108.9400 → LONG | long=tp(+7.11%) short=sl(-3.70%) | scanned=4 | long_tp_only
  [label] 2023-03-15 08:00 BCHUSDT entry=125.7800 → LONG | long=tp(+7.30%) short=sl(-3.80%) | scanned=7 | long_tp_only
  [label] 2023-03-26 00:00 BCHUSDT entry=125.1000 → LONG | long=sl(-3.70%) short=timeout(-0.22%) | scanned=22 | no_tp→fwd_return=+0.1199
  [label] 2023-05-10 08:00 BCHUSDT entry=117.3100 → SHORT | long=sl(-3.14%) short=tp(+5.99%) | scanned=4 | short_tp_only
  [label] 2023-05-19 00:00 BCHUSDT entry=115.5000 → SHORT | long=sl(-2.56%) short=tp(+4.81%) | scanned=18 | short_tp_only
  [label] 2023-08-18 16:00 BCHUSDT entry=187.2400 → SHORT | long=sl(-4.60%) short=sl(-4.60%) | scanned=12 | no_tp→fwd_return=-1.2764
  [label] 2023-09-19 16:00 BCHUSDT entry=218.6100 → SHORT | long=sl(-3.29%) short=tp(+6.29%) | scanned=7 | short_tp_only
  [label] 2023-10-06 00:00 BCHUSDT entry=230.9600 → SHORT | long=sl(-3.40%) short=tp(+6.49%) | scanned=10 | short_tp_only
  [label] 2023-10-19 00:00 BCHUSDT entry=227.0800 → LONG | long=tp(+5.64%) short=sl(-2.97%) | scanned=4 | long_tp_only
  [label] 2023-11-06 16:00 BCHUSDT entry=242.9500 → LONG | long=tp(+5.65%) short=sl(-2.97%) | scanned=8 | long_tp_only
  [label] 2023-11-13 00:00 BCHUSDT entry=237.3700 → SHORT | long=sl(-3.48%) short=tp(+6.66%) | scanned=5 | short_tp_only
  [label] 2023-11-25 08:00 BCHUSDT entry=227.4700 → SHORT | long=sl(-2.78%) short=timeout(+0.49%) | scanned=22 | no_tp→fwd_return=-0.5935
  [label] 2024-01-04 08:00 BCHUSDT entry=238.5300 → LONG | long=sl(-5.12%) short=sl(-5.12%) | scanned=13 | no_tp→fwd_return=+6.4311
  [label] 2024-01-14 08:00 BCHUSDT entry=253.8800 → SHORT | long=sl(-5.12%) short=tp(+9.93%) | scanned=16 | short_tp_only
  [label] 2024-04-10 08:00 BCHUSDT entry=611.5500 → SHORT | long=sl(-5.96%) short=tp(+11.62%) | scanned=7 | short_tp_only
  Labels: 1025 long (46.7%), 1168 short (53.3%) | weights: min=1.00, mean=3.55, max=10.00
  Features: 2193/2193 matched, 13 columns
  CV gap: 22 rows
    [trial 0] 13 features, training_days=230 | threshold=0.779 | labels: 1025 long, 1168 short (47/53%)
    [CV fold 0] train_end=2022-08-24 00:00 | val_start=2022-08-31 16:00 | gap=184h (22 rows)
    [CV fold 1] train_end=2022-12-23 16:00 | val_start=2022-12-31 08:00 | gap=184h (22 rows)
    [CV fold 2] train_end=2023-04-24 08:00 | val_start=2023-05-02 00:00 | gap=184h (22 rows)
    [CV fold 3] train_end=2023-08-24 00:00 | val_start=2023-08-31 16:00 | gap=184h (22 rows)
    [CV fold 4] train_end=2023-12-23 16:00 | val_start=2023-12-31 08:00 | gap=184h (22 rows)
    [trial 0] Sharpe=-0.0405 (folds: -0.2199, 0.1135, -0.0898, -0.0815, 0.0753)
    [trial 1] 13 features, training_days=410 | threshold=0.693 | labels: 1025 long, 1168 short (47/53%)
    [trial 1] Sharpe=-0.1488 (folds: -0.3852, 0.0185, -0.1104, -0.3079, 0.0409)
    [trial 2] 13 features, training_days=270 | threshold=0.546 | labels: 1025 long, 1168 short (47/53%)
    [trial 2] Sharpe=-0.0388 (folds: -0.3714, 0.1190, 0.0534, -0.0151, 0.0201)
    [trial 3] 13 features, training_days=270 | threshold=0.600 | labels: 1025 long, 1168 short (47/53%)
    [trial 3] Sharpe=-0.0634 (folds: -0.2868, -0.0026, -0.0253, -0.0528, 0.0503)
    [trial 4] 13 features, training_days=390 | threshold=0.764 | labels: 1025 long, 1168 short (47/53%)
    [trial 4] Sharpe=-0.0536 (folds: -0.3022, 0.0552, -0.1070, -0.0424, 0.1282)
    [trial 5] 13 features, training_days=60 | threshold=0.603 | labels: 1025 long, 1168 short (47/53%)
    [trial 5] Sharpe=0.0323 (folds: 0.0166, 0.0562, 0.0027, 0.0759, 0.0100)
    [trial 6] 13 features, training_days=290 | threshold=0.738 | labels: 1025 long, 1168 short (47/53%)
    [trial 6] Sharpe=-0.0040 (folds: -0.2268, 0.0332, 0.0931, -0.1313, 0.2120)
    [trial 7] 13 features, training_days=70 | threshold=0.564 | labels: 1025 long, 1168 short (47/53%)
    [trial 7] Sharpe=0.0042 (folds: -0.0765, 0.1100, -0.0280, 0.0171, -0.0014)
    [trial 8] 13 features, training_days=440 | threshold=0.653 | labels: 1025 long, 1168 short (47/53%)
    [trial 8] Sharpe=-0.0504 (folds: -0.4604, 0.0181, -0.0642, -0.0331, 0.2877)
    [trial 9] 13 features, training_days=360 | threshold=0.728 | labels: 1025 long, 1168 short (47/53%)
    [trial 9] Sharpe=-0.1565 (folds: -0.0615, -0.2152, 0.0617, -0.9059, 0.3385)
  Optuna: 10 trials, best Sharpe = 0.0323
  Best params: n_estimators=441, max_depth=3, lr=0.0450, leaves=66
  Best confidence_threshold: 0.603
  Best training_days: 60
  Retrained on full data (180 samples, 13 features)
  Model trained for 2024-05: 93 test candles with features, confidence_threshold=0.603
[predict] 2024-05-23 16:00 BCHUSDT → SHORT (proba=0.92 TP=7.1%/SL=3.6%)
[trade:open] 2024-05-23 23:59 BCHUSDT SHORT @ 490.80 | SL=508.25 TP=455.90 | timeout=2024-05-30 23:59
[trade:close] 2024-05-31 00:00 BCHUSDT SHORT → timeout @ 464.82 | PnL=+5.29% (net +5.19%) | cum=+51.53% 2024-05=+5.19% 2024-05-31=+5.19%
[lgbm] === Training for 2024-06 ===
  Train window: 2022-06-01 → 2024-06-01
  2193 training samples from 1 symbols
  Samples per month: 2022-06: 90, 2022-07: 93, 2022-08: 93, 2022-09: 90, 2022-10: 93, 2022-11: 90, 2022-12: 93, 2023-01: 93, 2023-02: 84, 2023-03: 93, 2023-04: 90, 2023-05: 93, 2023-06: 90, 2023-07: 93, 2023-08: 93, 2023-09: 90, 2023-10: 93, 2023-11: 90, 2023-12: 93, 2024-01: 93, 2024-02: 87, 2024-03: 93, 2024-04: 90, 2024-05: 93
  [label] 2022-08-02 08:00 BCHUSDT entry=134.6500 → LONG | long=timeout(+0.32%) short=sl(-5.49%) | scanned=22 | no_tp→fwd_return=+0.4233
  [label] 2022-08-04 16:00 BCHUSDT entry=134.1500 → LONG | long=tp(+10.04%) short=sl(-5.17%) | scanned=11 | long_tp_only
  [label] 2022-08-08 08:00 BCHUSDT entry=144.0400 → SHORT | long=sl(-4.03%) short=tp(+7.77%) | scanned=5 | short_tp_only
  [label] 2022-09-02 08:00 BCHUSDT entry=119.3500 → LONG | long=sl(-3.83%) short=sl(-3.83%) | scanned=9 | no_tp→fwd_return=+3.1085
  [label] 2022-10-25 08:00 BCHUSDT entry=111.3100 → LONG | long=tp(+4.23%) short=sl(-2.27%) | scanned=3 | long_tp_only
  [label] 2023-04-11 08:00 BCHUSDT entry=128.7100 → LONG | long=sl(-2.18%) short=sl(-2.18%) | scanned=6 | no_tp→fwd_return=+1.8724
  [label] 2023-04-15 08:00 BCHUSDT entry=132.0500 → SHORT | long=sl(-2.17%) short=sl(-2.17%) | scanned=12 | no_tp→fwd_return=-3.7713
  [label] 2023-04-26 00:00 BCHUSDT entry=118.9700 → SHORT | long=sl(-2.49%) short=sl(-2.49%) | scanned=2 | no_tp→fwd_return=-1.3617
  [label] 2023-06-10 08:00 BCHUSDT entry=101.2600 → LONG | long=tp(+5.69%) short=sl(-3.00%) | scanned=19 | long_tp_only
  [label] 2023-06-19 00:00 BCHUSDT entry=106.8000 → LONG | long=tp(+4.51%) short=sl(-2.40%) | scanned=6 | long_tp_only
  [label] 2023-09-18 16:00 BCHUSDT entry=217.0300 → SHORT | long=sl(-3.46%) short=tp(+6.61%) | scanned=18 | short_tp_only[I 2026-05-07 00:27:53,899] A new study created in memory with name: no-name-44c33fcd-a818-4517-9456-57e28a486ad7
[I 2026-05-07 00:27:54,165] Trial 0 finished with value: -0.014539463053619594 and parameters: {'confidence_threshold': 0.7790993046299082, 'training_days': 230, 'n_estimators': 295, 'max_depth': 5, 'num_leaves': 83, 'learning_rate': 0.051543455158230854, 'subsample': 0.8773243492079463, 'min_child_samples': 10, 'reg_alpha': 0.034096514368237685, 'reg_lambda': 3.154180388637081e-05}. Best is trial 0 with value: -0.014539463053619594.
