[I 2026-05-07 00:29:18,235] Trial 9 finished with value: -0.2651373480041903 and parameters: {'confidence_threshold': 0.7277571993354469, 'training_days': 360, 'n_estimators': 75, 'max_depth': 5, 'num_leaves': 41, 'learning_rate': 0.014186743931212992, 'subsample': 0.7445187273047605, 'min_child_samples': 22, 'reg_alpha': 0.02393227447113315, 'reg_lambda': 0.009236766173618426}. Best is trial 4 with value: -0.01091303467292946.

  [label] 2024-07-08 08:00 LDOUSDT entry=1.5654 → LONG | long=tp(+14.12%) short=sl(-7.21%) | scanned=20 | long_tp_only
  [label] 2024-08-02 08:00 LDOUSDT entry=1.4644 → SHORT | long=sl(-5.83%) short=tp(+11.36%) | scanned=4 | short_tp_only
  [label] 2024-09-24 08:00 LDOUSDT entry=1.2072 → LONG | long=tp(+8.11%) short=sl(-4.20%) | scanned=9 | long_tp_only
  [label] 2025-03-10 16:00 LDOUSDT entry=0.8936 → LONG | long=sl(-9.00%) short=sl(-9.00%) | scanned=3 | no_tp→fwd_return=+3.3908
  [label] 2025-03-15 00:00 LDOUSDT entry=0.9456 → LONG | long=timeout(+8.22%) short=sl(-7.24%) | scanned=22 | no_tp→fwd_return=+8.3228
  [label] 2025-03-25 16:00 LDOUSDT entry=1.0589 → SHORT | long=sl(-4.17%) short=tp(+8.04%) | scanned=7 | short_tp_only
  [label] 2025-05-10 00:00 LDOUSDT entry=1.0659 → LONG | long=tp(+7.89%) short=sl(-4.09%) | scanned=2 | long_tp_only
  [label] 2025-05-18 16:00 LDOUSDT entry=0.9417 → LONG | long=sl(-5.93%) short=sl(-5.93%) | scanned=13 | no_tp→fwd_return=+2.0707
  [label] 2025-08-18 00:00 LDOUSDT entry=1.3161 → LONG | long=tp(+11.91%) short=sl(-6.11%) | scanned=13 | long_tp_only
  [label] 2025-09-19 00:00 LDOUSDT entry=1.3026 → SHORT | long=sl(-3.72%) short=tp(+7.13%) | scanned=9 | short_tp_only
  [label] 2025-10-05 08:00 LDOUSDT entry=1.1827 → LONG | long=tp(+8.11%) short=sl(-4.20%) | scanned=3 | long_tp_only
  [label] 2025-10-18 08:00 LDOUSDT entry=0.8720 → LONG | long=timeout(+4.49%) short=sl(-8.37%) | scanned=22 | no_tp→fwd_return=+4.5872
  [label] 2025-11-06 00:00 LDOUSDT entry=0.7515 → LONG | long=tp(+11.68%) short=sl(-5.99%) | scanned=5 | long_tp_only
  [label] 2025-11-12 08:00 LDOUSDT entry=0.8019 → SHORT | long=sl(-5.93%) short=sl(-5.93%) | scanned=4 | no_tp→fwd_return=-3.4169
  [label] 2025-11-24 16:00 LDOUSDT entry=0.6632 → SHORT | long=sl(-5.84%) short=tp(+11.38%) | scanned=19 | short_tp_only
  [label] 2026-01-03 16:00 LDOUSDT entry=0.6159 → LONG | long=tp(+5.40%) short=sl(-2.85%) | scanned=4 | long_tp_only
  [label] 2026-01-13 16:00 LDOUSDT entry=0.6649 → SHORT | long=sl(-3.38%) short=tp(+6.46%) | scanned=4 | short_tp_only
  [label] 2026-04-10 08:00 LDOUSDT entry=0.3321 → SHORT | long=sl(-3.44%) short=tp(+6.58%) | scanned=8 | short_tp_only
  Labels: 1068 long (48.8%), 1122 short (51.2%) | weights: min=1.01, mean=4.45, max=10.00
  Features: 2190/2190 matched, 13 columns
  CV gap: 22 rows
    [trial 0] 13 features, training_days=230 | threshold=0.779 | labels: 1068 long, 1122 short (49/51%)
    [CV fold 0] train_end=2024-08-23 00:00 | val_start=2024-08-30 16:00 | gap=184h (22 rows)
    [CV fold 1] train_end=2024-12-22 16:00 | val_start=2024-12-30 08:00 | gap=184h (22 rows)
    [CV fold 2] train_end=2025-04-23 08:00 | val_start=2025-05-01 00:00 | gap=184h (22 rows)
    [CV fold 3] train_end=2025-08-23 00:00 | val_start=2025-08-30 16:00 | gap=184h (22 rows)
    [CV fold 4] train_end=2025-12-22 16:00 | val_start=2025-12-30 08:00 | gap=184h (22 rows)
    [trial 0] Sharpe=-0.0770 (folds: -0.0815, -0.0217, 0.0303, 0.0034, -0.3153)
    [trial 1] 13 features, training_days=410 | threshold=0.693 | labels: 1068 long, 1122 short (49/51%)
    [trial 1] Sharpe=-0.0474 (folds: -0.2324, -0.1039, 0.1107, 0.2184, -0.2297)
    [trial 2] 13 features, training_days=270 | threshold=0.546 | labels: 1068 long, 1122 short (49/51%)
    [trial 2] Sharpe=-0.0695 (folds: -0.0716, 0.0718, 0.0965, -0.2620, -0.1821)
    [trial 3] 13 features, training_days=270 | threshold=0.600 | labels: 1068 long, 1122 short (49/51%)
    [trial 3] Sharpe=-0.0867 (folds: -0.1209, 0.0698, 0.0755, -0.2237, -0.2342)
    [trial 4] 13 features, training_days=390 | threshold=0.764 | labels: 1068 long, 1122 short (49/51%)
    [trial 4] Sharpe=-0.0109 (folds: -0.1243, 0.0850, 0.1202, 0.0327, -0.1681)
    [trial 5] 13 features, training_days=60 | threshold=0.603 | labels: 1068 long, 1122 short (49/51%)
    [trial 5] Sharpe=-0.0723 (folds: -0.0632, 0.0597, -0.0057, -0.0515, -0.3009)
    [trial 6] 13 features, training_days=290 | threshold=0.738 | labels: 1068 long, 1122 short (49/51%)
    [trial 6] Sharpe=-0.0239 (folds: -0.0619, 0.0053, 0.0106, -0.0130, -0.0603)
    [trial 7] 13 features, training_days=70 | threshold=0.564 | labels: 1068 long, 1122 short (49/51%)
    [trial 7] Sharpe=-0.0819 (folds: -0.1195, 0.0550, -0.0672, -0.0440, -0.2339)
    [trial 8] 13 features, training_days=440 | threshold=0.653 | labels: 1068 long, 1122 short (49/51%)
    [trial 8] Sharpe=-0.0784 (folds: -0.2847, -0.1489, 0.2018, 0.1637, -0.3238)
    [trial 9] 13 features, training_days=360 | threshold=0.728 | labels: 1068 long, 1122 short (49/51%)
    [trial 9] Sharpe=-0.2651 (folds: -0.5854, -0.2470, 0.1182, 0.0345, -0.6460)
  Optuna: 10 trials, best Sharpe = -0.0109
  Best params: n_estimators=464, max_depth=5, lr=0.0246, leaves=30
  Best confidence_threshold: 0.764
  Best training_days: 390
  Retrained on full data (1170 samples, 13 features)
  Model trained for 2026-05: 17 test candles with features, confidence_threshold=0.764
C (LDOUSDT): 15 trades in 41s (seed=42)
  gate stats: {'LDOUSDT': {'signals_seen': 1028, 'killed_by_zscore': 456, 'killed_by_hurst': 38, 'killed_by_adx': 355, 'killed_by_low_vol': 103, 'kill_rate': 0.9260700389105059, 'vol_scaled_signals': 76, 'mean_vol_scale': 0.6830203649828089}}
============================================================
MODEL D (TRXUSDT) — seed 42
============================================================
[lgbm] 13 feature columns, 53 walk-forward splits
[lgbm] ATR labeling: 6895/6895 rows with ATR values
[lgbm] No split for 2020-01 (insufficient training data)
[lgbm] No split for 2020-02 (insufficient training data)
[lgbm] No split for 2020-03 (insufficient training data)
[lgbm] No split for 2020-04 (insufficient training data)
[lgbm] No split for 2020-05 (insufficient training data)
[lgbm] No split for 2020-06 (insufficient training data)
[lgbm] No split for 2020-07 (insufficient training data)
[lgbm] No split for 2020-08 (insufficient training data)
[lgbm] No split for 2020-09 (insufficient training data)
[lgbm] No split for 2020-10 (insufficient training data)
[lgbm] No split for 2020-11 (insufficient training data)
[lgbm] No split for 2020-12 (insufficient training data)
[lgbm] No split for 2021-01 (insufficient training data)
[lgbm] No split for 2021-02 (insufficient training data)
[lgbm] No split for 2021-03 (insufficient training data)
[lgbm] No split for 2021-04 (insufficient training data)
[lgbm] No split for 2021-05 (insufficient training data)
[lgbm] No split for 2021-06 (insufficient training data)
[lgbm] No split for 2021-07 (insufficient training data)
[lgbm] No split for 2021-08 (insufficient training data)
[lgbm] No split for 2021-09 (insufficient training data)
[lgbm] No split for 2021-10 (insufficient training data)
[lgbm] No split for 2021-11 (insufficient training data)
[lgbm] No split for 2021-12 (insufficient training data)
[lgbm] === Training for 2022-01 ===
  Train window: 2020-01-01 → 2022-01-01
  2150 training samples from 1 symbols
  Samples per month: 2020-01: 50, 2020-02: 87, 2020-03: 93, 2020-04: 90, 2020-05: 93, 2020-06: 90, 2020-07: 93, 2020-08: 93, 2020-09: 90, 2020-10: 93, 2020-11: 90, 2020-12: 93, 2021-01: 93, 2021-02: 84, 2021-03: 93, 2021-04: 90, 2021-05: 93, 2021-06: 90, 2021-07: 93, 2021-08: 93, 2021-09: 90, 2021-10: 93, 2021-11: 90, 2021-12: 93
  [label] 2020-03-16 08:00 TRXUSDT entry=0.0096 → LONG | long=tp(+23.75%) short=sl(-12.03%) | scanned=10 | long_tp_only
  [label] 2020-03-18 16:00 TRXUSDT entry=0.0102 → LONG | long=tp(+19.12%) short=sl(-9.71%) | scanned=3 | long_tp_only
  [label] 2020-03-22 08:00 TRXUSDT entry=0.0108 → LONG | long=timeout(+3.06%) short=sl(-8.76%) | scanned=22 | no_tp→fwd_return=+3.1569
  [label] 2020-04-16 00:00 TRXUSDT entry=0.0126 → LONG | long=timeout(+2.20%) short=sl(-4.03%) | scanned=22 | no_tp→fwd_return=+2.3034
  [label] 2020-06-06 16:00 TRXUSDT entry=0.0170 → LONG | long=tp(+6.70%) short=sl(-3.50%) | scanned=3 | long_tp_only
  [label] 2020-11-18 08:00 TRXUSDT entry=0.0254 → LONG | long=tp(+5.08%) short=sl(-2.69%) | scanned=1 | long_tp_only
  [label] 2020-11-22 08:00 TRXUSDT entry=0.0284 → LONG | long=tp(+7.47%) short=sl(-3.89%) | scanned=3 | long_tp_only[I 2026-05-07 00:29:18,613] A new study created in memory with name: no-name-f5efb2be-d379-481a-9a9d-ebb51397347d
[I 2026-05-07 00:29:18,890] Trial 0 finished with value: 0.056913954508535945 and parameters: {'confidence_threshold': 0.7790993046299082, 'training_days': 230, 'n_estimators': 295, 'max_depth': 5, 'num_leaves': 83, 'learning_rate': 0.051543455158230854, 'subsample': 0.8773243492079463, 'min_child_samples': 10, 'reg_alpha': 0.034096514368237685, 'reg_lambda': 3.154180388637081e-05}. Best is trial 0 with value: 0.056913954508535945.
[I 2026-05-07 00:29:19,033] Trial 1 finished with value: 0.023120262936584764 and parameters: {'confidence_threshold': 0.6929247853618086, 'training_days': 410, 'n_estimators': 233, 'max_depth': 5, 'num_leaves': 108, 'learning_rate': 0.013724237108071606, 'subsample': 0.7013182233636002, 'min_child_samples': 94, 'reg_alpha': 2.4040959529260723e-06, 'reg_lambda': 5.320966582161148}. Best is trial 0 with value: 0.056913954508535945.
[I 2026-05-07 00:29:19,095] Trial 2 finished with value: 0.007576152645947358 and parameters: {'confidence_threshold': 0.546341527225763, 'training_days': 270, 'n_estimators': 120, 'max_depth': 4, 'num_leaves': 53, 'learning_rate': 0.060197068579343475, 'subsample': 0.588227873455941, 'min_child_samples': 91, 'reg_alpha': 2.3457771824819002e-08, 'reg_lambda': 1.1358840775642732e-08}. Best is trial 0 with value: 0.056913954508535945.
[I 2026-05-07 00:29:19,269] Trial 3 finished with value: 0.03429686802104448 and parameters: {'confidence_threshold': 0.6000319676300473, 'training_days': 270, 'n_estimators': 382, 'max_depth': 4, 'num_leaves': 44, 'learning_rate': 0.09185046765032388, 'subsample': 0.6743651508646724, 'min_child_samples': 77, 'reg_alpha': 0.0013974578104212739, 'reg_lambda': 8.97190257982477e-08}. Best is trial 0 with value: 0.056913954508535945.
[I 2026-05-07 00:29:19,649] Trial 4 finished with value: 0.07410095414640405 and parameters: {'confidence_threshold': 0.7642618789055509, 'training_days': 390, 'n_estimators': 464, 'max_depth': 5, 'num_leaves': 30, 'learning_rate': 0.024562383309704932, 'subsample': 0.8612975035964376, 'min_child_samples': 36, 'reg_alpha': 1.593999300080167, 'reg_lambda': 0.006081270362829788}. Best is trial 4 with value: 0.07410095414640405.
[I 2026-05-07 00:29:19,793] Trial 5 finished with value: 0.003655667754057515 and parameters: {'confidence_threshold': 0.6029115860358569, 'training_days': 60, 'n_estimators': 441, 'max_depth': 3, 'num_leaves': 66, 'learning_rate': 0.044953114425778824, 'subsample': 0.7098948461279406, 'min_child_samples': 15, 'reg_alpha': 4.888753565548431e-07, 'reg_lambda': 4.198190642566389}. Best is trial 4 with value: 0.07410095414640405.
[I 2026-05-07 00:29:20,026] Trial 6 finished with value: 0.05585595872359317 and parameters: {'confidence_threshold': 0.7376932868314098, 'training_days': 290, 'n_estimators': 249, 'max_depth': 5, 'num_leaves': 121, 'learning_rate': 0.015565840632862623, 'subsample': 0.8390183783709677, 'min_child_samples': 19, 'reg_alpha': 1.860444687368747e-08, 'reg_lambda': 2.7391483548058117e-06}. Best is trial 4 with value: 0.07410095414640405.
[I 2026-05-07 00:29:20,064] Trial 7 finished with value: -0.017046549483336223 and parameters: {'confidence_threshold': 0.563503962036334, 'training_days': 70, 'n_estimators': 63, 'max_depth': 3, 'num_leaves': 47, 'learning_rate': 0.18074927623018475, 'subsample': 0.5059692991701257, 'min_child_samples': 9, 'reg_alpha': 3.6945804405602874e-08, 'reg_lambda': 0.027706035542028905}. Best is trial 4 with value: 0.07410095414640405.
[I 2026-05-07 00:29:20,160] Trial 8 finished with value: -0.00030963739573789393 and parameters: {'confidence_threshold': 0.6525471176758836, 'training_days': 440, 'n_estimators': 116, 'max_depth': 4, 'num_leaves': 115, 'learning_rate': 0.010229952960863938, 'subsample': 0.5062159465415076, 'min_child_samples': 54, 'reg_alpha': 6.790626457822126e-06, 'reg_lambda': 1.7869141074987722e-05}. Best is trial 4 with value: 0.07410095414640405.
[I 2026-05-07 00:29:20,257] Trial 9 finished with value: -2.0584787598433487 and parameters: {'confidence_threshold': 0.7277571993354469, 'training_days': 360, 'n_estimators': 75, 'max_depth': 5, 'num_leaves': 41, 'learning_rate': 0.014186743931212992, 'subsample': 0.7445187273047605, 'min_child_samples': 22, 'reg_alpha': 0.02393227447113315, 'reg_lambda': 0.009236766173618426}. Best is trial 4 with value: 0.07410095414640405.
[I 2026-05-07 00:29:20,646] A new study created in memory with name: no-name-af8acb00-0e68-44d2-8af8-87e713df8e4f

  [label] 2020-12-03 00:00 TRXUSDT entry=0.0312 → SHORT | long=sl(-5.96%) short=tp(+11.62%) | scanned=17 | short_tp_only
  [label] 2021-01-16 08:00 TRXUSDT entry=0.0311 → SHORT | long=sl(-6.43%) short=tp(+12.56%) | scanned=17 | short_tp_only
  [label] 2021-01-25 00:00 TRXUSDT entry=0.0316 → SHORT | long=sl(-4.85%) short=tp(+9.40%) | scanned=4 | short_tp_only
  [label] 2021-04-24 16:00 TRXUSDT entry=0.1025 → LONG | long=tp(+24.49%) short=sl(-12.39%) | scanned=8 | long_tp_only
  [label] 2021-05-26 00:00 TRXUSDT entry=0.0839 → SHORT | long=sl(-11.03%) short=timeout(+8.09%) | scanned=22 | no_tp→fwd_return=-8.1922
  [label] 2021-06-11 00:00 TRXUSDT entry=0.0723 → LONG | long=sl(-5.34%) short=timeout(-1.92%) | scanned=22 | no_tp→fwd_return=+1.8245
  [label] 2021-06-23 16:00 TRXUSDT entry=0.0579 → LONG | long=tp(+12.88%) short=sl(-6.59%) | scanned=1 | long_tp_only
  [label] 2021-07-12 00:00 TRXUSDT entry=0.0623 → SHORT | long=sl(-3.35%) short=tp(+6.41%) | scanned=6 | short_tp_only
  [label] 2021-07-18 08:00 TRXUSDT entry=0.0557 → SHORT | long=sl(-3.49%) short=tp(+6.68%) | scanned=5 | short_tp_only
  [label] 2021-07-30 08:00 TRXUSDT entry=0.0613 → LONG | long=tp(+6.52%) short=sl(-3.41%) | scanned=5 | long_tp_only
  [label] 2021-09-07 16:00 TRXUSDT entry=0.0853 → LONG | long=tp(+10.74%) short=sl(-5.52%) | scanned=2 | long_tp_only
  [label] 2021-09-17 08:00 TRXUSDT entry=0.1062 → SHORT | long=sl(-6.28%) short=tp(+12.26%) | scanned=8 | short_tp_only
  [label] 2021-12-11 16:00 TRXUSDT entry=0.0916 → SHORT | long=sl(-4.08%) short=tp(+7.87%) | scanned=6 | short_tp_only
  Labels: 1182 long (55.0%), 968 short (45.0%) | weights: min=1.01, mean=3.02, max=10.00
  Features: 2150/2150 matched, 13 columns
  CV gap: 22 rows
    [trial 0] 13 features, training_days=230 | threshold=0.779 | labels: 1182 long, 968 short (55/45%)
    [CV fold 0] train_end=2020-05-06 16:00 | val_start=2020-05-14 08:00 | gap=184h (22 rows)
    [CV fold 1] train_end=2020-09-03 00:00 | val_start=2020-09-10 16:00 | gap=184h (22 rows)
    [CV fold 2] train_end=2020-12-31 08:00 | val_start=2021-01-08 00:00 | gap=184h (22 rows)
    [CV fold 3] train_end=2021-04-29 16:00 | val_start=2021-05-07 08:00 | gap=184h (22 rows)
    [CV fold 4] train_end=2021-08-27 00:00 | val_start=2021-09-03 16:00 | gap=184h (22 rows)
    [trial 0] Sharpe=0.0569 (folds: -0.0524, 0.4279, 0.0002, -0.3040, 0.2129)
    [trial 1] 13 features, training_days=410 | threshold=0.693 | labels: 1182 long, 968 short (55/45%)
    [trial 1] Sharpe=0.0231 (folds: -0.0371, 0.5336, -0.0838, -0.5387, 0.2415)
    [trial 2] 13 features, training_days=270 | threshold=0.546 | labels: 1182 long, 968 short (55/45%)
    [trial 2] Sharpe=0.0076 (folds: -0.0637, 0.3160, 0.0197, -0.2754, 0.0413)
    [trial 3] 13 features, training_days=270 | threshold=0.600 | labels: 1182 long, 968 short (55/45%)
    [trial 3] Sharpe=0.0343 (folds: 0.1022, 0.2596, -0.0041, -0.1929, 0.0067)
    [trial 4] 13 features, training_days=390 | threshold=0.764 | labels: 1182 long, 968 short (55/45%)
    [trial 4] Sharpe=0.0741 (folds: 0.0283, 0.2893, 0.0293, -0.1474, 0.1710)
    [trial 5] 13 features, training_days=60 | threshold=0.603 | labels: 1182 long, 968 short (55/45%)
    [trial 5] Sharpe=0.0037 (folds: 0.0051, 0.1567, -0.0483, -0.1802, 0.0850)
    [trial 6] 13 features, training_days=290 | threshold=0.738 | labels: 1182 long, 968 short (55/45%)
    [trial 6] Sharpe=0.0559 (folds: -0.1469, 0.4021, -0.0131, -0.2058, 0.2430)
    [trial 7] 13 features, training_days=70 | threshold=0.564 | labels: 1182 long, 968 short (55/45%)
    [trial 7] Sharpe=-0.0170 (folds: 0.0253, 0.1437, 0.0039, -0.2547, -0.0035)
    [trial 8] 13 features, training_days=440 | threshold=0.653 | labels: 1182 long, 968 short (55/45%)
    [trial 8] Sharpe=-0.0003 (folds: -0.1366, 0.1961, 0.1362, -0.6638, 0.4666)
    [trial 9] 13 features, training_days=360 | threshold=0.728 | labels: 1182 long, 968 short (55/45%)
    [trial 9] Sharpe=-2.0585 (folds: -0.1636, -10.0000, 0.0908, -0.6880, 0.4683)
  Optuna: 10 trials, best Sharpe = 0.0741
  Best params: n_estimators=464, max_depth=5, lr=0.0246, leaves=30
  Best confidence_threshold: 0.764
  Best training_days: 390
  Retrained on full data (1170 samples, 13 features)
  Model trained for 2022-01: 93 test candles with features, confidence_threshold=0.764
[predict] 2022-01-23 16:00 TRXUSDT → LONG (proba=0.77 TP=9.7%/SL=4.9%)
[trade:open] 2022-01-23 23:59 TRXUSDT LONG @ 0.06 | SL=0.05 TP=0.06 | timeout=2022-01-30 23:59
[trade:close] 2022-01-24 07:59 TRXUSDT LONG → stop_loss @ 0.05 | PnL=-4.86% (net -4.96%) | cum=-4.96% 2022-01=-4.96% 2022-01-24=-4.96%
[predict] 2022-01-29 08:00 TRXUSDT → SHORT (proba=0.84 TP=7.9%/SL=4.0%)
[trade:open] 2022-01-29 15:59 TRXUSDT SHORT @ 0.06 | SL=0.06 TP=0.05 | timeout=2022-02-05 15:59
[lgbm] === Training for 2022-02 ===
  Train window: 2020-02-01 → 2022-02-01
  2193 training samples from 1 symbols
  Samples per month: 2020-02: 87, 2020-03: 93, 2020-04: 90, 2020-05: 93, 2020-06: 90, 2020-07: 93, 2020-08: 93, 2020-09: 90, 2020-10: 93, 2020-11: 90, 2020-12: 93, 2021-01: 93, 2021-02: 84, 2021-03: 93, 2021-04: 90, 2021-05: 93, 2021-06: 90, 2021-07: 93, 2021-08: 93, 2021-09: 90, 2021-10: 93, 2021-11: 90, 2021-12: 93, 2022-01: 93
  [label] 2020-04-03 08:00 TRXUSDT entry=0.0119 → LONG | long=tp(+8.83%) short=sl(-4.57%) | scanned=8 | long_tp_only
  [label] 2020-04-05 16:00 TRXUSDT entry=0.0126 → LONG | long=tp(+7.98%) short=sl(-4.14%) | scanned=3 | long_tp_only
  [label] 2020-04-09 08:00 TRXUSDT entry=0.0134 → SHORT | long=sl(-3.95%) short=tp(+7.60%) | scanned=3 | short_tp_only
  [label] 2020-05-04 08:00 TRXUSDT entry=0.0164 → SHORT | long=sl(-3.75%) short=tp(+7.20%) | scanned=17 | short_tp_only
  [label] 2020-06-26 08:00 TRXUSDT entry=0.0158 → SHORT | long=sl(-2.63%) short=tp(+4.95%) | scanned=4 | short_tp_only
  [label] 2020-12-11 08:00 TRXUSDT entry=0.0281 → LONG | long=tp(+7.83%) short=sl(-4.06%) | scanned=15 | long_tp_only
  [label] 2020-12-15 08:00 TRXUSDT entry=0.0293 → LONG | long=tp(+5.95%) short=sl(-3.13%) | scanned=4 | long_tp_only
  [label] 2020-12-26 00:00 TRXUSDT entry=0.0277 → LONG | long=tp(+9.84%) short=sl(-5.07%) | scanned=5 | long_tp_only
  [label] 2021-02-09 08:00 TRXUSDT entry=0.0481 → SHORT | long=sl(-4.91%) short=sl(-4.91%) | scanned=2 | no_tp→fwd_return=-0.7700
  [label] 2021-02-18 00:00 TRXUSDT entry=0.0536 → LONG | long=tp(+14.40%) short=sl(-7.35%) | scanned=3 | long_tp_only
  [label] 2021-05-20 16:00 TRXUSDT entry=0.0892 → SHORT | long=sl(-12.92%) short=tp(+25.55%) | scanned=8 | short_tp_only
  [label] 2021-06-21 16:00 TRXUSDT entry=0.0535 → SHORT | long=sl(-6.36%) short=tp(+12.42%) | scanned=2 | short_tp_only
  [label] 2021-07-08 00:00 TRXUSDT entry=0.0611 → SHORT | long=sl(-4.06%) short=timeout(+3.73%) | scanned=22 | no_tp→fwd_return=-3.8317
  [label] 2021-07-21 00:00 TRXUSDT entry=0.0531 → LONG | long=tp(+7.39%) short=sl(-3.85%) | scanned=11 | long_tp_only
  [label] 2021-08-08 16:00 TRXUSDT entry=0.0719 → LONG | long=tp(+6.53%) short=sl(-3.41%) | scanned=7 | long_tp_only
  [label] 2021-08-15 00:00 TRXUSDT entry=0.0906 → SHORT | long=sl(-4.08%) short=sl(-4.08%) | scanned=6 | no_tp→fwd_return=-1.6006
  [label] 2021-08-27 08:00 TRXUSDT entry=0.0862 → LONG | long=tp(+7.66%) short=sl(-3.98%) | scanned=16 | long_tp_only
  [label] 2021-10-06 08:00 TRXUSDT entry=0.0962 → LONG | long=tp(+7.59%) short=sl(-3.95%) | scanned=9 | long_tp_only
  [label] 2021-10-16 08:00 TRXUSDT entry=0.0992 → LONG | long=tp(+6.56%) short=sl(-3.43%) | scanned=12 | long_tp_only
  [label] 2022-01-11 08:00 TRXUSDT entry=0.0642 → LONG | long=tp(+6.91%) short=sl(-3.61%) | scanned=12 | long_tp_only
  Labels: 1190 long (54.3%), 1003 short (45.7%) | weights: min=1.01, mean=3.00, max=10.00
  Features: 2193/2193 matched, 13 columns
  CV gap: 22 rows
    [trial 0] 13 features, training_days=230 | threshold=0.779 | labels: 1190 long, 1003 short (54/46%)
    [CV fold 0] train_end=2020-05-26 00:00 | val_start=2020-06-02 16:00 | gap=184h (22 rows)
    [CV fold 1] train_end=2020-09-24 16:00 | val_start=2020-10-02 08:00 | gap=184h (22 rows)
    [CV fold 2] train_end=2021-01-24 08:00 | val_start=2021-02-01 00:00 | gap=184h (22 rows)[I 2026-05-07 00:29:20,943] Trial 0 finished with value: 0.10308666080957156 and parameters: {'confidence_threshold': 0.7790993046299082, 'training_days': 230, 'n_estimators': 295, 'max_depth': 5, 'num_leaves': 83, 'learning_rate': 0.051543455158230854, 'subsample': 0.8773243492079463, 'min_child_samples': 10, 'reg_alpha': 0.034096514368237685, 'reg_lambda': 3.154180388637081e-05}. Best is trial 0 with value: 0.10308666080957156.
