[I 2026-05-07 00:30:47,057] Trial 1 finished with value: -0.04773457451105266 and parameters: {'confidence_threshold': 0.6929247853618086, 'training_days': 410, 'n_estimators': 233, 'max_depth': 5, 'num_leaves': 108, 'learning_rate': 0.013724237108071606, 'subsample': 0.7013182233636002, 'min_child_samples': 94, 'reg_alpha': 2.4040959529260723e-06, 'reg_lambda': 5.320966582161148}. Best is trial 0 with value: -0.013665085938697932.
[I 2026-05-07 00:30:47,127] Trial 2 finished with value: -0.026574782823439187 and parameters: {'confidence_threshold': 0.546341527225763, 'training_days': 270, 'n_estimators': 120, 'max_depth': 4, 'num_leaves': 53, 'learning_rate': 0.060197068579343475, 'subsample': 0.588227873455941, 'min_child_samples': 91, 'reg_alpha': 2.3457771824819002e-08, 'reg_lambda': 1.1358840775642732e-08}. Best is trial 0 with value: -0.013665085938697932.
[I 2026-05-07 00:30:47,303] Trial 3 finished with value: -0.012418275710223067 and parameters: {'confidence_threshold': 0.6000319676300473, 'training_days': 270, 'n_estimators': 382, 'max_depth': 4, 'num_leaves': 44, 'learning_rate': 0.09185046765032388, 'subsample': 0.6743651508646724, 'min_child_samples': 77, 'reg_alpha': 0.0013974578104212739, 'reg_lambda': 8.97190257982477e-08}. Best is trial 3 with value: -0.012418275710223067.
[I 2026-05-07 00:30:47,657] Trial 4 finished with value: -0.03884936275745746 and parameters: {'confidence_threshold': 0.7642618789055509, 'training_days': 390, 'n_estimators': 464, 'max_depth': 5, 'num_leaves': 30, 'learning_rate': 0.024562383309704932, 'subsample': 0.8612975035964376, 'min_child_samples': 36, 'reg_alpha': 1.593999300080167, 'reg_lambda': 0.006081270362829788}. Best is trial 3 with value: -0.012418275710223067.
[I 2026-05-07 00:30:47,799] Trial 5 finished with value: -0.018210165214524975 and parameters: {'confidence_threshold': 0.6029115860358569, 'training_days': 60, 'n_estimators': 441, 'max_depth': 3, 'num_leaves': 66, 'learning_rate': 0.044953114425778824, 'subsample': 0.7098948461279406, 'min_child_samples': 15, 'reg_alpha': 4.888753565548431e-07, 'reg_lambda': 4.198190642566389}. Best is trial 3 with value: -0.012418275710223067.
[I 2026-05-07 00:30:48,009] Trial 6 finished with value: -0.07900620978959301 and parameters: {'confidence_threshold': 0.7376932868314098, 'training_days': 290, 'n_estimators': 249, 'max_depth': 5, 'num_leaves': 121, 'learning_rate': 0.015565840632862623, 'subsample': 0.8390183783709677, 'min_child_samples': 19, 'reg_alpha': 1.860444687368747e-08, 'reg_lambda': 2.7391483548058117e-06}. Best is trial 3 with value: -0.012418275710223067.
[I 2026-05-07 00:30:48,050] Trial 7 finished with value: -0.035355054993567 and parameters: {'confidence_threshold': 0.563503962036334, 'training_days': 70, 'n_estimators': 63, 'max_depth': 3, 'num_leaves': 47, 'learning_rate': 0.18074927623018475, 'subsample': 0.5059692991701257, 'min_child_samples': 9, 'reg_alpha': 3.6945804405602874e-08, 'reg_lambda': 0.027706035542028905}. Best is trial 3 with value: -0.012418275710223067.
[I 2026-05-07 00:30:48,141] Trial 8 finished with value: -0.09555327941592626 and parameters: {'confidence_threshold': 0.6525471176758836, 'training_days': 440, 'n_estimators': 116, 'max_depth': 4, 'num_leaves': 115, 'learning_rate': 0.010229952960863938, 'subsample': 0.5062159465415076, 'min_child_samples': 54, 'reg_alpha': 6.790626457822126e-06, 'reg_lambda': 1.7869141074987722e-05}. Best is trial 3 with value: -0.012418275710223067.
[I 2026-05-07 00:30:48,225] Trial 9 finished with value: -4.0527853996519365 and parameters: {'confidence_threshold': 0.7277571993354469, 'training_days': 360, 'n_estimators': 75, 'max_depth': 5, 'num_leaves': 41, 'learning_rate': 0.014186743931212992, 'subsample': 0.7445187273047605, 'min_child_samples': 22, 'reg_alpha': 0.02393227447113315, 'reg_lambda': 0.009236766173618426}. Best is trial 3 with value: -0.012418275710223067.

  [label] 2025-04-07 16:00 TRXUSDT entry=0.2285 → LONG | long=tp(+3.94%) short=sl(-2.12%) | scanned=6 | long_tp_only
  [label] 2025-04-14 00:00 TRXUSDT entry=0.2576 → SHORT | long=sl(-1.99%) short=tp(+3.67%) | scanned=4 | short_tp_only
  [label] 2025-04-26 08:00 TRXUSDT entry=0.2508 → SHORT | long=sl(-1.84%) short=tp(+3.38%) | scanned=11 | short_tp_only
  [label] 2025-06-05 08:00 TRXUSDT entry=0.2745 → LONG | long=sl(-1.53%) short=sl(-1.53%) | scanned=1 | no_tp→fwd_return=+2.6599
  [label] 2025-06-15 08:00 TRXUSDT entry=0.2729 → LONG | long=tp(+3.42%) short=sl(-1.86%) | scanned=3 | long_tp_only
  [label] 2025-09-10 08:00 TRXUSDT entry=0.3385 → LONG | long=tp(+3.28%) short=sl(-1.79%) | scanned=7 | long_tp_only
  Labels: 1243 long (56.7%), 950 short (43.3%) | weights: min=1.00, mean=2.64, max=10.00
  Features: 2193/2193 matched, 13 columns
  CV gap: 22 rows
    [trial 0] 13 features, training_days=230 | threshold=0.779 | labels: 1243 long, 950 short (57/43%)
    [CV fold 0] train_end=2024-01-24 00:00 | val_start=2024-01-31 16:00 | gap=184h (22 rows)
    [CV fold 1] train_end=2024-05-24 16:00 | val_start=2024-06-01 08:00 | gap=184h (22 rows)
    [CV fold 2] train_end=2024-09-23 08:00 | val_start=2024-10-01 00:00 | gap=184h (22 rows)
    [CV fold 3] train_end=2025-01-23 00:00 | val_start=2025-01-30 16:00 | gap=184h (22 rows)
    [CV fold 4] train_end=2025-05-24 16:00 | val_start=2025-06-01 08:00 | gap=184h (22 rows)
    [trial 0] Sharpe=-0.0137 (folds: -0.0227, 0.0442, -0.1508, 0.0878, -0.0268)
    [trial 1] 13 features, training_days=410 | threshold=0.693 | labels: 1243 long, 950 short (57/43%)
    [trial 1] Sharpe=-0.0477 (folds: -0.2389, 0.2258, -0.0958, 0.0896, -0.2194)
    [trial 2] 13 features, training_days=270 | threshold=0.546 | labels: 1243 long, 950 short (57/43%)
    [trial 2] Sharpe=-0.0266 (folds: -0.1265, 0.2121, -0.1364, 0.0910, -0.1732)
    [trial 3] 13 features, training_days=270 | threshold=0.600 | labels: 1243 long, 950 short (57/43%)
    [trial 3] Sharpe=-0.0124 (folds: -0.1772, 0.2504, -0.1356, 0.0739, -0.0736)
    [trial 4] 13 features, training_days=390 | threshold=0.764 | labels: 1243 long, 950 short (57/43%)
    [trial 4] Sharpe=-0.0388 (folds: -0.1358, 0.1646, -0.1245, 0.1802, -0.2788)
    [trial 5] 13 features, training_days=60 | threshold=0.603 | labels: 1243 long, 950 short (57/43%)
    [trial 5] Sharpe=-0.0182 (folds: 0.0393, -0.2293, -0.1517, -0.0069, 0.2575)
    [trial 6] 13 features, training_days=290 | threshold=0.738 | labels: 1243 long, 950 short (57/43%)
    [trial 6] Sharpe=-0.0790 (folds: -0.0093, -0.2573, -0.1664, 0.2142, -0.1763)
    [trial 7] 13 features, training_days=70 | threshold=0.564 | labels: 1243 long, 950 short (57/43%)
    [trial 7] Sharpe=-0.0354 (folds: 0.1595, -0.0967, -0.2453, -0.0962, 0.1018)
    [trial 8] 13 features, training_days=440 | threshold=0.653 | labels: 1243 long, 950 short (57/43%)
    [trial 8] Sharpe=-0.0956 (folds: -0.2039, 0.2037, 0.0426, 0.1321, -0.6522)
    [trial 9] 13 features, training_days=360 | threshold=0.728 | labels: 1243 long, 950 short (57/43%)
    [trial 9] Sharpe=-4.0528 (folds: -0.2650, -10.0000, -0.1920, 0.1931, -10.0000)
  Optuna: 10 trials, best Sharpe = -0.0124
  Best params: n_estimators=382, max_depth=4, lr=0.0919, leaves=44
  Best confidence_threshold: 0.600
  Best training_days: 270
  Retrained on full data (810 samples, 13 features)
  Model trained for 2025-10: 93 test candles with features, confidence_threshold=0.600
[predict] 2025-10-11 08:00 TRXUSDT → LONG (proba=0.94 TP=3.2%/SL=1.6%)
[trade:open] 2025-10-11 15:59 TRXUSDT LONG @ 0.32 | SL=0.31 TP=0.33 | timeout=2025-10-18 15:59
[trade:close] 2025-10-11 23:59 TRXUSDT LONG → stop_loss @ 0.31 | PnL=-1.61% (net -1.71%) | cum=-23.74% 2025-10=-1.71% 2025-10-11=-1.71%
[predict] 2025-10-13 08:00 TRXUSDT → LONG (proba=0.95 TP=3.2%/SL=1.6%)
[trade:open] 2025-10-13 15:59 TRXUSDT LONG @ 0.32 | SL=0.32 TP=0.33 | timeout=2025-10-20 15:59
[trade:close] 2025-10-14 07:59 TRXUSDT LONG → stop_loss @ 0.32 | PnL=-1.62% (net -1.72%) | cum=-25.45% 2025-10=-3.42% 2025-10-14=-1.72%
[predict] 2025-10-15 16:00 TRXUSDT → LONG (proba=0.98 TP=3.6%/SL=1.8%)
[trade:open] 2025-10-15 23:59 TRXUSDT LONG @ 0.32 | SL=0.31 TP=0.33 | timeout=2025-10-22 23:59
[trade:close] 2025-10-16 23:59 TRXUSDT LONG → stop_loss @ 0.31 | PnL=-1.80% (net -1.90%) | cum=-27.35% 2025-10=-5.32% 2025-10-16=-1.90%
[predict] 2025-10-19 00:00 TRXUSDT → LONG (proba=0.76 TP=3.4%/SL=1.7%)
[trade:open] 2025-10-19 07:59 TRXUSDT LONG @ 0.31 | SL=0.31 TP=0.32 | timeout=2025-10-26 07:59
[trade:close] 2025-10-21 15:59 TRXUSDT LONG → take_profit @ 0.32 | PnL=+3.42% (net +3.32%) | cum=-24.03% 2025-10=-2.00% 2025-10-21=+3.32%
[predict] 2025-10-23 00:00 TRXUSDT → SHORT (proba=0.90 TP=3.1%/SL=1.5%)
[trade:open] 2025-10-23 07:59 TRXUSDT SHORT @ 0.32 | SL=0.33 TP=0.31 | timeout=2025-10-30 07:59
[trade:close] 2025-10-23 23:59 TRXUSDT SHORT → take_profit @ 0.31 | PnL=+3.05% (net +2.95%) | cum=-21.08% 2025-10=+0.96% 2025-10-23=+2.95%
[predict] 2025-10-26 08:00 TRXUSDT → LONG (proba=0.95 TP=3.4%/SL=1.7%)
[trade:open] 2025-10-26 15:59 TRXUSDT LONG @ 0.30 | SL=0.29 TP=0.31 | timeout=2025-11-02 15:59
[trade:close] 2025-10-28 23:59 TRXUSDT LONG → stop_loss @ 0.29 | PnL=-1.72% (net -1.82%) | cum=-22.90% 2025-10=-0.87% 2025-10-28=-1.82%
[lgbm] === Training for 2025-11 ===
  Train window: 2023-11-01 → 2025-11-01
  2193 training samples from 1 symbols
  Samples per month: 2023-11: 90, 2023-12: 93, 2024-01: 93, 2024-02: 87, 2024-03: 93, 2024-04: 90, 2024-05: 93, 2024-06: 90, 2024-07: 93, 2024-08: 93, 2024-09: 90, 2024-10: 93, 2024-11: 90, 2024-12: 93, 2025-01: 93, 2025-02: 84, 2025-03: 93, 2025-04: 90, 2025-05: 93, 2025-06: 90, 2025-07: 93, 2025-08: 93, 2025-09: 90, 2025-10: 93
  [label] 2024-01-02 08:00 TRXUSDT entry=0.1088 → SHORT | long=sl(-1.53%) short=tp(+2.77%) | scanned=3 | short_tp_only
  [label] 2024-01-04 16:00 TRXUSDT entry=0.1070 → SHORT | long=sl(-1.81%) short=tp(+3.32%) | scanned=2 | short_tp_only
  [label] 2024-01-08 08:00 TRXUSDT entry=0.1031 → LONG | long=tp(+3.39%) short=sl(-1.85%) | scanned=9 | long_tp_only
  [label] 2024-02-02 08:00 TRXUSDT entry=0.1170 → LONG | long=tp(+2.80%) short=sl(-1.55%) | scanned=10 | long_tp_only
  [label] 2024-03-26 08:00 TRXUSDT entry=0.1213 → SHORT | long=sl(-2.27%) short=tp(+4.24%) | scanned=21 | short_tp_only
  [label] 2024-09-10 08:00 TRXUSDT entry=0.1524 → SHORT | long=sl(-1.44%) short=tp(+2.58%) | scanned=11 | short_tp_only
  [label] 2024-09-14 08:00 TRXUSDT entry=0.1473 → LONG | long=tp(+2.24%) short=sl(-1.27%) | scanned=9 | long_tp_only
  [label] 2024-09-25 00:00 TRXUSDT entry=0.1502 → LONG | long=tp(+1.50%) short=sl(-0.90%) | scanned=4 | long_tp_only
  [label] 2024-11-09 08:00 TRXUSDT entry=0.1603 → LONG | long=tp(+1.88%) short=sl(-1.09%) | scanned=2 | long_tp_only
  [label] 2024-11-18 00:00 TRXUSDT entry=0.2046 → SHORT | long=sl(-2.90%) short=tp(+5.50%) | scanned=9 | short_tp_only
  [label] 2025-02-17 16:00 TRXUSDT entry=0.2386 → LONG | long=sl(-2.38%) short=sl(-2.38%) | scanned=9 | no_tp→fwd_return=+3.1725
  [label] 2025-03-21 16:00 TRXUSDT entry=0.2334 → SHORT | long=sl(-2.44%) short=sl(-2.44%) | scanned=7 | no_tp→fwd_return=-2.3090
  [label] 2025-04-07 00:00 TRXUSDT entry=0.2223 → LONG | long=tp(+4.01%) short=sl(-2.16%) | scanned=3 | long_tp_only
  [label] 2025-04-20 00:00 TRXUSDT entry=0.2415 → LONG | long=tp(+3.50%) short=sl(-1.90%) | scanned=19 | long_tp_only
  [label] 2025-05-08 16:00 TRXUSDT entry=0.2571 → LONG | long=tp(+2.83%) short=sl(-1.57%) | scanned=2 | long_tp_only
  [label] 2025-05-15 00:00 TRXUSDT entry=0.2692 → SHORT | long=sl(-2.29%) short=sl(-2.29%) | scanned=12 | no_tp→fwd_return=-1.8949
  [label] 2025-05-27 08:00 TRXUSDT entry=0.2738 → SHORT | long=sl(-1.98%) short=sl(-1.98%) | scanned=8 | no_tp→fwd_return=-1.5374
  [label] 2025-07-06 08:00 TRXUSDT entry=0.2856 → LONG | long=tp(+2.18%) short=sl(-1.24%) | scanned=13 | long_tp_only
  [label] 2025-07-16 08:00 TRXUSDT entry=0.3024 → LONG | long=tp(+2.28%) short=sl(-1.29%) | scanned=1 | long_tp_only
  [label] 2025-10-11 08:00 TRXUSDT entry=0.3194 → SHORT | long=sl(-1.71%) short=tp(+3.11%) | scanned=9 | short_tp_only[I 2026-05-07 00:30:48,642] A new study created in memory with name: no-name-95e63e89-1ac3-403c-a195-bba4c6a55706
[I 2026-05-07 00:30:48,897] Trial 0 finished with value: 0.03778034482059171 and parameters: {'confidence_threshold': 0.7790993046299082, 'training_days': 230, 'n_estimators': 295, 'max_depth': 5, 'num_leaves': 83, 'learning_rate': 0.051543455158230854, 'subsample': 0.8773243492079463, 'min_child_samples': 10, 'reg_alpha': 0.034096514368237685, 'reg_lambda': 3.154180388637081e-05}. Best is trial 0 with value: 0.03778034482059171.
[I 2026-05-07 00:30:49,045] Trial 1 finished with value: -0.016562397079451195 and parameters: {'confidence_threshold': 0.6929247853618086, 'training_days': 410, 'n_estimators': 233, 'max_depth': 5, 'num_leaves': 108, 'learning_rate': 0.013724237108071606, 'subsample': 0.7013182233636002, 'min_child_samples': 94, 'reg_alpha': 2.4040959529260723e-06, 'reg_lambda': 5.320966582161148}. Best is trial 0 with value: 0.03778034482059171.
[I 2026-05-07 00:30:49,116] Trial 2 finished with value: 0.008382337562337836 and parameters: {'confidence_threshold': 0.546341527225763, 'training_days': 270, 'n_estimators': 120, 'max_depth': 4, 'num_leaves': 53, 'learning_rate': 0.060197068579343475, 'subsample': 0.588227873455941, 'min_child_samples': 91, 'reg_alpha': 2.3457771824819002e-08, 'reg_lambda': 1.1358840775642732e-08}. Best is trial 0 with value: 0.03778034482059171.
[I 2026-05-07 00:30:49,296] Trial 3 finished with value: 0.0287324178077826 and parameters: {'confidence_threshold': 0.6000319676300473, 'training_days': 270, 'n_estimators': 382, 'max_depth': 4, 'num_leaves': 44, 'learning_rate': 0.09185046765032388, 'subsample': 0.6743651508646724, 'min_child_samples': 77, 'reg_alpha': 0.0013974578104212739, 'reg_lambda': 8.97190257982477e-08}. Best is trial 0 with value: 0.03778034482059171.
[I 2026-05-07 00:30:49,665] Trial 4 finished with value: -0.05736317464094669 and parameters: {'confidence_threshold': 0.7642618789055509, 'training_days': 390, 'n_estimators': 464, 'max_depth': 5, 'num_leaves': 30, 'learning_rate': 0.024562383309704932, 'subsample': 0.8612975035964376, 'min_child_samples': 36, 'reg_alpha': 1.593999300080167, 'reg_lambda': 0.006081270362829788}. Best is trial 0 with value: 0.03778034482059171.
[I 2026-05-07 00:30:49,798] Trial 5 finished with value: 0.05404436069338636 and parameters: {'confidence_threshold': 0.6029115860358569, 'training_days': 60, 'n_estimators': 441, 'max_depth': 3, 'num_leaves': 66, 'learning_rate': 0.044953114425778824, 'subsample': 0.7098948461279406, 'min_child_samples': 15, 'reg_alpha': 4.888753565548431e-07, 'reg_lambda': 4.198190642566389}. Best is trial 5 with value: 0.05404436069338636.
[I 2026-05-07 00:30:50,018] Trial 6 finished with value: -0.03167494594778232 and parameters: {'confidence_threshold': 0.7376932868314098, 'training_days': 290, 'n_estimators': 249, 'max_depth': 5, 'num_leaves': 121, 'learning_rate': 0.015565840632862623, 'subsample': 0.8390183783709677, 'min_child_samples': 19, 'reg_alpha': 1.860444687368747e-08, 'reg_lambda': 2.7391483548058117e-06}. Best is trial 5 with value: 0.05404436069338636.
[I 2026-05-07 00:30:50,054] Trial 7 finished with value: -0.054080829103115666 and parameters: {'confidence_threshold': 0.563503962036334, 'training_days': 70, 'n_estimators': 63, 'max_depth': 3, 'num_leaves': 47, 'learning_rate': 0.18074927623018475, 'subsample': 0.5059692991701257, 'min_child_samples': 9, 'reg_alpha': 3.6945804405602874e-08, 'reg_lambda': 0.027706035542028905}. Best is trial 5 with value: 0.05404436069338636.
[I 2026-05-07 00:30:50,140] Trial 8 finished with value: 0.031132673494218655 and parameters: {'confidence_threshold': 0.6525471176758836, 'training_days': 440, 'n_estimators': 116, 'max_depth': 4, 'num_leaves': 115, 'learning_rate': 0.010229952960863938, 'subsample': 0.5062159465415076, 'min_child_samples': 54, 'reg_alpha': 6.790626457822126e-06, 'reg_lambda': 1.7869141074987722e-05}. Best is trial 5 with value: 0.05404436069338636.
[I 2026-05-07 00:30:50,238] Trial 9 finished with value: -3.9048194711777526 and parameters: {'confidence_threshold': 0.7277571993354469, 'training_days': 360, 'n_estimators': 75, 'max_depth': 5, 'num_leaves': 41, 'learning_rate': 0.014186743931212992, 'subsample': 0.7445187273047605, 'min_child_samples': 22, 'reg_alpha': 0.02393227447113315, 'reg_lambda': 0.009236766173618426}. Best is trial 5 with value: 0.05404436069338636.
[I 2026-05-07 00:30:50,652] A new study created in memory with name: no-name-8cfcee45-78eb-4911-b025-5ba2c3285d69
[I 2026-05-07 00:30:50,937] Trial 0 finished with value: -0.05118772434223011 and parameters: {'confidence_threshold': 0.7790993046299082, 'training_days': 230, 'n_estimators': 295, 'max_depth': 5, 'num_leaves': 83, 'learning_rate': 0.051543455158230854, 'subsample': 0.8773243492079463, 'min_child_samples': 10, 'reg_alpha': 0.034096514368237685, 'reg_lambda': 3.154180388637081e-05}. Best is trial 0 with value: -0.05118772434223011.
[I 2026-05-07 00:30:51,083] Trial 1 finished with value: -0.041093785391093665 and parameters: {'confidence_threshold': 0.6929247853618086, 'training_days': 410, 'n_estimators': 233, 'max_depth': 5, 'num_leaves': 108, 'learning_rate': 0.013724237108071606, 'subsample': 0.7013182233636002, 'min_child_samples': 94, 'reg_alpha': 2.4040959529260723e-06, 'reg_lambda': 5.320966582161148}. Best is trial 1 with value: -0.041093785391093665.
