[I 2026-05-07 00:29:37,438] Trial 7 finished with value: -0.04253347465536513 and parameters: {'confidence_threshold': 0.563503962036334, 'training_days': 70, 'n_estimators': 63, 'max_depth': 3, 'num_leaves': 47, 'learning_rate': 0.18074927623018475, 'subsample': 0.5059692991701257, 'min_child_samples': 9, 'reg_alpha': 3.6945804405602874e-08, 'reg_lambda': 0.027706035542028905}. Best is trial 1 with value: 0.11992063903444765.

  [label] 2022-05-07 08:00 TRXUSDT entry=0.0839 → SHORT | long=sl(-5.97%) short=sl(-5.97%) | scanned=6 | no_tp→fwd_return=-7.6245
  [label] 2022-05-17 08:00 TRXUSDT entry=0.0703 → LONG | long=tp(+15.65%) short=sl(-7.98%) | scanned=19 | long_tp_only
  [label] 2022-08-11 16:00 TRXUSDT entry=0.0703 → SHORT | long=sl(-1.92%) short=sl(-1.92%) | scanned=10 | no_tp→fwd_return=-2.0910
  Labels: 1170 long (53.8%), 1005 short (46.2%) | weights: min=1.00, mean=2.89, max=10.00
  Features: 2175/2175 matched, 13 columns
  CV gap: 22 rows
    [trial 0] 13 features, training_days=230 | threshold=0.779 | labels: 1170 long, 1005 short (54/46%)
    [CV fold 0] train_end=2020-12-24 00:00 | val_start=2020-12-31 16:00 | gap=184h (22 rows)
    [CV fold 1] train_end=2021-04-23 16:00 | val_start=2021-05-01 08:00 | gap=184h (22 rows)
    [CV fold 2] train_end=2021-08-22 08:00 | val_start=2021-08-30 00:00 | gap=184h (22 rows)
    [CV fold 3] train_end=2021-12-21 00:00 | val_start=2021-12-28 16:00 | gap=184h (22 rows)
    [CV fold 4] train_end=2022-04-25 16:00 | val_start=2022-05-03 08:00 | gap=184h (22 rows)
    [trial 0] Sharpe=-0.0193 (folds: 0.0998, -0.2481, 0.2300, 0.1835, -0.3615)
    [trial 1] 13 features, training_days=410 | threshold=0.693 | labels: 1170 long, 1005 short (54/46%)
    [trial 1] Sharpe=-0.0411 (folds: -0.2065, -0.3215, 0.3079, 0.0068, 0.0076)
    [trial 2] 13 features, training_days=270 | threshold=0.546 | labels: 1170 long, 1005 short (54/46%)
    [trial 2] Sharpe=-0.0434 (folds: -0.0489, -0.2889, 0.1151, 0.0610, -0.0553)
    [trial 3] 13 features, training_days=270 | threshold=0.600 | labels: 1170 long, 1005 short (54/46%)
    [trial 3] Sharpe=-0.0522 (folds: -0.0626, -0.2017, 0.0300, -0.0066, -0.0199)
    [trial 4] 13 features, training_days=390 | threshold=0.764 | labels: 1170 long, 1005 short (54/46%)
    [trial 4] Sharpe=-0.0238 (folds: -0.1399, -0.2992, 0.2332, 0.1223, -0.0354)
    [trial 5] 13 features, training_days=60 | threshold=0.603 | labels: 1170 long, 1005 short (54/46%)
    [trial 5] Sharpe=-0.0816 (folds: 0.0033, -0.2836, 0.0997, -0.2071, -0.0201)
    [trial 6] 13 features, training_days=290 | threshold=0.738 | labels: 1170 long, 1005 short (54/46%)
    [trial 6] Sharpe=0.0440 (folds: -0.1216, -0.2315, 0.2683, 0.2499, 0.0549)
    [trial 7] 13 features, training_days=70 | threshold=0.564 | labels: 1170 long, 1005 short (54/46%)
    [trial 7] Sharpe=-0.0721 (folds: -0.0355, -0.2130, -0.0410, 0.0060, -0.0772)
    [trial 8] 13 features, training_days=440 | threshold=0.653 | labels: 1170 long, 1005 short (54/46%)
    [trial 8] Sharpe=0.0696 (folds: -0.1099, -0.3738, 0.2810, 0.2751, 0.2757)
    [trial 9] 13 features, training_days=360 | threshold=0.728 | labels: 1170 long, 1005 short (54/46%)
    [trial 9] Sharpe=-0.2586 (folds: -0.2546, -0.1524, 0.3581, 0.2392, -1.4834)
  Optuna: 10 trials, best Sharpe = 0.0696
  Best params: n_estimators=116, max_depth=4, lr=0.0102, leaves=115
  Best confidence_threshold: 0.653
  Best training_days: 440
  Retrained on full data (1305 samples, 13 features)
  Model trained for 2022-09: 90 test candles with features, confidence_threshold=0.653
[lgbm] === Training for 2022-10 ===
  Train window: 2020-10-01 → 2022-10-01
  2175 training samples from 1 symbols
  Samples per month: 2020-10: 93, 2020-11: 90, 2020-12: 93, 2021-01: 93, 2021-02: 84, 2021-03: 93, 2021-04: 90, 2021-05: 93, 2021-06: 90, 2021-07: 93, 2021-08: 93, 2021-09: 90, 2021-10: 93, 2021-11: 90, 2021-12: 93, 2022-01: 93, 2022-02: 75, 2022-03: 93, 2022-04: 84, 2022-05: 93, 2022-06: 90, 2022-07: 93, 2022-08: 93, 2022-09: 90
  [label] 2020-12-01 16:00 TRXUSDT entry=0.0303 → SHORT | long=sl(-6.73%) short=timeout(+7.70%) | scanned=22 | no_tp→fwd_return=-7.7991
  [label] 2020-12-04 00:00 TRXUSDT entry=0.0311 → SHORT | long=sl(-5.57%) short=tp(+10.83%) | scanned=14 | short_tp_only
  [label] 2020-12-07 16:00 TRXUSDT entry=0.0303 → SHORT | long=sl(-4.44%) short=tp(+8.59%) | scanned=3 | short_tp_only
  [label] 2021-01-01 16:00 TRXUSDT entry=0.0268 → LONG | long=tp(+9.29%) short=sl(-4.79%) | scanned=6 | long_tp_only
  [label] 2021-02-23 00:00 TRXUSDT entry=0.0490 → SHORT | long=sl(-9.42%) short=tp(+18.54%) | scanned=1 | short_tp_only
  [label] 2021-08-08 16:00 TRXUSDT entry=0.0719 → LONG | long=tp(+6.53%) short=sl(-3.41%) | scanned=7 | long_tp_only
  [label] 2021-08-12 16:00 TRXUSDT entry=0.0843 → LONG | long=tp(+7.73%) short=sl(-4.02%) | scanned=4 | long_tp_only
  [label] 2021-08-23 08:00 TRXUSDT entry=0.0896 → SHORT | long=sl(-3.90%) short=tp(+7.50%) | scanned=9 | short_tp_only
  [label] 2021-10-07 08:00 TRXUSDT entry=0.0955 → LONG | long=tp(+7.70%) short=sl(-4.00%) | scanned=6 | long_tp_only
  [label] 2021-10-16 00:00 TRXUSDT entry=0.0998 → LONG | long=sl(-3.44%) short=sl(-3.44%) | scanned=13 | no_tp→fwd_return=+4.4402
  [label] 2022-01-14 16:00 TRXUSDT entry=0.0676 → LONG | long=tp(+5.95%) short=sl(-3.13%) | scanned=8 | long_tp_only
  [label] 2022-02-15 16:00 TRXUSDT entry=0.0668 → SHORT | long=sl(-2.70%) short=tp(+5.11%) | scanned=6 | short_tp_only
  [label] 2022-03-06 16:00 TRXUSDT entry=0.0588 → LONG | long=tp(+6.11%) short=sl(-3.21%) | scanned=7 | long_tp_only
  [label] 2022-03-19 16:00 TRXUSDT entry=0.0619 → LONG | long=sl(-1.94%) short=sl(-1.94%) | scanned=7 | no_tp→fwd_return=+1.9548
  [label] 2022-04-09 00:00 TRXUSDT entry=0.0635 → SHORT | long=sl(-3.36%) short=tp(+6.42%) | scanned=7 | short_tp_only
  [label] 2022-04-15 08:00 TRXUSDT entry=0.0617 → LONG | long=sl(-2.82%) short=sl(-2.82%) | scanned=13 | no_tp→fwd_return=+2.3516
  [label] 2022-04-27 16:00 TRXUSDT entry=0.0631 → LONG | long=tp(+6.56%) short=sl(-3.43%) | scanned=5 | long_tp_only
  [label] 2022-06-06 08:00 TRXUSDT entry=0.0827 → SHORT | long=sl(-4.17%) short=tp(+8.03%) | scanned=15 | short_tp_only
  [label] 2022-06-16 08:00 TRXUSDT entry=0.0601 → LONG | long=timeout(+3.73%) short=sl(-8.84%) | scanned=22 | no_tp→fwd_return=+3.8276
  [label] 2022-09-10 16:00 TRXUSDT entry=0.0647 → SHORT | long=sl(-1.84%) short=tp(+3.38%) | scanned=8 | short_tp_only
  Labels: 1169 long (53.7%), 1006 short (46.3%) | weights: min=1.00, mean=2.81, max=10.00
  Features: 2175/2175 matched, 13 columns
  CV gap: 22 rows
    [trial 0] 13 features, training_days=230 | threshold=0.779 | labels: 1169 long, 1006 short (54/46%)
    [CV fold 0] train_end=2021-01-23 00:00 | val_start=2021-01-30 16:00 | gap=184h (22 rows)
    [CV fold 1] train_end=2021-05-23 16:00 | val_start=2021-05-31 08:00 | gap=184h (22 rows)
    [CV fold 2] train_end=2021-09-21 08:00 | val_start=2021-09-29 00:00 | gap=184h (22 rows)
    [CV fold 3] train_end=2022-01-20 00:00 | val_start=2022-01-27 16:00 | gap=184h (22 rows)
    [CV fold 4] train_end=2022-05-25 16:00 | val_start=2022-06-02 08:00 | gap=184h (22 rows)
    [trial 0] Sharpe=-0.0430 (folds: -0.1209, -0.1262, 0.1960, -0.0851, -0.0788)
    [trial 1] 13 features, training_days=410 | threshold=0.693 | labels: 1169 long, 1006 short (54/46%)
    [trial 1] Sharpe=0.1199 (folds: -0.1107, 0.0930, 0.4766, 0.4177, -0.2769)
    [trial 2] 13 features, training_days=270 | threshold=0.546 | labels: 1169 long, 1006 short (54/46%)
    [trial 2] Sharpe=-0.0777 (folds: -0.1709, -0.0427, 0.0073, -0.0526, -0.1297)
    [trial 3] 13 features, training_days=270 | threshold=0.600 | labels: 1169 long, 1006 short (54/46%)
    [trial 3] Sharpe=-0.0551 (folds: -0.1700, -0.0087, 0.0989, -0.1160, -0.0797)
    [trial 4] 13 features, training_days=390 | threshold=0.764 | labels: 1169 long, 1006 short (54/46%)
    [trial 4] Sharpe=0.0185 (folds: -0.1303, -0.0294, 0.4036, 0.2561, -0.4073)
    [trial 5] 13 features, training_days=60 | threshold=0.603 | labels: 1169 long, 1006 short (54/46%)
    [trial 5] Sharpe=-0.0049 (folds: -0.0784, 0.1015, -0.0258, -0.1438, 0.1216)
    [trial 6] 13 features, training_days=290 | threshold=0.738 | labels: 1169 long, 1006 short (54/46%)
    [trial 6] Sharpe=0.0569 (folds: -0.1231, 0.0562, 0.4404, 0.0058, -0.0950)
    [trial 7] 13 features, training_days=70 | threshold=0.564 | labels: 1169 long, 1006 short (54/46%)
    [trial 7] Sharpe=-0.0425 (folds: -0.1247, 0.0740, -0.0200, -0.1632, 0.0213)
    [trial 8] 13 features, training_days=440 | threshold=0.653 | labels: 1169 long, 1006 short (54/46%)[I 2026-05-07 00:29:37,518] Trial 8 finished with value: -1.9959068507629887 and parameters: {'confidence_threshold': 0.6525471176758836, 'training_days': 440, 'n_estimators': 116, 'max_depth': 4, 'num_leaves': 115, 'learning_rate': 0.010229952960863938, 'subsample': 0.5062159465415076, 'min_child_samples': 54, 'reg_alpha': 6.790626457822126e-06, 'reg_lambda': 1.7869141074987722e-05}. Best is trial 1 with value: 0.11992063903444765.
[I 2026-05-07 00:29:37,621] Trial 9 finished with value: -4.018182973056125 and parameters: {'confidence_threshold': 0.7277571993354469, 'training_days': 360, 'n_estimators': 75, 'max_depth': 5, 'num_leaves': 41, 'learning_rate': 0.014186743931212992, 'subsample': 0.7445187273047605, 'min_child_samples': 22, 'reg_alpha': 0.02393227447113315, 'reg_lambda': 0.009236766173618426}. Best is trial 1 with value: 0.11992063903444765.
[I 2026-05-07 00:29:37,989] A new study created in memory with name: no-name-cde914d3-87c5-4c4a-a113-35c20ef9928c
[I 2026-05-07 00:29:38,244] Trial 0 finished with value: 0.0034038238087781792 and parameters: {'confidence_threshold': 0.7790993046299082, 'training_days': 230, 'n_estimators': 295, 'max_depth': 5, 'num_leaves': 83, 'learning_rate': 0.051543455158230854, 'subsample': 0.8773243492079463, 'min_child_samples': 10, 'reg_alpha': 0.034096514368237685, 'reg_lambda': 3.154180388637081e-05}. Best is trial 0 with value: 0.0034038238087781792.
[I 2026-05-07 00:29:38,397] Trial 1 finished with value: 0.10671930093632476 and parameters: {'confidence_threshold': 0.6929247853618086, 'training_days': 410, 'n_estimators': 233, 'max_depth': 5, 'num_leaves': 108, 'learning_rate': 0.013724237108071606, 'subsample': 0.7013182233636002, 'min_child_samples': 94, 'reg_alpha': 2.4040959529260723e-06, 'reg_lambda': 5.320966582161148}. Best is trial 1 with value: 0.10671930093632476.
[I 2026-05-07 00:29:38,468] Trial 2 finished with value: 0.002162718619365864 and parameters: {'confidence_threshold': 0.546341527225763, 'training_days': 270, 'n_estimators': 120, 'max_depth': 4, 'num_leaves': 53, 'learning_rate': 0.060197068579343475, 'subsample': 0.588227873455941, 'min_child_samples': 91, 'reg_alpha': 2.3457771824819002e-08, 'reg_lambda': 1.1358840775642732e-08}. Best is trial 1 with value: 0.10671930093632476.
[I 2026-05-07 00:29:38,632] Trial 3 finished with value: -0.057766133926613325 and parameters: {'confidence_threshold': 0.6000319676300473, 'training_days': 270, 'n_estimators': 382, 'max_depth': 4, 'num_leaves': 44, 'learning_rate': 0.09185046765032388, 'subsample': 0.6743651508646724, 'min_child_samples': 77, 'reg_alpha': 0.0013974578104212739, 'reg_lambda': 8.97190257982477e-08}. Best is trial 1 with value: 0.10671930093632476.
[I 2026-05-07 00:29:38,984] Trial 4 finished with value: 0.09936439662229668 and parameters: {'confidence_threshold': 0.7642618789055509, 'training_days': 390, 'n_estimators': 464, 'max_depth': 5, 'num_leaves': 30, 'learning_rate': 0.024562383309704932, 'subsample': 0.8612975035964376, 'min_child_samples': 36, 'reg_alpha': 1.593999300080167, 'reg_lambda': 0.006081270362829788}. Best is trial 1 with value: 0.10671930093632476.
[I 2026-05-07 00:29:39,121] Trial 5 finished with value: -0.06232589308383134 and parameters: {'confidence_threshold': 0.6029115860358569, 'training_days': 60, 'n_estimators': 441, 'max_depth': 3, 'num_leaves': 66, 'learning_rate': 0.044953114425778824, 'subsample': 0.7098948461279406, 'min_child_samples': 15, 'reg_alpha': 4.888753565548431e-07, 'reg_lambda': 4.198190642566389}. Best is trial 1 with value: 0.10671930093632476.
[I 2026-05-07 00:29:39,327] Trial 6 finished with value: 0.015263116022098597 and parameters: {'confidence_threshold': 0.7376932868314098, 'training_days': 290, 'n_estimators': 249, 'max_depth': 5, 'num_leaves': 121, 'learning_rate': 0.015565840632862623, 'subsample': 0.8390183783709677, 'min_child_samples': 19, 'reg_alpha': 1.860444687368747e-08, 'reg_lambda': 2.7391483548058117e-06}. Best is trial 1 with value: 0.10671930093632476.
[I 2026-05-07 00:29:39,367] Trial 7 finished with value: -0.08078610679859136 and parameters: {'confidence_threshold': 0.563503962036334, 'training_days': 70, 'n_estimators': 63, 'max_depth': 3, 'num_leaves': 47, 'learning_rate': 0.18074927623018475, 'subsample': 0.5059692991701257, 'min_child_samples': 9, 'reg_alpha': 3.6945804405602874e-08, 'reg_lambda': 0.027706035542028905}. Best is trial 1 with value: 0.10671930093632476.
[I 2026-05-07 00:29:39,460] Trial 8 finished with value: -0.02818080513151519 and parameters: {'confidence_threshold': 0.6525471176758836, 'training_days': 440, 'n_estimators': 116, 'max_depth': 4, 'num_leaves': 115, 'learning_rate': 0.010229952960863938, 'subsample': 0.5062159465415076, 'min_child_samples': 54, 'reg_alpha': 6.790626457822126e-06, 'reg_lambda': 1.7869141074987722e-05}. Best is trial 1 with value: 0.10671930093632476.
