[I 2026-05-07 00:31:02,298] Trial 9 finished with value: -5.968962647744198 and parameters: {'confidence_threshold': 0.7277571993354469, 'training_days': 360, 'n_estimators': 75, 'max_depth': 5, 'num_leaves': 41, 'learning_rate': 0.014186743931212992, 'subsample': 0.7445187273047605, 'min_child_samples': 22, 'reg_alpha': 0.02393227447113315, 'reg_lambda': 0.009236766173618426}. Best is trial 5 with value: 0.024920791437567296.
findfont: Font family 'Arial' not found.
findfont: Font family 'Arial' not found.
findfont: Font family 'Arial' not found.
findfont: Font family 'Arial' not found.
findfont: Font family 'Arial' not found.
findfont: Font family 'Arial' not found.
findfont: Font family 'Arial' not found.
findfont: Font family 'Arial' not found.
findfont: Font family 'Arial' not found.
findfont: Font family 'Arial' not found.
findfont: Font family 'Arial' not found.
findfont: Font family 'Arial' not found.
findfont: Font family 'Arial' not found.
findfont: Font family 'Arial' not found.
findfont: Font family 'Arial' not found.
findfont: Font family 'Arial' not found.
findfont: Font family 'Arial' not found.
findfont: Font family 'Arial' not found.
findfont: Font family 'Arial' not found.
findfont: Font family 'Arial' not found.
findfont: Font family 'Arial' not found.
findfont: Font family 'Arial' not found.
findfont: Font family 'Arial' not found.
findfont: Font family 'Arial' not found.
findfont: Font family 'Arial' not found.
findfont: Font family 'Arial' not found.
findfont: Font family 'Arial' not found.
findfont: Font family 'Arial' not found.
findfont: Font family 'Arial' not found.
findfont: Font family 'Arial' not found.
findfont: Font family 'Arial' not found.
findfont: Font family 'Arial' not found.
findfont: Font family 'Arial' not found.
findfont: Font family 'Arial' not found.
findfont: Font family 'Arial' not found.
findfont: Font family 'Arial' not found.
findfont: Font family 'Arial' not found.
findfont: Font family 'Arial' not found.
findfont: Font family 'Arial' not found.
findfont: Font family 'Arial' not found.
findfont: Font family 'Arial' not found.
findfont: Font family 'Arial' not found.
findfont: Font family 'Arial' not found.
findfont: Font family 'Arial' not found.
findfont: Font family 'Arial' not found.
findfont: Font family 'Arial' not found.
findfont: Font family 'Arial' not found.
findfont: Font family 'Arial' not found.
findfont: Font family 'Arial' not found.
findfont: Font family 'Arial' not found.
findfont: Font family 'Arial' not found.
findfont: Font family 'Arial' not found.
findfont: Font family 'Arial' not found.
findfont: Font family 'Arial' not found.
findfont: Font family 'Arial' not found.
findfont: Font family 'Arial' not found.
findfont: Font family 'Arial' not found.
findfont: Font family 'Arial' not found.
findfont: Font family 'Arial' not found.
findfont: Font family 'Arial' not found.
findfont: Font family 'Arial' not found.
findfont: Font family 'Arial' not found.
findfont: Font family 'Arial' not found.
findfont: Font family 'Arial' not found.
findfont: Font family 'Arial' not found.
findfont: Font family 'Arial' not found.
findfont: Font family 'Arial' not found.
findfont: Font family 'Arial' not found.
findfont: Font family 'Arial' not found.
findfont: Font family 'Arial' not found.
findfont: Font family 'Arial' not found.
findfont: Font family 'Arial' not found.
findfont: Font family 'Arial' not found.
findfont: Font family 'Arial' not found.
findfont: Font family 'Arial' not found.
findfont: Font family 'Arial' not found.
findfont: Font family 'Arial' not found.
findfont: Font family 'Arial' not found.
findfont: Font family 'Arial' not found.
findfont: Font family 'Arial' not found.
findfont: Font family 'Arial' not found.
findfont: Font family 'Arial' not found.
findfont: Font family 'Arial' not found.
findfont: Font family 'Arial' not found.
findfont: Font family 'Arial' not found.
findfont: Font family 'Arial' not found.
findfont: Font family 'Arial' not found.
findfont: Font family 'Arial' not found.
findfont: Font family 'Arial' not found.
findfont: Font family 'Arial' not found.
findfont: Font family 'Arial' not found.
findfont: Font family 'Arial' not found.
findfont: Font family 'Arial' not found.
findfont: Font family 'Arial' not found.
findfont: Font family 'Arial' not found.
findfont: Font family 'Arial' not found.
findfont: Font family 'Arial' not found.
findfont: Font family 'Arial' not found.
findfont: Font family 'Arial' not found.
findfont: Font family 'Arial' not found.
findfont: Font family 'Arial' not found.
findfont: Font family 'Arial' not found.
findfont: Font family 'Arial' not found.
findfont: Font family 'Arial' not found.
findfont: Font family 'Arial' not found.
findfont: Font family 'Arial' not found.
findfont: Font family 'Arial' not found.
findfont: Font family 'Arial' not found.
findfont: Font family 'Arial' not found.
findfont: Font family 'Arial' not found.
findfont: Font family 'Arial' not found.
findfont: Font family 'Arial' not found.
findfont: Font family 'Arial' not found.
findfont: Font family 'Arial' not found.
findfont: Font family 'Arial' not found.
findfont: Font family 'Arial' not found.
findfont: Font family 'Arial' not found.
findfont: Font family 'Arial' not found.
findfont: Font family 'Arial' not found.
findfont: Font family 'Arial' not found.
findfont: Font family 'Arial' not found.
findfont: Font family 'Arial' not found.
findfont: Font family 'Arial' not found.
findfont: Font family 'Arial' not found.
findfont: Font family 'Arial' not found.
findfont: Font family 'Arial' not found.
findfont: Font family 'Arial' not found.
findfont: Font family 'Arial' not found.
findfont: Font family 'Arial' not found.
findfont: Font family 'Arial' not found.
findfont: Font family 'Arial' not found.
findfont: Font family 'Arial' not found.
findfont: Font family 'Arial' not found.
findfont: Font family 'Arial' not found.
findfont: Font family 'Arial' not found.
findfont: Font family 'Arial' not found.
findfont: Font family 'Arial' not found.
findfont: Font family 'Arial' not found.
findfont: Font family 'Arial' not found.
findfont: Font family 'Arial' not found.
findfont: Font family 'Arial' not found.
findfont: Font family 'Arial' not found.
findfont: Font family 'Arial' not found.
findfont: Font family 'Arial' not found.
findfont: Font family 'Arial' not found.
findfont: Font family 'Arial' not found.
findfont: Font family 'Arial' not found.
findfont: Font family 'Arial' not found.
findfont: Font family 'Arial' not found.
findfont: Font family 'Arial' not found.
findfont: Font family 'Arial' not found.
findfont: Font family 'Arial' not found.
findfont: Font family 'Arial' not found.
findfont: Font family 'Arial' not found.
findfont: Font family 'Arial' not found.
findfont: Font family 'Arial' not found.
findfont: Font family 'Arial' not found.
findfont: Font family 'Arial' not found.
findfont: Font family 'Arial' not found.
findfont: Font family 'Arial' not found.
findfont: Font family 'Arial' not found.
findfont: Font family 'Arial' not found.
findfont: Font family 'Arial' not found.
findfont: Font family 'Arial' not found.
findfont: Font family 'Arial' not found.
findfont: Font family 'Arial' not found.
findfont: Font family 'Arial' not found.
findfont: Font family 'Arial' not found.
findfont: Font family 'Arial' not found.
findfont: Font family 'Arial' not found.
findfont: Font family 'Arial' not found.
findfont: Font family 'Arial' not found.
findfont: Font family 'Arial' not found.
findfont: Font family 'Arial' not found.

    [CV fold 4] train_end=2025-12-22 16:00 | val_start=2025-12-30 08:00 | gap=184h (22 rows)
    [trial 0] Sharpe=-0.0050 (folds: -0.0151, 0.0558, -0.0200, -0.1012, 0.0554)
    [trial 1] 13 features, training_days=410 | threshold=0.693 | labels: 1253 long, 937 short (57/43%)
    [trial 1] Sharpe=-0.1095 (folds: -0.0165, 0.0975, -0.0424, -0.2085, -0.3776)
    [trial 2] 13 features, training_days=270 | threshold=0.546 | labels: 1253 long, 937 short (57/43%)
    [trial 2] Sharpe=-0.1143 (folds: -0.1402, 0.0295, -0.2489, -0.1373, -0.0749)
    [trial 3] 13 features, training_days=270 | threshold=0.600 | labels: 1253 long, 937 short (57/43%)
    [trial 3] Sharpe=-0.0823 (folds: -0.1406, 0.0262, -0.2036, -0.1584, 0.0650)
    [trial 4] 13 features, training_days=390 | threshold=0.764 | labels: 1253 long, 937 short (57/43%)
    [trial 4] Sharpe=-0.0005 (folds: -0.1030, 0.0704, 0.0574, -0.0928, 0.0655)
    [trial 5] 13 features, training_days=60 | threshold=0.603 | labels: 1253 long, 937 short (57/43%)
    [trial 5] Sharpe=0.0249 (folds: 0.0029, 0.1424, 0.3185, -0.1120, -0.2272)
    [trial 6] 13 features, training_days=290 | threshold=0.738 | labels: 1253 long, 937 short (57/43%)
    [trial 6] Sharpe=-0.0942 (folds: 0.0111, 0.0713, -0.4833, -0.1497, 0.0797)
    [trial 7] 13 features, training_days=70 | threshold=0.564 | labels: 1253 long, 937 short (57/43%)
    [trial 7] Sharpe=-0.0281 (folds: -0.0465, 0.1170, 0.2106, -0.1635, -0.2580)
    [trial 8] 13 features, training_days=440 | threshold=0.653 | labels: 1253 long, 937 short (57/43%)
    [trial 8] Sharpe=-4.0315 (folds: -0.0499, 0.1848, -10.0000, -0.2923, -10.0000)
    [trial 9] 13 features, training_days=360 | threshold=0.728 | labels: 1253 long, 937 short (57/43%)
    [trial 9] Sharpe=-5.9690 (folds: 0.0056, 0.1496, -10.0000, -10.0000, -10.0000)
  Optuna: 10 trials, best Sharpe = 0.0249
  Best params: n_estimators=441, max_depth=3, lr=0.0450, leaves=66
  Best confidence_threshold: 0.603
  Best training_days: 60
  Retrained on full data (180 samples, 13 features)
  Model trained for 2026-05: 17 test candles with features, confidence_threshold=0.603
[trade:close] 2026-05-02 15:59 TRXUSDT LONG → take_profit @ 0.33 | PnL=+1.91% (net +1.81%) | cum=-8.83% 2026-05=+1.81% 2026-05-02=+1.81%
[predict] 2026-05-04 00:00 TRXUSDT → LONG (proba=0.76 TP=1.9%/SL=1.0%)
[trade:open] 2026-05-04 07:59 TRXUSDT LONG @ 0.34 | SL=0.34 TP=0.35 | timeout=2026-05-11 07:59
[trade:close] 2026-05-04 15:59 TRXUSDT LONG → stop_loss @ 0.34 | PnL=-0.96% (net -1.06%) | cum=-9.89% 2026-05=+0.75% 2026-05-04=-1.06%
[predict] 2026-05-06 00:00 TRXUSDT → LONG (proba=0.99 TP=2.0%/SL=1.0%)
[trade:open] 2026-05-06 07:59 TRXUSDT LONG @ 0.34 | SL=0.34 TP=0.35 | timeout=2026-05-13 07:59
[trade:close] 2026-05-06 15:59 TRXUSDT LONG → end_of_data @ 0.34 | PnL=+0.61% (net +0.51%) | cum=-9.38% 2026-05=+1.26% 2026-05-06=+0.51%
D (TRXUSDT): 100 trades in 104s (seed=42)
  gate stats: {'TRXUSDT': {'signals_seen': 2770, 'killed_by_zscore': 928, 'killed_by_hurst': 106, 'killed_by_adx': 940, 'killed_by_low_vol': 246, 'kill_rate': 0.8014440433212996, 'vol_scaled_signals': 550, 'mean_vol_scale': 0.7550114207400633}}
[btc trend filter seed 42] killed=29/213 fire_rate=13.62%
[seed 42] 213 trades — IS monthly=+0.6593, OOS monthly=+0.8661, OOS MaxDD=25.1458

[split] 153 IS trades, 60 OOS trades

[CPCV] Computing per-cell CSCV PBO (iter-v3/004 per-cell pathway)...
  [CPCV] IS candle sequence: 14137 candles across 3 symbols
  [CPCV] cpcv_paths.csv: 45 paths (return proxy, S=1 — for schema)
  [per-cell PBO] Loading reports-v3/iteration_v3-014/trial_oof_returns.parquet ...
  [per-cell PBO] Raw=2313250, after dedup=2313250
  [per-cell PBO] IS-only rows: 2053600
  [per-cell PBO] Iterating over 127 (sym, month) cells ...
  [per-cell PBO]   25/127 cells processed
  [per-cell PBO]   50/127 cells processed
  [per-cell PBO]   75/127 cells processed
  [per-cell PBO]   100/127 cells processed
  [per-cell PBO]   125/127 cells processed
  [per-cell PBO] Completed 127 cells
  [per-cell PBO] Wrote reports-v3/iteration_v3-014/per_cell_pbo.csv (127 rows)
  [per-cell PBO] Informative cells (rank>1): 127/127
  [per-cell PBO] Aggregated mean PBO=0.1075, median PBO=0.0000 (|delta|=0.1075)
  CPCV: 45 paths (return proxy for cpcv_paths.csv)
  Per-cell mean PBO: 0.10751023622047243
  PBO result: Per-cell mean PBO=0.1075 (iter-v3/004 cross-cell mean). frac_positive_paths=0.644 from 45 return-proxy paths.
[n_eff] Per-cell median n_eff=7 from 127 informative cells (rank>1) — iter-v3/004 sub-fix #2

[metrics] IS monthly Sharpe=+0.6593, OOS monthly Sharpe=+0.8661
[metrics] DSR=0.0000, PSR=1.0000
[metrics] PBO=0.1075, frac_positive_paths=0.644
[metrics] n_trials=30, n_eff=7
[report] Splitting 213 trades: 153 IS, 60 OOS
[report] Generating in-sample reports (153 trades)...
[report] Generating out-of-sample reports (60 trades)...
[report] comparison.csv written
[report] IS:  Sharpe=0.6306  DSR=-43.704  Trades=153  WR=39.9%  PF=1.2924  MaxDD=21.88%
[report] OOS: Sharpe=0.7618  DSR=-19.580  Trades=60  WR=41.7%  PF=1.3122  MaxDD=25.15%
[report] OOS/IS Sharpe ratio: 1.2082
[v3 report] comparison.csv: IS monthly Sharpe=+0.6593, OOS monthly Sharpe=+0.8661, DSR=0.0000, PBO=0.1075, PSR=1.0000
[v3 report] cpcv_paths.csv: 45 paths
  [ADF] 2041 rows; expected ∈ [1209, 2457] (3 syms × 13 feats × [31, 63] months)
  [ADF] Months per symbol: {'BCHUSDT': 63, 'LDOUSDT': 31, 'TRXUSDT': 63}
  [ADF] WARNING: LDOUSDT/cusum_reset_count_200 not found in ADF output
[v3 report] adf_test.csv: 2041 rows (per sym×feat×month)
[v3 report] ic_matrix.csv: (13, 13)
[v3 report] dsr.json: DSR=0.0000, PBO=0.10751023622047243, frac_pos_paths=0.644, PSR=1.0000, n_eff=7

[DONE] Reports: reports-v3/iteration_v3-014  (wall-clock: 0.10h)
  IS monthly Sharpe:  +0.6593
  OOS monthly Sharpe: +0.8661
  DSR=0.0000  PBO=0.1075  PSR=1.0000
  n_eff=7  ADF rows=2041
