[I 2026-05-07 00:27:08,795] Trial 1 finished with value: 0.06349999068690389 and parameters: {'confidence_threshold': 0.6929247853618086, 'training_days': 410, 'n_estimators': 233, 'max_depth': 5, 'num_leaves': 108, 'learning_rate': 0.013724237108071606, 'subsample': 0.7013182233636002, 'min_child_samples': 94, 'reg_alpha': 2.4040959529260723e-06, 'reg_lambda': 5.320966582161148}. Best is trial 1 with value: 0.06349999068690389.
[I 2026-05-07 00:27:08,857] Trial 2 finished with value: 0.011807311815896799 and parameters: {'confidence_threshold': 0.546341527225763, 'training_days': 270, 'n_estimators': 120, 'max_depth': 4, 'num_leaves': 53, 'learning_rate': 0.060197068579343475, 'subsample': 0.588227873455941, 'min_child_samples': 91, 'reg_alpha': 2.3457771824819002e-08, 'reg_lambda': 1.1358840775642732e-08}. Best is trial 1 with value: 0.06349999068690389.
[I 2026-05-07 00:27:09,015] Trial 3 finished with value: 0.000802127531692685 and parameters: {'confidence_threshold': 0.6000319676300473, 'training_days': 270, 'n_estimators': 382, 'max_depth': 4, 'num_leaves': 44, 'learning_rate': 0.09185046765032388, 'subsample': 0.6743651508646724, 'min_child_samples': 77, 'reg_alpha': 0.0013974578104212739, 'reg_lambda': 8.97190257982477e-08}. Best is trial 1 with value: 0.06349999068690389.
[I 2026-05-07 00:27:09,343] Trial 4 finished with value: -0.018482895262455275 and parameters: {'confidence_threshold': 0.7642618789055509, 'training_days': 390, 'n_estimators': 464, 'max_depth': 5, 'num_leaves': 30, 'learning_rate': 0.024562383309704932, 'subsample': 0.8612975035964376, 'min_child_samples': 36, 'reg_alpha': 1.593999300080167, 'reg_lambda': 0.006081270362829788}. Best is trial 1 with value: 0.06349999068690389.
[I 2026-05-07 00:27:09,476] Trial 5 finished with value: -0.0316281379385122 and parameters: {'confidence_threshold': 0.6029115860358569, 'training_days': 60, 'n_estimators': 441, 'max_depth': 3, 'num_leaves': 66, 'learning_rate': 0.044953114425778824, 'subsample': 0.7098948461279406, 'min_child_samples': 15, 'reg_alpha': 4.888753565548431e-07, 'reg_lambda': 4.198190642566389}. Best is trial 1 with value: 0.06349999068690389.
[I 2026-05-07 00:27:09,681] Trial 6 finished with value: -0.02437800888869867 and parameters: {'confidence_threshold': 0.7376932868314098, 'training_days': 290, 'n_estimators': 249, 'max_depth': 5, 'num_leaves': 121, 'learning_rate': 0.015565840632862623, 'subsample': 0.8390183783709677, 'min_child_samples': 19, 'reg_alpha': 1.860444687368747e-08, 'reg_lambda': 2.7391483548058117e-06}. Best is trial 1 with value: 0.06349999068690389.
[I 2026-05-07 00:27:09,714] Trial 7 finished with value: 0.01079650813726444 and parameters: {'confidence_threshold': 0.563503962036334, 'training_days': 70, 'n_estimators': 63, 'max_depth': 3, 'num_leaves': 47, 'learning_rate': 0.18074927623018475, 'subsample': 0.5059692991701257, 'min_child_samples': 9, 'reg_alpha': 3.6945804405602874e-08, 'reg_lambda': 0.027706035542028905}. Best is trial 1 with value: 0.06349999068690389.
[I 2026-05-07 00:27:09,786] Trial 8 finished with value: -0.03687758147949819 and parameters: {'confidence_threshold': 0.6525471176758836, 'training_days': 440, 'n_estimators': 116, 'max_depth': 4, 'num_leaves': 115, 'learning_rate': 0.010229952960863938, 'subsample': 0.5062159465415076, 'min_child_samples': 54, 'reg_alpha': 6.790626457822126e-06, 'reg_lambda': 1.7869141074987722e-05}. Best is trial 1 with value: 0.06349999068690389.
[I 2026-05-07 00:27:09,880] Trial 9 finished with value: 0.01901430570520172 and parameters: {'confidence_threshold': 0.7277571993354469, 'training_days': 360, 'n_estimators': 75, 'max_depth': 5, 'num_leaves': 41, 'learning_rate': 0.014186743931212992, 'subsample': 0.7445187273047605, 'min_child_samples': 22, 'reg_alpha': 0.02393227447113315, 'reg_lambda': 0.009236766173618426}. Best is trial 1 with value: 0.06349999068690389.
[I 2026-05-07 00:27:10,053] A new study created in memory with name: no-name-23c4dcdf-32fa-4738-bc30-7bf9a4b7e1c1
[I 2026-05-07 00:27:10,310] Trial 0 finished with value: -0.05925405304516396 and parameters: {'confidence_threshold': 0.7790993046299082, 'training_days': 230, 'n_estimators': 295, 'max_depth': 5, 'num_leaves': 83, 'learning_rate': 0.051543455158230854, 'subsample': 0.8773243492079463, 'min_child_samples': 10, 'reg_alpha': 0.034096514368237685, 'reg_lambda': 3.154180388637081e-05}. Best is trial 0 with value: -0.05925405304516396.
[I 2026-05-07 00:27:10,436] Trial 1 finished with value: -0.10457734810755477 and parameters: {'confidence_threshold': 0.6929247853618086, 'training_days': 410, 'n_estimators': 233, 'max_depth': 5, 'num_leaves': 108, 'learning_rate': 0.013724237108071606, 'subsample': 0.7013182233636002, 'min_child_samples': 94, 'reg_alpha': 2.4040959529260723e-06, 'reg_lambda': 5.320966582161148}. Best is trial 0 with value: -0.05925405304516396.
[I 2026-05-07 00:27:10,495] Trial 2 finished with value: -0.03764406303921296 and parameters: {'confidence_threshold': 0.546341527225763, 'training_days': 270, 'n_estimators': 120, 'max_depth': 4, 'num_leaves': 53, 'learning_rate': 0.060197068579343475, 'subsample': 0.588227873455941, 'min_child_samples': 91, 'reg_alpha': 2.3457771824819002e-08, 'reg_lambda': 1.1358840775642732e-08}. Best is trial 2 with value: -0.03764406303921296.
[I 2026-05-07 00:27:10,654] Trial 3 finished with value: -0.09905856018012135 and parameters: {'confidence_threshold': 0.6000319676300473, 'training_days': 270, 'n_estimators': 382, 'max_depth': 4, 'num_leaves': 44, 'learning_rate': 0.09185046765032388, 'subsample': 0.6743651508646724, 'min_child_samples': 77, 'reg_alpha': 0.0013974578104212739, 'reg_lambda': 8.97190257982477e-08}. Best is trial 2 with value: -0.03764406303921296.
[I 2026-05-07 00:27:10,988] Trial 4 finished with value: -0.10236330065070424 and parameters: {'confidence_threshold': 0.7642618789055509, 'training_days': 390, 'n_estimators': 464, 'max_depth': 5, 'num_leaves': 30, 'learning_rate': 0.024562383309704932, 'subsample': 0.8612975035964376, 'min_child_samples': 36, 'reg_alpha': 1.593999300080167, 'reg_lambda': 0.006081270362829788}. Best is trial 2 with value: -0.03764406303921296.
[I 2026-05-07 00:27:11,142] Trial 5 finished with value: -0.012607701253127702 and parameters: {'confidence_threshold': 0.6029115860358569, 'training_days': 60, 'n_estimators': 441, 'max_depth': 3, 'num_leaves': 66, 'learning_rate': 0.044953114425778824, 'subsample': 0.7098948461279406, 'min_child_samples': 15, 'reg_alpha': 4.888753565548431e-07, 'reg_lambda': 4.198190642566389}. Best is trial 5 with value: -0.012607701253127702.
[I 2026-05-07 00:27:11,362] Trial 6 finished with value: -0.05359045982601929 and parameters: {'confidence_threshold': 0.7376932868314098, 'training_days': 290, 'n_estimators': 249, 'max_depth': 5, 'num_leaves': 121, 'learning_rate': 0.015565840632862623, 'subsample': 0.8390183783709677, 'min_child_samples': 19, 'reg_alpha': 1.860444687368747e-08, 'reg_lambda': 2.7391483548058117e-06}. Best is trial 5 with value: -0.012607701253127702.
[I 2026-05-07 00:27:11,397] Trial 7 finished with value: 0.020168019447687098 and parameters: {'confidence_threshold': 0.563503962036334, 'training_days': 70, 'n_estimators': 63, 'max_depth': 3, 'num_leaves': 47, 'learning_rate': 0.18074927623018475, 'subsample': 0.5059692991701257, 'min_child_samples': 9, 'reg_alpha': 3.6945804405602874e-08, 'reg_lambda': 0.027706035542028905}. Best is trial 7 with value: 0.020168019447687098.
[I 2026-05-07 00:27:11,477] Trial 8 finished with value: 0.04421073757908465 and parameters: {'confidence_threshold': 0.6525471176758836, 'training_days': 440, 'n_estimators': 116, 'max_depth': 4, 'num_leaves': 115, 'learning_rate': 0.010229952960863938, 'subsample': 0.5062159465415076, 'min_child_samples': 54, 'reg_alpha': 6.790626457822126e-06, 'reg_lambda': 1.7869141074987722e-05}. Best is trial 8 with value: 0.04421073757908465.

  [label] 2022-03-11 08:00 BCHUSDT entry=288.0500 → LONG | long=timeout(+3.78%) short=sl(-4.21%) | scanned=22 | no_tp→fwd_return=+3.8847
  Labels: 1148 long (52.4%), 1042 short (47.6%) | weights: min=1.01, mean=2.36, max=10.00
  Features: 2190/2190 matched, 13 columns
  CV gap: 22 rows
    [trial 0] 13 features, training_days=230 | threshold=0.779 | labels: 1148 long, 1042 short (52/48%)
    [CV fold 0] train_end=2020-07-24 00:00 | val_start=2020-07-31 16:00 | gap=184h (22 rows)
    [CV fold 1] train_end=2020-11-22 16:00 | val_start=2020-11-30 08:00 | gap=184h (22 rows)
    [CV fold 2] train_end=2021-03-24 08:00 | val_start=2021-04-01 00:00 | gap=184h (22 rows)
    [CV fold 3] train_end=2021-07-24 00:00 | val_start=2021-07-31 16:00 | gap=184h (22 rows)
    [CV fold 4] train_end=2021-11-22 16:00 | val_start=2021-11-30 08:00 | gap=184h (22 rows)
    [trial 0] Sharpe=-0.0375 (folds: 0.0973, 0.1747, -0.1911, -0.1343, -0.1343)
    [trial 1] 13 features, training_days=410 | threshold=0.693 | labels: 1148 long, 1042 short (52/48%)
    [trial 1] Sharpe=0.0635 (folds: 0.0737, 0.7654, -0.1778, -0.2350, -0.1088)
    [trial 2] 13 features, training_days=270 | threshold=0.546 | labels: 1148 long, 1042 short (52/48%)
    [trial 2] Sharpe=0.0118 (folds: 0.0130, 0.2743, -0.1898, -0.1106, 0.0722)
    [trial 3] 13 features, training_days=270 | threshold=0.600 | labels: 1148 long, 1042 short (52/48%)
    [trial 3] Sharpe=0.0008 (folds: 0.0666, 0.2233, -0.1584, -0.1162, -0.0113)
    [trial 4] 13 features, training_days=390 | threshold=0.764 | labels: 1148 long, 1042 short (52/48%)
    [trial 4] Sharpe=-0.0185 (folds: 0.0950, 0.2262, -0.1997, -0.0087, -0.2051)
    [trial 5] 13 features, training_days=60 | threshold=0.603 | labels: 1148 long, 1042 short (52/48%)
    [trial 5] Sharpe=-0.0316 (folds: 0.0112, 0.0828, -0.0132, 0.0108, -0.2498)
    [trial 6] 13 features, training_days=290 | threshold=0.738 | labels: 1148 long, 1042 short (52/48%)
    [trial 6] Sharpe=-0.0244 (folds: 0.0300, 0.2257, -0.1567, -0.2247, 0.0038)
    [trial 7] 13 features, training_days=70 | threshold=0.564 | labels: 1148 long, 1042 short (52/48%)
    [trial 7] Sharpe=0.0108 (folds: 0.0206, 0.0523, 0.0736, -0.0548, -0.0378)
    [trial 8] 13 features, training_days=440 | threshold=0.653 | labels: 1148 long, 1042 short (52/48%)
    [trial 8] Sharpe=-0.0369 (folds: 0.0582, 0.3634, -0.2669, -0.2736, -0.0655)
    [trial 9] 13 features, training_days=360 | threshold=0.728 | labels: 1148 long, 1042 short (52/48%)
    [trial 9] Sharpe=0.0190 (folds: 0.0638, 0.4800, -0.3234, -0.0816, -0.0438)
  Optuna: 10 trials, best Sharpe = 0.0635
  Best params: n_estimators=233, max_depth=5, lr=0.0137, leaves=108
  Best confidence_threshold: 0.693
  Best training_days: 410
  Retrained on full data (1230 samples, 13 features)
  Model trained for 2022-04: 90 test candles with features, confidence_threshold=0.693
[lgbm] === Training for 2022-05 ===
  Train window: 2020-05-01 → 2022-05-01
  2190 training samples from 1 symbols
  Samples per month: 2020-05: 93, 2020-06: 90, 2020-07: 93, 2020-08: 93, 2020-09: 90, 2020-10: 93, 2020-11: 90, 2020-12: 93, 2021-01: 93, 2021-02: 84, 2021-03: 93, 2021-04: 90, 2021-05: 93, 2021-06: 90, 2021-07: 93, 2021-08: 93, 2021-09: 90, 2021-10: 93, 2021-11: 90, 2021-12: 93, 2022-01: 93, 2022-02: 84, 2022-03: 93, 2022-04: 90
  [label] 2020-07-02 08:00 BCHUSDT entry=219.8100 → LONG | long=tp(+4.72%) short=sl(-2.51%) | scanned=12 | long_tp_only
  [label] 2020-07-04 08:00 BCHUSDT entry=221.1400 → LONG | long=sl(-2.31%) short=sl(-2.31%) | scanned=4 | no_tp→fwd_return=+0.5246
  [label] 2020-07-08 08:00 BCHUSDT entry=244.1100 → SHORT | long=sl(-2.46%) short=tp(+4.62%) | scanned=5 | short_tp_only
  [label] 2020-08-02 08:00 BCHUSDT entry=283.2200 → LONG | long=tp(+10.03%) short=sl(-5.16%) | scanned=12 | long_tp_only
  [label] 2020-09-24 08:00 BCHUSDT entry=215.6800 → LONG | long=tp(+6.60%) short=sl(-3.45%) | scanned=10 | long_tp_only
  [label] 2021-03-10 16:00 BCHUSDT entry=547.3700 → LONG | long=sl(-5.29%) short=sl(-5.29%) | scanned=8 | no_tp→fwd_return=+8.6011
  [label] 2021-03-15 00:00 BCHUSDT entry=533.2600 → SHORT | long=sl(-5.61%) short=timeout(+1.93%) | scanned=22 | no_tp→fwd_return=-2.0290
  [label] 2021-03-25 16:00 BCHUSDT entry=473.1000 → LONG | long=tp(+10.11%) short=sl(-5.21%) | scanned=11 | long_tp_only
  [label] 2021-05-10 00:00 BCHUSDT entry=1495.0500 → SHORT | long=sl(-7.12%) short=tp(+13.94%) | scanned=2 | short_tp_only
  [label] 2021-05-18 16:00 BCHUSDT entry=1089.2300 → SHORT | long=sl(-10.44%) short=tp(+20.57%) | scanned=2 | short_tp_only
  [label] 2021-08-18 00:00 BCHUSDT entry=637.2000 → LONG | long=tp(+7.84%) short=sl(-4.07%) | scanned=8 | long_tp_only
  [label] 2021-09-19 00:00 BCHUSDT entry=637.2400 → SHORT | long=sl(-3.63%) short=tp(+6.96%) | scanned=3 | short_tp_only
  [label] 2021-10-05 08:00 BCHUSDT entry=569.6100 → LONG | long=tp(+6.91%) short=sl(-3.61%) | scanned=3 | long_tp_only
  [label] 2021-10-18 08:00 BCHUSDT entry=608.3900 → LONG | long=tp(+6.70%) short=sl(-3.50%) | scanned=8 | long_tp_only
  [label] 2021-11-06 00:00 BCHUSDT entry=593.3100 → LONG | long=sl(-3.18%) short=sl(-3.18%) | scanned=6 | no_tp→fwd_return=+3.2681
  [label] 2021-11-12 08:00 BCHUSDT entry=652.0400 → SHORT | long=sl(-3.56%) short=sl(-3.56%) | scanned=11 | no_tp→fwd_return=-4.5626
  [label] 2021-11-24 16:00 BCHUSDT entry=618.9700 → SHORT | long=sl(-3.55%) short=tp(+6.79%) | scanned=5 | short_tp_only
  [label] 2022-01-03 16:00 BCHUSDT entry=434.7900 → SHORT | long=sl(-2.66%) short=tp(+5.01%) | scanned=6 | short_tp_only
  [label] 2022-01-13 16:00 BCHUSDT entry=377.2100 → SHORT | long=sl(-3.25%) short=sl(-3.25%) | scanned=21 | no_tp→fwd_return=-5.3021
  [label] 2022-04-10 08:00 BCHUSDT entry=326.8200 → SHORT | long=sl(-3.45%) short=tp(+6.61%) | scanned=3 | short_tp_only
  Labels: 1096 long (50.0%), 1094 short (50.0%) | weights: min=1.01, mean=2.36, max=10.00
  Features: 2190/2190 matched, 13 columns
  CV gap: 22 rows
    [trial 0] 13 features, training_days=230 | threshold=0.779 | labels: 1096 long, 1094 short (50/50%)
    [CV fold 0] train_end=2020-08-23 00:00 | val_start=2020-08-30 16:00 | gap=184h (22 rows)
    [CV fold 1] train_end=2020-12-22 16:00 | val_start=2020-12-30 08:00 | gap=184h (22 rows)
    [CV fold 2] train_end=2021-04-23 08:00 | val_start=2021-05-01 00:00 | gap=184h (22 rows)
    [CV fold 3] train_end=2021-08-23 00:00 | val_start=2021-08-30 16:00 | gap=184h (22 rows)
    [CV fold 4] train_end=2021-12-22 16:00 | val_start=2021-12-30 08:00 | gap=184h (22 rows)
    [trial 0] Sharpe=-0.0593 (folds: 0.1395, 0.1673, -0.2797, -0.1552, -0.1682)
    [trial 1] 13 features, training_days=410 | threshold=0.693 | labels: 1096 long, 1094 short (50/50%)
    [trial 1] Sharpe=-0.1046 (folds: 0.0302, 0.3072, -0.3810, -0.2537, -0.2256)
    [trial 2] 13 features, training_days=270 | threshold=0.546 | labels: 1096 long, 1094 short (50/50%)
    [trial 2] Sharpe=-0.0376 (folds: 0.2045, 0.0564, -0.3215, -0.0817, -0.0460)
    [trial 3] 13 features, training_days=270 | threshold=0.600 | labels: 1096 long, 1094 short (50/50%)
    [trial 3] Sharpe=-0.0991 (folds: 0.1509, -0.0052, -0.3030, -0.0921, -0.2459)
    [trial 4] 13 features, training_days=390 | threshold=0.764 | labels: 1096 long, 1094 short (50/50%)
    [trial 4] Sharpe=-0.1024 (folds: 0.0941, 0.0637, -0.3686, 0.0423, -0.3433)
    [trial 5] 13 features, training_days=60 | threshold=0.603 | labels: 1096 long, 1094 short (50/50%)
    [trial 5] Sharpe=-0.0126 (folds: 0.0472, 0.1149, -0.3089, 0.0361, 0.0477)
    [trial 6] 13 features, training_days=290 | threshold=0.738 | labels: 1096 long, 1094 short (50/50%)
    [trial 6] Sharpe=-0.0536 (folds: 0.1489, 0.3790, -0.2617, -0.2737, -0.2604)
    [trial 7] 13 features, training_days=70 | threshold=0.564 | labels: 1096 long, 1094 short (50/50%)
    [trial 7] Sharpe=0.0202 (folds: 0.0406, 0.0955, -0.2065, 0.0608, 0.1104)
    [trial 8] 13 features, training_days=440 | threshold=0.653 | labels: 1096 long, 1094 short (50/50%)
    [trial 8] Sharpe=0.0442 (folds: 0.2064, 0.4389, -0.3281, 0.0219, -0.1181)
    [trial 9] 13 features, training_days=360 | threshold=0.728 | labels: 1096 long, 1094 short (50/50%)[I 2026-05-07 00:27:11,565] Trial 9 finished with value: -0.08596450611717893 and parameters: {'confidence_threshold': 0.7277571993354469, 'training_days': 360, 'n_estimators': 75, 'max_depth': 5, 'num_leaves': 41, 'learning_rate': 0.014186743931212992, 'subsample': 0.7445187273047605, 'min_child_samples': 22, 'reg_alpha': 0.02393227447113315, 'reg_lambda': 0.009236766173618426}. Best is trial 8 with value: 0.04421073757908465.
[I 2026-05-07 00:27:11,726] A new study created in memory with name: no-name-1853d6c8-46d9-4bf6-bb0b-5613dd29dd8c
[I 2026-05-07 00:27:11,980] Trial 0 finished with value: -0.14812980287763805 and parameters: {'confidence_threshold': 0.7790993046299082, 'training_days': 230, 'n_estimators': 295, 'max_depth': 5, 'num_leaves': 83, 'learning_rate': 0.051543455158230854, 'subsample': 0.8773243492079463, 'min_child_samples': 10, 'reg_alpha': 0.034096514368237685, 'reg_lambda': 3.154180388637081e-05}. Best is trial 0 with value: -0.14812980287763805.
[I 2026-05-07 00:27:12,105] Trial 1 finished with value: -0.08801097647688617 and parameters: {'confidence_threshold': 0.6929247853618086, 'training_days': 410, 'n_estimators': 233, 'max_depth': 5, 'num_leaves': 108, 'learning_rate': 0.013724237108071606, 'subsample': 0.7013182233636002, 'min_child_samples': 94, 'reg_alpha': 2.4040959529260723e-06, 'reg_lambda': 5.320966582161148}. Best is trial 1 with value: -0.08801097647688617.
[I 2026-05-07 00:27:12,166] Trial 2 finished with value: -0.0730306193781494 and parameters: {'confidence_threshold': 0.546341527225763, 'training_days': 270, 'n_estimators': 120, 'max_depth': 4, 'num_leaves': 53, 'learning_rate': 0.060197068579343475, 'subsample': 0.588227873455941, 'min_child_samples': 91, 'reg_alpha': 2.3457771824819002e-08, 'reg_lambda': 1.1358840775642732e-08}. Best is trial 2 with value: -0.0730306193781494.
[I 2026-05-07 00:27:12,331] Trial 3 finished with value: -0.05873841434849665 and parameters: {'confidence_threshold': 0.6000319676300473, 'training_days': 270, 'n_estimators': 382, 'max_depth': 4, 'num_leaves': 44, 'learning_rate': 0.09185046765032388, 'subsample': 0.6743651508646724, 'min_child_samples': 77, 'reg_alpha': 0.0013974578104212739, 'reg_lambda': 8.97190257982477e-08}. Best is trial 3 with value: -0.05873841434849665.
[I 2026-05-07 00:27:12,653] Trial 4 finished with value: -0.035055403821032324 and parameters: {'confidence_threshold': 0.7642618789055509, 'training_days': 390, 'n_estimators': 464, 'max_depth': 5, 'num_leaves': 30, 'learning_rate': 0.024562383309704932, 'subsample': 0.8612975035964376, 'min_child_samples': 36, 'reg_alpha': 1.593999300080167, 'reg_lambda': 0.006081270362829788}. Best is trial 4 with value: -0.035055403821032324.
[I 2026-05-07 00:27:12,784] Trial 5 finished with value: 0.01401955807510171 and parameters: {'confidence_threshold': 0.6029115860358569, 'training_days': 60, 'n_estimators': 441, 'max_depth': 3, 'num_leaves': 66, 'learning_rate': 0.044953114425778824, 'subsample': 0.7098948461279406, 'min_child_samples': 15, 'reg_alpha': 4.888753565548431e-07, 'reg_lambda': 4.198190642566389}. Best is trial 5 with value: 0.01401955807510171.
[I 2026-05-07 00:27:13,019] Trial 6 finished with value: -0.04853101524227356 and parameters: {'confidence_threshold': 0.7376932868314098, 'training_days': 290, 'n_estimators': 249, 'max_depth': 5, 'num_leaves': 121, 'learning_rate': 0.015565840632862623, 'subsample': 0.8390183783709677, 'min_child_samples': 19, 'reg_alpha': 1.860444687368747e-08, 'reg_lambda': 2.7391483548058117e-06}. Best is trial 5 with value: 0.01401955807510171.
[I 2026-05-07 00:27:13,058] Trial 7 finished with value: -0.030171625285473052 and parameters: {'confidence_threshold': 0.563503962036334, 'training_days': 70, 'n_estimators': 63, 'max_depth': 3, 'num_leaves': 47, 'learning_rate': 0.18074927623018475, 'subsample': 0.5059692991701257, 'min_child_samples': 9, 'reg_alpha': 3.6945804405602874e-08, 'reg_lambda': 0.027706035542028905}. Best is trial 5 with value: 0.01401955807510171.
[I 2026-05-07 00:27:13,139] Trial 8 finished with value: -0.10281525241529461 and parameters: {'confidence_threshold': 0.6525471176758836, 'training_days': 440, 'n_estimators': 116, 'max_depth': 4, 'num_leaves': 115, 'learning_rate': 0.010229952960863938, 'subsample': 0.5062159465415076, 'min_child_samples': 54, 'reg_alpha': 6.790626457822126e-06, 'reg_lambda': 1.7869141074987722e-05}. Best is trial 5 with value: 0.01401955807510171.
