[I 2026-05-07 00:29:33,871] Trial 9 finished with value: -3.926843952729609 and parameters: {'confidence_threshold': 0.7277571993354469, 'training_days': 360, 'n_estimators': 75, 'max_depth': 5, 'num_leaves': 41, 'learning_rate': 0.014186743931212992, 'subsample': 0.7445187273047605, 'min_child_samples': 22, 'reg_alpha': 0.02393227447113315, 'reg_lambda': 0.009236766173618426}. Best is trial 8 with value: 0.28096090309642396.

  2175 training samples from 1 symbols
  Samples per month: 2020-08: 93, 2020-09: 90, 2020-10: 93, 2020-11: 90, 2020-12: 93, 2021-01: 93, 2021-02: 84, 2021-03: 93, 2021-04: 90, 2021-05: 93, 2021-06: 90, 2021-07: 93, 2021-08: 93, 2021-09: 90, 2021-10: 93, 2021-11: 90, 2021-12: 93, 2022-01: 93, 2022-02: 75, 2022-03: 93, 2022-04: 84, 2022-05: 93, 2022-06: 90, 2022-07: 93
  [label] 2020-10-01 16:00 TRXUSDT entry=0.0258 → LONG | long=sl(-3.89%) short=sl(-3.89%) | scanned=4 | no_tp→fwd_return=+3.9907
  [label] 2020-10-04 00:00 TRXUSDT entry=0.0267 → SHORT | long=sl(-4.06%) short=timeout(+0.91%) | scanned=22 | no_tp→fwd_return=-1.0105
  [label] 2020-10-07 16:00 TRXUSDT entry=0.0255 → LONG | long=tp(+7.06%) short=sl(-3.68%) | scanned=7 | long_tp_only
  [label] 2020-11-01 16:00 TRXUSDT entry=0.0257 → SHORT | long=sl(-2.34%) short=tp(+4.37%) | scanned=2 | short_tp_only
  [label] 2020-12-24 00:00 TRXUSDT entry=0.0254 → LONG | long=tp(+10.53%) short=sl(-5.42%) | scanned=4 | long_tp_only
  [label] 2021-06-08 16:00 TRXUSDT entry=0.0723 → SHORT | long=sl(-5.97%) short=sl(-5.97%) | scanned=10 | no_tp→fwd_return=-7.4105
  [label] 2021-06-12 16:00 TRXUSDT entry=0.0680 → LONG | long=timeout(+0.24%) short=sl(-5.25%) | scanned=22 | no_tp→fwd_return=+0.3381
  [label] 2021-06-23 08:00 TRXUSDT entry=0.0551 → LONG | long=tp(+13.37%) short=sl(-6.83%) | scanned=2 | long_tp_only
  [label] 2021-08-07 08:00 TRXUSDT entry=0.0748 → SHORT | long=sl(-3.12%) short=tp(+5.94%) | scanned=5 | short_tp_only
  [label] 2021-08-16 00:00 TRXUSDT entry=0.0937 → SHORT | long=sl(-3.88%) short=tp(+7.46%) | scanned=5 | short_tp_only
  [label] 2021-11-14 16:00 TRXUSDT entry=0.1171 → LONG | long=tp(+6.38%) short=sl(-3.34%) | scanned=1 | long_tp_only
  [label] 2021-12-16 16:00 TRXUSDT entry=0.0853 → SHORT | long=sl(-3.76%) short=tp(+7.21%) | scanned=2 | short_tp_only
  [label] 2022-01-01 16:00 TRXUSDT entry=0.0765 → SHORT | long=sl(-2.91%) short=tp(+5.53%) | scanned=12 | short_tp_only
  [label] 2022-01-14 16:00 TRXUSDT entry=0.0676 → LONG | long=tp(+5.95%) short=sl(-3.13%) | scanned=8 | long_tp_only
  [label] 2022-02-02 00:00 TRXUSDT entry=0.0604 → LONG | long=sl(-3.26%) short=sl(-3.26%) | scanned=6 | no_tp→fwd_return=+5.1813
  [label] 2022-02-08 08:00 TRXUSDT entry=0.0674 → LONG | long=tp(+5.49%) short=sl(-2.90%) | scanned=6 | long_tp_only
  [label] 2022-02-20 16:00 TRXUSDT entry=0.0619 → SHORT | long=sl(-2.80%) short=sl(-2.80%) | scanned=3 | no_tp→fwd_return=-4.1001
  [label] 2022-04-06 08:00 TRXUSDT entry=0.0654 → SHORT | long=sl(-3.39%) short=tp(+6.49%) | scanned=14 | short_tp_only
  [label] 2022-04-16 08:00 TRXUSDT entry=0.0614 → LONG | long=sl(-2.67%) short=sl(-2.67%) | scanned=10 | no_tp→fwd_return=+2.8185
  [label] 2022-07-11 16:00 TRXUSDT entry=0.0647 → LONG | long=tp(+5.35%) short=sl(-2.83%) | scanned=15 | long_tp_only
  Labels: 1191 long (54.8%), 984 short (45.2%) | weights: min=1.00, mean=2.94, max=10.00
  Features: 2175/2175 matched, 13 columns
  CV gap: 22 rows
    [trial 0] 13 features, training_days=230 | threshold=0.779 | labels: 1191 long, 984 short (55/45%)
    [CV fold 0] train_end=2020-11-23 00:00 | val_start=2020-11-30 16:00 | gap=184h (22 rows)
    [CV fold 1] train_end=2021-03-23 16:00 | val_start=2021-03-31 08:00 | gap=184h (22 rows)
    [CV fold 2] train_end=2021-07-22 08:00 | val_start=2021-07-30 00:00 | gap=184h (22 rows)
    [CV fold 3] train_end=2021-11-20 00:00 | val_start=2021-11-27 16:00 | gap=184h (22 rows)
    [CV fold 4] train_end=2022-03-23 16:00 | val_start=2022-03-31 08:00 | gap=184h (22 rows)
    [trial 0] Sharpe=-0.0163 (folds: 0.1594, -0.2578, 0.0322, 0.1967, -0.2122)
    [trial 1] 13 features, training_days=410 | threshold=0.693 | labels: 1191 long, 984 short (55/45%)
    [trial 1] Sharpe=0.0735 (folds: 0.3276, -0.2446, 0.0817, 0.2440, -0.0413)
    [trial 2] 13 features, training_days=270 | threshold=0.546 | labels: 1191 long, 984 short (55/45%)
    [trial 2] Sharpe=-0.0282 (folds: 0.1615, -0.1853, -0.0669, 0.0048, -0.0553)
    [trial 3] 13 features, training_days=270 | threshold=0.600 | labels: 1191 long, 984 short (55/45%)
    [trial 3] Sharpe=0.0220 (folds: 0.2346, -0.2175, 0.0606, 0.0356, -0.0034)
    [trial 4] 13 features, training_days=390 | threshold=0.764 | labels: 1191 long, 984 short (55/45%)
    [trial 4] Sharpe=0.0512 (folds: 0.2762, -0.2901, 0.0707, 0.1187, 0.0803)
    [trial 5] 13 features, training_days=60 | threshold=0.603 | labels: 1191 long, 984 short (55/45%)
    [trial 5] Sharpe=0.0167 (folds: 0.2900, -0.2682, -0.0251, -0.0860, 0.1727)
    [trial 6] 13 features, training_days=290 | threshold=0.738 | labels: 1191 long, 984 short (55/45%)
    [trial 6] Sharpe=-0.0398 (folds: 0.1713, -0.1955, -0.0275, 0.2904, -0.4379)
    [trial 7] 13 features, training_days=70 | threshold=0.564 | labels: 1191 long, 984 short (55/45%)
    [trial 7] Sharpe=0.0761 (folds: 0.3454, -0.1291, -0.0154, -0.0104, 0.1901)
    [trial 8] 13 features, training_days=440 | threshold=0.653 | labels: 1191 long, 984 short (55/45%)
    [trial 8] Sharpe=0.2810 (folds: 0.2814, -0.1439, 0.1799, 0.4957, 0.5916)
    [trial 9] 13 features, training_days=360 | threshold=0.728 | labels: 1191 long, 984 short (55/45%)
    [trial 9] Sharpe=-3.9268 (folds: 0.2811, -0.1142, -10.0000, -10.0000, 0.1989)
  Optuna: 10 trials, best Sharpe = 0.2810
  Best params: n_estimators=116, max_depth=4, lr=0.0102, leaves=115
  Best confidence_threshold: 0.653
  Best training_days: 440
  Retrained on full data (1305 samples, 13 features)
  Model trained for 2022-08: 93 test candles with features, confidence_threshold=0.653
[lgbm] === Training for 2022-09 ===
  Train window: 2020-09-01 → 2022-09-01
  2175 training samples from 1 symbols
  Samples per month: 2020-09: 90, 2020-10: 93, 2020-11: 90, 2020-12: 93, 2021-01: 93, 2021-02: 84, 2021-03: 93, 2021-04: 90, 2021-05: 93, 2021-06: 90, 2021-07: 93, 2021-08: 93, 2021-09: 90, 2021-10: 93, 2021-11: 90, 2021-12: 93, 2022-01: 93, 2022-02: 75, 2022-03: 93, 2022-04: 84, 2022-05: 93, 2022-06: 90, 2022-07: 93, 2022-08: 93
  [label] 2020-11-01 16:00 TRXUSDT entry=0.0257 → SHORT | long=sl(-2.34%) short=tp(+4.37%) | scanned=2 | short_tp_only
  [label] 2020-11-04 00:00 TRXUSDT entry=0.0238 → LONG | long=tp(+5.45%) short=sl(-2.87%) | scanned=5 | long_tp_only
  [label] 2020-11-07 16:00 TRXUSDT entry=0.0249 → LONG | long=timeout(+1.03%) short=sl(-3.00%) | scanned=22 | no_tp→fwd_return=+1.1259
  [label] 2020-12-02 16:00 TRXUSDT entry=0.0312 → SHORT | long=sl(-6.14%) short=tp(+11.97%) | scanned=20 | short_tp_only
  [label] 2021-01-24 00:00 TRXUSDT entry=0.0301 → SHORT | long=sl(-4.98%) short=sl(-4.98%) | scanned=7 | no_tp→fwd_return=-3.7579
  [label] 2021-07-09 16:00 TRXUSDT entry=0.0622 → SHORT | long=sl(-3.81%) short=tp(+7.31%) | scanned=13 | short_tp_only
  [label] 2021-07-13 16:00 TRXUSDT entry=0.0593 → SHORT | long=sl(-3.38%) short=tp(+6.47%) | scanned=10 | short_tp_only
  [label] 2021-07-24 08:00 TRXUSDT entry=0.0564 → LONG | long=tp(+6.32%) short=sl(-3.31%) | scanned=5 | long_tp_only
  [label] 2021-09-07 08:00 TRXUSDT entry=0.0849 → LONG | long=tp(+10.78%) short=sl(-5.54%) | scanned=3 | long_tp_only
  [label] 2021-09-16 00:00 TRXUSDT entry=0.1163 → SHORT | long=sl(-5.56%) short=tp(+10.83%) | scanned=5 | short_tp_only
  [label] 2021-12-15 16:00 TRXUSDT entry=0.0875 → SHORT | long=sl(-3.92%) short=tp(+7.55%) | scanned=5 | short_tp_only
  [label] 2022-01-16 16:00 TRXUSDT entry=0.0698 → SHORT | long=sl(-2.78%) short=sl(-2.78%) | scanned=5 | no_tp→fwd_return=-2.4771
  [label] 2022-02-01 16:00 TRXUSDT entry=0.0598 → LONG | long=tp(+6.45%) short=sl(-3.37%) | scanned=8 | long_tp_only
  [label] 2022-02-14 16:00 TRXUSDT entry=0.0644 → SHORT | long=sl(-2.93%) short=sl(-2.93%) | scanned=9 | no_tp→fwd_return=-3.0604
  [label] 2022-03-08 00:00 TRXUSDT entry=0.0604 → SHORT | long=sl(-3.21%) short=sl(-3.21%) | scanned=6 | no_tp→fwd_return=-2.9460
  [label] 2022-03-14 08:00 TRXUSDT entry=0.0600 → LONG | long=timeout(+2.23%) short=sl(-2.57%) | scanned=22 | no_tp→fwd_return=+2.3322
  [label] 2022-03-26 16:00 TRXUSDT entry=0.0663 → LONG | long=tp(+3.58%) short=sl(-1.94%) | scanned=2 | long_tp_only[I 2026-05-07 00:29:34,198] A new study created in memory with name: no-name-65a091eb-d756-41ba-a429-fadd32791626
[I 2026-05-07 00:29:34,487] Trial 0 finished with value: -0.01926795549588195 and parameters: {'confidence_threshold': 0.7790993046299082, 'training_days': 230, 'n_estimators': 295, 'max_depth': 5, 'num_leaves': 83, 'learning_rate': 0.051543455158230854, 'subsample': 0.8773243492079463, 'min_child_samples': 10, 'reg_alpha': 0.034096514368237685, 'reg_lambda': 3.154180388637081e-05}. Best is trial 0 with value: -0.01926795549588195.
[I 2026-05-07 00:29:34,633] Trial 1 finished with value: -0.041134887295480205 and parameters: {'confidence_threshold': 0.6929247853618086, 'training_days': 410, 'n_estimators': 233, 'max_depth': 5, 'num_leaves': 108, 'learning_rate': 0.013724237108071606, 'subsample': 0.7013182233636002, 'min_child_samples': 94, 'reg_alpha': 2.4040959529260723e-06, 'reg_lambda': 5.320966582161148}. Best is trial 0 with value: -0.01926795549588195.
[I 2026-05-07 00:29:34,708] Trial 2 finished with value: -0.04339232574465446 and parameters: {'confidence_threshold': 0.546341527225763, 'training_days': 270, 'n_estimators': 120, 'max_depth': 4, 'num_leaves': 53, 'learning_rate': 0.060197068579343475, 'subsample': 0.588227873455941, 'min_child_samples': 91, 'reg_alpha': 2.3457771824819002e-08, 'reg_lambda': 1.1358840775642732e-08}. Best is trial 0 with value: -0.01926795549588195.
[I 2026-05-07 00:29:34,868] Trial 3 finished with value: -0.05215872147449713 and parameters: {'confidence_threshold': 0.6000319676300473, 'training_days': 270, 'n_estimators': 382, 'max_depth': 4, 'num_leaves': 44, 'learning_rate': 0.09185046765032388, 'subsample': 0.6743651508646724, 'min_child_samples': 77, 'reg_alpha': 0.0013974578104212739, 'reg_lambda': 8.97190257982477e-08}. Best is trial 0 with value: -0.01926795549588195.
[I 2026-05-07 00:29:35,192] Trial 4 finished with value: -0.023799201746316057 and parameters: {'confidence_threshold': 0.7642618789055509, 'training_days': 390, 'n_estimators': 464, 'max_depth': 5, 'num_leaves': 30, 'learning_rate': 0.024562383309704932, 'subsample': 0.8612975035964376, 'min_child_samples': 36, 'reg_alpha': 1.593999300080167, 'reg_lambda': 0.006081270362829788}. Best is trial 0 with value: -0.01926795549588195.
[I 2026-05-07 00:29:35,320] Trial 5 finished with value: -0.08158302543879417 and parameters: {'confidence_threshold': 0.6029115860358569, 'training_days': 60, 'n_estimators': 441, 'max_depth': 3, 'num_leaves': 66, 'learning_rate': 0.044953114425778824, 'subsample': 0.7098948461279406, 'min_child_samples': 15, 'reg_alpha': 4.888753565548431e-07, 'reg_lambda': 4.198190642566389}. Best is trial 0 with value: -0.01926795549588195.
[I 2026-05-07 00:29:35,532] Trial 6 finished with value: 0.04401770453715865 and parameters: {'confidence_threshold': 0.7376932868314098, 'training_days': 290, 'n_estimators': 249, 'max_depth': 5, 'num_leaves': 121, 'learning_rate': 0.015565840632862623, 'subsample': 0.8390183783709677, 'min_child_samples': 19, 'reg_alpha': 1.860444687368747e-08, 'reg_lambda': 2.7391483548058117e-06}. Best is trial 6 with value: 0.04401770453715865.
[I 2026-05-07 00:29:35,566] Trial 7 finished with value: -0.07214773441344058 and parameters: {'confidence_threshold': 0.563503962036334, 'training_days': 70, 'n_estimators': 63, 'max_depth': 3, 'num_leaves': 47, 'learning_rate': 0.18074927623018475, 'subsample': 0.5059692991701257, 'min_child_samples': 9, 'reg_alpha': 3.6945804405602874e-08, 'reg_lambda': 0.027706035542028905}. Best is trial 6 with value: 0.04401770453715865.
[I 2026-05-07 00:29:35,643] Trial 8 finished with value: 0.0696275019484605 and parameters: {'confidence_threshold': 0.6525471176758836, 'training_days': 440, 'n_estimators': 116, 'max_depth': 4, 'num_leaves': 115, 'learning_rate': 0.010229952960863938, 'subsample': 0.5062159465415076, 'min_child_samples': 54, 'reg_alpha': 6.790626457822126e-06, 'reg_lambda': 1.7869141074987722e-05}. Best is trial 8 with value: 0.0696275019484605.
[I 2026-05-07 00:29:35,759] Trial 9 finished with value: -0.25862747093569444 and parameters: {'confidence_threshold': 0.7277571993354469, 'training_days': 360, 'n_estimators': 75, 'max_depth': 5, 'num_leaves': 41, 'learning_rate': 0.014186743931212992, 'subsample': 0.7445187273047605, 'min_child_samples': 22, 'reg_alpha': 0.02393227447113315, 'reg_lambda': 0.009236766173618426}. Best is trial 8 with value: 0.0696275019484605.
[I 2026-05-07 00:29:36,081] A new study created in memory with name: no-name-df7c0ce2-0944-45f4-949f-c856d4ffdf12
[I 2026-05-07 00:29:36,365] Trial 0 finished with value: -0.0430187933652874 and parameters: {'confidence_threshold': 0.7790993046299082, 'training_days': 230, 'n_estimators': 295, 'max_depth': 5, 'num_leaves': 83, 'learning_rate': 0.051543455158230854, 'subsample': 0.8773243492079463, 'min_child_samples': 10, 'reg_alpha': 0.034096514368237685, 'reg_lambda': 3.154180388637081e-05}. Best is trial 0 with value: -0.0430187933652874.
[I 2026-05-07 00:29:36,490] Trial 1 finished with value: 0.11992063903444765 and parameters: {'confidence_threshold': 0.6929247853618086, 'training_days': 410, 'n_estimators': 233, 'max_depth': 5, 'num_leaves': 108, 'learning_rate': 0.013724237108071606, 'subsample': 0.7013182233636002, 'min_child_samples': 94, 'reg_alpha': 2.4040959529260723e-06, 'reg_lambda': 5.320966582161148}. Best is trial 1 with value: 0.11992063903444765.
[I 2026-05-07 00:29:36,553] Trial 2 finished with value: -0.0777228693925202 and parameters: {'confidence_threshold': 0.546341527225763, 'training_days': 270, 'n_estimators': 120, 'max_depth': 4, 'num_leaves': 53, 'learning_rate': 0.060197068579343475, 'subsample': 0.588227873455941, 'min_child_samples': 91, 'reg_alpha': 2.3457771824819002e-08, 'reg_lambda': 1.1358840775642732e-08}. Best is trial 1 with value: 0.11992063903444765.
[I 2026-05-07 00:29:36,719] Trial 3 finished with value: -0.05511693001865277 and parameters: {'confidence_threshold': 0.6000319676300473, 'training_days': 270, 'n_estimators': 382, 'max_depth': 4, 'num_leaves': 44, 'learning_rate': 0.09185046765032388, 'subsample': 0.6743651508646724, 'min_child_samples': 77, 'reg_alpha': 0.0013974578104212739, 'reg_lambda': 8.97190257982477e-08}. Best is trial 1 with value: 0.11992063903444765.
[I 2026-05-07 00:29:37,059] Trial 4 finished with value: 0.018510578720654 and parameters: {'confidence_threshold': 0.7642618789055509, 'training_days': 390, 'n_estimators': 464, 'max_depth': 5, 'num_leaves': 30, 'learning_rate': 0.024562383309704932, 'subsample': 0.8612975035964376, 'min_child_samples': 36, 'reg_alpha': 1.593999300080167, 'reg_lambda': 0.006081270362829788}. Best is trial 1 with value: 0.11992063903444765.
[I 2026-05-07 00:29:37,189] Trial 5 finished with value: -0.004948582363163553 and parameters: {'confidence_threshold': 0.6029115860358569, 'training_days': 60, 'n_estimators': 441, 'max_depth': 3, 'num_leaves': 66, 'learning_rate': 0.044953114425778824, 'subsample': 0.7098948461279406, 'min_child_samples': 15, 'reg_alpha': 4.888753565548431e-07, 'reg_lambda': 4.198190642566389}. Best is trial 1 with value: 0.11992063903444765.
[I 2026-05-07 00:29:37,402] Trial 6 finished with value: 0.05688642580755775 and parameters: {'confidence_threshold': 0.7376932868314098, 'training_days': 290, 'n_estimators': 249, 'max_depth': 5, 'num_leaves': 121, 'learning_rate': 0.015565840632862623, 'subsample': 0.8390183783709677, 'min_child_samples': 19, 'reg_alpha': 1.860444687368747e-08, 'reg_lambda': 2.7391483548058117e-06}. Best is trial 1 with value: 0.11992063903444765.
