[I 2026-05-07 00:29:53,123] Trial 9 finished with value: -0.09602201980708504 and parameters: {'confidence_threshold': 0.7277571993354469, 'training_days': 360, 'n_estimators': 75, 'max_depth': 5, 'num_leaves': 41, 'learning_rate': 0.014186743931212992, 'subsample': 0.7445187273047605, 'min_child_samples': 22, 'reg_alpha': 0.02393227447113315, 'reg_lambda': 0.009236766173618426}. Best is trial 1 with value: 0.012087223279632076.

    [trial 4] Sharpe=-0.0746 (folds: 0.1193, 0.1560, -0.4927, -0.0011, -0.1544)
    [trial 5] 13 features, training_days=60 | threshold=0.603 | labels: 1110 long, 1065 short (51/49%)
    [trial 5] Sharpe=-0.0812 (folds: 0.0639, -0.1851, -0.1265, -0.1183, -0.0400)
    [trial 6] 13 features, training_days=290 | threshold=0.738 | labels: 1110 long, 1065 short (51/49%)
    [trial 6] Sharpe=0.0365 (folds: 0.1568, 0.2976, -0.0329, -0.1071, -0.1321)
    [trial 7] 13 features, training_days=70 | threshold=0.564 | labels: 1110 long, 1065 short (51/49%)
    [trial 7] Sharpe=-0.0943 (folds: -0.1155, -0.0169, -0.1304, -0.2426, 0.0339)
    [trial 8] 13 features, training_days=440 | threshold=0.653 | labels: 1110 long, 1065 short (51/49%)
    [trial 8] Sharpe=-0.0331 (folds: 0.0652, 0.2334, -0.4208, 0.6133, -0.6564)
    [trial 9] 13 features, training_days=360 | threshold=0.728 | labels: 1110 long, 1065 short (51/49%)
    [trial 9] Sharpe=-0.6060 (folds: 0.1309, 0.1607, -1.4523, -0.2010, -1.6684)
  Optuna: 10 trials, best Sharpe = 0.0365
  Best params: n_estimators=249, max_depth=5, lr=0.0156, leaves=121
  Best confidence_threshold: 0.738
  Best training_days: 290
  Retrained on full data (870 samples, 13 features)
  Model trained for 2023-05: 93 test candles with features, confidence_threshold=0.738
[predict] 2023-05-29 08:00 TRXUSDT → LONG (proba=0.84 TP=3.1%/SL=1.6%)
[trade:open] 2023-05-29 15:59 TRXUSDT LONG @ 0.08 | SL=0.08 TP=0.08 | timeout=2023-06-05 15:59
[trade:close] 2023-05-31 07:59 TRXUSDT LONG → stop_loss @ 0.08 | PnL=-1.56% (net -1.66%) | cum=+2.36% 2023-05=-1.66% 2023-05-31=-1.66%
[lgbm] === Training for 2023-06 ===
  Train window: 2021-06-01 → 2023-06-01
  2175 training samples from 1 symbols
  Samples per month: 2021-06: 90, 2021-07: 93, 2021-08: 93, 2021-09: 90, 2021-10: 93, 2021-11: 90, 2021-12: 93, 2022-01: 93, 2022-02: 75, 2022-03: 93, 2022-04: 84, 2022-05: 93, 2022-06: 90, 2022-07: 93, 2022-08: 93, 2022-09: 90, 2022-10: 93, 2022-11: 90, 2022-12: 93, 2023-01: 93, 2023-02: 84, 2023-03: 93, 2023-04: 90, 2023-05: 93
  [label] 2021-08-01 16:00 TRXUSDT entry=0.0632 → LONG | long=tp(+6.54%) short=sl(-3.42%) | scanned=8 | long_tp_only
  [label] 2021-08-04 00:00 TRXUSDT entry=0.0643 → LONG | long=tp(+6.24%) short=sl(-3.27%) | scanned=3 | long_tp_only
  [label] 2021-08-07 16:00 TRXUSDT entry=0.0753 → SHORT | long=sl(-3.12%) short=tp(+5.94%) | scanned=3 | short_tp_only
  [label] 2021-09-01 16:00 TRXUSDT entry=0.0951 → LONG | long=tp(+6.43%) short=sl(-3.36%) | scanned=2 | long_tp_only
  [label] 2021-10-24 00:00 TRXUSDT entry=0.1002 → LONG | long=sl(-2.83%) short=sl(-2.83%) | scanned=6 | no_tp→fwd_return=+5.1676
  [label] 2022-04-13 16:00 TRXUSDT entry=0.0615 → LONG | long=sl(-3.00%) short=sl(-3.00%) | scanned=18 | no_tp→fwd_return=+2.6680
  [label] 2022-04-17 16:00 TRXUSDT entry=0.0600 → LONG | long=tp(+5.09%) short=sl(-2.70%) | scanned=6 | long_tp_only
  [label] 2022-04-28 08:00 TRXUSDT entry=0.0630 → LONG | long=tp(+6.33%) short=sl(-3.32%) | scanned=3 | long_tp_only
  [label] 2022-06-12 08:00 TRXUSDT entry=0.0781 → SHORT | long=sl(-3.66%) short=tp(+7.01%) | scanned=2 | short_tp_only
  [label] 2022-06-21 00:00 TRXUSDT entry=0.0630 → LONG | long=timeout(+5.94%) short=sl(-6.80%) | scanned=22 | no_tp→fwd_return=+6.0356
  [label] 2022-09-19 16:00 TRXUSDT entry=0.0602 → SHORT | long=sl(-1.90%) short=sl(-1.90%) | scanned=6 | no_tp→fwd_return=-2.1245
  [label] 2022-10-21 16:00 TRXUSDT entry=0.0616 → LONG | long=tp(+3.45%) short=sl(-1.88%) | scanned=16 | long_tp_only
  [label] 2022-11-06 16:00 TRXUSDT entry=0.0626 → SHORT | long=sl(-1.72%) short=tp(+3.14%) | scanned=4 | short_tp_only
  [label] 2022-11-19 16:00 TRXUSDT entry=0.0521 → LONG | long=sl(-3.95%) short=timeout(-1.33%) | scanned=22 | no_tp→fwd_return=+1.2284
  [label] 2022-12-08 00:00 TRXUSDT entry=0.0534 → LONG | long=tp(+3.49%) short=sl(-1.90%) | scanned=7 | long_tp_only
  [label] 2022-12-14 08:00 TRXUSDT entry=0.0565 → SHORT | long=sl(-1.91%) short=sl(-1.91%) | scanned=2 | no_tp→fwd_return=-1.4701
  [label] 2022-12-26 16:00 TRXUSDT entry=0.0546 → LONG | long=sl(-1.60%) short=sl(-1.60%) | scanned=20 | no_tp→fwd_return=+1.3380
  [label] 2023-02-04 08:00 TRXUSDT entry=0.0643 → SHORT | long=sl(-2.23%) short=sl(-2.23%) | scanned=5 | no_tp→fwd_return=-1.3213
  [label] 2023-02-14 08:00 TRXUSDT entry=0.0663 → LONG | long=tp(+4.63%) short=sl(-2.46%) | scanned=3 | long_tp_only
  [label] 2023-05-11 16:00 TRXUSDT entry=0.0677 → LONG | long=tp(+3.09%) short=sl(-1.70%) | scanned=10 | long_tp_only
  Labels: 1137 long (52.3%), 1038 short (47.7%) | weights: min=1.01, mean=3.29, max=10.00
  Features: 2175/2175 matched, 13 columns
  CV gap: 22 rows
    [trial 0] 13 features, training_days=230 | threshold=0.779 | labels: 1137 long, 1038 short (52/48%)
    [CV fold 0] train_end=2021-09-23 00:00 | val_start=2021-09-30 16:00 | gap=184h (22 rows)
    [CV fold 1] train_end=2022-01-21 16:00 | val_start=2022-01-29 08:00 | gap=184h (22 rows)
    [CV fold 2] train_end=2022-05-27 08:00 | val_start=2022-06-04 00:00 | gap=184h (22 rows)
    [CV fold 3] train_end=2022-09-25 00:00 | val_start=2022-10-02 16:00 | gap=184h (22 rows)
    [CV fold 4] train_end=2023-01-23 16:00 | val_start=2023-01-31 08:00 | gap=184h (22 rows)
    [trial 0] Sharpe=-0.0680 (folds: 0.2828, -0.1519, -0.0702, -0.3138, -0.0867)
    [trial 1] 13 features, training_days=410 | threshold=0.693 | labels: 1137 long, 1038 short (52/48%)
    [trial 1] Sharpe=0.0121 (folds: 0.3683, -0.0033, -0.1492, -0.0278, -0.1275)
    [trial 2] 13 features, training_days=270 | threshold=0.546 | labels: 1137 long, 1038 short (52/48%)
    [trial 2] Sharpe=-0.0434 (folds: 0.1447, -0.1693, -0.0143, -0.0098, -0.1682)
    [trial 3] 13 features, training_days=270 | threshold=0.600 | labels: 1137 long, 1038 short (52/48%)
    [trial 3] Sharpe=0.0016 (folds: 0.1734, -0.0127, 0.0037, -0.0735, -0.0830)
    [trial 4] 13 features, training_days=390 | threshold=0.764 | labels: 1137 long, 1038 short (52/48%)
    [trial 4] Sharpe=-0.1004 (folds: 0.2147, -0.1580, -0.2915, -0.1388, -0.1282)
    [trial 5] 13 features, training_days=60 | threshold=0.603 | labels: 1137 long, 1038 short (52/48%)
    [trial 5] Sharpe=-0.0979 (folds: -0.0397, -0.2094, 0.0218, -0.1966, -0.0655)
    [trial 6] 13 features, training_days=290 | threshold=0.738 | labels: 1137 long, 1038 short (52/48%)
    [trial 6] Sharpe=-0.0240 (folds: 0.4438, -0.1034, -0.1017, -0.1953, -0.1632)
    [trial 7] 13 features, training_days=70 | threshold=0.564 | labels: 1137 long, 1038 short (52/48%)
    [trial 7] Sharpe=-0.1190 (folds: -0.0514, -0.2458, -0.0347, -0.1832, -0.0798)
    [trial 8] 13 features, training_days=440 | threshold=0.653 | labels: 1137 long, 1038 short (52/48%)
    [trial 8] Sharpe=-0.2146 (folds: -0.3825, -0.2412, -0.2356, -0.3332, 0.1194)
    [trial 9] 13 features, training_days=360 | threshold=0.728 | labels: 1137 long, 1038 short (52/48%)
    [trial 9] Sharpe=-0.0960 (folds: 0.8609, 0.0641, -1.1541, -0.1528, -0.0983)
  Optuna: 10 trials, best Sharpe = 0.0121
  Best params: n_estimators=233, max_depth=5, lr=0.0137, leaves=108
  Best confidence_threshold: 0.693
  Best training_days: 410
  Retrained on full data (1230 samples, 13 features)
  Model trained for 2023-06: 90 test candles with features, confidence_threshold=0.693
[lgbm] === Training for 2023-07 ===
  Train window: 2021-07-01 → 2023-07-01
  2175 training samples from 1 symbols
  Samples per month: 2021-07: 93, 2021-08: 93, 2021-09: 90, 2021-10: 93, 2021-11: 90, 2021-12: 93, 2022-01: 93, 2022-02: 75, 2022-03: 93, 2022-04: 84, 2022-05: 93, 2022-06: 90, 2022-07: 93, 2022-08: 93, 2022-09: 90, 2022-10: 93, 2022-11: 90, 2022-12: 93, 2023-01: 93, 2023-02: 84, 2023-03: 93, 2023-04: 90, 2023-05: 93, 2023-06: 90
  [label] 2021-08-31 16:00 TRXUSDT entry=0.0889 → LONG | long=tp(+6.76%) short=sl(-3.53%) | scanned=3 | long_tp_only
  [label] 2021-09-03 00:00 TRXUSDT entry=0.1043 → SHORT | long=sl(-3.53%) short=tp(+6.77%) | scanned=13 | short_tp_only
  [label] 2021-09-06 16:00 TRXUSDT entry=0.1039 → SHORT | long=sl(-3.37%) short=tp(+6.43%) | scanned=2 | short_tp_only
  [label] 2021-10-01 16:00 TRXUSDT entry=0.0948 → LONG | long=sl(-4.22%) short=sl(-4.22%) | scanned=19 | no_tp→fwd_return=+3.8591[I 2026-05-07 00:29:53,469] A new study created in memory with name: no-name-d37e786b-1381-4056-8231-701b36cabc23
[I 2026-05-07 00:29:53,713] Trial 0 finished with value: -0.11248449698446468 and parameters: {'confidence_threshold': 0.7790993046299082, 'training_days': 230, 'n_estimators': 295, 'max_depth': 5, 'num_leaves': 83, 'learning_rate': 0.051543455158230854, 'subsample': 0.8773243492079463, 'min_child_samples': 10, 'reg_alpha': 0.034096514368237685, 'reg_lambda': 3.154180388637081e-05}. Best is trial 0 with value: -0.11248449698446468.
[I 2026-05-07 00:29:53,854] Trial 1 finished with value: -0.07036623512435891 and parameters: {'confidence_threshold': 0.6929247853618086, 'training_days': 410, 'n_estimators': 233, 'max_depth': 5, 'num_leaves': 108, 'learning_rate': 0.013724237108071606, 'subsample': 0.7013182233636002, 'min_child_samples': 94, 'reg_alpha': 2.4040959529260723e-06, 'reg_lambda': 5.320966582161148}. Best is trial 1 with value: -0.07036623512435891.
[I 2026-05-07 00:29:53,925] Trial 2 finished with value: -0.05149439816442438 and parameters: {'confidence_threshold': 0.546341527225763, 'training_days': 270, 'n_estimators': 120, 'max_depth': 4, 'num_leaves': 53, 'learning_rate': 0.060197068579343475, 'subsample': 0.588227873455941, 'min_child_samples': 91, 'reg_alpha': 2.3457771824819002e-08, 'reg_lambda': 1.1358840775642732e-08}. Best is trial 2 with value: -0.05149439816442438.
[I 2026-05-07 00:29:54,121] Trial 3 finished with value: -0.08976328560014048 and parameters: {'confidence_threshold': 0.6000319676300473, 'training_days': 270, 'n_estimators': 382, 'max_depth': 4, 'num_leaves': 44, 'learning_rate': 0.09185046765032388, 'subsample': 0.6743651508646724, 'min_child_samples': 77, 'reg_alpha': 0.0013974578104212739, 'reg_lambda': 8.97190257982477e-08}. Best is trial 2 with value: -0.05149439816442438.
[I 2026-05-07 00:29:54,534] Trial 4 finished with value: -0.07785204393587317 and parameters: {'confidence_threshold': 0.7642618789055509, 'training_days': 390, 'n_estimators': 464, 'max_depth': 5, 'num_leaves': 30, 'learning_rate': 0.024562383309704932, 'subsample': 0.8612975035964376, 'min_child_samples': 36, 'reg_alpha': 1.593999300080167, 'reg_lambda': 0.006081270362829788}. Best is trial 2 with value: -0.05149439816442438.
[I 2026-05-07 00:29:54,699] Trial 5 finished with value: -0.09718572538633027 and parameters: {'confidence_threshold': 0.6029115860358569, 'training_days': 60, 'n_estimators': 441, 'max_depth': 3, 'num_leaves': 66, 'learning_rate': 0.044953114425778824, 'subsample': 0.7098948461279406, 'min_child_samples': 15, 'reg_alpha': 4.888753565548431e-07, 'reg_lambda': 4.198190642566389}. Best is trial 2 with value: -0.05149439816442438.
[I 2026-05-07 00:29:54,947] Trial 6 finished with value: -0.10851054665484323 and parameters: {'confidence_threshold': 0.7376932868314098, 'training_days': 290, 'n_estimators': 249, 'max_depth': 5, 'num_leaves': 121, 'learning_rate': 0.015565840632862623, 'subsample': 0.8390183783709677, 'min_child_samples': 19, 'reg_alpha': 1.860444687368747e-08, 'reg_lambda': 2.7391483548058117e-06}. Best is trial 2 with value: -0.05149439816442438.
[I 2026-05-07 00:29:54,990] Trial 7 finished with value: -0.10704310123781616 and parameters: {'confidence_threshold': 0.563503962036334, 'training_days': 70, 'n_estimators': 63, 'max_depth': 3, 'num_leaves': 47, 'learning_rate': 0.18074927623018475, 'subsample': 0.5059692991701257, 'min_child_samples': 9, 'reg_alpha': 3.6945804405602874e-08, 'reg_lambda': 0.027706035542028905}. Best is trial 2 with value: -0.05149439816442438.
[I 2026-05-07 00:29:55,082] Trial 8 finished with value: -0.09134730839558734 and parameters: {'confidence_threshold': 0.6525471176758836, 'training_days': 440, 'n_estimators': 116, 'max_depth': 4, 'num_leaves': 115, 'learning_rate': 0.010229952960863938, 'subsample': 0.5062159465415076, 'min_child_samples': 54, 'reg_alpha': 6.790626457822126e-06, 'reg_lambda': 1.7869141074987722e-05}. Best is trial 2 with value: -0.05149439816442438.
[I 2026-05-07 00:29:55,185] Trial 9 finished with value: -1.9250480763484485 and parameters: {'confidence_threshold': 0.7277571993354469, 'training_days': 360, 'n_estimators': 75, 'max_depth': 5, 'num_leaves': 41, 'learning_rate': 0.014186743931212992, 'subsample': 0.7445187273047605, 'min_child_samples': 22, 'reg_alpha': 0.02393227447113315, 'reg_lambda': 0.009236766173618426}. Best is trial 2 with value: -0.05149439816442438.

  [label] 2021-11-23 00:00 TRXUSDT entry=0.1019 → SHORT | long=sl(-4.15%) short=tp(+8.01%) | scanned=10 | short_tp_only
  [label] 2022-05-13 16:00 TRXUSDT entry=0.0742 → SHORT | long=sl(-9.64%) short=timeout(+4.08%) | scanned=22 | no_tp→fwd_return=-4.1756
  [label] 2022-05-17 16:00 TRXUSDT entry=0.0722 → LONG | long=timeout(+11.49%) short=sl(-7.70%) | scanned=22 | no_tp→fwd_return=+11.5896
  [label] 2022-05-28 08:00 TRXUSDT entry=0.0823 → LONG | long=sl(-5.12%) short=sl(-5.12%) | scanned=12 | no_tp→fwd_return=+6.9954
  [label] 2022-07-12 08:00 TRXUSDT entry=0.0653 → LONG | long=sl(-2.73%) short=sl(-2.73%) | scanned=7 | no_tp→fwd_return=+2.2522
  [label] 2022-07-21 00:00 TRXUSDT entry=0.0669 → SHORT | long=sl(-2.56%) short=sl(-2.56%) | scanned=12 | no_tp→fwd_return=-1.8826
  [label] 2022-10-19 16:00 TRXUSDT entry=0.0617 → LONG | long=timeout(+2.66%) short=sl(-1.99%) | scanned=22 | no_tp→fwd_return=+2.7562
  [label] 2022-11-20 16:00 TRXUSDT entry=0.0500 → LONG | long=tp(+7.47%) short=sl(-3.89%) | scanned=20 | long_tp_only
  [label] 2022-12-06 16:00 TRXUSDT entry=0.0536 → LONG | long=sl(-1.93%) short=sl(-1.93%) | scanned=6 | no_tp→fwd_return=+1.6424
  [label] 2022-12-19 16:00 TRXUSDT entry=0.0535 → LONG | long=tp(+4.24%) short=sl(-2.27%) | scanned=9 | long_tp_only
  [label] 2023-01-07 00:00 TRXUSDT entry=0.0524 → LONG | long=sl(-2.21%) short=sl(-2.21%) | scanned=5 | no_tp→fwd_return=+3.7977
  [label] 2023-01-13 08:00 TRXUSDT entry=0.0575 → LONG | long=tp(+4.08%) short=sl(-2.19%) | scanned=1 | long_tp_only
  [label] 2023-01-25 16:00 TRXUSDT entry=0.0618 → LONG | long=timeout(+2.05%) short=sl(-2.58%) | scanned=22 | no_tp→fwd_return=+2.1528
  [label] 2023-03-06 08:00 TRXUSDT entry=0.0674 → SHORT | long=sl(-1.77%) short=tp(+3.24%) | scanned=7 | short_tp_only
  [label] 2023-03-16 08:00 TRXUSDT entry=0.0660 → SHORT | long=sl(-3.20%) short=sl(-3.20%) | scanned=19 | no_tp→fwd_return=-9.4588
  [label] 2023-06-10 16:00 TRXUSDT entry=0.0695 → LONG | long=timeout(+2.89%) short=sl(-3.10%) | scanned=22 | no_tp→fwd_return=+2.9924
  Labels: 1166 long (53.6%), 1009 short (46.4%) | weights: min=1.01, mean=3.19, max=10.00
  Features: 2175/2175 matched, 13 columns
  CV gap: 22 rows
    [trial 0] 13 features, training_days=230 | threshold=0.779 | labels: 1166 long, 1009 short (54/46%)
    [CV fold 0] train_end=2021-10-23 00:00 | val_start=2021-10-30 16:00 | gap=184h (22 rows)
    [CV fold 1] train_end=2022-02-20 16:00 | val_start=2022-03-03 08:00 | gap=256h (22 rows)
    [CV fold 2] train_end=2022-06-26 08:00 | val_start=2022-07-04 00:00 | gap=184h (22 rows)
    [CV fold 3] train_end=2022-10-25 00:00 | val_start=2022-11-01 16:00 | gap=184h (22 rows)
    [CV fold 4] train_end=2023-02-22 16:00 | val_start=2023-03-02 08:00 | gap=184h (22 rows)
    [trial 0] Sharpe=-0.1125 (folds: 0.3006, -0.5419, -0.0981, -0.2282, 0.0052)
    [trial 1] 13 features, training_days=410 | threshold=0.693 | labels: 1166 long, 1009 short (54/46%)
    [trial 1] Sharpe=-0.0704 (folds: 0.2012, -0.0935, -0.0611, -0.0803, -0.3182)
    [trial 2] 13 features, training_days=270 | threshold=0.546 | labels: 1166 long, 1009 short (54/46%)
    [trial 2] Sharpe=-0.0515 (folds: 0.1792, -0.0961, 0.0284, -0.0384, -0.3305)
    [trial 3] 13 features, training_days=270 | threshold=0.600 | labels: 1166 long, 1009 short (54/46%)
    [trial 3] Sharpe=-0.0898 (folds: 0.1801, -0.2823, 0.0131, -0.1685, -0.1912)
    [trial 4] 13 features, training_days=390 | threshold=0.764 | labels: 1166 long, 1009 short (54/46%)
    [trial 4] Sharpe=-0.0779 (folds: 0.2878, -0.3161, -0.0915, -0.1312, -0.1383)
    [trial 5] 13 features, training_days=60 | threshold=0.603 | labels: 1166 long, 1009 short (54/46%)
    [trial 5] Sharpe=-0.0972 (folds: -0.1742, -0.0109, -0.0532, -0.0601, -0.1874)
    [trial 6] 13 features, training_days=290 | threshold=0.738 | labels: 1166 long, 1009 short (54/46%)
    [trial 6] Sharpe=-0.1085 (folds: 0.2319, -0.3166, 0.0052, -0.3325, -0.1306)
    [trial 7] 13 features, training_days=70 | threshold=0.564 | labels: 1166 long, 1009 short (54/46%)
    [trial 7] Sharpe=-0.1070 (folds: -0.1702, 0.1201, -0.0470, -0.2129, -0.2252)
    [trial 8] 13 features, training_days=440 | threshold=0.653 | labels: 1166 long, 1009 short (54/46%)
    [trial 8] Sharpe=-0.0913 (folds: 0.3869, -0.3129, -0.0162, 0.1920, -0.7065)
    [trial 9] 13 features, training_days=360 | threshold=0.728 | labels: 1166 long, 1009 short (54/46%)
    [trial 9] Sharpe=-1.9250 (folds: 0.5309, -0.3169, 0.1184, -10.0000, 0.0423)
  Optuna: 10 trials, best Sharpe = -0.0515
  Best params: n_estimators=120, max_depth=4, lr=0.0602, leaves=53
  Best confidence_threshold: 0.546
  Best training_days: 270
  Retrained on full data (810 samples, 13 features)
  Model trained for 2023-07: 93 test candles with features, confidence_threshold=0.546
[predict] 2023-07-07 16:00 TRXUSDT → SHORT (proba=0.81 TP=3.3%/SL=1.6%)
[trade:open] 2023-07-07 23:59 TRXUSDT SHORT @ 0.08 | SL=0.08 TP=0.08 | timeout=2023-07-14 23:59
[trade:close] 2023-07-08 23:59 TRXUSDT SHORT → stop_loss @ 0.08 | PnL=-1.64% (net -1.74%) | cum=+0.63% 2023-07=-1.74% 2023-07-08=-1.74%
[predict] 2023-07-10 08:00 TRXUSDT → LONG (proba=0.66 TP=3.2%/SL=1.6%)
[trade:open] 2023-07-10 15:59 TRXUSDT LONG @ 0.08 | SL=0.08 TP=0.08 | timeout=2023-07-17 15:59
[trade:close] 2023-07-13 23:59 TRXUSDT LONG → take_profit @ 0.08 | PnL=+3.20% (net +3.10%) | cum=+3.72% 2023-07=+1.36% 2023-07-13=+3.10%
[lgbm] === Training for 2023-08 ===
  Train window: 2021-08-01 → 2023-08-01
  2175 training samples from 1 symbols
  Samples per month: 2021-08: 93, 2021-09: 90, 2021-10: 93, 2021-11: 90, 2021-12: 93, 2022-01: 93, 2022-02: 75, 2022-03: 93, 2022-04: 84, 2022-05: 93, 2022-06: 90, 2022-07: 93, 2022-08: 93, 2022-09: 90, 2022-10: 93, 2022-11: 90, 2022-12: 93, 2023-01: 93, 2023-02: 84, 2023-03: 93, 2023-04: 90, 2023-05: 93, 2023-06: 90, 2023-07: 93
  [label] 2021-10-01 16:00 TRXUSDT entry=0.0948 → LONG | long=sl(-4.22%) short=sl(-4.22%) | scanned=19 | no_tp→fwd_return=+3.8591
  [label] 2021-10-04 00:00 TRXUSDT entry=0.0927 → LONG | long=tp(+7.73%) short=sl(-4.02%) | scanned=15 | long_tp_only
  [label] 2021-10-07 16:00 TRXUSDT entry=0.0956 → LONG | long=tp(+7.48%) short=sl(-3.89%) | scanned=5 | long_tp_only
  [label] 2021-11-01 16:00 TRXUSDT entry=0.1006 → LONG | long=tp(+6.50%) short=sl(-3.40%) | scanned=2 | long_tp_only
  [label] 2021-12-24 00:00 TRXUSDT entry=0.0822 → SHORT | long=sl(-3.10%) short=tp(+5.90%) | scanned=12 | short_tp_only
  [label] 2022-06-13 16:00 TRXUSDT entry=0.0638 → SHORT | long=sl(-5.95%) short=tp(+11.61%) | scanned=1 | short_tp_only
  [label] 2022-06-17 16:00 TRXUSDT entry=0.0598 → LONG | long=timeout(+9.86%) short=sl(-8.20%) | scanned=22 | no_tp→fwd_return=+9.9632
  [label] 2022-06-28 08:00 TRXUSDT entry=0.0663 → LONG | long=sl(-4.29%) short=sl(-4.29%) | scanned=20 | no_tp→fwd_return=+2.9398
  [label] 2022-08-12 08:00 TRXUSDT entry=0.0699 → SHORT | long=sl(-1.92%) short=sl(-1.92%) | scanned=8 | no_tp→fwd_return=-1.5167
  [label] 2022-08-21 00:00 TRXUSDT entry=0.0650 → SHORT | long=sl(-2.19%) short=sl(-2.19%) | scanned=16 | no_tp→fwd_return=-2.6603
  [label] 2022-11-19 16:00 TRXUSDT entry=0.0521 → LONG | long=sl(-3.95%) short=timeout(-1.33%) | scanned=22 | no_tp→fwd_return=+1.2284
  [label] 2022-12-21 16:00 TRXUSDT entry=0.0549 → SHORT | long=sl(-2.06%) short=timeout(+1.30%) | scanned=22 | no_tp→fwd_return=-1.4028
  [label] 2023-01-06 16:00 TRXUSDT entry=0.0524 → LONG | long=sl(-2.20%) short=sl(-2.20%) | scanned=6 | no_tp→fwd_return=+3.7185
  [label] 2023-01-19 16:00 TRXUSDT entry=0.0601 → LONG | long=tp(+4.78%) short=sl(-2.54%) | scanned=5 | long_tp_only
  [label] 2023-02-07 00:00 TRXUSDT entry=0.0639 → LONG | long=tp(+4.26%) short=sl(-2.28%) | scanned=4 | long_tp_only
  [label] 2023-02-13 08:00 TRXUSDT entry=0.0645 → LONG | long=tp(+4.76%) short=sl(-2.53%) | scanned=5 | long_tp_only
  [label] 2023-02-25 16:00 TRXUSDT entry=0.0678 → SHORT | long=sl(-2.26%) short=sl(-2.26%) | scanned=21 | no_tp→fwd_return=-1.6377
  [label] 2023-04-06 08:00 TRXUSDT entry=0.0660 → SHORT | long=sl(-2.03%) short=sl(-2.03%) | scanned=17 | no_tp→fwd_return=-3.1042[I 2026-05-07 00:29:55,546] A new study created in memory with name: no-name-02b24ec7-3e34-4292-9d42-be8ea5f8175a
[I 2026-05-07 00:29:55,794] Trial 0 finished with value: -0.21128251273537443 and parameters: {'confidence_threshold': 0.7790993046299082, 'training_days': 230, 'n_estimators': 295, 'max_depth': 5, 'num_leaves': 83, 'learning_rate': 0.051543455158230854, 'subsample': 0.8773243492079463, 'min_child_samples': 10, 'reg_alpha': 0.034096514368237685, 'reg_lambda': 3.154180388637081e-05}. Best is trial 0 with value: -0.21128251273537443.
