[I 2026-05-07 00:28:31,917] Trial 6 finished with value: 0.05466013386523194 and parameters: {'confidence_threshold': 0.7376932868314098, 'training_days': 290, 'n_estimators': 249, 'max_depth': 5, 'num_leaves': 121, 'learning_rate': 0.015565840632862623, 'subsample': 0.8390183783709677, 'min_child_samples': 19, 'reg_alpha': 1.860444687368747e-08, 'reg_lambda': 2.7391483548058117e-06}. Best is trial 6 with value: 0.05466013386523194.

  [label] 2025-07-27 08:00 BCHUSDT entry=598.7700 → SHORT | long=sl(-3.25%) short=tp(+6.20%) | scanned=6 | short_tp_only
  [label] 2025-09-05 08:00 BCHUSDT entry=609.6400 → SHORT | long=sl(-2.84%) short=tp(+5.38%) | scanned=12 | short_tp_only
  [label] 2025-09-15 08:00 BCHUSDT entry=592.0900 → LONG | long=tp(+4.23%) short=sl(-2.26%) | scanned=7 | long_tp_only
  [label] 2025-12-11 08:00 BCHUSDT entry=559.7000 → SHORT | long=sl(-3.50%) short=sl(-3.50%) | scanned=12 | no_tp→fwd_return=-3.2285
  Labels: 1106 long (50.4%), 1087 short (49.6%) | weights: min=1.01, mean=4.21, max=10.00
  Features: 2193/2193 matched, 13 columns
  CV gap: 22 rows
    [trial 0] 13 features, training_days=230 | threshold=0.779 | labels: 1106 long, 1087 short (50/50%)
    [CV fold 0] train_end=2024-04-25 00:00 | val_start=2024-05-02 16:00 | gap=184h (22 rows)
    [CV fold 1] train_end=2024-08-24 16:00 | val_start=2024-09-01 08:00 | gap=184h (22 rows)
    [CV fold 2] train_end=2024-12-24 08:00 | val_start=2025-01-01 00:00 | gap=184h (22 rows)
    [CV fold 3] train_end=2025-04-25 00:00 | val_start=2025-05-02 16:00 | gap=184h (22 rows)
    [CV fold 4] train_end=2025-08-24 16:00 | val_start=2025-09-01 08:00 | gap=184h (22 rows)
    [trial 0] Sharpe=-0.0476 (folds: -0.0055, -0.2488, -0.2707, 0.0727, 0.2142)
    [trial 1] 13 features, training_days=410 | threshold=0.693 | labels: 1106 long, 1087 short (50/50%)
    [trial 1] Sharpe=0.0652 (folds: 0.0398, -0.2841, -0.0113, 0.2084, 0.3734)
    [trial 2] 13 features, training_days=270 | threshold=0.546 | labels: 1106 long, 1087 short (50/50%)
    [trial 2] Sharpe=0.0256 (folds: -0.0426, -0.2394, -0.0746, 0.1460, 0.3384)
    [trial 3] 13 features, training_days=270 | threshold=0.600 | labels: 1106 long, 1087 short (50/50%)
    [trial 3] Sharpe=0.0132 (folds: 0.1582, -0.1455, -0.1996, 0.0339, 0.2192)
    [trial 4] 13 features, training_days=390 | threshold=0.764 | labels: 1106 long, 1087 short (50/50%)
    [trial 4] Sharpe=0.0309 (folds: 0.0994, -0.4613, -0.0493, 0.1320, 0.4338)
    [trial 5] 13 features, training_days=60 | threshold=0.603 | labels: 1106 long, 1087 short (50/50%)
    [trial 5] Sharpe=0.0415 (folds: 0.1458, -0.2535, 0.0007, 0.1578, 0.1566)
    [trial 6] 13 features, training_days=290 | threshold=0.738 | labels: 1106 long, 1087 short (50/50%)
    [trial 6] Sharpe=0.0272 (folds: 0.1084, -0.3177, -0.0723, -0.0056, 0.4232)
    [trial 7] 13 features, training_days=70 | threshold=0.564 | labels: 1106 long, 1087 short (50/50%)
    [trial 7] Sharpe=-0.0147 (folds: 0.0197, -0.0731, -0.2570, 0.1152, 0.1217)
    [trial 8] 13 features, training_days=440 | threshold=0.653 | labels: 1106 long, 1087 short (50/50%)
    [trial 8] Sharpe=0.3091 (folds: 0.2318, 0.0172, -0.0125, 0.8476, 0.4616)
    [trial 9] 13 features, training_days=360 | threshold=0.728 | labels: 1106 long, 1087 short (50/50%)
    [trial 9] Sharpe=-1.9202 (folds: -10.0000, -0.3744, 0.0776, 0.1397, 0.5563)
  Optuna: 10 trials, best Sharpe = 0.3091
  Best params: n_estimators=116, max_depth=4, lr=0.0102, leaves=115
  Best confidence_threshold: 0.653
  Best training_days: 440
  Retrained on full data (1320 samples, 13 features)
  Model trained for 2026-01: 93 test candles with features, confidence_threshold=0.653
[lgbm] === Training for 2026-02 ===
  Train window: 2024-02-01 → 2026-02-01
  2193 training samples from 1 symbols
  Samples per month: 2024-02: 87, 2024-03: 93, 2024-04: 90, 2024-05: 93, 2024-06: 90, 2024-07: 93, 2024-08: 93, 2024-09: 90, 2024-10: 93, 2024-11: 90, 2024-12: 93, 2025-01: 93, 2025-02: 84, 2025-03: 93, 2025-04: 90, 2025-05: 93, 2025-06: 90, 2025-07: 93, 2025-08: 93, 2025-09: 90, 2025-10: 93, 2025-11: 90, 2025-12: 93, 2026-01: 93
  [label] 2024-04-03 08:00 BCHUSDT entry=591.9600 → LONG | long=tp(+11.68%) short=sl(-5.99%) | scanned=2 | long_tp_only
  [label] 2024-04-05 16:00 BCHUSDT entry=657.8700 → SHORT | long=sl(-6.13%) short=sl(-6.13%) | scanned=13 | no_tp→fwd_return=-4.5054
  [label] 2024-04-09 08:00 BCHUSDT entry=687.3700 → SHORT | long=sl(-5.18%) short=tp(+10.06%) | scanned=2 | short_tp_only
  [label] 2024-05-04 08:00 BCHUSDT entry=465.7700 → SHORT | long=sl(-4.23%) short=sl(-4.23%) | scanned=13 | no_tp→fwd_return=-3.8560
  [label] 2024-06-26 08:00 BCHUSDT entry=376.0400 → LONG | long=tp(+7.96%) short=sl(-4.13%) | scanned=6 | long_tp_only
  [label] 2024-12-11 08:00 BCHUSDT entry=548.9200 → SHORT | long=sl(-6.29%) short=timeout(+5.60%) | scanned=22 | no_tp→fwd_return=-5.7039
  [label] 2024-12-15 08:00 BCHUSDT entry=541.0400 → SHORT | long=sl(-5.03%) short=tp(+9.77%) | scanned=10 | short_tp_only
  [label] 2024-12-26 00:00 BCHUSDT entry=452.0100 → LONG | long=sl(-5.13%) short=timeout(-1.72%) | scanned=22 | no_tp→fwd_return=+1.6216
  [label] 2025-02-09 08:00 BCHUSDT entry=326.9300 → LONG | long=timeout(+0.97%) short=sl(-5.07%) | scanned=22 | no_tp→fwd_return=+1.0706
  [label] 2025-02-18 00:00 BCHUSDT entry=314.9100 → SHORT | long=sl(-3.80%) short=sl(-3.80%) | scanned=19 | no_tp→fwd_return=-2.7055
  [label] 2025-05-20 16:00 BCHUSDT entry=393.9100 → LONG | long=tp(+6.54%) short=sl(-3.42%) | scanned=4 | long_tp_only
  [label] 2025-06-21 16:00 BCHUSDT entry=467.0000 → LONG | long=sl(-3.49%) short=sl(-3.49%) | scanned=10 | no_tp→fwd_return=+2.9358
  [label] 2025-07-08 00:00 BCHUSDT entry=498.5400 → LONG | long=tp(+5.01%) short=sl(-2.66%) | scanned=9 | long_tp_only
  [label] 2025-07-21 00:00 BCHUSDT entry=530.8700 → SHORT | long=sl(-3.34%) short=tp(+6.37%) | scanned=9 | short_tp_only
  [label] 2025-08-08 16:00 BCHUSDT entry=585.8900 → LONG | long=sl(-2.96%) short=sl(-2.96%) | scanned=11 | no_tp→fwd_return=+3.1388
  [label] 2025-08-15 00:00 BCHUSDT entry=598.4400 → SHORT | long=sl(-3.20%) short=tp(+6.09%) | scanned=10 | short_tp_only
  [label] 2025-08-27 08:00 BCHUSDT entry=558.4300 → SHORT | long=sl(-2.78%) short=tp(+5.26%) | scanned=6 | short_tp_only
  [label] 2025-10-06 08:00 BCHUSDT entry=600.4900 → SHORT | long=sl(-2.18%) short=tp(+4.06%) | scanned=3 | short_tp_only
  [label] 2025-10-16 08:00 BCHUSDT entry=510.4700 → SHORT | long=sl(-3.87%) short=tp(+7.45%) | scanned=3 | short_tp_only
  [label] 2026-01-11 08:00 BCHUSDT entry=654.5800 → SHORT | long=sl(-2.55%) short=tp(+4.81%) | scanned=2 | short_tp_only
  Labels: 1086 long (49.5%), 1107 short (50.5%) | weights: min=1.02, mean=4.18, max=10.00
  Features: 2193/2193 matched, 13 columns
  CV gap: 22 rows
    [trial 0] 13 features, training_days=230 | threshold=0.779 | labels: 1086 long, 1107 short (50/50%)
    [CV fold 0] train_end=2024-05-26 00:00 | val_start=2024-06-02 16:00 | gap=184h (22 rows)
    [CV fold 1] train_end=2024-09-24 16:00 | val_start=2024-10-02 08:00 | gap=184h (22 rows)
    [CV fold 2] train_end=2025-01-24 08:00 | val_start=2025-02-01 00:00 | gap=184h (22 rows)
    [CV fold 3] train_end=2025-05-26 00:00 | val_start=2025-06-02 16:00 | gap=184h (22 rows)
    [CV fold 4] train_end=2025-09-24 16:00 | val_start=2025-10-02 08:00 | gap=184h (22 rows)
    [trial 0] Sharpe=0.0147 (folds: -0.1053, -0.0962, -0.0896, 0.2566, 0.1080)
    [trial 1] 13 features, training_days=410 | threshold=0.693 | labels: 1086 long, 1107 short (50/50%)
    [trial 1] Sharpe=-0.1757 (folds: -1.4602, 0.0331, -0.0988, 0.3699, 0.2776)
    [trial 2] 13 features, training_days=270 | threshold=0.546 | labels: 1086 long, 1107 short (50/50%)
    [trial 2] Sharpe=0.0109 (folds: -0.0052, -0.2579, -0.0336, 0.2101, 0.1410)
    [trial 3] 13 features, training_days=270 | threshold=0.600 | labels: 1086 long, 1107 short (50/50%)
    [trial 3] Sharpe=0.0351 (folds: -0.0273, -0.1832, -0.0061, 0.2388, 0.1531)
    [trial 4] 13 features, training_days=390 | threshold=0.764 | labels: 1086 long, 1107 short (50/50%)
    [trial 4] Sharpe=0.0331 (folds: -0.0970, -0.4343, 0.2163, 0.2749, 0.2058)
    [trial 5] 13 features, training_days=60 | threshold=0.603 | labels: 1086 long, 1107 short (50/50%)
    [trial 5] Sharpe=0.0542 (folds: 0.0250, -0.0242, -0.1378, 0.3603, 0.0478)
    [trial 6] 13 features, training_days=290 | threshold=0.738 | labels: 1086 long, 1107 short (50/50%)
    [trial 6] Sharpe=0.0547 (folds: -0.0143, -0.2425, -0.0683, 0.1479, 0.4506)
    [trial 7] 13 features, training_days=70 | threshold=0.564 | labels: 1086 long, 1107 short (50/50%)[I 2026-05-07 00:28:31,956] Trial 7 finished with value: 0.0006693487260681377 and parameters: {'confidence_threshold': 0.563503962036334, 'training_days': 70, 'n_estimators': 63, 'max_depth': 3, 'num_leaves': 47, 'learning_rate': 0.18074927623018475, 'subsample': 0.5059692991701257, 'min_child_samples': 9, 'reg_alpha': 3.6945804405602874e-08, 'reg_lambda': 0.027706035542028905}. Best is trial 6 with value: 0.05466013386523194.
[I 2026-05-07 00:28:32,041] Trial 8 finished with value: 0.02195034903835647 and parameters: {'confidence_threshold': 0.6525471176758836, 'training_days': 440, 'n_estimators': 116, 'max_depth': 4, 'num_leaves': 115, 'learning_rate': 0.010229952960863938, 'subsample': 0.5062159465415076, 'min_child_samples': 54, 'reg_alpha': 6.790626457822126e-06, 'reg_lambda': 1.7869141074987722e-05}. Best is trial 6 with value: 0.05466013386523194.
[I 2026-05-07 00:28:32,130] Trial 9 finished with value: -1.987386714520326 and parameters: {'confidence_threshold': 0.7277571993354469, 'training_days': 360, 'n_estimators': 75, 'max_depth': 5, 'num_leaves': 41, 'learning_rate': 0.014186743931212992, 'subsample': 0.7445187273047605, 'min_child_samples': 22, 'reg_alpha': 0.02393227447113315, 'reg_lambda': 0.009236766173618426}. Best is trial 6 with value: 0.05466013386523194.
[I 2026-05-07 00:28:32,430] A new study created in memory with name: no-name-51916ede-6f54-4ad5-92d1-cba081159d97
[I 2026-05-07 00:28:32,707] Trial 0 finished with value: -0.00798744079006605 and parameters: {'confidence_threshold': 0.7790993046299082, 'training_days': 230, 'n_estimators': 295, 'max_depth': 5, 'num_leaves': 83, 'learning_rate': 0.051543455158230854, 'subsample': 0.8773243492079463, 'min_child_samples': 10, 'reg_alpha': 0.034096514368237685, 'reg_lambda': 3.154180388637081e-05}. Best is trial 0 with value: -0.00798744079006605.
[I 2026-05-07 00:28:32,848] Trial 1 finished with value: 0.11913993823536147 and parameters: {'confidence_threshold': 0.6929247853618086, 'training_days': 410, 'n_estimators': 233, 'max_depth': 5, 'num_leaves': 108, 'learning_rate': 0.013724237108071606, 'subsample': 0.7013182233636002, 'min_child_samples': 94, 'reg_alpha': 2.4040959529260723e-06, 'reg_lambda': 5.320966582161148}. Best is trial 1 with value: 0.11913993823536147.
[I 2026-05-07 00:28:32,914] Trial 2 finished with value: 0.02395572875962909 and parameters: {'confidence_threshold': 0.546341527225763, 'training_days': 270, 'n_estimators': 120, 'max_depth': 4, 'num_leaves': 53, 'learning_rate': 0.060197068579343475, 'subsample': 0.588227873455941, 'min_child_samples': 91, 'reg_alpha': 2.3457771824819002e-08, 'reg_lambda': 1.1358840775642732e-08}. Best is trial 1 with value: 0.11913993823536147.
[I 2026-05-07 00:28:33,102] Trial 3 finished with value: 0.033567726095867924 and parameters: {'confidence_threshold': 0.6000319676300473, 'training_days': 270, 'n_estimators': 382, 'max_depth': 4, 'num_leaves': 44, 'learning_rate': 0.09185046765032388, 'subsample': 0.6743651508646724, 'min_child_samples': 77, 'reg_alpha': 0.0013974578104212739, 'reg_lambda': 8.97190257982477e-08}. Best is trial 1 with value: 0.11913993823536147.
[I 2026-05-07 00:28:33,472] Trial 4 finished with value: 0.007773853891161186 and parameters: {'confidence_threshold': 0.7642618789055509, 'training_days': 390, 'n_estimators': 464, 'max_depth': 5, 'num_leaves': 30, 'learning_rate': 0.024562383309704932, 'subsample': 0.8612975035964376, 'min_child_samples': 36, 'reg_alpha': 1.593999300080167, 'reg_lambda': 0.006081270362829788}. Best is trial 1 with value: 0.11913993823536147.
[I 2026-05-07 00:28:33,604] Trial 5 finished with value: 0.007573564521781958 and parameters: {'confidence_threshold': 0.6029115860358569, 'training_days': 60, 'n_estimators': 441, 'max_depth': 3, 'num_leaves': 66, 'learning_rate': 0.044953114425778824, 'subsample': 0.7098948461279406, 'min_child_samples': 15, 'reg_alpha': 4.888753565548431e-07, 'reg_lambda': 4.198190642566389}. Best is trial 1 with value: 0.11913993823536147.
[I 2026-05-07 00:28:33,807] Trial 6 finished with value: 0.0017289140992495986 and parameters: {'confidence_threshold': 0.7376932868314098, 'training_days': 290, 'n_estimators': 249, 'max_depth': 5, 'num_leaves': 121, 'learning_rate': 0.015565840632862623, 'subsample': 0.8390183783709677, 'min_child_samples': 19, 'reg_alpha': 1.860444687368747e-08, 'reg_lambda': 2.7391483548058117e-06}. Best is trial 1 with value: 0.11913993823536147.
[I 2026-05-07 00:28:33,841] Trial 7 finished with value: 0.033821897388624705 and parameters: {'confidence_threshold': 0.563503962036334, 'training_days': 70, 'n_estimators': 63, 'max_depth': 3, 'num_leaves': 47, 'learning_rate': 0.18074927623018475, 'subsample': 0.5059692991701257, 'min_child_samples': 9, 'reg_alpha': 3.6945804405602874e-08, 'reg_lambda': 0.027706035542028905}. Best is trial 1 with value: 0.11913993823536147.
[I 2026-05-07 00:28:33,922] Trial 8 finished with value: -1.9373856108933722 and parameters: {'confidence_threshold': 0.6525471176758836, 'training_days': 440, 'n_estimators': 116, 'max_depth': 4, 'num_leaves': 115, 'learning_rate': 0.010229952960863938, 'subsample': 0.5062159465415076, 'min_child_samples': 54, 'reg_alpha': 6.790626457822126e-06, 'reg_lambda': 1.7869141074987722e-05}. Best is trial 1 with value: 0.11913993823536147.
