[I 2026-05-07 00:30:36,307] Trial 9 finished with value: -0.017152098489071378 and parameters: {'confidence_threshold': 0.7277571993354469, 'training_days': 360, 'n_estimators': 75, 'max_depth': 5, 'num_leaves': 41, 'learning_rate': 0.014186743931212992, 'subsample': 0.7445187273047605, 'min_child_samples': 22, 'reg_alpha': 0.02393227447113315, 'reg_lambda': 0.009236766173618426}. Best is trial 1 with value: 0.21180312318179081.

    [trial 2] Sharpe=-0.0259 (folds: -0.2037, -0.0454, 0.0244, 0.1814, -0.0861)
    [trial 3] 13 features, training_days=270 | threshold=0.600 | labels: 1225 long, 968 short (56/44%)
    [trial 3] Sharpe=-0.0010 (folds: -0.1647, -0.0162, 0.0530, 0.1969, -0.0740)
    [trial 4] 13 features, training_days=390 | threshold=0.764 | labels: 1225 long, 968 short (56/44%)
    [trial 4] Sharpe=0.0273 (folds: -0.0562, -0.2705, 0.2498, 0.2836, -0.0704)
    [trial 5] 13 features, training_days=60 | threshold=0.603 | labels: 1225 long, 968 short (56/44%)
    [trial 5] Sharpe=0.0985 (folds: 0.1016, 0.2427, -0.1296, 0.1180, 0.1597)
    [trial 6] 13 features, training_days=290 | threshold=0.738 | labels: 1225 long, 968 short (56/44%)
    [trial 6] Sharpe=-0.1459 (folds: -0.1854, -0.0222, -0.3341, -0.0355, -0.1525)
    [trial 7] 13 features, training_days=70 | threshold=0.564 | labels: 1225 long, 968 short (56/44%)
    [trial 7] Sharpe=0.0466 (folds: -0.0062, 0.2978, -0.1177, 0.1383, -0.0792)
    [trial 8] 13 features, training_days=440 | threshold=0.653 | labels: 1225 long, 968 short (56/44%)
    [trial 8] Sharpe=0.0512 (folds: -0.2189, 0.2323, -0.0201, 0.3153, -0.0524)
    [trial 9] 13 features, training_days=360 | threshold=0.728 | labels: 1225 long, 968 short (56/44%)
    [trial 9] Sharpe=-1.8984 (folds: -0.2191, -10.0000, 0.3957, 0.2993, 0.0320)
  Optuna: 10 trials, best Sharpe = 0.0985
  Best params: n_estimators=441, max_depth=3, lr=0.0450, leaves=66
  Best confidence_threshold: 0.603
  Best training_days: 60
  Retrained on full data (180 samples, 13 features)
  Model trained for 2025-03: 93 test candles with features, confidence_threshold=0.603
[predict] 2025-03-02 08:00 TRXUSDT → SHORT (proba=0.97 TP=5.0%/SL=2.5%)
[trade:open] 2025-03-02 15:59 TRXUSDT SHORT @ 0.24 | SL=0.25 TP=0.23 | timeout=2025-03-09 15:59
[trade:close] 2025-03-02 23:59 TRXUSDT SHORT → stop_loss @ 0.25 | PnL=-2.48% (net -2.58%) | cum=-17.27% 2025-03=-2.58% 2025-03-02=-2.58%
[lgbm] === Training for 2025-04 ===
  Train window: 2023-04-01 → 2025-04-01
  2193 training samples from 1 symbols
  Samples per month: 2023-04: 90, 2023-05: 93, 2023-06: 90, 2023-07: 93, 2023-08: 93, 2023-09: 90, 2023-10: 93, 2023-11: 90, 2023-12: 93, 2024-01: 93, 2024-02: 87, 2024-03: 93, 2024-04: 90, 2024-05: 93, 2024-06: 90, 2024-07: 93, 2024-08: 93, 2024-09: 90, 2024-10: 93, 2024-11: 90, 2024-12: 93, 2025-01: 93, 2025-02: 84, 2025-03: 93
  [label] 2023-06-02 08:00 TRXUSDT entry=0.0762 → LONG | long=tp(+2.86%) short=sl(-1.58%) | scanned=1 | long_tp_only
  [label] 2023-06-04 16:00 TRXUSDT entry=0.0813 → SHORT | long=sl(-2.16%) short=tp(+4.01%) | scanned=3 | short_tp_only
  [label] 2023-06-08 08:00 TRXUSDT entry=0.0773 → SHORT | long=sl(-2.22%) short=tp(+4.13%) | scanned=4 | short_tp_only
  [label] 2023-07-03 08:00 TRXUSDT entry=0.0775 → LONG | long=tp(+3.39%) short=sl(-1.84%) | scanned=17 | long_tp_only
  [label] 2023-08-25 08:00 TRXUSDT entry=0.0767 → SHORT | long=sl(-1.42%) short=sl(-1.42%) | scanned=15 | no_tp→fwd_return=-1.4853
  [label] 2024-02-09 08:00 TRXUSDT entry=0.1232 → LONG | long=tp(+3.32%) short=sl(-1.81%) | scanned=14 | long_tp_only
  [label] 2024-02-13 08:00 TRXUSDT entry=0.1251 → LONG | long=tp(+2.60%) short=sl(-1.45%) | scanned=3 | long_tp_only
  [label] 2024-02-24 00:00 TRXUSDT entry=0.1382 → LONG | long=tp(+2.23%) short=sl(-1.26%) | scanned=10 | long_tp_only
  [label] 2024-04-09 08:00 TRXUSDT entry=0.1212 → SHORT | long=sl(-1.36%) short=sl(-1.36%) | scanned=3 | no_tp→fwd_return=-2.3095
  [label] 2024-04-18 00:00 TRXUSDT entry=0.1093 → LONG | long=sl(-2.42%) short=sl(-2.42%) | scanned=12 | no_tp→fwd_return=+1.7110
  [label] 2024-07-18 16:00 TRXUSDT entry=0.1344 → SHORT | long=sl(-1.34%) short=sl(-1.34%) | scanned=12 | no_tp→fwd_return=-1.6068
  [label] 2024-08-19 16:00 TRXUSDT entry=0.1431 → LONG | long=tp(+2.58%) short=sl(-1.44%) | scanned=1 | long_tp_only
  [label] 2024-09-05 00:00 TRXUSDT entry=0.1496 → LONG | long=sl(-1.87%) short=sl(-1.87%) | scanned=9 | no_tp→fwd_return=+1.1628
  [label] 2024-09-18 00:00 TRXUSDT entry=0.1501 → LONG | long=timeout(-0.01%) short=sl(-1.13%) | scanned=22 | no_tp→fwd_return=+0.0933
  [label] 2024-10-06 16:00 TRXUSDT entry=0.1542 → LONG | long=tp(+1.71%) short=sl(-1.00%) | scanned=5 | long_tp_only
  [label] 2024-10-13 00:00 TRXUSDT entry=0.1627 → SHORT | long=sl(-1.07%) short=tp(+1.83%) | scanned=6 | short_tp_only
  [label] 2024-10-25 08:00 TRXUSDT entry=0.1663 → SHORT | long=sl(-0.94%) short=tp(+1.58%) | scanned=1 | short_tp_only
  [label] 2024-12-04 08:00 TRXUSDT entry=0.3515 → SHORT | long=sl(-6.49%) short=tp(+12.69%) | scanned=14 | short_tp_only
  [label] 2024-12-14 08:00 TRXUSDT entry=0.2831 → SHORT | long=sl(-6.45%) short=sl(-6.45%) | scanned=13 | no_tp→fwd_return=-8.9348
  [label] 2025-03-11 08:00 TRXUSDT entry=0.2239 → SHORT | long=sl(-2.90%) short=tp(+5.49%) | scanned=16 | short_tp_only
  Labels: 1234 long (56.3%), 959 short (43.7%) | weights: min=1.00, mean=2.60, max=10.00
  Features: 2193/2193 matched, 13 columns
  CV gap: 22 rows
    [trial 0] 13 features, training_days=230 | threshold=0.779 | labels: 1234 long, 959 short (56/44%)
    [CV fold 0] train_end=2023-07-25 00:00 | val_start=2023-08-01 16:00 | gap=184h (22 rows)
    [CV fold 1] train_end=2023-11-23 16:00 | val_start=2023-12-01 08:00 | gap=184h (22 rows)
    [CV fold 2] train_end=2024-03-24 08:00 | val_start=2024-04-01 00:00 | gap=184h (22 rows)
    [CV fold 3] train_end=2024-07-24 00:00 | val_start=2024-07-31 16:00 | gap=184h (22 rows)
    [CV fold 4] train_end=2024-11-22 16:00 | val_start=2024-11-30 08:00 | gap=184h (22 rows)
    [trial 0] Sharpe=-0.0001 (folds: -0.0334, -0.0886, 0.0573, 0.1087, -0.0446)
    [trial 1] 13 features, training_days=410 | threshold=0.693 | labels: 1234 long, 959 short (56/44%)
    [trial 1] Sharpe=0.2118 (folds: 0.1663, 0.1736, 0.0272, 0.7316, -0.0397)
    [trial 2] 13 features, training_days=270 | threshold=0.546 | labels: 1234 long, 959 short (56/44%)
    [trial 2] Sharpe=0.0508 (folds: 0.0167, 0.0378, 0.2293, 0.0720, -0.1017)
    [trial 3] 13 features, training_days=270 | threshold=0.600 | labels: 1234 long, 959 short (56/44%)
    [trial 3] Sharpe=-0.0013 (folds: 0.0257, -0.0762, 0.0495, 0.0536, -0.0593)
    [trial 4] 13 features, training_days=390 | threshold=0.764 | labels: 1234 long, 959 short (56/44%)
    [trial 4] Sharpe=0.1090 (folds: -0.0434, 0.0341, 0.2658, 0.3572, -0.0686)
    [trial 5] 13 features, training_days=60 | threshold=0.603 | labels: 1234 long, 959 short (56/44%)
    [trial 5] Sharpe=0.0643 (folds: 0.0448, 0.0534, 0.1194, 0.1561, -0.0522)
    [trial 6] 13 features, training_days=290 | threshold=0.738 | labels: 1234 long, 959 short (56/44%)
    [trial 6] Sharpe=0.0147 (folds: -0.0906, -0.2345, 0.1720, 0.2708, -0.0445)
    [trial 7] 13 features, training_days=70 | threshold=0.564 | labels: 1234 long, 959 short (56/44%)
    [trial 7] Sharpe=0.0524 (folds: 0.0443, 0.0404, 0.1314, 0.1202, -0.0744)
    [trial 8] 13 features, training_days=440 | threshold=0.653 | labels: 1234 long, 959 short (56/44%)
    [trial 8] Sharpe=-1.9837 (folds: -0.0995, 0.0843, 0.1020, -10.0000, -0.0052)
    [trial 9] 13 features, training_days=360 | threshold=0.728 | labels: 1234 long, 959 short (56/44%)
    [trial 9] Sharpe=-0.0172 (folds: 0.0378, -1.0287, 0.2955, 0.2644, 0.3452)
  Optuna: 10 trials, best Sharpe = 0.2118
  Best params: n_estimators=233, max_depth=5, lr=0.0137, leaves=108
  Best confidence_threshold: 0.693
  Best training_days: 410
  Retrained on full data (1230 samples, 13 features)
  Model trained for 2025-04: 90 test candles with features, confidence_threshold=0.693
[lgbm] === Training for 2025-05 ===
  Train window: 2023-05-01 → 2025-05-01
  2193 training samples from 1 symbols
  Samples per month: 2023-05: 93, 2023-06: 90, 2023-07: 93, 2023-08: 93, 2023-09: 90, 2023-10: 93, 2023-11: 90, 2023-12: 93, 2024-01: 93, 2024-02: 87, 2024-03: 93, 2024-04: 90, 2024-05: 93, 2024-06: 90, 2024-07: 93, 2024-08: 93, 2024-09: 90, 2024-10: 93, 2024-11: 90, 2024-12: 93, 2025-01: 93, 2025-02: 84, 2025-03: 93, 2025-04: 90
  [label] 2023-07-02 08:00 TRXUSDT entry=0.0757 → LONG | long=tp(+3.60%) short=sl(-1.95%) | scanned=12 | long_tp_only[I 2026-05-07 00:30:36,702] A new study created in memory with name: no-name-d65f5e85-cb25-4d39-8297-47cb2175b4fc
[I 2026-05-07 00:30:36,959] Trial 0 finished with value: 0.01647620721346168 and parameters: {'confidence_threshold': 0.7790993046299082, 'training_days': 230, 'n_estimators': 295, 'max_depth': 5, 'num_leaves': 83, 'learning_rate': 0.051543455158230854, 'subsample': 0.8773243492079463, 'min_child_samples': 10, 'reg_alpha': 0.034096514368237685, 'reg_lambda': 3.154180388637081e-05}. Best is trial 0 with value: 0.01647620721346168.
[I 2026-05-07 00:30:37,100] Trial 1 finished with value: -0.03095996814696563 and parameters: {'confidence_threshold': 0.6929247853618086, 'training_days': 410, 'n_estimators': 233, 'max_depth': 5, 'num_leaves': 108, 'learning_rate': 0.013724237108071606, 'subsample': 0.7013182233636002, 'min_child_samples': 94, 'reg_alpha': 2.4040959529260723e-06, 'reg_lambda': 5.320966582161148}. Best is trial 0 with value: 0.01647620721346168.
[I 2026-05-07 00:30:37,167] Trial 2 finished with value: 0.03924156217791084 and parameters: {'confidence_threshold': 0.546341527225763, 'training_days': 270, 'n_estimators': 120, 'max_depth': 4, 'num_leaves': 53, 'learning_rate': 0.060197068579343475, 'subsample': 0.588227873455941, 'min_child_samples': 91, 'reg_alpha': 2.3457771824819002e-08, 'reg_lambda': 1.1358840775642732e-08}. Best is trial 2 with value: 0.03924156217791084.
[I 2026-05-07 00:30:37,361] Trial 3 finished with value: 0.039931293503555496 and parameters: {'confidence_threshold': 0.6000319676300473, 'training_days': 270, 'n_estimators': 382, 'max_depth': 4, 'num_leaves': 44, 'learning_rate': 0.09185046765032388, 'subsample': 0.6743651508646724, 'min_child_samples': 77, 'reg_alpha': 0.0013974578104212739, 'reg_lambda': 8.97190257982477e-08}. Best is trial 3 with value: 0.039931293503555496.
[I 2026-05-07 00:30:37,736] Trial 4 finished with value: 0.03664747013393313 and parameters: {'confidence_threshold': 0.7642618789055509, 'training_days': 390, 'n_estimators': 464, 'max_depth': 5, 'num_leaves': 30, 'learning_rate': 0.024562383309704932, 'subsample': 0.8612975035964376, 'min_child_samples': 36, 'reg_alpha': 1.593999300080167, 'reg_lambda': 0.006081270362829788}. Best is trial 3 with value: 0.039931293503555496.
[I 2026-05-07 00:30:37,889] Trial 5 finished with value: 0.03307077076168591 and parameters: {'confidence_threshold': 0.6029115860358569, 'training_days': 60, 'n_estimators': 441, 'max_depth': 3, 'num_leaves': 66, 'learning_rate': 0.044953114425778824, 'subsample': 0.7098948461279406, 'min_child_samples': 15, 'reg_alpha': 4.888753565548431e-07, 'reg_lambda': 4.198190642566389}. Best is trial 3 with value: 0.039931293503555496.
[I 2026-05-07 00:30:38,117] Trial 6 finished with value: -0.03592407337062252 and parameters: {'confidence_threshold': 0.7376932868314098, 'training_days': 290, 'n_estimators': 249, 'max_depth': 5, 'num_leaves': 121, 'learning_rate': 0.015565840632862623, 'subsample': 0.8390183783709677, 'min_child_samples': 19, 'reg_alpha': 1.860444687368747e-08, 'reg_lambda': 2.7391483548058117e-06}. Best is trial 3 with value: 0.039931293503555496.
[I 2026-05-07 00:30:38,157] Trial 7 finished with value: 0.00607878283483286 and parameters: {'confidence_threshold': 0.563503962036334, 'training_days': 70, 'n_estimators': 63, 'max_depth': 3, 'num_leaves': 47, 'learning_rate': 0.18074927623018475, 'subsample': 0.5059692991701257, 'min_child_samples': 9, 'reg_alpha': 3.6945804405602874e-08, 'reg_lambda': 0.027706035542028905}. Best is trial 3 with value: 0.039931293503555496.
[I 2026-05-07 00:30:38,241] Trial 8 finished with value: 0.11216066929669104 and parameters: {'confidence_threshold': 0.6525471176758836, 'training_days': 440, 'n_estimators': 116, 'max_depth': 4, 'num_leaves': 115, 'learning_rate': 0.010229952960863938, 'subsample': 0.5062159465415076, 'min_child_samples': 54, 'reg_alpha': 6.790626457822126e-06, 'reg_lambda': 1.7869141074987722e-05}. Best is trial 8 with value: 0.11216066929669104.
[I 2026-05-07 00:30:38,326] Trial 9 finished with value: 0.07924911981158102 and parameters: {'confidence_threshold': 0.7277571993354469, 'training_days': 360, 'n_estimators': 75, 'max_depth': 5, 'num_leaves': 41, 'learning_rate': 0.014186743931212992, 'subsample': 0.7445187273047605, 'min_child_samples': 22, 'reg_alpha': 0.02393227447113315, 'reg_lambda': 0.009236766173618426}. Best is trial 8 with value: 0.11216066929669104.

  [label] 2023-07-04 16:00 TRXUSDT entry=0.0770 → LONG | long=tp(+3.21%) short=sl(-1.75%) | scanned=9 | long_tp_only
  [label] 2023-07-08 08:00 TRXUSDT entry=0.0793 → SHORT | long=sl(-1.66%) short=tp(+3.02%) | scanned=5 | short_tp_only
  [label] 2023-08-02 08:00 TRXUSDT entry=0.0766 → SHORT | long=timeout(-0.41%) short=timeout(+0.21%) | scanned=22 | no_tp→fwd_return=-0.3132
  [label] 2023-09-24 08:00 TRXUSDT entry=0.0840 → LONG | long=sl(-1.16%) short=sl(-1.16%) | scanned=4 | no_tp→fwd_return=+0.7142
  [label] 2024-03-10 08:00 TRXUSDT entry=0.1346 → SHORT | long=sl(-1.22%) short=tp(+2.14%) | scanned=2 | short_tp_only
  [label] 2024-03-14 08:00 TRXUSDT entry=0.1288 → SHORT | long=sl(-1.39%) short=tp(+2.48%) | scanned=3 | short_tp_only
  [label] 2024-03-25 00:00 TRXUSDT entry=0.1173 → LONG | long=tp(+4.71%) short=sl(-2.51%) | scanned=17 | long_tp_only
  [label] 2024-05-09 08:00 TRXUSDT entry=0.1265 → SHORT | long=sl(-1.50%) short=timeout(+0.79%) | scanned=22 | no_tp→fwd_return=-0.8935
  [label] 2024-05-18 00:00 TRXUSDT entry=0.1242 → SHORT | long=sl(-1.14%) short=tp(+1.99%) | scanned=4 | short_tp_only
  [label] 2024-08-17 16:00 TRXUSDT entry=0.1348 → LONG | long=sl(-1.29%) short=sl(-1.29%) | scanned=5 | no_tp→fwd_return=+3.4061
  [label] 2024-09-18 16:00 TRXUSDT entry=0.1494 → LONG | long=tp(+1.91%) short=sl(-1.11%) | scanned=4 | long_tp_only
  [label] 2024-10-05 00:00 TRXUSDT entry=0.1544 → LONG | long=tp(+1.88%) short=sl(-1.09%) | scanned=10 | long_tp_only
  [label] 2024-10-18 00:00 TRXUSDT entry=0.1590 → SHORT | long=sl(-0.98%) short=tp(+1.65%) | scanned=5 | short_tp_only
  [label] 2024-11-05 16:00 TRXUSDT entry=0.1600 → LONG | long=tp(+1.89%) short=sl(-1.09%) | scanned=2 | long_tp_only
  [label] 2024-11-12 00:00 TRXUSDT entry=0.1683 → LONG | long=sl(-1.25%) short=sl(-1.25%) | scanned=1 | no_tp→fwd_return=+6.6611
  [label] 2024-11-24 08:00 TRXUSDT entry=0.2017 → SHORT | long=sl(-3.32%) short=sl(-3.32%) | scanned=3 | no_tp→fwd_return=-0.7785
  [label] 2025-01-03 08:00 TRXUSDT entry=0.2681 → SHORT | long=sl(-2.50%) short=tp(+4.71%) | scanned=13 | short_tp_only
  [label] 2025-01-13 08:00 TRXUSDT entry=0.2228 → LONG | long=tp(+5.46%) short=sl(-2.88%) | scanned=7 | long_tp_only
  [label] 2025-04-10 08:00 TRXUSDT entry=0.2350 → LONG | long=tp(+4.29%) short=sl(-2.29%) | scanned=5 | long_tp_only
  Labels: 1249 long (57.0%), 944 short (43.0%) | weights: min=1.00, mean=2.61, max=10.00
  Features: 2193/2193 matched, 13 columns
  CV gap: 22 rows
    [trial 0] 13 features, training_days=230 | threshold=0.779 | labels: 1249 long, 944 short (57/43%)
    [CV fold 0] train_end=2023-08-24 00:00 | val_start=2023-08-31 16:00 | gap=184h (22 rows)
    [CV fold 1] train_end=2023-12-23 16:00 | val_start=2023-12-31 08:00 | gap=184h (22 rows)
    [CV fold 2] train_end=2024-04-23 08:00 | val_start=2024-05-01 00:00 | gap=184h (22 rows)
    [CV fold 3] train_end=2024-08-23 00:00 | val_start=2024-08-30 16:00 | gap=184h (22 rows)
    [CV fold 4] train_end=2024-12-22 16:00 | val_start=2024-12-30 08:00 | gap=184h (22 rows)
    [trial 0] Sharpe=0.0165 (folds: 0.0986, -0.0939, 0.1201, -0.0983, 0.0558)
    [trial 1] 13 features, training_days=410 | threshold=0.693 | labels: 1249 long, 944 short (57/43%)
    [trial 1] Sharpe=-0.0310 (folds: 0.1364, -0.3314, 0.0749, -0.1039, 0.0692)
    [trial 2] 13 features, training_days=270 | threshold=0.546 | labels: 1249 long, 944 short (57/43%)
    [trial 2] Sharpe=0.0392 (folds: 0.0377, -0.0464, 0.3285, -0.1814, 0.0578)
    [trial 3] 13 features, training_days=270 | threshold=0.600 | labels: 1249 long, 944 short (57/43%)
    [trial 3] Sharpe=0.0399 (folds: 0.1252, -0.0654, 0.2554, -0.1500, 0.0345)
    [trial 4] 13 features, training_days=390 | threshold=0.764 | labels: 1249 long, 944 short (57/43%)
    [trial 4] Sharpe=0.0366 (folds: 0.0381, -0.0420, 0.1701, -0.1304, 0.1475)
    [trial 5] 13 features, training_days=60 | threshold=0.603 | labels: 1249 long, 944 short (57/43%)
    [trial 5] Sharpe=0.0331 (folds: 0.0554, -0.1788, 0.1434, 0.0029, 0.1424)
    [trial 6] 13 features, training_days=290 | threshold=0.738 | labels: 1249 long, 944 short (57/43%)
    [trial 6] Sharpe=-0.0359 (folds: 0.0705, -0.2340, -0.1084, 0.0359, 0.0565)
    [trial 7] 13 features, training_days=70 | threshold=0.564 | labels: 1249 long, 944 short (57/43%)
    [trial 7] Sharpe=0.0061 (folds: 0.0046, -0.1979, 0.1532, -0.0465, 0.1170)
    [trial 8] 13 features, training_days=440 | threshold=0.653 | labels: 1249 long, 944 short (57/43%)
    [trial 8] Sharpe=0.1122 (folds: 0.0676, 0.2763, 0.1657, -0.1913, 0.2425)
    [trial 9] 13 features, training_days=360 | threshold=0.728 | labels: 1249 long, 944 short (57/43%)
    [trial 9] Sharpe=0.0792 (folds: -0.0444, -0.0188, 0.4519, -0.3688, 0.3764)
  Optuna: 10 trials, best Sharpe = 0.1122
  Best params: n_estimators=116, max_depth=4, lr=0.0102, leaves=115
  Best confidence_threshold: 0.653
  Best training_days: 440
  Retrained on full data (1320 samples, 13 features)
  Model trained for 2025-05: 93 test candles with features, confidence_threshold=0.653
[lgbm] === Training for 2025-06 ===
  Train window: 2023-06-01 → 2025-06-01
  2193 training samples from 1 symbols
  Samples per month: 2023-06: 90, 2023-07: 93, 2023-08: 93, 2023-09: 90, 2023-10: 93, 2023-11: 90, 2023-12: 93, 2024-01: 93, 2024-02: 87, 2024-03: 93, 2024-04: 90, 2024-05: 93, 2024-06: 90, 2024-07: 93, 2024-08: 93, 2024-09: 90, 2024-10: 93, 2024-11: 90, 2024-12: 93, 2025-01: 93, 2025-02: 84, 2025-03: 93, 2025-04: 90, 2025-05: 93
  [label] 2023-08-02 08:00 TRXUSDT entry=0.0766 → SHORT | long=timeout(-0.41%) short=timeout(+0.21%) | scanned=22 | no_tp→fwd_return=-0.3132
  [label] 2023-08-04 16:00 TRXUSDT entry=0.0767 → LONG | long=timeout(+0.50%) short=timeout(-0.70%) | scanned=22 | no_tp→fwd_return=+0.5994
  [label] 2023-08-08 08:00 TRXUSDT entry=0.0767 → LONG | long=timeout(+0.50%) short=timeout(-0.70%) | scanned=22 | no_tp→fwd_return=+0.5997
  [label] 2023-09-02 08:00 TRXUSDT entry=0.0768 → LONG | long=tp(+2.30%) short=sl(-1.30%) | scanned=13 | long_tp_only
  [label] 2023-10-25 08:00 TRXUSDT entry=0.0939 → LONG | long=sl(-1.40%) short=sl(-1.40%) | scanned=13 | no_tp→fwd_return=+1.0336
  [label] 2024-04-10 08:00 TRXUSDT entry=0.1184 → LONG | long=tp(+3.00%) short=sl(-1.65%) | scanned=5 | long_tp_only
  [label] 2024-04-14 08:00 TRXUSDT entry=0.1109 → SHORT | long=sl(-2.27%) short=sl(-2.27%) | scanned=11 | no_tp→fwd_return=-1.4429
  [label] 2024-04-25 00:00 TRXUSDT entry=0.1140 → LONG | long=tp(+3.06%) short=sl(-1.68%) | scanned=3 | long_tp_only
  [label] 2024-06-09 08:00 TRXUSDT entry=0.1165 → LONG | long=sl(-1.34%) short=sl(-1.34%) | scanned=16 | no_tp→fwd_return=+0.0000
  [label] 2024-06-18 00:00 TRXUSDT entry=0.1151 → LONG | long=tp(+2.56%) short=sl(-1.43%) | scanned=10 | long_tp_only
  [label] 2024-09-17 16:00 TRXUSDT entry=0.1499 → LONG | long=timeout(+0.69%) short=sl(-1.16%) | scanned=22 | no_tp→fwd_return=+0.7937
  [label] 2024-10-19 16:00 TRXUSDT entry=0.1567 → LONG | long=sl(-0.94%) short=sl(-0.94%) | scanned=6 | no_tp→fwd_return=+1.0405
  [label] 2024-11-05 00:00 TRXUSDT entry=0.1623 → LONG | long=sl(-1.05%) short=sl(-1.05%) | scanned=4 | no_tp→fwd_return=+0.5424
  [label] 2024-11-18 00:00 TRXUSDT entry=0.2046 → SHORT | long=sl(-2.90%) short=tp(+5.50%) | scanned=9 | short_tp_only
  [label] 2024-12-06 16:00 TRXUSDT entry=0.3258 → SHORT | long=sl(-6.96%) short=tp(+13.62%) | scanned=9 | short_tp_only
  [label] 2024-12-13 00:00 TRXUSDT entry=0.2863 → SHORT | long=sl(-6.98%) short=tp(+13.66%) | scanned=20 | short_tp_only
  [label] 2024-12-25 08:00 TRXUSDT entry=0.2565 → SHORT | long=timeout(-0.65%) short=timeout(+0.45%) | scanned=22 | no_tp→fwd_return=-0.5497
  [label] 2025-02-03 08:00 TRXUSDT entry=0.2253 → LONG | long=sl(-3.71%) short=sl(-3.71%) | scanned=11 | no_tp→fwd_return=+1.0699
  [label] 2025-02-13 08:00 TRXUSDT entry=0.2362 → LONG | long=sl(-2.75%) short=sl(-2.75%) | scanned=9 | no_tp→fwd_return=+2.4173
  [label] 2025-05-11 08:00 TRXUSDT entry=0.2606 → LONG | long=tp(+3.41%) short=sl(-1.86%) | scanned=3 | long_tp_only
  Labels: 1241 long (56.6%), 952 short (43.4%) | weights: min=1.00, mean=2.62, max=10.00[I 2026-05-07 00:30:38,705] A new study created in memory with name: no-name-087f7a67-821d-476e-b7e5-25a7d6be8f11
[I 2026-05-07 00:30:38,941] Trial 0 finished with value: -0.04729046284421069 and parameters: {'confidence_threshold': 0.7790993046299082, 'training_days': 230, 'n_estimators': 295, 'max_depth': 5, 'num_leaves': 83, 'learning_rate': 0.051543455158230854, 'subsample': 0.8773243492079463, 'min_child_samples': 10, 'reg_alpha': 0.034096514368237685, 'reg_lambda': 3.154180388637081e-05}. Best is trial 0 with value: -0.04729046284421069.
