[I 2026-05-07 00:27:37,642] Trial 1 finished with value: -0.12054099459503538 and parameters: {'confidence_threshold': 0.6929247853618086, 'training_days': 410, 'n_estimators': 233, 'max_depth': 5, 'num_leaves': 108, 'learning_rate': 0.013724237108071606, 'subsample': 0.7013182233636002, 'min_child_samples': 94, 'reg_alpha': 2.4040959529260723e-06, 'reg_lambda': 5.320966582161148}. Best is trial 0 with value: -0.0536628099296381.
[I 2026-05-07 00:27:37,712] Trial 2 finished with value: -0.042504431915404005 and parameters: {'confidence_threshold': 0.546341527225763, 'training_days': 270, 'n_estimators': 120, 'max_depth': 4, 'num_leaves': 53, 'learning_rate': 0.060197068579343475, 'subsample': 0.588227873455941, 'min_child_samples': 91, 'reg_alpha': 2.3457771824819002e-08, 'reg_lambda': 1.1358840775642732e-08}. Best is trial 2 with value: -0.042504431915404005.
[I 2026-05-07 00:27:37,888] Trial 3 finished with value: -0.012445846206353766 and parameters: {'confidence_threshold': 0.6000319676300473, 'training_days': 270, 'n_estimators': 382, 'max_depth': 4, 'num_leaves': 44, 'learning_rate': 0.09185046765032388, 'subsample': 0.6743651508646724, 'min_child_samples': 77, 'reg_alpha': 0.0013974578104212739, 'reg_lambda': 8.97190257982477e-08}. Best is trial 3 with value: -0.012445846206353766.
[I 2026-05-07 00:27:38,272] Trial 4 finished with value: -0.11910643635905016 and parameters: {'confidence_threshold': 0.7642618789055509, 'training_days': 390, 'n_estimators': 464, 'max_depth': 5, 'num_leaves': 30, 'learning_rate': 0.024562383309704932, 'subsample': 0.8612975035964376, 'min_child_samples': 36, 'reg_alpha': 1.593999300080167, 'reg_lambda': 0.006081270362829788}. Best is trial 3 with value: -0.012445846206353766.
[I 2026-05-07 00:27:38,428] Trial 5 finished with value: -0.008477525803729713 and parameters: {'confidence_threshold': 0.6029115860358569, 'training_days': 60, 'n_estimators': 441, 'max_depth': 3, 'num_leaves': 66, 'learning_rate': 0.044953114425778824, 'subsample': 0.7098948461279406, 'min_child_samples': 15, 'reg_alpha': 4.888753565548431e-07, 'reg_lambda': 4.198190642566389}. Best is trial 5 with value: -0.008477525803729713.
[I 2026-05-07 00:27:38,675] Trial 6 finished with value: -0.03581815791926132 and parameters: {'confidence_threshold': 0.7376932868314098, 'training_days': 290, 'n_estimators': 249, 'max_depth': 5, 'num_leaves': 121, 'learning_rate': 0.015565840632862623, 'subsample': 0.8390183783709677, 'min_child_samples': 19, 'reg_alpha': 1.860444687368747e-08, 'reg_lambda': 2.7391483548058117e-06}. Best is trial 5 with value: -0.008477525803729713.
[I 2026-05-07 00:27:38,708] Trial 7 finished with value: -0.05069879793166206 and parameters: {'confidence_threshold': 0.563503962036334, 'training_days': 70, 'n_estimators': 63, 'max_depth': 3, 'num_leaves': 47, 'learning_rate': 0.18074927623018475, 'subsample': 0.5059692991701257, 'min_child_samples': 9, 'reg_alpha': 3.6945804405602874e-08, 'reg_lambda': 0.027706035542028905}. Best is trial 5 with value: -0.008477525803729713.
[I 2026-05-07 00:27:38,785] Trial 8 finished with value: -0.19105274089999436 and parameters: {'confidence_threshold': 0.6525471176758836, 'training_days': 440, 'n_estimators': 116, 'max_depth': 4, 'num_leaves': 115, 'learning_rate': 0.010229952960863938, 'subsample': 0.5062159465415076, 'min_child_samples': 54, 'reg_alpha': 6.790626457822126e-06, 'reg_lambda': 1.7869141074987722e-05}. Best is trial 5 with value: -0.008477525803729713.
[I 2026-05-07 00:27:38,863] Trial 9 finished with value: -0.02393818427406715 and parameters: {'confidence_threshold': 0.7277571993354469, 'training_days': 360, 'n_estimators': 75, 'max_depth': 5, 'num_leaves': 41, 'learning_rate': 0.014186743931212992, 'subsample': 0.7445187273047605, 'min_child_samples': 22, 'reg_alpha': 0.02393227447113315, 'reg_lambda': 0.009236766173618426}. Best is trial 5 with value: -0.008477525803729713.
[I 2026-05-07 00:27:39,091] A new study created in memory with name: no-name-511d2b07-a2af-46a5-9875-1e0382f8c304
[I 2026-05-07 00:27:39,336] Trial 0 finished with value: 0.03283170888053385 and parameters: {'confidence_threshold': 0.7790993046299082, 'training_days': 230, 'n_estimators': 295, 'max_depth': 5, 'num_leaves': 83, 'learning_rate': 0.051543455158230854, 'subsample': 0.8773243492079463, 'min_child_samples': 10, 'reg_alpha': 0.034096514368237685, 'reg_lambda': 3.154180388637081e-05}. Best is trial 0 with value: 0.03283170888053385.

  [label] 2023-08-11 08:00 BCHUSDT entry=228.1000 → SHORT | long=sl(-3.05%) short=sl(-3.05%) | scanned=15 | no_tp→fwd_return=-5.1863
  Labels: 957 long (43.7%), 1233 short (56.3%) | weights: min=1.00, mean=3.56, max=10.00
  Features: 2190/2190 matched, 13 columns
  CV gap: 22 rows
    [trial 0] 13 features, training_days=230 | threshold=0.779 | labels: 957 long, 1233 short (44/56%)
    [CV fold 0] train_end=2021-12-24 00:00 | val_start=2021-12-31 16:00 | gap=184h (22 rows)
    [CV fold 1] train_end=2022-04-24 16:00 | val_start=2022-05-02 08:00 | gap=184h (22 rows)
    [CV fold 2] train_end=2022-08-24 08:00 | val_start=2022-09-01 00:00 | gap=184h (22 rows)
    [CV fold 3] train_end=2022-12-24 00:00 | val_start=2022-12-31 16:00 | gap=184h (22 rows)
    [CV fold 4] train_end=2023-04-24 16:00 | val_start=2023-05-02 08:00 | gap=184h (22 rows)
    [trial 0] Sharpe=-0.0537 (folds: -0.0259, -0.1115, -0.1526, 0.1080, -0.0863)
    [trial 1] 13 features, training_days=410 | threshold=0.693 | labels: 957 long, 1233 short (44/56%)
    [trial 1] Sharpe=-0.1205 (folds: 0.1395, -0.3333, -0.2121, -0.0896, -0.1073)
    [trial 2] 13 features, training_days=270 | threshold=0.546 | labels: 957 long, 1233 short (44/56%)
    [trial 2] Sharpe=-0.0425 (folds: -0.0345, -0.1846, -0.1073, 0.0589, 0.0549)
    [trial 3] 13 features, training_days=270 | threshold=0.600 | labels: 957 long, 1233 short (44/56%)
    [trial 3] Sharpe=-0.0124 (folds: -0.0403, -0.0324, 0.0044, 0.0106, -0.0045)
    [trial 4] 13 features, training_days=390 | threshold=0.764 | labels: 957 long, 1233 short (44/56%)
    [trial 4] Sharpe=-0.1191 (folds: -0.0927, -0.1703, -0.0755, 0.0003, -0.2574)
    [trial 5] 13 features, training_days=60 | threshold=0.603 | labels: 957 long, 1233 short (44/56%)
    [trial 5] Sharpe=-0.0085 (folds: 0.1398, -0.1446, 0.0831, 0.0541, -0.1748)
    [trial 6] 13 features, training_days=290 | threshold=0.738 | labels: 957 long, 1233 short (44/56%)
    [trial 6] Sharpe=-0.0358 (folds: -0.0227, -0.1601, -0.0170, -0.0237, 0.0445)
    [trial 7] 13 features, training_days=70 | threshold=0.564 | labels: 957 long, 1233 short (44/56%)
    [trial 7] Sharpe=-0.0507 (folds: 0.0807, -0.1765, -0.0745, 0.0387, -0.1218)
    [trial 8] 13 features, training_days=440 | threshold=0.653 | labels: 957 long, 1233 short (44/56%)
    [trial 8] Sharpe=-0.1911 (folds: 0.0653, -0.5610, -0.2150, -0.0748, -0.1696)
    [trial 9] 13 features, training_days=360 | threshold=0.728 | labels: 957 long, 1233 short (44/56%)
    [trial 9] Sharpe=-0.0239 (folds: 0.1310, -0.1050, -0.1146, -0.0890, 0.0579)
  Optuna: 10 trials, best Sharpe = -0.0085
  Best params: n_estimators=441, max_depth=3, lr=0.0450, leaves=66
  Best confidence_threshold: 0.603
  Best training_days: 60
  Retrained on full data (180 samples, 13 features)
  Model trained for 2023-09: 90 test candles with features, confidence_threshold=0.603
[predict] 2023-09-01 16:00 BCHUSDT → SHORT (proba=1.00 TP=7.7%/SL=3.9%)
[trade:open] 2023-09-01 23:59 BCHUSDT SHORT @ 199.49 | SL=207.20 TP=184.06 | timeout=2023-09-08 23:59
[trade:close] 2023-09-09 00:00 BCHUSDT SHORT → timeout @ 193.03 | PnL=+3.24% (net +3.14%) | cum=+5.86% 2023-09=+3.14% 2023-09-09=+3.14%
[predict] 2023-09-15 08:00 BCHUSDT → SHORT (proba=1.00 TP=6.7%/SL=3.3%)
[trade:open] 2023-09-15 15:59 BCHUSDT SHORT @ 214.24 | SL=221.39 TP=199.93 | timeout=2023-09-22 15:59
[trade:close] 2023-09-16 07:59 BCHUSDT SHORT → stop_loss @ 221.39 | PnL=-3.34% (net -3.44%) | cum=+2.42% 2023-09=-0.30% 2023-09-16=-3.44%
[predict] 2023-09-17 16:00 BCHUSDT → SHORT (proba=1.00 TP=6.6%/SL=3.3%)
[trade:open] 2023-09-17 23:59 BCHUSDT SHORT @ 209.87 | SL=216.77 TP=196.07 | timeout=2023-09-24 23:59
[trade:close] 2023-09-18 15:59 BCHUSDT SHORT → stop_loss @ 216.77 | PnL=-3.29% (net -3.39%) | cum=-0.97% 2023-09=-3.69% 2023-09-18=-3.39%
[predict] 2023-09-20 00:00 BCHUSDT → SHORT (proba=1.00 TP=6.4%/SL=3.2%)
[trade:open] 2023-09-20 07:59 BCHUSDT SHORT @ 216.00 | SL=222.97 TP=202.07 | timeout=2023-09-27 07:59
[trade:close] 2023-09-25 07:59 BCHUSDT SHORT → take_profit @ 202.07 | PnL=+6.45% (net +6.35%) | cum=+5.38% 2023-09=+2.66% 2023-09-25=+6.35%
[predict] 2023-09-28 16:00 BCHUSDT → SHORT (proba=1.00 TP=5.9%/SL=2.9%)
[trade:open] 2023-09-28 23:59 BCHUSDT SHORT @ 238.54 | SL=245.56 TP=224.49 | timeout=2023-10-05 23:59
[lgbm] === Training for 2023-10 ===
  Train window: 2021-10-01 → 2023-10-01
  2190 training samples from 1 symbols
  Samples per month: 2021-10: 93, 2021-11: 90, 2021-12: 93, 2022-01: 93, 2022-02: 84, 2022-03: 93, 2022-04: 90, 2022-05: 93, 2022-06: 90, 2022-07: 93, 2022-08: 93, 2022-09: 90, 2022-10: 93, 2022-11: 90, 2022-12: 93, 2023-01: 93, 2023-02: 84, 2023-03: 93, 2023-04: 90, 2023-05: 93, 2023-06: 90, 2023-07: 93, 2023-08: 93, 2023-09: 90
  [label] 2021-12-02 08:00 BCHUSDT entry=565.0400 → SHORT | long=sl(-3.61%) short=tp(+6.92%) | scanned=4 | short_tp_only
  [label] 2021-12-04 08:00 BCHUSDT entry=467.0600 → LONG | long=sl(-6.17%) short=sl(-6.17%) | scanned=9 | no_tp→fwd_return=+5.4211
  [label] 2021-12-08 08:00 BCHUSDT entry=479.9800 → SHORT | long=sl(-5.72%) short=tp(+11.14%) | scanned=16 | short_tp_only
  [label] 2022-01-02 08:00 BCHUSDT entry=446.8900 → SHORT | long=sl(-2.69%) short=tp(+5.09%) | scanned=10 | short_tp_only
  [label] 2022-02-24 08:00 BCHUSDT entry=272.9700 → LONG | long=tp(+9.13%) short=sl(-4.71%) | scanned=1 | long_tp_only
  [label] 2022-08-10 16:00 BCHUSDT entry=142.0800 → SHORT | long=sl(-4.06%) short=sl(-4.06%) | scanned=13 | no_tp→fwd_return=-5.1731
  [label] 2022-08-15 00:00 BCHUSDT entry=134.7300 → SHORT | long=sl(-4.04%) short=sl(-4.04%) | scanned=11 | no_tp→fwd_return=-4.2752
  [label] 2022-08-25 16:00 BCHUSDT entry=130.4400 → SHORT | long=sl(-3.95%) short=tp(+7.61%) | scanned=3 | short_tp_only
  [label] 2022-10-10 00:00 BCHUSDT entry=116.7000 → SHORT | long=sl(-2.49%) short=tp(+4.68%) | scanned=2 | short_tp_only
  [label] 2022-10-18 16:00 BCHUSDT entry=108.6200 → SHORT | long=sl(-2.50%) short=tp(+4.69%) | scanned=8 | short_tp_only
  [label] 2023-01-18 00:00 BCHUSDT entry=126.5300 → SHORT | long=sl(-3.23%) short=tp(+6.16%) | scanned=2 | short_tp_only
  [label] 2023-02-19 00:00 BCHUSDT entry=135.0100 → LONG | long=tp(+5.44%) short=sl(-2.87%) | scanned=3 | long_tp_only
  [label] 2023-03-07 08:00 BCHUSDT entry=122.5900 → SHORT | long=sl(-2.80%) short=tp(+5.31%) | scanned=4 | short_tp_only
  [label] 2023-03-20 08:00 BCHUSDT entry=132.9900 → SHORT | long=sl(-3.50%) short=tp(+6.69%) | scanned=7 | short_tp_only
  [label] 2023-04-08 00:00 BCHUSDT entry=124.6500 → LONG | long=tp(+4.73%) short=sl(-2.52%) | scanned=16 | long_tp_only
  [label] 2023-04-14 08:00 BCHUSDT entry=129.1700 → LONG | long=tp(+4.16%) short=sl(-2.23%) | scanned=6 | long_tp_only
  [label] 2023-04-26 16:00 BCHUSDT entry=117.3500 → LONG | long=timeout(+2.17%) short=sl(-2.95%) | scanned=22 | no_tp→fwd_return=+2.2667
  [label] 2023-06-05 16:00 BCHUSDT entry=108.5600 → LONG | long=tp(+3.31%) short=sl(-1.81%) | scanned=3 | long_tp_only
  [label] 2023-06-15 16:00 BCHUSDT entry=104.7700 → LONG | long=tp(+5.05%) short=sl(-2.68%) | scanned=15 | long_tp_only
  [label] 2023-09-10 08:00 BCHUSDT entry=188.6500 → LONG | long=sl(-2.99%) short=sl(-2.99%) | scanned=6 | no_tp→fwd_return=+4.5746
  Labels: 979 long (44.7%), 1211 short (55.3%) | weights: min=1.00, mean=3.51, max=10.00
  Features: 2190/2190 matched, 13 columns
  CV gap: 22 rows
    [trial 0] 13 features, training_days=230 | threshold=0.779 | labels: 979 long, 1211 short (45/55%)
    [CV fold 0] train_end=2022-01-23 00:00 | val_start=2022-01-30 16:00 | gap=184h (22 rows)
    [CV fold 1] train_end=2022-05-24 16:00 | val_start=2022-06-01 08:00 | gap=184h (22 rows)
    [CV fold 2] train_end=2022-09-23 08:00 | val_start=2022-10-01 00:00 | gap=184h (22 rows)
    [CV fold 3] train_end=2023-01-23 00:00 | val_start=2023-01-30 16:00 | gap=184h (22 rows)
    [CV fold 4] train_end=2023-05-24 16:00 | val_start=2023-06-01 08:00 | gap=184h (22 rows)
    [trial 0] Sharpe=0.0328 (folds: 0.0403, 0.1806, -0.0810, 0.1155, -0.0913)
    [trial 1] 13 features, training_days=410 | threshold=0.693 | labels: 979 long, 1211 short (45/55%)[I 2026-05-07 00:27:39,472] Trial 1 finished with value: -0.0796096152274416 and parameters: {'confidence_threshold': 0.6929247853618086, 'training_days': 410, 'n_estimators': 233, 'max_depth': 5, 'num_leaves': 108, 'learning_rate': 0.013724237108071606, 'subsample': 0.7013182233636002, 'min_child_samples': 94, 'reg_alpha': 2.4040959529260723e-06, 'reg_lambda': 5.320966582161148}. Best is trial 0 with value: 0.03283170888053385.
[I 2026-05-07 00:27:39,544] Trial 2 finished with value: 0.02711865348881314 and parameters: {'confidence_threshold': 0.546341527225763, 'training_days': 270, 'n_estimators': 120, 'max_depth': 4, 'num_leaves': 53, 'learning_rate': 0.060197068579343475, 'subsample': 0.588227873455941, 'min_child_samples': 91, 'reg_alpha': 2.3457771824819002e-08, 'reg_lambda': 1.1358840775642732e-08}. Best is trial 0 with value: 0.03283170888053385.
[I 2026-05-07 00:27:39,731] Trial 3 finished with value: 0.01584112408773696 and parameters: {'confidence_threshold': 0.6000319676300473, 'training_days': 270, 'n_estimators': 382, 'max_depth': 4, 'num_leaves': 44, 'learning_rate': 0.09185046765032388, 'subsample': 0.6743651508646724, 'min_child_samples': 77, 'reg_alpha': 0.0013974578104212739, 'reg_lambda': 8.97190257982477e-08}. Best is trial 0 with value: 0.03283170888053385.
[I 2026-05-07 00:27:40,114] Trial 4 finished with value: -0.002503949734184663 and parameters: {'confidence_threshold': 0.7642618789055509, 'training_days': 390, 'n_estimators': 464, 'max_depth': 5, 'num_leaves': 30, 'learning_rate': 0.024562383309704932, 'subsample': 0.8612975035964376, 'min_child_samples': 36, 'reg_alpha': 1.593999300080167, 'reg_lambda': 0.006081270362829788}. Best is trial 0 with value: 0.03283170888053385.
[I 2026-05-07 00:27:40,276] Trial 5 finished with value: 0.062268598749422255 and parameters: {'confidence_threshold': 0.6029115860358569, 'training_days': 60, 'n_estimators': 441, 'max_depth': 3, 'num_leaves': 66, 'learning_rate': 0.044953114425778824, 'subsample': 0.7098948461279406, 'min_child_samples': 15, 'reg_alpha': 4.888753565548431e-07, 'reg_lambda': 4.198190642566389}. Best is trial 5 with value: 0.062268598749422255.
[I 2026-05-07 00:27:40,508] Trial 6 finished with value: 0.0392879109888646 and parameters: {'confidence_threshold': 0.7376932868314098, 'training_days': 290, 'n_estimators': 249, 'max_depth': 5, 'num_leaves': 121, 'learning_rate': 0.015565840632862623, 'subsample': 0.8390183783709677, 'min_child_samples': 19, 'reg_alpha': 1.860444687368747e-08, 'reg_lambda': 2.7391483548058117e-06}. Best is trial 5 with value: 0.062268598749422255.
[I 2026-05-07 00:27:40,542] Trial 7 finished with value: 0.05485473008131432 and parameters: {'confidence_threshold': 0.563503962036334, 'training_days': 70, 'n_estimators': 63, 'max_depth': 3, 'num_leaves': 47, 'learning_rate': 0.18074927623018475, 'subsample': 0.5059692991701257, 'min_child_samples': 9, 'reg_alpha': 3.6945804405602874e-08, 'reg_lambda': 0.027706035542028905}. Best is trial 5 with value: 0.062268598749422255.
[I 2026-05-07 00:27:40,619] Trial 8 finished with value: 0.04580213771806464 and parameters: {'confidence_threshold': 0.6525471176758836, 'training_days': 440, 'n_estimators': 116, 'max_depth': 4, 'num_leaves': 115, 'learning_rate': 0.010229952960863938, 'subsample': 0.5062159465415076, 'min_child_samples': 54, 'reg_alpha': 6.790626457822126e-06, 'reg_lambda': 1.7869141074987722e-05}. Best is trial 5 with value: 0.062268598749422255.
[I 2026-05-07 00:27:40,701] Trial 9 finished with value: -2.0654057468231795 and parameters: {'confidence_threshold': 0.7277571993354469, 'training_days': 360, 'n_estimators': 75, 'max_depth': 5, 'num_leaves': 41, 'learning_rate': 0.014186743931212992, 'subsample': 0.7445187273047605, 'min_child_samples': 22, 'reg_alpha': 0.02393227447113315, 'reg_lambda': 0.009236766173618426}. Best is trial 5 with value: 0.062268598749422255.
[I 2026-05-07 00:27:40,924] A new study created in memory with name: no-name-a8c77f10-9ab0-4df2-8f1e-c7f732ff1279
[I 2026-05-07 00:27:41,208] Trial 0 finished with value: -0.017900960366070175 and parameters: {'confidence_threshold': 0.7790993046299082, 'training_days': 230, 'n_estimators': 295, 'max_depth': 5, 'num_leaves': 83, 'learning_rate': 0.051543455158230854, 'subsample': 0.8773243492079463, 'min_child_samples': 10, 'reg_alpha': 0.034096514368237685, 'reg_lambda': 3.154180388637081e-05}. Best is trial 0 with value: -0.017900960366070175.
[I 2026-05-07 00:27:41,345] Trial 1 finished with value: -0.20758171036015627 and parameters: {'confidence_threshold': 0.6929247853618086, 'training_days': 410, 'n_estimators': 233, 'max_depth': 5, 'num_leaves': 108, 'learning_rate': 0.013724237108071606, 'subsample': 0.7013182233636002, 'min_child_samples': 94, 'reg_alpha': 2.4040959529260723e-06, 'reg_lambda': 5.320966582161148}. Best is trial 0 with value: -0.017900960366070175.
[I 2026-05-07 00:27:41,409] Trial 2 finished with value: -0.05514085354363839 and parameters: {'confidence_threshold': 0.546341527225763, 'training_days': 270, 'n_estimators': 120, 'max_depth': 4, 'num_leaves': 53, 'learning_rate': 0.060197068579343475, 'subsample': 0.588227873455941, 'min_child_samples': 91, 'reg_alpha': 2.3457771824819002e-08, 'reg_lambda': 1.1358840775642732e-08}. Best is trial 0 with value: -0.017900960366070175.
[I 2026-05-07 00:27:41,572] Trial 3 finished with value: -0.02422866851777714 and parameters: {'confidence_threshold': 0.6000319676300473, 'training_days': 270, 'n_estimators': 382, 'max_depth': 4, 'num_leaves': 44, 'learning_rate': 0.09185046765032388, 'subsample': 0.6743651508646724, 'min_child_samples': 77, 'reg_alpha': 0.0013974578104212739, 'reg_lambda': 8.97190257982477e-08}. Best is trial 0 with value: -0.017900960366070175.
[I 2026-05-07 00:27:41,925] Trial 4 finished with value: 0.017211002754418666 and parameters: {'confidence_threshold': 0.7642618789055509, 'training_days': 390, 'n_estimators': 464, 'max_depth': 5, 'num_leaves': 30, 'learning_rate': 0.024562383309704932, 'subsample': 0.8612975035964376, 'min_child_samples': 36, 'reg_alpha': 1.593999300080167, 'reg_lambda': 0.006081270362829788}. Best is trial 4 with value: 0.017211002754418666.
