[I 2026-05-07 00:28:41,710] Trial 9 finished with value: -1.900996788330517 and parameters: {'confidence_threshold': 0.7277571993354469, 'training_days': 360, 'n_estimators': 75, 'max_depth': 5, 'num_leaves': 41, 'learning_rate': 0.014186743931212992, 'subsample': 0.7445187273047605, 'min_child_samples': 22, 'reg_alpha': 0.02393227447113315, 'reg_lambda': 0.009236766173618426}. Best is trial 1 with value: -0.00606834577520689.

    [trial 5] 13 features, training_days=60 | threshold=0.603 | labels: 1026 long, 1103 short (48/52%)
    [trial 5] Sharpe=0.0177 (folds: 0.2246, 0.0935, -0.2630, -0.1086, 0.1418)
    [trial 6] 13 features, training_days=290 | threshold=0.738 | labels: 1026 long, 1103 short (48/52%)
    [trial 6] Sharpe=-0.0074 (folds: 0.2367, -0.1724, -0.1459, -0.0930, 0.1375)
    [trial 7] 13 features, training_days=70 | threshold=0.564 | labels: 1026 long, 1103 short (48/52%)
    [trial 7] Sharpe=0.0507 (folds: 0.1444, 0.1309, -0.0968, -0.0448, 0.1199)
    [trial 8] 13 features, training_days=440 | threshold=0.653 | labels: 1026 long, 1103 short (48/52%)
    [trial 8] Sharpe=0.0955 (folds: 0.2391, 0.0338, -0.1991, 0.3159, 0.0878)
    [trial 9] 13 features, training_days=360 | threshold=0.728 | labels: 1026 long, 1103 short (48/52%)
    [trial 9] Sharpe=-0.0678 (folds: 0.1632, -0.5408, -0.1481, 0.0216, 0.1652)
  Optuna: 10 trials, best Sharpe = 0.0955
  Best params: n_estimators=116, max_depth=4, lr=0.0102, leaves=115
  Best confidence_threshold: 0.653
  Best training_days: 440
  Retrained on full data (1320 samples, 13 features)
  Model trained for 2024-09: 90 test candles with features, confidence_threshold=0.653
[predict] 2024-09-25 16:00 LDOUSDT → SHORT (proba=0.67 TP=8.5%/SL=4.2%)
[trade:open] 2024-09-25 23:59 LDOUSDT SHORT @ 1.23 | SL=1.28 TP=1.13 | timeout=2024-10-02 23:59
[trade:close] 2024-09-26 15:59 LDOUSDT SHORT → stop_loss @ 1.28 | PnL=-4.23% (net -4.33%) | cum=-4.33% 2024-09=-4.33% 2024-09-26=-4.33%
[lgbm] === Training for 2024-10 ===
  Train window: 2022-10-01 → 2024-10-01
  2193 training samples from 1 symbols
  Samples per month: 2022-10: 93, 2022-11: 90, 2022-12: 93, 2023-01: 93, 2023-02: 84, 2023-03: 93, 2023-04: 90, 2023-05: 93, 2023-06: 90, 2023-07: 93, 2023-08: 93, 2023-09: 90, 2023-10: 93, 2023-11: 90, 2023-12: 93, 2024-01: 93, 2024-02: 87, 2024-03: 93, 2024-04: 90, 2024-05: 93, 2024-06: 90, 2024-07: 93, 2024-08: 93, 2024-09: 90
  [label] 2022-12-02 08:00 LDOUSDT entry=1.1086 → SHORT | long=sl(-4.18%) short=tp(+8.05%) | scanned=14 | short_tp_only
  [label] 2022-12-04 16:00 LDOUSDT entry=1.1055 → SHORT | long=sl(-3.57%) short=tp(+6.85%) | scanned=7 | short_tp_only
  [label] 2022-12-08 08:00 LDOUSDT entry=1.0266 → LONG | long=sl(-3.65%) short=sl(-3.65%) | scanned=13 | no_tp→fwd_return=+3.6431
  [label] 2023-01-02 08:00 LDOUSDT entry=1.2174 → LONG | long=tp(+7.83%) short=sl(-4.07%) | scanned=5 | long_tp_only
  [label] 2023-02-24 08:00 LDOUSDT entry=2.8380 → LONG | long=tp(+14.58%) short=sl(-7.44%) | scanned=9 | long_tp_only
  [label] 2023-08-11 08:00 LDOUSDT entry=1.8371 → SHORT | long=sl(-2.59%) short=tp(+4.88%) | scanned=13 | short_tp_only
  [label] 2023-08-15 08:00 LDOUSDT entry=1.8155 → SHORT | long=sl(-2.10%) short=tp(+3.90%) | scanned=1 | short_tp_only
  [label] 2023-08-26 00:00 LDOUSDT entry=1.5845 → LONG | long=sl(-3.48%) short=sl(-3.48%) | scanned=10 | no_tp→fwd_return=+1.9754
  [label] 2023-10-10 08:00 LDOUSDT entry=1.5327 → LONG | long=sl(-2.97%) short=sl(-2.97%) | scanned=10 | no_tp→fwd_return=+1.6898
  [label] 2023-10-19 00:00 LDOUSDT entry=1.4781 → LONG | long=tp(+5.40%) short=sl(-2.85%) | scanned=6 | long_tp_only
  [label] 2024-01-18 16:00 LDOUSDT entry=3.0316 → SHORT | long=sl(-6.67%) short=tp(+13.05%) | scanned=14 | short_tp_only
  [label] 2024-02-19 16:00 LDOUSDT entry=3.4041 → SHORT | long=sl(-3.61%) short=tp(+6.93%) | scanned=2 | short_tp_only
  [label] 2024-03-07 00:00 LDOUSDT entry=3.3435 → LONG | long=sl(-5.76%) short=sl(-5.76%) | scanned=12 | no_tp→fwd_return=+1.4835
  [label] 2024-03-20 00:00 LDOUSDT entry=2.4325 → LONG | long=tp(+15.18%) short=sl(-7.74%) | scanned=4 | long_tp_only
  [label] 2024-04-07 16:00 LDOUSDT entry=2.6963 → LONG | long=tp(+10.05%) short=sl(-5.18%) | scanned=2 | long_tp_only
  [label] 2024-04-14 00:00 LDOUSDT entry=2.0016 → LONG | long=timeout(+5.50%) short=timeout(-5.70%) | scanned=22 | no_tp→fwd_return=+5.5955
  [label] 2024-04-26 08:00 LDOUSDT entry=1.9701 → LONG | long=tp(+10.15%) short=sl(-5.22%) | scanned=8 | long_tp_only
  [label] 2024-06-05 08:00 LDOUSDT entry=2.2552 → SHORT | long=sl(-5.02%) short=tp(+9.74%) | scanned=7 | short_tp_only
  [label] 2024-06-15 08:00 LDOUSDT entry=2.0517 → SHORT | long=sl(-5.34%) short=sl(-5.34%) | scanned=8 | no_tp→fwd_return=-0.0926
  [label] 2024-09-10 08:00 LDOUSDT entry=0.9920 → LONG | long=tp(+8.47%) short=sl(-4.38%) | scanned=10 | long_tp_only
  Labels: 1072 long (48.9%), 1121 short (51.1%) | weights: min=1.04, mean=3.90, max=10.00
  Features: 2193/2193 matched, 13 columns
  CV gap: 22 rows
    [trial 0] 13 features, training_days=230 | threshold=0.779 | labels: 1072 long, 1121 short (49/51%)
    [CV fold 0] train_end=2023-01-24 00:00 | val_start=2023-01-31 16:00 | gap=184h (22 rows)
    [CV fold 1] train_end=2023-05-25 16:00 | val_start=2023-06-02 08:00 | gap=184h (22 rows)
    [CV fold 2] train_end=2023-09-24 08:00 | val_start=2023-10-02 00:00 | gap=184h (22 rows)
    [CV fold 3] train_end=2024-01-24 00:00 | val_start=2024-01-31 16:00 | gap=184h (22 rows)
    [CV fold 4] train_end=2024-05-24 16:00 | val_start=2024-06-01 08:00 | gap=184h (22 rows)
    [trial 0] Sharpe=-0.1207 (folds: 0.1205, -0.1158, -0.1977, -0.1192, -0.2915)
    [trial 1] 13 features, training_days=410 | threshold=0.693 | labels: 1072 long, 1121 short (49/51%)
    [trial 1] Sharpe=-0.0061 (folds: -0.0098, 0.0061, -0.0076, -0.2133, 0.1942)
    [trial 2] 13 features, training_days=270 | threshold=0.546 | labels: 1072 long, 1121 short (49/51%)
    [trial 2] Sharpe=-0.0264 (folds: 0.1365, -0.0369, -0.1791, -0.1241, 0.0716)
    [trial 3] 13 features, training_days=270 | threshold=0.600 | labels: 1072 long, 1121 short (49/51%)
    [trial 3] Sharpe=-0.0503 (folds: 0.1678, -0.1328, -0.0925, -0.1842, -0.0100)
    [trial 4] 13 features, training_days=390 | threshold=0.764 | labels: 1072 long, 1121 short (49/51%)
    [trial 4] Sharpe=-0.0402 (folds: 0.1390, -0.1197, 0.0033, -0.1570, -0.0666)
    [trial 5] 13 features, training_days=60 | threshold=0.603 | labels: 1072 long, 1121 short (49/51%)
    [trial 5] Sharpe=-0.0509 (folds: 0.1081, -0.0968, -0.0028, -0.1034, -0.1598)
    [trial 6] 13 features, training_days=290 | threshold=0.738 | labels: 1072 long, 1121 short (49/51%)
    [trial 6] Sharpe=-0.1315 (folds: 0.1207, -0.1233, -0.0697, -0.1287, -0.4567)
    [trial 7] 13 features, training_days=70 | threshold=0.564 | labels: 1072 long, 1121 short (49/51%)
    [trial 7] Sharpe=-0.0319 (folds: 0.1396, -0.0269, -0.0586, -0.0265, -0.1869)
    [trial 8] 13 features, training_days=440 | threshold=0.653 | labels: 1072 long, 1121 short (49/51%)
    [trial 8] Sharpe=-2.0278 (folds: 0.1187, -0.1342, -0.1354, 0.0119, -10.0000)
    [trial 9] 13 features, training_days=360 | threshold=0.728 | labels: 1072 long, 1121 short (49/51%)
    [trial 9] Sharpe=-1.9010 (folds: -10.0000, -0.1374, 0.0021, -0.2539, 0.8843)
  Optuna: 10 trials, best Sharpe = -0.0061
  Best params: n_estimators=233, max_depth=5, lr=0.0137, leaves=108
  Best confidence_threshold: 0.693
  Best training_days: 410
  Retrained on full data (1230 samples, 13 features)
  Model trained for 2024-10: 93 test candles with features, confidence_threshold=0.693
[predict] 2024-10-06 16:00 LDOUSDT → SHORT (proba=0.82 TP=9.4%/SL=4.7%)
[trade:open] 2024-10-06 23:59 LDOUSDT SHORT @ 1.08 | SL=1.13 TP=0.98 | timeout=2024-10-13 23:59
[trade:close] 2024-10-07 07:59 LDOUSDT SHORT → stop_loss @ 1.13 | PnL=-4.72% (net -4.82%) | cum=-9.14% 2024-10=-4.82% 2024-10-07=-4.82%
[predict] 2024-10-08 16:00 LDOUSDT → SHORT (proba=0.86 TP=9.4%/SL=4.7%)
[trade:open] 2024-10-08 23:59 LDOUSDT SHORT @ 1.07 | SL=1.12 TP=0.97 | timeout=2024-10-15 23:59
[trade:close] 2024-10-14 15:59 LDOUSDT SHORT → stop_loss @ 1.12 | PnL=-4.70% (net -4.80%) | cum=-13.95% 2024-10=-9.62% 2024-10-14=-4.80%
[lgbm] === Training for 2024-11 ===
  Train window: 2022-11-01 → 2024-11-01
  2193 training samples from 1 symbols
  Samples per month: 2022-11: 90, 2022-12: 93, 2023-01: 93, 2023-02: 84, 2023-03: 93, 2023-04: 90, 2023-05: 93, 2023-06: 90, 2023-07: 93, 2023-08: 93, 2023-09: 90, 2023-10: 93, 2023-11: 90, 2023-12: 93, 2024-01: 93, 2024-02: 87, 2024-03: 93, 2024-04: 90, 2024-05: 93, 2024-06: 90, 2024-07: 93, 2024-08: 93, 2024-09: 90, 2024-10: 93[I 2026-05-07 00:28:42,004] A new study created in memory with name: no-name-3bef380e-029e-4d7f-b997-44a6447ec9e0
[I 2026-05-07 00:28:42,277] Trial 0 finished with value: -0.056520357341121506 and parameters: {'confidence_threshold': 0.7790993046299082, 'training_days': 230, 'n_estimators': 295, 'max_depth': 5, 'num_leaves': 83, 'learning_rate': 0.051543455158230854, 'subsample': 0.8773243492079463, 'min_child_samples': 10, 'reg_alpha': 0.034096514368237685, 'reg_lambda': 3.154180388637081e-05}. Best is trial 0 with value: -0.056520357341121506.
[I 2026-05-07 00:28:42,425] Trial 1 finished with value: -0.07029619140880426 and parameters: {'confidence_threshold': 0.6929247853618086, 'training_days': 410, 'n_estimators': 233, 'max_depth': 5, 'num_leaves': 108, 'learning_rate': 0.013724237108071606, 'subsample': 0.7013182233636002, 'min_child_samples': 94, 'reg_alpha': 2.4040959529260723e-06, 'reg_lambda': 5.320966582161148}. Best is trial 0 with value: -0.056520357341121506.
[I 2026-05-07 00:28:42,487] Trial 2 finished with value: -0.06939019468613669 and parameters: {'confidence_threshold': 0.546341527225763, 'training_days': 270, 'n_estimators': 120, 'max_depth': 4, 'num_leaves': 53, 'learning_rate': 0.060197068579343475, 'subsample': 0.588227873455941, 'min_child_samples': 91, 'reg_alpha': 2.3457771824819002e-08, 'reg_lambda': 1.1358840775642732e-08}. Best is trial 0 with value: -0.056520357341121506.
[I 2026-05-07 00:28:42,676] Trial 3 finished with value: -0.07794245215065779 and parameters: {'confidence_threshold': 0.6000319676300473, 'training_days': 270, 'n_estimators': 382, 'max_depth': 4, 'num_leaves': 44, 'learning_rate': 0.09185046765032388, 'subsample': 0.6743651508646724, 'min_child_samples': 77, 'reg_alpha': 0.0013974578104212739, 'reg_lambda': 8.97190257982477e-08}. Best is trial 0 with value: -0.056520357341121506.
[I 2026-05-07 00:28:43,083] Trial 4 finished with value: -0.05128036178400537 and parameters: {'confidence_threshold': 0.7642618789055509, 'training_days': 390, 'n_estimators': 464, 'max_depth': 5, 'num_leaves': 30, 'learning_rate': 0.024562383309704932, 'subsample': 0.8612975035964376, 'min_child_samples': 36, 'reg_alpha': 1.593999300080167, 'reg_lambda': 0.006081270362829788}. Best is trial 4 with value: -0.05128036178400537.
[I 2026-05-07 00:28:43,225] Trial 5 finished with value: -0.058434097561205364 and parameters: {'confidence_threshold': 0.6029115860358569, 'training_days': 60, 'n_estimators': 441, 'max_depth': 3, 'num_leaves': 66, 'learning_rate': 0.044953114425778824, 'subsample': 0.7098948461279406, 'min_child_samples': 15, 'reg_alpha': 4.888753565548431e-07, 'reg_lambda': 4.198190642566389}. Best is trial 4 with value: -0.05128036178400537.
[I 2026-05-07 00:28:43,462] Trial 6 finished with value: -0.06679025803438815 and parameters: {'confidence_threshold': 0.7376932868314098, 'training_days': 290, 'n_estimators': 249, 'max_depth': 5, 'num_leaves': 121, 'learning_rate': 0.015565840632862623, 'subsample': 0.8390183783709677, 'min_child_samples': 19, 'reg_alpha': 1.860444687368747e-08, 'reg_lambda': 2.7391483548058117e-06}. Best is trial 4 with value: -0.05128036178400537.
[I 2026-05-07 00:28:43,501] Trial 7 finished with value: -0.025647670065136696 and parameters: {'confidence_threshold': 0.563503962036334, 'training_days': 70, 'n_estimators': 63, 'max_depth': 3, 'num_leaves': 47, 'learning_rate': 0.18074927623018475, 'subsample': 0.5059692991701257, 'min_child_samples': 9, 'reg_alpha': 3.6945804405602874e-08, 'reg_lambda': 0.027706035542028905}. Best is trial 7 with value: -0.025647670065136696.
[I 2026-05-07 00:28:43,590] Trial 8 finished with value: -2.0869337429146855 and parameters: {'confidence_threshold': 0.6525471176758836, 'training_days': 440, 'n_estimators': 116, 'max_depth': 4, 'num_leaves': 115, 'learning_rate': 0.010229952960863938, 'subsample': 0.5062159465415076, 'min_child_samples': 54, 'reg_alpha': 6.790626457822126e-06, 'reg_lambda': 1.7869141074987722e-05}. Best is trial 7 with value: -0.025647670065136696.
[I 2026-05-07 00:28:43,682] Trial 9 finished with value: -2.124472948332087 and parameters: {'confidence_threshold': 0.7277571993354469, 'training_days': 360, 'n_estimators': 75, 'max_depth': 5, 'num_leaves': 41, 'learning_rate': 0.014186743931212992, 'subsample': 0.7445187273047605, 'min_child_samples': 22, 'reg_alpha': 0.02393227447113315, 'reg_lambda': 0.009236766173618426}. Best is trial 7 with value: -0.025647670065136696.

  [label] 2023-01-02 08:00 LDOUSDT entry=1.2174 → LONG | long=tp(+7.83%) short=sl(-4.07%) | scanned=5 | long_tp_only
  [label] 2023-01-04 16:00 LDOUSDT entry=1.3785 → LONG | long=sl(-4.83%) short=sl(-4.83%) | scanned=6 | no_tp→fwd_return=+10.0907
  [label] 2023-01-08 08:00 LDOUSDT entry=1.6285 → LONG | long=tp(+9.24%) short=sl(-4.77%) | scanned=1 | long_tp_only
  [label] 2023-02-02 08:00 LDOUSDT entry=2.3188 → SHORT | long=sl(-6.92%) short=sl(-6.92%) | scanned=9 | no_tp→fwd_return=-11.8423
  [label] 2023-03-27 08:00 LDOUSDT entry=2.1218 → LONG | long=tp(+13.76%) short=sl(-7.03%) | scanned=5 | long_tp_only
  [label] 2023-09-11 08:00 LDOUSDT entry=1.4562 → LONG | long=tp(+5.44%) short=sl(-2.87%) | scanned=14 | long_tp_only
  [label] 2023-09-15 08:00 LDOUSDT entry=1.4863 → LONG | long=tp(+5.23%) short=sl(-2.77%) | scanned=2 | long_tp_only
  [label] 2023-09-26 00:00 LDOUSDT entry=1.4806 → LONG | long=sl(-2.34%) short=sl(-2.34%) | scanned=6 | no_tp→fwd_return=+4.6130
  [label] 2023-11-10 08:00 LDOUSDT entry=2.3207 → LONG | long=sl(-5.85%) short=sl(-5.85%) | scanned=9 | no_tp→fwd_return=+5.7526
  [label] 2023-11-19 00:00 LDOUSDT entry=2.2778 → LONG | long=tp(+12.83%) short=sl(-6.57%) | scanned=4 | long_tp_only
  [label] 2024-02-18 16:00 LDOUSDT entry=3.3367 → SHORT | long=sl(-3.62%) short=sl(-3.62%) | scanned=4 | no_tp→fwd_return=-2.3946
  [label] 2024-03-21 16:00 LDOUSDT entry=2.8651 → LONG | long=tp(+13.23%) short=sl(-6.76%) | scanned=10 | long_tp_only
  [label] 2024-04-07 00:00 LDOUSDT entry=2.5709 → LONG | long=tp(+10.73%) short=sl(-5.52%) | scanned=4 | long_tp_only
  [label] 2024-04-20 00:00 LDOUSDT entry=1.9888 → SHORT | long=timeout(-2.74%) short=sl(-7.11%) | scanned=22 | no_tp→fwd_return=-2.6448
  [label] 2024-05-08 16:00 LDOUSDT entry=1.8511 → SHORT | long=sl(-5.01%) short=sl(-5.01%) | scanned=6 | no_tp→fwd_return=-5.0456
  [label] 2024-05-15 00:00 LDOUSDT entry=1.5994 → SHORT | long=sl(-4.66%) short=sl(-4.66%) | scanned=4 | no_tp→fwd_return=-2.9323
  [label] 2024-05-27 08:00 LDOUSDT entry=2.5755 → SHORT | long=sl(-5.62%) short=tp(+10.93%) | scanned=8 | short_tp_only
  [label] 2024-07-06 08:00 LDOUSDT entry=1.5756 → LONG | long=timeout(+7.75%) short=sl(-7.35%) | scanned=22 | no_tp→fwd_return=+7.8510
  [label] 2024-07-16 08:00 LDOUSDT entry=1.8170 → LONG | long=tp(+9.41%) short=sl(-4.86%) | scanned=3 | long_tp_only
  [label] 2024-10-11 08:00 LDOUSDT entry=1.0837 → LONG | long=sl(-4.39%) short=sl(-4.39%) | scanned=9 | no_tp→fwd_return=+7.6774
  Labels: 1084 long (49.4%), 1109 short (50.6%) | weights: min=1.04, mean=3.89, max=10.00
  Features: 2193/2193 matched, 13 columns
  CV gap: 22 rows
    [trial 0] 13 features, training_days=230 | threshold=0.779 | labels: 1084 long, 1109 short (49/51%)
    [CV fold 0] train_end=2023-02-24 00:00 | val_start=2023-03-03 16:00 | gap=184h (22 rows)
    [CV fold 1] train_end=2023-06-25 16:00 | val_start=2023-07-03 08:00 | gap=184h (22 rows)
    [CV fold 2] train_end=2023-10-25 08:00 | val_start=2023-11-02 00:00 | gap=184h (22 rows)
    [CV fold 3] train_end=2024-02-24 00:00 | val_start=2024-03-02 16:00 | gap=184h (22 rows)
    [CV fold 4] train_end=2024-06-24 16:00 | val_start=2024-07-02 08:00 | gap=184h (22 rows)
    [trial 0] Sharpe=-0.0565 (folds: -0.0453, -0.2395, 0.0002, 0.1372, -0.1351)
    [trial 1] 13 features, training_days=410 | threshold=0.693 | labels: 1084 long, 1109 short (49/51%)
    [trial 1] Sharpe=-0.0703 (folds: -0.0630, -0.2433, 0.1062, -0.1691, 0.0178)
    [trial 2] 13 features, training_days=270 | threshold=0.546 | labels: 1084 long, 1109 short (49/51%)
    [trial 2] Sharpe=-0.0694 (folds: -0.0740, -0.2012, -0.1291, 0.0342, 0.0231)
    [trial 3] 13 features, training_days=270 | threshold=0.600 | labels: 1084 long, 1109 short (49/51%)
    [trial 3] Sharpe=-0.0779 (folds: -0.1000, -0.1940, -0.0862, -0.0195, 0.0100)
    [trial 4] 13 features, training_days=390 | threshold=0.764 | labels: 1084 long, 1109 short (49/51%)
    [trial 4] Sharpe=-0.0513 (folds: -0.0552, -0.2171, 0.0663, 0.0239, -0.0743)
    [trial 5] 13 features, training_days=60 | threshold=0.603 | labels: 1084 long, 1109 short (49/51%)
    [trial 5] Sharpe=-0.0584 (folds: 0.0470, -0.0399, -0.0486, -0.1532, -0.0974)
    [trial 6] 13 features, training_days=290 | threshold=0.738 | labels: 1084 long, 1109 short (49/51%)
    [trial 6] Sharpe=-0.0668 (folds: -0.0580, -0.2008, -0.0608, 0.1074, -0.1218)
    [trial 7] 13 features, training_days=70 | threshold=0.564 | labels: 1084 long, 1109 short (49/51%)
    [trial 7] Sharpe=-0.0256 (folds: 0.0393, 0.0955, -0.0259, -0.1346, -0.1026)
    [trial 8] 13 features, training_days=440 | threshold=0.653 | labels: 1084 long, 1109 short (49/51%)
    [trial 8] Sharpe=-2.0869 (folds: -0.0978, -0.2021, 0.0386, -0.1734, -10.0000)
    [trial 9] 13 features, training_days=360 | threshold=0.728 | labels: 1084 long, 1109 short (49/51%)
    [trial 9] Sharpe=-2.1245 (folds: -0.0326, -0.3292, -10.0000, 0.0297, -0.2903)
  Optuna: 10 trials, best Sharpe = -0.0256
  Best params: n_estimators=63, max_depth=3, lr=0.1807, leaves=47
  Best confidence_threshold: 0.564
  Best training_days: 70
  Retrained on full data (210 samples, 13 features)
  Model trained for 2024-11: 90 test candles with features, confidence_threshold=0.564
[predict] 2024-11-12 08:00 LDOUSDT → LONG (proba=0.84 TP=14.7%/SL=7.4%)
[trade:open] 2024-11-12 15:59 LDOUSDT LONG @ 1.17 | SL=1.08 TP=1.34 | timeout=2024-11-19 15:59
[trade:close] 2024-11-13 07:59 LDOUSDT LONG → stop_loss @ 1.08 | PnL=-7.37% (net -7.47%) | cum=-21.41% 2024-11=-7.47% 2024-11-13=-7.47%
[lgbm] === Training for 2024-12 ===
  Train window: 2022-12-01 → 2024-12-01
  2193 training samples from 1 symbols
  Samples per month: 2022-12: 93, 2023-01: 93, 2023-02: 84, 2023-03: 93, 2023-04: 90, 2023-05: 93, 2023-06: 90, 2023-07: 93, 2023-08: 93, 2023-09: 90, 2023-10: 93, 2023-11: 90, 2023-12: 93, 2024-01: 93, 2024-02: 87, 2024-03: 93, 2024-04: 90, 2024-05: 93, 2024-06: 90, 2024-07: 93, 2024-08: 93, 2024-09: 90, 2024-10: 93, 2024-11: 90
  [label] 2023-02-01 08:00 LDOUSDT entry=2.1000 → LONG | long=tp(+14.79%) short=sl(-7.54%) | scanned=2 | long_tp_only
  [label] 2023-02-03 16:00 LDOUSDT entry=2.3575 → SHORT | long=sl(-7.06%) short=tp(+13.83%) | scanned=5 | short_tp_only
  [label] 2023-02-07 08:00 LDOUSDT entry=2.5135 → LONG | long=sl(-6.83%) short=sl(-6.83%) | scanned=4 | no_tp→fwd_return=+2.0251
  [label] 2023-03-04 08:00 LDOUSDT entry=2.6795 → SHORT | long=sl(-6.77%) short=tp(+13.25%) | scanned=13 | short_tp_only
  [label] 2023-04-26 08:00 LDOUSDT entry=2.1903 → SHORT | long=sl(-4.54%) short=tp(+8.78%) | scanned=1 | short_tp_only
  [label] 2023-10-11 08:00 LDOUSDT entry=1.5499 → LONG | long=sl(-2.92%) short=sl(-2.92%) | scanned=9 | no_tp→fwd_return=+3.4712
  [label] 2023-10-15 08:00 LDOUSDT entry=1.5863 → LONG | long=tp(+4.72%) short=sl(-2.51%) | scanned=3 | long_tp_only
  [label] 2023-10-26 00:00 LDOUSDT entry=1.9624 → SHORT | long=sl(-3.94%) short=tp(+7.57%) | scanned=1 | short_tp_only
  [label] 2023-12-10 08:00 LDOUSDT entry=2.4017 → SHORT | long=sl(-4.43%) short=tp(+8.55%) | scanned=2 | short_tp_only
  [label] 2023-12-19 00:00 LDOUSDT entry=2.1453 → LONG | long=sl(-4.36%) short=sl(-4.36%) | scanned=7 | no_tp→fwd_return=+1.2399
  [label] 2024-03-19 16:00 LDOUSDT entry=2.3104 → LONG | long=tp(+15.89%) short=sl(-8.09%) | scanned=5 | long_tp_only
  [label] 2024-04-20 16:00 LDOUSDT entry=2.1053 → SHORT | long=sl(-6.50%) short=timeout(+2.30%) | scanned=22 | no_tp→fwd_return=-2.4035
  [label] 2024-05-07 00:00 LDOUSDT entry=1.9171 → SHORT | long=sl(-4.93%) short=sl(-4.93%) | scanned=10 | no_tp→fwd_return=-6.3690
  [label] 2024-05-20 00:00 LDOUSDT entry=1.7438 → LONG | long=tp(+8.52%) short=sl(-4.41%) | scanned=2 | long_tp_only
  [label] 2024-06-07 16:00 LDOUSDT entry=2.0300 → SHORT | long=sl(-5.92%) short=tp(+11.53%) | scanned=10 | short_tp_only
  [label] 2024-06-14 00:00 LDOUSDT entry=1.9783 → LONG | long=sl(-5.46%) short=sl(-5.46%) | scanned=3 | no_tp→fwd_return=+4.5140
  [label] 2024-06-26 08:00 LDOUSDT entry=2.2788 → SHORT | long=sl(-6.13%) short=sl(-6.13%) | scanned=7 | no_tp→fwd_return=-17.8339[I 2026-05-07 00:28:43,949] A new study created in memory with name: no-name-9bc2b974-0f6e-4723-893c-95a52ffde44f
[I 2026-05-07 00:28:44,207] Trial 0 finished with value: -0.10784533584323919 and parameters: {'confidence_threshold': 0.7790993046299082, 'training_days': 230, 'n_estimators': 295, 'max_depth': 5, 'num_leaves': 83, 'learning_rate': 0.051543455158230854, 'subsample': 0.8773243492079463, 'min_child_samples': 10, 'reg_alpha': 0.034096514368237685, 'reg_lambda': 3.154180388637081e-05}. Best is trial 0 with value: -0.10784533584323919.
