[I 2026-05-07 00:29:04,619] Trial 9 finished with value: -0.32051498757264363 and parameters: {'confidence_threshold': 0.7277571993354469, 'training_days': 360, 'n_estimators': 75, 'max_depth': 5, 'num_leaves': 41, 'learning_rate': 0.014186743931212992, 'subsample': 0.7445187273047605, 'min_child_samples': 22, 'reg_alpha': 0.02393227447113315, 'reg_lambda': 0.009236766173618426}. Best is trial 2 with value: -0.04467803405036826.

  Best confidence_threshold: 0.546
  Best training_days: 270
  Retrained on full data (810 samples, 13 features)
  Model trained for 2025-09: 90 test candles with features, confidence_threshold=0.546
[lgbm] === Training for 2025-10 ===
  Train window: 2023-10-01 → 2025-10-01
  2193 training samples from 1 symbols
  Samples per month: 2023-10: 93, 2023-11: 90, 2023-12: 93, 2024-01: 93, 2024-02: 87, 2024-03: 93, 2024-04: 90, 2024-05: 93, 2024-06: 90, 2024-07: 93, 2024-08: 93, 2024-09: 90, 2024-10: 93, 2024-11: 90, 2024-12: 93, 2025-01: 93, 2025-02: 84, 2025-03: 93, 2025-04: 90, 2025-05: 93, 2025-06: 90, 2025-07: 93, 2025-08: 93, 2025-09: 90
  [label] 2023-12-02 08:00 LDOUSDT entry=2.3664 → SHORT | long=sl(-4.21%) short=sl(-4.21%) | scanned=13 | no_tp→fwd_return=-4.2470
  [label] 2023-12-04 16:00 LDOUSDT entry=2.3891 → SHORT | long=sl(-4.25%) short=sl(-4.25%) | scanned=5 | no_tp→fwd_return=-3.6081
  [label] 2023-12-08 08:00 LDOUSDT entry=2.4265 → SHORT | long=sl(-4.52%) short=sl(-4.52%) | scanned=4 | no_tp→fwd_return=-3.3835
  [label] 2024-01-02 08:00 LDOUSDT entry=2.9788 → LONG | long=sl(-5.41%) short=sl(-5.41%) | scanned=3 | no_tp→fwd_return=+9.1178
  [label] 2024-02-24 08:00 LDOUSDT entry=3.2359 → LONG | long=tp(+9.27%) short=sl(-4.79%) | scanned=7 | long_tp_only
  [label] 2024-08-10 08:00 LDOUSDT entry=1.0898 → SHORT | long=sl(-7.07%) short=timeout(+5.53%) | scanned=22 | no_tp→fwd_return=-5.6341
  [label] 2024-08-14 08:00 LDOUSDT entry=1.0792 → SHORT | long=sl(-6.00%) short=timeout(+1.76%) | scanned=22 | no_tp→fwd_return=-1.8625
  [label] 2024-08-25 00:00 LDOUSDT entry=1.2151 → SHORT | long=sl(-4.71%) short=tp(+9.13%) | scanned=8 | short_tp_only
  [label] 2024-10-09 08:00 LDOUSDT entry=1.0758 → LONG | long=sl(-4.60%) short=sl(-4.60%) | scanned=15 | no_tp→fwd_return=+8.4681
  [label] 2024-10-18 00:00 LDOUSDT entry=1.1212 → LONG | long=tp(+8.37%) short=sl(-4.33%) | scanned=7 | long_tp_only
  [label] 2025-01-17 16:00 LDOUSDT entry=1.9924 → SHORT | long=sl(-5.15%) short=tp(+10.00%) | scanned=2 | short_tp_only
  [label] 2025-02-18 16:00 LDOUSDT entry=1.7471 → SHORT | long=sl(-6.97%) short=sl(-6.97%) | scanned=9 | no_tp→fwd_return=-8.2022
  [label] 2025-03-07 00:00 LDOUSDT entry=1.1639 → SHORT | long=sl(-7.86%) short=tp(+15.43%) | scanned=8 | short_tp_only
  [label] 2025-03-20 00:00 LDOUSDT entry=1.0089 → LONG | long=timeout(+4.46%) short=sl(-5.58%) | scanned=22 | no_tp→fwd_return=+4.5594
  [label] 2025-04-07 16:00 LDOUSDT entry=0.6923 → LONG | long=sl(-6.77%) short=sl(-6.77%) | scanned=6 | no_tp→fwd_return=+6.8034
  [label] 2025-04-14 00:00 LDOUSDT entry=0.7413 → SHORT | long=sl(-5.57%) short=sl(-5.57%) | scanned=3 | no_tp→fwd_return=-2.1988
  [label] 2025-04-26 08:00 LDOUSDT entry=0.8592 → LONG | long=sl(-4.03%) short=sl(-4.03%) | scanned=5 | no_tp→fwd_return=+0.7914
  [label] 2025-06-05 08:00 LDOUSDT entry=0.8433 → LONG | long=sl(-6.38%) short=sl(-6.38%) | scanned=14 | no_tp→fwd_return=+2.8934
  [label] 2025-06-15 08:00 LDOUSDT entry=0.8170 → SHORT | long=sl(-5.38%) short=sl(-5.38%) | scanned=7 | no_tp→fwd_return=-5.1285
  [label] 2025-09-10 08:00 LDOUSDT entry=1.2388 → SHORT | long=sl(-4.05%) short=sl(-4.05%) | scanned=15 | no_tp→fwd_return=-5.0533
  Labels: 1128 long (51.4%), 1065 short (48.6%) | weights: min=1.01, mean=4.52, max=10.00
  Features: 2193/2193 matched, 13 columns
  CV gap: 22 rows
    [trial 0] 13 features, training_days=230 | threshold=0.779 | labels: 1128 long, 1065 short (51/49%)
    [CV fold 0] train_end=2024-01-24 00:00 | val_start=2024-01-31 16:00 | gap=184h (22 rows)
    [CV fold 1] train_end=2024-05-24 16:00 | val_start=2024-06-01 08:00 | gap=184h (22 rows)
    [CV fold 2] train_end=2024-09-23 08:00 | val_start=2024-10-01 00:00 | gap=184h (22 rows)
    [CV fold 3] train_end=2025-01-23 00:00 | val_start=2025-01-30 16:00 | gap=184h (22 rows)
    [CV fold 4] train_end=2025-05-24 16:00 | val_start=2025-06-01 08:00 | gap=184h (22 rows)
    [trial 0] Sharpe=-0.1097 (folds: -0.0544, -0.2715, -0.1016, -0.0108, -0.1102)
    [trial 1] 13 features, training_days=410 | threshold=0.693 | labels: 1128 long, 1065 short (51/49%)
    [trial 1] Sharpe=-0.1161 (folds: -0.3259, -0.1373, -0.1558, 0.0934, -0.0550)
    [trial 2] 13 features, training_days=270 | threshold=0.546 | labels: 1128 long, 1065 short (51/49%)
    [trial 2] Sharpe=-0.0447 (folds: -0.1758, 0.1068, -0.1026, -0.0465, -0.0053)
    [trial 3] 13 features, training_days=270 | threshold=0.600 | labels: 1128 long, 1065 short (51/49%)
    [trial 3] Sharpe=-0.0878 (folds: -0.2423, -0.0550, -0.1087, 0.0233, -0.0564)
    [trial 4] 13 features, training_days=390 | threshold=0.764 | labels: 1128 long, 1065 short (51/49%)
    [trial 4] Sharpe=-0.1168 (folds: -0.1849, -0.2115, -0.2399, 0.1053, -0.0529)
    [trial 5] 13 features, training_days=60 | threshold=0.603 | labels: 1128 long, 1065 short (51/49%)
    [trial 5] Sharpe=-0.0501 (folds: -0.0493, -0.1479, -0.0641, 0.0456, -0.0350)
    [trial 6] 13 features, training_days=290 | threshold=0.738 | labels: 1128 long, 1065 short (51/49%)
    [trial 6] Sharpe=-0.1592 (folds: -0.1328, -0.2810, -0.2661, -0.0236, -0.0923)
    [trial 7] 13 features, training_days=70 | threshold=0.564 | labels: 1128 long, 1065 short (51/49%)
    [trial 7] Sharpe=-0.0468 (folds: -0.0248, -0.1685, -0.0295, -0.0279, 0.0167)
    [trial 8] 13 features, training_days=440 | threshold=0.653 | labels: 1128 long, 1065 short (51/49%)
    [trial 8] Sharpe=-0.1262 (folds: -0.2713, -0.2615, -0.1388, 0.0976, -0.0573)
    [trial 9] 13 features, training_days=360 | threshold=0.728 | labels: 1128 long, 1065 short (51/49%)
    [trial 9] Sharpe=-0.3205 (folds: 0.0204, -0.7345, -0.3281, 0.0633, -0.6236)
  Optuna: 10 trials, best Sharpe = -0.0447
  Best params: n_estimators=120, max_depth=4, lr=0.0602, leaves=53
  Best confidence_threshold: 0.546
  Best training_days: 270
  Retrained on full data (810 samples, 13 features)
  Model trained for 2025-10: 93 test candles with features, confidence_threshold=0.546
[predict] 2025-10-03 00:00 LDOUSDT → SHORT (proba=0.60 TP=7.9%/SL=4.0%)
[trade:open] 2025-10-03 07:59 LDOUSDT SHORT @ 1.24 | SL=1.29 TP=1.14 | timeout=2025-10-10 07:59
[trade:close] 2025-10-06 15:59 LDOUSDT SHORT → stop_loss @ 1.29 | PnL=-3.95% (net -4.05%) | cum=+20.39% 2025-10=-4.05% 2025-10-06=-4.05%
[lgbm] === Training for 2025-11 ===
  Train window: 2023-11-01 → 2025-11-01
  2193 training samples from 1 symbols
  Samples per month: 2023-11: 90, 2023-12: 93, 2024-01: 93, 2024-02: 87, 2024-03: 93, 2024-04: 90, 2024-05: 93, 2024-06: 90, 2024-07: 93, 2024-08: 93, 2024-09: 90, 2024-10: 93, 2024-11: 90, 2024-12: 93, 2025-01: 93, 2025-02: 84, 2025-03: 93, 2025-04: 90, 2025-05: 93, 2025-06: 90, 2025-07: 93, 2025-08: 93, 2025-09: 90, 2025-10: 93
  [label] 2024-01-02 08:00 LDOUSDT entry=2.9788 → LONG | long=sl(-5.41%) short=sl(-5.41%) | scanned=3 | no_tp→fwd_return=+9.1178
  [label] 2024-01-04 16:00 LDOUSDT entry=3.1219 → LONG | long=tp(+14.61%) short=sl(-7.45%) | scanned=4 | long_tp_only
  [label] 2024-01-08 08:00 LDOUSDT entry=2.9318 → LONG | long=tp(+16.88%) short=sl(-8.59%) | scanned=4 | long_tp_only
  [label] 2024-02-02 08:00 LDOUSDT entry=2.8661 → SHORT | long=sl(-4.29%) short=tp(+8.28%) | scanned=8 | short_tp_only
  [label] 2024-03-26 08:00 LDOUSDT entry=3.1749 → SHORT | long=sl(-6.04%) short=tp(+11.78%) | scanned=10 | short_tp_only
  [label] 2024-09-10 08:00 LDOUSDT entry=0.9920 → LONG | long=tp(+8.47%) short=sl(-4.38%) | scanned=10 | long_tp_only
  [label] 2024-09-14 08:00 LDOUSDT entry=1.0311 → SHORT | long=sl(-3.90%) short=tp(+7.50%) | scanned=12 | short_tp_only
  [label] 2024-09-25 00:00 LDOUSDT entry=1.2395 → LONG | long=tp(+8.12%) short=sl(-4.21%) | scanned=7 | long_tp_only
  [label] 2024-11-09 08:00 LDOUSDT entry=1.2704 → LONG | long=tp(+10.58%) short=sl(-5.44%) | scanned=2 | long_tp_only
  [label] 2024-11-18 00:00 LDOUSDT entry=1.2142 → LONG | long=sl(-6.69%) short=sl(-6.69%) | scanned=15 | no_tp→fwd_return=+6.3416
  [label] 2025-02-17 16:00 LDOUSDT entry=1.8655 → SHORT | long=sl(-6.50%) short=tp(+12.70%) | scanned=12 | short_tp_only
  [label] 2025-03-21 16:00 LDOUSDT entry=0.9919 → LONG | long=tp(+9.96%) short=sl(-5.13%) | scanned=11 | long_tp_only[I 2026-05-07 00:29:04,918] A new study created in memory with name: no-name-e8fa5681-79d1-4ad5-b8f8-292cb503ed45
[I 2026-05-07 00:29:05,222] Trial 0 finished with value: -0.03360215334623657 and parameters: {'confidence_threshold': 0.7790993046299082, 'training_days': 230, 'n_estimators': 295, 'max_depth': 5, 'num_leaves': 83, 'learning_rate': 0.051543455158230854, 'subsample': 0.8773243492079463, 'min_child_samples': 10, 'reg_alpha': 0.034096514368237685, 'reg_lambda': 3.154180388637081e-05}. Best is trial 0 with value: -0.03360215334623657.
[I 2026-05-07 00:29:05,391] Trial 1 finished with value: -0.034344194895559246 and parameters: {'confidence_threshold': 0.6929247853618086, 'training_days': 410, 'n_estimators': 233, 'max_depth': 5, 'num_leaves': 108, 'learning_rate': 0.013724237108071606, 'subsample': 0.7013182233636002, 'min_child_samples': 94, 'reg_alpha': 2.4040959529260723e-06, 'reg_lambda': 5.320966582161148}. Best is trial 0 with value: -0.03360215334623657.
[I 2026-05-07 00:29:05,462] Trial 2 finished with value: -0.015561139891468335 and parameters: {'confidence_threshold': 0.546341527225763, 'training_days': 270, 'n_estimators': 120, 'max_depth': 4, 'num_leaves': 53, 'learning_rate': 0.060197068579343475, 'subsample': 0.588227873455941, 'min_child_samples': 91, 'reg_alpha': 2.3457771824819002e-08, 'reg_lambda': 1.1358840775642732e-08}. Best is trial 2 with value: -0.015561139891468335.
[I 2026-05-07 00:29:05,633] Trial 3 finished with value: -0.014850079166686203 and parameters: {'confidence_threshold': 0.6000319676300473, 'training_days': 270, 'n_estimators': 382, 'max_depth': 4, 'num_leaves': 44, 'learning_rate': 0.09185046765032388, 'subsample': 0.6743651508646724, 'min_child_samples': 77, 'reg_alpha': 0.0013974578104212739, 'reg_lambda': 8.97190257982477e-08}. Best is trial 3 with value: -0.014850079166686203.
[I 2026-05-07 00:29:06,004] Trial 4 finished with value: -0.02695038071892144 and parameters: {'confidence_threshold': 0.7642618789055509, 'training_days': 390, 'n_estimators': 464, 'max_depth': 5, 'num_leaves': 30, 'learning_rate': 0.024562383309704932, 'subsample': 0.8612975035964376, 'min_child_samples': 36, 'reg_alpha': 1.593999300080167, 'reg_lambda': 0.006081270362829788}. Best is trial 3 with value: -0.014850079166686203.
[I 2026-05-07 00:29:06,152] Trial 5 finished with value: -0.0005956795784114666 and parameters: {'confidence_threshold': 0.6029115860358569, 'training_days': 60, 'n_estimators': 441, 'max_depth': 3, 'num_leaves': 66, 'learning_rate': 0.044953114425778824, 'subsample': 0.7098948461279406, 'min_child_samples': 15, 'reg_alpha': 4.888753565548431e-07, 'reg_lambda': 4.198190642566389}. Best is trial 5 with value: -0.0005956795784114666.
[I 2026-05-07 00:29:06,366] Trial 6 finished with value: -0.03662594082898675 and parameters: {'confidence_threshold': 0.7376932868314098, 'training_days': 290, 'n_estimators': 249, 'max_depth': 5, 'num_leaves': 121, 'learning_rate': 0.015565840632862623, 'subsample': 0.8390183783709677, 'min_child_samples': 19, 'reg_alpha': 1.860444687368747e-08, 'reg_lambda': 2.7391483548058117e-06}. Best is trial 5 with value: -0.0005956795784114666.
[I 2026-05-07 00:29:06,402] Trial 7 finished with value: -0.0026309174362937142 and parameters: {'confidence_threshold': 0.563503962036334, 'training_days': 70, 'n_estimators': 63, 'max_depth': 3, 'num_leaves': 47, 'learning_rate': 0.18074927623018475, 'subsample': 0.5059692991701257, 'min_child_samples': 9, 'reg_alpha': 3.6945804405602874e-08, 'reg_lambda': 0.027706035542028905}. Best is trial 5 with value: -0.0005956795784114666.
[I 2026-05-07 00:29:06,492] Trial 8 finished with value: -0.08111510275784653 and parameters: {'confidence_threshold': 0.6525471176758836, 'training_days': 440, 'n_estimators': 116, 'max_depth': 4, 'num_leaves': 115, 'learning_rate': 0.010229952960863938, 'subsample': 0.5062159465415076, 'min_child_samples': 54, 'reg_alpha': 6.790626457822126e-06, 'reg_lambda': 1.7869141074987722e-05}. Best is trial 5 with value: -0.0005956795784114666.
[I 2026-05-07 00:29:06,583] Trial 9 finished with value: -0.05238724771331801 and parameters: {'confidence_threshold': 0.7277571993354469, 'training_days': 360, 'n_estimators': 75, 'max_depth': 5, 'num_leaves': 41, 'learning_rate': 0.014186743931212992, 'subsample': 0.7445187273047605, 'min_child_samples': 22, 'reg_alpha': 0.02393227447113315, 'reg_lambda': 0.009236766173618426}. Best is trial 5 with value: -0.0005956795784114666.
[I 2026-05-07 00:29:06,914] A new study created in memory with name: no-name-5344490d-2297-49dc-a2d0-7bfefc2b9700
[I 2026-05-07 00:29:07,205] Trial 0 finished with value: -0.029165184523038595 and parameters: {'confidence_threshold': 0.7790993046299082, 'training_days': 230, 'n_estimators': 295, 'max_depth': 5, 'num_leaves': 83, 'learning_rate': 0.051543455158230854, 'subsample': 0.8773243492079463, 'min_child_samples': 10, 'reg_alpha': 0.034096514368237685, 'reg_lambda': 3.154180388637081e-05}. Best is trial 0 with value: -0.029165184523038595.
[I 2026-05-07 00:29:07,351] Trial 1 finished with value: 0.13650994580731535 and parameters: {'confidence_threshold': 0.6929247853618086, 'training_days': 410, 'n_estimators': 233, 'max_depth': 5, 'num_leaves': 108, 'learning_rate': 0.013724237108071606, 'subsample': 0.7013182233636002, 'min_child_samples': 94, 'reg_alpha': 2.4040959529260723e-06, 'reg_lambda': 5.320966582161148}. Best is trial 1 with value: 0.13650994580731535.
[I 2026-05-07 00:29:07,421] Trial 2 finished with value: -0.034449482573296566 and parameters: {'confidence_threshold': 0.546341527225763, 'training_days': 270, 'n_estimators': 120, 'max_depth': 4, 'num_leaves': 53, 'learning_rate': 0.060197068579343475, 'subsample': 0.588227873455941, 'min_child_samples': 91, 'reg_alpha': 2.3457771824819002e-08, 'reg_lambda': 1.1358840775642732e-08}. Best is trial 1 with value: 0.13650994580731535.
