[I 2026-05-07 00:27:42,081] Trial 5 finished with value: 0.010124170405523982 and parameters: {'confidence_threshold': 0.6029115860358569, 'training_days': 60, 'n_estimators': 441, 'max_depth': 3, 'num_leaves': 66, 'learning_rate': 0.044953114425778824, 'subsample': 0.7098948461279406, 'min_child_samples': 15, 'reg_alpha': 4.888753565548431e-07, 'reg_lambda': 4.198190642566389}. Best is trial 4 with value: 0.017211002754418666.

    [trial 1] Sharpe=-0.0796 (folds: -0.0750, 0.0108, -0.1154, 0.0796, -0.2980)
    [trial 2] 13 features, training_days=270 | threshold=0.546 | labels: 979 long, 1211 short (45/55%)
    [trial 2] Sharpe=0.0271 (folds: 0.0090, 0.1640, -0.0165, 0.0981, -0.1190)
    [trial 3] 13 features, training_days=270 | threshold=0.600 | labels: 979 long, 1211 short (45/55%)
    [trial 3] Sharpe=0.0158 (folds: -0.0116, 0.1881, -0.0492, 0.0544, -0.1024)
    [trial 4] 13 features, training_days=390 | threshold=0.764 | labels: 979 long, 1211 short (45/55%)
    [trial 4] Sharpe=-0.0025 (folds: -0.0768, 0.0725, -0.0184, 0.1694, -0.1593)
    [trial 5] 13 features, training_days=60 | threshold=0.603 | labels: 979 long, 1211 short (45/55%)
    [trial 5] Sharpe=0.0623 (folds: 0.0655, 0.1600, 0.0843, 0.1678, -0.1663)
    [trial 6] 13 features, training_days=290 | threshold=0.738 | labels: 979 long, 1211 short (45/55%)
    [trial 6] Sharpe=0.0393 (folds: 0.0090, 0.1369, 0.0595, 0.1817, -0.1906)
    [trial 7] 13 features, training_days=70 | threshold=0.564 | labels: 979 long, 1211 short (45/55%)
    [trial 7] Sharpe=0.0549 (folds: 0.1121, 0.1656, 0.0739, 0.0978, -0.1751)
    [trial 8] 13 features, training_days=440 | threshold=0.653 | labels: 979 long, 1211 short (45/55%)
    [trial 8] Sharpe=0.0458 (folds: 0.0255, 0.0604, 0.0732, 0.2411, -0.1711)
    [trial 9] 13 features, training_days=360 | threshold=0.728 | labels: 979 long, 1211 short (45/55%)
    [trial 9] Sharpe=-2.0654 (folds: -0.1464, -0.0357, -0.0200, -10.0000, -0.1249)
  Optuna: 10 trials, best Sharpe = 0.0623
  Best params: n_estimators=441, max_depth=3, lr=0.0450, leaves=66
  Best confidence_threshold: 0.603
  Best training_days: 60
  Retrained on full data (180 samples, 13 features)
  Model trained for 2023-10: 93 test candles with features, confidence_threshold=0.603
[trade:close] 2023-10-02 15:59 BCHUSDT SHORT → stop_loss @ 245.56 | PnL=-2.94% (net -3.04%) | cum=+2.33% 2023-10=-3.04% 2023-10-02=-3.04%
[predict] 2023-10-05 00:00 BCHUSDT → SHORT (proba=0.98 TP=6.7%/SL=3.4%)
[trade:open] 2023-10-05 07:59 BCHUSDT SHORT @ 229.15 | SL=236.83 TP=213.78 | timeout=2023-10-12 07:59
[trade:close] 2023-10-09 15:59 BCHUSDT SHORT → take_profit @ 213.78 | PnL=+6.71% (net +6.61%) | cum=+8.94% 2023-10=+3.56% 2023-10-09=+6.61%
[predict] 2023-10-11 00:00 BCHUSDT → LONG (proba=0.98 TP=6.5%/SL=3.3%)
[trade:open] 2023-10-11 07:59 BCHUSDT LONG @ 213.19 | SL=206.21 TP=227.15 | timeout=2023-10-18 07:59
[trade:close] 2023-10-16 07:59 BCHUSDT LONG → take_profit @ 227.15 | PnL=+6.55% (net +6.45%) | cum=+15.39% 2023-10=+10.01% 2023-10-16=+6.45%
[predict] 2023-10-18 00:00 BCHUSDT → SHORT (proba=0.72 TP=6.0%/SL=3.0%)
[trade:open] 2023-10-18 07:59 BCHUSDT SHORT @ 229.22 | SL=236.08 TP=215.49 | timeout=2023-10-25 07:59
[trade:close] 2023-10-20 07:59 BCHUSDT SHORT → stop_loss @ 236.08 | PnL=-2.99% (net -3.09%) | cum=+12.29% 2023-10=+6.91% 2023-10-20=-3.09%
[predict] 2023-10-24 00:00 BCHUSDT → SHORT (proba=0.97 TP=6.5%/SL=3.2%)
[trade:open] 2023-10-24 07:59 BCHUSDT SHORT @ 255.88 | SL=264.19 TP=239.27 | timeout=2023-10-31 07:59
[trade:close] 2023-10-27 23:59 BCHUSDT SHORT → take_profit @ 239.27 | PnL=+6.49% (net +6.39%) | cum=+18.69% 2023-10=+13.31% 2023-10-27=+6.39%
[predict] 2023-10-29 08:00 BCHUSDT → SHORT (proba=0.77 TP=6.4%/SL=3.2%)
[trade:open] 2023-10-29 15:59 BCHUSDT SHORT @ 246.99 | SL=254.87 TP=231.22 | timeout=2023-11-05 15:59
[lgbm] === Training for 2023-11 ===
  Train window: 2021-11-01 → 2023-11-01
  2190 training samples from 1 symbols
  Samples per month: 2021-11: 90, 2021-12: 93, 2022-01: 93, 2022-02: 84, 2022-03: 93, 2022-04: 90, 2022-05: 93, 2022-06: 90, 2022-07: 93, 2022-08: 93, 2022-09: 90, 2022-10: 93, 2022-11: 90, 2022-12: 93, 2023-01: 93, 2023-02: 84, 2023-03: 93, 2023-04: 90, 2023-05: 93, 2023-06: 90, 2023-07: 93, 2023-08: 93, 2023-09: 90, 2023-10: 93
  [label] 2022-01-02 08:00 BCHUSDT entry=446.8900 → SHORT | long=sl(-2.69%) short=tp(+5.09%) | scanned=10 | short_tp_only
  [label] 2022-01-04 08:00 BCHUSDT entry=435.4400 → SHORT | long=sl(-2.61%) short=tp(+4.92%) | scanned=4 | short_tp_only
  [label] 2022-01-08 08:00 BCHUSDT entry=381.8100 → SHORT | long=sl(-3.42%) short=tp(+6.54%) | scanned=6 | short_tp_only
  [label] 2022-02-02 08:00 BCHUSDT entry=285.0900 → LONG | long=sl(-4.15%) short=sl(-4.15%) | scanned=7 | no_tp→fwd_return=+7.3415
  [label] 2022-03-27 08:00 BCHUSDT entry=362.7800 → LONG | long=tp(+6.39%) short=sl(-3.35%) | scanned=6 | long_tp_only
  [label] 2022-09-10 16:00 BCHUSDT entry=132.5200 → SHORT | long=sl(-3.79%) short=tp(+7.28%) | scanned=8 | short_tp_only
  [label] 2022-09-15 00:00 BCHUSDT entry=119.9700 → SHORT | long=sl(-4.27%) short=tp(+8.25%) | scanned=11 | short_tp_only
  [label] 2022-09-25 16:00 BCHUSDT entry=113.3900 → LONG | long=tp(+7.81%) short=sl(-4.05%) | scanned=14 | long_tp_only
  [label] 2022-11-10 00:00 BCHUSDT entry=97.0800 → LONG | long=tp(+11.31%) short=sl(-5.80%) | scanned=19 | long_tp_only
  [label] 2022-11-18 16:00 BCHUSDT entry=104.6200 → LONG | long=sl(-4.03%) short=sl(-4.03%) | scanned=11 | no_tp→fwd_return=+4.0432
  [label] 2023-02-18 00:00 BCHUSDT entry=133.6900 → LONG | long=tp(+5.50%) short=sl(-2.90%) | scanned=6 | long_tp_only
  [label] 2023-03-22 00:00 BCHUSDT entry=132.0700 → SHORT | long=sl(-3.61%) short=tp(+6.91%) | scanned=2 | short_tp_only
  [label] 2023-04-07 08:00 BCHUSDT entry=124.5100 → LONG | long=tp(+5.03%) short=sl(-2.66%) | scanned=18 | long_tp_only
  [label] 2023-04-20 08:00 BCHUSDT entry=123.8400 → SHORT | long=sl(-2.57%) short=tp(+4.84%) | scanned=10 | short_tp_only
  [label] 2023-05-09 00:00 BCHUSDT entry=119.7800 → SHORT | long=sl(-2.76%) short=sl(-2.76%) | scanned=5 | no_tp→fwd_return=-3.4480
  [label] 2023-05-15 08:00 BCHUSDT entry=117.7800 → SHORT | long=sl(-2.88%) short=timeout(+3.02%) | scanned=22 | no_tp→fwd_return=-3.1245
  [label] 2023-05-27 16:00 BCHUSDT entry=113.6500 → SHORT | long=sl(-1.81%) short=sl(-1.81%) | scanned=13 | no_tp→fwd_return=-0.8183
  [label] 2023-07-06 16:00 BCHUSDT entry=274.5700 → SHORT | long=timeout(-0.38%) short=sl(-6.97%) | scanned=22 | no_tp→fwd_return=-0.2804
  [label] 2023-07-16 16:00 BCHUSDT entry=249.6400 → SHORT | long=sl(-5.42%) short=timeout(+0.04%) | scanned=22 | no_tp→fwd_return=-0.1402
  [label] 2023-10-11 08:00 BCHUSDT entry=212.8800 → LONG | long=tp(+6.39%) short=sl(-3.35%) | scanned=14 | long_tp_only
  Labels: 975 long (44.5%), 1215 short (55.5%) | weights: min=1.00, mean=3.50, max=10.00
  Features: 2190/2190 matched, 13 columns
  CV gap: 22 rows
    [trial 0] 13 features, training_days=230 | threshold=0.779 | labels: 975 long, 1215 short (45/55%)
    [CV fold 0] train_end=2022-02-23 00:00 | val_start=2022-03-02 16:00 | gap=184h (22 rows)
    [CV fold 1] train_end=2022-06-24 16:00 | val_start=2022-07-02 08:00 | gap=184h (22 rows)
    [CV fold 2] train_end=2022-10-24 08:00 | val_start=2022-11-01 00:00 | gap=184h (22 rows)
    [CV fold 3] train_end=2023-02-23 00:00 | val_start=2023-03-02 16:00 | gap=184h (22 rows)
    [CV fold 4] train_end=2023-06-24 16:00 | val_start=2023-07-02 08:00 | gap=184h (22 rows)
    [trial 0] Sharpe=-0.0179 (folds: -0.0408, -0.0051, 0.0866, -0.0957, -0.0346)
    [trial 1] 13 features, training_days=410 | threshold=0.693 | labels: 975 long, 1215 short (45/55%)
    [trial 1] Sharpe=-0.2076 (folds: -0.5498, -0.0978, 0.0794, -0.1004, -0.3693)
    [trial 2] 13 features, training_days=270 | threshold=0.546 | labels: 975 long, 1215 short (45/55%)
    [trial 2] Sharpe=-0.0551 (folds: -0.0720, -0.1011, 0.0679, -0.1434, -0.0271)
    [trial 3] 13 features, training_days=270 | threshold=0.600 | labels: 975 long, 1215 short (45/55%)
    [trial 3] Sharpe=-0.0242 (folds: 0.0206, -0.0447, 0.1522, -0.1794, -0.0698)
    [trial 4] 13 features, training_days=390 | threshold=0.764 | labels: 975 long, 1215 short (45/55%)
    [trial 4] Sharpe=0.0172 (folds: -0.1473, -0.0658, 0.0792, 0.1049, 0.1150)
    [trial 5] 13 features, training_days=60 | threshold=0.603 | labels: 975 long, 1215 short (45/55%)
    [trial 5] Sharpe=0.0101 (folds: 0.0898, -0.0662, 0.1654, -0.0372, -0.1011)
    [trial 6] 13 features, training_days=290 | threshold=0.738 | labels: 975 long, 1215 short (45/55%)[I 2026-05-07 00:27:42,327] Trial 6 finished with value: -0.06114905756707818 and parameters: {'confidence_threshold': 0.7376932868314098, 'training_days': 290, 'n_estimators': 249, 'max_depth': 5, 'num_leaves': 121, 'learning_rate': 0.015565840632862623, 'subsample': 0.8390183783709677, 'min_child_samples': 19, 'reg_alpha': 1.860444687368747e-08, 'reg_lambda': 2.7391483548058117e-06}. Best is trial 4 with value: 0.017211002754418666.
[I 2026-05-07 00:27:42,367] Trial 7 finished with value: 0.0030077740659021496 and parameters: {'confidence_threshold': 0.563503962036334, 'training_days': 70, 'n_estimators': 63, 'max_depth': 3, 'num_leaves': 47, 'learning_rate': 0.18074927623018475, 'subsample': 0.5059692991701257, 'min_child_samples': 9, 'reg_alpha': 3.6945804405602874e-08, 'reg_lambda': 0.027706035542028905}. Best is trial 4 with value: 0.017211002754418666.
[I 2026-05-07 00:27:42,457] Trial 8 finished with value: -0.15592088819692637 and parameters: {'confidence_threshold': 0.6525471176758836, 'training_days': 440, 'n_estimators': 116, 'max_depth': 4, 'num_leaves': 115, 'learning_rate': 0.010229952960863938, 'subsample': 0.5062159465415076, 'min_child_samples': 54, 'reg_alpha': 6.790626457822126e-06, 'reg_lambda': 1.7869141074987722e-05}. Best is trial 4 with value: 0.017211002754418666.
[I 2026-05-07 00:27:42,552] Trial 9 finished with value: -1.9792921213161883 and parameters: {'confidence_threshold': 0.7277571993354469, 'training_days': 360, 'n_estimators': 75, 'max_depth': 5, 'num_leaves': 41, 'learning_rate': 0.014186743931212992, 'subsample': 0.7445187273047605, 'min_child_samples': 22, 'reg_alpha': 0.02393227447113315, 'reg_lambda': 0.009236766173618426}. Best is trial 4 with value: 0.017211002754418666.
[I 2026-05-07 00:27:42,840] A new study created in memory with name: no-name-8ae0fed1-4b96-4601-9859-ee88fa151257
[I 2026-05-07 00:27:43,159] Trial 0 finished with value: 0.019046094804182574 and parameters: {'confidence_threshold': 0.7790993046299082, 'training_days': 230, 'n_estimators': 295, 'max_depth': 5, 'num_leaves': 83, 'learning_rate': 0.051543455158230854, 'subsample': 0.8773243492079463, 'min_child_samples': 10, 'reg_alpha': 0.034096514368237685, 'reg_lambda': 3.154180388637081e-05}. Best is trial 0 with value: 0.019046094804182574.
[I 2026-05-07 00:27:43,308] Trial 1 finished with value: -0.06324507011197272 and parameters: {'confidence_threshold': 0.6929247853618086, 'training_days': 410, 'n_estimators': 233, 'max_depth': 5, 'num_leaves': 108, 'learning_rate': 0.013724237108071606, 'subsample': 0.7013182233636002, 'min_child_samples': 94, 'reg_alpha': 2.4040959529260723e-06, 'reg_lambda': 5.320966582161148}. Best is trial 0 with value: 0.019046094804182574.
[I 2026-05-07 00:27:43,376] Trial 2 finished with value: -0.033798329132378756 and parameters: {'confidence_threshold': 0.546341527225763, 'training_days': 270, 'n_estimators': 120, 'max_depth': 4, 'num_leaves': 53, 'learning_rate': 0.060197068579343475, 'subsample': 0.588227873455941, 'min_child_samples': 91, 'reg_alpha': 2.3457771824819002e-08, 'reg_lambda': 1.1358840775642732e-08}. Best is trial 0 with value: 0.019046094804182574.
[I 2026-05-07 00:27:43,551] Trial 3 finished with value: -0.05182068881809239 and parameters: {'confidence_threshold': 0.6000319676300473, 'training_days': 270, 'n_estimators': 382, 'max_depth': 4, 'num_leaves': 44, 'learning_rate': 0.09185046765032388, 'subsample': 0.6743651508646724, 'min_child_samples': 77, 'reg_alpha': 0.0013974578104212739, 'reg_lambda': 8.97190257982477e-08}. Best is trial 0 with value: 0.019046094804182574.
[I 2026-05-07 00:27:43,929] Trial 4 finished with value: -0.046391219490962046 and parameters: {'confidence_threshold': 0.7642618789055509, 'training_days': 390, 'n_estimators': 464, 'max_depth': 5, 'num_leaves': 30, 'learning_rate': 0.024562383309704932, 'subsample': 0.8612975035964376, 'min_child_samples': 36, 'reg_alpha': 1.593999300080167, 'reg_lambda': 0.006081270362829788}. Best is trial 0 with value: 0.019046094804182574.
[I 2026-05-07 00:27:44,079] Trial 5 finished with value: -0.07720802529099105 and parameters: {'confidence_threshold': 0.6029115860358569, 'training_days': 60, 'n_estimators': 441, 'max_depth': 3, 'num_leaves': 66, 'learning_rate': 0.044953114425778824, 'subsample': 0.7098948461279406, 'min_child_samples': 15, 'reg_alpha': 4.888753565548431e-07, 'reg_lambda': 4.198190642566389}. Best is trial 0 with value: 0.019046094804182574.
[I 2026-05-07 00:27:44,317] Trial 6 finished with value: -0.04372690078748455 and parameters: {'confidence_threshold': 0.7376932868314098, 'training_days': 290, 'n_estimators': 249, 'max_depth': 5, 'num_leaves': 121, 'learning_rate': 0.015565840632862623, 'subsample': 0.8390183783709677, 'min_child_samples': 19, 'reg_alpha': 1.860444687368747e-08, 'reg_lambda': 2.7391483548058117e-06}. Best is trial 0 with value: 0.019046094804182574.
[I 2026-05-07 00:27:44,357] Trial 7 finished with value: -0.035295019673323956 and parameters: {'confidence_threshold': 0.563503962036334, 'training_days': 70, 'n_estimators': 63, 'max_depth': 3, 'num_leaves': 47, 'learning_rate': 0.18074927623018475, 'subsample': 0.5059692991701257, 'min_child_samples': 9, 'reg_alpha': 3.6945804405602874e-08, 'reg_lambda': 0.027706035542028905}. Best is trial 0 with value: 0.019046094804182574.
[I 2026-05-07 00:27:44,446] Trial 8 finished with value: -0.11942833295893171 and parameters: {'confidence_threshold': 0.6525471176758836, 'training_days': 440, 'n_estimators': 116, 'max_depth': 4, 'num_leaves': 115, 'learning_rate': 0.010229952960863938, 'subsample': 0.5062159465415076, 'min_child_samples': 54, 'reg_alpha': 6.790626457822126e-06, 'reg_lambda': 1.7869141074987722e-05}. Best is trial 0 with value: 0.019046094804182574.
