[I 2026-05-07 00:30:57,048] Trial 1 finished with value: -0.11285288380410523 and parameters: {'confidence_threshold': 0.6929247853618086, 'training_days': 410, 'n_estimators': 233, 'max_depth': 5, 'num_leaves': 108, 'learning_rate': 0.013724237108071606, 'subsample': 0.7013182233636002, 'min_child_samples': 94, 'reg_alpha': 2.4040959529260723e-06, 'reg_lambda': 5.320966582161148}. Best is trial 0 with value: 0.0037794213476126633.
[I 2026-05-07 00:30:57,119] Trial 2 finished with value: -0.045818360994674324 and parameters: {'confidence_threshold': 0.546341527225763, 'training_days': 270, 'n_estimators': 120, 'max_depth': 4, 'num_leaves': 53, 'learning_rate': 0.060197068579343475, 'subsample': 0.588227873455941, 'min_child_samples': 91, 'reg_alpha': 2.3457771824819002e-08, 'reg_lambda': 1.1358840775642732e-08}. Best is trial 0 with value: 0.0037794213476126633.
[I 2026-05-07 00:30:57,296] Trial 3 finished with value: -0.008236984873046898 and parameters: {'confidence_threshold': 0.6000319676300473, 'training_days': 270, 'n_estimators': 382, 'max_depth': 4, 'num_leaves': 44, 'learning_rate': 0.09185046765032388, 'subsample': 0.6743651508646724, 'min_child_samples': 77, 'reg_alpha': 0.0013974578104212739, 'reg_lambda': 8.97190257982477e-08}. Best is trial 0 with value: 0.0037794213476126633.
[I 2026-05-07 00:30:57,671] Trial 4 finished with value: -0.03096540732470935 and parameters: {'confidence_threshold': 0.7642618789055509, 'training_days': 390, 'n_estimators': 464, 'max_depth': 5, 'num_leaves': 30, 'learning_rate': 0.024562383309704932, 'subsample': 0.8612975035964376, 'min_child_samples': 36, 'reg_alpha': 1.593999300080167, 'reg_lambda': 0.006081270362829788}. Best is trial 0 with value: 0.0037794213476126633.
[I 2026-05-07 00:30:57,826] Trial 5 finished with value: 0.08466630572080946 and parameters: {'confidence_threshold': 0.6029115860358569, 'training_days': 60, 'n_estimators': 441, 'max_depth': 3, 'num_leaves': 66, 'learning_rate': 0.044953114425778824, 'subsample': 0.7098948461279406, 'min_child_samples': 15, 'reg_alpha': 4.888753565548431e-07, 'reg_lambda': 4.198190642566389}. Best is trial 5 with value: 0.08466630572080946.
[I 2026-05-07 00:30:58,052] Trial 6 finished with value: -0.08376305825071599 and parameters: {'confidence_threshold': 0.7376932868314098, 'training_days': 290, 'n_estimators': 249, 'max_depth': 5, 'num_leaves': 121, 'learning_rate': 0.015565840632862623, 'subsample': 0.8390183783709677, 'min_child_samples': 19, 'reg_alpha': 1.860444687368747e-08, 'reg_lambda': 2.7391483548058117e-06}. Best is trial 5 with value: 0.08466630572080946.
[I 2026-05-07 00:30:58,087] Trial 7 finished with value: -0.011187549903563446 and parameters: {'confidence_threshold': 0.563503962036334, 'training_days': 70, 'n_estimators': 63, 'max_depth': 3, 'num_leaves': 47, 'learning_rate': 0.18074927623018475, 'subsample': 0.5059692991701257, 'min_child_samples': 9, 'reg_alpha': 3.6945804405602874e-08, 'reg_lambda': 0.027706035542028905}. Best is trial 5 with value: 0.08466630572080946.
[I 2026-05-07 00:30:58,165] Trial 8 finished with value: -2.0293418612465217 and parameters: {'confidence_threshold': 0.6525471176758836, 'training_days': 440, 'n_estimators': 116, 'max_depth': 4, 'num_leaves': 115, 'learning_rate': 0.010229952960863938, 'subsample': 0.5062159465415076, 'min_child_samples': 54, 'reg_alpha': 6.790626457822126e-06, 'reg_lambda': 1.7869141074987722e-05}. Best is trial 5 with value: 0.08466630572080946.
[I 2026-05-07 00:30:58,240] Trial 9 finished with value: -3.996991774748062 and parameters: {'confidence_threshold': 0.7277571993354469, 'training_days': 360, 'n_estimators': 75, 'max_depth': 5, 'num_leaves': 41, 'learning_rate': 0.014186743931212992, 'subsample': 0.7445187273047605, 'min_child_samples': 22, 'reg_alpha': 0.02393227447113315, 'reg_lambda': 0.009236766173618426}. Best is trial 5 with value: 0.08466630572080946.

  [label] 2025-01-13 00:00 TRXUSDT entry=0.2270 → LONG | long=sl(-2.73%) short=sl(-2.73%) | scanned=8 | no_tp→fwd_return=+4.8423
  [label] 2025-01-23 16:00 TRXUSDT entry=0.2526 → SHORT | long=sl(-3.48%) short=sl(-3.48%) | scanned=10 | no_tp→fwd_return=-6.7648
  [label] 2025-03-10 00:00 TRXUSDT entry=0.2338 → SHORT | long=sl(-2.59%) short=tp(+4.89%) | scanned=6 | short_tp_only
  [label] 2025-03-18 16:00 TRXUSDT entry=0.2370 → SHORT | long=sl(-2.39%) short=sl(-2.39%) | scanned=1 | no_tp→fwd_return=-1.3162
  [label] 2025-06-18 00:00 TRXUSDT entry=0.2737 → SHORT | long=sl(-2.20%) short=tp(+4.11%) | scanned=14 | short_tp_only
  [label] 2025-07-20 00:00 TRXUSDT entry=0.3190 → SHORT | long=sl(-1.70%) short=tp(+3.10%) | scanned=6 | short_tp_only
  [label] 2025-08-05 08:00 TRXUSDT entry=0.3300 → LONG | long=tp(+3.23%) short=sl(-1.77%) | scanned=6 | long_tp_only
  [label] 2025-08-18 08:00 TRXUSDT entry=0.3495 → LONG | long=tp(+3.18%) short=sl(-1.74%) | scanned=13 | long_tp_only
  [label] 2025-09-06 00:00 TRXUSDT entry=0.3316 → SHORT | long=sl(-1.46%) short=tp(+2.62%) | scanned=2 | short_tp_only
  [label] 2025-09-12 08:00 TRXUSDT entry=0.3484 → SHORT | long=sl(-1.60%) short=sl(-1.60%) | scanned=9 | no_tp→fwd_return=-1.4467
  [label] 2025-09-24 16:00 TRXUSDT entry=0.3380 → LONG | long=sl(-1.43%) short=timeout(-1.14%) | scanned=22 | no_tp→fwd_return=+1.0415
  [label] 2025-11-03 16:00 TRXUSDT entry=0.2811 → LONG | long=sl(-1.80%) short=sl(-1.80%) | scanned=2 | no_tp→fwd_return=+0.6262
  [label] 2025-11-13 16:00 TRXUSDT entry=0.2930 → SHORT | long=sl(-1.68%) short=sl(-1.68%) | scanned=3 | no_tp→fwd_return=-0.2013
  [label] 2026-02-08 08:00 TRXUSDT entry=0.2790 → LONG | long=sl(-1.45%) short=sl(-1.45%) | scanned=17 | no_tp→fwd_return=+1.3227
  Labels: 1170 long (53.4%), 1020 short (46.6%) | weights: min=1.00, mean=2.59, max=10.00
  Features: 2190/2190 matched, 13 columns
  CV gap: 22 rows
    [trial 0] 13 features, training_days=230 | threshold=0.779 | labels: 1170 long, 1020 short (53/47%)
    [CV fold 0] train_end=2024-06-23 00:00 | val_start=2024-06-30 16:00 | gap=184h (22 rows)
    [CV fold 1] train_end=2024-10-22 16:00 | val_start=2024-10-30 08:00 | gap=184h (22 rows)
    [CV fold 2] train_end=2025-02-21 08:00 | val_start=2025-03-01 00:00 | gap=184h (22 rows)
    [CV fold 3] train_end=2025-06-23 00:00 | val_start=2025-06-30 16:00 | gap=184h (22 rows)
    [CV fold 4] train_end=2025-10-22 16:00 | val_start=2025-10-30 08:00 | gap=184h (22 rows)
    [trial 0] Sharpe=0.0038 (folds: 0.0770, -0.1049, 0.0308, 0.0491, -0.0329)
    [trial 1] 13 features, training_days=410 | threshold=0.693 | labels: 1170 long, 1020 short (53/47%)
    [trial 1] Sharpe=-0.1129 (folds: 0.1958, 0.0545, -0.0103, -0.5740, -0.2302)
    [trial 2] 13 features, training_days=270 | threshold=0.546 | labels: 1170 long, 1020 short (53/47%)
    [trial 2] Sharpe=-0.0458 (folds: 0.1377, -0.0577, 0.0547, -0.1103, -0.2536)
    [trial 3] 13 features, training_days=270 | threshold=0.600 | labels: 1170 long, 1020 short (53/47%)
    [trial 3] Sharpe=-0.0082 (folds: 0.1086, -0.0779, 0.1069, 0.0375, -0.2163)
    [trial 4] 13 features, training_days=390 | threshold=0.764 | labels: 1170 long, 1020 short (53/47%)
    [trial 4] Sharpe=-0.0310 (folds: 0.1258, -0.1045, 0.1022, -0.2827, 0.0044)
    [trial 5] 13 features, training_days=60 | threshold=0.603 | labels: 1170 long, 1020 short (53/47%)
    [trial 5] Sharpe=0.0847 (folds: 0.1180, 0.1597, -0.2062, 0.2293, 0.1226)
    [trial 6] 13 features, training_days=290 | threshold=0.738 | labels: 1170 long, 1020 short (53/47%)
    [trial 6] Sharpe=-0.0838 (folds: 0.0643, -0.0638, -0.0063, -0.2463, -0.1667)
    [trial 7] 13 features, training_days=70 | threshold=0.564 | labels: 1170 long, 1020 short (53/47%)
    [trial 7] Sharpe=-0.0112 (folds: 0.1383, -0.0792, -0.1854, 0.1532, -0.0828)
    [trial 8] 13 features, training_days=440 | threshold=0.653 | labels: 1170 long, 1020 short (53/47%)
    [trial 8] Sharpe=-2.0293 (folds: 0.1728, -0.0178, 0.0295, -0.3312, -10.0000)
    [trial 9] 13 features, training_days=360 | threshold=0.728 | labels: 1170 long, 1020 short (53/47%)
    [trial 9] Sharpe=-3.9970 (folds: 0.1309, -0.0451, -0.0708, -10.0000, -10.0000)
  Optuna: 10 trials, best Sharpe = 0.0847
  Best params: n_estimators=441, max_depth=3, lr=0.0450, leaves=66
  Best confidence_threshold: 0.603
  Best training_days: 60
  Retrained on full data (180 samples, 13 features)
  Model trained for 2026-03: 93 test candles with features, confidence_threshold=0.603
[predict] 2026-03-17 00:00 TRXUSDT → LONG (proba=0.67 TP=1.8%/SL=0.9%)
[trade:open] 2026-03-17 07:59 TRXUSDT LONG @ 0.30 | SL=0.30 TP=0.30 | timeout=2026-03-24 07:59
[trade:close] 2026-03-17 15:59 TRXUSDT LONG → take_profit @ 0.30 | PnL=+1.77% (net +1.67%) | cum=-15.95% 2026-03=+1.67% 2026-03-17=+1.67%
[predict] 2026-03-19 08:00 TRXUSDT → LONG (proba=1.00 TP=2.2%/SL=1.1%)
[trade:open] 2026-03-19 15:59 TRXUSDT LONG @ 0.30 | SL=0.30 TP=0.31 | timeout=2026-03-26 15:59
[trade:close] 2026-03-20 15:59 TRXUSDT LONG → take_profit @ 0.31 | PnL=+2.19% (net +2.09%) | cum=-13.86% 2026-03=+3.76% 2026-03-20=+2.09%
[predict] 2026-03-22 00:00 TRXUSDT → SHORT (proba=0.66 TP=2.3%/SL=1.2%)
[trade:open] 2026-03-22 07:59 TRXUSDT SHORT @ 0.31 | SL=0.31 TP=0.30 | timeout=2026-03-29 07:59
[trade:close] 2026-03-22 15:59 TRXUSDT SHORT → stop_loss @ 0.31 | PnL=-1.17% (net -1.27%) | cum=-15.13% 2026-03=+2.48% 2026-03-22=-1.27%
[predict] 2026-03-24 00:00 TRXUSDT → LONG (proba=0.99 TP=2.7%/SL=1.4%)
[trade:open] 2026-03-24 07:59 TRXUSDT LONG @ 0.31 | SL=0.31 TP=0.32 | timeout=2026-03-31 07:59
[trade:close] 2026-03-24 23:59 TRXUSDT LONG → stop_loss @ 0.31 | PnL=-1.37% (net -1.47%) | cum=-16.60% 2026-03=+1.01% 2026-03-24=-1.47%
[predict] 2026-03-26 08:00 TRXUSDT → LONG (proba=0.68 TP=2.7%/SL=1.4%)
[trade:open] 2026-03-26 15:59 TRXUSDT LONG @ 0.31 | SL=0.31 TP=0.32 | timeout=2026-04-02 15:59
[trade:close] 2026-03-29 15:59 TRXUSDT LONG → take_profit @ 0.32 | PnL=+2.73% (net +2.63%) | cum=-13.97% 2026-03=+3.64% 2026-03-29=+2.63%
[predict] 2026-03-31 00:00 TRXUSDT → SHORT (proba=0.99 TP=2.8%/SL=1.4%)
[trade:open] 2026-03-31 07:59 TRXUSDT SHORT @ 0.32 | SL=0.33 TP=0.31 | timeout=2026-04-07 07:59
[trade:close] 2026-03-31 15:59 TRXUSDT SHORT → take_profit @ 0.31 | PnL=+2.85% (net +2.75%) | cum=-11.23% 2026-03=+6.39% 2026-03-31=+2.75%
[lgbm] === Training for 2026-04 ===
  Train window: 2024-04-01 → 2026-04-01
  2190 training samples from 1 symbols
  Samples per month: 2024-04: 90, 2024-05: 93, 2024-06: 90, 2024-07: 93, 2024-08: 93, 2024-09: 90, 2024-10: 93, 2024-11: 90, 2024-12: 93, 2025-01: 93, 2025-02: 84, 2025-03: 93, 2025-04: 90, 2025-05: 93, 2025-06: 90, 2025-07: 93, 2025-08: 93, 2025-09: 90, 2025-10: 93, 2025-11: 90, 2025-12: 93, 2026-01: 93, 2026-02: 84, 2026-03: 93
  [label] 2024-06-02 08:00 TRXUSDT entry=0.1148 → SHORT | long=sl(-1.25%) short=tp(+2.20%) | scanned=16 | short_tp_only
  [label] 2024-06-04 08:00 TRXUSDT entry=0.1143 → SHORT | long=sl(-1.25%) short=tp(+2.21%) | scanned=10 | short_tp_only
  [label] 2024-06-08 08:00 TRXUSDT entry=0.1140 → LONG | long=tp(+2.37%) short=sl(-1.34%) | scanned=3 | long_tp_only
  [label] 2024-07-03 08:00 TRXUSDT entry=0.1290 → SHORT | long=sl(-1.12%) short=tp(+1.94%) | scanned=3 | short_tp_only
  [label] 2024-08-25 08:00 TRXUSDT entry=0.1653 → SHORT | long=sl(-2.67%) short=tp(+5.04%) | scanned=7 | short_tp_only
  [label] 2025-02-08 16:00 TRXUSDT entry=0.2311 → LONG | long=tp(+5.93%) short=sl(-3.11%) | scanned=6 | long_tp_only
  [label] 2025-02-13 00:00 TRXUSDT entry=0.2402 → LONG | long=sl(-2.70%) short=sl(-2.70%) | scanned=13 | no_tp→fwd_return=+1.0950
  [label] 2025-02-23 16:00 TRXUSDT entry=0.2459 → SHORT | long=sl(-2.14%) short=tp(+3.98%) | scanned=4 | short_tp_only
  [label] 2025-04-10 00:00 TRXUSDT entry=0.2409 → LONG | long=sl(-2.19%) short=sl(-2.19%) | scanned=6 | no_tp→fwd_return=+3.2427
  [label] 2025-04-18 16:00 TRXUSDT entry=0.2396 → LONG | long=tp(+3.68%) short=sl(-1.99%) | scanned=11 | long_tp_only
  [label] 2025-07-19 00:00 TRXUSDT entry=0.3260 → SHORT | long=sl(-1.66%) short=tp(+3.01%) | scanned=4 | short_tp_only[I 2026-05-07 00:30:58,652] A new study created in memory with name: no-name-c1ccc956-f385-47c6-81fd-325d3a62c6c2
[I 2026-05-07 00:30:58,928] Trial 0 finished with value: 0.019295034651741406 and parameters: {'confidence_threshold': 0.7790993046299082, 'training_days': 230, 'n_estimators': 295, 'max_depth': 5, 'num_leaves': 83, 'learning_rate': 0.051543455158230854, 'subsample': 0.8773243492079463, 'min_child_samples': 10, 'reg_alpha': 0.034096514368237685, 'reg_lambda': 3.154180388637081e-05}. Best is trial 0 with value: 0.019295034651741406.
[I 2026-05-07 00:30:59,056] Trial 1 finished with value: -0.0862186240837852 and parameters: {'confidence_threshold': 0.6929247853618086, 'training_days': 410, 'n_estimators': 233, 'max_depth': 5, 'num_leaves': 108, 'learning_rate': 0.013724237108071606, 'subsample': 0.7013182233636002, 'min_child_samples': 94, 'reg_alpha': 2.4040959529260723e-06, 'reg_lambda': 5.320966582161148}. Best is trial 0 with value: 0.019295034651741406.
[I 2026-05-07 00:30:59,117] Trial 2 finished with value: -0.0425830674738243 and parameters: {'confidence_threshold': 0.546341527225763, 'training_days': 270, 'n_estimators': 120, 'max_depth': 4, 'num_leaves': 53, 'learning_rate': 0.060197068579343475, 'subsample': 0.588227873455941, 'min_child_samples': 91, 'reg_alpha': 2.3457771824819002e-08, 'reg_lambda': 1.1358840775642732e-08}. Best is trial 0 with value: 0.019295034651741406.
[I 2026-05-07 00:30:59,287] Trial 3 finished with value: -0.023732106244457374 and parameters: {'confidence_threshold': 0.6000319676300473, 'training_days': 270, 'n_estimators': 382, 'max_depth': 4, 'num_leaves': 44, 'learning_rate': 0.09185046765032388, 'subsample': 0.6743651508646724, 'min_child_samples': 77, 'reg_alpha': 0.0013974578104212739, 'reg_lambda': 8.97190257982477e-08}. Best is trial 0 with value: 0.019295034651741406.
[I 2026-05-07 00:30:59,617] Trial 4 finished with value: 0.04069374073196709 and parameters: {'confidence_threshold': 0.7642618789055509, 'training_days': 390, 'n_estimators': 464, 'max_depth': 5, 'num_leaves': 30, 'learning_rate': 0.024562383309704932, 'subsample': 0.8612975035964376, 'min_child_samples': 36, 'reg_alpha': 1.593999300080167, 'reg_lambda': 0.006081270362829788}. Best is trial 4 with value: 0.04069374073196709.
[I 2026-05-07 00:30:59,771] Trial 5 finished with value: 0.03226803208178704 and parameters: {'confidence_threshold': 0.6029115860358569, 'training_days': 60, 'n_estimators': 441, 'max_depth': 3, 'num_leaves': 66, 'learning_rate': 0.044953114425778824, 'subsample': 0.7098948461279406, 'min_child_samples': 15, 'reg_alpha': 4.888753565548431e-07, 'reg_lambda': 4.198190642566389}. Best is trial 4 with value: 0.04069374073196709.
[I 2026-05-07 00:30:59,978] Trial 6 finished with value: -2.007903454383395 and parameters: {'confidence_threshold': 0.7376932868314098, 'training_days': 290, 'n_estimators': 249, 'max_depth': 5, 'num_leaves': 121, 'learning_rate': 0.015565840632862623, 'subsample': 0.8390183783709677, 'min_child_samples': 19, 'reg_alpha': 1.860444687368747e-08, 'reg_lambda': 2.7391483548058117e-06}. Best is trial 4 with value: 0.04069374073196709.
[I 2026-05-07 00:31:00,015] Trial 7 finished with value: 0.009405978652217373 and parameters: {'confidence_threshold': 0.563503962036334, 'training_days': 70, 'n_estimators': 63, 'max_depth': 3, 'num_leaves': 47, 'learning_rate': 0.18074927623018475, 'subsample': 0.5059692991701257, 'min_child_samples': 9, 'reg_alpha': 3.6945804405602874e-08, 'reg_lambda': 0.027706035542028905}. Best is trial 4 with value: 0.04069374073196709.
[I 2026-05-07 00:31:00,093] Trial 8 finished with value: -3.9707053667273238 and parameters: {'confidence_threshold': 0.6525471176758836, 'training_days': 440, 'n_estimators': 116, 'max_depth': 4, 'num_leaves': 115, 'learning_rate': 0.010229952960863938, 'subsample': 0.5062159465415076, 'min_child_samples': 54, 'reg_alpha': 6.790626457822126e-06, 'reg_lambda': 1.7869141074987722e-05}. Best is trial 4 with value: 0.04069374073196709.
