[I 2026-05-07 00:29:55,924] Trial 1 finished with value: -0.03734591234724251 and parameters: {'confidence_threshold': 0.6929247853618086, 'training_days': 410, 'n_estimators': 233, 'max_depth': 5, 'num_leaves': 108, 'learning_rate': 0.013724237108071606, 'subsample': 0.7013182233636002, 'min_child_samples': 94, 'reg_alpha': 2.4040959529260723e-06, 'reg_lambda': 5.320966582161148}. Best is trial 1 with value: -0.03734591234724251.
[I 2026-05-07 00:29:56,000] Trial 2 finished with value: -0.1162970316051208 and parameters: {'confidence_threshold': 0.546341527225763, 'training_days': 270, 'n_estimators': 120, 'max_depth': 4, 'num_leaves': 53, 'learning_rate': 0.060197068579343475, 'subsample': 0.588227873455941, 'min_child_samples': 91, 'reg_alpha': 2.3457771824819002e-08, 'reg_lambda': 1.1358840775642732e-08}. Best is trial 1 with value: -0.03734591234724251.
[I 2026-05-07 00:29:56,187] Trial 3 finished with value: -0.19606980646421554 and parameters: {'confidence_threshold': 0.6000319676300473, 'training_days': 270, 'n_estimators': 382, 'max_depth': 4, 'num_leaves': 44, 'learning_rate': 0.09185046765032388, 'subsample': 0.6743651508646724, 'min_child_samples': 77, 'reg_alpha': 0.0013974578104212739, 'reg_lambda': 8.97190257982477e-08}. Best is trial 1 with value: -0.03734591234724251.
[I 2026-05-07 00:29:56,538] Trial 4 finished with value: -0.22643026065359567 and parameters: {'confidence_threshold': 0.7642618789055509, 'training_days': 390, 'n_estimators': 464, 'max_depth': 5, 'num_leaves': 30, 'learning_rate': 0.024562383309704932, 'subsample': 0.8612975035964376, 'min_child_samples': 36, 'reg_alpha': 1.593999300080167, 'reg_lambda': 0.006081270362829788}. Best is trial 1 with value: -0.03734591234724251.
[I 2026-05-07 00:29:56,670] Trial 5 finished with value: -0.06350546822964367 and parameters: {'confidence_threshold': 0.6029115860358569, 'training_days': 60, 'n_estimators': 441, 'max_depth': 3, 'num_leaves': 66, 'learning_rate': 0.044953114425778824, 'subsample': 0.7098948461279406, 'min_child_samples': 15, 'reg_alpha': 4.888753565548431e-07, 'reg_lambda': 4.198190642566389}. Best is trial 1 with value: -0.03734591234724251.
[I 2026-05-07 00:29:56,881] Trial 6 finished with value: -0.1742937898374182 and parameters: {'confidence_threshold': 0.7376932868314098, 'training_days': 290, 'n_estimators': 249, 'max_depth': 5, 'num_leaves': 121, 'learning_rate': 0.015565840632862623, 'subsample': 0.8390183783709677, 'min_child_samples': 19, 'reg_alpha': 1.860444687368747e-08, 'reg_lambda': 2.7391483548058117e-06}. Best is trial 1 with value: -0.03734591234724251.
[I 2026-05-07 00:29:56,914] Trial 7 finished with value: -0.04388006713967973 and parameters: {'confidence_threshold': 0.563503962036334, 'training_days': 70, 'n_estimators': 63, 'max_depth': 3, 'num_leaves': 47, 'learning_rate': 0.18074927623018475, 'subsample': 0.5059692991701257, 'min_child_samples': 9, 'reg_alpha': 3.6945804405602874e-08, 'reg_lambda': 0.027706035542028905}. Best is trial 1 with value: -0.03734591234724251.
[I 2026-05-07 00:29:56,992] Trial 8 finished with value: -0.05664764777967772 and parameters: {'confidence_threshold': 0.6525471176758836, 'training_days': 440, 'n_estimators': 116, 'max_depth': 4, 'num_leaves': 115, 'learning_rate': 0.010229952960863938, 'subsample': 0.5062159465415076, 'min_child_samples': 54, 'reg_alpha': 6.790626457822126e-06, 'reg_lambda': 1.7869141074987722e-05}. Best is trial 1 with value: -0.03734591234724251.
[I 2026-05-07 00:29:57,072] Trial 9 finished with value: -2.0469579149282717 and parameters: {'confidence_threshold': 0.7277571993354469, 'training_days': 360, 'n_estimators': 75, 'max_depth': 5, 'num_leaves': 41, 'learning_rate': 0.014186743931212992, 'subsample': 0.7445187273047605, 'min_child_samples': 22, 'reg_alpha': 0.02393227447113315, 'reg_lambda': 0.009236766173618426}. Best is trial 1 with value: -0.03734591234724251.
[I 2026-05-07 00:29:57,435] A new study created in memory with name: no-name-cad563a0-7423-4a38-ae15-cef21f6c35a8
[I 2026-05-07 00:29:57,704] Trial 0 finished with value: -0.1824195672474998 and parameters: {'confidence_threshold': 0.7790993046299082, 'training_days': 230, 'n_estimators': 295, 'max_depth': 5, 'num_leaves': 83, 'learning_rate': 0.051543455158230854, 'subsample': 0.8773243492079463, 'min_child_samples': 10, 'reg_alpha': 0.034096514368237685, 'reg_lambda': 3.154180388637081e-05}. Best is trial 0 with value: -0.1824195672474998.
[I 2026-05-07 00:29:57,832] Trial 1 finished with value: -0.07052796416370577 and parameters: {'confidence_threshold': 0.6929247853618086, 'training_days': 410, 'n_estimators': 233, 'max_depth': 5, 'num_leaves': 108, 'learning_rate': 0.013724237108071606, 'subsample': 0.7013182233636002, 'min_child_samples': 94, 'reg_alpha': 2.4040959529260723e-06, 'reg_lambda': 5.320966582161148}. Best is trial 1 with value: -0.07052796416370577.
[I 2026-05-07 00:29:57,893] Trial 2 finished with value: -0.07270720129642079 and parameters: {'confidence_threshold': 0.546341527225763, 'training_days': 270, 'n_estimators': 120, 'max_depth': 4, 'num_leaves': 53, 'learning_rate': 0.060197068579343475, 'subsample': 0.588227873455941, 'min_child_samples': 91, 'reg_alpha': 2.3457771824819002e-08, 'reg_lambda': 1.1358840775642732e-08}. Best is trial 1 with value: -0.07052796416370577.
[I 2026-05-07 00:29:58,074] Trial 3 finished with value: -0.09929920120580028 and parameters: {'confidence_threshold': 0.6000319676300473, 'training_days': 270, 'n_estimators': 382, 'max_depth': 4, 'num_leaves': 44, 'learning_rate': 0.09185046765032388, 'subsample': 0.6743651508646724, 'min_child_samples': 77, 'reg_alpha': 0.0013974578104212739, 'reg_lambda': 8.97190257982477e-08}. Best is trial 1 with value: -0.07052796416370577.
[I 2026-05-07 00:29:58,424] Trial 4 finished with value: -0.12360849634540585 and parameters: {'confidence_threshold': 0.7642618789055509, 'training_days': 390, 'n_estimators': 464, 'max_depth': 5, 'num_leaves': 30, 'learning_rate': 0.024562383309704932, 'subsample': 0.8612975035964376, 'min_child_samples': 36, 'reg_alpha': 1.593999300080167, 'reg_lambda': 0.006081270362829788}. Best is trial 1 with value: -0.07052796416370577.
[I 2026-05-07 00:29:58,558] Trial 5 finished with value: -0.07333120473981547 and parameters: {'confidence_threshold': 0.6029115860358569, 'training_days': 60, 'n_estimators': 441, 'max_depth': 3, 'num_leaves': 66, 'learning_rate': 0.044953114425778824, 'subsample': 0.7098948461279406, 'min_child_samples': 15, 'reg_alpha': 4.888753565548431e-07, 'reg_lambda': 4.198190642566389}. Best is trial 1 with value: -0.07052796416370577.
[I 2026-05-07 00:29:58,774] Trial 6 finished with value: -0.14242735203467208 and parameters: {'confidence_threshold': 0.7376932868314098, 'training_days': 290, 'n_estimators': 249, 'max_depth': 5, 'num_leaves': 121, 'learning_rate': 0.015565840632862623, 'subsample': 0.8390183783709677, 'min_child_samples': 19, 'reg_alpha': 1.860444687368747e-08, 'reg_lambda': 2.7391483548058117e-06}. Best is trial 1 with value: -0.07052796416370577.
[I 2026-05-07 00:29:58,809] Trial 7 finished with value: -0.03618259224205499 and parameters: {'confidence_threshold': 0.563503962036334, 'training_days': 70, 'n_estimators': 63, 'max_depth': 3, 'num_leaves': 47, 'learning_rate': 0.18074927623018475, 'subsample': 0.5059692991701257, 'min_child_samples': 9, 'reg_alpha': 3.6945804405602874e-08, 'reg_lambda': 0.027706035542028905}. Best is trial 7 with value: -0.03618259224205499.

  [label] 2023-04-16 08:00 TRXUSDT entry=0.0664 → SHORT | long=sl(-1.74%) short=tp(+3.19%) | scanned=16 | short_tp_only
  [label] 2023-07-11 16:00 TRXUSDT entry=0.0773 → LONG | long=tp(+2.84%) short=sl(-1.57%) | scanned=5 | long_tp_only
  Labels: 1195 long (54.9%), 980 short (45.1%) | weights: min=1.01, mean=3.12, max=10.00
  Features: 2175/2175 matched, 13 columns
  CV gap: 22 rows
    [trial 0] 13 features, training_days=230 | threshold=0.779 | labels: 1195 long, 980 short (55/45%)
    [CV fold 0] train_end=2021-11-23 00:00 | val_start=2021-11-30 16:00 | gap=184h (22 rows)
    [CV fold 1] train_end=2022-03-26 16:00 | val_start=2022-04-05 08:00 | gap=232h (22 rows)
    [CV fold 2] train_end=2022-07-27 08:00 | val_start=2022-08-04 00:00 | gap=184h (22 rows)
    [CV fold 3] train_end=2022-11-25 00:00 | val_start=2022-12-02 16:00 | gap=184h (22 rows)
    [CV fold 4] train_end=2023-03-25 16:00 | val_start=2023-04-02 08:00 | gap=184h (22 rows)
    [trial 0] Sharpe=-0.2113 (folds: -0.0923, -0.4052, -0.2320, -0.1707, -0.1561)
    [trial 1] 13 features, training_days=410 | threshold=0.693 | labels: 1195 long, 980 short (55/45%)
    [trial 1] Sharpe=-0.0373 (folds: -0.2556, 0.1325, 0.3887, -0.2087, -0.2436)
    [trial 2] 13 features, training_days=270 | threshold=0.546 | labels: 1195 long, 980 short (55/45%)
    [trial 2] Sharpe=-0.1163 (folds: -0.1883, -0.1162, 0.0978, -0.2388, -0.1361)
    [trial 3] 13 features, training_days=270 | threshold=0.600 | labels: 1195 long, 980 short (55/45%)
    [trial 3] Sharpe=-0.1961 (folds: -0.3033, -0.2395, 0.0048, -0.2322, -0.2101)
    [trial 4] 13 features, training_days=390 | threshold=0.764 | labels: 1195 long, 980 short (55/45%)
    [trial 4] Sharpe=-0.2264 (folds: -0.3661, -0.2808, -0.1857, -0.1556, -0.1438)
    [trial 5] 13 features, training_days=60 | threshold=0.603 | labels: 1195 long, 980 short (55/45%)
    [trial 5] Sharpe=-0.0635 (folds: -0.1552, 0.0937, -0.0467, 0.0075, -0.2169)
    [trial 6] 13 features, training_days=290 | threshold=0.738 | labels: 1195 long, 980 short (55/45%)
    [trial 6] Sharpe=-0.1743 (folds: -0.5076, -0.1926, -0.0579, -0.0299, -0.0835)
    [trial 7] 13 features, training_days=70 | threshold=0.564 | labels: 1195 long, 980 short (55/45%)
    [trial 7] Sharpe=-0.0439 (folds: 0.0052, 0.1635, -0.2660, 0.1386, -0.2607)
    [trial 8] 13 features, training_days=440 | threshold=0.653 | labels: 1195 long, 980 short (55/45%)
    [trial 8] Sharpe=-0.0566 (folds: -0.2761, 0.0089, 0.3600, -0.1236, -0.2524)
    [trial 9] 13 features, training_days=360 | threshold=0.728 | labels: 1195 long, 980 short (55/45%)
    [trial 9] Sharpe=-2.0470 (folds: -0.2108, 0.0454, 0.2548, -0.3241, -10.0000)
  Optuna: 10 trials, best Sharpe = -0.0373
  Best params: n_estimators=233, max_depth=5, lr=0.0137, leaves=108
  Best confidence_threshold: 0.693
  Best training_days: 410
  Retrained on full data (1230 samples, 13 features)
  Model trained for 2023-08: 93 test candles with features, confidence_threshold=0.693
[lgbm] === Training for 2023-09 ===
  Train window: 2021-09-01 → 2023-09-01
  2175 training samples from 1 symbols
  Samples per month: 2021-09: 90, 2021-10: 93, 2021-11: 90, 2021-12: 93, 2022-01: 93, 2022-02: 75, 2022-03: 93, 2022-04: 84, 2022-05: 93, 2022-06: 90, 2022-07: 93, 2022-08: 93, 2022-09: 90, 2022-10: 93, 2022-11: 90, 2022-12: 93, 2023-01: 93, 2023-02: 84, 2023-03: 93, 2023-04: 90, 2023-05: 93, 2023-06: 90, 2023-07: 93, 2023-08: 93
  [label] 2021-11-01 16:00 TRXUSDT entry=0.1006 → LONG | long=tp(+6.50%) short=sl(-3.40%) | scanned=2 | long_tp_only
  [label] 2021-11-04 00:00 TRXUSDT entry=0.1041 → LONG | long=sl(-3.65%) short=sl(-3.65%) | scanned=12 | no_tp→fwd_return=+3.2869
  [label] 2021-11-07 16:00 TRXUSDT entry=0.1046 → LONG | long=tp(+5.96%) short=sl(-3.13%) | scanned=4 | long_tp_only
  [label] 2021-12-02 16:00 TRXUSDT entry=0.0975 → SHORT | long=sl(-3.41%) short=sl(-3.41%) | scanned=3 | no_tp→fwd_return=-3.7428
  [label] 2022-01-24 00:00 TRXUSDT entry=0.0549 → LONG | long=sl(-5.21%) short=sl(-5.21%) | scanned=7 | no_tp→fwd_return=+4.7359
  [label] 2022-07-14 16:00 TRXUSDT entry=0.0667 → LONG | long=tp(+4.95%) short=sl(-2.63%) | scanned=11 | long_tp_only
  [label] 2022-07-18 16:00 TRXUSDT entry=0.0688 → SHORT | long=sl(-2.49%) short=tp(+4.69%) | scanned=19 | short_tp_only
  [label] 2022-07-29 08:00 TRXUSDT entry=0.0693 → SHORT | long=sl(-2.34%) short=sl(-2.34%) | scanned=12 | no_tp→fwd_return=-0.6064
  [label] 2022-09-12 08:00 TRXUSDT entry=0.0634 → SHORT | long=sl(-1.86%) short=tp(+3.41%) | scanned=4 | short_tp_only
  [label] 2022-09-21 00:00 TRXUSDT entry=0.0594 → LONG | long=tp(+3.38%) short=sl(-1.84%) | scanned=2 | long_tp_only
  [label] 2022-12-20 16:00 TRXUSDT entry=0.0549 → SHORT | long=sl(-2.19%) short=timeout(+1.39%) | scanned=22 | no_tp→fwd_return=-1.4925
  [label] 2023-01-21 16:00 TRXUSDT entry=0.0617 → SHORT | long=sl(-2.44%) short=sl(-2.44%) | scanned=9 | no_tp→fwd_return=-2.4809
  [label] 2023-02-06 16:00 TRXUSDT entry=0.0631 → LONG | long=tp(+4.31%) short=sl(-2.30%) | scanned=3 | long_tp_only
  [label] 2023-02-19 16:00 TRXUSDT entry=0.0704 → SHORT | long=sl(-2.40%) short=sl(-2.40%) | scanned=7 | no_tp→fwd_return=-1.4068
  [label] 2023-03-10 00:00 TRXUSDT entry=0.0576 → LONG | long=sl(-2.76%) short=sl(-2.76%) | scanned=6 | no_tp→fwd_return=+1.7532
  [label] 2023-03-16 08:00 TRXUSDT entry=0.0660 → SHORT | long=sl(-3.20%) short=sl(-3.20%) | scanned=19 | no_tp→fwd_return=-9.4588
  [label] 2023-03-28 16:00 TRXUSDT entry=0.0641 → LONG | long=timeout(+2.35%) short=sl(-2.83%) | scanned=22 | no_tp→fwd_return=+2.4478
  [label] 2023-05-07 08:00 TRXUSDT entry=0.0699 → SHORT | long=sl(-1.45%) short=tp(+2.61%) | scanned=2 | short_tp_only
  [label] 2023-05-17 08:00 TRXUSDT entry=0.0704 → LONG | long=tp(+2.44%) short=sl(-1.37%) | scanned=9 | long_tp_only
  [label] 2023-08-11 16:00 TRXUSDT entry=0.0772 → SHORT | long=sl(-1.27%) short=tp(+2.23%) | scanned=15 | short_tp_only
  Labels: 1171 long (53.8%), 1004 short (46.2%) | weights: min=1.01, mean=3.03, max=10.00
  Features: 2175/2175 matched, 13 columns
  CV gap: 22 rows
    [trial 0] 13 features, training_days=230 | threshold=0.779 | labels: 1171 long, 1004 short (54/46%)
    [CV fold 0] train_end=2021-12-24 00:00 | val_start=2021-12-31 16:00 | gap=184h (22 rows)
    [CV fold 1] train_end=2022-04-28 16:00 | val_start=2022-05-06 08:00 | gap=184h (22 rows)
    [CV fold 2] train_end=2022-08-27 08:00 | val_start=2022-09-04 00:00 | gap=184h (22 rows)
    [CV fold 3] train_end=2022-12-26 00:00 | val_start=2023-01-02 16:00 | gap=184h (22 rows)
    [CV fold 4] train_end=2023-04-25 16:00 | val_start=2023-05-03 08:00 | gap=184h (22 rows)
    [trial 0] Sharpe=-0.1824 (folds: 0.1013, -0.3219, -0.3557, -0.2528, -0.0831)
    [trial 1] 13 features, training_days=410 | threshold=0.693 | labels: 1171 long, 1004 short (54/46%)
    [trial 1] Sharpe=-0.0705 (folds: -0.1983, 0.2191, 0.0129, -0.1888, -0.1975)
    [trial 2] 13 features, training_days=270 | threshold=0.546 | labels: 1171 long, 1004 short (54/46%)
    [trial 2] Sharpe=-0.0727 (folds: -0.1974, -0.0020, 0.0564, -0.1455, -0.0750)
    [trial 3] 13 features, training_days=270 | threshold=0.600 | labels: 1171 long, 1004 short (54/46%)
    [trial 3] Sharpe=-0.0993 (folds: -0.2274, 0.0264, 0.0208, -0.1308, -0.1855)
    [trial 4] 13 features, training_days=390 | threshold=0.764 | labels: 1171 long, 1004 short (54/46%)
    [trial 4] Sharpe=-0.1236 (folds: -0.1171, -0.0113, -0.1595, -0.1739, -0.1563)
    [trial 5] 13 features, training_days=60 | threshold=0.603 | labels: 1171 long, 1004 short (54/46%)
    [trial 5] Sharpe=-0.0733 (folds: -0.1236, 0.0705, -0.1731, -0.0249, -0.1156)
    [trial 6] 13 features, training_days=290 | threshold=0.738 | labels: 1171 long, 1004 short (54/46%)
    [trial 6] Sharpe=-0.1424 (folds: 0.0589, -0.2448, -0.2331, -0.1516, -0.1416)
    [trial 7] 13 features, training_days=70 | threshold=0.564 | labels: 1171 long, 1004 short (54/46%)
    [trial 7] Sharpe=-0.0362 (folds: 0.0817, 0.1251, -0.2229, -0.1001, -0.0648)
    [trial 8] 13 features, training_days=440 | threshold=0.653 | labels: 1171 long, 1004 short (54/46%)[I 2026-05-07 00:29:58,905] Trial 8 finished with value: -0.10244498034806533 and parameters: {'confidence_threshold': 0.6525471176758836, 'training_days': 440, 'n_estimators': 116, 'max_depth': 4, 'num_leaves': 115, 'learning_rate': 0.010229952960863938, 'subsample': 0.5062159465415076, 'min_child_samples': 54, 'reg_alpha': 6.790626457822126e-06, 'reg_lambda': 1.7869141074987722e-05}. Best is trial 7 with value: -0.03618259224205499.
[I 2026-05-07 00:29:59,009] Trial 9 finished with value: -0.5562022861746614 and parameters: {'confidence_threshold': 0.7277571993354469, 'training_days': 360, 'n_estimators': 75, 'max_depth': 5, 'num_leaves': 41, 'learning_rate': 0.014186743931212992, 'subsample': 0.7445187273047605, 'min_child_samples': 22, 'reg_alpha': 0.02393227447113315, 'reg_lambda': 0.009236766173618426}. Best is trial 7 with value: -0.03618259224205499.
[I 2026-05-07 00:29:59,347] A new study created in memory with name: no-name-9f9fdf38-9245-4f48-bb53-1847418522af
[I 2026-05-07 00:29:59,628] Trial 0 finished with value: -0.1747841056368527 and parameters: {'confidence_threshold': 0.7790993046299082, 'training_days': 230, 'n_estimators': 295, 'max_depth': 5, 'num_leaves': 83, 'learning_rate': 0.051543455158230854, 'subsample': 0.8773243492079463, 'min_child_samples': 10, 'reg_alpha': 0.034096514368237685, 'reg_lambda': 3.154180388637081e-05}. Best is trial 0 with value: -0.1747841056368527.
[I 2026-05-07 00:29:59,781] Trial 1 finished with value: -0.16017865218327723 and parameters: {'confidence_threshold': 0.6929247853618086, 'training_days': 410, 'n_estimators': 233, 'max_depth': 5, 'num_leaves': 108, 'learning_rate': 0.013724237108071606, 'subsample': 0.7013182233636002, 'min_child_samples': 94, 'reg_alpha': 2.4040959529260723e-06, 'reg_lambda': 5.320966582161148}. Best is trial 1 with value: -0.16017865218327723.
[I 2026-05-07 00:29:59,850] Trial 2 finished with value: -0.06770129766490826 and parameters: {'confidence_threshold': 0.546341527225763, 'training_days': 270, 'n_estimators': 120, 'max_depth': 4, 'num_leaves': 53, 'learning_rate': 0.060197068579343475, 'subsample': 0.588227873455941, 'min_child_samples': 91, 'reg_alpha': 2.3457771824819002e-08, 'reg_lambda': 1.1358840775642732e-08}. Best is trial 2 with value: -0.06770129766490826.
[I 2026-05-07 00:30:00,039] Trial 3 finished with value: -0.1014382114752586 and parameters: {'confidence_threshold': 0.6000319676300473, 'training_days': 270, 'n_estimators': 382, 'max_depth': 4, 'num_leaves': 44, 'learning_rate': 0.09185046765032388, 'subsample': 0.6743651508646724, 'min_child_samples': 77, 'reg_alpha': 0.0013974578104212739, 'reg_lambda': 8.97190257982477e-08}. Best is trial 2 with value: -0.06770129766490826.
[I 2026-05-07 00:30:00,410] Trial 4 finished with value: -0.1393004738655605 and parameters: {'confidence_threshold': 0.7642618789055509, 'training_days': 390, 'n_estimators': 464, 'max_depth': 5, 'num_leaves': 30, 'learning_rate': 0.024562383309704932, 'subsample': 0.8612975035964376, 'min_child_samples': 36, 'reg_alpha': 1.593999300080167, 'reg_lambda': 0.006081270362829788}. Best is trial 2 with value: -0.06770129766490826.
[I 2026-05-07 00:30:00,533] Trial 5 finished with value: -0.13788019461820028 and parameters: {'confidence_threshold': 0.6029115860358569, 'training_days': 60, 'n_estimators': 441, 'max_depth': 3, 'num_leaves': 66, 'learning_rate': 0.044953114425778824, 'subsample': 0.7098948461279406, 'min_child_samples': 15, 'reg_alpha': 4.888753565548431e-07, 'reg_lambda': 4.198190642566389}. Best is trial 2 with value: -0.06770129766490826.
[I 2026-05-07 00:30:00,749] Trial 6 finished with value: -0.10168321647311052 and parameters: {'confidence_threshold': 0.7376932868314098, 'training_days': 290, 'n_estimators': 249, 'max_depth': 5, 'num_leaves': 121, 'learning_rate': 0.015565840632862623, 'subsample': 0.8390183783709677, 'min_child_samples': 19, 'reg_alpha': 1.860444687368747e-08, 'reg_lambda': 2.7391483548058117e-06}. Best is trial 2 with value: -0.06770129766490826.
[I 2026-05-07 00:30:00,782] Trial 7 finished with value: -0.13388232983336054 and parameters: {'confidence_threshold': 0.563503962036334, 'training_days': 70, 'n_estimators': 63, 'max_depth': 3, 'num_leaves': 47, 'learning_rate': 0.18074927623018475, 'subsample': 0.5059692991701257, 'min_child_samples': 9, 'reg_alpha': 3.6945804405602874e-08, 'reg_lambda': 0.027706035542028905}. Best is trial 2 with value: -0.06770129766490826.
[I 2026-05-07 00:30:00,868] Trial 8 finished with value: 0.001337326326237373 and parameters: {'confidence_threshold': 0.6525471176758836, 'training_days': 440, 'n_estimators': 116, 'max_depth': 4, 'num_leaves': 115, 'learning_rate': 0.010229952960863938, 'subsample': 0.5062159465415076, 'min_child_samples': 54, 'reg_alpha': 6.790626457822126e-06, 'reg_lambda': 1.7869141074987722e-05}. Best is trial 8 with value: 0.001337326326237373.
