[I 2026-05-07 00:30:18,852] Trial 7 finished with value: -0.05844828328152668 and parameters: {'confidence_threshold': 0.563503962036334, 'training_days': 70, 'n_estimators': 63, 'max_depth': 3, 'num_leaves': 47, 'learning_rate': 0.18074927623018475, 'subsample': 0.5059692991701257, 'min_child_samples': 9, 'reg_alpha': 3.6945804405602874e-08, 'reg_lambda': 0.027706035542028905}. Best is trial 5 with value: 0.007705752561301507.

  [label] 2024-02-14 08:00 TRXUSDT entry=0.1288 → LONG | long=tp(+2.55%) short=sl(-1.42%) | scanned=6 | long_tp_only
  [label] 2024-05-11 08:00 TRXUSDT entry=0.1259 → SHORT | long=sl(-1.47%) short=timeout(+2.13%) | scanned=22 | no_tp→fwd_return=-2.2318
  Labels: 1199 long (54.7%), 994 short (45.3%) | weights: min=1.00, mean=2.39, max=10.00
  Features: 2193/2193 matched, 13 columns
  CV gap: 22 rows
    [trial 0] 13 features, training_days=230 | threshold=0.779 | labels: 1199 long, 994 short (55/45%)
    [CV fold 0] train_end=2022-09-24 00:00 | val_start=2022-10-01 16:00 | gap=184h (22 rows)
    [CV fold 1] train_end=2023-01-23 16:00 | val_start=2023-01-31 08:00 | gap=184h (22 rows)
    [CV fold 2] train_end=2023-05-25 08:00 | val_start=2023-06-02 00:00 | gap=184h (22 rows)
    [CV fold 3] train_end=2023-09-24 00:00 | val_start=2023-10-01 16:00 | gap=184h (22 rows)
    [CV fold 4] train_end=2024-01-23 16:00 | val_start=2024-01-31 08:00 | gap=184h (22 rows)
    [trial 0] Sharpe=-0.1233 (folds: -0.1418, -0.0926, -0.1460, -0.0280, -0.2079)
    [trial 1] 13 features, training_days=410 | threshold=0.693 | labels: 1199 long, 994 short (55/45%)
    [trial 1] Sharpe=-0.1321 (folds: -0.2621, 0.0241, -0.3639, -0.2346, 0.1761)
    [trial 2] 13 features, training_days=270 | threshold=0.546 | labels: 1199 long, 994 short (55/45%)
    [trial 2] Sharpe=-0.0843 (folds: -0.1741, -0.0269, -0.0661, -0.2354, 0.0810)
    [trial 3] 13 features, training_days=270 | threshold=0.600 | labels: 1199 long, 994 short (55/45%)
    [trial 3] Sharpe=-0.1513 (folds: -0.3359, -0.0519, -0.1450, -0.2152, -0.0085)
    [trial 4] 13 features, training_days=390 | threshold=0.764 | labels: 1199 long, 994 short (55/45%)
    [trial 4] Sharpe=-0.1194 (folds: -0.3093, -0.0614, -0.1457, -0.1510, 0.0704)
    [trial 5] 13 features, training_days=60 | threshold=0.603 | labels: 1199 long, 994 short (55/45%)
    [trial 5] Sharpe=-0.0977 (folds: -0.2831, -0.0655, -0.0043, -0.1838, 0.0482)
    [trial 6] 13 features, training_days=290 | threshold=0.738 | labels: 1199 long, 994 short (55/45%)
    [trial 6] Sharpe=-0.1480 (folds: -0.0715, -0.0993, -0.1408, -0.2013, -0.2272)
    [trial 7] 13 features, training_days=70 | threshold=0.564 | labels: 1199 long, 994 short (55/45%)
    [trial 7] Sharpe=-0.0920 (folds: -0.2787, -0.0798, -0.0445, -0.2419, 0.1850)
    [trial 8] 13 features, training_days=440 | threshold=0.653 | labels: 1199 long, 994 short (55/45%)
    [trial 8] Sharpe=-0.1385 (folds: -0.4288, -0.1122, -0.0698, -0.1607, 0.0790)
    [trial 9] 13 features, training_days=360 | threshold=0.728 | labels: 1199 long, 994 short (55/45%)
    [trial 9] Sharpe=-4.0064 (folds: -0.2895, -10.0000, -0.0583, -10.0000, 0.3160)
  Optuna: 10 trials, best Sharpe = -0.0843
  Best params: n_estimators=120, max_depth=4, lr=0.0602, leaves=53
  Best confidence_threshold: 0.546
  Best training_days: 270
  Retrained on full data (810 samples, 13 features)
  Model trained for 2024-06: 90 test candles with features, confidence_threshold=0.546
[lgbm] === Training for 2024-07 ===
  Train window: 2022-07-01 → 2024-07-01
  2193 training samples from 1 symbols
  Samples per month: 2022-07: 93, 2022-08: 93, 2022-09: 90, 2022-10: 93, 2022-11: 90, 2022-12: 93, 2023-01: 93, 2023-02: 84, 2023-03: 93, 2023-04: 90, 2023-05: 93, 2023-06: 90, 2023-07: 93, 2023-08: 93, 2023-09: 90, 2023-10: 93, 2023-11: 90, 2023-12: 93, 2024-01: 93, 2024-02: 87, 2024-03: 93, 2024-04: 90, 2024-05: 93, 2024-06: 90
  [label] 2022-09-01 08:00 TRXUSDT entry=0.0622 → SHORT | long=sl(-2.16%) short=sl(-2.16%) | scanned=16 | no_tp→fwd_return=-2.6185
  [label] 2022-09-03 16:00 TRXUSDT entry=0.0631 → SHORT | long=sl(-1.93%) short=tp(+3.56%) | scanned=9 | short_tp_only
  [label] 2022-09-07 08:00 TRXUSDT entry=0.0607 → LONG | long=tp(+3.54%) short=sl(-1.92%) | scanned=5 | long_tp_only
  [label] 2022-10-02 08:00 TRXUSDT entry=0.0615 → LONG | long=timeout(+1.52%) short=sl(-1.86%) | scanned=22 | no_tp→fwd_return=+1.6250
  [label] 2022-11-24 08:00 TRXUSDT entry=0.0526 → LONG | long=timeout(+3.29%) short=sl(-3.53%) | scanned=22 | no_tp→fwd_return=+3.3866
  [label] 2023-05-11 08:00 TRXUSDT entry=0.0683 → LONG | long=sl(-1.64%) short=sl(-1.64%) | scanned=4 | no_tp→fwd_return=+1.1573
  [label] 2023-05-15 08:00 TRXUSDT entry=0.0701 → LONG | long=tp(+2.69%) short=sl(-1.50%) | scanned=15 | long_tp_only
  [label] 2023-05-26 00:00 TRXUSDT entry=0.0770 → SHORT | long=sl(-1.71%) short=tp(+3.12%) | scanned=18 | short_tp_only
  [label] 2023-07-10 08:00 TRXUSDT entry=0.0775 → LONG | long=tp(+3.10%) short=sl(-1.70%) | scanned=10 | long_tp_only
  [label] 2023-07-19 00:00 TRXUSDT entry=0.0796 → LONG | long=tp(+3.04%) short=sl(-1.67%) | scanned=9 | long_tp_only
  [label] 2023-10-18 16:00 TRXUSDT entry=0.0891 → LONG | long=tp(+2.15%) short=sl(-1.22%) | scanned=5 | long_tp_only
  [label] 2023-11-19 16:00 TRXUSDT entry=0.1035 → SHORT | long=sl(-1.85%) short=tp(+3.39%) | scanned=5 | short_tp_only
  [label] 2023-12-06 00:00 TRXUSDT entry=0.1030 → LONG | long=tp(+2.94%) short=sl(-1.62%) | scanned=1 | long_tp_only
  [label] 2023-12-19 00:00 TRXUSDT entry=0.1014 → LONG | long=tp(+3.38%) short=sl(-1.84%) | scanned=7 | long_tp_only
  [label] 2024-01-06 16:00 TRXUSDT entry=0.1038 → LONG | long=sl(-1.91%) short=sl(-1.91%) | scanned=12 | no_tp→fwd_return=+1.2711
  [label] 2024-01-13 00:00 TRXUSDT entry=0.1094 → LONG | long=tp(+3.34%) short=sl(-1.82%) | scanned=1 | long_tp_only
  [label] 2024-01-25 08:00 TRXUSDT entry=0.1110 → LONG | long=tp(+3.09%) short=sl(-1.70%) | scanned=3 | long_tp_only
  [label] 2024-03-05 08:00 TRXUSDT entry=0.1393 → SHORT | long=sl(-1.23%) short=tp(+2.16%) | scanned=1 | short_tp_only
  [label] 2024-03-15 08:00 TRXUSDT entry=0.1259 → SHORT | long=sl(-1.51%) short=tp(+2.72%) | scanned=11 | short_tp_only
  [label] 2024-06-10 08:00 TRXUSDT entry=0.1172 → SHORT | long=sl(-1.30%) short=timeout(-0.01%) | scanned=22 | no_tp→fwd_return=-0.0853
  Labels: 1214 long (55.4%), 979 short (44.6%) | weights: min=1.01, mean=3.46, max=10.00
  Features: 2193/2193 matched, 13 columns
  CV gap: 22 rows
    [trial 0] 13 features, training_days=230 | threshold=0.779 | labels: 1214 long, 979 short (55/45%)
    [CV fold 0] train_end=2022-10-24 00:00 | val_start=2022-10-31 16:00 | gap=184h (22 rows)
    [CV fold 1] train_end=2023-02-22 16:00 | val_start=2023-03-02 08:00 | gap=184h (22 rows)
    [CV fold 2] train_end=2023-06-24 08:00 | val_start=2023-07-02 00:00 | gap=184h (22 rows)
    [CV fold 3] train_end=2023-10-24 00:00 | val_start=2023-10-31 16:00 | gap=184h (22 rows)
    [CV fold 4] train_end=2024-02-22 16:00 | val_start=2024-03-01 08:00 | gap=184h (22 rows)
    [trial 0] Sharpe=-0.0513 (folds: -0.1705, -0.0400, -0.2249, 0.1746, 0.0042)
    [trial 1] 13 features, training_days=410 | threshold=0.693 | labels: 1214 long, 979 short (55/45%)
    [trial 1] Sharpe=-0.2752 (folds: -0.3358, -0.2646, -0.4826, -0.3591, 0.0661)
    [trial 2] 13 features, training_days=270 | threshold=0.546 | labels: 1214 long, 979 short (55/45%)
    [trial 2] Sharpe=-0.1446 (folds: -0.2408, -0.1391, -0.2080, -0.1859, 0.0507)
    [trial 3] 13 features, training_days=270 | threshold=0.600 | labels: 1214 long, 979 short (55/45%)
    [trial 3] Sharpe=-0.1228 (folds: -0.2755, -0.1052, -0.1605, -0.1258, 0.0528)
    [trial 4] 13 features, training_days=390 | threshold=0.764 | labels: 1214 long, 979 short (55/45%)
    [trial 4] Sharpe=-0.1327 (folds: -0.2265, -0.0450, -0.3486, -0.2343, 0.1907)
    [trial 5] 13 features, training_days=60 | threshold=0.603 | labels: 1214 long, 979 short (55/45%)
    [trial 5] Sharpe=0.0077 (folds: -0.0707, -0.1921, 0.1907, 0.2232, -0.1126)
    [trial 6] 13 features, training_days=290 | threshold=0.738 | labels: 1214 long, 979 short (55/45%)
    [trial 6] Sharpe=-0.2456 (folds: -0.1834, -0.1629, -0.3646, -0.2577, -0.2595)
    [trial 7] 13 features, training_days=70 | threshold=0.564 | labels: 1214 long, 979 short (55/45%)
    [trial 7] Sharpe=-0.0584 (folds: -0.2549, -0.2458, 0.0218, 0.2990, -0.1124)
    [trial 8] 13 features, training_days=440 | threshold=0.653 | labels: 1214 long, 979 short (55/45%)
    [trial 8] Sharpe=-0.1493 (folds: -0.2463, -0.0761, -0.3866, -0.3583, 0.3211)[I 2026-05-07 00:30:18,937] Trial 8 finished with value: -0.14925823003545297 and parameters: {'confidence_threshold': 0.6525471176758836, 'training_days': 440, 'n_estimators': 116, 'max_depth': 4, 'num_leaves': 115, 'learning_rate': 0.010229952960863938, 'subsample': 0.5062159465415076, 'min_child_samples': 54, 'reg_alpha': 6.790626457822126e-06, 'reg_lambda': 1.7869141074987722e-05}. Best is trial 5 with value: 0.007705752561301507.
[I 2026-05-07 00:30:19,010] Trial 9 finished with value: -4.004687546282048 and parameters: {'confidence_threshold': 0.7277571993354469, 'training_days': 360, 'n_estimators': 75, 'max_depth': 5, 'num_leaves': 41, 'learning_rate': 0.014186743931212992, 'subsample': 0.7445187273047605, 'min_child_samples': 22, 'reg_alpha': 0.02393227447113315, 'reg_lambda': 0.009236766173618426}. Best is trial 5 with value: 0.007705752561301507.
[I 2026-05-07 00:30:19,398] A new study created in memory with name: no-name-116629ec-4fb8-492b-a54d-02c7656d4384
[I 2026-05-07 00:30:19,636] Trial 0 finished with value: -0.0511560048686905 and parameters: {'confidence_threshold': 0.7790993046299082, 'training_days': 230, 'n_estimators': 295, 'max_depth': 5, 'num_leaves': 83, 'learning_rate': 0.051543455158230854, 'subsample': 0.8773243492079463, 'min_child_samples': 10, 'reg_alpha': 0.034096514368237685, 'reg_lambda': 3.154180388637081e-05}. Best is trial 0 with value: -0.0511560048686905.
[I 2026-05-07 00:30:19,773] Trial 1 finished with value: -0.11437413959787217 and parameters: {'confidence_threshold': 0.6929247853618086, 'training_days': 410, 'n_estimators': 233, 'max_depth': 5, 'num_leaves': 108, 'learning_rate': 0.013724237108071606, 'subsample': 0.7013182233636002, 'min_child_samples': 94, 'reg_alpha': 2.4040959529260723e-06, 'reg_lambda': 5.320966582161148}. Best is trial 0 with value: -0.0511560048686905.
[I 2026-05-07 00:30:19,843] Trial 2 finished with value: -0.03730621897614885 and parameters: {'confidence_threshold': 0.546341527225763, 'training_days': 270, 'n_estimators': 120, 'max_depth': 4, 'num_leaves': 53, 'learning_rate': 0.060197068579343475, 'subsample': 0.588227873455941, 'min_child_samples': 91, 'reg_alpha': 2.3457771824819002e-08, 'reg_lambda': 1.1358840775642732e-08}. Best is trial 2 with value: -0.03730621897614885.
[I 2026-05-07 00:30:20,024] Trial 3 finished with value: -0.07243847772596604 and parameters: {'confidence_threshold': 0.6000319676300473, 'training_days': 270, 'n_estimators': 382, 'max_depth': 4, 'num_leaves': 44, 'learning_rate': 0.09185046765032388, 'subsample': 0.6743651508646724, 'min_child_samples': 77, 'reg_alpha': 0.0013974578104212739, 'reg_lambda': 8.97190257982477e-08}. Best is trial 2 with value: -0.03730621897614885.
[I 2026-05-07 00:30:20,359] Trial 4 finished with value: -0.06148167989440782 and parameters: {'confidence_threshold': 0.7642618789055509, 'training_days': 390, 'n_estimators': 464, 'max_depth': 5, 'num_leaves': 30, 'learning_rate': 0.024562383309704932, 'subsample': 0.8612975035964376, 'min_child_samples': 36, 'reg_alpha': 1.593999300080167, 'reg_lambda': 0.006081270362829788}. Best is trial 2 with value: -0.03730621897614885.
[I 2026-05-07 00:30:20,504] Trial 5 finished with value: -0.03681805858033718 and parameters: {'confidence_threshold': 0.6029115860358569, 'training_days': 60, 'n_estimators': 441, 'max_depth': 3, 'num_leaves': 66, 'learning_rate': 0.044953114425778824, 'subsample': 0.7098948461279406, 'min_child_samples': 15, 'reg_alpha': 4.888753565548431e-07, 'reg_lambda': 4.198190642566389}. Best is trial 5 with value: -0.03681805858033718.
[I 2026-05-07 00:30:20,699] Trial 6 finished with value: -0.06721020067785646 and parameters: {'confidence_threshold': 0.7376932868314098, 'training_days': 290, 'n_estimators': 249, 'max_depth': 5, 'num_leaves': 121, 'learning_rate': 0.015565840632862623, 'subsample': 0.8390183783709677, 'min_child_samples': 19, 'reg_alpha': 1.860444687368747e-08, 'reg_lambda': 2.7391483548058117e-06}. Best is trial 5 with value: -0.03681805858033718.
[I 2026-05-07 00:30:20,734] Trial 7 finished with value: 0.0077067654710450545 and parameters: {'confidence_threshold': 0.563503962036334, 'training_days': 70, 'n_estimators': 63, 'max_depth': 3, 'num_leaves': 47, 'learning_rate': 0.18074927623018475, 'subsample': 0.5059692991701257, 'min_child_samples': 9, 'reg_alpha': 3.6945804405602874e-08, 'reg_lambda': 0.027706035542028905}. Best is trial 7 with value: 0.0077067654710450545.
[I 2026-05-07 00:30:20,810] Trial 8 finished with value: -0.17618572735523103 and parameters: {'confidence_threshold': 0.6525471176758836, 'training_days': 440, 'n_estimators': 116, 'max_depth': 4, 'num_leaves': 115, 'learning_rate': 0.010229952960863938, 'subsample': 0.5062159465415076, 'min_child_samples': 54, 'reg_alpha': 6.790626457822126e-06, 'reg_lambda': 1.7869141074987722e-05}. Best is trial 7 with value: 0.0077067654710450545.
