[I 2026-05-07 00:29:26,394] Trial 9 finished with value: -3.897359251158652 and parameters: {'confidence_threshold': 0.7277571993354469, 'training_days': 360, 'n_estimators': 75, 'max_depth': 5, 'num_leaves': 41, 'learning_rate': 0.014186743931212992, 'subsample': 0.7445187273047605, 'min_child_samples': 22, 'reg_alpha': 0.02393227447113315, 'reg_lambda': 0.009236766173618426}. Best is trial 8 with value: 0.18065856984191342.

  Retrained on full data (1221 samples, 13 features)
  Model trained for 2022-03: 93 test candles with features, confidence_threshold=0.693
[predict] 2022-03-05 00:00 TRXUSDT → SHORT (proba=0.89 TP=6.7%/SL=3.3%)
[trade:open] 2022-03-05 07:59 TRXUSDT SHORT @ 0.06 | SL=0.06 TP=0.05 | timeout=2022-03-12 07:59
[trade:close] 2022-03-05 15:59 TRXUSDT SHORT → stop_loss @ 0.06 | PnL=-3.33% (net -3.43%) | cum=-15.72% 2022-03=-3.43% 2022-03-05=-3.43%
[predict] 2022-03-29 00:00 TRXUSDT → SHORT (proba=0.84 TP=4.6%/SL=2.3%)
[trade:open] 2022-03-29 07:59 TRXUSDT SHORT @ 0.07 | SL=0.07 TP=0.07 | timeout=2022-04-05 07:59
[trade:close] 2022-03-29 23:59 TRXUSDT SHORT → take_profit @ 0.07 | PnL=+4.57% (net +4.47%) | cum=-11.25% 2022-03=+1.05% 2022-03-29=+4.47%
[predict] 2022-03-31 08:00 TRXUSDT → SHORT (proba=0.83 TP=5.9%/SL=3.0%)
[trade:open] 2022-03-31 15:59 TRXUSDT SHORT @ 0.07 | SL=0.08 TP=0.07 | timeout=2022-04-07 15:59
[lgbm] === Training for 2022-04 ===
  Train window: 2020-04-01 → 2022-04-01
  2181 training samples from 1 symbols
  Samples per month: 2020-04: 90, 2020-05: 93, 2020-06: 90, 2020-07: 93, 2020-08: 93, 2020-09: 90, 2020-10: 93, 2020-11: 90, 2020-12: 93, 2021-01: 93, 2021-02: 84, 2021-03: 93, 2021-04: 90, 2021-05: 93, 2021-06: 90, 2021-07: 93, 2021-08: 93, 2021-09: 90, 2021-10: 93, 2021-11: 90, 2021-12: 93, 2022-01: 93, 2022-02: 75, 2022-03: 93
  [label] 2020-06-02 00:00 TRXUSDT entry=0.0171 → SHORT | long=sl(-3.46%) short=tp(+6.63%) | scanned=1 | short_tp_only
  [label] 2020-06-04 00:00 TRXUSDT entry=0.0171 → LONG | long=sl(-3.76%) short=sl(-3.76%) | scanned=9 | no_tp→fwd_return=+2.1102
  [label] 2020-06-08 00:00 TRXUSDT entry=0.0185 → SHORT | long=sl(-3.38%) short=tp(+6.46%) | scanned=6 | short_tp_only
  [label] 2020-07-03 00:00 TRXUSDT entry=0.0168 → LONG | long=sl(-2.53%) short=sl(-2.53%) | scanned=9 | no_tp→fwd_return=+4.6512
  [label] 2020-08-24 16:00 TRXUSDT entry=0.0251 → SHORT | long=sl(-5.66%) short=tp(+11.03%) | scanned=3 | short_tp_only
  [label] 2021-02-07 08:00 TRXUSDT entry=0.0350 → LONG | long=tp(+11.22%) short=sl(-5.76%) | scanned=4 | long_tp_only
  [label] 2021-02-11 16:00 TRXUSDT entry=0.0571 → LONG | long=sl(-5.87%) short=sl(-5.87%) | scanned=6 | no_tp→fwd_return=+5.3959
  [label] 2021-02-22 08:00 TRXUSDT entry=0.0525 → SHORT | long=sl(-8.65%) short=tp(+17.00%) | scanned=3 | short_tp_only
  [label] 2021-04-08 08:00 TRXUSDT entry=0.1242 → LONG | long=sl(-8.21%) short=sl(-8.21%) | scanned=11 | no_tp→fwd_return=+5.0060
  [label] 2021-04-17 00:00 TRXUSDT entry=0.1731 → SHORT | long=sl(-7.60%) short=tp(+14.91%) | scanned=3 | short_tp_only
  [label] 2021-07-17 00:00 TRXUSDT entry=0.0557 → SHORT | long=sl(-3.64%) short=tp(+6.97%) | scanned=9 | short_tp_only
  [label] 2021-08-18 00:00 TRXUSDT entry=0.0847 → LONG | long=timeout(+1.20%) short=sl(-4.69%) | scanned=22 | no_tp→fwd_return=+1.2992
  [label] 2021-09-03 08:00 TRXUSDT entry=0.1022 → SHORT | long=sl(-3.63%) short=sl(-3.63%) | scanned=12 | no_tp→fwd_return=-16.9407
  [label] 2021-09-16 00:00 TRXUSDT entry=0.1163 → SHORT | long=sl(-5.56%) short=tp(+10.83%) | scanned=5 | short_tp_only
  [label] 2021-10-04 16:00 TRXUSDT entry=0.0935 → LONG | long=tp(+7.62%) short=sl(-3.96%) | scanned=13 | long_tp_only
  [label] 2021-10-11 00:00 TRXUSDT entry=0.1007 → SHORT | long=sl(-3.72%) short=tp(+7.13%) | scanned=3 | short_tp_only
  [label] 2021-10-23 08:00 TRXUSDT entry=0.1009 → LONG | long=sl(-2.94%) short=sl(-2.94%) | scanned=8 | no_tp→fwd_return=+4.4900
  [label] 2021-12-02 00:00 TRXUSDT entry=0.0965 → SHORT | long=sl(-3.59%) short=sl(-3.59%) | scanned=6 | no_tp→fwd_return=-15.5671
  [label] 2021-12-12 00:00 TRXUSDT entry=0.0911 → SHORT | long=sl(-4.01%) short=tp(+7.71%) | scanned=5 | short_tp_only
  [label] 2022-03-11 16:00 TRXUSDT entry=0.0602 → LONG | long=timeout(+2.26%) short=timeout(-2.46%) | scanned=22 | no_tp→fwd_return=+2.3596
  Labels: 1196 long (54.8%), 985 short (45.2%) | weights: min=1.00, mean=2.89, max=10.00
  Features: 2181/2181 matched, 13 columns
  CV gap: 22 rows
    [trial 0] 13 features, training_days=230 | threshold=0.779 | labels: 1196 long, 985 short (55/45%)
    [CV fold 0] train_end=2020-07-24 08:00 | val_start=2020-08-01 00:00 | gap=184h (22 rows)
    [CV fold 1] train_end=2020-11-22 08:00 | val_start=2020-11-30 00:00 | gap=184h (22 rows)
    [CV fold 2] train_end=2021-03-23 08:00 | val_start=2021-03-31 00:00 | gap=184h (22 rows)
    [CV fold 3] train_end=2021-07-22 08:00 | val_start=2021-07-30 00:00 | gap=184h (22 rows)
    [CV fold 4] train_end=2021-11-20 08:00 | val_start=2021-11-28 00:00 | gap=184h (22 rows)
    [trial 0] Sharpe=0.0691 (folds: 0.1628, 0.2103, -0.2100, 0.0289, 0.1536)
    [trial 1] 13 features, training_days=410 | threshold=0.693 | labels: 1196 long, 985 short (55/45%)
    [trial 1] Sharpe=0.1644 (folds: 0.3198, 0.2149, -0.1650, 0.1688, 0.2832)
    [trial 2] 13 features, training_days=270 | threshold=0.546 | labels: 1196 long, 985 short (55/45%)
    [trial 2] Sharpe=0.0484 (folds: 0.2339, 0.1520, -0.1085, -0.0690, 0.0335)
    [trial 3] 13 features, training_days=270 | threshold=0.600 | labels: 1196 long, 985 short (55/45%)
    [trial 3] Sharpe=0.0650 (folds: 0.2393, 0.1503, -0.1883, 0.0583, 0.0657)
    [trial 4] 13 features, training_days=390 | threshold=0.764 | labels: 1196 long, 985 short (55/45%)
    [trial 4] Sharpe=0.0973 (folds: 0.1833, 0.2551, -0.1670, 0.0805, 0.1347)
    [trial 5] 13 features, training_days=60 | threshold=0.603 | labels: 1196 long, 985 short (55/45%)
    [trial 5] Sharpe=0.0240 (folds: 0.1848, 0.2997, -0.2483, -0.0270, -0.0891)
    [trial 6] 13 features, training_days=290 | threshold=0.738 | labels: 1196 long, 985 short (55/45%)
    [trial 6] Sharpe=0.0729 (folds: 0.1023, 0.1703, -0.1298, -0.0275, 0.2491)
    [trial 7] 13 features, training_days=70 | threshold=0.564 | labels: 1196 long, 985 short (55/45%)
    [trial 7] Sharpe=0.0645 (folds: 0.2619, 0.2805, -0.1818, -0.0173, -0.0208)
    [trial 8] 13 features, training_days=440 | threshold=0.653 | labels: 1196 long, 985 short (55/45%)
    [trial 8] Sharpe=0.1807 (folds: 0.2311, 0.2085, -0.1648, 0.2909, 0.3375)
    [trial 9] 13 features, training_days=360 | threshold=0.728 | labels: 1196 long, 985 short (55/45%)
    [trial 9] Sharpe=-3.8974 (folds: 0.1885, 0.3246, 0.0000, -10.0000, -10.0000)
  Optuna: 10 trials, best Sharpe = 0.1807
  Best params: n_estimators=116, max_depth=4, lr=0.0102, leaves=115
  Best confidence_threshold: 0.653
  Best training_days: 440
  Retrained on full data (1311 samples, 13 features)
  Model trained for 2022-04: 84 test candles with features, confidence_threshold=0.653
[trade:close] 2022-04-04 15:59 TRXUSDT SHORT → take_profit @ 0.07 | PnL=+5.94% (net +5.84%) | cum=-5.41% 2022-04=+5.84% 2022-04-04=+5.84%
[predict] 2022-04-09 00:00 TRXUSDT → SHORT (proba=0.66 TP=6.5%/SL=3.3%)
[trade:open] 2022-04-09 07:59 TRXUSDT SHORT @ 0.06 | SL=0.07 TP=0.06 | timeout=2022-04-16 07:59
[trade:close] 2022-04-11 15:59 TRXUSDT SHORT → take_profit @ 0.06 | PnL=+6.52% (net +6.42%) | cum=+1.01% 2022-04=+12.26% 2022-04-11=+6.42%
[lgbm] === Training for 2022-05 ===
  Train window: 2020-05-01 → 2022-05-01
  2175 training samples from 1 symbols
  Samples per month: 2020-05: 93, 2020-06: 90, 2020-07: 93, 2020-08: 93, 2020-09: 90, 2020-10: 93, 2020-11: 90, 2020-12: 93, 2021-01: 93, 2021-02: 84, 2021-03: 93, 2021-04: 90, 2021-05: 93, 2021-06: 90, 2021-07: 93, 2021-08: 93, 2021-09: 90, 2021-10: 93, 2021-11: 90, 2021-12: 93, 2022-01: 93, 2022-02: 75, 2022-03: 93, 2022-04: 84
  [label] 2020-07-01 16:00 TRXUSDT entry=0.0169 → SHORT | long=sl(-2.36%) short=sl(-2.36%) | scanned=2 | no_tp→fwd_return=-2.3118
  [label] 2020-07-04 00:00 TRXUSDT entry=0.0167 → LONG | long=sl(-2.48%) short=sl(-2.48%) | scanned=6 | no_tp→fwd_return=+4.9641
  [label] 2020-07-07 16:00 TRXUSDT entry=0.0172 → LONG | long=tp(+5.09%) short=sl(-2.69%) | scanned=3 | long_tp_only
  [label] 2020-08-01 16:00 TRXUSDT entry=0.0205 → SHORT | long=sl(-3.25%) short=sl(-3.25%) | scanned=1 | no_tp→fwd_return=-4.3902
  [label] 2020-09-23 00:00 TRXUSDT entry=0.0248 → LONG | long=tp(+11.59%) short=sl(-5.95%) | scanned=9 | long_tp_only[I 2026-05-07 00:29:26,705] A new study created in memory with name: no-name-a55844e6-fac0-4b2f-8fd9-8dfd8a7d03cb
[I 2026-05-07 00:29:27,006] Trial 0 finished with value: 0.05185535942088535 and parameters: {'confidence_threshold': 0.7790993046299082, 'training_days': 230, 'n_estimators': 295, 'max_depth': 5, 'num_leaves': 83, 'learning_rate': 0.051543455158230854, 'subsample': 0.8773243492079463, 'min_child_samples': 10, 'reg_alpha': 0.034096514368237685, 'reg_lambda': 3.154180388637081e-05}. Best is trial 0 with value: 0.05185535942088535.
[I 2026-05-07 00:29:27,139] Trial 1 finished with value: 0.05022863308519946 and parameters: {'confidence_threshold': 0.6929247853618086, 'training_days': 410, 'n_estimators': 233, 'max_depth': 5, 'num_leaves': 108, 'learning_rate': 0.013724237108071606, 'subsample': 0.7013182233636002, 'min_child_samples': 94, 'reg_alpha': 2.4040959529260723e-06, 'reg_lambda': 5.320966582161148}. Best is trial 0 with value: 0.05185535942088535.
[I 2026-05-07 00:29:27,207] Trial 2 finished with value: 0.04207571823028334 and parameters: {'confidence_threshold': 0.546341527225763, 'training_days': 270, 'n_estimators': 120, 'max_depth': 4, 'num_leaves': 53, 'learning_rate': 0.060197068579343475, 'subsample': 0.588227873455941, 'min_child_samples': 91, 'reg_alpha': 2.3457771824819002e-08, 'reg_lambda': 1.1358840775642732e-08}. Best is trial 0 with value: 0.05185535942088535.
[I 2026-05-07 00:29:27,375] Trial 3 finished with value: 0.006179563205027036 and parameters: {'confidence_threshold': 0.6000319676300473, 'training_days': 270, 'n_estimators': 382, 'max_depth': 4, 'num_leaves': 44, 'learning_rate': 0.09185046765032388, 'subsample': 0.6743651508646724, 'min_child_samples': 77, 'reg_alpha': 0.0013974578104212739, 'reg_lambda': 8.97190257982477e-08}. Best is trial 0 with value: 0.05185535942088535.
[I 2026-05-07 00:29:27,725] Trial 4 finished with value: 0.10423170321719218 and parameters: {'confidence_threshold': 0.7642618789055509, 'training_days': 390, 'n_estimators': 464, 'max_depth': 5, 'num_leaves': 30, 'learning_rate': 0.024562383309704932, 'subsample': 0.8612975035964376, 'min_child_samples': 36, 'reg_alpha': 1.593999300080167, 'reg_lambda': 0.006081270362829788}. Best is trial 4 with value: 0.10423170321719218.
[I 2026-05-07 00:29:27,865] Trial 5 finished with value: -0.06733303329258153 and parameters: {'confidence_threshold': 0.6029115860358569, 'training_days': 60, 'n_estimators': 441, 'max_depth': 3, 'num_leaves': 66, 'learning_rate': 0.044953114425778824, 'subsample': 0.7098948461279406, 'min_child_samples': 15, 'reg_alpha': 4.888753565548431e-07, 'reg_lambda': 4.198190642566389}. Best is trial 4 with value: 0.10423170321719218.
[I 2026-05-07 00:29:28,077] Trial 6 finished with value: 0.11693868950244993 and parameters: {'confidence_threshold': 0.7376932868314098, 'training_days': 290, 'n_estimators': 249, 'max_depth': 5, 'num_leaves': 121, 'learning_rate': 0.015565840632862623, 'subsample': 0.8390183783709677, 'min_child_samples': 19, 'reg_alpha': 1.860444687368747e-08, 'reg_lambda': 2.7391483548058117e-06}. Best is trial 6 with value: 0.11693868950244993.
[I 2026-05-07 00:29:28,110] Trial 7 finished with value: 0.02718476981742794 and parameters: {'confidence_threshold': 0.563503962036334, 'training_days': 70, 'n_estimators': 63, 'max_depth': 3, 'num_leaves': 47, 'learning_rate': 0.18074927623018475, 'subsample': 0.5059692991701257, 'min_child_samples': 9, 'reg_alpha': 3.6945804405602874e-08, 'reg_lambda': 0.027706035542028905}. Best is trial 6 with value: 0.11693868950244993.
[I 2026-05-07 00:29:28,193] Trial 8 finished with value: 0.147609329823429 and parameters: {'confidence_threshold': 0.6525471176758836, 'training_days': 440, 'n_estimators': 116, 'max_depth': 4, 'num_leaves': 115, 'learning_rate': 0.010229952960863938, 'subsample': 0.5062159465415076, 'min_child_samples': 54, 'reg_alpha': 6.790626457822126e-06, 'reg_lambda': 1.7869141074987722e-05}. Best is trial 8 with value: 0.147609329823429.
[I 2026-05-07 00:29:28,277] Trial 9 finished with value: 0.0900881155318769 and parameters: {'confidence_threshold': 0.7277571993354469, 'training_days': 360, 'n_estimators': 75, 'max_depth': 5, 'num_leaves': 41, 'learning_rate': 0.014186743931212992, 'subsample': 0.7445187273047605, 'min_child_samples': 22, 'reg_alpha': 0.02393227447113315, 'reg_lambda': 0.009236766173618426}. Best is trial 8 with value: 0.147609329823429.
[I 2026-05-07 00:29:28,591] A new study created in memory with name: no-name-701ca7aa-d987-49bc-96e6-35d2f95c2872

  [label] 2021-03-08 16:00 TRXUSDT entry=0.0531 → SHORT | long=sl(-5.15%) short=timeout(+4.51%) | scanned=22 | no_tp→fwd_return=-4.6131
  [label] 2021-03-12 16:00 TRXUSDT entry=0.0499 → LONG | long=tp(+8.73%) short=sl(-4.52%) | scanned=13 | long_tp_only
  [label] 2021-03-23 08:00 TRXUSDT entry=0.0602 → SHORT | long=sl(-5.38%) short=tp(+10.46%) | scanned=5 | short_tp_only
  [label] 2021-05-07 08:00 TRXUSDT entry=0.1574 → SHORT | long=sl(-6.38%) short=tp(+12.45%) | scanned=5 | short_tp_only
  [label] 2021-05-16 00:00 TRXUSDT entry=0.1282 → SHORT | long=sl(-7.53%) short=tp(+14.76%) | scanned=3 | short_tp_only
  [label] 2021-08-14 16:00 TRXUSDT entry=0.0927 → SHORT | long=sl(-3.88%) short=sl(-3.88%) | scanned=6 | no_tp→fwd_return=-3.6234
  [label] 2021-09-15 16:00 TRXUSDT entry=0.1208 → SHORT | long=sl(-5.29%) short=tp(+10.27%) | scanned=5 | short_tp_only
  [label] 2021-10-01 16:00 TRXUSDT entry=0.0948 → LONG | long=sl(-4.22%) short=sl(-4.22%) | scanned=19 | no_tp→fwd_return=+3.8591
  [label] 2021-10-14 16:00 TRXUSDT entry=0.0974 → LONG | long=tp(+6.56%) short=sl(-3.43%) | scanned=17 | long_tp_only
  [label] 2021-11-02 00:00 TRXUSDT entry=0.1017 → LONG | long=tp(+6.39%) short=sl(-3.35%) | scanned=1 | long_tp_only
  [label] 2021-11-08 08:00 TRXUSDT entry=0.1079 → LONG | long=tp(+5.74%) short=sl(-3.02%) | scanned=3 | long_tp_only
  [label] 2021-11-20 16:00 TRXUSDT entry=0.1052 → SHORT | long=sl(-4.38%) short=tp(+8.45%) | scanned=17 | short_tp_only
  [label] 2021-12-30 08:00 TRXUSDT entry=0.0775 → SHORT | long=sl(-2.99%) short=tp(+5.68%) | scanned=19 | short_tp_only
  [label] 2022-01-09 08:00 TRXUSDT entry=0.0655 → SHORT | long=sl(-3.44%) short=tp(+6.58%) | scanned=3 | short_tp_only
  [label] 2022-04-10 16:00 TRXUSDT entry=0.0623 → SHORT | long=sl(-3.18%) short=tp(+6.05%) | scanned=2 | short_tp_only
  Labels: 1176 long (54.1%), 999 short (45.9%) | weights: min=1.00, mean=2.88, max=10.00
  Features: 2175/2175 matched, 13 columns
  CV gap: 22 rows
    [trial 0] 13 features, training_days=230 | threshold=0.779 | labels: 1176 long, 999 short (54/46%)
    [CV fold 0] train_end=2020-08-23 00:00 | val_start=2020-08-30 16:00 | gap=184h (22 rows)
    [CV fold 1] train_end=2020-12-21 16:00 | val_start=2020-12-29 08:00 | gap=184h (22 rows)
    [CV fold 2] train_end=2021-04-21 08:00 | val_start=2021-04-29 00:00 | gap=184h (22 rows)
    [CV fold 3] train_end=2021-08-20 00:00 | val_start=2021-08-27 16:00 | gap=184h (22 rows)
    [CV fold 4] train_end=2021-12-18 16:00 | val_start=2021-12-26 08:00 | gap=184h (22 rows)
    [trial 0] Sharpe=0.0519 (folds: 0.2872, 0.0879, -0.3871, 0.1310, 0.1401)
    [trial 1] 13 features, training_days=410 | threshold=0.693 | labels: 1176 long, 999 short (54/46%)
    [trial 1] Sharpe=0.0502 (folds: 0.1934, -0.0361, -0.1850, 0.2251, 0.0537)
    [trial 2] 13 features, training_days=270 | threshold=0.546 | labels: 1176 long, 999 short (54/46%)
    [trial 2] Sharpe=0.0421 (folds: 0.2200, 0.1376, -0.2523, 0.0560, 0.0492)
    [trial 3] 13 features, training_days=270 | threshold=0.600 | labels: 1176 long, 999 short (54/46%)
    [trial 3] Sharpe=0.0062 (folds: 0.1775, 0.0786, -0.2446, 0.0243, -0.0050)
    [trial 4] 13 features, training_days=390 | threshold=0.764 | labels: 1176 long, 999 short (54/46%)
    [trial 4] Sharpe=0.1042 (folds: 0.3729, 0.0866, -0.2836, 0.1694, 0.1759)
    [trial 5] 13 features, training_days=60 | threshold=0.603 | labels: 1176 long, 999 short (54/46%)
    [trial 5] Sharpe=-0.0673 (folds: 0.0116, 0.0097, -0.2757, -0.0020, -0.0803)
    [trial 6] 13 features, training_days=290 | threshold=0.738 | labels: 1176 long, 999 short (54/46%)
    [trial 6] Sharpe=0.1169 (folds: 0.3083, -0.0251, -0.1424, 0.1071, 0.3369)
    [trial 7] 13 features, training_days=70 | threshold=0.564 | labels: 1176 long, 999 short (54/46%)
    [trial 7] Sharpe=0.0272 (folds: 0.1801, 0.1241, -0.2081, -0.0506, 0.0905)
    [trial 8] 13 features, training_days=440 | threshold=0.653 | labels: 1176 long, 999 short (54/46%)
    [trial 8] Sharpe=0.1476 (folds: 0.4103, -0.1522, -0.2601, 0.4509, 0.2891)
    [trial 9] 13 features, training_days=360 | threshold=0.728 | labels: 1176 long, 999 short (54/46%)
    [trial 9] Sharpe=0.0901 (folds: 0.6959, -0.3063, -0.4926, 0.2589, 0.2945)
  Optuna: 10 trials, best Sharpe = 0.1476
  Best params: n_estimators=116, max_depth=4, lr=0.0102, leaves=115
  Best confidence_threshold: 0.653
  Best training_days: 440
  Retrained on full data (1305 samples, 13 features)
  Model trained for 2022-05: 93 test candles with features, confidence_threshold=0.653
[lgbm] === Training for 2022-06 ===
  Train window: 2020-06-01 → 2022-06-01
  2175 training samples from 1 symbols
  Samples per month: 2020-06: 90, 2020-07: 93, 2020-08: 93, 2020-09: 90, 2020-10: 93, 2020-11: 90, 2020-12: 93, 2021-01: 93, 2021-02: 84, 2021-03: 93, 2021-04: 90, 2021-05: 93, 2021-06: 90, 2021-07: 93, 2021-08: 93, 2021-09: 90, 2021-10: 93, 2021-11: 90, 2021-12: 93, 2022-01: 93, 2022-02: 75, 2022-03: 93, 2022-04: 84, 2022-05: 93
  [label] 2020-08-01 16:00 TRXUSDT entry=0.0205 → SHORT | long=sl(-3.25%) short=sl(-3.25%) | scanned=1 | no_tp→fwd_return=-4.3902
  [label] 2020-08-04 00:00 TRXUSDT entry=0.0203 → SHORT | long=sl(-3.97%) short=sl(-3.97%) | scanned=11 | no_tp→fwd_return=-2.1632
  [label] 2020-08-07 16:00 TRXUSDT entry=0.0199 → LONG | long=tp(+7.40%) short=sl(-3.85%) | scanned=8 | long_tp_only
  [label] 2020-09-01 16:00 TRXUSDT entry=0.0347 → SHORT | long=sl(-4.76%) short=sl(-4.76%) | scanned=2 | no_tp→fwd_return=-2.6505
  [label] 2020-10-24 00:00 TRXUSDT entry=0.0267 → SHORT | long=sl(-2.78%) short=sl(-2.78%) | scanned=18 | no_tp→fwd_return=-2.8058
  [label] 2021-04-08 16:00 TRXUSDT entry=0.1237 → LONG | long=sl(-8.15%) short=sl(-8.15%) | scanned=10 | no_tp→fwd_return=+5.5070
  [label] 2021-04-12 16:00 TRXUSDT entry=0.1289 → LONG | long=tp(+13.90%) short=sl(-7.10%) | scanned=3 | long_tp_only
  [label] 2021-04-23 08:00 TRXUSDT entry=0.1030 → LONG | long=tp(+25.73%) short=sl(-13.01%) | scanned=14 | long_tp_only
  [label] 2021-06-07 08:00 TRXUSDT entry=0.0774 → SHORT | long=sl(-5.35%) short=tp(+10.39%) | scanned=2 | short_tp_only
  [label] 2021-06-16 00:00 TRXUSDT entry=0.0723 → SHORT | long=sl(-4.27%) short=tp(+8.24%) | scanned=13 | short_tp_only
  [label] 2021-09-14 16:00 TRXUSDT entry=0.1183 → SHORT | long=sl(-5.48%) short=tp(+10.65%) | scanned=8 | short_tp_only
  [label] 2021-10-16 16:00 TRXUSDT entry=0.0988 → LONG | long=tp(+6.42%) short=sl(-3.36%) | scanned=11 | long_tp_only
  [label] 2021-11-01 16:00 TRXUSDT entry=0.1006 → LONG | long=tp(+6.50%) short=sl(-3.40%) | scanned=2 | long_tp_only
  [label] 2021-11-14 16:00 TRXUSDT entry=0.1171 → LONG | long=tp(+6.38%) short=sl(-3.34%) | scanned=1 | long_tp_only
  [label] 2021-12-03 00:00 TRXUSDT entry=0.0999 → SHORT | long=sl(-3.33%) short=tp(+6.35%) | scanned=3 | short_tp_only
  [label] 2021-12-09 08:00 TRXUSDT entry=0.0898 → SHORT | long=sl(-4.47%) short=timeout(+2.92%) | scanned=22 | no_tp→fwd_return=-3.0175
  [label] 2021-12-21 16:00 TRXUSDT entry=0.0788 → SHORT | long=timeout(-2.26%) short=sl(-3.52%) | scanned=22 | no_tp→fwd_return=-2.1576
  [label] 2022-01-30 08:00 TRXUSDT entry=0.0600 → LONG | long=sl(-3.76%) short=sl(-3.76%) | scanned=14 | no_tp→fwd_return=+5.9883
  [label] 2022-02-09 08:00 TRXUSDT entry=0.0692 → SHORT | long=sl(-2.74%) short=sl(-2.74%) | scanned=5 | no_tp→fwd_return=-1.7932
  [label] 2022-05-11 16:00 TRXUSDT entry=0.0748 → SHORT | long=sl(-9.65%) short=sl(-9.65%) | scanned=3 | no_tp→fwd_return=-10.1738
  Labels: 1204 long (55.4%), 971 short (44.6%) | weights: min=1.00, mean=2.92, max=10.00
  Features: 2175/2175 matched, 13 columns
  CV gap: 22 rows
    [trial 0] 13 features, training_days=230 | threshold=0.779 | labels: 1204 long, 971 short (55/45%)
    [CV fold 0] train_end=2020-09-23 00:00 | val_start=2020-09-30 16:00 | gap=184h (22 rows)
    [CV fold 1] train_end=2021-01-21 16:00 | val_start=2021-01-29 08:00 | gap=184h (22 rows)
    [CV fold 2] train_end=2021-05-22 08:00 | val_start=2021-05-30 00:00 | gap=184h (22 rows)
    [CV fold 3] train_end=2021-09-20 00:00 | val_start=2021-09-27 16:00 | gap=184h (22 rows)[I 2026-05-07 00:29:28,876] Trial 0 finished with value: 0.04201022476132831 and parameters: {'confidence_threshold': 0.7790993046299082, 'training_days': 230, 'n_estimators': 295, 'max_depth': 5, 'num_leaves': 83, 'learning_rate': 0.051543455158230854, 'subsample': 0.8773243492079463, 'min_child_samples': 10, 'reg_alpha': 0.034096514368237685, 'reg_lambda': 3.154180388637081e-05}. Best is trial 0 with value: 0.04201022476132831.
