[I 2026-05-07 00:30:08,869] Trial 7 finished with value: -0.11156987061938625 and parameters: {'confidence_threshold': 0.563503962036334, 'training_days': 70, 'n_estimators': 63, 'max_depth': 3, 'num_leaves': 47, 'learning_rate': 0.18074927623018475, 'subsample': 0.5059692991701257, 'min_child_samples': 9, 'reg_alpha': 3.6945804405602874e-08, 'reg_lambda': 0.027706035542028905}. Best is trial 3 with value: -0.08341861636744319.

    [CV fold 4] train_end=2023-08-25 16:00 | val_start=2023-09-02 08:00 | gap=184h (22 rows)
    [trial 0] Sharpe=-0.1357 (folds: 0.1065, -0.2705, -0.2641, -0.1469, -0.1038)
    [trial 1] 13 features, training_days=410 | threshold=0.693 | labels: 1220 long, 955 short (56/44%)
    [trial 1] Sharpe=-0.0371 (folds: 0.3715, 0.1392, -0.2356, -0.2047, -0.2561)
    [trial 2] 13 features, training_days=270 | threshold=0.546 | labels: 1220 long, 955 short (56/44%)
    [trial 2] Sharpe=-0.0510 (folds: 0.1963, 0.0096, -0.2340, -0.0897, -0.1374)
    [trial 3] 13 features, training_days=270 | threshold=0.600 | labels: 1220 long, 955 short (56/44%)
    [trial 3] Sharpe=-0.1064 (folds: 0.0967, -0.0739, -0.1830, -0.1926, -0.1791)
    [trial 4] 13 features, training_days=390 | threshold=0.764 | labels: 1220 long, 955 short (56/44%)
    [trial 4] Sharpe=-0.1195 (folds: 0.1531, -0.1543, -0.2075, -0.1482, -0.2408)
    [trial 5] 13 features, training_days=60 | threshold=0.603 | labels: 1220 long, 955 short (56/44%)
    [trial 5] Sharpe=-0.0377 (folds: 0.0822, -0.1772, -0.0738, -0.1507, 0.1313)
    [trial 6] 13 features, training_days=290 | threshold=0.738 | labels: 1220 long, 955 short (56/44%)
    [trial 6] Sharpe=-0.0595 (folds: 0.1367, 0.0093, -0.1989, -0.0804, -0.1640)
    [trial 7] 13 features, training_days=70 | threshold=0.564 | labels: 1220 long, 955 short (56/44%)
    [trial 7] Sharpe=-0.0226 (folds: 0.0870, -0.1302, 0.0349, -0.1067, 0.0017)
    [trial 8] 13 features, training_days=440 | threshold=0.653 | labels: 1220 long, 955 short (56/44%)
    [trial 8] Sharpe=-0.1268 (folds: 0.3155, -0.3037, -0.3463, -0.1354, -0.1643)
    [trial 9] 13 features, training_days=360 | threshold=0.728 | labels: 1220 long, 955 short (56/44%)
    [trial 9] Sharpe=-2.0701 (folds: 0.2699, -0.1265, -0.4988, -10.0000, 0.0048)
  Optuna: 10 trials, best Sharpe = -0.0226
  Best params: n_estimators=63, max_depth=3, lr=0.1807, leaves=47
  Best confidence_threshold: 0.564
  Best training_days: 70
  Retrained on full data (210 samples, 13 features)
  Model trained for 2024-01: 93 test candles with features, confidence_threshold=0.564
[predict] 2024-01-08 16:00 TRXUSDT → SHORT (proba=0.92 TP=3.4%/SL=1.7%)
[trade:open] 2024-01-08 23:59 TRXUSDT SHORT @ 0.10 | SL=0.11 TP=0.10 | timeout=2024-01-15 23:59
[trade:close] 2024-01-11 15:59 TRXUSDT SHORT → stop_loss @ 0.11 | PnL=-1.72% (net -1.82%) | cum=-1.08% 2024-01=-1.82% 2024-01-11=-1.82%
[predict] 2024-01-13 16:00 TRXUSDT → SHORT (proba=1.00 TP=3.7%/SL=1.9%)
[trade:open] 2024-01-13 23:59 TRXUSDT SHORT @ 0.11 | SL=0.12 TP=0.11 | timeout=2024-01-20 23:59
[trade:close] 2024-01-14 07:59 TRXUSDT SHORT → stop_loss @ 0.12 | PnL=-1.87% (net -1.97%) | cum=-3.05% 2024-01=-3.79% 2024-01-14=-1.97%
[predict] 2024-01-15 16:00 TRXUSDT → SHORT (proba=1.00 TP=4.5%/SL=2.2%)
[trade:open] 2024-01-15 23:59 TRXUSDT SHORT @ 0.11 | SL=0.11 TP=0.10 | timeout=2024-01-22 23:59
[trade:close] 2024-01-21 07:59 TRXUSDT SHORT → stop_loss @ 0.11 | PnL=-2.25% (net -2.35%) | cum=-5.40% 2024-01=-6.13% 2024-01-21=-2.35%
[lgbm] === Training for 2024-02 ===
  Train window: 2022-02-01 → 2024-02-01
  2175 training samples from 1 symbols
  Samples per month: 2022-02: 75, 2022-03: 93, 2022-04: 84, 2022-05: 93, 2022-06: 90, 2022-07: 93, 2022-08: 93, 2022-09: 90, 2022-10: 93, 2022-11: 90, 2022-12: 93, 2023-01: 93, 2023-02: 84, 2023-03: 93, 2023-04: 90, 2023-05: 93, 2023-06: 90, 2023-07: 93, 2023-08: 93, 2023-09: 90, 2023-10: 93, 2023-11: 90, 2023-12: 93, 2024-01: 93
  [label] 2022-04-08 16:00 TRXUSDT entry=0.0625 → SHORT | long=sl(-3.47%) short=tp(+6.64%) | scanned=9 | short_tp_only
  [label] 2022-04-11 00:00 TRXUSDT entry=0.0618 → SHORT | long=sl(-3.16%) short=tp(+6.02%) | scanned=2 | short_tp_only
  [label] 2022-04-14 16:00 TRXUSDT entry=0.0601 → LONG | long=tp(+5.61%) short=sl(-2.96%) | scanned=15 | long_tp_only
  [label] 2022-05-09 16:00 TRXUSDT entry=0.0726 → LONG | long=sl(-8.08%) short=sl(-8.08%) | scanned=5 | no_tp→fwd_return=+5.1805
  [label] 2022-07-01 00:00 TRXUSDT entry=0.0651 → LONG | long=sl(-4.09%) short=sl(-4.09%) | scanned=10 | no_tp→fwd_return=+2.9507
  [label] 2022-12-14 16:00 TRXUSDT entry=0.0555 → SHORT | long=sl(-2.03%) short=tp(+3.76%) | scanned=6 | short_tp_only
  [label] 2022-12-18 16:00 TRXUSDT entry=0.0537 → LONG | long=timeout(+1.84%) short=sl(-2.33%) | scanned=22 | no_tp→fwd_return=+1.9356
  [label] 2022-12-29 08:00 TRXUSDT entry=0.0543 → LONG | long=sl(-1.55%) short=sl(-1.55%) | scanned=5 | no_tp→fwd_return=+0.5522
  [label] 2023-02-12 08:00 TRXUSDT entry=0.0646 → LONG | long=sl(-2.43%) short=sl(-2.43%) | scanned=5 | no_tp→fwd_return=+2.3223
  [label] 2023-02-21 00:00 TRXUSDT entry=0.0719 → SHORT | long=sl(-2.37%) short=tp(+4.45%) | scanned=3 | short_tp_only
  [label] 2023-05-22 16:00 TRXUSDT entry=0.0779 → SHORT | long=sl(-1.68%) short=sl(-1.68%) | scanned=5 | no_tp→fwd_return=-0.8855
  [label] 2023-06-23 16:00 TRXUSDT entry=0.0731 → LONG | long=sl(-2.13%) short=sl(-2.13%) | scanned=8 | no_tp→fwd_return=+0.9166
  [label] 2023-07-09 16:00 TRXUSDT entry=0.0774 → LONG | long=sl(-1.69%) short=sl(-1.69%) | scanned=11 | no_tp→fwd_return=+2.5826
  [label] 2023-07-22 16:00 TRXUSDT entry=0.0838 → SHORT | long=sl(-2.28%) short=tp(+4.26%) | scanned=5 | short_tp_only
  [label] 2023-08-10 00:00 TRXUSDT entry=0.0768 → SHORT | long=sl(-1.42%) short=tp(+2.54%) | scanned=20 | short_tp_only
  [label] 2023-08-16 08:00 TRXUSDT entry=0.0756 → SHORT | long=sl(-1.07%) short=tp(+1.84%) | scanned=1 | short_tp_only
  [label] 2023-08-28 16:00 TRXUSDT entry=0.0763 → LONG | long=tp(+2.06%) short=sl(-1.18%) | scanned=3 | long_tp_only
  [label] 2023-10-07 08:00 TRXUSDT entry=0.0882 → SHORT | long=sl(-1.43%) short=tp(+2.57%) | scanned=6 | short_tp_only
  [label] 2023-10-17 08:00 TRXUSDT entry=0.0878 → LONG | long=tp(+2.33%) short=sl(-1.31%) | scanned=7 | long_tp_only
  [label] 2024-01-11 16:00 TRXUSDT entry=0.1062 → LONG | long=tp(+3.29%) short=sl(-1.80%) | scanned=5 | long_tp_only
  Labels: 1234 long (56.7%), 941 short (43.3%) | weights: min=1.01, mean=2.64, max=10.00
  Features: 2175/2175 matched, 13 columns
  CV gap: 22 rows
    [trial 0] 13 features, training_days=230 | threshold=0.779 | labels: 1234 long, 941 short (57/43%)
    [CV fold 0] train_end=2022-05-31 00:00 | val_start=2022-06-07 16:00 | gap=184h (22 rows)
    [CV fold 1] train_end=2022-09-28 16:00 | val_start=2022-10-06 08:00 | gap=184h (22 rows)
    [CV fold 2] train_end=2023-01-27 08:00 | val_start=2023-02-04 00:00 | gap=184h (22 rows)
    [CV fold 3] train_end=2023-05-28 00:00 | val_start=2023-06-04 16:00 | gap=184h (22 rows)
    [CV fold 4] train_end=2023-09-25 16:00 | val_start=2023-10-03 08:00 | gap=184h (22 rows)
    [trial 0] Sharpe=-0.1277 (folds: -0.0124, -0.3725, -0.0945, -0.1512, -0.0078)
    [trial 1] 13 features, training_days=410 | threshold=0.693 | labels: 1234 long, 941 short (57/43%)
    [trial 1] Sharpe=-0.1697 (folds: 0.3008, -0.3026, -0.1865, -0.4273, -0.2329)
    [trial 2] 13 features, training_days=270 | threshold=0.546 | labels: 1234 long, 941 short (57/43%)
    [trial 2] Sharpe=-0.0953 (folds: 0.0560, -0.1363, -0.2273, 0.0115, -0.1804)
    [trial 3] 13 features, training_days=270 | threshold=0.600 | labels: 1234 long, 941 short (57/43%)
    [trial 3] Sharpe=-0.0834 (folds: 0.0832, -0.1338, -0.0860, -0.1321, -0.1485)
    [trial 4] 13 features, training_days=390 | threshold=0.764 | labels: 1234 long, 941 short (57/43%)
    [trial 4] Sharpe=-0.1533 (folds: 0.0072, -0.1711, -0.1189, -0.2644, -0.2195)
    [trial 5] 13 features, training_days=60 | threshold=0.603 | labels: 1234 long, 941 short (57/43%)
    [trial 5] Sharpe=-0.0912 (folds: 0.0005, -0.2380, -0.0711, -0.0625, -0.0851)
    [trial 6] 13 features, training_days=290 | threshold=0.738 | labels: 1234 long, 941 short (57/43%)
    [trial 6] Sharpe=-0.1373 (folds: -0.0143, -0.2045, -0.1774, -0.0944, -0.1958)
    [trial 7] 13 features, training_days=70 | threshold=0.564 | labels: 1234 long, 941 short (57/43%)
    [trial 7] Sharpe=-0.1116 (folds: -0.0341, -0.2647, -0.0912, 0.0542, -0.2221)
    [trial 8] 13 features, training_days=440 | threshold=0.653 | labels: 1234 long, 941 short (57/43%)[I 2026-05-07 00:30:08,957] Trial 8 finished with value: -0.15998272708705227 and parameters: {'confidence_threshold': 0.6525471176758836, 'training_days': 440, 'n_estimators': 116, 'max_depth': 4, 'num_leaves': 115, 'learning_rate': 0.010229952960863938, 'subsample': 0.5062159465415076, 'min_child_samples': 54, 'reg_alpha': 6.790626457822126e-06, 'reg_lambda': 1.7869141074987722e-05}. Best is trial 3 with value: -0.08341861636744319.
[I 2026-05-07 00:30:09,032] Trial 9 finished with value: -4.196211731425821 and parameters: {'confidence_threshold': 0.7277571993354469, 'training_days': 360, 'n_estimators': 75, 'max_depth': 5, 'num_leaves': 41, 'learning_rate': 0.014186743931212992, 'subsample': 0.7445187273047605, 'min_child_samples': 22, 'reg_alpha': 0.02393227447113315, 'reg_lambda': 0.009236766173618426}. Best is trial 3 with value: -0.08341861636744319.
[I 2026-05-07 00:30:09,419] A new study created in memory with name: no-name-65b0fdc4-a002-4d35-8228-8f5e88a60cb5
[I 2026-05-07 00:30:09,698] Trial 0 finished with value: -0.1021964119163071 and parameters: {'confidence_threshold': 0.7790993046299082, 'training_days': 230, 'n_estimators': 295, 'max_depth': 5, 'num_leaves': 83, 'learning_rate': 0.051543455158230854, 'subsample': 0.8773243492079463, 'min_child_samples': 10, 'reg_alpha': 0.034096514368237685, 'reg_lambda': 3.154180388637081e-05}. Best is trial 0 with value: -0.1021964119163071.
[I 2026-05-07 00:30:09,838] Trial 1 finished with value: -0.27489047297272473 and parameters: {'confidence_threshold': 0.6929247853618086, 'training_days': 410, 'n_estimators': 233, 'max_depth': 5, 'num_leaves': 108, 'learning_rate': 0.013724237108071606, 'subsample': 0.7013182233636002, 'min_child_samples': 94, 'reg_alpha': 2.4040959529260723e-06, 'reg_lambda': 5.320966582161148}. Best is trial 0 with value: -0.1021964119163071.
[I 2026-05-07 00:30:09,902] Trial 2 finished with value: -0.20447075280014118 and parameters: {'confidence_threshold': 0.546341527225763, 'training_days': 270, 'n_estimators': 120, 'max_depth': 4, 'num_leaves': 53, 'learning_rate': 0.060197068579343475, 'subsample': 0.588227873455941, 'min_child_samples': 91, 'reg_alpha': 2.3457771824819002e-08, 'reg_lambda': 1.1358840775642732e-08}. Best is trial 0 with value: -0.1021964119163071.
[I 2026-05-07 00:30:10,073] Trial 3 finished with value: -0.17932710965143528 and parameters: {'confidence_threshold': 0.6000319676300473, 'training_days': 270, 'n_estimators': 382, 'max_depth': 4, 'num_leaves': 44, 'learning_rate': 0.09185046765032388, 'subsample': 0.6743651508646724, 'min_child_samples': 77, 'reg_alpha': 0.0013974578104212739, 'reg_lambda': 8.97190257982477e-08}. Best is trial 0 with value: -0.1021964119163071.
[I 2026-05-07 00:30:10,457] Trial 4 finished with value: -0.17650209475581535 and parameters: {'confidence_threshold': 0.7642618789055509, 'training_days': 390, 'n_estimators': 464, 'max_depth': 5, 'num_leaves': 30, 'learning_rate': 0.024562383309704932, 'subsample': 0.8612975035964376, 'min_child_samples': 36, 'reg_alpha': 1.593999300080167, 'reg_lambda': 0.006081270362829788}. Best is trial 0 with value: -0.1021964119163071.
[I 2026-05-07 00:30:10,610] Trial 5 finished with value: -0.01868163223351621 and parameters: {'confidence_threshold': 0.6029115860358569, 'training_days': 60, 'n_estimators': 441, 'max_depth': 3, 'num_leaves': 66, 'learning_rate': 0.044953114425778824, 'subsample': 0.7098948461279406, 'min_child_samples': 15, 'reg_alpha': 4.888753565548431e-07, 'reg_lambda': 4.198190642566389}. Best is trial 5 with value: -0.01868163223351621.
[I 2026-05-07 00:30:10,856] Trial 6 finished with value: -0.19387113306396436 and parameters: {'confidence_threshold': 0.7376932868314098, 'training_days': 290, 'n_estimators': 249, 'max_depth': 5, 'num_leaves': 121, 'learning_rate': 0.015565840632862623, 'subsample': 0.8390183783709677, 'min_child_samples': 19, 'reg_alpha': 1.860444687368747e-08, 'reg_lambda': 2.7391483548058117e-06}. Best is trial 5 with value: -0.01868163223351621.
[I 2026-05-07 00:30:10,896] Trial 7 finished with value: -0.03802856737496689 and parameters: {'confidence_threshold': 0.563503962036334, 'training_days': 70, 'n_estimators': 63, 'max_depth': 3, 'num_leaves': 47, 'learning_rate': 0.18074927623018475, 'subsample': 0.5059692991701257, 'min_child_samples': 9, 'reg_alpha': 3.6945804405602874e-08, 'reg_lambda': 0.027706035542028905}. Best is trial 5 with value: -0.01868163223351621.
[I 2026-05-07 00:30:10,996] Trial 8 finished with value: -0.1651872012218685 and parameters: {'confidence_threshold': 0.6525471176758836, 'training_days': 440, 'n_estimators': 116, 'max_depth': 4, 'num_leaves': 115, 'learning_rate': 0.010229952960863938, 'subsample': 0.5062159465415076, 'min_child_samples': 54, 'reg_alpha': 6.790626457822126e-06, 'reg_lambda': 1.7869141074987722e-05}. Best is trial 5 with value: -0.01868163223351621.
