[I 2026-05-07 00:30:13,841] Trial 1 finished with value: -0.21486189352275673 and parameters: {'confidence_threshold': 0.6929247853618086, 'training_days': 410, 'n_estimators': 233, 'max_depth': 5, 'num_leaves': 108, 'learning_rate': 0.013724237108071606, 'subsample': 0.7013182233636002, 'min_child_samples': 94, 'reg_alpha': 2.4040959529260723e-06, 'reg_lambda': 5.320966582161148}. Best is trial 0 with value: -0.20822400115061254.
[I 2026-05-07 00:30:13,909] Trial 2 finished with value: -0.12463537778261743 and parameters: {'confidence_threshold': 0.546341527225763, 'training_days': 270, 'n_estimators': 120, 'max_depth': 4, 'num_leaves': 53, 'learning_rate': 0.060197068579343475, 'subsample': 0.588227873455941, 'min_child_samples': 91, 'reg_alpha': 2.3457771824819002e-08, 'reg_lambda': 1.1358840775642732e-08}. Best is trial 2 with value: -0.12463537778261743.
[I 2026-05-07 00:30:14,096] Trial 3 finished with value: -0.16732894137438867 and parameters: {'confidence_threshold': 0.6000319676300473, 'training_days': 270, 'n_estimators': 382, 'max_depth': 4, 'num_leaves': 44, 'learning_rate': 0.09185046765032388, 'subsample': 0.6743651508646724, 'min_child_samples': 77, 'reg_alpha': 0.0013974578104212739, 'reg_lambda': 8.97190257982477e-08}. Best is trial 2 with value: -0.12463537778261743.
[I 2026-05-07 00:30:14,468] Trial 4 finished with value: -0.14444228237802012 and parameters: {'confidence_threshold': 0.7642618789055509, 'training_days': 390, 'n_estimators': 464, 'max_depth': 5, 'num_leaves': 30, 'learning_rate': 0.024562383309704932, 'subsample': 0.8612975035964376, 'min_child_samples': 36, 'reg_alpha': 1.593999300080167, 'reg_lambda': 0.006081270362829788}. Best is trial 2 with value: -0.12463537778261743.
[I 2026-05-07 00:30:14,599] Trial 5 finished with value: -0.08286972121768042 and parameters: {'confidence_threshold': 0.6029115860358569, 'training_days': 60, 'n_estimators': 441, 'max_depth': 3, 'num_leaves': 66, 'learning_rate': 0.044953114425778824, 'subsample': 0.7098948461279406, 'min_child_samples': 15, 'reg_alpha': 4.888753565548431e-07, 'reg_lambda': 4.198190642566389}. Best is trial 5 with value: -0.08286972121768042.
[I 2026-05-07 00:30:14,836] Trial 6 finished with value: -0.10195721909979924 and parameters: {'confidence_threshold': 0.7376932868314098, 'training_days': 290, 'n_estimators': 249, 'max_depth': 5, 'num_leaves': 121, 'learning_rate': 0.015565840632862623, 'subsample': 0.8390183783709677, 'min_child_samples': 19, 'reg_alpha': 1.860444687368747e-08, 'reg_lambda': 2.7391483548058117e-06}. Best is trial 5 with value: -0.08286972121768042.
[I 2026-05-07 00:30:14,882] Trial 7 finished with value: -0.08852522321766712 and parameters: {'confidence_threshold': 0.563503962036334, 'training_days': 70, 'n_estimators': 63, 'max_depth': 3, 'num_leaves': 47, 'learning_rate': 0.18074927623018475, 'subsample': 0.5059692991701257, 'min_child_samples': 9, 'reg_alpha': 3.6945804405602874e-08, 'reg_lambda': 0.027706035542028905}. Best is trial 5 with value: -0.08286972121768042.
[I 2026-05-07 00:30:14,983] Trial 8 finished with value: -0.003346631036986192 and parameters: {'confidence_threshold': 0.6525471176758836, 'training_days': 440, 'n_estimators': 116, 'max_depth': 4, 'num_leaves': 115, 'learning_rate': 0.010229952960863938, 'subsample': 0.5062159465415076, 'min_child_samples': 54, 'reg_alpha': 6.790626457822126e-06, 'reg_lambda': 1.7869141074987722e-05}. Best is trial 8 with value: -0.003346631036986192.
[I 2026-05-07 00:30:15,100] Trial 9 finished with value: -2.227417833349867 and parameters: {'confidence_threshold': 0.7277571993354469, 'training_days': 360, 'n_estimators': 75, 'max_depth': 5, 'num_leaves': 41, 'learning_rate': 0.014186743931212992, 'subsample': 0.7445187273047605, 'min_child_samples': 22, 'reg_alpha': 0.02393227447113315, 'reg_lambda': 0.009236766173618426}. Best is trial 8 with value: -0.003346631036986192.

  [label] 2022-07-02 08:00 TRXUSDT entry=0.0647 → LONG | long=sl(-3.73%) short=sl(-3.73%) | scanned=5 | no_tp→fwd_return=+1.3443
  [label] 2022-07-04 16:00 TRXUSDT entry=0.0673 → LONG | long=tp(+6.33%) short=sl(-3.31%) | scanned=14 | long_tp_only
  [label] 2022-07-08 08:00 TRXUSDT entry=0.0685 → SHORT | long=sl(-2.94%) short=sl(-2.94%) | scanned=8 | no_tp→fwd_return=-3.7215
  [label] 2022-08-02 08:00 TRXUSDT entry=0.0688 → SHORT | long=timeout(-0.68%) short=sl(-2.54%) | scanned=22 | no_tp→fwd_return=-0.5811
  [label] 2022-09-24 08:00 TRXUSDT entry=0.0602 → LONG | long=sl(-1.94%) short=sl(-1.94%) | scanned=16 | no_tp→fwd_return=+1.2118
  [label] 2023-03-11 08:00 TRXUSDT entry=0.0555 → LONG | long=tp(+5.91%) short=sl(-3.10%) | scanned=1 | long_tp_only
  [label] 2023-03-15 08:00 TRXUSDT entry=0.0651 → LONG | long=timeout(+2.76%) short=sl(-3.38%) | scanned=22 | no_tp→fwd_return=+2.8589
  [label] 2023-03-26 00:00 TRXUSDT entry=0.0639 → LONG | long=sl(-3.33%) short=sl(-3.33%) | scanned=16 | no_tp→fwd_return=+3.5390
  [label] 2023-05-10 08:00 TRXUSDT entry=0.0695 → SHORT | long=sl(-1.56%) short=tp(+2.83%) | scanned=4 | short_tp_only
  [label] 2023-05-19 00:00 TRXUSDT entry=0.0702 → LONG | long=tp(+2.40%) short=sl(-1.35%) | scanned=4 | long_tp_only
  [label] 2023-08-18 16:00 TRXUSDT entry=0.0729 → LONG | long=tp(+2.82%) short=sl(-1.56%) | scanned=5 | long_tp_only
  [label] 2023-09-19 16:00 TRXUSDT entry=0.0845 → LONG | long=sl(-1.27%) short=timeout(-0.32%) | scanned=22 | no_tp→fwd_return=+0.2249
  [label] 2023-10-06 00:00 TRXUSDT entry=0.0875 → SHORT | long=sl(-1.44%) short=tp(+2.57%) | scanned=19 | short_tp_only
  [label] 2023-10-19 00:00 TRXUSDT entry=0.0887 → LONG | long=tp(+2.15%) short=sl(-1.22%) | scanned=3 | long_tp_only
  [label] 2023-11-06 16:00 TRXUSDT entry=0.0976 → LONG | long=sl(-1.45%) short=sl(-1.45%) | scanned=7 | no_tp→fwd_return=+2.4995
  [label] 2023-11-13 00:00 TRXUSDT entry=0.1103 → SHORT | long=sl(-1.91%) short=tp(+3.52%) | scanned=3 | short_tp_only
  [label] 2023-11-25 08:00 TRXUSDT entry=0.1066 → SHORT | long=sl(-1.87%) short=sl(-1.87%) | scanned=6 | no_tp→fwd_return=-3.3305
  [label] 2024-01-04 08:00 TRXUSDT entry=0.1074 → SHORT | long=sl(-1.86%) short=tp(+3.41%) | scanned=3 | short_tp_only
  [label] 2024-01-14 08:00 TRXUSDT entry=0.1142 → SHORT | long=sl(-2.09%) short=tp(+3.88%) | scanned=4 | short_tp_only
  [label] 2024-04-10 08:00 TRXUSDT entry=0.1184 → LONG | long=tp(+3.00%) short=sl(-1.65%) | scanned=5 | long_tp_only
  Labels: 1236 long (56.4%), 957 short (43.6%) | weights: min=1.00, mean=2.53, max=10.00
  Features: 2193/2193 matched, 13 columns
  CV gap: 22 rows
    [trial 0] 13 features, training_days=230 | threshold=0.779 | labels: 1236 long, 957 short (56/44%)
    [CV fold 0] train_end=2022-08-24 00:00 | val_start=2022-08-31 16:00 | gap=184h (22 rows)
    [CV fold 1] train_end=2022-12-23 16:00 | val_start=2022-12-31 08:00 | gap=184h (22 rows)
    [CV fold 2] train_end=2023-04-24 08:00 | val_start=2023-05-02 00:00 | gap=184h (22 rows)
    [CV fold 3] train_end=2023-08-24 00:00 | val_start=2023-08-31 16:00 | gap=184h (22 rows)
    [CV fold 4] train_end=2023-12-23 16:00 | val_start=2023-12-31 08:00 | gap=184h (22 rows)
    [trial 0] Sharpe=-0.2082 (folds: -0.2580, -0.2768, -0.1773, -0.2043, -0.1247)
    [trial 1] 13 features, training_days=410 | threshold=0.693 | labels: 1236 long, 957 short (56/44%)
    [trial 1] Sharpe=-0.2149 (folds: -0.1115, -0.1611, -0.2499, -0.2975, -0.2543)
    [trial 2] 13 features, training_days=270 | threshold=0.546 | labels: 1236 long, 957 short (56/44%)
    [trial 2] Sharpe=-0.1246 (folds: -0.1607, -0.1228, -0.1154, -0.1919, -0.0323)
    [trial 3] 13 features, training_days=270 | threshold=0.600 | labels: 1236 long, 957 short (56/44%)
    [trial 3] Sharpe=-0.1673 (folds: -0.1357, -0.1449, -0.1953, -0.1841, -0.1766)
    [trial 4] 13 features, training_days=390 | threshold=0.764 | labels: 1236 long, 957 short (56/44%)
    [trial 4] Sharpe=-0.1444 (folds: -0.0977, -0.0807, -0.2239, -0.2306, -0.0893)
    [trial 5] 13 features, training_days=60 | threshold=0.603 | labels: 1236 long, 957 short (56/44%)
    [trial 5] Sharpe=-0.0829 (folds: -0.1310, -0.0337, -0.1000, 0.0284, -0.1781)
    [trial 6] 13 features, training_days=290 | threshold=0.738 | labels: 1236 long, 957 short (56/44%)
    [trial 6] Sharpe=-0.1020 (folds: 0.0443, -0.1831, -0.0769, -0.1479, -0.1462)
    [trial 7] 13 features, training_days=70 | threshold=0.564 | labels: 1236 long, 957 short (56/44%)
    [trial 7] Sharpe=-0.0885 (folds: -0.1728, -0.0309, -0.0947, 0.0427, -0.1869)
    [trial 8] 13 features, training_days=440 | threshold=0.653 | labels: 1236 long, 957 short (56/44%)
    [trial 8] Sharpe=-0.0033 (folds: 0.1168, -0.0821, -0.1091, -0.1539, 0.2115)
    [trial 9] 13 features, training_days=360 | threshold=0.728 | labels: 1236 long, 957 short (56/44%)
    [trial 9] Sharpe=-2.2274 (folds: 0.0568, -1.0711, -10.0000, -0.0440, -0.0788)
  Optuna: 10 trials, best Sharpe = -0.0033
  Best params: n_estimators=116, max_depth=4, lr=0.0102, leaves=115
  Best confidence_threshold: 0.653
  Best training_days: 440
  Retrained on full data (1320 samples, 13 features)
  Model trained for 2024-05: 93 test candles with features, confidence_threshold=0.653
[trade:close] 2024-05-01 15:59 TRXUSDT LONG → stop_loss @ 0.12 | PnL=-1.63% (net -1.73%) | cum=-19.09% 2024-05=-1.73% 2024-05-01=-1.73%
[lgbm] === Training for 2024-06 ===
  Train window: 2022-06-01 → 2024-06-01
  2193 training samples from 1 symbols
  Samples per month: 2022-06: 90, 2022-07: 93, 2022-08: 93, 2022-09: 90, 2022-10: 93, 2022-11: 90, 2022-12: 93, 2023-01: 93, 2023-02: 84, 2023-03: 93, 2023-04: 90, 2023-05: 93, 2023-06: 90, 2023-07: 93, 2023-08: 93, 2023-09: 90, 2023-10: 93, 2023-11: 90, 2023-12: 93, 2024-01: 93, 2024-02: 87, 2024-03: 93, 2024-04: 90, 2024-05: 93
  [label] 2022-08-02 08:00 TRXUSDT entry=0.0688 → SHORT | long=timeout(-0.68%) short=sl(-2.54%) | scanned=22 | no_tp→fwd_return=-0.5811
  [label] 2022-08-04 16:00 TRXUSDT entry=0.0688 → LONG | long=timeout(+2.02%) short=sl(-2.41%) | scanned=22 | no_tp→fwd_return=+2.1209
  [label] 2022-08-08 08:00 TRXUSDT entry=0.0702 → LONG | long=sl(-1.99%) short=sl(-1.99%) | scanned=18 | no_tp→fwd_return=+1.4823
  [label] 2022-09-02 08:00 TRXUSDT entry=0.0634 → SHORT | long=sl(-2.05%) short=tp(+3.80%) | scanned=13 | short_tp_only
  [label] 2022-10-25 08:00 TRXUSDT entry=0.0619 → LONG | long=tp(+2.83%) short=sl(-1.56%) | scanned=4 | long_tp_only
  [label] 2023-04-11 08:00 TRXUSDT entry=0.0668 → SHORT | long=sl(-1.56%) short=sl(-1.56%) | scanned=1 | no_tp→fwd_return=-0.8680
  [label] 2023-04-15 08:00 TRXUSDT entry=0.0660 → SHORT | long=sl(-1.88%) short=sl(-1.88%) | scanned=13 | no_tp→fwd_return=-0.5761
  [label] 2023-04-26 00:00 TRXUSDT entry=0.0658 → SHORT | long=sl(-1.54%) short=sl(-1.54%) | scanned=2 | no_tp→fwd_return=-1.2306
  [label] 2023-06-10 08:00 TRXUSDT entry=0.0681 → LONG | long=tp(+6.05%) short=sl(-3.18%) | scanned=8 | long_tp_only
  [label] 2023-06-19 00:00 TRXUSDT entry=0.0698 → LONG | long=sl(-2.31%) short=sl(-2.31%) | scanned=6 | no_tp→fwd_return=+1.3604
  [label] 2023-09-18 16:00 TRXUSDT entry=0.0838 → SHORT | long=sl(-1.31%) short=sl(-1.31%) | scanned=8 | no_tp→fwd_return=-0.7757
  [label] 2023-10-20 16:00 TRXUSDT entry=0.0907 → SHORT | long=sl(-1.20%) short=sl(-1.20%) | scanned=5 | no_tp→fwd_return=-1.0257
  [label] 2023-11-06 00:00 TRXUSDT entry=0.0972 → SHORT | long=sl(-1.44%) short=sl(-1.44%) | scanned=4 | no_tp→fwd_return=-1.2038
  [label] 2023-11-19 00:00 TRXUSDT entry=0.1027 → SHORT | long=sl(-1.94%) short=sl(-1.94%) | scanned=5 | no_tp→fwd_return=-1.8102
  [label] 2023-12-07 16:00 TRXUSDT entry=0.1042 → LONG | long=tp(+2.97%) short=sl(-1.63%) | scanned=4 | long_tp_only
  [label] 2023-12-14 00:00 TRXUSDT entry=0.1043 → SHORT | long=sl(-1.83%) short=sl(-1.83%) | scanned=5 | no_tp→fwd_return=-2.7325
  [label] 2023-12-26 08:00 TRXUSDT entry=0.1036 → SHORT | long=sl(-1.66%) short=tp(+3.03%) | scanned=1 | short_tp_only
  [label] 2024-02-04 08:00 TRXUSDT entry=0.1185 → LONG | long=tp(+2.49%) short=sl(-1.39%) | scanned=6 | long_tp_only[I 2026-05-07 00:30:15,484] A new study created in memory with name: no-name-ea48d9a5-71be-46ce-b449-2a69d283033d
[I 2026-05-07 00:30:15,745] Trial 0 finished with value: -0.12326363871049477 and parameters: {'confidence_threshold': 0.7790993046299082, 'training_days': 230, 'n_estimators': 295, 'max_depth': 5, 'num_leaves': 83, 'learning_rate': 0.051543455158230854, 'subsample': 0.8773243492079463, 'min_child_samples': 10, 'reg_alpha': 0.034096514368237685, 'reg_lambda': 3.154180388637081e-05}. Best is trial 0 with value: -0.12326363871049477.
[I 2026-05-07 00:30:15,896] Trial 1 finished with value: -0.13208438076741524 and parameters: {'confidence_threshold': 0.6929247853618086, 'training_days': 410, 'n_estimators': 233, 'max_depth': 5, 'num_leaves': 108, 'learning_rate': 0.013724237108071606, 'subsample': 0.7013182233636002, 'min_child_samples': 94, 'reg_alpha': 2.4040959529260723e-06, 'reg_lambda': 5.320966582161148}. Best is trial 0 with value: -0.12326363871049477.
[I 2026-05-07 00:30:15,956] Trial 2 finished with value: -0.0843225786562892 and parameters: {'confidence_threshold': 0.546341527225763, 'training_days': 270, 'n_estimators': 120, 'max_depth': 4, 'num_leaves': 53, 'learning_rate': 0.060197068579343475, 'subsample': 0.588227873455941, 'min_child_samples': 91, 'reg_alpha': 2.3457771824819002e-08, 'reg_lambda': 1.1358840775642732e-08}. Best is trial 2 with value: -0.0843225786562892.
[I 2026-05-07 00:30:16,132] Trial 3 finished with value: -0.15130853749339168 and parameters: {'confidence_threshold': 0.6000319676300473, 'training_days': 270, 'n_estimators': 382, 'max_depth': 4, 'num_leaves': 44, 'learning_rate': 0.09185046765032388, 'subsample': 0.6743651508646724, 'min_child_samples': 77, 'reg_alpha': 0.0013974578104212739, 'reg_lambda': 8.97190257982477e-08}. Best is trial 2 with value: -0.0843225786562892.
[I 2026-05-07 00:30:16,498] Trial 4 finished with value: -0.11938384881439568 and parameters: {'confidence_threshold': 0.7642618789055509, 'training_days': 390, 'n_estimators': 464, 'max_depth': 5, 'num_leaves': 30, 'learning_rate': 0.024562383309704932, 'subsample': 0.8612975035964376, 'min_child_samples': 36, 'reg_alpha': 1.593999300080167, 'reg_lambda': 0.006081270362829788}. Best is trial 2 with value: -0.0843225786562892.
[I 2026-05-07 00:30:16,659] Trial 5 finished with value: -0.09770924721100457 and parameters: {'confidence_threshold': 0.6029115860358569, 'training_days': 60, 'n_estimators': 441, 'max_depth': 3, 'num_leaves': 66, 'learning_rate': 0.044953114425778824, 'subsample': 0.7098948461279406, 'min_child_samples': 15, 'reg_alpha': 4.888753565548431e-07, 'reg_lambda': 4.198190642566389}. Best is trial 2 with value: -0.0843225786562892.
[I 2026-05-07 00:30:16,916] Trial 6 finished with value: -0.1480226847738625 and parameters: {'confidence_threshold': 0.7376932868314098, 'training_days': 290, 'n_estimators': 249, 'max_depth': 5, 'num_leaves': 121, 'learning_rate': 0.015565840632862623, 'subsample': 0.8390183783709677, 'min_child_samples': 19, 'reg_alpha': 1.860444687368747e-08, 'reg_lambda': 2.7391483548058117e-06}. Best is trial 2 with value: -0.0843225786562892.
[I 2026-05-07 00:30:16,956] Trial 7 finished with value: -0.09196379789894717 and parameters: {'confidence_threshold': 0.563503962036334, 'training_days': 70, 'n_estimators': 63, 'max_depth': 3, 'num_leaves': 47, 'learning_rate': 0.18074927623018475, 'subsample': 0.5059692991701257, 'min_child_samples': 9, 'reg_alpha': 3.6945804405602874e-08, 'reg_lambda': 0.027706035542028905}. Best is trial 2 with value: -0.0843225786562892.
[I 2026-05-07 00:30:17,036] Trial 8 finished with value: -0.1384939482808472 and parameters: {'confidence_threshold': 0.6525471176758836, 'training_days': 440, 'n_estimators': 116, 'max_depth': 4, 'num_leaves': 115, 'learning_rate': 0.010229952960863938, 'subsample': 0.5062159465415076, 'min_child_samples': 54, 'reg_alpha': 6.790626457822126e-06, 'reg_lambda': 1.7869141074987722e-05}. Best is trial 2 with value: -0.0843225786562892.
[I 2026-05-07 00:30:17,111] Trial 9 finished with value: -4.006369398850097 and parameters: {'confidence_threshold': 0.7277571993354469, 'training_days': 360, 'n_estimators': 75, 'max_depth': 5, 'num_leaves': 41, 'learning_rate': 0.014186743931212992, 'subsample': 0.7445187273047605, 'min_child_samples': 22, 'reg_alpha': 0.02393227447113315, 'reg_lambda': 0.009236766173618426}. Best is trial 2 with value: -0.0843225786562892.
[I 2026-05-07 00:30:17,468] A new study created in memory with name: no-name-3176b43f-cec9-4d5e-95cf-bf53888d1ee9
[I 2026-05-07 00:30:17,713] Trial 0 finished with value: -0.051339608387981184 and parameters: {'confidence_threshold': 0.7790993046299082, 'training_days': 230, 'n_estimators': 295, 'max_depth': 5, 'num_leaves': 83, 'learning_rate': 0.051543455158230854, 'subsample': 0.8773243492079463, 'min_child_samples': 10, 'reg_alpha': 0.034096514368237685, 'reg_lambda': 3.154180388637081e-05}. Best is trial 0 with value: -0.051339608387981184.
[I 2026-05-07 00:30:17,854] Trial 1 finished with value: -0.2752050190220441 and parameters: {'confidence_threshold': 0.6929247853618086, 'training_days': 410, 'n_estimators': 233, 'max_depth': 5, 'num_leaves': 108, 'learning_rate': 0.013724237108071606, 'subsample': 0.7013182233636002, 'min_child_samples': 94, 'reg_alpha': 2.4040959529260723e-06, 'reg_lambda': 5.320966582161148}. Best is trial 0 with value: -0.051339608387981184.
[I 2026-05-07 00:30:17,920] Trial 2 finished with value: -0.1446367196816995 and parameters: {'confidence_threshold': 0.546341527225763, 'training_days': 270, 'n_estimators': 120, 'max_depth': 4, 'num_leaves': 53, 'learning_rate': 0.060197068579343475, 'subsample': 0.588227873455941, 'min_child_samples': 91, 'reg_alpha': 2.3457771824819002e-08, 'reg_lambda': 1.1358840775642732e-08}. Best is trial 0 with value: -0.051339608387981184.
[I 2026-05-07 00:30:18,088] Trial 3 finished with value: -0.12282469451190658 and parameters: {'confidence_threshold': 0.6000319676300473, 'training_days': 270, 'n_estimators': 382, 'max_depth': 4, 'num_leaves': 44, 'learning_rate': 0.09185046765032388, 'subsample': 0.6743651508646724, 'min_child_samples': 77, 'reg_alpha': 0.0013974578104212739, 'reg_lambda': 8.97190257982477e-08}. Best is trial 0 with value: -0.051339608387981184.
[I 2026-05-07 00:30:18,439] Trial 4 finished with value: -0.13272062456945882 and parameters: {'confidence_threshold': 0.7642618789055509, 'training_days': 390, 'n_estimators': 464, 'max_depth': 5, 'num_leaves': 30, 'learning_rate': 0.024562383309704932, 'subsample': 0.8612975035964376, 'min_child_samples': 36, 'reg_alpha': 1.593999300080167, 'reg_lambda': 0.006081270362829788}. Best is trial 0 with value: -0.051339608387981184.
[I 2026-05-07 00:30:18,597] Trial 5 finished with value: 0.007705752561301507 and parameters: {'confidence_threshold': 0.6029115860358569, 'training_days': 60, 'n_estimators': 441, 'max_depth': 3, 'num_leaves': 66, 'learning_rate': 0.044953114425778824, 'subsample': 0.7098948461279406, 'min_child_samples': 15, 'reg_alpha': 4.888753565548431e-07, 'reg_lambda': 4.198190642566389}. Best is trial 5 with value: 0.007705752561301507.
[I 2026-05-07 00:30:18,819] Trial 6 finished with value: -0.24561660487220652 and parameters: {'confidence_threshold': 0.7376932868314098, 'training_days': 290, 'n_estimators': 249, 'max_depth': 5, 'num_leaves': 121, 'learning_rate': 0.015565840632862623, 'subsample': 0.8390183783709677, 'min_child_samples': 19, 'reg_alpha': 1.860444687368747e-08, 'reg_lambda': 2.7391483548058117e-06}. Best is trial 5 with value: 0.007705752561301507.
