[I 2026-05-07 00:29:21,102] Trial 1 finished with value: 0.11372667242800469 and parameters: {'confidence_threshold': 0.6929247853618086, 'training_days': 410, 'n_estimators': 233, 'max_depth': 5, 'num_leaves': 108, 'learning_rate': 0.013724237108071606, 'subsample': 0.7013182233636002, 'min_child_samples': 94, 'reg_alpha': 2.4040959529260723e-06, 'reg_lambda': 5.320966582161148}. Best is trial 1 with value: 0.11372667242800469.
[I 2026-05-07 00:29:21,164] Trial 2 finished with value: 0.03396356572427486 and parameters: {'confidence_threshold': 0.546341527225763, 'training_days': 270, 'n_estimators': 120, 'max_depth': 4, 'num_leaves': 53, 'learning_rate': 0.060197068579343475, 'subsample': 0.588227873455941, 'min_child_samples': 91, 'reg_alpha': 2.3457771824819002e-08, 'reg_lambda': 1.1358840775642732e-08}. Best is trial 1 with value: 0.11372667242800469.
[I 2026-05-07 00:29:21,354] Trial 3 finished with value: 0.059141162394504024 and parameters: {'confidence_threshold': 0.6000319676300473, 'training_days': 270, 'n_estimators': 382, 'max_depth': 4, 'num_leaves': 44, 'learning_rate': 0.09185046765032388, 'subsample': 0.6743651508646724, 'min_child_samples': 77, 'reg_alpha': 0.0013974578104212739, 'reg_lambda': 8.97190257982477e-08}. Best is trial 1 with value: 0.11372667242800469.
[I 2026-05-07 00:29:21,794] Trial 4 finished with value: 0.20602177303541064 and parameters: {'confidence_threshold': 0.7642618789055509, 'training_days': 390, 'n_estimators': 464, 'max_depth': 5, 'num_leaves': 30, 'learning_rate': 0.024562383309704932, 'subsample': 0.8612975035964376, 'min_child_samples': 36, 'reg_alpha': 1.593999300080167, 'reg_lambda': 0.006081270362829788}. Best is trial 4 with value: 0.20602177303541064.
[I 2026-05-07 00:29:21,960] Trial 5 finished with value: -0.022633822620827044 and parameters: {'confidence_threshold': 0.6029115860358569, 'training_days': 60, 'n_estimators': 441, 'max_depth': 3, 'num_leaves': 66, 'learning_rate': 0.044953114425778824, 'subsample': 0.7098948461279406, 'min_child_samples': 15, 'reg_alpha': 4.888753565548431e-07, 'reg_lambda': 4.198190642566389}. Best is trial 4 with value: 0.20602177303541064.
[I 2026-05-07 00:29:22,196] Trial 6 finished with value: 0.16455579075680182 and parameters: {'confidence_threshold': 0.7376932868314098, 'training_days': 290, 'n_estimators': 249, 'max_depth': 5, 'num_leaves': 121, 'learning_rate': 0.015565840632862623, 'subsample': 0.8390183783709677, 'min_child_samples': 19, 'reg_alpha': 1.860444687368747e-08, 'reg_lambda': 2.7391483548058117e-06}. Best is trial 4 with value: 0.20602177303541064.
[I 2026-05-07 00:29:22,227] Trial 7 finished with value: 0.006210897348100879 and parameters: {'confidence_threshold': 0.563503962036334, 'training_days': 70, 'n_estimators': 63, 'max_depth': 3, 'num_leaves': 47, 'learning_rate': 0.18074927623018475, 'subsample': 0.5059692991701257, 'min_child_samples': 9, 'reg_alpha': 3.6945804405602874e-08, 'reg_lambda': 0.027706035542028905}. Best is trial 4 with value: 0.20602177303541064.
[I 2026-05-07 00:29:22,310] Trial 8 finished with value: 0.03845942156193881 and parameters: {'confidence_threshold': 0.6525471176758836, 'training_days': 440, 'n_estimators': 116, 'max_depth': 4, 'num_leaves': 115, 'learning_rate': 0.010229952960863938, 'subsample': 0.5062159465415076, 'min_child_samples': 54, 'reg_alpha': 6.790626457822126e-06, 'reg_lambda': 1.7869141074987722e-05}. Best is trial 4 with value: 0.20602177303541064.
[I 2026-05-07 00:29:22,390] Trial 9 finished with value: -5.858239722675116 and parameters: {'confidence_threshold': 0.7277571993354469, 'training_days': 360, 'n_estimators': 75, 'max_depth': 5, 'num_leaves': 41, 'learning_rate': 0.014186743931212992, 'subsample': 0.7445187273047605, 'min_child_samples': 22, 'reg_alpha': 0.02393227447113315, 'reg_lambda': 0.009236766173618426}. Best is trial 4 with value: 0.20602177303541064.
[I 2026-05-07 00:29:22,772] A new study created in memory with name: no-name-22126714-4ce6-498d-916f-6c19b3b520ba
[I 2026-05-07 00:29:23,091] Trial 0 finished with value: 0.21710966286192765 and parameters: {'confidence_threshold': 0.7790993046299082, 'training_days': 230, 'n_estimators': 295, 'max_depth': 5, 'num_leaves': 83, 'learning_rate': 0.051543455158230854, 'subsample': 0.8773243492079463, 'min_child_samples': 10, 'reg_alpha': 0.034096514368237685, 'reg_lambda': 3.154180388637081e-05}. Best is trial 0 with value: 0.21710966286192765.
[I 2026-05-07 00:29:23,224] Trial 1 finished with value: 0.21822938716140644 and parameters: {'confidence_threshold': 0.6929247853618086, 'training_days': 410, 'n_estimators': 233, 'max_depth': 5, 'num_leaves': 108, 'learning_rate': 0.013724237108071606, 'subsample': 0.7013182233636002, 'min_child_samples': 94, 'reg_alpha': 2.4040959529260723e-06, 'reg_lambda': 5.320966582161148}. Best is trial 1 with value: 0.21822938716140644.
[I 2026-05-07 00:29:23,291] Trial 2 finished with value: 0.12062474447066843 and parameters: {'confidence_threshold': 0.546341527225763, 'training_days': 270, 'n_estimators': 120, 'max_depth': 4, 'num_leaves': 53, 'learning_rate': 0.060197068579343475, 'subsample': 0.588227873455941, 'min_child_samples': 91, 'reg_alpha': 2.3457771824819002e-08, 'reg_lambda': 1.1358840775642732e-08}. Best is trial 1 with value: 0.21822938716140644.
[I 2026-05-07 00:29:23,459] Trial 3 finished with value: 0.10809137652623557 and parameters: {'confidence_threshold': 0.6000319676300473, 'training_days': 270, 'n_estimators': 382, 'max_depth': 4, 'num_leaves': 44, 'learning_rate': 0.09185046765032388, 'subsample': 0.6743651508646724, 'min_child_samples': 77, 'reg_alpha': 0.0013974578104212739, 'reg_lambda': 8.97190257982477e-08}. Best is trial 1 with value: 0.21822938716140644.
[I 2026-05-07 00:29:23,825] Trial 4 finished with value: 0.15717050435747243 and parameters: {'confidence_threshold': 0.7642618789055509, 'training_days': 390, 'n_estimators': 464, 'max_depth': 5, 'num_leaves': 30, 'learning_rate': 0.024562383309704932, 'subsample': 0.8612975035964376, 'min_child_samples': 36, 'reg_alpha': 1.593999300080167, 'reg_lambda': 0.006081270362829788}. Best is trial 1 with value: 0.21822938716140644.
[I 2026-05-07 00:29:23,983] Trial 5 finished with value: 0.02124502431209909 and parameters: {'confidence_threshold': 0.6029115860358569, 'training_days': 60, 'n_estimators': 441, 'max_depth': 3, 'num_leaves': 66, 'learning_rate': 0.044953114425778824, 'subsample': 0.7098948461279406, 'min_child_samples': 15, 'reg_alpha': 4.888753565548431e-07, 'reg_lambda': 4.198190642566389}. Best is trial 1 with value: 0.21822938716140644.
[I 2026-05-07 00:29:24,197] Trial 6 finished with value: 0.21115202422023502 and parameters: {'confidence_threshold': 0.7376932868314098, 'training_days': 290, 'n_estimators': 249, 'max_depth': 5, 'num_leaves': 121, 'learning_rate': 0.015565840632862623, 'subsample': 0.8390183783709677, 'min_child_samples': 19, 'reg_alpha': 1.860444687368747e-08, 'reg_lambda': 2.7391483548058117e-06}. Best is trial 1 with value: 0.21822938716140644.
[I 2026-05-07 00:29:24,232] Trial 7 finished with value: 0.02275341169490178 and parameters: {'confidence_threshold': 0.563503962036334, 'training_days': 70, 'n_estimators': 63, 'max_depth': 3, 'num_leaves': 47, 'learning_rate': 0.18074927623018475, 'subsample': 0.5059692991701257, 'min_child_samples': 9, 'reg_alpha': 3.6945804405602874e-08, 'reg_lambda': 0.027706035542028905}. Best is trial 1 with value: 0.21822938716140644.
[I 2026-05-07 00:29:24,320] Trial 8 finished with value: 0.12482045495004464 and parameters: {'confidence_threshold': 0.6525471176758836, 'training_days': 440, 'n_estimators': 116, 'max_depth': 4, 'num_leaves': 115, 'learning_rate': 0.010229952960863938, 'subsample': 0.5062159465415076, 'min_child_samples': 54, 'reg_alpha': 6.790626457822126e-06, 'reg_lambda': 1.7869141074987722e-05}. Best is trial 1 with value: 0.21822938716140644.
[I 2026-05-07 00:29:24,411] Trial 9 finished with value: -1.834989216328846 and parameters: {'confidence_threshold': 0.7277571993354469, 'training_days': 360, 'n_estimators': 75, 'max_depth': 5, 'num_leaves': 41, 'learning_rate': 0.014186743931212992, 'subsample': 0.7445187273047605, 'min_child_samples': 22, 'reg_alpha': 0.02393227447113315, 'reg_lambda': 0.009236766173618426}. Best is trial 1 with value: 0.21822938716140644.

    [CV fold 3] train_end=2021-05-26 00:00 | val_start=2021-06-02 16:00 | gap=184h (22 rows)
    [CV fold 4] train_end=2021-09-24 16:00 | val_start=2021-10-02 08:00 | gap=184h (22 rows)
    [trial 0] Sharpe=0.1031 (folds: 0.1562, 0.2103, -0.1179, -0.0148, 0.2816)
    [trial 1] 13 features, training_days=410 | threshold=0.693 | labels: 1190 long, 1003 short (54/46%)
    [trial 1] Sharpe=0.1137 (folds: -0.2833, 0.1572, -0.0804, 0.1943, 0.5809)
    [trial 2] 13 features, training_days=270 | threshold=0.546 | labels: 1190 long, 1003 short (54/46%)
    [trial 2] Sharpe=0.0340 (folds: 0.0631, 0.1120, 0.0178, 0.0193, -0.0424)
    [trial 3] 13 features, training_days=270 | threshold=0.600 | labels: 1190 long, 1003 short (54/46%)
    [trial 3] Sharpe=0.0591 (folds: 0.1341, 0.1897, -0.1187, -0.0164, 0.1070)
    [trial 4] 13 features, training_days=390 | threshold=0.764 | labels: 1190 long, 1003 short (54/46%)
    [trial 4] Sharpe=0.2060 (folds: 0.2637, 0.2698, 0.0034, 0.1751, 0.3182)
    [trial 5] 13 features, training_days=60 | threshold=0.603 | labels: 1190 long, 1003 short (54/46%)
    [trial 5] Sharpe=-0.0226 (folds: -0.0294, -0.0564, -0.0339, 0.0845, -0.0780)
    [trial 6] 13 features, training_days=290 | threshold=0.738 | labels: 1190 long, 1003 short (54/46%)
    [trial 6] Sharpe=0.1646 (folds: 0.2662, 0.0791, -0.1680, 0.2356, 0.4099)
    [trial 7] 13 features, training_days=70 | threshold=0.564 | labels: 1190 long, 1003 short (54/46%)
    [trial 7] Sharpe=0.0062 (folds: -0.1039, 0.0507, -0.1121, 0.2366, -0.0403)
    [trial 8] 13 features, training_days=440 | threshold=0.653 | labels: 1190 long, 1003 short (54/46%)
    [trial 8] Sharpe=0.0385 (folds: -0.1124, 0.3463, 0.0203, -0.1174, 0.0554)
    [trial 9] 13 features, training_days=360 | threshold=0.728 | labels: 1190 long, 1003 short (54/46%)
    [trial 9] Sharpe=-5.8582 (folds: 0.7375, -10.0000, -0.0287, -10.0000, -10.0000)
  Optuna: 10 trials, best Sharpe = 0.2060
  Best params: n_estimators=464, max_depth=5, lr=0.0246, leaves=30
  Best confidence_threshold: 0.764
  Best training_days: 390
  Retrained on full data (1170 samples, 13 features)
  Model trained for 2022-02: 75 test candles with features, confidence_threshold=0.764
[trade:close] 2022-02-02 15:59 TRXUSDT SHORT → stop_loss @ 0.06 | PnL=-3.97% (net -4.07%) | cum=-9.03% 2022-02=-4.07% 2022-02-02=-4.07%
[predict] 2022-02-12 00:00 TRXUSDT → SHORT (proba=0.90 TP=6.3%/SL=3.2%)
[trade:open] 2022-02-12 07:59 TRXUSDT SHORT @ 0.06 | SL=0.07 TP=0.06 | timeout=2022-02-19 07:59
[trade:close] 2022-02-14 15:59 TRXUSDT SHORT → stop_loss @ 0.07 | PnL=-3.16% (net -3.26%) | cum=-12.30% 2022-02=-7.33% 2022-02-14=-3.26%
[lgbm] === Training for 2022-03 ===
  Train window: 2020-03-01 → 2022-03-01
  2181 training samples from 1 symbols
  Samples per month: 2020-03: 93, 2020-04: 90, 2020-05: 93, 2020-06: 90, 2020-07: 93, 2020-08: 93, 2020-09: 90, 2020-10: 93, 2020-11: 90, 2020-12: 93, 2021-01: 93, 2021-02: 84, 2021-03: 93, 2021-04: 90, 2021-05: 93, 2021-06: 90, 2021-07: 93, 2021-08: 93, 2021-09: 90, 2021-10: 93, 2021-11: 90, 2021-12: 93, 2022-01: 93, 2022-02: 75
  [label] 2020-05-02 00:00 TRXUSDT entry=0.0158 → SHORT | long=sl(-3.59%) short=sl(-3.59%) | scanned=6 | no_tp→fwd_return=-2.9096
  [label] 2020-05-04 00:00 TRXUSDT entry=0.0154 → LONG | long=tp(+7.35%) short=sl(-3.83%) | scanned=3 | long_tp_only
  [label] 2020-05-08 00:00 TRXUSDT entry=0.0161 → SHORT | long=sl(-3.62%) short=tp(+6.94%) | scanned=6 | short_tp_only
  [label] 2020-06-02 00:00 TRXUSDT entry=0.0171 → SHORT | long=sl(-3.46%) short=tp(+6.63%) | scanned=1 | short_tp_only
  [label] 2020-07-24 16:00 TRXUSDT entry=0.0180 → LONG | long=tp(+4.09%) short=sl(-2.20%) | scanned=3 | long_tp_only
  [label] 2021-01-07 08:00 TRXUSDT entry=0.0326 → SHORT | long=sl(-5.74%) short=tp(+11.17%) | scanned=2 | short_tp_only
  [label] 2021-01-11 16:00 TRXUSDT entry=0.0290 → LONG | long=timeout(+9.33%) short=sl(-8.32%) | scanned=22 | no_tp→fwd_return=+9.4301
  [label] 2021-01-22 08:00 TRXUSDT entry=0.0286 → LONG | long=tp(+11.13%) short=sl(-5.72%) | scanned=8 | long_tp_only
  [label] 2021-03-08 08:00 TRXUSDT entry=0.0522 → SHORT | long=sl(-5.34%) short=timeout(+4.54%) | scanned=22 | no_tp→fwd_return=-4.6360
  [label] 2021-03-17 00:00 TRXUSDT entry=0.0542 → LONG | long=tp(+8.21%) short=sl(-4.26%) | scanned=8 | long_tp_only
  [label] 2021-06-16 00:00 TRXUSDT entry=0.0723 → SHORT | long=sl(-4.27%) short=tp(+8.24%) | scanned=13 | short_tp_only
  [label] 2021-07-18 00:00 TRXUSDT entry=0.0562 → SHORT | long=sl(-3.47%) short=tp(+6.63%) | scanned=6 | short_tp_only
  [label] 2021-08-03 08:00 TRXUSDT entry=0.0640 → LONG | long=tp(+6.47%) short=sl(-3.39%) | scanned=5 | long_tp_only
  [label] 2021-08-16 00:00 TRXUSDT entry=0.0937 → SHORT | long=sl(-3.88%) short=tp(+7.46%) | scanned=5 | short_tp_only
  [label] 2021-09-03 16:00 TRXUSDT entry=0.1017 → SHORT | long=sl(-3.64%) short=sl(-3.64%) | scanned=11 | no_tp→fwd_return=-16.5815
  [label] 2021-09-10 00:00 TRXUSDT entry=0.0916 → LONG | long=sl(-5.36%) short=sl(-5.36%) | scanned=3 | no_tp→fwd_return=+4.9891
  [label] 2021-09-22 08:00 TRXUSDT entry=0.0952 → SHORT | long=sl(-6.52%) short=tp(+12.75%) | scanned=19 | short_tp_only
  [label] 2021-11-01 00:00 TRXUSDT entry=0.1011 → LONG | long=tp(+6.79%) short=sl(-3.54%) | scanned=4 | long_tp_only
  [label] 2021-11-11 00:00 TRXUSDT entry=0.1095 → LONG | long=sl(-3.74%) short=sl(-3.74%) | scanned=8 | no_tp→fwd_return=+2.8780
  [label] 2022-02-05 16:00 TRXUSDT entry=0.0646 → LONG | long=tp(+5.72%) short=sl(-3.01%) | scanned=5 | long_tp_only
  Labels: 1170 long (53.6%), 1011 short (46.4%) | weights: min=1.01, mean=2.96, max=10.00
  Features: 2181/2181 matched, 13 columns
  CV gap: 22 rows
    [trial 0] 13 features, training_days=230 | threshold=0.779 | labels: 1170 long, 1011 short (54/46%)
    [CV fold 0] train_end=2020-06-23 08:00 | val_start=2020-07-01 00:00 | gap=184h (22 rows)
    [CV fold 1] train_end=2020-10-22 08:00 | val_start=2020-10-30 00:00 | gap=184h (22 rows)
    [CV fold 2] train_end=2021-02-20 08:00 | val_start=2021-02-28 00:00 | gap=184h (22 rows)
    [CV fold 3] train_end=2021-06-21 08:00 | val_start=2021-06-29 00:00 | gap=184h (22 rows)
    [CV fold 4] train_end=2021-10-20 08:00 | val_start=2021-10-28 00:00 | gap=184h (22 rows)
    [trial 0] Sharpe=0.2171 (folds: 0.1588, 0.3195, 0.0094, 0.2391, 0.3587)
    [trial 1] 13 features, training_days=410 | threshold=0.693 | labels: 1170 long, 1011 short (54/46%)
    [trial 1] Sharpe=0.2182 (folds: 0.4069, 0.2616, 0.0484, 0.4056, -0.0313)
    [trial 2] 13 features, training_days=270 | threshold=0.546 | labels: 1170 long, 1011 short (54/46%)
    [trial 2] Sharpe=0.1206 (folds: 0.1839, 0.2712, 0.0263, -0.0474, 0.1691)
    [trial 3] 13 features, training_days=270 | threshold=0.600 | labels: 1170 long, 1011 short (54/46%)
    [trial 3] Sharpe=0.1081 (folds: 0.2157, 0.1929, -0.0334, 0.0763, 0.0888)
    [trial 4] 13 features, training_days=390 | threshold=0.764 | labels: 1170 long, 1011 short (54/46%)
    [trial 4] Sharpe=0.1572 (folds: 0.0057, 0.3141, -0.0513, 0.2459, 0.2715)
    [trial 5] 13 features, training_days=60 | threshold=0.603 | labels: 1170 long, 1011 short (54/46%)
    [trial 5] Sharpe=0.0212 (folds: 0.0808, 0.2374, -0.0563, -0.0337, -0.1219)
    [trial 6] 13 features, training_days=290 | threshold=0.738 | labels: 1170 long, 1011 short (54/46%)
    [trial 6] Sharpe=0.2112 (folds: 0.1419, 0.2297, 0.0507, 0.2061, 0.4273)
    [trial 7] 13 features, training_days=70 | threshold=0.564 | labels: 1170 long, 1011 short (54/46%)
    [trial 7] Sharpe=0.0228 (folds: 0.1096, 0.1578, 0.0010, -0.0337, -0.1209)
    [trial 8] 13 features, training_days=440 | threshold=0.653 | labels: 1170 long, 1011 short (54/46%)
    [trial 8] Sharpe=0.1248 (folds: 0.2140, 0.0199, -0.0666, 0.1695, 0.2874)
    [trial 9] 13 features, training_days=360 | threshold=0.728 | labels: 1170 long, 1011 short (54/46%)
    [trial 9] Sharpe=-1.8350 (folds: 0.4823, -0.2008, 0.3117, 0.2318, -10.0000)
  Optuna: 10 trials, best Sharpe = 0.2182
  Best params: n_estimators=233, max_depth=5, lr=0.0137, leaves=108
  Best confidence_threshold: 0.693
  Best training_days: 410[I 2026-05-07 00:29:24,753] A new study created in memory with name: no-name-605784d1-a1b2-4093-b08a-e7b71529cb93
[I 2026-05-07 00:29:25,060] Trial 0 finished with value: 0.06910910264783274 and parameters: {'confidence_threshold': 0.7790993046299082, 'training_days': 230, 'n_estimators': 295, 'max_depth': 5, 'num_leaves': 83, 'learning_rate': 0.051543455158230854, 'subsample': 0.8773243492079463, 'min_child_samples': 10, 'reg_alpha': 0.034096514368237685, 'reg_lambda': 3.154180388637081e-05}. Best is trial 0 with value: 0.06910910264783274.
[I 2026-05-07 00:29:25,215] Trial 1 finished with value: 0.1643589671223315 and parameters: {'confidence_threshold': 0.6929247853618086, 'training_days': 410, 'n_estimators': 233, 'max_depth': 5, 'num_leaves': 108, 'learning_rate': 0.013724237108071606, 'subsample': 0.7013182233636002, 'min_child_samples': 94, 'reg_alpha': 2.4040959529260723e-06, 'reg_lambda': 5.320966582161148}. Best is trial 1 with value: 0.1643589671223315.
[I 2026-05-07 00:29:25,280] Trial 2 finished with value: 0.04838362493909965 and parameters: {'confidence_threshold': 0.546341527225763, 'training_days': 270, 'n_estimators': 120, 'max_depth': 4, 'num_leaves': 53, 'learning_rate': 0.060197068579343475, 'subsample': 0.588227873455941, 'min_child_samples': 91, 'reg_alpha': 2.3457771824819002e-08, 'reg_lambda': 1.1358840775642732e-08}. Best is trial 1 with value: 0.1643589671223315.
[I 2026-05-07 00:29:25,479] Trial 3 finished with value: 0.06504931361413854 and parameters: {'confidence_threshold': 0.6000319676300473, 'training_days': 270, 'n_estimators': 382, 'max_depth': 4, 'num_leaves': 44, 'learning_rate': 0.09185046765032388, 'subsample': 0.6743651508646724, 'min_child_samples': 77, 'reg_alpha': 0.0013974578104212739, 'reg_lambda': 8.97190257982477e-08}. Best is trial 1 with value: 0.1643589671223315.
[I 2026-05-07 00:29:25,829] Trial 4 finished with value: 0.09730930394708694 and parameters: {'confidence_threshold': 0.7642618789055509, 'training_days': 390, 'n_estimators': 464, 'max_depth': 5, 'num_leaves': 30, 'learning_rate': 0.024562383309704932, 'subsample': 0.8612975035964376, 'min_child_samples': 36, 'reg_alpha': 1.593999300080167, 'reg_lambda': 0.006081270362829788}. Best is trial 1 with value: 0.1643589671223315.
[I 2026-05-07 00:29:25,977] Trial 5 finished with value: 0.02401217333261078 and parameters: {'confidence_threshold': 0.6029115860358569, 'training_days': 60, 'n_estimators': 441, 'max_depth': 3, 'num_leaves': 66, 'learning_rate': 0.044953114425778824, 'subsample': 0.7098948461279406, 'min_child_samples': 15, 'reg_alpha': 4.888753565548431e-07, 'reg_lambda': 4.198190642566389}. Best is trial 1 with value: 0.1643589671223315.
[I 2026-05-07 00:29:26,191] Trial 6 finished with value: 0.07289238218994266 and parameters: {'confidence_threshold': 0.7376932868314098, 'training_days': 290, 'n_estimators': 249, 'max_depth': 5, 'num_leaves': 121, 'learning_rate': 0.015565840632862623, 'subsample': 0.8390183783709677, 'min_child_samples': 19, 'reg_alpha': 1.860444687368747e-08, 'reg_lambda': 2.7391483548058117e-06}. Best is trial 1 with value: 0.1643589671223315.
[I 2026-05-07 00:29:26,229] Trial 7 finished with value: 0.06449499940151593 and parameters: {'confidence_threshold': 0.563503962036334, 'training_days': 70, 'n_estimators': 63, 'max_depth': 3, 'num_leaves': 47, 'learning_rate': 0.18074927623018475, 'subsample': 0.5059692991701257, 'min_child_samples': 9, 'reg_alpha': 3.6945804405602874e-08, 'reg_lambda': 0.027706035542028905}. Best is trial 1 with value: 0.1643589671223315.
[I 2026-05-07 00:29:26,312] Trial 8 finished with value: 0.18065856984191342 and parameters: {'confidence_threshold': 0.6525471176758836, 'training_days': 440, 'n_estimators': 116, 'max_depth': 4, 'num_leaves': 115, 'learning_rate': 0.010229952960863938, 'subsample': 0.5062159465415076, 'min_child_samples': 54, 'reg_alpha': 6.790626457822126e-06, 'reg_lambda': 1.7869141074987722e-05}. Best is trial 8 with value: 0.18065856984191342.
