[I 2026-05-07 00:28:53,915] Trial 1 finished with value: 0.001464432757449992 and parameters: {'confidence_threshold': 0.6929247853618086, 'training_days': 410, 'n_estimators': 233, 'max_depth': 5, 'num_leaves': 108, 'learning_rate': 0.013724237108071606, 'subsample': 0.7013182233636002, 'min_child_samples': 94, 'reg_alpha': 2.4040959529260723e-06, 'reg_lambda': 5.320966582161148}. Best is trial 1 with value: 0.001464432757449992.

  [label] 2024-04-18 00:00 LDOUSDT entry=1.9001 → LONG | long=timeout(+4.28%) short=sl(-8.20%) | scanned=22 | no_tp→fwd_return=+4.3840
  [label] 2024-07-18 16:00 LDOUSDT entry=1.9153 → SHORT | long=sl(-5.13%) short=tp(+9.95%) | scanned=16 | short_tp_only
  [label] 2024-08-19 16:00 LDOUSDT entry=1.0520 → LONG | long=tp(+9.57%) short=sl(-4.94%) | scanned=10 | long_tp_only
  [label] 2024-09-05 00:00 LDOUSDT entry=1.0009 → SHORT | long=sl(-5.01%) short=tp(+9.73%) | scanned=5 | short_tp_only
  [label] 2024-09-18 00:00 LDOUSDT entry=0.9735 → LONG | long=tp(+7.45%) short=sl(-3.87%) | scanned=3 | long_tp_only
  [label] 2024-10-06 16:00 LDOUSDT entry=1.0810 → SHORT | long=sl(-4.82%) short=sl(-4.82%) | scanned=9 | no_tp→fwd_return=-4.8011
  [label] 2024-10-13 00:00 LDOUSDT entry=1.0611 → LONG | long=sl(-4.04%) short=sl(-4.04%) | scanned=4 | no_tp→fwd_return=+9.9708
  [label] 2024-10-25 08:00 LDOUSDT entry=1.0752 → SHORT | long=sl(-3.86%) short=tp(+7.42%) | scanned=1 | short_tp_only
  [label] 2024-12-04 08:00 LDOUSDT entry=2.2142 → LONG | long=sl(-5.85%) short=sl(-5.85%) | scanned=7 | no_tp→fwd_return=+2.0459
  [label] 2024-12-14 08:00 LDOUSDT entry=2.2014 → SHORT | long=sl(-6.92%) short=sl(-6.92%) | scanned=11 | no_tp→fwd_return=-7.1137
  [label] 2025-03-11 08:00 LDOUSDT entry=0.9027 → LONG | long=timeout(+0.29%) short=sl(-9.18%) | scanned=22 | no_tp→fwd_return=+0.3877
  Labels: 1062 long (48.4%), 1131 short (51.6%) | weights: min=1.01, mean=4.32, max=10.00
  Features: 2193/2193 matched, 13 columns
  CV gap: 22 rows
    [trial 0] 13 features, training_days=230 | threshold=0.779 | labels: 1062 long, 1131 short (48/52%)
    [CV fold 0] train_end=2023-07-25 00:00 | val_start=2023-08-01 16:00 | gap=184h (22 rows)
    [CV fold 1] train_end=2023-11-23 16:00 | val_start=2023-12-01 08:00 | gap=184h (22 rows)
    [CV fold 2] train_end=2024-03-24 08:00 | val_start=2024-04-01 00:00 | gap=184h (22 rows)
    [CV fold 3] train_end=2024-07-24 00:00 | val_start=2024-07-31 16:00 | gap=184h (22 rows)
    [CV fold 4] train_end=2024-11-22 16:00 | val_start=2024-11-30 08:00 | gap=184h (22 rows)
    [trial 0] Sharpe=-0.0800 (folds: -0.0701, -0.0643, -0.0675, -0.0896, -0.1087)
    [trial 1] 13 features, training_days=410 | threshold=0.693 | labels: 1062 long, 1131 short (48/52%)
    [trial 1] Sharpe=-0.1090 (folds: -0.1826, -0.2096, -0.0178, -0.2111, 0.0759)
    [trial 2] 13 features, training_days=270 | threshold=0.546 | labels: 1062 long, 1131 short (48/52%)
    [trial 2] Sharpe=-0.0572 (folds: -0.1296, -0.0606, 0.0187, -0.1819, 0.0673)
    [trial 3] 13 features, training_days=270 | threshold=0.600 | labels: 1062 long, 1131 short (48/52%)
    [trial 3] Sharpe=-0.0587 (folds: -0.2260, -0.0277, 0.0391, -0.1475, 0.0688)
    [trial 4] 13 features, training_days=390 | threshold=0.764 | labels: 1062 long, 1131 short (48/52%)
    [trial 4] Sharpe=-0.0399 (folds: -0.0866, -0.0585, 0.0686, -0.2019, 0.0788)
    [trial 5] 13 features, training_days=60 | threshold=0.603 | labels: 1062 long, 1131 short (48/52%)
    [trial 5] Sharpe=-0.0904 (folds: -0.1840, -0.1332, -0.1611, -0.0885, 0.1149)
    [trial 6] 13 features, training_days=290 | threshold=0.738 | labels: 1062 long, 1131 short (48/52%)
    [trial 6] Sharpe=-0.0057 (folds: 0.0165, -0.0007, 0.1111, -0.1934, 0.0379)
    [trial 7] 13 features, training_days=70 | threshold=0.564 | labels: 1062 long, 1131 short (48/52%)
    [trial 7] Sharpe=-0.0106 (folds: -0.0534, 0.0024, -0.0467, -0.0085, 0.0530)
    [trial 8] 13 features, training_days=440 | threshold=0.653 | labels: 1062 long, 1131 short (48/52%)
    [trial 8] Sharpe=-0.0221 (folds: -0.0279, -0.0938, 0.0154, -0.0758, 0.0717)
    [trial 9] 13 features, training_days=360 | threshold=0.728 | labels: 1062 long, 1131 short (48/52%)
    [trial 9] Sharpe=-0.0277 (folds: 0.2164, -0.2610, -0.1770, 0.0121, 0.0707)
  Optuna: 10 trials, best Sharpe = -0.0057
  Best params: n_estimators=249, max_depth=5, lr=0.0156, leaves=121
  Best confidence_threshold: 0.738
  Best training_days: 290
  Retrained on full data (870 samples, 13 features)
  Model trained for 2025-04: 90 test candles with features, confidence_threshold=0.738
[lgbm] === Training for 2025-05 ===
  Train window: 2023-05-01 → 2025-05-01
  2193 training samples from 1 symbols
  Samples per month: 2023-05: 93, 2023-06: 90, 2023-07: 93, 2023-08: 93, 2023-09: 90, 2023-10: 93, 2023-11: 90, 2023-12: 93, 2024-01: 93, 2024-02: 87, 2024-03: 93, 2024-04: 90, 2024-05: 93, 2024-06: 90, 2024-07: 93, 2024-08: 93, 2024-09: 90, 2024-10: 93, 2024-11: 90, 2024-12: 93, 2025-01: 93, 2025-02: 84, 2025-03: 93, 2025-04: 90
  [label] 2023-07-02 08:00 LDOUSDT entry=2.0967 → SHORT | long=sl(-4.15%) short=sl(-4.15%) | scanned=12 | no_tp→fwd_return=-5.0556
  [label] 2023-07-04 16:00 LDOUSDT entry=2.1503 → SHORT | long=sl(-4.08%) short=tp(+7.87%) | scanned=5 | short_tp_only
  [label] 2023-07-08 08:00 LDOUSDT entry=1.9544 → LONG | long=sl(-4.34%) short=sl(-4.34%) | scanned=16 | no_tp→fwd_return=+17.2483
  [label] 2023-08-02 08:00 LDOUSDT entry=1.8421 → LONG | long=sl(-3.54%) short=sl(-3.54%) | scanned=16 | no_tp→fwd_return=+0.0597
  [label] 2023-09-24 08:00 LDOUSDT entry=1.4829 → LONG | long=sl(-2.41%) short=sl(-2.41%) | scanned=11 | no_tp→fwd_return=+4.4507
  [label] 2024-03-10 08:00 LDOUSDT entry=3.2632 → LONG | long=tp(+10.37%) short=sl(-5.33%) | scanned=8 | long_tp_only
  [label] 2024-03-14 08:00 LDOUSDT entry=3.1584 → SHORT | long=sl(-5.64%) short=tp(+10.98%) | scanned=7 | short_tp_only
  [label] 2024-03-25 00:00 LDOUSDT entry=3.2827 → SHORT | long=sl(-5.86%) short=tp(+11.41%) | scanned=10 | short_tp_only
  [label] 2024-05-09 08:00 LDOUSDT entry=1.9373 → SHORT | long=sl(-4.70%) short=tp(+9.09%) | scanned=4 | short_tp_only
  [label] 2024-05-18 00:00 LDOUSDT entry=1.8200 → LONG | long=sl(-4.46%) short=sl(-4.46%) | scanned=8 | no_tp→fwd_return=+15.2198
  [label] 2024-08-17 16:00 LDOUSDT entry=1.0697 → LONG | long=tp(+10.35%) short=sl(-5.32%) | scanned=16 | long_tp_only
  [label] 2024-09-18 16:00 LDOUSDT entry=1.0322 → LONG | long=tp(+7.61%) short=sl(-3.95%) | scanned=4 | long_tp_only
  [label] 2024-10-05 00:00 LDOUSDT entry=1.0730 → SHORT | long=sl(-5.38%) short=sl(-5.38%) | scanned=14 | no_tp→fwd_return=-4.0913
  [label] 2024-10-18 00:00 LDOUSDT entry=1.1212 → LONG | long=tp(+8.37%) short=sl(-4.33%) | scanned=7 | long_tp_only
  [label] 2024-11-05 16:00 LDOUSDT entry=0.9697 → LONG | long=tp(+8.17%) short=sl(-4.23%) | scanned=1 | long_tp_only
  [label] 2024-11-12 00:00 LDOUSDT entry=1.2713 → SHORT | long=sl(-6.47%) short=tp(+12.63%) | scanned=3 | short_tp_only
  [label] 2024-11-24 08:00 LDOUSDT entry=1.3276 → LONG | long=tp(+12.75%) short=sl(-6.52%) | scanned=2 | long_tp_only
  [label] 2025-01-03 08:00 LDOUSDT entry=1.9552 → SHORT | long=sl(-5.57%) short=sl(-5.57%) | scanned=13 | no_tp→fwd_return=-9.6461
  [label] 2025-01-13 08:00 LDOUSDT entry=1.5021 → LONG | long=tp(+12.23%) short=sl(-6.27%) | scanned=3 | long_tp_only
  [label] 2025-04-10 08:00 LDOUSDT entry=0.6965 → LONG | long=tp(+13.20%) short=sl(-6.75%) | scanned=12 | long_tp_only
  Labels: 1081 long (49.3%), 1112 short (50.7%) | weights: min=1.01, mean=4.32, max=10.00
  Features: 2193/2193 matched, 13 columns
  CV gap: 22 rows
    [trial 0] 13 features, training_days=230 | threshold=0.779 | labels: 1081 long, 1112 short (49/51%)
    [CV fold 0] train_end=2023-08-24 00:00 | val_start=2023-08-31 16:00 | gap=184h (22 rows)
    [CV fold 1] train_end=2023-12-23 16:00 | val_start=2023-12-31 08:00 | gap=184h (22 rows)
    [CV fold 2] train_end=2024-04-23 08:00 | val_start=2024-05-01 00:00 | gap=184h (22 rows)
    [CV fold 3] train_end=2024-08-23 00:00 | val_start=2024-08-30 16:00 | gap=184h (22 rows)
    [CV fold 4] train_end=2024-12-22 16:00 | val_start=2024-12-30 08:00 | gap=184h (22 rows)
    [trial 0] Sharpe=-0.0570 (folds: -0.0257, -0.0032, -0.0318, -0.2024, -0.0217)
    [trial 1] 13 features, training_days=410 | threshold=0.693 | labels: 1081 long, 1112 short (49/51%)
    [trial 1] Sharpe=0.0015 (folds: -0.0884, -0.0845, 0.1681, -0.0383, 0.0505)
    [trial 2] 13 features, training_days=270 | threshold=0.546 | labels: 1081 long, 1112 short (49/51%)[I 2026-05-07 00:28:53,984] Trial 2 finished with value: 0.00956315904633652 and parameters: {'confidence_threshold': 0.546341527225763, 'training_days': 270, 'n_estimators': 120, 'max_depth': 4, 'num_leaves': 53, 'learning_rate': 0.060197068579343475, 'subsample': 0.588227873455941, 'min_child_samples': 91, 'reg_alpha': 2.3457771824819002e-08, 'reg_lambda': 1.1358840775642732e-08}. Best is trial 2 with value: 0.00956315904633652.
[I 2026-05-07 00:28:54,198] Trial 3 finished with value: -0.05822187385971742 and parameters: {'confidence_threshold': 0.6000319676300473, 'training_days': 270, 'n_estimators': 382, 'max_depth': 4, 'num_leaves': 44, 'learning_rate': 0.09185046765032388, 'subsample': 0.6743651508646724, 'min_child_samples': 77, 'reg_alpha': 0.0013974578104212739, 'reg_lambda': 8.97190257982477e-08}. Best is trial 2 with value: 0.00956315904633652.
[I 2026-05-07 00:28:54,579] Trial 4 finished with value: -0.07486195349214929 and parameters: {'confidence_threshold': 0.7642618789055509, 'training_days': 390, 'n_estimators': 464, 'max_depth': 5, 'num_leaves': 30, 'learning_rate': 0.024562383309704932, 'subsample': 0.8612975035964376, 'min_child_samples': 36, 'reg_alpha': 1.593999300080167, 'reg_lambda': 0.006081270362829788}. Best is trial 2 with value: 0.00956315904633652.
[I 2026-05-07 00:28:54,725] Trial 5 finished with value: -0.012958315810713304 and parameters: {'confidence_threshold': 0.6029115860358569, 'training_days': 60, 'n_estimators': 441, 'max_depth': 3, 'num_leaves': 66, 'learning_rate': 0.044953114425778824, 'subsample': 0.7098948461279406, 'min_child_samples': 15, 'reg_alpha': 4.888753565548431e-07, 'reg_lambda': 4.198190642566389}. Best is trial 2 with value: 0.00956315904633652.
[I 2026-05-07 00:28:54,960] Trial 6 finished with value: -0.010837756332538116 and parameters: {'confidence_threshold': 0.7376932868314098, 'training_days': 290, 'n_estimators': 249, 'max_depth': 5, 'num_leaves': 121, 'learning_rate': 0.015565840632862623, 'subsample': 0.8390183783709677, 'min_child_samples': 19, 'reg_alpha': 1.860444687368747e-08, 'reg_lambda': 2.7391483548058117e-06}. Best is trial 2 with value: 0.00956315904633652.
[I 2026-05-07 00:28:55,001] Trial 7 finished with value: -0.026818553931478206 and parameters: {'confidence_threshold': 0.563503962036334, 'training_days': 70, 'n_estimators': 63, 'max_depth': 3, 'num_leaves': 47, 'learning_rate': 0.18074927623018475, 'subsample': 0.5059692991701257, 'min_child_samples': 9, 'reg_alpha': 3.6945804405602874e-08, 'reg_lambda': 0.027706035542028905}. Best is trial 2 with value: 0.00956315904633652.
[I 2026-05-07 00:28:55,099] Trial 8 finished with value: -0.03882887963685412 and parameters: {'confidence_threshold': 0.6525471176758836, 'training_days': 440, 'n_estimators': 116, 'max_depth': 4, 'num_leaves': 115, 'learning_rate': 0.010229952960863938, 'subsample': 0.5062159465415076, 'min_child_samples': 54, 'reg_alpha': 6.790626457822126e-06, 'reg_lambda': 1.7869141074987722e-05}. Best is trial 2 with value: 0.00956315904633652.
[I 2026-05-07 00:28:55,204] Trial 9 finished with value: 0.024372560612697415 and parameters: {'confidence_threshold': 0.7277571993354469, 'training_days': 360, 'n_estimators': 75, 'max_depth': 5, 'num_leaves': 41, 'learning_rate': 0.014186743931212992, 'subsample': 0.7445187273047605, 'min_child_samples': 22, 'reg_alpha': 0.02393227447113315, 'reg_lambda': 0.009236766173618426}. Best is trial 9 with value: 0.024372560612697415.
[I 2026-05-07 00:28:55,490] A new study created in memory with name: no-name-fb60f741-1e41-4f00-bd47-2aa31c19361d
[I 2026-05-07 00:28:55,758] Trial 0 finished with value: -0.12434074816732903 and parameters: {'confidence_threshold': 0.7790993046299082, 'training_days': 230, 'n_estimators': 295, 'max_depth': 5, 'num_leaves': 83, 'learning_rate': 0.051543455158230854, 'subsample': 0.8773243492079463, 'min_child_samples': 10, 'reg_alpha': 0.034096514368237685, 'reg_lambda': 3.154180388637081e-05}. Best is trial 0 with value: -0.12434074816732903.
[I 2026-05-07 00:28:55,902] Trial 1 finished with value: -0.03794278762240427 and parameters: {'confidence_threshold': 0.6929247853618086, 'training_days': 410, 'n_estimators': 233, 'max_depth': 5, 'num_leaves': 108, 'learning_rate': 0.013724237108071606, 'subsample': 0.7013182233636002, 'min_child_samples': 94, 'reg_alpha': 2.4040959529260723e-06, 'reg_lambda': 5.320966582161148}. Best is trial 1 with value: -0.03794278762240427.
[I 2026-05-07 00:28:55,973] Trial 2 finished with value: -0.03315533484227268 and parameters: {'confidence_threshold': 0.546341527225763, 'training_days': 270, 'n_estimators': 120, 'max_depth': 4, 'num_leaves': 53, 'learning_rate': 0.060197068579343475, 'subsample': 0.588227873455941, 'min_child_samples': 91, 'reg_alpha': 2.3457771824819002e-08, 'reg_lambda': 1.1358840775642732e-08}. Best is trial 2 with value: -0.03315533484227268.
[I 2026-05-07 00:28:56,136] Trial 3 finished with value: -0.0720915348117244 and parameters: {'confidence_threshold': 0.6000319676300473, 'training_days': 270, 'n_estimators': 382, 'max_depth': 4, 'num_leaves': 44, 'learning_rate': 0.09185046765032388, 'subsample': 0.6743651508646724, 'min_child_samples': 77, 'reg_alpha': 0.0013974578104212739, 'reg_lambda': 8.97190257982477e-08}. Best is trial 2 with value: -0.03315533484227268.
[I 2026-05-07 00:28:56,479] Trial 4 finished with value: -0.025977959004969763 and parameters: {'confidence_threshold': 0.7642618789055509, 'training_days': 390, 'n_estimators': 464, 'max_depth': 5, 'num_leaves': 30, 'learning_rate': 0.024562383309704932, 'subsample': 0.8612975035964376, 'min_child_samples': 36, 'reg_alpha': 1.593999300080167, 'reg_lambda': 0.006081270362829788}. Best is trial 4 with value: -0.025977959004969763.
[I 2026-05-07 00:28:56,613] Trial 5 finished with value: -0.0312926061779451 and parameters: {'confidence_threshold': 0.6029115860358569, 'training_days': 60, 'n_estimators': 441, 'max_depth': 3, 'num_leaves': 66, 'learning_rate': 0.044953114425778824, 'subsample': 0.7098948461279406, 'min_child_samples': 15, 'reg_alpha': 4.888753565548431e-07, 'reg_lambda': 4.198190642566389}. Best is trial 4 with value: -0.025977959004969763.
[I 2026-05-07 00:28:56,807] Trial 6 finished with value: -0.15588553189568694 and parameters: {'confidence_threshold': 0.7376932868314098, 'training_days': 290, 'n_estimators': 249, 'max_depth': 5, 'num_leaves': 121, 'learning_rate': 0.015565840632862623, 'subsample': 0.8390183783709677, 'min_child_samples': 19, 'reg_alpha': 1.860444687368747e-08, 'reg_lambda': 2.7391483548058117e-06}. Best is trial 4 with value: -0.025977959004969763.
[I 2026-05-07 00:28:56,840] Trial 7 finished with value: -0.03871369139430324 and parameters: {'confidence_threshold': 0.563503962036334, 'training_days': 70, 'n_estimators': 63, 'max_depth': 3, 'num_leaves': 47, 'learning_rate': 0.18074927623018475, 'subsample': 0.5059692991701257, 'min_child_samples': 9, 'reg_alpha': 3.6945804405602874e-08, 'reg_lambda': 0.027706035542028905}. Best is trial 4 with value: -0.025977959004969763.
[I 2026-05-07 00:28:56,924] Trial 8 finished with value: -0.05402403229413157 and parameters: {'confidence_threshold': 0.6525471176758836, 'training_days': 440, 'n_estimators': 116, 'max_depth': 4, 'num_leaves': 115, 'learning_rate': 0.010229952960863938, 'subsample': 0.5062159465415076, 'min_child_samples': 54, 'reg_alpha': 6.790626457822126e-06, 'reg_lambda': 1.7869141074987722e-05}. Best is trial 4 with value: -0.025977959004969763.
