[I 2026-05-07 00:28:10,348] Trial 9 finished with value: -0.015174727749710903 and parameters: {'confidence_threshold': 0.7277571993354469, 'training_days': 360, 'n_estimators': 75, 'max_depth': 5, 'num_leaves': 41, 'learning_rate': 0.014186743931212992, 'subsample': 0.7445187273047605, 'min_child_samples': 22, 'reg_alpha': 0.02393227447113315, 'reg_lambda': 0.009236766173618426}. Best is trial 2 with value: 0.010991966167340333.

    [trial 5] Sharpe=-0.0144 (folds: -0.0407, 0.0857, -0.0095, 0.1458, -0.2535)
    [trial 6] 13 features, training_days=290 | threshold=0.738 | labels: 1093 long, 1100 short (50/50%)
    [trial 6] Sharpe=0.0833 (folds: 0.3525, 0.1204, 0.1125, 0.0792, -0.2483)
    [trial 7] 13 features, training_days=70 | threshold=0.564 | labels: 1093 long, 1100 short (50/50%)
    [trial 7] Sharpe=-0.0140 (folds: -0.0354, 0.0662, -0.0474, 0.0197, -0.0731)
    [trial 8] 13 features, training_days=440 | threshold=0.653 | labels: 1093 long, 1100 short (50/50%)
    [trial 8] Sharpe=0.0063 (folds: -0.0078, 0.0846, 0.2154, -0.0196, -0.2411)
    [trial 9] 13 features, training_days=360 | threshold=0.728 | labels: 1093 long, 1100 short (50/50%)
    [trial 9] Sharpe=-1.9662 (folds: 0.4438, -0.1754, 0.4314, -10.0000, -0.5310)
  Optuna: 10 trials, best Sharpe = 0.0833
  Best params: n_estimators=249, max_depth=5, lr=0.0156, leaves=121
  Best confidence_threshold: 0.738
  Best training_days: 290
  Retrained on full data (870 samples, 13 features)
  Model trained for 2025-01: 93 test candles with features, confidence_threshold=0.738
[lgbm] === Training for 2025-02 ===
  Train window: 2023-02-01 → 2025-02-01
  2193 training samples from 1 symbols
  Samples per month: 2023-02: 84, 2023-03: 93, 2023-04: 90, 2023-05: 93, 2023-06: 90, 2023-07: 93, 2023-08: 93, 2023-09: 90, 2023-10: 93, 2023-11: 90, 2023-12: 93, 2024-01: 93, 2024-02: 87, 2024-03: 93, 2024-04: 90, 2024-05: 93, 2024-06: 90, 2024-07: 93, 2024-08: 93, 2024-09: 90, 2024-10: 93, 2024-11: 90, 2024-12: 93, 2025-01: 93
  [label] 2023-04-04 08:00 BCHUSDT entry=126.8400 → LONG | long=sl(-2.92%) short=timeout(-1.57%) | scanned=22 | no_tp→fwd_return=+1.4743
  [label] 2023-04-06 16:00 BCHUSDT entry=126.0000 → LONG | long=timeout(+3.88%) short=sl(-2.73%) | scanned=22 | no_tp→fwd_return=+3.9841
  [label] 2023-04-10 08:00 BCHUSDT entry=125.0500 → LONG | long=tp(+4.16%) short=sl(-2.23%) | scanned=4 | long_tp_only
  [label] 2023-05-05 08:00 BCHUSDT entry=119.5000 → SHORT | long=sl(-2.26%) short=tp(+4.21%) | scanned=8 | short_tp_only
  [label] 2023-06-27 08:00 BCHUSDT entry=225.5000 → LONG | long=tp(+11.87%) short=sl(-6.09%) | scanned=7 | long_tp_only
  [label] 2023-12-12 08:00 BCHUSDT entry=230.9400 → SHORT | long=sl(-3.81%) short=timeout(+1.72%) | scanned=22 | no_tp→fwd_return=-1.8230
  [label] 2023-12-16 08:00 BCHUSDT entry=231.3700 → LONG | long=sl(-3.34%) short=sl(-3.34%) | scanned=18 | no_tp→fwd_return=+1.9968
  [label] 2023-12-27 00:00 BCHUSDT entry=238.9100 → LONG | long=tp(+5.35%) short=sl(-2.82%) | scanned=1 | long_tp_only
  [label] 2024-02-10 08:00 BCHUSDT entry=245.1800 → LONG | long=tp(+3.44%) short=sl(-1.87%) | scanned=2 | long_tp_only
  [label] 2024-02-19 00:00 BCHUSDT entry=272.2900 → SHORT | long=sl(-2.88%) short=tp(+5.46%) | scanned=4 | short_tp_only
  [label] 2024-05-20 16:00 BCHUSDT entry=517.7300 → SHORT | long=sl(-3.35%) short=tp(+6.39%) | scanned=8 | short_tp_only
  [label] 2024-06-21 16:00 BCHUSDT entry=382.8000 → SHORT | long=sl(-3.81%) short=sl(-3.81%) | scanned=7 | no_tp→fwd_return=-3.1452
  [label] 2024-07-08 00:00 BCHUSDT entry=313.7300 → LONG | long=tp(+9.41%) short=sl(-4.85%) | scanned=6 | long_tp_only
  [label] 2024-07-21 00:00 BCHUSDT entry=391.4200 → SHORT | long=sl(-3.54%) short=tp(+6.77%) | scanned=8 | short_tp_only
  [label] 2024-08-08 16:00 BCHUSDT entry=352.9500 → SHORT | long=sl(-5.76%) short=timeout(+5.30%) | scanned=22 | no_tp→fwd_return=-5.3974
  [label] 2024-08-15 00:00 BCHUSDT entry=333.6500 → LONG | long=timeout(+4.23%) short=sl(-4.77%) | scanned=22 | no_tp→fwd_return=+4.3279
  [label] 2024-08-27 08:00 BCHUSDT entry=336.0400 → SHORT | long=sl(-3.16%) short=tp(+6.02%) | scanned=1 | short_tp_only
  [label] 2024-10-06 08:00 BCHUSDT entry=323.9100 → SHORT | long=timeout(-1.91%) short=sl(-2.74%) | scanned=22 | no_tp→fwd_return=-1.8061
  [label] 2024-10-16 08:00 BCHUSDT entry=366.3700 → SHORT | long=sl(-3.19%) short=sl(-3.19%) | scanned=18 | no_tp→fwd_return=-2.7404
  [label] 2025-01-11 08:00 BCHUSDT entry=437.2800 → SHORT | long=sl(-3.52%) short=sl(-3.52%) | scanned=6 | no_tp→fwd_return=-4.9396
  Labels: 1064 long (48.5%), 1129 short (51.5%) | weights: min=1.01, mean=4.09, max=10.00
  Features: 2193/2193 matched, 13 columns
  CV gap: 22 rows
    [trial 0] 13 features, training_days=230 | threshold=0.779 | labels: 1064 long, 1129 short (49/51%)
    [CV fold 0] train_end=2023-05-27 00:00 | val_start=2023-06-03 16:00 | gap=184h (22 rows)
    [CV fold 1] train_end=2023-09-25 16:00 | val_start=2023-10-03 08:00 | gap=184h (22 rows)
    [CV fold 2] train_end=2024-01-25 08:00 | val_start=2024-02-02 00:00 | gap=184h (22 rows)
    [CV fold 3] train_end=2024-05-26 00:00 | val_start=2024-06-02 16:00 | gap=184h (22 rows)
    [CV fold 4] train_end=2024-09-24 16:00 | val_start=2024-10-02 08:00 | gap=184h (22 rows)
    [trial 0] Sharpe=-0.0382 (folds: -0.1002, 0.0959, -0.0492, -0.0414, -0.0962)
    [trial 1] 13 features, training_days=410 | threshold=0.693 | labels: 1064 long, 1129 short (49/51%)
    [trial 1] Sharpe=-0.0597 (folds: -0.1086, 0.3594, 0.0157, -0.2870, -0.2779)
    [trial 2] 13 features, training_days=270 | threshold=0.546 | labels: 1064 long, 1129 short (49/51%)
    [trial 2] Sharpe=0.0110 (folds: -0.0165, 0.2412, 0.0088, 0.0433, -0.2220)
    [trial 3] 13 features, training_days=270 | threshold=0.600 | labels: 1064 long, 1129 short (49/51%)
    [trial 3] Sharpe=-0.0583 (folds: -0.1188, 0.1324, 0.0155, -0.0584, -0.2622)
    [trial 4] 13 features, training_days=390 | threshold=0.764 | labels: 1064 long, 1129 short (49/51%)
    [trial 4] Sharpe=-0.0504 (folds: -0.0689, 0.1714, 0.0261, -0.0853, -0.2955)
    [trial 5] 13 features, training_days=60 | threshold=0.603 | labels: 1064 long, 1129 short (49/51%)
    [trial 5] Sharpe=-0.0349 (folds: -0.2384, 0.0921, -0.0292, 0.0250, -0.0242)
    [trial 6] 13 features, training_days=290 | threshold=0.738 | labels: 1064 long, 1129 short (49/51%)
    [trial 6] Sharpe=-0.0524 (folds: -0.1011, 0.3048, -0.0030, 0.0288, -0.4915)
    [trial 7] 13 features, training_days=70 | threshold=0.564 | labels: 1064 long, 1129 short (49/51%)
    [trial 7] Sharpe=-0.0393 (folds: -0.1962, 0.1006, -0.0107, -0.0562, -0.0338)
    [trial 8] 13 features, training_days=440 | threshold=0.653 | labels: 1064 long, 1129 short (49/51%)
    [trial 8] Sharpe=-1.9455 (folds: 0.0818, 0.2880, 0.0818, -10.0000, -0.1793)
    [trial 9] 13 features, training_days=360 | threshold=0.728 | labels: 1064 long, 1129 short (49/51%)
    [trial 9] Sharpe=-0.0152 (folds: -0.0473, 0.3056, 0.2168, -0.2778, -0.2733)
  Optuna: 10 trials, best Sharpe = 0.0110
  Best params: n_estimators=120, max_depth=4, lr=0.0602, leaves=53
  Best confidence_threshold: 0.546
  Best training_days: 270
  Retrained on full data (810 samples, 13 features)
  Model trained for 2025-02: 84 test candles with features, confidence_threshold=0.546
[predict] 2025-02-05 00:00 BCHUSDT → SHORT (proba=0.61 TP=12.9%/SL=6.4%)
[trade:open] 2025-02-05 07:59 BCHUSDT SHORT @ 332.32 | SL=353.70 TP=289.56 | timeout=2025-02-12 07:59
[trade:close] 2025-02-12 08:00 BCHUSDT SHORT → timeout @ 330.11 | PnL=+0.67% (net +0.57%) | cum=+52.07% 2025-02=+0.57% 2025-02-12=+0.57%
[predict] 2025-02-28 08:00 BCHUSDT → LONG (proba=0.84 TP=8.8%/SL=4.4%)
[trade:open] 2025-02-28 15:59 BCHUSDT LONG @ 304.68 | SL=291.21 TP=331.62 | timeout=2025-03-07 15:59
[lgbm] === Training for 2025-03 ===
  Train window: 2023-03-01 → 2025-03-01
  2193 training samples from 1 symbols
  Samples per month: 2023-03: 93, 2023-04: 90, 2023-05: 93, 2023-06: 90, 2023-07: 93, 2023-08: 93, 2023-09: 90, 2023-10: 93, 2023-11: 90, 2023-12: 93, 2024-01: 93, 2024-02: 87, 2024-03: 93, 2024-04: 90, 2024-05: 93, 2024-06: 90, 2024-07: 93, 2024-08: 93, 2024-09: 90, 2024-10: 93, 2024-11: 90, 2024-12: 93, 2025-01: 93, 2025-02: 84
  [label] 2023-05-02 08:00 BCHUSDT entry=118.3700 → SHORT | long=sl(-2.44%) short=tp(+4.58%) | scanned=17 | short_tp_only
  [label] 2023-05-04 16:00 BCHUSDT entry=117.2700 → SHORT | long=sl(-2.32%) short=sl(-2.32%) | scanned=10 | no_tp→fwd_return=-4.2978
  [label] 2023-05-08 08:00 BCHUSDT entry=112.8600 → SHORT | long=sl(-2.45%) short=tp(+4.61%) | scanned=1 | short_tp_only[I 2026-05-07 00:28:10,589] A new study created in memory with name: no-name-e6d2f265-cd82-43f9-8f57-57613bdbe73c
[I 2026-05-07 00:28:10,858] Trial 0 finished with value: -0.11371713255971039 and parameters: {'confidence_threshold': 0.7790993046299082, 'training_days': 230, 'n_estimators': 295, 'max_depth': 5, 'num_leaves': 83, 'learning_rate': 0.051543455158230854, 'subsample': 0.8773243492079463, 'min_child_samples': 10, 'reg_alpha': 0.034096514368237685, 'reg_lambda': 3.154180388637081e-05}. Best is trial 0 with value: -0.11371713255971039.
[I 2026-05-07 00:28:10,994] Trial 1 finished with value: 0.03945497743419264 and parameters: {'confidence_threshold': 0.6929247853618086, 'training_days': 410, 'n_estimators': 233, 'max_depth': 5, 'num_leaves': 108, 'learning_rate': 0.013724237108071606, 'subsample': 0.7013182233636002, 'min_child_samples': 94, 'reg_alpha': 2.4040959529260723e-06, 'reg_lambda': 5.320966582161148}. Best is trial 1 with value: 0.03945497743419264.
[I 2026-05-07 00:28:11,061] Trial 2 finished with value: -0.004171696470981989 and parameters: {'confidence_threshold': 0.546341527225763, 'training_days': 270, 'n_estimators': 120, 'max_depth': 4, 'num_leaves': 53, 'learning_rate': 0.060197068579343475, 'subsample': 0.588227873455941, 'min_child_samples': 91, 'reg_alpha': 2.3457771824819002e-08, 'reg_lambda': 1.1358840775642732e-08}. Best is trial 1 with value: 0.03945497743419264.
[I 2026-05-07 00:28:11,266] Trial 3 finished with value: -0.097931786075989 and parameters: {'confidence_threshold': 0.6000319676300473, 'training_days': 270, 'n_estimators': 382, 'max_depth': 4, 'num_leaves': 44, 'learning_rate': 0.09185046765032388, 'subsample': 0.6743651508646724, 'min_child_samples': 77, 'reg_alpha': 0.0013974578104212739, 'reg_lambda': 8.97190257982477e-08}. Best is trial 1 with value: 0.03945497743419264.
[I 2026-05-07 00:28:11,602] Trial 4 finished with value: -0.0708419024532072 and parameters: {'confidence_threshold': 0.7642618789055509, 'training_days': 390, 'n_estimators': 464, 'max_depth': 5, 'num_leaves': 30, 'learning_rate': 0.024562383309704932, 'subsample': 0.8612975035964376, 'min_child_samples': 36, 'reg_alpha': 1.593999300080167, 'reg_lambda': 0.006081270362829788}. Best is trial 1 with value: 0.03945497743419264.
[I 2026-05-07 00:28:11,738] Trial 5 finished with value: -0.060838159560416195 and parameters: {'confidence_threshold': 0.6029115860358569, 'training_days': 60, 'n_estimators': 441, 'max_depth': 3, 'num_leaves': 66, 'learning_rate': 0.044953114425778824, 'subsample': 0.7098948461279406, 'min_child_samples': 15, 'reg_alpha': 4.888753565548431e-07, 'reg_lambda': 4.198190642566389}. Best is trial 1 with value: 0.03945497743419264.
[I 2026-05-07 00:28:11,947] Trial 6 finished with value: -0.048291839935231375 and parameters: {'confidence_threshold': 0.7376932868314098, 'training_days': 290, 'n_estimators': 249, 'max_depth': 5, 'num_leaves': 121, 'learning_rate': 0.015565840632862623, 'subsample': 0.8390183783709677, 'min_child_samples': 19, 'reg_alpha': 1.860444687368747e-08, 'reg_lambda': 2.7391483548058117e-06}. Best is trial 1 with value: 0.03945497743419264.
[I 2026-05-07 00:28:11,984] Trial 7 finished with value: -0.07985753847210897 and parameters: {'confidence_threshold': 0.563503962036334, 'training_days': 70, 'n_estimators': 63, 'max_depth': 3, 'num_leaves': 47, 'learning_rate': 0.18074927623018475, 'subsample': 0.5059692991701257, 'min_child_samples': 9, 'reg_alpha': 3.6945804405602874e-08, 'reg_lambda': 0.027706035542028905}. Best is trial 1 with value: 0.03945497743419264.
[I 2026-05-07 00:28:12,064] Trial 8 finished with value: 0.11566863295058893 and parameters: {'confidence_threshold': 0.6525471176758836, 'training_days': 440, 'n_estimators': 116, 'max_depth': 4, 'num_leaves': 115, 'learning_rate': 0.010229952960863938, 'subsample': 0.5062159465415076, 'min_child_samples': 54, 'reg_alpha': 6.790626457822126e-06, 'reg_lambda': 1.7869141074987722e-05}. Best is trial 8 with value: 0.11566863295058893.
[I 2026-05-07 00:28:12,152] Trial 9 finished with value: 0.07654274629540796 and parameters: {'confidence_threshold': 0.7277571993354469, 'training_days': 360, 'n_estimators': 75, 'max_depth': 5, 'num_leaves': 41, 'learning_rate': 0.014186743931212992, 'subsample': 0.7445187273047605, 'min_child_samples': 22, 'reg_alpha': 0.02393227447113315, 'reg_lambda': 0.009236766173618426}. Best is trial 8 with value: 0.11566863295058893.

  [label] 2023-06-02 08:00 BCHUSDT entry=114.1100 → SHORT | long=sl(-1.59%) short=sl(-1.59%) | scanned=9 | no_tp→fwd_return=-4.6534
  [label] 2023-07-25 08:00 BCHUSDT entry=236.4100 → LONG | long=tp(+7.67%) short=sl(-3.99%) | scanned=15 | long_tp_only
  [label] 2024-01-09 08:00 BCHUSDT entry=247.9200 → LONG | long=sl(-4.51%) short=sl(-4.51%) | scanned=4 | no_tp→fwd_return=+2.6783
  [label] 2024-01-13 08:00 BCHUSDT entry=255.0300 → SHORT | long=sl(-5.54%) short=tp(+10.77%) | scanned=19 | short_tp_only
  [label] 2024-01-24 00:00 BCHUSDT entry=234.7500 → LONG | long=timeout(+0.69%) short=sl(-3.62%) | scanned=22 | no_tp→fwd_return=+0.7881
  [label] 2024-03-09 08:00 BCHUSDT entry=430.7400 → LONG | long=sl(-6.50%) short=sl(-6.50%) | scanned=15 | no_tp→fwd_return=+0.6036
  [label] 2024-03-18 00:00 BCHUSDT entry=409.3700 → SHORT | long=sl(-6.41%) short=tp(+12.52%) | scanned=4 | short_tp_only
  [label] 2024-06-17 16:00 BCHUSDT entry=419.3200 → SHORT | long=sl(-3.30%) short=tp(+6.31%) | scanned=1 | short_tp_only
  [label] 2024-07-19 16:00 BCHUSDT entry=391.2200 → SHORT | long=sl(-3.83%) short=tp(+7.36%) | scanned=12 | short_tp_only
  [label] 2024-08-05 00:00 BCHUSDT entry=301.9900 → LONG | long=sl(-6.49%) short=sl(-6.49%) | scanned=3 | no_tp→fwd_return=+7.2784
  [label] 2024-08-18 00:00 BCHUSDT entry=340.7800 → LONG | long=tp(+7.87%) short=sl(-4.09%) | scanned=17 | long_tp_only
  [label] 2024-09-05 16:00 BCHUSDT entry=307.2700 → SHORT | long=sl(-3.12%) short=tp(+5.95%) | scanned=3 | short_tp_only
  [label] 2024-09-12 00:00 BCHUSDT entry=334.8000 → SHORT | long=sl(-2.88%) short=tp(+5.46%) | scanned=11 | short_tp_only
  [label] 2024-09-24 08:00 BCHUSDT entry=341.3900 → LONG | long=tp(+4.90%) short=sl(-2.60%) | scanned=8 | long_tp_only
  [label] 2024-11-03 08:00 BCHUSDT entry=338.1600 → LONG | long=sl(-3.44%) short=sl(-3.44%) | scanned=8 | no_tp→fwd_return=+9.9125
  [label] 2024-11-13 08:00 BCHUSDT entry=438.9300 → LONG | long=sl(-5.24%) short=sl(-5.24%) | scanned=9 | no_tp→fwd_return=+3.8298
  [label] 2025-02-08 08:00 BCHUSDT entry=318.0800 → LONG | long=timeout(+5.55%) short=sl(-5.66%) | scanned=22 | no_tp→fwd_return=+5.6464
  Labels: 1055 long (48.1%), 1138 short (51.9%) | weights: min=1.01, mean=4.09, max=10.00
  Features: 2193/2193 matched, 13 columns
  CV gap: 22 rows
    [trial 0] 13 features, training_days=230 | threshold=0.779 | labels: 1055 long, 1138 short (48/52%)
    [CV fold 0] train_end=2023-06-24 00:00 | val_start=2023-07-01 16:00 | gap=184h (22 rows)
    [CV fold 1] train_end=2023-10-23 16:00 | val_start=2023-10-31 08:00 | gap=184h (22 rows)
    [CV fold 2] train_end=2024-02-22 08:00 | val_start=2024-03-01 00:00 | gap=184h (22 rows)
    [CV fold 3] train_end=2024-06-23 00:00 | val_start=2024-06-30 16:00 | gap=184h (22 rows)
    [CV fold 4] train_end=2024-10-22 16:00 | val_start=2024-10-30 08:00 | gap=184h (22 rows)
    [trial 0] Sharpe=-0.1137 (folds: -0.2311, -0.1154, -0.0104, -0.1123, -0.0993)
    [trial 1] 13 features, training_days=410 | threshold=0.693 | labels: 1055 long, 1138 short (48/52%)
    [trial 1] Sharpe=0.0395 (folds: 0.1849, 0.1754, -0.0859, 0.1897, -0.2668)
    [trial 2] 13 features, training_days=270 | threshold=0.546 | labels: 1055 long, 1138 short (48/52%)
    [trial 2] Sharpe=-0.0042 (folds: 0.0042, 0.1604, -0.0156, 0.0905, -0.2603)
    [trial 3] 13 features, training_days=270 | threshold=0.600 | labels: 1055 long, 1138 short (48/52%)
    [trial 3] Sharpe=-0.0979 (folds: -0.1765, -0.1520, -0.0455, 0.1116, -0.2273)
    [trial 4] 13 features, training_days=390 | threshold=0.764 | labels: 1055 long, 1138 short (48/52%)
    [trial 4] Sharpe=-0.0708 (folds: -0.1480, -0.0235, 0.0701, 0.1530, -0.4057)
    [trial 5] 13 features, training_days=60 | threshold=0.603 | labels: 1055 long, 1138 short (48/52%)
    [trial 5] Sharpe=-0.0608 (folds: -0.1661, 0.0750, -0.0257, -0.0333, -0.1540)
    [trial 6] 13 features, training_days=290 | threshold=0.738 | labels: 1055 long, 1138 short (48/52%)
    [trial 6] Sharpe=-0.0483 (folds: 0.0602, 0.1503, 0.0733, 0.1665, -0.6917)
    [trial 7] 13 features, training_days=70 | threshold=0.564 | labels: 1055 long, 1138 short (48/52%)
    [trial 7] Sharpe=-0.0799 (folds: -0.1146, -0.1262, 0.0020, -0.0650, -0.0955)
    [trial 8] 13 features, training_days=440 | threshold=0.653 | labels: 1055 long, 1138 short (48/52%)
    [trial 8] Sharpe=0.1157 (folds: 0.3311, 0.1453, 0.0896, 0.4581, -0.4457)
    [trial 9] 13 features, training_days=360 | threshold=0.728 | labels: 1055 long, 1138 short (48/52%)
    [trial 9] Sharpe=0.0765 (folds: 0.2007, 0.5077, 0.0703, 0.0121, -0.4080)
  Optuna: 10 trials, best Sharpe = 0.1157
  Best params: n_estimators=116, max_depth=4, lr=0.0102, leaves=115
  Best confidence_threshold: 0.653
  Best training_days: 440
  Retrained on full data (1320 samples, 13 features)
  Model trained for 2025-03: 93 test candles with features, confidence_threshold=0.653
[trade:close] 2025-03-02 15:59 BCHUSDT LONG → take_profit @ 331.62 | PnL=+8.84% (net +8.74%) | cum=+60.81% 2025-03=+8.74% 2025-03-02=+8.74%
[predict] 2025-03-09 08:00 BCHUSDT → SHORT (proba=0.66 TP=10.8%/SL=5.4%)
[trade:open] 2025-03-09 15:59 BCHUSDT SHORT @ 366.02 | SL=385.72 TP=326.62 | timeout=2025-03-16 15:59
[trade:close] 2025-03-11 07:59 BCHUSDT SHORT → take_profit @ 326.62 | PnL=+10.76% (net +10.66%) | cum=+71.47% 2025-03=+19.40% 2025-03-11=+10.66%
[lgbm] === Training for 2025-04 ===
  Train window: 2023-04-01 → 2025-04-01
  2193 training samples from 1 symbols
  Samples per month: 2023-04: 90, 2023-05: 93, 2023-06: 90, 2023-07: 93, 2023-08: 93, 2023-09: 90, 2023-10: 93, 2023-11: 90, 2023-12: 93, 2024-01: 93, 2024-02: 87, 2024-03: 93, 2024-04: 90, 2024-05: 93, 2024-06: 90, 2024-07: 93, 2024-08: 93, 2024-09: 90, 2024-10: 93, 2024-11: 90, 2024-12: 93, 2025-01: 93, 2025-02: 84, 2025-03: 93
  [label] 2023-06-02 08:00 BCHUSDT entry=114.1100 → SHORT | long=sl(-1.59%) short=sl(-1.59%) | scanned=9 | no_tp→fwd_return=-4.6534
  [label] 2023-06-04 16:00 BCHUSDT entry=115.6000 → SHORT | long=sl(-1.47%) short=tp(+2.63%) | scanned=2 | short_tp_only
  [label] 2023-06-08 08:00 BCHUSDT entry=112.0900 → SHORT | long=sl(-1.97%) short=tp(+3.63%) | scanned=5 | short_tp_only
  [label] 2023-07-03 08:00 BCHUSDT entry=289.9700 → SHORT | long=sl(-6.63%) short=tp(+12.95%) | scanned=6 | short_tp_only
  [label] 2023-08-25 08:00 BCHUSDT entry=189.9000 → LONG | long=tp(+6.79%) short=sl(-3.54%) | scanned=12 | long_tp_only
  [label] 2024-02-09 08:00 BCHUSDT entry=251.5300 → LONG | long=sl(-1.82%) short=sl(-1.82%) | scanned=5 | no_tp→fwd_return=+7.4981
  [label] 2024-02-13 08:00 BCHUSDT entry=269.7200 → LONG | long=tp(+6.02%) short=sl(-3.16%) | scanned=3 | long_tp_only
  [label] 2024-02-24 00:00 BCHUSDT entry=266.7700 → LONG | long=tp(+5.57%) short=sl(-2.93%) | scanned=9 | long_tp_only
  [label] 2024-04-09 08:00 BCHUSDT entry=687.3700 → SHORT | long=sl(-5.18%) short=tp(+10.06%) | scanned=2 | short_tp_only
  [label] 2024-04-18 00:00 BCHUSDT entry=468.6100 → LONG | long=timeout(+1.74%) short=sl(-7.89%) | scanned=22 | no_tp→fwd_return=+1.8416
  [label] 2024-07-18 16:00 BCHUSDT entry=382.4900 → SHORT | long=sl(-3.90%) short=sl(-3.90%) | scanned=15 | no_tp→fwd_return=-4.2825
  [label] 2024-08-19 16:00 BCHUSDT entry=337.6000 → LONG | long=tp(+7.15%) short=sl(-3.73%) | scanned=12 | long_tp_only
  [label] 2024-09-05 00:00 BCHUSDT entry=310.4100 → SHORT | long=sl(-3.16%) short=tp(+6.02%) | scanned=5 | short_tp_only
  [label] 2024-09-18 00:00 BCHUSDT entry=314.3700 → LONG | long=sl(-2.57%) short=sl(-2.57%) | scanned=2 | no_tp→fwd_return=+3.9539
  [label] 2024-10-06 16:00 BCHUSDT entry=324.2900 → SHORT | long=timeout(-1.08%) short=sl(-2.67%) | scanned=22 | no_tp→fwd_return=-0.9775
  [label] 2024-10-13 00:00 BCHUSDT entry=326.4800 → LONG | long=sl(-2.21%) short=sl(-2.21%) | scanned=4 | no_tp→fwd_return=+8.5794
  [label] 2024-10-25 08:00 BCHUSDT entry=364.7400 → SHORT | long=sl(-2.84%) short=tp(+5.38%) | scanned=1 | short_tp_only
  [label] 2024-12-04 08:00 BCHUSDT entry=566.8700 → LONG | long=tp(+10.66%) short=sl(-5.48%) | scanned=2 | long_tp_only
  [label] 2024-12-14 08:00 BCHUSDT entry=528.9700 → SHORT | long=sl(-5.45%) short=tp(+10.59%) | scanned=13 | short_tp_only[I 2026-05-07 00:28:12,388] A new study created in memory with name: no-name-8fc5de88-8300-4075-a631-4b853fe7904c
[I 2026-05-07 00:28:12,673] Trial 0 finished with value: -0.12748609662073518 and parameters: {'confidence_threshold': 0.7790993046299082, 'training_days': 230, 'n_estimators': 295, 'max_depth': 5, 'num_leaves': 83, 'learning_rate': 0.051543455158230854, 'subsample': 0.8773243492079463, 'min_child_samples': 10, 'reg_alpha': 0.034096514368237685, 'reg_lambda': 3.154180388637081e-05}. Best is trial 0 with value: -0.12748609662073518.
