/home/roberto/crypto-trade/.worktrees/quant-research/.venv/lib/python3.13/site-packages/statsmodels/regression/linear_model.py:955: RuntimeWarning: divide by zero encountered in log
  llf = -nobs2*np.log(2*np.pi) - nobs2*np.log(ssr / nobs) - nobs2
[I 2026-05-07 00:27:02,925] A new study created in memory with name: no-name-d1e28bd3-03ec-4797-9c19-f5b824471868
[I 2026-05-07 00:27:03,267] Trial 0 finished with value: 0.005352859213674924 and parameters: {'confidence_threshold': 0.7790993046299082, 'training_days': 230, 'n_estimators': 295, 'max_depth': 5, 'num_leaves': 83, 'learning_rate': 0.051543455158230854, 'subsample': 0.8773243492079463, 'min_child_samples': 10, 'reg_alpha': 0.034096514368237685, 'reg_lambda': 3.154180388637081e-05}. Best is trial 0 with value: 0.005352859213674924.
[I 2026-05-07 00:27:03,423] Trial 1 finished with value: -0.050407435442256496 and parameters: {'confidence_threshold': 0.6929247853618086, 'training_days': 410, 'n_estimators': 233, 'max_depth': 5, 'num_leaves': 108, 'learning_rate': 0.013724237108071606, 'subsample': 0.7013182233636002, 'min_child_samples': 94, 'reg_alpha': 2.4040959529260723e-06, 'reg_lambda': 5.320966582161148}. Best is trial 0 with value: 0.005352859213674924.
[I 2026-05-07 00:27:03,497] Trial 2 finished with value: -0.030563904082456395 and parameters: {'confidence_threshold': 0.546341527225763, 'training_days': 270, 'n_estimators': 120, 'max_depth': 4, 'num_leaves': 53, 'learning_rate': 0.060197068579343475, 'subsample': 0.588227873455941, 'min_child_samples': 91, 'reg_alpha': 2.3457771824819002e-08, 'reg_lambda': 1.1358840775642732e-08}. Best is trial 0 with value: 0.005352859213674924.
[I 2026-05-07 00:27:03,688] Trial 3 finished with value: -0.017562156287790554 and parameters: {'confidence_threshold': 0.6000319676300473, 'training_days': 270, 'n_estimators': 382, 'max_depth': 4, 'num_leaves': 44, 'learning_rate': 0.09185046765032388, 'subsample': 0.6743651508646724, 'min_child_samples': 77, 'reg_alpha': 0.0013974578104212739, 'reg_lambda': 8.97190257982477e-08}. Best is trial 0 with value: 0.005352859213674924.
[I 2026-05-07 00:27:04,107] Trial 4 finished with value: -0.013376724425139297 and parameters: {'confidence_threshold': 0.7642618789055509, 'training_days': 390, 'n_estimators': 464, 'max_depth': 5, 'num_leaves': 30, 'learning_rate': 0.024562383309704932, 'subsample': 0.8612975035964376, 'min_child_samples': 36, 'reg_alpha': 1.593999300080167, 'reg_lambda': 0.006081270362829788}. Best is trial 0 with value: 0.005352859213674924.
[I 2026-05-07 00:27:04,263] Trial 5 finished with value: -0.00505982316375313 and parameters: {'confidence_threshold': 0.6029115860358569, 'training_days': 60, 'n_estimators': 441, 'max_depth': 3, 'num_leaves': 66, 'learning_rate': 0.044953114425778824, 'subsample': 0.7098948461279406, 'min_child_samples': 15, 'reg_alpha': 4.888753565548431e-07, 'reg_lambda': 4.198190642566389}. Best is trial 0 with value: 0.005352859213674924.
[I 2026-05-07 00:27:04,520] Trial 6 finished with value: -0.03307699152465421 and parameters: {'confidence_threshold': 0.7376932868314098, 'training_days': 290, 'n_estimators': 249, 'max_depth': 5, 'num_leaves': 121, 'learning_rate': 0.015565840632862623, 'subsample': 0.8390183783709677, 'min_child_samples': 19, 'reg_alpha': 1.860444687368747e-08, 'reg_lambda': 2.7391483548058117e-06}. Best is trial 0 with value: 0.005352859213674924.
[I 2026-05-07 00:27:04,558] Trial 7 finished with value: 0.022576482285489065 and parameters: {'confidence_threshold': 0.563503962036334, 'training_days': 70, 'n_estimators': 63, 'max_depth': 3, 'num_leaves': 47, 'learning_rate': 0.18074927623018475, 'subsample': 0.5059692991701257, 'min_child_samples': 9, 'reg_alpha': 3.6945804405602874e-08, 'reg_lambda': 0.027706035542028905}. Best is trial 7 with value: 0.022576482285489065.
  V3_FEATURE_COLUMNS: 13 columns  PASS
  Label-leakage gap: (timeout_candles=21+1) * n_symbols=3 = 66  [matches REQUIRED_GAP=66]  PASS
  Track isolation (features_v3 does not import v1/v2): PASS

BASELINE v3 iter-v3-014: BCHUSDT, LDOUSDT, TRXUSDT (seed-plumbing fix)
Seeds: 1  Optuna trials/model: 10
Active models: 3/3 (--symbols=None)
CPCV: N=10, k=2, 45 paths on IS CANDLE SEQUENCE
Gap: 66 (= (timeout_candles+1) * 3 symbols [BCH+LDO+TRX, iter-v3/013])
Pre-flight: branch OK, symbols OK, data fresh (<16h), feature-cols=13  PASS


[features] Generating v3 features for ['BCHUSDT', 'LDOUSDT', 'TRXUSDT'] -> data/features_v3
  BCHUSDT: 6953 rows, 44 feature cols (13.8s)
  LDOUSDT: 3967 rows, 44 feature cols (7.2s)
  TRXUSDT: 6895 rows, 44 feature cols (12.9s)

[features] Loading IS-window feature DataFrames...
  BCHUSDT: 6953 rows loaded
  LDOUSDT: 3967 rows loaded
  TRXUSDT: 6895 rows loaded

[ADF] Running per-(symbol, feature, retraining month) stationarity tests...
  ADF: 1657/2041 (81.2%) cells stationary (p<0.05) in 54.2s
  Non-stationary (feature, month) cells: 384
  ADF total rows: 2041

[IC] Computing pairwise feature correlation matrix on IS data...
Loaded 6953 BTC 8h klines for trend filter


############################################################
# SEED 42 (1/1)
############################################################
============================================================
MODEL A (BCHUSDT) — seed 42
============================================================
[lgbm] 13 feature columns, 53 walk-forward splits
[lgbm] ATR labeling: 6953/6953 rows with ATR values
[lgbm] No split for 2020-01 (insufficient training data)
[lgbm] No split for 2020-02 (insufficient training data)
[lgbm] No split for 2020-03 (insufficient training data)
[lgbm] No split for 2020-04 (insufficient training data)
[lgbm] No split for 2020-05 (insufficient training data)
[lgbm] No split for 2020-06 (insufficient training data)
[lgbm] No split for 2020-07 (insufficient training data)
[lgbm] No split for 2020-08 (insufficient training data)
[lgbm] No split for 2020-09 (insufficient training data)
[lgbm] No split for 2020-10 (insufficient training data)
[lgbm] No split for 2020-11 (insufficient training data)
[lgbm] No split for 2020-12 (insufficient training data)
[lgbm] No split for 2021-01 (insufficient training data)
[lgbm] No split for 2021-02 (insufficient training data)
[lgbm] No split for 2021-03 (insufficient training data)
[lgbm] No split for 2021-04 (insufficient training data)
[lgbm] No split for 2021-05 (insufficient training data)
[lgbm] No split for 2021-06 (insufficient training data)
[lgbm] No split for 2021-07 (insufficient training data)
[lgbm] No split for 2021-08 (insufficient training data)
[lgbm] No split for 2021-09 (insufficient training data)
[lgbm] No split for 2021-10 (insufficient training data)
[lgbm] No split for 2021-11 (insufficient training data)
[lgbm] No split for 2021-12 (insufficient training data)
[lgbm] === Training for 2022-01 ===
  Train window: 2020-01-01 → 2022-01-01
  2193 training samples from 1 symbols
  Samples per month: 2020-01: 93, 2020-02: 87, 2020-03: 93, 2020-04: 90, 2020-05: 93, 2020-06: 90, 2020-07: 93, 2020-08: 93, 2020-09: 90, 2020-10: 93, 2020-11: 90, 2020-12: 93, 2021-01: 93, 2021-02: 84, 2021-03: 93, 2021-04: 90, 2021-05: 93, 2021-06: 90, 2021-07: 93, 2021-08: 93, 2021-09: 90, 2021-10: 93, 2021-11: 90, 2021-12: 93
  [label] 2020-03-03 08:00 BCHUSDT entry=326.2600 → SHORT | long=sl(-5.33%) short=sl(-5.33%) | scanned=15 | no_tp→fwd_return=-9.9522
  [label] 2020-03-05 16:00 BCHUSDT entry=337.3900 → SHORT | long=sl(-4.74%) short=tp(+9.18%) | scanned=8 | short_tp_only
  [label] 2020-03-09 08:00 BCHUSDT entry=262.2600 → SHORT | long=sl(-6.78%) short=tp(+13.26%) | scanned=9 | short_tp_only
  [label] 2020-04-03 08:00 BCHUSDT entry=234.6900 → LONG | long=tp(+10.02%) short=sl(-5.16%) | scanned=10 | long_tp_only
  [label] 2020-05-26 08:00 BCHUSDT entry=224.4700 → LONG | long=tp(+6.49%) short=sl(-3.40%) | scanned=7 | long_tp_only
  [label] 2020-11-10 08:00 BCHUSDT entry=256.4200 → SHORT | long=sl(-4.24%) short=tp(+8.19%) | scanned=15 | short_tp_only
  [label] 2020-11-14 08:00 BCHUSDT entry=249.5600 → SHORT | long=sl(-3.93%) short=tp(+7.56%) | scanned=3 | short_tp_only
  [label] 2020-11-25 00:00 BCHUSDT entry=341.9200 → SHORT | long=sl(-5.26%) short=tp(+10.21%) | scanned=2 | short_tp_only
  [label] 2021-01-09 08:00 BCHUSDT entry=459.9300 → LONG | long=tp(+12.66%) short=sl(-6.48%) | scanned=1 | long_tp_only
  [label] 2021-01-18 00:00 BCHUSDT entry=479.4400 → SHORT | long=sl(-8.17%) short=sl(-8.17%) | scanned=10 | no_tp→fwd_return=-8.4745
  [label] 2021-04-19 16:00 BCHUSDT entry=891.7200 → SHORT | long=sl(-8.90%) short=sl(-8.90%) | scanned=10 | no_tp→fwd_return=-15.8110
  [label] 2021-05-21 16:00 BCHUSDT entry=687.0500 → LONG | long=sl(-20.13%) short=timeout(-0.32%) | scanned=22 | no_tp→fwd_return=+0.2183
  [label] 2021-06-07 00:00 BCHUSDT entry=659.2500 → SHORT | long=sl(-7.23%) short=tp(+14.16%) | scanned=3 | short_tp_only
  [label] 2021-06-20 00:00 BCHUSDT entry=556.6700 → SHORT | long=sl(-5.24%) short=tp(+10.18%) | scanned=3 | short_tp_only
  [label] 2021-07-08 16:00 BCHUSDT entry=490.0000 → SHORT | long=sl(-4.70%) short=tp(+9.10%) | scanned=16 | short_tp_only
  [label] 2021-07-15 00:00 BCHUSDT entry=455.1200 → SHORT | long=sl(-4.48%) short=tp(+8.67%) | scanned=13 | short_tp_only
  [label] 2021-07-27 08:00 BCHUSDT entry=491.8800 → LONG | long=tp(+7.87%) short=sl(-4.09%) | scanned=7 | long_tp_only
  [label] 2021-09-05 08:00 BCHUSDT entry=729.6000 → LONG | long=tp(+6.03%) short=sl(-3.17%) | scanned=2 | long_tp_only
  [label] 2021-09-15 08:00 BCHUSDT entry=649.8000 → SHORT | long=sl(-4.06%) short=tp(+7.82%) | scanned=14 | short_tp_only
  [label] 2021-12-11 08:00 BCHUSDT entry=456.2300 → SHORT | long=sl(-5.41%) short=timeout(+4.50%) | scanned=22 | no_tp→fwd_return=-4.6029
  Labels: 1197 long (54.6%), 996 short (45.4%) | weights: min=1.01, mean=2.43, max=10.00
  Features: 2193/2193 matched, 13 columns
  CV gap: 22 rows
    [trial 0] 13 features, training_days=230 | threshold=0.779 | labels: 1197 long, 996 short (55/45%)
    [CV fold 0] train_end=2020-04-25 00:00 | val_start=2020-05-02 16:00 | gap=184h (22 rows)
    [CV fold 1] train_end=2020-08-24 16:00 | val_start=2020-09-01 08:00 | gap=184h (22 rows)
    [CV fold 2] train_end=2020-12-24 08:00 | val_start=2021-01-01 00:00 | gap=184h (22 rows)
    [CV fold 3] train_end=2021-04-25 00:00 | val_start=2021-05-02 16:00 | gap=184h (22 rows)
    [CV fold 4] train_end=2021-08-24 16:00 | val_start=2021-09-01 08:00 | gap=184h (22 rows)
    [trial 0] Sharpe=0.0054 (folds: 0.0811, 0.1625, 0.2120, -0.3112, -0.1175)
    [trial 1] 13 features, training_days=410 | threshold=0.693 | labels: 1197 long, 996 short (55/45%)
    [trial 1] Sharpe=-0.0504 (folds: 0.0253, 0.1037, 0.1639, -0.3147, -0.2303)
    [trial 2] 13 features, training_days=270 | threshold=0.546 | labels: 1197 long, 996 short (55/45%)
    [trial 2] Sharpe=-0.0306 (folds: -0.0195, 0.1601, 0.1327, -0.3328, -0.0934)
    [trial 3] 13 features, training_days=270 | threshold=0.600 | labels: 1197 long, 996 short (55/45%)
    [trial 3] Sharpe=-0.0176 (folds: -0.0711, 0.2126, 0.2032, -0.3081, -0.1246)
    [trial 4] 13 features, training_days=390 | threshold=0.764 | labels: 1197 long, 996 short (55/45%)
    [trial 4] Sharpe=-0.0134 (folds: -0.0114, 0.1686, 0.0986, -0.3925, 0.0698)
    [trial 5] 13 features, training_days=60 | threshold=0.603 | labels: 1197 long, 996 short (55/45%)
    [trial 5] Sharpe=-0.0051 (folds: 0.0467, 0.0583, 0.1813, -0.2798, -0.0319)
    [trial 6] 13 features, training_days=290 | threshold=0.738 | labels: 1197 long, 996 short (55/45%)
    [trial 6] Sharpe=-0.0331 (folds: -0.0890, 0.1419, 0.3464, -0.2717, -0.2930)
    [trial 7] 13 features, training_days=70 | threshold=0.564 | labels: 1197 long, 996 short (55/45%)
    [trial 7] Sharpe=0.0226 (folds: 0.1787, 0.0654, 0.1271, -0.2121, -0.0461)
    [trial 8] 13 features, training_days=440 | threshold=0.653 | labels: 1197 long, 996 short (55/45%)
    [trial 8] Sharpe=-0.0127 (folds: 0.0013, 0.0329, 0.2022, -0.3747, 0.0747)[I 2026-05-07 00:27:04,650] Trial 8 finished with value: -0.012717116172484246 and parameters: {'confidence_threshold': 0.6525471176758836, 'training_days': 440, 'n_estimators': 116, 'max_depth': 4, 'num_leaves': 115, 'learning_rate': 0.010229952960863938, 'subsample': 0.5062159465415076, 'min_child_samples': 54, 'reg_alpha': 6.790626457822126e-06, 'reg_lambda': 1.7869141074987722e-05}. Best is trial 7 with value: 0.022576482285489065.
[I 2026-05-07 00:27:04,755] Trial 9 finished with value: -0.017329522569710987 and parameters: {'confidence_threshold': 0.7277571993354469, 'training_days': 360, 'n_estimators': 75, 'max_depth': 5, 'num_leaves': 41, 'learning_rate': 0.014186743931212992, 'subsample': 0.7445187273047605, 'min_child_samples': 22, 'reg_alpha': 0.02393227447113315, 'reg_lambda': 0.009236766173618426}. Best is trial 7 with value: 0.022576482285489065.
[I 2026-05-07 00:27:04,909] A new study created in memory with name: no-name-44360565-3897-4023-8b2d-496982e3414b
[I 2026-05-07 00:27:05,181] Trial 0 finished with value: -0.06473670328402933 and parameters: {'confidence_threshold': 0.7790993046299082, 'training_days': 230, 'n_estimators': 295, 'max_depth': 5, 'num_leaves': 83, 'learning_rate': 0.051543455158230854, 'subsample': 0.8773243492079463, 'min_child_samples': 10, 'reg_alpha': 0.034096514368237685, 'reg_lambda': 3.154180388637081e-05}. Best is trial 0 with value: -0.06473670328402933.
[I 2026-05-07 00:27:05,332] Trial 1 finished with value: -0.0950272512166678 and parameters: {'confidence_threshold': 0.6929247853618086, 'training_days': 410, 'n_estimators': 233, 'max_depth': 5, 'num_leaves': 108, 'learning_rate': 0.013724237108071606, 'subsample': 0.7013182233636002, 'min_child_samples': 94, 'reg_alpha': 2.4040959529260723e-06, 'reg_lambda': 5.320966582161148}. Best is trial 0 with value: -0.06473670328402933.
[I 2026-05-07 00:27:05,403] Trial 2 finished with value: -0.032902089916336745 and parameters: {'confidence_threshold': 0.546341527225763, 'training_days': 270, 'n_estimators': 120, 'max_depth': 4, 'num_leaves': 53, 'learning_rate': 0.060197068579343475, 'subsample': 0.588227873455941, 'min_child_samples': 91, 'reg_alpha': 2.3457771824819002e-08, 'reg_lambda': 1.1358840775642732e-08}. Best is trial 2 with value: -0.032902089916336745.
[I 2026-05-07 00:27:05,591] Trial 3 finished with value: -0.011458489590598286 and parameters: {'confidence_threshold': 0.6000319676300473, 'training_days': 270, 'n_estimators': 382, 'max_depth': 4, 'num_leaves': 44, 'learning_rate': 0.09185046765032388, 'subsample': 0.6743651508646724, 'min_child_samples': 77, 'reg_alpha': 0.0013974578104212739, 'reg_lambda': 8.97190257982477e-08}. Best is trial 3 with value: -0.011458489590598286.
[I 2026-05-07 00:27:05,963] Trial 4 finished with value: -0.0493224083008423 and parameters: {'confidence_threshold': 0.7642618789055509, 'training_days': 390, 'n_estimators': 464, 'max_depth': 5, 'num_leaves': 30, 'learning_rate': 0.024562383309704932, 'subsample': 0.8612975035964376, 'min_child_samples': 36, 'reg_alpha': 1.593999300080167, 'reg_lambda': 0.006081270362829788}. Best is trial 3 with value: -0.011458489590598286.
[I 2026-05-07 00:27:06,116] Trial 5 finished with value: 0.060708503683887936 and parameters: {'confidence_threshold': 0.6029115860358569, 'training_days': 60, 'n_estimators': 441, 'max_depth': 3, 'num_leaves': 66, 'learning_rate': 0.044953114425778824, 'subsample': 0.7098948461279406, 'min_child_samples': 15, 'reg_alpha': 4.888753565548431e-07, 'reg_lambda': 4.198190642566389}. Best is trial 5 with value: 0.060708503683887936.
[I 2026-05-07 00:27:06,363] Trial 6 finished with value: 0.006965276680758875 and parameters: {'confidence_threshold': 0.7376932868314098, 'training_days': 290, 'n_estimators': 249, 'max_depth': 5, 'num_leaves': 121, 'learning_rate': 0.015565840632862623, 'subsample': 0.8390183783709677, 'min_child_samples': 19, 'reg_alpha': 1.860444687368747e-08, 'reg_lambda': 2.7391483548058117e-06}. Best is trial 5 with value: 0.060708503683887936.
[I 2026-05-07 00:27:06,396] Trial 7 finished with value: 0.028079010778280067 and parameters: {'confidence_threshold': 0.563503962036334, 'training_days': 70, 'n_estimators': 63, 'max_depth': 3, 'num_leaves': 47, 'learning_rate': 0.18074927623018475, 'subsample': 0.5059692991701257, 'min_child_samples': 9, 'reg_alpha': 3.6945804405602874e-08, 'reg_lambda': 0.027706035542028905}. Best is trial 5 with value: 0.060708503683887936.
[I 2026-05-07 00:27:06,479] Trial 8 finished with value: -0.017728327393225083 and parameters: {'confidence_threshold': 0.6525471176758836, 'training_days': 440, 'n_estimators': 116, 'max_depth': 4, 'num_leaves': 115, 'learning_rate': 0.010229952960863938, 'subsample': 0.5062159465415076, 'min_child_samples': 54, 'reg_alpha': 6.790626457822126e-06, 'reg_lambda': 1.7869141074987722e-05}. Best is trial 5 with value: 0.060708503683887936.
