[I 2026-05-07 00:30:39,086] Trial 1 finished with value: 0.03778266524196777 and parameters: {'confidence_threshold': 0.6929247853618086, 'training_days': 410, 'n_estimators': 233, 'max_depth': 5, 'num_leaves': 108, 'learning_rate': 0.013724237108071606, 'subsample': 0.7013182233636002, 'min_child_samples': 94, 'reg_alpha': 2.4040959529260723e-06, 'reg_lambda': 5.320966582161148}. Best is trial 1 with value: 0.03778266524196777.
[I 2026-05-07 00:30:39,156] Trial 2 finished with value: 0.016131248802126408 and parameters: {'confidence_threshold': 0.546341527225763, 'training_days': 270, 'n_estimators': 120, 'max_depth': 4, 'num_leaves': 53, 'learning_rate': 0.060197068579343475, 'subsample': 0.588227873455941, 'min_child_samples': 91, 'reg_alpha': 2.3457771824819002e-08, 'reg_lambda': 1.1358840775642732e-08}. Best is trial 1 with value: 0.03778266524196777.
[I 2026-05-07 00:30:39,349] Trial 3 finished with value: 0.05606619307770091 and parameters: {'confidence_threshold': 0.6000319676300473, 'training_days': 270, 'n_estimators': 382, 'max_depth': 4, 'num_leaves': 44, 'learning_rate': 0.09185046765032388, 'subsample': 0.6743651508646724, 'min_child_samples': 77, 'reg_alpha': 0.0013974578104212739, 'reg_lambda': 8.97190257982477e-08}. Best is trial 3 with value: 0.05606619307770091.
[I 2026-05-07 00:30:39,733] Trial 4 finished with value: 0.014743414935869508 and parameters: {'confidence_threshold': 0.7642618789055509, 'training_days': 390, 'n_estimators': 464, 'max_depth': 5, 'num_leaves': 30, 'learning_rate': 0.024562383309704932, 'subsample': 0.8612975035964376, 'min_child_samples': 36, 'reg_alpha': 1.593999300080167, 'reg_lambda': 0.006081270362829788}. Best is trial 3 with value: 0.05606619307770091.
[I 2026-05-07 00:30:39,875] Trial 5 finished with value: -0.119234281844502 and parameters: {'confidence_threshold': 0.6029115860358569, 'training_days': 60, 'n_estimators': 441, 'max_depth': 3, 'num_leaves': 66, 'learning_rate': 0.044953114425778824, 'subsample': 0.7098948461279406, 'min_child_samples': 15, 'reg_alpha': 4.888753565548431e-07, 'reg_lambda': 4.198190642566389}. Best is trial 3 with value: 0.05606619307770091.
[I 2026-05-07 00:30:40,111] Trial 6 finished with value: -0.018650316859981853 and parameters: {'confidence_threshold': 0.7376932868314098, 'training_days': 290, 'n_estimators': 249, 'max_depth': 5, 'num_leaves': 121, 'learning_rate': 0.015565840632862623, 'subsample': 0.8390183783709677, 'min_child_samples': 19, 'reg_alpha': 1.860444687368747e-08, 'reg_lambda': 2.7391483548058117e-06}. Best is trial 3 with value: 0.05606619307770091.
[I 2026-05-07 00:30:40,147] Trial 7 finished with value: -0.08295604649565012 and parameters: {'confidence_threshold': 0.563503962036334, 'training_days': 70, 'n_estimators': 63, 'max_depth': 3, 'num_leaves': 47, 'learning_rate': 0.18074927623018475, 'subsample': 0.5059692991701257, 'min_child_samples': 9, 'reg_alpha': 3.6945804405602874e-08, 'reg_lambda': 0.027706035542028905}. Best is trial 3 with value: 0.05606619307770091.
[I 2026-05-07 00:30:40,231] Trial 8 finished with value: 0.07984432969163452 and parameters: {'confidence_threshold': 0.6525471176758836, 'training_days': 440, 'n_estimators': 116, 'max_depth': 4, 'num_leaves': 115, 'learning_rate': 0.010229952960863938, 'subsample': 0.5062159465415076, 'min_child_samples': 54, 'reg_alpha': 6.790626457822126e-06, 'reg_lambda': 1.7869141074987722e-05}. Best is trial 8 with value: 0.07984432969163452.
[I 2026-05-07 00:30:40,322] Trial 9 finished with value: -2.0549899345672857 and parameters: {'confidence_threshold': 0.7277571993354469, 'training_days': 360, 'n_estimators': 75, 'max_depth': 5, 'num_leaves': 41, 'learning_rate': 0.014186743931212992, 'subsample': 0.7445187273047605, 'min_child_samples': 22, 'reg_alpha': 0.02393227447113315, 'reg_lambda': 0.009236766173618426}. Best is trial 8 with value: 0.07984432969163452.
[I 2026-05-07 00:30:40,705] A new study created in memory with name: no-name-2da3bd61-ad42-422d-a729-584e220b1dd2
[I 2026-05-07 00:30:40,964] Trial 0 finished with value: 0.07510487729563567 and parameters: {'confidence_threshold': 0.7790993046299082, 'training_days': 230, 'n_estimators': 295, 'max_depth': 5, 'num_leaves': 83, 'learning_rate': 0.051543455158230854, 'subsample': 0.8773243492079463, 'min_child_samples': 10, 'reg_alpha': 0.034096514368237685, 'reg_lambda': 3.154180388637081e-05}. Best is trial 0 with value: 0.07510487729563567.
[I 2026-05-07 00:30:41,119] Trial 1 finished with value: 0.02930820470465222 and parameters: {'confidence_threshold': 0.6929247853618086, 'training_days': 410, 'n_estimators': 233, 'max_depth': 5, 'num_leaves': 108, 'learning_rate': 0.013724237108071606, 'subsample': 0.7013182233636002, 'min_child_samples': 94, 'reg_alpha': 2.4040959529260723e-06, 'reg_lambda': 5.320966582161148}. Best is trial 0 with value: 0.07510487729563567.
[I 2026-05-07 00:30:41,195] Trial 2 finished with value: 0.04359912961592417 and parameters: {'confidence_threshold': 0.546341527225763, 'training_days': 270, 'n_estimators': 120, 'max_depth': 4, 'num_leaves': 53, 'learning_rate': 0.060197068579343475, 'subsample': 0.588227873455941, 'min_child_samples': 91, 'reg_alpha': 2.3457771824819002e-08, 'reg_lambda': 1.1358840775642732e-08}. Best is trial 0 with value: 0.07510487729563567.
[I 2026-05-07 00:30:41,376] Trial 3 finished with value: 0.10445919428193762 and parameters: {'confidence_threshold': 0.6000319676300473, 'training_days': 270, 'n_estimators': 382, 'max_depth': 4, 'num_leaves': 44, 'learning_rate': 0.09185046765032388, 'subsample': 0.6743651508646724, 'min_child_samples': 77, 'reg_alpha': 0.0013974578104212739, 'reg_lambda': 8.97190257982477e-08}. Best is trial 3 with value: 0.10445919428193762.
[I 2026-05-07 00:30:41,765] Trial 4 finished with value: 0.09358015574151655 and parameters: {'confidence_threshold': 0.7642618789055509, 'training_days': 390, 'n_estimators': 464, 'max_depth': 5, 'num_leaves': 30, 'learning_rate': 0.024562383309704932, 'subsample': 0.8612975035964376, 'min_child_samples': 36, 'reg_alpha': 1.593999300080167, 'reg_lambda': 0.006081270362829788}. Best is trial 3 with value: 0.10445919428193762.
[I 2026-05-07 00:30:41,918] Trial 5 finished with value: 0.05523659995261626 and parameters: {'confidence_threshold': 0.6029115860358569, 'training_days': 60, 'n_estimators': 441, 'max_depth': 3, 'num_leaves': 66, 'learning_rate': 0.044953114425778824, 'subsample': 0.7098948461279406, 'min_child_samples': 15, 'reg_alpha': 4.888753565548431e-07, 'reg_lambda': 4.198190642566389}. Best is trial 3 with value: 0.10445919428193762.
[I 2026-05-07 00:30:42,138] Trial 6 finished with value: 0.05856397863696482 and parameters: {'confidence_threshold': 0.7376932868314098, 'training_days': 290, 'n_estimators': 249, 'max_depth': 5, 'num_leaves': 121, 'learning_rate': 0.015565840632862623, 'subsample': 0.8390183783709677, 'min_child_samples': 19, 'reg_alpha': 1.860444687368747e-08, 'reg_lambda': 2.7391483548058117e-06}. Best is trial 3 with value: 0.10445919428193762.
[I 2026-05-07 00:30:42,174] Trial 7 finished with value: 0.025487137347476662 and parameters: {'confidence_threshold': 0.563503962036334, 'training_days': 70, 'n_estimators': 63, 'max_depth': 3, 'num_leaves': 47, 'learning_rate': 0.18074927623018475, 'subsample': 0.5059692991701257, 'min_child_samples': 9, 'reg_alpha': 3.6945804405602874e-08, 'reg_lambda': 0.027706035542028905}. Best is trial 3 with value: 0.10445919428193762.
[I 2026-05-07 00:30:42,243] Trial 8 finished with value: 0.08323290375131201 and parameters: {'confidence_threshold': 0.6525471176758836, 'training_days': 440, 'n_estimators': 116, 'max_depth': 4, 'num_leaves': 115, 'learning_rate': 0.010229952960863938, 'subsample': 0.5062159465415076, 'min_child_samples': 54, 'reg_alpha': 6.790626457822126e-06, 'reg_lambda': 1.7869141074987722e-05}. Best is trial 3 with value: 0.10445919428193762.

  Features: 2193/2193 matched, 13 columns
  CV gap: 22 rows
    [trial 0] 13 features, training_days=230 | threshold=0.779 | labels: 1241 long, 952 short (57/43%)
    [CV fold 0] train_end=2023-09-24 00:00 | val_start=2023-10-01 16:00 | gap=184h (22 rows)
    [CV fold 1] train_end=2024-01-23 16:00 | val_start=2024-01-31 08:00 | gap=184h (22 rows)
    [CV fold 2] train_end=2024-05-24 08:00 | val_start=2024-06-01 00:00 | gap=184h (22 rows)
    [CV fold 3] train_end=2024-09-23 00:00 | val_start=2024-09-30 16:00 | gap=184h (22 rows)
    [CV fold 4] train_end=2025-01-22 16:00 | val_start=2025-01-30 08:00 | gap=184h (22 rows)
    [trial 0] Sharpe=-0.0473 (folds: 0.2084, -0.2227, -0.0595, -0.1890, 0.0263)
    [trial 1] 13 features, training_days=410 | threshold=0.693 | labels: 1241 long, 952 short (57/43%)
    [trial 1] Sharpe=0.0378 (folds: 0.0444, -0.1796, 0.3884, -0.1716, 0.1073)
    [trial 2] 13 features, training_days=270 | threshold=0.546 | labels: 1241 long, 952 short (57/43%)
    [trial 2] Sharpe=0.0161 (folds: 0.0128, -0.0495, 0.2018, -0.1501, 0.0656)
    [trial 3] 13 features, training_days=270 | threshold=0.600 | labels: 1241 long, 952 short (57/43%)
    [trial 3] Sharpe=0.0561 (folds: 0.0819, -0.0131, 0.2259, -0.0869, 0.0724)
    [trial 4] 13 features, training_days=390 | threshold=0.764 | labels: 1241 long, 952 short (57/43%)
    [trial 4] Sharpe=0.0147 (folds: 0.0415, -0.0983, 0.1128, -0.1334, 0.1510)
    [trial 5] 13 features, training_days=60 | threshold=0.603 | labels: 1241 long, 952 short (57/43%)
    [trial 5] Sharpe=-0.1192 (folds: -0.1590, 0.0265, -0.2276, -0.2038, -0.0323)
    [trial 6] 13 features, training_days=290 | threshold=0.738 | labels: 1241 long, 952 short (57/43%)
    [trial 6] Sharpe=-0.0187 (folds: 0.0516, -0.0621, -0.1064, -0.1224, 0.1460)
    [trial 7] 13 features, training_days=70 | threshold=0.564 | labels: 1241 long, 952 short (57/43%)
    [trial 7] Sharpe=-0.0830 (folds: -0.2067, 0.0780, -0.0419, -0.1979, -0.0463)
    [trial 8] 13 features, training_days=440 | threshold=0.653 | labels: 1241 long, 952 short (57/43%)
    [trial 8] Sharpe=0.0798 (folds: 0.1975, -0.2849, 0.3450, -0.1545, 0.2961)
    [trial 9] 13 features, training_days=360 | threshold=0.728 | labels: 1241 long, 952 short (57/43%)
    [trial 9] Sharpe=-2.0550 (folds: 0.1590, -0.3699, -10.0000, -0.2502, 0.1862)
  Optuna: 10 trials, best Sharpe = 0.0798
  Best params: n_estimators=116, max_depth=4, lr=0.0102, leaves=115
  Best confidence_threshold: 0.653
  Best training_days: 440
  Retrained on full data (1320 samples, 13 features)
  Model trained for 2025-06: 90 test candles with features, confidence_threshold=0.653
[predict] 2025-06-10 16:00 TRXUSDT → SHORT (proba=0.67 TP=3.2%/SL=1.6%)
[trade:open] 2025-06-10 23:59 TRXUSDT SHORT @ 0.29 | SL=0.30 TP=0.28 | timeout=2025-06-17 23:59
[trade:close] 2025-06-11 23:59 TRXUSDT SHORT → take_profit @ 0.28 | PnL=+3.20% (net +3.10%) | cum=-14.17% 2025-06=+3.10% 2025-06-11=+3.10%
[lgbm] === Training for 2025-07 ===
  Train window: 2023-07-01 → 2025-07-01
  2193 training samples from 1 symbols
  Samples per month: 2023-07: 93, 2023-08: 93, 2023-09: 90, 2023-10: 93, 2023-11: 90, 2023-12: 93, 2024-01: 93, 2024-02: 87, 2024-03: 93, 2024-04: 90, 2024-05: 93, 2024-06: 90, 2024-07: 93, 2024-08: 93, 2024-09: 90, 2024-10: 93, 2024-11: 90, 2024-12: 93, 2025-01: 93, 2025-02: 84, 2025-03: 93, 2025-04: 90, 2025-05: 93, 2025-06: 90
  [label] 2023-09-01 08:00 TRXUSDT entry=0.0762 → LONG | long=tp(+2.37%) short=sl(-1.34%) | scanned=15 | long_tp_only
  [label] 2023-09-03 16:00 TRXUSDT entry=0.0770 → LONG | long=tp(+2.09%) short=sl(-1.19%) | scanned=9 | long_tp_only
  [label] 2023-09-07 08:00 TRXUSDT entry=0.0790 → SHORT | long=sl(-1.10%) short=tp(+1.91%) | scanned=8 | short_tp_only
  [label] 2023-10-02 08:00 TRXUSDT entry=0.0883 → LONG | long=sl(-1.24%) short=sl(-1.24%) | scanned=4 | no_tp→fwd_return=+2.5243
  [label] 2023-11-24 08:00 TRXUSDT entry=0.1030 → LONG | long=tp(+3.56%) short=sl(-1.93%) | scanned=3 | long_tp_only
  [label] 2024-05-10 08:00 TRXUSDT entry=0.1260 → SHORT | long=sl(-1.49%) short=timeout(+0.74%) | scanned=22 | no_tp→fwd_return=-0.8411
  [label] 2024-05-14 08:00 TRXUSDT entry=0.1252 → SHORT | long=sl(-1.27%) short=sl(-1.27%) | scanned=12 | no_tp→fwd_return=-1.6695
  [label] 2024-05-25 00:00 TRXUSDT entry=0.1150 → SHORT | long=sl(-1.51%) short=tp(+2.71%) | scanned=6 | short_tp_only
  [label] 2024-07-09 08:00 TRXUSDT entry=0.1292 → LONG | long=tp(+2.95%) short=sl(-1.62%) | scanned=5 | long_tp_only
  [label] 2024-07-18 00:00 TRXUSDT entry=0.1336 → LONG | long=tp(+2.43%) short=sl(-1.37%) | scanned=12 | long_tp_only
  [label] 2024-10-17 16:00 TRXUSDT entry=0.1593 → SHORT | long=sl(-0.99%) short=tp(+1.69%) | scanned=6 | short_tp_only
  [label] 2024-11-18 16:00 TRXUSDT entry=0.2022 → LONG | long=sl(-2.95%) short=sl(-2.95%) | scanned=13 | no_tp→fwd_return=+3.3877
  [label] 2024-12-05 00:00 TRXUSDT entry=0.3342 → SHORT | long=sl(-7.19%) short=tp(+14.08%) | scanned=14 | short_tp_only
  [label] 2024-12-18 00:00 TRXUSDT entry=0.2726 → SHORT | long=sl(-5.73%) short=tp(+11.16%) | scanned=7 | short_tp_only
  [label] 2025-01-05 16:00 TRXUSDT entry=0.2625 → SHORT | long=sl(-2.33%) short=sl(-2.33%) | scanned=5 | no_tp→fwd_return=-1.5731
  [label] 2025-01-12 00:00 TRXUSDT entry=0.2387 → SHORT | long=sl(-2.52%) short=tp(+4.74%) | scanned=3 | short_tp_only
  [label] 2025-01-24 08:00 TRXUSDT entry=0.2583 → SHORT | long=sl(-3.35%) short=tp(+6.40%) | scanned=8 | short_tp_only
  [label] 2025-03-05 08:00 TRXUSDT entry=0.2430 → LONG | long=sl(-2.81%) short=sl(-2.81%) | scanned=8 | no_tp→fwd_return=+2.3008
  [label] 2025-03-15 08:00 TRXUSDT entry=0.2228 → SHORT | long=sl(-2.41%) short=tp(+4.52%) | scanned=3 | short_tp_only
  [label] 2025-06-10 08:00 TRXUSDT entry=0.2919 → SHORT | long=sl(-1.72%) short=tp(+3.14%) | scanned=4 | short_tp_only
  Labels: 1250 long (57.0%), 943 short (43.0%) | weights: min=1.00, mean=2.61, max=10.00
  Features: 2193/2193 matched, 13 columns
  CV gap: 22 rows
    [trial 0] 13 features, training_days=230 | threshold=0.779 | labels: 1250 long, 943 short (57/43%)
    [CV fold 0] train_end=2023-10-24 00:00 | val_start=2023-10-31 16:00 | gap=184h (22 rows)
    [CV fold 1] train_end=2024-02-22 16:00 | val_start=2024-03-01 08:00 | gap=184h (22 rows)
    [CV fold 2] train_end=2024-06-23 08:00 | val_start=2024-07-01 00:00 | gap=184h (22 rows)
    [CV fold 3] train_end=2024-10-23 00:00 | val_start=2024-10-30 16:00 | gap=184h (22 rows)
    [CV fold 4] train_end=2025-02-21 16:00 | val_start=2025-03-01 08:00 | gap=184h (22 rows)
    [trial 0] Sharpe=0.0751 (folds: 0.2917, -0.0373, 0.0629, -0.0731, 0.1313)
    [trial 1] 13 features, training_days=410 | threshold=0.693 | labels: 1250 long, 943 short (57/43%)
    [trial 1] Sharpe=0.0293 (folds: -0.0130, -0.3813, 0.4150, -0.0353, 0.1613)
    [trial 2] 13 features, training_days=270 | threshold=0.546 | labels: 1250 long, 943 short (57/43%)
    [trial 2] Sharpe=0.0436 (folds: 0.1053, -0.0711, 0.1967, -0.0944, 0.0815)
    [trial 3] 13 features, training_days=270 | threshold=0.600 | labels: 1250 long, 943 short (57/43%)
    [trial 3] Sharpe=0.1045 (folds: 0.3043, -0.0179, 0.1891, -0.0559, 0.1026)
    [trial 4] 13 features, training_days=390 | threshold=0.764 | labels: 1250 long, 943 short (57/43%)
    [trial 4] Sharpe=0.0936 (folds: 0.2482, 0.0719, 0.1659, -0.0722, 0.0541)
    [trial 5] 13 features, training_days=60 | threshold=0.603 | labels: 1250 long, 943 short (57/43%)
    [trial 5] Sharpe=0.0552 (folds: 0.2112, -0.1190, 0.1374, 0.1332, -0.0867)
    [trial 6] 13 features, training_days=290 | threshold=0.738 | labels: 1250 long, 943 short (57/43%)
    [trial 6] Sharpe=0.0586 (folds: 0.3064, -0.0987, -0.0171, -0.0131, 0.1154)
    [trial 7] 13 features, training_days=70 | threshold=0.564 | labels: 1250 long, 943 short (57/43%)
    [trial 7] Sharpe=0.0255 (folds: 0.2940, -0.1126, 0.1477, -0.1408, -0.0608)
    [trial 8] 13 features, training_days=440 | threshold=0.653 | labels: 1250 long, 943 short (57/43%)
    [trial 8] Sharpe=0.0832 (folds: 0.1060, -0.1334, 0.4511, -0.0750, 0.0675)
    [trial 9] 13 features, training_days=360 | threshold=0.728 | labels: 1250 long, 943 short (57/43%)[I 2026-05-07 00:30:42,320] Trial 9 finished with value: 0.05530396223443046 and parameters: {'confidence_threshold': 0.7277571993354469, 'training_days': 360, 'n_estimators': 75, 'max_depth': 5, 'num_leaves': 41, 'learning_rate': 0.014186743931212992, 'subsample': 0.7445187273047605, 'min_child_samples': 22, 'reg_alpha': 0.02393227447113315, 'reg_lambda': 0.009236766173618426}. Best is trial 3 with value: 0.10445919428193762.
[I 2026-05-07 00:30:42,726] A new study created in memory with name: no-name-73132006-6932-4f48-abe9-c05cb6ad2d39
[I 2026-05-07 00:30:43,013] Trial 0 finished with value: -0.020896507622135803 and parameters: {'confidence_threshold': 0.7790993046299082, 'training_days': 230, 'n_estimators': 295, 'max_depth': 5, 'num_leaves': 83, 'learning_rate': 0.051543455158230854, 'subsample': 0.8773243492079463, 'min_child_samples': 10, 'reg_alpha': 0.034096514368237685, 'reg_lambda': 3.154180388637081e-05}. Best is trial 0 with value: -0.020896507622135803.
[I 2026-05-07 00:30:43,150] Trial 1 finished with value: 0.06055164703747192 and parameters: {'confidence_threshold': 0.6929247853618086, 'training_days': 410, 'n_estimators': 233, 'max_depth': 5, 'num_leaves': 108, 'learning_rate': 0.013724237108071606, 'subsample': 0.7013182233636002, 'min_child_samples': 94, 'reg_alpha': 2.4040959529260723e-06, 'reg_lambda': 5.320966582161148}. Best is trial 1 with value: 0.06055164703747192.
[I 2026-05-07 00:30:43,211] Trial 2 finished with value: -0.03481608034648835 and parameters: {'confidence_threshold': 0.546341527225763, 'training_days': 270, 'n_estimators': 120, 'max_depth': 4, 'num_leaves': 53, 'learning_rate': 0.060197068579343475, 'subsample': 0.588227873455941, 'min_child_samples': 91, 'reg_alpha': 2.3457771824819002e-08, 'reg_lambda': 1.1358840775642732e-08}. Best is trial 1 with value: 0.06055164703747192.
[I 2026-05-07 00:30:43,396] Trial 3 finished with value: -0.02860875280498761 and parameters: {'confidence_threshold': 0.6000319676300473, 'training_days': 270, 'n_estimators': 382, 'max_depth': 4, 'num_leaves': 44, 'learning_rate': 0.09185046765032388, 'subsample': 0.6743651508646724, 'min_child_samples': 77, 'reg_alpha': 0.0013974578104212739, 'reg_lambda': 8.97190257982477e-08}. Best is trial 1 with value: 0.06055164703747192.
[I 2026-05-07 00:30:43,748] Trial 4 finished with value: 0.08333793463772808 and parameters: {'confidence_threshold': 0.7642618789055509, 'training_days': 390, 'n_estimators': 464, 'max_depth': 5, 'num_leaves': 30, 'learning_rate': 0.024562383309704932, 'subsample': 0.8612975035964376, 'min_child_samples': 36, 'reg_alpha': 1.593999300080167, 'reg_lambda': 0.006081270362829788}. Best is trial 4 with value: 0.08333793463772808.
[I 2026-05-07 00:30:43,919] Trial 5 finished with value: 0.031201751182444754 and parameters: {'confidence_threshold': 0.6029115860358569, 'training_days': 60, 'n_estimators': 441, 'max_depth': 3, 'num_leaves': 66, 'learning_rate': 0.044953114425778824, 'subsample': 0.7098948461279406, 'min_child_samples': 15, 'reg_alpha': 4.888753565548431e-07, 'reg_lambda': 4.198190642566389}. Best is trial 4 with value: 0.08333793463772808.
[I 2026-05-07 00:30:44,133] Trial 6 finished with value: -2.0128451226786592 and parameters: {'confidence_threshold': 0.7376932868314098, 'training_days': 290, 'n_estimators': 249, 'max_depth': 5, 'num_leaves': 121, 'learning_rate': 0.015565840632862623, 'subsample': 0.8390183783709677, 'min_child_samples': 19, 'reg_alpha': 1.860444687368747e-08, 'reg_lambda': 2.7391483548058117e-06}. Best is trial 4 with value: 0.08333793463772808.
[I 2026-05-07 00:30:44,168] Trial 7 finished with value: 0.014515901390433322 and parameters: {'confidence_threshold': 0.563503962036334, 'training_days': 70, 'n_estimators': 63, 'max_depth': 3, 'num_leaves': 47, 'learning_rate': 0.18074927623018475, 'subsample': 0.5059692991701257, 'min_child_samples': 9, 'reg_alpha': 3.6945804405602874e-08, 'reg_lambda': 0.027706035542028905}. Best is trial 4 with value: 0.08333793463772808.
[I 2026-05-07 00:30:44,253] Trial 8 finished with value: 0.35382548864905805 and parameters: {'confidence_threshold': 0.6525471176758836, 'training_days': 440, 'n_estimators': 116, 'max_depth': 4, 'num_leaves': 115, 'learning_rate': 0.010229952960863938, 'subsample': 0.5062159465415076, 'min_child_samples': 54, 'reg_alpha': 6.790626457822126e-06, 'reg_lambda': 1.7869141074987722e-05}. Best is trial 8 with value: 0.35382548864905805.
