[I 2026-05-07 00:28:59,643] Trial 1 finished with value: 0.013002336366853062 and parameters: {'confidence_threshold': 0.6929247853618086, 'training_days': 410, 'n_estimators': 233, 'max_depth': 5, 'num_leaves': 108, 'learning_rate': 0.013724237108071606, 'subsample': 0.7013182233636002, 'min_child_samples': 94, 'reg_alpha': 2.4040959529260723e-06, 'reg_lambda': 5.320966582161148}. Best is trial 1 with value: 0.013002336366853062.
[I 2026-05-07 00:28:59,709] Trial 2 finished with value: -0.03094001063530833 and parameters: {'confidence_threshold': 0.546341527225763, 'training_days': 270, 'n_estimators': 120, 'max_depth': 4, 'num_leaves': 53, 'learning_rate': 0.060197068579343475, 'subsample': 0.588227873455941, 'min_child_samples': 91, 'reg_alpha': 2.3457771824819002e-08, 'reg_lambda': 1.1358840775642732e-08}. Best is trial 1 with value: 0.013002336366853062.
[I 2026-05-07 00:28:59,890] Trial 3 finished with value: -0.049794235635501775 and parameters: {'confidence_threshold': 0.6000319676300473, 'training_days': 270, 'n_estimators': 382, 'max_depth': 4, 'num_leaves': 44, 'learning_rate': 0.09185046765032388, 'subsample': 0.6743651508646724, 'min_child_samples': 77, 'reg_alpha': 0.0013974578104212739, 'reg_lambda': 8.97190257982477e-08}. Best is trial 1 with value: 0.013002336366853062.
[I 2026-05-07 00:29:00,240] Trial 4 finished with value: -0.011139067877773502 and parameters: {'confidence_threshold': 0.7642618789055509, 'training_days': 390, 'n_estimators': 464, 'max_depth': 5, 'num_leaves': 30, 'learning_rate': 0.024562383309704932, 'subsample': 0.8612975035964376, 'min_child_samples': 36, 'reg_alpha': 1.593999300080167, 'reg_lambda': 0.006081270362829788}. Best is trial 1 with value: 0.013002336366853062.
[I 2026-05-07 00:29:00,376] Trial 5 finished with value: -0.06988173817993093 and parameters: {'confidence_threshold': 0.6029115860358569, 'training_days': 60, 'n_estimators': 441, 'max_depth': 3, 'num_leaves': 66, 'learning_rate': 0.044953114425778824, 'subsample': 0.7098948461279406, 'min_child_samples': 15, 'reg_alpha': 4.888753565548431e-07, 'reg_lambda': 4.198190642566389}. Best is trial 1 with value: 0.013002336366853062.
[I 2026-05-07 00:29:00,594] Trial 6 finished with value: -0.05441418899008338 and parameters: {'confidence_threshold': 0.7376932868314098, 'training_days': 290, 'n_estimators': 249, 'max_depth': 5, 'num_leaves': 121, 'learning_rate': 0.015565840632862623, 'subsample': 0.8390183783709677, 'min_child_samples': 19, 'reg_alpha': 1.860444687368747e-08, 'reg_lambda': 2.7391483548058117e-06}. Best is trial 1 with value: 0.013002336366853062.
[I 2026-05-07 00:29:00,629] Trial 7 finished with value: -0.042341021017617476 and parameters: {'confidence_threshold': 0.563503962036334, 'training_days': 70, 'n_estimators': 63, 'max_depth': 3, 'num_leaves': 47, 'learning_rate': 0.18074927623018475, 'subsample': 0.5059692991701257, 'min_child_samples': 9, 'reg_alpha': 3.6945804405602874e-08, 'reg_lambda': 0.027706035542028905}. Best is trial 1 with value: 0.013002336366853062.
[I 2026-05-07 00:29:00,714] Trial 8 finished with value: -0.011238048343305513 and parameters: {'confidence_threshold': 0.6525471176758836, 'training_days': 440, 'n_estimators': 116, 'max_depth': 4, 'num_leaves': 115, 'learning_rate': 0.010229952960863938, 'subsample': 0.5062159465415076, 'min_child_samples': 54, 'reg_alpha': 6.790626457822126e-06, 'reg_lambda': 1.7869141074987722e-05}. Best is trial 1 with value: 0.013002336366853062.
[I 2026-05-07 00:29:00,801] Trial 9 finished with value: 0.0221023623206901 and parameters: {'confidence_threshold': 0.7277571993354469, 'training_days': 360, 'n_estimators': 75, 'max_depth': 5, 'num_leaves': 41, 'learning_rate': 0.014186743931212992, 'subsample': 0.7445187273047605, 'min_child_samples': 22, 'reg_alpha': 0.02393227447113315, 'reg_lambda': 0.009236766173618426}. Best is trial 9 with value: 0.0221023623206901.
[I 2026-05-07 00:29:01,092] A new study created in memory with name: no-name-e1a72dfd-7d33-4024-b79a-3d5b216bcca7
[I 2026-05-07 00:29:01,332] Trial 0 finished with value: -0.0843460696151957 and parameters: {'confidence_threshold': 0.7790993046299082, 'training_days': 230, 'n_estimators': 295, 'max_depth': 5, 'num_leaves': 83, 'learning_rate': 0.051543455158230854, 'subsample': 0.8773243492079463, 'min_child_samples': 10, 'reg_alpha': 0.034096514368237685, 'reg_lambda': 3.154180388637081e-05}. Best is trial 0 with value: -0.0843460696151957.
[I 2026-05-07 00:29:01,463] Trial 1 finished with value: -0.007239589363510141 and parameters: {'confidence_threshold': 0.6929247853618086, 'training_days': 410, 'n_estimators': 233, 'max_depth': 5, 'num_leaves': 108, 'learning_rate': 0.013724237108071606, 'subsample': 0.7013182233636002, 'min_child_samples': 94, 'reg_alpha': 2.4040959529260723e-06, 'reg_lambda': 5.320966582161148}. Best is trial 1 with value: -0.007239589363510141.
[I 2026-05-07 00:29:01,525] Trial 2 finished with value: 0.017452383364180268 and parameters: {'confidence_threshold': 0.546341527225763, 'training_days': 270, 'n_estimators': 120, 'max_depth': 4, 'num_leaves': 53, 'learning_rate': 0.060197068579343475, 'subsample': 0.588227873455941, 'min_child_samples': 91, 'reg_alpha': 2.3457771824819002e-08, 'reg_lambda': 1.1358840775642732e-08}. Best is trial 2 with value: 0.017452383364180268.
[I 2026-05-07 00:29:01,704] Trial 3 finished with value: -0.03556706447441364 and parameters: {'confidence_threshold': 0.6000319676300473, 'training_days': 270, 'n_estimators': 382, 'max_depth': 4, 'num_leaves': 44, 'learning_rate': 0.09185046765032388, 'subsample': 0.6743651508646724, 'min_child_samples': 77, 'reg_alpha': 0.0013974578104212739, 'reg_lambda': 8.97190257982477e-08}. Best is trial 2 with value: 0.017452383364180268.
[I 2026-05-07 00:29:02,080] Trial 4 finished with value: -0.0011743970376442369 and parameters: {'confidence_threshold': 0.7642618789055509, 'training_days': 390, 'n_estimators': 464, 'max_depth': 5, 'num_leaves': 30, 'learning_rate': 0.024562383309704932, 'subsample': 0.8612975035964376, 'min_child_samples': 36, 'reg_alpha': 1.593999300080167, 'reg_lambda': 0.006081270362829788}. Best is trial 2 with value: 0.017452383364180268.
[I 2026-05-07 00:29:02,229] Trial 5 finished with value: -0.00041801668257691676 and parameters: {'confidence_threshold': 0.6029115860358569, 'training_days': 60, 'n_estimators': 441, 'max_depth': 3, 'num_leaves': 66, 'learning_rate': 0.044953114425778824, 'subsample': 0.7098948461279406, 'min_child_samples': 15, 'reg_alpha': 4.888753565548431e-07, 'reg_lambda': 4.198190642566389}. Best is trial 2 with value: 0.017452383364180268.
[I 2026-05-07 00:29:02,477] Trial 6 finished with value: -0.07320697900081095 and parameters: {'confidence_threshold': 0.7376932868314098, 'training_days': 290, 'n_estimators': 249, 'max_depth': 5, 'num_leaves': 121, 'learning_rate': 0.015565840632862623, 'subsample': 0.8390183783709677, 'min_child_samples': 19, 'reg_alpha': 1.860444687368747e-08, 'reg_lambda': 2.7391483548058117e-06}. Best is trial 2 with value: 0.017452383364180268.
[I 2026-05-07 00:29:02,518] Trial 7 finished with value: -0.030547646640099686 and parameters: {'confidence_threshold': 0.563503962036334, 'training_days': 70, 'n_estimators': 63, 'max_depth': 3, 'num_leaves': 47, 'learning_rate': 0.18074927623018475, 'subsample': 0.5059692991701257, 'min_child_samples': 9, 'reg_alpha': 3.6945804405602874e-08, 'reg_lambda': 0.027706035542028905}. Best is trial 2 with value: 0.017452383364180268.
[I 2026-05-07 00:29:02,613] Trial 8 finished with value: -0.05998617724472459 and parameters: {'confidence_threshold': 0.6525471176758836, 'training_days': 440, 'n_estimators': 116, 'max_depth': 4, 'num_leaves': 115, 'learning_rate': 0.010229952960863938, 'subsample': 0.5062159465415076, 'min_child_samples': 54, 'reg_alpha': 6.790626457822126e-06, 'reg_lambda': 1.7869141074987722e-05}. Best is trial 2 with value: 0.017452383364180268.
[I 2026-05-07 00:29:02,715] Trial 9 finished with value: -0.013220625339704247 and parameters: {'confidence_threshold': 0.7277571993354469, 'training_days': 360, 'n_estimators': 75, 'max_depth': 5, 'num_leaves': 41, 'learning_rate': 0.014186743931212992, 'subsample': 0.7445187273047605, 'min_child_samples': 22, 'reg_alpha': 0.02393227447113315, 'reg_lambda': 0.009236766173618426}. Best is trial 2 with value: 0.017452383364180268.

  Labels: 1103 long (50.3%), 1090 short (49.7%) | weights: min=1.01, mean=4.40, max=10.00
  Features: 2193/2193 matched, 13 columns
  CV gap: 22 rows
    [trial 0] 13 features, training_days=230 | threshold=0.779 | labels: 1103 long, 1090 short (50/50%)
    [CV fold 0] train_end=2023-11-24 00:00 | val_start=2023-12-01 16:00 | gap=184h (22 rows)
    [CV fold 1] train_end=2024-03-24 16:00 | val_start=2024-04-01 08:00 | gap=184h (22 rows)
    [CV fold 2] train_end=2024-07-24 08:00 | val_start=2024-08-01 00:00 | gap=184h (22 rows)
    [CV fold 3] train_end=2024-11-23 00:00 | val_start=2024-11-30 16:00 | gap=184h (22 rows)
    [CV fold 4] train_end=2025-03-24 16:00 | val_start=2025-04-01 08:00 | gap=184h (22 rows)
    [trial 0] Sharpe=-0.0929 (folds: -0.1720, -0.0764, -0.1052, -0.0734, -0.0377)
    [trial 1] 13 features, training_days=410 | threshold=0.693 | labels: 1103 long, 1090 short (50/50%)
    [trial 1] Sharpe=0.0130 (folds: -0.1917, 0.0609, -0.0862, 0.0564, 0.2256)
    [trial 2] 13 features, training_days=270 | threshold=0.546 | labels: 1103 long, 1090 short (50/50%)
    [trial 2] Sharpe=-0.0309 (folds: -0.0909, 0.0262, -0.1829, 0.0456, 0.0473)
    [trial 3] 13 features, training_days=270 | threshold=0.600 | labels: 1103 long, 1090 short (50/50%)
    [trial 3] Sharpe=-0.0498 (folds: -0.1933, -0.0125, -0.1802, 0.0856, 0.0514)
    [trial 4] 13 features, training_days=390 | threshold=0.764 | labels: 1103 long, 1090 short (50/50%)
    [trial 4] Sharpe=-0.0111 (folds: -0.1414, 0.0781, -0.0856, 0.0658, 0.0274)
    [trial 5] 13 features, training_days=60 | threshold=0.603 | labels: 1103 long, 1090 short (50/50%)
    [trial 5] Sharpe=-0.0699 (folds: -0.1866, -0.1374, -0.0801, 0.0967, -0.0421)
    [trial 6] 13 features, training_days=290 | threshold=0.738 | labels: 1103 long, 1090 short (50/50%)
    [trial 6] Sharpe=-0.0544 (folds: -0.1081, -0.0292, -0.1550, 0.0057, 0.0146)
    [trial 7] 13 features, training_days=70 | threshold=0.564 | labels: 1103 long, 1090 short (50/50%)
    [trial 7] Sharpe=-0.0423 (folds: -0.0115, -0.1232, -0.0045, -0.0003, -0.0723)
    [trial 8] 13 features, training_days=440 | threshold=0.653 | labels: 1103 long, 1090 short (50/50%)
    [trial 8] Sharpe=-0.0112 (folds: -0.3628, 0.1807, -0.1102, 0.1041, 0.1320)
    [trial 9] 13 features, training_days=360 | threshold=0.728 | labels: 1103 long, 1090 short (50/50%)
    [trial 9] Sharpe=0.0221 (folds: -0.2837, 0.0956, 0.1193, 0.0277, 0.1515)
  Optuna: 10 trials, best Sharpe = 0.0221
  Best params: n_estimators=75, max_depth=5, lr=0.0142, leaves=41
  Best confidence_threshold: 0.728
  Best training_days: 360
  Retrained on full data (1080 samples, 13 features)
  Model trained for 2025-08: 93 test candles with features, confidence_threshold=0.728
[lgbm] === Training for 2025-09 ===
  Train window: 2023-09-01 → 2025-09-01
  2193 training samples from 1 symbols
  Samples per month: 2023-09: 90, 2023-10: 93, 2023-11: 90, 2023-12: 93, 2024-01: 93, 2024-02: 87, 2024-03: 93, 2024-04: 90, 2024-05: 93, 2024-06: 90, 2024-07: 93, 2024-08: 93, 2024-09: 90, 2024-10: 93, 2024-11: 90, 2024-12: 93, 2025-01: 93, 2025-02: 84, 2025-03: 93, 2025-04: 90, 2025-05: 93, 2025-06: 90, 2025-07: 93, 2025-08: 93
  [label] 2023-11-02 08:00 LDOUSDT entry=1.7359 → LONG | long=tp(+9.46%) short=sl(-4.88%) | scanned=4 | long_tp_only
  [label] 2023-11-04 16:00 LDOUSDT entry=2.0345 → LONG | long=sl(-4.42%) short=sl(-4.42%) | scanned=14 | no_tp→fwd_return=+9.1325
  [label] 2023-11-08 08:00 LDOUSDT entry=1.9407 → LONG | long=tp(+8.84%) short=sl(-4.57%) | scanned=3 | long_tp_only
  [label] 2023-12-03 08:00 LDOUSDT entry=2.4066 → SHORT | long=sl(-4.14%) short=sl(-4.14%) | scanned=8 | no_tp→fwd_return=-2.8339
  [label] 2024-01-25 08:00 LDOUSDT entry=2.7815 → LONG | long=tp(+10.95%) short=sl(-5.62%) | scanned=4 | long_tp_only
  [label] 2024-07-11 08:00 LDOUSDT entry=1.6031 → LONG | long=tp(+12.33%) short=sl(-6.31%) | scanned=13 | long_tp_only
  [label] 2024-07-15 08:00 LDOUSDT entry=1.7609 → LONG | long=tp(+9.37%) short=sl(-4.83%) | scanned=6 | long_tp_only
  [label] 2024-07-26 00:00 LDOUSDT entry=1.5908 → SHORT | long=sl(-5.57%) short=sl(-5.57%) | scanned=20 | no_tp→fwd_return=-1.9236
  [label] 2024-09-09 08:00 LDOUSDT entry=0.9724 → LONG | long=tp(+9.07%) short=sl(-4.68%) | scanned=13 | long_tp_only
  [label] 2024-09-18 00:00 LDOUSDT entry=0.9735 → LONG | long=tp(+7.45%) short=sl(-3.87%) | scanned=3 | long_tp_only
  [label] 2024-12-18 16:00 LDOUSDT entry=1.8721 → SHORT | long=sl(-8.05%) short=tp(+15.79%) | scanned=3 | short_tp_only
  [label] 2025-01-19 16:00 LDOUSDT entry=1.6214 → LONG | long=tp(+14.34%) short=sl(-7.32%) | scanned=1 | long_tp_only
  [label] 2025-02-05 00:00 LDOUSDT entry=1.7343 → SHORT | long=sl(-10.30%) short=timeout(+9.08%) | scanned=22 | no_tp→fwd_return=-9.1795
  [label] 2025-02-18 00:00 LDOUSDT entry=1.8166 → SHORT | long=sl(-6.71%) short=tp(+13.11%) | scanned=11 | short_tp_only
  [label] 2025-03-08 16:00 LDOUSDT entry=1.0694 → SHORT | long=sl(-7.78%) short=tp(+15.26%) | scanned=6 | short_tp_only
  [label] 2025-03-15 00:00 LDOUSDT entry=0.9456 → LONG | long=timeout(+8.22%) short=sl(-7.24%) | scanned=22 | no_tp→fwd_return=+8.3228
  [label] 2025-03-27 08:00 LDOUSDT entry=1.0290 → SHORT | long=sl(-4.39%) short=tp(+8.48%) | scanned=3 | short_tp_only
  [label] 2025-05-06 08:00 LDOUSDT entry=0.7515 → LONG | long=tp(+8.23%) short=sl(-4.26%) | scanned=5 | long_tp_only
  [label] 2025-05-16 08:00 LDOUSDT entry=0.9876 → SHORT | long=sl(-5.69%) short=tp(+11.07%) | scanned=7 | short_tp_only
  [label] 2025-08-11 08:00 LDOUSDT entry=1.5524 → SHORT | long=sl(-4.96%) short=tp(+9.63%) | scanned=9 | short_tp_only
  Labels: 1120 long (51.1%), 1073 short (48.9%) | weights: min=1.01, mean=4.48, max=10.00
  Features: 2193/2193 matched, 13 columns
  CV gap: 22 rows
    [trial 0] 13 features, training_days=230 | threshold=0.779 | labels: 1120 long, 1073 short (51/49%)
    [CV fold 0] train_end=2023-12-25 00:00 | val_start=2024-01-01 16:00 | gap=184h (22 rows)
    [CV fold 1] train_end=2024-04-24 16:00 | val_start=2024-05-02 08:00 | gap=184h (22 rows)
    [CV fold 2] train_end=2024-08-24 08:00 | val_start=2024-09-01 00:00 | gap=184h (22 rows)
    [CV fold 3] train_end=2024-12-24 00:00 | val_start=2024-12-31 16:00 | gap=184h (22 rows)
    [CV fold 4] train_end=2025-04-24 16:00 | val_start=2025-05-02 08:00 | gap=184h (22 rows)
    [trial 0] Sharpe=-0.0843 (folds: -0.1734, -0.0901, -0.1210, -0.0662, 0.0289)
    [trial 1] 13 features, training_days=410 | threshold=0.693 | labels: 1120 long, 1073 short (51/49%)
    [trial 1] Sharpe=-0.0072 (folds: 0.0169, -0.0629, -0.1975, 0.0733, 0.1340)
    [trial 2] 13 features, training_days=270 | threshold=0.546 | labels: 1120 long, 1073 short (51/49%)
    [trial 2] Sharpe=0.0175 (folds: -0.1776, 0.1605, -0.1609, 0.1397, 0.1254)
    [trial 3] 13 features, training_days=270 | threshold=0.600 | labels: 1120 long, 1073 short (51/49%)
    [trial 3] Sharpe=-0.0356 (folds: -0.1899, 0.0006, -0.1872, 0.1130, 0.0856)
    [trial 4] 13 features, training_days=390 | threshold=0.764 | labels: 1120 long, 1073 short (51/49%)
    [trial 4] Sharpe=-0.0012 (folds: -0.1644, 0.0741, -0.1776, 0.1682, 0.0938)
    [trial 5] 13 features, training_days=60 | threshold=0.603 | labels: 1120 long, 1073 short (51/49%)
    [trial 5] Sharpe=-0.0004 (folds: -0.0886, 0.1504, -0.1190, 0.0347, 0.0204)
    [trial 6] 13 features, training_days=290 | threshold=0.738 | labels: 1120 long, 1073 short (51/49%)
    [trial 6] Sharpe=-0.0732 (folds: -0.0338, -0.1520, -0.2455, 0.1203, -0.0550)
    [trial 7] 13 features, training_days=70 | threshold=0.564 | labels: 1120 long, 1073 short (51/49%)
    [trial 7] Sharpe=-0.0305 (folds: -0.1168, 0.1051, -0.1036, 0.0557, -0.0932)
    [trial 8] 13 features, training_days=440 | threshold=0.653 | labels: 1120 long, 1073 short (51/49%)
    [trial 8] Sharpe=-0.0600 (folds: -0.0569, -0.1028, -0.3184, 0.1310, 0.0472)
    [trial 9] 13 features, training_days=360 | threshold=0.728 | labels: 1120 long, 1073 short (51/49%)
    [trial 9] Sharpe=-0.0132 (folds: -0.1591, 0.0880, -0.1673, 0.0884, 0.0839)
  Optuna: 10 trials, best Sharpe = 0.0175
  Best params: n_estimators=120, max_depth=4, lr=0.0602, leaves=53[I 2026-05-07 00:29:03,016] A new study created in memory with name: no-name-b0c07b6b-7eb1-4cca-97e7-62218233b055
[I 2026-05-07 00:29:03,293] Trial 0 finished with value: -0.10969126661014025 and parameters: {'confidence_threshold': 0.7790993046299082, 'training_days': 230, 'n_estimators': 295, 'max_depth': 5, 'num_leaves': 83, 'learning_rate': 0.051543455158230854, 'subsample': 0.8773243492079463, 'min_child_samples': 10, 'reg_alpha': 0.034096514368237685, 'reg_lambda': 3.154180388637081e-05}. Best is trial 0 with value: -0.10969126661014025.
[I 2026-05-07 00:29:03,447] Trial 1 finished with value: -0.11610984604303494 and parameters: {'confidence_threshold': 0.6929247853618086, 'training_days': 410, 'n_estimators': 233, 'max_depth': 5, 'num_leaves': 108, 'learning_rate': 0.013724237108071606, 'subsample': 0.7013182233636002, 'min_child_samples': 94, 'reg_alpha': 2.4040959529260723e-06, 'reg_lambda': 5.320966582161148}. Best is trial 0 with value: -0.10969126661014025.
[I 2026-05-07 00:29:03,516] Trial 2 finished with value: -0.04467803405036826 and parameters: {'confidence_threshold': 0.546341527225763, 'training_days': 270, 'n_estimators': 120, 'max_depth': 4, 'num_leaves': 53, 'learning_rate': 0.060197068579343475, 'subsample': 0.588227873455941, 'min_child_samples': 91, 'reg_alpha': 2.3457771824819002e-08, 'reg_lambda': 1.1358840775642732e-08}. Best is trial 2 with value: -0.04467803405036826.
[I 2026-05-07 00:29:03,706] Trial 3 finished with value: -0.08780443599233852 and parameters: {'confidence_threshold': 0.6000319676300473, 'training_days': 270, 'n_estimators': 382, 'max_depth': 4, 'num_leaves': 44, 'learning_rate': 0.09185046765032388, 'subsample': 0.6743651508646724, 'min_child_samples': 77, 'reg_alpha': 0.0013974578104212739, 'reg_lambda': 8.97190257982477e-08}. Best is trial 2 with value: -0.04467803405036826.
[I 2026-05-07 00:29:04,051] Trial 4 finished with value: -0.11677662286703341 and parameters: {'confidence_threshold': 0.7642618789055509, 'training_days': 390, 'n_estimators': 464, 'max_depth': 5, 'num_leaves': 30, 'learning_rate': 0.024562383309704932, 'subsample': 0.8612975035964376, 'min_child_samples': 36, 'reg_alpha': 1.593999300080167, 'reg_lambda': 0.006081270362829788}. Best is trial 2 with value: -0.04467803405036826.
[I 2026-05-07 00:29:04,193] Trial 5 finished with value: -0.050136925038112165 and parameters: {'confidence_threshold': 0.6029115860358569, 'training_days': 60, 'n_estimators': 441, 'max_depth': 3, 'num_leaves': 66, 'learning_rate': 0.044953114425778824, 'subsample': 0.7098948461279406, 'min_child_samples': 15, 'reg_alpha': 4.888753565548431e-07, 'reg_lambda': 4.198190642566389}. Best is trial 2 with value: -0.04467803405036826.
[I 2026-05-07 00:29:04,398] Trial 6 finished with value: -0.15917261187956025 and parameters: {'confidence_threshold': 0.7376932868314098, 'training_days': 290, 'n_estimators': 249, 'max_depth': 5, 'num_leaves': 121, 'learning_rate': 0.015565840632862623, 'subsample': 0.8390183783709677, 'min_child_samples': 19, 'reg_alpha': 1.860444687368747e-08, 'reg_lambda': 2.7391483548058117e-06}. Best is trial 2 with value: -0.04467803405036826.
[I 2026-05-07 00:29:04,435] Trial 7 finished with value: -0.046804012602870856 and parameters: {'confidence_threshold': 0.563503962036334, 'training_days': 70, 'n_estimators': 63, 'max_depth': 3, 'num_leaves': 47, 'learning_rate': 0.18074927623018475, 'subsample': 0.5059692991701257, 'min_child_samples': 9, 'reg_alpha': 3.6945804405602874e-08, 'reg_lambda': 0.027706035542028905}. Best is trial 2 with value: -0.04467803405036826.
[I 2026-05-07 00:29:04,527] Trial 8 finished with value: -0.12623968265000665 and parameters: {'confidence_threshold': 0.6525471176758836, 'training_days': 440, 'n_estimators': 116, 'max_depth': 4, 'num_leaves': 115, 'learning_rate': 0.010229952960863938, 'subsample': 0.5062159465415076, 'min_child_samples': 54, 'reg_alpha': 6.790626457822126e-06, 'reg_lambda': 1.7869141074987722e-05}. Best is trial 2 with value: -0.04467803405036826.
