[I 2026-05-07 00:29:50,180] Trial 3 finished with value: -0.01367617397218592 and parameters: {'confidence_threshold': 0.6000319676300473, 'training_days': 270, 'n_estimators': 382, 'max_depth': 4, 'num_leaves': 44, 'learning_rate': 0.09185046765032388, 'subsample': 0.6743651508646724, 'min_child_samples': 77, 'reg_alpha': 0.0013974578104212739, 'reg_lambda': 8.97190257982477e-08}. Best is trial 2 with value: 7.714195416915204e-05.

  [label] 2022-09-06 16:00 TRXUSDT entry=0.0606 → LONG | long=tp(+3.66%) short=sl(-1.98%) | scanned=7 | long_tp_only
  [label] 2022-09-19 16:00 TRXUSDT entry=0.0602 → SHORT | long=sl(-1.90%) short=sl(-1.90%) | scanned=6 | no_tp→fwd_return=-2.1245
  [label] 2022-10-08 00:00 TRXUSDT entry=0.0622 → LONG | long=tp(+2.79%) short=sl(-1.54%) | scanned=6 | long_tp_only
  [label] 2022-10-14 08:00 TRXUSDT entry=0.0636 → SHORT | long=sl(-2.24%) short=sl(-2.24%) | scanned=3 | no_tp→fwd_return=-2.2656
  [label] 2022-10-26 16:00 TRXUSDT entry=0.0634 → SHORT | long=sl(-1.55%) short=sl(-1.55%) | scanned=13 | no_tp→fwd_return=-0.9782
  [label] 2022-12-05 08:00 TRXUSDT entry=0.0534 → LONG | long=sl(-1.98%) short=sl(-1.98%) | scanned=10 | no_tp→fwd_return=+2.0806
  [label] 2022-12-15 08:00 TRXUSDT entry=0.0556 → SHORT | long=sl(-1.99%) short=tp(+3.67%) | scanned=4 | short_tp_only
  [label] 2023-03-11 16:00 TRXUSDT entry=0.0587 → LONG | long=tp(+5.87%) short=sl(-3.08%) | scanned=3 | long_tp_only
  Labels: 1134 long (52.1%), 1041 short (47.9%) | weights: min=1.00, mean=2.52, max=10.00
  Features: 2175/2175 matched, 13 columns
  CV gap: 22 rows
    [trial 0] 13 features, training_days=230 | threshold=0.779 | labels: 1134 long, 1041 short (52/48%)
    [CV fold 0] train_end=2021-07-24 00:00 | val_start=2021-07-31 16:00 | gap=184h (22 rows)
    [CV fold 1] train_end=2021-11-21 16:00 | val_start=2021-11-29 08:00 | gap=184h (22 rows)
    [CV fold 2] train_end=2022-03-25 08:00 | val_start=2022-04-04 00:00 | gap=232h (22 rows)
    [CV fold 3] train_end=2022-07-26 00:00 | val_start=2022-08-02 16:00 | gap=184h (22 rows)
    [CV fold 4] train_end=2022-11-23 16:00 | val_start=2022-12-01 08:00 | gap=184h (22 rows)
    [trial 0] Sharpe=-0.1063 (folds: -0.0069, 0.2208, -0.3292, -0.2379, -0.1784)
    [trial 1] 13 features, training_days=410 | threshold=0.693 | labels: 1134 long, 1041 short (52/48%)
    [trial 1] Sharpe=-0.0518 (folds: -0.0293, 0.1385, -0.2344, 0.1769, -0.3108)
    [trial 2] 13 features, training_days=270 | threshold=0.546 | labels: 1134 long, 1041 short (52/48%)
    [trial 2] Sharpe=-0.0042 (folds: 0.0099, 0.0205, 0.0486, 0.1119, -0.2118)
    [trial 3] 13 features, training_days=270 | threshold=0.600 | labels: 1134 long, 1041 short (52/48%)
    [trial 3] Sharpe=-0.0652 (folds: -0.0400, 0.0752, -0.0824, -0.0528, -0.2260)
    [trial 4] 13 features, training_days=390 | threshold=0.764 | labels: 1134 long, 1041 short (52/48%)
    [trial 4] Sharpe=-0.0009 (folds: -0.1215, 0.1302, 0.0787, 0.0360, -0.1277)
    [trial 5] 13 features, training_days=60 | threshold=0.603 | labels: 1134 long, 1041 short (52/48%)
    [trial 5] Sharpe=-0.0461 (folds: -0.0539, -0.0779, 0.0695, -0.1555, -0.0128)
    [trial 6] 13 features, training_days=290 | threshold=0.738 | labels: 1134 long, 1041 short (52/48%)
    [trial 6] Sharpe=0.0439 (folds: -0.0474, 0.2791, 0.1130, -0.1011, -0.0241)
    [trial 7] 13 features, training_days=70 | threshold=0.564 | labels: 1134 long, 1041 short (52/48%)
    [trial 7] Sharpe=0.0290 (folds: -0.0431, 0.0994, 0.1560, -0.1251, 0.0577)
    [trial 8] 13 features, training_days=440 | threshold=0.653 | labels: 1134 long, 1041 short (52/48%)
    [trial 8] Sharpe=0.0486 (folds: -0.1165, 0.1465, 0.1990, 0.1637, -0.1498)
    [trial 9] 13 features, training_days=360 | threshold=0.728 | labels: 1134 long, 1041 short (52/48%)
    [trial 9] Sharpe=0.0902 (folds: -0.0769, 0.3583, 0.5890, -0.1020, -0.3176)
  Optuna: 10 trials, best Sharpe = 0.0902
  Best params: n_estimators=75, max_depth=5, lr=0.0142, leaves=41
  Best confidence_threshold: 0.728
  Best training_days: 360
  Retrained on full data (1080 samples, 13 features)
  Model trained for 2023-04: 90 test candles with features, confidence_threshold=0.728
[lgbm] === Training for 2023-05 ===
  Train window: 2021-05-01 → 2023-05-01
  2175 training samples from 1 symbols
  Samples per month: 2021-05: 93, 2021-06: 90, 2021-07: 93, 2021-08: 93, 2021-09: 90, 2021-10: 93, 2021-11: 90, 2021-12: 93, 2022-01: 93, 2022-02: 75, 2022-03: 93, 2022-04: 84, 2022-05: 93, 2022-06: 90, 2022-07: 93, 2022-08: 93, 2022-09: 90, 2022-10: 93, 2022-11: 90, 2022-12: 93, 2023-01: 93, 2023-02: 84, 2023-03: 93, 2023-04: 90
  [label] 2021-07-01 16:00 TRXUSDT entry=0.0647 → SHORT | long=sl(-5.15%) short=sl(-5.15%) | scanned=19 | no_tp→fwd_return=-5.5813
  [label] 2021-07-04 00:00 TRXUSDT entry=0.0674 → SHORT | long=sl(-4.35%) short=tp(+8.39%) | scanned=12 | short_tp_only
  [label] 2021-07-07 16:00 TRXUSDT entry=0.0643 → SHORT | long=sl(-3.76%) short=tp(+7.22%) | scanned=4 | short_tp_only
  [label] 2021-08-01 16:00 TRXUSDT entry=0.0632 → LONG | long=tp(+6.54%) short=sl(-3.42%) | scanned=8 | long_tp_only
  [label] 2021-09-23 00:00 TRXUSDT entry=0.0994 → SHORT | long=sl(-6.01%) short=tp(+11.72%) | scanned=4 | short_tp_only
  [label] 2022-03-11 16:00 TRXUSDT entry=0.0602 → LONG | long=timeout(+2.26%) short=timeout(-2.46%) | scanned=22 | no_tp→fwd_return=+2.3596
  [label] 2022-03-15 16:00 TRXUSDT entry=0.0604 → LONG | long=tp(+4.38%) short=sl(-2.34%) | scanned=19 | long_tp_only
  [label] 2022-03-26 08:00 TRXUSDT entry=0.0648 → LONG | long=tp(+3.59%) short=sl(-1.94%) | scanned=2 | long_tp_only
  [label] 2022-05-12 08:00 TRXUSDT entry=0.0712 → LONG | long=timeout(+4.13%) short=timeout(-4.33%) | scanned=22 | no_tp→fwd_return=+4.2263
  [label] 2022-05-21 00:00 TRXUSDT entry=0.0717 → LONG | long=tp(+12.18%) short=sl(-6.24%) | scanned=8 | long_tp_only
  [label] 2022-08-19 16:00 TRXUSDT entry=0.0640 → LONG | long=tp(+4.26%) short=sl(-2.28%) | scanned=10 | long_tp_only
  [label] 2022-09-20 16:00 TRXUSDT entry=0.0597 → SHORT | long=sl(-1.84%) short=sl(-1.84%) | scanned=3 | no_tp→fwd_return=-1.2889
  [label] 2022-10-06 16:00 TRXUSDT entry=0.0628 → LONG | long=sl(-1.58%) short=sl(-1.58%) | scanned=10 | no_tp→fwd_return=+2.2629
  [label] 2022-10-19 16:00 TRXUSDT entry=0.0617 → LONG | long=timeout(+2.66%) short=sl(-1.99%) | scanned=22 | no_tp→fwd_return=+2.7562
  [label] 2022-11-07 00:00 TRXUSDT entry=0.0620 → SHORT | long=sl(-1.75%) short=tp(+3.19%) | scanned=3 | short_tp_only
  [label] 2022-11-13 08:00 TRXUSDT entry=0.0517 → SHORT | long=sl(-5.14%) short=tp(+9.99%) | scanned=2 | short_tp_only
  [label] 2022-11-25 16:00 TRXUSDT entry=0.0529 → LONG | long=timeout(+2.70%) short=sl(-3.24%) | scanned=22 | no_tp→fwd_return=+2.7961
  [label] 2023-01-04 08:00 TRXUSDT entry=0.0549 → SHORT | long=sl(-1.41%) short=tp(+2.53%) | scanned=4 | short_tp_only
  [label] 2023-01-14 08:00 TRXUSDT entry=0.0620 → SHORT | long=sl(-2.75%) short=tp(+5.20%) | scanned=14 | short_tp_only
  [label] 2023-04-10 16:00 TRXUSDT entry=0.0673 → SHORT | long=sl(-1.58%) short=tp(+2.85%) | scanned=3 | short_tp_only
  Labels: 1110 long (51.0%), 1065 short (49.0%) | weights: min=1.00, mean=2.39, max=10.00
  Features: 2175/2175 matched, 13 columns
  CV gap: 22 rows
    [trial 0] 13 features, training_days=230 | threshold=0.779 | labels: 1110 long, 1065 short (51/49%)
    [CV fold 0] train_end=2021-08-23 00:00 | val_start=2021-08-30 16:00 | gap=184h (22 rows)
    [CV fold 1] train_end=2021-12-21 16:00 | val_start=2021-12-29 08:00 | gap=184h (22 rows)
    [CV fold 2] train_end=2022-04-26 08:00 | val_start=2022-05-04 00:00 | gap=184h (22 rows)
    [CV fold 3] train_end=2022-08-25 00:00 | val_start=2022-09-01 16:00 | gap=184h (22 rows)
    [CV fold 4] train_end=2022-12-23 16:00 | val_start=2022-12-31 08:00 | gap=184h (22 rows)
    [trial 0] Sharpe=-0.1181 (folds: 0.2380, 0.1526, -0.4131, -0.3014, -0.2668)
    [trial 1] 13 features, training_days=410 | threshold=0.693 | labels: 1110 long, 1065 short (51/49%)
    [trial 1] Sharpe=-0.0874 (folds: 0.1872, 0.0897, -0.5867, 0.1747, -0.3017)
    [trial 2] 13 features, training_days=270 | threshold=0.546 | labels: 1110 long, 1065 short (51/49%)
    [trial 2] Sharpe=0.0001 (folds: 0.0858, 0.1051, -0.0697, 0.0748, -0.1955)
    [trial 3] 13 features, training_days=270 | threshold=0.600 | labels: 1110 long, 1065 short (51/49%)
    [trial 3] Sharpe=-0.0137 (folds: 0.1830, 0.0659, -0.0785, -0.0787, -0.1601)
    [trial 4] 13 features, training_days=390 | threshold=0.764 | labels: 1110 long, 1065 short (51/49%)[I 2026-05-07 00:29:50,544] Trial 4 finished with value: -0.07458278590785442 and parameters: {'confidence_threshold': 0.7642618789055509, 'training_days': 390, 'n_estimators': 464, 'max_depth': 5, 'num_leaves': 30, 'learning_rate': 0.024562383309704932, 'subsample': 0.8612975035964376, 'min_child_samples': 36, 'reg_alpha': 1.593999300080167, 'reg_lambda': 0.006081270362829788}. Best is trial 2 with value: 7.714195416915204e-05.
[I 2026-05-07 00:29:50,683] Trial 5 finished with value: -0.08120683046095227 and parameters: {'confidence_threshold': 0.6029115860358569, 'training_days': 60, 'n_estimators': 441, 'max_depth': 3, 'num_leaves': 66, 'learning_rate': 0.044953114425778824, 'subsample': 0.7098948461279406, 'min_child_samples': 15, 'reg_alpha': 4.888753565548431e-07, 'reg_lambda': 4.198190642566389}. Best is trial 2 with value: 7.714195416915204e-05.
[I 2026-05-07 00:29:50,898] Trial 6 finished with value: 0.03647222957395531 and parameters: {'confidence_threshold': 0.7376932868314098, 'training_days': 290, 'n_estimators': 249, 'max_depth': 5, 'num_leaves': 121, 'learning_rate': 0.015565840632862623, 'subsample': 0.8390183783709677, 'min_child_samples': 19, 'reg_alpha': 1.860444687368747e-08, 'reg_lambda': 2.7391483548058117e-06}. Best is trial 6 with value: 0.03647222957395531.
[I 2026-05-07 00:29:50,940] Trial 7 finished with value: -0.09431550856214793 and parameters: {'confidence_threshold': 0.563503962036334, 'training_days': 70, 'n_estimators': 63, 'max_depth': 3, 'num_leaves': 47, 'learning_rate': 0.18074927623018475, 'subsample': 0.5059692991701257, 'min_child_samples': 9, 'reg_alpha': 3.6945804405602874e-08, 'reg_lambda': 0.027706035542028905}. Best is trial 6 with value: 0.03647222957395531.
[I 2026-05-07 00:29:51,042] Trial 8 finished with value: -0.033069974880534724 and parameters: {'confidence_threshold': 0.6525471176758836, 'training_days': 440, 'n_estimators': 116, 'max_depth': 4, 'num_leaves': 115, 'learning_rate': 0.010229952960863938, 'subsample': 0.5062159465415076, 'min_child_samples': 54, 'reg_alpha': 6.790626457822126e-06, 'reg_lambda': 1.7869141074987722e-05}. Best is trial 6 with value: 0.03647222957395531.
[I 2026-05-07 00:29:51,139] Trial 9 finished with value: -0.6060237840960397 and parameters: {'confidence_threshold': 0.7277571993354469, 'training_days': 360, 'n_estimators': 75, 'max_depth': 5, 'num_leaves': 41, 'learning_rate': 0.014186743931212992, 'subsample': 0.7445187273047605, 'min_child_samples': 22, 'reg_alpha': 0.02393227447113315, 'reg_lambda': 0.009236766173618426}. Best is trial 6 with value: 0.03647222957395531.
[I 2026-05-07 00:29:51,510] A new study created in memory with name: no-name-8f87fbf6-a29f-4d85-99af-7469ae394d12
[I 2026-05-07 00:29:51,776] Trial 0 finished with value: -0.06796625678757416 and parameters: {'confidence_threshold': 0.7790993046299082, 'training_days': 230, 'n_estimators': 295, 'max_depth': 5, 'num_leaves': 83, 'learning_rate': 0.051543455158230854, 'subsample': 0.8773243492079463, 'min_child_samples': 10, 'reg_alpha': 0.034096514368237685, 'reg_lambda': 3.154180388637081e-05}. Best is trial 0 with value: -0.06796625678757416.
[I 2026-05-07 00:29:51,916] Trial 1 finished with value: 0.012087223279632076 and parameters: {'confidence_threshold': 0.6929247853618086, 'training_days': 410, 'n_estimators': 233, 'max_depth': 5, 'num_leaves': 108, 'learning_rate': 0.013724237108071606, 'subsample': 0.7013182233636002, 'min_child_samples': 94, 'reg_alpha': 2.4040959529260723e-06, 'reg_lambda': 5.320966582161148}. Best is trial 1 with value: 0.012087223279632076.
[I 2026-05-07 00:29:51,990] Trial 2 finished with value: -0.04340042830186212 and parameters: {'confidence_threshold': 0.546341527225763, 'training_days': 270, 'n_estimators': 120, 'max_depth': 4, 'num_leaves': 53, 'learning_rate': 0.060197068579343475, 'subsample': 0.588227873455941, 'min_child_samples': 91, 'reg_alpha': 2.3457771824819002e-08, 'reg_lambda': 1.1358840775642732e-08}. Best is trial 1 with value: 0.012087223279632076.
[I 2026-05-07 00:29:52,177] Trial 3 finished with value: 0.0015797222220078565 and parameters: {'confidence_threshold': 0.6000319676300473, 'training_days': 270, 'n_estimators': 382, 'max_depth': 4, 'num_leaves': 44, 'learning_rate': 0.09185046765032388, 'subsample': 0.6743651508646724, 'min_child_samples': 77, 'reg_alpha': 0.0013974578104212739, 'reg_lambda': 8.97190257982477e-08}. Best is trial 1 with value: 0.012087223279632076.
[I 2026-05-07 00:29:52,544] Trial 4 finished with value: -0.10035214754543956 and parameters: {'confidence_threshold': 0.7642618789055509, 'training_days': 390, 'n_estimators': 464, 'max_depth': 5, 'num_leaves': 30, 'learning_rate': 0.024562383309704932, 'subsample': 0.8612975035964376, 'min_child_samples': 36, 'reg_alpha': 1.593999300080167, 'reg_lambda': 0.006081270362829788}. Best is trial 1 with value: 0.012087223279632076.
[I 2026-05-07 00:29:52,691] Trial 5 finished with value: -0.09787192259478388 and parameters: {'confidence_threshold': 0.6029115860358569, 'training_days': 60, 'n_estimators': 441, 'max_depth': 3, 'num_leaves': 66, 'learning_rate': 0.044953114425778824, 'subsample': 0.7098948461279406, 'min_child_samples': 15, 'reg_alpha': 4.888753565548431e-07, 'reg_lambda': 4.198190642566389}. Best is trial 1 with value: 0.012087223279632076.
[I 2026-05-07 00:29:52,916] Trial 6 finished with value: -0.02397233824717031 and parameters: {'confidence_threshold': 0.7376932868314098, 'training_days': 290, 'n_estimators': 249, 'max_depth': 5, 'num_leaves': 121, 'learning_rate': 0.015565840632862623, 'subsample': 0.8390183783709677, 'min_child_samples': 19, 'reg_alpha': 1.860444687368747e-08, 'reg_lambda': 2.7391483548058117e-06}. Best is trial 1 with value: 0.012087223279632076.
[I 2026-05-07 00:29:52,951] Trial 7 finished with value: -0.11895239513141458 and parameters: {'confidence_threshold': 0.563503962036334, 'training_days': 70, 'n_estimators': 63, 'max_depth': 3, 'num_leaves': 47, 'learning_rate': 0.18074927623018475, 'subsample': 0.5059692991701257, 'min_child_samples': 9, 'reg_alpha': 3.6945804405602874e-08, 'reg_lambda': 0.027706035542028905}. Best is trial 1 with value: 0.012087223279632076.
[I 2026-05-07 00:29:53,034] Trial 8 finished with value: -0.2146057667703029 and parameters: {'confidence_threshold': 0.6525471176758836, 'training_days': 440, 'n_estimators': 116, 'max_depth': 4, 'num_leaves': 115, 'learning_rate': 0.010229952960863938, 'subsample': 0.5062159465415076, 'min_child_samples': 54, 'reg_alpha': 6.790626457822126e-06, 'reg_lambda': 1.7869141074987722e-05}. Best is trial 1 with value: 0.012087223279632076.
