[I 2026-05-07 00:28:24,788] Trial 9 finished with value: -2.123032720549215 and parameters: {'confidence_threshold': 0.7277571993354469, 'training_days': 360, 'n_estimators': 75, 'max_depth': 5, 'num_leaves': 41, 'learning_rate': 0.014186743931212992, 'subsample': 0.7445187273047605, 'min_child_samples': 22, 'reg_alpha': 0.02393227447113315, 'reg_lambda': 0.009236766173618426}. Best is trial 4 with value: 0.06905956730460798.

    [CV fold 4] train_end=2025-04-24 16:00 | val_start=2025-05-02 08:00 | gap=184h (22 rows)
    [trial 0] Sharpe=-0.0510 (folds: 0.0681, 0.0685, -0.1875, -0.2904, 0.0865)
    [trial 1] 13 features, training_days=410 | threshold=0.693 | labels: 1105 long, 1088 short (50/50%)
    [trial 1] Sharpe=-0.1877 (folds: 0.1584, -0.9905, -0.2647, -0.1801, 0.3383)
    [trial 2] 13 features, training_days=270 | threshold=0.546 | labels: 1105 long, 1088 short (50/50%)
    [trial 2] Sharpe=0.0080 (folds: 0.1354, 0.0181, -0.1640, -0.0762, 0.1270)
    [trial 3] 13 features, training_days=270 | threshold=0.600 | labels: 1105 long, 1088 short (50/50%)
    [trial 3] Sharpe=-0.0373 (folds: 0.0962, 0.0395, -0.1588, -0.2040, 0.0406)
    [trial 4] 13 features, training_days=390 | threshold=0.764 | labels: 1105 long, 1088 short (50/50%)
    [trial 4] Sharpe=-0.0221 (folds: 0.1153, -0.0402, -0.2256, -0.1287, 0.1684)
    [trial 5] 13 features, training_days=60 | threshold=0.603 | labels: 1105 long, 1088 short (50/50%)
    [trial 5] Sharpe=0.0101 (folds: 0.0023, 0.0432, -0.1783, 0.0565, 0.1265)
    [trial 6] 13 features, training_days=290 | threshold=0.738 | labels: 1105 long, 1088 short (50/50%)
    [trial 6] Sharpe=-0.0263 (folds: 0.1481, 0.0363, -0.1958, -0.1137, -0.0062)
    [trial 7] 13 features, training_days=70 | threshold=0.564 | labels: 1105 long, 1088 short (50/50%)
    [trial 7] Sharpe=-0.0808 (folds: -0.0345, 0.0259, 0.0099, -0.2619, -0.1433)
    [trial 8] 13 features, training_days=440 | threshold=0.653 | labels: 1105 long, 1088 short (50/50%)
    [trial 8] Sharpe=0.1179 (folds: 0.1062, 0.0010, -0.3729, 0.0301, 0.8250)
    [trial 9] 13 features, training_days=360 | threshold=0.728 | labels: 1105 long, 1088 short (50/50%)
    [trial 9] Sharpe=-2.0935 (folds: 0.1487, -10.0000, -0.5320, -0.1071, 0.0229)
  Optuna: 10 trials, best Sharpe = 0.1179
  Best params: n_estimators=116, max_depth=4, lr=0.0102, leaves=115
  Best confidence_threshold: 0.653
  Best training_days: 440
  Retrained on full data (1320 samples, 13 features)
  Model trained for 2025-09: 90 test candles with features, confidence_threshold=0.653
[predict] 2025-09-06 08:00 BCHUSDT → LONG (proba=0.71 TP=5.7%/SL=2.9%)
[trade:open] 2025-09-06 15:59 BCHUSDT LONG @ 593.43 | SL=576.47 TP=627.35 | timeout=2025-09-13 15:59
[trade:close] 2025-09-09 15:59 BCHUSDT LONG → stop_loss @ 576.47 | PnL=-2.86% (net -2.96%) | cum=+60.87% 2025-09=-2.96% 2025-09-09=-2.96%
[lgbm] === Training for 2025-10 ===
  Train window: 2023-10-01 → 2025-10-01
  2193 training samples from 1 symbols
  Samples per month: 2023-10: 93, 2023-11: 90, 2023-12: 93, 2024-01: 93, 2024-02: 87, 2024-03: 93, 2024-04: 90, 2024-05: 93, 2024-06: 90, 2024-07: 93, 2024-08: 93, 2024-09: 90, 2024-10: 93, 2024-11: 90, 2024-12: 93, 2025-01: 93, 2025-02: 84, 2025-03: 93, 2025-04: 90, 2025-05: 93, 2025-06: 90, 2025-07: 93, 2025-08: 93, 2025-09: 90
  [label] 2023-12-02 08:00 BCHUSDT entry=226.1200 → LONG | long=tp(+3.75%) short=sl(-2.03%) | scanned=5 | long_tp_only
  [label] 2023-12-04 16:00 BCHUSDT entry=252.4400 → SHORT | long=sl(-2.58%) short=tp(+4.87%) | scanned=1 | short_tp_only
  [label] 2023-12-08 08:00 BCHUSDT entry=249.4300 → SHORT | long=sl(-2.99%) short=sl(-2.99%) | scanned=8 | no_tp→fwd_return=-6.8476
  [label] 2024-01-02 08:00 BCHUSDT entry=258.1800 → SHORT | long=sl(-4.29%) short=tp(+8.28%) | scanned=3 | short_tp_only
  [label] 2024-02-24 08:00 BCHUSDT entry=266.5300 → LONG | long=tp(+5.49%) short=sl(-2.89%) | scanned=8 | long_tp_only
  [label] 2024-08-10 08:00 BCHUSDT entry=352.0000 → SHORT | long=sl(-5.22%) short=timeout(+1.83%) | scanned=22 | no_tp→fwd_return=-1.9290
  [label] 2024-08-14 08:00 BCHUSDT entry=341.1400 → SHORT | long=timeout(-0.73%) short=timeout(+0.53%) | scanned=22 | no_tp→fwd_return=-0.6332
  [label] 2024-08-25 00:00 BCHUSDT entry=351.7300 → SHORT | long=sl(-3.20%) short=tp(+6.10%) | scanned=8 | short_tp_only
  [label] 2024-10-09 08:00 BCHUSDT entry=326.1900 → LONG | long=sl(-2.59%) short=sl(-2.59%) | scanned=15 | no_tp→fwd_return=+8.6759
  [label] 2024-10-18 00:00 BCHUSDT entry=373.5700 → SHORT | long=sl(-3.14%) short=tp(+5.99%) | scanned=16 | short_tp_only
  [label] 2025-01-17 16:00 BCHUSDT entry=489.3300 → SHORT | long=sl(-3.34%) short=tp(+6.38%) | scanned=4 | short_tp_only
  [label] 2025-02-18 16:00 BCHUSDT entry=315.9400 → SHORT | long=sl(-3.73%) short=sl(-3.73%) | scanned=17 | no_tp→fwd_return=-3.0227
  [label] 2025-03-07 00:00 BCHUSDT entry=404.1700 → SHORT | long=sl(-5.36%) short=tp(+10.43%) | scanned=8 | short_tp_only
  [label] 2025-03-20 00:00 BCHUSDT entry=343.3800 → SHORT | long=sl(-3.93%) short=timeout(+2.10%) | scanned=22 | no_tp→fwd_return=-2.2046
  [label] 2025-04-07 16:00 BCHUSDT entry=275.2500 → LONG | long=sl(-4.88%) short=sl(-4.88%) | scanned=6 | no_tp→fwd_return=+9.4750
  [label] 2025-04-14 00:00 BCHUSDT entry=342.5800 → SHORT | long=sl(-4.49%) short=timeout(+0.50%) | scanned=22 | no_tp→fwd_return=-0.6042
  [label] 2025-04-26 08:00 BCHUSDT entry=358.9800 → LONG | long=sl(-3.47%) short=sl(-3.47%) | scanned=8 | no_tp→fwd_return=+3.4152
  [label] 2025-06-05 08:00 BCHUSDT entry=402.7200 → SHORT | long=sl(-2.85%) short=tp(+5.41%) | scanned=1 | short_tp_only
  [label] 2025-06-15 08:00 BCHUSDT entry=458.1600 → LONG | long=tp(+6.17%) short=sl(-3.24%) | scanned=12 | long_tp_only
  [label] 2025-09-10 08:00 BCHUSDT entry=580.0400 → LONG | long=timeout(+2.13%) short=sl(-2.56%) | scanned=22 | no_tp→fwd_return=+2.2257
  Labels: 1113 long (50.8%), 1080 short (49.2%) | weights: min=1.01, mean=4.16, max=10.00
  Features: 2193/2193 matched, 13 columns
  CV gap: 22 rows
    [trial 0] 13 features, training_days=230 | threshold=0.779 | labels: 1113 long, 1080 short (51/49%)
    [CV fold 0] train_end=2024-01-24 00:00 | val_start=2024-01-31 16:00 | gap=184h (22 rows)
    [CV fold 1] train_end=2024-05-24 16:00 | val_start=2024-06-01 08:00 | gap=184h (22 rows)
    [CV fold 2] train_end=2024-09-23 08:00 | val_start=2024-10-01 00:00 | gap=184h (22 rows)
    [CV fold 3] train_end=2025-01-23 00:00 | val_start=2025-01-30 16:00 | gap=184h (22 rows)
    [CV fold 4] train_end=2025-05-24 16:00 | val_start=2025-06-01 08:00 | gap=184h (22 rows)
    [trial 0] Sharpe=0.0106 (folds: 0.0331, 0.0057, -0.0591, -0.0870, 0.1602)
    [trial 1] 13 features, training_days=410 | threshold=0.693 | labels: 1113 long, 1080 short (51/49%)
    [trial 1] Sharpe=0.0464 (folds: 0.1250, -0.1275, -0.3621, 0.1758, 0.4207)
    [trial 2] 13 features, training_days=270 | threshold=0.546 | labels: 1113 long, 1080 short (51/49%)
    [trial 2] Sharpe=0.0171 (folds: 0.1242, 0.0613, -0.2318, -0.0862, 0.2183)
    [trial 3] 13 features, training_days=270 | threshold=0.600 | labels: 1113 long, 1080 short (51/49%)
    [trial 3] Sharpe=0.0180 (folds: 0.1844, -0.0084, -0.2366, -0.0393, 0.1900)
    [trial 4] 13 features, training_days=390 | threshold=0.764 | labels: 1113 long, 1080 short (51/49%)
    [trial 4] Sharpe=0.0691 (folds: 0.1350, 0.0329, -0.2481, 0.1980, 0.2276)
    [trial 5] 13 features, training_days=60 | threshold=0.603 | labels: 1113 long, 1080 short (51/49%)
    [trial 5] Sharpe=0.0520 (folds: -0.0132, 0.0348, 0.0182, -0.1123, 0.3323)
    [trial 6] 13 features, training_days=290 | threshold=0.738 | labels: 1113 long, 1080 short (51/49%)
    [trial 6] Sharpe=-0.0727 (folds: 0.0744, 0.0266, -0.5824, -0.1028, 0.2207)
    [trial 7] 13 features, training_days=70 | threshold=0.564 | labels: 1113 long, 1080 short (51/49%)
    [trial 7] Sharpe=-0.0226 (folds: 0.0462, -0.0234, -0.0073, -0.1637, 0.0354)
    [trial 8] 13 features, training_days=440 | threshold=0.653 | labels: 1113 long, 1080 short (51/49%)
    [trial 8] Sharpe=-2.1111 (folds: 0.0131, -0.5011, -0.2735, 0.2061, -10.0000)
    [trial 9] 13 features, training_days=360 | threshold=0.728 | labels: 1113 long, 1080 short (51/49%)
    [trial 9] Sharpe=-2.1230 (folds: -0.0556, -0.4688, -0.2776, 0.1869, -10.0000)
  Optuna: 10 trials, best Sharpe = 0.0691
  Best params: n_estimators=464, max_depth=5, lr=0.0246, leaves=30
  Best confidence_threshold: 0.764
  Best training_days: 390
  Retrained on full data (1170 samples, 13 features)
  Model trained for 2025-10: 93 test candles with features, confidence_threshold=0.764[I 2026-05-07 00:28:25,142] A new study created in memory with name: no-name-8c921cd9-b94f-4bcd-a5d6-0e946da0a403
[I 2026-05-07 00:28:25,401] Trial 0 finished with value: 0.038467640015181964 and parameters: {'confidence_threshold': 0.7790993046299082, 'training_days': 230, 'n_estimators': 295, 'max_depth': 5, 'num_leaves': 83, 'learning_rate': 0.051543455158230854, 'subsample': 0.8773243492079463, 'min_child_samples': 10, 'reg_alpha': 0.034096514368237685, 'reg_lambda': 3.154180388637081e-05}. Best is trial 0 with value: 0.038467640015181964.
[I 2026-05-07 00:28:25,544] Trial 1 finished with value: 0.17073093106332746 and parameters: {'confidence_threshold': 0.6929247853618086, 'training_days': 410, 'n_estimators': 233, 'max_depth': 5, 'num_leaves': 108, 'learning_rate': 0.013724237108071606, 'subsample': 0.7013182233636002, 'min_child_samples': 94, 'reg_alpha': 2.4040959529260723e-06, 'reg_lambda': 5.320966582161148}. Best is trial 1 with value: 0.17073093106332746.
[I 2026-05-07 00:28:25,616] Trial 2 finished with value: 0.000698557999147198 and parameters: {'confidence_threshold': 0.546341527225763, 'training_days': 270, 'n_estimators': 120, 'max_depth': 4, 'num_leaves': 53, 'learning_rate': 0.060197068579343475, 'subsample': 0.588227873455941, 'min_child_samples': 91, 'reg_alpha': 2.3457771824819002e-08, 'reg_lambda': 1.1358840775642732e-08}. Best is trial 1 with value: 0.17073093106332746.
[I 2026-05-07 00:28:25,801] Trial 3 finished with value: 0.03534232991739102 and parameters: {'confidence_threshold': 0.6000319676300473, 'training_days': 270, 'n_estimators': 382, 'max_depth': 4, 'num_leaves': 44, 'learning_rate': 0.09185046765032388, 'subsample': 0.6743651508646724, 'min_child_samples': 77, 'reg_alpha': 0.0013974578104212739, 'reg_lambda': 8.97190257982477e-08}. Best is trial 1 with value: 0.17073093106332746.
[I 2026-05-07 00:28:26,129] Trial 4 finished with value: 0.06961501762086209 and parameters: {'confidence_threshold': 0.7642618789055509, 'training_days': 390, 'n_estimators': 464, 'max_depth': 5, 'num_leaves': 30, 'learning_rate': 0.024562383309704932, 'subsample': 0.8612975035964376, 'min_child_samples': 36, 'reg_alpha': 1.593999300080167, 'reg_lambda': 0.006081270362829788}. Best is trial 1 with value: 0.17073093106332746.
[I 2026-05-07 00:28:26,268] Trial 5 finished with value: 0.06966216263312516 and parameters: {'confidence_threshold': 0.6029115860358569, 'training_days': 60, 'n_estimators': 441, 'max_depth': 3, 'num_leaves': 66, 'learning_rate': 0.044953114425778824, 'subsample': 0.7098948461279406, 'min_child_samples': 15, 'reg_alpha': 4.888753565548431e-07, 'reg_lambda': 4.198190642566389}. Best is trial 1 with value: 0.17073093106332746.
[I 2026-05-07 00:28:26,463] Trial 6 finished with value: 0.01811715567432185 and parameters: {'confidence_threshold': 0.7376932868314098, 'training_days': 290, 'n_estimators': 249, 'max_depth': 5, 'num_leaves': 121, 'learning_rate': 0.015565840632862623, 'subsample': 0.8390183783709677, 'min_child_samples': 19, 'reg_alpha': 1.860444687368747e-08, 'reg_lambda': 2.7391483548058117e-06}. Best is trial 1 with value: 0.17073093106332746.
[I 2026-05-07 00:28:26,497] Trial 7 finished with value: 0.07437203709282536 and parameters: {'confidence_threshold': 0.563503962036334, 'training_days': 70, 'n_estimators': 63, 'max_depth': 3, 'num_leaves': 47, 'learning_rate': 0.18074927623018475, 'subsample': 0.5059692991701257, 'min_child_samples': 9, 'reg_alpha': 3.6945804405602874e-08, 'reg_lambda': 0.027706035542028905}. Best is trial 1 with value: 0.17073093106332746.
[I 2026-05-07 00:28:26,578] Trial 8 finished with value: 0.03013879670816292 and parameters: {'confidence_threshold': 0.6525471176758836, 'training_days': 440, 'n_estimators': 116, 'max_depth': 4, 'num_leaves': 115, 'learning_rate': 0.010229952960863938, 'subsample': 0.5062159465415076, 'min_child_samples': 54, 'reg_alpha': 6.790626457822126e-06, 'reg_lambda': 1.7869141074987722e-05}. Best is trial 1 with value: 0.17073093106332746.
[I 2026-05-07 00:28:26,662] Trial 9 finished with value: -2.131775893903923 and parameters: {'confidence_threshold': 0.7277571993354469, 'training_days': 360, 'n_estimators': 75, 'max_depth': 5, 'num_leaves': 41, 'learning_rate': 0.014186743931212992, 'subsample': 0.7445187273047605, 'min_child_samples': 22, 'reg_alpha': 0.02393227447113315, 'reg_lambda': 0.009236766173618426}. Best is trial 1 with value: 0.17073093106332746.

[predict] 2025-10-04 00:00 BCHUSDT → LONG (proba=0.93 TP=4.5%/SL=2.2%)
[trade:open] 2025-10-04 07:59 BCHUSDT LONG @ 590.44 | SL=577.29 TP=616.74 | timeout=2025-10-11 07:59
[trade:close] 2025-10-07 15:59 BCHUSDT LONG → stop_loss @ 577.29 | PnL=-2.23% (net -2.33%) | cum=+58.55% 2025-10=-2.33% 2025-10-07=-2.33%
[predict] 2025-10-17 00:00 BCHUSDT → LONG (proba=0.95 TP=8.3%/SL=4.1%)
[trade:open] 2025-10-17 07:59 BCHUSDT LONG @ 478.79 | SL=459.03 TP=518.30 | timeout=2025-10-24 07:59
[trade:close] 2025-10-17 15:59 BCHUSDT LONG → stop_loss @ 459.03 | PnL=-4.13% (net -4.23%) | cum=+54.32% 2025-10=-6.55% 2025-10-17=-4.23%
[predict] 2025-10-19 08:00 BCHUSDT → LONG (proba=0.89 TP=7.9%/SL=4.0%)
[trade:open] 2025-10-19 15:59 BCHUSDT LONG @ 475.84 | SL=456.94 TP=513.65 | timeout=2025-10-26 15:59
[trade:close] 2025-10-21 23:59 BCHUSDT LONG → take_profit @ 513.65 | PnL=+7.95% (net +7.85%) | cum=+62.16% 2025-10=+1.29% 2025-10-21=+7.85%
[predict] 2025-10-24 00:00 BCHUSDT → LONG (proba=0.93 TP=7.2%/SL=3.6%)
[trade:open] 2025-10-24 07:59 BCHUSDT LONG @ 490.59 | SL=472.94 TP=525.88 | timeout=2025-10-31 07:59
[trade:close] 2025-10-26 15:59 BCHUSDT LONG → take_profit @ 525.88 | PnL=+7.19% (net +7.09%) | cum=+69.26% 2025-10=+8.39% 2025-10-26=+7.09%
[predict] 2025-10-28 00:00 BCHUSDT → SHORT (proba=0.94 TP=6.1%/SL=3.1%)
[trade:open] 2025-10-28 07:59 BCHUSDT SHORT @ 554.25 | SL=571.19 TP=520.37 | timeout=2025-11-04 07:59
[trade:close] 2025-10-30 07:59 BCHUSDT SHORT → stop_loss @ 571.19 | PnL=-3.06% (net -3.16%) | cum=+66.10% 2025-10=+5.23% 2025-10-30=-3.16%
[predict] 2025-10-31 16:00 BCHUSDT → SHORT (proba=0.95 TP=7.1%/SL=3.5%)
[trade:open] 2025-10-31 23:59 BCHUSDT SHORT @ 534.53 | SL=553.48 TP=496.64 | timeout=2025-11-07 23:59
[lgbm] === Training for 2025-11 ===
  Train window: 2023-11-01 → 2025-11-01
  2193 training samples from 1 symbols
  Samples per month: 2023-11: 90, 2023-12: 93, 2024-01: 93, 2024-02: 87, 2024-03: 93, 2024-04: 90, 2024-05: 93, 2024-06: 90, 2024-07: 93, 2024-08: 93, 2024-09: 90, 2024-10: 93, 2024-11: 90, 2024-12: 93, 2025-01: 93, 2025-02: 84, 2025-03: 93, 2025-04: 90, 2025-05: 93, 2025-06: 90, 2025-07: 93, 2025-08: 93, 2025-09: 90, 2025-10: 93
  [label] 2024-01-02 08:00 BCHUSDT entry=258.1800 → SHORT | long=sl(-4.29%) short=tp(+8.28%) | scanned=3 | short_tp_only
  [label] 2024-01-04 16:00 BCHUSDT entry=239.3500 → LONG | long=sl(-4.97%) short=sl(-4.97%) | scanned=12 | no_tp→fwd_return=+6.0664
  [label] 2024-01-08 08:00 BCHUSDT entry=238.8300 → LONG | long=tp(+8.66%) short=sl(-4.48%) | scanned=7 | long_tp_only
  [label] 2024-02-02 08:00 BCHUSDT entry=236.9600 → LONG | long=tp(+4.38%) short=sl(-2.34%) | scanned=20 | long_tp_only
  [label] 2024-03-26 08:00 BCHUSDT entry=475.3800 → LONG | long=tp(+11.05%) short=sl(-5.68%) | scanned=3 | long_tp_only
  [label] 2024-09-10 08:00 BCHUSDT entry=324.4700 → LONG | long=tp(+5.48%) short=sl(-2.89%) | scanned=4 | long_tp_only
  [label] 2024-09-14 08:00 BCHUSDT entry=328.8000 → SHORT | long=sl(-2.66%) short=tp(+5.03%) | scanned=5 | short_tp_only
  [label] 2024-09-25 00:00 BCHUSDT entry=348.8400 → LONG | long=sl(-2.58%) short=sl(-2.58%) | scanned=5 | no_tp→fwd_return=+0.8055
  [label] 2024-11-09 08:00 BCHUSDT entry=382.1600 → LONG | long=tp(+6.55%) short=sl(-3.42%) | scanned=2 | long_tp_only
  [label] 2024-11-18 00:00 BCHUSDT entry=450.2000 → LONG | long=tp(+10.46%) short=sl(-5.38%) | scanned=9 | long_tp_only
  [label] 2025-02-17 16:00 BCHUSDT entry=323.6800 → SHORT | long=sl(-3.69%) short=tp(+7.08%) | scanned=21 | short_tp_only
  [label] 2025-03-21 16:00 BCHUSDT entry=322.8900 → SHORT | long=sl(-3.88%) short=sl(-3.88%) | scanned=20 | no_tp→fwd_return=-4.9429
  [label] 2025-04-07 00:00 BCHUSDT entry=251.9800 → LONG | long=tp(+9.61%) short=sl(-4.95%) | scanned=1 | long_tp_only
  [label] 2025-04-20 00:00 BCHUSDT entry=334.9800 → LONG | long=tp(+7.02%) short=sl(-3.66%) | scanned=7 | long_tp_only
  [label] 2025-05-08 16:00 BCHUSDT entry=421.4900 → SHORT | long=sl(-3.55%) short=tp(+6.80%) | scanned=13 | short_tp_only
  [label] 2025-05-15 00:00 BCHUSDT entry=389.4100 → LONG | long=tp(+7.28%) short=sl(-3.79%) | scanned=21 | long_tp_only
  [label] 2025-05-27 08:00 BCHUSDT entry=419.9400 → SHORT | long=sl(-3.28%) short=tp(+6.26%) | scanned=11 | short_tp_only
  [label] 2025-07-06 08:00 BCHUSDT entry=494.7700 → LONG | long=tp(+5.58%) short=sl(-2.94%) | scanned=14 | long_tp_only
  [label] 2025-07-16 08:00 BCHUSDT entry=495.0600 → LONG | long=tp(+5.36%) short=sl(-2.83%) | scanned=5 | long_tp_only
  [label] 2025-10-11 08:00 BCHUSDT entry=524.6400 → SHORT | long=sl(-3.79%) short=tp(+7.28%) | scanned=1 | short_tp_only
  Labels: 1102 long (50.3%), 1091 short (49.7%) | weights: min=1.01, mean=4.17, max=10.00
  Features: 2193/2193 matched, 13 columns
  CV gap: 22 rows
    [trial 0] 13 features, training_days=230 | threshold=0.779 | labels: 1102 long, 1091 short (50/50%)
    [CV fold 0] train_end=2024-02-24 00:00 | val_start=2024-03-02 16:00 | gap=184h (22 rows)
    [CV fold 1] train_end=2024-06-24 16:00 | val_start=2024-07-02 08:00 | gap=184h (22 rows)
    [CV fold 2] train_end=2024-10-24 08:00 | val_start=2024-11-01 00:00 | gap=184h (22 rows)
    [CV fold 3] train_end=2025-02-23 00:00 | val_start=2025-03-02 16:00 | gap=184h (22 rows)
    [CV fold 4] train_end=2025-06-24 16:00 | val_start=2025-07-02 08:00 | gap=184h (22 rows)
    [trial 0] Sharpe=0.0385 (folds: 0.1021, -0.1621, -0.0599, -0.0467, 0.3589)
    [trial 1] 13 features, training_days=410 | threshold=0.693 | labels: 1102 long, 1091 short (50/50%)
    [trial 1] Sharpe=0.1707 (folds: 0.2178, 0.0770, -0.3824, 0.4287, 0.5126)
    [trial 2] 13 features, training_days=270 | threshold=0.546 | labels: 1102 long, 1091 short (50/50%)
    [trial 2] Sharpe=0.0007 (folds: 0.0320, 0.0082, -0.3480, 0.0587, 0.2527)
    [trial 3] 13 features, training_days=270 | threshold=0.600 | labels: 1102 long, 1091 short (50/50%)
    [trial 3] Sharpe=0.0353 (folds: 0.0130, 0.0154, -0.2483, 0.1134, 0.2832)
    [trial 4] 13 features, training_days=390 | threshold=0.764 | labels: 1102 long, 1091 short (50/50%)
    [trial 4] Sharpe=0.0696 (folds: 0.0552, 0.0627, -0.3790, 0.2743, 0.3348)
    [trial 5] 13 features, training_days=60 | threshold=0.603 | labels: 1102 long, 1091 short (50/50%)
    [trial 5] Sharpe=0.0697 (folds: 0.0375, 0.0681, -0.0793, 0.0423, 0.2797)
    [trial 6] 13 features, training_days=290 | threshold=0.738 | labels: 1102 long, 1091 short (50/50%)
    [trial 6] Sharpe=0.0181 (folds: 0.1153, 0.0771, -0.4904, 0.0385, 0.3501)
    [trial 7] 13 features, training_days=70 | threshold=0.564 | labels: 1102 long, 1091 short (50/50%)
    [trial 7] Sharpe=0.0744 (folds: 0.0105, 0.0361, -0.0099, 0.0588, 0.2764)
    [trial 8] 13 features, training_days=440 | threshold=0.653 | labels: 1102 long, 1091 short (50/50%)
    [trial 8] Sharpe=0.0301 (folds: 0.1560, -0.0989, -0.4460, 0.0385, 0.5011)
    [trial 9] 13 features, training_days=360 | threshold=0.728 | labels: 1102 long, 1091 short (50/50%)
    [trial 9] Sharpe=-2.1318 (folds: -0.0918, -0.1141, -0.3286, -0.1243, -10.0000)
  Optuna: 10 trials, best Sharpe = 0.1707
  Best params: n_estimators=233, max_depth=5, lr=0.0137, leaves=108
  Best confidence_threshold: 0.693
  Best training_days: 410
  Retrained on full data (1230 samples, 13 features)
  Model trained for 2025-11: 90 test candles with features, confidence_threshold=0.693
[trade:close] 2025-11-01 15:59 BCHUSDT SHORT → stop_loss @ 553.48 | PnL=-3.54% (net -3.64%) | cum=+62.46% 2025-11=-3.64% 2025-11-01=-3.64%
[predict] 2025-11-03 16:00 BCHUSDT → SHORT (proba=0.72 TP=7.4%/SL=3.7%)
[trade:open] 2025-11-03 23:59 BCHUSDT SHORT @ 505.44 | SL=524.21 TP=467.91 | timeout=2025-11-10 23:59
[trade:close] 2025-11-04 23:59 BCHUSDT SHORT → take_profit @ 467.91 | PnL=+7.43% (net +7.33%) | cum=+69.78% 2025-11=+3.68% 2025-11-04=+7.33%
[predict] 2025-11-06 08:00 BCHUSDT → LONG (proba=0.78 TP=8.1%/SL=4.1%)
[trade:open] 2025-11-06 15:59 BCHUSDT LONG @ 470.45 | SL=451.39 TP=508.56 | timeout=2025-11-13 15:59
[trade:close] 2025-11-07 23:59 BCHUSDT LONG → take_profit @ 508.56 | PnL=+8.10% (net +8.00%) | cum=+77.79% 2025-11=+11.68% 2025-11-07=+8.00%[I 2026-05-07 00:28:26,928] A new study created in memory with name: no-name-5b827b5c-2e2c-49cf-b350-14ac41176939
[I 2026-05-07 00:28:27,185] Trial 0 finished with value: -0.022326899880733754 and parameters: {'confidence_threshold': 0.7790993046299082, 'training_days': 230, 'n_estimators': 295, 'max_depth': 5, 'num_leaves': 83, 'learning_rate': 0.051543455158230854, 'subsample': 0.8773243492079463, 'min_child_samples': 10, 'reg_alpha': 0.034096514368237685, 'reg_lambda': 3.154180388637081e-05}. Best is trial 0 with value: -0.022326899880733754.
