[I 2026-05-07 00:30:31,149] Trial 0 finished with value: -0.058502733643459315 and parameters: {'confidence_threshold': 0.7790993046299082, 'training_days': 230, 'n_estimators': 295, 'max_depth': 5, 'num_leaves': 83, 'learning_rate': 0.051543455158230854, 'subsample': 0.8773243492079463, 'min_child_samples': 10, 'reg_alpha': 0.034096514368237685, 'reg_lambda': 3.154180388637081e-05}. Best is trial 0 with value: -0.058502733643459315.
[I 2026-05-07 00:30:31,277] Trial 1 finished with value: -0.3002863892852796 and parameters: {'confidence_threshold': 0.6929247853618086, 'training_days': 410, 'n_estimators': 233, 'max_depth': 5, 'num_leaves': 108, 'learning_rate': 0.013724237108071606, 'subsample': 0.7013182233636002, 'min_child_samples': 94, 'reg_alpha': 2.4040959529260723e-06, 'reg_lambda': 5.320966582161148}. Best is trial 0 with value: -0.058502733643459315.
[I 2026-05-07 00:30:31,339] Trial 2 finished with value: -0.04565365514583279 and parameters: {'confidence_threshold': 0.546341527225763, 'training_days': 270, 'n_estimators': 120, 'max_depth': 4, 'num_leaves': 53, 'learning_rate': 0.060197068579343475, 'subsample': 0.588227873455941, 'min_child_samples': 91, 'reg_alpha': 2.3457771824819002e-08, 'reg_lambda': 1.1358840775642732e-08}. Best is trial 2 with value: -0.04565365514583279.
[I 2026-05-07 00:30:31,505] Trial 3 finished with value: 0.016887330641050243 and parameters: {'confidence_threshold': 0.6000319676300473, 'training_days': 270, 'n_estimators': 382, 'max_depth': 4, 'num_leaves': 44, 'learning_rate': 0.09185046765032388, 'subsample': 0.6743651508646724, 'min_child_samples': 77, 'reg_alpha': 0.0013974578104212739, 'reg_lambda': 8.97190257982477e-08}. Best is trial 3 with value: 0.016887330641050243.
[I 2026-05-07 00:30:31,907] Trial 4 finished with value: -0.0067303782264380605 and parameters: {'confidence_threshold': 0.7642618789055509, 'training_days': 390, 'n_estimators': 464, 'max_depth': 5, 'num_leaves': 30, 'learning_rate': 0.024562383309704932, 'subsample': 0.8612975035964376, 'min_child_samples': 36, 'reg_alpha': 1.593999300080167, 'reg_lambda': 0.006081270362829788}. Best is trial 3 with value: 0.016887330641050243.
[I 2026-05-07 00:30:32,057] Trial 5 finished with value: -0.08404012293730631 and parameters: {'confidence_threshold': 0.6029115860358569, 'training_days': 60, 'n_estimators': 441, 'max_depth': 3, 'num_leaves': 66, 'learning_rate': 0.044953114425778824, 'subsample': 0.7098948461279406, 'min_child_samples': 15, 'reg_alpha': 4.888753565548431e-07, 'reg_lambda': 4.198190642566389}. Best is trial 3 with value: 0.016887330641050243.
[I 2026-05-07 00:30:32,256] Trial 6 finished with value: -0.1004933610776068 and parameters: {'confidence_threshold': 0.7376932868314098, 'training_days': 290, 'n_estimators': 249, 'max_depth': 5, 'num_leaves': 121, 'learning_rate': 0.015565840632862623, 'subsample': 0.8390183783709677, 'min_child_samples': 19, 'reg_alpha': 1.860444687368747e-08, 'reg_lambda': 2.7391483548058117e-06}. Best is trial 3 with value: 0.016887330641050243.
[I 2026-05-07 00:30:32,291] Trial 7 finished with value: -0.05600814597434624 and parameters: {'confidence_threshold': 0.563503962036334, 'training_days': 70, 'n_estimators': 63, 'max_depth': 3, 'num_leaves': 47, 'learning_rate': 0.18074927623018475, 'subsample': 0.5059692991701257, 'min_child_samples': 9, 'reg_alpha': 3.6945804405602874e-08, 'reg_lambda': 0.027706035542028905}. Best is trial 3 with value: 0.016887330641050243.
[I 2026-05-07 00:30:32,372] Trial 8 finished with value: -0.06372807706735942 and parameters: {'confidence_threshold': 0.6525471176758836, 'training_days': 440, 'n_estimators': 116, 'max_depth': 4, 'num_leaves': 115, 'learning_rate': 0.010229952960863938, 'subsample': 0.5062159465415076, 'min_child_samples': 54, 'reg_alpha': 6.790626457822126e-06, 'reg_lambda': 1.7869141074987722e-05}. Best is trial 3 with value: 0.016887330641050243.
[I 2026-05-07 00:30:32,455] Trial 9 finished with value: -5.923664888558711 and parameters: {'confidence_threshold': 0.7277571993354469, 'training_days': 360, 'n_estimators': 75, 'max_depth': 5, 'num_leaves': 41, 'learning_rate': 0.014186743931212992, 'subsample': 0.7445187273047605, 'min_child_samples': 22, 'reg_alpha': 0.02393227447113315, 'reg_lambda': 0.009236766173618426}. Best is trial 3 with value: 0.016887330641050243.
[I 2026-05-07 00:30:32,852] A new study created in memory with name: no-name-e9c45fff-69d0-42bb-9e95-9c4994098554
[I 2026-05-07 00:30:33,154] Trial 0 finished with value: -0.031418970772017364 and parameters: {'confidence_threshold': 0.7790993046299082, 'training_days': 230, 'n_estimators': 295, 'max_depth': 5, 'num_leaves': 83, 'learning_rate': 0.051543455158230854, 'subsample': 0.8773243492079463, 'min_child_samples': 10, 'reg_alpha': 0.034096514368237685, 'reg_lambda': 3.154180388637081e-05}. Best is trial 0 with value: -0.031418970772017364.
[I 2026-05-07 00:30:33,302] Trial 1 finished with value: -0.011646839249337205 and parameters: {'confidence_threshold': 0.6929247853618086, 'training_days': 410, 'n_estimators': 233, 'max_depth': 5, 'num_leaves': 108, 'learning_rate': 0.013724237108071606, 'subsample': 0.7013182233636002, 'min_child_samples': 94, 'reg_alpha': 2.4040959529260723e-06, 'reg_lambda': 5.320966582161148}. Best is trial 1 with value: -0.011646839249337205.

  [label] 2024-07-21 00:00 TRXUSDT entry=0.1339 → LONG | long=tp(+2.11%) short=sl(-1.20%) | scanned=3 | long_tp_only
  [label] 2024-08-08 16:00 TRXUSDT entry=0.1270 → LONG | long=tp(+3.18%) short=sl(-1.74%) | scanned=19 | long_tp_only
  [label] 2024-08-15 00:00 TRXUSDT entry=0.1317 → LONG | long=sl(-1.31%) short=sl(-1.31%) | scanned=5 | no_tp→fwd_return=+1.8294
  [label] 2024-08-27 08:00 TRXUSDT entry=0.1619 → SHORT | long=sl(-2.58%) short=tp(+4.86%) | scanned=19 | short_tp_only
  [label] 2024-10-06 08:00 TRXUSDT entry=0.1545 → LONG | long=tp(+1.74%) short=sl(-1.02%) | scanned=6 | long_tp_only
  [label] 2024-10-16 08:00 TRXUSDT entry=0.1597 → SHORT | long=sl(-1.06%) short=tp(+1.82%) | scanned=10 | short_tp_only
  [label] 2025-01-11 08:00 TRXUSDT entry=0.2415 → SHORT | long=sl(-2.60%) short=tp(+4.91%) | scanned=5 | short_tp_only
  Labels: 1220 long (55.6%), 973 short (44.4%) | weights: min=1.00, mean=2.57, max=10.00
  Features: 2193/2193 matched, 13 columns
  CV gap: 22 rows
    [trial 0] 13 features, training_days=230 | threshold=0.779 | labels: 1220 long, 973 short (56/44%)
    [CV fold 0] train_end=2023-05-27 00:00 | val_start=2023-06-03 16:00 | gap=184h (22 rows)
    [CV fold 1] train_end=2023-09-25 16:00 | val_start=2023-10-03 08:00 | gap=184h (22 rows)
    [CV fold 2] train_end=2024-01-25 08:00 | val_start=2024-02-02 00:00 | gap=184h (22 rows)
    [CV fold 3] train_end=2024-05-26 00:00 | val_start=2024-06-02 16:00 | gap=184h (22 rows)
    [CV fold 4] train_end=2024-09-24 16:00 | val_start=2024-10-02 08:00 | gap=184h (22 rows)
    [trial 0] Sharpe=-0.0585 (folds: 0.0123, 0.0062, -0.1127, 0.0623, -0.2607)
    [trial 1] 13 features, training_days=410 | threshold=0.693 | labels: 1220 long, 973 short (56/44%)
    [trial 1] Sharpe=-0.3003 (folds: -1.1445, -0.1339, -0.1577, 0.1261, -0.1913)
    [trial 2] 13 features, training_days=270 | threshold=0.546 | labels: 1220 long, 973 short (56/44%)
    [trial 2] Sharpe=-0.0457 (folds: -0.1481, -0.1597, 0.0352, 0.1880, -0.1436)
    [trial 3] 13 features, training_days=270 | threshold=0.600 | labels: 1220 long, 973 short (56/44%)
    [trial 3] Sharpe=0.0169 (folds: -0.0769, -0.0524, 0.0322, 0.2063, -0.0247)
    [trial 4] 13 features, training_days=390 | threshold=0.764 | labels: 1220 long, 973 short (56/44%)
    [trial 4] Sharpe=-0.0067 (folds: -0.0806, -0.1308, 0.0779, 0.2483, -0.1485)
    [trial 5] 13 features, training_days=60 | threshold=0.603 | labels: 1220 long, 973 short (56/44%)
    [trial 5] Sharpe=-0.0840 (folds: -0.0015, -0.0749, 0.0191, -0.2154, -0.1476)
    [trial 6] 13 features, training_days=290 | threshold=0.738 | labels: 1220 long, 973 short (56/44%)
    [trial 6] Sharpe=-0.1005 (folds: 0.0820, -0.0541, -0.2247, -0.0900, -0.2157)
    [trial 7] 13 features, training_days=70 | threshold=0.564 | labels: 1220 long, 973 short (56/44%)
    [trial 7] Sharpe=-0.0560 (folds: 0.0104, -0.2007, 0.1591, -0.0009, -0.2481)
    [trial 8] 13 features, training_days=440 | threshold=0.653 | labels: 1220 long, 973 short (56/44%)
    [trial 8] Sharpe=-0.0637 (folds: -0.4320, -0.1653, -0.0094, 0.4393, -0.1512)
    [trial 9] 13 features, training_days=360 | threshold=0.728 | labels: 1220 long, 973 short (56/44%)
    [trial 9] Sharpe=-5.9237 (folds: -10.0000, -10.0000, 0.1330, -10.0000, 0.2487)
  Optuna: 10 trials, best Sharpe = 0.0169
  Best params: n_estimators=382, max_depth=4, lr=0.0919, leaves=44
  Best confidence_threshold: 0.600
  Best training_days: 270
  Retrained on full data (810 samples, 13 features)
  Model trained for 2025-02: 84 test candles with features, confidence_threshold=0.600
[predict] 2025-02-08 08:00 TRXUSDT → LONG (proba=1.00 TP=6.2%/SL=3.1%)
[trade:open] 2025-02-08 15:59 TRXUSDT LONG @ 0.23 | SL=0.22 TP=0.24 | timeout=2025-02-15 15:59
[trade:close] 2025-02-10 23:59 TRXUSDT LONG → take_profit @ 0.24 | PnL=+6.21% (net +6.11%) | cum=-19.99% 2025-02=+6.11% 2025-02-10=+6.11%
[predict] 2025-02-28 00:00 TRXUSDT → LONG (proba=0.99 TP=5.4%/SL=2.7%)
[trade:open] 2025-02-28 07:59 TRXUSDT LONG @ 0.22 | SL=0.21 TP=0.23 | timeout=2025-03-07 07:59
[trade:close] 2025-02-28 23:59 TRXUSDT LONG → take_profit @ 0.23 | PnL=+5.40% (net +5.30%) | cum=-14.69% 2025-02=+11.41% 2025-02-28=+5.30%
[lgbm] === Training for 2025-03 ===
  Train window: 2023-03-01 → 2025-03-01
  2193 training samples from 1 symbols
  Samples per month: 2023-03: 93, 2023-04: 90, 2023-05: 93, 2023-06: 90, 2023-07: 93, 2023-08: 93, 2023-09: 90, 2023-10: 93, 2023-11: 90, 2023-12: 93, 2024-01: 93, 2024-02: 87, 2024-03: 93, 2024-04: 90, 2024-05: 93, 2024-06: 90, 2024-07: 93, 2024-08: 93, 2024-09: 90, 2024-10: 93, 2024-11: 90, 2024-12: 93, 2025-01: 93, 2025-02: 84
  [label] 2023-05-02 08:00 TRXUSDT entry=0.0685 → LONG | long=tp(+2.94%) short=sl(-1.62%) | scanned=9 | long_tp_only
  [label] 2023-05-04 16:00 TRXUSDT entry=0.0693 → LONG | long=tp(+2.76%) short=sl(-1.53%) | scanned=3 | long_tp_only
  [label] 2023-05-08 08:00 TRXUSDT entry=0.0684 → LONG | long=sl(-1.54%) short=sl(-1.54%) | scanned=5 | no_tp→fwd_return=+1.3897
  [label] 2023-06-02 08:00 TRXUSDT entry=0.0762 → LONG | long=tp(+2.86%) short=sl(-1.58%) | scanned=1 | long_tp_only
  [label] 2023-07-25 08:00 TRXUSDT entry=0.0817 → LONG | long=tp(+4.14%) short=sl(-2.22%) | scanned=10 | long_tp_only
  [label] 2024-01-09 08:00 TRXUSDT entry=0.1021 → LONG | long=tp(+3.42%) short=sl(-1.86%) | scanned=4 | long_tp_only
  [label] 2024-01-13 08:00 TRXUSDT entry=0.1151 → SHORT | long=sl(-1.97%) short=sl(-1.97%) | scanned=4 | no_tp→fwd_return=-3.4141
  [label] 2024-01-24 00:00 TRXUSDT entry=0.1072 → LONG | long=tp(+3.33%) short=sl(-1.81%) | scanned=4 | long_tp_only
  [label] 2024-03-09 08:00 TRXUSDT entry=0.1360 → SHORT | long=sl(-1.28%) short=tp(+2.26%) | scanned=5 | short_tp_only
  [label] 2024-03-18 00:00 TRXUSDT entry=0.1268 → SHORT | long=sl(-1.41%) short=tp(+2.53%) | scanned=2 | short_tp_only
  [label] 2024-06-17 16:00 TRXUSDT entry=0.1167 → SHORT | long=sl(-1.24%) short=tp(+2.17%) | scanned=1 | short_tp_only
  [label] 2024-07-19 16:00 TRXUSDT entry=0.1345 → SHORT | long=sl(-1.29%) short=sl(-1.29%) | scanned=9 | no_tp→fwd_return=-1.6799
  [label] 2024-08-05 00:00 TRXUSDT entry=0.1204 → LONG | long=sl(-1.99%) short=sl(-1.99%) | scanned=2 | no_tp→fwd_return=+0.8387
  [label] 2024-08-18 00:00 TRXUSDT entry=0.1334 → LONG | long=tp(+2.31%) short=sl(-1.30%) | scanned=4 | long_tp_only
  [label] 2024-09-05 16:00 TRXUSDT entry=0.1497 → LONG | long=sl(-1.80%) short=sl(-1.80%) | scanned=7 | no_tp→fwd_return=+1.1222
  [label] 2024-09-12 00:00 TRXUSDT entry=0.1536 → SHORT | long=sl(-1.29%) short=tp(+2.28%) | scanned=5 | short_tp_only
  [label] 2024-09-24 08:00 TRXUSDT entry=0.1516 → LONG | long=sl(-0.89%) short=sl(-0.89%) | scanned=6 | no_tp→fwd_return=+0.7256
  [label] 2024-11-03 08:00 TRXUSDT entry=0.1638 → SHORT | long=sl(-1.05%) short=sl(-1.05%) | scanned=5 | no_tp→fwd_return=-0.9221
  [label] 2024-11-13 08:00 TRXUSDT entry=0.1814 → LONG | long=sl(-2.42%) short=sl(-2.42%) | scanned=6 | no_tp→fwd_return=+1.4116
  [label] 2025-02-08 08:00 TRXUSDT entry=0.2303 → LONG | long=tp(+6.11%) short=sl(-3.20%) | scanned=7 | long_tp_only
  Labels: 1225 long (55.9%), 968 short (44.1%) | weights: min=1.00, mean=2.59, max=10.00
  Features: 2193/2193 matched, 13 columns
  CV gap: 22 rows
    [trial 0] 13 features, training_days=230 | threshold=0.779 | labels: 1225 long, 968 short (56/44%)
    [CV fold 0] train_end=2023-06-24 00:00 | val_start=2023-07-01 16:00 | gap=184h (22 rows)
    [CV fold 1] train_end=2023-10-23 16:00 | val_start=2023-10-31 08:00 | gap=184h (22 rows)
    [CV fold 2] train_end=2024-02-22 08:00 | val_start=2024-03-01 00:00 | gap=184h (22 rows)
    [CV fold 3] train_end=2024-06-23 00:00 | val_start=2024-06-30 16:00 | gap=184h (22 rows)
    [CV fold 4] train_end=2024-10-22 16:00 | val_start=2024-10-30 08:00 | gap=184h (22 rows)
    [trial 0] Sharpe=-0.0314 (folds: -0.1315, 0.1375, -0.0938, 0.0357, -0.1049)
    [trial 1] 13 features, training_days=410 | threshold=0.693 | labels: 1225 long, 968 short (56/44%)
    [trial 1] Sharpe=-0.0116 (folds: -0.1960, -0.0537, -0.1043, 0.3511, -0.0553)
    [trial 2] 13 features, training_days=270 | threshold=0.546 | labels: 1225 long, 968 short (56/44%)[I 2026-05-07 00:30:33,369] Trial 2 finished with value: -0.025891521192368584 and parameters: {'confidence_threshold': 0.546341527225763, 'training_days': 270, 'n_estimators': 120, 'max_depth': 4, 'num_leaves': 53, 'learning_rate': 0.060197068579343475, 'subsample': 0.588227873455941, 'min_child_samples': 91, 'reg_alpha': 2.3457771824819002e-08, 'reg_lambda': 1.1358840775642732e-08}. Best is trial 1 with value: -0.011646839249337205.
[I 2026-05-07 00:30:33,537] Trial 3 finished with value: -0.0009930304854636834 and parameters: {'confidence_threshold': 0.6000319676300473, 'training_days': 270, 'n_estimators': 382, 'max_depth': 4, 'num_leaves': 44, 'learning_rate': 0.09185046765032388, 'subsample': 0.6743651508646724, 'min_child_samples': 77, 'reg_alpha': 0.0013974578104212739, 'reg_lambda': 8.97190257982477e-08}. Best is trial 3 with value: -0.0009930304854636834.
[I 2026-05-07 00:30:33,857] Trial 4 finished with value: 0.027253229484138875 and parameters: {'confidence_threshold': 0.7642618789055509, 'training_days': 390, 'n_estimators': 464, 'max_depth': 5, 'num_leaves': 30, 'learning_rate': 0.024562383309704932, 'subsample': 0.8612975035964376, 'min_child_samples': 36, 'reg_alpha': 1.593999300080167, 'reg_lambda': 0.006081270362829788}. Best is trial 4 with value: 0.027253229484138875.
[I 2026-05-07 00:30:33,993] Trial 5 finished with value: 0.09847426865140456 and parameters: {'confidence_threshold': 0.6029115860358569, 'training_days': 60, 'n_estimators': 441, 'max_depth': 3, 'num_leaves': 66, 'learning_rate': 0.044953114425778824, 'subsample': 0.7098948461279406, 'min_child_samples': 15, 'reg_alpha': 4.888753565548431e-07, 'reg_lambda': 4.198190642566389}. Best is trial 5 with value: 0.09847426865140456.
[I 2026-05-07 00:30:34,180] Trial 6 finished with value: -0.1459171183225056 and parameters: {'confidence_threshold': 0.7376932868314098, 'training_days': 290, 'n_estimators': 249, 'max_depth': 5, 'num_leaves': 121, 'learning_rate': 0.015565840632862623, 'subsample': 0.8390183783709677, 'min_child_samples': 19, 'reg_alpha': 1.860444687368747e-08, 'reg_lambda': 2.7391483548058117e-06}. Best is trial 5 with value: 0.09847426865140456.
[I 2026-05-07 00:30:34,212] Trial 7 finished with value: 0.04661019289513766 and parameters: {'confidence_threshold': 0.563503962036334, 'training_days': 70, 'n_estimators': 63, 'max_depth': 3, 'num_leaves': 47, 'learning_rate': 0.18074927623018475, 'subsample': 0.5059692991701257, 'min_child_samples': 9, 'reg_alpha': 3.6945804405602874e-08, 'reg_lambda': 0.027706035542028905}. Best is trial 5 with value: 0.09847426865140456.
[I 2026-05-07 00:30:34,298] Trial 8 finished with value: 0.0512311307864306 and parameters: {'confidence_threshold': 0.6525471176758836, 'training_days': 440, 'n_estimators': 116, 'max_depth': 4, 'num_leaves': 115, 'learning_rate': 0.010229952960863938, 'subsample': 0.5062159465415076, 'min_child_samples': 54, 'reg_alpha': 6.790626457822126e-06, 'reg_lambda': 1.7869141074987722e-05}. Best is trial 5 with value: 0.09847426865140456.
[I 2026-05-07 00:30:34,391] Trial 9 finished with value: -1.8984124795623392 and parameters: {'confidence_threshold': 0.7277571993354469, 'training_days': 360, 'n_estimators': 75, 'max_depth': 5, 'num_leaves': 41, 'learning_rate': 0.014186743931212992, 'subsample': 0.7445187273047605, 'min_child_samples': 22, 'reg_alpha': 0.02393227447113315, 'reg_lambda': 0.009236766173618426}. Best is trial 5 with value: 0.09847426865140456.
[I 2026-05-07 00:30:34,793] A new study created in memory with name: no-name-09167228-901c-43b7-b4ee-1f05780c92ee
[I 2026-05-07 00:30:35,074] Trial 0 finished with value: -0.000139280225907705 and parameters: {'confidence_threshold': 0.7790993046299082, 'training_days': 230, 'n_estimators': 295, 'max_depth': 5, 'num_leaves': 83, 'learning_rate': 0.051543455158230854, 'subsample': 0.8773243492079463, 'min_child_samples': 10, 'reg_alpha': 0.034096514368237685, 'reg_lambda': 3.154180388637081e-05}. Best is trial 0 with value: -0.000139280225907705.
[I 2026-05-07 00:30:35,207] Trial 1 finished with value: 0.21180312318179081 and parameters: {'confidence_threshold': 0.6929247853618086, 'training_days': 410, 'n_estimators': 233, 'max_depth': 5, 'num_leaves': 108, 'learning_rate': 0.013724237108071606, 'subsample': 0.7013182233636002, 'min_child_samples': 94, 'reg_alpha': 2.4040959529260723e-06, 'reg_lambda': 5.320966582161148}. Best is trial 1 with value: 0.21180312318179081.
[I 2026-05-07 00:30:35,273] Trial 2 finished with value: 0.0508248779503934 and parameters: {'confidence_threshold': 0.546341527225763, 'training_days': 270, 'n_estimators': 120, 'max_depth': 4, 'num_leaves': 53, 'learning_rate': 0.060197068579343475, 'subsample': 0.588227873455941, 'min_child_samples': 91, 'reg_alpha': 2.3457771824819002e-08, 'reg_lambda': 1.1358840775642732e-08}. Best is trial 1 with value: 0.21180312318179081.
[I 2026-05-07 00:30:35,442] Trial 3 finished with value: -0.0013337378471511327 and parameters: {'confidence_threshold': 0.6000319676300473, 'training_days': 270, 'n_estimators': 382, 'max_depth': 4, 'num_leaves': 44, 'learning_rate': 0.09185046765032388, 'subsample': 0.6743651508646724, 'min_child_samples': 77, 'reg_alpha': 0.0013974578104212739, 'reg_lambda': 8.97190257982477e-08}. Best is trial 1 with value: 0.21180312318179081.
[I 2026-05-07 00:30:35,782] Trial 4 finished with value: 0.1090035813380188 and parameters: {'confidence_threshold': 0.7642618789055509, 'training_days': 390, 'n_estimators': 464, 'max_depth': 5, 'num_leaves': 30, 'learning_rate': 0.024562383309704932, 'subsample': 0.8612975035964376, 'min_child_samples': 36, 'reg_alpha': 1.593999300080167, 'reg_lambda': 0.006081270362829788}. Best is trial 1 with value: 0.21180312318179081.
[I 2026-05-07 00:30:35,913] Trial 5 finished with value: 0.06428247400729784 and parameters: {'confidence_threshold': 0.6029115860358569, 'training_days': 60, 'n_estimators': 441, 'max_depth': 3, 'num_leaves': 66, 'learning_rate': 0.044953114425778824, 'subsample': 0.7098948461279406, 'min_child_samples': 15, 'reg_alpha': 4.888753565548431e-07, 'reg_lambda': 4.198190642566389}. Best is trial 1 with value: 0.21180312318179081.
[I 2026-05-07 00:30:36,117] Trial 6 finished with value: 0.014652643309873587 and parameters: {'confidence_threshold': 0.7376932868314098, 'training_days': 290, 'n_estimators': 249, 'max_depth': 5, 'num_leaves': 121, 'learning_rate': 0.015565840632862623, 'subsample': 0.8390183783709677, 'min_child_samples': 19, 'reg_alpha': 1.860444687368747e-08, 'reg_lambda': 2.7391483548058117e-06}. Best is trial 1 with value: 0.21180312318179081.
[I 2026-05-07 00:30:36,152] Trial 7 finished with value: 0.05237732327906001 and parameters: {'confidence_threshold': 0.563503962036334, 'training_days': 70, 'n_estimators': 63, 'max_depth': 3, 'num_leaves': 47, 'learning_rate': 0.18074927623018475, 'subsample': 0.5059692991701257, 'min_child_samples': 9, 'reg_alpha': 3.6945804405602874e-08, 'reg_lambda': 0.027706035542028905}. Best is trial 1 with value: 0.21180312318179081.
[I 2026-05-07 00:30:36,229] Trial 8 finished with value: -1.9836793724650117 and parameters: {'confidence_threshold': 0.6525471176758836, 'training_days': 440, 'n_estimators': 116, 'max_depth': 4, 'num_leaves': 115, 'learning_rate': 0.010229952960863938, 'subsample': 0.5062159465415076, 'min_child_samples': 54, 'reg_alpha': 6.790626457822126e-06, 'reg_lambda': 1.7869141074987722e-05}. Best is trial 1 with value: 0.21180312318179081.
