    [trial 1] 13 features, training_days=410 | threshold=0.693 | labels: 1070 long, 1120 short (49/51%)[I 2026-05-07 00:28:36,598] Trial 1 finished with value: -0.07703217818279515 and parameters: {'confidence_threshold': 0.6929247853618086, 'training_days': 410, 'n_estimators': 233, 'max_depth': 5, 'num_leaves': 108, 'learning_rate': 0.013724237108071606, 'subsample': 0.7013182233636002, 'min_child_samples': 94, 'reg_alpha': 2.4040959529260723e-06, 'reg_lambda': 5.320966582161148}. Best is trial 0 with value: -0.057637537921321126.
[I 2026-05-07 00:28:36,659] Trial 2 finished with value: 0.04287785656556027 and parameters: {'confidence_threshold': 0.546341527225763, 'training_days': 270, 'n_estimators': 120, 'max_depth': 4, 'num_leaves': 53, 'learning_rate': 0.060197068579343475, 'subsample': 0.588227873455941, 'min_child_samples': 91, 'reg_alpha': 2.3457771824819002e-08, 'reg_lambda': 1.1358840775642732e-08}. Best is trial 2 with value: 0.04287785656556027.
[I 2026-05-07 00:28:36,827] Trial 3 finished with value: -0.06179685133702647 and parameters: {'confidence_threshold': 0.6000319676300473, 'training_days': 270, 'n_estimators': 382, 'max_depth': 4, 'num_leaves': 44, 'learning_rate': 0.09185046765032388, 'subsample': 0.6743651508646724, 'min_child_samples': 77, 'reg_alpha': 0.0013974578104212739, 'reg_lambda': 8.97190257982477e-08}. Best is trial 2 with value: 0.04287785656556027.
[I 2026-05-07 00:28:37,188] Trial 4 finished with value: -0.008180066892362909 and parameters: {'confidence_threshold': 0.7642618789055509, 'training_days': 390, 'n_estimators': 464, 'max_depth': 5, 'num_leaves': 30, 'learning_rate': 0.024562383309704932, 'subsample': 0.8612975035964376, 'min_child_samples': 36, 'reg_alpha': 1.593999300080167, 'reg_lambda': 0.006081270362829788}. Best is trial 2 with value: 0.04287785656556027.
[I 2026-05-07 00:28:37,328] Trial 5 finished with value: -0.043287668392128185 and parameters: {'confidence_threshold': 0.6029115860358569, 'training_days': 60, 'n_estimators': 441, 'max_depth': 3, 'num_leaves': 66, 'learning_rate': 0.044953114425778824, 'subsample': 0.7098948461279406, 'min_child_samples': 15, 'reg_alpha': 4.888753565548431e-07, 'reg_lambda': 4.198190642566389}. Best is trial 2 with value: 0.04287785656556027.
[I 2026-05-07 00:28:37,544] Trial 6 finished with value: -0.028014752449807688 and parameters: {'confidence_threshold': 0.7376932868314098, 'training_days': 290, 'n_estimators': 249, 'max_depth': 5, 'num_leaves': 121, 'learning_rate': 0.015565840632862623, 'subsample': 0.8390183783709677, 'min_child_samples': 19, 'reg_alpha': 1.860444687368747e-08, 'reg_lambda': 2.7391483548058117e-06}. Best is trial 2 with value: 0.04287785656556027.
[I 2026-05-07 00:28:37,579] Trial 7 finished with value: -0.033266541739066645 and parameters: {'confidence_threshold': 0.563503962036334, 'training_days': 70, 'n_estimators': 63, 'max_depth': 3, 'num_leaves': 47, 'learning_rate': 0.18074927623018475, 'subsample': 0.5059692991701257, 'min_child_samples': 9, 'reg_alpha': 3.6945804405602874e-08, 'reg_lambda': 0.027706035542028905}. Best is trial 2 with value: 0.04287785656556027.
[I 2026-05-07 00:28:37,659] Trial 8 finished with value: 0.009739207136217154 and parameters: {'confidence_threshold': 0.6525471176758836, 'training_days': 440, 'n_estimators': 116, 'max_depth': 4, 'num_leaves': 115, 'learning_rate': 0.010229952960863938, 'subsample': 0.5062159465415076, 'min_child_samples': 54, 'reg_alpha': 6.790626457822126e-06, 'reg_lambda': 1.7869141074987722e-05}. Best is trial 2 with value: 0.04287785656556027.
[I 2026-05-07 00:28:37,740] Trial 9 finished with value: -2.0155094531536824 and parameters: {'confidence_threshold': 0.7277571993354469, 'training_days': 360, 'n_estimators': 75, 'max_depth': 5, 'num_leaves': 41, 'learning_rate': 0.014186743931212992, 'subsample': 0.7445187273047605, 'min_child_samples': 22, 'reg_alpha': 0.02393227447113315, 'reg_lambda': 0.009236766173618426}. Best is trial 2 with value: 0.04287785656556027.
[I 2026-05-07 00:28:37,977] A new study created in memory with name: no-name-1aadbd3a-aa34-4fa1-8454-c3839802c743
[I 2026-05-07 00:28:38,298] Trial 0 finished with value: -0.06057619402948291 and parameters: {'confidence_threshold': 0.7790993046299082, 'training_days': 230, 'n_estimators': 295, 'max_depth': 5, 'num_leaves': 83, 'learning_rate': 0.051543455158230854, 'subsample': 0.8773243492079463, 'min_child_samples': 10, 'reg_alpha': 0.034096514368237685, 'reg_lambda': 3.154180388637081e-05}. Best is trial 0 with value: -0.06057619402948291.
[I 2026-05-07 00:28:38,459] Trial 1 finished with value: 0.0343314255957385 and parameters: {'confidence_threshold': 0.6929247853618086, 'training_days': 410, 'n_estimators': 233, 'max_depth': 5, 'num_leaves': 108, 'learning_rate': 0.013724237108071606, 'subsample': 0.7013182233636002, 'min_child_samples': 94, 'reg_alpha': 2.4040959529260723e-06, 'reg_lambda': 5.320966582161148}. Best is trial 1 with value: 0.0343314255957385.
[I 2026-05-07 00:28:38,527] Trial 2 finished with value: 0.013216387425711717 and parameters: {'confidence_threshold': 0.546341527225763, 'training_days': 270, 'n_estimators': 120, 'max_depth': 4, 'num_leaves': 53, 'learning_rate': 0.060197068579343475, 'subsample': 0.588227873455941, 'min_child_samples': 91, 'reg_alpha': 2.3457771824819002e-08, 'reg_lambda': 1.1358840775642732e-08}. Best is trial 1 with value: 0.0343314255957385.
[I 2026-05-07 00:28:38,723] Trial 3 finished with value: 0.0177272958017388 and parameters: {'confidence_threshold': 0.6000319676300473, 'training_days': 270, 'n_estimators': 382, 'max_depth': 4, 'num_leaves': 44, 'learning_rate': 0.09185046765032388, 'subsample': 0.6743651508646724, 'min_child_samples': 77, 'reg_alpha': 0.0013974578104212739, 'reg_lambda': 8.97190257982477e-08}. Best is trial 1 with value: 0.0343314255957385.

    [trial 1] Sharpe=-0.0770 (folds: -0.3897, -0.7350, 0.4957, 0.3763, -0.1325)
    [trial 2] 13 features, training_days=270 | threshold=0.546 | labels: 1070 long, 1120 short (49/51%)
    [trial 2] Sharpe=0.0429 (folds: -0.0960, -0.1891, 0.2080, 0.3456, -0.0540)
    [trial 3] 13 features, training_days=270 | threshold=0.600 | labels: 1070 long, 1120 short (49/51%)
    [trial 3] Sharpe=-0.0618 (folds: -0.3729, -0.1763, 0.0617, 0.2590, -0.0804)
    [trial 4] 13 features, training_days=390 | threshold=0.764 | labels: 1070 long, 1120 short (49/51%)
    [trial 4] Sharpe=-0.0082 (folds: -0.2068, -0.1331, 0.0667, 0.4281, -0.1958)
    [trial 5] 13 features, training_days=60 | threshold=0.603 | labels: 1070 long, 1120 short (49/51%)
    [trial 5] Sharpe=-0.0433 (folds: -0.3017, 0.0404, -0.0168, 0.1854, -0.1237)
    [trial 6] 13 features, training_days=290 | threshold=0.738 | labels: 1070 long, 1120 short (49/51%)
    [trial 6] Sharpe=-0.0280 (folds: -0.3528, -0.3063, 0.0326, 0.3901, 0.0965)
    [trial 7] 13 features, training_days=70 | threshold=0.564 | labels: 1070 long, 1120 short (49/51%)
    [trial 7] Sharpe=-0.0333 (folds: -0.0756, -0.1179, 0.0278, 0.1038, -0.1045)
    [trial 8] 13 features, training_days=440 | threshold=0.653 | labels: 1070 long, 1120 short (49/51%)
    [trial 8] Sharpe=0.0097 (folds: -0.3553, -0.2468, 0.4358, 0.3866, -0.1716)
    [trial 9] 13 features, training_days=360 | threshold=0.728 | labels: 1070 long, 1120 short (49/51%)
    [trial 9] Sharpe=-2.0155 (folds: -0.7566, -0.1950, 0.1305, 0.7437, -10.0000)
  Optuna: 10 trials, best Sharpe = 0.0429
  Best params: n_estimators=120, max_depth=4, lr=0.0602, leaves=53
  Best confidence_threshold: 0.546
  Best training_days: 270
  Retrained on full data (810 samples, 13 features)
  Model trained for 2026-05: 17 test candles with features, confidence_threshold=0.546
A (BCHUSDT): 98 trades in 95s (seed=42)
  gate stats: {'BCHUSDT': {'signals_seen': 3167, 'killed_by_zscore': 994, 'killed_by_hurst': 144, 'killed_by_adx': 1127, 'killed_by_low_vol': 377, 'kill_rate': 0.8342279760025261, 'vol_scaled_signals': 525, 'mean_vol_scale': 0.7332089016511132}}
============================================================
MODEL C (LDOUSDT) — seed 42
============================================================
[lgbm] 13 feature columns, 21 walk-forward splits
[lgbm] ATR labeling: 3967/3967 rows with ATR values
[lgbm] No split for 2022-09 (insufficient training data)
[lgbm] No split for 2022-10 (insufficient training data)
[lgbm] No split for 2022-11 (insufficient training data)
[lgbm] No split for 2022-12 (insufficient training data)
[lgbm] No split for 2023-01 (insufficient training data)
[lgbm] No split for 2023-02 (insufficient training data)
[lgbm] No split for 2023-03 (insufficient training data)
[lgbm] No split for 2023-04 (insufficient training data)
[lgbm] No split for 2023-05 (insufficient training data)
[lgbm] No split for 2023-06 (insufficient training data)
[lgbm] No split for 2023-07 (insufficient training data)
[lgbm] No split for 2023-08 (insufficient training data)
[lgbm] No split for 2023-09 (insufficient training data)
[lgbm] No split for 2023-10 (insufficient training data)
[lgbm] No split for 2023-11 (insufficient training data)
[lgbm] No split for 2023-12 (insufficient training data)
[lgbm] No split for 2024-01 (insufficient training data)
[lgbm] No split for 2024-02 (insufficient training data)
[lgbm] No split for 2024-03 (insufficient training data)
[lgbm] No split for 2024-04 (insufficient training data)
[lgbm] No split for 2024-05 (insufficient training data)
[lgbm] No split for 2024-06 (insufficient training data)
[lgbm] No split for 2024-07 (insufficient training data)
[lgbm] No split for 2024-08 (insufficient training data)
[lgbm] === Training for 2024-09 ===
  Train window: 2022-09-01 → 2024-09-01
  2129 training samples from 1 symbols
  Samples per month: 2022-09: 26, 2022-10: 93, 2022-11: 90, 2022-12: 93, 2023-01: 93, 2023-02: 84, 2023-03: 93, 2023-04: 90, 2023-05: 93, 2023-06: 90, 2023-07: 93, 2023-08: 93, 2023-09: 90, 2023-10: 93, 2023-11: 90, 2023-12: 93, 2024-01: 93, 2024-02: 87, 2024-03: 93, 2024-04: 90, 2024-05: 93, 2024-06: 90, 2024-07: 93, 2024-08: 93
  [label] 2022-11-21 16:00 LDOUSDT entry=1.1071 → SHORT | long=sl(-6.47%) short=sl(-6.47%) | scanned=19 | no_tp→fwd_return=-5.7718
  [label] 2022-11-24 00:00 LDOUSDT entry=1.1756 → SHORT | long=sl(-5.70%) short=tp(+11.10%) | scanned=12 | short_tp_only
  [label] 2022-11-27 16:00 LDOUSDT entry=1.0748 → LONG | long=sl(-4.84%) short=sl(-4.84%) | scanned=5 | no_tp→fwd_return=+1.7399
  [label] 2022-12-22 00:00 LDOUSDT entry=0.9016 → LONG | long=tp(+8.24%) short=sl(-4.27%) | scanned=12 | long_tp_only
  [label] 2023-02-11 08:00 LDOUSDT entry=2.3357 → LONG | long=tp(+18.61%) short=sl(-9.46%) | scanned=12 | long_tp_only
  [label] 2023-07-24 08:00 LDOUSDT entry=1.9211 → SHORT | long=sl(-4.17%) short=sl(-4.17%) | scanned=19 | no_tp→fwd_return=-1.5356
  [label] 2023-07-28 08:00 LDOUSDT entry=1.9230 → SHORT | long=sl(-3.71%) short=tp(+7.12%) | scanned=11 | short_tp_only
  [label] 2023-08-07 16:00 LDOUSDT entry=1.8432 → LONG | long=timeout(+0.13%) short=sl(-2.91%) | scanned=22 | no_tp→fwd_return=+0.2333
  [label] 2023-09-21 00:00 LDOUSDT entry=1.5550 → SHORT | long=sl(-2.61%) short=tp(+4.92%) | scanned=2 | short_tp_only
  [label] 2023-09-29 08:00 LDOUSDT entry=1.6167 → LONG | long=tp(+5.05%) short=sl(-2.68%) | scanned=4 | long_tp_only
  [label] 2023-12-27 00:00 LDOUSDT entry=2.3873 → LONG | long=tp(+9.61%) short=sl(-4.95%) | scanned=1 | long_tp_only
  [label] 2024-01-27 08:00 LDOUSDT entry=3.0108 → SHORT | long=sl(-4.87%) short=sl(-4.87%) | scanned=12 | no_tp→fwd_return=-3.2815
  [label] 2024-02-12 00:00 LDOUSDT entry=2.8851 → LONG | long=tp(+6.71%) short=sl(-3.50%) | scanned=2 | long_tp_only
  [label] 2024-02-24 16:00 LDOUSDT entry=3.2912 → LONG | long=tp(+8.93%) short=sl(-4.61%) | scanned=6 | long_tp_only
  [label] 2024-03-13 16:00 LDOUSDT entry=3.4348 → SHORT | long=sl(-5.15%) short=tp(+9.99%) | scanned=3 | short_tp_only
  [label] 2024-03-19 16:00 LDOUSDT entry=2.3104 → LONG | long=tp(+15.89%) short=sl(-8.09%) | scanned=5 | long_tp_only
  [label] 2024-04-01 00:00 LDOUSDT entry=2.8516 → SHORT | long=sl(-5.34%) short=tp(+10.38%) | scanned=6 | short_tp_only
  [label] 2024-05-09 16:00 LDOUSDT entry=1.9007 → SHORT | long=sl(-4.78%) short=tp(+9.26%) | scanned=10 | short_tp_only
  [label] 2024-05-19 08:00 LDOUSDT entry=1.7429 → LONG | long=tp(+8.61%) short=sl(-4.45%) | scanned=4 | long_tp_only
  [label] 2024-08-12 00:00 LDOUSDT entry=1.0632 → SHORT | long=sl(-6.79%) short=timeout(+1.43%) | scanned=22 | no_tp→fwd_return=-1.5331
  Labels: 1026 long (48.2%), 1103 short (51.8%) | weights: min=1.04, mean=3.92, max=10.00
  Features: 2129/2129 matched, 13 columns
  CV gap: 22 rows
    [trial 0] 13 features, training_days=230 | threshold=0.779 | labels: 1026 long, 1103 short (48/52%)
    [CV fold 0] train_end=2023-01-12 08:00 | val_start=2023-01-20 00:00 | gap=184h (22 rows)
    [CV fold 1] train_end=2023-05-10 08:00 | val_start=2023-05-18 00:00 | gap=184h (22 rows)
    [CV fold 2] train_end=2023-09-05 08:00 | val_start=2023-09-13 00:00 | gap=184h (22 rows)
    [CV fold 3] train_end=2024-01-01 08:00 | val_start=2024-01-09 00:00 | gap=184h (22 rows)
    [CV fold 4] train_end=2024-04-28 08:00 | val_start=2024-05-06 00:00 | gap=184h (22 rows)
    [trial 0] Sharpe=-0.0606 (folds: 0.1176, -0.0890, -0.1536, -0.1001, -0.0779)
    [trial 1] 13 features, training_days=410 | threshold=0.693 | labels: 1026 long, 1103 short (48/52%)
    [trial 1] Sharpe=0.0343 (folds: 0.1649, -0.0547, -0.0361, -0.0345, 0.1320)
    [trial 2] 13 features, training_days=270 | threshold=0.546 | labels: 1026 long, 1103 short (48/52%)
    [trial 2] Sharpe=0.0132 (folds: 0.2456, -0.0858, -0.1446, -0.0362, 0.0871)
    [trial 3] 13 features, training_days=270 | threshold=0.600 | labels: 1026 long, 1103 short (48/52%)
    [trial 3] Sharpe=0.0177 (folds: 0.1833, 0.0337, -0.0852, -0.0949, 0.0517)
    [trial 4] 13 features, training_days=390 | threshold=0.764 | labels: 1026 long, 1103 short (48/52%)
    [trial 4] Sharpe=-0.0103 (folds: 0.1341, -0.0485, -0.0216, -0.0798, -0.0358)[I 2026-05-07 00:28:39,149] Trial 4 finished with value: -0.010327341590005907 and parameters: {'confidence_threshold': 0.7642618789055509, 'training_days': 390, 'n_estimators': 464, 'max_depth': 5, 'num_leaves': 30, 'learning_rate': 0.024562383309704932, 'subsample': 0.8612975035964376, 'min_child_samples': 36, 'reg_alpha': 1.593999300080167, 'reg_lambda': 0.006081270362829788}. Best is trial 1 with value: 0.0343314255957385.
[I 2026-05-07 00:28:39,287] Trial 5 finished with value: 0.017666145084234114 and parameters: {'confidence_threshold': 0.6029115860358569, 'training_days': 60, 'n_estimators': 441, 'max_depth': 3, 'num_leaves': 66, 'learning_rate': 0.044953114425778824, 'subsample': 0.7098948461279406, 'min_child_samples': 15, 'reg_alpha': 4.888753565548431e-07, 'reg_lambda': 4.198190642566389}. Best is trial 1 with value: 0.0343314255957385.
[I 2026-05-07 00:28:39,509] Trial 6 finished with value: -0.007424244396278335 and parameters: {'confidence_threshold': 0.7376932868314098, 'training_days': 290, 'n_estimators': 249, 'max_depth': 5, 'num_leaves': 121, 'learning_rate': 0.015565840632862623, 'subsample': 0.8390183783709677, 'min_child_samples': 19, 'reg_alpha': 1.860444687368747e-08, 'reg_lambda': 2.7391483548058117e-06}. Best is trial 1 with value: 0.0343314255957385.
[I 2026-05-07 00:28:39,544] Trial 7 finished with value: 0.05071252970774902 and parameters: {'confidence_threshold': 0.563503962036334, 'training_days': 70, 'n_estimators': 63, 'max_depth': 3, 'num_leaves': 47, 'learning_rate': 0.18074927623018475, 'subsample': 0.5059692991701257, 'min_child_samples': 9, 'reg_alpha': 3.6945804405602874e-08, 'reg_lambda': 0.027706035542028905}. Best is trial 7 with value: 0.05071252970774902.
[I 2026-05-07 00:28:39,638] Trial 8 finished with value: 0.0954925853462725 and parameters: {'confidence_threshold': 0.6525471176758836, 'training_days': 440, 'n_estimators': 116, 'max_depth': 4, 'num_leaves': 115, 'learning_rate': 0.010229952960863938, 'subsample': 0.5062159465415076, 'min_child_samples': 54, 'reg_alpha': 6.790626457822126e-06, 'reg_lambda': 1.7869141074987722e-05}. Best is trial 8 with value: 0.0954925853462725.
[I 2026-05-07 00:28:39,731] Trial 9 finished with value: -0.06777863857310944 and parameters: {'confidence_threshold': 0.7277571993354469, 'training_days': 360, 'n_estimators': 75, 'max_depth': 5, 'num_leaves': 41, 'learning_rate': 0.014186743931212992, 'subsample': 0.7445187273047605, 'min_child_samples': 22, 'reg_alpha': 0.02393227447113315, 'reg_lambda': 0.009236766173618426}. Best is trial 8 with value: 0.0954925853462725.
[I 2026-05-07 00:28:40,004] A new study created in memory with name: no-name-206597f1-79a0-451d-9f99-427b35c6ca17
[I 2026-05-07 00:28:40,302] Trial 0 finished with value: -0.12073490225492692 and parameters: {'confidence_threshold': 0.7790993046299082, 'training_days': 230, 'n_estimators': 295, 'max_depth': 5, 'num_leaves': 83, 'learning_rate': 0.051543455158230854, 'subsample': 0.8773243492079463, 'min_child_samples': 10, 'reg_alpha': 0.034096514368237685, 'reg_lambda': 3.154180388637081e-05}. Best is trial 0 with value: -0.12073490225492692.
[I 2026-05-07 00:28:40,458] Trial 1 finished with value: -0.00606834577520689 and parameters: {'confidence_threshold': 0.6929247853618086, 'training_days': 410, 'n_estimators': 233, 'max_depth': 5, 'num_leaves': 108, 'learning_rate': 0.013724237108071606, 'subsample': 0.7013182233636002, 'min_child_samples': 94, 'reg_alpha': 2.4040959529260723e-06, 'reg_lambda': 5.320966582161148}. Best is trial 1 with value: -0.00606834577520689.
[I 2026-05-07 00:28:40,536] Trial 2 finished with value: -0.026388675267460505 and parameters: {'confidence_threshold': 0.546341527225763, 'training_days': 270, 'n_estimators': 120, 'max_depth': 4, 'num_leaves': 53, 'learning_rate': 0.060197068579343475, 'subsample': 0.588227873455941, 'min_child_samples': 91, 'reg_alpha': 2.3457771824819002e-08, 'reg_lambda': 1.1358840775642732e-08}. Best is trial 1 with value: -0.00606834577520689.
[I 2026-05-07 00:28:40,736] Trial 3 finished with value: -0.0503319306303263 and parameters: {'confidence_threshold': 0.6000319676300473, 'training_days': 270, 'n_estimators': 382, 'max_depth': 4, 'num_leaves': 44, 'learning_rate': 0.09185046765032388, 'subsample': 0.6743651508646724, 'min_child_samples': 77, 'reg_alpha': 0.0013974578104212739, 'reg_lambda': 8.97190257982477e-08}. Best is trial 1 with value: -0.00606834577520689.
[I 2026-05-07 00:28:41,114] Trial 4 finished with value: -0.04019236201043129 and parameters: {'confidence_threshold': 0.7642618789055509, 'training_days': 390, 'n_estimators': 464, 'max_depth': 5, 'num_leaves': 30, 'learning_rate': 0.024562383309704932, 'subsample': 0.8612975035964376, 'min_child_samples': 36, 'reg_alpha': 1.593999300080167, 'reg_lambda': 0.006081270362829788}. Best is trial 1 with value: -0.00606834577520689.
[I 2026-05-07 00:28:41,261] Trial 5 finished with value: -0.050933503597479265 and parameters: {'confidence_threshold': 0.6029115860358569, 'training_days': 60, 'n_estimators': 441, 'max_depth': 3, 'num_leaves': 66, 'learning_rate': 0.044953114425778824, 'subsample': 0.7098948461279406, 'min_child_samples': 15, 'reg_alpha': 4.888753565548431e-07, 'reg_lambda': 4.198190642566389}. Best is trial 1 with value: -0.00606834577520689.
[I 2026-05-07 00:28:41,485] Trial 6 finished with value: -0.13154533514352373 and parameters: {'confidence_threshold': 0.7376932868314098, 'training_days': 290, 'n_estimators': 249, 'max_depth': 5, 'num_leaves': 121, 'learning_rate': 0.015565840632862623, 'subsample': 0.8390183783709677, 'min_child_samples': 19, 'reg_alpha': 1.860444687368747e-08, 'reg_lambda': 2.7391483548058117e-06}. Best is trial 1 with value: -0.00606834577520689.
[I 2026-05-07 00:28:41,521] Trial 7 finished with value: -0.03186999814753888 and parameters: {'confidence_threshold': 0.563503962036334, 'training_days': 70, 'n_estimators': 63, 'max_depth': 3, 'num_leaves': 47, 'learning_rate': 0.18074927623018475, 'subsample': 0.5059692991701257, 'min_child_samples': 9, 'reg_alpha': 3.6945804405602874e-08, 'reg_lambda': 0.027706035542028905}. Best is trial 1 with value: -0.00606834577520689.
[I 2026-05-07 00:28:41,611] Trial 8 finished with value: -2.027817029995906 and parameters: {'confidence_threshold': 0.6525471176758836, 'training_days': 440, 'n_estimators': 116, 'max_depth': 4, 'num_leaves': 115, 'learning_rate': 0.010229952960863938, 'subsample': 0.5062159465415076, 'min_child_samples': 54, 'reg_alpha': 6.790626457822126e-06, 'reg_lambda': 1.7869141074987722e-05}. Best is trial 1 with value: -0.00606834577520689.
