[I 2026-05-07 00:29:47,214] Trial 9 finished with value: 0.2795409903305813 and parameters: {'confidence_threshold': 0.7277571993354469, 'training_days': 360, 'n_estimators': 75, 'max_depth': 5, 'num_leaves': 41, 'learning_rate': 0.014186743931212992, 'subsample': 0.7445187273047605, 'min_child_samples': 22, 'reg_alpha': 0.02393227447113315, 'reg_lambda': 0.009236766173618426}. Best is trial 9 with value: 0.2795409903305813.

  Best params: n_estimators=116, max_depth=4, lr=0.0102, leaves=115
  Best confidence_threshold: 0.653
  Best training_days: 440
  Retrained on full data (1305 samples, 13 features)
  Model trained for 2023-02: 84 test candles with features, confidence_threshold=0.653
[predict] 2023-02-09 16:00 TRXUSDT → SHORT (proba=0.66 TP=5.6%/SL=2.8%)
[trade:open] 2023-02-09 23:59 TRXUSDT SHORT @ 0.06 | SL=0.06 TP=0.06 | timeout=2023-02-16 23:59
[trade:close] 2023-02-12 07:59 TRXUSDT SHORT → stop_loss @ 0.06 | PnL=-2.82% (net -2.92%) | cum=+4.02% 2023-02=-2.92% 2023-02-12=-2.92%
[lgbm] === Training for 2023-03 ===
  Train window: 2021-03-01 → 2023-03-01
  2175 training samples from 1 symbols
  Samples per month: 2021-03: 93, 2021-04: 90, 2021-05: 93, 2021-06: 90, 2021-07: 93, 2021-08: 93, 2021-09: 90, 2021-10: 93, 2021-11: 90, 2021-12: 93, 2022-01: 93, 2022-02: 75, 2022-03: 93, 2022-04: 84, 2022-05: 93, 2022-06: 90, 2022-07: 93, 2022-08: 93, 2022-09: 90, 2022-10: 93, 2022-11: 90, 2022-12: 93, 2023-01: 93, 2023-02: 84
  [label] 2021-05-01 16:00 TRXUSDT entry=0.1313 → LONG | long=sl(-6.65%) short=sl(-6.65%) | scanned=12 | no_tp→fwd_return=+11.9753
  [label] 2021-05-04 00:00 TRXUSDT entry=0.1254 → LONG | long=tp(+12.51%) short=sl(-6.40%) | scanned=5 | long_tp_only
  [label] 2021-05-07 16:00 TRXUSDT entry=0.1477 → SHORT | long=sl(-7.06%) short=tp(+13.82%) | scanned=9 | short_tp_only
  [label] 2021-06-01 16:00 TRXUSDT entry=0.0761 → SHORT | long=sl(-7.63%) short=sl(-7.63%) | scanned=19 | no_tp→fwd_return=-7.8581
  [label] 2021-07-24 00:00 TRXUSDT entry=0.0566 → LONG | long=tp(+6.47%) short=sl(-3.38%) | scanned=6 | long_tp_only
  [label] 2022-01-06 16:00 TRXUSDT entry=0.0710 → SHORT | long=sl(-3.08%) short=tp(+5.86%) | scanned=1 | short_tp_only
  [label] 2022-01-10 16:00 TRXUSDT entry=0.0634 → LONG | long=tp(+7.28%) short=sl(-3.79%) | scanned=5 | long_tp_only
  [label] 2022-01-21 08:00 TRXUSDT entry=0.0645 → SHORT | long=sl(-3.60%) short=tp(+6.90%) | scanned=1 | short_tp_only
  [label] 2022-03-10 08:00 TRXUSDT entry=0.0587 → LONG | long=timeout(+3.74%) short=sl(-3.17%) | scanned=22 | no_tp→fwd_return=+3.8350
  [label] 2022-03-19 00:00 TRXUSDT entry=0.0614 → LONG | long=tp(+3.72%) short=sl(-2.01%) | scanned=9 | long_tp_only
  [label] 2022-06-19 16:00 TRXUSDT entry=0.0612 → LONG | long=timeout(+5.96%) short=sl(-7.63%) | scanned=22 | no_tp→fwd_return=+6.0571
  [label] 2022-07-21 16:00 TRXUSDT entry=0.0679 → SHORT | long=sl(-2.42%) short=tp(+4.54%) | scanned=11 | short_tp_only
  [label] 2022-08-06 16:00 TRXUSDT entry=0.0694 → SHORT | long=sl(-2.18%) short=sl(-2.18%) | scanned=10 | no_tp→fwd_return=-1.2970
  [label] 2022-08-19 16:00 TRXUSDT entry=0.0640 → LONG | long=tp(+4.26%) short=sl(-2.28%) | scanned=10 | long_tp_only
  [label] 2022-09-07 00:00 TRXUSDT entry=0.0606 → LONG | long=tp(+3.60%) short=sl(-1.95%) | scanned=6 | long_tp_only
  [label] 2022-09-13 08:00 TRXUSDT entry=0.0614 → SHORT | long=sl(-2.01%) short=sl(-2.01%) | scanned=17 | no_tp→fwd_return=-3.0125
  [label] 2022-09-25 16:00 TRXUSDT entry=0.0597 → SHORT | long=sl(-1.84%) short=sl(-1.84%) | scanned=7 | no_tp→fwd_return=-1.0560
  [label] 2022-11-04 08:00 TRXUSDT entry=0.0629 → LONG | long=tp(+2.88%) short=sl(-1.59%) | scanned=6 | long_tp_only
  [label] 2022-11-14 08:00 TRXUSDT entry=0.0493 → LONG | long=timeout(+4.06%) short=sl(-5.89%) | scanned=22 | no_tp→fwd_return=+4.1616
  [label] 2023-02-08 16:00 TRXUSDT entry=0.0669 → SHORT | long=sl(-2.49%) short=tp(+4.67%) | scanned=3 | short_tp_only
  Labels: 1163 long (53.5%), 1012 short (46.5%) | weights: min=1.00, mean=2.57, max=10.00
  Features: 2175/2175 matched, 13 columns
  CV gap: 22 rows
    [trial 0] 13 features, training_days=230 | threshold=0.779 | labels: 1163 long, 1012 short (53/47%)
    [CV fold 0] train_end=2021-06-23 00:00 | val_start=2021-06-30 16:00 | gap=184h (22 rows)
    [CV fold 1] train_end=2021-10-21 16:00 | val_start=2021-10-29 08:00 | gap=184h (22 rows)
    [CV fold 2] train_end=2022-02-19 08:00 | val_start=2022-03-02 00:00 | gap=256h (22 rows)
    [CV fold 3] train_end=2022-06-25 00:00 | val_start=2022-07-02 16:00 | gap=184h (22 rows)
    [CV fold 4] train_end=2022-10-23 16:00 | val_start=2022-10-31 08:00 | gap=184h (22 rows)
    [trial 0] Sharpe=-0.0449 (folds: 0.1902, 0.4055, -0.4975, -0.0574, -0.2653)
    [trial 1] 13 features, training_days=410 | threshold=0.693 | labels: 1163 long, 1012 short (53/47%)
    [trial 1] Sharpe=0.0791 (folds: 0.0338, 0.3001, 0.0504, 0.1054, -0.0942)
    [trial 2] 13 features, training_days=270 | threshold=0.546 | labels: 1163 long, 1012 short (53/47%)
    [trial 2] Sharpe=-0.0131 (folds: 0.0013, 0.1002, -0.0534, 0.0316, -0.1454)
    [trial 3] 13 features, training_days=270 | threshold=0.600 | labels: 1163 long, 1012 short (53/47%)
    [trial 3] Sharpe=-0.0263 (folds: 0.0016, 0.1979, -0.2103, 0.0150, -0.1356)
    [trial 4] 13 features, training_days=390 | threshold=0.764 | labels: 1163 long, 1012 short (53/47%)
    [trial 4] Sharpe=0.0534 (folds: 0.0001, 0.3667, 0.0945, -0.0571, -0.1375)
    [trial 5] 13 features, training_days=60 | threshold=0.603 | labels: 1163 long, 1012 short (53/47%)
    [trial 5] Sharpe=-0.0728 (folds: -0.0211, -0.1554, 0.0033, -0.0381, -0.1529)
    [trial 6] 13 features, training_days=290 | threshold=0.738 | labels: 1163 long, 1012 short (53/47%)
    [trial 6] Sharpe=-0.0018 (folds: 0.1687, 0.4932, -0.3591, -0.0083, -0.3035)
    [trial 7] 13 features, training_days=70 | threshold=0.564 | labels: 1163 long, 1012 short (53/47%)
    [trial 7] Sharpe=-0.0963 (folds: -0.0448, -0.1601, 0.0647, -0.1012, -0.2403)
    [trial 8] 13 features, training_days=440 | threshold=0.653 | labels: 1163 long, 1012 short (53/47%)
    [trial 8] Sharpe=0.1341 (folds: -0.0262, 0.4722, -0.0366, -0.0011, 0.2623)
    [trial 9] 13 features, training_days=360 | threshold=0.728 | labels: 1163 long, 1012 short (53/47%)
    [trial 9] Sharpe=0.2795 (folds: 0.1810, 1.3641, -0.1095, 0.0349, -0.0728)
  Optuna: 10 trials, best Sharpe = 0.2795
  Best params: n_estimators=75, max_depth=5, lr=0.0142, leaves=41
  Best confidence_threshold: 0.728
  Best training_days: 360
  Retrained on full data (1074 samples, 13 features)
  Model trained for 2023-03: 93 test candles with features, confidence_threshold=0.728
[lgbm] === Training for 2023-04 ===
  Train window: 2021-04-01 → 2023-04-01
  2175 training samples from 1 symbols
  Samples per month: 2021-04: 90, 2021-05: 93, 2021-06: 90, 2021-07: 93, 2021-08: 93, 2021-09: 90, 2021-10: 93, 2021-11: 90, 2021-12: 93, 2022-01: 93, 2022-02: 75, 2022-03: 93, 2022-04: 84, 2022-05: 93, 2022-06: 90, 2022-07: 93, 2022-08: 93, 2022-09: 90, 2022-10: 93, 2022-11: 90, 2022-12: 93, 2023-01: 93, 2023-02: 84, 2023-03: 93
  [label] 2021-06-01 16:00 TRXUSDT entry=0.0761 → SHORT | long=sl(-7.63%) short=sl(-7.63%) | scanned=19 | no_tp→fwd_return=-7.8581
  [label] 2021-06-04 00:00 TRXUSDT entry=0.0753 → SHORT | long=sl(-6.98%) short=timeout(+3.84%) | scanned=22 | no_tp→fwd_return=-3.9432
  [label] 2021-06-07 16:00 TRXUSDT entry=0.0716 → LONG | long=sl(-5.94%) short=sl(-5.94%) | scanned=8 | no_tp→fwd_return=+2.5140
  [label] 2021-07-02 16:00 TRXUSDT entry=0.0665 → SHORT | long=sl(-4.75%) short=tp(+9.20%) | scanned=18 | short_tp_only
  [label] 2021-08-24 00:00 TRXUSDT entry=0.0909 → SHORT | long=sl(-3.74%) short=tp(+7.17%) | scanned=2 | short_tp_only
  [label] 2022-02-06 16:00 TRXUSDT entry=0.0661 → LONG | long=tp(+5.39%) short=sl(-2.85%) | scanned=4 | long_tp_only
  [label] 2022-02-10 16:00 TRXUSDT entry=0.0684 → SHORT | long=sl(-2.84%) short=tp(+5.38%) | scanned=3 | short_tp_only
  [label] 2022-02-21 08:00 TRXUSDT entry=0.0628 → SHORT | long=sl(-2.85%) short=tp(+5.40%) | scanned=1 | short_tp_only
  [label] 2022-04-12 08:00 TRXUSDT entry=0.0599 → LONG | long=timeout(+4.19%) short=sl(-3.30%) | scanned=22 | no_tp→fwd_return=+4.2934
  [label] 2022-04-21 00:00 TRXUSDT entry=0.0631 → LONG | long=tp(+4.46%) short=sl(-2.38%) | scanned=1 | long_tp_only
  [label] 2022-07-20 16:00 TRXUSDT entry=0.0674 → SHORT | long=sl(-2.55%) short=tp(+4.80%) | scanned=15 | short_tp_only
  [label] 2022-08-21 16:00 TRXUSDT entry=0.0658 → SHORT | long=sl(-2.10%) short=tp(+3.90%) | scanned=14 | short_tp_only[I 2026-05-07 00:29:47,558] A new study created in memory with name: no-name-f941821e-f06f-4c09-88d6-4084fc325eaf
[I 2026-05-07 00:29:47,811] Trial 0 finished with value: -0.10632317923403792 and parameters: {'confidence_threshold': 0.7790993046299082, 'training_days': 230, 'n_estimators': 295, 'max_depth': 5, 'num_leaves': 83, 'learning_rate': 0.051543455158230854, 'subsample': 0.8773243492079463, 'min_child_samples': 10, 'reg_alpha': 0.034096514368237685, 'reg_lambda': 3.154180388637081e-05}. Best is trial 0 with value: -0.10632317923403792.
[I 2026-05-07 00:29:47,960] Trial 1 finished with value: -0.051816052870378417 and parameters: {'confidence_threshold': 0.6929247853618086, 'training_days': 410, 'n_estimators': 233, 'max_depth': 5, 'num_leaves': 108, 'learning_rate': 0.013724237108071606, 'subsample': 0.7013182233636002, 'min_child_samples': 94, 'reg_alpha': 2.4040959529260723e-06, 'reg_lambda': 5.320966582161148}. Best is trial 1 with value: -0.051816052870378417.
[I 2026-05-07 00:29:48,026] Trial 2 finished with value: -0.004163501327229491 and parameters: {'confidence_threshold': 0.546341527225763, 'training_days': 270, 'n_estimators': 120, 'max_depth': 4, 'num_leaves': 53, 'learning_rate': 0.060197068579343475, 'subsample': 0.588227873455941, 'min_child_samples': 91, 'reg_alpha': 2.3457771824819002e-08, 'reg_lambda': 1.1358840775642732e-08}. Best is trial 2 with value: -0.004163501327229491.
[I 2026-05-07 00:29:48,198] Trial 3 finished with value: -0.06520735524300278 and parameters: {'confidence_threshold': 0.6000319676300473, 'training_days': 270, 'n_estimators': 382, 'max_depth': 4, 'num_leaves': 44, 'learning_rate': 0.09185046765032388, 'subsample': 0.6743651508646724, 'min_child_samples': 77, 'reg_alpha': 0.0013974578104212739, 'reg_lambda': 8.97190257982477e-08}. Best is trial 2 with value: -0.004163501327229491.
[I 2026-05-07 00:29:48,573] Trial 4 finished with value: -0.0008582306627120007 and parameters: {'confidence_threshold': 0.7642618789055509, 'training_days': 390, 'n_estimators': 464, 'max_depth': 5, 'num_leaves': 30, 'learning_rate': 0.024562383309704932, 'subsample': 0.8612975035964376, 'min_child_samples': 36, 'reg_alpha': 1.593999300080167, 'reg_lambda': 0.006081270362829788}. Best is trial 4 with value: -0.0008582306627120007.
[I 2026-05-07 00:29:48,722] Trial 5 finished with value: -0.04610675933475418 and parameters: {'confidence_threshold': 0.6029115860358569, 'training_days': 60, 'n_estimators': 441, 'max_depth': 3, 'num_leaves': 66, 'learning_rate': 0.044953114425778824, 'subsample': 0.7098948461279406, 'min_child_samples': 15, 'reg_alpha': 4.888753565548431e-07, 'reg_lambda': 4.198190642566389}. Best is trial 4 with value: -0.0008582306627120007.
[I 2026-05-07 00:29:48,944] Trial 6 finished with value: 0.043887868682493905 and parameters: {'confidence_threshold': 0.7376932868314098, 'training_days': 290, 'n_estimators': 249, 'max_depth': 5, 'num_leaves': 121, 'learning_rate': 0.015565840632862623, 'subsample': 0.8390183783709677, 'min_child_samples': 19, 'reg_alpha': 1.860444687368747e-08, 'reg_lambda': 2.7391483548058117e-06}. Best is trial 6 with value: 0.043887868682493905.
[I 2026-05-07 00:29:48,982] Trial 7 finished with value: 0.028966932337602818 and parameters: {'confidence_threshold': 0.563503962036334, 'training_days': 70, 'n_estimators': 63, 'max_depth': 3, 'num_leaves': 47, 'learning_rate': 0.18074927623018475, 'subsample': 0.5059692991701257, 'min_child_samples': 9, 'reg_alpha': 3.6945804405602874e-08, 'reg_lambda': 0.027706035542028905}. Best is trial 6 with value: 0.043887868682493905.
[I 2026-05-07 00:29:49,080] Trial 8 finished with value: 0.04860750369035423 and parameters: {'confidence_threshold': 0.6525471176758836, 'training_days': 440, 'n_estimators': 116, 'max_depth': 4, 'num_leaves': 115, 'learning_rate': 0.010229952960863938, 'subsample': 0.5062159465415076, 'min_child_samples': 54, 'reg_alpha': 6.790626457822126e-06, 'reg_lambda': 1.7869141074987722e-05}. Best is trial 8 with value: 0.04860750369035423.
[I 2026-05-07 00:29:49,182] Trial 9 finished with value: 0.09016576956897313 and parameters: {'confidence_threshold': 0.7277571993354469, 'training_days': 360, 'n_estimators': 75, 'max_depth': 5, 'num_leaves': 41, 'learning_rate': 0.014186743931212992, 'subsample': 0.7445187273047605, 'min_child_samples': 22, 'reg_alpha': 0.02393227447113315, 'reg_lambda': 0.009236766173618426}. Best is trial 9 with value: 0.09016576956897313.
[I 2026-05-07 00:29:49,525] A new study created in memory with name: no-name-7f2c34d3-a236-44dd-9665-c4b6a5f75978
[I 2026-05-07 00:29:49,786] Trial 0 finished with value: -0.11812860829832524 and parameters: {'confidence_threshold': 0.7790993046299082, 'training_days': 230, 'n_estimators': 295, 'max_depth': 5, 'num_leaves': 83, 'learning_rate': 0.051543455158230854, 'subsample': 0.8773243492079463, 'min_child_samples': 10, 'reg_alpha': 0.034096514368237685, 'reg_lambda': 3.154180388637081e-05}. Best is trial 0 with value: -0.11812860829832524.
[I 2026-05-07 00:29:49,932] Trial 1 finished with value: -0.08735520623982342 and parameters: {'confidence_threshold': 0.6929247853618086, 'training_days': 410, 'n_estimators': 233, 'max_depth': 5, 'num_leaves': 108, 'learning_rate': 0.013724237108071606, 'subsample': 0.7013182233636002, 'min_child_samples': 94, 'reg_alpha': 2.4040959529260723e-06, 'reg_lambda': 5.320966582161148}. Best is trial 1 with value: -0.08735520623982342.
[I 2026-05-07 00:29:50,002] Trial 2 finished with value: 7.714195416915204e-05 and parameters: {'confidence_threshold': 0.546341527225763, 'training_days': 270, 'n_estimators': 120, 'max_depth': 4, 'num_leaves': 53, 'learning_rate': 0.060197068579343475, 'subsample': 0.588227873455941, 'min_child_samples': 91, 'reg_alpha': 2.3457771824819002e-08, 'reg_lambda': 1.1358840775642732e-08}. Best is trial 2 with value: 7.714195416915204e-05.
