[I 2026-05-07 00:27:19,849] Trial 9 finished with value: -2.143290215099362 and parameters: {'confidence_threshold': 0.7277571993354469, 'training_days': 360, 'n_estimators': 75, 'max_depth': 5, 'num_leaves': 41, 'learning_rate': 0.014186743931212992, 'subsample': 0.7445187273047605, 'min_child_samples': 22, 'reg_alpha': 0.02393227447113315, 'reg_lambda': 0.009236766173618426}. Best is trial 5 with value: 0.07476501960973382.

    [trial 8] Sharpe=-0.0918 (folds: 0.0026, -0.2199, -0.0712, -0.1268, -0.0439)
    [trial 9] 13 features, training_days=360 | threshold=0.728 | labels: 1042 long, 1148 short (48/52%)
    [trial 9] Sharpe=-0.2085 (folds: 0.0535, -0.2871, -0.2863, -0.3347, -0.1877)
  Optuna: 10 trials, best Sharpe = -0.0297
  Best params: n_estimators=63, max_depth=3, lr=0.1807, leaves=47
  Best confidence_threshold: 0.564
  Best training_days: 70
  Retrained on full data (210 samples, 13 features)
  Model trained for 2022-09: 90 test candles with features, confidence_threshold=0.564
[predict] 2022-09-10 00:00 BCHUSDT → SHORT (proba=0.82 TP=7.7%/SL=3.8%)
[trade:open] 2022-09-10 07:59 BCHUSDT SHORT @ 131.46 | SL=136.51 TP=121.37 | timeout=2022-09-17 07:59
[trade:close] 2022-09-13 15:59 BCHUSDT SHORT → take_profit @ 121.37 | PnL=+7.68% (net +7.58%) | cum=-22.18% 2022-09=+7.58% 2022-09-13=+7.58%
[lgbm] === Training for 2022-10 ===
  Train window: 2020-10-01 → 2022-10-01
  2190 training samples from 1 symbols
  Samples per month: 2020-10: 93, 2020-11: 90, 2020-12: 93, 2021-01: 93, 2021-02: 84, 2021-03: 93, 2021-04: 90, 2021-05: 93, 2021-06: 90, 2021-07: 93, 2021-08: 93, 2021-09: 90, 2021-10: 93, 2021-11: 90, 2021-12: 93, 2022-01: 93, 2022-02: 84, 2022-03: 93, 2022-04: 90, 2022-05: 93, 2022-06: 90, 2022-07: 93, 2022-08: 93, 2022-09: 90
  [label] 2020-12-02 08:00 BCHUSDT entry=289.2800 → SHORT | long=sl(-6.75%) short=timeout(+7.84%) | scanned=22 | no_tp→fwd_return=-7.9369
  [label] 2020-12-04 08:00 BCHUSDT entry=288.6800 → SHORT | long=sl(-6.33%) short=timeout(+9.44%) | scanned=22 | no_tp→fwd_return=-9.5365
  [label] 2020-12-08 08:00 BCHUSDT entry=274.0300 → LONG | long=sl(-5.07%) short=sl(-5.07%) | scanned=21 | no_tp→fwd_return=+6.9007
  [label] 2021-01-02 08:00 BCHUSDT entry=354.7700 → LONG | long=tp(+11.10%) short=sl(-5.70%) | scanned=3 | long_tp_only
  [label] 2021-02-24 08:00 BCHUSDT entry=532.9600 → LONG | long=sl(-10.83%) short=timeout(-0.48%) | scanned=22 | no_tp→fwd_return=+0.3790
  [label] 2021-08-10 16:00 BCHUSDT entry=592.3800 → LONG | long=tp(+6.90%) short=sl(-3.60%) | scanned=4 | long_tp_only
  [label] 2021-08-15 00:00 BCHUSDT entry=679.8600 → SHORT | long=sl(-3.68%) short=sl(-3.68%) | scanned=8 | no_tp→fwd_return=-5.8747
  [label] 2021-08-25 16:00 BCHUSDT entry=650.5900 → SHORT | long=sl(-3.60%) short=tp(+6.91%) | scanned=3 | short_tp_only
  [label] 2021-10-10 00:00 BCHUSDT entry=620.3600 → SHORT | long=sl(-3.66%) short=tp(+7.02%) | scanned=7 | short_tp_only
  [label] 2021-10-18 16:00 BCHUSDT entry=611.7900 → LONG | long=tp(+6.54%) short=sl(-3.42%) | scanned=7 | long_tp_only
  [label] 2022-01-18 00:00 BCHUSDT entry=383.8800 → SHORT | long=sl(-2.90%) short=tp(+5.51%) | scanned=8 | short_tp_only
  [label] 2022-02-19 00:00 BCHUSDT entry=314.2600 → SHORT | long=sl(-3.70%) short=tp(+7.09%) | scanned=7 | short_tp_only
  [label] 2022-03-07 08:00 BCHUSDT entry=288.6800 → LONG | long=sl(-4.10%) short=sl(-4.10%) | scanned=5 | no_tp→fwd_return=+4.3959
  [label] 2022-03-20 08:00 BCHUSDT entry=320.0800 → LONG | long=tp(+5.64%) short=sl(-2.97%) | scanned=4 | long_tp_only
  [label] 2022-04-08 00:00 BCHUSDT entry=336.9200 → SHORT | long=sl(-3.78%) short=tp(+7.27%) | scanned=9 | short_tp_only
  [label] 2022-04-14 08:00 BCHUSDT entry=333.3400 → SHORT | long=sl(-3.81%) short=sl(-3.81%) | scanned=11 | no_tp→fwd_return=-4.9649
  [label] 2022-04-26 16:00 BCHUSDT entry=295.8500 → SHORT | long=sl(-3.67%) short=sl(-3.67%) | scanned=12 | no_tp→fwd_return=-6.2498
  [label] 2022-06-05 16:00 BCHUSDT entry=179.8100 → SHORT | long=sl(-4.57%) short=sl(-4.57%) | scanned=13 | no_tp→fwd_return=-3.1589
  [label] 2022-06-15 16:00 BCHUSDT entry=127.8700 → SHORT | long=sl(-7.82%) short=tp(+15.34%) | scanned=2 | short_tp_only
  [label] 2022-09-10 08:00 BCHUSDT entry=132.8900 → SHORT | long=sl(-3.84%) short=tp(+7.37%) | scanned=9 | short_tp_only
  Labels: 1048 long (47.9%), 1142 short (52.1%) | weights: min=1.00, mean=2.44, max=10.00
  Features: 2190/2190 matched, 13 columns
  CV gap: 22 rows
    [trial 0] 13 features, training_days=230 | threshold=0.779 | labels: 1048 long, 1142 short (48/52%)
    [CV fold 0] train_end=2021-01-23 00:00 | val_start=2021-01-30 16:00 | gap=184h (22 rows)
    [CV fold 1] train_end=2021-05-24 16:00 | val_start=2021-06-01 08:00 | gap=184h (22 rows)
    [CV fold 2] train_end=2021-09-23 08:00 | val_start=2021-10-01 00:00 | gap=184h (22 rows)
    [CV fold 3] train_end=2022-01-23 00:00 | val_start=2022-01-30 16:00 | gap=184h (22 rows)
    [CV fold 4] train_end=2022-05-24 16:00 | val_start=2022-06-01 08:00 | gap=184h (22 rows)
    [trial 0] Sharpe=-0.0511 (folds: 0.0342, -0.1475, -0.1309, -0.2112, 0.1998)
    [trial 1] 13 features, training_days=410 | threshold=0.693 | labels: 1048 long, 1142 short (48/52%)
    [trial 1] Sharpe=-0.0088 (folds: 0.0151, -0.1855, -0.0168, 0.0313, 0.1117)
    [trial 2] 13 features, training_days=270 | threshold=0.546 | labels: 1048 long, 1142 short (48/52%)
    [trial 2] Sharpe=-0.0660 (folds: 0.0870, -0.1353, -0.0906, -0.2710, 0.0797)
    [trial 3] 13 features, training_days=270 | threshold=0.600 | labels: 1048 long, 1142 short (48/52%)
    [trial 3] Sharpe=-0.0656 (folds: 0.0589, -0.2244, -0.0540, -0.2429, 0.1344)
    [trial 4] 13 features, training_days=390 | threshold=0.764 | labels: 1048 long, 1142 short (48/52%)
    [trial 4] Sharpe=-0.1226 (folds: -0.0524, -0.1926, -0.1219, -0.2468, 0.0008)
    [trial 5] 13 features, training_days=60 | threshold=0.603 | labels: 1048 long, 1142 short (48/52%)
    [trial 5] Sharpe=0.0748 (folds: 0.0889, 0.0864, 0.0012, 0.0725, 0.1248)
    [trial 6] 13 features, training_days=290 | threshold=0.738 | labels: 1048 long, 1142 short (48/52%)
    [trial 6] Sharpe=-0.1184 (folds: -0.1121, -0.3257, -0.0792, -0.2671, 0.1919)
    [trial 7] 13 features, training_days=70 | threshold=0.564 | labels: 1048 long, 1142 short (48/52%)
    [trial 7] Sharpe=-0.0085 (folds: -0.0297, -0.1067, -0.1091, 0.1086, 0.0945)
    [trial 8] 13 features, training_days=440 | threshold=0.653 | labels: 1048 long, 1142 short (48/52%)
    [trial 8] Sharpe=-0.1652 (folds: -0.0770, -0.1237, -0.2929, -0.1224, -0.2101)
    [trial 9] 13 features, training_days=360 | threshold=0.728 | labels: 1048 long, 1142 short (48/52%)
    [trial 9] Sharpe=-2.1433 (folds: -0.1531, -0.4728, -0.1313, -10.0000, 0.0408)
  Optuna: 10 trials, best Sharpe = 0.0748
  Best params: n_estimators=441, max_depth=3, lr=0.0450, leaves=66
  Best confidence_threshold: 0.603
  Best training_days: 60
  Retrained on full data (180 samples, 13 features)
  Model trained for 2022-10: 93 test candles with features, confidence_threshold=0.603
[lgbm] === Training for 2022-11 ===
  Train window: 2020-11-01 → 2022-11-01
  2190 training samples from 1 symbols
  Samples per month: 2020-11: 90, 2020-12: 93, 2021-01: 93, 2021-02: 84, 2021-03: 93, 2021-04: 90, 2021-05: 93, 2021-06: 90, 2021-07: 93, 2021-08: 93, 2021-09: 90, 2021-10: 93, 2021-11: 90, 2021-12: 93, 2022-01: 93, 2022-02: 84, 2022-03: 93, 2022-04: 90, 2022-05: 93, 2022-06: 90, 2022-07: 93, 2022-08: 93, 2022-09: 90, 2022-10: 93
  [label] 2021-01-02 08:00 BCHUSDT entry=354.7700 → LONG | long=tp(+11.10%) short=sl(-5.70%) | scanned=3 | long_tp_only
  [label] 2021-01-04 08:00 BCHUSDT entry=404.1600 → LONG | long=tp(+12.59%) short=sl(-6.45%) | scanned=7 | long_tp_only
  [label] 2021-01-08 08:00 BCHUSDT entry=432.4800 → LONG | long=tp(+13.09%) short=sl(-6.70%) | scanned=4 | long_tp_only
  [label] 2021-02-02 08:00 BCHUSDT entry=424.6100 → LONG | long=tp(+11.62%) short=sl(-5.96%) | scanned=11 | long_tp_only
  [label] 2021-03-27 08:00 BCHUSDT entry=494.2500 → LONG | long=tp(+9.00%) short=sl(-4.65%) | scanned=13 | long_tp_only
  [label] 2021-09-10 16:00 BCHUSDT entry=628.7800 → SHORT | long=sl(-4.86%) short=sl(-4.86%) | scanned=8 | no_tp→fwd_return=-2.6209
  [label] 2021-09-15 00:00 BCHUSDT entry=638.6800 → SHORT | long=sl(-4.21%) short=tp(+8.11%) | scanned=15 | short_tp_only
  [label] 2021-09-25 16:00 BCHUSDT entry=516.5000 → LONG | long=sl(-4.78%) short=sl(-4.78%) | scanned=18 | no_tp→fwd_return=+5.2507
  [label] 2021-11-10 00:00 BCHUSDT entry=698.4400 → SHORT | long=sl(-3.06%) short=sl(-3.06%) | scanned=2 | no_tp→fwd_return=-5.0312[I 2026-05-07 00:27:20,050] A new study created in memory with name: no-name-4f08bf6d-5167-4769-bcb6-cc58c9ff7ef8
[I 2026-05-07 00:27:20,304] Trial 0 finished with value: -0.17387295304025702 and parameters: {'confidence_threshold': 0.7790993046299082, 'training_days': 230, 'n_estimators': 295, 'max_depth': 5, 'num_leaves': 83, 'learning_rate': 0.051543455158230854, 'subsample': 0.8773243492079463, 'min_child_samples': 10, 'reg_alpha': 0.034096514368237685, 'reg_lambda': 3.154180388637081e-05}. Best is trial 0 with value: -0.17387295304025702.
[I 2026-05-07 00:27:20,429] Trial 1 finished with value: -0.07536479515616482 and parameters: {'confidence_threshold': 0.6929247853618086, 'training_days': 410, 'n_estimators': 233, 'max_depth': 5, 'num_leaves': 108, 'learning_rate': 0.013724237108071606, 'subsample': 0.7013182233636002, 'min_child_samples': 94, 'reg_alpha': 2.4040959529260723e-06, 'reg_lambda': 5.320966582161148}. Best is trial 1 with value: -0.07536479515616482.
[I 2026-05-07 00:27:20,489] Trial 2 finished with value: -0.1411536214951077 and parameters: {'confidence_threshold': 0.546341527225763, 'training_days': 270, 'n_estimators': 120, 'max_depth': 4, 'num_leaves': 53, 'learning_rate': 0.060197068579343475, 'subsample': 0.588227873455941, 'min_child_samples': 91, 'reg_alpha': 2.3457771824819002e-08, 'reg_lambda': 1.1358840775642732e-08}. Best is trial 1 with value: -0.07536479515616482.
[I 2026-05-07 00:27:20,657] Trial 3 finished with value: -0.1345250230657821 and parameters: {'confidence_threshold': 0.6000319676300473, 'training_days': 270, 'n_estimators': 382, 'max_depth': 4, 'num_leaves': 44, 'learning_rate': 0.09185046765032388, 'subsample': 0.6743651508646724, 'min_child_samples': 77, 'reg_alpha': 0.0013974578104212739, 'reg_lambda': 8.97190257982477e-08}. Best is trial 1 with value: -0.07536479515616482.
[I 2026-05-07 00:27:20,991] Trial 4 finished with value: -0.16690927738880082 and parameters: {'confidence_threshold': 0.7642618789055509, 'training_days': 390, 'n_estimators': 464, 'max_depth': 5, 'num_leaves': 30, 'learning_rate': 0.024562383309704932, 'subsample': 0.8612975035964376, 'min_child_samples': 36, 'reg_alpha': 1.593999300080167, 'reg_lambda': 0.006081270362829788}. Best is trial 1 with value: -0.07536479515616482.
[I 2026-05-07 00:27:21,142] Trial 5 finished with value: 0.025862992951894724 and parameters: {'confidence_threshold': 0.6029115860358569, 'training_days': 60, 'n_estimators': 441, 'max_depth': 3, 'num_leaves': 66, 'learning_rate': 0.044953114425778824, 'subsample': 0.7098948461279406, 'min_child_samples': 15, 'reg_alpha': 4.888753565548431e-07, 'reg_lambda': 4.198190642566389}. Best is trial 5 with value: 0.025862992951894724.
[I 2026-05-07 00:27:21,390] Trial 6 finished with value: -0.17960302556355967 and parameters: {'confidence_threshold': 0.7376932868314098, 'training_days': 290, 'n_estimators': 249, 'max_depth': 5, 'num_leaves': 121, 'learning_rate': 0.015565840632862623, 'subsample': 0.8390183783709677, 'min_child_samples': 19, 'reg_alpha': 1.860444687368747e-08, 'reg_lambda': 2.7391483548058117e-06}. Best is trial 5 with value: 0.025862992951894724.
[I 2026-05-07 00:27:21,431] Trial 7 finished with value: -0.03680032770357726 and parameters: {'confidence_threshold': 0.563503962036334, 'training_days': 70, 'n_estimators': 63, 'max_depth': 3, 'num_leaves': 47, 'learning_rate': 0.18074927623018475, 'subsample': 0.5059692991701257, 'min_child_samples': 9, 'reg_alpha': 3.6945804405602874e-08, 'reg_lambda': 0.027706035542028905}. Best is trial 5 with value: 0.025862992951894724.
[I 2026-05-07 00:27:21,510] Trial 8 finished with value: -0.16480551124997947 and parameters: {'confidence_threshold': 0.6525471176758836, 'training_days': 440, 'n_estimators': 116, 'max_depth': 4, 'num_leaves': 115, 'learning_rate': 0.010229952960863938, 'subsample': 0.5062159465415076, 'min_child_samples': 54, 'reg_alpha': 6.790626457822126e-06, 'reg_lambda': 1.7869141074987722e-05}. Best is trial 5 with value: 0.025862992951894724.
[I 2026-05-07 00:27:21,601] Trial 9 finished with value: -0.24921737020510798 and parameters: {'confidence_threshold': 0.7277571993354469, 'training_days': 360, 'n_estimators': 75, 'max_depth': 5, 'num_leaves': 41, 'learning_rate': 0.014186743931212992, 'subsample': 0.7445187273047605, 'min_child_samples': 22, 'reg_alpha': 0.02393227447113315, 'reg_lambda': 0.009236766173618426}. Best is trial 5 with value: 0.025862992951894724.

  [label] 2021-11-18 16:00 BCHUSDT entry=554.4700 → LONG | long=tp(+8.02%) short=sl(-4.16%) | scanned=17 | long_tp_only
  [label] 2022-02-18 00:00 BCHUSDT entry=314.5700 → SHORT | long=sl(-3.83%) short=tp(+7.35%) | scanned=11 | short_tp_only
  [label] 2022-03-22 00:00 BCHUSDT entry=355.3300 → LONG | long=tp(+5.91%) short=sl(-3.11%) | scanned=1 | long_tp_only
  [label] 2022-04-07 08:00 BCHUSDT entry=333.4400 → SHORT | long=sl(-4.05%) short=tp(+7.80%) | scanned=12 | short_tp_only
  [label] 2022-04-20 08:00 BCHUSDT entry=340.8500 → SHORT | long=sl(-3.26%) short=tp(+6.22%) | scanned=4 | short_tp_only
  [label] 2022-05-09 00:00 BCHUSDT entry=253.3400 → SHORT | long=sl(-3.85%) short=tp(+7.41%) | scanned=2 | short_tp_only
  [label] 2022-05-15 08:00 BCHUSDT entry=204.9700 → SHORT | long=sl(-9.50%) short=timeout(+2.98%) | scanned=22 | no_tp→fwd_return=-3.0834
  [label] 2022-05-27 16:00 BCHUSDT entry=174.7600 → LONG | long=tp(+12.27%) short=sl(-6.29%) | scanned=9 | long_tp_only
  [label] 2022-07-06 16:00 BCHUSDT entry=105.8400 → SHORT | long=sl(-4.62%) short=sl(-4.62%) | scanned=15 | no_tp→fwd_return=-6.6043
  [label] 2022-07-16 16:00 BCHUSDT entry=109.4400 → LONG | long=tp(+6.93%) short=sl(-3.62%) | scanned=4 | long_tp_only
  [label] 2022-10-11 08:00 BCHUSDT entry=112.0400 → SHORT | long=sl(-2.64%) short=tp(+4.98%) | scanned=5 | short_tp_only
  Labels: 1037 long (47.4%), 1153 short (52.6%) | weights: min=1.00, mean=2.44, max=10.00
  Features: 2190/2190 matched, 13 columns
  CV gap: 22 rows
    [trial 0] 13 features, training_days=230 | threshold=0.779 | labels: 1037 long, 1153 short (47/53%)
    [CV fold 0] train_end=2021-02-23 00:00 | val_start=2021-03-02 16:00 | gap=184h (22 rows)
    [CV fold 1] train_end=2021-06-24 16:00 | val_start=2021-07-02 08:00 | gap=184h (22 rows)
    [CV fold 2] train_end=2021-10-24 08:00 | val_start=2021-11-01 00:00 | gap=184h (22 rows)
    [CV fold 3] train_end=2022-02-23 00:00 | val_start=2022-03-02 16:00 | gap=184h (22 rows)
    [CV fold 4] train_end=2022-06-24 16:00 | val_start=2022-07-02 08:00 | gap=184h (22 rows)
    [trial 0] Sharpe=-0.1739 (folds: -0.0878, -0.0756, -0.2243, -0.4262, -0.0555)
    [trial 1] 13 features, training_days=410 | threshold=0.693 | labels: 1037 long, 1153 short (47/53%)
    [trial 1] Sharpe=-0.0754 (folds: 0.2107, -0.1636, -0.1394, -0.2500, -0.0345)
    [trial 2] 13 features, training_days=270 | threshold=0.546 | labels: 1037 long, 1153 short (47/53%)
    [trial 2] Sharpe=-0.1412 (folds: -0.0227, -0.1255, -0.1124, -0.3497, -0.0955)
    [trial 3] 13 features, training_days=270 | threshold=0.600 | labels: 1037 long, 1153 short (47/53%)
    [trial 3] Sharpe=-0.1345 (folds: -0.0885, -0.0846, -0.0641, -0.3901, -0.0453)
    [trial 4] 13 features, training_days=390 | threshold=0.764 | labels: 1037 long, 1153 short (47/53%)
    [trial 4] Sharpe=-0.1669 (folds: -0.1254, -0.2346, -0.1972, -0.3627, 0.0854)
    [trial 5] 13 features, training_days=60 | threshold=0.603 | labels: 1037 long, 1153 short (47/53%)
    [trial 5] Sharpe=0.0259 (folds: 0.1676, 0.0851, -0.2051, 0.1302, -0.0484)
    [trial 6] 13 features, training_days=290 | threshold=0.738 | labels: 1037 long, 1153 short (47/53%)
    [trial 6] Sharpe=-0.1796 (folds: -0.1201, -0.2136, -0.1647, -0.3314, -0.0682)
    [trial 7] 13 features, training_days=70 | threshold=0.564 | labels: 1037 long, 1153 short (47/53%)
    [trial 7] Sharpe=-0.0368 (folds: -0.0330, 0.0745, -0.2486, 0.0797, -0.0567)
    [trial 8] 13 features, training_days=440 | threshold=0.653 | labels: 1037 long, 1153 short (47/53%)
    [trial 8] Sharpe=-0.1648 (folds: 0.0794, -0.3502, -0.2229, -0.0897, -0.2406)
    [trial 9] 13 features, training_days=360 | threshold=0.728 | labels: 1037 long, 1153 short (47/53%)
    [trial 9] Sharpe=-0.2492 (folds: 0.1133, -0.6579, -0.1147, -0.5420, -0.0449)
  Optuna: 10 trials, best Sharpe = 0.0259
  Best params: n_estimators=441, max_depth=3, lr=0.0450, leaves=66
  Best confidence_threshold: 0.603
  Best training_days: 60
  Retrained on full data (180 samples, 13 features)
  Model trained for 2022-11: 90 test candles with features, confidence_threshold=0.603
[predict] 2022-11-02 08:00 BCHUSDT → LONG (proba=0.93 TP=5.0%/SL=2.5%)
[trade:open] 2022-11-02 15:59 BCHUSDT LONG @ 116.94 | SL=114.03 TP=122.76 | timeout=2022-11-09 15:59
[trade:close] 2022-11-02 23:59 BCHUSDT LONG → stop_loss @ 114.03 | PnL=-2.49% (net -2.59%) | cum=-24.77% 2022-11=-2.59% 2022-11-02=-2.59%
[predict] 2022-11-04 08:00 BCHUSDT → SHORT (proba=0.76 TP=5.8%/SL=2.9%)
[trade:open] 2022-11-04 15:59 BCHUSDT SHORT @ 121.93 | SL=125.47 TP=114.86 | timeout=2022-11-11 15:59
[trade:close] 2022-11-05 07:59 BCHUSDT SHORT → stop_loss @ 125.47 | PnL=-2.90% (net -3.00%) | cum=-27.77% 2022-11=-5.59% 2022-11-05=-3.00%
[predict] 2022-11-06 16:00 BCHUSDT → LONG (proba=0.99 TP=6.0%/SL=3.0%)
[trade:open] 2022-11-06 23:59 BCHUSDT LONG @ 116.54 | SL=113.06 TP=123.50 | timeout=2022-11-13 23:59
[trade:close] 2022-11-08 07:59 BCHUSDT LONG → stop_loss @ 113.06 | PnL=-2.99% (net -3.09%) | cum=-30.86% 2022-11=-8.68% 2022-11-08=-3.09%
[predict] 2022-11-10 00:00 BCHUSDT → LONG (proba=1.00 TP=11.4%/SL=5.7%)
[trade:open] 2022-11-10 07:59 BCHUSDT LONG @ 97.08 | SL=91.54 TP=108.15 | timeout=2022-11-17 07:59
[trade:close] 2022-11-16 15:59 BCHUSDT LONG → take_profit @ 108.15 | PnL=+11.41% (net +11.31%) | cum=-19.55% 2022-11=+2.63% 2022-11-16=+11.31%
[predict] 2022-11-18 00:00 BCHUSDT → LONG (proba=0.99 TP=8.4%/SL=4.2%)
[trade:open] 2022-11-18 07:59 BCHUSDT LONG @ 104.20 | SL=99.83 TP=112.94 | timeout=2022-11-25 07:59
[trade:close] 2022-11-23 07:59 BCHUSDT LONG → take_profit @ 112.94 | PnL=+8.39% (net +8.29%) | cum=-11.26% 2022-11=+10.92% 2022-11-23=+8.29%
[predict] 2022-11-26 08:00 BCHUSDT → SHORT (proba=0.95 TP=6.4%/SL=3.2%)
[trade:open] 2022-11-26 15:59 BCHUSDT SHORT @ 112.60 | SL=116.22 TP=105.35 | timeout=2022-12-03 15:59
[lgbm] === Training for 2022-12 ===
  Train window: 2020-12-01 → 2022-12-01
  2190 training samples from 1 symbols
  Samples per month: 2020-12: 93, 2021-01: 93, 2021-02: 84, 2021-03: 93, 2021-04: 90, 2021-05: 93, 2021-06: 90, 2021-07: 93, 2021-08: 93, 2021-09: 90, 2021-10: 93, 2021-11: 90, 2021-12: 93, 2022-01: 93, 2022-02: 84, 2022-03: 93, 2022-04: 90, 2022-05: 93, 2022-06: 90, 2022-07: 93, 2022-08: 93, 2022-09: 90, 2022-10: 93, 2022-11: 90
  [label] 2021-02-01 08:00 BCHUSDT entry=407.1100 → LONG | long=tp(+12.89%) short=sl(-6.60%) | scanned=14 | long_tp_only
  [label] 2021-02-03 08:00 BCHUSDT entry=441.3200 → LONG | long=sl(-5.46%) short=sl(-5.46%) | scanned=8 | no_tp→fwd_return=+8.1981
  [label] 2021-02-07 08:00 BCHUSDT entry=439.6100 → LONG | long=tp(+10.64%) short=sl(-5.47%) | scanned=4 | long_tp_only
  [label] 2021-03-04 08:00 BCHUSDT entry=517.2300 → LONG | long=sl(-7.53%) short=sl(-7.53%) | scanned=17 | no_tp→fwd_return=+2.4883
  [label] 2021-04-26 08:00 BCHUSDT entry=831.8100 → LONG | long=tp(+17.67%) short=sl(-8.98%) | scanned=13 | long_tp_only
  [label] 2021-10-10 16:00 BCHUSDT entry=584.8200 → LONG | long=tp(+7.46%) short=sl(-3.88%) | scanned=13 | long_tp_only
  [label] 2021-10-15 00:00 BCHUSDT entry=623.2800 → SHORT | long=sl(-3.62%) short=sl(-3.62%) | scanned=8 | no_tp→fwd_return=-1.6509
  [label] 2021-10-25 16:00 BCHUSDT entry=621.8900 → SHORT | long=sl(-2.95%) short=tp(+5.59%) | scanned=5 | short_tp_only
  [label] 2021-12-10 00:00 BCHUSDT entry=447.0000 → SHORT | long=sl(-5.71%) short=timeout(+3.30%) | scanned=22 | no_tp→fwd_return=-3.4004
  [label] 2021-12-18 16:00 BCHUSDT entry=435.4700 → LONG | long=timeout(+4.41%) short=sl(-4.26%) | scanned=22 | no_tp→fwd_return=+4.5078
  [label] 2022-03-20 00:00 BCHUSDT entry=321.8900 → LONG | long=tp(+5.65%) short=sl(-2.98%) | scanned=6 | long_tp_only
  [label] 2022-04-21 00:00 BCHUSDT entry=332.7600 → SHORT | long=sl(-3.28%) short=sl(-3.28%) | scanned=2 | no_tp→fwd_return=-5.2050
  [label] 2022-05-07 08:00 BCHUSDT entry=276.5300 → SHORT | long=sl(-3.48%) short=tp(+6.66%) | scanned=5 | short_tp_only
  [label] 2022-05-20 08:00 BCHUSDT entry=188.0600 → SHORT | long=sl(-8.19%) short=sl(-8.19%) | scanned=18 | no_tp→fwd_return=-2.1323
  [label] 2022-06-08 00:00 BCHUSDT entry=179.1900 → SHORT | long=sl(-4.61%) short=tp(+8.91%) | scanned=10 | short_tp_only[I 2026-05-07 00:27:21,798] A new study created in memory with name: no-name-d1b81e44-0a13-41cd-a9a6-b8622500d3cd
[I 2026-05-07 00:27:22,056] Trial 0 finished with value: -0.1575237800275881 and parameters: {'confidence_threshold': 0.7790993046299082, 'training_days': 230, 'n_estimators': 295, 'max_depth': 5, 'num_leaves': 83, 'learning_rate': 0.051543455158230854, 'subsample': 0.8773243492079463, 'min_child_samples': 10, 'reg_alpha': 0.034096514368237685, 'reg_lambda': 3.154180388637081e-05}. Best is trial 0 with value: -0.1575237800275881.
