[I 2026-05-07 00:30:28,470] Trial 8 finished with value: -0.07901119658612817 and parameters: {'confidence_threshold': 0.6525471176758836, 'training_days': 440, 'n_estimators': 116, 'max_depth': 4, 'num_leaves': 115, 'learning_rate': 0.010229952960863938, 'subsample': 0.5062159465415076, 'min_child_samples': 54, 'reg_alpha': 6.790626457822126e-06, 'reg_lambda': 1.7869141074987722e-05}. Best is trial 7 with value: 0.01829149854925413.

    [trial 5] Sharpe=0.0222 (folds: -0.1423, -0.0624, 0.2329, -0.0676, 0.1505)
    [trial 6] 13 features, training_days=290 | threshold=0.738 | labels: 1242 long, 951 short (57/43%)
    [trial 6] Sharpe=-0.1797 (folds: -0.0338, -0.3758, -0.2231, -0.3496, 0.0841)
    [trial 7] 13 features, training_days=70 | threshold=0.564 | labels: 1242 long, 951 short (57/43%)
    [trial 7] Sharpe=-0.0118 (folds: -0.2542, 0.0269, 0.2465, -0.1424, 0.0641)
    [trial 8] 13 features, training_days=440 | threshold=0.653 | labels: 1242 long, 951 short (57/43%)
    [trial 8] Sharpe=-0.1677 (folds: -0.3218, -0.4846, -0.6011, 0.1745, 0.3946)
    [trial 9] 13 features, training_days=360 | threshold=0.728 | labels: 1242 long, 951 short (57/43%)
    [trial 9] Sharpe=-4.1170 (folds: -0.7566, -0.0591, -10.0000, 0.2308, -10.0000)
  Optuna: 10 trials, best Sharpe = 0.0222
  Best params: n_estimators=441, max_depth=3, lr=0.0450, leaves=66
  Best confidence_threshold: 0.603
  Best training_days: 60
  Retrained on full data (180 samples, 13 features)
  Model trained for 2024-11: 90 test candles with features, confidence_threshold=0.603
[predict] 2024-11-07 08:00 TRXUSDT → LONG (proba=0.99 TP=2.2%/SL=1.1%)
[trade:open] 2024-11-07 15:59 TRXUSDT LONG @ 0.16 | SL=0.16 TP=0.16 | timeout=2024-11-14 15:59
[trade:close] 2024-11-10 07:59 TRXUSDT LONG → take_profit @ 0.16 | PnL=+2.15% (net +2.05%) | cum=-10.86% 2024-11=+2.05% 2024-11-10=+2.05%
[predict] 2024-11-13 00:00 TRXUSDT → SHORT (proba=0.99 TP=4.6%/SL=2.3%)
[trade:open] 2024-11-13 07:59 TRXUSDT SHORT @ 0.18 | SL=0.18 TP=0.17 | timeout=2024-11-20 07:59
[trade:close] 2024-11-14 07:59 TRXUSDT SHORT → stop_loss @ 0.18 | PnL=-2.29% (net -2.39%) | cum=-13.25% 2024-11=-0.34% 2024-11-14=-2.39%
[predict] 2024-11-15 16:00 TRXUSDT → SHORT (proba=0.98 TP=5.4%/SL=2.7%)
[trade:open] 2024-11-15 23:59 TRXUSDT SHORT @ 0.19 | SL=0.20 TP=0.18 | timeout=2024-11-22 23:59
[trade:close] 2024-11-16 15:59 TRXUSDT SHORT → stop_loss @ 0.20 | PnL=-2.69% (net -2.79%) | cum=-16.04% 2024-11=-3.12% 2024-11-16=-2.79%
[predict] 2024-11-20 00:00 TRXUSDT → SHORT (proba=0.98 TP=5.7%/SL=2.9%)
[trade:open] 2024-11-20 07:59 TRXUSDT SHORT @ 0.20 | SL=0.20 TP=0.19 | timeout=2024-11-27 07:59
[trade:close] 2024-11-22 23:59 TRXUSDT SHORT → stop_loss @ 0.20 | PnL=-2.85% (net -2.95%) | cum=-18.99% 2024-11=-6.07% 2024-11-22=-2.95%
[predict] 2024-11-24 08:00 TRXUSDT → SHORT (proba=0.93 TP=6.4%/SL=3.2%)
[trade:open] 2024-11-24 15:59 TRXUSDT SHORT @ 0.20 | SL=0.21 TP=0.19 | timeout=2024-12-01 15:59
[trade:close] 2024-11-24 23:59 TRXUSDT SHORT → stop_loss @ 0.21 | PnL=-3.22% (net -3.32%) | cum=-22.31% 2024-11=-9.40% 2024-11-24=-3.32%
[predict] 2024-11-26 16:00 TRXUSDT → SHORT (proba=0.79 TP=7.4%/SL=3.7%)
[trade:open] 2024-11-26 23:59 TRXUSDT SHORT @ 0.19 | SL=0.20 TP=0.18 | timeout=2024-12-03 23:59
[trade:close] 2024-11-27 15:59 TRXUSDT SHORT → stop_loss @ 0.20 | PnL=-3.69% (net -3.79%) | cum=-26.10% 2024-11=-13.18% 2024-11-27=-3.79%
[lgbm] === Training for 2024-12 ===
  Train window: 2022-12-01 → 2024-12-01
  2193 training samples from 1 symbols
  Samples per month: 2022-12: 93, 2023-01: 93, 2023-02: 84, 2023-03: 93, 2023-04: 90, 2023-05: 93, 2023-06: 90, 2023-07: 93, 2023-08: 93, 2023-09: 90, 2023-10: 93, 2023-11: 90, 2023-12: 93, 2024-01: 93, 2024-02: 87, 2024-03: 93, 2024-04: 90, 2024-05: 93, 2024-06: 90, 2024-07: 93, 2024-08: 93, 2024-09: 90, 2024-10: 93, 2024-11: 90
  [label] 2023-02-01 08:00 TRXUSDT entry=0.0618 → LONG | long=tp(+4.42%) short=sl(-2.36%) | scanned=4 | long_tp_only
  [label] 2023-02-03 16:00 TRXUSDT entry=0.0641 → SHORT | long=sl(-2.26%) short=sl(-2.26%) | scanned=7 | no_tp→fwd_return=-1.0290
  [label] 2023-02-07 08:00 TRXUSDT entry=0.0647 → LONG | long=tp(+4.18%) short=sl(-2.24%) | scanned=3 | long_tp_only
  [label] 2023-03-04 08:00 TRXUSDT entry=0.0670 → SHORT | long=sl(-1.87%) short=tp(+3.44%) | scanned=13 | short_tp_only
  [label] 2023-04-26 08:00 TRXUSDT entry=0.0667 → SHORT | long=sl(-1.56%) short=tp(+2.81%) | scanned=1 | short_tp_only
  [label] 2023-10-11 08:00 TRXUSDT entry=0.0861 → LONG | long=sl(-1.37%) short=sl(-1.37%) | scanned=14 | no_tp→fwd_return=+1.5797
  [label] 2023-10-15 08:00 TRXUSDT entry=0.0855 → LONG | long=tp(+2.03%) short=sl(-1.17%) | scanned=2 | long_tp_only
  [label] 2023-10-26 00:00 TRXUSDT entry=0.0936 → LONG | long=sl(-1.38%) short=sl(-1.38%) | scanned=10 | no_tp→fwd_return=+1.2601
  [label] 2023-12-10 08:00 TRXUSDT entry=0.1080 → SHORT | long=sl(-1.62%) short=tp(+2.95%) | scanned=2 | short_tp_only
  [label] 2023-12-19 00:00 TRXUSDT entry=0.1014 → LONG | long=tp(+3.38%) short=sl(-1.84%) | scanned=7 | long_tp_only
  [label] 2024-03-19 16:00 TRXUSDT entry=0.1123 → LONG | long=tp(+4.14%) short=sl(-2.22%) | scanned=1 | long_tp_only
  [label] 2024-04-20 16:00 TRXUSDT entry=0.1110 → LONG | long=tp(+4.10%) short=sl(-2.20%) | scanned=14 | long_tp_only
  [label] 2024-05-07 00:00 TRXUSDT entry=0.1193 → LONG | long=tp(+2.77%) short=sl(-1.54%) | scanned=4 | long_tp_only
  [label] 2024-05-20 00:00 TRXUSDT entry=0.1216 → LONG | long=tp(+1.97%) short=sl(-1.14%) | scanned=2 | long_tp_only
  [label] 2024-06-07 16:00 TRXUSDT entry=0.1126 → LONG | long=tp(+2.41%) short=sl(-1.35%) | scanned=5 | long_tp_only
  [label] 2024-06-14 00:00 TRXUSDT entry=0.1162 → LONG | long=sl(-1.29%) short=sl(-1.29%) | scanned=8 | no_tp→fwd_return=+0.9466
  [label] 2024-06-26 08:00 TRXUSDT entry=0.1236 → LONG | long=sl(-1.21%) short=sl(-1.21%) | scanned=9 | no_tp→fwd_return=+1.5376
  [label] 2024-08-05 08:00 TRXUSDT entry=0.1217 → LONG | long=tp(+3.82%) short=sl(-2.06%) | scanned=10 | long_tp_only
  [label] 2024-08-15 08:00 TRXUSDT entry=0.1311 → LONG | long=sl(-1.31%) short=sl(-1.31%) | scanned=4 | no_tp→fwd_return=+2.3343
  [label] 2024-11-10 08:00 TRXUSDT entry=0.1658 → LONG | long=sl(-1.14%) short=sl(-1.14%) | scanned=4 | no_tp→fwd_return=+1.2968
  Labels: 1250 long (57.0%), 943 short (43.0%) | weights: min=1.01, mean=4.12, max=10.00
  Features: 2193/2193 matched, 13 columns
  CV gap: 22 rows
    [trial 0] 13 features, training_days=230 | threshold=0.779 | labels: 1250 long, 943 short (57/43%)
    [CV fold 0] train_end=2023-03-26 00:00 | val_start=2023-04-02 16:00 | gap=184h (22 rows)
    [CV fold 1] train_end=2023-07-25 16:00 | val_start=2023-08-02 08:00 | gap=184h (22 rows)
    [CV fold 2] train_end=2023-11-24 08:00 | val_start=2023-12-02 00:00 | gap=184h (22 rows)
    [CV fold 3] train_end=2024-03-25 00:00 | val_start=2024-04-01 16:00 | gap=184h (22 rows)
    [CV fold 4] train_end=2024-07-24 16:00 | val_start=2024-08-01 08:00 | gap=184h (22 rows)
    [trial 0] Sharpe=-0.0302 (folds: -0.2114, -0.1004, -0.0478, 0.1552, 0.0533)
    [trial 1] 13 features, training_days=410 | threshold=0.693 | labels: 1250 long, 943 short (57/43%)
    [trial 1] Sharpe=-0.0343 (folds: -0.2557, -0.3010, -0.3789, 0.1910, 0.5732)
    [trial 2] 13 features, training_days=270 | threshold=0.546 | labels: 1250 long, 943 short (57/43%)
    [trial 2] Sharpe=-0.0137 (folds: -0.0298, -0.2507, -0.0507, 0.1806, 0.0820)
    [trial 3] 13 features, training_days=270 | threshold=0.600 | labels: 1250 long, 943 short (57/43%)
    [trial 3] Sharpe=-0.0415 (folds: -0.1452, -0.1519, 0.0125, 0.0613, 0.0157)
    [trial 4] 13 features, training_days=390 | threshold=0.764 | labels: 1250 long, 943 short (57/43%)
    [trial 4] Sharpe=-0.0022 (folds: -0.1923, -0.1589, -0.2420, 0.2707, 0.3114)
    [trial 5] 13 features, training_days=60 | threshold=0.603 | labels: 1250 long, 943 short (57/43%)
    [trial 5] Sharpe=-0.0145 (folds: -0.3070, -0.0555, 0.0404, 0.1243, 0.1255)
    [trial 6] 13 features, training_days=290 | threshold=0.738 | labels: 1250 long, 943 short (57/43%)
    [trial 6] Sharpe=-0.0828 (folds: -0.2610, -0.2647, -0.2156, 0.1941, 0.1330)
    [trial 7] 13 features, training_days=70 | threshold=0.564 | labels: 1250 long, 943 short (57/43%)
    [trial 7] Sharpe=0.0183 (folds: -0.1937, 0.0191, 0.0112, 0.1090, 0.1459)
    [trial 8] 13 features, training_days=440 | threshold=0.653 | labels: 1250 long, 943 short (57/43%)
    [trial 8] Sharpe=-0.0790 (folds: -0.2580, -0.1304, -0.2594, -0.2182, 0.4709)
    [trial 9] 13 features, training_days=360 | threshold=0.728 | labels: 1250 long, 943 short (57/43%)[I 2026-05-07 00:30:28,557] Trial 9 finished with value: -1.9104691057172496 and parameters: {'confidence_threshold': 0.7277571993354469, 'training_days': 360, 'n_estimators': 75, 'max_depth': 5, 'num_leaves': 41, 'learning_rate': 0.014186743931212992, 'subsample': 0.7445187273047605, 'min_child_samples': 22, 'reg_alpha': 0.02393227447113315, 'reg_lambda': 0.009236766173618426}. Best is trial 7 with value: 0.01829149854925413.
[I 2026-05-07 00:30:28,917] A new study created in memory with name: no-name-95317a0c-fbf1-42bd-998e-0d2b7ea7cdd1
[I 2026-05-07 00:30:29,202] Trial 0 finished with value: -0.09541570788241607 and parameters: {'confidence_threshold': 0.7790993046299082, 'training_days': 230, 'n_estimators': 295, 'max_depth': 5, 'num_leaves': 83, 'learning_rate': 0.051543455158230854, 'subsample': 0.8773243492079463, 'min_child_samples': 10, 'reg_alpha': 0.034096514368237685, 'reg_lambda': 3.154180388637081e-05}. Best is trial 0 with value: -0.09541570788241607.
[I 2026-05-07 00:30:29,332] Trial 1 finished with value: -0.15381784257667924 and parameters: {'confidence_threshold': 0.6929247853618086, 'training_days': 410, 'n_estimators': 233, 'max_depth': 5, 'num_leaves': 108, 'learning_rate': 0.013724237108071606, 'subsample': 0.7013182233636002, 'min_child_samples': 94, 'reg_alpha': 2.4040959529260723e-06, 'reg_lambda': 5.320966582161148}. Best is trial 0 with value: -0.09541570788241607.
[I 2026-05-07 00:30:29,400] Trial 2 finished with value: -0.056208007794166 and parameters: {'confidence_threshold': 0.546341527225763, 'training_days': 270, 'n_estimators': 120, 'max_depth': 4, 'num_leaves': 53, 'learning_rate': 0.060197068579343475, 'subsample': 0.588227873455941, 'min_child_samples': 91, 'reg_alpha': 2.3457771824819002e-08, 'reg_lambda': 1.1358840775642732e-08}. Best is trial 2 with value: -0.056208007794166.
[I 2026-05-07 00:30:29,563] Trial 3 finished with value: -0.05388866004343316 and parameters: {'confidence_threshold': 0.6000319676300473, 'training_days': 270, 'n_estimators': 382, 'max_depth': 4, 'num_leaves': 44, 'learning_rate': 0.09185046765032388, 'subsample': 0.6743651508646724, 'min_child_samples': 77, 'reg_alpha': 0.0013974578104212739, 'reg_lambda': 8.97190257982477e-08}. Best is trial 3 with value: -0.05388866004343316.
[I 2026-05-07 00:30:29,905] Trial 4 finished with value: -0.0766372902023029 and parameters: {'confidence_threshold': 0.7642618789055509, 'training_days': 390, 'n_estimators': 464, 'max_depth': 5, 'num_leaves': 30, 'learning_rate': 0.024562383309704932, 'subsample': 0.8612975035964376, 'min_child_samples': 36, 'reg_alpha': 1.593999300080167, 'reg_lambda': 0.006081270362829788}. Best is trial 3 with value: -0.05388866004343316.
[I 2026-05-07 00:30:30,058] Trial 5 finished with value: -0.002508852230560958 and parameters: {'confidence_threshold': 0.6029115860358569, 'training_days': 60, 'n_estimators': 441, 'max_depth': 3, 'num_leaves': 66, 'learning_rate': 0.044953114425778824, 'subsample': 0.7098948461279406, 'min_child_samples': 15, 'reg_alpha': 4.888753565548431e-07, 'reg_lambda': 4.198190642566389}. Best is trial 5 with value: -0.002508852230560958.
[I 2026-05-07 00:30:30,290] Trial 6 finished with value: -0.11988068288376463 and parameters: {'confidence_threshold': 0.7376932868314098, 'training_days': 290, 'n_estimators': 249, 'max_depth': 5, 'num_leaves': 121, 'learning_rate': 0.015565840632862623, 'subsample': 0.8390183783709677, 'min_child_samples': 19, 'reg_alpha': 1.860444687368747e-08, 'reg_lambda': 2.7391483548058117e-06}. Best is trial 5 with value: -0.002508852230560958.
[I 2026-05-07 00:30:30,329] Trial 7 finished with value: -0.022652888415433774 and parameters: {'confidence_threshold': 0.563503962036334, 'training_days': 70, 'n_estimators': 63, 'max_depth': 3, 'num_leaves': 47, 'learning_rate': 0.18074927623018475, 'subsample': 0.5059692991701257, 'min_child_samples': 9, 'reg_alpha': 3.6945804405602874e-08, 'reg_lambda': 0.027706035542028905}. Best is trial 5 with value: -0.002508852230560958.
[I 2026-05-07 00:30:30,416] Trial 8 finished with value: -0.0971572907329236 and parameters: {'confidence_threshold': 0.6525471176758836, 'training_days': 440, 'n_estimators': 116, 'max_depth': 4, 'num_leaves': 115, 'learning_rate': 0.010229952960863938, 'subsample': 0.5062159465415076, 'min_child_samples': 54, 'reg_alpha': 6.790626457822126e-06, 'reg_lambda': 1.7869141074987722e-05}. Best is trial 5 with value: -0.002508852230560958.
[I 2026-05-07 00:30:30,496] Trial 9 finished with value: -0.06677132744114853 and parameters: {'confidence_threshold': 0.7277571993354469, 'training_days': 360, 'n_estimators': 75, 'max_depth': 5, 'num_leaves': 41, 'learning_rate': 0.014186743931212992, 'subsample': 0.7445187273047605, 'min_child_samples': 22, 'reg_alpha': 0.02393227447113315, 'reg_lambda': 0.009236766173618426}. Best is trial 5 with value: -0.002508852230560958.

    [trial 9] Sharpe=-1.9105 (folds: -0.1808, 0.0044, -10.0000, 0.3505, 0.2735)
  Optuna: 10 trials, best Sharpe = 0.0183
  Best params: n_estimators=63, max_depth=3, lr=0.1807, leaves=47
  Best confidence_threshold: 0.564
  Best training_days: 70
  Retrained on full data (210 samples, 13 features)
  Model trained for 2024-12: 93 test candles with features, confidence_threshold=0.564
[lgbm] === Training for 2025-01 ===
  Train window: 2023-01-01 → 2025-01-01
  2193 training samples from 1 symbols
  Samples per month: 2023-01: 93, 2023-02: 84, 2023-03: 93, 2023-04: 90, 2023-05: 93, 2023-06: 90, 2023-07: 93, 2023-08: 93, 2023-09: 90, 2023-10: 93, 2023-11: 90, 2023-12: 93, 2024-01: 93, 2024-02: 87, 2024-03: 93, 2024-04: 90, 2024-05: 93, 2024-06: 90, 2024-07: 93, 2024-08: 93, 2024-09: 90, 2024-10: 93, 2024-11: 90, 2024-12: 93
  [label] 2023-03-04 08:00 TRXUSDT entry=0.0670 → SHORT | long=sl(-1.87%) short=tp(+3.44%) | scanned=13 | short_tp_only
  [label] 2023-03-06 16:00 TRXUSDT entry=0.0673 → SHORT | long=sl(-1.73%) short=tp(+3.15%) | scanned=6 | short_tp_only
  [label] 2023-03-10 08:00 TRXUSDT entry=0.0569 → LONG | long=sl(-2.90%) short=sl(-2.90%) | scanned=4 | no_tp→fwd_return=+3.2700
  [label] 2023-04-04 08:00 TRXUSDT entry=0.0657 → LONG | long=timeout(+1.59%) short=sl(-2.22%) | scanned=22 | no_tp→fwd_return=+1.6892
  [label] 2023-05-27 08:00 TRXUSDT entry=0.0761 → SHORT | long=sl(-1.70%) short=sl(-1.70%) | scanned=14 | no_tp→fwd_return=-2.3519
  [label] 2023-11-11 08:00 TRXUSDT entry=0.1081 → LONG | long=sl(-2.00%) short=sl(-2.00%) | scanned=5 | no_tp→fwd_return=+1.9980
  [label] 2023-11-15 08:00 TRXUSDT entry=0.1041 → SHORT | long=sl(-2.08%) short=tp(+3.85%) | scanned=18 | short_tp_only
  [label] 2023-11-26 00:00 TRXUSDT entry=0.1085 → SHORT | long=sl(-1.87%) short=tp(+3.44%) | scanned=4 | short_tp_only
  [label] 2024-01-10 08:00 TRXUSDT entry=0.1042 → LONG | long=tp(+3.28%) short=sl(-1.79%) | scanned=3 | long_tp_only
  [label] 2024-01-19 00:00 TRXUSDT entry=0.1084 → SHORT | long=sl(-2.15%) short=sl(-2.15%) | scanned=13 | no_tp→fwd_return=-1.0151
  [label] 2024-04-19 16:00 TRXUSDT entry=0.1098 → LONG | long=tp(+4.46%) short=sl(-2.38%) | scanned=17 | long_tp_only
  [label] 2024-05-21 16:00 TRXUSDT entry=0.1236 → SHORT | long=sl(-1.16%) short=tp(+2.02%) | scanned=2 | short_tp_only
  [label] 2024-06-07 00:00 TRXUSDT entry=0.1140 → SHORT | long=sl(-1.12%) short=sl(-1.12%) | scanned=2 | no_tp→fwd_return=-1.2367
  [label] 2024-06-20 00:00 TRXUSDT entry=0.1167 → LONG | long=tp(+2.40%) short=sl(-1.35%) | scanned=7 | long_tp_only
  [label] 2024-07-08 16:00 TRXUSDT entry=0.1261 → LONG | long=tp(+3.03%) short=sl(-1.66%) | scanned=4 | long_tp_only
  [label] 2024-07-15 00:00 TRXUSDT entry=0.1382 → SHORT | long=sl(-1.41%) short=tp(+2.52%) | scanned=3 | short_tp_only
  [label] 2024-07-27 08:00 TRXUSDT entry=0.1372 → SHORT | long=sl(-1.19%) short=sl(-1.19%) | scanned=6 | no_tp→fwd_return=-0.3717
  [label] 2024-09-05 08:00 TRXUSDT entry=0.1502 → LONG | long=sl(-1.84%) short=sl(-1.84%) | scanned=9 | no_tp→fwd_return=+1.7112
  [label] 2024-09-15 08:00 TRXUSDT entry=0.1495 → LONG | long=sl(-1.23%) short=sl(-1.23%) | scanned=6 | no_tp→fwd_return=+1.0772
  [label] 2024-12-11 08:00 TRXUSDT entry=0.2852 → SHORT | long=timeout(-4.60%) short=sl(-7.41%) | scanned=22 | no_tp→fwd_return=-4.4980
  Labels: 1241 long (56.6%), 952 short (43.4%) | weights: min=1.00, mean=2.54, max=10.00
  Features: 2193/2193 matched, 13 columns
  CV gap: 22 rows
    [trial 0] 13 features, training_days=230 | threshold=0.779 | labels: 1241 long, 952 short (57/43%)
    [CV fold 0] train_end=2023-04-26 00:00 | val_start=2023-05-03 16:00 | gap=184h (22 rows)
    [CV fold 1] train_end=2023-08-25 16:00 | val_start=2023-09-02 08:00 | gap=184h (22 rows)
    [CV fold 2] train_end=2023-12-25 08:00 | val_start=2024-01-02 00:00 | gap=184h (22 rows)
    [CV fold 3] train_end=2024-04-25 00:00 | val_start=2024-05-02 16:00 | gap=184h (22 rows)
    [CV fold 4] train_end=2024-08-24 16:00 | val_start=2024-09-01 08:00 | gap=184h (22 rows)
    [trial 0] Sharpe=-0.0954 (folds: -0.2515, -0.2055, -0.0840, 0.1042, -0.0403)
    [trial 1] 13 features, training_days=410 | threshold=0.693 | labels: 1241 long, 952 short (57/43%)
    [trial 1] Sharpe=-0.1538 (folds: -0.2837, -0.4603, -0.0539, 0.1293, -0.1004)
    [trial 2] 13 features, training_days=270 | threshold=0.546 | labels: 1241 long, 952 short (57/43%)
    [trial 2] Sharpe=-0.0562 (folds: -0.1233, -0.2003, -0.1001, 0.3376, -0.1950)
    [trial 3] 13 features, training_days=270 | threshold=0.600 | labels: 1241 long, 952 short (57/43%)
    [trial 3] Sharpe=-0.0539 (folds: -0.1572, -0.1415, -0.1198, 0.2858, -0.1367)
    [trial 4] 13 features, training_days=390 | threshold=0.764 | labels: 1241 long, 952 short (57/43%)
    [trial 4] Sharpe=-0.0766 (folds: -0.1702, -0.2212, -0.0278, 0.1972, -0.1612)
    [trial 5] 13 features, training_days=60 | threshold=0.603 | labels: 1241 long, 952 short (57/43%)
    [trial 5] Sharpe=-0.0025 (folds: -0.1592, 0.1032, -0.1713, 0.1675, 0.0473)
    [trial 6] 13 features, training_days=290 | threshold=0.738 | labels: 1241 long, 952 short (57/43%)
    [trial 6] Sharpe=-0.1199 (folds: -0.2329, -0.2614, -0.0653, -0.0238, -0.0159)
    [trial 7] 13 features, training_days=70 | threshold=0.564 | labels: 1241 long, 952 short (57/43%)
    [trial 7] Sharpe=-0.0227 (folds: -0.1239, 0.0174, -0.2256, 0.1641, 0.0549)
    [trial 8] 13 features, training_days=440 | threshold=0.653 | labels: 1241 long, 952 short (57/43%)
    [trial 8] Sharpe=-0.0972 (folds: -0.2771, -0.2838, -0.0594, 0.2996, -0.1651)
    [trial 9] 13 features, training_days=360 | threshold=0.728 | labels: 1241 long, 952 short (57/43%)
    [trial 9] Sharpe=-0.0668 (folds: -0.1803, -0.2849, 0.0298, 0.4845, -0.3830)
  Optuna: 10 trials, best Sharpe = -0.0025
  Best params: n_estimators=441, max_depth=3, lr=0.0450, leaves=66
  Best confidence_threshold: 0.603
  Best training_days: 60
  Retrained on full data (180 samples, 13 features)
  Model trained for 2025-01: 93 test candles with features, confidence_threshold=0.603
[lgbm] === Training for 2025-02 ===
  Train window: 2023-02-01 → 2025-02-01
  2193 training samples from 1 symbols
  Samples per month: 2023-02: 84, 2023-03: 93, 2023-04: 90, 2023-05: 93, 2023-06: 90, 2023-07: 93, 2023-08: 93, 2023-09: 90, 2023-10: 93, 2023-11: 90, 2023-12: 93, 2024-01: 93, 2024-02: 87, 2024-03: 93, 2024-04: 90, 2024-05: 93, 2024-06: 90, 2024-07: 93, 2024-08: 93, 2024-09: 90, 2024-10: 93, 2024-11: 90, 2024-12: 93, 2025-01: 93
  [label] 2023-04-04 08:00 TRXUSDT entry=0.0657 → LONG | long=timeout(+1.59%) short=sl(-2.22%) | scanned=22 | no_tp→fwd_return=+1.6892
  [label] 2023-04-06 16:00 TRXUSDT entry=0.0660 → SHORT | long=sl(-1.99%) short=sl(-1.99%) | scanned=16 | no_tp→fwd_return=-3.1188
  [label] 2023-04-10 08:00 TRXUSDT entry=0.0665 → SHORT | long=sl(-1.59%) short=sl(-1.59%) | scanned=4 | no_tp→fwd_return=-0.4658
  [label] 2023-05-05 08:00 TRXUSDT entry=0.0708 → SHORT | long=sl(-1.49%) short=tp(+2.68%) | scanned=8 | short_tp_only
  [label] 2023-06-27 08:00 TRXUSDT entry=0.0742 → LONG | long=sl(-1.99%) short=sl(-1.99%) | scanned=8 | no_tp→fwd_return=+1.6700
  [label] 2023-12-12 08:00 TRXUSDT entry=0.1036 → SHORT | long=sl(-2.00%) short=sl(-2.00%) | scanned=10 | no_tp→fwd_return=-2.0469
  [label] 2023-12-16 08:00 TRXUSDT entry=0.1026 → SHORT | long=sl(-1.85%) short=tp(+3.40%) | scanned=6 | short_tp_only
  [label] 2023-12-27 00:00 TRXUSDT entry=0.1034 → LONG | long=tp(+3.21%) short=sl(-1.75%) | scanned=7 | long_tp_only
  [label] 2024-02-10 08:00 TRXUSDT entry=0.1236 → LONG | long=tp(+3.07%) short=sl(-1.68%) | scanned=11 | long_tp_only
  [label] 2024-02-19 00:00 TRXUSDT entry=0.1361 → LONG | long=tp(+2.46%) short=sl(-1.38%) | scanned=5 | long_tp_only
  [label] 2024-05-20 16:00 TRXUSDT entry=0.1245 → SHORT | long=sl(-1.15%) short=tp(+1.99%) | scanned=5 | short_tp_only
  [label] 2024-06-21 16:00 TRXUSDT entry=0.1183 → LONG | long=tp(+2.25%) short=sl(-1.28%) | scanned=11 | long_tp_only
  [label] 2024-07-08 00:00 TRXUSDT entry=0.1245 → LONG | long=tp(+3.03%) short=sl(-1.66%) | scanned=3 | long_tp_only[I 2026-05-07 00:30:30,896] A new study created in memory with name: no-name-d384710f-dfe4-44db-afb5-56d8df18cc4e
