[I 2026-05-07 00:27:54,318] Trial 1 finished with value: 0.001782310841054724 and parameters: {'confidence_threshold': 0.6929247853618086, 'training_days': 410, 'n_estimators': 233, 'max_depth': 5, 'num_leaves': 108, 'learning_rate': 0.013724237108071606, 'subsample': 0.7013182233636002, 'min_child_samples': 94, 'reg_alpha': 2.4040959529260723e-06, 'reg_lambda': 5.320966582161148}. Best is trial 1 with value: 0.001782310841054724.
[I 2026-05-07 00:27:54,388] Trial 2 finished with value: -0.038532837211431234 and parameters: {'confidence_threshold': 0.546341527225763, 'training_days': 270, 'n_estimators': 120, 'max_depth': 4, 'num_leaves': 53, 'learning_rate': 0.060197068579343475, 'subsample': 0.588227873455941, 'min_child_samples': 91, 'reg_alpha': 2.3457771824819002e-08, 'reg_lambda': 1.1358840775642732e-08}. Best is trial 1 with value: 0.001782310841054724.
[I 2026-05-07 00:27:54,569] Trial 3 finished with value: -0.04357165023682485 and parameters: {'confidence_threshold': 0.6000319676300473, 'training_days': 270, 'n_estimators': 382, 'max_depth': 4, 'num_leaves': 44, 'learning_rate': 0.09185046765032388, 'subsample': 0.6743651508646724, 'min_child_samples': 77, 'reg_alpha': 0.0013974578104212739, 'reg_lambda': 8.97190257982477e-08}. Best is trial 1 with value: 0.001782310841054724.
[I 2026-05-07 00:27:54,952] Trial 4 finished with value: -0.029422843738026488 and parameters: {'confidence_threshold': 0.7642618789055509, 'training_days': 390, 'n_estimators': 464, 'max_depth': 5, 'num_leaves': 30, 'learning_rate': 0.024562383309704932, 'subsample': 0.8612975035964376, 'min_child_samples': 36, 'reg_alpha': 1.593999300080167, 'reg_lambda': 0.006081270362829788}. Best is trial 1 with value: 0.001782310841054724.
[I 2026-05-07 00:27:55,110] Trial 5 finished with value: 0.04885396353552328 and parameters: {'confidence_threshold': 0.6029115860358569, 'training_days': 60, 'n_estimators': 441, 'max_depth': 3, 'num_leaves': 66, 'learning_rate': 0.044953114425778824, 'subsample': 0.7098948461279406, 'min_child_samples': 15, 'reg_alpha': 4.888753565548431e-07, 'reg_lambda': 4.198190642566389}. Best is trial 5 with value: 0.04885396353552328.
[I 2026-05-07 00:27:55,330] Trial 6 finished with value: 0.05401865872952048 and parameters: {'confidence_threshold': 0.7376932868314098, 'training_days': 290, 'n_estimators': 249, 'max_depth': 5, 'num_leaves': 121, 'learning_rate': 0.015565840632862623, 'subsample': 0.8390183783709677, 'min_child_samples': 19, 'reg_alpha': 1.860444687368747e-08, 'reg_lambda': 2.7391483548058117e-06}. Best is trial 6 with value: 0.05401865872952048.
[I 2026-05-07 00:27:55,369] Trial 7 finished with value: 0.010476640207457618 and parameters: {'confidence_threshold': 0.563503962036334, 'training_days': 70, 'n_estimators': 63, 'max_depth': 3, 'num_leaves': 47, 'learning_rate': 0.18074927623018475, 'subsample': 0.5059692991701257, 'min_child_samples': 9, 'reg_alpha': 3.6945804405602874e-08, 'reg_lambda': 0.027706035542028905}. Best is trial 6 with value: 0.05401865872952048.
[I 2026-05-07 00:27:55,453] Trial 8 finished with value: -0.052817482357903754 and parameters: {'confidence_threshold': 0.6525471176758836, 'training_days': 440, 'n_estimators': 116, 'max_depth': 4, 'num_leaves': 115, 'learning_rate': 0.010229952960863938, 'subsample': 0.5062159465415076, 'min_child_samples': 54, 'reg_alpha': 6.790626457822126e-06, 'reg_lambda': 1.7869141074987722e-05}. Best is trial 6 with value: 0.05401865872952048.
[I 2026-05-07 00:27:55,538] Trial 9 finished with value: -2.149566453600123 and parameters: {'confidence_threshold': 0.7277571993354469, 'training_days': 360, 'n_estimators': 75, 'max_depth': 5, 'num_leaves': 41, 'learning_rate': 0.014186743931212992, 'subsample': 0.7445187273047605, 'min_child_samples': 22, 'reg_alpha': 0.02393227447113315, 'reg_lambda': 0.009236766173618426}. Best is trial 6 with value: 0.05401865872952048.

  [label] 2023-10-20 16:00 BCHUSDT entry=240.2500 → LONG | long=tp(+5.79%) short=sl(-3.05%) | scanned=4 | long_tp_only
  [label] 2023-11-06 00:00 BCHUSDT entry=237.4600 → LONG | long=tp(+5.83%) short=sl(-3.06%) | scanned=4 | long_tp_only
  [label] 2023-11-19 00:00 BCHUSDT entry=228.7000 → SHORT | long=sl(-3.31%) short=sl(-3.31%) | scanned=8 | no_tp→fwd_return=-5.5094
  [label] 2023-12-07 16:00 BCHUSDT entry=247.0200 → LONG | long=tp(+6.03%) short=sl(-3.16%) | scanned=5 | long_tp_only
  [label] 2023-12-14 00:00 BCHUSDT entry=234.2100 → SHORT | long=sl(-3.58%) short=tp(+6.85%) | scanned=13 | short_tp_only
  [label] 2023-12-26 08:00 BCHUSDT entry=229.0600 → LONG | long=sl(-2.67%) short=sl(-2.67%) | scanned=2 | no_tp→fwd_return=+4.3002
  [label] 2024-02-04 08:00 BCHUSDT entry=236.7800 → LONG | long=tp(+4.40%) short=sl(-2.35%) | scanned=14 | long_tp_only
  [label] 2024-02-14 08:00 BCHUSDT entry=277.2100 → SHORT | long=sl(-3.29%) short=tp(+6.28%) | scanned=9 | short_tp_only
  [label] 2024-05-11 08:00 BCHUSDT entry=431.0400 → LONG | long=tp(+7.44%) short=sl(-3.87%) | scanned=13 | long_tp_only
  Labels: 1048 long (47.8%), 1145 short (52.2%) | weights: min=1.00, mean=4.02, max=10.00
  Features: 2193/2193 matched, 13 columns
  CV gap: 22 rows
    [trial 0] 13 features, training_days=230 | threshold=0.779 | labels: 1048 long, 1145 short (48/52%)
    [CV fold 0] train_end=2022-09-24 00:00 | val_start=2022-10-01 16:00 | gap=184h (22 rows)
    [CV fold 1] train_end=2023-01-23 16:00 | val_start=2023-01-31 08:00 | gap=184h (22 rows)
    [CV fold 2] train_end=2023-05-25 08:00 | val_start=2023-06-02 00:00 | gap=184h (22 rows)
    [CV fold 3] train_end=2023-09-24 00:00 | val_start=2023-10-01 16:00 | gap=184h (22 rows)
    [CV fold 4] train_end=2024-01-23 16:00 | val_start=2024-01-31 08:00 | gap=184h (22 rows)
    [trial 0] Sharpe=-0.0145 (folds: -0.1334, 0.0786, -0.1095, 0.1291, -0.0375)
    [trial 1] 13 features, training_days=410 | threshold=0.693 | labels: 1048 long, 1145 short (48/52%)
    [trial 1] Sharpe=0.0018 (folds: -0.0095, 0.1393, -0.1625, 0.0873, -0.0457)
    [trial 2] 13 features, training_days=270 | threshold=0.546 | labels: 1048 long, 1145 short (48/52%)
    [trial 2] Sharpe=-0.0385 (folds: -0.0271, -0.0544, -0.2216, 0.0795, 0.0309)
    [trial 3] 13 features, training_days=270 | threshold=0.600 | labels: 1048 long, 1145 short (48/52%)
    [trial 3] Sharpe=-0.0436 (folds: -0.1006, 0.0627, -0.0607, -0.1057, -0.0135)
    [trial 4] 13 features, training_days=390 | threshold=0.764 | labels: 1048 long, 1145 short (48/52%)
    [trial 4] Sharpe=-0.0294 (folds: 0.0025, 0.0674, -0.1749, -0.0775, 0.0353)
    [trial 5] 13 features, training_days=60 | threshold=0.603 | labels: 1048 long, 1145 short (48/52%)
    [trial 5] Sharpe=0.0489 (folds: 0.0935, 0.1742, -0.1540, 0.1407, -0.0102)
    [trial 6] 13 features, training_days=290 | threshold=0.738 | labels: 1048 long, 1145 short (48/52%)
    [trial 6] Sharpe=0.0540 (folds: 0.0250, 0.2389, -0.1320, 0.1356, 0.0027)
    [trial 7] 13 features, training_days=70 | threshold=0.564 | labels: 1048 long, 1145 short (48/52%)
    [trial 7] Sharpe=0.0105 (folds: 0.1264, 0.0506, -0.1525, 0.0429, -0.0151)
    [trial 8] 13 features, training_days=440 | threshold=0.653 | labels: 1048 long, 1145 short (48/52%)
    [trial 8] Sharpe=-0.0528 (folds: 0.0488, 0.0525, -0.0944, -0.4121, 0.1410)
    [trial 9] 13 features, training_days=360 | threshold=0.728 | labels: 1048 long, 1145 short (48/52%)
    [trial 9] Sharpe=-2.1496 (folds: -0.0491, -10.0000, -0.1251, -0.7309, 0.1573)
  Optuna: 10 trials, best Sharpe = 0.0540
  Best params: n_estimators=249, max_depth=5, lr=0.0156, leaves=121
  Best confidence_threshold: 0.738
  Best training_days: 290
  Retrained on full data (870 samples, 13 features)
  Model trained for 2024-06: 90 test candles with features, confidence_threshold=0.738
[predict] 2024-06-12 16:00 BCHUSDT → LONG (proba=0.81 TP=6.4%/SL=3.2%)
[trade:open] 2024-06-12 23:59 BCHUSDT LONG @ 453.93 | SL=439.52 TP=482.76 | timeout=2024-06-19 23:59
[trade:close] 2024-06-13 15:59 BCHUSDT LONG → stop_loss @ 439.52 | PnL=-3.18% (net -3.28%) | cum=+48.25% 2024-06=-3.28% 2024-06-13=-3.28%
[predict] 2024-06-18 00:00 BCHUSDT → LONG (proba=0.84 TP=7.7%/SL=3.9%)
[trade:open] 2024-06-18 07:59 BCHUSDT LONG @ 393.24 | SL=378.08 TP=423.56 | timeout=2024-06-25 07:59
[trade:close] 2024-06-18 15:59 BCHUSDT LONG → stop_loss @ 378.08 | PnL=-3.86% (net -3.96%) | cum=+44.30% 2024-06=-7.23% 2024-06-18=-3.96%
[predict] 2024-06-24 08:00 BCHUSDT → LONG (proba=0.80 TP=8.1%/SL=4.1%)
[trade:open] 2024-06-24 15:59 BCHUSDT LONG @ 348.17 | SL=333.99 TP=376.53 | timeout=2024-07-01 15:59
[trade:close] 2024-06-25 07:59 BCHUSDT LONG → take_profit @ 376.53 | PnL=+8.15% (net +8.05%) | cum=+52.34% 2024-06=+0.82% 2024-06-25=+8.05%
[predict] 2024-06-26 16:00 BCHUSDT → LONG (proba=0.81 TP=7.9%/SL=3.9%)
[trade:open] 2024-06-26 23:59 BCHUSDT LONG @ 373.58 | SL=358.82 TP=403.09 | timeout=2024-07-03 23:59
[trade:close] 2024-06-28 15:59 BCHUSDT LONG → take_profit @ 403.09 | PnL=+7.90% (net +7.80%) | cum=+60.14% 2024-06=+8.61% 2024-06-28=+7.80%
[lgbm] === Training for 2024-07 ===
  Train window: 2022-07-01 → 2024-07-01
  2193 training samples from 1 symbols
  Samples per month: 2022-07: 93, 2022-08: 93, 2022-09: 90, 2022-10: 93, 2022-11: 90, 2022-12: 93, 2023-01: 93, 2023-02: 84, 2023-03: 93, 2023-04: 90, 2023-05: 93, 2023-06: 90, 2023-07: 93, 2023-08: 93, 2023-09: 90, 2023-10: 93, 2023-11: 90, 2023-12: 93, 2024-01: 93, 2024-02: 87, 2024-03: 93, 2024-04: 90, 2024-05: 93, 2024-06: 90
  [label] 2022-09-01 08:00 BCHUSDT entry=113.8300 → LONG | long=tp(+8.05%) short=sl(-4.18%) | scanned=12 | long_tp_only
  [label] 2022-09-03 16:00 BCHUSDT entry=117.7100 → LONG | long=tp(+7.06%) short=sl(-3.68%) | scanned=6 | long_tp_only
  [label] 2022-09-07 08:00 BCHUSDT entry=113.3700 → LONG | long=tp(+7.64%) short=sl(-3.97%) | scanned=3 | long_tp_only
  [label] 2022-10-02 08:00 BCHUSDT entry=115.5700 → LONG | long=tp(+6.64%) short=sl(-3.47%) | scanned=10 | long_tp_only
  [label] 2022-11-24 08:00 BCHUSDT entry=116.3100 → SHORT | long=sl(-3.55%) short=tp(+6.80%) | scanned=11 | short_tp_only
  [label] 2023-05-11 08:00 BCHUSDT entry=113.0400 → LONG | long=tp(+6.33%) short=sl(-3.32%) | scanned=11 | long_tp_only
  [label] 2023-05-15 08:00 BCHUSDT entry=117.7800 → SHORT | long=sl(-2.88%) short=timeout(+3.02%) | scanned=22 | no_tp→fwd_return=-3.1245
  [label] 2023-05-26 00:00 BCHUSDT entry=113.0400 → LONG | long=timeout(+0.94%) short=sl(-2.01%) | scanned=22 | no_tp→fwd_return=+1.0350
  [label] 2023-07-10 08:00 BCHUSDT entry=276.1000 → SHORT | long=sl(-6.17%) short=sl(-6.17%) | scanned=13 | no_tp→fwd_return=-4.4114
  [label] 2023-07-19 00:00 BCHUSDT entry=246.2100 → SHORT | long=sl(-5.11%) short=timeout(+3.84%) | scanned=22 | no_tp→fwd_return=-3.9397
  [label] 2023-10-18 16:00 BCHUSDT entry=226.6900 → LONG | long=tp(+5.73%) short=sl(-3.01%) | scanned=5 | long_tp_only
  [label] 2023-11-19 16:00 BCHUSDT entry=230.1400 → SHORT | long=sl(-3.14%) short=tp(+5.98%) | scanned=6 | short_tp_only
  [label] 2023-12-06 00:00 BCHUSDT entry=246.6000 → LONG | long=tp(+5.70%) short=sl(-3.00%) | scanned=1 | long_tp_only
  [label] 2023-12-19 00:00 BCHUSDT entry=229.4100 → LONG | long=sl(-3.02%) short=sl(-3.02%) | scanned=5 | no_tp→fwd_return=+0.1133
  [label] 2024-01-06 16:00 BCHUSDT entry=235.9700 → LONG | long=sl(-4.69%) short=sl(-4.69%) | scanned=6 | no_tp→fwd_return=+7.5857
  [label] 2024-01-13 00:00 BCHUSDT entry=259.8400 → SHORT | long=sl(-5.53%) short=tp(+10.76%) | scanned=18 | short_tp_only
  [label] 2024-01-25 08:00 BCHUSDT entry=235.2500 → LONG | long=timeout(-0.02%) short=sl(-3.27%) | scanned=22 | no_tp→fwd_return=+0.0808
  [label] 2024-03-05 08:00 BCHUSDT entry=433.6800 → SHORT | long=sl(-6.38%) short=tp(+12.46%) | scanned=1 | short_tp_only
  [label] 2024-03-15 08:00 BCHUSDT entry=408.7100 → SHORT | long=sl(-6.79%) short=tp(+13.29%) | scanned=13 | short_tp_only
  [label] 2024-06-10 08:00 BCHUSDT entry=473.1300 → SHORT | long=sl(-2.93%) short=tp(+5.56%) | scanned=3 | short_tp_only
  Labels: 1063 long (48.5%), 1130 short (51.5%) | weights: min=1.00, mean=3.97, max=10.00[I 2026-05-07 00:27:55,787] A new study created in memory with name: no-name-25eeab89-b9f0-4b04-93ce-30fea6bb2f2c
[I 2026-05-07 00:27:56,026] Trial 0 finished with value: -0.01863251516567952 and parameters: {'confidence_threshold': 0.7790993046299082, 'training_days': 230, 'n_estimators': 295, 'max_depth': 5, 'num_leaves': 83, 'learning_rate': 0.051543455158230854, 'subsample': 0.8773243492079463, 'min_child_samples': 10, 'reg_alpha': 0.034096514368237685, 'reg_lambda': 3.154180388637081e-05}. Best is trial 0 with value: -0.01863251516567952.
[I 2026-05-07 00:27:56,161] Trial 1 finished with value: 0.02569341636759747 and parameters: {'confidence_threshold': 0.6929247853618086, 'training_days': 410, 'n_estimators': 233, 'max_depth': 5, 'num_leaves': 108, 'learning_rate': 0.013724237108071606, 'subsample': 0.7013182233636002, 'min_child_samples': 94, 'reg_alpha': 2.4040959529260723e-06, 'reg_lambda': 5.320966582161148}. Best is trial 1 with value: 0.02569341636759747.
[I 2026-05-07 00:27:56,230] Trial 2 finished with value: -0.0031672638379898607 and parameters: {'confidence_threshold': 0.546341527225763, 'training_days': 270, 'n_estimators': 120, 'max_depth': 4, 'num_leaves': 53, 'learning_rate': 0.060197068579343475, 'subsample': 0.588227873455941, 'min_child_samples': 91, 'reg_alpha': 2.3457771824819002e-08, 'reg_lambda': 1.1358840775642732e-08}. Best is trial 1 with value: 0.02569341636759747.
[I 2026-05-07 00:27:56,411] Trial 3 finished with value: -0.04515434617353103 and parameters: {'confidence_threshold': 0.6000319676300473, 'training_days': 270, 'n_estimators': 382, 'max_depth': 4, 'num_leaves': 44, 'learning_rate': 0.09185046765032388, 'subsample': 0.6743651508646724, 'min_child_samples': 77, 'reg_alpha': 0.0013974578104212739, 'reg_lambda': 8.97190257982477e-08}. Best is trial 1 with value: 0.02569341636759747.
[I 2026-05-07 00:27:56,755] Trial 4 finished with value: -0.014253186064787407 and parameters: {'confidence_threshold': 0.7642618789055509, 'training_days': 390, 'n_estimators': 464, 'max_depth': 5, 'num_leaves': 30, 'learning_rate': 0.024562383309704932, 'subsample': 0.8612975035964376, 'min_child_samples': 36, 'reg_alpha': 1.593999300080167, 'reg_lambda': 0.006081270362829788}. Best is trial 1 with value: 0.02569341636759747.
[I 2026-05-07 00:27:56,902] Trial 5 finished with value: 0.008436836737575842 and parameters: {'confidence_threshold': 0.6029115860358569, 'training_days': 60, 'n_estimators': 441, 'max_depth': 3, 'num_leaves': 66, 'learning_rate': 0.044953114425778824, 'subsample': 0.7098948461279406, 'min_child_samples': 15, 'reg_alpha': 4.888753565548431e-07, 'reg_lambda': 4.198190642566389}. Best is trial 1 with value: 0.02569341636759747.
[I 2026-05-07 00:27:57,143] Trial 6 finished with value: 0.05678990485795776 and parameters: {'confidence_threshold': 0.7376932868314098, 'training_days': 290, 'n_estimators': 249, 'max_depth': 5, 'num_leaves': 121, 'learning_rate': 0.015565840632862623, 'subsample': 0.8390183783709677, 'min_child_samples': 19, 'reg_alpha': 1.860444687368747e-08, 'reg_lambda': 2.7391483548058117e-06}. Best is trial 6 with value: 0.05678990485795776.
[I 2026-05-07 00:27:57,180] Trial 7 finished with value: 0.011528906843843084 and parameters: {'confidence_threshold': 0.563503962036334, 'training_days': 70, 'n_estimators': 63, 'max_depth': 3, 'num_leaves': 47, 'learning_rate': 0.18074927623018475, 'subsample': 0.5059692991701257, 'min_child_samples': 9, 'reg_alpha': 3.6945804405602874e-08, 'reg_lambda': 0.027706035542028905}. Best is trial 6 with value: 0.05678990485795776.
[I 2026-05-07 00:27:57,263] Trial 8 finished with value: 0.015428516210723203 and parameters: {'confidence_threshold': 0.6525471176758836, 'training_days': 440, 'n_estimators': 116, 'max_depth': 4, 'num_leaves': 115, 'learning_rate': 0.010229952960863938, 'subsample': 0.5062159465415076, 'min_child_samples': 54, 'reg_alpha': 6.790626457822126e-06, 'reg_lambda': 1.7869141074987722e-05}. Best is trial 6 with value: 0.05678990485795776.
[I 2026-05-07 00:27:57,344] Trial 9 finished with value: 0.05236172086728256 and parameters: {'confidence_threshold': 0.7277571993354469, 'training_days': 360, 'n_estimators': 75, 'max_depth': 5, 'num_leaves': 41, 'learning_rate': 0.014186743931212992, 'subsample': 0.7445187273047605, 'min_child_samples': 22, 'reg_alpha': 0.02393227447113315, 'reg_lambda': 0.009236766173618426}. Best is trial 6 with value: 0.05678990485795776.
[I 2026-05-07 00:27:57,611] A new study created in memory with name: no-name-b8db1fbd-850f-41cc-af9f-7c41a8391f52
[I 2026-05-07 00:27:57,887] Trial 0 finished with value: 0.04108282259184279 and parameters: {'confidence_threshold': 0.7790993046299082, 'training_days': 230, 'n_estimators': 295, 'max_depth': 5, 'num_leaves': 83, 'learning_rate': 0.051543455158230854, 'subsample': 0.8773243492079463, 'min_child_samples': 10, 'reg_alpha': 0.034096514368237685, 'reg_lambda': 3.154180388637081e-05}. Best is trial 0 with value: 0.04108282259184279.
[I 2026-05-07 00:27:58,023] Trial 1 finished with value: 0.06591173074021874 and parameters: {'confidence_threshold': 0.6929247853618086, 'training_days': 410, 'n_estimators': 233, 'max_depth': 5, 'num_leaves': 108, 'learning_rate': 0.013724237108071606, 'subsample': 0.7013182233636002, 'min_child_samples': 94, 'reg_alpha': 2.4040959529260723e-06, 'reg_lambda': 5.320966582161148}. Best is trial 1 with value: 0.06591173074021874.
