[I 2026-05-07 00:29:10,509] Trial 9 finished with value: -0.04528151882157171 and parameters: {'confidence_threshold': 0.7277571993354469, 'training_days': 360, 'n_estimators': 75, 'max_depth': 5, 'num_leaves': 41, 'learning_rate': 0.014186743931212992, 'subsample': 0.7445187273047605, 'min_child_samples': 22, 'reg_alpha': 0.02393227447113315, 'reg_lambda': 0.009236766173618426}. Best is trial 1 with value: 0.11595623700852689.

    [trial 5] 13 features, training_days=60 | threshold=0.603 | labels: 1085 long, 1108 short (49/51%)
    [trial 5] Sharpe=-0.0395 (folds: -0.1574, -0.1231, 0.1126, -0.0548, 0.0250)
    [trial 6] 13 features, training_days=290 | threshold=0.738 | labels: 1085 long, 1108 short (49/51%)
    [trial 6] Sharpe=-0.0256 (folds: -0.0315, -0.0469, 0.0318, 0.0053, -0.0870)
    [trial 7] 13 features, training_days=70 | threshold=0.564 | labels: 1085 long, 1108 short (49/51%)
    [trial 7] Sharpe=-0.0211 (folds: -0.0087, -0.0597, -0.0214, -0.0936, 0.0780)
    [trial 8] 13 features, training_days=440 | threshold=0.653 | labels: 1085 long, 1108 short (49/51%)
    [trial 8] Sharpe=0.1608 (folds: 0.1614, -0.0223, 0.1007, 0.1293, 0.4350)
    [trial 9] 13 features, training_days=360 | threshold=0.728 | labels: 1085 long, 1108 short (49/51%)
    [trial 9] Sharpe=-1.9586 (folds: 0.1606, -0.1109, 0.0133, 0.1438, -10.0000)
  Optuna: 10 trials, best Sharpe = 0.1608
  Best params: n_estimators=116, max_depth=4, lr=0.0102, leaves=115
  Best confidence_threshold: 0.653
  Best training_days: 440
  Retrained on full data (1320 samples, 13 features)
  Model trained for 2025-12: 93 test candles with features, confidence_threshold=0.653
[lgbm] === Training for 2026-01 ===
  Train window: 2024-01-01 → 2026-01-01
  2193 training samples from 1 symbols
  Samples per month: 2024-01: 93, 2024-02: 87, 2024-03: 93, 2024-04: 90, 2024-05: 93, 2024-06: 90, 2024-07: 93, 2024-08: 93, 2024-09: 90, 2024-10: 93, 2024-11: 90, 2024-12: 93, 2025-01: 93, 2025-02: 84, 2025-03: 93, 2025-04: 90, 2025-05: 93, 2025-06: 90, 2025-07: 93, 2025-08: 93, 2025-09: 90, 2025-10: 93, 2025-11: 90, 2025-12: 93
  [label] 2024-03-03 08:00 LDOUSDT entry=3.3403 → LONG | long=sl(-4.87%) short=sl(-4.87%) | scanned=5 | no_tp→fwd_return=+1.4430
  [label] 2024-03-05 16:00 LDOUSDT entry=3.1132 → LONG | long=tp(+12.17%) short=sl(-6.24%) | scanned=5 | long_tp_only
  [label] 2024-03-09 08:00 LDOUSDT entry=3.4450 → LONG | long=sl(-5.29%) short=sl(-5.29%) | scanned=11 | no_tp→fwd_return=+2.5718
  [label] 2024-04-03 08:00 LDOUSDT entry=2.5608 → LONG | long=sl(-5.97%) short=sl(-5.97%) | scanned=13 | no_tp→fwd_return=+5.2913
  [label] 2024-05-26 08:00 LDOUSDT entry=2.6482 → SHORT | long=sl(-5.48%) short=tp(+10.66%) | scanned=6 | short_tp_only
  [label] 2024-11-10 08:00 LDOUSDT entry=1.3642 → SHORT | long=sl(-5.76%) short=tp(+11.22%) | scanned=6 | short_tp_only
  [label] 2024-11-14 08:00 LDOUSDT entry=1.1074 → LONG | long=timeout(+8.59%) short=sl(-8.04%) | scanned=22 | no_tp→fwd_return=+8.6870
  [label] 2024-11-25 00:00 LDOUSDT entry=1.5207 → LONG | long=tp(+12.08%) short=sl(-6.19%) | scanned=1 | long_tp_only
  [label] 2025-01-09 08:00 LDOUSDT entry=1.6652 → SHORT | long=sl(-6.13%) short=tp(+11.96%) | scanned=12 | short_tp_only
  [label] 2025-01-18 00:00 LDOUSDT entry=1.8092 → SHORT | long=sl(-5.97%) short=tp(+11.64%) | scanned=4 | short_tp_only
  [label] 2025-04-19 16:00 LDOUSDT entry=0.7099 → LONG | long=tp(+8.96%) short=sl(-4.63%) | scanned=9 | long_tp_only
  [label] 2025-05-21 16:00 LDOUSDT entry=0.8993 → LONG | long=tp(+12.04%) short=sl(-6.17%) | scanned=4 | long_tp_only
  [label] 2025-06-07 00:00 LDOUSDT entry=0.8002 → LONG | long=tp(+12.60%) short=sl(-6.45%) | scanned=10 | long_tp_only
  [label] 2025-06-20 00:00 LDOUSDT entry=0.7844 → SHORT | long=sl(-5.00%) short=tp(+9.70%) | scanned=4 | short_tp_only
  [label] 2025-07-08 16:00 LDOUSDT entry=0.7256 → LONG | long=tp(+7.14%) short=sl(-3.72%) | scanned=3 | long_tp_only
  [label] 2025-07-15 00:00 LDOUSDT entry=0.8372 → LONG | long=tp(+8.33%) short=sl(-4.32%) | scanned=2 | long_tp_only
  [label] 2025-07-27 08:00 LDOUSDT entry=1.1190 → SHORT | long=sl(-5.20%) short=sl(-5.20%) | scanned=4 | no_tp→fwd_return=-4.1108
  [label] 2025-09-05 08:00 LDOUSDT entry=1.1737 → LONG | long=tp(+8.69%) short=sl(-4.49%) | scanned=11 | long_tp_only
  [label] 2025-09-15 08:00 LDOUSDT entry=1.1762 → LONG | long=tp(+7.71%) short=sl(-4.01%) | scanned=7 | long_tp_only
  [label] 2025-12-11 08:00 LDOUSDT entry=0.5818 → SHORT | long=sl(-4.64%) short=sl(-4.64%) | scanned=12 | no_tp→fwd_return=-3.8157
  Labels: 1095 long (49.9%), 1098 short (50.1%) | weights: min=1.01, mean=4.61, max=10.00
  Features: 2193/2193 matched, 13 columns
  CV gap: 22 rows
    [trial 0] 13 features, training_days=230 | threshold=0.779 | labels: 1095 long, 1098 short (50/50%)
    [CV fold 0] train_end=2024-04-25 00:00 | val_start=2024-05-02 16:00 | gap=184h (22 rows)
    [CV fold 1] train_end=2024-08-24 16:00 | val_start=2024-09-01 08:00 | gap=184h (22 rows)
    [CV fold 2] train_end=2024-12-24 08:00 | val_start=2025-01-01 00:00 | gap=184h (22 rows)
    [CV fold 3] train_end=2025-04-25 00:00 | val_start=2025-05-02 16:00 | gap=184h (22 rows)
    [CV fold 4] train_end=2025-08-24 16:00 | val_start=2025-09-01 08:00 | gap=184h (22 rows)
    [trial 0] Sharpe=-0.0261 (folds: 0.1736, -0.2198, -0.0723, 0.0143, -0.0263)
    [trial 1] 13 features, training_days=410 | threshold=0.693 | labels: 1095 long, 1098 short (50/50%)
    [trial 1] Sharpe=0.1160 (folds: 0.3311, -0.2374, 0.1136, 0.1425, 0.2300)
    [trial 2] 13 features, training_days=270 | threshold=0.546 | labels: 1095 long, 1098 short (50/50%)
    [trial 2] Sharpe=0.0249 (folds: 0.2719, -0.1164, 0.1210, 0.0717, -0.2240)
    [trial 3] 13 features, training_days=270 | threshold=0.600 | labels: 1095 long, 1098 short (50/50%)
    [trial 3] Sharpe=-0.0017 (folds: 0.1495, -0.1038, 0.0956, 0.0724, -0.2221)
    [trial 4] 13 features, training_days=390 | threshold=0.764 | labels: 1095 long, 1098 short (50/50%)
    [trial 4] Sharpe=0.0495 (folds: 0.1896, -0.1433, 0.1810, 0.0639, -0.0437)
    [trial 5] 13 features, training_days=60 | threshold=0.603 | labels: 1095 long, 1098 short (50/50%)
    [trial 5] Sharpe=0.0194 (folds: 0.1901, -0.0614, 0.0424, 0.0156, -0.0898)
    [trial 6] 13 features, training_days=290 | threshold=0.738 | labels: 1095 long, 1098 short (50/50%)
    [trial 6] Sharpe=-0.0316 (folds: 0.2279, -0.2845, 0.1396, 0.0395, -0.2808)
    [trial 7] 13 features, training_days=70 | threshold=0.564 | labels: 1095 long, 1098 short (50/50%)
    [trial 7] Sharpe=0.0024 (folds: 0.1635, -0.1023, 0.0663, -0.0479, -0.0678)
    [trial 8] 13 features, training_days=440 | threshold=0.653 | labels: 1095 long, 1098 short (50/50%)
    [trial 8] Sharpe=0.0942 (folds: 0.4058, -0.0609, 0.1157, 0.0283, -0.0181)
    [trial 9] 13 features, training_days=360 | threshold=0.728 | labels: 1095 long, 1098 short (50/50%)
    [trial 9] Sharpe=-0.0453 (folds: 0.2556, -0.7192, 0.0649, 0.1922, -0.0200)
  Optuna: 10 trials, best Sharpe = 0.1160
  Best params: n_estimators=233, max_depth=5, lr=0.0137, leaves=108
  Best confidence_threshold: 0.693
  Best training_days: 410
  Retrained on full data (1230 samples, 13 features)
  Model trained for 2026-01: 93 test candles with features, confidence_threshold=0.693
[lgbm] === Training for 2026-02 ===
  Train window: 2024-02-01 → 2026-02-01
  2193 training samples from 1 symbols
  Samples per month: 2024-02: 87, 2024-03: 93, 2024-04: 90, 2024-05: 93, 2024-06: 90, 2024-07: 93, 2024-08: 93, 2024-09: 90, 2024-10: 93, 2024-11: 90, 2024-12: 93, 2025-01: 93, 2025-02: 84, 2025-03: 93, 2025-04: 90, 2025-05: 93, 2025-06: 90, 2025-07: 93, 2025-08: 93, 2025-09: 90, 2025-10: 93, 2025-11: 90, 2025-12: 93, 2026-01: 93
  [label] 2024-04-03 08:00 LDOUSDT entry=2.5608 → LONG | long=sl(-5.97%) short=sl(-5.97%) | scanned=13 | no_tp→fwd_return=+5.2913
  [label] 2024-04-05 16:00 LDOUSDT entry=2.6124 → LONG | long=tp(+11.46%) short=sl(-5.88%) | scanned=8 | long_tp_only
  [label] 2024-04-09 08:00 LDOUSDT entry=2.7906 → SHORT | long=sl(-5.26%) short=tp(+10.21%) | scanned=6 | short_tp_only
  [label] 2024-05-04 08:00 LDOUSDT entry=2.0804 → SHORT | long=sl(-5.11%) short=tp(+9.92%) | scanned=13 | short_tp_only
  [label] 2024-06-26 08:00 LDOUSDT entry=2.2788 → SHORT | long=sl(-6.13%) short=sl(-6.13%) | scanned=7 | no_tp→fwd_return=-17.8339
  [label] 2024-12-11 08:00 LDOUSDT entry=1.9143 → LONG | long=tp(+15.29%) short=sl(-7.79%) | scanned=3 | long_tp_only
  [label] 2024-12-15 08:00 LDOUSDT entry=2.2580 → SHORT | long=sl(-6.67%) short=sl(-6.67%) | scanned=6 | no_tp→fwd_return=-5.9743[I 2026-05-07 00:29:10,826] A new study created in memory with name: no-name-811aee33-b40b-42d7-8d76-24b532e298fc
[I 2026-05-07 00:29:11,088] Trial 0 finished with value: -0.03953428537315058 and parameters: {'confidence_threshold': 0.7790993046299082, 'training_days': 230, 'n_estimators': 295, 'max_depth': 5, 'num_leaves': 83, 'learning_rate': 0.051543455158230854, 'subsample': 0.8773243492079463, 'min_child_samples': 10, 'reg_alpha': 0.034096514368237685, 'reg_lambda': 3.154180388637081e-05}. Best is trial 0 with value: -0.03953428537315058.
[I 2026-05-07 00:29:11,219] Trial 1 finished with value: 0.026370874531428074 and parameters: {'confidence_threshold': 0.6929247853618086, 'training_days': 410, 'n_estimators': 233, 'max_depth': 5, 'num_leaves': 108, 'learning_rate': 0.013724237108071606, 'subsample': 0.7013182233636002, 'min_child_samples': 94, 'reg_alpha': 2.4040959529260723e-06, 'reg_lambda': 5.320966582161148}. Best is trial 1 with value: 0.026370874531428074.
[I 2026-05-07 00:29:11,288] Trial 2 finished with value: -0.04754987867370672 and parameters: {'confidence_threshold': 0.546341527225763, 'training_days': 270, 'n_estimators': 120, 'max_depth': 4, 'num_leaves': 53, 'learning_rate': 0.060197068579343475, 'subsample': 0.588227873455941, 'min_child_samples': 91, 'reg_alpha': 2.3457771824819002e-08, 'reg_lambda': 1.1358840775642732e-08}. Best is trial 1 with value: 0.026370874531428074.
[I 2026-05-07 00:29:11,456] Trial 3 finished with value: -0.05632860434711837 and parameters: {'confidence_threshold': 0.6000319676300473, 'training_days': 270, 'n_estimators': 382, 'max_depth': 4, 'num_leaves': 44, 'learning_rate': 0.09185046765032388, 'subsample': 0.6743651508646724, 'min_child_samples': 77, 'reg_alpha': 0.0013974578104212739, 'reg_lambda': 8.97190257982477e-08}. Best is trial 1 with value: 0.026370874531428074.
[I 2026-05-07 00:29:11,815] Trial 4 finished with value: -0.021323974410547036 and parameters: {'confidence_threshold': 0.7642618789055509, 'training_days': 390, 'n_estimators': 464, 'max_depth': 5, 'num_leaves': 30, 'learning_rate': 0.024562383309704932, 'subsample': 0.8612975035964376, 'min_child_samples': 36, 'reg_alpha': 1.593999300080167, 'reg_lambda': 0.006081270362829788}. Best is trial 1 with value: 0.026370874531428074.
[I 2026-05-07 00:29:11,965] Trial 5 finished with value: -0.08433794483838616 and parameters: {'confidence_threshold': 0.6029115860358569, 'training_days': 60, 'n_estimators': 441, 'max_depth': 3, 'num_leaves': 66, 'learning_rate': 0.044953114425778824, 'subsample': 0.7098948461279406, 'min_child_samples': 15, 'reg_alpha': 4.888753565548431e-07, 'reg_lambda': 4.198190642566389}. Best is trial 1 with value: 0.026370874531428074.
[I 2026-05-07 00:29:12,198] Trial 6 finished with value: -0.09964207202172395 and parameters: {'confidence_threshold': 0.7376932868314098, 'training_days': 290, 'n_estimators': 249, 'max_depth': 5, 'num_leaves': 121, 'learning_rate': 0.015565840632862623, 'subsample': 0.8390183783709677, 'min_child_samples': 19, 'reg_alpha': 1.860444687368747e-08, 'reg_lambda': 2.7391483548058117e-06}. Best is trial 1 with value: 0.026370874531428074.
[I 2026-05-07 00:29:12,235] Trial 7 finished with value: -0.08761530673717029 and parameters: {'confidence_threshold': 0.563503962036334, 'training_days': 70, 'n_estimators': 63, 'max_depth': 3, 'num_leaves': 47, 'learning_rate': 0.18074927623018475, 'subsample': 0.5059692991701257, 'min_child_samples': 9, 'reg_alpha': 3.6945804405602874e-08, 'reg_lambda': 0.027706035542028905}. Best is trial 1 with value: 0.026370874531428074.
[I 2026-05-07 00:29:12,323] Trial 8 finished with value: 0.14211426679810146 and parameters: {'confidence_threshold': 0.6525471176758836, 'training_days': 440, 'n_estimators': 116, 'max_depth': 4, 'num_leaves': 115, 'learning_rate': 0.010229952960863938, 'subsample': 0.5062159465415076, 'min_child_samples': 54, 'reg_alpha': 6.790626457822126e-06, 'reg_lambda': 1.7869141074987722e-05}. Best is trial 8 with value: 0.14211426679810146.
[I 2026-05-07 00:29:12,416] Trial 9 finished with value: -0.1783904670327031 and parameters: {'confidence_threshold': 0.7277571993354469, 'training_days': 360, 'n_estimators': 75, 'max_depth': 5, 'num_leaves': 41, 'learning_rate': 0.014186743931212992, 'subsample': 0.7445187273047605, 'min_child_samples': 22, 'reg_alpha': 0.02393227447113315, 'reg_lambda': 0.009236766173618426}. Best is trial 8 with value: 0.14211426679810146.
[I 2026-05-07 00:29:12,719] A new study created in memory with name: no-name-1d082a98-ef10-4cf1-828c-75bf854eb586
[I 2026-05-07 00:29:13,022] Trial 0 finished with value: -0.06955511796793477 and parameters: {'confidence_threshold': 0.7790993046299082, 'training_days': 230, 'n_estimators': 295, 'max_depth': 5, 'num_leaves': 83, 'learning_rate': 0.051543455158230854, 'subsample': 0.8773243492079463, 'min_child_samples': 10, 'reg_alpha': 0.034096514368237685, 'reg_lambda': 3.154180388637081e-05}. Best is trial 0 with value: -0.06955511796793477.

  [label] 2024-12-26 00:00 LDOUSDT entry=1.8522 → SHORT | long=sl(-7.06%) short=sl(-7.06%) | scanned=19 | no_tp→fwd_return=-4.7403
  [label] 2025-02-09 08:00 LDOUSDT entry=1.5130 → LONG | long=tp(+19.73%) short=sl(-10.02%) | scanned=10 | long_tp_only
  [label] 2025-02-18 00:00 LDOUSDT entry=1.8166 → SHORT | long=sl(-6.71%) short=tp(+13.11%) | scanned=11 | short_tp_only
  [label] 2025-05-20 16:00 LDOUSDT entry=0.8692 → LONG | long=tp(+12.23%) short=sl(-6.27%) | scanned=6 | long_tp_only
  [label] 2025-06-21 16:00 LDOUSDT entry=0.6794 → LONG | long=sl(-5.77%) short=sl(-5.77%) | scanned=7 | no_tp→fwd_return=+4.2685
  [label] 2025-07-08 00:00 LDOUSDT entry=0.7192 → LONG | long=tp(+7.09%) short=sl(-3.70%) | scanned=5 | long_tp_only
  [label] 2025-07-21 00:00 LDOUSDT entry=1.2298 → SHORT | long=sl(-5.05%) short=tp(+9.81%) | scanned=7 | short_tp_only
  [label] 2025-08-08 16:00 LDOUSDT entry=1.1188 → LONG | long=tp(+8.78%) short=sl(-4.54%) | scanned=3 | long_tp_only
  [label] 2025-08-15 00:00 LDOUSDT entry=1.4212 → SHORT | long=sl(-6.23%) short=tp(+12.17%) | scanned=19 | short_tp_only
  [label] 2025-08-27 08:00 LDOUSDT entry=1.2828 → SHORT | long=sl(-5.44%) short=tp(+10.58%) | scanned=16 | short_tp_only
  [label] 2025-10-06 08:00 LDOUSDT entry=1.2570 → SHORT | long=sl(-4.07%) short=tp(+7.84%) | scanned=9 | short_tp_only
  [label] 2025-10-16 08:00 LDOUSDT entry=0.8884 → LONG | long=sl(-9.11%) short=sl(-9.11%) | scanned=16 | no_tp→fwd_return=+1.2945
  [label] 2026-01-11 08:00 LDOUSDT entry=0.6363 → LONG | long=sl(-3.11%) short=sl(-3.11%) | scanned=7 | no_tp→fwd_return=+4.4947
  Labels: 1090 long (49.7%), 1103 short (50.3%) | weights: min=1.01, mean=4.53, max=10.00
  Features: 2193/2193 matched, 13 columns
  CV gap: 22 rows
    [trial 0] 13 features, training_days=230 | threshold=0.779 | labels: 1090 long, 1103 short (50/50%)
    [CV fold 0] train_end=2024-05-26 00:00 | val_start=2024-06-02 16:00 | gap=184h (22 rows)
    [CV fold 1] train_end=2024-09-24 16:00 | val_start=2024-10-02 08:00 | gap=184h (22 rows)
    [CV fold 2] train_end=2025-01-24 08:00 | val_start=2025-02-01 00:00 | gap=184h (22 rows)
    [CV fold 3] train_end=2025-05-26 00:00 | val_start=2025-06-02 16:00 | gap=184h (22 rows)
    [CV fold 4] train_end=2025-09-24 16:00 | val_start=2025-10-02 08:00 | gap=184h (22 rows)
    [trial 0] Sharpe=-0.0395 (folds: 0.0111, -0.1321, 0.0326, -0.0550, -0.0543)
    [trial 1] 13 features, training_days=410 | threshold=0.693 | labels: 1090 long, 1103 short (50/50%)
    [trial 1] Sharpe=0.0264 (folds: 0.3638, -0.2864, 0.1001, 0.0649, -0.1105)
    [trial 2] 13 features, training_days=270 | threshold=0.546 | labels: 1090 long, 1103 short (50/50%)
    [trial 2] Sharpe=-0.0475 (folds: 0.1617, -0.1406, -0.0661, 0.0263, -0.2191)
    [trial 3] 13 features, training_days=270 | threshold=0.600 | labels: 1090 long, 1103 short (50/50%)
    [trial 3] Sharpe=-0.0563 (folds: 0.0314, -0.1088, -0.0135, -0.0377, -0.1530)
    [trial 4] 13 features, training_days=390 | threshold=0.764 | labels: 1090 long, 1103 short (50/50%)
    [trial 4] Sharpe=-0.0213 (folds: 0.1246, -0.1160, 0.0858, -0.0905, -0.1104)
    [trial 5] 13 features, training_days=60 | threshold=0.603 | labels: 1090 long, 1103 short (50/50%)
    [trial 5] Sharpe=-0.0843 (folds: -0.1491, -0.0512, 0.0091, -0.0003, -0.2302)
    [trial 6] 13 features, training_days=290 | threshold=0.738 | labels: 1090 long, 1103 short (50/50%)
    [trial 6] Sharpe=-0.0996 (folds: 0.0276, -0.2127, -0.0375, -0.1297, -0.1459)
    [trial 7] 13 features, training_days=70 | threshold=0.564 | labels: 1090 long, 1103 short (50/50%)
    [trial 7] Sharpe=-0.0876 (folds: -0.1813, -0.0389, -0.0612, -0.0397, -0.1170)
    [trial 8] 13 features, training_days=440 | threshold=0.653 | labels: 1090 long, 1103 short (50/50%)
    [trial 8] Sharpe=0.1421 (folds: 0.4612, -0.2391, 0.0744, -0.0791, 0.4932)
    [trial 9] 13 features, training_days=360 | threshold=0.728 | labels: 1090 long, 1103 short (50/50%)
    [trial 9] Sharpe=-0.1784 (folds: 0.2460, -0.2468, -0.2822, -0.3528, -0.2562)
  Optuna: 10 trials, best Sharpe = 0.1421
  Best params: n_estimators=116, max_depth=4, lr=0.0102, leaves=115
  Best confidence_threshold: 0.653
  Best training_days: 440
  Retrained on full data (1320 samples, 13 features)
  Model trained for 2026-02: 84 test candles with features, confidence_threshold=0.653
[lgbm] === Training for 2026-03 ===
  Train window: 2024-03-01 → 2026-03-01
  2190 training samples from 1 symbols
  Samples per month: 2024-03: 93, 2024-04: 90, 2024-05: 93, 2024-06: 90, 2024-07: 93, 2024-08: 93, 2024-09: 90, 2024-10: 93, 2024-11: 90, 2024-12: 93, 2025-01: 93, 2025-02: 84, 2025-03: 93, 2025-04: 90, 2025-05: 93, 2025-06: 90, 2025-07: 93, 2025-08: 93, 2025-09: 90, 2025-10: 93, 2025-11: 90, 2025-12: 93, 2026-01: 93, 2026-02: 84
  [label] 2024-05-02 08:00 LDOUSDT entry=1.9705 → SHORT | long=sl(-5.81%) short=sl(-5.81%) | scanned=19 | no_tp→fwd_return=-6.0594
  [label] 2024-05-04 08:00 LDOUSDT entry=2.0804 → SHORT | long=sl(-5.11%) short=tp(+9.92%) | scanned=13 | short_tp_only
  [label] 2024-05-08 08:00 LDOUSDT entry=1.9648 → SHORT | long=sl(-4.62%) short=tp(+8.94%) | scanned=6 | short_tp_only
  [label] 2024-06-02 08:00 LDOUSDT entry=2.3614 → SHORT | long=sl(-5.33%) short=tp(+10.36%) | scanned=16 | short_tp_only
  [label] 2024-07-25 08:00 LDOUSDT entry=1.5534 → SHORT | long=timeout(-2.25%) short=sl(-5.62%) | scanned=22 | no_tp→fwd_return=-2.1501
  [label] 2025-01-08 16:00 LDOUSDT entry=1.6498 → SHORT | long=sl(-6.25%) short=tp(+12.20%) | scanned=14 | short_tp_only
  [label] 2025-01-13 00:00 LDOUSDT entry=1.5184 → LONG | long=sl(-6.05%) short=sl(-6.05%) | scanned=2 | no_tp→fwd_return=+6.8361
  [label] 2025-01-23 16:00 LDOUSDT entry=1.8216 → LONG | long=tp(+14.31%) short=sl(-7.31%) | scanned=2 | long_tp_only
  [label] 2025-03-10 00:00 LDOUSDT entry=1.0144 → SHORT | long=sl(-7.69%) short=tp(+15.08%) | scanned=3 | short_tp_only
  [label] 2025-03-18 16:00 LDOUSDT entry=0.9491 → LONG | long=tp(+11.67%) short=sl(-5.99%) | scanned=2 | long_tp_only
  [label] 2025-06-18 00:00 LDOUSDT entry=0.7863 → SHORT | long=sl(-5.38%) short=tp(+10.46%) | scanned=10 | short_tp_only
  [label] 2025-07-20 00:00 LDOUSDT entry=1.1228 → LONG | long=tp(+9.60%) short=sl(-4.95%) | scanned=1 | long_tp_only
  [label] 2025-08-05 08:00 LDOUSDT entry=0.8945 → LONG | long=tp(+10.96%) short=sl(-5.63%) | scanned=6 | long_tp_only
  [label] 2025-08-18 08:00 LDOUSDT entry=1.3009 → LONG | long=tp(+11.85%) short=sl(-6.07%) | scanned=12 | long_tp_only
  [label] 2025-09-06 00:00 LDOUSDT entry=1.1668 → LONG | long=tp(+8.45%) short=sl(-4.38%) | scanned=9 | long_tp_only
  [label] 2025-09-12 08:00 LDOUSDT entry=1.2786 → SHORT | long=sl(-3.78%) short=sl(-3.78%) | scanned=6 | no_tp→fwd_return=-4.4736
  [label] 2025-09-24 16:00 LDOUSDT entry=1.1093 → LONG | long=sl(-4.03%) short=sl(-4.03%) | scanned=15 | no_tp→fwd_return=+6.0308
  [label] 2025-11-03 16:00 LDOUSDT entry=0.7397 → LONG | long=sl(-5.92%) short=sl(-5.92%) | scanned=11 | no_tp→fwd_return=+5.5293
  [label] 2025-11-13 16:00 LDOUSDT entry=0.7745 → SHORT | long=sl(-6.19%) short=tp(+12.08%) | scanned=12 | short_tp_only
  [label] 2026-02-08 08:00 LDOUSDT entry=0.3579 → SHORT | long=sl(-6.41%) short=timeout(+3.73%) | scanned=22 | no_tp→fwd_return=-3.8279
  Labels: 1049 long (47.9%), 1141 short (52.1%) | weights: min=1.01, mean=4.54, max=10.00
  Features: 2190/2190 matched, 13 columns
  CV gap: 22 rows
    [trial 0] 13 features, training_days=230 | threshold=0.779 | labels: 1049 long, 1141 short (48/52%)
    [CV fold 0] train_end=2024-06-23 00:00 | val_start=2024-06-30 16:00 | gap=184h (22 rows)
    [CV fold 1] train_end=2024-10-22 16:00 | val_start=2024-10-30 08:00 | gap=184h (22 rows)
    [CV fold 2] train_end=2025-02-21 08:00 | val_start=2025-03-01 00:00 | gap=184h (22 rows)
    [CV fold 3] train_end=2025-06-23 00:00 | val_start=2025-06-30 16:00 | gap=184h (22 rows)
    [CV fold 4] train_end=2025-10-22 16:00 | val_start=2025-10-30 08:00 | gap=184h (22 rows)
    [trial 0] Sharpe=-0.0696 (folds: -0.1075, -0.0229, 0.0890, -0.0527, -0.2537)
