[I 2026-05-07 00:30:03,782] Trial 1 finished with value: -0.1551239294295673 and parameters: {'confidence_threshold': 0.6929247853618086, 'training_days': 410, 'n_estimators': 233, 'max_depth': 5, 'num_leaves': 108, 'learning_rate': 0.013724237108071606, 'subsample': 0.7013182233636002, 'min_child_samples': 94, 'reg_alpha': 2.4040959529260723e-06, 'reg_lambda': 5.320966582161148}. Best is trial 1 with value: -0.1551239294295673.
[I 2026-05-07 00:30:03,855] Trial 2 finished with value: -0.20863640089440785 and parameters: {'confidence_threshold': 0.546341527225763, 'training_days': 270, 'n_estimators': 120, 'max_depth': 4, 'num_leaves': 53, 'learning_rate': 0.060197068579343475, 'subsample': 0.588227873455941, 'min_child_samples': 91, 'reg_alpha': 2.3457771824819002e-08, 'reg_lambda': 1.1358840775642732e-08}. Best is trial 1 with value: -0.1551239294295673.
[I 2026-05-07 00:30:04,044] Trial 3 finished with value: -0.18842174161347847 and parameters: {'confidence_threshold': 0.6000319676300473, 'training_days': 270, 'n_estimators': 382, 'max_depth': 4, 'num_leaves': 44, 'learning_rate': 0.09185046765032388, 'subsample': 0.6743651508646724, 'min_child_samples': 77, 'reg_alpha': 0.0013974578104212739, 'reg_lambda': 8.97190257982477e-08}. Best is trial 1 with value: -0.1551239294295673.
[I 2026-05-07 00:30:04,479] Trial 4 finished with value: -0.19366658530421355 and parameters: {'confidence_threshold': 0.7642618789055509, 'training_days': 390, 'n_estimators': 464, 'max_depth': 5, 'num_leaves': 30, 'learning_rate': 0.024562383309704932, 'subsample': 0.8612975035964376, 'min_child_samples': 36, 'reg_alpha': 1.593999300080167, 'reg_lambda': 0.006081270362829788}. Best is trial 1 with value: -0.1551239294295673.
[I 2026-05-07 00:30:04,645] Trial 5 finished with value: -0.1458272066484661 and parameters: {'confidence_threshold': 0.6029115860358569, 'training_days': 60, 'n_estimators': 441, 'max_depth': 3, 'num_leaves': 66, 'learning_rate': 0.044953114425778824, 'subsample': 0.7098948461279406, 'min_child_samples': 15, 'reg_alpha': 4.888753565548431e-07, 'reg_lambda': 4.198190642566389}. Best is trial 5 with value: -0.1458272066484661.
[I 2026-05-07 00:30:04,910] Trial 6 finished with value: -0.1442019654505143 and parameters: {'confidence_threshold': 0.7376932868314098, 'training_days': 290, 'n_estimators': 249, 'max_depth': 5, 'num_leaves': 121, 'learning_rate': 0.015565840632862623, 'subsample': 0.8390183783709677, 'min_child_samples': 19, 'reg_alpha': 1.860444687368747e-08, 'reg_lambda': 2.7391483548058117e-06}. Best is trial 6 with value: -0.1442019654505143.
[I 2026-05-07 00:30:04,948] Trial 7 finished with value: -0.05192133714239121 and parameters: {'confidence_threshold': 0.563503962036334, 'training_days': 70, 'n_estimators': 63, 'max_depth': 3, 'num_leaves': 47, 'learning_rate': 0.18074927623018475, 'subsample': 0.5059692991701257, 'min_child_samples': 9, 'reg_alpha': 3.6945804405602874e-08, 'reg_lambda': 0.027706035542028905}. Best is trial 7 with value: -0.05192133714239121.
[I 2026-05-07 00:30:05,046] Trial 8 finished with value: -0.34327003881340457 and parameters: {'confidence_threshold': 0.6525471176758836, 'training_days': 440, 'n_estimators': 116, 'max_depth': 4, 'num_leaves': 115, 'learning_rate': 0.010229952960863938, 'subsample': 0.5062159465415076, 'min_child_samples': 54, 'reg_alpha': 6.790626457822126e-06, 'reg_lambda': 1.7869141074987722e-05}. Best is trial 7 with value: -0.05192133714239121.
[I 2026-05-07 00:30:05,140] Trial 9 finished with value: -0.14205726296108329 and parameters: {'confidence_threshold': 0.7277571993354469, 'training_days': 360, 'n_estimators': 75, 'max_depth': 5, 'num_leaves': 41, 'learning_rate': 0.014186743931212992, 'subsample': 0.7445187273047605, 'min_child_samples': 22, 'reg_alpha': 0.02393227447113315, 'reg_lambda': 0.009236766173618426}. Best is trial 7 with value: -0.05192133714239121.
[I 2026-05-07 00:30:05,491] A new study created in memory with name: no-name-110b8401-d9cb-4a40-8112-b42663f68839

  [label] 2023-06-15 08:00 TRXUSDT entry=0.0703 → SHORT | long=sl(-2.61%) short=sl(-2.61%) | scanned=15 | no_tp→fwd_return=-1.9496
  [label] 2023-06-27 16:00 TRXUSDT entry=0.0743 → LONG | long=sl(-1.94%) short=sl(-1.94%) | scanned=7 | no_tp→fwd_return=+1.6153
  [label] 2023-08-06 08:00 TRXUSDT entry=0.0770 → LONG | long=sl(-1.69%) short=timeout(-0.65%) | scanned=22 | no_tp→fwd_return=+0.5453
  [label] 2023-08-16 08:00 TRXUSDT entry=0.0756 → SHORT | long=sl(-1.07%) short=tp(+1.84%) | scanned=1 | short_tp_only
  [label] 2023-11-10 16:00 TRXUSDT entry=0.1062 → LONG | long=tp(+3.74%) short=sl(-2.02%) | scanned=7 | long_tp_only
  Labels: 1187 long (54.6%), 988 short (45.4%) | weights: min=1.01, mean=2.76, max=10.00
  Features: 2175/2175 matched, 13 columns
  CV gap: 22 rows
    [trial 0] 13 features, training_days=230 | threshold=0.779 | labels: 1187 long, 988 short (55/45%)
    [CV fold 0] train_end=2022-03-28 00:00 | val_start=2022-04-06 16:00 | gap=232h (22 rows)
    [CV fold 1] train_end=2022-07-28 16:00 | val_start=2022-08-05 08:00 | gap=184h (22 rows)
    [CV fold 2] train_end=2022-11-26 08:00 | val_start=2022-12-04 00:00 | gap=184h (22 rows)
    [CV fold 3] train_end=2023-03-27 00:00 | val_start=2023-04-03 16:00 | gap=184h (22 rows)
    [CV fold 4] train_end=2023-07-25 16:00 | val_start=2023-08-02 08:00 | gap=184h (22 rows)
    [trial 0] Sharpe=-0.1902 (folds: -0.2129, -0.2324, -0.2357, -0.1351, -0.1351)
    [trial 1] 13 features, training_days=410 | threshold=0.693 | labels: 1187 long, 988 short (55/45%)
    [trial 1] Sharpe=-0.1551 (folds: -0.6596, 0.6494, -0.2190, -0.2797, -0.2667)
    [trial 2] 13 features, training_days=270 | threshold=0.546 | labels: 1187 long, 988 short (55/45%)
    [trial 2] Sharpe=-0.2086 (folds: -0.4209, 0.0503, -0.2314, -0.2275, -0.2138)
    [trial 3] 13 features, training_days=270 | threshold=0.600 | labels: 1187 long, 988 short (55/45%)
    [trial 3] Sharpe=-0.1884 (folds: -0.2930, -0.0786, -0.2128, -0.1852, -0.1725)
    [trial 4] 13 features, training_days=390 | threshold=0.764 | labels: 1187 long, 988 short (55/45%)
    [trial 4] Sharpe=-0.1937 (folds: -0.3806, 0.0063, -0.2198, -0.1717, -0.2025)
    [trial 5] 13 features, training_days=60 | threshold=0.603 | labels: 1187 long, 988 short (55/45%)
    [trial 5] Sharpe=-0.1458 (folds: -0.0597, -0.1547, -0.0690, -0.3559, -0.0899)
    [trial 6] 13 features, training_days=290 | threshold=0.738 | labels: 1187 long, 988 short (55/45%)
    [trial 6] Sharpe=-0.1442 (folds: -0.4145, -0.0394, -0.0550, -0.0818, -0.1303)
    [trial 7] 13 features, training_days=70 | threshold=0.564 | labels: 1187 long, 988 short (55/45%)
    [trial 7] Sharpe=-0.0519 (folds: 0.1380, -0.2118, 0.0885, -0.2626, -0.0117)
    [trial 8] 13 features, training_days=440 | threshold=0.653 | labels: 1187 long, 988 short (55/45%)
    [trial 8] Sharpe=-0.3433 (folds: -0.6590, 0.3528, -0.2343, -0.9214, -0.2545)
    [trial 9] 13 features, training_days=360 | threshold=0.728 | labels: 1187 long, 988 short (55/45%)
    [trial 9] Sharpe=-0.1421 (folds: -0.6099, 0.2555, -0.2942, 0.0177, -0.0794)
  Optuna: 10 trials, best Sharpe = -0.0519
  Best params: n_estimators=63, max_depth=3, lr=0.1807, leaves=47
  Best confidence_threshold: 0.564
  Best training_days: 70
  Retrained on full data (210 samples, 13 features)
  Model trained for 2023-12: 93 test candles with features, confidence_threshold=0.564
[predict] 2023-12-10 16:00 TRXUSDT → LONG (proba=0.88 TP=3.0%/SL=1.5%)
[trade:open] 2023-12-10 23:59 TRXUSDT LONG @ 0.11 | SL=0.11 TP=0.11 | timeout=2023-12-17 23:59
[trade:close] 2023-12-11 07:59 TRXUSDT LONG → stop_loss @ 0.11 | PnL=-1.49% (net -1.59%) | cum=+1.19% 2023-12=-1.59% 2023-12-11=-1.59%
[predict] 2023-12-12 16:00 TRXUSDT → LONG (proba=0.75 TP=3.7%/SL=1.9%)
[trade:open] 2023-12-12 23:59 TRXUSDT LONG @ 0.10 | SL=0.10 TP=0.11 | timeout=2023-12-19 23:59
[trade:close] 2023-12-15 23:59 TRXUSDT LONG → stop_loss @ 0.10 | PnL=-1.86% (net -1.96%) | cum=-0.77% 2023-12=-3.55% 2023-12-15=-1.96%
[predict] 2023-12-17 08:00 TRXUSDT → LONG (proba=0.97 TP=3.3%/SL=1.7%)
[trade:open] 2023-12-17 15:59 TRXUSDT LONG @ 0.10 | SL=0.10 TP=0.11 | timeout=2023-12-24 15:59
[trade:close] 2023-12-18 07:59 TRXUSDT LONG → stop_loss @ 0.10 | PnL=-1.67% (net -1.77%) | cum=-2.54% 2023-12=-5.32% 2023-12-18=-1.77%
[predict] 2023-12-19 16:00 TRXUSDT → LONG (proba=0.99 TP=3.4%/SL=1.7%)
[trade:open] 2023-12-19 23:59 TRXUSDT LONG @ 0.10 | SL=0.10 TP=0.10 | timeout=2023-12-26 23:59
[trade:close] 2023-12-21 15:59 TRXUSDT LONG → take_profit @ 0.10 | PnL=+3.37% (net +3.27%) | cum=+0.73% 2023-12=-2.05% 2023-12-21=+3.27%
[lgbm] === Training for 2024-01 ===
  Train window: 2022-01-01 → 2024-01-01
  2175 training samples from 1 symbols
  Samples per month: 2022-01: 93, 2022-02: 75, 2022-03: 93, 2022-04: 84, 2022-05: 93, 2022-06: 90, 2022-07: 93, 2022-08: 93, 2022-09: 90, 2022-10: 93, 2022-11: 90, 2022-12: 93, 2023-01: 93, 2023-02: 84, 2023-03: 93, 2023-04: 90, 2023-05: 93, 2023-06: 90, 2023-07: 93, 2023-08: 93, 2023-09: 90, 2023-10: 93, 2023-11: 90, 2023-12: 93
  [label] 2022-03-06 16:00 TRXUSDT entry=0.0588 → LONG | long=tp(+6.11%) short=sl(-3.21%) | scanned=7 | long_tp_only
  [label] 2022-03-09 00:00 TRXUSDT entry=0.0618 → SHORT | long=sl(-3.02%) short=tp(+5.75%) | scanned=3 | short_tp_only
  [label] 2022-03-12 16:00 TRXUSDT entry=0.0596 → LONG | long=timeout(+3.76%) short=sl(-2.77%) | scanned=22 | no_tp→fwd_return=+3.8591
  [label] 2022-04-08 16:00 TRXUSDT entry=0.0625 → SHORT | long=sl(-3.47%) short=tp(+6.64%) | scanned=9 | short_tp_only
  [label] 2022-05-31 00:00 TRXUSDT entry=0.0808 → LONG | long=tp(+9.19%) short=sl(-4.75%) | scanned=4 | long_tp_only
  [label] 2022-11-13 16:00 TRXUSDT entry=0.0508 → SHORT | long=sl(-5.15%) short=tp(+10.00%) | scanned=1 | short_tp_only
  [label] 2022-11-17 16:00 TRXUSDT entry=0.0500 → LONG | long=timeout(+5.42%) short=sl(-4.76%) | scanned=22 | no_tp→fwd_return=+5.5178
  [label] 2022-11-28 08:00 TRXUSDT entry=0.0530 → LONG | long=timeout(+0.50%) short=sl(-2.88%) | scanned=22 | no_tp→fwd_return=+0.6034
  [label] 2023-01-12 08:00 TRXUSDT entry=0.0561 → LONG | long=tp(+4.19%) short=sl(-2.25%) | scanned=4 | long_tp_only
  [label] 2023-01-21 00:00 TRXUSDT entry=0.0625 → SHORT | long=sl(-2.36%) short=sl(-2.36%) | scanned=3 | no_tp→fwd_return=-1.7123
  [label] 2023-04-21 16:00 TRXUSDT entry=0.0649 → LONG | long=tp(+3.25%) short=sl(-1.77%) | scanned=14 | long_tp_only
  [label] 2023-05-23 16:00 TRXUSDT entry=0.0784 → SHORT | long=sl(-1.69%) short=tp(+3.09%) | scanned=8 | short_tp_only
  [label] 2023-06-08 16:00 TRXUSDT entry=0.0773 → SHORT | long=sl(-2.17%) short=tp(+4.04%) | scanned=3 | short_tp_only
  [label] 2023-06-21 16:00 TRXUSDT entry=0.0723 → LONG | long=tp(+3.98%) short=sl(-2.14%) | scanned=17 | long_tp_only
  [label] 2023-07-10 00:00 TRXUSDT entry=0.0768 → LONG | long=tp(+3.09%) short=sl(-1.70%) | scanned=10 | long_tp_only
  [label] 2023-07-16 08:00 TRXUSDT entry=0.0799 → LONG | long=tp(+3.18%) short=sl(-1.74%) | scanned=17 | long_tp_only
  [label] 2023-07-28 16:00 TRXUSDT entry=0.0850 → SHORT | long=sl(-1.88%) short=tp(+3.46%) | scanned=5 | short_tp_only
  [label] 2023-09-06 08:00 TRXUSDT entry=0.0776 → LONG | long=tp(+1.91%) short=sl(-1.10%) | scanned=2 | long_tp_only
  [label] 2023-09-16 08:00 TRXUSDT entry=0.0835 → SHORT | long=timeout(-0.18%) short=sl(-1.38%) | scanned=22 | no_tp→fwd_return=-0.0838
  [label] 2023-12-11 16:00 TRXUSDT entry=0.1038 → LONG | long=sl(-2.03%) short=sl(-2.03%) | scanned=9 | no_tp→fwd_return=+2.1678
  Labels: 1220 long (56.1%), 955 short (43.9%) | weights: min=1.01, mean=2.70, max=10.00
  Features: 2175/2175 matched, 13 columns
  CV gap: 22 rows
    [trial 0] 13 features, training_days=230 | threshold=0.779 | labels: 1220 long, 955 short (56/44%)
    [CV fold 0] train_end=2022-04-30 00:00 | val_start=2022-05-07 16:00 | gap=184h (22 rows)
    [CV fold 1] train_end=2022-08-28 16:00 | val_start=2022-09-05 08:00 | gap=184h (22 rows)
    [CV fold 2] train_end=2022-12-27 08:00 | val_start=2023-01-04 00:00 | gap=184h (22 rows)
    [CV fold 3] train_end=2023-04-27 00:00 | val_start=2023-05-04 16:00 | gap=184h (22 rows)[I 2026-05-07 00:30:05,769] Trial 0 finished with value: -0.13574912494598154 and parameters: {'confidence_threshold': 0.7790993046299082, 'training_days': 230, 'n_estimators': 295, 'max_depth': 5, 'num_leaves': 83, 'learning_rate': 0.051543455158230854, 'subsample': 0.8773243492079463, 'min_child_samples': 10, 'reg_alpha': 0.034096514368237685, 'reg_lambda': 3.154180388637081e-05}. Best is trial 0 with value: -0.13574912494598154.
[I 2026-05-07 00:30:05,914] Trial 1 finished with value: -0.03713636482934303 and parameters: {'confidence_threshold': 0.6929247853618086, 'training_days': 410, 'n_estimators': 233, 'max_depth': 5, 'num_leaves': 108, 'learning_rate': 0.013724237108071606, 'subsample': 0.7013182233636002, 'min_child_samples': 94, 'reg_alpha': 2.4040959529260723e-06, 'reg_lambda': 5.320966582161148}. Best is trial 1 with value: -0.03713636482934303.
[I 2026-05-07 00:30:05,990] Trial 2 finished with value: -0.05103209784625297 and parameters: {'confidence_threshold': 0.546341527225763, 'training_days': 270, 'n_estimators': 120, 'max_depth': 4, 'num_leaves': 53, 'learning_rate': 0.060197068579343475, 'subsample': 0.588227873455941, 'min_child_samples': 91, 'reg_alpha': 2.3457771824819002e-08, 'reg_lambda': 1.1358840775642732e-08}. Best is trial 1 with value: -0.03713636482934303.
[I 2026-05-07 00:30:06,177] Trial 3 finished with value: -0.10636444096587541 and parameters: {'confidence_threshold': 0.6000319676300473, 'training_days': 270, 'n_estimators': 382, 'max_depth': 4, 'num_leaves': 44, 'learning_rate': 0.09185046765032388, 'subsample': 0.6743651508646724, 'min_child_samples': 77, 'reg_alpha': 0.0013974578104212739, 'reg_lambda': 8.97190257982477e-08}. Best is trial 1 with value: -0.03713636482934303.
[I 2026-05-07 00:30:06,550] Trial 4 finished with value: -0.1195457907192174 and parameters: {'confidence_threshold': 0.7642618789055509, 'training_days': 390, 'n_estimators': 464, 'max_depth': 5, 'num_leaves': 30, 'learning_rate': 0.024562383309704932, 'subsample': 0.8612975035964376, 'min_child_samples': 36, 'reg_alpha': 1.593999300080167, 'reg_lambda': 0.006081270362829788}. Best is trial 1 with value: -0.03713636482934303.
[I 2026-05-07 00:30:06,691] Trial 5 finished with value: -0.03765031885610228 and parameters: {'confidence_threshold': 0.6029115860358569, 'training_days': 60, 'n_estimators': 441, 'max_depth': 3, 'num_leaves': 66, 'learning_rate': 0.044953114425778824, 'subsample': 0.7098948461279406, 'min_child_samples': 15, 'reg_alpha': 4.888753565548431e-07, 'reg_lambda': 4.198190642566389}. Best is trial 1 with value: -0.03713636482934303.
[I 2026-05-07 00:30:06,901] Trial 6 finished with value: -0.05947340396709513 and parameters: {'confidence_threshold': 0.7376932868314098, 'training_days': 290, 'n_estimators': 249, 'max_depth': 5, 'num_leaves': 121, 'learning_rate': 0.015565840632862623, 'subsample': 0.8390183783709677, 'min_child_samples': 19, 'reg_alpha': 1.860444687368747e-08, 'reg_lambda': 2.7391483548058117e-06}. Best is trial 1 with value: -0.03713636482934303.
[I 2026-05-07 00:30:06,938] Trial 7 finished with value: -0.02263602225211335 and parameters: {'confidence_threshold': 0.563503962036334, 'training_days': 70, 'n_estimators': 63, 'max_depth': 3, 'num_leaves': 47, 'learning_rate': 0.18074927623018475, 'subsample': 0.5059692991701257, 'min_child_samples': 9, 'reg_alpha': 3.6945804405602874e-08, 'reg_lambda': 0.027706035542028905}. Best is trial 7 with value: -0.02263602225211335.
[I 2026-05-07 00:30:07,020] Trial 8 finished with value: -0.12683303990291148 and parameters: {'confidence_threshold': 0.6525471176758836, 'training_days': 440, 'n_estimators': 116, 'max_depth': 4, 'num_leaves': 115, 'learning_rate': 0.010229952960863938, 'subsample': 0.5062159465415076, 'min_child_samples': 54, 'reg_alpha': 6.790626457822126e-06, 'reg_lambda': 1.7869141074987722e-05}. Best is trial 7 with value: -0.02263602225211335.
[I 2026-05-07 00:30:07,104] Trial 9 finished with value: -2.0701367502374852 and parameters: {'confidence_threshold': 0.7277571993354469, 'training_days': 360, 'n_estimators': 75, 'max_depth': 5, 'num_leaves': 41, 'learning_rate': 0.014186743931212992, 'subsample': 0.7445187273047605, 'min_child_samples': 22, 'reg_alpha': 0.02393227447113315, 'reg_lambda': 0.009236766173618426}. Best is trial 7 with value: -0.02263602225211335.
[I 2026-05-07 00:30:07,463] A new study created in memory with name: no-name-7fa86107-8033-4636-aa7b-725a8ea667af
[I 2026-05-07 00:30:07,736] Trial 0 finished with value: -0.127676939862328 and parameters: {'confidence_threshold': 0.7790993046299082, 'training_days': 230, 'n_estimators': 295, 'max_depth': 5, 'num_leaves': 83, 'learning_rate': 0.051543455158230854, 'subsample': 0.8773243492079463, 'min_child_samples': 10, 'reg_alpha': 0.034096514368237685, 'reg_lambda': 3.154180388637081e-05}. Best is trial 0 with value: -0.127676939862328.
[I 2026-05-07 00:30:07,876] Trial 1 finished with value: -0.1696840953002213 and parameters: {'confidence_threshold': 0.6929247853618086, 'training_days': 410, 'n_estimators': 233, 'max_depth': 5, 'num_leaves': 108, 'learning_rate': 0.013724237108071606, 'subsample': 0.7013182233636002, 'min_child_samples': 94, 'reg_alpha': 2.4040959529260723e-06, 'reg_lambda': 5.320966582161148}. Best is trial 0 with value: -0.127676939862328.
[I 2026-05-07 00:30:07,943] Trial 2 finished with value: -0.09528621279732832 and parameters: {'confidence_threshold': 0.546341527225763, 'training_days': 270, 'n_estimators': 120, 'max_depth': 4, 'num_leaves': 53, 'learning_rate': 0.060197068579343475, 'subsample': 0.588227873455941, 'min_child_samples': 91, 'reg_alpha': 2.3457771824819002e-08, 'reg_lambda': 1.1358840775642732e-08}. Best is trial 2 with value: -0.09528621279732832.
[I 2026-05-07 00:30:08,113] Trial 3 finished with value: -0.08341861636744319 and parameters: {'confidence_threshold': 0.6000319676300473, 'training_days': 270, 'n_estimators': 382, 'max_depth': 4, 'num_leaves': 44, 'learning_rate': 0.09185046765032388, 'subsample': 0.6743651508646724, 'min_child_samples': 77, 'reg_alpha': 0.0013974578104212739, 'reg_lambda': 8.97190257982477e-08}. Best is trial 3 with value: -0.08341861636744319.
[I 2026-05-07 00:30:08,490] Trial 4 finished with value: -0.1533305111112509 and parameters: {'confidence_threshold': 0.7642618789055509, 'training_days': 390, 'n_estimators': 464, 'max_depth': 5, 'num_leaves': 30, 'learning_rate': 0.024562383309704932, 'subsample': 0.8612975035964376, 'min_child_samples': 36, 'reg_alpha': 1.593999300080167, 'reg_lambda': 0.006081270362829788}. Best is trial 3 with value: -0.08341861636744319.
[I 2026-05-07 00:30:08,623] Trial 5 finished with value: -0.09123008244002409 and parameters: {'confidence_threshold': 0.6029115860358569, 'training_days': 60, 'n_estimators': 441, 'max_depth': 3, 'num_leaves': 66, 'learning_rate': 0.044953114425778824, 'subsample': 0.7098948461279406, 'min_child_samples': 15, 'reg_alpha': 4.888753565548431e-07, 'reg_lambda': 4.198190642566389}. Best is trial 3 with value: -0.08341861636744319.
[I 2026-05-07 00:30:08,835] Trial 6 finished with value: -0.13727397913208073 and parameters: {'confidence_threshold': 0.7376932868314098, 'training_days': 290, 'n_estimators': 249, 'max_depth': 5, 'num_leaves': 121, 'learning_rate': 0.015565840632862623, 'subsample': 0.8390183783709677, 'min_child_samples': 19, 'reg_alpha': 1.860444687368747e-08, 'reg_lambda': 2.7391483548058117e-06}. Best is trial 3 with value: -0.08341861636744319.
