[I 2026-05-07 00:30:51,153] Trial 2 finished with value: -0.04651074713777666 and parameters: {'confidence_threshold': 0.546341527225763, 'training_days': 270, 'n_estimators': 120, 'max_depth': 4, 'num_leaves': 53, 'learning_rate': 0.060197068579343475, 'subsample': 0.588227873455941, 'min_child_samples': 91, 'reg_alpha': 2.3457771824819002e-08, 'reg_lambda': 1.1358840775642732e-08}. Best is trial 1 with value: -0.041093785391093665.

  Labels: 1191 long (54.3%), 1002 short (45.7%) | weights: min=1.00, mean=2.65, max=10.00
  Features: 2193/2193 matched, 13 columns
  CV gap: 22 rows
    [trial 0] 13 features, training_days=230 | threshold=0.779 | labels: 1191 long, 1002 short (54/46%)
    [CV fold 0] train_end=2024-02-24 00:00 | val_start=2024-03-02 16:00 | gap=184h (22 rows)
    [CV fold 1] train_end=2024-06-24 16:00 | val_start=2024-07-02 08:00 | gap=184h (22 rows)
    [CV fold 2] train_end=2024-10-24 08:00 | val_start=2024-11-01 00:00 | gap=184h (22 rows)
    [CV fold 3] train_end=2025-02-23 00:00 | val_start=2025-03-02 16:00 | gap=184h (22 rows)
    [CV fold 4] train_end=2025-06-24 16:00 | val_start=2025-07-02 08:00 | gap=184h (22 rows)
    [trial 0] Sharpe=0.0378 (folds: 0.2493, -0.0057, -0.1004, 0.0639, -0.0182)
    [trial 1] 13 features, training_days=410 | threshold=0.693 | labels: 1191 long, 1002 short (54/46%)
    [trial 1] Sharpe=-0.0166 (folds: 0.0332, 0.1776, 0.1287, 0.1626, -0.5848)
    [trial 2] 13 features, training_days=270 | threshold=0.546 | labels: 1191 long, 1002 short (54/46%)
    [trial 2] Sharpe=0.0084 (folds: -0.0607, 0.1388, -0.0690, 0.1271, -0.0943)
    [trial 3] 13 features, training_days=270 | threshold=0.600 | labels: 1191 long, 1002 short (54/46%)
    [trial 3] Sharpe=0.0287 (folds: 0.0209, 0.1143, -0.0695, 0.0671, 0.0107)
    [trial 4] 13 features, training_days=390 | threshold=0.764 | labels: 1191 long, 1002 short (54/46%)
    [trial 4] Sharpe=-0.0574 (folds: -0.0710, 0.1199, -0.0480, -0.0001, -0.2876)
    [trial 5] 13 features, training_days=60 | threshold=0.603 | labels: 1191 long, 1002 short (54/46%)
    [trial 5] Sharpe=0.0540 (folds: -0.1084, 0.1487, 0.0455, -0.0086, 0.1930)
    [trial 6] 13 features, training_days=290 | threshold=0.738 | labels: 1191 long, 1002 short (54/46%)
    [trial 6] Sharpe=-0.0317 (folds: -0.0129, 0.1208, -0.0544, 0.0326, -0.2445)
    [trial 7] 13 features, training_days=70 | threshold=0.564 | labels: 1191 long, 1002 short (54/46%)
    [trial 7] Sharpe=-0.0541 (folds: -0.1014, 0.0343, -0.1455, -0.1431, 0.0854)
    [trial 8] 13 features, training_days=440 | threshold=0.653 | labels: 1191 long, 1002 short (54/46%)
    [trial 8] Sharpe=0.0311 (folds: -0.0493, 0.2486, 0.2321, -0.0188, -0.2569)
    [trial 9] 13 features, training_days=360 | threshold=0.728 | labels: 1191 long, 1002 short (54/46%)
    [trial 9] Sharpe=-3.9048 (folds: 0.0224, 0.3604, 0.0931, -10.0000, -10.0000)
  Optuna: 10 trials, best Sharpe = 0.0540
  Best params: n_estimators=441, max_depth=3, lr=0.0450, leaves=66
  Best confidence_threshold: 0.603
  Best training_days: 60
  Retrained on full data (180 samples, 13 features)
  Model trained for 2025-11: 90 test candles with features, confidence_threshold=0.603
[predict] 2025-11-01 00:00 TRXUSDT → SHORT (proba=1.00 TP=3.2%/SL=1.6%)
[trade:open] 2025-11-01 07:59 TRXUSDT SHORT @ 0.30 | SL=0.30 TP=0.29 | timeout=2025-11-08 07:59
[trade:close] 2025-11-03 15:59 TRXUSDT SHORT → take_profit @ 0.29 | PnL=+3.18% (net +3.08%) | cum=-19.82% 2025-11=+3.08% 2025-11-03=+3.08%
[predict] 2025-11-05 00:00 TRXUSDT → SHORT (proba=0.99 TP=3.8%/SL=1.9%)
[trade:open] 2025-11-05 07:59 TRXUSDT SHORT @ 0.29 | SL=0.29 TP=0.27 | timeout=2025-11-12 07:59
[trade:close] 2025-11-07 23:59 TRXUSDT SHORT → stop_loss @ 0.29 | PnL=-1.91% (net -2.01%) | cum=-21.83% 2025-11=+1.07% 2025-11-07=-2.01%
[predict] 2025-11-09 08:00 TRXUSDT → SHORT (proba=0.99 TP=3.3%/SL=1.6%)
[trade:open] 2025-11-09 15:59 TRXUSDT SHORT @ 0.29 | SL=0.30 TP=0.28 | timeout=2025-11-16 15:59
[trade:close] 2025-11-10 23:59 TRXUSDT SHORT → stop_loss @ 0.30 | PnL=-1.63% (net -1.73%) | cum=-23.56% 2025-11=-0.66% 2025-11-10=-1.73%
[predict] 2025-11-22 00:00 TRXUSDT → SHORT (proba=0.93 TP=3.5%/SL=1.8%)
[trade:open] 2025-11-22 07:59 TRXUSDT SHORT @ 0.28 | SL=0.28 TP=0.27 | timeout=2025-11-29 07:59
[trade:close] 2025-11-28 07:59 TRXUSDT SHORT → stop_loss @ 0.28 | PnL=-1.77% (net -1.87%) | cum=-25.43% 2025-11=-2.54% 2025-11-28=-1.87%
[lgbm] === Training for 2025-12 ===
  Train window: 2023-12-01 → 2025-12-01
  2193 training samples from 1 symbols
  Samples per month: 2023-12: 93, 2024-01: 93, 2024-02: 87, 2024-03: 93, 2024-04: 90, 2024-05: 93, 2024-06: 90, 2024-07: 93, 2024-08: 93, 2024-09: 90, 2024-10: 93, 2024-11: 90, 2024-12: 93, 2025-01: 93, 2025-02: 84, 2025-03: 93, 2025-04: 90, 2025-05: 93, 2025-06: 90, 2025-07: 93, 2025-08: 93, 2025-09: 90, 2025-10: 93, 2025-11: 90
  [label] 2024-02-01 08:00 TRXUSDT entry=0.1147 → LONG | long=tp(+2.90%) short=sl(-1.60%) | scanned=9 | long_tp_only
  [label] 2024-02-03 16:00 TRXUSDT entry=0.1172 → LONG | long=tp(+2.53%) short=sl(-1.41%) | scanned=6 | long_tp_only
  [label] 2024-02-07 08:00 TRXUSDT entry=0.1257 → SHORT | long=sl(-1.73%) short=tp(+3.17%) | scanned=2 | short_tp_only
  [label] 2024-03-03 08:00 TRXUSDT entry=0.1402 → SHORT | long=sl(-1.29%) short=tp(+2.27%) | scanned=7 | short_tp_only
  [label] 2024-04-25 08:00 TRXUSDT entry=0.1169 → LONG | long=tp(+3.08%) short=sl(-1.69%) | scanned=5 | long_tp_only
  [label] 2024-10-10 08:00 TRXUSDT entry=0.1598 → SHORT | long=sl(-1.05%) short=sl(-1.05%) | scanned=4 | no_tp→fwd_return=-0.0563
  [label] 2024-10-14 08:00 TRXUSDT entry=0.1602 → SHORT | long=sl(-1.09%) short=tp(+1.87%) | scanned=16 | short_tp_only
  [label] 2024-10-25 00:00 TRXUSDT entry=0.1655 → SHORT | long=sl(-0.92%) short=sl(-0.92%) | scanned=2 | no_tp→fwd_return=-1.8003
  [label] 2024-12-09 08:00 TRXUSDT entry=0.2919 → SHORT | long=sl(-6.53%) short=tp(+12.77%) | scanned=1 | short_tp_only
  [label] 2024-12-18 00:00 TRXUSDT entry=0.2726 → SHORT | long=sl(-5.73%) short=tp(+11.16%) | scanned=7 | short_tp_only
  [label] 2025-03-19 16:00 TRXUSDT entry=0.2308 → SHORT | long=sl(-2.53%) short=sl(-2.53%) | scanned=13 | no_tp→fwd_return=-1.1744
  [label] 2025-04-20 16:00 TRXUSDT entry=0.2436 → LONG | long=tp(+3.45%) short=sl(-1.88%) | scanned=17 | long_tp_only
  [label] 2025-05-07 00:00 TRXUSDT entry=0.2447 → LONG | long=tp(+2.56%) short=sl(-1.43%) | scanned=4 | long_tp_only
  [label] 2025-05-20 00:00 TRXUSDT entry=0.2715 → LONG | long=sl(-2.16%) short=sl(-2.16%) | scanned=7 | no_tp→fwd_return=+2.2322
  [label] 2025-06-07 16:00 TRXUSDT entry=0.2867 → LONG | long=sl(-1.72%) short=sl(-1.72%) | scanned=8 | no_tp→fwd_return=+1.8030
  [label] 2025-06-14 00:00 TRXUSDT entry=0.2693 → LONG | long=tp(+3.84%) short=sl(-2.07%) | scanned=7 | long_tp_only
  [label] 2025-06-26 08:00 TRXUSDT entry=0.2712 → LONG | long=tp(+3.37%) short=sl(-1.84%) | scanned=13 | long_tp_only
  [label] 2025-08-05 08:00 TRXUSDT entry=0.3300 → LONG | long=tp(+3.23%) short=sl(-1.77%) | scanned=6 | long_tp_only
  [label] 2025-08-15 08:00 TRXUSDT entry=0.3508 → LONG | long=sl(-1.78%) short=sl(-1.78%) | scanned=17 | no_tp→fwd_return=+1.3855
  [label] 2025-11-10 08:00 TRXUSDT entry=0.2937 → SHORT | long=sl(-1.66%) short=sl(-1.66%) | scanned=11 | no_tp→fwd_return=-0.1804
  Labels: 1199 long (54.7%), 994 short (45.3%) | weights: min=1.00, mean=2.64, max=10.00
  Features: 2193/2193 matched, 13 columns
  CV gap: 22 rows
    [trial 0] 13 features, training_days=230 | threshold=0.779 | labels: 1199 long, 994 short (55/45%)
    [CV fold 0] train_end=2024-03-25 00:00 | val_start=2024-04-01 16:00 | gap=184h (22 rows)
    [CV fold 1] train_end=2024-07-24 16:00 | val_start=2024-08-01 08:00 | gap=184h (22 rows)
    [CV fold 2] train_end=2024-11-23 08:00 | val_start=2024-12-01 00:00 | gap=184h (22 rows)
    [CV fold 3] train_end=2025-03-25 00:00 | val_start=2025-04-01 16:00 | gap=184h (22 rows)
    [CV fold 4] train_end=2025-07-24 16:00 | val_start=2025-08-01 08:00 | gap=184h (22 rows)
    [trial 0] Sharpe=-0.0512 (folds: 0.0793, 0.0833, -0.0537, -0.1975, -0.1674)
    [trial 1] 13 features, training_days=410 | threshold=0.693 | labels: 1199 long, 994 short (55/45%)
    [trial 1] Sharpe=-0.0411 (folds: -0.0054, 0.0869, 0.0426, -0.0964, -0.2331)
    [trial 2] 13 features, training_days=270 | threshold=0.546 | labels: 1199 long, 994 short (55/45%)
    [trial 2] Sharpe=-0.0465 (folds: -0.0116, 0.1518, -0.0998, -0.1919, -0.0810)
    [trial 3] 13 features, training_days=270 | threshold=0.600 | labels: 1199 long, 994 short (55/45%)[I 2026-05-07 00:30:51,349] Trial 3 finished with value: -0.042905876483267616 and parameters: {'confidence_threshold': 0.6000319676300473, 'training_days': 270, 'n_estimators': 382, 'max_depth': 4, 'num_leaves': 44, 'learning_rate': 0.09185046765032388, 'subsample': 0.6743651508646724, 'min_child_samples': 77, 'reg_alpha': 0.0013974578104212739, 'reg_lambda': 8.97190257982477e-08}. Best is trial 1 with value: -0.041093785391093665.
[I 2026-05-07 00:30:51,731] Trial 4 finished with value: 0.09717375039686263 and parameters: {'confidence_threshold': 0.7642618789055509, 'training_days': 390, 'n_estimators': 464, 'max_depth': 5, 'num_leaves': 30, 'learning_rate': 0.024562383309704932, 'subsample': 0.8612975035964376, 'min_child_samples': 36, 'reg_alpha': 1.593999300080167, 'reg_lambda': 0.006081270362829788}. Best is trial 4 with value: 0.09717375039686263.
[I 2026-05-07 00:30:51,888] Trial 5 finished with value: 0.020990194100470105 and parameters: {'confidence_threshold': 0.6029115860358569, 'training_days': 60, 'n_estimators': 441, 'max_depth': 3, 'num_leaves': 66, 'learning_rate': 0.044953114425778824, 'subsample': 0.7098948461279406, 'min_child_samples': 15, 'reg_alpha': 4.888753565548431e-07, 'reg_lambda': 4.198190642566389}. Best is trial 4 with value: 0.09717375039686263.
[I 2026-05-07 00:30:52,106] Trial 6 finished with value: -1.985934371792632 and parameters: {'confidence_threshold': 0.7376932868314098, 'training_days': 290, 'n_estimators': 249, 'max_depth': 5, 'num_leaves': 121, 'learning_rate': 0.015565840632862623, 'subsample': 0.8390183783709677, 'min_child_samples': 19, 'reg_alpha': 1.860444687368747e-08, 'reg_lambda': 2.7391483548058117e-06}. Best is trial 4 with value: 0.09717375039686263.
[I 2026-05-07 00:30:52,147] Trial 7 finished with value: -0.006828413774649866 and parameters: {'confidence_threshold': 0.563503962036334, 'training_days': 70, 'n_estimators': 63, 'max_depth': 3, 'num_leaves': 47, 'learning_rate': 0.18074927623018475, 'subsample': 0.5059692991701257, 'min_child_samples': 9, 'reg_alpha': 3.6945804405602874e-08, 'reg_lambda': 0.027706035542028905}. Best is trial 4 with value: 0.09717375039686263.
[I 2026-05-07 00:30:52,229] Trial 8 finished with value: 0.186780930866122 and parameters: {'confidence_threshold': 0.6525471176758836, 'training_days': 440, 'n_estimators': 116, 'max_depth': 4, 'num_leaves': 115, 'learning_rate': 0.010229952960863938, 'subsample': 0.5062159465415076, 'min_child_samples': 54, 'reg_alpha': 6.790626457822126e-06, 'reg_lambda': 1.7869141074987722e-05}. Best is trial 8 with value: 0.186780930866122.
[I 2026-05-07 00:30:52,310] Trial 9 finished with value: -3.7365143056670567 and parameters: {'confidence_threshold': 0.7277571993354469, 'training_days': 360, 'n_estimators': 75, 'max_depth': 5, 'num_leaves': 41, 'learning_rate': 0.014186743931212992, 'subsample': 0.7445187273047605, 'min_child_samples': 22, 'reg_alpha': 0.02393227447113315, 'reg_lambda': 0.009236766173618426}. Best is trial 8 with value: 0.186780930866122.
[I 2026-05-07 00:30:52,697] A new study created in memory with name: no-name-f2c4929a-ab6e-40f7-adcc-b4cd8ec1692e
[I 2026-05-07 00:30:52,959] Trial 0 finished with value: 0.0014037505086185898 and parameters: {'confidence_threshold': 0.7790993046299082, 'training_days': 230, 'n_estimators': 295, 'max_depth': 5, 'num_leaves': 83, 'learning_rate': 0.051543455158230854, 'subsample': 0.8773243492079463, 'min_child_samples': 10, 'reg_alpha': 0.034096514368237685, 'reg_lambda': 3.154180388637081e-05}. Best is trial 0 with value: 0.0014037505086185898.
[I 2026-05-07 00:30:53,104] Trial 1 finished with value: -0.08185533332551156 and parameters: {'confidence_threshold': 0.6929247853618086, 'training_days': 410, 'n_estimators': 233, 'max_depth': 5, 'num_leaves': 108, 'learning_rate': 0.013724237108071606, 'subsample': 0.7013182233636002, 'min_child_samples': 94, 'reg_alpha': 2.4040959529260723e-06, 'reg_lambda': 5.320966582161148}. Best is trial 0 with value: 0.0014037505086185898.
[I 2026-05-07 00:30:53,177] Trial 2 finished with value: -0.0574465317085396 and parameters: {'confidence_threshold': 0.546341527225763, 'training_days': 270, 'n_estimators': 120, 'max_depth': 4, 'num_leaves': 53, 'learning_rate': 0.060197068579343475, 'subsample': 0.588227873455941, 'min_child_samples': 91, 'reg_alpha': 2.3457771824819002e-08, 'reg_lambda': 1.1358840775642732e-08}. Best is trial 0 with value: 0.0014037505086185898.
[I 2026-05-07 00:30:53,373] Trial 3 finished with value: -0.07669931531490914 and parameters: {'confidence_threshold': 0.6000319676300473, 'training_days': 270, 'n_estimators': 382, 'max_depth': 4, 'num_leaves': 44, 'learning_rate': 0.09185046765032388, 'subsample': 0.6743651508646724, 'min_child_samples': 77, 'reg_alpha': 0.0013974578104212739, 'reg_lambda': 8.97190257982477e-08}. Best is trial 0 with value: 0.0014037505086185898.
[I 2026-05-07 00:30:53,706] Trial 4 finished with value: -0.0027796356387361247 and parameters: {'confidence_threshold': 0.7642618789055509, 'training_days': 390, 'n_estimators': 464, 'max_depth': 5, 'num_leaves': 30, 'learning_rate': 0.024562383309704932, 'subsample': 0.8612975035964376, 'min_child_samples': 36, 'reg_alpha': 1.593999300080167, 'reg_lambda': 0.006081270362829788}. Best is trial 0 with value: 0.0014037505086185898.
[I 2026-05-07 00:30:53,843] Trial 5 finished with value: 0.07521505855867136 and parameters: {'confidence_threshold': 0.6029115860358569, 'training_days': 60, 'n_estimators': 441, 'max_depth': 3, 'num_leaves': 66, 'learning_rate': 0.044953114425778824, 'subsample': 0.7098948461279406, 'min_child_samples': 15, 'reg_alpha': 4.888753565548431e-07, 'reg_lambda': 4.198190642566389}. Best is trial 5 with value: 0.07521505855867136.
[I 2026-05-07 00:30:54,043] Trial 6 finished with value: -0.1012399356345679 and parameters: {'confidence_threshold': 0.7376932868314098, 'training_days': 290, 'n_estimators': 249, 'max_depth': 5, 'num_leaves': 121, 'learning_rate': 0.015565840632862623, 'subsample': 0.8390183783709677, 'min_child_samples': 19, 'reg_alpha': 1.860444687368747e-08, 'reg_lambda': 2.7391483548058117e-06}. Best is trial 5 with value: 0.07521505855867136.
[I 2026-05-07 00:30:54,078] Trial 7 finished with value: 0.04647902049143404 and parameters: {'confidence_threshold': 0.563503962036334, 'training_days': 70, 'n_estimators': 63, 'max_depth': 3, 'num_leaves': 47, 'learning_rate': 0.18074927623018475, 'subsample': 0.5059692991701257, 'min_child_samples': 9, 'reg_alpha': 3.6945804405602874e-08, 'reg_lambda': 0.027706035542028905}. Best is trial 5 with value: 0.07521505855867136.
[I 2026-05-07 00:30:54,153] Trial 8 finished with value: 0.03786593006558433 and parameters: {'confidence_threshold': 0.6525471176758836, 'training_days': 440, 'n_estimators': 116, 'max_depth': 4, 'num_leaves': 115, 'learning_rate': 0.010229952960863938, 'subsample': 0.5062159465415076, 'min_child_samples': 54, 'reg_alpha': 6.790626457822126e-06, 'reg_lambda': 1.7869141074987722e-05}. Best is trial 5 with value: 0.07521505855867136.
