    [trial 1] 13 features, training_days=410 | threshold=0.693 | labels: 1049 long, 1141 short (48/52%)[I 2026-05-07 00:29:13,173] Trial 1 finished with value: -0.025989137416003023 and parameters: {'confidence_threshold': 0.6929247853618086, 'training_days': 410, 'n_estimators': 233, 'max_depth': 5, 'num_leaves': 108, 'learning_rate': 0.013724237108071606, 'subsample': 0.7013182233636002, 'min_child_samples': 94, 'reg_alpha': 2.4040959529260723e-06, 'reg_lambda': 5.320966582161148}. Best is trial 1 with value: -0.025989137416003023.
[I 2026-05-07 00:29:13,240] Trial 2 finished with value: -0.016875173911490803 and parameters: {'confidence_threshold': 0.546341527225763, 'training_days': 270, 'n_estimators': 120, 'max_depth': 4, 'num_leaves': 53, 'learning_rate': 0.060197068579343475, 'subsample': 0.588227873455941, 'min_child_samples': 91, 'reg_alpha': 2.3457771824819002e-08, 'reg_lambda': 1.1358840775642732e-08}. Best is trial 2 with value: -0.016875173911490803.
[I 2026-05-07 00:29:13,404] Trial 3 finished with value: -0.03854594446614419 and parameters: {'confidence_threshold': 0.6000319676300473, 'training_days': 270, 'n_estimators': 382, 'max_depth': 4, 'num_leaves': 44, 'learning_rate': 0.09185046765032388, 'subsample': 0.6743651508646724, 'min_child_samples': 77, 'reg_alpha': 0.0013974578104212739, 'reg_lambda': 8.97190257982477e-08}. Best is trial 2 with value: -0.016875173911490803.
[I 2026-05-07 00:29:13,749] Trial 4 finished with value: -0.04813819833491538 and parameters: {'confidence_threshold': 0.7642618789055509, 'training_days': 390, 'n_estimators': 464, 'max_depth': 5, 'num_leaves': 30, 'learning_rate': 0.024562383309704932, 'subsample': 0.8612975035964376, 'min_child_samples': 36, 'reg_alpha': 1.593999300080167, 'reg_lambda': 0.006081270362829788}. Best is trial 2 with value: -0.016875173911490803.
[I 2026-05-07 00:29:13,873] Trial 5 finished with value: -0.030810132144288082 and parameters: {'confidence_threshold': 0.6029115860358569, 'training_days': 60, 'n_estimators': 441, 'max_depth': 3, 'num_leaves': 66, 'learning_rate': 0.044953114425778824, 'subsample': 0.7098948461279406, 'min_child_samples': 15, 'reg_alpha': 4.888753565548431e-07, 'reg_lambda': 4.198190642566389}. Best is trial 2 with value: -0.016875173911490803.
[I 2026-05-07 00:29:14,086] Trial 6 finished with value: -0.043438069338583865 and parameters: {'confidence_threshold': 0.7376932868314098, 'training_days': 290, 'n_estimators': 249, 'max_depth': 5, 'num_leaves': 121, 'learning_rate': 0.015565840632862623, 'subsample': 0.8390183783709677, 'min_child_samples': 19, 'reg_alpha': 1.860444687368747e-08, 'reg_lambda': 2.7391483548058117e-06}. Best is trial 2 with value: -0.016875173911490803.
[I 2026-05-07 00:29:14,119] Trial 7 finished with value: -0.0054189038221947984 and parameters: {'confidence_threshold': 0.563503962036334, 'training_days': 70, 'n_estimators': 63, 'max_depth': 3, 'num_leaves': 47, 'learning_rate': 0.18074927623018475, 'subsample': 0.5059692991701257, 'min_child_samples': 9, 'reg_alpha': 3.6945804405602874e-08, 'reg_lambda': 0.027706035542028905}. Best is trial 7 with value: -0.0054189038221947984.
[I 2026-05-07 00:29:14,200] Trial 8 finished with value: -0.014600982239840138 and parameters: {'confidence_threshold': 0.6525471176758836, 'training_days': 440, 'n_estimators': 116, 'max_depth': 4, 'num_leaves': 115, 'learning_rate': 0.010229952960863938, 'subsample': 0.5062159465415076, 'min_child_samples': 54, 'reg_alpha': 6.790626457822126e-06, 'reg_lambda': 1.7869141074987722e-05}. Best is trial 7 with value: -0.0054189038221947984.
[I 2026-05-07 00:29:14,299] Trial 9 finished with value: -0.1172920072528935 and parameters: {'confidence_threshold': 0.7277571993354469, 'training_days': 360, 'n_estimators': 75, 'max_depth': 5, 'num_leaves': 41, 'learning_rate': 0.014186743931212992, 'subsample': 0.7445187273047605, 'min_child_samples': 22, 'reg_alpha': 0.02393227447113315, 'reg_lambda': 0.009236766173618426}. Best is trial 7 with value: -0.0054189038221947984.
[I 2026-05-07 00:29:14,610] A new study created in memory with name: no-name-87d59757-de4d-410d-a0cc-40b62630cf0b
[I 2026-05-07 00:29:14,858] Trial 0 finished with value: -0.08935289207561739 and parameters: {'confidence_threshold': 0.7790993046299082, 'training_days': 230, 'n_estimators': 295, 'max_depth': 5, 'num_leaves': 83, 'learning_rate': 0.051543455158230854, 'subsample': 0.8773243492079463, 'min_child_samples': 10, 'reg_alpha': 0.034096514368237685, 'reg_lambda': 3.154180388637081e-05}. Best is trial 0 with value: -0.08935289207561739.
[I 2026-05-07 00:29:15,014] Trial 1 finished with value: 0.07803565158178948 and parameters: {'confidence_threshold': 0.6929247853618086, 'training_days': 410, 'n_estimators': 233, 'max_depth': 5, 'num_leaves': 108, 'learning_rate': 0.013724237108071606, 'subsample': 0.7013182233636002, 'min_child_samples': 94, 'reg_alpha': 2.4040959529260723e-06, 'reg_lambda': 5.320966582161148}. Best is trial 1 with value: 0.07803565158178948.
[I 2026-05-07 00:29:15,082] Trial 2 finished with value: -0.06523851913212667 and parameters: {'confidence_threshold': 0.546341527225763, 'training_days': 270, 'n_estimators': 120, 'max_depth': 4, 'num_leaves': 53, 'learning_rate': 0.060197068579343475, 'subsample': 0.588227873455941, 'min_child_samples': 91, 'reg_alpha': 2.3457771824819002e-08, 'reg_lambda': 1.1358840775642732e-08}. Best is trial 1 with value: 0.07803565158178948.
[I 2026-05-07 00:29:15,281] Trial 3 finished with value: -0.03138810961284559 and parameters: {'confidence_threshold': 0.6000319676300473, 'training_days': 270, 'n_estimators': 382, 'max_depth': 4, 'num_leaves': 44, 'learning_rate': 0.09185046765032388, 'subsample': 0.6743651508646724, 'min_child_samples': 77, 'reg_alpha': 0.0013974578104212739, 'reg_lambda': 8.97190257982477e-08}. Best is trial 1 with value: 0.07803565158178948.
[I 2026-05-07 00:29:15,665] Trial 4 finished with value: 0.01776458704561134 and parameters: {'confidence_threshold': 0.7642618789055509, 'training_days': 390, 'n_estimators': 464, 'max_depth': 5, 'num_leaves': 30, 'learning_rate': 0.024562383309704932, 'subsample': 0.8612975035964376, 'min_child_samples': 36, 'reg_alpha': 1.593999300080167, 'reg_lambda': 0.006081270362829788}. Best is trial 1 with value: 0.07803565158178948.
[I 2026-05-07 00:29:15,810] Trial 5 finished with value: -0.01790279058315081 and parameters: {'confidence_threshold': 0.6029115860358569, 'training_days': 60, 'n_estimators': 441, 'max_depth': 3, 'num_leaves': 66, 'learning_rate': 0.044953114425778824, 'subsample': 0.7098948461279406, 'min_child_samples': 15, 'reg_alpha': 4.888753565548431e-07, 'reg_lambda': 4.198190642566389}. Best is trial 1 with value: 0.07803565158178948.
[I 2026-05-07 00:29:16,058] Trial 6 finished with value: -0.11363886358153781 and parameters: {'confidence_threshold': 0.7376932868314098, 'training_days': 290, 'n_estimators': 249, 'max_depth': 5, 'num_leaves': 121, 'learning_rate': 0.015565840632862623, 'subsample': 0.8390183783709677, 'min_child_samples': 19, 'reg_alpha': 1.860444687368747e-08, 'reg_lambda': 2.7391483548058117e-06}. Best is trial 1 with value: 0.07803565158178948.
[I 2026-05-07 00:29:16,097] Trial 7 finished with value: -0.018177905330652694 and parameters: {'confidence_threshold': 0.563503962036334, 'training_days': 70, 'n_estimators': 63, 'max_depth': 3, 'num_leaves': 47, 'learning_rate': 0.18074927623018475, 'subsample': 0.5059692991701257, 'min_child_samples': 9, 'reg_alpha': 3.6945804405602874e-08, 'reg_lambda': 0.027706035542028905}. Best is trial 1 with value: 0.07803565158178948.
[I 2026-05-07 00:29:16,180] Trial 8 finished with value: 0.04198796780219906 and parameters: {'confidence_threshold': 0.6525471176758836, 'training_days': 440, 'n_estimators': 116, 'max_depth': 4, 'num_leaves': 115, 'learning_rate': 0.010229952960863938, 'subsample': 0.5062159465415076, 'min_child_samples': 54, 'reg_alpha': 6.790626457822126e-06, 'reg_lambda': 1.7869141074987722e-05}. Best is trial 1 with value: 0.07803565158178948.
[I 2026-05-07 00:29:16,266] Trial 9 finished with value: -4.0308321111815575 and parameters: {'confidence_threshold': 0.7277571993354469, 'training_days': 360, 'n_estimators': 75, 'max_depth': 5, 'num_leaves': 41, 'learning_rate': 0.014186743931212992, 'subsample': 0.7445187273047605, 'min_child_samples': 22, 'reg_alpha': 0.02393227447113315, 'reg_lambda': 0.009236766173618426}. Best is trial 1 with value: 0.07803565158178948.

    [trial 1] Sharpe=-0.0260 (folds: 0.2430, -0.0175, 0.0928, -0.0759, -0.3724)
    [trial 2] 13 features, training_days=270 | threshold=0.546 | labels: 1049 long, 1141 short (48/52%)
    [trial 2] Sharpe=-0.0169 (folds: 0.0390, 0.0835, 0.0551, -0.0024, -0.2596)
    [trial 3] 13 features, training_days=270 | threshold=0.600 | labels: 1049 long, 1141 short (48/52%)
    [trial 3] Sharpe=-0.0385 (folds: -0.0055, 0.0471, 0.0497, -0.0656, -0.2183)
    [trial 4] 13 features, training_days=390 | threshold=0.764 | labels: 1049 long, 1141 short (48/52%)
    [trial 4] Sharpe=-0.0481 (folds: -0.0499, 0.1223, 0.0526, -0.0258, -0.3400)
    [trial 5] 13 features, training_days=60 | threshold=0.603 | labels: 1049 long, 1141 short (48/52%)
    [trial 5] Sharpe=-0.0308 (folds: -0.1063, 0.0211, 0.1765, 0.0288, -0.2741)
    [trial 6] 13 features, training_days=290 | threshold=0.738 | labels: 1049 long, 1141 short (48/52%)
    [trial 6] Sharpe=-0.0434 (folds: -0.1686, 0.1054, 0.1593, -0.0458, -0.2675)
    [trial 7] 13 features, training_days=70 | threshold=0.564 | labels: 1049 long, 1141 short (48/52%)
    [trial 7] Sharpe=-0.0054 (folds: -0.0904, 0.0539, 0.2066, 0.0794, -0.2765)
    [trial 8] 13 features, training_days=440 | threshold=0.653 | labels: 1049 long, 1141 short (48/52%)
    [trial 8] Sharpe=-0.0146 (folds: -0.0803, 0.1009, 0.1046, 0.1205, -0.3187)
    [trial 9] 13 features, training_days=360 | threshold=0.728 | labels: 1049 long, 1141 short (48/52%)
    [trial 9] Sharpe=-0.1173 (folds: -0.2662, 0.0690, 0.0691, -0.0396, -0.4189)
  Optuna: 10 trials, best Sharpe = -0.0054
  Best params: n_estimators=63, max_depth=3, lr=0.1807, leaves=47
  Best confidence_threshold: 0.564
  Best training_days: 70
  Retrained on full data (210 samples, 13 features)
  Model trained for 2026-03: 93 test candles with features, confidence_threshold=0.564
[lgbm] === Training for 2026-04 ===
  Train window: 2024-04-01 → 2026-04-01
  2190 training samples from 1 symbols
  Samples per month: 2024-04: 90, 2024-05: 93, 2024-06: 90, 2024-07: 93, 2024-08: 93, 2024-09: 90, 2024-10: 93, 2024-11: 90, 2024-12: 93, 2025-01: 93, 2025-02: 84, 2025-03: 93, 2025-04: 90, 2025-05: 93, 2025-06: 90, 2025-07: 93, 2025-08: 93, 2025-09: 90, 2025-10: 93, 2025-11: 90, 2025-12: 93, 2026-01: 93, 2026-02: 84, 2026-03: 93
  [label] 2024-06-02 08:00 LDOUSDT entry=2.3614 → SHORT | long=sl(-5.33%) short=tp(+10.36%) | scanned=16 | short_tp_only
  [label] 2024-06-04 08:00 LDOUSDT entry=2.3310 → SHORT | long=sl(-5.11%) short=tp(+9.93%) | scanned=10 | short_tp_only
  [label] 2024-06-08 08:00 LDOUSDT entry=1.9614 → LONG | long=sl(-5.95%) short=sl(-5.95%) | scanned=20 | no_tp→fwd_return=+5.4145
  [label] 2024-07-03 08:00 LDOUSDT entry=1.7327 → SHORT | long=sl(-7.04%) short=tp(+13.78%) | scanned=5 | short_tp_only
  [label] 2024-08-25 08:00 LDOUSDT entry=1.2468 → SHORT | long=sl(-4.59%) short=tp(+8.88%) | scanned=6 | short_tp_only
  [label] 2025-02-08 16:00 LDOUSDT entry=1.5265 → LONG | long=tp(+20.21%) short=sl(-10.25%) | scanned=13 | long_tp_only
  [label] 2025-02-13 00:00 LDOUSDT entry=1.7357 → LONG | long=timeout(+0.02%) short=sl(-8.15%) | scanned=22 | no_tp→fwd_return=+0.1210
  [label] 2025-02-23 16:00 LDOUSDT entry=1.6974 → SHORT | long=sl(-6.66%) short=tp(+13.02%) | scanned=3 | short_tp_only
  [label] 2025-04-10 00:00 LDOUSDT entry=0.7238 → SHORT | long=sl(-6.46%) short=sl(-6.46%) | scanned=17 | no_tp→fwd_return=-5.3882
  [label] 2025-04-18 16:00 LDOUSDT entry=0.6989 → LONG | long=tp(+9.78%) short=sl(-5.04%) | scanned=11 | long_tp_only
  [label] 2025-07-19 00:00 LDOUSDT entry=1.0822 → LONG | long=tp(+9.81%) short=sl(-5.05%) | scanned=4 | long_tp_only
  [label] 2025-08-20 00:00 LDOUSDT entry=1.3075 → LONG | long=tp(+10.79%) short=sl(-5.54%) | scanned=7 | long_tp_only
  [label] 2025-09-05 08:00 LDOUSDT entry=1.1737 → LONG | long=tp(+8.69%) short=sl(-4.49%) | scanned=11 | long_tp_only
  [label] 2025-09-18 08:00 LDOUSDT entry=1.3253 → SHORT | long=sl(-3.64%) short=tp(+6.98%) | scanned=11 | short_tp_only
  [label] 2025-10-07 00:00 LDOUSDT entry=1.2365 → SHORT | long=sl(-4.00%) short=tp(+7.69%) | scanned=7 | short_tp_only
  [label] 2025-10-13 08:00 LDOUSDT entry=0.9529 → SHORT | long=sl(-8.69%) short=sl(-8.69%) | scanned=9 | no_tp→fwd_return=-6.7688
  [label] 2025-10-25 16:00 LDOUSDT entry=0.9241 → SHORT | long=sl(-5.32%) short=sl(-5.32%) | scanned=14 | no_tp→fwd_return=-9.0575
  [label] 2025-12-04 16:00 LDOUSDT entry=0.6289 → SHORT | long=sl(-4.68%) short=tp(+9.06%) | scanned=3 | short_tp_only
  [label] 2025-12-14 16:00 LDOUSDT entry=0.5826 → SHORT | long=sl(-4.17%) short=sl(-4.17%) | scanned=2 | no_tp→fwd_return=-3.9478
  [label] 2026-03-11 08:00 LDOUSDT entry=0.2972 → LONG | long=tp(+7.85%) short=sl(-4.08%) | scanned=14 | long_tp_only
  Labels: 1059 long (48.4%), 1131 short (51.6%) | weights: min=1.01, mean=4.49, max=10.00
  Features: 2190/2190 matched, 13 columns
  CV gap: 22 rows
    [trial 0] 13 features, training_days=230 | threshold=0.779 | labels: 1059 long, 1131 short (48/52%)
    [CV fold 0] train_end=2024-07-24 00:00 | val_start=2024-07-31 16:00 | gap=184h (22 rows)
    [CV fold 1] train_end=2024-11-22 16:00 | val_start=2024-11-30 08:00 | gap=184h (22 rows)
    [CV fold 2] train_end=2025-03-24 08:00 | val_start=2025-04-01 00:00 | gap=184h (22 rows)
    [CV fold 3] train_end=2025-07-24 00:00 | val_start=2025-07-31 16:00 | gap=184h (22 rows)
    [CV fold 4] train_end=2025-11-22 16:00 | val_start=2025-11-30 08:00 | gap=184h (22 rows)
    [trial 0] Sharpe=-0.0894 (folds: -0.2096, -0.1087, -0.0579, 0.0500, -0.1205)
    [trial 1] 13 features, training_days=410 | threshold=0.693 | labels: 1059 long, 1131 short (48/52%)
    [trial 1] Sharpe=0.0780 (folds: -0.0633, 0.0962, 0.2863, 0.3374, -0.2664)
    [trial 2] 13 features, training_days=270 | threshold=0.546 | labels: 1059 long, 1131 short (48/52%)
    [trial 2] Sharpe=-0.0652 (folds: -0.0797, 0.0890, 0.0536, -0.1635, -0.2255)
    [trial 3] 13 features, training_days=270 | threshold=0.600 | labels: 1059 long, 1131 short (48/52%)
    [trial 3] Sharpe=-0.0314 (folds: -0.0178, 0.0488, 0.0690, -0.1123, -0.1446)
    [trial 4] 13 features, training_days=390 | threshold=0.764 | labels: 1059 long, 1131 short (48/52%)
    [trial 4] Sharpe=0.0178 (folds: -0.0494, 0.0547, 0.0455, 0.1675, -0.1295)
    [trial 5] 13 features, training_days=60 | threshold=0.603 | labels: 1059 long, 1131 short (48/52%)
    [trial 5] Sharpe=-0.0179 (folds: -0.0885, 0.1149, -0.0219, 0.1038, -0.1978)
    [trial 6] 13 features, training_days=290 | threshold=0.738 | labels: 1059 long, 1131 short (48/52%)
    [trial 6] Sharpe=-0.1136 (folds: -0.1636, -0.0534, 0.0557, -0.1547, -0.2522)
    [trial 7] 13 features, training_days=70 | threshold=0.564 | labels: 1059 long, 1131 short (48/52%)
    [trial 7] Sharpe=-0.0182 (folds: -0.0085, 0.0530, -0.0142, 0.0408, -0.1620)
    [trial 8] 13 features, training_days=440 | threshold=0.653 | labels: 1059 long, 1131 short (48/52%)
    [trial 8] Sharpe=0.0420 (folds: -0.2430, -0.0224, 0.3083, 0.5433, -0.3763)
    [trial 9] 13 features, training_days=360 | threshold=0.728 | labels: 1059 long, 1131 short (48/52%)
    [trial 9] Sharpe=-4.0308 (folds: -0.1842, -0.1215, 0.1515, -10.0000, -10.0000)
  Optuna: 10 trials, best Sharpe = 0.0780
  Best params: n_estimators=233, max_depth=5, lr=0.0137, leaves=108
  Best confidence_threshold: 0.693
  Best training_days: 410
  Retrained on full data (1230 samples, 13 features)
  Model trained for 2026-04: 90 test candles with features, confidence_threshold=0.693
[lgbm] === Training for 2026-05 ===
  Train window: 2024-05-01 → 2026-05-01
  2190 training samples from 1 symbols
  Samples per month: 2024-05: 93, 2024-06: 90, 2024-07: 93, 2024-08: 93, 2024-09: 90, 2024-10: 93, 2024-11: 90, 2024-12: 93, 2025-01: 93, 2025-02: 84, 2025-03: 93, 2025-04: 90, 2025-05: 93, 2025-06: 90, 2025-07: 93, 2025-08: 93, 2025-09: 90, 2025-10: 93, 2025-11: 90, 2025-12: 93, 2026-01: 93, 2026-02: 84, 2026-03: 93, 2026-04: 90
  [label] 2024-07-02 08:00 LDOUSDT entry=1.9902 → SHORT | long=sl(-6.20%) short=tp(+12.10%) | scanned=2 | short_tp_only
  [label] 2024-07-04 08:00 LDOUSDT entry=1.6996 → SHORT | long=sl(-6.86%) short=tp(+13.41%) | scanned=2 | short_tp_only[I 2026-05-07 00:29:16,579] A new study created in memory with name: no-name-e78a4c52-affe-42ed-9847-2e7bb370ec91
[I 2026-05-07 00:29:16,888] Trial 0 finished with value: -0.07697495730377363 and parameters: {'confidence_threshold': 0.7790993046299082, 'training_days': 230, 'n_estimators': 295, 'max_depth': 5, 'num_leaves': 83, 'learning_rate': 0.051543455158230854, 'subsample': 0.8773243492079463, 'min_child_samples': 10, 'reg_alpha': 0.034096514368237685, 'reg_lambda': 3.154180388637081e-05}. Best is trial 0 with value: -0.07697495730377363.
[I 2026-05-07 00:29:17,037] Trial 1 finished with value: -0.0473711434257809 and parameters: {'confidence_threshold': 0.6929247853618086, 'training_days': 410, 'n_estimators': 233, 'max_depth': 5, 'num_leaves': 108, 'learning_rate': 0.013724237108071606, 'subsample': 0.7013182233636002, 'min_child_samples': 94, 'reg_alpha': 2.4040959529260723e-06, 'reg_lambda': 5.320966582161148}. Best is trial 1 with value: -0.0473711434257809.
[I 2026-05-07 00:29:17,110] Trial 2 finished with value: -0.06949109854615935 and parameters: {'confidence_threshold': 0.546341527225763, 'training_days': 270, 'n_estimators': 120, 'max_depth': 4, 'num_leaves': 53, 'learning_rate': 0.060197068579343475, 'subsample': 0.588227873455941, 'min_child_samples': 91, 'reg_alpha': 2.3457771824819002e-08, 'reg_lambda': 1.1358840775642732e-08}. Best is trial 1 with value: -0.0473711434257809.
[I 2026-05-07 00:29:17,291] Trial 3 finished with value: -0.08670051887583706 and parameters: {'confidence_threshold': 0.6000319676300473, 'training_days': 270, 'n_estimators': 382, 'max_depth': 4, 'num_leaves': 44, 'learning_rate': 0.09185046765032388, 'subsample': 0.6743651508646724, 'min_child_samples': 77, 'reg_alpha': 0.0013974578104212739, 'reg_lambda': 8.97190257982477e-08}. Best is trial 1 with value: -0.0473711434257809.
[I 2026-05-07 00:29:17,657] Trial 4 finished with value: -0.01091303467292946 and parameters: {'confidence_threshold': 0.7642618789055509, 'training_days': 390, 'n_estimators': 464, 'max_depth': 5, 'num_leaves': 30, 'learning_rate': 0.024562383309704932, 'subsample': 0.8612975035964376, 'min_child_samples': 36, 'reg_alpha': 1.593999300080167, 'reg_lambda': 0.006081270362829788}. Best is trial 4 with value: -0.01091303467292946.
[I 2026-05-07 00:29:17,794] Trial 5 finished with value: -0.07233023887619537 and parameters: {'confidence_threshold': 0.6029115860358569, 'training_days': 60, 'n_estimators': 441, 'max_depth': 3, 'num_leaves': 66, 'learning_rate': 0.044953114425778824, 'subsample': 0.7098948461279406, 'min_child_samples': 15, 'reg_alpha': 4.888753565548431e-07, 'reg_lambda': 4.198190642566389}. Best is trial 4 with value: -0.01091303467292946.
[I 2026-05-07 00:29:18,019] Trial 6 finished with value: -0.02385776578042828 and parameters: {'confidence_threshold': 0.7376932868314098, 'training_days': 290, 'n_estimators': 249, 'max_depth': 5, 'num_leaves': 121, 'learning_rate': 0.015565840632862623, 'subsample': 0.8390183783709677, 'min_child_samples': 19, 'reg_alpha': 1.860444687368747e-08, 'reg_lambda': 2.7391483548058117e-06}. Best is trial 4 with value: -0.01091303467292946.
[I 2026-05-07 00:29:18,057] Trial 7 finished with value: -0.08193256914053385 and parameters: {'confidence_threshold': 0.563503962036334, 'training_days': 70, 'n_estimators': 63, 'max_depth': 3, 'num_leaves': 47, 'learning_rate': 0.18074927623018475, 'subsample': 0.5059692991701257, 'min_child_samples': 9, 'reg_alpha': 3.6945804405602874e-08, 'reg_lambda': 0.027706035542028905}. Best is trial 4 with value: -0.01091303467292946.
[I 2026-05-07 00:29:18,143] Trial 8 finished with value: -0.07838140791308768 and parameters: {'confidence_threshold': 0.6525471176758836, 'training_days': 440, 'n_estimators': 116, 'max_depth': 4, 'num_leaves': 115, 'learning_rate': 0.010229952960863938, 'subsample': 0.5062159465415076, 'min_child_samples': 54, 'reg_alpha': 6.790626457822126e-06, 'reg_lambda': 1.7869141074987722e-05}. Best is trial 4 with value: -0.01091303467292946.
