[I 2026-05-07 00:28:08,072] Trial 4 finished with value: 0.05566356227836623 and parameters: {'confidence_threshold': 0.7642618789055509, 'training_days': 390, 'n_estimators': 464, 'max_depth': 5, 'num_leaves': 30, 'learning_rate': 0.024562383309704932, 'subsample': 0.8612975035964376, 'min_child_samples': 36, 'reg_alpha': 1.593999300080167, 'reg_lambda': 0.006081270362829788}. Best is trial 4 with value: 0.05566356227836623.

  [label] 2024-06-26 08:00 BCHUSDT entry=376.0400 → LONG | long=tp(+7.96%) short=sl(-4.13%) | scanned=6 | long_tp_only
  [label] 2024-08-05 08:00 BCHUSDT entry=312.4500 → LONG | long=tp(+12.78%) short=sl(-6.54%) | scanned=10 | long_tp_only
  [label] 2024-08-15 08:00 BCHUSDT entry=342.0000 → LONG | long=timeout(+1.13%) short=timeout(-1.33%) | scanned=22 | no_tp→fwd_return=+1.2339
  [label] 2024-11-10 08:00 BCHUSDT entry=439.1100 → LONG | long=sl(-3.69%) short=sl(-3.69%) | scanned=4 | no_tp→fwd_return=+7.6496
  Labels: 1086 long (49.5%), 1107 short (50.5%) | weights: min=1.00, mean=3.97, max=10.00
  Features: 2193/2193 matched, 13 columns
  CV gap: 22 rows
    [trial 0] 13 features, training_days=230 | threshold=0.779 | labels: 1086 long, 1107 short (50/50%)
    [CV fold 0] train_end=2023-03-26 00:00 | val_start=2023-04-02 16:00 | gap=184h (22 rows)
    [CV fold 1] train_end=2023-07-25 16:00 | val_start=2023-08-02 08:00 | gap=184h (22 rows)
    [CV fold 2] train_end=2023-11-24 08:00 | val_start=2023-12-02 00:00 | gap=184h (22 rows)
    [CV fold 3] train_end=2024-03-25 00:00 | val_start=2024-04-01 16:00 | gap=184h (22 rows)
    [CV fold 4] train_end=2024-07-24 16:00 | val_start=2024-08-01 08:00 | gap=184h (22 rows)
    [trial 0] Sharpe=-0.0516 (folds: 0.0090, 0.0152, -0.0877, 0.0537, -0.2481)
    [trial 1] 13 features, training_days=410 | threshold=0.693 | labels: 1086 long, 1107 short (50/50%)
    [trial 1] Sharpe=-0.0474 (folds: -0.0020, 0.1132, -0.2241, -0.0158, -0.1081)
    [trial 2] 13 features, training_days=270 | threshold=0.546 | labels: 1086 long, 1107 short (50/50%)
    [trial 2] Sharpe=-0.0528 (folds: 0.0044, -0.0721, -0.0442, 0.0313, -0.1835)
    [trial 3] 13 features, training_days=270 | threshold=0.600 | labels: 1086 long, 1107 short (50/50%)
    [trial 3] Sharpe=-0.0834 (folds: 0.0442, -0.1373, -0.2103, 0.0377, -0.1514)
    [trial 4] 13 features, training_days=390 | threshold=0.764 | labels: 1086 long, 1107 short (50/50%)
    [trial 4] Sharpe=-0.0129 (folds: 0.2249, -0.0947, -0.0105, 0.0803, -0.2644)
    [trial 5] 13 features, training_days=60 | threshold=0.603 | labels: 1086 long, 1107 short (50/50%)
    [trial 5] Sharpe=-0.0283 (folds: -0.0322, 0.0102, -0.0596, -0.1315, 0.0718)
    [trial 6] 13 features, training_days=290 | threshold=0.738 | labels: 1086 long, 1107 short (50/50%)
    [trial 6] Sharpe=0.0207 (folds: 0.0633, -0.0958, 0.1396, 0.1285, -0.1319)
    [trial 7] 13 features, training_days=70 | threshold=0.564 | labels: 1086 long, 1107 short (50/50%)
    [trial 7] Sharpe=-0.0865 (folds: -0.0934, -0.0090, -0.0523, -0.1785, -0.0992)
    [trial 8] 13 features, training_days=440 | threshold=0.653 | labels: 1086 long, 1107 short (50/50%)
    [trial 8] Sharpe=-0.1570 (folds: -0.1517, -0.1622, 0.0683, -0.2614, -0.2780)
    [trial 9] 13 features, training_days=360 | threshold=0.728 | labels: 1086 long, 1107 short (50/50%)
    [trial 9] Sharpe=-2.2127 (folds: 0.0196, -0.6535, -10.0000, -0.1858, -0.2437)
  Optuna: 10 trials, best Sharpe = 0.0207
  Best params: n_estimators=249, max_depth=5, lr=0.0156, leaves=121
  Best confidence_threshold: 0.738
  Best training_days: 290
  Retrained on full data (870 samples, 13 features)
  Model trained for 2024-12: 93 test candles with features, confidence_threshold=0.738
[predict] 2024-12-10 16:00 BCHUSDT → LONG (proba=0.77 TP=13.5%/SL=6.7%)
[trade:open] 2024-12-10 23:59 BCHUSDT LONG @ 515.87 | SL=481.17 TP=585.28 | timeout=2024-12-17 23:59
[trade:close] 2024-12-18 00:00 BCHUSDT LONG → timeout @ 529.81 | PnL=+2.70% (net +2.60%) | cum=+51.50% 2024-12=+2.60% 2024-12-18=+2.60%
[lgbm] === Training for 2025-01 ===
  Train window: 2023-01-01 → 2025-01-01
  2193 training samples from 1 symbols
  Samples per month: 2023-01: 93, 2023-02: 84, 2023-03: 93, 2023-04: 90, 2023-05: 93, 2023-06: 90, 2023-07: 93, 2023-08: 93, 2023-09: 90, 2023-10: 93, 2023-11: 90, 2023-12: 93, 2024-01: 93, 2024-02: 87, 2024-03: 93, 2024-04: 90, 2024-05: 93, 2024-06: 90, 2024-07: 93, 2024-08: 93, 2024-09: 90, 2024-10: 93, 2024-11: 90, 2024-12: 93
  [label] 2023-03-04 08:00 BCHUSDT entry=125.8700 → SHORT | long=sl(-3.07%) short=tp(+5.84%) | scanned=12 | short_tp_only
  [label] 2023-03-06 16:00 BCHUSDT entry=124.1400 → SHORT | long=sl(-2.77%) short=tp(+5.24%) | scanned=5 | short_tp_only
  [label] 2023-03-10 08:00 BCHUSDT entry=109.5900 → LONG | long=tp(+6.89%) short=sl(-3.60%) | scanned=7 | long_tp_only
  [label] 2023-04-04 08:00 BCHUSDT entry=126.8400 → LONG | long=sl(-2.92%) short=timeout(-1.57%) | scanned=22 | no_tp→fwd_return=+1.4743
  [label] 2023-05-27 08:00 BCHUSDT entry=112.8800 → LONG | long=tp(+3.39%) short=sl(-1.85%) | scanned=4 | long_tp_only
  [label] 2023-11-11 08:00 BCHUSDT entry=238.8100 → SHORT | long=sl(-3.61%) short=tp(+6.93%) | scanned=10 | short_tp_only
  [label] 2023-11-15 08:00 BCHUSDT entry=233.3400 → SHORT | long=sl(-3.43%) short=sl(-3.43%) | scanned=6 | no_tp→fwd_return=-4.8041
  [label] 2023-11-26 00:00 BCHUSDT entry=229.2200 → SHORT | long=sl(-2.59%) short=timeout(+0.21%) | scanned=22 | no_tp→fwd_return=-0.3097
  [label] 2024-01-10 08:00 BCHUSDT entry=240.3700 → LONG | long=tp(+8.91%) short=sl(-4.60%) | scanned=3 | long_tp_only
  [label] 2024-01-19 00:00 BCHUSDT entry=236.6000 → SHORT | long=sl(-4.26%) short=timeout(+0.61%) | scanned=22 | no_tp→fwd_return=-0.7058
  [label] 2024-04-19 16:00 BCHUSDT entry=476.2900 → LONG | long=timeout(+1.17%) short=sl(-7.25%) | scanned=22 | no_tp→fwd_return=+1.2660
  [label] 2024-05-21 16:00 BCHUSDT entry=514.5300 → SHORT | long=sl(-3.33%) short=tp(+6.36%) | scanned=5 | short_tp_only
  [label] 2024-06-07 00:00 BCHUSDT entry=511.7800 → SHORT | long=sl(-2.51%) short=tp(+4.73%) | scanned=2 | short_tp_only
  [label] 2024-06-20 00:00 BCHUSDT entry=397.2500 → SHORT | long=sl(-3.81%) short=tp(+7.32%) | scanned=12 | short_tp_only
  [label] 2024-07-08 16:00 BCHUSDT entry=333.0700 → LONG | long=tp(+9.03%) short=sl(-4.66%) | scanned=8 | long_tp_only
  [label] 2024-07-15 00:00 BCHUSDT entry=388.1300 → SHORT | long=sl(-3.72%) short=sl(-3.72%) | scanned=3 | no_tp→fwd_return=-3.1819
  [label] 2024-07-27 08:00 BCHUSDT entry=396.1700 → LONG | long=tp(+6.39%) short=sl(-3.34%) | scanned=4 | long_tp_only
  [label] 2024-09-05 08:00 BCHUSDT entry=305.6400 → SHORT | long=sl(-3.20%) short=tp(+6.09%) | scanned=4 | short_tp_only
  [label] 2024-09-15 08:00 BCHUSDT entry=324.0700 → SHORT | long=sl(-2.51%) short=tp(+4.72%) | scanned=9 | short_tp_only
  [label] 2024-12-11 08:00 BCHUSDT entry=548.9200 → SHORT | long=sl(-6.29%) short=timeout(+5.60%) | scanned=22 | no_tp→fwd_return=-5.7039
  Labels: 1093 long (49.8%), 1100 short (50.2%) | weights: min=1.01, mean=4.05, max=10.00
  Features: 2193/2193 matched, 13 columns
  CV gap: 22 rows
    [trial 0] 13 features, training_days=230 | threshold=0.779 | labels: 1093 long, 1100 short (50/50%)
    [CV fold 0] train_end=2023-04-26 00:00 | val_start=2023-05-03 16:00 | gap=184h (22 rows)
    [CV fold 1] train_end=2023-08-25 16:00 | val_start=2023-09-02 08:00 | gap=184h (22 rows)
    [CV fold 2] train_end=2023-12-25 08:00 | val_start=2024-01-02 00:00 | gap=184h (22 rows)
    [CV fold 3] train_end=2024-04-25 00:00 | val_start=2024-05-02 16:00 | gap=184h (22 rows)
    [CV fold 4] train_end=2024-08-24 16:00 | val_start=2024-09-01 08:00 | gap=184h (22 rows)
    [trial 0] Sharpe=-0.0638 (folds: -0.0355, -0.1300, 0.0208, 0.0743, -0.2488)
    [trial 1] 13 features, training_days=410 | threshold=0.693 | labels: 1093 long, 1100 short (50/50%)
    [trial 1] Sharpe=0.0158 (folds: 0.0394, 0.0559, 0.1011, 0.0346, -0.1520)
    [trial 2] 13 features, training_days=270 | threshold=0.546 | labels: 1093 long, 1100 short (50/50%)
    [trial 2] Sharpe=-0.0186 (folds: -0.0223, 0.0169, 0.0906, -0.0232, -0.1549)
    [trial 3] 13 features, training_days=270 | threshold=0.600 | labels: 1093 long, 1100 short (50/50%)
    [trial 3] Sharpe=-0.0210 (folds: 0.0695, -0.1113, 0.0610, 0.0009, -0.1250)
    [trial 4] 13 features, training_days=390 | threshold=0.764 | labels: 1093 long, 1100 short (50/50%)
    [trial 4] Sharpe=0.0557 (folds: 0.2686, -0.0526, 0.1352, 0.0722, -0.1451)
    [trial 5] 13 features, training_days=60 | threshold=0.603 | labels: 1093 long, 1100 short (50/50%)[I 2026-05-07 00:28:08,210] Trial 5 finished with value: -0.01444562170917139 and parameters: {'confidence_threshold': 0.6029115860358569, 'training_days': 60, 'n_estimators': 441, 'max_depth': 3, 'num_leaves': 66, 'learning_rate': 0.044953114425778824, 'subsample': 0.7098948461279406, 'min_child_samples': 15, 'reg_alpha': 4.888753565548431e-07, 'reg_lambda': 4.198190642566389}. Best is trial 4 with value: 0.05566356227836623.
[I 2026-05-07 00:28:08,405] Trial 6 finished with value: 0.08326291852913777 and parameters: {'confidence_threshold': 0.7376932868314098, 'training_days': 290, 'n_estimators': 249, 'max_depth': 5, 'num_leaves': 121, 'learning_rate': 0.015565840632862623, 'subsample': 0.8390183783709677, 'min_child_samples': 19, 'reg_alpha': 1.860444687368747e-08, 'reg_lambda': 2.7391483548058117e-06}. Best is trial 6 with value: 0.08326291852913777.
[I 2026-05-07 00:28:08,437] Trial 7 finished with value: -0.014007516481541072 and parameters: {'confidence_threshold': 0.563503962036334, 'training_days': 70, 'n_estimators': 63, 'max_depth': 3, 'num_leaves': 47, 'learning_rate': 0.18074927623018475, 'subsample': 0.5059692991701257, 'min_child_samples': 9, 'reg_alpha': 3.6945804405602874e-08, 'reg_lambda': 0.027706035542028905}. Best is trial 6 with value: 0.08326291852913777.
[I 2026-05-07 00:28:08,513] Trial 8 finished with value: 0.0062917267545160305 and parameters: {'confidence_threshold': 0.6525471176758836, 'training_days': 440, 'n_estimators': 116, 'max_depth': 4, 'num_leaves': 115, 'learning_rate': 0.010229952960863938, 'subsample': 0.5062159465415076, 'min_child_samples': 54, 'reg_alpha': 6.790626457822126e-06, 'reg_lambda': 1.7869141074987722e-05}. Best is trial 6 with value: 0.08326291852913777.
[I 2026-05-07 00:28:08,596] Trial 9 finished with value: -1.9662333074814036 and parameters: {'confidence_threshold': 0.7277571993354469, 'training_days': 360, 'n_estimators': 75, 'max_depth': 5, 'num_leaves': 41, 'learning_rate': 0.014186743931212992, 'subsample': 0.7445187273047605, 'min_child_samples': 22, 'reg_alpha': 0.02393227447113315, 'reg_lambda': 0.009236766173618426}. Best is trial 6 with value: 0.08326291852913777.
[I 2026-05-07 00:28:08,862] A new study created in memory with name: no-name-ca330925-a5d4-4fcf-8655-455731ab71e1
[I 2026-05-07 00:28:09,095] Trial 0 finished with value: -0.0382241267570607 and parameters: {'confidence_threshold': 0.7790993046299082, 'training_days': 230, 'n_estimators': 295, 'max_depth': 5, 'num_leaves': 83, 'learning_rate': 0.051543455158230854, 'subsample': 0.8773243492079463, 'min_child_samples': 10, 'reg_alpha': 0.034096514368237685, 'reg_lambda': 3.154180388637081e-05}. Best is trial 0 with value: -0.0382241267570607.
[I 2026-05-07 00:28:09,216] Trial 1 finished with value: -0.05968739146028801 and parameters: {'confidence_threshold': 0.6929247853618086, 'training_days': 410, 'n_estimators': 233, 'max_depth': 5, 'num_leaves': 108, 'learning_rate': 0.013724237108071606, 'subsample': 0.7013182233636002, 'min_child_samples': 94, 'reg_alpha': 2.4040959529260723e-06, 'reg_lambda': 5.320966582161148}. Best is trial 0 with value: -0.0382241267570607.
[I 2026-05-07 00:28:09,279] Trial 2 finished with value: 0.010991966167340333 and parameters: {'confidence_threshold': 0.546341527225763, 'training_days': 270, 'n_estimators': 120, 'max_depth': 4, 'num_leaves': 53, 'learning_rate': 0.060197068579343475, 'subsample': 0.588227873455941, 'min_child_samples': 91, 'reg_alpha': 2.3457771824819002e-08, 'reg_lambda': 1.1358840775642732e-08}. Best is trial 2 with value: 0.010991966167340333.
[I 2026-05-07 00:28:09,441] Trial 3 finished with value: -0.05833141786164767 and parameters: {'confidence_threshold': 0.6000319676300473, 'training_days': 270, 'n_estimators': 382, 'max_depth': 4, 'num_leaves': 44, 'learning_rate': 0.09185046765032388, 'subsample': 0.6743651508646724, 'min_child_samples': 77, 'reg_alpha': 0.0013974578104212739, 'reg_lambda': 8.97190257982477e-08}. Best is trial 2 with value: 0.010991966167340333.
[I 2026-05-07 00:28:09,780] Trial 4 finished with value: -0.05042557073704238 and parameters: {'confidence_threshold': 0.7642618789055509, 'training_days': 390, 'n_estimators': 464, 'max_depth': 5, 'num_leaves': 30, 'learning_rate': 0.024562383309704932, 'subsample': 0.8612975035964376, 'min_child_samples': 36, 'reg_alpha': 1.593999300080167, 'reg_lambda': 0.006081270362829788}. Best is trial 2 with value: 0.010991966167340333.
[I 2026-05-07 00:28:09,916] Trial 5 finished with value: -0.034930412820917724 and parameters: {'confidence_threshold': 0.6029115860358569, 'training_days': 60, 'n_estimators': 441, 'max_depth': 3, 'num_leaves': 66, 'learning_rate': 0.044953114425778824, 'subsample': 0.7098948461279406, 'min_child_samples': 15, 'reg_alpha': 4.888753565548431e-07, 'reg_lambda': 4.198190642566389}. Best is trial 2 with value: 0.010991966167340333.
[I 2026-05-07 00:28:10,139] Trial 6 finished with value: -0.05239307761740506 and parameters: {'confidence_threshold': 0.7376932868314098, 'training_days': 290, 'n_estimators': 249, 'max_depth': 5, 'num_leaves': 121, 'learning_rate': 0.015565840632862623, 'subsample': 0.8390183783709677, 'min_child_samples': 19, 'reg_alpha': 1.860444687368747e-08, 'reg_lambda': 2.7391483548058117e-06}. Best is trial 2 with value: 0.010991966167340333.
[I 2026-05-07 00:28:10,180] Trial 7 finished with value: -0.03926727381598931 and parameters: {'confidence_threshold': 0.563503962036334, 'training_days': 70, 'n_estimators': 63, 'max_depth': 3, 'num_leaves': 47, 'learning_rate': 0.18074927623018475, 'subsample': 0.5059692991701257, 'min_child_samples': 9, 'reg_alpha': 3.6945804405602874e-08, 'reg_lambda': 0.027706035542028905}. Best is trial 2 with value: 0.010991966167340333.
[I 2026-05-07 00:28:10,269] Trial 8 finished with value: -1.945549394072072 and parameters: {'confidence_threshold': 0.6525471176758836, 'training_days': 440, 'n_estimators': 116, 'max_depth': 4, 'num_leaves': 115, 'learning_rate': 0.010229952960863938, 'subsample': 0.5062159465415076, 'min_child_samples': 54, 'reg_alpha': 6.790626457822126e-06, 'reg_lambda': 1.7869141074987722e-05}. Best is trial 2 with value: 0.010991966167340333.
