[I 2026-05-07 00:28:20,055] Trial 1 finished with value: 0.02878682242459767 and parameters: {'confidence_threshold': 0.6929247853618086, 'training_days': 410, 'n_estimators': 233, 'max_depth': 5, 'num_leaves': 108, 'learning_rate': 0.013724237108071606, 'subsample': 0.7013182233636002, 'min_child_samples': 94, 'reg_alpha': 2.4040959529260723e-06, 'reg_lambda': 5.320966582161148}. Best is trial 1 with value: 0.02878682242459767.
[I 2026-05-07 00:28:20,115] Trial 2 finished with value: -0.060028192621725165 and parameters: {'confidence_threshold': 0.546341527225763, 'training_days': 270, 'n_estimators': 120, 'max_depth': 4, 'num_leaves': 53, 'learning_rate': 0.060197068579343475, 'subsample': 0.588227873455941, 'min_child_samples': 91, 'reg_alpha': 2.3457771824819002e-08, 'reg_lambda': 1.1358840775642732e-08}. Best is trial 1 with value: 0.02878682242459767.
[I 2026-05-07 00:28:20,284] Trial 3 finished with value: -0.06323950764902223 and parameters: {'confidence_threshold': 0.6000319676300473, 'training_days': 270, 'n_estimators': 382, 'max_depth': 4, 'num_leaves': 44, 'learning_rate': 0.09185046765032388, 'subsample': 0.6743651508646724, 'min_child_samples': 77, 'reg_alpha': 0.0013974578104212739, 'reg_lambda': 8.97190257982477e-08}. Best is trial 1 with value: 0.02878682242459767.
[I 2026-05-07 00:28:20,620] Trial 4 finished with value: -0.1442421404400196 and parameters: {'confidence_threshold': 0.7642618789055509, 'training_days': 390, 'n_estimators': 464, 'max_depth': 5, 'num_leaves': 30, 'learning_rate': 0.024562383309704932, 'subsample': 0.8612975035964376, 'min_child_samples': 36, 'reg_alpha': 1.593999300080167, 'reg_lambda': 0.006081270362829788}. Best is trial 1 with value: 0.02878682242459767.
[I 2026-05-07 00:28:20,756] Trial 5 finished with value: -0.07533945731001021 and parameters: {'confidence_threshold': 0.6029115860358569, 'training_days': 60, 'n_estimators': 441, 'max_depth': 3, 'num_leaves': 66, 'learning_rate': 0.044953114425778824, 'subsample': 0.7098948461279406, 'min_child_samples': 15, 'reg_alpha': 4.888753565548431e-07, 'reg_lambda': 4.198190642566389}. Best is trial 1 with value: 0.02878682242459767.
[I 2026-05-07 00:28:20,981] Trial 6 finished with value: -0.11434728143651855 and parameters: {'confidence_threshold': 0.7376932868314098, 'training_days': 290, 'n_estimators': 249, 'max_depth': 5, 'num_leaves': 121, 'learning_rate': 0.015565840632862623, 'subsample': 0.8390183783709677, 'min_child_samples': 19, 'reg_alpha': 1.860444687368747e-08, 'reg_lambda': 2.7391483548058117e-06}. Best is trial 1 with value: 0.02878682242459767.
[I 2026-05-07 00:28:21,013] Trial 7 finished with value: -0.12109261382846985 and parameters: {'confidence_threshold': 0.563503962036334, 'training_days': 70, 'n_estimators': 63, 'max_depth': 3, 'num_leaves': 47, 'learning_rate': 0.18074927623018475, 'subsample': 0.5059692991701257, 'min_child_samples': 9, 'reg_alpha': 3.6945804405602874e-08, 'reg_lambda': 0.027706035542028905}. Best is trial 1 with value: 0.02878682242459767.
[I 2026-05-07 00:28:21,094] Trial 8 finished with value: -0.09921015930122028 and parameters: {'confidence_threshold': 0.6525471176758836, 'training_days': 440, 'n_estimators': 116, 'max_depth': 4, 'num_leaves': 115, 'learning_rate': 0.010229952960863938, 'subsample': 0.5062159465415076, 'min_child_samples': 54, 'reg_alpha': 6.790626457822126e-06, 'reg_lambda': 1.7869141074987722e-05}. Best is trial 1 with value: 0.02878682242459767.
[I 2026-05-07 00:28:21,173] Trial 9 finished with value: -0.14926748544818755 and parameters: {'confidence_threshold': 0.7277571993354469, 'training_days': 360, 'n_estimators': 75, 'max_depth': 5, 'num_leaves': 41, 'learning_rate': 0.014186743931212992, 'subsample': 0.7445187273047605, 'min_child_samples': 22, 'reg_alpha': 0.02393227447113315, 'reg_lambda': 0.009236766173618426}. Best is trial 1 with value: 0.02878682242459767.
[I 2026-05-07 00:28:21,458] A new study created in memory with name: no-name-c69cc731-1577-4a35-9786-8ad7c032dfcd

  [label] 2024-12-19 16:00 BCHUSDT entry=438.3300 → LONG | long=sl(-6.39%) short=sl(-6.39%) | scanned=4 | no_tp→fwd_return=+7.0632
  [label] 2025-01-05 00:00 BCHUSDT entry=472.6900 → SHORT | long=sl(-3.17%) short=tp(+6.05%) | scanned=7 | short_tp_only
  [label] 2025-01-18 00:00 BCHUSDT entry=463.7000 → SHORT | long=sl(-3.69%) short=tp(+7.09%) | scanned=5 | short_tp_only
  [label] 2025-02-05 16:00 BCHUSDT entry=327.7900 → LONG | long=timeout(+4.54%) short=timeout(-4.74%) | scanned=22 | no_tp→fwd_return=+4.6371
  [label] 2025-02-12 00:00 BCHUSDT entry=330.1100 → SHORT | long=sl(-4.50%) short=sl(-4.50%) | scanned=18 | no_tp→fwd_return=-4.6045
  [label] 2025-02-24 08:00 BCHUSDT entry=306.3900 → SHORT | long=sl(-3.40%) short=tp(+6.51%) | scanned=2 | short_tp_only
  [label] 2025-04-05 08:00 BCHUSDT entry=297.2500 → SHORT | long=sl(-3.68%) short=sl(-3.68%) | scanned=4 | no_tp→fwd_return=-8.4643
  [label] 2025-04-15 08:00 BCHUSDT entry=322.6700 → LONG | long=tp(+9.09%) short=sl(-4.69%) | scanned=21 | long_tp_only
  [label] 2025-07-11 08:00 BCHUSDT entry=528.9500 → SHORT | long=sl(-2.61%) short=tp(+4.92%) | scanned=4 | short_tp_only
  Labels: 1089 long (49.7%), 1104 short (50.3%) | weights: min=1.01, mean=4.17, max=10.00
  Features: 2193/2193 matched, 13 columns
  CV gap: 22 rows
    [trial 0] 13 features, training_days=230 | threshold=0.779 | labels: 1089 long, 1104 short (50/50%)
    [CV fold 0] train_end=2023-11-24 00:00 | val_start=2023-12-01 16:00 | gap=184h (22 rows)
    [CV fold 1] train_end=2024-03-24 16:00 | val_start=2024-04-01 08:00 | gap=184h (22 rows)
    [CV fold 2] train_end=2024-07-24 08:00 | val_start=2024-08-01 00:00 | gap=184h (22 rows)
    [CV fold 3] train_end=2024-11-23 00:00 | val_start=2024-11-30 16:00 | gap=184h (22 rows)
    [CV fold 4] train_end=2025-03-24 16:00 | val_start=2025-04-01 08:00 | gap=184h (22 rows)
    [trial 0] Sharpe=-0.0744 (folds: -0.0728, 0.0474, -0.1648, -0.1441, -0.0375)
    [trial 1] 13 features, training_days=410 | threshold=0.693 | labels: 1089 long, 1104 short (50/50%)
    [trial 1] Sharpe=0.0288 (folds: -0.2579, 0.1840, -0.1665, -0.4664, 0.8508)
    [trial 2] 13 features, training_days=270 | threshold=0.546 | labels: 1089 long, 1104 short (50/50%)
    [trial 2] Sharpe=-0.0600 (folds: -0.1637, -0.0096, -0.1594, -0.0574, 0.0899)
    [trial 3] 13 features, training_days=270 | threshold=0.600 | labels: 1089 long, 1104 short (50/50%)
    [trial 3] Sharpe=-0.0632 (folds: -0.1270, -0.0164, -0.2062, -0.0321, 0.0655)
    [trial 4] 13 features, training_days=390 | threshold=0.764 | labels: 1089 long, 1104 short (50/50%)
    [trial 4] Sharpe=-0.1442 (folds: -0.2025, -0.0444, -0.2302, -0.3036, 0.0595)
    [trial 5] 13 features, training_days=60 | threshold=0.603 | labels: 1089 long, 1104 short (50/50%)
    [trial 5] Sharpe=-0.0753 (folds: -0.0342, -0.1322, 0.1383, -0.2330, -0.1156)
    [trial 6] 13 features, training_days=290 | threshold=0.738 | labels: 1089 long, 1104 short (50/50%)
    [trial 6] Sharpe=-0.1143 (folds: -0.0285, -0.0108, -0.1396, -0.3980, 0.0051)
    [trial 7] 13 features, training_days=70 | threshold=0.564 | labels: 1089 long, 1104 short (50/50%)
    [trial 7] Sharpe=-0.1211 (folds: -0.0934, -0.1295, 0.0181, -0.3302, -0.0704)
    [trial 8] 13 features, training_days=440 | threshold=0.653 | labels: 1089 long, 1104 short (50/50%)
    [trial 8] Sharpe=-0.0992 (folds: -0.1756, -0.1465, -0.2397, -0.5365, 0.6024)
    [trial 9] 13 features, training_days=360 | threshold=0.728 | labels: 1089 long, 1104 short (50/50%)
    [trial 9] Sharpe=-0.1493 (folds: -0.3671, -0.0740, -0.3545, -0.3770, 0.4263)
  Optuna: 10 trials, best Sharpe = 0.0288
  Best params: n_estimators=233, max_depth=5, lr=0.0137, leaves=108
  Best confidence_threshold: 0.693
  Best training_days: 410
  Retrained on full data (1230 samples, 13 features)
  Model trained for 2025-08: 93 test candles with features, confidence_threshold=0.693
[predict] 2025-08-01 00:00 BCHUSDT → LONG (proba=0.70 TP=6.8%/SL=3.4%)
[trade:open] 2025-08-01 07:59 BCHUSDT LONG @ 558.84 | SL=539.83 TP=596.87 | timeout=2025-08-08 07:59
[trade:close] 2025-08-01 23:59 BCHUSDT LONG → stop_loss @ 539.83 | PnL=-3.40% (net -3.50%) | cum=+67.11% 2025-08=-3.50% 2025-08-01=-3.50%
[predict] 2025-08-15 08:00 BCHUSDT → LONG (proba=0.74 TP=6.4%/SL=3.2%)
[trade:open] 2025-08-15 15:59 BCHUSDT LONG @ 583.22 | SL=564.67 TP=620.32 | timeout=2025-08-22 15:59
[trade:close] 2025-08-18 07:59 BCHUSDT LONG → stop_loss @ 564.67 | PnL=-3.18% (net -3.28%) | cum=+63.83% 2025-08=-6.78% 2025-08-18=-3.28%
[lgbm] === Training for 2025-09 ===
  Train window: 2023-09-01 → 2025-09-01
  2193 training samples from 1 symbols
  Samples per month: 2023-09: 90, 2023-10: 93, 2023-11: 90, 2023-12: 93, 2024-01: 93, 2024-02: 87, 2024-03: 93, 2024-04: 90, 2024-05: 93, 2024-06: 90, 2024-07: 93, 2024-08: 93, 2024-09: 90, 2024-10: 93, 2024-11: 90, 2024-12: 93, 2025-01: 93, 2025-02: 84, 2025-03: 93, 2025-04: 90, 2025-05: 93, 2025-06: 90, 2025-07: 93, 2025-08: 93
  [label] 2023-11-02 08:00 BCHUSDT entry=234.6100 → LONG | long=tp(+6.58%) short=sl(-3.44%) | scanned=15 | long_tp_only
  [label] 2023-11-04 16:00 BCHUSDT entry=240.2900 → SHORT | long=sl(-3.03%) short=sl(-3.03%) | scanned=8 | no_tp→fwd_return=-0.2164
  [label] 2023-11-08 08:00 BCHUSDT entry=242.8000 → LONG | long=tp(+5.69%) short=sl(-2.99%) | scanned=3 | long_tp_only
  [label] 2023-12-03 08:00 BCHUSDT entry=227.5800 → LONG | long=tp(+3.84%) short=sl(-2.07%) | scanned=2 | long_tp_only
  [label] 2024-01-25 08:00 BCHUSDT entry=235.2500 → LONG | long=timeout(-0.02%) short=sl(-3.27%) | scanned=22 | no_tp→fwd_return=+0.0808
  [label] 2024-07-11 08:00 BCHUSDT entry=351.2300 → LONG | long=tp(+8.17%) short=sl(-4.23%) | scanned=8 | long_tp_only
  [label] 2024-07-15 08:00 BCHUSDT entry=384.5100 → LONG | long=sl(-3.68%) short=sl(-3.68%) | scanned=3 | no_tp→fwd_return=+2.3328
  [label] 2024-07-26 00:00 BCHUSDT entry=372.4500 → LONG | long=tp(+7.17%) short=sl(-3.74%) | scanned=7 | long_tp_only
  [label] 2024-09-09 08:00 BCHUSDT entry=313.2400 → LONG | long=tp(+5.68%) short=sl(-2.99%) | scanned=4 | long_tp_only
  [label] 2024-09-18 00:00 BCHUSDT entry=314.3700 → LONG | long=sl(-2.57%) short=sl(-2.57%) | scanned=2 | no_tp→fwd_return=+3.9539
  [label] 2024-12-18 16:00 BCHUSDT entry=479.9300 → SHORT | long=sl(-5.55%) short=tp(+10.79%) | scanned=3 | short_tp_only
  [label] 2025-01-19 16:00 BCHUSDT entry=427.5700 → LONG | long=tp(+8.45%) short=sl(-4.38%) | scanned=1 | long_tp_only
  [label] 2025-02-05 00:00 BCHUSDT entry=332.3200 → SHORT | long=sl(-6.53%) short=timeout(+0.57%) | scanned=22 | no_tp→fwd_return=-0.6650
  [label] 2025-02-18 00:00 BCHUSDT entry=314.9100 → SHORT | long=sl(-3.80%) short=sl(-3.80%) | scanned=19 | no_tp→fwd_return=-2.7055
  [label] 2025-03-08 16:00 BCHUSDT entry=385.6300 → SHORT | long=sl(-5.38%) short=tp(+10.45%) | scanned=6 | short_tp_only
  [label] 2025-03-15 00:00 BCHUSDT entry=334.5600 → SHORT | long=timeout(-3.09%) short=sl(-5.14%) | scanned=22 | no_tp→fwd_return=-2.9890
  [label] 2025-03-27 08:00 BCHUSDT entry=325.0000 → SHORT | long=sl(-3.23%) short=tp(+6.16%) | scanned=4 | short_tp_only
  [label] 2025-05-06 08:00 BCHUSDT entry=355.5800 → LONG | long=tp(+6.06%) short=sl(-3.18%) | scanned=2 | long_tp_only
  [label] 2025-05-16 08:00 BCHUSDT entry=399.7500 → LONG | long=sl(-3.48%) short=sl(-3.48%) | scanned=17 | no_tp→fwd_return=+3.8324
  [label] 2025-08-11 08:00 BCHUSDT entry=587.8800 → LONG | long=tp(+5.66%) short=sl(-2.98%) | scanned=4 | long_tp_only
  Labels: 1105 long (50.4%), 1088 short (49.6%) | weights: min=1.01, mean=4.18, max=10.00
  Features: 2193/2193 matched, 13 columns
  CV gap: 22 rows
    [trial 0] 13 features, training_days=230 | threshold=0.779 | labels: 1105 long, 1088 short (50/50%)
    [CV fold 0] train_end=2023-12-25 00:00 | val_start=2024-01-01 16:00 | gap=184h (22 rows)
    [CV fold 1] train_end=2024-04-24 16:00 | val_start=2024-05-02 08:00 | gap=184h (22 rows)
    [CV fold 2] train_end=2024-08-24 08:00 | val_start=2024-09-01 00:00 | gap=184h (22 rows)
    [CV fold 3] train_end=2024-12-24 00:00 | val_start=2024-12-31 16:00 | gap=184h (22 rows)[I 2026-05-07 00:28:21,701] Trial 0 finished with value: -0.050954227598839476 and parameters: {'confidence_threshold': 0.7790993046299082, 'training_days': 230, 'n_estimators': 295, 'max_depth': 5, 'num_leaves': 83, 'learning_rate': 0.051543455158230854, 'subsample': 0.8773243492079463, 'min_child_samples': 10, 'reg_alpha': 0.034096514368237685, 'reg_lambda': 3.154180388637081e-05}. Best is trial 0 with value: -0.050954227598839476.
[I 2026-05-07 00:28:21,833] Trial 1 finished with value: -0.18770658367573928 and parameters: {'confidence_threshold': 0.6929247853618086, 'training_days': 410, 'n_estimators': 233, 'max_depth': 5, 'num_leaves': 108, 'learning_rate': 0.013724237108071606, 'subsample': 0.7013182233636002, 'min_child_samples': 94, 'reg_alpha': 2.4040959529260723e-06, 'reg_lambda': 5.320966582161148}. Best is trial 0 with value: -0.050954227598839476.
[I 2026-05-07 00:28:21,895] Trial 2 finished with value: 0.008043641057626763 and parameters: {'confidence_threshold': 0.546341527225763, 'training_days': 270, 'n_estimators': 120, 'max_depth': 4, 'num_leaves': 53, 'learning_rate': 0.060197068579343475, 'subsample': 0.588227873455941, 'min_child_samples': 91, 'reg_alpha': 2.3457771824819002e-08, 'reg_lambda': 1.1358840775642732e-08}. Best is trial 2 with value: 0.008043641057626763.
[I 2026-05-07 00:28:22,053] Trial 3 finished with value: -0.037296168122547754 and parameters: {'confidence_threshold': 0.6000319676300473, 'training_days': 270, 'n_estimators': 382, 'max_depth': 4, 'num_leaves': 44, 'learning_rate': 0.09185046765032388, 'subsample': 0.6743651508646724, 'min_child_samples': 77, 'reg_alpha': 0.0013974578104212739, 'reg_lambda': 8.97190257982477e-08}. Best is trial 2 with value: 0.008043641057626763.
[I 2026-05-07 00:28:22,433] Trial 4 finished with value: -0.022147239423853205 and parameters: {'confidence_threshold': 0.7642618789055509, 'training_days': 390, 'n_estimators': 464, 'max_depth': 5, 'num_leaves': 30, 'learning_rate': 0.024562383309704932, 'subsample': 0.8612975035964376, 'min_child_samples': 36, 'reg_alpha': 1.593999300080167, 'reg_lambda': 0.006081270362829788}. Best is trial 2 with value: 0.008043641057626763.
[I 2026-05-07 00:28:22,585] Trial 5 finished with value: 0.010054484932695775 and parameters: {'confidence_threshold': 0.6029115860358569, 'training_days': 60, 'n_estimators': 441, 'max_depth': 3, 'num_leaves': 66, 'learning_rate': 0.044953114425778824, 'subsample': 0.7098948461279406, 'min_child_samples': 15, 'reg_alpha': 4.888753565548431e-07, 'reg_lambda': 4.198190642566389}. Best is trial 5 with value: 0.010054484932695775.
[I 2026-05-07 00:28:22,812] Trial 6 finished with value: -0.026289026794329984 and parameters: {'confidence_threshold': 0.7376932868314098, 'training_days': 290, 'n_estimators': 249, 'max_depth': 5, 'num_leaves': 121, 'learning_rate': 0.015565840632862623, 'subsample': 0.8390183783709677, 'min_child_samples': 19, 'reg_alpha': 1.860444687368747e-08, 'reg_lambda': 2.7391483548058117e-06}. Best is trial 5 with value: 0.010054484932695775.
[I 2026-05-07 00:28:22,847] Trial 7 finished with value: -0.08077496056317353 and parameters: {'confidence_threshold': 0.563503962036334, 'training_days': 70, 'n_estimators': 63, 'max_depth': 3, 'num_leaves': 47, 'learning_rate': 0.18074927623018475, 'subsample': 0.5059692991701257, 'min_child_samples': 9, 'reg_alpha': 3.6945804405602874e-08, 'reg_lambda': 0.027706035542028905}. Best is trial 5 with value: 0.010054484932695775.
[I 2026-05-07 00:28:22,932] Trial 8 finished with value: 0.11788860181536612 and parameters: {'confidence_threshold': 0.6525471176758836, 'training_days': 440, 'n_estimators': 116, 'max_depth': 4, 'num_leaves': 115, 'learning_rate': 0.010229952960863938, 'subsample': 0.5062159465415076, 'min_child_samples': 54, 'reg_alpha': 6.790626457822126e-06, 'reg_lambda': 1.7869141074987722e-05}. Best is trial 8 with value: 0.11788860181536612.
[I 2026-05-07 00:28:23,021] Trial 9 finished with value: -2.093511011975754 and parameters: {'confidence_threshold': 0.7277571993354469, 'training_days': 360, 'n_estimators': 75, 'max_depth': 5, 'num_leaves': 41, 'learning_rate': 0.014186743931212992, 'subsample': 0.7445187273047605, 'min_child_samples': 22, 'reg_alpha': 0.02393227447113315, 'reg_lambda': 0.009236766173618426}. Best is trial 8 with value: 0.11788860181536612.
[I 2026-05-07 00:28:23,275] A new study created in memory with name: no-name-31887efc-198b-4370-99db-ad11885988ee
[I 2026-05-07 00:28:23,541] Trial 0 finished with value: 0.010588772620924424 and parameters: {'confidence_threshold': 0.7790993046299082, 'training_days': 230, 'n_estimators': 295, 'max_depth': 5, 'num_leaves': 83, 'learning_rate': 0.051543455158230854, 'subsample': 0.8773243492079463, 'min_child_samples': 10, 'reg_alpha': 0.034096514368237685, 'reg_lambda': 3.154180388637081e-05}. Best is trial 0 with value: 0.010588772620924424.
[I 2026-05-07 00:28:23,683] Trial 1 finished with value: 0.04639568186803116 and parameters: {'confidence_threshold': 0.6929247853618086, 'training_days': 410, 'n_estimators': 233, 'max_depth': 5, 'num_leaves': 108, 'learning_rate': 0.013724237108071606, 'subsample': 0.7013182233636002, 'min_child_samples': 94, 'reg_alpha': 2.4040959529260723e-06, 'reg_lambda': 5.320966582161148}. Best is trial 1 with value: 0.04639568186803116.
[I 2026-05-07 00:28:23,747] Trial 2 finished with value: 0.017140253660130788 and parameters: {'confidence_threshold': 0.546341527225763, 'training_days': 270, 'n_estimators': 120, 'max_depth': 4, 'num_leaves': 53, 'learning_rate': 0.060197068579343475, 'subsample': 0.588227873455941, 'min_child_samples': 91, 'reg_alpha': 2.3457771824819002e-08, 'reg_lambda': 1.1358840775642732e-08}. Best is trial 1 with value: 0.04639568186803116.
[I 2026-05-07 00:28:23,919] Trial 3 finished with value: 0.01800290702782414 and parameters: {'confidence_threshold': 0.6000319676300473, 'training_days': 270, 'n_estimators': 382, 'max_depth': 4, 'num_leaves': 44, 'learning_rate': 0.09185046765032388, 'subsample': 0.6743651508646724, 'min_child_samples': 77, 'reg_alpha': 0.0013974578104212739, 'reg_lambda': 8.97190257982477e-08}. Best is trial 1 with value: 0.04639568186803116.
[I 2026-05-07 00:28:24,257] Trial 4 finished with value: 0.06905956730460798 and parameters: {'confidence_threshold': 0.7642618789055509, 'training_days': 390, 'n_estimators': 464, 'max_depth': 5, 'num_leaves': 30, 'learning_rate': 0.024562383309704932, 'subsample': 0.8612975035964376, 'min_child_samples': 36, 'reg_alpha': 1.593999300080167, 'reg_lambda': 0.006081270362829788}. Best is trial 4 with value: 0.06905956730460798.
[I 2026-05-07 00:28:24,388] Trial 5 finished with value: 0.05197703143052573 and parameters: {'confidence_threshold': 0.6029115860358569, 'training_days': 60, 'n_estimators': 441, 'max_depth': 3, 'num_leaves': 66, 'learning_rate': 0.044953114425778824, 'subsample': 0.7098948461279406, 'min_child_samples': 15, 'reg_alpha': 4.888753565548431e-07, 'reg_lambda': 4.198190642566389}. Best is trial 4 with value: 0.06905956730460798.
[I 2026-05-07 00:28:24,594] Trial 6 finished with value: -0.07268908885245946 and parameters: {'confidence_threshold': 0.7376932868314098, 'training_days': 290, 'n_estimators': 249, 'max_depth': 5, 'num_leaves': 121, 'learning_rate': 0.015565840632862623, 'subsample': 0.8390183783709677, 'min_child_samples': 19, 'reg_alpha': 1.860444687368747e-08, 'reg_lambda': 2.7391483548058117e-06}. Best is trial 4 with value: 0.06905956730460798.
[I 2026-05-07 00:28:24,630] Trial 7 finished with value: -0.022569669183477893 and parameters: {'confidence_threshold': 0.563503962036334, 'training_days': 70, 'n_estimators': 63, 'max_depth': 3, 'num_leaves': 47, 'learning_rate': 0.18074927623018475, 'subsample': 0.5059692991701257, 'min_child_samples': 9, 'reg_alpha': 3.6945804405602874e-08, 'reg_lambda': 0.027706035542028905}. Best is trial 4 with value: 0.06905956730460798.
[I 2026-05-07 00:28:24,707] Trial 8 finished with value: -2.1110777382937718 and parameters: {'confidence_threshold': 0.6525471176758836, 'training_days': 440, 'n_estimators': 116, 'max_depth': 4, 'num_leaves': 115, 'learning_rate': 0.010229952960863938, 'subsample': 0.5062159465415076, 'min_child_samples': 54, 'reg_alpha': 6.790626457822126e-06, 'reg_lambda': 1.7869141074987722e-05}. Best is trial 4 with value: 0.06905956730460798.
