[I 2026-05-07 00:28:57,014] Trial 9 finished with value: -2.1939413803742167 and parameters: {'confidence_threshold': 0.7277571993354469, 'training_days': 360, 'n_estimators': 75, 'max_depth': 5, 'num_leaves': 41, 'learning_rate': 0.014186743931212992, 'subsample': 0.7445187273047605, 'min_child_samples': 22, 'reg_alpha': 0.02393227447113315, 'reg_lambda': 0.009236766173618426}. Best is trial 4 with value: -0.025977959004969763.

    [trial 2] Sharpe=0.0096 (folds: -0.0533, -0.0800, 0.1406, -0.1052, 0.1457)
    [trial 3] 13 features, training_days=270 | threshold=0.600 | labels: 1081 long, 1112 short (49/51%)
    [trial 3] Sharpe=-0.0582 (folds: -0.0912, -0.1537, 0.0373, -0.1771, 0.0936)
    [trial 4] 13 features, training_days=390 | threshold=0.764 | labels: 1081 long, 1112 short (49/51%)
    [trial 4] Sharpe=-0.0749 (folds: -0.1094, -0.1967, 0.0008, -0.2222, 0.1533)
    [trial 5] 13 features, training_days=60 | threshold=0.603 | labels: 1081 long, 1112 short (49/51%)
    [trial 5] Sharpe=-0.0130 (folds: -0.0203, -0.1574, 0.1165, -0.0632, 0.0597)
    [trial 6] 13 features, training_days=290 | threshold=0.738 | labels: 1081 long, 1112 short (49/51%)
    [trial 6] Sharpe=-0.0108 (folds: -0.0833, -0.0688, 0.1664, -0.1219, 0.0534)
    [trial 7] 13 features, training_days=70 | threshold=0.564 | labels: 1081 long, 1112 short (49/51%)
    [trial 7] Sharpe=-0.0268 (folds: -0.1525, -0.0977, 0.1807, -0.1195, 0.0550)
    [trial 8] 13 features, training_days=440 | threshold=0.653 | labels: 1081 long, 1112 short (49/51%)
    [trial 8] Sharpe=-0.0388 (folds: -0.0939, -0.1241, 0.0795, -0.1489, 0.0933)
    [trial 9] 13 features, training_days=360 | threshold=0.728 | labels: 1081 long, 1112 short (49/51%)
    [trial 9] Sharpe=0.0244 (folds: -0.0499, -0.0452, 0.2156, -0.1096, 0.1110)
  Optuna: 10 trials, best Sharpe = 0.0244
  Best params: n_estimators=75, max_depth=5, lr=0.0142, leaves=41
  Best confidence_threshold: 0.728
  Best training_days: 360
  Retrained on full data (1080 samples, 13 features)
  Model trained for 2025-05: 93 test candles with features, confidence_threshold=0.728
[predict] 2025-05-16 08:00 LDOUSDT → SHORT (proba=0.79 TP=11.2%/SL=5.6%)
[trade:open] 2025-05-16 15:59 LDOUSDT SHORT @ 0.99 | SL=1.04 TP=0.88 | timeout=2025-05-23 15:59
[trade:close] 2025-05-18 23:59 LDOUSDT SHORT → take_profit @ 0.88 | PnL=+11.17% (net +11.07%) | cum=+24.44% 2025-05=+11.07% 2025-05-18=+11.07%
[lgbm] === Training for 2025-06 ===
  Train window: 2023-06-01 → 2025-06-01
  2193 training samples from 1 symbols
  Samples per month: 2023-06: 90, 2023-07: 93, 2023-08: 93, 2023-09: 90, 2023-10: 93, 2023-11: 90, 2023-12: 93, 2024-01: 93, 2024-02: 87, 2024-03: 93, 2024-04: 90, 2024-05: 93, 2024-06: 90, 2024-07: 93, 2024-08: 93, 2024-09: 90, 2024-10: 93, 2024-11: 90, 2024-12: 93, 2025-01: 93, 2025-02: 84, 2025-03: 93, 2025-04: 90, 2025-05: 93
  [label] 2023-08-02 08:00 LDOUSDT entry=1.8421 → LONG | long=sl(-3.54%) short=sl(-3.54%) | scanned=16 | no_tp→fwd_return=+0.0597
  [label] 2023-08-04 16:00 LDOUSDT entry=1.8360 → LONG | long=sl(-3.35%) short=sl(-3.35%) | scanned=14 | no_tp→fwd_return=+1.8464
  [label] 2023-08-08 08:00 LDOUSDT entry=1.8538 → SHORT | long=timeout(-2.17%) short=sl(-2.86%) | scanned=22 | no_tp→fwd_return=-2.0660
  [label] 2023-09-02 08:00 LDOUSDT entry=1.5365 → SHORT | long=timeout(-0.54%) short=sl(-3.09%) | scanned=22 | no_tp→fwd_return=-0.4426
  [label] 2023-10-25 08:00 LDOUSDT entry=1.9230 → SHORT | long=sl(-3.81%) short=tp(+7.32%) | scanned=3 | short_tp_only
  [label] 2024-04-10 08:00 LDOUSDT entry=2.6936 → SHORT | long=sl(-5.37%) short=tp(+10.44%) | scanned=7 | short_tp_only
  [label] 2024-04-14 08:00 LDOUSDT entry=1.9773 → LONG | long=timeout(+5.67%) short=sl(-8.58%) | scanned=22 | no_tp→fwd_return=+5.7654
  [label] 2024-04-25 00:00 LDOUSDT entry=1.9834 → LONG | long=sl(-5.53%) short=sl(-5.53%) | scanned=8 | no_tp→fwd_return=+3.5948
  [label] 2024-06-09 08:00 LDOUSDT entry=1.9441 → LONG | long=sl(-5.56%) short=sl(-5.56%) | scanned=9 | no_tp→fwd_return=+4.7323
  [label] 2024-06-18 00:00 LDOUSDT entry=2.0498 → LONG | long=sl(-6.39%) short=sl(-6.39%) | scanned=2 | no_tp→fwd_return=+6.6397
  [label] 2024-09-17 16:00 LDOUSDT entry=0.9904 → LONG | long=sl(-3.85%) short=sl(-3.85%) | scanned=3 | no_tp→fwd_return=+4.2205
  [label] 2024-10-19 16:00 LDOUSDT entry=1.1385 → LONG | long=tp(+7.58%) short=sl(-3.94%) | scanned=2 | long_tp_only
  [label] 2024-11-05 00:00 LDOUSDT entry=0.9670 → LONG | long=tp(+8.34%) short=sl(-4.32%) | scanned=3 | long_tp_only
  [label] 2024-11-18 00:00 LDOUSDT entry=1.2142 → LONG | long=sl(-6.69%) short=sl(-6.69%) | scanned=15 | no_tp→fwd_return=+6.3416
  [label] 2024-12-06 16:00 LDOUSDT entry=2.2595 → SHORT | long=sl(-6.45%) short=tp(+12.61%) | scanned=8 | short_tp_only
  [label] 2024-12-13 00:00 LDOUSDT entry=2.2158 → SHORT | long=sl(-7.29%) short=sl(-7.29%) | scanned=14 | no_tp→fwd_return=-5.4969
  [label] 2024-12-25 08:00 LDOUSDT entry=1.8655 → SHORT | long=sl(-7.29%) short=sl(-7.29%) | scanned=20 | no_tp→fwd_return=-6.2879
  [label] 2025-02-03 08:00 LDOUSDT entry=1.6988 → SHORT | long=sl(-10.12%) short=sl(-10.12%) | scanned=13 | no_tp→fwd_return=-8.1352
  [label] 2025-02-13 08:00 LDOUSDT entry=1.6894 → LONG | long=timeout(+0.91%) short=sl(-8.43%) | scanned=22 | no_tp→fwd_return=+1.0122
  [label] 2025-05-11 08:00 LDOUSDT entry=1.0891 → SHORT | long=sl(-4.62%) short=sl(-4.62%) | scanned=4 | no_tp→fwd_return=-1.0008
  Labels: 1086 long (49.5%), 1107 short (50.5%) | weights: min=1.01, mean=4.34, max=10.00
  Features: 2193/2193 matched, 13 columns
  CV gap: 22 rows
    [trial 0] 13 features, training_days=230 | threshold=0.779 | labels: 1086 long, 1107 short (50/50%)
    [CV fold 0] train_end=2023-09-24 00:00 | val_start=2023-10-01 16:00 | gap=184h (22 rows)
    [CV fold 1] train_end=2024-01-23 16:00 | val_start=2024-01-31 08:00 | gap=184h (22 rows)
    [CV fold 2] train_end=2024-05-24 08:00 | val_start=2024-06-01 00:00 | gap=184h (22 rows)
    [CV fold 3] train_end=2024-09-23 00:00 | val_start=2024-09-30 16:00 | gap=184h (22 rows)
    [CV fold 4] train_end=2025-01-22 16:00 | val_start=2025-01-30 08:00 | gap=184h (22 rows)
    [trial 0] Sharpe=-0.1243 (folds: -0.0257, -0.1197, -0.3629, -0.1083, -0.0051)
    [trial 1] 13 features, training_days=410 | threshold=0.693 | labels: 1086 long, 1107 short (50/50%)
    [trial 1] Sharpe=-0.0379 (folds: -0.0417, -0.1426, 0.1605, -0.2389, 0.0729)
    [trial 2] 13 features, training_days=270 | threshold=0.546 | labels: 1086 long, 1107 short (50/50%)
    [trial 2] Sharpe=-0.0332 (folds: 0.0557, -0.0797, 0.0072, -0.0956, -0.0533)
    [trial 3] 13 features, training_days=270 | threshold=0.600 | labels: 1086 long, 1107 short (50/50%)
    [trial 3] Sharpe=-0.0721 (folds: -0.0871, -0.1866, 0.0174, -0.1247, 0.0206)
    [trial 4] 13 features, training_days=390 | threshold=0.764 | labels: 1086 long, 1107 short (50/50%)
    [trial 4] Sharpe=-0.0260 (folds: -0.0297, -0.1659, 0.1583, -0.2029, 0.1102)
    [trial 5] 13 features, training_days=60 | threshold=0.603 | labels: 1086 long, 1107 short (50/50%)
    [trial 5] Sharpe=-0.0313 (folds: 0.0073, -0.0164, -0.1741, -0.0184, 0.0451)
    [trial 6] 13 features, training_days=290 | threshold=0.738 | labels: 1086 long, 1107 short (50/50%)
    [trial 6] Sharpe=-0.1559 (folds: 0.0133, -0.1057, -0.3932, -0.2230, -0.0709)
    [trial 7] 13 features, training_days=70 | threshold=0.564 | labels: 1086 long, 1107 short (50/50%)
    [trial 7] Sharpe=-0.0387 (folds: -0.0365, 0.0154, -0.1676, 0.0194, -0.0242)
    [trial 8] 13 features, training_days=440 | threshold=0.653 | labels: 1086 long, 1107 short (50/50%)
    [trial 8] Sharpe=-0.0540 (folds: -0.0652, -0.0552, 0.1200, -0.3480, 0.0783)
    [trial 9] 13 features, training_days=360 | threshold=0.728 | labels: 1086 long, 1107 short (50/50%)
    [trial 9] Sharpe=-2.1939 (folds: -0.3352, -0.2843, -10.0000, -0.5872, 0.2369)
  Optuna: 10 trials, best Sharpe = -0.0260
  Best params: n_estimators=464, max_depth=5, lr=0.0246, leaves=30
  Best confidence_threshold: 0.764
  Best training_days: 390
  Retrained on full data (1170 samples, 13 features)
  Model trained for 2025-06: 90 test candles with features, confidence_threshold=0.764
[lgbm] === Training for 2025-07 ===
  Train window: 2023-07-01 → 2025-07-01
  2193 training samples from 1 symbols
  Samples per month: 2023-07: 93, 2023-08: 93, 2023-09: 90, 2023-10: 93, 2023-11: 90, 2023-12: 93, 2024-01: 93, 2024-02: 87, 2024-03: 93, 2024-04: 90, 2024-05: 93, 2024-06: 90, 2024-07: 93, 2024-08: 93, 2024-09: 90, 2024-10: 93, 2024-11: 90, 2024-12: 93, 2025-01: 93, 2025-02: 84, 2025-03: 93, 2025-04: 90, 2025-05: 93, 2025-06: 90[I 2026-05-07 00:28:57,382] A new study created in memory with name: no-name-0ac92910-aa60-4c54-8d22-3f9a0d7a54fa
[I 2026-05-07 00:28:57,626] Trial 0 finished with value: -0.0022755175985048337 and parameters: {'confidence_threshold': 0.7790993046299082, 'training_days': 230, 'n_estimators': 295, 'max_depth': 5, 'num_leaves': 83, 'learning_rate': 0.051543455158230854, 'subsample': 0.8773243492079463, 'min_child_samples': 10, 'reg_alpha': 0.034096514368237685, 'reg_lambda': 3.154180388637081e-05}. Best is trial 0 with value: -0.0022755175985048337.
[I 2026-05-07 00:28:57,766] Trial 1 finished with value: 0.014604264787188658 and parameters: {'confidence_threshold': 0.6929247853618086, 'training_days': 410, 'n_estimators': 233, 'max_depth': 5, 'num_leaves': 108, 'learning_rate': 0.013724237108071606, 'subsample': 0.7013182233636002, 'min_child_samples': 94, 'reg_alpha': 2.4040959529260723e-06, 'reg_lambda': 5.320966582161148}. Best is trial 1 with value: 0.014604264787188658.
[I 2026-05-07 00:28:57,837] Trial 2 finished with value: 0.0023253259217925148 and parameters: {'confidence_threshold': 0.546341527225763, 'training_days': 270, 'n_estimators': 120, 'max_depth': 4, 'num_leaves': 53, 'learning_rate': 0.060197068579343475, 'subsample': 0.588227873455941, 'min_child_samples': 91, 'reg_alpha': 2.3457771824819002e-08, 'reg_lambda': 1.1358840775642732e-08}. Best is trial 1 with value: 0.014604264787188658.
[I 2026-05-07 00:28:58,026] Trial 3 finished with value: -0.030339654517471386 and parameters: {'confidence_threshold': 0.6000319676300473, 'training_days': 270, 'n_estimators': 382, 'max_depth': 4, 'num_leaves': 44, 'learning_rate': 0.09185046765032388, 'subsample': 0.6743651508646724, 'min_child_samples': 77, 'reg_alpha': 0.0013974578104212739, 'reg_lambda': 8.97190257982477e-08}. Best is trial 1 with value: 0.014604264787188658.
[I 2026-05-07 00:28:58,404] Trial 4 finished with value: 0.0037381553103723875 and parameters: {'confidence_threshold': 0.7642618789055509, 'training_days': 390, 'n_estimators': 464, 'max_depth': 5, 'num_leaves': 30, 'learning_rate': 0.024562383309704932, 'subsample': 0.8612975035964376, 'min_child_samples': 36, 'reg_alpha': 1.593999300080167, 'reg_lambda': 0.006081270362829788}. Best is trial 1 with value: 0.014604264787188658.
[I 2026-05-07 00:28:58,543] Trial 5 finished with value: -0.03553650464902387 and parameters: {'confidence_threshold': 0.6029115860358569, 'training_days': 60, 'n_estimators': 441, 'max_depth': 3, 'num_leaves': 66, 'learning_rate': 0.044953114425778824, 'subsample': 0.7098948461279406, 'min_child_samples': 15, 'reg_alpha': 4.888753565548431e-07, 'reg_lambda': 4.198190642566389}. Best is trial 1 with value: 0.014604264787188658.
[I 2026-05-07 00:28:58,745] Trial 6 finished with value: -0.010949839933630755 and parameters: {'confidence_threshold': 0.7376932868314098, 'training_days': 290, 'n_estimators': 249, 'max_depth': 5, 'num_leaves': 121, 'learning_rate': 0.015565840632862623, 'subsample': 0.8390183783709677, 'min_child_samples': 19, 'reg_alpha': 1.860444687368747e-08, 'reg_lambda': 2.7391483548058117e-06}. Best is trial 1 with value: 0.014604264787188658.
[I 2026-05-07 00:28:58,778] Trial 7 finished with value: -0.023259766908678463 and parameters: {'confidence_threshold': 0.563503962036334, 'training_days': 70, 'n_estimators': 63, 'max_depth': 3, 'num_leaves': 47, 'learning_rate': 0.18074927623018475, 'subsample': 0.5059692991701257, 'min_child_samples': 9, 'reg_alpha': 3.6945804405602874e-08, 'reg_lambda': 0.027706035542028905}. Best is trial 1 with value: 0.014604264787188658.
[I 2026-05-07 00:28:58,859] Trial 8 finished with value: 0.06305765276258275 and parameters: {'confidence_threshold': 0.6525471176758836, 'training_days': 440, 'n_estimators': 116, 'max_depth': 4, 'num_leaves': 115, 'learning_rate': 0.010229952960863938, 'subsample': 0.5062159465415076, 'min_child_samples': 54, 'reg_alpha': 6.790626457822126e-06, 'reg_lambda': 1.7869141074987722e-05}. Best is trial 8 with value: 0.06305765276258275.
[I 2026-05-07 00:28:58,958] Trial 9 finished with value: 0.07086548097797259 and parameters: {'confidence_threshold': 0.7277571993354469, 'training_days': 360, 'n_estimators': 75, 'max_depth': 5, 'num_leaves': 41, 'learning_rate': 0.014186743931212992, 'subsample': 0.7445187273047605, 'min_child_samples': 22, 'reg_alpha': 0.02393227447113315, 'reg_lambda': 0.009236766173618426}. Best is trial 9 with value: 0.07086548097797259.

  [label] 2023-09-01 08:00 LDOUSDT entry=1.5301 → LONG | long=timeout(+2.89%) short=sl(-3.31%) | scanned=22 | no_tp→fwd_return=+2.9867
  [label] 2023-09-03 16:00 LDOUSDT entry=1.5244 → LONG | long=tp(+5.39%) short=sl(-2.84%) | scanned=9 | long_tp_only
  [label] 2023-09-07 08:00 LDOUSDT entry=1.5832 → SHORT | long=sl(-2.59%) short=sl(-2.59%) | scanned=4 | no_tp→fwd_return=-2.6339
  [label] 2023-10-02 08:00 LDOUSDT entry=1.6045 → SHORT | long=sl(-3.03%) short=tp(+5.77%) | scanned=10 | short_tp_only
  [label] 2023-11-24 08:00 LDOUSDT entry=2.6311 → SHORT | long=sl(-5.40%) short=tp(+10.49%) | scanned=9 | short_tp_only
  [label] 2024-05-10 08:00 LDOUSDT entry=1.7950 → SHORT | long=sl(-5.02%) short=tp(+9.73%) | scanned=11 | short_tp_only
  [label] 2024-05-14 08:00 LDOUSDT entry=1.6582 → SHORT | long=sl(-4.61%) short=tp(+8.92%) | scanned=6 | short_tp_only
  [label] 2024-05-25 00:00 LDOUSDT entry=2.5874 → SHORT | long=sl(-5.56%) short=tp(+10.81%) | scanned=13 | short_tp_only
  [label] 2024-07-09 08:00 LDOUSDT entry=1.5886 → LONG | long=tp(+13.25%) short=sl(-6.77%) | scanned=19 | long_tp_only
  [label] 2024-07-18 00:00 LDOUSDT entry=1.9873 → SHORT | long=sl(-4.94%) short=tp(+9.57%) | scanned=14 | short_tp_only
  [label] 2024-10-17 16:00 LDOUSDT entry=1.0875 → LONG | long=tp(+8.69%) short=sl(-4.49%) | scanned=8 | long_tp_only
  [label] 2024-11-18 16:00 LDOUSDT entry=1.2645 → SHORT | long=sl(-6.34%) short=tp(+12.37%) | scanned=6 | short_tp_only
  [label] 2024-12-05 00:00 LDOUSDT entry=2.1712 → LONG | long=sl(-6.29%) short=sl(-6.29%) | scanned=4 | no_tp→fwd_return=+2.6621
  [label] 2024-12-18 00:00 LDOUSDT entry=2.0448 → SHORT | long=sl(-7.24%) short=tp(+14.18%) | scanned=4 | short_tp_only
  [label] 2025-01-05 16:00 LDOUSDT entry=2.0897 → SHORT | long=sl(-4.90%) short=tp(+9.50%) | scanned=5 | short_tp_only
  [label] 2025-01-12 00:00 LDOUSDT entry=1.5833 → SHORT | long=sl(-5.92%) short=tp(+11.55%) | scanned=4 | short_tp_only
  [label] 2025-01-24 08:00 LDOUSDT entry=2.0729 → LONG | long=sl(-6.62%) short=sl(-6.62%) | scanned=7 | no_tp→fwd_return=+0.5934
  [label] 2025-03-05 08:00 LDOUSDT entry=1.1395 → SHORT | long=sl(-8.77%) short=tp(+17.23%) | scanned=16 | short_tp_only
  [label] 2025-03-15 08:00 LDOUSDT entry=0.9568 → LONG | long=timeout(+5.92%) short=sl(-6.94%) | scanned=22 | no_tp→fwd_return=+6.0201
  [label] 2025-06-10 08:00 LDOUSDT entry=0.9288 → SHORT | long=sl(-5.04%) short=sl(-5.04%) | scanned=7 | no_tp→fwd_return=-7.2459
  Labels: 1070 long (48.8%), 1123 short (51.2%) | weights: min=1.01, mean=4.37, max=10.00
  Features: 2193/2193 matched, 13 columns
  CV gap: 22 rows
    [trial 0] 13 features, training_days=230 | threshold=0.779 | labels: 1070 long, 1123 short (49/51%)
    [CV fold 0] train_end=2023-10-24 00:00 | val_start=2023-10-31 16:00 | gap=184h (22 rows)
    [CV fold 1] train_end=2024-02-22 16:00 | val_start=2024-03-01 08:00 | gap=184h (22 rows)
    [CV fold 2] train_end=2024-06-23 08:00 | val_start=2024-07-01 00:00 | gap=184h (22 rows)
    [CV fold 3] train_end=2024-10-23 00:00 | val_start=2024-10-30 16:00 | gap=184h (22 rows)
    [CV fold 4] train_end=2025-02-21 16:00 | val_start=2025-03-01 08:00 | gap=184h (22 rows)
    [trial 0] Sharpe=-0.0023 (folds: -0.0750, 0.1119, -0.0880, -0.0600, 0.0997)
    [trial 1] 13 features, training_days=410 | threshold=0.693 | labels: 1070 long, 1123 short (49/51%)
    [trial 1] Sharpe=0.0146 (folds: -0.0783, -0.0085, -0.0242, 0.0517, 0.1323)
    [trial 2] 13 features, training_days=270 | threshold=0.546 | labels: 1070 long, 1123 short (49/51%)
    [trial 2] Sharpe=0.0023 (folds: 0.0055, -0.0561, -0.0272, 0.0263, 0.0632)
    [trial 3] 13 features, training_days=270 | threshold=0.600 | labels: 1070 long, 1123 short (49/51%)
    [trial 3] Sharpe=-0.0303 (folds: -0.0404, -0.1372, -0.0264, 0.0299, 0.0225)
    [trial 4] 13 features, training_days=390 | threshold=0.764 | labels: 1070 long, 1123 short (49/51%)
    [trial 4] Sharpe=0.0037 (folds: -0.0622, 0.0032, -0.0634, 0.0539, 0.0871)
    [trial 5] 13 features, training_days=60 | threshold=0.603 | labels: 1070 long, 1123 short (49/51%)
    [trial 5] Sharpe=-0.0355 (folds: -0.0915, -0.2086, -0.1493, 0.0380, 0.2337)
    [trial 6] 13 features, training_days=290 | threshold=0.738 | labels: 1070 long, 1123 short (49/51%)
    [trial 6] Sharpe=-0.0109 (folds: -0.1010, 0.0700, -0.1898, 0.0341, 0.1320)
    [trial 7] 13 features, training_days=70 | threshold=0.564 | labels: 1070 long, 1123 short (49/51%)
    [trial 7] Sharpe=-0.0233 (folds: -0.0624, -0.1596, -0.0695, 0.0511, 0.1240)
    [trial 8] 13 features, training_days=440 | threshold=0.653 | labels: 1070 long, 1123 short (49/51%)
    [trial 8] Sharpe=0.0631 (folds: 0.0281, 0.1940, -0.0138, 0.0425, 0.0645)
    [trial 9] 13 features, training_days=360 | threshold=0.728 | labels: 1070 long, 1123 short (49/51%)
    [trial 9] Sharpe=0.0709 (folds: 0.0439, 0.3701, -0.1861, 0.0537, 0.0728)
  Optuna: 10 trials, best Sharpe = 0.0709
  Best params: n_estimators=75, max_depth=5, lr=0.0142, leaves=41
  Best confidence_threshold: 0.728
  Best training_days: 360
  Retrained on full data (1080 samples, 13 features)
  Model trained for 2025-07: 93 test candles with features, confidence_threshold=0.728
[lgbm] === Training for 2025-08 ===
  Train window: 2023-08-01 → 2025-08-01
  2193 training samples from 1 symbols
  Samples per month: 2023-08: 93, 2023-09: 90, 2023-10: 93, 2023-11: 90, 2023-12: 93, 2024-01: 93, 2024-02: 87, 2024-03: 93, 2024-04: 90, 2024-05: 93, 2024-06: 90, 2024-07: 93, 2024-08: 93, 2024-09: 90, 2024-10: 93, 2024-11: 90, 2024-12: 93, 2025-01: 93, 2025-02: 84, 2025-03: 93, 2025-04: 90, 2025-05: 93, 2025-06: 90, 2025-07: 93
  [label] 2023-10-02 08:00 LDOUSDT entry=1.6045 → SHORT | long=sl(-3.03%) short=tp(+5.77%) | scanned=10 | short_tp_only
  [label] 2023-10-04 16:00 LDOUSDT entry=1.5839 → SHORT | long=sl(-3.13%) short=tp(+5.95%) | scanned=15 | short_tp_only
  [label] 2023-10-08 08:00 LDOUSDT entry=1.5836 → SHORT | long=sl(-2.73%) short=sl(-2.73%) | scanned=3 | no_tp→fwd_return=-4.7360
  [label] 2023-11-02 08:00 LDOUSDT entry=1.7359 → LONG | long=tp(+9.46%) short=sl(-4.88%) | scanned=4 | long_tp_only
  [label] 2023-12-25 08:00 LDOUSDT entry=2.5648 → SHORT | long=sl(-4.32%) short=sl(-4.32%) | scanned=3 | no_tp→fwd_return=-1.7974
  [label] 2024-06-10 08:00 LDOUSDT entry=1.9309 → LONG | long=sl(-5.42%) short=sl(-5.42%) | scanned=6 | no_tp→fwd_return=+5.4482
  [label] 2024-06-14 08:00 LDOUSDT entry=1.9570 → LONG | long=sl(-5.45%) short=sl(-5.45%) | scanned=2 | no_tp→fwd_return=+5.6515
  [label] 2024-06-25 00:00 LDOUSDT entry=2.4221 → SHORT | long=sl(-5.93%) short=tp(+11.56%) | scanned=11 | short_tp_only
  [label] 2024-08-09 08:00 LDOUSDT entry=1.0772 → SHORT | long=sl(-7.81%) short=timeout(+8.43%) | scanned=22 | no_tp→fwd_return=-8.5314
  [label] 2024-08-18 00:00 LDOUSDT entry=1.0758 → LONG | long=tp(+10.06%) short=sl(-5.18%) | scanned=15 | long_tp_only
  [label] 2024-11-17 16:00 LDOUSDT entry=1.1584 → SHORT | long=sl(-6.99%) short=sl(-6.99%) | scanned=10 | no_tp→fwd_return=-2.4862
  [label] 2024-12-19 16:00 LDOUSDT entry=1.6048 → LONG | long=sl(-9.58%) short=sl(-9.58%) | scanned=4 | no_tp→fwd_return=+13.4659
  [label] 2025-01-05 00:00 LDOUSDT entry=2.0433 → SHORT | long=sl(-5.00%) short=sl(-5.00%) | scanned=7 | no_tp→fwd_return=-7.4047
  [label] 2025-01-18 00:00 LDOUSDT entry=1.8092 → SHORT | long=sl(-5.97%) short=tp(+11.64%) | scanned=4 | short_tp_only
  [label] 2025-02-05 16:00 LDOUSDT entry=1.6907 → SHORT | long=sl(-10.38%) short=sl(-10.38%) | scanned=6 | no_tp→fwd_return=-7.6950
  [label] 2025-02-12 00:00 LDOUSDT entry=1.5751 → LONG | long=tp(+16.38%) short=sl(-8.34%) | scanned=3 | long_tp_only
  [label] 2025-02-24 08:00 LDOUSDT entry=1.5477 → SHORT | long=sl(-7.32%) short=tp(+14.34%) | scanned=2 | short_tp_only
  [label] 2025-04-05 08:00 LDOUSDT entry=0.8219 → SHORT | long=sl(-5.03%) short=tp(+9.75%) | scanned=4 | short_tp_only
  [label] 2025-04-15 08:00 LDOUSDT entry=0.6927 → LONG | long=timeout(+9.82%) short=sl(-6.04%) | scanned=22 | no_tp→fwd_return=+9.9177
  [label] 2025-07-11 08:00 LDOUSDT entry=0.8524 → LONG | long=sl(-3.84%) short=sl(-3.84%) | scanned=8 | no_tp→fwd_return=+3.1910[I 2026-05-07 00:28:59,245] A new study created in memory with name: no-name-5cfddbd6-f19d-4130-8e81-589905e66c13
[I 2026-05-07 00:28:59,505] Trial 0 finished with value: -0.09293232357744795 and parameters: {'confidence_threshold': 0.7790993046299082, 'training_days': 230, 'n_estimators': 295, 'max_depth': 5, 'num_leaves': 83, 'learning_rate': 0.051543455158230854, 'subsample': 0.8773243492079463, 'min_child_samples': 10, 'reg_alpha': 0.034096514368237685, 'reg_lambda': 3.154180388637081e-05}. Best is trial 0 with value: -0.09293232357744795.
