[I 2026-05-07 00:31:00,165] Trial 9 finished with value: -3.770667496472451 and parameters: {'confidence_threshold': 0.7277571993354469, 'training_days': 360, 'n_estimators': 75, 'max_depth': 5, 'num_leaves': 41, 'learning_rate': 0.014186743931212992, 'subsample': 0.7445187273047605, 'min_child_samples': 22, 'reg_alpha': 0.02393227447113315, 'reg_lambda': 0.009236766173618426}. Best is trial 4 with value: 0.04069374073196709.
[I 2026-05-07 00:31:00,636] A new study created in memory with name: no-name-5362dfe3-b5c7-4499-9354-be8464f0d8ce

  [label] 2025-08-20 00:00 TRXUSDT entry=0.3490 → LONG | long=tp(+3.12%) short=sl(-1.71%) | scanned=7 | long_tp_only
  [label] 2025-09-05 08:00 TRXUSDT entry=0.3324 → SHORT | long=sl(-1.52%) short=tp(+2.75%) | scanned=4 | short_tp_only
  [label] 2025-09-18 08:00 TRXUSDT entry=0.3473 → LONG | long=sl(-1.42%) short=sl(-1.42%) | scanned=5 | no_tp→fwd_return=+0.0374
  [label] 2025-10-07 00:00 TRXUSDT entry=0.3448 → SHORT | long=sl(-1.03%) short=tp(+1.75%) | scanned=2 | short_tp_only
  [label] 2025-10-13 08:00 TRXUSDT entry=0.3206 → SHORT | long=sl(-1.72%) short=tp(+3.13%) | scanned=3 | short_tp_only
  [label] 2025-10-25 16:00 TRXUSDT entry=0.2969 → SHORT | long=sl(-1.84%) short=sl(-1.84%) | scanned=12 | no_tp→fwd_return=-0.3470
  [label] 2025-12-04 16:00 TRXUSDT entry=0.2861 → SHORT | long=sl(-1.17%) short=sl(-1.17%) | scanned=12 | no_tp→fwd_return=-1.7754
  [label] 2025-12-14 16:00 TRXUSDT entry=0.2772 → LONG | long=tp(+1.92%) short=sl(-1.11%) | scanned=19 | long_tp_only
  [label] 2026-03-11 08:00 TRXUSDT entry=0.2904 → LONG | long=tp(+1.66%) short=sl(-0.98%) | scanned=9 | long_tp_only
  Labels: 1233 long (56.3%), 957 short (43.7%) | weights: min=1.00, mean=2.57, max=10.00
  Features: 2190/2190 matched, 13 columns
  CV gap: 22 rows
    [trial 0] 13 features, training_days=230 | threshold=0.779 | labels: 1233 long, 957 short (56/44%)
    [CV fold 0] train_end=2024-07-24 00:00 | val_start=2024-07-31 16:00 | gap=184h (22 rows)
    [CV fold 1] train_end=2024-11-22 16:00 | val_start=2024-11-30 08:00 | gap=184h (22 rows)
    [CV fold 2] train_end=2025-03-24 08:00 | val_start=2025-04-01 00:00 | gap=184h (22 rows)
    [CV fold 3] train_end=2025-07-24 00:00 | val_start=2025-07-31 16:00 | gap=184h (22 rows)
    [CV fold 4] train_end=2025-11-22 16:00 | val_start=2025-11-30 08:00 | gap=184h (22 rows)
    [trial 0] Sharpe=0.0193 (folds: 0.0760, -0.0446, -0.0591, -0.2730, 0.3973)
    [trial 1] 13 features, training_days=410 | threshold=0.693 | labels: 1233 long, 957 short (56/44%)
    [trial 1] Sharpe=-0.0862 (folds: 0.2639, 0.0020, 0.1676, -0.1853, -0.6792)
    [trial 2] 13 features, training_days=270 | threshold=0.546 | labels: 1233 long, 957 short (56/44%)
    [trial 2] Sharpe=-0.0426 (folds: 0.1375, -0.0488, -0.1409, -0.0944, -0.0664)
    [trial 3] 13 features, training_days=270 | threshold=0.600 | labels: 1233 long, 957 short (56/44%)
    [trial 3] Sharpe=-0.0237 (folds: 0.1024, -0.0549, -0.0874, -0.0847, 0.0059)
    [trial 4] 13 features, training_days=390 | threshold=0.764 | labels: 1233 long, 957 short (56/44%)
    [trial 4] Sharpe=0.0407 (folds: 0.0678, -0.0296, 0.4351, -0.1992, -0.0706)
    [trial 5] 13 features, training_days=60 | threshold=0.603 | labels: 1233 long, 957 short (56/44%)
    [trial 5] Sharpe=0.0323 (folds: 0.1561, -0.0522, -0.1545, -0.0640, 0.2760)
    [trial 6] 13 features, training_days=290 | threshold=0.738 | labels: 1233 long, 957 short (56/44%)
    [trial 6] Sharpe=-2.0079 (folds: 0.0654, 0.0061, -10.0000, -0.2835, 0.1725)
    [trial 7] 13 features, training_days=70 | threshold=0.564 | labels: 1233 long, 957 short (56/44%)
    [trial 7] Sharpe=0.0094 (folds: 0.1202, -0.0744, -0.1962, -0.0701, 0.2674)
    [trial 8] 13 features, training_days=440 | threshold=0.653 | labels: 1233 long, 957 short (56/44%)
    [trial 8] Sharpe=-3.9707 (folds: 0.3397, 0.0598, -10.0000, -0.2530, -10.0000)
    [trial 9] 13 features, training_days=360 | threshold=0.728 | labels: 1233 long, 957 short (56/44%)
    [trial 9] Sharpe=-3.7707 (folds: 0.7532, 0.5444, -10.0000, -0.1509, -10.0000)
  Optuna: 10 trials, best Sharpe = 0.0407
  Best params: n_estimators=464, max_depth=5, lr=0.0246, leaves=30
  Best confidence_threshold: 0.764
  Best training_days: 390
  Retrained on full data (1170 samples, 13 features)
  Model trained for 2026-04: 90 test candles with features, confidence_threshold=0.764
[predict] 2026-04-19 16:00 TRXUSDT → LONG (proba=0.95 TP=1.8%/SL=0.9%)
[trade:open] 2026-04-19 23:59 TRXUSDT LONG @ 0.33 | SL=0.33 TP=0.33 | timeout=2026-04-26 23:59
[trade:close] 2026-04-21 23:59 TRXUSDT LONG → take_profit @ 0.33 | PnL=+1.79% (net +1.69%) | cum=-9.54% 2026-04=+1.69% 2026-04-21=+1.69%
[predict] 2026-04-24 08:00 TRXUSDT → LONG (proba=0.98 TP=2.0%/SL=1.0%)
[trade:open] 2026-04-24 15:59 TRXUSDT LONG @ 0.33 | SL=0.32 TP=0.33 | timeout=2026-05-01 15:59
[trade:close] 2026-04-24 23:59 TRXUSDT LONG → stop_loss @ 0.32 | PnL=-1.00% (net -1.10%) | cum=-10.64% 2026-04=+0.59% 2026-04-24=-1.10%
[predict] 2026-04-26 08:00 TRXUSDT → LONG (proba=0.99 TP=1.9%/SL=1.0%)
[trade:open] 2026-04-26 15:59 TRXUSDT LONG @ 0.32 | SL=0.32 TP=0.33 | timeout=2026-05-03 15:59
[lgbm] === Training for 2026-05 ===
  Train window: 2024-05-01 → 2026-05-01
  2190 training samples from 1 symbols
  Samples per month: 2024-05: 93, 2024-06: 90, 2024-07: 93, 2024-08: 93, 2024-09: 90, 2024-10: 93, 2024-11: 90, 2024-12: 93, 2025-01: 93, 2025-02: 84, 2025-03: 93, 2025-04: 90, 2025-05: 93, 2025-06: 90, 2025-07: 93, 2025-08: 93, 2025-09: 90, 2025-10: 93, 2025-11: 90, 2025-12: 93, 2026-01: 93, 2026-02: 84, 2026-03: 93, 2026-04: 90
  [label] 2024-07-02 08:00 TRXUSDT entry=0.1284 → SHORT | long=sl(-1.12%) short=sl(-1.12%) | scanned=6 | no_tp→fwd_return=-1.1373
  [label] 2024-07-04 08:00 TRXUSDT entry=0.1269 → SHORT | long=sl(-1.21%) short=sl(-1.21%) | scanned=2 | no_tp→fwd_return=-3.6877
  [label] 2024-07-08 08:00 TRXUSDT entry=0.1247 → LONG | long=tp(+3.08%) short=sl(-1.69%) | scanned=3 | long_tp_only
  [label] 2024-08-02 08:00 TRXUSDT entry=0.1231 → LONG | long=tp(+3.06%) short=sl(-1.68%) | scanned=5 | long_tp_only
  [label] 2024-09-24 08:00 TRXUSDT entry=0.1516 → LONG | long=sl(-0.89%) short=sl(-0.89%) | scanned=6 | no_tp→fwd_return=+0.7256
  [label] 2025-03-10 16:00 TRXUSDT entry=0.2289 → SHORT | long=sl(-2.75%) short=tp(+5.20%) | scanned=17 | short_tp_only
  [label] 2025-03-15 00:00 TRXUSDT entry=0.2208 → LONG | long=sl(-2.44%) short=sl(-2.44%) | scanned=11 | no_tp→fwd_return=+7.3794
  [label] 2025-03-25 16:00 TRXUSDT entry=0.2271 → LONG | long=tp(+3.91%) short=sl(-2.10%) | scanned=17 | long_tp_only
  [label] 2025-05-10 00:00 TRXUSDT entry=0.2633 → SHORT | long=sl(-1.66%) short=sl(-1.66%) | scanned=3 | no_tp→fwd_return=-1.0635
  [label] 2025-05-18 16:00 TRXUSDT entry=0.2678 → LONG | long=sl(-2.20%) short=sl(-2.20%) | scanned=5 | no_tp→fwd_return=+1.1163
  [label] 2025-08-18 00:00 TRXUSDT entry=0.3467 → LONG | long=tp(+3.21%) short=sl(-1.75%) | scanned=12 | long_tp_only
  [label] 2025-09-19 00:00 TRXUSDT entry=0.3469 → SHORT | long=sl(-1.46%) short=tp(+2.62%) | scanned=9 | short_tp_only
  [label] 2025-10-05 08:00 TRXUSDT entry=0.3422 → SHORT | long=sl(-1.05%) short=sl(-1.05%) | scanned=7 | no_tp→fwd_return=-1.3443
  [label] 2025-10-18 08:00 TRXUSDT entry=0.3136 → LONG | long=tp(+3.50%) short=sl(-1.90%) | scanned=10 | long_tp_only
  [label] 2025-11-06 00:00 TRXUSDT entry=0.2867 → LONG | long=tp(+3.53%) short=sl(-1.92%) | scanned=15 | long_tp_only
  [label] 2025-11-12 08:00 TRXUSDT entry=0.2961 → SHORT | long=sl(-1.61%) short=tp(+2.93%) | scanned=17 | short_tp_only
  [label] 2025-11-24 16:00 TRXUSDT entry=0.2746 → LONG | long=tp(+2.88%) short=sl(-1.59%) | scanned=17 | long_tp_only
  [label] 2026-01-03 16:00 TRXUSDT entry=0.2957 → LONG | long=sl(-0.97%) short=sl(-0.97%) | scanned=12 | no_tp→fwd_return=+0.8185
  [label] 2026-01-13 16:00 TRXUSDT entry=0.3070 → SHORT | long=sl(-1.04%) short=tp(+1.78%) | scanned=2 | short_tp_only
  [label] 2026-04-10 08:00 TRXUSDT entry=0.3177 → LONG | long=tp(+1.62%) short=sl(-0.96%) | scanned=13 | long_tp_only
  Labels: 1253 long (57.2%), 937 short (42.8%) | weights: min=1.00, mean=2.54, max=10.00
  Features: 2190/2190 matched, 13 columns
  CV gap: 22 rows
    [trial 0] 13 features, training_days=230 | threshold=0.779 | labels: 1253 long, 937 short (57/43%)
    [CV fold 0] train_end=2024-08-23 00:00 | val_start=2024-08-30 16:00 | gap=184h (22 rows)
    [CV fold 1] train_end=2024-12-22 16:00 | val_start=2024-12-30 08:00 | gap=184h (22 rows)
    [CV fold 2] train_end=2025-04-23 08:00 | val_start=2025-05-01 00:00 | gap=184h (22 rows)
    [CV fold 3] train_end=2025-08-23 00:00 | val_start=2025-08-30 16:00 | gap=184h (22 rows)[I 2026-05-07 00:31:00,952] Trial 0 finished with value: -0.005029241415234776 and parameters: {'confidence_threshold': 0.7790993046299082, 'training_days': 230, 'n_estimators': 295, 'max_depth': 5, 'num_leaves': 83, 'learning_rate': 0.051543455158230854, 'subsample': 0.8773243492079463, 'min_child_samples': 10, 'reg_alpha': 0.034096514368237685, 'reg_lambda': 3.154180388637081e-05}. Best is trial 0 with value: -0.005029241415234776.
[I 2026-05-07 00:31:01,108] Trial 1 finished with value: -0.10947474348226235 and parameters: {'confidence_threshold': 0.6929247853618086, 'training_days': 410, 'n_estimators': 233, 'max_depth': 5, 'num_leaves': 108, 'learning_rate': 0.013724237108071606, 'subsample': 0.7013182233636002, 'min_child_samples': 94, 'reg_alpha': 2.4040959529260723e-06, 'reg_lambda': 5.320966582161148}. Best is trial 0 with value: -0.005029241415234776.
[I 2026-05-07 00:31:01,174] Trial 2 finished with value: -0.11434956868088868 and parameters: {'confidence_threshold': 0.546341527225763, 'training_days': 270, 'n_estimators': 120, 'max_depth': 4, 'num_leaves': 53, 'learning_rate': 0.060197068579343475, 'subsample': 0.588227873455941, 'min_child_samples': 91, 'reg_alpha': 2.3457771824819002e-08, 'reg_lambda': 1.1358840775642732e-08}. Best is trial 0 with value: -0.005029241415234776.
[I 2026-05-07 00:31:01,364] Trial 3 finished with value: -0.08228721784697572 and parameters: {'confidence_threshold': 0.6000319676300473, 'training_days': 270, 'n_estimators': 382, 'max_depth': 4, 'num_leaves': 44, 'learning_rate': 0.09185046765032388, 'subsample': 0.6743651508646724, 'min_child_samples': 77, 'reg_alpha': 0.0013974578104212739, 'reg_lambda': 8.97190257982477e-08}. Best is trial 0 with value: -0.005029241415234776.
[I 2026-05-07 00:31:01,730] Trial 4 finished with value: -0.0004989088879322201 and parameters: {'confidence_threshold': 0.7642618789055509, 'training_days': 390, 'n_estimators': 464, 'max_depth': 5, 'num_leaves': 30, 'learning_rate': 0.024562383309704932, 'subsample': 0.8612975035964376, 'min_child_samples': 36, 'reg_alpha': 1.593999300080167, 'reg_lambda': 0.006081270362829788}. Best is trial 4 with value: -0.0004989088879322201.
[I 2026-05-07 00:31:01,883] Trial 5 finished with value: 0.024920791437567296 and parameters: {'confidence_threshold': 0.6029115860358569, 'training_days': 60, 'n_estimators': 441, 'max_depth': 3, 'num_leaves': 66, 'learning_rate': 0.044953114425778824, 'subsample': 0.7098948461279406, 'min_child_samples': 15, 'reg_alpha': 4.888753565548431e-07, 'reg_lambda': 4.198190642566389}. Best is trial 5 with value: 0.024920791437567296.
[I 2026-05-07 00:31:02,101] Trial 6 finished with value: -0.09417361649722308 and parameters: {'confidence_threshold': 0.7376932868314098, 'training_days': 290, 'n_estimators': 249, 'max_depth': 5, 'num_leaves': 121, 'learning_rate': 0.015565840632862623, 'subsample': 0.8390183783709677, 'min_child_samples': 19, 'reg_alpha': 1.860444687368747e-08, 'reg_lambda': 2.7391483548058117e-06}. Best is trial 5 with value: 0.024920791437567296.
[I 2026-05-07 00:31:02,137] Trial 7 finished with value: -0.028085460738292083 and parameters: {'confidence_threshold': 0.563503962036334, 'training_days': 70, 'n_estimators': 63, 'max_depth': 3, 'num_leaves': 47, 'learning_rate': 0.18074927623018475, 'subsample': 0.5059692991701257, 'min_child_samples': 9, 'reg_alpha': 3.6945804405602874e-08, 'reg_lambda': 0.027706035542028905}. Best is trial 5 with value: 0.024920791437567296.
[I 2026-05-07 00:31:02,212] Trial 8 finished with value: -4.031463703066459 and parameters: {'confidence_threshold': 0.6525471176758836, 'training_days': 440, 'n_estimators': 116, 'max_depth': 4, 'num_leaves': 115, 'learning_rate': 0.010229952960863938, 'subsample': 0.5062159465415076, 'min_child_samples': 54, 'reg_alpha': 6.790626457822126e-06, 'reg_lambda': 1.7869141074987722e-05}. Best is trial 5 with value: 0.024920791437567296.
