[I 2026-05-07 00:28:34,008] Trial 9 finished with value: -3.9706297694070494 and parameters: {'confidence_threshold': 0.7277571993354469, 'training_days': 360, 'n_estimators': 75, 'max_depth': 5, 'num_leaves': 41, 'learning_rate': 0.014186743931212992, 'subsample': 0.7445187273047605, 'min_child_samples': 22, 'reg_alpha': 0.02393227447113315, 'reg_lambda': 0.009236766173618426}. Best is trial 1 with value: 0.11913993823536147.

    [trial 7] Sharpe=0.0007 (folds: -0.0562, -0.0338, -0.1277, 0.1789, 0.0421)
    [trial 8] 13 features, training_days=440 | threshold=0.653 | labels: 1086 long, 1107 short (50/50%)
    [trial 8] Sharpe=0.0220 (folds: 0.0215, -0.5025, 0.0466, 0.3201, 0.2240)
    [trial 9] 13 features, training_days=360 | threshold=0.728 | labels: 1086 long, 1107 short (50/50%)
    [trial 9] Sharpe=-1.9874 (folds: -0.0411, -0.1517, 0.1646, -10.0000, 0.0913)
  Optuna: 10 trials, best Sharpe = 0.0547
  Best params: n_estimators=249, max_depth=5, lr=0.0156, leaves=121
  Best confidence_threshold: 0.738
  Best training_days: 290
  Retrained on full data (870 samples, 13 features)
  Model trained for 2026-02: 84 test candles with features, confidence_threshold=0.738
[predict] 2026-02-03 00:00 BCHUSDT → LONG (proba=0.82 TP=7.0%/SL=3.5%)
[trade:open] 2026-02-03 07:59 BCHUSDT LONG @ 529.96 | SL=511.38 TP=567.13 | timeout=2026-02-10 07:59
[trade:close] 2026-02-03 23:59 BCHUSDT LONG → stop_loss @ 511.38 | PnL=-3.51% (net -3.61%) | cum=+74.18% 2026-02=-3.61% 2026-02-03=-3.61%
[lgbm] === Training for 2026-03 ===
  Train window: 2024-03-01 → 2026-03-01
  2190 training samples from 1 symbols
  Samples per month: 2024-03: 93, 2024-04: 90, 2024-05: 93, 2024-06: 90, 2024-07: 93, 2024-08: 93, 2024-09: 90, 2024-10: 93, 2024-11: 90, 2024-12: 93, 2025-01: 93, 2025-02: 84, 2025-03: 93, 2025-04: 90, 2025-05: 93, 2025-06: 90, 2025-07: 93, 2025-08: 93, 2025-09: 90, 2025-10: 93, 2025-11: 90, 2025-12: 93, 2026-01: 93, 2026-02: 84
  [label] 2024-05-02 08:00 BCHUSDT entry=429.4800 → LONG | long=tp(+9.32%) short=sl(-4.81%) | scanned=5 | long_tp_only
  [label] 2024-05-04 08:00 BCHUSDT entry=465.7700 → SHORT | long=sl(-4.23%) short=sl(-4.23%) | scanned=13 | no_tp→fwd_return=-3.8560
  [label] 2024-05-08 08:00 BCHUSDT entry=459.3300 → SHORT | long=sl(-4.04%) short=tp(+7.78%) | scanned=7 | short_tp_only
  [label] 2024-06-02 08:00 BCHUSDT entry=461.4500 → LONG | long=tp(+5.09%) short=sl(-2.70%) | scanned=9 | long_tp_only
  [label] 2024-07-25 08:00 BCHUSDT entry=355.0000 → LONG | long=tp(+7.49%) short=sl(-3.90%) | scanned=5 | long_tp_only
  [label] 2025-01-08 16:00 BCHUSDT entry=434.0200 → LONG | long=sl(-3.58%) short=sl(-3.58%) | scanned=6 | no_tp→fwd_return=+3.6081
  [label] 2025-01-13 00:00 BCHUSDT entry=429.4700 → LONG | long=sl(-3.71%) short=sl(-3.71%) | scanned=7 | no_tp→fwd_return=+3.8256
  [label] 2025-01-23 16:00 BCHUSDT entry=437.2900 → SHORT | long=sl(-4.37%) short=tp(+8.44%) | scanned=10 | short_tp_only
  [label] 2025-03-10 00:00 BCHUSDT entry=356.1300 → SHORT | long=sl(-5.56%) short=tp(+10.81%) | scanned=3 | short_tp_only
  [label] 2025-03-18 16:00 BCHUSDT entry=335.0300 → SHORT | long=sl(-4.30%) short=sl(-4.30%) | scanned=9 | no_tp→fwd_return=-3.6236
  [label] 2025-06-18 00:00 BCHUSDT entry=470.4500 → LONG | long=sl(-3.42%) short=sl(-3.42%) | scanned=4 | no_tp→fwd_return=+2.8696
  [label] 2025-07-20 00:00 BCHUSDT entry=525.2700 → SHORT | long=sl(-3.19%) short=sl(-3.19%) | scanned=10 | no_tp→fwd_return=-1.9647
  [label] 2025-08-05 08:00 BCHUSDT entry=564.7000 → LONG | long=sl(-3.45%) short=sl(-3.45%) | scanned=6 | no_tp→fwd_return=+2.0737
  [label] 2025-08-18 08:00 BCHUSDT entry=565.6600 → LONG | long=sl(-2.91%) short=sl(-2.91%) | scanned=12 | no_tp→fwd_return=+5.3566
  [label] 2025-09-06 00:00 BCHUSDT entry=611.2100 → SHORT | long=sl(-2.76%) short=tp(+5.23%) | scanned=9 | short_tp_only
  [label] 2025-09-12 08:00 BCHUSDT entry=588.0000 → LONG | long=tp(+4.63%) short=sl(-2.47%) | scanned=16 | long_tp_only
  [label] 2025-09-24 16:00 BCHUSDT entry=556.0500 → LONG | long=sl(-2.36%) short=sl(-2.36%) | scanned=20 | no_tp→fwd_return=+4.8467
  [label] 2025-11-03 16:00 BCHUSDT entry=505.4400 → SHORT | long=sl(-3.81%) short=tp(+7.33%) | scanned=3 | short_tp_only
  [label] 2025-11-13 16:00 BCHUSDT entry=508.9800 → SHORT | long=sl(-3.65%) short=tp(+6.99%) | scanned=9 | short_tp_only
  [label] 2026-02-08 08:00 BCHUSDT entry=530.4100 → LONG | long=sl(-4.61%) short=sl(-4.61%) | scanned=16 | no_tp→fwd_return=+6.2838
  Labels: 1071 long (48.9%), 1119 short (51.1%) | weights: min=1.02, mean=4.19, max=10.00
  Features: 2190/2190 matched, 13 columns
  CV gap: 22 rows
    [trial 0] 13 features, training_days=230 | threshold=0.779 | labels: 1071 long, 1119 short (49/51%)
    [CV fold 0] train_end=2024-06-23 00:00 | val_start=2024-06-30 16:00 | gap=184h (22 rows)
    [CV fold 1] train_end=2024-10-22 16:00 | val_start=2024-10-30 08:00 | gap=184h (22 rows)
    [CV fold 2] train_end=2025-02-21 08:00 | val_start=2025-03-01 00:00 | gap=184h (22 rows)
    [CV fold 3] train_end=2025-06-23 00:00 | val_start=2025-06-30 16:00 | gap=184h (22 rows)
    [CV fold 4] train_end=2025-10-22 16:00 | val_start=2025-10-30 08:00 | gap=184h (22 rows)
    [trial 0] Sharpe=-0.0080 (folds: -0.1793, -0.0993, -0.0484, 0.3770, -0.0899)
    [trial 1] 13 features, training_days=410 | threshold=0.693 | labels: 1071 long, 1119 short (49/51%)
    [trial 1] Sharpe=0.1191 (folds: -0.5590, -0.0312, 0.5221, 0.5359, 0.1279)
    [trial 2] 13 features, training_days=270 | threshold=0.546 | labels: 1071 long, 1119 short (49/51%)
    [trial 2] Sharpe=0.0240 (folds: -0.1388, -0.1086, 0.1247, 0.2129, 0.0296)
    [trial 3] 13 features, training_days=270 | threshold=0.600 | labels: 1071 long, 1119 short (49/51%)
    [trial 3] Sharpe=0.0336 (folds: -0.1145, -0.0513, 0.1348, 0.2326, -0.0337)
    [trial 4] 13 features, training_days=390 | threshold=0.764 | labels: 1071 long, 1119 short (49/51%)
    [trial 4] Sharpe=0.0078 (folds: -0.1877, -0.2379, 0.2702, 0.1989, -0.0047)
    [trial 5] 13 features, training_days=60 | threshold=0.603 | labels: 1071 long, 1119 short (49/51%)
    [trial 5] Sharpe=0.0076 (folds: -0.0333, -0.1540, 0.0243, 0.2613, -0.0604)
    [trial 6] 13 features, training_days=290 | threshold=0.738 | labels: 1071 long, 1119 short (49/51%)
    [trial 6] Sharpe=0.0017 (folds: -0.1749, -0.1993, 0.0823, 0.2875, 0.0130)
    [trial 7] 13 features, training_days=70 | threshold=0.564 | labels: 1071 long, 1119 short (49/51%)
    [trial 7] Sharpe=0.0338 (folds: -0.0650, -0.0955, 0.0387, 0.3350, -0.0441)
    [trial 8] 13 features, training_days=440 | threshold=0.653 | labels: 1071 long, 1119 short (49/51%)
    [trial 8] Sharpe=-1.9374 (folds: -0.2590, -0.1130, -10.0000, 0.4847, 0.2004)
    [trial 9] 13 features, training_days=360 | threshold=0.728 | labels: 1071 long, 1119 short (49/51%)
    [trial 9] Sharpe=-3.9706 (folds: 0.4639, -0.3217, -10.0000, -10.0000, 0.0046)
  Optuna: 10 trials, best Sharpe = 0.1191
  Best params: n_estimators=233, max_depth=5, lr=0.0137, leaves=108
  Best confidence_threshold: 0.693
  Best training_days: 410
  Retrained on full data (1230 samples, 13 features)
  Model trained for 2026-03: 93 test candles with features, confidence_threshold=0.693
[lgbm] === Training for 2026-04 ===
  Train window: 2024-04-01 → 2026-04-01
  2190 training samples from 1 symbols
  Samples per month: 2024-04: 90, 2024-05: 93, 2024-06: 90, 2024-07: 93, 2024-08: 93, 2024-09: 90, 2024-10: 93, 2024-11: 90, 2024-12: 93, 2025-01: 93, 2025-02: 84, 2025-03: 93, 2025-04: 90, 2025-05: 93, 2025-06: 90, 2025-07: 93, 2025-08: 93, 2025-09: 90, 2025-10: 93, 2025-11: 90, 2025-12: 93, 2026-01: 93, 2026-02: 84, 2026-03: 93
  [label] 2024-06-02 08:00 BCHUSDT entry=461.4500 → LONG | long=tp(+5.09%) short=sl(-2.70%) | scanned=9 | long_tp_only
  [label] 2024-06-04 08:00 BCHUSDT entry=474.7100 → LONG | long=tp(+4.78%) short=sl(-2.54%) | scanned=4 | long_tp_only
  [label] 2024-06-08 08:00 BCHUSDT entry=467.2300 → SHORT | long=sl(-3.21%) short=tp(+6.11%) | scanned=9 | short_tp_only
  [label] 2024-07-03 08:00 BCHUSDT entry=373.0300 → SHORT | long=sl(-3.30%) short=tp(+6.31%) | scanned=3 | short_tp_only
  [label] 2024-08-25 08:00 BCHUSDT entry=356.6000 → SHORT | long=sl(-3.13%) short=tp(+5.97%) | scanned=7 | short_tp_only
  [label] 2025-02-08 16:00 BCHUSDT entry=322.8700 → LONG | long=timeout(+2.95%) short=sl(-5.42%) | scanned=22 | no_tp→fwd_return=+3.0539
  [label] 2025-02-13 00:00 BCHUSDT entry=333.5800 → SHORT | long=sl(-4.51%) short=sl(-4.51%) | scanned=14 | no_tp→fwd_return=-2.9678[I 2026-05-07 00:28:34,288] A new study created in memory with name: no-name-b9c7f8eb-7e2a-4272-b6f1-13a62a92da6a
[I 2026-05-07 00:28:34,570] Trial 0 finished with value: -0.07070826183926124 and parameters: {'confidence_threshold': 0.7790993046299082, 'training_days': 230, 'n_estimators': 295, 'max_depth': 5, 'num_leaves': 83, 'learning_rate': 0.051543455158230854, 'subsample': 0.8773243492079463, 'min_child_samples': 10, 'reg_alpha': 0.034096514368237685, 'reg_lambda': 3.154180388637081e-05}. Best is trial 0 with value: -0.07070826183926124.
[I 2026-05-07 00:28:34,715] Trial 1 finished with value: 0.10356124608562245 and parameters: {'confidence_threshold': 0.6929247853618086, 'training_days': 410, 'n_estimators': 233, 'max_depth': 5, 'num_leaves': 108, 'learning_rate': 0.013724237108071606, 'subsample': 0.7013182233636002, 'min_child_samples': 94, 'reg_alpha': 2.4040959529260723e-06, 'reg_lambda': 5.320966582161148}. Best is trial 1 with value: 0.10356124608562245.
[I 2026-05-07 00:28:34,786] Trial 2 finished with value: 0.007272470706546799 and parameters: {'confidence_threshold': 0.546341527225763, 'training_days': 270, 'n_estimators': 120, 'max_depth': 4, 'num_leaves': 53, 'learning_rate': 0.060197068579343475, 'subsample': 0.588227873455941, 'min_child_samples': 91, 'reg_alpha': 2.3457771824819002e-08, 'reg_lambda': 1.1358840775642732e-08}. Best is trial 1 with value: 0.10356124608562245.
[I 2026-05-07 00:28:34,985] Trial 3 finished with value: -0.0058380648168821795 and parameters: {'confidence_threshold': 0.6000319676300473, 'training_days': 270, 'n_estimators': 382, 'max_depth': 4, 'num_leaves': 44, 'learning_rate': 0.09185046765032388, 'subsample': 0.6743651508646724, 'min_child_samples': 77, 'reg_alpha': 0.0013974578104212739, 'reg_lambda': 8.97190257982477e-08}. Best is trial 1 with value: 0.10356124608562245.
[I 2026-05-07 00:28:35,314] Trial 4 finished with value: -0.02211539290271746 and parameters: {'confidence_threshold': 0.7642618789055509, 'training_days': 390, 'n_estimators': 464, 'max_depth': 5, 'num_leaves': 30, 'learning_rate': 0.024562383309704932, 'subsample': 0.8612975035964376, 'min_child_samples': 36, 'reg_alpha': 1.593999300080167, 'reg_lambda': 0.006081270362829788}. Best is trial 1 with value: 0.10356124608562245.
[I 2026-05-07 00:28:35,454] Trial 5 finished with value: -0.057510107122360286 and parameters: {'confidence_threshold': 0.6029115860358569, 'training_days': 60, 'n_estimators': 441, 'max_depth': 3, 'num_leaves': 66, 'learning_rate': 0.044953114425778824, 'subsample': 0.7098948461279406, 'min_child_samples': 15, 'reg_alpha': 4.888753565548431e-07, 'reg_lambda': 4.198190642566389}. Best is trial 1 with value: 0.10356124608562245.
[I 2026-05-07 00:28:35,676] Trial 6 finished with value: -0.0019365281921508923 and parameters: {'confidence_threshold': 0.7376932868314098, 'training_days': 290, 'n_estimators': 249, 'max_depth': 5, 'num_leaves': 121, 'learning_rate': 0.015565840632862623, 'subsample': 0.8390183783709677, 'min_child_samples': 19, 'reg_alpha': 1.860444687368747e-08, 'reg_lambda': 2.7391483548058117e-06}. Best is trial 1 with value: 0.10356124608562245.
[I 2026-05-07 00:28:35,719] Trial 7 finished with value: -0.07600071641165249 and parameters: {'confidence_threshold': 0.563503962036334, 'training_days': 70, 'n_estimators': 63, 'max_depth': 3, 'num_leaves': 47, 'learning_rate': 0.18074927623018475, 'subsample': 0.5059692991701257, 'min_child_samples': 9, 'reg_alpha': 3.6945804405602874e-08, 'reg_lambda': 0.027706035542028905}. Best is trial 1 with value: 0.10356124608562245.
[I 2026-05-07 00:28:35,808] Trial 8 finished with value: 0.025644472498600458 and parameters: {'confidence_threshold': 0.6525471176758836, 'training_days': 440, 'n_estimators': 116, 'max_depth': 4, 'num_leaves': 115, 'learning_rate': 0.010229952960863938, 'subsample': 0.5062159465415076, 'min_child_samples': 54, 'reg_alpha': 6.790626457822126e-06, 'reg_lambda': 1.7869141074987722e-05}. Best is trial 1 with value: 0.10356124608562245.
[I 2026-05-07 00:28:35,897] Trial 9 finished with value: -3.960774876525433 and parameters: {'confidence_threshold': 0.7277571993354469, 'training_days': 360, 'n_estimators': 75, 'max_depth': 5, 'num_leaves': 41, 'learning_rate': 0.014186743931212992, 'subsample': 0.7445187273047605, 'min_child_samples': 22, 'reg_alpha': 0.02393227447113315, 'reg_lambda': 0.009236766173618426}. Best is trial 1 with value: 0.10356124608562245.
[I 2026-05-07 00:28:36,202] A new study created in memory with name: no-name-6340a023-f330-4bbe-8352-3043d3c3c938
[I 2026-05-07 00:28:36,466] Trial 0 finished with value: -0.057637537921321126 and parameters: {'confidence_threshold': 0.7790993046299082, 'training_days': 230, 'n_estimators': 295, 'max_depth': 5, 'num_leaves': 83, 'learning_rate': 0.051543455158230854, 'subsample': 0.8773243492079463, 'min_child_samples': 10, 'reg_alpha': 0.034096514368237685, 'reg_lambda': 3.154180388637081e-05}. Best is trial 0 with value: -0.057637537921321126.

  [label] 2025-02-23 16:00 BCHUSDT entry=327.6400 → SHORT | long=sl(-3.04%) short=tp(+5.78%) | scanned=2 | short_tp_only
  [label] 2025-04-10 00:00 BCHUSDT entry=296.4300 → LONG | long=sl(-4.77%) short=sl(-4.77%) | scanned=4 | no_tp→fwd_return=+4.5609
  [label] 2025-04-18 16:00 BCHUSDT entry=334.7800 → LONG | long=tp(+7.75%) short=sl(-4.02%) | scanned=11 | long_tp_only
  [label] 2025-07-19 00:00 BCHUSDT entry=509.7400 → LONG | long=tp(+6.10%) short=sl(-3.20%) | scanned=4 | long_tp_only
  [label] 2025-08-20 00:00 BCHUSDT entry=549.3000 → LONG | long=tp(+5.32%) short=sl(-2.81%) | scanned=7 | long_tp_only
  [label] 2025-09-05 08:00 BCHUSDT entry=609.6400 → SHORT | long=sl(-2.84%) short=tp(+5.38%) | scanned=12 | short_tp_only
  [label] 2025-09-18 08:00 BCHUSDT entry=637.9400 → SHORT | long=sl(-2.29%) short=tp(+4.27%) | scanned=2 | short_tp_only
  [label] 2025-10-07 00:00 BCHUSDT entry=595.0800 → SHORT | long=sl(-2.14%) short=tp(+3.98%) | scanned=7 | short_tp_only
  [label] 2025-10-13 08:00 BCHUSDT entry=540.6300 → SHORT | long=sl(-3.83%) short=tp(+7.36%) | scanned=11 | short_tp_only
  [label] 2025-10-25 16:00 BCHUSDT entry=507.5600 → LONG | long=tp(+6.45%) short=sl(-3.38%) | scanned=2 | long_tp_only
  [label] 2025-12-04 16:00 BCHUSDT entry=574.5000 → SHORT | long=sl(-3.69%) short=sl(-3.69%) | scanned=19 | no_tp→fwd_return=-2.8164
  [label] 2025-12-14 16:00 BCHUSDT entry=557.8400 → SHORT | long=sl(-3.17%) short=tp(+6.04%) | scanned=3 | short_tp_only
  [label] 2026-03-11 08:00 BCHUSDT entry=455.2600 → LONG | long=tp(+5.60%) short=sl(-2.95%) | scanned=16 | long_tp_only
  Labels: 1062 long (48.5%), 1128 short (51.5%) | weights: min=1.02, mean=4.06, max=10.00
  Features: 2190/2190 matched, 13 columns
  CV gap: 22 rows
    [trial 0] 13 features, training_days=230 | threshold=0.779 | labels: 1062 long, 1128 short (48/52%)
    [CV fold 0] train_end=2024-07-24 00:00 | val_start=2024-07-31 16:00 | gap=184h (22 rows)
    [CV fold 1] train_end=2024-11-22 16:00 | val_start=2024-11-30 08:00 | gap=184h (22 rows)
    [CV fold 2] train_end=2025-03-24 08:00 | val_start=2025-04-01 00:00 | gap=184h (22 rows)
    [CV fold 3] train_end=2025-07-24 00:00 | val_start=2025-07-31 16:00 | gap=184h (22 rows)
    [CV fold 4] train_end=2025-11-22 16:00 | val_start=2025-11-30 08:00 | gap=184h (22 rows)
    [trial 0] Sharpe=-0.0707 (folds: -0.1414, -0.2662, -0.0429, 0.3014, -0.2044)
    [trial 1] 13 features, training_days=410 | threshold=0.693 | labels: 1062 long, 1128 short (48/52%)
    [trial 1] Sharpe=0.1036 (folds: -0.3807, -0.0919, 0.5886, 0.2972, 0.1046)
    [trial 2] 13 features, training_days=270 | threshold=0.546 | labels: 1062 long, 1128 short (48/52%)
    [trial 2] Sharpe=0.0073 (folds: -0.1428, -0.0724, 0.0954, 0.2397, -0.0835)
    [trial 3] 13 features, training_days=270 | threshold=0.600 | labels: 1062 long, 1128 short (48/52%)
    [trial 3] Sharpe=-0.0058 (folds: -0.2617, -0.0337, 0.0921, 0.2201, -0.0461)
    [trial 4] 13 features, training_days=390 | threshold=0.764 | labels: 1062 long, 1128 short (48/52%)
    [trial 4] Sharpe=-0.0221 (folds: -0.3138, -0.0741, 0.0876, 0.2846, -0.0949)
    [trial 5] 13 features, training_days=60 | threshold=0.603 | labels: 1062 long, 1128 short (48/52%)
    [trial 5] Sharpe=-0.0575 (folds: 0.1070, -0.3304, -0.0988, 0.1525, -0.1179)
    [trial 6] 13 features, training_days=290 | threshold=0.738 | labels: 1062 long, 1128 short (48/52%)
    [trial 6] Sharpe=-0.0019 (folds: -0.2614, -0.0789, 0.0233, 0.3378, -0.0305)
    [trial 7] 13 features, training_days=70 | threshold=0.564 | labels: 1062 long, 1128 short (48/52%)
    [trial 7] Sharpe=-0.0760 (folds: -0.0613, -0.3497, -0.0322, 0.1869, -0.1238)
    [trial 8] 13 features, training_days=440 | threshold=0.653 | labels: 1062 long, 1128 short (48/52%)
    [trial 8] Sharpe=0.0256 (folds: -0.2397, -0.0459, 0.3480, 0.2376, -0.1717)
    [trial 9] 13 features, training_days=360 | threshold=0.728 | labels: 1062 long, 1128 short (48/52%)
    [trial 9] Sharpe=-3.9608 (folds: -0.3065, 0.1144, 0.3882, -10.0000, -10.0000)
  Optuna: 10 trials, best Sharpe = 0.1036
  Best params: n_estimators=233, max_depth=5, lr=0.0137, leaves=108
  Best confidence_threshold: 0.693
  Best training_days: 410
  Retrained on full data (1230 samples, 13 features)
  Model trained for 2026-04: 90 test candles with features, confidence_threshold=0.693
[lgbm] === Training for 2026-05 ===
  Train window: 2024-05-01 → 2026-05-01
  2190 training samples from 1 symbols
  Samples per month: 2024-05: 93, 2024-06: 90, 2024-07: 93, 2024-08: 93, 2024-09: 90, 2024-10: 93, 2024-11: 90, 2024-12: 93, 2025-01: 93, 2025-02: 84, 2025-03: 93, 2025-04: 90, 2025-05: 93, 2025-06: 90, 2025-07: 93, 2025-08: 93, 2025-09: 90, 2025-10: 93, 2025-11: 90, 2025-12: 93, 2026-01: 93, 2026-02: 84, 2026-03: 93, 2026-04: 90
  [label] 2024-07-02 08:00 BCHUSDT entry=380.0800 → SHORT | long=sl(-3.36%) short=tp(+6.41%) | scanned=5 | short_tp_only
  [label] 2024-07-04 08:00 BCHUSDT entry=345.4000 → SHORT | long=sl(-3.80%) short=tp(+7.30%) | scanned=2 | short_tp_only
  [label] 2024-07-08 08:00 BCHUSDT entry=324.5900 → LONG | long=tp(+9.38%) short=sl(-4.84%) | scanned=9 | long_tp_only
  [label] 2024-08-02 08:00 BCHUSDT entry=400.9900 → SHORT | long=sl(-4.28%) short=tp(+8.26%) | scanned=3 | short_tp_only
  [label] 2024-09-24 08:00 BCHUSDT entry=341.3900 → LONG | long=tp(+4.90%) short=sl(-2.60%) | scanned=8 | long_tp_only
  [label] 2025-03-10 16:00 BCHUSDT entry=331.5800 → LONG | long=timeout(+1.59%) short=sl(-6.09%) | scanned=22 | no_tp→fwd_return=+1.6919
  [label] 2025-03-15 00:00 BCHUSDT entry=334.5600 → SHORT | long=timeout(-3.09%) short=sl(-5.14%) | scanned=22 | no_tp→fwd_return=-2.9890
  [label] 2025-03-25 16:00 BCHUSDT entry=335.8200 → SHORT | long=sl(-3.11%) short=tp(+5.91%) | scanned=7 | short_tp_only
  [label] 2025-05-10 00:00 BCHUSDT entry=419.6700 → SHORT | long=sl(-3.65%) short=tp(+7.01%) | scanned=15 | short_tp_only
  [label] 2025-05-18 16:00 BCHUSDT entry=406.3200 → SHORT | long=sl(-3.33%) short=tp(+6.35%) | scanned=1 | short_tp_only
  [label] 2025-08-18 00:00 BCHUSDT entry=566.4900 → LONG | long=sl(-2.98%) short=sl(-2.98%) | scanned=13 | no_tp→fwd_return=+5.2022
  [label] 2025-09-19 00:00 BCHUSDT entry=610.3600 → SHORT | long=sl(-2.51%) short=tp(+4.72%) | scanned=9 | short_tp_only
  [label] 2025-10-05 08:00 BCHUSDT entry=595.3800 → SHORT | long=sl(-2.31%) short=tp(+4.31%) | scanned=13 | short_tp_only
  [label] 2025-10-18 08:00 BCHUSDT entry=465.7000 → LONG | long=tp(+8.42%) short=sl(-4.36%) | scanned=9 | long_tp_only
  [label] 2025-11-06 00:00 BCHUSDT entry=478.1000 → LONG | long=tp(+7.96%) short=sl(-4.13%) | scanned=5 | long_tp_only
  [label] 2025-11-12 08:00 BCHUSDT entry=516.1000 → SHORT | long=sl(-3.45%) short=tp(+6.60%) | scanned=6 | short_tp_only
  [label] 2025-11-24 16:00 BCHUSDT entry=549.0300 → SHORT | long=sl(-4.42%) short=timeout(+4.70%) | scanned=22 | no_tp→fwd_return=-4.8048
  [label] 2026-01-03 16:00 BCHUSDT entry=654.1900 → SHORT | long=sl(-2.77%) short=timeout(+1.54%) | scanned=22 | no_tp→fwd_return=-1.6387
  [label] 2026-01-13 16:00 BCHUSDT entry=616.6500 → SHORT | long=sl(-2.85%) short=tp(+5.39%) | scanned=6 | short_tp_only
  [label] 2026-04-10 08:00 BCHUSDT entry=442.5700 → SHORT | long=sl(-2.07%) short=tp(+3.84%) | scanned=5 | short_tp_only
  Labels: 1070 long (48.9%), 1120 short (51.1%) | weights: min=1.02, mean=4.76, max=10.00
  Features: 2190/2190 matched, 13 columns
  CV gap: 22 rows
    [trial 0] 13 features, training_days=230 | threshold=0.779 | labels: 1070 long, 1120 short (49/51%)
    [CV fold 0] train_end=2024-08-23 00:00 | val_start=2024-08-30 16:00 | gap=184h (22 rows)
    [CV fold 1] train_end=2024-12-22 16:00 | val_start=2024-12-30 08:00 | gap=184h (22 rows)
    [CV fold 2] train_end=2025-04-23 08:00 | val_start=2025-05-01 00:00 | gap=184h (22 rows)
    [CV fold 3] train_end=2025-08-23 00:00 | val_start=2025-08-30 16:00 | gap=184h (22 rows)
    [CV fold 4] train_end=2025-12-22 16:00 | val_start=2025-12-30 08:00 | gap=184h (22 rows)
    [trial 0] Sharpe=-0.0576 (folds: -0.2321, -0.2538, 0.0556, 0.1715, -0.0293)
