[I 2026-05-07 00:29:29,019] Trial 1 finished with value: 0.19704222339679753 and parameters: {'confidence_threshold': 0.6929247853618086, 'training_days': 410, 'n_estimators': 233, 'max_depth': 5, 'num_leaves': 108, 'learning_rate': 0.013724237108071606, 'subsample': 0.7013182233636002, 'min_child_samples': 94, 'reg_alpha': 2.4040959529260723e-06, 'reg_lambda': 5.320966582161148}. Best is trial 1 with value: 0.19704222339679753.
[I 2026-05-07 00:29:29,093] Trial 2 finished with value: -0.01448067628066547 and parameters: {'confidence_threshold': 0.546341527225763, 'training_days': 270, 'n_estimators': 120, 'max_depth': 4, 'num_leaves': 53, 'learning_rate': 0.060197068579343475, 'subsample': 0.588227873455941, 'min_child_samples': 91, 'reg_alpha': 2.3457771824819002e-08, 'reg_lambda': 1.1358840775642732e-08}. Best is trial 1 with value: 0.19704222339679753.
[I 2026-05-07 00:29:29,282] Trial 3 finished with value: -0.012792377845493757 and parameters: {'confidence_threshold': 0.6000319676300473, 'training_days': 270, 'n_estimators': 382, 'max_depth': 4, 'num_leaves': 44, 'learning_rate': 0.09185046765032388, 'subsample': 0.6743651508646724, 'min_child_samples': 77, 'reg_alpha': 0.0013974578104212739, 'reg_lambda': 8.97190257982477e-08}. Best is trial 1 with value: 0.19704222339679753.
[I 2026-05-07 00:29:29,634] Trial 4 finished with value: 0.18682561969089423 and parameters: {'confidence_threshold': 0.7642618789055509, 'training_days': 390, 'n_estimators': 464, 'max_depth': 5, 'num_leaves': 30, 'learning_rate': 0.024562383309704932, 'subsample': 0.8612975035964376, 'min_child_samples': 36, 'reg_alpha': 1.593999300080167, 'reg_lambda': 0.006081270362829788}. Best is trial 1 with value: 0.19704222339679753.
[I 2026-05-07 00:29:29,764] Trial 5 finished with value: -0.018606390645521623 and parameters: {'confidence_threshold': 0.6029115860358569, 'training_days': 60, 'n_estimators': 441, 'max_depth': 3, 'num_leaves': 66, 'learning_rate': 0.044953114425778824, 'subsample': 0.7098948461279406, 'min_child_samples': 15, 'reg_alpha': 4.888753565548431e-07, 'reg_lambda': 4.198190642566389}. Best is trial 1 with value: 0.19704222339679753.
[I 2026-05-07 00:29:29,988] Trial 6 finished with value: 0.15380608889745245 and parameters: {'confidence_threshold': 0.7376932868314098, 'training_days': 290, 'n_estimators': 249, 'max_depth': 5, 'num_leaves': 121, 'learning_rate': 0.015565840632862623, 'subsample': 0.8390183783709677, 'min_child_samples': 19, 'reg_alpha': 1.860444687368747e-08, 'reg_lambda': 2.7391483548058117e-06}. Best is trial 1 with value: 0.19704222339679753.
[I 2026-05-07 00:29:30,023] Trial 7 finished with value: 0.008925802050619113 and parameters: {'confidence_threshold': 0.563503962036334, 'training_days': 70, 'n_estimators': 63, 'max_depth': 3, 'num_leaves': 47, 'learning_rate': 0.18074927623018475, 'subsample': 0.5059692991701257, 'min_child_samples': 9, 'reg_alpha': 3.6945804405602874e-08, 'reg_lambda': 0.027706035542028905}. Best is trial 1 with value: 0.19704222339679753.
[I 2026-05-07 00:29:30,105] Trial 8 finished with value: 0.20603412594070242 and parameters: {'confidence_threshold': 0.6525471176758836, 'training_days': 440, 'n_estimators': 116, 'max_depth': 4, 'num_leaves': 115, 'learning_rate': 0.010229952960863938, 'subsample': 0.5062159465415076, 'min_child_samples': 54, 'reg_alpha': 6.790626457822126e-06, 'reg_lambda': 1.7869141074987722e-05}. Best is trial 8 with value: 0.20603412594070242.
[I 2026-05-07 00:29:30,183] Trial 9 finished with value: -3.984270750279434 and parameters: {'confidence_threshold': 0.7277571993354469, 'training_days': 360, 'n_estimators': 75, 'max_depth': 5, 'num_leaves': 41, 'learning_rate': 0.014186743931212992, 'subsample': 0.7445187273047605, 'min_child_samples': 22, 'reg_alpha': 0.02393227447113315, 'reg_lambda': 0.009236766173618426}. Best is trial 8 with value: 0.20603412594070242.
[I 2026-05-07 00:29:30,502] A new study created in memory with name: no-name-a7257143-ac58-4a66-9238-86f2871fe89a
[I 2026-05-07 00:29:30,757] Trial 0 finished with value: 0.06884727434860385 and parameters: {'confidence_threshold': 0.7790993046299082, 'training_days': 230, 'n_estimators': 295, 'max_depth': 5, 'num_leaves': 83, 'learning_rate': 0.051543455158230854, 'subsample': 0.8773243492079463, 'min_child_samples': 10, 'reg_alpha': 0.034096514368237685, 'reg_lambda': 3.154180388637081e-05}. Best is trial 0 with value: 0.06884727434860385.
[I 2026-05-07 00:29:30,886] Trial 1 finished with value: 0.1720295419633459 and parameters: {'confidence_threshold': 0.6929247853618086, 'training_days': 410, 'n_estimators': 233, 'max_depth': 5, 'num_leaves': 108, 'learning_rate': 0.013724237108071606, 'subsample': 0.7013182233636002, 'min_child_samples': 94, 'reg_alpha': 2.4040959529260723e-06, 'reg_lambda': 5.320966582161148}. Best is trial 1 with value: 0.1720295419633459.
[I 2026-05-07 00:29:30,951] Trial 2 finished with value: 0.046319263486923945 and parameters: {'confidence_threshold': 0.546341527225763, 'training_days': 270, 'n_estimators': 120, 'max_depth': 4, 'num_leaves': 53, 'learning_rate': 0.060197068579343475, 'subsample': 0.588227873455941, 'min_child_samples': 91, 'reg_alpha': 2.3457771824819002e-08, 'reg_lambda': 1.1358840775642732e-08}. Best is trial 1 with value: 0.1720295419633459.
[I 2026-05-07 00:29:31,117] Trial 3 finished with value: 0.05736433727629604 and parameters: {'confidence_threshold': 0.6000319676300473, 'training_days': 270, 'n_estimators': 382, 'max_depth': 4, 'num_leaves': 44, 'learning_rate': 0.09185046765032388, 'subsample': 0.6743651508646724, 'min_child_samples': 77, 'reg_alpha': 0.0013974578104212739, 'reg_lambda': 8.97190257982477e-08}. Best is trial 1 with value: 0.1720295419633459.
[I 2026-05-07 00:29:31,452] Trial 4 finished with value: 0.13521500229712075 and parameters: {'confidence_threshold': 0.7642618789055509, 'training_days': 390, 'n_estimators': 464, 'max_depth': 5, 'num_leaves': 30, 'learning_rate': 0.024562383309704932, 'subsample': 0.8612975035964376, 'min_child_samples': 36, 'reg_alpha': 1.593999300080167, 'reg_lambda': 0.006081270362829788}. Best is trial 1 with value: 0.1720295419633459.
[I 2026-05-07 00:29:31,593] Trial 5 finished with value: -0.024671284582349934 and parameters: {'confidence_threshold': 0.6029115860358569, 'training_days': 60, 'n_estimators': 441, 'max_depth': 3, 'num_leaves': 66, 'learning_rate': 0.044953114425778824, 'subsample': 0.7098948461279406, 'min_child_samples': 15, 'reg_alpha': 4.888753565548431e-07, 'reg_lambda': 4.198190642566389}. Best is trial 1 with value: 0.1720295419633459.
[I 2026-05-07 00:29:31,821] Trial 6 finished with value: 0.11754231231010301 and parameters: {'confidence_threshold': 0.7376932868314098, 'training_days': 290, 'n_estimators': 249, 'max_depth': 5, 'num_leaves': 121, 'learning_rate': 0.015565840632862623, 'subsample': 0.8390183783709677, 'min_child_samples': 19, 'reg_alpha': 1.860444687368747e-08, 'reg_lambda': 2.7391483548058117e-06}. Best is trial 1 with value: 0.1720295419633459.
[I 2026-05-07 00:29:31,857] Trial 7 finished with value: 0.05108999389920993 and parameters: {'confidence_threshold': 0.563503962036334, 'training_days': 70, 'n_estimators': 63, 'max_depth': 3, 'num_leaves': 47, 'learning_rate': 0.18074927623018475, 'subsample': 0.5059692991701257, 'min_child_samples': 9, 'reg_alpha': 3.6945804405602874e-08, 'reg_lambda': 0.027706035542028905}. Best is trial 1 with value: 0.1720295419633459.
[I 2026-05-07 00:29:31,934] Trial 8 finished with value: 0.28881448726867914 and parameters: {'confidence_threshold': 0.6525471176758836, 'training_days': 440, 'n_estimators': 116, 'max_depth': 4, 'num_leaves': 115, 'learning_rate': 0.010229952960863938, 'subsample': 0.5062159465415076, 'min_child_samples': 54, 'reg_alpha': 6.790626457822126e-06, 'reg_lambda': 1.7869141074987722e-05}. Best is trial 8 with value: 0.28881448726867914.
[I 2026-05-07 00:29:32,011] Trial 9 finished with value: -2.0856428013691604 and parameters: {'confidence_threshold': 0.7277571993354469, 'training_days': 360, 'n_estimators': 75, 'max_depth': 5, 'num_leaves': 41, 'learning_rate': 0.014186743931212992, 'subsample': 0.7445187273047605, 'min_child_samples': 22, 'reg_alpha': 0.02393227447113315, 'reg_lambda': 0.009236766173618426}. Best is trial 8 with value: 0.28881448726867914.

    [CV fold 4] train_end=2022-01-18 16:00 | val_start=2022-01-26 08:00 | gap=184h (22 rows)
    [trial 0] Sharpe=0.0420 (folds: 0.3661, -0.1629, -0.0984, 0.1840, -0.0788)
    [trial 1] 13 features, training_days=410 | threshold=0.693 | labels: 1204 long, 971 short (55/45%)
    [trial 1] Sharpe=0.1970 (folds: 0.0893, -0.0500, 0.2022, 0.3344, 0.4094)
    [trial 2] 13 features, training_days=270 | threshold=0.546 | labels: 1204 long, 971 short (55/45%)
    [trial 2] Sharpe=-0.0145 (folds: 0.0418, -0.0151, -0.0463, 0.0063, -0.0591)
    [trial 3] 13 features, training_days=270 | threshold=0.600 | labels: 1204 long, 971 short (55/45%)
    [trial 3] Sharpe=-0.0128 (folds: 0.1466, -0.0942, -0.0491, 0.0093, -0.0765)
    [trial 4] 13 features, training_days=390 | threshold=0.764 | labels: 1204 long, 971 short (55/45%)
    [trial 4] Sharpe=0.1868 (folds: 0.3109, -0.1283, 0.0431, 0.4382, 0.2703)
    [trial 5] 13 features, training_days=60 | threshold=0.603 | labels: 1204 long, 971 short (55/45%)
    [trial 5] Sharpe=-0.0186 (folds: -0.0560, -0.0125, 0.1233, -0.0046, -0.1432)
    [trial 6] 13 features, training_days=290 | threshold=0.738 | labels: 1204 long, 971 short (55/45%)
    [trial 6] Sharpe=0.1538 (folds: 0.4092, -0.1608, -0.0081, 0.3377, 0.1910)
    [trial 7] 13 features, training_days=70 | threshold=0.564 | labels: 1204 long, 971 short (55/45%)
    [trial 7] Sharpe=0.0089 (folds: 0.1234, -0.1269, 0.1944, -0.0135, -0.1328)
    [trial 8] 13 features, training_days=440 | threshold=0.653 | labels: 1204 long, 971 short (55/45%)
    [trial 8] Sharpe=0.2060 (folds: 0.0779, -0.0664, 0.1389, 0.3256, 0.5542)
    [trial 9] 13 features, training_days=360 | threshold=0.728 | labels: 1204 long, 971 short (55/45%)
    [trial 9] Sharpe=-3.9843 (folds: 0.2870, -0.3697, -10.0000, -10.0000, 0.1614)
  Optuna: 10 trials, best Sharpe = 0.2060
  Best params: n_estimators=116, max_depth=4, lr=0.0102, leaves=115
  Best confidence_threshold: 0.653
  Best training_days: 440
  Retrained on full data (1305 samples, 13 features)
  Model trained for 2022-06: 90 test candles with features, confidence_threshold=0.653
[predict] 2022-06-01 16:00 TRXUSDT → LONG (proba=0.78 TP=9.6%/SL=4.8%)
[trade:open] 2022-06-01 23:59 TRXUSDT LONG @ 0.08 | SL=0.08 TP=0.09 | timeout=2022-06-08 23:59
[trade:close] 2022-06-04 07:59 TRXUSDT LONG → stop_loss @ 0.08 | PnL=-4.78% (net -4.88%) | cum=-3.86% 2022-06=-4.88% 2022-06-04=-4.88%
[lgbm] === Training for 2022-07 ===
  Train window: 2020-07-01 → 2022-07-01
  2175 training samples from 1 symbols
  Samples per month: 2020-07: 93, 2020-08: 93, 2020-09: 90, 2020-10: 93, 2020-11: 90, 2020-12: 93, 2021-01: 93, 2021-02: 84, 2021-03: 93, 2021-04: 90, 2021-05: 93, 2021-06: 90, 2021-07: 93, 2021-08: 93, 2021-09: 90, 2021-10: 93, 2021-11: 90, 2021-12: 93, 2022-01: 93, 2022-02: 75, 2022-03: 93, 2022-04: 84, 2022-05: 93, 2022-06: 90
  [label] 2020-08-31 16:00 TRXUSDT entry=0.0292 → LONG | long=tp(+8.96%) short=sl(-4.63%) | scanned=3 | long_tp_only
  [label] 2020-09-03 00:00 TRXUSDT entry=0.0375 → LONG | long=tp(+11.75%) short=sl(-6.02%) | scanned=2 | long_tp_only
  [label] 2020-09-06 16:00 TRXUSDT entry=0.0314 → SHORT | long=timeout(-2.78%) short=sl(-11.62%) | scanned=22 | no_tp→fwd_return=-2.6752
  [label] 2020-10-01 16:00 TRXUSDT entry=0.0258 → LONG | long=sl(-3.89%) short=sl(-3.89%) | scanned=4 | no_tp→fwd_return=+3.9907
  [label] 2020-11-23 00:00 TRXUSDT entry=0.0296 → LONG | long=tp(+7.58%) short=sl(-3.94%) | scanned=2 | long_tp_only
  [label] 2021-05-08 16:00 TRXUSDT entry=0.1431 → SHORT | long=sl(-7.03%) short=tp(+13.77%) | scanned=6 | short_tp_only
  [label] 2021-05-12 16:00 TRXUSDT entry=0.1189 → LONG | long=sl(-8.66%) short=sl(-8.66%) | scanned=11 | no_tp→fwd_return=+2.7584
  [label] 2021-05-23 08:00 TRXUSDT entry=0.0605 → LONG | long=tp(+33.96%) short=sl(-17.13%) | scanned=8 | long_tp_only
  [label] 2021-07-07 08:00 TRXUSDT entry=0.0651 → SHORT | long=sl(-3.78%) short=tp(+7.27%) | scanned=4 | short_tp_only
  [label] 2021-07-16 00:00 TRXUSDT entry=0.0578 → SHORT | long=sl(-3.49%) short=tp(+6.67%) | scanned=10 | short_tp_only
  [label] 2021-10-14 16:00 TRXUSDT entry=0.0974 → LONG | long=tp(+6.56%) short=sl(-3.43%) | scanned=17 | long_tp_only
  [label] 2021-11-15 16:00 TRXUSDT entry=0.1239 → SHORT | long=sl(-3.60%) short=tp(+6.90%) | scanned=1 | short_tp_only
  [label] 2021-12-01 16:00 TRXUSDT entry=0.0969 → SHORT | long=sl(-3.62%) short=sl(-3.62%) | scanned=7 | no_tp→fwd_return=-15.8634
  [label] 2021-12-14 16:00 TRXUSDT entry=0.0870 → SHORT | long=sl(-3.83%) short=tp(+7.37%) | scanned=8 | short_tp_only
  [label] 2022-01-02 00:00 TRXUSDT entry=0.0763 → SHORT | long=sl(-2.86%) short=tp(+5.41%) | scanned=11 | short_tp_only
  [label] 2022-01-08 08:00 TRXUSDT entry=0.0668 → SHORT | long=sl(-3.46%) short=tp(+6.62%) | scanned=6 | short_tp_only
  [label] 2022-01-20 16:00 TRXUSDT entry=0.0676 → SHORT | long=sl(-3.29%) short=tp(+6.29%) | scanned=3 | short_tp_only
  [label] 2022-03-04 08:00 TRXUSDT entry=0.0588 → LONG | long=timeout(+2.01%) short=sl(-3.51%) | scanned=22 | no_tp→fwd_return=+2.1099
  [label] 2022-03-14 08:00 TRXUSDT entry=0.0600 → LONG | long=timeout(+2.23%) short=sl(-2.57%) | scanned=22 | no_tp→fwd_return=+2.3322
  [label] 2022-06-10 16:00 TRXUSDT entry=0.0788 → SHORT | long=sl(-3.47%) short=tp(+6.63%) | scanned=7 | short_tp_only
  Labels: 1207 long (55.5%), 968 short (44.5%) | weights: min=1.00, mean=2.94, max=10.00
  Features: 2175/2175 matched, 13 columns
  CV gap: 22 rows
    [trial 0] 13 features, training_days=230 | threshold=0.779 | labels: 1207 long, 968 short (55/45%)
    [CV fold 0] train_end=2020-10-23 00:00 | val_start=2020-10-30 16:00 | gap=184h (22 rows)
    [CV fold 1] train_end=2021-02-20 16:00 | val_start=2021-02-28 08:00 | gap=184h (22 rows)
    [CV fold 2] train_end=2021-06-21 08:00 | val_start=2021-06-29 00:00 | gap=184h (22 rows)
    [CV fold 3] train_end=2021-10-20 00:00 | val_start=2021-10-27 16:00 | gap=184h (22 rows)
    [CV fold 4] train_end=2022-02-17 16:00 | val_start=2022-02-25 08:00 | gap=184h (22 rows)
    [trial 0] Sharpe=0.0688 (folds: 0.1697, -0.0139, 0.2353, 0.4440, -0.4908)
    [trial 1] 13 features, training_days=410 | threshold=0.693 | labels: 1207 long, 968 short (55/45%)
    [trial 1] Sharpe=0.1720 (folds: 0.4034, -0.1070, 0.3162, -0.0007, 0.2483)
    [trial 2] 13 features, training_days=270 | threshold=0.546 | labels: 1207 long, 968 short (55/45%)
    [trial 2] Sharpe=0.0463 (folds: 0.2719, -0.0438, -0.0513, 0.1766, -0.1218)
    [trial 3] 13 features, training_days=270 | threshold=0.600 | labels: 1207 long, 968 short (55/45%)
    [trial 3] Sharpe=0.0574 (folds: 0.3071, -0.0646, 0.0729, 0.1852, -0.2138)
    [trial 4] 13 features, training_days=390 | threshold=0.764 | labels: 1207 long, 968 short (55/45%)
    [trial 4] Sharpe=0.1352 (folds: 0.1744, -0.0900, 0.0917, 0.3019, 0.1981)
    [trial 5] 13 features, training_days=60 | threshold=0.603 | labels: 1207 long, 968 short (55/45%)
    [trial 5] Sharpe=-0.0247 (folds: 0.1890, -0.1403, -0.0319, -0.0993, -0.0408)
    [trial 6] 13 features, training_days=290 | threshold=0.738 | labels: 1207 long, 968 short (55/45%)
    [trial 6] Sharpe=0.1175 (folds: 0.2248, 0.1547, 0.2011, 0.4005, -0.3934)
    [trial 7] 13 features, training_days=70 | threshold=0.564 | labels: 1207 long, 968 short (55/45%)
    [trial 7] Sharpe=0.0511 (folds: 0.2963, -0.0498, -0.0319, -0.1112, 0.1520)
    [trial 8] 13 features, training_days=440 | threshold=0.653 | labels: 1207 long, 968 short (55/45%)
    [trial 8] Sharpe=0.2888 (folds: 0.4572, 0.0777, 0.3849, 0.4140, 0.1103)
    [trial 9] 13 features, training_days=360 | threshold=0.728 | labels: 1207 long, 968 short (55/45%)
    [trial 9] Sharpe=-2.0856 (folds: 0.5017, -0.9724, 0.2318, -10.0000, -0.1893)
  Optuna: 10 trials, best Sharpe = 0.2888
  Best params: n_estimators=116, max_depth=4, lr=0.0102, leaves=115
  Best confidence_threshold: 0.653
  Best training_days: 440
  Retrained on full data (1305 samples, 13 features)
  Model trained for 2022-07: 93 test candles with features, confidence_threshold=0.653
[lgbm] === Training for 2022-08 ===
  Train window: 2020-08-01 → 2022-08-01[I 2026-05-07 00:29:32,352] A new study created in memory with name: no-name-7ca0670e-0f50-40a9-9b48-2ae436ae717e
[I 2026-05-07 00:29:32,595] Trial 0 finished with value: -0.016331308497970577 and parameters: {'confidence_threshold': 0.7790993046299082, 'training_days': 230, 'n_estimators': 295, 'max_depth': 5, 'num_leaves': 83, 'learning_rate': 0.051543455158230854, 'subsample': 0.8773243492079463, 'min_child_samples': 10, 'reg_alpha': 0.034096514368237685, 'reg_lambda': 3.154180388637081e-05}. Best is trial 0 with value: -0.016331308497970577.
[I 2026-05-07 00:29:32,729] Trial 1 finished with value: 0.07347893116560109 and parameters: {'confidence_threshold': 0.6929247853618086, 'training_days': 410, 'n_estimators': 233, 'max_depth': 5, 'num_leaves': 108, 'learning_rate': 0.013724237108071606, 'subsample': 0.7013182233636002, 'min_child_samples': 94, 'reg_alpha': 2.4040959529260723e-06, 'reg_lambda': 5.320966582161148}. Best is trial 1 with value: 0.07347893116560109.
[I 2026-05-07 00:29:32,794] Trial 2 finished with value: -0.02824478874985522 and parameters: {'confidence_threshold': 0.546341527225763, 'training_days': 270, 'n_estimators': 120, 'max_depth': 4, 'num_leaves': 53, 'learning_rate': 0.060197068579343475, 'subsample': 0.588227873455941, 'min_child_samples': 91, 'reg_alpha': 2.3457771824819002e-08, 'reg_lambda': 1.1358840775642732e-08}. Best is trial 1 with value: 0.07347893116560109.
[I 2026-05-07 00:29:32,981] Trial 3 finished with value: 0.02196309970945511 and parameters: {'confidence_threshold': 0.6000319676300473, 'training_days': 270, 'n_estimators': 382, 'max_depth': 4, 'num_leaves': 44, 'learning_rate': 0.09185046765032388, 'subsample': 0.6743651508646724, 'min_child_samples': 77, 'reg_alpha': 0.0013974578104212739, 'reg_lambda': 8.97190257982477e-08}. Best is trial 1 with value: 0.07347893116560109.
[I 2026-05-07 00:29:33,342] Trial 4 finished with value: 0.05115688895788815 and parameters: {'confidence_threshold': 0.7642618789055509, 'training_days': 390, 'n_estimators': 464, 'max_depth': 5, 'num_leaves': 30, 'learning_rate': 0.024562383309704932, 'subsample': 0.8612975035964376, 'min_child_samples': 36, 'reg_alpha': 1.593999300080167, 'reg_lambda': 0.006081270362829788}. Best is trial 1 with value: 0.07347893116560109.
[I 2026-05-07 00:29:33,476] Trial 5 finished with value: 0.01667206830207969 and parameters: {'confidence_threshold': 0.6029115860358569, 'training_days': 60, 'n_estimators': 441, 'max_depth': 3, 'num_leaves': 66, 'learning_rate': 0.044953114425778824, 'subsample': 0.7098948461279406, 'min_child_samples': 15, 'reg_alpha': 4.888753565548431e-07, 'reg_lambda': 4.198190642566389}. Best is trial 1 with value: 0.07347893116560109.
[I 2026-05-07 00:29:33,673] Trial 6 finished with value: -0.03984821135387333 and parameters: {'confidence_threshold': 0.7376932868314098, 'training_days': 290, 'n_estimators': 249, 'max_depth': 5, 'num_leaves': 121, 'learning_rate': 0.015565840632862623, 'subsample': 0.8390183783709677, 'min_child_samples': 19, 'reg_alpha': 1.860444687368747e-08, 'reg_lambda': 2.7391483548058117e-06}. Best is trial 1 with value: 0.07347893116560109.
[I 2026-05-07 00:29:33,712] Trial 7 finished with value: 0.07611655036503615 and parameters: {'confidence_threshold': 0.563503962036334, 'training_days': 70, 'n_estimators': 63, 'max_depth': 3, 'num_leaves': 47, 'learning_rate': 0.18074927623018475, 'subsample': 0.5059692991701257, 'min_child_samples': 9, 'reg_alpha': 3.6945804405602874e-08, 'reg_lambda': 0.027706035542028905}. Best is trial 7 with value: 0.07611655036503615.
[I 2026-05-07 00:29:33,791] Trial 8 finished with value: 0.28096090309642396 and parameters: {'confidence_threshold': 0.6525471176758836, 'training_days': 440, 'n_estimators': 116, 'max_depth': 4, 'num_leaves': 115, 'learning_rate': 0.010229952960863938, 'subsample': 0.5062159465415076, 'min_child_samples': 54, 'reg_alpha': 6.790626457822126e-06, 'reg_lambda': 1.7869141074987722e-05}. Best is trial 8 with value: 0.28096090309642396.
