[I 2026-05-07 00:27:46,982] Trial 1 finished with value: -0.07424806870102799 and parameters: {'confidence_threshold': 0.6929247853618086, 'training_days': 410, 'n_estimators': 233, 'max_depth': 5, 'num_leaves': 108, 'learning_rate': 0.013724237108071606, 'subsample': 0.7013182233636002, 'min_child_samples': 94, 'reg_alpha': 2.4040959529260723e-06, 'reg_lambda': 5.320966582161148}. Best is trial 0 with value: 0.05226432846623039.
[I 2026-05-07 00:27:47,047] Trial 2 finished with value: 0.03190751345943803 and parameters: {'confidence_threshold': 0.546341527225763, 'training_days': 270, 'n_estimators': 120, 'max_depth': 4, 'num_leaves': 53, 'learning_rate': 0.060197068579343475, 'subsample': 0.588227873455941, 'min_child_samples': 91, 'reg_alpha': 2.3457771824819002e-08, 'reg_lambda': 1.1358840775642732e-08}. Best is trial 0 with value: 0.05226432846623039.
[I 2026-05-07 00:27:47,233] Trial 3 finished with value: -0.04416097280426523 and parameters: {'confidence_threshold': 0.6000319676300473, 'training_days': 270, 'n_estimators': 382, 'max_depth': 4, 'num_leaves': 44, 'learning_rate': 0.09185046765032388, 'subsample': 0.6743651508646724, 'min_child_samples': 77, 'reg_alpha': 0.0013974578104212739, 'reg_lambda': 8.97190257982477e-08}. Best is trial 0 with value: 0.05226432846623039.
[I 2026-05-07 00:27:47,575] Trial 4 finished with value: -0.004257232683184698 and parameters: {'confidence_threshold': 0.7642618789055509, 'training_days': 390, 'n_estimators': 464, 'max_depth': 5, 'num_leaves': 30, 'learning_rate': 0.024562383309704932, 'subsample': 0.8612975035964376, 'min_child_samples': 36, 'reg_alpha': 1.593999300080167, 'reg_lambda': 0.006081270362829788}. Best is trial 0 with value: 0.05226432846623039.
[I 2026-05-07 00:27:47,734] Trial 5 finished with value: 0.06859369372956883 and parameters: {'confidence_threshold': 0.6029115860358569, 'training_days': 60, 'n_estimators': 441, 'max_depth': 3, 'num_leaves': 66, 'learning_rate': 0.044953114425778824, 'subsample': 0.7098948461279406, 'min_child_samples': 15, 'reg_alpha': 4.888753565548431e-07, 'reg_lambda': 4.198190642566389}. Best is trial 5 with value: 0.06859369372956883.
[I 2026-05-07 00:27:47,941] Trial 6 finished with value: 0.04222364038244555 and parameters: {'confidence_threshold': 0.7376932868314098, 'training_days': 290, 'n_estimators': 249, 'max_depth': 5, 'num_leaves': 121, 'learning_rate': 0.015565840632862623, 'subsample': 0.8390183783709677, 'min_child_samples': 19, 'reg_alpha': 1.860444687368747e-08, 'reg_lambda': 2.7391483548058117e-06}. Best is trial 5 with value: 0.06859369372956883.
[I 2026-05-07 00:27:47,977] Trial 7 finished with value: -0.008182491928911188 and parameters: {'confidence_threshold': 0.563503962036334, 'training_days': 70, 'n_estimators': 63, 'max_depth': 3, 'num_leaves': 47, 'learning_rate': 0.18074927623018475, 'subsample': 0.5059692991701257, 'min_child_samples': 9, 'reg_alpha': 3.6945804405602874e-08, 'reg_lambda': 0.027706035542028905}. Best is trial 5 with value: 0.06859369372956883.
[I 2026-05-07 00:27:48,051] Trial 8 finished with value: -0.21119884083654905 and parameters: {'confidence_threshold': 0.6525471176758836, 'training_days': 440, 'n_estimators': 116, 'max_depth': 4, 'num_leaves': 115, 'learning_rate': 0.010229952960863938, 'subsample': 0.5062159465415076, 'min_child_samples': 54, 'reg_alpha': 6.790626457822126e-06, 'reg_lambda': 1.7869141074987722e-05}. Best is trial 5 with value: 0.06859369372956883.
[I 2026-05-07 00:27:48,133] Trial 9 finished with value: -1.970469369248486 and parameters: {'confidence_threshold': 0.7277571993354469, 'training_days': 360, 'n_estimators': 75, 'max_depth': 5, 'num_leaves': 41, 'learning_rate': 0.014186743931212992, 'subsample': 0.7445187273047605, 'min_child_samples': 22, 'reg_alpha': 0.02393227447113315, 'reg_lambda': 0.009236766173618426}. Best is trial 5 with value: 0.06859369372956883.
[I 2026-05-07 00:27:48,370] A new study created in memory with name: no-name-7b580621-e18d-4e2b-afde-22dea6c2e321
[I 2026-05-07 00:27:48,630] Trial 0 finished with value: -0.0457253713195358 and parameters: {'confidence_threshold': 0.7790993046299082, 'training_days': 230, 'n_estimators': 295, 'max_depth': 5, 'num_leaves': 83, 'learning_rate': 0.051543455158230854, 'subsample': 0.8773243492079463, 'min_child_samples': 10, 'reg_alpha': 0.034096514368237685, 'reg_lambda': 3.154180388637081e-05}. Best is trial 0 with value: -0.0457253713195358.
[I 2026-05-07 00:27:48,765] Trial 1 finished with value: -0.07864658623271036 and parameters: {'confidence_threshold': 0.6929247853618086, 'training_days': 410, 'n_estimators': 233, 'max_depth': 5, 'num_leaves': 108, 'learning_rate': 0.013724237108071606, 'subsample': 0.7013182233636002, 'min_child_samples': 94, 'reg_alpha': 2.4040959529260723e-06, 'reg_lambda': 5.320966582161148}. Best is trial 0 with value: -0.0457253713195358.
[I 2026-05-07 00:27:48,828] Trial 2 finished with value: -0.03518306631032984 and parameters: {'confidence_threshold': 0.546341527225763, 'training_days': 270, 'n_estimators': 120, 'max_depth': 4, 'num_leaves': 53, 'learning_rate': 0.060197068579343475, 'subsample': 0.588227873455941, 'min_child_samples': 91, 'reg_alpha': 2.3457771824819002e-08, 'reg_lambda': 1.1358840775642732e-08}. Best is trial 2 with value: -0.03518306631032984.

  [label] 2023-08-27 16:00 BCHUSDT entry=197.6100 → LONG | long=sl(-3.03%) short=sl(-3.03%) | scanned=5 | no_tp→fwd_return=+4.9997
  [label] 2023-10-06 16:00 BCHUSDT entry=230.6600 → SHORT | long=sl(-3.30%) short=tp(+6.31%) | scanned=8 | short_tp_only
  [label] 2023-10-16 16:00 BCHUSDT entry=230.6700 → LONG | long=sl(-3.05%) short=sl(-3.05%) | scanned=10 | no_tp→fwd_return=+2.8049
  [label] 2024-01-11 08:00 BCHUSDT entry=275.2200 → SHORT | long=sl(-4.62%) short=sl(-4.62%) | scanned=4 | no_tp→fwd_return=-5.8390
  Labels: 998 long (45.6%), 1192 short (54.4%) | weights: min=1.00, mean=3.47, max=10.00
  Features: 2190/2190 matched, 13 columns
  CV gap: 22 rows
    [trial 0] 13 features, training_days=230 | threshold=0.779 | labels: 998 long, 1192 short (46/54%)
    [CV fold 0] train_end=2022-05-26 00:00 | val_start=2022-06-02 16:00 | gap=184h (22 rows)
    [CV fold 1] train_end=2022-09-24 16:00 | val_start=2022-10-02 08:00 | gap=184h (22 rows)
    [CV fold 2] train_end=2023-01-24 08:00 | val_start=2023-02-01 00:00 | gap=184h (22 rows)
    [CV fold 3] train_end=2023-05-26 00:00 | val_start=2023-06-02 16:00 | gap=184h (22 rows)
    [CV fold 4] train_end=2023-09-24 16:00 | val_start=2023-10-02 08:00 | gap=184h (22 rows)
    [trial 0] Sharpe=0.0523 (folds: 0.2673, -0.0768, 0.0984, -0.1259, 0.0984)
    [trial 1] 13 features, training_days=410 | threshold=0.693 | labels: 998 long, 1192 short (46/54%)
    [trial 1] Sharpe=-0.0742 (folds: 0.1929, -0.2324, 0.0333, -0.4204, 0.0554)
    [trial 2] 13 features, training_days=270 | threshold=0.546 | labels: 998 long, 1192 short (46/54%)
    [trial 2] Sharpe=0.0319 (folds: 0.1268, -0.1149, 0.1430, -0.1104, 0.1150)
    [trial 3] 13 features, training_days=270 | threshold=0.600 | labels: 998 long, 1192 short (46/54%)
    [trial 3] Sharpe=-0.0442 (folds: 0.0658, -0.0976, 0.0033, -0.0927, -0.0997)
    [trial 4] 13 features, training_days=390 | threshold=0.764 | labels: 998 long, 1192 short (46/54%)
    [trial 4] Sharpe=-0.0043 (folds: 0.1968, -0.1589, 0.1200, -0.2704, 0.0912)
    [trial 5] 13 features, training_days=60 | threshold=0.603 | labels: 998 long, 1192 short (46/54%)
    [trial 5] Sharpe=0.0686 (folds: 0.1600, 0.1093, 0.1712, -0.1950, 0.0975)
    [trial 6] 13 features, training_days=290 | threshold=0.738 | labels: 998 long, 1192 short (46/54%)
    [trial 6] Sharpe=0.0422 (folds: 0.2336, -0.2014, 0.2675, -0.1519, 0.0634)
    [trial 7] 13 features, training_days=70 | threshold=0.564 | labels: 998 long, 1192 short (46/54%)
    [trial 7] Sharpe=-0.0082 (folds: 0.1047, 0.0524, -0.0396, -0.1513, -0.0071)
    [trial 8] 13 features, training_days=440 | threshold=0.653 | labels: 998 long, 1192 short (46/54%)
    [trial 8] Sharpe=-0.2112 (folds: 0.0529, -0.0933, 0.0636, -0.3520, -0.7272)
    [trial 9] 13 features, training_days=360 | threshold=0.728 | labels: 998 long, 1192 short (46/54%)
    [trial 9] Sharpe=-1.9705 (folds: 0.2230, -0.0540, -10.0000, 0.7480, -0.7693)
  Optuna: 10 trials, best Sharpe = 0.0686
  Best params: n_estimators=441, max_depth=3, lr=0.0450, leaves=66
  Best confidence_threshold: 0.603
  Best training_days: 60
  Retrained on full data (180 samples, 13 features)
  Model trained for 2024-02: 87 test candles with features, confidence_threshold=0.603
[predict] 2024-02-16 08:00 BCHUSDT → SHORT (proba=0.98 TP=6.3%/SL=3.1%)
[trade:open] 2024-02-16 15:59 BCHUSDT SHORT @ 273.86 | SL=282.42 TP=256.73 | timeout=2024-02-23 15:59
[trade:close] 2024-02-20 15:59 BCHUSDT SHORT → take_profit @ 256.73 | PnL=+6.25% (net +6.15%) | cum=+26.50% 2024-02=+6.15% 2024-02-20=+6.15%
[predict] 2024-02-28 08:00 BCHUSDT → SHORT (proba=1.00 TP=6.2%/SL=3.1%)
[trade:open] 2024-02-28 15:59 BCHUSDT SHORT @ 303.24 | SL=312.69 TP=284.34 | timeout=2024-03-06 15:59
[trade:close] 2024-02-28 23:59 BCHUSDT SHORT → stop_loss @ 312.69 | PnL=-3.12% (net -3.22%) | cum=+23.29% 2024-02=+2.94% 2024-02-28=-3.22%
[lgbm] === Training for 2024-03 ===
  Train window: 2022-03-01 → 2024-03-01
  2193 training samples from 1 symbols
  Samples per month: 2022-03: 93, 2022-04: 90, 2022-05: 93, 2022-06: 90, 2022-07: 93, 2022-08: 93, 2022-09: 90, 2022-10: 93, 2022-11: 90, 2022-12: 93, 2023-01: 93, 2023-02: 84, 2023-03: 93, 2023-04: 90, 2023-05: 93, 2023-06: 90, 2023-07: 93, 2023-08: 93, 2023-09: 90, 2023-10: 93, 2023-11: 90, 2023-12: 93, 2024-01: 93, 2024-02: 87
  [label] 2022-05-02 08:00 BCHUSDT entry=284.6100 → SHORT | long=sl(-3.64%) short=sl(-3.64%) | scanned=10 | no_tp→fwd_return=-2.6773
  [label] 2022-05-04 16:00 BCHUSDT entry=299.6400 → SHORT | long=sl(-3.30%) short=tp(+6.30%) | scanned=2 | short_tp_only
  [label] 2022-05-08 08:00 BCHUSDT entry=262.5000 → SHORT | long=sl(-3.69%) short=tp(+7.08%) | scanned=3 | short_tp_only
  [label] 2022-06-02 08:00 BCHUSDT entry=187.1300 → SHORT | long=sl(-5.15%) short=timeout(+5.14%) | scanned=22 | no_tp→fwd_return=-5.2423
  [label] 2022-07-25 08:00 BCHUSDT entry=123.7900 → LONG | long=sl(-4.62%) short=sl(-4.62%) | scanned=8 | no_tp→fwd_return=+14.8639
  [label] 2023-01-09 08:00 BCHUSDT entry=107.0100 → LONG | long=tp(+3.17%) short=sl(-1.74%) | scanned=8 | long_tp_only
  [label] 2023-01-13 08:00 BCHUSDT entry=124.6800 → LONG | long=tp(+5.14%) short=sl(-2.72%) | scanned=2 | long_tp_only
  [label] 2023-01-24 00:00 BCHUSDT entry=136.2000 → SHORT | long=sl(-3.18%) short=tp(+6.05%) | scanned=2 | short_tp_only
  [label] 2023-03-10 08:00 BCHUSDT entry=109.5900 → LONG | long=tp(+6.89%) short=sl(-3.60%) | scanned=7 | long_tp_only
  [label] 2023-03-19 00:00 BCHUSDT entry=133.1300 → SHORT | long=sl(-3.42%) short=sl(-3.42%) | scanned=6 | no_tp→fwd_return=-4.7322
  [label] 2023-06-18 16:00 BCHUSDT entry=106.9100 → LONG | long=tp(+4.65%) short=sl(-2.47%) | scanned=7 | long_tp_only
  [label] 2023-07-20 16:00 BCHUSDT entry=243.9700 → SHORT | long=sl(-4.74%) short=sl(-4.74%) | scanned=13 | no_tp→fwd_return=-4.3161
  [label] 2023-08-06 00:00 BCHUSDT entry=227.0700 → LONG | long=sl(-3.05%) short=sl(-3.05%) | scanned=3 | no_tp→fwd_return=+1.3124
  [label] 2023-08-19 00:00 BCHUSDT entry=188.2000 → SHORT | long=sl(-4.46%) short=sl(-4.46%) | scanned=11 | no_tp→fwd_return=-1.7800
  [label] 2023-09-06 16:00 BCHUSDT entry=193.0100 → SHORT | long=sl(-3.32%) short=tp(+6.33%) | scanned=15 | short_tp_only
  [label] 2023-09-13 00:00 BCHUSDT entry=200.1500 → LONG | long=tp(+6.39%) short=sl(-3.35%) | scanned=6 | long_tp_only
  [label] 2023-09-25 08:00 BCHUSDT entry=211.8100 → LONG | long=tp(+5.29%) short=sl(-2.79%) | scanned=6 | long_tp_only
  [label] 2023-11-04 08:00 BCHUSDT entry=236.5500 → LONG | long=tp(+5.94%) short=sl(-3.12%) | scanned=9 | long_tp_only
  [label] 2023-11-14 08:00 BCHUSDT entry=235.4000 → LONG | long=sl(-3.43%) short=sl(-3.43%) | scanned=5 | no_tp→fwd_return=+2.1113
  [label] 2024-02-09 08:00 BCHUSDT entry=251.5300 → LONG | long=sl(-1.82%) short=sl(-1.82%) | scanned=5 | no_tp→fwd_return=+7.4981
  Labels: 1021 long (46.6%), 1172 short (53.4%) | weights: min=1.00, mean=3.44, max=10.00
  Features: 2193/2193 matched, 13 columns
  CV gap: 22 rows
    [trial 0] 13 features, training_days=230 | threshold=0.779 | labels: 1021 long, 1172 short (47/53%)
    [CV fold 0] train_end=2022-06-24 00:00 | val_start=2022-07-01 16:00 | gap=184h (22 rows)
    [CV fold 1] train_end=2022-10-23 16:00 | val_start=2022-10-31 08:00 | gap=184h (22 rows)
    [CV fold 2] train_end=2023-02-22 08:00 | val_start=2023-03-02 00:00 | gap=184h (22 rows)
    [CV fold 3] train_end=2023-06-24 00:00 | val_start=2023-07-01 16:00 | gap=184h (22 rows)
    [CV fold 4] train_end=2023-10-23 16:00 | val_start=2023-10-31 08:00 | gap=184h (22 rows)
    [trial 0] Sharpe=-0.0457 (folds: -0.0386, 0.0905, -0.0405, -0.1141, -0.1259)
    [trial 1] 13 features, training_days=410 | threshold=0.693 | labels: 1021 long, 1172 short (47/53%)
    [trial 1] Sharpe=-0.0786 (folds: -0.0170, 0.0157, -0.0492, -0.3319, -0.0108)
    [trial 2] 13 features, training_days=270 | threshold=0.546 | labels: 1021 long, 1172 short (47/53%)
    [trial 2] Sharpe=-0.0352 (folds: -0.0161, -0.0454, -0.1386, -0.0321, 0.0564)
    [trial 3] 13 features, training_days=270 | threshold=0.600 | labels: 1021 long, 1172 short (47/53%)[I 2026-05-07 00:27:49,012] Trial 3 finished with value: -0.0789211630383572 and parameters: {'confidence_threshold': 0.6000319676300473, 'training_days': 270, 'n_estimators': 382, 'max_depth': 4, 'num_leaves': 44, 'learning_rate': 0.09185046765032388, 'subsample': 0.6743651508646724, 'min_child_samples': 77, 'reg_alpha': 0.0013974578104212739, 'reg_lambda': 8.97190257982477e-08}. Best is trial 2 with value: -0.03518306631032984.
[I 2026-05-07 00:27:49,414] Trial 4 finished with value: 0.006509279403195542 and parameters: {'confidence_threshold': 0.7642618789055509, 'training_days': 390, 'n_estimators': 464, 'max_depth': 5, 'num_leaves': 30, 'learning_rate': 0.024562383309704932, 'subsample': 0.8612975035964376, 'min_child_samples': 36, 'reg_alpha': 1.593999300080167, 'reg_lambda': 0.006081270362829788}. Best is trial 4 with value: 0.006509279403195542.
[I 2026-05-07 00:27:49,575] Trial 5 finished with value: 0.004621556970847582 and parameters: {'confidence_threshold': 0.6029115860358569, 'training_days': 60, 'n_estimators': 441, 'max_depth': 3, 'num_leaves': 66, 'learning_rate': 0.044953114425778824, 'subsample': 0.7098948461279406, 'min_child_samples': 15, 'reg_alpha': 4.888753565548431e-07, 'reg_lambda': 4.198190642566389}. Best is trial 4 with value: 0.006509279403195542.
[I 2026-05-07 00:27:49,791] Trial 6 finished with value: -0.017997074698889615 and parameters: {'confidence_threshold': 0.7376932868314098, 'training_days': 290, 'n_estimators': 249, 'max_depth': 5, 'num_leaves': 121, 'learning_rate': 0.015565840632862623, 'subsample': 0.8390183783709677, 'min_child_samples': 19, 'reg_alpha': 1.860444687368747e-08, 'reg_lambda': 2.7391483548058117e-06}. Best is trial 4 with value: 0.006509279403195542.
[I 2026-05-07 00:27:49,826] Trial 7 finished with value: -0.036815807933442656 and parameters: {'confidence_threshold': 0.563503962036334, 'training_days': 70, 'n_estimators': 63, 'max_depth': 3, 'num_leaves': 47, 'learning_rate': 0.18074927623018475, 'subsample': 0.5059692991701257, 'min_child_samples': 9, 'reg_alpha': 3.6945804405602874e-08, 'reg_lambda': 0.027706035542028905}. Best is trial 4 with value: 0.006509279403195542.
[I 2026-05-07 00:27:49,905] Trial 8 finished with value: -0.07823208198147122 and parameters: {'confidence_threshold': 0.6525471176758836, 'training_days': 440, 'n_estimators': 116, 'max_depth': 4, 'num_leaves': 115, 'learning_rate': 0.010229952960863938, 'subsample': 0.5062159465415076, 'min_child_samples': 54, 'reg_alpha': 6.790626457822126e-06, 'reg_lambda': 1.7869141074987722e-05}. Best is trial 4 with value: 0.006509279403195542.
[I 2026-05-07 00:27:49,992] Trial 9 finished with value: -1.9413017822675243 and parameters: {'confidence_threshold': 0.7277571993354469, 'training_days': 360, 'n_estimators': 75, 'max_depth': 5, 'num_leaves': 41, 'learning_rate': 0.014186743931212992, 'subsample': 0.7445187273047605, 'min_child_samples': 22, 'reg_alpha': 0.02393227447113315, 'reg_lambda': 0.009236766173618426}. Best is trial 4 with value: 0.006509279403195542.
[I 2026-05-07 00:27:50,282] A new study created in memory with name: no-name-967cbe19-a26c-4b38-9f92-4751f625b39c
[I 2026-05-07 00:27:50,523] Trial 0 finished with value: 0.01014217311463996 and parameters: {'confidence_threshold': 0.7790993046299082, 'training_days': 230, 'n_estimators': 295, 'max_depth': 5, 'num_leaves': 83, 'learning_rate': 0.051543455158230854, 'subsample': 0.8773243492079463, 'min_child_samples': 10, 'reg_alpha': 0.034096514368237685, 'reg_lambda': 3.154180388637081e-05}. Best is trial 0 with value: 0.01014217311463996.
[I 2026-05-07 00:27:50,655] Trial 1 finished with value: -0.014766030138113968 and parameters: {'confidence_threshold': 0.6929247853618086, 'training_days': 410, 'n_estimators': 233, 'max_depth': 5, 'num_leaves': 108, 'learning_rate': 0.013724237108071606, 'subsample': 0.7013182233636002, 'min_child_samples': 94, 'reg_alpha': 2.4040959529260723e-06, 'reg_lambda': 5.320966582161148}. Best is trial 0 with value: 0.01014217311463996.
[I 2026-05-07 00:27:50,714] Trial 2 finished with value: -0.06668386161263151 and parameters: {'confidence_threshold': 0.546341527225763, 'training_days': 270, 'n_estimators': 120, 'max_depth': 4, 'num_leaves': 53, 'learning_rate': 0.060197068579343475, 'subsample': 0.588227873455941, 'min_child_samples': 91, 'reg_alpha': 2.3457771824819002e-08, 'reg_lambda': 1.1358840775642732e-08}. Best is trial 0 with value: 0.01014217311463996.
[I 2026-05-07 00:27:50,875] Trial 3 finished with value: -0.07359473920090968 and parameters: {'confidence_threshold': 0.6000319676300473, 'training_days': 270, 'n_estimators': 382, 'max_depth': 4, 'num_leaves': 44, 'learning_rate': 0.09185046765032388, 'subsample': 0.6743651508646724, 'min_child_samples': 77, 'reg_alpha': 0.0013974578104212739, 'reg_lambda': 8.97190257982477e-08}. Best is trial 0 with value: 0.01014217311463996.
[I 2026-05-07 00:27:51,271] Trial 4 finished with value: 0.0024296880053825006 and parameters: {'confidence_threshold': 0.7642618789055509, 'training_days': 390, 'n_estimators': 464, 'max_depth': 5, 'num_leaves': 30, 'learning_rate': 0.024562383309704932, 'subsample': 0.8612975035964376, 'min_child_samples': 36, 'reg_alpha': 1.593999300080167, 'reg_lambda': 0.006081270362829788}. Best is trial 0 with value: 0.01014217311463996.
[I 2026-05-07 00:27:51,398] Trial 5 finished with value: -0.07572596970578331 and parameters: {'confidence_threshold': 0.6029115860358569, 'training_days': 60, 'n_estimators': 441, 'max_depth': 3, 'num_leaves': 66, 'learning_rate': 0.044953114425778824, 'subsample': 0.7098948461279406, 'min_child_samples': 15, 'reg_alpha': 4.888753565548431e-07, 'reg_lambda': 4.198190642566389}. Best is trial 0 with value: 0.01014217311463996.
[I 2026-05-07 00:27:51,608] Trial 6 finished with value: 0.0014995210930181385 and parameters: {'confidence_threshold': 0.7376932868314098, 'training_days': 290, 'n_estimators': 249, 'max_depth': 5, 'num_leaves': 121, 'learning_rate': 0.015565840632862623, 'subsample': 0.8390183783709677, 'min_child_samples': 19, 'reg_alpha': 1.860444687368747e-08, 'reg_lambda': 2.7391483548058117e-06}. Best is trial 0 with value: 0.01014217311463996.
[I 2026-05-07 00:27:51,643] Trial 7 finished with value: -0.04369693188140335 and parameters: {'confidence_threshold': 0.563503962036334, 'training_days': 70, 'n_estimators': 63, 'max_depth': 3, 'num_leaves': 47, 'learning_rate': 0.18074927623018475, 'subsample': 0.5059692991701257, 'min_child_samples': 9, 'reg_alpha': 3.6945804405602874e-08, 'reg_lambda': 0.027706035542028905}. Best is trial 0 with value: 0.01014217311463996.
[I 2026-05-07 00:27:51,724] Trial 8 finished with value: -0.07799370634946089 and parameters: {'confidence_threshold': 0.6525471176758836, 'training_days': 440, 'n_estimators': 116, 'max_depth': 4, 'num_leaves': 115, 'learning_rate': 0.010229952960863938, 'subsample': 0.5062159465415076, 'min_child_samples': 54, 'reg_alpha': 6.790626457822126e-06, 'reg_lambda': 1.7869141074987722e-05}. Best is trial 0 with value: 0.01014217311463996.
