[I 2026-05-07 00:27:15,402] Trial 1 finished with value: -0.0922820336427039 and parameters: {'confidence_threshold': 0.6929247853618086, 'training_days': 410, 'n_estimators': 233, 'max_depth': 5, 'num_leaves': 108, 'learning_rate': 0.013724237108071606, 'subsample': 0.7013182233636002, 'min_child_samples': 94, 'reg_alpha': 2.4040959529260723e-06, 'reg_lambda': 5.320966582161148}. Best is trial 1 with value: -0.0922820336427039.
[I 2026-05-07 00:27:15,474] Trial 2 finished with value: -0.043510810222910264 and parameters: {'confidence_threshold': 0.546341527225763, 'training_days': 270, 'n_estimators': 120, 'max_depth': 4, 'num_leaves': 53, 'learning_rate': 0.060197068579343475, 'subsample': 0.588227873455941, 'min_child_samples': 91, 'reg_alpha': 2.3457771824819002e-08, 'reg_lambda': 1.1358840775642732e-08}. Best is trial 2 with value: -0.043510810222910264.
[I 2026-05-07 00:27:15,662] Trial 3 finished with value: -0.049302856445786705 and parameters: {'confidence_threshold': 0.6000319676300473, 'training_days': 270, 'n_estimators': 382, 'max_depth': 4, 'num_leaves': 44, 'learning_rate': 0.09185046765032388, 'subsample': 0.6743651508646724, 'min_child_samples': 77, 'reg_alpha': 0.0013974578104212739, 'reg_lambda': 8.97190257982477e-08}. Best is trial 2 with value: -0.043510810222910264.
[I 2026-05-07 00:27:16,034] Trial 4 finished with value: -0.11482417882776456 and parameters: {'confidence_threshold': 0.7642618789055509, 'training_days': 390, 'n_estimators': 464, 'max_depth': 5, 'num_leaves': 30, 'learning_rate': 0.024562383309704932, 'subsample': 0.8612975035964376, 'min_child_samples': 36, 'reg_alpha': 1.593999300080167, 'reg_lambda': 0.006081270362829788}. Best is trial 2 with value: -0.043510810222910264.
[I 2026-05-07 00:27:16,168] Trial 5 finished with value: -0.05067940101795001 and parameters: {'confidence_threshold': 0.6029115860358569, 'training_days': 60, 'n_estimators': 441, 'max_depth': 3, 'num_leaves': 66, 'learning_rate': 0.044953114425778824, 'subsample': 0.7098948461279406, 'min_child_samples': 15, 'reg_alpha': 4.888753565548431e-07, 'reg_lambda': 4.198190642566389}. Best is trial 2 with value: -0.043510810222910264.
[I 2026-05-07 00:27:16,386] Trial 6 finished with value: -0.1763739382844637 and parameters: {'confidence_threshold': 0.7376932868314098, 'training_days': 290, 'n_estimators': 249, 'max_depth': 5, 'num_leaves': 121, 'learning_rate': 0.015565840632862623, 'subsample': 0.8390183783709677, 'min_child_samples': 19, 'reg_alpha': 1.860444687368747e-08, 'reg_lambda': 2.7391483548058117e-06}. Best is trial 2 with value: -0.043510810222910264.
[I 2026-05-07 00:27:16,427] Trial 7 finished with value: -0.008754145867295804 and parameters: {'confidence_threshold': 0.563503962036334, 'training_days': 70, 'n_estimators': 63, 'max_depth': 3, 'num_leaves': 47, 'learning_rate': 0.18074927623018475, 'subsample': 0.5059692991701257, 'min_child_samples': 9, 'reg_alpha': 3.6945804405602874e-08, 'reg_lambda': 0.027706035542028905}. Best is trial 7 with value: -0.008754145867295804.
[I 2026-05-07 00:27:16,506] Trial 8 finished with value: -0.052544767298762486 and parameters: {'confidence_threshold': 0.6525471176758836, 'training_days': 440, 'n_estimators': 116, 'max_depth': 4, 'num_leaves': 115, 'learning_rate': 0.010229952960863938, 'subsample': 0.5062159465415076, 'min_child_samples': 54, 'reg_alpha': 6.790626457822126e-06, 'reg_lambda': 1.7869141074987722e-05}. Best is trial 7 with value: -0.008754145867295804.
[I 2026-05-07 00:27:16,592] Trial 9 finished with value: -0.09850200648871157 and parameters: {'confidence_threshold': 0.7277571993354469, 'training_days': 360, 'n_estimators': 75, 'max_depth': 5, 'num_leaves': 41, 'learning_rate': 0.014186743931212992, 'subsample': 0.7445187273047605, 'min_child_samples': 22, 'reg_alpha': 0.02393227447113315, 'reg_lambda': 0.009236766173618426}. Best is trial 7 with value: -0.008754145867295804.
[I 2026-05-07 00:27:16,749] A new study created in memory with name: no-name-1b5f1328-8a95-46c8-957d-c044e65ddf1e
[I 2026-05-07 00:27:16,992] Trial 0 finished with value: -0.1494720214299341 and parameters: {'confidence_threshold': 0.7790993046299082, 'training_days': 230, 'n_estimators': 295, 'max_depth': 5, 'num_leaves': 83, 'learning_rate': 0.051543455158230854, 'subsample': 0.8773243492079463, 'min_child_samples': 10, 'reg_alpha': 0.034096514368237685, 'reg_lambda': 3.154180388637081e-05}. Best is trial 0 with value: -0.1494720214299341.
[I 2026-05-07 00:27:17,129] Trial 1 finished with value: -0.1386943343249145 and parameters: {'confidence_threshold': 0.6929247853618086, 'training_days': 410, 'n_estimators': 233, 'max_depth': 5, 'num_leaves': 108, 'learning_rate': 0.013724237108071606, 'subsample': 0.7013182233636002, 'min_child_samples': 94, 'reg_alpha': 2.4040959529260723e-06, 'reg_lambda': 5.320966582161148}. Best is trial 1 with value: -0.1386943343249145.
[I 2026-05-07 00:27:17,200] Trial 2 finished with value: -0.08084938044909737 and parameters: {'confidence_threshold': 0.546341527225763, 'training_days': 270, 'n_estimators': 120, 'max_depth': 4, 'num_leaves': 53, 'learning_rate': 0.060197068579343475, 'subsample': 0.588227873455941, 'min_child_samples': 91, 'reg_alpha': 2.3457771824819002e-08, 'reg_lambda': 1.1358840775642732e-08}. Best is trial 2 with value: -0.08084938044909737.
[I 2026-05-07 00:27:17,367] Trial 3 finished with value: -0.10031994897345306 and parameters: {'confidence_threshold': 0.6000319676300473, 'training_days': 270, 'n_estimators': 382, 'max_depth': 4, 'num_leaves': 44, 'learning_rate': 0.09185046765032388, 'subsample': 0.6743651508646724, 'min_child_samples': 77, 'reg_alpha': 0.0013974578104212739, 'reg_lambda': 8.97190257982477e-08}. Best is trial 2 with value: -0.08084938044909737.
[I 2026-05-07 00:27:17,683] Trial 4 finished with value: -0.11684846406798884 and parameters: {'confidence_threshold': 0.7642618789055509, 'training_days': 390, 'n_estimators': 464, 'max_depth': 5, 'num_leaves': 30, 'learning_rate': 0.024562383309704932, 'subsample': 0.8612975035964376, 'min_child_samples': 36, 'reg_alpha': 1.593999300080167, 'reg_lambda': 0.006081270362829788}. Best is trial 2 with value: -0.08084938044909737.
[I 2026-05-07 00:27:17,819] Trial 5 finished with value: -0.030636057339082333 and parameters: {'confidence_threshold': 0.6029115860358569, 'training_days': 60, 'n_estimators': 441, 'max_depth': 3, 'num_leaves': 66, 'learning_rate': 0.044953114425778824, 'subsample': 0.7098948461279406, 'min_child_samples': 15, 'reg_alpha': 4.888753565548431e-07, 'reg_lambda': 4.198190642566389}. Best is trial 5 with value: -0.030636057339082333.
[I 2026-05-07 00:27:18,024] Trial 6 finished with value: -0.21358558762331983 and parameters: {'confidence_threshold': 0.7376932868314098, 'training_days': 290, 'n_estimators': 249, 'max_depth': 5, 'num_leaves': 121, 'learning_rate': 0.015565840632862623, 'subsample': 0.8390183783709677, 'min_child_samples': 19, 'reg_alpha': 1.860444687368747e-08, 'reg_lambda': 2.7391483548058117e-06}. Best is trial 5 with value: -0.030636057339082333.
[I 2026-05-07 00:27:18,060] Trial 7 finished with value: -0.029658869441369983 and parameters: {'confidence_threshold': 0.563503962036334, 'training_days': 70, 'n_estimators': 63, 'max_depth': 3, 'num_leaves': 47, 'learning_rate': 0.18074927623018475, 'subsample': 0.5059692991701257, 'min_child_samples': 9, 'reg_alpha': 3.6945804405602874e-08, 'reg_lambda': 0.027706035542028905}. Best is trial 7 with value: -0.029658869441369983.

    [CV fold 1] train_end=2021-03-24 16:00 | val_start=2021-04-01 08:00 | gap=184h (22 rows)
    [CV fold 2] train_end=2021-07-24 08:00 | val_start=2021-08-01 00:00 | gap=184h (22 rows)
    [CV fold 3] train_end=2021-11-23 00:00 | val_start=2021-11-30 16:00 | gap=184h (22 rows)
    [CV fold 4] train_end=2022-03-24 16:00 | val_start=2022-04-01 08:00 | gap=184h (22 rows)
    [trial 0] Sharpe=-0.1386 (folds: 0.0204, -0.1641, -0.0906, -0.1886, -0.2703)
    [trial 1] 13 features, training_days=410 | threshold=0.693 | labels: 1048 long, 1142 short (48/52%)
    [trial 1] Sharpe=-0.0923 (folds: 0.1721, -0.1680, -0.0279, -0.0464, -0.3913)
    [trial 2] 13 features, training_days=270 | threshold=0.546 | labels: 1048 long, 1142 short (48/52%)
    [trial 2] Sharpe=-0.0435 (folds: 0.2198, -0.1433, -0.1073, 0.0531, -0.2398)
    [trial 3] 13 features, training_days=270 | threshold=0.600 | labels: 1048 long, 1142 short (48/52%)
    [trial 3] Sharpe=-0.0493 (folds: 0.2850, -0.1111, -0.1322, -0.0332, -0.2551)
    [trial 4] 13 features, training_days=390 | threshold=0.764 | labels: 1048 long, 1142 short (48/52%)
    [trial 4] Sharpe=-0.1148 (folds: 0.0929, -0.1283, 0.0351, -0.2245, -0.3494)
    [trial 5] 13 features, training_days=60 | threshold=0.603 | labels: 1048 long, 1142 short (48/52%)
    [trial 5] Sharpe=-0.0507 (folds: 0.0756, 0.0447, 0.0626, -0.2809, -0.1553)
    [trial 6] 13 features, training_days=290 | threshold=0.738 | labels: 1048 long, 1142 short (48/52%)
    [trial 6] Sharpe=-0.1764 (folds: -0.0270, -0.1332, -0.2579, -0.0320, -0.4317)
    [trial 7] 13 features, training_days=70 | threshold=0.564 | labels: 1048 long, 1142 short (48/52%)
    [trial 7] Sharpe=-0.0088 (folds: 0.0850, 0.1191, -0.0344, -0.0642, -0.1492)
    [trial 8] 13 features, training_days=440 | threshold=0.653 | labels: 1048 long, 1142 short (48/52%)
    [trial 8] Sharpe=-0.0525 (folds: 0.1139, -0.1088, -0.0520, -0.0636, -0.1521)
    [trial 9] 13 features, training_days=360 | threshold=0.728 | labels: 1048 long, 1142 short (48/52%)
    [trial 9] Sharpe=-0.0985 (folds: 0.1320, -0.0378, -0.2482, -0.0606, -0.2779)
  Optuna: 10 trials, best Sharpe = -0.0088
  Best params: n_estimators=63, max_depth=3, lr=0.1807, leaves=47
  Best confidence_threshold: 0.564
  Best training_days: 70
  Retrained on full data (210 samples, 13 features)
  Model trained for 2022-08: 93 test candles with features, confidence_threshold=0.564
[predict] 2022-08-02 08:00 BCHUSDT → LONG (proba=0.99 TP=10.8%/SL=5.4%)
[trade:open] 2022-08-02 15:59 BCHUSDT LONG @ 134.65 | SL=127.40 TP=149.15 | timeout=2022-08-09 15:59
[trade:close] 2022-08-09 16:00 BCHUSDT LONG → timeout @ 135.22 | PnL=+0.42% (net +0.32%) | cum=-25.36% 2022-08=+0.32% 2022-08-09=+0.32%
[predict] 2022-08-22 08:00 BCHUSDT → SHORT (proba=0.70 TP=8.6%/SL=4.3%)
[trade:open] 2022-08-22 15:59 BCHUSDT SHORT @ 122.25 | SL=127.51 TP=111.74 | timeout=2022-08-29 15:59
[trade:close] 2022-08-23 15:59 BCHUSDT SHORT → stop_loss @ 127.51 | PnL=-4.30% (net -4.40%) | cum=-29.76% 2022-08=-4.08% 2022-08-23=-4.40%
[lgbm] === Training for 2022-09 ===
  Train window: 2020-09-01 → 2022-09-01
  2190 training samples from 1 symbols
  Samples per month: 2020-09: 90, 2020-10: 93, 2020-11: 90, 2020-12: 93, 2021-01: 93, 2021-02: 84, 2021-03: 93, 2021-04: 90, 2021-05: 93, 2021-06: 90, 2021-07: 93, 2021-08: 93, 2021-09: 90, 2021-10: 93, 2021-11: 90, 2021-12: 93, 2022-01: 93, 2022-02: 84, 2022-03: 93, 2022-04: 90, 2022-05: 93, 2022-06: 90, 2022-07: 93, 2022-08: 93
  [label] 2020-11-02 08:00 BCHUSDT entry=257.9200 → SHORT | long=sl(-3.19%) short=tp(+6.07%) | scanned=2 | short_tp_only
  [label] 2020-11-04 08:00 BCHUSDT entry=234.3400 → LONG | long=tp(+7.36%) short=sl(-3.83%) | scanned=4 | long_tp_only
  [label] 2020-11-08 08:00 BCHUSDT entry=274.1100 → SHORT | long=sl(-4.03%) short=tp(+7.77%) | scanned=11 | short_tp_only
  [label] 2020-12-03 08:00 BCHUSDT entry=295.1300 → SHORT | long=sl(-6.23%) short=tp(+12.16%) | scanned=17 | short_tp_only
  [label] 2021-01-25 08:00 BCHUSDT entry=460.6500 → SHORT | long=sl(-6.73%) short=tp(+13.17%) | scanned=6 | short_tp_only
  [label] 2021-07-11 16:00 BCHUSDT entry=498.0700 → SHORT | long=sl(-4.16%) short=tp(+8.02%) | scanned=7 | short_tp_only
  [label] 2021-07-16 00:00 BCHUSDT entry=453.2000 → SHORT | long=sl(-4.38%) short=tp(+8.45%) | scanned=10 | short_tp_only
  [label] 2021-07-26 16:00 BCHUSDT entry=481.2900 → LONG | long=tp(+7.83%) short=sl(-4.07%) | scanned=4 | long_tp_only
  [label] 2021-09-10 00:00 BCHUSDT entry=659.7800 → SHORT | long=sl(-4.64%) short=tp(+8.98%) | scanned=10 | short_tp_only
  [label] 2021-09-18 16:00 BCHUSDT entry=630.8300 → SHORT | long=sl(-3.64%) short=tp(+6.97%) | scanned=4 | short_tp_only
  [label] 2021-12-19 00:00 BCHUSDT entry=440.6500 → LONG | long=sl(-4.16%) short=sl(-4.16%) | scanned=15 | no_tp→fwd_return=+3.5289
  [label] 2022-01-20 00:00 BCHUSDT entry=371.8900 → SHORT | long=sl(-2.89%) short=sl(-2.89%) | scanned=2 | no_tp→fwd_return=-3.9474
  [label] 2022-02-05 08:00 BCHUSDT entry=322.2000 → LONG | long=tp(+7.06%) short=sl(-3.68%) | scanned=8 | long_tp_only
  [label] 2022-02-18 08:00 BCHUSDT entry=309.4300 → SHORT | long=sl(-3.88%) short=tp(+7.46%) | scanned=10 | short_tp_only
  [label] 2022-03-09 00:00 BCHUSDT entry=301.3700 → SHORT | long=sl(-4.10%) short=sl(-4.10%) | scanned=3 | no_tp→fwd_return=-4.5127
  [label] 2022-03-15 08:00 BCHUSDT entry=285.7700 → LONG | long=tp(+6.95%) short=sl(-3.62%) | scanned=10 | long_tp_only
  [label] 2022-03-27 16:00 BCHUSDT entry=376.4500 → SHORT | long=sl(-3.31%) short=sl(-3.31%) | scanned=11 | no_tp→fwd_return=-1.9285
  [label] 2022-05-06 16:00 BCHUSDT entry=274.8500 → SHORT | long=sl(-3.65%) short=tp(+7.01%) | scanned=7 | short_tp_only
  [label] 2022-05-16 16:00 BCHUSDT entry=197.4500 → SHORT | long=timeout(-2.94%) short=timeout(+2.74%) | scanned=22 | no_tp→fwd_return=-2.8412
  [label] 2022-08-11 08:00 BCHUSDT entry=143.8400 → SHORT | long=sl(-3.95%) short=tp(+7.59%) | scanned=18 | short_tp_only
  Labels: 1042 long (47.6%), 1148 short (52.4%) | weights: min=1.00, mean=2.43, max=10.00
  Features: 2190/2190 matched, 13 columns
  CV gap: 22 rows
    [trial 0] 13 features, training_days=230 | threshold=0.779 | labels: 1042 long, 1148 short (48/52%)
    [CV fold 0] train_end=2020-12-24 00:00 | val_start=2020-12-31 16:00 | gap=184h (22 rows)
    [CV fold 1] train_end=2021-04-24 16:00 | val_start=2021-05-02 08:00 | gap=184h (22 rows)
    [CV fold 2] train_end=2021-08-24 08:00 | val_start=2021-09-01 00:00 | gap=184h (22 rows)
    [CV fold 3] train_end=2021-12-24 00:00 | val_start=2021-12-31 16:00 | gap=184h (22 rows)
    [CV fold 4] train_end=2022-04-24 16:00 | val_start=2022-05-02 08:00 | gap=184h (22 rows)
    [trial 0] Sharpe=-0.1495 (folds: 0.0049, -0.2800, -0.1766, -0.1985, -0.0971)
    [trial 1] 13 features, training_days=410 | threshold=0.693 | labels: 1042 long, 1148 short (48/52%)
    [trial 1] Sharpe=-0.1387 (folds: -0.0662, -0.2364, -0.0360, -0.2084, -0.1464)
    [trial 2] 13 features, training_days=270 | threshold=0.546 | labels: 1042 long, 1148 short (48/52%)
    [trial 2] Sharpe=-0.0808 (folds: 0.2140, -0.3148, -0.0824, -0.0318, -0.1893)
    [trial 3] 13 features, training_days=270 | threshold=0.600 | labels: 1042 long, 1148 short (48/52%)
    [trial 3] Sharpe=-0.1003 (folds: 0.2726, -0.3072, -0.1309, -0.2355, -0.1006)
    [trial 4] 13 features, training_days=390 | threshold=0.764 | labels: 1042 long, 1148 short (48/52%)
    [trial 4] Sharpe=-0.1168 (folds: 0.2281, -0.3238, 0.0067, -0.3018, -0.1934)
    [trial 5] 13 features, training_days=60 | threshold=0.603 | labels: 1042 long, 1148 short (48/52%)
    [trial 5] Sharpe=-0.0306 (folds: 0.2174, -0.3035, -0.0004, 0.1118, -0.1784)
    [trial 6] 13 features, training_days=290 | threshold=0.738 | labels: 1042 long, 1148 short (48/52%)
    [trial 6] Sharpe=-0.2136 (folds: 0.1502, -0.3299, -0.2437, -0.3143, -0.3303)
    [trial 7] 13 features, training_days=70 | threshold=0.564 | labels: 1042 long, 1148 short (48/52%)
    [trial 7] Sharpe=-0.0297 (folds: 0.1111, -0.2250, 0.0920, 0.0653, -0.1917)
    [trial 8] 13 features, training_days=440 | threshold=0.653 | labels: 1042 long, 1148 short (48/52%)[I 2026-05-07 00:27:18,138] Trial 8 finished with value: -0.09183884054136018 and parameters: {'confidence_threshold': 0.6525471176758836, 'training_days': 440, 'n_estimators': 116, 'max_depth': 4, 'num_leaves': 115, 'learning_rate': 0.010229952960863938, 'subsample': 0.5062159465415076, 'min_child_samples': 54, 'reg_alpha': 6.790626457822126e-06, 'reg_lambda': 1.7869141074987722e-05}. Best is trial 7 with value: -0.029658869441369983.
[I 2026-05-07 00:27:18,220] Trial 9 finished with value: -0.20845244014512704 and parameters: {'confidence_threshold': 0.7277571993354469, 'training_days': 360, 'n_estimators': 75, 'max_depth': 5, 'num_leaves': 41, 'learning_rate': 0.014186743931212992, 'subsample': 0.7445187273047605, 'min_child_samples': 22, 'reg_alpha': 0.02393227447113315, 'reg_lambda': 0.009236766173618426}. Best is trial 7 with value: -0.029658869441369983.
[I 2026-05-07 00:27:18,377] A new study created in memory with name: no-name-6d2d6e28-3617-4b72-8ed8-0baad38a4405
[I 2026-05-07 00:27:18,612] Trial 0 finished with value: -0.051133414939232916 and parameters: {'confidence_threshold': 0.7790993046299082, 'training_days': 230, 'n_estimators': 295, 'max_depth': 5, 'num_leaves': 83, 'learning_rate': 0.051543455158230854, 'subsample': 0.8773243492079463, 'min_child_samples': 10, 'reg_alpha': 0.034096514368237685, 'reg_lambda': 3.154180388637081e-05}. Best is trial 0 with value: -0.051133414939232916.
[I 2026-05-07 00:27:18,738] Trial 1 finished with value: -0.008839219156598044 and parameters: {'confidence_threshold': 0.6929247853618086, 'training_days': 410, 'n_estimators': 233, 'max_depth': 5, 'num_leaves': 108, 'learning_rate': 0.013724237108071606, 'subsample': 0.7013182233636002, 'min_child_samples': 94, 'reg_alpha': 2.4040959529260723e-06, 'reg_lambda': 5.320966582161148}. Best is trial 1 with value: -0.008839219156598044.
[I 2026-05-07 00:27:18,796] Trial 2 finished with value: -0.0660391289478162 and parameters: {'confidence_threshold': 0.546341527225763, 'training_days': 270, 'n_estimators': 120, 'max_depth': 4, 'num_leaves': 53, 'learning_rate': 0.060197068579343475, 'subsample': 0.588227873455941, 'min_child_samples': 91, 'reg_alpha': 2.3457771824819002e-08, 'reg_lambda': 1.1358840775642732e-08}. Best is trial 1 with value: -0.008839219156598044.
[I 2026-05-07 00:27:18,954] Trial 3 finished with value: -0.06562251793374116 and parameters: {'confidence_threshold': 0.6000319676300473, 'training_days': 270, 'n_estimators': 382, 'max_depth': 4, 'num_leaves': 44, 'learning_rate': 0.09185046765032388, 'subsample': 0.6743651508646724, 'min_child_samples': 77, 'reg_alpha': 0.0013974578104212739, 'reg_lambda': 8.97190257982477e-08}. Best is trial 1 with value: -0.008839219156598044.
[I 2026-05-07 00:27:19,303] Trial 4 finished with value: -0.12258673948475285 and parameters: {'confidence_threshold': 0.7642618789055509, 'training_days': 390, 'n_estimators': 464, 'max_depth': 5, 'num_leaves': 30, 'learning_rate': 0.024562383309704932, 'subsample': 0.8612975035964376, 'min_child_samples': 36, 'reg_alpha': 1.593999300080167, 'reg_lambda': 0.006081270362829788}. Best is trial 1 with value: -0.008839219156598044.
[I 2026-05-07 00:27:19,443] Trial 5 finished with value: 0.07476501960973382 and parameters: {'confidence_threshold': 0.6029115860358569, 'training_days': 60, 'n_estimators': 441, 'max_depth': 3, 'num_leaves': 66, 'learning_rate': 0.044953114425778824, 'subsample': 0.7098948461279406, 'min_child_samples': 15, 'reg_alpha': 4.888753565548431e-07, 'reg_lambda': 4.198190642566389}. Best is trial 5 with value: 0.07476501960973382.
[I 2026-05-07 00:27:19,649] Trial 6 finished with value: -0.11842097675304106 and parameters: {'confidence_threshold': 0.7376932868314098, 'training_days': 290, 'n_estimators': 249, 'max_depth': 5, 'num_leaves': 121, 'learning_rate': 0.015565840632862623, 'subsample': 0.8390183783709677, 'min_child_samples': 19, 'reg_alpha': 1.860444687368747e-08, 'reg_lambda': 2.7391483548058117e-06}. Best is trial 5 with value: 0.07476501960973382.
[I 2026-05-07 00:27:19,684] Trial 7 finished with value: -0.00849446457116712 and parameters: {'confidence_threshold': 0.563503962036334, 'training_days': 70, 'n_estimators': 63, 'max_depth': 3, 'num_leaves': 47, 'learning_rate': 0.18074927623018475, 'subsample': 0.5059692991701257, 'min_child_samples': 9, 'reg_alpha': 3.6945804405602874e-08, 'reg_lambda': 0.027706035542028905}. Best is trial 5 with value: 0.07476501960973382.
[I 2026-05-07 00:27:19,764] Trial 8 finished with value: -0.16524008241346283 and parameters: {'confidence_threshold': 0.6525471176758836, 'training_days': 440, 'n_estimators': 116, 'max_depth': 4, 'num_leaves': 115, 'learning_rate': 0.010229952960863938, 'subsample': 0.5062159465415076, 'min_child_samples': 54, 'reg_alpha': 6.790626457822126e-06, 'reg_lambda': 1.7869141074987722e-05}. Best is trial 5 with value: 0.07476501960973382.
