[I 2026-05-07 00:28:44,336] Trial 1 finished with value: 0.001612452376733442 and parameters: {'confidence_threshold': 0.6929247853618086, 'training_days': 410, 'n_estimators': 233, 'max_depth': 5, 'num_leaves': 108, 'learning_rate': 0.013724237108071606, 'subsample': 0.7013182233636002, 'min_child_samples': 94, 'reg_alpha': 2.4040959529260723e-06, 'reg_lambda': 5.320966582161148}. Best is trial 1 with value: 0.001612452376733442.
[I 2026-05-07 00:28:44,399] Trial 2 finished with value: -0.053795526070812574 and parameters: {'confidence_threshold': 0.546341527225763, 'training_days': 270, 'n_estimators': 120, 'max_depth': 4, 'num_leaves': 53, 'learning_rate': 0.060197068579343475, 'subsample': 0.588227873455941, 'min_child_samples': 91, 'reg_alpha': 2.3457771824819002e-08, 'reg_lambda': 1.1358840775642732e-08}. Best is trial 1 with value: 0.001612452376733442.
[I 2026-05-07 00:28:44,580] Trial 3 finished with value: -0.047438636865042544 and parameters: {'confidence_threshold': 0.6000319676300473, 'training_days': 270, 'n_estimators': 382, 'max_depth': 4, 'num_leaves': 44, 'learning_rate': 0.09185046765032388, 'subsample': 0.6743651508646724, 'min_child_samples': 77, 'reg_alpha': 0.0013974578104212739, 'reg_lambda': 8.97190257982477e-08}. Best is trial 1 with value: 0.001612452376733442.
[I 2026-05-07 00:28:44,946] Trial 4 finished with value: -0.021176007662248694 and parameters: {'confidence_threshold': 0.7642618789055509, 'training_days': 390, 'n_estimators': 464, 'max_depth': 5, 'num_leaves': 30, 'learning_rate': 0.024562383309704932, 'subsample': 0.8612975035964376, 'min_child_samples': 36, 'reg_alpha': 1.593999300080167, 'reg_lambda': 0.006081270362829788}. Best is trial 1 with value: 0.001612452376733442.
[I 2026-05-07 00:28:45,102] Trial 5 finished with value: -0.08975433098407043 and parameters: {'confidence_threshold': 0.6029115860358569, 'training_days': 60, 'n_estimators': 441, 'max_depth': 3, 'num_leaves': 66, 'learning_rate': 0.044953114425778824, 'subsample': 0.7098948461279406, 'min_child_samples': 15, 'reg_alpha': 4.888753565548431e-07, 'reg_lambda': 4.198190642566389}. Best is trial 1 with value: 0.001612452376733442.
[I 2026-05-07 00:28:45,347] Trial 6 finished with value: -0.03921622272731769 and parameters: {'confidence_threshold': 0.7376932868314098, 'training_days': 290, 'n_estimators': 249, 'max_depth': 5, 'num_leaves': 121, 'learning_rate': 0.015565840632862623, 'subsample': 0.8390183783709677, 'min_child_samples': 19, 'reg_alpha': 1.860444687368747e-08, 'reg_lambda': 2.7391483548058117e-06}. Best is trial 1 with value: 0.001612452376733442.
[I 2026-05-07 00:28:45,393] Trial 7 finished with value: 0.02893467861394402 and parameters: {'confidence_threshold': 0.563503962036334, 'training_days': 70, 'n_estimators': 63, 'max_depth': 3, 'num_leaves': 47, 'learning_rate': 0.18074927623018475, 'subsample': 0.5059692991701257, 'min_child_samples': 9, 'reg_alpha': 3.6945804405602874e-08, 'reg_lambda': 0.027706035542028905}. Best is trial 7 with value: 0.02893467861394402.
[I 2026-05-07 00:28:45,497] Trial 8 finished with value: -0.0343797671602306 and parameters: {'confidence_threshold': 0.6525471176758836, 'training_days': 440, 'n_estimators': 116, 'max_depth': 4, 'num_leaves': 115, 'learning_rate': 0.010229952960863938, 'subsample': 0.5062159465415076, 'min_child_samples': 54, 'reg_alpha': 6.790626457822126e-06, 'reg_lambda': 1.7869141074987722e-05}. Best is trial 7 with value: 0.02893467861394402.
[I 2026-05-07 00:28:45,593] Trial 9 finished with value: -0.12096047874733173 and parameters: {'confidence_threshold': 0.7277571993354469, 'training_days': 360, 'n_estimators': 75, 'max_depth': 5, 'num_leaves': 41, 'learning_rate': 0.014186743931212992, 'subsample': 0.7445187273047605, 'min_child_samples': 22, 'reg_alpha': 0.02393227447113315, 'reg_lambda': 0.009236766173618426}. Best is trial 7 with value: 0.02893467861394402.
[I 2026-05-07 00:28:45,860] A new study created in memory with name: no-name-1b643d6e-fc09-4fdb-9e32-9483d61a1764
[I 2026-05-07 00:28:46,136] Trial 0 finished with value: -0.08573399208465692 and parameters: {'confidence_threshold': 0.7790993046299082, 'training_days': 230, 'n_estimators': 295, 'max_depth': 5, 'num_leaves': 83, 'learning_rate': 0.051543455158230854, 'subsample': 0.8773243492079463, 'min_child_samples': 10, 'reg_alpha': 0.034096514368237685, 'reg_lambda': 3.154180388637081e-05}. Best is trial 0 with value: -0.08573399208465692.

  [label] 2024-08-05 08:00 LDOUSDT entry=0.9972 → LONG | long=timeout(+9.05%) short=sl(-9.45%) | scanned=22 | no_tp→fwd_return=+9.1456
  [label] 2024-08-15 08:00 LDOUSDT entry=1.0560 → LONG | long=sl(-5.77%) short=sl(-5.77%) | scanned=19 | no_tp→fwd_return=+5.0379
  [label] 2024-11-10 08:00 LDOUSDT entry=1.3642 → SHORT | long=sl(-5.76%) short=tp(+11.22%) | scanned=6 | short_tp_only
  Labels: 1116 long (50.9%), 1077 short (49.1%) | weights: min=1.05, mean=4.57, max=10.00
  Features: 2193/2193 matched, 13 columns
  CV gap: 22 rows
    [trial 0] 13 features, training_days=230 | threshold=0.779 | labels: 1116 long, 1077 short (51/49%)
    [CV fold 0] train_end=2023-03-26 00:00 | val_start=2023-04-02 16:00 | gap=184h (22 rows)
    [CV fold 1] train_end=2023-07-25 16:00 | val_start=2023-08-02 08:00 | gap=184h (22 rows)
    [CV fold 2] train_end=2023-11-24 08:00 | val_start=2023-12-02 00:00 | gap=184h (22 rows)
    [CV fold 3] train_end=2024-03-25 00:00 | val_start=2024-04-01 16:00 | gap=184h (22 rows)
    [CV fold 4] train_end=2024-07-24 16:00 | val_start=2024-08-01 08:00 | gap=184h (22 rows)
    [trial 0] Sharpe=-0.1078 (folds: -0.0780, -0.1695, -0.0630, -0.0657, -0.1630)
    [trial 1] 13 features, training_days=410 | threshold=0.693 | labels: 1116 long, 1077 short (51/49%)
    [trial 1] Sharpe=0.0016 (folds: 0.3072, -0.1395, -0.0725, 0.0747, -0.1618)
    [trial 2] 13 features, training_days=270 | threshold=0.546 | labels: 1116 long, 1077 short (51/49%)
    [trial 2] Sharpe=-0.0538 (folds: 0.0686, -0.1035, -0.0627, 0.0052, -0.1765)
    [trial 3] 13 features, training_days=270 | threshold=0.600 | labels: 1116 long, 1077 short (51/49%)
    [trial 3] Sharpe=-0.0474 (folds: 0.0079, -0.0207, -0.0007, -0.0524, -0.1713)
    [trial 4] 13 features, training_days=390 | threshold=0.764 | labels: 1116 long, 1077 short (51/49%)
    [trial 4] Sharpe=-0.0212 (folds: 0.1317, -0.1911, 0.0559, 0.0869, -0.1894)
    [trial 5] 13 features, training_days=60 | threshold=0.603 | labels: 1116 long, 1077 short (51/49%)
    [trial 5] Sharpe=-0.0898 (folds: 0.1512, -0.1918, -0.1406, -0.1610, -0.1065)
    [trial 6] 13 features, training_days=290 | threshold=0.738 | labels: 1116 long, 1077 short (51/49%)
    [trial 6] Sharpe=-0.0392 (folds: 0.0013, -0.2579, 0.0460, 0.1368, -0.1223)
    [trial 7] 13 features, training_days=70 | threshold=0.564 | labels: 1116 long, 1077 short (51/49%)
    [trial 7] Sharpe=0.0289 (folds: 0.1932, -0.0247, 0.0377, -0.0937, 0.0322)
    [trial 8] 13 features, training_days=440 | threshold=0.653 | labels: 1116 long, 1077 short (51/49%)
    [trial 8] Sharpe=-0.0344 (folds: 0.0193, -0.2869, 0.0864, 0.0499, -0.0406)
    [trial 9] 13 features, training_days=360 | threshold=0.728 | labels: 1116 long, 1077 short (51/49%)
    [trial 9] Sharpe=-0.1210 (folds: -0.0306, -0.1644, -0.3875, 0.0002, -0.0226)
  Optuna: 10 trials, best Sharpe = 0.0289
  Best params: n_estimators=63, max_depth=3, lr=0.1807, leaves=47
  Best confidence_threshold: 0.564
  Best training_days: 70
  Retrained on full data (210 samples, 13 features)
  Model trained for 2024-12: 93 test candles with features, confidence_threshold=0.564
[predict] 2024-12-02 00:00 LDOUSDT → LONG (proba=0.95 TP=12.3%/SL=6.1%)
[trade:open] 2024-12-02 07:59 LDOUSDT LONG @ 1.75 | SL=1.64 TP=1.97 | timeout=2024-12-09 07:59
[trade:close] 2024-12-03 15:59 LDOUSDT LONG → take_profit @ 1.97 | PnL=+12.29% (net +12.19%) | cum=-9.23% 2024-12=+12.19% 2024-12-03=+12.19%
[predict] 2024-12-09 00:00 LDOUSDT → SHORT (proba=0.99 TP=12.1%/SL=6.1%)
[trade:open] 2024-12-09 07:59 LDOUSDT SHORT @ 2.07 | SL=2.20 TP=1.82 | timeout=2024-12-16 07:59
[trade:close] 2024-12-09 23:59 LDOUSDT SHORT → take_profit @ 1.82 | PnL=+12.14% (net +12.04%) | cum=+2.81% 2024-12=+24.23% 2024-12-09=+12.04%
[predict] 2024-12-13 00:00 LDOUSDT → LONG (proba=0.95 TP=14.4%/SL=7.2%)
[trade:open] 2024-12-13 07:59 LDOUSDT LONG @ 2.22 | SL=2.06 TP=2.53 | timeout=2024-12-20 07:59
[trade:close] 2024-12-17 23:59 LDOUSDT LONG → stop_loss @ 2.06 | PnL=-7.19% (net -7.29%) | cum=-4.48% 2024-12=+16.94% 2024-12-17=-7.29%
[predict] 2024-12-20 16:00 LDOUSDT → LONG (proba=1.00 TP=17.9%/SL=8.9%)
[trade:open] 2024-12-20 23:59 LDOUSDT LONG @ 1.73 | SL=1.58 TP=2.04 | timeout=2024-12-27 23:59
[trade:close] 2024-12-28 00:00 LDOUSDT LONG → timeout @ 1.90 | PnL=+9.80% (net +9.70%) | cum=+5.23% 2024-12=+26.64% 2024-12-28=+9.70%
[lgbm] === Training for 2025-01 ===
  Train window: 2023-01-01 → 2025-01-01
  2193 training samples from 1 symbols
  Samples per month: 2023-01: 93, 2023-02: 84, 2023-03: 93, 2023-04: 90, 2023-05: 93, 2023-06: 90, 2023-07: 93, 2023-08: 93, 2023-09: 90, 2023-10: 93, 2023-11: 90, 2023-12: 93, 2024-01: 93, 2024-02: 87, 2024-03: 93, 2024-04: 90, 2024-05: 93, 2024-06: 90, 2024-07: 93, 2024-08: 93, 2024-09: 90, 2024-10: 93, 2024-11: 90, 2024-12: 93
  [label] 2023-03-04 08:00 LDOUSDT entry=2.6795 → SHORT | long=sl(-6.77%) short=tp(+13.25%) | scanned=13 | short_tp_only
  [label] 2023-03-06 16:00 LDOUSDT entry=2.5872 → SHORT | long=sl(-6.75%) short=tp(+13.21%) | scanned=9 | short_tp_only
  [label] 2023-03-10 08:00 LDOUSDT entry=2.2666 → LONG | long=sl(-7.53%) short=sl(-7.53%) | scanned=7 | no_tp→fwd_return=+8.1444
  [label] 2023-04-04 08:00 LDOUSDT entry=2.5481 → LONG | long=tp(+9.81%) short=sl(-5.05%) | scanned=2 | long_tp_only
  [label] 2023-05-27 08:00 LDOUSDT entry=1.9799 → LONG | long=tp(+8.08%) short=sl(-4.19%) | scanned=7 | long_tp_only
  [label] 2023-11-11 08:00 LDOUSDT entry=2.2904 → LONG | long=sl(-5.87%) short=sl(-5.87%) | scanned=6 | no_tp→fwd_return=+7.1516
  [label] 2023-11-15 08:00 LDOUSDT entry=2.4793 → SHORT | long=sl(-6.41%) short=tp(+12.53%) | scanned=6 | short_tp_only
  [label] 2023-11-26 00:00 LDOUSDT entry=2.5181 → SHORT | long=sl(-5.24%) short=tp(+10.18%) | scanned=10 | short_tp_only
  [label] 2024-01-10 08:00 LDOUSDT entry=3.8784 → SHORT | long=sl(-6.91%) short=tp(+13.52%) | scanned=7 | short_tp_only
  [label] 2024-01-19 00:00 LDOUSDT entry=3.0356 → SHORT | long=sl(-6.60%) short=tp(+12.89%) | scanned=13 | short_tp_only
  [label] 2024-04-19 16:00 LDOUSDT entry=1.9846 → SHORT | long=timeout(-1.89%) short=sl(-7.35%) | scanned=22 | no_tp→fwd_return=-1.7888
  [label] 2024-05-21 16:00 LDOUSDT entry=2.2225 → SHORT | long=sl(-4.86%) short=tp(+9.43%) | scanned=6 | short_tp_only
  [label] 2024-06-07 00:00 LDOUSDT entry=2.2134 → SHORT | long=sl(-4.68%) short=tp(+9.05%) | scanned=2 | short_tp_only
  [label] 2024-06-20 00:00 LDOUSDT entry=2.2486 → LONG | long=sl(-6.42%) short=sl(-6.42%) | scanned=14 | no_tp→fwd_return=+5.9948
  [label] 2024-07-08 16:00 LDOUSDT entry=1.5642 → LONG | long=tp(+13.70%) short=sl(-7.00%) | scanned=19 | long_tp_only
  [label] 2024-07-15 00:00 LDOUSDT entry=1.7783 → LONG | long=tp(+9.37%) short=sl(-4.84%) | scanned=7 | long_tp_only
  [label] 2024-07-27 08:00 LDOUSDT entry=1.5893 → SHORT | long=sl(-5.19%) short=sl(-5.19%) | scanned=16 | no_tp→fwd_return=-1.8310
  [label] 2024-09-05 08:00 LDOUSDT entry=0.9778 → SHORT | long=sl(-5.04%) short=tp(+9.77%) | scanned=4 | short_tp_only
  [label] 2024-09-15 08:00 LDOUSDT entry=1.0258 → SHORT | long=sl(-3.69%) short=tp(+7.08%) | scanned=9 | short_tp_only
  [label] 2024-12-11 08:00 LDOUSDT entry=1.9143 → LONG | long=tp(+15.29%) short=sl(-7.79%) | scanned=3 | long_tp_only
  Labels: 1125 long (51.3%), 1068 short (48.7%) | weights: min=1.05, mean=4.65, max=10.00
  Features: 2193/2193 matched, 13 columns
  CV gap: 22 rows
    [trial 0] 13 features, training_days=230 | threshold=0.779 | labels: 1125 long, 1068 short (51/49%)
    [CV fold 0] train_end=2023-04-26 00:00 | val_start=2023-05-03 16:00 | gap=184h (22 rows)
    [CV fold 1] train_end=2023-08-25 16:00 | val_start=2023-09-02 08:00 | gap=184h (22 rows)
    [CV fold 2] train_end=2023-12-25 08:00 | val_start=2024-01-02 00:00 | gap=184h (22 rows)
    [CV fold 3] train_end=2024-04-25 00:00 | val_start=2024-05-02 16:00 | gap=184h (22 rows)
    [CV fold 4] train_end=2024-08-24 16:00 | val_start=2024-09-01 08:00 | gap=184h (22 rows)
    [trial 0] Sharpe=-0.0857 (folds: -0.1011, -0.1311, -0.0587, -0.0328, -0.1049)
    [trial 1] 13 features, training_days=410 | threshold=0.693 | labels: 1125 long, 1068 short (51/49%)[I 2026-05-07 00:28:46,278] Trial 1 finished with value: -0.004984013599982578 and parameters: {'confidence_threshold': 0.6929247853618086, 'training_days': 410, 'n_estimators': 233, 'max_depth': 5, 'num_leaves': 108, 'learning_rate': 0.013724237108071606, 'subsample': 0.7013182233636002, 'min_child_samples': 94, 'reg_alpha': 2.4040959529260723e-06, 'reg_lambda': 5.320966582161148}. Best is trial 1 with value: -0.004984013599982578.
[I 2026-05-07 00:28:46,338] Trial 2 finished with value: -0.010850237118952274 and parameters: {'confidence_threshold': 0.546341527225763, 'training_days': 270, 'n_estimators': 120, 'max_depth': 4, 'num_leaves': 53, 'learning_rate': 0.060197068579343475, 'subsample': 0.588227873455941, 'min_child_samples': 91, 'reg_alpha': 2.3457771824819002e-08, 'reg_lambda': 1.1358840775642732e-08}. Best is trial 1 with value: -0.004984013599982578.
[I 2026-05-07 00:28:46,508] Trial 3 finished with value: -0.08078956087633034 and parameters: {'confidence_threshold': 0.6000319676300473, 'training_days': 270, 'n_estimators': 382, 'max_depth': 4, 'num_leaves': 44, 'learning_rate': 0.09185046765032388, 'subsample': 0.6743651508646724, 'min_child_samples': 77, 'reg_alpha': 0.0013974578104212739, 'reg_lambda': 8.97190257982477e-08}. Best is trial 1 with value: -0.004984013599982578.
[I 2026-05-07 00:28:46,879] Trial 4 finished with value: -0.11786297610305536 and parameters: {'confidence_threshold': 0.7642618789055509, 'training_days': 390, 'n_estimators': 464, 'max_depth': 5, 'num_leaves': 30, 'learning_rate': 0.024562383309704932, 'subsample': 0.8612975035964376, 'min_child_samples': 36, 'reg_alpha': 1.593999300080167, 'reg_lambda': 0.006081270362829788}. Best is trial 1 with value: -0.004984013599982578.
[I 2026-05-07 00:28:47,014] Trial 5 finished with value: 0.011365721808620267 and parameters: {'confidence_threshold': 0.6029115860358569, 'training_days': 60, 'n_estimators': 441, 'max_depth': 3, 'num_leaves': 66, 'learning_rate': 0.044953114425778824, 'subsample': 0.7098948461279406, 'min_child_samples': 15, 'reg_alpha': 4.888753565548431e-07, 'reg_lambda': 4.198190642566389}. Best is trial 5 with value: 0.011365721808620267.
[I 2026-05-07 00:28:47,238] Trial 6 finished with value: -0.08417092449831917 and parameters: {'confidence_threshold': 0.7376932868314098, 'training_days': 290, 'n_estimators': 249, 'max_depth': 5, 'num_leaves': 121, 'learning_rate': 0.015565840632862623, 'subsample': 0.8390183783709677, 'min_child_samples': 19, 'reg_alpha': 1.860444687368747e-08, 'reg_lambda': 2.7391483548058117e-06}. Best is trial 5 with value: 0.011365721808620267.
[I 2026-05-07 00:28:47,276] Trial 7 finished with value: -0.010401545178319812 and parameters: {'confidence_threshold': 0.563503962036334, 'training_days': 70, 'n_estimators': 63, 'max_depth': 3, 'num_leaves': 47, 'learning_rate': 0.18074927623018475, 'subsample': 0.5059692991701257, 'min_child_samples': 9, 'reg_alpha': 3.6945804405602874e-08, 'reg_lambda': 0.027706035542028905}. Best is trial 5 with value: 0.011365721808620267.
[I 2026-05-07 00:28:47,368] Trial 8 finished with value: -0.043728021204106585 and parameters: {'confidence_threshold': 0.6525471176758836, 'training_days': 440, 'n_estimators': 116, 'max_depth': 4, 'num_leaves': 115, 'learning_rate': 0.010229952960863938, 'subsample': 0.5062159465415076, 'min_child_samples': 54, 'reg_alpha': 6.790626457822126e-06, 'reg_lambda': 1.7869141074987722e-05}. Best is trial 5 with value: 0.011365721808620267.
[I 2026-05-07 00:28:47,456] Trial 9 finished with value: -0.09847967131509135 and parameters: {'confidence_threshold': 0.7277571993354469, 'training_days': 360, 'n_estimators': 75, 'max_depth': 5, 'num_leaves': 41, 'learning_rate': 0.014186743931212992, 'subsample': 0.7445187273047605, 'min_child_samples': 22, 'reg_alpha': 0.02393227447113315, 'reg_lambda': 0.009236766173618426}. Best is trial 5 with value: 0.011365721808620267.
[I 2026-05-07 00:28:47,760] A new study created in memory with name: no-name-051500d4-1f4d-475e-b725-4bb3121b54cd
[I 2026-05-07 00:28:48,028] Trial 0 finished with value: -0.12368560638791348 and parameters: {'confidence_threshold': 0.7790993046299082, 'training_days': 230, 'n_estimators': 295, 'max_depth': 5, 'num_leaves': 83, 'learning_rate': 0.051543455158230854, 'subsample': 0.8773243492079463, 'min_child_samples': 10, 'reg_alpha': 0.034096514368237685, 'reg_lambda': 3.154180388637081e-05}. Best is trial 0 with value: -0.12368560638791348.
[I 2026-05-07 00:28:48,155] Trial 1 finished with value: -0.032165776849792875 and parameters: {'confidence_threshold': 0.6929247853618086, 'training_days': 410, 'n_estimators': 233, 'max_depth': 5, 'num_leaves': 108, 'learning_rate': 0.013724237108071606, 'subsample': 0.7013182233636002, 'min_child_samples': 94, 'reg_alpha': 2.4040959529260723e-06, 'reg_lambda': 5.320966582161148}. Best is trial 1 with value: -0.032165776849792875.
[I 2026-05-07 00:28:48,222] Trial 2 finished with value: -0.0014205567896568184 and parameters: {'confidence_threshold': 0.546341527225763, 'training_days': 270, 'n_estimators': 120, 'max_depth': 4, 'num_leaves': 53, 'learning_rate': 0.060197068579343475, 'subsample': 0.588227873455941, 'min_child_samples': 91, 'reg_alpha': 2.3457771824819002e-08, 'reg_lambda': 1.1358840775642732e-08}. Best is trial 2 with value: -0.0014205567896568184.
[I 2026-05-07 00:28:48,406] Trial 3 finished with value: -0.04342404803995716 and parameters: {'confidence_threshold': 0.6000319676300473, 'training_days': 270, 'n_estimators': 382, 'max_depth': 4, 'num_leaves': 44, 'learning_rate': 0.09185046765032388, 'subsample': 0.6743651508646724, 'min_child_samples': 77, 'reg_alpha': 0.0013974578104212739, 'reg_lambda': 8.97190257982477e-08}. Best is trial 2 with value: -0.0014205567896568184.
[I 2026-05-07 00:28:48,754] Trial 4 finished with value: -0.05815696777387526 and parameters: {'confidence_threshold': 0.7642618789055509, 'training_days': 390, 'n_estimators': 464, 'max_depth': 5, 'num_leaves': 30, 'learning_rate': 0.024562383309704932, 'subsample': 0.8612975035964376, 'min_child_samples': 36, 'reg_alpha': 1.593999300080167, 'reg_lambda': 0.006081270362829788}. Best is trial 2 with value: -0.0014205567896568184.
