[I 2026-05-07 00:28:03,606] Trial 1 finished with value: 0.023756238868553044 and parameters: {'confidence_threshold': 0.6929247853618086, 'training_days': 410, 'n_estimators': 233, 'max_depth': 5, 'num_leaves': 108, 'learning_rate': 0.013724237108071606, 'subsample': 0.7013182233636002, 'min_child_samples': 94, 'reg_alpha': 2.4040959529260723e-06, 'reg_lambda': 5.320966582161148}. Best is trial 1 with value: 0.023756238868553044.
[I 2026-05-07 00:28:03,674] Trial 2 finished with value: -0.009662942654813348 and parameters: {'confidence_threshold': 0.546341527225763, 'training_days': 270, 'n_estimators': 120, 'max_depth': 4, 'num_leaves': 53, 'learning_rate': 0.060197068579343475, 'subsample': 0.588227873455941, 'min_child_samples': 91, 'reg_alpha': 2.3457771824819002e-08, 'reg_lambda': 1.1358840775642732e-08}. Best is trial 1 with value: 0.023756238868553044.
[I 2026-05-07 00:28:03,844] Trial 3 finished with value: -0.02297973488190418 and parameters: {'confidence_threshold': 0.6000319676300473, 'training_days': 270, 'n_estimators': 382, 'max_depth': 4, 'num_leaves': 44, 'learning_rate': 0.09185046765032388, 'subsample': 0.6743651508646724, 'min_child_samples': 77, 'reg_alpha': 0.0013974578104212739, 'reg_lambda': 8.97190257982477e-08}. Best is trial 1 with value: 0.023756238868553044.
[I 2026-05-07 00:28:04,240] Trial 4 finished with value: 0.09758228097790235 and parameters: {'confidence_threshold': 0.7642618789055509, 'training_days': 390, 'n_estimators': 464, 'max_depth': 5, 'num_leaves': 30, 'learning_rate': 0.024562383309704932, 'subsample': 0.8612975035964376, 'min_child_samples': 36, 'reg_alpha': 1.593999300080167, 'reg_lambda': 0.006081270362829788}. Best is trial 4 with value: 0.09758228097790235.
[I 2026-05-07 00:28:04,395] Trial 5 finished with value: -0.004304060187940506 and parameters: {'confidence_threshold': 0.6029115860358569, 'training_days': 60, 'n_estimators': 441, 'max_depth': 3, 'num_leaves': 66, 'learning_rate': 0.044953114425778824, 'subsample': 0.7098948461279406, 'min_child_samples': 15, 'reg_alpha': 4.888753565548431e-07, 'reg_lambda': 4.198190642566389}. Best is trial 4 with value: 0.09758228097790235.
[I 2026-05-07 00:28:04,653] Trial 6 finished with value: 0.09071252383865487 and parameters: {'confidence_threshold': 0.7376932868314098, 'training_days': 290, 'n_estimators': 249, 'max_depth': 5, 'num_leaves': 121, 'learning_rate': 0.015565840632862623, 'subsample': 0.8390183783709677, 'min_child_samples': 19, 'reg_alpha': 1.860444687368747e-08, 'reg_lambda': 2.7391483548058117e-06}. Best is trial 4 with value: 0.09758228097790235.
[I 2026-05-07 00:28:04,693] Trial 7 finished with value: -0.01636240787917715 and parameters: {'confidence_threshold': 0.563503962036334, 'training_days': 70, 'n_estimators': 63, 'max_depth': 3, 'num_leaves': 47, 'learning_rate': 0.18074927623018475, 'subsample': 0.5059692991701257, 'min_child_samples': 9, 'reg_alpha': 3.6945804405602874e-08, 'reg_lambda': 0.027706035542028905}. Best is trial 4 with value: 0.09758228097790235.
[I 2026-05-07 00:28:04,782] Trial 8 finished with value: -0.008723837541118124 and parameters: {'confidence_threshold': 0.6525471176758836, 'training_days': 440, 'n_estimators': 116, 'max_depth': 4, 'num_leaves': 115, 'learning_rate': 0.010229952960863938, 'subsample': 0.5062159465415076, 'min_child_samples': 54, 'reg_alpha': 6.790626457822126e-06, 'reg_lambda': 1.7869141074987722e-05}. Best is trial 4 with value: 0.09758228097790235.
[I 2026-05-07 00:28:04,883] Trial 9 finished with value: 0.09352754547991342 and parameters: {'confidence_threshold': 0.7277571993354469, 'training_days': 360, 'n_estimators': 75, 'max_depth': 5, 'num_leaves': 41, 'learning_rate': 0.014186743931212992, 'subsample': 0.7445187273047605, 'min_child_samples': 22, 'reg_alpha': 0.02393227447113315, 'reg_lambda': 0.009236766173618426}. Best is trial 4 with value: 0.09758228097790235.

  [label] 2023-11-19 00:00 BCHUSDT entry=228.7000 → SHORT | long=sl(-3.31%) short=sl(-3.31%) | scanned=8 | no_tp→fwd_return=-5.5094
  [label] 2024-02-18 16:00 BCHUSDT entry=270.5100 → SHORT | long=sl(-2.96%) short=tp(+5.62%) | scanned=5 | short_tp_only
  [label] 2024-03-21 16:00 BCHUSDT entry=414.4600 → LONG | long=tp(+12.53%) short=sl(-6.41%) | scanned=5 | long_tp_only
  [label] 2024-04-07 00:00 BCHUSDT entry=676.4600 → SHORT | long=sl(-5.86%) short=tp(+11.42%) | scanned=10 | short_tp_only
  [label] 2024-04-20 00:00 BCHUSDT entry=477.4000 → SHORT | long=timeout(-1.43%) short=sl(-6.98%) | scanned=22 | no_tp→fwd_return=-1.3259
  [label] 2024-05-08 16:00 BCHUSDT entry=447.8100 → LONG | long=sl(-4.15%) short=sl(-4.15%) | scanned=21 | no_tp→fwd_return=+3.4948
  [label] 2024-05-15 00:00 BCHUSDT entry=431.2400 → LONG | long=tp(+6.14%) short=sl(-3.22%) | scanned=2 | long_tp_only
  [label] 2024-05-27 08:00 BCHUSDT entry=500.7800 → SHORT | long=sl(-3.01%) short=tp(+5.72%) | scanned=2 | short_tp_only
  [label] 2024-07-06 08:00 BCHUSDT entry=331.0900 → SHORT | long=sl(-4.54%) short=tp(+8.77%) | scanned=5 | short_tp_only
  [label] 2024-07-16 08:00 BCHUSDT entry=393.4800 → SHORT | long=sl(-3.99%) short=timeout(+3.87%) | scanned=22 | no_tp→fwd_return=-3.9697
  [label] 2024-10-11 08:00 BCHUSDT entry=326.1300 → LONG | long=sl(-2.41%) short=sl(-2.41%) | scanned=9 | no_tp→fwd_return=+8.6959
  Labels: 1067 long (48.7%), 1126 short (51.3%) | weights: min=1.00, mean=3.91, max=10.00
  Features: 2193/2193 matched, 13 columns
  CV gap: 22 rows
    [trial 0] 13 features, training_days=230 | threshold=0.779 | labels: 1067 long, 1126 short (49/51%)
    [CV fold 0] train_end=2023-02-24 00:00 | val_start=2023-03-03 16:00 | gap=184h (22 rows)
    [CV fold 1] train_end=2023-06-25 16:00 | val_start=2023-07-03 08:00 | gap=184h (22 rows)
    [CV fold 2] train_end=2023-10-25 08:00 | val_start=2023-11-02 00:00 | gap=184h (22 rows)
    [CV fold 3] train_end=2024-02-24 00:00 | val_start=2024-03-02 16:00 | gap=184h (22 rows)
    [CV fold 4] train_end=2024-06-24 16:00 | val_start=2024-07-02 08:00 | gap=184h (22 rows)
    [trial 0] Sharpe=-0.0499 (folds: 0.0145, -0.0867, 0.0101, -0.0253, -0.1621)
    [trial 1] 13 features, training_days=410 | threshold=0.693 | labels: 1067 long, 1126 short (49/51%)
    [trial 1] Sharpe=0.0238 (folds: -0.0178, 0.0952, -0.0737, 0.0164, 0.0988)
    [trial 2] 13 features, training_days=270 | threshold=0.546 | labels: 1067 long, 1126 short (49/51%)
    [trial 2] Sharpe=-0.0097 (folds: -0.0112, -0.0737, 0.0760, -0.0417, 0.0023)
    [trial 3] 13 features, training_days=270 | threshold=0.600 | labels: 1067 long, 1126 short (49/51%)
    [trial 3] Sharpe=-0.0230 (folds: 0.0378, -0.0122, -0.1531, -0.0382, 0.0508)
    [trial 4] 13 features, training_days=390 | threshold=0.764 | labels: 1067 long, 1126 short (49/51%)
    [trial 4] Sharpe=0.0976 (folds: 0.0913, 0.1006, 0.0314, 0.0435, 0.2211)
    [trial 5] 13 features, training_days=60 | threshold=0.603 | labels: 1067 long, 1126 short (49/51%)
    [trial 5] Sharpe=-0.0043 (folds: -0.0380, -0.1138, 0.0247, 0.0375, 0.0681)
    [trial 6] 13 features, training_days=290 | threshold=0.738 | labels: 1067 long, 1126 short (49/51%)
    [trial 6] Sharpe=0.0907 (folds: 0.0513, -0.0666, 0.1093, -0.0102, 0.3697)
    [trial 7] 13 features, training_days=70 | threshold=0.564 | labels: 1067 long, 1126 short (49/51%)
    [trial 7] Sharpe=-0.0164 (folds: 0.0011, -0.1302, 0.0007, 0.0105, 0.0361)
    [trial 8] 13 features, training_days=440 | threshold=0.653 | labels: 1067 long, 1126 short (49/51%)
    [trial 8] Sharpe=-0.0087 (folds: 0.0651, -0.0548, 0.1941, -0.0349, -0.2131)
    [trial 9] 13 features, training_days=360 | threshold=0.728 | labels: 1067 long, 1126 short (49/51%)
    [trial 9] Sharpe=0.0935 (folds: 0.0742, -0.0222, 0.1830, 0.1378, 0.0949)
  Optuna: 10 trials, best Sharpe = 0.0976
  Best params: n_estimators=464, max_depth=5, lr=0.0246, leaves=30
  Best confidence_threshold: 0.764
  Best training_days: 390
  Retrained on full data (1170 samples, 13 features)
  Model trained for 2024-11: 90 test candles with features, confidence_threshold=0.764
[predict] 2024-11-05 16:00 BCHUSDT → LONG (proba=0.77 TP=6.6%/SL=3.3%)
[trade:open] 2024-11-05 23:59 BCHUSDT LONG @ 342.50 | SL=331.14 TP=365.22 | timeout=2024-11-12 23:59
[trade:close] 2024-11-06 07:59 BCHUSDT LONG → take_profit @ 365.22 | PnL=+6.63% (net +6.53%) | cum=+54.82% 2024-11=+6.53% 2024-11-06=+6.53%
[predict] 2024-11-07 16:00 BCHUSDT → SHORT (proba=0.88 TP=6.9%/SL=3.4%)
[trade:open] 2024-11-07 23:59 BCHUSDT SHORT @ 377.51 | SL=390.46 TP=351.61 | timeout=2024-11-14 23:59
[trade:close] 2024-11-09 23:59 BCHUSDT SHORT → stop_loss @ 390.46 | PnL=-3.43% (net -3.53%) | cum=+51.29% 2024-11=+3.00% 2024-11-09=-3.53%
[predict] 2024-11-12 00:00 BCHUSDT → SHORT (proba=0.93 TP=8.5%/SL=4.3%)
[trade:open] 2024-11-12 07:59 BCHUSDT SHORT @ 458.81 | SL=478.42 TP=419.58 | timeout=2024-11-19 07:59
[trade:close] 2024-11-12 15:59 BCHUSDT SHORT → take_profit @ 419.58 | PnL=+8.55% (net +8.45%) | cum=+59.74% 2024-11=+11.45% 2024-11-12=+8.45%
[predict] 2024-11-20 00:00 BCHUSDT → SHORT (proba=0.95 TP=10.4%/SL=5.2%)
[trade:open] 2024-11-20 07:59 BCHUSDT SHORT @ 439.43 | SL=462.38 TP=393.54 | timeout=2024-11-27 07:59
[trade:close] 2024-11-21 07:59 BCHUSDT SHORT → stop_loss @ 462.38 | PnL=-5.22% (net -5.32%) | cum=+54.41% 2024-11=+6.13% 2024-11-21=-5.32%
[predict] 2024-11-22 16:00 BCHUSDT → SHORT (proba=0.88 TP=10.8%/SL=5.4%)
[trade:open] 2024-11-22 23:59 BCHUSDT SHORT @ 490.63 | SL=517.19 TP=437.51 | timeout=2024-11-29 23:59
[trade:close] 2024-11-23 07:59 BCHUSDT SHORT → stop_loss @ 517.19 | PnL=-5.41% (net -5.51%) | cum=+48.90% 2024-11=+0.62% 2024-11-23=-5.51%
[lgbm] === Training for 2024-12 ===
  Train window: 2022-12-01 → 2024-12-01
  2193 training samples from 1 symbols
  Samples per month: 2022-12: 93, 2023-01: 93, 2023-02: 84, 2023-03: 93, 2023-04: 90, 2023-05: 93, 2023-06: 90, 2023-07: 93, 2023-08: 93, 2023-09: 90, 2023-10: 93, 2023-11: 90, 2023-12: 93, 2024-01: 93, 2024-02: 87, 2024-03: 93, 2024-04: 90, 2024-05: 93, 2024-06: 90, 2024-07: 93, 2024-08: 93, 2024-09: 90, 2024-10: 93, 2024-11: 90
  [label] 2023-02-01 08:00 BCHUSDT entry=130.0200 → LONG | long=tp(+5.89%) short=sl(-3.10%) | scanned=2 | long_tp_only
  [label] 2023-02-03 16:00 BCHUSDT entry=137.8200 → SHORT | long=sl(-3.08%) short=tp(+5.86%) | scanned=15 | short_tp_only
  [label] 2023-02-07 08:00 BCHUSDT entry=133.6500 → SHORT | long=sl(-2.91%) short=tp(+5.53%) | scanned=7 | short_tp_only
  [label] 2023-03-04 08:00 BCHUSDT entry=125.8700 → SHORT | long=sl(-3.07%) short=tp(+5.84%) | scanned=12 | short_tp_only
  [label] 2023-04-26 08:00 BCHUSDT entry=122.5600 → SHORT | long=sl(-2.48%) short=tp(+4.65%) | scanned=1 | short_tp_only
  [label] 2023-10-11 08:00 BCHUSDT entry=212.8800 → LONG | long=tp(+6.39%) short=sl(-3.35%) | scanned=14 | long_tp_only
  [label] 2023-10-15 08:00 BCHUSDT entry=213.2400 → LONG | long=tp(+5.03%) short=sl(-2.67%) | scanned=2 | long_tp_only
  [label] 2023-10-26 00:00 BCHUSDT entry=254.4600 → SHORT | long=sl(-3.58%) short=tp(+6.86%) | scanned=5 | short_tp_only
  [label] 2023-12-10 08:00 BCHUSDT entry=250.4000 → SHORT | long=sl(-2.99%) short=tp(+5.69%) | scanned=2 | short_tp_only
  [label] 2023-12-19 00:00 BCHUSDT entry=229.4100 → LONG | long=sl(-3.02%) short=sl(-3.02%) | scanned=5 | no_tp→fwd_return=+0.1133
  [label] 2024-03-19 16:00 BCHUSDT entry=358.6500 → LONG | long=tp(+14.77%) short=sl(-7.54%) | scanned=3 | long_tp_only
  [label] 2024-04-20 16:00 BCHUSDT entry=514.9000 → SHORT | long=sl(-6.45%) short=timeout(+7.32%) | scanned=22 | no_tp→fwd_return=-7.4228
  [label] 2024-05-07 00:00 BCHUSDT entry=468.3800 → SHORT | long=sl(-3.78%) short=sl(-3.78%) | scanned=3 | no_tp→fwd_return=-3.4438
  [label] 2024-05-20 00:00 BCHUSDT entry=479.6600 → LONG | long=tp(+6.32%) short=sl(-3.31%) | scanned=2 | long_tp_only
  [label] 2024-06-07 16:00 BCHUSDT entry=477.3000 → SHORT | long=sl(-3.13%) short=tp(+5.97%) | scanned=10 | short_tp_only
  [label] 2024-06-14 00:00 BCHUSDT entry=436.5700 → SHORT | long=sl(-3.37%) short=tp(+6.44%) | scanned=2 | short_tp_only[I 2026-05-07 00:28:05,179] A new study created in memory with name: no-name-b37c5d55-f2a1-4a69-a22f-5dfa76c1bf5b
[I 2026-05-07 00:28:05,445] Trial 0 finished with value: -0.05155181450977443 and parameters: {'confidence_threshold': 0.7790993046299082, 'training_days': 230, 'n_estimators': 295, 'max_depth': 5, 'num_leaves': 83, 'learning_rate': 0.051543455158230854, 'subsample': 0.8773243492079463, 'min_child_samples': 10, 'reg_alpha': 0.034096514368237685, 'reg_lambda': 3.154180388637081e-05}. Best is trial 0 with value: -0.05155181450977443.
[I 2026-05-07 00:28:05,601] Trial 1 finished with value: -0.04735562781923053 and parameters: {'confidence_threshold': 0.6929247853618086, 'training_days': 410, 'n_estimators': 233, 'max_depth': 5, 'num_leaves': 108, 'learning_rate': 0.013724237108071606, 'subsample': 0.7013182233636002, 'min_child_samples': 94, 'reg_alpha': 2.4040959529260723e-06, 'reg_lambda': 5.320966582161148}. Best is trial 1 with value: -0.04735562781923053.
[I 2026-05-07 00:28:05,669] Trial 2 finished with value: -0.05284181502270748 and parameters: {'confidence_threshold': 0.546341527225763, 'training_days': 270, 'n_estimators': 120, 'max_depth': 4, 'num_leaves': 53, 'learning_rate': 0.060197068579343475, 'subsample': 0.588227873455941, 'min_child_samples': 91, 'reg_alpha': 2.3457771824819002e-08, 'reg_lambda': 1.1358840775642732e-08}. Best is trial 1 with value: -0.04735562781923053.
[I 2026-05-07 00:28:05,873] Trial 3 finished with value: -0.08343166903893595 and parameters: {'confidence_threshold': 0.6000319676300473, 'training_days': 270, 'n_estimators': 382, 'max_depth': 4, 'num_leaves': 44, 'learning_rate': 0.09185046765032388, 'subsample': 0.6743651508646724, 'min_child_samples': 77, 'reg_alpha': 0.0013974578104212739, 'reg_lambda': 8.97190257982477e-08}. Best is trial 1 with value: -0.04735562781923053.
[I 2026-05-07 00:28:06,247] Trial 4 finished with value: -0.012875569488855714 and parameters: {'confidence_threshold': 0.7642618789055509, 'training_days': 390, 'n_estimators': 464, 'max_depth': 5, 'num_leaves': 30, 'learning_rate': 0.024562383309704932, 'subsample': 0.8612975035964376, 'min_child_samples': 36, 'reg_alpha': 1.593999300080167, 'reg_lambda': 0.006081270362829788}. Best is trial 4 with value: -0.012875569488855714.
[I 2026-05-07 00:28:06,389] Trial 5 finished with value: -0.028252534163650155 and parameters: {'confidence_threshold': 0.6029115860358569, 'training_days': 60, 'n_estimators': 441, 'max_depth': 3, 'num_leaves': 66, 'learning_rate': 0.044953114425778824, 'subsample': 0.7098948461279406, 'min_child_samples': 15, 'reg_alpha': 4.888753565548431e-07, 'reg_lambda': 4.198190642566389}. Best is trial 4 with value: -0.012875569488855714.
[I 2026-05-07 00:28:06,591] Trial 6 finished with value: 0.020726133360538124 and parameters: {'confidence_threshold': 0.7376932868314098, 'training_days': 290, 'n_estimators': 249, 'max_depth': 5, 'num_leaves': 121, 'learning_rate': 0.015565840632862623, 'subsample': 0.8390183783709677, 'min_child_samples': 19, 'reg_alpha': 1.860444687368747e-08, 'reg_lambda': 2.7391483548058117e-06}. Best is trial 6 with value: 0.020726133360538124.
[I 2026-05-07 00:28:06,629] Trial 7 finished with value: -0.08647145996983044 and parameters: {'confidence_threshold': 0.563503962036334, 'training_days': 70, 'n_estimators': 63, 'max_depth': 3, 'num_leaves': 47, 'learning_rate': 0.18074927623018475, 'subsample': 0.5059692991701257, 'min_child_samples': 9, 'reg_alpha': 3.6945804405602874e-08, 'reg_lambda': 0.027706035542028905}. Best is trial 6 with value: 0.020726133360538124.
[I 2026-05-07 00:28:06,717] Trial 8 finished with value: -0.1569968473216237 and parameters: {'confidence_threshold': 0.6525471176758836, 'training_days': 440, 'n_estimators': 116, 'max_depth': 4, 'num_leaves': 115, 'learning_rate': 0.010229952960863938, 'subsample': 0.5062159465415076, 'min_child_samples': 54, 'reg_alpha': 6.790626457822126e-06, 'reg_lambda': 1.7869141074987722e-05}. Best is trial 6 with value: 0.020726133360538124.
[I 2026-05-07 00:28:06,802] Trial 9 finished with value: -2.2126705551428016 and parameters: {'confidence_threshold': 0.7277571993354469, 'training_days': 360, 'n_estimators': 75, 'max_depth': 5, 'num_leaves': 41, 'learning_rate': 0.014186743931212992, 'subsample': 0.7445187273047605, 'min_child_samples': 22, 'reg_alpha': 0.02393227447113315, 'reg_lambda': 0.009236766173618426}. Best is trial 6 with value: 0.020726133360538124.
[I 2026-05-07 00:28:07,065] A new study created in memory with name: no-name-af55f757-5105-49fe-b9ab-ce13f69e5a4e
[I 2026-05-07 00:28:07,320] Trial 0 finished with value: -0.06384339920289525 and parameters: {'confidence_threshold': 0.7790993046299082, 'training_days': 230, 'n_estimators': 295, 'max_depth': 5, 'num_leaves': 83, 'learning_rate': 0.051543455158230854, 'subsample': 0.8773243492079463, 'min_child_samples': 10, 'reg_alpha': 0.034096514368237685, 'reg_lambda': 3.154180388637081e-05}. Best is trial 0 with value: -0.06384339920289525.
[I 2026-05-07 00:28:07,464] Trial 1 finished with value: 0.015831344912466166 and parameters: {'confidence_threshold': 0.6929247853618086, 'training_days': 410, 'n_estimators': 233, 'max_depth': 5, 'num_leaves': 108, 'learning_rate': 0.013724237108071606, 'subsample': 0.7013182233636002, 'min_child_samples': 94, 'reg_alpha': 2.4040959529260723e-06, 'reg_lambda': 5.320966582161148}. Best is trial 1 with value: 0.015831344912466166.
[I 2026-05-07 00:28:07,526] Trial 2 finished with value: -0.018590317881337755 and parameters: {'confidence_threshold': 0.546341527225763, 'training_days': 270, 'n_estimators': 120, 'max_depth': 4, 'num_leaves': 53, 'learning_rate': 0.060197068579343475, 'subsample': 0.588227873455941, 'min_child_samples': 91, 'reg_alpha': 2.3457771824819002e-08, 'reg_lambda': 1.1358840775642732e-08}. Best is trial 1 with value: 0.015831344912466166.
[I 2026-05-07 00:28:07,694] Trial 3 finished with value: -0.020982554489591708 and parameters: {'confidence_threshold': 0.6000319676300473, 'training_days': 270, 'n_estimators': 382, 'max_depth': 4, 'num_leaves': 44, 'learning_rate': 0.09185046765032388, 'subsample': 0.6743651508646724, 'min_child_samples': 77, 'reg_alpha': 0.0013974578104212739, 'reg_lambda': 8.97190257982477e-08}. Best is trial 1 with value: 0.015831344912466166.
