[I 2026-05-07 00:30:00,948] Trial 9 finished with value: -0.20410058133925837 and parameters: {'confidence_threshold': 0.7277571993354469, 'training_days': 360, 'n_estimators': 75, 'max_depth': 5, 'num_leaves': 41, 'learning_rate': 0.014186743931212992, 'subsample': 0.7445187273047605, 'min_child_samples': 22, 'reg_alpha': 0.02393227447113315, 'reg_lambda': 0.009236766173618426}. Best is trial 8 with value: 0.001337326326237373.

    [trial 8] Sharpe=-0.1024 (folds: 0.0027, -0.1126, -0.0993, -0.2986, -0.0043)
    [trial 9] 13 features, training_days=360 | threshold=0.728 | labels: 1171 long, 1004 short (54/46%)
    [trial 9] Sharpe=-0.5562 (folds: 0.0113, -0.0666, -0.3772, -2.5761, 0.2276)
  Optuna: 10 trials, best Sharpe = -0.0362
  Best params: n_estimators=63, max_depth=3, lr=0.1807, leaves=47
  Best confidence_threshold: 0.564
  Best training_days: 70
  Retrained on full data (210 samples, 13 features)
  Model trained for 2023-09: 90 test candles with features, confidence_threshold=0.564
[predict] 2023-09-14 08:00 TRXUSDT → SHORT (proba=0.99 TP=2.7%/SL=1.3%)
[trade:open] 2023-09-14 15:59 TRXUSDT SHORT @ 0.08 | SL=0.08 TP=0.08 | timeout=2023-09-21 15:59
[trade:close] 2023-09-15 07:59 TRXUSDT SHORT → stop_loss @ 0.08 | PnL=-1.33% (net -1.43%) | cum=+2.29% 2023-09=-1.43% 2023-09-15=-1.43%
[predict] 2023-09-30 00:00 TRXUSDT → SHORT (proba=0.99 TP=2.2%/SL=1.1%)
[trade:open] 2023-09-30 07:59 TRXUSDT SHORT @ 0.09 | SL=0.09 TP=0.09 | timeout=2023-10-07 07:59
[lgbm] === Training for 2023-10 ===
  Train window: 2021-10-01 → 2023-10-01
  2175 training samples from 1 symbols
  Samples per month: 2021-10: 93, 2021-11: 90, 2021-12: 93, 2022-01: 93, 2022-02: 75, 2022-03: 93, 2022-04: 84, 2022-05: 93, 2022-06: 90, 2022-07: 93, 2022-08: 93, 2022-09: 90, 2022-10: 93, 2022-11: 90, 2022-12: 93, 2023-01: 93, 2023-02: 84, 2023-03: 93, 2023-04: 90, 2023-05: 93, 2023-06: 90, 2023-07: 93, 2023-08: 93, 2023-09: 90
  [label] 2021-12-01 16:00 TRXUSDT entry=0.0969 → SHORT | long=sl(-3.62%) short=sl(-3.62%) | scanned=7 | no_tp→fwd_return=-15.8634
  [label] 2021-12-04 00:00 TRXUSDT entry=0.0815 → LONG | long=tp(+10.30%) short=sl(-5.30%) | scanned=10 | long_tp_only
  [label] 2021-12-07 16:00 TRXUSDT entry=0.0899 → SHORT | long=sl(-4.68%) short=timeout(+3.14%) | scanned=22 | no_tp→fwd_return=-3.2355
  [label] 2022-01-01 16:00 TRXUSDT entry=0.0765 → SHORT | long=sl(-2.91%) short=tp(+5.53%) | scanned=12 | short_tp_only
  [label] 2022-02-23 00:00 TRXUSDT entry=0.0624 → SHORT | long=sl(-3.01%) short=tp(+5.72%) | scanned=3 | short_tp_only
  [label] 2022-08-13 16:00 TRXUSDT entry=0.0699 → LONG | long=tp(+3.33%) short=sl(-1.82%) | scanned=2 | long_tp_only
  [label] 2022-08-17 16:00 TRXUSDT entry=0.0683 → SHORT | long=sl(-2.05%) short=tp(+3.79%) | scanned=4 | short_tp_only
  [label] 2022-08-28 08:00 TRXUSDT entry=0.0626 → LONG | long=sl(-1.99%) short=sl(-1.99%) | scanned=6 | no_tp→fwd_return=+4.2019
  [label] 2022-10-12 08:00 TRXUSDT entry=0.0620 → SHORT | long=sl(-1.94%) short=tp(+3.57%) | scanned=3 | short_tp_only
  [label] 2022-10-21 00:00 TRXUSDT entry=0.0622 → LONG | long=sl(-1.87%) short=sl(-1.87%) | scanned=16 | no_tp→fwd_return=+1.4150
  [label] 2023-01-19 16:00 TRXUSDT entry=0.0601 → LONG | long=tp(+4.78%) short=sl(-2.54%) | scanned=5 | long_tp_only
  [label] 2023-02-20 16:00 TRXUSDT entry=0.0719 → SHORT | long=sl(-2.44%) short=tp(+4.57%) | scanned=4 | short_tp_only
  [label] 2023-03-08 16:00 TRXUSDT entry=0.0653 → SHORT | long=sl(-1.76%) short=tp(+3.21%) | scanned=3 | short_tp_only
  [label] 2023-03-21 16:00 TRXUSDT entry=0.0670 → SHORT | long=sl(-2.72%) short=tp(+5.13%) | scanned=3 | short_tp_only
  [label] 2023-04-09 00:00 TRXUSDT entry=0.0660 → SHORT | long=sl(-1.72%) short=sl(-1.72%) | scanned=9 | no_tp→fwd_return=-3.0014
  [label] 2023-04-15 08:00 TRXUSDT entry=0.0660 → SHORT | long=sl(-1.88%) short=sl(-1.88%) | scanned=13 | no_tp→fwd_return=-0.5761
  [label] 2023-04-27 16:00 TRXUSDT entry=0.0657 → LONG | long=tp(+3.08%) short=sl(-1.69%) | scanned=6 | long_tp_only
  [label] 2023-06-06 08:00 TRXUSDT entry=0.0776 → SHORT | long=sl(-2.31%) short=tp(+4.33%) | scanned=10 | short_tp_only
  [label] 2023-06-16 08:00 TRXUSDT entry=0.0696 → LONG | long=tp(+4.89%) short=sl(-2.59%) | scanned=17 | long_tp_only
  [label] 2023-09-10 16:00 TRXUSDT entry=0.0783 → LONG | long=sl(-1.11%) short=sl(-1.11%) | scanned=5 | no_tp→fwd_return=+4.8933
  Labels: 1193 long (54.9%), 982 short (45.1%) | weights: min=1.01, mean=2.90, max=10.00
  Features: 2175/2175 matched, 13 columns
  CV gap: 22 rows
    [trial 0] 13 features, training_days=230 | threshold=0.779 | labels: 1193 long, 982 short (55/45%)
    [CV fold 0] train_end=2022-01-23 00:00 | val_start=2022-01-30 16:00 | gap=184h (22 rows)
    [CV fold 1] train_end=2022-05-28 16:00 | val_start=2022-06-05 08:00 | gap=184h (22 rows)
    [CV fold 2] train_end=2022-09-26 08:00 | val_start=2022-10-04 00:00 | gap=184h (22 rows)
    [CV fold 3] train_end=2023-01-25 00:00 | val_start=2023-02-01 16:00 | gap=184h (22 rows)
    [CV fold 4] train_end=2023-05-25 16:00 | val_start=2023-06-02 08:00 | gap=184h (22 rows)
    [trial 0] Sharpe=-0.1748 (folds: -0.2290, -0.0808, -0.3326, -0.0754, -0.1561)
    [trial 1] 13 features, training_days=410 | threshold=0.693 | labels: 1193 long, 982 short (55/45%)
    [trial 1] Sharpe=-0.1602 (folds: -0.2295, 0.1601, -0.2545, -0.2298, -0.2472)
    [trial 2] 13 features, training_days=270 | threshold=0.546 | labels: 1193 long, 982 short (55/45%)
    [trial 2] Sharpe=-0.0677 (folds: -0.2294, 0.0853, -0.0394, -0.1868, 0.0317)
    [trial 3] 13 features, training_days=270 | threshold=0.600 | labels: 1193 long, 982 short (55/45%)
    [trial 3] Sharpe=-0.1014 (folds: -0.2277, 0.0844, -0.1080, -0.1039, -0.1520)
    [trial 4] 13 features, training_days=390 | threshold=0.764 | labels: 1193 long, 982 short (55/45%)
    [trial 4] Sharpe=-0.1393 (folds: -0.1907, 0.0571, -0.1064, -0.0879, -0.3685)
    [trial 5] 13 features, training_days=60 | threshold=0.603 | labels: 1193 long, 982 short (55/45%)
    [trial 5] Sharpe=-0.1379 (folds: -0.2394, 0.0585, -0.3934, -0.1125, -0.0026)
    [trial 6] 13 features, training_days=290 | threshold=0.738 | labels: 1193 long, 982 short (55/45%)
    [trial 6] Sharpe=-0.1017 (folds: -0.1994, -0.0207, -0.0684, -0.1784, -0.0415)
    [trial 7] 13 features, training_days=70 | threshold=0.564 | labels: 1193 long, 982 short (55/45%)
    [trial 7] Sharpe=-0.1339 (folds: -0.2391, -0.0570, -0.2341, -0.1219, -0.0173)
    [trial 8] 13 features, training_days=440 | threshold=0.653 | labels: 1193 long, 982 short (55/45%)
    [trial 8] Sharpe=0.0013 (folds: -0.1797, 0.1847, -0.0652, 0.1194, -0.0525)
    [trial 9] 13 features, training_days=360 | threshold=0.728 | labels: 1193 long, 982 short (55/45%)
    [trial 9] Sharpe=-0.2041 (folds: -0.3238, -0.0892, -0.4318, -0.1349, -0.0408)
  Optuna: 10 trials, best Sharpe = 0.0013
  Best params: n_estimators=116, max_depth=4, lr=0.0102, leaves=115
  Best confidence_threshold: 0.653
  Best training_days: 440
  Retrained on full data (1320 samples, 13 features)
  Model trained for 2023-10: 93 test candles with features, confidence_threshold=0.653
[trade:close] 2023-10-01 23:59 TRXUSDT SHORT → stop_loss @ 0.09 | PnL=-1.12% (net -1.22%) | cum=+1.08% 2023-10=-1.22% 2023-10-01=-1.22%
[predict] 2023-10-25 08:00 TRXUSDT → SHORT (proba=0.66 TP=2.6%/SL=1.3%)
[trade:open] 2023-10-25 15:59 TRXUSDT SHORT @ 0.09 | SL=0.10 TP=0.09 | timeout=2023-11-01 15:59
[trade:close] 2023-10-29 23:59 TRXUSDT SHORT → stop_loss @ 0.10 | PnL=-1.30% (net -1.40%) | cum=-0.32% 2023-10=-2.61% 2023-10-29=-1.40%
[lgbm] === Training for 2023-11 ===
  Train window: 2021-11-01 → 2023-11-01
  2175 training samples from 1 symbols
  Samples per month: 2021-11: 90, 2021-12: 93, 2022-01: 93, 2022-02: 75, 2022-03: 93, 2022-04: 84, 2022-05: 93, 2022-06: 90, 2022-07: 93, 2022-08: 93, 2022-09: 90, 2022-10: 93, 2022-11: 90, 2022-12: 93, 2023-01: 93, 2023-02: 84, 2023-03: 93, 2023-04: 90, 2023-05: 93, 2023-06: 90, 2023-07: 93, 2023-08: 93, 2023-09: 90, 2023-10: 93
  [label] 2022-01-01 16:00 TRXUSDT entry=0.0765 → SHORT | long=sl(-2.91%) short=tp(+5.53%) | scanned=12 | short_tp_only
  [label] 2022-01-04 00:00 TRXUSDT entry=0.0768 → SHORT | long=sl(-2.64%) short=tp(+4.99%) | scanned=5 | short_tp_only
  [label] 2022-01-07 16:00 TRXUSDT entry=0.0682 → SHORT | long=sl(-3.42%) short=tp(+6.55%) | scanned=8 | short_tp_only
  [label] 2022-02-01 16:00 TRXUSDT entry=0.0598 → LONG | long=tp(+6.45%) short=sl(-3.37%) | scanned=8 | long_tp_only
  [label] 2022-03-29 00:00 TRXUSDT entry=0.0716 → SHORT | long=sl(-2.39%) short=tp(+4.47%) | scanned=2 | short_tp_only[I 2026-05-07 00:30:01,304] A new study created in memory with name: no-name-7abd9de5-ca79-4cea-ba50-2ce339019f2b
[I 2026-05-07 00:30:01,597] Trial 0 finished with value: -0.1251777234924622 and parameters: {'confidence_threshold': 0.7790993046299082, 'training_days': 230, 'n_estimators': 295, 'max_depth': 5, 'num_leaves': 83, 'learning_rate': 0.051543455158230854, 'subsample': 0.8773243492079463, 'min_child_samples': 10, 'reg_alpha': 0.034096514368237685, 'reg_lambda': 3.154180388637081e-05}. Best is trial 0 with value: -0.1251777234924622.
[I 2026-05-07 00:30:01,729] Trial 1 finished with value: -0.22268092183241164 and parameters: {'confidence_threshold': 0.6929247853618086, 'training_days': 410, 'n_estimators': 233, 'max_depth': 5, 'num_leaves': 108, 'learning_rate': 0.013724237108071606, 'subsample': 0.7013182233636002, 'min_child_samples': 94, 'reg_alpha': 2.4040959529260723e-06, 'reg_lambda': 5.320966582161148}. Best is trial 0 with value: -0.1251777234924622.
[I 2026-05-07 00:30:01,792] Trial 2 finished with value: -0.19211137532864692 and parameters: {'confidence_threshold': 0.546341527225763, 'training_days': 270, 'n_estimators': 120, 'max_depth': 4, 'num_leaves': 53, 'learning_rate': 0.060197068579343475, 'subsample': 0.588227873455941, 'min_child_samples': 91, 'reg_alpha': 2.3457771824819002e-08, 'reg_lambda': 1.1358840775642732e-08}. Best is trial 0 with value: -0.1251777234924622.
[I 2026-05-07 00:30:01,985] Trial 3 finished with value: -0.1680698392284642 and parameters: {'confidence_threshold': 0.6000319676300473, 'training_days': 270, 'n_estimators': 382, 'max_depth': 4, 'num_leaves': 44, 'learning_rate': 0.09185046765032388, 'subsample': 0.6743651508646724, 'min_child_samples': 77, 'reg_alpha': 0.0013974578104212739, 'reg_lambda': 8.97190257982477e-08}. Best is trial 0 with value: -0.1251777234924622.
[I 2026-05-07 00:30:02,373] Trial 4 finished with value: -0.19245320988954248 and parameters: {'confidence_threshold': 0.7642618789055509, 'training_days': 390, 'n_estimators': 464, 'max_depth': 5, 'num_leaves': 30, 'learning_rate': 0.024562383309704932, 'subsample': 0.8612975035964376, 'min_child_samples': 36, 'reg_alpha': 1.593999300080167, 'reg_lambda': 0.006081270362829788}. Best is trial 0 with value: -0.1251777234924622.
[I 2026-05-07 00:30:02,542] Trial 5 finished with value: -0.10742493645099918 and parameters: {'confidence_threshold': 0.6029115860358569, 'training_days': 60, 'n_estimators': 441, 'max_depth': 3, 'num_leaves': 66, 'learning_rate': 0.044953114425778824, 'subsample': 0.7098948461279406, 'min_child_samples': 15, 'reg_alpha': 4.888753565548431e-07, 'reg_lambda': 4.198190642566389}. Best is trial 5 with value: -0.10742493645099918.
[I 2026-05-07 00:30:02,800] Trial 6 finished with value: -0.19665684088832958 and parameters: {'confidence_threshold': 0.7376932868314098, 'training_days': 290, 'n_estimators': 249, 'max_depth': 5, 'num_leaves': 121, 'learning_rate': 0.015565840632862623, 'subsample': 0.8390183783709677, 'min_child_samples': 19, 'reg_alpha': 1.860444687368747e-08, 'reg_lambda': 2.7391483548058117e-06}. Best is trial 5 with value: -0.10742493645099918.
[I 2026-05-07 00:30:02,838] Trial 7 finished with value: -0.0959666147068097 and parameters: {'confidence_threshold': 0.563503962036334, 'training_days': 70, 'n_estimators': 63, 'max_depth': 3, 'num_leaves': 47, 'learning_rate': 0.18074927623018475, 'subsample': 0.5059692991701257, 'min_child_samples': 9, 'reg_alpha': 3.6945804405602874e-08, 'reg_lambda': 0.027706035542028905}. Best is trial 7 with value: -0.0959666147068097.
[I 2026-05-07 00:30:02,934] Trial 8 finished with value: -0.29541942096035195 and parameters: {'confidence_threshold': 0.6525471176758836, 'training_days': 440, 'n_estimators': 116, 'max_depth': 4, 'num_leaves': 115, 'learning_rate': 0.010229952960863938, 'subsample': 0.5062159465415076, 'min_child_samples': 54, 'reg_alpha': 6.790626457822126e-06, 'reg_lambda': 1.7869141074987722e-05}. Best is trial 7 with value: -0.0959666147068097.
[I 2026-05-07 00:30:03,039] Trial 9 finished with value: -4.156794564374939 and parameters: {'confidence_threshold': 0.7277571993354469, 'training_days': 360, 'n_estimators': 75, 'max_depth': 5, 'num_leaves': 41, 'learning_rate': 0.014186743931212992, 'subsample': 0.7445187273047605, 'min_child_samples': 22, 'reg_alpha': 0.02393227447113315, 'reg_lambda': 0.009236766173618426}. Best is trial 7 with value: -0.0959666147068097.

  [label] 2022-09-13 16:00 TRXUSDT entry=0.0606 → SHORT | long=sl(-2.03%) short=sl(-2.03%) | scanned=16 | no_tp→fwd_return=-1.6675
  [label] 2022-09-17 16:00 TRXUSDT entry=0.0622 → SHORT | long=sl(-1.74%) short=tp(+3.18%) | scanned=4 | short_tp_only
  [label] 2022-09-28 08:00 TRXUSDT entry=0.0593 → LONG | long=tp(+3.40%) short=sl(-1.85%) | scanned=4 | long_tp_only
  [label] 2022-11-12 08:00 TRXUSDT entry=0.0546 → SHORT | long=sl(-4.95%) short=tp(+9.60%) | scanned=5 | short_tp_only
  [label] 2022-11-21 00:00 TRXUSDT entry=0.0500 → LONG | long=tp(+7.36%) short=sl(-3.83%) | scanned=10 | long_tp_only
  [label] 2023-02-19 16:00 TRXUSDT entry=0.0704 → SHORT | long=sl(-2.40%) short=sl(-2.40%) | scanned=7 | no_tp→fwd_return=-1.4068
  [label] 2023-03-23 16:00 TRXUSDT entry=0.0651 → SHORT | long=sl(-3.64%) short=timeout(+0.48%) | scanned=22 | no_tp→fwd_return=-0.5833
  [label] 2023-04-08 16:00 TRXUSDT entry=0.0661 → LONG | long=sl(-1.76%) short=sl(-1.76%) | scanned=9 | no_tp→fwd_return=+0.2725
  [label] 2023-04-21 16:00 TRXUSDT entry=0.0649 → LONG | long=tp(+3.25%) short=sl(-1.77%) | scanned=14 | long_tp_only
  [label] 2023-05-10 00:00 TRXUSDT entry=0.0693 → LONG | long=sl(-1.53%) short=sl(-1.53%) | scanned=2 | no_tp→fwd_return=+0.0000
  [label] 2023-05-16 08:00 TRXUSDT entry=0.0704 → LONG | long=tp(+2.53%) short=sl(-1.42%) | scanned=12 | long_tp_only
  [label] 2023-05-28 16:00 TRXUSDT entry=0.0774 → SHORT | long=sl(-1.65%) short=tp(+3.00%) | scanned=10 | short_tp_only
  [label] 2023-07-07 08:00 TRXUSDT entry=0.0793 → SHORT | long=sl(-1.71%) short=tp(+3.13%) | scanned=8 | short_tp_only
  [label] 2023-07-17 08:00 TRXUSDT entry=0.0798 → LONG | long=tp(+3.16%) short=sl(-1.73%) | scanned=14 | long_tp_only
  [label] 2023-10-11 16:00 TRXUSDT entry=0.0860 → LONG | long=sl(-1.34%) short=sl(-1.34%) | scanned=13 | no_tp→fwd_return=+1.6979
  Labels: 1190 long (54.7%), 985 short (45.3%) | weights: min=1.01, mean=2.83, max=10.00
  Features: 2175/2175 matched, 13 columns
  CV gap: 22 rows
    [trial 0] 13 features, training_days=230 | threshold=0.779 | labels: 1190 long, 985 short (55/45%)
    [CV fold 0] train_end=2022-02-23 00:00 | val_start=2022-03-05 16:00 | gap=256h (22 rows)
    [CV fold 1] train_end=2022-06-28 16:00 | val_start=2022-07-06 08:00 | gap=184h (22 rows)
    [CV fold 2] train_end=2022-10-27 08:00 | val_start=2022-11-04 00:00 | gap=184h (22 rows)
    [CV fold 3] train_end=2023-02-25 00:00 | val_start=2023-03-04 16:00 | gap=184h (22 rows)
    [CV fold 4] train_end=2023-06-25 16:00 | val_start=2023-07-03 08:00 | gap=184h (22 rows)
    [trial 0] Sharpe=-0.1252 (folds: -0.0568, -0.0586, -0.2510, -0.0211, -0.2384)
    [trial 1] 13 features, training_days=410 | threshold=0.693 | labels: 1190 long, 985 short (55/45%)
    [trial 1] Sharpe=-0.2227 (folds: -0.2707, -0.0904, -0.0648, -0.2888, -0.3987)
    [trial 2] 13 features, training_days=270 | threshold=0.546 | labels: 1190 long, 985 short (55/45%)
    [trial 2] Sharpe=-0.1921 (folds: -0.1685, -0.0877, -0.1028, -0.3925, -0.2091)
    [trial 3] 13 features, training_days=270 | threshold=0.600 | labels: 1190 long, 985 short (55/45%)
    [trial 3] Sharpe=-0.1681 (folds: -0.2473, -0.0188, -0.1919, -0.2379, -0.1445)
    [trial 4] 13 features, training_days=390 | threshold=0.764 | labels: 1190 long, 985 short (55/45%)
    [trial 4] Sharpe=-0.1925 (folds: -0.2223, -0.0398, -0.1307, -0.1719, -0.3975)
    [trial 5] 13 features, training_days=60 | threshold=0.603 | labels: 1190 long, 985 short (55/45%)
    [trial 5] Sharpe=-0.1074 (folds: -0.0653, -0.1868, -0.1012, -0.2113, 0.0275)
    [trial 6] 13 features, training_days=290 | threshold=0.738 | labels: 1190 long, 985 short (55/45%)
    [trial 6] Sharpe=-0.1967 (folds: -0.1606, -0.1785, -0.1969, -0.1685, -0.2787)
    [trial 7] 13 features, training_days=70 | threshold=0.564 | labels: 1190 long, 985 short (55/45%)
    [trial 7] Sharpe=-0.0960 (folds: 0.0440, -0.2020, -0.1976, -0.1367, 0.0126)
    [trial 8] 13 features, training_days=440 | threshold=0.653 | labels: 1190 long, 985 short (55/45%)
    [trial 8] Sharpe=-0.2954 (folds: -0.1891, -0.4740, 0.0635, -0.4648, -0.4128)
    [trial 9] 13 features, training_days=360 | threshold=0.728 | labels: 1190 long, 985 short (55/45%)
    [trial 9] Sharpe=-4.1568 (folds: -0.2387, -0.2301, -10.0000, -10.0000, -0.3152)
  Optuna: 10 trials, best Sharpe = -0.0960
  Best params: n_estimators=63, max_depth=3, lr=0.1807, leaves=47
  Best confidence_threshold: 0.564
  Best training_days: 70
  Retrained on full data (210 samples, 13 features)
  Model trained for 2023-11: 90 test candles with features, confidence_threshold=0.564
[predict] 2023-11-01 00:00 TRXUSDT → LONG (proba=0.99 TP=2.4%/SL=1.2%)
[trade:open] 2023-11-01 07:59 TRXUSDT LONG @ 0.10 | SL=0.10 TP=0.10 | timeout=2023-11-08 07:59
[trade:close] 2023-11-01 15:59 TRXUSDT LONG → take_profit @ 0.10 | PnL=+2.38% (net +2.28%) | cum=+1.96% 2023-11=+2.28% 2023-11-01=+2.28%
[predict] 2023-11-03 16:00 TRXUSDT → LONG (proba=1.00 TP=2.7%/SL=1.4%)
[trade:open] 2023-11-03 23:59 TRXUSDT LONG @ 0.10 | SL=0.10 TP=0.10 | timeout=2023-11-10 23:59
[trade:close] 2023-11-07 15:59 TRXUSDT LONG → stop_loss @ 0.10 | PnL=-1.35% (net -1.45%) | cum=+0.50% 2023-11=+0.83% 2023-11-07=-1.45%
[predict] 2023-11-09 00:00 TRXUSDT → LONG (proba=0.97 TP=2.7%/SL=1.3%)
[trade:open] 2023-11-09 07:59 TRXUSDT LONG @ 0.10 | SL=0.10 TP=0.10 | timeout=2023-11-16 07:59
[trade:close] 2023-11-09 23:59 TRXUSDT LONG → stop_loss @ 0.10 | PnL=-1.35% (net -1.45%) | cum=-0.95% 2023-11=-0.62% 2023-11-09=-1.45%
[predict] 2023-11-14 08:00 TRXUSDT → SHORT (proba=0.91 TP=3.8%/SL=1.9%)
[trade:open] 2023-11-14 15:59 TRXUSDT SHORT @ 0.11 | SL=0.11 TP=0.10 | timeout=2023-11-21 15:59
[trade:close] 2023-11-16 23:59 TRXUSDT SHORT → take_profit @ 0.10 | PnL=+3.83% (net +3.73%) | cum=+2.78% 2023-11=+3.10% 2023-11-16=+3.73%
[lgbm] === Training for 2023-12 ===
  Train window: 2021-12-01 → 2023-12-01
  2175 training samples from 1 symbols
  Samples per month: 2021-12: 93, 2022-01: 93, 2022-02: 75, 2022-03: 93, 2022-04: 84, 2022-05: 93, 2022-06: 90, 2022-07: 93, 2022-08: 93, 2022-09: 90, 2022-10: 93, 2022-11: 90, 2022-12: 93, 2023-01: 93, 2023-02: 84, 2023-03: 93, 2023-04: 90, 2023-05: 93, 2023-06: 90, 2023-07: 93, 2023-08: 93, 2023-09: 90, 2023-10: 93, 2023-11: 90
  [label] 2022-01-31 16:00 TRXUSDT entry=0.0590 → LONG | long=tp(+7.02%) short=sl(-3.66%) | scanned=10 | long_tp_only
  [label] 2022-02-03 00:00 TRXUSDT entry=0.0592 → LONG | long=tp(+6.18%) short=sl(-3.24%) | scanned=3 | long_tp_only
  [label] 2022-02-06 16:00 TRXUSDT entry=0.0661 → LONG | long=tp(+5.39%) short=sl(-2.85%) | scanned=4 | long_tp_only
  [label] 2022-03-06 16:00 TRXUSDT entry=0.0588 → LONG | long=tp(+6.11%) short=sl(-3.21%) | scanned=7 | long_tp_only
  [label] 2022-04-30 00:00 TRXUSDT entry=0.0639 → LONG | long=sl(-3.46%) short=sl(-3.46%) | scanned=3 | no_tp→fwd_return=+5.5286
  [label] 2022-10-13 16:00 TRXUSDT entry=0.0610 → LONG | long=tp(+3.81%) short=sl(-2.06%) | scanned=2 | long_tp_only
  [label] 2022-10-17 16:00 TRXUSDT entry=0.0626 → SHORT | long=sl(-2.07%) short=timeout(+2.06%) | scanned=22 | no_tp→fwd_return=-2.1559
  [label] 2022-10-28 08:00 TRXUSDT entry=0.0632 → SHORT | long=sl(-1.53%) short=sl(-1.53%) | scanned=9 | no_tp→fwd_return=-0.8698
  [label] 2022-12-12 08:00 TRXUSDT entry=0.0526 → LONG | long=tp(+3.46%) short=sl(-1.88%) | scanned=4 | long_tp_only
  [label] 2022-12-21 00:00 TRXUSDT entry=0.0548 → SHORT | long=sl(-2.14%) short=timeout(+1.85%) | scanned=22 | no_tp→fwd_return=-1.9522
  [label] 2023-03-21 16:00 TRXUSDT entry=0.0670 → SHORT | long=sl(-2.72%) short=tp(+5.13%) | scanned=3 | short_tp_only
  [label] 2023-04-22 16:00 TRXUSDT entry=0.0661 → SHORT | long=sl(-1.69%) short=tp(+3.08%) | scanned=12 | short_tp_only
  [label] 2023-05-08 16:00 TRXUSDT entry=0.0685 → LONG | long=tp(+2.87%) short=sl(-1.58%) | scanned=5 | long_tp_only
  [label] 2023-05-21 16:00 TRXUSDT entry=0.0749 → LONG | long=tp(+2.77%) short=sl(-1.53%) | scanned=2 | long_tp_only
  [label] 2023-06-09 00:00 TRXUSDT entry=0.0774 → SHORT | long=sl(-2.13%) short=tp(+3.96%) | scanned=2 | short_tp_only[I 2026-05-07 00:30:03,375] A new study created in memory with name: no-name-3a90e267-3ace-4e55-90c8-aa302eacdf00
[I 2026-05-07 00:30:03,643] Trial 0 finished with value: -0.19024614648730828 and parameters: {'confidence_threshold': 0.7790993046299082, 'training_days': 230, 'n_estimators': 295, 'max_depth': 5, 'num_leaves': 83, 'learning_rate': 0.051543455158230854, 'subsample': 0.8773243492079463, 'min_child_samples': 10, 'reg_alpha': 0.034096514368237685, 'reg_lambda': 3.154180388637081e-05}. Best is trial 0 with value: -0.19024614648730828.
