[I 2026-05-07 00:30:20,886] Trial 9 finished with value: -4.004652358220722 and parameters: {'confidence_threshold': 0.7277571993354469, 'training_days': 360, 'n_estimators': 75, 'max_depth': 5, 'num_leaves': 41, 'learning_rate': 0.014186743931212992, 'subsample': 0.7445187273047605, 'min_child_samples': 22, 'reg_alpha': 0.02393227447113315, 'reg_lambda': 0.009236766173618426}. Best is trial 7 with value: 0.0077067654710450545.

    [trial 9] 13 features, training_days=360 | threshold=0.728 | labels: 1214 long, 979 short (55/45%)
    [trial 9] Sharpe=-4.0047 (folds: -0.0197, -10.0000, -0.3454, -10.0000, 0.3416)
  Optuna: 10 trials, best Sharpe = 0.0077
  Best params: n_estimators=441, max_depth=3, lr=0.0450, leaves=66
  Best confidence_threshold: 0.603
  Best training_days: 60
  Retrained on full data (180 samples, 13 features)
  Model trained for 2024-07: 93 test candles with features, confidence_threshold=0.603
[predict] 2024-07-04 16:00 TRXUSDT → LONG (proba=0.99 TP=2.3%/SL=1.1%)
[trade:open] 2024-07-04 23:59 TRXUSDT LONG @ 0.13 | SL=0.13 TP=0.13 | timeout=2024-07-11 23:59
[trade:close] 2024-07-05 07:59 TRXUSDT LONG → stop_loss @ 0.13 | PnL=-1.15% (net -1.25%) | cum=-20.34% 2024-07=-1.25% 2024-07-05=-1.25%
[predict] 2024-07-06 16:00 TRXUSDT → SHORT (proba=0.69 TP=2.8%/SL=1.4%)
[trade:open] 2024-07-06 23:59 TRXUSDT SHORT @ 0.13 | SL=0.13 TP=0.13 | timeout=2024-07-13 23:59
[trade:close] 2024-07-07 23:59 TRXUSDT SHORT → take_profit @ 0.13 | PnL=+2.81% (net +2.71%) | cum=-17.63% 2024-07=+1.46% 2024-07-07=+2.71%
[predict] 2024-07-09 08:00 TRXUSDT → LONG (proba=0.95 TP=3.0%/SL=1.5%)
[trade:open] 2024-07-09 15:59 TRXUSDT LONG @ 0.13 | SL=0.13 TP=0.13 | timeout=2024-07-16 15:59
[trade:close] 2024-07-11 07:59 TRXUSDT LONG → take_profit @ 0.13 | PnL=+3.05% (net +2.95%) | cum=-14.68% 2024-07=+4.41% 2024-07-11=+2.95%
[lgbm] === Training for 2024-08 ===
  Train window: 2022-08-01 → 2024-08-01
  2193 training samples from 1 symbols
  Samples per month: 2022-08: 93, 2022-09: 90, 2022-10: 93, 2022-11: 90, 2022-12: 93, 2023-01: 93, 2023-02: 84, 2023-03: 93, 2023-04: 90, 2023-05: 93, 2023-06: 90, 2023-07: 93, 2023-08: 93, 2023-09: 90, 2023-10: 93, 2023-11: 90, 2023-12: 93, 2024-01: 93, 2024-02: 87, 2024-03: 93, 2024-04: 90, 2024-05: 93, 2024-06: 90, 2024-07: 93
  [label] 2022-10-02 08:00 TRXUSDT entry=0.0615 → LONG | long=timeout(+1.52%) short=sl(-1.86%) | scanned=22 | no_tp→fwd_return=+1.6250
  [label] 2022-10-04 16:00 TRXUSDT entry=0.0623 → LONG | long=tp(+3.07%) short=sl(-1.68%) | scanned=16 | long_tp_only
  [label] 2022-10-08 08:00 TRXUSDT entry=0.0623 → LONG | long=tp(+2.71%) short=sl(-1.50%) | scanned=5 | long_tp_only
  [label] 2022-11-02 08:00 TRXUSDT entry=0.0624 → LONG | long=sl(-1.52%) short=sl(-1.52%) | scanned=6 | no_tp→fwd_return=+0.8009
  [label] 2022-12-25 08:00 TRXUSDT entry=0.0544 → LONG | long=sl(-1.75%) short=timeout(-0.89%) | scanned=22 | no_tp→fwd_return=+0.7907
  [label] 2023-06-11 08:00 TRXUSDT entry=0.0691 → LONG | long=timeout(+1.91%) short=sl(-2.97%) | scanned=22 | no_tp→fwd_return=+2.0127
  [label] 2023-06-15 08:00 TRXUSDT entry=0.0703 → SHORT | long=sl(-2.61%) short=sl(-2.61%) | scanned=15 | no_tp→fwd_return=-1.9496
  [label] 2023-06-26 00:00 TRXUSDT entry=0.0734 → LONG | long=sl(-2.01%) short=sl(-2.01%) | scanned=8 | no_tp→fwd_return=+0.4361
  [label] 2023-08-10 08:00 TRXUSDT entry=0.0772 → SHORT | long=sl(-1.40%) short=tp(+2.50%) | scanned=19 | short_tp_only
  [label] 2023-08-19 00:00 TRXUSDT entry=0.0733 → LONG | long=tp(+2.74%) short=sl(-1.52%) | scanned=4 | long_tp_only
  [label] 2023-11-18 16:00 TRXUSDT entry=0.1029 → SHORT | long=sl(-1.95%) short=sl(-1.95%) | scanned=6 | no_tp→fwd_return=-1.9819
  [label] 2023-12-20 16:00 TRXUSDT entry=0.1027 → LONG | long=tp(+3.10%) short=sl(-1.70%) | scanned=8 | long_tp_only
  [label] 2024-01-06 00:00 TRXUSDT entry=0.1027 → LONG | long=tp(+3.69%) short=sl(-1.99%) | scanned=16 | long_tp_only
  [label] 2024-01-19 00:00 TRXUSDT entry=0.1084 → SHORT | long=sl(-2.15%) short=sl(-2.15%) | scanned=13 | no_tp→fwd_return=-1.0151
  [label] 2024-02-06 16:00 TRXUSDT entry=0.1210 → LONG | long=tp(+3.05%) short=sl(-1.68%) | scanned=2 | long_tp_only
  [label] 2024-02-13 00:00 TRXUSDT entry=0.1258 → LONG | long=tp(+2.59%) short=sl(-1.45%) | scanned=4 | long_tp_only
  [label] 2024-02-25 08:00 TRXUSDT entry=0.1377 → LONG | long=tp(+2.04%) short=sl(-1.17%) | scanned=5 | long_tp_only
  [label] 2024-04-05 08:00 TRXUSDT entry=0.1182 → LONG | long=tp(+2.91%) short=sl(-1.60%) | scanned=8 | long_tp_only
  [label] 2024-04-15 08:00 TRXUSDT entry=0.1123 → SHORT | long=sl(-2.38%) short=tp(+4.45%) | scanned=11 | short_tp_only
  [label] 2024-07-11 08:00 TRXUSDT entry=0.1344 → LONG | long=tp(+2.72%) short=sl(-1.51%) | scanned=5 | long_tp_only
  Labels: 1207 long (55.0%), 986 short (45.0%) | weights: min=1.01, mean=3.38, max=10.00
  Features: 2193/2193 matched, 13 columns
  CV gap: 22 rows
    [trial 0] 13 features, training_days=230 | threshold=0.779 | labels: 1207 long, 986 short (55/45%)
    [CV fold 0] train_end=2022-11-24 00:00 | val_start=2022-12-01 16:00 | gap=184h (22 rows)
    [CV fold 1] train_end=2023-03-25 16:00 | val_start=2023-04-02 08:00 | gap=184h (22 rows)
    [CV fold 2] train_end=2023-07-25 08:00 | val_start=2023-08-02 00:00 | gap=184h (22 rows)
    [CV fold 3] train_end=2023-11-24 00:00 | val_start=2023-12-01 16:00 | gap=184h (22 rows)
    [CV fold 4] train_end=2024-03-24 16:00 | val_start=2024-04-01 08:00 | gap=184h (22 rows)
    [trial 0] Sharpe=-0.0512 (folds: -0.0932, -0.0889, -0.1179, -0.0462, 0.0905)
    [trial 1] 13 features, training_days=410 | threshold=0.693 | labels: 1207 long, 986 short (55/45%)
    [trial 1] Sharpe=-0.1144 (folds: -0.2455, -0.1414, -0.1990, -0.2906, 0.3048)
    [trial 2] 13 features, training_days=270 | threshold=0.546 | labels: 1207 long, 986 short (55/45%)
    [trial 2] Sharpe=-0.0373 (folds: -0.1537, -0.0226, -0.2314, 0.0060, 0.2152)
    [trial 3] 13 features, training_days=270 | threshold=0.600 | labels: 1207 long, 986 short (55/45%)
    [trial 3] Sharpe=-0.0724 (folds: -0.0747, -0.1179, -0.1663, -0.0663, 0.0629)
    [trial 4] 13 features, training_days=390 | threshold=0.764 | labels: 1207 long, 986 short (55/45%)
    [trial 4] Sharpe=-0.0615 (folds: -0.0958, -0.0043, -0.2288, -0.2204, 0.2420)
    [trial 5] 13 features, training_days=60 | threshold=0.603 | labels: 1207 long, 986 short (55/45%)
    [trial 5] Sharpe=-0.0368 (folds: -0.0200, -0.2533, -0.0435, 0.0137, 0.1191)
    [trial 6] 13 features, training_days=290 | threshold=0.738 | labels: 1207 long, 986 short (55/45%)
    [trial 6] Sharpe=-0.0672 (folds: -0.1883, 0.0707, -0.2092, -0.2107, 0.2013)
    [trial 7] 13 features, training_days=70 | threshold=0.564 | labels: 1207 long, 986 short (55/45%)
    [trial 7] Sharpe=0.0077 (folds: 0.0505, -0.2649, 0.0875, 0.0585, 0.1070)
    [trial 8] 13 features, training_days=440 | threshold=0.653 | labels: 1207 long, 986 short (55/45%)
    [trial 8] Sharpe=-0.1762 (folds: -0.4539, 0.0100, -0.2294, -0.1569, -0.0507)
    [trial 9] 13 features, training_days=360 | threshold=0.728 | labels: 1207 long, 986 short (55/45%)
    [trial 9] Sharpe=-4.0047 (folds: -0.0702, 0.0659, -0.0190, -10.0000, -10.0000)
  Optuna: 10 trials, best Sharpe = 0.0077
  Best params: n_estimators=63, max_depth=3, lr=0.1807, leaves=47
  Best confidence_threshold: 0.564
  Best training_days: 70
  Retrained on full data (210 samples, 13 features)
  Model trained for 2024-08: 93 test candles with features, confidence_threshold=0.564
[predict] 2024-08-04 00:00 TRXUSDT → LONG (proba=0.97 TP=3.0%/SL=1.5%)
[trade:open] 2024-08-04 07:59 TRXUSDT LONG @ 0.13 | SL=0.13 TP=0.13 | timeout=2024-08-11 07:59
[trade:close] 2024-08-05 07:59 TRXUSDT LONG → stop_loss @ 0.13 | PnL=-1.49% (net -1.59%) | cum=-16.27% 2024-08=-1.59% 2024-08-05=-1.59%
[predict] 2024-08-06 16:00 TRXUSDT → LONG (proba=0.88 TP=3.7%/SL=1.9%)
[trade:open] 2024-08-06 23:59 TRXUSDT LONG @ 0.12 | SL=0.12 TP=0.13 | timeout=2024-08-13 23:59
[trade:close] 2024-08-09 23:59 TRXUSDT LONG → take_profit @ 0.13 | PnL=+3.72% (net +3.62%) | cum=-12.64% 2024-08=+2.04% 2024-08-09=+3.62%
[lgbm] === Training for 2024-09 ===
  Train window: 2022-09-01 → 2024-09-01
  2193 training samples from 1 symbols
  Samples per month: 2022-09: 90, 2022-10: 93, 2022-11: 90, 2022-12: 93, 2023-01: 93, 2023-02: 84, 2023-03: 93, 2023-04: 90, 2023-05: 93, 2023-06: 90, 2023-07: 93, 2023-08: 93, 2023-09: 90, 2023-10: 93, 2023-11: 90, 2023-12: 93, 2024-01: 93, 2024-02: 87, 2024-03: 93, 2024-04: 90, 2024-05: 93, 2024-06: 90, 2024-07: 93, 2024-08: 93[I 2026-05-07 00:30:21,231] A new study created in memory with name: no-name-fff01fac-d9f6-4f4c-a16f-fae6bb32b5f4
[I 2026-05-07 00:30:21,484] Trial 0 finished with value: -0.06035882686657225 and parameters: {'confidence_threshold': 0.7790993046299082, 'training_days': 230, 'n_estimators': 295, 'max_depth': 5, 'num_leaves': 83, 'learning_rate': 0.051543455158230854, 'subsample': 0.8773243492079463, 'min_child_samples': 10, 'reg_alpha': 0.034096514368237685, 'reg_lambda': 3.154180388637081e-05}. Best is trial 0 with value: -0.06035882686657225.
[I 2026-05-07 00:30:21,618] Trial 1 finished with value: -0.0884152701954506 and parameters: {'confidence_threshold': 0.6929247853618086, 'training_days': 410, 'n_estimators': 233, 'max_depth': 5, 'num_leaves': 108, 'learning_rate': 0.013724237108071606, 'subsample': 0.7013182233636002, 'min_child_samples': 94, 'reg_alpha': 2.4040959529260723e-06, 'reg_lambda': 5.320966582161148}. Best is trial 0 with value: -0.06035882686657225.
[I 2026-05-07 00:30:21,683] Trial 2 finished with value: -0.001273445870708423 and parameters: {'confidence_threshold': 0.546341527225763, 'training_days': 270, 'n_estimators': 120, 'max_depth': 4, 'num_leaves': 53, 'learning_rate': 0.060197068579343475, 'subsample': 0.588227873455941, 'min_child_samples': 91, 'reg_alpha': 2.3457771824819002e-08, 'reg_lambda': 1.1358840775642732e-08}. Best is trial 2 with value: -0.001273445870708423.
[I 2026-05-07 00:30:21,850] Trial 3 finished with value: -0.055323785612419706 and parameters: {'confidence_threshold': 0.6000319676300473, 'training_days': 270, 'n_estimators': 382, 'max_depth': 4, 'num_leaves': 44, 'learning_rate': 0.09185046765032388, 'subsample': 0.6743651508646724, 'min_child_samples': 77, 'reg_alpha': 0.0013974578104212739, 'reg_lambda': 8.97190257982477e-08}. Best is trial 2 with value: -0.001273445870708423.
[I 2026-05-07 00:30:22,239] Trial 4 finished with value: -0.07619947437499272 and parameters: {'confidence_threshold': 0.7642618789055509, 'training_days': 390, 'n_estimators': 464, 'max_depth': 5, 'num_leaves': 30, 'learning_rate': 0.024562383309704932, 'subsample': 0.8612975035964376, 'min_child_samples': 36, 'reg_alpha': 1.593999300080167, 'reg_lambda': 0.006081270362829788}. Best is trial 2 with value: -0.001273445870708423.
[I 2026-05-07 00:30:22,375] Trial 5 finished with value: -0.007425109985861161 and parameters: {'confidence_threshold': 0.6029115860358569, 'training_days': 60, 'n_estimators': 441, 'max_depth': 3, 'num_leaves': 66, 'learning_rate': 0.044953114425778824, 'subsample': 0.7098948461279406, 'min_child_samples': 15, 'reg_alpha': 4.888753565548431e-07, 'reg_lambda': 4.198190642566389}. Best is trial 2 with value: -0.001273445870708423.
[I 2026-05-07 00:30:22,570] Trial 6 finished with value: -0.09208552571947096 and parameters: {'confidence_threshold': 0.7376932868314098, 'training_days': 290, 'n_estimators': 249, 'max_depth': 5, 'num_leaves': 121, 'learning_rate': 0.015565840632862623, 'subsample': 0.8390183783709677, 'min_child_samples': 19, 'reg_alpha': 1.860444687368747e-08, 'reg_lambda': 2.7391483548058117e-06}. Best is trial 2 with value: -0.001273445870708423.
[I 2026-05-07 00:30:22,605] Trial 7 finished with value: -0.017010138342893215 and parameters: {'confidence_threshold': 0.563503962036334, 'training_days': 70, 'n_estimators': 63, 'max_depth': 3, 'num_leaves': 47, 'learning_rate': 0.18074927623018475, 'subsample': 0.5059692991701257, 'min_child_samples': 9, 'reg_alpha': 3.6945804405602874e-08, 'reg_lambda': 0.027706035542028905}. Best is trial 2 with value: -0.001273445870708423.
[I 2026-05-07 00:30:22,686] Trial 8 finished with value: 0.05255107722289194 and parameters: {'confidence_threshold': 0.6525471176758836, 'training_days': 440, 'n_estimators': 116, 'max_depth': 4, 'num_leaves': 115, 'learning_rate': 0.010229952960863938, 'subsample': 0.5062159465415076, 'min_child_samples': 54, 'reg_alpha': 6.790626457822126e-06, 'reg_lambda': 1.7869141074987722e-05}. Best is trial 8 with value: 0.05255107722289194.
[I 2026-05-07 00:30:22,767] Trial 9 finished with value: -1.841772433036752 and parameters: {'confidence_threshold': 0.7277571993354469, 'training_days': 360, 'n_estimators': 75, 'max_depth': 5, 'num_leaves': 41, 'learning_rate': 0.014186743931212992, 'subsample': 0.7445187273047605, 'min_child_samples': 22, 'reg_alpha': 0.02393227447113315, 'reg_lambda': 0.009236766173618426}. Best is trial 8 with value: 0.05255107722289194.

  [label] 2022-11-02 08:00 TRXUSDT entry=0.0624 → LONG | long=sl(-1.52%) short=sl(-1.52%) | scanned=6 | no_tp→fwd_return=+0.8009
  [label] 2022-11-04 16:00 TRXUSDT entry=0.0638 → SHORT | long=sl(-1.57%) short=sl(-1.57%) | scanned=6 | no_tp→fwd_return=-1.8339
  [label] 2022-11-08 08:00 TRXUSDT entry=0.0614 → SHORT | long=sl(-1.89%) short=sl(-1.89%) | scanned=1 | no_tp→fwd_return=-4.3981
  [label] 2022-12-03 08:00 TRXUSDT entry=0.0539 → LONG | long=sl(-2.19%) short=sl(-2.19%) | scanned=18 | no_tp→fwd_return=+1.2607
  [label] 2023-01-25 08:00 TRXUSDT entry=0.0605 → LONG | long=tp(+4.81%) short=sl(-2.56%) | scanned=6 | long_tp_only
  [label] 2023-07-12 08:00 TRXUSDT entry=0.0774 → LONG | long=tp(+2.75%) short=sl(-1.52%) | scanned=3 | long_tp_only
  [label] 2023-07-16 08:00 TRXUSDT entry=0.0799 → LONG | long=tp(+3.18%) short=sl(-1.74%) | scanned=17 | long_tp_only
  [label] 2023-07-27 00:00 TRXUSDT entry=0.0824 → SHORT | long=sl(-2.02%) short=sl(-2.02%) | scanned=11 | no_tp→fwd_return=-2.9615
  [label] 2023-09-10 08:00 TRXUSDT entry=0.0782 → LONG | long=sl(-1.10%) short=sl(-1.10%) | scanned=6 | no_tp→fwd_return=+5.0006
  [label] 2023-09-19 00:00 TRXUSDT entry=0.0841 → LONG | long=sl(-1.29%) short=timeout(-0.67%) | scanned=22 | no_tp→fwd_return=+0.5705
  [label] 2023-12-19 16:00 TRXUSDT entry=0.1006 → LONG | long=tp(+3.27%) short=sl(-1.79%) | scanned=5 | long_tp_only
  [label] 2024-01-20 16:00 TRXUSDT entry=0.1100 → LONG | long=sl(-1.95%) short=sl(-1.95%) | scanned=15 | no_tp→fwd_return=+1.9365
  [label] 2024-02-06 00:00 TRXUSDT entry=0.1202 → LONG | long=tp(+2.56%) short=sl(-1.43%) | scanned=1 | long_tp_only
  [label] 2024-02-19 00:00 TRXUSDT entry=0.1361 → LONG | long=tp(+2.46%) short=sl(-1.38%) | scanned=5 | long_tp_only
  [label] 2024-03-08 16:00 TRXUSDT entry=0.1366 → SHORT | long=sl(-1.32%) short=tp(+2.34%) | scanned=7 | short_tp_only
  [label] 2024-03-15 00:00 TRXUSDT entry=0.1271 → SHORT | long=sl(-1.48%) short=tp(+2.66%) | scanned=10 | short_tp_only
  [label] 2024-03-27 08:00 TRXUSDT entry=0.1195 → SHORT | long=sl(-2.16%) short=sl(-2.16%) | scanned=17 | no_tp→fwd_return=-1.5228
  [label] 2024-05-06 08:00 TRXUSDT entry=0.1191 → LONG | long=tp(+2.78%) short=sl(-1.54%) | scanned=6 | long_tp_only
  [label] 2024-05-16 08:00 TRXUSDT entry=0.1253 → SHORT | long=sl(-1.22%) short=tp(+2.14%) | scanned=8 | short_tp_only
  [label] 2024-08-11 08:00 TRXUSDT entry=0.1283 → LONG | long=sl(-1.46%) short=sl(-1.46%) | scanned=8 | no_tp→fwd_return=+1.6598
  Labels: 1233 long (56.2%), 960 short (43.8%) | weights: min=1.01, mean=3.39, max=10.00
  Features: 2193/2193 matched, 13 columns
  CV gap: 22 rows
    [trial 0] 13 features, training_days=230 | threshold=0.779 | labels: 1233 long, 960 short (56/44%)
    [CV fold 0] train_end=2022-12-25 00:00 | val_start=2023-01-01 16:00 | gap=184h (22 rows)
    [CV fold 1] train_end=2023-04-25 16:00 | val_start=2023-05-03 08:00 | gap=184h (22 rows)
    [CV fold 2] train_end=2023-08-25 08:00 | val_start=2023-09-02 00:00 | gap=184h (22 rows)
    [CV fold 3] train_end=2023-12-25 00:00 | val_start=2024-01-01 16:00 | gap=184h (22 rows)
    [CV fold 4] train_end=2024-04-24 16:00 | val_start=2024-05-02 08:00 | gap=184h (22 rows)
    [trial 0] Sharpe=-0.0604 (folds: -0.0814, -0.1965, -0.0801, -0.0645, 0.1207)
    [trial 1] 13 features, training_days=410 | threshold=0.693 | labels: 1233 long, 960 short (56/44%)
    [trial 1] Sharpe=-0.0884 (folds: 0.1168, -0.0614, -0.3310, -0.2607, 0.0942)
    [trial 2] 13 features, training_days=270 | threshold=0.546 | labels: 1233 long, 960 short (56/44%)
    [trial 2] Sharpe=-0.0013 (folds: 0.0216, -0.1235, -0.1702, -0.0661, 0.3318)
    [trial 3] 13 features, training_days=270 | threshold=0.600 | labels: 1233 long, 960 short (56/44%)
    [trial 3] Sharpe=-0.0553 (folds: -0.0354, -0.2401, -0.1255, -0.1710, 0.2953)
    [trial 4] 13 features, training_days=390 | threshold=0.764 | labels: 1233 long, 960 short (56/44%)
    [trial 4] Sharpe=-0.0762 (folds: -0.0420, -0.1935, -0.2504, -0.0747, 0.1795)
    [trial 5] 13 features, training_days=60 | threshold=0.603 | labels: 1233 long, 960 short (56/44%)
    [trial 5] Sharpe=-0.0074 (folds: 0.0043, -0.1023, 0.1113, -0.1798, 0.1294)
    [trial 6] 13 features, training_days=290 | threshold=0.738 | labels: 1233 long, 960 short (56/44%)
    [trial 6] Sharpe=-0.0921 (folds: 0.0388, -0.1986, -0.1785, -0.0720, -0.0500)
    [trial 7] 13 features, training_days=70 | threshold=0.564 | labels: 1233 long, 960 short (56/44%)
    [trial 7] Sharpe=-0.0170 (folds: 0.0285, -0.1155, 0.0648, -0.2197, 0.1568)
    [trial 8] 13 features, training_days=440 | threshold=0.653 | labels: 1233 long, 960 short (56/44%)
    [trial 8] Sharpe=0.0526 (folds: 0.1776, 0.0147, -0.3430, 0.1122, 0.3012)
    [trial 9] 13 features, training_days=360 | threshold=0.728 | labels: 1233 long, 960 short (56/44%)
    [trial 9] Sharpe=-1.8418 (folds: -10.0000, 0.2644, -0.2693, 0.1561, 0.6400)
  Optuna: 10 trials, best Sharpe = 0.0526
  Best params: n_estimators=116, max_depth=4, lr=0.0102, leaves=115
  Best confidence_threshold: 0.653
  Best training_days: 440
  Retrained on full data (1320 samples, 13 features)
  Model trained for 2024-09: 90 test candles with features, confidence_threshold=0.653
[lgbm] === Training for 2024-10 ===
  Train window: 2022-10-01 → 2024-10-01
  2193 training samples from 1 symbols
  Samples per month: 2022-10: 93, 2022-11: 90, 2022-12: 93, 2023-01: 93, 2023-02: 84, 2023-03: 93, 2023-04: 90, 2023-05: 93, 2023-06: 90, 2023-07: 93, 2023-08: 93, 2023-09: 90, 2023-10: 93, 2023-11: 90, 2023-12: 93, 2024-01: 93, 2024-02: 87, 2024-03: 93, 2024-04: 90, 2024-05: 93, 2024-06: 90, 2024-07: 93, 2024-08: 93, 2024-09: 90
  [label] 2022-12-02 08:00 TRXUSDT entry=0.0542 → LONG | long=sl(-2.34%) short=timeout(-0.93%) | scanned=22 | no_tp→fwd_return=+0.8307
  [label] 2022-12-04 16:00 TRXUSDT entry=0.0530 → LONG | long=tp(+3.82%) short=sl(-2.06%) | scanned=14 | long_tp_only
  [label] 2022-12-08 08:00 TRXUSDT entry=0.0535 → LONG | long=tp(+3.44%) short=sl(-1.87%) | scanned=6 | long_tp_only
  [label] 2023-01-02 08:00 TRXUSDT entry=0.0553 → SHORT | long=sl(-1.42%) short=tp(+2.54%) | scanned=9 | short_tp_only
  [label] 2023-02-24 08:00 TRXUSDT entry=0.0684 → LONG | long=sl(-2.30%) short=sl(-2.30%) | scanned=14 | no_tp→fwd_return=+1.7105
  [label] 2023-08-11 08:00 TRXUSDT entry=0.0769 → SHORT | long=sl(-1.29%) short=tp(+2.28%) | scanned=16 | short_tp_only
  [label] 2023-08-15 08:00 TRXUSDT entry=0.0772 → SHORT | long=sl(-0.99%) short=tp(+1.68%) | scanned=3 | short_tp_only
  [label] 2023-08-26 00:00 TRXUSDT entry=0.0775 → SHORT | long=sl(-1.36%) short=tp(+2.42%) | scanned=13 | short_tp_only
  [label] 2023-10-10 08:00 TRXUSDT entry=0.0862 → LONG | long=sl(-1.39%) short=sl(-1.39%) | scanned=17 | no_tp→fwd_return=+1.4031
  [label] 2023-10-19 00:00 TRXUSDT entry=0.0887 → LONG | long=tp(+2.15%) short=sl(-1.22%) | scanned=3 | long_tp_only
  [label] 2024-01-18 16:00 TRXUSDT entry=0.1081 → LONG | long=timeout(+3.62%) short=sl(-2.18%) | scanned=22 | no_tp→fwd_return=+3.7188
  [label] 2024-02-19 16:00 TRXUSDT entry=0.1364 → LONG | long=tp(+2.36%) short=sl(-1.33%) | scanned=3 | long_tp_only
  [label] 2024-03-07 00:00 TRXUSDT entry=0.1376 → SHORT | long=sl(-1.42%) short=tp(+2.53%) | scanned=11 | short_tp_only
  [label] 2024-03-20 00:00 TRXUSDT entry=0.1171 → LONG | long=sl(-2.33%) short=sl(-2.33%) | scanned=2 | no_tp→fwd_return=+3.1330
  [label] 2024-04-07 16:00 TRXUSDT entry=0.1207 → LONG | long=tp(+2.39%) short=sl(-1.35%) | scanned=7 | long_tp_only
  [label] 2024-04-14 00:00 TRXUSDT entry=0.1117 → SHORT | long=sl(-2.27%) short=sl(-2.27%) | scanned=7 | no_tp→fwd_return=-2.3805
  [label] 2024-04-26 08:00 TRXUSDT entry=0.1194 → LONG | long=tp(+3.00%) short=sl(-1.65%) | scanned=7 | long_tp_only
  [label] 2024-06-05 08:00 TRXUSDT entry=0.1145 → SHORT | long=sl(-1.19%) short=tp(+2.08%) | scanned=7 | short_tp_only
  [label] 2024-06-15 08:00 TRXUSDT entry=0.1148 → LONG | long=tp(+2.28%) short=sl(-1.29%) | scanned=4 | long_tp_only
  [label] 2024-09-10 08:00 TRXUSDT entry=0.1524 → SHORT | long=sl(-1.44%) short=tp(+2.58%) | scanned=11 | short_tp_only[I 2026-05-07 00:30:23,121] A new study created in memory with name: no-name-75dbdc83-d019-4e3e-897c-0ff490a20d50
[I 2026-05-07 00:30:23,392] Trial 0 finished with value: -0.061445871624578166 and parameters: {'confidence_threshold': 0.7790993046299082, 'training_days': 230, 'n_estimators': 295, 'max_depth': 5, 'num_leaves': 83, 'learning_rate': 0.051543455158230854, 'subsample': 0.8773243492079463, 'min_child_samples': 10, 'reg_alpha': 0.034096514368237685, 'reg_lambda': 3.154180388637081e-05}. Best is trial 0 with value: -0.061445871624578166.
