[I 2026-05-07 00:29:39,554] Trial 9 finished with value: -2.1051773859883314 and parameters: {'confidence_threshold': 0.7277571993354469, 'training_days': 360, 'n_estimators': 75, 'max_depth': 5, 'num_leaves': 41, 'learning_rate': 0.014186743931212992, 'subsample': 0.7445187273047605, 'min_child_samples': 22, 'reg_alpha': 0.02393227447113315, 'reg_lambda': 0.009236766173618426}. Best is trial 1 with value: 0.10671930093632476.

    [trial 8] Sharpe=-1.9959 (folds: -0.0984, -0.0651, -10.0000, 0.5805, -0.3966)
    [trial 9] 13 features, training_days=360 | threshold=0.728 | labels: 1169 long, 1006 short (54/46%)
    [trial 9] Sharpe=-4.0182 (folds: -0.0949, -0.1058, -10.0000, 0.1098, -10.0000)
  Optuna: 10 trials, best Sharpe = 0.1199
  Best params: n_estimators=233, max_depth=5, lr=0.0137, leaves=108
  Best confidence_threshold: 0.693
  Best training_days: 410
  Retrained on full data (1215 samples, 13 features)
  Model trained for 2022-10: 93 test candles with features, confidence_threshold=0.693
[predict] 2022-10-12 00:00 TRXUSDT → SHORT (proba=0.79 TP=3.3%/SL=1.7%)
[trade:open] 2022-10-12 07:59 TRXUSDT SHORT @ 0.06 | SL=0.06 TP=0.06 | timeout=2022-10-19 07:59
[trade:close] 2022-10-12 23:59 TRXUSDT SHORT → take_profit @ 0.06 | PnL=+3.33% (net +3.23%) | cum=-0.64% 2022-10=+3.23% 2022-10-12=+3.23%
[predict] 2022-10-15 00:00 TRXUSDT → SHORT (proba=0.75 TP=4.4%/SL=2.2%)
[trade:open] 2022-10-15 07:59 TRXUSDT SHORT @ 0.06 | SL=0.06 TP=0.06 | timeout=2022-10-22 07:59
[trade:close] 2022-10-22 08:00 TRXUSDT SHORT → timeout @ 0.06 | PnL=+3.35% (net +3.25%) | cum=+2.61% 2022-10=+6.47% 2022-10-22=+3.25%
[lgbm] === Training for 2022-11 ===
  Train window: 2020-11-01 → 2022-11-01
  2175 training samples from 1 symbols
  Samples per month: 2020-11: 90, 2020-12: 93, 2021-01: 93, 2021-02: 84, 2021-03: 93, 2021-04: 90, 2021-05: 93, 2021-06: 90, 2021-07: 93, 2021-08: 93, 2021-09: 90, 2021-10: 93, 2021-11: 90, 2021-12: 93, 2022-01: 93, 2022-02: 75, 2022-03: 93, 2022-04: 84, 2022-05: 93, 2022-06: 90, 2022-07: 93, 2022-08: 93, 2022-09: 90, 2022-10: 93
  [label] 2021-01-01 16:00 TRXUSDT entry=0.0268 → LONG | long=tp(+9.29%) short=sl(-4.79%) | scanned=6 | long_tp_only
  [label] 2021-01-04 00:00 TRXUSDT entry=0.0299 → SHORT | long=sl(-4.74%) short=tp(+9.18%) | scanned=1 | short_tp_only
  [label] 2021-01-07 16:00 TRXUSDT entry=0.0310 → LONG | long=sl(-6.18%) short=sl(-6.18%) | scanned=5 | no_tp→fwd_return=+8.6830
  [label] 2021-02-01 16:00 TRXUSDT entry=0.0330 → LONG | long=tp(+14.31%) short=sl(-7.31%) | scanned=20 | long_tp_only
  [label] 2021-03-26 00:00 TRXUSDT entry=0.0587 → LONG | long=tp(+11.04%) short=sl(-5.67%) | scanned=1 | long_tp_only
  [label] 2021-09-08 16:00 TRXUSDT entry=0.0927 → LONG | long=sl(-5.50%) short=sl(-5.50%) | scanned=10 | no_tp→fwd_return=+7.1729
  [label] 2021-09-12 16:00 TRXUSDT entry=0.1125 → SHORT | long=sl(-5.06%) short=tp(+9.83%) | scanned=2 | short_tp_only
  [label] 2021-09-23 08:00 TRXUSDT entry=0.0969 → SHORT | long=sl(-6.05%) short=tp(+11.80%) | scanned=8 | short_tp_only
  [label] 2021-11-07 08:00 TRXUSDT entry=0.1044 → LONG | long=tp(+6.17%) short=sl(-3.23%) | scanned=5 | long_tp_only
  [label] 2021-11-16 00:00 TRXUSDT entry=0.1133 → SHORT | long=sl(-4.28%) short=tp(+8.26%) | scanned=7 | short_tp_only
  [label] 2022-02-14 16:00 TRXUSDT entry=0.0644 → SHORT | long=sl(-2.93%) short=sl(-2.93%) | scanned=9 | no_tp→fwd_return=-3.0604
  [label] 2022-03-21 16:00 TRXUSDT entry=0.0617 → LONG | long=tp(+3.44%) short=sl(-1.87%) | scanned=4 | long_tp_only
  [label] 2022-04-08 16:00 TRXUSDT entry=0.0625 → SHORT | long=sl(-3.47%) short=tp(+6.64%) | scanned=9 | short_tp_only
  [label] 2022-04-21 16:00 TRXUSDT entry=0.0711 → SHORT | long=sl(-3.01%) short=tp(+5.72%) | scanned=1 | short_tp_only
  [label] 2022-05-10 00:00 TRXUSDT entry=0.0789 → SHORT | long=sl(-7.74%) short=sl(-7.74%) | scanned=4 | no_tp→fwd_return=-3.1833
  [label] 2022-05-16 08:00 TRXUSDT entry=0.0676 → LONG | long=timeout(+12.68%) short=sl(-9.00%) | scanned=22 | no_tp→fwd_return=+12.7754
  [label] 2022-05-28 16:00 TRXUSDT entry=0.0811 → LONG | long=tp(+9.81%) short=sl(-5.06%) | scanned=11 | long_tp_only
  [label] 2022-07-07 08:00 TRXUSDT entry=0.0683 → SHORT | long=sl(-3.10%) short=sl(-3.10%) | scanned=11 | no_tp→fwd_return=-3.3973
  [label] 2022-07-17 08:00 TRXUSDT entry=0.0684 → SHORT | long=sl(-2.35%) short=sl(-2.35%) | scanned=11 | no_tp→fwd_return=-2.2206
  [label] 2022-10-11 16:00 TRXUSDT entry=0.0616 → LONG | long=tp(+3.05%) short=sl(-1.67%) | scanned=1 | long_tp_only
  Labels: 1187 long (54.6%), 988 short (45.4%) | weights: min=1.00, mean=2.79, max=10.00
  Features: 2175/2175 matched, 13 columns
  CV gap: 22 rows
    [trial 0] 13 features, training_days=230 | threshold=0.779 | labels: 1187 long, 988 short (55/45%)
    [CV fold 0] train_end=2021-02-23 00:00 | val_start=2021-03-02 16:00 | gap=184h (22 rows)
    [CV fold 1] train_end=2021-06-23 16:00 | val_start=2021-07-01 08:00 | gap=184h (22 rows)
    [CV fold 2] train_end=2021-10-22 08:00 | val_start=2021-10-30 00:00 | gap=184h (22 rows)
    [CV fold 3] train_end=2022-02-20 00:00 | val_start=2022-03-02 16:00 | gap=256h (22 rows)
    [CV fold 4] train_end=2022-06-25 16:00 | val_start=2022-07-03 08:00 | gap=184h (22 rows)
    [trial 0] Sharpe=0.0034 (folds: -0.1815, 0.2826, 0.4702, -0.5052, -0.0490)
    [trial 1] 13 features, training_days=410 | threshold=0.693 | labels: 1187 long, 988 short (55/45%)
    [trial 1] Sharpe=0.1067 (folds: -0.0541, 0.1516, 0.1476, 0.2597, 0.0288)
    [trial 2] 13 features, training_days=270 | threshold=0.546 | labels: 1187 long, 988 short (55/45%)
    [trial 2] Sharpe=0.0022 (folds: -0.1361, -0.0220, 0.1717, -0.0544, 0.0516)
    [trial 3] 13 features, training_days=270 | threshold=0.600 | labels: 1187 long, 988 short (55/45%)
    [trial 3] Sharpe=-0.0578 (folds: -0.1798, -0.0114, 0.1307, -0.2476, 0.0192)
    [trial 4] 13 features, training_days=390 | threshold=0.764 | labels: 1187 long, 988 short (55/45%)
    [trial 4] Sharpe=0.0994 (folds: -0.1920, 0.1468, 0.3656, 0.1816, -0.0051)
    [trial 5] 13 features, training_days=60 | threshold=0.603 | labels: 1187 long, 988 short (55/45%)
    [trial 5] Sharpe=-0.0623 (folds: -0.0688, -0.0315, -0.1528, 0.0087, -0.0672)
    [trial 6] 13 features, training_days=290 | threshold=0.738 | labels: 1187 long, 988 short (55/45%)
    [trial 6] Sharpe=0.0153 (folds: -0.1867, 0.0877, 0.4285, -0.2590, 0.0059)
    [trial 7] 13 features, training_days=70 | threshold=0.564 | labels: 1187 long, 988 short (55/45%)
    [trial 7] Sharpe=-0.0808 (folds: 0.0023, -0.0483, -0.1559, -0.0405, -0.1615)
    [trial 8] 13 features, training_days=440 | threshold=0.653 | labels: 1187 long, 988 short (55/45%)
    [trial 8] Sharpe=-0.0282 (folds: -0.1069, -0.4176, 0.2693, 0.0986, 0.0157)
    [trial 9] 13 features, training_days=360 | threshold=0.728 | labels: 1187 long, 988 short (55/45%)
    [trial 9] Sharpe=-2.1052 (folds: -0.1725, -0.2860, -10.0000, -0.1688, 0.1014)
  Optuna: 10 trials, best Sharpe = 0.1067
  Best params: n_estimators=233, max_depth=5, lr=0.0137, leaves=108
  Best confidence_threshold: 0.693
  Best training_days: 410
  Retrained on full data (1215 samples, 13 features)
  Model trained for 2022-11: 90 test candles with features, confidence_threshold=0.693
[predict] 2022-11-14 00:00 TRXUSDT → LONG (proba=0.76 TP=11.1%/SL=5.5%)
[trade:open] 2022-11-14 07:59 TRXUSDT LONG @ 0.05 | SL=0.05 TP=0.06 | timeout=2022-11-21 07:59
[trade:close] 2022-11-21 08:00 TRXUSDT LONG → timeout @ 0.05 | PnL=-0.26% (net -0.36%) | cum=+2.25% 2022-11=-0.36% 2022-11-21=-0.36%
[predict] 2022-11-22 16:00 TRXUSDT → LONG (proba=0.91 TP=7.4%/SL=3.7%)
[trade:open] 2022-11-22 23:59 TRXUSDT LONG @ 0.05 | SL=0.05 TP=0.05 | timeout=2022-11-29 23:59
[trade:close] 2022-11-29 07:59 TRXUSDT LONG → take_profit @ 0.05 | PnL=+7.39% (net +7.29%) | cum=+9.54% 2022-11=+6.93% 2022-11-29=+7.29%
[lgbm] === Training for 2022-12 ===
  Train window: 2020-12-01 → 2022-12-01
  2175 training samples from 1 symbols
  Samples per month: 2020-12: 93, 2021-01: 93, 2021-02: 84, 2021-03: 93, 2021-04: 90, 2021-05: 93, 2021-06: 90, 2021-07: 93, 2021-08: 93, 2021-09: 90, 2021-10: 93, 2021-11: 90, 2021-12: 93, 2022-01: 93, 2022-02: 75, 2022-03: 93, 2022-04: 84, 2022-05: 93, 2022-06: 90, 2022-07: 93, 2022-08: 93, 2022-09: 90, 2022-10: 93, 2022-11: 90
  [label] 2021-01-31 16:00 TRXUSDT entry=0.0316 → LONG | long=tp(+14.87%) short=sl(-7.58%) | scanned=15 | long_tp_only
  [label] 2021-02-03 00:00 TRXUSDT entry=0.0337 → LONG | long=tp(+12.70%) short=sl(-6.50%) | scanned=16 | long_tp_only[I 2026-05-07 00:29:39,916] A new study created in memory with name: no-name-68c40a1c-8de9-4b0e-9612-f4ec5a9a6c6f
[I 2026-05-07 00:29:40,167] Trial 0 finished with value: -0.11138190390112976 and parameters: {'confidence_threshold': 0.7790993046299082, 'training_days': 230, 'n_estimators': 295, 'max_depth': 5, 'num_leaves': 83, 'learning_rate': 0.051543455158230854, 'subsample': 0.8773243492079463, 'min_child_samples': 10, 'reg_alpha': 0.034096514368237685, 'reg_lambda': 3.154180388637081e-05}. Best is trial 0 with value: -0.11138190390112976.
[I 2026-05-07 00:29:40,295] Trial 1 finished with value: 0.012329314945976649 and parameters: {'confidence_threshold': 0.6929247853618086, 'training_days': 410, 'n_estimators': 233, 'max_depth': 5, 'num_leaves': 108, 'learning_rate': 0.013724237108071606, 'subsample': 0.7013182233636002, 'min_child_samples': 94, 'reg_alpha': 2.4040959529260723e-06, 'reg_lambda': 5.320966582161148}. Best is trial 1 with value: 0.012329314945976649.
[I 2026-05-07 00:29:40,354] Trial 2 finished with value: -0.027986677867238813 and parameters: {'confidence_threshold': 0.546341527225763, 'training_days': 270, 'n_estimators': 120, 'max_depth': 4, 'num_leaves': 53, 'learning_rate': 0.060197068579343475, 'subsample': 0.588227873455941, 'min_child_samples': 91, 'reg_alpha': 2.3457771824819002e-08, 'reg_lambda': 1.1358840775642732e-08}. Best is trial 1 with value: 0.012329314945976649.
[I 2026-05-07 00:29:40,520] Trial 3 finished with value: -0.060094420032195436 and parameters: {'confidence_threshold': 0.6000319676300473, 'training_days': 270, 'n_estimators': 382, 'max_depth': 4, 'num_leaves': 44, 'learning_rate': 0.09185046765032388, 'subsample': 0.6743651508646724, 'min_child_samples': 77, 'reg_alpha': 0.0013974578104212739, 'reg_lambda': 8.97190257982477e-08}. Best is trial 1 with value: 0.012329314945976649.
[I 2026-05-07 00:29:40,856] Trial 4 finished with value: -0.014297562781911955 and parameters: {'confidence_threshold': 0.7642618789055509, 'training_days': 390, 'n_estimators': 464, 'max_depth': 5, 'num_leaves': 30, 'learning_rate': 0.024562383309704932, 'subsample': 0.8612975035964376, 'min_child_samples': 36, 'reg_alpha': 1.593999300080167, 'reg_lambda': 0.006081270362829788}. Best is trial 1 with value: 0.012329314945976649.
[I 2026-05-07 00:29:40,997] Trial 5 finished with value: -0.07673815278719644 and parameters: {'confidence_threshold': 0.6029115860358569, 'training_days': 60, 'n_estimators': 441, 'max_depth': 3, 'num_leaves': 66, 'learning_rate': 0.044953114425778824, 'subsample': 0.7098948461279406, 'min_child_samples': 15, 'reg_alpha': 4.888753565548431e-07, 'reg_lambda': 4.198190642566389}. Best is trial 1 with value: 0.012329314945976649.
[I 2026-05-07 00:29:41,197] Trial 6 finished with value: -0.05796751349470486 and parameters: {'confidence_threshold': 0.7376932868314098, 'training_days': 290, 'n_estimators': 249, 'max_depth': 5, 'num_leaves': 121, 'learning_rate': 0.015565840632862623, 'subsample': 0.8390183783709677, 'min_child_samples': 19, 'reg_alpha': 1.860444687368747e-08, 'reg_lambda': 2.7391483548058117e-06}. Best is trial 1 with value: 0.012329314945976649.
[I 2026-05-07 00:29:41,232] Trial 7 finished with value: -0.007172593748315409 and parameters: {'confidence_threshold': 0.563503962036334, 'training_days': 70, 'n_estimators': 63, 'max_depth': 3, 'num_leaves': 47, 'learning_rate': 0.18074927623018475, 'subsample': 0.5059692991701257, 'min_child_samples': 9, 'reg_alpha': 3.6945804405602874e-08, 'reg_lambda': 0.027706035542028905}. Best is trial 1 with value: 0.012329314945976649.
[I 2026-05-07 00:29:41,323] Trial 8 finished with value: 0.22941793915876443 and parameters: {'confidence_threshold': 0.6525471176758836, 'training_days': 440, 'n_estimators': 116, 'max_depth': 4, 'num_leaves': 115, 'learning_rate': 0.010229952960863938, 'subsample': 0.5062159465415076, 'min_child_samples': 54, 'reg_alpha': 6.790626457822126e-06, 'reg_lambda': 1.7869141074987722e-05}. Best is trial 8 with value: 0.22941793915876443.
[I 2026-05-07 00:29:41,408] Trial 9 finished with value: -1.959915051718901 and parameters: {'confidence_threshold': 0.7277571993354469, 'training_days': 360, 'n_estimators': 75, 'max_depth': 5, 'num_leaves': 41, 'learning_rate': 0.014186743931212992, 'subsample': 0.7445187273047605, 'min_child_samples': 22, 'reg_alpha': 0.02393227447113315, 'reg_lambda': 0.009236766173618426}. Best is trial 8 with value: 0.22941793915876443.
[I 2026-05-07 00:29:41,756] A new study created in memory with name: no-name-e17ed8d1-1f46-4602-ba80-f44fdac539c6

  [label] 2021-02-06 16:00 TRXUSDT entry=0.0351 → LONG | long=tp(+10.97%) short=sl(-5.63%) | scanned=6 | long_tp_only
  [label] 2021-03-03 16:00 TRXUSDT entry=0.0488 → LONG | long=timeout(+5.25%) short=sl(-6.79%) | scanned=22 | no_tp→fwd_return=+5.3506
  [label] 2021-04-25 00:00 TRXUSDT entry=0.1026 → LONG | long=tp(+23.80%) short=sl(-12.05%) | scanned=7 | long_tp_only
  [label] 2021-10-08 16:00 TRXUSDT entry=0.0978 → LONG | long=tp(+7.12%) short=sl(-3.71%) | scanned=2 | long_tp_only
  [label] 2021-10-12 16:00 TRXUSDT entry=0.0956 → LONG | long=tp(+7.36%) short=sl(-3.83%) | scanned=8 | long_tp_only
  [label] 2021-10-23 08:00 TRXUSDT entry=0.1009 → LONG | long=sl(-2.94%) short=sl(-2.94%) | scanned=8 | no_tp→fwd_return=+4.4900
  [label] 2021-12-07 08:00 TRXUSDT entry=0.0915 → SHORT | long=sl(-4.68%) short=timeout(+5.95%) | scanned=22 | no_tp→fwd_return=-6.0470
  [label] 2021-12-16 00:00 TRXUSDT entry=0.0868 → SHORT | long=sl(-3.85%) short=tp(+7.41%) | scanned=4 | short_tp_only
  [label] 2022-03-19 16:00 TRXUSDT entry=0.0619 → LONG | long=sl(-1.94%) short=sl(-1.94%) | scanned=7 | no_tp→fwd_return=+1.9548
  [label] 2022-04-22 16:00 TRXUSDT entry=0.0666 → SHORT | long=sl(-3.46%) short=sl(-3.46%) | scanned=7 | no_tp→fwd_return=-6.7458
  [label] 2022-05-08 16:00 TRXUSDT entry=0.0880 → SHORT | long=sl(-6.34%) short=tp(+12.37%) | scanned=2 | short_tp_only
  [label] 2022-05-21 16:00 TRXUSDT entry=0.0740 → LONG | long=tp(+11.42%) short=sl(-5.86%) | scanned=6 | long_tp_only
  [label] 2022-06-09 00:00 TRXUSDT entry=0.0816 → SHORT | long=sl(-3.73%) short=tp(+7.15%) | scanned=7 | short_tp_only
  [label] 2022-06-15 08:00 TRXUSDT entry=0.0552 → LONG | long=tp(+18.26%) short=sl(-9.28%) | scanned=2 | long_tp_only
  [label] 2022-06-27 16:00 TRXUSDT entry=0.0670 → LONG | long=sl(-4.36%) short=timeout(-0.56%) | scanned=22 | no_tp→fwd_return=+0.4628
  [label] 2022-08-06 08:00 TRXUSDT entry=0.0700 → SHORT | long=sl(-2.21%) short=timeout(-0.06%) | scanned=22 | no_tp→fwd_return=-0.0429
  [label] 2022-08-16 08:00 TRXUSDT entry=0.0698 → SHORT | long=sl(-1.97%) short=tp(+3.64%) | scanned=8 | short_tp_only
  [label] 2022-11-10 16:00 TRXUSDT entry=0.0577 → SHORT | long=sl(-4.79%) short=tp(+9.29%) | scanned=8 | short_tp_only
  Labels: 1175 long (54.0%), 1000 short (46.0%) | weights: min=1.00, mean=2.77, max=10.00
  Features: 2175/2175 matched, 13 columns
  CV gap: 22 rows
    [trial 0] 13 features, training_days=230 | threshold=0.779 | labels: 1175 long, 1000 short (54/46%)
    [CV fold 0] train_end=2021-03-25 00:00 | val_start=2021-04-01 16:00 | gap=184h (22 rows)
    [CV fold 1] train_end=2021-07-23 16:00 | val_start=2021-07-31 08:00 | gap=184h (22 rows)
    [CV fold 2] train_end=2021-11-21 08:00 | val_start=2021-11-29 00:00 | gap=184h (22 rows)
    [CV fold 3] train_end=2022-03-25 00:00 | val_start=2022-04-03 16:00 | gap=232h (22 rows)
    [CV fold 4] train_end=2022-07-25 16:00 | val_start=2022-08-02 08:00 | gap=184h (22 rows)
    [trial 0] Sharpe=-0.1114 (folds: -0.1959, 0.1125, 0.1004, -0.2779, -0.2960)
    [trial 1] 13 features, training_days=410 | threshold=0.693 | labels: 1175 long, 1000 short (54/46%)
    [trial 1] Sharpe=0.0123 (folds: -0.2084, -0.0489, 0.2026, -0.0759, 0.1923)
    [trial 2] 13 features, training_days=270 | threshold=0.546 | labels: 1175 long, 1000 short (54/46%)
    [trial 2] Sharpe=-0.0280 (folds: -0.1719, 0.0446, 0.0145, -0.0264, -0.0007)
    [trial 3] 13 features, training_days=270 | threshold=0.600 | labels: 1175 long, 1000 short (54/46%)
    [trial 3] Sharpe=-0.0601 (folds: -0.2526, -0.0099, 0.0643, -0.0808, -0.0215)
    [trial 4] 13 features, training_days=390 | threshold=0.764 | labels: 1175 long, 1000 short (54/46%)
    [trial 4] Sharpe=-0.0143 (folds: -0.3191, 0.0208, 0.1791, 0.0770, -0.0294)
    [trial 5] 13 features, training_days=60 | threshold=0.603 | labels: 1175 long, 1000 short (54/46%)
    [trial 5] Sharpe=-0.0767 (folds: -0.2414, -0.0003, -0.0979, 0.0652, -0.1092)
    [trial 6] 13 features, training_days=290 | threshold=0.738 | labels: 1175 long, 1000 short (54/46%)
    [trial 6] Sharpe=-0.0580 (folds: -0.3195, 0.0064, 0.1553, 0.0018, -0.1338)
    [trial 7] 13 features, training_days=70 | threshold=0.564 | labels: 1175 long, 1000 short (54/46%)
    [trial 7] Sharpe=-0.0072 (folds: -0.1004, -0.0320, 0.0183, 0.2184, -0.1402)
    [trial 8] 13 features, training_days=440 | threshold=0.653 | labels: 1175 long, 1000 short (54/46%)
    [trial 8] Sharpe=0.2294 (folds: -0.1414, 0.0104, 0.5283, 0.5652, 0.1846)
    [trial 9] 13 features, training_days=360 | threshold=0.728 | labels: 1175 long, 1000 short (54/46%)
    [trial 9] Sharpe=-1.9599 (folds: -0.2207, -0.2007, -10.0000, 0.5537, 0.0680)
  Optuna: 10 trials, best Sharpe = 0.2294
  Best params: n_estimators=116, max_depth=4, lr=0.0102, leaves=115
  Best confidence_threshold: 0.653
  Best training_days: 440
  Retrained on full data (1305 samples, 13 features)
  Model trained for 2022-12: 93 test candles with features, confidence_threshold=0.653
[lgbm] === Training for 2023-01 ===
  Train window: 2021-01-01 → 2023-01-01
  2175 training samples from 1 symbols
  Samples per month: 2021-01: 93, 2021-02: 84, 2021-03: 93, 2021-04: 90, 2021-05: 93, 2021-06: 90, 2021-07: 93, 2021-08: 93, 2021-09: 90, 2021-10: 93, 2021-11: 90, 2021-12: 93, 2022-01: 93, 2022-02: 75, 2022-03: 93, 2022-04: 84, 2022-05: 93, 2022-06: 90, 2022-07: 93, 2022-08: 93, 2022-09: 90, 2022-10: 93, 2022-11: 90, 2022-12: 93
  [label] 2021-03-03 16:00 TRXUSDT entry=0.0488 → LONG | long=timeout(+5.25%) short=sl(-6.79%) | scanned=22 | no_tp→fwd_return=+5.3506
  [label] 2021-03-06 00:00 TRXUSDT entry=0.0504 → SHORT | long=timeout(-0.75%) short=sl(-6.32%) | scanned=22 | no_tp→fwd_return=-0.6545
  [label] 2021-03-09 16:00 TRXUSDT entry=0.0532 → SHORT | long=sl(-4.76%) short=tp(+9.22%) | scanned=17 | short_tp_only
  [label] 2021-04-03 16:00 TRXUSDT entry=0.1017 → LONG | long=tp(+11.90%) short=sl(-6.10%) | scanned=1 | long_tp_only
  [label] 2021-05-26 00:00 TRXUSDT entry=0.0839 → SHORT | long=sl(-11.03%) short=timeout(+8.09%) | scanned=22 | no_tp→fwd_return=-8.1922
  [label] 2021-11-08 16:00 TRXUSDT entry=0.1101 → LONG | long=tp(+5.57%) short=sl(-2.93%) | scanned=4 | long_tp_only
  [label] 2021-11-12 16:00 TRXUSDT entry=0.1080 → LONG | long=tp(+6.85%) short=sl(-3.58%) | scanned=5 | long_tp_only
  [label] 2021-11-23 08:00 TRXUSDT entry=0.1029 → SHORT | long=sl(-4.04%) short=tp(+7.78%) | scanned=9 | short_tp_only
  [label] 2022-01-07 08:00 TRXUSDT entry=0.0673 → SHORT | long=sl(-3.47%) short=tp(+6.64%) | scanned=9 | short_tp_only
  [label] 2022-01-16 00:00 TRXUSDT entry=0.0699 → SHORT | long=sl(-2.89%) short=sl(-2.89%) | scanned=7 | no_tp→fwd_return=-2.5190
  [label] 2022-04-21 16:00 TRXUSDT entry=0.0711 → SHORT | long=sl(-3.01%) short=tp(+5.72%) | scanned=1 | short_tp_only
  [label] 2022-05-23 16:00 TRXUSDT entry=0.0761 → LONG | long=tp(+10.50%) short=sl(-5.40%) | scanned=5 | long_tp_only
  [label] 2022-06-08 16:00 TRXUSDT entry=0.0806 → SHORT | long=sl(-3.85%) short=tp(+7.39%) | scanned=10 | short_tp_only
  [label] 2022-06-21 16:00 TRXUSDT entry=0.0649 → LONG | long=timeout(+1.33%) short=sl(-6.43%) | scanned=22 | no_tp→fwd_return=+1.4336
  [label] 2022-07-10 00:00 TRXUSDT entry=0.0689 → SHORT | long=sl(-2.79%) short=tp(+5.27%) | scanned=5 | short_tp_only
  [label] 2022-07-16 08:00 TRXUSDT entry=0.0674 → LONG | long=tp(+4.55%) short=sl(-2.43%) | scanned=6 | long_tp_only
  [label] 2022-07-28 16:00 TRXUSDT entry=0.0696 → SHORT | long=sl(-2.22%) short=sl(-2.22%) | scanned=3 | no_tp→fwd_return=-0.6320
  [label] 2022-09-06 08:00 TRXUSDT entry=0.0631 → SHORT | long=sl(-1.77%) short=tp(+3.24%) | scanned=1 | short_tp_only
  [label] 2022-09-16 08:00 TRXUSDT entry=0.0610 → SHORT | long=sl(-1.89%) short=sl(-1.89%) | scanned=8 | no_tp→fwd_return=-2.4087
  [label] 2022-12-11 16:00 TRXUSDT entry=0.0539 → SHORT | long=sl(-1.66%) short=tp(+3.02%) | scanned=1 | short_tp_only
  Labels: 1180 long (54.3%), 995 short (45.7%) | weights: min=1.00, mean=2.71, max=10.00
  Features: 2175/2175 matched, 13 columns
  CV gap: 22 rows
    [trial 0] 13 features, training_days=230 | threshold=0.779 | labels: 1180 long, 995 short (54/46%)[I 2026-05-07 00:29:42,043] Trial 0 finished with value: -0.14711891264498958 and parameters: {'confidence_threshold': 0.7790993046299082, 'training_days': 230, 'n_estimators': 295, 'max_depth': 5, 'num_leaves': 83, 'learning_rate': 0.051543455158230854, 'subsample': 0.8773243492079463, 'min_child_samples': 10, 'reg_alpha': 0.034096514368237685, 'reg_lambda': 3.154180388637081e-05}. Best is trial 0 with value: -0.14711891264498958.
