[I 2026-05-07 00:28:48,912] Trial 5 finished with value: -0.04942193060736582 and parameters: {'confidence_threshold': 0.6029115860358569, 'training_days': 60, 'n_estimators': 441, 'max_depth': 3, 'num_leaves': 66, 'learning_rate': 0.044953114425778824, 'subsample': 0.7098948461279406, 'min_child_samples': 15, 'reg_alpha': 4.888753565548431e-07, 'reg_lambda': 4.198190642566389}. Best is trial 2 with value: -0.0014205567896568184.

    [trial 1] Sharpe=-0.0050 (folds: 0.2024, -0.2103, 0.0252, 0.1098, -0.1520)
    [trial 2] 13 features, training_days=270 | threshold=0.546 | labels: 1125 long, 1068 short (51/49%)
    [trial 2] Sharpe=-0.0109 (folds: 0.0073, -0.0686, -0.0494, 0.1824, -0.1259)
    [trial 3] 13 features, training_days=270 | threshold=0.600 | labels: 1125 long, 1068 short (51/49%)
    [trial 3] Sharpe=-0.0808 (folds: -0.1052, -0.0418, -0.1462, 0.0871, -0.1978)
    [trial 4] 13 features, training_days=390 | threshold=0.764 | labels: 1125 long, 1068 short (51/49%)
    [trial 4] Sharpe=-0.1179 (folds: -0.2014, -0.1253, -0.0095, -0.0596, -0.1935)
    [trial 5] 13 features, training_days=60 | threshold=0.603 | labels: 1125 long, 1068 short (51/49%)
    [trial 5] Sharpe=0.0114 (folds: 0.0560, -0.0561, -0.0888, 0.1970, -0.0513)
    [trial 6] 13 features, training_days=290 | threshold=0.738 | labels: 1125 long, 1068 short (51/49%)
    [trial 6] Sharpe=-0.0842 (folds: -0.1800, -0.1284, -0.1000, 0.2280, -0.2405)
    [trial 7] 13 features, training_days=70 | threshold=0.564 | labels: 1125 long, 1068 short (51/49%)
    [trial 7] Sharpe=-0.0104 (folds: 0.0730, -0.0965, -0.1005, 0.1619, -0.0898)
    [trial 8] 13 features, training_days=440 | threshold=0.653 | labels: 1125 long, 1068 short (51/49%)
    [trial 8] Sharpe=-0.0437 (folds: -0.1206, -0.3450, 0.1291, 0.1703, -0.0525)
    [trial 9] 13 features, training_days=360 | threshold=0.728 | labels: 1125 long, 1068 short (51/49%)
    [trial 9] Sharpe=-0.0985 (folds: -0.2100, -0.2936, 0.1044, 0.1072, -0.2004)
  Optuna: 10 trials, best Sharpe = 0.0114
  Best params: n_estimators=441, max_depth=3, lr=0.0450, leaves=66
  Best confidence_threshold: 0.603
  Best training_days: 60
  Retrained on full data (180 samples, 13 features)
  Model trained for 2025-01: 93 test candles with features, confidence_threshold=0.603
[predict] 2025-01-04 08:00 LDOUSDT → SHORT (proba=0.77 TP=10.3%/SL=5.1%)
[trade:open] 2025-01-04 15:59 LDOUSDT SHORT @ 2.03 | SL=2.14 TP=1.82 | timeout=2025-01-11 15:59
[trade:close] 2025-01-05 23:59 LDOUSDT SHORT → stop_loss @ 2.14 | PnL=-5.14% (net -5.24%) | cum=-0.02% 2025-01=-5.24% 2025-01-05=-5.24%
[predict] 2025-01-07 08:00 LDOUSDT → LONG (proba=0.96 TP=10.6%/SL=5.3%)
[trade:open] 2025-01-07 15:59 LDOUSDT LONG @ 1.89 | SL=1.79 TP=2.09 | timeout=2025-01-14 15:59
[trade:close] 2025-01-07 23:59 LDOUSDT LONG → stop_loss @ 1.79 | PnL=-5.28% (net -5.38%) | cum=-5.40% 2025-01=-10.62% 2025-01-07=-5.38%
[predict] 2025-01-10 00:00 LDOUSDT → LONG (proba=0.99 TP=12.2%/SL=6.1%)
[trade:open] 2025-01-10 07:59 LDOUSDT LONG @ 1.68 | SL=1.58 TP=1.89 | timeout=2025-01-17 07:59
[trade:close] 2025-01-10 15:59 LDOUSDT LONG → stop_loss @ 1.58 | PnL=-6.08% (net -6.18%) | cum=-11.58% 2025-01=-16.80% 2025-01-10=-6.18%
[predict] 2025-01-14 16:00 LDOUSDT → LONG (proba=0.69 TP=10.7%/SL=5.4%)
[trade:open] 2025-01-14 23:59 LDOUSDT LONG @ 1.85 | SL=1.75 TP=2.04 | timeout=2025-01-21 23:59
[trade:close] 2025-01-15 23:59 LDOUSDT LONG → take_profit @ 2.04 | PnL=+10.71% (net +10.61%) | cum=-0.97% 2025-01=-6.20% 2025-01-15=+10.61%
[predict] 2025-01-19 16:00 LDOUSDT → LONG (proba=0.77 TP=14.4%/SL=7.2%)
[trade:open] 2025-01-19 23:59 LDOUSDT LONG @ 1.62 | SL=1.50 TP=1.86 | timeout=2025-01-26 23:59
[trade:close] 2025-01-20 07:59 LDOUSDT LONG → take_profit @ 1.86 | PnL=+14.44% (net +14.34%) | cum=+13.37% 2025-01=+8.15% 2025-01-20=+14.34%
[lgbm] === Training for 2025-02 ===
  Train window: 2023-02-01 → 2025-02-01
  2193 training samples from 1 symbols
  Samples per month: 2023-02: 84, 2023-03: 93, 2023-04: 90, 2023-05: 93, 2023-06: 90, 2023-07: 93, 2023-08: 93, 2023-09: 90, 2023-10: 93, 2023-11: 90, 2023-12: 93, 2024-01: 93, 2024-02: 87, 2024-03: 93, 2024-04: 90, 2024-05: 93, 2024-06: 90, 2024-07: 93, 2024-08: 93, 2024-09: 90, 2024-10: 93, 2024-11: 90, 2024-12: 93, 2025-01: 93
  [label] 2023-04-04 08:00 LDOUSDT entry=2.5481 → LONG | long=tp(+9.81%) short=sl(-5.05%) | scanned=2 | long_tp_only
  [label] 2023-04-06 16:00 LDOUSDT entry=2.5936 → SHORT | long=sl(-4.81%) short=tp(+9.33%) | scanned=7 | short_tp_only
  [label] 2023-04-10 08:00 LDOUSDT entry=2.3983 → LONG | long=sl(-4.53%) short=sl(-4.53%) | scanned=11 | no_tp→fwd_return=+6.3545
  [label] 2023-05-05 08:00 LDOUSDT entry=1.8745 → SHORT | long=sl(-4.33%) short=sl(-4.33%) | scanned=3 | no_tp→fwd_return=-4.3478
  [label] 2023-06-27 08:00 LDOUSDT entry=1.9290 → LONG | long=sl(-4.16%) short=sl(-4.16%) | scanned=9 | no_tp→fwd_return=+0.2540
  [label] 2023-12-12 08:00 LDOUSDT entry=2.2390 → SHORT | long=sl(-4.99%) short=sl(-4.99%) | scanned=10 | no_tp→fwd_return=-4.6360
  [label] 2023-12-16 08:00 LDOUSDT entry=2.1932 → SHORT | long=sl(-4.68%) short=tp(+9.07%) | scanned=6 | short_tp_only
  [label] 2023-12-27 00:00 LDOUSDT entry=2.3873 → LONG | long=tp(+9.61%) short=sl(-4.95%) | scanned=1 | long_tp_only
  [label] 2024-02-10 08:00 LDOUSDT entry=2.9273 → LONG | long=sl(-3.49%) short=sl(-3.49%) | scanned=6 | no_tp→fwd_return=+1.4518
  [label] 2024-02-19 00:00 LDOUSDT entry=3.3532 → SHORT | long=sl(-3.61%) short=tp(+6.92%) | scanned=4 | short_tp_only
  [label] 2024-05-20 16:00 LDOUSDT entry=2.0970 → LONG | long=tp(+8.64%) short=sl(-4.47%) | scanned=1 | long_tp_only
  [label] 2024-06-21 16:00 LDOUSDT entry=2.2632 → SHORT | long=sl(-6.44%) short=tp(+12.59%) | scanned=8 | short_tp_only
  [label] 2024-07-08 00:00 LDOUSDT entry=1.5379 → LONG | long=tp(+14.00%) short=sl(-7.15%) | scanned=20 | long_tp_only
  [label] 2024-07-21 00:00 LDOUSDT entry=1.8964 → SHORT | long=sl(-4.73%) short=tp(+9.16%) | scanned=10 | short_tp_only
  [label] 2024-08-08 16:00 LDOUSDT entry=1.1651 → SHORT | long=sl(-7.51%) short=tp(+14.71%) | scanned=21 | short_tp_only
  [label] 2024-08-15 00:00 LDOUSDT entry=1.0604 → LONG | long=sl(-5.89%) short=sl(-5.89%) | scanned=21 | no_tp→fwd_return=+6.0732
  [label] 2024-08-27 08:00 LDOUSDT entry=1.1389 → SHORT | long=sl(-4.80%) short=tp(+9.30%) | scanned=3 | short_tp_only
  [label] 2024-10-06 08:00 LDOUSDT entry=1.0711 → SHORT | long=sl(-4.96%) short=sl(-4.96%) | scanned=10 | no_tp→fwd_return=-3.9212
  [label] 2024-10-16 08:00 LDOUSDT entry=1.1004 → LONG | long=tp(+8.74%) short=sl(-4.52%) | scanned=12 | long_tp_only
  [label] 2025-01-11 08:00 LDOUSDT entry=1.5929 → SHORT | long=sl(-6.16%) short=tp(+12.03%) | scanned=6 | short_tp_only
  Labels: 1102 long (50.3%), 1091 short (49.7%) | weights: min=1.05, mean=4.65, max=10.00
  Features: 2193/2193 matched, 13 columns
  CV gap: 22 rows
    [trial 0] 13 features, training_days=230 | threshold=0.779 | labels: 1102 long, 1091 short (50/50%)
    [CV fold 0] train_end=2023-05-27 00:00 | val_start=2023-06-03 16:00 | gap=184h (22 rows)
    [CV fold 1] train_end=2023-09-25 16:00 | val_start=2023-10-03 08:00 | gap=184h (22 rows)
    [CV fold 2] train_end=2024-01-25 08:00 | val_start=2024-02-02 00:00 | gap=184h (22 rows)
    [CV fold 3] train_end=2024-05-26 00:00 | val_start=2024-06-02 16:00 | gap=184h (22 rows)
    [CV fold 4] train_end=2024-09-24 16:00 | val_start=2024-10-02 08:00 | gap=184h (22 rows)
    [trial 0] Sharpe=-0.1237 (folds: 0.1011, -0.1534, -0.1250, -0.2931, -0.1480)
    [trial 1] 13 features, training_days=410 | threshold=0.693 | labels: 1102 long, 1091 short (50/50%)
    [trial 1] Sharpe=-0.0322 (folds: 0.1547, -0.1521, -0.2088, 0.2832, -0.2377)
    [trial 2] 13 features, training_days=270 | threshold=0.546 | labels: 1102 long, 1091 short (50/50%)
    [trial 2] Sharpe=-0.0014 (folds: 0.2188, -0.1258, -0.0648, 0.0456, -0.0809)
    [trial 3] 13 features, training_days=270 | threshold=0.600 | labels: 1102 long, 1091 short (50/50%)
    [trial 3] Sharpe=-0.0434 (folds: 0.2186, -0.1474, -0.1522, -0.0369, -0.0992)
    [trial 4] 13 features, training_days=390 | threshold=0.764 | labels: 1102 long, 1091 short (50/50%)
    [trial 4] Sharpe=-0.0582 (folds: 0.2174, -0.1980, -0.1255, -0.0322, -0.1525)
    [trial 5] 13 features, training_days=60 | threshold=0.603 | labels: 1102 long, 1091 short (50/50%)
    [trial 5] Sharpe=-0.0494 (folds: -0.0028, -0.0393, -0.0238, -0.1407, -0.0406)
    [trial 6] 13 features, training_days=290 | threshold=0.738 | labels: 1102 long, 1091 short (50/50%)[I 2026-05-07 00:28:49,172] Trial 6 finished with value: -0.14074103469770732 and parameters: {'confidence_threshold': 0.7376932868314098, 'training_days': 290, 'n_estimators': 249, 'max_depth': 5, 'num_leaves': 121, 'learning_rate': 0.015565840632862623, 'subsample': 0.8390183783709677, 'min_child_samples': 19, 'reg_alpha': 1.860444687368747e-08, 'reg_lambda': 2.7391483548058117e-06}. Best is trial 2 with value: -0.0014205567896568184.
[I 2026-05-07 00:28:49,210] Trial 7 finished with value: -0.04228343809526078 and parameters: {'confidence_threshold': 0.563503962036334, 'training_days': 70, 'n_estimators': 63, 'max_depth': 3, 'num_leaves': 47, 'learning_rate': 0.18074927623018475, 'subsample': 0.5059692991701257, 'min_child_samples': 9, 'reg_alpha': 3.6945804405602874e-08, 'reg_lambda': 0.027706035542028905}. Best is trial 2 with value: -0.0014205567896568184.
[I 2026-05-07 00:28:49,301] Trial 8 finished with value: -0.16879725402717213 and parameters: {'confidence_threshold': 0.6525471176758836, 'training_days': 440, 'n_estimators': 116, 'max_depth': 4, 'num_leaves': 115, 'learning_rate': 0.010229952960863938, 'subsample': 0.5062159465415076, 'min_child_samples': 54, 'reg_alpha': 6.790626457822126e-06, 'reg_lambda': 1.7869141074987722e-05}. Best is trial 2 with value: -0.0014205567896568184.
[I 2026-05-07 00:28:49,407] Trial 9 finished with value: -2.0901764224686454 and parameters: {'confidence_threshold': 0.7277571993354469, 'training_days': 360, 'n_estimators': 75, 'max_depth': 5, 'num_leaves': 41, 'learning_rate': 0.014186743931212992, 'subsample': 0.7445187273047605, 'min_child_samples': 22, 'reg_alpha': 0.02393227447113315, 'reg_lambda': 0.009236766173618426}. Best is trial 2 with value: -0.0014205567896568184.
[I 2026-05-07 00:28:49,679] A new study created in memory with name: no-name-587c1b1c-da92-485a-801d-0e89e23adf2b
[I 2026-05-07 00:28:49,927] Trial 0 finished with value: -0.06902021555854192 and parameters: {'confidence_threshold': 0.7790993046299082, 'training_days': 230, 'n_estimators': 295, 'max_depth': 5, 'num_leaves': 83, 'learning_rate': 0.051543455158230854, 'subsample': 0.8773243492079463, 'min_child_samples': 10, 'reg_alpha': 0.034096514368237685, 'reg_lambda': 3.154180388637081e-05}. Best is trial 0 with value: -0.06902021555854192.
[I 2026-05-07 00:28:50,076] Trial 1 finished with value: -0.027221333735846242 and parameters: {'confidence_threshold': 0.6929247853618086, 'training_days': 410, 'n_estimators': 233, 'max_depth': 5, 'num_leaves': 108, 'learning_rate': 0.013724237108071606, 'subsample': 0.7013182233636002, 'min_child_samples': 94, 'reg_alpha': 2.4040959529260723e-06, 'reg_lambda': 5.320966582161148}. Best is trial 1 with value: -0.027221333735846242.
[I 2026-05-07 00:28:50,140] Trial 2 finished with value: 0.025313283426503415 and parameters: {'confidence_threshold': 0.546341527225763, 'training_days': 270, 'n_estimators': 120, 'max_depth': 4, 'num_leaves': 53, 'learning_rate': 0.060197068579343475, 'subsample': 0.588227873455941, 'min_child_samples': 91, 'reg_alpha': 2.3457771824819002e-08, 'reg_lambda': 1.1358840775642732e-08}. Best is trial 2 with value: 0.025313283426503415.
[I 2026-05-07 00:28:50,307] Trial 3 finished with value: -0.01291962015143916 and parameters: {'confidence_threshold': 0.6000319676300473, 'training_days': 270, 'n_estimators': 382, 'max_depth': 4, 'num_leaves': 44, 'learning_rate': 0.09185046765032388, 'subsample': 0.6743651508646724, 'min_child_samples': 77, 'reg_alpha': 0.0013974578104212739, 'reg_lambda': 8.97190257982477e-08}. Best is trial 2 with value: 0.025313283426503415.
[I 2026-05-07 00:28:50,707] Trial 4 finished with value: -0.0020255871222745136 and parameters: {'confidence_threshold': 0.7642618789055509, 'training_days': 390, 'n_estimators': 464, 'max_depth': 5, 'num_leaves': 30, 'learning_rate': 0.024562383309704932, 'subsample': 0.8612975035964376, 'min_child_samples': 36, 'reg_alpha': 1.593999300080167, 'reg_lambda': 0.006081270362829788}. Best is trial 2 with value: 0.025313283426503415.
[I 2026-05-07 00:28:50,860] Trial 5 finished with value: -0.06516309723762512 and parameters: {'confidence_threshold': 0.6029115860358569, 'training_days': 60, 'n_estimators': 441, 'max_depth': 3, 'num_leaves': 66, 'learning_rate': 0.044953114425778824, 'subsample': 0.7098948461279406, 'min_child_samples': 15, 'reg_alpha': 4.888753565548431e-07, 'reg_lambda': 4.198190642566389}. Best is trial 2 with value: 0.025313283426503415.
[I 2026-05-07 00:28:51,111] Trial 6 finished with value: -0.07025132693293876 and parameters: {'confidence_threshold': 0.7376932868314098, 'training_days': 290, 'n_estimators': 249, 'max_depth': 5, 'num_leaves': 121, 'learning_rate': 0.015565840632862623, 'subsample': 0.8390183783709677, 'min_child_samples': 19, 'reg_alpha': 1.860444687368747e-08, 'reg_lambda': 2.7391483548058117e-06}. Best is trial 2 with value: 0.025313283426503415.
[I 2026-05-07 00:28:51,150] Trial 7 finished with value: -0.01942636085044438 and parameters: {'confidence_threshold': 0.563503962036334, 'training_days': 70, 'n_estimators': 63, 'max_depth': 3, 'num_leaves': 47, 'learning_rate': 0.18074927623018475, 'subsample': 0.5059692991701257, 'min_child_samples': 9, 'reg_alpha': 3.6945804405602874e-08, 'reg_lambda': 0.027706035542028905}. Best is trial 2 with value: 0.025313283426503415.
[I 2026-05-07 00:28:51,238] Trial 8 finished with value: -1.9827185757904608 and parameters: {'confidence_threshold': 0.6525471176758836, 'training_days': 440, 'n_estimators': 116, 'max_depth': 4, 'num_leaves': 115, 'learning_rate': 0.010229952960863938, 'subsample': 0.5062159465415076, 'min_child_samples': 54, 'reg_alpha': 6.790626457822126e-06, 'reg_lambda': 1.7869141074987722e-05}. Best is trial 2 with value: 0.025313283426503415.
