[I 2026-05-07 00:28:51,343] Trial 9 finished with value: -0.2315671290787218 and parameters: {'confidence_threshold': 0.7277571993354469, 'training_days': 360, 'n_estimators': 75, 'max_depth': 5, 'num_leaves': 41, 'learning_rate': 0.014186743931212992, 'subsample': 0.7445187273047605, 'min_child_samples': 22, 'reg_alpha': 0.02393227447113315, 'reg_lambda': 0.009236766173618426}. Best is trial 2 with value: 0.025313283426503415.

    [trial 6] Sharpe=-0.1407 (folds: 0.1180, -0.1665, -0.1328, -0.3049, -0.2175)
    [trial 7] 13 features, training_days=70 | threshold=0.564 | labels: 1102 long, 1091 short (50/50%)
    [trial 7] Sharpe=-0.0423 (folds: 0.0345, -0.0175, -0.0452, -0.1756, -0.0076)
    [trial 8] 13 features, training_days=440 | threshold=0.653 | labels: 1102 long, 1091 short (50/50%)
    [trial 8] Sharpe=-0.1688 (folds: 0.1749, -0.1647, -0.2705, -0.1505, -0.4331)
    [trial 9] 13 features, training_days=360 | threshold=0.728 | labels: 1102 long, 1091 short (50/50%)
    [trial 9] Sharpe=-2.0902 (folds: 0.3483, -0.3205, -0.1162, -10.0000, -0.3624)
  Optuna: 10 trials, best Sharpe = -0.0014
  Best params: n_estimators=120, max_depth=4, lr=0.0602, leaves=53
  Best confidence_threshold: 0.546
  Best training_days: 270
  Retrained on full data (810 samples, 13 features)
  Model trained for 2025-02: 84 test candles with features, confidence_threshold=0.546
[lgbm] === Training for 2025-03 ===
  Train window: 2023-03-01 → 2025-03-01
  2193 training samples from 1 symbols
  Samples per month: 2023-03: 93, 2023-04: 90, 2023-05: 93, 2023-06: 90, 2023-07: 93, 2023-08: 93, 2023-09: 90, 2023-10: 93, 2023-11: 90, 2023-12: 93, 2024-01: 93, 2024-02: 87, 2024-03: 93, 2024-04: 90, 2024-05: 93, 2024-06: 90, 2024-07: 93, 2024-08: 93, 2024-09: 90, 2024-10: 93, 2024-11: 90, 2024-12: 93, 2025-01: 93, 2025-02: 84
  [label] 2023-05-02 08:00 LDOUSDT entry=1.9817 → SHORT | long=sl(-4.02%) short=tp(+7.75%) | scanned=9 | short_tp_only
  [label] 2023-05-04 16:00 LDOUSDT entry=1.8960 → SHORT | long=sl(-4.25%) short=tp(+8.19%) | scanned=10 | short_tp_only
  [label] 2023-05-08 08:00 LDOUSDT entry=1.6951 → LONG | long=sl(-4.87%) short=sl(-4.87%) | scanned=1 | no_tp→fwd_return=+7.7754
  [label] 2023-06-02 08:00 LDOUSDT entry=2.2938 → SHORT | long=sl(-3.58%) short=sl(-3.58%) | scanned=9 | no_tp→fwd_return=-7.3808
  [label] 2023-07-25 08:00 LDOUSDT entry=2.0319 → SHORT | long=sl(-4.00%) short=tp(+7.71%) | scanned=16 | short_tp_only
  [label] 2024-01-09 08:00 LDOUSDT entry=3.1767 → LONG | long=tp(+15.68%) short=sl(-7.99%) | scanned=1 | long_tp_only
  [label] 2024-01-13 08:00 LDOUSDT entry=3.3997 → SHORT | long=sl(-7.66%) short=tp(+15.03%) | scanned=19 | short_tp_only
  [label] 2024-01-24 00:00 LDOUSDT entry=2.6941 → LONG | long=tp(+11.66%) short=sl(-5.98%) | scanned=6 | long_tp_only
  [label] 2024-03-09 08:00 LDOUSDT entry=3.4450 → LONG | long=sl(-5.29%) short=sl(-5.29%) | scanned=11 | no_tp→fwd_return=+2.5718
  [label] 2024-03-18 00:00 LDOUSDT entry=2.7062 → SHORT | long=sl(-6.36%) short=tp(+12.42%) | scanned=3 | short_tp_only
  [label] 2024-06-17 16:00 LDOUSDT entry=1.9849 → SHORT | long=sl(-6.02%) short=tp(+11.74%) | scanned=1 | short_tp_only
  [label] 2024-07-19 16:00 LDOUSDT entry=1.9569 → SHORT | long=sl(-4.92%) short=tp(+9.54%) | scanned=9 | short_tp_only
  [label] 2024-08-05 00:00 LDOUSDT entry=1.0108 → LONG | long=sl(-9.19%) short=sl(-9.19%) | scanned=3 | no_tp→fwd_return=+14.3154
  [label] 2024-08-18 00:00 LDOUSDT entry=1.0758 → LONG | long=tp(+10.06%) short=sl(-5.18%) | scanned=15 | long_tp_only
  [label] 2024-09-05 16:00 LDOUSDT entry=0.9644 → LONG | long=sl(-5.00%) short=sl(-5.00%) | scanned=12 | no_tp→fwd_return=+4.2410
  [label] 2024-09-12 00:00 LDOUSDT entry=1.0217 → SHORT | long=sl(-4.26%) short=sl(-4.26%) | scanned=12 | no_tp→fwd_return=-1.9184
  [label] 2024-09-24 08:00 LDOUSDT entry=1.2072 → LONG | long=tp(+8.11%) short=sl(-4.20%) | scanned=9 | long_tp_only
  [label] 2024-11-03 08:00 LDOUSDT entry=0.9466 → LONG | long=tp(+8.61%) short=sl(-4.46%) | scanned=8 | long_tp_only
  [label] 2024-11-13 08:00 LDOUSDT entry=1.1817 → LONG | long=sl(-7.57%) short=sl(-7.57%) | scanned=16 | no_tp→fwd_return=+7.0069
  [label] 2025-02-08 08:00 LDOUSDT entry=1.4934 → LONG | long=tp(+21.14%) short=sl(-10.72%) | scanned=13 | long_tp_only
  Labels: 1074 long (49.0%), 1119 short (51.0%) | weights: min=1.01, mean=4.37, max=10.00
  Features: 2193/2193 matched, 13 columns
  CV gap: 22 rows
    [trial 0] 13 features, training_days=230 | threshold=0.779 | labels: 1074 long, 1119 short (49/51%)
    [CV fold 0] train_end=2023-06-24 00:00 | val_start=2023-07-01 16:00 | gap=184h (22 rows)
    [CV fold 1] train_end=2023-10-23 16:00 | val_start=2023-10-31 08:00 | gap=184h (22 rows)
    [CV fold 2] train_end=2024-02-22 08:00 | val_start=2024-03-01 00:00 | gap=184h (22 rows)
    [CV fold 3] train_end=2024-06-23 00:00 | val_start=2024-06-30 16:00 | gap=184h (22 rows)
    [CV fold 4] train_end=2024-10-22 16:00 | val_start=2024-10-30 08:00 | gap=184h (22 rows)
    [trial 0] Sharpe=-0.0690 (folds: -0.1901, -0.0925, 0.0795, -0.1191, -0.0229)
    [trial 1] 13 features, training_days=410 | threshold=0.693 | labels: 1074 long, 1119 short (49/51%)
    [trial 1] Sharpe=-0.0272 (folds: -0.1207, -0.1104, 0.0462, 0.0021, 0.0467)
    [trial 2] 13 features, training_days=270 | threshold=0.546 | labels: 1074 long, 1119 short (49/51%)
    [trial 2] Sharpe=0.0253 (folds: 0.0462, -0.0329, 0.0856, -0.0214, 0.0491)
    [trial 3] 13 features, training_days=270 | threshold=0.600 | labels: 1074 long, 1119 short (49/51%)
    [trial 3] Sharpe=-0.0129 (folds: 0.0294, -0.0939, -0.0119, 0.0031, 0.0088)
    [trial 4] 13 features, training_days=390 | threshold=0.764 | labels: 1074 long, 1119 short (49/51%)
    [trial 4] Sharpe=-0.0020 (folds: 0.0272, -0.1144, -0.0310, -0.0188, 0.1268)
    [trial 5] 13 features, training_days=60 | threshold=0.603 | labels: 1074 long, 1119 short (49/51%)
    [trial 5] Sharpe=-0.0652 (folds: -0.0030, -0.0675, -0.1701, -0.1063, 0.0211)
    [trial 6] 13 features, training_days=290 | threshold=0.738 | labels: 1074 long, 1119 short (49/51%)
    [trial 6] Sharpe=-0.0703 (folds: -0.1010, -0.1377, -0.0901, -0.1068, 0.0844)
    [trial 7] 13 features, training_days=70 | threshold=0.564 | labels: 1074 long, 1119 short (49/51%)
    [trial 7] Sharpe=-0.0194 (folds: 0.1194, -0.0432, -0.1367, -0.0904, 0.0539)
    [trial 8] 13 features, training_days=440 | threshold=0.653 | labels: 1074 long, 1119 short (49/51%)
    [trial 8] Sharpe=-1.9827 (folds: 0.0191, -0.1202, 0.1575, -10.0000, 0.0300)
    [trial 9] 13 features, training_days=360 | threshold=0.728 | labels: 1074 long, 1119 short (49/51%)
    [trial 9] Sharpe=-0.2316 (folds: -0.3891, -0.4095, -0.1038, -0.3107, 0.0553)
  Optuna: 10 trials, best Sharpe = 0.0253
  Best params: n_estimators=120, max_depth=4, lr=0.0602, leaves=53
  Best confidence_threshold: 0.546
  Best training_days: 270
  Retrained on full data (810 samples, 13 features)
  Model trained for 2025-03: 93 test candles with features, confidence_threshold=0.546
[lgbm] === Training for 2025-04 ===
  Train window: 2023-04-01 → 2025-04-01
  2193 training samples from 1 symbols
  Samples per month: 2023-04: 90, 2023-05: 93, 2023-06: 90, 2023-07: 93, 2023-08: 93, 2023-09: 90, 2023-10: 93, 2023-11: 90, 2023-12: 93, 2024-01: 93, 2024-02: 87, 2024-03: 93, 2024-04: 90, 2024-05: 93, 2024-06: 90, 2024-07: 93, 2024-08: 93, 2024-09: 90, 2024-10: 93, 2024-11: 90, 2024-12: 93, 2025-01: 93, 2025-02: 84, 2025-03: 93
  [label] 2023-06-02 08:00 LDOUSDT entry=2.2938 → SHORT | long=sl(-3.58%) short=sl(-3.58%) | scanned=9 | no_tp→fwd_return=-7.3808
  [label] 2023-06-04 16:00 LDOUSDT entry=2.2737 → SHORT | long=sl(-3.52%) short=tp(+6.74%) | scanned=3 | short_tp_only
  [label] 2023-06-08 08:00 LDOUSDT entry=2.2175 → SHORT | long=sl(-4.46%) short=tp(+8.61%) | scanned=5 | short_tp_only
  [label] 2023-07-03 08:00 LDOUSDT entry=2.1928 → SHORT | long=sl(-4.14%) short=tp(+7.98%) | scanned=9 | short_tp_only
  [label] 2023-08-25 08:00 LDOUSDT entry=1.5434 → LONG | long=tp(+6.76%) short=sl(-3.53%) | scanned=12 | long_tp_only
  [label] 2024-02-09 08:00 LDOUSDT entry=2.9814 → LONG | long=sl(-3.59%) short=sl(-3.59%) | scanned=10 | no_tp→fwd_return=+4.8903
  [label] 2024-02-13 08:00 LDOUSDT entry=3.1492 → LONG | long=tp(+6.77%) short=sl(-3.53%) | scanned=17 | long_tp_only
  [label] 2024-02-24 00:00 LDOUSDT entry=3.1768 → LONG | long=tp(+9.32%) short=sl(-4.81%) | scanned=8 | long_tp_only
  [label] 2024-04-09 08:00 LDOUSDT entry=2.7906 → SHORT | long=sl(-5.26%) short=tp(+10.21%) | scanned=6 | short_tp_only[I 2026-05-07 00:28:51,633] A new study created in memory with name: no-name-b9d2b066-e0cb-4933-b3a5-6b306c83889c
[I 2026-05-07 00:28:51,923] Trial 0 finished with value: -0.08004896004673707 and parameters: {'confidence_threshold': 0.7790993046299082, 'training_days': 230, 'n_estimators': 295, 'max_depth': 5, 'num_leaves': 83, 'learning_rate': 0.051543455158230854, 'subsample': 0.8773243492079463, 'min_child_samples': 10, 'reg_alpha': 0.034096514368237685, 'reg_lambda': 3.154180388637081e-05}. Best is trial 0 with value: -0.08004896004673707.
[I 2026-05-07 00:28:52,068] Trial 1 finished with value: -0.10904865807294331 and parameters: {'confidence_threshold': 0.6929247853618086, 'training_days': 410, 'n_estimators': 233, 'max_depth': 5, 'num_leaves': 108, 'learning_rate': 0.013724237108071606, 'subsample': 0.7013182233636002, 'min_child_samples': 94, 'reg_alpha': 2.4040959529260723e-06, 'reg_lambda': 5.320966582161148}. Best is trial 0 with value: -0.08004896004673707.
[I 2026-05-07 00:28:52,138] Trial 2 finished with value: -0.05721738606706347 and parameters: {'confidence_threshold': 0.546341527225763, 'training_days': 270, 'n_estimators': 120, 'max_depth': 4, 'num_leaves': 53, 'learning_rate': 0.060197068579343475, 'subsample': 0.588227873455941, 'min_child_samples': 91, 'reg_alpha': 2.3457771824819002e-08, 'reg_lambda': 1.1358840775642732e-08}. Best is trial 2 with value: -0.05721738606706347.
[I 2026-05-07 00:28:52,318] Trial 3 finished with value: -0.05865600799140308 and parameters: {'confidence_threshold': 0.6000319676300473, 'training_days': 270, 'n_estimators': 382, 'max_depth': 4, 'num_leaves': 44, 'learning_rate': 0.09185046765032388, 'subsample': 0.6743651508646724, 'min_child_samples': 77, 'reg_alpha': 0.0013974578104212739, 'reg_lambda': 8.97190257982477e-08}. Best is trial 2 with value: -0.05721738606706347.
[I 2026-05-07 00:28:52,648] Trial 4 finished with value: -0.039918145565956506 and parameters: {'confidence_threshold': 0.7642618789055509, 'training_days': 390, 'n_estimators': 464, 'max_depth': 5, 'num_leaves': 30, 'learning_rate': 0.024562383309704932, 'subsample': 0.8612975035964376, 'min_child_samples': 36, 'reg_alpha': 1.593999300080167, 'reg_lambda': 0.006081270362829788}. Best is trial 4 with value: -0.039918145565956506.
[I 2026-05-07 00:28:52,781] Trial 5 finished with value: -0.09038683545986413 and parameters: {'confidence_threshold': 0.6029115860358569, 'training_days': 60, 'n_estimators': 441, 'max_depth': 3, 'num_leaves': 66, 'learning_rate': 0.044953114425778824, 'subsample': 0.7098948461279406, 'min_child_samples': 15, 'reg_alpha': 4.888753565548431e-07, 'reg_lambda': 4.198190642566389}. Best is trial 4 with value: -0.039918145565956506.
[I 2026-05-07 00:28:53,006] Trial 6 finished with value: -0.005720974430925087 and parameters: {'confidence_threshold': 0.7376932868314098, 'training_days': 290, 'n_estimators': 249, 'max_depth': 5, 'num_leaves': 121, 'learning_rate': 0.015565840632862623, 'subsample': 0.8390183783709677, 'min_child_samples': 19, 'reg_alpha': 1.860444687368747e-08, 'reg_lambda': 2.7391483548058117e-06}. Best is trial 6 with value: -0.005720974430925087.
[I 2026-05-07 00:28:53,040] Trial 7 finished with value: -0.010624492474034486 and parameters: {'confidence_threshold': 0.563503962036334, 'training_days': 70, 'n_estimators': 63, 'max_depth': 3, 'num_leaves': 47, 'learning_rate': 0.18074927623018475, 'subsample': 0.5059692991701257, 'min_child_samples': 9, 'reg_alpha': 3.6945804405602874e-08, 'reg_lambda': 0.027706035542028905}. Best is trial 6 with value: -0.005720974430925087.
[I 2026-05-07 00:28:53,126] Trial 8 finished with value: -0.022080188233853347 and parameters: {'confidence_threshold': 0.6525471176758836, 'training_days': 440, 'n_estimators': 116, 'max_depth': 4, 'num_leaves': 115, 'learning_rate': 0.010229952960863938, 'subsample': 0.5062159465415076, 'min_child_samples': 54, 'reg_alpha': 6.790626457822126e-06, 'reg_lambda': 1.7869141074987722e-05}. Best is trial 6 with value: -0.005720974430925087.
[I 2026-05-07 00:28:53,225] Trial 9 finished with value: -0.027746983185208813 and parameters: {'confidence_threshold': 0.7277571993354469, 'training_days': 360, 'n_estimators': 75, 'max_depth': 5, 'num_leaves': 41, 'learning_rate': 0.014186743931212992, 'subsample': 0.7445187273047605, 'min_child_samples': 22, 'reg_alpha': 0.02393227447113315, 'reg_lambda': 0.009236766173618426}. Best is trial 6 with value: -0.005720974430925087.
[I 2026-05-07 00:28:53,525] A new study created in memory with name: no-name-87675eaf-1871-456c-8150-978ec3d4b458
[I 2026-05-07 00:28:53,773] Trial 0 finished with value: -0.0569723233705839 and parameters: {'confidence_threshold': 0.7790993046299082, 'training_days': 230, 'n_estimators': 295, 'max_depth': 5, 'num_leaves': 83, 'learning_rate': 0.051543455158230854, 'subsample': 0.8773243492079463, 'min_child_samples': 10, 'reg_alpha': 0.034096514368237685, 'reg_lambda': 3.154180388637081e-05}. Best is trial 0 with value: -0.0569723233705839.
