[I 2026-05-07 00:27:26,600] Trial 9 finished with value: -2.0365639870183507 and parameters: {'confidence_threshold': 0.7277571993354469, 'training_days': 360, 'n_estimators': 75, 'max_depth': 5, 'num_leaves': 41, 'learning_rate': 0.014186743931212992, 'subsample': 0.7445187273047605, 'min_child_samples': 22, 'reg_alpha': 0.02393227447113315, 'reg_lambda': 0.009236766173618426}. Best is trial 5 with value: 0.07778558598745829.

    [trial 5] Sharpe=-0.0967 (folds: -0.2798, -0.0319, 0.1225, -0.1860, -0.1082)
    [trial 6] 13 features, training_days=290 | threshold=0.738 | labels: 1005 long, 1185 short (46/54%)
    [trial 6] Sharpe=-0.1925 (folds: -0.1711, -0.1936, -0.2197, -0.2813, -0.0969)
    [trial 7] 13 features, training_days=70 | threshold=0.564 | labels: 1005 long, 1185 short (46/54%)
    [trial 7] Sharpe=-0.0979 (folds: -0.2121, -0.0461, 0.0512, -0.1824, -0.1003)
    [trial 8] 13 features, training_days=440 | threshold=0.653 | labels: 1005 long, 1185 short (46/54%)
    [trial 8] Sharpe=-0.0930 (folds: 0.0185, -0.1958, -0.1142, 0.0137, -0.1873)
    [trial 9] 13 features, training_days=360 | threshold=0.728 | labels: 1005 long, 1185 short (46/54%)
    [trial 9] Sharpe=-0.0949 (folds: 0.1340, -0.2695, -0.2019, -0.0903, -0.0468)
  Optuna: 10 trials, best Sharpe = -0.0930
  Best params: n_estimators=116, max_depth=4, lr=0.0102, leaves=115
  Best confidence_threshold: 0.653
  Best training_days: 440
  Retrained on full data (1320 samples, 13 features)
  Model trained for 2023-01: 93 test candles with features, confidence_threshold=0.653
[predict] 2023-01-12 00:00 BCHUSDT → SHORT (proba=0.68 TP=3.7%/SL=1.9%)
[trade:open] 2023-01-12 07:59 BCHUSDT SHORT @ 109.70 | SL=111.74 TP=105.63 | timeout=2023-01-19 07:59
[trade:close] 2023-01-12 15:59 BCHUSDT SHORT → stop_loss @ 111.74 | PnL=-1.86% (net -1.96%) | cum=-12.24% 2023-01=-1.96% 2023-01-12=-1.96%
[predict] 2023-01-17 00:00 BCHUSDT → SHORT (proba=0.78 TP=6.4%/SL=3.2%)
[trade:open] 2023-01-17 07:59 BCHUSDT SHORT @ 124.89 | SL=128.90 TP=116.87 | timeout=2023-01-24 07:59
[trade:close] 2023-01-18 23:59 BCHUSDT SHORT → take_profit @ 116.87 | PnL=+6.42% (net +6.32%) | cum=-5.92% 2023-01=+4.36% 2023-01-18=+6.32%
[predict] 2023-01-20 08:00 BCHUSDT → SHORT (proba=0.75 TP=6.2%/SL=3.1%)
[trade:open] 2023-01-20 15:59 BCHUSDT SHORT @ 121.46 | SL=125.23 TP=113.92 | timeout=2023-01-27 15:59
[trade:close] 2023-01-20 23:59 BCHUSDT SHORT → stop_loss @ 125.23 | PnL=-3.11% (net -3.21%) | cum=-9.13% 2023-01=+1.16% 2023-01-20=-3.21%
[predict] 2023-01-24 16:00 BCHUSDT → SHORT (proba=0.78 TP=6.8%/SL=3.4%)
[trade:open] 2023-01-24 23:59 BCHUSDT SHORT @ 128.10 | SL=132.46 TP=119.37 | timeout=2023-01-31 23:59
[trade:close] 2023-01-25 23:59 BCHUSDT SHORT → stop_loss @ 132.46 | PnL=-3.41% (net -3.51%) | cum=-12.63% 2023-01=-2.35% 2023-01-25=-3.51%
[predict] 2023-01-27 08:00 BCHUSDT → SHORT (proba=0.77 TP=6.3%/SL=3.2%)
[trade:open] 2023-01-27 15:59 BCHUSDT SHORT @ 134.51 | SL=138.77 TP=126.00 | timeout=2023-02-03 15:59
[lgbm] === Training for 2023-02 ===
  Train window: 2021-02-01 → 2023-02-01
  2190 training samples from 1 symbols
  Samples per month: 2021-02: 84, 2021-03: 93, 2021-04: 90, 2021-05: 93, 2021-06: 90, 2021-07: 93, 2021-08: 93, 2021-09: 90, 2021-10: 93, 2021-11: 90, 2021-12: 93, 2022-01: 93, 2022-02: 84, 2022-03: 93, 2022-04: 90, 2022-05: 93, 2022-06: 90, 2022-07: 93, 2022-08: 93, 2022-09: 90, 2022-10: 93, 2022-11: 90, 2022-12: 93, 2023-01: 93
  [label] 2021-04-04 08:00 BCHUSDT entry=553.2600 → LONG | long=tp(+8.13%) short=sl(-4.21%) | scanned=3 | long_tp_only
  [label] 2021-04-06 08:00 BCHUSDT entry=637.7800 → LONG | long=tp(+8.43%) short=sl(-4.37%) | scanned=2 | long_tp_only
  [label] 2021-04-10 08:00 BCHUSDT entry=676.8900 → LONG | long=tp(+8.65%) short=sl(-4.48%) | scanned=10 | long_tp_only
  [label] 2021-05-05 08:00 BCHUSDT entry=1291.5800 → LONG | long=tp(+11.04%) short=sl(-5.67%) | scanned=1 | long_tp_only
  [label] 2021-06-27 08:00 BCHUSDT entry=456.4000 → LONG | long=tp(+12.47%) short=sl(-6.38%) | scanned=4 | long_tp_only
  [label] 2021-12-11 16:00 BCHUSDT entry=459.2200 → SHORT | long=sl(-5.24%) short=timeout(+5.07%) | scanned=22 | no_tp→fwd_return=-5.1718
  [label] 2021-12-16 00:00 BCHUSDT entry=443.9000 → SHORT | long=sl(-4.81%) short=timeout(+1.72%) | scanned=22 | no_tp→fwd_return=-1.8225
  [label] 2021-12-26 16:00 BCHUSDT entry=451.2800 → SHORT | long=sl(-2.85%) short=sl(-2.85%) | scanned=6 | no_tp→fwd_return=-2.7965
  [label] 2022-02-10 00:00 BCHUSDT entry=345.7100 → SHORT | long=sl(-3.61%) short=sl(-3.61%) | scanned=3 | no_tp→fwd_return=-1.7298
  [label] 2022-02-18 16:00 BCHUSDT entry=309.8800 → SHORT | long=sl(-3.81%) short=tp(+7.33%) | scanned=9 | short_tp_only
  [label] 2022-05-21 00:00 BCHUSDT entry=192.7500 → SHORT | long=sl(-7.65%) short=sl(-7.65%) | scanned=16 | no_tp→fwd_return=-4.5136
  [label] 2022-06-22 00:00 BCHUSDT entry=112.9300 → SHORT | long=sl(-7.96%) short=timeout(+8.69%) | scanned=22 | no_tp→fwd_return=-8.7931
  [label] 2022-07-08 08:00 BCHUSDT entry=109.5500 → SHORT | long=sl(-4.26%) short=tp(+8.22%) | scanned=10 | short_tp_only
  [label] 2022-07-21 08:00 BCHUSDT entry=122.0100 → LONG | long=tp(+8.42%) short=sl(-4.36%) | scanned=9 | long_tp_only
  [label] 2022-08-09 00:00 BCHUSDT entry=143.4200 → SHORT | long=sl(-3.88%) short=tp(+7.47%) | scanned=3 | short_tp_only
  [label] 2022-08-15 08:00 BCHUSDT entry=137.2200 → SHORT | long=sl(-3.91%) short=sl(-3.91%) | scanned=10 | no_tp→fwd_return=-6.0122
  [label] 2022-08-27 16:00 BCHUSDT entry=115.1200 → LONG | long=timeout(+2.15%) short=sl(-4.50%) | scanned=22 | no_tp→fwd_return=+2.2498
  [label] 2022-10-06 16:00 BCHUSDT entry=118.2500 → SHORT | long=sl(-2.94%) short=tp(+5.58%) | scanned=12 | short_tp_only
  [label] 2022-10-16 16:00 BCHUSDT entry=110.2100 → SHORT | long=sl(-2.59%) short=tp(+4.88%) | scanned=14 | short_tp_only
  [label] 2023-01-11 08:00 BCHUSDT entry=105.8900 → LONG | long=tp(+3.46%) short=sl(-1.88%) | scanned=1 | long_tp_only
  Labels: 1021 long (46.6%), 1169 short (53.4%) | weights: min=1.00, mean=2.32, max=10.00
  Features: 2190/2190 matched, 13 columns
  CV gap: 22 rows
    [trial 0] 13 features, training_days=230 | threshold=0.779 | labels: 1021 long, 1169 short (47/53%)
    [CV fold 0] train_end=2021-05-26 00:00 | val_start=2021-06-02 16:00 | gap=184h (22 rows)
    [CV fold 1] train_end=2021-09-24 16:00 | val_start=2021-10-02 08:00 | gap=184h (22 rows)
    [CV fold 2] train_end=2022-01-24 08:00 | val_start=2022-02-01 00:00 | gap=184h (22 rows)
    [CV fold 3] train_end=2022-05-26 00:00 | val_start=2022-06-02 16:00 | gap=184h (22 rows)
    [CV fold 4] train_end=2022-09-24 16:00 | val_start=2022-10-02 08:00 | gap=184h (22 rows)
    [trial 0] Sharpe=-0.0471 (folds: -0.0809, -0.0709, -0.2009, 0.1484, -0.0313)
    [trial 1] 13 features, training_days=410 | threshold=0.693 | labels: 1021 long, 1169 short (47/53%)
    [trial 1] Sharpe=-0.0222 (folds: -0.0698, -0.0101, -0.2050, 0.1552, 0.0184)
    [trial 2] 13 features, training_days=270 | threshold=0.546 | labels: 1021 long, 1169 short (47/53%)
    [trial 2] Sharpe=-0.0988 (folds: -0.0853, -0.0975, -0.3033, 0.0974, -0.1052)
    [trial 3] 13 features, training_days=270 | threshold=0.600 | labels: 1021 long, 1169 short (47/53%)
    [trial 3] Sharpe=-0.0275 (folds: -0.0297, -0.0284, -0.2374, 0.2221, -0.0639)
    [trial 4] 13 features, training_days=390 | threshold=0.764 | labels: 1021 long, 1169 short (47/53%)
    [trial 4] Sharpe=-0.0790 (folds: -0.0291, -0.1617, -0.1859, 0.0341, -0.0525)
    [trial 5] 13 features, training_days=60 | threshold=0.603 | labels: 1021 long, 1169 short (47/53%)
    [trial 5] Sharpe=0.0778 (folds: 0.0363, 0.0192, 0.0783, 0.1607, 0.0945)
    [trial 6] 13 features, training_days=290 | threshold=0.738 | labels: 1021 long, 1169 short (47/53%)
    [trial 6] Sharpe=-0.0515 (folds: -0.1267, -0.1205, -0.2339, 0.1945, 0.0292)
    [trial 7] 13 features, training_days=70 | threshold=0.564 | labels: 1021 long, 1169 short (47/53%)
    [trial 7] Sharpe=0.0761 (folds: 0.0704, -0.0654, 0.1548, 0.1540, 0.0668)
    [trial 8] 13 features, training_days=440 | threshold=0.653 | labels: 1021 long, 1169 short (47/53%)
    [trial 8] Sharpe=-0.1966 (folds: -0.0635, -0.1811, -0.1393, -0.3108, -0.2882)
    [trial 9] 13 features, training_days=360 | threshold=0.728 | labels: 1021 long, 1169 short (47/53%)
    [trial 9] Sharpe=-2.0366 (folds: -0.1667, -0.0386, -10.0000, -0.0450, 0.0675)
  Optuna: 10 trials, best Sharpe = 0.0778
  Best params: n_estimators=441, max_depth=3, lr=0.0450, leaves=66
  Best confidence_threshold: 0.603[I 2026-05-07 00:27:26,808] A new study created in memory with name: no-name-5ac362f0-3b03-46dd-a25e-1fb2812fe806
[I 2026-05-07 00:27:27,056] Trial 0 finished with value: -0.1579645229400104 and parameters: {'confidence_threshold': 0.7790993046299082, 'training_days': 230, 'n_estimators': 295, 'max_depth': 5, 'num_leaves': 83, 'learning_rate': 0.051543455158230854, 'subsample': 0.8773243492079463, 'min_child_samples': 10, 'reg_alpha': 0.034096514368237685, 'reg_lambda': 3.154180388637081e-05}. Best is trial 0 with value: -0.1579645229400104.
[I 2026-05-07 00:27:27,188] Trial 1 finished with value: -0.17081082359657118 and parameters: {'confidence_threshold': 0.6929247853618086, 'training_days': 410, 'n_estimators': 233, 'max_depth': 5, 'num_leaves': 108, 'learning_rate': 0.013724237108071606, 'subsample': 0.7013182233636002, 'min_child_samples': 94, 'reg_alpha': 2.4040959529260723e-06, 'reg_lambda': 5.320966582161148}. Best is trial 0 with value: -0.1579645229400104.
[I 2026-05-07 00:27:27,249] Trial 2 finished with value: -0.1492498933241064 and parameters: {'confidence_threshold': 0.546341527225763, 'training_days': 270, 'n_estimators': 120, 'max_depth': 4, 'num_leaves': 53, 'learning_rate': 0.060197068579343475, 'subsample': 0.588227873455941, 'min_child_samples': 91, 'reg_alpha': 2.3457771824819002e-08, 'reg_lambda': 1.1358840775642732e-08}. Best is trial 2 with value: -0.1492498933241064.
[I 2026-05-07 00:27:27,428] Trial 3 finished with value: -0.11416957180050509 and parameters: {'confidence_threshold': 0.6000319676300473, 'training_days': 270, 'n_estimators': 382, 'max_depth': 4, 'num_leaves': 44, 'learning_rate': 0.09185046765032388, 'subsample': 0.6743651508646724, 'min_child_samples': 77, 'reg_alpha': 0.0013974578104212739, 'reg_lambda': 8.97190257982477e-08}. Best is trial 3 with value: -0.11416957180050509.
[I 2026-05-07 00:27:27,790] Trial 4 finished with value: -0.14855022150144387 and parameters: {'confidence_threshold': 0.7642618789055509, 'training_days': 390, 'n_estimators': 464, 'max_depth': 5, 'num_leaves': 30, 'learning_rate': 0.024562383309704932, 'subsample': 0.8612975035964376, 'min_child_samples': 36, 'reg_alpha': 1.593999300080167, 'reg_lambda': 0.006081270362829788}. Best is trial 3 with value: -0.11416957180050509.
[I 2026-05-07 00:27:27,926] Trial 5 finished with value: 0.04073478824382344 and parameters: {'confidence_threshold': 0.6029115860358569, 'training_days': 60, 'n_estimators': 441, 'max_depth': 3, 'num_leaves': 66, 'learning_rate': 0.044953114425778824, 'subsample': 0.7098948461279406, 'min_child_samples': 15, 'reg_alpha': 4.888753565548431e-07, 'reg_lambda': 4.198190642566389}. Best is trial 5 with value: 0.04073478824382344.
[I 2026-05-07 00:27:28,135] Trial 6 finished with value: -0.1374110610194928 and parameters: {'confidence_threshold': 0.7376932868314098, 'training_days': 290, 'n_estimators': 249, 'max_depth': 5, 'num_leaves': 121, 'learning_rate': 0.015565840632862623, 'subsample': 0.8390183783709677, 'min_child_samples': 19, 'reg_alpha': 1.860444687368747e-08, 'reg_lambda': 2.7391483548058117e-06}. Best is trial 5 with value: 0.04073478824382344.
[I 2026-05-07 00:27:28,169] Trial 7 finished with value: 0.011577623821348573 and parameters: {'confidence_threshold': 0.563503962036334, 'training_days': 70, 'n_estimators': 63, 'max_depth': 3, 'num_leaves': 47, 'learning_rate': 0.18074927623018475, 'subsample': 0.5059692991701257, 'min_child_samples': 9, 'reg_alpha': 3.6945804405602874e-08, 'reg_lambda': 0.027706035542028905}. Best is trial 5 with value: 0.04073478824382344.
[I 2026-05-07 00:27:28,239] Trial 8 finished with value: -0.17237335561060887 and parameters: {'confidence_threshold': 0.6525471176758836, 'training_days': 440, 'n_estimators': 116, 'max_depth': 4, 'num_leaves': 115, 'learning_rate': 0.010229952960863938, 'subsample': 0.5062159465415076, 'min_child_samples': 54, 'reg_alpha': 6.790626457822126e-06, 'reg_lambda': 1.7869141074987722e-05}. Best is trial 5 with value: 0.04073478824382344.
[I 2026-05-07 00:27:28,323] Trial 9 finished with value: -0.11535855701109979 and parameters: {'confidence_threshold': 0.7277571993354469, 'training_days': 360, 'n_estimators': 75, 'max_depth': 5, 'num_leaves': 41, 'learning_rate': 0.014186743931212992, 'subsample': 0.7445187273047605, 'min_child_samples': 22, 'reg_alpha': 0.02393227447113315, 'reg_lambda': 0.009236766173618426}. Best is trial 5 with value: 0.04073478824382344.

  Best training_days: 60
  Retrained on full data (180 samples, 13 features)
  Model trained for 2023-02: 84 test candles with features, confidence_threshold=0.603
[trade:close] 2023-02-02 07:59 BCHUSDT SHORT → stop_loss @ 138.77 | PnL=-3.16% (net -3.26%) | cum=-15.90% 2023-02=-3.26% 2023-02-02=-3.26%
[predict] 2023-02-11 00:00 BCHUSDT → LONG (proba=0.99 TP=6.4%/SL=3.2%)
[trade:open] 2023-02-11 07:59 BCHUSDT LONG @ 124.46 | SL=120.48 TP=132.41 | timeout=2023-02-18 07:59
[trade:close] 2023-02-13 15:59 BCHUSDT LONG → stop_loss @ 120.48 | PnL=-3.20% (net -3.30%) | cum=-19.19% 2023-02=-6.56% 2023-02-13=-3.30%
[predict] 2023-02-15 00:00 BCHUSDT → LONG (proba=0.93 TP=5.6%/SL=2.8%)
[trade:open] 2023-02-15 07:59 BCHUSDT LONG @ 125.17 | SL=121.65 TP=132.21 | timeout=2023-02-22 07:59
[trade:close] 2023-02-15 23:59 BCHUSDT LONG → take_profit @ 132.21 | PnL=+5.62% (net +5.52%) | cum=-13.67% 2023-02=-1.04% 2023-02-15=+5.52%
[predict] 2023-02-17 16:00 BCHUSDT → LONG (proba=0.73 TP=5.8%/SL=2.9%)
[trade:open] 2023-02-17 23:59 BCHUSDT LONG @ 133.35 | SL=129.51 TP=141.04 | timeout=2023-02-24 23:59
[trade:close] 2023-02-19 15:59 BCHUSDT LONG → take_profit @ 141.04 | PnL=+5.76% (net +5.66%) | cum=-8.01% 2023-02=+4.62% 2023-02-19=+5.66%
[predict] 2023-02-21 08:00 BCHUSDT → SHORT (proba=1.00 TP=6.8%/SL=3.4%)
[trade:open] 2023-02-21 15:59 BCHUSDT SHORT @ 146.09 | SL=151.04 TP=136.18 | timeout=2023-02-28 15:59
[trade:close] 2023-02-24 15:59 BCHUSDT SHORT → take_profit @ 136.18 | PnL=+6.78% (net +6.68%) | cum=-1.33% 2023-02=+11.31% 2023-02-24=+6.68%
[lgbm] === Training for 2023-03 ===
  Train window: 2021-03-01 → 2023-03-01
  2190 training samples from 1 symbols
  Samples per month: 2021-03: 93, 2021-04: 90, 2021-05: 93, 2021-06: 90, 2021-07: 93, 2021-08: 93, 2021-09: 90, 2021-10: 93, 2021-11: 90, 2021-12: 93, 2022-01: 93, 2022-02: 84, 2022-03: 93, 2022-04: 90, 2022-05: 93, 2022-06: 90, 2022-07: 93, 2022-08: 93, 2022-09: 90, 2022-10: 93, 2022-11: 90, 2022-12: 93, 2023-01: 93, 2023-02: 84
  [label] 2021-05-02 08:00 BCHUSDT entry=979.1400 → LONG | long=tp(+11.10%) short=sl(-5.70%) | scanned=8 | long_tp_only
  [label] 2021-05-04 08:00 BCHUSDT entry=956.3000 → LONG | long=tp(+11.93%) short=sl(-6.11%) | scanned=2 | long_tp_only
  [label] 2021-05-08 08:00 BCHUSDT entry=1337.7100 → LONG | long=tp(+15.28%) short=sl(-7.79%) | scanned=5 | long_tp_only
  [label] 2021-06-02 08:00 BCHUSDT entry=709.7000 → SHORT | long=sl(-9.44%) short=tp(+18.58%) | scanned=17 | short_tp_only
  [label] 2021-07-25 08:00 BCHUSDT entry=445.8200 → LONG | long=tp(+6.99%) short=sl(-3.65%) | scanned=2 | long_tp_only
  [label] 2022-01-08 16:00 BCHUSDT entry=372.8600 → LONG | long=sl(-3.62%) short=sl(-3.62%) | scanned=13 | no_tp→fwd_return=+3.8540
  [label] 2022-01-13 00:00 BCHUSDT entry=387.2300 → SHORT | long=sl(-3.22%) short=timeout(+3.86%) | scanned=22 | no_tp→fwd_return=-3.9615
  [label] 2022-01-23 16:00 BCHUSDT entry=302.3900 → SHORT | long=sl(-5.11%) short=tp(+9.92%) | scanned=2 | short_tp_only
  [label] 2022-03-10 00:00 BCHUSDT entry=287.7700 → LONG | long=timeout(+2.48%) short=sl(-4.44%) | scanned=22 | no_tp→fwd_return=+2.5819
  [label] 2022-03-18 16:00 BCHUSDT entry=305.4100 → LONG | long=tp(+5.91%) short=sl(-3.10%) | scanned=3 | long_tp_only
  [label] 2022-06-18 00:00 BCHUSDT entry=113.7600 → LONG | long=timeout(+1.74%) short=sl(-8.90%) | scanned=22 | no_tp→fwd_return=+1.8372
  [label] 2022-07-20 00:00 BCHUSDT entry=126.5200 → LONG | long=sl(-3.93%) short=sl(-3.93%) | scanned=13 | no_tp→fwd_return=+3.5409
  [label] 2022-08-05 08:00 BCHUSDT entry=137.1800 → LONG | long=timeout(+2.23%) short=sl(-4.92%) | scanned=22 | no_tp→fwd_return=+2.3254
  [label] 2022-08-18 08:00 BCHUSDT entry=135.8900 → SHORT | long=sl(-3.73%) short=tp(+7.16%) | scanned=2 | short_tp_only
  [label] 2022-09-06 00:00 BCHUSDT entry=125.9600 → SHORT | long=sl(-3.36%) short=tp(+6.43%) | scanned=2 | short_tp_only
  [label] 2022-09-12 08:00 BCHUSDT entry=127.8100 → SHORT | long=sl(-3.89%) short=sl(-3.89%) | scanned=3 | no_tp→fwd_return=-6.0637
  [label] 2022-09-24 16:00 BCHUSDT entry=117.2600 → LONG | long=sl(-4.09%) short=sl(-4.09%) | scanned=17 | no_tp→fwd_return=+5.1595
  [label] 2022-11-03 16:00 BCHUSDT entry=115.5600 → LONG | long=tp(+5.56%) short=sl(-2.93%) | scanned=2 | long_tp_only
  [label] 2022-11-13 16:00 BCHUSDT entry=99.4700 → LONG | long=timeout(+5.11%) short=sl(-5.25%) | scanned=22 | no_tp→fwd_return=+5.2076
  [label] 2023-02-08 08:00 BCHUSDT entry=132.3100 → SHORT | long=sl(-2.90%) short=tp(+5.50%) | scanned=4 | short_tp_only
  Labels: 1002 long (45.8%), 1188 short (54.2%) | weights: min=1.00, mean=2.28, max=10.00
  Features: 2190/2190 matched, 13 columns
  CV gap: 22 rows
    [trial 0] 13 features, training_days=230 | threshold=0.779 | labels: 1002 long, 1188 short (46/54%)
    [CV fold 0] train_end=2021-06-23 00:00 | val_start=2021-06-30 16:00 | gap=184h (22 rows)
    [CV fold 1] train_end=2021-10-22 16:00 | val_start=2021-10-30 08:00 | gap=184h (22 rows)
    [CV fold 2] train_end=2022-02-21 08:00 | val_start=2022-03-01 00:00 | gap=184h (22 rows)
    [CV fold 3] train_end=2022-06-23 00:00 | val_start=2022-06-30 16:00 | gap=184h (22 rows)
    [CV fold 4] train_end=2022-10-22 16:00 | val_start=2022-10-30 08:00 | gap=184h (22 rows)
    [trial 0] Sharpe=-0.1580 (folds: -0.1996, -0.2204, -0.4694, 0.0195, 0.0801)
    [trial 1] 13 features, training_days=410 | threshold=0.693 | labels: 1002 long, 1188 short (46/54%)
    [trial 1] Sharpe=-0.1708 (folds: -0.3013, -0.2008, -0.4014, -0.0533, 0.1028)
    [trial 2] 13 features, training_days=270 | threshold=0.546 | labels: 1002 long, 1188 short (46/54%)
    [trial 2] Sharpe=-0.1492 (folds: -0.0822, -0.2501, -0.3714, -0.0630, 0.0205)
    [trial 3] 13 features, training_days=270 | threshold=0.600 | labels: 1002 long, 1188 short (46/54%)
    [trial 3] Sharpe=-0.1142 (folds: -0.1982, -0.1091, -0.3611, -0.0027, 0.1002)
    [trial 4] 13 features, training_days=390 | threshold=0.764 | labels: 1002 long, 1188 short (46/54%)
    [trial 4] Sharpe=-0.1486 (folds: -0.2863, -0.1460, -0.4303, 0.0721, 0.0478)
    [trial 5] 13 features, training_days=60 | threshold=0.603 | labels: 1002 long, 1188 short (46/54%)
    [trial 5] Sharpe=0.0407 (folds: 0.1013, -0.1731, 0.0588, 0.0008, 0.2160)
    [trial 6] 13 features, training_days=290 | threshold=0.738 | labels: 1002 long, 1188 short (46/54%)
    [trial 6] Sharpe=-0.1374 (folds: -0.1770, -0.1559, -0.3899, -0.0671, 0.1029)
    [trial 7] 13 features, training_days=70 | threshold=0.564 | labels: 1002 long, 1188 short (46/54%)
    [trial 7] Sharpe=0.0116 (folds: 0.1266, -0.2429, -0.0052, 0.0066, 0.1728)
    [trial 8] 13 features, training_days=440 | threshold=0.653 | labels: 1002 long, 1188 short (46/54%)
    [trial 8] Sharpe=-0.1724 (folds: -0.2275, -0.0487, -0.3947, -0.2780, 0.0870)
    [trial 9] 13 features, training_days=360 | threshold=0.728 | labels: 1002 long, 1188 short (46/54%)
    [trial 9] Sharpe=-0.1154 (folds: -0.1666, 0.1043, -0.5524, -0.0502, 0.0881)
  Optuna: 10 trials, best Sharpe = 0.0407
  Best params: n_estimators=441, max_depth=3, lr=0.0450, leaves=66
  Best confidence_threshold: 0.603
  Best training_days: 60
  Retrained on full data (180 samples, 13 features)
  Model trained for 2023-03: 93 test candles with features, confidence_threshold=0.603
[predict] 2023-03-10 08:00 BCHUSDT → LONG (proba=0.95 TP=7.0%/SL=3.5%)
[trade:open] 2023-03-10 15:59 BCHUSDT LONG @ 109.59 | SL=105.76 TP=117.25 | timeout=2023-03-17 15:59
[trade:close] 2023-03-12 23:59 BCHUSDT LONG → take_profit @ 117.25 | PnL=+6.99% (net +6.89%) | cum=+5.56% 2023-03=+6.89% 2023-03-12=+6.89%
[predict] 2023-03-15 08:00 BCHUSDT → LONG (proba=0.95 TP=7.4%/SL=3.7%)
[trade:open] 2023-03-15 15:59 BCHUSDT LONG @ 125.78 | SL=121.13 TP=135.08 | timeout=2023-03-22 15:59
[trade:close] 2023-03-17 23:59 BCHUSDT LONG → take_profit @ 135.08 | PnL=+7.40% (net +7.30%) | cum=+12.86% 2023-03=+14.19% 2023-03-17=+7.30%
[predict] 2023-03-19 08:00 BCHUSDT → LONG (proba=0.73 TP=6.5%/SL=3.3%)
[trade:open] 2023-03-19 15:59 BCHUSDT LONG @ 134.90 | SL=130.49 TP=143.72 | timeout=2023-03-26 15:59
[trade:close] 2023-03-20 23:59 BCHUSDT LONG → stop_loss @ 130.49 | PnL=-3.27% (net -3.37%) | cum=+9.49% 2023-03=+10.82% 2023-03-20=-3.37%[I 2026-05-07 00:27:28,527] A new study created in memory with name: no-name-b5086621-b8c3-4320-922d-5f1ad76c697e
[I 2026-05-07 00:27:28,787] Trial 0 finished with value: -0.08331209907937401 and parameters: {'confidence_threshold': 0.7790993046299082, 'training_days': 230, 'n_estimators': 295, 'max_depth': 5, 'num_leaves': 83, 'learning_rate': 0.051543455158230854, 'subsample': 0.8773243492079463, 'min_child_samples': 10, 'reg_alpha': 0.034096514368237685, 'reg_lambda': 3.154180388637081e-05}. Best is trial 0 with value: -0.08331209907937401.
