[I 2026-05-07 00:30:11,079] Trial 9 finished with value: -4.112206710103825 and parameters: {'confidence_threshold': 0.7277571993354469, 'training_days': 360, 'n_estimators': 75, 'max_depth': 5, 'num_leaves': 41, 'learning_rate': 0.014186743931212992, 'subsample': 0.7445187273047605, 'min_child_samples': 22, 'reg_alpha': 0.02393227447113315, 'reg_lambda': 0.009236766173618426}. Best is trial 5 with value: -0.01868163223351621.

    [trial 8] Sharpe=-0.1600 (folds: 0.1386, -0.3303, -0.3247, -0.0275, -0.2560)
    [trial 9] 13 features, training_days=360 | threshold=0.728 | labels: 1234 long, 941 short (57/43%)
    [trial 9] Sharpe=-4.1962 (folds: 0.0400, -0.7901, -10.0000, -0.2310, -10.0000)
  Optuna: 10 trials, best Sharpe = -0.0834
  Best params: n_estimators=382, max_depth=4, lr=0.0919, leaves=44
  Best confidence_threshold: 0.600
  Best training_days: 270
  Retrained on full data (810 samples, 13 features)
  Model trained for 2024-02: 87 test candles with features, confidence_threshold=0.600
[predict] 2024-02-02 00:00 TRXUSDT → SHORT (proba=0.64 TP=2.9%/SL=1.5%)
[trade:open] 2024-02-02 07:59 TRXUSDT SHORT @ 0.12 | SL=0.12 TP=0.11 | timeout=2024-02-09 07:59
[trade:close] 2024-02-05 07:59 TRXUSDT SHORT → stop_loss @ 0.12 | PnL=-1.47% (net -1.57%) | cum=-6.97% 2024-02=-1.57% 2024-02-05=-1.57%
[predict] 2024-02-06 16:00 TRXUSDT → SHORT (proba=0.95 TP=3.2%/SL=1.6%)
[trade:open] 2024-02-06 23:59 TRXUSDT SHORT @ 0.12 | SL=0.12 TP=0.12 | timeout=2024-02-13 23:59
[trade:close] 2024-02-07 07:59 TRXUSDT SHORT → stop_loss @ 0.12 | PnL=-1.58% (net -1.68%) | cum=-8.65% 2024-02=-3.25% 2024-02-07=-1.68%
[predict] 2024-02-10 16:00 TRXUSDT → SHORT (proba=0.81 TP=3.1%/SL=1.5%)
[trade:open] 2024-02-10 23:59 TRXUSDT SHORT @ 0.12 | SL=0.13 TP=0.12 | timeout=2024-02-17 23:59
[trade:close] 2024-02-13 07:59 TRXUSDT SHORT → stop_loss @ 0.13 | PnL=-1.54% (net -1.64%) | cum=-10.29% 2024-02=-4.89% 2024-02-13=-1.64%
[predict] 2024-02-29 16:00 TRXUSDT → LONG (proba=0.71 TP=2.6%/SL=1.3%)
[trade:open] 2024-02-29 23:59 TRXUSDT LONG @ 0.14 | SL=0.14 TP=0.14 | timeout=2024-03-07 23:59
[lgbm] === Training for 2024-03 ===
  Train window: 2022-03-01 → 2024-03-01
  2187 training samples from 1 symbols
  Samples per month: 2022-03: 93, 2022-04: 84, 2022-05: 93, 2022-06: 90, 2022-07: 93, 2022-08: 93, 2022-09: 90, 2022-10: 93, 2022-11: 90, 2022-12: 93, 2023-01: 93, 2023-02: 84, 2023-03: 93, 2023-04: 90, 2023-05: 93, 2023-06: 90, 2023-07: 93, 2023-08: 93, 2023-09: 90, 2023-10: 93, 2023-11: 90, 2023-12: 93, 2024-01: 93, 2024-02: 87
  [label] 2022-05-04 00:00 TRXUSDT entry=0.0772 → LONG | long=tp(+8.31%) short=sl(-4.31%) | scanned=2 | long_tp_only
  [label] 2022-05-06 08:00 TRXUSDT entry=0.0839 → SHORT | long=sl(-5.65%) short=sl(-5.65%) | scanned=9 | no_tp→fwd_return=-7.6135
  [label] 2022-05-10 08:00 TRXUSDT entry=0.0799 → SHORT | long=sl(-7.59%) short=sl(-7.59%) | scanned=3 | no_tp→fwd_return=-4.4795
  [label] 2022-06-04 00:00 TRXUSDT entry=0.0795 → LONG | long=timeout(+0.67%) short=sl(-4.86%) | scanned=22 | no_tp→fwd_return=+0.7674
  [label] 2022-07-27 00:00 TRXUSDT entry=0.0661 → LONG | long=tp(+4.15%) short=sl(-2.23%) | scanned=4 | long_tp_only
  [label] 2023-01-10 08:00 TRXUSDT entry=0.0545 → LONG | long=tp(+4.43%) short=sl(-2.37%) | scanned=5 | long_tp_only
  [label] 2023-01-14 08:00 TRXUSDT entry=0.0620 → SHORT | long=sl(-2.75%) short=tp(+5.20%) | scanned=14 | short_tp_only
  [label] 2023-01-25 00:00 TRXUSDT entry=0.0607 → LONG | long=tp(+4.90%) short=sl(-2.60%) | scanned=7 | long_tp_only
  [label] 2023-03-11 08:00 TRXUSDT entry=0.0555 → LONG | long=tp(+5.91%) short=sl(-3.10%) | scanned=1 | long_tp_only
  [label] 2023-03-20 00:00 TRXUSDT entry=0.0663 → SHORT | long=sl(-2.88%) short=sl(-2.88%) | scanned=8 | no_tp→fwd_return=-9.8415
  [label] 2023-06-19 08:00 TRXUSDT entry=0.0697 → LONG | long=sl(-2.27%) short=sl(-2.27%) | scanned=5 | no_tp→fwd_return=+1.5786
  [label] 2023-07-21 08:00 TRXUSDT entry=0.0813 → LONG | long=tp(+2.75%) short=sl(-1.53%) | scanned=2 | long_tp_only
  [label] 2023-08-06 16:00 TRXUSDT entry=0.0769 → LONG | long=sl(-1.66%) short=timeout(-0.30%) | scanned=22 | no_tp→fwd_return=+0.1951
  [label] 2023-08-19 08:00 TRXUSDT entry=0.0739 → LONG | long=tp(+2.67%) short=sl(-1.49%) | scanned=3 | long_tp_only
  [label] 2023-09-07 08:00 TRXUSDT entry=0.0790 → SHORT | long=sl(-1.10%) short=tp(+1.91%) | scanned=8 | short_tp_only
  [label] 2023-09-13 08:00 TRXUSDT entry=0.0809 → LONG | long=tp(+2.48%) short=sl(-1.39%) | scanned=3 | long_tp_only
  [label] 2023-09-25 16:00 TRXUSDT entry=0.0846 → LONG | long=tp(+2.03%) short=sl(-1.17%) | scanned=9 | long_tp_only
  [label] 2023-11-04 16:00 TRXUSDT entry=0.0976 → SHORT | long=sl(-1.39%) short=sl(-1.39%) | scanned=8 | no_tp→fwd_return=-1.6491
  [label] 2023-11-14 16:00 TRXUSDT entry=0.1023 → SHORT | long=sl(-2.16%) short=sl(-2.16%) | scanned=20 | no_tp→fwd_return=-1.9949
  [label] 2024-02-09 08:00 TRXUSDT entry=0.1232 → LONG | long=tp(+3.32%) short=sl(-1.81%) | scanned=14 | long_tp_only
  Labels: 1284 long (58.7%), 903 short (41.3%) | weights: min=1.01, mean=2.60, max=10.00
  Features: 2187/2187 matched, 13 columns
  CV gap: 22 rows
    [trial 0] 13 features, training_days=230 | threshold=0.779 | labels: 1284 long, 903 short (59/41%)
    [CV fold 0] train_end=2022-06-25 16:00 | val_start=2022-07-03 08:00 | gap=184h (22 rows)
    [CV fold 1] train_end=2022-10-25 00:00 | val_start=2022-11-01 16:00 | gap=184h (22 rows)
    [CV fold 2] train_end=2023-02-23 08:00 | val_start=2023-03-03 00:00 | gap=184h (22 rows)
    [CV fold 3] train_end=2023-06-24 16:00 | val_start=2023-07-02 08:00 | gap=184h (22 rows)
    [CV fold 4] train_end=2023-10-24 00:00 | val_start=2023-10-31 16:00 | gap=184h (22 rows)
    [trial 0] Sharpe=-0.1022 (folds: -0.1692, -0.2166, -0.0342, -0.2228, 0.1317)
    [trial 1] 13 features, training_days=410 | threshold=0.693 | labels: 1284 long, 903 short (59/41%)
    [trial 1] Sharpe=-0.2749 (folds: -0.1226, -0.2227, -0.2919, -0.3900, -0.3473)
    [trial 2] 13 features, training_days=270 | threshold=0.546 | labels: 1284 long, 903 short (59/41%)
    [trial 2] Sharpe=-0.2045 (folds: -0.1204, -0.1778, -0.3871, -0.1484, -0.1886)
    [trial 3] 13 features, training_days=270 | threshold=0.600 | labels: 1284 long, 903 short (59/41%)
    [trial 3] Sharpe=-0.1793 (folds: -0.1179, -0.1985, -0.2606, -0.1740, -0.1456)
    [trial 4] 13 features, training_days=390 | threshold=0.764 | labels: 1284 long, 903 short (59/41%)
    [trial 4] Sharpe=-0.1765 (folds: 0.0556, -0.2341, -0.1333, -0.3616, -0.2092)
    [trial 5] 13 features, training_days=60 | threshold=0.603 | labels: 1284 long, 903 short (59/41%)
    [trial 5] Sharpe=-0.0187 (folds: -0.0408, -0.0601, -0.1979, -0.0285, 0.2338)
    [trial 6] 13 features, training_days=290 | threshold=0.738 | labels: 1284 long, 903 short (59/41%)
    [trial 6] Sharpe=-0.1939 (folds: 0.0128, -0.2007, -0.1348, -0.3402, -0.3065)
    [trial 7] 13 features, training_days=70 | threshold=0.564 | labels: 1284 long, 903 short (59/41%)
    [trial 7] Sharpe=-0.0380 (folds: -0.1658, -0.2155, -0.1137, 0.0177, 0.2871)
    [trial 8] 13 features, training_days=440 | threshold=0.653 | labels: 1284 long, 903 short (59/41%)
    [trial 8] Sharpe=-0.1652 (folds: -0.0614, -0.2144, -0.0069, -0.3028, -0.2404)
    [trial 9] 13 features, training_days=360 | threshold=0.728 | labels: 1284 long, 903 short (59/41%)
    [trial 9] Sharpe=-4.1122 (folds: 0.0879, -0.0146, -10.0000, -0.6344, -10.0000)
  Optuna: 10 trials, best Sharpe = -0.0187
  Best params: n_estimators=441, max_depth=3, lr=0.0450, leaves=66
  Best confidence_threshold: 0.603
  Best training_days: 60
  Retrained on full data (180 samples, 13 features)
  Model trained for 2024-03: 93 test candles with features, confidence_threshold=0.603
[trade:close] 2024-03-03 07:59 TRXUSDT LONG → stop_loss @ 0.14 | PnL=-1.29% (net -1.39%) | cum=-11.67% 2024-03=-1.39% 2024-03-03=-1.39%
[predict] 2024-03-06 00:00 TRXUSDT → LONG (proba=0.98 TP=2.8%/SL=1.4%)
[trade:open] 2024-03-06 07:59 TRXUSDT LONG @ 0.14 | SL=0.14 TP=0.14 | timeout=2024-03-13 07:59
[trade:close] 2024-03-08 23:59 TRXUSDT LONG → stop_loss @ 0.14 | PnL=-1.38% (net -1.48%) | cum=-13.15% 2024-03=-2.87% 2024-03-08=-1.48%
[predict] 2024-03-14 08:00 TRXUSDT → LONG (proba=0.99 TP=2.6%/SL=1.3%)
[trade:open] 2024-03-14 15:59 TRXUSDT LONG @ 0.13 | SL=0.13 TP=0.13 | timeout=2024-03-21 15:59
[trade:close] 2024-03-15 07:59 TRXUSDT LONG → stop_loss @ 0.13 | PnL=-1.29% (net -1.39%) | cum=-14.54% 2024-03=-4.26% 2024-03-15=-1.39%
[predict] 2024-03-22 00:00 TRXUSDT → SHORT (proba=0.61 TP=4.4%/SL=2.2%)[I 2026-05-07 00:30:11,469] A new study created in memory with name: no-name-0ba47ed4-9149-4ae1-99de-d314abf32264
[I 2026-05-07 00:30:11,768] Trial 0 finished with value: -0.11703096393852744 and parameters: {'confidence_threshold': 0.7790993046299082, 'training_days': 230, 'n_estimators': 295, 'max_depth': 5, 'num_leaves': 83, 'learning_rate': 0.051543455158230854, 'subsample': 0.8773243492079463, 'min_child_samples': 10, 'reg_alpha': 0.034096514368237685, 'reg_lambda': 3.154180388637081e-05}. Best is trial 0 with value: -0.11703096393852744.
[I 2026-05-07 00:30:11,917] Trial 1 finished with value: -0.21030499650666973 and parameters: {'confidence_threshold': 0.6929247853618086, 'training_days': 410, 'n_estimators': 233, 'max_depth': 5, 'num_leaves': 108, 'learning_rate': 0.013724237108071606, 'subsample': 0.7013182233636002, 'min_child_samples': 94, 'reg_alpha': 2.4040959529260723e-06, 'reg_lambda': 5.320966582161148}. Best is trial 0 with value: -0.11703096393852744.
[I 2026-05-07 00:30:11,980] Trial 2 finished with value: -0.13921550570669472 and parameters: {'confidence_threshold': 0.546341527225763, 'training_days': 270, 'n_estimators': 120, 'max_depth': 4, 'num_leaves': 53, 'learning_rate': 0.060197068579343475, 'subsample': 0.588227873455941, 'min_child_samples': 91, 'reg_alpha': 2.3457771824819002e-08, 'reg_lambda': 1.1358840775642732e-08}. Best is trial 0 with value: -0.11703096393852744.
[I 2026-05-07 00:30:12,142] Trial 3 finished with value: -0.16309395104260488 and parameters: {'confidence_threshold': 0.6000319676300473, 'training_days': 270, 'n_estimators': 382, 'max_depth': 4, 'num_leaves': 44, 'learning_rate': 0.09185046765032388, 'subsample': 0.6743651508646724, 'min_child_samples': 77, 'reg_alpha': 0.0013974578104212739, 'reg_lambda': 8.97190257982477e-08}. Best is trial 0 with value: -0.11703096393852744.
[I 2026-05-07 00:30:12,489] Trial 4 finished with value: -0.19741703253907916 and parameters: {'confidence_threshold': 0.7642618789055509, 'training_days': 390, 'n_estimators': 464, 'max_depth': 5, 'num_leaves': 30, 'learning_rate': 0.024562383309704932, 'subsample': 0.8612975035964376, 'min_child_samples': 36, 'reg_alpha': 1.593999300080167, 'reg_lambda': 0.006081270362829788}. Best is trial 0 with value: -0.11703096393852744.
[I 2026-05-07 00:30:12,625] Trial 5 finished with value: -0.12954432378717826 and parameters: {'confidence_threshold': 0.6029115860358569, 'training_days': 60, 'n_estimators': 441, 'max_depth': 3, 'num_leaves': 66, 'learning_rate': 0.044953114425778824, 'subsample': 0.7098948461279406, 'min_child_samples': 15, 'reg_alpha': 4.888753565548431e-07, 'reg_lambda': 4.198190642566389}. Best is trial 0 with value: -0.11703096393852744.
[I 2026-05-07 00:30:12,869] Trial 6 finished with value: -0.1389155165864538 and parameters: {'confidence_threshold': 0.7376932868314098, 'training_days': 290, 'n_estimators': 249, 'max_depth': 5, 'num_leaves': 121, 'learning_rate': 0.015565840632862623, 'subsample': 0.8390183783709677, 'min_child_samples': 19, 'reg_alpha': 1.860444687368747e-08, 'reg_lambda': 2.7391483548058117e-06}. Best is trial 0 with value: -0.11703096393852744.
[I 2026-05-07 00:30:12,910] Trial 7 finished with value: -0.056386567984706294 and parameters: {'confidence_threshold': 0.563503962036334, 'training_days': 70, 'n_estimators': 63, 'max_depth': 3, 'num_leaves': 47, 'learning_rate': 0.18074927623018475, 'subsample': 0.5059692991701257, 'min_child_samples': 9, 'reg_alpha': 3.6945804405602874e-08, 'reg_lambda': 0.027706035542028905}. Best is trial 7 with value: -0.056386567984706294.
[I 2026-05-07 00:30:13,001] Trial 8 finished with value: -0.22146994394913083 and parameters: {'confidence_threshold': 0.6525471176758836, 'training_days': 440, 'n_estimators': 116, 'max_depth': 4, 'num_leaves': 115, 'learning_rate': 0.010229952960863938, 'subsample': 0.5062159465415076, 'min_child_samples': 54, 'reg_alpha': 6.790626457822126e-06, 'reg_lambda': 1.7869141074987722e-05}. Best is trial 7 with value: -0.056386567984706294.
[I 2026-05-07 00:30:13,082] Trial 9 finished with value: -4.075579338442658 and parameters: {'confidence_threshold': 0.7277571993354469, 'training_days': 360, 'n_estimators': 75, 'max_depth': 5, 'num_leaves': 41, 'learning_rate': 0.014186743931212992, 'subsample': 0.7445187273047605, 'min_child_samples': 22, 'reg_alpha': 0.02393227447113315, 'reg_lambda': 0.009236766173618426}. Best is trial 7 with value: -0.056386567984706294.

[trade:open] 2024-03-22 07:59 TRXUSDT SHORT @ 0.12 | SL=0.12 TP=0.12 | timeout=2024-03-29 07:59
[trade:close] 2024-03-22 15:59 TRXUSDT SHORT → take_profit @ 0.12 | PnL=+4.45% (net +4.35%) | cum=-10.20% 2024-03=+0.09% 2024-03-22=+4.35%
[predict] 2024-03-24 00:00 TRXUSDT → LONG (proba=0.88 TP=4.6%/SL=2.3%)
[trade:open] 2024-03-24 07:59 TRXUSDT LONG @ 0.12 | SL=0.12 TP=0.13 | timeout=2024-03-31 07:59
[trade:close] 2024-03-24 15:59 TRXUSDT LONG → stop_loss @ 0.12 | PnL=-2.30% (net -2.40%) | cum=-12.59% 2024-03=-2.31% 2024-03-24=-2.40%
[predict] 2024-03-26 00:00 TRXUSDT → LONG (proba=0.98 TP=4.4%/SL=2.2%)
[trade:open] 2024-03-26 07:59 TRXUSDT LONG @ 0.12 | SL=0.12 TP=0.13 | timeout=2024-04-02 07:59
[lgbm] === Training for 2024-04 ===
  Train window: 2022-04-01 → 2024-04-01
  2187 training samples from 1 symbols
  Samples per month: 2022-04: 84, 2022-05: 93, 2022-06: 90, 2022-07: 93, 2022-08: 93, 2022-09: 90, 2022-10: 93, 2022-11: 90, 2022-12: 93, 2023-01: 93, 2023-02: 84, 2023-03: 93, 2023-04: 90, 2023-05: 93, 2023-06: 90, 2023-07: 93, 2023-08: 93, 2023-09: 90, 2023-10: 93, 2023-11: 90, 2023-12: 93, 2024-01: 93, 2024-02: 87, 2024-03: 93
  [label] 2022-06-04 00:00 TRXUSDT entry=0.0795 → LONG | long=timeout(+0.67%) short=sl(-4.86%) | scanned=22 | no_tp→fwd_return=+0.7674
  [label] 2022-06-06 08:00 TRXUSDT entry=0.0827 → SHORT | long=sl(-4.17%) short=tp(+8.03%) | scanned=15 | short_tp_only
  [label] 2022-06-10 08:00 TRXUSDT entry=0.0799 → SHORT | long=sl(-3.49%) short=tp(+6.69%) | scanned=5 | short_tp_only
  [label] 2022-07-05 00:00 TRXUSDT entry=0.0683 → LONG | long=sl(-3.29%) short=sl(-3.29%) | scanned=13 | no_tp→fwd_return=+3.7786
  [label] 2022-08-27 00:00 TRXUSDT entry=0.0621 → LONG | long=sl(-2.13%) short=sl(-2.13%) | scanned=8 | no_tp→fwd_return=+1.8986
  [label] 2023-02-10 08:00 TRXUSDT entry=0.0631 → LONG | long=tp(+5.37%) short=sl(-2.84%) | scanned=12 | long_tp_only
  [label] 2023-02-14 08:00 TRXUSDT entry=0.0663 → LONG | long=tp(+4.63%) short=sl(-2.46%) | scanned=3 | long_tp_only
  [label] 2023-02-25 00:00 TRXUSDT entry=0.0685 → LONG | long=sl(-2.22%) short=sl(-2.22%) | scanned=12 | no_tp→fwd_return=+1.5176
  [label] 2023-04-11 08:00 TRXUSDT entry=0.0668 → SHORT | long=sl(-1.56%) short=sl(-1.56%) | scanned=1 | no_tp→fwd_return=-0.8680
  [label] 2023-04-20 00:00 TRXUSDT entry=0.0662 → SHORT | long=sl(-1.74%) short=tp(+3.19%) | scanned=20 | short_tp_only
  [label] 2023-07-20 08:00 TRXUSDT entry=0.0803 → LONG | long=tp(+2.91%) short=sl(-1.60%) | scanned=5 | long_tp_only
  [label] 2023-08-21 08:00 TRXUSDT entry=0.0743 → LONG | long=tp(+2.69%) short=sl(-1.50%) | scanned=5 | long_tp_only
  [label] 2023-09-06 16:00 TRXUSDT entry=0.0789 → SHORT | long=sl(-1.14%) short=tp(+1.98%) | scanned=14 | short_tp_only
  [label] 2023-09-19 08:00 TRXUSDT entry=0.0845 → LONG | long=sl(-1.29%) short=timeout(-0.14%) | scanned=22 | no_tp→fwd_return=+0.0355
  [label] 2023-10-08 08:00 TRXUSDT entry=0.0879 → SHORT | long=sl(-1.38%) short=tp(+2.46%) | scanned=3 | short_tp_only
  [label] 2023-10-14 08:00 TRXUSDT entry=0.0853 → LONG | long=tp(+2.14%) short=sl(-1.22%) | scanned=5 | long_tp_only
  [label] 2023-10-26 16:00 TRXUSDT entry=0.0928 → LONG | long=tp(+2.54%) short=sl(-1.42%) | scanned=11 | long_tp_only
  [label] 2023-12-05 16:00 TRXUSDT entry=0.1036 → LONG | long=tp(+2.85%) short=sl(-1.58%) | scanned=9 | long_tp_only
  [label] 2023-12-15 16:00 TRXUSDT entry=0.1014 → SHORT | long=sl(-1.89%) short=sl(-1.89%) | scanned=8 | no_tp→fwd_return=-2.1784
  [label] 2024-03-11 08:00 TRXUSDT entry=0.1325 → SHORT | long=sl(-1.32%) short=sl(-1.32%) | scanned=4 | no_tp→fwd_return=-0.8148
  Labels: 1221 long (55.8%), 966 short (44.2%) | weights: min=1.00, mean=2.58, max=10.00
  Features: 2187/2187 matched, 13 columns
  CV gap: 22 rows
    [trial 0] 13 features, training_days=230 | threshold=0.779 | labels: 1221 long, 966 short (56/44%)
    [CV fold 0] train_end=2022-07-26 16:00 | val_start=2022-08-03 08:00 | gap=184h (22 rows)
    [CV fold 1] train_end=2022-11-25 00:00 | val_start=2022-12-02 16:00 | gap=184h (22 rows)
    [CV fold 2] train_end=2023-03-26 08:00 | val_start=2023-04-03 00:00 | gap=184h (22 rows)
    [CV fold 3] train_end=2023-07-25 16:00 | val_start=2023-08-02 08:00 | gap=184h (22 rows)
    [CV fold 4] train_end=2023-11-24 00:00 | val_start=2023-12-01 16:00 | gap=184h (22 rows)
    [trial 0] Sharpe=-0.1170 (folds: -0.0894, -0.1745, -0.1586, -0.1351, -0.0275)
    [trial 1] 13 features, training_days=410 | threshold=0.693 | labels: 1221 long, 966 short (56/44%)
    [trial 1] Sharpe=-0.2103 (folds: -0.0539, -0.1520, -0.2626, -0.2667, -0.3163)
    [trial 2] 13 features, training_days=270 | threshold=0.546 | labels: 1221 long, 966 short (56/44%)
    [trial 2] Sharpe=-0.1392 (folds: -0.0508, -0.1680, -0.1808, -0.2182, -0.0783)
    [trial 3] 13 features, training_days=270 | threshold=0.600 | labels: 1221 long, 966 short (56/44%)
    [trial 3] Sharpe=-0.1631 (folds: -0.0783, -0.2025, -0.2170, -0.1725, -0.1451)
    [trial 4] 13 features, training_days=390 | threshold=0.764 | labels: 1221 long, 966 short (56/44%)
    [trial 4] Sharpe=-0.1974 (folds: -0.0027, -0.2385, -0.2222, -0.2025, -0.3212)
    [trial 5] 13 features, training_days=60 | threshold=0.603 | labels: 1221 long, 966 short (56/44%)
    [trial 5] Sharpe=-0.1295 (folds: -0.2848, 0.0041, -0.3005, -0.0805, 0.0139)
    [trial 6] 13 features, training_days=290 | threshold=0.738 | labels: 1221 long, 966 short (56/44%)
    [trial 6] Sharpe=-0.1389 (folds: 0.0009, -0.2035, -0.1669, -0.1303, -0.1948)
    [trial 7] 13 features, training_days=70 | threshold=0.564 | labels: 1221 long, 966 short (56/44%)
    [trial 7] Sharpe=-0.0564 (folds: -0.2327, 0.1378, -0.2048, -0.0034, 0.0212)
    [trial 8] 13 features, training_days=440 | threshold=0.653 | labels: 1221 long, 966 short (56/44%)
    [trial 8] Sharpe=-0.2215 (folds: 0.0111, -0.3564, -0.3498, -0.2545, -0.1578)
    [trial 9] 13 features, training_days=360 | threshold=0.728 | labels: 1221 long, 966 short (56/44%)
    [trial 9] Sharpe=-4.0756 (folds: 0.0111, -0.3096, -10.0000, -0.0794, -10.0000)
  Optuna: 10 trials, best Sharpe = -0.0564
  Best params: n_estimators=63, max_depth=3, lr=0.1807, leaves=47
  Best confidence_threshold: 0.564
  Best training_days: 70
  Retrained on full data (210 samples, 13 features)
  Model trained for 2024-04: 90 test candles with features, confidence_threshold=0.564
[trade:close] 2024-04-02 07:59 TRXUSDT LONG → stop_loss @ 0.12 | PnL=-2.21% (net -2.31%) | cum=-14.91% 2024-04=-2.31% 2024-04-02=-2.31%
[predict] 2024-04-14 00:00 TRXUSDT → LONG (proba=1.00 TP=4.3%/SL=2.2%)
[trade:open] 2024-04-14 07:59 TRXUSDT LONG @ 0.11 | SL=0.11 TP=0.12 | timeout=2024-04-21 07:59
[trade:close] 2024-04-16 15:59 TRXUSDT LONG → stop_loss @ 0.11 | PnL=-2.17% (net -2.27%) | cum=-17.18% 2024-04=-4.58% 2024-04-16=-2.27%
[predict] 2024-04-18 00:00 TRXUSDT → LONG (proba=1.00 TP=4.6%/SL=2.3%)
[trade:open] 2024-04-18 07:59 TRXUSDT LONG @ 0.11 | SL=0.11 TP=0.11 | timeout=2024-04-25 07:59
[trade:close] 2024-04-19 07:59 TRXUSDT LONG → stop_loss @ 0.11 | PnL=-2.32% (net -2.42%) | cum=-19.59% 2024-04=-7.00% 2024-04-19=-2.42%
[predict] 2024-04-21 08:00 TRXUSDT → LONG (proba=1.00 TP=4.0%/SL=2.0%)
[trade:open] 2024-04-21 15:59 TRXUSDT LONG @ 0.11 | SL=0.11 TP=0.12 | timeout=2024-04-28 15:59
[trade:close] 2024-04-25 15:59 TRXUSDT LONG → take_profit @ 0.12 | PnL=+3.95% (net +3.85%) | cum=-15.74% 2024-04=-3.15% 2024-04-25=+3.85%
[predict] 2024-04-27 08:00 TRXUSDT → LONG (proba=0.97 TP=3.0%/SL=1.5%)
[trade:open] 2024-04-27 15:59 TRXUSDT LONG @ 0.12 | SL=0.12 TP=0.12 | timeout=2024-05-04 15:59
[trade:close] 2024-04-29 07:59 TRXUSDT LONG → stop_loss @ 0.12 | PnL=-1.52% (net -1.62%) | cum=-17.36% 2024-04=-4.77% 2024-04-29=-1.62%
[predict] 2024-04-30 16:00 TRXUSDT → LONG (proba=0.95 TP=3.3%/SL=1.6%)
[trade:open] 2024-04-30 23:59 TRXUSDT LONG @ 0.12 | SL=0.12 TP=0.12 | timeout=2024-05-07 23:59
[lgbm] === Training for 2024-05 ===
  Train window: 2022-05-01 → 2024-05-01
  2193 training samples from 1 symbols
  Samples per month: 2022-05: 93, 2022-06: 90, 2022-07: 93, 2022-08: 93, 2022-09: 90, 2022-10: 93, 2022-11: 90, 2022-12: 93, 2023-01: 93, 2023-02: 84, 2023-03: 93, 2023-04: 90, 2023-05: 93, 2023-06: 90, 2023-07: 93, 2023-08: 93, 2023-09: 90, 2023-10: 93, 2023-11: 90, 2023-12: 93, 2024-01: 93, 2024-02: 87, 2024-03: 93, 2024-04: 90[I 2026-05-07 00:30:13,439] A new study created in memory with name: no-name-49710449-0d10-4c87-88b9-717f1d42703f
[I 2026-05-07 00:30:13,689] Trial 0 finished with value: -0.20822400115061254 and parameters: {'confidence_threshold': 0.7790993046299082, 'training_days': 230, 'n_estimators': 295, 'max_depth': 5, 'num_leaves': 83, 'learning_rate': 0.051543455158230854, 'subsample': 0.8773243492079463, 'min_child_samples': 10, 'reg_alpha': 0.034096514368237685, 'reg_lambda': 3.154180388637081e-05}. Best is trial 0 with value: -0.20822400115061254.
