[I 2026-05-07 00:27:44,538] Trial 9 finished with value: -2.0813827117455195 and parameters: {'confidence_threshold': 0.7277571993354469, 'training_days': 360, 'n_estimators': 75, 'max_depth': 5, 'num_leaves': 41, 'learning_rate': 0.014186743931212992, 'subsample': 0.7445187273047605, 'min_child_samples': 22, 'reg_alpha': 0.02393227447113315, 'reg_lambda': 0.009236766173618426}. Best is trial 0 with value: 0.019046094804182574.

    [trial 6] Sharpe=-0.0611 (folds: -0.1212, -0.0625, 0.1028, -0.1833, -0.0416)
    [trial 7] 13 features, training_days=70 | threshold=0.564 | labels: 975 long, 1215 short (45/55%)
    [trial 7] Sharpe=0.0030 (folds: 0.0127, -0.0391, 0.1274, 0.0176, -0.1035)
    [trial 8] 13 features, training_days=440 | threshold=0.653 | labels: 975 long, 1215 short (45/55%)
    [trial 8] Sharpe=-0.1559 (folds: -0.3590, -0.1201, 0.0239, -0.2335, -0.0910)
    [trial 9] 13 features, training_days=360 | threshold=0.728 | labels: 975 long, 1215 short (45/55%)
    [trial 9] Sharpe=-1.9793 (folds: 0.0739, -0.1107, -0.0092, -10.0000, 0.1495)
  Optuna: 10 trials, best Sharpe = 0.0172
  Best params: n_estimators=464, max_depth=5, lr=0.0246, leaves=30
  Best confidence_threshold: 0.764
  Best training_days: 390
  Retrained on full data (1170 samples, 13 features)
  Model trained for 2023-11: 90 test candles with features, confidence_threshold=0.764
[trade:close] 2023-11-02 23:59 BCHUSDT SHORT → take_profit @ 231.22 | PnL=+6.38% (net +6.28%) | cum=+24.97% 2023-11=+6.28% 2023-11-02=+6.28%
[predict] 2023-11-13 16:00 BCHUSDT → LONG (proba=0.87 TP=6.8%/SL=3.4%)
[trade:open] 2023-11-13 23:59 BCHUSDT LONG @ 233.90 | SL=226.00 TP=249.69 | timeout=2023-11-20 23:59
[trade:close] 2023-11-14 23:59 BCHUSDT LONG → stop_loss @ 226.00 | PnL=-3.38% (net -3.48%) | cum=+21.49% 2023-11=+2.81% 2023-11-14=-3.48%
[predict] 2023-11-17 08:00 BCHUSDT → LONG (proba=0.95 TP=7.0%/SL=3.5%)
[trade:open] 2023-11-17 15:59 BCHUSDT LONG @ 222.13 | SL=214.34 TP=237.71 | timeout=2023-11-24 15:59
[trade:close] 2023-11-21 23:59 BCHUSDT LONG → stop_loss @ 214.34 | PnL=-3.51% (net -3.61%) | cum=+17.89% 2023-11=-0.80% 2023-11-21=-3.61%
[lgbm] === Training for 2023-12 ===
  Train window: 2021-12-01 → 2023-12-01
  2190 training samples from 1 symbols
  Samples per month: 2021-12: 93, 2022-01: 93, 2022-02: 84, 2022-03: 93, 2022-04: 90, 2022-05: 93, 2022-06: 90, 2022-07: 93, 2022-08: 93, 2022-09: 90, 2022-10: 93, 2022-11: 90, 2022-12: 93, 2023-01: 93, 2023-02: 84, 2023-03: 93, 2023-04: 90, 2023-05: 93, 2023-06: 90, 2023-07: 93, 2023-08: 93, 2023-09: 90, 2023-10: 93, 2023-11: 90
  [label] 2022-02-01 08:00 BCHUSDT entry=286.1900 → LONG | long=sl(-4.36%) short=sl(-4.36%) | scanned=10 | no_tp→fwd_return=+6.9290
  [label] 2022-02-03 08:00 BCHUSDT entry=275.9800 → LONG | long=tp(+8.01%) short=sl(-4.15%) | scanned=4 | long_tp_only
  [label] 2022-02-07 08:00 BCHUSDT entry=338.6300 → SHORT | long=sl(-3.56%) short=sl(-3.56%) | scanned=3 | no_tp→fwd_return=-2.5072
  [label] 2022-03-04 08:00 BCHUSDT entry=301.1700 → SHORT | long=sl(-4.38%) short=tp(+8.47%) | scanned=10 | short_tp_only
  [label] 2022-04-26 08:00 BCHUSDT entry=303.3500 → SHORT | long=sl(-3.51%) short=tp(+6.72%) | scanned=13 | short_tp_only
  [label] 2022-10-10 16:00 BCHUSDT entry=111.5200 → SHORT | long=sl(-2.66%) short=tp(+5.03%) | scanned=7 | short_tp_only
  [label] 2022-10-15 00:00 BCHUSDT entry=107.8100 → SHORT | long=sl(-2.87%) short=sl(-2.87%) | scanned=19 | no_tp→fwd_return=-1.0110
  [label] 2022-10-25 16:00 BCHUSDT entry=112.6100 → LONG | long=tp(+4.23%) short=sl(-2.26%) | scanned=11 | long_tp_only
  [label] 2022-12-10 00:00 BCHUSDT entry=109.5800 → SHORT | long=sl(-2.35%) short=tp(+4.40%) | scanned=6 | short_tp_only
  [label] 2022-12-18 16:00 BCHUSDT entry=101.8400 → SHORT | long=sl(-2.52%) short=timeout(+0.43%) | scanned=22 | no_tp→fwd_return=-0.5302
  [label] 2023-03-20 00:00 BCHUSDT entry=135.2200 → SHORT | long=sl(-3.43%) short=tp(+6.57%) | scanned=4 | short_tp_only
  [label] 2023-04-21 00:00 BCHUSDT entry=123.1600 → SHORT | long=sl(-2.57%) short=tp(+4.84%) | scanned=12 | short_tp_only
  [label] 2023-05-07 08:00 BCHUSDT entry=117.0000 → SHORT | long=sl(-2.16%) short=tp(+4.03%) | scanned=2 | short_tp_only
  [label] 2023-05-20 08:00 BCHUSDT entry=116.1800 → SHORT | long=sl(-2.31%) short=tp(+4.32%) | scanned=12 | short_tp_only
  [label] 2023-06-08 00:00 BCHUSDT entry=111.1300 → SHORT | long=sl(-2.01%) short=tp(+3.73%) | scanned=6 | short_tp_only
  [label] 2023-06-14 08:00 BCHUSDT entry=105.2100 → LONG | long=sl(-2.60%) short=sl(-2.60%) | scanned=7 | no_tp→fwd_return=+2.6994
  [label] 2023-06-26 16:00 BCHUSDT entry=223.5800 → LONG | long=tp(+11.66%) short=sl(-5.98%) | scanned=9 | long_tp_only
  [label] 2023-08-05 16:00 BCHUSDT entry=226.6800 → LONG | long=sl(-3.16%) short=sl(-3.16%) | scanned=4 | no_tp→fwd_return=+1.4867
  [label] 2023-08-15 16:00 BCHUSDT entry=228.6800 → SHORT | long=sl(-2.62%) short=tp(+4.93%) | scanned=2 | short_tp_only
  [label] 2023-11-10 08:00 BCHUSDT entry=238.1500 → SHORT | long=sl(-3.76%) short=tp(+7.23%) | scanned=13 | short_tp_only
  Labels: 971 long (44.3%), 1219 short (55.7%) | weights: min=1.00, mean=3.48, max=10.00
  Features: 2190/2190 matched, 13 columns
  CV gap: 22 rows
    [trial 0] 13 features, training_days=230 | threshold=0.779 | labels: 971 long, 1219 short (44/56%)
    [CV fold 0] train_end=2022-03-25 00:00 | val_start=2022-04-01 16:00 | gap=184h (22 rows)
    [CV fold 1] train_end=2022-07-24 16:00 | val_start=2022-08-01 08:00 | gap=184h (22 rows)
    [CV fold 2] train_end=2022-11-23 08:00 | val_start=2022-12-01 00:00 | gap=184h (22 rows)
    [CV fold 3] train_end=2023-03-25 00:00 | val_start=2023-04-01 16:00 | gap=184h (22 rows)
    [CV fold 4] train_end=2023-07-24 16:00 | val_start=2023-08-01 08:00 | gap=184h (22 rows)
    [trial 0] Sharpe=0.0190 (folds: -0.0257, -0.0407, 0.1607, -0.0559, 0.0568)
    [trial 1] 13 features, training_days=410 | threshold=0.693 | labels: 971 long, 1219 short (44/56%)
    [trial 1] Sharpe=-0.0632 (folds: -0.1730, -0.0928, 0.0479, 0.0168, -0.1151)
    [trial 2] 13 features, training_days=270 | threshold=0.546 | labels: 971 long, 1219 short (44/56%)
    [trial 2] Sharpe=-0.0338 (folds: -0.0154, -0.1408, 0.0548, -0.0504, -0.0171)
    [trial 3] 13 features, training_days=270 | threshold=0.600 | labels: 971 long, 1219 short (44/56%)
    [trial 3] Sharpe=-0.0518 (folds: -0.0887, -0.1184, 0.0954, -0.0712, -0.0762)
    [trial 4] 13 features, training_days=390 | threshold=0.764 | labels: 971 long, 1219 short (44/56%)
    [trial 4] Sharpe=-0.0464 (folds: -0.2008, -0.0873, 0.1422, 0.0056, -0.0916)
    [trial 5] 13 features, training_days=60 | threshold=0.603 | labels: 971 long, 1219 short (44/56%)
    [trial 5] Sharpe=-0.0772 (folds: -0.1707, -0.1781, 0.0836, -0.0906, -0.0303)
    [trial 6] 13 features, training_days=290 | threshold=0.738 | labels: 971 long, 1219 short (44/56%)
    [trial 6] Sharpe=-0.0437 (folds: -0.1038, -0.0681, 0.1370, -0.0174, -0.1664)
    [trial 7] 13 features, training_days=70 | threshold=0.564 | labels: 971 long, 1219 short (44/56%)
    [trial 7] Sharpe=-0.0353 (folds: -0.0868, -0.2418, 0.2166, -0.0901, 0.0256)
    [trial 8] 13 features, training_days=440 | threshold=0.653 | labels: 971 long, 1219 short (44/56%)
    [trial 8] Sharpe=-0.1194 (folds: -0.3076, -0.0919, 0.2093, -0.3862, -0.0208)
    [trial 9] 13 features, training_days=360 | threshold=0.728 | labels: 971 long, 1219 short (44/56%)
    [trial 9] Sharpe=-2.0814 (folds: -10.0000, -0.1095, 0.0531, -0.3817, 0.0312)
  Optuna: 10 trials, best Sharpe = 0.0190
  Best params: n_estimators=295, max_depth=5, lr=0.0515, leaves=83
  Best confidence_threshold: 0.779
  Best training_days: 230
  Retrained on full data (690 samples, 13 features)
  Model trained for 2023-12: 93 test candles with features, confidence_threshold=0.779
[predict] 2023-12-07 16:00 BCHUSDT → LONG (proba=0.82 TP=6.1%/SL=3.1%)
[trade:open] 2023-12-07 23:59 BCHUSDT LONG @ 247.02 | SL=239.45 TP=262.15 | timeout=2023-12-14 23:59
[trade:close] 2023-12-09 15:59 BCHUSDT LONG → take_profit @ 262.15 | PnL=+6.13% (net +6.03%) | cum=+23.91% 2023-12=+6.03% 2023-12-09=+6.03%
[predict] 2023-12-14 16:00 BCHUSDT → LONG (proba=0.80 TP=6.9%/SL=3.5%)
[trade:open] 2023-12-14 23:59 BCHUSDT LONG @ 237.37 | SL=229.15 TP=253.81 | timeout=2023-12-21 23:59
[trade:close] 2023-12-15 15:59 BCHUSDT LONG → stop_loss @ 229.15 | PnL=-3.46% (net -3.56%) | cum=+20.35% 2023-12=+2.46% 2023-12-15=-3.56%
[lgbm] === Training for 2024-01 ===
  Train window: 2022-01-01 → 2024-01-01
  2190 training samples from 1 symbols[I 2026-05-07 00:27:44,802] A new study created in memory with name: no-name-701d2fd1-0da3-41be-81bb-3dbc7103daa1
[I 2026-05-07 00:27:45,063] Trial 0 finished with value: -0.04529981194581637 and parameters: {'confidence_threshold': 0.7790993046299082, 'training_days': 230, 'n_estimators': 295, 'max_depth': 5, 'num_leaves': 83, 'learning_rate': 0.051543455158230854, 'subsample': 0.8773243492079463, 'min_child_samples': 10, 'reg_alpha': 0.034096514368237685, 'reg_lambda': 3.154180388637081e-05}. Best is trial 0 with value: -0.04529981194581637.
[I 2026-05-07 00:27:45,200] Trial 1 finished with value: -0.20643655022027962 and parameters: {'confidence_threshold': 0.6929247853618086, 'training_days': 410, 'n_estimators': 233, 'max_depth': 5, 'num_leaves': 108, 'learning_rate': 0.013724237108071606, 'subsample': 0.7013182233636002, 'min_child_samples': 94, 'reg_alpha': 2.4040959529260723e-06, 'reg_lambda': 5.320966582161148}. Best is trial 0 with value: -0.04529981194581637.
[I 2026-05-07 00:27:45,266] Trial 2 finished with value: -0.05444783020907802 and parameters: {'confidence_threshold': 0.546341527225763, 'training_days': 270, 'n_estimators': 120, 'max_depth': 4, 'num_leaves': 53, 'learning_rate': 0.060197068579343475, 'subsample': 0.588227873455941, 'min_child_samples': 91, 'reg_alpha': 2.3457771824819002e-08, 'reg_lambda': 1.1358840775642732e-08}. Best is trial 0 with value: -0.04529981194581637.
[I 2026-05-07 00:27:45,427] Trial 3 finished with value: -0.084488926820906 and parameters: {'confidence_threshold': 0.6000319676300473, 'training_days': 270, 'n_estimators': 382, 'max_depth': 4, 'num_leaves': 44, 'learning_rate': 0.09185046765032388, 'subsample': 0.6743651508646724, 'min_child_samples': 77, 'reg_alpha': 0.0013974578104212739, 'reg_lambda': 8.97190257982477e-08}. Best is trial 0 with value: -0.04529981194581637.
[I 2026-05-07 00:27:45,770] Trial 4 finished with value: -0.09694375421941615 and parameters: {'confidence_threshold': 0.7642618789055509, 'training_days': 390, 'n_estimators': 464, 'max_depth': 5, 'num_leaves': 30, 'learning_rate': 0.024562383309704932, 'subsample': 0.8612975035964376, 'min_child_samples': 36, 'reg_alpha': 1.593999300080167, 'reg_lambda': 0.006081270362829788}. Best is trial 0 with value: -0.04529981194581637.
[I 2026-05-07 00:27:45,907] Trial 5 finished with value: -0.03181972577277887 and parameters: {'confidence_threshold': 0.6029115860358569, 'training_days': 60, 'n_estimators': 441, 'max_depth': 3, 'num_leaves': 66, 'learning_rate': 0.044953114425778824, 'subsample': 0.7098948461279406, 'min_child_samples': 15, 'reg_alpha': 4.888753565548431e-07, 'reg_lambda': 4.198190642566389}. Best is trial 5 with value: -0.03181972577277887.
[I 2026-05-07 00:27:46,113] Trial 6 finished with value: -0.08028721482621057 and parameters: {'confidence_threshold': 0.7376932868314098, 'training_days': 290, 'n_estimators': 249, 'max_depth': 5, 'num_leaves': 121, 'learning_rate': 0.015565840632862623, 'subsample': 0.8390183783709677, 'min_child_samples': 19, 'reg_alpha': 1.860444687368747e-08, 'reg_lambda': 2.7391483548058117e-06}. Best is trial 5 with value: -0.03181972577277887.
[I 2026-05-07 00:27:46,146] Trial 7 finished with value: -0.04938355944550251 and parameters: {'confidence_threshold': 0.563503962036334, 'training_days': 70, 'n_estimators': 63, 'max_depth': 3, 'num_leaves': 47, 'learning_rate': 0.18074927623018475, 'subsample': 0.5059692991701257, 'min_child_samples': 9, 'reg_alpha': 3.6945804405602874e-08, 'reg_lambda': 0.027706035542028905}. Best is trial 5 with value: -0.03181972577277887.
[I 2026-05-07 00:27:46,223] Trial 8 finished with value: -0.09786148545730354 and parameters: {'confidence_threshold': 0.6525471176758836, 'training_days': 440, 'n_estimators': 116, 'max_depth': 4, 'num_leaves': 115, 'learning_rate': 0.010229952960863938, 'subsample': 0.5062159465415076, 'min_child_samples': 54, 'reg_alpha': 6.790626457822126e-06, 'reg_lambda': 1.7869141074987722e-05}. Best is trial 5 with value: -0.03181972577277887.
[I 2026-05-07 00:27:46,315] Trial 9 finished with value: -0.30394206559182896 and parameters: {'confidence_threshold': 0.7277571993354469, 'training_days': 360, 'n_estimators': 75, 'max_depth': 5, 'num_leaves': 41, 'learning_rate': 0.014186743931212992, 'subsample': 0.7445187273047605, 'min_child_samples': 22, 'reg_alpha': 0.02393227447113315, 'reg_lambda': 0.009236766173618426}. Best is trial 5 with value: -0.03181972577277887.

  Samples per month: 2022-01: 93, 2022-02: 84, 2022-03: 93, 2022-04: 90, 2022-05: 93, 2022-06: 90, 2022-07: 93, 2022-08: 93, 2022-09: 90, 2022-10: 93, 2022-11: 90, 2022-12: 93, 2023-01: 93, 2023-02: 84, 2023-03: 93, 2023-04: 90, 2023-05: 93, 2023-06: 90, 2023-07: 93, 2023-08: 93, 2023-09: 90, 2023-10: 93, 2023-11: 90, 2023-12: 93
  [label] 2022-03-04 08:00 BCHUSDT entry=301.1700 → SHORT | long=sl(-4.38%) short=tp(+8.47%) | scanned=10 | short_tp_only
  [label] 2022-03-06 08:00 BCHUSDT entry=287.9400 → LONG | long=sl(-4.15%) short=sl(-4.15%) | scanned=8 | no_tp→fwd_return=+4.6642
  [label] 2022-03-10 08:00 BCHUSDT entry=287.4400 → LONG | long=timeout(+2.92%) short=sl(-4.40%) | scanned=22 | no_tp→fwd_return=+3.0232
  [label] 2022-04-04 08:00 BCHUSDT entry=371.7700 → SHORT | long=sl(-3.45%) short=tp(+6.60%) | scanned=5 | short_tp_only
  [label] 2022-05-27 08:00 BCHUSDT entry=174.6900 → LONG | long=tp(+12.52%) short=sl(-6.41%) | scanned=10 | long_tp_only
  [label] 2022-11-10 16:00 BCHUSDT entry=102.5900 → LONG | long=sl(-5.71%) short=sl(-5.71%) | scanned=17 | no_tp→fwd_return=+2.6416
  [label] 2022-11-15 00:00 BCHUSDT entry=105.6800 → SHORT | long=sl(-4.85%) short=timeout(+0.68%) | scanned=22 | no_tp→fwd_return=-0.7759
  [label] 2022-11-25 16:00 BCHUSDT entry=113.8400 → SHORT | long=sl(-3.36%) short=tp(+6.42%) | scanned=7 | short_tp_only
  [label] 2023-01-10 00:00 BCHUSDT entry=107.9200 → LONG | long=sl(-1.84%) short=sl(-1.84%) | scanned=5 | no_tp→fwd_return=+1.7142
  [label] 2023-01-18 16:00 BCHUSDT entry=118.5400 → LONG | long=tp(+7.09%) short=sl(-3.69%) | scanned=6 | long_tp_only
  [label] 2023-04-20 00:00 BCHUSDT entry=125.2000 → SHORT | long=sl(-2.53%) short=tp(+4.77%) | scanned=5 | short_tp_only
  [label] 2023-05-22 00:00 BCHUSDT entry=114.3600 → SHORT | long=sl(-2.16%) short=sl(-2.16%) | scanned=7 | no_tp→fwd_return=-2.1249
  [label] 2023-06-07 08:00 BCHUSDT entry=111.0600 → SHORT | long=sl(-2.05%) short=tp(+3.80%) | scanned=8 | short_tp_only
  [label] 2023-06-20 08:00 BCHUSDT entry=106.1100 → LONG | long=tp(+4.35%) short=sl(-2.33%) | scanned=2 | long_tp_only
  [label] 2023-07-09 00:00 BCHUSDT entry=268.0500 → SHORT | long=sl(-6.50%) short=sl(-6.50%) | scanned=18 | no_tp→fwd_return=-5.0289
  [label] 2023-07-15 08:00 BCHUSDT entry=251.0800 → SHORT | long=sl(-5.78%) short=timeout(+2.76%) | scanned=22 | no_tp→fwd_return=-2.8557
  [label] 2023-07-27 16:00 BCHUSDT entry=245.0700 → SHORT | long=sl(-3.45%) short=sl(-3.45%) | scanned=16 | no_tp→fwd_return=-3.3623
  [label] 2023-09-05 16:00 BCHUSDT entry=191.8800 → LONG | long=sl(-3.49%) short=sl(-3.49%) | scanned=20 | no_tp→fwd_return=+2.8143
  [label] 2023-09-15 16:00 BCHUSDT entry=216.9500 → LONG | long=sl(-3.43%) short=sl(-3.43%) | scanned=8 | no_tp→fwd_return=+1.8622
  [label] 2023-12-11 08:00 BCHUSDT entry=233.4900 → SHORT | long=sl(-3.89%) short=timeout(+3.56%) | scanned=22 | no_tp→fwd_return=-3.6575
  Labels: 976 long (44.6%), 1214 short (55.4%) | weights: min=1.00, mean=3.47, max=10.00
  Features: 2190/2190 matched, 13 columns
  CV gap: 22 rows
    [trial 0] 13 features, training_days=230 | threshold=0.779 | labels: 976 long, 1214 short (45/55%)
    [CV fold 0] train_end=2022-04-25 00:00 | val_start=2022-05-02 16:00 | gap=184h (22 rows)
    [CV fold 1] train_end=2022-08-24 16:00 | val_start=2022-09-01 08:00 | gap=184h (22 rows)
    [CV fold 2] train_end=2022-12-24 08:00 | val_start=2023-01-01 00:00 | gap=184h (22 rows)
    [CV fold 3] train_end=2023-04-25 00:00 | val_start=2023-05-02 16:00 | gap=184h (22 rows)
    [CV fold 4] train_end=2023-08-24 16:00 | val_start=2023-09-01 08:00 | gap=184h (22 rows)
    [trial 0] Sharpe=-0.0453 (folds: -0.0568, -0.0411, 0.0974, -0.0646, -0.1614)
    [trial 1] 13 features, training_days=410 | threshold=0.693 | labels: 976 long, 1214 short (45/55%)
    [trial 1] Sharpe=-0.2064 (folds: -0.2997, -0.2999, -0.0405, -0.1087, -0.2835)
    [trial 2] 13 features, training_days=270 | threshold=0.546 | labels: 976 long, 1214 short (45/55%)
    [trial 2] Sharpe=-0.0544 (folds: -0.1959, -0.1009, 0.0066, 0.0915, -0.0735)
    [trial 3] 13 features, training_days=270 | threshold=0.600 | labels: 976 long, 1214 short (45/55%)
    [trial 3] Sharpe=-0.0845 (folds: -0.2486, -0.0656, 0.0061, -0.0234, -0.0909)
    [trial 4] 13 features, training_days=390 | threshold=0.764 | labels: 976 long, 1214 short (45/55%)
    [trial 4] Sharpe=-0.0969 (folds: -0.1947, -0.1038, 0.0111, -0.0571, -0.1402)
    [trial 5] 13 features, training_days=60 | threshold=0.603 | labels: 976 long, 1214 short (45/55%)
    [trial 5] Sharpe=-0.0318 (folds: -0.1380, -0.0601, 0.0815, -0.0913, 0.0488)
    [trial 6] 13 features, training_days=290 | threshold=0.738 | labels: 976 long, 1214 short (45/55%)
    [trial 6] Sharpe=-0.0803 (folds: -0.0581, -0.2442, 0.0182, -0.0115, -0.1058)
    [trial 7] 13 features, training_days=70 | threshold=0.564 | labels: 976 long, 1214 short (45/55%)
    [trial 7] Sharpe=-0.0494 (folds: -0.2061, -0.1256, 0.0406, -0.0236, 0.0678)
    [trial 8] 13 features, training_days=440 | threshold=0.653 | labels: 976 long, 1214 short (45/55%)
    [trial 8] Sharpe=-0.0979 (folds: -0.1742, -0.1386, -0.0448, -0.1398, 0.0081)
    [trial 9] 13 features, training_days=360 | threshold=0.728 | labels: 976 long, 1214 short (45/55%)
    [trial 9] Sharpe=-0.3039 (folds: -0.2477, -0.2365, 0.0827, -0.0921, -1.0262)
  Optuna: 10 trials, best Sharpe = -0.0318
  Best params: n_estimators=441, max_depth=3, lr=0.0450, leaves=66
  Best confidence_threshold: 0.603
  Best training_days: 60
  Retrained on full data (180 samples, 13 features)
  Model trained for 2024-01: 93 test candles with features, confidence_threshold=0.603
[lgbm] === Training for 2024-02 ===
  Train window: 2022-02-01 → 2024-02-01
  2190 training samples from 1 symbols
  Samples per month: 2022-02: 84, 2022-03: 93, 2022-04: 90, 2022-05: 93, 2022-06: 90, 2022-07: 93, 2022-08: 93, 2022-09: 90, 2022-10: 93, 2022-11: 90, 2022-12: 93, 2023-01: 93, 2023-02: 84, 2023-03: 93, 2023-04: 90, 2023-05: 93, 2023-06: 90, 2023-07: 93, 2023-08: 93, 2023-09: 90, 2023-10: 93, 2023-11: 90, 2023-12: 93, 2024-01: 93
  [label] 2022-04-04 08:00 BCHUSDT entry=371.7700 → SHORT | long=sl(-3.45%) short=tp(+6.60%) | scanned=5 | short_tp_only
  [label] 2022-04-06 08:00 BCHUSDT entry=343.6000 → SHORT | long=sl(-3.91%) short=tp(+7.51%) | scanned=14 | short_tp_only
  [label] 2022-04-10 08:00 BCHUSDT entry=326.8200 → SHORT | long=sl(-3.45%) short=tp(+6.61%) | scanned=3 | short_tp_only
  [label] 2022-05-05 08:00 BCHUSDT entry=277.9300 → SHORT | long=sl(-3.75%) short=tp(+7.19%) | scanned=11 | short_tp_only
  [label] 2022-06-27 08:00 BCHUSDT entry=111.9200 → SHORT | long=sl(-6.16%) short=tp(+12.02%) | scanned=9 | short_tp_only
  [label] 2022-12-11 16:00 BCHUSDT entry=106.0900 → LONG | long=sl(-2.29%) short=sl(-2.29%) | scanned=5 | no_tp→fwd_return=+3.0069
  [label] 2022-12-16 00:00 BCHUSDT entry=107.5700 → SHORT | long=sl(-2.35%) short=tp(+4.39%) | scanned=1 | short_tp_only
  [label] 2022-12-26 16:00 BCHUSDT entry=103.3900 → SHORT | long=sl(-1.82%) short=tp(+3.34%) | scanned=4 | short_tp_only
  [label] 2023-02-10 00:00 BCHUSDT entry=127.5200 → SHORT | long=sl(-3.26%) short=tp(+6.22%) | scanned=10 | short_tp_only
  [label] 2023-02-18 16:00 BCHUSDT entry=136.1000 → LONG | long=tp(+5.49%) short=sl(-2.89%) | scanned=4 | long_tp_only
  [label] 2023-05-21 00:00 BCHUSDT entry=115.6800 → SHORT | long=sl(-2.22%) short=tp(+4.14%) | scanned=10 | short_tp_only
  [label] 2023-06-22 00:00 BCHUSDT entry=135.5900 → LONG | long=sl(-3.63%) short=sl(-3.63%) | scanned=3 | no_tp→fwd_return=+4.9782
  [label] 2023-07-08 08:00 BCHUSDT entry=266.7400 → SHORT | long=sl(-6.70%) short=sl(-6.70%) | scanned=20 | no_tp→fwd_return=-4.5625
  [label] 2023-07-21 08:00 BCHUSDT entry=244.7300 → SHORT | long=sl(-4.49%) short=sl(-4.49%) | scanned=11 | no_tp→fwd_return=-4.6132
  [label] 2023-08-09 00:00 BCHUSDT entry=236.4500 → SHORT | long=sl(-3.34%) short=timeout(+4.38%) | scanned=22 | no_tp→fwd_return=-4.4787
  [label] 2023-08-15 08:00 BCHUSDT entry=234.7700 → SHORT | long=sl(-2.39%) short=tp(+4.47%) | scanned=1 | short_tp_only[I 2026-05-07 00:27:46,554] A new study created in memory with name: no-name-0654f3bf-a093-427b-802c-d91a25eeafb9
[I 2026-05-07 00:27:46,831] Trial 0 finished with value: 0.05226432846623039 and parameters: {'confidence_threshold': 0.7790993046299082, 'training_days': 230, 'n_estimators': 295, 'max_depth': 5, 'num_leaves': 83, 'learning_rate': 0.051543455158230854, 'subsample': 0.8773243492079463, 'min_child_samples': 10, 'reg_alpha': 0.034096514368237685, 'reg_lambda': 3.154180388637081e-05}. Best is trial 0 with value: 0.05226432846623039.
