[I 2026-05-07 00:30:23,533] Trial 1 finished with value: -0.028334072407250187 and parameters: {'confidence_threshold': 0.6929247853618086, 'training_days': 410, 'n_estimators': 233, 'max_depth': 5, 'num_leaves': 108, 'learning_rate': 0.013724237108071606, 'subsample': 0.7013182233636002, 'min_child_samples': 94, 'reg_alpha': 2.4040959529260723e-06, 'reg_lambda': 5.320966582161148}. Best is trial 1 with value: -0.028334072407250187.
[I 2026-05-07 00:30:23,601] Trial 2 finished with value: 0.011717404026872824 and parameters: {'confidence_threshold': 0.546341527225763, 'training_days': 270, 'n_estimators': 120, 'max_depth': 4, 'num_leaves': 53, 'learning_rate': 0.060197068579343475, 'subsample': 0.588227873455941, 'min_child_samples': 91, 'reg_alpha': 2.3457771824819002e-08, 'reg_lambda': 1.1358840775642732e-08}. Best is trial 2 with value: 0.011717404026872824.
[I 2026-05-07 00:30:23,765] Trial 3 finished with value: -0.04053946083857201 and parameters: {'confidence_threshold': 0.6000319676300473, 'training_days': 270, 'n_estimators': 382, 'max_depth': 4, 'num_leaves': 44, 'learning_rate': 0.09185046765032388, 'subsample': 0.6743651508646724, 'min_child_samples': 77, 'reg_alpha': 0.0013974578104212739, 'reg_lambda': 8.97190257982477e-08}. Best is trial 2 with value: 0.011717404026872824.
[I 2026-05-07 00:30:24,121] Trial 4 finished with value: -0.0066929575408686045 and parameters: {'confidence_threshold': 0.7642618789055509, 'training_days': 390, 'n_estimators': 464, 'max_depth': 5, 'num_leaves': 30, 'learning_rate': 0.024562383309704932, 'subsample': 0.8612975035964376, 'min_child_samples': 36, 'reg_alpha': 1.593999300080167, 'reg_lambda': 0.006081270362829788}. Best is trial 2 with value: 0.011717404026872824.
[I 2026-05-07 00:30:24,259] Trial 5 finished with value: -0.09289417230587665 and parameters: {'confidence_threshold': 0.6029115860358569, 'training_days': 60, 'n_estimators': 441, 'max_depth': 3, 'num_leaves': 66, 'learning_rate': 0.044953114425778824, 'subsample': 0.7098948461279406, 'min_child_samples': 15, 'reg_alpha': 4.888753565548431e-07, 'reg_lambda': 4.198190642566389}. Best is trial 2 with value: 0.011717404026872824.
[I 2026-05-07 00:30:24,495] Trial 6 finished with value: -0.11279134534055153 and parameters: {'confidence_threshold': 0.7376932868314098, 'training_days': 290, 'n_estimators': 249, 'max_depth': 5, 'num_leaves': 121, 'learning_rate': 0.015565840632862623, 'subsample': 0.8390183783709677, 'min_child_samples': 19, 'reg_alpha': 1.860444687368747e-08, 'reg_lambda': 2.7391483548058117e-06}. Best is trial 2 with value: 0.011717404026872824.
[I 2026-05-07 00:30:24,534] Trial 7 finished with value: -0.03803149782381917 and parameters: {'confidence_threshold': 0.563503962036334, 'training_days': 70, 'n_estimators': 63, 'max_depth': 3, 'num_leaves': 47, 'learning_rate': 0.18074927623018475, 'subsample': 0.5059692991701257, 'min_child_samples': 9, 'reg_alpha': 3.6945804405602874e-08, 'reg_lambda': 0.027706035542028905}. Best is trial 2 with value: 0.011717404026872824.
[I 2026-05-07 00:30:24,618] Trial 8 finished with value: -0.047836492521022844 and parameters: {'confidence_threshold': 0.6525471176758836, 'training_days': 440, 'n_estimators': 116, 'max_depth': 4, 'num_leaves': 115, 'learning_rate': 0.010229952960863938, 'subsample': 0.5062159465415076, 'min_child_samples': 54, 'reg_alpha': 6.790626457822126e-06, 'reg_lambda': 1.7869141074987722e-05}. Best is trial 2 with value: 0.011717404026872824.
[I 2026-05-07 00:30:24,702] Trial 9 finished with value: -7.910747287190242 and parameters: {'confidence_threshold': 0.7277571993354469, 'training_days': 360, 'n_estimators': 75, 'max_depth': 5, 'num_leaves': 41, 'learning_rate': 0.014186743931212992, 'subsample': 0.7445187273047605, 'min_child_samples': 22, 'reg_alpha': 0.02393227447113315, 'reg_lambda': 0.009236766173618426}. Best is trial 2 with value: 0.011717404026872824.
[I 2026-05-07 00:30:25,087] A new study created in memory with name: no-name-42fce06e-b127-4aab-9e88-b129afa7cbf5
[I 2026-05-07 00:30:25,334] Trial 0 finished with value: -0.054027070085125785 and parameters: {'confidence_threshold': 0.7790993046299082, 'training_days': 230, 'n_estimators': 295, 'max_depth': 5, 'num_leaves': 83, 'learning_rate': 0.051543455158230854, 'subsample': 0.8773243492079463, 'min_child_samples': 10, 'reg_alpha': 0.034096514368237685, 'reg_lambda': 3.154180388637081e-05}. Best is trial 0 with value: -0.054027070085125785.
[I 2026-05-07 00:30:25,459] Trial 1 finished with value: -0.13064688890780035 and parameters: {'confidence_threshold': 0.6929247853618086, 'training_days': 410, 'n_estimators': 233, 'max_depth': 5, 'num_leaves': 108, 'learning_rate': 0.013724237108071606, 'subsample': 0.7013182233636002, 'min_child_samples': 94, 'reg_alpha': 2.4040959529260723e-06, 'reg_lambda': 5.320966582161148}. Best is trial 0 with value: -0.054027070085125785.
[I 2026-05-07 00:30:25,525] Trial 2 finished with value: -0.05494885396124136 and parameters: {'confidence_threshold': 0.546341527225763, 'training_days': 270, 'n_estimators': 120, 'max_depth': 4, 'num_leaves': 53, 'learning_rate': 0.060197068579343475, 'subsample': 0.588227873455941, 'min_child_samples': 91, 'reg_alpha': 2.3457771824819002e-08, 'reg_lambda': 1.1358840775642732e-08}. Best is trial 0 with value: -0.054027070085125785.
[I 2026-05-07 00:30:25,683] Trial 3 finished with value: -0.047117636243717495 and parameters: {'confidence_threshold': 0.6000319676300473, 'training_days': 270, 'n_estimators': 382, 'max_depth': 4, 'num_leaves': 44, 'learning_rate': 0.09185046765032388, 'subsample': 0.6743651508646724, 'min_child_samples': 77, 'reg_alpha': 0.0013974578104212739, 'reg_lambda': 8.97190257982477e-08}. Best is trial 3 with value: -0.047117636243717495.
[I 2026-05-07 00:30:26,018] Trial 4 finished with value: -0.0453597937303075 and parameters: {'confidence_threshold': 0.7642618789055509, 'training_days': 390, 'n_estimators': 464, 'max_depth': 5, 'num_leaves': 30, 'learning_rate': 0.024562383309704932, 'subsample': 0.8612975035964376, 'min_child_samples': 36, 'reg_alpha': 1.593999300080167, 'reg_lambda': 0.006081270362829788}. Best is trial 4 with value: -0.0453597937303075.

  Labels: 1255 long (57.2%), 938 short (42.8%) | weights: min=1.01, mean=3.37, max=10.00
  Features: 2193/2193 matched, 13 columns
  CV gap: 22 rows
    [trial 0] 13 features, training_days=230 | threshold=0.779 | labels: 1255 long, 938 short (57/43%)
    [CV fold 0] train_end=2023-01-24 00:00 | val_start=2023-01-31 16:00 | gap=184h (22 rows)
    [CV fold 1] train_end=2023-05-25 16:00 | val_start=2023-06-02 08:00 | gap=184h (22 rows)
    [CV fold 2] train_end=2023-09-24 08:00 | val_start=2023-10-02 00:00 | gap=184h (22 rows)
    [CV fold 3] train_end=2024-01-24 00:00 | val_start=2024-01-31 16:00 | gap=184h (22 rows)
    [CV fold 4] train_end=2024-05-24 16:00 | val_start=2024-06-01 08:00 | gap=184h (22 rows)
    [trial 0] Sharpe=-0.0614 (folds: -0.0406, -0.1399, -0.0902, -0.0865, 0.0500)
    [trial 1] 13 features, training_days=410 | threshold=0.693 | labels: 1255 long, 938 short (57/43%)
    [trial 1] Sharpe=-0.0283 (folds: 0.0204, -0.2469, -0.0874, 0.0764, 0.0958)
    [trial 2] 13 features, training_days=270 | threshold=0.546 | labels: 1255 long, 938 short (57/43%)
    [trial 2] Sharpe=0.0117 (folds: -0.0626, 0.0084, -0.1640, 0.0715, 0.2053)
    [trial 3] 13 features, training_days=270 | threshold=0.600 | labels: 1255 long, 938 short (57/43%)
    [trial 3] Sharpe=-0.0405 (folds: -0.0134, -0.1624, -0.1975, -0.0042, 0.1748)
    [trial 4] 13 features, training_days=390 | threshold=0.764 | labels: 1255 long, 938 short (57/43%)
    [trial 4] Sharpe=-0.0067 (folds: -0.0442, -0.2453, -0.0648, 0.0723, 0.2485)
    [trial 5] 13 features, training_days=60 | threshold=0.603 | labels: 1255 long, 938 short (57/43%)
    [trial 5] Sharpe=-0.0929 (folds: -0.1212, 0.0256, -0.2132, 0.0646, -0.2202)
    [trial 6] 13 features, training_days=290 | threshold=0.738 | labels: 1255 long, 938 short (57/43%)
    [trial 6] Sharpe=-0.1128 (folds: -0.0373, -0.2020, -0.1631, -0.2275, 0.0658)
    [trial 7] 13 features, training_days=70 | threshold=0.564 | labels: 1255 long, 938 short (57/43%)
    [trial 7] Sharpe=-0.0380 (folds: -0.1011, 0.0285, -0.1928, 0.1516, -0.0763)
    [trial 8] 13 features, training_days=440 | threshold=0.653 | labels: 1255 long, 938 short (57/43%)
    [trial 8] Sharpe=-0.0478 (folds: -0.1965, -0.3673, -0.2257, -0.0000, 0.5503)
    [trial 9] 13 features, training_days=360 | threshold=0.728 | labels: 1255 long, 938 short (57/43%)
    [trial 9] Sharpe=-7.9107 (folds: -10.0000, -10.0000, -10.0000, 0.4463, -10.0000)
  Optuna: 10 trials, best Sharpe = 0.0117
  Best params: n_estimators=120, max_depth=4, lr=0.0602, leaves=53
  Best confidence_threshold: 0.546
  Best training_days: 270
  Retrained on full data (810 samples, 13 features)
  Model trained for 2024-10: 93 test candles with features, confidence_threshold=0.546
[predict] 2024-10-10 00:00 TRXUSDT → SHORT (proba=0.79 TP=1.9%/SL=1.0%)
[trade:open] 2024-10-10 07:59 TRXUSDT SHORT @ 0.16 | SL=0.16 TP=0.16 | timeout=2024-10-17 07:59
[trade:close] 2024-10-11 15:59 TRXUSDT SHORT → stop_loss @ 0.16 | PnL=-0.96% (net -1.06%) | cum=-13.70% 2024-10=-1.06% 2024-10-11=-1.06%
[predict] 2024-10-13 08:00 TRXUSDT → SHORT (proba=0.80 TP=1.9%/SL=1.0%)
[trade:open] 2024-10-13 15:59 TRXUSDT SHORT @ 0.16 | SL=0.16 TP=0.16 | timeout=2024-10-20 15:59
[trade:close] 2024-10-14 15:59 TRXUSDT SHORT → take_profit @ 0.16 | PnL=+1.91% (net +1.81%) | cum=-11.90% 2024-10=+0.75% 2024-10-14=+1.81%
[predict] 2024-10-30 16:00 TRXUSDT → LONG (proba=0.85 TP=1.8%/SL=0.9%)
[trade:open] 2024-10-30 23:59 TRXUSDT LONG @ 0.17 | SL=0.17 TP=0.17 | timeout=2024-11-06 23:59
[trade:close] 2024-10-31 23:59 TRXUSDT LONG → stop_loss @ 0.17 | PnL=-0.92% (net -1.02%) | cum=-12.92% 2024-10=-0.27% 2024-10-31=-1.02%
[lgbm] === Training for 2024-11 ===
  Train window: 2022-11-01 → 2024-11-01
  2193 training samples from 1 symbols
  Samples per month: 2022-11: 90, 2022-12: 93, 2023-01: 93, 2023-02: 84, 2023-03: 93, 2023-04: 90, 2023-05: 93, 2023-06: 90, 2023-07: 93, 2023-08: 93, 2023-09: 90, 2023-10: 93, 2023-11: 90, 2023-12: 93, 2024-01: 93, 2024-02: 87, 2024-03: 93, 2024-04: 90, 2024-05: 93, 2024-06: 90, 2024-07: 93, 2024-08: 93, 2024-09: 90, 2024-10: 93
  [label] 2023-01-02 08:00 TRXUSDT entry=0.0553 → SHORT | long=sl(-1.42%) short=tp(+2.54%) | scanned=9 | short_tp_only
  [label] 2023-01-04 16:00 TRXUSDT entry=0.0547 → SHORT | long=sl(-1.43%) short=tp(+2.57%) | scanned=3 | short_tp_only
  [label] 2023-01-08 08:00 TRXUSDT entry=0.0529 → LONG | long=tp(+4.01%) short=sl(-2.15%) | scanned=2 | long_tp_only
  [label] 2023-02-02 08:00 TRXUSDT entry=0.0643 → SHORT | long=sl(-2.25%) short=sl(-2.25%) | scanned=11 | no_tp→fwd_return=-1.2906
  [label] 2023-03-27 08:00 TRXUSDT entry=0.0631 → LONG | long=tp(+6.01%) short=sl(-3.16%) | scanned=15 | long_tp_only
  [label] 2023-09-11 08:00 TRXUSDT entry=0.0774 → LONG | long=tp(+2.06%) short=sl(-1.18%) | scanned=3 | long_tp_only
  [label] 2023-09-15 08:00 TRXUSDT entry=0.0837 → LONG | long=timeout(+0.08%) short=sl(-1.43%) | scanned=22 | no_tp→fwd_return=+0.1792
  [label] 2023-09-26 00:00 TRXUSDT entry=0.0846 → LONG | long=tp(+2.02%) short=sl(-1.16%) | scanned=8 | long_tp_only
  [label] 2023-11-10 08:00 TRXUSDT entry=0.1048 → LONG | long=tp(+3.83%) short=sl(-2.07%) | scanned=4 | long_tp_only
  [label] 2023-11-19 00:00 TRXUSDT entry=0.1027 → SHORT | long=sl(-1.94%) short=sl(-1.94%) | scanned=5 | no_tp→fwd_return=-1.8102
  [label] 2024-02-18 16:00 TRXUSDT entry=0.1353 → LONG | long=tp(+2.52%) short=sl(-1.41%) | scanned=6 | long_tp_only
  [label] 2024-03-21 16:00 TRXUSDT entry=0.1212 → SHORT | long=sl(-2.39%) short=tp(+4.49%) | scanned=2 | short_tp_only
  [label] 2024-04-07 00:00 TRXUSDT entry=0.1203 → LONG | long=tp(+2.51%) short=sl(-1.40%) | scanned=4 | long_tp_only
  [label] 2024-04-20 00:00 TRXUSDT entry=0.1092 → LONG | long=tp(+4.38%) short=sl(-2.34%) | scanned=15 | long_tp_only
  [label] 2024-05-08 16:00 TRXUSDT entry=0.1229 → LONG | long=tp(+2.67%) short=sl(-1.48%) | scanned=2 | long_tp_only
  [label] 2024-05-15 00:00 TRXUSDT entry=0.1255 → SHORT | long=sl(-1.21%) short=sl(-1.21%) | scanned=6 | no_tp→fwd_return=-1.0758
  [label] 2024-05-27 08:00 TRXUSDT entry=0.1120 → LONG | long=sl(-1.45%) short=sl(-1.45%) | scanned=17 | no_tp→fwd_return=+1.1429
  [label] 2024-07-06 08:00 TRXUSDT entry=0.1298 → SHORT | long=sl(-1.54%) short=tp(+2.78%) | scanned=4 | short_tp_only
  [label] 2024-07-16 08:00 TRXUSDT entry=0.1342 → SHORT | long=sl(-1.50%) short=sl(-1.50%) | scanned=19 | no_tp→fwd_return=-1.4235
  [label] 2024-10-11 08:00 TRXUSDT entry=0.1610 → LONG | long=sl(-1.05%) short=sl(-1.05%) | scanned=3 | no_tp→fwd_return=+1.1798
  Labels: 1242 long (56.6%), 951 short (43.4%) | weights: min=1.01, mean=3.33, max=10.00
  Features: 2193/2193 matched, 13 columns
  CV gap: 22 rows
    [trial 0] 13 features, training_days=230 | threshold=0.779 | labels: 1242 long, 951 short (57/43%)
    [CV fold 0] train_end=2023-02-24 00:00 | val_start=2023-03-03 16:00 | gap=184h (22 rows)
    [CV fold 1] train_end=2023-06-25 16:00 | val_start=2023-07-03 08:00 | gap=184h (22 rows)
    [CV fold 2] train_end=2023-10-25 08:00 | val_start=2023-11-02 00:00 | gap=184h (22 rows)
    [CV fold 3] train_end=2024-02-24 00:00 | val_start=2024-03-02 16:00 | gap=184h (22 rows)
    [CV fold 4] train_end=2024-06-24 16:00 | val_start=2024-07-02 08:00 | gap=184h (22 rows)
    [trial 0] Sharpe=-0.0540 (folds: -0.0971, -0.2703, 0.1476, -0.0616, 0.0112)
    [trial 1] 13 features, training_days=410 | threshold=0.693 | labels: 1242 long, 951 short (57/43%)
    [trial 1] Sharpe=-0.1306 (folds: -0.2552, -0.3360, -0.3461, 0.0427, 0.2413)
    [trial 2] 13 features, training_days=270 | threshold=0.546 | labels: 1242 long, 951 short (57/43%)
    [trial 2] Sharpe=-0.0549 (folds: -0.1386, -0.1978, -0.2153, 0.0900, 0.1870)
    [trial 3] 13 features, training_days=270 | threshold=0.600 | labels: 1242 long, 951 short (57/43%)
    [trial 3] Sharpe=-0.0471 (folds: -0.1432, -0.1457, -0.1629, 0.0405, 0.1758)
    [trial 4] 13 features, training_days=390 | threshold=0.764 | labels: 1242 long, 951 short (57/43%)
    [trial 4] Sharpe=-0.0454 (folds: -0.1226, -0.2937, -0.2780, 0.1885, 0.2791)
    [trial 5] 13 features, training_days=60 | threshold=0.603 | labels: 1242 long, 951 short (57/43%)[I 2026-05-07 00:30:26,154] Trial 5 finished with value: 0.022205719558923063 and parameters: {'confidence_threshold': 0.6029115860358569, 'training_days': 60, 'n_estimators': 441, 'max_depth': 3, 'num_leaves': 66, 'learning_rate': 0.044953114425778824, 'subsample': 0.7098948461279406, 'min_child_samples': 15, 'reg_alpha': 4.888753565548431e-07, 'reg_lambda': 4.198190642566389}. Best is trial 5 with value: 0.022205719558923063.
[I 2026-05-07 00:30:26,354] Trial 6 finished with value: -0.17966012992538857 and parameters: {'confidence_threshold': 0.7376932868314098, 'training_days': 290, 'n_estimators': 249, 'max_depth': 5, 'num_leaves': 121, 'learning_rate': 0.015565840632862623, 'subsample': 0.8390183783709677, 'min_child_samples': 19, 'reg_alpha': 1.860444687368747e-08, 'reg_lambda': 2.7391483548058117e-06}. Best is trial 5 with value: 0.022205719558923063.
[I 2026-05-07 00:30:26,391] Trial 7 finished with value: -0.011811784872469599 and parameters: {'confidence_threshold': 0.563503962036334, 'training_days': 70, 'n_estimators': 63, 'max_depth': 3, 'num_leaves': 47, 'learning_rate': 0.18074927623018475, 'subsample': 0.5059692991701257, 'min_child_samples': 9, 'reg_alpha': 3.6945804405602874e-08, 'reg_lambda': 0.027706035542028905}. Best is trial 5 with value: 0.022205719558923063.
[I 2026-05-07 00:30:26,472] Trial 8 finished with value: -0.16766157433839216 and parameters: {'confidence_threshold': 0.6525471176758836, 'training_days': 440, 'n_estimators': 116, 'max_depth': 4, 'num_leaves': 115, 'learning_rate': 0.010229952960863938, 'subsample': 0.5062159465415076, 'min_child_samples': 54, 'reg_alpha': 6.790626457822126e-06, 'reg_lambda': 1.7869141074987722e-05}. Best is trial 5 with value: 0.022205719558923063.
[I 2026-05-07 00:30:26,552] Trial 9 finished with value: -4.116976373725552 and parameters: {'confidence_threshold': 0.7277571993354469, 'training_days': 360, 'n_estimators': 75, 'max_depth': 5, 'num_leaves': 41, 'learning_rate': 0.014186743931212992, 'subsample': 0.7445187273047605, 'min_child_samples': 22, 'reg_alpha': 0.02393227447113315, 'reg_lambda': 0.009236766173618426}. Best is trial 5 with value: 0.022205719558923063.
[I 2026-05-07 00:30:26,953] A new study created in memory with name: no-name-886565c4-4ed9-4f41-808c-4887b1943c97
[I 2026-05-07 00:30:27,196] Trial 0 finished with value: -0.030228879902604255 and parameters: {'confidence_threshold': 0.7790993046299082, 'training_days': 230, 'n_estimators': 295, 'max_depth': 5, 'num_leaves': 83, 'learning_rate': 0.051543455158230854, 'subsample': 0.8773243492079463, 'min_child_samples': 10, 'reg_alpha': 0.034096514368237685, 'reg_lambda': 3.154180388637081e-05}. Best is trial 0 with value: -0.030228879902604255.
[I 2026-05-07 00:30:27,341] Trial 1 finished with value: -0.03425971304140411 and parameters: {'confidence_threshold': 0.6929247853618086, 'training_days': 410, 'n_estimators': 233, 'max_depth': 5, 'num_leaves': 108, 'learning_rate': 0.013724237108071606, 'subsample': 0.7013182233636002, 'min_child_samples': 94, 'reg_alpha': 2.4040959529260723e-06, 'reg_lambda': 5.320966582161148}. Best is trial 0 with value: -0.030228879902604255.
[I 2026-05-07 00:30:27,414] Trial 2 finished with value: -0.013720930283859461 and parameters: {'confidence_threshold': 0.546341527225763, 'training_days': 270, 'n_estimators': 120, 'max_depth': 4, 'num_leaves': 53, 'learning_rate': 0.060197068579343475, 'subsample': 0.588227873455941, 'min_child_samples': 91, 'reg_alpha': 2.3457771824819002e-08, 'reg_lambda': 1.1358840775642732e-08}. Best is trial 2 with value: -0.013720930283859461.
[I 2026-05-07 00:30:27,606] Trial 3 finished with value: -0.041527923728946606 and parameters: {'confidence_threshold': 0.6000319676300473, 'training_days': 270, 'n_estimators': 382, 'max_depth': 4, 'num_leaves': 44, 'learning_rate': 0.09185046765032388, 'subsample': 0.6743651508646724, 'min_child_samples': 77, 'reg_alpha': 0.0013974578104212739, 'reg_lambda': 8.97190257982477e-08}. Best is trial 2 with value: -0.013720930283859461.
[I 2026-05-07 00:30:27,989] Trial 4 finished with value: -0.002222396714285957 and parameters: {'confidence_threshold': 0.7642618789055509, 'training_days': 390, 'n_estimators': 464, 'max_depth': 5, 'num_leaves': 30, 'learning_rate': 0.024562383309704932, 'subsample': 0.8612975035964376, 'min_child_samples': 36, 'reg_alpha': 1.593999300080167, 'reg_lambda': 0.006081270362829788}. Best is trial 4 with value: -0.002222396714285957.
[I 2026-05-07 00:30:28,122] Trial 5 finished with value: -0.014463508122414575 and parameters: {'confidence_threshold': 0.6029115860358569, 'training_days': 60, 'n_estimators': 441, 'max_depth': 3, 'num_leaves': 66, 'learning_rate': 0.044953114425778824, 'subsample': 0.7098948461279406, 'min_child_samples': 15, 'reg_alpha': 4.888753565548431e-07, 'reg_lambda': 4.198190642566389}. Best is trial 4 with value: -0.002222396714285957.
[I 2026-05-07 00:30:28,341] Trial 6 finished with value: -0.08283627451840109 and parameters: {'confidence_threshold': 0.7376932868314098, 'training_days': 290, 'n_estimators': 249, 'max_depth': 5, 'num_leaves': 121, 'learning_rate': 0.015565840632862623, 'subsample': 0.8390183783709677, 'min_child_samples': 19, 'reg_alpha': 1.860444687368747e-08, 'reg_lambda': 2.7391483548058117e-06}. Best is trial 4 with value: -0.002222396714285957.
[I 2026-05-07 00:30:28,383] Trial 7 finished with value: 0.01829149854925413 and parameters: {'confidence_threshold': 0.563503962036334, 'training_days': 70, 'n_estimators': 63, 'max_depth': 3, 'num_leaves': 47, 'learning_rate': 0.18074927623018475, 'subsample': 0.5059692991701257, 'min_child_samples': 9, 'reg_alpha': 3.6945804405602874e-08, 'reg_lambda': 0.027706035542028905}. Best is trial 7 with value: 0.01829149854925413.
