[I 2026-06-01 11:04:20,637] Trial 0 finished with value: -0.16814699337109054 and parameters: {'confidence_threshold': 0.7437642149592516, 'training_days': 150, 'n_estimators': 152, 'max_depth': 4, 'num_leaves': 50, 'learning_rate': 0.04216766425047743, 'subsample': 0.9903820991923078, 'colsample_bytree': 0.8424148692924316, 'min_child_samples': 58, 'reg_alpha': 3.381097259762742e-05, 'reg_lambda': 1.2263152961306247e-05}. Best is trial 0 with value: -0.16814699337109054.

[trade:open] 2023-12-27 15:59 DOTUSDT SHORT @ 8.93 | SL=9.77 TP=7.24 | timeout=2024-01-03 15:59
[lgbm] === Training for 2024-01 ===
  Train window: 2022-01-01 → 2023-12-24
  2168 training samples from 1 symbols
  Samples per month: 2022-01: 93, 2022-02: 84, 2022-03: 93, 2022-04: 90, 2022-05: 93, 2022-06: 90, 2022-07: 93, 2022-08: 93, 2022-09: 90, 2022-10: 93, 2022-11: 90, 2022-12: 93, 2023-01: 93, 2023-02: 84, 2023-03: 93, 2023-04: 90, 2023-05: 93, 2023-06: 90, 2023-07: 93, 2023-08: 93, 2023-09: 90, 2023-10: 93, 2023-11: 90, 2023-12: 71
  [label] 2022-03-03 16:00 DOTUSDT entry=18.0110 → SHORT | long=sl(-8.78%) short=timeout(+5.76%) | scanned=22 | no_tp→fwd_return=-5.8575
  [label] 2022-03-05 16:00 DOTUSDT entry=17.3060 → LONG | long=timeout(+4.68%) short=timeout(-4.88%) | scanned=22 | no_tp→fwd_return=+4.7787
  [label] 2022-03-09 16:00 DOTUSDT entry=17.8480 → LONG | long=timeout(+6.55%) short=sl(-7.15%) | scanned=22 | no_tp→fwd_return=+6.6450
  [label] 2022-04-03 08:00 DOTUSDT entry=23.0690 → SHORT | long=sl(-6.72%) short=tp(+13.15%) | scanned=10 | short_tp_only
  [label] 2022-05-25 16:00 DOTUSDT entry=9.8640 → LONG | long=sl(-8.99%) short=sl(-8.99%) | scanned=15 | no_tp→fwd_return=+6.0320
  [label] 2022-11-07 16:00 DOTUSDT entry=7.1190 → SHORT | long=sl(-6.79%) short=tp(+13.28%) | scanned=3 | short_tp_only
  [label] 2022-11-11 16:00 DOTUSDT entry=5.7460 → SHORT | long=timeout(-1.98%) short=timeout(+1.78%) | scanned=22 | no_tp→fwd_return=-1.8796
  [label] 2022-11-22 08:00 DOTUSDT entry=5.2920 → SHORT | long=timeout(-0.50%) short=timeout(+0.30%) | scanned=22 | no_tp→fwd_return=-0.3968
  [label] 2023-01-06 08:00 DOTUSDT entry=4.6680 → LONG | long=tp(+6.33%) short=sl(-3.32%) | scanned=9 | long_tp_only
  [label] 2023-01-14 16:00 DOTUSDT entry=6.0280 → LONG | long=sl(-7.62%) short=timeout(-3.60%) | scanned=22 | no_tp→fwd_return=+3.5003
  [label] 2023-04-15 00:00 DOTUSDT entry=6.7000 → SHORT | long=sl(-4.24%) short=sl(-4.24%) | scanned=13 | no_tp→fwd_return=-3.5224
  [label] 2023-05-17 00:00 DOTUSDT entry=5.2960 → SHORT | long=timeout(-0.36%) short=timeout(+0.16%) | scanned=22 | no_tp→fwd_return=-0.2644
  [label] 2023-06-02 00:00 DOTUSDT entry=5.2590 → SHORT | long=sl(-3.13%) short=tp(+5.96%) | scanned=11 | short_tp_only
  [label] 2023-06-14 16:00 DOTUSDT entry=4.5670 → LONG | long=sl(-5.59%) short=sl(-5.59%) | scanned=21 | no_tp→fwd_return=+5.4959
  [label] 2023-07-03 08:00 DOTUSDT entry=5.4860 → SHORT | long=sl(-5.67%) short=timeout(+6.81%) | scanned=22 | no_tp→fwd_return=-6.9085
  [label] 2023-07-09 16:00 DOTUSDT entry=5.0770 → LONG | long=tp(+7.97%) short=sl(-4.13%) | scanned=12 | long_tp_only
  [label] 2023-07-22 00:00 DOTUSDT entry=5.4150 → SHORT | long=sl(-5.15%) short=timeout(+3.33%) | scanned=22 | no_tp→fwd_return=-3.4349
  [label] 2023-08-30 08:00 DOTUSDT entry=4.5440 → SHORT | long=sl(-3.91%) short=tp(+7.52%) | scanned=6 | short_tp_only
  [label] 2023-09-09 08:00 DOTUSDT entry=4.2590 → SHORT | long=sl(-2.63%) short=tp(+4.96%) | scanned=6 | short_tp_only
  [label] 2023-12-04 08:00 DOTUSDT entry=5.4890 → LONG | long=tp(+9.99%) short=sl(-5.14%) | scanned=6 | long_tp_only
  Labels: 998 long (46.0%), 1170 short (54.0%) | weights: min=1.00, mean=3.35, max=10.00
  Features: 2168/2168 matched, 46 columns
  CV gap: 22 rows
  [ensemble 1/3] seed=42
    [trial 0] 46 features, training_days=480 | threshold=0.631 | labels: 998 long, 1170 short (46/54%)
    [CV fold 0] train_end=2022-04-24 08:00 | val_start=2022-05-02 00:00 | gap=184h (22 rows)
    [CV fold 1] train_end=2022-08-22 16:00 | val_start=2022-08-30 08:00 | gap=184h (22 rows)
    [CV fold 2] train_end=2022-12-21 00:00 | val_start=2022-12-28 16:00 | gap=184h (22 rows)
    [CV fold 3] train_end=2023-04-20 08:00 | val_start=2023-04-28 00:00 | gap=184h (22 rows)
    [CV fold 4] train_end=2023-08-18 16:00 | val_start=2023-08-26 08:00 | gap=184h (22 rows)
    [trial 0] Sharpe=-0.2073 (folds: -0.2651, -0.2942, -0.0394, -0.2363, -0.2012)
    [trial 1] 46 features, training_days=420 | threshold=0.839 | labels: 998 long, 1170 short (46/54%)
    [trial 1] Sharpe=-6.1060 (folds: -0.3738, -10.0000, -0.1562, -10.0000, -10.0000)
    [trial 2] 46 features, training_days=190 | threshold=0.602 | labels: 998 long, 1170 short (46/54%)
    [trial 2] Sharpe=-0.1394 (folds: -0.2334, -0.1098, -0.0993, -0.0768, -0.1777)
    [trial 3] 46 features, training_days=490 | threshold=0.832 | labels: 998 long, 1170 short (46/54%)
    [trial 3] Sharpe=-0.1248 (folds: -0.3052, -0.0909, 0.0051, -0.2798, 0.0468)
    [trial 4] 46 features, training_days=340 | threshold=0.591 | labels: 998 long, 1170 short (46/54%)
    [trial 4] Sharpe=-0.1400 (folds: -0.1831, -0.4710, 0.0211, 0.0143, -0.0813)
    [trial 5] 46 features, training_days=50 | threshold=0.823 | labels: 998 long, 1170 short (46/54%)
    [trial 5] Sharpe=-2.2791 (folds: -1.0135, -10.0000, -0.1176, -0.1352, -0.1290)
    [trial 6] 46 features, training_days=410 | threshold=0.549 | labels: 998 long, 1170 short (46/54%)
    [trial 6] Sharpe=-0.1017 (folds: -0.0773, -0.3358, -0.0783, -0.0187, 0.0018)
    [trial 7] 46 features, training_days=180 | threshold=0.526 | labels: 998 long, 1170 short (46/54%)
    [trial 7] Sharpe=-0.1538 (folds: -0.1620, -0.1771, -0.0910, -0.1312, -0.2080)
    [trial 8] 46 features, training_days=240 | threshold=0.811 | labels: 998 long, 1170 short (46/54%)
    [trial 8] Sharpe=-0.2285 (folds: -0.3131, -0.5144, -0.1618, -0.0845, -0.0687)
    [trial 9] 46 features, training_days=20 | threshold=0.538 | labels: 998 long, 1170 short (46/54%)
    [trial 9] Sharpe=0.0092 (folds: 0.1360, 0.2600, -0.0661, 0.0439, -0.3279)
    [trial 10] 46 features, training_days=10 | threshold=0.745 | labels: 998 long, 1170 short (46/54%)
    [trial 10] Sharpe=0.0092 (folds: 0.1360, 0.2600, -0.0661, 0.0439, -0.3279)
    [trial 11] 46 features, training_days=20 | threshold=0.716 | labels: 998 long, 1170 short (46/54%)
    [trial 11] Sharpe=-4.0268 (folds: -10.0000, 0.2600, -0.0661, -10.0000, -0.3279)
    [trial 12] 46 features, training_days=90 | threshold=0.730 | labels: 998 long, 1170 short (46/54%)
    [trial 12] Sharpe=-0.1160 (folds: -0.3629, -0.0311, 0.0275, -0.1162, -0.0975)
    [trial 13] 46 features, training_days=110 | threshold=0.740 | labels: 998 long, 1170 short (46/54%)
    [trial 13] Sharpe=-0.1609 (folds: -0.3229, -0.2389, -0.0051, -0.1187, -0.1188)
    [trial 14] 46 features, training_days=10 | threshold=0.673 | labels: 998 long, 1170 short (46/54%)
    [trial 14] Sharpe=0.0092 (folds: 0.1360, 0.2600, -0.0661, 0.0439, -0.3279)
    [trial 15] 46 features, training_days=130 | threshold=0.774 | labels: 998 long, 1170 short (46/54%)
    [trial 15] Sharpe=-0.1500 (folds: -0.2987, -0.1360, 0.0567, -0.1698, -0.2021)
    [trial 16] 46 features, training_days=270 | threshold=0.673 | labels: 998 long, 1170 short (46/54%)
    [trial 16] Sharpe=-0.1277 (folds: -0.2474, -0.1977, 0.0055, -0.1017, -0.0969)
    [trial 17] 46 features, training_days=60 | threshold=0.512 | labels: 998 long, 1170 short (46/54%)
    [trial 17] Sharpe=-0.2333 (folds: -0.3014, -0.5150, -0.0661, 0.0439, -0.3279)
  Optuna: 18 trials, best Sharpe = 0.0092
  Best params: n_estimators=337, max_depth=3, lr=0.2191, leaves=39
  Best confidence_threshold: 0.538
  Best training_days: 20
  Retrained on full data (60 samples, 46 features)
  [ensemble 2/3] seed=123
    [trial 0] 46 features, training_days=150 | threshold=0.744 | labels: 998 long, 1170 short (46/54%)
    [CV fold 0] train_end=2022-04-24 08:00 | val_start=2022-05-02 00:00 | gap=184h (22 rows)
    [CV fold 1] train_end=2022-08-22 16:00 | val_start=2022-08-30 08:00 | gap=184h (22 rows)
    [CV fold 2] train_end=2022-12-21 00:00 | val_start=2022-12-28 16:00 | gap=184h (22 rows)
    [CV fold 3] train_end=2023-04-20 08:00 | val_start=2023-04-28 00:00 | gap=184h (22 rows)
    [CV fold 4] train_end=2023-08-18 16:00 | val_start=2023-08-26 08:00 | gap=184h (22 rows)
    [trial 0] Sharpe=-0.1681 (folds: -0.2482, -0.0772, -0.1528, -0.2030, -0.1596)
    [trial 1] 46 features, training_days=220 | threshold=0.755 | labels: 998 long, 1170 short (46/54%)
    [trial 1] Sharpe=-4.0359 (folds: -10.0000, 0.4434, -0.2334, -10.0000, -0.3895)[I 2026-06-01 11:04:20,712] Trial 1 finished with value: -4.035884135140301 and parameters: {'confidence_threshold': 0.7551673975844145, 'training_days': 220, 'n_estimators': 76, 'max_depth': 4, 'num_leaves': 51, 'learning_rate': 0.018602118810743477, 'subsample': 0.5877258780737462, 'colsample_bytree': 0.7657756869209191, 'min_child_samples': 63, 'reg_alpha': 0.005123994170264194, 'reg_lambda': 0.44145470178120466}. Best is trial 0 with value: -0.16814699337109054.
[I 2026-06-01 11:04:20,992] Trial 2 finished with value: -0.2694375379915069 and parameters: {'confidence_threshold': 0.7535593637012223, 'training_days': 310, 'n_estimators': 375, 'max_depth': 3, 'num_leaves': 32, 'learning_rate': 0.021735641882032388, 'subsample': 0.6468570231944146, 'colsample_bytree': 0.8154880619272439, 'min_child_samples': 27, 'reg_alpha': 8.004064028491336e-05, 'reg_lambda': 7.546835261630524e-05}. Best is trial 0 with value: -0.16814699337109054.
[I 2026-06-01 11:04:21,183] Trial 3 finished with value: -0.11486769266117429 and parameters: {'confidence_threshold': 0.6727897841776072, 'training_days': 220, 'n_estimators': 190, 'max_depth': 4, 'num_leaves': 58, 'learning_rate': 0.24810689332636193, 'subsample': 0.7509183379421682, 'colsample_bytree': 0.8119764758960556, 'min_child_samples': 29, 'reg_alpha': 7.1708285081421445e-06, 'reg_lambda': 5.412973582738627e-05}. Best is trial 3 with value: -0.11486769266117429.
[I 2026-06-01 11:04:21,322] Trial 4 finished with value: -0.11415194229833832 and parameters: {'confidence_threshold': 0.803208205259178, 'training_days': 130, 'n_estimators': 267, 'max_depth': 5, 'num_leaves': 40, 'learning_rate': 0.08041175317374143, 'subsample': 0.5603143329951619, 'colsample_bytree': 0.9131704002534167, 'min_child_samples': 68, 'reg_alpha': 0.0008046593428183385, 'reg_lambda': 1.2158346158765583e-05}. Best is trial 4 with value: -0.11415194229833832.
[I 2026-06-01 11:04:21,590] Trial 5 finished with value: -0.12877629591194997 and parameters: {'confidence_threshold': 0.6064422761595144, 'training_days': 210, 'n_estimators': 357, 'max_depth': 5, 'num_leaves': 40, 'learning_rate': 0.0974221287220869, 'subsample': 0.7929682762811064, 'colsample_bytree': 0.8124517510478, 'min_child_samples': 74, 'reg_alpha': 0.3811377260781234, 'reg_lambda': 5.607314238392041e-08}. Best is trial 4 with value: -0.11415194229833832.
[I 2026-06-01 11:04:21,706] Trial 6 finished with value: -0.13036677917662015 and parameters: {'confidence_threshold': 0.7672889945051684, 'training_days': 130, 'n_estimators': 137, 'max_depth': 4, 'num_leaves': 19, 'learning_rate': 0.2031117614248665, 'subsample': 0.8136244860256343, 'colsample_bytree': 0.8617081790949774, 'min_child_samples': 21, 'reg_alpha': 0.002238138278733199, 'reg_lambda': 0.001025809534977322}. Best is trial 4 with value: -0.11415194229833832.
[I 2026-06-01 11:04:21,778] Trial 7 finished with value: -0.04903190911809122 and parameters: {'confidence_threshold': 0.555635875450653, 'training_days': 80, 'n_estimators': 363, 'max_depth': 3, 'num_leaves': 48, 'learning_rate': 0.06590089024008658, 'subsample': 0.6944752870615722, 'colsample_bytree': 0.962566244806993, 'min_child_samples': 88, 'reg_alpha': 1.6465620446426067e-05, 'reg_lambda': 2.4678750890085655e-08}. Best is trial 7 with value: -0.04903190911809122.
[I 2026-06-01 11:04:22,110] Trial 8 finished with value: -0.12035921063316797 and parameters: {'confidence_threshold': 0.6066688256938841, 'training_days': 200, 'n_estimators': 367, 'max_depth': 5, 'num_leaves': 32, 'learning_rate': 0.13377519215934996, 'subsample': 0.7965884582811106, 'colsample_bytree': 0.8458508993500886, 'min_child_samples': 32, 'reg_alpha': 3.889436043816386e-05, 'reg_lambda': 1.4713062489380356e-06}. Best is trial 7 with value: -0.04903190911809122.
[I 2026-06-01 11:04:22,319] Trial 9 finished with value: -0.15858443743692144 and parameters: {'confidence_threshold': 0.6202096049169137, 'training_days': 260, 'n_estimators': 350, 'max_depth': 3, 'num_leaves': 21, 'learning_rate': 0.02989540198065364, 'subsample': 0.8307821683331218, 'colsample_bytree': 0.923253112635361, 'min_child_samples': 64, 'reg_alpha': 0.4898604619604203, 'reg_lambda': 2.9076377687066166e-05}. Best is trial 7 with value: -0.04903190911809122.
[I 2026-06-01 11:04:22,352] Trial 10 finished with value: 0.009174056057344749 and parameters: {'confidence_threshold': 0.5248809389721337, 'training_days': 10, 'n_estimators': 493, 'max_depth': 3, 'num_leaves': 63, 'learning_rate': 0.010221918552934462, 'subsample': 0.667749445701178, 'colsample_bytree': 0.6202684210924141, 'min_child_samples': 99, 'reg_alpha': 1.3884210513841762e-08, 'reg_lambda': 0.02273343343290072}. Best is trial 10 with value: 0.009174056057344749.
[I 2026-06-01 11:04:22,386] Trial 11 finished with value: 0.009174056057344749 and parameters: {'confidence_threshold': 0.5048591005447424, 'training_days': 10, 'n_estimators': 493, 'max_depth': 3, 'num_leaves': 63, 'learning_rate': 0.010535067237031162, 'subsample': 0.6714365294218261, 'colsample_bytree': 0.6012148974081734, 'min_child_samples': 100, 'reg_alpha': 1.0389779167265952e-08, 'reg_lambda': 0.024688016606578794}. Best is trial 10 with value: 0.009174056057344749.
[I 2026-06-01 11:04:22,420] Trial 12 finished with value: 0.009174056057344749 and parameters: {'confidence_threshold': 0.5089680977489497, 'training_days': 10, 'n_estimators': 499, 'max_depth': 3, 'num_leaves': 63, 'learning_rate': 0.010201143194486034, 'subsample': 0.6564586022126886, 'colsample_bytree': 0.5773925919454104, 'min_child_samples': 100, 'reg_alpha': 1.3442856058557254e-08, 'reg_lambda': 0.03763104455123277}. Best is trial 10 with value: 0.009174056057344749.
[I 2026-06-01 11:04:22,707] Trial 13 finished with value: -0.1343615952683492 and parameters: {'confidence_threshold': 0.5020409585694433, 'training_days': 480, 'n_estimators': 475, 'max_depth': 3, 'num_leaves': 63, 'learning_rate': 0.010533478929525117, 'subsample': 0.5024707401359401, 'colsample_bytree': 0.6155230039584509, 'min_child_samples': 95, 'reg_alpha': 1.2420006292090873e-08, 'reg_lambda': 0.007333862701978235}. Best is trial 10 with value: 0.009174056057344749.
[I 2026-06-01 11:04:22,740] Trial 14 finished with value: 0.009174056057344749 and parameters: {'confidence_threshold': 0.5530155329303867, 'training_days': 20, 'n_estimators': 436, 'max_depth': 3, 'num_leaves': 56, 'learning_rate': 0.01645102485501106, 'subsample': 0.9182426786262438, 'colsample_bytree': 0.6636612257699344, 'min_child_samples': 82, 'reg_alpha': 2.9711543588675325e-07, 'reg_lambda': 3.032122060391809}. Best is trial 10 with value: 0.009174056057344749.
[I 2026-06-01 11:04:22,854] Trial 15 finished with value: -0.10519879112981281 and parameters: {'confidence_threshold': 0.5551423717289237, 'training_days': 60, 'n_estimators': 433, 'max_depth': 4, 'num_leaves': 56, 'learning_rate': 0.037392478764815176, 'subsample': 0.7121311404443758, 'colsample_bytree': 0.5093920150666754, 'min_child_samples': 46, 'reg_alpha': 5.011892081220446e-07, 'reg_lambda': 0.05138157439645094}. Best is trial 10 with value: 0.009174056057344749.
[I 2026-06-01 11:04:23,025] Trial 16 finished with value: -0.18684630140245304 and parameters: {'confidence_threshold': 0.6739484971538112, 'training_days': 350, 'n_estimators': 279, 'max_depth': 3, 'num_leaves': 45, 'learning_rate': 0.0142468201984381, 'subsample': 0.6259757956590382, 'colsample_bytree': 0.6881351291437867, 'min_child_samples': 89, 'reg_alpha': 4.503429761679348e-07, 'reg_lambda': 0.0015450538149168326}. Best is trial 10 with value: 0.009174056057344749.
[I 2026-06-01 11:04:23,119] Trial 17 finished with value: -0.003120454310745652 and parameters: {'confidence_threshold': 0.5362751837958184, 'training_days': 70, 'n_estimators': 441, 'max_depth': 3, 'num_leaves': 59, 'learning_rate': 0.02985024780159564, 'subsample': 0.7214524466011595, 'colsample_bytree': 0.5225343572251958, 'min_child_samples': 78, 'reg_alpha': 7.76118890684579e-08, 'reg_lambda': 0.2558707972524642}. Best is trial 10 with value: 0.009174056057344749.
[I 2026-06-01 11:04:23,329] A new study created in memory with name: no-name-87dad742-e7b2-46a5-8298-80a379344a0a
[I 2026-06-01 11:04:23,527] Trial 0 finished with value: -0.09104894704789078 and parameters: {'confidence_threshold': 0.5870645682749857, 'training_days': 90, 'n_estimators': 403, 'max_depth': 5, 'num_leaves': 45, 'learning_rate': 0.0780457193679974, 'subsample': 0.9428509515574568, 'colsample_bytree': 0.8795587339164916, 'min_child_samples': 34, 'reg_alpha': 2.2465901234314442e-07, 'reg_lambda': 8.339007036475363e-05}. Best is trial 0 with value: -0.09104894704789078.
[I 2026-06-01 11:04:23,636] Trial 1 finished with value: -0.11366127322766181 and parameters: {'confidence_threshold': 0.6348453934275313, 'training_days': 290, 'n_estimators': 115, 'max_depth': 5, 'num_leaves': 37, 'learning_rate': 0.06949568759029946, 'subsample': 0.8228505074024268, 'colsample_bytree': 0.8616703220431751, 'min_child_samples': 75, 'reg_alpha': 4.2486822725010923e-07, 'reg_lambda': 1.157247767047042e-07}. Best is trial 0 with value: -0.09104894704789078.
[I 2026-06-01 11:04:23,658] Trial 2 finished with value: 0.009174056057344749 and parameters: {'confidence_threshold': 0.5849570384370288, 'training_days': 10, 'n_estimators': 212, 'max_depth': 3, 'num_leaves': 41, 'learning_rate': 0.18452095998378365, 'subsample': 0.6001060822924371, 'colsample_bytree': 0.5673167293506167, 'min_child_samples': 37, 'reg_alpha': 5.733250064217131, 'reg_lambda': 0.5308454292595461}. Best is trial 2 with value: 0.009174056057344749.
[I 2026-06-01 11:04:23,743] Trial 3 finished with value: -0.11088262658662593 and parameters: {'confidence_threshold': 0.6868248626683718, 'training_days': 220, 'n_estimators': 134, 'max_depth': 3, 'num_leaves': 45, 'learning_rate': 0.033529007907491595, 'subsample': 0.8647277071858408, 'colsample_bytree': 0.778494116634046, 'min_child_samples': 96, 'reg_alpha': 2.409409937265785e-07, 'reg_lambda': 1.1642073478060009}. Best is trial 2 with value: 0.009174056057344749.
[I 2026-06-01 11:04:23,833] Trial 4 finished with value: -0.1350584206553454 and parameters: {'confidence_threshold': 0.5623121348350352, 'training_days': 300, 'n_estimators': 69, 'max_depth': 4, 'num_leaves': 32, 'learning_rate': 0.14967629360700346, 'subsample': 0.5054535233636654, 'colsample_bytree': 0.7401385194659216, 'min_child_samples': 27, 'reg_alpha': 1.4212042567426725e-07, 'reg_lambda': 0.23605753701352003}. Best is trial 2 with value: 0.009174056057344749.
[I 2026-06-01 11:04:24,245] Trial 5 finished with value: -0.14483252622936627 and parameters: {'confidence_threshold': 0.7111850244908446, 'training_days': 490, 'n_estimators': 362, 'max_depth': 5, 'num_leaves': 40, 'learning_rate': 0.05960785724162737, 'subsample': 0.5589714368907717, 'colsample_bytree': 0.6659006943232806, 'min_child_samples': 42, 'reg_alpha': 0.6741360303045295, 'reg_lambda': 6.054601607143087e-08}. Best is trial 2 with value: 0.009174056057344749.
[I 2026-06-01 11:04:24,439] Trial 6 finished with value: -0.19625801096545722 and parameters: {'confidence_threshold': 0.667482545748023, 'training_days': 420, 'n_estimators': 279, 'max_depth': 3, 'num_leaves': 45, 'learning_rate': 0.040099592560849204, 'subsample': 0.8563114696415159, 'colsample_bytree': 0.5442917781944105, 'min_child_samples': 50, 'reg_alpha': 1.6407916423707903e-08, 'reg_lambda': 2.935907642973286e-05}. Best is trial 2 with value: 0.009174056057344749.
[I 2026-06-01 11:04:24,604] Trial 7 finished with value: -0.11072631642109712 and parameters: {'confidence_threshold': 0.5497381024139926, 'training_days': 120, 'n_estimators': 408, 'max_depth': 5, 'num_leaves': 38, 'learning_rate': 0.28049122657745795, 'subsample': 0.8806573338635493, 'colsample_bytree': 0.5454054113547102, 'min_child_samples': 63, 'reg_alpha': 0.01263008637940408, 'reg_lambda': 0.04588020805366937}. Best is trial 2 with value: 0.009174056057344749.
[I 2026-06-01 11:04:24,883] Trial 8 finished with value: -0.1739193888414428 and parameters: {'confidence_threshold': 0.719644804808716, 'training_days': 450, 'n_estimators': 410, 'max_depth': 4, 'num_leaves': 57, 'learning_rate': 0.04022026551478857, 'subsample': 0.5336085426932707, 'colsample_bytree': 0.5705742850577543, 'min_child_samples': 100, 'reg_alpha': 5.916398047912201e-07, 'reg_lambda': 0.9794034214488329}. Best is trial 2 with value: 0.009174056057344749.
[I 2026-06-01 11:04:24,905] Trial 9 finished with value: -4.02681181725441 and parameters: {'confidence_threshold': 0.7267463643917187, 'training_days': 20, 'n_estimators': 337, 'max_depth': 5, 'num_leaves': 23, 'learning_rate': 0.022153031811454605, 'subsample': 0.6305627572358737, 'colsample_bytree': 0.6613413774216214, 'min_child_samples': 81, 'reg_alpha': 5.7638634029410314e-08, 'reg_lambda': 8.26603016764008}. Best is trial 2 with value: 0.009174056057344749.
