[I 2026-06-01 11:07:33,635] Trial 8 finished with value: 0.06791934035276548 and parameters: {'confidence_threshold': 0.8105244599017143, 'training_days': 240, 'n_estimators': 103, 'max_depth': 5, 'num_leaves': 52, 'learning_rate': 0.06746437142284309, 'subsample': 0.8854835899772805, 'colsample_bytree': 0.7468977981821954, 'min_child_samples': 62, 'reg_alpha': 7.04480806377519e-05, 'reg_lambda': 1.6934490731313353e-08}. Best is trial 8 with value: 0.06791934035276548.

    [trial 12] Sharpe=-0.1137 (folds: -0.1286, -0.0962, -0.1924, -0.1460, -0.0051)
    [trial 13] 46 features, training_days=480 | threshold=0.623 | labels: 1029 long, 1142 short (47/53%)
    [trial 13] Sharpe=0.0469 (folds: -0.1275, -0.0771, 0.1687, 0.1250, 0.1453)
    [trial 14] 46 features, training_days=350 | threshold=0.609 | labels: 1029 long, 1142 short (47/53%)
    [trial 14] Sharpe=0.0245 (folds: -0.1381, -0.0560, 0.1324, 0.0954, 0.0888)
    [trial 15] 46 features, training_days=90 | threshold=0.626 | labels: 1029 long, 1142 short (47/53%)
    [trial 15] Sharpe=-0.0134 (folds: -0.0044, -0.0894, -0.0129, -0.0237, 0.0633)
    [trial 16] 46 features, training_days=220 | threshold=0.509 | labels: 1029 long, 1142 short (47/53%)
    [trial 16] Sharpe=-0.0963 (folds: -0.0870, -0.0860, -0.2748, -0.1077, 0.0739)
    [trial 17] 46 features, training_days=70 | threshold=0.647 | labels: 1029 long, 1142 short (47/53%)
    [trial 17] Sharpe=0.0140 (folds: 0.0990, -0.0490, 0.1587, -0.1362, -0.0022)
  Optuna: 18 trials, best Sharpe = 0.0469
  Best params: n_estimators=297, max_depth=5, lr=0.1093, leaves=15
  Best confidence_threshold: 0.623
  Best training_days: 480
  Retrained on full data (1440 samples, 46 features)
  OOD: 16 features, cutoff (q=0.7) = 13.57
  Model trained for 2025-05: 93 test candles with features, confidence_threshold=0.668
[trade:close] 2025-05-05 00:00 DOTUSDT LONG → timeout @ 3.92 | PnL=-4.11% (net -4.21%) | cum=+105.03% 2025-05=-4.21% 2025-05-05=-4.21%
[predict] 2025-05-05 16:00 DOTUSDT → LONG (proba=0.71 TP=9.2%/SL=4.6%)
[trade:open] 2025-05-05 23:59 DOTUSDT LONG @ 3.92 | SL=3.73 TP=4.28 | timeout=2025-05-12 23:59
[trade:close] 2025-05-08 15:59 DOTUSDT LONG → take_profit @ 4.28 | PnL=+9.24% (net +9.14%) | cum=+114.17% 2025-05=+4.93% 2025-05-08=+9.14%
[predict] 2025-05-13 00:00 DOTUSDT → SHORT (proba=0.71 TP=16.3%/SL=8.1%)
[trade:open] 2025-05-13 07:59 DOTUSDT SHORT @ 4.97 | SL=5.37 TP=4.16 | timeout=2025-05-20 07:59
[trade:close] 2025-05-20 08:00 DOTUSDT SHORT → timeout @ 4.59 | PnL=+7.65% (net +7.55%) | cum=+121.72% 2025-05=+12.48% 2025-05-20=+7.55%
[predict] 2025-05-22 08:00 DOTUSDT → LONG (proba=0.67 TP=13.2%/SL=6.6%)
[trade:open] 2025-05-22 15:59 DOTUSDT LONG @ 4.93 | SL=4.61 TP=5.58 | timeout=2025-05-29 15:59
[trade:close] 2025-05-23 15:59 DOTUSDT LONG → stop_loss @ 4.61 | PnL=-6.58% (net -6.68%) | cum=+115.04% 2025-05=+5.80% 2025-05-23=-6.68%
[predict] 2025-05-24 08:00 DOTUSDT → LONG (proba=0.81 TP=14.2%/SL=7.1%)
[trade:open] 2025-05-24 15:59 DOTUSDT LONG @ 4.57 | SL=4.24 TP=5.21 | timeout=2025-05-31 15:59
[trade:close] 2025-05-30 07:59 DOTUSDT LONG → stop_loss @ 4.24 | PnL=-7.08% (net -7.18%) | cum=+107.86% 2025-05=-1.38% 2025-05-30=-7.18%
[lgbm] === Training for 2025-06 ===
  Train window: 2023-06-01 → 2025-05-24
  2171 training samples from 1 symbols
  Samples per month: 2023-06: 90, 2023-07: 93, 2023-08: 93, 2023-09: 90, 2023-10: 93, 2023-11: 90, 2023-12: 93, 2024-01: 93, 2024-02: 87, 2024-03: 93, 2024-04: 90, 2024-05: 93, 2024-06: 90, 2024-07: 93, 2024-08: 93, 2024-09: 90, 2024-10: 93, 2024-11: 90, 2024-12: 93, 2025-01: 93, 2025-02: 84, 2025-03: 93, 2025-04: 90, 2025-05: 71
  [label] 2023-08-01 16:00 DOTUSDT entry=5.2040 → SHORT | long=sl(-3.62%) short=tp(+6.93%) | scanned=18 | short_tp_only
  [label] 2023-08-04 00:00 DOTUSDT entry=4.9860 → LONG | long=sl(-3.53%) short=timeout(-0.36%) | scanned=22 | no_tp→fwd_return=+0.2607
  [label] 2023-08-07 16:00 DOTUSDT entry=4.9670 → LONG | long=timeout(+0.28%) short=timeout(-0.48%) | scanned=22 | no_tp→fwd_return=+0.3825
  [label] 2023-09-01 08:00 DOTUSDT entry=4.2160 → LONG | long=timeout(+0.02%) short=timeout(-0.22%) | scanned=22 | no_tp→fwd_return=+0.1186
  [label] 2023-10-24 00:00 DOTUSDT entry=4.2530 → LONG | long=sl(-5.50%) short=sl(-5.50%) | scanned=20 | no_tp→fwd_return=+6.3014
  [label] 2024-04-07 00:00 DOTUSDT entry=8.6180 → SHORT | long=sl(-5.40%) short=sl(-5.40%) | scanned=10 | no_tp→fwd_return=-3.5043
  [label] 2024-04-11 00:00 DOTUSDT entry=8.4710 → SHORT | long=sl(-5.86%) short=tp(+11.42%) | scanned=5 | short_tp_only
  [label] 2024-04-21 16:00 DOTUSDT entry=7.1340 → SHORT | long=sl(-7.84%) short=timeout(+5.66%) | scanned=22 | no_tp→fwd_return=-5.7611
  [label] 2024-06-05 16:00 DOTUSDT entry=7.2570 → SHORT | long=sl(-3.82%) short=tp(+7.35%) | scanned=6 | short_tp_only
  [label] 2024-06-14 08:00 DOTUSDT entry=6.2160 → SHORT | long=sl(-6.32%) short=tp(+12.33%) | scanned=11 | short_tp_only
  [label] 2024-09-12 16:00 DOTUSDT entry=4.2930 → SHORT | long=sl(-4.16%) short=sl(-4.16%) | scanned=16 | no_tp→fwd_return=-3.8668
  [label] 2024-10-14 16:00 DOTUSDT entry=4.3770 → LONG | long=sl(-3.77%) short=sl(-3.77%) | scanned=17 | no_tp→fwd_return=+3.8839
  [label] 2024-10-31 00:00 DOTUSDT entry=4.1540 → SHORT | long=sl(-4.28%) short=tp(+8.25%) | scanned=9 | short_tp_only
  [label] 2024-11-12 16:00 DOTUSDT entry=5.3120 → LONG | long=sl(-10.68%) short=sl(-10.68%) | scanned=13 | no_tp→fwd_return=+6.7771
  [label] 2024-12-01 00:00 DOTUSDT entry=8.8100 → LONG | long=tp(+20.35%) short=sl(-10.33%) | scanned=10 | long_tp_only
  [label] 2024-12-07 08:00 DOTUSDT entry=10.7710 → SHORT | long=sl(-11.01%) short=tp(+21.71%) | scanned=7 | short_tp_only
  [label] 2024-12-19 16:00 DOTUSDT entry=6.9370 → SHORT | long=timeout(-0.20%) short=timeout(+0.00%) | scanned=22 | no_tp→fwd_return=-0.1009
  [label] 2025-01-28 08:00 DOTUSDT entry=5.8960 → SHORT | long=sl(-8.08%) short=sl(-8.08%) | scanned=16 | no_tp→fwd_return=-12.6526
  [label] 2025-02-07 00:00 DOTUSDT entry=4.5820 → LONG | long=timeout(+12.78%) short=sl(-11.94%) | scanned=22 | no_tp→fwd_return=+12.8765
  [label] 2025-05-04 08:00 DOTUSDT entry=3.9610 → LONG | long=tp(+9.19%) short=sl(-4.74%) | scanned=12 | long_tp_only
  Labels: 1036 long (47.7%), 1135 short (52.3%) | weights: min=1.00, mean=3.28, max=10.00
  Features: 2171/2171 matched, 46 columns
  CV gap: 22 rows
  [ensemble 1/3] seed=42
    [trial 0] 46 features, training_days=480 | threshold=0.631 | labels: 1036 long, 1135 short (48/52%)
    [CV fold 0] train_end=2023-09-23 08:00 | val_start=2023-10-01 00:00 | gap=184h (22 rows)
    [CV fold 1] train_end=2024-01-21 16:00 | val_start=2024-01-29 08:00 | gap=184h (22 rows)
    [CV fold 2] train_end=2024-05-21 00:00 | val_start=2024-05-28 16:00 | gap=184h (22 rows)
    [CV fold 3] train_end=2024-09-18 08:00 | val_start=2024-09-26 00:00 | gap=184h (22 rows)
    [CV fold 4] train_end=2025-01-16 16:00 | val_start=2025-01-24 08:00 | gap=184h (22 rows)
    [trial 0] Sharpe=0.0384 (folds: 0.0657, 0.1984, -0.1892, 0.1275, -0.0103)
    [trial 1] 46 features, training_days=420 | threshold=0.839 | labels: 1036 long, 1135 short (48/52%)
    [trial 1] Sharpe=-5.9879 (folds: 0.2204, -0.1601, -10.0000, -10.0000, -10.0000)
    [trial 2] 46 features, training_days=190 | threshold=0.602 | labels: 1036 long, 1135 short (48/52%)
    [trial 2] Sharpe=0.0273 (folds: 0.0694, 0.0893, -0.1521, -0.0085, 0.1385)
    [trial 3] 46 features, training_days=490 | threshold=0.832 | labels: 1036 long, 1135 short (48/52%)
    [trial 3] Sharpe=0.0516 (folds: 0.0879, 0.1620, -0.0209, 0.0058, 0.0232)
    [trial 4] 46 features, training_days=340 | threshold=0.591 | labels: 1036 long, 1135 short (48/52%)
    [trial 4] Sharpe=0.0136 (folds: 0.0485, 0.1466, -0.1221, -0.0471, 0.0421)
    [trial 5] 46 features, training_days=50 | threshold=0.823 | labels: 1036 long, 1135 short (48/52%)
    [trial 5] Sharpe=-0.0725 (folds: -0.0219, 0.1305, -0.4596, -0.0286, 0.0170)
    [trial 6] 46 features, training_days=410 | threshold=0.549 | labels: 1036 long, 1135 short (48/52%)
    [trial 6] Sharpe=-0.0069 (folds: 0.0573, 0.1250, -0.2149, 0.0936, -0.0955)
    [trial 7] 46 features, training_days=180 | threshold=0.526 | labels: 1036 long, 1135 short (48/52%)
    [trial 7] Sharpe=0.0232 (folds: -0.0022, 0.2075, -0.2137, -0.0695, 0.1941)
    [trial 8] 46 features, training_days=240 | threshold=0.811 | labels: 1036 long, 1135 short (48/52%)
    [trial 8] Sharpe=0.0679 (folds: 0.0936, 0.1804, -0.1741, -0.0887, 0.3284)
    [trial 9] 46 features, training_days=20 | threshold=0.538 | labels: 1036 long, 1135 short (48/52%)[I 2026-06-01 11:07:33,658] Trial 9 finished with value: -2.067586971243734 and parameters: {'confidence_threshold': 0.5377619994476566, 'training_days': 20, 'n_estimators': 337, 'max_depth': 3, 'num_leaves': 39, 'learning_rate': 0.21907142272152816, 'subsample': 0.6246461145744375, 'colsample_bytree': 0.7051914615178149, 'min_child_samples': 81, 'reg_alpha': 1.1459970229341322e-06, 'reg_lambda': 4.929685216887945e-08}. Best is trial 8 with value: 0.06791934035276548.
[I 2026-06-01 11:07:34,245] Trial 10 finished with value: 0.026740222488962552 and parameters: {'confidence_threshold': 0.734042426776949, 'training_days': 280, 'n_estimators': 487, 'max_depth': 5, 'num_leaves': 62, 'learning_rate': 0.10432148521337849, 'subsample': 0.9416850669512905, 'colsample_bytree': 0.8120417635861826, 'min_child_samples': 27, 'reg_alpha': 7.238112263003475e-05, 'reg_lambda': 3.3639426888455256e-06}. Best is trial 8 with value: 0.06791934035276548.
[I 2026-06-01 11:07:34,526] Trial 11 finished with value: 0.052416508825432626 and parameters: {'confidence_threshold': 0.7615879655568232, 'training_days': 170, 'n_estimators': 496, 'max_depth': 4, 'num_leaves': 55, 'learning_rate': 0.10448448531784886, 'subsample': 0.8696252151616218, 'colsample_bytree': 0.5602505613527179, 'min_child_samples': 56, 'reg_alpha': 4.379223436569254e-08, 'reg_lambda': 9.74477562314831}. Best is trial 8 with value: 0.06791934035276548.
[I 2026-06-01 11:07:34,674] Trial 12 finished with value: 0.04925928803573782 and parameters: {'confidence_threshold': 0.7286249135117628, 'training_days': 140, 'n_estimators': 223, 'max_depth': 4, 'num_leaves': 63, 'learning_rate': 0.08962717626942573, 'subsample': 0.8551998429125597, 'colsample_bytree': 0.5946885253004067, 'min_child_samples': 30, 'reg_alpha': 5.6535530920430964e-05, 'reg_lambda': 1.4010381098742505e-05}. Best is trial 8 with value: 0.06791934035276548.
[I 2026-06-01 11:07:35,132] Trial 13 finished with value: 0.021963827350920107 and parameters: {'confidence_threshold': 0.7680477997919558, 'training_days': 250, 'n_estimators': 500, 'max_depth': 4, 'num_leaves': 52, 'learning_rate': 0.22361544567965289, 'subsample': 0.8813567124152576, 'colsample_bytree': 0.7910440128251198, 'min_child_samples': 54, 'reg_alpha': 3.4226666758186125e-08, 'reg_lambda': 8.152647999869425}. Best is trial 8 with value: 0.06791934035276548.
[I 2026-06-01 11:07:35,302] Trial 14 finished with value: 0.0234636671584228 and parameters: {'confidence_threshold': 0.7594036169129817, 'training_days': 110, 'n_estimators': 310, 'max_depth': 4, 'num_leaves': 55, 'learning_rate': 0.06291821342644402, 'subsample': 0.8740246069767881, 'colsample_bytree': 0.626527299816021, 'min_child_samples': 37, 'reg_alpha': 1.373273876506371e-05, 'reg_lambda': 5.7627088851940795e-05}. Best is trial 8 with value: 0.06791934035276548.
[I 2026-06-01 11:07:35,572] Trial 15 finished with value: 0.03329473761364553 and parameters: {'confidence_threshold': 0.6778308661550855, 'training_days': 250, 'n_estimators': 427, 'max_depth': 5, 'num_leaves': 47, 'learning_rate': 0.12901484772274463, 'subsample': 0.9377783890671887, 'colsample_bytree': 0.5065896071904618, 'min_child_samples': 90, 'reg_alpha': 0.0018780797504261812, 'reg_lambda': 0.10351163679178875}. Best is trial 8 with value: 0.06791934035276548.
[I 2026-06-01 11:07:35,812] Trial 16 finished with value: 0.03960994236937436 and parameters: {'confidence_threshold': 0.7980310851665199, 'training_days': 320, 'n_estimators': 293, 'max_depth': 4, 'num_leaves': 57, 'learning_rate': 0.15013971957309138, 'subsample': 0.8052333371898657, 'colsample_bytree': 0.9826162589395974, 'min_child_samples': 64, 'reg_alpha': 1.672655083254394e-07, 'reg_lambda': 1.2482766579112276e-06}. Best is trial 8 with value: 0.06791934035276548.
[I 2026-06-01 11:07:35,895] Trial 17 finished with value: -0.02069137159199426 and parameters: {'confidence_threshold': 0.6755099553978283, 'training_days': 100, 'n_estimators': 185, 'max_depth': 4, 'num_leaves': 34, 'learning_rate': 0.010425658055299656, 'subsample': 0.7004831188261247, 'colsample_bytree': 0.8380549877235325, 'min_child_samples': 57, 'reg_alpha': 7.855718594789343, 'reg_lambda': 0.04680492118231637}. Best is trial 8 with value: 0.06791934035276548.
[I 2026-06-01 11:07:36,334] A new study created in memory with name: no-name-b54da78d-6ddf-4d9b-b6e0-340f574f4323
[I 2026-06-01 11:07:36,430] Trial 0 finished with value: 0.04865689604809807 and parameters: {'confidence_threshold': 0.7437642149592516, 'training_days': 150, 'n_estimators': 152, 'max_depth': 4, 'num_leaves': 50, 'learning_rate': 0.04216766425047743, 'subsample': 0.9903820991923078, 'colsample_bytree': 0.8424148692924316, 'min_child_samples': 58, 'reg_alpha': 3.381097259762742e-05, 'reg_lambda': 1.2263152961306247e-05}. Best is trial 0 with value: 0.04865689604809807.
[I 2026-06-01 11:07:36,498] Trial 1 finished with value: -1.8244925957720077 and parameters: {'confidence_threshold': 0.7551673975844145, 'training_days': 220, 'n_estimators': 76, 'max_depth': 4, 'num_leaves': 51, 'learning_rate': 0.018602118810743477, 'subsample': 0.5877258780737462, 'colsample_bytree': 0.7657756869209191, 'min_child_samples': 63, 'reg_alpha': 0.005123994170264194, 'reg_lambda': 0.44145470178120466}. Best is trial 0 with value: 0.04865689604809807.
[I 2026-06-01 11:07:36,765] Trial 2 finished with value: 0.04895692387257505 and parameters: {'confidence_threshold': 0.7535593637012223, 'training_days': 310, 'n_estimators': 375, 'max_depth': 3, 'num_leaves': 32, 'learning_rate': 0.021735641882032388, 'subsample': 0.6468570231944146, 'colsample_bytree': 0.8154880619272439, 'min_child_samples': 27, 'reg_alpha': 8.004064028491336e-05, 'reg_lambda': 7.546835261630524e-05}. Best is trial 2 with value: 0.04895692387257505.
[I 2026-06-01 11:07:36,945] Trial 3 finished with value: 0.024807452565471965 and parameters: {'confidence_threshold': 0.6727897841776072, 'training_days': 220, 'n_estimators': 190, 'max_depth': 4, 'num_leaves': 58, 'learning_rate': 0.24810689332636193, 'subsample': 0.7509183379421682, 'colsample_bytree': 0.8119764758960556, 'min_child_samples': 29, 'reg_alpha': 7.1708285081421445e-06, 'reg_lambda': 5.412973582738627e-05}. Best is trial 2 with value: 0.04895692387257505.
[I 2026-06-01 11:07:37,067] Trial 4 finished with value: 0.04969452630140333 and parameters: {'confidence_threshold': 0.803208205259178, 'training_days': 130, 'n_estimators': 267, 'max_depth': 5, 'num_leaves': 40, 'learning_rate': 0.08041175317374143, 'subsample': 0.5603143329951619, 'colsample_bytree': 0.9131704002534167, 'min_child_samples': 68, 'reg_alpha': 0.0008046593428183385, 'reg_lambda': 1.2158346158765583e-05}. Best is trial 4 with value: 0.04969452630140333.
[I 2026-06-01 11:07:37,297] Trial 5 finished with value: 0.014273137074363493 and parameters: {'confidence_threshold': 0.6064422761595144, 'training_days': 210, 'n_estimators': 357, 'max_depth': 5, 'num_leaves': 40, 'learning_rate': 0.0974221287220869, 'subsample': 0.7929682762811064, 'colsample_bytree': 0.8124517510478, 'min_child_samples': 74, 'reg_alpha': 0.3811377260781234, 'reg_lambda': 5.607314238392041e-08}. Best is trial 4 with value: 0.04969452630140333.
[I 2026-06-01 11:07:37,410] Trial 6 finished with value: 0.024631840672511684 and parameters: {'confidence_threshold': 0.7672889945051684, 'training_days': 130, 'n_estimators': 137, 'max_depth': 4, 'num_leaves': 19, 'learning_rate': 0.2031117614248665, 'subsample': 0.8136244860256343, 'colsample_bytree': 0.8617081790949774, 'min_child_samples': 21, 'reg_alpha': 0.002238138278733199, 'reg_lambda': 0.001025809534977322}. Best is trial 4 with value: 0.04969452630140333.
[I 2026-06-01 11:07:37,491] Trial 7 finished with value: -0.09985218063085446 and parameters: {'confidence_threshold': 0.555635875450653, 'training_days': 80, 'n_estimators': 363, 'max_depth': 3, 'num_leaves': 48, 'learning_rate': 0.06590089024008658, 'subsample': 0.6944752870615722, 'colsample_bytree': 0.962566244806993, 'min_child_samples': 88, 'reg_alpha': 1.6465620446426067e-05, 'reg_lambda': 2.4678750890085655e-08}. Best is trial 4 with value: 0.04969452630140333.
[I 2026-06-01 11:07:37,814] Trial 8 finished with value: 0.004453146410070006 and parameters: {'confidence_threshold': 0.6066688256938841, 'training_days': 200, 'n_estimators': 367, 'max_depth': 5, 'num_leaves': 32, 'learning_rate': 0.13377519215934996, 'subsample': 0.7965884582811106, 'colsample_bytree': 0.8458508993500886, 'min_child_samples': 32, 'reg_alpha': 3.889436043816386e-05, 'reg_lambda': 1.4713062489380356e-06}. Best is trial 4 with value: 0.04969452630140333.
[I 2026-06-01 11:07:38,033] Trial 9 finished with value: 0.015425704736353624 and parameters: {'confidence_threshold': 0.6202096049169137, 'training_days': 260, 'n_estimators': 350, 'max_depth': 3, 'num_leaves': 21, 'learning_rate': 0.02989540198065364, 'subsample': 0.8307821683331218, 'colsample_bytree': 0.923253112635361, 'min_child_samples': 64, 'reg_alpha': 0.4898604619604203, 'reg_lambda': 2.9076377687066166e-05}. Best is trial 4 with value: 0.04969452630140333.
[I 2026-06-01 11:07:38,409] Trial 10 finished with value: -2.024299361224636 and parameters: {'confidence_threshold': 0.8445241688507242, 'training_days': 470, 'n_estimators': 493, 'max_depth': 5, 'num_leaves': 63, 'learning_rate': 0.010221918552934462, 'subsample': 0.5019190721168774, 'colsample_bytree': 0.6202684210924141, 'min_child_samples': 99, 'reg_alpha': 1.9942621118187622e-08, 'reg_lambda': 0.0201634475791616}. Best is trial 4 with value: 0.04969452630140333.
[I 2026-06-01 11:07:38,591] Trial 11 finished with value: 0.20275715742711542 and parameters: {'confidence_threshold': 0.8371297552840329, 'training_days': 350, 'n_estimators': 255, 'max_depth': 3, 'num_leaves': 34, 'learning_rate': 0.022201782016086913, 'subsample': 0.6312808619205246, 'colsample_bytree': 0.6778283959364831, 'min_child_samples': 49, 'reg_alpha': 1.5149750828426856e-07, 'reg_lambda': 0.0018315601621927968}. Best is trial 11 with value: 0.20275715742711542.
[I 2026-06-01 11:07:38,618] Trial 12 finished with value: -1.9998585157499913 and parameters: {'confidence_threshold': 0.830632524875604, 'training_days': 10, 'n_estimators': 223, 'max_depth': 5, 'num_leaves': 36, 'learning_rate': 0.05809128784912797, 'subsample': 0.5393620792886002, 'colsample_bytree': 0.6669454130036883, 'min_child_samples': 46, 'reg_alpha': 1.0277168602441477e-07, 'reg_lambda': 0.00393268821840331}. Best is trial 11 with value: 0.20275715742711542.
[I 2026-06-01 11:07:38,790] Trial 13 finished with value: -1.774829495449208 and parameters: {'confidence_threshold': 0.7998700526596803, 'training_days': 370, 'n_estimators': 276, 'max_depth': 3, 'num_leaves': 26, 'learning_rate': 0.0145547987690723, 'subsample': 0.6211115141132789, 'colsample_bytree': 0.5443982906148261, 'min_child_samples': 48, 'reg_alpha': 8.23820059434164e-07, 'reg_lambda': 0.21775111652651932}. Best is trial 11 with value: 0.20275715742711542.
[I 2026-06-01 11:07:39,005] Trial 14 finished with value: 0.00047449158921354233 and parameters: {'confidence_threshold': 0.6968624890517784, 'training_days': 390, 'n_estimators': 269, 'max_depth': 4, 'num_leaves': 42, 'learning_rate': 0.03522058540173947, 'subsample': 0.5641155075727347, 'colsample_bytree': 0.6849490591745038, 'min_child_samples': 77, 'reg_alpha': 0.016435092915656313, 'reg_lambda': 1.2102325862348229e-06}. Best is trial 11 with value: 0.20275715742711542.
[I 2026-06-01 11:07:39,275] Trial 15 finished with value: 0.020388846780503334 and parameters: {'confidence_threshold': 0.5026055290809989, 'training_days': 490, 'n_estimators': 275, 'max_depth': 5, 'num_leaves': 28, 'learning_rate': 0.08758034620078883, 'subsample': 0.6832641701110782, 'colsample_bytree': 0.5093920150666754, 'min_child_samples': 46, 'reg_alpha': 0.0009461329494702215, 'reg_lambda': 3.5532501480887757}. Best is trial 11 with value: 0.20275715742711542.
[I 2026-06-01 11:07:39,551] Trial 16 finished with value: 0.021575747614988185 and parameters: {'confidence_threshold': 0.8044159671823368, 'training_days': 310, 'n_estimators': 464, 'max_depth': 3, 'num_leaves': 43, 'learning_rate': 0.026074305543394138, 'subsample': 0.5006576877061317, 'colsample_bytree': 0.7060712077553755, 'min_child_samples': 54, 'reg_alpha': 1.6323832176782968e-06, 'reg_lambda': 0.000616906323817186}. Best is trial 11 with value: 0.20275715742711542.
[I 2026-06-01 11:07:39,583] Trial 17 finished with value: -10.0 and parameters: {'confidence_threshold': 0.7072856773030385, 'training_days': 40, 'n_estimators': 222, 'max_depth': 4, 'num_leaves': 15, 'learning_rate': 0.1425882126074997, 'subsample': 0.9202138733708044, 'colsample_bytree': 0.6017926397279827, 'min_child_samples': 72, 'reg_alpha': 7.284070645541434, 'reg_lambda': 0.018104962421323974}. Best is trial 11 with value: 0.20275715742711542.
[I 2026-06-01 11:07:39,978] A new study created in memory with name: no-name-ad1a664d-d455-4bc2-87f9-21a2ccfba86f
