[I 2026-06-01 11:09:10,939] Trial 12 finished with value: 0.032188758731288944 and parameters: {'confidence_threshold': 0.6885215769111167, 'training_days': 350, 'n_estimators': 262, 'max_depth': 5, 'num_leaves': 41, 'learning_rate': 0.10009552393026294, 'subsample': 0.7042886966465641, 'colsample_bytree': 0.5196457038790347, 'min_child_samples': 43, 'reg_alpha': 8.957709750277246e-07, 'reg_lambda': 1.2188980793434613e-06}. Best is trial 3 with value: 0.05119930502138331.
[I 2026-06-01 11:09:11,127] Trial 13 finished with value: 0.03811198515418508 and parameters: {'confidence_threshold': 0.831634780913266, 'training_days': 400, 'n_estimators': 198, 'max_depth': 4, 'num_leaves': 56, 'learning_rate': 0.18754914284785856, 'subsample': 0.5024707401359401, 'colsample_bytree': 0.9249893861432709, 'min_child_samples': 78, 'reg_alpha': 0.012364597712185036, 'reg_lambda': 0.032538920588349354}. Best is trial 3 with value: 0.05119930502138331.
[I 2026-06-01 11:09:11,223] Trial 14 finished with value: 0.023977742806196137 and parameters: {'confidence_threshold': 0.5166805703527768, 'training_days': 70, 'n_estimators': 280, 'max_depth': 5, 'num_leaves': 30, 'learning_rate': 0.06604016025959691, 'subsample': 0.5996489185570943, 'colsample_bytree': 0.9975174476650941, 'min_child_samples': 49, 'reg_alpha': 8.955273563402083e-07, 'reg_lambda': 5.527230512973941e-07}. Best is trial 3 with value: 0.05119930502138331.
[I 2026-06-01 11:09:11,307] Trial 15 finished with value: 0.0010944473313294733 and parameters: {'confidence_threshold': 0.7050367233919248, 'training_days': 140, 'n_estimators': 300, 'max_depth': 4, 'num_leaves': 44, 'learning_rate': 0.2662524632365439, 'subsample': 0.8966418548807951, 'colsample_bytree': 0.7163960550594055, 'min_child_samples': 35, 'reg_alpha': 6.360445922002683, 'reg_lambda': 3.5532501480887757}. Best is trial 3 with value: 0.05119930502138331.
[I 2026-06-01 11:09:11,386] Trial 16 finished with value: 0.02326512826686572 and parameters: {'confidence_threshold': 0.7981828627886606, 'training_days': 270, 'n_estimators': 50, 'max_depth': 4, 'num_leaves': 57, 'learning_rate': 0.13709442355988286, 'subsample': 0.7311916895834284, 'colsample_bytree': 0.9182676696103418, 'min_child_samples': 54, 'reg_alpha': 0.000762323791867669, 'reg_lambda': 0.0002786624127605132}. Best is trial 3 with value: 0.05119930502138331.
[I 2026-06-01 11:09:11,415] Trial 17 finished with value: -6.051858745164198 and parameters: {'confidence_threshold': 0.6450645624258271, 'training_days': 30, 'n_estimators': 185, 'max_depth': 5, 'num_leaves': 36, 'learning_rate': 0.05493757086792623, 'subsample': 0.5798718144131003, 'colsample_bytree': 0.7604011355749908, 'min_child_samples': 72, 'reg_alpha': 0.031339913113165224, 'reg_lambda': 5.960634188932709e-06}. Best is trial 3 with value: 0.05119930502138331.
[I 2026-06-01 11:09:11,936] A new study created in memory with name: no-name-6607b5d4-8f21-451b-bda9-60e0641e8a84
[I 2026-06-01 11:09:12,137] Trial 0 finished with value: 6.472392276055117e-05 and parameters: {'confidence_threshold': 0.5870645682749857, 'training_days': 90, 'n_estimators': 403, 'max_depth': 5, 'num_leaves': 45, 'learning_rate': 0.0780457193679974, 'subsample': 0.9428509515574568, 'colsample_bytree': 0.8795587339164916, 'min_child_samples': 34, 'reg_alpha': 2.2465901234314442e-07, 'reg_lambda': 8.339007036475363e-05}. Best is trial 0 with value: 6.472392276055117e-05.
[I 2026-06-01 11:09:12,247] Trial 1 finished with value: 0.03816312970115331 and parameters: {'confidence_threshold': 0.6348453934275313, 'training_days': 290, 'n_estimators': 115, 'max_depth': 5, 'num_leaves': 37, 'learning_rate': 0.06949568759029946, 'subsample': 0.8228505074024268, 'colsample_bytree': 0.8616703220431751, 'min_child_samples': 75, 'reg_alpha': 4.2486822725010923e-07, 'reg_lambda': 1.157247767047042e-07}. Best is trial 1 with value: 0.03816312970115331.
[I 2026-06-01 11:09:12,265] Trial 2 finished with value: -0.023330029040704227 and parameters: {'confidence_threshold': 0.5849570384370288, 'training_days': 10, 'n_estimators': 212, 'max_depth': 3, 'num_leaves': 41, 'learning_rate': 0.18452095998378365, 'subsample': 0.6001060822924371, 'colsample_bytree': 0.5673167293506167, 'min_child_samples': 37, 'reg_alpha': 5.733250064217131, 'reg_lambda': 0.5308454292595461}. Best is trial 1 with value: 0.03816312970115331.
[I 2026-06-01 11:09:12,350] Trial 3 finished with value: -0.025429935913224355 and parameters: {'confidence_threshold': 0.6868248626683718, 'training_days': 220, 'n_estimators': 134, 'max_depth': 3, 'num_leaves': 45, 'learning_rate': 0.033529007907491595, 'subsample': 0.8647277071858408, 'colsample_bytree': 0.778494116634046, 'min_child_samples': 96, 'reg_alpha': 2.409409937265785e-07, 'reg_lambda': 1.1642073478060009}. Best is trial 1 with value: 0.03816312970115331.

    [trial 3] Sharpe=0.0204 (folds: -0.0593, -0.2382, 0.1396, 0.2893, -0.0292)
    [trial 4] 46 features, training_days=340 | threshold=0.591 | labels: 971 long, 1200 short (45/55%)
    [trial 4] Sharpe=0.0018 (folds: -0.3420, -0.1365, 0.1037, 0.3248, 0.0587)
    [trial 5] 46 features, training_days=50 | threshold=0.823 | labels: 971 long, 1200 short (45/55%)
    [trial 5] Sharpe=-0.1868 (folds: -0.4334, -0.7027, 0.0038, 0.2409, -0.0423)
    [trial 6] 46 features, training_days=410 | threshold=0.549 | labels: 971 long, 1200 short (45/55%)
    [trial 6] Sharpe=0.0204 (folds: -0.1492, -0.1545, -0.0036, 0.2700, 0.1392)
    [trial 7] 46 features, training_days=180 | threshold=0.526 | labels: 971 long, 1200 short (45/55%)
    [trial 7] Sharpe=0.0244 (folds: -0.1225, -0.1124, 0.1654, 0.2281, -0.0368)
    [trial 8] 46 features, training_days=240 | threshold=0.811 | labels: 971 long, 1200 short (45/55%)
    [trial 8] Sharpe=0.0739 (folds: -0.2140, -0.0560, 0.3260, 0.3468, -0.0332)
    [trial 9] 46 features, training_days=20 | threshold=0.538 | labels: 971 long, 1200 short (45/55%)
    [trial 9] Sharpe=-2.1111 (folds: -0.2257, 0.0470, -10.0000, -0.0707, -0.3063)
    [trial 10] 46 features, training_days=280 | threshold=0.734 | labels: 971 long, 1200 short (45/55%)
    [trial 10] Sharpe=0.0053 (folds: -0.0886, -0.1808, 0.1708, 0.1626, -0.0374)
    [trial 11] 46 features, training_days=170 | threshold=0.706 | labels: 971 long, 1200 short (45/55%)
    [trial 11] Sharpe=0.0003 (folds: -0.1427, -0.0699, 0.1562, 0.0857, -0.0276)
    [trial 12] 46 features, training_days=180 | threshold=0.768 | labels: 971 long, 1200 short (45/55%)
    [trial 12] Sharpe=0.0468 (folds: -0.0749, -0.0673, 0.2148, 0.1817, -0.0203)
    [trial 13] 46 features, training_days=110 | threshold=0.768 | labels: 971 long, 1200 short (45/55%)
    [trial 13] Sharpe=0.0879 (folds: 0.1879, -0.1077, 0.0635, 0.2778, 0.0181)
    [trial 14] 46 features, training_days=80 | threshold=0.787 | labels: 971 long, 1200 short (45/55%)
    [trial 14] Sharpe=0.0249 (folds: 0.0973, 0.0172, 0.0789, 0.0855, -0.1543)
    [trial 15] 46 features, training_days=110 | threshold=0.677 | labels: 971 long, 1200 short (45/55%)
    [trial 15] Sharpe=0.0696 (folds: 0.1709, -0.1441, 0.0439, 0.2176, 0.0595)
    [trial 16] 46 features, training_days=270 | threshold=0.767 | labels: 971 long, 1200 short (45/55%)
    [trial 16] Sharpe=0.0145 (folds: -0.0603, -0.1696, 0.1449, 0.1767, -0.0192)
    [trial 17] 46 features, training_days=130 | threshold=0.726 | labels: 971 long, 1200 short (45/55%)
    [trial 17] Sharpe=-0.0096 (folds: -0.1864, -0.3501, 0.1583, 0.2079, 0.1224)
  Optuna: 18 trials, best Sharpe = 0.0879
  Best params: n_estimators=209, max_depth=4, lr=0.1827, leaves=33
  Best confidence_threshold: 0.768
  Best training_days: 110
  Retrained on full data (330 samples, 46 features)
  [ensemble 2/3] seed=123
    [trial 0] 46 features, training_days=150 | threshold=0.744 | labels: 971 long, 1200 short (45/55%)
    [CV fold 0] train_end=2024-05-25 08:00 | val_start=2024-06-02 00:00 | gap=184h (22 rows)
    [CV fold 1] train_end=2024-09-22 16:00 | val_start=2024-09-30 08:00 | gap=184h (22 rows)
    [CV fold 2] train_end=2025-01-21 00:00 | val_start=2025-01-28 16:00 | gap=184h (22 rows)
    [CV fold 3] train_end=2025-05-21 08:00 | val_start=2025-05-29 00:00 | gap=184h (22 rows)
    [CV fold 4] train_end=2025-09-18 16:00 | val_start=2025-09-26 08:00 | gap=184h (22 rows)
    [trial 0] Sharpe=0.0269 (folds: -0.1348, -0.2244, 0.2229, 0.1657, 0.1053)
    [trial 1] 46 features, training_days=220 | threshold=0.755 | labels: 971 long, 1200 short (45/55%)
    [trial 1] Sharpe=-7.9515 (folds: -10.0000, -10.0000, -10.0000, -10.0000, 0.2423)
    [trial 2] 46 features, training_days=310 | threshold=0.754 | labels: 971 long, 1200 short (45/55%)
    [trial 2] Sharpe=0.0218 (folds: -0.1095, -0.1900, -0.0146, 0.3797, 0.0437)
    [trial 3] 46 features, training_days=220 | threshold=0.673 | labels: 971 long, 1200 short (45/55%)
    [trial 3] Sharpe=0.0512 (folds: -0.0664, -0.0696, 0.1497, 0.2197, 0.0225)
    [trial 4] 46 features, training_days=130 | threshold=0.803 | labels: 971 long, 1200 short (45/55%)
    [trial 4] Sharpe=0.0492 (folds: -0.0657, -0.1632, 0.1931, 0.2087, 0.0730)
    [trial 5] 46 features, training_days=210 | threshold=0.606 | labels: 971 long, 1200 short (45/55%)
    [trial 5] Sharpe=0.0415 (folds: -0.0349, -0.1054, 0.1415, 0.2432, -0.0371)
    [trial 6] 46 features, training_days=130 | threshold=0.767 | labels: 971 long, 1200 short (45/55%)
    [trial 6] Sharpe=0.0061 (folds: -0.0816, -0.1548, 0.1282, 0.2166, -0.0778)
    [trial 7] 46 features, training_days=80 | threshold=0.556 | labels: 971 long, 1200 short (45/55%)
    [trial 7] Sharpe=0.0041 (folds: 0.0257, 0.0242, -0.0096, 0.0278, -0.0475)
    [trial 8] 46 features, training_days=200 | threshold=0.607 | labels: 971 long, 1200 short (45/55%)
    [trial 8] Sharpe=0.0216 (folds: -0.1137, 0.0479, 0.1247, 0.1805, -0.1315)
    [trial 9] 46 features, training_days=260 | threshold=0.620 | labels: 971 long, 1200 short (45/55%)
    [trial 9] Sharpe=-0.0041 (folds: -0.0968, -0.2035, 0.2143, 0.2207, -0.1553)
    [trial 10] 46 features, training_days=470 | threshold=0.676 | labels: 971 long, 1200 short (45/55%)
    [trial 10] Sharpe=0.0199 (folds: -0.0991, -0.2158, 0.0331, 0.2635, 0.1177)
    [trial 11] 46 features, training_days=20 | threshold=0.837 | labels: 971 long, 1200 short (45/55%)
    [trial 11] Sharpe=-8.0613 (folds: -10.0000, -10.0000, -10.0000, -10.0000, -0.3063)
    [trial 12] 46 features, training_days=350 | threshold=0.689 | labels: 971 long, 1200 short (45/55%)
    [trial 12] Sharpe=0.0322 (folds: -0.0512, -0.1732, 0.1257, 0.1929, 0.0667)
    [trial 13] 46 features, training_days=400 | threshold=0.832 | labels: 971 long, 1200 short (45/55%)
    [trial 13] Sharpe=0.0381 (folds: 0.0170, -0.2488, 0.1403, 0.2511, 0.0310)
    [trial 14] 46 features, training_days=70 | threshold=0.517 | labels: 971 long, 1200 short (45/55%)
    [trial 14] Sharpe=0.0240 (folds: 0.0811, 0.0456, 0.0488, 0.0314, -0.0870)
    [trial 15] 46 features, training_days=140 | threshold=0.705 | labels: 971 long, 1200 short (45/55%)
    [trial 15] Sharpe=0.0011 (folds: -0.1354, -0.3606, 0.1572, 0.2328, 0.1115)
    [trial 16] 46 features, training_days=270 | threshold=0.798 | labels: 971 long, 1200 short (45/55%)
    [trial 16] Sharpe=0.0233 (folds: -0.1938, -0.0899, 0.2038, 0.2484, -0.0523)
    [trial 17] 46 features, training_days=30 | threshold=0.645 | labels: 971 long, 1200 short (45/55%)
    [trial 17] Sharpe=-6.0519 (folds: -10.0000, 0.0470, -10.0000, -10.0000, -0.3063)
  Optuna: 18 trials, best Sharpe = 0.0512
  Best params: n_estimators=190, max_depth=4, lr=0.2481, leaves=58
  Best confidence_threshold: 0.673
  Best training_days: 220
  Retrained on full data (660 samples, 46 features)
  [ensemble 3/3] seed=456
    [trial 0] 46 features, training_days=90 | threshold=0.587 | labels: 971 long, 1200 short (45/55%)
    [CV fold 0] train_end=2024-05-25 08:00 | val_start=2024-06-02 00:00 | gap=184h (22 rows)
    [CV fold 1] train_end=2024-09-22 16:00 | val_start=2024-09-30 08:00 | gap=184h (22 rows)
    [CV fold 2] train_end=2025-01-21 00:00 | val_start=2025-01-28 16:00 | gap=184h (22 rows)
    [CV fold 3] train_end=2025-05-21 08:00 | val_start=2025-05-29 00:00 | gap=184h (22 rows)
    [CV fold 4] train_end=2025-09-18 16:00 | val_start=2025-09-26 08:00 | gap=184h (22 rows)
    [trial 0] Sharpe=0.0001 (folds: 0.0097, -0.1408, -0.0232, 0.2513, -0.0966)
    [trial 1] 46 features, training_days=290 | threshold=0.635 | labels: 971 long, 1200 short (45/55%)
    [trial 1] Sharpe=0.0382 (folds: -0.1235, -0.1143, 0.1630, 0.2296, 0.0361)
    [trial 2] 46 features, training_days=10 | threshold=0.585 | labels: 971 long, 1200 short (45/55%)
    [trial 2] Sharpe=-0.0233 (folds: 0.2281, 0.0188, 0.0135, -0.0707, -0.3063)
    [trial 3] 46 features, training_days=220 | threshold=0.687 | labels: 971 long, 1200 short (45/55%)
    [trial 3] Sharpe=-0.0254 (folds: -0.3995, -0.2366, 0.1632, 0.4350, -0.0893)
    [trial 4] 46 features, training_days=300 | threshold=0.562 | labels: 971 long, 1200 short (45/55%)
    [trial 4] Sharpe=-0.0190 (folds: -0.0723, -0.2152, 0.0718, 0.1865, -0.0661)[I 2026-06-01 11:09:12,441] Trial 4 finished with value: -0.01904174168158807 and parameters: {'confidence_threshold': 0.5623121348350352, 'training_days': 300, 'n_estimators': 69, 'max_depth': 4, 'num_leaves': 32, 'learning_rate': 0.14967629360700346, 'subsample': 0.5054535233636654, 'colsample_bytree': 0.7401385194659216, 'min_child_samples': 27, 'reg_alpha': 1.4212042567426725e-07, 'reg_lambda': 0.23605753701352003}. Best is trial 1 with value: 0.03816312970115331.
[I 2026-06-01 11:09:12,853] Trial 5 finished with value: 0.022812596205924383 and parameters: {'confidence_threshold': 0.7111850244908446, 'training_days': 490, 'n_estimators': 362, 'max_depth': 5, 'num_leaves': 40, 'learning_rate': 0.05960785724162737, 'subsample': 0.5589714368907717, 'colsample_bytree': 0.6659006943232806, 'min_child_samples': 42, 'reg_alpha': 0.6741360303045295, 'reg_lambda': 6.054601607143087e-08}. Best is trial 1 with value: 0.03816312970115331.
[I 2026-06-01 11:09:13,034] Trial 6 finished with value: 0.06206188208062833 and parameters: {'confidence_threshold': 0.667482545748023, 'training_days': 420, 'n_estimators': 279, 'max_depth': 3, 'num_leaves': 45, 'learning_rate': 0.040099592560849204, 'subsample': 0.8563114696415159, 'colsample_bytree': 0.5442917781944105, 'min_child_samples': 50, 'reg_alpha': 1.6407916423707903e-08, 'reg_lambda': 2.935907642973286e-05}. Best is trial 6 with value: 0.06206188208062833.
[I 2026-06-01 11:09:13,193] Trial 7 finished with value: 0.05460741541832252 and parameters: {'confidence_threshold': 0.5497381024139926, 'training_days': 120, 'n_estimators': 408, 'max_depth': 5, 'num_leaves': 38, 'learning_rate': 0.28049122657745795, 'subsample': 0.8806573338635493, 'colsample_bytree': 0.5454054113547102, 'min_child_samples': 63, 'reg_alpha': 0.01263008637940408, 'reg_lambda': 0.04588020805366937}. Best is trial 6 with value: 0.06206188208062833.
[I 2026-06-01 11:09:13,455] Trial 8 finished with value: 0.010522709787577921 and parameters: {'confidence_threshold': 0.719644804808716, 'training_days': 450, 'n_estimators': 410, 'max_depth': 4, 'num_leaves': 57, 'learning_rate': 0.04022026551478857, 'subsample': 0.5336085426932707, 'colsample_bytree': 0.5705742850577543, 'min_child_samples': 100, 'reg_alpha': 5.916398047912201e-07, 'reg_lambda': 0.9794034214488329}. Best is trial 6 with value: 0.06206188208062833.
[I 2026-06-01 11:09:13,478] Trial 9 finished with value: -6.075403222852737 and parameters: {'confidence_threshold': 0.7267463643917187, 'training_days': 20, 'n_estimators': 337, 'max_depth': 5, 'num_leaves': 23, 'learning_rate': 0.022153031811454605, 'subsample': 0.6305627572358737, 'colsample_bytree': 0.6613413774216214, 'min_child_samples': 81, 'reg_alpha': 5.7638634029410314e-08, 'reg_lambda': 8.26603016764008}. Best is trial 6 with value: 0.06206188208062833.
[I 2026-06-01 11:09:13,673] Trial 10 finished with value: -6.0459413084756095 and parameters: {'confidence_threshold': 0.8283920119574972, 'training_days': 400, 'n_estimators': 240, 'max_depth': 3, 'num_leaves': 62, 'learning_rate': 0.011921022686883517, 'subsample': 0.7130289643560688, 'colsample_bytree': 0.9944479338273263, 'min_child_samples': 54, 'reg_alpha': 6.837313901272251e-05, 'reg_lambda': 2.741063772648371e-05}. Best is trial 6 with value: 0.06206188208062833.
[I 2026-06-01 11:09:13,894] Trial 11 finished with value: 0.023147540991434356 and parameters: {'confidence_threshold': 0.5379676273538253, 'training_days': 170, 'n_estimators': 478, 'max_depth': 4, 'num_leaves': 54, 'learning_rate': 0.23812253955588647, 'subsample': 0.986770314616891, 'colsample_bytree': 0.5017024210185925, 'min_child_samples': 61, 'reg_alpha': 0.022994587022611257, 'reg_lambda': 0.00647465266809438}. Best is trial 6 with value: 0.06206188208062833.
[I 2026-06-01 11:09:14,116] Trial 12 finished with value: 0.00958403909992794 and parameters: {'confidence_threshold': 0.5145853631584999, 'training_days': 360, 'n_estimators': 286, 'max_depth': 4, 'num_leaves': 29, 'learning_rate': 0.11734972811537304, 'subsample': 0.8461199852159198, 'colsample_bytree': 0.5159885704391729, 'min_child_samples': 56, 'reg_alpha': 0.0006430918293963635, 'reg_lambda': 0.0022105109201275095}. Best is trial 6 with value: 0.06206188208062833.
[I 2026-06-01 11:09:14,310] Trial 13 finished with value: -0.02819195023801402 and parameters: {'confidence_threshold': 0.8006461722941554, 'training_days': 140, 'n_estimators': 493, 'max_depth': 3, 'num_leaves': 15, 'learning_rate': 0.023468126747120118, 'subsample': 0.7683931704000064, 'colsample_bytree': 0.633238312765511, 'min_child_samples': 69, 'reg_alpha': 0.00017470786404015872, 'reg_lambda': 5.202782339940452e-06}. Best is trial 6 with value: 0.06206188208062833.
[I 2026-06-01 11:09:14,526] Trial 14 finished with value: 0.03650449778239272 and parameters: {'confidence_threshold': 0.6385959084278181, 'training_days': 210, 'n_estimators': 289, 'max_depth': 4, 'num_leaves': 50, 'learning_rate': 0.26984868555798164, 'subsample': 0.9117435279225342, 'colsample_bytree': 0.5981279310555323, 'min_child_samples': 48, 'reg_alpha': 0.012452406698903937, 'reg_lambda': 0.007334812922339815}. Best is trial 6 with value: 0.06206188208062833.
[I 2026-06-01 11:09:14,659] Trial 15 finished with value: 0.010436078315511601 and parameters: {'confidence_threshold': 0.7594279795954488, 'training_days': 370, 'n_estimators': 191, 'max_depth': 3, 'num_leaves': 33, 'learning_rate': 0.10748337522901448, 'subsample': 0.7479979733595262, 'colsample_bytree': 0.72824852429143, 'min_child_samples': 65, 'reg_alpha': 9.353316358609245e-06, 'reg_lambda': 2.582339790441249e-06}. Best is trial 6 with value: 0.06206188208062833.
[I 2026-06-01 11:09:14,871] Trial 16 finished with value: 0.02556904422344276 and parameters: {'confidence_threshold': 0.625663716439604, 'training_days': 70, 'n_estimators': 433, 'max_depth': 5, 'num_leaves': 48, 'learning_rate': 0.010270452111827814, 'subsample': 0.9121292772652906, 'colsample_bytree': 0.5427310586741804, 'min_child_samples': 20, 'reg_alpha': 0.01494285378413532, 'reg_lambda': 0.000855876310048679}. Best is trial 6 with value: 0.06206188208062833.
[I 2026-06-01 11:09:15,150] Trial 17 finished with value: 0.0402967608593976 and parameters: {'confidence_threshold': 0.5003494661379885, 'training_days': 310, 'n_estimators': 362, 'max_depth': 4, 'num_leaves': 25, 'learning_rate': 0.04554985186757644, 'subsample': 0.8002407697944357, 'colsample_bytree': 0.6191702144036779, 'min_child_samples': 47, 'reg_alpha': 4.8427701594628056e-06, 'reg_lambda': 0.04777002235935246}. Best is trial 6 with value: 0.06206188208062833.
[I 2026-06-01 11:09:15,925] A new study created in memory with name: no-name-8ccc0095-9c9c-4ad5-9cd6-05b896d061ee
[I 2026-06-01 11:09:16,233] Trial 0 finished with value: 0.038911501798307394 and parameters: {'confidence_threshold': 0.6310890415965769, 'training_days': 480, 'n_estimators': 380, 'max_depth': 4, 'num_leaves': 22, 'learning_rate': 0.01699897838270077, 'subsample': 0.5290418060840998, 'colsample_bytree': 0.9330880728874675, 'min_child_samples': 68, 'reg_alpha': 0.023585940584142682, 'reg_lambda': 1.5320059381854043e-08}. Best is trial 0 with value: 0.038911501798307394.
[I 2026-06-01 11:09:16,340] Trial 1 finished with value: -3.9413827956160175 and parameters: {'confidence_threshold': 0.839468448256698, 'training_days': 420, 'n_estimators': 145, 'max_depth': 3, 'num_leaves': 23, 'learning_rate': 0.028145092716060652, 'subsample': 0.762378215816119, 'colsample_bytree': 0.7159725093210578, 'min_child_samples': 43, 'reg_alpha': 0.0032112643094417484, 'reg_lambda': 1.8007140198129195e-07}. Best is trial 0 with value: 0.038911501798307394.
[I 2026-06-01 11:09:16,486] Trial 2 finished with value: 0.023387558472015582 and parameters: {'confidence_threshold': 0.6022506269873263, 'training_days': 190, 'n_estimators': 255, 'max_depth': 5, 'num_leaves': 24, 'learning_rate': 0.05748924681991978, 'subsample': 0.7962072844310213, 'colsample_bytree': 0.5232252063599989, 'min_child_samples': 69, 'reg_alpha': 3.425445902633376e-07, 'reg_lambda': 3.850031979199519e-08}. Best is trial 0 with value: 0.038911501798307394.
[I 2026-06-01 11:09:16,747] Trial 3 finished with value: 0.024967443783864778 and parameters: {'confidence_threshold': 0.8321099380386666, 'training_days': 490, 'n_estimators': 414, 'max_depth': 3, 'num_leaves': 19, 'learning_rate': 0.1024932221692416, 'subsample': 0.7200762468698007, 'colsample_bytree': 0.5610191174223894, 'min_child_samples': 60, 'reg_alpha': 2.039373116525212e-08, 'reg_lambda': 1.527156759251193}. Best is trial 0 with value: 0.038911501798307394.
