[I 2026-06-01 11:08:15,842] Trial 15 finished with value: -0.011131756167117073 and parameters: {'confidence_threshold': 0.5026055290809989, 'training_days': 450, 'n_estimators': 272, 'max_depth': 4, 'num_leaves': 24, 'learning_rate': 0.019916015100648724, 'subsample': 0.6013493781441888, 'colsample_bytree': 0.7080761287933109, 'min_child_samples': 100, 'reg_alpha': 0.012726486074698326, 'reg_lambda': 0.06056461736615089}. Best is trial 2 with value: 0.052768749800740554.
[I 2026-06-01 11:08:16,142] Trial 16 finished with value: 0.012310604816265214 and parameters: {'confidence_threshold': 0.6974122772435224, 'training_days': 500, 'n_estimators': 434, 'max_depth': 3, 'num_leaves': 36, 'learning_rate': 0.028822322104524706, 'subsample': 0.715578513384695, 'colsample_bytree': 0.7350551344682521, 'min_child_samples': 49, 'reg_alpha': 1.6323832176782968e-06, 'reg_lambda': 4.4628393907980463e-07}. Best is trial 2 with value: 0.052768749800740554.
[I 2026-06-01 11:08:16,344] Trial 17 finished with value: -0.0023843545937674627 and parameters: {'confidence_threshold': 0.5617278450091161, 'training_days': 310, 'n_estimators': 312, 'max_depth': 3, 'num_leaves': 15, 'learning_rate': 0.014997069552959845, 'subsample': 0.6484427454891487, 'colsample_bytree': 0.9045271565698018, 'min_child_samples': 88, 'reg_alpha': 7.284070645541434, 'reg_lambda': 0.00029433365007660304}. Best is trial 2 with value: 0.052768749800740554.
[I 2026-06-01 11:08:16,802] A new study created in memory with name: no-name-7185ac52-db61-46f1-aa78-f559ecbadc2c
[I 2026-06-01 11:08:17,007] Trial 0 finished with value: 0.02184873811856729 and parameters: {'confidence_threshold': 0.5870645682749857, 'training_days': 90, 'n_estimators': 403, 'max_depth': 5, 'num_leaves': 45, 'learning_rate': 0.0780457193679974, 'subsample': 0.9428509515574568, 'colsample_bytree': 0.8795587339164916, 'min_child_samples': 34, 'reg_alpha': 2.2465901234314442e-07, 'reg_lambda': 8.339007036475363e-05}. Best is trial 0 with value: 0.02184873811856729.
[I 2026-06-01 11:08:17,115] Trial 1 finished with value: -0.038159992230282755 and parameters: {'confidence_threshold': 0.6348453934275313, 'training_days': 290, 'n_estimators': 115, 'max_depth': 5, 'num_leaves': 37, 'learning_rate': 0.06949568759029946, 'subsample': 0.8228505074024268, 'colsample_bytree': 0.8616703220431751, 'min_child_samples': 75, 'reg_alpha': 4.2486822725010923e-07, 'reg_lambda': 1.157247767047042e-07}. Best is trial 0 with value: 0.02184873811856729.
[I 2026-06-01 11:08:17,133] Trial 2 finished with value: 0.04161601634506817 and parameters: {'confidence_threshold': 0.5849570384370288, 'training_days': 10, 'n_estimators': 212, 'max_depth': 3, 'num_leaves': 41, 'learning_rate': 0.18452095998378365, 'subsample': 0.6001060822924371, 'colsample_bytree': 0.5673167293506167, 'min_child_samples': 37, 'reg_alpha': 5.733250064217131, 'reg_lambda': 0.5308454292595461}. Best is trial 2 with value: 0.04161601634506817.
[I 2026-06-01 11:08:17,210] Trial 3 finished with value: -0.07112135246781456 and parameters: {'confidence_threshold': 0.6868248626683718, 'training_days': 220, 'n_estimators': 134, 'max_depth': 3, 'num_leaves': 45, 'learning_rate': 0.033529007907491595, 'subsample': 0.8647277071858408, 'colsample_bytree': 0.778494116634046, 'min_child_samples': 96, 'reg_alpha': 2.409409937265785e-07, 'reg_lambda': 1.1642073478060009}. Best is trial 2 with value: 0.04161601634506817.
[I 2026-06-01 11:08:17,295] Trial 4 finished with value: -0.03253882601378545 and parameters: {'confidence_threshold': 0.5623121348350352, 'training_days': 300, 'n_estimators': 69, 'max_depth': 4, 'num_leaves': 32, 'learning_rate': 0.14967629360700346, 'subsample': 0.5054535233636654, 'colsample_bytree': 0.7401385194659216, 'min_child_samples': 27, 'reg_alpha': 1.4212042567426725e-07, 'reg_lambda': 0.23605753701352003}. Best is trial 2 with value: 0.04161601634506817.
[I 2026-06-01 11:08:17,726] Trial 5 finished with value: -0.013662840714113125 and parameters: {'confidence_threshold': 0.7111850244908446, 'training_days': 490, 'n_estimators': 362, 'max_depth': 5, 'num_leaves': 40, 'learning_rate': 0.05960785724162737, 'subsample': 0.5589714368907717, 'colsample_bytree': 0.6659006943232806, 'min_child_samples': 42, 'reg_alpha': 0.6741360303045295, 'reg_lambda': 6.054601607143087e-08}. Best is trial 2 with value: 0.04161601634506817.
[I 2026-06-01 11:08:17,912] Trial 6 finished with value: 0.004727298194279739 and parameters: {'confidence_threshold': 0.667482545748023, 'training_days': 420, 'n_estimators': 279, 'max_depth': 3, 'num_leaves': 45, 'learning_rate': 0.040099592560849204, 'subsample': 0.8563114696415159, 'colsample_bytree': 0.5442917781944105, 'min_child_samples': 50, 'reg_alpha': 1.6407916423707903e-08, 'reg_lambda': 2.935907642973286e-05}. Best is trial 2 with value: 0.04161601634506817.

    [trial 6] Sharpe=-0.0130 (folds: -0.1191, -0.3451, 0.2773, 0.0057, 0.1162)
    [trial 7] 46 features, training_days=180 | threshold=0.526 | labels: 1034 long, 1137 short (48/52%)
    [trial 7] Sharpe=-0.1103 (folds: -0.1261, -0.1625, -0.1712, -0.0595, -0.0324)
    [trial 8] 46 features, training_days=240 | threshold=0.811 | labels: 1034 long, 1137 short (48/52%)
    [trial 8] Sharpe=-0.0799 (folds: 0.0553, -0.1616, -0.3418, -0.0228, 0.0712)
    [trial 9] 46 features, training_days=20 | threshold=0.538 | labels: 1034 long, 1137 short (48/52%)
    [trial 9] Sharpe=0.0377 (folds: -0.0688, 0.2510, 0.1384, -0.0144, -0.1177)
    [trial 10] 46 features, training_days=10 | threshold=0.745 | labels: 1034 long, 1137 short (48/52%)
    [trial 10] Sharpe=0.0416 (folds: -0.0688, 0.2510, -0.0090, -0.0144, 0.0492)
    [trial 11] 46 features, training_days=20 | threshold=0.716 | labels: 1034 long, 1137 short (48/52%)
    [trial 11] Sharpe=-4.0402 (folds: -0.0688, -10.0000, -10.0000, -0.0144, -0.1177)
    [trial 12] 46 features, training_days=90 | threshold=0.730 | labels: 1034 long, 1137 short (48/52%)
    [trial 12] Sharpe=0.0015 (folds: -0.1146, -0.1386, 0.1217, 0.0205, 0.1183)
    [trial 13] 46 features, training_days=110 | threshold=0.740 | labels: 1034 long, 1137 short (48/52%)
    [trial 13] Sharpe=0.0081 (folds: -0.0048, -0.1188, -0.0213, 0.1501, 0.0351)
    [trial 14] 46 features, training_days=10 | threshold=0.673 | labels: 1034 long, 1137 short (48/52%)
    [trial 14] Sharpe=0.0416 (folds: -0.0688, 0.2510, -0.0090, -0.0144, 0.0492)
    [trial 15] 46 features, training_days=130 | threshold=0.677 | labels: 1034 long, 1137 short (48/52%)
    [trial 15] Sharpe=-0.0527 (folds: -0.0691, -0.1073, -0.2386, 0.0782, 0.0732)
    [trial 16] 46 features, training_days=270 | threshold=0.767 | labels: 1034 long, 1137 short (48/52%)
    [trial 16] Sharpe=-0.0141 (folds: -0.0695, -0.1855, -0.0705, 0.1566, 0.0983)
    [trial 17] 46 features, training_days=70 | threshold=0.676 | labels: 1034 long, 1137 short (48/52%)
    [trial 17] Sharpe=0.1085 (folds: -0.0736, 0.2477, 0.1917, 0.0870, 0.0899)
  Optuna: 18 trials, best Sharpe = 0.1085
  Best params: n_estimators=287, max_depth=3, lr=0.0104, leaves=47
  Best confidence_threshold: 0.676
  Best training_days: 70
  Retrained on full data (210 samples, 46 features)
  [ensemble 2/3] seed=123
    [trial 0] 46 features, training_days=150 | threshold=0.744 | labels: 1034 long, 1137 short (48/52%)
    [CV fold 0] train_end=2023-12-24 08:00 | val_start=2024-01-01 00:00 | gap=184h (22 rows)
    [CV fold 1] train_end=2024-04-22 16:00 | val_start=2024-04-30 08:00 | gap=184h (22 rows)
    [CV fold 2] train_end=2024-08-21 00:00 | val_start=2024-08-28 16:00 | gap=184h (22 rows)
    [CV fold 3] train_end=2024-12-19 08:00 | val_start=2024-12-27 00:00 | gap=184h (22 rows)
    [CV fold 4] train_end=2025-04-18 16:00 | val_start=2025-04-26 08:00 | gap=184h (22 rows)
    [trial 0] Sharpe=-0.0784 (folds: 0.0063, -0.3853, -0.0671, 0.0466, 0.0074)
    [trial 1] 46 features, training_days=220 | threshold=0.755 | labels: 1034 long, 1137 short (48/52%)
    [trial 1] Sharpe=-1.7541 (folds: 0.1894, -0.5268, -10.0000, 0.3158, 1.2510)
    [trial 2] 46 features, training_days=310 | threshold=0.754 | labels: 1034 long, 1137 short (48/52%)
    [trial 2] Sharpe=0.0528 (folds: -0.0685, -0.2025, -0.0471, 0.2393, 0.3427)
    [trial 3] 46 features, training_days=220 | threshold=0.673 | labels: 1034 long, 1137 short (48/52%)
    [trial 3] Sharpe=-0.0395 (folds: -0.0013, -0.2367, -0.1458, 0.1070, 0.0791)
    [trial 4] 46 features, training_days=130 | threshold=0.803 | labels: 1034 long, 1137 short (48/52%)
    [trial 4] Sharpe=-0.0709 (folds: -0.0824, -0.1873, -0.2190, 0.0545, 0.0795)
    [trial 5] 46 features, training_days=210 | threshold=0.606 | labels: 1034 long, 1137 short (48/52%)
    [trial 5] Sharpe=-0.0765 (folds: -0.0936, -0.2152, -0.1234, 0.0076, 0.0418)
    [trial 6] 46 features, training_days=130 | threshold=0.767 | labels: 1034 long, 1137 short (48/52%)
    [trial 6] Sharpe=-0.0652 (folds: -0.0535, -0.1243, -0.2627, 0.0179, 0.0969)
    [trial 7] 46 features, training_days=80 | threshold=0.556 | labels: 1034 long, 1137 short (48/52%)
    [trial 7] Sharpe=0.0202 (folds: -0.0811, 0.0790, -0.0959, 0.0851, 0.1137)
    [trial 8] 46 features, training_days=200 | threshold=0.607 | labels: 1034 long, 1137 short (48/52%)
    [trial 8] Sharpe=-0.1282 (folds: -0.1067, -0.2224, -0.2676, -0.0006, -0.0437)
    [trial 9] 46 features, training_days=260 | threshold=0.620 | labels: 1034 long, 1137 short (48/52%)
    [trial 9] Sharpe=-0.0552 (folds: -0.0415, -0.2854, -0.2086, 0.1215, 0.1379)
    [trial 10] 46 features, training_days=420 | threshold=0.845 | labels: 1034 long, 1137 short (48/52%)
    [trial 10] Sharpe=-3.9972 (folds: 0.0676, -0.2159, 0.1622, -10.0000, -10.0000)
    [trial 11] 46 features, training_days=10 | threshold=0.508 | labels: 1034 long, 1137 short (48/52%)
    [trial 11] Sharpe=0.0416 (folds: -0.0688, 0.2510, -0.0090, -0.0144, 0.0492)
    [trial 12] 46 features, training_days=350 | threshold=0.516 | labels: 1034 long, 1137 short (48/52%)
    [trial 12] Sharpe=-0.0519 (folds: -0.0200, -0.2537, -0.0684, 0.0356, 0.0469)
    [trial 13] 46 features, training_days=10 | threshold=0.678 | labels: 1034 long, 1137 short (48/52%)
    [trial 13] Sharpe=0.0416 (folds: -0.0688, 0.2510, -0.0090, -0.0144, 0.0492)
    [trial 14] 46 features, training_days=320 | threshold=0.697 | labels: 1034 long, 1137 short (48/52%)
    [trial 14] Sharpe=-0.0013 (folds: -0.0593, -0.1981, -0.1001, 0.0966, 0.2544)
    [trial 15] 46 features, training_days=450 | threshold=0.503 | labels: 1034 long, 1137 short (48/52%)
    [trial 15] Sharpe=-0.0111 (folds: -0.0521, -0.2718, 0.0376, 0.1030, 0.1277)
    [trial 16] 46 features, training_days=500 | threshold=0.697 | labels: 1034 long, 1137 short (48/52%)
    [trial 16] Sharpe=0.0123 (folds: -0.0036, -0.2853, 0.0154, 0.1892, 0.1460)
    [trial 17] 46 features, training_days=310 | threshold=0.562 | labels: 1034 long, 1137 short (48/52%)
    [trial 17] Sharpe=-0.0024 (folds: -0.0343, -0.2484, -0.0751, 0.1381, 0.2078)
  Optuna: 18 trials, best Sharpe = 0.0528
  Best params: n_estimators=375, max_depth=3, lr=0.0217, leaves=32
  Best confidence_threshold: 0.754
  Best training_days: 310
  Retrained on full data (930 samples, 46 features)
  [ensemble 3/3] seed=456
    [trial 0] 46 features, training_days=90 | threshold=0.587 | labels: 1034 long, 1137 short (48/52%)
    [CV fold 0] train_end=2023-12-24 08:00 | val_start=2024-01-01 00:00 | gap=184h (22 rows)
    [CV fold 1] train_end=2024-04-22 16:00 | val_start=2024-04-30 08:00 | gap=184h (22 rows)
    [CV fold 2] train_end=2024-08-21 00:00 | val_start=2024-08-28 16:00 | gap=184h (22 rows)
    [CV fold 3] train_end=2024-12-19 08:00 | val_start=2024-12-27 00:00 | gap=184h (22 rows)
    [CV fold 4] train_end=2025-04-18 16:00 | val_start=2025-04-26 08:00 | gap=184h (22 rows)
    [trial 0] Sharpe=0.0218 (folds: -0.0403, -0.1092, 0.0974, 0.0607, 0.1007)
    [trial 1] 46 features, training_days=290 | threshold=0.635 | labels: 1034 long, 1137 short (48/52%)
    [trial 1] Sharpe=-0.0382 (folds: -0.0844, -0.2864, -0.1322, 0.1239, 0.1884)
    [trial 2] 46 features, training_days=10 | threshold=0.585 | labels: 1034 long, 1137 short (48/52%)
    [trial 2] Sharpe=0.0416 (folds: -0.0688, 0.2510, -0.0090, -0.0144, 0.0492)
    [trial 3] 46 features, training_days=220 | threshold=0.687 | labels: 1034 long, 1137 short (48/52%)
    [trial 3] Sharpe=-0.0711 (folds: -0.0120, -0.3171, -0.3306, 0.1228, 0.1813)
    [trial 4] 46 features, training_days=300 | threshold=0.562 | labels: 1034 long, 1137 short (48/52%)
    [trial 4] Sharpe=-0.0325 (folds: -0.0470, -0.2532, -0.1191, 0.0251, 0.2314)
    [trial 5] 46 features, training_days=490 | threshold=0.711 | labels: 1034 long, 1137 short (48/52%)
    [trial 5] Sharpe=-0.0137 (folds: -0.0929, -0.2520, 0.0854, 0.1803, 0.0108)
    [trial 6] 46 features, training_days=420 | threshold=0.667 | labels: 1034 long, 1137 short (48/52%)
    [trial 6] Sharpe=0.0047 (folds: -0.0452, -0.2702, 0.0100, 0.1370, 0.1920)
    [trial 7] 46 features, training_days=120 | threshold=0.550 | labels: 1034 long, 1137 short (48/52%)[I 2026-06-01 11:08:18,065] Trial 7 finished with value: -0.006652762089715282 and parameters: {'confidence_threshold': 0.5497381024139926, 'training_days': 120, 'n_estimators': 408, 'max_depth': 5, 'num_leaves': 38, 'learning_rate': 0.28049122657745795, 'subsample': 0.8806573338635493, 'colsample_bytree': 0.5454054113547102, 'min_child_samples': 63, 'reg_alpha': 0.01263008637940408, 'reg_lambda': 0.04588020805366937}. Best is trial 2 with value: 0.04161601634506817.
[I 2026-06-01 11:08:18,328] Trial 8 finished with value: 0.0019905140053447013 and parameters: {'confidence_threshold': 0.719644804808716, 'training_days': 450, 'n_estimators': 410, 'max_depth': 4, 'num_leaves': 57, 'learning_rate': 0.04022026551478857, 'subsample': 0.5336085426932707, 'colsample_bytree': 0.5705742850577543, 'min_child_samples': 100, 'reg_alpha': 5.916398047912201e-07, 'reg_lambda': 0.9794034214488329}. Best is trial 2 with value: 0.04161601634506817.
[I 2026-06-01 11:08:18,349] Trial 9 finished with value: -4.040159069732442 and parameters: {'confidence_threshold': 0.7267463643917187, 'training_days': 20, 'n_estimators': 337, 'max_depth': 5, 'num_leaves': 23, 'learning_rate': 0.022153031811454605, 'subsample': 0.6305627572358737, 'colsample_bytree': 0.6613413774216214, 'min_child_samples': 81, 'reg_alpha': 5.7638634029410314e-08, 'reg_lambda': 8.26603016764008}. Best is trial 2 with value: 0.04161601634506817.
[I 2026-06-01 11:08:18,375] Trial 10 finished with value: 0.04161601634506817 and parameters: {'confidence_threshold': 0.8398533911817929, 'training_days': 10, 'n_estimators': 228, 'max_depth': 3, 'num_leaves': 15, 'learning_rate': 0.2789359567293539, 'subsample': 0.6821883053833926, 'colsample_bytree': 0.9944479338273263, 'min_child_samples': 23, 'reg_alpha': 2.903134294418681, 'reg_lambda': 0.0032849428938367974}. Best is trial 2 with value: 0.04161601634506817.
[I 2026-06-01 11:08:18,400] Trial 11 finished with value: -1.9446302093002512 and parameters: {'confidence_threshold': 0.8491135887906174, 'training_days': 10, 'n_estimators': 209, 'max_depth': 3, 'num_leaves': 15, 'learning_rate': 0.27815973382833, 'subsample': 0.6879062534938418, 'colsample_bytree': 0.9628722124262472, 'min_child_samples': 20, 'reg_alpha': 9.461112950663296, 'reg_lambda': 0.004788595467491423}. Best is trial 2 with value: 0.04161601634506817.
[I 2026-06-01 11:08:18,552] Trial 12 finished with value: -0.07210918673586994 and parameters: {'confidence_threshold': 0.83900033179092, 'training_days': 140, 'n_estimators': 219, 'max_depth': 4, 'num_leaves': 57, 'learning_rate': 0.14143539714508013, 'subsample': 0.7066421539868052, 'colsample_bytree': 0.9826583982594713, 'min_child_samples': 38, 'reg_alpha': 0.02694721219722944, 'reg_lambda': 0.002586791714474608}. Best is trial 2 with value: 0.04161601634506817.
[I 2026-06-01 11:08:18,691] Trial 13 finished with value: -0.10688087494696827 and parameters: {'confidence_threshold': 0.5040535938350955, 'training_days': 200, 'n_estimators': 219, 'max_depth': 3, 'num_leaves': 27, 'learning_rate': 0.15892994284987041, 'subsample': 0.6231621855799615, 'colsample_bytree': 0.6451068859491428, 'min_child_samples': 54, 'reg_alpha': 0.0001325242033987599, 'reg_lambda': 5.312802003286294e-06}. Best is trial 2 with value: 0.04161601634506817.
[I 2026-06-01 11:08:18,782] Trial 14 finished with value: 0.0936195066046007 and parameters: {'confidence_threshold': 0.7723320301796328, 'training_days': 70, 'n_estimators': 500, 'max_depth': 3, 'num_leaves': 17, 'learning_rate': 0.10885680991659169, 'subsample': 0.7851487748866213, 'colsample_bytree': 0.7921009662363301, 'min_child_samples': 22, 'reg_alpha': 8.082904417668777, 'reg_lambda': 0.00974234545252979}. Best is trial 14 with value: 0.0936195066046007.
[I 2026-06-01 11:08:18,954] Trial 15 finished with value: 0.09030159951783046 and parameters: {'confidence_threshold': 0.7795247914563833, 'training_days': 70, 'n_estimators': 477, 'max_depth': 3, 'num_leaves': 51, 'learning_rate': 0.010259746591624793, 'subsample': 0.7976010715130187, 'colsample_bytree': 0.7730338712038373, 'min_child_samples': 34, 'reg_alpha': 0.13059613104316006, 'reg_lambda': 0.04196842294504633}. Best is trial 14 with value: 0.0936195066046007.
[I 2026-06-01 11:08:19,193] Trial 16 finished with value: 0.05002654946004803 and parameters: {'confidence_threshold': 0.7762561158474776, 'training_days': 90, 'n_estimators': 479, 'max_depth': 4, 'num_leaves': 51, 'learning_rate': 0.010462113874978585, 'subsample': 0.7687702335490367, 'colsample_bytree': 0.7940795901470423, 'min_child_samples': 28, 'reg_alpha': 0.10246019421929503, 'reg_lambda': 0.043955087608591424}. Best is trial 14 with value: 0.0936195066046007.
[I 2026-06-01 11:08:19,428] Trial 17 finished with value: -0.19100214556525857 and parameters: {'confidence_threshold': 0.7850980725708022, 'training_days': 180, 'n_estimators': 497, 'max_depth': 3, 'num_leaves': 62, 'learning_rate': 0.011414744904398142, 'subsample': 0.7709781159171948, 'colsample_bytree': 0.8542943254158555, 'min_child_samples': 48, 'reg_alpha': 0.0008059760040484764, 'reg_lambda': 0.00039965744314963514}. Best is trial 14 with value: 0.0936195066046007.
[I 2026-06-01 11:08:20,102] A new study created in memory with name: no-name-59a002cc-4923-4437-8c8a-1baf9d829e09
[I 2026-06-01 11:08:20,428] Trial 0 finished with value: 0.047543816963099124 and parameters: {'confidence_threshold': 0.6310890415965769, 'training_days': 480, 'n_estimators': 380, 'max_depth': 4, 'num_leaves': 22, 'learning_rate': 0.01699897838270077, 'subsample': 0.5290418060840998, 'colsample_bytree': 0.9330880728874675, 'min_child_samples': 68, 'reg_alpha': 0.023585940584142682, 'reg_lambda': 1.5320059381854043e-08}. Best is trial 0 with value: 0.047543816963099124.
[I 2026-06-01 11:08:20,543] Trial 1 finished with value: -6.00835072475426 and parameters: {'confidence_threshold': 0.839468448256698, 'training_days': 420, 'n_estimators': 145, 'max_depth': 3, 'num_leaves': 23, 'learning_rate': 0.028145092716060652, 'subsample': 0.762378215816119, 'colsample_bytree': 0.7159725093210578, 'min_child_samples': 43, 'reg_alpha': 0.0032112643094417484, 'reg_lambda': 1.8007140198129195e-07}. Best is trial 0 with value: 0.047543816963099124.
[I 2026-06-01 11:08:20,699] Trial 2 finished with value: 0.035433052438455126 and parameters: {'confidence_threshold': 0.6022506269873263, 'training_days': 190, 'n_estimators': 255, 'max_depth': 5, 'num_leaves': 24, 'learning_rate': 0.05748924681991978, 'subsample': 0.7962072844310213, 'colsample_bytree': 0.5232252063599989, 'min_child_samples': 69, 'reg_alpha': 3.425445902633376e-07, 'reg_lambda': 3.850031979199519e-08}. Best is trial 0 with value: 0.047543816963099124.
[I 2026-06-01 11:08:20,972] Trial 3 finished with value: 0.021482016306344377 and parameters: {'confidence_threshold': 0.8321099380386666, 'training_days': 490, 'n_estimators': 414, 'max_depth': 3, 'num_leaves': 19, 'learning_rate': 0.1024932221692416, 'subsample': 0.7200762468698007, 'colsample_bytree': 0.5610191174223894, 'min_child_samples': 60, 'reg_alpha': 2.039373116525212e-08, 'reg_lambda': 1.527156759251193}. Best is trial 0 with value: 0.047543816963099124.
