[I 2026-06-01 11:03:58,987] Trial 16 finished with value: 0.03249615951270175 and parameters: {'confidence_threshold': 0.630551521070038, 'training_days': 70, 'n_estimators': 277, 'max_depth': 4, 'num_leaves': 32, 'learning_rate': 0.1792083606862915, 'subsample': 0.7211198165216178, 'colsample_bytree': 0.5972211643648062, 'min_child_samples': 39, 'reg_alpha': 0.2551837840064005, 'reg_lambda': 6.236620352824504}. Best is trial 2 with value: 0.1000912612544784.
[I 2026-06-01 11:03:59,163] Trial 17 finished with value: -0.048345937898476736 and parameters: {'confidence_threshold': 0.7873735958410488, 'training_days': 330, 'n_estimators': 312, 'max_depth': 3, 'num_leaves': 18, 'learning_rate': 0.09551156172507741, 'subsample': 0.5970497485615751, 'colsample_bytree': 0.5069988522377655, 'min_child_samples': 68, 'reg_alpha': 7.806115967777124e-06, 'reg_lambda': 0.016422076883744235}. Best is trial 2 with value: 0.1000912612544784.

    [trial 6] Sharpe=0.0475 (folds: 0.2393, -0.0746, 0.0052, 0.0698, -0.0023)
    [trial 7] 46 features, training_days=80 | threshold=0.556 | labels: 929 long, 1239 short (43/57%)
    [trial 7] Sharpe=0.0170 (folds: 0.0632, -0.1130, 0.1452, -0.0636, 0.0530)
    [trial 8] 46 features, training_days=200 | threshold=0.607 | labels: 929 long, 1239 short (43/57%)
    [trial 8] Sharpe=-0.0121 (folds: 0.1474, -0.0220, -0.0217, 0.0323, -0.1965)
    [trial 9] 46 features, training_days=260 | threshold=0.620 | labels: 929 long, 1239 short (43/57%)
    [trial 9] Sharpe=-0.0770 (folds: 0.1208, -0.0827, -0.2455, -0.0523, -0.1252)
    [trial 10] 46 features, training_days=470 | threshold=0.845 | labels: 929 long, 1239 short (43/57%)
    [trial 10] Sharpe=-8.0286 (folds: -10.0000, -0.1431, -10.0000, -10.0000, -10.0000)
    [trial 11] 46 features, training_days=20 | threshold=0.837 | labels: 929 long, 1239 short (43/57%)
    [trial 11] Sharpe=-3.9317 (folds: 0.1579, -10.0000, 0.0445, 0.1392, -10.0000)
    [trial 12] 46 features, training_days=120 | threshold=0.798 | labels: 929 long, 1239 short (43/57%)
    [trial 12] Sharpe=0.0664 (folds: 0.2734, -0.0389, 0.0306, 0.1116, -0.0447)
    [trial 13] 46 features, training_days=10 | threshold=0.800 | labels: 929 long, 1239 short (43/57%)
    [trial 13] Sharpe=-3.9154 (folds: 0.1579, 0.1258, -10.0000, 0.1392, -10.0000)
    [trial 14] 46 features, training_days=340 | threshold=0.697 | labels: 929 long, 1239 short (43/57%)
    [trial 14] Sharpe=0.0205 (folds: 0.1501, -0.0859, -0.0396, 0.0918, -0.0140)
    [trial 15] 46 features, training_days=90 | threshold=0.699 | labels: 929 long, 1239 short (43/57%)
    [trial 15] Sharpe=0.0514 (folds: 0.0946, -0.0962, 0.1854, 0.0648, 0.0084)
    [trial 16] 46 features, training_days=140 | threshold=0.807 | labels: 929 long, 1239 short (43/57%)
    [trial 16] Sharpe=0.1110 (folds: 0.2156, 0.0045, 0.1238, 0.0773, 0.1337)
    [trial 17] 46 features, training_days=70 | threshold=0.500 | labels: 929 long, 1239 short (43/57%)
    [trial 17] Sharpe=0.0276 (folds: 0.0740, 0.1258, 0.1064, -0.0490, -0.1194)
  Optuna: 18 trials, best Sharpe = 0.1110
  Best params: n_estimators=298, max_depth=5, lr=0.0473, leaves=25
  Best confidence_threshold: 0.807
  Best training_days: 140
  Retrained on full data (420 samples, 46 features)
  [ensemble 3/3] seed=456
    [trial 0] 46 features, training_days=90 | threshold=0.587 | labels: 929 long, 1239 short (43/57%)
    [CV fold 0] train_end=2022-01-22 08:00 | val_start=2022-01-30 00:00 | gap=184h (22 rows)
    [CV fold 1] train_end=2022-05-22 16:00 | val_start=2022-05-30 08:00 | gap=184h (22 rows)
    [CV fold 2] train_end=2022-09-20 00:00 | val_start=2022-09-27 16:00 | gap=184h (22 rows)
    [CV fold 3] train_end=2023-01-18 08:00 | val_start=2023-01-26 00:00 | gap=184h (22 rows)
    [CV fold 4] train_end=2023-05-18 16:00 | val_start=2023-05-26 08:00 | gap=184h (22 rows)
    [trial 0] Sharpe=0.0395 (folds: 0.1205, -0.1530, 0.1350, 0.0743, 0.0205)
    [trial 1] 46 features, training_days=290 | threshold=0.635 | labels: 929 long, 1239 short (43/57%)
    [trial 1] Sharpe=-0.0951 (folds: 0.1006, -0.1363, -0.2591, -0.0038, -0.1770)
    [trial 2] 46 features, training_days=10 | threshold=0.585 | labels: 929 long, 1239 short (43/57%)
    [trial 2] Sharpe=0.1001 (folds: 0.1579, 0.1258, 0.0445, 0.1392, 0.0331)
    [trial 3] 46 features, training_days=220 | threshold=0.687 | labels: 929 long, 1239 short (43/57%)
    [trial 3] Sharpe=-0.1582 (folds: -0.0134, -0.3356, -0.3076, -0.0706, -0.0636)
    [trial 4] 46 features, training_days=300 | threshold=0.562 | labels: 929 long, 1239 short (43/57%)
    [trial 4] Sharpe=0.0149 (folds: 0.2159, -0.1767, 0.0819, 0.1031, -0.1498)
    [trial 5] 46 features, training_days=490 | threshold=0.711 | labels: 929 long, 1239 short (43/57%)
    [trial 5] Sharpe=0.0090 (folds: 0.1669, -0.1433, -0.0202, 0.1945, -0.1530)
    [trial 6] 46 features, training_days=420 | threshold=0.667 | labels: 929 long, 1239 short (43/57%)
    [trial 6] Sharpe=-0.0855 (folds: 0.1587, -0.1349, -0.2256, 0.1217, -0.3471)
    [trial 7] 46 features, training_days=120 | threshold=0.550 | labels: 929 long, 1239 short (43/57%)
    [trial 7] Sharpe=0.0739 (folds: 0.1774, -0.0954, 0.1167, 0.1507, 0.0200)
    [trial 8] 46 features, training_days=450 | threshold=0.720 | labels: 929 long, 1239 short (43/57%)
    [trial 8] Sharpe=0.0328 (folds: 0.0655, -0.0515, -0.2659, 0.2311, 0.1845)
    [trial 9] 46 features, training_days=20 | threshold=0.727 | labels: 929 long, 1239 short (43/57%)
    [trial 9] Sharpe=-1.9065 (folds: 0.1579, 0.1258, 0.0445, 0.1392, -10.0000)
    [trial 10] 46 features, training_days=10 | threshold=0.840 | labels: 929 long, 1239 short (43/57%)
    [trial 10] Sharpe=-3.9154 (folds: 0.1579, 0.1258, -10.0000, 0.1392, -10.0000)
    [trial 11] 46 features, training_days=130 | threshold=0.538 | labels: 929 long, 1239 short (43/57%)
    [trial 11] Sharpe=0.0672 (folds: 0.2125, -0.0244, 0.0994, 0.1157, -0.0675)
    [trial 12] 46 features, training_days=140 | threshold=0.513 | labels: 929 long, 1239 short (43/57%)
    [trial 12] Sharpe=0.0880 (folds: 0.2004, 0.0208, 0.1160, 0.1256, -0.0226)
    [trial 13] 46 features, training_days=200 | threshold=0.501 | labels: 929 long, 1239 short (43/57%)
    [trial 13] Sharpe=-0.0371 (folds: 0.1186, -0.0344, -0.0676, 0.0549, -0.2572)
    [trial 14] 46 features, training_days=70 | threshold=0.609 | labels: 929 long, 1239 short (43/57%)
    [trial 14] Sharpe=0.0189 (folds: 0.0455, 0.1263, 0.0323, -0.0287, -0.0812)
    [trial 15] 46 features, training_days=160 | threshold=0.504 | labels: 929 long, 1239 short (43/57%)
    [trial 15] Sharpe=0.0326 (folds: 0.1231, 0.0349, 0.0470, 0.1271, -0.1692)
    [trial 16] 46 features, training_days=70 | threshold=0.631 | labels: 929 long, 1239 short (43/57%)
    [trial 16] Sharpe=0.0325 (folds: 0.0395, 0.1089, 0.1375, 0.0127, -0.1361)
    [trial 17] 46 features, training_days=330 | threshold=0.787 | labels: 929 long, 1239 short (43/57%)
    [trial 17] Sharpe=-0.0483 (folds: 0.1573, -0.0466, -0.1332, 0.0284, -0.2476)
  Optuna: 18 trials, best Sharpe = 0.1001
  Best params: n_estimators=212, max_depth=3, lr=0.1845, leaves=41
  Best confidence_threshold: 0.585
  Best training_days: 10
  Retrained on full data (30 samples, 46 features)
  OOD: 16 features, cutoff (q=0.7) = 14.36
  Model trained for 2023-10: 93 test candles with features, confidence_threshold=0.643
[trade:close] 2023-10-01 15:59 DOTUSDT SHORT → stop_loss @ 4.17 | PnL=-2.37% (net -2.47%) | cum=+3.43% 2023-10=-2.47% 2023-10-01=-2.47%
[predict] 2023-10-02 08:00 DOTUSDT → SHORT (proba=0.82 TP=5.9%/SL=2.9%)
[trade:open] 2023-10-02 15:59 DOTUSDT SHORT @ 4.16 | SL=4.29 TP=3.92 | timeout=2023-10-09 15:59
[trade:close] 2023-10-09 15:59 DOTUSDT SHORT → take_profit @ 3.92 | PnL=+5.88% (net +5.78%) | cum=+9.21% 2023-10=+3.31% 2023-10-09=+5.78%
[predict] 2023-10-14 08:00 DOTUSDT → SHORT (proba=0.77 TP=6.1%/SL=3.1%)
[trade:open] 2023-10-14 15:59 DOTUSDT SHORT @ 3.75 | SL=3.87 TP=3.53 | timeout=2023-10-21 15:59
[trade:close] 2023-10-16 15:59 DOTUSDT SHORT → stop_loss @ 3.87 | PnL=-3.05% (net -3.15%) | cum=+6.06% 2023-10=+0.16% 2023-10-16=-3.15%
[predict] 2023-10-17 16:00 DOTUSDT → SHORT (proba=0.81 TP=7.0%/SL=3.5%)
[trade:open] 2023-10-17 23:59 DOTUSDT SHORT @ 3.67 | SL=3.80 TP=3.41 | timeout=2023-10-24 23:59
[trade:close] 2023-10-20 15:59 DOTUSDT SHORT → stop_loss @ 3.80 | PnL=-3.49% (net -3.59%) | cum=+2.47% 2023-10=-3.43% 2023-10-20=-3.59%
[predict] 2023-10-21 08:00 DOTUSDT → SHORT (proba=0.83 TP=7.0%/SL=3.5%)
[trade:open] 2023-10-21 15:59 DOTUSDT SHORT @ 3.86 | SL=4.00 TP=3.59 | timeout=2023-10-28 15:59
[trade:close] 2023-10-23 07:59 DOTUSDT SHORT → stop_loss @ 4.00 | PnL=-3.52% (net -3.62%) | cum=-1.15% 2023-10=-7.05% 2023-10-23=-3.62%
[lgbm] === Training for 2023-11 ===
  Train window: 2021-11-01 → 2023-10-24
  2168 training samples from 1 symbols
  Samples per month: 2021-11: 90, 2021-12: 93, 2022-01: 93, 2022-02: 84, 2022-03: 93, 2022-04: 90, 2022-05: 93, 2022-06: 90, 2022-07: 93, 2022-08: 93, 2022-09: 90, 2022-10: 93, 2022-11: 90, 2022-12: 93, 2023-01: 93, 2023-02: 84, 2023-03: 93, 2023-04: 90, 2023-05: 93, 2023-06: 90, 2023-07: 93, 2023-08: 93, 2023-09: 90, 2023-10: 71[I 2026-06-01 11:03:59,638] A new study created in memory with name: no-name-373e5f8b-4429-4193-8c1b-32c7caa03311
[I 2026-06-01 11:03:59,932] Trial 0 finished with value: -0.11612248521723186 and parameters: {'confidence_threshold': 0.6310890415965769, 'training_days': 480, 'n_estimators': 380, 'max_depth': 4, 'num_leaves': 22, 'learning_rate': 0.01699897838270077, 'subsample': 0.5290418060840998, 'colsample_bytree': 0.9330880728874675, 'min_child_samples': 68, 'reg_alpha': 0.023585940584142682, 'reg_lambda': 1.5320059381854043e-08}. Best is trial 0 with value: -0.11612248521723186.
[I 2026-06-01 11:04:00,055] Trial 1 finished with value: -5.957133793201182 and parameters: {'confidence_threshold': 0.839468448256698, 'training_days': 420, 'n_estimators': 145, 'max_depth': 3, 'num_leaves': 23, 'learning_rate': 0.028145092716060652, 'subsample': 0.762378215816119, 'colsample_bytree': 0.7159725093210578, 'min_child_samples': 43, 'reg_alpha': 0.0032112643094417484, 'reg_lambda': 1.8007140198129195e-07}. Best is trial 0 with value: -0.11612248521723186.
[I 2026-06-01 11:04:00,209] Trial 2 finished with value: -0.019848862075828 and parameters: {'confidence_threshold': 0.6022506269873263, 'training_days': 190, 'n_estimators': 255, 'max_depth': 5, 'num_leaves': 24, 'learning_rate': 0.05748924681991978, 'subsample': 0.7962072844310213, 'colsample_bytree': 0.5232252063599989, 'min_child_samples': 69, 'reg_alpha': 3.425445902633376e-07, 'reg_lambda': 3.850031979199519e-08}. Best is trial 2 with value: -0.019848862075828.
[I 2026-06-01 11:04:00,484] Trial 3 finished with value: -0.02715757230354906 and parameters: {'confidence_threshold': 0.8321099380386666, 'training_days': 490, 'n_estimators': 414, 'max_depth': 3, 'num_leaves': 19, 'learning_rate': 0.1024932221692416, 'subsample': 0.7200762468698007, 'colsample_bytree': 0.5610191174223894, 'min_child_samples': 60, 'reg_alpha': 2.039373116525212e-08, 'reg_lambda': 1.527156759251193}. Best is trial 2 with value: -0.019848862075828.
[I 2026-06-01 11:04:00,645] Trial 4 finished with value: -0.15177854297100085 and parameters: {'confidence_threshold': 0.5905729935600059, 'training_days': 340, 'n_estimators': 190, 'max_depth': 4, 'num_leaves': 41, 'learning_rate': 0.01875220945578641, 'subsample': 0.9847923138822793, 'colsample_bytree': 0.8875664116805573, 'min_child_samples': 96, 'reg_alpha': 1.1309571585271483, 'reg_lambda': 0.002404915432737351}. Best is trial 2 with value: -0.019848862075828.
[I 2026-06-01 11:04:00,685] Trial 5 finished with value: 0.0931189232565942 and parameters: {'confidence_threshold': 0.8226559822580909, 'training_days': 50, 'n_estimators': 138, 'max_depth': 3, 'num_leaves': 30, 'learning_rate': 0.03750796359625606, 'subsample': 0.6356745158869479, 'colsample_bytree': 0.9143687545759647, 'min_child_samples': 48, 'reg_alpha': 3.376063348877853e-06, 'reg_lambda': 0.0007660634613082914}. Best is trial 5 with value: 0.0931189232565942.
[I 2026-06-01 11:04:00,799] Trial 6 finished with value: -0.0879548775485712 and parameters: {'confidence_threshold': 0.5493234787411669, 'training_days': 410, 'n_estimators': 83, 'max_depth': 5, 'num_leaves': 52, 'learning_rate': 0.019657448966046126, 'subsample': 0.5027610585618012, 'colsample_bytree': 0.9077307142274171, 'min_child_samples': 77, 'reg_alpha': 0.03639690979811287, 'reg_lambda': 0.08738424135626986}. Best is trial 5 with value: 0.0931189232565942.
[I 2026-06-01 11:04:00,900] Trial 7 finished with value: -0.04553015739452519 and parameters: {'confidence_threshold': 0.5259156281069316, 'training_days': 180, 'n_estimators': 102, 'max_depth': 5, 'num_leaves': 45, 'learning_rate': 0.030816017044468066, 'subsample': 0.5317791751430119, 'colsample_bytree': 0.6554911608578311, 'min_child_samples': 46, 'reg_alpha': 0.036851536911881845, 'reg_lambda': 0.005470376807480391}. Best is trial 5 with value: 0.0931189232565942.
[I 2026-06-01 11:04:01,006] Trial 8 finished with value: -0.021192045725593394 and parameters: {'confidence_threshold': 0.8105244599017143, 'training_days': 240, 'n_estimators': 103, 'max_depth': 5, 'num_leaves': 52, 'learning_rate': 0.06746437142284309, 'subsample': 0.8854835899772805, 'colsample_bytree': 0.7468977981821954, 'min_child_samples': 62, 'reg_alpha': 7.04480806377519e-05, 'reg_lambda': 1.6934490731313353e-08}. Best is trial 5 with value: 0.0931189232565942.
[I 2026-06-01 11:04:01,032] Trial 9 finished with value: -2.014351729419139 and parameters: {'confidence_threshold': 0.5377619994476566, 'training_days': 20, 'n_estimators': 337, 'max_depth': 3, 'num_leaves': 39, 'learning_rate': 0.21907142272152816, 'subsample': 0.6246461145744375, 'colsample_bytree': 0.7051914615178149, 'min_child_samples': 81, 'reg_alpha': 1.1459970229341322e-06, 'reg_lambda': 4.929685216887945e-08}. Best is trial 5 with value: 0.0931189232565942.
[I 2026-06-01 11:04:01,066] Trial 10 finished with value: -1.9597682569403414 and parameters: {'confidence_threshold': 0.7318981109748116, 'training_days': 10, 'n_estimators': 487, 'max_depth': 4, 'num_leaves': 31, 'learning_rate': 0.14704103471568217, 'subsample': 0.628963476300746, 'colsample_bytree': 0.987470107623585, 'min_child_samples': 25, 'reg_alpha': 2.608784411827665e-05, 'reg_lambda': 3.3639426888455256e-06}. Best is trial 5 with value: 0.0931189232565942.
[I 2026-06-01 11:04:01,197] Trial 11 finished with value: -0.02507560567848669 and parameters: {'confidence_threshold': 0.7031315520633984, 'training_days': 120, 'n_estimators': 245, 'max_depth': 4, 'num_leaves': 30, 'learning_rate': 0.04928235056220389, 'subsample': 0.7958418179650298, 'colsample_bytree': 0.5038827132281698, 'min_child_samples': 49, 'reg_alpha': 1.9536858255923362e-07, 'reg_lambda': 3.526824099171197e-05}. Best is trial 5 with value: 0.0931189232565942.
[I 2026-06-01 11:04:01,354] Trial 12 finished with value: 0.028919228232793703 and parameters: {'confidence_threshold': 0.7674220338368787, 'training_days': 110, 'n_estimators': 242, 'max_depth': 5, 'num_leaves': 30, 'learning_rate': 0.05445057683691509, 'subsample': 0.6424283043115616, 'colsample_bytree': 0.8304278626461432, 'min_child_samples': 30, 'reg_alpha': 3.310691985108358e-06, 'reg_lambda': 3.5382603563116506e-05}. Best is trial 5 with value: 0.0931189232565942.
[I 2026-06-01 11:04:01,468] Trial 13 finished with value: 0.0209089110152366 and parameters: {'confidence_threshold': 0.7741659262972552, 'training_days': 100, 'n_estimators': 189, 'max_depth': 3, 'num_leaves': 62, 'learning_rate': 0.04342469449614958, 'subsample': 0.6433197814774015, 'colsample_bytree': 0.8155421717694826, 'min_child_samples': 22, 'reg_alpha': 9.007759578454498e-06, 'reg_lambda': 7.312063830814067e-05}. Best is trial 5 with value: 0.0931189232565942.
[I 2026-06-01 11:04:01,628] Trial 14 finished with value: 0.00898885571223868 and parameters: {'confidence_threshold': 0.7594036169129817, 'training_days': 90, 'n_estimators': 311, 'max_depth': 4, 'num_leaves': 33, 'learning_rate': 0.09395165460556847, 'subsample': 0.6913361790249838, 'colsample_bytree': 0.8125859382071857, 'min_child_samples': 33, 'reg_alpha': 0.000636367751091524, 'reg_lambda': 2.7176968224890946e-06}. Best is trial 5 with value: 0.0931189232565942.
[I 2026-06-01 11:04:01,689] Trial 15 finished with value: 0.05382364001679807 and parameters: {'confidence_threshold': 0.6769172689324101, 'training_days': 50, 'n_estimators': 176, 'max_depth': 3, 'num_leaves': 16, 'learning_rate': 0.010215403220817718, 'subsample': 0.6015874640141092, 'colsample_bytree': 0.8332678196538594, 'min_child_samples': 37, 'reg_alpha': 1.18780528424332e-08, 'reg_lambda': 0.0007008411703147273}. Best is trial 5 with value: 0.0931189232565942.
[I 2026-06-01 11:04:01,748] Trial 16 finished with value: 0.05053714713023819 and parameters: {'confidence_threshold': 0.6666578985325027, 'training_days': 50, 'n_estimators': 167, 'max_depth': 3, 'num_leaves': 16, 'learning_rate': 0.010912418548210994, 'subsample': 0.5981314333787618, 'colsample_bytree': 0.9826162589395974, 'min_child_samples': 39, 'reg_alpha': 1.0133596374702394e-08, 'reg_lambda': 0.0027379590319980486}. Best is trial 5 with value: 0.0931189232565942.
[I 2026-06-01 11:04:01,861] Trial 17 finished with value: 0.04747594045229897 and parameters: {'confidence_threshold': 0.6727228894082652, 'training_days': 290, 'n_estimators': 138, 'max_depth': 3, 'num_leaves': 15, 'learning_rate': 0.010425658055299656, 'subsample': 0.5694259026979963, 'colsample_bytree': 0.8693853359802305, 'min_child_samples': 52, 'reg_alpha': 8.089339609894541e-08, 'reg_lambda': 0.08836451218822251}. Best is trial 5 with value: 0.0931189232565942.
[I 2026-06-01 11:04:02,054] A new study created in memory with name: no-name-012c493b-545d-4492-9f77-f8efc2c35455
[I 2026-06-01 11:04:02,147] Trial 0 finished with value: 0.014746903483557994 and parameters: {'confidence_threshold': 0.7437642149592516, 'training_days': 150, 'n_estimators': 152, 'max_depth': 4, 'num_leaves': 50, 'learning_rate': 0.04216766425047743, 'subsample': 0.9903820991923078, 'colsample_bytree': 0.8424148692924316, 'min_child_samples': 58, 'reg_alpha': 3.381097259762742e-05, 'reg_lambda': 1.2263152961306247e-05}. Best is trial 0 with value: 0.014746903483557994.
[I 2026-06-01 11:04:02,217] Trial 1 finished with value: -4.053437369441868 and parameters: {'confidence_threshold': 0.7551673975844145, 'training_days': 220, 'n_estimators': 76, 'max_depth': 4, 'num_leaves': 51, 'learning_rate': 0.018602118810743477, 'subsample': 0.5877258780737462, 'colsample_bytree': 0.7657756869209191, 'min_child_samples': 63, 'reg_alpha': 0.005123994170264194, 'reg_lambda': 0.44145470178120466}. Best is trial 0 with value: 0.014746903483557994.
[I 2026-06-01 11:04:02,488] Trial 2 finished with value: -0.0014045286331139217 and parameters: {'confidence_threshold': 0.7535593637012223, 'training_days': 310, 'n_estimators': 375, 'max_depth': 3, 'num_leaves': 32, 'learning_rate': 0.021735641882032388, 'subsample': 0.6468570231944146, 'colsample_bytree': 0.8154880619272439, 'min_child_samples': 27, 'reg_alpha': 8.004064028491336e-05, 'reg_lambda': 7.546835261630524e-05}. Best is trial 0 with value: 0.014746903483557994.
