[I 2026-06-01 11:05:43,655] Trial 4 finished with value: -0.021420708660197674 and parameters: {'confidence_threshold': 0.5623121348350352, 'training_days': 300, 'n_estimators': 69, 'max_depth': 4, 'num_leaves': 32, 'learning_rate': 0.14967629360700346, 'subsample': 0.5054535233636654, 'colsample_bytree': 0.7401385194659216, 'min_child_samples': 27, 'reg_alpha': 1.4212042567426725e-07, 'reg_lambda': 0.23605753701352003}. Best is trial 2 with value: 0.04169951207113135.
[I 2026-06-01 11:05:44,059] Trial 5 finished with value: -0.037926262620394655 and parameters: {'confidence_threshold': 0.7111850244908446, 'training_days': 490, 'n_estimators': 362, 'max_depth': 5, 'num_leaves': 40, 'learning_rate': 0.05960785724162737, 'subsample': 0.5589714368907717, 'colsample_bytree': 0.6659006943232806, 'min_child_samples': 42, 'reg_alpha': 0.6741360303045295, 'reg_lambda': 6.054601607143087e-08}. Best is trial 2 with value: 0.04169951207113135.
[I 2026-06-01 11:05:44,235] Trial 6 finished with value: -0.09193910953185733 and parameters: {'confidence_threshold': 0.667482545748023, 'training_days': 420, 'n_estimators': 279, 'max_depth': 3, 'num_leaves': 45, 'learning_rate': 0.040099592560849204, 'subsample': 0.8563114696415159, 'colsample_bytree': 0.5442917781944105, 'min_child_samples': 50, 'reg_alpha': 1.6407916423707903e-08, 'reg_lambda': 2.935907642973286e-05}. Best is trial 2 with value: 0.04169951207113135.
[I 2026-06-01 11:05:44,388] Trial 7 finished with value: -0.05812091119117011 and parameters: {'confidence_threshold': 0.5497381024139926, 'training_days': 120, 'n_estimators': 408, 'max_depth': 5, 'num_leaves': 38, 'learning_rate': 0.28049122657745795, 'subsample': 0.8806573338635493, 'colsample_bytree': 0.5454054113547102, 'min_child_samples': 63, 'reg_alpha': 0.01263008637940408, 'reg_lambda': 0.04588020805366937}. Best is trial 2 with value: 0.04169951207113135.
[I 2026-06-01 11:05:44,664] Trial 8 finished with value: -0.08532478492142126 and parameters: {'confidence_threshold': 0.719644804808716, 'training_days': 450, 'n_estimators': 410, 'max_depth': 4, 'num_leaves': 57, 'learning_rate': 0.04022026551478857, 'subsample': 0.5336085426932707, 'colsample_bytree': 0.5705742850577543, 'min_child_samples': 100, 'reg_alpha': 5.916398047912201e-07, 'reg_lambda': 0.9794034214488329}. Best is trial 2 with value: 0.04169951207113135.
[I 2026-06-01 11:05:44,686] Trial 9 finished with value: -4.075398327730861 and parameters: {'confidence_threshold': 0.7267463643917187, 'training_days': 20, 'n_estimators': 337, 'max_depth': 5, 'num_leaves': 23, 'learning_rate': 0.022153031811454605, 'subsample': 0.6305627572358737, 'colsample_bytree': 0.6613413774216214, 'min_child_samples': 81, 'reg_alpha': 5.7638634029410314e-08, 'reg_lambda': 8.26603016764008}. Best is trial 2 with value: 0.04169951207113135.
[I 2026-06-01 11:05:44,716] Trial 10 finished with value: -3.9603273464880657 and parameters: {'confidence_threshold': 0.8398533911817929, 'training_days': 10, 'n_estimators': 228, 'max_depth': 3, 'num_leaves': 15, 'learning_rate': 0.2789359567293539, 'subsample': 0.6821883053833926, 'colsample_bytree': 0.9944479338273263, 'min_child_samples': 23, 'reg_alpha': 2.903134294418681, 'reg_lambda': 0.0032849428938367974}. Best is trial 2 with value: 0.04169951207113135.
[I 2026-06-01 11:05:44,806] Trial 11 finished with value: 0.007863217642746171 and parameters: {'confidence_threshold': 0.5379676273538253, 'training_days': 310, 'n_estimators': 58, 'max_depth': 4, 'num_leaves': 29, 'learning_rate': 0.13801824878993882, 'subsample': 0.5002496713119235, 'colsample_bytree': 0.6708638410329584, 'min_child_samples': 21, 'reg_alpha': 3.2680883584933693e-05, 'reg_lambda': 0.01796181626804921}. Best is trial 2 with value: 0.04169951207113135.
[I 2026-06-01 11:05:45,022] Trial 12 finished with value: -0.02075310417505504 and parameters: {'confidence_threshold': 0.5115366705732524, 'training_days': 360, 'n_estimators': 198, 'max_depth': 4, 'num_leaves': 29, 'learning_rate': 0.13007949331851176, 'subsample': 0.6283350710986494, 'colsample_bytree': 0.6383979481001337, 'min_child_samples': 20, 'reg_alpha': 5.113460481149383e-05, 'reg_lambda': 0.007224976732514337}. Best is trial 2 with value: 0.04169951207113135.
[I 2026-06-01 11:05:45,088] Trial 13 finished with value: -0.06283424751185598 and parameters: {'confidence_threshold': 0.5009668550695914, 'training_days': 200, 'n_estimators': 52, 'max_depth': 4, 'num_leaves': 56, 'learning_rate': 0.13607300663751073, 'subsample': 0.7312718920985939, 'colsample_bytree': 0.6113466263687708, 'min_child_samples': 40, 'reg_alpha': 7.173478071883683e-05, 'reg_lambda': 0.0048094180671604736}. Best is trial 2 with value: 0.04169951207113135.

    [trial 14] 46 features, training_days=120 | threshold=0.703 | labels: 1004 long, 1167 short (46/54%)
    [trial 14] Sharpe=-0.0520 (folds: 0.0230, -0.0596, -0.0392, 0.0217, -0.2061)
    [trial 15] 46 features, training_days=100 | threshold=0.758 | labels: 1004 long, 1167 short (46/54%)
    [trial 15] Sharpe=-0.0348 (folds: 0.0187, -0.0667, 0.0483, 0.0417, -0.2158)
    [trial 16] 46 features, training_days=270 | threshold=0.657 | labels: 1004 long, 1167 short (46/54%)
    [trial 16] Sharpe=-0.0366 (folds: -0.0026, 0.0457, -0.0625, -0.0750, -0.0887)
    [trial 17] 46 features, training_days=170 | threshold=0.730 | labels: 1004 long, 1167 short (46/54%)
    [trial 17] Sharpe=-0.0742 (folds: -0.0324, 0.0537, -0.0544, -0.1201, -0.2176)
  Optuna: 18 trials, best Sharpe = -0.0285
  Best params: n_estimators=330, max_depth=4, lr=0.1472, leaves=34
  Best confidence_threshold: 0.697
  Best training_days: 100
  Retrained on full data (300 samples, 46 features)
  [ensemble 2/3] seed=123
    [trial 0] 46 features, training_days=150 | threshold=0.744 | labels: 1004 long, 1167 short (46/54%)
    [CV fold 0] train_end=2022-12-24 08:00 | val_start=2023-01-01 00:00 | gap=184h (22 rows)
    [CV fold 1] train_end=2023-04-23 16:00 | val_start=2023-05-01 08:00 | gap=184h (22 rows)
    [CV fold 2] train_end=2023-08-22 00:00 | val_start=2023-08-29 16:00 | gap=184h (22 rows)
    [CV fold 3] train_end=2023-12-20 08:00 | val_start=2023-12-28 00:00 | gap=184h (22 rows)
    [CV fold 4] train_end=2024-04-18 16:00 | val_start=2024-04-26 08:00 | gap=184h (22 rows)
    [trial 0] Sharpe=-0.1302 (folds: -0.1039, 0.0152, -0.0837, -0.1327, -0.3458)
    [trial 1] 46 features, training_days=220 | threshold=0.755 | labels: 1004 long, 1167 short (46/54%)
    [trial 1] Sharpe=-2.1832 (folds: -0.0800, -10.0000, -0.1650, -0.2128, -0.4581)
    [trial 2] 46 features, training_days=310 | threshold=0.754 | labels: 1004 long, 1167 short (46/54%)
    [trial 2] Sharpe=-0.0821 (folds: -0.1559, -0.1848, -0.0083, 0.1416, -0.2030)
    [trial 3] 46 features, training_days=220 | threshold=0.673 | labels: 1004 long, 1167 short (46/54%)
    [trial 3] Sharpe=-0.1086 (folds: -0.0036, -0.0031, -0.0951, -0.1333, -0.3078)
    [trial 4] 46 features, training_days=130 | threshold=0.803 | labels: 1004 long, 1167 short (46/54%)
    [trial 4] Sharpe=-0.1031 (folds: -0.1365, -0.0783, -0.1660, 0.0216, -0.1563)
    [trial 5] 46 features, training_days=210 | threshold=0.606 | labels: 1004 long, 1167 short (46/54%)
    [trial 5] Sharpe=-0.1183 (folds: -0.0545, 0.0069, -0.1664, -0.1043, -0.2732)
    [trial 6] 46 features, training_days=130 | threshold=0.767 | labels: 1004 long, 1167 short (46/54%)
    [trial 6] Sharpe=-0.0513 (folds: 0.0192, -0.0963, -0.0891, -0.0018, -0.0883)
    [trial 7] 46 features, training_days=80 | threshold=0.556 | labels: 1004 long, 1167 short (46/54%)
    [trial 7] Sharpe=-0.0365 (folds: 0.0977, -0.1272, 0.0264, -0.1181, -0.0613)
    [trial 8] 46 features, training_days=200 | threshold=0.607 | labels: 1004 long, 1167 short (46/54%)
    [trial 8] Sharpe=-0.1059 (folds: -0.0460, -0.1205, -0.0397, -0.1335, -0.1897)
    [trial 9] 46 features, training_days=260 | threshold=0.620 | labels: 1004 long, 1167 short (46/54%)
    [trial 9] Sharpe=-0.1220 (folds: -0.0828, -0.0527, -0.0505, -0.0693, -0.3546)
    [trial 10] 46 features, training_days=10 | threshold=0.525 | labels: 1004 long, 1167 short (46/54%)
    [trial 10] Sharpe=0.0417 (folds: -0.0325, -0.1619, 0.1721, 0.0376, 0.1933)
    [trial 11] 46 features, training_days=10 | threshold=0.505 | labels: 1004 long, 1167 short (46/54%)
    [trial 11] Sharpe=0.0417 (folds: -0.0325, -0.1619, 0.1721, 0.0376, 0.1933)
    [trial 12] 46 features, training_days=10 | threshold=0.509 | labels: 1004 long, 1167 short (46/54%)
    [trial 12] Sharpe=0.0417 (folds: -0.0325, -0.1619, 0.1721, 0.0376, 0.1933)
    [trial 13] 46 features, training_days=480 | threshold=0.502 | labels: 1004 long, 1167 short (46/54%)
    [trial 13] Sharpe=-0.1116 (folds: -0.0533, -0.0298, -0.0817, -0.2164, -0.1769)
    [trial 14] 46 features, training_days=20 | threshold=0.553 | labels: 1004 long, 1167 short (46/54%)
    [trial 14] Sharpe=-0.0358 (folds: -0.0325, 0.0046, -0.2660, -0.0785, 0.1933)
    [trial 15] 46 features, training_days=60 | threshold=0.555 | labels: 1004 long, 1167 short (46/54%)
    [trial 15] Sharpe=-0.0222 (folds: -0.0119, -0.0889, -0.0700, -0.1267, 0.1868)
    [trial 16] 46 features, training_days=350 | threshold=0.674 | labels: 1004 long, 1167 short (46/54%)
    [trial 16] Sharpe=-0.1376 (folds: -0.1173, -0.0020, -0.0483, -0.3032, -0.2174)
    [trial 17] 46 features, training_days=70 | threshold=0.536 | labels: 1004 long, 1167 short (46/54%)
    [trial 17] Sharpe=0.0218 (folds: 0.1488, -0.0948, 0.1387, -0.1112, 0.0273)
  Optuna: 18 trials, best Sharpe = 0.0417
  Best params: n_estimators=493, max_depth=3, lr=0.0102, leaves=63
  Best confidence_threshold: 0.525
  Best training_days: 10
  Retrained on full data (30 samples, 46 features)
  [ensemble 3/3] seed=456
    [trial 0] 46 features, training_days=90 | threshold=0.587 | labels: 1004 long, 1167 short (46/54%)
    [CV fold 0] train_end=2022-12-24 08:00 | val_start=2023-01-01 00:00 | gap=184h (22 rows)
    [CV fold 1] train_end=2023-04-23 16:00 | val_start=2023-05-01 08:00 | gap=184h (22 rows)
    [CV fold 2] train_end=2023-08-22 00:00 | val_start=2023-08-29 16:00 | gap=184h (22 rows)
    [CV fold 3] train_end=2023-12-20 08:00 | val_start=2023-12-28 00:00 | gap=184h (22 rows)
    [CV fold 4] train_end=2024-04-18 16:00 | val_start=2024-04-26 08:00 | gap=184h (22 rows)
    [trial 0] Sharpe=-0.0570 (folds: 0.0270, -0.0523, -0.0263, -0.0499, -0.1836)
    [trial 1] 46 features, training_days=290 | threshold=0.635 | labels: 1004 long, 1167 short (46/54%)
    [trial 1] Sharpe=-0.0242 (folds: -0.0962, 0.0175, -0.0724, -0.0083, 0.0385)
    [trial 2] 46 features, training_days=10 | threshold=0.585 | labels: 1004 long, 1167 short (46/54%)
    [trial 2] Sharpe=0.0417 (folds: -0.0325, -0.1619, 0.1721, 0.0376, 0.1933)
    [trial 3] 46 features, training_days=220 | threshold=0.687 | labels: 1004 long, 1167 short (46/54%)
    [trial 3] Sharpe=-0.1492 (folds: -0.1519, -0.0482, -0.0956, -0.2154, -0.2347)
    [trial 4] 46 features, training_days=300 | threshold=0.562 | labels: 1004 long, 1167 short (46/54%)
    [trial 4] Sharpe=-0.0214 (folds: 0.0100, -0.0794, -0.0407, -0.0283, 0.0313)
    [trial 5] 46 features, training_days=490 | threshold=0.711 | labels: 1004 long, 1167 short (46/54%)
    [trial 5] Sharpe=-0.0379 (folds: -0.0296, -0.0294, -0.0095, -0.2905, 0.1693)
    [trial 6] 46 features, training_days=420 | threshold=0.667 | labels: 1004 long, 1167 short (46/54%)
    [trial 6] Sharpe=-0.0919 (folds: -0.0671, -0.0521, -0.0164, -0.2244, -0.0997)
    [trial 7] 46 features, training_days=120 | threshold=0.550 | labels: 1004 long, 1167 short (46/54%)
    [trial 7] Sharpe=-0.0581 (folds: 0.0208, -0.1003, -0.0444, -0.0586, -0.1081)
    [trial 8] 46 features, training_days=450 | threshold=0.720 | labels: 1004 long, 1167 short (46/54%)
    [trial 8] Sharpe=-0.0853 (folds: -0.1484, 0.0638, -0.0376, -0.2729, -0.0315)
    [trial 9] 46 features, training_days=20 | threshold=0.727 | labels: 1004 long, 1167 short (46/54%)
    [trial 9] Sharpe=-4.0754 (folds: -0.0325, -10.0000, -0.2660, -0.0785, -10.0000)
    [trial 10] 46 features, training_days=10 | threshold=0.840 | labels: 1004 long, 1167 short (46/54%)
    [trial 10] Sharpe=-3.9603 (folds: -0.0325, -10.0000, -10.0000, 0.0376, 0.1933)
    [trial 11] 46 features, training_days=310 | threshold=0.538 | labels: 1004 long, 1167 short (46/54%)
    [trial 11] Sharpe=0.0079 (folds: 0.0009, -0.0648, -0.0344, 0.0804, 0.0573)
    [trial 12] 46 features, training_days=360 | threshold=0.512 | labels: 1004 long, 1167 short (46/54%)
    [trial 12] Sharpe=-0.0208 (folds: 0.0087, -0.0012, -0.0765, -0.0556, 0.0210)
    [trial 13] 46 features, training_days=200 | threshold=0.501 | labels: 1004 long, 1167 short (46/54%)
    [trial 13] Sharpe=-0.0628 (folds: 0.0407, -0.1067, -0.0209, -0.0407, -0.1867)
    [trial 14] 46 features, training_days=150 | threshold=0.609 | labels: 1004 long, 1167 short (46/54%)[I 2026-06-01 11:05:45,306] Trial 14 finished with value: -0.09077169118716223 and parameters: {'confidence_threshold': 0.6087604191057666, 'training_days': 150, 'n_estimators': 500, 'max_depth': 3, 'num_leaves': 23, 'learning_rate': 0.19316113271424268, 'subsample': 0.5927470569879377, 'colsample_bytree': 0.5075479737553866, 'min_child_samples': 53, 'reg_alpha': 0.0043671569175290845, 'reg_lambda': 1.116326883897629e-05}. Best is trial 2 with value: 0.04169951207113135.
[I 2026-06-01 11:05:45,462] Trial 15 finished with value: -0.08631361328956988 and parameters: {'confidence_threshold': 0.542118951552222, 'training_days': 390, 'n_estimators': 170, 'max_depth': 3, 'num_leaves': 51, 'learning_rate': 0.010259746591624793, 'subsample': 0.694271324447796, 'colsample_bytree': 0.7446382813837793, 'min_child_samples': 34, 'reg_alpha': 0.0778926756466527, 'reg_lambda': 0.04196842294504633}. Best is trial 2 with value: 0.04169951207113135.
[I 2026-06-01 11:05:45,727] Trial 16 finished with value: -0.003337974360246726 and parameters: {'confidence_threshold': 0.630551521070038, 'training_days': 340, 'n_estimators': 270, 'max_depth': 4, 'num_leaves': 31, 'learning_rate': 0.10480456467283118, 'subsample': 0.5084402445092521, 'colsample_bytree': 0.6956254082180884, 'min_child_samples': 31, 'reg_alpha': 7.348682411329467e-06, 'reg_lambda': 0.000855876310048679}. Best is trial 2 with value: 0.04169951207113135.
[I 2026-06-01 11:05:45,819] Trial 17 finished with value: -0.08456657909206566 and parameters: {'confidence_threshold': 0.7873735958410488, 'training_days': 260, 'n_estimators': 109, 'max_depth': 3, 'num_leaves': 22, 'learning_rate': 0.19736891279684507, 'subsample': 0.5970497485615751, 'colsample_bytree': 0.5981793276127816, 'min_child_samples': 48, 'reg_alpha': 0.0008059760040484764, 'reg_lambda': 3.756010955927394}. Best is trial 2 with value: 0.04169951207113135.
[I 2026-06-01 11:05:46,366] A new study created in memory with name: no-name-ef2755cd-a934-405e-8743-caa4bd5714e1
[I 2026-06-01 11:05:46,679] Trial 0 finished with value: -0.010553101815022566 and parameters: {'confidence_threshold': 0.6310890415965769, 'training_days': 480, 'n_estimators': 380, 'max_depth': 4, 'num_leaves': 22, 'learning_rate': 0.01699897838270077, 'subsample': 0.5290418060840998, 'colsample_bytree': 0.9330880728874675, 'min_child_samples': 68, 'reg_alpha': 0.023585940584142682, 'reg_lambda': 1.5320059381854043e-08}. Best is trial 0 with value: -0.010553101815022566.
[I 2026-06-01 11:05:46,787] Trial 1 finished with value: -6.012311982928046 and parameters: {'confidence_threshold': 0.839468448256698, 'training_days': 420, 'n_estimators': 145, 'max_depth': 3, 'num_leaves': 23, 'learning_rate': 0.028145092716060652, 'subsample': 0.762378215816119, 'colsample_bytree': 0.7159725093210578, 'min_child_samples': 43, 'reg_alpha': 0.0032112643094417484, 'reg_lambda': 1.8007140198129195e-07}. Best is trial 0 with value: -0.010553101815022566.
[I 2026-06-01 11:05:46,929] Trial 2 finished with value: -0.04109153599658642 and parameters: {'confidence_threshold': 0.6022506269873263, 'training_days': 190, 'n_estimators': 255, 'max_depth': 5, 'num_leaves': 24, 'learning_rate': 0.05748924681991978, 'subsample': 0.7962072844310213, 'colsample_bytree': 0.5232252063599989, 'min_child_samples': 69, 'reg_alpha': 3.425445902633376e-07, 'reg_lambda': 3.850031979199519e-08}. Best is trial 0 with value: -0.010553101815022566.
[I 2026-06-01 11:05:47,217] Trial 3 finished with value: 0.05172093213948901 and parameters: {'confidence_threshold': 0.8321099380386666, 'training_days': 490, 'n_estimators': 414, 'max_depth': 3, 'num_leaves': 19, 'learning_rate': 0.1024932221692416, 'subsample': 0.7200762468698007, 'colsample_bytree': 0.5610191174223894, 'min_child_samples': 60, 'reg_alpha': 2.039373116525212e-08, 'reg_lambda': 1.527156759251193}. Best is trial 3 with value: 0.05172093213948901.
[I 2026-06-01 11:05:47,379] Trial 4 finished with value: 0.07942358613091124 and parameters: {'confidence_threshold': 0.5905729935600059, 'training_days': 340, 'n_estimators': 190, 'max_depth': 4, 'num_leaves': 41, 'learning_rate': 0.01875220945578641, 'subsample': 0.9847923138822793, 'colsample_bytree': 0.8875664116805573, 'min_child_samples': 96, 'reg_alpha': 1.1309571585271483, 'reg_lambda': 0.002404915432737351}. Best is trial 4 with value: 0.07942358613091124.
[I 2026-06-01 11:05:47,426] Trial 5 finished with value: -2.119596191751916 and parameters: {'confidence_threshold': 0.8226559822580909, 'training_days': 50, 'n_estimators': 138, 'max_depth': 3, 'num_leaves': 30, 'learning_rate': 0.03750796359625606, 'subsample': 0.6356745158869479, 'colsample_bytree': 0.9143687545759647, 'min_child_samples': 48, 'reg_alpha': 3.376063348877853e-06, 'reg_lambda': 0.0007660634613082914}. Best is trial 4 with value: 0.07942358613091124.
[I 2026-06-01 11:05:47,534] Trial 6 finished with value: 0.04226027002042189 and parameters: {'confidence_threshold': 0.5493234787411669, 'training_days': 410, 'n_estimators': 83, 'max_depth': 5, 'num_leaves': 52, 'learning_rate': 0.019657448966046126, 'subsample': 0.5027610585618012, 'colsample_bytree': 0.9077307142274171, 'min_child_samples': 77, 'reg_alpha': 0.03639690979811287, 'reg_lambda': 0.08738424135626986}. Best is trial 4 with value: 0.07942358613091124.
[I 2026-06-01 11:05:47,628] Trial 7 finished with value: -0.04162567272305569 and parameters: {'confidence_threshold': 0.5259156281069316, 'training_days': 180, 'n_estimators': 102, 'max_depth': 5, 'num_leaves': 45, 'learning_rate': 0.030816017044468066, 'subsample': 0.5317791751430119, 'colsample_bytree': 0.6554911608578311, 'min_child_samples': 46, 'reg_alpha': 0.036851536911881845, 'reg_lambda': 0.005470376807480391}. Best is trial 4 with value: 0.07942358613091124.
[I 2026-06-01 11:05:47,735] Trial 8 finished with value: -0.019736969737947772 and parameters: {'confidence_threshold': 0.8105244599017143, 'training_days': 240, 'n_estimators': 103, 'max_depth': 5, 'num_leaves': 52, 'learning_rate': 0.06746437142284309, 'subsample': 0.8854835899772805, 'colsample_bytree': 0.7468977981821954, 'min_child_samples': 62, 'reg_alpha': 7.04480806377519e-05, 'reg_lambda': 1.6934490731313353e-08}. Best is trial 4 with value: 0.07942358613091124.
[I 2026-06-01 11:05:47,759] Trial 9 finished with value: -2.1203644619080455 and parameters: {'confidence_threshold': 0.5377619994476566, 'training_days': 20, 'n_estimators': 337, 'max_depth': 3, 'num_leaves': 39, 'learning_rate': 0.21907142272152816, 'subsample': 0.6246461145744375, 'colsample_bytree': 0.7051914615178149, 'min_child_samples': 81, 'reg_alpha': 1.1459970229341322e-06, 'reg_lambda': 4.929685216887945e-08}. Best is trial 4 with value: 0.07942358613091124.
[I 2026-06-01 11:05:48,124] Trial 10 finished with value: 0.06777867351301853 and parameters: {'confidence_threshold': 0.6797821749717731, 'training_days': 350, 'n_estimators': 487, 'max_depth': 4, 'num_leaves': 61, 'learning_rate': 0.011407797829608154, 'subsample': 0.9865389998628291, 'colsample_bytree': 0.8382861898713898, 'min_child_samples': 98, 'reg_alpha': 8.536188349289, 'reg_lambda': 3.3639426888455256e-06}. Best is trial 4 with value: 0.07942358613091124.
