[I 2026-06-01 11:04:16,989] Trial 12 finished with value: -0.08678618336194127 and parameters: {'confidence_threshold': 0.5145853631584999, 'training_days': 100, 'n_estimators': 219, 'max_depth': 4, 'num_leaves': 50, 'learning_rate': 0.011971471002830407, 'subsample': 0.9912016966112274, 'colsample_bytree': 0.8420599046380293, 'min_child_samples': 34, 'reg_alpha': 0.0006311531830675405, 'reg_lambda': 2.219199238056466e-06}. Best is trial 2 with value: -0.028754337407148806.
[I 2026-06-01 11:04:17,108] Trial 13 finished with value: -0.10675850425530731 and parameters: {'confidence_threshold': 0.589277007582486, 'training_days': 200, 'n_estimators': 200, 'max_depth': 3, 'num_leaves': 28, 'learning_rate': 0.11842510796771445, 'subsample': 0.7271260162758064, 'colsample_bytree': 0.6666252620214903, 'min_child_samples': 54, 'reg_alpha': 0.023377829298853393, 'reg_lambda': 0.0006731895400498974}. Best is trial 2 with value: -0.028754337407148806.
[I 2026-06-01 11:04:17,278] Trial 14 finished with value: -0.11830343009642696 and parameters: {'confidence_threshold': 0.5059456949419407, 'training_days': 60, 'n_estimators': 500, 'max_depth': 4, 'num_leaves': 60, 'learning_rate': 0.17993548569872478, 'subsample': 0.6255299932990485, 'colsample_bytree': 0.9534441456280793, 'min_child_samples': 22, 'reg_alpha': 2.4338539952715192e-05, 'reg_lambda': 0.007330084943188411}. Best is trial 2 with value: -0.028754337407148806.
[I 2026-06-01 11:04:17,429] Trial 15 finished with value: -0.13736011942673515 and parameters: {'confidence_threshold': 0.637232282335899, 'training_days': 160, 'n_estimators': 282, 'max_depth': 3, 'num_leaves': 47, 'learning_rate': 0.08608675390119908, 'subsample': 0.777815496142171, 'colsample_bytree': 0.8043376335308254, 'min_child_samples': 46, 'reg_alpha': 1.0822935950882012e-05, 'reg_lambda': 3.2033885982558023e-06}. Best is trial 2 with value: -0.028754337407148806.
[I 2026-06-01 11:04:17,521] Trial 16 finished with value: -0.12079560442491614 and parameters: {'confidence_threshold': 0.7809712285122007, 'training_days': 60, 'n_estimators': 331, 'max_depth': 5, 'num_leaves': 52, 'learning_rate': 0.20254873351572195, 'subsample': 0.9472433443810231, 'colsample_bytree': 0.7345439854033059, 'min_child_samples': 34, 'reg_alpha': 0.09369222766520151, 'reg_lambda': 0.00012765737852085064}. Best is trial 2 with value: -0.028754337407148806.
[I 2026-06-01 11:04:17,651] Trial 17 finished with value: -0.09167197972754511 and parameters: {'confidence_threshold': 0.5603513724017113, 'training_days': 330, 'n_estimators': 164, 'max_depth': 4, 'num_leaves': 34, 'learning_rate': 0.116910846227218, 'subsample': 0.6283646472084425, 'colsample_bytree': 0.5057115752743404, 'min_child_samples': 61, 'reg_alpha': 0.0008059760040484764, 'reg_lambda': 0.021539208373113017}. Best is trial 2 with value: -0.028754337407148806.

    [trial 3] Sharpe=-0.0870 (folds: -0.1743, -0.2426, 0.0621, -0.0494, -0.0308)
    [trial 4] 46 features, training_days=130 | threshold=0.803 | labels: 952 long, 1216 short (44/56%)
    [trial 4] Sharpe=-0.1197 (folds: -0.2159, -0.1987, 0.0437, -0.1702, -0.0576)
    [trial 5] 46 features, training_days=210 | threshold=0.606 | labels: 952 long, 1216 short (44/56%)
    [trial 5] Sharpe=-0.1270 (folds: -0.2022, -0.3925, 0.0795, -0.1046, -0.0149)
    [trial 6] 46 features, training_days=130 | threshold=0.767 | labels: 952 long, 1216 short (44/56%)
    [trial 6] Sharpe=-0.1593 (folds: -0.2639, -0.2575, -0.0552, -0.1268, -0.0931)
    [trial 7] 46 features, training_days=80 | threshold=0.556 | labels: 952 long, 1216 short (44/56%)
    [trial 7] Sharpe=-0.1444 (folds: -0.0966, -0.0265, 0.0279, -0.1798, -0.4470)
    [trial 8] 46 features, training_days=200 | threshold=0.607 | labels: 952 long, 1216 short (44/56%)
    [trial 8] Sharpe=-0.0593 (folds: -0.1811, -0.2948, 0.0602, -0.0016, 0.1210)
    [trial 9] 46 features, training_days=260 | threshold=0.620 | labels: 952 long, 1216 short (44/56%)
    [trial 9] Sharpe=-0.1847 (folds: -0.2276, -0.4120, -0.0384, -0.1834, -0.0621)
    [trial 10] 46 features, training_days=470 | threshold=0.534 | labels: 952 long, 1216 short (44/56%)
    [trial 10] Sharpe=-0.0980 (folds: -0.2739, -0.2771, 0.1112, -0.1289, 0.0786)
    [trial 11] 46 features, training_days=30 | threshold=0.686 | labels: 952 long, 1216 short (44/56%)
    [trial 11] Sharpe=-6.0775 (folds: -0.4325, -10.0000, 0.0451, -10.0000, -10.0000)
    [trial 12] 46 features, training_days=360 | threshold=0.660 | labels: 952 long, 1216 short (44/56%)
    [trial 12] Sharpe=-0.1063 (folds: -0.2225, -0.3206, 0.1852, -0.1608, -0.0129)
    [trial 13] 46 features, training_days=140 | threshold=0.713 | labels: 952 long, 1216 short (44/56%)
    [trial 13] Sharpe=-0.1255 (folds: -0.3054, -0.0812, 0.0699, -0.2124, -0.0984)
    [trial 14] 46 features, training_days=340 | threshold=0.599 | labels: 952 long, 1216 short (44/56%)
    [trial 14] Sharpe=-0.1212 (folds: -0.2255, -0.3073, 0.1478, -0.1757, -0.0455)
    [trial 15] 46 features, training_days=10 | threshold=0.826 | labels: 952 long, 1216 short (44/56%)
    [trial 15] Sharpe=-3.9584 (folds: 0.2325, -10.0000, 0.0451, -0.0697, -10.0000)
    [trial 16] 46 features, training_days=440 | threshold=0.712 | labels: 952 long, 1216 short (44/56%)
    [trial 16] Sharpe=-0.0322 (folds: -0.1688, -0.2803, 0.1698, -0.0318, 0.1503)
    [trial 17] 46 features, training_days=490 | threshold=0.500 | labels: 952 long, 1216 short (44/56%)
    [trial 17] Sharpe=-0.0744 (folds: -0.3501, -0.2265, 0.1415, -0.0549, 0.1182)
  Optuna: 18 trials, best Sharpe = -0.0322
  Best params: n_estimators=422, max_depth=4, lr=0.1536, leaves=38
  Best confidence_threshold: 0.712
  Best training_days: 440
  Retrained on full data (1320 samples, 46 features)
  [ensemble 3/3] seed=456
    [trial 0] 46 features, training_days=90 | threshold=0.587 | labels: 952 long, 1216 short (44/56%)
    [CV fold 0] train_end=2022-03-24 08:00 | val_start=2022-04-01 00:00 | gap=184h (22 rows)
    [CV fold 1] train_end=2022-07-22 16:00 | val_start=2022-07-30 08:00 | gap=184h (22 rows)
    [CV fold 2] train_end=2022-11-20 00:00 | val_start=2022-11-27 16:00 | gap=184h (22 rows)
    [CV fold 3] train_end=2023-03-20 08:00 | val_start=2023-03-28 00:00 | gap=184h (22 rows)
    [CV fold 4] train_end=2023-07-18 16:00 | val_start=2023-07-26 08:00 | gap=184h (22 rows)
    [trial 0] Sharpe=-0.0473 (folds: -0.1517, -0.0959, 0.1918, -0.1208, -0.0599)
    [trial 1] 46 features, training_days=290 | threshold=0.635 | labels: 952 long, 1216 short (44/56%)
    [trial 1] Sharpe=-0.1543 (folds: -0.3208, -0.4022, 0.0444, -0.1011, 0.0082)
    [trial 2] 46 features, training_days=10 | threshold=0.585 | labels: 952 long, 1216 short (44/56%)
    [trial 2] Sharpe=-0.0288 (folds: 0.2325, -0.3348, 0.0451, -0.0697, -0.0168)
    [trial 3] 46 features, training_days=220 | threshold=0.687 | labels: 952 long, 1216 short (44/56%)
    [trial 3] Sharpe=-0.1163 (folds: -0.2814, -0.1379, -0.0956, -0.0305, -0.0362)
    [trial 4] 46 features, training_days=300 | threshold=0.562 | labels: 952 long, 1216 short (44/56%)
    [trial 4] Sharpe=-0.1406 (folds: -0.2345, -0.3955, 0.0675, -0.1714, 0.0309)
    [trial 5] 46 features, training_days=490 | threshold=0.711 | labels: 952 long, 1216 short (44/56%)
    [trial 5] Sharpe=-0.0913 (folds: -0.2550, -0.3639, 0.1367, -0.1021, 0.1279)
    [trial 6] 46 features, training_days=420 | threshold=0.667 | labels: 952 long, 1216 short (44/56%)
    [trial 6] Sharpe=-0.1331 (folds: -0.2901, -0.4810, 0.1265, -0.0949, 0.0741)
    [trial 7] 46 features, training_days=120 | threshold=0.550 | labels: 952 long, 1216 short (44/56%)
    [trial 7] Sharpe=-0.0616 (folds: -0.0902, -0.0934, 0.1363, -0.1011, -0.1595)
    [trial 8] 46 features, training_days=450 | threshold=0.720 | labels: 952 long, 1216 short (44/56%)
    [trial 8] Sharpe=-0.0877 (folds: -0.3821, -0.2620, 0.2643, -0.1715, 0.1126)
    [trial 9] 46 features, training_days=20 | threshold=0.727 | labels: 952 long, 1216 short (44/56%)
    [trial 9] Sharpe=-2.0275 (folds: 0.2325, -0.3348, 0.0451, -10.0000, -0.0803)
    [trial 10] 46 features, training_days=10 | threshold=0.840 | labels: 952 long, 1216 short (44/56%)
    [trial 10] Sharpe=-3.9584 (folds: 0.2325, -10.0000, 0.0451, -0.0697, -10.0000)
    [trial 11] 46 features, training_days=130 | threshold=0.607 | labels: 952 long, 1216 short (44/56%)
    [trial 11] Sharpe=-0.1059 (folds: -0.1401, -0.2042, 0.0426, -0.1237, -0.1043)
    [trial 12] 46 features, training_days=100 | threshold=0.515 | labels: 952 long, 1216 short (44/56%)
    [trial 12] Sharpe=-0.0868 (folds: -0.1444, -0.1045, 0.1478, -0.2459, -0.0870)
    [trial 13] 46 features, training_days=200 | threshold=0.589 | labels: 952 long, 1216 short (44/56%)
    [trial 13] Sharpe=-0.1068 (folds: -0.1947, -0.3187, -0.0188, -0.0232, 0.0216)
    [trial 14] 46 features, training_days=60 | threshold=0.506 | labels: 952 long, 1216 short (44/56%)
    [trial 14] Sharpe=-0.1183 (folds: -0.2149, -0.3064, 0.0479, -0.0539, -0.0642)
    [trial 15] 46 features, training_days=160 | threshold=0.637 | labels: 952 long, 1216 short (44/56%)
    [trial 15] Sharpe=-0.1374 (folds: -0.1982, -0.2745, -0.0221, -0.1424, -0.0496)
    [trial 16] 46 features, training_days=60 | threshold=0.781 | labels: 952 long, 1216 short (44/56%)
    [trial 16] Sharpe=-0.1208 (folds: -0.2371, -0.3289, 0.0466, -0.0398, -0.0449)
    [trial 17] 46 features, training_days=330 | threshold=0.560 | labels: 952 long, 1216 short (44/56%)
    [trial 17] Sharpe=-0.0917 (folds: -0.1393, -0.3058, 0.1165, -0.1704, 0.0406)
  Optuna: 18 trials, best Sharpe = -0.0288
  Best params: n_estimators=212, max_depth=3, lr=0.1845, leaves=41
  Best confidence_threshold: 0.585
  Best training_days: 10
  Retrained on full data (30 samples, 46 features)
  OOD: 16 features, cutoff (q=0.7) = 14.36
  Model trained for 2023-12: 93 test candles with features, confidence_threshold=0.612
[trade:close] 2023-12-02 23:59 DOTUSDT SHORT → stop_loss @ 5.60 | PnL=-5.03% (net -5.13%) | cum=-17.31% 2023-12=-5.13% 2023-12-02=-5.13%
[predict] 2023-12-03 16:00 DOTUSDT → LONG (proba=0.61 TP=8.6%/SL=4.3%)
[trade:open] 2023-12-03 23:59 DOTUSDT LONG @ 5.54 | SL=5.30 TP=6.02 | timeout=2023-12-10 23:59
[trade:close] 2023-12-06 15:59 DOTUSDT LONG → take_profit @ 6.02 | PnL=+8.56% (net +8.46%) | cum=-8.85% 2023-12=+3.32% 2023-12-06=+8.46%
[predict] 2023-12-12 16:00 DOTUSDT → SHORT (proba=0.70 TP=18.3%/SL=9.2%)
[trade:open] 2023-12-12 23:59 DOTUSDT SHORT @ 7.13 | SL=7.79 TP=5.83 | timeout=2023-12-19 23:59
[trade:close] 2023-12-20 00:00 DOTUSDT SHORT → timeout @ 6.71 | PnL=+6.00% (net +5.90%) | cum=-2.95% 2023-12=+9.22% 2023-12-20=+5.90%
[predict] 2023-12-20 16:00 DOTUSDT → SHORT (proba=0.69 TP=15.3%/SL=7.6%)
[trade:open] 2023-12-20 23:59 DOTUSDT SHORT @ 6.96 | SL=7.49 TP=5.90 | timeout=2023-12-27 23:59
[trade:close] 2023-12-21 15:59 DOTUSDT SHORT → stop_loss @ 7.49 | PnL=-7.63% (net -7.73%) | cum=-10.68% 2023-12=+1.49% 2023-12-21=-7.73%
[predict] 2023-12-27 08:00 DOTUSDT → SHORT (proba=0.70 TP=18.9%/SL=9.4%)[I 2026-06-01 11:04:18,134] A new study created in memory with name: no-name-a99842e1-6c9c-44da-827c-ff6b7be98bc4
[I 2026-06-01 11:04:18,454] Trial 0 finished with value: -0.20727426260585063 and parameters: {'confidence_threshold': 0.6310890415965769, 'training_days': 480, 'n_estimators': 380, 'max_depth': 4, 'num_leaves': 22, 'learning_rate': 0.01699897838270077, 'subsample': 0.5290418060840998, 'colsample_bytree': 0.9330880728874675, 'min_child_samples': 68, 'reg_alpha': 0.023585940584142682, 'reg_lambda': 1.5320059381854043e-08}. Best is trial 0 with value: -0.20727426260585063.
[I 2026-06-01 11:04:18,575] Trial 1 finished with value: -6.106002032536622 and parameters: {'confidence_threshold': 0.839468448256698, 'training_days': 420, 'n_estimators': 145, 'max_depth': 3, 'num_leaves': 23, 'learning_rate': 0.028145092716060652, 'subsample': 0.762378215816119, 'colsample_bytree': 0.7159725093210578, 'min_child_samples': 43, 'reg_alpha': 0.0032112643094417484, 'reg_lambda': 1.8007140198129195e-07}. Best is trial 0 with value: -0.20727426260585063.
[I 2026-06-01 11:04:18,727] Trial 2 finished with value: -0.13939605473864966 and parameters: {'confidence_threshold': 0.6022506269873263, 'training_days': 190, 'n_estimators': 255, 'max_depth': 5, 'num_leaves': 24, 'learning_rate': 0.05748924681991978, 'subsample': 0.7962072844310213, 'colsample_bytree': 0.5232252063599989, 'min_child_samples': 69, 'reg_alpha': 3.425445902633376e-07, 'reg_lambda': 3.850031979199519e-08}. Best is trial 2 with value: -0.13939605473864966.
[I 2026-06-01 11:04:18,996] Trial 3 finished with value: -0.12480303233176746 and parameters: {'confidence_threshold': 0.8321099380386666, 'training_days': 490, 'n_estimators': 414, 'max_depth': 3, 'num_leaves': 19, 'learning_rate': 0.1024932221692416, 'subsample': 0.7200762468698007, 'colsample_bytree': 0.5610191174223894, 'min_child_samples': 60, 'reg_alpha': 2.039373116525212e-08, 'reg_lambda': 1.527156759251193}. Best is trial 3 with value: -0.12480303233176746.
[I 2026-06-01 11:04:19,160] Trial 4 finished with value: -0.1399900276952462 and parameters: {'confidence_threshold': 0.5905729935600059, 'training_days': 340, 'n_estimators': 190, 'max_depth': 4, 'num_leaves': 41, 'learning_rate': 0.01875220945578641, 'subsample': 0.9847923138822793, 'colsample_bytree': 0.8875664116805573, 'min_child_samples': 96, 'reg_alpha': 1.1309571585271483, 'reg_lambda': 0.002404915432737351}. Best is trial 3 with value: -0.12480303233176746.
[I 2026-06-01 11:04:19,203] Trial 5 finished with value: -2.2790563220084157 and parameters: {'confidence_threshold': 0.8226559822580909, 'training_days': 50, 'n_estimators': 138, 'max_depth': 3, 'num_leaves': 30, 'learning_rate': 0.03750796359625606, 'subsample': 0.6356745158869479, 'colsample_bytree': 0.9143687545759647, 'min_child_samples': 48, 'reg_alpha': 3.376063348877853e-06, 'reg_lambda': 0.0007660634613082914}. Best is trial 3 with value: -0.12480303233176746.
[I 2026-06-01 11:04:19,303] Trial 6 finished with value: -0.10168098011565016 and parameters: {'confidence_threshold': 0.5493234787411669, 'training_days': 410, 'n_estimators': 83, 'max_depth': 5, 'num_leaves': 52, 'learning_rate': 0.019657448966046126, 'subsample': 0.5027610585618012, 'colsample_bytree': 0.9077307142274171, 'min_child_samples': 77, 'reg_alpha': 0.03639690979811287, 'reg_lambda': 0.08738424135626986}. Best is trial 6 with value: -0.10168098011565016.
[I 2026-06-01 11:04:19,395] Trial 7 finished with value: -0.1538298038932573 and parameters: {'confidence_threshold': 0.5259156281069316, 'training_days': 180, 'n_estimators': 102, 'max_depth': 5, 'num_leaves': 45, 'learning_rate': 0.030816017044468066, 'subsample': 0.5317791751430119, 'colsample_bytree': 0.6554911608578311, 'min_child_samples': 46, 'reg_alpha': 0.036851536911881845, 'reg_lambda': 0.005470376807480391}. Best is trial 6 with value: -0.10168098011565016.
[I 2026-06-01 11:04:19,501] Trial 8 finished with value: -0.22850008744143335 and parameters: {'confidence_threshold': 0.8105244599017143, 'training_days': 240, 'n_estimators': 103, 'max_depth': 5, 'num_leaves': 52, 'learning_rate': 0.06746437142284309, 'subsample': 0.8854835899772805, 'colsample_bytree': 0.7468977981821954, 'min_child_samples': 62, 'reg_alpha': 7.04480806377519e-05, 'reg_lambda': 1.6934490731313353e-08}. Best is trial 6 with value: -0.10168098011565016.
[I 2026-06-01 11:04:19,524] Trial 9 finished with value: 0.009174056057344749 and parameters: {'confidence_threshold': 0.5377619994476566, 'training_days': 20, 'n_estimators': 337, 'max_depth': 3, 'num_leaves': 39, 'learning_rate': 0.21907142272152816, 'subsample': 0.6246461145744375, 'colsample_bytree': 0.7051914615178149, 'min_child_samples': 81, 'reg_alpha': 1.1459970229341322e-06, 'reg_lambda': 4.929685216887945e-08}. Best is trial 9 with value: 0.009174056057344749.
[I 2026-06-01 11:04:19,553] Trial 10 finished with value: 0.009174056057344749 and parameters: {'confidence_threshold': 0.7449289185605341, 'training_days': 10, 'n_estimators': 487, 'max_depth': 3, 'num_leaves': 61, 'learning_rate': 0.21914469472126635, 'subsample': 0.628963476300746, 'colsample_bytree': 0.8189858776055304, 'min_child_samples': 27, 'reg_alpha': 2.8948477959263623e-05, 'reg_lambda': 3.3639426888455256e-06}. Best is trial 9 with value: 0.009174056057344749.
[I 2026-06-01 11:04:19,587] Trial 11 finished with value: -4.02681181725441 and parameters: {'confidence_threshold': 0.7161090655475574, 'training_days': 20, 'n_estimators': 493, 'max_depth': 3, 'num_leaves': 61, 'learning_rate': 0.29342259845704743, 'subsample': 0.6400134854724905, 'colsample_bytree': 0.819200104775254, 'min_child_samples': 20, 'reg_alpha': 3.4134308837730416e-05, 'reg_lambda': 6.7762174258243075e-06}. Best is trial 9 with value: 0.009174056057344749.
[I 2026-06-01 11:04:19,727] Trial 12 finished with value: -0.11602770842703918 and parameters: {'confidence_threshold': 0.7298346593678096, 'training_days': 90, 'n_estimators': 354, 'max_depth': 4, 'num_leaves': 34, 'learning_rate': 0.28490603948879284, 'subsample': 0.6372685119000572, 'colsample_bytree': 0.6536151016793315, 'min_child_samples': 20, 'reg_alpha': 1.613562423721877e-06, 'reg_lambda': 4.507398817361611e-06}. Best is trial 9 with value: 0.009174056057344749.
[I 2026-06-01 11:04:19,873] Trial 13 finished with value: -0.1608737188190385 and parameters: {'confidence_threshold': 0.7395395722916298, 'training_days': 110, 'n_estimators': 500, 'max_depth': 3, 'num_leaves': 62, 'learning_rate': 0.15617500002908422, 'subsample': 0.6866291716128416, 'colsample_bytree': 0.8155421717694826, 'min_child_samples': 87, 'reg_alpha': 2.538028559928981e-08, 'reg_lambda': 4.448098583586063e-06}. Best is trial 9 with value: 0.009174056057344749.
[I 2026-06-01 11:04:19,901] Trial 14 finished with value: 0.009174056057344749 and parameters: {'confidence_threshold': 0.6730556752351576, 'training_days': 10, 'n_estimators': 311, 'max_depth': 3, 'num_leaves': 47, 'learning_rate': 0.15980925305956928, 'subsample': 0.5808433054196197, 'colsample_bytree': 0.9897127958863723, 'min_child_samples': 31, 'reg_alpha': 0.00026709189751978, 'reg_lambda': 6.036141982974625e-07}. Best is trial 9 with value: 0.009174056057344749.
[I 2026-06-01 11:04:20,049] Trial 15 finished with value: -0.14997415118180363 and parameters: {'confidence_threshold': 0.7744266204232665, 'training_days': 130, 'n_estimators': 427, 'max_depth': 4, 'num_leaves': 35, 'learning_rate': 0.16793725570013096, 'subsample': 0.8148962438062751, 'colsample_bytree': 0.8102189341141462, 'min_child_samples': 83, 'reg_alpha': 2.492303987055042e-06, 'reg_lambda': 5.801880838110314e-05}. Best is trial 9 with value: 0.009174056057344749.
[I 2026-06-01 11:04:20,265] Trial 16 finished with value: -0.12765304366547997 and parameters: {'confidence_threshold': 0.6733016505572924, 'training_days': 270, 'n_estimators': 246, 'max_depth': 4, 'num_leaves': 56, 'learning_rate': 0.09806146822400062, 'subsample': 0.6022959818573481, 'colsample_bytree': 0.6662245429667588, 'min_child_samples': 34, 'reg_alpha': 2.5029071505157144e-07, 'reg_lambda': 6.702479884257687e-05}. Best is trial 9 with value: 0.009174056057344749.
[I 2026-06-01 11:04:20,298] Trial 17 finished with value: -0.23328778108946163 and parameters: {'confidence_threshold': 0.5117348252069074, 'training_days': 60, 'n_estimators': 436, 'max_depth': 3, 'num_leaves': 40, 'learning_rate': 0.010425658055299656, 'subsample': 0.689395682380455, 'colsample_bytree': 0.6091330191487015, 'min_child_samples': 97, 'reg_alpha': 9.61576513003658e-06, 'reg_lambda': 6.880925840516315e-07}. Best is trial 9 with value: 0.009174056057344749.
[I 2026-06-01 11:04:20,532] A new study created in memory with name: no-name-414434c0-953d-4ed8-b8f9-9f3dc0b1ab0b
