[I 2026-06-01 11:02:56,189] Trial 17 finished with value: 0.05306362467400187 and parameters: {'confidence_threshold': 0.8411982804165903, 'training_days': 200, 'n_estimators': 188, 'max_depth': 4, 'num_leaves': 32, 'learning_rate': 0.1310983942282229, 'subsample': 0.6718064291677197, 'colsample_bytree': 0.9920053259992261, 'min_child_samples': 33, 'reg_alpha': 0.0008059760040484764, 'reg_lambda': 0.001352150060975526}. Best is trial 12 with value: 0.053796852412147746.

    [trial 14] Sharpe=0.0294 (folds: 0.0856, -0.1013, 0.1720, 0.0117, -0.0208)
    [trial 15] 46 features, training_days=300 | threshold=0.685 | labels: 1029 long, 1139 short (47/53%)
    [trial 15] Sharpe=0.0198 (folds: 0.0837, -0.1263, 0.1916, -0.0384, -0.0114)
    [trial 16] 46 features, training_days=350 | threshold=0.688 | labels: 1029 long, 1139 short (47/53%)
    [trial 16] Sharpe=0.0274 (folds: 0.0935, -0.0652, 0.1366, -0.0520, 0.0242)
    [trial 17] 46 features, training_days=490 | threshold=0.666 | labels: 1029 long, 1139 short (47/53%)
    [trial 17] Sharpe=0.0350 (folds: 0.1146, -0.1425, 0.1859, 0.0113, 0.0055)
  Optuna: 18 trials, best Sharpe = 0.0619
  Best params: n_estimators=367, max_depth=5, lr=0.1338, leaves=32
  Best confidence_threshold: 0.607
  Best training_days: 200
  Retrained on full data (600 samples, 46 features)
  [ensemble 3/3] seed=456
    [trial 0] 46 features, training_days=90 | threshold=0.587 | labels: 1029 long, 1139 short (47/53%)
    [CV fold 0] train_end=2021-06-22 08:00 | val_start=2021-06-30 00:00 | gap=184h (22 rows)
    [CV fold 1] train_end=2021-10-20 16:00 | val_start=2021-10-28 08:00 | gap=184h (22 rows)
    [CV fold 2] train_end=2022-02-18 00:00 | val_start=2022-02-25 16:00 | gap=184h (22 rows)
    [CV fold 3] train_end=2022-06-18 08:00 | val_start=2022-06-26 00:00 | gap=184h (22 rows)
    [CV fold 4] train_end=2022-10-16 16:00 | val_start=2022-10-24 08:00 | gap=184h (22 rows)
    [trial 0] Sharpe=0.0181 (folds: 0.1696, -0.0966, -0.0780, 0.0692, 0.0261)
    [trial 1] 46 features, training_days=290 | threshold=0.635 | labels: 1029 long, 1139 short (47/53%)
    [trial 1] Sharpe=-0.0646 (folds: 0.0289, -0.2158, 0.0080, -0.1004, -0.0437)
    [trial 2] 46 features, training_days=10 | threshold=0.585 | labels: 1029 long, 1139 short (47/53%)
    [trial 2] Sharpe=-0.1172 (folds: -0.2854, -0.2504, 0.1643, -0.1760, -0.0383)
    [trial 3] 46 features, training_days=220 | threshold=0.687 | labels: 1029 long, 1139 short (47/53%)
    [trial 3] Sharpe=-0.0546 (folds: 0.1048, -0.1700, -0.0092, -0.1453, -0.0535)
    [trial 4] 46 features, training_days=300 | threshold=0.562 | labels: 1029 long, 1139 short (47/53%)
    [trial 4] Sharpe=0.0266 (folds: 0.1712, -0.1413, 0.2224, -0.0223, -0.0970)
    [trial 5] 46 features, training_days=490 | threshold=0.711 | labels: 1029 long, 1139 short (47/53%)
    [trial 5] Sharpe=0.0373 (folds: 0.0901, -0.0878, 0.2405, -0.0173, -0.0387)
    [trial 6] 46 features, training_days=420 | threshold=0.667 | labels: 1029 long, 1139 short (47/53%)
    [trial 6] Sharpe=-0.0279 (folds: 0.0108, -0.1525, 0.1440, -0.0626, -0.0790)
    [trial 7] 46 features, training_days=120 | threshold=0.550 | labels: 1029 long, 1139 short (47/53%)
    [trial 7] Sharpe=0.0057 (folds: 0.0500, 0.0076, -0.0316, -0.1313, 0.1336)
    [trial 8] 46 features, training_days=450 | threshold=0.720 | labels: 1029 long, 1139 short (47/53%)
    [trial 8] Sharpe=-0.0109 (folds: 0.0479, -0.2484, 0.2602, -0.0889, -0.0254)
    [trial 9] 46 features, training_days=20 | threshold=0.727 | labels: 1029 long, 1139 short (47/53%)
    [trial 9] Sharpe=-2.0819 (folds: -0.2854, -0.2504, 0.1643, -10.0000, -0.0383)
    [trial 10] 46 features, training_days=490 | threshold=0.828 | labels: 1029 long, 1139 short (47/53%)
    [trial 10] Sharpe=0.0170 (folds: 0.0705, -0.2011, 0.2909, -0.0839, 0.0084)
    [trial 11] 46 features, training_days=310 | threshold=0.786 | labels: 1029 long, 1139 short (47/53%)
    [trial 11] Sharpe=0.0183 (folds: 0.0121, -0.1445, 0.0784, 0.0741, 0.0715)
    [trial 12] 46 features, training_days=370 | threshold=0.515 | labels: 1029 long, 1139 short (47/53%)
    [trial 12] Sharpe=0.0538 (folds: 0.1207, -0.0291, 0.1946, -0.0445, 0.0272)
    [trial 13] 46 features, training_days=380 | threshold=0.501 | labels: 1029 long, 1139 short (47/53%)
    [trial 13] Sharpe=0.0136 (folds: 0.0636, -0.1200, 0.1602, -0.1043, 0.0686)
    [trial 14] 46 features, training_days=370 | threshold=0.761 | labels: 1029 long, 1139 short (47/53%)
    [trial 14] Sharpe=0.0393 (folds: 0.0640, -0.1039, 0.2312, -0.0297, 0.0348)
    [trial 15] 46 features, training_days=360 | threshold=0.776 | labels: 1029 long, 1139 short (47/53%)
    [trial 15] Sharpe=0.0268 (folds: 0.1254, -0.0655, 0.1898, -0.0758, -0.0402)
    [trial 16] 46 features, training_days=230 | threshold=0.847 | labels: 1029 long, 1139 short (47/53%)
    [trial 16] Sharpe=0.0412 (folds: 0.1125, -0.1316, 0.2035, -0.0069, 0.0286)
    [trial 17] 46 features, training_days=200 | threshold=0.841 | labels: 1029 long, 1139 short (47/53%)
    [trial 17] Sharpe=0.0531 (folds: 0.2220, -0.1015, 0.2521, -0.0019, -0.1054)
  Optuna: 18 trials, best Sharpe = 0.0538
  Best params: n_estimators=243, max_depth=4, lr=0.1241, leaves=30
  Best confidence_threshold: 0.515
  Best training_days: 370
  Retrained on full data (1110 samples, 46 features)
  OOD: 16 features, cutoff (q=0.7) = 14.17
  Model trained for 2023-03: 93 test candles with features, confidence_threshold=0.623
[predict] 2023-03-01 00:00 DOTUSDT → LONG (proba=0.90 TP=11.0%/SL=5.5%)
[trade:open] 2023-03-01 07:59 DOTUSDT LONG @ 6.54 | SL=6.18 TP=7.25 | timeout=2023-03-08 07:59
[trade:close] 2023-03-03 07:59 DOTUSDT LONG → stop_loss @ 6.18 | PnL=-5.49% (net -5.59%) | cum=-33.80% 2023-03=-5.59% 2023-03-03=-5.59%
[predict] 2023-03-05 00:00 DOTUSDT → SHORT (proba=0.75 TP=11.0%/SL=5.5%)
[trade:open] 2023-03-05 07:59 DOTUSDT SHORT @ 5.98 | SL=6.30 TP=5.32 | timeout=2023-03-12 07:59
[trade:close] 2023-03-09 23:59 DOTUSDT SHORT → take_profit @ 5.32 | PnL=+10.97% (net +10.87%) | cum=-22.93% 2023-03=+5.28% 2023-03-09=+10.87%
[predict] 2023-03-10 16:00 DOTUSDT → LONG (proba=0.94 TP=14.5%/SL=7.2%)
[trade:open] 2023-03-10 23:59 DOTUSDT LONG @ 5.54 | SL=5.14 TP=6.35 | timeout=2023-03-17 23:59
[trade:close] 2023-03-14 15:59 DOTUSDT LONG → take_profit @ 6.35 | PnL=+14.48% (net +14.38%) | cum=-8.55% 2023-03=+19.66% 2023-03-14=+14.38%
[predict] 2023-03-15 16:00 DOTUSDT → LONG (proba=0.83 TP=17.1%/SL=8.6%)
[trade:open] 2023-03-15 23:59 DOTUSDT LONG @ 5.87 | SL=5.37 TP=6.88 | timeout=2023-03-22 23:59
[trade:close] 2023-03-23 00:00 DOTUSDT LONG → timeout @ 6.05 | PnL=+3.00% (net +2.90%) | cum=-5.66% 2023-03=+22.56% 2023-03-23=+2.90%
[predict] 2023-03-23 16:00 DOTUSDT → SHORT (proba=0.66 TP=13.8%/SL=6.9%)
[trade:open] 2023-03-23 23:59 DOTUSDT SHORT @ 6.32 | SL=6.75 TP=5.44 | timeout=2023-03-30 23:59
[trade:close] 2023-03-31 00:00 DOTUSDT SHORT → timeout @ 6.12 | PnL=+3.15% (net +3.05%) | cum=-2.61% 2023-03=+25.61% 2023-03-31=+3.05%
[predict] 2023-03-31 16:00 DOTUSDT → SHORT (proba=0.98 TP=9.1%/SL=4.6%)
[trade:open] 2023-03-31 23:59 DOTUSDT SHORT @ 6.34 | SL=6.63 TP=5.76 | timeout=2023-04-07 23:59
[lgbm] === Training for 2023-04 ===
  Train window: 2021-04-01 → 2023-03-24
  2168 training samples from 1 symbols
  Samples per month: 2021-04: 90, 2021-05: 93, 2021-06: 90, 2021-07: 93, 2021-08: 93, 2021-09: 90, 2021-10: 93, 2021-11: 90, 2021-12: 93, 2022-01: 93, 2022-02: 84, 2022-03: 93, 2022-04: 90, 2022-05: 93, 2022-06: 90, 2022-07: 93, 2022-08: 93, 2022-09: 90, 2022-10: 93, 2022-11: 90, 2022-12: 93, 2023-01: 93, 2023-02: 84, 2023-03: 71
  [label] 2021-06-01 16:00 DOTUSDT entry=22.8170 → SHORT | long=timeout(-5.28%) short=sl(-16.71%) | scanned=22 | no_tp→fwd_return=-5.1803
  [label] 2021-06-03 16:00 DOTUSDT entry=26.9870 → SHORT | long=sl(-13.39%) short=tp(+26.48%) | scanned=14 | short_tp_only
  [label] 2021-06-07 16:00 DOTUSDT entry=21.6870 → LONG | long=timeout(+19.05%) short=sl(-14.36%) | scanned=22 | no_tp→fwd_return=+19.1497
  [label] 2021-07-02 08:00 DOTUSDT entry=15.2600 → LONG | long=timeout(+2.78%) short=sl(-10.96%) | scanned=22 | no_tp→fwd_return=+2.8834
  [label] 2021-08-23 16:00 DOTUSDT entry=27.9010 → SHORT | long=sl(-9.18%) short=timeout(+6.45%) | scanned=22 | no_tp→fwd_return=-6.5517
  [label] 2022-02-05 16:00 DOTUSDT entry=21.3120 → SHORT | long=sl(-8.13%) short=sl(-8.13%) | scanned=18 | no_tp→fwd_return=-11.0595
  [label] 2022-02-09 16:00 DOTUSDT entry=21.9290 → SHORT | long=sl(-7.46%) short=tp(+14.62%) | scanned=6 | short_tp_only
  [label] 2022-02-20 08:00 DOTUSDT entry=16.9620 → SHORT | long=sl(-8.47%) short=tp(+16.64%) | scanned=11 | short_tp_only[I 2026-06-01 11:02:56,634] A new study created in memory with name: no-name-d5f69e38-0aa2-42d9-b795-6c2057e72bdc
[I 2026-06-01 11:02:56,946] Trial 0 finished with value: -0.07583993080324747 and parameters: {'confidence_threshold': 0.6310890415965769, 'training_days': 480, 'n_estimators': 380, 'max_depth': 4, 'num_leaves': 22, 'learning_rate': 0.01699897838270077, 'subsample': 0.5290418060840998, 'colsample_bytree': 0.9330880728874675, 'min_child_samples': 68, 'reg_alpha': 0.023585940584142682, 'reg_lambda': 1.5320059381854043e-08}. Best is trial 0 with value: -0.07583993080324747.
[I 2026-06-01 11:02:57,059] Trial 1 finished with value: -6.070434982716267 and parameters: {'confidence_threshold': 0.839468448256698, 'training_days': 420, 'n_estimators': 145, 'max_depth': 3, 'num_leaves': 23, 'learning_rate': 0.028145092716060652, 'subsample': 0.762378215816119, 'colsample_bytree': 0.7159725093210578, 'min_child_samples': 43, 'reg_alpha': 0.0032112643094417484, 'reg_lambda': 1.8007140198129195e-07}. Best is trial 0 with value: -0.07583993080324747.
[I 2026-06-01 11:02:57,196] Trial 2 finished with value: -0.10717143793407372 and parameters: {'confidence_threshold': 0.6022506269873263, 'training_days': 190, 'n_estimators': 255, 'max_depth': 5, 'num_leaves': 24, 'learning_rate': 0.05748924681991978, 'subsample': 0.7962072844310213, 'colsample_bytree': 0.5232252063599989, 'min_child_samples': 69, 'reg_alpha': 3.425445902633376e-07, 'reg_lambda': 3.850031979199519e-08}. Best is trial 0 with value: -0.07583993080324747.
[I 2026-06-01 11:02:57,456] Trial 3 finished with value: -0.13090158787124156 and parameters: {'confidence_threshold': 0.8321099380386666, 'training_days': 490, 'n_estimators': 414, 'max_depth': 3, 'num_leaves': 19, 'learning_rate': 0.1024932221692416, 'subsample': 0.7200762468698007, 'colsample_bytree': 0.5610191174223894, 'min_child_samples': 60, 'reg_alpha': 2.039373116525212e-08, 'reg_lambda': 1.527156759251193}. Best is trial 0 with value: -0.07583993080324747.
[I 2026-06-01 11:02:57,609] Trial 4 finished with value: -0.156045790306823 and parameters: {'confidence_threshold': 0.5905729935600059, 'training_days': 340, 'n_estimators': 190, 'max_depth': 4, 'num_leaves': 41, 'learning_rate': 0.01875220945578641, 'subsample': 0.9847923138822793, 'colsample_bytree': 0.8875664116805573, 'min_child_samples': 96, 'reg_alpha': 1.1309571585271483, 'reg_lambda': 0.002404915432737351}. Best is trial 0 with value: -0.07583993080324747.
[I 2026-06-01 11:02:57,648] Trial 5 finished with value: -0.4799132484251388 and parameters: {'confidence_threshold': 0.8226559822580909, 'training_days': 50, 'n_estimators': 138, 'max_depth': 3, 'num_leaves': 30, 'learning_rate': 0.03750796359625606, 'subsample': 0.6356745158869479, 'colsample_bytree': 0.9143687545759647, 'min_child_samples': 48, 'reg_alpha': 3.376063348877853e-06, 'reg_lambda': 0.0007660634613082914}. Best is trial 0 with value: -0.07583993080324747.
[I 2026-06-01 11:02:57,746] Trial 6 finished with value: -0.06867593952199966 and parameters: {'confidence_threshold': 0.5493234787411669, 'training_days': 410, 'n_estimators': 83, 'max_depth': 5, 'num_leaves': 52, 'learning_rate': 0.019657448966046126, 'subsample': 0.5027610585618012, 'colsample_bytree': 0.9077307142274171, 'min_child_samples': 77, 'reg_alpha': 0.03639690979811287, 'reg_lambda': 0.08738424135626986}. Best is trial 6 with value: -0.06867593952199966.
[I 2026-06-01 11:02:57,842] Trial 7 finished with value: -0.1361443139682804 and parameters: {'confidence_threshold': 0.5259156281069316, 'training_days': 180, 'n_estimators': 102, 'max_depth': 5, 'num_leaves': 45, 'learning_rate': 0.030816017044468066, 'subsample': 0.5317791751430119, 'colsample_bytree': 0.6554911608578311, 'min_child_samples': 46, 'reg_alpha': 0.036851536911881845, 'reg_lambda': 0.005470376807480391}. Best is trial 6 with value: -0.06867593952199966.
[I 2026-06-01 11:02:57,941] Trial 8 finished with value: -0.21757183656245785 and parameters: {'confidence_threshold': 0.8105244599017143, 'training_days': 240, 'n_estimators': 103, 'max_depth': 5, 'num_leaves': 52, 'learning_rate': 0.06746437142284309, 'subsample': 0.8854835899772805, 'colsample_bytree': 0.7468977981821954, 'min_child_samples': 62, 'reg_alpha': 7.04480806377519e-05, 'reg_lambda': 1.6934490731313353e-08}. Best is trial 6 with value: -0.06867593952199966.
[I 2026-06-01 11:02:57,962] Trial 9 finished with value: 0.04594888592040412 and parameters: {'confidence_threshold': 0.5377619994476566, 'training_days': 20, 'n_estimators': 337, 'max_depth': 3, 'num_leaves': 39, 'learning_rate': 0.21907142272152816, 'subsample': 0.6246461145744375, 'colsample_bytree': 0.7051914615178149, 'min_child_samples': 81, 'reg_alpha': 1.1459970229341322e-06, 'reg_lambda': 4.929685216887945e-08}. Best is trial 9 with value: 0.04594888592040412.
[I 2026-06-01 11:02:57,996] Trial 10 finished with value: -1.9499547879899928 and parameters: {'confidence_threshold': 0.7449289185605341, 'training_days': 10, 'n_estimators': 487, 'max_depth': 3, 'num_leaves': 61, 'learning_rate': 0.21914469472126635, 'subsample': 0.628963476300746, 'colsample_bytree': 0.8189858776055304, 'min_child_samples': 27, 'reg_alpha': 2.8948477959263623e-05, 'reg_lambda': 3.3639426888455256e-06}. Best is trial 9 with value: 0.04594888592040412.
[I 2026-06-01 11:02:58,233] Trial 11 finished with value: -0.10372854139436764 and parameters: {'confidence_threshold': 0.5031729138375424, 'training_days': 350, 'n_estimators': 327, 'max_depth': 4, 'num_leaves': 52, 'learning_rate': 0.010432023013264416, 'subsample': 0.6089267919181687, 'colsample_bytree': 0.8279718712234718, 'min_child_samples': 89, 'reg_alpha': 4.018687704804354, 'reg_lambda': 0.5855213887055177}. Best is trial 9 with value: 0.04594888592040412.
[I 2026-06-01 11:02:58,331] Trial 12 finished with value: -0.05351608037561956 and parameters: {'confidence_threshold': 0.5524132565058795, 'training_days': 140, 'n_estimators': 228, 'max_depth': 4, 'num_leaves': 33, 'learning_rate': 0.2959628420607887, 'subsample': 0.5392311924833902, 'colsample_bytree': 0.9955462072303609, 'min_child_samples': 84, 'reg_alpha': 0.0010435482830539913, 'reg_lambda': 3.06242583717076e-05}. Best is trial 9 with value: 0.04594888592040412.
[I 2026-06-01 11:02:58,415] Trial 13 finished with value: -0.03968362757378538 and parameters: {'confidence_threshold': 0.694422166807498, 'training_days': 100, 'n_estimators': 252, 'max_depth': 4, 'num_leaves': 34, 'learning_rate': 0.2950774808798458, 'subsample': 0.6864507539038798, 'colsample_bytree': 0.999506181277545, 'min_child_samples': 83, 'reg_alpha': 0.0005546971598227377, 'reg_lambda': 4.448098583586055e-06}. Best is trial 9 with value: 0.04594888592040412.
[I 2026-06-01 11:02:58,504] Trial 14 finished with value: -0.0691707011758204 and parameters: {'confidence_threshold': 0.7002258235541601, 'training_days': 90, 'n_estimators': 315, 'max_depth': 3, 'num_leaves': 34, 'learning_rate': 0.15242757712081229, 'subsample': 0.7082631669908994, 'colsample_bytree': 0.6527938403700684, 'min_child_samples': 100, 'reg_alpha': 1.5812914597529304e-06, 'reg_lambda': 1.9278048330070584e-06}. Best is trial 9 with value: 0.04594888592040412.
[I 2026-06-01 11:02:58,592] Trial 15 finished with value: -0.04951836423505014 and parameters: {'confidence_threshold': 0.6700755444327502, 'training_days': 100, 'n_estimators': 314, 'max_depth': 4, 'num_leaves': 40, 'learning_rate': 0.128975118342693, 'subsample': 0.8248279935135726, 'colsample_bytree': 0.6464121952117765, 'min_child_samples': 81, 'reg_alpha': 1.361626751747794e-08, 'reg_lambda': 2.9211475147123973e-05}. Best is trial 9 with value: 0.04594888592040412.
[I 2026-06-01 11:02:58,621] Trial 16 finished with value: -1.9499547879899928 and parameters: {'confidence_threshold': 0.7405378962307041, 'training_days': 10, 'n_estimators': 408, 'max_depth': 4, 'num_leaves': 45, 'learning_rate': 0.29731905091310756, 'subsample': 0.6751566650652879, 'colsample_bytree': 0.8175369132348151, 'min_child_samples': 74, 'reg_alpha': 7.847123733552038e-05, 'reg_lambda': 7.583035171124901e-07}. Best is trial 9 with value: 0.04594888592040412.
[I 2026-06-01 11:02:58,678] Trial 17 finished with value: -0.04279741270539607 and parameters: {'confidence_threshold': 0.6646220396351465, 'training_days': 90, 'n_estimators': 208, 'max_depth': 3, 'num_leaves': 15, 'learning_rate': 0.18498584412934874, 'subsample': 0.5856133164107235, 'colsample_bytree': 0.9956385980717998, 'min_child_samples': 90, 'reg_alpha': 2.429480365927915e-07, 'reg_lambda': 2.6139102316609105e-05}. Best is trial 9 with value: 0.04594888592040412.
[I 2026-06-01 11:02:58,804] A new study created in memory with name: no-name-842d90a2-fae8-4e9a-b809-a6fad6270e89
[I 2026-06-01 11:02:58,902] Trial 0 finished with value: -0.13282777229841652 and parameters: {'confidence_threshold': 0.7437642149592516, 'training_days': 150, 'n_estimators': 152, 'max_depth': 4, 'num_leaves': 50, 'learning_rate': 0.04216766425047743, 'subsample': 0.9903820991923078, 'colsample_bytree': 0.8424148692924316, 'min_child_samples': 58, 'reg_alpha': 3.381097259762742e-05, 'reg_lambda': 1.2263152961306247e-05}. Best is trial 0 with value: -0.13282777229841652.
[I 2026-06-01 11:02:58,970] Trial 1 finished with value: -0.3387656539597709 and parameters: {'confidence_threshold': 0.7551673975844145, 'training_days': 220, 'n_estimators': 76, 'max_depth': 4, 'num_leaves': 51, 'learning_rate': 0.018602118810743477, 'subsample': 0.5877258780737462, 'colsample_bytree': 0.7657756869209191, 'min_child_samples': 63, 'reg_alpha': 0.005123994170264194, 'reg_lambda': 0.44145470178120466}. Best is trial 0 with value: -0.13282777229841652.
[I 2026-06-01 11:02:59,226] Trial 2 finished with value: -0.10423130962132279 and parameters: {'confidence_threshold': 0.7535593637012223, 'training_days': 310, 'n_estimators': 375, 'max_depth': 3, 'num_leaves': 32, 'learning_rate': 0.021735641882032388, 'subsample': 0.6468570231944146, 'colsample_bytree': 0.8154880619272439, 'min_child_samples': 27, 'reg_alpha': 8.004064028491336e-05, 'reg_lambda': 7.546835261630524e-05}. Best is trial 2 with value: -0.10423130962132279.
[I 2026-06-01 11:02:59,399] Trial 3 finished with value: -0.07674127449816262 and parameters: {'confidence_threshold': 0.6727897841776072, 'training_days': 220, 'n_estimators': 190, 'max_depth': 4, 'num_leaves': 58, 'learning_rate': 0.24810689332636193, 'subsample': 0.7509183379421682, 'colsample_bytree': 0.8119764758960556, 'min_child_samples': 29, 'reg_alpha': 7.1708285081421445e-06, 'reg_lambda': 5.412973582738627e-05}. Best is trial 3 with value: -0.07674127449816262.
[I 2026-06-01 11:02:59,527] Trial 4 finished with value: -0.0342652557976078 and parameters: {'confidence_threshold': 0.803208205259178, 'training_days': 130, 'n_estimators': 267, 'max_depth': 5, 'num_leaves': 40, 'learning_rate': 0.08041175317374143, 'subsample': 0.5603143329951619, 'colsample_bytree': 0.9131704002534167, 'min_child_samples': 68, 'reg_alpha': 0.0008046593428183385, 'reg_lambda': 1.2158346158765583e-05}. Best is trial 4 with value: -0.0342652557976078.
[I 2026-06-01 11:02:59,749] Trial 5 finished with value: -0.10745443560334889 and parameters: {'confidence_threshold': 0.6064422761595144, 'training_days': 210, 'n_estimators': 357, 'max_depth': 5, 'num_leaves': 40, 'learning_rate': 0.0974221287220869, 'subsample': 0.7929682762811064, 'colsample_bytree': 0.8124517510478, 'min_child_samples': 74, 'reg_alpha': 0.3811377260781234, 'reg_lambda': 5.607314238392041e-08}. Best is trial 4 with value: -0.0342652557976078.
[I 2026-06-01 11:02:59,858] Trial 6 finished with value: -0.11632430849010669 and parameters: {'confidence_threshold': 0.7672889945051684, 'training_days': 130, 'n_estimators': 137, 'max_depth': 4, 'num_leaves': 19, 'learning_rate': 0.2031117614248665, 'subsample': 0.8136244860256343, 'colsample_bytree': 0.8617081790949774, 'min_child_samples': 21, 'reg_alpha': 0.002238138278733199, 'reg_lambda': 0.001025809534977322}. Best is trial 4 with value: -0.0342652557976078.
[I 2026-06-01 11:02:59,929] Trial 7 finished with value: -0.05671168340602227 and parameters: {'confidence_threshold': 0.555635875450653, 'training_days': 80, 'n_estimators': 363, 'max_depth': 3, 'num_leaves': 48, 'learning_rate': 0.06590089024008658, 'subsample': 0.6944752870615722, 'colsample_bytree': 0.962566244806993, 'min_child_samples': 88, 'reg_alpha': 1.6465620446426067e-05, 'reg_lambda': 2.4678750890085655e-08}. Best is trial 4 with value: -0.0342652557976078.
[I 2026-06-01 11:03:00,273] Trial 8 finished with value: -0.06495503390755222 and parameters: {'confidence_threshold': 0.6066688256938841, 'training_days': 200, 'n_estimators': 367, 'max_depth': 5, 'num_leaves': 32, 'learning_rate': 0.13377519215934996, 'subsample': 0.7965884582811106, 'colsample_bytree': 0.8458508993500886, 'min_child_samples': 32, 'reg_alpha': 3.889436043816386e-05, 'reg_lambda': 1.4713062489380356e-06}. Best is trial 4 with value: -0.0342652557976078.
