[I 2026-06-01 11:05:39,313] Trial 12 finished with value: -0.06385657125316199 and parameters: {'confidence_threshold': 0.6903370281747679, 'training_days': 110, 'n_estimators': 333, 'max_depth': 4, 'num_leaves': 34, 'learning_rate': 0.2959628420607887, 'subsample': 0.6474954913244232, 'colsample_bytree': 0.619932351725411, 'min_child_samples': 90, 'reg_alpha': 1.0591890956247148e-08, 'reg_lambda': 1.1393239994242479e-05}. Best is trial 11 with value: -0.0300374129773883.

    [trial 17] Sharpe=-0.0356 (folds: 0.0853, -0.1049, -0.0337, -0.0800, -0.0445)
  Optuna: 18 trials, best Sharpe = 0.0550
  Best params: n_estimators=212, max_depth=3, lr=0.1845, leaves=41
  Best confidence_threshold: 0.585
  Best training_days: 10
  Retrained on full data (30 samples, 46 features)
  OOD: 16 features, cutoff (q=0.7) = 14.10
  Model trained for 2024-08: 93 test candles with features, confidence_threshold=0.653
[predict] 2024-08-01 16:00 DOTUSDT → LONG (proba=0.67 TP=11.3%/SL=5.6%)
[trade:open] 2024-08-01 23:59 DOTUSDT LONG @ 5.34 | SL=5.04 TP=5.94 | timeout=2024-08-08 23:59
[trade:close] 2024-08-02 15:59 DOTUSDT LONG → stop_loss @ 5.04 | PnL=-5.63% (net -5.73%) | cum=+50.66% 2024-08=-5.73% 2024-08-02=-5.73%
[predict] 2024-08-09 08:00 DOTUSDT → SHORT (proba=0.96 TP=16.8%/SL=8.4%)
[trade:open] 2024-08-09 15:59 DOTUSDT SHORT @ 4.75 | SL=5.16 TP=3.95 | timeout=2024-08-16 15:59
[trade:close] 2024-08-16 16:00 DOTUSDT SHORT → timeout @ 4.25 | PnL=+10.64% (net +10.54%) | cum=+61.20% 2024-08=+4.81% 2024-08-16=+10.54%
[predict] 2024-08-17 16:00 DOTUSDT → LONG (proba=0.65 TP=10.0%/SL=5.0%)
[trade:open] 2024-08-17 23:59 DOTUSDT LONG @ 4.37 | SL=4.15 TP=4.80 | timeout=2024-08-24 23:59
[trade:close] 2024-08-23 15:59 DOTUSDT LONG → take_profit @ 4.80 | PnL=+10.02% (net +9.92%) | cum=+71.12% 2024-08=+14.73% 2024-08-23=+9.92%
[predict] 2024-08-25 00:00 DOTUSDT → LONG (proba=0.67 TP=10.0%/SL=5.0%)
[trade:open] 2024-08-25 07:59 DOTUSDT LONG @ 4.77 | SL=4.53 TP=5.25 | timeout=2024-09-01 07:59
[trade:close] 2024-08-26 23:59 DOTUSDT LONG → stop_loss @ 4.53 | PnL=-5.00% (net -5.10%) | cum=+66.01% 2024-08=+9.62% 2024-08-26=-5.10%
[predict] 2024-08-29 08:00 DOTUSDT → LONG (proba=0.67 TP=11.5%/SL=5.8%)
[trade:open] 2024-08-29 15:59 DOTUSDT LONG @ 4.38 | SL=4.13 TP=4.89 | timeout=2024-09-05 15:59
[trade:close] 2024-08-30 15:59 DOTUSDT LONG → stop_loss @ 4.13 | PnL=-5.77% (net -5.87%) | cum=+60.14% 2024-08=+3.76% 2024-08-30=-5.87%
[lgbm] === Training for 2024-09 ===
  Train window: 2022-09-01 → 2024-08-24
  2171 training samples from 1 symbols
  Samples per month: 2022-09: 90, 2022-10: 93, 2022-11: 90, 2022-12: 93, 2023-01: 93, 2023-02: 84, 2023-03: 93, 2023-04: 90, 2023-05: 93, 2023-06: 90, 2023-07: 93, 2023-08: 93, 2023-09: 90, 2023-10: 93, 2023-11: 90, 2023-12: 93, 2024-01: 93, 2024-02: 87, 2024-03: 93, 2024-04: 90, 2024-05: 93, 2024-06: 90, 2024-07: 93, 2024-08: 71
  [label] 2022-11-01 16:00 DOTUSDT entry=6.4500 → LONG | long=tp(+9.30%) short=sl(-4.80%) | scanned=9 | long_tp_only
  [label] 2022-11-04 00:00 DOTUSDT entry=6.6870 → LONG | long=tp(+10.63%) short=sl(-5.47%) | scanned=11 | long_tp_only
  [label] 2022-11-07 16:00 DOTUSDT entry=7.1190 → SHORT | long=sl(-6.79%) short=tp(+13.28%) | scanned=3 | short_tp_only
  [label] 2022-12-02 08:00 DOTUSDT entry=5.6410 → SHORT | long=sl(-4.69%) short=timeout(+5.06%) | scanned=22 | no_tp→fwd_return=-5.1587
  [label] 2023-01-24 00:00 DOTUSDT entry=6.6020 → SHORT | long=sl(-7.00%) short=timeout(+5.22%) | scanned=22 | no_tp→fwd_return=-5.3166
  [label] 2023-07-09 00:00 DOTUSDT entry=5.1120 → LONG | long=tp(+8.77%) short=sl(-4.53%) | scanned=15 | long_tp_only
  [label] 2023-07-13 00:00 DOTUSDT entry=5.1590 → LONG | long=tp(+7.37%) short=sl(-3.83%) | scanned=2 | long_tp_only
  [label] 2023-07-23 16:00 DOTUSDT entry=5.3870 → SHORT | long=sl(-4.96%) short=timeout(+3.74%) | scanned=22 | no_tp→fwd_return=-3.8426
  [label] 2023-09-06 16:00 DOTUSDT entry=4.2690 → SHORT | long=sl(-3.30%) short=tp(+6.29%) | scanned=14 | short_tp_only
  [label] 2023-09-15 08:00 DOTUSDT entry=4.1120 → SHORT | long=timeout(-2.70%) short=timeout(+2.50%) | scanned=22 | no_tp→fwd_return=-2.6021
  [label] 2023-12-14 16:00 DOTUSDT entry=7.5130 → LONG | long=sl(-10.40%) short=sl(-10.40%) | scanned=21 | no_tp→fwd_return=+12.2321
  [label] 2024-01-15 16:00 DOTUSDT entry=7.5070 → SHORT | long=sl(-7.97%) short=tp(+15.63%) | scanned=21 | short_tp_only
  [label] 2024-02-01 00:00 DOTUSDT entry=6.6510 → LONG | long=timeout(+4.38%) short=sl(-5.71%) | scanned=22 | no_tp→fwd_return=+4.4805
  [label] 2024-02-13 16:00 DOTUSDT entry=7.3600 → LONG | long=tp(+9.16%) short=sl(-4.73%) | scanned=18 | long_tp_only
  [label] 2024-03-03 00:00 DOTUSDT entry=8.9480 → LONG | long=tp(+16.78%) short=sl(-8.54%) | scanned=6 | long_tp_only
  [label] 2024-03-09 08:00 DOTUSDT entry=10.7700 → SHORT | long=timeout(-4.57%) short=sl(-9.54%) | scanned=22 | no_tp→fwd_return=-4.4661
  [label] 2024-03-21 16:00 DOTUSDT entry=9.1850 → LONG | long=timeout(+3.69%) short=timeout(-3.89%) | scanned=22 | no_tp→fwd_return=+3.7888
  [label] 2024-04-30 08:00 DOTUSDT entry=6.1490 → LONG | long=tp(+13.80%) short=sl(-7.05%) | scanned=6 | long_tp_only
  [label] 2024-05-10 00:00 DOTUSDT entry=7.1230 → LONG | long=sl(-5.29%) short=timeout(-2.18%) | scanned=22 | no_tp→fwd_return=+2.0778
  [label] 2024-08-04 08:00 DOTUSDT entry=4.7190 → SHORT | long=sl(-7.15%) short=tp(+14.00%) | scanned=2 | short_tp_only
  Labels: 1004 long (46.2%), 1167 short (53.8%) | weights: min=1.00, mean=3.99, max=10.00
  Features: 2171/2171 matched, 46 columns
  CV gap: 22 rows
  [ensemble 1/3] seed=42
    [trial 0] 46 features, training_days=480 | threshold=0.631 | labels: 1004 long, 1167 short (46/54%)
    [CV fold 0] train_end=2022-12-24 08:00 | val_start=2023-01-01 00:00 | gap=184h (22 rows)
    [CV fold 1] train_end=2023-04-23 16:00 | val_start=2023-05-01 08:00 | gap=184h (22 rows)
    [CV fold 2] train_end=2023-08-22 00:00 | val_start=2023-08-29 16:00 | gap=184h (22 rows)
    [CV fold 3] train_end=2023-12-20 08:00 | val_start=2023-12-28 00:00 | gap=184h (22 rows)
    [CV fold 4] train_end=2024-04-18 16:00 | val_start=2024-04-26 08:00 | gap=184h (22 rows)
    [trial 0] Sharpe=-0.0546 (folds: -0.0602, 0.0164, -0.0697, -0.1976, 0.0382)
    [trial 1] 46 features, training_days=420 | threshold=0.839 | labels: 1004 long, 1167 short (46/54%)
    [trial 1] Sharpe=-4.1245 (folds: -0.2788, -0.1744, -0.1692, -10.0000, -10.0000)
    [trial 2] 46 features, training_days=190 | threshold=0.602 | labels: 1004 long, 1167 short (46/54%)
    [trial 2] Sharpe=-0.0977 (folds: -0.0767, -0.0399, -0.0984, -0.1048, -0.1689)
    [trial 3] 46 features, training_days=490 | threshold=0.832 | labels: 1004 long, 1167 short (46/54%)
    [trial 3] Sharpe=-0.0439 (folds: -0.0676, -0.0040, -0.0034, -0.2464, 0.1016)
    [trial 4] 46 features, training_days=340 | threshold=0.591 | labels: 1004 long, 1167 short (46/54%)
    [trial 4] Sharpe=-0.0529 (folds: -0.0886, -0.0363, 0.0325, -0.0105, -0.1618)
    [trial 5] 46 features, training_days=50 | threshold=0.823 | labels: 1004 long, 1167 short (46/54%)
    [trial 5] Sharpe=-0.0571 (folds: -0.2871, -0.1197, 0.0090, -0.0994, 0.2117)
    [trial 6] 46 features, training_days=410 | threshold=0.549 | labels: 1004 long, 1167 short (46/54%)
    [trial 6] Sharpe=-0.1614 (folds: -0.1151, -0.0272, -0.1316, -0.2911, -0.2421)
    [trial 7] 46 features, training_days=180 | threshold=0.526 | labels: 1004 long, 1167 short (46/54%)
    [trial 7] Sharpe=-0.1124 (folds: 0.0207, -0.0615, -0.1448, -0.1349, -0.2414)
    [trial 8] 46 features, training_days=240 | threshold=0.811 | labels: 1004 long, 1167 short (46/54%)
    [trial 8] Sharpe=-0.0975 (folds: -0.1664, 0.0239, 0.0065, -0.1302, -0.2215)
    [trial 9] 46 features, training_days=20 | threshold=0.538 | labels: 1004 long, 1167 short (46/54%)
    [trial 9] Sharpe=-0.0358 (folds: -0.0325, 0.0046, -0.2660, -0.0785, 0.1933)
    [trial 10] 46 features, training_days=10 | threshold=0.745 | labels: 1004 long, 1167 short (46/54%)
    [trial 10] Sharpe=-1.9259 (folds: -0.0325, -10.0000, 0.1721, 0.0376, 0.1933)
    [trial 11] 46 features, training_days=100 | threshold=0.713 | labels: 1004 long, 1167 short (46/54%)
    [trial 11] Sharpe=-0.0300 (folds: 0.0389, -0.1197, 0.0277, 0.0392, -0.1363)
    [trial 12] 46 features, training_days=110 | threshold=0.690 | labels: 1004 long, 1167 short (46/54%)
    [trial 12] Sharpe=-0.0639 (folds: -0.0033, -0.1698, 0.0082, 0.0401, -0.1945)
    [trial 13] 46 features, training_days=100 | threshold=0.697 | labels: 1004 long, 1167 short (46/54%)
    [trial 13] Sharpe=-0.0285 (folds: 0.0606, -0.1145, 0.0126, 0.0491, -0.1500)[I 2026-06-01 11:05:39,416] Trial 13 finished with value: -0.02845456380159374 and parameters: {'confidence_threshold': 0.6972197273294004, 'training_days': 100, 'n_estimators': 330, 'max_depth': 4, 'num_leaves': 34, 'learning_rate': 0.1471565040048113, 'subsample': 0.696473785097646, 'colsample_bytree': 0.646385756002074, 'min_child_samples': 84, 'reg_alpha': 3.528711331639897e-07, 'reg_lambda': 8.152647999869425}. Best is trial 13 with value: -0.02845456380159374.
[I 2026-06-01 11:05:39,553] Trial 14 finished with value: -0.05204535194943736 and parameters: {'confidence_threshold': 0.7025971209146005, 'training_days': 120, 'n_estimators': 471, 'max_depth': 4, 'num_leaves': 31, 'learning_rate': 0.12262862999577614, 'subsample': 0.7165813083920051, 'colsample_bytree': 0.6024453361099912, 'min_child_samples': 100, 'reg_alpha': 1.505342626421963e-07, 'reg_lambda': 8.014200529034913}. Best is trial 13 with value: -0.02845456380159374.
[I 2026-06-01 11:05:39,637] Trial 15 finished with value: -0.034774582602298716 and parameters: {'confidence_threshold': 0.7582587723116039, 'training_days': 100, 'n_estimators': 251, 'max_depth': 4, 'num_leaves': 34, 'learning_rate': 0.12152511108551602, 'subsample': 0.833310918906458, 'colsample_bytree': 0.5065896071904618, 'min_child_samples': 85, 'reg_alpha': 6.470426485347162e-06, 'reg_lambda': 0.1450541414724274}. Best is trial 13 with value: -0.02845456380159374.
[I 2026-06-01 11:05:39,924] Trial 16 finished with value: -0.036613066461948375 and parameters: {'confidence_threshold': 0.6567087611904283, 'training_days': 270, 'n_estimators': 408, 'max_depth': 4, 'num_leaves': 46, 'learning_rate': 0.16321310553361967, 'subsample': 0.704994714231035, 'colsample_bytree': 0.6662245429667588, 'min_child_samples': 75, 'reg_alpha': 6.529710258339932e-08, 'reg_lambda': 0.23529158002820744}. Best is trial 13 with value: -0.02845456380159374.
[I 2026-06-01 11:05:40,110] Trial 17 finished with value: -0.07415265922588142 and parameters: {'confidence_threshold': 0.7296153420475378, 'training_days': 170, 'n_estimators': 316, 'max_depth': 4, 'num_leaves': 15, 'learning_rate': 0.010425658055299656, 'subsample': 0.5757306458483624, 'colsample_bytree': 0.9956385980717998, 'min_child_samples': 90, 'reg_alpha': 0.0005961727498011812, 'reg_lambda': 7.881081316783143}. Best is trial 13 with value: -0.02845456380159374.
[I 2026-06-01 11:05:40,405] A new study created in memory with name: no-name-d06782b7-1f66-4835-96d1-c23172a74e27
[I 2026-06-01 11:05:40,492] Trial 0 finished with value: -0.1302086828639672 and parameters: {'confidence_threshold': 0.7437642149592516, 'training_days': 150, 'n_estimators': 152, 'max_depth': 4, 'num_leaves': 50, 'learning_rate': 0.04216766425047743, 'subsample': 0.9903820991923078, 'colsample_bytree': 0.8424148692924316, 'min_child_samples': 58, 'reg_alpha': 3.381097259762742e-05, 'reg_lambda': 1.2263152961306247e-05}. Best is trial 0 with value: -0.1302086828639672.
[I 2026-06-01 11:05:40,558] Trial 1 finished with value: -2.183177708644437 and parameters: {'confidence_threshold': 0.7551673975844145, 'training_days': 220, 'n_estimators': 76, 'max_depth': 4, 'num_leaves': 51, 'learning_rate': 0.018602118810743477, 'subsample': 0.5877258780737462, 'colsample_bytree': 0.7657756869209191, 'min_child_samples': 63, 'reg_alpha': 0.005123994170264194, 'reg_lambda': 0.44145470178120466}. Best is trial 0 with value: -0.1302086828639672.
[I 2026-06-01 11:05:40,821] Trial 2 finished with value: -0.08206875380830389 and parameters: {'confidence_threshold': 0.7535593637012223, 'training_days': 310, 'n_estimators': 375, 'max_depth': 3, 'num_leaves': 32, 'learning_rate': 0.021735641882032388, 'subsample': 0.6468570231944146, 'colsample_bytree': 0.8154880619272439, 'min_child_samples': 27, 'reg_alpha': 8.004064028491336e-05, 'reg_lambda': 7.546835261630524e-05}. Best is trial 2 with value: -0.08206875380830389.
[I 2026-06-01 11:05:40,987] Trial 3 finished with value: -0.10859754178737932 and parameters: {'confidence_threshold': 0.6727897841776072, 'training_days': 220, 'n_estimators': 190, 'max_depth': 4, 'num_leaves': 58, 'learning_rate': 0.24810689332636193, 'subsample': 0.7509183379421682, 'colsample_bytree': 0.8119764758960556, 'min_child_samples': 29, 'reg_alpha': 7.1708285081421445e-06, 'reg_lambda': 5.412973582738627e-05}. Best is trial 2 with value: -0.08206875380830389.
[I 2026-06-01 11:05:41,102] Trial 4 finished with value: -0.10308212441581739 and parameters: {'confidence_threshold': 0.803208205259178, 'training_days': 130, 'n_estimators': 267, 'max_depth': 5, 'num_leaves': 40, 'learning_rate': 0.08041175317374143, 'subsample': 0.5603143329951619, 'colsample_bytree': 0.9131704002534167, 'min_child_samples': 68, 'reg_alpha': 0.0008046593428183385, 'reg_lambda': 1.2158346158765583e-05}. Best is trial 2 with value: -0.08206875380830389.
[I 2026-06-01 11:05:41,324] Trial 5 finished with value: -0.1182643293328782 and parameters: {'confidence_threshold': 0.6064422761595144, 'training_days': 210, 'n_estimators': 357, 'max_depth': 5, 'num_leaves': 40, 'learning_rate': 0.0974221287220869, 'subsample': 0.7929682762811064, 'colsample_bytree': 0.8124517510478, 'min_child_samples': 74, 'reg_alpha': 0.3811377260781234, 'reg_lambda': 5.607314238392041e-08}. Best is trial 2 with value: -0.08206875380830389.
[I 2026-06-01 11:05:41,442] Trial 6 finished with value: -0.051261754876086044 and parameters: {'confidence_threshold': 0.7672889945051684, 'training_days': 130, 'n_estimators': 137, 'max_depth': 4, 'num_leaves': 19, 'learning_rate': 0.2031117614248665, 'subsample': 0.8136244860256343, 'colsample_bytree': 0.8617081790949774, 'min_child_samples': 21, 'reg_alpha': 0.002238138278733199, 'reg_lambda': 0.001025809534977322}. Best is trial 6 with value: -0.051261754876086044.
[I 2026-06-01 11:05:41,508] Trial 7 finished with value: -0.036467856691435416 and parameters: {'confidence_threshold': 0.555635875450653, 'training_days': 80, 'n_estimators': 363, 'max_depth': 3, 'num_leaves': 48, 'learning_rate': 0.06590089024008658, 'subsample': 0.6944752870615722, 'colsample_bytree': 0.962566244806993, 'min_child_samples': 88, 'reg_alpha': 1.6465620446426067e-05, 'reg_lambda': 2.4678750890085655e-08}. Best is trial 7 with value: -0.036467856691435416.
[I 2026-06-01 11:05:41,862] Trial 8 finished with value: -0.10588209518030318 and parameters: {'confidence_threshold': 0.6066688256938841, 'training_days': 200, 'n_estimators': 367, 'max_depth': 5, 'num_leaves': 32, 'learning_rate': 0.13377519215934996, 'subsample': 0.7965884582811106, 'colsample_bytree': 0.8458508993500886, 'min_child_samples': 32, 'reg_alpha': 3.889436043816386e-05, 'reg_lambda': 1.4713062489380356e-06}. Best is trial 7 with value: -0.036467856691435416.
[I 2026-06-01 11:05:42,082] Trial 9 finished with value: -0.12198357627221271 and parameters: {'confidence_threshold': 0.6202096049169137, 'training_days': 260, 'n_estimators': 350, 'max_depth': 3, 'num_leaves': 21, 'learning_rate': 0.02989540198065364, 'subsample': 0.8307821683331218, 'colsample_bytree': 0.923253112635361, 'min_child_samples': 64, 'reg_alpha': 0.4898604619604203, 'reg_lambda': 2.9076377687066166e-05}. Best is trial 7 with value: -0.036467856691435416.
[I 2026-06-01 11:05:42,123] Trial 10 finished with value: 0.04169951207113135 and parameters: {'confidence_threshold': 0.5248809389721337, 'training_days': 10, 'n_estimators': 493, 'max_depth': 3, 'num_leaves': 63, 'learning_rate': 0.010221918552934462, 'subsample': 0.667749445701178, 'colsample_bytree': 0.6202684210924141, 'min_child_samples': 99, 'reg_alpha': 1.3884210513841762e-08, 'reg_lambda': 0.02273343343290072}. Best is trial 10 with value: 0.04169951207113135.
[I 2026-06-01 11:05:42,163] Trial 11 finished with value: 0.04169951207113135 and parameters: {'confidence_threshold': 0.5048591005447424, 'training_days': 10, 'n_estimators': 493, 'max_depth': 3, 'num_leaves': 63, 'learning_rate': 0.010535067237031162, 'subsample': 0.6714365294218261, 'colsample_bytree': 0.6012148974081734, 'min_child_samples': 100, 'reg_alpha': 1.0389779167265952e-08, 'reg_lambda': 0.024688016606578794}. Best is trial 10 with value: 0.04169951207113135.
[I 2026-06-01 11:05:42,202] Trial 12 finished with value: 0.04169951207113135 and parameters: {'confidence_threshold': 0.5089680977489497, 'training_days': 10, 'n_estimators': 499, 'max_depth': 3, 'num_leaves': 63, 'learning_rate': 0.010201143194486034, 'subsample': 0.6564586022126886, 'colsample_bytree': 0.5773925919454104, 'min_child_samples': 100, 'reg_alpha': 1.3442856058557254e-08, 'reg_lambda': 0.03763104455123277}. Best is trial 10 with value: 0.04169951207113135.
[I 2026-06-01 11:05:42,470] Trial 13 finished with value: -0.11161739155866066 and parameters: {'confidence_threshold': 0.5020409585694433, 'training_days': 480, 'n_estimators': 475, 'max_depth': 3, 'num_leaves': 63, 'learning_rate': 0.010533478929525117, 'subsample': 0.5024707401359401, 'colsample_bytree': 0.6155230039584509, 'min_child_samples': 95, 'reg_alpha': 1.2420006292090873e-08, 'reg_lambda': 0.007333862701978235}. Best is trial 10 with value: 0.04169951207113135.
[I 2026-06-01 11:05:42,503] Trial 14 finished with value: -0.03582101078982963 and parameters: {'confidence_threshold': 0.5530155329303867, 'training_days': 20, 'n_estimators': 436, 'max_depth': 3, 'num_leaves': 56, 'learning_rate': 0.01645102485501106, 'subsample': 0.9182426786262438, 'colsample_bytree': 0.6636612257699344, 'min_child_samples': 82, 'reg_alpha': 2.9711543588675325e-07, 'reg_lambda': 3.032122060391809}. Best is trial 10 with value: 0.04169951207113135.
[I 2026-06-01 11:05:42,616] Trial 15 finished with value: -0.02215537553394594 and parameters: {'confidence_threshold': 0.5551423717289237, 'training_days': 60, 'n_estimators': 433, 'max_depth': 4, 'num_leaves': 56, 'learning_rate': 0.037392478764815176, 'subsample': 0.7121311404443758, 'colsample_bytree': 0.5093920150666754, 'min_child_samples': 46, 'reg_alpha': 5.011892081220446e-07, 'reg_lambda': 0.05138157439645094}. Best is trial 10 with value: 0.04169951207113135.
[I 2026-06-01 11:05:42,785] Trial 16 finished with value: -0.13763944138656575 and parameters: {'confidence_threshold': 0.6739484971538112, 'training_days': 350, 'n_estimators': 279, 'max_depth': 3, 'num_leaves': 45, 'learning_rate': 0.0142468201984381, 'subsample': 0.6259757956590382, 'colsample_bytree': 0.6881351291437867, 'min_child_samples': 89, 'reg_alpha': 4.503429761679348e-07, 'reg_lambda': 0.0015450538149168326}. Best is trial 10 with value: 0.04169951207113135.
[I 2026-06-01 11:05:42,882] Trial 17 finished with value: 0.02175854967003691 and parameters: {'confidence_threshold': 0.5362751837958184, 'training_days': 70, 'n_estimators': 441, 'max_depth': 3, 'num_leaves': 59, 'learning_rate': 0.02985024780159564, 'subsample': 0.7214524466011595, 'colsample_bytree': 0.5225343572251958, 'min_child_samples': 78, 'reg_alpha': 7.76118890684579e-08, 'reg_lambda': 0.2558707972524642}. Best is trial 10 with value: 0.04169951207113135.
[I 2026-06-01 11:05:43,163] A new study created in memory with name: no-name-a3505e57-e177-4be4-aa47-a4f315167967
[I 2026-06-01 11:05:43,372] Trial 0 finished with value: -0.057043325427306876 and parameters: {'confidence_threshold': 0.5870645682749857, 'training_days': 90, 'n_estimators': 403, 'max_depth': 5, 'num_leaves': 45, 'learning_rate': 0.0780457193679974, 'subsample': 0.9428509515574568, 'colsample_bytree': 0.8795587339164916, 'min_child_samples': 34, 'reg_alpha': 2.2465901234314442e-07, 'reg_lambda': 8.339007036475363e-05}. Best is trial 0 with value: -0.057043325427306876.
[I 2026-06-01 11:05:43,479] Trial 1 finished with value: -0.0241634080708908 and parameters: {'confidence_threshold': 0.6348453934275313, 'training_days': 290, 'n_estimators': 115, 'max_depth': 5, 'num_leaves': 37, 'learning_rate': 0.06949568759029946, 'subsample': 0.8228505074024268, 'colsample_bytree': 0.8616703220431751, 'min_child_samples': 75, 'reg_alpha': 4.2486822725010923e-07, 'reg_lambda': 1.157247767047042e-07}. Best is trial 1 with value: -0.0241634080708908.
[I 2026-06-01 11:05:43,497] Trial 2 finished with value: 0.04169951207113135 and parameters: {'confidence_threshold': 0.5849570384370288, 'training_days': 10, 'n_estimators': 212, 'max_depth': 3, 'num_leaves': 41, 'learning_rate': 0.18452095998378365, 'subsample': 0.6001060822924371, 'colsample_bytree': 0.5673167293506167, 'min_child_samples': 37, 'reg_alpha': 5.733250064217131, 'reg_lambda': 0.5308454292595461}. Best is trial 2 with value: 0.04169951207113135.
[I 2026-06-01 11:05:43,576] Trial 3 finished with value: -0.1491721631440163 and parameters: {'confidence_threshold': 0.6868248626683718, 'training_days': 220, 'n_estimators': 134, 'max_depth': 3, 'num_leaves': 45, 'learning_rate': 0.033529007907491595, 'subsample': 0.8647277071858408, 'colsample_bytree': 0.778494116634046, 'min_child_samples': 96, 'reg_alpha': 2.409409937265785e-07, 'reg_lambda': 1.1642073478060009}. Best is trial 2 with value: 0.04169951207113135.
