[I 2026-06-01 11:04:02,649] Trial 3 finished with value: -0.03691463857754846 and parameters: {'confidence_threshold': 0.6727897841776072, 'training_days': 220, 'n_estimators': 190, 'max_depth': 4, 'num_leaves': 58, 'learning_rate': 0.24810689332636193, 'subsample': 0.7509183379421682, 'colsample_bytree': 0.8119764758960556, 'min_child_samples': 29, 'reg_alpha': 7.1708285081421445e-06, 'reg_lambda': 5.412973582738627e-05}. Best is trial 0 with value: 0.014746903483557994.

  [label] 2022-01-01 16:00 DOTUSDT entry=28.5790 → SHORT | long=sl(-8.51%) short=tp(+16.72%) | scanned=21 | short_tp_only
  [label] 2022-01-03 16:00 DOTUSDT entry=30.0890 → SHORT | long=sl(-8.55%) short=tp(+16.79%) | scanned=6 | short_tp_only
  [label] 2022-01-07 16:00 DOTUSDT entry=24.8970 → LONG | long=timeout(+11.28%) short=sl(-11.69%) | scanned=22 | no_tp→fwd_return=+11.3789
  [label] 2022-02-01 08:00 DOTUSDT entry=19.6680 → LONG | long=tp(+17.61%) short=sl(-8.95%) | scanned=20 | long_tp_only
  [label] 2022-03-25 16:00 DOTUSDT entry=20.5200 → LONG | long=tp(+11.62%) short=sl(-5.96%) | scanned=7 | long_tp_only
  [label] 2022-09-07 16:00 DOTUSDT entry=7.1950 → LONG | long=timeout(+0.01%) short=sl(-6.76%) | scanned=22 | no_tp→fwd_return=+0.1112
  [label] 2022-09-11 16:00 DOTUSDT entry=7.6940 → SHORT | long=sl(-5.98%) short=tp(+11.66%) | scanned=14 | short_tp_only
  [label] 2022-09-22 08:00 DOTUSDT entry=6.3660 → SHORT | long=timeout(-0.23%) short=timeout(+0.03%) | scanned=22 | no_tp→fwd_return=-0.1257
  [label] 2022-11-06 08:00 DOTUSDT entry=7.0920 → SHORT | long=sl(-5.56%) short=tp(+10.81%) | scanned=7 | short_tp_only
  [label] 2022-11-14 16:00 DOTUSDT entry=5.8640 → SHORT | long=sl(-9.33%) short=timeout(+11.50%) | scanned=22 | no_tp→fwd_return=-11.5962
  [label] 2023-02-13 00:00 DOTUSDT entry=6.2140 → LONG | long=tp(+11.62%) short=sl(-5.96%) | scanned=14 | long_tp_only
  [label] 2023-03-17 00:00 DOTUSDT entry=6.2580 → LONG | long=timeout(+0.86%) short=timeout(-1.06%) | scanned=22 | no_tp→fwd_return=+0.9588
  [label] 2023-04-02 00:00 DOTUSDT entry=6.4000 → SHORT | long=sl(-4.43%) short=timeout(+4.15%) | scanned=22 | no_tp→fwd_return=-4.2500
  [label] 2023-04-14 16:00 DOTUSDT entry=6.7320 → SHORT | long=sl(-4.37%) short=tp(+8.43%) | scanned=18 | short_tp_only
  [label] 2023-05-03 08:00 DOTUSDT entry=5.6000 → SHORT | long=sl(-4.32%) short=sl(-4.32%) | scanned=14 | no_tp→fwd_return=-3.8571
  [label] 2023-05-09 16:00 DOTUSDT entry=5.3180 → SHORT | long=timeout(-0.59%) short=timeout(+0.39%) | scanned=22 | no_tp→fwd_return=-0.4889
  [label] 2023-05-22 00:00 DOTUSDT entry=5.2880 → LONG | long=timeout(+3.36%) short=sl(-3.14%) | scanned=22 | no_tp→fwd_return=+3.4607
  [label] 2023-06-30 08:00 DOTUSDT entry=4.9690 → LONG | long=timeout(+3.44%) short=sl(-6.90%) | scanned=22 | no_tp→fwd_return=+3.5420
  [label] 2023-07-10 08:00 DOTUSDT entry=5.1070 → LONG | long=tp(+7.94%) short=sl(-4.12%) | scanned=10 | long_tp_only
  [label] 2023-10-04 08:00 DOTUSDT entry=4.0060 → SHORT | long=sl(-3.53%) short=tp(+6.77%) | scanned=20 | short_tp_only
  Labels: 901 long (41.6%), 1267 short (58.4%) | weights: min=1.00, mean=3.42, max=10.00
  Features: 2168/2168 matched, 46 columns
  CV gap: 22 rows
  [ensemble 1/3] seed=42
    [trial 0] 46 features, training_days=480 | threshold=0.631 | labels: 901 long, 1267 short (42/58%)
    [CV fold 0] train_end=2022-02-22 08:00 | val_start=2022-03-02 00:00 | gap=184h (22 rows)
    [CV fold 1] train_end=2022-06-22 16:00 | val_start=2022-06-30 08:00 | gap=184h (22 rows)
    [CV fold 2] train_end=2022-10-21 00:00 | val_start=2022-10-28 16:00 | gap=184h (22 rows)
    [CV fold 3] train_end=2023-02-18 08:00 | val_start=2023-02-26 00:00 | gap=184h (22 rows)
    [CV fold 4] train_end=2023-06-18 16:00 | val_start=2023-06-26 08:00 | gap=184h (22 rows)
    [trial 0] Sharpe=-0.1161 (folds: -0.1033, -0.1993, -0.1807, 0.0026, -0.1000)
    [trial 1] 46 features, training_days=420 | threshold=0.839 | labels: 901 long, 1267 short (42/58%)
    [trial 1] Sharpe=-5.9571 (folds: -0.0219, 0.2363, -10.0000, -10.0000, -10.0000)
    [trial 2] 46 features, training_days=190 | threshold=0.602 | labels: 901 long, 1267 short (42/58%)
    [trial 2] Sharpe=-0.0198 (folds: -0.0364, -0.0439, -0.0855, 0.0699, -0.0033)
    [trial 3] 46 features, training_days=490 | threshold=0.832 | labels: 901 long, 1267 short (42/58%)
    [trial 3] Sharpe=-0.0272 (folds: -0.0244, -0.0619, -0.0736, 0.0983, -0.0742)
    [trial 4] 46 features, training_days=340 | threshold=0.591 | labels: 901 long, 1267 short (42/58%)
    [trial 4] Sharpe=-0.1518 (folds: -0.0971, -0.2389, -0.0830, -0.1148, -0.2250)
    [trial 5] 46 features, training_days=50 | threshold=0.823 | labels: 901 long, 1267 short (42/58%)
    [trial 5] Sharpe=0.0931 (folds: 0.4572, 0.1755, -0.0943, -0.2203, 0.1474)
    [trial 6] 46 features, training_days=410 | threshold=0.549 | labels: 901 long, 1267 short (42/58%)
    [trial 6] Sharpe=-0.0880 (folds: -0.0963, -0.1753, 0.0105, -0.0730, -0.1057)
    [trial 7] 46 features, training_days=180 | threshold=0.526 | labels: 901 long, 1267 short (42/58%)
    [trial 7] Sharpe=-0.0455 (folds: -0.0569, -0.1222, -0.0698, -0.0698, 0.0912)
    [trial 8] 46 features, training_days=240 | threshold=0.811 | labels: 901 long, 1267 short (42/58%)
    [trial 8] Sharpe=-0.0212 (folds: -0.0243, -0.1123, -0.1370, 0.0252, 0.1425)
    [trial 9] 46 features, training_days=20 | threshold=0.538 | labels: 901 long, 1267 short (42/58%)
    [trial 9] Sharpe=-2.0144 (folds: 0.1831, -10.0000, 0.0408, -0.1433, -0.1524)
    [trial 10] 46 features, training_days=10 | threshold=0.732 | labels: 901 long, 1267 short (42/58%)
    [trial 10] Sharpe=-1.9598 (folds: 0.1831, 0.0283, -0.0490, -10.0000, 0.0389)
    [trial 11] 46 features, training_days=120 | threshold=0.703 | labels: 901 long, 1267 short (42/58%)
    [trial 11] Sharpe=-0.0251 (folds: -0.0421, -0.1129, -0.0102, -0.0672, 0.1070)
    [trial 12] 46 features, training_days=110 | threshold=0.767 | labels: 901 long, 1267 short (42/58%)
    [trial 12] Sharpe=0.0289 (folds: 0.0736, -0.0529, 0.1060, -0.0921, 0.1100)
    [trial 13] 46 features, training_days=100 | threshold=0.774 | labels: 901 long, 1267 short (42/58%)
    [trial 13] Sharpe=0.0209 (folds: 0.0356, -0.0094, -0.0338, -0.0779, 0.1901)
    [trial 14] 46 features, training_days=90 | threshold=0.759 | labels: 901 long, 1267 short (42/58%)
    [trial 14] Sharpe=0.0090 (folds: 0.0455, 0.0097, 0.0669, -0.1616, 0.0844)
    [trial 15] 46 features, training_days=50 | threshold=0.677 | labels: 901 long, 1267 short (42/58%)
    [trial 15] Sharpe=0.0538 (folds: 0.3053, 0.1016, 0.0107, -0.1807, 0.0322)
    [trial 16] 46 features, training_days=50 | threshold=0.667 | labels: 901 long, 1267 short (42/58%)
    [trial 16] Sharpe=0.0505 (folds: 0.2912, 0.0998, 0.0088, -0.1748, 0.0277)
    [trial 17] 46 features, training_days=290 | threshold=0.673 | labels: 901 long, 1267 short (42/58%)
    [trial 17] Sharpe=0.0475 (folds: -0.0032, 0.1658, 0.0395, -0.3200, 0.3554)
  Optuna: 18 trials, best Sharpe = 0.0931
  Best params: n_estimators=138, max_depth=3, lr=0.0375, leaves=30
  Best confidence_threshold: 0.823
  Best training_days: 50
  Retrained on full data (150 samples, 46 features)
  [ensemble 2/3] seed=123
    [trial 0] 46 features, training_days=150 | threshold=0.744 | labels: 901 long, 1267 short (42/58%)
    [CV fold 0] train_end=2022-02-22 08:00 | val_start=2022-03-02 00:00 | gap=184h (22 rows)
    [CV fold 1] train_end=2022-06-22 16:00 | val_start=2022-06-30 08:00 | gap=184h (22 rows)
    [CV fold 2] train_end=2022-10-21 00:00 | val_start=2022-10-28 16:00 | gap=184h (22 rows)
    [CV fold 3] train_end=2023-02-18 08:00 | val_start=2023-02-26 00:00 | gap=184h (22 rows)
    [CV fold 4] train_end=2023-06-18 16:00 | val_start=2023-06-26 08:00 | gap=184h (22 rows)
    [trial 0] Sharpe=0.0147 (folds: -0.0375, 0.0208, -0.0320, -0.0415, 0.1639)
    [trial 1] 46 features, training_days=220 | threshold=0.755 | labels: 901 long, 1267 short (42/58%)
    [trial 1] Sharpe=-4.0534 (folds: 0.2151, -0.4472, -0.0351, -10.0000, -10.0000)
    [trial 2] 46 features, training_days=310 | threshold=0.754 | labels: 901 long, 1267 short (42/58%)
    [trial 2] Sharpe=-0.0014 (folds: 0.0362, -0.0954, -0.0428, 0.1373, -0.0423)
    [trial 3] 46 features, training_days=220 | threshold=0.673 | labels: 901 long, 1267 short (42/58%)
    [trial 3] Sharpe=-0.0369 (folds: 0.0884, -0.0398, 0.0310, -0.1364, -0.1278)
    [trial 4] 46 features, training_days=130 | threshold=0.803 | labels: 901 long, 1267 short (42/58%)
    [trial 4] Sharpe=-0.0171 (folds: -0.0093, -0.1408, 0.0554, -0.1027, 0.1118)[I 2026-06-01 11:04:02,775] Trial 4 finished with value: -0.017117480481264036 and parameters: {'confidence_threshold': 0.803208205259178, 'training_days': 130, 'n_estimators': 267, 'max_depth': 5, 'num_leaves': 40, 'learning_rate': 0.08041175317374143, 'subsample': 0.5603143329951619, 'colsample_bytree': 0.9131704002534167, 'min_child_samples': 68, 'reg_alpha': 0.0008046593428183385, 'reg_lambda': 1.2158346158765583e-05}. Best is trial 0 with value: 0.014746903483557994.
[I 2026-06-01 11:04:03,031] Trial 5 finished with value: -0.02873497986082147 and parameters: {'confidence_threshold': 0.6064422761595144, 'training_days': 210, 'n_estimators': 357, 'max_depth': 5, 'num_leaves': 40, 'learning_rate': 0.0974221287220869, 'subsample': 0.7929682762811064, 'colsample_bytree': 0.8124517510478, 'min_child_samples': 74, 'reg_alpha': 0.3811377260781234, 'reg_lambda': 5.607314238392041e-08}. Best is trial 0 with value: 0.014746903483557994.
[I 2026-06-01 11:04:03,145] Trial 6 finished with value: -0.011967847900968711 and parameters: {'confidence_threshold': 0.7672889945051684, 'training_days': 130, 'n_estimators': 137, 'max_depth': 4, 'num_leaves': 19, 'learning_rate': 0.2031117614248665, 'subsample': 0.8136244860256343, 'colsample_bytree': 0.8617081790949774, 'min_child_samples': 21, 'reg_alpha': 0.002238138278733199, 'reg_lambda': 0.001025809534977322}. Best is trial 0 with value: 0.014746903483557994.
[I 2026-06-01 11:04:03,220] Trial 7 finished with value: 0.04389301928451525 and parameters: {'confidence_threshold': 0.555635875450653, 'training_days': 80, 'n_estimators': 363, 'max_depth': 3, 'num_leaves': 48, 'learning_rate': 0.06590089024008658, 'subsample': 0.6944752870615722, 'colsample_bytree': 0.962566244806993, 'min_child_samples': 88, 'reg_alpha': 1.6465620446426067e-05, 'reg_lambda': 2.4678750890085655e-08}. Best is trial 7 with value: 0.04389301928451525.
[I 2026-06-01 11:04:03,559] Trial 8 finished with value: -0.027679477876907593 and parameters: {'confidence_threshold': 0.6066688256938841, 'training_days': 200, 'n_estimators': 367, 'max_depth': 5, 'num_leaves': 32, 'learning_rate': 0.13377519215934996, 'subsample': 0.7965884582811106, 'colsample_bytree': 0.8458508993500886, 'min_child_samples': 32, 'reg_alpha': 3.889436043816386e-05, 'reg_lambda': 1.4713062489380356e-06}. Best is trial 7 with value: 0.04389301928451525.
[I 2026-06-01 11:04:03,778] Trial 9 finished with value: -0.061128268187374143 and parameters: {'confidence_threshold': 0.6202096049169137, 'training_days': 260, 'n_estimators': 350, 'max_depth': 3, 'num_leaves': 21, 'learning_rate': 0.02989540198065364, 'subsample': 0.8307821683331218, 'colsample_bytree': 0.923253112635361, 'min_child_samples': 64, 'reg_alpha': 0.4898604619604203, 'reg_lambda': 2.9076377687066166e-05}. Best is trial 7 with value: 0.04389301928451525.
[I 2026-06-01 11:04:03,818] Trial 10 finished with value: 0.011571160561641054 and parameters: {'confidence_threshold': 0.5248809389721337, 'training_days': 10, 'n_estimators': 493, 'max_depth': 3, 'num_leaves': 63, 'learning_rate': 0.010221918552934462, 'subsample': 0.667749445701178, 'colsample_bytree': 0.6202684210924141, 'min_child_samples': 99, 'reg_alpha': 1.3884210513841762e-08, 'reg_lambda': 0.02273343343290072}. Best is trial 7 with value: 0.04389301928451525.
[I 2026-06-01 11:04:03,992] Trial 11 finished with value: -0.08706832668372363 and parameters: {'confidence_threshold': 0.5077463503498806, 'training_days': 480, 'n_estimators': 245, 'max_depth': 3, 'num_leaves': 49, 'learning_rate': 0.047907454503262954, 'subsample': 0.9939949979825393, 'colsample_bytree': 0.9864508096204552, 'min_child_samples': 89, 'reg_alpha': 6.406297885587639e-07, 'reg_lambda': 1.0031010917688901e-08}. Best is trial 7 with value: 0.04389301928451525.
[I 2026-06-01 11:04:04,031] Trial 12 finished with value: 0.011571160561641054 and parameters: {'confidence_threshold': 0.66034247783242, 'training_days': 10, 'n_estimators': 459, 'max_depth': 4, 'num_leaves': 48, 'learning_rate': 0.046905974008408464, 'subsample': 0.9918302937157114, 'colsample_bytree': 0.6669454130036883, 'min_child_samples': 47, 'reg_alpha': 5.828909593622513e-07, 'reg_lambda': 4.2084308291483265e-07}. Best is trial 7 with value: 0.04389301928451525.
[I 2026-06-01 11:04:04,085] Trial 13 finished with value: -0.01787416069710062 and parameters: {'confidence_threshold': 0.7129257884245761, 'training_days': 120, 'n_estimators': 53, 'max_depth': 3, 'num_leaves': 55, 'learning_rate': 0.06910557097515196, 'subsample': 0.9227064439647955, 'colsample_bytree': 0.5443982906148261, 'min_child_samples': 47, 'reg_alpha': 2.026620404672971e-06, 'reg_lambda': 0.0031247055541074147}. Best is trial 7 with value: 0.04389301928451525.
[I 2026-06-01 11:04:04,135] Trial 14 finished with value: 0.010088948899932849 and parameters: {'confidence_threshold': 0.5659608707226916, 'training_days': 70, 'n_estimators': 181, 'max_depth': 4, 'num_leaves': 43, 'learning_rate': 0.03442741182013394, 'subsample': 0.8891415662862411, 'colsample_bytree': 0.9983252119032336, 'min_child_samples': 80, 'reg_alpha': 2.382456714227536e-08, 'reg_lambda': 1.225712991181481e-06}. Best is trial 7 with value: 0.04389301928451525.
[I 2026-06-01 11:04:04,407] Trial 15 finished with value: -0.030532369166066543 and parameters: {'confidence_threshold': 0.8260782159980345, 'training_days': 340, 'n_estimators': 300, 'max_depth': 4, 'num_leaves': 32, 'learning_rate': 0.12590433810309265, 'subsample': 0.7003765342079638, 'colsample_bytree': 0.9196658871153959, 'min_child_samples': 50, 'reg_alpha': 0.012726486074698236, 'reg_lambda': 3.5532501480887824}. Best is trial 7 with value: 0.04389301928451525.
[I 2026-06-01 11:04:04,448] Trial 16 finished with value: -4.014836213108386 and parameters: {'confidence_threshold': 0.7142986078095346, 'training_days': 60, 'n_estimators': 420, 'max_depth': 3, 'num_leaves': 45, 'learning_rate': 0.058462841019195015, 'subsample': 0.5063548593794533, 'colsample_bytree': 0.6996829246153895, 'min_child_samples': 85, 'reg_alpha': 3.0060683462574557e-05, 'reg_lambda': 9.572041671467815e-08}. Best is trial 7 with value: 0.04389301928451525.
[I 2026-06-01 11:04:04,506] Trial 17 finished with value: 0.0012571785852824257 and parameters: {'confidence_threshold': 0.5563240395453367, 'training_days': 90, 'n_estimators': 142, 'max_depth': 5, 'num_leaves': 55, 'learning_rate': 0.03384621832572817, 'subsample': 0.8835828296167385, 'colsample_bytree': 0.938137711056734, 'min_child_samples': 99, 'reg_alpha': 7.284070645541434, 'reg_lambda': 3.703419756390824e-06}. Best is trial 7 with value: 0.04389301928451525.
[I 2026-06-01 11:04:04,710] A new study created in memory with name: no-name-3b572ec5-60d0-418f-a935-3e3d870c2918
[I 2026-06-01 11:04:04,914] Trial 0 finished with value: 0.00520908384299512 and parameters: {'confidence_threshold': 0.5870645682749857, 'training_days': 90, 'n_estimators': 403, 'max_depth': 5, 'num_leaves': 45, 'learning_rate': 0.0780457193679974, 'subsample': 0.9428509515574568, 'colsample_bytree': 0.8795587339164916, 'min_child_samples': 34, 'reg_alpha': 2.2465901234314442e-07, 'reg_lambda': 8.339007036475363e-05}. Best is trial 0 with value: 0.00520908384299512.
[I 2026-06-01 11:04:05,028] Trial 1 finished with value: -0.031223059279731635 and parameters: {'confidence_threshold': 0.6348453934275313, 'training_days': 290, 'n_estimators': 115, 'max_depth': 5, 'num_leaves': 37, 'learning_rate': 0.06949568759029946, 'subsample': 0.8228505074024268, 'colsample_bytree': 0.8616703220431751, 'min_child_samples': 75, 'reg_alpha': 4.2486822725010923e-07, 'reg_lambda': 1.157247767047042e-07}. Best is trial 0 with value: 0.00520908384299512.
[I 2026-06-01 11:04:05,046] Trial 2 finished with value: 0.011571160561641054 and parameters: {'confidence_threshold': 0.5849570384370288, 'training_days': 10, 'n_estimators': 212, 'max_depth': 3, 'num_leaves': 41, 'learning_rate': 0.18452095998378365, 'subsample': 0.6001060822924371, 'colsample_bytree': 0.5673167293506167, 'min_child_samples': 37, 'reg_alpha': 5.733250064217131, 'reg_lambda': 0.5308454292595461}. Best is trial 2 with value: 0.011571160561641054.
[I 2026-06-01 11:04:05,121] Trial 3 finished with value: -0.0899819328193089 and parameters: {'confidence_threshold': 0.6868248626683718, 'training_days': 220, 'n_estimators': 134, 'max_depth': 3, 'num_leaves': 45, 'learning_rate': 0.033529007907491595, 'subsample': 0.8647277071858408, 'colsample_bytree': 0.778494116634046, 'min_child_samples': 96, 'reg_alpha': 2.409409937265785e-07, 'reg_lambda': 1.1642073478060009}. Best is trial 2 with value: 0.011571160561641054.
[I 2026-06-01 11:04:05,204] Trial 4 finished with value: -0.004187163984860501 and parameters: {'confidence_threshold': 0.5623121348350352, 'training_days': 300, 'n_estimators': 69, 'max_depth': 4, 'num_leaves': 32, 'learning_rate': 0.14967629360700346, 'subsample': 0.5054535233636654, 'colsample_bytree': 0.7401385194659216, 'min_child_samples': 27, 'reg_alpha': 1.4212042567426725e-07, 'reg_lambda': 0.23605753701352003}. Best is trial 2 with value: 0.011571160561641054.
[I 2026-06-01 11:04:05,601] Trial 5 finished with value: 0.012651636454100557 and parameters: {'confidence_threshold': 0.7111850244908446, 'training_days': 490, 'n_estimators': 362, 'max_depth': 5, 'num_leaves': 40, 'learning_rate': 0.05960785724162737, 'subsample': 0.5589714368907717, 'colsample_bytree': 0.6659006943232806, 'min_child_samples': 42, 'reg_alpha': 0.6741360303045295, 'reg_lambda': 6.054601607143087e-08}. Best is trial 5 with value: 0.012651636454100557.
[I 2026-06-01 11:04:05,774] Trial 6 finished with value: -0.039203537306376005 and parameters: {'confidence_threshold': 0.667482545748023, 'training_days': 420, 'n_estimators': 279, 'max_depth': 3, 'num_leaves': 45, 'learning_rate': 0.040099592560849204, 'subsample': 0.8563114696415159, 'colsample_bytree': 0.5442917781944105, 'min_child_samples': 50, 'reg_alpha': 1.6407916423707903e-08, 'reg_lambda': 2.935907642973286e-05}. Best is trial 5 with value: 0.012651636454100557.
[I 2026-06-01 11:04:05,929] Trial 7 finished with value: -0.008999848685545032 and parameters: {'confidence_threshold': 0.5497381024139926, 'training_days': 120, 'n_estimators': 408, 'max_depth': 5, 'num_leaves': 38, 'learning_rate': 0.28049122657745795, 'subsample': 0.8806573338635493, 'colsample_bytree': 0.5454054113547102, 'min_child_samples': 63, 'reg_alpha': 0.01263008637940408, 'reg_lambda': 0.04588020805366937}. Best is trial 5 with value: 0.012651636454100557.
[I 2026-06-01 11:04:06,192] Trial 8 finished with value: -0.0264234655778035 and parameters: {'confidence_threshold': 0.719644804808716, 'training_days': 450, 'n_estimators': 410, 'max_depth': 4, 'num_leaves': 57, 'learning_rate': 0.04022026551478857, 'subsample': 0.5336085426932707, 'colsample_bytree': 0.5705742850577543, 'min_child_samples': 100, 'reg_alpha': 5.916398047912201e-07, 'reg_lambda': 0.9794034214488329}. Best is trial 5 with value: 0.012651636454100557.
[I 2026-06-01 11:04:06,213] Trial 9 finished with value: -5.955219600102058 and parameters: {'confidence_threshold': 0.7267463643917187, 'training_days': 20, 'n_estimators': 337, 'max_depth': 5, 'num_leaves': 23, 'learning_rate': 0.022153031811454605, 'subsample': 0.6305627572358737, 'colsample_bytree': 0.6613413774216214, 'min_child_samples': 81, 'reg_alpha': 5.7638634029410314e-08, 'reg_lambda': 8.26603016764008}. Best is trial 5 with value: 0.012651636454100557.
[I 2026-06-01 11:04:06,664] Trial 10 finished with value: -2.0391140055436727 and parameters: {'confidence_threshold': 0.8283920119574972, 'training_days': 490, 'n_estimators': 485, 'max_depth': 4, 'num_leaves': 15, 'learning_rate': 0.013054596495157828, 'subsample': 0.7130289643560688, 'colsample_bytree': 0.9944479338273263, 'min_child_samples': 52, 'reg_alpha': 2.8556520323203283, 'reg_lambda': 1.4521305760519918e-08}. Best is trial 5 with value: 0.012651636454100557.
[I 2026-06-01 11:04:06,823] Trial 11 finished with value: -0.07886594365161213 and parameters: {'confidence_threshold': 0.7895743202078971, 'training_days': 370, 'n_estimators': 209, 'max_depth': 3, 'num_leaves': 59, 'learning_rate': 0.1690988402609865, 'subsample': 0.6299883894853011, 'colsample_bytree': 0.6436734793442266, 'min_child_samples': 40, 'reg_alpha': 9.443402751011643, 'reg_lambda': 0.0027987147723585225}. Best is trial 5 with value: 0.012651636454100557.
[I 2026-06-01 11:04:07,030] Trial 12 finished with value: -0.001057738869383045 and parameters: {'confidence_threshold': 0.5145853631584999, 'training_days': 190, 'n_estimators': 227, 'max_depth': 4, 'num_leaves': 29, 'learning_rate': 0.12411615325331521, 'subsample': 0.6034576619420784, 'colsample_bytree': 0.6550757185518237, 'min_child_samples': 21, 'reg_alpha': 0.06157086120087854, 'reg_lambda': 2.1243491155169964e-06}. Best is trial 5 with value: 0.012651636454100557.
[I 2026-06-01 11:04:07,227] Trial 13 finished with value: -0.005851994449688389 and parameters: {'confidence_threshold': 0.6227835397404168, 'training_days': 360, 'n_estimators': 298, 'max_depth': 3, 'num_leaves': 52, 'learning_rate': 0.2956207181560189, 'subsample': 0.7278163330089628, 'colsample_bytree': 0.6113466263687708, 'min_child_samples': 43, 'reg_alpha': 0.19620021136176724, 'reg_lambda': 0.005118707544313016}. Best is trial 5 with value: 0.012651636454100557.
