[I 2026-06-01 11:06:00,082] Trial 10 finished with value: 0.04496755815011119 and parameters: {'confidence_threshold': 0.7301111584710253, 'training_days': 350, 'n_estimators': 487, 'max_depth': 4, 'num_leaves': 15, 'learning_rate': 0.1457937958927628, 'subsample': 0.6806559982209046, 'colsample_bytree': 0.5055805119629307, 'min_child_samples': 27, 'reg_alpha': 1.290626345465208e-08, 'reg_lambda': 8.530248590348572}. Best is trial 3 with value: 0.06780500334611791.

    [trial 13] Sharpe=0.0445 (folds: 0.2932, -0.1037, 0.1132, 0.1533, -0.2335)
    [trial 14] 46 features, training_days=350 | threshold=0.772 | labels: 1021 long, 1150 short (47/53%)
    [trial 14] Sharpe=0.0334 (folds: 0.1413, -0.2420, 0.2049, 0.2514, -0.1885)
    [trial 15] 46 features, training_days=450 | threshold=0.849 | labels: 1021 long, 1150 short (47/53%)
    [trial 15] Sharpe=-5.9279 (folds: -10.0000, 0.2994, 0.0612, -10.0000, -10.0000)
    [trial 16] 46 features, training_days=240 | threshold=0.750 | labels: 1021 long, 1150 short (47/53%)
    [trial 16] Sharpe=0.0037 (folds: 0.1726, -0.2378, 0.0370, 0.2139, -0.1670)
    [trial 17] 46 features, training_days=330 | threshold=0.508 | labels: 1021 long, 1150 short (47/53%)
    [trial 17] Sharpe=0.0892 (folds: 0.2643, -0.0936, 0.1052, 0.1441, 0.0260)
  Optuna: 18 trials, best Sharpe = 0.1319
  Best params: n_estimators=485, max_depth=4, lr=0.0119, leaves=63
  Best confidence_threshold: 0.828
  Best training_days: 400
  Retrained on full data (1200 samples, 46 features)
  OOD: 16 features, cutoff (q=0.7) = 14.03
  Model trained for 2024-10: 93 test candles with features, confidence_threshold=0.748
[predict] 2024-10-08 08:00 DOTUSDT → LONG (proba=0.79 TP=9.3%/SL=4.7%)
[trade:open] 2024-10-08 15:59 DOTUSDT LONG @ 4.11 | SL=3.92 TP=4.49 | timeout=2024-10-15 15:59
[trade:close] 2024-10-15 15:59 DOTUSDT LONG → take_profit @ 4.49 | PnL=+9.31% (net +9.21%) | cum=+64.87% 2024-10=+9.21% 2024-10-15=+9.21%
[predict] 2024-10-17 16:00 DOTUSDT → LONG (proba=0.82 TP=8.4%/SL=4.2%)
[trade:open] 2024-10-17 23:59 DOTUSDT LONG @ 4.19 | SL=4.01 TP=4.54 | timeout=2024-10-24 23:59
[trade:close] 2024-10-20 15:59 DOTUSDT LONG → take_profit @ 4.54 | PnL=+8.42% (net +8.32%) | cum=+73.18% 2024-10=+17.53% 2024-10-20=+8.32%
[predict] 2024-10-23 00:00 DOTUSDT → LONG (proba=0.78 TP=8.5%/SL=4.2%)
[trade:open] 2024-10-23 07:59 DOTUSDT LONG @ 4.25 | SL=4.06 TP=4.61 | timeout=2024-10-30 07:59
[trade:close] 2024-10-25 23:59 DOTUSDT LONG → stop_loss @ 4.06 | PnL=-4.25% (net -4.35%) | cum=+68.84% 2024-10=+13.18% 2024-10-25=-4.35%
[predict] 2024-10-27 16:00 DOTUSDT → LONG (proba=0.78 TP=8.3%/SL=4.2%)
[trade:open] 2024-10-27 23:59 DOTUSDT LONG @ 4.13 | SL=3.95 TP=4.47 | timeout=2024-11-03 23:59
[trade:close] 2024-10-31 23:59 DOTUSDT LONG → stop_loss @ 3.95 | PnL=-4.17% (net -4.27%) | cum=+64.57% 2024-10=+8.91% 2024-10-31=-4.27%
[lgbm] === Training for 2024-11 ===
  Train window: 2022-11-01 → 2024-10-24
  2171 training samples from 1 symbols
  Samples per month: 2022-11: 90, 2022-12: 93, 2023-01: 93, 2023-02: 84, 2023-03: 93, 2023-04: 90, 2023-05: 93, 2023-06: 90, 2023-07: 93, 2023-08: 93, 2023-09: 90, 2023-10: 93, 2023-11: 90, 2023-12: 93, 2024-01: 93, 2024-02: 87, 2024-03: 93, 2024-04: 90, 2024-05: 93, 2024-06: 90, 2024-07: 93, 2024-08: 93, 2024-09: 90, 2024-10: 71
  [label] 2023-01-01 16:00 DOTUSDT entry=4.3670 → LONG | long=tp(+5.75%) short=sl(-3.02%) | scanned=7 | long_tp_only
  [label] 2023-01-04 00:00 DOTUSDT entry=4.6600 → LONG | long=tp(+6.14%) short=sl(-3.22%) | scanned=15 | long_tp_only
  [label] 2023-01-07 16:00 DOTUSDT entry=4.6630 → LONG | long=tp(+5.45%) short=sl(-2.87%) | scanned=4 | long_tp_only
  [label] 2023-02-01 08:00 DOTUSDT entry=6.0570 → LONG | long=tp(+11.57%) short=sl(-5.93%) | scanned=4 | long_tp_only
  [label] 2023-03-26 00:00 DOTUSDT entry=5.9970 → LONG | long=timeout(+6.62%) short=sl(-6.00%) | scanned=22 | no_tp→fwd_return=+6.7200
  [label] 2023-09-08 00:00 DOTUSDT entry=4.2920 → SHORT | long=sl(-2.87%) short=tp(+5.45%) | scanned=10 | short_tp_only
  [label] 2023-09-12 00:00 DOTUSDT entry=4.0090 → LONG | long=timeout(+2.05%) short=sl(-3.93%) | scanned=22 | no_tp→fwd_return=+2.1452
  [label] 2023-09-22 16:00 DOTUSDT entry=4.0150 → LONG | long=timeout(+1.27%) short=timeout(-1.47%) | scanned=22 | no_tp→fwd_return=+1.3699
  [label] 2023-11-06 16:00 DOTUSDT entry=4.9700 → LONG | long=sl(-6.01%) short=sl(-6.01%) | scanned=9 | no_tp→fwd_return=+2.4748
  [label] 2023-11-15 08:00 DOTUSDT entry=5.4510 → SHORT | long=sl(-8.50%) short=timeout(+6.58%) | scanned=22 | no_tp→fwd_return=-6.6777
  [label] 2024-02-13 16:00 DOTUSDT entry=7.3600 → LONG | long=tp(+9.16%) short=sl(-4.73%) | scanned=18 | long_tp_only
  [label] 2024-03-16 16:00 DOTUSDT entry=9.6890 → SHORT | long=timeout(-7.46%) short=timeout(+7.26%) | scanned=22 | no_tp→fwd_return=-7.3589
  [label] 2024-04-02 00:00 DOTUSDT entry=8.7490 → LONG | long=sl(-6.61%) short=timeout(-1.35%) | scanned=22 | no_tp→fwd_return=+1.2459
  [label] 2024-04-14 16:00 DOTUSDT entry=6.8490 → LONG | long=timeout(+4.06%) short=timeout(-4.26%) | scanned=22 | no_tp→fwd_return=+4.1612
  [label] 2024-05-03 00:00 DOTUSDT entry=7.0470 → LONG | long=timeout(+0.98%) short=timeout(-1.18%) | scanned=22 | no_tp→fwd_return=+1.0785
  [label] 2024-05-09 08:00 DOTUSDT entry=6.9570 → SHORT | long=sl(-5.74%) short=timeout(+0.33%) | scanned=22 | no_tp→fwd_return=-0.4312
  [label] 2024-05-21 16:00 DOTUSDT entry=7.6130 → SHORT | long=sl(-4.58%) short=tp(+8.85%) | scanned=6 | short_tp_only
  [label] 2024-06-30 08:00 DOTUSDT entry=6.1340 → SHORT | long=sl(-4.79%) short=sl(-4.79%) | scanned=11 | no_tp→fwd_return=-4.8256
  [label] 2024-07-10 00:00 DOTUSDT entry=6.1540 → LONG | long=timeout(+4.99%) short=timeout(-5.19%) | scanned=22 | no_tp→fwd_return=+5.0861
  [label] 2024-10-04 08:00 DOTUSDT entry=4.1720 → SHORT | long=timeout(-0.22%) short=timeout(+0.02%) | scanned=22 | no_tp→fwd_return=-0.1198
  Labels: 1017 long (46.8%), 1154 short (53.2%) | weights: min=1.00, mean=4.01, max=10.00
  Features: 2171/2171 matched, 46 columns
  CV gap: 22 rows
  [ensemble 1/3] seed=42
    [trial 0] 46 features, training_days=480 | threshold=0.631 | labels: 1017 long, 1154 short (47/53%)
    [CV fold 0] train_end=2023-02-23 08:00 | val_start=2023-03-03 00:00 | gap=184h (22 rows)
    [CV fold 1] train_end=2023-06-23 16:00 | val_start=2023-07-01 08:00 | gap=184h (22 rows)
    [CV fold 2] train_end=2023-10-22 00:00 | val_start=2023-10-29 16:00 | gap=184h (22 rows)
    [CV fold 3] train_end=2024-02-19 08:00 | val_start=2024-02-27 00:00 | gap=184h (22 rows)
    [CV fold 4] train_end=2024-06-18 16:00 | val_start=2024-06-26 08:00 | gap=184h (22 rows)
    [trial 0] Sharpe=0.0528 (folds: -0.0529, 0.0114, 0.1525, 0.0086, 0.1444)
    [trial 1] 46 features, training_days=420 | threshold=0.839 | labels: 1017 long, 1154 short (47/53%)
    [trial 1] Sharpe=-5.8957 (folds: 0.2085, -10.0000, -10.0000, 0.3129, -10.0000)
    [trial 2] 46 features, training_days=190 | threshold=0.602 | labels: 1017 long, 1154 short (47/53%)
    [trial 2] Sharpe=0.0188 (folds: -0.0206, 0.0207, -0.0750, -0.0134, 0.1822)
    [trial 3] 46 features, training_days=490 | threshold=0.832 | labels: 1017 long, 1154 short (47/53%)
    [trial 3] Sharpe=0.0678 (folds: 0.0166, -0.1049, -0.0169, 0.0718, 0.3725)
    [trial 4] 46 features, training_days=340 | threshold=0.591 | labels: 1017 long, 1154 short (47/53%)
    [trial 4] Sharpe=0.0050 (folds: -0.0402, -0.0998, 0.2244, 0.0070, -0.0664)
    [trial 5] 46 features, training_days=50 | threshold=0.823 | labels: 1017 long, 1154 short (47/53%)
    [trial 5] Sharpe=0.0513 (folds: -0.1470, 0.2788, 0.2203, -0.0829, -0.0125)
    [trial 6] 46 features, training_days=410 | threshold=0.549 | labels: 1017 long, 1154 short (47/53%)
    [trial 6] Sharpe=-0.0072 (folds: -0.0552, -0.0413, 0.1314, -0.0405, -0.0303)
    [trial 7] 46 features, training_days=180 | threshold=0.526 | labels: 1017 long, 1154 short (47/53%)
    [trial 7] Sharpe=0.0178 (folds: -0.0637, 0.0186, 0.1260, -0.0792, 0.0875)
    [trial 8] 46 features, training_days=240 | threshold=0.811 | labels: 1017 long, 1154 short (47/53%)
    [trial 8] Sharpe=0.0431 (folds: -0.1388, 0.0695, 0.2374, 0.0598, -0.0126)
    [trial 9] 46 features, training_days=20 | threshold=0.538 | labels: 1017 long, 1154 short (47/53%)
    [trial 9] Sharpe=-2.0016 (folds: -10.0000, -0.0808, 0.1776, -0.2781, 0.1732)
    [trial 10] 46 features, training_days=350 | threshold=0.730 | labels: 1017 long, 1154 short (47/53%)
    [trial 10] Sharpe=0.0450 (folds: -0.0870, -0.0393, -0.0804, 0.1624, 0.2692)
    [trial 11] 46 features, training_days=490 | threshold=0.695 | labels: 1017 long, 1154 short (47/53%)[I 2026-06-01 11:06:00,481] Trial 11 finished with value: 0.03678984170260115 and parameters: {'confidence_threshold': 0.6954836557727516, 'training_days': 490, 'n_estimators': 420, 'max_depth': 4, 'num_leaves': 15, 'learning_rate': 0.010397937137834207, 'subsample': 0.5780545957082475, 'colsample_bytree': 0.8242066785264957, 'min_child_samples': 55, 'reg_alpha': 3.662834835098572, 'reg_lambda': 7.868729181011707e-06}. Best is trial 3 with value: 0.06780500334611791.
[I 2026-06-01 11:06:00,784] Trial 12 finished with value: 0.0515793408173663 and parameters: {'confidence_threshold': 0.6403606747603232, 'training_days': 480, 'n_estimators': 366, 'max_depth': 4, 'num_leaves': 30, 'learning_rate': 0.09894162917596783, 'subsample': 0.7117645261261729, 'colsample_bytree': 0.9958605161679226, 'min_child_samples': 89, 'reg_alpha': 0.00018189806683590785, 'reg_lambda': 1.4289813315801497e-05}. Best is trial 3 with value: 0.06780500334611791.
[I 2026-06-01 11:06:01,110] Trial 13 finished with value: 0.058486164206503544 and parameters: {'confidence_threshold': 0.7498188663320544, 'training_days': 500, 'n_estimators': 500, 'max_depth': 3, 'num_leaves': 62, 'learning_rate': 0.281978875082861, 'subsample': 0.8518067571432528, 'colsample_bytree': 0.5961799392941978, 'min_child_samples': 66, 'reg_alpha': 0.00622710149866021, 'reg_lambda': 8.140300879808697}. Best is trial 3 with value: 0.06780500334611791.
[I 2026-06-01 11:06:01,451] Trial 14 finished with value: 0.04337823710158696 and parameters: {'confidence_threshold': 0.7594036169129817, 'training_days': 340, 'n_estimators': 499, 'max_depth': 3, 'num_leaves': 60, 'learning_rate': 0.268520215331267, 'subsample': 0.8451282877609204, 'colsample_bytree': 0.5863230680767343, 'min_child_samples': 31, 'reg_alpha': 2.4270990787417795e-08, 'reg_lambda': 6.551588619002162}. Best is trial 3 with value: 0.06780500334611791.
[I 2026-06-01 11:06:01,749] Trial 15 finished with value: 0.07688739408469118 and parameters: {'confidence_threshold': 0.7774402157065198, 'training_days': 420, 'n_estimators': 443, 'max_depth': 3, 'num_leaves': 61, 'learning_rate': 0.1370132411865907, 'subsample': 0.915221332402971, 'colsample_bytree': 0.6198347974344772, 'min_child_samples': 55, 'reg_alpha': 0.0018780797504261812, 'reg_lambda': 0.19080631158621827}. Best is trial 15 with value: 0.07688739408469118.
[I 2026-06-01 11:06:01,960] Trial 16 finished with value: 0.07763860569830479 and parameters: {'confidence_threshold': 0.7846599612125905, 'training_days': 410, 'n_estimators': 293, 'max_depth': 3, 'num_leaves': 54, 'learning_rate': 0.11897175781192443, 'subsample': 0.9991007793345376, 'colsample_bytree': 0.6077113296327629, 'min_child_samples': 36, 'reg_alpha': 1.6230643075200477e-05, 'reg_lambda': 0.17208212355714148}. Best is trial 16 with value: 0.07763860569830479.
[I 2026-06-01 11:06:02,168] Trial 17 finished with value: 0.03055997762775512 and parameters: {'confidence_threshold': 0.789403558838043, 'training_days': 410, 'n_estimators': 280, 'max_depth': 3, 'num_leaves': 55, 'learning_rate': 0.16381637905091756, 'subsample': 0.9674685148820638, 'colsample_bytree': 0.6505152466626335, 'min_child_samples': 36, 'reg_alpha': 1.5155113369389505e-05, 'reg_lambda': 0.06817003621661635}. Best is trial 16 with value: 0.07763860569830479.
[I 2026-06-01 11:06:02,503] A new study created in memory with name: no-name-9eeb2016-b625-4974-86b9-66c18b4b55b8
[I 2026-06-01 11:06:02,596] Trial 0 finished with value: 0.034672118758915745 and parameters: {'confidence_threshold': 0.7437642149592516, 'training_days': 150, 'n_estimators': 152, 'max_depth': 4, 'num_leaves': 50, 'learning_rate': 0.04216766425047743, 'subsample': 0.9903820991923078, 'colsample_bytree': 0.8424148692924316, 'min_child_samples': 58, 'reg_alpha': 3.381097259762742e-05, 'reg_lambda': 1.2263152961306247e-05}. Best is trial 0 with value: 0.034672118758915745.
[I 2026-06-01 11:06:02,668] Trial 1 finished with value: -6.142713836959009 and parameters: {'confidence_threshold': 0.7551673975844145, 'training_days': 220, 'n_estimators': 76, 'max_depth': 4, 'num_leaves': 51, 'learning_rate': 0.018602118810743477, 'subsample': 0.5877258780737462, 'colsample_bytree': 0.7657756869209191, 'min_child_samples': 63, 'reg_alpha': 0.005123994170264194, 'reg_lambda': 0.44145470178120466}. Best is trial 0 with value: 0.034672118758915745.
[I 2026-06-01 11:06:02,937] Trial 2 finished with value: 0.123824586786938 and parameters: {'confidence_threshold': 0.7535593637012223, 'training_days': 310, 'n_estimators': 375, 'max_depth': 3, 'num_leaves': 32, 'learning_rate': 0.021735641882032388, 'subsample': 0.6468570231944146, 'colsample_bytree': 0.8154880619272439, 'min_child_samples': 27, 'reg_alpha': 8.004064028491336e-05, 'reg_lambda': 7.546835261630524e-05}. Best is trial 2 with value: 0.123824586786938.
[I 2026-06-01 11:06:03,102] Trial 3 finished with value: 0.013757499117814487 and parameters: {'confidence_threshold': 0.6727897841776072, 'training_days': 220, 'n_estimators': 190, 'max_depth': 4, 'num_leaves': 58, 'learning_rate': 0.24810689332636193, 'subsample': 0.7509183379421682, 'colsample_bytree': 0.8119764758960556, 'min_child_samples': 29, 'reg_alpha': 7.1708285081421445e-06, 'reg_lambda': 5.412973582738627e-05}. Best is trial 2 with value: 0.123824586786938.
[I 2026-06-01 11:06:03,219] Trial 4 finished with value: 0.11006111759748563 and parameters: {'confidence_threshold': 0.803208205259178, 'training_days': 130, 'n_estimators': 267, 'max_depth': 5, 'num_leaves': 40, 'learning_rate': 0.08041175317374143, 'subsample': 0.5603143329951619, 'colsample_bytree': 0.9131704002534167, 'min_child_samples': 68, 'reg_alpha': 0.0008046593428183385, 'reg_lambda': 1.2158346158765583e-05}. Best is trial 2 with value: 0.123824586786938.
[I 2026-06-01 11:06:03,465] Trial 5 finished with value: 0.04916378766306756 and parameters: {'confidence_threshold': 0.6064422761595144, 'training_days': 210, 'n_estimators': 357, 'max_depth': 5, 'num_leaves': 40, 'learning_rate': 0.0974221287220869, 'subsample': 0.7929682762811064, 'colsample_bytree': 0.8124517510478, 'min_child_samples': 74, 'reg_alpha': 0.3811377260781234, 'reg_lambda': 5.607314238392041e-08}. Best is trial 2 with value: 0.123824586786938.
[I 2026-06-01 11:06:03,581] Trial 6 finished with value: 0.012755715351934423 and parameters: {'confidence_threshold': 0.7672889945051684, 'training_days': 130, 'n_estimators': 137, 'max_depth': 4, 'num_leaves': 19, 'learning_rate': 0.2031117614248665, 'subsample': 0.8136244860256343, 'colsample_bytree': 0.8617081790949774, 'min_child_samples': 21, 'reg_alpha': 0.002238138278733199, 'reg_lambda': 0.001025809534977322}. Best is trial 2 with value: 0.123824586786938.
[I 2026-06-01 11:06:03,662] Trial 7 finished with value: -0.08803122007073924 and parameters: {'confidence_threshold': 0.555635875450653, 'training_days': 80, 'n_estimators': 363, 'max_depth': 3, 'num_leaves': 48, 'learning_rate': 0.06590089024008658, 'subsample': 0.6944752870615722, 'colsample_bytree': 0.962566244806993, 'min_child_samples': 88, 'reg_alpha': 1.6465620446426067e-05, 'reg_lambda': 2.4678750890085655e-08}. Best is trial 2 with value: 0.123824586786938.
[I 2026-06-01 11:06:04,017] Trial 8 finished with value: -0.00483309592073713 and parameters: {'confidence_threshold': 0.6066688256938841, 'training_days': 200, 'n_estimators': 367, 'max_depth': 5, 'num_leaves': 32, 'learning_rate': 0.13377519215934996, 'subsample': 0.7965884582811106, 'colsample_bytree': 0.8458508993500886, 'min_child_samples': 32, 'reg_alpha': 3.889436043816386e-05, 'reg_lambda': 1.4713062489380356e-06}. Best is trial 2 with value: 0.123824586786938.
[I 2026-06-01 11:06:04,234] Trial 9 finished with value: 0.03693414279207089 and parameters: {'confidence_threshold': 0.6202096049169137, 'training_days': 260, 'n_estimators': 350, 'max_depth': 3, 'num_leaves': 21, 'learning_rate': 0.02989540198065364, 'subsample': 0.8307821683331218, 'colsample_bytree': 0.923253112635361, 'min_child_samples': 64, 'reg_alpha': 0.4898604619604203, 'reg_lambda': 2.9076377687066166e-05}. Best is trial 2 with value: 0.123824586786938.
[I 2026-06-01 11:06:04,551] Trial 10 finished with value: -3.8053526097648005 and parameters: {'confidence_threshold': 0.8445241688507242, 'training_days': 420, 'n_estimators': 494, 'max_depth': 3, 'num_leaves': 30, 'learning_rate': 0.010221918552934462, 'subsample': 0.5019190721168774, 'colsample_bytree': 0.6202684210924141, 'min_child_samples': 45, 'reg_alpha': 1.5494783182896407e-08, 'reg_lambda': 0.018878930586497852}. Best is trial 2 with value: 0.123824586786938.
[I 2026-06-01 11:06:04,746] Trial 11 finished with value: 0.2182343129672561 and parameters: {'confidence_threshold': 0.8371297552840329, 'training_days': 350, 'n_estimators': 255, 'max_depth': 5, 'num_leaves': 37, 'learning_rate': 0.022201782016086913, 'subsample': 0.6312808619205246, 'colsample_bytree': 0.6778283959364831, 'min_child_samples': 100, 'reg_alpha': 1.5149750828426856e-07, 'reg_lambda': 0.0018315601621927968}. Best is trial 11 with value: 0.2182343129672561.
[I 2026-06-01 11:06:05,016] Trial 12 finished with value: 0.13941640577997566 and parameters: {'confidence_threshold': 0.830632524875604, 'training_days': 360, 'n_estimators': 452, 'max_depth': 3, 'num_leaves': 30, 'learning_rate': 0.020920578578909464, 'subsample': 0.6547963021624791, 'colsample_bytree': 0.6669454130036883, 'min_child_samples': 100, 'reg_alpha': 7.792888721997079e-08, 'reg_lambda': 0.0029157988767557577}. Best is trial 11 with value: 0.2182343129672561.
[I 2026-06-01 11:06:05,360] Trial 13 finished with value: 0.19284698073121653 and parameters: {'confidence_threshold': 0.8320048612945233, 'training_days': 400, 'n_estimators': 475, 'max_depth': 5, 'num_leaves': 26, 'learning_rate': 0.011298984720014693, 'subsample': 0.6659196575204983, 'colsample_bytree': 0.6357563568573675, 'min_child_samples': 95, 'reg_alpha': 1.2509417169821007e-08, 'reg_lambda': 0.007333862701978235}. Best is trial 11 with value: 0.2182343129672561.
[I 2026-06-01 11:06:05,568] Trial 14 finished with value: 0.04252721224703017 and parameters: {'confidence_threshold': 0.6968624890517784, 'training_days': 490, 'n_estimators': 236, 'max_depth': 5, 'num_leaves': 15, 'learning_rate': 0.01037874273241603, 'subsample': 0.9182426786262438, 'colsample_bytree': 0.5053776772160772, 'min_child_samples': 98, 'reg_alpha': 5.328065123968895e-07, 'reg_lambda': 1.66052015319664}. Best is trial 11 with value: 0.2182343129672561.
[I 2026-06-01 11:06:05,823] Trial 15 finished with value: 0.04653956022428406 and parameters: {'confidence_threshold': 0.5026055290809989, 'training_days': 390, 'n_estimators': 300, 'max_depth': 5, 'num_leaves': 24, 'learning_rate': 0.013985469351508023, 'subsample': 0.7101641142623093, 'colsample_bytree': 0.6593625328204508, 'min_child_samples': 84, 'reg_alpha': 5.011892081220446e-07, 'reg_lambda': 0.05138157439645094}. Best is trial 11 with value: 0.2182343129672561.
[I 2026-06-01 11:06:06,162] Trial 16 finished with value: 0.12967483922575687 and parameters: {'confidence_threshold': 0.7977991059633813, 'training_days': 480, 'n_estimators': 441, 'max_depth': 5, 'num_leaves': 44, 'learning_rate': 0.03783227525674916, 'subsample': 0.5824016374699942, 'colsample_bytree': 0.5720506783945957, 'min_child_samples': 87, 'reg_alpha': 1.0238830660456418e-08, 'reg_lambda': 0.010224369480324612}. Best is trial 11 with value: 0.2182343129672561.
[I 2026-06-01 11:06:06,402] Trial 17 finished with value: 0.04833797330313769 and parameters: {'confidence_threshold': 0.7110519736587814, 'training_days': 330, 'n_estimators': 296, 'max_depth': 5, 'num_leaves': 25, 'learning_rate': 0.015368996400022943, 'subsample': 0.6541389240077693, 'colsample_bytree': 0.7084014884653648, 'min_child_samples': 78, 'reg_alpha': 6.229602473892305e-07, 'reg_lambda': 0.0004475586725482197}. Best is trial 11 with value: 0.2182343129672561.
[I 2026-06-01 11:06:06,742] A new study created in memory with name: no-name-e00d49a9-9560-4d39-bd19-342eea52b83c
[I 2026-06-01 11:06:06,927] Trial 0 finished with value: -0.004922661950735036 and parameters: {'confidence_threshold': 0.5870645682749857, 'training_days': 90, 'n_estimators': 403, 'max_depth': 5, 'num_leaves': 45, 'learning_rate': 0.0780457193679974, 'subsample': 0.9428509515574568, 'colsample_bytree': 0.8795587339164916, 'min_child_samples': 34, 'reg_alpha': 2.2465901234314442e-07, 'reg_lambda': 8.339007036475363e-05}. Best is trial 0 with value: -0.004922661950735036.
[I 2026-06-01 11:06:07,038] Trial 1 finished with value: 0.05596965412881246 and parameters: {'confidence_threshold': 0.6348453934275313, 'training_days': 290, 'n_estimators': 115, 'max_depth': 5, 'num_leaves': 37, 'learning_rate': 0.06949568759029946, 'subsample': 0.8228505074024268, 'colsample_bytree': 0.8616703220431751, 'min_child_samples': 75, 'reg_alpha': 4.2486822725010923e-07, 'reg_lambda': 1.157247767047042e-07}. Best is trial 1 with value: 0.05596965412881246.
