[I 2026-06-01 11:06:13,686] Trial 12 finished with value: -0.14161790586444162 and parameters: {'confidence_threshold': 0.7442467330465313, 'training_days': 120, 'n_estimators': 349, 'max_depth': 3, 'num_leaves': 34, 'learning_rate': 0.14318362139721888, 'subsample': 0.7105018827142541, 'colsample_bytree': 0.6121951715688008, 'min_child_samples': 100, 'reg_alpha': 3.9607988318902095e-06, 'reg_lambda': 4.931237356704141e-06}. Best is trial 3 with value: 0.02393306934026158.
[I 2026-06-01 11:06:13,879] Trial 13 finished with value: -0.04060003502645569 and parameters: {'confidence_threshold': 0.6675013492473675, 'training_days': 300, 'n_estimators': 311, 'max_depth': 3, 'num_leaves': 34, 'learning_rate': 0.14283388424538926, 'subsample': 0.5979644942759227, 'colsample_bytree': 0.8155421717694826, 'min_child_samples': 81, 'reg_alpha': 4.845036165143733e-07, 'reg_lambda': 6.4252658050441624}. Best is trial 3 with value: 0.02393306934026158.
[I 2026-06-01 11:06:14,192] Trial 14 finished with value: 0.021985590136115396 and parameters: {'confidence_threshold': 0.7871652886153421, 'training_days': 500, 'n_estimators': 457, 'max_depth': 3, 'num_leaves': 15, 'learning_rate': 0.266136776931481, 'subsample': 0.8359838068685823, 'colsample_bytree': 0.6783239343481856, 'min_child_samples': 56, 'reg_alpha': 5.94191158127364e-05, 'reg_lambda': 0.1630740047818842}. Best is trial 3 with value: 0.02393306934026158.

    [trial 12] Sharpe=0.1593 (folds: 0.0607, 0.1559, 0.2000, 0.1955, 0.1846)
    [trial 13] 46 features, training_days=350 | threshold=0.848 | labels: 1017 long, 1154 short (47/53%)
    [trial 13] Sharpe=-1.8163 (folds: 0.1918, 0.3150, 0.6981, -0.2866, -10.0000)
    [trial 14] 46 features, training_days=470 | threshold=0.786 | labels: 1017 long, 1154 short (47/53%)
    [trial 14] Sharpe=0.0368 (folds: -0.0446, 0.0334, 0.1623, -0.0312, 0.0641)
    [trial 15] 46 features, training_days=370 | threshold=0.783 | labels: 1017 long, 1154 short (47/53%)
    [trial 15] Sharpe=0.0886 (folds: 0.1226, -0.0077, 0.0928, 0.1626, 0.0724)
    [trial 16] 46 features, training_days=500 | threshold=0.781 | labels: 1017 long, 1154 short (47/53%)
    [trial 16] Sharpe=0.1208 (folds: -0.1162, 0.1223, 0.1956, 0.2647, 0.1375)
    [trial 17] 46 features, training_days=190 | threshold=0.780 | labels: 1017 long, 1154 short (47/53%)
    [trial 17] Sharpe=-0.0087 (folds: -0.0965, -0.2555, 0.0421, 0.0016, 0.2648)
  Optuna: 18 trials, best Sharpe = 0.1593
  Best params: n_estimators=490, max_depth=4, lr=0.0103, leaves=63
  Best confidence_threshold: 0.810
  Best training_days: 500
  Retrained on full data (1500 samples, 46 features)
  OOD: 16 features, cutoff (q=0.7) = 13.92
  Model trained for 2024-11: 90 test candles with features, confidence_threshold=0.811
[predict] 2024-11-15 16:00 DOTUSDT → SHORT (proba=0.82 TP=21.4%/SL=10.7%)
[trade:open] 2024-11-15 23:59 DOTUSDT SHORT @ 5.16 | SL=5.72 TP=4.06 | timeout=2024-11-22 23:59
[trade:close] 2024-11-16 23:59 DOTUSDT SHORT → stop_loss @ 5.72 | PnL=-10.68% (net -10.78%) | cum=+53.79% 2024-11=-10.78% 2024-11-16=-10.78%
[lgbm] === Training for 2024-12 ===
  Train window: 2022-12-01 → 2024-11-23
  2171 training samples from 1 symbols
  Samples per month: 2022-12: 93, 2023-01: 93, 2023-02: 84, 2023-03: 93, 2023-04: 90, 2023-05: 93, 2023-06: 90, 2023-07: 93, 2023-08: 93, 2023-09: 90, 2023-10: 93, 2023-11: 90, 2023-12: 93, 2024-01: 93, 2024-02: 87, 2024-03: 93, 2024-04: 90, 2024-05: 93, 2024-06: 90, 2024-07: 93, 2024-08: 93, 2024-09: 90, 2024-10: 93, 2024-11: 68
  [label] 2023-01-31 16:00 DOTUSDT entry=6.2570 → LONG | long=tp(+11.67%) short=sl(-5.99%) | scanned=8 | long_tp_only
  [label] 2023-02-03 00:00 DOTUSDT entry=6.6800 → SHORT | long=sl(-6.41%) short=sl(-6.41%) | scanned=20 | no_tp→fwd_return=-6.7365
  [label] 2023-02-06 16:00 DOTUSDT entry=6.4890 → SHORT | long=sl(-6.47%) short=sl(-6.47%) | scanned=9 | no_tp→fwd_return=-3.9914
  [label] 2023-03-03 08:00 DOTUSDT entry=6.0410 → SHORT | long=sl(-6.18%) short=tp(+12.06%) | scanned=19 | short_tp_only
  [label] 2023-04-25 00:00 DOTUSDT entry=5.8290 → SHORT | long=timeout(-2.40%) short=sl(-4.92%) | scanned=22 | no_tp→fwd_return=-2.2989
  [label] 2023-10-08 00:00 DOTUSDT entry=4.0300 → SHORT | long=sl(-2.66%) short=tp(+5.03%) | scanned=4 | short_tp_only
  [label] 2023-10-12 00:00 DOTUSDT entry=3.7090 → SHORT | long=sl(-3.51%) short=sl(-3.51%) | scanned=21 | no_tp→fwd_return=-2.5613
  [label] 2023-10-22 16:00 DOTUSDT entry=3.9650 → LONG | long=tp(+8.17%) short=sl(-4.23%) | scanned=3 | long_tp_only
  [label] 2023-12-06 16:00 DOTUSDT entry=6.0500 → LONG | long=tp(+11.62%) short=sl(-5.96%) | scanned=6 | long_tp_only
  [label] 2023-12-15 08:00 DOTUSDT entry=7.1020 → LONG | long=timeout(+13.66%) short=sl(-10.65%) | scanned=22 | no_tp→fwd_return=+13.7567
  [label] 2024-03-14 16:00 DOTUSDT entry=11.5670 → SHORT | long=sl(-9.36%) short=tp(+18.42%) | scanned=7 | short_tp_only
  [label] 2024-04-15 16:00 DOTUSDT entry=6.7040 → LONG | long=timeout(+11.18%) short=sl(-12.95%) | scanned=22 | no_tp→fwd_return=+11.2768
  [label] 2024-05-02 00:00 DOTUSDT entry=6.8700 → LONG | long=timeout(+0.60%) short=sl(-7.84%) | scanned=22 | no_tp→fwd_return=+0.6987
  [label] 2024-05-14 16:00 DOTUSDT entry=6.4820 → LONG | long=tp(+9.76%) short=sl(-5.03%) | scanned=7 | long_tp_only
  [label] 2024-06-02 00:00 DOTUSDT entry=7.0440 → SHORT | long=sl(-4.43%) short=tp(+8.56%) | scanned=17 | short_tp_only
  [label] 2024-06-08 08:00 DOTUSDT entry=6.4600 → SHORT | long=sl(-6.74%) short=sl(-6.74%) | scanned=19 | no_tp→fwd_return=-4.6440
  [label] 2024-06-20 16:00 DOTUSDT entry=5.6390 → LONG | long=timeout(+11.36%) short=sl(-7.19%) | scanned=22 | no_tp→fwd_return=+11.4559
  [label] 2024-07-30 08:00 DOTUSDT entry=5.6430 → SHORT | long=sl(-4.44%) short=tp(+8.57%) | scanned=6 | short_tp_only
  [label] 2024-08-09 00:00 DOTUSDT entry=4.8100 → SHORT | long=sl(-8.85%) short=timeout(+9.11%) | scanned=22 | no_tp→fwd_return=-9.2100
  [label] 2024-11-03 08:00 DOTUSDT entry=3.7320 → LONG | long=tp(+10.52%) short=sl(-5.41%) | scanned=8 | long_tp_only
  Labels: 1048 long (48.3%), 1123 short (51.7%) | weights: min=1.00, mean=3.57, max=10.00
  Features: 2171/2171 matched, 46 columns
  CV gap: 22 rows
  [ensemble 1/3] seed=42
    [trial 0] 46 features, training_days=480 | threshold=0.631 | labels: 1048 long, 1123 short (48/52%)
    [CV fold 0] train_end=2023-03-25 08:00 | val_start=2023-04-02 00:00 | gap=184h (22 rows)
    [CV fold 1] train_end=2023-07-23 16:00 | val_start=2023-07-31 08:00 | gap=184h (22 rows)
    [CV fold 2] train_end=2023-11-21 00:00 | val_start=2023-11-28 16:00 | gap=184h (22 rows)
    [CV fold 3] train_end=2024-03-20 08:00 | val_start=2024-03-28 00:00 | gap=184h (22 rows)
    [CV fold 4] train_end=2024-07-18 16:00 | val_start=2024-07-26 08:00 | gap=184h (22 rows)
    [trial 0] Sharpe=0.0177 (folds: -0.1137, 0.0239, -0.1911, 0.0090, 0.3602)
    [trial 1] 46 features, training_days=420 | threshold=0.839 | labels: 1048 long, 1123 short (48/52%)
    [trial 1] Sharpe=-3.9001 (folds: -10.0000, 0.2028, -0.0910, 0.3878, -10.0000)
    [trial 2] 46 features, training_days=190 | threshold=0.602 | labels: 1048 long, 1123 short (48/52%)
    [trial 2] Sharpe=-0.0637 (folds: -0.0929, -0.0460, -0.0245, -0.1524, -0.0029)
    [trial 3] 46 features, training_days=490 | threshold=0.832 | labels: 1048 long, 1123 short (48/52%)
    [trial 3] Sharpe=0.0239 (folds: -0.1468, -0.0048, -0.2351, 0.0737, 0.4327)
    [trial 4] 46 features, training_days=340 | threshold=0.591 | labels: 1048 long, 1123 short (48/52%)
    [trial 4] Sharpe=-0.0752 (folds: -0.0443, -0.0777, -0.1405, -0.1006, -0.0128)
    [trial 5] 46 features, training_days=50 | threshold=0.823 | labels: 1048 long, 1123 short (48/52%)
    [trial 5] Sharpe=-0.1509 (folds: -0.0938, -0.2596, -0.1264, -0.3063, 0.0317)
    [trial 6] 46 features, training_days=410 | threshold=0.549 | labels: 1048 long, 1123 short (48/52%)
    [trial 6] Sharpe=-0.0151 (folds: -0.0419, -0.1410, -0.0731, 0.0924, 0.0881)
    [trial 7] 46 features, training_days=180 | threshold=0.526 | labels: 1048 long, 1123 short (48/52%)
    [trial 7] Sharpe=-0.0577 (folds: -0.2288, -0.0476, 0.0299, -0.1059, 0.0638)
    [trial 8] 46 features, training_days=240 | threshold=0.811 | labels: 1048 long, 1123 short (48/52%)
    [trial 8] Sharpe=-0.0481 (folds: -0.1481, 0.0536, -0.0496, -0.1027, 0.0065)
    [trial 9] 46 features, training_days=20 | threshold=0.538 | labels: 1048 long, 1123 short (48/52%)
    [trial 9] Sharpe=0.0215 (folds: -0.0017, -0.0997, -0.1226, 0.1675, 0.1641)
    [trial 10] 46 features, training_days=350 | threshold=0.730 | labels: 1048 long, 1123 short (48/52%)
    [trial 10] Sharpe=-0.0140 (folds: -0.1592, 0.0472, -0.1780, 0.1379, 0.0822)
    [trial 11] 46 features, training_days=40 | threshold=0.716 | labels: 1048 long, 1123 short (48/52%)
    [trial 11] Sharpe=-7.9750 (folds: -10.0000, -10.0000, 0.1251, -10.0000, -10.0000)
    [trial 12] 46 features, training_days=120 | threshold=0.744 | labels: 1048 long, 1123 short (48/52%)
    [trial 12] Sharpe=-0.1416 (folds: -0.0545, -0.1517, -0.1073, -0.2259, -0.1688)
    [trial 13] 46 features, training_days=300 | threshold=0.668 | labels: 1048 long, 1123 short (48/52%)
    [trial 13] Sharpe=-0.0406 (folds: -0.0561, 0.0659, -0.2177, 0.0297, -0.0247)
    [trial 14] 46 features, training_days=500 | threshold=0.787 | labels: 1048 long, 1123 short (48/52%)
    [trial 14] Sharpe=0.0220 (folds: -0.1063, 0.0619, -0.3156, 0.0932, 0.3767)
    [trial 15] 46 features, training_days=500 | threshold=0.778 | labels: 1048 long, 1123 short (48/52%)[I 2026-06-01 11:06:14,577] Trial 15 finished with value: 0.04286404162575211 and parameters: {'confidence_threshold': 0.7775952481140708, 'training_days': 500, 'n_estimators': 491, 'max_depth': 4, 'num_leaves': 15, 'learning_rate': 0.08959325754135135, 'subsample': 0.8503787377675542, 'colsample_bytree': 0.5638559055673752, 'min_child_samples': 55, 'reg_alpha': 0.00011563652718035802, 'reg_lambda': 0.15772247210887175}. Best is trial 15 with value: 0.04286404162575211.
[I 2026-06-01 11:06:14,948] Trial 16 finished with value: 0.021898919614738534 and parameters: {'confidence_threshold': 0.7686432870519652, 'training_days': 410, 'n_estimators': 431, 'max_depth': 4, 'num_leaves': 18, 'learning_rate': 0.08752832028749734, 'subsample': 0.9196640433805872, 'colsample_bytree': 0.5689974828749275, 'min_child_samples': 34, 'reg_alpha': 0.0005556169150453305, 'reg_lambda': 0.30847087216255387}. Best is trial 15 with value: 0.04286404162575211.
[I 2026-06-01 11:06:15,407] Trial 17 finished with value: -1.9664888579604085 and parameters: {'confidence_threshold': 0.8458650295109137, 'training_days': 450, 'n_estimators': 481, 'max_depth': 4, 'num_leaves': 28, 'learning_rate': 0.010425658055299656, 'subsample': 0.8356906074883281, 'colsample_bytree': 0.9956385980717998, 'min_child_samples': 56, 'reg_alpha': 6.178844729038282, 'reg_lambda': 0.01864421203585669}. Best is trial 15 with value: 0.04286404162575211.
[I 2026-06-01 11:06:15,798] A new study created in memory with name: no-name-abfddcc3-ea89-4c2a-a06f-fe507202296c
[I 2026-06-01 11:06:15,896] Trial 0 finished with value: -0.1248842707186109 and parameters: {'confidence_threshold': 0.7437642149592516, 'training_days': 150, 'n_estimators': 152, 'max_depth': 4, 'num_leaves': 50, 'learning_rate': 0.04216766425047743, 'subsample': 0.9903820991923078, 'colsample_bytree': 0.8424148692924316, 'min_child_samples': 58, 'reg_alpha': 3.381097259762742e-05, 'reg_lambda': 1.2263152961306247e-05}. Best is trial 0 with value: -0.1248842707186109.
[I 2026-06-01 11:06:15,966] Trial 1 finished with value: -8.079485893744021 and parameters: {'confidence_threshold': 0.7551673975844145, 'training_days': 220, 'n_estimators': 76, 'max_depth': 4, 'num_leaves': 51, 'learning_rate': 0.018602118810743477, 'subsample': 0.5877258780737462, 'colsample_bytree': 0.7657756869209191, 'min_child_samples': 63, 'reg_alpha': 0.005123994170264194, 'reg_lambda': 0.44145470178120466}. Best is trial 0 with value: -0.1248842707186109.
[I 2026-06-01 11:06:16,215] Trial 2 finished with value: -0.040263319075131754 and parameters: {'confidence_threshold': 0.7535593637012223, 'training_days': 310, 'n_estimators': 375, 'max_depth': 3, 'num_leaves': 32, 'learning_rate': 0.021735641882032388, 'subsample': 0.6468570231944146, 'colsample_bytree': 0.8154880619272439, 'min_child_samples': 27, 'reg_alpha': 8.004064028491336e-05, 'reg_lambda': 7.546835261630524e-05}. Best is trial 2 with value: -0.040263319075131754.
[I 2026-06-01 11:06:16,374] Trial 3 finished with value: -0.006405794988036626 and parameters: {'confidence_threshold': 0.6727897841776072, 'training_days': 220, 'n_estimators': 190, 'max_depth': 4, 'num_leaves': 58, 'learning_rate': 0.24810689332636193, 'subsample': 0.7509183379421682, 'colsample_bytree': 0.8119764758960556, 'min_child_samples': 29, 'reg_alpha': 7.1708285081421445e-06, 'reg_lambda': 5.412973582738627e-05}. Best is trial 3 with value: -0.006405794988036626.
[I 2026-06-01 11:06:16,501] Trial 4 finished with value: -0.08313363545623143 and parameters: {'confidence_threshold': 0.803208205259178, 'training_days': 130, 'n_estimators': 267, 'max_depth': 5, 'num_leaves': 40, 'learning_rate': 0.08041175317374143, 'subsample': 0.5603143329951619, 'colsample_bytree': 0.9131704002534167, 'min_child_samples': 68, 'reg_alpha': 0.0008046593428183385, 'reg_lambda': 1.2158346158765583e-05}. Best is trial 3 with value: -0.006405794988036626.
[I 2026-06-01 11:06:16,727] Trial 5 finished with value: -0.037243543755640166 and parameters: {'confidence_threshold': 0.6064422761595144, 'training_days': 210, 'n_estimators': 357, 'max_depth': 5, 'num_leaves': 40, 'learning_rate': 0.0974221287220869, 'subsample': 0.7929682762811064, 'colsample_bytree': 0.8124517510478, 'min_child_samples': 74, 'reg_alpha': 0.3811377260781234, 'reg_lambda': 5.607314238392041e-08}. Best is trial 3 with value: -0.006405794988036626.
[I 2026-06-01 11:06:16,826] Trial 6 finished with value: -0.10101712807711671 and parameters: {'confidence_threshold': 0.7672889945051684, 'training_days': 130, 'n_estimators': 137, 'max_depth': 4, 'num_leaves': 19, 'learning_rate': 0.2031117614248665, 'subsample': 0.8136244860256343, 'colsample_bytree': 0.8617081790949774, 'min_child_samples': 21, 'reg_alpha': 0.002238138278733199, 'reg_lambda': 0.001025809534977322}. Best is trial 3 with value: -0.006405794988036626.
[I 2026-06-01 11:06:16,894] Trial 7 finished with value: -0.20381899896431102 and parameters: {'confidence_threshold': 0.555635875450653, 'training_days': 80, 'n_estimators': 363, 'max_depth': 3, 'num_leaves': 48, 'learning_rate': 0.06590089024008658, 'subsample': 0.6944752870615722, 'colsample_bytree': 0.962566244806993, 'min_child_samples': 88, 'reg_alpha': 1.6465620446426067e-05, 'reg_lambda': 2.4678750890085655e-08}. Best is trial 3 with value: -0.006405794988036626.
[I 2026-06-01 11:06:17,209] Trial 8 finished with value: 0.0021938339336510237 and parameters: {'confidence_threshold': 0.6066688256938841, 'training_days': 200, 'n_estimators': 367, 'max_depth': 5, 'num_leaves': 32, 'learning_rate': 0.13377519215934996, 'subsample': 0.7965884582811106, 'colsample_bytree': 0.8458508993500886, 'min_child_samples': 32, 'reg_alpha': 3.889436043816386e-05, 'reg_lambda': 1.4713062489380356e-06}. Best is trial 8 with value: 0.0021938339336510237.
[I 2026-06-01 11:06:17,437] Trial 9 finished with value: -0.06918948209283562 and parameters: {'confidence_threshold': 0.6202096049169137, 'training_days': 260, 'n_estimators': 350, 'max_depth': 3, 'num_leaves': 21, 'learning_rate': 0.02989540198065364, 'subsample': 0.8307821683331218, 'colsample_bytree': 0.923253112635361, 'min_child_samples': 64, 'reg_alpha': 0.4898604619604203, 'reg_lambda': 2.9076377687066166e-05}. Best is trial 8 with value: 0.0021938339336510237.
[I 2026-06-01 11:06:17,942] Trial 10 finished with value: -0.026031756688768094 and parameters: {'confidence_threshold': 0.5342665212695602, 'training_days': 470, 'n_estimators': 493, 'max_depth': 5, 'num_leaves': 30, 'learning_rate': 0.010221918552934462, 'subsample': 0.9182272143313567, 'colsample_bytree': 0.6202684210924141, 'min_child_samples': 44, 'reg_alpha': 1.466506858166308e-08, 'reg_lambda': 0.014616129255130504}. Best is trial 8 with value: 0.0021938339336510237.
[I 2026-06-01 11:06:18,163] Trial 11 finished with value: 0.0016809223764517544 and parameters: {'confidence_threshold': 0.672304345793606, 'training_days': 360, 'n_estimators': 248, 'max_depth': 4, 'num_leaves': 62, 'learning_rate': 0.29626502575289787, 'subsample': 0.7185615065128308, 'colsample_bytree': 0.6661831737797719, 'min_child_samples': 39, 'reg_alpha': 4.28336488974334e-07, 'reg_lambda': 6.470692703374516e-07}. Best is trial 8 with value: 0.0021938339336510237.
[I 2026-06-01 11:06:18,427] Trial 12 finished with value: 0.040539792745669656 and parameters: {'confidence_threshold': 0.66034247783242, 'training_days': 380, 'n_estimators': 237, 'max_depth': 5, 'num_leaves': 63, 'learning_rate': 0.15265377916176726, 'subsample': 0.6796991224174062, 'colsample_bytree': 0.6669454130036883, 'min_child_samples': 42, 'reg_alpha': 1.0994405170068853e-07, 'reg_lambda': 4.962633834495555e-07}. Best is trial 12 with value: 0.040539792745669656.
[I 2026-06-01 11:06:18,876] Trial 13 finished with value: 0.021017092640394273 and parameters: {'confidence_threshold': 0.6003817548494063, 'training_days': 430, 'n_estimators': 449, 'max_depth': 5, 'num_leaves': 28, 'learning_rate': 0.13683437352217034, 'subsample': 0.5024707401359401, 'colsample_bytree': 0.5443982906148261, 'min_child_samples': 46, 'reg_alpha': 1.7959792390282507e-08, 'reg_lambda': 5.233134334068283e-07}. Best is trial 12 with value: 0.040539792745669656.
[I 2026-06-01 11:06:19,332] Trial 14 finished with value: 0.032625207743777196 and parameters: {'confidence_threshold': 0.6968624890517784, 'training_days': 450, 'n_estimators': 487, 'max_depth': 5, 'num_leaves': 26, 'learning_rate': 0.14573455811861633, 'subsample': 0.5059048922491483, 'colsample_bytree': 0.5024069721838815, 'min_child_samples': 49, 'reg_alpha': 1.0008613641407735e-08, 'reg_lambda': 2.594301206480458e-07}. Best is trial 12 with value: 0.040539792745669656.
[I 2026-06-01 11:06:19,533] Trial 15 finished with value: 0.017964951658759942 and parameters: {'confidence_threshold': 0.6943244454146008, 'training_days': 390, 'n_estimators': 211, 'max_depth': 5, 'num_leaves': 15, 'learning_rate': 0.15500183467317316, 'subsample': 0.6289774711837719, 'colsample_bytree': 0.5093920150666754, 'min_child_samples': 53, 'reg_alpha': 5.011892081220446e-07, 'reg_lambda': 0.0018036000450348132}. Best is trial 12 with value: 0.040539792745669656.
[I 2026-06-01 11:06:19,794] Trial 16 finished with value: -0.0010838615473933277 and parameters: {'confidence_threshold': 0.7084759820617051, 'training_days': 500, 'n_estimators': 307, 'max_depth': 5, 'num_leaves': 25, 'learning_rate': 0.04734750546511042, 'subsample': 0.5016501746526091, 'colsample_bytree': 0.6686101008503236, 'min_child_samples': 99, 'reg_alpha': 4.0719162100010703e-07, 'reg_lambda': 1.3031967135552656e-07}. Best is trial 12 with value: 0.040539792745669656.
[I 2026-06-01 11:06:20,155] Trial 17 finished with value: 0.016333886808042614 and parameters: {'confidence_threshold': 0.8278557618575797, 'training_days': 330, 'n_estimators': 429, 'max_depth': 5, 'num_leaves': 36, 'learning_rate': 0.11080157083144289, 'subsample': 0.5798718144131003, 'colsample_bytree': 0.5774490852526489, 'min_child_samples': 51, 'reg_alpha': 7.659952438877428e-08, 'reg_lambda': 1.7752227046969835e-06}. Best is trial 12 with value: 0.040539792745669656.
[I 2026-06-01 11:06:20,528] A new study created in memory with name: no-name-f839d7d6-29f6-4e23-93f7-3e8c17c4bf5e
[I 2026-06-01 11:06:20,729] Trial 0 finished with value: -0.06021119127993017 and parameters: {'confidence_threshold': 0.5870645682749857, 'training_days': 90, 'n_estimators': 403, 'max_depth': 5, 'num_leaves': 45, 'learning_rate': 0.0780457193679974, 'subsample': 0.9428509515574568, 'colsample_bytree': 0.8795587339164916, 'min_child_samples': 34, 'reg_alpha': 2.2465901234314442e-07, 'reg_lambda': 8.339007036475363e-05}. Best is trial 0 with value: -0.06021119127993017.
[I 2026-06-01 11:06:20,845] Trial 1 finished with value: -0.044493535437837864 and parameters: {'confidence_threshold': 0.6348453934275313, 'training_days': 290, 'n_estimators': 115, 'max_depth': 5, 'num_leaves': 37, 'learning_rate': 0.06949568759029946, 'subsample': 0.8228505074024268, 'colsample_bytree': 0.8616703220431751, 'min_child_samples': 75, 'reg_alpha': 4.2486822725010923e-07, 'reg_lambda': 1.157247767047042e-07}. Best is trial 1 with value: -0.044493535437837864.
[I 2026-06-01 11:06:20,863] Trial 2 finished with value: -0.1595346863531283 and parameters: {'confidence_threshold': 0.5849570384370288, 'training_days': 10, 'n_estimators': 212, 'max_depth': 3, 'num_leaves': 41, 'learning_rate': 0.18452095998378365, 'subsample': 0.6001060822924371, 'colsample_bytree': 0.5673167293506167, 'min_child_samples': 37, 'reg_alpha': 5.733250064217131, 'reg_lambda': 0.5308454292595461}. Best is trial 1 with value: -0.044493535437837864.
[I 2026-06-01 11:06:20,941] Trial 3 finished with value: -0.15141844387011347 and parameters: {'confidence_threshold': 0.6868248626683718, 'training_days': 220, 'n_estimators': 134, 'max_depth': 3, 'num_leaves': 45, 'learning_rate': 0.033529007907491595, 'subsample': 0.8647277071858408, 'colsample_bytree': 0.778494116634046, 'min_child_samples': 96, 'reg_alpha': 2.409409937265785e-07, 'reg_lambda': 1.1642073478060009}. Best is trial 1 with value: -0.044493535437837864.
