[I 2026-06-01 11:03:04,222] Trial 17 finished with value: -0.09248889948155661 and parameters: {'confidence_threshold': 0.6679170895385056, 'training_days': 70, 'n_estimators': 485, 'max_depth': 4, 'num_leaves': 24, 'learning_rate': 0.1913942156766461, 'subsample': 0.7513643989074797, 'colsample_bytree': 0.5951100366450802, 'min_child_samples': 43, 'reg_alpha': 2.7451367471416982e-05, 'reg_lambda': 0.0373153774709629}. Best is trial 2 with value: 0.08423567192708308.

    [trial 10] Sharpe=-4.1622 (folds: -0.1838, -0.0527, -0.5743, -10.0000, -10.0000)
    [trial 11] 46 features, training_days=10 | threshold=0.508 | labels: 1004 long, 1164 short (46/54%)
    [trial 11] Sharpe=0.0842 (folds: -0.0729, 0.0276, 0.2428, 0.1710, 0.0528)
    [trial 12] 46 features, training_days=10 | threshold=0.516 | labels: 1004 long, 1164 short (46/54%)
    [trial 12] Sharpe=0.0842 (folds: -0.0729, 0.0276, 0.2428, 0.1710, 0.0528)
    [trial 13] 46 features, training_days=10 | threshold=0.501 | labels: 1004 long, 1164 short (46/54%)
    [trial 13] Sharpe=0.0842 (folds: -0.0729, 0.0276, 0.2428, 0.1710, 0.0528)
    [trial 14] 46 features, training_days=20 | threshold=0.514 | labels: 1004 long, 1164 short (46/54%)
    [trial 14] Sharpe=0.0459 (folds: 0.1744, 0.0276, 0.2428, -0.2678, 0.0528)
    [trial 15] 46 features, training_days=60 | threshold=0.555 | labels: 1004 long, 1164 short (46/54%)
    [trial 15] Sharpe=-3.9698 (folds: -0.0729, -10.0000, -10.0000, 0.1710, 0.0528)
    [trial 16] 46 features, training_days=350 | threshold=0.557 | labels: 1004 long, 1164 short (46/54%)
    [trial 16] Sharpe=-0.1250 (folds: -0.1250, -0.0965, -0.5685, 0.0407, 0.1242)
    [trial 17] 46 features, training_days=70 | threshold=0.666 | labels: 1004 long, 1164 short (46/54%)
    [trial 17] Sharpe=-0.0878 (folds: -0.1031, -0.0832, -0.2410, -0.0261, 0.0146)
  Optuna: 18 trials, best Sharpe = 0.0842
  Best params: n_estimators=262, max_depth=3, lr=0.0737, leaves=44
  Best confidence_threshold: 0.508
  Best training_days: 10
  Retrained on full data (30 samples, 46 features)
  [ensemble 3/3] seed=456
    [trial 0] 46 features, training_days=90 | threshold=0.587 | labels: 1004 long, 1164 short (46/54%)
    [CV fold 0] train_end=2021-07-23 08:00 | val_start=2021-07-31 00:00 | gap=184h (22 rows)
    [CV fold 1] train_end=2021-11-20 16:00 | val_start=2021-11-28 08:00 | gap=184h (22 rows)
    [CV fold 2] train_end=2022-03-21 00:00 | val_start=2022-03-28 16:00 | gap=184h (22 rows)
    [CV fold 3] train_end=2022-07-19 08:00 | val_start=2022-07-27 00:00 | gap=184h (22 rows)
    [CV fold 4] train_end=2022-11-16 16:00 | val_start=2022-11-24 08:00 | gap=184h (22 rows)
    [trial 0] Sharpe=-0.0631 (folds: -0.0525, -0.0869, -0.1557, -0.0930, 0.0726)
    [trial 1] 46 features, training_days=290 | threshold=0.635 | labels: 1004 long, 1164 short (46/54%)
    [trial 1] Sharpe=-0.0943 (folds: -0.0944, -0.0631, -0.2712, -0.1673, 0.1243)
    [trial 2] 46 features, training_days=10 | threshold=0.585 | labels: 1004 long, 1164 short (46/54%)
    [trial 2] Sharpe=0.0842 (folds: -0.0729, 0.0276, 0.2428, 0.1710, 0.0528)
    [trial 3] 46 features, training_days=220 | threshold=0.687 | labels: 1004 long, 1164 short (46/54%)
    [trial 3] Sharpe=-0.1566 (folds: -0.1525, 0.0058, -0.4270, -0.1467, -0.0626)
    [trial 4] 46 features, training_days=300 | threshold=0.562 | labels: 1004 long, 1164 short (46/54%)
    [trial 4] Sharpe=-0.1168 (folds: -0.0986, -0.0961, -0.2298, -0.2145, 0.0552)
    [trial 5] 46 features, training_days=490 | threshold=0.711 | labels: 1004 long, 1164 short (46/54%)
    [trial 5] Sharpe=-0.0368 (folds: -0.0604, 0.0306, -0.0678, -0.1859, 0.0992)
    [trial 6] 46 features, training_days=420 | threshold=0.667 | labels: 1004 long, 1164 short (46/54%)
    [trial 6] Sharpe=-0.1238 (folds: -0.0528, -0.0781, -0.2176, -0.3745, 0.1041)
    [trial 7] 46 features, training_days=120 | threshold=0.550 | labels: 1004 long, 1164 short (46/54%)
    [trial 7] Sharpe=-0.0686 (folds: -0.0450, -0.0053, -0.1194, -0.1343, -0.0388)
    [trial 8] 46 features, training_days=450 | threshold=0.720 | labels: 1004 long, 1164 short (46/54%)
    [trial 8] Sharpe=-0.0930 (folds: -0.1689, -0.0266, -0.3612, -0.2051, 0.2967)
    [trial 9] 46 features, training_days=20 | threshold=0.727 | labels: 1004 long, 1164 short (46/54%)
    [trial 9] Sharpe=-3.9354 (folds: -10.0000, 0.0276, 0.2428, -10.0000, 0.0528)
    [trial 10] 46 features, training_days=10 | threshold=0.840 | labels: 1004 long, 1164 short (46/54%)
    [trial 10] Sharpe=-1.9500 (folds: -0.0729, 0.0276, 0.2428, -10.0000, 0.0528)
    [trial 11] 46 features, training_days=370 | threshold=0.790 | labels: 1004 long, 1164 short (46/54%)
    [trial 11] Sharpe=-5.9921 (folds: 0.0056, 0.0339, -10.0000, -10.0000, -10.0000)
    [trial 12] 46 features, training_days=190 | threshold=0.515 | labels: 1004 long, 1164 short (46/54%)
    [trial 12] Sharpe=-0.0818 (folds: -0.0618, 0.0950, -0.2114, -0.2380, 0.0071)
    [trial 13] 46 features, training_days=480 | threshold=0.623 | labels: 1004 long, 1164 short (46/54%)
    [trial 13] Sharpe=-0.1104 (folds: -0.0686, 0.0121, -0.3435, -0.1979, 0.0461)
    [trial 14] 46 features, training_days=350 | threshold=0.772 | labels: 1004 long, 1164 short (46/54%)
    [trial 14] Sharpe=-0.0703 (folds: -0.0427, 0.0604, -0.1595, -0.3393, 0.1295)
    [trial 15] 46 features, training_days=150 | threshold=0.612 | labels: 1004 long, 1164 short (46/54%)
    [trial 15] Sharpe=-0.1302 (folds: -0.0481, -0.0145, -0.1830, -0.2829, -0.1227)
    [trial 16] 46 features, training_days=500 | threshold=0.508 | labels: 1004 long, 1164 short (46/54%)
    [trial 16] Sharpe=-0.0747 (folds: -0.1043, -0.0456, -0.1205, -0.1151, 0.0120)
    [trial 17] 46 features, training_days=70 | threshold=0.668 | labels: 1004 long, 1164 short (46/54%)
    [trial 17] Sharpe=-0.0925 (folds: -0.0753, -0.0025, -0.2893, -0.1209, 0.0256)
  Optuna: 18 trials, best Sharpe = 0.0842
  Best params: n_estimators=212, max_depth=3, lr=0.1845, leaves=41
  Best confidence_threshold: 0.585
  Best training_days: 10
  Retrained on full data (30 samples, 46 features)
  OOD: 16 features, cutoff (q=0.7) = 14.46
  Model trained for 2023-04: 90 test candles with features, confidence_threshold=0.543
[trade:close] 2023-04-08 00:00 DOTUSDT SHORT → timeout @ 6.17 | PnL=+2.62% (net +2.52%) | cum=-0.09% 2023-04=+2.52% 2023-04-08=+2.52%
[predict] 2023-04-08 16:00 DOTUSDT → SHORT (proba=0.65 TP=7.9%/SL=3.9%)
[trade:open] 2023-04-08 23:59 DOTUSDT SHORT @ 6.12 | SL=6.36 TP=5.64 | timeout=2023-04-15 23:59
[trade:close] 2023-04-11 07:59 DOTUSDT SHORT → stop_loss @ 6.36 | PnL=-3.93% (net -4.03%) | cum=-4.12% 2023-04=-1.51% 2023-04-11=-4.03%
[predict] 2023-04-12 00:00 DOTUSDT → SHORT (proba=0.65 TP=8.0%/SL=4.0%)
[trade:open] 2023-04-12 07:59 DOTUSDT SHORT @ 6.29 | SL=6.55 TP=5.79 | timeout=2023-04-19 07:59
[trade:close] 2023-04-13 15:59 DOTUSDT SHORT → stop_loss @ 6.55 | PnL=-4.02% (net -4.12%) | cum=-8.24% 2023-04=-5.63% 2023-04-13=-4.12%
[predict] 2023-04-14 08:00 DOTUSDT → SHORT (proba=0.65 TP=8.4%/SL=4.2%)
[trade:open] 2023-04-14 15:59 DOTUSDT SHORT @ 6.56 | SL=6.84 TP=6.01 | timeout=2023-04-21 15:59
[trade:close] 2023-04-15 23:59 DOTUSDT SHORT → stop_loss @ 6.84 | PnL=-4.20% (net -4.30%) | cum=-12.54% 2023-04=-9.93% 2023-04-15=-4.30%
[predict] 2023-04-25 08:00 DOTUSDT → SHORT (proba=0.65 TP=9.5%/SL=4.7%)
[trade:open] 2023-04-25 15:59 DOTUSDT SHORT @ 5.79 | SL=6.07 TP=5.24 | timeout=2023-05-02 15:59
[trade:close] 2023-04-26 15:59 DOTUSDT SHORT → stop_loss @ 6.07 | PnL=-4.73% (net -4.83%) | cum=-17.36% 2023-04=-14.76% 2023-04-26=-4.83%
[predict] 2023-04-27 08:00 DOTUSDT → SHORT (proba=0.65 TP=11.7%/SL=5.9%)
[trade:open] 2023-04-27 15:59 DOTUSDT SHORT @ 5.94 | SL=6.29 TP=5.25 | timeout=2023-05-04 15:59
[lgbm] === Training for 2023-05 ===
  Train window: 2021-05-01 → 2023-04-23
  2168 training samples from 1 symbols
  Samples per month: 2021-05: 93, 2021-06: 90, 2021-07: 93, 2021-08: 93, 2021-09: 90, 2021-10: 93, 2021-11: 90, 2021-12: 93, 2022-01: 93, 2022-02: 84, 2022-03: 93, 2022-04: 90, 2022-05: 93, 2022-06: 90, 2022-07: 93, 2022-08: 93, 2022-09: 90, 2022-10: 93, 2022-11: 90, 2022-12: 93, 2023-01: 93, 2023-02: 84, 2023-03: 93, 2023-04: 68
  [label] 2021-07-01 16:00 DOTUSDT entry=15.1620 → LONG | long=timeout(+0.88%) short=sl(-11.50%) | scanned=22 | no_tp→fwd_return=+0.9827
  [label] 2021-07-03 16:00 DOTUSDT entry=15.5190 → SHORT | long=timeout(-1.69%) short=sl(-9.07%) | scanned=22 | no_tp→fwd_return=-1.5916
  [label] 2021-07-07 16:00 DOTUSDT entry=16.8620 → SHORT | long=sl(-8.55%) short=tp(+16.81%) | scanned=18 | short_tp_only
  [label] 2021-08-01 08:00 DOTUSDT entry=19.0910 → LONG | long=sl(-9.98%) short=sl(-9.98%) | scanned=17 | no_tp→fwd_return=+9.2766[I 2026-06-01 11:03:04,645] A new study created in memory with name: no-name-51c42705-115a-4b6d-982e-7f26dbd567e3
[I 2026-06-01 11:03:04,963] Trial 0 finished with value: -0.1063490364853665 and parameters: {'confidence_threshold': 0.6310890415965769, 'training_days': 480, 'n_estimators': 380, 'max_depth': 4, 'num_leaves': 22, 'learning_rate': 0.01699897838270077, 'subsample': 0.5290418060840998, 'colsample_bytree': 0.9330880728874675, 'min_child_samples': 68, 'reg_alpha': 0.023585940584142682, 'reg_lambda': 1.5320059381854043e-08}. Best is trial 0 with value: -0.1063490364853665.
[I 2026-06-01 11:03:05,075] Trial 1 finished with value: -4.0841880452836286 and parameters: {'confidence_threshold': 0.839468448256698, 'training_days': 420, 'n_estimators': 145, 'max_depth': 3, 'num_leaves': 23, 'learning_rate': 0.028145092716060652, 'subsample': 0.762378215816119, 'colsample_bytree': 0.7159725093210578, 'min_child_samples': 43, 'reg_alpha': 0.0032112643094417484, 'reg_lambda': 1.8007140198129195e-07}. Best is trial 0 with value: -0.1063490364853665.
[I 2026-06-01 11:03:05,222] Trial 2 finished with value: -0.0700631494234052 and parameters: {'confidence_threshold': 0.6022506269873263, 'training_days': 190, 'n_estimators': 255, 'max_depth': 5, 'num_leaves': 24, 'learning_rate': 0.05748924681991978, 'subsample': 0.7962072844310213, 'colsample_bytree': 0.5232252063599989, 'min_child_samples': 69, 'reg_alpha': 3.425445902633376e-07, 'reg_lambda': 3.850031979199519e-08}. Best is trial 2 with value: -0.0700631494234052.
[I 2026-06-01 11:03:05,479] Trial 3 finished with value: -0.13296845081754316 and parameters: {'confidence_threshold': 0.8321099380386666, 'training_days': 490, 'n_estimators': 414, 'max_depth': 3, 'num_leaves': 19, 'learning_rate': 0.1024932221692416, 'subsample': 0.7200762468698007, 'colsample_bytree': 0.5610191174223894, 'min_child_samples': 60, 'reg_alpha': 2.039373116525212e-08, 'reg_lambda': 1.527156759251193}. Best is trial 2 with value: -0.0700631494234052.
[I 2026-06-01 11:03:05,630] Trial 4 finished with value: -0.17189430456637822 and parameters: {'confidence_threshold': 0.5905729935600059, 'training_days': 340, 'n_estimators': 190, 'max_depth': 4, 'num_leaves': 41, 'learning_rate': 0.01875220945578641, 'subsample': 0.9847923138822793, 'colsample_bytree': 0.8875664116805573, 'min_child_samples': 96, 'reg_alpha': 1.1309571585271483, 'reg_lambda': 0.002404915432737351}. Best is trial 2 with value: -0.0700631494234052.
[I 2026-06-01 11:03:05,671] Trial 5 finished with value: -0.16802633610076273 and parameters: {'confidence_threshold': 0.8226559822580909, 'training_days': 50, 'n_estimators': 138, 'max_depth': 3, 'num_leaves': 30, 'learning_rate': 0.03750796359625606, 'subsample': 0.6356745158869479, 'colsample_bytree': 0.9143687545759647, 'min_child_samples': 48, 'reg_alpha': 3.376063348877853e-06, 'reg_lambda': 0.0007660634613082914}. Best is trial 2 with value: -0.0700631494234052.
[I 2026-06-01 11:03:05,768] Trial 6 finished with value: -0.07610610160777974 and parameters: {'confidence_threshold': 0.5493234787411669, 'training_days': 410, 'n_estimators': 83, 'max_depth': 5, 'num_leaves': 52, 'learning_rate': 0.019657448966046126, 'subsample': 0.5027610585618012, 'colsample_bytree': 0.9077307142274171, 'min_child_samples': 77, 'reg_alpha': 0.03639690979811287, 'reg_lambda': 0.08738424135626986}. Best is trial 2 with value: -0.0700631494234052.
[I 2026-06-01 11:03:05,855] Trial 7 finished with value: -0.08864072343977805 and parameters: {'confidence_threshold': 0.5259156281069316, 'training_days': 180, 'n_estimators': 102, 'max_depth': 5, 'num_leaves': 45, 'learning_rate': 0.030816017044468066, 'subsample': 0.5317791751430119, 'colsample_bytree': 0.6554911608578311, 'min_child_samples': 46, 'reg_alpha': 0.036851536911881845, 'reg_lambda': 0.005470376807480391}. Best is trial 2 with value: -0.0700631494234052.
[I 2026-06-01 11:03:05,951] Trial 8 finished with value: -0.24473898488482487 and parameters: {'confidence_threshold': 0.8105244599017143, 'training_days': 240, 'n_estimators': 103, 'max_depth': 5, 'num_leaves': 52, 'learning_rate': 0.06746437142284309, 'subsample': 0.8854835899772805, 'colsample_bytree': 0.7468977981821954, 'min_child_samples': 62, 'reg_alpha': 7.04480806377519e-05, 'reg_lambda': 1.6934490731313353e-08}. Best is trial 2 with value: -0.0700631494234052.
[I 2026-06-01 11:03:05,974] Trial 9 finished with value: -3.9793742105463834 and parameters: {'confidence_threshold': 0.5377619994476566, 'training_days': 20, 'n_estimators': 337, 'max_depth': 3, 'num_leaves': 39, 'learning_rate': 0.21907142272152816, 'subsample': 0.6246461145744375, 'colsample_bytree': 0.7051914615178149, 'min_child_samples': 81, 'reg_alpha': 1.1459970229341322e-06, 'reg_lambda': 4.929685216887945e-08}. Best is trial 2 with value: -0.0700631494234052.
[I 2026-06-01 11:03:06,257] Trial 10 finished with value: -0.07960772743983457 and parameters: {'confidence_threshold': 0.6797821749717731, 'training_days': 150, 'n_estimators': 487, 'max_depth': 5, 'num_leaves': 31, 'learning_rate': 0.1457937958927628, 'subsample': 0.8271882613853766, 'colsample_bytree': 0.5054398545048813, 'min_child_samples': 27, 'reg_alpha': 1.290626345465208e-08, 'reg_lambda': 3.3639426888455256e-06}. Best is trial 2 with value: -0.0700631494234052.
[I 2026-06-01 11:03:06,465] Trial 11 finished with value: -0.1580997032267401 and parameters: {'confidence_threshold': 0.6954836557727516, 'training_days': 340, 'n_estimators': 245, 'max_depth': 5, 'num_leaves': 60, 'learning_rate': 0.012600846838162268, 'subsample': 0.6917386334278995, 'colsample_bytree': 0.8228184263283476, 'min_child_samples': 81, 'reg_alpha': 1.6115749528927317, 'reg_lambda': 0.5855213887055157}. Best is trial 2 with value: -0.0700631494234052.
[I 2026-06-01 11:03:06,664] Trial 12 finished with value: -0.10265960101847818 and parameters: {'confidence_threshold': 0.5838353006368809, 'training_days': 320, 'n_estimators': 266, 'max_depth': 4, 'num_leaves': 57, 'learning_rate': 0.0656285649451873, 'subsample': 0.8428332421633107, 'colsample_bytree': 0.8304278626461432, 'min_child_samples': 79, 'reg_alpha': 5.6535530920430964e-05, 'reg_lambda': 1.1939217269650388e-05}. Best is trial 2 with value: -0.0700631494234052.
[I 2026-06-01 11:03:06,709] Trial 13 finished with value: -0.39223262981568535 and parameters: {'confidence_threshold': 0.7321922500141939, 'training_days': 140, 'n_estimators': 64, 'max_depth': 5, 'num_leaves': 52, 'learning_rate': 0.04569763924078282, 'subsample': 0.9398069633632562, 'colsample_bytree': 0.9994455923633134, 'min_child_samples': 95, 'reg_alpha': 0.0015022440046723953, 'reg_lambda': 0.04056964825131503}. Best is trial 2 with value: -0.0700631494234052.
[I 2026-06-01 11:03:06,844] Trial 14 finished with value: -0.20783789038791833 and parameters: {'confidence_threshold': 0.6122975625169359, 'training_days': 280, 'n_estimators': 183, 'max_depth': 4, 'num_leaves': 15, 'learning_rate': 0.010609078207047555, 'subsample': 0.7718441115005977, 'colsample_bytree': 0.6139966073958775, 'min_child_samples': 74, 'reg_alpha': 8.062692659979823e-07, 'reg_lambda': 4.660968870227273e-05}. Best is trial 2 with value: -0.0700631494234052.
[I 2026-06-01 11:03:07,168] Trial 15 finished with value: -0.038224904226122874 and parameters: {'confidence_threshold': 0.5053950052572088, 'training_days': 400, 'n_estimators': 332, 'max_depth': 5, 'num_leaves': 32, 'learning_rate': 0.09347237905208686, 'subsample': 0.6061592092066231, 'colsample_bytree': 0.8100744538922787, 'min_child_samples': 68, 'reg_alpha': 0.06940112745380081, 'reg_lambda': 0.10351163679178875}. Best is trial 15 with value: -0.038224904226122874.
[I 2026-06-01 11:03:07,418] Trial 16 finished with value: -0.08388353710108011 and parameters: {'confidence_threshold': 0.5203867247262286, 'training_days': 220, 'n_estimators': 339, 'max_depth': 4, 'num_leaves': 31, 'learning_rate': 0.10351713625770766, 'subsample': 0.6095890091783663, 'colsample_bytree': 0.7832771838600566, 'min_child_samples': 50, 'reg_alpha': 1.6230643075200477e-05, 'reg_lambda': 7.335915218312156e-07}. Best is trial 15 with value: -0.038224904226122874.
[I 2026-06-01 11:03:07,487] Trial 17 finished with value: -0.11787337965563646 and parameters: {'confidence_threshold': 0.636009925344532, 'training_days': 90, 'n_estimators': 317, 'max_depth': 5, 'num_leaves': 28, 'learning_rate': 0.26645703554194355, 'subsample': 0.6697104328179112, 'colsample_bytree': 0.6505152466626335, 'min_child_samples': 26, 'reg_alpha': 8.098931698161095, 'reg_lambda': 0.00020614774879284444}. Best is trial 15 with value: -0.038224904226122874.
[I 2026-06-01 11:03:07,720] A new study created in memory with name: no-name-fbe53ff8-dcf6-488a-beaf-5484aa6b098e
[I 2026-06-01 11:03:07,803] Trial 0 finished with value: -0.16121920005510815 and parameters: {'confidence_threshold': 0.7437642149592516, 'training_days': 150, 'n_estimators': 152, 'max_depth': 4, 'num_leaves': 50, 'learning_rate': 0.04216766425047743, 'subsample': 0.9903820991923078, 'colsample_bytree': 0.8424148692924316, 'min_child_samples': 58, 'reg_alpha': 3.381097259762742e-05, 'reg_lambda': 1.2263152961306247e-05}. Best is trial 0 with value: -0.16121920005510815.
[I 2026-06-01 11:03:07,868] Trial 1 finished with value: -2.0304333857261114 and parameters: {'confidence_threshold': 0.7551673975844145, 'training_days': 220, 'n_estimators': 76, 'max_depth': 4, 'num_leaves': 51, 'learning_rate': 0.018602118810743477, 'subsample': 0.5877258780737462, 'colsample_bytree': 0.7657756869209191, 'min_child_samples': 63, 'reg_alpha': 0.005123994170264194, 'reg_lambda': 0.44145470178120466}. Best is trial 0 with value: -0.16121920005510815.
[I 2026-06-01 11:03:08,113] Trial 2 finished with value: -0.1800336574740202 and parameters: {'confidence_threshold': 0.7535593637012223, 'training_days': 310, 'n_estimators': 375, 'max_depth': 3, 'num_leaves': 32, 'learning_rate': 0.021735641882032388, 'subsample': 0.6468570231944146, 'colsample_bytree': 0.8154880619272439, 'min_child_samples': 27, 'reg_alpha': 8.004064028491336e-05, 'reg_lambda': 7.546835261630524e-05}. Best is trial 0 with value: -0.16121920005510815.
[I 2026-06-01 11:03:08,268] Trial 3 finished with value: -0.07967039568632968 and parameters: {'confidence_threshold': 0.6727897841776072, 'training_days': 220, 'n_estimators': 190, 'max_depth': 4, 'num_leaves': 58, 'learning_rate': 0.24810689332636193, 'subsample': 0.7509183379421682, 'colsample_bytree': 0.8119764758960556, 'min_child_samples': 29, 'reg_alpha': 7.1708285081421445e-06, 'reg_lambda': 5.412973582738627e-05}. Best is trial 3 with value: -0.07967039568632968.
[I 2026-06-01 11:03:08,393] Trial 4 finished with value: -0.13952588245892605 and parameters: {'confidence_threshold': 0.803208205259178, 'training_days': 130, 'n_estimators': 267, 'max_depth': 5, 'num_leaves': 40, 'learning_rate': 0.08041175317374143, 'subsample': 0.5603143329951619, 'colsample_bytree': 0.9131704002534167, 'min_child_samples': 68, 'reg_alpha': 0.0008046593428183385, 'reg_lambda': 1.2158346158765583e-05}. Best is trial 3 with value: -0.07967039568632968.
[I 2026-06-01 11:03:08,615] Trial 5 finished with value: -0.083754025629277 and parameters: {'confidence_threshold': 0.6064422761595144, 'training_days': 210, 'n_estimators': 357, 'max_depth': 5, 'num_leaves': 40, 'learning_rate': 0.0974221287220869, 'subsample': 0.7929682762811064, 'colsample_bytree': 0.8124517510478, 'min_child_samples': 74, 'reg_alpha': 0.3811377260781234, 'reg_lambda': 5.607314238392041e-08}. Best is trial 3 with value: -0.07967039568632968.
