[I 2026-06-01 11:01:50,986] Trial 10 finished with value: -0.08968999951569483 and parameters: {'confidence_threshold': 0.5342665212695602, 'training_days': 470, 'n_estimators': 493, 'max_depth': 5, 'num_leaves': 63, 'learning_rate': 0.010221918552934462, 'subsample': 0.9166551855891288, 'colsample_bytree': 0.6202684210924141, 'min_child_samples': 99, 'reg_alpha': 2.371385268938747e-08, 'reg_lambda': 8.795022395727933e-08}. Best is trial 5 with value: -0.04237037630662277.
[I 2026-06-01 11:01:51,008] Trial 11 finished with value: -8.00586983249527 and parameters: {'confidence_threshold': 0.8371297552840329, 'training_days': 20, 'n_estimators': 51, 'max_depth': 4, 'num_leaves': 20, 'learning_rate': 0.28720578546014475, 'subsample': 0.8648160383699911, 'colsample_bytree': 0.6612241103206169, 'min_child_samples': 43, 'reg_alpha': 1.9766490851559664, 'reg_lambda': 0.01082143518983918}. Best is trial 5 with value: -0.04237037630662277.
[I 2026-06-01 11:01:51,180] Trial 12 finished with value: -0.07902759412531102 and parameters: {'confidence_threshold': 0.6834465104295544, 'training_days': 350, 'n_estimators': 229, 'max_depth': 5, 'num_leaves': 15, 'learning_rate': 0.12915947020324428, 'subsample': 0.7404771527168456, 'colsample_bytree': 0.5197889515780572, 'min_child_samples': 78, 'reg_alpha': 0.021354954788908313, 'reg_lambda': 0.005022335654724178}. Best is trial 5 with value: -0.04237037630662277.
[I 2026-06-01 11:01:51,209] Trial 13 finished with value: -1.9793707919181673 and parameters: {'confidence_threshold': 0.6751070058264258, 'training_days': 10, 'n_estimators': 475, 'max_depth': 4, 'num_leaves': 34, 'learning_rate': 0.14044566672476927, 'subsample': 0.8887479594345413, 'colsample_bytree': 0.7082407533656954, 'min_child_samples': 53, 'reg_alpha': 0.1553638359729139, 'reg_lambda': 0.004788009985073303}. Best is trial 5 with value: -0.04237037630662277.
[I 2026-06-01 11:01:51,361] Trial 14 finished with value: -0.15338205199625338 and parameters: {'confidence_threshold': 0.6090521130232044, 'training_days': 100, 'n_estimators': 300, 'max_depth': 5, 'num_leaves': 42, 'learning_rate': 0.18335621758536413, 'subsample': 0.9496755233037083, 'colsample_bytree': 0.9959348592397881, 'min_child_samples': 44, 'reg_alpha': 0.016435092915656313, 'reg_lambda': 1.66052015319664}. Best is trial 5 with value: -0.04237037630662277.
[I 2026-06-01 11:01:51,482] Trial 15 finished with value: -0.07308523303453902 and parameters: {'confidence_threshold': 0.5026055290809989, 'training_days': 380, 'n_estimators': 125, 'max_depth': 4, 'num_leaves': 25, 'learning_rate': 0.08877084416799229, 'subsample': 0.8015770983744458, 'colsample_bytree': 0.8852290547575796, 'min_child_samples': 78, 'reg_alpha': 7.209816057093941, 'reg_lambda': 3.530602017678888e-07}. Best is trial 5 with value: -0.04237037630662277.
[I 2026-06-01 11:01:51,761] Trial 16 finished with value: -0.010415647105430895 and parameters: {'confidence_threshold': 0.7205111225561287, 'training_days': 170, 'n_estimators': 428, 'max_depth': 4, 'num_leaves': 29, 'learning_rate': 0.04734750546511042, 'subsample': 0.6513704876372882, 'colsample_bytree': 0.748970193014555, 'min_child_samples': 21, 'reg_alpha': 1.5574845105570906e-07, 'reg_lambda': 0.000616906323817186}. Best is trial 16 with value: -0.010415647105430895.
[I 2026-06-01 11:01:52,039] Trial 17 finished with value: -0.05977623095797744 and parameters: {'confidence_threshold': 0.7083504317363137, 'training_days': 290, 'n_estimators': 429, 'max_depth': 5, 'num_leaves': 27, 'learning_rate': 0.04518720776208668, 'subsample': 0.6268001048137728, 'colsample_bytree': 0.7357448708698509, 'min_child_samples': 75, 'reg_alpha': 2.388032766141247e-07, 'reg_lambda': 0.22650206073377607}. Best is trial 16 with value: -0.010415647105430895.
[I 2026-06-01 11:01:52,137] A new study created in memory with name: no-name-1ed1acd6-4945-4be9-8f7c-715c515d5d0a
[I 2026-06-01 11:01:52,307] Trial 0 finished with value: -0.08704466899080668 and parameters: {'confidence_threshold': 0.5870645682749857, 'training_days': 90, 'n_estimators': 403, 'max_depth': 5, 'num_leaves': 45, 'learning_rate': 0.0780457193679974, 'subsample': 0.9428509515574568, 'colsample_bytree': 0.8795587339164916, 'min_child_samples': 34, 'reg_alpha': 2.2465901234314442e-07, 'reg_lambda': 8.339007036475363e-05}. Best is trial 0 with value: -0.08704466899080668.
[I 2026-06-01 11:01:52,403] Trial 1 finished with value: -0.10603207695999686 and parameters: {'confidence_threshold': 0.6348453934275313, 'training_days': 290, 'n_estimators': 115, 'max_depth': 5, 'num_leaves': 37, 'learning_rate': 0.06949568759029946, 'subsample': 0.8228505074024268, 'colsample_bytree': 0.8616703220431751, 'min_child_samples': 75, 'reg_alpha': 4.2486822725010923e-07, 'reg_lambda': 1.157247767047042e-07}. Best is trial 0 with value: -0.08704466899080668.

    [trial 2] 46 features, training_days=190 | threshold=0.602 | labels: 1117 long, 1051 short (52/48%)
    [trial 2] Sharpe=-0.0717 (folds: -0.0243, 0.0872, -0.1740, 0.0421, -0.2894)
    [trial 3] 46 features, training_days=490 | threshold=0.832 | labels: 1117 long, 1051 short (52/48%)
    [trial 3] Sharpe=-0.0940 (folds: -0.0484, -0.0321, -0.0126, -0.1586, -0.2182)
    [trial 4] 46 features, training_days=340 | threshold=0.591 | labels: 1117 long, 1051 short (52/48%)
    [trial 4] Sharpe=-0.1173 (folds: -0.0708, -0.0889, -0.0514, 0.0136, -0.3890)
    [trial 5] 46 features, training_days=50 | threshold=0.823 | labels: 1117 long, 1051 short (52/48%)
    [trial 5] Sharpe=-0.0911 (folds: -0.2189, 0.1361, -0.0292, 0.0414, -0.3848)
    [trial 6] 46 features, training_days=410 | threshold=0.549 | labels: 1117 long, 1051 short (52/48%)
    [trial 6] Sharpe=-0.1267 (folds: -0.1180, -0.1090, -0.0192, -0.0387, -0.3486)
    [trial 7] 46 features, training_days=180 | threshold=0.526 | labels: 1117 long, 1051 short (52/48%)
    [trial 7] Sharpe=-0.0490 (folds: -0.0835, 0.0885, -0.1117, 0.0480, -0.1862)
    [trial 8] 46 features, training_days=240 | threshold=0.811 | labels: 1117 long, 1051 short (52/48%)
    [trial 8] Sharpe=-0.1202 (folds: -0.0700, 0.0708, -0.1834, 0.0533, -0.4718)
    [trial 9] 46 features, training_days=20 | threshold=0.538 | labels: 1117 long, 1051 short (52/48%)
    [trial 9] Sharpe=0.0829 (folds: 0.2677, -0.1092, -0.0293, 0.0964, 0.1892)
    [trial 10] 46 features, training_days=10 | threshold=0.745 | labels: 1117 long, 1051 short (52/48%)
    [trial 10] Sharpe=-1.9794 (folds: 0.2677, -10.0000, 0.0811, 0.0964, -0.3420)
    [trial 11] 46 features, training_days=120 | threshold=0.502 | labels: 1117 long, 1051 short (52/48%)
    [trial 11] Sharpe=-0.1138 (folds: -0.0502, 0.0391, -0.0892, -0.2333, -0.2351)
    [trial 12] 46 features, training_days=120 | threshold=0.512 | labels: 1117 long, 1051 short (52/48%)
    [trial 12] Sharpe=-0.1058 (folds: -0.0326, 0.0525, -0.0721, -0.2374, -0.2394)
    [trial 13] 46 features, training_days=130 | threshold=0.694 | labels: 1117 long, 1051 short (52/48%)
    [trial 13] Sharpe=-0.0681 (folds: -0.0486, 0.1633, -0.0817, -0.2013, -0.1719)
    [trial 14] 46 features, training_days=290 | threshold=0.570 | labels: 1117 long, 1051 short (52/48%)
    [trial 14] Sharpe=-0.0696 (folds: -0.0847, -0.0127, 0.0127, -0.0154, -0.2478)
    [trial 15] 46 features, training_days=70 | threshold=0.657 | labels: 1117 long, 1051 short (52/48%)
    [trial 15] Sharpe=-0.1224 (folds: -0.1225, 0.1310, -0.1334, -0.0127, -0.4745)
    [trial 16] 46 features, training_days=200 | threshold=0.543 | labels: 1117 long, 1051 short (52/48%)
    [trial 16] Sharpe=-0.0549 (folds: -0.0791, 0.0720, -0.0768, 0.1021, -0.2929)
    [trial 17] 46 features, training_days=10 | threshold=0.707 | labels: 1117 long, 1051 short (52/48%)
    [trial 17] Sharpe=-1.9794 (folds: 0.2677, -10.0000, 0.0811, 0.0964, -0.3420)
  Optuna: 18 trials, best Sharpe = 0.0829
  Best params: n_estimators=337, max_depth=3, lr=0.2191, leaves=39
  Best confidence_threshold: 0.538
  Best training_days: 20
  Retrained on full data (60 samples, 46 features)
  [ensemble 2/3] seed=123
    [trial 0] 46 features, training_days=150 | threshold=0.744 | labels: 1117 long, 1051 short (52/48%)
    [CV fold 0] train_end=2020-12-23 08:00 | val_start=2020-12-31 00:00 | gap=184h (22 rows)
    [CV fold 1] train_end=2021-04-22 16:00 | val_start=2021-04-30 08:00 | gap=184h (22 rows)
    [CV fold 2] train_end=2021-08-21 00:00 | val_start=2021-08-28 16:00 | gap=184h (22 rows)
    [CV fold 3] train_end=2021-12-19 08:00 | val_start=2021-12-27 00:00 | gap=184h (22 rows)
    [CV fold 4] train_end=2022-04-18 16:00 | val_start=2022-04-26 08:00 | gap=184h (22 rows)
    [trial 0] Sharpe=-0.1341 (folds: -0.0630, 0.1367, -0.1913, -0.1057, -0.4470)
    [trial 1] 46 features, training_days=220 | threshold=0.755 | labels: 1117 long, 1051 short (52/48%)
    [trial 1] Sharpe=-2.1133 (folds: -0.1629, 0.0206, -10.0000, 0.0619, -0.4859)
    [trial 2] 46 features, training_days=310 | threshold=0.754 | labels: 1117 long, 1051 short (52/48%)
    [trial 2] Sharpe=-0.1134 (folds: -0.0365, -0.0104, -0.1188, -0.0822, -0.3192)
    [trial 3] 46 features, training_days=220 | threshold=0.673 | labels: 1117 long, 1051 short (52/48%)
    [trial 3] Sharpe=-0.0949 (folds: -0.0426, -0.0948, -0.0883, 0.0800, -0.3285)
    [trial 4] 46 features, training_days=130 | threshold=0.803 | labels: 1117 long, 1051 short (52/48%)
    [trial 4] Sharpe=-0.1779 (folds: -0.0608, 0.1337, -0.2510, -0.3132, -0.3983)
    [trial 5] 46 features, training_days=210 | threshold=0.606 | labels: 1117 long, 1051 short (52/48%)
    [trial 5] Sharpe=-0.0424 (folds: -0.0406, 0.1013, -0.0409, 0.1045, -0.3361)
    [trial 6] 46 features, training_days=130 | threshold=0.767 | labels: 1117 long, 1051 short (52/48%)
    [trial 6] Sharpe=-0.0433 (folds: -0.0527, 0.2055, -0.0544, -0.1652, -0.1494)
    [trial 7] 46 features, training_days=80 | threshold=0.556 | labels: 1117 long, 1051 short (52/48%)
    [trial 7] Sharpe=-0.1285 (folds: -0.1611, 0.2611, -0.2007, -0.2322, -0.3099)
    [trial 8] 46 features, training_days=200 | threshold=0.607 | labels: 1117 long, 1051 short (52/48%)
    [trial 8] Sharpe=-0.0556 (folds: -0.0466, 0.0697, -0.0213, 0.0741, -0.3538)
    [trial 9] 46 features, training_days=260 | threshold=0.620 | labels: 1117 long, 1051 short (52/48%)
    [trial 9] Sharpe=-0.1064 (folds: -0.0408, -0.0121, -0.0352, -0.0539, -0.3902)
    [trial 10] 46 features, training_days=470 | threshold=0.534 | labels: 1117 long, 1051 short (52/48%)
    [trial 10] Sharpe=-0.0897 (folds: -0.0702, -0.0338, -0.0208, -0.0570, -0.2667)
    [trial 11] 46 features, training_days=20 | threshold=0.837 | labels: 1117 long, 1051 short (52/48%)
    [trial 11] Sharpe=-8.0059 (folds: -10.0000, -10.0000, -0.0293, -10.0000, -10.0000)
    [trial 12] 46 features, training_days=350 | threshold=0.683 | labels: 1117 long, 1051 short (52/48%)
    [trial 12] Sharpe=-0.0790 (folds: -0.0153, -0.0034, -0.0427, -0.0214, -0.3122)
    [trial 13] 46 features, training_days=10 | threshold=0.675 | labels: 1117 long, 1051 short (52/48%)
    [trial 13] Sharpe=-1.9794 (folds: 0.2677, -10.0000, 0.0811, 0.0964, -0.3420)
    [trial 14] 46 features, training_days=100 | threshold=0.609 | labels: 1117 long, 1051 short (52/48%)
    [trial 14] Sharpe=-0.1534 (folds: -0.0434, 0.0568, -0.1381, -0.2519, -0.3903)
    [trial 15] 46 features, training_days=380 | threshold=0.503 | labels: 1117 long, 1051 short (52/48%)
    [trial 15] Sharpe=-0.0731 (folds: -0.0602, -0.0194, -0.0258, -0.0298, -0.2302)
    [trial 16] 46 features, training_days=170 | threshold=0.721 | labels: 1117 long, 1051 short (52/48%)
    [trial 16] Sharpe=-0.0104 (folds: -0.0877, 0.1149, -0.0821, 0.1582, -0.1553)
    [trial 17] 46 features, training_days=290 | threshold=0.708 | labels: 1117 long, 1051 short (52/48%)
    [trial 17] Sharpe=-0.0598 (folds: -0.0358, 0.0122, -0.0020, -0.0013, -0.2720)
  Optuna: 18 trials, best Sharpe = -0.0104
  Best params: n_estimators=428, max_depth=4, lr=0.0473, leaves=29
  Best confidence_threshold: 0.721
  Best training_days: 170
  Retrained on full data (510 samples, 46 features)
  [ensemble 3/3] seed=456
    [trial 0] 46 features, training_days=90 | threshold=0.587 | labels: 1117 long, 1051 short (52/48%)
    [CV fold 0] train_end=2020-12-23 08:00 | val_start=2020-12-31 00:00 | gap=184h (22 rows)
    [CV fold 1] train_end=2021-04-22 16:00 | val_start=2021-04-30 08:00 | gap=184h (22 rows)
    [CV fold 2] train_end=2021-08-21 00:00 | val_start=2021-08-28 16:00 | gap=184h (22 rows)
    [CV fold 3] train_end=2021-12-19 08:00 | val_start=2021-12-27 00:00 | gap=184h (22 rows)
    [CV fold 4] train_end=2022-04-18 16:00 | val_start=2022-04-26 08:00 | gap=184h (22 rows)
    [trial 0] Sharpe=-0.0870 (folds: 0.0096, 0.2237, -0.0249, -0.2259, -0.4176)
    [trial 1] 46 features, training_days=290 | threshold=0.635 | labels: 1117 long, 1051 short (52/48%)
    [trial 1] Sharpe=-0.1060 (folds: -0.0449, 0.0227, -0.0882, -0.0982, -0.3217)
    [trial 2] 46 features, training_days=10 | threshold=0.585 | labels: 1117 long, 1051 short (52/48%)[I 2026-06-01 11:01:52,422] Trial 2 finished with value: -1.9793707919181673 and parameters: {'confidence_threshold': 0.5849570384370288, 'training_days': 10, 'n_estimators': 212, 'max_depth': 3, 'num_leaves': 41, 'learning_rate': 0.18452095998378365, 'subsample': 0.6001060822924371, 'colsample_bytree': 0.5673167293506167, 'min_child_samples': 37, 'reg_alpha': 5.733250064217131, 'reg_lambda': 0.5308454292595461}. Best is trial 0 with value: -0.08704466899080668.
[I 2026-06-01 11:01:52,494] Trial 3 finished with value: -0.12934615025686275 and parameters: {'confidence_threshold': 0.6868248626683718, 'training_days': 220, 'n_estimators': 134, 'max_depth': 3, 'num_leaves': 45, 'learning_rate': 0.033529007907491595, 'subsample': 0.8647277071858408, 'colsample_bytree': 0.778494116634046, 'min_child_samples': 96, 'reg_alpha': 2.409409937265785e-07, 'reg_lambda': 1.1642073478060009}. Best is trial 0 with value: -0.08704466899080668.
[I 2026-06-01 11:01:52,570] Trial 4 finished with value: -0.12130133726283954 and parameters: {'confidence_threshold': 0.5623121348350352, 'training_days': 300, 'n_estimators': 69, 'max_depth': 4, 'num_leaves': 32, 'learning_rate': 0.14967629360700346, 'subsample': 0.5054535233636654, 'colsample_bytree': 0.7401385194659216, 'min_child_samples': 27, 'reg_alpha': 1.4212042567426725e-07, 'reg_lambda': 0.23605753701352003}. Best is trial 0 with value: -0.08704466899080668.
[I 2026-06-01 11:01:52,958] Trial 5 finished with value: -0.06795255784134008 and parameters: {'confidence_threshold': 0.7111850244908446, 'training_days': 490, 'n_estimators': 362, 'max_depth': 5, 'num_leaves': 40, 'learning_rate': 0.05960785724162737, 'subsample': 0.5589714368907717, 'colsample_bytree': 0.6659006943232806, 'min_child_samples': 42, 'reg_alpha': 0.6741360303045295, 'reg_lambda': 6.054601607143087e-08}. Best is trial 5 with value: -0.06795255784134008.
[I 2026-06-01 11:01:53,120] Trial 6 finished with value: -0.08239157965123727 and parameters: {'confidence_threshold': 0.667482545748023, 'training_days': 420, 'n_estimators': 279, 'max_depth': 3, 'num_leaves': 45, 'learning_rate': 0.040099592560849204, 'subsample': 0.8563114696415159, 'colsample_bytree': 0.5442917781944105, 'min_child_samples': 50, 'reg_alpha': 1.6407916423707903e-08, 'reg_lambda': 2.935907642973286e-05}. Best is trial 5 with value: -0.06795255784134008.
[I 2026-06-01 11:01:53,250] Trial 7 finished with value: -0.12344393582703342 and parameters: {'confidence_threshold': 0.5497381024139926, 'training_days': 120, 'n_estimators': 408, 'max_depth': 5, 'num_leaves': 38, 'learning_rate': 0.28049122657745795, 'subsample': 0.8806573338635493, 'colsample_bytree': 0.5454054113547102, 'min_child_samples': 63, 'reg_alpha': 0.01263008637940408, 'reg_lambda': 0.04588020805366937}. Best is trial 5 with value: -0.06795255784134008.
[I 2026-06-01 11:01:53,516] Trial 8 finished with value: -0.1010743186954901 and parameters: {'confidence_threshold': 0.719644804808716, 'training_days': 450, 'n_estimators': 410, 'max_depth': 4, 'num_leaves': 57, 'learning_rate': 0.04022026551478857, 'subsample': 0.5336085426932707, 'colsample_bytree': 0.5705742850577543, 'min_child_samples': 100, 'reg_alpha': 5.916398047912201e-07, 'reg_lambda': 0.9794034214488329}. Best is trial 5 with value: -0.06795255784134008.
[I 2026-06-01 11:01:53,541] Trial 9 finished with value: -8.00586983249527 and parameters: {'confidence_threshold': 0.7267463643917187, 'training_days': 20, 'n_estimators': 337, 'max_depth': 5, 'num_leaves': 23, 'learning_rate': 0.022153031811454605, 'subsample': 0.6305627572358737, 'colsample_bytree': 0.6613413774216214, 'min_child_samples': 81, 'reg_alpha': 5.7638634029410314e-08, 'reg_lambda': 8.26603016764008}. Best is trial 5 with value: -0.06795255784134008.
[I 2026-06-01 11:01:53,971] Trial 10 finished with value: -0.16469388603820714 and parameters: {'confidence_threshold': 0.8283920119574972, 'training_days': 490, 'n_estimators': 485, 'max_depth': 4, 'num_leaves': 15, 'learning_rate': 0.013054596495157828, 'subsample': 0.7130289643560688, 'colsample_bytree': 0.9944479338273263, 'min_child_samples': 52, 'reg_alpha': 2.8556520323203283, 'reg_lambda': 1.4521305760519918e-08}. Best is trial 5 with value: -0.06795255784134008.
[I 2026-06-01 11:01:54,137] Trial 11 finished with value: -0.10348834498597607 and parameters: {'confidence_threshold': 0.7920556438876994, 'training_days': 390, 'n_estimators': 276, 'max_depth': 3, 'num_leaves': 54, 'learning_rate': 0.06140329368788533, 'subsample': 0.7368222945528539, 'colsample_bytree': 0.5017024210185925, 'min_child_samples': 49, 'reg_alpha': 8.531358535716789e-05, 'reg_lambda': 5.027672696574816e-06}. Best is trial 5 with value: -0.06795255784134008.
[I 2026-06-01 11:01:54,381] Trial 12 finished with value: -0.09177937090323511 and parameters: {'confidence_threshold': 0.6499328043388345, 'training_days': 390, 'n_estimators': 270, 'max_depth': 4, 'num_leaves': 51, 'learning_rate': 0.020622095804217734, 'subsample': 0.9912016966112274, 'colsample_bytree': 0.6550757185518237, 'min_child_samples': 45, 'reg_alpha': 0.021648071661770768, 'reg_lambda': 1.6447806181317567e-06}. Best is trial 5 with value: -0.06795255784134008.
[I 2026-06-01 11:01:54,583] Trial 13 finished with value: -0.08931409286631359 and parameters: {'confidence_threshold': 0.7586389545742787, 'training_days': 390, 'n_estimators': 322, 'max_depth': 3, 'num_leaves': 29, 'learning_rate': 0.10658951857282509, 'subsample': 0.7828410184206098, 'colsample_bytree': 0.6573361206418804, 'min_child_samples': 62, 'reg_alpha': 5.578511698585385e-05, 'reg_lambda': 0.0014274783994162278}. Best is trial 5 with value: -0.06795255784134008.
[I 2026-06-01 11:01:54,816] Trial 14 finished with value: -0.10914566767583703 and parameters: {'confidence_threshold': 0.6801527202763075, 'training_days': 470, 'n_estimators': 212, 'max_depth': 4, 'num_leaves': 60, 'learning_rate': 0.04034808061756586, 'subsample': 0.6696126473039495, 'colsample_bytree': 0.6163464681131001, 'min_child_samples': 22, 'reg_alpha': 0.0922770411910452, 'reg_lambda': 0.00029587664962444}. Best is trial 5 with value: -0.06795255784134008.
[I 2026-06-01 11:01:55,022] Trial 15 finished with value: -0.07741782218148673 and parameters: {'confidence_threshold': 0.6213139154790871, 'training_days': 340, 'n_estimators': 348, 'max_depth': 3, 'num_leaves': 47, 'learning_rate': 0.010009130699525038, 'subsample': 0.5714395394940128, 'colsample_bytree': 0.7127131379634383, 'min_child_samples': 39, 'reg_alpha': 0.0017123909297504095, 'reg_lambda': 2.582339790441249e-06}. Best is trial 5 with value: -0.06795255784134008.
[I 2026-06-01 11:01:55,434] Trial 16 finished with value: -0.05538096392229044 and parameters: {'confidence_threshold': 0.5156958281455359, 'training_days': 320, 'n_estimators': 459, 'max_depth': 5, 'num_leaves': 51, 'learning_rate': 0.01046251418082407, 'subsample': 0.5713122906704202, 'colsample_bytree': 0.7422184911419013, 'min_child_samples': 37, 'reg_alpha': 0.001671364024527344, 'reg_lambda': 2.073112745665977e-07}. Best is trial 16 with value: -0.05538096392229044.
