[I 2026-06-01 11:06:47,493] Trial 2 finished with value: -0.08526727218532568 and parameters: {'confidence_threshold': 0.5849570384370288, 'training_days': 10, 'n_estimators': 212, 'max_depth': 3, 'num_leaves': 41, 'learning_rate': 0.18452095998378365, 'subsample': 0.6001060822924371, 'colsample_bytree': 0.5673167293506167, 'min_child_samples': 37, 'reg_alpha': 5.733250064217131, 'reg_lambda': 0.5308454292595461}. Best is trial 0 with value: 0.0006802395274536771.
[I 2026-06-01 11:06:47,578] Trial 3 finished with value: -0.07582258109039573 and parameters: {'confidence_threshold': 0.6868248626683718, 'training_days': 220, 'n_estimators': 134, 'max_depth': 3, 'num_leaves': 45, 'learning_rate': 0.033529007907491595, 'subsample': 0.8647277071858408, 'colsample_bytree': 0.778494116634046, 'min_child_samples': 96, 'reg_alpha': 2.409409937265785e-07, 'reg_lambda': 1.1642073478060009}. Best is trial 0 with value: 0.0006802395274536771.
[I 2026-06-01 11:06:47,662] Trial 4 finished with value: -0.04778058391939313 and parameters: {'confidence_threshold': 0.5623121348350352, 'training_days': 300, 'n_estimators': 69, 'max_depth': 4, 'num_leaves': 32, 'learning_rate': 0.14967629360700346, 'subsample': 0.5054535233636654, 'colsample_bytree': 0.7401385194659216, 'min_child_samples': 27, 'reg_alpha': 1.4212042567426725e-07, 'reg_lambda': 0.23605753701352003}. Best is trial 0 with value: 0.0006802395274536771.
[I 2026-06-01 11:06:48,057] Trial 5 finished with value: 0.05100105341276839 and parameters: {'confidence_threshold': 0.7111850244908446, 'training_days': 490, 'n_estimators': 362, 'max_depth': 5, 'num_leaves': 40, 'learning_rate': 0.05960785724162737, 'subsample': 0.5589714368907717, 'colsample_bytree': 0.6659006943232806, 'min_child_samples': 42, 'reg_alpha': 0.6741360303045295, 'reg_lambda': 6.054601607143087e-08}. Best is trial 5 with value: 0.05100105341276839.
[I 2026-06-01 11:06:48,227] Trial 6 finished with value: 0.0014494585105981118 and parameters: {'confidence_threshold': 0.667482545748023, 'training_days': 420, 'n_estimators': 279, 'max_depth': 3, 'num_leaves': 45, 'learning_rate': 0.040099592560849204, 'subsample': 0.8563114696415159, 'colsample_bytree': 0.5442917781944105, 'min_child_samples': 50, 'reg_alpha': 1.6407916423707903e-08, 'reg_lambda': 2.935907642973286e-05}. Best is trial 5 with value: 0.05100105341276839.
[I 2026-06-01 11:06:48,378] Trial 7 finished with value: -0.017819340577948175 and parameters: {'confidence_threshold': 0.5497381024139926, 'training_days': 120, 'n_estimators': 408, 'max_depth': 5, 'num_leaves': 38, 'learning_rate': 0.28049122657745795, 'subsample': 0.8806573338635493, 'colsample_bytree': 0.5454054113547102, 'min_child_samples': 63, 'reg_alpha': 0.01263008637940408, 'reg_lambda': 0.04588020805366937}. Best is trial 5 with value: 0.05100105341276839.
[I 2026-06-01 11:06:48,653] Trial 8 finished with value: 0.01305296285608847 and parameters: {'confidence_threshold': 0.719644804808716, 'training_days': 450, 'n_estimators': 410, 'max_depth': 4, 'num_leaves': 57, 'learning_rate': 0.04022026551478857, 'subsample': 0.5336085426932707, 'colsample_bytree': 0.5705742850577543, 'min_child_samples': 100, 'reg_alpha': 5.916398047912201e-07, 'reg_lambda': 0.9794034214488329}. Best is trial 5 with value: 0.05100105341276839.
[I 2026-06-01 11:06:48,675] Trial 9 finished with value: -6.06325176520702 and parameters: {'confidence_threshold': 0.7267463643917187, 'training_days': 20, 'n_estimators': 337, 'max_depth': 5, 'num_leaves': 23, 'learning_rate': 0.022153031811454605, 'subsample': 0.6305627572358737, 'colsample_bytree': 0.6613413774216214, 'min_child_samples': 81, 'reg_alpha': 5.7638634029410314e-08, 'reg_lambda': 8.26603016764008}. Best is trial 5 with value: 0.05100105341276839.
[I 2026-06-01 11:06:49,170] Trial 10 finished with value: 0.03476986836741339 and parameters: {'confidence_threshold': 0.8283920119574972, 'training_days': 490, 'n_estimators': 485, 'max_depth': 4, 'num_leaves': 15, 'learning_rate': 0.013054596495157828, 'subsample': 0.7130289643560688, 'colsample_bytree': 0.9944479338273263, 'min_child_samples': 52, 'reg_alpha': 2.8556520323203283, 'reg_lambda': 1.4521305760519918e-08}. Best is trial 5 with value: 0.05100105341276839.
[I 2026-06-01 11:06:49,639] Trial 11 finished with value: -3.9588904052925686 and parameters: {'confidence_threshold': 0.8427661908265961, 'training_days': 500, 'n_estimators': 478, 'max_depth': 4, 'num_leaves': 15, 'learning_rate': 0.010040241734622521, 'subsample': 0.688822077530971, 'colsample_bytree': 0.9628722124262472, 'min_child_samples': 49, 'reg_alpha': 9.65090528733781, 'reg_lambda': 1.5920494933139244e-08}. Best is trial 5 with value: 0.05100105341276839.

    [trial 12] 46 features, training_days=480 | threshold=0.640 | labels: 1016 long, 1155 short (47/53%)
    [trial 12] Sharpe=0.0660 (folds: -0.0594, -0.0570, 0.2136, 0.2015, 0.0314)
    [trial 13] 46 features, training_days=500 | threshold=0.756 | labels: 1016 long, 1155 short (47/53%)
    [trial 13] Sharpe=0.0408 (folds: -0.0985, -0.1254, 0.2930, 0.1833, -0.0485)
    [trial 14] 46 features, training_days=340 | threshold=0.661 | labels: 1016 long, 1155 short (47/53%)
    [trial 14] Sharpe=-0.0003 (folds: -0.0607, -0.0651, 0.2203, 0.0111, -0.1069)
    [trial 15] 46 features, training_days=420 | threshold=0.767 | labels: 1016 long, 1155 short (47/53%)
    [trial 15] Sharpe=0.0433 (folds: -0.0842, -0.0148, 0.0607, 0.1521, 0.1026)
    [trial 16] 46 features, training_days=290 | threshold=0.683 | labels: 1016 long, 1155 short (47/53%)
    [trial 16] Sharpe=-0.0413 (folds: -0.1086, -0.0735, 0.1882, -0.0806, -0.1321)
    [trial 17] 46 features, training_days=120 | threshold=0.728 | labels: 1016 long, 1155 short (47/53%)
    [trial 17] Sharpe=-0.0151 (folds: -0.0805, 0.1487, 0.0978, -0.0823, -0.1590)
  Optuna: 18 trials, best Sharpe = 0.0660
  Best params: n_estimators=366, max_depth=4, lr=0.0989, leaves=30
  Best confidence_threshold: 0.640
  Best training_days: 480
  Retrained on full data (1440 samples, 46 features)
  [ensemble 2/3] seed=123
    [trial 0] 46 features, training_days=150 | threshold=0.744 | labels: 1016 long, 1155 short (47/53%)
    [CV fold 0] train_end=2023-05-26 08:00 | val_start=2023-06-03 00:00 | gap=184h (22 rows)
    [CV fold 1] train_end=2023-09-23 16:00 | val_start=2023-10-01 08:00 | gap=184h (22 rows)
    [CV fold 2] train_end=2024-01-22 00:00 | val_start=2024-01-29 16:00 | gap=184h (22 rows)
    [CV fold 3] train_end=2024-05-21 08:00 | val_start=2024-05-29 00:00 | gap=184h (22 rows)
    [CV fold 4] train_end=2024-09-18 16:00 | val_start=2024-09-26 08:00 | gap=184h (22 rows)
    [trial 0] Sharpe=-0.0184 (folds: -0.0735, -0.0026, 0.2478, -0.1616, -0.1020)
    [trial 1] 46 features, training_days=220 | threshold=0.755 | labels: 1016 long, 1155 short (47/53%)
    [trial 1] Sharpe=0.1921 (folds: -0.2513, 0.5906, 0.0331, -0.1917, 0.7797)
    [trial 2] 46 features, training_days=310 | threshold=0.754 | labels: 1016 long, 1155 short (47/53%)
    [trial 2] Sharpe=0.0507 (folds: -0.1013, 0.1290, 0.4399, -0.1519, -0.0624)
    [trial 3] 46 features, training_days=220 | threshold=0.673 | labels: 1016 long, 1155 short (47/53%)
    [trial 3] Sharpe=-0.0267 (folds: -0.0743, -0.0170, 0.1562, -0.1857, -0.0125)
    [trial 4] 46 features, training_days=130 | threshold=0.803 | labels: 1016 long, 1155 short (47/53%)
    [trial 4] Sharpe=-0.0313 (folds: -0.1014, 0.0711, 0.1453, -0.1480, -0.1235)
    [trial 5] 46 features, training_days=210 | threshold=0.606 | labels: 1016 long, 1155 short (47/53%)
    [trial 5] Sharpe=-0.0296 (folds: -0.0666, -0.1169, 0.1575, -0.1514, 0.0296)
    [trial 6] 46 features, training_days=130 | threshold=0.767 | labels: 1016 long, 1155 short (47/53%)
    [trial 6] Sharpe=-0.0424 (folds: -0.1234, -0.0310, 0.2243, -0.1618, -0.1201)
    [trial 7] 46 features, training_days=80 | threshold=0.556 | labels: 1016 long, 1155 short (47/53%)
    [trial 7] Sharpe=-0.0751 (folds: -0.1237, -0.0276, -0.1259, 0.0196, -0.1181)
    [trial 8] 46 features, training_days=200 | threshold=0.607 | labels: 1016 long, 1155 short (47/53%)
    [trial 8] Sharpe=-0.0205 (folds: -0.0788, -0.0575, 0.0736, -0.1147, 0.0749)
    [trial 9] 46 features, training_days=260 | threshold=0.620 | labels: 1016 long, 1155 short (47/53%)
    [trial 9] Sharpe=-0.0365 (folds: -0.1091, 0.0072, 0.2124, -0.1869, -0.1063)
    [trial 10] 46 features, training_days=470 | threshold=0.845 | labels: 1016 long, 1155 short (47/53%)
    [trial 10] Sharpe=-3.9734 (folds: -0.1061, 0.0897, 0.1496, -10.0000, -10.0000)
    [trial 11] 46 features, training_days=360 | threshold=0.716 | labels: 1016 long, 1155 short (47/53%)
    [trial 11] Sharpe=-6.0791 (folds: -0.0856, -0.3100, -10.0000, -10.0000, -10.0000)
    [trial 12] 46 features, training_days=340 | threshold=0.678 | labels: 1016 long, 1155 short (47/53%)
    [trial 12] Sharpe=-0.0186 (folds: -0.0879, -0.0257, 0.1970, -0.0520, -0.1245)
    [trial 13] 46 features, training_days=10 | threshold=0.790 | labels: 1016 long, 1155 short (47/53%)
    [trial 13] Sharpe=-4.0278 (folds: -10.0000, -0.0771, -0.1090, -10.0000, 0.0473)
    [trial 14] 46 features, training_days=310 | threshold=0.699 | labels: 1016 long, 1155 short (47/53%)
    [trial 14] Sharpe=-0.0562 (folds: -0.1200, -0.0502, 0.2587, -0.1443, -0.2250)
    [trial 15] 46 features, training_days=390 | threshold=0.841 | labels: 1016 long, 1155 short (47/53%)
    [trial 15] Sharpe=-0.0162 (folds: -0.0144, 0.0835, 0.0709, -0.2300, 0.0091)
    [trial 16] 46 features, training_days=440 | threshold=0.741 | labels: 1016 long, 1155 short (47/53%)
    [trial 16] Sharpe=-3.9676 (folds: -0.0847, 0.0866, -10.0000, -10.0000, 0.1599)
    [trial 17] 46 features, training_days=290 | threshold=0.500 | labels: 1016 long, 1155 short (47/53%)
    [trial 17] Sharpe=-0.0258 (folds: -0.0425, 0.0434, 0.1179, -0.1610, -0.0867)
  Optuna: 18 trials, best Sharpe = 0.1921
  Best params: n_estimators=76, max_depth=4, lr=0.0186, leaves=51
  Best confidence_threshold: 0.755
  Best training_days: 220
  Retrained on full data (660 samples, 46 features)
  [ensemble 3/3] seed=456
    [trial 0] 46 features, training_days=90 | threshold=0.587 | labels: 1016 long, 1155 short (47/53%)
    [CV fold 0] train_end=2023-05-26 08:00 | val_start=2023-06-03 00:00 | gap=184h (22 rows)
    [CV fold 1] train_end=2023-09-23 16:00 | val_start=2023-10-01 08:00 | gap=184h (22 rows)
    [CV fold 2] train_end=2024-01-22 00:00 | val_start=2024-01-29 16:00 | gap=184h (22 rows)
    [CV fold 3] train_end=2024-05-21 08:00 | val_start=2024-05-29 00:00 | gap=184h (22 rows)
    [CV fold 4] train_end=2024-09-18 16:00 | val_start=2024-09-26 08:00 | gap=184h (22 rows)
    [trial 0] Sharpe=0.0007 (folds: -0.0575, 0.0704, 0.1559, -0.0823, -0.0831)
    [trial 1] 46 features, training_days=290 | threshold=0.635 | labels: 1016 long, 1155 short (47/53%)
    [trial 1] Sharpe=-0.0362 (folds: -0.1086, 0.0014, 0.2110, -0.1704, -0.1143)
    [trial 2] 46 features, training_days=10 | threshold=0.585 | labels: 1016 long, 1155 short (47/53%)
    [trial 2] Sharpe=-0.0853 (folds: -0.0803, -0.0771, -0.1090, -0.2072, 0.0473)
    [trial 3] 46 features, training_days=220 | threshold=0.687 | labels: 1016 long, 1155 short (47/53%)
    [trial 3] Sharpe=-0.0758 (folds: -0.0623, -0.1085, 0.0488, -0.2324, -0.0247)
    [trial 4] 46 features, training_days=300 | threshold=0.562 | labels: 1016 long, 1155 short (47/53%)
    [trial 4] Sharpe=-0.0478 (folds: -0.1049, 0.0311, 0.0464, -0.1401, -0.0714)
    [trial 5] 46 features, training_days=490 | threshold=0.711 | labels: 1016 long, 1155 short (47/53%)
    [trial 5] Sharpe=0.0510 (folds: -0.0396, 0.0011, 0.0896, 0.1990, 0.0049)
    [trial 6] 46 features, training_days=420 | threshold=0.667 | labels: 1016 long, 1155 short (47/53%)
    [trial 6] Sharpe=0.0014 (folds: -0.0819, 0.0216, 0.1030, 0.0733, -0.1088)
    [trial 7] 46 features, training_days=120 | threshold=0.550 | labels: 1016 long, 1155 short (47/53%)
    [trial 7] Sharpe=-0.0178 (folds: -0.0605, 0.0301, 0.1072, -0.1013, -0.0646)
    [trial 8] 46 features, training_days=450 | threshold=0.720 | labels: 1016 long, 1155 short (47/53%)
    [trial 8] Sharpe=0.0131 (folds: -0.1047, -0.0690, 0.2047, 0.1436, -0.1093)
    [trial 9] 46 features, training_days=20 | threshold=0.727 | labels: 1016 long, 1155 short (47/53%)
    [trial 9] Sharpe=-6.0633 (folds: -10.0000, -10.0000, -0.1090, -0.2072, -10.0000)
    [trial 10] 46 features, training_days=490 | threshold=0.828 | labels: 1016 long, 1155 short (47/53%)
    [trial 10] Sharpe=0.0348 (folds: -0.0263, 0.0047, 0.1706, 0.0025, 0.0224)
    [trial 11] 46 features, training_days=500 | threshold=0.843 | labels: 1016 long, 1155 short (47/53%)
    [trial 11] Sharpe=-3.9589 (folds: -0.1249, 0.0381, 0.2923, -10.0000, -10.0000)
    [trial 12] 46 features, training_days=380 | threshold=0.824 | labels: 1016 long, 1155 short (47/53%)
[I 2026-06-01 11:06:50,045] Trial 12 finished with value: 0.013097701452066452 and parameters: {'confidence_threshold': 0.823724329897743, 'training_days': 380, 'n_estimators': 490, 'max_depth': 4, 'num_leaves': 57, 'learning_rate': 0.010307689130352767, 'subsample': 0.7296174856080863, 'colsample_bytree': 0.6706001178156101, 'min_child_samples': 49, 'reg_alpha': 0.036779794097033955, 'reg_lambda': 7.810386228944341e-07}. Best is trial 5 with value: 0.05100105341276839.
[I 2026-06-01 11:06:50,337] Trial 13 finished with value: -0.03059842369837031 and parameters: {'confidence_threshold': 0.7781382606346152, 'training_days': 350, 'n_estimators': 327, 'max_depth': 4, 'num_leaves': 27, 'learning_rate': 0.023468126747120118, 'subsample': 0.6450520679142305, 'colsample_bytree': 0.9584932215576711, 'min_child_samples': 63, 'reg_alpha': 0.16752838486650762, 'reg_lambda': 1.8799948266058237e-06}. Best is trial 5 with value: 0.05100105341276839.
[I 2026-06-01 11:06:50,780] Trial 14 finished with value: 0.01680843133052074 and parameters: {'confidence_threshold': 0.7723320301796328, 'training_days': 470, 'n_estimators': 352, 'max_depth': 5, 'num_leaves': 17, 'learning_rate': 0.09826334523420553, 'subsample': 0.7851487748866213, 'colsample_bytree': 0.658600878541351, 'min_child_samples': 22, 'reg_alpha': 0.00013074996649472113, 'reg_lambda': 1.1593448175314727e-08}. Best is trial 5 with value: 0.05100105341276839.
[I 2026-06-01 11:06:51,135] Trial 15 finished with value: -0.03062782647695709 and parameters: {'confidence_threshold': 0.7829525506318393, 'training_days': 210, 'n_estimators': 453, 'max_depth': 4, 'num_leaves': 51, 'learning_rate': 0.01700930185713952, 'subsample': 0.5714395394940128, 'colsample_bytree': 0.7821128474468195, 'min_child_samples': 40, 'reg_alpha': 0.4922986476092878, 'reg_lambda': 0.0026406526000485684}. Best is trial 5 with value: 0.05100105341276839.
[I 2026-06-01 11:06:51,392] Trial 16 finished with value: 0.00938205972336331 and parameters: {'confidence_threshold': 0.5156958281455359, 'training_days': 390, 'n_estimators': 239, 'max_depth': 4, 'num_leaves': 30, 'learning_rate': 0.05590941949329035, 'subsample': 0.697871316795855, 'colsample_bytree': 0.8696009507414724, 'min_child_samples': 57, 'reg_alpha': 0.0003424303273225869, 'reg_lambda': 3.6340871459903284e-06}. Best is trial 5 with value: 0.05100105341276839.
[I 2026-06-01 11:06:51,780] Trial 17 finished with value: 0.07429717207656675 and parameters: {'confidence_threshold': 0.7342848025007548, 'training_days': 490, 'n_estimators': 432, 'max_depth': 5, 'num_leaves': 22, 'learning_rate': 0.09919406765462765, 'subsample': 0.7795699684773976, 'colsample_bytree': 0.7142279217520084, 'min_child_samples': 70, 'reg_alpha': 0.0019668678526663006, 'reg_lambda': 1.4872281398751107e-07}. Best is trial 17 with value: 0.07429717207656675.
[I 2026-06-01 11:06:52,486] A new study created in memory with name: no-name-a0d61496-4770-41d2-80ad-726d57cb6abd
[I 2026-06-01 11:06:52,785] Trial 0 finished with value: -0.002155973597653061 and parameters: {'confidence_threshold': 0.6310890415965769, 'training_days': 480, 'n_estimators': 380, 'max_depth': 4, 'num_leaves': 22, 'learning_rate': 0.01699897838270077, 'subsample': 0.5290418060840998, 'colsample_bytree': 0.9330880728874675, 'min_child_samples': 68, 'reg_alpha': 0.023585940584142682, 'reg_lambda': 1.5320059381854043e-08}. Best is trial 0 with value: -0.002155973597653061.
[I 2026-06-01 11:06:52,908] Trial 1 finished with value: -3.865247567971411 and parameters: {'confidence_threshold': 0.839468448256698, 'training_days': 420, 'n_estimators': 145, 'max_depth': 3, 'num_leaves': 23, 'learning_rate': 0.028145092716060652, 'subsample': 0.762378215816119, 'colsample_bytree': 0.7159725093210578, 'min_child_samples': 43, 'reg_alpha': 0.0032112643094417484, 'reg_lambda': 1.8007140198129195e-07}. Best is trial 0 with value: -0.002155973597653061.
[I 2026-06-01 11:06:53,076] Trial 2 finished with value: -0.004632863569222845 and parameters: {'confidence_threshold': 0.6022506269873263, 'training_days': 190, 'n_estimators': 255, 'max_depth': 5, 'num_leaves': 24, 'learning_rate': 0.05748924681991978, 'subsample': 0.7962072844310213, 'colsample_bytree': 0.5232252063599989, 'min_child_samples': 69, 'reg_alpha': 3.425445902633376e-07, 'reg_lambda': 3.850031979199519e-08}. Best is trial 0 with value: -0.002155973597653061.
[I 2026-06-01 11:06:53,344] Trial 3 finished with value: 0.11359500839660072 and parameters: {'confidence_threshold': 0.8321099380386666, 'training_days': 490, 'n_estimators': 414, 'max_depth': 3, 'num_leaves': 19, 'learning_rate': 0.1024932221692416, 'subsample': 0.7200762468698007, 'colsample_bytree': 0.5610191174223894, 'min_child_samples': 60, 'reg_alpha': 2.039373116525212e-08, 'reg_lambda': 1.527156759251193}. Best is trial 3 with value: 0.11359500839660072.
[I 2026-06-01 11:06:53,534] Trial 4 finished with value: -0.06815869821556086 and parameters: {'confidence_threshold': 0.5905729935600059, 'training_days': 340, 'n_estimators': 190, 'max_depth': 4, 'num_leaves': 41, 'learning_rate': 0.01875220945578641, 'subsample': 0.9847923138822793, 'colsample_bytree': 0.8875664116805573, 'min_child_samples': 96, 'reg_alpha': 1.1309571585271483, 'reg_lambda': 0.002404915432737351}. Best is trial 3 with value: 0.11359500839660072.
[I 2026-06-01 11:06:53,575] Trial 5 finished with value: -0.026838797725307572 and parameters: {'confidence_threshold': 0.8226559822580909, 'training_days': 50, 'n_estimators': 138, 'max_depth': 3, 'num_leaves': 30, 'learning_rate': 0.03750796359625606, 'subsample': 0.6356745158869479, 'colsample_bytree': 0.9143687545759647, 'min_child_samples': 48, 'reg_alpha': 3.376063348877853e-06, 'reg_lambda': 0.0007660634613082914}. Best is trial 3 with value: 0.11359500839660072.
[I 2026-06-01 11:06:53,683] Trial 6 finished with value: -0.03008615133213812 and parameters: {'confidence_threshold': 0.5493234787411669, 'training_days': 410, 'n_estimators': 83, 'max_depth': 5, 'num_leaves': 52, 'learning_rate': 0.019657448966046126, 'subsample': 0.5027610585618012, 'colsample_bytree': 0.9077307142274171, 'min_child_samples': 77, 'reg_alpha': 0.03639690979811287, 'reg_lambda': 0.08738424135626986}. Best is trial 3 with value: 0.11359500839660072.
[I 2026-06-01 11:06:53,773] Trial 7 finished with value: -0.031013821817550642 and parameters: {'confidence_threshold': 0.5259156281069316, 'training_days': 180, 'n_estimators': 102, 'max_depth': 5, 'num_leaves': 45, 'learning_rate': 0.030816017044468066, 'subsample': 0.5317791751430119, 'colsample_bytree': 0.6554911608578311, 'min_child_samples': 46, 'reg_alpha': 0.036851536911881845, 'reg_lambda': 0.005470376807480391}. Best is trial 3 with value: 0.11359500839660072.
[I 2026-06-01 11:06:53,876] Trial 8 finished with value: 0.08076869547328902 and parameters: {'confidence_threshold': 0.8105244599017143, 'training_days': 240, 'n_estimators': 103, 'max_depth': 5, 'num_leaves': 52, 'learning_rate': 0.06746437142284309, 'subsample': 0.8854835899772805, 'colsample_bytree': 0.7468977981821954, 'min_child_samples': 62, 'reg_alpha': 7.04480806377519e-05, 'reg_lambda': 1.6934490731313353e-08}. Best is trial 3 with value: 0.11359500839660072.
[I 2026-06-01 11:06:53,899] Trial 9 finished with value: -0.0069459065764529895 and parameters: {'confidence_threshold': 0.5377619994476566, 'training_days': 20, 'n_estimators': 337, 'max_depth': 3, 'num_leaves': 39, 'learning_rate': 0.21907142272152816, 'subsample': 0.6246461145744375, 'colsample_bytree': 0.7051914615178149, 'min_child_samples': 81, 'reg_alpha': 1.1459970229341322e-06, 'reg_lambda': 4.929685216887945e-08}. Best is trial 3 with value: 0.11359500839660072.
