[I 2026-06-01 11:08:31,238] Trial 1 finished with value: -4.0321701382082455 and parameters: {'confidence_threshold': 0.839468448256698, 'training_days': 420, 'n_estimators': 145, 'max_depth': 3, 'num_leaves': 23, 'learning_rate': 0.028145092716060652, 'subsample': 0.762378215816119, 'colsample_bytree': 0.7159725093210578, 'min_child_samples': 43, 'reg_alpha': 0.0032112643094417484, 'reg_lambda': 1.8007140198129195e-07}. Best is trial 0 with value: 0.0203106054541844.

    [trial 6] Sharpe=0.0339 (folds: 0.1357, -0.1755, -0.0440, -0.0159, 0.2690)
    [trial 7] 46 features, training_days=120 | threshold=0.550 | labels: 1052 long, 1119 short (48/52%)
    [trial 7] Sharpe=0.0518 (folds: 0.0541, -0.0871, -0.0780, 0.0912, 0.2789)
    [trial 8] 46 features, training_days=450 | threshold=0.720 | labels: 1052 long, 1119 short (48/52%)
    [trial 8] Sharpe=-0.0298 (folds: -0.1500, -0.2074, -0.2125, 0.0808, 0.3399)
    [trial 9] 46 features, training_days=20 | threshold=0.727 | labels: 1052 long, 1119 short (48/52%)
    [trial 9] Sharpe=-6.0653 (folds: -0.1140, -0.2127, -10.0000, -10.0000, -10.0000)
    [trial 10] 46 features, training_days=320 | threshold=0.840 | labels: 1052 long, 1119 short (48/52%)
    [trial 10] Sharpe=0.0979 (folds: 0.2256, -0.1721, -0.0556, 0.1533, 0.3382)
    [trial 11] 46 features, training_days=330 | threshold=0.849 | labels: 1052 long, 1119 short (48/52%)
    [trial 11] Sharpe=0.0508 (folds: 0.2244, -0.2523, -0.2176, 0.1736, 0.3261)
    [trial 12] 46 features, training_days=360 | threshold=0.839 | labels: 1052 long, 1119 short (48/52%)
    [trial 12] Sharpe=0.1757 (folds: 0.2072, -0.2400, 0.1202, 0.3634, 0.4277)
    [trial 13] 46 features, training_days=380 | threshold=0.848 | labels: 1052 long, 1119 short (48/52%)
    [trial 13] Sharpe=0.0699 (folds: 0.2596, -0.1388, 0.0633, -0.0013, 0.1666)
    [trial 14] 46 features, training_days=210 | threshold=0.790 | labels: 1052 long, 1119 short (48/52%)
    [trial 14] Sharpe=0.0428 (folds: 0.1621, -0.1445, -0.0917, 0.0902, 0.1978)
    [trial 15] 46 features, training_days=390 | threshold=0.783 | labels: 1052 long, 1119 short (48/52%)
    [trial 15] Sharpe=-1.8590 (folds: 0.1686, -0.2349, -10.0000, 0.3455, 0.4255)
    [trial 16] 46 features, training_days=350 | threshold=0.781 | labels: 1052 long, 1119 short (48/52%)
    [trial 16] Sharpe=0.0289 (folds: 0.1279, -0.1548, -0.1440, -0.0108, 0.3264)
    [trial 17] 46 features, training_days=260 | threshold=0.503 | labels: 1052 long, 1119 short (48/52%)
    [trial 17] Sharpe=0.0058 (folds: 0.0709, -0.1592, -0.1171, 0.0580, 0.1763)
  Optuna: 18 trials, best Sharpe = 0.1757
  Best params: n_estimators=54, max_depth=4, lr=0.1241, leaves=26
  Best confidence_threshold: 0.839
  Best training_days: 360
  Retrained on full data (1080 samples, 46 features)
  OOD: 16 features, cutoff (q=0.7) = 13.66
  Model trained for 2025-10: 93 test candles with features, confidence_threshold=0.752
[predict] 2025-10-02 00:00 DOTUSDT → LONG (proba=0.83 TP=9.6%/SL=4.8%)
[trade:open] 2025-10-02 07:59 DOTUSDT LONG @ 4.19 | SL=3.99 TP=4.59 | timeout=2025-10-09 07:59
[trade:close] 2025-10-09 08:00 DOTUSDT LONG → timeout @ 4.05 | PnL=-3.29% (net -3.39%) | cum=+101.98% 2025-10=-4.95% 2025-10-09=-3.39%
[predict] 2025-10-10 00:00 DOTUSDT → LONG (proba=0.91 TP=11.1%/SL=5.5%)
[trade:open] 2025-10-10 07:59 DOTUSDT LONG @ 4.08 | SL=3.85 TP=4.53 | timeout=2025-10-17 07:59
[trade:close] 2025-10-10 23:59 DOTUSDT LONG → stop_loss @ 3.85 | PnL=-5.54% (net -5.64%) | cum=+96.34% 2025-10=-10.60% 2025-10-10=-5.64%
[predict] 2025-10-15 08:00 DOTUSDT → LONG (proba=0.83 TP=27.3%/SL=13.6%)
[trade:open] 2025-10-15 15:59 DOTUSDT LONG @ 3.14 | SL=2.71 TP=4.00 | timeout=2025-10-22 15:59
[trade:close] 2025-10-22 16:00 DOTUSDT LONG → timeout @ 2.99 | PnL=-4.87% (net -4.97%) | cum=+91.37% 2025-10=-15.57% 2025-10-22=-4.97%
[predict] 2025-10-23 08:00 DOTUSDT → SHORT (proba=0.83 TP=15.0%/SL=7.5%)
[trade:open] 2025-10-23 15:59 DOTUSDT SHORT @ 2.99 | SL=3.22 TP=2.54 | timeout=2025-10-30 15:59
[trade:close] 2025-10-26 23:59 DOTUSDT SHORT → stop_loss @ 3.22 | PnL=-7.51% (net -7.61%) | cum=+83.76% 2025-10=-23.18% 2025-10-26=-7.61%
[predict] 2025-10-28 08:00 DOTUSDT → LONG (proba=0.78 TP=10.3%/SL=5.2%)
[trade:open] 2025-10-28 15:59 DOTUSDT LONG @ 3.13 | SL=2.97 TP=3.46 | timeout=2025-11-04 15:59
[trade:close] 2025-10-30 07:59 DOTUSDT LONG → stop_loss @ 2.97 | PnL=-5.15% (net -5.25%) | cum=+78.51% 2025-10=-28.43% 2025-10-30=-5.25%
[lgbm] === Training for 2025-11 ===
  Train window: 2023-11-01 → 2025-10-24
  2171 training samples from 1 symbols
  Samples per month: 2023-11: 90, 2023-12: 93, 2024-01: 93, 2024-02: 87, 2024-03: 93, 2024-04: 90, 2024-05: 93, 2024-06: 90, 2024-07: 93, 2024-08: 93, 2024-09: 90, 2024-10: 93, 2024-11: 90, 2024-12: 93, 2025-01: 93, 2025-02: 84, 2025-03: 93, 2025-04: 90, 2025-05: 93, 2025-06: 90, 2025-07: 93, 2025-08: 93, 2025-09: 90, 2025-10: 71
  [label] 2024-01-01 16:00 DOTUSDT entry=8.6070 → SHORT | long=sl(-7.55%) short=tp(+14.80%) | scanned=5 | short_tp_only
  [label] 2024-01-04 00:00 DOTUSDT entry=7.6000 → LONG | long=sl(-10.70%) short=timeout(-9.72%) | scanned=22 | no_tp→fwd_return=+9.6184
  [label] 2024-01-07 16:00 DOTUSDT entry=6.8970 → LONG | long=tp(+18.96%) short=sl(-9.63%) | scanned=10 | long_tp_only
  [label] 2024-02-01 08:00 DOTUSDT entry=6.7280 → LONG | long=timeout(+4.58%) short=timeout(-4.78%) | scanned=22 | no_tp→fwd_return=+4.6819
  [label] 2024-03-25 00:00 DOTUSDT entry=9.3570 → SHORT | long=timeout(-0.19%) short=timeout(-0.01%) | scanned=22 | no_tp→fwd_return=-0.0855
  [label] 2024-09-07 00:00 DOTUSDT entry=4.0360 → LONG | long=timeout(+8.72%) short=sl(-5.94%) | scanned=22 | no_tp→fwd_return=+8.8206
  [label] 2024-09-11 00:00 DOTUSDT entry=4.1470 → LONG | long=tp(+8.89%) short=sl(-4.59%) | scanned=12 | long_tp_only
  [label] 2024-09-21 16:00 DOTUSDT entry=4.4600 → LONG | long=sl(-4.72%) short=sl(-4.72%) | scanned=9 | no_tp→fwd_return=+3.9013
  [label] 2024-11-05 16:00 DOTUSDT entry=3.8550 → LONG | long=tp(+9.58%) short=sl(-4.94%) | scanned=7 | long_tp_only
  [label] 2024-11-14 08:00 DOTUSDT entry=4.8300 → LONG | long=tp(+25.10%) short=sl(-12.70%) | scanned=8 | long_tp_only
  [label] 2025-02-12 16:00 DOTUSDT entry=5.2250 → SHORT | long=sl(-9.11%) short=timeout(+6.48%) | scanned=22 | no_tp→fwd_return=-6.5837
  [label] 2025-03-16 16:00 DOTUSDT entry=4.2960 → LONG | long=timeout(+4.65%) short=sl(-6.49%) | scanned=22 | no_tp→fwd_return=+4.7486
  [label] 2025-04-02 00:00 DOTUSDT entry=4.0630 → SHORT | long=sl(-5.99%) short=tp(+11.68%) | scanned=15 | short_tp_only
  [label] 2025-04-14 16:00 DOTUSDT entry=3.6730 → LONG | long=timeout(+2.70%) short=sl(-7.03%) | scanned=22 | no_tp→fwd_return=+2.8042
  [label] 2025-05-03 00:00 DOTUSDT entry=4.1400 → LONG | long=sl(-4.88%) short=sl(-4.88%) | scanned=16 | no_tp→fwd_return=+3.7681
  [label] 2025-05-09 08:00 DOTUSDT entry=4.7300 → LONG | long=tp(+10.53%) short=sl(-5.42%) | scanned=4 | long_tp_only
  [label] 2025-05-21 16:00 DOTUSDT entry=4.7360 → SHORT | long=sl(-7.34%) short=sl(-7.34%) | scanned=11 | no_tp→fwd_return=-6.9046
  [label] 2025-06-30 08:00 DOTUSDT entry=3.3930 → SHORT | long=timeout(-0.16%) short=sl(-5.38%) | scanned=22 | no_tp→fwd_return=-0.0589
  [label] 2025-07-10 00:00 DOTUSDT entry=3.6580 → LONG | long=tp(+8.74%) short=sl(-4.52%) | scanned=3 | long_tp_only
  [label] 2025-10-04 08:00 DOTUSDT entry=4.1500 → SHORT | long=sl(-5.21%) short=sl(-5.21%) | scanned=19 | no_tp→fwd_return=-29.2289
  Labels: 1044 long (48.1%), 1127 short (51.9%) | weights: min=1.00, mean=3.45, max=10.00
  Features: 2171/2171 matched, 46 columns
  CV gap: 22 rows
  [ensemble 1/3] seed=42
    [trial 0] 46 features, training_days=480 | threshold=0.631 | labels: 1044 long, 1127 short (48/52%)
    [CV fold 0] train_end=2024-02-23 08:00 | val_start=2024-03-02 00:00 | gap=184h (22 rows)
    [CV fold 1] train_end=2024-06-22 16:00 | val_start=2024-06-30 08:00 | gap=184h (22 rows)
    [CV fold 2] train_end=2024-10-21 00:00 | val_start=2024-10-28 16:00 | gap=184h (22 rows)
    [CV fold 3] train_end=2025-02-18 08:00 | val_start=2025-02-26 00:00 | gap=184h (22 rows)
    [CV fold 4] train_end=2025-06-18 16:00 | val_start=2025-06-26 08:00 | gap=184h (22 rows)
    [trial 0] Sharpe=0.0203 (folds: 0.0596, -0.0807, -0.2218, 0.0139, 0.3306)
    [trial 1] 46 features, training_days=420 | threshold=0.839 | labels: 1044 long, 1127 short (48/52%)
    [trial 1] Sharpe=-4.0322 (folds: -0.0183, -0.2064, 0.0639, -10.0000, -10.0000)
    [trial 2] 46 features, training_days=190 | threshold=0.602 | labels: 1044 long, 1127 short (48/52%)
    [trial 2] Sharpe=0.0545 (folds: -0.0443, 0.1717, -0.0363, 0.0849, 0.0966)[I 2026-06-01 11:08:31,389] Trial 2 finished with value: 0.05452414443580814 and parameters: {'confidence_threshold': 0.6022506269873263, 'training_days': 190, 'n_estimators': 255, 'max_depth': 5, 'num_leaves': 24, 'learning_rate': 0.05748924681991978, 'subsample': 0.7962072844310213, 'colsample_bytree': 0.5232252063599989, 'min_child_samples': 69, 'reg_alpha': 3.425445902633376e-07, 'reg_lambda': 3.850031979199519e-08}. Best is trial 2 with value: 0.05452414443580814.
[I 2026-06-01 11:08:31,657] Trial 3 finished with value: -0.017548862724191684 and parameters: {'confidence_threshold': 0.8321099380386666, 'training_days': 490, 'n_estimators': 414, 'max_depth': 3, 'num_leaves': 19, 'learning_rate': 0.1024932221692416, 'subsample': 0.7200762468698007, 'colsample_bytree': 0.5610191174223894, 'min_child_samples': 60, 'reg_alpha': 2.039373116525212e-08, 'reg_lambda': 1.527156759251193}. Best is trial 2 with value: 0.05452414443580814.
[I 2026-06-01 11:08:31,820] Trial 4 finished with value: 0.03834033028284573 and parameters: {'confidence_threshold': 0.5905729935600059, 'training_days': 340, 'n_estimators': 190, 'max_depth': 4, 'num_leaves': 41, 'learning_rate': 0.01875220945578641, 'subsample': 0.9847923138822793, 'colsample_bytree': 0.8875664116805573, 'min_child_samples': 96, 'reg_alpha': 1.1309571585271483, 'reg_lambda': 0.002404915432737351}. Best is trial 2 with value: 0.05452414443580814.
[I 2026-06-01 11:08:31,858] Trial 5 finished with value: -0.09188891058334148 and parameters: {'confidence_threshold': 0.8226559822580909, 'training_days': 50, 'n_estimators': 138, 'max_depth': 3, 'num_leaves': 30, 'learning_rate': 0.03750796359625606, 'subsample': 0.6356745158869479, 'colsample_bytree': 0.9143687545759647, 'min_child_samples': 48, 'reg_alpha': 3.376063348877853e-06, 'reg_lambda': 0.0007660634613082914}. Best is trial 2 with value: 0.05452414443580814.
[I 2026-06-01 11:08:31,964] Trial 6 finished with value: -0.012676662046193532 and parameters: {'confidence_threshold': 0.5493234787411669, 'training_days': 410, 'n_estimators': 83, 'max_depth': 5, 'num_leaves': 52, 'learning_rate': 0.019657448966046126, 'subsample': 0.5027610585618012, 'colsample_bytree': 0.9077307142274171, 'min_child_samples': 77, 'reg_alpha': 0.03639690979811287, 'reg_lambda': 0.08738424135626986}. Best is trial 2 with value: 0.05452414443580814.
[I 2026-06-01 11:08:32,061] Trial 7 finished with value: -0.02565572762519832 and parameters: {'confidence_threshold': 0.5259156281069316, 'training_days': 180, 'n_estimators': 102, 'max_depth': 5, 'num_leaves': 45, 'learning_rate': 0.030816017044468066, 'subsample': 0.5317791751430119, 'colsample_bytree': 0.6554911608578311, 'min_child_samples': 46, 'reg_alpha': 0.036851536911881845, 'reg_lambda': 0.005470376807480391}. Best is trial 2 with value: 0.05452414443580814.
[I 2026-06-01 11:08:32,163] Trial 8 finished with value: 0.062346245084343235 and parameters: {'confidence_threshold': 0.8105244599017143, 'training_days': 240, 'n_estimators': 103, 'max_depth': 5, 'num_leaves': 52, 'learning_rate': 0.06746437142284309, 'subsample': 0.8854835899772805, 'colsample_bytree': 0.7468977981821954, 'min_child_samples': 62, 'reg_alpha': 7.04480806377519e-05, 'reg_lambda': 1.6934490731313353e-08}. Best is trial 8 with value: 0.062346245084343235.
[I 2026-06-01 11:08:32,186] Trial 9 finished with value: -0.12670325358106763 and parameters: {'confidence_threshold': 0.5377619994476566, 'training_days': 20, 'n_estimators': 337, 'max_depth': 3, 'num_leaves': 39, 'learning_rate': 0.21907142272152816, 'subsample': 0.6246461145744375, 'colsample_bytree': 0.7051914615178149, 'min_child_samples': 81, 'reg_alpha': 1.1459970229341322e-06, 'reg_lambda': 4.929685216887945e-08}. Best is trial 8 with value: 0.062346245084343235.
[I 2026-06-01 11:08:32,767] Trial 10 finished with value: 0.03765164425749355 and parameters: {'confidence_threshold': 0.734042426776949, 'training_days': 280, 'n_estimators': 487, 'max_depth': 5, 'num_leaves': 62, 'learning_rate': 0.10432148521337849, 'subsample': 0.9416850669512905, 'colsample_bytree': 0.8120417635861826, 'min_child_samples': 27, 'reg_alpha': 7.238112263003475e-05, 'reg_lambda': 3.3639426888455256e-06}. Best is trial 8 with value: 0.062346245084343235.
[I 2026-06-01 11:08:32,886] Trial 11 finished with value: -0.027398917094223995 and parameters: {'confidence_threshold': 0.7064141682072129, 'training_days': 170, 'n_estimators': 245, 'max_depth': 5, 'num_leaves': 55, 'learning_rate': 0.070278144758503, 'subsample': 0.863624974073976, 'colsample_bytree': 0.5038432927256977, 'min_child_samples': 87, 'reg_alpha': 4.76478459329104e-08, 'reg_lambda': 7.868729181011707e-06}. Best is trial 8 with value: 0.062346245084343235.
[I 2026-06-01 11:08:33,036] Trial 12 finished with value: 0.03153725489373239 and parameters: {'confidence_threshold': 0.7683435244955696, 'training_days': 180, 'n_estimators': 257, 'max_depth': 4, 'num_leaves': 31, 'learning_rate': 0.05445057683691509, 'subsample': 0.8426110070012842, 'colsample_bytree': 0.6188171054052629, 'min_child_samples': 65, 'reg_alpha': 5.6535530920430964e-05, 'reg_lambda': 2.0771847423585894e-06}. Best is trial 8 with value: 0.062346245084343235.
[I 2026-06-01 11:08:33,220] Trial 13 finished with value: 0.05082983695255381 and parameters: {'confidence_threshold': 0.648468212177187, 'training_days': 260, 'n_estimators': 214, 'max_depth': 5, 'num_leaves': 32, 'learning_rate': 0.20158174220210204, 'subsample': 0.8690491710631163, 'colsample_bytree': 0.8081667901910176, 'min_child_samples': 72, 'reg_alpha': 1.2505046450524292e-06, 'reg_lambda': 3.9794797075090296e-05}. Best is trial 8 with value: 0.062346245084343235.
[I 2026-06-01 11:08:33,343] Trial 14 finished with value: 0.04487864375979548 and parameters: {'confidence_threshold': 0.6122975625169359, 'training_days': 100, 'n_estimators': 311, 'max_depth': 4, 'num_leaves': 15, 'learning_rate': 0.1113698271960675, 'subsample': 0.7718441115005977, 'colsample_bytree': 0.9897127958863723, 'min_child_samples': 55, 'reg_alpha': 9.136746211641124e-06, 'reg_lambda': 1.6308976466085072e-07}. Best is trial 8 with value: 0.062346245084343235.
[I 2026-06-01 11:08:33,408] Trial 15 finished with value: -4.044567344409294 and parameters: {'confidence_threshold': 0.6887540779211444, 'training_days': 120, 'n_estimators': 52, 'max_depth': 5, 'num_leaves': 50, 'learning_rate': 0.010359623362260938, 'subsample': 0.9092527541364609, 'colsample_bytree': 0.5065896071904618, 'min_child_samples': 28, 'reg_alpha': 1.5075578924776514e-07, 'reg_lambda': 1.4846210073902318e-08}. Best is trial 8 with value: 0.062346245084343235.
[I 2026-06-01 11:08:33,550] Trial 16 finished with value: 0.0081505121096491 and parameters: {'confidence_threshold': 0.7689478876866226, 'training_days': 320, 'n_estimators': 159, 'max_depth': 5, 'num_leaves': 63, 'learning_rate': 0.05978446107953783, 'subsample': 0.8140834154635153, 'colsample_bytree': 0.6024945398817332, 'min_child_samples': 91, 'reg_alpha': 0.00034509659588670465, 'reg_lambda': 7.184624603609509e-07}. Best is trial 8 with value: 0.062346245084343235.
[I 2026-06-01 11:08:33,740] Trial 17 finished with value: 0.05704297811071575 and parameters: {'confidence_threshold': 0.5655520462931906, 'training_days': 190, 'n_estimators': 277, 'max_depth': 4, 'num_leaves': 35, 'learning_rate': 0.14168046193643383, 'subsample': 0.7004831188261247, 'colsample_bytree': 0.7861983638172064, 'min_child_samples': 54, 'reg_alpha': 0.0005961727498011812, 'reg_lambda': 6.614397595908694e-05}. Best is trial 8 with value: 0.062346245084343235.
[I 2026-06-01 11:08:34,213] A new study created in memory with name: no-name-1baa3fd0-d840-4f03-b182-d3e0796839f0
[I 2026-06-01 11:08:34,310] Trial 0 finished with value: -0.022251762666854677 and parameters: {'confidence_threshold': 0.7437642149592516, 'training_days': 150, 'n_estimators': 152, 'max_depth': 4, 'num_leaves': 50, 'learning_rate': 0.04216766425047743, 'subsample': 0.9903820991923078, 'colsample_bytree': 0.8424148692924316, 'min_child_samples': 58, 'reg_alpha': 3.381097259762742e-05, 'reg_lambda': 1.2263152961306247e-05}. Best is trial 0 with value: -0.022251762666854677.
[I 2026-06-01 11:08:34,381] Trial 1 finished with value: -2.138098938356964 and parameters: {'confidence_threshold': 0.7551673975844145, 'training_days': 220, 'n_estimators': 76, 'max_depth': 4, 'num_leaves': 51, 'learning_rate': 0.018602118810743477, 'subsample': 0.5877258780737462, 'colsample_bytree': 0.7657756869209191, 'min_child_samples': 63, 'reg_alpha': 0.005123994170264194, 'reg_lambda': 0.44145470178120466}. Best is trial 0 with value: -0.022251762666854677.
[I 2026-06-01 11:08:34,669] Trial 2 finished with value: 0.02445715583741212 and parameters: {'confidence_threshold': 0.7535593637012223, 'training_days': 310, 'n_estimators': 375, 'max_depth': 3, 'num_leaves': 32, 'learning_rate': 0.021735641882032388, 'subsample': 0.6468570231944146, 'colsample_bytree': 0.8154880619272439, 'min_child_samples': 27, 'reg_alpha': 8.004064028491336e-05, 'reg_lambda': 7.546835261630524e-05}. Best is trial 2 with value: 0.02445715583741212.
[I 2026-06-01 11:08:34,836] Trial 3 finished with value: 0.09520071252520855 and parameters: {'confidence_threshold': 0.6727897841776072, 'training_days': 220, 'n_estimators': 190, 'max_depth': 4, 'num_leaves': 58, 'learning_rate': 0.24810689332636193, 'subsample': 0.7509183379421682, 'colsample_bytree': 0.8119764758960556, 'min_child_samples': 29, 'reg_alpha': 7.1708285081421445e-06, 'reg_lambda': 5.412973582738627e-05}. Best is trial 3 with value: 0.09520071252520855.
[I 2026-06-01 11:08:34,960] Trial 4 finished with value: 0.06973897960464288 and parameters: {'confidence_threshold': 0.803208205259178, 'training_days': 130, 'n_estimators': 267, 'max_depth': 5, 'num_leaves': 40, 'learning_rate': 0.08041175317374143, 'subsample': 0.5603143329951619, 'colsample_bytree': 0.9131704002534167, 'min_child_samples': 68, 'reg_alpha': 0.0008046593428183385, 'reg_lambda': 1.2158346158765583e-05}. Best is trial 3 with value: 0.09520071252520855.
[I 2026-06-01 11:08:35,193] Trial 5 finished with value: 0.06293967917302379 and parameters: {'confidence_threshold': 0.6064422761595144, 'training_days': 210, 'n_estimators': 357, 'max_depth': 5, 'num_leaves': 40, 'learning_rate': 0.0974221287220869, 'subsample': 0.7929682762811064, 'colsample_bytree': 0.8124517510478, 'min_child_samples': 74, 'reg_alpha': 0.3811377260781234, 'reg_lambda': 5.607314238392041e-08}. Best is trial 3 with value: 0.09520071252520855.
[I 2026-06-01 11:08:35,300] Trial 6 finished with value: 0.03419191255044872 and parameters: {'confidence_threshold': 0.7672889945051684, 'training_days': 130, 'n_estimators': 137, 'max_depth': 4, 'num_leaves': 19, 'learning_rate': 0.2031117614248665, 'subsample': 0.8136244860256343, 'colsample_bytree': 0.8617081790949774, 'min_child_samples': 21, 'reg_alpha': 0.002238138278733199, 'reg_lambda': 0.001025809534977322}. Best is trial 3 with value: 0.09520071252520855.
[I 2026-06-01 11:08:35,368] Trial 7 finished with value: -0.056121121349025894 and parameters: {'confidence_threshold': 0.555635875450653, 'training_days': 80, 'n_estimators': 363, 'max_depth': 3, 'num_leaves': 48, 'learning_rate': 0.06590089024008658, 'subsample': 0.6944752870615722, 'colsample_bytree': 0.962566244806993, 'min_child_samples': 88, 'reg_alpha': 1.6465620446426067e-05, 'reg_lambda': 2.4678750890085655e-08}. Best is trial 3 with value: 0.09520071252520855.
[I 2026-06-01 11:08:35,701] Trial 8 finished with value: 0.08165313974604818 and parameters: {'confidence_threshold': 0.6066688256938841, 'training_days': 200, 'n_estimators': 367, 'max_depth': 5, 'num_leaves': 32, 'learning_rate': 0.13377519215934996, 'subsample': 0.7965884582811106, 'colsample_bytree': 0.8458508993500886, 'min_child_samples': 32, 'reg_alpha': 3.889436043816386e-05, 'reg_lambda': 1.4713062489380356e-06}. Best is trial 3 with value: 0.09520071252520855.
[I 2026-06-01 11:08:35,922] Trial 9 finished with value: 0.005028881863035744 and parameters: {'confidence_threshold': 0.6202096049169137, 'training_days': 260, 'n_estimators': 350, 'max_depth': 3, 'num_leaves': 21, 'learning_rate': 0.02989540198065364, 'subsample': 0.8307821683331218, 'colsample_bytree': 0.923253112635361, 'min_child_samples': 64, 'reg_alpha': 0.4898604619604203, 'reg_lambda': 2.9076377687066166e-05}. Best is trial 3 with value: 0.09520071252520855.
[I 2026-06-01 11:08:36,352] Trial 10 finished with value: -0.018230957221214022 and parameters: {'confidence_threshold': 0.6756170272727778, 'training_days': 470, 'n_estimators': 493, 'max_depth': 4, 'num_leaves': 63, 'learning_rate': 0.010221918552934462, 'subsample': 0.9383547926937981, 'colsample_bytree': 0.6202684210924141, 'min_child_samples': 44, 'reg_alpha': 2.371385268938747e-08, 'reg_lambda': 0.015315426420116851}. Best is trial 3 with value: 0.09520071252520855.
