[I 2026-06-01 11:08:26,228] Trial 14 finished with value: 0.0716197563256643 and parameters: {'confidence_threshold': 0.7133599857247997, 'training_days': 150, 'n_estimators': 166, 'max_depth': 5, 'num_leaves': 15, 'learning_rate': 0.14399892089509414, 'subsample': 0.7946286755757784, 'colsample_bytree': 0.9951780710339017, 'min_child_samples': 33, 'reg_alpha': 4.6313737939733275e-07, 'reg_lambda': 1.66052015319664}. Best is trial 8 with value: 0.10025796181055943.
[I 2026-06-01 11:08:26,379] Trial 15 finished with value: 0.04258739708111944 and parameters: {'confidence_threshold': 0.5026055290809989, 'training_days': 90, 'n_estimators': 436, 'max_depth': 4, 'num_leaves': 35, 'learning_rate': 0.2662524632365439, 'subsample': 0.9542711756164688, 'colsample_bytree': 0.8920227429065322, 'min_child_samples': 51, 'reg_alpha': 0.0009170987372896213, 'reg_lambda': 8.608486592705135e-07}. Best is trial 8 with value: 0.10025796181055943.
[I 2026-06-01 11:08:26,624] Trial 16 finished with value: 0.060411151044560296 and parameters: {'confidence_threshold': 0.6459625228176832, 'training_days': 370, 'n_estimators': 218, 'max_depth': 4, 'num_leaves': 25, 'learning_rate': 0.10948515414898043, 'subsample': 0.6496942221238458, 'colsample_bytree': 0.7527811693098342, 'min_child_samples': 21, 'reg_alpha': 3.433399905162048, 'reg_lambda': 0.0006630938767018698}. Best is trial 8 with value: 0.10025796181055943.
[I 2026-06-01 11:08:26,864] Trial 17 finished with value: 0.03978585001809189 and parameters: {'confidence_threshold': 0.7110519736587814, 'training_days': 290, 'n_estimators': 301, 'max_depth': 5, 'num_leaves': 36, 'learning_rate': 0.16245360773731382, 'subsample': 0.8612142224284419, 'colsample_bytree': 0.878517729760948, 'min_child_samples': 94, 'reg_alpha': 7.497547524936721e-07, 'reg_lambda': 1.1543785125457142e-06}. Best is trial 8 with value: 0.10025796181055943.
[I 2026-06-01 11:08:27,350] A new study created in memory with name: no-name-ec4fdec1-0369-4ee1-b66b-2c6feab7fc01
[I 2026-06-01 11:08:27,536] Trial 0 finished with value: 0.06101254789332446 and parameters: {'confidence_threshold': 0.5870645682749857, 'training_days': 90, 'n_estimators': 403, 'max_depth': 5, 'num_leaves': 45, 'learning_rate': 0.0780457193679974, 'subsample': 0.9428509515574568, 'colsample_bytree': 0.8795587339164916, 'min_child_samples': 34, 'reg_alpha': 2.2465901234314442e-07, 'reg_lambda': 8.339007036475363e-05}. Best is trial 0 with value: 0.06101254789332446.
[I 2026-06-01 11:08:27,648] Trial 1 finished with value: 0.03828554012889018 and parameters: {'confidence_threshold': 0.6348453934275313, 'training_days': 290, 'n_estimators': 115, 'max_depth': 5, 'num_leaves': 37, 'learning_rate': 0.06949568759029946, 'subsample': 0.8228505074024268, 'colsample_bytree': 0.8616703220431751, 'min_child_samples': 75, 'reg_alpha': 4.2486822725010923e-07, 'reg_lambda': 1.157247767047042e-07}. Best is trial 0 with value: 0.06101254789332446.
[I 2026-06-01 11:08:27,668] Trial 2 finished with value: -1.9582495482141975 and parameters: {'confidence_threshold': 0.5849570384370288, 'training_days': 10, 'n_estimators': 212, 'max_depth': 3, 'num_leaves': 41, 'learning_rate': 0.18452095998378365, 'subsample': 0.6001060822924371, 'colsample_bytree': 0.5673167293506167, 'min_child_samples': 37, 'reg_alpha': 5.733250064217131, 'reg_lambda': 0.5308454292595461}. Best is trial 0 with value: 0.06101254789332446.
[I 2026-06-01 11:08:27,749] Trial 3 finished with value: 0.027058424252194586 and parameters: {'confidence_threshold': 0.6868248626683718, 'training_days': 220, 'n_estimators': 134, 'max_depth': 3, 'num_leaves': 45, 'learning_rate': 0.033529007907491595, 'subsample': 0.8647277071858408, 'colsample_bytree': 0.778494116634046, 'min_child_samples': 96, 'reg_alpha': 2.409409937265785e-07, 'reg_lambda': 1.1642073478060009}. Best is trial 0 with value: 0.06101254789332446.
[I 2026-06-01 11:08:27,840] Trial 4 finished with value: 0.07664540582792986 and parameters: {'confidence_threshold': 0.5623121348350352, 'training_days': 300, 'n_estimators': 69, 'max_depth': 4, 'num_leaves': 32, 'learning_rate': 0.14967629360700346, 'subsample': 0.5054535233636654, 'colsample_bytree': 0.7401385194659216, 'min_child_samples': 27, 'reg_alpha': 1.4212042567426725e-07, 'reg_lambda': 0.23605753701352003}. Best is trial 4 with value: 0.07664540582792986.
[I 2026-06-01 11:08:28,247] Trial 5 finished with value: 0.06001292994129992 and parameters: {'confidence_threshold': 0.7111850244908446, 'training_days': 490, 'n_estimators': 362, 'max_depth': 5, 'num_leaves': 40, 'learning_rate': 0.05960785724162737, 'subsample': 0.5589714368907717, 'colsample_bytree': 0.6659006943232806, 'min_child_samples': 42, 'reg_alpha': 0.6741360303045295, 'reg_lambda': 6.054601607143087e-08}. Best is trial 4 with value: 0.07664540582792986.

    [trial 5] Sharpe=-0.0404 (folds: 0.2000, -0.4157, -0.0808, 0.0143, 0.0802)
    [trial 6] 46 features, training_days=410 | threshold=0.549 | labels: 1052 long, 1119 short (48/52%)
    [trial 6] Sharpe=0.0421 (folds: 0.0712, -0.1990, 0.1354, -0.0905, 0.2932)
    [trial 7] 46 features, training_days=180 | threshold=0.526 | labels: 1052 long, 1119 short (48/52%)
    [trial 7] Sharpe=0.0754 (folds: 0.1608, -0.1745, -0.0853, 0.1726, 0.3037)
    [trial 8] 46 features, training_days=240 | threshold=0.811 | labels: 1052 long, 1119 short (48/52%)
    [trial 8] Sharpe=0.1209 (folds: 0.1476, -0.2008, 0.0396, 0.2890, 0.3289)
    [trial 9] 46 features, training_days=20 | threshold=0.538 | labels: 1052 long, 1119 short (48/52%)
    [trial 9] Sharpe=-2.0592 (folds: -0.1140, -0.2127, 0.0536, -10.0000, -0.0229)
    [trial 10] 46 features, training_days=280 | threshold=0.734 | labels: 1052 long, 1119 short (48/52%)
    [trial 10] Sharpe=0.0321 (folds: 0.1749, -0.1605, -0.0724, 0.0803, 0.1381)
    [trial 11] 46 features, training_days=170 | threshold=0.719 | labels: 1052 long, 1119 short (48/52%)
    [trial 11] Sharpe=0.0966 (folds: 0.1012, -0.0861, -0.1019, 0.2816, 0.2880)
    [trial 12] 46 features, training_days=140 | threshold=0.734 | labels: 1052 long, 1119 short (48/52%)
    [trial 12] Sharpe=0.0729 (folds: 0.1753, -0.1060, -0.3129, 0.2558, 0.3521)
    [trial 13] 46 features, training_days=250 | threshold=0.743 | labels: 1052 long, 1119 short (48/52%)
    [trial 13] Sharpe=0.0532 (folds: 0.1749, -0.1493, -0.1261, 0.1904, 0.1760)
    [trial 14] 46 features, training_days=110 | threshold=0.783 | labels: 1052 long, 1119 short (48/52%)
    [trial 14] Sharpe=0.1066 (folds: 0.2506, -0.0040, -0.2045, 0.1120, 0.3790)
    [trial 15] 46 features, training_days=90 | threshold=0.789 | labels: 1052 long, 1119 short (48/52%)
    [trial 15] Sharpe=-1.7898 (folds: -0.0488, 0.7575, 0.1895, 0.1530, -10.0000)
    [trial 16] 46 features, training_days=260 | threshold=0.782 | labels: 1052 long, 1119 short (48/52%)
    [trial 16] Sharpe=0.0351 (folds: 0.0434, -0.1169, -0.1069, 0.1665, 0.1891)
    [trial 17] 46 features, training_days=100 | threshold=0.676 | labels: 1052 long, 1119 short (48/52%)
    [trial 17] Sharpe=0.0216 (folds: 0.1331, -0.0058, -0.1750, 0.0084, 0.1473)
  Optuna: 18 trials, best Sharpe = 0.1209
  Best params: n_estimators=103, max_depth=5, lr=0.0675, leaves=52
  Best confidence_threshold: 0.811
  Best training_days: 240
  Retrained on full data (720 samples, 46 features)
  [ensemble 2/3] seed=123
    [trial 0] 46 features, training_days=150 | threshold=0.744 | labels: 1052 long, 1119 short (48/52%)
    [CV fold 0] train_end=2024-01-23 08:00 | val_start=2024-01-31 00:00 | gap=184h (22 rows)
    [CV fold 1] train_end=2024-05-22 16:00 | val_start=2024-05-30 08:00 | gap=184h (22 rows)
    [CV fold 2] train_end=2024-09-20 00:00 | val_start=2024-09-27 16:00 | gap=184h (22 rows)
    [CV fold 3] train_end=2025-01-18 08:00 | val_start=2025-01-26 00:00 | gap=184h (22 rows)
    [CV fold 4] train_end=2025-05-18 16:00 | val_start=2025-05-26 08:00 | gap=184h (22 rows)
    [trial 0] Sharpe=0.0451 (folds: 0.1646, -0.1468, -0.1009, 0.1904, 0.1183)
    [trial 1] 46 features, training_days=220 | threshold=0.755 | labels: 1052 long, 1119 short (48/52%)
    [trial 1] Sharpe=-3.9726 (folds: -0.2295, -0.1827, 0.5494, -10.0000, -10.0000)
    [trial 2] 46 features, training_days=310 | threshold=0.754 | labels: 1052 long, 1119 short (48/52%)
    [trial 2] Sharpe=0.0532 (folds: 0.1920, -0.2234, -0.1295, 0.0996, 0.3272)
    [trial 3] 46 features, training_days=220 | threshold=0.673 | labels: 1052 long, 1119 short (48/52%)
    [trial 3] Sharpe=0.0579 (folds: 0.1907, -0.1783, -0.0483, 0.1197, 0.2055)
    [trial 4] 46 features, training_days=130 | threshold=0.803 | labels: 1052 long, 1119 short (48/52%)
    [trial 4] Sharpe=0.0713 (folds: 0.1834, -0.1478, -0.1501, 0.2465, 0.2247)
    [trial 5] 46 features, training_days=210 | threshold=0.606 | labels: 1052 long, 1119 short (48/52%)
    [trial 5] Sharpe=0.0447 (folds: 0.0514, -0.1359, -0.0154, 0.0949, 0.2285)
    [trial 6] 46 features, training_days=130 | threshold=0.767 | labels: 1052 long, 1119 short (48/52%)
    [trial 6] Sharpe=0.0787 (folds: 0.1747, -0.1346, -0.1462, 0.1964, 0.3034)
    [trial 7] 46 features, training_days=80 | threshold=0.556 | labels: 1052 long, 1119 short (48/52%)
    [trial 7] Sharpe=-0.0401 (folds: -0.0951, 0.0226, -0.0894, -0.0735, 0.0351)
    [trial 8] 46 features, training_days=200 | threshold=0.607 | labels: 1052 long, 1119 short (48/52%)
    [trial 8] Sharpe=0.1003 (folds: 0.1846, -0.1271, 0.0208, 0.1310, 0.2921)
    [trial 9] 46 features, training_days=260 | threshold=0.620 | labels: 1052 long, 1119 short (48/52%)
    [trial 9] Sharpe=0.0513 (folds: 0.2285, -0.1584, -0.1638, 0.1423, 0.2080)
    [trial 10] 46 features, training_days=470 | threshold=0.534 | labels: 1052 long, 1119 short (48/52%)
    [trial 10] Sharpe=0.0106 (folds: 0.1102, -0.1940, -0.0207, -0.0259, 0.1834)
    [trial 11] 46 features, training_days=30 | threshold=0.837 | labels: 1052 long, 1119 short (48/52%)
    [trial 11] Sharpe=-0.0441 (folds: 0.0039, -0.0345, -0.4241, 0.0762, 0.1579)
    [trial 12] 46 features, training_days=360 | threshold=0.673 | labels: 1052 long, 1119 short (48/52%)
    [trial 12] Sharpe=0.0391 (folds: 0.1091, -0.1463, 0.0591, -0.0002, 0.1737)
    [trial 13] 46 features, training_days=10 | threshold=0.611 | labels: 1052 long, 1119 short (48/52%)
    [trial 13] Sharpe=-1.9582 (folds: -10.0000, 0.2107, 0.0389, -0.0179, -0.0229)
    [trial 14] 46 features, training_days=150 | threshold=0.713 | labels: 1052 long, 1119 short (48/52%)
    [trial 14] Sharpe=0.0716 (folds: 0.1774, -0.0954, -0.1513, 0.1543, 0.2730)
    [trial 15] 46 features, training_days=90 | threshold=0.503 | labels: 1052 long, 1119 short (48/52%)
    [trial 15] Sharpe=0.0426 (folds: 0.1325, -0.0003, -0.1014, -0.0462, 0.2284)
    [trial 16] 46 features, training_days=370 | threshold=0.646 | labels: 1052 long, 1119 short (48/52%)
    [trial 16] Sharpe=0.0604 (folds: 0.1740, -0.1833, 0.1175, -0.0555, 0.2494)
    [trial 17] 46 features, training_days=290 | threshold=0.711 | labels: 1052 long, 1119 short (48/52%)
    [trial 17] Sharpe=0.0398 (folds: 0.0648, -0.1286, -0.1449, 0.1692, 0.2384)
  Optuna: 18 trials, best Sharpe = 0.1003
  Best params: n_estimators=367, max_depth=5, lr=0.1338, leaves=32
  Best confidence_threshold: 0.607
  Best training_days: 200
  Retrained on full data (600 samples, 46 features)
  [ensemble 3/3] seed=456
    [trial 0] 46 features, training_days=90 | threshold=0.587 | labels: 1052 long, 1119 short (48/52%)
    [CV fold 0] train_end=2024-01-23 08:00 | val_start=2024-01-31 00:00 | gap=184h (22 rows)
    [CV fold 1] train_end=2024-05-22 16:00 | val_start=2024-05-30 08:00 | gap=184h (22 rows)
    [CV fold 2] train_end=2024-09-20 00:00 | val_start=2024-09-27 16:00 | gap=184h (22 rows)
    [CV fold 3] train_end=2025-01-18 08:00 | val_start=2025-01-26 00:00 | gap=184h (22 rows)
    [CV fold 4] train_end=2025-05-18 16:00 | val_start=2025-05-26 08:00 | gap=184h (22 rows)
    [trial 0] Sharpe=0.0610 (folds: 0.1666, -0.0245, -0.0705, -0.0258, 0.2592)
    [trial 1] 46 features, training_days=290 | threshold=0.635 | labels: 1052 long, 1119 short (48/52%)
    [trial 1] Sharpe=0.0383 (folds: 0.1044, -0.1645, -0.1465, 0.1761, 0.2219)
    [trial 2] 46 features, training_days=10 | threshold=0.585 | labels: 1052 long, 1119 short (48/52%)
    [trial 2] Sharpe=-1.9582 (folds: -10.0000, 0.2107, 0.0389, -0.0179, -0.0229)
    [trial 3] 46 features, training_days=220 | threshold=0.687 | labels: 1052 long, 1119 short (48/52%)
    [trial 3] Sharpe=0.0271 (folds: -0.0183, -0.2468, -0.1098, 0.2023, 0.3078)
    [trial 4] 46 features, training_days=300 | threshold=0.562 | labels: 1052 long, 1119 short (48/52%)
    [trial 4] Sharpe=0.0766 (folds: 0.1927, -0.1601, -0.0314, 0.1054, 0.2766)
    [trial 5] 46 features, training_days=490 | threshold=0.711 | labels: 1052 long, 1119 short (48/52%)
    [trial 5] Sharpe=0.0600 (folds: 0.1499, -0.1372, -0.0331, 0.1109, 0.2096)
    [trial 6] 46 features, training_days=420 | threshold=0.667 | labels: 1052 long, 1119 short (48/52%)[I 2026-06-01 11:08:28,413] Trial 6 finished with value: 0.033855604107243684 and parameters: {'confidence_threshold': 0.667482545748023, 'training_days': 420, 'n_estimators': 279, 'max_depth': 3, 'num_leaves': 45, 'learning_rate': 0.040099592560849204, 'subsample': 0.8563114696415159, 'colsample_bytree': 0.5442917781944105, 'min_child_samples': 50, 'reg_alpha': 1.6407916423707903e-08, 'reg_lambda': 2.935907642973286e-05}. Best is trial 4 with value: 0.07664540582792986.
[I 2026-06-01 11:08:28,565] Trial 7 finished with value: 0.05182098617319757 and parameters: {'confidence_threshold': 0.5497381024139926, 'training_days': 120, 'n_estimators': 408, 'max_depth': 5, 'num_leaves': 38, 'learning_rate': 0.28049122657745795, 'subsample': 0.8806573338635493, 'colsample_bytree': 0.5454054113547102, 'min_child_samples': 63, 'reg_alpha': 0.01263008637940408, 'reg_lambda': 0.04588020805366937}. Best is trial 4 with value: 0.07664540582792986.
[I 2026-06-01 11:08:28,832] Trial 8 finished with value: -0.029823810571808364 and parameters: {'confidence_threshold': 0.719644804808716, 'training_days': 450, 'n_estimators': 410, 'max_depth': 4, 'num_leaves': 57, 'learning_rate': 0.04022026551478857, 'subsample': 0.5336085426932707, 'colsample_bytree': 0.5705742850577543, 'min_child_samples': 100, 'reg_alpha': 5.916398047912201e-07, 'reg_lambda': 0.9794034214488329}. Best is trial 4 with value: 0.07664540582792986.
[I 2026-06-01 11:08:28,855] Trial 9 finished with value: -6.065343006843183 and parameters: {'confidence_threshold': 0.7267463643917187, 'training_days': 20, 'n_estimators': 337, 'max_depth': 5, 'num_leaves': 23, 'learning_rate': 0.022153031811454605, 'subsample': 0.6305627572358737, 'colsample_bytree': 0.6613413774216214, 'min_child_samples': 81, 'reg_alpha': 5.7638634029410314e-08, 'reg_lambda': 8.26603016764008}. Best is trial 4 with value: 0.07664540582792986.
[I 2026-06-01 11:08:28,940] Trial 10 finished with value: 0.09787040784091572 and parameters: {'confidence_threshold': 0.8398533911817929, 'training_days': 320, 'n_estimators': 52, 'max_depth': 4, 'num_leaves': 15, 'learning_rate': 0.1708019296390162, 'subsample': 0.7130289643560688, 'colsample_bytree': 0.9944479338273263, 'min_child_samples': 23, 'reg_alpha': 6.837313901272251e-05, 'reg_lambda': 0.007549769720510555}. Best is trial 10 with value: 0.09787040784091572.
[I 2026-06-01 11:08:29,031] Trial 11 finished with value: 0.050844259946250234 and parameters: {'confidence_threshold': 0.8491135887906174, 'training_days': 330, 'n_estimators': 53, 'max_depth': 4, 'num_leaves': 15, 'learning_rate': 0.1479896125735391, 'subsample': 0.7103077871754093, 'colsample_bytree': 0.9628722124262472, 'min_child_samples': 20, 'reg_alpha': 7.819782027405133e-05, 'reg_lambda': 0.00647465266809438}. Best is trial 10 with value: 0.09787040784091572.
[I 2026-06-01 11:08:29,122] Trial 12 finished with value: 0.17571286778519543 and parameters: {'confidence_threshold': 0.83900033179092, 'training_days': 360, 'n_estimators': 54, 'max_depth': 4, 'num_leaves': 26, 'learning_rate': 0.12411615325331521, 'subsample': 0.7192240704891215, 'colsample_bytree': 0.7600429376871523, 'min_child_samples': 20, 'reg_alpha': 3.8786120004382785e-05, 'reg_lambda': 0.004172853895910727}. Best is trial 12 with value: 0.17571286778519543.
[I 2026-06-01 11:08:29,339] Trial 13 finished with value: 0.06987436229794056 and parameters: {'confidence_threshold': 0.8484708715379338, 'training_days': 380, 'n_estimators': 173, 'max_depth': 4, 'num_leaves': 15, 'learning_rate': 0.10920086235461798, 'subsample': 0.7359662146567971, 'colsample_bytree': 0.9601804920544333, 'min_child_samples': 23, 'reg_alpha': 4.685953589183692e-05, 'reg_lambda': 0.002384568638127834}. Best is trial 12 with value: 0.17571286778519543.
[I 2026-06-01 11:08:29,615] Trial 14 finished with value: 0.042806502953689415 and parameters: {'confidence_threshold': 0.7902715305718381, 'training_days': 210, 'n_estimators': 500, 'max_depth': 4, 'num_leaves': 25, 'learning_rate': 0.2779816747607585, 'subsample': 0.6776505255398512, 'colsample_bytree': 0.8807055118050451, 'min_child_samples': 54, 'reg_alpha': 0.0019056569144804095, 'reg_lambda': 5.1345282937911e-06}. Best is trial 12 with value: 0.17571286778519543.
[I 2026-06-01 11:08:29,880] Trial 15 finished with value: -1.8590495653967565 and parameters: {'confidence_threshold': 0.7829525506318393, 'training_days': 390, 'n_estimators': 223, 'max_depth': 4, 'num_leaves': 23, 'learning_rate': 0.010200950277852842, 'subsample': 0.7694603821203969, 'colsample_bytree': 0.8144377937283438, 'min_child_samples': 30, 'reg_alpha': 1.0347887266434179e-05, 'reg_lambda': 0.001231535849171186}. Best is trial 12 with value: 0.17571286778519543.
[I 2026-06-01 11:08:30,000] Trial 16 finished with value: 0.028933087630621347 and parameters: {'confidence_threshold': 0.7809712285122007, 'training_days': 350, 'n_estimators': 104, 'max_depth': 4, 'num_leaves': 29, 'learning_rate': 0.09976870470288898, 'subsample': 0.7934929169329603, 'colsample_bytree': 0.6742492681477796, 'min_child_samples': 45, 'reg_alpha': 0.0025213829728067743, 'reg_lambda': 0.03666651719241205}. Best is trial 12 with value: 0.17571286778519543.
[I 2026-06-01 11:08:30,127] Trial 17 finished with value: 0.005787802248909929 and parameters: {'confidence_threshold': 0.502856073658682, 'training_days': 260, 'n_estimators': 178, 'max_depth': 3, 'num_leaves': 20, 'learning_rate': 0.19162589861605195, 'subsample': 0.6644108905489939, 'colsample_bytree': 0.9920053259992261, 'min_child_samples': 66, 'reg_alpha': 7.232378943930916e-06, 'reg_lambda': 0.00024521850680081633}. Best is trial 12 with value: 0.17571286778519543.
[I 2026-06-01 11:08:30,818] A new study created in memory with name: no-name-e3f5ceff-c0c7-4022-a166-cbb115c39c3c
[I 2026-06-01 11:08:31,128] Trial 0 finished with value: 0.0203106054541844 and parameters: {'confidence_threshold': 0.6310890415965769, 'training_days': 480, 'n_estimators': 380, 'max_depth': 4, 'num_leaves': 22, 'learning_rate': 0.01699897838270077, 'subsample': 0.5290418060840998, 'colsample_bytree': 0.9330880728874675, 'min_child_samples': 68, 'reg_alpha': 0.023585940584142682, 'reg_lambda': 1.5320059381854043e-08}. Best is trial 0 with value: 0.0203106054541844.
