[I 2026-06-01 11:08:05,174] Trial 17 finished with value: 0.011982980150203206 and parameters: {'confidence_threshold': 0.5643902556097398, 'training_days': 400, 'n_estimators': 263, 'max_depth': 3, 'num_leaves': 32, 'learning_rate': 0.016895827168870094, 'subsample': 0.8665384047149504, 'colsample_bytree': 0.7122605349221547, 'min_child_samples': 54, 'reg_alpha': 6.229602473892305e-07, 'reg_lambda': 0.19701152269077216}. Best is trial 13 with value: 0.016752943363036697.
[I 2026-06-01 11:08:05,625] A new study created in memory with name: no-name-cca175d1-d644-4acf-af8e-7c67c89d0c54
[I 2026-06-01 11:08:05,829] Trial 0 finished with value: -0.0789833188907125 and parameters: {'confidence_threshold': 0.5870645682749857, 'training_days': 90, 'n_estimators': 403, 'max_depth': 5, 'num_leaves': 45, 'learning_rate': 0.0780457193679974, 'subsample': 0.9428509515574568, 'colsample_bytree': 0.8795587339164916, 'min_child_samples': 34, 'reg_alpha': 2.2465901234314442e-07, 'reg_lambda': 8.339007036475363e-05}. Best is trial 0 with value: -0.0789833188907125.
[I 2026-06-01 11:08:05,945] Trial 1 finished with value: 0.012782597304301025 and parameters: {'confidence_threshold': 0.6348453934275313, 'training_days': 290, 'n_estimators': 115, 'max_depth': 5, 'num_leaves': 37, 'learning_rate': 0.06949568759029946, 'subsample': 0.8228505074024268, 'colsample_bytree': 0.8616703220431751, 'min_child_samples': 75, 'reg_alpha': 4.2486822725010923e-07, 'reg_lambda': 1.157247767047042e-07}. Best is trial 1 with value: 0.012782597304301025.
[I 2026-06-01 11:08:05,964] Trial 2 finished with value: -0.03592632557942055 and parameters: {'confidence_threshold': 0.5849570384370288, 'training_days': 10, 'n_estimators': 212, 'max_depth': 3, 'num_leaves': 41, 'learning_rate': 0.18452095998378365, 'subsample': 0.6001060822924371, 'colsample_bytree': 0.5673167293506167, 'min_child_samples': 37, 'reg_alpha': 5.733250064217131, 'reg_lambda': 0.5308454292595461}. Best is trial 1 with value: 0.012782597304301025.
[I 2026-06-01 11:08:06,041] Trial 3 finished with value: -0.12218179680240049 and parameters: {'confidence_threshold': 0.6868248626683718, 'training_days': 220, 'n_estimators': 134, 'max_depth': 3, 'num_leaves': 45, 'learning_rate': 0.033529007907491595, 'subsample': 0.8647277071858408, 'colsample_bytree': 0.778494116634046, 'min_child_samples': 96, 'reg_alpha': 2.409409937265785e-07, 'reg_lambda': 1.1642073478060009}. Best is trial 1 with value: 0.012782597304301025.
[I 2026-06-01 11:08:06,129] Trial 4 finished with value: -0.03667292807468009 and parameters: {'confidence_threshold': 0.5623121348350352, 'training_days': 300, 'n_estimators': 69, 'max_depth': 4, 'num_leaves': 32, 'learning_rate': 0.14967629360700346, 'subsample': 0.5054535233636654, 'colsample_bytree': 0.7401385194659216, 'min_child_samples': 27, 'reg_alpha': 1.4212042567426725e-07, 'reg_lambda': 0.23605753701352003}. Best is trial 1 with value: 0.012782597304301025.
[I 2026-06-01 11:08:06,562] Trial 5 finished with value: -0.023801699252149675 and parameters: {'confidence_threshold': 0.7111850244908446, 'training_days': 490, 'n_estimators': 362, 'max_depth': 5, 'num_leaves': 40, 'learning_rate': 0.05960785724162737, 'subsample': 0.5589714368907717, 'colsample_bytree': 0.6659006943232806, 'min_child_samples': 42, 'reg_alpha': 0.6741360303045295, 'reg_lambda': 6.054601607143087e-08}. Best is trial 1 with value: 0.012782597304301025.
[I 2026-06-01 11:08:06,744] Trial 6 finished with value: -0.042707658724954335 and parameters: {'confidence_threshold': 0.667482545748023, 'training_days': 420, 'n_estimators': 279, 'max_depth': 3, 'num_leaves': 45, 'learning_rate': 0.040099592560849204, 'subsample': 0.8563114696415159, 'colsample_bytree': 0.5442917781944105, 'min_child_samples': 50, 'reg_alpha': 1.6407916423707903e-08, 'reg_lambda': 2.935907642973286e-05}. Best is trial 1 with value: 0.012782597304301025.
[I 2026-06-01 11:08:06,901] Trial 7 finished with value: -0.03764088029694057 and parameters: {'confidence_threshold': 0.5497381024139926, 'training_days': 120, 'n_estimators': 408, 'max_depth': 5, 'num_leaves': 38, 'learning_rate': 0.28049122657745795, 'subsample': 0.8806573338635493, 'colsample_bytree': 0.5454054113547102, 'min_child_samples': 63, 'reg_alpha': 0.01263008637940408, 'reg_lambda': 0.04588020805366937}. Best is trial 1 with value: 0.012782597304301025.
[I 2026-06-01 11:08:07,166] Trial 8 finished with value: -0.034293322685303815 and parameters: {'confidence_threshold': 0.719644804808716, 'training_days': 450, 'n_estimators': 410, 'max_depth': 4, 'num_leaves': 57, 'learning_rate': 0.04022026551478857, 'subsample': 0.5336085426932707, 'colsample_bytree': 0.5705742850577543, 'min_child_samples': 100, 'reg_alpha': 5.916398047912201e-07, 'reg_lambda': 0.9794034214488329}. Best is trial 1 with value: 0.012782597304301025.

    [trial 8] Sharpe=-0.0357 (folds: -0.2937, -0.0832, -0.1917, 0.0102, 0.3799)
    [trial 9] 46 features, training_days=20 | threshold=0.538 | labels: 1021 long, 1150 short (47/53%)
    [trial 9] Sharpe=-0.0883 (folds: -0.0832, 0.1616, -0.1164, -0.2570, -0.1467)
    [trial 10] 46 features, training_days=350 | threshold=0.738 | labels: 1021 long, 1150 short (47/53%)
    [trial 10] Sharpe=0.0164 (folds: 0.0822, -0.2003, 0.1390, 0.0420, 0.0188)
    [trial 11] 46 features, training_days=360 | threshold=0.587 | labels: 1021 long, 1150 short (47/53%)
    [trial 11] Sharpe=0.0427 (folds: 0.0265, -0.1633, 0.1145, 0.0903, 0.1458)
    [trial 12] 46 features, training_days=340 | threshold=0.670 | labels: 1021 long, 1150 short (47/53%)
    [trial 12] Sharpe=-0.0793 (folds: -0.1865, -0.2879, 0.1265, -0.0288, -0.0198)
    [trial 13] 46 features, training_days=400 | threshold=0.511 | labels: 1021 long, 1150 short (47/53%)
    [trial 13] Sharpe=0.0498 (folds: 0.0264, -0.2813, 0.2135, 0.1460, 0.1442)
    [trial 14] 46 features, training_days=270 | threshold=0.517 | labels: 1021 long, 1150 short (47/53%)
    [trial 14] Sharpe=0.0205 (folds: 0.0549, -0.1636, -0.0424, 0.0755, 0.1782)
    [trial 15] 46 features, training_days=410 | threshold=0.587 | labels: 1021 long, 1150 short (47/53%)
    [trial 15] Sharpe=0.0156 (folds: 0.2240, -0.4229, -0.0083, 0.2138, 0.0712)
    [trial 16] 46 features, training_days=270 | threshold=0.657 | labels: 1021 long, 1150 short (47/53%)
    [trial 16] Sharpe=-0.0033 (folds: -0.0068, -0.1775, -0.0581, 0.0632, 0.1628)
    [trial 17] 46 features, training_days=110 | threshold=0.730 | labels: 1021 long, 1150 short (47/53%)
    [trial 17] Sharpe=-2.1537 (folds: -0.1398, -0.1236, -0.1602, -10.0000, -0.3448)
  Optuna: 18 trials, best Sharpe = 0.0498
  Best params: n_estimators=62, max_depth=4, lr=0.0180, leaves=52
  Best confidence_threshold: 0.511
  Best training_days: 400
  Retrained on full data (1200 samples, 46 features)
  [ensemble 2/3] seed=123
    [trial 0] 46 features, training_days=150 | threshold=0.744 | labels: 1021 long, 1150 short (47/53%)
    [CV fold 0] train_end=2023-11-23 08:00 | val_start=2023-12-01 00:00 | gap=184h (22 rows)
    [CV fold 1] train_end=2024-03-22 16:00 | val_start=2024-03-30 08:00 | gap=184h (22 rows)
    [CV fold 2] train_end=2024-07-21 00:00 | val_start=2024-07-28 16:00 | gap=184h (22 rows)
    [CV fold 3] train_end=2024-11-18 08:00 | val_start=2024-11-26 00:00 | gap=184h (22 rows)
    [CV fold 4] train_end=2025-03-18 16:00 | val_start=2025-03-26 08:00 | gap=184h (22 rows)
    [trial 0] Sharpe=-0.1526 (folds: -0.1226, -0.1591, -0.1185, -0.2815, -0.0815)
    [trial 1] 46 features, training_days=220 | threshold=0.755 | labels: 1021 long, 1150 short (47/53%)
    [trial 1] Sharpe=-6.0556 (folds: -10.0000, -0.3208, -10.0000, 0.0430, -10.0000)
    [trial 2] 46 features, training_days=310 | threshold=0.754 | labels: 1021 long, 1150 short (47/53%)
    [trial 2] Sharpe=-0.0330 (folds: 0.0113, -0.1059, 0.0884, -0.0334, -0.1252)
    [trial 3] 46 features, training_days=220 | threshold=0.673 | labels: 1021 long, 1150 short (47/53%)
    [trial 3] Sharpe=-0.0192 (folds: 0.0502, -0.1235, 0.0351, -0.0219, -0.0359)
    [trial 4] 46 features, training_days=130 | threshold=0.803 | labels: 1021 long, 1150 short (47/53%)
    [trial 4] Sharpe=-0.0279 (folds: 0.0663, -0.1140, -0.1768, 0.1210, -0.0358)
    [trial 5] 46 features, training_days=210 | threshold=0.606 | labels: 1021 long, 1150 short (47/53%)
    [trial 5] Sharpe=-0.0191 (folds: 0.0471, -0.0333, -0.0464, -0.0738, 0.0106)
    [trial 6] 46 features, training_days=130 | threshold=0.767 | labels: 1021 long, 1150 short (47/53%)
    [trial 6] Sharpe=-0.0549 (folds: -0.0012, -0.1317, -0.0326, -0.0310, -0.0782)
    [trial 7] 46 features, training_days=80 | threshold=0.556 | labels: 1021 long, 1150 short (47/53%)
    [trial 7] Sharpe=-0.1632 (folds: -0.0492, -0.2711, -0.2060, -0.1930, -0.0967)
    [trial 8] 46 features, training_days=200 | threshold=0.607 | labels: 1021 long, 1150 short (47/53%)
    [trial 8] Sharpe=-0.0246 (folds: 0.0112, -0.0749, 0.1697, -0.2247, -0.0043)
    [trial 9] 46 features, training_days=260 | threshold=0.620 | labels: 1021 long, 1150 short (47/53%)
    [trial 9] Sharpe=-0.0131 (folds: 0.0212, -0.2151, -0.0414, 0.0053, 0.1646)
    [trial 10] 46 features, training_days=470 | threshold=0.534 | labels: 1021 long, 1150 short (47/53%)
    [trial 10] Sharpe=0.0029 (folds: -0.0025, -0.1996, 0.1331, 0.0767, 0.0067)
    [trial 11] 46 features, training_days=500 | threshold=0.505 | labels: 1021 long, 1150 short (47/53%)
    [trial 11] Sharpe=-0.0152 (folds: -0.0081, -0.1823, 0.1548, 0.0759, -0.1164)
    [trial 12] 46 features, training_days=360 | threshold=0.644 | labels: 1021 long, 1150 short (47/53%)
    [trial 12] Sharpe=-0.0127 (folds: -0.0051, -0.2054, 0.0953, 0.0225, 0.0290)
    [trial 13] 46 features, training_days=430 | threshold=0.502 | labels: 1021 long, 1150 short (47/53%)
    [trial 13] Sharpe=0.0168 (folds: 0.0045, -0.2058, 0.1365, 0.0504, 0.0982)
    [trial 14] 46 features, training_days=490 | threshold=0.517 | labels: 1021 long, 1150 short (47/53%)
    [trial 14] Sharpe=-0.0353 (folds: 0.0031, -0.1735, 0.0783, 0.0897, -0.1741)
    [trial 15] 46 features, training_days=420 | threshold=0.559 | labels: 1021 long, 1150 short (47/53%)
    [trial 15] Sharpe=-0.0268 (folds: 0.0227, -0.1558, -0.0308, 0.0582, -0.0283)
    [trial 16] 46 features, training_days=410 | threshold=0.549 | labels: 1021 long, 1150 short (47/53%)
    [trial 16] Sharpe=0.0115 (folds: 0.0213, -0.1914, 0.0921, 0.0423, 0.0931)
    [trial 17] 46 features, training_days=400 | threshold=0.564 | labels: 1021 long, 1150 short (47/53%)
    [trial 17] Sharpe=0.0120 (folds: 0.0313, -0.1898, 0.1010, -0.0026, 0.1201)
  Optuna: 18 trials, best Sharpe = 0.0168
  Best params: n_estimators=475, max_depth=3, lr=0.0105, leaves=26
  Best confidence_threshold: 0.502
  Best training_days: 430
  Retrained on full data (1290 samples, 46 features)
  [ensemble 3/3] seed=456
    [trial 0] 46 features, training_days=90 | threshold=0.587 | labels: 1021 long, 1150 short (47/53%)
    [CV fold 0] train_end=2023-11-23 08:00 | val_start=2023-12-01 00:00 | gap=184h (22 rows)
    [CV fold 1] train_end=2024-03-22 16:00 | val_start=2024-03-30 08:00 | gap=184h (22 rows)
    [CV fold 2] train_end=2024-07-21 00:00 | val_start=2024-07-28 16:00 | gap=184h (22 rows)
    [CV fold 3] train_end=2024-11-18 08:00 | val_start=2024-11-26 00:00 | gap=184h (22 rows)
    [CV fold 4] train_end=2025-03-18 16:00 | val_start=2025-03-26 08:00 | gap=184h (22 rows)
    [trial 0] Sharpe=-0.0790 (folds: -0.0031, -0.1542, -0.0743, -0.0980, -0.0652)
    [trial 1] 46 features, training_days=290 | threshold=0.635 | labels: 1021 long, 1150 short (47/53%)
    [trial 1] Sharpe=0.0128 (folds: 0.0678, -0.1824, 0.0271, 0.0162, 0.1352)
    [trial 2] 46 features, training_days=10 | threshold=0.585 | labels: 1021 long, 1150 short (47/53%)
    [trial 2] Sharpe=-0.0359 (folds: 0.0928, -0.3471, -0.1164, 0.1164, 0.0747)
    [trial 3] 46 features, training_days=220 | threshold=0.687 | labels: 1021 long, 1150 short (47/53%)
    [trial 3] Sharpe=-0.1222 (folds: -0.0600, -0.1477, -0.2456, -0.1090, -0.0486)
    [trial 4] 46 features, training_days=300 | threshold=0.562 | labels: 1021 long, 1150 short (47/53%)
    [trial 4] Sharpe=-0.0367 (folds: 0.0244, -0.2596, -0.0567, -0.0116, 0.1200)
    [trial 5] 46 features, training_days=490 | threshold=0.711 | labels: 1021 long, 1150 short (47/53%)
    [trial 5] Sharpe=-0.0238 (folds: -0.0075, -0.0530, 0.1319, 0.0170, -0.2075)
    [trial 6] 46 features, training_days=420 | threshold=0.667 | labels: 1021 long, 1150 short (47/53%)
    [trial 6] Sharpe=-0.0427 (folds: -0.0317, -0.2537, 0.1867, 0.0543, -0.1692)
    [trial 7] 46 features, training_days=120 | threshold=0.550 | labels: 1021 long, 1150 short (47/53%)
    [trial 7] Sharpe=-0.0376 (folds: -0.0948, -0.0694, -0.0311, 0.0537, -0.0465)
    [trial 8] 46 features, training_days=450 | threshold=0.720 | labels: 1021 long, 1150 short (47/53%)
    [trial 8] Sharpe=-0.0343 (folds: -0.0691, -0.2135, 0.0918, 0.1583, -0.1389)
    [trial 9] 46 features, training_days=20 | threshold=0.727 | labels: 1021 long, 1150 short (47/53%)[I 2026-06-01 11:08:07,188] Trial 9 finished with value: -4.048419451185041 and parameters: {'confidence_threshold': 0.7267463643917187, 'training_days': 20, 'n_estimators': 337, 'max_depth': 5, 'num_leaves': 23, 'learning_rate': 0.022153031811454605, 'subsample': 0.6305627572358737, 'colsample_bytree': 0.6613413774216214, 'min_child_samples': 81, 'reg_alpha': 5.7638634029410314e-08, 'reg_lambda': 8.26603016764008}. Best is trial 1 with value: 0.012782597304301025.
[I 2026-06-01 11:08:07,343] Trial 10 finished with value: -3.832675589816567 and parameters: {'confidence_threshold': 0.8398533911817929, 'training_days': 320, 'n_estimators': 181, 'max_depth': 4, 'num_leaves': 15, 'learning_rate': 0.013684491588422613, 'subsample': 0.7320664585010437, 'colsample_bytree': 0.9944479338273263, 'min_child_samples': 74, 'reg_alpha': 4.136971884522066e-05, 'reg_lambda': 1.4599322889399585e-08}. Best is trial 1 with value: 0.012782597304301025.
[I 2026-06-01 11:08:07,901] Trial 11 finished with value: -0.01387866264745039 and parameters: {'confidence_threshold': 0.7920556438876994, 'training_days': 490, 'n_estimators': 478, 'max_depth': 5, 'num_leaves': 31, 'learning_rate': 0.07015252903316518, 'subsample': 0.741942921860466, 'colsample_bytree': 0.8566211708639163, 'min_child_samples': 52, 'reg_alpha': 0.07849404505455292, 'reg_lambda': 1.7920767996550486e-08}. Best is trial 1 with value: 0.012782597304301025.
[I 2026-06-01 11:08:08,374] Trial 12 finished with value: 0.015871182794915974 and parameters: {'confidence_threshold': 0.823724329897743, 'training_days': 380, 'n_estimators': 490, 'max_depth': 5, 'num_leaves': 28, 'learning_rate': 0.09265206884400709, 'subsample': 0.7341978238962255, 'colsample_bytree': 0.8843111708753615, 'min_child_samples': 62, 'reg_alpha': 0.0007738587144632158, 'reg_lambda': 8.577261111392844e-07}. Best is trial 12 with value: 0.015871182794915974.
[I 2026-06-01 11:08:08,471] Trial 13 finished with value: 0.0003337723797443203 and parameters: {'confidence_threshold': 0.6308026073906248, 'training_days': 380, 'n_estimators': 51, 'max_depth': 5, 'num_leaves': 26, 'learning_rate': 0.10689882610703773, 'subsample': 0.6799031981186904, 'colsample_bytree': 0.9448617910348931, 'min_child_samples': 70, 'reg_alpha': 7.840402642806715e-05, 'reg_lambda': 1.8799948266058237e-06}. Best is trial 12 with value: 0.015871182794915974.
[I 2026-06-01 11:08:08,768] Trial 14 finished with value: -0.0348014918250332 and parameters: {'confidence_threshold': 0.5122746539010691, 'training_days': 220, 'n_estimators': 500, 'max_depth': 4, 'num_leaves': 55, 'learning_rate': 0.10885214234701168, 'subsample': 0.7851487748866213, 'colsample_bytree': 0.8584829938174343, 'min_child_samples': 82, 'reg_alpha': 0.0016475210636870629, 'reg_lambda': 6.688890017672953e-07}. Best is trial 12 with value: 0.015871182794915974.
[I 2026-06-01 11:08:09,007] Trial 15 finished with value: 0.006534782350237102 and parameters: {'confidence_threshold': 0.7759731020643469, 'training_days': 340, 'n_estimators': 281, 'max_depth': 4, 'num_leaves': 17, 'learning_rate': 0.1014024689778236, 'subsample': 0.811878864817017, 'colsample_bytree': 0.9129320704412456, 'min_child_samples': 59, 'reg_alpha': 5.870328755625304e-06, 'reg_lambda': 0.0026406526000485684}. Best is trial 12 with value: 0.015871182794915974.
[I 2026-06-01 11:08:09,124] Trial 16 finished with value: -0.007322928181944355 and parameters: {'confidence_threshold': 0.6381400344748203, 'training_days': 260, 'n_estimators': 125, 'max_depth': 5, 'num_leaves': 32, 'learning_rate': 0.1820769647438398, 'subsample': 0.9682632526518532, 'colsample_bytree': 0.7954573939869953, 'min_child_samples': 84, 'reg_alpha': 0.001580877205160277, 'reg_lambda': 2.1774551270510658e-06}. Best is trial 12 with value: 0.015871182794915974.
[I 2026-06-01 11:08:09,322] Trial 17 finished with value: -1.9423994343812994 and parameters: {'confidence_threshold': 0.8411937107169971, 'training_days': 390, 'n_estimators': 178, 'max_depth': 5, 'num_leaves': 22, 'learning_rate': 0.02535573826401686, 'subsample': 0.6718064291677197, 'colsample_bytree': 0.9920053259992261, 'min_child_samples': 67, 'reg_alpha': 3.3737157731879095e-06, 'reg_lambda': 2.451463917401837e-07}. Best is trial 12 with value: 0.015871182794915974.
[I 2026-06-01 11:08:10,143] A new study created in memory with name: no-name-07d4e568-7b3b-415b-abd3-49c38b8c759c
[I 2026-06-01 11:08:10,458] Trial 0 finished with value: -0.016089495654109436 and parameters: {'confidence_threshold': 0.6310890415965769, 'training_days': 480, 'n_estimators': 380, 'max_depth': 4, 'num_leaves': 22, 'learning_rate': 0.01699897838270077, 'subsample': 0.5290418060840998, 'colsample_bytree': 0.9330880728874675, 'min_child_samples': 68, 'reg_alpha': 0.023585940584142682, 'reg_lambda': 1.5320059381854043e-08}. Best is trial 0 with value: -0.016089495654109436.
[I 2026-06-01 11:08:10,585] Trial 1 finished with value: -4.005274038851165 and parameters: {'confidence_threshold': 0.839468448256698, 'training_days': 420, 'n_estimators': 145, 'max_depth': 3, 'num_leaves': 23, 'learning_rate': 0.028145092716060652, 'subsample': 0.762378215816119, 'colsample_bytree': 0.7159725093210578, 'min_child_samples': 43, 'reg_alpha': 0.0032112643094417484, 'reg_lambda': 1.8007140198129195e-07}. Best is trial 0 with value: -0.016089495654109436.
[I 2026-06-01 11:08:10,726] Trial 2 finished with value: -0.08487648889827179 and parameters: {'confidence_threshold': 0.6022506269873263, 'training_days': 190, 'n_estimators': 255, 'max_depth': 5, 'num_leaves': 24, 'learning_rate': 0.05748924681991978, 'subsample': 0.7962072844310213, 'colsample_bytree': 0.5232252063599989, 'min_child_samples': 69, 'reg_alpha': 3.425445902633376e-07, 'reg_lambda': 3.850031979199519e-08}. Best is trial 0 with value: -0.016089495654109436.
[I 2026-06-01 11:08:10,974] Trial 3 finished with value: -0.017095129433322205 and parameters: {'confidence_threshold': 0.8321099380386666, 'training_days': 490, 'n_estimators': 414, 'max_depth': 3, 'num_leaves': 19, 'learning_rate': 0.1024932221692416, 'subsample': 0.7200762468698007, 'colsample_bytree': 0.5610191174223894, 'min_child_samples': 60, 'reg_alpha': 2.039373116525212e-08, 'reg_lambda': 1.527156759251193}. Best is trial 0 with value: -0.016089495654109436.
[I 2026-06-01 11:08:11,129] Trial 4 finished with value: -0.0015843061994542218 and parameters: {'confidence_threshold': 0.5905729935600059, 'training_days': 340, 'n_estimators': 190, 'max_depth': 4, 'num_leaves': 41, 'learning_rate': 0.01875220945578641, 'subsample': 0.9847923138822793, 'colsample_bytree': 0.8875664116805573, 'min_child_samples': 96, 'reg_alpha': 1.1309571585271483, 'reg_lambda': 0.002404915432737351}. Best is trial 4 with value: -0.0015843061994542218.
