[I 2026-06-01 11:08:36,617] Trial 11 finished with value: 0.01010423894634824 and parameters: {'confidence_threshold': 0.5130958894507832, 'training_days': 360, 'n_estimators': 248, 'max_depth': 5, 'num_leaves': 28, 'learning_rate': 0.29626502575289787, 'subsample': 0.7286462650868973, 'colsample_bytree': 0.6661831737797719, 'min_child_samples': 39, 'reg_alpha': 4.28336488974334e-07, 'reg_lambda': 6.470692703374516e-07}. Best is trial 3 with value: 0.09520071252520855.
[I 2026-06-01 11:08:36,648] Trial 12 finished with value: -4.09599924737641 and parameters: {'confidence_threshold': 0.6727899930733724, 'training_days': 20, 'n_estimators': 212, 'max_depth': 5, 'num_leaves': 63, 'learning_rate': 0.15265377916176726, 'subsample': 0.8941395335595879, 'colsample_bytree': 0.5196457038790347, 'min_child_samples': 37, 'reg_alpha': 1.0353404194374763e-06, 'reg_lambda': 7.796589835036051e-07}. Best is trial 3 with value: 0.09520071252520855.
[I 2026-06-01 11:08:37,014] Trial 13 finished with value: 0.03333964348797919 and parameters: {'confidence_threshold': 0.66785304776334, 'training_days': 400, 'n_estimators': 475, 'max_depth': 4, 'num_leaves': 28, 'learning_rate': 0.13909139382788904, 'subsample': 0.6692276593280039, 'colsample_bytree': 0.7082407533656954, 'min_child_samples': 51, 'reg_alpha': 1.5001709763756765e-06, 'reg_lambda': 0.004402943395258396}. Best is trial 3 with value: 0.09520071252520855.
[I 2026-06-01 11:08:37,401] Trial 14 finished with value: 0.026754503439255277 and parameters: {'confidence_threshold': 0.6066442090000221, 'training_days': 290, 'n_estimators': 419, 'max_depth': 5, 'num_leaves': 56, 'learning_rate': 0.27607551914806794, 'subsample': 0.762401725462525, 'colsample_bytree': 0.9951780710339017, 'min_child_samples': 28, 'reg_alpha': 1.0017646856123118e-08, 'reg_lambda': 1.834862228450529e-06}. Best is trial 3 with value: 0.09520071252520855.
[I 2026-06-01 11:08:37,559] Trial 15 finished with value: 0.09110711983153233 and parameters: {'confidence_threshold': 0.7050367233919248, 'training_days': 200, 'n_estimators': 300, 'max_depth': 4, 'num_leaves': 35, 'learning_rate': 0.12590433810309265, 'subsample': 0.507007918467014, 'colsample_bytree': 0.738971151174427, 'min_child_samples': 100, 'reg_alpha': 0.012726486074698236, 'reg_lambda': 3.5532501480887757}. Best is trial 3 with value: 0.09520071252520855.
[I 2026-06-01 11:08:37,711] Trial 16 finished with value: 0.04839388639643108 and parameters: {'confidence_threshold': 0.7041109893343561, 'training_days': 340, 'n_estimators': 173, 'max_depth': 4, 'num_leaves': 44, 'learning_rate': 0.19484010919105957, 'subsample': 0.5058433788977154, 'colsample_bytree': 0.7485676082428786, 'min_child_samples': 99, 'reg_alpha': 0.032786166436377905, 'reg_lambda': 2.768872688174693}. Best is trial 3 with value: 0.09520071252520855.
[I 2026-06-01 11:08:37,742] Trial 17 finished with value: -10.0 and parameters: {'confidence_threshold': 0.8278557618575797, 'training_days': 50, 'n_estimators': 81, 'max_depth': 4, 'num_leaves': 57, 'learning_rate': 0.10843784619353589, 'subsample': 0.6270074572905617, 'colsample_bytree': 0.6042669130757778, 'min_child_samples': 81, 'reg_alpha': 7.284070645541434, 'reg_lambda': 0.044151407869078285}. Best is trial 3 with value: 0.09520071252520855.
[I 2026-06-01 11:08:38,192] A new study created in memory with name: no-name-c44ac619-43d7-41fc-a7f2-623f29e40f5e
[I 2026-06-01 11:08:38,390] Trial 0 finished with value: 0.004211870602592303 and parameters: {'confidence_threshold': 0.5870645682749857, 'training_days': 90, 'n_estimators': 403, 'max_depth': 5, 'num_leaves': 45, 'learning_rate': 0.0780457193679974, 'subsample': 0.9428509515574568, 'colsample_bytree': 0.8795587339164916, 'min_child_samples': 34, 'reg_alpha': 2.2465901234314442e-07, 'reg_lambda': 8.339007036475363e-05}. Best is trial 0 with value: 0.004211870602592303.
[I 2026-06-01 11:08:38,505] Trial 1 finished with value: 0.05092246741988915 and parameters: {'confidence_threshold': 0.6348453934275313, 'training_days': 290, 'n_estimators': 115, 'max_depth': 5, 'num_leaves': 37, 'learning_rate': 0.06949568759029946, 'subsample': 0.8228505074024268, 'colsample_bytree': 0.8616703220431751, 'min_child_samples': 75, 'reg_alpha': 4.2486822725010923e-07, 'reg_lambda': 1.157247767047042e-07}. Best is trial 1 with value: 0.05092246741988915.
[I 2026-06-01 11:08:38,523] Trial 2 finished with value: -0.04311702384658446 and parameters: {'confidence_threshold': 0.5849570384370288, 'training_days': 10, 'n_estimators': 212, 'max_depth': 3, 'num_leaves': 41, 'learning_rate': 0.18452095998378365, 'subsample': 0.6001060822924371, 'colsample_bytree': 0.5673167293506167, 'min_child_samples': 37, 'reg_alpha': 5.733250064217131, 'reg_lambda': 0.5308454292595461}. Best is trial 1 with value: 0.05092246741988915.

    [trial 3] 46 features, training_days=490 | threshold=0.832 | labels: 1044 long, 1127 short (48/52%)
    [trial 3] Sharpe=-0.0175 (folds: 0.1303, -0.0108, -0.2132, -0.1634, 0.1693)
    [trial 4] 46 features, training_days=340 | threshold=0.591 | labels: 1044 long, 1127 short (48/52%)
    [trial 4] Sharpe=0.0383 (folds: 0.0081, -0.0823, -0.1271, 0.1144, 0.2785)
    [trial 5] 46 features, training_days=50 | threshold=0.823 | labels: 1044 long, 1127 short (48/52%)
    [trial 5] Sharpe=-0.0919 (folds: -0.1994, -0.2095, -0.6090, 0.1961, 0.3624)
    [trial 6] 46 features, training_days=410 | threshold=0.549 | labels: 1044 long, 1127 short (48/52%)
    [trial 6] Sharpe=-0.0127 (folds: -0.1048, -0.0563, -0.0814, -0.0580, 0.2371)
    [trial 7] 46 features, training_days=180 | threshold=0.526 | labels: 1044 long, 1127 short (48/52%)
    [trial 7] Sharpe=-0.0257 (folds: -0.0634, 0.0091, -0.2085, 0.1179, 0.0165)
    [trial 8] 46 features, training_days=240 | threshold=0.811 | labels: 1044 long, 1127 short (48/52%)
    [trial 8] Sharpe=0.0623 (folds: 0.0211, -0.1317, -0.1418, 0.1992, 0.3649)
    [trial 9] 46 features, training_days=20 | threshold=0.538 | labels: 1044 long, 1127 short (48/52%)
    [trial 9] Sharpe=-0.1267 (folds: -0.3227, 0.1811, -0.0021, -0.3346, -0.1553)
    [trial 10] 46 features, training_days=280 | threshold=0.734 | labels: 1044 long, 1127 short (48/52%)
    [trial 10] Sharpe=0.0377 (folds: 0.0865, -0.0090, -0.1386, 0.1219, 0.1275)
    [trial 11] 46 features, training_days=170 | threshold=0.706 | labels: 1044 long, 1127 short (48/52%)
    [trial 11] Sharpe=-0.0274 (folds: -0.0123, -0.0218, -0.2339, 0.0928, 0.0382)
    [trial 12] 46 features, training_days=180 | threshold=0.768 | labels: 1044 long, 1127 short (48/52%)
    [trial 12] Sharpe=0.0315 (folds: 0.0716, 0.0725, -0.1822, 0.0973, 0.0985)
    [trial 13] 46 features, training_days=260 | threshold=0.648 | labels: 1044 long, 1127 short (48/52%)
    [trial 13] Sharpe=0.0508 (folds: 0.0658, 0.0260, -0.0319, 0.0299, 0.1643)
    [trial 14] 46 features, training_days=100 | threshold=0.612 | labels: 1044 long, 1127 short (48/52%)
    [trial 14] Sharpe=0.0449 (folds: -0.0354, 0.0808, 0.0624, 0.0107, 0.1059)
    [trial 15] 46 features, training_days=120 | threshold=0.689 | labels: 1044 long, 1127 short (48/52%)
    [trial 15] Sharpe=-4.0446 (folds: -0.2923, 0.1999, -10.0000, -10.0000, -0.1304)
    [trial 16] 46 features, training_days=320 | threshold=0.769 | labels: 1044 long, 1127 short (48/52%)
    [trial 16] Sharpe=0.0082 (folds: -0.1582, 0.0059, -0.2627, 0.0775, 0.3783)
    [trial 17] 46 features, training_days=190 | threshold=0.566 | labels: 1044 long, 1127 short (48/52%)
    [trial 17] Sharpe=0.0570 (folds: 0.0556, 0.1578, -0.0412, 0.0554, 0.0576)
  Optuna: 18 trials, best Sharpe = 0.0623
  Best params: n_estimators=103, max_depth=5, lr=0.0675, leaves=52
  Best confidence_threshold: 0.811
  Best training_days: 240
  Retrained on full data (720 samples, 46 features)
  [ensemble 2/3] seed=123
    [trial 0] 46 features, training_days=150 | threshold=0.744 | labels: 1044 long, 1127 short (48/52%)
    [CV fold 0] train_end=2024-02-23 08:00 | val_start=2024-03-02 00:00 | gap=184h (22 rows)
    [CV fold 1] train_end=2024-06-22 16:00 | val_start=2024-06-30 08:00 | gap=184h (22 rows)
    [CV fold 2] train_end=2024-10-21 00:00 | val_start=2024-10-28 16:00 | gap=184h (22 rows)
    [CV fold 3] train_end=2025-02-18 08:00 | val_start=2025-02-26 00:00 | gap=184h (22 rows)
    [CV fold 4] train_end=2025-06-18 16:00 | val_start=2025-06-26 08:00 | gap=184h (22 rows)
    [trial 0] Sharpe=-0.0223 (folds: -0.0259, -0.0565, -0.2250, 0.0937, 0.1025)
    [trial 1] 46 features, training_days=220 | threshold=0.755 | labels: 1044 long, 1127 short (48/52%)
    [trial 1] Sharpe=-2.1381 (folds: -0.2417, -10.0000, -0.2496, 0.1103, -0.3095)
    [trial 2] 46 features, training_days=310 | threshold=0.754 | labels: 1044 long, 1127 short (48/52%)
    [trial 2] Sharpe=0.0245 (folds: 0.0963, -0.0737, -0.1095, -0.0206, 0.2297)
    [trial 3] 46 features, training_days=220 | threshold=0.673 | labels: 1044 long, 1127 short (48/52%)
    [trial 3] Sharpe=0.0952 (folds: 0.1055, 0.0882, -0.0289, 0.1823, 0.1290)
    [trial 4] 46 features, training_days=130 | threshold=0.803 | labels: 1044 long, 1127 short (48/52%)
    [trial 4] Sharpe=0.0697 (folds: 0.1298, 0.1482, -0.1175, 0.0201, 0.1682)
    [trial 5] 46 features, training_days=210 | threshold=0.606 | labels: 1044 long, 1127 short (48/52%)
    [trial 5] Sharpe=0.0629 (folds: 0.0470, 0.1428, 0.0190, 0.0058, 0.1001)
    [trial 6] 46 features, training_days=130 | threshold=0.767 | labels: 1044 long, 1127 short (48/52%)
    [trial 6] Sharpe=0.0342 (folds: 0.1126, 0.0543, -0.2144, 0.1324, 0.0860)
    [trial 7] 46 features, training_days=80 | threshold=0.556 | labels: 1044 long, 1127 short (48/52%)
    [trial 7] Sharpe=-0.0561 (folds: -0.3079, 0.0593, -0.1885, 0.0706, 0.0859)
    [trial 8] 46 features, training_days=200 | threshold=0.607 | labels: 1044 long, 1127 short (48/52%)
    [trial 8] Sharpe=0.0817 (folds: 0.0920, 0.0943, -0.0069, 0.0947, 0.1342)
    [trial 9] 46 features, training_days=260 | threshold=0.620 | labels: 1044 long, 1127 short (48/52%)
    [trial 9] Sharpe=0.0050 (folds: 0.0177, -0.0175, -0.2498, 0.0648, 0.2100)
    [trial 10] 46 features, training_days=470 | threshold=0.676 | labels: 1044 long, 1127 short (48/52%)
    [trial 10] Sharpe=-0.0182 (folds: -0.0262, -0.0803, -0.1521, -0.0656, 0.2331)
    [trial 11] 46 features, training_days=360 | threshold=0.513 | labels: 1044 long, 1127 short (48/52%)
    [trial 11] Sharpe=0.0101 (folds: 0.0494, -0.0441, -0.1069, 0.0554, 0.0966)
    [trial 12] 46 features, training_days=20 | threshold=0.673 | labels: 1044 long, 1127 short (48/52%)
    [trial 12] Sharpe=-4.0960 (folds: -0.3227, -10.0000, -0.0021, -10.0000, -0.1553)
    [trial 13] 46 features, training_days=400 | threshold=0.668 | labels: 1044 long, 1127 short (48/52%)
    [trial 13] Sharpe=0.0333 (folds: 0.0728, 0.0619, -0.1462, 0.0482, 0.1300)
    [trial 14] 46 features, training_days=290 | threshold=0.607 | labels: 1044 long, 1127 short (48/52%)
    [trial 14] Sharpe=0.0268 (folds: 0.0535, 0.0501, -0.1023, 0.0140, 0.1185)
    [trial 15] 46 features, training_days=200 | threshold=0.705 | labels: 1044 long, 1127 short (48/52%)
    [trial 15] Sharpe=0.0911 (folds: 0.0678, 0.1923, 0.0571, 0.0408, 0.0976)
    [trial 16] 46 features, training_days=340 | threshold=0.704 | labels: 1044 long, 1127 short (48/52%)
    [trial 16] Sharpe=0.0484 (folds: -0.0181, 0.0845, -0.1340, 0.0656, 0.2441)
    [trial 17] 46 features, training_days=50 | threshold=0.828 | labels: 1044 long, 1127 short (48/52%)
    [trial 17] Sharpe=-10.0000 (folds: -10.0000, -10.0000, -10.0000, -10.0000, -10.0000)
  Optuna: 18 trials, best Sharpe = 0.0952
  Best params: n_estimators=190, max_depth=4, lr=0.2481, leaves=58
  Best confidence_threshold: 0.673
  Best training_days: 220
  Retrained on full data (660 samples, 46 features)
  [ensemble 3/3] seed=456
    [trial 0] 46 features, training_days=90 | threshold=0.587 | labels: 1044 long, 1127 short (48/52%)
    [CV fold 0] train_end=2024-02-23 08:00 | val_start=2024-03-02 00:00 | gap=184h (22 rows)
    [CV fold 1] train_end=2024-06-22 16:00 | val_start=2024-06-30 08:00 | gap=184h (22 rows)
    [CV fold 2] train_end=2024-10-21 00:00 | val_start=2024-10-28 16:00 | gap=184h (22 rows)
    [CV fold 3] train_end=2025-02-18 08:00 | val_start=2025-02-26 00:00 | gap=184h (22 rows)
    [CV fold 4] train_end=2025-06-18 16:00 | val_start=2025-06-26 08:00 | gap=184h (22 rows)
    [trial 0] Sharpe=0.0042 (folds: -0.1052, 0.0855, 0.0018, 0.0362, 0.0028)
    [trial 1] 46 features, training_days=290 | threshold=0.635 | labels: 1044 long, 1127 short (48/52%)
    [trial 1] Sharpe=0.0509 (folds: 0.0909, 0.0149, -0.0864, 0.0519, 0.1832)
    [trial 2] 46 features, training_days=10 | threshold=0.585 | labels: 1044 long, 1127 short (48/52%)
    [trial 2] Sharpe=-0.0431 (folds: 0.0834, 0.1811, 0.0098, -0.3346, -0.1553)
    [trial 3] 46 features, training_days=220 | threshold=0.687 | labels: 1044 long, 1127 short (48/52%)
    [trial 3] Sharpe=0.0750 (folds: 0.0174, 0.0627, 0.0098, 0.2185, 0.0668)[I 2026-06-01 11:08:38,605] Trial 3 finished with value: 0.07503360235517136 and parameters: {'confidence_threshold': 0.6868248626683718, 'training_days': 220, 'n_estimators': 134, 'max_depth': 3, 'num_leaves': 45, 'learning_rate': 0.033529007907491595, 'subsample': 0.8647277071858408, 'colsample_bytree': 0.778494116634046, 'min_child_samples': 96, 'reg_alpha': 2.409409937265785e-07, 'reg_lambda': 1.1642073478060009}. Best is trial 3 with value: 0.07503360235517136.
[I 2026-06-01 11:08:38,687] Trial 4 finished with value: 0.005530776685302205 and parameters: {'confidence_threshold': 0.5623121348350352, 'training_days': 300, 'n_estimators': 69, 'max_depth': 4, 'num_leaves': 32, 'learning_rate': 0.14967629360700346, 'subsample': 0.5054535233636654, 'colsample_bytree': 0.7401385194659216, 'min_child_samples': 27, 'reg_alpha': 1.4212042567426725e-07, 'reg_lambda': 0.23605753701352003}. Best is trial 3 with value: 0.07503360235517136.
[I 2026-06-01 11:08:39,113] Trial 5 finished with value: -0.004706838806393429 and parameters: {'confidence_threshold': 0.7111850244908446, 'training_days': 490, 'n_estimators': 362, 'max_depth': 5, 'num_leaves': 40, 'learning_rate': 0.05960785724162737, 'subsample': 0.5589714368907717, 'colsample_bytree': 0.6659006943232806, 'min_child_samples': 42, 'reg_alpha': 0.6741360303045295, 'reg_lambda': 6.054601607143087e-08}. Best is trial 3 with value: 0.07503360235517136.
[I 2026-06-01 11:08:39,291] Trial 6 finished with value: 0.014546905519740177 and parameters: {'confidence_threshold': 0.667482545748023, 'training_days': 420, 'n_estimators': 279, 'max_depth': 3, 'num_leaves': 45, 'learning_rate': 0.040099592560849204, 'subsample': 0.8563114696415159, 'colsample_bytree': 0.5442917781944105, 'min_child_samples': 50, 'reg_alpha': 1.6407916423707903e-08, 'reg_lambda': 2.935907642973286e-05}. Best is trial 3 with value: 0.07503360235517136.
[I 2026-06-01 11:08:39,464] Trial 7 finished with value: -0.028724752269984187 and parameters: {'confidence_threshold': 0.5497381024139926, 'training_days': 120, 'n_estimators': 408, 'max_depth': 5, 'num_leaves': 38, 'learning_rate': 0.28049122657745795, 'subsample': 0.8806573338635493, 'colsample_bytree': 0.5454054113547102, 'min_child_samples': 63, 'reg_alpha': 0.01263008637940408, 'reg_lambda': 0.04588020805366937}. Best is trial 3 with value: 0.07503360235517136.
[I 2026-06-01 11:08:39,747] Trial 8 finished with value: 0.020936826228633493 and parameters: {'confidence_threshold': 0.719644804808716, 'training_days': 450, 'n_estimators': 410, 'max_depth': 4, 'num_leaves': 57, 'learning_rate': 0.04022026551478857, 'subsample': 0.5336085426932707, 'colsample_bytree': 0.5705742850577543, 'min_child_samples': 100, 'reg_alpha': 5.916398047912201e-07, 'reg_lambda': 0.9794034214488329}. Best is trial 3 with value: 0.07503360235517136.
[I 2026-06-01 11:08:39,776] Trial 9 finished with value: -4.09599924737641 and parameters: {'confidence_threshold': 0.7267463643917187, 'training_days': 20, 'n_estimators': 337, 'max_depth': 5, 'num_leaves': 23, 'learning_rate': 0.022153031811454605, 'subsample': 0.6305627572358737, 'colsample_bytree': 0.6613413774216214, 'min_child_samples': 81, 'reg_alpha': 5.7638634029410314e-08, 'reg_lambda': 8.26603016764008}. Best is trial 3 with value: 0.07503360235517136.
[I 2026-06-01 11:08:39,900] Trial 10 finished with value: -8.092552859799031 and parameters: {'confidence_threshold': 0.8283920119574972, 'training_days': 200, 'n_estimators': 181, 'max_depth': 3, 'num_leaves': 62, 'learning_rate': 0.011579281028220855, 'subsample': 0.7130289643560688, 'colsample_bytree': 0.9944479338273263, 'min_child_samples': 100, 'reg_alpha': 6.837313901272251e-05, 'reg_lambda': 0.0027253228209330924}. Best is trial 3 with value: 0.07503360235517136.
[I 2026-06-01 11:08:39,975] Trial 11 finished with value: -0.02146820590358165 and parameters: {'confidence_threshold': 0.6435110568867387, 'training_days': 300, 'n_estimators': 53, 'max_depth': 4, 'num_leaves': 52, 'learning_rate': 0.0222741777320615, 'subsample': 0.7864449612484271, 'colsample_bytree': 0.8566211708639163, 'min_child_samples': 82, 'reg_alpha': 2.5646023357365184e-05, 'reg_lambda': 7.359299995524362e-08}. Best is trial 3 with value: 0.07503360235517136.
[I 2026-06-01 11:08:40,084] Trial 12 finished with value: 0.09861387207286637 and parameters: {'confidence_threshold': 0.8008961038526314, 'training_days': 220, 'n_estimators': 139, 'max_depth': 4, 'num_leaves': 28, 'learning_rate': 0.09265206884400709, 'subsample': 0.9912016966112274, 'colsample_bytree': 0.8319084769095351, 'min_child_samples': 77, 'reg_alpha': 3.5050805301964397e-06, 'reg_lambda': 2.323935870907716e-06}. Best is trial 12 with value: 0.09861387207286637.
[I 2026-06-01 11:08:40,195] Trial 13 finished with value: 0.03686741772034592 and parameters: {'confidence_threshold': 0.8155882952259649, 'training_days': 200, 'n_estimators': 167, 'max_depth': 4, 'num_leaves': 15, 'learning_rate': 0.10689882610703773, 'subsample': 0.9814243437154605, 'colsample_bytree': 0.7704197786801941, 'min_child_samples': 89, 'reg_alpha': 7.181938493272106e-06, 'reg_lambda': 5.735142082835628e-06}. Best is trial 12 with value: 0.09861387207286637.
[I 2026-06-01 11:08:40,464] Trial 14 finished with value: 0.04785961798684017 and parameters: {'confidence_threshold': 0.7723320301796328, 'training_days': 210, 'n_estimators': 500, 'max_depth': 3, 'num_leaves': 25, 'learning_rate': 0.024122962610962754, 'subsample': 0.9196426355912098, 'colsample_bytree': 0.7832231035788051, 'min_child_samples': 66, 'reg_alpha': 0.0005061136429986853, 'reg_lambda': 0.0023671002879568693}. Best is trial 12 with value: 0.09861387207286637.
[I 2026-06-01 11:08:40,632] Trial 15 finished with value: 0.045192950187049684 and parameters: {'confidence_threshold': 0.7829525506318393, 'training_days': 390, 'n_estimators': 242, 'max_depth': 3, 'num_leaves': 27, 'learning_rate': 0.038011892577806274, 'subsample': 0.9954834961259552, 'colsample_bytree': 0.9570128790620087, 'min_child_samples': 91, 'reg_alpha': 0.002133995302102601, 'reg_lambda': 1.8189695856709386e-06}. Best is trial 12 with value: 0.09861387207286637.
[I 2026-06-01 11:08:40,703] Trial 16 finished with value: -0.07899028022842336 and parameters: {'confidence_threshold': 0.5156958281455359, 'training_days': 130, 'n_estimators': 125, 'max_depth': 4, 'num_leaves': 50, 'learning_rate': 0.010192565023565005, 'subsample': 0.7503209217476728, 'colsample_bytree': 0.704113745800891, 'min_child_samples': 73, 'reg_alpha': 3.986977648821814e-06, 'reg_lambda': 0.000855876310048679}. Best is trial 12 with value: 0.09861387207286637.
[I 2026-06-01 11:08:40,799] Trial 17 finished with value: 0.01357010416718718 and parameters: {'confidence_threshold': 0.7858291171338384, 'training_days': 260, 'n_estimators': 127, 'max_depth': 3, 'num_leaves': 32, 'learning_rate': 0.09011874795952386, 'subsample': 0.8972853780441294, 'colsample_bytree': 0.821021443506403, 'min_child_samples': 54, 'reg_alpha': 3.1658421873355577e-06, 'reg_lambda': 1.3436677654989268e-06}. Best is trial 12 with value: 0.09861387207286637.
[I 2026-06-01 11:08:41,506] A new study created in memory with name: no-name-79e78e00-d08f-4dea-b82b-6aa4e0cd53f9
[I 2026-06-01 11:08:41,822] Trial 0 finished with value: 0.03955872022668157 and parameters: {'confidence_threshold': 0.6310890415965769, 'training_days': 480, 'n_estimators': 380, 'max_depth': 4, 'num_leaves': 22, 'learning_rate': 0.01699897838270077, 'subsample': 0.5290418060840998, 'colsample_bytree': 0.9330880728874675, 'min_child_samples': 68, 'reg_alpha': 0.023585940584142682, 'reg_lambda': 1.5320059381854043e-08}. Best is trial 0 with value: 0.03955872022668157.
[I 2026-06-01 11:08:41,939] Trial 1 finished with value: -3.9735465428598715 and parameters: {'confidence_threshold': 0.839468448256698, 'training_days': 420, 'n_estimators': 145, 'max_depth': 3, 'num_leaves': 23, 'learning_rate': 0.028145092716060652, 'subsample': 0.762378215816119, 'colsample_bytree': 0.7159725093210578, 'min_child_samples': 43, 'reg_alpha': 0.0032112643094417484, 'reg_lambda': 1.8007140198129195e-07}. Best is trial 0 with value: 0.03955872022668157.
