[I 2026-06-01 11:05:53,840] Trial 3 finished with value: -0.035445377071730386 and parameters: {'confidence_threshold': 0.6868248626683718, 'training_days': 220, 'n_estimators': 134, 'max_depth': 3, 'num_leaves': 45, 'learning_rate': 0.033529007907491595, 'subsample': 0.8647277071858408, 'colsample_bytree': 0.778494116634046, 'min_child_samples': 96, 'reg_alpha': 2.409409937265785e-07, 'reg_lambda': 1.1642073478060009}. Best is trial 0 with value: 0.04221866002191129.
[I 2026-06-01 11:05:53,920] Trial 4 finished with value: -0.029503353868261594 and parameters: {'confidence_threshold': 0.5623121348350352, 'training_days': 300, 'n_estimators': 69, 'max_depth': 4, 'num_leaves': 32, 'learning_rate': 0.14967629360700346, 'subsample': 0.5054535233636654, 'colsample_bytree': 0.7401385194659216, 'min_child_samples': 27, 'reg_alpha': 1.4212042567426725e-07, 'reg_lambda': 0.23605753701352003}. Best is trial 0 with value: 0.04221866002191129.
[I 2026-06-01 11:05:54,324] Trial 5 finished with value: 0.0306451429912097 and parameters: {'confidence_threshold': 0.7111850244908446, 'training_days': 490, 'n_estimators': 362, 'max_depth': 5, 'num_leaves': 40, 'learning_rate': 0.05960785724162737, 'subsample': 0.5589714368907717, 'colsample_bytree': 0.6659006943232806, 'min_child_samples': 42, 'reg_alpha': 0.6741360303045295, 'reg_lambda': 6.054601607143087e-08}. Best is trial 0 with value: 0.04221866002191129.
[I 2026-06-01 11:05:54,508] Trial 6 finished with value: -0.03411108175583823 and parameters: {'confidence_threshold': 0.667482545748023, 'training_days': 420, 'n_estimators': 279, 'max_depth': 3, 'num_leaves': 45, 'learning_rate': 0.040099592560849204, 'subsample': 0.8563114696415159, 'colsample_bytree': 0.5442917781944105, 'min_child_samples': 50, 'reg_alpha': 1.6407916423707903e-08, 'reg_lambda': 2.935907642973286e-05}. Best is trial 0 with value: 0.04221866002191129.
[I 2026-06-01 11:05:54,664] Trial 7 finished with value: 0.019392812899282724 and parameters: {'confidence_threshold': 0.5497381024139926, 'training_days': 120, 'n_estimators': 408, 'max_depth': 5, 'num_leaves': 38, 'learning_rate': 0.28049122657745795, 'subsample': 0.8806573338635493, 'colsample_bytree': 0.5454054113547102, 'min_child_samples': 63, 'reg_alpha': 0.01263008637940408, 'reg_lambda': 0.04588020805366937}. Best is trial 0 with value: 0.04221866002191129.
[I 2026-06-01 11:05:54,935] Trial 8 finished with value: 0.046712922838503215 and parameters: {'confidence_threshold': 0.719644804808716, 'training_days': 450, 'n_estimators': 410, 'max_depth': 4, 'num_leaves': 57, 'learning_rate': 0.04022026551478857, 'subsample': 0.5336085426932707, 'colsample_bytree': 0.5705742850577543, 'min_child_samples': 100, 'reg_alpha': 5.916398047912201e-07, 'reg_lambda': 0.9794034214488329}. Best is trial 8 with value: 0.046712922838503215.
[I 2026-06-01 11:05:54,961] Trial 9 finished with value: -4.092471361876254 and parameters: {'confidence_threshold': 0.7267463643917187, 'training_days': 20, 'n_estimators': 337, 'max_depth': 5, 'num_leaves': 23, 'learning_rate': 0.022153031811454605, 'subsample': 0.6305627572358737, 'colsample_bytree': 0.6613413774216214, 'min_child_samples': 81, 'reg_alpha': 5.7638634029410314e-08, 'reg_lambda': 8.26603016764008}. Best is trial 8 with value: 0.046712922838503215.
[I 2026-06-01 11:05:55,324] Trial 10 finished with value: 0.13185335322272443 and parameters: {'confidence_threshold': 0.8283920119574972, 'training_days': 400, 'n_estimators': 485, 'max_depth': 4, 'num_leaves': 63, 'learning_rate': 0.011927505552849117, 'subsample': 0.7130289643560688, 'colsample_bytree': 0.9944479338273263, 'min_child_samples': 100, 'reg_alpha': 5.0239970328459277e-05, 'reg_lambda': 0.0028438774509831773}. Best is trial 10 with value: 0.13185335322272443.
[I 2026-06-01 11:05:55,665] Trial 11 finished with value: -5.974450927268519 and parameters: {'confidence_threshold': 0.8431920368994753, 'training_days': 400, 'n_estimators': 478, 'max_depth': 4, 'num_leaves': 61, 'learning_rate': 0.010033528037260202, 'subsample': 0.6988002958677881, 'colsample_bytree': 0.9628722124262472, 'min_child_samples': 100, 'reg_alpha': 5.263694533895985e-05, 'reg_lambda': 0.0038935771291352755}. Best is trial 10 with value: 0.13185335322272443.
[I 2026-06-01 11:05:56,062] Trial 12 finished with value: -0.016927000946579063 and parameters: {'confidence_threshold': 0.8097987051847976, 'training_days': 500, 'n_estimators': 490, 'max_depth': 4, 'num_leaves': 63, 'learning_rate': 0.010255894610795194, 'subsample': 0.7221629666626523, 'colsample_bytree': 0.9826583982594713, 'min_child_samples': 85, 'reg_alpha': 3.0366481742941654e-05, 'reg_lambda': 0.004296708263438564}. Best is trial 10 with value: 0.13185335322272443.

    [trial 12] Sharpe=0.0223 (folds: 0.3255, 0.0344, 0.3234, 0.1130, -0.6848)
    [trial 13] 46 features, training_days=310 | threshold=0.732 | labels: 1021 long, 1150 short (47/53%)
    [trial 13] Sharpe=0.0036 (folds: 0.1624, -0.2047, 0.0533, 0.3341, -0.3270)
    [trial 14] 46 features, training_days=260 | threshold=0.680 | labels: 1021 long, 1150 short (47/53%)
    [trial 14] Sharpe=-0.0169 (folds: 0.1150, -0.0833, -0.0084, 0.1371, -0.2450)
    [trial 15] 46 features, training_days=390 | threshold=0.596 | labels: 1021 long, 1150 short (47/53%)
    [trial 15] Sharpe=0.0139 (folds: 0.2576, -0.0869, 0.0323, -0.0005, -0.1330)
    [trial 16] 46 features, training_days=260 | threshold=0.746 | labels: 1021 long, 1150 short (47/53%)
    [trial 16] Sharpe=0.0176 (folds: 0.2472, -0.1241, -0.0992, 0.2196, -0.1557)
    [trial 17] 46 features, training_days=140 | threshold=0.622 | labels: 1021 long, 1150 short (47/53%)
    [trial 17] Sharpe=0.0758 (folds: 0.2876, 0.0704, 0.0057, 0.2123, -0.1969)
  Optuna: 18 trials, best Sharpe = 0.1897
  Best params: n_estimators=243, max_depth=4, lr=0.0104, leaves=61
  Best confidence_threshold: 0.716
  Best training_days: 330
  Retrained on full data (990 samples, 46 features)
  [ensemble 2/3] seed=123
    [trial 0] 46 features, training_days=150 | threshold=0.744 | labels: 1021 long, 1150 short (47/53%)
    [CV fold 0] train_end=2023-01-23 08:00 | val_start=2023-01-31 00:00 | gap=184h (22 rows)
    [CV fold 1] train_end=2023-05-23 16:00 | val_start=2023-05-31 08:00 | gap=184h (22 rows)
    [CV fold 2] train_end=2023-09-21 00:00 | val_start=2023-09-28 16:00 | gap=184h (22 rows)
    [CV fold 3] train_end=2024-01-19 08:00 | val_start=2024-01-27 00:00 | gap=184h (22 rows)
    [CV fold 4] train_end=2024-05-18 16:00 | val_start=2024-05-26 08:00 | gap=184h (22 rows)
    [trial 0] Sharpe=-0.0123 (folds: 0.0860, -0.1305, -0.0041, 0.2404, -0.2534)
    [trial 1] 46 features, training_days=220 | threshold=0.755 | labels: 1021 long, 1150 short (47/53%)
    [trial 1] Sharpe=0.0462 (folds: -0.3309, 0.4646, 0.3267, -0.0061, -0.2233)
    [trial 2] 46 features, training_days=310 | threshold=0.754 | labels: 1021 long, 1150 short (47/53%)
    [trial 2] Sharpe=0.0017 (folds: 0.0916, -0.1678, -0.0866, 0.3622, -0.1909)
    [trial 3] 46 features, training_days=220 | threshold=0.673 | labels: 1021 long, 1150 short (47/53%)
    [trial 3] Sharpe=-0.0195 (folds: 0.1065, -0.1897, -0.0155, 0.2036, -0.2026)
    [trial 4] 46 features, training_days=130 | threshold=0.803 | labels: 1021 long, 1150 short (47/53%)
    [trial 4] Sharpe=0.0192 (folds: 0.1210, -0.0370, 0.0553, 0.2068, -0.2501)
    [trial 5] 46 features, training_days=210 | threshold=0.606 | labels: 1021 long, 1150 short (47/53%)
    [trial 5] Sharpe=-0.0391 (folds: 0.1608, -0.1329, -0.1480, 0.1139, -0.1893)
    [trial 6] 46 features, training_days=130 | threshold=0.767 | labels: 1021 long, 1150 short (47/53%)
    [trial 6] Sharpe=0.0111 (folds: 0.1629, -0.0527, -0.1092, 0.2513, -0.1965)
    [trial 7] 46 features, training_days=80 | threshold=0.556 | labels: 1021 long, 1150 short (47/53%)
    [trial 7] Sharpe=-0.0347 (folds: -0.0606, -0.0677, 0.0362, -0.1522, 0.0710)
    [trial 8] 46 features, training_days=200 | threshold=0.607 | labels: 1021 long, 1150 short (47/53%)
    [trial 8] Sharpe=-0.0677 (folds: 0.0850, -0.1972, -0.1001, 0.0692, -0.1953)
    [trial 9] 46 features, training_days=260 | threshold=0.620 | labels: 1021 long, 1150 short (47/53%)
    [trial 9] Sharpe=0.0023 (folds: 0.1144, -0.2204, 0.0775, 0.2289, -0.1890)
    [trial 10] 46 features, training_days=470 | threshold=0.845 | labels: 1021 long, 1150 short (47/53%)
    [trial 10] Sharpe=-2.0621 (folds: 0.2308, -0.2346, -0.3286, -10.0000, 0.0217)
    [trial 11] 46 features, training_days=20 | threshold=0.837 | labels: 1021 long, 1150 short (47/53%)
    [trial 11] Sharpe=-8.0325 (folds: -0.1627, -10.0000, -10.0000, -10.0000, -10.0000)
    [trial 12] 46 features, training_days=350 | threshold=0.784 | labels: 1021 long, 1150 short (47/53%)
    [trial 12] Sharpe=0.0296 (folds: 0.2337, -0.2316, 0.0280, 0.1802, -0.0620)
    [trial 13] 46 features, training_days=350 | threshold=0.722 | labels: 1021 long, 1150 short (47/53%)
    [trial 13] Sharpe=-1.8850 (folds: -10.0000, 0.3527, 0.2497, 0.0202, -0.0475)
    [trial 14] 46 features, training_days=390 | threshold=0.688 | labels: 1021 long, 1150 short (47/53%)
    [trial 14] Sharpe=-0.0113 (folds: 0.0049, -0.1589, 0.1201, 0.0980, -0.1205)
    [trial 15] 46 features, training_days=420 | threshold=0.790 | labels: 1021 long, 1150 short (47/53%)
    [trial 15] Sharpe=0.0134 (folds: 0.3125, -0.1782, 0.0540, -0.1368, 0.0153)
    [trial 16] 46 features, training_days=300 | threshold=0.699 | labels: 1021 long, 1150 short (47/53%)
    [trial 16] Sharpe=0.0626 (folds: 0.1039, -0.0843, 0.1657, 0.3396, -0.2122)
    [trial 17] 46 features, training_days=290 | threshold=0.500 | labels: 1021 long, 1150 short (47/53%)
    [trial 17] Sharpe=0.0337 (folds: 0.0820, 0.0453, 0.1313, 0.1524, -0.2423)
  Optuna: 18 trials, best Sharpe = 0.0626
  Best params: n_estimators=123, max_depth=4, lr=0.0473, leaves=25
  Best confidence_threshold: 0.699
  Best training_days: 300
  Retrained on full data (900 samples, 46 features)
  [ensemble 3/3] seed=456
    [trial 0] 46 features, training_days=90 | threshold=0.587 | labels: 1021 long, 1150 short (47/53%)
    [CV fold 0] train_end=2023-01-23 08:00 | val_start=2023-01-31 00:00 | gap=184h (22 rows)
    [CV fold 1] train_end=2023-05-23 16:00 | val_start=2023-05-31 08:00 | gap=184h (22 rows)
    [CV fold 2] train_end=2023-09-21 00:00 | val_start=2023-09-28 16:00 | gap=184h (22 rows)
    [CV fold 3] train_end=2024-01-19 08:00 | val_start=2024-01-27 00:00 | gap=184h (22 rows)
    [CV fold 4] train_end=2024-05-18 16:00 | val_start=2024-05-26 08:00 | gap=184h (22 rows)
    [trial 0] Sharpe=0.0422 (folds: 0.1072, -0.0609, 0.0691, 0.1758, -0.0801)
    [trial 1] 46 features, training_days=290 | threshold=0.635 | labels: 1021 long, 1150 short (47/53%)
    [trial 1] Sharpe=0.0316 (folds: 0.2197, -0.1341, 0.0726, 0.1642, -0.1643)
    [trial 2] 46 features, training_days=10 | threshold=0.585 | labels: 1021 long, 1150 short (47/53%)
    [trial 2] Sharpe=-0.0312 (folds: -0.1627, -0.0064, -0.0702, -0.1395, 0.2229)
    [trial 3] 46 features, training_days=220 | threshold=0.687 | labels: 1021 long, 1150 short (47/53%)
    [trial 3] Sharpe=-0.0354 (folds: 0.2178, -0.1589, -0.1395, 0.1623, -0.2589)
    [trial 4] 46 features, training_days=300 | threshold=0.562 | labels: 1021 long, 1150 short (47/53%)
    [trial 4] Sharpe=-0.0295 (folds: 0.0709, -0.1334, 0.0489, 0.0548, -0.1888)
    [trial 5] 46 features, training_days=490 | threshold=0.711 | labels: 1021 long, 1150 short (47/53%)
    [trial 5] Sharpe=0.0306 (folds: 0.1194, -0.1707, 0.0504, -0.0497, 0.2038)
    [trial 6] 46 features, training_days=420 | threshold=0.667 | labels: 1021 long, 1150 short (47/53%)
    [trial 6] Sharpe=-0.0341 (folds: 0.1144, -0.2052, 0.0781, -0.1470, -0.0109)
    [trial 7] 46 features, training_days=120 | threshold=0.550 | labels: 1021 long, 1150 short (47/53%)
    [trial 7] Sharpe=0.0194 (folds: 0.2222, -0.0607, -0.0504, 0.1312, -0.1453)
    [trial 8] 46 features, training_days=450 | threshold=0.720 | labels: 1021 long, 1150 short (47/53%)
    [trial 8] Sharpe=0.0467 (folds: 0.2269, -0.0488, -0.0461, -0.0049, 0.1065)
    [trial 9] 46 features, training_days=20 | threshold=0.727 | labels: 1021 long, 1150 short (47/53%)
    [trial 9] Sharpe=-4.0925 (folds: -0.1627, -10.0000, -0.0702, -10.0000, -0.2294)
    [trial 10] 46 features, training_days=400 | threshold=0.828 | labels: 1021 long, 1150 short (47/53%)
    [trial 10] Sharpe=0.1319 (folds: 0.3162, 0.0163, 0.1743, 0.3321, -0.1796)
    [trial 11] 46 features, training_days=400 | threshold=0.843 | labels: 1021 long, 1150 short (47/53%)
    [trial 11] Sharpe=-5.9745 (folds: -10.0000, 0.1032, 0.0245, -10.0000, -10.0000)
    [trial 12] 46 features, training_days=500 | threshold=0.810 | labels: 1021 long, 1150 short (47/53%)
    [trial 12] Sharpe=-0.0169 (folds: 0.3429, -0.2722, 0.0882, -0.3722, 0.1287)
    [trial 13] 46 features, training_days=380 | threshold=0.782 | labels: 1021 long, 1150 short (47/53%)[I 2026-06-01 11:05:56,406] Trial 13 finished with value: 0.04449402894385453 and parameters: {'confidence_threshold': 0.7816058724683576, 'training_days': 380, 'n_estimators': 460, 'max_depth': 4, 'num_leaves': 55, 'learning_rate': 0.022288911069178467, 'subsample': 0.6579625638812568, 'colsample_bytree': 0.6447899325131485, 'min_child_samples': 90, 'reg_alpha': 7.878830334327086e-06, 'reg_lambda': 2.40762900337199e-06}. Best is trial 10 with value: 0.13185335322272443.
[I 2026-06-01 11:05:56,746] Trial 14 finished with value: 0.0334066736194457 and parameters: {'confidence_threshold': 0.7723320301796328, 'training_days': 350, 'n_estimators': 421, 'max_depth': 4, 'num_leaves': 56, 'learning_rate': 0.017194613433650342, 'subsample': 0.7851487748866213, 'colsample_bytree': 0.7921009662363301, 'min_child_samples': 70, 'reg_alpha': 0.0011974137492144529, 'reg_lambda': 0.002581220236445855}. Best is trial 10 with value: 0.13185335322272443.
[I 2026-06-01 11:05:56,994] Trial 15 finished with value: -5.927882363531099 and parameters: {'confidence_threshold': 0.8493338160351337, 'training_days': 450, 'n_estimators': 309, 'max_depth': 4, 'num_leaves': 54, 'learning_rate': 0.015619876150658204, 'subsample': 0.5095075980971637, 'colsample_bytree': 0.8969483796563855, 'min_child_samples': 100, 'reg_alpha': 4.04321024284604e-06, 'reg_lambda': 0.03623737012795942}. Best is trial 10 with value: 0.13185335322272443.
[I 2026-06-01 11:05:57,185] Trial 16 finished with value: 0.0037369489877731475 and parameters: {'confidence_threshold': 0.7496213499887445, 'training_days': 240, 'n_estimators': 229, 'max_depth': 4, 'num_leaves': 51, 'learning_rate': 0.10453455536288413, 'subsample': 0.7543865421398536, 'colsample_bytree': 0.6082416040432931, 'min_child_samples': 55, 'reg_alpha': 0.0031466051727642714, 'reg_lambda': 5.90594587354815}. Best is trial 10 with value: 0.13185335322272443.
[I 2026-06-01 11:05:57,415] Trial 17 finished with value: 0.08919688557735649 and parameters: {'confidence_threshold': 0.5080881579696632, 'training_days': 330, 'n_estimators': 372, 'max_depth': 3, 'num_leaves': 18, 'learning_rate': 0.040009635158584404, 'subsample': 0.9717118190871952, 'colsample_bytree': 0.7191095787088697, 'min_child_samples': 90, 'reg_alpha': 0.00022966087177981828, 'reg_lambda': 0.00039965744314963514}. Best is trial 10 with value: 0.13185335322272443.
[I 2026-06-01 11:05:58,106] A new study created in memory with name: no-name-c4449be0-9dcc-4bc6-b10a-78df14b00ccf
[I 2026-06-01 11:05:58,486] Trial 0 finished with value: 0.052807425366941926 and parameters: {'confidence_threshold': 0.6310890415965769, 'training_days': 480, 'n_estimators': 380, 'max_depth': 4, 'num_leaves': 22, 'learning_rate': 0.01699897838270077, 'subsample': 0.5290418060840998, 'colsample_bytree': 0.9330880728874675, 'min_child_samples': 68, 'reg_alpha': 0.023585940584142682, 'reg_lambda': 1.5320059381854043e-08}. Best is trial 0 with value: 0.052807425366941926.
[I 2026-06-01 11:05:58,611] Trial 1 finished with value: -5.895721776595227 and parameters: {'confidence_threshold': 0.839468448256698, 'training_days': 420, 'n_estimators': 145, 'max_depth': 3, 'num_leaves': 23, 'learning_rate': 0.028145092716060652, 'subsample': 0.762378215816119, 'colsample_bytree': 0.7159725093210578, 'min_child_samples': 43, 'reg_alpha': 0.0032112643094417484, 'reg_lambda': 1.8007140198129195e-07}. Best is trial 0 with value: 0.052807425366941926.
[I 2026-06-01 11:05:58,772] Trial 2 finished with value: 0.01877762121570157 and parameters: {'confidence_threshold': 0.6022506269873263, 'training_days': 190, 'n_estimators': 255, 'max_depth': 5, 'num_leaves': 24, 'learning_rate': 0.05748924681991978, 'subsample': 0.7962072844310213, 'colsample_bytree': 0.5232252063599989, 'min_child_samples': 69, 'reg_alpha': 3.425445902633376e-07, 'reg_lambda': 3.850031979199519e-08}. Best is trial 0 with value: 0.052807425366941926.
[I 2026-06-01 11:05:59,040] Trial 3 finished with value: 0.06780500334611791 and parameters: {'confidence_threshold': 0.8321099380386666, 'training_days': 490, 'n_estimators': 414, 'max_depth': 3, 'num_leaves': 19, 'learning_rate': 0.1024932221692416, 'subsample': 0.7200762468698007, 'colsample_bytree': 0.5610191174223894, 'min_child_samples': 60, 'reg_alpha': 2.039373116525212e-08, 'reg_lambda': 1.527156759251193}. Best is trial 3 with value: 0.06780500334611791.
[I 2026-06-01 11:05:59,198] Trial 4 finished with value: 0.005016660545349211 and parameters: {'confidence_threshold': 0.5905729935600059, 'training_days': 340, 'n_estimators': 190, 'max_depth': 4, 'num_leaves': 41, 'learning_rate': 0.01875220945578641, 'subsample': 0.9847923138822793, 'colsample_bytree': 0.8875664116805573, 'min_child_samples': 96, 'reg_alpha': 1.1309571585271483, 'reg_lambda': 0.002404915432737351}. Best is trial 3 with value: 0.06780500334611791.
[I 2026-06-01 11:05:59,241] Trial 5 finished with value: 0.05134750569267327 and parameters: {'confidence_threshold': 0.8226559822580909, 'training_days': 50, 'n_estimators': 138, 'max_depth': 3, 'num_leaves': 30, 'learning_rate': 0.03750796359625606, 'subsample': 0.6356745158869479, 'colsample_bytree': 0.9143687545759647, 'min_child_samples': 48, 'reg_alpha': 3.376063348877853e-06, 'reg_lambda': 0.0007660634613082914}. Best is trial 3 with value: 0.06780500334611791.
[I 2026-06-01 11:05:59,357] Trial 6 finished with value: -0.007195699000604408 and parameters: {'confidence_threshold': 0.5493234787411669, 'training_days': 410, 'n_estimators': 83, 'max_depth': 5, 'num_leaves': 52, 'learning_rate': 0.019657448966046126, 'subsample': 0.5027610585618012, 'colsample_bytree': 0.9077307142274171, 'min_child_samples': 77, 'reg_alpha': 0.03639690979811287, 'reg_lambda': 0.08738424135626986}. Best is trial 3 with value: 0.06780500334611791.
[I 2026-06-01 11:05:59,467] Trial 7 finished with value: 0.017815599153695426 and parameters: {'confidence_threshold': 0.5259156281069316, 'training_days': 180, 'n_estimators': 102, 'max_depth': 5, 'num_leaves': 45, 'learning_rate': 0.030816017044468066, 'subsample': 0.5317791751430119, 'colsample_bytree': 0.6554911608578311, 'min_child_samples': 46, 'reg_alpha': 0.036851536911881845, 'reg_lambda': 0.005470376807480391}. Best is trial 3 with value: 0.06780500334611791.
[I 2026-06-01 11:05:59,581] Trial 8 finished with value: 0.0430731442982875 and parameters: {'confidence_threshold': 0.8105244599017143, 'training_days': 240, 'n_estimators': 103, 'max_depth': 5, 'num_leaves': 52, 'learning_rate': 0.06746437142284309, 'subsample': 0.8854835899772805, 'colsample_bytree': 0.7468977981821954, 'min_child_samples': 62, 'reg_alpha': 7.04480806377519e-05, 'reg_lambda': 1.6934490731313353e-08}. Best is trial 3 with value: 0.06780500334611791.
[I 2026-06-01 11:05:59,606] Trial 9 finished with value: -2.001606695213538 and parameters: {'confidence_threshold': 0.5377619994476566, 'training_days': 20, 'n_estimators': 337, 'max_depth': 3, 'num_leaves': 39, 'learning_rate': 0.21907142272152816, 'subsample': 0.6246461145744375, 'colsample_bytree': 0.7051914615178149, 'min_child_samples': 81, 'reg_alpha': 1.1459970229341322e-06, 'reg_lambda': 4.929685216887945e-08}. Best is trial 3 with value: 0.06780500334611791.
