[I 2026-06-01 11:04:33,472] Trial 9 finished with value: -3.977362651999016 and parameters: {'confidence_threshold': 0.7267463643917187, 'training_days': 20, 'n_estimators': 337, 'max_depth': 5, 'num_leaves': 23, 'learning_rate': 0.022153031811454605, 'subsample': 0.6305627572358737, 'colsample_bytree': 0.6613413774216214, 'min_child_samples': 81, 'reg_alpha': 5.7638634029410314e-08, 'reg_lambda': 8.26603016764008}. Best is trial 7 with value: 0.02302283789735002.
[I 2026-06-01 11:04:33,733] Trial 10 finished with value: -0.0714919270947475 and parameters: {'confidence_threshold': 0.8398533911817929, 'training_days': 180, 'n_estimators': 485, 'max_depth': 4, 'num_leaves': 15, 'learning_rate': 0.2797087873840057, 'subsample': 0.7130289643560688, 'colsample_bytree': 0.9944479338273263, 'min_child_samples': 62, 'reg_alpha': 0.002237492903849199, 'reg_lambda': 0.004699952286108024}. Best is trial 7 with value: 0.02302283789735002.
[I 2026-06-01 11:04:33,937] Trial 11 finished with value: -0.05805876432263894 and parameters: {'confidence_threshold': 0.5379676273538253, 'training_days': 130, 'n_estimators': 478, 'max_depth': 5, 'num_leaves': 54, 'learning_rate': 0.010226258249598861, 'subsample': 0.9905541628258661, 'colsample_bytree': 0.9214296292909252, 'min_child_samples': 61, 'reg_alpha': 0.0008950365149773466, 'reg_lambda': 0.00022486515256442478}. Best is trial 7 with value: 0.02302283789735002.
[I 2026-06-01 11:04:34,230] Trial 12 finished with value: -0.041747787016462576 and parameters: {'confidence_threshold': 0.5130417963578642, 'training_days': 100, 'n_estimators': 415, 'max_depth': 5, 'num_leaves': 30, 'learning_rate': 0.1007523942052433, 'subsample': 0.9880705555990498, 'colsample_bytree': 0.8420599046380293, 'min_child_samples': 20, 'reg_alpha': 4.690023867625683e-05, 'reg_lambda': 0.007764958854667135}. Best is trial 7 with value: 0.02302283789735002.
[I 2026-06-01 11:04:34,315] Trial 13 finished with value: -0.0050028739888394414 and parameters: {'confidence_threshold': 0.6092349708206475, 'training_days': 90, 'n_estimators': 288, 'max_depth': 5, 'num_leaves': 50, 'learning_rate': 0.2906679976856617, 'subsample': 0.9166146949847447, 'colsample_bytree': 0.5059184378424634, 'min_child_samples': 73, 'reg_alpha': 0.031212687084567946, 'reg_lambda': 5.202782339940452e-06}. Best is trial 7 with value: 0.02302283789735002.
[I 2026-06-01 11:04:34,442] Trial 14 finished with value: -0.02427956335765394 and parameters: {'confidence_threshold': 0.6258479184273832, 'training_days': 160, 'n_estimators': 256, 'max_depth': 4, 'num_leaves': 54, 'learning_rate': 0.2833070780064448, 'subsample': 0.7851487748866213, 'colsample_bytree': 0.5017630235075299, 'min_child_samples': 76, 'reg_alpha': 0.04994573425749055, 'reg_lambda': 1.5739872323499884e-06}. Best is trial 7 with value: 0.02302283789735002.
[I 2026-06-01 11:04:34,505] Trial 15 finished with value: -0.01188619648136766 and parameters: {'confidence_threshold': 0.7829525506318393, 'training_days': 70, 'n_estimators': 311, 'max_depth': 4, 'num_leaves': 50, 'learning_rate': 0.15627908944527946, 'subsample': 0.9123219688075807, 'colsample_bytree': 0.6373042041048327, 'min_child_samples': 84, 'reg_alpha': 0.02695562745914996, 'reg_lambda': 0.008481353067171496}. Best is trial 7 with value: 0.02302283789735002.
[I 2026-06-01 11:04:34,644] Trial 16 finished with value: -0.09154594887025548 and parameters: {'confidence_threshold': 0.5054051207455705, 'training_days': 240, 'n_estimators': 190, 'max_depth': 5, 'num_leaves': 60, 'learning_rate': 0.197580779660886, 'subsample': 0.6986384024355284, 'colsample_bytree': 0.5096452990438131, 'min_child_samples': 67, 'reg_alpha': 6.414940172667924e-05, 'reg_lambda': 5.183740389586233e-06}. Best is trial 7 with value: 0.02302283789735002.
[I 2026-06-01 11:04:34,868] Trial 17 finished with value: -0.0605941768542753 and parameters: {'confidence_threshold': 0.6188989227811108, 'training_days': 370, 'n_estimators': 222, 'max_depth': 5, 'num_leaves': 32, 'learning_rate': 0.2941677031014564, 'subsample': 0.9272655966967175, 'colsample_bytree': 0.6097453427686864, 'min_child_samples': 54, 'reg_alpha': 0.03761180875155584, 'reg_lambda': 0.001352150060975526}. Best is trial 7 with value: 0.02302283789735002.

    [CV fold 3] train_end=2023-05-21 08:00 | val_start=2023-05-29 00:00 | gap=184h (22 rows)
    [CV fold 4] train_end=2023-09-18 16:00 | val_start=2023-09-26 08:00 | gap=184h (22 rows)
    [trial 0] Sharpe=-0.1101 (folds: -0.2344, -0.1642, 0.0842, -0.1724, -0.0637)
    [trial 1] 46 features, training_days=220 | threshold=0.755 | labels: 981 long, 1187 short (45/55%)
    [trial 1] Sharpe=-2.0180 (folds: -0.2869, -0.5476, -10.0000, 0.5638, 0.1808)
    [trial 2] 46 features, training_days=310 | threshold=0.754 | labels: 981 long, 1187 short (45/55%)
    [trial 2] Sharpe=-0.2583 (folds: -0.1792, -0.2650, -0.2435, -0.4694, -0.1343)
    [trial 3] 46 features, training_days=220 | threshold=0.673 | labels: 981 long, 1187 short (45/55%)
    [trial 3] Sharpe=-0.1558 (folds: -0.2864, -0.1077, -0.0564, -0.2265, -0.1020)
    [trial 4] 46 features, training_days=130 | threshold=0.803 | labels: 981 long, 1187 short (45/55%)
    [trial 4] Sharpe=-0.0100 (folds: -0.2890, -0.0030, 0.1852, 0.0423, 0.0146)
    [trial 5] 46 features, training_days=210 | threshold=0.606 | labels: 981 long, 1187 short (45/55%)
    [trial 5] Sharpe=-0.1283 (folds: -0.1838, -0.0640, -0.0454, -0.1224, -0.2261)
    [trial 6] 46 features, training_days=130 | threshold=0.767 | labels: 981 long, 1187 short (45/55%)
    [trial 6] Sharpe=-0.0512 (folds: -0.2905, -0.0344, 0.2162, -0.0079, -0.1394)
    [trial 7] 46 features, training_days=80 | threshold=0.556 | labels: 981 long, 1187 short (45/55%)
    [trial 7] Sharpe=-0.0219 (folds: -0.0857, 0.0635, -0.1101, 0.0450, -0.0224)
    [trial 8] 46 features, training_days=200 | threshold=0.607 | labels: 981 long, 1187 short (45/55%)
    [trial 8] Sharpe=-0.1314 (folds: -0.2781, -0.0453, 0.0264, -0.2178, -0.1422)
    [trial 9] 46 features, training_days=260 | threshold=0.620 | labels: 981 long, 1187 short (45/55%)
    [trial 9] Sharpe=-0.1309 (folds: -0.2269, -0.2454, -0.0561, -0.1517, 0.0255)
    [trial 10] 46 features, training_days=470 | threshold=0.845 | labels: 981 long, 1187 short (45/55%)
    [trial 10] Sharpe=-10.0000 (folds: -10.0000, -10.0000, -10.0000, -10.0000, -10.0000)
    [trial 11] 46 features, training_days=10 | threshold=0.508 | labels: 981 long, 1187 short (45/55%)
    [trial 11] Sharpe=-0.0337 (folds: -0.2044, -0.0813, 0.1513, 0.0289, -0.0632)
    [trial 12] 46 features, training_days=10 | threshold=0.517 | labels: 981 long, 1187 short (45/55%)
    [trial 12] Sharpe=-0.0337 (folds: -0.2044, -0.0813, 0.1513, 0.0289, -0.0632)
    [trial 13] 46 features, training_days=110 | threshold=0.820 | labels: 981 long, 1187 short (45/55%)
    [trial 13] Sharpe=-0.0407 (folds: -0.3737, 0.0682, 0.2196, -0.0055, -0.1120)
    [trial 14] 46 features, training_days=70 | threshold=0.566 | labels: 981 long, 1187 short (45/55%)
    [trial 14] Sharpe=-0.0333 (folds: 0.1005, 0.1074, -0.2253, -0.0591, -0.0901)
    [trial 15] 46 features, training_days=340 | threshold=0.681 | labels: 981 long, 1187 short (45/55%)
    [trial 15] Sharpe=-0.0524 (folds: -0.0675, -0.2279, 0.0442, -0.0388, 0.0281)
    [trial 16] 46 features, training_days=60 | threshold=0.695 | labels: 981 long, 1187 short (45/55%)
    [trial 16] Sharpe=0.0043 (folds: 0.0806, 0.1997, 0.0843, -0.1104, -0.2326)
    [trial 17] 46 features, training_days=70 | threshold=0.683 | labels: 981 long, 1187 short (45/55%)
    [trial 17] Sharpe=-0.0018 (folds: 0.1432, 0.0721, 0.0140, -0.0761, -0.1621)
  Optuna: 18 trials, best Sharpe = 0.0043
  Best params: n_estimators=209, max_depth=3, lr=0.0519, leaves=25
  Best confidence_threshold: 0.695
  Best training_days: 60
  Retrained on full data (180 samples, 46 features)
  [ensemble 3/3] seed=456
    [trial 0] 46 features, training_days=90 | threshold=0.587 | labels: 981 long, 1187 short (45/55%)
    [CV fold 0] train_end=2022-05-25 08:00 | val_start=2022-06-02 00:00 | gap=184h (22 rows)
    [CV fold 1] train_end=2022-09-22 16:00 | val_start=2022-09-30 08:00 | gap=184h (22 rows)
    [CV fold 2] train_end=2023-01-21 00:00 | val_start=2023-01-28 16:00 | gap=184h (22 rows)
    [CV fold 3] train_end=2023-05-21 08:00 | val_start=2023-05-29 00:00 | gap=184h (22 rows)
    [CV fold 4] train_end=2023-09-18 16:00 | val_start=2023-09-26 08:00 | gap=184h (22 rows)
    [trial 0] Sharpe=-0.0227 (folds: -0.3215, 0.0981, 0.0772, 0.0143, 0.0184)
    [trial 1] 46 features, training_days=290 | threshold=0.635 | labels: 981 long, 1187 short (45/55%)
    [trial 1] Sharpe=-0.1713 (folds: -0.2052, -0.3531, -0.0396, -0.2079, -0.0506)
    [trial 2] 46 features, training_days=10 | threshold=0.585 | labels: 981 long, 1187 short (45/55%)
    [trial 2] Sharpe=-0.0337 (folds: -0.2044, -0.0813, 0.1513, 0.0289, -0.0632)
    [trial 3] 46 features, training_days=220 | threshold=0.687 | labels: 981 long, 1187 short (45/55%)
    [trial 3] Sharpe=-0.0917 (folds: 0.0312, -0.2424, -0.0765, -0.0141, -0.1567)
    [trial 4] 46 features, training_days=300 | threshold=0.562 | labels: 981 long, 1187 short (45/55%)
    [trial 4] Sharpe=-0.0738 (folds: -0.2086, -0.0663, 0.0848, -0.2034, 0.0246)
    [trial 5] 46 features, training_days=490 | threshold=0.711 | labels: 981 long, 1187 short (45/55%)
    [trial 5] Sharpe=-0.0889 (folds: -0.2314, -0.1303, 0.2027, -0.2220, -0.0634)
    [trial 6] 46 features, training_days=420 | threshold=0.667 | labels: 981 long, 1187 short (45/55%)
    [trial 6] Sharpe=-0.1270 (folds: -0.1842, -0.3179, 0.1020, -0.1588, -0.0758)
    [trial 7] 46 features, training_days=120 | threshold=0.550 | labels: 981 long, 1187 short (45/55%)
    [trial 7] Sharpe=0.0230 (folds: -0.2030, 0.1436, 0.1789, 0.0204, -0.0248)
    [trial 8] 46 features, training_days=450 | threshold=0.720 | labels: 981 long, 1187 short (45/55%)
    [trial 8] Sharpe=-0.0628 (folds: -0.0295, -0.3399, 0.1059, 0.1372, -0.1876)
    [trial 9] 46 features, training_days=20 | threshold=0.727 | labels: 981 long, 1187 short (45/55%)
    [trial 9] Sharpe=-3.9774 (folds: -10.0000, 0.0250, 0.1513, -10.0000, -0.0632)
    [trial 10] 46 features, training_days=180 | threshold=0.840 | labels: 981 long, 1187 short (45/55%)
    [trial 10] Sharpe=-0.0715 (folds: -0.1637, 0.0534, 0.0440, -0.1974, -0.0938)
    [trial 11] 46 features, training_days=130 | threshold=0.538 | labels: 981 long, 1187 short (45/55%)
    [trial 11] Sharpe=-0.0581 (folds: -0.2426, -0.1263, 0.0447, 0.0769, -0.0430)
    [trial 12] 46 features, training_days=100 | threshold=0.513 | labels: 981 long, 1187 short (45/55%)
    [trial 12] Sharpe=-0.0417 (folds: -0.3152, 0.0680, 0.1101, -0.0430, -0.0287)
    [trial 13] 46 features, training_days=90 | threshold=0.609 | labels: 981 long, 1187 short (45/55%)
    [trial 13] Sharpe=-0.0050 (folds: -0.2880, 0.1115, 0.1409, -0.0372, 0.0477)
    [trial 14] 46 features, training_days=160 | threshold=0.626 | labels: 981 long, 1187 short (45/55%)
    [trial 14] Sharpe=-0.0243 (folds: -0.1278, 0.0844, 0.1341, -0.0788, -0.1334)
    [trial 15] 46 features, training_days=70 | threshold=0.783 | labels: 981 long, 1187 short (45/55%)
    [trial 15] Sharpe=-0.0119 (folds: 0.1465, 0.1645, -0.1903, -0.0813, -0.0987)
    [trial 16] 46 features, training_days=240 | threshold=0.505 | labels: 981 long, 1187 short (45/55%)
    [trial 16] Sharpe=-0.0915 (folds: -0.2111, -0.1367, 0.0474, -0.0838, -0.0736)
    [trial 17] 46 features, training_days=370 | threshold=0.619 | labels: 981 long, 1187 short (45/55%)
    [trial 17] Sharpe=-0.0606 (folds: -0.1746, -0.1490, 0.1272, -0.0633, -0.0432)
  Optuna: 18 trials, best Sharpe = 0.0230
  Best params: n_estimators=408, max_depth=5, lr=0.2805, leaves=38
  Best confidence_threshold: 0.550
  Best training_days: 120
  Retrained on full data (360 samples, 46 features)
  OOD: 16 features, cutoff (q=0.7) = 14.53
  Model trained for 2024-02: 87 test candles with features, confidence_threshold=0.594
[trade:close] 2024-02-07 00:00 DOTUSDT LONG → timeout @ 6.81 | PnL=-0.41% (net -0.51%) | cum=+23.84% 2024-02=-0.51% 2024-02-07=-0.51%
[predict] 2024-02-07 16:00 DOTUSDT → LONG (proba=0.64 TP=8.5%/SL=4.3%)
[trade:open] 2024-02-07 23:59 DOTUSDT LONG @ 6.94 | SL=6.64 TP=7.53 | timeout=2024-02-14 23:59
[trade:close] 2024-02-14 07:59 DOTUSDT LONG → take_profit @ 7.53 | PnL=+8.54% (net +8.44%) | cum=+32.28% 2024-02=+7.93% 2024-02-14=+8.44%[I 2026-06-01 11:04:35,375] A new study created in memory with name: no-name-3509a37a-6721-4667-ae5d-38f51bfd2493
[I 2026-06-01 11:04:35,678] Trial 0 finished with value: -0.07991111492439176 and parameters: {'confidence_threshold': 0.6310890415965769, 'training_days': 480, 'n_estimators': 380, 'max_depth': 4, 'num_leaves': 22, 'learning_rate': 0.01699897838270077, 'subsample': 0.5290418060840998, 'colsample_bytree': 0.9330880728874675, 'min_child_samples': 68, 'reg_alpha': 0.023585940584142682, 'reg_lambda': 1.5320059381854043e-08}. Best is trial 0 with value: -0.07991111492439176.
[I 2026-06-01 11:04:35,792] Trial 1 finished with value: -4.048080818681026 and parameters: {'confidence_threshold': 0.839468448256698, 'training_days': 420, 'n_estimators': 145, 'max_depth': 3, 'num_leaves': 23, 'learning_rate': 0.028145092716060652, 'subsample': 0.762378215816119, 'colsample_bytree': 0.7159725093210578, 'min_child_samples': 43, 'reg_alpha': 0.0032112643094417484, 'reg_lambda': 1.8007140198129195e-07}. Best is trial 0 with value: -0.07991111492439176.
[I 2026-06-01 11:04:35,942] Trial 2 finished with value: -0.050301921282226394 and parameters: {'confidence_threshold': 0.6022506269873263, 'training_days': 190, 'n_estimators': 255, 'max_depth': 5, 'num_leaves': 24, 'learning_rate': 0.05748924681991978, 'subsample': 0.7962072844310213, 'colsample_bytree': 0.5232252063599989, 'min_child_samples': 69, 'reg_alpha': 3.425445902633376e-07, 'reg_lambda': 3.850031979199519e-08}. Best is trial 2 with value: -0.050301921282226394.
[I 2026-06-01 11:04:36,224] Trial 3 finished with value: -0.08766581193361939 and parameters: {'confidence_threshold': 0.8321099380386666, 'training_days': 490, 'n_estimators': 414, 'max_depth': 3, 'num_leaves': 19, 'learning_rate': 0.1024932221692416, 'subsample': 0.7200762468698007, 'colsample_bytree': 0.5610191174223894, 'min_child_samples': 60, 'reg_alpha': 2.039373116525212e-08, 'reg_lambda': 1.527156759251193}. Best is trial 2 with value: -0.050301921282226394.
[I 2026-06-01 11:04:36,381] Trial 4 finished with value: -0.10059555284326753 and parameters: {'confidence_threshold': 0.5905729935600059, 'training_days': 340, 'n_estimators': 190, 'max_depth': 4, 'num_leaves': 41, 'learning_rate': 0.01875220945578641, 'subsample': 0.9847923138822793, 'colsample_bytree': 0.8875664116805573, 'min_child_samples': 96, 'reg_alpha': 1.1309571585271483, 'reg_lambda': 0.002404915432737351}. Best is trial 2 with value: -0.050301921282226394.
[I 2026-06-01 11:04:36,425] Trial 5 finished with value: 0.02057436312023319 and parameters: {'confidence_threshold': 0.8226559822580909, 'training_days': 50, 'n_estimators': 138, 'max_depth': 3, 'num_leaves': 30, 'learning_rate': 0.03750796359625606, 'subsample': 0.6356745158869479, 'colsample_bytree': 0.9143687545759647, 'min_child_samples': 48, 'reg_alpha': 3.376063348877853e-06, 'reg_lambda': 0.0007660634613082914}. Best is trial 5 with value: 0.02057436312023319.
[I 2026-06-01 11:04:36,541] Trial 6 finished with value: -0.050117173185884954 and parameters: {'confidence_threshold': 0.5493234787411669, 'training_days': 410, 'n_estimators': 83, 'max_depth': 5, 'num_leaves': 52, 'learning_rate': 0.019657448966046126, 'subsample': 0.5027610585618012, 'colsample_bytree': 0.9077307142274171, 'min_child_samples': 77, 'reg_alpha': 0.03639690979811287, 'reg_lambda': 0.08738424135626986}. Best is trial 5 with value: 0.02057436312023319.
[I 2026-06-01 11:04:36,642] Trial 7 finished with value: -0.022261946848189516 and parameters: {'confidence_threshold': 0.5259156281069316, 'training_days': 180, 'n_estimators': 102, 'max_depth': 5, 'num_leaves': 45, 'learning_rate': 0.030816017044468066, 'subsample': 0.5317791751430119, 'colsample_bytree': 0.6554911608578311, 'min_child_samples': 46, 'reg_alpha': 0.036851536911881845, 'reg_lambda': 0.005470376807480391}. Best is trial 5 with value: 0.02057436312023319.
[I 2026-06-01 11:04:36,741] Trial 8 finished with value: -0.0288877064492754 and parameters: {'confidence_threshold': 0.8105244599017143, 'training_days': 240, 'n_estimators': 103, 'max_depth': 5, 'num_leaves': 52, 'learning_rate': 0.06746437142284309, 'subsample': 0.8854835899772805, 'colsample_bytree': 0.7468977981821954, 'min_child_samples': 62, 'reg_alpha': 7.04480806377519e-05, 'reg_lambda': 1.6934490731313353e-08}. Best is trial 5 with value: 0.02057436312023319.
[I 2026-06-01 11:04:36,764] Trial 9 finished with value: -0.10692067345821388 and parameters: {'confidence_threshold': 0.5377619994476566, 'training_days': 20, 'n_estimators': 337, 'max_depth': 3, 'num_leaves': 39, 'learning_rate': 0.21907142272152816, 'subsample': 0.6246461145744375, 'colsample_bytree': 0.7051914615178149, 'min_child_samples': 81, 'reg_alpha': 1.1459970229341322e-06, 'reg_lambda': 4.929685216887945e-08}. Best is trial 5 with value: 0.02057436312023319.
[I 2026-06-01 11:04:36,795] Trial 10 finished with value: -3.996963784586594 and parameters: {'confidence_threshold': 0.7318981109748116, 'training_days': 10, 'n_estimators': 487, 'max_depth': 4, 'num_leaves': 31, 'learning_rate': 0.14704103471568217, 'subsample': 0.628963476300746, 'colsample_bytree': 0.987470107623585, 'min_child_samples': 25, 'reg_alpha': 2.608784411827665e-05, 'reg_lambda': 3.3639426888455256e-06}. Best is trial 5 with value: 0.02057436312023319.
[I 2026-06-01 11:04:36,929] Trial 11 finished with value: -0.015226714212193099 and parameters: {'confidence_threshold': 0.7155079644808182, 'training_days': 130, 'n_estimators': 212, 'max_depth': 4, 'num_leaves': 41, 'learning_rate': 0.03515568672661824, 'subsample': 0.6116988993536575, 'colsample_bytree': 0.6334955364726846, 'min_child_samples': 39, 'reg_alpha': 1.6115749528927317, 'reg_lambda': 0.0005474079480730847}. Best is trial 5 with value: 0.02057436312023319.
[I 2026-06-01 11:04:37,104] Trial 12 finished with value: -0.04068643479215437 and parameters: {'confidence_threshold': 0.7297284642938693, 'training_days': 120, 'n_estimators': 244, 'max_depth': 4, 'num_leaves': 33, 'learning_rate': 0.03208899494279826, 'subsample': 0.6447173603642493, 'colsample_bytree': 0.8304278626461432, 'min_child_samples': 30, 'reg_alpha': 5.75363828247596, 'reg_lambda': 2.655066199714127e-05}. Best is trial 5 with value: 0.02057436312023319.
[I 2026-06-01 11:04:37,199] Trial 13 finished with value: -0.003092546994006068 and parameters: {'confidence_threshold': 0.7597359262526714, 'training_days': 100, 'n_estimators': 189, 'max_depth': 3, 'num_leaves': 62, 'learning_rate': 0.04342469449614958, 'subsample': 0.6866291716128416, 'colsample_bytree': 0.6344876134063231, 'min_child_samples': 43, 'reg_alpha': 4.9164566205838954e-06, 'reg_lambda': 6.437971469334524e-05}. Best is trial 5 with value: 0.02057436312023319.
[I 2026-06-01 11:04:37,317] Trial 14 finished with value: 0.02667452816345569 and parameters: {'confidence_threshold': 0.7871652886153421, 'training_days': 80, 'n_estimators': 311, 'max_depth': 3, 'num_leaves': 60, 'learning_rate': 0.012077948426478895, 'subsample': 0.7084100755676976, 'colsample_bytree': 0.8116145799213325, 'min_child_samples': 44, 'reg_alpha': 2.670693886528206e-06, 'reg_lambda': 2.01451208500546e-05}. Best is trial 14 with value: 0.02667452816345569.
[I 2026-06-01 11:04:37,391] Trial 15 finished with value: -1.9865828349032675 and parameters: {'confidence_threshold': 0.7897255408101392, 'training_days': 50, 'n_estimators': 318, 'max_depth': 3, 'num_leaves': 61, 'learning_rate': 0.01002395963701805, 'subsample': 0.8433493078039268, 'colsample_bytree': 0.8159769551709519, 'min_child_samples': 53, 'reg_alpha': 5.1605174394468703e-08, 'reg_lambda': 2.4096864589279748e-06}. Best is trial 14 with value: 0.02667452816345569.
[I 2026-06-01 11:04:37,614] Trial 16 finished with value: -0.05420920874167882 and parameters: {'confidence_threshold': 0.6760523483882178, 'training_days': 270, 'n_estimators': 293, 'max_depth': 3, 'num_leaves': 31, 'learning_rate': 0.010899957461313534, 'subsample': 0.7031091979423141, 'colsample_bytree': 0.8202998023298633, 'min_child_samples': 33, 'reg_alpha': 0.0003728785861091332, 'reg_lambda': 0.04001143905238397}. Best is trial 14 with value: 0.02667452816345569.
