[I 2026-06-01 11:04:07,254] Trial 14 finished with value: -1.9597682569403414 and parameters: {'confidence_threshold': 0.7723320301796328, 'training_days': 10, 'n_estimators': 212, 'max_depth': 4, 'num_leaves': 50, 'learning_rate': 0.09204722464199101, 'subsample': 0.5604070534977161, 'colsample_bytree': 0.5071323789169796, 'min_child_samples': 61, 'reg_alpha': 0.0005061136429986866, 'reg_lambda': 1.9911970232120805e-06}. Best is trial 5 with value: 0.012651636454100557.
[I 2026-06-01 11:04:07,430] Trial 15 finished with value: -0.03773213380702944 and parameters: {'confidence_threshold': 0.611535442634191, 'training_days': 150, 'n_estimators': 348, 'max_depth': 3, 'num_leaves': 31, 'learning_rate': 0.010025876975310486, 'subsample': 0.6737441833224852, 'colsample_bytree': 0.7405154782554892, 'min_child_samples': 34, 'reg_alpha': 0.0007032410109968713, 'reg_lambda': 0.0013467843257158065}. Best is trial 5 with value: 0.012651636454100557.
[I 2026-06-01 11:04:07,614] Trial 16 finished with value: -0.06906228788502557 and parameters: {'confidence_threshold': 0.508316380624114, 'training_days': 260, 'n_estimators': 161, 'max_depth': 5, 'num_leaves': 41, 'learning_rate': 0.022774225830349555, 'subsample': 0.5804801266626232, 'colsample_bytree': 0.7032365187952039, 'min_child_samples': 51, 'reg_alpha': 0.7001099100155528, 'reg_lambda': 2.519997591443416e-06}. Best is trial 5 with value: 0.012651636454100557.
[I 2026-06-01 11:04:07,706] Trial 17 finished with value: 0.051433436710850745 and parameters: {'confidence_threshold': 0.6679170895385056, 'training_days': 70, 'n_estimators': 485, 'max_depth': 4, 'num_leaves': 24, 'learning_rate': 0.1913942156766461, 'subsample': 0.6718064291677197, 'colsample_bytree': 0.5951100366450802, 'min_child_samples': 70, 'reg_alpha': 2.7451367471416982e-05, 'reg_lambda': 0.0373153774709629}. Best is trial 17 with value: 0.051433436710850745.

    [trial 5] 46 features, training_days=210 | threshold=0.606 | labels: 901 long, 1267 short (42/58%)
    [trial 5] Sharpe=-0.0287 (folds: 0.0026, -0.1161, -0.0092, -0.0493, 0.0283)
    [trial 6] 46 features, training_days=130 | threshold=0.767 | labels: 901 long, 1267 short (42/58%)
    [trial 6] Sharpe=-0.0120 (folds: 0.1216, -0.1312, -0.0165, -0.0772, 0.0436)
    [trial 7] 46 features, training_days=80 | threshold=0.556 | labels: 901 long, 1267 short (42/58%)
    [trial 7] Sharpe=0.0439 (folds: 0.0999, 0.0698, 0.1439, -0.0186, -0.0755)
    [trial 8] 46 features, training_days=200 | threshold=0.607 | labels: 901 long, 1267 short (42/58%)
    [trial 8] Sharpe=-0.0277 (folds: 0.0328, -0.0213, -0.0566, -0.0265, -0.0668)
    [trial 9] 46 features, training_days=260 | threshold=0.620 | labels: 901 long, 1267 short (42/58%)
    [trial 9] Sharpe=-0.0611 (folds: -0.0680, -0.1601, -0.0236, -0.0330, -0.0209)
    [trial 10] 46 features, training_days=10 | threshold=0.525 | labels: 901 long, 1267 short (42/58%)
    [trial 10] Sharpe=0.0116 (folds: 0.1831, 0.0283, -0.0490, -0.1433, 0.0389)
    [trial 11] 46 features, training_days=480 | threshold=0.508 | labels: 901 long, 1267 short (42/58%)
    [trial 11] Sharpe=-0.0871 (folds: -0.0594, -0.1340, -0.1151, -0.0327, -0.0941)
    [trial 12] 46 features, training_days=10 | threshold=0.660 | labels: 901 long, 1267 short (42/58%)
    [trial 12] Sharpe=0.0116 (folds: 0.1831, 0.0283, -0.0490, -0.1433, 0.0389)
    [trial 13] 46 features, training_days=120 | threshold=0.713 | labels: 901 long, 1267 short (42/58%)
    [trial 13] Sharpe=-0.0179 (folds: -0.0370, -0.2864, -0.0050, 0.0215, 0.2175)
    [trial 14] 46 features, training_days=70 | threshold=0.566 | labels: 901 long, 1267 short (42/58%)
    [trial 14] Sharpe=0.0101 (folds: 0.0583, 0.0408, 0.0581, -0.1395, 0.0327)
    [trial 15] 46 features, training_days=340 | threshold=0.826 | labels: 901 long, 1267 short (42/58%)
    [trial 15] Sharpe=-0.0305 (folds: 0.0224, -0.0869, 0.0296, 0.0261, -0.1437)
    [trial 16] 46 features, training_days=60 | threshold=0.714 | labels: 901 long, 1267 short (42/58%)
    [trial 16] Sharpe=-4.0148 (folds: -10.0000, 0.0283, 0.0408, -0.1433, -10.0000)
    [trial 17] 46 features, training_days=90 | threshold=0.556 | labels: 901 long, 1267 short (42/58%)
    [trial 17] Sharpe=0.0013 (folds: 0.0456, 0.0295, 0.0843, -0.1033, -0.0498)
  Optuna: 18 trials, best Sharpe = 0.0439
  Best params: n_estimators=363, max_depth=3, lr=0.0659, leaves=48
  Best confidence_threshold: 0.556
  Best training_days: 80
  Retrained on full data (240 samples, 46 features)
  [ensemble 3/3] seed=456
    [trial 0] 46 features, training_days=90 | threshold=0.587 | labels: 901 long, 1267 short (42/58%)
    [CV fold 0] train_end=2022-02-22 08:00 | val_start=2022-03-02 00:00 | gap=184h (22 rows)
    [CV fold 1] train_end=2022-06-22 16:00 | val_start=2022-06-30 08:00 | gap=184h (22 rows)
    [CV fold 2] train_end=2022-10-21 00:00 | val_start=2022-10-28 16:00 | gap=184h (22 rows)
    [CV fold 3] train_end=2023-02-18 08:00 | val_start=2023-02-26 00:00 | gap=184h (22 rows)
    [CV fold 4] train_end=2023-06-18 16:00 | val_start=2023-06-26 08:00 | gap=184h (22 rows)
    [trial 0] Sharpe=0.0052 (folds: 0.0190, 0.0060, 0.0534, -0.1074, 0.0551)
    [trial 1] 46 features, training_days=290 | threshold=0.635 | labels: 901 long, 1267 short (42/58%)
    [trial 1] Sharpe=-0.0312 (folds: -0.0341, -0.1812, 0.0120, -0.0302, 0.0773)
    [trial 2] 46 features, training_days=10 | threshold=0.585 | labels: 901 long, 1267 short (42/58%)
    [trial 2] Sharpe=0.0116 (folds: 0.1831, 0.0283, -0.0490, -0.1433, 0.0389)
    [trial 3] 46 features, training_days=220 | threshold=0.687 | labels: 901 long, 1267 short (42/58%)
    [trial 3] Sharpe=-0.0900 (folds: -0.0590, -0.2238, -0.0593, -0.1033, -0.0045)
    [trial 4] 46 features, training_days=300 | threshold=0.562 | labels: 901 long, 1267 short (42/58%)
    [trial 4] Sharpe=-0.0042 (folds: 0.0341, 0.0050, -0.0013, 0.0128, -0.0714)
    [trial 5] 46 features, training_days=490 | threshold=0.711 | labels: 901 long, 1267 short (42/58%)
    [trial 5] Sharpe=0.0127 (folds: -0.0189, -0.0763, 0.0323, 0.1355, -0.0093)
    [trial 6] 46 features, training_days=420 | threshold=0.667 | labels: 901 long, 1267 short (42/58%)
    [trial 6] Sharpe=-0.0392 (folds: -0.0137, -0.1235, -0.1243, 0.0428, 0.0226)
    [trial 7] 46 features, training_days=120 | threshold=0.550 | labels: 901 long, 1267 short (42/58%)
    [trial 7] Sharpe=-0.0090 (folds: -0.0271, -0.1108, 0.0897, -0.0252, 0.0285)
    [trial 8] 46 features, training_days=450 | threshold=0.720 | labels: 901 long, 1267 short (42/58%)
    [trial 8] Sharpe=-0.0264 (folds: 0.0348, -0.1231, -0.2297, 0.1734, 0.0125)
    [trial 9] 46 features, training_days=20 | threshold=0.727 | labels: 901 long, 1267 short (42/58%)
    [trial 9] Sharpe=-5.9552 (folds: 0.1831, -10.0000, 0.0408, -10.0000, -10.0000)
    [trial 10] 46 features, training_days=490 | threshold=0.828 | labels: 901 long, 1267 short (42/58%)
    [trial 10] Sharpe=-2.0391 (folds: -0.0188, -0.0742, -0.0410, -10.0000, -0.0616)
    [trial 11] 46 features, training_days=370 | threshold=0.790 | labels: 901 long, 1267 short (42/58%)
    [trial 11] Sharpe=-0.0789 (folds: -0.1160, -0.1588, -0.0578, 0.0428, -0.1045)
    [trial 12] 46 features, training_days=190 | threshold=0.515 | labels: 901 long, 1267 short (42/58%)
    [trial 12] Sharpe=-0.0011 (folds: 0.0646, -0.0541, -0.0667, 0.0572, -0.0063)
    [trial 13] 46 features, training_days=360 | threshold=0.623 | labels: 901 long, 1267 short (42/58%)
    [trial 13] Sharpe=-0.0059 (folds: 0.0263, -0.0338, 0.0095, -0.0051, -0.0263)
    [trial 14] 46 features, training_days=10 | threshold=0.772 | labels: 901 long, 1267 short (42/58%)
    [trial 14] Sharpe=-1.9598 (folds: 0.1831, 0.0283, -0.0490, -10.0000, 0.0389)
    [trial 15] 46 features, training_days=150 | threshold=0.612 | labels: 901 long, 1267 short (42/58%)
    [trial 15] Sharpe=-0.0377 (folds: -0.0541, -0.1184, -0.1070, -0.0164, 0.1072)
    [trial 16] 46 features, training_days=260 | threshold=0.508 | labels: 901 long, 1267 short (42/58%)
    [trial 16] Sharpe=-0.0691 (folds: -0.0586, -0.2002, -0.0312, -0.0572, 0.0018)
    [trial 17] 46 features, training_days=70 | threshold=0.668 | labels: 901 long, 1267 short (42/58%)
    [trial 17] Sharpe=0.0514 (folds: 0.0996, 0.0156, 0.1168, -0.0389, 0.0640)
  Optuna: 18 trials, best Sharpe = 0.0514
  Best params: n_estimators=485, max_depth=4, lr=0.1914, leaves=24
  Best confidence_threshold: 0.668
  Best training_days: 70
  Retrained on full data (210 samples, 46 features)
  OOD: 16 features, cutoff (q=0.7) = 14.31
  Model trained for 2023-11: 90 test candles with features, confidence_threshold=0.682
[predict] 2023-11-01 08:00 DOTUSDT → LONG (proba=0.85 TP=11.7%/SL=5.8%)
[trade:open] 2023-11-01 15:59 DOTUSDT LONG @ 4.36 | SL=4.11 TP=4.87 | timeout=2023-11-08 15:59
[trade:close] 2023-11-05 15:59 DOTUSDT LONG → take_profit @ 4.87 | PnL=+11.67% (net +11.57%) | cum=+10.42% 2023-11=+11.57% 2023-11-05=+11.57%
[predict] 2023-11-06 08:00 DOTUSDT → LONG (proba=0.72 TP=12.1%/SL=6.0%)
[trade:open] 2023-11-06 15:59 DOTUSDT LONG @ 4.87 | SL=4.58 TP=5.46 | timeout=2023-11-13 15:59
[trade:close] 2023-11-09 23:59 DOTUSDT LONG → stop_loss @ 4.58 | PnL=-6.03% (net -6.13%) | cum=+4.29% 2023-11=+5.44% 2023-11-09=-6.13%
[predict] 2023-11-13 08:00 DOTUSDT → LONG (proba=0.85 TP=16.2%/SL=8.1%)
[trade:open] 2023-11-13 15:59 DOTUSDT LONG @ 5.59 | SL=5.14 TP=6.50 | timeout=2023-11-20 15:59
[trade:close] 2023-11-14 23:59 DOTUSDT LONG → stop_loss @ 5.14 | PnL=-8.09% (net -8.19%) | cum=-3.90% 2023-11=-2.75% 2023-11-14=-8.19%
[predict] 2023-11-15 16:00 DOTUSDT → LONG (proba=0.86 TP=16.4%/SL=8.2%)
[trade:open] 2023-11-15 23:59 DOTUSDT LONG @ 5.57 | SL=5.11 TP=6.48 | timeout=2023-11-22 23:59
[trade:close] 2023-11-17 15:59 DOTUSDT LONG → stop_loss @ 5.11 | PnL=-8.18% (net -8.28%) | cum=-12.18% 2023-11=-11.03% 2023-11-17=-8.28%
[predict] 2023-11-26 16:00 DOTUSDT → SHORT (proba=0.83 TP=10.1%/SL=5.0%)
[trade:open] 2023-11-26 23:59 DOTUSDT SHORT @ 5.33 | SL=5.60 TP=4.79 | timeout=2023-12-03 23:59
[lgbm] === Training for 2023-12 ===[I 2026-06-01 11:04:08,199] A new study created in memory with name: no-name-21ab2e96-c5a0-4762-a95a-6694522d7581
[I 2026-06-01 11:04:08,523] Trial 0 finished with value: -0.08250626414243938 and parameters: {'confidence_threshold': 0.6310890415965769, 'training_days': 480, 'n_estimators': 380, 'max_depth': 4, 'num_leaves': 22, 'learning_rate': 0.01699897838270077, 'subsample': 0.5290418060840998, 'colsample_bytree': 0.9330880728874675, 'min_child_samples': 68, 'reg_alpha': 0.023585940584142682, 'reg_lambda': 1.5320059381854043e-08}. Best is trial 0 with value: -0.08250626414243938.
[I 2026-06-01 11:04:08,647] Trial 1 finished with value: -6.336508536532147 and parameters: {'confidence_threshold': 0.839468448256698, 'training_days': 420, 'n_estimators': 145, 'max_depth': 3, 'num_leaves': 23, 'learning_rate': 0.028145092716060652, 'subsample': 0.762378215816119, 'colsample_bytree': 0.7159725093210578, 'min_child_samples': 43, 'reg_alpha': 0.0032112643094417484, 'reg_lambda': 1.8007140198129195e-07}. Best is trial 0 with value: -0.08250626414243938.
[I 2026-06-01 11:04:08,792] Trial 2 finished with value: -0.1230792048394355 and parameters: {'confidence_threshold': 0.6022506269873263, 'training_days': 190, 'n_estimators': 255, 'max_depth': 5, 'num_leaves': 24, 'learning_rate': 0.05748924681991978, 'subsample': 0.7962072844310213, 'colsample_bytree': 0.5232252063599989, 'min_child_samples': 69, 'reg_alpha': 3.425445902633376e-07, 'reg_lambda': 3.850031979199519e-08}. Best is trial 0 with value: -0.08250626414243938.
[I 2026-06-01 11:04:09,057] Trial 3 finished with value: -0.08338976529288837 and parameters: {'confidence_threshold': 0.8321099380386666, 'training_days': 490, 'n_estimators': 414, 'max_depth': 3, 'num_leaves': 19, 'learning_rate': 0.1024932221692416, 'subsample': 0.7200762468698007, 'colsample_bytree': 0.5610191174223894, 'min_child_samples': 60, 'reg_alpha': 2.039373116525212e-08, 'reg_lambda': 1.527156759251193}. Best is trial 0 with value: -0.08250626414243938.
[I 2026-06-01 11:04:09,213] Trial 4 finished with value: -0.10463611309728335 and parameters: {'confidence_threshold': 0.5905729935600059, 'training_days': 340, 'n_estimators': 190, 'max_depth': 4, 'num_leaves': 41, 'learning_rate': 0.01875220945578641, 'subsample': 0.9847923138822793, 'colsample_bytree': 0.8875664116805573, 'min_child_samples': 96, 'reg_alpha': 1.1309571585271483, 'reg_lambda': 0.002404915432737351}. Best is trial 0 with value: -0.08250626414243938.
[I 2026-06-01 11:04:09,254] Trial 5 finished with value: -0.327176448210823 and parameters: {'confidence_threshold': 0.8226559822580909, 'training_days': 50, 'n_estimators': 138, 'max_depth': 3, 'num_leaves': 30, 'learning_rate': 0.03750796359625606, 'subsample': 0.6356745158869479, 'colsample_bytree': 0.9143687545759647, 'min_child_samples': 48, 'reg_alpha': 3.376063348877853e-06, 'reg_lambda': 0.0007660634613082914}. Best is trial 0 with value: -0.08250626414243938.
[I 2026-06-01 11:04:09,354] Trial 6 finished with value: -0.07768612628959559 and parameters: {'confidence_threshold': 0.5493234787411669, 'training_days': 410, 'n_estimators': 83, 'max_depth': 5, 'num_leaves': 52, 'learning_rate': 0.019657448966046126, 'subsample': 0.5027610585618012, 'colsample_bytree': 0.9077307142274171, 'min_child_samples': 77, 'reg_alpha': 0.03639690979811287, 'reg_lambda': 0.08738424135626986}. Best is trial 6 with value: -0.07768612628959559.
[I 2026-06-01 11:04:09,455] Trial 7 finished with value: -0.17269079043945637 and parameters: {'confidence_threshold': 0.5259156281069316, 'training_days': 180, 'n_estimators': 102, 'max_depth': 5, 'num_leaves': 45, 'learning_rate': 0.030816017044468066, 'subsample': 0.5317791751430119, 'colsample_bytree': 0.6554911608578311, 'min_child_samples': 46, 'reg_alpha': 0.036851536911881845, 'reg_lambda': 0.005470376807480391}. Best is trial 6 with value: -0.07768612628959559.
[I 2026-06-01 11:04:09,568] Trial 8 finished with value: -0.2291848867387951 and parameters: {'confidence_threshold': 0.8105244599017143, 'training_days': 240, 'n_estimators': 103, 'max_depth': 5, 'num_leaves': 52, 'learning_rate': 0.06746437142284309, 'subsample': 0.8854835899772805, 'colsample_bytree': 0.7468977981821954, 'min_child_samples': 62, 'reg_alpha': 7.04480806377519e-05, 'reg_lambda': 1.6934490731313353e-08}. Best is trial 6 with value: -0.07768612628959559.
[I 2026-06-01 11:04:09,591] Trial 9 finished with value: -0.048503730200241346 and parameters: {'confidence_threshold': 0.5377619994476566, 'training_days': 20, 'n_estimators': 337, 'max_depth': 3, 'num_leaves': 39, 'learning_rate': 0.21907142272152816, 'subsample': 0.6246461145744375, 'colsample_bytree': 0.7051914615178149, 'min_child_samples': 81, 'reg_alpha': 1.1459970229341322e-06, 'reg_lambda': 4.929685216887945e-08}. Best is trial 9 with value: -0.048503730200241346.
[I 2026-06-01 11:04:09,621] Trial 10 finished with value: -2.025384749766502 and parameters: {'confidence_threshold': 0.7449289185605341, 'training_days': 10, 'n_estimators': 487, 'max_depth': 3, 'num_leaves': 61, 'learning_rate': 0.21914469472126635, 'subsample': 0.628963476300746, 'colsample_bytree': 0.8189858776055304, 'min_child_samples': 27, 'reg_alpha': 2.8948477959263623e-05, 'reg_lambda': 3.3639426888455256e-06}. Best is trial 9 with value: -0.048503730200241346.
[I 2026-06-01 11:04:09,876] Trial 11 finished with value: -0.06635842516191781 and parameters: {'confidence_threshold': 0.5031729138375424, 'training_days': 350, 'n_estimators': 327, 'max_depth': 4, 'num_leaves': 52, 'learning_rate': 0.010432023013264416, 'subsample': 0.6089267919181687, 'colsample_bytree': 0.8279718712234718, 'min_child_samples': 89, 'reg_alpha': 4.018687704804354, 'reg_lambda': 0.5855213887055177}. Best is trial 9 with value: -0.048503730200241346.
[I 2026-06-01 11:04:10,100] Trial 12 finished with value: -0.07523705265902295 and parameters: {'confidence_threshold': 0.5065278550144682, 'training_days': 310, 'n_estimators': 333, 'max_depth': 4, 'num_leaves': 34, 'learning_rate': 0.010642614848148907, 'subsample': 0.6374168483868633, 'colsample_bytree': 0.6536151016793315, 'min_child_samples': 91, 'reg_alpha': 5.771858732795849, 'reg_lambda': 1.1393239994242479e-05}. Best is trial 9 with value: -0.048503730200241346.
[I 2026-06-01 11:04:10,181] Trial 13 finished with value: -0.08409365278118294 and parameters: {'confidence_threshold': 0.6944221668074981, 'training_days': 100, 'n_estimators': 258, 'max_depth': 4, 'num_leaves': 48, 'learning_rate': 0.24250350171334945, 'subsample': 0.6866291716128416, 'colsample_bytree': 0.8155421717694826, 'min_child_samples': 86, 'reg_alpha': 2.5487834077941937e-08, 'reg_lambda': 8.090644384556416}. Best is trial 9 with value: -0.048503730200241346.
[I 2026-06-01 11:04:10,303] Trial 14 finished with value: -0.10979809750459739 and parameters: {'confidence_threshold': 0.5660302641245819, 'training_days': 130, 'n_estimators': 325, 'max_depth': 3, 'num_leaves': 60, 'learning_rate': 0.133432825548873, 'subsample': 0.5853788474695865, 'colsample_bytree': 0.9897127958863723, 'min_child_samples': 81, 'reg_alpha': 0.0008509995043514771, 'reg_lambda': 4.373052189774295e-05}. Best is trial 9 with value: -0.048503730200241346.
[I 2026-06-01 11:04:10,559] Trial 15 finished with value: -0.0969070633108935 and parameters: {'confidence_threshold': 0.6459551572231198, 'training_days': 300, 'n_estimators': 427, 'max_depth': 4, 'num_leaves': 38, 'learning_rate': 0.010029997304621341, 'subsample': 0.5996998206394478, 'colsample_bytree': 0.8102189341141462, 'min_child_samples': 99, 'reg_alpha': 2.492303987055042e-06, 'reg_lambda': 0.10351163679178875}. Best is trial 9 with value: -0.048503730200241346.
[I 2026-06-01 11:04:10,800] Trial 16 finished with value: -0.06959345636738798 and parameters: {'confidence_threshold': 0.5181676518303047, 'training_days': 390, 'n_estimators': 318, 'max_depth': 4, 'num_leaves': 54, 'learning_rate': 0.1454382545822624, 'subsample': 0.6950061554634381, 'colsample_bytree': 0.6662245429667588, 'min_child_samples': 76, 'reg_alpha': 2.7097658833306566e-07, 'reg_lambda': 7.214106386817912e-07}. Best is trial 9 with value: -0.048503730200241346.
[I 2026-06-01 11:04:10,934] Trial 17 finished with value: -0.15876808899449943 and parameters: {'confidence_threshold': 0.6987083270361341, 'training_days': 240, 'n_estimators': 241, 'max_depth': 3, 'num_leaves': 30, 'learning_rate': 0.08315450911318106, 'subsample': 0.8366733523272174, 'colsample_bytree': 0.6091330191487015, 'min_child_samples': 88, 'reg_alpha': 1.5916969184319327, 'reg_lambda': 0.061747896127795646}. Best is trial 9 with value: -0.048503730200241346.
[I 2026-06-01 11:04:11,156] A new study created in memory with name: no-name-45b74846-1c50-4243-8ac5-80b36a45898f
[I 2026-06-01 11:04:11,250] Trial 0 finished with value: -0.0808674133106885 and parameters: {'confidence_threshold': 0.7437642149592516, 'training_days': 150, 'n_estimators': 152, 'max_depth': 4, 'num_leaves': 50, 'learning_rate': 0.04216766425047743, 'subsample': 0.9903820991923078, 'colsample_bytree': 0.8424148692924316, 'min_child_samples': 58, 'reg_alpha': 3.381097259762742e-05, 'reg_lambda': 1.2263152961306247e-05}. Best is trial 0 with value: -0.0808674133106885.
[I 2026-06-01 11:04:11,319] Trial 1 finished with value: -5.947469125452303 and parameters: {'confidence_threshold': 0.7551673975844145, 'training_days': 220, 'n_estimators': 76, 'max_depth': 4, 'num_leaves': 51, 'learning_rate': 0.018602118810743477, 'subsample': 0.5877258780737462, 'colsample_bytree': 0.7657756869209191, 'min_child_samples': 63, 'reg_alpha': 0.005123994170264194, 'reg_lambda': 0.44145470178120466}. Best is trial 0 with value: -0.0808674133106885.
