[I 2026-06-01 11:03:54,775] Trial 5 finished with value: -0.05241194564827737 and parameters: {'confidence_threshold': 0.6064422761595144, 'training_days': 210, 'n_estimators': 357, 'max_depth': 5, 'num_leaves': 40, 'learning_rate': 0.0974221287220869, 'subsample': 0.7929682762811064, 'colsample_bytree': 0.8124517510478, 'min_child_samples': 74, 'reg_alpha': 0.3811377260781234, 'reg_lambda': 5.607314238392041e-08}. Best is trial 4 with value: 0.06540689015637328.

  [label] 2021-12-07 16:00 DOTUSDT entry=30.4540 → SHORT | long=sl(-13.13%) short=timeout(+14.13%) | scanned=22 | no_tp→fwd_return=-14.2346
  [label] 2022-01-01 08:00 DOTUSDT entry=27.5640 → SHORT | long=sl(-8.94%) short=sl(-8.94%) | scanned=13 | no_tp→fwd_return=-3.1926
  [label] 2022-02-22 16:00 DOTUSDT entry=16.5840 → LONG | long=sl(-9.05%) short=sl(-9.05%) | scanned=10 | no_tp→fwd_return=+8.6710
  [label] 2022-08-07 16:00 DOTUSDT entry=8.6460 → LONG | long=timeout(+3.40%) short=sl(-7.22%) | scanned=22 | no_tp→fwd_return=+3.5045
  [label] 2022-08-11 16:00 DOTUSDT entry=9.1890 → SHORT | long=sl(-7.28%) short=timeout(+12.03%) | scanned=22 | no_tp→fwd_return=-12.1341
  [label] 2022-08-22 08:00 DOTUSDT entry=7.2550 → SHORT | long=timeout(-0.65%) short=timeout(+0.45%) | scanned=22 | no_tp→fwd_return=-0.5513
  [label] 2022-10-06 08:00 DOTUSDT entry=6.3720 → SHORT | long=sl(-4.10%) short=tp(+7.89%) | scanned=20 | short_tp_only
  [label] 2022-10-14 16:00 DOTUSDT entry=6.0370 → SHORT | long=sl(-4.76%) short=timeout(+3.30%) | scanned=22 | no_tp→fwd_return=-3.3957
  [label] 2023-01-13 00:00 DOTUSDT entry=5.2180 → LONG | long=tp(+8.56%) short=sl(-4.43%) | scanned=3 | long_tp_only
  [label] 2023-02-14 00:00 DOTUSDT entry=6.1170 → LONG | long=tp(+11.71%) short=sl(-6.01%) | scanned=10 | long_tp_only
  [label] 2023-03-02 00:00 DOTUSDT entry=6.3850 → SHORT | long=sl(-5.49%) short=tp(+10.67%) | scanned=18 | short_tp_only
  [label] 2023-03-14 16:00 DOTUSDT entry=6.2190 → LONG | long=timeout(+2.17%) short=timeout(-2.37%) | scanned=22 | no_tp→fwd_return=+2.2672
  [label] 2023-04-02 08:00 DOTUSDT entry=6.3400 → SHORT | long=timeout(-3.43%) short=timeout(+3.23%) | scanned=22 | no_tp→fwd_return=-3.3281
  [label] 2023-04-08 16:00 DOTUSDT entry=6.1240 → LONG | long=tp(+7.76%) short=sl(-4.03%) | scanned=15 | long_tp_only
  [label] 2023-04-21 00:00 DOTUSDT entry=6.1180 → SHORT | long=sl(-5.74%) short=timeout(+2.92%) | scanned=22 | no_tp→fwd_return=-3.0239
  [label] 2023-05-30 08:00 DOTUSDT entry=5.4350 → SHORT | long=sl(-2.87%) short=tp(+5.43%) | scanned=18 | short_tp_only
  [label] 2023-06-09 08:00 DOTUSDT entry=5.0290 → SHORT | long=sl(-3.63%) short=tp(+6.96%) | scanned=2 | short_tp_only
  [label] 2023-09-03 08:00 DOTUSDT entry=4.2490 → SHORT | long=sl(-3.50%) short=timeout(+2.65%) | scanned=22 | no_tp→fwd_return=-2.7536
  Labels: 929 long (42.9%), 1239 short (57.1%) | weights: min=1.00, mean=3.49, max=10.00
  Features: 2168/2168 matched, 46 columns
  CV gap: 22 rows
  [ensemble 1/3] seed=42
    [trial 0] 46 features, training_days=480 | threshold=0.631 | labels: 929 long, 1239 short (43/57%)
    [CV fold 0] train_end=2022-01-22 08:00 | val_start=2022-01-30 00:00 | gap=184h (22 rows)
    [CV fold 1] train_end=2022-05-22 16:00 | val_start=2022-05-30 08:00 | gap=184h (22 rows)
    [CV fold 2] train_end=2022-09-20 00:00 | val_start=2022-09-27 16:00 | gap=184h (22 rows)
    [CV fold 3] train_end=2023-01-18 08:00 | val_start=2023-01-26 00:00 | gap=184h (22 rows)
    [CV fold 4] train_end=2023-05-18 16:00 | val_start=2023-05-26 08:00 | gap=184h (22 rows)
    [trial 0] Sharpe=-0.0316 (folds: 0.0923, -0.0984, -0.3084, 0.2095, -0.0529)
    [trial 1] 46 features, training_days=420 | threshold=0.839 | labels: 929 long, 1239 short (43/57%)
    [trial 1] Sharpe=-6.0482 (folds: 0.3035, -0.5444, -10.0000, -10.0000, -10.0000)
    [trial 2] 46 features, training_days=190 | threshold=0.602 | labels: 929 long, 1239 short (43/57%)
    [trial 2] Sharpe=-0.0592 (folds: 0.1190, 0.0237, -0.1244, -0.0684, -0.2458)
    [trial 3] 46 features, training_days=490 | threshold=0.832 | labels: 929 long, 1239 short (43/57%)
    [trial 3] Sharpe=0.0622 (folds: 0.2098, -0.0394, -0.0014, 0.1716, -0.0296)
    [trial 4] 46 features, training_days=340 | threshold=0.591 | labels: 929 long, 1239 short (43/57%)
    [trial 4] Sharpe=-0.0686 (folds: 0.0095, -0.1136, -0.1792, -0.1723, 0.1127)
    [trial 5] 46 features, training_days=50 | threshold=0.823 | labels: 929 long, 1239 short (43/57%)
    [trial 5] Sharpe=0.0789 (folds: 0.1567, 0.1115, 0.2418, 0.1570, -0.2727)
    [trial 6] 46 features, training_days=410 | threshold=0.549 | labels: 929 long, 1239 short (43/57%)
    [trial 6] Sharpe=-0.0009 (folds: 0.0851, -0.3139, 0.0325, 0.0876, 0.1043)
    [trial 7] 46 features, training_days=180 | threshold=0.526 | labels: 929 long, 1239 short (43/57%)
    [trial 7] Sharpe=-0.0112 (folds: 0.1993, 0.0289, -0.1169, 0.0776, -0.2451)
    [trial 8] 46 features, training_days=240 | threshold=0.811 | labels: 929 long, 1239 short (43/57%)
    [trial 8] Sharpe=-0.1882 (folds: 0.1922, -0.1986, -0.3516, -0.2911, -0.2920)
    [trial 9] 46 features, training_days=20 | threshold=0.538 | labels: 929 long, 1239 short (43/57%)
    [trial 9] Sharpe=0.1001 (folds: 0.1579, 0.1258, 0.0445, 0.1392, 0.0331)
    [trial 10] 46 features, training_days=10 | threshold=0.745 | labels: 929 long, 1239 short (43/57%)
    [trial 10] Sharpe=-1.9088 (folds: 0.1579, 0.1258, -10.0000, 0.1392, 0.0331)
    [trial 11] 46 features, training_days=20 | threshold=0.715 | labels: 929 long, 1239 short (43/57%)
    [trial 11] Sharpe=-1.9065 (folds: 0.1579, 0.1258, 0.0445, 0.1392, -10.0000)
    [trial 12] 46 features, training_days=90 | threshold=0.665 | labels: 929 long, 1239 short (43/57%)
    [trial 12] Sharpe=0.0609 (folds: 0.0635, -0.1368, 0.2012, 0.1516, 0.0250)
    [trial 13] 46 features, training_days=100 | threshold=0.757 | labels: 929 long, 1239 short (43/57%)
    [trial 13] Sharpe=0.0374 (folds: 0.1816, -0.2697, 0.0808, 0.2083, -0.0138)
    [trial 14] 46 features, training_days=90 | threshold=0.699 | labels: 929 long, 1239 short (43/57%)
    [trial 14] Sharpe=0.0421 (folds: 0.0832, -0.1411, 0.0853, 0.1226, 0.0603)
    [trial 15] 46 features, training_days=150 | threshold=0.507 | labels: 929 long, 1239 short (43/57%)
    [trial 15] Sharpe=0.0437 (folds: 0.2117, 0.0426, -0.0067, 0.0737, -0.1028)
    [trial 16] 46 features, training_days=270 | threshold=0.783 | labels: 929 long, 1239 short (43/57%)
    [trial 16] Sharpe=-0.0615 (folds: 0.1940, -0.0690, -0.2002, -0.0110, -0.2213)
    [trial 17] 46 features, training_days=50 | threshold=0.648 | labels: 929 long, 1239 short (43/57%)
    [trial 17] Sharpe=-3.9593 (folds: -10.0000, 0.1258, 0.0445, -10.0000, 0.0331)
  Optuna: 18 trials, best Sharpe = 0.1001
  Best params: n_estimators=337, max_depth=3, lr=0.2191, leaves=39
  Best confidence_threshold: 0.538
  Best training_days: 20
  Retrained on full data (60 samples, 46 features)
  [ensemble 2/3] seed=123
    [trial 0] 46 features, training_days=150 | threshold=0.744 | labels: 929 long, 1239 short (43/57%)
    [CV fold 0] train_end=2022-01-22 08:00 | val_start=2022-01-30 00:00 | gap=184h (22 rows)
    [CV fold 1] train_end=2022-05-22 16:00 | val_start=2022-05-30 08:00 | gap=184h (22 rows)
    [CV fold 2] train_end=2022-09-20 00:00 | val_start=2022-09-27 16:00 | gap=184h (22 rows)
    [CV fold 3] train_end=2023-01-18 08:00 | val_start=2023-01-26 00:00 | gap=184h (22 rows)
    [CV fold 4] train_end=2023-05-18 16:00 | val_start=2023-05-26 08:00 | gap=184h (22 rows)
    [trial 0] Sharpe=0.0008 (folds: 0.1849, 0.0235, -0.1657, 0.1619, -0.2003)
    [trial 1] 46 features, training_days=220 | threshold=0.755 | labels: 929 long, 1239 short (43/57%)
    [trial 1] Sharpe=-4.0926 (folds: -10.0000, -0.0474, -0.5332, -10.0000, 0.1175)
    [trial 2] 46 features, training_days=310 | threshold=0.754 | labels: 929 long, 1239 short (43/57%)
    [trial 2] Sharpe=-0.1070 (folds: 0.2863, -0.1051, -0.0639, -0.1095, -0.5431)
    [trial 3] 46 features, training_days=220 | threshold=0.673 | labels: 929 long, 1239 short (43/57%)
    [trial 3] Sharpe=-0.0482 (folds: 0.1819, -0.1227, -0.0776, -0.0228, -0.1999)
    [trial 4] 46 features, training_days=130 | threshold=0.803 | labels: 929 long, 1239 short (43/57%)
    [trial 4] Sharpe=0.0654 (folds: 0.1901, -0.0654, 0.1584, 0.0102, 0.0337)
    [trial 5] 46 features, training_days=210 | threshold=0.606 | labels: 929 long, 1239 short (43/57%)
    [trial 5] Sharpe=-0.0524 (folds: 0.1226, -0.0112, -0.0807, -0.1049, -0.1879)
    [trial 6] 46 features, training_days=130 | threshold=0.767 | labels: 929 long, 1239 short (43/57%)[I 2026-06-01 11:03:54,887] Trial 6 finished with value: 0.04748669442606794 and parameters: {'confidence_threshold': 0.7672889945051684, 'training_days': 130, 'n_estimators': 137, 'max_depth': 4, 'num_leaves': 19, 'learning_rate': 0.2031117614248665, 'subsample': 0.8136244860256343, 'colsample_bytree': 0.8617081790949774, 'min_child_samples': 21, 'reg_alpha': 0.002238138278733199, 'reg_lambda': 0.001025809534977322}. Best is trial 4 with value: 0.06540689015637328.
[I 2026-06-01 11:03:54,963] Trial 7 finished with value: 0.016954230771635697 and parameters: {'confidence_threshold': 0.555635875450653, 'training_days': 80, 'n_estimators': 363, 'max_depth': 3, 'num_leaves': 48, 'learning_rate': 0.06590089024008658, 'subsample': 0.6944752870615722, 'colsample_bytree': 0.962566244806993, 'min_child_samples': 88, 'reg_alpha': 1.6465620446426067e-05, 'reg_lambda': 2.4678750890085655e-08}. Best is trial 4 with value: 0.06540689015637328.
[I 2026-06-01 11:03:55,308] Trial 8 finished with value: -0.012092691273830714 and parameters: {'confidence_threshold': 0.6066688256938841, 'training_days': 200, 'n_estimators': 367, 'max_depth': 5, 'num_leaves': 32, 'learning_rate': 0.13377519215934996, 'subsample': 0.7965884582811106, 'colsample_bytree': 0.8458508993500886, 'min_child_samples': 32, 'reg_alpha': 3.889436043816386e-05, 'reg_lambda': 1.4713062489380356e-06}. Best is trial 4 with value: 0.06540689015637328.
[I 2026-06-01 11:03:55,535] Trial 9 finished with value: -0.07698156524243482 and parameters: {'confidence_threshold': 0.6202096049169137, 'training_days': 260, 'n_estimators': 350, 'max_depth': 3, 'num_leaves': 21, 'learning_rate': 0.02989540198065364, 'subsample': 0.8307821683331218, 'colsample_bytree': 0.923253112635361, 'min_child_samples': 64, 'reg_alpha': 0.4898604619604203, 'reg_lambda': 2.9076377687066166e-05}. Best is trial 4 with value: 0.06540689015637328.
[I 2026-06-01 11:03:55,919] Trial 10 finished with value: -8.028628529057338 and parameters: {'confidence_threshold': 0.8445241688507242, 'training_days': 470, 'n_estimators': 493, 'max_depth': 5, 'num_leaves': 63, 'learning_rate': 0.010221918552934462, 'subsample': 0.5019190721168774, 'colsample_bytree': 0.6202684210924141, 'min_child_samples': 99, 'reg_alpha': 1.9942621118187622e-08, 'reg_lambda': 0.0201634475791616}. Best is trial 4 with value: 0.06540689015637328.
[I 2026-06-01 11:03:55,950] Trial 11 finished with value: -3.9316960305385122 and parameters: {'confidence_threshold': 0.8371297552840329, 'training_days': 20, 'n_estimators': 255, 'max_depth': 4, 'num_leaves': 20, 'learning_rate': 0.28413636543342474, 'subsample': 0.9047249980702942, 'colsample_bytree': 0.6612241103206169, 'min_child_samples': 44, 'reg_alpha': 0.005164207989991991, 'reg_lambda': 0.007364523359426745}. Best is trial 4 with value: 0.06540689015637328.
[I 2026-06-01 11:03:56,003] Trial 12 finished with value: 0.0663975398723722 and parameters: {'confidence_threshold': 0.7984420943377982, 'training_days': 120, 'n_estimators': 51, 'max_depth': 5, 'num_leaves': 15, 'learning_rate': 0.14432248911623202, 'subsample': 0.5325573395575733, 'colsample_bytree': 0.5201164353688423, 'min_child_samples': 46, 'reg_alpha': 0.006937120291127141, 'reg_lambda': 0.00393268821840331}. Best is trial 12 with value: 0.0663975398723722.
[I 2026-06-01 11:03:56,028] Trial 13 finished with value: -3.915424716694569 and parameters: {'confidence_threshold': 0.8004144891464335, 'training_days': 10, 'n_estimators': 53, 'max_depth': 5, 'num_leaves': 31, 'learning_rate': 0.10151302244870823, 'subsample': 0.5024707401359401, 'colsample_bytree': 0.5389794258459311, 'min_child_samples': 48, 'reg_alpha': 0.05881060000998075, 'reg_lambda': 1.493419469088762}. Best is trial 12 with value: 0.0663975398723722.
[I 2026-06-01 11:03:56,214] Trial 14 finished with value: 0.020487794320526043 and parameters: {'confidence_threshold': 0.6968624890517784, 'training_days': 340, 'n_estimators': 240, 'max_depth': 5, 'num_leaves': 39, 'learning_rate': 0.14569940539663012, 'subsample': 0.5852704213941511, 'colsample_bytree': 0.5033829767322446, 'min_child_samples': 76, 'reg_alpha': 4.6058780571142255e-07, 'reg_lambda': 1.2102325862348229e-06}. Best is trial 12 with value: 0.0663975398723722.
[I 2026-06-01 11:03:56,315] Trial 15 finished with value: 0.05142517356941869 and parameters: {'confidence_threshold': 0.6986016561377778, 'training_days': 90, 'n_estimators': 480, 'max_depth': 5, 'num_leaves': 15, 'learning_rate': 0.07555339786900975, 'subsample': 0.5802361721649505, 'colsample_bytree': 0.7040523095070745, 'min_child_samples': 45, 'reg_alpha': 7.916394902106256, 'reg_lambda': 0.0013825560118263796}. Best is trial 12 with value: 0.0663975398723722.
[I 2026-06-01 11:03:56,485] Trial 16 finished with value: 0.11098187824124879 and parameters: {'confidence_threshold': 0.8071898053270988, 'training_days': 140, 'n_estimators': 298, 'max_depth': 5, 'num_leaves': 25, 'learning_rate': 0.04734750546511042, 'subsample': 0.6318757284031183, 'colsample_bytree': 0.6155885267093099, 'min_child_samples': 54, 'reg_alpha': 0.000762323791867669, 'reg_lambda': 0.15555947254427588}. Best is trial 16 with value: 0.11098187824124879.
[I 2026-06-01 11:03:56,598] Trial 17 finished with value: 0.027565832654905496 and parameters: {'confidence_threshold': 0.5004748807695347, 'training_days': 70, 'n_estimators': 429, 'max_depth': 5, 'num_leaves': 26, 'learning_rate': 0.047027001433734505, 'subsample': 0.6638061806472373, 'colsample_bytree': 0.5691062419083339, 'min_child_samples': 52, 'reg_alpha': 0.03593442783374814, 'reg_lambda': 0.08463327147162614}. Best is trial 16 with value: 0.11098187824124879.
[I 2026-06-01 11:03:56,822] A new study created in memory with name: no-name-a4b7fa82-feb9-44d0-a942-e5c6e6756042
[I 2026-06-01 11:03:57,010] Trial 0 finished with value: 0.03947025042687264 and parameters: {'confidence_threshold': 0.5870645682749857, 'training_days': 90, 'n_estimators': 403, 'max_depth': 5, 'num_leaves': 45, 'learning_rate': 0.0780457193679974, 'subsample': 0.9428509515574568, 'colsample_bytree': 0.8795587339164916, 'min_child_samples': 34, 'reg_alpha': 2.2465901234314442e-07, 'reg_lambda': 8.339007036475363e-05}. Best is trial 0 with value: 0.03947025042687264.
[I 2026-06-01 11:03:57,120] Trial 1 finished with value: -0.09509984017037583 and parameters: {'confidence_threshold': 0.6348453934275313, 'training_days': 290, 'n_estimators': 115, 'max_depth': 5, 'num_leaves': 37, 'learning_rate': 0.06949568759029946, 'subsample': 0.8228505074024268, 'colsample_bytree': 0.8616703220431751, 'min_child_samples': 75, 'reg_alpha': 4.2486822725010923e-07, 'reg_lambda': 1.157247767047042e-07}. Best is trial 0 with value: 0.03947025042687264.
[I 2026-06-01 11:03:57,143] Trial 2 finished with value: 0.1000912612544784 and parameters: {'confidence_threshold': 0.5849570384370288, 'training_days': 10, 'n_estimators': 212, 'max_depth': 3, 'num_leaves': 41, 'learning_rate': 0.18452095998378365, 'subsample': 0.6001060822924371, 'colsample_bytree': 0.5673167293506167, 'min_child_samples': 37, 'reg_alpha': 5.733250064217131, 'reg_lambda': 0.5308454292595461}. Best is trial 2 with value: 0.1000912612544784.
[I 2026-06-01 11:03:57,222] Trial 3 finished with value: -0.1581540755069523 and parameters: {'confidence_threshold': 0.6868248626683718, 'training_days': 220, 'n_estimators': 134, 'max_depth': 3, 'num_leaves': 45, 'learning_rate': 0.033529007907491595, 'subsample': 0.8647277071858408, 'colsample_bytree': 0.778494116634046, 'min_child_samples': 96, 'reg_alpha': 2.409409937265785e-07, 'reg_lambda': 1.1642073478060009}. Best is trial 2 with value: 0.1000912612544784.
[I 2026-06-01 11:03:57,308] Trial 4 finished with value: 0.014871668805544785 and parameters: {'confidence_threshold': 0.5623121348350352, 'training_days': 300, 'n_estimators': 69, 'max_depth': 4, 'num_leaves': 32, 'learning_rate': 0.14967629360700346, 'subsample': 0.5054535233636654, 'colsample_bytree': 0.7401385194659216, 'min_child_samples': 27, 'reg_alpha': 1.4212042567426725e-07, 'reg_lambda': 0.23605753701352003}. Best is trial 2 with value: 0.1000912612544784.
[I 2026-06-01 11:03:57,694] Trial 5 finished with value: 0.008983704057549568 and parameters: {'confidence_threshold': 0.7111850244908446, 'training_days': 490, 'n_estimators': 362, 'max_depth': 5, 'num_leaves': 40, 'learning_rate': 0.05960785724162737, 'subsample': 0.5589714368907717, 'colsample_bytree': 0.6659006943232806, 'min_child_samples': 42, 'reg_alpha': 0.6741360303045295, 'reg_lambda': 6.054601607143087e-08}. Best is trial 2 with value: 0.1000912612544784.
[I 2026-06-01 11:03:57,862] Trial 6 finished with value: -0.0854512618089696 and parameters: {'confidence_threshold': 0.667482545748023, 'training_days': 420, 'n_estimators': 279, 'max_depth': 3, 'num_leaves': 45, 'learning_rate': 0.040099592560849204, 'subsample': 0.8563114696415159, 'colsample_bytree': 0.5442917781944105, 'min_child_samples': 50, 'reg_alpha': 1.6407916423707903e-08, 'reg_lambda': 2.935907642973286e-05}. Best is trial 2 with value: 0.1000912612544784.
[I 2026-06-01 11:03:58,015] Trial 7 finished with value: 0.07388561191446572 and parameters: {'confidence_threshold': 0.5497381024139926, 'training_days': 120, 'n_estimators': 408, 'max_depth': 5, 'num_leaves': 38, 'learning_rate': 0.28049122657745795, 'subsample': 0.8806573338635493, 'colsample_bytree': 0.5454054113547102, 'min_child_samples': 63, 'reg_alpha': 0.01263008637940408, 'reg_lambda': 0.04588020805366937}. Best is trial 2 with value: 0.1000912612544784.
[I 2026-06-01 11:03:58,262] Trial 8 finished with value: 0.032759756205001066 and parameters: {'confidence_threshold': 0.719644804808716, 'training_days': 450, 'n_estimators': 410, 'max_depth': 4, 'num_leaves': 57, 'learning_rate': 0.04022026551478857, 'subsample': 0.5336085426932707, 'colsample_bytree': 0.5705742850577543, 'min_child_samples': 100, 'reg_alpha': 5.916398047912201e-07, 'reg_lambda': 0.9794034214488329}. Best is trial 2 with value: 0.1000912612544784.
[I 2026-06-01 11:03:58,284] Trial 9 finished with value: -1.9065293592344574 and parameters: {'confidence_threshold': 0.7267463643917187, 'training_days': 20, 'n_estimators': 337, 'max_depth': 5, 'num_leaves': 23, 'learning_rate': 0.022153031811454605, 'subsample': 0.6305627572358737, 'colsample_bytree': 0.6613413774216214, 'min_child_samples': 81, 'reg_alpha': 5.7638634029410314e-08, 'reg_lambda': 8.26603016764008}. Best is trial 2 with value: 0.1000912612544784.
[I 2026-06-01 11:03:58,310] Trial 10 finished with value: -3.915424716694569 and parameters: {'confidence_threshold': 0.8398533911817929, 'training_days': 10, 'n_estimators': 228, 'max_depth': 3, 'num_leaves': 15, 'learning_rate': 0.2789359567293539, 'subsample': 0.6821883053833926, 'colsample_bytree': 0.9944479338273263, 'min_child_samples': 23, 'reg_alpha': 2.903134294418681, 'reg_lambda': 0.0032849428938367974}. Best is trial 2 with value: 0.1000912612544784.
[I 2026-06-01 11:03:58,496] Trial 11 finished with value: 0.06715202438856485 and parameters: {'confidence_threshold': 0.5379676273538253, 'training_days': 130, 'n_estimators': 478, 'max_depth': 4, 'num_leaves': 59, 'learning_rate': 0.27815973382833, 'subsample': 0.7482879406513064, 'colsample_bytree': 0.5017024210185925, 'min_child_samples': 61, 'reg_alpha': 0.01887359218610827, 'reg_lambda': 0.007687944390807006}. Best is trial 2 with value: 0.1000912612544784.
[I 2026-06-01 11:03:58,607] Trial 12 finished with value: 0.08804057970272927 and parameters: {'confidence_threshold': 0.5130417963578642, 'training_days': 140, 'n_estimators': 219, 'max_depth': 4, 'num_leaves': 30, 'learning_rate': 0.14143539714508013, 'subsample': 0.9912016966112274, 'colsample_bytree': 0.61438914085674, 'min_child_samples': 60, 'reg_alpha': 0.0004870983614399883, 'reg_lambda': 0.03692159575899657}. Best is trial 2 with value: 0.1000912612544784.
[I 2026-06-01 11:03:58,744] Trial 13 finished with value: -0.03713830293490033 and parameters: {'confidence_threshold': 0.5007465720238826, 'training_days': 200, 'n_estimators': 205, 'max_depth': 4, 'num_leaves': 28, 'learning_rate': 0.1288344664597877, 'subsample': 0.9751564467099135, 'colsample_bytree': 0.633238312765511, 'min_child_samples': 47, 'reg_alpha': 3.300526434589369e-05, 'reg_lambda': 0.0008700439119422036}. Best is trial 2 with value: 0.1000912612544784.
[I 2026-06-01 11:03:58,799] Trial 14 finished with value: 0.01886594548543873 and parameters: {'confidence_threshold': 0.6087604191057666, 'training_days': 70, 'n_estimators': 212, 'max_depth': 3, 'num_leaves': 24, 'learning_rate': 0.13684636254139515, 'subsample': 0.6216202371581264, 'colsample_bytree': 0.6122042522489388, 'min_child_samples': 75, 'reg_alpha': 0.00010684590396592422, 'reg_lambda': 0.05780983922582074}. Best is trial 2 with value: 0.1000912612544784.
[I 2026-06-01 11:03:58,894] Trial 15 finished with value: 0.0325967933539246 and parameters: {'confidence_threshold': 0.504217182538945, 'training_days': 160, 'n_estimators': 168, 'max_depth': 3, 'num_leaves': 51, 'learning_rate': 0.010259746591624793, 'subsample': 0.7556490783444675, 'colsample_bytree': 0.7155940422933698, 'min_child_samples': 53, 'reg_alpha': 0.0027916629913331487, 'reg_lambda': 2.582339790441249e-06}. Best is trial 2 with value: 0.1000912612544784.
