[I 2026-06-01 11:06:28,702] Trial 13 finished with value: -0.02570277247614851 and parameters: {'confidence_threshold': 0.7321922500141939, 'training_days': 430, 'n_estimators': 235, 'max_depth': 4, 'num_leaves': 52, 'learning_rate': 0.018778076270349095, 'subsample': 0.5915923719133206, 'colsample_bytree': 0.8279150998060477, 'min_child_samples': 95, 'reg_alpha': 0.09888521121810406, 'reg_lambda': 9.952359322074757e-06}. Best is trial 6 with value: 0.031285925384541495.

    [trial 16] Sharpe=-0.0121 (folds: -0.1200, -0.0053, -0.1950, 0.0943, 0.1656)
    [trial 17] 46 features, training_days=490 | threshold=0.734 | labels: 1048 long, 1123 short (48/52%)
    [trial 17] Sharpe=0.0457 (folds: -0.1010, 0.0810, -0.2760, 0.1131, 0.4112)
  Optuna: 18 trials, best Sharpe = 0.0457
  Best params: n_estimators=432, max_depth=5, lr=0.0992, leaves=22
  Best confidence_threshold: 0.734
  Best training_days: 490
  Retrained on full data (1470 samples, 46 features)
  OOD: 16 features, cutoff (q=0.7) = 13.79
  Model trained for 2024-12: 93 test candles with features, confidence_threshold=0.724
[predict] 2024-12-01 00:00 DOTUSDT → SHORT (proba=0.85 TP=20.5%/SL=10.2%)
[trade:open] 2024-12-01 07:59 DOTUSDT SHORT @ 8.81 | SL=9.71 TP=7.01 | timeout=2024-12-08 07:59
[trade:close] 2024-12-02 23:59 DOTUSDT SHORT → stop_loss @ 9.71 | PnL=-10.23% (net -10.33%) | cum=+43.47% 2024-12=-10.33% 2024-12-02=-10.33%
[predict] 2024-12-16 00:00 DOTUSDT → SHORT (proba=0.99 TP=20.7%/SL=10.4%)
[trade:open] 2024-12-16 07:59 DOTUSDT SHORT @ 8.88 | SL=9.80 TP=7.04 | timeout=2024-12-23 07:59
[trade:close] 2024-12-19 23:59 DOTUSDT SHORT → take_profit @ 7.04 | PnL=+20.73% (net +20.63%) | cum=+64.10% 2024-12=+10.31% 2024-12-19=+20.63%
[predict] 2024-12-23 08:00 DOTUSDT → LONG (proba=0.99 TP=24.8%/SL=12.4%)
[trade:open] 2024-12-23 15:59 DOTUSDT LONG @ 6.86 | SL=6.01 TP=8.57 | timeout=2024-12-30 15:59
[trade:close] 2024-12-30 16:00 DOTUSDT LONG → timeout @ 6.61 | PnL=-3.72% (net -3.82%) | cum=+60.29% 2024-12=+6.49% 2024-12-30=-3.82%
[predict] 2024-12-31 08:00 DOTUSDT → SHORT (proba=0.95 TP=15.4%/SL=7.7%)
[trade:open] 2024-12-31 15:59 DOTUSDT SHORT @ 6.84 | SL=7.37 TP=5.79 | timeout=2025-01-07 15:59
[lgbm] === Training for 2025-01 ===
  Train window: 2023-01-01 → 2024-12-24
  2171 training samples from 1 symbols
  Samples per month: 2023-01: 93, 2023-02: 84, 2023-03: 93, 2023-04: 90, 2023-05: 93, 2023-06: 90, 2023-07: 93, 2023-08: 93, 2023-09: 90, 2023-10: 93, 2023-11: 90, 2023-12: 93, 2024-01: 93, 2024-02: 87, 2024-03: 93, 2024-04: 90, 2024-05: 93, 2024-06: 90, 2024-07: 93, 2024-08: 93, 2024-09: 90, 2024-10: 93, 2024-11: 90, 2024-12: 71
  [label] 2023-03-03 16:00 DOTUSDT entry=6.0340 → SHORT | long=sl(-5.89%) short=tp(+11.49%) | scanned=18 | short_tp_only
  [label] 2023-03-06 00:00 DOTUSDT entry=5.9230 → SHORT | long=sl(-5.18%) short=tp(+10.05%) | scanned=11 | short_tp_only
  [label] 2023-03-09 16:00 DOTUSDT entry=5.3800 → LONG | long=tp(+14.46%) short=sl(-7.38%) | scanned=13 | long_tp_only
  [label] 2023-04-03 08:00 DOTUSDT entry=6.3200 → SHORT | long=timeout(-2.87%) short=timeout(+2.67%) | scanned=22 | no_tp→fwd_return=-2.7690
  [label] 2023-05-26 00:00 DOTUSDT entry=5.2390 → LONG | long=tp(+5.92%) short=sl(-3.11%) | scanned=8 | long_tp_only
  [label] 2023-11-08 00:00 DOTUSDT entry=4.9080 → LONG | long=sl(-6.34%) short=sl(-6.34%) | scanned=5 | no_tp→fwd_return=+3.7694
  [label] 2023-11-12 00:00 DOTUSDT entry=5.7190 → SHORT | long=sl(-7.89%) short=timeout(+7.38%) | scanned=22 | no_tp→fwd_return=-7.4838
  [label] 2023-11-22 16:00 DOTUSDT entry=5.1740 → SHORT | long=timeout(-0.37%) short=timeout(+0.17%) | scanned=22 | no_tp→fwd_return=-0.2706
  [label] 2024-01-06 16:00 DOTUSDT entry=7.1340 → LONG | long=tp(+19.57%) short=sl(-9.93%) | scanned=14 | long_tp_only
  [label] 2024-01-15 08:00 DOTUSDT entry=7.4150 → SHORT | long=sl(-8.19%) short=timeout(+12.01%) | scanned=22 | no_tp→fwd_return=-12.1106
  [label] 2024-04-14 16:00 DOTUSDT entry=6.8490 → LONG | long=timeout(+4.06%) short=timeout(-4.26%) | scanned=22 | no_tp→fwd_return=+4.1612
  [label] 2024-05-16 16:00 DOTUSDT entry=7.0220 → LONG | long=tp(+9.14%) short=sl(-4.72%) | scanned=14 | long_tp_only
  [label] 2024-06-02 00:00 DOTUSDT entry=7.0440 → SHORT | long=sl(-4.43%) short=tp(+8.56%) | scanned=17 | short_tp_only
  [label] 2024-06-14 16:00 DOTUSDT entry=6.1600 → SHORT | long=sl(-6.51%) short=timeout(+8.86%) | scanned=22 | no_tp→fwd_return=-8.9610
  [label] 2024-07-03 00:00 DOTUSDT entry=6.3000 → SHORT | long=sl(-5.19%) short=tp(+10.08%) | scanned=4 | short_tp_only
  [label] 2024-07-09 08:00 DOTUSDT entry=6.1470 → LONG | long=timeout(+4.94%) short=timeout(-5.14%) | scanned=22 | no_tp→fwd_return=+5.0431
  [label] 2024-07-21 16:00 DOTUSDT entry=6.4270 → SHORT | long=sl(-4.98%) short=tp(+9.66%) | scanned=6 | short_tp_only
  [label] 2024-08-30 08:00 DOTUSDT entry=4.1150 → SHORT | long=timeout(-2.75%) short=timeout(+2.55%) | scanned=22 | no_tp→fwd_return=-2.6488
  [label] 2024-09-09 00:00 DOTUSDT entry=4.1880 → LONG | long=timeout(+3.53%) short=sl(-4.98%) | scanned=22 | no_tp→fwd_return=+3.6294
  [label] 2024-12-04 08:00 DOTUSDT entry=10.9950 → SHORT | long=sl(-11.67%) short=tp(+23.04%) | scanned=16 | short_tp_only
  Labels: 1063 long (49.0%), 1108 short (51.0%) | weights: min=1.00, mean=3.16, max=10.00
  Features: 2171/2171 matched, 46 columns
  CV gap: 22 rows
  [ensemble 1/3] seed=42
    [trial 0] 46 features, training_days=480 | threshold=0.631 | labels: 1063 long, 1108 short (49/51%)
    [CV fold 0] train_end=2023-04-25 08:00 | val_start=2023-05-03 00:00 | gap=184h (22 rows)
    [CV fold 1] train_end=2023-08-23 16:00 | val_start=2023-08-31 08:00 | gap=184h (22 rows)
    [CV fold 2] train_end=2023-12-22 00:00 | val_start=2023-12-29 16:00 | gap=184h (22 rows)
    [CV fold 3] train_end=2024-04-20 08:00 | val_start=2024-04-28 00:00 | gap=184h (22 rows)
    [CV fold 4] train_end=2024-08-18 16:00 | val_start=2024-08-26 08:00 | gap=184h (22 rows)
    [trial 0] Sharpe=0.0148 (folds: -0.0736, -0.0239, 0.0170, 0.0970, 0.0577)
    [trial 1] 46 features, training_days=420 | threshold=0.839 | labels: 1063 long, 1108 short (49/51%)
    [trial 1] Sharpe=-5.9487 (folds: -0.0433, -10.0000, 0.2997, -10.0000, -10.0000)
    [trial 2] 46 features, training_days=190 | threshold=0.602 | labels: 1063 long, 1108 short (49/51%)
    [trial 2] Sharpe=-0.1483 (folds: -0.0847, -0.1822, -0.1573, -0.1522, -0.1650)
    [trial 3] 46 features, training_days=490 | threshold=0.832 | labels: 1063 long, 1108 short (49/51%)
    [trial 3] Sharpe=-0.0064 (folds: -0.0569, 0.0414, -0.2215, 0.1486, 0.0564)
    [trial 4] 46 features, training_days=340 | threshold=0.591 | labels: 1063 long, 1108 short (49/51%)
    [trial 4] Sharpe=-0.0446 (folds: -0.0241, -0.0252, 0.0133, -0.0906, -0.0962)
    [trial 5] 46 features, training_days=50 | threshold=0.823 | labels: 1063 long, 1108 short (49/51%)
    [trial 5] Sharpe=-1.8873 (folds: 0.0120, -10.0000, -0.0410, 0.2773, 0.3154)
    [trial 6] 46 features, training_days=410 | threshold=0.549 | labels: 1063 long, 1108 short (49/51%)
    [trial 6] Sharpe=0.0313 (folds: -0.0777, -0.0191, 0.0596, -0.1315, 0.3252)
    [trial 7] 46 features, training_days=180 | threshold=0.526 | labels: 1063 long, 1108 short (49/51%)
    [trial 7] Sharpe=-0.1385 (folds: -0.0884, -0.1724, -0.1151, -0.1387, -0.1779)
    [trial 8] 46 features, training_days=240 | threshold=0.811 | labels: 1063 long, 1108 short (49/51%)
    [trial 8] Sharpe=-0.2112 (folds: -0.0245, -0.1275, -0.2028, -0.2191, -0.4821)
    [trial 9] 46 features, training_days=20 | threshold=0.538 | labels: 1063 long, 1108 short (49/51%)
    [trial 9] Sharpe=-2.0133 (folds: 0.0041, -0.2218, -0.0739, 0.2250, -10.0000)
    [trial 10] 46 features, training_days=350 | threshold=0.738 | labels: 1063 long, 1108 short (49/51%)
    [trial 10] Sharpe=-0.1095 (folds: -0.0503, -0.0053, -0.1974, -0.2408, -0.0535)
    [trial 11] 46 features, training_days=480 | threshold=0.662 | labels: 1063 long, 1108 short (49/51%)
    [trial 11] Sharpe=-0.0190 (folds: -0.0751, -0.0675, -0.2486, 0.0989, 0.1972)
    [trial 12] 46 features, training_days=380 | threshold=0.640 | labels: 1063 long, 1108 short (49/51%)
    [trial 12] Sharpe=0.0004 (folds: -0.0459, 0.0305, 0.0196, 0.0086, -0.0107)
    [trial 13] 46 features, training_days=430 | threshold=0.732 | labels: 1063 long, 1108 short (49/51%)
    [trial 13] Sharpe=-0.0257 (folds: 0.0664, 0.1136, -0.4425, -0.0384, 0.1725)
    [trial 14] 46 features, training_days=280 | threshold=0.583 | labels: 1063 long, 1108 short (49/51%)
    [trial 14] Sharpe=-0.0487 (folds: -0.0550, 0.0360, 0.0248, -0.0949, -0.1543)[I 2026-06-01 11:06:29,059] Trial 14 finished with value: -0.048673342944342786 and parameters: {'confidence_threshold': 0.5825030515661956, 'training_days': 280, 'n_estimators': 499, 'max_depth': 4, 'num_leaves': 15, 'learning_rate': 0.01665153185030586, 'subsample': 0.7005246714565595, 'colsample_bytree': 0.816535373912939, 'min_child_samples': 74, 'reg_alpha': 0.0035456643748467127, 'reg_lambda': 0.0601371216769442}. Best is trial 6 with value: 0.031285925384541495.
[I 2026-06-01 11:06:29,144] Trial 15 finished with value: 0.03390356283590137 and parameters: {'confidence_threshold': 0.5073197482691914, 'training_days': 500, 'n_estimators': 52, 'max_depth': 5, 'num_leaves': 61, 'learning_rate': 0.11652014437870485, 'subsample': 0.5136095131955983, 'colsample_bytree': 0.9193540765871685, 'min_child_samples': 68, 'reg_alpha': 8.430542834627463e-05, 'reg_lambda': 4.0970981780844464e-05}. Best is trial 15 with value: 0.03390356283590137.
[I 2026-06-01 11:06:29,226] Trial 16 finished with value: 0.014450161891138708 and parameters: {'confidence_threshold': 0.518798725661162, 'training_days': 410, 'n_estimators': 59, 'max_depth': 5, 'num_leaves': 63, 'learning_rate': 0.14902989272010944, 'subsample': 0.8323842459510225, 'colsample_bytree': 0.8711031418229831, 'min_child_samples': 86, 'reg_alpha': 7.847123733552038e-05, 'reg_lambda': 0.00012395295969381143}. Best is trial 15 with value: 0.03390356283590137.
[I 2026-06-01 11:06:29,330] Trial 17 finished with value: -0.027707076226226906 and parameters: {'confidence_threshold': 0.5596614474862396, 'training_days': 310, 'n_estimators': 67, 'max_depth': 5, 'num_leaves': 57, 'learning_rate': 0.2755758891610817, 'subsample': 0.6714947091972113, 'colsample_bytree': 0.7861983638172064, 'min_child_samples': 53, 'reg_alpha': 2.087192534114104e-05, 'reg_lambda': 4.1076404704149e-05}. Best is trial 15 with value: 0.03390356283590137.
[I 2026-06-01 11:06:29,655] A new study created in memory with name: no-name-b1383c20-2dd4-4481-97f2-d4aaa59d86b0
[I 2026-06-01 11:06:29,750] Trial 0 finished with value: -0.16431768338370956 and parameters: {'confidence_threshold': 0.7437642149592516, 'training_days': 150, 'n_estimators': 152, 'max_depth': 4, 'num_leaves': 50, 'learning_rate': 0.04216766425047743, 'subsample': 0.9903820991923078, 'colsample_bytree': 0.8424148692924316, 'min_child_samples': 58, 'reg_alpha': 3.381097259762742e-05, 'reg_lambda': 1.2263152961306247e-05}. Best is trial 0 with value: -0.16431768338370956.
[I 2026-06-01 11:06:29,821] Trial 1 finished with value: -2.1722322124136393 and parameters: {'confidence_threshold': 0.7551673975844145, 'training_days': 220, 'n_estimators': 76, 'max_depth': 4, 'num_leaves': 51, 'learning_rate': 0.018602118810743477, 'subsample': 0.5877258780737462, 'colsample_bytree': 0.7657756869209191, 'min_child_samples': 63, 'reg_alpha': 0.005123994170264194, 'reg_lambda': 0.44145470178120466}. Best is trial 0 with value: -0.16431768338370956.
[I 2026-06-01 11:06:30,092] Trial 2 finished with value: -0.07343483476543541 and parameters: {'confidence_threshold': 0.7535593637012223, 'training_days': 310, 'n_estimators': 375, 'max_depth': 3, 'num_leaves': 32, 'learning_rate': 0.021735641882032388, 'subsample': 0.6468570231944146, 'colsample_bytree': 0.8154880619272439, 'min_child_samples': 27, 'reg_alpha': 8.004064028491336e-05, 'reg_lambda': 7.546835261630524e-05}. Best is trial 2 with value: -0.07343483476543541.
[I 2026-06-01 11:06:30,244] Trial 3 finished with value: -0.14242906706184696 and parameters: {'confidence_threshold': 0.6727897841776072, 'training_days': 220, 'n_estimators': 190, 'max_depth': 4, 'num_leaves': 58, 'learning_rate': 0.24810689332636193, 'subsample': 0.7509183379421682, 'colsample_bytree': 0.8119764758960556, 'min_child_samples': 29, 'reg_alpha': 7.1708285081421445e-06, 'reg_lambda': 5.412973582738627e-05}. Best is trial 2 with value: -0.07343483476543541.
[I 2026-06-01 11:06:30,354] Trial 4 finished with value: -0.13262212063769074 and parameters: {'confidence_threshold': 0.803208205259178, 'training_days': 130, 'n_estimators': 267, 'max_depth': 5, 'num_leaves': 40, 'learning_rate': 0.08041175317374143, 'subsample': 0.5603143329951619, 'colsample_bytree': 0.9131704002534167, 'min_child_samples': 68, 'reg_alpha': 0.0008046593428183385, 'reg_lambda': 1.2158346158765583e-05}. Best is trial 2 with value: -0.07343483476543541.
[I 2026-06-01 11:06:30,588] Trial 5 finished with value: -0.1509128441825022 and parameters: {'confidence_threshold': 0.6064422761595144, 'training_days': 210, 'n_estimators': 357, 'max_depth': 5, 'num_leaves': 40, 'learning_rate': 0.0974221287220869, 'subsample': 0.7929682762811064, 'colsample_bytree': 0.8124517510478, 'min_child_samples': 74, 'reg_alpha': 0.3811377260781234, 'reg_lambda': 5.607314238392041e-08}. Best is trial 2 with value: -0.07343483476543541.
[I 2026-06-01 11:06:30,696] Trial 6 finished with value: -0.1292048249905667 and parameters: {'confidence_threshold': 0.7672889945051684, 'training_days': 130, 'n_estimators': 137, 'max_depth': 4, 'num_leaves': 19, 'learning_rate': 0.2031117614248665, 'subsample': 0.8136244860256343, 'colsample_bytree': 0.8617081790949774, 'min_child_samples': 21, 'reg_alpha': 0.002238138278733199, 'reg_lambda': 0.001025809534977322}. Best is trial 2 with value: -0.07343483476543541.
[I 2026-06-01 11:06:30,767] Trial 7 finished with value: -0.057980830947732334 and parameters: {'confidence_threshold': 0.555635875450653, 'training_days': 80, 'n_estimators': 363, 'max_depth': 3, 'num_leaves': 48, 'learning_rate': 0.06590089024008658, 'subsample': 0.6944752870615722, 'colsample_bytree': 0.962566244806993, 'min_child_samples': 88, 'reg_alpha': 1.6465620446426067e-05, 'reg_lambda': 2.4678750890085655e-08}. Best is trial 7 with value: -0.057980830947732334.
[I 2026-06-01 11:06:31,094] Trial 8 finished with value: -0.13998978520795297 and parameters: {'confidence_threshold': 0.6066688256938841, 'training_days': 200, 'n_estimators': 367, 'max_depth': 5, 'num_leaves': 32, 'learning_rate': 0.13377519215934996, 'subsample': 0.7965884582811106, 'colsample_bytree': 0.8458508993500886, 'min_child_samples': 32, 'reg_alpha': 3.889436043816386e-05, 'reg_lambda': 1.4713062489380356e-06}. Best is trial 7 with value: -0.057980830947732334.
[I 2026-06-01 11:06:31,317] Trial 9 finished with value: -0.12037865036140254 and parameters: {'confidence_threshold': 0.6202096049169137, 'training_days': 260, 'n_estimators': 350, 'max_depth': 3, 'num_leaves': 21, 'learning_rate': 0.02989540198065364, 'subsample': 0.8307821683331218, 'colsample_bytree': 0.923253112635361, 'min_child_samples': 64, 'reg_alpha': 0.4898604619604203, 'reg_lambda': 2.9076377687066166e-05}. Best is trial 7 with value: -0.057980830947732334.
[I 2026-06-01 11:06:31,349] Trial 10 finished with value: -0.09424952724946016 and parameters: {'confidence_threshold': 0.5248809389721337, 'training_days': 10, 'n_estimators': 493, 'max_depth': 3, 'num_leaves': 63, 'learning_rate': 0.010221918552934462, 'subsample': 0.667749445701178, 'colsample_bytree': 0.6202684210924141, 'min_child_samples': 99, 'reg_alpha': 1.3884210513841762e-08, 'reg_lambda': 0.02273343343290072}. Best is trial 7 with value: -0.057980830947732334.
[I 2026-06-01 11:06:31,651] Trial 11 finished with value: -0.03131800479441217 and parameters: {'confidence_threshold': 0.5077463503498806, 'training_days': 440, 'n_estimators': 481, 'max_depth': 3, 'num_leaves': 34, 'learning_rate': 0.026648706335371596, 'subsample': 0.6581542700946174, 'colsample_bytree': 0.9846700359148485, 'min_child_samples': 100, 'reg_alpha': 2.5493772909886044e-07, 'reg_lambda': 1.0035776237342458e-08}. Best is trial 11 with value: -0.03131800479441217.
[I 2026-06-01 11:06:31,987] Trial 12 finished with value: 0.013931441582901938 and parameters: {'confidence_threshold': 0.5091995832515449, 'training_days': 500, 'n_estimators': 498, 'max_depth': 3, 'num_leaves': 47, 'learning_rate': 0.05809128784912797, 'subsample': 0.6772104159737814, 'colsample_bytree': 0.9737874829232072, 'min_child_samples': 100, 'reg_alpha': 2.5907884980586616e-07, 'reg_lambda': 4.772660246110662e-08}. Best is trial 12 with value: 0.013931441582901938.
[I 2026-06-01 11:06:32,280] Trial 13 finished with value: 0.014115788741237542 and parameters: {'confidence_threshold': 0.501145614105161, 'training_days': 500, 'n_estimators': 475, 'max_depth': 3, 'num_leaves': 30, 'learning_rate': 0.04317436237981049, 'subsample': 0.5024707401359401, 'colsample_bytree': 0.6564540780078124, 'min_child_samples': 95, 'reg_alpha': 7.145418468218336e-08, 'reg_lambda': 3.0523674035427045e-07}. Best is trial 13 with value: 0.014115788741237542.
[I 2026-06-01 11:06:32,555] Trial 14 finished with value: 0.030620401260249445 and parameters: {'confidence_threshold': 0.5639064728510198, 'training_days': 490, 'n_estimators': 444, 'max_depth': 3, 'num_leaves': 27, 'learning_rate': 0.04845593946981536, 'subsample': 0.5058447072551763, 'colsample_bytree': 0.6347607952757376, 'min_child_samples': 84, 'reg_alpha': 1.0008989445784394e-08, 'reg_lambda': 3.32682663517092e-07}. Best is trial 14 with value: 0.030620401260249445.
[I 2026-06-01 11:06:32,879] Trial 15 finished with value: 0.03557127794120743 and parameters: {'confidence_threshold': 0.5643868751293313, 'training_days': 400, 'n_estimators': 432, 'max_depth': 4, 'num_leaves': 25, 'learning_rate': 0.04475134633838323, 'subsample': 0.507007918467014, 'colsample_bytree': 0.620752560525207, 'min_child_samples': 83, 'reg_alpha': 1.100014400134923e-08, 'reg_lambda': 6.945946492113529e-07}. Best is trial 15 with value: 0.03557127794120743.
[I 2026-06-01 11:06:33,169] Trial 16 finished with value: -0.0796004724665772 and parameters: {'confidence_threshold': 0.6642577640855347, 'training_days': 380, 'n_estimators': 425, 'max_depth': 4, 'num_leaves': 25, 'learning_rate': 0.011618707686079076, 'subsample': 0.5004441830229046, 'colsample_bytree': 0.5036310320076207, 'min_child_samples': 81, 'reg_alpha': 1.0444625319208085e-08, 'reg_lambda': 8.703440647561457e-07}. Best is trial 15 with value: 0.03557127794120743.
[I 2026-06-01 11:06:33,452] Trial 17 finished with value: 0.030403930840437937 and parameters: {'confidence_threshold': 0.5650935909254843, 'training_days': 370, 'n_estimators': 287, 'max_depth': 5, 'num_leaves': 15, 'learning_rate': 0.12135785328642616, 'subsample': 0.5741621969267826, 'colsample_bytree': 0.6187662997537362, 'min_child_samples': 52, 'reg_alpha': 1.6798270833944796e-06, 'reg_lambda': 0.0037064073885309176}. Best is trial 15 with value: 0.03557127794120743.
[I 2026-06-01 11:06:33,858] A new study created in memory with name: no-name-c29a7760-4094-4525-988e-769a80116649
[I 2026-06-01 11:06:34,081] Trial 0 finished with value: -0.019201471827122778 and parameters: {'confidence_threshold': 0.5870645682749857, 'training_days': 90, 'n_estimators': 403, 'max_depth': 5, 'num_leaves': 45, 'learning_rate': 0.0780457193679974, 'subsample': 0.9428509515574568, 'colsample_bytree': 0.8795587339164916, 'min_child_samples': 34, 'reg_alpha': 2.2465901234314442e-07, 'reg_lambda': 8.339007036475363e-05}. Best is trial 0 with value: -0.019201471827122778.
[I 2026-06-01 11:06:34,201] Trial 1 finished with value: -0.04328074355905893 and parameters: {'confidence_threshold': 0.6348453934275313, 'training_days': 290, 'n_estimators': 115, 'max_depth': 5, 'num_leaves': 37, 'learning_rate': 0.06949568759029946, 'subsample': 0.8228505074024268, 'colsample_bytree': 0.8616703220431751, 'min_child_samples': 75, 'reg_alpha': 4.2486822725010923e-07, 'reg_lambda': 1.157247767047042e-07}. Best is trial 0 with value: -0.019201471827122778.
[I 2026-06-01 11:06:34,221] Trial 2 finished with value: -0.09424952724946016 and parameters: {'confidence_threshold': 0.5849570384370288, 'training_days': 10, 'n_estimators': 212, 'max_depth': 3, 'num_leaves': 41, 'learning_rate': 0.18452095998378365, 'subsample': 0.6001060822924371, 'colsample_bytree': 0.5673167293506167, 'min_child_samples': 37, 'reg_alpha': 5.733250064217131, 'reg_lambda': 0.5308454292595461}. Best is trial 0 with value: -0.019201471827122778.
[I 2026-06-01 11:06:34,304] Trial 3 finished with value: -0.16644368338730228 and parameters: {'confidence_threshold': 0.6868248626683718, 'training_days': 220, 'n_estimators': 134, 'max_depth': 3, 'num_leaves': 45, 'learning_rate': 0.033529007907491595, 'subsample': 0.8647277071858408, 'colsample_bytree': 0.778494116634046, 'min_child_samples': 96, 'reg_alpha': 2.409409937265785e-07, 'reg_lambda': 1.1642073478060009}. Best is trial 0 with value: -0.019201471827122778.
[I 2026-06-01 11:06:34,392] Trial 4 finished with value: -0.03299065651557439 and parameters: {'confidence_threshold': 0.5623121348350352, 'training_days': 300, 'n_estimators': 69, 'max_depth': 4, 'num_leaves': 32, 'learning_rate': 0.14967629360700346, 'subsample': 0.5054535233636654, 'colsample_bytree': 0.7401385194659216, 'min_child_samples': 27, 'reg_alpha': 1.4212042567426725e-07, 'reg_lambda': 0.23605753701352003}. Best is trial 0 with value: -0.019201471827122778.
