[I 2026-06-01 11:07:15,470] Trial 2 finished with value: -0.11154953777833838 and parameters: {'confidence_threshold': 0.5849570384370288, 'training_days': 10, 'n_estimators': 212, 'max_depth': 3, 'num_leaves': 41, 'learning_rate': 0.18452095998378365, 'subsample': 0.6001060822924371, 'colsample_bytree': 0.5673167293506167, 'min_child_samples': 37, 'reg_alpha': 5.733250064217131, 'reg_lambda': 0.5308454292595461}. Best is trial 1 with value: -0.006035906966562646.
[I 2026-06-01 11:07:15,553] Trial 3 finished with value: -0.06228441663172117 and parameters: {'confidence_threshold': 0.6868248626683718, 'training_days': 220, 'n_estimators': 134, 'max_depth': 3, 'num_leaves': 45, 'learning_rate': 0.033529007907491595, 'subsample': 0.8647277071858408, 'colsample_bytree': 0.778494116634046, 'min_child_samples': 96, 'reg_alpha': 2.409409937265785e-07, 'reg_lambda': 1.1642073478060009}. Best is trial 1 with value: -0.006035906966562646.
[I 2026-06-01 11:07:15,649] Trial 4 finished with value: -0.02317590558437265 and parameters: {'confidence_threshold': 0.5623121348350352, 'training_days': 300, 'n_estimators': 69, 'max_depth': 4, 'num_leaves': 32, 'learning_rate': 0.14967629360700346, 'subsample': 0.5054535233636654, 'colsample_bytree': 0.7401385194659216, 'min_child_samples': 27, 'reg_alpha': 1.4212042567426725e-07, 'reg_lambda': 0.23605753701352003}. Best is trial 1 with value: -0.006035906966562646.
[I 2026-06-01 11:07:16,071] Trial 5 finished with value: 0.06693365941964005 and parameters: {'confidence_threshold': 0.7111850244908446, 'training_days': 490, 'n_estimators': 362, 'max_depth': 5, 'num_leaves': 40, 'learning_rate': 0.05960785724162737, 'subsample': 0.5589714368907717, 'colsample_bytree': 0.6659006943232806, 'min_child_samples': 42, 'reg_alpha': 0.6741360303045295, 'reg_lambda': 6.054601607143087e-08}. Best is trial 5 with value: 0.06693365941964005.
[I 2026-06-01 11:07:16,254] Trial 6 finished with value: 0.021978729297723095 and parameters: {'confidence_threshold': 0.667482545748023, 'training_days': 420, 'n_estimators': 279, 'max_depth': 3, 'num_leaves': 45, 'learning_rate': 0.040099592560849204, 'subsample': 0.8563114696415159, 'colsample_bytree': 0.5442917781944105, 'min_child_samples': 50, 'reg_alpha': 1.6407916423707903e-08, 'reg_lambda': 2.935907642973286e-05}. Best is trial 5 with value: 0.06693365941964005.
[I 2026-06-01 11:07:16,415] Trial 7 finished with value: -0.0382870980584103 and parameters: {'confidence_threshold': 0.5497381024139926, 'training_days': 120, 'n_estimators': 408, 'max_depth': 5, 'num_leaves': 38, 'learning_rate': 0.28049122657745795, 'subsample': 0.8806573338635493, 'colsample_bytree': 0.5454054113547102, 'min_child_samples': 63, 'reg_alpha': 0.01263008637940408, 'reg_lambda': 0.04588020805366937}. Best is trial 5 with value: 0.06693365941964005.
[I 2026-06-01 11:07:16,694] Trial 8 finished with value: 0.08330025374844241 and parameters: {'confidence_threshold': 0.719644804808716, 'training_days': 450, 'n_estimators': 410, 'max_depth': 4, 'num_leaves': 57, 'learning_rate': 0.04022026551478857, 'subsample': 0.5336085426932707, 'colsample_bytree': 0.5705742850577543, 'min_child_samples': 100, 'reg_alpha': 5.916398047912201e-07, 'reg_lambda': 0.9794034214488329}. Best is trial 8 with value: 0.08330025374844241.
[I 2026-06-01 11:07:16,722] Trial 9 finished with value: -6.014543846864482 and parameters: {'confidence_threshold': 0.7267463643917187, 'training_days': 20, 'n_estimators': 337, 'max_depth': 5, 'num_leaves': 23, 'learning_rate': 0.022153031811454605, 'subsample': 0.6305627572358737, 'colsample_bytree': 0.6613413774216214, 'min_child_samples': 81, 'reg_alpha': 5.7638634029410314e-08, 'reg_lambda': 8.26603016764008}. Best is trial 8 with value: 0.08330025374844241.
[I 2026-06-01 11:07:17,082] Trial 10 finished with value: -4.059279732753832 and parameters: {'confidence_threshold': 0.8283920119574972, 'training_days': 400, 'n_estimators': 485, 'max_depth': 4, 'num_leaves': 63, 'learning_rate': 0.011927505552849117, 'subsample': 0.7130289643560688, 'colsample_bytree': 0.9944479338273263, 'min_child_samples': 100, 'reg_alpha': 5.0239970328459277e-05, 'reg_lambda': 0.0028438774509831773}. Best is trial 8 with value: 0.08330025374844241.
[I 2026-06-01 11:07:17,494] Trial 11 finished with value: 0.08440157098388598 and parameters: {'confidence_threshold': 0.7828153509856824, 'training_days': 500, 'n_estimators': 478, 'max_depth': 4, 'num_leaves': 59, 'learning_rate': 0.0222741777320615, 'subsample': 0.5003027816920045, 'colsample_bytree': 0.6246686715546547, 'min_child_samples': 49, 'reg_alpha': 2.6958450673238232, 'reg_lambda': 7.301445086692247e-08}. Best is trial 11 with value: 0.08440157098388598.

    [trial 12] 46 features, training_days=480 | threshold=0.640 | labels: 1012 long, 1159 short (47/53%)
    [trial 12] Sharpe=0.0461 (folds: -0.1281, -0.0671, 0.0882, 0.3222, 0.0152)
    [trial 13] 46 features, training_days=500 | threshold=0.750 | labels: 1012 long, 1159 short (47/53%)
    [trial 13] Sharpe=0.0422 (folds: -0.1118, -0.0824, 0.0786, 0.3128, 0.0136)
    [trial 14] 46 features, training_days=340 | threshold=0.661 | labels: 1012 long, 1159 short (47/53%)
    [trial 14] Sharpe=0.0461 (folds: -0.0292, 0.0233, 0.1439, 0.1418, -0.0496)
    [trial 15] 46 features, training_days=420 | threshold=0.776 | labels: 1012 long, 1159 short (47/53%)
    [trial 15] Sharpe=0.0025 (folds: -0.0674, -0.0113, -0.7737, 0.3281, 0.5368)
    [trial 16] 46 features, training_days=270 | threshold=0.702 | labels: 1012 long, 1159 short (47/53%)
    [trial 16] Sharpe=0.0170 (folds: -0.1170, -0.0142, 0.1678, -0.0301, 0.0784)
    [trial 17] 46 features, training_days=430 | threshold=0.622 | labels: 1012 long, 1159 short (47/53%)
    [trial 17] Sharpe=0.0239 (folds: -0.0865, 0.0161, 0.0329, 0.1033, 0.0537)
  Optuna: 18 trials, best Sharpe = 0.0941
  Best params: n_estimators=414, max_depth=3, lr=0.1025, leaves=19
  Best confidence_threshold: 0.832
  Best training_days: 490
  Retrained on full data (1470 samples, 46 features)
  [ensemble 2/3] seed=123
    [trial 0] 46 features, training_days=150 | threshold=0.744 | labels: 1012 long, 1159 short (47/53%)
    [CV fold 0] train_end=2023-07-24 08:00 | val_start=2023-08-01 00:00 | gap=184h (22 rows)
    [CV fold 1] train_end=2023-11-21 16:00 | val_start=2023-11-29 08:00 | gap=184h (22 rows)
    [CV fold 2] train_end=2024-03-21 00:00 | val_start=2024-03-28 16:00 | gap=184h (22 rows)
    [CV fold 3] train_end=2024-07-19 08:00 | val_start=2024-07-27 00:00 | gap=184h (22 rows)
    [CV fold 4] train_end=2024-11-16 16:00 | val_start=2024-11-24 08:00 | gap=184h (22 rows)
    [trial 0] Sharpe=-0.1272 (folds: -0.1297, -0.0697, -0.1292, -0.1191, -0.1881)
    [trial 1] 46 features, training_days=220 | threshold=0.755 | labels: 1012 long, 1159 short (47/53%)
    [trial 1] Sharpe=-6.0957 (folds: -0.0995, -10.0000, -0.3790, -10.0000, -10.0000)
    [trial 2] 46 features, training_days=310 | threshold=0.754 | labels: 1012 long, 1159 short (47/53%)
    [trial 2] Sharpe=-0.0108 (folds: -0.0263, -0.0126, -0.0094, 0.0728, -0.0783)
    [trial 3] 46 features, training_days=220 | threshold=0.673 | labels: 1012 long, 1159 short (47/53%)
    [trial 3] Sharpe=-0.0442 (folds: -0.0601, -0.1378, -0.0136, 0.0759, -0.0852)
    [trial 4] 46 features, training_days=130 | threshold=0.803 | labels: 1012 long, 1159 short (47/53%)
    [trial 4] Sharpe=-0.0633 (folds: -0.1214, -0.1142, -0.0587, -0.1243, 0.1018)
    [trial 5] 46 features, training_days=210 | threshold=0.606 | labels: 1012 long, 1159 short (47/53%)
    [trial 5] Sharpe=-0.0498 (folds: -0.0954, -0.0748, -0.0348, -0.0289, -0.0150)
    [trial 6] 46 features, training_days=130 | threshold=0.767 | labels: 1012 long, 1159 short (47/53%)
    [trial 6] Sharpe=-0.0509 (folds: -0.0725, -0.0578, -0.0907, -0.0025, -0.0313)
    [trial 7] 46 features, training_days=80 | threshold=0.556 | labels: 1012 long, 1159 short (47/53%)
    [trial 7] Sharpe=-0.1850 (folds: -0.1986, -0.0253, -0.3215, -0.2236, -0.1563)
    [trial 8] 46 features, training_days=200 | threshold=0.607 | labels: 1012 long, 1159 short (47/53%)
    [trial 8] Sharpe=-0.0425 (folds: -0.0601, -0.1079, -0.0531, 0.1858, -0.1771)
    [trial 9] 46 features, training_days=260 | threshold=0.620 | labels: 1012 long, 1159 short (47/53%)
    [trial 9] Sharpe=-0.0487 (folds: -0.1281, 0.0087, -0.0721, -0.0616, 0.0096)
    [trial 10] 46 features, training_days=420 | threshold=0.845 | labels: 1012 long, 1159 short (47/53%)
    [trial 10] Sharpe=-1.7689 (folds: 0.2512, -0.1747, 0.3693, -10.0000, 0.7096)
    [trial 11] 46 features, training_days=350 | threshold=0.513 | labels: 1012 long, 1159 short (47/53%)
    [trial 11] Sharpe=0.0194 (folds: -0.1268, -0.0386, 0.1014, 0.1817, -0.0210)
    [trial 12] 46 features, training_days=360 | threshold=0.516 | labels: 1012 long, 1159 short (47/53%)
    [trial 12] Sharpe=-0.0186 (folds: -0.1149, -0.0175, 0.0599, 0.1257, -0.1459)
    [trial 13] 46 features, training_days=340 | threshold=0.676 | labels: 1012 long, 1159 short (47/53%)
    [trial 13] Sharpe=-0.0058 (folds: -0.1325, -0.0290, 0.1096, 0.0970, -0.0743)
    [trial 14] 46 features, training_days=490 | threshold=0.673 | labels: 1012 long, 1159 short (47/53%)
    [trial 14] Sharpe=0.0762 (folds: -0.1332, -0.0702, 0.1111, 0.4231, 0.0503)
    [trial 15] 46 features, training_days=500 | threshold=0.503 | labels: 1012 long, 1159 short (47/53%)
    [trial 15] Sharpe=0.0230 (folds: -0.1285, -0.0664, 0.0499, 0.2848, -0.0248)
    [trial 16] 46 features, training_days=500 | threshold=0.685 | labels: 1012 long, 1159 short (47/53%)
    [trial 16] Sharpe=0.0735 (folds: -0.0929, -0.0747, 0.1278, 0.4014, 0.0059)
    [trial 17] 46 features, training_days=490 | threshold=0.683 | labels: 1012 long, 1159 short (47/53%)
    [trial 17] Sharpe=0.1012 (folds: -0.0768, 0.0208, 0.0951, 0.3754, 0.0916)
  Optuna: 18 trials, best Sharpe = 0.1012
  Best params: n_estimators=263, max_depth=5, lr=0.0524, leaves=15
  Best confidence_threshold: 0.683
  Best training_days: 490
  Retrained on full data (1470 samples, 46 features)
  [ensemble 3/3] seed=456
    [trial 0] 46 features, training_days=90 | threshold=0.587 | labels: 1012 long, 1159 short (47/53%)
    [CV fold 0] train_end=2023-07-24 08:00 | val_start=2023-08-01 00:00 | gap=184h (22 rows)
    [CV fold 1] train_end=2023-11-21 16:00 | val_start=2023-11-29 08:00 | gap=184h (22 rows)
    [CV fold 2] train_end=2024-03-21 00:00 | val_start=2024-03-28 16:00 | gap=184h (22 rows)
    [CV fold 3] train_end=2024-07-19 08:00 | val_start=2024-07-27 00:00 | gap=184h (22 rows)
    [CV fold 4] train_end=2024-11-16 16:00 | val_start=2024-11-24 08:00 | gap=184h (22 rows)
    [trial 0] Sharpe=-0.0485 (folds: -0.0661, -0.0064, -0.1228, -0.0075, -0.0399)
    [trial 1] 46 features, training_days=290 | threshold=0.635 | labels: 1012 long, 1159 short (47/53%)
    [trial 1] Sharpe=-0.0060 (folds: -0.1237, 0.0823, -0.0108, -0.0532, 0.0753)
    [trial 2] 46 features, training_days=10 | threshold=0.585 | labels: 1012 long, 1159 short (47/53%)
    [trial 2] Sharpe=-0.1115 (folds: -0.1091, -0.1107, -0.3499, -0.0831, 0.0950)
    [trial 3] 46 features, training_days=220 | threshold=0.687 | labels: 1012 long, 1159 short (47/53%)
    [trial 3] Sharpe=-0.0623 (folds: 0.0539, -0.0164, -0.1335, -0.0870, -0.1283)
    [trial 4] 46 features, training_days=300 | threshold=0.562 | labels: 1012 long, 1159 short (47/53%)
    [trial 4] Sharpe=-0.0232 (folds: -0.1344, -0.0381, -0.0042, 0.0354, 0.0255)
    [trial 5] 46 features, training_days=490 | threshold=0.711 | labels: 1012 long, 1159 short (47/53%)
    [trial 5] Sharpe=0.0669 (folds: -0.1533, -0.0680, 0.1573, 0.4371, -0.0383)
    [trial 6] 46 features, training_days=420 | threshold=0.667 | labels: 1012 long, 1159 short (47/53%)
    [trial 6] Sharpe=0.0220 (folds: -0.0785, -0.0679, -0.0908, 0.3126, 0.0345)
    [trial 7] 46 features, training_days=120 | threshold=0.550 | labels: 1012 long, 1159 short (47/53%)
    [trial 7] Sharpe=-0.0383 (folds: -0.0974, -0.0849, -0.0328, 0.0002, 0.0235)
    [trial 8] 46 features, training_days=450 | threshold=0.720 | labels: 1012 long, 1159 short (47/53%)
    [trial 8] Sharpe=0.0833 (folds: -0.0476, -0.0354, 0.0975, 0.2773, 0.1247)
    [trial 9] 46 features, training_days=20 | threshold=0.727 | labels: 1012 long, 1159 short (47/53%)
    [trial 9] Sharpe=-6.0145 (folds: -10.0000, -10.0000, 0.1657, -10.0000, -0.2385)
    [trial 10] 46 features, training_days=400 | threshold=0.828 | labels: 1012 long, 1159 short (47/53%)
    [trial 10] Sharpe=-4.0593 (folds: -0.5093, -0.2653, -10.0000, -10.0000, 0.4782)
    [trial 11] 46 features, training_days=500 | threshold=0.783 | labels: 1012 long, 1159 short (47/53%)
    [trial 11] Sharpe=0.0844 (folds: -0.0642, -0.0856, 0.0176, 0.3136, 0.2406)
    [trial 12] 46 features, training_days=500 | threshold=0.785 | labels: 1012 long, 1159 short (47/53%)
    [trial 12] Sharpe=0.1191 (folds: -0.0343, -0.0461, -0.0372, 0.4548, 0.2584)[I 2026-06-01 11:07:17,883] Trial 12 finished with value: 0.11912682497704645 and parameters: {'confidence_threshold': 0.7852902068129668, 'training_days': 500, 'n_estimators': 490, 'max_depth': 4, 'num_leaves': 60, 'learning_rate': 0.015819891285760945, 'subsample': 0.6827568067725769, 'colsample_bytree': 0.6318374051608052, 'min_child_samples': 62, 'reg_alpha': 5.113460481149383e-05, 'reg_lambda': 2.084779946662195e-06}. Best is trial 12 with value: 0.11912682497704645.
[I 2026-06-01 11:07:18,266] Trial 13 finished with value: 0.10316406837096614 and parameters: {'confidence_threshold': 0.8075016708616907, 'training_days': 350, 'n_estimators': 497, 'max_depth': 4, 'num_leaves': 55, 'learning_rate': 0.010589574497002699, 'subsample': 0.707459959804647, 'colsample_bytree': 0.6458784847722615, 'min_child_samples': 59, 'reg_alpha': 9.666828633731165e-05, 'reg_lambda': 1.8799948266058237e-06}. Best is trial 12 with value: 0.11912682497704645.
[I 2026-06-01 11:07:18,647] Trial 14 finished with value: -1.9142289748997747 and parameters: {'confidence_threshold': 0.8477019902472921, 'training_days': 360, 'n_estimators': 500, 'max_depth': 4, 'num_leaves': 54, 'learning_rate': 0.010665988421236793, 'subsample': 0.7104993323658245, 'colsample_bytree': 0.735493680008608, 'min_child_samples': 65, 'reg_alpha': 4.5476872010235805e-05, 'reg_lambda': 2.2389153235544636e-06}. Best is trial 12 with value: 0.11912682497704645.
[I 2026-06-01 11:07:18,892] Trial 15 finished with value: -0.09286095820191034 and parameters: {'confidence_threshold': 0.7829525506318393, 'training_days': 220, 'n_estimators': 442, 'max_depth': 4, 'num_leaves': 52, 'learning_rate': 0.017007521180637766, 'subsample': 0.774662734433948, 'colsample_bytree': 0.502925720040233, 'min_child_samples': 76, 'reg_alpha': 0.0019769229787996046, 'reg_lambda': 2.7466117597989897e-06}. Best is trial 12 with value: 0.11912682497704645.
[I 2026-06-01 11:07:19,141] Trial 16 finished with value: 0.07693373131679218 and parameters: {'confidence_threshold': 0.7809712285122007, 'training_days': 360, 'n_estimators': 298, 'max_depth': 4, 'num_leaves': 51, 'learning_rate': 0.015399046290963503, 'subsample': 0.6577011495975604, 'colsample_bytree': 0.6383539342358165, 'min_child_samples': 54, 'reg_alpha': 1.490006903419763e-05, 'reg_lambda': 2.5721646632619745e-06}. Best is trial 12 with value: 0.11912682497704645.
[I 2026-06-01 11:07:19,302] Trial 17 finished with value: -0.04873733164918448 and parameters: {'confidence_threshold': 0.5080881579696632, 'training_days': 330, 'n_estimators': 219, 'max_depth': 3, 'num_leaves': 63, 'learning_rate': 0.02573145731332585, 'subsample': 0.6939345133019778, 'colsample_bytree': 0.6956748929310729, 'min_child_samples': 67, 'reg_alpha': 0.009117361187310847, 'reg_lambda': 0.001352150060975526}. Best is trial 12 with value: 0.11912682497704645.
[I 2026-06-01 11:07:20,027] A new study created in memory with name: no-name-1658b68a-7358-487f-a682-756f884625a1
[I 2026-06-01 11:07:20,388] Trial 0 finished with value: 0.02890044073155882 and parameters: {'confidence_threshold': 0.6310890415965769, 'training_days': 480, 'n_estimators': 380, 'max_depth': 4, 'num_leaves': 22, 'learning_rate': 0.01699897838270077, 'subsample': 0.5290418060840998, 'colsample_bytree': 0.9330880728874675, 'min_child_samples': 68, 'reg_alpha': 0.023585940584142682, 'reg_lambda': 1.5320059381854043e-08}. Best is trial 0 with value: 0.02890044073155882.
[I 2026-06-01 11:07:20,505] Trial 1 finished with value: -6.158744314947809 and parameters: {'confidence_threshold': 0.839468448256698, 'training_days': 420, 'n_estimators': 145, 'max_depth': 3, 'num_leaves': 23, 'learning_rate': 0.028145092716060652, 'subsample': 0.762378215816119, 'colsample_bytree': 0.7159725093210578, 'min_child_samples': 43, 'reg_alpha': 0.0032112643094417484, 'reg_lambda': 1.8007140198129195e-07}. Best is trial 0 with value: 0.02890044073155882.
[I 2026-06-01 11:07:20,660] Trial 2 finished with value: -0.11518764281562714 and parameters: {'confidence_threshold': 0.6022506269873263, 'training_days': 190, 'n_estimators': 255, 'max_depth': 5, 'num_leaves': 24, 'learning_rate': 0.05748924681991978, 'subsample': 0.7962072844310213, 'colsample_bytree': 0.5232252063599989, 'min_child_samples': 69, 'reg_alpha': 3.425445902633376e-07, 'reg_lambda': 3.850031979199519e-08}. Best is trial 0 with value: 0.02890044073155882.
[I 2026-06-01 11:07:20,922] Trial 3 finished with value: -0.004452175393969698 and parameters: {'confidence_threshold': 0.8321099380386666, 'training_days': 490, 'n_estimators': 414, 'max_depth': 3, 'num_leaves': 19, 'learning_rate': 0.1024932221692416, 'subsample': 0.7200762468698007, 'colsample_bytree': 0.5610191174223894, 'min_child_samples': 60, 'reg_alpha': 2.039373116525212e-08, 'reg_lambda': 1.527156759251193}. Best is trial 0 with value: 0.02890044073155882.
[I 2026-06-01 11:07:21,104] Trial 4 finished with value: -0.032457385356707356 and parameters: {'confidence_threshold': 0.5905729935600059, 'training_days': 340, 'n_estimators': 190, 'max_depth': 4, 'num_leaves': 41, 'learning_rate': 0.01875220945578641, 'subsample': 0.9847923138822793, 'colsample_bytree': 0.8875664116805573, 'min_child_samples': 96, 'reg_alpha': 1.1309571585271483, 'reg_lambda': 0.002404915432737351}. Best is trial 0 with value: 0.02890044073155882.
[I 2026-06-01 11:07:21,145] Trial 5 finished with value: -2.09423874004067 and parameters: {'confidence_threshold': 0.8226559822580909, 'training_days': 50, 'n_estimators': 138, 'max_depth': 3, 'num_leaves': 30, 'learning_rate': 0.03750796359625606, 'subsample': 0.6356745158869479, 'colsample_bytree': 0.9143687545759647, 'min_child_samples': 48, 'reg_alpha': 3.376063348877853e-06, 'reg_lambda': 0.0007660634613082914}. Best is trial 0 with value: 0.02890044073155882.
[I 2026-06-01 11:07:21,258] Trial 6 finished with value: -0.04103098208129079 and parameters: {'confidence_threshold': 0.5493234787411669, 'training_days': 410, 'n_estimators': 83, 'max_depth': 5, 'num_leaves': 52, 'learning_rate': 0.019657448966046126, 'subsample': 0.5027610585618012, 'colsample_bytree': 0.9077307142274171, 'min_child_samples': 77, 'reg_alpha': 0.03639690979811287, 'reg_lambda': 0.08738424135626986}. Best is trial 0 with value: 0.02890044073155882.
[I 2026-06-01 11:07:21,352] Trial 7 finished with value: -0.1432123729865737 and parameters: {'confidence_threshold': 0.5259156281069316, 'training_days': 180, 'n_estimators': 102, 'max_depth': 5, 'num_leaves': 45, 'learning_rate': 0.030816017044468066, 'subsample': 0.5317791751430119, 'colsample_bytree': 0.6554911608578311, 'min_child_samples': 46, 'reg_alpha': 0.036851536911881845, 'reg_lambda': 0.005470376807480391}. Best is trial 0 with value: 0.02890044073155882.
[I 2026-06-01 11:07:21,457] Trial 8 finished with value: -0.1599015961229373 and parameters: {'confidence_threshold': 0.8105244599017143, 'training_days': 240, 'n_estimators': 103, 'max_depth': 5, 'num_leaves': 52, 'learning_rate': 0.06746437142284309, 'subsample': 0.8854835899772805, 'colsample_bytree': 0.7468977981821954, 'min_child_samples': 62, 'reg_alpha': 7.04480806377519e-05, 'reg_lambda': 1.6934490731313353e-08}. Best is trial 0 with value: 0.02890044073155882.
[I 2026-06-01 11:07:21,484] Trial 9 finished with value: -2.017475739422091 and parameters: {'confidence_threshold': 0.5377619994476566, 'training_days': 20, 'n_estimators': 337, 'max_depth': 3, 'num_leaves': 39, 'learning_rate': 0.21907142272152816, 'subsample': 0.6246461145744375, 'colsample_bytree': 0.7051914615178149, 'min_child_samples': 81, 'reg_alpha': 1.1459970229341322e-06, 'reg_lambda': 4.929685216887945e-08}. Best is trial 0 with value: 0.02890044073155882.
