[I 2026-06-01 11:02:15,845] Trial 17 finished with value: -0.03653420437424376 and parameters: {'confidence_threshold': 0.5080881579696632, 'training_days': 220, 'n_estimators': 221, 'max_depth': 3, 'num_leaves': 16, 'learning_rate': 0.025462508305942426, 'subsample': 0.8002407697944357, 'colsample_bytree': 0.9297196551880647, 'min_child_samples': 57, 'reg_alpha': 0.0016049689750807963, 'reg_lambda': 0.001352150060975526}. Best is trial 10 with value: 0.2013578515625186.
[I 2026-06-01 11:02:16,281] A new study created in memory with name: no-name-e561115c-107f-4df9-80f2-d95ad06a8fd9

  Optuna: 18 trials, best Sharpe = 0.0471
  Best params: n_estimators=367, max_depth=5, lr=0.1338, leaves=32
  Best confidence_threshold: 0.607
  Best training_days: 200
  Retrained on full data (600 samples, 46 features)
  [ensemble 3/3] seed=456
    [trial 0] 46 features, training_days=90 | threshold=0.587 | labels: 1104 long, 1064 short (51/49%)
    [CV fold 0] train_end=2021-02-22 08:00 | val_start=2021-03-02 00:00 | gap=184h (22 rows)
    [CV fold 1] train_end=2021-06-22 16:00 | val_start=2021-06-30 08:00 | gap=184h (22 rows)
    [CV fold 2] train_end=2021-10-21 00:00 | val_start=2021-10-28 16:00 | gap=184h (22 rows)
    [CV fold 3] train_end=2022-02-18 08:00 | val_start=2022-02-26 00:00 | gap=184h (22 rows)
    [CV fold 4] train_end=2022-06-18 16:00 | val_start=2022-06-26 08:00 | gap=184h (22 rows)
    [trial 0] Sharpe=0.0035 (folds: -0.0173, 0.1296, -0.1129, -0.0613, 0.0791)
    [trial 1] 46 features, training_days=290 | threshold=0.635 | labels: 1104 long, 1064 short (51/49%)
    [trial 1] Sharpe=-0.0492 (folds: -0.0036, 0.0709, -0.1697, 0.0003, -0.1438)
    [trial 2] 46 features, training_days=10 | threshold=0.585 | labels: 1104 long, 1064 short (51/49%)
    [trial 2] Sharpe=-2.0170 (folds: -0.0796, -10.0000, -0.2571, 0.1716, 0.0802)
    [trial 3] 46 features, training_days=220 | threshold=0.687 | labels: 1104 long, 1064 short (51/49%)
    [trial 3] Sharpe=-0.0438 (folds: -0.0442, 0.1224, -0.2046, 0.0492, -0.1416)
    [trial 4] 46 features, training_days=300 | threshold=0.562 | labels: 1104 long, 1064 short (51/49%)
    [trial 4] Sharpe=0.0464 (folds: 0.0140, 0.1680, -0.0603, 0.1664, -0.0563)
    [trial 5] 46 features, training_days=490 | threshold=0.711 | labels: 1104 long, 1064 short (51/49%)
    [trial 5] Sharpe=0.0648 (folds: 0.0356, 0.1875, -0.0654, 0.1737, -0.0072)
    [trial 6] 46 features, training_days=420 | threshold=0.667 | labels: 1104 long, 1064 short (51/49%)
    [trial 6] Sharpe=0.0354 (folds: 0.0142, 0.1153, -0.1401, 0.2951, -0.1077)
    [trial 7] 46 features, training_days=120 | threshold=0.550 | labels: 1104 long, 1064 short (51/49%)
    [trial 7] Sharpe=-0.0356 (folds: -0.0718, 0.0408, -0.0298, -0.0164, -0.1007)
    [trial 8] 46 features, training_days=450 | threshold=0.720 | labels: 1104 long, 1064 short (51/49%)
    [trial 8] Sharpe=-0.0029 (folds: -0.0216, 0.1396, -0.1865, 0.1575, -0.1033)
    [trial 9] 46 features, training_days=20 | threshold=0.727 | labels: 1104 long, 1064 short (51/49%)
    [trial 9] Sharpe=-2.0895 (folds: -0.0755, -0.2863, -0.2571, 0.1716, -10.0000)
    [trial 10] 46 features, training_days=490 | threshold=0.828 | labels: 1104 long, 1064 short (51/49%)
    [trial 10] Sharpe=0.2014 (folds: 0.0221, 0.2950, -0.2983, 0.9488, 0.0391)
    [trial 11] 46 features, training_days=500 | threshold=0.843 | labels: 1104 long, 1064 short (51/49%)
    [trial 11] Sharpe=-2.0442 (folds: 0.0134, 0.3552, -0.3211, -10.0000, -0.2686)
    [trial 12] 46 features, training_days=380 | threshold=0.824 | labels: 1104 long, 1064 short (51/49%)
    [trial 12] Sharpe=0.0887 (folds: 0.0130, 0.3873, -0.3962, 0.5863, -0.1470)
    [trial 13] 46 features, training_days=380 | threshold=0.848 | labels: 1104 long, 1064 short (51/49%)
    [trial 13] Sharpe=0.1286 (folds: 0.0270, 0.4473, -0.3260, 0.4948, -0.0000)
    [trial 14] 46 features, training_days=360 | threshold=0.794 | labels: 1104 long, 1064 short (51/49%)
    [trial 14] Sharpe=-0.0091 (folds: -0.0171, 0.2287, -0.2745, 0.1847, -0.1673)
    [trial 15] 46 features, training_days=340 | threshold=0.783 | labels: 1104 long, 1064 short (51/49%)
    [trial 15] Sharpe=0.0643 (folds: 0.0613, 0.2627, -0.2382, 0.3188, -0.0832)
    [trial 16] 46 features, training_days=430 | threshold=0.772 | labels: 1104 long, 1064 short (51/49%)
    [trial 16] Sharpe=0.0531 (folds: 0.1275, 0.3620, -0.2464, -0.0955, 0.1181)
    [trial 17] 46 features, training_days=220 | threshold=0.508 | labels: 1104 long, 1064 short (51/49%)
    [trial 17] Sharpe=-0.0365 (folds: 0.0564, 0.1392, -0.1712, -0.1229, -0.0841)
  Optuna: 18 trials, best Sharpe = 0.2014
  Best params: n_estimators=485, max_depth=4, lr=0.0131, leaves=15
  Best confidence_threshold: 0.828
  Best training_days: 490
  Retrained on full data (1470 samples, 46 features)
  OOD: 16 features, cutoff (q=0.7) = 13.83
  Model trained for 2022-11: 90 test candles with features, confidence_threshold=0.741
[trade:close] 2022-11-04 15:59 DOTUSDT SHORT → stop_loss @ 6.96 | PnL=-4.62% (net -4.72%) | cum=-7.27% 2022-11=-4.72% 2022-11-04=-4.72%
[lgbm] === Training for 2022-12 ===
  Train window: 2020-12-01 → 2022-11-23
  2168 training samples from 1 symbols
  Samples per month: 2020-12: 93, 2021-01: 93, 2021-02: 84, 2021-03: 93, 2021-04: 90, 2021-05: 93, 2021-06: 90, 2021-07: 93, 2021-08: 93, 2021-09: 90, 2021-10: 93, 2021-11: 90, 2021-12: 93, 2022-01: 93, 2022-02: 84, 2022-03: 93, 2022-04: 90, 2022-05: 93, 2022-06: 90, 2022-07: 93, 2022-08: 93, 2022-09: 90, 2022-10: 93, 2022-11: 68
  [label] 2021-01-31 16:00 DOTUSDT entry=16.1440 → LONG | long=tp(+22.84%) short=sl(-11.57%) | scanned=8 | long_tp_only
  [label] 2021-02-02 16:00 DOTUSDT entry=17.2130 → LONG | long=tp(+19.45%) short=sl(-9.88%) | scanned=3 | long_tp_only
  [label] 2021-02-06 16:00 DOTUSDT entry=20.4050 → LONG | long=tp(+21.60%) short=sl(-10.95%) | scanned=11 | long_tp_only
  [label] 2021-03-03 08:00 DOTUSDT entry=37.3860 → LONG | long=sl(-13.25%) short=timeout(-4.73%) | scanned=22 | no_tp→fwd_return=+4.6301
  [label] 2021-04-24 16:00 DOTUSDT entry=29.0000 → LONG | long=timeout(+27.34%) short=sl(-18.11%) | scanned=22 | no_tp→fwd_return=+27.4448
  [label] 2021-10-07 16:00 DOTUSDT entry=34.0250 → LONG | long=tp(+16.53%) short=sl(-8.42%) | scanned=18 | long_tp_only
  [label] 2021-10-11 16:00 DOTUSDT entry=34.1350 → LONG | long=tp(+16.43%) short=sl(-8.37%) | scanned=6 | long_tp_only
  [label] 2021-10-22 08:00 DOTUSDT entry=44.3860 → SHORT | long=sl(-8.33%) short=timeout(+2.24%) | scanned=22 | no_tp→fwd_return=-2.3363
  [label] 2021-12-06 08:00 DOTUSDT entry=27.0670 → SHORT | long=timeout(-2.17%) short=sl(-15.56%) | scanned=22 | no_tp→fwd_return=-2.0726
  [label] 2021-12-14 16:00 DOTUSDT entry=26.1190 → SHORT | long=sl(-10.90%) short=timeout(+3.64%) | scanned=22 | no_tp→fwd_return=-3.7444
  [label] 2022-03-15 00:00 DOTUSDT entry=17.1830 → LONG | long=tp(+14.45%) short=sl(-7.37%) | scanned=13 | long_tp_only
  [label] 2022-04-16 00:00 DOTUSDT entry=18.3270 → LONG | long=sl(-5.77%) short=sl(-5.77%) | scanned=13 | no_tp→fwd_return=+4.1141
  [label] 2022-05-02 00:00 DOTUSDT entry=15.3240 → SHORT | long=sl(-7.55%) short=tp(+14.79%) | scanned=20 | short_tp_only
  [label] 2022-05-14 16:00 DOTUSDT entry=11.2940 → SHORT | long=timeout(-11.72%) short=timeout(+11.52%) | scanned=22 | no_tp→fwd_return=-11.6168
  [label] 2022-06-02 08:00 DOTUSDT entry=9.5890 → SHORT | long=timeout(-3.57%) short=timeout(+3.37%) | scanned=22 | no_tp→fwd_return=-3.4727
  [label] 2022-06-08 16:00 DOTUSDT entry=8.9950 → SHORT | long=sl(-7.68%) short=tp(+15.07%) | scanned=10 | short_tp_only
  [label] 2022-06-21 00:00 DOTUSDT entry=8.0870 → SHORT | long=timeout(-4.77%) short=timeout(+4.57%) | scanned=22 | no_tp→fwd_return=-4.6742
  [label] 2022-07-30 08:00 DOTUSDT entry=8.6510 → LONG | long=sl(-8.03%) short=timeout(-0.57%) | scanned=22 | no_tp→fwd_return=+0.4739
  [label] 2022-08-09 08:00 DOTUSDT entry=8.6900 → LONG | long=timeout(+1.06%) short=sl(-7.62%) | scanned=22 | no_tp→fwd_return=+1.1623
  [label] 2022-11-03 08:00 DOTUSDT entry=6.4400 → LONG | long=tp(+10.68%) short=sl(-5.49%) | scanned=5 | long_tp_only
  Labels: 1069 long (49.3%), 1099 short (50.7%) | weights: min=1.00, mean=3.57, max=10.00
  Features: 2168/2168 matched, 46 columns
  CV gap: 22 rows
  [ensemble 1/3] seed=42
    [trial 0] 46 features, training_days=480 | threshold=0.631 | labels: 1069 long, 1099 short (49/51%)
    [CV fold 0] train_end=2021-03-24 08:00 | val_start=2021-04-01 00:00 | gap=184h (22 rows)
    [CV fold 1] train_end=2021-07-22 16:00 | val_start=2021-07-30 08:00 | gap=184h (22 rows)
    [CV fold 2] train_end=2021-11-20 00:00 | val_start=2021-11-27 16:00 | gap=184h (22 rows)
    [CV fold 3] train_end=2022-03-20 08:00 | val_start=2022-03-28 00:00 | gap=184h (22 rows)[I 2026-06-01 11:02:16,589] Trial 0 finished with value: -0.062170084766582145 and parameters: {'confidence_threshold': 0.6310890415965769, 'training_days': 480, 'n_estimators': 380, 'max_depth': 4, 'num_leaves': 22, 'learning_rate': 0.01699897838270077, 'subsample': 0.5290418060840998, 'colsample_bytree': 0.9330880728874675, 'min_child_samples': 68, 'reg_alpha': 0.023585940584142682, 'reg_lambda': 1.5320059381854043e-08}. Best is trial 0 with value: -0.062170084766582145.
[I 2026-06-01 11:02:16,696] Trial 1 finished with value: -4.267829941705093 and parameters: {'confidence_threshold': 0.839468448256698, 'training_days': 420, 'n_estimators': 145, 'max_depth': 3, 'num_leaves': 23, 'learning_rate': 0.028145092716060652, 'subsample': 0.762378215816119, 'colsample_bytree': 0.7159725093210578, 'min_child_samples': 43, 'reg_alpha': 0.0032112643094417484, 'reg_lambda': 1.8007140198129195e-07}. Best is trial 0 with value: -0.062170084766582145.
[I 2026-06-01 11:02:16,847] Trial 2 finished with value: -0.10278042368804033 and parameters: {'confidence_threshold': 0.6022506269873263, 'training_days': 190, 'n_estimators': 255, 'max_depth': 5, 'num_leaves': 24, 'learning_rate': 0.05748924681991978, 'subsample': 0.7962072844310213, 'colsample_bytree': 0.5232252063599989, 'min_child_samples': 69, 'reg_alpha': 3.425445902633376e-07, 'reg_lambda': 3.850031979199519e-08}. Best is trial 0 with value: -0.062170084766582145.
[I 2026-06-01 11:02:17,108] Trial 3 finished with value: -0.09029697943460681 and parameters: {'confidence_threshold': 0.8321099380386666, 'training_days': 490, 'n_estimators': 414, 'max_depth': 3, 'num_leaves': 19, 'learning_rate': 0.1024932221692416, 'subsample': 0.7200762468698007, 'colsample_bytree': 0.5610191174223894, 'min_child_samples': 60, 'reg_alpha': 2.039373116525212e-08, 'reg_lambda': 1.527156759251193}. Best is trial 0 with value: -0.062170084766582145.
[I 2026-06-01 11:02:17,248] Trial 4 finished with value: -0.184664665659596 and parameters: {'confidence_threshold': 0.5905729935600059, 'training_days': 340, 'n_estimators': 190, 'max_depth': 4, 'num_leaves': 41, 'learning_rate': 0.01875220945578641, 'subsample': 0.9847923138822793, 'colsample_bytree': 0.8875664116805573, 'min_child_samples': 96, 'reg_alpha': 1.1309571585271483, 'reg_lambda': 0.002404915432737351}. Best is trial 0 with value: -0.062170084766582145.
[I 2026-06-01 11:02:17,288] Trial 5 finished with value: -0.3714305550042444 and parameters: {'confidence_threshold': 0.8226559822580909, 'training_days': 50, 'n_estimators': 138, 'max_depth': 3, 'num_leaves': 30, 'learning_rate': 0.03750796359625606, 'subsample': 0.6356745158869479, 'colsample_bytree': 0.9143687545759647, 'min_child_samples': 48, 'reg_alpha': 3.376063348877853e-06, 'reg_lambda': 0.0007660634613082914}. Best is trial 0 with value: -0.062170084766582145.
[I 2026-06-01 11:02:17,399] Trial 6 finished with value: -0.059548902333379006 and parameters: {'confidence_threshold': 0.5493234787411669, 'training_days': 410, 'n_estimators': 83, 'max_depth': 5, 'num_leaves': 52, 'learning_rate': 0.019657448966046126, 'subsample': 0.5027610585618012, 'colsample_bytree': 0.9077307142274171, 'min_child_samples': 77, 'reg_alpha': 0.03639690979811287, 'reg_lambda': 0.08738424135626986}. Best is trial 6 with value: -0.059548902333379006.
[I 2026-06-01 11:02:17,478] Trial 7 finished with value: -0.0678081043935712 and parameters: {'confidence_threshold': 0.5259156281069316, 'training_days': 180, 'n_estimators': 102, 'max_depth': 5, 'num_leaves': 45, 'learning_rate': 0.030816017044468066, 'subsample': 0.5317791751430119, 'colsample_bytree': 0.6554911608578311, 'min_child_samples': 46, 'reg_alpha': 0.036851536911881845, 'reg_lambda': 0.005470376807480391}. Best is trial 6 with value: -0.059548902333379006.
[I 2026-06-01 11:02:17,574] Trial 8 finished with value: -0.16933293578284356 and parameters: {'confidence_threshold': 0.8105244599017143, 'training_days': 240, 'n_estimators': 103, 'max_depth': 5, 'num_leaves': 52, 'learning_rate': 0.06746437142284309, 'subsample': 0.8854835899772805, 'colsample_bytree': 0.7468977981821954, 'min_child_samples': 62, 'reg_alpha': 7.04480806377519e-05, 'reg_lambda': 1.6934490731313353e-08}. Best is trial 6 with value: -0.059548902333379006.
[I 2026-06-01 11:02:17,595] Trial 9 finished with value: -2.006109225478464 and parameters: {'confidence_threshold': 0.5377619994476566, 'training_days': 20, 'n_estimators': 337, 'max_depth': 3, 'num_leaves': 39, 'learning_rate': 0.21907142272152816, 'subsample': 0.6246461145744375, 'colsample_bytree': 0.7051914615178149, 'min_child_samples': 81, 'reg_alpha': 1.1459970229341322e-06, 'reg_lambda': 4.929685216887945e-08}. Best is trial 6 with value: -0.059548902333379006.
[I 2026-06-01 11:02:18,216] Trial 10 finished with value: -0.1376900355811635 and parameters: {'confidence_threshold': 0.7378545837642324, 'training_days': 350, 'n_estimators': 487, 'max_depth': 5, 'num_leaves': 62, 'learning_rate': 0.011407797829608154, 'subsample': 0.628963476300746, 'colsample_bytree': 0.8340915966600303, 'min_child_samples': 27, 'reg_alpha': 8.536188349289, 'reg_lambda': 8.145051292774586}. Best is trial 6 with value: -0.059548902333379006.
[I 2026-06-01 11:02:18,465] Trial 11 finished with value: -0.024132975338555684 and parameters: {'confidence_threshold': 0.6622311673084612, 'training_days': 480, 'n_estimators': 298, 'max_depth': 4, 'num_leaves': 55, 'learning_rate': 0.010345547951401532, 'subsample': 0.5020876636914846, 'colsample_bytree': 0.9670246438738912, 'min_child_samples': 81, 'reg_alpha': 0.04080560208552622, 'reg_lambda': 7.868729181011707e-06}. Best is trial 11 with value: -0.024132975338555684.
[I 2026-06-01 11:02:18,648] Trial 12 finished with value: -0.09336838622820216 and parameters: {'confidence_threshold': 0.6931924535462305, 'training_days': 380, 'n_estimators': 228, 'max_depth': 4, 'num_leaves': 63, 'learning_rate': 0.010342884934290602, 'subsample': 0.5208452984523537, 'colsample_bytree': 0.9955462072303609, 'min_child_samples': 87, 'reg_alpha': 0.18159849136973016, 'reg_lambda': 8.348297043432798e-06}. Best is trial 11 with value: -0.024132975338555684.
[I 2026-06-01 11:02:18,910] Trial 13 finished with value: -0.06279555732847895 and parameters: {'confidence_threshold': 0.6749984841650835, 'training_days': 430, 'n_estimators': 333, 'max_depth': 4, 'num_leaves': 52, 'learning_rate': 0.018044904132800254, 'subsample': 0.5008302308989296, 'colsample_bytree': 0.8281762227335532, 'min_child_samples': 80, 'reg_alpha': 0.0010695159048720376, 'reg_lambda': 0.12873338729896155}. Best is trial 11 with value: -0.024132975338555684.
[I 2026-06-01 11:02:18,972] Trial 14 finished with value: -7.973178654986972 and parameters: {'confidence_threshold': 0.7467244789105287, 'training_days': 290, 'n_estimators': 59, 'max_depth': 4, 'num_leaves': 55, 'learning_rate': 0.010283861134240724, 'subsample': 0.5922857698754815, 'colsample_bytree': 0.9897127958863723, 'min_child_samples': 100, 'reg_alpha': 6.464169364162385e-05, 'reg_lambda': 7.565770484313319e-06}. Best is trial 11 with value: -0.024132975338555684.
[I 2026-06-01 11:02:19,259] Trial 15 finished with value: -0.06593034329914305 and parameters: {'confidence_threshold': 0.5030249343859473, 'training_days': 500, 'n_estimators': 300, 'max_depth': 5, 'num_leaves': 47, 'learning_rate': 0.021220183925083493, 'subsample': 0.6943845973931931, 'colsample_bytree': 0.8315990194117981, 'min_child_samples': 76, 'reg_alpha': 0.24871869028789992, 'reg_lambda': 8.602986234924761e-06}. Best is trial 11 with value: -0.024132975338555684.
[I 2026-06-01 11:02:19,437] Trial 16 finished with value: -0.07052821706379941 and parameters: {'confidence_threshold': 0.5706275034556845, 'training_days': 410, 'n_estimators': 212, 'max_depth': 4, 'num_leaves': 57, 'learning_rate': 0.09806146822400062, 'subsample': 0.852452507067186, 'colsample_bytree': 0.9575057488483024, 'min_child_samples': 91, 'reg_alpha': 0.010107913018282538, 'reg_lambda': 0.028527205491035986}. Best is trial 11 with value: -0.024132975338555684.
[I 2026-06-01 11:02:19,643] Trial 17 finished with value: -0.09782798300860798 and parameters: {'confidence_threshold': 0.6341731090209894, 'training_days': 290, 'n_estimators': 289, 'max_depth': 4, 'num_leaves': 34, 'learning_rate': 0.04302553031342478, 'subsample': 0.5788466305672898, 'colsample_bytree': 0.8803609155918469, 'min_child_samples': 75, 'reg_alpha': 0.00018400415011927504, 'reg_lambda': 7.020354078392673e-05}. Best is trial 11 with value: -0.024132975338555684.
[I 2026-06-01 11:02:19,793] A new study created in memory with name: no-name-88e7eb2d-935f-4f9d-b863-a6b548f5cc48
[I 2026-06-01 11:02:19,887] Trial 0 finished with value: -0.15913218369394247 and parameters: {'confidence_threshold': 0.7437642149592516, 'training_days': 150, 'n_estimators': 152, 'max_depth': 4, 'num_leaves': 50, 'learning_rate': 0.04216766425047743, 'subsample': 0.9903820991923078, 'colsample_bytree': 0.8424148692924316, 'min_child_samples': 58, 'reg_alpha': 3.381097259762742e-05, 'reg_lambda': 1.2263152961306247e-05}. Best is trial 0 with value: -0.15913218369394247.
[I 2026-06-01 11:02:19,951] Trial 1 finished with value: -2.0711189819519276 and parameters: {'confidence_threshold': 0.7551673975844145, 'training_days': 220, 'n_estimators': 76, 'max_depth': 4, 'num_leaves': 51, 'learning_rate': 0.018602118810743477, 'subsample': 0.5877258780737462, 'colsample_bytree': 0.7657756869209191, 'min_child_samples': 63, 'reg_alpha': 0.005123994170264194, 'reg_lambda': 0.44145470178120466}. Best is trial 0 with value: -0.15913218369394247.
[I 2026-06-01 11:02:20,187] Trial 2 finished with value: -0.06809341353790196 and parameters: {'confidence_threshold': 0.7535593637012223, 'training_days': 310, 'n_estimators': 375, 'max_depth': 3, 'num_leaves': 32, 'learning_rate': 0.021735641882032388, 'subsample': 0.6468570231944146, 'colsample_bytree': 0.8154880619272439, 'min_child_samples': 27, 'reg_alpha': 8.004064028491336e-05, 'reg_lambda': 7.546835261630524e-05}. Best is trial 2 with value: -0.06809341353790196.
[I 2026-06-01 11:02:20,337] Trial 3 finished with value: -0.06232205845312423 and parameters: {'confidence_threshold': 0.6727897841776072, 'training_days': 220, 'n_estimators': 190, 'max_depth': 4, 'num_leaves': 58, 'learning_rate': 0.24810689332636193, 'subsample': 0.7509183379421682, 'colsample_bytree': 0.8119764758960556, 'min_child_samples': 29, 'reg_alpha': 7.1708285081421445e-06, 'reg_lambda': 5.412973582738627e-05}. Best is trial 3 with value: -0.06232205845312423.
[I 2026-06-01 11:02:20,448] Trial 4 finished with value: -0.07804067984590904 and parameters: {'confidence_threshold': 0.803208205259178, 'training_days': 130, 'n_estimators': 267, 'max_depth': 5, 'num_leaves': 40, 'learning_rate': 0.08041175317374143, 'subsample': 0.5603143329951619, 'colsample_bytree': 0.9131704002534167, 'min_child_samples': 68, 'reg_alpha': 0.0008046593428183385, 'reg_lambda': 1.2158346158765583e-05}. Best is trial 3 with value: -0.06232205845312423.
[I 2026-06-01 11:02:20,672] Trial 5 finished with value: -0.06691643072809893 and parameters: {'confidence_threshold': 0.6064422761595144, 'training_days': 210, 'n_estimators': 357, 'max_depth': 5, 'num_leaves': 40, 'learning_rate': 0.0974221287220869, 'subsample': 0.7929682762811064, 'colsample_bytree': 0.8124517510478, 'min_child_samples': 74, 'reg_alpha': 0.3811377260781234, 'reg_lambda': 5.607314238392041e-08}. Best is trial 3 with value: -0.06232205845312423.
[I 2026-06-01 11:02:20,786] Trial 6 finished with value: -0.08696909385057307 and parameters: {'confidence_threshold': 0.7672889945051684, 'training_days': 130, 'n_estimators': 137, 'max_depth': 4, 'num_leaves': 19, 'learning_rate': 0.2031117614248665, 'subsample': 0.8136244860256343, 'colsample_bytree': 0.8617081790949774, 'min_child_samples': 21, 'reg_alpha': 0.002238138278733199, 'reg_lambda': 0.001025809534977322}. Best is trial 3 with value: -0.06232205845312423.
[I 2026-06-01 11:02:20,869] Trial 7 finished with value: -0.06393925546533447 and parameters: {'confidence_threshold': 0.555635875450653, 'training_days': 80, 'n_estimators': 363, 'max_depth': 3, 'num_leaves': 48, 'learning_rate': 0.06590089024008658, 'subsample': 0.6944752870615722, 'colsample_bytree': 0.962566244806993, 'min_child_samples': 88, 'reg_alpha': 1.6465620446426067e-05, 'reg_lambda': 2.4678750890085655e-08}. Best is trial 3 with value: -0.06232205845312423.
[I 2026-06-01 11:02:21,181] Trial 8 finished with value: -0.07463046190648466 and parameters: {'confidence_threshold': 0.6066688256938841, 'training_days': 200, 'n_estimators': 367, 'max_depth': 5, 'num_leaves': 32, 'learning_rate': 0.13377519215934996, 'subsample': 0.7965884582811106, 'colsample_bytree': 0.8458508993500886, 'min_child_samples': 32, 'reg_alpha': 3.889436043816386e-05, 'reg_lambda': 1.4713062489380356e-06}. Best is trial 3 with value: -0.06232205845312423.
