[I 2026-06-01 11:07:28,432] Trial 2 finished with value: -0.01726911913693501 and parameters: {'confidence_threshold': 0.5849570384370288, 'training_days': 10, 'n_estimators': 212, 'max_depth': 3, 'num_leaves': 41, 'learning_rate': 0.18452095998378365, 'subsample': 0.6001060822924371, 'colsample_bytree': 0.5673167293506167, 'min_child_samples': 37, 'reg_alpha': 5.733250064217131, 'reg_lambda': 0.5308454292595461}. Best is trial 0 with value: 0.03282814196918364.
[I 2026-06-01 11:07:28,510] Trial 3 finished with value: -0.17080999838042207 and parameters: {'confidence_threshold': 0.6868248626683718, 'training_days': 220, 'n_estimators': 134, 'max_depth': 3, 'num_leaves': 45, 'learning_rate': 0.033529007907491595, 'subsample': 0.8647277071858408, 'colsample_bytree': 0.778494116634046, 'min_child_samples': 96, 'reg_alpha': 2.409409937265785e-07, 'reg_lambda': 1.1642073478060009}. Best is trial 0 with value: 0.03282814196918364.
[I 2026-06-01 11:07:28,596] Trial 4 finished with value: -0.014239496885679059 and parameters: {'confidence_threshold': 0.5623121348350352, 'training_days': 300, 'n_estimators': 69, 'max_depth': 4, 'num_leaves': 32, 'learning_rate': 0.14967629360700346, 'subsample': 0.5054535233636654, 'colsample_bytree': 0.7401385194659216, 'min_child_samples': 27, 'reg_alpha': 1.4212042567426725e-07, 'reg_lambda': 0.23605753701352003}. Best is trial 0 with value: 0.03282814196918364.
[I 2026-06-01 11:07:29,014] Trial 5 finished with value: 0.02119557535213602 and parameters: {'confidence_threshold': 0.7111850244908446, 'training_days': 490, 'n_estimators': 362, 'max_depth': 5, 'num_leaves': 40, 'learning_rate': 0.05960785724162737, 'subsample': 0.5589714368907717, 'colsample_bytree': 0.6659006943232806, 'min_child_samples': 42, 'reg_alpha': 0.6741360303045295, 'reg_lambda': 6.054601607143087e-08}. Best is trial 0 with value: 0.03282814196918364.
[I 2026-06-01 11:07:29,183] Trial 6 finished with value: -0.005843801973173313 and parameters: {'confidence_threshold': 0.667482545748023, 'training_days': 420, 'n_estimators': 279, 'max_depth': 3, 'num_leaves': 45, 'learning_rate': 0.040099592560849204, 'subsample': 0.8563114696415159, 'colsample_bytree': 0.5442917781944105, 'min_child_samples': 50, 'reg_alpha': 1.6407916423707903e-08, 'reg_lambda': 2.935907642973286e-05}. Best is trial 0 with value: 0.03282814196918364.
[I 2026-06-01 11:07:29,335] Trial 7 finished with value: -0.04850882181711797 and parameters: {'confidence_threshold': 0.5497381024139926, 'training_days': 120, 'n_estimators': 408, 'max_depth': 5, 'num_leaves': 38, 'learning_rate': 0.28049122657745795, 'subsample': 0.8806573338635493, 'colsample_bytree': 0.5454054113547102, 'min_child_samples': 63, 'reg_alpha': 0.01263008637940408, 'reg_lambda': 0.04588020805366937}. Best is trial 0 with value: 0.03282814196918364.
[I 2026-06-01 11:07:29,612] Trial 8 finished with value: 9.055248630230329e-05 and parameters: {'confidence_threshold': 0.719644804808716, 'training_days': 450, 'n_estimators': 410, 'max_depth': 4, 'num_leaves': 57, 'learning_rate': 0.04022026551478857, 'subsample': 0.5336085426932707, 'colsample_bytree': 0.5705742850577543, 'min_child_samples': 100, 'reg_alpha': 5.916398047912201e-07, 'reg_lambda': 0.9794034214488329}. Best is trial 0 with value: 0.03282814196918364.
[I 2026-06-01 11:07:29,634] Trial 9 finished with value: -6.015279092539075 and parameters: {'confidence_threshold': 0.7267463643917187, 'training_days': 20, 'n_estimators': 337, 'max_depth': 5, 'num_leaves': 23, 'learning_rate': 0.022153031811454605, 'subsample': 0.6305627572358737, 'colsample_bytree': 0.6613413774216214, 'min_child_samples': 81, 'reg_alpha': 5.7638634029410314e-08, 'reg_lambda': 8.26603016764008}. Best is trial 0 with value: 0.03282814196918364.
[I 2026-06-01 11:07:30,001] Trial 10 finished with value: -0.08738910096965778 and parameters: {'confidence_threshold': 0.8398533911817929, 'training_days': 130, 'n_estimators': 485, 'max_depth': 4, 'num_leaves': 62, 'learning_rate': 0.014251957942824738, 'subsample': 0.9901604570372973, 'colsample_bytree': 0.9944479338273263, 'min_child_samples': 23, 'reg_alpha': 6.837313901272251e-05, 'reg_lambda': 0.0006976939169966911}. Best is trial 0 with value: 0.03282814196918364.
[I 2026-06-01 11:07:30,265] Trial 11 finished with value: -0.06909258954161851 and parameters: {'confidence_threshold': 0.7871429771330364, 'training_days': 370, 'n_estimators': 364, 'max_depth': 5, 'num_leaves': 51, 'learning_rate': 0.07578232512735636, 'subsample': 0.7257560002721685, 'colsample_bytree': 0.9060119313244169, 'min_child_samples': 47, 'reg_alpha': 9.443402751011643, 'reg_lambda': 2.102398916222756e-08}. Best is trial 0 with value: 0.03282814196918364.

    [trial 11] Sharpe=0.0694 (folds: -0.0900, -0.1100, 0.2532, 0.1270, 0.1668)
    [trial 12] 46 features, training_days=480 | threshold=0.713 | labels: 1029 long, 1142 short (47/53%)
    [trial 12] Sharpe=0.0585 (folds: -0.1297, -0.0603, 0.1825, 0.1481, 0.1521)
    [trial 13] 46 features, training_days=500 | threshold=0.732 | labels: 1029 long, 1142 short (47/53%)
    [trial 13] Sharpe=0.0175 (folds: -0.1505, -0.1150, 0.1376, 0.0885, 0.1272)
    [trial 14] 46 features, training_days=340 | threshold=0.753 | labels: 1029 long, 1142 short (47/53%)
    [trial 14] Sharpe=-0.0435 (folds: -0.1329, -0.1525, 0.0823, -0.0677, 0.0531)
    [trial 15] 46 features, training_days=420 | threshold=0.673 | labels: 1029 long, 1142 short (47/53%)
    [trial 15] Sharpe=0.0223 (folds: -0.1405, -0.0937, 0.1404, 0.1312, 0.0739)
    [trial 16] 46 features, training_days=290 | threshold=0.761 | labels: 1029 long, 1142 short (47/53%)
    [trial 16] Sharpe=0.0026 (folds: -0.0969, -0.1027, 0.0755, -0.0992, 0.2360)
    [trial 17] 46 features, training_days=120 | threshold=0.697 | labels: 1029 long, 1142 short (47/53%)
    [trial 17] Sharpe=-0.0845 (folds: -0.1075, -0.0400, -0.0681, -0.2614, 0.0547)
  Optuna: 18 trials, best Sharpe = 0.0694
  Best params: n_estimators=420, max_depth=4, lr=0.1153, leaves=15
  Best confidence_threshold: 0.714
  Best training_days: 490
  Retrained on full data (1470 samples, 46 features)
  [ensemble 2/3] seed=123
    [trial 0] 46 features, training_days=150 | threshold=0.744 | labels: 1029 long, 1142 short (47/53%)
    [CV fold 0] train_end=2023-08-23 08:00 | val_start=2023-08-31 00:00 | gap=184h (22 rows)
    [CV fold 1] train_end=2023-12-21 16:00 | val_start=2023-12-29 08:00 | gap=184h (22 rows)
    [CV fold 2] train_end=2024-04-20 00:00 | val_start=2024-04-27 16:00 | gap=184h (22 rows)
    [CV fold 3] train_end=2024-08-18 08:00 | val_start=2024-08-26 00:00 | gap=184h (22 rows)
    [CV fold 4] train_end=2024-12-16 16:00 | val_start=2024-12-24 08:00 | gap=184h (22 rows)
    [trial 0] Sharpe=-0.1053 (folds: -0.0242, -0.0726, -0.3927, -0.1117, 0.0747)
    [trial 1] 46 features, training_days=220 | threshold=0.755 | labels: 1029 long, 1142 short (47/53%)
    [trial 1] Sharpe=-4.1807 (folds: -0.3389, -0.0933, -0.4713, -10.0000, -10.0000)
    [trial 2] 46 features, training_days=310 | threshold=0.754 | labels: 1029 long, 1142 short (47/53%)
    [trial 2] Sharpe=-0.0509 (folds: -0.1127, -0.0743, -0.1637, -0.0632, 0.1597)
    [trial 3] 46 features, training_days=220 | threshold=0.673 | labels: 1029 long, 1142 short (47/53%)
    [trial 3] Sharpe=-0.1587 (folds: -0.1708, -0.1222, -0.3195, -0.2182, 0.0371)
    [trial 4] 46 features, training_days=130 | threshold=0.803 | labels: 1029 long, 1142 short (47/53%)
    [trial 4] Sharpe=-0.0987 (folds: -0.1136, -0.0017, -0.1810, -0.2956, 0.0985)
    [trial 5] 46 features, training_days=210 | threshold=0.606 | labels: 1029 long, 1142 short (47/53%)
    [trial 5] Sharpe=-0.1381 (folds: -0.1695, -0.1328, -0.2365, -0.2171, 0.0657)
    [trial 6] 46 features, training_days=130 | threshold=0.767 | labels: 1029 long, 1142 short (47/53%)
    [trial 6] Sharpe=-0.1080 (folds: -0.1255, -0.0190, -0.0719, -0.2607, -0.0629)
    [trial 7] 46 features, training_days=80 | threshold=0.556 | labels: 1029 long, 1142 short (47/53%)
    [trial 7] Sharpe=-0.0549 (folds: 0.0298, -0.2104, -0.0212, -0.1285, 0.0556)
    [trial 8] 46 features, training_days=200 | threshold=0.607 | labels: 1029 long, 1142 short (47/53%)
    [trial 8] Sharpe=-0.1533 (folds: -0.1777, -0.1208, -0.2197, -0.2123, -0.0359)
    [trial 9] 46 features, training_days=260 | threshold=0.620 | labels: 1029 long, 1142 short (47/53%)
    [trial 9] Sharpe=-0.0975 (folds: -0.0735, -0.0616, -0.3554, -0.1302, 0.1330)
    [trial 10] 46 features, training_days=420 | threshold=0.845 | labels: 1029 long, 1142 short (47/53%)
    [trial 10] Sharpe=-3.8618 (folds: -0.0961, -0.2780, -10.0000, -10.0000, 1.0650)
    [trial 11] 46 features, training_days=10 | threshold=0.508 | labels: 1029 long, 1142 short (47/53%)
    [trial 11] Sharpe=-0.0173 (folds: 0.1618, 0.0072, -0.2526, -0.0010, -0.0016)
    [trial 12] 46 features, training_days=350 | threshold=0.516 | labels: 1029 long, 1142 short (47/53%)
    [trial 12] Sharpe=-0.0343 (folds: -0.0279, -0.0975, -0.0591, -0.0798, 0.0930)
    [trial 13] 46 features, training_days=10 | threshold=0.501 | labels: 1029 long, 1142 short (47/53%)
    [trial 13] Sharpe=-0.0173 (folds: 0.1618, 0.0072, -0.2526, -0.0010, -0.0016)
    [trial 14] 46 features, training_days=20 | threshold=0.517 | labels: 1029 long, 1142 short (47/53%)
    [trial 14] Sharpe=-2.0175 (folds: -0.2297, -0.0748, 0.2187, -10.0000, -0.0016)
    [trial 15] 46 features, training_days=10 | threshold=0.560 | labels: 1029 long, 1142 short (47/53%)
    [trial 15] Sharpe=-0.0173 (folds: 0.1618, 0.0072, -0.2526, -0.0010, -0.0016)
    [trial 16] 46 features, training_days=500 | threshold=0.507 | labels: 1029 long, 1142 short (47/53%)
    [trial 16] Sharpe=0.0186 (folds: -0.1113, -0.0586, 0.0492, 0.0423, 0.1713)
    [trial 17] 46 features, training_days=490 | threshold=0.666 | labels: 1029 long, 1142 short (47/53%)
    [trial 17] Sharpe=0.0343 (folds: -0.0373, -0.0541, -0.0876, 0.1908, 0.1597)
  Optuna: 18 trials, best Sharpe = 0.0343
  Best params: n_estimators=263, max_depth=3, lr=0.0465, leaves=45
  Best confidence_threshold: 0.666
  Best training_days: 490
  Retrained on full data (1470 samples, 46 features)
  [ensemble 3/3] seed=456
    [trial 0] 46 features, training_days=90 | threshold=0.587 | labels: 1029 long, 1142 short (47/53%)
    [CV fold 0] train_end=2023-08-23 08:00 | val_start=2023-08-31 00:00 | gap=184h (22 rows)
    [CV fold 1] train_end=2023-12-21 16:00 | val_start=2023-12-29 08:00 | gap=184h (22 rows)
    [CV fold 2] train_end=2024-04-20 00:00 | val_start=2024-04-27 16:00 | gap=184h (22 rows)
    [CV fold 3] train_end=2024-08-18 08:00 | val_start=2024-08-26 00:00 | gap=184h (22 rows)
    [CV fold 4] train_end=2024-12-16 16:00 | val_start=2024-12-24 08:00 | gap=184h (22 rows)
    [trial 0] Sharpe=0.0328 (folds: -0.0577, 0.0428, -0.0662, 0.1205, 0.1247)
    [trial 1] 46 features, training_days=290 | threshold=0.635 | labels: 1029 long, 1142 short (47/53%)
    [trial 1] Sharpe=-0.0351 (folds: -0.0554, -0.0940, -0.0234, -0.1680, 0.1652)
    [trial 2] 46 features, training_days=10 | threshold=0.585 | labels: 1029 long, 1142 short (47/53%)
    [trial 2] Sharpe=-0.0173 (folds: 0.1618, 0.0072, -0.2526, -0.0010, -0.0016)
    [trial 3] 46 features, training_days=220 | threshold=0.687 | labels: 1029 long, 1142 short (47/53%)
    [trial 3] Sharpe=-0.1708 (folds: -0.0539, -0.2048, -0.2589, -0.5329, 0.1965)
    [trial 4] 46 features, training_days=300 | threshold=0.562 | labels: 1029 long, 1142 short (47/53%)
    [trial 4] Sharpe=-0.0142 (folds: -0.1030, -0.0634, 0.1046, -0.1343, 0.1250)
    [trial 5] 46 features, training_days=490 | threshold=0.711 | labels: 1029 long, 1142 short (47/53%)
    [trial 5] Sharpe=0.0212 (folds: -0.1138, -0.1312, 0.1555, 0.0333, 0.1622)
    [trial 6] 46 features, training_days=420 | threshold=0.667 | labels: 1029 long, 1142 short (47/53%)
    [trial 6] Sharpe=-0.0058 (folds: -0.0836, -0.0404, -0.1057, 0.0456, 0.1549)
    [trial 7] 46 features, training_days=120 | threshold=0.550 | labels: 1029 long, 1142 short (47/53%)
    [trial 7] Sharpe=-0.0485 (folds: -0.0937, -0.0628, -0.1065, -0.0329, 0.0534)
    [trial 8] 46 features, training_days=450 | threshold=0.720 | labels: 1029 long, 1142 short (47/53%)
    [trial 8] Sharpe=0.0001 (folds: 0.0046, -0.1383, 0.0588, -0.0756, 0.1509)
    [trial 9] 46 features, training_days=20 | threshold=0.727 | labels: 1029 long, 1142 short (47/53%)
    [trial 9] Sharpe=-6.0153 (folds: -10.0000, -0.0748, -10.0000, -10.0000, -0.0016)
    [trial 10] 46 features, training_days=130 | threshold=0.840 | labels: 1029 long, 1142 short (47/53%)
    [trial 10] Sharpe=-0.0874 (folds: -0.1838, -0.0809, -0.1509, -0.1937, 0.1723)
    [trial 11] 46 features, training_days=370 | threshold=0.787 | labels: 1029 long, 1142 short (47/53%)
    [trial 11] Sharpe=-0.0691 (folds: -0.1966, -0.2582, 0.0535, -0.1037, 0.1595)
    [trial 12] 46 features, training_days=170 | threshold=0.515 | labels: 1029 long, 1142 short (47/53%)[I 2026-06-01 11:07:30,610] Trial 12 finished with value: -0.11365603983126697 and parameters: {'confidence_threshold': 0.5145853631584999, 'training_days': 170, 'n_estimators': 490, 'max_depth': 5, 'num_leaves': 24, 'learning_rate': 0.101661983251671, 'subsample': 0.9912016966112274, 'colsample_bytree': 0.6861452142719364, 'min_child_samples': 38, 'reg_alpha': 0.02694721219722944, 'reg_lambda': 1.4304147444691813e-06}. Best is trial 0 with value: 0.03282814196918364.
[I 2026-06-01 11:07:30,953] Trial 13 finished with value: 0.04689287180262242 and parameters: {'confidence_threshold': 0.6227835397404168, 'training_days': 480, 'n_estimators': 297, 'max_depth': 5, 'num_leaves': 15, 'learning_rate': 0.10926619326285375, 'subsample': 0.7167465116351245, 'colsample_bytree': 0.8471832711609943, 'min_child_samples': 55, 'reg_alpha': 1.5562644689079852e-05, 'reg_lambda': 0.0014269967214094951}. Best is trial 13 with value: 0.04689287180262242.
[I 2026-06-01 11:07:31,171] Trial 14 finished with value: 0.024500629543660786 and parameters: {'confidence_threshold': 0.6088406380937867, 'training_days': 350, 'n_estimators': 254, 'max_depth': 4, 'num_leaves': 17, 'learning_rate': 0.12046014259185843, 'subsample': 0.7142592236849233, 'colsample_bytree': 0.8696060727400662, 'min_child_samples': 59, 'reg_alpha': 2.0462475065133748e-05, 'reg_lambda': 0.0014709214223004336}. Best is trial 13 with value: 0.04689287180262242.
[I 2026-06-01 11:07:31,273] Trial 15 finished with value: -0.013390711877983361 and parameters: {'confidence_threshold': 0.6260418985876827, 'training_days': 90, 'n_estimators': 299, 'max_depth': 4, 'num_leaves': 27, 'learning_rate': 0.2564327358480658, 'subsample': 0.777815496142171, 'colsample_bytree': 0.9630845771157923, 'min_child_samples': 59, 'reg_alpha': 4.7783549780930786e-06, 'reg_lambda': 4.600171969077865e-05}. Best is trial 13 with value: 0.04689287180262242.
[I 2026-06-01 11:07:31,489] Trial 16 finished with value: -0.09632114408944108 and parameters: {'confidence_threshold': 0.5085861891458139, 'training_days': 220, 'n_estimators': 202, 'max_depth': 5, 'num_leaves': 15, 'learning_rate': 0.09325618440644227, 'subsample': 0.6577011495975604, 'colsample_bytree': 0.8090060302795659, 'min_child_samples': 29, 'reg_alpha': 0.0011564392033240204, 'reg_lambda': 0.01711548792962667}. Best is trial 13 with value: 0.04689287180262242.
[I 2026-06-01 11:07:31,581] Trial 17 finished with value: 0.014035620908121146 and parameters: {'confidence_threshold': 0.6466275816325503, 'training_days': 70, 'n_estimators': 431, 'max_depth': 5, 'num_leaves': 51, 'learning_rate': 0.1604060082990195, 'subsample': 0.9272655966967175, 'colsample_bytree': 0.9324987778315331, 'min_child_samples': 70, 'reg_alpha': 3.6088134162897196e-06, 'reg_lambda': 7.173819760817762e-06}. Best is trial 13 with value: 0.04689287180262242.
[I 2026-06-01 11:07:32,279] A new study created in memory with name: no-name-3c3575d6-52f9-4f04-9dcf-40ace38ad4de
[I 2026-06-01 11:07:32,642] Trial 0 finished with value: 0.03842894808866236 and parameters: {'confidence_threshold': 0.6310890415965769, 'training_days': 480, 'n_estimators': 380, 'max_depth': 4, 'num_leaves': 22, 'learning_rate': 0.01699897838270077, 'subsample': 0.5290418060840998, 'colsample_bytree': 0.9330880728874675, 'min_child_samples': 68, 'reg_alpha': 0.023585940584142682, 'reg_lambda': 1.5320059381854043e-08}. Best is trial 0 with value: 0.03842894808866236.
[I 2026-06-01 11:07:32,760] Trial 1 finished with value: -5.987929192020035 and parameters: {'confidence_threshold': 0.839468448256698, 'training_days': 420, 'n_estimators': 145, 'max_depth': 3, 'num_leaves': 23, 'learning_rate': 0.028145092716060652, 'subsample': 0.762378215816119, 'colsample_bytree': 0.7159725093210578, 'min_child_samples': 43, 'reg_alpha': 0.0032112643094417484, 'reg_lambda': 1.8007140198129195e-07}. Best is trial 0 with value: 0.03842894808866236.
[I 2026-06-01 11:07:32,912] Trial 2 finished with value: 0.02731467404090112 and parameters: {'confidence_threshold': 0.6022506269873263, 'training_days': 190, 'n_estimators': 255, 'max_depth': 5, 'num_leaves': 24, 'learning_rate': 0.05748924681991978, 'subsample': 0.7962072844310213, 'colsample_bytree': 0.5232252063599989, 'min_child_samples': 69, 'reg_alpha': 3.425445902633376e-07, 'reg_lambda': 3.850031979199519e-08}. Best is trial 0 with value: 0.03842894808866236.
[I 2026-06-01 11:07:33,161] Trial 3 finished with value: 0.051594645008979124 and parameters: {'confidence_threshold': 0.8321099380386666, 'training_days': 490, 'n_estimators': 414, 'max_depth': 3, 'num_leaves': 19, 'learning_rate': 0.1024932221692416, 'subsample': 0.7200762468698007, 'colsample_bytree': 0.5610191174223894, 'min_child_samples': 60, 'reg_alpha': 2.039373116525212e-08, 'reg_lambda': 1.527156759251193}. Best is trial 3 with value: 0.051594645008979124.
[I 2026-06-01 11:07:33,306] Trial 4 finished with value: 0.013590262608564715 and parameters: {'confidence_threshold': 0.5905729935600059, 'training_days': 340, 'n_estimators': 190, 'max_depth': 4, 'num_leaves': 41, 'learning_rate': 0.01875220945578641, 'subsample': 0.9847923138822793, 'colsample_bytree': 0.8875664116805573, 'min_child_samples': 96, 'reg_alpha': 1.1309571585271483, 'reg_lambda': 0.002404915432737351}. Best is trial 3 with value: 0.051594645008979124.
[I 2026-06-01 11:07:33,343] Trial 5 finished with value: -0.0725094870311932 and parameters: {'confidence_threshold': 0.8226559822580909, 'training_days': 50, 'n_estimators': 138, 'max_depth': 3, 'num_leaves': 30, 'learning_rate': 0.03750796359625606, 'subsample': 0.6356745158869479, 'colsample_bytree': 0.9143687545759647, 'min_child_samples': 48, 'reg_alpha': 3.376063348877853e-06, 'reg_lambda': 0.0007660634613082914}. Best is trial 3 with value: 0.051594645008979124.
[I 2026-06-01 11:07:33,444] Trial 6 finished with value: -0.006915389919287465 and parameters: {'confidence_threshold': 0.5493234787411669, 'training_days': 410, 'n_estimators': 83, 'max_depth': 5, 'num_leaves': 52, 'learning_rate': 0.019657448966046126, 'subsample': 0.5027610585618012, 'colsample_bytree': 0.9077307142274171, 'min_child_samples': 77, 'reg_alpha': 0.03639690979811287, 'reg_lambda': 0.08738424135626986}. Best is trial 3 with value: 0.051594645008979124.
[I 2026-06-01 11:07:33,536] Trial 7 finished with value: 0.02323817720880516 and parameters: {'confidence_threshold': 0.5259156281069316, 'training_days': 180, 'n_estimators': 102, 'max_depth': 5, 'num_leaves': 45, 'learning_rate': 0.030816017044468066, 'subsample': 0.5317791751430119, 'colsample_bytree': 0.6554911608578311, 'min_child_samples': 46, 'reg_alpha': 0.036851536911881845, 'reg_lambda': 0.005470376807480391}. Best is trial 3 with value: 0.051594645008979124.
