[I 2026-06-01 11:05:08,679] Trial 16 finished with value: -0.06828800399281952 and parameters: {'confidence_threshold': 0.7665707784508825, 'training_days': 260, 'n_estimators': 339, 'max_depth': 4, 'num_leaves': 63, 'learning_rate': 0.015379775696614754, 'subsample': 0.9397541766618512, 'colsample_bytree': 0.632035183231185, 'min_child_samples': 86, 'reg_alpha': 0.0003968355411618487, 'reg_lambda': 8.446495661598864e-05}. Best is trial 10 with value: 0.0638377604480646.

[predict] 2024-05-04 00:00 DOTUSDT → SHORT (proba=0.62 TP=13.6%/SL=6.8%)
[trade:open] 2024-05-04 07:59 DOTUSDT SHORT @ 7.14 | SL=7.62 TP=6.17 | timeout=2024-05-11 07:59
[trade:close] 2024-05-11 08:00 DOTUSDT SHORT → timeout @ 6.76 | PnL=+5.26% (net +5.16%) | cum=+56.70% 2024-05=-2.34% 2024-05-11=+5.16%
[predict] 2024-05-12 00:00 DOTUSDT → LONG (proba=0.65 TP=9.7%/SL=4.9%)
[trade:open] 2024-05-12 07:59 DOTUSDT LONG @ 6.65 | SL=6.33 TP=7.29 | timeout=2024-05-19 07:59
[trade:close] 2024-05-17 07:59 DOTUSDT LONG → take_profit @ 7.29 | PnL=+9.70% (net +9.60%) | cum=+66.30% 2024-05=+7.26% 2024-05-17=+9.60%
[predict] 2024-05-18 08:00 DOTUSDT → LONG (proba=0.59 TP=8.5%/SL=4.3%)
[trade:open] 2024-05-18 15:59 DOTUSDT LONG @ 7.13 | SL=6.83 TP=7.74 | timeout=2024-05-25 15:59
[trade:close] 2024-05-25 16:00 DOTUSDT LONG → timeout @ 7.33 | PnL=+2.88% (net +2.78%) | cum=+69.07% 2024-05=+10.04% 2024-05-25=+2.78%
[predict] 2024-05-27 00:00 DOTUSDT → LONG (proba=0.58 TP=9.7%/SL=4.9%)
[trade:open] 2024-05-27 07:59 DOTUSDT LONG @ 7.41 | SL=7.05 TP=8.13 | timeout=2024-06-03 07:59
[trade:close] 2024-05-30 07:59 DOTUSDT LONG → stop_loss @ 7.05 | PnL=-4.86% (net -4.96%) | cum=+64.11% 2024-05=+5.08% 2024-05-30=-4.96%
[lgbm] === Training for 2024-06 ===
  Train window: 2022-06-01 → 2024-05-24
  2171 training samples from 1 symbols
  Samples per month: 2022-06: 90, 2022-07: 93, 2022-08: 93, 2022-09: 90, 2022-10: 93, 2022-11: 90, 2022-12: 93, 2023-01: 93, 2023-02: 84, 2023-03: 93, 2023-04: 90, 2023-05: 93, 2023-06: 90, 2023-07: 93, 2023-08: 93, 2023-09: 90, 2023-10: 93, 2023-11: 90, 2023-12: 93, 2024-01: 93, 2024-02: 87, 2024-03: 93, 2024-04: 90, 2024-05: 71
  [label] 2022-08-01 16:00 DOTUSDT entry=8.1730 → LONG | long=timeout(+13.24%) short=sl(-9.67%) | scanned=22 | no_tp→fwd_return=+13.3366
  [label] 2022-08-04 00:00 DOTUSDT entry=8.0860 → LONG | long=tp(+18.42%) short=sl(-9.36%) | scanned=19 | long_tp_only
  [label] 2022-08-07 16:00 DOTUSDT entry=8.6460 → LONG | long=timeout(+3.40%) short=sl(-7.22%) | scanned=22 | no_tp→fwd_return=+3.5045
  [label] 2022-09-01 08:00 DOTUSDT entry=6.9540 → LONG | long=timeout(+4.10%) short=sl(-6.38%) | scanned=22 | no_tp→fwd_return=+4.1990
  [label] 2022-10-24 00:00 DOTUSDT entry=5.8330 → LONG | long=tp(+7.71%) short=sl(-4.01%) | scanned=5 | long_tp_only
  [label] 2023-04-08 00:00 DOTUSDT entry=6.1990 → LONG | long=tp(+8.21%) short=sl(-4.25%) | scanned=18 | long_tp_only
  [label] 2023-04-12 00:00 DOTUSDT entry=6.2930 → LONG | long=tp(+7.94%) short=sl(-4.12%) | scanned=6 | long_tp_only
  [label] 2023-04-22 16:00 DOTUSDT entry=5.9420 → LONG | long=sl(-5.14%) short=timeout(-1.72%) | scanned=22 | no_tp→fwd_return=+1.6156
  [label] 2023-06-06 16:00 DOTUSDT entry=5.1990 → SHORT | long=sl(-4.07%) short=tp(+7.83%) | scanned=10 | short_tp_only
  [label] 2023-06-15 08:00 DOTUSDT entry=4.3300 → LONG | long=tp(+11.87%) short=sl(-6.08%) | scanned=19 | long_tp_only
  [label] 2023-09-13 16:00 DOTUSDT entry=3.9950 → LONG | long=timeout(+3.43%) short=sl(-4.14%) | scanned=22 | no_tp→fwd_return=+3.5294
  [label] 2023-10-15 16:00 DOTUSDT entry=3.7510 → SHORT | long=sl(-2.84%) short=sl(-2.84%) | scanned=5 | no_tp→fwd_return=-1.5196
  [label] 2023-11-01 00:00 DOTUSDT entry=4.3670 → LONG | long=tp(+11.66%) short=sl(-5.98%) | scanned=13 | long_tp_only
  [label] 2023-11-13 16:00 DOTUSDT entry=5.3520 → SHORT | long=timeout(-1.03%) short=timeout(+0.83%) | scanned=22 | no_tp→fwd_return=-0.9342
  [label] 2023-12-02 00:00 DOTUSDT entry=5.4950 → LONG | long=tp(+8.54%) short=sl(-4.42%) | scanned=12 | long_tp_only
  [label] 2023-12-08 08:00 DOTUSDT entry=6.6850 → LONG | long=tp(+11.65%) short=sl(-5.98%) | scanned=2 | long_tp_only
  [label] 2023-12-20 16:00 DOTUSDT entry=6.9590 → LONG | long=tp(+15.16%) short=sl(-7.73%) | scanned=3 | long_tp_only
  [label] 2024-01-29 08:00 DOTUSDT entry=6.8200 → SHORT | long=timeout(-0.47%) short=sl(-5.11%) | scanned=22 | no_tp→fwd_return=-0.3666
  [label] 2024-02-08 00:00 DOTUSDT entry=6.9490 → LONG | long=tp(+8.07%) short=sl(-4.18%) | scanned=18 | long_tp_only
  [label] 2024-05-04 08:00 DOTUSDT entry=7.1860 → SHORT | long=sl(-6.53%) short=timeout(+6.30%) | scanned=22 | no_tp→fwd_return=-6.4013
  Labels: 1037 long (47.8%), 1134 short (52.2%) | weights: min=1.00, mean=3.46, max=10.00
  Features: 2171/2171 matched, 46 columns
  CV gap: 22 rows
  [ensemble 1/3] seed=42
    [trial 0] 46 features, training_days=480 | threshold=0.631 | labels: 1037 long, 1134 short (48/52%)
    [CV fold 0] train_end=2022-09-23 08:00 | val_start=2022-10-01 00:00 | gap=184h (22 rows)
    [CV fold 1] train_end=2023-01-21 16:00 | val_start=2023-01-29 08:00 | gap=184h (22 rows)
    [CV fold 2] train_end=2023-05-22 00:00 | val_start=2023-05-29 16:00 | gap=184h (22 rows)
    [CV fold 3] train_end=2023-09-19 08:00 | val_start=2023-09-27 00:00 | gap=184h (22 rows)
    [CV fold 4] train_end=2024-01-17 16:00 | val_start=2024-01-25 08:00 | gap=184h (22 rows)
    [trial 0] Sharpe=-0.1413 (folds: -0.0551, -0.0646, -0.3210, -0.1880, -0.0777)
    [trial 1] 46 features, training_days=420 | threshold=0.839 | labels: 1037 long, 1134 short (48/52%)
    [trial 1] Sharpe=-8.0474 (folds: -0.2369, -10.0000, -10.0000, -10.0000, -10.0000)
    [trial 2] 46 features, training_days=190 | threshold=0.602 | labels: 1037 long, 1134 short (48/52%)
    [trial 2] Sharpe=-0.0123 (folds: 0.1079, -0.0363, -0.2218, -0.0828, 0.1715)
    [trial 3] 46 features, training_days=490 | threshold=0.832 | labels: 1037 long, 1134 short (48/52%)
    [trial 3] Sharpe=-0.0840 (folds: 0.1317, -0.1231, -0.3688, -0.0377, -0.0222)
    [trial 4] 46 features, training_days=340 | threshold=0.591 | labels: 1037 long, 1134 short (48/52%)
    [trial 4] Sharpe=0.0239 (folds: -0.1483, -0.1379, 0.0832, -0.0094, 0.3317)
    [trial 5] 46 features, training_days=50 | threshold=0.823 | labels: 1037 long, 1134 short (48/52%)
    [trial 5] Sharpe=-1.8938 (folds: 0.5974, -0.0132, -10.0000, -0.1630, 0.1099)
    [trial 6] 46 features, training_days=410 | threshold=0.549 | labels: 1037 long, 1134 short (48/52%)
    [trial 6] Sharpe=-0.0302 (folds: -0.0959, -0.1767, -0.0157, 0.1200, 0.0173)
    [trial 7] 46 features, training_days=180 | threshold=0.526 | labels: 1037 long, 1134 short (48/52%)
    [trial 7] Sharpe=0.0065 (folds: -0.0672, 0.0856, -0.2587, 0.0356, 0.2371)
    [trial 8] 46 features, training_days=240 | threshold=0.811 | labels: 1037 long, 1134 short (48/52%)
    [trial 8] Sharpe=-0.0690 (folds: 0.1351, -0.2638, -0.2650, -0.0822, 0.1311)
    [trial 9] 46 features, training_days=20 | threshold=0.538 | labels: 1037 long, 1134 short (48/52%)
    [trial 9] Sharpe=-0.0028 (folds: 0.0180, 0.1618, 0.0187, -0.0653, -0.1469)
    [trial 10] 46 features, training_days=350 | threshold=0.680 | labels: 1037 long, 1134 short (48/52%)
    [trial 10] Sharpe=0.0638 (folds: -0.0618, -0.1191, 0.1645, 0.0291, 0.3064)
    [trial 11] 46 features, training_days=330 | threshold=0.716 | labels: 1037 long, 1134 short (48/52%)
    [trial 11] Sharpe=-0.0460 (folds: -0.2631, -0.2563, 0.1299, 0.1167, 0.0428)
    [trial 12] 46 features, training_days=330 | threshold=0.713 | labels: 1037 long, 1134 short (48/52%)
    [trial 12] Sharpe=0.0612 (folds: -0.0790, -0.1098, 0.1504, 0.0144, 0.3299)
    [trial 13] 46 features, training_days=320 | threshold=0.715 | labels: 1037 long, 1134 short (48/52%)
    [trial 13] Sharpe=-0.0861 (folds: -0.0041, -0.1965, -0.4655, -0.0471, 0.2827)
    [trial 14] 46 features, training_days=270 | threshold=0.747 | labels: 1037 long, 1134 short (48/52%)
    [trial 14] Sharpe=-0.0187 (folds: -0.1971, -0.1724, 0.1840, -0.1485, 0.2406)
    [trial 15] 46 features, training_days=400 | threshold=0.661 | labels: 1037 long, 1134 short (48/52%)
    [trial 15] Sharpe=0.0144 (folds: 0.1002, -0.0373, -0.0592, -0.0190, 0.0872)
    [trial 16] 46 features, training_days=260 | threshold=0.767 | labels: 1037 long, 1134 short (48/52%)
    [trial 16] Sharpe=-0.0683 (folds: -0.2397, -0.2128, 0.1015, -0.1457, 0.1553)
    [trial 17] 46 features, training_days=140 | threshold=0.681 | labels: 1037 long, 1134 short (48/52%)
    [trial 17] Sharpe=0.1283 (folds: 0.1443, 0.1683, 0.0570, -0.0175, 0.2892)[I 2026-06-01 11:05:08,839] Trial 17 finished with value: 0.1282514289498864 and parameters: {'confidence_threshold': 0.6806872055112929, 'training_days': 140, 'n_estimators': 448, 'max_depth': 4, 'num_leaves': 48, 'learning_rate': 0.14168046193643385, 'subsample': 0.8366733523272174, 'colsample_bytree': 0.8380549877235325, 'min_child_samples': 92, 'reg_alpha': 0.4838550687929037, 'reg_lambda': 9.92178081826429e-05}. Best is trial 17 with value: 0.1282514289498864.
[I 2026-06-01 11:05:09,127] A new study created in memory with name: no-name-3b018bab-d32c-4413-abe5-b35ddb0ccd78
[I 2026-06-01 11:05:09,220] Trial 0 finished with value: 0.023872925783593558 and parameters: {'confidence_threshold': 0.7437642149592516, 'training_days': 150, 'n_estimators': 152, 'max_depth': 4, 'num_leaves': 50, 'learning_rate': 0.04216766425047743, 'subsample': 0.9903820991923078, 'colsample_bytree': 0.8424148692924316, 'min_child_samples': 58, 'reg_alpha': 3.381097259762742e-05, 'reg_lambda': 1.2263152961306247e-05}. Best is trial 0 with value: 0.023872925783593558.
[I 2026-06-01 11:05:09,291] Trial 1 finished with value: -3.9714649808646447 and parameters: {'confidence_threshold': 0.7551673975844145, 'training_days': 220, 'n_estimators': 76, 'max_depth': 4, 'num_leaves': 51, 'learning_rate': 0.018602118810743477, 'subsample': 0.5877258780737462, 'colsample_bytree': 0.7657756869209191, 'min_child_samples': 63, 'reg_alpha': 0.005123994170264194, 'reg_lambda': 0.44145470178120466}. Best is trial 0 with value: 0.023872925783593558.
[I 2026-06-01 11:05:09,549] Trial 2 finished with value: -0.0514475159551698 and parameters: {'confidence_threshold': 0.7535593637012223, 'training_days': 310, 'n_estimators': 375, 'max_depth': 3, 'num_leaves': 32, 'learning_rate': 0.021735641882032388, 'subsample': 0.6468570231944146, 'colsample_bytree': 0.8154880619272439, 'min_child_samples': 27, 'reg_alpha': 8.004064028491336e-05, 'reg_lambda': 7.546835261630524e-05}. Best is trial 0 with value: 0.023872925783593558.
[I 2026-06-01 11:05:09,714] Trial 3 finished with value: -0.008331142571235161 and parameters: {'confidence_threshold': 0.6727897841776072, 'training_days': 220, 'n_estimators': 190, 'max_depth': 4, 'num_leaves': 58, 'learning_rate': 0.24810689332636193, 'subsample': 0.7509183379421682, 'colsample_bytree': 0.8119764758960556, 'min_child_samples': 29, 'reg_alpha': 7.1708285081421445e-06, 'reg_lambda': 5.412973582738627e-05}. Best is trial 0 with value: 0.023872925783593558.
[I 2026-06-01 11:05:09,831] Trial 4 finished with value: 0.12981447926238188 and parameters: {'confidence_threshold': 0.803208205259178, 'training_days': 130, 'n_estimators': 267, 'max_depth': 5, 'num_leaves': 40, 'learning_rate': 0.08041175317374143, 'subsample': 0.5603143329951619, 'colsample_bytree': 0.9131704002534167, 'min_child_samples': 68, 'reg_alpha': 0.0008046593428183385, 'reg_lambda': 1.2158346158765583e-05}. Best is trial 4 with value: 0.12981447926238188.
[I 2026-06-01 11:05:10,057] Trial 5 finished with value: -0.04306161552012306 and parameters: {'confidence_threshold': 0.6064422761595144, 'training_days': 210, 'n_estimators': 357, 'max_depth': 5, 'num_leaves': 40, 'learning_rate': 0.0974221287220869, 'subsample': 0.7929682762811064, 'colsample_bytree': 0.8124517510478, 'min_child_samples': 74, 'reg_alpha': 0.3811377260781234, 'reg_lambda': 5.607314238392041e-08}. Best is trial 4 with value: 0.12981447926238188.
[I 2026-06-01 11:05:10,165] Trial 6 finished with value: 0.08064712235861934 and parameters: {'confidence_threshold': 0.7672889945051684, 'training_days': 130, 'n_estimators': 137, 'max_depth': 4, 'num_leaves': 19, 'learning_rate': 0.2031117614248665, 'subsample': 0.8136244860256343, 'colsample_bytree': 0.8617081790949774, 'min_child_samples': 21, 'reg_alpha': 0.002238138278733199, 'reg_lambda': 0.001025809534977322}. Best is trial 4 with value: 0.12981447926238188.
[I 2026-06-01 11:05:10,242] Trial 7 finished with value: -0.029414343323992575 and parameters: {'confidence_threshold': 0.555635875450653, 'training_days': 80, 'n_estimators': 363, 'max_depth': 3, 'num_leaves': 48, 'learning_rate': 0.06590089024008658, 'subsample': 0.6944752870615722, 'colsample_bytree': 0.962566244806993, 'min_child_samples': 88, 'reg_alpha': 1.6465620446426067e-05, 'reg_lambda': 2.4678750890085655e-08}. Best is trial 4 with value: 0.12981447926238188.
[I 2026-06-01 11:05:10,592] Trial 8 finished with value: -0.03445254556913222 and parameters: {'confidence_threshold': 0.6066688256938841, 'training_days': 200, 'n_estimators': 367, 'max_depth': 5, 'num_leaves': 32, 'learning_rate': 0.13377519215934996, 'subsample': 0.7965884582811106, 'colsample_bytree': 0.8458508993500886, 'min_child_samples': 32, 'reg_alpha': 3.889436043816386e-05, 'reg_lambda': 1.4713062489380356e-06}. Best is trial 4 with value: 0.12981447926238188.
[I 2026-06-01 11:05:10,817] Trial 9 finished with value: 0.032937433362150034 and parameters: {'confidence_threshold': 0.6202096049169137, 'training_days': 260, 'n_estimators': 350, 'max_depth': 3, 'num_leaves': 21, 'learning_rate': 0.02989540198065364, 'subsample': 0.8307821683331218, 'colsample_bytree': 0.923253112635361, 'min_child_samples': 64, 'reg_alpha': 0.4898604619604203, 'reg_lambda': 2.9076377687066166e-05}. Best is trial 4 with value: 0.12981447926238188.
[I 2026-06-01 11:05:11,196] Trial 10 finished with value: -8.239186315511763 and parameters: {'confidence_threshold': 0.8445241688507242, 'training_days': 470, 'n_estimators': 493, 'max_depth': 5, 'num_leaves': 63, 'learning_rate': 0.010221918552934462, 'subsample': 0.5019190721168774, 'colsample_bytree': 0.6202684210924141, 'min_child_samples': 99, 'reg_alpha': 1.9942621118187622e-08, 'reg_lambda': 0.0201634475791616}. Best is trial 4 with value: 0.12981447926238188.
[I 2026-06-01 11:05:11,225] Trial 11 finished with value: -5.9640486821308345 and parameters: {'confidence_threshold': 0.8371297552840329, 'training_days': 20, 'n_estimators': 255, 'max_depth': 4, 'num_leaves': 20, 'learning_rate': 0.28413636543342474, 'subsample': 0.9047249980702942, 'colsample_bytree': 0.6612241103206169, 'min_child_samples': 44, 'reg_alpha': 0.005164207989991991, 'reg_lambda': 0.007364523359426745}. Best is trial 4 with value: 0.12981447926238188.
[I 2026-06-01 11:05:11,278] Trial 12 finished with value: 0.12880503188867123 and parameters: {'confidence_threshold': 0.7984420943377982, 'training_days': 120, 'n_estimators': 51, 'max_depth': 5, 'num_leaves': 15, 'learning_rate': 0.14432248911623202, 'subsample': 0.5325573395575733, 'colsample_bytree': 0.5201164353688423, 'min_child_samples': 46, 'reg_alpha': 0.006937120291127141, 'reg_lambda': 0.00393268821840331}. Best is trial 4 with value: 0.12981447926238188.
[I 2026-06-01 11:05:11,301] Trial 13 finished with value: -2.025685482504793 and parameters: {'confidence_threshold': 0.8004144891464335, 'training_days': 10, 'n_estimators': 53, 'max_depth': 5, 'num_leaves': 31, 'learning_rate': 0.10151302244870823, 'subsample': 0.5024707401359401, 'colsample_bytree': 0.5389794258459311, 'min_child_samples': 48, 'reg_alpha': 0.05881060000998075, 'reg_lambda': 1.493419469088762}. Best is trial 4 with value: 0.12981447926238188.
[I 2026-06-01 11:05:11,492] Trial 14 finished with value: 0.05018377144390203 and parameters: {'confidence_threshold': 0.6968624890517784, 'training_days': 340, 'n_estimators': 240, 'max_depth': 5, 'num_leaves': 39, 'learning_rate': 0.14569940539663012, 'subsample': 0.5852704213941511, 'colsample_bytree': 0.5033829767322446, 'min_child_samples': 76, 'reg_alpha': 4.6058780571142255e-07, 'reg_lambda': 1.2102325862348229e-06}. Best is trial 4 with value: 0.12981447926238188.
[I 2026-06-01 11:05:11,603] Trial 15 finished with value: 0.07490847858221797 and parameters: {'confidence_threshold': 0.6986016561377778, 'training_days': 90, 'n_estimators': 480, 'max_depth': 5, 'num_leaves': 15, 'learning_rate': 0.07555339786900975, 'subsample': 0.5802361721649505, 'colsample_bytree': 0.7040523095070745, 'min_child_samples': 45, 'reg_alpha': 7.916394902106256, 'reg_lambda': 0.0013825560118263796}. Best is trial 4 with value: 0.12981447926238188.
[I 2026-06-01 11:05:11,777] Trial 16 finished with value: 0.12565197676233889 and parameters: {'confidence_threshold': 0.8071898053270988, 'training_days': 140, 'n_estimators': 298, 'max_depth': 5, 'num_leaves': 25, 'learning_rate': 0.04734750546511042, 'subsample': 0.6318757284031183, 'colsample_bytree': 0.6155885267093099, 'min_child_samples': 54, 'reg_alpha': 0.000762323791867669, 'reg_lambda': 0.15555947254427588}. Best is trial 4 with value: 0.12981447926238188.
[I 2026-06-01 11:05:11,827] Trial 17 finished with value: -0.09049196482631006 and parameters: {'confidence_threshold': 0.5004748807695347, 'training_days': 70, 'n_estimators': 107, 'max_depth': 5, 'num_leaves': 44, 'learning_rate': 0.17035629619647225, 'subsample': 0.5467557841794419, 'colsample_bytree': 0.982300071998977, 'min_child_samples': 75, 'reg_alpha': 0.031339913113165224, 'reg_lambda': 1.3489951187488e-06}. Best is trial 4 with value: 0.12981447926238188.
[I 2026-06-01 11:05:12,092] A new study created in memory with name: no-name-b74c235a-e577-43f2-b2ce-fc0dc9d15867
[I 2026-06-01 11:05:12,290] Trial 0 finished with value: 0.10079422612055182 and parameters: {'confidence_threshold': 0.5870645682749857, 'training_days': 90, 'n_estimators': 403, 'max_depth': 5, 'num_leaves': 45, 'learning_rate': 0.0780457193679974, 'subsample': 0.9428509515574568, 'colsample_bytree': 0.8795587339164916, 'min_child_samples': 34, 'reg_alpha': 2.2465901234314442e-07, 'reg_lambda': 8.339007036475363e-05}. Best is trial 0 with value: 0.10079422612055182.
[I 2026-06-01 11:05:12,388] Trial 1 finished with value: -0.035618348651845225 and parameters: {'confidence_threshold': 0.6348453934275313, 'training_days': 290, 'n_estimators': 115, 'max_depth': 5, 'num_leaves': 37, 'learning_rate': 0.06949568759029946, 'subsample': 0.8228505074024268, 'colsample_bytree': 0.8616703220431751, 'min_child_samples': 75, 'reg_alpha': 4.2486822725010923e-07, 'reg_lambda': 1.157247767047042e-07}. Best is trial 0 with value: 0.10079422612055182.
[I 2026-06-01 11:05:12,408] Trial 2 finished with value: -2.025685482504793 and parameters: {'confidence_threshold': 0.5849570384370288, 'training_days': 10, 'n_estimators': 212, 'max_depth': 3, 'num_leaves': 41, 'learning_rate': 0.18452095998378365, 'subsample': 0.6001060822924371, 'colsample_bytree': 0.5673167293506167, 'min_child_samples': 37, 'reg_alpha': 5.733250064217131, 'reg_lambda': 0.5308454292595461}. Best is trial 0 with value: 0.10079422612055182.
[I 2026-06-01 11:05:12,493] Trial 3 finished with value: -0.011031331842490272 and parameters: {'confidence_threshold': 0.6868248626683718, 'training_days': 220, 'n_estimators': 134, 'max_depth': 3, 'num_leaves': 45, 'learning_rate': 0.033529007907491595, 'subsample': 0.8647277071858408, 'colsample_bytree': 0.778494116634046, 'min_child_samples': 96, 'reg_alpha': 2.409409937265785e-07, 'reg_lambda': 1.1642073478060009}. Best is trial 0 with value: 0.10079422612055182.
[I 2026-06-01 11:05:12,575] Trial 4 finished with value: -0.024725727275646748 and parameters: {'confidence_threshold': 0.5623121348350352, 'training_days': 300, 'n_estimators': 69, 'max_depth': 4, 'num_leaves': 32, 'learning_rate': 0.14967629360700346, 'subsample': 0.5054535233636654, 'colsample_bytree': 0.7401385194659216, 'min_child_samples': 27, 'reg_alpha': 1.4212042567426725e-07, 'reg_lambda': 0.23605753701352003}. Best is trial 0 with value: 0.10079422612055182.
[I 2026-06-01 11:05:12,986] Trial 5 finished with value: -0.09435380571107439 and parameters: {'confidence_threshold': 0.7111850244908446, 'training_days': 490, 'n_estimators': 362, 'max_depth': 5, 'num_leaves': 40, 'learning_rate': 0.05960785724162737, 'subsample': 0.5589714368907717, 'colsample_bytree': 0.6659006943232806, 'min_child_samples': 42, 'reg_alpha': 0.6741360303045295, 'reg_lambda': 6.054601607143087e-08}. Best is trial 0 with value: 0.10079422612055182.
[I 2026-06-01 11:05:13,162] Trial 6 finished with value: -0.1194633636095909 and parameters: {'confidence_threshold': 0.667482545748023, 'training_days': 420, 'n_estimators': 279, 'max_depth': 3, 'num_leaves': 45, 'learning_rate': 0.040099592560849204, 'subsample': 0.8563114696415159, 'colsample_bytree': 0.5442917781944105, 'min_child_samples': 50, 'reg_alpha': 1.6407916423707903e-08, 'reg_lambda': 2.935907642973286e-05}. Best is trial 0 with value: 0.10079422612055182.
[I 2026-06-01 11:05:13,320] Trial 7 finished with value: 0.08465861422740255 and parameters: {'confidence_threshold': 0.5497381024139926, 'training_days': 120, 'n_estimators': 408, 'max_depth': 5, 'num_leaves': 38, 'learning_rate': 0.28049122657745795, 'subsample': 0.8806573338635493, 'colsample_bytree': 0.5454054113547102, 'min_child_samples': 63, 'reg_alpha': 0.01263008637940408, 'reg_lambda': 0.04588020805366937}. Best is trial 0 with value: 0.10079422612055182.
