[I 2026-06-01 11:05:35,688] Trial 7 finished with value: -0.04775600853744512 and parameters: {'confidence_threshold': 0.5497381024139926, 'training_days': 120, 'n_estimators': 408, 'max_depth': 5, 'num_leaves': 38, 'learning_rate': 0.28049122657745795, 'subsample': 0.8806573338635493, 'colsample_bytree': 0.5454054113547102, 'min_child_samples': 63, 'reg_alpha': 0.01263008637940408, 'reg_lambda': 0.04588020805366937}. Best is trial 2 with value: 0.05496897165856464.
[I 2026-06-01 11:05:35,998] Trial 8 finished with value: -0.05084442698011713 and parameters: {'confidence_threshold': 0.719644804808716, 'training_days': 450, 'n_estimators': 410, 'max_depth': 4, 'num_leaves': 57, 'learning_rate': 0.04022026551478857, 'subsample': 0.5336085426932707, 'colsample_bytree': 0.5705742850577543, 'min_child_samples': 100, 'reg_alpha': 5.916398047912201e-07, 'reg_lambda': 0.9794034214488329}. Best is trial 2 with value: 0.05496897165856464.
[I 2026-06-01 11:05:36,025] Trial 9 finished with value: -5.957627818905263 and parameters: {'confidence_threshold': 0.7267463643917187, 'training_days': 20, 'n_estimators': 337, 'max_depth': 5, 'num_leaves': 23, 'learning_rate': 0.022153031811454605, 'subsample': 0.6305627572358737, 'colsample_bytree': 0.6613413774216214, 'min_child_samples': 81, 'reg_alpha': 5.7638634029410314e-08, 'reg_lambda': 8.26603016764008}. Best is trial 2 with value: 0.05496897165856464.
[I 2026-06-01 11:05:36,051] Trial 10 finished with value: -7.96584161888272 and parameters: {'confidence_threshold': 0.8398533911817929, 'training_days': 10, 'n_estimators': 228, 'max_depth': 3, 'num_leaves': 15, 'learning_rate': 0.2789359567293539, 'subsample': 0.6821883053833926, 'colsample_bytree': 0.9944479338273263, 'min_child_samples': 23, 'reg_alpha': 2.903134294418681, 'reg_lambda': 0.0032849428938367974}. Best is trial 2 with value: 0.05496897165856464.
[I 2026-06-01 11:05:36,194] Trial 11 finished with value: -0.10392222897979364 and parameters: {'confidence_threshold': 0.6075016155177957, 'training_days': 300, 'n_estimators': 182, 'max_depth': 4, 'num_leaves': 59, 'learning_rate': 0.010226258249598861, 'subsample': 0.7538575004267684, 'colsample_bytree': 0.8724278937851807, 'min_child_samples': 64, 'reg_alpha': 2.5646023357365184e-05, 'reg_lambda': 7.359299995524362e-08}. Best is trial 2 with value: 0.05496897165856464.
[I 2026-06-01 11:05:36,250] Trial 12 finished with value: -0.042991691757705716 and parameters: {'confidence_threshold': 0.5145853631584999, 'training_days': 200, 'n_estimators': 53, 'max_depth': 4, 'num_leaves': 30, 'learning_rate': 0.12411615325331521, 'subsample': 0.7554010767848054, 'colsample_bytree': 0.8750909515331022, 'min_child_samples': 77, 'reg_alpha': 0.00012116501730499813, 'reg_lambda': 2.323935870907716e-06}. Best is trial 2 with value: 0.05496897165856464.
[I 2026-06-01 11:05:36,375] Trial 13 finished with value: -0.043493885781472494 and parameters: {'confidence_threshold': 0.6308026073906248, 'training_days': 350, 'n_estimators': 135, 'max_depth': 3, 'num_leaves': 52, 'learning_rate': 0.11842510796771445, 'subsample': 0.6688674075624301, 'colsample_bytree': 0.9584932215576711, 'min_child_samples': 52, 'reg_alpha': 0.008968726659070418, 'reg_lambda': 0.006726263507857872}. Best is trial 2 with value: 0.05496897165856464.
[I 2026-06-01 11:05:36,601] Trial 14 finished with value: 0.0022320121173021513 and parameters: {'confidence_threshold': 0.7808065270010196, 'training_days': 150, 'n_estimators': 500, 'max_depth': 4, 'num_leaves': 32, 'learning_rate': 0.17261533403295679, 'subsample': 0.7851487748866213, 'colsample_bytree': 0.7832231035788051, 'min_child_samples': 77, 'reg_alpha': 7.802128548199889e-06, 'reg_lambda': 9.095925666395889e-07}. Best is trial 2 with value: 0.05496897165856464.
[I 2026-06-01 11:05:36,766] Trial 15 finished with value: -0.056442171670008354 and parameters: {'confidence_threshold': 0.8017288348210545, 'training_days': 140, 'n_estimators': 477, 'max_depth': 3, 'num_leaves': 25, 'learning_rate': 0.17207597477912198, 'subsample': 0.5924648827306374, 'colsample_bytree': 0.6428468616082088, 'min_child_samples': 88, 'reg_alpha': 1.7836787545151695e-05, 'reg_lambda': 3.2714731643879737e-06}. Best is trial 2 with value: 0.05496897165856464.
[I 2026-06-01 11:05:36,843] Trial 16 finished with value: -0.10982313421068343 and parameters: {'confidence_threshold': 0.7696337917295164, 'training_days': 70, 'n_estimators': 269, 'max_depth': 4, 'num_leaves': 51, 'learning_rate': 0.1842031045331153, 'subsample': 0.6928846082990532, 'colsample_bytree': 0.7649218253916094, 'min_child_samples': 69, 'reg_alpha': 0.004002946276929325, 'reg_lambda': 0.000855876310048679}. Best is trial 2 with value: 0.05496897165856464.

    [trial 16] Sharpe=0.0073 (folds: 0.2283, -0.1105, 0.1363, -0.2048, -0.0130)
    [trial 17] 46 features, training_days=410 | threshold=0.789 | labels: 1010 long, 1161 short (47/53%)
    [trial 17] Sharpe=0.0033 (folds: 0.1647, -0.0589, 0.0212, -0.1579, 0.0474)
  Optuna: 18 trials, best Sharpe = 0.0272
  Best params: n_estimators=223, max_depth=4, lr=0.2817, leaves=63
  Best confidence_threshold: 0.768
  Best training_days: 340
  Retrained on full data (1020 samples, 46 features)
  [ensemble 2/3] seed=123
    [trial 0] 46 features, training_days=150 | threshold=0.744 | labels: 1010 long, 1161 short (47/53%)
    [CV fold 0] train_end=2022-11-23 08:00 | val_start=2022-12-01 00:00 | gap=184h (22 rows)
    [CV fold 1] train_end=2023-03-23 16:00 | val_start=2023-03-31 08:00 | gap=184h (22 rows)
    [CV fold 2] train_end=2023-07-22 00:00 | val_start=2023-07-29 16:00 | gap=184h (22 rows)
    [CV fold 3] train_end=2023-11-19 08:00 | val_start=2023-11-27 00:00 | gap=184h (22 rows)
    [CV fold 4] train_end=2024-03-18 16:00 | val_start=2024-03-26 08:00 | gap=184h (22 rows)
    [trial 0] Sharpe=-0.0271 (folds: 0.1100, -0.0412, -0.0420, -0.0684, -0.0936)
    [trial 1] 46 features, training_days=220 | threshold=0.755 | labels: 1010 long, 1161 short (47/53%)
    [trial 1] Sharpe=-3.9984 (folds: 0.0191, 0.2750, -10.0000, -10.0000, -0.2861)
    [trial 2] 46 features, training_days=310 | threshold=0.754 | labels: 1010 long, 1161 short (47/53%)
    [trial 2] Sharpe=-0.0411 (folds: 0.0146, -0.2029, 0.0193, -0.0629, 0.0264)
    [trial 3] 46 features, training_days=220 | threshold=0.673 | labels: 1010 long, 1161 short (47/53%)
    [trial 3] Sharpe=0.0028 (folds: 0.0590, -0.0456, 0.0621, -0.0908, 0.0295)
    [trial 4] 46 features, training_days=130 | threshold=0.803 | labels: 1010 long, 1161 short (47/53%)
    [trial 4] Sharpe=-0.0748 (folds: 0.1536, -0.1334, -0.0267, -0.2310, -0.1363)
    [trial 5] 46 features, training_days=210 | threshold=0.606 | labels: 1010 long, 1161 short (47/53%)
    [trial 5] Sharpe=-0.0129 (folds: 0.1264, -0.0455, 0.0842, -0.1807, -0.0487)
    [trial 6] 46 features, training_days=130 | threshold=0.767 | labels: 1010 long, 1161 short (47/53%)
    [trial 6] Sharpe=-0.0787 (folds: 0.0592, -0.1254, -0.0830, -0.2287, -0.0157)
    [trial 7] 46 features, training_days=80 | threshold=0.556 | labels: 1010 long, 1161 short (47/53%)
    [trial 7] Sharpe=-0.1520 (folds: -0.0241, -0.1591, -0.3234, 0.0359, -0.2895)
    [trial 8] 46 features, training_days=200 | threshold=0.607 | labels: 1010 long, 1161 short (47/53%)
    [trial 8] Sharpe=-0.0249 (folds: -0.0083, -0.0276, 0.0523, -0.1757, 0.0348)
    [trial 9] 46 features, training_days=260 | threshold=0.620 | labels: 1010 long, 1161 short (47/53%)
    [trial 9] Sharpe=-0.0549 (folds: 0.1154, -0.2073, -0.0923, -0.0151, -0.0751)
    [trial 10] 46 features, training_days=470 | threshold=0.676 | labels: 1010 long, 1161 short (47/53%)
    [trial 10] Sharpe=-0.0939 (folds: 0.0530, -0.1218, -0.1928, -0.0449, -0.1630)
    [trial 11] 46 features, training_days=360 | threshold=0.513 | labels: 1010 long, 1161 short (47/53%)
    [trial 11] Sharpe=-0.0148 (folds: 0.1787, -0.1340, 0.0077, -0.2008, 0.0745)
    [trial 12] 46 features, training_days=20 | threshold=0.673 | labels: 1010 long, 1161 short (47/53%)
    [trial 12] Sharpe=-5.9576 (folds: 0.0411, -10.0000, -10.0000, -10.0000, 0.1708)
    [trial 13] 46 features, training_days=360 | threshold=0.668 | labels: 1010 long, 1161 short (47/53%)
    [trial 13] Sharpe=-0.0226 (folds: 0.0653, -0.0706, 0.0627, -0.2095, 0.0392)
    [trial 14] 46 features, training_days=280 | threshold=0.606 | labels: 1010 long, 1161 short (47/53%)
    [trial 14] Sharpe=0.0148 (folds: 0.1182, -0.0825, 0.0477, -0.1113, 0.1018)
    [trial 15] 46 features, training_days=470 | threshold=0.705 | labels: 1010 long, 1161 short (47/53%)
    [trial 15] Sharpe=-0.0021 (folds: 0.0543, -0.0930, 0.0242, -0.0999, 0.1037)
    [trial 16] 46 features, training_days=300 | threshold=0.543 | labels: 1010 long, 1161 short (47/53%)
    [trial 16] Sharpe=-0.0534 (folds: 0.0634, -0.1057, 0.0255, -0.1676, -0.0826)
    [trial 17] 46 features, training_days=380 | threshold=0.624 | labels: 1010 long, 1161 short (47/53%)
    [trial 17] Sharpe=-0.1094 (folds: 0.0408, -0.2131, -0.0859, -0.2716, -0.0172)
  Optuna: 18 trials, best Sharpe = 0.0148
  Best params: n_estimators=184, max_depth=5, lr=0.2651, leaves=30
  Best confidence_threshold: 0.606
  Best training_days: 280
  Retrained on full data (840 samples, 46 features)
  [ensemble 3/3] seed=456
    [trial 0] 46 features, training_days=90 | threshold=0.587 | labels: 1010 long, 1161 short (47/53%)
    [CV fold 0] train_end=2022-11-23 08:00 | val_start=2022-12-01 00:00 | gap=184h (22 rows)
    [CV fold 1] train_end=2023-03-23 16:00 | val_start=2023-03-31 08:00 | gap=184h (22 rows)
    [CV fold 2] train_end=2023-07-22 00:00 | val_start=2023-07-29 16:00 | gap=184h (22 rows)
    [CV fold 3] train_end=2023-11-19 08:00 | val_start=2023-11-27 00:00 | gap=184h (22 rows)
    [CV fold 4] train_end=2024-03-18 16:00 | val_start=2024-03-26 08:00 | gap=184h (22 rows)
    [trial 0] Sharpe=-0.0646 (folds: 0.1206, -0.1658, -0.0345, -0.0598, -0.1833)
    [trial 1] 46 features, training_days=290 | threshold=0.635 | labels: 1010 long, 1161 short (47/53%)
    [trial 1] Sharpe=-0.0395 (folds: 0.1053, -0.2128, 0.0311, -0.0882, -0.0332)
    [trial 2] 46 features, training_days=10 | threshold=0.585 | labels: 1010 long, 1161 short (47/53%)
    [trial 2] Sharpe=0.0550 (folds: 0.0411, -0.0156, -0.0704, 0.1490, 0.1708)
    [trial 3] 46 features, training_days=220 | threshold=0.687 | labels: 1010 long, 1161 short (47/53%)
    [trial 3] Sharpe=-0.1338 (folds: 0.0607, -0.1050, -0.3526, 0.0504, -0.3223)
    [trial 4] 46 features, training_days=300 | threshold=0.562 | labels: 1010 long, 1161 short (47/53%)
    [trial 4] Sharpe=-0.0805 (folds: 0.0706, -0.1919, -0.1267, -0.0056, -0.1487)
    [trial 5] 46 features, training_days=490 | threshold=0.711 | labels: 1010 long, 1161 short (47/53%)
    [trial 5] Sharpe=-0.0634 (folds: 0.1016, -0.1320, 0.0403, -0.3512, 0.0245)
    [trial 6] 46 features, training_days=420 | threshold=0.667 | labels: 1010 long, 1161 short (47/53%)
    [trial 6] Sharpe=-0.1231 (folds: 0.0292, -0.2362, -0.1465, -0.1544, -0.1078)
    [trial 7] 46 features, training_days=120 | threshold=0.550 | labels: 1010 long, 1161 short (47/53%)
    [trial 7] Sharpe=-0.0478 (folds: 0.0929, -0.1053, -0.1133, -0.0188, -0.0943)
    [trial 8] 46 features, training_days=450 | threshold=0.720 | labels: 1010 long, 1161 short (47/53%)
    [trial 8] Sharpe=-0.0508 (folds: 0.1243, -0.1550, 0.0244, -0.2246, -0.0233)
    [trial 9] 46 features, training_days=20 | threshold=0.727 | labels: 1010 long, 1161 short (47/53%)
    [trial 9] Sharpe=-5.9576 (folds: 0.0411, -10.0000, -10.0000, -10.0000, 0.1708)
    [trial 10] 46 features, training_days=10 | threshold=0.840 | labels: 1010 long, 1161 short (47/53%)
    [trial 10] Sharpe=-7.9658 (folds: -10.0000, -10.0000, -10.0000, -10.0000, 0.1708)
    [trial 11] 46 features, training_days=300 | threshold=0.608 | labels: 1010 long, 1161 short (47/53%)
    [trial 11] Sharpe=-0.1039 (folds: 0.0372, -0.1068, -0.0390, -0.1682, -0.2428)
    [trial 12] 46 features, training_days=200 | threshold=0.515 | labels: 1010 long, 1161 short (47/53%)
    [trial 12] Sharpe=-0.0430 (folds: 0.0578, -0.0830, -0.0413, -0.0942, -0.0543)
    [trial 13] 46 features, training_days=350 | threshold=0.631 | labels: 1010 long, 1161 short (47/53%)
    [trial 13] Sharpe=-0.0435 (folds: 0.0073, -0.1207, 0.0077, -0.1284, 0.0165)
    [trial 14] 46 features, training_days=150 | threshold=0.781 | labels: 1010 long, 1161 short (47/53%)
    [trial 14] Sharpe=0.0022 (folds: 0.1896, -0.0476, -0.0649, -0.0347, -0.0313)
    [trial 15] 46 features, training_days=140 | threshold=0.802 | labels: 1010 long, 1161 short (47/53%)
    [trial 15] Sharpe=-0.0564 (folds: 0.2003, -0.1404, -0.1052, -0.1650, -0.0719)
    [trial 16] 46 features, training_days=70 | threshold=0.770 | labels: 1010 long, 1161 short (47/53%)
    [trial 16] Sharpe=-0.1098 (folds: 0.0392, -0.0603, -0.2739, -0.0944, -0.1597)
    [trial 17] 46 features, training_days=180 | threshold=0.787 | labels: 1010 long, 1161 short (47/53%)[I 2026-06-01 11:05:37,092] Trial 17 finished with value: -0.03555662409950776 and parameters: {'confidence_threshold': 0.7873735958410488, 'training_days': 180, 'n_estimators': 485, 'max_depth': 3, 'num_leaves': 32, 'learning_rate': 0.09400809245762701, 'subsample': 0.8002407697944357, 'colsample_bytree': 0.7142219102330146, 'min_child_samples': 54, 'reg_alpha': 0.11382450368492165, 'reg_lambda': 1.171053561587276e-06}. Best is trial 2 with value: 0.05496897165856464.
[I 2026-06-01 11:05:37,645] A new study created in memory with name: no-name-2626a9ce-3eff-4173-9f94-67d73ef2b901
[I 2026-06-01 11:05:37,965] Trial 0 finished with value: -0.05458494054035321 and parameters: {'confidence_threshold': 0.6310890415965769, 'training_days': 480, 'n_estimators': 380, 'max_depth': 4, 'num_leaves': 22, 'learning_rate': 0.01699897838270077, 'subsample': 0.5290418060840998, 'colsample_bytree': 0.9330880728874675, 'min_child_samples': 68, 'reg_alpha': 0.023585940584142682, 'reg_lambda': 1.5320059381854043e-08}. Best is trial 0 with value: -0.05458494054035321.
[I 2026-06-01 11:05:38,105] Trial 1 finished with value: -4.124486877963097 and parameters: {'confidence_threshold': 0.839468448256698, 'training_days': 420, 'n_estimators': 145, 'max_depth': 3, 'num_leaves': 23, 'learning_rate': 0.028145092716060652, 'subsample': 0.762378215816119, 'colsample_bytree': 0.7159725093210578, 'min_child_samples': 43, 'reg_alpha': 0.0032112643094417484, 'reg_lambda': 1.8007140198129195e-07}. Best is trial 0 with value: -0.05458494054035321.
[I 2026-06-01 11:05:38,255] Trial 2 finished with value: -0.09773242988019101 and parameters: {'confidence_threshold': 0.6022506269873263, 'training_days': 190, 'n_estimators': 255, 'max_depth': 5, 'num_leaves': 24, 'learning_rate': 0.05748924681991978, 'subsample': 0.7962072844310213, 'colsample_bytree': 0.5232252063599989, 'min_child_samples': 69, 'reg_alpha': 3.425445902633376e-07, 'reg_lambda': 3.850031979199519e-08}. Best is trial 0 with value: -0.05458494054035321.
[I 2026-06-01 11:05:38,535] Trial 3 finished with value: -0.04394890199242608 and parameters: {'confidence_threshold': 0.8321099380386666, 'training_days': 490, 'n_estimators': 414, 'max_depth': 3, 'num_leaves': 19, 'learning_rate': 0.1024932221692416, 'subsample': 0.7200762468698007, 'colsample_bytree': 0.5610191174223894, 'min_child_samples': 60, 'reg_alpha': 2.039373116525212e-08, 'reg_lambda': 1.527156759251193}. Best is trial 3 with value: -0.04394890199242608.
[I 2026-06-01 11:05:38,689] Trial 4 finished with value: -0.052948699619563055 and parameters: {'confidence_threshold': 0.5905729935600059, 'training_days': 340, 'n_estimators': 190, 'max_depth': 4, 'num_leaves': 41, 'learning_rate': 0.01875220945578641, 'subsample': 0.9847923138822793, 'colsample_bytree': 0.8875664116805573, 'min_child_samples': 96, 'reg_alpha': 1.1309571585271483, 'reg_lambda': 0.002404915432737351}. Best is trial 3 with value: -0.04394890199242608.
[I 2026-06-01 11:05:38,729] Trial 5 finished with value: -0.057101452330259 and parameters: {'confidence_threshold': 0.8226559822580909, 'training_days': 50, 'n_estimators': 138, 'max_depth': 3, 'num_leaves': 30, 'learning_rate': 0.03750796359625606, 'subsample': 0.6356745158869479, 'colsample_bytree': 0.9143687545759647, 'min_child_samples': 48, 'reg_alpha': 3.376063348877853e-06, 'reg_lambda': 0.0007660634613082914}. Best is trial 3 with value: -0.04394890199242608.
[I 2026-06-01 11:05:38,832] Trial 6 finished with value: -0.1614259322613493 and parameters: {'confidence_threshold': 0.5493234787411669, 'training_days': 410, 'n_estimators': 83, 'max_depth': 5, 'num_leaves': 52, 'learning_rate': 0.019657448966046126, 'subsample': 0.5027610585618012, 'colsample_bytree': 0.9077307142274171, 'min_child_samples': 77, 'reg_alpha': 0.03639690979811287, 'reg_lambda': 0.08738424135626986}. Best is trial 3 with value: -0.04394890199242608.
[I 2026-06-01 11:05:38,924] Trial 7 finished with value: -0.11238082142970311 and parameters: {'confidence_threshold': 0.5259156281069316, 'training_days': 180, 'n_estimators': 102, 'max_depth': 5, 'num_leaves': 45, 'learning_rate': 0.030816017044468066, 'subsample': 0.5317791751430119, 'colsample_bytree': 0.6554911608578311, 'min_child_samples': 46, 'reg_alpha': 0.036851536911881845, 'reg_lambda': 0.005470376807480391}. Best is trial 3 with value: -0.04394890199242608.
[I 2026-06-01 11:05:39,033] Trial 8 finished with value: -0.09752262786848633 and parameters: {'confidence_threshold': 0.8105244599017143, 'training_days': 240, 'n_estimators': 103, 'max_depth': 5, 'num_leaves': 52, 'learning_rate': 0.06746437142284309, 'subsample': 0.8854835899772805, 'colsample_bytree': 0.7468977981821954, 'min_child_samples': 62, 'reg_alpha': 7.04480806377519e-05, 'reg_lambda': 1.6934490731313353e-08}. Best is trial 3 with value: -0.04394890199242608.
[I 2026-06-01 11:05:39,069] Trial 9 finished with value: -0.03582101078982963 and parameters: {'confidence_threshold': 0.5377619994476566, 'training_days': 20, 'n_estimators': 337, 'max_depth': 3, 'num_leaves': 39, 'learning_rate': 0.21907142272152816, 'subsample': 0.6246461145744375, 'colsample_bytree': 0.7051914615178149, 'min_child_samples': 81, 'reg_alpha': 1.1459970229341322e-06, 'reg_lambda': 4.929685216887945e-08}. Best is trial 9 with value: -0.03582101078982963.
[I 2026-06-01 11:05:39,099] Trial 10 finished with value: -1.9259145629306738 and parameters: {'confidence_threshold': 0.7449289185605341, 'training_days': 10, 'n_estimators': 487, 'max_depth': 3, 'num_leaves': 61, 'learning_rate': 0.21914469472126635, 'subsample': 0.628963476300746, 'colsample_bytree': 0.8189858776055304, 'min_child_samples': 27, 'reg_alpha': 2.8948477959263623e-05, 'reg_lambda': 3.3639426888455256e-06}. Best is trial 9 with value: -0.03582101078982963.
[I 2026-06-01 11:05:39,203] Trial 11 finished with value: -0.0300374129773883 and parameters: {'confidence_threshold': 0.7131090560543465, 'training_days': 100, 'n_estimators': 402, 'max_depth': 4, 'num_leaves': 34, 'learning_rate': 0.18963242937653546, 'subsample': 0.667263233140043, 'colsample_bytree': 0.5659808164583418, 'min_child_samples': 85, 'reg_alpha': 2.6854712383446556e-08, 'reg_lambda': 9.74477562314831}. Best is trial 11 with value: -0.0300374129773883.
