[I 2026-06-01 11:06:54,387] Trial 10 finished with value: 0.047972802406431744 and parameters: {'confidence_threshold': 0.7301111584710253, 'training_days': 350, 'n_estimators': 487, 'max_depth': 4, 'num_leaves': 15, 'learning_rate': 0.1457937958927628, 'subsample': 0.6806559982209046, 'colsample_bytree': 0.5055805119629307, 'min_child_samples': 27, 'reg_alpha': 1.290626345465208e-08, 'reg_lambda': 8.530248590348572}. Best is trial 3 with value: 0.11359500839660072.
    [trial 12] Sharpe=0.0131 (folds: -0.0478, 0.0757, 0.1609, -0.3653, 0.2419)
    [trial 13] 46 features, training_days=350 | threshold=0.778 | labels: 1016 long, 1155 short (47/53%)
    [trial 13] Sharpe=-0.0306 (folds: -0.0789, -0.0875, 0.2187, -0.1652, -0.0402)
    [trial 14] 46 features, training_days=470 | threshold=0.772 | labels: 1016 long, 1155 short (47/53%)
    [trial 14] Sharpe=0.0168 (folds: -0.1189, -0.0517, 0.0462, 0.2067, 0.0018)
    [trial 15] 46 features, training_days=210 | threshold=0.783 | labels: 1016 long, 1155 short (47/53%)
    [trial 15] Sharpe=-0.0306 (folds: -0.0634, 0.0390, 0.1173, -0.1708, -0.0753)
    [trial 16] 46 features, training_days=390 | threshold=0.516 | labels: 1016 long, 1155 short (47/53%)
    [trial 16] Sharpe=0.0094 (folds: -0.0400, 0.0441, 0.1057, -0.0967, 0.0339)
    [trial 17] 46 features, training_days=490 | threshold=0.734 | labels: 1016 long, 1155 short (47/53%)
    [trial 17] Sharpe=0.0743 (folds: -0.0844, 0.0307, 0.1818, 0.2274, 0.0160)
  Optuna: 18 trials, best Sharpe = 0.0743
  Best params: n_estimators=432, max_depth=5, lr=0.0992, leaves=22
  Best confidence_threshold: 0.734
  Best training_days: 490
  Retrained on full data (1470 samples, 46 features)
  OOD: 16 features, cutoff (q=0.7) = 13.71
  Model trained for 2025-02: 84 test candles with features, confidence_threshold=0.710
[trade:close] 2025-02-02 23:59 DOTUSDT SHORT → take_profit @ 5.34 | PnL=+13.51% (net +13.41%) | cum=+95.90% 2025-02=+13.41% 2025-02-02=+13.41%
[predict] 2025-02-06 00:00 DOTUSDT → LONG (proba=0.91 TP=25.2%/SL=12.6%)
[trade:open] 2025-02-06 07:59 DOTUSDT LONG @ 4.78 | SL=4.18 TP=5.98 | timeout=2025-02-13 07:59
[trade:close] 2025-02-13 08:00 DOTUSDT LONG → timeout @ 5.14 | PnL=+7.59% (net +7.49%) | cum=+103.39% 2025-02=+20.91% 2025-02-13=+7.49%
[predict] 2025-02-14 08:00 DOTUSDT → SHORT (proba=0.72 TP=15.0%/SL=7.5%)
[trade:open] 2025-02-14 15:59 DOTUSDT SHORT @ 5.22 | SL=5.61 TP=4.44 | timeout=2025-02-21 15:59
[trade:close] 2025-02-21 16:00 DOTUSDT SHORT → timeout @ 5.20 | PnL=+0.36% (net +0.26%) | cum=+103.66% 2025-02=+21.17% 2025-02-21=+0.26%
[predict] 2025-02-23 08:00 DOTUSDT → SHORT (proba=0.74 TP=11.9%/SL=6.0%)
[trade:open] 2025-02-23 15:59 DOTUSDT SHORT @ 4.95 | SL=5.24 TP=4.36 | timeout=2025-03-02 15:59
[trade:close] 2025-02-24 23:59 DOTUSDT SHORT → take_profit @ 4.36 | PnL=+11.90% (net +11.80%) | cum=+115.46% 2025-02=+32.98% 2025-02-24=+11.80%
[lgbm] === Training for 2025-03 ===
  Train window: 2023-03-01 → 2025-02-21
  2171 training samples from 1 symbols
  Samples per month: 2023-03: 93, 2023-04: 90, 2023-05: 93, 2023-06: 90, 2023-07: 93, 2023-08: 93, 2023-09: 90, 2023-10: 93, 2023-11: 90, 2023-12: 93, 2024-01: 93, 2024-02: 87, 2024-03: 93, 2024-04: 90, 2024-05: 93, 2024-06: 90, 2024-07: 93, 2024-08: 93, 2024-09: 90, 2024-10: 93, 2024-11: 90, 2024-12: 93, 2025-01: 93, 2025-02: 62
  [label] 2023-05-01 16:00 DOTUSDT entry=5.6610 → SHORT | long=sl(-4.87%) short=timeout(+5.13%) | scanned=22 | no_tp→fwd_return=-5.2288
  [label] 2023-05-04 00:00 DOTUSDT entry=5.7410 → SHORT | long=sl(-4.26%) short=tp(+8.23%) | scanned=14 | short_tp_only
  [label] 2023-05-07 16:00 DOTUSDT entry=5.6270 → SHORT | long=sl(-3.99%) short=tp(+7.68%) | scanned=3 | short_tp_only
  [label] 2023-06-01 08:00 DOTUSDT entry=5.2260 → SHORT | long=sl(-2.98%) short=sl(-2.98%) | scanned=12 | no_tp→fwd_return=-3.9610
  [label] 2023-07-24 00:00 DOTUSDT entry=5.3290 → SHORT | long=timeout(-3.05%) short=timeout(+2.85%) | scanned=22 | no_tp→fwd_return=-2.9461
  [label] 2024-01-06 00:00 DOTUSDT entry=7.1140 → LONG | long=timeout(+8.01%) short=sl(-10.77%) | scanned=22 | no_tp→fwd_return=+8.1108
  [label] 2024-01-10 00:00 DOTUSDT entry=7.0710 → LONG | long=tp(+17.38%) short=sl(-8.84%) | scanned=3 | long_tp_only
  [label] 2024-01-20 16:00 DOTUSDT entry=6.9100 → SHORT | long=sl(-6.36%) short=tp(+12.42%) | scanned=8 | short_tp_only
  [label] 2024-03-05 16:00 DOTUSDT entry=9.3200 → LONG | long=timeout(+15.21%) short=sl(-13.21%) | scanned=22 | no_tp→fwd_return=+15.3112
  [label] 2024-03-14 08:00 DOTUSDT entry=11.1760 → SHORT | long=sl(-9.11%) short=tp(+17.92%) | scanned=14 | short_tp_only
  [label] 2024-06-12 16:00 DOTUSDT entry=6.7340 → SHORT | long=sl(-5.81%) short=tp(+11.31%) | scanned=6 | short_tp_only
  [label] 2024-07-14 16:00 DOTUSDT entry=6.3160 → LONG | long=sl(-4.98%) short=timeout(-1.86%) | scanned=22 | no_tp→fwd_return=+1.7574
  [label] 2024-07-31 00:00 DOTUSDT entry=5.5210 → SHORT | long=sl(-4.56%) short=tp(+8.82%) | scanned=5 | short_tp_only
  [label] 2024-08-12 16:00 DOTUSDT entry=4.5840 → SHORT | long=sl(-6.76%) short=timeout(+2.19%) | scanned=22 | no_tp→fwd_return=-2.2906
  [label] 2024-08-31 00:00 DOTUSDT entry=4.2870 → SHORT | long=sl(-6.12%) short=timeout(+5.75%) | scanned=22 | no_tp→fwd_return=-5.8549
  [label] 2024-09-06 08:00 DOTUSDT entry=4.0060 → LONG | long=timeout(+10.21%) short=sl(-5.79%) | scanned=22 | no_tp→fwd_return=+10.3095
  [label] 2024-09-18 16:00 DOTUSDT entry=4.1740 → LONG | long=tp(+9.87%) short=sl(-5.09%) | scanned=17 | long_tp_only
  [label] 2024-10-28 08:00 DOTUSDT entry=4.0150 → SHORT | long=sl(-4.81%) short=sl(-4.81%) | scanned=15 | no_tp→fwd_return=-3.9352
  [label] 2024-11-07 00:00 DOTUSDT entry=4.0860 → LONG | long=tp(+10.22%) short=sl(-5.26%) | scanned=8 | long_tp_only
  [label] 2025-02-01 08:00 DOTUSDT entry=6.2290 → SHORT | long=sl(-7.70%) short=tp(+15.10%) | scanned=4 | short_tp_only
  Labels: 1018 long (46.9%), 1153 short (53.1%) | weights: min=1.00, mean=3.18, max=10.00
  Features: 2171/2171 matched, 46 columns
  CV gap: 22 rows
  [ensemble 1/3] seed=42
    [trial 0] 46 features, training_days=480 | threshold=0.631 | labels: 1018 long, 1153 short (47/53%)
    [CV fold 0] train_end=2023-06-23 08:00 | val_start=2023-07-01 00:00 | gap=184h (22 rows)
    [CV fold 1] train_end=2023-10-21 16:00 | val_start=2023-10-29 08:00 | gap=184h (22 rows)
    [CV fold 2] train_end=2024-02-19 00:00 | val_start=2024-02-26 16:00 | gap=184h (22 rows)
    [CV fold 3] train_end=2024-06-18 08:00 | val_start=2024-06-26 00:00 | gap=184h (22 rows)
    [CV fold 4] train_end=2024-10-16 16:00 | val_start=2024-10-24 08:00 | gap=184h (22 rows)
    [trial 0] Sharpe=-0.0022 (folds: -0.1057, -0.0031, 0.0104, 0.0918, -0.0040)
    [trial 1] 46 features, training_days=420 | threshold=0.839 | labels: 1018 long, 1153 short (47/53%)
    [trial 1] Sharpe=-3.8652 (folds: 0.1430, -10.0000, 0.3792, -10.0000, 0.1516)
    [trial 2] 46 features, training_days=190 | threshold=0.602 | labels: 1018 long, 1153 short (47/53%)
    [trial 2] Sharpe=-0.0046 (folds: -0.0417, -0.0717, -0.0104, 0.1635, -0.0628)
    [trial 3] 46 features, training_days=490 | threshold=0.832 | labels: 1018 long, 1153 short (47/53%)
    [trial 3] Sharpe=0.1136 (folds: 0.0209, -0.0271, 0.1593, 0.3751, 0.0398)
    [trial 4] 46 features, training_days=340 | threshold=0.591 | labels: 1018 long, 1153 short (47/53%)
    [trial 4] Sharpe=-0.0682 (folds: -0.1224, 0.0242, 0.0247, -0.1220, -0.1454)
    [trial 5] 46 features, training_days=50 | threshold=0.823 | labels: 1018 long, 1153 short (47/53%)
    [trial 5] Sharpe=-0.0268 (folds: 0.3268, 0.2818, -0.2356, -0.1020, -0.4052)
    [trial 6] 46 features, training_days=410 | threshold=0.549 | labels: 1018 long, 1153 short (47/53%)
    [trial 6] Sharpe=-0.0301 (folds: -0.1340, 0.0089, 0.0005, -0.0474, 0.0216)
    [trial 7] 46 features, training_days=180 | threshold=0.526 | labels: 1018 long, 1153 short (47/53%)
    [trial 7] Sharpe=-0.0310 (folds: -0.0213, 0.0475, -0.0451, 0.1053, -0.2415)
    [trial 8] 46 features, training_days=240 | threshold=0.811 | labels: 1018 long, 1153 short (47/53%)
    [trial 8] Sharpe=0.0808 (folds: 0.1928, 0.2705, 0.0105, -0.0037, -0.0662)
    [trial 9] 46 features, training_days=20 | threshold=0.538 | labels: 1018 long, 1153 short (47/53%)
    [trial 9] Sharpe=-0.0069 (folds: -0.0879, 0.1821, -0.2855, 0.1676, -0.0110)
    [trial 10] 46 features, training_days=350 | threshold=0.730 | labels: 1018 long, 1153 short (47/53%)
    [trial 10] Sharpe=0.0480 (folds: 0.0241, -0.0498, 0.1579, 0.2198, -0.1122)
    [trial 11] 46 features, training_days=240 | threshold=0.762 | labels: 1018 long, 1153 short (47/53%)[I 2026-06-01 11:06:54,713] Trial 11 finished with value: 0.01666228866522414 and parameters: {'confidence_threshold': 0.7615879655568232, 'training_days': 240, 'n_estimators': 496, 'max_depth': 4, 'num_leaves': 60, 'learning_rate': 0.08372255848813177, 'subsample': 0.8838129988503957, 'colsample_bytree': 0.6079180203564428, 'min_child_samples': 56, 'reg_alpha': 5.144645431489937e-05, 'reg_lambda': 7.868729181011707e-06}. Best is trial 3 with value: 0.11359500839660072.
[I 2026-06-01 11:06:54,918] Trial 12 finished with value: 0.0018399953666089152 and parameters: {'confidence_threshold': 0.7700824501399284, 'training_days': 120, 'n_estimators': 398, 'max_depth': 3, 'num_leaves': 60, 'learning_rate': 0.09894162917596783, 'subsample': 0.8361663661711445, 'colsample_bytree': 0.8021952322344101, 'min_child_samples': 30, 'reg_alpha': 1.2422832796199298e-08, 'reg_lambda': 4.931237356704141e-06}. Best is trial 3 with value: 0.11359500839660072.
[I 2026-06-01 11:06:55,178] Trial 13 finished with value: -0.008846409656621885 and parameters: {'confidence_threshold': 0.694422166807498, 'training_days': 300, 'n_estimators': 258, 'max_depth': 5, 'num_leaves': 52, 'learning_rate': 0.26425410571940877, 'subsample': 0.929837024528131, 'colsample_bytree': 0.8035748095627873, 'min_child_samples': 59, 'reg_alpha': 7.508209479212375e-05, 'reg_lambda': 6.4252658050441624}. Best is trial 3 with value: 0.11359500839660072.
[I 2026-06-01 11:06:55,434] Trial 14 finished with value: 0.08011677016575942 and parameters: {'confidence_threshold': 0.7871652886153421, 'training_days': 500, 'n_estimators': 315, 'max_depth': 4, 'num_leaves': 33, 'learning_rate': 0.06371316850921271, 'subsample': 0.7079135303253503, 'colsample_bytree': 0.5900256410354967, 'min_child_samples': 87, 'reg_alpha': 6.243069797304175, 'reg_lambda': 0.1630740047818842}. Best is trial 3 with value: 0.11359500839660072.
[I 2026-06-01 11:06:55,514] Trial 15 finished with value: -10.0 and parameters: {'confidence_threshold': 0.8164869083501899, 'training_days': 250, 'n_estimators': 52, 'max_depth': 5, 'num_leaves': 51, 'learning_rate': 0.010359623362260938, 'subsample': 0.8503787377675542, 'colsample_bytree': 0.8100744538922787, 'min_child_samples': 68, 'reg_alpha': 1.4846466878475762e-07, 'reg_lambda': 3.5314917091354294e-06}. Best is trial 3 with value: 0.11359500839660072.
[I 2026-06-01 11:06:55,623] Trial 16 finished with value: 0.025113907835732373 and parameters: {'confidence_threshold': 0.7081053312610146, 'training_days': 120, 'n_estimators': 203, 'max_depth': 3, 'num_leaves': 16, 'learning_rate': 0.13969082838117072, 'subsample': 0.9989325553134427, 'colsample_bytree': 0.9826162589395974, 'min_child_samples': 36, 'reg_alpha': 1.6230643075200477e-05, 'reg_lambda': 0.0001288679763721219}. Best is trial 3 with value: 0.11359500839660072.
[I 2026-06-01 11:06:55,946] Trial 17 finished with value: 0.0423483673187435 and parameters: {'confidence_threshold': 0.8458650295109137, 'training_days': 410, 'n_estimators': 417, 'max_depth': 4, 'num_leaves': 34, 'learning_rate': 0.10900207397532338, 'subsample': 0.9082676340052684, 'colsample_bytree': 0.5874441145686646, 'min_child_samples': 54, 'reg_alpha': 0.0008025684030785845, 'reg_lambda': 0.2041475808495042}. Best is trial 3 with value: 0.11359500839660072.
[I 2026-06-01 11:06:56,350] A new study created in memory with name: no-name-8b646016-4a9f-462b-bdfa-09fbcb4e1a20
[I 2026-06-01 11:06:56,449] Trial 0 finished with value: 0.0026172542397186415 and parameters: {'confidence_threshold': 0.7437642149592516, 'training_days': 150, 'n_estimators': 152, 'max_depth': 4, 'num_leaves': 50, 'learning_rate': 0.04216766425047743, 'subsample': 0.9903820991923078, 'colsample_bytree': 0.8424148692924316, 'min_child_samples': 58, 'reg_alpha': 3.381097259762742e-05, 'reg_lambda': 1.2263152961306247e-05}. Best is trial 0 with value: 0.0026172542397186415.
[I 2026-06-01 11:06:56,520] Trial 1 finished with value: -4.171876446388211 and parameters: {'confidence_threshold': 0.7551673975844145, 'training_days': 220, 'n_estimators': 76, 'max_depth': 4, 'num_leaves': 51, 'learning_rate': 0.018602118810743477, 'subsample': 0.5877258780737462, 'colsample_bytree': 0.7657756869209191, 'min_child_samples': 63, 'reg_alpha': 0.005123994170264194, 'reg_lambda': 0.44145470178120466}. Best is trial 0 with value: 0.0026172542397186415.
[I 2026-06-01 11:06:56,777] Trial 2 finished with value: 0.04396967928470837 and parameters: {'confidence_threshold': 0.7535593637012223, 'training_days': 310, 'n_estimators': 375, 'max_depth': 3, 'num_leaves': 32, 'learning_rate': 0.021735641882032388, 'subsample': 0.6468570231944146, 'colsample_bytree': 0.8154880619272439, 'min_child_samples': 27, 'reg_alpha': 8.004064028491336e-05, 'reg_lambda': 7.546835261630524e-05}. Best is trial 2 with value: 0.04396967928470837.
[I 2026-06-01 11:06:56,947] Trial 3 finished with value: 0.008450672120639019 and parameters: {'confidence_threshold': 0.6727897841776072, 'training_days': 220, 'n_estimators': 190, 'max_depth': 4, 'num_leaves': 58, 'learning_rate': 0.24810689332636193, 'subsample': 0.7509183379421682, 'colsample_bytree': 0.8119764758960556, 'min_child_samples': 29, 'reg_alpha': 7.1708285081421445e-06, 'reg_lambda': 5.412973582738627e-05}. Best is trial 2 with value: 0.04396967928470837.
[I 2026-06-01 11:06:57,069] Trial 4 finished with value: 0.085759373596082 and parameters: {'confidence_threshold': 0.803208205259178, 'training_days': 130, 'n_estimators': 267, 'max_depth': 5, 'num_leaves': 40, 'learning_rate': 0.08041175317374143, 'subsample': 0.5603143329951619, 'colsample_bytree': 0.9131704002534167, 'min_child_samples': 68, 'reg_alpha': 0.0008046593428183385, 'reg_lambda': 1.2158346158765583e-05}. Best is trial 4 with value: 0.085759373596082.
[I 2026-06-01 11:06:57,310] Trial 5 finished with value: 0.04183102630899302 and parameters: {'confidence_threshold': 0.6064422761595144, 'training_days': 210, 'n_estimators': 357, 'max_depth': 5, 'num_leaves': 40, 'learning_rate': 0.0974221287220869, 'subsample': 0.7929682762811064, 'colsample_bytree': 0.8124517510478, 'min_child_samples': 74, 'reg_alpha': 0.3811377260781234, 'reg_lambda': 5.607314238392041e-08}. Best is trial 4 with value: 0.085759373596082.
[I 2026-06-01 11:06:57,425] Trial 6 finished with value: -0.027505703079535447 and parameters: {'confidence_threshold': 0.7672889945051684, 'training_days': 130, 'n_estimators': 137, 'max_depth': 4, 'num_leaves': 19, 'learning_rate': 0.2031117614248665, 'subsample': 0.8136244860256343, 'colsample_bytree': 0.8617081790949774, 'min_child_samples': 21, 'reg_alpha': 0.002238138278733199, 'reg_lambda': 0.001025809534977322}. Best is trial 4 with value: 0.085759373596082.
[I 2026-06-01 11:06:57,500] Trial 7 finished with value: -0.11561017015741008 and parameters: {'confidence_threshold': 0.555635875450653, 'training_days': 80, 'n_estimators': 363, 'max_depth': 3, 'num_leaves': 48, 'learning_rate': 0.06590089024008658, 'subsample': 0.6944752870615722, 'colsample_bytree': 0.962566244806993, 'min_child_samples': 88, 'reg_alpha': 1.6465620446426067e-05, 'reg_lambda': 2.4678750890085655e-08}. Best is trial 4 with value: 0.085759373596082.
[I 2026-06-01 11:06:57,828] Trial 8 finished with value: 0.01610734374097963 and parameters: {'confidence_threshold': 0.6066688256938841, 'training_days': 200, 'n_estimators': 367, 'max_depth': 5, 'num_leaves': 32, 'learning_rate': 0.13377519215934996, 'subsample': 0.7965884582811106, 'colsample_bytree': 0.8458508993500886, 'min_child_samples': 32, 'reg_alpha': 3.889436043816386e-05, 'reg_lambda': 1.4713062489380356e-06}. Best is trial 4 with value: 0.085759373596082.
[I 2026-06-01 11:06:58,056] Trial 9 finished with value: -0.05704139147615509 and parameters: {'confidence_threshold': 0.6202096049169137, 'training_days': 260, 'n_estimators': 350, 'max_depth': 3, 'num_leaves': 21, 'learning_rate': 0.02989540198065364, 'subsample': 0.8307821683331218, 'colsample_bytree': 0.923253112635361, 'min_child_samples': 64, 'reg_alpha': 0.4898604619604203, 'reg_lambda': 2.9076377687066166e-05}. Best is trial 4 with value: 0.085759373596082.
[I 2026-06-01 11:06:58,430] Trial 10 finished with value: -5.912427507457954 and parameters: {'confidence_threshold': 0.8445241688507242, 'training_days': 470, 'n_estimators': 493, 'max_depth': 5, 'num_leaves': 63, 'learning_rate': 0.010221918552934462, 'subsample': 0.5019190721168774, 'colsample_bytree': 0.6202684210924141, 'min_child_samples': 99, 'reg_alpha': 1.9942621118187622e-08, 'reg_lambda': 0.0201634475791616}. Best is trial 4 with value: 0.085759373596082.
[I 2026-06-01 11:06:58,609] Trial 11 finished with value: -1.8854304965913307 and parameters: {'confidence_threshold': 0.8371297552840329, 'training_days': 350, 'n_estimators': 255, 'max_depth': 3, 'num_leaves': 34, 'learning_rate': 0.022201782016086913, 'subsample': 0.6312808619205246, 'colsample_bytree': 0.6778283959364831, 'min_child_samples': 49, 'reg_alpha': 1.5149750828426856e-07, 'reg_lambda': 0.0018315601621927968}. Best is trial 4 with value: 0.085759373596082.
[I 2026-06-01 11:06:58,881] Trial 12 finished with value: 0.0029474749073457596 and parameters: {'confidence_threshold': 0.783608013908672, 'training_days': 340, 'n_estimators': 452, 'max_depth': 3, 'num_leaves': 27, 'learning_rate': 0.05809128784912797, 'subsample': 0.5320626894686848, 'colsample_bytree': 0.5201164353688423, 'min_child_samples': 44, 'reg_alpha': 0.009430922971696443, 'reg_lambda': 8.153163594881057e-07}. Best is trial 4 with value: 0.085759373596082.
[I 2026-06-01 11:06:58,914] Trial 13 finished with value: -4.017367049030776 and parameters: {'confidence_threshold': 0.7204346383264851, 'training_days': 10, 'n_estimators': 276, 'max_depth': 5, 'num_leaves': 41, 'learning_rate': 0.011266513790988052, 'subsample': 0.6462980265498659, 'colsample_bytree': 0.9249893861432709, 'min_child_samples': 78, 'reg_alpha': 1.0060661308529223e-06, 'reg_lambda': 0.017816922980544044}. Best is trial 4 with value: 0.085759373596082.
[I 2026-06-01 11:06:59,172] Trial 14 finished with value: 0.007306713827901687 and parameters: {'confidence_threshold': 0.6968624890517784, 'training_days': 320, 'n_estimators': 277, 'max_depth': 4, 'num_leaves': 28, 'learning_rate': 0.09772163289705428, 'subsample': 0.5873213332951628, 'colsample_bytree': 0.9975174476650941, 'min_child_samples': 44, 'reg_alpha': 0.0004038446729585459, 'reg_lambda': 5.527230512973941e-07}. Best is trial 4 with value: 0.085759373596082.
[I 2026-06-01 11:06:59,567] Trial 15 finished with value: 0.05367578340465533 and parameters: {'confidence_threshold': 0.8065807968950872, 'training_days': 430, 'n_estimators': 415, 'max_depth': 5, 'num_leaves': 44, 'learning_rate': 0.036672395049130835, 'subsample': 0.695560222794404, 'colsample_bytree': 0.7163960550594055, 'min_child_samples': 74, 'reg_alpha': 6.360445922002683, 'reg_lambda': 3.5532501480887757}. Best is trial 4 with value: 0.085759373596082.
[I 2026-06-01 11:06:59,989] Trial 16 finished with value: 0.08567193645300002 and parameters: {'confidence_threshold': 0.8081044414796508, 'training_days': 500, 'n_estimators': 439, 'max_depth': 5, 'num_leaves': 44, 'learning_rate': 0.04000783783194877, 'subsample': 0.8868474056204897, 'colsample_bytree': 0.6982877056862742, 'min_child_samples': 77, 'reg_alpha': 3.433399905162048, 'reg_lambda': 2.768872688174693}. Best is trial 4 with value: 0.085759373596082.
[I 2026-06-01 11:07:00,201] Trial 17 finished with value: -0.015249335987281277 and parameters: {'confidence_threshold': 0.5004748807695347, 'training_days': 410, 'n_estimators': 222, 'max_depth': 5, 'num_leaves': 45, 'learning_rate': 0.08071991766459136, 'subsample': 0.9158889520548109, 'colsample_bytree': 0.6156427453810229, 'min_child_samples': 87, 'reg_alpha': 0.0665483626924119, 'reg_lambda': 0.24820184006863102}. Best is trial 4 with value: 0.085759373596082.
[I 2026-06-01 11:07:00,578] A new study created in memory with name: no-name-eb9f6179-c129-4b7b-8d08-aeb619f8b41d
[I 2026-06-01 11:07:00,783] Trial 0 finished with value: 0.008250856262871139 and parameters: {'confidence_threshold': 0.5870645682749857, 'training_days': 90, 'n_estimators': 403, 'max_depth': 5, 'num_leaves': 45, 'learning_rate': 0.0780457193679974, 'subsample': 0.9428509515574568, 'colsample_bytree': 0.8795587339164916, 'min_child_samples': 34, 'reg_alpha': 2.2465901234314442e-07, 'reg_lambda': 8.339007036475363e-05}. Best is trial 0 with value: 0.008250856262871139.
[I 2026-06-01 11:07:00,898] Trial 1 finished with value: -0.04289993792179081 and parameters: {'confidence_threshold': 0.6348453934275313, 'training_days': 290, 'n_estimators': 115, 'max_depth': 5, 'num_leaves': 37, 'learning_rate': 0.06949568759029946, 'subsample': 0.8228505074024268, 'colsample_bytree': 0.8616703220431751, 'min_child_samples': 75, 'reg_alpha': 4.2486822725010923e-07, 'reg_lambda': 1.157247767047042e-07}. Best is trial 0 with value: 0.008250856262871139.
