[I 2026-06-01 11:06:07,056] Trial 2 finished with value: -0.00650221717723547 and parameters: {'confidence_threshold': 0.5849570384370288, 'training_days': 10, 'n_estimators': 212, 'max_depth': 3, 'num_leaves': 41, 'learning_rate': 0.18452095998378365, 'subsample': 0.6001060822924371, 'colsample_bytree': 0.5673167293506167, 'min_child_samples': 37, 'reg_alpha': 5.733250064217131, 'reg_lambda': 0.5308454292595461}. Best is trial 1 with value: 0.05596965412881246.
[I 2026-06-01 11:06:07,131] Trial 3 finished with value: 0.042592897741000404 and parameters: {'confidence_threshold': 0.6868248626683718, 'training_days': 220, 'n_estimators': 134, 'max_depth': 3, 'num_leaves': 45, 'learning_rate': 0.033529007907491595, 'subsample': 0.8647277071858408, 'colsample_bytree': 0.778494116634046, 'min_child_samples': 96, 'reg_alpha': 2.409409937265785e-07, 'reg_lambda': 1.1642073478060009}. Best is trial 1 with value: 0.05596965412881246.
[I 2026-06-01 11:06:07,215] Trial 4 finished with value: -0.026291097593907974 and parameters: {'confidence_threshold': 0.5623121348350352, 'training_days': 300, 'n_estimators': 69, 'max_depth': 4, 'num_leaves': 32, 'learning_rate': 0.14967629360700346, 'subsample': 0.5054535233636654, 'colsample_bytree': 0.7401385194659216, 'min_child_samples': 27, 'reg_alpha': 1.4212042567426725e-07, 'reg_lambda': 0.23605753701352003}. Best is trial 1 with value: 0.05596965412881246.
[I 2026-06-01 11:06:07,619] Trial 5 finished with value: 0.07491987294358246 and parameters: {'confidence_threshold': 0.7111850244908446, 'training_days': 490, 'n_estimators': 362, 'max_depth': 5, 'num_leaves': 40, 'learning_rate': 0.05960785724162737, 'subsample': 0.5589714368907717, 'colsample_bytree': 0.6659006943232806, 'min_child_samples': 42, 'reg_alpha': 0.6741360303045295, 'reg_lambda': 6.054601607143087e-08}. Best is trial 5 with value: 0.07491987294358246.
[I 2026-06-01 11:06:07,801] Trial 6 finished with value: 0.03226938745299706 and parameters: {'confidence_threshold': 0.667482545748023, 'training_days': 420, 'n_estimators': 279, 'max_depth': 3, 'num_leaves': 45, 'learning_rate': 0.040099592560849204, 'subsample': 0.8563114696415159, 'colsample_bytree': 0.5442917781944105, 'min_child_samples': 50, 'reg_alpha': 1.6407916423707903e-08, 'reg_lambda': 2.935907642973286e-05}. Best is trial 5 with value: 0.07491987294358246.
[I 2026-06-01 11:06:07,978] Trial 7 finished with value: 0.03874099511995713 and parameters: {'confidence_threshold': 0.5497381024139926, 'training_days': 120, 'n_estimators': 408, 'max_depth': 5, 'num_leaves': 38, 'learning_rate': 0.28049122657745795, 'subsample': 0.8806573338635493, 'colsample_bytree': 0.5454054113547102, 'min_child_samples': 63, 'reg_alpha': 0.01263008637940408, 'reg_lambda': 0.04588020805366937}. Best is trial 5 with value: 0.07491987294358246.
[I 2026-06-01 11:06:08,257] Trial 8 finished with value: 0.09139342480711397 and parameters: {'confidence_threshold': 0.719644804808716, 'training_days': 450, 'n_estimators': 410, 'max_depth': 4, 'num_leaves': 57, 'learning_rate': 0.04022026551478857, 'subsample': 0.5336085426932707, 'colsample_bytree': 0.5705742850577543, 'min_child_samples': 100, 'reg_alpha': 5.916398047912201e-07, 'reg_lambda': 0.9794034214488329}. Best is trial 8 with value: 0.09139342480711397.
[I 2026-06-01 11:06:08,280] Trial 9 finished with value: -4.037121202009183 and parameters: {'confidence_threshold': 0.7267463643917187, 'training_days': 20, 'n_estimators': 337, 'max_depth': 5, 'num_leaves': 23, 'learning_rate': 0.022153031811454605, 'subsample': 0.6305627572358737, 'colsample_bytree': 0.6613413774216214, 'min_child_samples': 81, 'reg_alpha': 5.7638634029410314e-08, 'reg_lambda': 8.26603016764008}. Best is trial 8 with value: 0.09139342480711397.
[I 2026-06-01 11:06:08,645] Trial 10 finished with value: 0.11797641037406852 and parameters: {'confidence_threshold': 0.8283920119574972, 'training_days': 400, 'n_estimators': 485, 'max_depth': 4, 'num_leaves': 63, 'learning_rate': 0.011927505552849117, 'subsample': 0.7130289643560688, 'colsample_bytree': 0.9944479338273263, 'min_child_samples': 100, 'reg_alpha': 5.0239970328459277e-05, 'reg_lambda': 0.0028438774509831773}. Best is trial 10 with value: 0.11797641037406852.
[I 2026-06-01 11:06:08,990] Trial 11 finished with value: -5.89807889394457 and parameters: {'confidence_threshold': 0.8431920368994753, 'training_days': 400, 'n_estimators': 478, 'max_depth': 4, 'num_leaves': 61, 'learning_rate': 0.010033528037260202, 'subsample': 0.6988002958677881, 'colsample_bytree': 0.9628722124262472, 'min_child_samples': 100, 'reg_alpha': 5.263694533895985e-05, 'reg_lambda': 0.0038935771291352755}. Best is trial 10 with value: 0.11797641037406852.

    [trial 11] Sharpe=0.0368 (folds: -0.0335, -0.0207, 0.0830, 0.0998, 0.0554)
    [trial 12] 46 features, training_days=480 | threshold=0.640 | labels: 1017 long, 1154 short (47/53%)
    [trial 12] Sharpe=0.0516 (folds: 0.0320, -0.0698, 0.0334, 0.1184, 0.1439)
    [trial 13] 46 features, training_days=500 | threshold=0.750 | labels: 1017 long, 1154 short (47/53%)
    [trial 13] Sharpe=0.0585 (folds: -0.0591, -0.0164, -0.0284, 0.1066, 0.2897)
    [trial 14] 46 features, training_days=340 | threshold=0.759 | labels: 1017 long, 1154 short (47/53%)
    [trial 14] Sharpe=0.0434 (folds: -0.0757, -0.0729, 0.0129, 0.1713, 0.1814)
    [trial 15] 46 features, training_days=420 | threshold=0.777 | labels: 1017 long, 1154 short (47/53%)
    [trial 15] Sharpe=0.0769 (folds: 0.0393, -0.0535, -0.0079, 0.1299, 0.2766)
    [trial 16] 46 features, training_days=410 | threshold=0.785 | labels: 1017 long, 1154 short (47/53%)
    [trial 16] Sharpe=0.0776 (folds: -0.0805, -0.0025, 0.0609, 0.1526, 0.2576)
    [trial 17] 46 features, training_days=410 | threshold=0.789 | labels: 1017 long, 1154 short (47/53%)
    [trial 17] Sharpe=0.0306 (folds: -0.0730, -0.1416, -0.0410, 0.1524, 0.2560)
  Optuna: 18 trials, best Sharpe = 0.0776
  Best params: n_estimators=293, max_depth=3, lr=0.1190, leaves=54
  Best confidence_threshold: 0.785
  Best training_days: 410
  Retrained on full data (1230 samples, 46 features)
  [ensemble 2/3] seed=123
    [trial 0] 46 features, training_days=150 | threshold=0.744 | labels: 1017 long, 1154 short (47/53%)
    [CV fold 0] train_end=2023-02-23 08:00 | val_start=2023-03-03 00:00 | gap=184h (22 rows)
    [CV fold 1] train_end=2023-06-23 16:00 | val_start=2023-07-01 08:00 | gap=184h (22 rows)
    [CV fold 2] train_end=2023-10-22 00:00 | val_start=2023-10-29 16:00 | gap=184h (22 rows)
    [CV fold 3] train_end=2024-02-19 08:00 | val_start=2024-02-27 00:00 | gap=184h (22 rows)
    [CV fold 4] train_end=2024-06-18 16:00 | val_start=2024-06-26 08:00 | gap=184h (22 rows)
    [trial 0] Sharpe=0.0347 (folds: -0.0771, 0.0177, 0.2429, -0.0398, 0.0296)
    [trial 1] 46 features, training_days=220 | threshold=0.755 | labels: 1017 long, 1154 short (47/53%)
    [trial 1] Sharpe=-6.1427 (folds: -0.2586, -10.0000, -10.0000, -0.4550, -10.0000)
    [trial 2] 46 features, training_days=310 | threshold=0.754 | labels: 1017 long, 1154 short (47/53%)
    [trial 2] Sharpe=0.1238 (folds: -0.0637, 0.0135, 0.4454, 0.1996, 0.0244)
    [trial 3] 46 features, training_days=220 | threshold=0.673 | labels: 1017 long, 1154 short (47/53%)
    [trial 3] Sharpe=0.0138 (folds: -0.0446, -0.0203, -0.0537, 0.0531, 0.1343)
    [trial 4] 46 features, training_days=130 | threshold=0.803 | labels: 1017 long, 1154 short (47/53%)
    [trial 4] Sharpe=0.1101 (folds: -0.0116, -0.0131, 0.2246, 0.1309, 0.2195)
    [trial 5] 46 features, training_days=210 | threshold=0.606 | labels: 1017 long, 1154 short (47/53%)
    [trial 5] Sharpe=0.0492 (folds: -0.0165, 0.0146, 0.0499, 0.0846, 0.1132)
    [trial 6] 46 features, training_days=130 | threshold=0.767 | labels: 1017 long, 1154 short (47/53%)
    [trial 6] Sharpe=0.0128 (folds: -0.1113, -0.0007, -0.0697, 0.0898, 0.1557)
    [trial 7] 46 features, training_days=80 | threshold=0.556 | labels: 1017 long, 1154 short (47/53%)
    [trial 7] Sharpe=-0.0880 (folds: -0.0394, -0.0671, -0.1696, -0.2950, 0.1310)
    [trial 8] 46 features, training_days=200 | threshold=0.607 | labels: 1017 long, 1154 short (47/53%)
    [trial 8] Sharpe=-0.0048 (folds: -0.0763, 0.0235, -0.1798, 0.0093, 0.1991)
    [trial 9] 46 features, training_days=260 | threshold=0.620 | labels: 1017 long, 1154 short (47/53%)
    [trial 9] Sharpe=0.0369 (folds: -0.0487, -0.0818, 0.1889, 0.0884, 0.0378)
    [trial 10] 46 features, training_days=420 | threshold=0.845 | labels: 1017 long, 1154 short (47/53%)
    [trial 10] Sharpe=-3.8054 (folds: 0.1597, -10.0000, 0.3970, 0.4166, -10.0000)
    [trial 11] 46 features, training_days=350 | threshold=0.837 | labels: 1017 long, 1154 short (47/53%)
    [trial 11] Sharpe=0.2182 (folds: 0.1445, 0.4032, 0.2386, -0.0865, 0.3914)
    [trial 12] 46 features, training_days=360 | threshold=0.831 | labels: 1017 long, 1154 short (47/53%)
    [trial 12] Sharpe=0.1394 (folds: 0.0541, 0.0741, 0.0775, 0.1809, 0.3104)
    [trial 13] 46 features, training_days=400 | threshold=0.832 | labels: 1017 long, 1154 short (47/53%)
    [trial 13] Sharpe=0.1928 (folds: 0.2195, 0.2752, 0.1631, 0.1700, 0.1363)
    [trial 14] 46 features, training_days=490 | threshold=0.697 | labels: 1017 long, 1154 short (47/53%)
    [trial 14] Sharpe=0.0425 (folds: 0.0109, 0.0269, 0.2232, 0.0682, -0.1166)
    [trial 15] 46 features, training_days=390 | threshold=0.503 | labels: 1017 long, 1154 short (47/53%)
    [trial 15] Sharpe=0.0465 (folds: -0.0584, 0.0099, 0.2149, 0.0305, 0.0358)
    [trial 16] 46 features, training_days=480 | threshold=0.798 | labels: 1017 long, 1154 short (47/53%)
    [trial 16] Sharpe=0.1297 (folds: 0.1529, 0.0438, 0.0397, 0.0898, 0.3221)
    [trial 17] 46 features, training_days=330 | threshold=0.711 | labels: 1017 long, 1154 short (47/53%)
    [trial 17] Sharpe=0.0483 (folds: -0.0267, 0.0295, 0.3072, -0.0551, -0.0132)
  Optuna: 18 trials, best Sharpe = 0.2182
  Best params: n_estimators=255, max_depth=5, lr=0.0222, leaves=37
  Best confidence_threshold: 0.837
  Best training_days: 350
  Retrained on full data (1050 samples, 46 features)
  [ensemble 3/3] seed=456
    [trial 0] 46 features, training_days=90 | threshold=0.587 | labels: 1017 long, 1154 short (47/53%)
    [CV fold 0] train_end=2023-02-23 08:00 | val_start=2023-03-03 00:00 | gap=184h (22 rows)
    [CV fold 1] train_end=2023-06-23 16:00 | val_start=2023-07-01 08:00 | gap=184h (22 rows)
    [CV fold 2] train_end=2023-10-22 00:00 | val_start=2023-10-29 16:00 | gap=184h (22 rows)
    [CV fold 3] train_end=2024-02-19 08:00 | val_start=2024-02-27 00:00 | gap=184h (22 rows)
    [CV fold 4] train_end=2024-06-18 16:00 | val_start=2024-06-26 08:00 | gap=184h (22 rows)
    [trial 0] Sharpe=-0.0049 (folds: -0.0927, -0.0097, -0.0040, -0.0327, 0.1145)
    [trial 1] 46 features, training_days=290 | threshold=0.635 | labels: 1017 long, 1154 short (47/53%)
    [trial 1] Sharpe=0.0560 (folds: 0.0064, 0.0034, 0.1520, 0.1564, -0.0383)
    [trial 2] 46 features, training_days=10 | threshold=0.585 | labels: 1017 long, 1154 short (47/53%)
    [trial 2] Sharpe=-0.0065 (folds: -0.0170, -0.0808, -0.1667, 0.0587, 0.1732)
    [trial 3] 46 features, training_days=220 | threshold=0.687 | labels: 1017 long, 1154 short (47/53%)
    [trial 3] Sharpe=0.0426 (folds: -0.0156, -0.0362, 0.1573, -0.0685, 0.1760)
    [trial 4] 46 features, training_days=300 | threshold=0.562 | labels: 1017 long, 1154 short (47/53%)
    [trial 4] Sharpe=-0.0263 (folds: -0.1494, -0.1370, 0.1490, 0.0247, -0.0188)
    [trial 5] 46 features, training_days=490 | threshold=0.711 | labels: 1017 long, 1154 short (47/53%)
    [trial 5] Sharpe=0.0749 (folds: 0.0188, -0.0192, 0.0290, 0.1404, 0.2056)
    [trial 6] 46 features, training_days=420 | threshold=0.667 | labels: 1017 long, 1154 short (47/53%)
    [trial 6] Sharpe=0.0323 (folds: 0.0222, -0.0323, 0.0891, 0.0067, 0.0757)
    [trial 7] 46 features, training_days=120 | threshold=0.550 | labels: 1017 long, 1154 short (47/53%)
    [trial 7] Sharpe=0.0387 (folds: 0.0079, -0.0447, 0.0719, 0.0200, 0.1386)
    [trial 8] 46 features, training_days=450 | threshold=0.720 | labels: 1017 long, 1154 short (47/53%)
    [trial 8] Sharpe=0.0914 (folds: 0.0446, -0.0787, 0.0897, 0.1273, 0.2740)
    [trial 9] 46 features, training_days=20 | threshold=0.727 | labels: 1017 long, 1154 short (47/53%)
    [trial 9] Sharpe=-4.0371 (folds: -10.0000, -0.0808, -10.0000, -0.2781, 0.1732)
    [trial 10] 46 features, training_days=400 | threshold=0.828 | labels: 1017 long, 1154 short (47/53%)
    [trial 10] Sharpe=0.1180 (folds: 0.1265, 0.2478, 0.1819, 0.2271, -0.1934)
    [trial 11] 46 features, training_days=400 | threshold=0.843 | labels: 1017 long, 1154 short (47/53%)
    [trial 11] Sharpe=-5.8981 (folds: 0.2496, 0.2600, -10.0000, -10.0000, -10.0000)
    [trial 12] 46 features, training_days=500 | threshold=0.810 | labels: 1017 long, 1154 short (47/53%)[I 2026-06-01 11:06:09,378] Trial 12 finished with value: 0.15933351078603925 and parameters: {'confidence_threshold': 0.8097987051847976, 'training_days': 500, 'n_estimators': 490, 'max_depth': 4, 'num_leaves': 63, 'learning_rate': 0.010255894610795194, 'subsample': 0.7221629666626523, 'colsample_bytree': 0.9826583982594713, 'min_child_samples': 85, 'reg_alpha': 3.0366481742941654e-05, 'reg_lambda': 0.004296708263438564}. Best is trial 12 with value: 0.15933351078603925.
[I 2026-06-01 11:06:09,822] Trial 13 finished with value: -1.8163348858377788 and parameters: {'confidence_threshold': 0.8484351053652746, 'training_days': 350, 'n_estimators': 497, 'max_depth': 4, 'num_leaves': 54, 'learning_rate': 0.010372751528714915, 'subsample': 0.7384868771224989, 'colsample_bytree': 0.977673677256957, 'min_child_samples': 84, 'reg_alpha': 3.8284786278705456e-05, 'reg_lambda': 0.0027586845402793147}. Best is trial 12 with value: 0.15933351078603925.
[I 2026-06-01 11:06:10,229] Trial 14 finished with value: 0.03679997515319407 and parameters: {'confidence_threshold': 0.7855846898014007, 'training_days': 470, 'n_estimators': 500, 'max_depth': 4, 'num_leaves': 62, 'learning_rate': 0.017454558761233658, 'subsample': 0.6776505255398512, 'colsample_bytree': 0.9007048146894701, 'min_child_samples': 66, 'reg_alpha': 0.0014623796630832343, 'reg_lambda': 2.293505289769991e-06}. Best is trial 12 with value: 0.15933351078603925.
[I 2026-06-01 11:06:10,576] Trial 15 finished with value: 0.0885625586254436 and parameters: {'confidence_threshold': 0.7829525506318393, 'training_days': 370, 'n_estimators': 442, 'max_depth': 4, 'num_leaves': 52, 'learning_rate': 0.016814633156869492, 'subsample': 0.7719943444111433, 'colsample_bytree': 0.9934286300532085, 'min_child_samples': 88, 'reg_alpha': 8.084592721939181e-06, 'reg_lambda': 0.0020424904923636938}. Best is trial 12 with value: 0.15933351078603925.
[I 2026-06-01 11:06:10,856] Trial 16 finished with value: 0.12080359433414609 and parameters: {'confidence_threshold': 0.7809712285122007, 'training_days': 500, 'n_estimators': 309, 'max_depth': 4, 'num_leaves': 51, 'learning_rate': 0.0146455870071904, 'subsample': 0.7624357316660103, 'colsample_bytree': 0.923059818374438, 'min_child_samples': 71, 'reg_alpha': 0.0020449178771483473, 'reg_lambda': 0.01767030824976349}. Best is trial 12 with value: 0.15933351078603925.
[I 2026-06-01 11:06:11,003] Trial 17 finished with value: -0.008718737841432022 and parameters: {'confidence_threshold': 0.7795748963083686, 'training_days': 190, 'n_estimators': 252, 'max_depth': 3, 'num_leaves': 51, 'learning_rate': 0.023952122547555247, 'subsample': 0.8002407697944357, 'colsample_bytree': 0.822965740412214, 'min_child_samples': 70, 'reg_alpha': 0.008896971601743164, 'reg_lambda': 0.024934532701151372}. Best is trial 12 with value: 0.15933351078603925.
[I 2026-06-01 11:06:11,657] A new study created in memory with name: no-name-ff3319eb-15fd-4d13-a9f3-9ef33aa7f3df
[I 2026-06-01 11:06:11,964] Trial 0 finished with value: 0.017674651344157168 and parameters: {'confidence_threshold': 0.6310890415965769, 'training_days': 480, 'n_estimators': 380, 'max_depth': 4, 'num_leaves': 22, 'learning_rate': 0.01699897838270077, 'subsample': 0.5290418060840998, 'colsample_bytree': 0.9330880728874675, 'min_child_samples': 68, 'reg_alpha': 0.023585940584142682, 'reg_lambda': 1.5320059381854043e-08}. Best is trial 0 with value: 0.017674651344157168.
[I 2026-06-01 11:06:12,086] Trial 1 finished with value: -3.9000760267326364 and parameters: {'confidence_threshold': 0.839468448256698, 'training_days': 420, 'n_estimators': 145, 'max_depth': 3, 'num_leaves': 23, 'learning_rate': 0.028145092716060652, 'subsample': 0.762378215816119, 'colsample_bytree': 0.7159725093210578, 'min_child_samples': 43, 'reg_alpha': 0.0032112643094417484, 'reg_lambda': 1.8007140198129195e-07}. Best is trial 0 with value: 0.017674651344157168.
[I 2026-06-01 11:06:12,246] Trial 2 finished with value: -0.06373100099064313 and parameters: {'confidence_threshold': 0.6022506269873263, 'training_days': 190, 'n_estimators': 255, 'max_depth': 5, 'num_leaves': 24, 'learning_rate': 0.05748924681991978, 'subsample': 0.7962072844310213, 'colsample_bytree': 0.5232252063599989, 'min_child_samples': 69, 'reg_alpha': 3.425445902633376e-07, 'reg_lambda': 3.850031979199519e-08}. Best is trial 0 with value: 0.017674651344157168.
[I 2026-06-01 11:06:12,518] Trial 3 finished with value: 0.02393306934026158 and parameters: {'confidence_threshold': 0.8321099380386666, 'training_days': 490, 'n_estimators': 414, 'max_depth': 3, 'num_leaves': 19, 'learning_rate': 0.1024932221692416, 'subsample': 0.7200762468698007, 'colsample_bytree': 0.5610191174223894, 'min_child_samples': 60, 'reg_alpha': 2.039373116525212e-08, 'reg_lambda': 1.527156759251193}. Best is trial 3 with value: 0.02393306934026158.
[I 2026-06-01 11:06:12,682] Trial 4 finished with value: -0.07519870336121999 and parameters: {'confidence_threshold': 0.5905729935600059, 'training_days': 340, 'n_estimators': 190, 'max_depth': 4, 'num_leaves': 41, 'learning_rate': 0.01875220945578641, 'subsample': 0.9847923138822793, 'colsample_bytree': 0.8875664116805573, 'min_child_samples': 96, 'reg_alpha': 1.1309571585271483, 'reg_lambda': 0.002404915432737351}. Best is trial 3 with value: 0.02393306934026158.
[I 2026-06-01 11:06:12,721] Trial 5 finished with value: -0.15087847668622462 and parameters: {'confidence_threshold': 0.8226559822580909, 'training_days': 50, 'n_estimators': 138, 'max_depth': 3, 'num_leaves': 30, 'learning_rate': 0.03750796359625606, 'subsample': 0.6356745158869479, 'colsample_bytree': 0.9143687545759647, 'min_child_samples': 48, 'reg_alpha': 3.376063348877853e-06, 'reg_lambda': 0.0007660634613082914}. Best is trial 3 with value: 0.02393306934026158.
[I 2026-06-01 11:06:12,834] Trial 6 finished with value: -0.015084821274532608 and parameters: {'confidence_threshold': 0.5493234787411669, 'training_days': 410, 'n_estimators': 83, 'max_depth': 5, 'num_leaves': 52, 'learning_rate': 0.019657448966046126, 'subsample': 0.5027610585618012, 'colsample_bytree': 0.9077307142274171, 'min_child_samples': 77, 'reg_alpha': 0.03639690979811287, 'reg_lambda': 0.08738424135626986}. Best is trial 3 with value: 0.02393306934026158.
[I 2026-06-01 11:06:12,927] Trial 7 finished with value: -0.05771490542390345 and parameters: {'confidence_threshold': 0.5259156281069316, 'training_days': 180, 'n_estimators': 102, 'max_depth': 5, 'num_leaves': 45, 'learning_rate': 0.030816017044468066, 'subsample': 0.5317791751430119, 'colsample_bytree': 0.6554911608578311, 'min_child_samples': 46, 'reg_alpha': 0.036851536911881845, 'reg_lambda': 0.005470376807480391}. Best is trial 3 with value: 0.02393306934026158.
[I 2026-06-01 11:06:13,036] Trial 8 finished with value: -0.04806748500914041 and parameters: {'confidence_threshold': 0.8105244599017143, 'training_days': 240, 'n_estimators': 103, 'max_depth': 5, 'num_leaves': 52, 'learning_rate': 0.06746437142284309, 'subsample': 0.8854835899772805, 'colsample_bytree': 0.7468977981821954, 'min_child_samples': 62, 'reg_alpha': 7.04480806377519e-05, 'reg_lambda': 1.6934490731313353e-08}. Best is trial 3 with value: 0.02393306934026158.
[I 2026-06-01 11:06:13,060] Trial 9 finished with value: 0.021531921543469862 and parameters: {'confidence_threshold': 0.5377619994476566, 'training_days': 20, 'n_estimators': 337, 'max_depth': 3, 'num_leaves': 39, 'learning_rate': 0.21907142272152816, 'subsample': 0.6246461145744375, 'colsample_bytree': 0.7051914615178149, 'min_child_samples': 81, 'reg_alpha': 1.1459970229341322e-06, 'reg_lambda': 4.929685216887945e-08}. Best is trial 3 with value: 0.02393306934026158.
[I 2026-06-01 11:06:13,546] Trial 10 finished with value: -0.01398206775706633 and parameters: {'confidence_threshold': 0.7301111584710253, 'training_days': 350, 'n_estimators': 487, 'max_depth': 4, 'num_leaves': 15, 'learning_rate': 0.1457937958927628, 'subsample': 0.6806559982209046, 'colsample_bytree': 0.5055805119629307, 'min_child_samples': 27, 'reg_alpha': 1.290626345465208e-08, 'reg_lambda': 8.530248590348572}. Best is trial 3 with value: 0.02393306934026158.
[I 2026-06-01 11:06:13,579] Trial 11 finished with value: -7.9749852917716755 and parameters: {'confidence_threshold': 0.7155079644808182, 'training_days': 40, 'n_estimators': 402, 'max_depth': 3, 'num_leaves': 60, 'learning_rate': 0.293420219015317, 'subsample': 0.6501528321541267, 'colsample_bytree': 0.6079180203564428, 'min_child_samples': 85, 'reg_alpha': 2.6854712383446556e-08, 'reg_lambda': 7.868729181011707e-06}. Best is trial 3 with value: 0.02393306934026158.
