[I 2026-06-01 11:01:47,235] Trial 0 finished with value: -0.08487405886750066 and parameters: {'confidence_threshold': 0.6310890415965769, 'training_days': 480, 'n_estimators': 380, 'max_depth': 4, 'num_leaves': 22, 'learning_rate': 0.01699897838270077, 'subsample': 0.5290418060840998, 'colsample_bytree': 0.9330880728874675, 'min_child_samples': 68, 'reg_alpha': 0.023585940584142682, 'reg_lambda': 1.5320059381854043e-08}. Best is trial 0 with value: -0.08487405886750066.

    [trial 3] Sharpe=-0.1653 (folds: -0.1302, -0.1031, -0.0317, -0.0839, -0.4776)
    [trial 4] 46 features, training_days=300 | threshold=0.562 | labels: 1087 long, 1018 short (52/48%)
    [trial 4] Sharpe=-0.0316 (folds: -0.0176, -0.1622, 0.1557, 0.0532, -0.1870)
    [trial 5] 46 features, training_days=490 | threshold=0.711 | labels: 1087 long, 1018 short (52/48%)
    [trial 5] Sharpe=-0.0341 (folds: -0.0523, -0.1627, 0.1490, -0.0976, -0.0072)
    [trial 6] 46 features, training_days=420 | threshold=0.667 | labels: 1087 long, 1018 short (52/48%)
    [trial 6] Sharpe=-0.0588 (folds: -0.0431, -0.1401, 0.0936, -0.0135, -0.1911)
    [trial 7] 46 features, training_days=120 | threshold=0.550 | labels: 1087 long, 1018 short (52/48%)
    [trial 7] Sharpe=-0.0136 (folds: 0.0007, -0.0738, 0.0479, 0.0554, -0.0985)
    [trial 8] 46 features, training_days=450 | threshold=0.720 | labels: 1087 long, 1018 short (52/48%)
    [trial 8] Sharpe=-0.0680 (folds: -0.0813, -0.1089, 0.1056, -0.0347, -0.2206)
    [trial 9] 46 features, training_days=20 | threshold=0.727 | labels: 1087 long, 1018 short (52/48%)
    [trial 9] Sharpe=-1.9491 (folds: -10.0000, -0.0178, 0.0215, -0.0200, 0.2706)
    [trial 10] 46 features, training_days=180 | threshold=0.840 | labels: 1087 long, 1018 short (52/48%)
    [trial 10] Sharpe=0.0158 (folds: -0.0252, -0.0235, 0.0711, 0.1824, -0.1257)
    [trial 11] 46 features, training_days=160 | threshold=0.849 | labels: 1087 long, 1018 short (52/48%)
    [trial 11] Sharpe=-0.0233 (folds: -0.0419, 0.0354, 0.0093, 0.1070, -0.2266)
    [trial 12] 46 features, training_days=150 | threshold=0.515 | labels: 1087 long, 1018 short (52/48%)
    [trial 12] Sharpe=-0.0546 (folds: -0.0416, 0.0039, 0.0202, -0.0520, -0.2034)
    [trial 13] 46 features, training_days=210 | threshold=0.848 | labels: 1087 long, 1018 short (52/48%)
    [trial 13] Sharpe=-0.0261 (folds: -0.0008, -0.1102, 0.0813, 0.0954, -0.1964)
    [trial 14] 46 features, training_days=100 | threshold=0.772 | labels: 1087 long, 1018 short (52/48%)
    [trial 14] Sharpe=-0.0349 (folds: -0.0095, -0.0483, -0.0697, 0.0744, -0.1216)
    [trial 15] 46 features, training_days=120 | threshold=0.783 | labels: 1087 long, 1018 short (52/48%)
    [trial 15] Sharpe=-0.0641 (folds: -0.0371, -0.0881, 0.0336, 0.0469, -0.2759)
    [trial 16] 46 features, training_days=340 | threshold=0.506 | labels: 1087 long, 1018 short (52/48%)
    [trial 16] Sharpe=-0.0592 (folds: -0.0359, -0.0875, 0.0543, 0.0666, -0.2934)
    [trial 17] 46 features, training_days=190 | threshold=0.787 | labels: 1087 long, 1018 short (52/48%)
    [trial 17] Sharpe=0.0054 (folds: -0.0308, -0.0014, 0.0764, 0.1030, -0.1202)
  Optuna: 18 trials, best Sharpe = 0.0158
  Best params: n_estimators=485, max_depth=4, lr=0.2797, leaves=15
  Best confidence_threshold: 0.840
  Best training_days: 180
  Retrained on full data (540 samples, 46 features)
  OOD: 16 features, cutoff (q=0.7) = 13.92
  Model trained for 2022-08: 93 test candles with features, confidence_threshold=0.786
[predict] 2022-08-01 08:00 DOTUSDT → SHORT (proba=0.97 TP=18.4%/SL=9.2%)
[trade:open] 2022-08-01 15:59 DOTUSDT SHORT @ 8.46 | SL=9.23 TP=6.90 | timeout=2022-08-08 15:59
[trade:close] 2022-08-08 15:59 DOTUSDT SHORT → stop_loss @ 9.23 | PnL=-9.19% (net -9.29%) | cum=-9.29% 2022-08=-9.29% 2022-08-08=-9.29%
[predict] 2022-08-09 08:00 DOTUSDT → LONG (proba=0.97 TP=15.0%/SL=7.5%)
[trade:open] 2022-08-09 15:59 DOTUSDT LONG @ 8.69 | SL=8.04 TP=10.00 | timeout=2022-08-16 15:59
[trade:close] 2022-08-16 16:00 DOTUSDT LONG → timeout @ 8.79 | PnL=+1.15% (net +1.05%) | cum=-8.24% 2022-08=-8.24% 2022-08-16=+1.05%
[predict] 2022-08-22 08:00 DOTUSDT → LONG (proba=0.97 TP=15.5%/SL=7.8%)
[trade:open] 2022-08-22 15:59 DOTUSDT LONG @ 7.25 | SL=6.69 TP=8.38 | timeout=2022-08-29 15:59
[trade:close] 2022-08-29 16:00 DOTUSDT LONG → timeout @ 7.21 | PnL=-0.55% (net -0.65%) | cum=-8.89% 2022-08=-8.89% 2022-08-29=-0.65%
[predict] 2022-08-30 08:00 DOTUSDT → LONG (proba=0.99 TP=13.5%/SL=6.8%)
[trade:open] 2022-08-30 15:59 DOTUSDT LONG @ 7.03 | SL=6.55 TP=7.98 | timeout=2022-09-06 15:59
[lgbm] === Training for 2022-09 ===
  Train window: 2020-09-01 → 2022-08-24
  2168 training samples from 1 symbols
  Samples per month: 2020-09: 90, 2020-10: 93, 2020-11: 90, 2020-12: 93, 2021-01: 93, 2021-02: 84, 2021-03: 93, 2021-04: 90, 2021-05: 93, 2021-06: 90, 2021-07: 93, 2021-08: 93, 2021-09: 90, 2021-10: 93, 2021-11: 90, 2021-12: 93, 2022-01: 93, 2022-02: 84, 2022-03: 93, 2022-04: 90, 2022-05: 93, 2022-06: 90, 2022-07: 93, 2022-08: 71
  [label] 2020-11-01 16:00 DOTUSDT entry=4.2180 → LONG | long=sl(-7.10%) short=sl(-7.10%) | scanned=14 | no_tp→fwd_return=+6.2115
  [label] 2020-11-03 16:00 DOTUSDT entry=4.0330 → LONG | long=tp(+13.56%) short=sl(-6.93%) | scanned=9 | long_tp_only
  [label] 2020-11-07 16:00 DOTUSDT entry=4.2350 → LONG | long=timeout(+5.33%) short=timeout(-5.53%) | scanned=22 | no_tp→fwd_return=+5.4309
  [label] 2020-12-02 08:00 DOTUSDT entry=5.3830 → SHORT | long=sl(-9.79%) short=timeout(+9.41%) | scanned=22 | no_tp→fwd_return=-9.5114
  [label] 2021-01-23 16:00 DOTUSDT entry=18.7710 → SHORT | long=sl(-14.92%) short=timeout(+11.73%) | scanned=22 | no_tp→fwd_return=-11.8321
  [label] 2021-07-08 16:00 DOTUSDT entry=15.3110 → SHORT | long=sl(-9.56%) short=timeout(+14.40%) | scanned=22 | no_tp→fwd_return=-14.4994
  [label] 2021-07-12 16:00 DOTUSDT entry=14.8360 → SHORT | long=sl(-7.27%) short=tp(+14.25%) | scanned=10 | short_tp_only
  [label] 2021-07-23 08:00 DOTUSDT entry=12.6320 → LONG | long=tp(+19.27%) short=sl(-9.78%) | scanned=8 | long_tp_only
  [label] 2021-09-06 08:00 DOTUSDT entry=33.9690 → SHORT | long=sl(-8.47%) short=tp(+16.64%) | scanned=3 | short_tp_only
  [label] 2021-09-14 16:00 DOTUSDT entry=37.3790 → SHORT | long=sl(-14.33%) short=tp(+28.36%) | scanned=17 | short_tp_only
  [label] 2021-12-14 00:00 DOTUSDT entry=26.0370 → SHORT | long=timeout(-6.06%) short=timeout(+5.86%) | scanned=22 | no_tp→fwd_return=-5.9646
  [label] 2022-01-15 00:00 DOTUSDT entry=27.2630 → SHORT | long=sl(-8.36%) short=tp(+16.41%) | scanned=18 | short_tp_only
  [label] 2022-01-31 00:00 DOTUSDT entry=17.4950 → LONG | long=tp(+20.08%) short=sl(-10.19%) | scanned=15 | long_tp_only
  [label] 2022-02-12 16:00 DOTUSDT entry=18.8060 → SHORT | long=timeout(-5.27%) short=timeout(+5.07%) | scanned=22 | no_tp→fwd_return=-5.1739
  [label] 2022-03-03 08:00 DOTUSDT entry=18.1130 → SHORT | long=sl(-9.13%) short=timeout(+6.53%) | scanned=22 | no_tp→fwd_return=-6.6251
  [label] 2022-03-09 16:00 DOTUSDT entry=17.8480 → LONG | long=timeout(+6.55%) short=sl(-7.15%) | scanned=22 | no_tp→fwd_return=+6.6450
  [label] 2022-03-22 00:00 DOTUSDT entry=19.7410 → LONG | long=tp(+11.58%) short=sl(-5.94%) | scanned=17 | long_tp_only
  [label] 2022-04-30 08:00 DOTUSDT entry=15.7690 → SHORT | long=sl(-6.83%) short=timeout(+10.02%) | scanned=22 | no_tp→fwd_return=-10.1211
  [label] 2022-05-10 08:00 DOTUSDT entry=11.6790 → SHORT | long=sl(-13.63%) short=tp(+26.95%) | scanned=3 | short_tp_only
  [label] 2022-08-04 08:00 DOTUSDT entry=8.1350 → LONG | long=tp(+17.70%) short=sl(-9.00%) | scanned=18 | long_tp_only
  Labels: 1117 long (51.5%), 1051 short (48.5%) | weights: min=1.00, mean=3.72, max=10.00
  Features: 2168/2168 matched, 46 columns
  CV gap: 22 rows
  [ensemble 1/3] seed=42
    [trial 0] 46 features, training_days=480 | threshold=0.631 | labels: 1117 long, 1051 short (52/48%)
    [CV fold 0] train_end=2020-12-23 08:00 | val_start=2020-12-31 00:00 | gap=184h (22 rows)
    [CV fold 1] train_end=2021-04-22 16:00 | val_start=2021-04-30 08:00 | gap=184h (22 rows)
    [CV fold 2] train_end=2021-08-21 00:00 | val_start=2021-08-28 16:00 | gap=184h (22 rows)
    [CV fold 3] train_end=2021-12-19 08:00 | val_start=2021-12-27 00:00 | gap=184h (22 rows)
    [CV fold 4] train_end=2022-04-18 16:00 | val_start=2022-04-26 08:00 | gap=184h (22 rows)
    [trial 0] Sharpe=-0.0849 (folds: -0.0773, -0.0178, -0.0549, -0.0857, -0.1887)
    [trial 1] 46 features, training_days=420 | threshold=0.839 | labels: 1117 long, 1051 short (52/48%)
    [trial 1] Sharpe=-2.3013 (folds: -0.0879, -0.0567, -1.1039, -10.0000, -0.2582)[I 2026-06-01 11:01:47,358] Trial 1 finished with value: -2.301328874713308 and parameters: {'confidence_threshold': 0.839468448256698, 'training_days': 420, 'n_estimators': 145, 'max_depth': 3, 'num_leaves': 23, 'learning_rate': 0.028145092716060652, 'subsample': 0.762378215816119, 'colsample_bytree': 0.7159725093210578, 'min_child_samples': 43, 'reg_alpha': 0.0032112643094417484, 'reg_lambda': 1.8007140198129195e-07}. Best is trial 0 with value: -0.08487405886750066.
[I 2026-06-01 11:01:47,486] Trial 2 finished with value: -0.07167852565766489 and parameters: {'confidence_threshold': 0.6022506269873263, 'training_days': 190, 'n_estimators': 255, 'max_depth': 5, 'num_leaves': 24, 'learning_rate': 0.05748924681991978, 'subsample': 0.7962072844310213, 'colsample_bytree': 0.5232252063599989, 'min_child_samples': 69, 'reg_alpha': 3.425445902633376e-07, 'reg_lambda': 3.850031979199519e-08}. Best is trial 2 with value: -0.07167852565766489.
[I 2026-06-01 11:01:47,730] Trial 3 finished with value: -0.09398093468729621 and parameters: {'confidence_threshold': 0.8321099380386666, 'training_days': 490, 'n_estimators': 414, 'max_depth': 3, 'num_leaves': 19, 'learning_rate': 0.1024932221692416, 'subsample': 0.7200762468698007, 'colsample_bytree': 0.5610191174223894, 'min_child_samples': 60, 'reg_alpha': 2.039373116525212e-08, 'reg_lambda': 1.527156759251193}. Best is trial 2 with value: -0.07167852565766489.
[I 2026-06-01 11:01:47,872] Trial 4 finished with value: -0.11729815693441456 and parameters: {'confidence_threshold': 0.5905729935600059, 'training_days': 340, 'n_estimators': 190, 'max_depth': 4, 'num_leaves': 41, 'learning_rate': 0.01875220945578641, 'subsample': 0.9847923138822793, 'colsample_bytree': 0.8875664116805573, 'min_child_samples': 96, 'reg_alpha': 1.1309571585271483, 'reg_lambda': 0.002404915432737351}. Best is trial 2 with value: -0.07167852565766489.
[I 2026-06-01 11:01:47,909] Trial 5 finished with value: -0.09106644130449328 and parameters: {'confidence_threshold': 0.8226559822580909, 'training_days': 50, 'n_estimators': 138, 'max_depth': 3, 'num_leaves': 30, 'learning_rate': 0.03750796359625606, 'subsample': 0.6356745158869479, 'colsample_bytree': 0.9143687545759647, 'min_child_samples': 48, 'reg_alpha': 3.376063348877853e-06, 'reg_lambda': 0.0007660634613082914}. Best is trial 2 with value: -0.07167852565766489.
[I 2026-06-01 11:01:48,002] Trial 6 finished with value: -0.12668185274291358 and parameters: {'confidence_threshold': 0.5493234787411669, 'training_days': 410, 'n_estimators': 83, 'max_depth': 5, 'num_leaves': 52, 'learning_rate': 0.019657448966046126, 'subsample': 0.5027610585618012, 'colsample_bytree': 0.9077307142274171, 'min_child_samples': 77, 'reg_alpha': 0.03639690979811287, 'reg_lambda': 0.08738424135626986}. Best is trial 2 with value: -0.07167852565766489.
[I 2026-06-01 11:01:48,078] Trial 7 finished with value: -0.0489850073532647 and parameters: {'confidence_threshold': 0.5259156281069316, 'training_days': 180, 'n_estimators': 102, 'max_depth': 5, 'num_leaves': 45, 'learning_rate': 0.030816017044468066, 'subsample': 0.5317791751430119, 'colsample_bytree': 0.6554911608578311, 'min_child_samples': 46, 'reg_alpha': 0.036851536911881845, 'reg_lambda': 0.005470376807480391}. Best is trial 7 with value: -0.0489850073532647.
[I 2026-06-01 11:01:48,165] Trial 8 finished with value: -0.12020350392718444 and parameters: {'confidence_threshold': 0.8105244599017143, 'training_days': 240, 'n_estimators': 103, 'max_depth': 5, 'num_leaves': 52, 'learning_rate': 0.06746437142284309, 'subsample': 0.8854835899772805, 'colsample_bytree': 0.7468977981821954, 'min_child_samples': 62, 'reg_alpha': 7.04480806377519e-05, 'reg_lambda': 1.6934490731313353e-08}. Best is trial 7 with value: -0.0489850073532647.
[I 2026-06-01 11:01:48,186] Trial 9 finished with value: 0.08291998107285475 and parameters: {'confidence_threshold': 0.5377619994476566, 'training_days': 20, 'n_estimators': 337, 'max_depth': 3, 'num_leaves': 39, 'learning_rate': 0.21907142272152816, 'subsample': 0.6246461145744375, 'colsample_bytree': 0.7051914615178149, 'min_child_samples': 81, 'reg_alpha': 1.1459970229341322e-06, 'reg_lambda': 4.929685216887945e-08}. Best is trial 9 with value: 0.08291998107285475.
[I 2026-06-01 11:01:48,215] Trial 10 finished with value: -1.9793707919181673 and parameters: {'confidence_threshold': 0.7449289185605341, 'training_days': 10, 'n_estimators': 487, 'max_depth': 3, 'num_leaves': 61, 'learning_rate': 0.21914469472126635, 'subsample': 0.628963476300746, 'colsample_bytree': 0.8189858776055304, 'min_child_samples': 27, 'reg_alpha': 2.8948477959263623e-05, 'reg_lambda': 3.3639426888455256e-06}. Best is trial 9 with value: 0.08291998107285475.
[I 2026-06-01 11:01:48,294] Trial 11 finished with value: -0.11376690781696683 and parameters: {'confidence_threshold': 0.5020474318625773, 'training_days': 120, 'n_estimators': 291, 'max_depth': 4, 'num_leaves': 39, 'learning_rate': 0.29081576079680116, 'subsample': 0.6089267919181687, 'colsample_bytree': 0.6488333531327133, 'min_child_samples': 92, 'reg_alpha': 4.028732938178365, 'reg_lambda': 1.2919440532274802e-05}. Best is trial 9 with value: 0.08291998107285475.
[I 2026-06-01 11:01:48,400] Trial 12 finished with value: -0.10578397609364365 and parameters: {'confidence_threshold': 0.5122024223663557, 'training_days': 120, 'n_estimators': 293, 'max_depth': 4, 'num_leaves': 39, 'learning_rate': 0.11263608439461861, 'subsample': 0.5794534963141174, 'colsample_bytree': 0.6562433298545489, 'min_child_samples': 84, 'reg_alpha': 0.0010537880635706485, 'reg_lambda': 0.012696334061651838}. Best is trial 9 with value: 0.08291998107285475.
[I 2026-06-01 11:01:48,606] Trial 13 finished with value: -0.06805089585496009 and parameters: {'confidence_threshold': 0.694422166807498, 'training_days': 130, 'n_estimators': 364, 'max_depth': 5, 'num_leaves': 48, 'learning_rate': 0.14949797305456583, 'subsample': 0.6866291716128416, 'colsample_bytree': 0.6239332671128688, 'min_child_samples': 22, 'reg_alpha': 4.477777874073389e-08, 'reg_lambda': 3.9794797075090296e-05}. Best is trial 9 with value: 0.08291998107285475.
[I 2026-06-01 11:01:48,788] Trial 14 finished with value: -0.06957833558719032 and parameters: {'confidence_threshold': 0.5695908170273006, 'training_days': 290, 'n_estimators': 216, 'max_depth': 4, 'num_leaves': 33, 'learning_rate': 0.039779566134606106, 'subsample': 0.5573785647392069, 'colsample_bytree': 0.8076525207418943, 'min_child_samples': 44, 'reg_alpha': 2.6081099171939565e-06, 'reg_lambda': 3.6358107727571696}. Best is trial 9 with value: 0.08291998107285475.
[I 2026-06-01 11:01:48,898] Trial 15 finished with value: -0.12241571705956318 and parameters: {'confidence_threshold': 0.6565175423931493, 'training_days': 70, 'n_estimators': 332, 'max_depth': 5, 'num_leaves': 47, 'learning_rate': 0.010348803728867817, 'subsample': 0.6707750474677462, 'colsample_bytree': 0.707017338687084, 'min_child_samples': 37, 'reg_alpha': 0.18649627206731947, 'reg_lambda': 0.10351163679178875}. Best is trial 9 with value: 0.08291998107285475.
[I 2026-06-01 11:01:49,090] Trial 16 finished with value: -0.05492351334939903 and parameters: {'confidence_threshold': 0.5434870104080904, 'training_days': 200, 'n_estimators': 453, 'max_depth': 3, 'num_leaves': 63, 'learning_rate': 0.07800925996199208, 'subsample': 0.8121372543120049, 'colsample_bytree': 0.5878392818254276, 'min_child_samples': 55, 'reg_alpha': 0.00016753918939818488, 'reg_lambda': 1.5949783981171654e-06}. Best is trial 9 with value: 0.08291998107285475.
[I 2026-06-01 11:01:49,115] Trial 17 finished with value: -1.9793707919181673 and parameters: {'confidence_threshold': 0.7070311848485039, 'training_days': 10, 'n_estimators': 201, 'max_depth': 4, 'num_leaves': 34, 'learning_rate': 0.16522729299476824, 'subsample': 0.5686640815589584, 'colsample_bytree': 0.9956385980717998, 'min_child_samples': 79, 'reg_alpha': 0.004079798178197398, 'reg_lambda': 0.0001164037083056549}. Best is trial 9 with value: 0.08291998107285475.
[I 2026-06-01 11:01:49,157] A new study created in memory with name: no-name-44b72901-a184-48d6-8fab-805a86d8996b
[I 2026-06-01 11:01:49,239] Trial 0 finished with value: -0.13408028534271305 and parameters: {'confidence_threshold': 0.7437642149592516, 'training_days': 150, 'n_estimators': 152, 'max_depth': 4, 'num_leaves': 50, 'learning_rate': 0.04216766425047743, 'subsample': 0.9903820991923078, 'colsample_bytree': 0.8424148692924316, 'min_child_samples': 58, 'reg_alpha': 3.381097259762742e-05, 'reg_lambda': 1.2263152961306247e-05}. Best is trial 0 with value: -0.13408028534271305.
[I 2026-06-01 11:01:49,303] Trial 1 finished with value: -2.1132576922222848 and parameters: {'confidence_threshold': 0.7551673975844145, 'training_days': 220, 'n_estimators': 76, 'max_depth': 4, 'num_leaves': 51, 'learning_rate': 0.018602118810743477, 'subsample': 0.5877258780737462, 'colsample_bytree': 0.7657756869209191, 'min_child_samples': 63, 'reg_alpha': 0.005123994170264194, 'reg_lambda': 0.44145470178120466}. Best is trial 0 with value: -0.13408028534271305.
[I 2026-06-01 11:01:49,541] Trial 2 finished with value: -0.113416135182275 and parameters: {'confidence_threshold': 0.7535593637012223, 'training_days': 310, 'n_estimators': 375, 'max_depth': 3, 'num_leaves': 32, 'learning_rate': 0.021735641882032388, 'subsample': 0.6468570231944146, 'colsample_bytree': 0.8154880619272439, 'min_child_samples': 27, 'reg_alpha': 8.004064028491336e-05, 'reg_lambda': 7.546835261630524e-05}. Best is trial 2 with value: -0.113416135182275.
[I 2026-06-01 11:01:49,692] Trial 3 finished with value: -0.09486263743671193 and parameters: {'confidence_threshold': 0.6727897841776072, 'training_days': 220, 'n_estimators': 190, 'max_depth': 4, 'num_leaves': 58, 'learning_rate': 0.24810689332636193, 'subsample': 0.7509183379421682, 'colsample_bytree': 0.8119764758960556, 'min_child_samples': 29, 'reg_alpha': 7.1708285081421445e-06, 'reg_lambda': 5.412973582738627e-05}. Best is trial 3 with value: -0.09486263743671193.
[I 2026-06-01 11:01:49,792] Trial 4 finished with value: -0.17790061283156908 and parameters: {'confidence_threshold': 0.803208205259178, 'training_days': 130, 'n_estimators': 267, 'max_depth': 5, 'num_leaves': 40, 'learning_rate': 0.08041175317374143, 'subsample': 0.5603143329951619, 'colsample_bytree': 0.9131704002534167, 'min_child_samples': 68, 'reg_alpha': 0.0008046593428183385, 'reg_lambda': 1.2158346158765583e-05}. Best is trial 3 with value: -0.09486263743671193.
[I 2026-06-01 11:01:49,997] Trial 5 finished with value: -0.04237037630662277 and parameters: {'confidence_threshold': 0.6064422761595144, 'training_days': 210, 'n_estimators': 357, 'max_depth': 5, 'num_leaves': 40, 'learning_rate': 0.0974221287220869, 'subsample': 0.7929682762811064, 'colsample_bytree': 0.8124517510478, 'min_child_samples': 74, 'reg_alpha': 0.3811377260781234, 'reg_lambda': 5.607314238392041e-08}. Best is trial 5 with value: -0.04237037630662277.
[I 2026-06-01 11:01:50,090] Trial 6 finished with value: -0.04326232961987371 and parameters: {'confidence_threshold': 0.7672889945051684, 'training_days': 130, 'n_estimators': 137, 'max_depth': 4, 'num_leaves': 19, 'learning_rate': 0.2031117614248665, 'subsample': 0.8136244860256343, 'colsample_bytree': 0.8617081790949774, 'min_child_samples': 21, 'reg_alpha': 0.002238138278733199, 'reg_lambda': 0.001025809534977322}. Best is trial 5 with value: -0.04237037630662277.
[I 2026-06-01 11:01:50,154] Trial 7 finished with value: -0.12853733631315561 and parameters: {'confidence_threshold': 0.555635875450653, 'training_days': 80, 'n_estimators': 363, 'max_depth': 3, 'num_leaves': 48, 'learning_rate': 0.06590089024008658, 'subsample': 0.6944752870615722, 'colsample_bytree': 0.962566244806993, 'min_child_samples': 88, 'reg_alpha': 1.6465620446426067e-05, 'reg_lambda': 2.4678750890085655e-08}. Best is trial 5 with value: -0.04237037630662277.
[I 2026-06-01 11:01:50,432] Trial 8 finished with value: -0.0555862193856177 and parameters: {'confidence_threshold': 0.6066688256938841, 'training_days': 200, 'n_estimators': 367, 'max_depth': 5, 'num_leaves': 32, 'learning_rate': 0.13377519215934996, 'subsample': 0.7965884582811106, 'colsample_bytree': 0.8458508993500886, 'min_child_samples': 32, 'reg_alpha': 3.889436043816386e-05, 'reg_lambda': 1.4713062489380356e-06}. Best is trial 5 with value: -0.04237037630662277.
[I 2026-06-01 11:01:50,643] Trial 9 finished with value: -0.10642331963597496 and parameters: {'confidence_threshold': 0.6202096049169137, 'training_days': 260, 'n_estimators': 350, 'max_depth': 3, 'num_leaves': 21, 'learning_rate': 0.02989540198065364, 'subsample': 0.8307821683331218, 'colsample_bytree': 0.923253112635361, 'min_child_samples': 64, 'reg_alpha': 0.4898604619604203, 'reg_lambda': 2.9076377687066166e-05}. Best is trial 5 with value: -0.04237037630662277.
