[I 2026-06-01 11:05:13,585] Trial 8 finished with value: 0.0024963683211879613 and parameters: {'confidence_threshold': 0.719644804808716, 'training_days': 450, 'n_estimators': 410, 'max_depth': 4, 'num_leaves': 57, 'learning_rate': 0.04022026551478857, 'subsample': 0.5336085426932707, 'colsample_bytree': 0.5705742850577543, 'min_child_samples': 100, 'reg_alpha': 5.916398047912201e-07, 'reg_lambda': 0.9794034214488329}. Best is trial 0 with value: 0.10079422612055182.
[I 2026-06-01 11:05:13,607] Trial 9 finished with value: -3.9771139781300078 and parameters: {'confidence_threshold': 0.7267463643917187, 'training_days': 20, 'n_estimators': 337, 'max_depth': 5, 'num_leaves': 23, 'learning_rate': 0.022153031811454605, 'subsample': 0.6305627572358737, 'colsample_bytree': 0.6613413774216214, 'min_child_samples': 81, 'reg_alpha': 5.7638634029410314e-08, 'reg_lambda': 8.26603016764008}. Best is trial 0 with value: 0.10079422612055182.
[I 2026-06-01 11:05:13,945] Trial 10 finished with value: 0.12021977581532098 and parameters: {'confidence_threshold': 0.8398533911817929, 'training_days': 130, 'n_estimators': 485, 'max_depth': 4, 'num_leaves': 62, 'learning_rate': 0.014251957942824738, 'subsample': 0.9901604570372973, 'colsample_bytree': 0.9944479338273263, 'min_child_samples': 23, 'reg_alpha': 6.837313901272251e-05, 'reg_lambda': 0.0006976939169966911}. Best is trial 10 with value: 0.12021977581532098.
[I 2026-06-01 11:05:14,283] Trial 11 finished with value: 0.2037496682477021 and parameters: {'confidence_threshold': 0.8491135887906174, 'training_days': 140, 'n_estimators': 478, 'max_depth': 4, 'num_leaves': 61, 'learning_rate': 0.010040680771315659, 'subsample': 0.9943448329854054, 'colsample_bytree': 0.9775347597655288, 'min_child_samples': 20, 'reg_alpha': 7.328612622954525e-05, 'reg_lambda': 0.0002767360651732308}. Best is trial 11 with value: 0.2037496682477021.
[I 2026-06-01 11:05:14,689] Trial 12 finished with value: -0.002238611520635936 and parameters: {'confidence_threshold': 0.844172879916663, 'training_days': 180, 'n_estimators': 490, 'max_depth': 4, 'num_leaves': 63, 'learning_rate': 0.01016004474536195, 'subsample': 0.9950368342558168, 'colsample_bytree': 0.9826583982594713, 'min_child_samples': 20, 'reg_alpha': 5.113460481149383e-05, 'reg_lambda': 0.0022105109201275095}. Best is trial 11 with value: 0.2037496682477021.
[I 2026-06-01 11:05:15,043] Trial 13 finished with value: 0.10405062694415768 and parameters: {'confidence_threshold': 0.8491911315870185, 'training_days': 130, 'n_estimators': 494, 'max_depth': 4, 'num_leaves': 55, 'learning_rate': 0.010365414043456918, 'subsample': 0.7073909792186277, 'colsample_bytree': 0.977673677256957, 'min_child_samples': 23, 'reg_alpha': 7.991749892477264e-05, 'reg_lambda': 4.1910078918541625e-06}. Best is trial 11 with value: 0.2037496682477021.
[I 2026-06-01 11:05:15,337] Trial 14 finished with value: -0.035574057626603824 and parameters: {'confidence_threshold': 0.7942966523343237, 'training_days': 190, 'n_estimators': 458, 'max_depth': 4, 'num_leaves': 62, 'learning_rate': 0.017319899206968994, 'subsample': 0.994555864249346, 'colsample_bytree': 0.9010809538959501, 'min_child_samples': 54, 'reg_alpha': 0.0019056569144804095, 'reg_lambda': 0.0020591486530605477}. Best is trial 11 with value: 0.2037496682477021.
[I 2026-06-01 11:05:15,470] Trial 15 finished with value: -0.02600543301946126 and parameters: {'confidence_threshold': 0.7829525506318393, 'training_days': 70, 'n_estimators': 285, 'max_depth': 4, 'num_leaves': 53, 'learning_rate': 0.016690996870677925, 'subsample': 0.7631147670190621, 'colsample_bytree': 0.9934286300532085, 'min_child_samples': 30, 'reg_alpha': 1.0347887266434179e-05, 'reg_lambda': 2.582339790441249e-06}. Best is trial 11 with value: 0.2037496682477021.
[I 2026-06-01 11:05:15,832] Trial 16 finished with value: -0.055898147945510526 and parameters: {'confidence_threshold': 0.7843607111441431, 'training_days': 250, 'n_estimators': 448, 'max_depth': 4, 'num_leaves': 16, 'learning_rate': 0.015152059756701577, 'subsample': 0.9173462606754889, 'colsample_bytree': 0.923059818374438, 'min_child_samples': 45, 'reg_alpha': 0.004345365238253474, 'reg_lambda': 0.0055249121913186336}. Best is trial 11 with value: 0.2037496682477021.
[I 2026-06-01 11:05:16,063] Trial 17 finished with value: -0.03316961604972672 and parameters: {'confidence_threshold': 0.5080881579696632, 'training_days': 360, 'n_estimators': 336, 'max_depth': 3, 'num_leaves': 51, 'learning_rate': 0.025046547936345483, 'subsample': 0.7706494198204163, 'colsample_bytree': 0.8117613818197102, 'min_child_samples': 66, 'reg_alpha': 5.4643970171710196e-06, 'reg_lambda': 0.00029296293473822895}. Best is trial 11 with value: 0.2037496682477021.

  Optuna: 18 trials, best Sharpe = 0.1283
  Best params: n_estimators=448, max_depth=4, lr=0.1417, leaves=48
  Best confidence_threshold: 0.681
  Best training_days: 140
  Retrained on full data (420 samples, 46 features)
  [ensemble 2/3] seed=123
    [trial 0] 46 features, training_days=150 | threshold=0.744 | labels: 1037 long, 1134 short (48/52%)
    [CV fold 0] train_end=2022-09-23 08:00 | val_start=2022-10-01 00:00 | gap=184h (22 rows)
    [CV fold 1] train_end=2023-01-21 16:00 | val_start=2023-01-29 08:00 | gap=184h (22 rows)
    [CV fold 2] train_end=2023-05-22 00:00 | val_start=2023-05-29 16:00 | gap=184h (22 rows)
    [CV fold 3] train_end=2023-09-19 08:00 | val_start=2023-09-27 00:00 | gap=184h (22 rows)
    [CV fold 4] train_end=2024-01-17 16:00 | val_start=2024-01-25 08:00 | gap=184h (22 rows)
    [trial 0] Sharpe=0.0239 (folds: 0.0213, 0.0708, -0.1988, -0.0101, 0.2361)
    [trial 1] 46 features, training_days=220 | threshold=0.755 | labels: 1037 long, 1134 short (48/52%)
    [trial 1] Sharpe=-3.9715 (folds: -0.0472, -10.0000, -10.0000, 0.1524, 0.0374)
    [trial 2] 46 features, training_days=310 | threshold=0.754 | labels: 1037 long, 1134 short (48/52%)
    [trial 2] Sharpe=-0.0514 (folds: 0.0588, -0.0813, -0.4237, -0.1131, 0.3021)
    [trial 3] 46 features, training_days=220 | threshold=0.673 | labels: 1037 long, 1134 short (48/52%)
    [trial 3] Sharpe=-0.0083 (folds: -0.0095, -0.0147, -0.1959, 0.0071, 0.1714)
    [trial 4] 46 features, training_days=130 | threshold=0.803 | labels: 1037 long, 1134 short (48/52%)
    [trial 4] Sharpe=0.1298 (folds: 0.1479, 0.1868, 0.0267, 0.0273, 0.2604)
    [trial 5] 46 features, training_days=210 | threshold=0.606 | labels: 1037 long, 1134 short (48/52%)
    [trial 5] Sharpe=-0.0431 (folds: 0.1305, -0.1101, -0.1787, -0.1883, 0.1314)
    [trial 6] 46 features, training_days=130 | threshold=0.767 | labels: 1037 long, 1134 short (48/52%)
    [trial 6] Sharpe=0.0806 (folds: 0.0332, 0.1697, 0.0223, -0.1009, 0.2788)
    [trial 7] 46 features, training_days=80 | threshold=0.556 | labels: 1037 long, 1134 short (48/52%)
    [trial 7] Sharpe=-0.0294 (folds: 0.0731, -0.0417, -0.0330, -0.0325, -0.1130)
    [trial 8] 46 features, training_days=200 | threshold=0.607 | labels: 1037 long, 1134 short (48/52%)
    [trial 8] Sharpe=-0.0345 (folds: 0.0312, 0.0399, -0.2567, -0.1064, 0.1198)
    [trial 9] 46 features, training_days=260 | threshold=0.620 | labels: 1037 long, 1134 short (48/52%)
    [trial 9] Sharpe=0.0329 (folds: 0.0942, -0.0218, -0.2014, 0.0722, 0.2216)
    [trial 10] 46 features, training_days=470 | threshold=0.845 | labels: 1037 long, 1134 short (48/52%)
    [trial 10] Sharpe=-8.2392 (folds: -10.0000, -1.1959, -10.0000, -10.0000, -10.0000)
    [trial 11] 46 features, training_days=20 | threshold=0.837 | labels: 1037 long, 1134 short (48/52%)
    [trial 11] Sharpe=-5.9640 (folds: 0.0180, 0.1618, -10.0000, -10.0000, -10.0000)
    [trial 12] 46 features, training_days=120 | threshold=0.798 | labels: 1037 long, 1134 short (48/52%)
    [trial 12] Sharpe=0.1288 (folds: 0.1884, 0.0748, 0.0418, 0.1116, 0.2274)
    [trial 13] 46 features, training_days=10 | threshold=0.800 | labels: 1037 long, 1134 short (48/52%)
    [trial 13] Sharpe=-2.0257 (folds: -0.0780, 0.1618, -10.0000, -0.0653, -0.1469)
    [trial 14] 46 features, training_days=340 | threshold=0.697 | labels: 1037 long, 1134 short (48/52%)
    [trial 14] Sharpe=0.0502 (folds: 0.1732, -0.0000, -0.1500, -0.0171, 0.2448)
    [trial 15] 46 features, training_days=90 | threshold=0.699 | labels: 1037 long, 1134 short (48/52%)
    [trial 15] Sharpe=0.0749 (folds: 0.1583, 0.1067, -0.0692, -0.0361, 0.2149)
    [trial 16] 46 features, training_days=140 | threshold=0.807 | labels: 1037 long, 1134 short (48/52%)
    [trial 16] Sharpe=0.1257 (folds: 0.1509, 0.0118, 0.1275, 0.0633, 0.2748)
    [trial 17] 46 features, training_days=70 | threshold=0.500 | labels: 1037 long, 1134 short (48/52%)
    [trial 17] Sharpe=-0.0905 (folds: 0.0217, -0.0980, -0.1530, -0.0705, -0.1527)
  Optuna: 18 trials, best Sharpe = 0.1298
  Best params: n_estimators=267, max_depth=5, lr=0.0804, leaves=40
  Best confidence_threshold: 0.803
  Best training_days: 130
  Retrained on full data (390 samples, 46 features)
  [ensemble 3/3] seed=456
    [trial 0] 46 features, training_days=90 | threshold=0.587 | labels: 1037 long, 1134 short (48/52%)
    [CV fold 0] train_end=2022-09-23 08:00 | val_start=2022-10-01 00:00 | gap=184h (22 rows)
    [CV fold 1] train_end=2023-01-21 16:00 | val_start=2023-01-29 08:00 | gap=184h (22 rows)
    [CV fold 2] train_end=2023-05-22 00:00 | val_start=2023-05-29 16:00 | gap=184h (22 rows)
    [CV fold 3] train_end=2023-09-19 08:00 | val_start=2023-09-27 00:00 | gap=184h (22 rows)
    [CV fold 4] train_end=2024-01-17 16:00 | val_start=2024-01-25 08:00 | gap=184h (22 rows)
    [trial 0] Sharpe=0.1008 (folds: 0.1472, 0.1227, -0.0061, 0.0578, 0.1824)
    [trial 1] 46 features, training_days=290 | threshold=0.635 | labels: 1037 long, 1134 short (48/52%)
    [trial 1] Sharpe=-0.0356 (folds: -0.0325, -0.1453, -0.1739, 0.0062, 0.1675)
    [trial 2] 46 features, training_days=10 | threshold=0.585 | labels: 1037 long, 1134 short (48/52%)
    [trial 2] Sharpe=-2.0257 (folds: -0.0780, 0.1618, -10.0000, -0.0653, -0.1469)
    [trial 3] 46 features, training_days=220 | threshold=0.687 | labels: 1037 long, 1134 short (48/52%)
    [trial 3] Sharpe=-0.0110 (folds: -0.1195, -0.0359, 0.0320, -0.1305, 0.1988)
    [trial 4] 46 features, training_days=300 | threshold=0.562 | labels: 1037 long, 1134 short (48/52%)
    [trial 4] Sharpe=-0.0247 (folds: -0.0385, 0.0392, -0.2528, 0.0344, 0.0940)
    [trial 5] 46 features, training_days=490 | threshold=0.711 | labels: 1037 long, 1134 short (48/52%)
    [trial 5] Sharpe=-0.0944 (folds: -0.0147, -0.0081, -0.3316, -0.0719, -0.0454)
    [trial 6] 46 features, training_days=420 | threshold=0.667 | labels: 1037 long, 1134 short (48/52%)
    [trial 6] Sharpe=-0.1195 (folds: 0.0509, -0.0375, -0.4349, -0.0642, -0.1116)
    [trial 7] 46 features, training_days=120 | threshold=0.550 | labels: 1037 long, 1134 short (48/52%)
    [trial 7] Sharpe=0.0847 (folds: 0.0995, 0.2079, 0.0015, -0.0728, 0.1872)
    [trial 8] 46 features, training_days=450 | threshold=0.720 | labels: 1037 long, 1134 short (48/52%)
    [trial 8] Sharpe=0.0025 (folds: 0.1238, -0.1368, 0.0968, -0.1618, 0.0905)
    [trial 9] 46 features, training_days=20 | threshold=0.727 | labels: 1037 long, 1134 short (48/52%)
    [trial 9] Sharpe=-3.9771 (folds: 0.0180, 0.1618, -10.0000, -0.0653, -10.0000)
    [trial 10] 46 features, training_days=130 | threshold=0.840 | labels: 1037 long, 1134 short (48/52%)
    [trial 10] Sharpe=0.1202 (folds: 0.1585, 0.2219, -0.0527, -0.0758, 0.3493)
    [trial 11] 46 features, training_days=140 | threshold=0.849 | labels: 1037 long, 1134 short (48/52%)
    [trial 11] Sharpe=0.2037 (folds: 0.2202, -0.0036, 0.5363, 0.0075, 0.2583)
    [trial 12] 46 features, training_days=180 | threshold=0.844 | labels: 1037 long, 1134 short (48/52%)
    [trial 12] Sharpe=-0.0022 (folds: 0.0956, -0.2030, -0.2960, 0.1316, 0.2606)
    [trial 13] 46 features, training_days=130 | threshold=0.849 | labels: 1037 long, 1134 short (48/52%)
    [trial 13] Sharpe=0.1041 (folds: 0.0952, 0.2360, -0.1213, -0.0362, 0.3465)
    [trial 14] 46 features, training_days=190 | threshold=0.794 | labels: 1037 long, 1134 short (48/52%)
    [trial 14] Sharpe=-0.0356 (folds: 0.1963, -0.1845, -0.3480, -0.0158, 0.1742)
    [trial 15] 46 features, training_days=70 | threshold=0.783 | labels: 1037 long, 1134 short (48/52%)
    [trial 15] Sharpe=-0.0260 (folds: 0.0125, -0.0172, -0.0870, -0.1539, 0.1156)
    [trial 16] 46 features, training_days=250 | threshold=0.784 | labels: 1037 long, 1134 short (48/52%)
    [trial 16] Sharpe=-0.0559 (folds: 0.0373, -0.2111, -0.2954, 0.0092, 0.1806)
    [trial 17] 46 features, training_days=360 | threshold=0.508 | labels: 1037 long, 1134 short (48/52%)
    [trial 17] Sharpe=-0.0332 (folds: 0.0042, -0.0490, -0.2967, 0.0358, 0.1399)
  Optuna: 18 trials, best Sharpe = 0.2037
  Best params: n_estimators=478, max_depth=4, lr=0.0100, leaves=61
  Best confidence_threshold: 0.849[I 2026-06-01 11:05:16,659] A new study created in memory with name: no-name-c25153d1-b843-4ef6-88b6-23c038852293
[I 2026-06-01 11:05:17,005] Trial 0 finished with value: -0.03976413547872248 and parameters: {'confidence_threshold': 0.6310890415965769, 'training_days': 480, 'n_estimators': 380, 'max_depth': 4, 'num_leaves': 22, 'learning_rate': 0.01699897838270077, 'subsample': 0.5290418060840998, 'colsample_bytree': 0.9330880728874675, 'min_child_samples': 68, 'reg_alpha': 0.023585940584142682, 'reg_lambda': 1.5320059381854043e-08}. Best is trial 0 with value: -0.03976413547872248.
[I 2026-06-01 11:05:17,127] Trial 1 finished with value: -1.909450439876626 and parameters: {'confidence_threshold': 0.839468448256698, 'training_days': 420, 'n_estimators': 145, 'max_depth': 3, 'num_leaves': 23, 'learning_rate': 0.028145092716060652, 'subsample': 0.762378215816119, 'colsample_bytree': 0.7159725093210578, 'min_child_samples': 43, 'reg_alpha': 0.0032112643094417484, 'reg_lambda': 1.8007140198129195e-07}. Best is trial 0 with value: -0.03976413547872248.
[I 2026-06-01 11:05:17,294] Trial 2 finished with value: 0.01247350221224795 and parameters: {'confidence_threshold': 0.6022506269873263, 'training_days': 190, 'n_estimators': 255, 'max_depth': 5, 'num_leaves': 24, 'learning_rate': 0.05748924681991978, 'subsample': 0.7962072844310213, 'colsample_bytree': 0.5232252063599989, 'min_child_samples': 69, 'reg_alpha': 3.425445902633376e-07, 'reg_lambda': 3.850031979199519e-08}. Best is trial 2 with value: 0.01247350221224795.
[I 2026-06-01 11:05:17,596] Trial 3 finished with value: -0.05271632164373772 and parameters: {'confidence_threshold': 0.8321099380386666, 'training_days': 490, 'n_estimators': 414, 'max_depth': 3, 'num_leaves': 19, 'learning_rate': 0.1024932221692416, 'subsample': 0.7200762468698007, 'colsample_bytree': 0.5610191174223894, 'min_child_samples': 60, 'reg_alpha': 2.039373116525212e-08, 'reg_lambda': 1.527156759251193}. Best is trial 2 with value: 0.01247350221224795.
[I 2026-06-01 11:05:17,762] Trial 4 finished with value: -0.06221984369504711 and parameters: {'confidence_threshold': 0.5905729935600059, 'training_days': 340, 'n_estimators': 190, 'max_depth': 4, 'num_leaves': 41, 'learning_rate': 0.01875220945578641, 'subsample': 0.9847923138822793, 'colsample_bytree': 0.8875664116805573, 'min_child_samples': 96, 'reg_alpha': 1.1309571585271483, 'reg_lambda': 0.002404915432737351}. Best is trial 2 with value: 0.01247350221224795.
[I 2026-06-01 11:05:17,800] Trial 5 finished with value: 0.013022781572733311 and parameters: {'confidence_threshold': 0.8226559822580909, 'training_days': 50, 'n_estimators': 138, 'max_depth': 3, 'num_leaves': 30, 'learning_rate': 0.03750796359625606, 'subsample': 0.6356745158869479, 'colsample_bytree': 0.9143687545759647, 'min_child_samples': 48, 'reg_alpha': 3.376063348877853e-06, 'reg_lambda': 0.0007660634613082914}. Best is trial 5 with value: 0.013022781572733311.
[I 2026-06-01 11:05:17,907] Trial 6 finished with value: -0.002022593649425876 and parameters: {'confidence_threshold': 0.5493234787411669, 'training_days': 410, 'n_estimators': 83, 'max_depth': 5, 'num_leaves': 52, 'learning_rate': 0.019657448966046126, 'subsample': 0.5027610585618012, 'colsample_bytree': 0.9077307142274171, 'min_child_samples': 77, 'reg_alpha': 0.03639690979811287, 'reg_lambda': 0.08738424135626986}. Best is trial 5 with value: 0.013022781572733311.
[I 2026-06-01 11:05:18,008] Trial 7 finished with value: -0.014752899825812743 and parameters: {'confidence_threshold': 0.5259156281069316, 'training_days': 180, 'n_estimators': 102, 'max_depth': 5, 'num_leaves': 45, 'learning_rate': 0.030816017044468066, 'subsample': 0.5317791751430119, 'colsample_bytree': 0.6554911608578311, 'min_child_samples': 46, 'reg_alpha': 0.036851536911881845, 'reg_lambda': 0.005470376807480391}. Best is trial 5 with value: 0.013022781572733311.
[I 2026-06-01 11:05:18,112] Trial 8 finished with value: 0.013937800162570272 and parameters: {'confidence_threshold': 0.8105244599017143, 'training_days': 240, 'n_estimators': 103, 'max_depth': 5, 'num_leaves': 52, 'learning_rate': 0.06746437142284309, 'subsample': 0.8854835899772805, 'colsample_bytree': 0.7468977981821954, 'min_child_samples': 62, 'reg_alpha': 7.04480806377519e-05, 'reg_lambda': 1.6934490731313353e-08}. Best is trial 8 with value: 0.013937800162570272.
[I 2026-06-01 11:05:18,136] Trial 9 finished with value: -0.12349601638106769 and parameters: {'confidence_threshold': 0.5377619994476566, 'training_days': 20, 'n_estimators': 337, 'max_depth': 3, 'num_leaves': 39, 'learning_rate': 0.21907142272152816, 'subsample': 0.6246461145744375, 'colsample_bytree': 0.7051914615178149, 'min_child_samples': 81, 'reg_alpha': 1.1459970229341322e-06, 'reg_lambda': 4.929685216887945e-08}. Best is trial 8 with value: 0.013937800162570272.
[I 2026-06-01 11:05:18,747] Trial 10 finished with value: -0.03223954626268992 and parameters: {'confidence_threshold': 0.734042426776949, 'training_days': 280, 'n_estimators': 487, 'max_depth': 5, 'num_leaves': 62, 'learning_rate': 0.10432148521337849, 'subsample': 0.9416850669512905, 'colsample_bytree': 0.8120417635861826, 'min_child_samples': 27, 'reg_alpha': 7.238112263003475e-05, 'reg_lambda': 3.3639426888455256e-06}. Best is trial 8 with value: 0.013937800162570272.
[I 2026-06-01 11:05:18,781] Trial 11 finished with value: -6.080306084793589 and parameters: {'confidence_threshold': 0.7615879655568232, 'training_days': 20, 'n_estimators': 212, 'max_depth': 4, 'num_leaves': 33, 'learning_rate': 0.061519626256430725, 'subsample': 0.8696252151616218, 'colsample_bytree': 0.8131245566687184, 'min_child_samples': 51, 'reg_alpha': 3.9063190689761285e-05, 'reg_lambda': 1.7775498934647403e-05}. Best is trial 8 with value: 0.013937800162570272.
[I 2026-06-01 11:05:18,852] Trial 12 finished with value: 0.0624611371110557 and parameters: {'confidence_threshold': 0.7683435244955696, 'training_days': 140, 'n_estimators': 59, 'max_depth': 3, 'num_leaves': 54, 'learning_rate': 0.03869752912015806, 'subsample': 0.6551512766854299, 'colsample_bytree': 0.995657538673677, 'min_child_samples': 30, 'reg_alpha': 3.7913577838145125e-06, 'reg_lambda': 0.00010582050771147222}. Best is trial 12 with value: 0.0624611371110557.
[I 2026-06-01 11:05:18,926] Trial 13 finished with value: 0.04079751739588719 and parameters: {'confidence_threshold': 0.736260373163175, 'training_days': 130, 'n_estimators': 58, 'max_depth': 4, 'num_leaves': 57, 'learning_rate': 0.10552560750838863, 'subsample': 0.8690491710631163, 'colsample_bytree': 0.9995061729923391, 'min_child_samples': 22, 'reg_alpha': 0.00023323394909551966, 'reg_lambda': 1.164720859767682e-05}. Best is trial 12 with value: 0.0624611371110557.
[I 2026-06-01 11:05:18,988] Trial 14 finished with value: -0.043341342730244634 and parameters: {'confidence_threshold': 0.6966489442895925, 'training_days': 100, 'n_estimators': 59, 'max_depth': 4, 'num_leaves': 61, 'learning_rate': 0.22718749902850588, 'subsample': 0.6833668034203416, 'colsample_bytree': 0.9912002173873565, 'min_child_samples': 20, 'reg_alpha': 0.000700067291980145, 'reg_lambda': 5.433408514803009e-05}. Best is trial 12 with value: 0.0624611371110557.
