[I 2026-06-01 11:07:45,627] Trial 7 finished with value: -0.030778025069735815 and parameters: {'confidence_threshold': 0.5259156281069316, 'training_days': 180, 'n_estimators': 102, 'max_depth': 5, 'num_leaves': 45, 'learning_rate': 0.030816017044468066, 'subsample': 0.5317791751430119, 'colsample_bytree': 0.6554911608578311, 'min_child_samples': 46, 'reg_alpha': 0.036851536911881845, 'reg_lambda': 0.005470376807480391}. Best is trial 3 with value: 0.10396029910641073.

    [trial 10] Sharpe=-3.9110 (folds: -0.0006, 0.0544, -10.0000, -10.0000, 0.3911)
    [trial 11] 46 features, training_days=500 | threshold=0.792 | labels: 1036 long, 1135 short (48/52%)
    [trial 11] Sharpe=-0.0173 (folds: 0.2248, -0.0631, -0.2350, -0.1024, 0.0894)
    [trial 12] 46 features, training_days=390 | threshold=0.650 | labels: 1036 long, 1135 short (48/52%)
    [trial 12] Sharpe=0.0454 (folds: -0.0033, 0.1934, 0.0178, 0.0354, -0.0161)
    [trial 13] 46 features, training_days=370 | threshold=0.759 | labels: 1036 long, 1135 short (48/52%)
    [trial 13] Sharpe=0.0556 (folds: 0.1225, 0.2369, -0.0692, -0.0457, 0.0332)
    [trial 14] 46 features, training_days=470 | threshold=0.680 | labels: 1036 long, 1135 short (48/52%)
    [trial 14] Sharpe=0.0471 (folds: 0.0742, 0.2246, -0.0939, 0.0173, 0.0135)
    [trial 15] 46 features, training_days=340 | threshold=0.621 | labels: 1036 long, 1135 short (48/52%)
    [trial 15] Sharpe=0.0038 (folds: 0.0793, 0.1949, -0.1827, 0.0266, -0.0993)
    [trial 16] 46 features, training_days=230 | threshold=0.516 | labels: 1036 long, 1135 short (48/52%)
    [trial 16] Sharpe=-0.0141 (folds: 0.0020, 0.1279, -0.1546, -0.0822, 0.0365)
    [trial 17] 46 features, training_days=430 | threshold=0.731 | labels: 1036 long, 1135 short (48/52%)
    [trial 17] Sharpe=0.0430 (folds: 0.0472, 0.1707, -0.0026, -0.0815, 0.0812)
  Optuna: 18 trials, best Sharpe = 0.0584
  Best params: n_estimators=279, max_depth=3, lr=0.0401, leaves=45
  Best confidence_threshold: 0.667
  Best training_days: 420
  Retrained on full data (1260 samples, 46 features)
  OOD: 16 features, cutoff (q=0.7) = 13.68
  Model trained for 2025-06: 90 test candles with features, confidence_threshold=0.772
[predict] 2025-06-05 00:00 DOTUSDT → LONG (proba=0.81 TP=10.3%/SL=5.2%)
[trade:open] 2025-06-05 07:59 DOTUSDT LONG @ 4.03 | SL=3.82 TP=4.44 | timeout=2025-06-12 07:59
[trade:close] 2025-06-05 23:59 DOTUSDT LONG → stop_loss @ 3.82 | PnL=-5.17% (net -5.27%) | cum=+102.59% 2025-06=-5.27% 2025-06-05=-5.27%
[predict] 2025-06-15 00:00 DOTUSDT → LONG (proba=0.84 TP=10.4%/SL=5.2%)
[trade:open] 2025-06-15 07:59 DOTUSDT LONG @ 3.77 | SL=3.58 TP=4.17 | timeout=2025-06-22 07:59
[trade:close] 2025-06-18 23:59 DOTUSDT LONG → stop_loss @ 3.58 | PnL=-5.19% (net -5.29%) | cum=+97.30% 2025-06=-10.56% 2025-06-18=-5.29%
[predict] 2025-06-19 16:00 DOTUSDT → LONG (proba=0.92 TP=10.6%/SL=5.3%)
[trade:open] 2025-06-19 23:59 DOTUSDT LONG @ 3.55 | SL=3.36 TP=3.92 | timeout=2025-06-26 23:59
[trade:close] 2025-06-20 23:59 DOTUSDT LONG → stop_loss @ 3.36 | PnL=-5.30% (net -5.40%) | cum=+91.90% 2025-06=-15.96% 2025-06-20=-5.40%
[predict] 2025-06-25 00:00 DOTUSDT → LONG (proba=0.81 TP=13.1%/SL=6.6%)
[trade:open] 2025-06-25 07:59 DOTUSDT LONG @ 3.43 | SL=3.20 TP=3.88 | timeout=2025-07-02 07:59
[lgbm] === Training for 2025-07 ===
  Train window: 2023-07-01 → 2025-06-23
  2171 training samples from 1 symbols
  Samples per month: 2023-07: 93, 2023-08: 93, 2023-09: 90, 2023-10: 93, 2023-11: 90, 2023-12: 93, 2024-01: 93, 2024-02: 87, 2024-03: 93, 2024-04: 90, 2024-05: 93, 2024-06: 90, 2024-07: 93, 2024-08: 93, 2024-09: 90, 2024-10: 93, 2024-11: 90, 2024-12: 93, 2025-01: 93, 2025-02: 84, 2025-03: 93, 2025-04: 90, 2025-05: 93, 2025-06: 68
  [label] 2023-08-31 16:00 DOTUSDT entry=4.2680 → LONG | long=timeout(+0.42%) short=timeout(-0.62%) | scanned=22 | no_tp→fwd_return=+0.5155
  [label] 2023-09-03 00:00 DOTUSDT entry=4.2910 → SHORT | long=sl(-3.59%) short=timeout(+2.56%) | scanned=22 | no_tp→fwd_return=-2.6567
  [label] 2023-09-06 16:00 DOTUSDT entry=4.2690 → SHORT | long=sl(-3.30%) short=tp(+6.29%) | scanned=14 | short_tp_only
  [label] 2023-10-01 08:00 DOTUSDT entry=4.1880 → SHORT | long=sl(-2.40%) short=sl(-2.40%) | scanned=4 | no_tp→fwd_return=-1.6953
  [label] 2023-11-23 00:00 DOTUSDT entry=5.1730 → SHORT | long=timeout(-0.12%) short=timeout(-0.08%) | scanned=22 | no_tp→fwd_return=-0.0193
  [label] 2024-05-07 00:00 DOTUSDT entry=7.1650 → SHORT | long=sl(-5.72%) short=timeout(+7.70%) | scanned=22 | no_tp→fwd_return=-7.8018
  [label] 2024-05-11 00:00 DOTUSDT entry=6.7610 → LONG | long=timeout(+6.29%) short=sl(-5.50%) | scanned=22 | no_tp→fwd_return=+6.3896
  [label] 2024-05-21 16:00 DOTUSDT entry=7.6130 → SHORT | long=sl(-4.58%) short=tp(+8.85%) | scanned=6 | short_tp_only
  [label] 2024-07-05 16:00 DOTUSDT entry=5.6830 → LONG | long=timeout(+7.24%) short=sl(-9.32%) | scanned=22 | no_tp→fwd_return=+7.3377
  [label] 2024-07-14 08:00 DOTUSDT entry=6.2870 → SHORT | long=sl(-5.09%) short=timeout(-0.05%) | scanned=22 | no_tp→fwd_return=-0.0477
  [label] 2024-10-12 16:00 DOTUSDT entry=4.2040 → LONG | long=tp(+6.99%) short=sl(-3.64%) | scanned=8 | long_tp_only
  [label] 2024-11-13 16:00 DOTUSDT entry=5.0780 → LONG | long=timeout(+12.64%) short=sl(-12.35%) | scanned=22 | no_tp→fwd_return=+12.7412
  [label] 2024-11-30 00:00 DOTUSDT entry=8.8770 → LONG | long=tp(+21.17%) short=sl(-10.74%) | scanned=13 | long_tp_only
  [label] 2024-12-12 16:00 DOTUSDT entry=9.0600 → SHORT | long=sl(-12.81%) short=timeout(+23.33%) | scanned=22 | no_tp→fwd_return=-23.4327
  [label] 2024-12-31 00:00 DOTUSDT entry=6.6050 → LONG | long=tp(+15.69%) short=sl(-8.00%) | scanned=10 | long_tp_only
  [label] 2025-01-06 08:00 DOTUSDT entry=7.8790 → SHORT | long=sl(-5.99%) short=tp(+11.68%) | scanned=5 | short_tp_only
  [label] 2025-01-18 16:00 DOTUSDT entry=7.0390 → SHORT | long=sl(-7.42%) short=timeout(+10.10%) | scanned=22 | no_tp→fwd_return=-10.2003
  [label] 2025-02-27 08:00 DOTUSDT entry=5.0830 → SHORT | long=sl(-8.39%) short=tp(+16.48%) | scanned=14 | short_tp_only
  [label] 2025-03-09 00:00 DOTUSDT entry=4.3160 → SHORT | long=sl(-8.37%) short=timeout(-0.03%) | scanned=22 | no_tp→fwd_return=-0.0695
  [label] 2025-06-03 08:00 DOTUSDT entry=4.1820 → SHORT | long=sl(-5.29%) short=tp(+10.28%) | scanned=7 | short_tp_only
  Labels: 996 long (45.9%), 1175 short (54.1%) | weights: min=1.00, mean=3.31, max=10.00
  Features: 2171/2171 matched, 46 columns
  CV gap: 22 rows
  [ensemble 1/3] seed=42
    [trial 0] 46 features, training_days=480 | threshold=0.631 | labels: 996 long, 1175 short (46/54%)
    [CV fold 0] train_end=2023-10-23 08:00 | val_start=2023-10-31 00:00 | gap=184h (22 rows)
    [CV fold 1] train_end=2024-02-20 16:00 | val_start=2024-02-28 08:00 | gap=184h (22 rows)
    [CV fold 2] train_end=2024-06-20 00:00 | val_start=2024-06-27 16:00 | gap=184h (22 rows)
    [CV fold 3] train_end=2024-10-18 08:00 | val_start=2024-10-26 00:00 | gap=184h (22 rows)
    [CV fold 4] train_end=2025-02-15 16:00 | val_start=2025-02-23 08:00 | gap=184h (22 rows)
    [trial 0] Sharpe=0.0635 (folds: 0.1670, 0.0993, 0.1526, -0.0156, -0.0857)
    [trial 1] 46 features, training_days=420 | threshold=0.839 | labels: 996 long, 1175 short (46/54%)
    [trial 1] Sharpe=-5.9435 (folds: 0.0078, 0.2745, -10.0000, -10.0000, -10.0000)
    [trial 2] 46 features, training_days=190 | threshold=0.602 | labels: 996 long, 1175 short (46/54%)
    [trial 2] Sharpe=0.0642 (folds: 0.1290, -0.0483, 0.1937, 0.0049, 0.0415)
    [trial 3] 46 features, training_days=490 | threshold=0.832 | labels: 996 long, 1175 short (46/54%)
    [trial 3] Sharpe=0.1040 (folds: 0.1649, 0.1442, 0.3226, -0.0155, -0.0964)
    [trial 4] 46 features, training_days=340 | threshold=0.591 | labels: 996 long, 1175 short (46/54%)
    [trial 4] Sharpe=0.0067 (folds: 0.1880, 0.0153, -0.1148, -0.1625, 0.1075)
    [trial 5] 46 features, training_days=50 | threshold=0.823 | labels: 996 long, 1175 short (46/54%)
    [trial 5] Sharpe=-0.0275 (folds: 0.1772, -0.0641, -0.0151, -0.4117, 0.1762)
    [trial 6] 46 features, training_days=410 | threshold=0.549 | labels: 996 long, 1175 short (46/54%)
    [trial 6] Sharpe=0.0406 (folds: 0.2048, 0.0292, 0.0535, 0.0028, -0.0875)
    [trial 7] 46 features, training_days=180 | threshold=0.526 | labels: 996 long, 1175 short (46/54%)
    [trial 7] Sharpe=-0.0308 (folds: 0.1085, -0.0470, 0.0495, -0.2728, 0.0079)
    [trial 8] 46 features, training_days=240 | threshold=0.811 | labels: 996 long, 1175 short (46/54%)
    [trial 8] Sharpe=0.0360 (folds: 0.1849, 0.0318, 0.0365, -0.2245, 0.1516)[I 2026-06-01 11:07:45,729] Trial 8 finished with value: 0.0360453806634945 and parameters: {'confidence_threshold': 0.8105244599017143, 'training_days': 240, 'n_estimators': 103, 'max_depth': 5, 'num_leaves': 52, 'learning_rate': 0.06746437142284309, 'subsample': 0.8854835899772805, 'colsample_bytree': 0.7468977981821954, 'min_child_samples': 62, 'reg_alpha': 7.04480806377519e-05, 'reg_lambda': 1.6934490731313353e-08}. Best is trial 3 with value: 0.10396029910641073.
[I 2026-06-01 11:07:45,753] Trial 9 finished with value: -0.0498682148966703 and parameters: {'confidence_threshold': 0.5377619994476566, 'training_days': 20, 'n_estimators': 337, 'max_depth': 3, 'num_leaves': 39, 'learning_rate': 0.21907142272152816, 'subsample': 0.6246461145744375, 'colsample_bytree': 0.7051914615178149, 'min_child_samples': 81, 'reg_alpha': 1.1459970229341322e-06, 'reg_lambda': 4.929685216887945e-08}. Best is trial 3 with value: 0.10396029910641073.
[I 2026-06-01 11:07:46,242] Trial 10 finished with value: 0.06634524883206637 and parameters: {'confidence_threshold': 0.7301111584710253, 'training_days': 350, 'n_estimators': 487, 'max_depth': 4, 'num_leaves': 15, 'learning_rate': 0.1457937958927628, 'subsample': 0.6806559982209046, 'colsample_bytree': 0.5055805119629307, 'min_child_samples': 27, 'reg_alpha': 1.290626345465208e-08, 'reg_lambda': 8.530248590348572}. Best is trial 3 with value: 0.10396029910641073.
[I 2026-06-01 11:07:46,752] Trial 11 finished with value: 0.02280130684635776 and parameters: {'confidence_threshold': 0.7362794324400819, 'training_days': 330, 'n_estimators': 496, 'max_depth': 4, 'num_leaves': 15, 'learning_rate': 0.14177216111406155, 'subsample': 0.6743595107582037, 'colsample_bytree': 0.5039870416163934, 'min_child_samples': 20, 'reg_alpha': 3.5096213893268635e-08, 'reg_lambda': 9.74477562314831}. Best is trial 3 with value: 0.10396029910641073.
[I 2026-06-01 11:07:47,298] Trial 12 finished with value: 0.06702768994580946 and parameters: {'confidence_threshold': 0.7402470365775221, 'training_days': 480, 'n_estimators': 496, 'max_depth': 4, 'num_leaves': 15, 'learning_rate': 0.11263608439461861, 'subsample': 0.7105018827142541, 'colsample_bytree': 0.5911003516115678, 'min_child_samples': 20, 'reg_alpha': 1.0524096299506304e-08, 'reg_lambda': 4.003840793237736}. Best is trial 3 with value: 0.10396029910641073.
[I 2026-06-01 11:07:47,615] Trial 13 finished with value: 0.09366534135398707 and parameters: {'confidence_threshold': 0.7580589104811098, 'training_days': 500, 'n_estimators': 418, 'max_depth': 3, 'num_leaves': 62, 'learning_rate': 0.10036282443683886, 'subsample': 0.80945044127286, 'colsample_bytree': 0.6153580117029225, 'min_child_samples': 33, 'reg_alpha': 5.455813891552554e-05, 'reg_lambda': 0.28046103645031734}. Best is trial 3 with value: 0.10396029910641073.
[I 2026-06-01 11:07:47,901] Trial 14 finished with value: 0.07708386942790149 and parameters: {'confidence_threshold': 0.7871652886153421, 'training_days': 500, 'n_estimators': 404, 'max_depth': 3, 'num_leaves': 60, 'learning_rate': 0.08830587574621251, 'subsample': 0.8359838068685823, 'colsample_bytree': 0.6139433403708726, 'min_child_samples': 37, 'reg_alpha': 5.164138300371908e-05, 'reg_lambda': 0.12941910458137024}. Best is trial 3 with value: 0.10396029910641073.
[I 2026-06-01 11:07:48,202] Trial 15 finished with value: 0.04245200306629966 and parameters: {'confidence_threshold': 0.675007107457087, 'training_days': 420, 'n_estimators': 410, 'max_depth': 3, 'num_leaves': 61, 'learning_rate': 0.28159396606209086, 'subsample': 0.8889238245183112, 'colsample_bytree': 0.8100744538922787, 'min_child_samples': 55, 'reg_alpha': 0.0010910313547730884, 'reg_lambda': 1.9323898549725027e-05}. Best is trial 3 with value: 0.10396029910641073.
[I 2026-06-01 11:07:48,412] Trial 16 finished with value: 0.05126461250617369 and parameters: {'confidence_threshold': 0.7746852004910774, 'training_days': 270, 'n_estimators': 310, 'max_depth': 3, 'num_leaves': 31, 'learning_rate': 0.08299811057278714, 'subsample': 0.9974679794289691, 'colsample_bytree': 0.5761387305011832, 'min_child_samples': 34, 'reg_alpha': 1.4265190668396109e-05, 'reg_lambda': 0.23529158002820744}. Best is trial 3 with value: 0.10396029910641073.
[I 2026-06-01 11:07:48,686] Trial 17 finished with value: 0.0084907927620529 and parameters: {'confidence_threshold': 0.6755099553978283, 'training_days': 430, 'n_estimators': 446, 'max_depth': 3, 'num_leaves': 53, 'learning_rate': 0.010425658055299656, 'subsample': 0.8356906074883281, 'colsample_bytree': 0.6505152466626335, 'min_child_samples': 93, 'reg_alpha': 5.411756918227463, 'reg_lambda': 2.102122925720802e-05}. Best is trial 3 with value: 0.10396029910641073.
[I 2026-06-01 11:07:49,112] A new study created in memory with name: no-name-3783ff37-d5ef-4522-b30b-7a55de45cbd1
[I 2026-06-01 11:07:49,212] Trial 0 finished with value: 0.006532341484942255 and parameters: {'confidence_threshold': 0.7437642149592516, 'training_days': 150, 'n_estimators': 152, 'max_depth': 4, 'num_leaves': 50, 'learning_rate': 0.04216766425047743, 'subsample': 0.9903820991923078, 'colsample_bytree': 0.8424148692924316, 'min_child_samples': 58, 'reg_alpha': 3.381097259762742e-05, 'reg_lambda': 1.2263152961306247e-05}. Best is trial 0 with value: 0.006532341484942255.
[I 2026-06-01 11:07:49,284] Trial 1 finished with value: -0.18337125157051865 and parameters: {'confidence_threshold': 0.7551673975844145, 'training_days': 220, 'n_estimators': 76, 'max_depth': 4, 'num_leaves': 51, 'learning_rate': 0.018602118810743477, 'subsample': 0.5877258780737462, 'colsample_bytree': 0.7657756869209191, 'min_child_samples': 63, 'reg_alpha': 0.005123994170264194, 'reg_lambda': 0.44145470178120466}. Best is trial 0 with value: 0.006532341484942255.
[I 2026-06-01 11:07:49,551] Trial 2 finished with value: 0.03332175460698612 and parameters: {'confidence_threshold': 0.7535593637012223, 'training_days': 310, 'n_estimators': 375, 'max_depth': 3, 'num_leaves': 32, 'learning_rate': 0.021735641882032388, 'subsample': 0.6468570231944146, 'colsample_bytree': 0.8154880619272439, 'min_child_samples': 27, 'reg_alpha': 8.004064028491336e-05, 'reg_lambda': 7.546835261630524e-05}. Best is trial 2 with value: 0.03332175460698612.
[I 2026-06-01 11:07:49,725] Trial 3 finished with value: 0.08916603853354174 and parameters: {'confidence_threshold': 0.6727897841776072, 'training_days': 220, 'n_estimators': 190, 'max_depth': 4, 'num_leaves': 58, 'learning_rate': 0.24810689332636193, 'subsample': 0.7509183379421682, 'colsample_bytree': 0.8119764758960556, 'min_child_samples': 29, 'reg_alpha': 7.1708285081421445e-06, 'reg_lambda': 5.412973582738627e-05}. Best is trial 3 with value: 0.08916603853354174.
[I 2026-06-01 11:07:49,841] Trial 4 finished with value: 0.06892932051252247 and parameters: {'confidence_threshold': 0.803208205259178, 'training_days': 130, 'n_estimators': 267, 'max_depth': 5, 'num_leaves': 40, 'learning_rate': 0.08041175317374143, 'subsample': 0.5603143329951619, 'colsample_bytree': 0.9131704002534167, 'min_child_samples': 68, 'reg_alpha': 0.0008046593428183385, 'reg_lambda': 1.2158346158765583e-05}. Best is trial 3 with value: 0.08916603853354174.
[I 2026-06-01 11:07:50,080] Trial 5 finished with value: 0.09743194764545389 and parameters: {'confidence_threshold': 0.6064422761595144, 'training_days': 210, 'n_estimators': 357, 'max_depth': 5, 'num_leaves': 40, 'learning_rate': 0.0974221287220869, 'subsample': 0.7929682762811064, 'colsample_bytree': 0.8124517510478, 'min_child_samples': 74, 'reg_alpha': 0.3811377260781234, 'reg_lambda': 5.607314238392041e-08}. Best is trial 5 with value: 0.09743194764545389.
[I 2026-06-01 11:07:50,192] Trial 6 finished with value: 0.006542456722780132 and parameters: {'confidence_threshold': 0.7672889945051684, 'training_days': 130, 'n_estimators': 137, 'max_depth': 4, 'num_leaves': 19, 'learning_rate': 0.2031117614248665, 'subsample': 0.8136244860256343, 'colsample_bytree': 0.8617081790949774, 'min_child_samples': 21, 'reg_alpha': 0.002238138278733199, 'reg_lambda': 0.001025809534977322}. Best is trial 5 with value: 0.09743194764545389.
[I 2026-06-01 11:07:50,258] Trial 7 finished with value: -0.05755300135330167 and parameters: {'confidence_threshold': 0.555635875450653, 'training_days': 80, 'n_estimators': 363, 'max_depth': 3, 'num_leaves': 48, 'learning_rate': 0.06590089024008658, 'subsample': 0.6944752870615722, 'colsample_bytree': 0.962566244806993, 'min_child_samples': 88, 'reg_alpha': 1.6465620446426067e-05, 'reg_lambda': 2.4678750890085655e-08}. Best is trial 5 with value: 0.09743194764545389.
[I 2026-06-01 11:07:50,586] Trial 8 finished with value: 0.07018671469687024 and parameters: {'confidence_threshold': 0.6066688256938841, 'training_days': 200, 'n_estimators': 367, 'max_depth': 5, 'num_leaves': 32, 'learning_rate': 0.13377519215934996, 'subsample': 0.7965884582811106, 'colsample_bytree': 0.8458508993500886, 'min_child_samples': 32, 'reg_alpha': 3.889436043816386e-05, 'reg_lambda': 1.4713062489380356e-06}. Best is trial 5 with value: 0.09743194764545389.
[I 2026-06-01 11:07:50,782] Trial 9 finished with value: 0.0011279523165962826 and parameters: {'confidence_threshold': 0.6202096049169137, 'training_days': 260, 'n_estimators': 350, 'max_depth': 3, 'num_leaves': 21, 'learning_rate': 0.02989540198065364, 'subsample': 0.8307821683331218, 'colsample_bytree': 0.923253112635361, 'min_child_samples': 64, 'reg_alpha': 0.4898604619604203, 'reg_lambda': 2.9076377687066166e-05}. Best is trial 5 with value: 0.09743194764545389.
[I 2026-06-01 11:07:51,163] Trial 10 finished with value: 0.04680166191696454 and parameters: {'confidence_threshold': 0.5342665212695602, 'training_days': 470, 'n_estimators': 493, 'max_depth': 5, 'num_leaves': 63, 'learning_rate': 0.010221918552934462, 'subsample': 0.9166551855891288, 'colsample_bytree': 0.6202684210924141, 'min_child_samples': 99, 'reg_alpha': 2.371385268938747e-08, 'reg_lambda': 8.795022395727933e-08}. Best is trial 5 with value: 0.09743194764545389.
[I 2026-06-01 11:07:51,284] Trial 11 finished with value: 0.06285584123308002 and parameters: {'confidence_threshold': 0.672304345793606, 'training_days': 360, 'n_estimators': 240, 'max_depth': 4, 'num_leaves': 62, 'learning_rate': 0.2959690066750305, 'subsample': 0.7286462650868973, 'colsample_bytree': 0.6778283959364831, 'min_child_samples': 45, 'reg_alpha': 5.52148235930095, 'reg_lambda': 0.0022911255190591596}. Best is trial 5 with value: 0.09743194764545389.
[I 2026-06-01 11:07:51,314] Trial 12 finished with value: -1.9858096264597573 and parameters: {'confidence_threshold': 0.6727899930733724, 'training_days': 20, 'n_estimators': 208, 'max_depth': 5, 'num_leaves': 41, 'learning_rate': 0.11827280733062773, 'subsample': 0.8941395335595879, 'colsample_bytree': 0.5196457038790347, 'min_child_samples': 78, 'reg_alpha': 1.6619318482295187e-07, 'reg_lambda': 0.051526394573570326}. Best is trial 5 with value: 0.09743194764545389.
[I 2026-06-01 11:07:51,712] Trial 13 finished with value: 0.04767462718301179 and parameters: {'confidence_threshold': 0.6105977368086821, 'training_days': 360, 'n_estimators': 475, 'max_depth': 4, 'num_leaves': 56, 'learning_rate': 0.17046417675278192, 'subsample': 0.6692276593280039, 'colsample_bytree': 0.7127943105272387, 'min_child_samples': 49, 'reg_alpha': 0.14818704307411545, 'reg_lambda': 5.861666272128618e-07}. Best is trial 5 with value: 0.09743194764545389.
[I 2026-06-01 11:07:51,914] Trial 14 finished with value: 0.028472818293044756 and parameters: {'confidence_threshold': 0.6968624890517784, 'training_days': 280, 'n_estimators': 184, 'max_depth': 5, 'num_leaves': 30, 'learning_rate': 0.26508115524576814, 'subsample': 0.762401725462525, 'colsample_bytree': 0.7704425590179644, 'min_child_samples': 40, 'reg_alpha': 8.955273563402083e-07, 'reg_lambda': 0.004035661953147541}. Best is trial 5 with value: 0.09743194764545389.
[I 2026-06-01 11:07:52,154] Trial 15 finished with value: 0.0462445940707347 and parameters: {'confidence_threshold': 0.5026055290809989, 'training_days': 440, 'n_estimators': 300, 'max_depth': 4, 'num_leaves': 44, 'learning_rate': 0.08917594676785659, 'subsample': 0.507007918467014, 'colsample_bytree': 0.6337595094051601, 'min_child_samples': 78, 'reg_alpha': 0.01828979793574368, 'reg_lambda': 3.5532501480887757}. Best is trial 5 with value: 0.09743194764545389.
[I 2026-06-01 11:07:52,386] Trial 16 finished with value: 0.08785746882415567 and parameters: {'confidence_threshold': 0.6401191662749537, 'training_days': 190, 'n_estimators': 442, 'max_depth': 4, 'num_leaves': 57, 'learning_rate': 0.04734750546511042, 'subsample': 0.8868474056204897, 'colsample_bytree': 0.7554523176622983, 'min_child_samples': 77, 'reg_alpha': 1.6323832176782968e-06, 'reg_lambda': 4.2073731218715255e-07}. Best is trial 5 with value: 0.09743194764545389.
