[I 2026-06-01 11:05:24,630] Trial 7 finished with value: 0.025018144981510827 and parameters: {'confidence_threshold': 0.5497381024139926, 'training_days': 120, 'n_estimators': 408, 'max_depth': 5, 'num_leaves': 38, 'learning_rate': 0.28049122657745795, 'subsample': 0.8806573338635493, 'colsample_bytree': 0.5454054113547102, 'min_child_samples': 63, 'reg_alpha': 0.01263008637940408, 'reg_lambda': 0.04588020805366937}. Best is trial 1 with value: 0.057537239926688966.
[I 2026-06-01 11:05:24,903] Trial 8 finished with value: -0.01908915623097825 and parameters: {'confidence_threshold': 0.719644804808716, 'training_days': 450, 'n_estimators': 410, 'max_depth': 4, 'num_leaves': 57, 'learning_rate': 0.04022026551478857, 'subsample': 0.5336085426932707, 'colsample_bytree': 0.5705742850577543, 'min_child_samples': 100, 'reg_alpha': 5.916398047912201e-07, 'reg_lambda': 0.9794034214488329}. Best is trial 1 with value: 0.057537239926688966.
[I 2026-06-01 11:05:24,927] Trial 9 finished with value: -6.080306084793589 and parameters: {'confidence_threshold': 0.7267463643917187, 'training_days': 20, 'n_estimators': 337, 'max_depth': 5, 'num_leaves': 23, 'learning_rate': 0.022153031811454605, 'subsample': 0.6305627572358737, 'colsample_bytree': 0.6613413774216214, 'min_child_samples': 81, 'reg_alpha': 5.7638634029410314e-08, 'reg_lambda': 8.26603016764008}. Best is trial 1 with value: 0.057537239926688966.
[I 2026-06-01 11:05:25,084] Trial 10 finished with value: -8.047092142177556 and parameters: {'confidence_threshold': 0.8398533911817929, 'training_days': 320, 'n_estimators': 181, 'max_depth': 4, 'num_leaves': 15, 'learning_rate': 0.013684491588422613, 'subsample': 0.7320664585010437, 'colsample_bytree': 0.9944479338273263, 'min_child_samples': 74, 'reg_alpha': 4.136971884522066e-05, 'reg_lambda': 1.4599322889399585e-08}. Best is trial 1 with value: 0.057537239926688966.
[I 2026-06-01 11:05:25,356] Trial 11 finished with value: 0.045202462185203594 and parameters: {'confidence_threshold': 0.5379676273538253, 'training_days': 170, 'n_estimators': 478, 'max_depth': 5, 'num_leaves': 30, 'learning_rate': 0.2561985363919312, 'subsample': 0.7818221139479186, 'colsample_bytree': 0.8724278937851807, 'min_child_samples': 64, 'reg_alpha': 0.005499191077847832, 'reg_lambda': 0.00647465266809438}. Best is trial 1 with value: 0.057537239926688966.
[I 2026-06-01 11:05:25,702] Trial 12 finished with value: 0.009293613112019834 and parameters: {'confidence_threshold': 0.5122990609045455, 'training_days': 210, 'n_estimators': 490, 'max_depth': 5, 'num_leaves': 28, 'learning_rate': 0.09479229400850783, 'subsample': 0.7554010767848054, 'colsample_bytree': 0.8940271114037266, 'min_child_samples': 64, 'reg_alpha': 0.00012116501730499813, 'reg_lambda': 0.0022105109201275095}. Best is trial 1 with value: 0.057537239926688966.
[I 2026-06-01 11:05:25,778] Trial 13 finished with value: -0.013617411918612798 and parameters: {'confidence_threshold': 0.6308026073906248, 'training_days': 350, 'n_estimators': 51, 'max_depth': 5, 'num_leaves': 55, 'learning_rate': 0.2897753227091269, 'subsample': 0.7418566148836822, 'colsample_bytree': 0.8660360583246522, 'min_child_samples': 85, 'reg_alpha': 0.0031388183279501387, 'reg_lambda': 1.365367432655861e-06}. Best is trial 1 with value: 0.057537239926688966.
[I 2026-06-01 11:05:26,074] Trial 14 finished with value: 0.052768164048960745 and parameters: {'confidence_threshold': 0.510923935608657, 'training_days': 170, 'n_estimators': 500, 'max_depth': 4, 'num_leaves': 31, 'learning_rate': 0.13488637664180808, 'subsample': 0.7896878052987175, 'colsample_bytree': 0.988495325225795, 'min_child_samples': 57, 'reg_alpha': 7.802128548199889e-06, 'reg_lambda': 0.0025446837785191097}. Best is trial 1 with value: 0.057537239926688966.
[I 2026-06-01 11:05:26,303] Trial 15 finished with value: 0.025025820006503753 and parameters: {'confidence_threshold': 0.7829525506318393, 'training_days': 250, 'n_estimators': 278, 'max_depth': 4, 'num_leaves': 18, 'learning_rate': 0.11846639022528632, 'subsample': 0.9726167242480221, 'colsample_bytree': 0.9945567680579601, 'min_child_samples': 51, 'reg_alpha': 7.169838037160794e-06, 'reg_lambda': 2.582339790441249e-06}. Best is trial 1 with value: 0.057537239926688966.
[I 2026-06-01 11:05:26,433] Trial 16 finished with value: 0.030485451767277044 and parameters: {'confidence_threshold': 0.6115023506609063, 'training_days': 380, 'n_estimators': 125, 'max_depth': 4, 'num_leaves': 35, 'learning_rate': 0.06378811953914684, 'subsample': 0.6577011495975604, 'colsample_bytree': 0.9373223525891455, 'min_child_samples': 73, 'reg_alpha': 6.368225173663484e-06, 'reg_lambda': 0.000855876310048679}. Best is trial 1 with value: 0.057537239926688966.

    [trial 17] 46 features, training_days=180 | threshold=0.778 | labels: 1034 long, 1137 short (48/52%)
    [trial 17] Sharpe=0.0093 (folds: -0.0286, 0.0662, -0.0050, -0.0165, 0.0303)
  Optuna: 18 trials, best Sharpe = 0.0625
  Best params: n_estimators=59, max_depth=3, lr=0.0387, leaves=54
  Best confidence_threshold: 0.768
  Best training_days: 140
  Retrained on full data (420 samples, 46 features)
  [ensemble 2/3] seed=123
    [trial 0] 46 features, training_days=150 | threshold=0.744 | labels: 1034 long, 1137 short (48/52%)
    [CV fold 0] train_end=2022-10-23 08:00 | val_start=2022-10-31 00:00 | gap=184h (22 rows)
    [CV fold 1] train_end=2023-02-20 16:00 | val_start=2023-02-28 08:00 | gap=184h (22 rows)
    [CV fold 2] train_end=2023-06-21 00:00 | val_start=2023-06-28 16:00 | gap=184h (22 rows)
    [CV fold 3] train_end=2023-10-19 08:00 | val_start=2023-10-27 00:00 | gap=184h (22 rows)
    [CV fold 4] train_end=2024-02-16 16:00 | val_start=2024-02-24 08:00 | gap=184h (22 rows)
    [trial 0] Sharpe=0.0351 (folds: 0.0040, 0.0239, 0.0675, 0.1504, -0.0705)
    [trial 1] 46 features, training_days=220 | threshold=0.755 | labels: 1034 long, 1137 short (48/52%)
    [trial 1] Sharpe=-4.0538 (folds: -0.2403, -10.0000, -10.0000, 0.7516, -0.7800)
    [trial 2] 46 features, training_days=310 | threshold=0.754 | labels: 1034 long, 1137 short (48/52%)
    [trial 2] Sharpe=0.0766 (folds: -0.1025, -0.0528, 0.0222, 0.2875, 0.2285)
    [trial 3] 46 features, training_days=220 | threshold=0.673 | labels: 1034 long, 1137 short (48/52%)
    [trial 3] Sharpe=-0.0269 (folds: -0.0295, -0.0714, -0.0215, -0.0451, 0.0332)
    [trial 4] 46 features, training_days=130 | threshold=0.803 | labels: 1034 long, 1137 short (48/52%)
    [trial 4] Sharpe=0.0541 (folds: 0.0358, -0.0720, 0.0556, 0.1809, 0.0704)
    [trial 5] 46 features, training_days=210 | threshold=0.606 | labels: 1034 long, 1137 short (48/52%)
    [trial 5] Sharpe=0.0526 (folds: 0.1076, 0.0110, 0.0425, 0.0251, 0.0768)
    [trial 6] 46 features, training_days=130 | threshold=0.767 | labels: 1034 long, 1137 short (48/52%)
    [trial 6] Sharpe=-0.0458 (folds: -0.0532, -0.0921, 0.0257, -0.1536, 0.0440)
    [trial 7] 46 features, training_days=80 | threshold=0.556 | labels: 1034 long, 1137 short (48/52%)
    [trial 7] Sharpe=-0.0619 (folds: 0.1682, -0.0019, -0.0582, -0.1744, -0.2433)
    [trial 8] 46 features, training_days=200 | threshold=0.607 | labels: 1034 long, 1137 short (48/52%)
    [trial 8] Sharpe=-0.0095 (folds: 0.0121, 0.0140, -0.0441, -0.0343, 0.0048)
    [trial 9] 46 features, training_days=260 | threshold=0.620 | labels: 1034 long, 1137 short (48/52%)
    [trial 9] Sharpe=0.0279 (folds: 0.0823, -0.1143, -0.0046, 0.0847, 0.0916)
    [trial 10] 46 features, training_days=420 | threshold=0.845 | labels: 1034 long, 1137 short (48/52%)
    [trial 10] Sharpe=-1.8972 (folds: -0.0263, 0.1515, -10.0000, -0.0241, 0.4129)
    [trial 11] 46 features, training_days=350 | threshold=0.837 | labels: 1034 long, 1137 short (48/52%)
    [trial 11] Sharpe=-0.0375 (folds: -0.5035, -0.0593, 0.4569, 0.2447, -0.3264)
    [trial 12] 46 features, training_days=330 | threshold=0.784 | labels: 1034 long, 1137 short (48/52%)
    [trial 12] Sharpe=0.0150 (folds: 0.0226, -0.0478, -0.0856, 0.0899, 0.0961)
    [trial 13] 46 features, training_days=10 | threshold=0.720 | labels: 1034 long, 1137 short (48/52%)
    [trial 13] Sharpe=0.0111 (folds: 0.0842, 0.0465, 0.0332, -0.1669, 0.0586)
    [trial 14] 46 features, training_days=490 | threshold=0.697 | labels: 1034 long, 1137 short (48/52%)
    [trial 14] Sharpe=-0.0342 (folds: 0.0265, -0.0734, -0.0572, -0.1344, 0.0674)
    [trial 15] 46 features, training_days=300 | threshold=0.807 | labels: 1034 long, 1137 short (48/52%)
    [trial 15] Sharpe=0.0522 (folds: -0.0586, 0.0789, 0.1126, 0.1435, -0.0152)
    [trial 16] 46 features, training_days=390 | threshold=0.671 | labels: 1034 long, 1137 short (48/52%)
    [trial 16] Sharpe=0.0622 (folds: 0.0130, -0.0273, 0.1228, 0.1359, 0.0667)
    [trial 17] 46 features, training_days=410 | threshold=0.500 | labels: 1034 long, 1137 short (48/52%)
    [trial 17] Sharpe=-0.0388 (folds: -0.0773, -0.0302, -0.1406, 0.0391, 0.0152)
  Optuna: 18 trials, best Sharpe = 0.0766
  Best params: n_estimators=375, max_depth=3, lr=0.0217, leaves=32
  Best confidence_threshold: 0.754
  Best training_days: 310
  Retrained on full data (930 samples, 46 features)
  [ensemble 3/3] seed=456
    [trial 0] 46 features, training_days=90 | threshold=0.587 | labels: 1034 long, 1137 short (48/52%)
    [CV fold 0] train_end=2022-10-23 08:00 | val_start=2022-10-31 00:00 | gap=184h (22 rows)
    [CV fold 1] train_end=2023-02-20 16:00 | val_start=2023-02-28 08:00 | gap=184h (22 rows)
    [CV fold 2] train_end=2023-06-21 00:00 | val_start=2023-06-28 16:00 | gap=184h (22 rows)
    [CV fold 3] train_end=2023-10-19 08:00 | val_start=2023-10-27 00:00 | gap=184h (22 rows)
    [CV fold 4] train_end=2024-02-16 16:00 | val_start=2024-02-24 08:00 | gap=184h (22 rows)
    [trial 0] Sharpe=-0.0497 (folds: 0.0968, -0.0487, -0.0182, -0.1673, -0.1110)
    [trial 1] 46 features, training_days=290 | threshold=0.635 | labels: 1034 long, 1137 short (48/52%)
    [trial 1] Sharpe=0.0575 (folds: 0.0003, -0.1097, 0.0823, 0.2314, 0.0834)
    [trial 2] 46 features, training_days=10 | threshold=0.585 | labels: 1034 long, 1137 short (48/52%)
    [trial 2] Sharpe=0.0111 (folds: 0.0842, 0.0465, 0.0332, -0.1669, 0.0586)
    [trial 3] 46 features, training_days=220 | threshold=0.687 | labels: 1034 long, 1137 short (48/52%)
    [trial 3] Sharpe=0.0198 (folds: -0.0671, 0.1266, -0.0172, 0.1310, -0.0743)
    [trial 4] 46 features, training_days=300 | threshold=0.562 | labels: 1034 long, 1137 short (48/52%)
    [trial 4] Sharpe=0.0058 (folds: 0.0025, -0.0032, -0.0262, 0.1173, -0.0617)
    [trial 5] 46 features, training_days=490 | threshold=0.711 | labels: 1034 long, 1137 short (48/52%)
    [trial 5] Sharpe=-0.0365 (folds: 0.0178, -0.0476, -0.1617, -0.1233, 0.1325)
    [trial 6] 46 features, training_days=420 | threshold=0.667 | labels: 1034 long, 1137 short (48/52%)
    [trial 6] Sharpe=-0.0243 (folds: -0.0228, -0.0849, -0.0538, 0.0370, 0.0027)
    [trial 7] 46 features, training_days=120 | threshold=0.550 | labels: 1034 long, 1137 short (48/52%)
    [trial 7] Sharpe=0.0250 (folds: 0.0407, 0.0206, -0.0146, 0.0778, 0.0006)
    [trial 8] 46 features, training_days=450 | threshold=0.720 | labels: 1034 long, 1137 short (48/52%)
    [trial 8] Sharpe=-0.0191 (folds: 0.0257, -0.0801, -0.0492, -0.0446, 0.0528)
    [trial 9] 46 features, training_days=20 | threshold=0.727 | labels: 1034 long, 1137 short (48/52%)
    [trial 9] Sharpe=-6.0803 (folds: -10.0000, -10.0000, -0.1261, -10.0000, -0.2755)
    [trial 10] 46 features, training_days=320 | threshold=0.840 | labels: 1034 long, 1137 short (48/52%)
    [trial 10] Sharpe=-8.0471 (folds: -0.2355, -10.0000, -10.0000, -10.0000, -10.0000)
    [trial 11] 46 features, training_days=170 | threshold=0.538 | labels: 1034 long, 1137 short (48/52%)
    [trial 11] Sharpe=0.0452 (folds: 0.0529, 0.1055, 0.0156, 0.0140, 0.0380)
    [trial 12] 46 features, training_days=210 | threshold=0.512 | labels: 1034 long, 1137 short (48/52%)
    [trial 12] Sharpe=0.0093 (folds: 0.0573, -0.0236, -0.0276, -0.0195, 0.0598)
    [trial 13] 46 features, training_days=350 | threshold=0.631 | labels: 1034 long, 1137 short (48/52%)
    [trial 13] Sharpe=-0.0136 (folds: 0.0339, -0.0498, -0.0532, -0.0545, 0.0555)
    [trial 14] 46 features, training_days=170 | threshold=0.511 | labels: 1034 long, 1137 short (48/52%)
    [trial 14] Sharpe=0.0528 (folds: 0.0392, 0.0969, 0.0891, 0.0241, 0.0145)
    [trial 15] 46 features, training_days=250 | threshold=0.783 | labels: 1034 long, 1137 short (48/52%)
    [trial 15] Sharpe=0.0250 (folds: 0.0347, -0.0205, 0.0237, -0.0459, 0.1331)
    [trial 16] 46 features, training_days=380 | threshold=0.612 | labels: 1034 long, 1137 short (48/52%)
    [trial 16] Sharpe=0.0305 (folds: 0.0493, -0.0824, -0.0954, 0.1745, 0.1065)
    [trial 17] 46 features, training_days=150 | threshold=0.500 | labels: 1034 long, 1137 short (48/52%)
    [trial 17] Sharpe=0.0078 (folds: 0.0597, -0.0442, 0.0076, 0.0497, -0.0338)[I 2026-06-01 11:05:26,556] Trial 17 finished with value: 0.007774370794266401 and parameters: {'confidence_threshold': 0.5002730911541996, 'training_days': 150, 'n_estimators': 178, 'max_depth': 4, 'num_leaves': 51, 'learning_rate': 0.11216781969218748, 'subsample': 0.8166496944734324, 'colsample_bytree': 0.9442470845174052, 'min_child_samples': 53, 'reg_alpha': 5.589851042002775e-06, 'reg_lambda': 7.460669923787088e-07}. Best is trial 1 with value: 0.057537239926688966.
[I 2026-06-01 11:05:27,110] A new study created in memory with name: no-name-20a62089-469d-4bc5-bae2-4b2b8bfd7513
[I 2026-06-01 11:05:27,449] Trial 0 finished with value: -0.02793957342980844 and parameters: {'confidence_threshold': 0.6310890415965769, 'training_days': 480, 'n_estimators': 380, 'max_depth': 4, 'num_leaves': 22, 'learning_rate': 0.01699897838270077, 'subsample': 0.5290418060840998, 'colsample_bytree': 0.9330880728874675, 'min_child_samples': 68, 'reg_alpha': 0.023585940584142682, 'reg_lambda': 1.5320059381854043e-08}. Best is trial 0 with value: -0.02793957342980844.
[I 2026-06-01 11:05:27,558] Trial 1 finished with value: -4.0626576583008545 and parameters: {'confidence_threshold': 0.839468448256698, 'training_days': 420, 'n_estimators': 145, 'max_depth': 3, 'num_leaves': 23, 'learning_rate': 0.028145092716060652, 'subsample': 0.762378215816119, 'colsample_bytree': 0.7159725093210578, 'min_child_samples': 43, 'reg_alpha': 0.0032112643094417484, 'reg_lambda': 1.8007140198129195e-07}. Best is trial 0 with value: -0.02793957342980844.
[I 2026-06-01 11:05:27,711] Trial 2 finished with value: -0.05019210087465629 and parameters: {'confidence_threshold': 0.6022506269873263, 'training_days': 190, 'n_estimators': 255, 'max_depth': 5, 'num_leaves': 24, 'learning_rate': 0.05748924681991978, 'subsample': 0.7962072844310213, 'colsample_bytree': 0.5232252063599989, 'min_child_samples': 69, 'reg_alpha': 3.425445902633376e-07, 'reg_lambda': 3.850031979199519e-08}. Best is trial 0 with value: -0.02793957342980844.
[I 2026-06-01 11:05:27,978] Trial 3 finished with value: -0.08180735989416413 and parameters: {'confidence_threshold': 0.8321099380386666, 'training_days': 490, 'n_estimators': 414, 'max_depth': 3, 'num_leaves': 19, 'learning_rate': 0.1024932221692416, 'subsample': 0.7200762468698007, 'colsample_bytree': 0.5610191174223894, 'min_child_samples': 60, 'reg_alpha': 2.039373116525212e-08, 'reg_lambda': 1.527156759251193}. Best is trial 0 with value: -0.02793957342980844.
[I 2026-06-01 11:05:28,133] Trial 4 finished with value: -0.09595975101223661 and parameters: {'confidence_threshold': 0.5905729935600059, 'training_days': 340, 'n_estimators': 190, 'max_depth': 4, 'num_leaves': 41, 'learning_rate': 0.01875220945578641, 'subsample': 0.9847923138822793, 'colsample_bytree': 0.8875664116805573, 'min_child_samples': 96, 'reg_alpha': 1.1309571585271483, 'reg_lambda': 0.002404915432737351}. Best is trial 0 with value: -0.02793957342980844.
[I 2026-06-01 11:05:28,172] Trial 5 finished with value: -0.15518757119726115 and parameters: {'confidence_threshold': 0.8226559822580909, 'training_days': 50, 'n_estimators': 138, 'max_depth': 3, 'num_leaves': 30, 'learning_rate': 0.03750796359625606, 'subsample': 0.6356745158869479, 'colsample_bytree': 0.9143687545759647, 'min_child_samples': 48, 'reg_alpha': 3.376063348877853e-06, 'reg_lambda': 0.0007660634613082914}. Best is trial 0 with value: -0.02793957342980844.
[I 2026-06-01 11:05:28,285] Trial 6 finished with value: -0.03822814475589872 and parameters: {'confidence_threshold': 0.5493234787411669, 'training_days': 410, 'n_estimators': 83, 'max_depth': 5, 'num_leaves': 52, 'learning_rate': 0.019657448966046126, 'subsample': 0.5027610585618012, 'colsample_bytree': 0.9077307142274171, 'min_child_samples': 77, 'reg_alpha': 0.03639690979811287, 'reg_lambda': 0.08738424135626986}. Best is trial 0 with value: -0.02793957342980844.
[I 2026-06-01 11:05:28,376] Trial 7 finished with value: -0.06253480947622977 and parameters: {'confidence_threshold': 0.5259156281069316, 'training_days': 180, 'n_estimators': 102, 'max_depth': 5, 'num_leaves': 45, 'learning_rate': 0.030816017044468066, 'subsample': 0.5317791751430119, 'colsample_bytree': 0.6554911608578311, 'min_child_samples': 46, 'reg_alpha': 0.036851536911881845, 'reg_lambda': 0.005470376807480391}. Best is trial 0 with value: -0.02793957342980844.
[I 2026-06-01 11:05:28,485] Trial 8 finished with value: -0.03777989729990701 and parameters: {'confidence_threshold': 0.8105244599017143, 'training_days': 240, 'n_estimators': 103, 'max_depth': 5, 'num_leaves': 52, 'learning_rate': 0.06746437142284309, 'subsample': 0.8854835899772805, 'colsample_bytree': 0.7468977981821954, 'min_child_samples': 62, 'reg_alpha': 7.04480806377519e-05, 'reg_lambda': 1.6934490731313353e-08}. Best is trial 0 with value: -0.02793957342980844.
[I 2026-06-01 11:05:28,508] Trial 9 finished with value: -3.9874456899409765 and parameters: {'confidence_threshold': 0.5377619994476566, 'training_days': 20, 'n_estimators': 337, 'max_depth': 3, 'num_leaves': 39, 'learning_rate': 0.21907142272152816, 'subsample': 0.6246461145744375, 'colsample_bytree': 0.7051914615178149, 'min_child_samples': 81, 'reg_alpha': 1.1459970229341322e-06, 'reg_lambda': 4.929685216887945e-08}. Best is trial 0 with value: -0.02793957342980844.
[I 2026-06-01 11:05:29,047] Trial 10 finished with value: -0.090771840937499 and parameters: {'confidence_threshold': 0.6938635787372303, 'training_days': 350, 'n_estimators': 487, 'max_depth': 4, 'num_leaves': 15, 'learning_rate': 0.011407797829608154, 'subsample': 0.6277217293825994, 'colsample_bytree': 0.9880699499289975, 'min_child_samples': 27, 'reg_alpha': 8.536188349289, 'reg_lambda': 3.3639426888455256e-06}. Best is trial 0 with value: -0.02793957342980844.
[I 2026-06-01 11:05:29,265] Trial 11 finished with value: -0.02181721455072116 and parameters: {'confidence_threshold': 0.7192552477034038, 'training_days': 240, 'n_estimators': 291, 'max_depth': 4, 'num_leaves': 60, 'learning_rate': 0.08142580753149657, 'subsample': 0.9202578099039949, 'colsample_bytree': 0.8093560736802401, 'min_child_samples': 63, 'reg_alpha': 8.237157319612896e-05, 'reg_lambda': 7.868729181011707e-06}. Best is trial 11 with value: -0.02181721455072116.
[I 2026-06-01 11:05:29,402] Trial 12 finished with value: -0.11322746714641074 and parameters: {'confidence_threshold': 0.7131758522018106, 'training_days': 130, 'n_estimators': 333, 'max_depth': 4, 'num_leaves': 58, 'learning_rate': 0.14135653858285654, 'subsample': 0.9909352193037628, 'colsample_bytree': 0.8304278626461432, 'min_child_samples': 89, 'reg_alpha': 0.00016125340292331194, 'reg_lambda': 1.1546342853419127e-05}. Best is trial 11 with value: -0.02181721455072116.
[I 2026-06-01 11:05:29,624] Trial 13 finished with value: -0.0033673199343815254 and parameters: {'confidence_threshold': 0.7434763610421037, 'training_days': 300, 'n_estimators': 288, 'max_depth': 4, 'num_leaves': 62, 'learning_rate': 0.10275964799768898, 'subsample': 0.8690491710631163, 'colsample_bytree': 0.8155421717694826, 'min_child_samples': 72, 'reg_alpha': 0.0018379789999148, 'reg_lambda': 4.448098583586055e-06}. Best is trial 13 with value: -0.0033673199343815254.
[I 2026-06-01 11:05:29,799] Trial 14 finished with value: 0.006350402550311043 and parameters: {'confidence_threshold': 0.7534219751173105, 'training_days': 320, 'n_estimators': 213, 'max_depth': 4, 'num_leaves': 61, 'learning_rate': 0.10089707549755131, 'subsample': 0.8886175584914985, 'colsample_bytree': 0.8101605051133174, 'min_child_samples': 79, 'reg_alpha': 3.0760102081414946e-05, 'reg_lambda': 1.364294583804229e-05}. Best is trial 14 with value: 0.006350402550311043.
