[I 2026-06-01 11:02:21,381] Trial 9 finished with value: -0.12291332900461285 and parameters: {'confidence_threshold': 0.6202096049169137, 'training_days': 260, 'n_estimators': 350, 'max_depth': 3, 'num_leaves': 21, 'learning_rate': 0.02989540198065364, 'subsample': 0.8307821683331218, 'colsample_bytree': 0.923253112635361, 'min_child_samples': 64, 'reg_alpha': 0.4898604619604203, 'reg_lambda': 2.9076377687066166e-05}. Best is trial 3 with value: -0.06232205845312423.
[I 2026-06-01 11:02:21,763] Trial 10 finished with value: -0.07211782160448903 and parameters: {'confidence_threshold': 0.6756170272727778, 'training_days': 470, 'n_estimators': 493, 'max_depth': 4, 'num_leaves': 63, 'learning_rate': 0.010221918552934462, 'subsample': 0.9383547926937981, 'colsample_bytree': 0.6202684210924141, 'min_child_samples': 44, 'reg_alpha': 2.371385268938747e-08, 'reg_lambda': 0.015315426420116851}. Best is trial 3 with value: -0.06232205845312423.
[I 2026-06-01 11:02:21,790] Trial 11 finished with value: -0.020637651057811048 and parameters: {'confidence_threshold': 0.5076763476549723, 'training_days': 10, 'n_estimators': 245, 'max_depth': 3, 'num_leaves': 62, 'learning_rate': 0.2946534946081864, 'subsample': 0.6748876838908044, 'colsample_bytree': 0.984387885372814, 'min_child_samples': 100, 'reg_alpha': 2.5493772909886044e-07, 'reg_lambda': 1.003510323817704e-08}. Best is trial 11 with value: -0.020637651057811048.
[I 2026-06-01 11:02:21,824] Trial 12 finished with value: 0.031064982981959345 and parameters: {'confidence_threshold': 0.5161884948014132, 'training_days': 20, 'n_estimators': 223, 'max_depth': 3, 'num_leaves': 63, 'learning_rate': 0.268047120550583, 'subsample': 0.7042886966465641, 'colsample_bytree': 0.6669454130036883, 'min_child_samples': 100, 'reg_alpha': 1.6619318482295187e-07, 'reg_lambda': 4.1707563709879425e-07}. Best is trial 12 with value: 0.031064982981959345.
[I 2026-06-01 11:02:21,851] Trial 13 finished with value: -0.020637651057811048 and parameters: {'confidence_threshold': 0.5011448595898854, 'training_days': 10, 'n_estimators': 249, 'max_depth': 3, 'num_leaves': 63, 'learning_rate': 0.26048464418085054, 'subsample': 0.5024707401359401, 'colsample_bytree': 0.6357563568573675, 'min_child_samples': 95, 'reg_alpha': 2.8415788841060326e-08, 'reg_lambda': 3.0523674035427045e-07}. Best is trial 12 with value: 0.031064982981959345.
[I 2026-06-01 11:02:21,880] Trial 14 finished with value: 0.031064982981959345 and parameters: {'confidence_threshold': 0.513697161001424, 'training_days': 20, 'n_estimators': 208, 'max_depth': 3, 'num_leaves': 56, 'learning_rate': 0.1512033504583507, 'subsample': 0.6910068543918275, 'colsample_bytree': 0.5075347953647718, 'min_child_samples': 98, 'reg_alpha': 2.802918290921386e-07, 'reg_lambda': 1.9083146688331302e-08}. Best is trial 12 with value: 0.031064982981959345.
[I 2026-06-01 11:02:21,906] Trial 15 finished with value: -1.9973934532881805 and parameters: {'confidence_threshold': 0.5509581318366954, 'training_days': 60, 'n_estimators': 200, 'max_depth': 3, 'num_leaves': 56, 'learning_rate': 0.15609772767240296, 'subsample': 0.8867266516254395, 'colsample_bytree': 0.5093920150666754, 'min_child_samples': 83, 'reg_alpha': 8.163076843604847e-07, 'reg_lambda': 9.198652181809066e-07}. Best is trial 12 with value: 0.031064982981959345.
[I 2026-06-01 11:02:21,962] Trial 16 finished with value: -0.18910020027596613 and parameters: {'confidence_threshold': 0.5535677759809418, 'training_days': 350, 'n_estimators': 50, 'max_depth': 3, 'num_leaves': 54, 'learning_rate': 0.12736937199321433, 'subsample': 0.7311916895834284, 'colsample_bytree': 0.5043638726315274, 'min_child_samples': 82, 'reg_alpha': 8.16386122389738e-07, 'reg_lambda': 1.3657708871212717e-07}. Best is trial 12 with value: 0.031064982981959345.
[I 2026-06-01 11:02:22,004] Trial 17 finished with value: -0.08468627833657529 and parameters: {'confidence_threshold': 0.666488584837589, 'training_days': 70, 'n_estimators': 117, 'max_depth': 3, 'num_leaves': 45, 'learning_rate': 0.1688292048993886, 'subsample': 0.622413556138255, 'colsample_bytree': 0.6459446453574358, 'min_child_samples': 92, 'reg_alpha': 1.266736361465526e-08, 'reg_lambda': 0.0037064073885309176}. Best is trial 12 with value: 0.031064982981959345.
[I 2026-06-01 11:02:22,080] A new study created in memory with name: no-name-52b3dd71-2e82-44e6-b09f-c98c44f485b7

    [CV fold 4] train_end=2022-07-18 16:00 | val_start=2022-07-26 08:00 | gap=184h (22 rows)
    [trial 0] Sharpe=-0.0622 (folds: -0.0444, 0.1171, -0.0112, -0.1962, -0.1763)
    [trial 1] 46 features, training_days=420 | threshold=0.839 | labels: 1069 long, 1099 short (49/51%)
    [trial 1] Sharpe=-4.2678 (folds: -0.0104, -0.5073, -0.8215, -10.0000, -10.0000)
    [trial 2] 46 features, training_days=190 | threshold=0.602 | labels: 1069 long, 1099 short (49/51%)
    [trial 2] Sharpe=-0.1028 (folds: -0.0698, -0.0853, 0.0723, -0.1865, -0.2446)
    [trial 3] 46 features, training_days=490 | threshold=0.832 | labels: 1069 long, 1099 short (49/51%)
    [trial 3] Sharpe=-0.0903 (folds: -0.0170, 0.0905, -0.0393, -0.1773, -0.3084)
    [trial 4] 46 features, training_days=340 | threshold=0.591 | labels: 1069 long, 1099 short (49/51%)
    [trial 4] Sharpe=-0.1847 (folds: -0.1448, 0.0246, -0.0548, -0.4414, -0.3070)
    [trial 5] 46 features, training_days=50 | threshold=0.823 | labels: 1069 long, 1099 short (49/51%)
    [trial 5] Sharpe=-0.3714 (folds: -0.2145, -0.1676, -0.1922, -1.1590, -0.1239)
    [trial 6] 46 features, training_days=410 | threshold=0.549 | labels: 1069 long, 1099 short (49/51%)
    [trial 6] Sharpe=-0.0595 (folds: -0.0926, 0.1226, -0.1101, -0.3327, 0.1150)
    [trial 7] 46 features, training_days=180 | threshold=0.526 | labels: 1069 long, 1099 short (49/51%)
    [trial 7] Sharpe=-0.0678 (folds: -0.0442, 0.1557, -0.0610, -0.1611, -0.2284)
    [trial 8] 46 features, training_days=240 | threshold=0.811 | labels: 1069 long, 1099 short (49/51%)
    [trial 8] Sharpe=-0.1693 (folds: -0.0267, 0.0771, -0.0263, -0.2758, -0.5950)
    [trial 9] 46 features, training_days=20 | threshold=0.538 | labels: 1069 long, 1099 short (49/51%)
    [trial 9] Sharpe=-2.0061 (folds: -0.0560, -10.0000, 0.0219, 0.2482, -0.2446)
    [trial 10] 46 features, training_days=350 | threshold=0.738 | labels: 1069 long, 1099 short (49/51%)
    [trial 10] Sharpe=-0.1377 (folds: -0.0919, 0.2079, -0.0186, -0.4515, -0.3342)
    [trial 11] 46 features, training_days=480 | threshold=0.662 | labels: 1069 long, 1099 short (49/51%)
    [trial 11] Sharpe=-0.0241 (folds: -0.1317, 0.1231, -0.1337, -0.3222, 0.3439)
    [trial 12] 46 features, training_days=380 | threshold=0.693 | labels: 1069 long, 1099 short (49/51%)
    [trial 12] Sharpe=-0.0934 (folds: -0.0035, 0.0046, -0.2272, -0.7828, 0.5421)
    [trial 13] 46 features, training_days=430 | threshold=0.675 | labels: 1069 long, 1099 short (49/51%)
    [trial 13] Sharpe=-0.0628 (folds: -0.0504, 0.1092, -0.0549, -0.4000, 0.0820)
    [trial 14] 46 features, training_days=290 | threshold=0.747 | labels: 1069 long, 1099 short (49/51%)
    [trial 14] Sharpe=-7.9732 (folds: 0.1341, -10.0000, -10.0000, -10.0000, -10.0000)
    [trial 15] 46 features, training_days=500 | threshold=0.503 | labels: 1069 long, 1099 short (49/51%)
    [trial 15] Sharpe=-0.0659 (folds: -0.0389, 0.0292, -0.0260, -0.1693, -0.1247)
    [trial 16] 46 features, training_days=410 | threshold=0.571 | labels: 1069 long, 1099 short (49/51%)
    [trial 16] Sharpe=-0.0705 (folds: -0.0658, 0.0213, -0.0078, -0.2375, -0.0628)
    [trial 17] 46 features, training_days=290 | threshold=0.634 | labels: 1069 long, 1099 short (49/51%)
    [trial 17] Sharpe=-0.0978 (folds: -0.0297, 0.0826, -0.0043, -0.3298, -0.2080)
  Optuna: 18 trials, best Sharpe = -0.0241
  Best params: n_estimators=298, max_depth=4, lr=0.0103, leaves=55
  Best confidence_threshold: 0.662
  Best training_days: 480
  Retrained on full data (1440 samples, 46 features)
  [ensemble 2/3] seed=123
    [trial 0] 46 features, training_days=150 | threshold=0.744 | labels: 1069 long, 1099 short (49/51%)
    [CV fold 0] train_end=2021-03-24 08:00 | val_start=2021-04-01 00:00 | gap=184h (22 rows)
    [CV fold 1] train_end=2021-07-22 16:00 | val_start=2021-07-30 08:00 | gap=184h (22 rows)
    [CV fold 2] train_end=2021-11-20 00:00 | val_start=2021-11-27 16:00 | gap=184h (22 rows)
    [CV fold 3] train_end=2022-03-20 08:00 | val_start=2022-03-28 00:00 | gap=184h (22 rows)
    [CV fold 4] train_end=2022-07-18 16:00 | val_start=2022-07-26 08:00 | gap=184h (22 rows)
    [trial 0] Sharpe=-0.1591 (folds: -0.0054, -0.3054, -0.0805, -0.2558, -0.1486)
    [trial 1] 46 features, training_days=220 | threshold=0.755 | labels: 1069 long, 1099 short (49/51%)
    [trial 1] Sharpe=-2.0711 (folds: -0.0602, 0.0188, -0.1722, -0.1420, -10.0000)
    [trial 2] 46 features, training_days=310 | threshold=0.754 | labels: 1069 long, 1099 short (49/51%)
    [trial 2] Sharpe=-0.0681 (folds: -0.0353, 0.0756, 0.0350, -0.2129, -0.2030)
    [trial 3] 46 features, training_days=220 | threshold=0.673 | labels: 1069 long, 1099 short (49/51%)
    [trial 3] Sharpe=-0.0623 (folds: -0.0115, 0.0917, -0.0068, -0.1980, -0.1871)
    [trial 4] 46 features, training_days=130 | threshold=0.803 | labels: 1069 long, 1099 short (49/51%)
    [trial 4] Sharpe=-0.0780 (folds: -0.0229, -0.1403, 0.0202, -0.1409, -0.1062)
    [trial 5] 46 features, training_days=210 | threshold=0.606 | labels: 1069 long, 1099 short (49/51%)
    [trial 5] Sharpe=-0.0669 (folds: 0.0234, 0.0689, 0.0478, -0.1753, -0.2993)
    [trial 6] 46 features, training_days=130 | threshold=0.767 | labels: 1069 long, 1099 short (49/51%)
    [trial 6] Sharpe=-0.0870 (folds: -0.0021, -0.0541, 0.0136, -0.2587, -0.1336)
    [trial 7] 46 features, training_days=80 | threshold=0.556 | labels: 1069 long, 1099 short (49/51%)
    [trial 7] Sharpe=-0.0639 (folds: -0.1202, -0.0504, -0.0251, -0.1414, 0.0173)
    [trial 8] 46 features, training_days=200 | threshold=0.607 | labels: 1069 long, 1099 short (49/51%)
    [trial 8] Sharpe=-0.0746 (folds: -0.0263, 0.0830, 0.0376, -0.2652, -0.2023)
    [trial 9] 46 features, training_days=260 | threshold=0.620 | labels: 1069 long, 1099 short (49/51%)
    [trial 9] Sharpe=-0.1229 (folds: -0.0336, 0.0951, -0.0276, -0.2808, -0.3677)
    [trial 10] 46 features, training_days=470 | threshold=0.676 | labels: 1069 long, 1099 short (49/51%)
    [trial 10] Sharpe=-0.0721 (folds: -0.0610, 0.1422, -0.0556, -0.3529, -0.0333)
    [trial 11] 46 features, training_days=10 | threshold=0.508 | labels: 1069 long, 1099 short (49/51%)
    [trial 11] Sharpe=-0.0206 (folds: -0.0560, -0.0726, 0.0219, 0.2482, -0.2446)
    [trial 12] 46 features, training_days=20 | threshold=0.516 | labels: 1069 long, 1099 short (49/51%)
    [trial 12] Sharpe=0.0311 (folds: -0.0560, 0.1859, 0.0219, 0.2482, -0.2446)
    [trial 13] 46 features, training_days=10 | threshold=0.501 | labels: 1069 long, 1099 short (49/51%)
    [trial 13] Sharpe=-0.0206 (folds: -0.0560, -0.0726, 0.0219, 0.2482, -0.2446)
    [trial 14] 46 features, training_days=20 | threshold=0.514 | labels: 1069 long, 1099 short (49/51%)
    [trial 14] Sharpe=0.0311 (folds: -0.0560, 0.1859, 0.0219, 0.2482, -0.2446)
    [trial 15] 46 features, training_days=60 | threshold=0.551 | labels: 1069 long, 1099 short (49/51%)
    [trial 15] Sharpe=-1.9974 (folds: -0.0457, -0.0726, -0.0327, -10.0000, 0.1641)
    [trial 16] 46 features, training_days=350 | threshold=0.554 | labels: 1069 long, 1099 short (49/51%)
    [trial 16] Sharpe=-0.1891 (folds: -0.1417, -0.0511, -0.0634, -0.4114, -0.2779)
    [trial 17] 46 features, training_days=70 | threshold=0.666 | labels: 1069 long, 1099 short (49/51%)
    [trial 17] Sharpe=-0.0847 (folds: -0.0161, 0.0242, -0.1381, -0.3510, 0.0576)
  Optuna: 18 trials, best Sharpe = 0.0311
  Best params: n_estimators=223, max_depth=3, lr=0.2680, leaves=63
  Best confidence_threshold: 0.516
  Best training_days: 20
  Retrained on full data (60 samples, 46 features)
  [ensemble 3/3] seed=456
    [trial 0] 46 features, training_days=90 | threshold=0.587 | labels: 1069 long, 1099 short (49/51%)
    [CV fold 0] train_end=2021-03-24 08:00 | val_start=2021-04-01 00:00 | gap=184h (22 rows)
    [CV fold 1] train_end=2021-07-22 16:00 | val_start=2021-07-30 08:00 | gap=184h (22 rows)
    [CV fold 2] train_end=2021-11-20 00:00 | val_start=2021-11-27 16:00 | gap=184h (22 rows)
    [CV fold 3] train_end=2022-03-20 08:00 | val_start=2022-03-28 00:00 | gap=184h (22 rows)
    [CV fold 4] train_end=2022-07-18 16:00 | val_start=2022-07-26 08:00 | gap=184h (22 rows)[I 2026-06-01 11:02:22,252] Trial 0 finished with value: -0.10665574095051696 and parameters: {'confidence_threshold': 0.5870645682749857, 'training_days': 90, 'n_estimators': 403, 'max_depth': 5, 'num_leaves': 45, 'learning_rate': 0.0780457193679974, 'subsample': 0.9428509515574568, 'colsample_bytree': 0.8795587339164916, 'min_child_samples': 34, 'reg_alpha': 2.2465901234314442e-07, 'reg_lambda': 8.339007036475363e-05}. Best is trial 0 with value: -0.10665574095051696.
[I 2026-06-01 11:02:22,374] Trial 1 finished with value: -0.13729451396009146 and parameters: {'confidence_threshold': 0.6348453934275313, 'training_days': 290, 'n_estimators': 115, 'max_depth': 5, 'num_leaves': 37, 'learning_rate': 0.06949568759029946, 'subsample': 0.8228505074024268, 'colsample_bytree': 0.8616703220431751, 'min_child_samples': 75, 'reg_alpha': 4.2486822725010923e-07, 'reg_lambda': 1.157247767047042e-07}. Best is trial 0 with value: -0.10665574095051696.
[I 2026-06-01 11:02:22,392] Trial 2 finished with value: -0.020637651057811048 and parameters: {'confidence_threshold': 0.5849570384370288, 'training_days': 10, 'n_estimators': 212, 'max_depth': 3, 'num_leaves': 41, 'learning_rate': 0.18452095998378365, 'subsample': 0.6001060822924371, 'colsample_bytree': 0.5673167293506167, 'min_child_samples': 37, 'reg_alpha': 5.733250064217131, 'reg_lambda': 0.5308454292595461}. Best is trial 2 with value: -0.020637651057811048.
[I 2026-06-01 11:02:22,471] Trial 3 finished with value: -0.13943653342750806 and parameters: {'confidence_threshold': 0.6868248626683718, 'training_days': 220, 'n_estimators': 134, 'max_depth': 3, 'num_leaves': 45, 'learning_rate': 0.033529007907491595, 'subsample': 0.8647277071858408, 'colsample_bytree': 0.778494116634046, 'min_child_samples': 96, 'reg_alpha': 2.409409937265785e-07, 'reg_lambda': 1.1642073478060009}. Best is trial 2 with value: -0.020637651057811048.
[I 2026-06-01 11:02:22,562] Trial 4 finished with value: -0.05947479365074373 and parameters: {'confidence_threshold': 0.5623121348350352, 'training_days': 300, 'n_estimators': 69, 'max_depth': 4, 'num_leaves': 32, 'learning_rate': 0.14967629360700346, 'subsample': 0.5054535233636654, 'colsample_bytree': 0.7401385194659216, 'min_child_samples': 27, 'reg_alpha': 1.4212042567426725e-07, 'reg_lambda': 0.23605753701352003}. Best is trial 2 with value: -0.020637651057811048.
[I 2026-06-01 11:02:22,956] Trial 5 finished with value: -0.0457854221331729 and parameters: {'confidence_threshold': 0.7111850244908446, 'training_days': 490, 'n_estimators': 362, 'max_depth': 5, 'num_leaves': 40, 'learning_rate': 0.05960785724162737, 'subsample': 0.5589714368907717, 'colsample_bytree': 0.6659006943232806, 'min_child_samples': 42, 'reg_alpha': 0.6741360303045295, 'reg_lambda': 6.054601607143087e-08}. Best is trial 2 with value: -0.020637651057811048.
[I 2026-06-01 11:02:23,122] Trial 6 finished with value: -0.08240687294356981 and parameters: {'confidence_threshold': 0.667482545748023, 'training_days': 420, 'n_estimators': 279, 'max_depth': 3, 'num_leaves': 45, 'learning_rate': 0.040099592560849204, 'subsample': 0.8563114696415159, 'colsample_bytree': 0.5442917781944105, 'min_child_samples': 50, 'reg_alpha': 1.6407916423707903e-08, 'reg_lambda': 2.935907642973286e-05}. Best is trial 2 with value: -0.020637651057811048.
[I 2026-06-01 11:02:23,248] Trial 7 finished with value: -0.03456203065925264 and parameters: {'confidence_threshold': 0.5497381024139926, 'training_days': 120, 'n_estimators': 408, 'max_depth': 5, 'num_leaves': 38, 'learning_rate': 0.28049122657745795, 'subsample': 0.8806573338635493, 'colsample_bytree': 0.5454054113547102, 'min_child_samples': 63, 'reg_alpha': 0.01263008637940408, 'reg_lambda': 0.04588020805366937}. Best is trial 2 with value: -0.020637651057811048.
[I 2026-06-01 11:02:23,505] Trial 8 finished with value: -0.10975745551292057 and parameters: {'confidence_threshold': 0.719644804808716, 'training_days': 450, 'n_estimators': 410, 'max_depth': 4, 'num_leaves': 57, 'learning_rate': 0.04022026551478857, 'subsample': 0.5336085426932707, 'colsample_bytree': 0.5705742850577543, 'min_child_samples': 100, 'reg_alpha': 5.916398047912201e-07, 'reg_lambda': 0.9794034214488329}. Best is trial 2 with value: -0.020637651057811048.
[I 2026-06-01 11:02:23,525] Trial 9 finished with value: -3.9571897683390405 and parameters: {'confidence_threshold': 0.7267463643917187, 'training_days': 20, 'n_estimators': 337, 'max_depth': 5, 'num_leaves': 23, 'learning_rate': 0.022153031811454605, 'subsample': 0.6305627572358737, 'colsample_bytree': 0.6613413774216214, 'min_child_samples': 81, 'reg_alpha': 5.7638634029410314e-08, 'reg_lambda': 8.26603016764008}. Best is trial 2 with value: -0.020637651057811048.
[I 2026-06-01 11:02:23,551] Trial 10 finished with value: -1.9717181939183877 and parameters: {'confidence_threshold': 0.8398533911817929, 'training_days': 10, 'n_estimators': 228, 'max_depth': 3, 'num_leaves': 15, 'learning_rate': 0.2789359567293539, 'subsample': 0.6821883053833926, 'colsample_bytree': 0.9944479338273263, 'min_child_samples': 23, 'reg_alpha': 2.903134294418681, 'reg_lambda': 0.0032849428938367974}. Best is trial 2 with value: -0.020637651057811048.
[I 2026-06-01 11:02:23,698] Trial 11 finished with value: -0.05130593921593677 and parameters: {'confidence_threshold': 0.5379676273538253, 'training_days': 130, 'n_estimators': 478, 'max_depth': 4, 'num_leaves': 59, 'learning_rate': 0.27815973382833, 'subsample': 0.7482879406513064, 'colsample_bytree': 0.5017024210185925, 'min_child_samples': 61, 'reg_alpha': 0.01887359218610827, 'reg_lambda': 0.007687944390807006}. Best is trial 2 with value: -0.020637651057811048.
[I 2026-06-01 11:02:23,806] Trial 12 finished with value: -0.09298432307142299 and parameters: {'confidence_threshold': 0.5130417963578642, 'training_days': 140, 'n_estimators': 219, 'max_depth': 4, 'num_leaves': 30, 'learning_rate': 0.14143539714508013, 'subsample': 0.9912016966112274, 'colsample_bytree': 0.61438914085674, 'min_child_samples': 60, 'reg_alpha': 0.0004870983614399883, 'reg_lambda': 0.03692159575899657}. Best is trial 2 with value: -0.020637651057811048.
[I 2026-06-01 11:02:23,942] Trial 13 finished with value: -0.05298785462711329 and parameters: {'confidence_threshold': 0.6039951566848167, 'training_days': 80, 'n_estimators': 493, 'max_depth': 3, 'num_leaves': 52, 'learning_rate': 0.15892994284987041, 'subsample': 0.7312718920985939, 'colsample_bytree': 0.5041958904942243, 'min_child_samples': 51, 'reg_alpha': 0.035550834490780316, 'reg_lambda': 0.0010319863966731626}. Best is trial 2 with value: -0.020637651057811048.
[I 2026-06-01 11:02:24,093] Trial 14 finished with value: -0.05862842304015088 and parameters: {'confidence_threshold': 0.5057563615222779, 'training_days': 210, 'n_estimators': 280, 'max_depth': 4, 'num_leaves': 29, 'learning_rate': 0.10885680991659169, 'subsample': 0.6645302969208533, 'colsample_bytree': 0.6169150730757615, 'min_child_samples': 76, 'reg_alpha': 0.0005061136429986866, 'reg_lambda': 0.06643394643063585}. Best is trial 2 with value: -0.020637651057811048.
[I 2026-06-01 11:02:24,145] Trial 15 finished with value: -0.24118065471658662 and parameters: {'confidence_threshold': 0.6128597814252038, 'training_days': 70, 'n_estimators': 193, 'max_depth': 3, 'num_leaves': 51, 'learning_rate': 0.010017412216024365, 'subsample': 0.5924648827306374, 'colsample_bytree': 0.7134642947406897, 'min_child_samples': 67, 'reg_alpha': 9.435474323055907, 'reg_lambda': 2.582339790441249e-06}. Best is trial 2 with value: -0.020637651057811048.
[I 2026-06-01 11:02:24,364] Trial 16 finished with value: -0.06633464215889132 and parameters: {'confidence_threshold': 0.7809712285122007, 'training_days': 170, 'n_estimators': 341, 'max_depth': 5, 'num_leaves': 38, 'learning_rate': 0.2282900824595919, 'subsample': 0.812732803943093, 'colsample_bytree': 0.5820709598654734, 'min_child_samples': 43, 'reg_alpha': 0.06567392097554457, 'reg_lambda': 6.3852377157215425}. Best is trial 2 with value: -0.020637651057811048.
