[I 2026-06-01 11:09:21,848] Trial 14 finished with value: 0.03727478145188163 and parameters: {'confidence_threshold': 0.6486090535236667, 'training_days': 260, 'n_estimators': 216, 'max_depth': 4, 'num_leaves': 48, 'learning_rate': 0.04288858455753748, 'subsample': 0.5861503577385139, 'colsample_bytree': 0.6488741930067798, 'min_child_samples': 80, 'reg_alpha': 0.016435092915656313, 'reg_lambda': 0.07597426064842482}. Best is trial 1 with value: 0.14221147164695486.
[I 2026-06-01 11:09:22,021] Trial 15 finished with value: -0.0014892385491335398 and parameters: {'confidence_threshold': 0.5026055290809989, 'training_days': 440, 'n_estimators': 115, 'max_depth': 5, 'num_leaves': 56, 'learning_rate': 0.15656942328942874, 'subsample': 0.8938235914185146, 'colsample_bytree': 0.738971151174427, 'min_child_samples': 35, 'reg_alpha': 1.570172639790588e-06, 'reg_lambda': 0.0009493620074529468}. Best is trial 1 with value: 0.14221147164695486.
[I 2026-06-01 11:09:22,146] Trial 16 finished with value: 0.1917072363479056 and parameters: {'confidence_threshold': 0.8104188407338415, 'training_days': 210, 'n_estimators': 213, 'max_depth': 3, 'num_leaves': 45, 'learning_rate': 0.014080619158868648, 'subsample': 0.7311916895834284, 'colsample_bytree': 0.5489148768447338, 'min_child_samples': 56, 'reg_alpha': 3.433399905162048, 'reg_lambda': 7.115031423141183}. Best is trial 16 with value: 0.1917072363479056.
[I 2026-06-01 11:09:22,319] Trial 17 finished with value: -1.7323273613072168 and parameters: {'confidence_threshold': 0.8128009197751815, 'training_days': 320, 'n_estimators': 270, 'max_depth': 3, 'num_leaves': 44, 'learning_rate': 0.015132267922088103, 'subsample': 0.6469025511814537, 'colsample_bytree': 0.5225343572251958, 'min_child_samples': 57, 'reg_alpha': 7.284070645541434, 'reg_lambda': 5.003195313527476}. Best is trial 16 with value: 0.1917072363479056.
[I 2026-06-01 11:09:22,821] A new study created in memory with name: no-name-5bfaad44-1734-4b82-9c3f-67c55acd6dd0
[I 2026-06-01 11:09:23,010] Trial 0 finished with value: 0.008054823233796887 and parameters: {'confidence_threshold': 0.5870645682749857, 'training_days': 90, 'n_estimators': 403, 'max_depth': 5, 'num_leaves': 45, 'learning_rate': 0.0780457193679974, 'subsample': 0.9428509515574568, 'colsample_bytree': 0.8795587339164916, 'min_child_samples': 34, 'reg_alpha': 2.2465901234314442e-07, 'reg_lambda': 8.339007036475363e-05}. Best is trial 0 with value: 0.008054823233796887.
[I 2026-06-01 11:09:23,116] Trial 1 finished with value: -0.01117926328059934 and parameters: {'confidence_threshold': 0.6348453934275313, 'training_days': 290, 'n_estimators': 115, 'max_depth': 5, 'num_leaves': 37, 'learning_rate': 0.06949568759029946, 'subsample': 0.8228505074024268, 'colsample_bytree': 0.8616703220431751, 'min_child_samples': 75, 'reg_alpha': 4.2486822725010923e-07, 'reg_lambda': 1.157247767047042e-07}. Best is trial 0 with value: 0.008054823233796887.
[I 2026-06-01 11:09:23,136] Trial 2 finished with value: -0.03420856699498452 and parameters: {'confidence_threshold': 0.5849570384370288, 'training_days': 10, 'n_estimators': 212, 'max_depth': 3, 'num_leaves': 41, 'learning_rate': 0.18452095998378365, 'subsample': 0.6001060822924371, 'colsample_bytree': 0.5673167293506167, 'min_child_samples': 37, 'reg_alpha': 5.733250064217131, 'reg_lambda': 0.5308454292595461}. Best is trial 0 with value: 0.008054823233796887.
[I 2026-06-01 11:09:23,219] Trial 3 finished with value: -0.0005163546169230759 and parameters: {'confidence_threshold': 0.6868248626683718, 'training_days': 220, 'n_estimators': 134, 'max_depth': 3, 'num_leaves': 45, 'learning_rate': 0.033529007907491595, 'subsample': 0.8647277071858408, 'colsample_bytree': 0.778494116634046, 'min_child_samples': 96, 'reg_alpha': 2.409409937265785e-07, 'reg_lambda': 1.1642073478060009}. Best is trial 0 with value: 0.008054823233796887.
[I 2026-06-01 11:09:23,309] Trial 4 finished with value: 0.009645230870789601 and parameters: {'confidence_threshold': 0.5623121348350352, 'training_days': 300, 'n_estimators': 69, 'max_depth': 4, 'num_leaves': 32, 'learning_rate': 0.14967629360700346, 'subsample': 0.5054535233636654, 'colsample_bytree': 0.7401385194659216, 'min_child_samples': 27, 'reg_alpha': 1.4212042567426725e-07, 'reg_lambda': 0.23605753701352003}. Best is trial 4 with value: 0.009645230870789601.
[I 2026-06-01 11:09:23,720] Trial 5 finished with value: 0.021031610979202385 and parameters: {'confidence_threshold': 0.7111850244908446, 'training_days': 490, 'n_estimators': 362, 'max_depth': 5, 'num_leaves': 40, 'learning_rate': 0.05960785724162737, 'subsample': 0.5589714368907717, 'colsample_bytree': 0.6659006943232806, 'min_child_samples': 42, 'reg_alpha': 0.6741360303045295, 'reg_lambda': 6.054601607143087e-08}. Best is trial 5 with value: 0.021031610979202385.
[I 2026-06-01 11:09:23,892] Trial 6 finished with value: 0.06675984643776697 and parameters: {'confidence_threshold': 0.667482545748023, 'training_days': 420, 'n_estimators': 279, 'max_depth': 3, 'num_leaves': 45, 'learning_rate': 0.040099592560849204, 'subsample': 0.8563114696415159, 'colsample_bytree': 0.5442917781944105, 'min_child_samples': 50, 'reg_alpha': 1.6407916423707903e-08, 'reg_lambda': 2.935907642973286e-05}. Best is trial 6 with value: 0.06675984643776697.

    [trial 6] Sharpe=0.0649 (folds: 0.0403, -0.0317, 0.0833, 0.2611, -0.0286)
    [trial 7] 46 features, training_days=180 | threshold=0.526 | labels: 927 long, 1241 short (43/57%)
    [trial 7] Sharpe=-0.0333 (folds: -0.0104, -0.2361, 0.0979, 0.0311, -0.0491)
    [trial 8] 46 features, training_days=240 | threshold=0.811 | labels: 927 long, 1241 short (43/57%)
    [trial 8] Sharpe=0.1224 (folds: 0.1570, -0.1620, 0.1736, 0.4159, 0.0272)
    [trial 9] 46 features, training_days=20 | threshold=0.538 | labels: 927 long, 1241 short (43/57%)
    [trial 9] Sharpe=0.0306 (folds: 0.1810, -0.0011, -0.3423, -0.1550, 0.4703)
    [trial 10] 46 features, training_days=280 | threshold=0.734 | labels: 927 long, 1241 short (43/57%)
    [trial 10] Sharpe=0.0255 (folds: 0.0768, -0.0910, 0.1105, 0.1416, -0.1104)
    [trial 11] 46 features, training_days=350 | threshold=0.719 | labels: 927 long, 1241 short (43/57%)
    [trial 11] Sharpe=-5.9802 (folds: 0.3140, -0.2149, -10.0000, -10.0000, -10.0000)
    [trial 12] 46 features, training_days=190 | threshold=0.762 | labels: 927 long, 1241 short (43/57%)
    [trial 12] Sharpe=0.0358 (folds: 0.0592, -0.0404, 0.1255, 0.1506, -0.1159)
    [trial 13] 46 features, training_days=270 | threshold=0.672 | labels: 927 long, 1241 short (43/57%)
    [trial 13] Sharpe=0.0077 (folds: 0.0627, -0.0960, 0.0815, 0.2130, -0.2228)
    [trial 14] 46 features, training_days=100 | threshold=0.787 | labels: 927 long, 1241 short (43/57%)
    [trial 14] Sharpe=0.0295 (folds: 0.0717, 0.0659, 0.0175, 0.0568, -0.0646)
    [trial 15] 46 features, training_days=390 | threshold=0.689 | labels: 927 long, 1241 short (43/57%)
    [trial 15] Sharpe=0.1655 (folds: 0.1179, -0.0972, 0.1652, 0.5718, 0.0697)
    [trial 16] 46 features, training_days=330 | threshold=0.683 | labels: 927 long, 1241 short (43/57%)
    [trial 16] Sharpe=0.0665 (folds: 0.0418, -0.1388, 0.1147, 0.3367, -0.0217)
    [trial 17] 46 features, training_days=130 | threshold=0.789 | labels: 927 long, 1241 short (43/57%)
    [trial 17] Sharpe=0.0339 (folds: 0.1221, -0.2595, 0.0451, 0.1547, 0.1069)
  Optuna: 18 trials, best Sharpe = 0.1655
  Best params: n_estimators=251, max_depth=5, lr=0.0104, leaves=47
  Best confidence_threshold: 0.689
  Best training_days: 390
  Retrained on full data (1170 samples, 46 features)
  [ensemble 2/3] seed=123
    [trial 0] 46 features, training_days=150 | threshold=0.744 | labels: 927 long, 1241 short (43/57%)
    [CV fold 0] train_end=2024-06-22 08:00 | val_start=2024-06-30 00:00 | gap=184h (22 rows)
    [CV fold 1] train_end=2024-10-20 16:00 | val_start=2024-10-28 08:00 | gap=184h (22 rows)
    [CV fold 2] train_end=2025-02-18 00:00 | val_start=2025-02-25 16:00 | gap=184h (22 rows)
    [CV fold 3] train_end=2025-06-18 08:00 | val_start=2025-06-26 00:00 | gap=184h (22 rows)
    [CV fold 4] train_end=2025-10-16 16:00 | val_start=2025-10-24 08:00 | gap=184h (22 rows)
    [trial 0] Sharpe=0.0116 (folds: 0.1280, -0.2490, 0.0761, 0.1583, -0.0556)
    [trial 1] 46 features, training_days=220 | threshold=0.755 | labels: 927 long, 1241 short (43/57%)
    [trial 1] Sharpe=0.1422 (folds: 0.3157, -0.2288, 0.1053, -0.3145, 0.8334)
    [trial 2] 46 features, training_days=310 | threshold=0.754 | labels: 927 long, 1241 short (43/57%)
    [trial 2] Sharpe=-0.0183 (folds: 0.0791, -0.1600, -0.0432, 0.1851, -0.1525)
    [trial 3] 46 features, training_days=220 | threshold=0.673 | labels: 927 long, 1241 short (43/57%)
    [trial 3] Sharpe=0.0565 (folds: 0.0999, -0.0080, 0.1741, 0.1528, -0.1360)
    [trial 4] 46 features, training_days=130 | threshold=0.803 | labels: 927 long, 1241 short (43/57%)
    [trial 4] Sharpe=0.0364 (folds: 0.0460, -0.1302, 0.0129, 0.1806, 0.0725)
    [trial 5] 46 features, training_days=210 | threshold=0.606 | labels: 927 long, 1241 short (43/57%)
    [trial 5] Sharpe=0.0201 (folds: -0.0042, 0.0287, 0.0553, 0.1161, -0.0953)
    [trial 6] 46 features, training_days=130 | threshold=0.767 | labels: 927 long, 1241 short (43/57%)
    [trial 6] Sharpe=0.0103 (folds: 0.1055, -0.2267, 0.0682, 0.1263, -0.0221)
    [trial 7] 46 features, training_days=80 | threshold=0.556 | labels: 927 long, 1241 short (43/57%)
    [trial 7] Sharpe=0.0036 (folds: 0.0718, -0.1567, 0.0549, 0.0929, -0.0449)
    [trial 8] 46 features, training_days=200 | threshold=0.607 | labels: 927 long, 1241 short (43/57%)
    [trial 8] Sharpe=0.0313 (folds: 0.0483, -0.0171, 0.0528, 0.1502, -0.0776)
    [trial 9] 46 features, training_days=260 | threshold=0.620 | labels: 927 long, 1241 short (43/57%)
    [trial 9] Sharpe=0.0084 (folds: -0.0207, -0.0675, 0.0442, 0.2217, -0.1356)
    [trial 10] 46 features, training_days=470 | threshold=0.845 | labels: 927 long, 1241 short (43/57%)
    [trial 10] Sharpe=-1.9585 (folds: 0.1036, -0.1711, -10.0000, 0.0168, 0.2580)
    [trial 11] 46 features, training_days=360 | threshold=0.684 | labels: 927 long, 1241 short (43/57%)
    [trial 11] Sharpe=0.0263 (folds: 0.0365, -0.0947, 0.0827, 0.2429, -0.1360)
    [trial 12] 46 features, training_days=20 | threshold=0.691 | labels: 927 long, 1241 short (43/57%)
    [trial 12] Sharpe=-3.9372 (folds: -10.0000, -0.0011, -10.0000, -0.1550, 0.4703)
    [trial 13] 46 features, training_days=370 | threshold=0.721 | labels: 927 long, 1241 short (43/57%)
    [trial 13] Sharpe=-1.7721 (folds: 0.2527, -0.1757, -10.0000, 0.7162, 0.3463)
    [trial 14] 46 features, training_days=260 | threshold=0.649 | labels: 927 long, 1241 short (43/57%)
    [trial 14] Sharpe=0.0373 (folds: -0.0281, -0.0391, 0.0579, 0.2486, -0.0529)
    [trial 15] 46 features, training_days=440 | threshold=0.503 | labels: 927 long, 1241 short (43/57%)
    [trial 15] Sharpe=-0.0015 (folds: 0.0248, -0.0898, 0.0237, 0.0787, -0.0448)
    [trial 16] 46 features, training_days=210 | threshold=0.810 | labels: 927 long, 1241 short (43/57%)
    [trial 16] Sharpe=0.1917 (folds: 0.3250, -0.2969, -0.0524, 0.2899, 0.6929)
    [trial 17] 46 features, training_days=320 | threshold=0.813 | labels: 927 long, 1241 short (43/57%)
    [trial 17] Sharpe=-1.7323 (folds: 0.2748, -0.3741, -10.0000, 0.8549, 0.5827)
  Optuna: 18 trials, best Sharpe = 0.1917
  Best params: n_estimators=213, max_depth=3, lr=0.0141, leaves=45
  Best confidence_threshold: 0.810
  Best training_days: 210
  Retrained on full data (630 samples, 46 features)
  [ensemble 3/3] seed=456
    [trial 0] 46 features, training_days=90 | threshold=0.587 | labels: 927 long, 1241 short (43/57%)
    [CV fold 0] train_end=2024-06-22 08:00 | val_start=2024-06-30 00:00 | gap=184h (22 rows)
    [CV fold 1] train_end=2024-10-20 16:00 | val_start=2024-10-28 08:00 | gap=184h (22 rows)
    [CV fold 2] train_end=2025-02-18 00:00 | val_start=2025-02-25 16:00 | gap=184h (22 rows)
    [CV fold 3] train_end=2025-06-18 08:00 | val_start=2025-06-26 00:00 | gap=184h (22 rows)
    [CV fold 4] train_end=2025-10-16 16:00 | val_start=2025-10-24 08:00 | gap=184h (22 rows)
    [trial 0] Sharpe=0.0081 (folds: 0.0808, 0.0084, 0.0448, 0.0434, -0.1372)
    [trial 1] 46 features, training_days=290 | threshold=0.635 | labels: 927 long, 1241 short (43/57%)
    [trial 1] Sharpe=-0.0112 (folds: -0.0275, -0.0561, 0.0237, 0.1816, -0.1775)
    [trial 2] 46 features, training_days=10 | threshold=0.585 | labels: 927 long, 1241 short (43/57%)
    [trial 2] Sharpe=-0.0342 (folds: -0.1548, 0.0108, -0.3423, -0.1550, 0.4703)
    [trial 3] 46 features, training_days=220 | threshold=0.687 | labels: 927 long, 1241 short (43/57%)
    [trial 3] Sharpe=-0.0005 (folds: 0.0696, -0.0452, 0.2104, 0.0626, -0.3000)
    [trial 4] 46 features, training_days=300 | threshold=0.562 | labels: 927 long, 1241 short (43/57%)
    [trial 4] Sharpe=0.0096 (folds: 0.0612, -0.1064, -0.0336, 0.1102, 0.0168)
    [trial 5] 46 features, training_days=490 | threshold=0.711 | labels: 927 long, 1241 short (43/57%)
    [trial 5] Sharpe=0.0210 (folds: 0.0631, -0.0082, 0.0476, 0.1058, -0.1032)
    [trial 6] 46 features, training_days=420 | threshold=0.667 | labels: 927 long, 1241 short (43/57%)
    [trial 6] Sharpe=0.0668 (folds: 0.0221, -0.0833, 0.0340, 0.2780, 0.0829)
    [trial 7] 46 features, training_days=120 | threshold=0.550 | labels: 927 long, 1241 short (43/57%)
    [trial 7] Sharpe=-0.0394 (folds: 0.0749, -0.1602, -0.1157, 0.0861, -0.0819)[I 2026-06-01 11:09:24,035] Trial 7 finished with value: -0.039357848566772616 and parameters: {'confidence_threshold': 0.5497381024139926, 'training_days': 120, 'n_estimators': 408, 'max_depth': 5, 'num_leaves': 38, 'learning_rate': 0.28049122657745795, 'subsample': 0.8806573338635493, 'colsample_bytree': 0.5454054113547102, 'min_child_samples': 63, 'reg_alpha': 0.01263008637940408, 'reg_lambda': 0.04588020805366937}. Best is trial 6 with value: 0.06675984643776697.
[I 2026-06-01 11:09:24,290] Trial 8 finished with value: 0.07146798648427778 and parameters: {'confidence_threshold': 0.719644804808716, 'training_days': 450, 'n_estimators': 410, 'max_depth': 4, 'num_leaves': 57, 'learning_rate': 0.04022026551478857, 'subsample': 0.5336085426932707, 'colsample_bytree': 0.5705742850577543, 'min_child_samples': 100, 'reg_alpha': 5.916398047912201e-07, 'reg_lambda': 0.9794034214488329}. Best is trial 8 with value: 0.07146798648427778.
[I 2026-06-01 11:09:24,313] Trial 9 finished with value: -3.9371686945375237 and parameters: {'confidence_threshold': 0.7267463643917187, 'training_days': 20, 'n_estimators': 337, 'max_depth': 5, 'num_leaves': 23, 'learning_rate': 0.022153031811454605, 'subsample': 0.6305627572358737, 'colsample_bytree': 0.6613413774216214, 'min_child_samples': 81, 'reg_alpha': 5.7638634029410314e-08, 'reg_lambda': 8.26603016764008}. Best is trial 8 with value: 0.07146798648427778.
[I 2026-06-01 11:09:24,675] Trial 10 finished with value: 0.15417952719667855 and parameters: {'confidence_threshold': 0.8283920119574972, 'training_days': 400, 'n_estimators': 485, 'max_depth': 4, 'num_leaves': 63, 'learning_rate': 0.011927505552849117, 'subsample': 0.7130289643560688, 'colsample_bytree': 0.9944479338273263, 'min_child_samples': 100, 'reg_alpha': 5.0239970328459277e-05, 'reg_lambda': 0.0028438774509831773}. Best is trial 10 with value: 0.15417952719667855.
[I 2026-06-01 11:09:25,023] Trial 11 finished with value: 0.174866512373145 and parameters: {'confidence_threshold': 0.8431920368994753, 'training_days': 400, 'n_estimators': 478, 'max_depth': 4, 'num_leaves': 61, 'learning_rate': 0.010033528037260202, 'subsample': 0.6988002958677881, 'colsample_bytree': 0.9628722124262472, 'min_child_samples': 100, 'reg_alpha': 5.263694533895985e-05, 'reg_lambda': 0.0038935771291352755}. Best is trial 11 with value: 0.174866512373145.
[I 2026-06-01 11:09:25,399] Trial 12 finished with value: -1.769688088832499 and parameters: {'confidence_threshold': 0.8438571470748946, 'training_days': 380, 'n_estimators': 490, 'max_depth': 4, 'num_leaves': 63, 'learning_rate': 0.010159937976656527, 'subsample': 0.7118974055130827, 'colsample_bytree': 0.9826583982594713, 'min_child_samples': 85, 'reg_alpha': 5.113460481149383e-05, 'reg_lambda': 0.0025654558023732064}. Best is trial 11 with value: 0.174866512373145.
[I 2026-06-01 11:09:25,782] Trial 13 finished with value: 0.14640569225699535 and parameters: {'confidence_threshold': 0.8491456140421829, 'training_days': 360, 'n_estimators': 494, 'max_depth': 4, 'num_leaves': 55, 'learning_rate': 0.010365171391461736, 'subsample': 0.7186328263857324, 'colsample_bytree': 0.977673677256957, 'min_child_samples': 90, 'reg_alpha': 6.04585595393063e-05, 'reg_lambda': 0.0025452809525593196}. Best is trial 11 with value: 0.174866512373145.
[I 2026-06-01 11:09:26,059] Trial 14 finished with value: 0.04537449311980695 and parameters: {'confidence_threshold': 0.7921178378432393, 'training_days': 210, 'n_estimators': 458, 'max_depth': 4, 'num_leaves': 63, 'learning_rate': 0.01731543449783633, 'subsample': 0.7673486119683415, 'colsample_bytree': 0.9020383795578621, 'min_child_samples': 70, 'reg_alpha': 0.0014623796630832343, 'reg_lambda': 2.293505289769991e-06}. Best is trial 11 with value: 0.174866512373145.
[I 2026-06-01 11:09:26,279] Trial 15 finished with value: 0.15569433716993647 and parameters: {'confidence_threshold': 0.7829525506318393, 'training_days': 350, 'n_estimators': 285, 'max_depth': 4, 'num_leaves': 53, 'learning_rate': 0.01668689813055309, 'subsample': 0.6591323670979916, 'colsample_bytree': 0.9934286300532085, 'min_child_samples': 100, 'reg_alpha': 8.084592721939181e-06, 'reg_lambda': 0.002997239431771502}. Best is trial 11 with value: 0.174866512373145.
[I 2026-06-01 11:09:26,503] Trial 16 finished with value: 0.1078576551730134 and parameters: {'confidence_threshold': 0.7809712285122007, 'training_days': 330, 'n_estimators': 239, 'max_depth': 4, 'num_leaves': 54, 'learning_rate': 0.01960709256849988, 'subsample': 0.6534070225390577, 'colsample_bytree': 0.9213491523841879, 'min_child_samples': 55, 'reg_alpha': 7.284760131661268e-06, 'reg_lambda': 0.022479599290053574}. Best is trial 11 with value: 0.174866512373145.
[I 2026-06-01 11:09:26,724] Trial 17 finished with value: 0.14945402317124015 and parameters: {'confidence_threshold': 0.7785304803072056, 'training_days': 490, 'n_estimators': 303, 'max_depth': 3, 'num_leaves': 51, 'learning_rate': 0.015229020591669364, 'subsample': 0.7905581288536305, 'colsample_bytree': 0.8410805723564942, 'min_child_samples': 90, 'reg_alpha': 0.003779012890739376, 'reg_lambda': 9.91300715029782e-06}. Best is trial 11 with value: 0.174866512373145.
[I 2026-06-01 11:09:27,549] A new study created in memory with name: no-name-cc4178cd-0a3a-4e6a-977a-e783521be5ab
[I 2026-06-01 11:09:27,926] Trial 0 finished with value: 0.011886670797951032 and parameters: {'confidence_threshold': 0.6310890415965769, 'training_days': 480, 'n_estimators': 380, 'max_depth': 4, 'num_leaves': 22, 'learning_rate': 0.01699897838270077, 'subsample': 0.5290418060840998, 'colsample_bytree': 0.9330880728874675, 'min_child_samples': 68, 'reg_alpha': 0.023585940584142682, 'reg_lambda': 1.5320059381854043e-08}. Best is trial 0 with value: 0.011886670797951032.
[I 2026-06-01 11:09:28,035] Trial 1 finished with value: -4.064004030165789 and parameters: {'confidence_threshold': 0.839468448256698, 'training_days': 420, 'n_estimators': 145, 'max_depth': 3, 'num_leaves': 23, 'learning_rate': 0.028145092716060652, 'subsample': 0.762378215816119, 'colsample_bytree': 0.7159725093210578, 'min_child_samples': 43, 'reg_alpha': 0.0032112643094417484, 'reg_lambda': 1.8007140198129195e-07}. Best is trial 0 with value: 0.011886670797951032.
[I 2026-06-01 11:09:28,179] Trial 2 finished with value: -0.06481879699048734 and parameters: {'confidence_threshold': 0.6022506269873263, 'training_days': 190, 'n_estimators': 255, 'max_depth': 5, 'num_leaves': 24, 'learning_rate': 0.05748924681991978, 'subsample': 0.7962072844310213, 'colsample_bytree': 0.5232252063599989, 'min_child_samples': 69, 'reg_alpha': 3.425445902633376e-07, 'reg_lambda': 3.850031979199519e-08}. Best is trial 0 with value: 0.011886670797951032.
[I 2026-06-01 11:09:28,427] Trial 3 finished with value: 0.07251281210262658 and parameters: {'confidence_threshold': 0.8321099380386666, 'training_days': 490, 'n_estimators': 414, 'max_depth': 3, 'num_leaves': 19, 'learning_rate': 0.1024932221692416, 'subsample': 0.7200762468698007, 'colsample_bytree': 0.5610191174223894, 'min_child_samples': 60, 'reg_alpha': 2.039373116525212e-08, 'reg_lambda': 1.527156759251193}. Best is trial 3 with value: 0.07251281210262658.
[I 2026-06-01 11:09:28,581] Trial 4 finished with value: -0.0013635000312498258 and parameters: {'confidence_threshold': 0.5905729935600059, 'training_days': 340, 'n_estimators': 190, 'max_depth': 4, 'num_leaves': 41, 'learning_rate': 0.01875220945578641, 'subsample': 0.9847923138822793, 'colsample_bytree': 0.8875664116805573, 'min_child_samples': 96, 'reg_alpha': 1.1309571585271483, 'reg_lambda': 0.002404915432737351}. Best is trial 3 with value: 0.07251281210262658.
[I 2026-06-01 11:09:28,648] Trial 5 finished with value: -0.12338471061571592 and parameters: {'confidence_threshold': 0.8226559822580909, 'training_days': 50, 'n_estimators': 138, 'max_depth': 3, 'num_leaves': 30, 'learning_rate': 0.03750796359625606, 'subsample': 0.6356745158869479, 'colsample_bytree': 0.9143687545759647, 'min_child_samples': 48, 'reg_alpha': 3.376063348877853e-06, 'reg_lambda': 0.0007660634613082914}. Best is trial 3 with value: 0.07251281210262658.
