[I 2026-06-01 11:03:33,064] Trial 16 finished with value: 0.003241723535462956 and parameters: {'confidence_threshold': 0.6219694252722007, 'training_days': 360, 'n_estimators': 277, 'max_depth': 4, 'num_leaves': 30, 'learning_rate': 0.22801137105963568, 'subsample': 0.6982537545716929, 'colsample_bytree': 0.9182910580304163, 'min_child_samples': 48, 'reg_alpha': 0.0002638845618184788, 'reg_lambda': 0.09115701068245131}. Best is trial 2 with value: 0.13455306836237466.
[I 2026-06-01 11:03:33,149] Trial 17 finished with value: -0.016014759636553806 and parameters: {'confidence_threshold': 0.5028255678835912, 'training_days': 70, 'n_estimators': 319, 'max_depth': 3, 'num_leaves': 22, 'learning_rate': 0.1913942156766461, 'subsample': 0.7671123975508201, 'colsample_bytree': 0.720096132447481, 'min_child_samples': 62, 'reg_alpha': 0.0032469148398323448, 'reg_lambda': 3.756010955927394}. Best is trial 2 with value: 0.13455306836237466.

    [trial 10] Sharpe=-2.0739 (folds: -0.2732, 0.3366, -0.0515, -0.3816, -10.0000)
    [trial 11] 46 features, training_days=30 | threshold=0.513 | labels: 986 long, 1182 short (45/55%)
    [trial 11] Sharpe=-0.0430 (folds: -0.2876, 0.1806, 0.0552, -0.0090, -0.1542)
    [trial 12] 46 features, training_days=360 | threshold=0.660 | labels: 986 long, 1182 short (45/55%)
    [trial 12] Sharpe=-0.0121 (folds: -0.0764, 0.1644, -0.0532, -0.0526, -0.0426)
    [trial 13] 46 features, training_days=140 | threshold=0.713 | labels: 986 long, 1182 short (45/55%)
    [trial 13] Sharpe=-0.0197 (folds: -0.0860, -0.0339, -0.0456, 0.0548, 0.0125)
    [trial 14] 46 features, training_days=340 | threshold=0.599 | labels: 986 long, 1182 short (45/55%)
    [trial 14] Sharpe=-0.0398 (folds: -0.0635, 0.1752, -0.0812, -0.0838, -0.1459)
    [trial 15] 46 features, training_days=10 | threshold=0.703 | labels: 986 long, 1182 short (45/55%)
    [trial 15] Sharpe=0.1346 (folds: 0.2948, 0.1806, 0.0552, -0.0090, 0.1511)
    [trial 16] 46 features, training_days=20 | threshold=0.714 | labels: 986 long, 1182 short (45/55%)
    [trial 16] Sharpe=-4.0232 (folds: -0.2876, 0.1806, -10.0000, -0.0090, -10.0000)
    [trial 17] 46 features, training_days=70 | threshold=0.711 | labels: 986 long, 1182 short (45/55%)
    [trial 17] Sharpe=-0.0195 (folds: -0.1507, -0.0112, 0.0927, 0.1935, -0.2218)
  Optuna: 18 trials, best Sharpe = 0.1346
  Best params: n_estimators=290, max_depth=4, lr=0.0374, leaves=56
  Best confidence_threshold: 0.703
  Best training_days: 10
  Retrained on full data (30 samples, 46 features)
  [ensemble 3/3] seed=456
    [trial 0] 46 features, training_days=90 | threshold=0.587 | labels: 986 long, 1182 short (45/55%)
    [CV fold 0] train_end=2021-10-22 08:00 | val_start=2021-10-30 00:00 | gap=184h (22 rows)
    [CV fold 1] train_end=2022-02-19 16:00 | val_start=2022-02-27 08:00 | gap=184h (22 rows)
    [CV fold 2] train_end=2022-06-20 00:00 | val_start=2022-06-27 16:00 | gap=184h (22 rows)
    [CV fold 3] train_end=2022-10-18 08:00 | val_start=2022-10-26 00:00 | gap=184h (22 rows)
    [CV fold 4] train_end=2023-02-15 16:00 | val_start=2023-02-23 08:00 | gap=184h (22 rows)
    [trial 0] Sharpe=-0.0420 (folds: -0.1810, -0.0375, 0.0497, 0.0417, -0.0827)
    [trial 1] 46 features, training_days=290 | threshold=0.635 | labels: 986 long, 1182 short (45/55%)
    [trial 1] Sharpe=-0.0567 (folds: -0.0302, 0.0798, -0.1705, -0.0820, -0.0808)
    [trial 2] 46 features, training_days=10 | threshold=0.585 | labels: 986 long, 1182 short (45/55%)
    [trial 2] Sharpe=0.1346 (folds: 0.2948, 0.1806, 0.0552, -0.0090, 0.1511)
    [trial 3] 46 features, training_days=220 | threshold=0.687 | labels: 986 long, 1182 short (45/55%)
    [trial 3] Sharpe=-0.0611 (folds: -0.0531, 0.0662, -0.2378, -0.0020, -0.0789)
    [trial 4] 46 features, training_days=300 | threshold=0.562 | labels: 986 long, 1182 short (45/55%)
    [trial 4] Sharpe=-0.0353 (folds: -0.0390, 0.1325, -0.0993, -0.0863, -0.0846)
    [trial 5] 46 features, training_days=490 | threshold=0.711 | labels: 986 long, 1182 short (45/55%)
    [trial 5] Sharpe=0.0414 (folds: -0.0553, 0.2243, -0.0960, 0.0158, 0.1184)
    [trial 6] 46 features, training_days=420 | threshold=0.667 | labels: 986 long, 1182 short (45/55%)
    [trial 6] Sharpe=-0.0025 (folds: -0.0921, 0.2133, -0.1210, -0.0547, 0.0421)
    [trial 7] 46 features, training_days=120 | threshold=0.550 | labels: 986 long, 1182 short (45/55%)
    [trial 7] Sharpe=-0.0047 (folds: -0.0149, -0.0276, -0.1619, 0.1405, 0.0404)
    [trial 8] 46 features, training_days=450 | threshold=0.720 | labels: 986 long, 1182 short (45/55%)
    [trial 8] Sharpe=0.0101 (folds: -0.0251, 0.2063, -0.1714, -0.0254, 0.0662)
    [trial 9] 46 features, training_days=20 | threshold=0.727 | labels: 986 long, 1182 short (45/55%)
    [trial 9] Sharpe=-4.0232 (folds: -0.2876, 0.1806, -10.0000, -0.0090, -10.0000)
    [trial 10] 46 features, training_days=10 | threshold=0.840 | labels: 986 long, 1182 short (45/55%)
    [trial 10] Sharpe=0.1346 (folds: 0.2948, 0.1806, 0.0552, -0.0090, 0.1511)
    [trial 11] 46 features, training_days=10 | threshold=0.849 | labels: 986 long, 1182 short (45/55%)
    [trial 11] Sharpe=0.1346 (folds: 0.2948, 0.1806, 0.0552, -0.0090, 0.1511)
    [trial 12] 46 features, training_days=140 | threshold=0.839 | labels: 986 long, 1182 short (45/55%)
    [trial 12] Sharpe=-0.0607 (folds: -0.0621, -0.0128, -0.1290, -0.0226, -0.0767)
    [trial 13] 46 features, training_days=200 | threshold=0.504 | labels: 986 long, 1182 short (45/55%)
    [trial 13] Sharpe=0.0081 (folds: -0.0396, 0.1722, -0.0543, -0.0271, -0.0107)
    [trial 14] 46 features, training_days=70 | threshold=0.772 | labels: 986 long, 1182 short (45/55%)
    [trial 14] Sharpe=0.0386 (folds: -0.0732, -0.0213, 0.1700, 0.3147, -0.1972)
    [trial 15] 46 features, training_days=160 | threshold=0.783 | labels: 986 long, 1182 short (45/55%)
    [trial 15] Sharpe=-4.0921 (folds: -0.4037, -10.0000, 0.0351, -0.0920, -10.0000)
    [trial 16] 46 features, training_days=360 | threshold=0.622 | labels: 986 long, 1182 short (45/55%)
    [trial 16] Sharpe=0.0032 (folds: -0.0350, 0.1614, -0.0928, -0.0226, 0.0052)
    [trial 17] 46 features, training_days=70 | threshold=0.503 | labels: 986 long, 1182 short (45/55%)
    [trial 17] Sharpe=-0.0160 (folds: -0.2157, 0.0347, 0.0184, 0.1537, -0.0711)
  Optuna: 18 trials, best Sharpe = 0.1346
  Best params: n_estimators=212, max_depth=3, lr=0.1845, leaves=41
  Best confidence_threshold: 0.585
  Best training_days: 10
  Retrained on full data (30 samples, 46 features)
  OOD: 16 features, cutoff (q=0.7) = 14.52
  Model trained for 2023-07: 93 test candles with features, confidence_threshold=0.693
[predict] 2023-07-01 00:00 DOTUSDT → LONG (proba=0.94 TP=12.8%/SL=6.4%)
[trade:open] 2023-07-01 07:59 DOTUSDT LONG @ 5.22 | SL=4.89 TP=5.89 | timeout=2023-07-08 07:59
[trade:close] 2023-07-08 08:00 DOTUSDT LONG → timeout @ 5.14 | PnL=-1.51% (net -1.61%) | cum=-2.71% 2023-07=-1.61% 2023-07-08=-1.61%
[predict] 2023-07-09 08:00 DOTUSDT → LONG (proba=0.71 TP=8.5%/SL=4.2%)
[trade:open] 2023-07-09 15:59 DOTUSDT LONG @ 5.09 | SL=4.87 TP=5.52 | timeout=2023-07-16 15:59
[trade:close] 2023-07-13 23:59 DOTUSDT LONG → take_profit @ 5.52 | PnL=+8.50% (net +8.40%) | cum=+5.69% 2023-07=+6.79% 2023-07-13=+8.40%
[predict] 2023-07-15 00:00 DOTUSDT → LONG (proba=0.82 TP=10.5%/SL=5.2%)
[trade:open] 2023-07-15 07:59 DOTUSDT LONG @ 5.54 | SL=5.25 TP=6.12 | timeout=2023-07-22 07:59
[trade:close] 2023-07-16 23:59 DOTUSDT LONG → stop_loss @ 5.25 | PnL=-5.23% (net -5.33%) | cum=+0.36% 2023-07=+1.45% 2023-07-16=-5.33%
[predict] 2023-07-17 16:00 DOTUSDT → LONG (proba=0.84 TP=10.0%/SL=5.0%)
[trade:open] 2023-07-17 23:59 DOTUSDT LONG @ 5.30 | SL=5.03 TP=5.83 | timeout=2023-07-24 23:59
[trade:close] 2023-07-25 00:00 DOTUSDT LONG → timeout @ 5.21 | PnL=-1.76% (net -1.86%) | cum=-1.49% 2023-07=-0.40% 2023-07-25=-1.86%
[predict] 2023-07-25 16:00 DOTUSDT → LONG (proba=0.94 TP=9.2%/SL=4.6%)
[trade:open] 2023-07-25 23:59 DOTUSDT LONG @ 5.17 | SL=4.93 TP=5.65 | timeout=2023-08-01 23:59
[trade:close] 2023-08-01 07:59 DOTUSDT LONG → stop_loss @ 4.93 | PnL=-4.60% (net -4.70%) | cum=-6.19% 2023-08=-4.70% 2023-08-01=-4.70%
[lgbm] === Training for 2023-08 ===
  Train window: 2021-08-01 → 2023-07-24
  2168 training samples from 1 symbols
  Samples per month: 2021-08: 93, 2021-09: 90, 2021-10: 93, 2021-11: 90, 2021-12: 93, 2022-01: 93, 2022-02: 84, 2022-03: 93, 2022-04: 90, 2022-05: 93, 2022-06: 90, 2022-07: 93, 2022-08: 93, 2022-09: 90, 2022-10: 93, 2022-11: 90, 2022-12: 93, 2023-01: 93, 2023-02: 84, 2023-03: 93, 2023-04: 90, 2023-05: 93, 2023-06: 90, 2023-07: 71
  [label] 2021-10-01 16:00 DOTUSDT entry=31.9370 → LONG | long=sl(-8.67%) short=sl(-8.67%) | scanned=17 | no_tp→fwd_return=+9.7191
  [label] 2021-10-03 16:00 DOTUSDT entry=32.1310 → LONG | long=sl(-7.93%) short=sl(-7.93%) | scanned=11 | no_tp→fwd_return=+9.0567
  [label] 2021-10-07 16:00 DOTUSDT entry=34.0250 → LONG | long=tp(+16.53%) short=sl(-8.42%) | scanned=18 | long_tp_only
  [label] 2021-11-01 08:00 DOTUSDT entry=48.8380 → LONG | long=timeout(+8.92%) short=sl(-7.43%) | scanned=22 | no_tp→fwd_return=+9.0237[I 2026-06-01 11:03:33,571] A new study created in memory with name: no-name-6dd9276d-ed61-4a3a-b390-c160448950d5
[I 2026-06-01 11:03:33,923] Trial 0 finished with value: -0.12852039491070635 and parameters: {'confidence_threshold': 0.6310890415965769, 'training_days': 480, 'n_estimators': 380, 'max_depth': 4, 'num_leaves': 22, 'learning_rate': 0.01699897838270077, 'subsample': 0.5290418060840998, 'colsample_bytree': 0.9330880728874675, 'min_child_samples': 68, 'reg_alpha': 0.023585940584142682, 'reg_lambda': 1.5320059381854043e-08}. Best is trial 0 with value: -0.12852039491070635.
[I 2026-06-01 11:03:34,061] Trial 1 finished with value: -6.093384158196143 and parameters: {'confidence_threshold': 0.839468448256698, 'training_days': 420, 'n_estimators': 145, 'max_depth': 3, 'num_leaves': 23, 'learning_rate': 0.028145092716060652, 'subsample': 0.762378215816119, 'colsample_bytree': 0.7159725093210578, 'min_child_samples': 43, 'reg_alpha': 0.0032112643094417484, 'reg_lambda': 1.8007140198129195e-07}. Best is trial 0 with value: -0.12852039491070635.
[I 2026-06-01 11:03:34,223] Trial 2 finished with value: -0.10498320162207819 and parameters: {'confidence_threshold': 0.6022506269873263, 'training_days': 190, 'n_estimators': 255, 'max_depth': 5, 'num_leaves': 24, 'learning_rate': 0.05748924681991978, 'subsample': 0.7962072844310213, 'colsample_bytree': 0.5232252063599989, 'min_child_samples': 69, 'reg_alpha': 3.425445902633376e-07, 'reg_lambda': 3.850031979199519e-08}. Best is trial 2 with value: -0.10498320162207819.
[I 2026-06-01 11:03:34,506] Trial 3 finished with value: -0.08832899048959279 and parameters: {'confidence_threshold': 0.8321099380386666, 'training_days': 490, 'n_estimators': 414, 'max_depth': 3, 'num_leaves': 19, 'learning_rate': 0.1024932221692416, 'subsample': 0.7200762468698007, 'colsample_bytree': 0.5610191174223894, 'min_child_samples': 60, 'reg_alpha': 2.039373116525212e-08, 'reg_lambda': 1.527156759251193}. Best is trial 3 with value: -0.08832899048959279.
[I 2026-06-01 11:03:34,660] Trial 4 finished with value: -0.11759420314340074 and parameters: {'confidence_threshold': 0.5905729935600059, 'training_days': 340, 'n_estimators': 190, 'max_depth': 4, 'num_leaves': 41, 'learning_rate': 0.01875220945578641, 'subsample': 0.9847923138822793, 'colsample_bytree': 0.8875664116805573, 'min_child_samples': 96, 'reg_alpha': 1.1309571585271483, 'reg_lambda': 0.002404915432737351}. Best is trial 3 with value: -0.08832899048959279.
[I 2026-06-01 11:03:34,716] Trial 5 finished with value: -0.3482776717801954 and parameters: {'confidence_threshold': 0.8226559822580909, 'training_days': 50, 'n_estimators': 138, 'max_depth': 3, 'num_leaves': 30, 'learning_rate': 0.03750796359625606, 'subsample': 0.6356745158869479, 'colsample_bytree': 0.9143687545759647, 'min_child_samples': 48, 'reg_alpha': 3.376063348877853e-06, 'reg_lambda': 0.0007660634613082914}. Best is trial 3 with value: -0.08832899048959279.
[I 2026-06-01 11:03:34,828] Trial 6 finished with value: -0.06548498225117391 and parameters: {'confidence_threshold': 0.5493234787411669, 'training_days': 410, 'n_estimators': 83, 'max_depth': 5, 'num_leaves': 52, 'learning_rate': 0.019657448966046126, 'subsample': 0.5027610585618012, 'colsample_bytree': 0.9077307142274171, 'min_child_samples': 77, 'reg_alpha': 0.03639690979811287, 'reg_lambda': 0.08738424135626986}. Best is trial 6 with value: -0.06548498225117391.
[I 2026-06-01 11:03:34,924] Trial 7 finished with value: -0.13150560375554665 and parameters: {'confidence_threshold': 0.5259156281069316, 'training_days': 180, 'n_estimators': 102, 'max_depth': 5, 'num_leaves': 45, 'learning_rate': 0.030816017044468066, 'subsample': 0.5317791751430119, 'colsample_bytree': 0.6554911608578311, 'min_child_samples': 46, 'reg_alpha': 0.036851536911881845, 'reg_lambda': 0.005470376807480391}. Best is trial 6 with value: -0.06548498225117391.
[I 2026-06-01 11:03:35,039] Trial 8 finished with value: -0.26146885861343017 and parameters: {'confidence_threshold': 0.8105244599017143, 'training_days': 240, 'n_estimators': 103, 'max_depth': 5, 'num_leaves': 52, 'learning_rate': 0.06746437142284309, 'subsample': 0.8854835899772805, 'colsample_bytree': 0.7468977981821954, 'min_child_samples': 62, 'reg_alpha': 7.04480806377519e-05, 'reg_lambda': 1.6934490731313353e-08}. Best is trial 6 with value: -0.06548498225117391.
[I 2026-06-01 11:03:35,062] Trial 9 finished with value: -0.017526270738761406 and parameters: {'confidence_threshold': 0.5377619994476566, 'training_days': 20, 'n_estimators': 337, 'max_depth': 3, 'num_leaves': 39, 'learning_rate': 0.21907142272152816, 'subsample': 0.6246461145744375, 'colsample_bytree': 0.7051914615178149, 'min_child_samples': 81, 'reg_alpha': 1.1459970229341322e-06, 'reg_lambda': 4.929685216887945e-08}. Best is trial 9 with value: -0.017526270738761406.
[I 2026-06-01 11:03:35,093] Trial 10 finished with value: -1.9026859450064055 and parameters: {'confidence_threshold': 0.7449289185605341, 'training_days': 10, 'n_estimators': 487, 'max_depth': 3, 'num_leaves': 61, 'learning_rate': 0.21914469472126635, 'subsample': 0.628963476300746, 'colsample_bytree': 0.8189858776055304, 'min_child_samples': 27, 'reg_alpha': 2.8948477959263623e-05, 'reg_lambda': 3.3639426888455256e-06}. Best is trial 9 with value: -0.017526270738761406.
[I 2026-06-01 11:03:35,338] Trial 11 finished with value: -0.09454417688923336 and parameters: {'confidence_threshold': 0.5031729138375424, 'training_days': 350, 'n_estimators': 327, 'max_depth': 4, 'num_leaves': 52, 'learning_rate': 0.010432023013264416, 'subsample': 0.6089267919181687, 'colsample_bytree': 0.8279718712234718, 'min_child_samples': 89, 'reg_alpha': 4.018687704804354, 'reg_lambda': 0.5855213887055177}. Best is trial 9 with value: -0.017526270738761406.
[I 2026-06-01 11:03:35,451] Trial 12 finished with value: -0.08497158622597205 and parameters: {'confidence_threshold': 0.5524132565058795, 'training_days': 140, 'n_estimators': 228, 'max_depth': 4, 'num_leaves': 33, 'learning_rate': 0.2959628420607887, 'subsample': 0.5392311924833902, 'colsample_bytree': 0.9955462072303609, 'min_child_samples': 84, 'reg_alpha': 0.0010435482830539913, 'reg_lambda': 3.06242583717076e-05}. Best is trial 9 with value: -0.017526270738761406.
[I 2026-06-01 11:03:35,706] Trial 13 finished with value: -0.09225530175252838 and parameters: {'confidence_threshold': 0.6715112328451753, 'training_days': 320, 'n_estimators': 311, 'max_depth': 5, 'num_leaves': 47, 'learning_rate': 0.1463043880061142, 'subsample': 0.6864507539038798, 'colsample_bytree': 0.6239332671128688, 'min_child_samples': 80, 'reg_alpha': 4.477777874073389e-08, 'reg_lambda': 0.052039727051948925}. Best is trial 9 with value: -0.017526270738761406.
[I 2026-06-01 11:03:35,746] Trial 14 finished with value: -0.03868814251815284 and parameters: {'confidence_threshold': 0.553552529035454, 'training_days': 80, 'n_estimators': 59, 'max_depth': 4, 'num_leaves': 60, 'learning_rate': 0.09029126552542201, 'subsample': 0.5808433054196197, 'colsample_bytree': 0.8127588751857924, 'min_child_samples': 100, 'reg_alpha': 2.6081099171939565e-06, 'reg_lambda': 7.565770484313319e-06}. Best is trial 9 with value: -0.017526270738761406.
[I 2026-06-01 11:03:35,784] Trial 15 finished with value: -0.01562013916044903 and parameters: {'confidence_threshold': 0.66472866195257, 'training_days': 90, 'n_estimators': 52, 'max_depth': 3, 'num_leaves': 61, 'learning_rate': 0.11614976593856452, 'subsample': 0.5936332549288843, 'colsample_bytree': 0.8100744538922787, 'min_child_samples': 100, 'reg_alpha': 2.492303987055042e-06, 'reg_lambda': 1.359738585363646e-06}. Best is trial 15 with value: -0.01562013916044903.
[I 2026-06-01 11:03:35,890] Trial 16 finished with value: -0.06078716773516128 and parameters: {'confidence_threshold': 0.7159591998523662, 'training_days': 100, 'n_estimators': 363, 'max_depth': 3, 'num_leaves': 34, 'learning_rate': 0.15013971957309138, 'subsample': 0.6753870112153237, 'colsample_bytree': 0.6807885959221373, 'min_child_samples': 91, 'reg_alpha': 6.07092256036327e-07, 'reg_lambda': 8.019266479935875e-07}. Best is trial 15 with value: -0.01562013916044903.
[I 2026-06-01 11:03:35,923] Trial 17 finished with value: 0.07966254612267205 and parameters: {'confidence_threshold': 0.6652429013116167, 'training_days': 10, 'n_estimators': 461, 'max_depth': 3, 'num_leaves': 40, 'learning_rate': 0.16861086145603055, 'subsample': 0.8366733523272174, 'colsample_bytree': 0.7861983638172064, 'min_child_samples': 100, 'reg_alpha': 2.1866064201313886e-05, 'reg_lambda': 4.935134953996157e-05}. Best is trial 17 with value: 0.07966254612267205.
[I 2026-06-01 11:03:36,093] A new study created in memory with name: no-name-0fbece79-bdba-427a-8aa8-d7537d673032
[I 2026-06-01 11:03:36,194] Trial 0 finished with value: -0.11906577262911558 and parameters: {'confidence_threshold': 0.7437642149592516, 'training_days': 150, 'n_estimators': 152, 'max_depth': 4, 'num_leaves': 50, 'learning_rate': 0.04216766425047743, 'subsample': 0.9903820991923078, 'colsample_bytree': 0.8424148692924316, 'min_child_samples': 58, 'reg_alpha': 3.381097259762742e-05, 'reg_lambda': 1.2263152961306247e-05}. Best is trial 0 with value: -0.11906577262911558.
[I 2026-06-01 11:03:36,262] Trial 1 finished with value: -4.062119712901293 and parameters: {'confidence_threshold': 0.7551673975844145, 'training_days': 220, 'n_estimators': 76, 'max_depth': 4, 'num_leaves': 51, 'learning_rate': 0.018602118810743477, 'subsample': 0.5877258780737462, 'colsample_bytree': 0.7657756869209191, 'min_child_samples': 63, 'reg_alpha': 0.005123994170264194, 'reg_lambda': 0.44145470178120466}. Best is trial 0 with value: -0.11906577262911558.
[I 2026-06-01 11:03:36,542] Trial 2 finished with value: -0.17088275324498597 and parameters: {'confidence_threshold': 0.7535593637012223, 'training_days': 310, 'n_estimators': 375, 'max_depth': 3, 'num_leaves': 32, 'learning_rate': 0.021735641882032388, 'subsample': 0.6468570231944146, 'colsample_bytree': 0.8154880619272439, 'min_child_samples': 27, 'reg_alpha': 8.004064028491336e-05, 'reg_lambda': 7.546835261630524e-05}. Best is trial 0 with value: -0.11906577262911558.
[I 2026-06-01 11:03:36,717] Trial 3 finished with value: -0.09450178573425398 and parameters: {'confidence_threshold': 0.6727897841776072, 'training_days': 220, 'n_estimators': 190, 'max_depth': 4, 'num_leaves': 58, 'learning_rate': 0.24810689332636193, 'subsample': 0.7509183379421682, 'colsample_bytree': 0.8119764758960556, 'min_child_samples': 29, 'reg_alpha': 7.1708285081421445e-06, 'reg_lambda': 5.412973582738627e-05}. Best is trial 3 with value: -0.09450178573425398.
[I 2026-06-01 11:03:36,840] Trial 4 finished with value: -0.07178643401379066 and parameters: {'confidence_threshold': 0.803208205259178, 'training_days': 130, 'n_estimators': 267, 'max_depth': 5, 'num_leaves': 40, 'learning_rate': 0.08041175317374143, 'subsample': 0.5603143329951619, 'colsample_bytree': 0.9131704002534167, 'min_child_samples': 68, 'reg_alpha': 0.0008046593428183385, 'reg_lambda': 1.2158346158765583e-05}. Best is trial 4 with value: -0.07178643401379066.
[I 2026-06-01 11:03:37,072] Trial 5 finished with value: -0.12084599636254192 and parameters: {'confidence_threshold': 0.6064422761595144, 'training_days': 210, 'n_estimators': 357, 'max_depth': 5, 'num_leaves': 40, 'learning_rate': 0.0974221287220869, 'subsample': 0.7929682762811064, 'colsample_bytree': 0.8124517510478, 'min_child_samples': 74, 'reg_alpha': 0.3811377260781234, 'reg_lambda': 5.607314238392041e-08}. Best is trial 4 with value: -0.07178643401379066.
