[I 2026-06-01 11:05:03,350] Trial 9 finished with value: -4.02372876526484 and parameters: {'confidence_threshold': 0.7267463643917187, 'training_days': 20, 'n_estimators': 337, 'max_depth': 5, 'num_leaves': 23, 'learning_rate': 0.022153031811454605, 'subsample': 0.6305627572358737, 'colsample_bytree': 0.6613413774216214, 'min_child_samples': 81, 'reg_alpha': 5.7638634029410314e-08, 'reg_lambda': 8.26603016764008}. Best is trial 2 with value: -0.0058390420311621545.
[I 2026-06-01 11:05:03,380] Trial 10 finished with value: -1.9417539320346175 and parameters: {'confidence_threshold': 0.8398533911817929, 'training_days': 10, 'n_estimators': 228, 'max_depth': 3, 'num_leaves': 15, 'learning_rate': 0.2789359567293539, 'subsample': 0.6821883053833926, 'colsample_bytree': 0.9944479338273263, 'min_child_samples': 23, 'reg_alpha': 2.903134294418681, 'reg_lambda': 0.0032849428938367974}. Best is trial 2 with value: -0.0058390420311621545.
[I 2026-06-01 11:05:03,557] Trial 11 finished with value: -0.06386244802693629 and parameters: {'confidence_threshold': 0.6075016155177957, 'training_days': 300, 'n_estimators': 182, 'max_depth': 4, 'num_leaves': 59, 'learning_rate': 0.010226258249598861, 'subsample': 0.7538575004267684, 'colsample_bytree': 0.8724278937851807, 'min_child_samples': 64, 'reg_alpha': 2.5646023357365184e-05, 'reg_lambda': 7.359299995524362e-08}. Best is trial 2 with value: -0.0058390420311621545.
[I 2026-06-01 11:05:03,624] Trial 12 finished with value: -0.07153467977423802 and parameters: {'confidence_threshold': 0.5145853631584999, 'training_days': 200, 'n_estimators': 53, 'max_depth': 4, 'num_leaves': 30, 'learning_rate': 0.12411615325331521, 'subsample': 0.7554010767848054, 'colsample_bytree': 0.8750909515331022, 'min_child_samples': 77, 'reg_alpha': 0.00012116501730499813, 'reg_lambda': 2.323935870907716e-06}. Best is trial 2 with value: -0.0058390420311621545.
[I 2026-06-01 11:05:03,746] Trial 13 finished with value: -0.07297532717786413 and parameters: {'confidence_threshold': 0.6308026073906248, 'training_days': 350, 'n_estimators': 135, 'max_depth': 3, 'num_leaves': 52, 'learning_rate': 0.11842510796771445, 'subsample': 0.6688674075624301, 'colsample_bytree': 0.9584932215576711, 'min_child_samples': 52, 'reg_alpha': 0.008968726659070418, 'reg_lambda': 0.006726263507857872}. Best is trial 2 with value: -0.0058390420311621545.
[I 2026-06-01 11:05:03,974] Trial 14 finished with value: -0.08911731168112187 and parameters: {'confidence_threshold': 0.7808065270010196, 'training_days': 150, 'n_estimators': 500, 'max_depth': 4, 'num_leaves': 32, 'learning_rate': 0.17261533403295679, 'subsample': 0.7851487748866213, 'colsample_bytree': 0.7832231035788051, 'min_child_samples': 77, 'reg_alpha': 7.802128548199889e-06, 'reg_lambda': 9.095925666395889e-07}. Best is trial 2 with value: -0.0058390420311621545.
[I 2026-06-01 11:05:04,118] Trial 15 finished with value: -0.0875646263307825 and parameters: {'confidence_threshold': 0.637232282335899, 'training_days': 370, 'n_estimators': 229, 'max_depth': 3, 'num_leaves': 24, 'learning_rate': 0.07617900183549549, 'subsample': 0.6193477618531672, 'colsample_bytree': 0.6227630478850803, 'min_child_samples': 88, 'reg_alpha': 0.0035002949287749625, 'reg_lambda': 0.0013467843257158065}. Best is trial 2 with value: -0.0058390420311621545.
[I 2026-06-01 11:05:04,292] Trial 16 finished with value: -0.08203013985299137 and parameters: {'confidence_threshold': 0.5156958281455359, 'training_days': 280, 'n_estimators': 125, 'max_depth': 5, 'num_leaves': 51, 'learning_rate': 0.021342803802310486, 'subsample': 0.9682632526518532, 'colsample_bytree': 0.7345439854033059, 'min_child_samples': 38, 'reg_alpha': 0.26282773497232326, 'reg_lambda': 6.140696575463618e-06}. Best is trial 2 with value: -0.0058390420311621545.
[I 2026-06-01 11:05:04,427] Trial 17 finished with value: -0.08225338212244462 and parameters: {'confidence_threshold': 0.6488298805973919, 'training_days': 190, 'n_estimators': 214, 'max_depth': 4, 'num_leaves': 37, 'learning_rate': 0.1913942156766461, 'subsample': 0.8166496944734324, 'colsample_bytree': 0.5057115752743404, 'min_child_samples': 68, 'reg_alpha': 3.3737157731879095e-06, 'reg_lambda': 1.6353177257584385e-08}. Best is trial 2 with value: -0.0058390420311621545.

    [CV fold 2] train_end=2023-04-21 00:00 | val_start=2023-04-28 16:00 | gap=184h (22 rows)
    [CV fold 3] train_end=2023-08-19 08:00 | val_start=2023-08-27 00:00 | gap=184h (22 rows)
    [CV fold 4] train_end=2023-12-17 16:00 | val_start=2023-12-25 08:00 | gap=184h (22 rows)
    [trial 0] Sharpe=-0.0694 (folds: 0.1150, -0.1336, -0.0963, -0.1518, -0.0802)
    [trial 1] 46 features, training_days=220 | threshold=0.755 | labels: 1007 long, 1164 short (46/54%)
    [trial 1] Sharpe=-2.0665 (folds: 0.4183, -0.1923, -10.0000, -0.4026, -0.1557)
    [trial 2] 46 features, training_days=310 | threshold=0.754 | labels: 1007 long, 1164 short (46/54%)
    [trial 2] Sharpe=-0.0394 (folds: 0.0119, -0.0389, -0.2873, -0.0317, 0.1492)
    [trial 3] 46 features, training_days=220 | threshold=0.673 | labels: 1007 long, 1164 short (46/54%)
    [trial 3] Sharpe=-0.0365 (folds: 0.0384, -0.0158, -0.0717, -0.0319, -0.1014)
    [trial 4] 46 features, training_days=130 | threshold=0.803 | labels: 1007 long, 1164 short (46/54%)
    [trial 4] Sharpe=-0.0588 (folds: 0.0522, 0.0353, -0.1566, -0.2567, 0.0318)
    [trial 5] 46 features, training_days=210 | threshold=0.606 | labels: 1007 long, 1164 short (46/54%)
    [trial 5] Sharpe=-0.0673 (folds: -0.0741, -0.0115, -0.0090, -0.1347, -0.1072)
    [trial 6] 46 features, training_days=130 | threshold=0.767 | labels: 1007 long, 1164 short (46/54%)
    [trial 6] Sharpe=-0.0312 (folds: 0.0684, 0.0926, -0.1057, -0.1529, -0.0582)
    [trial 7] 46 features, training_days=80 | threshold=0.556 | labels: 1007 long, 1164 short (46/54%)
    [trial 7] Sharpe=-0.0064 (folds: 0.0020, 0.1010, -0.1131, 0.0042, -0.0263)
    [trial 8] 46 features, training_days=200 | threshold=0.607 | labels: 1007 long, 1164 short (46/54%)
    [trial 8] Sharpe=-0.0714 (folds: -0.0583, -0.0206, -0.1687, -0.0167, -0.0925)
    [trial 9] 46 features, training_days=260 | threshold=0.620 | labels: 1007 long, 1164 short (46/54%)
    [trial 9] Sharpe=-0.0646 (folds: 0.0111, -0.0544, -0.1546, -0.0787, -0.0463)
    [trial 10] 46 features, training_days=10 | threshold=0.525 | labels: 1007 long, 1164 short (46/54%)
    [trial 10] Sharpe=-0.0058 (folds: 0.2632, -0.0614, 0.0377, -0.3204, 0.0517)
    [trial 11] 46 features, training_days=10 | threshold=0.505 | labels: 1007 long, 1164 short (46/54%)
    [trial 11] Sharpe=-0.0058 (folds: 0.2632, -0.0614, 0.0377, -0.3204, 0.0517)
    [trial 12] 46 features, training_days=10 | threshold=0.509 | labels: 1007 long, 1164 short (46/54%)
    [trial 12] Sharpe=-0.0058 (folds: 0.2632, -0.0614, 0.0377, -0.3204, 0.0517)
    [trial 13] 46 features, training_days=480 | threshold=0.502 | labels: 1007 long, 1164 short (46/54%)
    [trial 13] Sharpe=-0.0630 (folds: 0.0823, -0.0654, -0.0423, -0.0574, -0.2320)
    [trial 14] 46 features, training_days=20 | threshold=0.553 | labels: 1007 long, 1164 short (46/54%)
    [trial 14] Sharpe=-0.0320 (folds: 0.2632, -0.0614, 0.0377, -0.3204, -0.0790)
    [trial 15] 46 features, training_days=60 | threshold=0.555 | labels: 1007 long, 1164 short (46/54%)
    [trial 15] Sharpe=-0.0357 (folds: -0.1069, 0.0665, -0.0377, -0.0732, -0.0274)
    [trial 16] 46 features, training_days=350 | threshold=0.674 | labels: 1007 long, 1164 short (46/54%)
    [trial 16] Sharpe=-0.0693 (folds: 0.1936, -0.1220, -0.0152, -0.0762, -0.3267)
    [trial 17] 46 features, training_days=70 | threshold=0.536 | labels: 1007 long, 1164 short (46/54%)
    [trial 17] Sharpe=0.0500 (folds: 0.1280, 0.1453, -0.1734, 0.1256, 0.0246)
  Optuna: 18 trials, best Sharpe = 0.0500
  Best params: n_estimators=441, max_depth=3, lr=0.0299, leaves=59
  Best confidence_threshold: 0.536
  Best training_days: 70
  Retrained on full data (210 samples, 46 features)
  [ensemble 3/3] seed=456
    [trial 0] 46 features, training_days=90 | threshold=0.587 | labels: 1007 long, 1164 short (46/54%)
    [CV fold 0] train_end=2022-08-23 08:00 | val_start=2022-08-31 00:00 | gap=184h (22 rows)
    [CV fold 1] train_end=2022-12-21 16:00 | val_start=2022-12-29 08:00 | gap=184h (22 rows)
    [CV fold 2] train_end=2023-04-21 00:00 | val_start=2023-04-28 16:00 | gap=184h (22 rows)
    [CV fold 3] train_end=2023-08-19 08:00 | val_start=2023-08-27 00:00 | gap=184h (22 rows)
    [CV fold 4] train_end=2023-12-17 16:00 | val_start=2023-12-25 08:00 | gap=184h (22 rows)
    [trial 0] Sharpe=-0.0418 (folds: -0.0528, 0.0224, -0.0517, -0.0464, -0.0806)
    [trial 1] 46 features, training_days=290 | threshold=0.635 | labels: 1007 long, 1164 short (46/54%)
    [trial 1] Sharpe=-0.0360 (folds: 0.0825, -0.0467, -0.0955, -0.1531, 0.0325)
    [trial 2] 46 features, training_days=10 | threshold=0.585 | labels: 1007 long, 1164 short (46/54%)
    [trial 2] Sharpe=-0.0058 (folds: 0.2632, -0.0614, 0.0377, -0.3204, 0.0517)
    [trial 3] 46 features, training_days=220 | threshold=0.687 | labels: 1007 long, 1164 short (46/54%)
    [trial 3] Sharpe=-0.0932 (folds: 0.1513, -0.1435, -0.0850, -0.1445, -0.2441)
    [trial 4] 46 features, training_days=300 | threshold=0.562 | labels: 1007 long, 1164 short (46/54%)
    [trial 4] Sharpe=-0.0794 (folds: -0.0277, -0.0145, -0.3116, -0.0799, 0.0369)
    [trial 5] 46 features, training_days=490 | threshold=0.711 | labels: 1007 long, 1164 short (46/54%)
    [trial 5] Sharpe=-0.1047 (folds: -0.0955, 0.0029, -0.2079, -0.0372, -0.1860)
    [trial 6] 46 features, training_days=420 | threshold=0.667 | labels: 1007 long, 1164 short (46/54%)
    [trial 6] Sharpe=-0.1229 (folds: -0.0047, -0.0463, -0.2048, -0.1438, -0.2149)
    [trial 7] 46 features, training_days=120 | threshold=0.550 | labels: 1007 long, 1164 short (46/54%)
    [trial 7] Sharpe=-0.0744 (folds: -0.0473, 0.0170, -0.1119, -0.1058, -0.1239)
    [trial 8] 46 features, training_days=450 | threshold=0.720 | labels: 1007 long, 1164 short (46/54%)
    [trial 8] Sharpe=-0.1151 (folds: 0.0849, -0.1058, -0.1466, -0.1151, -0.2928)
    [trial 9] 46 features, training_days=20 | threshold=0.727 | labels: 1007 long, 1164 short (46/54%)
    [trial 9] Sharpe=-4.0237 (folds: 0.2632, -0.0614, -10.0000, -0.3204, -10.0000)
    [trial 10] 46 features, training_days=10 | threshold=0.840 | labels: 1007 long, 1164 short (46/54%)
    [trial 10] Sharpe=-1.9418 (folds: 0.2632, -0.0614, 0.0377, -10.0000, 0.0517)
    [trial 11] 46 features, training_days=300 | threshold=0.608 | labels: 1007 long, 1164 short (46/54%)
    [trial 11] Sharpe=-0.0639 (folds: 0.1323, -0.0446, -0.2674, -0.1125, -0.0272)
    [trial 12] 46 features, training_days=200 | threshold=0.515 | labels: 1007 long, 1164 short (46/54%)
    [trial 12] Sharpe=-0.0715 (folds: -0.0263, -0.0226, -0.1077, -0.1131, -0.0881)
    [trial 13] 46 features, training_days=350 | threshold=0.631 | labels: 1007 long, 1164 short (46/54%)
    [trial 13] Sharpe=-0.0730 (folds: -0.0630, -0.0830, -0.2104, -0.0499, 0.0415)
    [trial 14] 46 features, training_days=150 | threshold=0.781 | labels: 1007 long, 1164 short (46/54%)
    [trial 14] Sharpe=-0.0891 (folds: -0.0651, 0.0572, -0.0804, -0.2642, -0.0932)
    [trial 15] 46 features, training_days=370 | threshold=0.637 | labels: 1007 long, 1164 short (46/54%)
    [trial 15] Sharpe=-0.0876 (folds: 0.0603, -0.1098, -0.1462, -0.1284, -0.1137)
    [trial 16] 46 features, training_days=280 | threshold=0.516 | labels: 1007 long, 1164 short (46/54%)
    [trial 16] Sharpe=-0.0820 (folds: -0.1134, -0.0126, -0.0907, -0.1412, -0.0523)
    [trial 17] 46 features, training_days=190 | threshold=0.649 | labels: 1007 long, 1164 short (46/54%)
    [trial 17] Sharpe=-0.0823 (folds: -0.0507, -0.0553, -0.1003, -0.1483, -0.0567)
  Optuna: 18 trials, best Sharpe = -0.0058
  Best params: n_estimators=212, max_depth=3, lr=0.1845, leaves=41
  Best confidence_threshold: 0.585
  Best training_days: 10
  Retrained on full data (30 samples, 46 features)
  OOD: 16 features, cutoff (q=0.7) = 13.86
  Model trained for 2024-05: 93 test candles with features, confidence_threshold=0.571
[predict] 2024-05-01 00:00 DOTUSDT → SHORT (proba=0.66 TP=14.8%/SL=7.4%)
[trade:open] 2024-05-01 07:59 DOTUSDT SHORT @ 6.29 | SL=6.75 TP=5.36 | timeout=2024-05-08 07:59
[trade:close] 2024-05-01 23:59 DOTUSDT SHORT → stop_loss @ 6.75 | PnL=-7.39% (net -7.49%) | cum=+51.54% 2024-05=-7.49% 2024-05-01=-7.49%[I 2026-06-01 11:05:04,941] A new study created in memory with name: no-name-1cab9d8a-d1e1-472d-9ce6-4909d78f5d24
[I 2026-06-01 11:05:05,244] Trial 0 finished with value: -0.14126399700491749 and parameters: {'confidence_threshold': 0.6310890415965769, 'training_days': 480, 'n_estimators': 380, 'max_depth': 4, 'num_leaves': 22, 'learning_rate': 0.01699897838270077, 'subsample': 0.5290418060840998, 'colsample_bytree': 0.9330880728874675, 'min_child_samples': 68, 'reg_alpha': 0.023585940584142682, 'reg_lambda': 1.5320059381854043e-08}. Best is trial 0 with value: -0.14126399700491749.
[I 2026-06-01 11:05:05,382] Trial 1 finished with value: -8.047377329984768 and parameters: {'confidence_threshold': 0.839468448256698, 'training_days': 420, 'n_estimators': 145, 'max_depth': 3, 'num_leaves': 23, 'learning_rate': 0.028145092716060652, 'subsample': 0.762378215816119, 'colsample_bytree': 0.7159725093210578, 'min_child_samples': 43, 'reg_alpha': 0.0032112643094417484, 'reg_lambda': 1.8007140198129195e-07}. Best is trial 0 with value: -0.14126399700491749.
[I 2026-06-01 11:05:05,569] Trial 2 finished with value: -0.012293515743811873 and parameters: {'confidence_threshold': 0.6022506269873263, 'training_days': 190, 'n_estimators': 255, 'max_depth': 5, 'num_leaves': 24, 'learning_rate': 0.05748924681991978, 'subsample': 0.7962072844310213, 'colsample_bytree': 0.5232252063599989, 'min_child_samples': 69, 'reg_alpha': 3.425445902633376e-07, 'reg_lambda': 3.850031979199519e-08}. Best is trial 2 with value: -0.012293515743811873.
[I 2026-06-01 11:05:05,831] Trial 3 finished with value: -0.08403052606518344 and parameters: {'confidence_threshold': 0.8321099380386666, 'training_days': 490, 'n_estimators': 414, 'max_depth': 3, 'num_leaves': 19, 'learning_rate': 0.1024932221692416, 'subsample': 0.7200762468698007, 'colsample_bytree': 0.5610191174223894, 'min_child_samples': 60, 'reg_alpha': 2.039373116525212e-08, 'reg_lambda': 1.527156759251193}. Best is trial 2 with value: -0.012293515743811873.
[I 2026-06-01 11:05:05,978] Trial 4 finished with value: 0.02386608932109604 and parameters: {'confidence_threshold': 0.5905729935600059, 'training_days': 340, 'n_estimators': 190, 'max_depth': 4, 'num_leaves': 41, 'learning_rate': 0.01875220945578641, 'subsample': 0.9847923138822793, 'colsample_bytree': 0.8875664116805573, 'min_child_samples': 96, 'reg_alpha': 1.1309571585271483, 'reg_lambda': 0.002404915432737351}. Best is trial 4 with value: 0.02386608932109604.
[I 2026-06-01 11:05:06,020] Trial 5 finished with value: -1.89377859567543 and parameters: {'confidence_threshold': 0.8226559822580909, 'training_days': 50, 'n_estimators': 138, 'max_depth': 3, 'num_leaves': 30, 'learning_rate': 0.03750796359625606, 'subsample': 0.6356745158869479, 'colsample_bytree': 0.9143687545759647, 'min_child_samples': 48, 'reg_alpha': 3.376063348877853e-06, 'reg_lambda': 0.0007660634613082914}. Best is trial 4 with value: 0.02386608932109604.
[I 2026-06-01 11:05:06,127] Trial 6 finished with value: -0.03020372328967739 and parameters: {'confidence_threshold': 0.5493234787411669, 'training_days': 410, 'n_estimators': 83, 'max_depth': 5, 'num_leaves': 52, 'learning_rate': 0.019657448966046126, 'subsample': 0.5027610585618012, 'colsample_bytree': 0.9077307142274171, 'min_child_samples': 77, 'reg_alpha': 0.03639690979811287, 'reg_lambda': 0.08738424135626986}. Best is trial 4 with value: 0.02386608932109604.
[I 2026-06-01 11:05:06,222] Trial 7 finished with value: 0.006478306994673605 and parameters: {'confidence_threshold': 0.5259156281069316, 'training_days': 180, 'n_estimators': 102, 'max_depth': 5, 'num_leaves': 45, 'learning_rate': 0.030816017044468066, 'subsample': 0.5317791751430119, 'colsample_bytree': 0.6554911608578311, 'min_child_samples': 46, 'reg_alpha': 0.036851536911881845, 'reg_lambda': 0.005470376807480391}. Best is trial 4 with value: 0.02386608932109604.
[I 2026-06-01 11:05:06,351] Trial 8 finished with value: -0.06895484482096766 and parameters: {'confidence_threshold': 0.8105244599017143, 'training_days': 240, 'n_estimators': 103, 'max_depth': 5, 'num_leaves': 52, 'learning_rate': 0.06746437142284309, 'subsample': 0.8854835899772805, 'colsample_bytree': 0.7468977981821954, 'min_child_samples': 62, 'reg_alpha': 7.04480806377519e-05, 'reg_lambda': 1.6934490731313353e-08}. Best is trial 4 with value: 0.02386608932109604.
[I 2026-06-01 11:05:06,375] Trial 9 finished with value: -0.002763282536354733 and parameters: {'confidence_threshold': 0.5377619994476566, 'training_days': 20, 'n_estimators': 337, 'max_depth': 3, 'num_leaves': 39, 'learning_rate': 0.21907142272152816, 'subsample': 0.6246461145744375, 'colsample_bytree': 0.7051914615178149, 'min_child_samples': 81, 'reg_alpha': 1.1459970229341322e-06, 'reg_lambda': 4.929685216887945e-08}. Best is trial 4 with value: 0.02386608932109604.
[I 2026-06-01 11:05:06,742] Trial 10 finished with value: 0.0638377604480646 and parameters: {'confidence_threshold': 0.6797821749717731, 'training_days': 350, 'n_estimators': 487, 'max_depth': 4, 'num_leaves': 61, 'learning_rate': 0.011407797829608154, 'subsample': 0.9865389998628291, 'colsample_bytree': 0.8382861898713898, 'min_child_samples': 98, 'reg_alpha': 8.536188349289, 'reg_lambda': 3.3639426888455256e-06}. Best is trial 10 with value: 0.0638377604480646.
[I 2026-06-01 11:05:06,926] Trial 11 finished with value: -0.04600626063062703 and parameters: {'confidence_threshold': 0.7161090655475574, 'training_days': 330, 'n_estimators': 243, 'max_depth': 4, 'num_leaves': 61, 'learning_rate': 0.010418004616766478, 'subsample': 0.999465390980953, 'colsample_bytree': 0.8374910753955798, 'min_child_samples': 98, 'reg_alpha': 5.370415467243256, 'reg_lambda': 8.43884102267831e-06}. Best is trial 10 with value: 0.0638377604480646.
[I 2026-06-01 11:05:07,250] Trial 12 finished with value: 0.06116491305691714 and parameters: {'confidence_threshold': 0.7131758522018106, 'training_days': 330, 'n_estimators': 493, 'max_depth': 4, 'num_leaves': 63, 'learning_rate': 0.010377063435469455, 'subsample': 0.9951155230471791, 'colsample_bytree': 0.8304278626461432, 'min_child_samples': 100, 'reg_alpha': 7.438980468767913, 'reg_lambda': 4.507398817361611e-06}. Best is trial 10 with value: 0.0638377604480646.
[I 2026-06-01 11:05:07,798] Trial 13 finished with value: -0.08610287317975698 and parameters: {'confidence_threshold': 0.7148621561313179, 'training_days': 320, 'n_estimators': 500, 'max_depth': 4, 'num_leaves': 62, 'learning_rate': 0.010487676952854678, 'subsample': 0.890753242980251, 'colsample_bytree': 0.9988270228115897, 'min_child_samples': 22, 'reg_alpha': 1.3806058092546691, 'reg_lambda': 1.0174852371049091e-05}. Best is trial 10 with value: 0.0638377604480646.
[I 2026-06-01 11:05:08,108] Trial 14 finished with value: -0.01868807807587594 and parameters: {'confidence_threshold': 0.7467244789105287, 'training_days': 270, 'n_estimators': 499, 'max_depth': 4, 'num_leaves': 56, 'learning_rate': 0.010284682228713442, 'subsample': 0.9219477307925201, 'colsample_bytree': 0.8125859382071857, 'min_child_samples': 88, 'reg_alpha': 6.243069797304175, 'reg_lambda': 7.565770484313319e-06}. Best is trial 10 with value: 0.0638377604480646.
[I 2026-06-01 11:05:08,449] Trial 15 finished with value: 0.014381283718683538 and parameters: {'confidence_threshold': 0.6610698460388247, 'training_days': 400, 'n_estimators': 430, 'max_depth': 4, 'num_leaves': 57, 'learning_rate': 0.2656554302157523, 'subsample': 0.8411467032973752, 'colsample_bytree': 0.8100744538922787, 'min_child_samples': 100, 'reg_alpha': 0.27399024801261046, 'reg_lambda': 9.719377527587131e-07}. Best is trial 10 with value: 0.0638377604480646.
