[I 2026-06-01 11:04:11,599] Trial 2 finished with value: -0.1721317061283183 and parameters: {'confidence_threshold': 0.7535593637012223, 'training_days': 310, 'n_estimators': 375, 'max_depth': 3, 'num_leaves': 32, 'learning_rate': 0.021735641882032388, 'subsample': 0.6468570231944146, 'colsample_bytree': 0.8154880619272439, 'min_child_samples': 27, 'reg_alpha': 8.004064028491336e-05, 'reg_lambda': 7.546835261630524e-05}. Best is trial 0 with value: -0.0808674133106885.

  Train window: 2021-12-01 → 2023-11-23
  2168 training samples from 1 symbols
  Samples per month: 2021-12: 93, 2022-01: 93, 2022-02: 84, 2022-03: 93, 2022-04: 90, 2022-05: 93, 2022-06: 90, 2022-07: 93, 2022-08: 93, 2022-09: 90, 2022-10: 93, 2022-11: 90, 2022-12: 93, 2023-01: 93, 2023-02: 84, 2023-03: 93, 2023-04: 90, 2023-05: 93, 2023-06: 90, 2023-07: 93, 2023-08: 93, 2023-09: 90, 2023-10: 93, 2023-11: 68
  [label] 2022-01-31 16:00 DOTUSDT entry=19.3680 → LONG | long=timeout(+15.28%) short=sl(-9.53%) | scanned=22 | no_tp→fwd_return=+15.3759
  [label] 2022-02-02 16:00 DOTUSDT entry=18.7530 → LONG | long=tp(+18.74%) short=sl(-9.52%) | scanned=13 | long_tp_only
  [label] 2022-02-06 16:00 DOTUSDT entry=21.8940 → SHORT | long=sl(-7.78%) short=tp(+15.26%) | scanned=16 | short_tp_only
  [label] 2022-03-03 08:00 DOTUSDT entry=18.1130 → SHORT | long=sl(-9.13%) short=timeout(+6.53%) | scanned=22 | no_tp→fwd_return=-6.6251
  [label] 2022-04-24 16:00 DOTUSDT entry=18.1490 → SHORT | long=sl(-5.66%) short=tp(+11.02%) | scanned=15 | short_tp_only
  [label] 2022-10-07 16:00 DOTUSDT entry=6.3250 → SHORT | long=sl(-3.71%) short=tp(+7.11%) | scanned=16 | short_tp_only
  [label] 2022-10-11 16:00 DOTUSDT entry=6.1760 → SHORT | long=sl(-3.43%) short=tp(+6.57%) | scanned=5 | short_tp_only
  [label] 2022-10-22 08:00 DOTUSDT entry=5.8300 → LONG | long=tp(+7.79%) short=sl(-4.04%) | scanned=10 | long_tp_only
  [label] 2022-12-06 08:00 DOTUSDT entry=5.4730 → SHORT | long=sl(-4.00%) short=tp(+7.69%) | scanned=17 | short_tp_only
  [label] 2022-12-14 16:00 DOTUSDT entry=5.2130 → SHORT | long=sl(-4.18%) short=tp(+8.05%) | scanned=6 | short_tp_only
  [label] 2023-03-15 00:00 DOTUSDT entry=6.3120 → SHORT | long=sl(-7.96%) short=timeout(+0.04%) | scanned=22 | no_tp→fwd_return=-0.1426
  [label] 2023-04-16 00:00 DOTUSDT entry=6.7880 → SHORT | long=sl(-4.03%) short=tp(+7.75%) | scanned=10 | short_tp_only
  [label] 2023-05-02 00:00 DOTUSDT entry=5.6950 → SHORT | long=sl(-4.67%) short=tp(+9.04%) | scanned=20 | short_tp_only
  [label] 2023-05-14 16:00 DOTUSDT entry=5.3450 → SHORT | long=timeout(-1.48%) short=timeout(+1.28%) | scanned=22 | no_tp→fwd_return=-1.3845
  [label] 2023-06-02 08:00 DOTUSDT entry=5.2430 → SHORT | long=sl(-3.13%) short=tp(+5.97%) | scanned=10 | short_tp_only
  [label] 2023-06-08 16:00 DOTUSDT entry=5.0190 → SHORT | long=sl(-3.78%) short=tp(+7.26%) | scanned=4 | short_tp_only
  [label] 2023-06-21 00:00 DOTUSDT entry=4.7080 → LONG | long=tp(+9.60%) short=sl(-4.95%) | scanned=12 | long_tp_only
  [label] 2023-07-30 08:00 DOTUSDT entry=5.2450 → SHORT | long=sl(-2.94%) short=tp(+5.57%) | scanned=5 | short_tp_only
  [label] 2023-08-09 08:00 DOTUSDT entry=5.0490 → SHORT | long=sl(-2.95%) short=tp(+5.61%) | scanned=19 | short_tp_only
  [label] 2023-11-03 08:00 DOTUSDT entry=4.6240 → LONG | long=tp(+13.25%) short=sl(-6.78%) | scanned=18 | long_tp_only
  Labels: 952 long (43.9%), 1216 short (56.1%) | weights: min=1.00, mean=3.36, max=10.00
  Features: 2168/2168 matched, 46 columns
  CV gap: 22 rows
  [ensemble 1/3] seed=42
    [trial 0] 46 features, training_days=480 | threshold=0.631 | labels: 952 long, 1216 short (44/56%)
    [CV fold 0] train_end=2022-03-24 08:00 | val_start=2022-04-01 00:00 | gap=184h (22 rows)
    [CV fold 1] train_end=2022-07-22 16:00 | val_start=2022-07-30 08:00 | gap=184h (22 rows)
    [CV fold 2] train_end=2022-11-20 00:00 | val_start=2022-11-27 16:00 | gap=184h (22 rows)
    [CV fold 3] train_end=2023-03-20 08:00 | val_start=2023-03-28 00:00 | gap=184h (22 rows)
    [CV fold 4] train_end=2023-07-18 16:00 | val_start=2023-07-26 08:00 | gap=184h (22 rows)
    [trial 0] Sharpe=-0.0825 (folds: -0.2466, -0.3252, 0.2028, -0.1785, 0.1350)
    [trial 1] 46 features, training_days=420 | threshold=0.839 | labels: 952 long, 1216 short (44/56%)
    [trial 1] Sharpe=-6.3365 (folds: -0.2940, -1.3885, -10.0000, -10.0000, -10.0000)
    [trial 2] 46 features, training_days=190 | threshold=0.602 | labels: 952 long, 1216 short (44/56%)
    [trial 2] Sharpe=-0.1231 (folds: -0.1620, -0.2901, 0.0169, -0.0604, -0.1199)
    [trial 3] 46 features, training_days=490 | threshold=0.832 | labels: 952 long, 1216 short (44/56%)
    [trial 3] Sharpe=-0.0834 (folds: -0.1864, -0.4033, 0.1910, -0.1922, 0.1740)
    [trial 4] 46 features, training_days=340 | threshold=0.591 | labels: 952 long, 1216 short (44/56%)
    [trial 4] Sharpe=-0.1046 (folds: -0.0531, -0.2780, 0.0720, -0.1298, -0.1343)
    [trial 5] 46 features, training_days=50 | threshold=0.823 | labels: 952 long, 1216 short (44/56%)
    [trial 5] Sharpe=-0.3272 (folds: -0.8664, -0.2183, -0.0977, -0.1549, -0.2986)
    [trial 6] 46 features, training_days=410 | threshold=0.549 | labels: 952 long, 1216 short (44/56%)
    [trial 6] Sharpe=-0.0777 (folds: -0.1018, -0.3185, 0.2037, -0.1588, -0.0131)
    [trial 7] 46 features, training_days=180 | threshold=0.526 | labels: 952 long, 1216 short (44/56%)
    [trial 7] Sharpe=-0.1727 (folds: -0.3109, -0.2608, -0.0109, -0.1006, -0.1803)
    [trial 8] 46 features, training_days=240 | threshold=0.811 | labels: 952 long, 1216 short (44/56%)
    [trial 8] Sharpe=-0.2292 (folds: -0.2614, -0.8090, -0.0870, -0.1614, 0.1729)
    [trial 9] 46 features, training_days=20 | threshold=0.538 | labels: 952 long, 1216 short (44/56%)
    [trial 9] Sharpe=-0.0485 (folds: 0.2325, -0.3348, 0.0451, -0.1051, -0.0803)
    [trial 10] 46 features, training_days=10 | threshold=0.745 | labels: 952 long, 1216 short (44/56%)
    [trial 10] Sharpe=-2.0254 (folds: 0.2325, -0.3348, 0.0451, -0.0697, -10.0000)
    [trial 11] 46 features, training_days=350 | threshold=0.503 | labels: 952 long, 1216 short (44/56%)
    [trial 11] Sharpe=-0.0664 (folds: -0.1176, -0.2062, 0.1725, -0.1405, -0.0400)
    [trial 12] 46 features, training_days=310 | threshold=0.507 | labels: 952 long, 1216 short (44/56%)
    [trial 12] Sharpe=-0.0752 (folds: -0.1613, -0.2185, 0.1393, -0.0931, -0.0425)
    [trial 13] 46 features, training_days=100 | threshold=0.694 | labels: 952 long, 1216 short (44/56%)
    [trial 13] Sharpe=-0.0841 (folds: -0.2131, -0.1023, 0.0803, -0.1742, -0.0113)
    [trial 14] 46 features, training_days=130 | threshold=0.566 | labels: 952 long, 1216 short (44/56%)
    [trial 14] Sharpe=-0.1098 (folds: -0.1626, -0.2126, 0.1102, -0.1583, -0.1257)
    [trial 15] 46 features, training_days=300 | threshold=0.646 | labels: 952 long, 1216 short (44/56%)
    [trial 15] Sharpe=-0.0969 (folds: -0.1173, -0.2117, 0.0731, -0.1501, -0.0785)
    [trial 16] 46 features, training_days=390 | threshold=0.518 | labels: 952 long, 1216 short (44/56%)
    [trial 16] Sharpe=-0.0696 (folds: -0.1334, -0.2972, 0.1571, -0.1131, 0.0387)
    [trial 17] 46 features, training_days=240 | threshold=0.699 | labels: 952 long, 1216 short (44/56%)
    [trial 17] Sharpe=-0.1588 (folds: -0.3259, -0.2964, 0.0321, -0.1843, -0.0193)
  Optuna: 18 trials, best Sharpe = -0.0485
  Best params: n_estimators=337, max_depth=3, lr=0.2191, leaves=39
  Best confidence_threshold: 0.538
  Best training_days: 20
  Retrained on full data (60 samples, 46 features)
  [ensemble 2/3] seed=123
    [trial 0] 46 features, training_days=150 | threshold=0.744 | labels: 952 long, 1216 short (44/56%)
    [CV fold 0] train_end=2022-03-24 08:00 | val_start=2022-04-01 00:00 | gap=184h (22 rows)
    [CV fold 1] train_end=2022-07-22 16:00 | val_start=2022-07-30 08:00 | gap=184h (22 rows)
    [CV fold 2] train_end=2022-11-20 00:00 | val_start=2022-11-27 16:00 | gap=184h (22 rows)
    [CV fold 3] train_end=2023-03-20 08:00 | val_start=2023-03-28 00:00 | gap=184h (22 rows)
    [CV fold 4] train_end=2023-07-18 16:00 | val_start=2023-07-26 08:00 | gap=184h (22 rows)
    [trial 0] Sharpe=-0.0809 (folds: -0.2218, -0.1917, 0.0892, -0.0124, -0.0676)
    [trial 1] 46 features, training_days=220 | threshold=0.755 | labels: 952 long, 1216 short (44/56%)
    [trial 1] Sharpe=-5.9475 (folds: 0.4414, -10.0000, -0.1787, -10.0000, -10.0000)
    [trial 2] 46 features, training_days=310 | threshold=0.754 | labels: 952 long, 1216 short (44/56%)
    [trial 2] Sharpe=-0.1721 (folds: -0.2447, -0.4876, 0.0538, -0.2668, 0.0847)
    [trial 3] 46 features, training_days=220 | threshold=0.673 | labels: 952 long, 1216 short (44/56%)[I 2026-06-01 11:04:11,777] Trial 3 finished with value: -0.08698303192567543 and parameters: {'confidence_threshold': 0.6727897841776072, 'training_days': 220, 'n_estimators': 190, 'max_depth': 4, 'num_leaves': 58, 'learning_rate': 0.24810689332636193, 'subsample': 0.7509183379421682, 'colsample_bytree': 0.8119764758960556, 'min_child_samples': 29, 'reg_alpha': 7.1708285081421445e-06, 'reg_lambda': 5.412973582738627e-05}. Best is trial 0 with value: -0.0808674133106885.
[I 2026-06-01 11:04:11,891] Trial 4 finished with value: -0.11971688462741999 and parameters: {'confidence_threshold': 0.803208205259178, 'training_days': 130, 'n_estimators': 267, 'max_depth': 5, 'num_leaves': 40, 'learning_rate': 0.08041175317374143, 'subsample': 0.5603143329951619, 'colsample_bytree': 0.9131704002534167, 'min_child_samples': 68, 'reg_alpha': 0.0008046593428183385, 'reg_lambda': 1.2158346158765583e-05}. Best is trial 0 with value: -0.0808674133106885.
[I 2026-06-01 11:04:12,143] Trial 5 finished with value: -0.1269594048385086 and parameters: {'confidence_threshold': 0.6064422761595144, 'training_days': 210, 'n_estimators': 357, 'max_depth': 5, 'num_leaves': 40, 'learning_rate': 0.0974221287220869, 'subsample': 0.7929682762811064, 'colsample_bytree': 0.8124517510478, 'min_child_samples': 74, 'reg_alpha': 0.3811377260781234, 'reg_lambda': 5.607314238392041e-08}. Best is trial 0 with value: -0.0808674133106885.
[I 2026-06-01 11:04:12,258] Trial 6 finished with value: -0.15931614534193414 and parameters: {'confidence_threshold': 0.7672889945051684, 'training_days': 130, 'n_estimators': 137, 'max_depth': 4, 'num_leaves': 19, 'learning_rate': 0.2031117614248665, 'subsample': 0.8136244860256343, 'colsample_bytree': 0.8617081790949774, 'min_child_samples': 21, 'reg_alpha': 0.002238138278733199, 'reg_lambda': 0.001025809534977322}. Best is trial 0 with value: -0.0808674133106885.
[I 2026-06-01 11:04:12,334] Trial 7 finished with value: -0.14439024089124747 and parameters: {'confidence_threshold': 0.555635875450653, 'training_days': 80, 'n_estimators': 363, 'max_depth': 3, 'num_leaves': 48, 'learning_rate': 0.06590089024008658, 'subsample': 0.6944752870615722, 'colsample_bytree': 0.962566244806993, 'min_child_samples': 88, 'reg_alpha': 1.6465620446426067e-05, 'reg_lambda': 2.4678750890085655e-08}. Best is trial 0 with value: -0.0808674133106885.
[I 2026-06-01 11:04:12,670] Trial 8 finished with value: -0.05926735519836335 and parameters: {'confidence_threshold': 0.6066688256938841, 'training_days': 200, 'n_estimators': 367, 'max_depth': 5, 'num_leaves': 32, 'learning_rate': 0.13377519215934996, 'subsample': 0.7965884582811106, 'colsample_bytree': 0.8458508993500886, 'min_child_samples': 32, 'reg_alpha': 3.889436043816386e-05, 'reg_lambda': 1.4713062489380356e-06}. Best is trial 8 with value: -0.05926735519836335.
[I 2026-06-01 11:04:12,881] Trial 9 finished with value: -0.18469534324154283 and parameters: {'confidence_threshold': 0.6202096049169137, 'training_days': 260, 'n_estimators': 350, 'max_depth': 3, 'num_leaves': 21, 'learning_rate': 0.02989540198065364, 'subsample': 0.8307821683331218, 'colsample_bytree': 0.923253112635361, 'min_child_samples': 64, 'reg_alpha': 0.4898604619604203, 'reg_lambda': 2.9076377687066166e-05}. Best is trial 8 with value: -0.05926735519836335.
[I 2026-06-01 11:04:13,396] Trial 10 finished with value: -0.09799616126261024 and parameters: {'confidence_threshold': 0.5342665212695602, 'training_days': 470, 'n_estimators': 493, 'max_depth': 5, 'num_leaves': 30, 'learning_rate': 0.010221918552934462, 'subsample': 0.9182272143313567, 'colsample_bytree': 0.6202684210924141, 'min_child_samples': 44, 'reg_alpha': 1.466506858166308e-08, 'reg_lambda': 0.014616129255130504}. Best is trial 8 with value: -0.05926735519836335.
[I 2026-06-01 11:04:13,426] Trial 11 finished with value: -6.077490114580741 and parameters: {'confidence_threshold': 0.6855108908675568, 'training_days': 30, 'n_estimators': 226, 'max_depth': 4, 'num_leaves': 61, 'learning_rate': 0.11975677381222764, 'subsample': 0.9949734643335495, 'colsample_bytree': 0.6661831737797719, 'min_child_samples': 49, 'reg_alpha': 4.28336488974334e-07, 'reg_lambda': 6.470692703374516e-07}. Best is trial 8 with value: -0.05926735519836335.
[I 2026-06-01 11:04:13,859] Trial 12 finished with value: -0.10632313514354916 and parameters: {'confidence_threshold': 0.66034247783242, 'training_days': 360, 'n_estimators': 459, 'max_depth': 5, 'num_leaves': 47, 'learning_rate': 0.046905974008408464, 'subsample': 0.92991693404731, 'colsample_bytree': 0.5201164353688423, 'min_child_samples': 44, 'reg_alpha': 8.729633697039858e-07, 'reg_lambda': 7.796589835036051e-07}. Best is trial 8 with value: -0.05926735519836335.
[I 2026-06-01 11:04:13,906] Trial 13 finished with value: -0.12549531898018 and parameters: {'confidence_threshold': 0.7129257884245761, 'training_days': 140, 'n_estimators': 53, 'max_depth': 4, 'num_leaves': 31, 'learning_rate': 0.15152203000979778, 'subsample': 0.8857808963885785, 'colsample_bytree': 0.6983873109274945, 'min_child_samples': 85, 'reg_alpha': 0.012364597712185036, 'reg_lambda': 1.6009308911139923e-06}. Best is trial 8 with value: -0.05926735519836335.
[I 2026-06-01 11:04:14,075] Trial 14 finished with value: -0.12122330987982591 and parameters: {'confidence_threshold': 0.5989738483601615, 'training_days': 340, 'n_estimators': 146, 'max_depth': 5, 'num_leaves': 52, 'learning_rate': 0.04434186931015897, 'subsample': 0.9851041348954317, 'colsample_bytree': 0.9951780710339017, 'min_child_samples': 53, 'reg_alpha': 9.364024934217904e-05, 'reg_lambda': 0.002238160234885918}. Best is trial 8 with value: -0.05926735519836335.
[I 2026-06-01 11:04:14,106] Trial 15 finished with value: -3.958425359287294 and parameters: {'confidence_threshold': 0.8260782159980345, 'training_days': 10, 'n_estimators': 290, 'max_depth': 4, 'num_leaves': 25, 'learning_rate': 0.037392478764815176, 'subsample': 0.507007918467014, 'colsample_bytree': 0.871820548850172, 'min_child_samples': 100, 'reg_alpha': 5.011892081220446e-07, 'reg_lambda': 3.5532501480887757}. Best is trial 8 with value: -0.05926735519836335.
[I 2026-06-01 11:04:14,505] Trial 16 finished with value: -0.032176478515461765 and parameters: {'confidence_threshold': 0.7118186560446125, 'training_days': 440, 'n_estimators': 422, 'max_depth': 4, 'num_leaves': 38, 'learning_rate': 0.15363059836890353, 'subsample': 0.7054254219908529, 'colsample_bytree': 0.7369444896723635, 'min_child_samples': 36, 'reg_alpha': 0.03162588031476967, 'reg_lambda': 2.6555260212701354e-06}. Best is trial 16 with value: -0.032176478515461765.
[I 2026-06-01 11:04:14,734] Trial 17 finished with value: -0.07436679905674606 and parameters: {'confidence_threshold': 0.5004748807695347, 'training_days': 490, 'n_estimators': 429, 'max_depth': 5, 'num_leaves': 36, 'learning_rate': 0.17554188630213277, 'subsample': 0.6850938357283138, 'colsample_bytree': 0.7172814868782968, 'min_child_samples': 34, 'reg_alpha': 7.284070645541434, 'reg_lambda': 2.239510482307918e-07}. Best is trial 16 with value: -0.032176478515461765.
[I 2026-06-01 11:04:15,027] A new study created in memory with name: no-name-42abd7b9-ab59-4263-a412-20659d09cc39
[I 2026-06-01 11:04:15,210] Trial 0 finished with value: -0.04730852593726385 and parameters: {'confidence_threshold': 0.5870645682749857, 'training_days': 90, 'n_estimators': 403, 'max_depth': 5, 'num_leaves': 45, 'learning_rate': 0.0780457193679974, 'subsample': 0.9428509515574568, 'colsample_bytree': 0.8795587339164916, 'min_child_samples': 34, 'reg_alpha': 2.2465901234314442e-07, 'reg_lambda': 8.339007036475363e-05}. Best is trial 0 with value: -0.04730852593726385.
[I 2026-06-01 11:04:15,317] Trial 1 finished with value: -0.15430117919646028 and parameters: {'confidence_threshold': 0.6348453934275313, 'training_days': 290, 'n_estimators': 115, 'max_depth': 5, 'num_leaves': 37, 'learning_rate': 0.06949568759029946, 'subsample': 0.8228505074024268, 'colsample_bytree': 0.8616703220431751, 'min_child_samples': 75, 'reg_alpha': 4.2486822725010923e-07, 'reg_lambda': 1.157247767047042e-07}. Best is trial 0 with value: -0.04730852593726385.
[I 2026-06-01 11:04:15,334] Trial 2 finished with value: -0.028754337407148806 and parameters: {'confidence_threshold': 0.5849570384370288, 'training_days': 10, 'n_estimators': 212, 'max_depth': 3, 'num_leaves': 41, 'learning_rate': 0.18452095998378365, 'subsample': 0.6001060822924371, 'colsample_bytree': 0.5673167293506167, 'min_child_samples': 37, 'reg_alpha': 5.733250064217131, 'reg_lambda': 0.5308454292595461}. Best is trial 2 with value: -0.028754337407148806.
[I 2026-06-01 11:04:15,417] Trial 3 finished with value: -0.11633597957299055 and parameters: {'confidence_threshold': 0.6868248626683718, 'training_days': 220, 'n_estimators': 134, 'max_depth': 3, 'num_leaves': 45, 'learning_rate': 0.033529007907491595, 'subsample': 0.8647277071858408, 'colsample_bytree': 0.778494116634046, 'min_child_samples': 96, 'reg_alpha': 2.409409937265785e-07, 'reg_lambda': 1.1642073478060009}. Best is trial 2 with value: -0.028754337407148806.
[I 2026-06-01 11:04:15,498] Trial 4 finished with value: -0.14060074796357874 and parameters: {'confidence_threshold': 0.5623121348350352, 'training_days': 300, 'n_estimators': 69, 'max_depth': 4, 'num_leaves': 32, 'learning_rate': 0.14967629360700346, 'subsample': 0.5054535233636654, 'colsample_bytree': 0.7401385194659216, 'min_child_samples': 27, 'reg_alpha': 1.4212042567426725e-07, 'reg_lambda': 0.23605753701352003}. Best is trial 2 with value: -0.028754337407148806.
[I 2026-06-01 11:04:15,941] Trial 5 finished with value: -0.09126620296339683 and parameters: {'confidence_threshold': 0.7111850244908446, 'training_days': 490, 'n_estimators': 362, 'max_depth': 5, 'num_leaves': 40, 'learning_rate': 0.05960785724162737, 'subsample': 0.5589714368907717, 'colsample_bytree': 0.6659006943232806, 'min_child_samples': 42, 'reg_alpha': 0.6741360303045295, 'reg_lambda': 6.054601607143087e-08}. Best is trial 2 with value: -0.028754337407148806.
[I 2026-06-01 11:04:16,112] Trial 6 finished with value: -0.13308538478813148 and parameters: {'confidence_threshold': 0.667482545748023, 'training_days': 420, 'n_estimators': 279, 'max_depth': 3, 'num_leaves': 45, 'learning_rate': 0.040099592560849204, 'subsample': 0.8563114696415159, 'colsample_bytree': 0.5442917781944105, 'min_child_samples': 50, 'reg_alpha': 1.6407916423707903e-08, 'reg_lambda': 2.935907642973286e-05}. Best is trial 2 with value: -0.028754337407148806.
[I 2026-06-01 11:04:16,270] Trial 7 finished with value: -0.06160365498719056 and parameters: {'confidence_threshold': 0.5497381024139926, 'training_days': 120, 'n_estimators': 408, 'max_depth': 5, 'num_leaves': 38, 'learning_rate': 0.28049122657745795, 'subsample': 0.8806573338635493, 'colsample_bytree': 0.5454054113547102, 'min_child_samples': 63, 'reg_alpha': 0.01263008637940408, 'reg_lambda': 0.04588020805366937}. Best is trial 2 with value: -0.028754337407148806.
[I 2026-06-01 11:04:16,538] Trial 8 finished with value: -0.0877435927573306 and parameters: {'confidence_threshold': 0.719644804808716, 'training_days': 450, 'n_estimators': 410, 'max_depth': 4, 'num_leaves': 57, 'learning_rate': 0.04022026551478857, 'subsample': 0.5336085426932707, 'colsample_bytree': 0.5705742850577543, 'min_child_samples': 100, 'reg_alpha': 5.916398047912201e-07, 'reg_lambda': 0.9794034214488329}. Best is trial 2 with value: -0.028754337407148806.
[I 2026-06-01 11:04:16,564] Trial 9 finished with value: -2.0274905790866784 and parameters: {'confidence_threshold': 0.7267463643917187, 'training_days': 20, 'n_estimators': 337, 'max_depth': 5, 'num_leaves': 23, 'learning_rate': 0.022153031811454605, 'subsample': 0.6305627572358737, 'colsample_bytree': 0.6613413774216214, 'min_child_samples': 81, 'reg_alpha': 5.7638634029410314e-08, 'reg_lambda': 8.26603016764008}. Best is trial 2 with value: -0.028754337407148806.
[I 2026-06-01 11:04:16,591] Trial 10 finished with value: -3.958425359287294 and parameters: {'confidence_threshold': 0.8398533911817929, 'training_days': 10, 'n_estimators': 228, 'max_depth': 3, 'num_leaves': 15, 'learning_rate': 0.2789359567293539, 'subsample': 0.6821883053833926, 'colsample_bytree': 0.9944479338273263, 'min_child_samples': 23, 'reg_alpha': 2.903134294418681, 'reg_lambda': 0.0032849428938367974}. Best is trial 2 with value: -0.028754337407148806.
[I 2026-06-01 11:04:16,864] Trial 11 finished with value: -0.10593560635989852 and parameters: {'confidence_threshold': 0.6072368037709402, 'training_days': 130, 'n_estimators': 478, 'max_depth': 4, 'num_leaves': 54, 'learning_rate': 0.11404807996447297, 'subsample': 0.9876183503862322, 'colsample_bytree': 0.9214296292909252, 'min_child_samples': 39, 'reg_alpha': 2.5646023357365184e-05, 'reg_lambda': 5.962006663598236e-05}. Best is trial 2 with value: -0.028754337407148806.
