[I 2026-06-01 11:05:29,979] Trial 15 finished with value: 0.0272201347803561 and parameters: {'confidence_threshold': 0.767613903308841, 'training_days': 340, 'n_estimators': 223, 'max_depth': 4, 'num_leaves': 63, 'learning_rate': 0.2817455530827664, 'subsample': 0.8491616563277528, 'colsample_bytree': 0.8100744538922787, 'min_child_samples': 81, 'reg_alpha': 0.0018780797504261812, 'reg_lambda': 7.482879404932238e-05}. Best is trial 15 with value: 0.0272201347803561.

  Optuna: 18 trials, best Sharpe = 0.0575
  Best params: n_estimators=115, max_depth=5, lr=0.0695, leaves=37
  Best confidence_threshold: 0.635
  Best training_days: 290
  Retrained on full data (870 samples, 46 features)
  OOD: 16 features, cutoff (q=0.7) = 14.06
  Model trained for 2024-07: 93 test candles with features, confidence_threshold=0.719
[trade:close] 2024-07-02 07:59 DOTUSDT SHORT → stop_loss @ 6.52 | PnL=-5.41% (net -5.51%) | cum=+58.68% 2024-07=-5.51% 2024-07-02=-5.51%
[predict] 2024-07-07 00:00 DOTUSDT → SHORT (proba=0.72 TP=15.9%/SL=8.0%)
[trade:open] 2024-07-07 07:59 DOTUSDT SHORT @ 6.21 | SL=6.70 TP=5.22 | timeout=2024-07-14 07:59
[trade:close] 2024-07-14 08:00 DOTUSDT SHORT → timeout @ 6.22 | PnL=-0.27% (net -0.37%) | cum=+58.30% 2024-07=-5.88% 2024-07-14=-0.37%
[predict] 2024-07-16 00:00 DOTUSDT → SHORT (proba=0.72 TP=11.3%/SL=5.6%)
[trade:open] 2024-07-16 07:59 DOTUSDT SHORT @ 6.21 | SL=6.56 TP=5.51 | timeout=2024-07-23 07:59
[trade:close] 2024-07-23 08:00 DOTUSDT SHORT → timeout @ 6.00 | PnL=+3.38% (net +3.28%) | cum=+61.58% 2024-07=-2.60% 2024-07-23=+3.28%
[predict] 2024-07-24 00:00 DOTUSDT → LONG (proba=0.85 TP=10.2%/SL=5.1%)
[trade:open] 2024-07-24 07:59 DOTUSDT LONG @ 5.96 | SL=5.65 TP=6.57 | timeout=2024-07-31 07:59
[trade:close] 2024-07-24 23:59 DOTUSDT LONG → stop_loss @ 5.65 | PnL=-5.10% (net -5.20%) | cum=+56.39% 2024-07=-7.80% 2024-07-24=-5.20%
[lgbm] === Training for 2024-08 ===
  Train window: 2022-08-01 → 2024-07-24
  2171 training samples from 1 symbols
  Samples per month: 2022-08: 93, 2022-09: 90, 2022-10: 93, 2022-11: 90, 2022-12: 93, 2023-01: 93, 2023-02: 84, 2023-03: 93, 2023-04: 90, 2023-05: 93, 2023-06: 90, 2023-07: 93, 2023-08: 93, 2023-09: 90, 2023-10: 93, 2023-11: 90, 2023-12: 93, 2024-01: 93, 2024-02: 87, 2024-03: 93, 2024-04: 90, 2024-05: 93, 2024-06: 90, 2024-07: 71
  [label] 2022-10-01 16:00 DOTUSDT entry=6.2670 → LONG | long=timeout(+0.54%) short=timeout(-0.74%) | scanned=22 | no_tp→fwd_return=+0.6383
  [label] 2022-10-04 00:00 DOTUSDT entry=6.4330 → SHORT | long=sl(-4.46%) short=timeout(+3.58%) | scanned=22 | no_tp→fwd_return=-3.6841
  [label] 2022-10-07 16:00 DOTUSDT entry=6.3250 → SHORT | long=sl(-3.71%) short=tp(+7.11%) | scanned=16 | short_tp_only
  [label] 2022-11-01 08:00 DOTUSDT entry=6.5100 → LONG | long=sl(-5.00%) short=sl(-5.00%) | scanned=9 | no_tp→fwd_return=+3.5791
  [label] 2022-12-24 00:00 DOTUSDT entry=4.4660 → SHORT | long=sl(-3.95%) short=timeout(+2.79%) | scanned=22 | no_tp→fwd_return=-2.8885
  [label] 2023-06-08 00:00 DOTUSDT entry=5.0210 → SHORT | long=sl(-4.05%) short=tp(+7.81%) | scanned=6 | short_tp_only
  [label] 2023-06-12 00:00 DOTUSDT entry=4.4590 → LONG | long=timeout(+1.67%) short=sl(-5.97%) | scanned=22 | no_tp→fwd_return=+1.7717
  [label] 2023-06-22 16:00 DOTUSDT entry=4.8220 → LONG | long=timeout(+3.22%) short=sl(-5.10%) | scanned=22 | no_tp→fwd_return=+3.3181
  [label] 2023-08-06 16:00 DOTUSDT entry=5.0020 → SHORT | long=sl(-2.96%) short=timeout(+0.30%) | scanned=22 | no_tp→fwd_return=-0.3998
  [label] 2023-08-15 08:00 DOTUSDT entry=4.9480 → SHORT | long=sl(-2.20%) short=tp(+4.09%) | scanned=1 | short_tp_only
  [label] 2023-11-13 16:00 DOTUSDT entry=5.3520 → SHORT | long=timeout(-1.03%) short=timeout(+0.83%) | scanned=22 | no_tp→fwd_return=-0.9342
  [label] 2023-12-15 16:00 DOTUSDT entry=6.9530 → LONG | long=tp(+20.75%) short=sl(-10.53%) | scanned=18 | long_tp_only
  [label] 2024-01-01 00:00 DOTUSDT entry=8.1760 → SHORT | long=sl(-8.22%) short=tp(+16.15%) | scanned=7 | short_tp_only
  [label] 2024-01-13 16:00 DOTUSDT entry=7.6140 → SHORT | long=sl(-8.70%) short=timeout(+9.15%) | scanned=22 | no_tp→fwd_return=-9.2461
  [label] 2024-02-01 00:00 DOTUSDT entry=6.6510 → LONG | long=timeout(+4.38%) short=sl(-5.71%) | scanned=22 | no_tp→fwd_return=+4.4805
  [label] 2024-02-07 08:00 DOTUSDT entry=6.8010 → LONG | long=tp(+8.55%) short=sl(-4.42%) | scanned=17 | long_tp_only
  [label] 2024-02-19 16:00 DOTUSDT entry=8.0370 → LONG | long=sl(-5.32%) short=timeout(-1.12%) | scanned=22 | no_tp→fwd_return=+1.0203
  [label] 2024-03-30 08:00 DOTUSDT entry=9.5320 → SHORT | long=sl(-5.85%) short=tp(+11.41%) | scanned=9 | short_tp_only
  [label] 2024-04-09 00:00 DOTUSDT entry=8.8580 → SHORT | long=sl(-5.09%) short=tp(+9.87%) | scanned=11 | short_tp_only
  [label] 2024-07-04 08:00 DOTUSDT entry=5.8350 → SHORT | long=sl(-6.62%) short=tp(+12.95%) | scanned=2 | short_tp_only
  Labels: 1010 long (46.5%), 1161 short (53.5%) | weights: min=1.00, mean=3.99, max=10.00
  Features: 2171/2171 matched, 46 columns
  CV gap: 22 rows
  [ensemble 1/3] seed=42
    [trial 0] 46 features, training_days=480 | threshold=0.631 | labels: 1010 long, 1161 short (47/53%)
    [CV fold 0] train_end=2022-11-23 08:00 | val_start=2022-12-01 00:00 | gap=184h (22 rows)
    [CV fold 1] train_end=2023-03-23 16:00 | val_start=2023-03-31 08:00 | gap=184h (22 rows)
    [CV fold 2] train_end=2023-07-22 00:00 | val_start=2023-07-29 16:00 | gap=184h (22 rows)
    [CV fold 3] train_end=2023-11-19 08:00 | val_start=2023-11-27 00:00 | gap=184h (22 rows)
    [CV fold 4] train_end=2024-03-18 16:00 | val_start=2024-03-26 08:00 | gap=184h (22 rows)
    [trial 0] Sharpe=-0.0279 (folds: 0.1502, -0.1515, 0.0187, -0.1102, -0.0469)
    [trial 1] 46 features, training_days=420 | threshold=0.839 | labels: 1010 long, 1161 short (47/53%)
    [trial 1] Sharpe=-4.0627 (folds: -0.0340, -0.0213, -10.0000, -0.2580, -10.0000)
    [trial 2] 46 features, training_days=190 | threshold=0.602 | labels: 1010 long, 1161 short (47/53%)
    [trial 2] Sharpe=-0.0502 (folds: 0.1396, -0.1545, -0.0695, -0.0103, -0.1563)
    [trial 3] 46 features, training_days=490 | threshold=0.832 | labels: 1010 long, 1161 short (47/53%)
    [trial 3] Sharpe=-0.0818 (folds: 0.1269, -0.1115, -0.0327, -0.3360, -0.0557)
    [trial 4] 46 features, training_days=340 | threshold=0.591 | labels: 1010 long, 1161 short (47/53%)
    [trial 4] Sharpe=-0.0960 (folds: -0.0222, -0.1556, -0.0753, -0.1051, -0.1216)
    [trial 5] 46 features, training_days=50 | threshold=0.823 | labels: 1010 long, 1161 short (47/53%)
    [trial 5] Sharpe=-0.1552 (folds: -0.0343, -0.0123, -0.2965, -0.1080, -0.3249)
    [trial 6] 46 features, training_days=410 | threshold=0.549 | labels: 1010 long, 1161 short (47/53%)
    [trial 6] Sharpe=-0.0382 (folds: -0.0085, -0.2033, -0.0122, 0.0051, 0.0277)
    [trial 7] 46 features, training_days=180 | threshold=0.526 | labels: 1010 long, 1161 short (47/53%)
    [trial 7] Sharpe=-0.0625 (folds: 0.0371, -0.1299, -0.1205, 0.0894, -0.1888)
    [trial 8] 46 features, training_days=240 | threshold=0.811 | labels: 1010 long, 1161 short (47/53%)
    [trial 8] Sharpe=-0.0378 (folds: 0.1480, -0.1851, 0.1323, -0.0533, -0.2308)
    [trial 9] 46 features, training_days=20 | threshold=0.538 | labels: 1010 long, 1161 short (47/53%)
    [trial 9] Sharpe=-3.9874 (folds: 0.0411, -10.0000, -10.0000, -0.1491, 0.1708)
    [trial 10] 46 features, training_days=350 | threshold=0.694 | labels: 1010 long, 1161 short (47/53%)
    [trial 10] Sharpe=-0.0908 (folds: 0.0756, -0.2736, -0.0701, -0.1483, -0.0374)
    [trial 11] 46 features, training_days=240 | threshold=0.719 | labels: 1010 long, 1161 short (47/53%)
    [trial 11] Sharpe=-0.0218 (folds: 0.1389, -0.1685, 0.0257, -0.0596, -0.0455)
    [trial 12] 46 features, training_days=130 | threshold=0.713 | labels: 1010 long, 1161 short (47/53%)
    [trial 12] Sharpe=-0.1132 (folds: 0.1485, -0.1501, -0.1970, -0.1587, -0.2087)
    [trial 13] 46 features, training_days=300 | threshold=0.743 | labels: 1010 long, 1161 short (47/53%)
    [trial 13] Sharpe=-0.0034 (folds: 0.1762, -0.0918, 0.0640, -0.2145, 0.0493)
    [trial 14] 46 features, training_days=320 | threshold=0.753 | labels: 1010 long, 1161 short (47/53%)
    [trial 14] Sharpe=0.0064 (folds: 0.1511, -0.1273, 0.0756, -0.1407, 0.0730)
    [trial 15] 46 features, training_days=340 | threshold=0.768 | labels: 1010 long, 1161 short (47/53%)
    [trial 15] Sharpe=0.0272 (folds: 0.1993, -0.1050, 0.0804, -0.1491, 0.1105)
    [trial 16] 46 features, training_days=310 | threshold=0.769 | labels: 1010 long, 1161 short (47/53%)[I 2026-06-01 11:05:30,139] Trial 16 finished with value: 0.007282819853178609 and parameters: {'confidence_threshold': 0.7687603958827255, 'training_days': 310, 'n_estimators': 213, 'max_depth': 4, 'num_leaves': 50, 'learning_rate': 0.2950860852613796, 'subsample': 0.8013687718960705, 'colsample_bytree': 0.6373496409979768, 'min_child_samples': 86, 'reg_alpha': 1.6230643075200477e-05, 'reg_lambda': 0.000206947476014065}. Best is trial 15 with value: 0.0272201347803561.
[I 2026-06-01 11:05:30,297] Trial 17 finished with value: 0.0032967433651664184 and parameters: {'confidence_threshold': 0.789403558838043, 'training_days': 410, 'n_estimators': 217, 'max_depth': 4, 'num_leaves': 51, 'learning_rate': 0.29161359190379404, 'subsample': 0.8366733523272174, 'colsample_bytree': 0.6091330191487015, 'min_child_samples': 99, 'reg_alpha': 7.809808776078162e-06, 'reg_lambda': 0.00015267913721560088}. Best is trial 15 with value: 0.0272201347803561.
[I 2026-06-01 11:05:30,602] A new study created in memory with name: no-name-b23ed12b-0e15-4df9-b779-97f83fc6a16e
[I 2026-06-01 11:05:30,699] Trial 0 finished with value: -0.027050951216741087 and parameters: {'confidence_threshold': 0.7437642149592516, 'training_days': 150, 'n_estimators': 152, 'max_depth': 4, 'num_leaves': 50, 'learning_rate': 0.04216766425047743, 'subsample': 0.9903820991923078, 'colsample_bytree': 0.8424148692924316, 'min_child_samples': 58, 'reg_alpha': 3.381097259762742e-05, 'reg_lambda': 1.2263152961306247e-05}. Best is trial 0 with value: -0.027050951216741087.
[I 2026-06-01 11:05:30,771] Trial 1 finished with value: -3.9984067093085223 and parameters: {'confidence_threshold': 0.7551673975844145, 'training_days': 220, 'n_estimators': 76, 'max_depth': 4, 'num_leaves': 51, 'learning_rate': 0.018602118810743477, 'subsample': 0.5877258780737462, 'colsample_bytree': 0.7657756869209191, 'min_child_samples': 63, 'reg_alpha': 0.005123994170264194, 'reg_lambda': 0.44145470178120466}. Best is trial 0 with value: -0.027050951216741087.
[I 2026-06-01 11:05:31,045] Trial 2 finished with value: -0.04111489524149482 and parameters: {'confidence_threshold': 0.7535593637012223, 'training_days': 310, 'n_estimators': 375, 'max_depth': 3, 'num_leaves': 32, 'learning_rate': 0.021735641882032388, 'subsample': 0.6468570231944146, 'colsample_bytree': 0.8154880619272439, 'min_child_samples': 27, 'reg_alpha': 8.004064028491336e-05, 'reg_lambda': 7.546835261630524e-05}. Best is trial 0 with value: -0.027050951216741087.
[I 2026-06-01 11:05:31,235] Trial 3 finished with value: 0.0028436345685597304 and parameters: {'confidence_threshold': 0.6727897841776072, 'training_days': 220, 'n_estimators': 190, 'max_depth': 4, 'num_leaves': 58, 'learning_rate': 0.24810689332636193, 'subsample': 0.7509183379421682, 'colsample_bytree': 0.8119764758960556, 'min_child_samples': 29, 'reg_alpha': 7.1708285081421445e-06, 'reg_lambda': 5.412973582738627e-05}. Best is trial 3 with value: 0.0028436345685597304.
[I 2026-06-01 11:05:31,370] Trial 4 finished with value: -0.0747750186848207 and parameters: {'confidence_threshold': 0.803208205259178, 'training_days': 130, 'n_estimators': 267, 'max_depth': 5, 'num_leaves': 40, 'learning_rate': 0.08041175317374143, 'subsample': 0.5603143329951619, 'colsample_bytree': 0.9131704002534167, 'min_child_samples': 68, 'reg_alpha': 0.0008046593428183385, 'reg_lambda': 1.2158346158765583e-05}. Best is trial 3 with value: 0.0028436345685597304.
[I 2026-06-01 11:05:31,616] Trial 5 finished with value: -0.01287488214588165 and parameters: {'confidence_threshold': 0.6064422761595144, 'training_days': 210, 'n_estimators': 357, 'max_depth': 5, 'num_leaves': 40, 'learning_rate': 0.0974221287220869, 'subsample': 0.7929682762811064, 'colsample_bytree': 0.8124517510478, 'min_child_samples': 74, 'reg_alpha': 0.3811377260781234, 'reg_lambda': 5.607314238392041e-08}. Best is trial 3 with value: 0.0028436345685597304.
[I 2026-06-01 11:05:31,737] Trial 6 finished with value: -0.07871128459699984 and parameters: {'confidence_threshold': 0.7672889945051684, 'training_days': 130, 'n_estimators': 137, 'max_depth': 4, 'num_leaves': 19, 'learning_rate': 0.2031117614248665, 'subsample': 0.8136244860256343, 'colsample_bytree': 0.8617081790949774, 'min_child_samples': 21, 'reg_alpha': 0.002238138278733199, 'reg_lambda': 0.001025809534977322}. Best is trial 3 with value: 0.0028436345685597304.
[I 2026-06-01 11:05:31,818] Trial 7 finished with value: -0.1520338589160552 and parameters: {'confidence_threshold': 0.555635875450653, 'training_days': 80, 'n_estimators': 363, 'max_depth': 3, 'num_leaves': 48, 'learning_rate': 0.06590089024008658, 'subsample': 0.6944752870615722, 'colsample_bytree': 0.962566244806993, 'min_child_samples': 88, 'reg_alpha': 1.6465620446426067e-05, 'reg_lambda': 2.4678750890085655e-08}. Best is trial 3 with value: 0.0028436345685597304.
[I 2026-06-01 11:05:32,199] Trial 8 finished with value: -0.024897354296793676 and parameters: {'confidence_threshold': 0.6066688256938841, 'training_days': 200, 'n_estimators': 367, 'max_depth': 5, 'num_leaves': 32, 'learning_rate': 0.13377519215934996, 'subsample': 0.7965884582811106, 'colsample_bytree': 0.8458508993500886, 'min_child_samples': 32, 'reg_alpha': 3.889436043816386e-05, 'reg_lambda': 1.4713062489380356e-06}. Best is trial 3 with value: 0.0028436345685597304.
[I 2026-06-01 11:05:32,431] Trial 9 finished with value: -0.05486603731057373 and parameters: {'confidence_threshold': 0.6202096049169137, 'training_days': 260, 'n_estimators': 350, 'max_depth': 3, 'num_leaves': 21, 'learning_rate': 0.02989540198065364, 'subsample': 0.8307821683331218, 'colsample_bytree': 0.923253112635361, 'min_child_samples': 64, 'reg_alpha': 0.4898604619604203, 'reg_lambda': 2.9076377687066166e-05}. Best is trial 3 with value: 0.0028436345685597304.
[I 2026-06-01 11:05:32,879] Trial 10 finished with value: -0.09388348967698372 and parameters: {'confidence_threshold': 0.6756170272727778, 'training_days': 470, 'n_estimators': 493, 'max_depth': 4, 'num_leaves': 63, 'learning_rate': 0.010221918552934462, 'subsample': 0.9383547926937981, 'colsample_bytree': 0.6202684210924141, 'min_child_samples': 44, 'reg_alpha': 2.371385268938747e-08, 'reg_lambda': 0.015315426420116851}. Best is trial 3 with value: 0.0028436345685597304.
[I 2026-06-01 11:05:33,046] Trial 11 finished with value: -0.014768608173879181 and parameters: {'confidence_threshold': 0.5130539202318031, 'training_days': 360, 'n_estimators': 240, 'max_depth': 5, 'num_leaves': 62, 'learning_rate': 0.2959690066750305, 'subsample': 0.7286462650868973, 'colsample_bytree': 0.6778283959364831, 'min_child_samples': 85, 'reg_alpha': 5.52148235930095, 'reg_lambda': 1.003877192537953e-08}. Best is trial 3 with value: 0.0028436345685597304.
[I 2026-06-01 11:05:33,080] Trial 12 finished with value: -5.957627818905263 and parameters: {'confidence_threshold': 0.6727899930733724, 'training_days': 20, 'n_estimators': 208, 'max_depth': 5, 'num_leaves': 41, 'learning_rate': 0.11827280733062773, 'subsample': 0.8941395335595879, 'colsample_bytree': 0.5196457038790347, 'min_child_samples': 100, 'reg_alpha': 1.6619318482295187e-07, 'reg_lambda': 3.4564366996258125e-07}. Best is trial 3 with value: 0.0028436345685597304.
[I 2026-06-01 11:05:33,490] Trial 13 finished with value: -0.022578305655007506 and parameters: {'confidence_threshold': 0.6676681644376227, 'training_days': 360, 'n_estimators': 475, 'max_depth': 4, 'num_leaves': 56, 'learning_rate': 0.17046417675278192, 'subsample': 0.6692276593280039, 'colsample_bytree': 0.7127943105272387, 'min_child_samples': 49, 'reg_alpha': 0.14818704307411545, 'reg_lambda': 0.004788009985073303}. Best is trial 3 with value: 0.0028436345685597304.
[I 2026-06-01 11:05:33,667] Trial 14 finished with value: 0.014785139602396871 and parameters: {'confidence_threshold': 0.6064803304844418, 'training_days': 280, 'n_estimators': 184, 'max_depth': 5, 'num_leaves': 30, 'learning_rate': 0.26508115524576814, 'subsample': 0.762401725462525, 'colsample_bytree': 0.7704425590179644, 'min_child_samples': 75, 'reg_alpha': 8.955273563402083e-07, 'reg_lambda': 1.66052015319664}. Best is trial 14 with value: 0.014785139602396871.
[I 2026-06-01 11:05:33,870] Trial 15 finished with value: -0.0021392420179056904 and parameters: {'confidence_threshold': 0.7050367233919248, 'training_days': 470, 'n_estimators': 175, 'max_depth': 4, 'num_leaves': 27, 'learning_rate': 0.27204901504327883, 'subsample': 0.507007918467014, 'colsample_bytree': 0.6207525605252069, 'min_child_samples': 40, 'reg_alpha': 1.570172639790588e-06, 'reg_lambda': 6.662494752773517}. Best is trial 14 with value: 0.014785139602396871.
[I 2026-06-01 11:05:33,936] Trial 16 finished with value: -0.05339568820552938 and parameters: {'confidence_threshold': 0.5432818053112383, 'training_days': 300, 'n_estimators': 50, 'max_depth': 4, 'num_leaves': 15, 'learning_rate': 0.18142095727579352, 'subsample': 0.7413101637994183, 'colsample_bytree': 0.7554523176622983, 'min_child_samples': 78, 'reg_alpha': 1.3301074884234083e-06, 'reg_lambda': 0.5009197426674707}. Best is trial 14 with value: 0.014785139602396871.
[I 2026-06-01 11:05:34,071] Trial 17 finished with value: -0.1093835812620011 and parameters: {'confidence_threshold': 0.6235092015218521, 'training_days': 380, 'n_estimators': 100, 'max_depth': 5, 'num_leaves': 32, 'learning_rate': 0.042902079630999276, 'subsample': 0.9014122584775794, 'colsample_bytree': 0.6724420355711832, 'min_child_samples': 53, 'reg_alpha': 6.229602473892305e-07, 'reg_lambda': 0.048072093482243845}. Best is trial 14 with value: 0.014785139602396871.
[I 2026-06-01 11:05:34,415] A new study created in memory with name: no-name-704e19ee-3949-4925-867f-2349554ea85a
[I 2026-06-01 11:05:34,625] Trial 0 finished with value: -0.06455480315252252 and parameters: {'confidence_threshold': 0.5870645682749857, 'training_days': 90, 'n_estimators': 403, 'max_depth': 5, 'num_leaves': 45, 'learning_rate': 0.0780457193679974, 'subsample': 0.9428509515574568, 'colsample_bytree': 0.8795587339164916, 'min_child_samples': 34, 'reg_alpha': 2.2465901234314442e-07, 'reg_lambda': 8.339007036475363e-05}. Best is trial 0 with value: -0.06455480315252252.
[I 2026-06-01 11:05:34,739] Trial 1 finished with value: -0.03954307375913034 and parameters: {'confidence_threshold': 0.6348453934275313, 'training_days': 290, 'n_estimators': 115, 'max_depth': 5, 'num_leaves': 37, 'learning_rate': 0.06949568759029946, 'subsample': 0.8228505074024268, 'colsample_bytree': 0.8616703220431751, 'min_child_samples': 75, 'reg_alpha': 4.2486822725010923e-07, 'reg_lambda': 1.157247767047042e-07}. Best is trial 1 with value: -0.03954307375913034.
[I 2026-06-01 11:05:34,757] Trial 2 finished with value: 0.05496897165856464 and parameters: {'confidence_threshold': 0.5849570384370288, 'training_days': 10, 'n_estimators': 212, 'max_depth': 3, 'num_leaves': 41, 'learning_rate': 0.18452095998378365, 'subsample': 0.6001060822924371, 'colsample_bytree': 0.5673167293506167, 'min_child_samples': 37, 'reg_alpha': 5.733250064217131, 'reg_lambda': 0.5308454292595461}. Best is trial 2 with value: 0.05496897165856464.
[I 2026-06-01 11:05:34,841] Trial 3 finished with value: -0.1337560035547805 and parameters: {'confidence_threshold': 0.6868248626683718, 'training_days': 220, 'n_estimators': 134, 'max_depth': 3, 'num_leaves': 45, 'learning_rate': 0.033529007907491595, 'subsample': 0.8647277071858408, 'colsample_bytree': 0.778494116634046, 'min_child_samples': 96, 'reg_alpha': 2.409409937265785e-07, 'reg_lambda': 1.1642073478060009}. Best is trial 2 with value: 0.05496897165856464.
[I 2026-06-01 11:05:34,928] Trial 4 finished with value: -0.08046879421703776 and parameters: {'confidence_threshold': 0.5623121348350352, 'training_days': 300, 'n_estimators': 69, 'max_depth': 4, 'num_leaves': 32, 'learning_rate': 0.14967629360700346, 'subsample': 0.5054535233636654, 'colsample_bytree': 0.7401385194659216, 'min_child_samples': 27, 'reg_alpha': 1.4212042567426725e-07, 'reg_lambda': 0.23605753701352003}. Best is trial 2 with value: 0.05496897165856464.
[I 2026-06-01 11:05:35,336] Trial 5 finished with value: -0.06335307376755228 and parameters: {'confidence_threshold': 0.7111850244908446, 'training_days': 490, 'n_estimators': 362, 'max_depth': 5, 'num_leaves': 40, 'learning_rate': 0.05960785724162737, 'subsample': 0.5589714368907717, 'colsample_bytree': 0.6659006943232806, 'min_child_samples': 42, 'reg_alpha': 0.6741360303045295, 'reg_lambda': 6.054601607143087e-08}. Best is trial 2 with value: 0.05496897165856464.
[I 2026-06-01 11:05:35,518] Trial 6 finished with value: -0.12314181471869304 and parameters: {'confidence_threshold': 0.667482545748023, 'training_days': 420, 'n_estimators': 279, 'max_depth': 3, 'num_leaves': 45, 'learning_rate': 0.040099592560849204, 'subsample': 0.8563114696415159, 'colsample_bytree': 0.5442917781944105, 'min_child_samples': 50, 'reg_alpha': 1.6407916423707903e-08, 'reg_lambda': 2.935907642973286e-05}. Best is trial 2 with value: 0.05496897165856464.
