[I 2026-06-01 11:07:22,015] Trial 10 finished with value: -0.04804491473755262 and parameters: {'confidence_threshold': 0.6938635787372303, 'training_days': 350, 'n_estimators': 487, 'max_depth': 4, 'num_leaves': 15, 'learning_rate': 0.011407797829608154, 'subsample': 0.6277217293825994, 'colsample_bytree': 0.9880699499289975, 'min_child_samples': 27, 'reg_alpha': 8.536188349289, 'reg_lambda': 3.3639426888455256e-06}. Best is trial 0 with value: 0.02890044073155882.

    [trial 13] 46 features, training_days=350 | threshold=0.808 | labels: 1012 long, 1159 short (47/53%)
    [trial 13] Sharpe=0.1032 (folds: -0.0145, -0.0936, 0.0052, 0.3442, 0.2745)
    [trial 14] 46 features, training_days=360 | threshold=0.848 | labels: 1012 long, 1159 short (47/53%)
    [trial 14] Sharpe=-1.9142 (folds: -0.1442, -0.1817, -10.0000, 0.2880, 0.4667)
    [trial 15] 46 features, training_days=220 | threshold=0.783 | labels: 1012 long, 1159 short (47/53%)
    [trial 15] Sharpe=-0.0929 (folds: -0.0344, -0.2582, -0.1213, -0.0879, 0.0376)
    [trial 16] 46 features, training_days=360 | threshold=0.781 | labels: 1012 long, 1159 short (47/53%)
    [trial 16] Sharpe=0.0769 (folds: 0.0011, -0.2021, -0.0964, 0.3416, 0.3404)
    [trial 17] 46 features, training_days=330 | threshold=0.508 | labels: 1012 long, 1159 short (47/53%)
    [trial 17] Sharpe=-0.0487 (folds: -0.0825, 0.0067, -0.0599, -0.0751, -0.0329)
  Optuna: 18 trials, best Sharpe = 0.1191
  Best params: n_estimators=490, max_depth=4, lr=0.0158, leaves=60
  Best confidence_threshold: 0.785
  Best training_days: 500
  Retrained on full data (1500 samples, 46 features)
  OOD: 16 features, cutoff (q=0.7) = 13.57
  Model trained for 2025-04: 90 test candles with features, confidence_threshold=0.767
[predict] 2025-04-03 08:00 DOTUSDT → LONG (proba=0.82 TP=14.3%/SL=7.2%)
[trade:open] 2025-04-03 15:59 DOTUSDT LONG @ 3.96 | SL=3.67 TP=4.52 | timeout=2025-04-10 15:59
[trade:close] 2025-04-06 23:59 DOTUSDT LONG → stop_loss @ 3.67 | PnL=-7.16% (net -7.26%) | cum=+104.21% 2025-04=-7.26% 2025-04-06=-7.26%
[predict] 2025-04-11 08:00 DOTUSDT → SHORT (proba=0.87 TP=16.9%/SL=8.5%)
[trade:open] 2025-04-11 15:59 DOTUSDT SHORT @ 3.53 | SL=3.83 TP=2.93 | timeout=2025-04-18 15:59
[trade:close] 2025-04-18 16:00 DOTUSDT SHORT → timeout @ 3.69 | PnL=-4.48% (net -4.58%) | cum=+99.63% 2025-04=-11.84% 2025-04-18=-4.58%
[predict] 2025-04-20 08:00 DOTUSDT → LONG (proba=0.77 TP=9.7%/SL=4.9%)
[trade:open] 2025-04-20 15:59 DOTUSDT LONG @ 3.86 | SL=3.67 TP=4.24 | timeout=2025-04-27 15:59
[trade:close] 2025-04-24 23:59 DOTUSDT LONG → take_profit @ 4.24 | PnL=+9.72% (net +9.62%) | cum=+109.24% 2025-04=-2.23% 2025-04-24=+9.62%
[predict] 2025-04-27 16:00 DOTUSDT → LONG (proba=0.80 TP=10.8%/SL=5.4%)
[trade:open] 2025-04-27 23:59 DOTUSDT LONG @ 4.09 | SL=3.87 TP=4.53 | timeout=2025-05-04 23:59
[lgbm] === Training for 2025-05 ===
  Train window: 2023-05-01 → 2025-04-23
  2171 training samples from 1 symbols
  Samples per month: 2023-05: 93, 2023-06: 90, 2023-07: 93, 2023-08: 93, 2023-09: 90, 2023-10: 93, 2023-11: 90, 2023-12: 93, 2024-01: 93, 2024-02: 87, 2024-03: 93, 2024-04: 90, 2024-05: 93, 2024-06: 90, 2024-07: 93, 2024-08: 93, 2024-09: 90, 2024-10: 93, 2024-11: 90, 2024-12: 93, 2025-01: 93, 2025-02: 84, 2025-03: 93, 2025-04: 68
  [label] 2023-07-01 16:00 DOTUSDT entry=5.3480 → SHORT | long=sl(-6.05%) short=timeout(+4.07%) | scanned=22 | no_tp→fwd_return=-4.1698
  [label] 2023-07-04 00:00 DOTUSDT entry=5.4370 → SHORT | long=sl(-5.35%) short=timeout(+5.29%) | scanned=22 | no_tp→fwd_return=-5.3890
  [label] 2023-07-07 16:00 DOTUSDT entry=5.1140 → LONG | long=tp(+10.36%) short=sl(-5.33%) | scanned=19 | long_tp_only
  [label] 2023-08-01 08:00 DOTUSDT entry=5.0960 → SHORT | long=sl(-3.63%) short=timeout(+1.27%) | scanned=22 | no_tp→fwd_return=-1.3736
  [label] 2023-09-23 00:00 DOTUSDT entry=4.0120 → LONG | long=timeout(+1.45%) short=timeout(-1.65%) | scanned=22 | no_tp→fwd_return=+1.5454
  [label] 2024-03-07 00:00 DOTUSDT entry=10.4190 → LONG | long=timeout(+8.80%) short=timeout(-9.00%) | scanned=22 | no_tp→fwd_return=+8.8972
  [label] 2024-03-11 00:00 DOTUSDT entry=10.5460 → SHORT | long=sl(-9.02%) short=sl(-9.02%) | scanned=17 | no_tp→fwd_return=-8.1263
  [label] 2024-03-21 16:00 DOTUSDT entry=9.1850 → LONG | long=timeout(+3.69%) short=timeout(-3.89%) | scanned=22 | no_tp→fwd_return=+3.7888
  [label] 2024-05-05 16:00 DOTUSDT entry=7.2980 → SHORT | long=sl(-5.72%) short=timeout(+9.29%) | scanned=22 | no_tp→fwd_return=-9.3861
  [label] 2024-05-14 08:00 DOTUSDT entry=6.6450 → LONG | long=tp(+9.52%) short=sl(-4.91%) | scanned=8 | long_tp_only
  [label] 2024-08-12 16:00 DOTUSDT entry=4.5840 → SHORT | long=sl(-6.76%) short=timeout(+2.19%) | scanned=22 | no_tp→fwd_return=-2.2906
  [label] 2024-09-13 16:00 DOTUSDT entry=4.4180 → SHORT | long=sl(-3.94%) short=tp(+7.58%) | scanned=14 | short_tp_only
  [label] 2024-09-30 00:00 DOTUSDT entry=4.7100 → SHORT | long=sl(-4.64%) short=tp(+8.97%) | scanned=4 | short_tp_only
  [label] 2024-10-12 16:00 DOTUSDT entry=4.2040 → LONG | long=tp(+6.99%) short=sl(-3.64%) | scanned=8 | long_tp_only
  [label] 2024-10-31 00:00 DOTUSDT entry=4.1540 → SHORT | long=sl(-4.28%) short=tp(+8.25%) | scanned=9 | short_tp_only
  [label] 2024-11-06 08:00 DOTUSDT entry=4.0470 → LONG | long=tp(+10.25%) short=sl(-5.28%) | scanned=10 | long_tp_only
  [label] 2024-11-18 16:00 DOTUSDT entry=6.0090 → LONG | long=tp(+20.54%) short=sl(-10.42%) | scanned=13 | long_tp_only
  [label] 2024-12-28 08:00 DOTUSDT entry=6.9430 → LONG | long=timeout(+10.59%) short=sl(-8.55%) | scanned=22 | no_tp→fwd_return=+10.6870
  [label] 2025-01-07 00:00 DOTUSDT entry=7.7680 → SHORT | long=sl(-6.02%) short=tp(+11.74%) | scanned=3 | short_tp_only
  [label] 2025-04-03 08:00 DOTUSDT entry=3.9550 → SHORT | long=sl(-7.26%) short=tp(+14.23%) | scanned=11 | short_tp_only
  Labels: 1029 long (47.4%), 1142 short (52.6%) | weights: min=1.00, mean=3.24, max=10.00
  Features: 2171/2171 matched, 46 columns
  CV gap: 22 rows
  [ensemble 1/3] seed=42
    [trial 0] 46 features, training_days=480 | threshold=0.631 | labels: 1029 long, 1142 short (47/53%)
    [CV fold 0] train_end=2023-08-23 08:00 | val_start=2023-08-31 00:00 | gap=184h (22 rows)
    [CV fold 1] train_end=2023-12-21 16:00 | val_start=2023-12-29 08:00 | gap=184h (22 rows)
    [CV fold 2] train_end=2024-04-20 00:00 | val_start=2024-04-27 16:00 | gap=184h (22 rows)
    [CV fold 3] train_end=2024-08-18 08:00 | val_start=2024-08-26 00:00 | gap=184h (22 rows)
    [CV fold 4] train_end=2024-12-16 16:00 | val_start=2024-12-24 08:00 | gap=184h (22 rows)
    [trial 0] Sharpe=0.0289 (folds: -0.0022, -0.0896, -0.0236, 0.0924, 0.1674)
    [trial 1] 46 features, training_days=420 | threshold=0.839 | labels: 1029 long, 1142 short (47/53%)
    [trial 1] Sharpe=-6.1587 (folds: -0.1511, -0.6426, -10.0000, -10.0000, -10.0000)
    [trial 2] 46 features, training_days=190 | threshold=0.602 | labels: 1029 long, 1142 short (47/53%)
    [trial 2] Sharpe=-0.1152 (folds: -0.0909, -0.1014, -0.1981, -0.1951, 0.0095)
    [trial 3] 46 features, training_days=490 | threshold=0.832 | labels: 1029 long, 1142 short (47/53%)
    [trial 3] Sharpe=-0.0045 (folds: -0.1676, -0.1124, 0.1364, -0.0676, 0.1889)
    [trial 4] 46 features, training_days=340 | threshold=0.591 | labels: 1029 long, 1142 short (47/53%)
    [trial 4] Sharpe=-0.0325 (folds: -0.0554, -0.0744, -0.0915, -0.0330, 0.0920)
    [trial 5] 46 features, training_days=50 | threshold=0.823 | labels: 1029 long, 1142 short (47/53%)
    [trial 5] Sharpe=-2.0942 (folds: -10.0000, -0.0692, 0.2593, 0.1513, -0.8126)
    [trial 6] 46 features, training_days=410 | threshold=0.549 | labels: 1029 long, 1142 short (47/53%)
    [trial 6] Sharpe=-0.0410 (folds: -0.1142, -0.1181, -0.2605, 0.2939, -0.0063)
    [trial 7] 46 features, training_days=180 | threshold=0.526 | labels: 1029 long, 1142 short (47/53%)
    [trial 7] Sharpe=-0.1432 (folds: -0.0957, -0.1146, -0.1500, -0.3132, -0.0426)
    [trial 8] 46 features, training_days=240 | threshold=0.811 | labels: 1029 long, 1142 short (47/53%)
    [trial 8] Sharpe=-0.1599 (folds: -0.1232, -0.2142, -0.2964, -0.2340, 0.0684)
    [trial 9] 46 features, training_days=20 | threshold=0.538 | labels: 1029 long, 1142 short (47/53%)
    [trial 9] Sharpe=-2.0175 (folds: -0.2297, -0.0748, 0.2187, -10.0000, -0.0016)
    [trial 10] 46 features, training_days=350 | threshold=0.694 | labels: 1029 long, 1142 short (47/53%)
    [trial 10] Sharpe=-0.0480 (folds: -0.0334, -0.1748, -0.2318, 0.0613, 0.1385)
    [trial 11] 46 features, training_days=490 | threshold=0.714 | labels: 1029 long, 1142 short (47/53%)[I 2026-06-01 11:07:22,351] Trial 11 finished with value: 0.06940376683251312 and parameters: {'confidence_threshold': 0.7142966361932565, 'training_days': 490, 'n_estimators': 420, 'max_depth': 4, 'num_leaves': 15, 'learning_rate': 0.11529398851600968, 'subsample': 0.7100138054284578, 'colsample_bytree': 0.5081093472155149, 'min_child_samples': 55, 'reg_alpha': 5.66845160002491e-05, 'reg_lambda': 8.173625018275683}. Best is trial 11 with value: 0.06940376683251312.
[I 2026-06-01 11:07:22,743] Trial 12 finished with value: 0.05852120965593836 and parameters: {'confidence_threshold': 0.7131758522018106, 'training_days': 480, 'n_estimators': 366, 'max_depth': 4, 'num_leaves': 31, 'learning_rate': 0.17219793100380415, 'subsample': 0.6848043408918267, 'colsample_bytree': 0.8304278626461432, 'min_child_samples': 30, 'reg_alpha': 0.00018189806683590785, 'reg_lambda': 1.4289813315801497e-05}. Best is trial 11 with value: 0.06940376683251312.
[I 2026-06-01 11:07:23,277] Trial 13 finished with value: 0.017540833950702127 and parameters: {'confidence_threshold': 0.7321922500141939, 'training_days': 500, 'n_estimators': 499, 'max_depth': 4, 'num_leaves': 62, 'learning_rate': 0.19741173148234945, 'subsample': 0.7005009496579759, 'colsample_bytree': 0.8155421717694826, 'min_child_samples': 22, 'reg_alpha': 9.65498654889918e-05, 'reg_lambda': 9.990802058051948e-06}. Best is trial 11 with value: 0.06940376683251312.
[I 2026-06-01 11:07:23,574] Trial 14 finished with value: -0.04352674203286451 and parameters: {'confidence_threshold': 0.7526378385964787, 'training_days': 340, 'n_estimators': 311, 'max_depth': 4, 'num_leaves': 32, 'learning_rate': 0.1295715957108585, 'subsample': 0.8387779986055455, 'colsample_bytree': 0.6154762340140841, 'min_child_samples': 35, 'reg_alpha': 0.0007508721138163522, 'reg_lambda': 6.567497812020197}. Best is trial 11 with value: 0.06940376683251312.
[I 2026-06-01 11:07:23,994] Trial 15 finished with value: 0.022257747336212698 and parameters: {'confidence_threshold': 0.6728330690070011, 'training_days': 420, 'n_estimators': 427, 'max_depth': 4, 'num_leaves': 31, 'learning_rate': 0.2913275422100172, 'subsample': 0.6837102174323718, 'colsample_bytree': 0.8135972521604963, 'min_child_samples': 32, 'reg_alpha': 8.430542834627463e-05, 'reg_lambda': 1.3583527665352107e-05}. Best is trial 11 with value: 0.06940376683251312.
[I 2026-06-01 11:07:24,208] Trial 16 finished with value: 0.0025580918676796514 and parameters: {'confidence_threshold': 0.7614218831721394, 'training_days': 290, 'n_estimators': 246, 'max_depth': 4, 'num_leaves': 16, 'learning_rate': 0.10424745802252317, 'subsample': 0.5847523937243735, 'colsample_bytree': 0.7999167033917033, 'min_child_samples': 54, 'reg_alpha': 8.895104301354104e-06, 'reg_lambda': 5.172463107872513e-05}. Best is trial 11 with value: 0.06940376683251312.
[I 2026-06-01 11:07:24,403] Trial 17 finished with value: -0.08445935007638665 and parameters: {'confidence_threshold': 0.6974509286029477, 'training_days': 120, 'n_estimators': 359, 'max_depth': 4, 'num_leaves': 27, 'learning_rate': 0.14936672740171333, 'subsample': 0.9082676340052684, 'colsample_bytree': 0.6091330191487015, 'min_child_samples': 41, 'reg_alpha': 8.089339609894541e-08, 'reg_lambda': 0.07071255207011067}. Best is trial 11 with value: 0.06940376683251312.
[I 2026-06-01 11:07:24,851] A new study created in memory with name: no-name-92a01e60-56c0-4d3c-a1fe-27af684a2e23
[I 2026-06-01 11:07:24,940] Trial 0 finished with value: -0.1053115229797112 and parameters: {'confidence_threshold': 0.7437642149592516, 'training_days': 150, 'n_estimators': 152, 'max_depth': 4, 'num_leaves': 50, 'learning_rate': 0.04216766425047743, 'subsample': 0.9903820991923078, 'colsample_bytree': 0.8424148692924316, 'min_child_samples': 58, 'reg_alpha': 3.381097259762742e-05, 'reg_lambda': 1.2263152961306247e-05}. Best is trial 0 with value: -0.1053115229797112.
[I 2026-06-01 11:07:25,010] Trial 1 finished with value: -4.180700412406371 and parameters: {'confidence_threshold': 0.7551673975844145, 'training_days': 220, 'n_estimators': 76, 'max_depth': 4, 'num_leaves': 51, 'learning_rate': 0.018602118810743477, 'subsample': 0.5877258780737462, 'colsample_bytree': 0.7657756869209191, 'min_child_samples': 63, 'reg_alpha': 0.005123994170264194, 'reg_lambda': 0.44145470178120466}. Best is trial 0 with value: -0.1053115229797112.
[I 2026-06-01 11:07:25,266] Trial 2 finished with value: -0.05085808445393547 and parameters: {'confidence_threshold': 0.7535593637012223, 'training_days': 310, 'n_estimators': 375, 'max_depth': 3, 'num_leaves': 32, 'learning_rate': 0.021735641882032388, 'subsample': 0.6468570231944146, 'colsample_bytree': 0.8154880619272439, 'min_child_samples': 27, 'reg_alpha': 8.004064028491336e-05, 'reg_lambda': 7.546835261630524e-05}. Best is trial 2 with value: -0.05085808445393547.
[I 2026-06-01 11:07:25,446] Trial 3 finished with value: -0.15871003115677415 and parameters: {'confidence_threshold': 0.6727897841776072, 'training_days': 220, 'n_estimators': 190, 'max_depth': 4, 'num_leaves': 58, 'learning_rate': 0.24810689332636193, 'subsample': 0.7509183379421682, 'colsample_bytree': 0.8119764758960556, 'min_child_samples': 29, 'reg_alpha': 7.1708285081421445e-06, 'reg_lambda': 5.412973582738627e-05}. Best is trial 2 with value: -0.05085808445393547.
[I 2026-06-01 11:07:25,575] Trial 4 finished with value: -0.09868896444364297 and parameters: {'confidence_threshold': 0.803208205259178, 'training_days': 130, 'n_estimators': 267, 'max_depth': 5, 'num_leaves': 40, 'learning_rate': 0.08041175317374143, 'subsample': 0.5603143329951619, 'colsample_bytree': 0.9131704002534167, 'min_child_samples': 68, 'reg_alpha': 0.0008046593428183385, 'reg_lambda': 1.2158346158765583e-05}. Best is trial 2 with value: -0.05085808445393547.
[I 2026-06-01 11:07:25,826] Trial 5 finished with value: -0.13806106910042032 and parameters: {'confidence_threshold': 0.6064422761595144, 'training_days': 210, 'n_estimators': 357, 'max_depth': 5, 'num_leaves': 40, 'learning_rate': 0.0974221287220869, 'subsample': 0.7929682762811064, 'colsample_bytree': 0.8124517510478, 'min_child_samples': 74, 'reg_alpha': 0.3811377260781234, 'reg_lambda': 5.607314238392041e-08}. Best is trial 2 with value: -0.05085808445393547.
[I 2026-06-01 11:07:25,941] Trial 6 finished with value: -0.107968887548115 and parameters: {'confidence_threshold': 0.7672889945051684, 'training_days': 130, 'n_estimators': 137, 'max_depth': 4, 'num_leaves': 19, 'learning_rate': 0.2031117614248665, 'subsample': 0.8136244860256343, 'colsample_bytree': 0.8617081790949774, 'min_child_samples': 21, 'reg_alpha': 0.002238138278733199, 'reg_lambda': 0.001025809534977322}. Best is trial 2 with value: -0.05085808445393547.
[I 2026-06-01 11:07:26,020] Trial 7 finished with value: -0.05494062339254806 and parameters: {'confidence_threshold': 0.555635875450653, 'training_days': 80, 'n_estimators': 363, 'max_depth': 3, 'num_leaves': 48, 'learning_rate': 0.06590089024008658, 'subsample': 0.6944752870615722, 'colsample_bytree': 0.962566244806993, 'min_child_samples': 88, 'reg_alpha': 1.6465620446426067e-05, 'reg_lambda': 2.4678750890085655e-08}. Best is trial 2 with value: -0.05085808445393547.
[I 2026-06-01 11:07:26,367] Trial 8 finished with value: -0.15329163213058755 and parameters: {'confidence_threshold': 0.6066688256938841, 'training_days': 200, 'n_estimators': 367, 'max_depth': 5, 'num_leaves': 32, 'learning_rate': 0.13377519215934996, 'subsample': 0.7965884582811106, 'colsample_bytree': 0.8458508993500886, 'min_child_samples': 32, 'reg_alpha': 3.889436043816386e-05, 'reg_lambda': 1.4713062489380356e-06}. Best is trial 2 with value: -0.05085808445393547.
[I 2026-06-01 11:07:26,610] Trial 9 finished with value: -0.09753333586016227 and parameters: {'confidence_threshold': 0.6202096049169137, 'training_days': 260, 'n_estimators': 350, 'max_depth': 3, 'num_leaves': 21, 'learning_rate': 0.02989540198065364, 'subsample': 0.8307821683331218, 'colsample_bytree': 0.923253112635361, 'min_child_samples': 64, 'reg_alpha': 0.4898604619604203, 'reg_lambda': 2.9076377687066166e-05}. Best is trial 2 with value: -0.05085808445393547.
[I 2026-06-01 11:07:26,928] Trial 10 finished with value: -3.8618318138018117 and parameters: {'confidence_threshold': 0.8445241688507242, 'training_days': 420, 'n_estimators': 494, 'max_depth': 3, 'num_leaves': 30, 'learning_rate': 0.010221918552934462, 'subsample': 0.5019190721168774, 'colsample_bytree': 0.6202684210924141, 'min_child_samples': 45, 'reg_alpha': 1.5494783182896407e-08, 'reg_lambda': 0.018878930586497852}. Best is trial 2 with value: -0.05085808445393547.
[I 2026-06-01 11:07:26,959] Trial 11 finished with value: -0.01726911913693501 and parameters: {'confidence_threshold': 0.5077463503498806, 'training_days': 10, 'n_estimators': 481, 'max_depth': 3, 'num_leaves': 48, 'learning_rate': 0.026648706335371596, 'subsample': 0.6581542700946174, 'colsample_bytree': 0.9846700359148485, 'min_child_samples': 100, 'reg_alpha': 2.5493772909886044e-07, 'reg_lambda': 1.0035776237342458e-08}. Best is trial 11 with value: -0.01726911913693501.
[I 2026-06-01 11:07:27,233] Trial 12 finished with value: -0.03426415402489156 and parameters: {'confidence_threshold': 0.516353676066732, 'training_days': 350, 'n_estimators': 498, 'max_depth': 3, 'num_leaves': 63, 'learning_rate': 0.020920578578909464, 'subsample': 0.6547963021624791, 'colsample_bytree': 0.6669454130036883, 'min_child_samples': 100, 'reg_alpha': 9.058306212142545e-08, 'reg_lambda': 0.0038691701598048364}. Best is trial 11 with value: -0.01726911913693501.
[I 2026-06-01 11:07:27,270] Trial 13 finished with value: -0.01726911913693501 and parameters: {'confidence_threshold': 0.501145614105161, 'training_days': 10, 'n_estimators': 475, 'max_depth': 3, 'num_leaves': 63, 'learning_rate': 0.011689455464711033, 'subsample': 0.6692276593280039, 'colsample_bytree': 0.6357563568573675, 'min_child_samples': 95, 'reg_alpha': 2.8415788841060326e-08, 'reg_lambda': 0.004788009985073303}. Best is trial 11 with value: -0.01726911913693501.
[I 2026-06-01 11:07:27,307] Trial 14 finished with value: -2.017475739422091 and parameters: {'confidence_threshold': 0.5166805703527768, 'training_days': 20, 'n_estimators': 438, 'max_depth': 3, 'num_leaves': 57, 'learning_rate': 0.010391844230578809, 'subsample': 0.9182426786262438, 'colsample_bytree': 0.5053776772160772, 'min_child_samples': 98, 'reg_alpha': 2.802918290921386e-07, 'reg_lambda': 1.66052015319664}. Best is trial 11 with value: -0.01726911913693501.
[I 2026-06-01 11:07:27,346] Trial 15 finished with value: -0.01726911913693501 and parameters: {'confidence_threshold': 0.5599043896728939, 'training_days': 10, 'n_estimators': 436, 'max_depth': 4, 'num_leaves': 63, 'learning_rate': 0.014114162727133601, 'subsample': 0.7044277258705107, 'colsample_bytree': 0.6671228977129251, 'min_child_samples': 84, 'reg_alpha': 5.011892081220446e-07, 'reg_lambda': 0.05138157439645094}. Best is trial 11 with value: -0.01726911913693501.
[I 2026-06-01 11:07:27,526] Trial 16 finished with value: 0.01856025769105969 and parameters: {'confidence_threshold': 0.5066536613916033, 'training_days': 500, 'n_estimators': 279, 'max_depth': 3, 'num_leaves': 47, 'learning_rate': 0.04167634357793438, 'subsample': 0.5824016374699942, 'colsample_bytree': 0.5489148768447338, 'min_child_samples': 87, 'reg_alpha': 1.0273327326086896e-08, 'reg_lambda': 4.2332080672674894e-07}. Best is trial 16 with value: 0.01856025769105969.
[I 2026-06-01 11:07:27,693] Trial 17 finished with value: 0.034305439475051824 and parameters: {'confidence_threshold': 0.666488584837589, 'training_days': 490, 'n_estimators': 263, 'max_depth': 3, 'num_leaves': 45, 'learning_rate': 0.04654940975010695, 'subsample': 0.5798718144131003, 'colsample_bytree': 0.5225343572251958, 'min_child_samples': 82, 'reg_alpha': 1.507889767105053e-06, 'reg_lambda': 3.594028446219497e-07}. Best is trial 17 with value: 0.034305439475051824.
[I 2026-06-01 11:07:28,098] A new study created in memory with name: no-name-74270d88-e9b2-40ab-8992-32a89faa3d83
[I 2026-06-01 11:07:28,309] Trial 0 finished with value: 0.03282814196918364 and parameters: {'confidence_threshold': 0.5870645682749857, 'training_days': 90, 'n_estimators': 403, 'max_depth': 5, 'num_leaves': 45, 'learning_rate': 0.0780457193679974, 'subsample': 0.9428509515574568, 'colsample_bytree': 0.8795587339164916, 'min_child_samples': 34, 'reg_alpha': 2.2465901234314442e-07, 'reg_lambda': 8.339007036475363e-05}. Best is trial 0 with value: 0.03282814196918364.
[I 2026-06-01 11:07:28,414] Trial 1 finished with value: -0.03511539320525029 and parameters: {'confidence_threshold': 0.6348453934275313, 'training_days': 290, 'n_estimators': 115, 'max_depth': 5, 'num_leaves': 37, 'learning_rate': 0.06949568759029946, 'subsample': 0.8228505074024268, 'colsample_bytree': 0.8616703220431751, 'min_child_samples': 75, 'reg_alpha': 4.2486822725010923e-07, 'reg_lambda': 1.157247767047042e-07}. Best is trial 0 with value: 0.03282814196918364.
