[I 2026-06-01 11:05:19,048] Trial 15 finished with value: -8.02579100687406 and parameters: {'confidence_threshold': 0.7561153728239822, 'training_days': 120, 'n_estimators': 51, 'max_depth': 4, 'num_leaves': 54, 'learning_rate': 0.0111454946111684, 'subsample': 0.8355990541442948, 'colsample_bytree': 0.9572002095704577, 'min_child_samples': 34, 'reg_alpha': 1.361626751747794e-08, 'reg_lambda': 1.635071459035833e-06}. Best is trial 12 with value: 0.0624611371110557.

  Best training_days: 140
  Retrained on full data (420 samples, 46 features)
  OOD: 16 features, cutoff (q=0.7) = 14.15
  Model trained for 2024-06: 90 test candles with features, confidence_threshold=0.778
[predict] 2024-06-01 00:00 DOTUSDT → LONG (proba=0.82 TP=10.1%/SL=5.0%)
[trade:open] 2024-06-01 07:59 DOTUSDT LONG @ 7.02 | SL=6.66 TP=7.72 | timeout=2024-06-08 07:59
[trade:close] 2024-06-07 23:59 DOTUSDT LONG → stop_loss @ 6.66 | PnL=-5.03% (net -5.13%) | cum=+58.98% 2024-06=-5.13% 2024-06-07=-5.13%
[predict] 2024-06-10 16:00 DOTUSDT → LONG (proba=0.79 TP=10.2%/SL=5.1%)
[trade:open] 2024-06-10 23:59 DOTUSDT LONG @ 6.51 | SL=6.17 TP=7.17 | timeout=2024-06-17 23:59
[trade:close] 2024-06-14 23:59 DOTUSDT LONG → stop_loss @ 6.17 | PnL=-5.10% (net -5.20%) | cum=+53.78% 2024-06=-10.33% 2024-06-14=-5.20%
[predict] 2024-06-24 00:00 DOTUSDT → LONG (proba=0.97 TP=10.5%/SL=5.3%)
[trade:open] 2024-06-24 07:59 DOTUSDT LONG @ 5.60 | SL=5.31 TP=6.19 | timeout=2024-07-01 07:59
[trade:close] 2024-06-27 15:59 DOTUSDT LONG → take_profit @ 6.19 | PnL=+10.51% (net +10.41%) | cum=+64.18% 2024-06=+0.08% 2024-06-27=+10.41%
[predict] 2024-06-28 16:00 DOTUSDT → SHORT (proba=0.87 TP=10.8%/SL=5.4%)
[trade:open] 2024-06-28 23:59 DOTUSDT SHORT @ 6.19 | SL=6.52 TP=5.52 | timeout=2024-07-05 23:59
[lgbm] === Training for 2024-07 ===
  Train window: 2022-07-01 → 2024-06-23
  2171 training samples from 1 symbols
  Samples per month: 2022-07: 93, 2022-08: 93, 2022-09: 90, 2022-10: 93, 2022-11: 90, 2022-12: 93, 2023-01: 93, 2023-02: 84, 2023-03: 93, 2023-04: 90, 2023-05: 93, 2023-06: 90, 2023-07: 93, 2023-08: 93, 2023-09: 90, 2023-10: 93, 2023-11: 90, 2023-12: 93, 2024-01: 93, 2024-02: 87, 2024-03: 93, 2024-04: 90, 2024-05: 93, 2024-06: 68
  [label] 2022-08-31 16:00 DOTUSDT entry=7.0240 → LONG | long=timeout(+2.33%) short=sl(-6.55%) | scanned=22 | no_tp→fwd_return=+2.4345
  [label] 2022-09-03 00:00 DOTUSDT entry=7.2300 → SHORT | long=sl(-6.18%) short=sl(-6.18%) | scanned=12 | no_tp→fwd_return=-3.6515
  [label] 2022-09-06 16:00 DOTUSDT entry=6.8720 → LONG | long=tp(+14.35%) short=sl(-7.33%) | scanned=8 | long_tp_only
  [label] 2022-10-01 08:00 DOTUSDT entry=6.2890 → LONG | long=timeout(+0.57%) short=timeout(-0.77%) | scanned=22 | no_tp→fwd_return=+0.6678
  [label] 2022-11-23 00:00 DOTUSDT entry=5.4420 → SHORT | long=sl(-5.98%) short=timeout(+0.32%) | scanned=22 | no_tp→fwd_return=-0.4226
  [label] 2023-05-08 00:00 DOTUSDT entry=5.3840 → LONG | long=sl(-4.74%) short=timeout(-0.64%) | scanned=22 | no_tp→fwd_return=+0.5386
  [label] 2023-05-12 00:00 DOTUSDT entry=5.2150 → LONG | long=timeout(+2.51%) short=timeout(-2.71%) | scanned=22 | no_tp→fwd_return=+2.6079
  [label] 2023-05-22 16:00 DOTUSDT entry=5.3070 → LONG | long=sl(-2.91%) short=sl(-2.91%) | scanned=18 | no_tp→fwd_return=+3.6367
  [label] 2023-07-06 16:00 DOTUSDT entry=5.0070 → LONG | long=timeout(+10.64%) short=sl(-5.90%) | scanned=22 | no_tp→fwd_return=+10.7450
  [label] 2023-07-15 08:00 DOTUSDT entry=5.4840 → SHORT | long=sl(-5.22%) short=timeout(+1.98%) | scanned=22 | no_tp→fwd_return=-2.0788
  [label] 2023-10-13 16:00 DOTUSDT entry=3.7180 → SHORT | long=sl(-3.48%) short=sl(-3.48%) | scanned=16 | no_tp→fwd_return=-2.7972
  [label] 2023-11-14 16:00 DOTUSDT entry=5.2000 → SHORT | long=timeout(-6.73%) short=sl(-9.68%) | scanned=22 | no_tp→fwd_return=-6.6346
  [label] 2023-12-01 00:00 DOTUSDT entry=5.4530 → LONG | long=tp(+9.78%) short=sl(-5.04%) | scanned=15 | long_tp_only
  [label] 2023-12-13 16:00 DOTUSDT entry=7.6070 → SHORT | long=sl(-9.84%) short=timeout(+8.42%) | scanned=22 | no_tp→fwd_return=-8.5185
  [label] 2024-01-01 00:00 DOTUSDT entry=8.1760 → SHORT | long=sl(-8.22%) short=tp(+16.15%) | scanned=7 | short_tp_only
  [label] 2024-01-07 08:00 DOTUSDT entry=7.1470 → LONG | long=tp(+18.09%) short=sl(-9.20%) | scanned=12 | long_tp_only
  [label] 2024-01-19 16:00 DOTUSDT entry=6.8900 → SHORT | long=sl(-7.23%) short=timeout(+3.11%) | scanned=22 | no_tp→fwd_return=-3.2075
  [label] 2024-02-28 08:00 DOTUSDT entry=8.4280 → LONG | long=sl(-5.49%) short=sl(-5.49%) | scanned=3 | no_tp→fwd_return=+4.7935
  [label] 2024-03-09 00:00 DOTUSDT entry=10.7120 → SHORT | long=timeout(-0.45%) short=sl(-9.94%) | scanned=22 | no_tp→fwd_return=-0.3547
  [label] 2024-06-03 08:00 DOTUSDT entry=7.1400 → SHORT | long=sl(-4.47%) short=tp(+8.63%) | scanned=13 | short_tp_only
  Labels: 1034 long (47.6%), 1137 short (52.4%) | weights: min=1.00, mean=4.05, max=10.00
  Features: 2171/2171 matched, 46 columns
  CV gap: 22 rows
  [ensemble 1/3] seed=42
    [trial 0] 46 features, training_days=480 | threshold=0.631 | labels: 1034 long, 1137 short (48/52%)
    [CV fold 0] train_end=2022-10-23 08:00 | val_start=2022-10-31 00:00 | gap=184h (22 rows)
    [CV fold 1] train_end=2023-02-20 16:00 | val_start=2023-02-28 08:00 | gap=184h (22 rows)
    [CV fold 2] train_end=2023-06-21 00:00 | val_start=2023-06-28 16:00 | gap=184h (22 rows)
    [CV fold 3] train_end=2023-10-19 08:00 | val_start=2023-10-27 00:00 | gap=184h (22 rows)
    [CV fold 4] train_end=2024-02-16 16:00 | val_start=2024-02-24 08:00 | gap=184h (22 rows)
    [trial 0] Sharpe=-0.0398 (folds: 0.0404, -0.0782, -0.0623, -0.1477, 0.0491)
    [trial 1] 46 features, training_days=420 | threshold=0.839 | labels: 1034 long, 1137 short (48/52%)
    [trial 1] Sharpe=-1.9095 (folds: -0.0909, 0.0928, -10.0000, -0.0026, 0.4534)
    [trial 2] 46 features, training_days=190 | threshold=0.602 | labels: 1034 long, 1137 short (48/52%)
    [trial 2] Sharpe=0.0125 (folds: 0.1093, 0.0942, -0.0691, -0.0608, -0.0112)
    [trial 3] 46 features, training_days=490 | threshold=0.832 | labels: 1034 long, 1137 short (48/52%)
    [trial 3] Sharpe=-0.0527 (folds: 0.0919, -0.0233, -0.1291, -0.2304, 0.0273)
    [trial 4] 46 features, training_days=340 | threshold=0.591 | labels: 1034 long, 1137 short (48/52%)
    [trial 4] Sharpe=-0.0622 (folds: -0.0811, -0.1156, -0.1219, 0.0367, -0.0292)
    [trial 5] 46 features, training_days=50 | threshold=0.823 | labels: 1034 long, 1137 short (48/52%)
    [trial 5] Sharpe=0.0130 (folds: 0.0382, -0.2267, 0.3592, 0.3414, -0.4470)
    [trial 6] 46 features, training_days=410 | threshold=0.549 | labels: 1034 long, 1137 short (48/52%)
    [trial 6] Sharpe=-0.0020 (folds: 0.0120, -0.0663, 0.0642, 0.0480, -0.0680)
    [trial 7] 46 features, training_days=180 | threshold=0.526 | labels: 1034 long, 1137 short (48/52%)
    [trial 7] Sharpe=-0.0148 (folds: -0.0587, -0.0395, 0.0346, 0.0536, -0.0638)
    [trial 8] 46 features, training_days=240 | threshold=0.811 | labels: 1034 long, 1137 short (48/52%)
    [trial 8] Sharpe=0.0139 (folds: -0.0430, 0.0759, 0.0956, -0.0009, -0.0579)
    [trial 9] 46 features, training_days=20 | threshold=0.538 | labels: 1034 long, 1137 short (48/52%)
    [trial 9] Sharpe=-0.1235 (folds: 0.0842, -0.1333, -0.1261, -0.1669, -0.2755)
    [trial 10] 46 features, training_days=280 | threshold=0.734 | labels: 1034 long, 1137 short (48/52%)
    [trial 10] Sharpe=-0.0322 (folds: -0.0272, -0.0398, -0.0742, -0.0482, 0.0281)
    [trial 11] 46 features, training_days=20 | threshold=0.762 | labels: 1034 long, 1137 short (48/52%)
    [trial 11] Sharpe=-6.0803 (folds: -10.0000, -10.0000, -0.1261, -10.0000, -0.2755)
    [trial 12] 46 features, training_days=140 | threshold=0.768 | labels: 1034 long, 1137 short (48/52%)
    [trial 12] Sharpe=0.0625 (folds: -0.0284, -0.0278, 0.3019, 0.0670, -0.0004)
    [trial 13] 46 features, training_days=130 | threshold=0.736 | labels: 1034 long, 1137 short (48/52%)
    [trial 13] Sharpe=0.0408 (folds: -0.0748, -0.0300, 0.0182, 0.0921, 0.1985)
    [trial 14] 46 features, training_days=100 | threshold=0.697 | labels: 1034 long, 1137 short (48/52%)
    [trial 14] Sharpe=-0.0433 (folds: -0.1251, -0.1333, 0.0627, -0.1324, 0.1114)
    [trial 15] 46 features, training_days=120 | threshold=0.756 | labels: 1034 long, 1137 short (48/52%)
    [trial 15] Sharpe=-8.0258 (folds: -10.0000, -10.0000, -10.0000, -10.0000, -0.1290)
    [trial 16] 46 features, training_days=130 | threshold=0.690 | labels: 1034 long, 1137 short (48/52%)
    [trial 16] Sharpe=-0.0042 (folds: -0.0152, -0.0608, 0.0073, 0.0111, 0.0365)[I 2026-06-01 11:05:19,203] Trial 16 finished with value: -0.004227607385549191 and parameters: {'confidence_threshold': 0.6897299296859885, 'training_days': 130, 'n_estimators': 293, 'max_depth': 3, 'num_leaves': 56, 'learning_rate': 0.12510281119978806, 'subsample': 0.6022959818573481, 'colsample_bytree': 0.8352821576394842, 'min_child_samples': 34, 'reg_alpha': 7.24733073095251e-06, 'reg_lambda': 0.00016714169690455633}. Best is trial 12 with value: 0.0624611371110557.
[I 2026-06-01 11:05:19,362] Trial 17 finished with value: 0.009281000286502004 and parameters: {'confidence_threshold': 0.7783110328625676, 'training_days': 180, 'n_estimators': 167, 'max_depth': 4, 'num_leaves': 47, 'learning_rate': 0.14168046193643383, 'subsample': 0.7004831188261247, 'colsample_bytree': 0.9967234774231767, 'min_child_samples': 24, 'reg_alpha': 1.8543801455151418e-07, 'reg_lambda': 1.493656852319989e-06}. Best is trial 12 with value: 0.0624611371110557.
[I 2026-06-01 11:05:19,625] A new study created in memory with name: no-name-3448f0bc-225a-4630-86ab-cf272f9a22cc
[I 2026-06-01 11:05:19,720] Trial 0 finished with value: 0.035060753037656774 and parameters: {'confidence_threshold': 0.7437642149592516, 'training_days': 150, 'n_estimators': 152, 'max_depth': 4, 'num_leaves': 50, 'learning_rate': 0.04216766425047743, 'subsample': 0.9903820991923078, 'colsample_bytree': 0.8424148692924316, 'min_child_samples': 58, 'reg_alpha': 3.381097259762742e-05, 'reg_lambda': 1.2263152961306247e-05}. Best is trial 0 with value: 0.035060753037656774.
[I 2026-06-01 11:05:19,792] Trial 1 finished with value: -4.053754167624239 and parameters: {'confidence_threshold': 0.7551673975844145, 'training_days': 220, 'n_estimators': 76, 'max_depth': 4, 'num_leaves': 51, 'learning_rate': 0.018602118810743477, 'subsample': 0.5877258780737462, 'colsample_bytree': 0.7657756869209191, 'min_child_samples': 63, 'reg_alpha': 0.005123994170264194, 'reg_lambda': 0.44145470178120466}. Best is trial 0 with value: 0.035060753037656774.
[I 2026-06-01 11:05:20,054] Trial 2 finished with value: 0.07659423340493603 and parameters: {'confidence_threshold': 0.7535593637012223, 'training_days': 310, 'n_estimators': 375, 'max_depth': 3, 'num_leaves': 32, 'learning_rate': 0.021735641882032388, 'subsample': 0.6468570231944146, 'colsample_bytree': 0.8154880619272439, 'min_child_samples': 27, 'reg_alpha': 8.004064028491336e-05, 'reg_lambda': 7.546835261630524e-05}. Best is trial 2 with value: 0.07659423340493603.
[I 2026-06-01 11:05:20,216] Trial 3 finished with value: -0.026863395293892468 and parameters: {'confidence_threshold': 0.6727897841776072, 'training_days': 220, 'n_estimators': 190, 'max_depth': 4, 'num_leaves': 58, 'learning_rate': 0.24810689332636193, 'subsample': 0.7509183379421682, 'colsample_bytree': 0.8119764758960556, 'min_child_samples': 29, 'reg_alpha': 7.1708285081421445e-06, 'reg_lambda': 5.412973582738627e-05}. Best is trial 2 with value: 0.07659423340493603.
[I 2026-06-01 11:05:20,327] Trial 4 finished with value: 0.054139014947877685 and parameters: {'confidence_threshold': 0.803208205259178, 'training_days': 130, 'n_estimators': 267, 'max_depth': 5, 'num_leaves': 40, 'learning_rate': 0.08041175317374143, 'subsample': 0.5603143329951619, 'colsample_bytree': 0.9131704002534167, 'min_child_samples': 68, 'reg_alpha': 0.0008046593428183385, 'reg_lambda': 1.2158346158765583e-05}. Best is trial 2 with value: 0.07659423340493603.
[I 2026-06-01 11:05:20,562] Trial 5 finished with value: 0.052609192277568606 and parameters: {'confidence_threshold': 0.6064422761595144, 'training_days': 210, 'n_estimators': 357, 'max_depth': 5, 'num_leaves': 40, 'learning_rate': 0.0974221287220869, 'subsample': 0.7929682762811064, 'colsample_bytree': 0.8124517510478, 'min_child_samples': 74, 'reg_alpha': 0.3811377260781234, 'reg_lambda': 5.607314238392041e-08}. Best is trial 2 with value: 0.07659423340493603.
[I 2026-06-01 11:05:20,667] Trial 6 finished with value: -0.045819343462328445 and parameters: {'confidence_threshold': 0.7672889945051684, 'training_days': 130, 'n_estimators': 137, 'max_depth': 4, 'num_leaves': 19, 'learning_rate': 0.2031117614248665, 'subsample': 0.8136244860256343, 'colsample_bytree': 0.8617081790949774, 'min_child_samples': 21, 'reg_alpha': 0.002238138278733199, 'reg_lambda': 0.001025809534977322}. Best is trial 2 with value: 0.07659423340493603.
[I 2026-06-01 11:05:20,739] Trial 7 finished with value: -0.06192498684782449 and parameters: {'confidence_threshold': 0.555635875450653, 'training_days': 80, 'n_estimators': 363, 'max_depth': 3, 'num_leaves': 48, 'learning_rate': 0.06590089024008658, 'subsample': 0.6944752870615722, 'colsample_bytree': 0.962566244806993, 'min_child_samples': 88, 'reg_alpha': 1.6465620446426067e-05, 'reg_lambda': 2.4678750890085655e-08}. Best is trial 2 with value: 0.07659423340493603.
[I 2026-06-01 11:05:21,092] Trial 8 finished with value: -0.009483303247367247 and parameters: {'confidence_threshold': 0.6066688256938841, 'training_days': 200, 'n_estimators': 367, 'max_depth': 5, 'num_leaves': 32, 'learning_rate': 0.13377519215934996, 'subsample': 0.7965884582811106, 'colsample_bytree': 0.8458508993500886, 'min_child_samples': 32, 'reg_alpha': 3.889436043816386e-05, 'reg_lambda': 1.4713062489380356e-06}. Best is trial 2 with value: 0.07659423340493603.
[I 2026-06-01 11:05:21,319] Trial 9 finished with value: 0.027948409231632675 and parameters: {'confidence_threshold': 0.6202096049169137, 'training_days': 260, 'n_estimators': 350, 'max_depth': 3, 'num_leaves': 21, 'learning_rate': 0.02989540198065364, 'subsample': 0.8307821683331218, 'colsample_bytree': 0.923253112635361, 'min_child_samples': 64, 'reg_alpha': 0.4898604619604203, 'reg_lambda': 2.9076377687066166e-05}. Best is trial 2 with value: 0.07659423340493603.
[I 2026-06-01 11:05:21,633] Trial 10 finished with value: -1.897192772445602 and parameters: {'confidence_threshold': 0.8445241688507242, 'training_days': 420, 'n_estimators': 494, 'max_depth': 3, 'num_leaves': 30, 'learning_rate': 0.010221918552934462, 'subsample': 0.5019190721168774, 'colsample_bytree': 0.6202684210924141, 'min_child_samples': 45, 'reg_alpha': 1.5494783182896407e-08, 'reg_lambda': 0.018878930586497852}. Best is trial 2 with value: 0.07659423340493603.
[I 2026-06-01 11:05:21,841] Trial 11 finished with value: -0.037529302035064285 and parameters: {'confidence_threshold': 0.8371297552840329, 'training_days': 350, 'n_estimators': 255, 'max_depth': 5, 'num_leaves': 37, 'learning_rate': 0.022201782016086913, 'subsample': 0.6312808619205246, 'colsample_bytree': 0.6778283959364831, 'min_child_samples': 100, 'reg_alpha': 1.5149750828426856e-07, 'reg_lambda': 0.0018315601621927968}. Best is trial 2 with value: 0.07659423340493603.
[I 2026-06-01 11:05:22,105] Trial 12 finished with value: 0.015024041187362867 and parameters: {'confidence_threshold': 0.783608013908672, 'training_days': 330, 'n_estimators': 452, 'max_depth': 3, 'num_leaves': 27, 'learning_rate': 0.05809128784912797, 'subsample': 0.5320626894686848, 'colsample_bytree': 0.5201164353688423, 'min_child_samples': 48, 'reg_alpha': 0.009430922971696443, 'reg_lambda': 8.153163594881057e-07}. Best is trial 2 with value: 0.07659423340493603.
[I 2026-06-01 11:05:22,133] Trial 13 finished with value: 0.011129421018783284 and parameters: {'confidence_threshold': 0.7204346383264851, 'training_days': 10, 'n_estimators': 276, 'max_depth': 5, 'num_leaves': 41, 'learning_rate': 0.011266513790988052, 'subsample': 0.6462980265498659, 'colsample_bytree': 0.9249893861432709, 'min_child_samples': 78, 'reg_alpha': 0.00042526348072109135, 'reg_lambda': 0.032538920588349354}. Best is trial 2 with value: 0.07659423340493603.
[I 2026-06-01 11:05:22,393] Trial 14 finished with value: -0.03420406574821394 and parameters: {'confidence_threshold': 0.6968624890517784, 'training_days': 490, 'n_estimators': 277, 'max_depth': 4, 'num_leaves': 35, 'learning_rate': 0.09772163289705428, 'subsample': 0.5873213332951628, 'colsample_bytree': 0.9975174476650941, 'min_child_samples': 44, 'reg_alpha': 5.00367628556867e-07, 'reg_lambda': 0.0002562764368611638}. Best is trial 2 with value: 0.07659423340493603.
[I 2026-06-01 11:05:22,727] Trial 15 finished with value: 0.05224609921392674 and parameters: {'confidence_threshold': 0.8065807968950872, 'training_days': 300, 'n_estimators': 415, 'max_depth': 5, 'num_leaves': 24, 'learning_rate': 0.036672395049130835, 'subsample': 0.695560222794404, 'colsample_bytree': 0.7163960550594055, 'min_child_samples': 74, 'reg_alpha': 6.360445922002683, 'reg_lambda': 9.294665025482195e-07}. Best is trial 2 with value: 0.07659423340493603.
[I 2026-06-01 11:05:22,928] Trial 16 finished with value: 0.06224008425131655 and parameters: {'confidence_threshold': 0.6708968705265699, 'training_days': 390, 'n_estimators': 243, 'max_depth': 3, 'num_leaves': 15, 'learning_rate': 0.019528499757471573, 'subsample': 0.5729509427453855, 'colsample_bytree': 0.9182676696103418, 'min_child_samples': 54, 'reg_alpha': 0.05682468732545374, 'reg_lambda': 5.3485568494202905e-06}. Best is trial 2 with value: 0.07659423340493603.
[I 2026-06-01 11:05:23,100] Trial 17 finished with value: -0.03876219874982585 and parameters: {'confidence_threshold': 0.5004748807695347, 'training_days': 410, 'n_estimators': 201, 'max_depth': 3, 'num_leaves': 15, 'learning_rate': 0.018167663093744707, 'subsample': 0.9202138733708044, 'colsample_bytree': 0.7603886210962294, 'min_child_samples': 34, 'reg_alpha': 0.061360405867363306, 'reg_lambda': 1.3739673285646297e-07}. Best is trial 2 with value: 0.07659423340493603.
[I 2026-06-01 11:05:23,422] A new study created in memory with name: no-name-2fac2add-8604-4bcd-96e3-341917470b73
[I 2026-06-01 11:05:23,614] Trial 0 finished with value: -0.04969738936303423 and parameters: {'confidence_threshold': 0.5870645682749857, 'training_days': 90, 'n_estimators': 403, 'max_depth': 5, 'num_leaves': 45, 'learning_rate': 0.0780457193679974, 'subsample': 0.9428509515574568, 'colsample_bytree': 0.8795587339164916, 'min_child_samples': 34, 'reg_alpha': 2.2465901234314442e-07, 'reg_lambda': 8.339007036475363e-05}. Best is trial 0 with value: -0.04969738936303423.
[I 2026-06-01 11:05:23,717] Trial 1 finished with value: 0.057537239926688966 and parameters: {'confidence_threshold': 0.6348453934275313, 'training_days': 290, 'n_estimators': 115, 'max_depth': 5, 'num_leaves': 37, 'learning_rate': 0.06949568759029946, 'subsample': 0.8228505074024268, 'colsample_bytree': 0.8616703220431751, 'min_child_samples': 75, 'reg_alpha': 4.2486822725010923e-07, 'reg_lambda': 1.157247767047042e-07}. Best is trial 1 with value: 0.057537239926688966.
[I 2026-06-01 11:05:23,735] Trial 2 finished with value: 0.011129421018783284 and parameters: {'confidence_threshold': 0.5849570384370288, 'training_days': 10, 'n_estimators': 212, 'max_depth': 3, 'num_leaves': 41, 'learning_rate': 0.18452095998378365, 'subsample': 0.6001060822924371, 'colsample_bytree': 0.5673167293506167, 'min_child_samples': 37, 'reg_alpha': 5.733250064217131, 'reg_lambda': 0.5308454292595461}. Best is trial 1 with value: 0.057537239926688966.
[I 2026-06-01 11:05:23,812] Trial 3 finished with value: 0.019788553312862334 and parameters: {'confidence_threshold': 0.6868248626683718, 'training_days': 220, 'n_estimators': 134, 'max_depth': 3, 'num_leaves': 45, 'learning_rate': 0.033529007907491595, 'subsample': 0.8647277071858408, 'colsample_bytree': 0.778494116634046, 'min_child_samples': 96, 'reg_alpha': 2.409409937265785e-07, 'reg_lambda': 1.1642073478060009}. Best is trial 1 with value: 0.057537239926688966.
[I 2026-06-01 11:05:23,906] Trial 4 finished with value: 0.0057574247457135175 and parameters: {'confidence_threshold': 0.5623121348350352, 'training_days': 300, 'n_estimators': 69, 'max_depth': 4, 'num_leaves': 32, 'learning_rate': 0.14967629360700346, 'subsample': 0.5054535233636654, 'colsample_bytree': 0.7401385194659216, 'min_child_samples': 27, 'reg_alpha': 1.4212042567426725e-07, 'reg_lambda': 0.23605753701352003}. Best is trial 1 with value: 0.057537239926688966.
[I 2026-06-01 11:05:24,298] Trial 5 finished with value: -0.036461322427502225 and parameters: {'confidence_threshold': 0.7111850244908446, 'training_days': 490, 'n_estimators': 362, 'max_depth': 5, 'num_leaves': 40, 'learning_rate': 0.05960785724162737, 'subsample': 0.5589714368907717, 'colsample_bytree': 0.6659006943232806, 'min_child_samples': 42, 'reg_alpha': 0.6741360303045295, 'reg_lambda': 6.054601607143087e-08}. Best is trial 1 with value: 0.057537239926688966.
[I 2026-06-01 11:05:24,472] Trial 6 finished with value: -0.02434670978995026 and parameters: {'confidence_threshold': 0.667482545748023, 'training_days': 420, 'n_estimators': 279, 'max_depth': 3, 'num_leaves': 45, 'learning_rate': 0.040099592560849204, 'subsample': 0.8563114696415159, 'colsample_bytree': 0.5442917781944105, 'min_child_samples': 50, 'reg_alpha': 1.6407916423707903e-08, 'reg_lambda': 2.935907642973286e-05}. Best is trial 1 with value: 0.057537239926688966.
