[I 2026-06-01 11:03:41,282] Trial 17 finished with value: 0.07966254612267205 and parameters: {'confidence_threshold': 0.5596136122202904, 'training_days': 10, 'n_estimators': 167, 'max_depth': 4, 'num_leaves': 23, 'learning_rate': 0.1913942156766461, 'subsample': 0.9272655966967175, 'colsample_bytree': 0.6675732857585037, 'min_child_samples': 33, 'reg_alpha': 1.1107357670623325e-05, 'reg_lambda': 0.018101139648669336}. Best is trial 2 with value: 0.07966254612267205.

    [trial 8] 46 features, training_days=200 | threshold=0.607 | labels: 980 long, 1188 short (45/55%)
    [trial 8] Sharpe=-0.0727 (folds: 0.0118, -0.2255, -0.2725, 0.1019, 0.0209)
    [trial 9] 46 features, training_days=260 | threshold=0.620 | labels: 980 long, 1188 short (45/55%)
    [trial 9] Sharpe=-0.1869 (folds: 0.0143, -0.2055, -0.5169, -0.0392, -0.1873)
    [trial 10] 46 features, training_days=10 | threshold=0.525 | labels: 980 long, 1188 short (45/55%)
    [trial 10] Sharpe=0.0797 (folds: 0.0184, 0.2398, 0.1815, 0.0468, -0.0883)
    [trial 11] 46 features, training_days=10 | threshold=0.505 | labels: 980 long, 1188 short (45/55%)
    [trial 11] Sharpe=0.0797 (folds: 0.0184, 0.2398, 0.1815, 0.0468, -0.0883)
    [trial 12] 46 features, training_days=10 | threshold=0.509 | labels: 980 long, 1188 short (45/55%)
    [trial 12] Sharpe=0.0797 (folds: 0.0184, 0.2398, 0.1815, 0.0468, -0.0883)
    [trial 13] 46 features, training_days=480 | threshold=0.502 | labels: 980 long, 1188 short (45/55%)
    [trial 13] Sharpe=-0.0528 (folds: -0.0088, -0.2367, -0.1246, 0.2841, -0.1781)
    [trial 14] 46 features, training_days=20 | threshold=0.553 | labels: 980 long, 1188 short (45/55%)
    [trial 14] Sharpe=-0.0175 (folds: 0.0184, 0.2398, -0.3127, 0.0468, -0.0799)
    [trial 15] 46 features, training_days=60 | threshold=0.555 | labels: 980 long, 1188 short (45/55%)
    [trial 15] Sharpe=-0.0861 (folds: -0.0973, -0.2120, -0.0879, -0.0310, -0.0023)
    [trial 16] 46 features, training_days=350 | threshold=0.674 | labels: 980 long, 1188 short (45/55%)
    [trial 16] Sharpe=-0.1861 (folds: 0.0566, -0.4928, -0.2892, -0.0631, -0.1421)
    [trial 17] 46 features, training_days=70 | threshold=0.536 | labels: 980 long, 1188 short (45/55%)
    [trial 17] Sharpe=-0.1225 (folds: -0.1948, -0.2204, -0.0462, -0.0501, -0.1010)
  Optuna: 18 trials, best Sharpe = 0.0797
  Best params: n_estimators=493, max_depth=3, lr=0.0102, leaves=63
  Best confidence_threshold: 0.525
  Best training_days: 10
  Retrained on full data (30 samples, 46 features)
  [ensemble 3/3] seed=456
    [trial 0] 46 features, training_days=90 | threshold=0.587 | labels: 980 long, 1188 short (45/55%)
    [CV fold 0] train_end=2021-11-22 08:00 | val_start=2021-11-30 00:00 | gap=184h (22 rows)
    [CV fold 1] train_end=2022-03-22 16:00 | val_start=2022-03-30 08:00 | gap=184h (22 rows)
    [CV fold 2] train_end=2022-07-21 00:00 | val_start=2022-07-28 16:00 | gap=184h (22 rows)
    [CV fold 3] train_end=2022-11-18 08:00 | val_start=2022-11-26 00:00 | gap=184h (22 rows)
    [CV fold 4] train_end=2023-03-18 16:00 | val_start=2023-03-26 08:00 | gap=184h (22 rows)
    [trial 0] Sharpe=-0.0677 (folds: -0.0832, -0.1655, -0.0561, 0.0717, -0.1054)
    [trial 1] 46 features, training_days=290 | threshold=0.635 | labels: 980 long, 1188 short (45/55%)
    [trial 1] Sharpe=-0.1043 (folds: 0.0070, -0.2019, -0.3024, 0.0867, -0.1111)
    [trial 2] 46 features, training_days=10 | threshold=0.585 | labels: 980 long, 1188 short (45/55%)
    [trial 2] Sharpe=0.0797 (folds: 0.0184, 0.2398, 0.1815, 0.0468, -0.0883)
    [trial 3] 46 features, training_days=220 | threshold=0.687 | labels: 980 long, 1188 short (45/55%)
    [trial 3] Sharpe=-0.1540 (folds: 0.0383, -0.4440, -0.1930, -0.1110, -0.0602)
    [trial 4] 46 features, training_days=300 | threshold=0.562 | labels: 980 long, 1188 short (45/55%)
    [trial 4] Sharpe=-0.0963 (folds: 0.0235, -0.1904, -0.2172, 0.0377, -0.1349)
    [trial 5] 46 features, training_days=490 | threshold=0.711 | labels: 980 long, 1188 short (45/55%)
    [trial 5] Sharpe=-0.0959 (folds: 0.0297, -0.1411, -0.3689, 0.0923, -0.0915)
    [trial 6] 46 features, training_days=420 | threshold=0.667 | labels: 980 long, 1188 short (45/55%)
    [trial 6] Sharpe=-0.1315 (folds: 0.0385, -0.1587, -0.4145, -0.0162, -0.1066)
    [trial 7] 46 features, training_days=120 | threshold=0.550 | labels: 980 long, 1188 short (45/55%)
    [trial 7] Sharpe=-0.0605 (folds: 0.0067, -0.1055, -0.0699, 0.0172, -0.1508)
    [trial 8] 46 features, training_days=450 | threshold=0.720 | labels: 980 long, 1188 short (45/55%)
    [trial 8] Sharpe=-0.0679 (folds: 0.0294, -0.2184, -0.2313, 0.3049, -0.2243)
    [trial 9] 46 features, training_days=20 | threshold=0.727 | labels: 980 long, 1188 short (45/55%)
    [trial 9] Sharpe=-3.9390 (folds: 0.0184, 0.2398, -10.0000, 0.0468, -10.0000)
    [trial 10] 46 features, training_days=10 | threshold=0.840 | labels: 980 long, 1188 short (45/55%)
    [trial 10] Sharpe=-3.9390 (folds: 0.0184, 0.2398, -10.0000, 0.0468, -10.0000)
    [trial 11] 46 features, training_days=130 | threshold=0.538 | labels: 980 long, 1188 short (45/55%)
    [trial 11] Sharpe=-0.0898 (folds: -0.0021, -0.1764, -0.1223, 0.0208, -0.1691)
    [trial 12] 46 features, training_days=140 | threshold=0.513 | labels: 980 long, 1188 short (45/55%)
    [trial 12] Sharpe=-0.1122 (folds: 0.0172, -0.1698, -0.1785, -0.0728, -0.1570)
    [trial 13] 46 features, training_days=80 | threshold=0.604 | labels: 980 long, 1188 short (45/55%)
    [trial 13] Sharpe=-0.0645 (folds: 0.0497, -0.1439, -0.0868, 0.0447, -0.1864)
    [trial 14] 46 features, training_days=210 | threshold=0.506 | labels: 980 long, 1188 short (45/55%)
    [trial 14] Sharpe=-0.1344 (folds: -0.0143, -0.2082, -0.3239, -0.0269, -0.0989)
    [trial 15] 46 features, training_days=70 | threshold=0.613 | labels: 980 long, 1188 short (45/55%)
    [trial 15] Sharpe=-0.1901 (folds: -0.3458, -0.3060, -0.1164, -0.0769, -0.1055)
    [trial 16] 46 features, training_days=170 | threshold=0.781 | labels: 980 long, 1188 short (45/55%)
    [trial 16] Sharpe=-0.1166 (folds: 0.0413, -0.2438, -0.2615, -0.0096, -0.1096)
    [trial 17] 46 features, training_days=10 | threshold=0.560 | labels: 980 long, 1188 short (45/55%)
    [trial 17] Sharpe=0.0797 (folds: 0.0184, 0.2398, 0.1815, 0.0468, -0.0883)
  Optuna: 18 trials, best Sharpe = 0.0797
  Best params: n_estimators=212, max_depth=3, lr=0.1845, leaves=41
  Best confidence_threshold: 0.585
  Best training_days: 10
  Retrained on full data (30 samples, 46 features)
  OOD: 16 features, cutoff (q=0.7) = 14.25
  Model trained for 2023-08: 93 test candles with features, confidence_threshold=0.592
[predict] 2023-08-02 00:00 DOTUSDT → SHORT (proba=0.73 TP=7.0%/SL=3.5%)
[trade:open] 2023-08-02 07:59 DOTUSDT SHORT @ 5.14 | SL=5.32 TP=4.77 | timeout=2023-08-09 07:59
[trade:close] 2023-08-09 08:00 DOTUSDT SHORT → timeout @ 5.04 | PnL=+1.79% (net +1.69%) | cum=-4.50% 2023-08=-3.01% 2023-08-09=+1.69%
[predict] 2023-08-10 00:00 DOTUSDT → SHORT (proba=0.73 TP=5.5%/SL=2.8%)
[trade:open] 2023-08-10 07:59 DOTUSDT SHORT @ 5.01 | SL=5.15 TP=4.74 | timeout=2023-08-17 07:59
[trade:close] 2023-08-15 23:59 DOTUSDT SHORT → take_profit @ 4.74 | PnL=+5.53% (net +5.43%) | cum=+0.92% 2023-08=+2.42% 2023-08-15=+5.43%
[predict] 2023-08-19 08:00 DOTUSDT → SHORT (proba=0.73 TP=10.5%/SL=5.3%)
[trade:open] 2023-08-19 15:59 DOTUSDT SHORT @ 4.53 | SL=4.77 TP=4.05 | timeout=2023-08-26 15:59
[trade:close] 2023-08-26 16:00 DOTUSDT SHORT → timeout @ 4.50 | PnL=+0.71% (net +0.61%) | cum=+1.53% 2023-08=+3.02% 2023-08-26=+0.61%
[predict] 2023-08-27 08:00 DOTUSDT → SHORT (proba=0.73 TP=5.5%/SL=2.8%)
[trade:open] 2023-08-27 15:59 DOTUSDT SHORT @ 4.50 | SL=4.63 TP=4.25 | timeout=2023-09-03 15:59
[trade:close] 2023-08-29 07:59 DOTUSDT SHORT → stop_loss @ 4.63 | PnL=-2.75% (net -2.85%) | cum=-1.32% 2023-08=+0.17% 2023-08-29=-2.85%
[predict] 2023-08-30 00:00 DOTUSDT → SHORT (proba=0.73 TP=7.5%/SL=3.7%)
[trade:open] 2023-08-30 07:59 DOTUSDT SHORT @ 4.60 | SL=4.77 TP=4.26 | timeout=2023-09-06 07:59
[trade:close] 2023-08-31 23:59 DOTUSDT SHORT → take_profit @ 4.26 | PnL=+7.47% (net +7.37%) | cum=+6.05% 2023-08=+7.54% 2023-08-31=+7.37%
[lgbm] === Training for 2023-09 ===
  Train window: 2021-09-01 → 2023-08-24
  2168 training samples from 1 symbols
  Samples per month: 2021-09: 90, 2021-10: 93, 2021-11: 90, 2021-12: 93, 2022-01: 93, 2022-02: 84, 2022-03: 93, 2022-04: 90, 2022-05: 93, 2022-06: 90, 2022-07: 93, 2022-08: 93, 2022-09: 90, 2022-10: 93, 2022-11: 90, 2022-12: 93, 2023-01: 93, 2023-02: 84, 2023-03: 93, 2023-04: 90, 2023-05: 93, 2023-06: 90, 2023-07: 93, 2023-08: 71[I 2026-06-01 11:03:41,758] A new study created in memory with name: no-name-a36c2140-6713-4e60-95d8-a975c643f9e9
[I 2026-06-01 11:03:42,057] Trial 0 finished with value: -0.23589314873078418 and parameters: {'confidence_threshold': 0.6310890415965769, 'training_days': 480, 'n_estimators': 380, 'max_depth': 4, 'num_leaves': 22, 'learning_rate': 0.01699897838270077, 'subsample': 0.5290418060840998, 'colsample_bytree': 0.9330880728874675, 'min_child_samples': 68, 'reg_alpha': 0.023585940584142682, 'reg_lambda': 1.5320059381854043e-08}. Best is trial 0 with value: -0.23589314873078418.
[I 2026-06-01 11:03:42,177] Trial 1 finished with value: -6.0867166958532 and parameters: {'confidence_threshold': 0.839468448256698, 'training_days': 420, 'n_estimators': 145, 'max_depth': 3, 'num_leaves': 23, 'learning_rate': 0.028145092716060652, 'subsample': 0.762378215816119, 'colsample_bytree': 0.7159725093210578, 'min_child_samples': 43, 'reg_alpha': 0.0032112643094417484, 'reg_lambda': 1.8007140198129195e-07}. Best is trial 0 with value: -0.23589314873078418.
[I 2026-06-01 11:03:42,329] Trial 2 finished with value: -0.19970649291750847 and parameters: {'confidence_threshold': 0.6022506269873263, 'training_days': 190, 'n_estimators': 255, 'max_depth': 5, 'num_leaves': 24, 'learning_rate': 0.05748924681991978, 'subsample': 0.7962072844310213, 'colsample_bytree': 0.5232252063599989, 'min_child_samples': 69, 'reg_alpha': 3.425445902633376e-07, 'reg_lambda': 3.850031979199519e-08}. Best is trial 2 with value: -0.19970649291750847.
[I 2026-06-01 11:03:42,605] Trial 3 finished with value: -0.21553682574502298 and parameters: {'confidence_threshold': 0.8321099380386666, 'training_days': 490, 'n_estimators': 414, 'max_depth': 3, 'num_leaves': 19, 'learning_rate': 0.1024932221692416, 'subsample': 0.7200762468698007, 'colsample_bytree': 0.5610191174223894, 'min_child_samples': 60, 'reg_alpha': 2.039373116525212e-08, 'reg_lambda': 1.527156759251193}. Best is trial 2 with value: -0.19970649291750847.
[I 2026-06-01 11:03:42,755] Trial 4 finished with value: -0.1947607733293552 and parameters: {'confidence_threshold': 0.5905729935600059, 'training_days': 340, 'n_estimators': 190, 'max_depth': 4, 'num_leaves': 41, 'learning_rate': 0.01875220945578641, 'subsample': 0.9847923138822793, 'colsample_bytree': 0.8875664116805573, 'min_child_samples': 96, 'reg_alpha': 1.1309571585271483, 'reg_lambda': 0.002404915432737351}. Best is trial 4 with value: -0.1947607733293552.
[I 2026-06-01 11:03:42,797] Trial 5 finished with value: -2.3307809308508984 and parameters: {'confidence_threshold': 0.8226559822580909, 'training_days': 50, 'n_estimators': 138, 'max_depth': 3, 'num_leaves': 30, 'learning_rate': 0.03750796359625606, 'subsample': 0.6356745158869479, 'colsample_bytree': 0.9143687545759647, 'min_child_samples': 48, 'reg_alpha': 3.376063348877853e-06, 'reg_lambda': 0.0007660634613082914}. Best is trial 4 with value: -0.1947607733293552.
[I 2026-06-01 11:03:42,913] Trial 6 finished with value: -0.20527346295637466 and parameters: {'confidence_threshold': 0.5493234787411669, 'training_days': 410, 'n_estimators': 83, 'max_depth': 5, 'num_leaves': 52, 'learning_rate': 0.019657448966046126, 'subsample': 0.5027610585618012, 'colsample_bytree': 0.9077307142274171, 'min_child_samples': 77, 'reg_alpha': 0.03639690979811287, 'reg_lambda': 0.08738424135626986}. Best is trial 4 with value: -0.1947607733293552.
[I 2026-06-01 11:03:43,006] Trial 7 finished with value: -0.17834745410658767 and parameters: {'confidence_threshold': 0.5259156281069316, 'training_days': 180, 'n_estimators': 102, 'max_depth': 5, 'num_leaves': 45, 'learning_rate': 0.030816017044468066, 'subsample': 0.5317791751430119, 'colsample_bytree': 0.6554911608578311, 'min_child_samples': 46, 'reg_alpha': 0.036851536911881845, 'reg_lambda': 0.005470376807480391}. Best is trial 7 with value: -0.17834745410658767.
[I 2026-06-01 11:03:43,116] Trial 8 finished with value: -0.26744122178734314 and parameters: {'confidence_threshold': 0.8105244599017143, 'training_days': 240, 'n_estimators': 103, 'max_depth': 5, 'num_leaves': 52, 'learning_rate': 0.06746437142284309, 'subsample': 0.8854835899772805, 'colsample_bytree': 0.7468977981821954, 'min_child_samples': 62, 'reg_alpha': 7.04480806377519e-05, 'reg_lambda': 1.6934490731313353e-08}. Best is trial 7 with value: -0.17834745410658767.
[I 2026-06-01 11:03:43,139] Trial 9 finished with value: -2.0334887441248712 and parameters: {'confidence_threshold': 0.5377619994476566, 'training_days': 20, 'n_estimators': 337, 'max_depth': 3, 'num_leaves': 39, 'learning_rate': 0.21907142272152816, 'subsample': 0.6246461145744375, 'colsample_bytree': 0.7051914615178149, 'min_child_samples': 81, 'reg_alpha': 1.1459970229341322e-06, 'reg_lambda': 4.929685216887945e-08}. Best is trial 7 with value: -0.17834745410658767.
[I 2026-06-01 11:03:43,503] Trial 10 finished with value: -0.1313143367215021 and parameters: {'confidence_threshold': 0.6797821749717731, 'training_days': 140, 'n_estimators': 487, 'max_depth': 5, 'num_leaves': 62, 'learning_rate': 0.011407797829608154, 'subsample': 0.6277217293825994, 'colsample_bytree': 0.6445296297918679, 'min_child_samples': 24, 'reg_alpha': 8.536188349289, 'reg_lambda': 4.685556761390157e-06}. Best is trial 10 with value: -0.1313143367215021.
[I 2026-06-01 11:03:43,898] Trial 11 finished with value: -0.14357706445390792 and parameters: {'confidence_threshold': 0.7161090655475574, 'training_days': 150, 'n_estimators': 462, 'max_depth': 5, 'num_leaves': 61, 'learning_rate': 0.010733926515161035, 'subsample': 0.6089267919181687, 'colsample_bytree': 0.627397432195743, 'min_child_samples': 20, 'reg_alpha': 4.109585305892332, 'reg_lambda': 8.43884102267831e-06}. Best is trial 10 with value: -0.1313143367215021.
[I 2026-06-01 11:03:44,179] Trial 12 finished with value: -0.22481221144797164 and parameters: {'confidence_threshold': 0.7320119217665193, 'training_days': 100, 'n_estimators': 496, 'max_depth': 4, 'num_leaves': 63, 'learning_rate': 0.010355190123084659, 'subsample': 0.6393140683987386, 'colsample_bytree': 0.6105638660165255, 'min_child_samples': 20, 'reg_alpha': 5.77186662083969, 'reg_lambda': 8.798559565396065e-06}. Best is trial 10 with value: -0.1313143367215021.
[I 2026-06-01 11:03:44,584] Trial 13 finished with value: -0.11254288037200497 and parameters: {'confidence_threshold': 0.713844782679152, 'training_days': 130, 'n_estimators': 500, 'max_depth': 5, 'num_leaves': 62, 'learning_rate': 0.010503668253254264, 'subsample': 0.6866291716128416, 'colsample_bytree': 0.8155421717694826, 'min_child_samples': 21, 'reg_alpha': 1.3806058092546691, 'reg_lambda': 1.3005756593895162e-05}. Best is trial 13 with value: -0.11254288037200497.
[I 2026-06-01 11:03:44,968] Trial 14 finished with value: -0.3102252127989593 and parameters: {'confidence_threshold': 0.6780048607647537, 'training_days': 280, 'n_estimators': 432, 'max_depth': 4, 'num_leaves': 56, 'learning_rate': 0.010287992683349276, 'subsample': 0.7084100755676976, 'colsample_bytree': 0.8190240656344863, 'min_child_samples': 31, 'reg_alpha': 0.29354708967218957, 'reg_lambda': 9.2394572701347e-06}. Best is trial 13 with value: -0.11254288037200497.
[I 2026-06-01 11:03:45,142] Trial 15 finished with value: -0.16205472580945252 and parameters: {'confidence_threshold': 0.7529680424117103, 'training_days': 100, 'n_estimators': 331, 'max_depth': 5, 'num_leaves': 57, 'learning_rate': 0.2656554302157523, 'subsample': 0.824979230030663, 'colsample_bytree': 0.8100744538922787, 'min_child_samples': 33, 'reg_alpha': 0.00010281015369138689, 'reg_lambda': 7.482879404932238e-05}. Best is trial 13 with value: -0.11254288037200497.
[I 2026-06-01 11:03:45,417] Trial 16 finished with value: -0.11340926750578906 and parameters: {'confidence_threshold': 0.6709726340374895, 'training_days': 110, 'n_estimators': 500, 'max_depth': 4, 'num_leaves': 50, 'learning_rate': 0.015379775696614754, 'subsample': 0.6773944486690103, 'colsample_bytree': 0.9826162589395974, 'min_child_samples': 33, 'reg_alpha': 0.2574831465654036, 'reg_lambda': 8.225017732908941e-07}. Best is trial 13 with value: -0.11254288037200497.
[I 2026-06-01 11:03:45,674] Trial 17 finished with value: -0.26992024124395475 and parameters: {'confidence_threshold': 0.7775331035881745, 'training_days': 250, 'n_estimators': 261, 'max_depth': 4, 'num_leaves': 47, 'learning_rate': 0.015818982408713628, 'subsample': 0.7004831188261247, 'colsample_bytree': 0.9956385980717998, 'min_child_samples': 35, 'reg_alpha': 0.0027422326617504702, 'reg_lambda': 6.880925840516315e-07}. Best is trial 13 with value: -0.11254288037200497.
[I 2026-06-01 11:03:45,922] A new study created in memory with name: no-name-24b9b938-7416-43ff-b5a2-526afd5112dd
[I 2026-06-01 11:03:46,014] Trial 0 finished with value: -0.12983595694626912 and parameters: {'confidence_threshold': 0.7437642149592516, 'training_days': 150, 'n_estimators': 152, 'max_depth': 4, 'num_leaves': 50, 'learning_rate': 0.04216766425047743, 'subsample': 0.9903820991923078, 'colsample_bytree': 0.8424148692924316, 'min_child_samples': 58, 'reg_alpha': 3.381097259762742e-05, 'reg_lambda': 1.2263152961306247e-05}. Best is trial 0 with value: -0.12983595694626912.
[I 2026-06-01 11:03:46,088] Trial 1 finished with value: -4.141266298634946 and parameters: {'confidence_threshold': 0.7551673975844145, 'training_days': 220, 'n_estimators': 76, 'max_depth': 4, 'num_leaves': 51, 'learning_rate': 0.018602118810743477, 'subsample': 0.5877258780737462, 'colsample_bytree': 0.7657756869209191, 'min_child_samples': 63, 'reg_alpha': 0.005123994170264194, 'reg_lambda': 0.44145470178120466}. Best is trial 0 with value: -0.12983595694626912.
[I 2026-06-01 11:03:46,370] Trial 2 finished with value: -0.2833778932954443 and parameters: {'confidence_threshold': 0.7535593637012223, 'training_days': 310, 'n_estimators': 375, 'max_depth': 3, 'num_leaves': 32, 'learning_rate': 0.021735641882032388, 'subsample': 0.6468570231944146, 'colsample_bytree': 0.8154880619272439, 'min_child_samples': 27, 'reg_alpha': 8.004064028491336e-05, 'reg_lambda': 7.546835261630524e-05}. Best is trial 0 with value: -0.12983595694626912.
