[I 2026-06-01 11:08:59,288] Trial 11 finished with value: 0.05284160021420033 and parameters: {'confidence_threshold': 0.5077463503498806, 'training_days': 10, 'n_estimators': 481, 'max_depth': 3, 'num_leaves': 48, 'learning_rate': 0.026648706335371596, 'subsample': 0.6581542700946174, 'colsample_bytree': 0.9846700359148485, 'min_child_samples': 100, 'reg_alpha': 2.5493772909886044e-07, 'reg_lambda': 1.0035776237342458e-08}. Best is trial 2 with value: 0.08407980942598714.
[I 2026-06-01 11:08:59,562] Trial 12 finished with value: -0.026950852321566722 and parameters: {'confidence_threshold': 0.516353676066732, 'training_days': 350, 'n_estimators': 498, 'max_depth': 3, 'num_leaves': 63, 'learning_rate': 0.020920578578909464, 'subsample': 0.6547963021624791, 'colsample_bytree': 0.6669454130036883, 'min_child_samples': 100, 'reg_alpha': 9.058306212142545e-08, 'reg_lambda': 0.0038691701598048364}. Best is trial 2 with value: 0.08407980942598714.
[I 2026-06-01 11:08:59,595] Trial 13 finished with value: -1.901782054819161 and parameters: {'confidence_threshold': 0.6775314739340453, 'training_days': 10, 'n_estimators': 429, 'max_depth': 3, 'num_leaves': 31, 'learning_rate': 0.011263035585765184, 'subsample': 0.6551660007450526, 'colsample_bytree': 0.5443982906148261, 'min_child_samples': 45, 'reg_alpha': 5.654407190805402e-07, 'reg_lambda': 5.319180200024818e-07}. Best is trial 2 with value: 0.08407980942598714.
[I 2026-06-01 11:08:59,851] Trial 14 finished with value: 0.019505814764348282 and parameters: {'confidence_threshold': 0.6968624890517784, 'training_days': 320, 'n_estimators': 424, 'max_depth': 3, 'num_leaves': 45, 'learning_rate': 0.03884994748272868, 'subsample': 0.9182426786262438, 'colsample_bytree': 0.998115464000195, 'min_child_samples': 80, 'reg_alpha': 3.954678786631651e-07, 'reg_lambda': 1.66052015319664}. Best is trial 2 with value: 0.08407980942598714.
[I 2026-06-01 11:09:00,061] Trial 15 finished with value: 0.0022678250738286526 and parameters: {'confidence_threshold': 0.5026055290809989, 'training_days': 450, 'n_estimators': 272, 'max_depth': 4, 'num_leaves': 24, 'learning_rate': 0.019916015100648724, 'subsample': 0.6013493781441888, 'colsample_bytree': 0.7080761287933109, 'min_child_samples': 100, 'reg_alpha': 0.012726486074698326, 'reg_lambda': 0.06056461736615089}. Best is trial 2 with value: 0.08407980942598714.
[I 2026-06-01 11:09:00,355] Trial 16 finished with value: 0.01950786793999995 and parameters: {'confidence_threshold': 0.6974122772435224, 'training_days': 500, 'n_estimators': 434, 'max_depth': 3, 'num_leaves': 36, 'learning_rate': 0.028822322104524706, 'subsample': 0.715578513384695, 'colsample_bytree': 0.7350551344682521, 'min_child_samples': 49, 'reg_alpha': 1.6323832176782968e-06, 'reg_lambda': 4.4628393907980463e-07}. Best is trial 2 with value: 0.08407980942598714.
[I 2026-06-01 11:09:00,558] Trial 17 finished with value: 0.07639643227959118 and parameters: {'confidence_threshold': 0.5617278450091161, 'training_days': 310, 'n_estimators': 312, 'max_depth': 3, 'num_leaves': 15, 'learning_rate': 0.014997069552959845, 'subsample': 0.6484427454891487, 'colsample_bytree': 0.9045271565698018, 'min_child_samples': 88, 'reg_alpha': 7.284070645541434, 'reg_lambda': 0.00029433365007660304}. Best is trial 2 with value: 0.08407980942598714.
[I 2026-06-01 11:09:01,070] A new study created in memory with name: no-name-b60db68f-7ab4-4a85-91d2-404f61781606
[I 2026-06-01 11:09:01,278] Trial 0 finished with value: 0.02034082868632676 and parameters: {'confidence_threshold': 0.5870645682749857, 'training_days': 90, 'n_estimators': 403, 'max_depth': 5, 'num_leaves': 45, 'learning_rate': 0.0780457193679974, 'subsample': 0.9428509515574568, 'colsample_bytree': 0.8795587339164916, 'min_child_samples': 34, 'reg_alpha': 2.2465901234314442e-07, 'reg_lambda': 8.339007036475363e-05}. Best is trial 0 with value: 0.02034082868632676.
[I 2026-06-01 11:09:01,390] Trial 1 finished with value: 0.0030301310436510994 and parameters: {'confidence_threshold': 0.6348453934275313, 'training_days': 290, 'n_estimators': 115, 'max_depth': 5, 'num_leaves': 37, 'learning_rate': 0.06949568759029946, 'subsample': 0.8228505074024268, 'colsample_bytree': 0.8616703220431751, 'min_child_samples': 75, 'reg_alpha': 4.2486822725010923e-07, 'reg_lambda': 1.157247767047042e-07}. Best is trial 0 with value: 0.02034082868632676.

    [trial 1] Sharpe=-3.8609 (folds: 0.4315, -0.1985, 0.4623, -10.0000, -10.0000)
    [trial 2] 46 features, training_days=190 | threshold=0.602 | labels: 967 long, 1204 short (45/55%)
    [trial 2] Sharpe=-0.0162 (folds: -0.0514, -0.1220, -0.0095, 0.0634, 0.0387)
    [trial 3] 46 features, training_days=490 | threshold=0.832 | labels: 967 long, 1204 short (45/55%)
    [trial 3] Sharpe=-0.0180 (folds: -0.1824, -0.3275, 0.1578, 0.2132, 0.0487)
    [trial 4] 46 features, training_days=340 | threshold=0.591 | labels: 967 long, 1204 short (45/55%)
    [trial 4] Sharpe=0.0363 (folds: -0.1449, -0.2407, 0.1182, 0.2669, 0.1818)
    [trial 5] 46 features, training_days=50 | threshold=0.823 | labels: 967 long, 1204 short (45/55%)
    [trial 5] Sharpe=-0.0529 (folds: 0.3133, 0.3598, -0.6966, -0.0411, -0.1997)
    [trial 6] 46 features, training_days=410 | threshold=0.549 | labels: 967 long, 1204 short (45/55%)
    [trial 6] Sharpe=0.0622 (folds: 0.1291, -0.2523, -0.0242, 0.2075, 0.2512)
    [trial 7] 46 features, training_days=180 | threshold=0.526 | labels: 967 long, 1204 short (45/55%)
    [trial 7] Sharpe=-0.0676 (folds: -0.0609, -0.1888, -0.1047, -0.0167, 0.0331)
    [trial 8] 46 features, training_days=240 | threshold=0.811 | labels: 967 long, 1204 short (45/55%)
    [trial 8] Sharpe=-0.0657 (folds: -0.1650, -0.2690, 0.1139, 0.1385, -0.1470)
    [trial 9] 46 features, training_days=20 | threshold=0.538 | labels: 967 long, 1204 short (45/55%)
    [trial 9] Sharpe=0.0195 (folds: 0.2807, 0.1605, -0.0017, -0.1152, -0.2269)
    [trial 10] 46 features, training_days=350 | threshold=0.738 | labels: 967 long, 1204 short (45/55%)
    [trial 10] Sharpe=0.0149 (folds: -0.2062, -0.1831, 0.1375, 0.1633, 0.1631)
    [trial 11] 46 features, training_days=360 | threshold=0.587 | labels: 967 long, 1204 short (45/55%)
    [trial 11] Sharpe=0.0454 (folds: -0.0682, -0.2451, 0.0584, 0.1769, 0.3048)
    [trial 12] 46 features, training_days=340 | threshold=0.670 | labels: 967 long, 1204 short (45/55%)
    [trial 12] Sharpe=-0.1071 (folds: -0.9947, -0.3844, 0.2516, 0.2550, 0.3369)
    [trial 13] 46 features, training_days=400 | threshold=0.511 | labels: 967 long, 1204 short (45/55%)
    [trial 13] Sharpe=0.0636 (folds: 0.1324, -0.1515, 0.0144, 0.1587, 0.1637)
    [trial 14] 46 features, training_days=430 | threshold=0.517 | labels: 967 long, 1204 short (45/55%)
    [trial 14] Sharpe=0.0856 (folds: 0.1716, -0.1267, 0.0277, 0.1595, 0.1958)
    [trial 15] 46 features, training_days=270 | threshold=0.502 | labels: 967 long, 1204 short (45/55%)
    [trial 15] Sharpe=0.0030 (folds: 0.0214, -0.2106, 0.1025, 0.1433, -0.0415)
    [trial 16] 46 features, training_days=430 | threshold=0.741 | labels: 967 long, 1204 short (45/55%)
    [trial 16] Sharpe=0.1123 (folds: 0.0638, -0.3485, 0.2207, 0.3872, 0.2384)
    [trial 17] 46 features, training_days=500 | threshold=0.730 | labels: 967 long, 1204 short (45/55%)
    [trial 17] Sharpe=-0.0116 (folds: -0.0160, -0.4033, 0.1318, 0.1063, 0.1234)
  Optuna: 18 trials, best Sharpe = 0.1123
  Best params: n_estimators=180, max_depth=4, lr=0.0401, leaves=58
  Best confidence_threshold: 0.741
  Best training_days: 430
  Retrained on full data (1290 samples, 46 features)
  [ensemble 2/3] seed=123
    [trial 0] 46 features, training_days=150 | threshold=0.744 | labels: 967 long, 1204 short (45/55%)
    [CV fold 0] train_end=2024-04-24 08:00 | val_start=2024-05-02 00:00 | gap=184h (22 rows)
    [CV fold 1] train_end=2024-08-22 16:00 | val_start=2024-08-30 08:00 | gap=184h (22 rows)
    [CV fold 2] train_end=2024-12-21 00:00 | val_start=2024-12-28 16:00 | gap=184h (22 rows)
    [CV fold 3] train_end=2025-04-20 08:00 | val_start=2025-04-28 00:00 | gap=184h (22 rows)
    [CV fold 4] train_end=2025-08-18 16:00 | val_start=2025-08-26 08:00 | gap=184h (22 rows)
    [trial 0] Sharpe=-0.0759 (folds: -0.1574, 0.1001, -0.0764, 0.0088, -0.2544)
    [trial 1] 46 features, training_days=220 | threshold=0.755 | labels: 967 long, 1204 short (45/55%)
    [trial 1] Sharpe=-3.7145 (folds: -10.0000, -10.0000, 0.4179, 0.7989, 0.2107)
    [trial 2] 46 features, training_days=310 | threshold=0.754 | labels: 967 long, 1204 short (45/55%)
    [trial 2] Sharpe=0.0841 (folds: -0.1033, -0.1291, 0.2102, 0.2701, 0.1724)
    [trial 3] 46 features, training_days=220 | threshold=0.673 | labels: 967 long, 1204 short (45/55%)
    [trial 3] Sharpe=-0.0585 (folds: -0.0881, -0.2094, -0.0136, 0.0955, -0.0768)
    [trial 4] 46 features, training_days=130 | threshold=0.803 | labels: 967 long, 1204 short (45/55%)
    [trial 4] Sharpe=-0.0178 (folds: -0.1369, -0.1912, 0.0937, 0.0776, 0.0675)
    [trial 5] 46 features, training_days=210 | threshold=0.606 | labels: 967 long, 1204 short (45/55%)
    [trial 5] Sharpe=-0.0654 (folds: -0.1587, -0.1690, 0.0147, 0.0400, -0.0538)
    [trial 6] 46 features, training_days=130 | threshold=0.767 | labels: 967 long, 1204 short (45/55%)
    [trial 6] Sharpe=-0.0376 (folds: -0.0957, -0.2210, 0.0293, 0.0900, 0.0095)
    [trial 7] 46 features, training_days=80 | threshold=0.556 | labels: 967 long, 1204 short (45/55%)
    [trial 7] Sharpe=0.0191 (folds: 0.1150, -0.1750, 0.0521, 0.1222, -0.0187)
    [trial 8] 46 features, training_days=200 | threshold=0.607 | labels: 967 long, 1204 short (45/55%)
    [trial 8] Sharpe=-0.0603 (folds: -0.0770, -0.2329, -0.0158, -0.0199, 0.0440)
    [trial 9] 46 features, training_days=260 | threshold=0.620 | labels: 967 long, 1204 short (45/55%)
    [trial 9] Sharpe=-0.0148 (folds: -0.0802, -0.2748, 0.1540, 0.1541, -0.0268)
    [trial 10] 46 features, training_days=420 | threshold=0.845 | labels: 967 long, 1204 short (45/55%)
    [trial 10] Sharpe=-3.9188 (folds: 0.2732, -0.2769, 0.4095, -10.0000, -10.0000)
    [trial 11] 46 features, training_days=10 | threshold=0.508 | labels: 967 long, 1204 short (45/55%)
    [trial 11] Sharpe=0.0528 (folds: 0.2807, 0.1605, -0.0017, 0.0517, -0.2269)
    [trial 12] 46 features, training_days=350 | threshold=0.516 | labels: 967 long, 1204 short (45/55%)
    [trial 12] Sharpe=-0.0270 (folds: -0.0892, -0.1943, -0.0084, 0.1006, 0.0565)
    [trial 13] 46 features, training_days=10 | threshold=0.678 | labels: 967 long, 1204 short (45/55%)
    [trial 13] Sharpe=-1.9018 (folds: 0.2807, 0.1605, -0.0017, 0.0517, -10.0000)
    [trial 14] 46 features, training_days=320 | threshold=0.697 | labels: 967 long, 1204 short (45/55%)
    [trial 14] Sharpe=0.0195 (folds: -0.1270, -0.2010, 0.1460, 0.2355, 0.0440)
    [trial 15] 46 features, training_days=450 | threshold=0.503 | labels: 967 long, 1204 short (45/55%)
    [trial 15] Sharpe=0.0023 (folds: -0.0121, -0.2003, 0.0032, 0.1088, 0.1117)
    [trial 16] 46 features, training_days=500 | threshold=0.697 | labels: 967 long, 1204 short (45/55%)
    [trial 16] Sharpe=0.0195 (folds: -0.0930, -0.2186, 0.1941, 0.1686, 0.0465)
    [trial 17] 46 features, training_days=310 | threshold=0.562 | labels: 967 long, 1204 short (45/55%)
    [trial 17] Sharpe=0.0764 (folds: 0.0331, -0.1623, 0.1197, 0.2127, 0.1788)
  Optuna: 18 trials, best Sharpe = 0.0841
  Best params: n_estimators=375, max_depth=3, lr=0.0217, leaves=32
  Best confidence_threshold: 0.754
  Best training_days: 310
  Retrained on full data (930 samples, 46 features)
  [ensemble 3/3] seed=456
    [trial 0] 46 features, training_days=90 | threshold=0.587 | labels: 967 long, 1204 short (45/55%)
    [CV fold 0] train_end=2024-04-24 08:00 | val_start=2024-05-02 00:00 | gap=184h (22 rows)
    [CV fold 1] train_end=2024-08-22 16:00 | val_start=2024-08-30 08:00 | gap=184h (22 rows)
    [CV fold 2] train_end=2024-12-21 00:00 | val_start=2024-12-28 16:00 | gap=184h (22 rows)
    [CV fold 3] train_end=2025-04-20 08:00 | val_start=2025-04-28 00:00 | gap=184h (22 rows)
    [CV fold 4] train_end=2025-08-18 16:00 | val_start=2025-08-26 08:00 | gap=184h (22 rows)
    [trial 0] Sharpe=0.0203 (folds: 0.0274, 0.0852, -0.0659, 0.0917, -0.0367)
    [trial 1] 46 features, training_days=290 | threshold=0.635 | labels: 967 long, 1204 short (45/55%)
    [trial 1] Sharpe=0.0030 (folds: -0.0518, -0.3012, 0.1356, 0.1581, 0.0744)
    [trial 2] 46 features, training_days=10 | threshold=0.585 | labels: 967 long, 1204 short (45/55%)
    [trial 2] Sharpe=-1.9018 (folds: 0.2807, 0.1605, -0.0017, 0.0517, -10.0000)[I 2026-06-01 11:09:01,409] Trial 2 finished with value: -1.901782054819161 and parameters: {'confidence_threshold': 0.5849570384370288, 'training_days': 10, 'n_estimators': 212, 'max_depth': 3, 'num_leaves': 41, 'learning_rate': 0.18452095998378365, 'subsample': 0.6001060822924371, 'colsample_bytree': 0.5673167293506167, 'min_child_samples': 37, 'reg_alpha': 5.733250064217131, 'reg_lambda': 0.5308454292595461}. Best is trial 0 with value: 0.02034082868632676.
[I 2026-06-01 11:09:01,495] Trial 3 finished with value: -0.07653603754209329 and parameters: {'confidence_threshold': 0.6868248626683718, 'training_days': 220, 'n_estimators': 134, 'max_depth': 3, 'num_leaves': 45, 'learning_rate': 0.033529007907491595, 'subsample': 0.8647277071858408, 'colsample_bytree': 0.778494116634046, 'min_child_samples': 96, 'reg_alpha': 2.409409937265785e-07, 'reg_lambda': 1.1642073478060009}. Best is trial 0 with value: 0.02034082868632676.
[I 2026-06-01 11:09:01,588] Trial 4 finished with value: -0.002211348382366417 and parameters: {'confidence_threshold': 0.5623121348350352, 'training_days': 300, 'n_estimators': 69, 'max_depth': 4, 'num_leaves': 32, 'learning_rate': 0.14967629360700346, 'subsample': 0.5054535233636654, 'colsample_bytree': 0.7401385194659216, 'min_child_samples': 27, 'reg_alpha': 1.4212042567426725e-07, 'reg_lambda': 0.23605753701352003}. Best is trial 0 with value: 0.02034082868632676.
[I 2026-06-01 11:09:02,001] Trial 5 finished with value: 0.000383574645208426 and parameters: {'confidence_threshold': 0.7111850244908446, 'training_days': 490, 'n_estimators': 362, 'max_depth': 5, 'num_leaves': 40, 'learning_rate': 0.05960785724162737, 'subsample': 0.5589714368907717, 'colsample_bytree': 0.6659006943232806, 'min_child_samples': 42, 'reg_alpha': 0.6741360303045295, 'reg_lambda': 6.054601607143087e-08}. Best is trial 0 with value: 0.02034082868632676.
[I 2026-06-01 11:09:02,167] Trial 6 finished with value: 0.008267146004409138 and parameters: {'confidence_threshold': 0.667482545748023, 'training_days': 420, 'n_estimators': 279, 'max_depth': 3, 'num_leaves': 45, 'learning_rate': 0.040099592560849204, 'subsample': 0.8563114696415159, 'colsample_bytree': 0.5442917781944105, 'min_child_samples': 50, 'reg_alpha': 1.6407916423707903e-08, 'reg_lambda': 2.935907642973286e-05}. Best is trial 0 with value: 0.02034082868632676.
[I 2026-06-01 11:09:02,319] Trial 7 finished with value: 0.025796982961583993 and parameters: {'confidence_threshold': 0.5497381024139926, 'training_days': 120, 'n_estimators': 408, 'max_depth': 5, 'num_leaves': 38, 'learning_rate': 0.28049122657745795, 'subsample': 0.8806573338635493, 'colsample_bytree': 0.5454054113547102, 'min_child_samples': 63, 'reg_alpha': 0.01263008637940408, 'reg_lambda': 0.04588020805366937}. Best is trial 7 with value: 0.025796982961583993.
[I 2026-06-01 11:09:02,588] Trial 8 finished with value: 0.03190138103748312 and parameters: {'confidence_threshold': 0.719644804808716, 'training_days': 450, 'n_estimators': 410, 'max_depth': 4, 'num_leaves': 57, 'learning_rate': 0.04022026551478857, 'subsample': 0.5336085426932707, 'colsample_bytree': 0.5705742850577543, 'min_child_samples': 100, 'reg_alpha': 5.916398047912201e-07, 'reg_lambda': 0.9794034214488329}. Best is trial 8 with value: 0.03190138103748312.
[I 2026-06-01 11:09:02,613] Trial 9 finished with value: -3.9912873581595676 and parameters: {'confidence_threshold': 0.7267463643917187, 'training_days': 20, 'n_estimators': 337, 'max_depth': 5, 'num_leaves': 23, 'learning_rate': 0.022153031811454605, 'subsample': 0.6305627572358737, 'colsample_bytree': 0.6613413774216214, 'min_child_samples': 81, 'reg_alpha': 5.7638634029410314e-08, 'reg_lambda': 8.26603016764008}. Best is trial 8 with value: 0.03190138103748312.
[I 2026-06-01 11:09:02,988] Trial 10 finished with value: -1.8571491868908592 and parameters: {'confidence_threshold': 0.8283920119574972, 'training_days': 400, 'n_estimators': 485, 'max_depth': 4, 'num_leaves': 63, 'learning_rate': 0.011927505552849117, 'subsample': 0.7130289643560688, 'colsample_bytree': 0.9944479338273263, 'min_child_samples': 100, 'reg_alpha': 5.0239970328459277e-05, 'reg_lambda': 0.0028438774509831773}. Best is trial 8 with value: 0.03190138103748312.
[I 2026-06-01 11:09:03,200] Trial 11 finished with value: -0.049960070233717194 and parameters: {'confidence_threshold': 0.7828153509856826, 'training_days': 160, 'n_estimators': 478, 'max_depth': 4, 'num_leaves': 58, 'learning_rate': 0.27895176396772975, 'subsample': 0.9842623422401993, 'colsample_bytree': 0.5017024210185925, 'min_child_samples': 61, 'reg_alpha': 0.010932239178388812, 'reg_lambda': 0.010807080111378337}. Best is trial 8 with value: 0.03190138103748312.
[I 2026-06-01 11:09:03,408] Trial 12 finished with value: -0.030997879605113937 and parameters: {'confidence_threshold': 0.5145853631584999, 'training_days': 160, 'n_estimators': 416, 'max_depth': 4, 'num_leaves': 54, 'learning_rate': 0.12411615325331521, 'subsample': 0.7299332364823727, 'colsample_bytree': 0.61778471397979, 'min_child_samples': 67, 'reg_alpha': 0.00012116501730499813, 'reg_lambda': 0.021411072510647847}. Best is trial 8 with value: 0.03190138103748312.
[I 2026-06-01 11:09:03,626] Trial 13 finished with value: 0.1385634992547843 and parameters: {'confidence_threshold': 0.7586389545742787, 'training_days': 380, 'n_estimators': 289, 'max_depth': 4, 'num_leaves': 16, 'learning_rate': 0.020135881549119806, 'subsample': 0.7832416138810485, 'colsample_bytree': 0.6004500161471612, 'min_child_samples': 86, 'reg_alpha': 0.0038276563113846447, 'reg_lambda': 0.0008037372393988128}. Best is trial 13 with value: 0.1385634992547843.
[I 2026-06-01 11:09:03,815] Trial 14 finished with value: 0.18250339370783072 and parameters: {'confidence_threshold': 0.7723320301796328, 'training_days': 380, 'n_estimators': 256, 'max_depth': 4, 'num_leaves': 17, 'learning_rate': 0.01584246516303674, 'subsample': 0.6743735617627787, 'colsample_bytree': 0.6122042522489388, 'min_child_samples': 87, 'reg_alpha': 7.645655887483206e-06, 'reg_lambda': 2.288236796140358e-06}. Best is trial 14 with value: 0.18250339370783072.
[I 2026-06-01 11:09:03,991] Trial 15 finished with value: -1.5455940588785955 and parameters: {'confidence_threshold': 0.7823873713909242, 'training_days': 360, 'n_estimators': 230, 'max_depth': 4, 'num_leaves': 16, 'learning_rate': 0.010001199234189288, 'subsample': 0.6761987170674886, 'colsample_bytree': 0.7160387341669634, 'min_child_samples': 84, 'reg_alpha': 1.7836787545151695e-05, 'reg_lambda': 2.7801302788746697e-06}. Best is trial 14 with value: 0.18250339370783072.
[I 2026-06-01 11:09:04,185] Trial 16 finished with value: -3.612262832754708 and parameters: {'confidence_threshold': 0.8495191992500621, 'training_days': 350, 'n_estimators': 250, 'max_depth': 4, 'num_leaves': 15, 'learning_rate': 0.017937367927073806, 'subsample': 0.7966425620289977, 'colsample_bytree': 0.6352774657672848, 'min_child_samples': 89, 'reg_alpha': 0.0023365243782207394, 'reg_lambda': 2.9299636302790587e-06}. Best is trial 14 with value: 0.18250339370783072.
[I 2026-06-01 11:09:04,396] Trial 17 finished with value: 0.1485416694400253 and parameters: {'confidence_threshold': 0.7800925172389479, 'training_days': 350, 'n_estimators': 303, 'max_depth': 3, 'num_leaves': 26, 'learning_rate': 0.01915899316751056, 'subsample': 0.7553110444369702, 'colsample_bytree': 0.8147080740262231, 'min_child_samples': 71, 'reg_alpha': 5.613610115569241e-06, 'reg_lambda': 0.0005752541684414657}. Best is trial 14 with value: 0.18250339370783072.
[I 2026-06-01 11:09:05,202] A new study created in memory with name: no-name-00c3ec38-32c6-467a-8154-975cea879565
[I 2026-06-01 11:09:05,516] Trial 0 finished with value: -0.025280416405032063 and parameters: {'confidence_threshold': 0.6310890415965769, 'training_days': 480, 'n_estimators': 380, 'max_depth': 4, 'num_leaves': 22, 'learning_rate': 0.01699897838270077, 'subsample': 0.5290418060840998, 'colsample_bytree': 0.9330880728874675, 'min_child_samples': 68, 'reg_alpha': 0.023585940584142682, 'reg_lambda': 1.5320059381854043e-08}. Best is trial 0 with value: -0.025280416405032063.
[I 2026-06-01 11:09:05,631] Trial 1 finished with value: -4.049562196285665 and parameters: {'confidence_threshold': 0.839468448256698, 'training_days': 420, 'n_estimators': 145, 'max_depth': 3, 'num_leaves': 23, 'learning_rate': 0.028145092716060652, 'subsample': 0.762378215816119, 'colsample_bytree': 0.7159725093210578, 'min_child_samples': 43, 'reg_alpha': 0.0032112643094417484, 'reg_lambda': 1.8007140198129195e-07}. Best is trial 0 with value: -0.025280416405032063.
