[I 2026-06-01 11:07:00,917] Trial 2 finished with value: -2.0056203122231056 and parameters: {'confidence_threshold': 0.5849570384370288, 'training_days': 10, 'n_estimators': 212, 'max_depth': 3, 'num_leaves': 41, 'learning_rate': 0.18452095998378365, 'subsample': 0.6001060822924371, 'colsample_bytree': 0.5673167293506167, 'min_child_samples': 37, 'reg_alpha': 5.733250064217131, 'reg_lambda': 0.5308454292595461}. Best is trial 0 with value: 0.008250856262871139.
[I 2026-06-01 11:07:00,996] Trial 3 finished with value: 0.0322995873094222 and parameters: {'confidence_threshold': 0.6868248626683718, 'training_days': 220, 'n_estimators': 134, 'max_depth': 3, 'num_leaves': 45, 'learning_rate': 0.033529007907491595, 'subsample': 0.8647277071858408, 'colsample_bytree': 0.778494116634046, 'min_child_samples': 96, 'reg_alpha': 2.409409937265785e-07, 'reg_lambda': 1.1642073478060009}. Best is trial 3 with value: 0.0322995873094222.
[I 2026-06-01 11:07:01,078] Trial 4 finished with value: -0.019126126867464822 and parameters: {'confidence_threshold': 0.5623121348350352, 'training_days': 300, 'n_estimators': 69, 'max_depth': 4, 'num_leaves': 32, 'learning_rate': 0.14967629360700346, 'subsample': 0.5054535233636654, 'colsample_bytree': 0.7401385194659216, 'min_child_samples': 27, 'reg_alpha': 1.4212042567426725e-07, 'reg_lambda': 0.23605753701352003}. Best is trial 3 with value: 0.0322995873094222.
[I 2026-06-01 11:07:01,507] Trial 5 finished with value: 0.0489863258760657 and parameters: {'confidence_threshold': 0.7111850244908446, 'training_days': 490, 'n_estimators': 362, 'max_depth': 5, 'num_leaves': 40, 'learning_rate': 0.05960785724162737, 'subsample': 0.5589714368907717, 'colsample_bytree': 0.6659006943232806, 'min_child_samples': 42, 'reg_alpha': 0.6741360303045295, 'reg_lambda': 6.054601607143087e-08}. Best is trial 5 with value: 0.0489863258760657.
[I 2026-06-01 11:07:01,695] Trial 6 finished with value: -0.010966355003443479 and parameters: {'confidence_threshold': 0.667482545748023, 'training_days': 420, 'n_estimators': 279, 'max_depth': 3, 'num_leaves': 45, 'learning_rate': 0.040099592560849204, 'subsample': 0.8563114696415159, 'colsample_bytree': 0.5442917781944105, 'min_child_samples': 50, 'reg_alpha': 1.6407916423707903e-08, 'reg_lambda': 2.935907642973286e-05}. Best is trial 5 with value: 0.0489863258760657.
[I 2026-06-01 11:07:01,850] Trial 7 finished with value: 0.009281466093770558 and parameters: {'confidence_threshold': 0.5497381024139926, 'training_days': 120, 'n_estimators': 408, 'max_depth': 5, 'num_leaves': 38, 'learning_rate': 0.28049122657745795, 'subsample': 0.8806573338635493, 'colsample_bytree': 0.5454054113547102, 'min_child_samples': 63, 'reg_alpha': 0.01263008637940408, 'reg_lambda': 0.04588020805366937}. Best is trial 5 with value: 0.0489863258760657.
[I 2026-06-01 11:07:02,102] Trial 8 finished with value: 0.03734923282125954 and parameters: {'confidence_threshold': 0.719644804808716, 'training_days': 450, 'n_estimators': 410, 'max_depth': 4, 'num_leaves': 57, 'learning_rate': 0.04022026551478857, 'subsample': 0.5336085426932707, 'colsample_bytree': 0.5705742850577543, 'min_child_samples': 100, 'reg_alpha': 5.916398047912201e-07, 'reg_lambda': 0.9794034214488329}. Best is trial 5 with value: 0.0489863258760657.
[I 2026-06-01 11:07:02,124] Trial 9 finished with value: -2.0433563556067655 and parameters: {'confidence_threshold': 0.7267463643917187, 'training_days': 20, 'n_estimators': 337, 'max_depth': 5, 'num_leaves': 23, 'learning_rate': 0.022153031811454605, 'subsample': 0.6305627572358737, 'colsample_bytree': 0.6613413774216214, 'min_child_samples': 81, 'reg_alpha': 5.7638634029410314e-08, 'reg_lambda': 8.26603016764008}. Best is trial 5 with value: 0.0489863258760657.
[I 2026-06-01 11:07:02,601] Trial 10 finished with value: 0.13843350086495093 and parameters: {'confidence_threshold': 0.8283920119574972, 'training_days': 490, 'n_estimators': 485, 'max_depth': 4, 'num_leaves': 15, 'learning_rate': 0.013054596495157828, 'subsample': 0.7130289643560688, 'colsample_bytree': 0.9944479338273263, 'min_child_samples': 52, 'reg_alpha': 2.8556520323203283, 'reg_lambda': 1.4521305760519918e-08}. Best is trial 10 with value: 0.13843350086495093.
[I 2026-06-01 11:07:03,090] Trial 11 finished with value: 0.15501031761390963 and parameters: {'confidence_threshold': 0.8427661908265961, 'training_days': 500, 'n_estimators': 478, 'max_depth': 4, 'num_leaves': 15, 'learning_rate': 0.010040241734622521, 'subsample': 0.688822077530971, 'colsample_bytree': 0.9628722124262472, 'min_child_samples': 49, 'reg_alpha': 9.65090528733781, 'reg_lambda': 1.5920494933139244e-08}. Best is trial 11 with value: 0.15501031761390963.

    [trial 11] Sharpe=0.0167 (folds: -0.0174, -0.0723, 0.1168, 0.1087, -0.0524)
    [trial 12] 46 features, training_days=120 | threshold=0.770 | labels: 1018 long, 1153 short (47/53%)
    [trial 12] Sharpe=0.0018 (folds: -0.0054, 0.0159, 0.0857, 0.1103, -0.1974)
    [trial 13] 46 features, training_days=300 | threshold=0.694 | labels: 1018 long, 1153 short (47/53%)
    [trial 13] Sharpe=-0.0088 (folds: -0.0626, -0.0196, 0.0719, 0.0910, -0.1249)
    [trial 14] 46 features, training_days=500 | threshold=0.787 | labels: 1018 long, 1153 short (47/53%)
    [trial 14] Sharpe=0.0801 (folds: 0.0068, -0.0593, 0.0661, 0.3646, 0.0224)
    [trial 15] 46 features, training_days=250 | threshold=0.816 | labels: 1018 long, 1153 short (47/53%)
    [trial 15] Sharpe=-10.0000 (folds: -10.0000, -10.0000, -10.0000, -10.0000, -10.0000)
    [trial 16] 46 features, training_days=120 | threshold=0.708 | labels: 1018 long, 1153 short (47/53%)
    [trial 16] Sharpe=0.0251 (folds: -0.0117, 0.0619, 0.1255, 0.1187, -0.1689)
    [trial 17] 46 features, training_days=410 | threshold=0.846 | labels: 1018 long, 1153 short (47/53%)
    [trial 17] Sharpe=0.0423 (folds: -0.0706, -0.0479, 0.1498, 0.2639, -0.0834)
  Optuna: 18 trials, best Sharpe = 0.1136
  Best params: n_estimators=414, max_depth=3, lr=0.1025, leaves=19
  Best confidence_threshold: 0.832
  Best training_days: 490
  Retrained on full data (1470 samples, 46 features)
  [ensemble 2/3] seed=123
    [trial 0] 46 features, training_days=150 | threshold=0.744 | labels: 1018 long, 1153 short (47/53%)
    [CV fold 0] train_end=2023-06-23 08:00 | val_start=2023-07-01 00:00 | gap=184h (22 rows)
    [CV fold 1] train_end=2023-10-21 16:00 | val_start=2023-10-29 08:00 | gap=184h (22 rows)
    [CV fold 2] train_end=2024-02-19 00:00 | val_start=2024-02-26 16:00 | gap=184h (22 rows)
    [CV fold 3] train_end=2024-06-18 08:00 | val_start=2024-06-26 00:00 | gap=184h (22 rows)
    [CV fold 4] train_end=2024-10-16 16:00 | val_start=2024-10-24 08:00 | gap=184h (22 rows)
    [trial 0] Sharpe=0.0026 (folds: -0.0038, 0.2232, 0.0118, 0.0165, -0.2346)
    [trial 1] 46 features, training_days=220 | threshold=0.755 | labels: 1018 long, 1153 short (47/53%)
    [trial 1] Sharpe=-4.1719 (folds: 0.0798, -10.0000, -0.6768, -10.0000, -0.2623)
    [trial 2] 46 features, training_days=310 | threshold=0.754 | labels: 1018 long, 1153 short (47/53%)
    [trial 2] Sharpe=0.0440 (folds: 0.0035, 0.0622, 0.1963, 0.0401, -0.0824)
    [trial 3] 46 features, training_days=220 | threshold=0.673 | labels: 1018 long, 1153 short (47/53%)
    [trial 3] Sharpe=0.0085 (folds: 0.0144, -0.0906, 0.0554, 0.1305, -0.0675)
    [trial 4] 46 features, training_days=130 | threshold=0.803 | labels: 1018 long, 1153 short (47/53%)
    [trial 4] Sharpe=0.0858 (folds: 0.0208, 0.2190, 0.1336, 0.2284, -0.1731)
    [trial 5] 46 features, training_days=210 | threshold=0.606 | labels: 1018 long, 1153 short (47/53%)
    [trial 5] Sharpe=0.0418 (folds: -0.0648, 0.0370, 0.0888, 0.1298, 0.0184)
    [trial 6] 46 features, training_days=130 | threshold=0.767 | labels: 1018 long, 1153 short (47/53%)
    [trial 6] Sharpe=-0.0275 (folds: -0.0191, -0.0724, 0.1030, 0.1347, -0.2836)
    [trial 7] 46 features, training_days=80 | threshold=0.556 | labels: 1018 long, 1153 short (47/53%)
    [trial 7] Sharpe=-0.1156 (folds: -0.0312, -0.1725, -0.2693, 0.1083, -0.2134)
    [trial 8] 46 features, training_days=200 | threshold=0.607 | labels: 1018 long, 1153 short (47/53%)
    [trial 8] Sharpe=0.0161 (folds: 0.0029, -0.0752, 0.0469, 0.1217, -0.0157)
    [trial 9] 46 features, training_days=260 | threshold=0.620 | labels: 1018 long, 1153 short (47/53%)
    [trial 9] Sharpe=-0.0570 (folds: -0.0452, -0.0390, 0.0874, 0.0054, -0.2937)
    [trial 10] 46 features, training_days=470 | threshold=0.845 | labels: 1018 long, 1153 short (47/53%)
    [trial 10] Sharpe=-5.9124 (folds: -10.0000, -10.0000, -0.0677, -10.0000, 0.5055)
    [trial 11] 46 features, training_days=350 | threshold=0.837 | labels: 1018 long, 1153 short (47/53%)
    [trial 11] Sharpe=-1.8854 (folds: 0.1841, 0.5240, -0.0512, -10.0000, -0.0841)
    [trial 12] 46 features, training_days=340 | threshold=0.784 | labels: 1018 long, 1153 short (47/53%)
    [trial 12] Sharpe=0.0029 (folds: -0.0084, -0.0300, 0.1117, 0.2264, -0.2849)
    [trial 13] 46 features, training_days=10 | threshold=0.720 | labels: 1018 long, 1153 short (47/53%)
    [trial 13] Sharpe=-4.0174 (folds: -0.0879, -0.1666, -10.0000, 0.1676, -10.0000)
    [trial 14] 46 features, training_days=320 | threshold=0.697 | labels: 1018 long, 1153 short (47/53%)
    [trial 14] Sharpe=0.0073 (folds: -0.0205, -0.0345, 0.1148, 0.0965, -0.1198)
    [trial 15] 46 features, training_days=430 | threshold=0.807 | labels: 1018 long, 1153 short (47/53%)
    [trial 15] Sharpe=0.0537 (folds: -0.0463, -0.0080, 0.0434, 0.2942, -0.0149)
    [trial 16] 46 features, training_days=500 | threshold=0.808 | labels: 1018 long, 1153 short (47/53%)
    [trial 16] Sharpe=0.0857 (folds: -0.0369, -0.0904, 0.1128, 0.3430, 0.0999)
    [trial 17] 46 features, training_days=410 | threshold=0.500 | labels: 1018 long, 1153 short (47/53%)
    [trial 17] Sharpe=-0.0152 (folds: -0.0651, 0.0075, 0.0806, 0.1267, -0.2259)
  Optuna: 18 trials, best Sharpe = 0.0858
  Best params: n_estimators=267, max_depth=5, lr=0.0804, leaves=40
  Best confidence_threshold: 0.803
  Best training_days: 130
  Retrained on full data (390 samples, 46 features)
  [ensemble 3/3] seed=456
    [trial 0] 46 features, training_days=90 | threshold=0.587 | labels: 1018 long, 1153 short (47/53%)
    [CV fold 0] train_end=2023-06-23 08:00 | val_start=2023-07-01 00:00 | gap=184h (22 rows)
    [CV fold 1] train_end=2023-10-21 16:00 | val_start=2023-10-29 08:00 | gap=184h (22 rows)
    [CV fold 2] train_end=2024-02-19 00:00 | val_start=2024-02-26 16:00 | gap=184h (22 rows)
    [CV fold 3] train_end=2024-06-18 08:00 | val_start=2024-06-26 00:00 | gap=184h (22 rows)
    [CV fold 4] train_end=2024-10-16 16:00 | val_start=2024-10-24 08:00 | gap=184h (22 rows)
    [trial 0] Sharpe=0.0083 (folds: 0.0394, -0.0629, -0.0914, 0.1491, 0.0070)
    [trial 1] 46 features, training_days=290 | threshold=0.635 | labels: 1018 long, 1153 short (47/53%)
    [trial 1] Sharpe=-0.0429 (folds: -0.0788, -0.0330, 0.0533, -0.0222, -0.1338)
    [trial 2] 46 features, training_days=10 | threshold=0.585 | labels: 1018 long, 1153 short (47/53%)
    [trial 2] Sharpe=-2.0056 (folds: -0.0879, -0.1666, 0.0587, 0.1676, -10.0000)
    [trial 3] 46 features, training_days=220 | threshold=0.687 | labels: 1018 long, 1153 short (47/53%)
    [trial 3] Sharpe=0.0323 (folds: -0.0169, 0.1307, -0.0874, 0.1719, -0.0368)
    [trial 4] 46 features, training_days=300 | threshold=0.562 | labels: 1018 long, 1153 short (47/53%)
    [trial 4] Sharpe=-0.0191 (folds: -0.0226, 0.0020, 0.0823, 0.0351, -0.1924)
    [trial 5] 46 features, training_days=490 | threshold=0.711 | labels: 1018 long, 1153 short (47/53%)
    [trial 5] Sharpe=0.0490 (folds: -0.0241, -0.0498, 0.0748, 0.2060, 0.0381)
    [trial 6] 46 features, training_days=420 | threshold=0.667 | labels: 1018 long, 1153 short (47/53%)
    [trial 6] Sharpe=-0.0110 (folds: -0.1040, -0.0248, 0.0456, 0.0990, -0.0705)
    [trial 7] 46 features, training_days=120 | threshold=0.550 | labels: 1018 long, 1153 short (47/53%)
    [trial 7] Sharpe=0.0093 (folds: -0.0568, 0.1004, 0.0095, 0.1374, -0.1441)
    [trial 8] 46 features, training_days=450 | threshold=0.720 | labels: 1018 long, 1153 short (47/53%)
    [trial 8] Sharpe=0.0373 (folds: -0.0552, -0.0828, 0.1198, 0.3239, -0.1189)
    [trial 9] 46 features, training_days=20 | threshold=0.727 | labels: 1018 long, 1153 short (47/53%)
    [trial 9] Sharpe=-2.0434 (folds: -0.0879, -10.0000, -0.2855, 0.1676, -0.0110)
    [trial 10] 46 features, training_days=490 | threshold=0.828 | labels: 1018 long, 1153 short (47/53%)
    [trial 10] Sharpe=0.1384 (folds: 0.1301, 0.1478, 0.1159, 0.1037, 0.1946)
    [trial 11] 46 features, training_days=500 | threshold=0.843 | labels: 1018 long, 1153 short (47/53%)
    [trial 11] Sharpe=0.1550 (folds: 0.3017, 0.1882, 0.0099, 0.0259, 0.2493)
    [trial 12] 46 features, training_days=370 | threshold=0.844 | labels: 1018 long, 1153 short (47/53%)[I 2026-06-01 11:07:03,523] Trial 12 finished with value: 0.1805042122868473 and parameters: {'confidence_threshold': 0.84383344306133, 'training_days': 370, 'n_estimators': 490, 'max_depth': 4, 'num_leaves': 15, 'learning_rate': 0.010160038190855229, 'subsample': 0.7036312375118919, 'colsample_bytree': 0.9826583982594713, 'min_child_samples': 57, 'reg_alpha': 0.051776251607927, 'reg_lambda': 1.4304147444691813e-06}. Best is trial 12 with value: 0.1805042122868473.
[I 2026-06-01 11:07:03,926] Trial 13 finished with value: -1.7908817366568546 and parameters: {'confidence_threshold': 0.8491507343667494, 'training_days': 370, 'n_estimators': 497, 'max_depth': 4, 'num_leaves': 15, 'learning_rate': 0.010705996887526596, 'subsample': 0.7226980981961403, 'colsample_bytree': 0.9591893793820627, 'min_child_samples': 66, 'reg_alpha': 0.016652651664300317, 'reg_lambda': 1.8799948266058237e-06}. Best is trial 12 with value: 0.1805042122868473.
[I 2026-06-01 11:07:04,378] Trial 14 finished with value: 0.054801669994609156 and parameters: {'confidence_threshold': 0.7923590656834429, 'training_days': 370, 'n_estimators': 500, 'max_depth': 4, 'num_leaves': 24, 'learning_rate': 0.017775524734703448, 'subsample': 0.6776505255398512, 'colsample_bytree': 0.9104960823108069, 'min_child_samples': 51, 'reg_alpha': 0.07572109158362629, 'reg_lambda': 2.0473129171969864e-06}. Best is trial 12 with value: 0.1805042122868473.
[I 2026-06-01 11:07:04,720] Trial 15 finished with value: 0.10129040560014595 and parameters: {'confidence_threshold': 0.7829525506318393, 'training_days': 390, 'n_estimators': 442, 'max_depth': 4, 'num_leaves': 23, 'learning_rate': 0.010000530806531505, 'subsample': 0.7798314677038096, 'colsample_bytree': 0.8144377937283438, 'min_child_samples': 73, 'reg_alpha': 0.00038584646013574176, 'reg_lambda': 0.0026406526000485684}. Best is trial 12 with value: 0.1805042122868473.
[I 2026-06-01 11:07:05,010] Trial 16 finished with value: 0.05225854394438956 and parameters: {'confidence_threshold': 0.7809712285122007, 'training_days': 240, 'n_estimators': 294, 'max_depth': 4, 'num_leaves': 30, 'learning_rate': 0.02037165238809983, 'subsample': 0.6577011495975604, 'colsample_bytree': 0.9373223525891455, 'min_child_samples': 20, 'reg_alpha': 0.0008643567082999539, 'reg_lambda': 1.257475181362482e-06}. Best is trial 12 with value: 0.1805042122868473.
[I 2026-06-01 11:07:05,185] Trial 17 finished with value: -0.05716006297194289 and parameters: {'confidence_threshold': 0.5080881579696632, 'training_days': 330, 'n_estimators': 224, 'max_depth': 3, 'num_leaves': 58, 'learning_rate': 0.015232064422929322, 'subsample': 0.7390126337768079, 'colsample_bytree': 0.9920053259992261, 'min_child_samples': 57, 'reg_alpha': 0.23736573618049797, 'reg_lambda': 0.001352150060975526}. Best is trial 12 with value: 0.1805042122868473.
[I 2026-06-01 11:07:05,922] A new study created in memory with name: no-name-58a1c542-4ed2-402e-84f3-d0474fdf84fc
[I 2026-06-01 11:07:06,228] Trial 0 finished with value: 0.07870194408207187 and parameters: {'confidence_threshold': 0.6310890415965769, 'training_days': 480, 'n_estimators': 380, 'max_depth': 4, 'num_leaves': 22, 'learning_rate': 0.01699897838270077, 'subsample': 0.5290418060840998, 'colsample_bytree': 0.9330880728874675, 'min_child_samples': 68, 'reg_alpha': 0.023585940584142682, 'reg_lambda': 1.5320059381854043e-08}. Best is trial 0 with value: 0.07870194408207187.
[I 2026-06-01 11:07:06,338] Trial 1 finished with value: -1.6647914734254645 and parameters: {'confidence_threshold': 0.839468448256698, 'training_days': 420, 'n_estimators': 145, 'max_depth': 3, 'num_leaves': 23, 'learning_rate': 0.028145092716060652, 'subsample': 0.762378215816119, 'colsample_bytree': 0.7159725093210578, 'min_child_samples': 43, 'reg_alpha': 0.0032112643094417484, 'reg_lambda': 1.8007140198129195e-07}. Best is trial 0 with value: 0.07870194408207187.
[I 2026-06-01 11:07:06,483] Trial 2 finished with value: -0.09969204203885933 and parameters: {'confidence_threshold': 0.6022506269873263, 'training_days': 190, 'n_estimators': 255, 'max_depth': 5, 'num_leaves': 24, 'learning_rate': 0.05748924681991978, 'subsample': 0.7962072844310213, 'colsample_bytree': 0.5232252063599989, 'min_child_samples': 69, 'reg_alpha': 3.425445902633376e-07, 'reg_lambda': 3.850031979199519e-08}. Best is trial 0 with value: 0.07870194408207187.
[I 2026-06-01 11:07:06,737] Trial 3 finished with value: 0.09414576577071013 and parameters: {'confidence_threshold': 0.8321099380386666, 'training_days': 490, 'n_estimators': 414, 'max_depth': 3, 'num_leaves': 19, 'learning_rate': 0.1024932221692416, 'subsample': 0.7200762468698007, 'colsample_bytree': 0.5610191174223894, 'min_child_samples': 60, 'reg_alpha': 2.039373116525212e-08, 'reg_lambda': 1.527156759251193}. Best is trial 3 with value: 0.09414576577071013.
[I 2026-06-01 11:07:06,887] Trial 4 finished with value: -0.022889808827491656 and parameters: {'confidence_threshold': 0.5905729935600059, 'training_days': 340, 'n_estimators': 190, 'max_depth': 4, 'num_leaves': 41, 'learning_rate': 0.01875220945578641, 'subsample': 0.9847923138822793, 'colsample_bytree': 0.8875664116805573, 'min_child_samples': 96, 'reg_alpha': 1.1309571585271483, 'reg_lambda': 0.002404915432737351}. Best is trial 3 with value: 0.09414576577071013.
[I 2026-06-01 11:07:06,922] Trial 5 finished with value: -0.06801078306212643 and parameters: {'confidence_threshold': 0.8226559822580909, 'training_days': 50, 'n_estimators': 138, 'max_depth': 3, 'num_leaves': 30, 'learning_rate': 0.03750796359625606, 'subsample': 0.6356745158869479, 'colsample_bytree': 0.9143687545759647, 'min_child_samples': 48, 'reg_alpha': 3.376063348877853e-06, 'reg_lambda': 0.0007660634613082914}. Best is trial 3 with value: 0.09414576577071013.
[I 2026-06-01 11:07:07,024] Trial 6 finished with value: 0.011369610560811396 and parameters: {'confidence_threshold': 0.5493234787411669, 'training_days': 410, 'n_estimators': 83, 'max_depth': 5, 'num_leaves': 52, 'learning_rate': 0.019657448966046126, 'subsample': 0.5027610585618012, 'colsample_bytree': 0.9077307142274171, 'min_child_samples': 77, 'reg_alpha': 0.03639690979811287, 'reg_lambda': 0.08738424135626986}. Best is trial 3 with value: 0.09414576577071013.
[I 2026-06-01 11:07:07,117] Trial 7 finished with value: -0.08254315259434045 and parameters: {'confidence_threshold': 0.5259156281069316, 'training_days': 180, 'n_estimators': 102, 'max_depth': 5, 'num_leaves': 45, 'learning_rate': 0.030816017044468066, 'subsample': 0.5317791751430119, 'colsample_bytree': 0.6554911608578311, 'min_child_samples': 46, 'reg_alpha': 0.036851536911881845, 'reg_lambda': 0.005470376807480391}. Best is trial 3 with value: 0.09414576577071013.
[I 2026-06-01 11:07:07,216] Trial 8 finished with value: -0.09456481684960469 and parameters: {'confidence_threshold': 0.8105244599017143, 'training_days': 240, 'n_estimators': 103, 'max_depth': 5, 'num_leaves': 52, 'learning_rate': 0.06746437142284309, 'subsample': 0.8854835899772805, 'colsample_bytree': 0.7468977981821954, 'min_child_samples': 62, 'reg_alpha': 7.04480806377519e-05, 'reg_lambda': 1.6934490731313353e-08}. Best is trial 3 with value: 0.09414576577071013.
[I 2026-06-01 11:07:07,237] Trial 9 finished with value: -0.02565402655633936 and parameters: {'confidence_threshold': 0.5377619994476566, 'training_days': 20, 'n_estimators': 337, 'max_depth': 3, 'num_leaves': 39, 'learning_rate': 0.21907142272152816, 'subsample': 0.6246461145744375, 'colsample_bytree': 0.7051914615178149, 'min_child_samples': 81, 'reg_alpha': 1.1459970229341322e-06, 'reg_lambda': 4.929685216887945e-08}. Best is trial 3 with value: 0.09414576577071013.
