[I 2026-06-01 11:08:54,170] Trial 0 finished with value: -0.04412206042924179 and parameters: {'confidence_threshold': 0.6310890415965769, 'training_days': 480, 'n_estimators': 380, 'max_depth': 4, 'num_leaves': 22, 'learning_rate': 0.01699897838270077, 'subsample': 0.5290418060840998, 'colsample_bytree': 0.9330880728874675, 'min_child_samples': 68, 'reg_alpha': 0.023585940584142682, 'reg_lambda': 1.5320059381854043e-08}. Best is trial 0 with value: -0.04412206042924179.

    [trial 4] Sharpe=0.0497 (folds: -0.1849, 0.0387, -0.0022, 0.0980, 0.2986)
    [trial 5] 46 features, training_days=490 | threshold=0.711 | labels: 999 long, 1172 short (46/54%)
    [trial 5] Sharpe=0.0167 (folds: -0.0992, -0.1041, 0.0029, -0.1133, 0.3973)
    [trial 6] 46 features, training_days=420 | threshold=0.667 | labels: 999 long, 1172 short (46/54%)
    [trial 6] Sharpe=0.0192 (folds: -0.1419, -0.0722, -0.0069, -0.0576, 0.3749)
    [trial 7] 46 features, training_days=120 | threshold=0.550 | labels: 999 long, 1172 short (46/54%)
    [trial 7] Sharpe=-0.0246 (folds: -0.1045, 0.0976, -0.0928, -0.1122, 0.0887)
    [trial 8] 46 features, training_days=450 | threshold=0.720 | labels: 999 long, 1172 short (46/54%)
    [trial 8] Sharpe=-0.0164 (folds: -0.3168, -0.1680, -0.0061, -0.0763, 0.4849)
    [trial 9] 46 features, training_days=20 | threshold=0.727 | labels: 999 long, 1172 short (46/54%)
    [trial 9] Sharpe=-2.1368 (folds: -10.0000, -0.1609, -0.3144, -0.1525, -0.0565)
    [trial 10] 46 features, training_days=10 | threshold=0.840 | labels: 999 long, 1172 short (46/54%)
    [trial 10] Sharpe=-1.9580 (folds: 0.1594, -0.1609, 0.1482, 0.0634, -10.0000)
    [trial 11] 46 features, training_days=310 | threshold=0.538 | labels: 999 long, 1172 short (46/54%)
    [trial 11] Sharpe=0.0220 (folds: -0.1890, 0.0191, -0.0516, 0.0588, 0.2728)
    [trial 12] 46 features, training_days=200 | threshold=0.599 | labels: 999 long, 1172 short (46/54%)
    [trial 12] Sharpe=-0.0284 (folds: -0.1254, 0.1248, -0.2761, -0.0232, 0.1578)
    [trial 13] 46 features, training_days=360 | threshold=0.501 | labels: 999 long, 1172 short (46/54%)
    [trial 13] Sharpe=0.0547 (folds: -0.1216, -0.0050, -0.0241, 0.0112, 0.4130)
    [trial 14] 46 features, training_days=380 | threshold=0.506 | labels: 999 long, 1172 short (46/54%)
    [trial 14] Sharpe=0.0382 (folds: -0.1183, -0.0297, 0.0337, 0.0477, 0.2575)
    [trial 15] 46 features, training_days=150 | threshold=0.504 | labels: 999 long, 1172 short (46/54%)
    [trial 15] Sharpe=-0.1882 (folds: -0.2080, -0.2807, -0.3184, -0.2108, 0.0770)
    [trial 16] 46 features, training_days=360 | threshold=0.631 | labels: 999 long, 1172 short (46/54%)
    [trial 16] Sharpe=0.0347 (folds: -0.1283, -0.0524, 0.0214, -0.0017, 0.3343)
    [trial 17] 46 features, training_days=70 | threshold=0.787 | labels: 999 long, 1172 short (46/54%)
    [trial 17] Sharpe=-0.0847 (folds: -0.3084, 0.0298, 0.1586, -0.2994, -0.0039)
  Optuna: 18 trials, best Sharpe = 0.0799
  Best params: n_estimators=212, max_depth=3, lr=0.1845, leaves=41
  Best confidence_threshold: 0.585
  Best training_days: 10
  Retrained on full data (30 samples, 46 features)
  OOD: 16 features, cutoff (q=0.7) = 13.30
  Model trained for 2025-12: 93 test candles with features, confidence_threshold=0.583
[predict] 2025-12-06 08:00 DOTUSDT → SHORT (proba=0.77 TP=13.1%/SL=6.5%)
[trade:open] 2025-12-06 15:59 DOTUSDT SHORT @ 2.12 | SL=2.26 TP=1.84 | timeout=2025-12-13 15:59
[trade:close] 2025-12-09 23:59 DOTUSDT SHORT → stop_loss @ 2.26 | PnL=-6.55% (net -6.65%) | cum=+65.28% 2025-12=-14.96% 2025-12-09=-6.65%
[predict] 2025-12-10 16:00 DOTUSDT → SHORT (proba=0.68 TP=14.1%/SL=7.1%)
[trade:open] 2025-12-10 23:59 DOTUSDT SHORT @ 2.19 | SL=2.34 TP=1.88 | timeout=2025-12-17 23:59
[trade:close] 2025-12-15 15:59 DOTUSDT SHORT → take_profit @ 1.88 | PnL=+14.10% (net +14.00%) | cum=+79.28% 2025-12=-0.96% 2025-12-15=+14.00%
[predict] 2025-12-16 16:00 DOTUSDT → SHORT (proba=0.73 TP=12.7%/SL=6.3%)
[trade:open] 2025-12-16 23:59 DOTUSDT SHORT @ 1.90 | SL=2.02 TP=1.66 | timeout=2025-12-23 23:59
[trade:close] 2025-12-24 00:00 DOTUSDT SHORT → timeout @ 1.76 | PnL=+7.01% (net +6.91%) | cum=+86.19% 2025-12=+5.95% 2025-12-24=+6.91%
[predict] 2025-12-24 16:00 DOTUSDT → SHORT (proba=0.65 TP=11.5%/SL=5.8%)
[trade:open] 2025-12-24 23:59 DOTUSDT SHORT @ 1.74 | SL=1.84 TP=1.54 | timeout=2025-12-31 23:59
[trade:close] 2025-12-27 23:59 DOTUSDT SHORT → stop_loss @ 1.84 | PnL=-5.77% (net -5.87%) | cum=+80.32% 2025-12=+0.08% 2025-12-27=-5.87%
[predict] 2025-12-28 16:00 DOTUSDT → SHORT (proba=0.62 TP=11.4%/SL=5.7%)
[trade:open] 2025-12-28 23:59 DOTUSDT SHORT @ 1.85 | SL=1.96 TP=1.64 | timeout=2026-01-04 23:59
[lgbm] === Training for 2026-01 ===
  Train window: 2024-01-01 → 2025-12-24
  2171 training samples from 1 symbols
  Samples per month: 2024-01: 93, 2024-02: 87, 2024-03: 93, 2024-04: 90, 2024-05: 93, 2024-06: 90, 2024-07: 93, 2024-08: 93, 2024-09: 90, 2024-10: 93, 2024-11: 90, 2024-12: 93, 2025-01: 93, 2025-02: 84, 2025-03: 93, 2025-04: 90, 2025-05: 93, 2025-06: 90, 2025-07: 93, 2025-08: 93, 2025-09: 90, 2025-10: 93, 2025-11: 90, 2025-12: 71
  [label] 2024-03-02 16:00 DOTUSDT entry=9.4760 → LONG | long=sl(-7.09%) short=sl(-7.09%) | scanned=5 | no_tp→fwd_return=+7.3343
  [label] 2024-03-05 00:00 DOTUSDT entry=10.5430 → SHORT | long=sl(-8.79%) short=tp(+17.28%) | scanned=2 | short_tp_only
  [label] 2024-03-08 16:00 DOTUSDT entry=10.6480 → LONG | long=timeout(+1.52%) short=sl(-10.54%) | scanned=22 | no_tp→fwd_return=+1.6247
  [label] 2024-04-02 08:00 DOTUSDT entry=8.4630 → LONG | long=timeout(+4.80%) short=sl(-6.97%) | scanned=22 | no_tp→fwd_return=+4.9037
  [label] 2024-05-25 00:00 DOTUSDT entry=7.2990 → SHORT | long=sl(-5.76%) short=sl(-5.76%) | scanned=19 | no_tp→fwd_return=-5.9734
  [label] 2024-11-07 00:00 DOTUSDT entry=4.0860 → LONG | long=tp(+10.22%) short=sl(-5.26%) | scanned=8 | long_tp_only
  [label] 2024-11-11 00:00 DOTUSDT entry=5.0820 → LONG | long=tp(+17.57%) short=sl(-8.93%) | scanned=18 | long_tp_only
  [label] 2024-11-21 16:00 DOTUSDT entry=5.9390 → LONG | long=tp(+18.84%) short=sl(-9.57%) | scanned=4 | long_tp_only
  [label] 2025-01-05 16:00 DOTUSDT entry=7.6700 → SHORT | long=sl(-5.99%) short=tp(+11.68%) | scanned=7 | short_tp_only
  [label] 2025-01-14 08:00 DOTUSDT entry=6.5180 → LONG | long=tp(+14.81%) short=sl(-7.55%) | scanned=10 | long_tp_only
  [label] 2025-04-14 16:00 DOTUSDT entry=3.6730 → LONG | long=timeout(+2.70%) short=sl(-7.03%) | scanned=22 | no_tp→fwd_return=+2.8042
  [label] 2025-05-16 16:00 DOTUSDT entry=4.7520 → SHORT | long=timeout(-4.18%) short=sl(-7.66%) | scanned=22 | no_tp→fwd_return=-4.0825
  [label] 2025-06-02 00:00 DOTUSDT entry=4.0120 → SHORT | long=sl(-5.82%) short=timeout(+0.57%) | scanned=22 | no_tp→fwd_return=-0.6730
  [label] 2025-06-14 16:00 DOTUSDT entry=3.7790 → SHORT | long=sl(-5.56%) short=sl(-5.56%) | scanned=12 | no_tp→fwd_return=-4.1810
  [label] 2025-07-03 00:00 DOTUSDT entry=3.6540 → LONG | long=sl(-5.45%) short=timeout(-0.21%) | scanned=22 | no_tp→fwd_return=+0.1095
  [label] 2025-07-09 08:00 DOTUSDT entry=3.5210 → LONG | long=tp(+8.40%) short=sl(-4.35%) | scanned=4 | long_tp_only
  [label] 2025-07-21 16:00 DOTUSDT entry=4.5000 → SHORT | long=sl(-7.21%) short=timeout(+11.83%) | scanned=22 | no_tp→fwd_return=-11.9333
  [label] 2025-08-30 08:00 DOTUSDT entry=3.7860 → LONG | long=timeout(+0.03%) short=timeout(-0.23%) | scanned=22 | no_tp→fwd_return=+0.1321
  [label] 2025-09-09 00:00 DOTUSDT entry=4.1260 → LONG | long=tp(+8.40%) short=sl(-4.35%) | scanned=12 | long_tp_only
  [label] 2025-12-04 08:00 DOTUSDT entry=2.3270 → SHORT | long=sl(-6.27%) short=tp(+12.24%) | scanned=9 | short_tp_only
  Labels: 967 long (44.5%), 1204 short (55.5%) | weights: min=1.00, mean=3.48, max=10.00
  Features: 2171/2171 matched, 46 columns
  CV gap: 22 rows
  [ensemble 1/3] seed=42
    [trial 0] 46 features, training_days=480 | threshold=0.631 | labels: 967 long, 1204 short (45/55%)
    [CV fold 0] train_end=2024-04-24 08:00 | val_start=2024-05-02 00:00 | gap=184h (22 rows)
    [CV fold 1] train_end=2024-08-22 16:00 | val_start=2024-08-30 08:00 | gap=184h (22 rows)
    [CV fold 2] train_end=2024-12-21 00:00 | val_start=2024-12-28 16:00 | gap=184h (22 rows)
    [CV fold 3] train_end=2025-04-20 08:00 | val_start=2025-04-28 00:00 | gap=184h (22 rows)
    [CV fold 4] train_end=2025-08-18 16:00 | val_start=2025-08-26 08:00 | gap=184h (22 rows)
    [trial 0] Sharpe=-0.0441 (folds: -0.1326, -0.3198, 0.1023, 0.0896, 0.0398)
    [trial 1] 46 features, training_days=420 | threshold=0.839 | labels: 967 long, 1204 short (45/55%)[I 2026-06-01 11:08:54,277] Trial 1 finished with value: -3.8609378305714968 and parameters: {'confidence_threshold': 0.839468448256698, 'training_days': 420, 'n_estimators': 145, 'max_depth': 3, 'num_leaves': 23, 'learning_rate': 0.028145092716060652, 'subsample': 0.762378215816119, 'colsample_bytree': 0.7159725093210578, 'min_child_samples': 43, 'reg_alpha': 0.0032112643094417484, 'reg_lambda': 1.8007140198129195e-07}. Best is trial 0 with value: -0.04412206042924179.
[I 2026-06-01 11:08:54,443] Trial 2 finished with value: -0.016161814305833664 and parameters: {'confidence_threshold': 0.6022506269873263, 'training_days': 190, 'n_estimators': 255, 'max_depth': 5, 'num_leaves': 24, 'learning_rate': 0.05748924681991978, 'subsample': 0.7962072844310213, 'colsample_bytree': 0.5232252063599989, 'min_child_samples': 69, 'reg_alpha': 3.425445902633376e-07, 'reg_lambda': 3.850031979199519e-08}. Best is trial 2 with value: -0.016161814305833664.
[I 2026-06-01 11:08:54,680] Trial 3 finished with value: -0.01804375918267238 and parameters: {'confidence_threshold': 0.8321099380386666, 'training_days': 490, 'n_estimators': 414, 'max_depth': 3, 'num_leaves': 19, 'learning_rate': 0.1024932221692416, 'subsample': 0.7200762468698007, 'colsample_bytree': 0.5610191174223894, 'min_child_samples': 60, 'reg_alpha': 2.039373116525212e-08, 'reg_lambda': 1.527156759251193}. Best is trial 2 with value: -0.016161814305833664.
[I 2026-06-01 11:08:54,844] Trial 4 finished with value: 0.036267323212703144 and parameters: {'confidence_threshold': 0.5905729935600059, 'training_days': 340, 'n_estimators': 190, 'max_depth': 4, 'num_leaves': 41, 'learning_rate': 0.01875220945578641, 'subsample': 0.9847923138822793, 'colsample_bytree': 0.8875664116805573, 'min_child_samples': 96, 'reg_alpha': 1.1309571585271483, 'reg_lambda': 0.002404915432737351}. Best is trial 4 with value: 0.036267323212703144.
[I 2026-06-01 11:08:54,889] Trial 5 finished with value: -0.05285519815444566 and parameters: {'confidence_threshold': 0.8226559822580909, 'training_days': 50, 'n_estimators': 138, 'max_depth': 3, 'num_leaves': 30, 'learning_rate': 0.03750796359625606, 'subsample': 0.6356745158869479, 'colsample_bytree': 0.9143687545759647, 'min_child_samples': 48, 'reg_alpha': 3.376063348877853e-06, 'reg_lambda': 0.0007660634613082914}. Best is trial 4 with value: 0.036267323212703144.
[I 2026-06-01 11:08:55,001] Trial 6 finished with value: 0.06223466542200916 and parameters: {'confidence_threshold': 0.5493234787411669, 'training_days': 410, 'n_estimators': 83, 'max_depth': 5, 'num_leaves': 52, 'learning_rate': 0.019657448966046126, 'subsample': 0.5027610585618012, 'colsample_bytree': 0.9077307142274171, 'min_child_samples': 77, 'reg_alpha': 0.03639690979811287, 'reg_lambda': 0.08738424135626986}. Best is trial 6 with value: 0.06223466542200916.
[I 2026-06-01 11:08:55,098] Trial 7 finished with value: -0.06760404035886981 and parameters: {'confidence_threshold': 0.5259156281069316, 'training_days': 180, 'n_estimators': 102, 'max_depth': 5, 'num_leaves': 45, 'learning_rate': 0.030816017044468066, 'subsample': 0.5317791751430119, 'colsample_bytree': 0.6554911608578311, 'min_child_samples': 46, 'reg_alpha': 0.036851536911881845, 'reg_lambda': 0.005470376807480391}. Best is trial 6 with value: 0.06223466542200916.
[I 2026-06-01 11:08:55,201] Trial 8 finished with value: -0.06572751218634633 and parameters: {'confidence_threshold': 0.8105244599017143, 'training_days': 240, 'n_estimators': 103, 'max_depth': 5, 'num_leaves': 52, 'learning_rate': 0.06746437142284309, 'subsample': 0.8854835899772805, 'colsample_bytree': 0.7468977981821954, 'min_child_samples': 62, 'reg_alpha': 7.04480806377519e-05, 'reg_lambda': 1.6934490731313353e-08}. Best is trial 6 with value: 0.06223466542200916.
[I 2026-06-01 11:08:55,226] Trial 9 finished with value: 0.019473717803893266 and parameters: {'confidence_threshold': 0.5377619994476566, 'training_days': 20, 'n_estimators': 337, 'max_depth': 3, 'num_leaves': 39, 'learning_rate': 0.21907142272152816, 'subsample': 0.6246461145744375, 'colsample_bytree': 0.7051914615178149, 'min_child_samples': 81, 'reg_alpha': 1.1459970229341322e-06, 'reg_lambda': 4.929685216887945e-08}. Best is trial 6 with value: 0.06223466542200916.
[I 2026-06-01 11:08:55,862] Trial 10 finished with value: 0.014915268915833224 and parameters: {'confidence_threshold': 0.7378545837642324, 'training_days': 350, 'n_estimators': 487, 'max_depth': 5, 'num_leaves': 62, 'learning_rate': 0.011407797829608154, 'subsample': 0.628963476300746, 'colsample_bytree': 0.8340915966600303, 'min_child_samples': 27, 'reg_alpha': 8.536188349289, 'reg_lambda': 8.145051292774586}. Best is trial 6 with value: 0.06223466542200916.
[I 2026-06-01 11:08:56,046] Trial 11 finished with value: 0.04537018939371497 and parameters: {'confidence_threshold': 0.5868432171372693, 'training_days': 360, 'n_estimators': 227, 'max_depth': 4, 'num_leaves': 53, 'learning_rate': 0.010391584450418287, 'subsample': 0.9931345598701656, 'colsample_bytree': 0.8291852193868787, 'min_child_samples': 98, 'reg_alpha': 2.5735961046969034, 'reg_lambda': 0.03049385913476132}. Best is trial 6 with value: 0.06223466542200916.
[I 2026-06-01 11:08:56,252] Trial 12 finished with value: -0.10711605892949527 and parameters: {'confidence_threshold': 0.6704220886973357, 'training_days': 340, 'n_estimators': 268, 'max_depth': 4, 'num_leaves': 55, 'learning_rate': 0.010344332245336978, 'subsample': 0.9914568841699956, 'colsample_bytree': 0.9958196332168744, 'min_child_samples': 100, 'reg_alpha': 0.4503546459456564, 'reg_lambda': 0.0870823485526129}. Best is trial 6 with value: 0.06223466542200916.
[I 2026-06-01 11:08:56,336] Trial 13 finished with value: 0.06355640347072589 and parameters: {'confidence_threshold': 0.5106800669909268, 'training_days': 400, 'n_estimators': 62, 'max_depth': 4, 'num_leaves': 52, 'learning_rate': 0.018044904132800254, 'subsample': 0.8815229546277541, 'colsample_bytree': 0.8155421717694826, 'min_child_samples': 85, 'reg_alpha': 0.0010695159048720376, 'reg_lambda': 2.915487126448182e-05}. Best is trial 13 with value: 0.06355640347072589.
[I 2026-06-01 11:08:56,430] Trial 14 finished with value: 0.08558872736293208 and parameters: {'confidence_threshold': 0.5170011805616586, 'training_days': 430, 'n_estimators': 59, 'max_depth': 4, 'num_leaves': 60, 'learning_rate': 0.019215594664698153, 'subsample': 0.8670020384065278, 'colsample_bytree': 0.8312163037675877, 'min_child_samples': 81, 'reg_alpha': 0.000482268546057502, 'reg_lambda': 1.0630220604387046e-05}. Best is trial 14 with value: 0.08558872736293208.
[I 2026-06-01 11:08:56,507] Trial 15 finished with value: 0.003014409443234674 and parameters: {'confidence_threshold': 0.5017788490461661, 'training_days': 270, 'n_estimators': 51, 'max_depth': 4, 'num_leaves': 62, 'learning_rate': 0.10200420938678899, 'subsample': 0.8634823758940223, 'colsample_bytree': 0.8100744538922787, 'min_child_samples': 85, 'reg_alpha': 8.569550505993955e-05, 'reg_lambda': 1.0806357589386908e-05}. Best is trial 14 with value: 0.08558872736293208.
[I 2026-06-01 11:08:56,662] Trial 16 finished with value: 0.11232196613980565 and parameters: {'confidence_threshold': 0.7405378962307041, 'training_days': 430, 'n_estimators': 180, 'max_depth': 4, 'num_leaves': 58, 'learning_rate': 0.04006601112901069, 'subsample': 0.8960731813840875, 'colsample_bytree': 0.632035183231185, 'min_child_samples': 88, 'reg_alpha': 0.0007715794298532644, 'reg_lambda': 1.1228198706054515e-05}. Best is trial 16 with value: 0.11232196613980565.
[I 2026-06-01 11:08:56,827] Trial 17 finished with value: -0.01156109124990035 and parameters: {'confidence_threshold': 0.7296153420475378, 'training_days': 500, 'n_estimators': 195, 'max_depth': 4, 'num_leaves': 63, 'learning_rate': 0.04302553031342478, 'subsample': 0.9136656474234269, 'colsample_bytree': 0.6091330191487015, 'min_child_samples': 89, 'reg_alpha': 1.7602262994386433e-05, 'reg_lambda': 1.8624890182450866e-06}. Best is trial 16 with value: 0.11232196613980565.
[I 2026-06-01 11:08:57,318] A new study created in memory with name: no-name-b0ed37e0-be10-49fb-98f3-b9e7b0f28685
[I 2026-06-01 11:08:57,411] Trial 0 finished with value: -0.07585200390081423 and parameters: {'confidence_threshold': 0.7437642149592516, 'training_days': 150, 'n_estimators': 152, 'max_depth': 4, 'num_leaves': 50, 'learning_rate': 0.04216766425047743, 'subsample': 0.9903820991923078, 'colsample_bytree': 0.8424148692924316, 'min_child_samples': 58, 'reg_alpha': 3.381097259762742e-05, 'reg_lambda': 1.2263152961306247e-05}. Best is trial 0 with value: -0.07585200390081423.
[I 2026-06-01 11:08:57,478] Trial 1 finished with value: -3.7145009594897473 and parameters: {'confidence_threshold': 0.7551673975844145, 'training_days': 220, 'n_estimators': 76, 'max_depth': 4, 'num_leaves': 51, 'learning_rate': 0.018602118810743477, 'subsample': 0.5877258780737462, 'colsample_bytree': 0.7657756869209191, 'min_child_samples': 63, 'reg_alpha': 0.005123994170264194, 'reg_lambda': 0.44145470178120466}. Best is trial 0 with value: -0.07585200390081423.
[I 2026-06-01 11:08:57,729] Trial 2 finished with value: 0.08407980942598714 and parameters: {'confidence_threshold': 0.7535593637012223, 'training_days': 310, 'n_estimators': 375, 'max_depth': 3, 'num_leaves': 32, 'learning_rate': 0.021735641882032388, 'subsample': 0.6468570231944146, 'colsample_bytree': 0.8154880619272439, 'min_child_samples': 27, 'reg_alpha': 8.004064028491336e-05, 'reg_lambda': 7.546835261630524e-05}. Best is trial 2 with value: 0.08407980942598714.
[I 2026-06-01 11:08:57,886] Trial 3 finished with value: -0.05848645518417195 and parameters: {'confidence_threshold': 0.6727897841776072, 'training_days': 220, 'n_estimators': 190, 'max_depth': 4, 'num_leaves': 58, 'learning_rate': 0.24810689332636193, 'subsample': 0.7509183379421682, 'colsample_bytree': 0.8119764758960556, 'min_child_samples': 29, 'reg_alpha': 7.1708285081421445e-06, 'reg_lambda': 5.412973582738627e-05}. Best is trial 2 with value: 0.08407980942598714.
[I 2026-06-01 11:08:57,994] Trial 4 finished with value: -0.017846823754143454 and parameters: {'confidence_threshold': 0.803208205259178, 'training_days': 130, 'n_estimators': 267, 'max_depth': 5, 'num_leaves': 40, 'learning_rate': 0.08041175317374143, 'subsample': 0.5603143329951619, 'colsample_bytree': 0.9131704002534167, 'min_child_samples': 68, 'reg_alpha': 0.0008046593428183385, 'reg_lambda': 1.2158346158765583e-05}. Best is trial 2 with value: 0.08407980942598714.
[I 2026-06-01 11:08:58,225] Trial 5 finished with value: -0.0653773090743857 and parameters: {'confidence_threshold': 0.6064422761595144, 'training_days': 210, 'n_estimators': 357, 'max_depth': 5, 'num_leaves': 40, 'learning_rate': 0.0974221287220869, 'subsample': 0.7929682762811064, 'colsample_bytree': 0.8124517510478, 'min_child_samples': 74, 'reg_alpha': 0.3811377260781234, 'reg_lambda': 5.607314238392041e-08}. Best is trial 2 with value: 0.08407980942598714.
[I 2026-06-01 11:08:58,323] Trial 6 finished with value: -0.03757969735112744 and parameters: {'confidence_threshold': 0.7672889945051684, 'training_days': 130, 'n_estimators': 137, 'max_depth': 4, 'num_leaves': 19, 'learning_rate': 0.2031117614248665, 'subsample': 0.8136244860256343, 'colsample_bytree': 0.8617081790949774, 'min_child_samples': 21, 'reg_alpha': 0.002238138278733199, 'reg_lambda': 0.001025809534977322}. Best is trial 2 with value: 0.08407980942598714.
[I 2026-06-01 11:08:58,396] Trial 7 finished with value: 0.019148028663553463 and parameters: {'confidence_threshold': 0.555635875450653, 'training_days': 80, 'n_estimators': 363, 'max_depth': 3, 'num_leaves': 48, 'learning_rate': 0.06590089024008658, 'subsample': 0.6944752870615722, 'colsample_bytree': 0.962566244806993, 'min_child_samples': 88, 'reg_alpha': 1.6465620446426067e-05, 'reg_lambda': 2.4678750890085655e-08}. Best is trial 2 with value: 0.08407980942598714.
[I 2026-06-01 11:08:58,727] Trial 8 finished with value: -0.06033924960555285 and parameters: {'confidence_threshold': 0.6066688256938841, 'training_days': 200, 'n_estimators': 367, 'max_depth': 5, 'num_leaves': 32, 'learning_rate': 0.13377519215934996, 'subsample': 0.7965884582811106, 'colsample_bytree': 0.8458508993500886, 'min_child_samples': 32, 'reg_alpha': 3.889436043816386e-05, 'reg_lambda': 1.4713062489380356e-06}. Best is trial 2 with value: 0.08407980942598714.
[I 2026-06-01 11:08:58,934] Trial 9 finished with value: -0.014762834549081155 and parameters: {'confidence_threshold': 0.6202096049169137, 'training_days': 260, 'n_estimators': 350, 'max_depth': 3, 'num_leaves': 21, 'learning_rate': 0.02989540198065364, 'subsample': 0.8307821683331218, 'colsample_bytree': 0.923253112635361, 'min_child_samples': 64, 'reg_alpha': 0.4898604619604203, 'reg_lambda': 2.9076377687066166e-05}. Best is trial 2 with value: 0.08407980942598714.
[I 2026-06-01 11:08:59,249] Trial 10 finished with value: -3.91884979483235 and parameters: {'confidence_threshold': 0.8445241688507242, 'training_days': 420, 'n_estimators': 494, 'max_depth': 3, 'num_leaves': 30, 'learning_rate': 0.010221918552934462, 'subsample': 0.5019190721168774, 'colsample_bytree': 0.6202684210924141, 'min_child_samples': 45, 'reg_alpha': 1.5494783182896407e-08, 'reg_lambda': 0.018878930586497852}. Best is trial 2 with value: 0.08407980942598714.
