[I 2026-06-01 11:04:58,736] Trial 17 finished with value: -0.023441407791372913 and parameters: {'confidence_threshold': 0.5552829550210197, 'training_days': 110, 'n_estimators': 170, 'max_depth': 4, 'num_leaves': 47, 'learning_rate': 0.026203206855469608, 'subsample': 0.9211256538261587, 'colsample_bytree': 0.9956385980717998, 'min_child_samples': 91, 'reg_alpha': 0.00010396761370918986, 'reg_lambda': 0.0049393924646631724}. Best is trial 4 with value: -0.0062211089543928195.
[I 2026-06-01 11:04:59,032] A new study created in memory with name: no-name-eb20e163-b06d-4a39-bd39-31d649be8370

[predict] 2024-04-10 16:00 DOTUSDT → SHORT (proba=0.59 TP=11.9%/SL=5.9%)
[trade:open] 2024-04-10 23:59 DOTUSDT SHORT @ 8.41 | SL=8.92 TP=7.41 | timeout=2024-04-17 23:59
[trade:close] 2024-04-12 23:59 DOTUSDT SHORT → take_profit @ 7.41 | PnL=+11.90% (net +11.80%) | cum=+47.50% 2024-04=+7.22% 2024-04-12=+11.80%
[predict] 2024-04-17 00:00 DOTUSDT → LONG (proba=0.62 TP=23.4%/SL=11.7%)
[trade:open] 2024-04-17 07:59 DOTUSDT LONG @ 6.64 | SL=5.87 TP=8.20 | timeout=2024-04-24 07:59
[trade:close] 2024-04-24 08:00 DOTUSDT LONG → timeout @ 7.42 | PnL=+11.63% (net +11.53%) | cum=+59.03% 2024-04=+18.76% 2024-04-24=+11.53%
[lgbm] === Training for 2024-05 ===
  Train window: 2022-05-01 → 2024-04-23
  2171 training samples from 1 symbols
  Samples per month: 2022-05: 93, 2022-06: 90, 2022-07: 93, 2022-08: 93, 2022-09: 90, 2022-10: 93, 2022-11: 90, 2022-12: 93, 2023-01: 93, 2023-02: 84, 2023-03: 93, 2023-04: 90, 2023-05: 93, 2023-06: 90, 2023-07: 93, 2023-08: 93, 2023-09: 90, 2023-10: 93, 2023-11: 90, 2023-12: 93, 2024-01: 93, 2024-02: 87, 2024-03: 93, 2024-04: 68
  [label] 2022-07-01 16:00 DOTUSDT entry=6.7490 → LONG | long=timeout(+4.09%) short=sl(-9.79%) | scanned=22 | no_tp→fwd_return=+4.1932
  [label] 2022-07-04 00:00 DOTUSDT entry=6.7150 → LONG | long=timeout(+0.56%) short=sl(-8.00%) | scanned=22 | no_tp→fwd_return=+0.6552
  [label] 2022-07-07 16:00 DOTUSDT entry=7.2980 → SHORT | long=sl(-6.78%) short=tp(+13.26%) | scanned=14 | short_tp_only
  [label] 2022-08-01 08:00 DOTUSDT entry=8.4560 → LONG | long=sl(-9.29%) short=sl(-9.29%) | scanned=21 | no_tp→fwd_return=+8.6329
  [label] 2022-09-23 00:00 DOTUSDT entry=6.4740 → LONG | long=timeout(+0.41%) short=timeout(-0.61%) | scanned=22 | no_tp→fwd_return=+0.5097
  [label] 2023-03-08 00:00 DOTUSDT entry=5.6900 → LONG | long=sl(-5.71%) short=sl(-5.71%) | scanned=15 | no_tp→fwd_return=+3.7083
  [label] 2023-03-12 00:00 DOTUSDT entry=5.4520 → LONG | long=tp(+14.65%) short=sl(-7.48%) | scanned=7 | long_tp_only
  [label] 2023-03-22 16:00 DOTUSDT entry=6.0480 → LONG | long=timeout(+2.07%) short=timeout(-2.27%) | scanned=22 | no_tp→fwd_return=+2.1660
  [label] 2023-05-06 16:00 DOTUSDT entry=5.6290 → SHORT | long=sl(-4.45%) short=tp(+8.61%) | scanned=16 | short_tp_only
  [label] 2023-05-15 08:00 DOTUSDT entry=5.3730 → SHORT | long=timeout(-1.38%) short=timeout(+1.18%) | scanned=22 | no_tp→fwd_return=-1.2842
  [label] 2023-08-13 16:00 DOTUSDT entry=4.9820 → SHORT | long=sl(-2.06%) short=tp(+3.82%) | scanned=6 | short_tp_only
  [label] 2023-09-14 16:00 DOTUSDT entry=4.0550 → SHORT | long=timeout(-1.28%) short=sl(-3.93%) | scanned=22 | no_tp→fwd_return=-1.1837
  [label] 2023-10-01 00:00 DOTUSDT entry=4.1350 → SHORT | long=sl(-2.31%) short=sl(-2.31%) | scanned=5 | no_tp→fwd_return=-0.4353
  [label] 2023-10-13 16:00 DOTUSDT entry=3.7180 → SHORT | long=sl(-3.48%) short=sl(-3.48%) | scanned=16 | no_tp→fwd_return=-2.7972
  [label] 2023-11-01 00:00 DOTUSDT entry=4.3670 → LONG | long=tp(+11.66%) short=sl(-5.98%) | scanned=13 | long_tp_only
  [label] 2023-11-07 08:00 DOTUSDT entry=4.7880 → LONG | long=sl(-6.45%) short=sl(-6.45%) | scanned=7 | no_tp→fwd_return=+6.3701
  [label] 2023-11-19 16:00 DOTUSDT entry=5.4360 → SHORT | long=sl(-7.28%) short=timeout(+1.87%) | scanned=22 | no_tp→fwd_return=-1.9684
  [label] 2023-12-29 08:00 DOTUSDT entry=8.3690 → SHORT | long=sl(-9.36%) short=tp(+18.42%) | scanned=15 | short_tp_only
  [label] 2024-01-08 00:00 DOTUSDT entry=6.9370 → LONG | long=tp(+19.34%) short=sl(-9.82%) | scanned=9 | long_tp_only
  [label] 2024-04-03 08:00 DOTUSDT entry=8.5460 → SHORT | long=timeout(-2.79%) short=timeout(+2.59%) | scanned=22 | no_tp→fwd_return=-2.6913
  Labels: 1007 long (46.4%), 1164 short (53.6%) | weights: min=1.00, mean=3.28, max=10.00
  Features: 2171/2171 matched, 46 columns
  CV gap: 22 rows
  [ensemble 1/3] seed=42
    [trial 0] 46 features, training_days=480 | threshold=0.631 | labels: 1007 long, 1164 short (46/54%)
    [CV fold 0] train_end=2022-08-23 08:00 | val_start=2022-08-31 00:00 | gap=184h (22 rows)
    [CV fold 1] train_end=2022-12-21 16:00 | val_start=2022-12-29 08:00 | gap=184h (22 rows)
    [CV fold 2] train_end=2023-04-21 00:00 | val_start=2023-04-28 16:00 | gap=184h (22 rows)
    [CV fold 3] train_end=2023-08-19 08:00 | val_start=2023-08-27 00:00 | gap=184h (22 rows)
    [CV fold 4] train_end=2023-12-17 16:00 | val_start=2023-12-25 08:00 | gap=184h (22 rows)
    [trial 0] Sharpe=-0.0964 (folds: 0.0622, -0.0627, -0.1129, -0.1398, -0.2289)
    [trial 1] 46 features, training_days=420 | threshold=0.839 | labels: 1007 long, 1164 short (46/54%)
    [trial 1] Sharpe=-5.9972 (folds: 0.2853, -0.2712, -10.0000, -10.0000, -10.0000)
    [trial 2] 46 features, training_days=190 | threshold=0.602 | labels: 1007 long, 1164 short (46/54%)
    [trial 2] Sharpe=-0.1200 (folds: -0.0232, -0.1608, -0.0878, -0.1915, -0.1368)
    [trial 3] 46 features, training_days=490 | threshold=0.832 | labels: 1007 long, 1164 short (46/54%)
    [trial 3] Sharpe=-0.0758 (folds: -0.0500, -0.0853, -0.1822, 0.1039, -0.1655)
    [trial 4] 46 features, training_days=340 | threshold=0.591 | labels: 1007 long, 1164 short (46/54%)
    [trial 4] Sharpe=-0.0062 (folds: 0.1478, -0.0779, 0.0048, -0.0543, -0.0515)
    [trial 5] 46 features, training_days=50 | threshold=0.823 | labels: 1007 long, 1164 short (46/54%)
    [trial 5] Sharpe=-2.0781 (folds: -10.0000, -0.1234, -0.1768, -0.0795, -0.0108)
    [trial 6] 46 features, training_days=410 | threshold=0.549 | labels: 1007 long, 1164 short (46/54%)
    [trial 6] Sharpe=-0.0106 (folds: 0.2021, -0.0513, -0.0363, 0.0286, -0.1963)
    [trial 7] 46 features, training_days=180 | threshold=0.526 | labels: 1007 long, 1164 short (46/54%)
    [trial 7] Sharpe=-0.1038 (folds: -0.0786, -0.0567, -0.1245, -0.1887, -0.0707)
    [trial 8] 46 features, training_days=240 | threshold=0.811 | labels: 1007 long, 1164 short (46/54%)
    [trial 8] Sharpe=-0.0673 (folds: 0.2918, -0.1718, -0.0077, -0.2466, -0.2024)
    [trial 9] 46 features, training_days=20 | threshold=0.538 | labels: 1007 long, 1164 short (46/54%)
    [trial 9] Sharpe=-0.0320 (folds: 0.2632, -0.0614, 0.0377, -0.3204, -0.0790)
    [trial 10] 46 features, training_days=350 | threshold=0.680 | labels: 1007 long, 1164 short (46/54%)
    [trial 10] Sharpe=-0.0814 (folds: 0.1500, -0.1461, -0.0862, -0.1386, -0.1861)
    [trial 11] 46 features, training_days=360 | threshold=0.587 | labels: 1007 long, 1164 short (46/54%)
    [trial 11] Sharpe=-0.0187 (folds: 0.2155, -0.0712, 0.0284, -0.1889, -0.0774)
    [trial 12] 46 features, training_days=330 | threshold=0.703 | labels: 1007 long, 1164 short (46/54%)
    [trial 12] Sharpe=-2.0336 (folds: 0.4723, -0.0713, -10.0000, -0.0993, -0.4695)
    [trial 13] 46 features, training_days=290 | threshold=0.573 | labels: 1007 long, 1164 short (46/54%)
    [trial 13] Sharpe=-0.0623 (folds: -0.0382, 0.0123, -0.2203, -0.1544, 0.0890)
    [trial 14] 46 features, training_days=410 | threshold=0.747 | labels: 1007 long, 1164 short (46/54%)
    [trial 14] Sharpe=-0.0715 (folds: 0.1465, -0.1910, -0.0957, -0.0164, -0.2008)
    [trial 15] 46 features, training_days=420 | threshold=0.505 | labels: 1007 long, 1164 short (46/54%)
    [trial 15] Sharpe=-0.0548 (folds: 0.0583, 0.0048, -0.1213, -0.0321, -0.1839)
    [trial 16] 46 features, training_days=260 | threshold=0.643 | labels: 1007 long, 1164 short (46/54%)
    [trial 16] Sharpe=-0.0306 (folds: 0.1470, -0.0387, -0.1326, -0.1084, -0.0204)
    [trial 17] 46 features, training_days=110 | threshold=0.555 | labels: 1007 long, 1164 short (46/54%)
    [trial 17] Sharpe=-0.0234 (folds: -0.0389, 0.0104, -0.0598, -0.0517, 0.0229)
  Optuna: 18 trials, best Sharpe = -0.0062
  Best params: n_estimators=190, max_depth=4, lr=0.0188, leaves=41
  Best confidence_threshold: 0.591
  Best training_days: 340
  Retrained on full data (1020 samples, 46 features)
  [ensemble 2/3] seed=123
    [trial 0] 46 features, training_days=150 | threshold=0.744 | labels: 1007 long, 1164 short (46/54%)
    [CV fold 0] train_end=2022-08-23 08:00 | val_start=2022-08-31 00:00 | gap=184h (22 rows)
    [CV fold 1] train_end=2022-12-21 16:00 | val_start=2022-12-29 08:00 | gap=184h (22 rows)[I 2026-06-01 11:04:59,125] Trial 0 finished with value: -0.06936310580591354 and parameters: {'confidence_threshold': 0.7437642149592516, 'training_days': 150, 'n_estimators': 152, 'max_depth': 4, 'num_leaves': 50, 'learning_rate': 0.04216766425047743, 'subsample': 0.9903820991923078, 'colsample_bytree': 0.8424148692924316, 'min_child_samples': 58, 'reg_alpha': 3.381097259762742e-05, 'reg_lambda': 1.2263152961306247e-05}. Best is trial 0 with value: -0.06936310580591354.
[I 2026-06-01 11:04:59,193] Trial 1 finished with value: -2.0664502104735503 and parameters: {'confidence_threshold': 0.7551673975844145, 'training_days': 220, 'n_estimators': 76, 'max_depth': 4, 'num_leaves': 51, 'learning_rate': 0.018602118810743477, 'subsample': 0.5877258780737462, 'colsample_bytree': 0.7657756869209191, 'min_child_samples': 63, 'reg_alpha': 0.005123994170264194, 'reg_lambda': 0.44145470178120466}. Best is trial 0 with value: -0.06936310580591354.
[I 2026-06-01 11:04:59,468] Trial 2 finished with value: -0.039360817741370804 and parameters: {'confidence_threshold': 0.7535593637012223, 'training_days': 310, 'n_estimators': 375, 'max_depth': 3, 'num_leaves': 32, 'learning_rate': 0.021735641882032388, 'subsample': 0.6468570231944146, 'colsample_bytree': 0.8154880619272439, 'min_child_samples': 27, 'reg_alpha': 8.004064028491336e-05, 'reg_lambda': 7.546835261630524e-05}. Best is trial 2 with value: -0.039360817741370804.
[I 2026-06-01 11:04:59,634] Trial 3 finished with value: -0.036462072146487765 and parameters: {'confidence_threshold': 0.6727897841776072, 'training_days': 220, 'n_estimators': 190, 'max_depth': 4, 'num_leaves': 58, 'learning_rate': 0.24810689332636193, 'subsample': 0.7509183379421682, 'colsample_bytree': 0.8119764758960556, 'min_child_samples': 29, 'reg_alpha': 7.1708285081421445e-06, 'reg_lambda': 5.412973582738627e-05}. Best is trial 3 with value: -0.036462072146487765.
[I 2026-06-01 11:04:59,745] Trial 4 finished with value: -0.058808045041690404 and parameters: {'confidence_threshold': 0.803208205259178, 'training_days': 130, 'n_estimators': 267, 'max_depth': 5, 'num_leaves': 40, 'learning_rate': 0.08041175317374143, 'subsample': 0.5603143329951619, 'colsample_bytree': 0.9131704002534167, 'min_child_samples': 68, 'reg_alpha': 0.0008046593428183385, 'reg_lambda': 1.2158346158765583e-05}. Best is trial 3 with value: -0.036462072146487765.
[I 2026-06-01 11:04:59,971] Trial 5 finished with value: -0.06731170177476352 and parameters: {'confidence_threshold': 0.6064422761595144, 'training_days': 210, 'n_estimators': 357, 'max_depth': 5, 'num_leaves': 40, 'learning_rate': 0.0974221287220869, 'subsample': 0.7929682762811064, 'colsample_bytree': 0.8124517510478, 'min_child_samples': 74, 'reg_alpha': 0.3811377260781234, 'reg_lambda': 5.607314238392041e-08}. Best is trial 3 with value: -0.036462072146487765.
[I 2026-06-01 11:05:00,091] Trial 6 finished with value: -0.03116976039935434 and parameters: {'confidence_threshold': 0.7672889945051684, 'training_days': 130, 'n_estimators': 137, 'max_depth': 4, 'num_leaves': 19, 'learning_rate': 0.2031117614248665, 'subsample': 0.8136244860256343, 'colsample_bytree': 0.8617081790949774, 'min_child_samples': 21, 'reg_alpha': 0.002238138278733199, 'reg_lambda': 0.001025809534977322}. Best is trial 6 with value: -0.03116976039935434.
[I 2026-06-01 11:05:00,164] Trial 7 finished with value: -0.0064270292918085035 and parameters: {'confidence_threshold': 0.555635875450653, 'training_days': 80, 'n_estimators': 363, 'max_depth': 3, 'num_leaves': 48, 'learning_rate': 0.06590089024008658, 'subsample': 0.6944752870615722, 'colsample_bytree': 0.962566244806993, 'min_child_samples': 88, 'reg_alpha': 1.6465620446426067e-05, 'reg_lambda': 2.4678750890085655e-08}. Best is trial 7 with value: -0.0064270292918085035.
[I 2026-06-01 11:05:00,502] Trial 8 finished with value: -0.07136886894074077 and parameters: {'confidence_threshold': 0.6066688256938841, 'training_days': 200, 'n_estimators': 367, 'max_depth': 5, 'num_leaves': 32, 'learning_rate': 0.13377519215934996, 'subsample': 0.7965884582811106, 'colsample_bytree': 0.8458508993500886, 'min_child_samples': 32, 'reg_alpha': 3.889436043816386e-05, 'reg_lambda': 1.4713062489380356e-06}. Best is trial 7 with value: -0.0064270292918085035.
[I 2026-06-01 11:05:00,721] Trial 9 finished with value: -0.06457362234726371 and parameters: {'confidence_threshold': 0.6202096049169137, 'training_days': 260, 'n_estimators': 350, 'max_depth': 3, 'num_leaves': 21, 'learning_rate': 0.02989540198065364, 'subsample': 0.8307821683331218, 'colsample_bytree': 0.923253112635361, 'min_child_samples': 64, 'reg_alpha': 0.4898604619604203, 'reg_lambda': 2.9076377687066166e-05}. Best is trial 7 with value: -0.0064270292918085035.
[I 2026-06-01 11:05:00,754] Trial 10 finished with value: -0.0058390420311621545 and parameters: {'confidence_threshold': 0.5248809389721337, 'training_days': 10, 'n_estimators': 493, 'max_depth': 3, 'num_leaves': 63, 'learning_rate': 0.010221918552934462, 'subsample': 0.667749445701178, 'colsample_bytree': 0.6202684210924141, 'min_child_samples': 99, 'reg_alpha': 1.3884210513841762e-08, 'reg_lambda': 0.02273343343290072}. Best is trial 10 with value: -0.0058390420311621545.
[I 2026-06-01 11:05:00,784] Trial 11 finished with value: -0.0058390420311621545 and parameters: {'confidence_threshold': 0.5048591005447424, 'training_days': 10, 'n_estimators': 493, 'max_depth': 3, 'num_leaves': 63, 'learning_rate': 0.010535067237031162, 'subsample': 0.6714365294218261, 'colsample_bytree': 0.6012148974081734, 'min_child_samples': 100, 'reg_alpha': 1.0389779167265952e-08, 'reg_lambda': 0.024688016606578794}. Best is trial 10 with value: -0.0058390420311621545.
[I 2026-06-01 11:05:00,819] Trial 12 finished with value: -0.0058390420311621545 and parameters: {'confidence_threshold': 0.5089680977489497, 'training_days': 10, 'n_estimators': 499, 'max_depth': 3, 'num_leaves': 63, 'learning_rate': 0.010201143194486034, 'subsample': 0.6564586022126886, 'colsample_bytree': 0.5773925919454104, 'min_child_samples': 100, 'reg_alpha': 1.3442856058557254e-08, 'reg_lambda': 0.03763104455123277}. Best is trial 10 with value: -0.0058390420311621545.
[I 2026-06-01 11:05:01,102] Trial 13 finished with value: -0.06295967297673659 and parameters: {'confidence_threshold': 0.5020409585694433, 'training_days': 480, 'n_estimators': 475, 'max_depth': 3, 'num_leaves': 63, 'learning_rate': 0.010533478929525117, 'subsample': 0.5024707401359401, 'colsample_bytree': 0.6155230039584509, 'min_child_samples': 95, 'reg_alpha': 1.2420006292090873e-08, 'reg_lambda': 0.007333862701978235}. Best is trial 10 with value: -0.0058390420311621545.
[I 2026-06-01 11:05:01,138] Trial 14 finished with value: -0.03198230147323214 and parameters: {'confidence_threshold': 0.5530155329303867, 'training_days': 20, 'n_estimators': 436, 'max_depth': 3, 'num_leaves': 56, 'learning_rate': 0.01645102485501106, 'subsample': 0.9182426786262438, 'colsample_bytree': 0.6636612257699344, 'min_child_samples': 82, 'reg_alpha': 2.9711543588675325e-07, 'reg_lambda': 3.032122060391809}. Best is trial 10 with value: -0.0058390420311621545.
[I 2026-06-01 11:05:01,253] Trial 15 finished with value: -0.03573606387060583 and parameters: {'confidence_threshold': 0.5551423717289237, 'training_days': 60, 'n_estimators': 433, 'max_depth': 4, 'num_leaves': 56, 'learning_rate': 0.037392478764815176, 'subsample': 0.7121311404443758, 'colsample_bytree': 0.5093920150666754, 'min_child_samples': 46, 'reg_alpha': 5.011892081220446e-07, 'reg_lambda': 0.05138157439645094}. Best is trial 10 with value: -0.0058390420311621545.
[I 2026-06-01 11:05:01,441] Trial 16 finished with value: -0.06932792147428796 and parameters: {'confidence_threshold': 0.6739484971538112, 'training_days': 350, 'n_estimators': 279, 'max_depth': 3, 'num_leaves': 45, 'learning_rate': 0.0142468201984381, 'subsample': 0.6259757956590382, 'colsample_bytree': 0.6881351291437867, 'min_child_samples': 89, 'reg_alpha': 4.503429761679348e-07, 'reg_lambda': 0.0015450538149168326}. Best is trial 10 with value: -0.0058390420311621545.
[I 2026-06-01 11:05:01,539] Trial 17 finished with value: 0.0500320023346567 and parameters: {'confidence_threshold': 0.5362751837958184, 'training_days': 70, 'n_estimators': 441, 'max_depth': 3, 'num_leaves': 59, 'learning_rate': 0.02985024780159564, 'subsample': 0.7214524466011595, 'colsample_bytree': 0.5225343572251958, 'min_child_samples': 78, 'reg_alpha': 7.76118890684579e-08, 'reg_lambda': 0.2558707972524642}. Best is trial 17 with value: 0.0500320023346567.
[I 2026-06-01 11:05:01,793] A new study created in memory with name: no-name-e6e699ed-4bc7-46e9-b1a4-55fd4aa58d66
[I 2026-06-01 11:05:01,982] Trial 0 finished with value: -0.041823070220555036 and parameters: {'confidence_threshold': 0.5870645682749857, 'training_days': 90, 'n_estimators': 403, 'max_depth': 5, 'num_leaves': 45, 'learning_rate': 0.0780457193679974, 'subsample': 0.9428509515574568, 'colsample_bytree': 0.8795587339164916, 'min_child_samples': 34, 'reg_alpha': 2.2465901234314442e-07, 'reg_lambda': 8.339007036475363e-05}. Best is trial 0 with value: -0.041823070220555036.
[I 2026-06-01 11:05:02,099] Trial 1 finished with value: -0.036041021576677025 and parameters: {'confidence_threshold': 0.6348453934275313, 'training_days': 290, 'n_estimators': 115, 'max_depth': 5, 'num_leaves': 37, 'learning_rate': 0.06949568759029946, 'subsample': 0.8228505074024268, 'colsample_bytree': 0.8616703220431751, 'min_child_samples': 75, 'reg_alpha': 4.2486822725010923e-07, 'reg_lambda': 1.157247767047042e-07}. Best is trial 1 with value: -0.036041021576677025.
[I 2026-06-01 11:05:02,118] Trial 2 finished with value: -0.0058390420311621545 and parameters: {'confidence_threshold': 0.5849570384370288, 'training_days': 10, 'n_estimators': 212, 'max_depth': 3, 'num_leaves': 41, 'learning_rate': 0.18452095998378365, 'subsample': 0.6001060822924371, 'colsample_bytree': 0.5673167293506167, 'min_child_samples': 37, 'reg_alpha': 5.733250064217131, 'reg_lambda': 0.5308454292595461}. Best is trial 2 with value: -0.0058390420311621545.
[I 2026-06-01 11:05:02,203] Trial 3 finished with value: -0.0931643207836785 and parameters: {'confidence_threshold': 0.6868248626683718, 'training_days': 220, 'n_estimators': 134, 'max_depth': 3, 'num_leaves': 45, 'learning_rate': 0.033529007907491595, 'subsample': 0.8647277071858408, 'colsample_bytree': 0.778494116634046, 'min_child_samples': 96, 'reg_alpha': 2.409409937265785e-07, 'reg_lambda': 1.1642073478060009}. Best is trial 2 with value: -0.0058390420311621545.
[I 2026-06-01 11:05:02,295] Trial 4 finished with value: -0.07937458845150372 and parameters: {'confidence_threshold': 0.5623121348350352, 'training_days': 300, 'n_estimators': 69, 'max_depth': 4, 'num_leaves': 32, 'learning_rate': 0.14967629360700346, 'subsample': 0.5054535233636654, 'colsample_bytree': 0.7401385194659216, 'min_child_samples': 27, 'reg_alpha': 1.4212042567426725e-07, 'reg_lambda': 0.23605753701352003}. Best is trial 2 with value: -0.0058390420311621545.
[I 2026-06-01 11:05:02,717] Trial 5 finished with value: -0.10474412651372096 and parameters: {'confidence_threshold': 0.7111850244908446, 'training_days': 490, 'n_estimators': 362, 'max_depth': 5, 'num_leaves': 40, 'learning_rate': 0.05960785724162737, 'subsample': 0.5589714368907717, 'colsample_bytree': 0.6659006943232806, 'min_child_samples': 42, 'reg_alpha': 0.6741360303045295, 'reg_lambda': 6.054601607143087e-08}. Best is trial 2 with value: -0.0058390420311621545.
[I 2026-06-01 11:05:02,902] Trial 6 finished with value: -0.12288527957644713 and parameters: {'confidence_threshold': 0.667482545748023, 'training_days': 420, 'n_estimators': 279, 'max_depth': 3, 'num_leaves': 45, 'learning_rate': 0.040099592560849204, 'subsample': 0.8563114696415159, 'colsample_bytree': 0.5442917781944105, 'min_child_samples': 50, 'reg_alpha': 1.6407916423707903e-08, 'reg_lambda': 2.935907642973286e-05}. Best is trial 2 with value: -0.0058390420311621545.
[I 2026-06-01 11:05:03,059] Trial 7 finished with value: -0.07437792678431279 and parameters: {'confidence_threshold': 0.5497381024139926, 'training_days': 120, 'n_estimators': 408, 'max_depth': 5, 'num_leaves': 38, 'learning_rate': 0.28049122657745795, 'subsample': 0.8806573338635493, 'colsample_bytree': 0.5454054113547102, 'min_child_samples': 63, 'reg_alpha': 0.01263008637940408, 'reg_lambda': 0.04588020805366937}. Best is trial 2 with value: -0.0058390420311621545.
[I 2026-06-01 11:05:03,328] Trial 8 finished with value: -0.11506718751495974 and parameters: {'confidence_threshold': 0.719644804808716, 'training_days': 450, 'n_estimators': 410, 'max_depth': 4, 'num_leaves': 57, 'learning_rate': 0.04022026551478857, 'subsample': 0.5336085426932707, 'colsample_bytree': 0.5705742850577543, 'min_child_samples': 100, 'reg_alpha': 5.916398047912201e-07, 'reg_lambda': 0.9794034214488329}. Best is trial 2 with value: -0.0058390420311621545.
