[I 2026-06-01 11:06:21,022] Trial 4 finished with value: -0.04497102877237632 and parameters: {'confidence_threshold': 0.5623121348350352, 'training_days': 300, 'n_estimators': 69, 'max_depth': 4, 'num_leaves': 32, 'learning_rate': 0.14967629360700346, 'subsample': 0.5054535233636654, 'colsample_bytree': 0.7401385194659216, 'min_child_samples': 27, 'reg_alpha': 1.4212042567426725e-07, 'reg_lambda': 0.23605753701352003}. Best is trial 1 with value: -0.044493535437837864.
[I 2026-06-01 11:06:21,421] Trial 5 finished with value: 0.0219989938762708 and parameters: {'confidence_threshold': 0.7111850244908446, 'training_days': 490, 'n_estimators': 362, 'max_depth': 5, 'num_leaves': 40, 'learning_rate': 0.05960785724162737, 'subsample': 0.5589714368907717, 'colsample_bytree': 0.6659006943232806, 'min_child_samples': 42, 'reg_alpha': 0.6741360303045295, 'reg_lambda': 6.054601607143087e-08}. Best is trial 5 with value: 0.0219989938762708.
[I 2026-06-01 11:06:21,608] Trial 6 finished with value: -0.035794916535193434 and parameters: {'confidence_threshold': 0.667482545748023, 'training_days': 420, 'n_estimators': 279, 'max_depth': 3, 'num_leaves': 45, 'learning_rate': 0.040099592560849204, 'subsample': 0.8563114696415159, 'colsample_bytree': 0.5442917781944105, 'min_child_samples': 50, 'reg_alpha': 1.6407916423707903e-08, 'reg_lambda': 2.935907642973286e-05}. Best is trial 5 with value: 0.0219989938762708.
[I 2026-06-01 11:06:21,765] Trial 7 finished with value: -0.06436675618013357 and parameters: {'confidence_threshold': 0.5497381024139926, 'training_days': 120, 'n_estimators': 408, 'max_depth': 5, 'num_leaves': 38, 'learning_rate': 0.28049122657745795, 'subsample': 0.8806573338635493, 'colsample_bytree': 0.5454054113547102, 'min_child_samples': 63, 'reg_alpha': 0.01263008637940408, 'reg_lambda': 0.04588020805366937}. Best is trial 5 with value: 0.0219989938762708.
[I 2026-06-01 11:06:22,043] Trial 8 finished with value: -0.0043812100963755984 and parameters: {'confidence_threshold': 0.719644804808716, 'training_days': 450, 'n_estimators': 410, 'max_depth': 4, 'num_leaves': 57, 'learning_rate': 0.04022026551478857, 'subsample': 0.5336085426932707, 'colsample_bytree': 0.5705742850577543, 'min_child_samples': 100, 'reg_alpha': 5.916398047912201e-07, 'reg_lambda': 0.9794034214488329}. Best is trial 5 with value: 0.0219989938762708.
[I 2026-06-01 11:06:22,064] Trial 9 finished with value: -5.991014011083636 and parameters: {'confidence_threshold': 0.7267463643917187, 'training_days': 20, 'n_estimators': 337, 'max_depth': 5, 'num_leaves': 23, 'learning_rate': 0.022153031811454605, 'subsample': 0.6305627572358737, 'colsample_bytree': 0.6613413774216214, 'min_child_samples': 81, 'reg_alpha': 5.7638634029410314e-08, 'reg_lambda': 8.26603016764008}. Best is trial 5 with value: 0.0219989938762708.
[I 2026-06-01 11:06:22,535] Trial 10 finished with value: 0.027173282946605103 and parameters: {'confidence_threshold': 0.8283920119574972, 'training_days': 490, 'n_estimators': 485, 'max_depth': 4, 'num_leaves': 15, 'learning_rate': 0.013054596495157828, 'subsample': 0.7130289643560688, 'colsample_bytree': 0.9944479338273263, 'min_child_samples': 52, 'reg_alpha': 2.8556520323203283, 'reg_lambda': 1.4521305760519918e-08}. Best is trial 10 with value: 0.027173282946605103.
[I 2026-06-01 11:06:23,013] Trial 11 finished with value: -3.9651891555189396 and parameters: {'confidence_threshold': 0.8427661908265961, 'training_days': 500, 'n_estimators': 478, 'max_depth': 4, 'num_leaves': 15, 'learning_rate': 0.010040241734622521, 'subsample': 0.688822077530971, 'colsample_bytree': 0.9628722124262472, 'min_child_samples': 49, 'reg_alpha': 9.65090528733781, 'reg_lambda': 1.5920494933139244e-08}. Best is trial 10 with value: 0.027173282946605103.
[I 2026-06-01 11:06:23,413] Trial 12 finished with value: -0.009195795166756343 and parameters: {'confidence_threshold': 0.823724329897743, 'training_days': 380, 'n_estimators': 490, 'max_depth': 4, 'num_leaves': 57, 'learning_rate': 0.010307689130352767, 'subsample': 0.7296174856080863, 'colsample_bytree': 0.6706001178156101, 'min_child_samples': 49, 'reg_alpha': 0.036779794097033955, 'reg_lambda': 7.810386228944341e-07}. Best is trial 10 with value: 0.027173282946605103.
[I 2026-06-01 11:06:23,714] Trial 13 finished with value: -0.033895812437107854 and parameters: {'confidence_threshold': 0.7781382606346152, 'training_days': 350, 'n_estimators': 327, 'max_depth': 4, 'num_leaves': 27, 'learning_rate': 0.023468126747120118, 'subsample': 0.6450520679142305, 'colsample_bytree': 0.9584932215576711, 'min_child_samples': 63, 'reg_alpha': 0.16752838486650762, 'reg_lambda': 1.8799948266058237e-06}. Best is trial 10 with value: 0.027173282946605103.
[I 2026-06-01 11:06:24,172] Trial 14 finished with value: 0.021836325540429212 and parameters: {'confidence_threshold': 0.7723320301796328, 'training_days': 470, 'n_estimators': 352, 'max_depth': 5, 'num_leaves': 17, 'learning_rate': 0.09826334523420553, 'subsample': 0.7851487748866213, 'colsample_bytree': 0.658600878541351, 'min_child_samples': 22, 'reg_alpha': 0.00013074996649472113, 'reg_lambda': 1.1593448175314727e-08}. Best is trial 10 with value: 0.027173282946605103.
[I 2026-06-01 11:06:24,534] Trial 15 finished with value: -0.015941545183140192 and parameters: {'confidence_threshold': 0.7829525506318393, 'training_days': 210, 'n_estimators': 453, 'max_depth': 4, 'num_leaves': 51, 'learning_rate': 0.01700930185713952, 'subsample': 0.5714395394940128, 'colsample_bytree': 0.7821128474468195, 'min_child_samples': 40, 'reg_alpha': 0.4922986476092878, 'reg_lambda': 0.0026406526000485684}. Best is trial 10 with value: 0.027173282946605103.

    [trial 15] Sharpe=0.0429 (folds: -0.1210, 0.0922, -0.2540, 0.1106, 0.3865)
    [trial 16] 46 features, training_days=410 | threshold=0.769 | labels: 1048 long, 1123 short (48/52%)
    [trial 16] Sharpe=0.0219 (folds: -0.1168, -0.0190, -0.2288, 0.1794, 0.2947)
    [trial 17] 46 features, training_days=450 | threshold=0.846 | labels: 1048 long, 1123 short (48/52%)
    [trial 17] Sharpe=-1.9665 (folds: -0.3376, 0.2393, 0.1877, 0.0782, -10.0000)
  Optuna: 18 trials, best Sharpe = 0.0429
  Best params: n_estimators=491, max_depth=4, lr=0.0896, leaves=15
  Best confidence_threshold: 0.778
  Best training_days: 500
  Retrained on full data (1500 samples, 46 features)
  [ensemble 2/3] seed=123
    [trial 0] 46 features, training_days=150 | threshold=0.744 | labels: 1048 long, 1123 short (48/52%)
    [CV fold 0] train_end=2023-03-25 08:00 | val_start=2023-04-02 00:00 | gap=184h (22 rows)
    [CV fold 1] train_end=2023-07-23 16:00 | val_start=2023-07-31 08:00 | gap=184h (22 rows)
    [CV fold 2] train_end=2023-11-21 00:00 | val_start=2023-11-28 16:00 | gap=184h (22 rows)
    [CV fold 3] train_end=2024-03-20 08:00 | val_start=2024-03-28 00:00 | gap=184h (22 rows)
    [CV fold 4] train_end=2024-07-18 16:00 | val_start=2024-07-26 08:00 | gap=184h (22 rows)
    [trial 0] Sharpe=-0.1249 (folds: -0.2248, -0.0625, -0.1006, -0.1360, -0.1005)
    [trial 1] 46 features, training_days=220 | threshold=0.755 | labels: 1048 long, 1123 short (48/52%)
    [trial 1] Sharpe=-8.0795 (folds: -10.0000, -10.0000, -10.0000, -0.3974, -10.0000)
    [trial 2] 46 features, training_days=310 | threshold=0.754 | labels: 1048 long, 1123 short (48/52%)
    [trial 2] Sharpe=-0.0403 (folds: -0.0682, -0.1218, -0.1204, 0.0201, 0.0890)
    [trial 3] 46 features, training_days=220 | threshold=0.673 | labels: 1048 long, 1123 short (48/52%)
    [trial 3] Sharpe=-0.0064 (folds: -0.1084, 0.0347, -0.0581, -0.0223, 0.1221)
    [trial 4] 46 features, training_days=130 | threshold=0.803 | labels: 1048 long, 1123 short (48/52%)
    [trial 4] Sharpe=-0.0831 (folds: -0.0383, -0.0015, -0.2241, -0.0469, -0.1049)
    [trial 5] 46 features, training_days=210 | threshold=0.606 | labels: 1048 long, 1123 short (48/52%)
    [trial 5] Sharpe=-0.0372 (folds: -0.0994, 0.0689, -0.1219, -0.0101, -0.0237)
    [trial 6] 46 features, training_days=130 | threshold=0.767 | labels: 1048 long, 1123 short (48/52%)
    [trial 6] Sharpe=-0.1010 (folds: -0.0769, -0.1301, -0.1795, -0.0817, -0.0370)
    [trial 7] 46 features, training_days=80 | threshold=0.556 | labels: 1048 long, 1123 short (48/52%)
    [trial 7] Sharpe=-0.2038 (folds: -0.1803, -0.2475, -0.0059, -0.3838, -0.2016)
    [trial 8] 46 features, training_days=200 | threshold=0.607 | labels: 1048 long, 1123 short (48/52%)
    [trial 8] Sharpe=0.0022 (folds: -0.0880, 0.0589, -0.1431, -0.0276, 0.2107)
    [trial 9] 46 features, training_days=260 | threshold=0.620 | labels: 1048 long, 1123 short (48/52%)
    [trial 9] Sharpe=-0.0692 (folds: -0.1095, -0.0787, -0.0667, -0.0805, -0.0106)
    [trial 10] 46 features, training_days=470 | threshold=0.534 | labels: 1048 long, 1123 short (48/52%)
    [trial 10] Sharpe=-0.0260 (folds: -0.2465, -0.0803, -0.1773, 0.0648, 0.3092)
    [trial 11] 46 features, training_days=360 | threshold=0.672 | labels: 1048 long, 1123 short (48/52%)
    [trial 11] Sharpe=0.0017 (folds: -0.0790, -0.0245, -0.1711, 0.1143, 0.1688)
    [trial 12] 46 features, training_days=380 | threshold=0.660 | labels: 1048 long, 1123 short (48/52%)
    [trial 12] Sharpe=0.0405 (folds: -0.0988, 0.0689, -0.2593, 0.1981, 0.2938)
    [trial 13] 46 features, training_days=430 | threshold=0.600 | labels: 1048 long, 1123 short (48/52%)
    [trial 13] Sharpe=0.0210 (folds: -0.1077, 0.0198, -0.1551, 0.0766, 0.2715)
    [trial 14] 46 features, training_days=450 | threshold=0.697 | labels: 1048 long, 1123 short (48/52%)
    [trial 14] Sharpe=0.0326 (folds: -0.0867, 0.0637, -0.2134, 0.1121, 0.2874)
    [trial 15] 46 features, training_days=390 | threshold=0.694 | labels: 1048 long, 1123 short (48/52%)
    [trial 15] Sharpe=0.0180 (folds: -0.1154, 0.0735, -0.2901, 0.0765, 0.3453)
    [trial 16] 46 features, training_days=500 | threshold=0.708 | labels: 1048 long, 1123 short (48/52%)
    [trial 16] Sharpe=-0.0011 (folds: -0.0268, 0.0481, -0.3199, -0.0140, 0.3071)
    [trial 17] 46 features, training_days=330 | threshold=0.828 | labels: 1048 long, 1123 short (48/52%)
    [trial 17] Sharpe=0.0163 (folds: -0.0221, 0.0245, -0.1541, 0.1088, 0.1246)
  Optuna: 18 trials, best Sharpe = 0.0405
  Best params: n_estimators=237, max_depth=5, lr=0.1527, leaves=63
  Best confidence_threshold: 0.660
  Best training_days: 380
  Retrained on full data (1140 samples, 46 features)
  [ensemble 3/3] seed=456
    [trial 0] 46 features, training_days=90 | threshold=0.587 | labels: 1048 long, 1123 short (48/52%)
    [CV fold 0] train_end=2023-03-25 08:00 | val_start=2023-04-02 00:00 | gap=184h (22 rows)
    [CV fold 1] train_end=2023-07-23 16:00 | val_start=2023-07-31 08:00 | gap=184h (22 rows)
    [CV fold 2] train_end=2023-11-21 00:00 | val_start=2023-11-28 16:00 | gap=184h (22 rows)
    [CV fold 3] train_end=2024-03-20 08:00 | val_start=2024-03-28 00:00 | gap=184h (22 rows)
    [CV fold 4] train_end=2024-07-18 16:00 | val_start=2024-07-26 08:00 | gap=184h (22 rows)
    [trial 0] Sharpe=-0.0602 (folds: -0.1167, -0.0375, -0.0103, -0.0856, -0.0509)
    [trial 1] 46 features, training_days=290 | threshold=0.635 | labels: 1048 long, 1123 short (48/52%)
    [trial 1] Sharpe=-0.0445 (folds: -0.0411, 0.0041, -0.1433, 0.0140, -0.0561)
    [trial 2] 46 features, training_days=10 | threshold=0.585 | labels: 1048 long, 1123 short (48/52%)
    [trial 2] Sharpe=-0.1595 (folds: -0.1526, -0.0997, -0.1226, -0.3510, -0.0717)
    [trial 3] 46 features, training_days=220 | threshold=0.687 | labels: 1048 long, 1123 short (48/52%)
    [trial 3] Sharpe=-0.1514 (folds: -0.0989, -0.3813, 0.0070, -0.2041, -0.0797)
    [trial 4] 46 features, training_days=300 | threshold=0.562 | labels: 1048 long, 1123 short (48/52%)
    [trial 4] Sharpe=-0.0450 (folds: -0.1318, 0.0494, -0.1150, 0.0212, -0.0487)
    [trial 5] 46 features, training_days=490 | threshold=0.711 | labels: 1048 long, 1123 short (48/52%)
    [trial 5] Sharpe=0.0220 (folds: -0.1343, 0.0483, -0.2767, 0.0942, 0.3786)
    [trial 6] 46 features, training_days=420 | threshold=0.667 | labels: 1048 long, 1123 short (48/52%)
    [trial 6] Sharpe=-0.0358 (folds: -0.1731, 0.0067, -0.2629, -0.0872, 0.3376)
    [trial 7] 46 features, training_days=120 | threshold=0.550 | labels: 1048 long, 1123 short (48/52%)
    [trial 7] Sharpe=-0.0644 (folds: -0.1595, -0.0668, -0.0119, -0.0738, -0.0098)
    [trial 8] 46 features, training_days=450 | threshold=0.720 | labels: 1048 long, 1123 short (48/52%)
    [trial 8] Sharpe=-0.0044 (folds: -0.0235, 0.0425, -0.2943, -0.0483, 0.3017)
    [trial 9] 46 features, training_days=20 | threshold=0.727 | labels: 1048 long, 1123 short (48/52%)
    [trial 9] Sharpe=-5.9910 (folds: -10.0000, -10.0000, -0.1226, 0.1675, -10.0000)
    [trial 10] 46 features, training_days=490 | threshold=0.828 | labels: 1048 long, 1123 short (48/52%)
    [trial 10] Sharpe=0.0272 (folds: -0.2997, 0.2174, -0.0629, 0.0778, 0.2033)
    [trial 11] 46 features, training_days=500 | threshold=0.843 | labels: 1048 long, 1123 short (48/52%)
    [trial 11] Sharpe=-3.9652 (folds: -10.0000, 0.2370, 0.0281, -0.0910, -10.0000)
    [trial 12] 46 features, training_days=380 | threshold=0.824 | labels: 1048 long, 1123 short (48/52%)
    [trial 12] Sharpe=-0.0092 (folds: -0.3283, 0.0838, -0.0675, 0.0469, 0.2191)
    [trial 13] 46 features, training_days=350 | threshold=0.778 | labels: 1048 long, 1123 short (48/52%)
    [trial 13] Sharpe=-0.0339 (folds: -0.1609, 0.0058, -0.0709, -0.1833, 0.2398)
    [trial 14] 46 features, training_days=470 | threshold=0.772 | labels: 1048 long, 1123 short (48/52%)
    [trial 14] Sharpe=0.0218 (folds: -0.1320, -0.0869, -0.2114, 0.1442, 0.3952)
    [trial 15] 46 features, training_days=210 | threshold=0.783 | labels: 1048 long, 1123 short (48/52%)
    [trial 15] Sharpe=-0.0159 (folds: -0.2504, 0.1404, -0.1958, -0.0638, 0.2899)
    [trial 16] 46 features, training_days=390 | threshold=0.516 | labels: 1048 long, 1123 short (48/52%)[I 2026-06-01 11:06:24,772] Trial 16 finished with value: -0.012097218365048495 and parameters: {'confidence_threshold': 0.5156958281455359, 'training_days': 390, 'n_estimators': 239, 'max_depth': 4, 'num_leaves': 30, 'learning_rate': 0.05590941949329035, 'subsample': 0.697871316795855, 'colsample_bytree': 0.8696009507414724, 'min_child_samples': 57, 'reg_alpha': 0.0003424303273225869, 'reg_lambda': 3.6340871459903284e-06}. Best is trial 10 with value: 0.027173282946605103.
[I 2026-06-01 11:06:25,173] Trial 17 finished with value: 0.04566596519537925 and parameters: {'confidence_threshold': 0.7342848025007548, 'training_days': 490, 'n_estimators': 432, 'max_depth': 5, 'num_leaves': 22, 'learning_rate': 0.09919406765462765, 'subsample': 0.7795699684773976, 'colsample_bytree': 0.7142279217520084, 'min_child_samples': 70, 'reg_alpha': 0.0019668678526663006, 'reg_lambda': 1.4872281398751107e-07}. Best is trial 17 with value: 0.04566596519537925.
[I 2026-06-01 11:06:25,872] A new study created in memory with name: no-name-08cc9a91-f4cb-4d85-af66-499208d410a3
[I 2026-06-01 11:06:26,164] Trial 0 finished with value: 0.014844014072490391 and parameters: {'confidence_threshold': 0.6310890415965769, 'training_days': 480, 'n_estimators': 380, 'max_depth': 4, 'num_leaves': 22, 'learning_rate': 0.01699897838270077, 'subsample': 0.5290418060840998, 'colsample_bytree': 0.9330880728874675, 'min_child_samples': 68, 'reg_alpha': 0.023585940584142682, 'reg_lambda': 1.5320059381854043e-08}. Best is trial 0 with value: 0.014844014072490391.
[I 2026-06-01 11:06:26,271] Trial 1 finished with value: -5.94870273077958 and parameters: {'confidence_threshold': 0.839468448256698, 'training_days': 420, 'n_estimators': 145, 'max_depth': 3, 'num_leaves': 23, 'learning_rate': 0.028145092716060652, 'subsample': 0.762378215816119, 'colsample_bytree': 0.7159725093210578, 'min_child_samples': 43, 'reg_alpha': 0.0032112643094417484, 'reg_lambda': 1.8007140198129195e-07}. Best is trial 0 with value: 0.014844014072490391.
[I 2026-06-01 11:06:26,420] Trial 2 finished with value: -0.14828261694144476 and parameters: {'confidence_threshold': 0.6022506269873263, 'training_days': 190, 'n_estimators': 255, 'max_depth': 5, 'num_leaves': 24, 'learning_rate': 0.05748924681991978, 'subsample': 0.7962072844310213, 'colsample_bytree': 0.5232252063599989, 'min_child_samples': 69, 'reg_alpha': 3.425445902633376e-07, 'reg_lambda': 3.850031979199519e-08}. Best is trial 0 with value: 0.014844014072490391.
[I 2026-06-01 11:06:26,690] Trial 3 finished with value: -0.006403865401722294 and parameters: {'confidence_threshold': 0.8321099380386666, 'training_days': 490, 'n_estimators': 414, 'max_depth': 3, 'num_leaves': 19, 'learning_rate': 0.1024932221692416, 'subsample': 0.7200762468698007, 'colsample_bytree': 0.5610191174223894, 'min_child_samples': 60, 'reg_alpha': 2.039373116525212e-08, 'reg_lambda': 1.527156759251193}. Best is trial 0 with value: 0.014844014072490391.
[I 2026-06-01 11:06:26,852] Trial 4 finished with value: -0.0445513298310873 and parameters: {'confidence_threshold': 0.5905729935600059, 'training_days': 340, 'n_estimators': 190, 'max_depth': 4, 'num_leaves': 41, 'learning_rate': 0.01875220945578641, 'subsample': 0.9847923138822793, 'colsample_bytree': 0.8875664116805573, 'min_child_samples': 96, 'reg_alpha': 1.1309571585271483, 'reg_lambda': 0.002404915432737351}. Best is trial 0 with value: 0.014844014072490391.
[I 2026-06-01 11:06:26,896] Trial 5 finished with value: -1.8872650523368495 and parameters: {'confidence_threshold': 0.8226559822580909, 'training_days': 50, 'n_estimators': 138, 'max_depth': 3, 'num_leaves': 30, 'learning_rate': 0.03750796359625606, 'subsample': 0.6356745158869479, 'colsample_bytree': 0.9143687545759647, 'min_child_samples': 48, 'reg_alpha': 3.376063348877853e-06, 'reg_lambda': 0.0007660634613082914}. Best is trial 0 with value: 0.014844014072490391.
[I 2026-06-01 11:06:27,001] Trial 6 finished with value: 0.031285925384541495 and parameters: {'confidence_threshold': 0.5493234787411669, 'training_days': 410, 'n_estimators': 83, 'max_depth': 5, 'num_leaves': 52, 'learning_rate': 0.019657448966046126, 'subsample': 0.5027610585618012, 'colsample_bytree': 0.9077307142274171, 'min_child_samples': 77, 'reg_alpha': 0.03639690979811287, 'reg_lambda': 0.08738424135626986}. Best is trial 6 with value: 0.031285925384541495.
[I 2026-06-01 11:06:27,100] Trial 7 finished with value: -0.13850790486189626 and parameters: {'confidence_threshold': 0.5259156281069316, 'training_days': 180, 'n_estimators': 102, 'max_depth': 5, 'num_leaves': 45, 'learning_rate': 0.030816017044468066, 'subsample': 0.5317791751430119, 'colsample_bytree': 0.6554911608578311, 'min_child_samples': 46, 'reg_alpha': 0.036851536911881845, 'reg_lambda': 0.005470376807480391}. Best is trial 6 with value: 0.031285925384541495.
[I 2026-06-01 11:06:27,201] Trial 8 finished with value: -0.2112032954253144 and parameters: {'confidence_threshold': 0.8105244599017143, 'training_days': 240, 'n_estimators': 103, 'max_depth': 5, 'num_leaves': 52, 'learning_rate': 0.06746437142284309, 'subsample': 0.8854835899772805, 'colsample_bytree': 0.7468977981821954, 'min_child_samples': 62, 'reg_alpha': 7.04480806377519e-05, 'reg_lambda': 1.6934490731313353e-08}. Best is trial 6 with value: 0.031285925384541495.
[I 2026-06-01 11:06:27,224] Trial 9 finished with value: -2.013299590301198 and parameters: {'confidence_threshold': 0.5377619994476566, 'training_days': 20, 'n_estimators': 337, 'max_depth': 3, 'num_leaves': 39, 'learning_rate': 0.21907142272152816, 'subsample': 0.6246461145744375, 'colsample_bytree': 0.7051914615178149, 'min_child_samples': 81, 'reg_alpha': 1.1459970229341322e-06, 'reg_lambda': 4.929685216887945e-08}. Best is trial 6 with value: 0.031285925384541495.
[I 2026-06-01 11:06:27,913] Trial 10 finished with value: -0.10946570373062772 and parameters: {'confidence_threshold': 0.7378545837642324, 'training_days': 350, 'n_estimators': 487, 'max_depth': 5, 'num_leaves': 62, 'learning_rate': 0.011407797829608154, 'subsample': 0.628963476300746, 'colsample_bytree': 0.8340915966600303, 'min_child_samples': 27, 'reg_alpha': 8.536188349289, 'reg_lambda': 8.145051292774586}. Best is trial 6 with value: 0.031285925384541495.
[I 2026-06-01 11:06:28,186] Trial 11 finished with value: -0.0190126896445848 and parameters: {'confidence_threshold': 0.6622311673084612, 'training_days': 480, 'n_estimators': 298, 'max_depth': 4, 'num_leaves': 55, 'learning_rate': 0.010345547951401532, 'subsample': 0.5020876636914846, 'colsample_bytree': 0.9670246438738912, 'min_child_samples': 81, 'reg_alpha': 0.04080560208552622, 'reg_lambda': 7.868729181011707e-06}. Best is trial 6 with value: 0.031285925384541495.
[I 2026-06-01 11:06:28,499] Trial 12 finished with value: 0.000412332005483668 and parameters: {'confidence_threshold': 0.6403606747603232, 'training_days': 380, 'n_estimators': 389, 'max_depth': 4, 'num_leaves': 33, 'learning_rate': 0.01709504394923673, 'subsample': 0.5647996887393298, 'colsample_bytree': 0.9966230134341398, 'min_child_samples': 79, 'reg_alpha': 0.0005674054320943116, 'reg_lambda': 0.1433348019021436}. Best is trial 6 with value: 0.031285925384541495.
