[I 2026-06-01 11:08:48,605] Trial 12 finished with value: 0.04628007089120249 and parameters: {'confidence_threshold': 0.509006788238242, 'training_days': 500, 'n_estimators': 499, 'max_depth': 3, 'num_leaves': 15, 'learning_rate': 0.010201143194486034, 'subsample': 0.942243366815543, 'colsample_bytree': 0.5773925919454104, 'min_child_samples': 45, 'reg_alpha': 1.3450797333889757e-08, 'reg_lambda': 0.028834016697180997}. Best is trial 11 with value: 0.04928426004752344.
[I 2026-06-01 11:08:48,898] Trial 13 finished with value: 0.03508974727706633 and parameters: {'confidence_threshold': 0.5011202105003104, 'training_days': 500, 'n_estimators': 475, 'max_depth': 3, 'num_leaves': 26, 'learning_rate': 0.011019237226077873, 'subsample': 0.9100783944140004, 'colsample_bytree': 0.5305824981082055, 'min_child_samples': 44, 'reg_alpha': 1.1214173734453127e-08, 'reg_lambda': 2.9262658391850374}. Best is trial 11 with value: 0.04928426004752344.
[I 2026-06-01 11:08:49,197] Trial 14 finished with value: 0.059413625616425866 and parameters: {'confidence_threshold': 0.5544110757373814, 'training_days': 400, 'n_estimators': 436, 'max_depth': 3, 'num_leaves': 15, 'learning_rate': 0.01645102485501106, 'subsample': 0.8930286075903654, 'colsample_bytree': 0.6482018719330946, 'min_child_samples': 45, 'reg_alpha': 4.995508213501822e-07, 'reg_lambda': 0.03573415720052605}. Best is trial 14 with value: 0.059413625616425866.
[I 2026-06-01 11:08:49,486] Trial 15 finished with value: 0.006211574312496771 and parameters: {'confidence_threshold': 0.5660795428368778, 'training_days': 400, 'n_estimators': 432, 'max_depth': 4, 'num_leaves': 26, 'learning_rate': 0.01760196332439801, 'subsample': 0.8815395594980652, 'colsample_bytree': 0.6660218626658361, 'min_child_samples': 100, 'reg_alpha': 5.011892081220446e-07, 'reg_lambda': 0.05220969318445874}. Best is trial 14 with value: 0.059413625616425866.
[I 2026-06-01 11:08:49,781] Trial 16 finished with value: 0.0423119472970583 and parameters: {'confidence_threshold': 0.6708968705265699, 'training_days': 400, 'n_estimators': 441, 'max_depth': 3, 'num_leaves': 25, 'learning_rate': 0.04295609237341521, 'subsample': 0.8607868135664716, 'colsample_bytree': 0.6982877056862742, 'min_child_samples': 52, 'reg_alpha': 5.135535456007143e-07, 'reg_lambda': 0.0019821772168074165}. Best is trial 14 with value: 0.059413625616425866.
[I 2026-06-01 11:08:49,985] Trial 17 finished with value: 0.06725314402878411 and parameters: {'confidence_threshold': 0.5644966223242059, 'training_days': 410, 'n_estimators': 290, 'max_depth': 3, 'num_leaves': 33, 'learning_rate': 0.014387525452211163, 'subsample': 0.9785107665829995, 'colsample_bytree': 0.5225343572251958, 'min_child_samples': 38, 'reg_alpha': 6.229602473892305e-07, 'reg_lambda': 0.19186915386719744}. Best is trial 17 with value: 0.06725314402878411.
[I 2026-06-01 11:08:50,507] A new study created in memory with name: no-name-de51d70a-8ddf-45b2-b838-dd7f25eae6b7
[I 2026-06-01 11:08:50,714] Trial 0 finished with value: -0.07240959824167151 and parameters: {'confidence_threshold': 0.5870645682749857, 'training_days': 90, 'n_estimators': 403, 'max_depth': 5, 'num_leaves': 45, 'learning_rate': 0.0780457193679974, 'subsample': 0.9428509515574568, 'colsample_bytree': 0.8795587339164916, 'min_child_samples': 34, 'reg_alpha': 2.2465901234314442e-07, 'reg_lambda': 8.339007036475363e-05}. Best is trial 0 with value: -0.07240959824167151.
[I 2026-06-01 11:08:50,828] Trial 1 finished with value: 0.03554868978051973 and parameters: {'confidence_threshold': 0.6348453934275313, 'training_days': 290, 'n_estimators': 115, 'max_depth': 5, 'num_leaves': 37, 'learning_rate': 0.06949568759029946, 'subsample': 0.8228505074024268, 'colsample_bytree': 0.8616703220431751, 'min_child_samples': 75, 'reg_alpha': 4.2486822725010923e-07, 'reg_lambda': 1.157247767047042e-07}. Best is trial 1 with value: 0.03554868978051973.
[I 2026-06-01 11:08:50,846] Trial 2 finished with value: 0.0798697326368146 and parameters: {'confidence_threshold': 0.5849570384370288, 'training_days': 10, 'n_estimators': 212, 'max_depth': 3, 'num_leaves': 41, 'learning_rate': 0.18452095998378365, 'subsample': 0.6001060822924371, 'colsample_bytree': 0.5673167293506167, 'min_child_samples': 37, 'reg_alpha': 5.733250064217131, 'reg_lambda': 0.5308454292595461}. Best is trial 2 with value: 0.0798697326368146.
[I 2026-06-01 11:08:50,930] Trial 3 finished with value: -0.13319234454972526 and parameters: {'confidence_threshold': 0.6868248626683718, 'training_days': 220, 'n_estimators': 134, 'max_depth': 3, 'num_leaves': 45, 'learning_rate': 0.033529007907491595, 'subsample': 0.8647277071858408, 'colsample_bytree': 0.778494116634046, 'min_child_samples': 96, 'reg_alpha': 2.409409937265785e-07, 'reg_lambda': 1.1642073478060009}. Best is trial 2 with value: 0.0798697326368146.

    [trial 3] Sharpe=0.0007 (folds: -0.0951, -0.1268, -0.0059, -0.1665, 0.3975)
    [trial 4] 46 features, training_days=340 | threshold=0.591 | labels: 999 long, 1172 short (46/54%)
    [trial 4] Sharpe=0.0027 (folds: -0.2318, -0.2293, -0.0326, 0.1071, 0.4003)
    [trial 5] 46 features, training_days=50 | threshold=0.823 | labels: 999 long, 1172 short (46/54%)
    [trial 5] Sharpe=-0.2564 (folds: -0.2210, -0.0998, 0.1872, -0.5401, -0.6085)
    [trial 6] 46 features, training_days=410 | threshold=0.549 | labels: 999 long, 1172 short (46/54%)
    [trial 6] Sharpe=0.0255 (folds: -0.3690, -0.1225, 0.0942, 0.1168, 0.4080)
    [trial 7] 46 features, training_days=180 | threshold=0.526 | labels: 999 long, 1172 short (46/54%)
    [trial 7] Sharpe=-0.1318 (folds: -0.1546, -0.0493, -0.1935, -0.1367, -0.1248)
    [trial 8] 46 features, training_days=240 | threshold=0.811 | labels: 999 long, 1172 short (46/54%)
    [trial 8] Sharpe=-0.0104 (folds: -0.3119, -0.1964, -0.0702, 0.2806, 0.2460)
    [trial 9] 46 features, training_days=20 | threshold=0.538 | labels: 999 long, 1172 short (46/54%)
    [trial 9] Sharpe=-0.1050 (folds: 0.1594, -0.1609, -0.3144, -0.1525, -0.0565)
    [trial 10] 46 features, training_days=350 | threshold=0.694 | labels: 999 long, 1172 short (46/54%)
    [trial 10] Sharpe=0.0167 (folds: -0.1731, -0.1811, -0.1059, -0.0165, 0.5600)
    [trial 11] 46 features, training_days=480 | threshold=0.679 | labels: 999 long, 1172 short (46/54%)
    [trial 11] Sharpe=-0.0273 (folds: -0.4364, -0.2529, 0.0467, -0.0799, 0.5862)
    [trial 12] 46 features, training_days=380 | threshold=0.600 | labels: 999 long, 1172 short (46/54%)
    [trial 12] Sharpe=0.0608 (folds: -0.2667, -0.0572, 0.0513, 0.1407, 0.4358)
    [trial 13] 46 features, training_days=330 | threshold=0.631 | labels: 999 long, 1172 short (46/54%)
    [trial 13] Sharpe=0.0012 (folds: -0.2587, -0.2461, 0.0135, 0.1281, 0.3692)
    [trial 14] 46 features, training_days=420 | threshold=0.727 | labels: 999 long, 1172 short (46/54%)
    [trial 14] Sharpe=0.0156 (folds: -0.1007, -0.0686, -0.0283, -0.0529, 0.3287)
    [trial 15] 46 features, training_days=500 | threshold=0.739 | labels: 999 long, 1172 short (46/54%)
    [trial 15] Sharpe=-0.0122 (folds: -0.3956, -0.2576, 0.0459, -0.0136, 0.5599)
    [trial 16] 46 features, training_days=290 | threshold=0.636 | labels: 999 long, 1172 short (46/54%)
    [trial 16] Sharpe=0.0251 (folds: -0.1350, -0.0849, -0.0968, 0.1409, 0.3014)
    [trial 17] 46 features, training_days=390 | threshold=0.584 | labels: 999 long, 1172 short (46/54%)
    [trial 17] Sharpe=0.0591 (folds: -0.0994, -0.0312, -0.0186, 0.1045, 0.3403)
  Optuna: 18 trials, best Sharpe = 0.0608
  Best params: n_estimators=389, max_depth=4, lr=0.0171, leaves=33
  Best confidence_threshold: 0.600
  Best training_days: 380
  Retrained on full data (1140 samples, 46 features)
  [ensemble 2/3] seed=123
    [trial 0] 46 features, training_days=150 | threshold=0.744 | labels: 999 long, 1172 short (46/54%)
    [CV fold 0] train_end=2024-03-24 08:00 | val_start=2024-04-01 00:00 | gap=184h (22 rows)
    [CV fold 1] train_end=2024-07-22 16:00 | val_start=2024-07-30 08:00 | gap=184h (22 rows)
    [CV fold 2] train_end=2024-11-20 00:00 | val_start=2024-11-27 16:00 | gap=184h (22 rows)
    [CV fold 3] train_end=2025-03-20 08:00 | val_start=2025-03-28 00:00 | gap=184h (22 rows)
    [CV fold 4] train_end=2025-07-18 16:00 | val_start=2025-07-26 08:00 | gap=184h (22 rows)
    [trial 0] Sharpe=-0.1412 (folds: -0.1893, -0.1813, -0.2623, -0.1200, 0.0468)
    [trial 1] 46 features, training_days=220 | threshold=0.755 | labels: 999 long, 1172 short (46/54%)
    [trial 1] Sharpe=-2.2804 (folds: -0.4719, -0.8290, -0.0362, -10.0000, -0.0649)
    [trial 2] 46 features, training_days=310 | threshold=0.754 | labels: 999 long, 1172 short (46/54%)
    [trial 2] Sharpe=-0.0265 (folds: -0.1352, -0.1179, -0.0517, -0.1745, 0.3470)
    [trial 3] 46 features, training_days=220 | threshold=0.673 | labels: 999 long, 1172 short (46/54%)
    [trial 3] Sharpe=-0.0144 (folds: -0.1254, -0.0074, -0.0822, -0.0549, 0.1977)
    [trial 4] 46 features, training_days=130 | threshold=0.803 | labels: 999 long, 1172 short (46/54%)
    [trial 4] Sharpe=-0.0887 (folds: -0.1834, -0.1486, 0.0899, -0.0233, -0.1783)
    [trial 5] 46 features, training_days=210 | threshold=0.606 | labels: 999 long, 1172 short (46/54%)
    [trial 5] Sharpe=-0.0158 (folds: -0.1297, 0.0241, -0.0735, 0.0224, 0.0779)
    [trial 6] 46 features, training_days=130 | threshold=0.767 | labels: 999 long, 1172 short (46/54%)
    [trial 6] Sharpe=-0.1173 (folds: -0.2038, -0.1122, -0.2211, -0.0229, -0.0264)
    [trial 7] 46 features, training_days=80 | threshold=0.556 | labels: 999 long, 1172 short (46/54%)
    [trial 7] Sharpe=-0.2001 (folds: -0.2757, -0.2916, -0.2609, -0.0977, -0.0745)
    [trial 8] 46 features, training_days=200 | threshold=0.607 | labels: 999 long, 1172 short (46/54%)
    [trial 8] Sharpe=-0.0083 (folds: -0.1087, 0.2054, -0.2582, -0.0415, 0.1615)
    [trial 9] 46 features, training_days=260 | threshold=0.620 | labels: 999 long, 1172 short (46/54%)
    [trial 9] Sharpe=0.0265 (folds: -0.1024, -0.0580, -0.0525, 0.1546, 0.1907)
    [trial 10] 46 features, training_days=470 | threshold=0.534 | labels: 999 long, 1172 short (46/54%)
    [trial 10] Sharpe=0.0363 (folds: -0.1025, -0.0053, 0.0136, -0.0329, 0.3087)
    [trial 11] 46 features, training_days=500 | threshold=0.505 | labels: 999 long, 1172 short (46/54%)
    [trial 11] Sharpe=0.0493 (folds: -0.0841, 0.0036, 0.0153, 0.0375, 0.2741)
    [trial 12] 46 features, training_days=500 | threshold=0.509 | labels: 999 long, 1172 short (46/54%)
    [trial 12] Sharpe=0.0463 (folds: -0.0998, 0.0164, 0.0245, -0.0211, 0.3113)
    [trial 13] 46 features, training_days=500 | threshold=0.501 | labels: 999 long, 1172 short (46/54%)
    [trial 13] Sharpe=0.0351 (folds: -0.1267, -0.0155, 0.0255, -0.0061, 0.2982)
    [trial 14] 46 features, training_days=400 | threshold=0.554 | labels: 999 long, 1172 short (46/54%)
    [trial 14] Sharpe=0.0594 (folds: -0.0798, -0.0156, -0.0598, 0.0639, 0.3883)
    [trial 15] 46 features, training_days=400 | threshold=0.566 | labels: 999 long, 1172 short (46/54%)
    [trial 15] Sharpe=0.0062 (folds: -0.2475, -0.1830, 0.0266, 0.0977, 0.3373)
    [trial 16] 46 features, training_days=400 | threshold=0.671 | labels: 999 long, 1172 short (46/54%)
    [trial 16] Sharpe=0.0423 (folds: -0.1384, -0.0664, -0.0196, 0.0521, 0.3839)
    [trial 17] 46 features, training_days=410 | threshold=0.564 | labels: 999 long, 1172 short (46/54%)
    [trial 17] Sharpe=0.0673 (folds: -0.0981, -0.0155, 0.0107, 0.0570, 0.3822)
  Optuna: 18 trials, best Sharpe = 0.0673
  Best params: n_estimators=290, max_depth=3, lr=0.0144, leaves=33
  Best confidence_threshold: 0.564
  Best training_days: 410
  Retrained on full data (1230 samples, 46 features)
  [ensemble 3/3] seed=456
    [trial 0] 46 features, training_days=90 | threshold=0.587 | labels: 999 long, 1172 short (46/54%)
    [CV fold 0] train_end=2024-03-24 08:00 | val_start=2024-04-01 00:00 | gap=184h (22 rows)
    [CV fold 1] train_end=2024-07-22 16:00 | val_start=2024-07-30 08:00 | gap=184h (22 rows)
    [CV fold 2] train_end=2024-11-20 00:00 | val_start=2024-11-27 16:00 | gap=184h (22 rows)
    [CV fold 3] train_end=2025-03-20 08:00 | val_start=2025-03-28 00:00 | gap=184h (22 rows)
    [CV fold 4] train_end=2025-07-18 16:00 | val_start=2025-07-26 08:00 | gap=184h (22 rows)
    [trial 0] Sharpe=-0.0724 (folds: -0.1323, -0.1329, -0.1331, -0.1115, 0.1476)
    [trial 1] 46 features, training_days=290 | threshold=0.635 | labels: 999 long, 1172 short (46/54%)
    [trial 1] Sharpe=0.0355 (folds: -0.1695, -0.0584, -0.0029, 0.1128, 0.2958)
    [trial 2] 46 features, training_days=10 | threshold=0.585 | labels: 999 long, 1172 short (46/54%)
    [trial 2] Sharpe=0.0799 (folds: 0.1594, -0.1609, 0.1482, 0.0634, 0.1893)
    [trial 3] 46 features, training_days=220 | threshold=0.687 | labels: 999 long, 1172 short (46/54%)
    [trial 3] Sharpe=-0.1332 (folds: -0.2555, -0.2763, -0.0666, -0.1223, 0.0546)
    [trial 4] 46 features, training_days=300 | threshold=0.562 | labels: 999 long, 1172 short (46/54%)[I 2026-06-01 11:08:51,023] Trial 4 finished with value: 0.04967110450650256 and parameters: {'confidence_threshold': 0.5623121348350352, 'training_days': 300, 'n_estimators': 69, 'max_depth': 4, 'num_leaves': 32, 'learning_rate': 0.14967629360700346, 'subsample': 0.5054535233636654, 'colsample_bytree': 0.7401385194659216, 'min_child_samples': 27, 'reg_alpha': 1.4212042567426725e-07, 'reg_lambda': 0.23605753701352003}. Best is trial 2 with value: 0.0798697326368146.
[I 2026-06-01 11:08:51,440] Trial 5 finished with value: 0.016707161257567316 and parameters: {'confidence_threshold': 0.7111850244908446, 'training_days': 490, 'n_estimators': 362, 'max_depth': 5, 'num_leaves': 40, 'learning_rate': 0.05960785724162737, 'subsample': 0.5589714368907717, 'colsample_bytree': 0.6659006943232806, 'min_child_samples': 42, 'reg_alpha': 0.6741360303045295, 'reg_lambda': 6.054601607143087e-08}. Best is trial 2 with value: 0.0798697326368146.
[I 2026-06-01 11:08:51,614] Trial 6 finished with value: 0.01922947230751245 and parameters: {'confidence_threshold': 0.667482545748023, 'training_days': 420, 'n_estimators': 279, 'max_depth': 3, 'num_leaves': 45, 'learning_rate': 0.040099592560849204, 'subsample': 0.8563114696415159, 'colsample_bytree': 0.5442917781944105, 'min_child_samples': 50, 'reg_alpha': 1.6407916423707903e-08, 'reg_lambda': 2.935907642973286e-05}. Best is trial 2 with value: 0.0798697326368146.
[I 2026-06-01 11:08:51,769] Trial 7 finished with value: -0.02464337663138149 and parameters: {'confidence_threshold': 0.5497381024139926, 'training_days': 120, 'n_estimators': 408, 'max_depth': 5, 'num_leaves': 38, 'learning_rate': 0.28049122657745795, 'subsample': 0.8806573338635493, 'colsample_bytree': 0.5454054113547102, 'min_child_samples': 63, 'reg_alpha': 0.01263008637940408, 'reg_lambda': 0.04588020805366937}. Best is trial 2 with value: 0.0798697326368146.
[I 2026-06-01 11:08:52,032] Trial 8 finished with value: -0.016424657203843996 and parameters: {'confidence_threshold': 0.719644804808716, 'training_days': 450, 'n_estimators': 410, 'max_depth': 4, 'num_leaves': 57, 'learning_rate': 0.04022026551478857, 'subsample': 0.5336085426932707, 'colsample_bytree': 0.5705742850577543, 'min_child_samples': 100, 'reg_alpha': 5.916398047912201e-07, 'reg_lambda': 0.9794034214488329}. Best is trial 2 with value: 0.0798697326368146.
[I 2026-06-01 11:08:52,059] Trial 9 finished with value: -2.1368475916435936 and parameters: {'confidence_threshold': 0.7267463643917187, 'training_days': 20, 'n_estimators': 337, 'max_depth': 5, 'num_leaves': 23, 'learning_rate': 0.022153031811454605, 'subsample': 0.6305627572358737, 'colsample_bytree': 0.6613413774216214, 'min_child_samples': 81, 'reg_alpha': 5.7638634029410314e-08, 'reg_lambda': 8.26603016764008}. Best is trial 2 with value: 0.0798697326368146.
[I 2026-06-01 11:08:52,087] Trial 10 finished with value: -1.9579833299661886 and parameters: {'confidence_threshold': 0.8398533911817929, 'training_days': 10, 'n_estimators': 228, 'max_depth': 3, 'num_leaves': 15, 'learning_rate': 0.2789359567293539, 'subsample': 0.6821883053833926, 'colsample_bytree': 0.9944479338273263, 'min_child_samples': 23, 'reg_alpha': 2.903134294418681, 'reg_lambda': 0.0032849428938367974}. Best is trial 2 with value: 0.0798697326368146.
[I 2026-06-01 11:08:52,173] Trial 11 finished with value: 0.022024517659066174 and parameters: {'confidence_threshold': 0.5379676273538253, 'training_days': 310, 'n_estimators': 58, 'max_depth': 4, 'num_leaves': 29, 'learning_rate': 0.13801824878993882, 'subsample': 0.5002496713119235, 'colsample_bytree': 0.6708638410329584, 'min_child_samples': 21, 'reg_alpha': 3.2680883584933693e-05, 'reg_lambda': 0.01796181626804921}. Best is trial 2 with value: 0.0798697326368146.
[I 2026-06-01 11:08:52,339] Trial 12 finished with value: -0.028418970004771837 and parameters: {'confidence_threshold': 0.5989828328549771, 'training_days': 200, 'n_estimators': 198, 'max_depth': 4, 'num_leaves': 57, 'learning_rate': 0.13007949331851176, 'subsample': 0.6308836077029805, 'colsample_bytree': 0.7611541826453347, 'min_child_samples': 35, 'reg_alpha': 0.00012116501730499813, 'reg_lambda': 0.09563843664787801}. Best is trial 2 with value: 0.0798697326368146.
[I 2026-06-01 11:08:52,418] Trial 13 finished with value: 0.054685378583909074 and parameters: {'confidence_threshold': 0.5012893848979793, 'training_days': 360, 'n_estimators': 52, 'max_depth': 4, 'num_leaves': 30, 'learning_rate': 0.13777294382288624, 'subsample': 0.7312718920985939, 'colsample_bytree': 0.633238312765511, 'min_child_samples': 56, 'reg_alpha': 0.009404489416430021, 'reg_lambda': 0.000851875267961985}. Best is trial 2 with value: 0.0798697326368146.
[I 2026-06-01 11:08:52,731] Trial 14 finished with value: 0.038155020877751654 and parameters: {'confidence_threshold': 0.5057563615222779, 'training_days': 380, 'n_estimators': 500, 'max_depth': 3, 'num_leaves': 24, 'learning_rate': 0.19307062407750902, 'subsample': 0.747206066162212, 'colsample_bytree': 0.6096602290696825, 'min_child_samples': 52, 'reg_alpha': 0.046160497516006226, 'reg_lambda': 3.2951635983860383e-06}. Best is trial 2 with value: 0.0798697326368146.
[I 2026-06-01 11:08:52,825] Trial 15 finished with value: -0.18818837329538024 and parameters: {'confidence_threshold': 0.5037852776230336, 'training_days': 150, 'n_estimators': 170, 'max_depth': 3, 'num_leaves': 51, 'learning_rate': 0.010259746591624793, 'subsample': 0.7513007976384943, 'colsample_bytree': 0.502925720040233, 'min_child_samples': 61, 'reg_alpha': 0.002133995302102601, 'reg_lambda': 0.0013467843257158065}. Best is trial 2 with value: 0.0798697326368146.
[I 2026-06-01 11:08:53,062] Trial 16 finished with value: 0.0346607608953712 and parameters: {'confidence_threshold': 0.630551521070038, 'training_days': 360, 'n_estimators': 272, 'max_depth': 4, 'num_leaves': 31, 'learning_rate': 0.10480456467283118, 'subsample': 0.7114743178672482, 'colsample_bytree': 0.6224336471004764, 'min_child_samples': 48, 'reg_alpha': 0.18535047515161668, 'reg_lambda': 1.6797858629714767e-06}. Best is trial 2 with value: 0.0798697326368146.
[I 2026-06-01 11:08:53,110] Trial 17 finished with value: -0.08467509520635894 and parameters: {'confidence_threshold': 0.7873735958410488, 'training_days': 70, 'n_estimators': 124, 'max_depth': 3, 'num_leaves': 18, 'learning_rate': 0.19736891279684507, 'subsample': 0.5911459214355551, 'colsample_bytree': 0.7136696156115652, 'min_child_samples': 70, 'reg_alpha': 7.222293621969518, 'reg_lambda': 0.0006783505755756221}. Best is trial 2 with value: 0.0798697326368146.
[I 2026-06-01 11:08:53,845] A new study created in memory with name: no-name-6f84f269-316e-42cf-952c-9a0db8d89cf9
