[I 2026-06-01 11:07:40,172] Trial 0 finished with value: 0.0224873411759619 and parameters: {'confidence_threshold': 0.5870645682749857, 'training_days': 90, 'n_estimators': 403, 'max_depth': 5, 'num_leaves': 45, 'learning_rate': 0.0780457193679974, 'subsample': 0.9428509515574568, 'colsample_bytree': 0.8795587339164916, 'min_child_samples': 34, 'reg_alpha': 2.2465901234314442e-07, 'reg_lambda': 8.339007036475363e-05}. Best is trial 0 with value: 0.0224873411759619.
[I 2026-06-01 11:07:40,278] Trial 1 finished with value: -0.00013890890283927427 and parameters: {'confidence_threshold': 0.6348453934275313, 'training_days': 290, 'n_estimators': 115, 'max_depth': 5, 'num_leaves': 37, 'learning_rate': 0.06949568759029946, 'subsample': 0.8228505074024268, 'colsample_bytree': 0.8616703220431751, 'min_child_samples': 75, 'reg_alpha': 4.2486822725010923e-07, 'reg_lambda': 1.157247767047042e-07}. Best is trial 0 with value: 0.0224873411759619.
[I 2026-06-01 11:07:40,297] Trial 2 finished with value: -0.041320767868328404 and parameters: {'confidence_threshold': 0.5849570384370288, 'training_days': 10, 'n_estimators': 212, 'max_depth': 3, 'num_leaves': 41, 'learning_rate': 0.18452095998378365, 'subsample': 0.6001060822924371, 'colsample_bytree': 0.5673167293506167, 'min_child_samples': 37, 'reg_alpha': 5.733250064217131, 'reg_lambda': 0.5308454292595461}. Best is trial 0 with value: 0.0224873411759619.
[I 2026-06-01 11:07:40,375] Trial 3 finished with value: 0.02018809370881412 and parameters: {'confidence_threshold': 0.6868248626683718, 'training_days': 220, 'n_estimators': 134, 'max_depth': 3, 'num_leaves': 45, 'learning_rate': 0.033529007907491595, 'subsample': 0.8647277071858408, 'colsample_bytree': 0.778494116634046, 'min_child_samples': 96, 'reg_alpha': 2.409409937265785e-07, 'reg_lambda': 1.1642073478060009}. Best is trial 0 with value: 0.0224873411759619.
[I 2026-06-01 11:07:40,461] Trial 4 finished with value: 0.010481312124607635 and parameters: {'confidence_threshold': 0.5623121348350352, 'training_days': 300, 'n_estimators': 69, 'max_depth': 4, 'num_leaves': 32, 'learning_rate': 0.14967629360700346, 'subsample': 0.5054535233636654, 'colsample_bytree': 0.7401385194659216, 'min_child_samples': 27, 'reg_alpha': 1.4212042567426725e-07, 'reg_lambda': 0.23605753701352003}. Best is trial 0 with value: 0.0224873411759619.
[I 2026-06-01 11:07:40,872] Trial 5 finished with value: 0.05817562294080016 and parameters: {'confidence_threshold': 0.7111850244908446, 'training_days': 490, 'n_estimators': 362, 'max_depth': 5, 'num_leaves': 40, 'learning_rate': 0.05960785724162737, 'subsample': 0.5589714368907717, 'colsample_bytree': 0.6659006943232806, 'min_child_samples': 42, 'reg_alpha': 0.6741360303045295, 'reg_lambda': 6.054601607143087e-08}. Best is trial 5 with value: 0.05817562294080016.
[I 2026-06-01 11:07:41,043] Trial 6 finished with value: 0.05840357023905327 and parameters: {'confidence_threshold': 0.667482545748023, 'training_days': 420, 'n_estimators': 279, 'max_depth': 3, 'num_leaves': 45, 'learning_rate': 0.040099592560849204, 'subsample': 0.8563114696415159, 'colsample_bytree': 0.5442917781944105, 'min_child_samples': 50, 'reg_alpha': 1.6407916423707903e-08, 'reg_lambda': 2.935907642973286e-05}. Best is trial 6 with value: 0.05840357023905327.
[I 2026-06-01 11:07:41,197] Trial 7 finished with value: -0.0011089032372593095 and parameters: {'confidence_threshold': 0.5497381024139926, 'training_days': 120, 'n_estimators': 408, 'max_depth': 5, 'num_leaves': 38, 'learning_rate': 0.28049122657745795, 'subsample': 0.8806573338635493, 'colsample_bytree': 0.5454054113547102, 'min_child_samples': 63, 'reg_alpha': 0.01263008637940408, 'reg_lambda': 0.04588020805366937}. Best is trial 6 with value: 0.05840357023905327.
[I 2026-06-01 11:07:41,456] Trial 8 finished with value: 0.015817248915928277 and parameters: {'confidence_threshold': 0.719644804808716, 'training_days': 450, 'n_estimators': 410, 'max_depth': 4, 'num_leaves': 57, 'learning_rate': 0.04022026551478857, 'subsample': 0.5336085426932707, 'colsample_bytree': 0.5705742850577543, 'min_child_samples': 100, 'reg_alpha': 5.916398047912201e-07, 'reg_lambda': 0.9794034214488329}. Best is trial 6 with value: 0.05840357023905327.
[I 2026-06-01 11:07:41,479] Trial 9 finished with value: -6.063791389623857 and parameters: {'confidence_threshold': 0.7267463643917187, 'training_days': 20, 'n_estimators': 337, 'max_depth': 5, 'num_leaves': 23, 'learning_rate': 0.022153031811454605, 'subsample': 0.6305627572358737, 'colsample_bytree': 0.6613413774216214, 'min_child_samples': 81, 'reg_alpha': 5.7638634029410314e-08, 'reg_lambda': 8.26603016764008}. Best is trial 6 with value: 0.05840357023905327.

    [trial 9] Sharpe=-2.0676 (folds: -0.0761, -0.1116, -0.2073, 0.0572, -10.0000)
    [trial 10] 46 features, training_days=280 | threshold=0.734 | labels: 1036 long, 1135 short (48/52%)
    [trial 10] Sharpe=0.0267 (folds: -0.0079, 0.1545, -0.0412, -0.0606, 0.0889)
    [trial 11] 46 features, training_days=170 | threshold=0.762 | labels: 1036 long, 1135 short (48/52%)
    [trial 11] Sharpe=0.0524 (folds: 0.0778, 0.1920, -0.1509, 0.0132, 0.1299)
    [trial 12] 46 features, training_days=140 | threshold=0.729 | labels: 1036 long, 1135 short (48/52%)
    [trial 12] Sharpe=0.0493 (folds: 0.0418, 0.2390, -0.1065, -0.1494, 0.2214)
    [trial 13] 46 features, training_days=250 | threshold=0.768 | labels: 1036 long, 1135 short (48/52%)
    [trial 13] Sharpe=0.0220 (folds: 0.0540, 0.1314, -0.1317, -0.1301, 0.1862)
    [trial 14] 46 features, training_days=110 | threshold=0.759 | labels: 1036 long, 1135 short (48/52%)
    [trial 14] Sharpe=0.0235 (folds: 0.0349, 0.1794, -0.0433, -0.1206, 0.0668)
    [trial 15] 46 features, training_days=250 | threshold=0.678 | labels: 1036 long, 1135 short (48/52%)
    [trial 15] Sharpe=0.0333 (folds: 0.0551, 0.0977, -0.1268, -0.0516, 0.1921)
    [trial 16] 46 features, training_days=320 | threshold=0.798 | labels: 1036 long, 1135 short (48/52%)
    [trial 16] Sharpe=0.0396 (folds: 0.0668, 0.1114, 0.0002, -0.0922, 0.1119)
    [trial 17] 46 features, training_days=100 | threshold=0.676 | labels: 1036 long, 1135 short (48/52%)
    [trial 17] Sharpe=-0.0207 (folds: -0.0757, 0.1928, -0.1789, -0.0751, 0.0335)
  Optuna: 18 trials, best Sharpe = 0.0679
  Best params: n_estimators=103, max_depth=5, lr=0.0675, leaves=52
  Best confidence_threshold: 0.811
  Best training_days: 240
  Retrained on full data (720 samples, 46 features)
  [ensemble 2/3] seed=123
    [trial 0] 46 features, training_days=150 | threshold=0.744 | labels: 1036 long, 1135 short (48/52%)
    [CV fold 0] train_end=2023-09-23 08:00 | val_start=2023-10-01 00:00 | gap=184h (22 rows)
    [CV fold 1] train_end=2024-01-21 16:00 | val_start=2024-01-29 08:00 | gap=184h (22 rows)
    [CV fold 2] train_end=2024-05-21 00:00 | val_start=2024-05-28 16:00 | gap=184h (22 rows)
    [CV fold 3] train_end=2024-09-18 08:00 | val_start=2024-09-26 00:00 | gap=184h (22 rows)
    [CV fold 4] train_end=2025-01-16 16:00 | val_start=2025-01-24 08:00 | gap=184h (22 rows)
    [trial 0] Sharpe=0.0487 (folds: 0.1216, 0.2664, -0.1924, -0.1099, 0.1577)
    [trial 1] 46 features, training_days=220 | threshold=0.755 | labels: 1036 long, 1135 short (48/52%)
    [trial 1] Sharpe=-1.8245 (folds: 0.0384, 0.0445, -0.1884, 0.9830, -10.0000)
    [trial 2] 46 features, training_days=310 | threshold=0.754 | labels: 1036 long, 1135 short (48/52%)
    [trial 2] Sharpe=0.0490 (folds: 0.0795, 0.2768, -0.1348, -0.0584, 0.0817)
    [trial 3] 46 features, training_days=220 | threshold=0.673 | labels: 1036 long, 1135 short (48/52%)
    [trial 3] Sharpe=0.0248 (folds: 0.0220, 0.1977, -0.1979, -0.0445, 0.1468)
    [trial 4] 46 features, training_days=130 | threshold=0.803 | labels: 1036 long, 1135 short (48/52%)
    [trial 4] Sharpe=0.0497 (folds: 0.1708, 0.1422, -0.2147, -0.1464, 0.2966)
    [trial 5] 46 features, training_days=210 | threshold=0.606 | labels: 1036 long, 1135 short (48/52%)
    [trial 5] Sharpe=0.0143 (folds: 0.0108, 0.1456, -0.1514, -0.0040, 0.0704)
    [trial 6] 46 features, training_days=130 | threshold=0.767 | labels: 1036 long, 1135 short (48/52%)
    [trial 6] Sharpe=0.0246 (folds: -0.0027, 0.1972, -0.1557, -0.1250, 0.2093)
    [trial 7] 46 features, training_days=80 | threshold=0.556 | labels: 1036 long, 1135 short (48/52%)
    [trial 7] Sharpe=-0.0999 (folds: -0.0696, -0.1334, 0.0086, -0.1577, -0.1472)
    [trial 8] 46 features, training_days=200 | threshold=0.607 | labels: 1036 long, 1135 short (48/52%)
    [trial 8] Sharpe=0.0045 (folds: -0.0033, 0.0625, -0.1274, -0.0052, 0.0957)
    [trial 9] 46 features, training_days=260 | threshold=0.620 | labels: 1036 long, 1135 short (48/52%)
    [trial 9] Sharpe=0.0154 (folds: 0.0359, 0.2248, -0.1673, -0.1359, 0.1196)
    [trial 10] 46 features, training_days=470 | threshold=0.845 | labels: 1036 long, 1135 short (48/52%)
    [trial 10] Sharpe=-2.0243 (folds: -0.0106, -0.1476, -0.2415, -10.0000, 0.2783)
    [trial 11] 46 features, training_days=350 | threshold=0.837 | labels: 1036 long, 1135 short (48/52%)
    [trial 11] Sharpe=0.2028 (folds: 0.2133, 0.0427, 0.0335, 0.1945, 0.5298)
    [trial 12] 46 features, training_days=10 | threshold=0.831 | labels: 1036 long, 1135 short (48/52%)
    [trial 12] Sharpe=-1.9999 (folds: 0.0907, -0.1116, -10.0000, 0.0572, -0.0356)
    [trial 13] 46 features, training_days=370 | threshold=0.800 | labels: 1036 long, 1135 short (48/52%)
    [trial 13] Sharpe=-1.7748 (folds: 0.1247, -0.0876, -10.0000, 0.2671, 0.8218)
    [trial 14] 46 features, training_days=390 | threshold=0.697 | labels: 1036 long, 1135 short (48/52%)
    [trial 14] Sharpe=0.0005 (folds: 0.0445, 0.2291, -0.1458, -0.0897, -0.0357)
    [trial 15] 46 features, training_days=490 | threshold=0.503 | labels: 1036 long, 1135 short (48/52%)
    [trial 15] Sharpe=0.0204 (folds: 0.0195, 0.1321, -0.0645, -0.0100, 0.0248)
    [trial 16] 46 features, training_days=310 | threshold=0.804 | labels: 1036 long, 1135 short (48/52%)
    [trial 16] Sharpe=0.0216 (folds: 0.0795, 0.1430, -0.0443, -0.2327, 0.1624)
    [trial 17] 46 features, training_days=40 | threshold=0.707 | labels: 1036 long, 1135 short (48/52%)
    [trial 17] Sharpe=-10.0000 (folds: -10.0000, -10.0000, -10.0000, -10.0000, -10.0000)
  Optuna: 18 trials, best Sharpe = 0.2028
  Best params: n_estimators=255, max_depth=3, lr=0.0222, leaves=34
  Best confidence_threshold: 0.837
  Best training_days: 350
  Retrained on full data (1050 samples, 46 features)
  [ensemble 3/3] seed=456
    [trial 0] 46 features, training_days=90 | threshold=0.587 | labels: 1036 long, 1135 short (48/52%)
    [CV fold 0] train_end=2023-09-23 08:00 | val_start=2023-10-01 00:00 | gap=184h (22 rows)
    [CV fold 1] train_end=2024-01-21 16:00 | val_start=2024-01-29 08:00 | gap=184h (22 rows)
    [CV fold 2] train_end=2024-05-21 00:00 | val_start=2024-05-28 16:00 | gap=184h (22 rows)
    [CV fold 3] train_end=2024-09-18 08:00 | val_start=2024-09-26 00:00 | gap=184h (22 rows)
    [CV fold 4] train_end=2025-01-16 16:00 | val_start=2025-01-24 08:00 | gap=184h (22 rows)
    [trial 0] Sharpe=0.0225 (folds: 0.0585, 0.1671, -0.0216, -0.0939, 0.0024)
    [trial 1] 46 features, training_days=290 | threshold=0.635 | labels: 1036 long, 1135 short (48/52%)
    [trial 1] Sharpe=-0.0001 (folds: 0.0295, 0.1314, -0.1700, -0.1460, 0.1545)
    [trial 2] 46 features, training_days=10 | threshold=0.585 | labels: 1036 long, 1135 short (48/52%)
    [trial 2] Sharpe=-0.0413 (folds: 0.0907, -0.1116, -0.2073, 0.0572, -0.0356)
    [trial 3] 46 features, training_days=220 | threshold=0.687 | labels: 1036 long, 1135 short (48/52%)
    [trial 3] Sharpe=0.0202 (folds: 0.0406, 0.1195, -0.2385, -0.0152, 0.1946)
    [trial 4] 46 features, training_days=300 | threshold=0.562 | labels: 1036 long, 1135 short (48/52%)
    [trial 4] Sharpe=0.0105 (folds: 0.0075, 0.1445, -0.1576, -0.0333, 0.0913)
    [trial 5] 46 features, training_days=490 | threshold=0.711 | labels: 1036 long, 1135 short (48/52%)
    [trial 5] Sharpe=0.0582 (folds: 0.0385, 0.2277, -0.0582, -0.0097, 0.0926)
    [trial 6] 46 features, training_days=420 | threshold=0.667 | labels: 1036 long, 1135 short (48/52%)
    [trial 6] Sharpe=0.0584 (folds: 0.0590, 0.2941, -0.0839, -0.0405, 0.0634)
    [trial 7] 46 features, training_days=120 | threshold=0.550 | labels: 1036 long, 1135 short (48/52%)
    [trial 7] Sharpe=-0.0011 (folds: 0.0030, 0.1017, -0.0856, -0.0761, 0.0515)
    [trial 8] 46 features, training_days=450 | threshold=0.720 | labels: 1036 long, 1135 short (48/52%)
    [trial 8] Sharpe=0.0158 (folds: 0.0612, 0.1088, -0.0706, -0.0637, 0.0435)
    [trial 9] 46 features, training_days=20 | threshold=0.727 | labels: 1036 long, 1135 short (48/52%)
    [trial 9] Sharpe=-6.0638 (folds: -10.0000, -0.1116, -0.2073, -10.0000, -10.0000)
    [trial 10] 46 features, training_days=400 | threshold=0.828 | labels: 1036 long, 1135 short (48/52%)[I 2026-06-01 11:07:41,678] Trial 10 finished with value: -3.9110236953469295 and parameters: {'confidence_threshold': 0.8283920119574972, 'training_days': 400, 'n_estimators': 240, 'max_depth': 3, 'num_leaves': 62, 'learning_rate': 0.011921022686883517, 'subsample': 0.7130289643560688, 'colsample_bytree': 0.9944479338273263, 'min_child_samples': 54, 'reg_alpha': 6.837313901272251e-05, 'reg_lambda': 2.741063772648371e-05}. Best is trial 6 with value: 0.05840357023905327.
[I 2026-06-01 11:07:41,954] Trial 11 finished with value: -0.017262238540897083 and parameters: {'confidence_threshold': 0.7920556438876994, 'training_days': 500, 'n_estimators': 302, 'max_depth': 4, 'num_leaves': 52, 'learning_rate': 0.0222741777320615, 'subsample': 0.7368222945528539, 'colsample_bytree': 0.5017024210185925, 'min_child_samples': 49, 'reg_alpha': 6.49360670953883, 'reg_lambda': 4.7635623480183335e-08}. Best is trial 6 with value: 0.05840357023905327.
[I 2026-06-01 11:07:42,364] Trial 12 finished with value: 0.04542409652297387 and parameters: {'confidence_threshold': 0.6499328043388345, 'training_days': 390, 'n_estimators': 490, 'max_depth': 4, 'num_leaves': 28, 'learning_rate': 0.0973035827161328, 'subsample': 0.9912016966112274, 'colsample_bytree': 0.6550757185518237, 'min_child_samples': 45, 'reg_alpha': 0.021648071661770768, 'reg_lambda': 1.6447806181317567e-06}. Best is trial 6 with value: 0.05840357023905327.
[I 2026-06-01 11:07:42,586] Trial 13 finished with value: 0.0555644054729562 and parameters: {'confidence_threshold': 0.7586389545742787, 'training_days': 370, 'n_estimators': 348, 'max_depth': 3, 'num_leaves': 17, 'learning_rate': 0.04403561406457507, 'subsample': 0.7828410184206098, 'colsample_bytree': 0.6573361206418804, 'min_child_samples': 62, 'reg_alpha': 5.578511698585385e-05, 'reg_lambda': 0.0014274783994162278}. Best is trial 6 with value: 0.05840357023905327.
[I 2026-06-01 11:07:42,841] Trial 14 finished with value: 0.047129819458585236 and parameters: {'confidence_threshold': 0.6801527202763075, 'training_days': 470, 'n_estimators': 212, 'max_depth': 4, 'num_leaves': 50, 'learning_rate': 0.024886143625151645, 'subsample': 0.6696126473039495, 'colsample_bytree': 0.6163464681131001, 'min_child_samples': 22, 'reg_alpha': 0.0922770411910452, 'reg_lambda': 3.988510880467261e-06}. Best is trial 6 with value: 0.05840357023905327.
[I 2026-06-01 11:07:43,049] Trial 15 finished with value: 0.003775347205598692 and parameters: {'confidence_threshold': 0.6213139154790871, 'training_days': 340, 'n_estimators': 266, 'max_depth': 3, 'num_leaves': 33, 'learning_rate': 0.010009130699525038, 'subsample': 0.5714395394940128, 'colsample_bytree': 0.7127131379634383, 'min_child_samples': 39, 'reg_alpha': 0.0017123909297504095, 'reg_lambda': 0.0026406526000485684}. Best is trial 6 with value: 0.05840357023905327.
[I 2026-06-01 11:07:43,319] Trial 16 finished with value: -0.014069923242167182 and parameters: {'confidence_threshold': 0.5156958281455359, 'training_days': 230, 'n_estimators': 352, 'max_depth': 5, 'num_leaves': 51, 'learning_rate': 0.05590941949329035, 'subsample': 0.7985884714791606, 'colsample_bytree': 0.5124310012802801, 'min_child_samples': 55, 'reg_alpha': 1.9616774103961203e-05, 'reg_lambda': 3.255190364191598e-07}. Best is trial 6 with value: 0.05840357023905327.
[I 2026-06-01 11:07:43,710] Trial 17 finished with value: 0.04298587609203618 and parameters: {'confidence_threshold': 0.73110804249157, 'training_days': 430, 'n_estimators': 487, 'max_depth': 4, 'num_leaves': 47, 'learning_rate': 0.09919406765462765, 'subsample': 0.6718064291677197, 'colsample_bytree': 0.604977315273913, 'min_child_samples': 70, 'reg_alpha': 0.5789973763959497, 'reg_lambda': 1.4681298408059423e-08}. Best is trial 6 with value: 0.05840357023905327.
[I 2026-06-01 11:07:44,372] A new study created in memory with name: no-name-af166acc-9408-4266-a390-900e4ce7c4a4
[I 2026-06-01 11:07:44,687] Trial 0 finished with value: 0.06352725188926904 and parameters: {'confidence_threshold': 0.6310890415965769, 'training_days': 480, 'n_estimators': 380, 'max_depth': 4, 'num_leaves': 22, 'learning_rate': 0.01699897838270077, 'subsample': 0.5290418060840998, 'colsample_bytree': 0.9330880728874675, 'min_child_samples': 68, 'reg_alpha': 0.023585940584142682, 'reg_lambda': 1.5320059381854043e-08}. Best is trial 0 with value: 0.06352725188926904.
[I 2026-06-01 11:07:44,802] Trial 1 finished with value: -5.943533954359 and parameters: {'confidence_threshold': 0.839468448256698, 'training_days': 420, 'n_estimators': 145, 'max_depth': 3, 'num_leaves': 23, 'learning_rate': 0.028145092716060652, 'subsample': 0.762378215816119, 'colsample_bytree': 0.7159725093210578, 'min_child_samples': 43, 'reg_alpha': 0.0032112643094417484, 'reg_lambda': 1.8007140198129195e-07}. Best is trial 0 with value: 0.06352725188926904.
[I 2026-06-01 11:07:44,947] Trial 2 finished with value: 0.06415335255473703 and parameters: {'confidence_threshold': 0.6022506269873263, 'training_days': 190, 'n_estimators': 255, 'max_depth': 5, 'num_leaves': 24, 'learning_rate': 0.05748924681991978, 'subsample': 0.7962072844310213, 'colsample_bytree': 0.5232252063599989, 'min_child_samples': 69, 'reg_alpha': 3.425445902633376e-07, 'reg_lambda': 3.850031979199519e-08}. Best is trial 2 with value: 0.06415335255473703.
[I 2026-06-01 11:07:45,201] Trial 3 finished with value: 0.10396029910641073 and parameters: {'confidence_threshold': 0.8321099380386666, 'training_days': 490, 'n_estimators': 414, 'max_depth': 3, 'num_leaves': 19, 'learning_rate': 0.1024932221692416, 'subsample': 0.7200762468698007, 'colsample_bytree': 0.5610191174223894, 'min_child_samples': 60, 'reg_alpha': 2.039373116525212e-08, 'reg_lambda': 1.527156759251193}. Best is trial 3 with value: 0.10396029910641073.
[I 2026-06-01 11:07:45,372] Trial 4 finished with value: 0.006716853252006644 and parameters: {'confidence_threshold': 0.5905729935600059, 'training_days': 340, 'n_estimators': 190, 'max_depth': 4, 'num_leaves': 41, 'learning_rate': 0.01875220945578641, 'subsample': 0.9847923138822793, 'colsample_bytree': 0.8875664116805573, 'min_child_samples': 96, 'reg_alpha': 1.1309571585271483, 'reg_lambda': 0.002404915432737351}. Best is trial 3 with value: 0.10396029910641073.
[I 2026-06-01 11:07:45,416] Trial 5 finished with value: -0.02751206853601071 and parameters: {'confidence_threshold': 0.8226559822580909, 'training_days': 50, 'n_estimators': 138, 'max_depth': 3, 'num_leaves': 30, 'learning_rate': 0.03750796359625606, 'subsample': 0.6356745158869479, 'colsample_bytree': 0.9143687545759647, 'min_child_samples': 48, 'reg_alpha': 3.376063348877853e-06, 'reg_lambda': 0.0007660634613082914}. Best is trial 3 with value: 0.10396029910641073.
[I 2026-06-01 11:07:45,527] Trial 6 finished with value: 0.04056732327693726 and parameters: {'confidence_threshold': 0.5493234787411669, 'training_days': 410, 'n_estimators': 83, 'max_depth': 5, 'num_leaves': 52, 'learning_rate': 0.019657448966046126, 'subsample': 0.5027610585618012, 'colsample_bytree': 0.9077307142274171, 'min_child_samples': 77, 'reg_alpha': 0.03639690979811287, 'reg_lambda': 0.08738424135626986}. Best is trial 3 with value: 0.10396029910641073.
