[I 2026-06-01 11:04:28,485] Trial 17 finished with value: -0.010178111755069847 and parameters: {'confidence_threshold': 0.6478758927091923, 'training_days': 50, 'n_estimators': 417, 'max_depth': 4, 'num_leaves': 48, 'learning_rate': 0.04302553031342478, 'subsample': 0.6977080924048726, 'colsample_bytree': 0.585327709837014, 'min_child_samples': 80, 'reg_alpha': 1.7527045832330252e-07, 'reg_lambda': 0.0001164037083056549}. Best is trial 9 with value: 0.049436405118341076.
[I 2026-06-01 11:04:28,701] A new study created in memory with name: no-name-205cd11c-34fe-4bef-aebf-12843728c54b

[trade:close] 2024-01-22 23:59 DOTUSDT LONG → stop_loss @ 6.40 | PnL=-7.13% (net -7.23%) | cum=+12.07% 2024-01=+22.75% 2024-01-22=-7.23%
[predict] 2024-01-24 08:00 DOTUSDT → LONG (proba=0.91 TP=12.4%/SL=6.2%)
[trade:open] 2024-01-24 15:59 DOTUSDT LONG @ 6.42 | SL=6.02 TP=7.21 | timeout=2024-01-31 15:59
[trade:close] 2024-01-29 23:59 DOTUSDT LONG → take_profit @ 7.21 | PnL=+12.38% (net +12.28%) | cum=+24.35% 2024-01=+35.03% 2024-01-29=+12.28%
[predict] 2024-01-30 16:00 DOTUSDT → LONG (proba=0.91 TP=10.9%/SL=5.5%)
[trade:open] 2024-01-30 23:59 DOTUSDT LONG @ 6.84 | SL=6.46 TP=7.58 | timeout=2024-02-06 23:59
[lgbm] === Training for 2024-02 ===
  Train window: 2022-02-01 → 2024-01-24
  2168 training samples from 1 symbols
  Samples per month: 2022-02: 84, 2022-03: 93, 2022-04: 90, 2022-05: 93, 2022-06: 90, 2022-07: 93, 2022-08: 93, 2022-09: 90, 2022-10: 93, 2022-11: 90, 2022-12: 93, 2023-01: 93, 2023-02: 84, 2023-03: 93, 2023-04: 90, 2023-05: 93, 2023-06: 90, 2023-07: 93, 2023-08: 93, 2023-09: 90, 2023-10: 93, 2023-11: 90, 2023-12: 93, 2024-01: 71
  [label] 2022-04-03 16:00 DOTUSDT entry=23.1940 → SHORT | long=sl(-6.54%) short=tp(+12.79%) | scanned=8 | short_tp_only
  [label] 2022-04-05 16:00 DOTUSDT entry=21.7600 → SHORT | long=sl(-6.86%) short=tp(+13.42%) | scanned=16 | short_tp_only
  [label] 2022-04-09 16:00 DOTUSDT entry=19.7470 → SHORT | long=sl(-6.79%) short=tp(+13.27%) | scanned=6 | short_tp_only
  [label] 2022-05-04 08:00 DOTUSDT entry=15.1030 → SHORT | long=sl(-7.14%) short=sl(-7.14%) | scanned=4 | no_tp→fwd_return=-3.5357
  [label] 2022-06-25 16:00 DOTUSDT entry=8.1270 → SHORT | long=sl(-9.17%) short=tp(+18.05%) | scanned=14 | short_tp_only
  [label] 2022-12-08 16:00 DOTUSDT entry=5.4260 → SHORT | long=sl(-4.03%) short=tp(+7.75%) | scanned=13 | short_tp_only
  [label] 2022-12-12 16:00 DOTUSDT entry=5.1740 → LONG | long=sl(-3.40%) short=sl(-3.40%) | scanned=2 | no_tp→fwd_return=+1.6622
  [label] 2022-12-23 08:00 DOTUSDT entry=4.4860 → SHORT | long=sl(-4.39%) short=timeout(+4.27%) | scanned=22 | no_tp→fwd_return=-4.3691
  [label] 2023-02-06 08:00 DOTUSDT entry=6.7550 → SHORT | long=sl(-5.88%) short=tp(+11.45%) | scanned=21 | short_tp_only
  [label] 2023-02-14 16:00 DOTUSDT entry=6.2240 → LONG | long=tp(+11.29%) short=sl(-5.80%) | scanned=9 | long_tp_only
  [label] 2023-05-16 00:00 DOTUSDT entry=5.2990 → LONG | long=timeout(+1.47%) short=timeout(-1.67%) | scanned=22 | no_tp→fwd_return=+1.5663
  [label] 2023-06-17 00:00 DOTUSDT entry=4.5040 → LONG | long=tp(+10.77%) short=sl(-5.53%) | scanned=19 | long_tp_only
  [label] 2023-07-03 00:00 DOTUSDT entry=5.4940 → SHORT | long=sl(-5.84%) short=timeout(+7.85%) | scanned=22 | no_tp→fwd_return=-7.9541
  [label] 2023-07-15 16:00 DOTUSDT entry=5.4290 → SHORT | long=sl(-5.11%) short=sl(-5.11%) | scanned=16 | no_tp→fwd_return=-0.0368
  [label] 2023-08-03 08:00 DOTUSDT entry=5.0210 → SHORT | long=sl(-3.61%) short=timeout(+0.16%) | scanned=22 | no_tp→fwd_return=-0.2589
  [label] 2023-08-09 16:00 DOTUSDT entry=5.0570 → SHORT | long=sl(-2.91%) short=tp(+5.53%) | scanned=18 | short_tp_only
  [label] 2023-08-22 00:00 DOTUSDT entry=4.4280 → LONG | long=sl(-4.24%) short=sl(-4.24%) | scanned=20 | no_tp→fwd_return=+4.0425
  [label] 2023-09-30 08:00 DOTUSDT entry=4.0960 → LONG | long=tp(+4.50%) short=sl(-2.40%) | scanned=4 | long_tp_only
  [label] 2023-10-10 08:00 DOTUSDT entry=3.8070 → SHORT | long=sl(-3.55%) short=timeout(+2.87%) | scanned=22 | no_tp→fwd_return=-2.9682
  [label] 2024-01-04 08:00 DOTUSDT entry=7.8830 → LONG | long=sl(-10.31%) short=timeout(-4.60%) | scanned=22 | no_tp→fwd_return=+4.5034
  Labels: 981 long (45.2%), 1187 short (54.8%) | weights: min=1.00, mean=3.35, max=10.00
  Features: 2168/2168 matched, 46 columns
  CV gap: 22 rows
  [ensemble 1/3] seed=42
    [trial 0] 46 features, training_days=480 | threshold=0.631 | labels: 981 long, 1187 short (45/55%)
    [CV fold 0] train_end=2022-05-25 08:00 | val_start=2022-06-02 00:00 | gap=184h (22 rows)
    [CV fold 1] train_end=2022-09-22 16:00 | val_start=2022-09-30 08:00 | gap=184h (22 rows)
    [CV fold 2] train_end=2023-01-21 00:00 | val_start=2023-01-28 16:00 | gap=184h (22 rows)
    [CV fold 3] train_end=2023-05-21 08:00 | val_start=2023-05-29 00:00 | gap=184h (22 rows)
    [CV fold 4] train_end=2023-09-18 16:00 | val_start=2023-09-26 08:00 | gap=184h (22 rows)
    [trial 0] Sharpe=-0.1909 (folds: -0.2717, -0.3362, -0.0055, -0.0586, -0.2826)
    [trial 1] 46 features, training_days=420 | threshold=0.839 | labels: 981 long, 1187 short (45/55%)
    [trial 1] Sharpe=-6.0840 (folds: 0.0093, -0.4291, -10.0000, -10.0000, -10.0000)
    [trial 2] 46 features, training_days=190 | threshold=0.602 | labels: 981 long, 1187 short (45/55%)
    [trial 2] Sharpe=-0.1209 (folds: -0.1694, -0.0735, -0.0290, -0.2390, -0.0936)
    [trial 3] 46 features, training_days=490 | threshold=0.832 | labels: 981 long, 1187 short (45/55%)
    [trial 3] Sharpe=-0.1046 (folds: -0.2096, -0.1981, 0.1789, -0.2302, -0.0640)
    [trial 4] 46 features, training_days=340 | threshold=0.591 | labels: 981 long, 1187 short (45/55%)
    [trial 4] Sharpe=-0.0994 (folds: -0.0183, -0.3757, -0.1340, 0.0679, -0.0368)
    [trial 5] 46 features, training_days=50 | threshold=0.823 | labels: 981 long, 1187 short (45/55%)
    [trial 5] Sharpe=0.0306 (folds: -0.0273, 0.5309, 0.1630, -0.3594, -0.1541)
    [trial 6] 46 features, training_days=410 | threshold=0.549 | labels: 981 long, 1187 short (45/55%)
    [trial 6] Sharpe=-0.0572 (folds: -0.1003, -0.3030, -0.0745, 0.0916, 0.1003)
    [trial 7] 46 features, training_days=180 | threshold=0.526 | labels: 981 long, 1187 short (45/55%)
    [trial 7] Sharpe=-0.0970 (folds: -0.2191, -0.1528, 0.0814, -0.2158, 0.0213)
    [trial 8] 46 features, training_days=240 | threshold=0.811 | labels: 981 long, 1187 short (45/55%)
    [trial 8] Sharpe=-0.1986 (folds: -0.2444, -0.2929, -0.2502, -0.2147, 0.0094)
    [trial 9] 46 features, training_days=20 | threshold=0.538 | labels: 981 long, 1187 short (45/55%)
    [trial 9] Sharpe=0.0494 (folds: 0.1051, 0.0250, 0.1513, 0.0289, -0.0632)
    [trial 10] 46 features, training_days=10 | threshold=0.745 | labels: 981 long, 1187 short (45/55%)
    [trial 10] Sharpe=-0.0337 (folds: -0.2044, -0.0813, 0.1513, 0.0289, -0.0632)
    [trial 11] 46 features, training_days=20 | threshold=0.715 | labels: 981 long, 1187 short (45/55%)
    [trial 11] Sharpe=-3.9774 (folds: -10.0000, 0.0250, 0.1513, -10.0000, -0.0632)
    [trial 12] 46 features, training_days=90 | threshold=0.665 | labels: 981 long, 1187 short (45/55%)
    [trial 12] Sharpe=0.0139 (folds: -0.2468, 0.1373, 0.1468, 0.0772, -0.0449)
    [trial 13] 46 features, training_days=100 | threshold=0.757 | labels: 981 long, 1187 short (45/55%)
    [trial 13] Sharpe=-0.0010 (folds: -0.3097, 0.0976, 0.2251, 0.0406, -0.0588)
    [trial 14] 46 features, training_days=90 | threshold=0.699 | labels: 981 long, 1187 short (45/55%)
    [trial 14] Sharpe=-0.0462 (folds: -0.3423, 0.0306, 0.0558, 0.0117, 0.0131)
    [trial 15] 46 features, training_days=150 | threshold=0.507 | labels: 981 long, 1187 short (45/55%)
    [trial 15] Sharpe=-0.0499 (folds: -0.1220, -0.0007, 0.0649, -0.1383, -0.0533)
    [trial 16] 46 features, training_days=270 | threshold=0.783 | labels: 981 long, 1187 short (45/55%)
    [trial 16] Sharpe=-0.1468 (folds: -0.2683, -0.2033, -0.0563, -0.1215, -0.0845)
    [trial 17] 46 features, training_days=50 | threshold=0.648 | labels: 981 long, 1187 short (45/55%)
    [trial 17] Sharpe=-0.0102 (folds: 0.1051, 0.0250, -0.1467, 0.0289, -0.0632)
  Optuna: 18 trials, best Sharpe = 0.0494
  Best params: n_estimators=337, max_depth=3, lr=0.2191, leaves=39
  Best confidence_threshold: 0.538
  Best training_days: 20
  Retrained on full data (60 samples, 46 features)
  [ensemble 2/3] seed=123
    [trial 0] 46 features, training_days=150 | threshold=0.744 | labels: 981 long, 1187 short (45/55%)
    [CV fold 0] train_end=2022-05-25 08:00 | val_start=2022-06-02 00:00 | gap=184h (22 rows)
    [CV fold 1] train_end=2022-09-22 16:00 | val_start=2022-09-30 08:00 | gap=184h (22 rows)
    [CV fold 2] train_end=2023-01-21 00:00 | val_start=2023-01-28 16:00 | gap=184h (22 rows)[I 2026-06-01 11:04:28,801] Trial 0 finished with value: -0.11011293393031849 and parameters: {'confidence_threshold': 0.7437642149592516, 'training_days': 150, 'n_estimators': 152, 'max_depth': 4, 'num_leaves': 50, 'learning_rate': 0.04216766425047743, 'subsample': 0.9903820991923078, 'colsample_bytree': 0.8424148692924316, 'min_child_samples': 58, 'reg_alpha': 3.381097259762742e-05, 'reg_lambda': 1.2263152961306247e-05}. Best is trial 0 with value: -0.11011293393031849.
[I 2026-06-01 11:04:28,888] Trial 1 finished with value: -2.017985315739066 and parameters: {'confidence_threshold': 0.7551673975844145, 'training_days': 220, 'n_estimators': 76, 'max_depth': 4, 'num_leaves': 51, 'learning_rate': 0.018602118810743477, 'subsample': 0.5877258780737462, 'colsample_bytree': 0.7657756869209191, 'min_child_samples': 63, 'reg_alpha': 0.005123994170264194, 'reg_lambda': 0.44145470178120466}. Best is trial 0 with value: -0.11011293393031849.
[I 2026-06-01 11:04:29,146] Trial 2 finished with value: -0.258292451696453 and parameters: {'confidence_threshold': 0.7535593637012223, 'training_days': 310, 'n_estimators': 375, 'max_depth': 3, 'num_leaves': 32, 'learning_rate': 0.021735641882032388, 'subsample': 0.6468570231944146, 'colsample_bytree': 0.8154880619272439, 'min_child_samples': 27, 'reg_alpha': 8.004064028491336e-05, 'reg_lambda': 7.546835261630524e-05}. Best is trial 0 with value: -0.11011293393031849.
[I 2026-06-01 11:04:29,313] Trial 3 finished with value: -0.15581234331942279 and parameters: {'confidence_threshold': 0.6727897841776072, 'training_days': 220, 'n_estimators': 190, 'max_depth': 4, 'num_leaves': 58, 'learning_rate': 0.24810689332636193, 'subsample': 0.7509183379421682, 'colsample_bytree': 0.8119764758960556, 'min_child_samples': 29, 'reg_alpha': 7.1708285081421445e-06, 'reg_lambda': 5.412973582738627e-05}. Best is trial 0 with value: -0.11011293393031849.
[I 2026-06-01 11:04:29,432] Trial 4 finished with value: -0.009977855913652748 and parameters: {'confidence_threshold': 0.803208205259178, 'training_days': 130, 'n_estimators': 267, 'max_depth': 5, 'num_leaves': 40, 'learning_rate': 0.08041175317374143, 'subsample': 0.5603143329951619, 'colsample_bytree': 0.9131704002534167, 'min_child_samples': 68, 'reg_alpha': 0.0008046593428183385, 'reg_lambda': 1.2158346158765583e-05}. Best is trial 4 with value: -0.009977855913652748.
[I 2026-06-01 11:04:29,671] Trial 5 finished with value: -0.12832516064701086 and parameters: {'confidence_threshold': 0.6064422761595144, 'training_days': 210, 'n_estimators': 357, 'max_depth': 5, 'num_leaves': 40, 'learning_rate': 0.0974221287220869, 'subsample': 0.7929682762811064, 'colsample_bytree': 0.8124517510478, 'min_child_samples': 74, 'reg_alpha': 0.3811377260781234, 'reg_lambda': 5.607314238392041e-08}. Best is trial 4 with value: -0.009977855913652748.
[I 2026-06-01 11:04:29,781] Trial 6 finished with value: -0.05121326837142427 and parameters: {'confidence_threshold': 0.7672889945051684, 'training_days': 130, 'n_estimators': 137, 'max_depth': 4, 'num_leaves': 19, 'learning_rate': 0.2031117614248665, 'subsample': 0.8136244860256343, 'colsample_bytree': 0.8617081790949774, 'min_child_samples': 21, 'reg_alpha': 0.002238138278733199, 'reg_lambda': 0.001025809534977322}. Best is trial 4 with value: -0.009977855913652748.
[I 2026-06-01 11:04:29,860] Trial 7 finished with value: -0.02191679064839001 and parameters: {'confidence_threshold': 0.555635875450653, 'training_days': 80, 'n_estimators': 363, 'max_depth': 3, 'num_leaves': 48, 'learning_rate': 0.06590089024008658, 'subsample': 0.6944752870615722, 'colsample_bytree': 0.962566244806993, 'min_child_samples': 88, 'reg_alpha': 1.6465620446426067e-05, 'reg_lambda': 2.4678750890085655e-08}. Best is trial 4 with value: -0.009977855913652748.
[I 2026-06-01 11:04:30,206] Trial 8 finished with value: -0.13139661211519665 and parameters: {'confidence_threshold': 0.6066688256938841, 'training_days': 200, 'n_estimators': 367, 'max_depth': 5, 'num_leaves': 32, 'learning_rate': 0.13377519215934996, 'subsample': 0.7965884582811106, 'colsample_bytree': 0.8458508993500886, 'min_child_samples': 32, 'reg_alpha': 3.889436043816386e-05, 'reg_lambda': 1.4713062489380356e-06}. Best is trial 4 with value: -0.009977855913652748.
[I 2026-06-01 11:04:30,427] Trial 9 finished with value: -0.1309093251516943 and parameters: {'confidence_threshold': 0.6202096049169137, 'training_days': 260, 'n_estimators': 350, 'max_depth': 3, 'num_leaves': 21, 'learning_rate': 0.02989540198065364, 'subsample': 0.8307821683331218, 'colsample_bytree': 0.923253112635361, 'min_child_samples': 64, 'reg_alpha': 0.4898604619604203, 'reg_lambda': 2.9076377687066166e-05}. Best is trial 4 with value: -0.009977855913652748.
[I 2026-06-01 11:04:30,803] Trial 10 finished with value: -10.0 and parameters: {'confidence_threshold': 0.8445241688507242, 'training_days': 470, 'n_estimators': 493, 'max_depth': 5, 'num_leaves': 63, 'learning_rate': 0.010221918552934462, 'subsample': 0.5019190721168774, 'colsample_bytree': 0.6202684210924141, 'min_child_samples': 99, 'reg_alpha': 1.9942621118187622e-08, 'reg_lambda': 0.0201634475791616}. Best is trial 4 with value: -0.009977855913652748.
[I 2026-06-01 11:04:30,837] Trial 11 finished with value: -0.033745601329240794 and parameters: {'confidence_threshold': 0.5077463503498806, 'training_days': 10, 'n_estimators': 262, 'max_depth': 3, 'num_leaves': 44, 'learning_rate': 0.07372430395837165, 'subsample': 0.6622634123372779, 'colsample_bytree': 0.9864508096204552, 'min_child_samples': 90, 'reg_alpha': 2.5493772909886044e-07, 'reg_lambda': 1.0030982359513554e-08}. Best is trial 4 with value: -0.009977855913652748.
[I 2026-06-01 11:04:30,869] Trial 12 finished with value: -0.033745601329240794 and parameters: {'confidence_threshold': 0.5170417950991051, 'training_days': 10, 'n_estimators': 257, 'max_depth': 5, 'num_leaves': 33, 'learning_rate': 0.058010368762976855, 'subsample': 0.5261232538758528, 'colsample_bytree': 0.9722524044717222, 'min_child_samples': 82, 'reg_alpha': 0.009505264432762285, 'reg_lambda': 4.1917597734041396e-07}. Best is trial 4 with value: -0.009977855913652748.
[I 2026-06-01 11:04:31,070] Trial 13 finished with value: -0.040683200423317224 and parameters: {'confidence_threshold': 0.8203595759501172, 'training_days': 110, 'n_estimators': 475, 'max_depth': 3, 'num_leaves': 47, 'learning_rate': 0.1305743004594783, 'subsample': 0.6692276593280039, 'colsample_bytree': 0.6564540780078124, 'min_child_samples': 48, 'reg_alpha': 1.0060661308529223e-06, 'reg_lambda': 0.0030828115890163877}. Best is trial 4 with value: -0.009977855913652748.
[I 2026-06-01 11:04:31,147] Trial 14 finished with value: -0.033327728353900375 and parameters: {'confidence_threshold': 0.5659608707226916, 'training_days': 70, 'n_estimators': 301, 'max_depth': 4, 'num_leaves': 39, 'learning_rate': 0.04074110489853438, 'subsample': 0.567189419034034, 'colsample_bytree': 0.9233992221540936, 'min_child_samples': 76, 'reg_alpha': 0.000938266511305414, 'reg_lambda': 1.2193512856586523e-06}. Best is trial 4 with value: -0.009977855913652748.
[I 2026-06-01 11:04:31,452] Trial 15 finished with value: -0.052371006302604384 and parameters: {'confidence_threshold': 0.681110154342211, 'training_days': 340, 'n_estimators': 436, 'max_depth': 5, 'num_leaves': 56, 'learning_rate': 0.08209307851411338, 'subsample': 0.8966418548807951, 'colsample_bytree': 0.5093920150666754, 'min_child_samples': 100, 'reg_alpha': 0.018188481815116102, 'reg_lambda': 3.5532501480887824}. Best is trial 4 with value: -0.009977855913652748.
[I 2026-06-01 11:04:31,523] Trial 16 finished with value: 0.004309439427029854 and parameters: {'confidence_threshold': 0.6947922020209465, 'training_days': 60, 'n_estimators': 209, 'max_depth': 3, 'num_leaves': 25, 'learning_rate': 0.05191283172207654, 'subsample': 0.7044336313707061, 'colsample_bytree': 0.9182676696103418, 'min_child_samples': 45, 'reg_alpha': 1.6323832176782968e-06, 'reg_lambda': 9.545586219413633e-08}. Best is trial 16 with value: 0.004309439427029854.
[I 2026-06-01 11:04:31,594] Trial 17 finished with value: -0.0017782122461043992 and parameters: {'confidence_threshold': 0.6825760317001965, 'training_days': 70, 'n_estimators': 204, 'max_depth': 4, 'num_leaves': 27, 'learning_rate': 0.13083238912922898, 'subsample': 0.5975400821780594, 'colsample_bytree': 0.7235351535799338, 'min_child_samples': 44, 'reg_alpha': 7.284070645541434, 'reg_lambda': 2.8443135446267137e-07}. Best is trial 16 with value: 0.004309439427029854.
[I 2026-06-01 11:04:31,821] A new study created in memory with name: no-name-de9ec6e4-1532-4925-8293-434e8e7344ec
[I 2026-06-01 11:04:32,053] Trial 0 finished with value: -0.022689283179520806 and parameters: {'confidence_threshold': 0.5870645682749857, 'training_days': 90, 'n_estimators': 403, 'max_depth': 5, 'num_leaves': 45, 'learning_rate': 0.0780457193679974, 'subsample': 0.9428509515574568, 'colsample_bytree': 0.8795587339164916, 'min_child_samples': 34, 'reg_alpha': 2.2465901234314442e-07, 'reg_lambda': 8.339007036475363e-05}. Best is trial 0 with value: -0.022689283179520806.
[I 2026-06-01 11:04:32,168] Trial 1 finished with value: -0.17127421704584125 and parameters: {'confidence_threshold': 0.6348453934275313, 'training_days': 290, 'n_estimators': 115, 'max_depth': 5, 'num_leaves': 37, 'learning_rate': 0.06949568759029946, 'subsample': 0.8228505074024268, 'colsample_bytree': 0.8616703220431751, 'min_child_samples': 75, 'reg_alpha': 4.2486822725010923e-07, 'reg_lambda': 1.157247767047042e-07}. Best is trial 0 with value: -0.022689283179520806.
[I 2026-06-01 11:04:32,186] Trial 2 finished with value: -0.033745601329240794 and parameters: {'confidence_threshold': 0.5849570384370288, 'training_days': 10, 'n_estimators': 212, 'max_depth': 3, 'num_leaves': 41, 'learning_rate': 0.18452095998378365, 'subsample': 0.6001060822924371, 'colsample_bytree': 0.5673167293506167, 'min_child_samples': 37, 'reg_alpha': 5.733250064217131, 'reg_lambda': 0.5308454292595461}. Best is trial 0 with value: -0.022689283179520806.
[I 2026-06-01 11:04:32,264] Trial 3 finished with value: -0.09170847955849878 and parameters: {'confidence_threshold': 0.6868248626683718, 'training_days': 220, 'n_estimators': 134, 'max_depth': 3, 'num_leaves': 45, 'learning_rate': 0.033529007907491595, 'subsample': 0.8647277071858408, 'colsample_bytree': 0.778494116634046, 'min_child_samples': 96, 'reg_alpha': 2.409409937265785e-07, 'reg_lambda': 1.1642073478060009}. Best is trial 0 with value: -0.022689283179520806.
[I 2026-06-01 11:04:32,354] Trial 4 finished with value: -0.07377884535028087 and parameters: {'confidence_threshold': 0.5623121348350352, 'training_days': 300, 'n_estimators': 69, 'max_depth': 4, 'num_leaves': 32, 'learning_rate': 0.14967629360700346, 'subsample': 0.5054535233636654, 'colsample_bytree': 0.7401385194659216, 'min_child_samples': 27, 'reg_alpha': 1.4212042567426725e-07, 'reg_lambda': 0.23605753701352003}. Best is trial 0 with value: -0.022689283179520806.
[I 2026-06-01 11:04:32,800] Trial 5 finished with value: -0.08886852793328658 and parameters: {'confidence_threshold': 0.7111850244908446, 'training_days': 490, 'n_estimators': 362, 'max_depth': 5, 'num_leaves': 40, 'learning_rate': 0.05960785724162737, 'subsample': 0.5589714368907717, 'colsample_bytree': 0.6659006943232806, 'min_child_samples': 42, 'reg_alpha': 0.6741360303045295, 'reg_lambda': 6.054601607143087e-08}. Best is trial 0 with value: -0.022689283179520806.
[I 2026-06-01 11:04:33,008] Trial 6 finished with value: -0.12695742621832337 and parameters: {'confidence_threshold': 0.667482545748023, 'training_days': 420, 'n_estimators': 279, 'max_depth': 3, 'num_leaves': 45, 'learning_rate': 0.040099592560849204, 'subsample': 0.8563114696415159, 'colsample_bytree': 0.5442917781944105, 'min_child_samples': 50, 'reg_alpha': 1.6407916423707903e-08, 'reg_lambda': 2.935907642973286e-05}. Best is trial 0 with value: -0.022689283179520806.
[I 2026-06-01 11:04:33,172] Trial 7 finished with value: 0.02302283789735002 and parameters: {'confidence_threshold': 0.5497381024139926, 'training_days': 120, 'n_estimators': 408, 'max_depth': 5, 'num_leaves': 38, 'learning_rate': 0.28049122657745795, 'subsample': 0.8806573338635493, 'colsample_bytree': 0.5454054113547102, 'min_child_samples': 63, 'reg_alpha': 0.01263008637940408, 'reg_lambda': 0.04588020805366937}. Best is trial 7 with value: 0.02302283789735002.
[I 2026-06-01 11:04:33,447] Trial 8 finished with value: -0.06277920236175913 and parameters: {'confidence_threshold': 0.719644804808716, 'training_days': 450, 'n_estimators': 410, 'max_depth': 4, 'num_leaves': 57, 'learning_rate': 0.04022026551478857, 'subsample': 0.5336085426932707, 'colsample_bytree': 0.5705742850577543, 'min_child_samples': 100, 'reg_alpha': 5.916398047912201e-07, 'reg_lambda': 0.9794034214488329}. Best is trial 7 with value: 0.02302283789735002.
