[I 2026-06-01 11:05:48,326] Trial 11 finished with value: 0.18965647296743385 and parameters: {'confidence_threshold': 0.7161090655475574, 'training_days': 330, 'n_estimators': 243, 'max_depth': 4, 'num_leaves': 61, 'learning_rate': 0.010418004616766478, 'subsample': 0.999465390980953, 'colsample_bytree': 0.8374910753955798, 'min_child_samples': 98, 'reg_alpha': 5.370415467243256, 'reg_lambda': 8.43884102267831e-06}. Best is trial 11 with value: 0.18965647296743385.

    [trial 14] Sharpe=-0.0908 (folds: 0.0334, -0.0159, -0.2070, -0.0440, -0.2203)
    [trial 15] 46 features, training_days=390 | threshold=0.542 | labels: 1004 long, 1167 short (46/54%)
    [trial 15] Sharpe=-0.0863 (folds: 0.0807, -0.1508, -0.1029, -0.0931, -0.1654)
    [trial 16] 46 features, training_days=340 | threshold=0.631 | labels: 1004 long, 1167 short (46/54%)
    [trial 16] Sharpe=-0.0033 (folds: 0.0032, -0.0651, 0.0272, -0.0840, 0.1022)
    [trial 17] 46 features, training_days=260 | threshold=0.787 | labels: 1004 long, 1167 short (46/54%)
    [trial 17] Sharpe=-0.0846 (folds: -0.0494, -0.1029, 0.0170, -0.0975, -0.1901)
  Optuna: 18 trials, best Sharpe = 0.0417
  Best params: n_estimators=212, max_depth=3, lr=0.1845, leaves=41
  Best confidence_threshold: 0.585
  Best training_days: 10
  Retrained on full data (30 samples, 46 features)
  OOD: 16 features, cutoff (q=0.7) = 14.06
  Model trained for 2024-09: 90 test candles with features, confidence_threshold=0.602
[predict] 2024-09-01 00:00 DOTUSDT → LONG (proba=0.71 TP=10.8%/SL=5.4%)
[trade:open] 2024-09-01 07:59 DOTUSDT LONG @ 4.20 | SL=3.97 TP=4.66 | timeout=2024-09-08 07:59
[trade:close] 2024-09-04 07:59 DOTUSDT LONG → stop_loss @ 3.97 | PnL=-5.41% (net -5.51%) | cum=+54.63% 2024-09=-5.51% 2024-09-04=-5.51%
[predict] 2024-09-13 16:00 DOTUSDT → LONG (proba=0.86 TP=7.7%/SL=3.8%)
[trade:open] 2024-09-13 23:59 DOTUSDT LONG @ 4.42 | SL=4.25 TP=4.76 | timeout=2024-09-20 23:59
[trade:close] 2024-09-16 07:59 DOTUSDT LONG → stop_loss @ 4.25 | PnL=-3.84% (net -3.94%) | cum=+50.69% 2024-09=-9.45% 2024-09-16=-3.94%
[predict] 2024-09-17 00:00 DOTUSDT → LONG (proba=0.84 TP=8.8%/SL=4.4%)
[trade:open] 2024-09-17 07:59 DOTUSDT LONG @ 4.20 | SL=4.02 TP=4.57 | timeout=2024-09-24 07:59
[trade:close] 2024-09-18 15:59 DOTUSDT LONG → stop_loss @ 4.02 | PnL=-4.40% (net -4.50%) | cum=+46.20% 2024-09=-13.95% 2024-09-18=-4.50%
[predict] 2024-09-19 08:00 DOTUSDT → LONG (proba=0.85 TP=9.6%/SL=4.8%)
[trade:open] 2024-09-19 15:59 DOTUSDT LONG @ 4.28 | SL=4.07 TP=4.68 | timeout=2024-09-26 15:59
[trade:close] 2024-09-24 23:59 DOTUSDT LONG → take_profit @ 4.68 | PnL=+9.56% (net +9.46%) | cum=+55.66% 2024-09=-4.49% 2024-09-24=+9.46%
[lgbm] === Training for 2024-10 ===
  Train window: 2022-10-01 → 2024-09-23
  2171 training samples from 1 symbols
  Samples per month: 2022-10: 93, 2022-11: 90, 2022-12: 93, 2023-01: 93, 2023-02: 84, 2023-03: 93, 2023-04: 90, 2023-05: 93, 2023-06: 90, 2023-07: 93, 2023-08: 93, 2023-09: 90, 2023-10: 93, 2023-11: 90, 2023-12: 93, 2024-01: 93, 2024-02: 87, 2024-03: 93, 2024-04: 90, 2024-05: 93, 2024-06: 90, 2024-07: 93, 2024-08: 93, 2024-09: 68
  [label] 2022-12-01 16:00 DOTUSDT entry=5.4060 → LONG | long=timeout(+0.27%) short=sl(-4.57%) | scanned=22 | no_tp→fwd_return=+0.3700
  [label] 2022-12-04 00:00 DOTUSDT entry=5.5750 → SHORT | long=sl(-4.20%) short=timeout(+5.32%) | scanned=22 | no_tp→fwd_return=-5.4170
  [label] 2022-12-07 16:00 DOTUSDT entry=5.2900 → SHORT | long=sl(-4.29%) short=timeout(+1.36%) | scanned=22 | no_tp→fwd_return=-1.4556
  [label] 2023-01-01 08:00 DOTUSDT entry=4.3350 → LONG | long=tp(+5.95%) short=sl(-3.13%) | scanned=8 | long_tp_only
  [label] 2023-02-23 00:00 DOTUSDT entry=7.3190 → SHORT | long=sl(-6.50%) short=tp(+12.70%) | scanned=8 | short_tp_only
  [label] 2023-08-08 00:00 DOTUSDT entry=4.9620 → LONG | long=timeout(-0.04%) short=timeout(-0.16%) | scanned=22 | no_tp→fwd_return=+0.0605
  [label] 2023-08-12 00:00 DOTUSDT entry=5.0070 → SHORT | long=sl(-2.36%) short=tp(+4.42%) | scanned=11 | short_tp_only
  [label] 2023-08-22 16:00 DOTUSDT entry=4.4210 → LONG | long=timeout(+5.62%) short=sl(-4.61%) | scanned=22 | no_tp→fwd_return=+5.7227
  [label] 2023-10-06 16:00 DOTUSDT entry=4.0650 → SHORT | long=sl(-2.98%) short=tp(+5.66%) | scanned=8 | short_tp_only
  [label] 2023-10-15 08:00 DOTUSDT entry=3.7360 → SHORT | long=sl(-2.95%) short=sl(-2.95%) | scanned=6 | no_tp→fwd_return=-1.1242
  [label] 2024-01-13 16:00 DOTUSDT entry=7.6140 → SHORT | long=sl(-8.70%) short=timeout(+9.15%) | scanned=22 | no_tp→fwd_return=-9.2461
  [label] 2024-02-14 16:00 DOTUSDT entry=7.6530 → SHORT | long=sl(-4.74%) short=sl(-4.74%) | scanned=20 | no_tp→fwd_return=-3.5280
  [label] 2024-03-02 00:00 DOTUSDT entry=8.9380 → LONG | long=tp(+14.37%) short=sl(-7.33%) | scanned=7 | long_tp_only
  [label] 2024-03-14 16:00 DOTUSDT entry=11.5670 → SHORT | long=sl(-9.36%) short=tp(+18.42%) | scanned=7 | short_tp_only
  [label] 2024-04-02 00:00 DOTUSDT entry=8.7490 → LONG | long=sl(-6.61%) short=timeout(-1.35%) | scanned=22 | no_tp→fwd_return=+1.2459
  [label] 2024-04-08 08:00 DOTUSDT entry=9.0280 → SHORT | long=sl(-5.08%) short=tp(+9.85%) | scanned=6 | short_tp_only
  [label] 2024-04-20 16:00 DOTUSDT entry=7.2360 → SHORT | long=sl(-8.71%) short=timeout(+5.86%) | scanned=22 | no_tp→fwd_return=-5.9563
  [label] 2024-05-30 08:00 DOTUSDT entry=7.0750 → LONG | long=timeout(+2.49%) short=timeout(-2.69%) | scanned=22 | no_tp→fwd_return=+2.5866
  [label] 2024-06-09 00:00 DOTUSDT entry=6.4180 → SHORT | long=sl(-6.14%) short=sl(-6.14%) | scanned=17 | no_tp→fwd_return=-4.0199
  [label] 2024-09-03 08:00 DOTUSDT entry=4.1030 → LONG | long=sl(-5.58%) short=sl(-5.58%) | scanned=19 | no_tp→fwd_return=+4.4358
  Labels: 1021 long (47.0%), 1150 short (53.0%) | weights: min=1.00, mean=3.99, max=10.00
  Features: 2171/2171 matched, 46 columns
  CV gap: 22 rows
  [ensemble 1/3] seed=42
    [trial 0] 46 features, training_days=480 | threshold=0.631 | labels: 1021 long, 1150 short (47/53%)
    [CV fold 0] train_end=2023-01-23 08:00 | val_start=2023-01-31 00:00 | gap=184h (22 rows)
    [CV fold 1] train_end=2023-05-23 16:00 | val_start=2023-05-31 08:00 | gap=184h (22 rows)
    [CV fold 2] train_end=2023-09-21 00:00 | val_start=2023-09-28 16:00 | gap=184h (22 rows)
    [CV fold 3] train_end=2024-01-19 08:00 | val_start=2024-01-27 00:00 | gap=184h (22 rows)
    [CV fold 4] train_end=2024-05-18 16:00 | val_start=2024-05-26 08:00 | gap=184h (22 rows)
    [trial 0] Sharpe=-0.0106 (folds: 0.1608, -0.2184, 0.0787, -0.0871, 0.0132)
    [trial 1] 46 features, training_days=420 | threshold=0.839 | labels: 1021 long, 1150 short (47/53%)
    [trial 1] Sharpe=-6.0123 (folds: 0.2274, -0.2889, -10.0000, -10.0000, -10.0000)
    [trial 2] 46 features, training_days=190 | threshold=0.602 | labels: 1021 long, 1150 short (47/53%)
    [trial 2] Sharpe=-0.0411 (folds: 0.1118, -0.1640, -0.0206, 0.1078, -0.2405)
    [trial 3] 46 features, training_days=490 | threshold=0.832 | labels: 1021 long, 1150 short (47/53%)
    [trial 3] Sharpe=0.0517 (folds: 0.1308, -0.2085, 0.0854, -0.0437, 0.2946)
    [trial 4] 46 features, training_days=340 | threshold=0.591 | labels: 1021 long, 1150 short (47/53%)
    [trial 4] Sharpe=0.0794 (folds: 0.2511, -0.0668, 0.0752, 0.2934, -0.1557)
    [trial 5] 46 features, training_days=50 | threshold=0.823 | labels: 1021 long, 1150 short (47/53%)
    [trial 5] Sharpe=-2.1196 (folds: 0.0203, -10.0000, -0.0984, 0.0795, -0.5993)
    [trial 6] 46 features, training_days=410 | threshold=0.549 | labels: 1021 long, 1150 short (47/53%)
    [trial 6] Sharpe=0.0423 (folds: 0.1355, -0.0165, 0.2125, 0.0209, -0.1411)
    [trial 7] 46 features, training_days=180 | threshold=0.526 | labels: 1021 long, 1150 short (47/53%)
    [trial 7] Sharpe=-0.0416 (folds: -0.0687, -0.1978, 0.0501, 0.2279, -0.2196)
    [trial 8] 46 features, training_days=240 | threshold=0.811 | labels: 1021 long, 1150 short (47/53%)
    [trial 8] Sharpe=-0.0197 (folds: 0.2921, -0.3055, -0.0732, 0.1908, -0.2030)
    [trial 9] 46 features, training_days=20 | threshold=0.538 | labels: 1021 long, 1150 short (47/53%)
    [trial 9] Sharpe=-2.1204 (folds: -0.1627, -10.0000, -0.0702, -0.1395, -0.2294)
    [trial 10] 46 features, training_days=350 | threshold=0.680 | labels: 1021 long, 1150 short (47/53%)
    [trial 10] Sharpe=0.0678 (folds: 0.2384, -0.0226, 0.0831, 0.2506, -0.2105)
    [trial 11] 46 features, training_days=330 | threshold=0.716 | labels: 1021 long, 1150 short (47/53%)
    [trial 11] Sharpe=0.1897 (folds: 0.3459, 0.0245, 0.4482, 0.2264, -0.0967)
    [trial 12] 46 features, training_days=320 | threshold=0.732 | labels: 1021 long, 1150 short (47/53%)[I 2026-06-01 11:05:48,502] Trial 12 finished with value: 0.022301928274808768 and parameters: {'confidence_threshold': 0.7320119217665193, 'training_days': 320, 'n_estimators': 236, 'max_depth': 4, 'num_leaves': 63, 'learning_rate': 0.01034516421369995, 'subsample': 0.9955029648729099, 'colsample_bytree': 0.8304278626461432, 'min_child_samples': 100, 'reg_alpha': 7.2784942089383495, 'reg_lambda': 8.798559565396065e-06}. Best is trial 11 with value: 0.18965647296743385.
[I 2026-06-01 11:05:48,761] Trial 13 finished with value: 0.003594379614348564 and parameters: {'confidence_threshold': 0.7321922500141939, 'training_days': 310, 'n_estimators': 207, 'max_depth': 4, 'num_leaves': 36, 'learning_rate': 0.01603405587855917, 'subsample': 0.8926693639590267, 'colsample_bytree': 0.9989214412813241, 'min_child_samples': 22, 'reg_alpha': 0.7997509548654934, 'reg_lambda': 3.9794797075090296e-05}. Best is trial 11 with value: 0.18965647296743385.
[I 2026-06-01 11:05:48,976] Trial 14 finished with value: -0.01690539146854808 and parameters: {'confidence_threshold': 0.679923654853914, 'training_days': 260, 'n_estimators': 311, 'max_depth': 4, 'num_leaves': 48, 'learning_rate': 0.010285750662444379, 'subsample': 0.9234837154885365, 'colsample_bytree': 0.824447639387103, 'min_child_samples': 88, 'reg_alpha': 0.2983284693351703, 'reg_lambda': 0.006308737670289537}. Best is trial 11 with value: 0.18965647296743385.
[I 2026-06-01 11:05:49,137] Trial 15 finished with value: 0.013903529396072978 and parameters: {'confidence_threshold': 0.5962642228843344, 'training_days': 390, 'n_estimators': 191, 'max_depth': 4, 'num_leaves': 57, 'learning_rate': 0.021138561953488115, 'subsample': 0.8414426363312887, 'colsample_bytree': 0.796772233764084, 'min_child_samples': 89, 'reg_alpha': 0.00032078289057053554, 'reg_lambda': 0.00012105028500647717}. Best is trial 11 with value: 0.18965647296743385.
[I 2026-06-01 11:05:49,359] Trial 16 finished with value: 0.01755566632222653 and parameters: {'confidence_threshold': 0.745940278468291, 'training_days': 260, 'n_estimators': 293, 'max_depth': 4, 'num_leaves': 33, 'learning_rate': 0.09806146822400062, 'subsample': 0.9397541766618512, 'colsample_bytree': 0.9826162589395974, 'min_child_samples': 90, 'reg_alpha': 0.7812511083114685, 'reg_lambda': 1.1399098574683838e-06}. Best is trial 11 with value: 0.18965647296743385.
[I 2026-06-01 11:05:49,453] Trial 17 finished with value: 0.07582934736579001 and parameters: {'confidence_threshold': 0.622186388565255, 'training_days': 140, 'n_estimators': 176, 'max_depth': 3, 'num_leaves': 42, 'learning_rate': 0.04302553031342478, 'subsample': 0.8366733523272174, 'colsample_bytree': 0.8803609155918469, 'min_child_samples': 79, 'reg_alpha': 0.001237983946562181, 'reg_lambda': 0.0010799683418335237}. Best is trial 11 with value: 0.18965647296743385.
[I 2026-06-01 11:05:49,775] A new study created in memory with name: no-name-f154ac92-3704-4a75-9f3d-7ad8d2734d9d
[I 2026-06-01 11:05:49,873] Trial 0 finished with value: -0.012328231135553692 and parameters: {'confidence_threshold': 0.7437642149592516, 'training_days': 150, 'n_estimators': 152, 'max_depth': 4, 'num_leaves': 50, 'learning_rate': 0.04216766425047743, 'subsample': 0.9903820991923078, 'colsample_bytree': 0.8424148692924316, 'min_child_samples': 58, 'reg_alpha': 3.381097259762742e-05, 'reg_lambda': 1.2263152961306247e-05}. Best is trial 0 with value: -0.012328231135553692.
[I 2026-06-01 11:05:49,941] Trial 1 finished with value: 0.046197746471169886 and parameters: {'confidence_threshold': 0.7551673975844145, 'training_days': 220, 'n_estimators': 76, 'max_depth': 4, 'num_leaves': 51, 'learning_rate': 0.018602118810743477, 'subsample': 0.5877258780737462, 'colsample_bytree': 0.7657756869209191, 'min_child_samples': 63, 'reg_alpha': 0.005123994170264194, 'reg_lambda': 0.44145470178120466}. Best is trial 1 with value: 0.046197746471169886.
[I 2026-06-01 11:05:50,206] Trial 2 finished with value: 0.0016925801113048145 and parameters: {'confidence_threshold': 0.7535593637012223, 'training_days': 310, 'n_estimators': 375, 'max_depth': 3, 'num_leaves': 32, 'learning_rate': 0.021735641882032388, 'subsample': 0.6468570231944146, 'colsample_bytree': 0.8154880619272439, 'min_child_samples': 27, 'reg_alpha': 8.004064028491336e-05, 'reg_lambda': 7.546835261630524e-05}. Best is trial 1 with value: 0.046197746471169886.
[I 2026-06-01 11:05:50,374] Trial 3 finished with value: -0.019537770032607593 and parameters: {'confidence_threshold': 0.6727897841776072, 'training_days': 220, 'n_estimators': 190, 'max_depth': 4, 'num_leaves': 58, 'learning_rate': 0.24810689332636193, 'subsample': 0.7509183379421682, 'colsample_bytree': 0.8119764758960556, 'min_child_samples': 29, 'reg_alpha': 7.1708285081421445e-06, 'reg_lambda': 5.412973582738627e-05}. Best is trial 1 with value: 0.046197746471169886.
[I 2026-06-01 11:05:50,496] Trial 4 finished with value: 0.019179456817860818 and parameters: {'confidence_threshold': 0.803208205259178, 'training_days': 130, 'n_estimators': 267, 'max_depth': 5, 'num_leaves': 40, 'learning_rate': 0.08041175317374143, 'subsample': 0.5603143329951619, 'colsample_bytree': 0.9131704002534167, 'min_child_samples': 68, 'reg_alpha': 0.0008046593428183385, 'reg_lambda': 1.2158346158765583e-05}. Best is trial 1 with value: 0.046197746471169886.
[I 2026-06-01 11:05:50,728] Trial 5 finished with value: -0.0391039586672039 and parameters: {'confidence_threshold': 0.6064422761595144, 'training_days': 210, 'n_estimators': 357, 'max_depth': 5, 'num_leaves': 40, 'learning_rate': 0.0974221287220869, 'subsample': 0.7929682762811064, 'colsample_bytree': 0.8124517510478, 'min_child_samples': 74, 'reg_alpha': 0.3811377260781234, 'reg_lambda': 5.607314238392041e-08}. Best is trial 1 with value: 0.046197746471169886.
[I 2026-06-01 11:05:50,838] Trial 6 finished with value: 0.011139479140455284 and parameters: {'confidence_threshold': 0.7672889945051684, 'training_days': 130, 'n_estimators': 137, 'max_depth': 4, 'num_leaves': 19, 'learning_rate': 0.2031117614248665, 'subsample': 0.8136244860256343, 'colsample_bytree': 0.8617081790949774, 'min_child_samples': 21, 'reg_alpha': 0.002238138278733199, 'reg_lambda': 0.001025809534977322}. Best is trial 1 with value: 0.046197746471169886.
[I 2026-06-01 11:05:50,911] Trial 7 finished with value: -0.0346582361029054 and parameters: {'confidence_threshold': 0.555635875450653, 'training_days': 80, 'n_estimators': 363, 'max_depth': 3, 'num_leaves': 48, 'learning_rate': 0.06590089024008658, 'subsample': 0.6944752870615722, 'colsample_bytree': 0.962566244806993, 'min_child_samples': 88, 'reg_alpha': 1.6465620446426067e-05, 'reg_lambda': 2.4678750890085655e-08}. Best is trial 1 with value: 0.046197746471169886.
[I 2026-06-01 11:05:51,241] Trial 8 finished with value: -0.06768269753951363 and parameters: {'confidence_threshold': 0.6066688256938841, 'training_days': 200, 'n_estimators': 367, 'max_depth': 5, 'num_leaves': 32, 'learning_rate': 0.13377519215934996, 'subsample': 0.7965884582811106, 'colsample_bytree': 0.8458508993500886, 'min_child_samples': 32, 'reg_alpha': 3.889436043816386e-05, 'reg_lambda': 1.4713062489380356e-06}. Best is trial 1 with value: 0.046197746471169886.
[I 2026-06-01 11:05:51,467] Trial 9 finished with value: 0.0022681145211510267 and parameters: {'confidence_threshold': 0.6202096049169137, 'training_days': 260, 'n_estimators': 350, 'max_depth': 3, 'num_leaves': 21, 'learning_rate': 0.02989540198065364, 'subsample': 0.8307821683331218, 'colsample_bytree': 0.923253112635361, 'min_child_samples': 64, 'reg_alpha': 0.4898604619604203, 'reg_lambda': 2.9076377687066166e-05}. Best is trial 1 with value: 0.046197746471169886.
[I 2026-06-01 11:05:51,894] Trial 10 finished with value: -2.0621436435823 and parameters: {'confidence_threshold': 0.8445241688507242, 'training_days': 470, 'n_estimators': 493, 'max_depth': 4, 'num_leaves': 63, 'learning_rate': 0.010221918552934462, 'subsample': 0.5019190721168774, 'colsample_bytree': 0.6202684210924141, 'min_child_samples': 47, 'reg_alpha': 2.371385268938747e-08, 'reg_lambda': 1.7987349911222597}. Best is trial 1 with value: 0.046197746471169886.
[I 2026-06-01 11:05:51,920] Trial 11 finished with value: -8.032537408998326 and parameters: {'confidence_threshold': 0.8371297552840329, 'training_days': 20, 'n_estimators': 51, 'max_depth': 5, 'num_leaves': 48, 'learning_rate': 0.015148209657231146, 'subsample': 0.5082312939353781, 'colsample_bytree': 0.6778283959364831, 'min_child_samples': 100, 'reg_alpha': 0.005164207989991991, 'reg_lambda': 0.011367411794870734}. Best is trial 1 with value: 0.046197746471169886.
[I 2026-06-01 11:05:52,135] Trial 12 finished with value: 0.02963098485733191 and parameters: {'confidence_threshold': 0.783608013908672, 'training_days': 350, 'n_estimators': 258, 'max_depth': 5, 'num_leaves': 38, 'learning_rate': 0.05809128784912797, 'subsample': 0.6032252901108627, 'colsample_bytree': 0.5060147833298425, 'min_child_samples': 75, 'reg_alpha': 0.01228710721755922, 'reg_lambda': 1.7055365254835695}. Best is trial 1 with value: 0.046197746471169886.
[I 2026-06-01 11:05:52,206] Trial 13 finished with value: -1.8849957940757485 and parameters: {'confidence_threshold': 0.7216410707571145, 'training_days': 350, 'n_estimators': 53, 'max_depth': 4, 'num_leaves': 31, 'learning_rate': 0.040170829739024715, 'subsample': 0.6169819644349327, 'colsample_bytree': 0.5391780337529043, 'min_child_samples': 81, 'reg_alpha': 0.04172994752531098, 'reg_lambda': 5.706576403563783}. Best is trial 1 with value: 0.046197746471169886.
[I 2026-06-01 11:05:52,501] Trial 14 finished with value: -0.011259523829586407 and parameters: {'confidence_threshold': 0.6877198994153934, 'training_days': 390, 'n_estimators': 236, 'max_depth': 5, 'num_leaves': 56, 'learning_rate': 0.027676057135866915, 'subsample': 0.629666193964792, 'colsample_bytree': 0.7101988997477608, 'min_child_samples': 49, 'reg_alpha': 0.021685755638079916, 'reg_lambda': 0.11628502709099567}. Best is trial 1 with value: 0.046197746471169886.
[I 2026-06-01 11:05:52,878] Trial 15 finished with value: 0.013356914855868323 and parameters: {'confidence_threshold': 0.7897652460704997, 'training_days': 420, 'n_estimators': 474, 'max_depth': 4, 'num_leaves': 44, 'learning_rate': 0.018656525833209613, 'subsample': 0.5710354091696083, 'colsample_bytree': 0.5093920150666754, 'min_child_samples': 54, 'reg_alpha': 8.19491302357714, 'reg_lambda': 0.2917290923225979}. Best is trial 1 with value: 0.046197746471169886.
[I 2026-06-01 11:05:52,988] Trial 16 finished with value: 0.06257587861943978 and parameters: {'confidence_threshold': 0.6986737646421867, 'training_days': 300, 'n_estimators': 123, 'max_depth': 4, 'num_leaves': 25, 'learning_rate': 0.04734750546511042, 'subsample': 0.6927561146005592, 'colsample_bytree': 0.6155885267093099, 'min_child_samples': 88, 'reg_alpha': 5.292044899879069e-07, 'reg_lambda': 0.00931197550811235}. Best is trial 16 with value: 0.06257587861943978.
[I 2026-06-01 11:05:53,077] Trial 17 finished with value: 0.03374327768669855 and parameters: {'confidence_threshold': 0.5004748807695347, 'training_days': 290, 'n_estimators': 108, 'max_depth': 4, 'num_leaves': 15, 'learning_rate': 0.011228759300838618, 'subsample': 0.6997306361459678, 'colsample_bytree': 0.6042669130757778, 'min_child_samples': 99, 'reg_alpha': 6.229602473892305e-07, 'reg_lambda': 0.004147168456156341}. Best is trial 16 with value: 0.06257587861943978.
[I 2026-06-01 11:05:53,413] A new study created in memory with name: no-name-ad5abe43-d76d-4cb9-aae7-e86b0a7b08e4
[I 2026-06-01 11:05:53,623] Trial 0 finished with value: 0.04221866002191129 and parameters: {'confidence_threshold': 0.5870645682749857, 'training_days': 90, 'n_estimators': 403, 'max_depth': 5, 'num_leaves': 45, 'learning_rate': 0.0780457193679974, 'subsample': 0.9428509515574568, 'colsample_bytree': 0.8795587339164916, 'min_child_samples': 34, 'reg_alpha': 2.2465901234314442e-07, 'reg_lambda': 8.339007036475363e-05}. Best is trial 0 with value: 0.04221866002191129.
[I 2026-06-01 11:05:53,737] Trial 1 finished with value: 0.03164022323979572 and parameters: {'confidence_threshold': 0.6348453934275313, 'training_days': 290, 'n_estimators': 115, 'max_depth': 5, 'num_leaves': 37, 'learning_rate': 0.06949568759029946, 'subsample': 0.8228505074024268, 'colsample_bytree': 0.8616703220431751, 'min_child_samples': 75, 'reg_alpha': 4.2486822725010923e-07, 'reg_lambda': 1.157247767047042e-07}. Best is trial 0 with value: 0.04221866002191129.
[I 2026-06-01 11:05:53,759] Trial 2 finished with value: -0.03117390394883905 and parameters: {'confidence_threshold': 0.5849570384370288, 'training_days': 10, 'n_estimators': 212, 'max_depth': 3, 'num_leaves': 41, 'learning_rate': 0.18452095998378365, 'subsample': 0.6001060822924371, 'colsample_bytree': 0.5673167293506167, 'min_child_samples': 37, 'reg_alpha': 5.733250064217131, 'reg_lambda': 0.5308454292595461}. Best is trial 0 with value: 0.04221866002191129.
