[I 2026-06-01 11:07:52,505] Trial 17 finished with value: 0.013682260164518529 and parameters: {'confidence_threshold': 0.5658786351507776, 'training_days': 330, 'n_estimators': 81, 'max_depth': 5, 'num_leaves': 36, 'learning_rate': 0.12135785328642616, 'subsample': 0.7544919614854775, 'colsample_bytree': 0.8976266059744504, 'min_child_samples': 53, 'reg_alpha': 7.284070645541434, 'reg_lambda': 2.4085904487321736e-08}. Best is trial 5 with value: 0.09743194764545389.
[I 2026-06-01 11:07:52,986] A new study created in memory with name: no-name-297a1acc-51f6-4181-931a-240c2221295d
[I 2026-06-01 11:07:53,195] Trial 0 finished with value: 0.028602209192627077 and parameters: {'confidence_threshold': 0.5870645682749857, 'training_days': 90, 'n_estimators': 403, 'max_depth': 5, 'num_leaves': 45, 'learning_rate': 0.0780457193679974, 'subsample': 0.9428509515574568, 'colsample_bytree': 0.8795587339164916, 'min_child_samples': 34, 'reg_alpha': 2.2465901234314442e-07, 'reg_lambda': 8.339007036475363e-05}. Best is trial 0 with value: 0.028602209192627077.
[I 2026-06-01 11:07:53,305] Trial 1 finished with value: 0.015375557137407122 and parameters: {'confidence_threshold': 0.6348453934275313, 'training_days': 290, 'n_estimators': 115, 'max_depth': 5, 'num_leaves': 37, 'learning_rate': 0.06949568759029946, 'subsample': 0.8228505074024268, 'colsample_bytree': 0.8616703220431751, 'min_child_samples': 75, 'reg_alpha': 4.2486822725010923e-07, 'reg_lambda': 1.157247767047042e-07}. Best is trial 0 with value: 0.028602209192627077.
[I 2026-06-01 11:07:53,328] Trial 2 finished with value: -0.09909708419854395 and parameters: {'confidence_threshold': 0.5849570384370288, 'training_days': 10, 'n_estimators': 212, 'max_depth': 3, 'num_leaves': 41, 'learning_rate': 0.18452095998378365, 'subsample': 0.6001060822924371, 'colsample_bytree': 0.5673167293506167, 'min_child_samples': 37, 'reg_alpha': 5.733250064217131, 'reg_lambda': 0.5308454292595461}. Best is trial 0 with value: 0.028602209192627077.
[I 2026-06-01 11:07:53,414] Trial 3 finished with value: 0.09099057453999101 and parameters: {'confidence_threshold': 0.6868248626683718, 'training_days': 220, 'n_estimators': 134, 'max_depth': 3, 'num_leaves': 45, 'learning_rate': 0.033529007907491595, 'subsample': 0.8647277071858408, 'colsample_bytree': 0.778494116634046, 'min_child_samples': 96, 'reg_alpha': 2.409409937265785e-07, 'reg_lambda': 1.1642073478060009}. Best is trial 3 with value: 0.09099057453999101.
[I 2026-06-01 11:07:53,502] Trial 4 finished with value: 0.008915747440102461 and parameters: {'confidence_threshold': 0.5623121348350352, 'training_days': 300, 'n_estimators': 69, 'max_depth': 4, 'num_leaves': 32, 'learning_rate': 0.14967629360700346, 'subsample': 0.5054535233636654, 'colsample_bytree': 0.7401385194659216, 'min_child_samples': 27, 'reg_alpha': 1.4212042567426725e-07, 'reg_lambda': 0.23605753701352003}. Best is trial 3 with value: 0.09099057453999101.
[I 2026-06-01 11:07:53,932] Trial 5 finished with value: 0.06960869075414243 and parameters: {'confidence_threshold': 0.7111850244908446, 'training_days': 490, 'n_estimators': 362, 'max_depth': 5, 'num_leaves': 40, 'learning_rate': 0.05960785724162737, 'subsample': 0.5589714368907717, 'colsample_bytree': 0.6659006943232806, 'min_child_samples': 42, 'reg_alpha': 0.6741360303045295, 'reg_lambda': 6.054601607143087e-08}. Best is trial 3 with value: 0.09099057453999101.
[I 2026-06-01 11:07:54,112] Trial 6 finished with value: 0.06652092140225752 and parameters: {'confidence_threshold': 0.667482545748023, 'training_days': 420, 'n_estimators': 279, 'max_depth': 3, 'num_leaves': 45, 'learning_rate': 0.040099592560849204, 'subsample': 0.8563114696415159, 'colsample_bytree': 0.5442917781944105, 'min_child_samples': 50, 'reg_alpha': 1.6407916423707903e-08, 'reg_lambda': 2.935907642973286e-05}. Best is trial 3 with value: 0.09099057453999101.
[I 2026-06-01 11:07:54,265] Trial 7 finished with value: -0.0020928945880554217 and parameters: {'confidence_threshold': 0.5497381024139926, 'training_days': 120, 'n_estimators': 408, 'max_depth': 5, 'num_leaves': 38, 'learning_rate': 0.28049122657745795, 'subsample': 0.8806573338635493, 'colsample_bytree': 0.5454054113547102, 'min_child_samples': 63, 'reg_alpha': 0.01263008637940408, 'reg_lambda': 0.04588020805366937}. Best is trial 3 with value: 0.09099057453999101.
[I 2026-06-01 11:07:54,547] Trial 8 finished with value: 0.053648425203995154 and parameters: {'confidence_threshold': 0.719644804808716, 'training_days': 450, 'n_estimators': 410, 'max_depth': 4, 'num_leaves': 57, 'learning_rate': 0.04022026551478857, 'subsample': 0.5336085426932707, 'colsample_bytree': 0.5705742850577543, 'min_child_samples': 100, 'reg_alpha': 5.916398047912201e-07, 'reg_lambda': 0.9794034214488329}. Best is trial 3 with value: 0.09099057453999101.
[I 2026-06-01 11:07:54,571] Trial 9 finished with value: -5.966273261585961 and parameters: {'confidence_threshold': 0.7267463643917187, 'training_days': 20, 'n_estimators': 337, 'max_depth': 5, 'num_leaves': 23, 'learning_rate': 0.022153031811454605, 'subsample': 0.6305627572358737, 'colsample_bytree': 0.6613413774216214, 'min_child_samples': 81, 'reg_alpha': 5.7638634029410314e-08, 'reg_lambda': 8.26603016764008}. Best is trial 3 with value: 0.09099057453999101.

    [trial 9] 46 features, training_days=20 | threshold=0.538 | labels: 996 long, 1175 short (46/54%)
    [trial 9] Sharpe=-0.0499 (folds: 0.1734, -0.2711, 0.1826, -0.0139, -0.3203)
    [trial 10] 46 features, training_days=350 | threshold=0.730 | labels: 996 long, 1175 short (46/54%)
    [trial 10] Sharpe=0.0663 (folds: 0.0587, 0.1116, 0.2227, -0.1502, 0.0889)
    [trial 11] 46 features, training_days=330 | threshold=0.736 | labels: 996 long, 1175 short (46/54%)
    [trial 11] Sharpe=0.0228 (folds: 0.0771, 0.0837, 0.0364, -0.1586, 0.0754)
    [trial 12] 46 features, training_days=480 | threshold=0.740 | labels: 996 long, 1175 short (46/54%)
    [trial 12] Sharpe=0.0670 (folds: 0.0053, 0.1222, 0.2333, 0.0062, -0.0319)
    [trial 13] 46 features, training_days=500 | threshold=0.758 | labels: 996 long, 1175 short (46/54%)
    [trial 13] Sharpe=0.0937 (folds: 0.0522, 0.1803, 0.2256, -0.0149, 0.0251)
    [trial 14] 46 features, training_days=500 | threshold=0.787 | labels: 996 long, 1175 short (46/54%)
    [trial 14] Sharpe=0.0771 (folds: 0.0342, 0.1723, 0.2179, -0.0623, 0.0234)
    [trial 15] 46 features, training_days=420 | threshold=0.675 | labels: 996 long, 1175 short (46/54%)
    [trial 15] Sharpe=0.0425 (folds: 0.0547, 0.0894, 0.1852, -0.0843, -0.0327)
    [trial 16] 46 features, training_days=270 | threshold=0.775 | labels: 996 long, 1175 short (46/54%)
    [trial 16] Sharpe=0.0513 (folds: 0.0498, 0.1728, 0.0886, -0.1737, 0.1188)
    [trial 17] 46 features, training_days=430 | threshold=0.676 | labels: 996 long, 1175 short (46/54%)
    [trial 17] Sharpe=0.0085 (folds: 0.2206, -0.1046, 0.0679, -0.0683, -0.0732)
  Optuna: 18 trials, best Sharpe = 0.1040
  Best params: n_estimators=414, max_depth=3, lr=0.1025, leaves=19
  Best confidence_threshold: 0.832
  Best training_days: 490
  Retrained on full data (1470 samples, 46 features)
  [ensemble 2/3] seed=123
    [trial 0] 46 features, training_days=150 | threshold=0.744 | labels: 996 long, 1175 short (46/54%)
    [CV fold 0] train_end=2023-10-23 08:00 | val_start=2023-10-31 00:00 | gap=184h (22 rows)
    [CV fold 1] train_end=2024-02-20 16:00 | val_start=2024-02-28 08:00 | gap=184h (22 rows)
    [CV fold 2] train_end=2024-06-20 00:00 | val_start=2024-06-27 16:00 | gap=184h (22 rows)
    [CV fold 3] train_end=2024-10-18 08:00 | val_start=2024-10-26 00:00 | gap=184h (22 rows)
    [CV fold 4] train_end=2025-02-15 16:00 | val_start=2025-02-23 08:00 | gap=184h (22 rows)
    [trial 0] Sharpe=0.0065 (folds: 0.1811, 0.0286, 0.0064, -0.2658, 0.0824)
    [trial 1] 46 features, training_days=220 | threshold=0.755 | labels: 996 long, 1175 short (46/54%)
    [trial 1] Sharpe=-0.1834 (folds: 0.2585, -0.7069, -0.3022, -0.2108, 0.0445)
    [trial 2] 46 features, training_days=310 | threshold=0.754 | labels: 996 long, 1175 short (46/54%)
    [trial 2] Sharpe=0.0333 (folds: 0.0431, 0.1575, 0.0468, -0.0929, 0.0122)
    [trial 3] 46 features, training_days=220 | threshold=0.673 | labels: 996 long, 1175 short (46/54%)
    [trial 3] Sharpe=0.0892 (folds: 0.0401, 0.0901, 0.1301, 0.0274, 0.1581)
    [trial 4] 46 features, training_days=130 | threshold=0.803 | labels: 996 long, 1175 short (46/54%)
    [trial 4] Sharpe=0.0689 (folds: 0.2086, 0.1539, 0.1596, -0.1642, -0.0133)
    [trial 5] 46 features, training_days=210 | threshold=0.606 | labels: 996 long, 1175 short (46/54%)
    [trial 5] Sharpe=0.0974 (folds: 0.1615, 0.0329, 0.1461, 0.0826, 0.0640)
    [trial 6] 46 features, training_days=130 | threshold=0.767 | labels: 996 long, 1175 short (46/54%)
    [trial 6] Sharpe=0.0065 (folds: 0.0599, 0.1884, 0.0672, -0.2233, -0.0596)
    [trial 7] 46 features, training_days=80 | threshold=0.556 | labels: 996 long, 1175 short (46/54%)
    [trial 7] Sharpe=-0.0576 (folds: -0.0588, -0.2851, 0.1270, -0.1251, 0.0542)
    [trial 8] 46 features, training_days=200 | threshold=0.607 | labels: 996 long, 1175 short (46/54%)
    [trial 8] Sharpe=0.0702 (folds: 0.0867, 0.0350, 0.1224, 0.0112, 0.0957)
    [trial 9] 46 features, training_days=260 | threshold=0.620 | labels: 996 long, 1175 short (46/54%)
    [trial 9] Sharpe=0.0011 (folds: 0.1505, 0.0449, 0.0107, -0.2373, 0.0368)
    [trial 10] 46 features, training_days=470 | threshold=0.534 | labels: 996 long, 1175 short (46/54%)
    [trial 10] Sharpe=0.0468 (folds: 0.1710, -0.0327, 0.1622, -0.1016, 0.0352)
    [trial 11] 46 features, training_days=360 | threshold=0.672 | labels: 996 long, 1175 short (46/54%)
    [trial 11] Sharpe=0.0629 (folds: 0.1607, 0.0530, 0.2183, -0.0994, -0.0184)
    [trial 12] 46 features, training_days=20 | threshold=0.673 | labels: 996 long, 1175 short (46/54%)
    [trial 12] Sharpe=-1.9858 (folds: 0.1734, -0.2711, 0.1826, -0.0139, -10.0000)
    [trial 13] 46 features, training_days=360 | threshold=0.611 | labels: 996 long, 1175 short (46/54%)
    [trial 13] Sharpe=0.0477 (folds: 0.0907, 0.0903, 0.1898, -0.1476, 0.0152)
    [trial 14] 46 features, training_days=280 | threshold=0.697 | labels: 996 long, 1175 short (46/54%)
    [trial 14] Sharpe=0.0285 (folds: 0.0522, 0.1014, 0.0892, -0.1718, 0.0714)
    [trial 15] 46 features, training_days=440 | threshold=0.503 | labels: 996 long, 1175 short (46/54%)
    [trial 15] Sharpe=0.0462 (folds: 0.1370, 0.0431, 0.1695, -0.1312, 0.0128)
    [trial 16] 46 features, training_days=190 | threshold=0.640 | labels: 996 long, 1175 short (46/54%)
    [trial 16] Sharpe=0.0879 (folds: 0.1460, 0.0469, 0.1944, 0.0024, 0.0496)
    [trial 17] 46 features, training_days=330 | threshold=0.566 | labels: 996 long, 1175 short (46/54%)
    [trial 17] Sharpe=0.0137 (folds: 0.1571, 0.0227, -0.0907, -0.1170, 0.0964)
  Optuna: 18 trials, best Sharpe = 0.0974
  Best params: n_estimators=357, max_depth=5, lr=0.0974, leaves=40
  Best confidence_threshold: 0.606
  Best training_days: 210
  Retrained on full data (630 samples, 46 features)
  [ensemble 3/3] seed=456
    [trial 0] 46 features, training_days=90 | threshold=0.587 | labels: 996 long, 1175 short (46/54%)
    [CV fold 0] train_end=2023-10-23 08:00 | val_start=2023-10-31 00:00 | gap=184h (22 rows)
    [CV fold 1] train_end=2024-02-20 16:00 | val_start=2024-02-28 08:00 | gap=184h (22 rows)
    [CV fold 2] train_end=2024-06-20 00:00 | val_start=2024-06-27 16:00 | gap=184h (22 rows)
    [CV fold 3] train_end=2024-10-18 08:00 | val_start=2024-10-26 00:00 | gap=184h (22 rows)
    [CV fold 4] train_end=2025-02-15 16:00 | val_start=2025-02-23 08:00 | gap=184h (22 rows)
    [trial 0] Sharpe=0.0286 (folds: 0.0559, -0.0624, 0.1130, 0.0134, 0.0232)
    [trial 1] 46 features, training_days=290 | threshold=0.635 | labels: 996 long, 1175 short (46/54%)
    [trial 1] Sharpe=0.0154 (folds: 0.1601, 0.0566, -0.0264, -0.1895, 0.0760)
    [trial 2] 46 features, training_days=10 | threshold=0.585 | labels: 996 long, 1175 short (46/54%)
    [trial 2] Sharpe=-0.0991 (folds: -0.1672, -0.2711, -0.1582, -0.0139, 0.1148)
    [trial 3] 46 features, training_days=220 | threshold=0.687 | labels: 996 long, 1175 short (46/54%)
    [trial 3] Sharpe=0.0910 (folds: 0.2423, -0.0157, 0.0854, -0.0535, 0.1964)
    [trial 4] 46 features, training_days=300 | threshold=0.562 | labels: 996 long, 1175 short (46/54%)
    [trial 4] Sharpe=0.0089 (folds: 0.0739, 0.1038, -0.0103, -0.1419, 0.0191)
    [trial 5] 46 features, training_days=490 | threshold=0.711 | labels: 996 long, 1175 short (46/54%)
    [trial 5] Sharpe=0.0696 (folds: 0.0576, 0.1082, 0.2018, -0.0345, 0.0149)
    [trial 6] 46 features, training_days=420 | threshold=0.667 | labels: 996 long, 1175 short (46/54%)
    [trial 6] Sharpe=0.0665 (folds: 0.1266, 0.0818, 0.2508, -0.1367, 0.0101)
    [trial 7] 46 features, training_days=120 | threshold=0.550 | labels: 996 long, 1175 short (46/54%)
    [trial 7] Sharpe=-0.0021 (folds: 0.0886, 0.0494, 0.0620, -0.1208, -0.0896)
    [trial 8] 46 features, training_days=450 | threshold=0.720 | labels: 996 long, 1175 short (46/54%)
    [trial 8] Sharpe=0.0536 (folds: 0.1777, 0.0541, 0.2269, -0.1497, -0.0408)
    [trial 9] 46 features, training_days=20 | threshold=0.727 | labels: 996 long, 1175 short (46/54%)
    [trial 9] Sharpe=-5.9663 (folds: -10.0000, -10.0000, 0.1826, -0.0139, -10.0000)
    [trial 10] 46 features, training_days=200 | threshold=0.828 | labels: 996 long, 1175 short (46/54%)[I 2026-06-01 11:07:54,673] Trial 10 finished with value: -10.0 and parameters: {'confidence_threshold': 0.8283920119574972, 'training_days': 200, 'n_estimators': 181, 'max_depth': 3, 'num_leaves': 62, 'learning_rate': 0.011579281028220855, 'subsample': 0.7130289643560688, 'colsample_bytree': 0.9944479338273263, 'min_child_samples': 100, 'reg_alpha': 6.837313901272251e-05, 'reg_lambda': 0.0027253228209330924}. Best is trial 3 with value: 0.09099057453999101.
[I 2026-06-01 11:07:55,094] Trial 11 finished with value: 0.09783834979781783 and parameters: {'confidence_threshold': 0.7766282449189577, 'training_days': 370, 'n_estimators': 478, 'max_depth': 4, 'num_leaves': 51, 'learning_rate': 0.022523073393840902, 'subsample': 0.7459055835274097, 'colsample_bytree': 0.7148395505787478, 'min_child_samples': 49, 'reg_alpha': 9.443402751011643, 'reg_lambda': 2.313463030717144e-08}. Best is trial 11 with value: 0.09783834979781783.
[I 2026-06-01 11:07:55,501] Trial 12 finished with value: 0.03871222136022802 and parameters: {'confidence_threshold': 0.8016884727846801, 'training_days': 360, 'n_estimators': 490, 'max_depth': 4, 'num_leaves': 52, 'learning_rate': 0.01924681962976845, 'subsample': 0.7376180335274016, 'colsample_bytree': 0.7975929811950214, 'min_child_samples': 62, 'reg_alpha': 5.113460481149383e-05, 'reg_lambda': 2.3719127535290438e-06}. Best is trial 11 with value: 0.09783834979781783.
[I 2026-06-01 11:07:55,789] Trial 13 finished with value: 0.10361600618204662 and parameters: {'confidence_threshold': 0.7586389545742787, 'training_days': 210, 'n_estimators': 494, 'max_depth': 4, 'num_leaves': 52, 'learning_rate': 0.023468126747120118, 'subsample': 0.9755936541801561, 'colsample_bytree': 0.7070224016584752, 'min_child_samples': 78, 'reg_alpha': 0.008164906512916936, 'reg_lambda': 0.004344943341578826}. Best is trial 13 with value: 0.10361600618204662.
[I 2026-06-01 11:07:56,157] Trial 14 finished with value: 0.07987631452117078 and parameters: {'confidence_threshold': 0.7723320301796328, 'training_days': 380, 'n_estimators': 500, 'max_depth': 4, 'num_leaves': 55, 'learning_rate': 0.011600747031899136, 'subsample': 0.9899969980887153, 'colsample_bytree': 0.6787930875866394, 'min_child_samples': 77, 'reg_alpha': 0.015042644132714044, 'reg_lambda': 0.0054998898062572155}. Best is trial 13 with value: 0.10361600618204662.
[I 2026-06-01 11:07:56,421] Trial 15 finished with value: 0.0275066688290992 and parameters: {'confidence_threshold': 0.7745695281411348, 'training_days': 170, 'n_estimators': 453, 'max_depth': 4, 'num_leaves': 51, 'learning_rate': 0.02132589475877155, 'subsample': 0.6862008322964953, 'colsample_bytree': 0.7168955525763715, 'min_child_samples': 53, 'reg_alpha': 0.04340666862925326, 'reg_lambda': 2.6353897221192067e-06}. Best is trial 13 with value: 0.10361600618204662.
[I 2026-06-01 11:07:56,746] Trial 16 finished with value: 0.10197489400654372 and parameters: {'confidence_threshold': 0.8496275701190671, 'training_days': 310, 'n_estimators': 297, 'max_depth': 4, 'num_leaves': 61, 'learning_rate': 0.017694738742564196, 'subsample': 0.7907604102401119, 'colsample_bytree': 0.8075251910385622, 'min_child_samples': 20, 'reg_alpha': 0.0010329320275400298, 'reg_lambda': 0.001350416259398458}. Best is trial 13 with value: 0.10361600618204662.
[I 2026-06-01 11:07:57,048] Trial 17 finished with value: 0.17799730750791995 and parameters: {'confidence_threshold': 0.8451854778611978, 'training_days': 270, 'n_estimators': 277, 'max_depth': 4, 'num_leaves': 63, 'learning_rate': 0.014399917848714062, 'subsample': 0.8002407697944357, 'colsample_bytree': 0.8518125223334315, 'min_child_samples': 22, 'reg_alpha': 0.0008059760040484764, 'reg_lambda': 0.001352150060975526}. Best is trial 17 with value: 0.17799730750791995.
[I 2026-06-01 11:07:57,801] A new study created in memory with name: no-name-ced11073-4b29-44e5-a537-7116b89c5de0
[I 2026-06-01 11:07:58,126] Trial 0 finished with value: 0.005702292982353677 and parameters: {'confidence_threshold': 0.6310890415965769, 'training_days': 480, 'n_estimators': 380, 'max_depth': 4, 'num_leaves': 22, 'learning_rate': 0.01699897838270077, 'subsample': 0.5290418060840998, 'colsample_bytree': 0.9330880728874675, 'min_child_samples': 68, 'reg_alpha': 0.023585940584142682, 'reg_lambda': 1.5320059381854043e-08}. Best is trial 0 with value: 0.005702292982353677.
[I 2026-06-01 11:07:58,238] Trial 1 finished with value: -5.938705231981747 and parameters: {'confidence_threshold': 0.839468448256698, 'training_days': 420, 'n_estimators': 145, 'max_depth': 3, 'num_leaves': 23, 'learning_rate': 0.028145092716060652, 'subsample': 0.762378215816119, 'colsample_bytree': 0.7159725093210578, 'min_child_samples': 43, 'reg_alpha': 0.0032112643094417484, 'reg_lambda': 1.8007140198129195e-07}. Best is trial 0 with value: 0.005702292982353677.
[I 2026-06-01 11:07:58,402] Trial 2 finished with value: -0.06777247553381298 and parameters: {'confidence_threshold': 0.6022506269873263, 'training_days': 190, 'n_estimators': 255, 'max_depth': 5, 'num_leaves': 24, 'learning_rate': 0.05748924681991978, 'subsample': 0.7962072844310213, 'colsample_bytree': 0.5232252063599989, 'min_child_samples': 69, 'reg_alpha': 3.425445902633376e-07, 'reg_lambda': 3.850031979199519e-08}. Best is trial 0 with value: 0.005702292982353677.
[I 2026-06-01 11:07:58,655] Trial 3 finished with value: -0.013728328302824588 and parameters: {'confidence_threshold': 0.8321099380386666, 'training_days': 490, 'n_estimators': 414, 'max_depth': 3, 'num_leaves': 19, 'learning_rate': 0.1024932221692416, 'subsample': 0.7200762468698007, 'colsample_bytree': 0.5610191174223894, 'min_child_samples': 60, 'reg_alpha': 2.039373116525212e-08, 'reg_lambda': 1.527156759251193}. Best is trial 0 with value: 0.005702292982353677.
[I 2026-06-01 11:07:58,810] Trial 4 finished with value: 0.016877781194619447 and parameters: {'confidence_threshold': 0.5905729935600059, 'training_days': 340, 'n_estimators': 190, 'max_depth': 4, 'num_leaves': 41, 'learning_rate': 0.01875220945578641, 'subsample': 0.9847923138822793, 'colsample_bytree': 0.8875664116805573, 'min_child_samples': 96, 'reg_alpha': 1.1309571585271483, 'reg_lambda': 0.002404915432737351}. Best is trial 4 with value: 0.016877781194619447.
[I 2026-06-01 11:07:58,851] Trial 5 finished with value: -0.10666593210581579 and parameters: {'confidence_threshold': 0.8226559822580909, 'training_days': 50, 'n_estimators': 138, 'max_depth': 3, 'num_leaves': 30, 'learning_rate': 0.03750796359625606, 'subsample': 0.6356745158869479, 'colsample_bytree': 0.9143687545759647, 'min_child_samples': 48, 'reg_alpha': 3.376063348877853e-06, 'reg_lambda': 0.0007660634613082914}. Best is trial 4 with value: 0.016877781194619447.
[I 2026-06-01 11:07:58,958] Trial 6 finished with value: 0.040773992399034176 and parameters: {'confidence_threshold': 0.5493234787411669, 'training_days': 410, 'n_estimators': 83, 'max_depth': 5, 'num_leaves': 52, 'learning_rate': 0.019657448966046126, 'subsample': 0.5027610585618012, 'colsample_bytree': 0.9077307142274171, 'min_child_samples': 77, 'reg_alpha': 0.03639690979811287, 'reg_lambda': 0.08738424135626986}. Best is trial 6 with value: 0.040773992399034176.
