[I 2026-06-01 11:06:40,784] Trial 10 finished with value: -0.013712572851769658 and parameters: {'confidence_threshold': 0.7301111584710253, 'training_days': 350, 'n_estimators': 487, 'max_depth': 4, 'num_leaves': 15, 'learning_rate': 0.1457937958927628, 'subsample': 0.6806559982209046, 'colsample_bytree': 0.5055805119629307, 'min_child_samples': 27, 'reg_alpha': 1.290626345465208e-08, 'reg_lambda': 8.530248590348572}. Best is trial 3 with value: 0.05756357922306712.

    [trial 15] Sharpe=0.0030 (folds: -0.0550, 0.0126, -0.1082, 0.2119, -0.0461)
    [trial 16] 46 features, training_days=380 | threshold=0.849 | labels: 1063 long, 1108 short (49/51%)
    [trial 16] Sharpe=-2.1440 (folds: -0.0799, 0.0128, -0.6029, -10.0000, -0.0502)
    [trial 17] 46 features, training_days=430 | threshold=0.749 | labels: 1063 long, 1108 short (49/51%)
    [trial 17] Sharpe=0.0162 (folds: -0.1080, -0.0627, -0.0706, 0.1353, 0.1871)
  Optuna: 18 trials, best Sharpe = 0.0481
  Best params: n_estimators=285, max_depth=4, lr=0.1097, leaves=60
  Best confidence_threshold: 0.761
  Best training_days: 370
  Retrained on full data (1110 samples, 46 features)
  OOD: 16 features, cutoff (q=0.7) = 13.71
  Model trained for 2025-01: 93 test candles with features, confidence_threshold=0.611
[trade:close] 2025-01-03 15:59 DOTUSDT SHORT → stop_loss @ 7.37 | PnL=-7.69% (net -7.79%) | cum=+52.50% 2025-01=-7.79% 2025-01-03=-7.79%
[predict] 2025-01-04 08:00 DOTUSDT → SHORT (proba=0.77 TP=13.6%/SL=6.8%)
[trade:open] 2025-01-04 15:59 DOTUSDT SHORT @ 7.68 | SL=8.21 TP=6.64 | timeout=2025-01-11 15:59
[trade:close] 2025-01-08 23:59 DOTUSDT SHORT → take_profit @ 6.64 | PnL=+13.57% (net +13.47%) | cum=+65.97% 2025-01=+5.68% 2025-01-08=+13.47%
[predict] 2025-01-10 16:00 DOTUSDT → LONG (proba=0.83 TP=16.6%/SL=8.3%)
[trade:open] 2025-01-10 23:59 DOTUSDT LONG @ 6.73 | SL=6.17 TP=7.84 | timeout=2025-01-17 23:59
[trade:close] 2025-01-13 15:59 DOTUSDT LONG → stop_loss @ 6.17 | PnL=-8.29% (net -8.39%) | cum=+57.58% 2025-01=-2.71% 2025-01-13=-8.39%
[predict] 2025-01-14 08:00 DOTUSDT → LONG (proba=0.61 TP=14.9%/SL=7.5%)
[trade:open] 2025-01-14 15:59 DOTUSDT LONG @ 6.52 | SL=6.03 TP=7.49 | timeout=2025-01-21 15:59
[trade:close] 2025-01-17 23:59 DOTUSDT LONG → take_profit @ 7.49 | PnL=+14.91% (net +14.81%) | cum=+72.39% 2025-01=+12.10% 2025-01-17=+14.81%
[predict] 2025-01-18 16:00 DOTUSDT → SHORT (proba=0.78 TP=14.6%/SL=7.3%)
[trade:open] 2025-01-18 23:59 DOTUSDT SHORT @ 7.04 | SL=7.55 TP=6.01 | timeout=2025-01-25 23:59
[trade:close] 2025-01-26 00:00 DOTUSDT SHORT → timeout @ 6.32 | PnL=+10.20% (net +10.10%) | cum=+82.49% 2025-01=+22.20% 2025-01-26=+10.10%
[predict] 2025-01-26 16:00 DOTUSDT → SHORT (proba=0.62 TP=13.5%/SL=6.8%)
[trade:open] 2025-01-26 23:59 DOTUSDT SHORT @ 6.17 | SL=6.59 TP=5.34 | timeout=2025-02-02 23:59
[lgbm] === Training for 2025-02 ===
  Train window: 2023-02-01 → 2025-01-24
  2171 training samples from 1 symbols
  Samples per month: 2023-02: 84, 2023-03: 93, 2023-04: 90, 2023-05: 93, 2023-06: 90, 2023-07: 93, 2023-08: 93, 2023-09: 90, 2023-10: 93, 2023-11: 90, 2023-12: 93, 2024-01: 93, 2024-02: 87, 2024-03: 93, 2024-04: 90, 2024-05: 93, 2024-06: 90, 2024-07: 93, 2024-08: 93, 2024-09: 90, 2024-10: 93, 2024-11: 90, 2024-12: 93, 2025-01: 71
  [label] 2023-04-03 16:00 DOTUSDT entry=6.4150 → SHORT | long=sl(-5.08%) short=timeout(+1.93%) | scanned=22 | no_tp→fwd_return=-2.0265
  [label] 2023-04-06 00:00 DOTUSDT entry=6.3030 → LONG | long=timeout(+1.61%) short=timeout(-1.81%) | scanned=22 | no_tp→fwd_return=+1.7135
  [label] 2023-04-09 16:00 DOTUSDT entry=6.2070 → LONG | long=tp(+7.43%) short=sl(-3.86%) | scanned=13 | long_tp_only
  [label] 2023-05-04 08:00 DOTUSDT entry=5.6610 → SHORT | long=sl(-4.29%) short=sl(-4.29%) | scanned=11 | no_tp→fwd_return=-4.8931
  [label] 2023-06-26 00:00 DOTUSDT entry=5.1820 → LONG | long=sl(-4.97%) short=sl(-4.97%) | scanned=20 | no_tp→fwd_return=+6.0208
  [label] 2023-12-09 00:00 DOTUSDT entry=7.5680 → SHORT | long=sl(-6.63%) short=tp(+12.96%) | scanned=6 | short_tp_only
  [label] 2023-12-13 00:00 DOTUSDT entry=6.7700 → LONG | long=timeout(+1.88%) short=sl(-10.39%) | scanned=22 | no_tp→fwd_return=+1.9793
  [label] 2023-12-23 16:00 DOTUSDT entry=8.3330 → LONG | long=timeout(+0.16%) short=sl(-8.52%) | scanned=22 | no_tp→fwd_return=+0.2640
  [label] 2024-02-06 16:00 DOTUSDT entry=6.8080 → LONG | long=tp(+8.57%) short=sl(-4.44%) | scanned=19 | long_tp_only
  [label] 2024-02-15 08:00 DOTUSDT entry=7.8010 → SHORT | long=sl(-4.94%) short=timeout(+2.77%) | scanned=22 | no_tp→fwd_return=-2.8714
  [label] 2024-05-15 16:00 DOTUSDT entry=6.9570 → LONG | long=tp(+9.88%) short=sl(-5.09%) | scanned=16 | long_tp_only
  [label] 2024-06-16 16:00 DOTUSDT entry=6.3930 → SHORT | long=sl(-5.02%) short=tp(+9.75%) | scanned=4 | short_tp_only
  [label] 2024-07-03 00:00 DOTUSDT entry=6.3000 → SHORT | long=sl(-5.19%) short=tp(+10.08%) | scanned=4 | short_tp_only
  [label] 2024-07-15 16:00 DOTUSDT entry=6.4830 → SHORT | long=sl(-5.15%) short=timeout(+5.93%) | scanned=22 | no_tp→fwd_return=-6.0312
  [label] 2024-08-03 00:00 DOTUSDT entry=5.1780 → SHORT | long=sl(-6.27%) short=tp(+12.23%) | scanned=5 | short_tp_only
  [label] 2024-08-09 08:00 DOTUSDT entry=4.7550 → SHORT | long=sl(-8.52%) short=timeout(+10.54%) | scanned=22 | no_tp→fwd_return=-10.6414
  [label] 2024-08-21 16:00 DOTUSDT entry=4.6610 → SHORT | long=sl(-4.89%) short=sl(-4.89%) | scanned=18 | no_tp→fwd_return=-6.1575
  [label] 2024-09-30 08:00 DOTUSDT entry=4.5130 → SHORT | long=sl(-5.12%) short=tp(+9.93%) | scanned=4 | short_tp_only
  [label] 2024-10-10 00:00 DOTUSDT entry=4.0370 → LONG | long=tp(+8.82%) short=sl(-4.56%) | scanned=14 | long_tp_only
  [label] 2025-01-04 08:00 DOTUSDT entry=7.6850 → SHORT | long=sl(-6.88%) short=tp(+13.47%) | scanned=13 | short_tp_only
  Labels: 1016 long (46.8%), 1155 short (53.2%) | weights: min=1.00, mean=3.20, max=10.00
  Features: 2171/2171 matched, 46 columns
  CV gap: 22 rows
  [ensemble 1/3] seed=42
    [trial 0] 46 features, training_days=480 | threshold=0.631 | labels: 1016 long, 1155 short (47/53%)
    [CV fold 0] train_end=2023-05-26 08:00 | val_start=2023-06-03 00:00 | gap=184h (22 rows)
    [CV fold 1] train_end=2023-09-23 16:00 | val_start=2023-10-01 08:00 | gap=184h (22 rows)
    [CV fold 2] train_end=2024-01-22 00:00 | val_start=2024-01-29 16:00 | gap=184h (22 rows)
    [CV fold 3] train_end=2024-05-21 08:00 | val_start=2024-05-29 00:00 | gap=184h (22 rows)
    [CV fold 4] train_end=2024-09-18 16:00 | val_start=2024-09-26 08:00 | gap=184h (22 rows)
    [trial 0] Sharpe=0.0448 (folds: -0.1162, -0.0384, 0.2580, 0.0137, 0.1070)
    [trial 1] 46 features, training_days=420 | threshold=0.839 | labels: 1016 long, 1155 short (47/53%)
    [trial 1] Sharpe=-5.9911 (folds: -0.0422, 0.0866, -10.0000, -10.0000, -10.0000)
    [trial 2] 46 features, training_days=190 | threshold=0.602 | labels: 1016 long, 1155 short (47/53%)
    [trial 2] Sharpe=-0.0203 (folds: -0.0632, -0.0228, 0.1396, -0.1476, -0.0075)
    [trial 3] 46 features, training_days=490 | threshold=0.832 | labels: 1016 long, 1155 short (47/53%)
    [trial 3] Sharpe=0.0576 (folds: -0.1061, -0.0227, 0.2304, 0.2288, -0.0427)
    [trial 4] 46 features, training_days=340 | threshold=0.591 | labels: 1016 long, 1155 short (47/53%)
    [trial 4] Sharpe=-0.0183 (folds: -0.1355, 0.0389, 0.1498, -0.1123, -0.0326)
    [trial 5] 46 features, training_days=50 | threshold=0.823 | labels: 1016 long, 1155 short (47/53%)
    [trial 5] Sharpe=-0.1385 (folds: -0.2424, -0.1221, 0.0763, -0.3967, -0.0079)
    [trial 6] 46 features, training_days=410 | threshold=0.549 | labels: 1016 long, 1155 short (47/53%)
    [trial 6] Sharpe=-0.0046 (folds: -0.1304, 0.0345, 0.1138, -0.1481, 0.1074)
    [trial 7] 46 features, training_days=180 | threshold=0.526 | labels: 1016 long, 1155 short (47/53%)
    [trial 7] Sharpe=-0.0209 (folds: -0.1049, 0.0429, 0.1953, -0.1950, -0.0427)
    [trial 8] 46 features, training_days=240 | threshold=0.811 | labels: 1016 long, 1155 short (47/53%)
    [trial 8] Sharpe=-0.0449 (folds: -0.0448, 0.0073, 0.1501, -0.2276, -0.1095)
    [trial 9] 46 features, training_days=20 | threshold=0.538 | labels: 1016 long, 1155 short (47/53%)
    [trial 9] Sharpe=-2.0674 (folds: -10.0000, -0.0771, -0.1090, -0.2072, 0.0564)
    [trial 10] 46 features, training_days=350 | threshold=0.730 | labels: 1016 long, 1155 short (47/53%)
    [trial 10] Sharpe=-0.0137 (folds: -0.0881, -0.0170, 0.0853, -0.0520, 0.0033)
    [trial 11] 46 features, training_days=490 | threshold=0.695 | labels: 1016 long, 1155 short (47/53%)
    [trial 11] Sharpe=-0.0314 (folds: -0.0615, 0.0079, 0.1720, -0.2176, -0.0579)[I 2026-06-01 11:06:41,172] Trial 11 finished with value: -0.031415341029610425 and parameters: {'confidence_threshold': 0.6954836557727516, 'training_days': 490, 'n_estimators': 420, 'max_depth': 4, 'num_leaves': 15, 'learning_rate': 0.010397937137834207, 'subsample': 0.5780545957082475, 'colsample_bytree': 0.8242066785264957, 'min_child_samples': 55, 'reg_alpha': 3.662834835098572, 'reg_lambda': 7.868729181011707e-06}. Best is trial 3 with value: 0.05756357922306712.
[I 2026-06-01 11:06:41,479] Trial 12 finished with value: 0.06602221324336066 and parameters: {'confidence_threshold': 0.6403606747603232, 'training_days': 480, 'n_estimators': 366, 'max_depth': 4, 'num_leaves': 30, 'learning_rate': 0.09894162917596783, 'subsample': 0.7117645261261729, 'colsample_bytree': 0.9958605161679226, 'min_child_samples': 89, 'reg_alpha': 0.00018189806683590785, 'reg_lambda': 1.4289813315801497e-05}. Best is trial 12 with value: 0.06602221324336066.
[I 2026-06-01 11:06:41,703] Trial 13 finished with value: 0.04076952820341447 and parameters: {'confidence_threshold': 0.7560688345775685, 'training_days': 500, 'n_estimators': 314, 'max_depth': 3, 'num_leaves': 32, 'learning_rate': 0.10036282443683886, 'subsample': 0.7089578143730195, 'colsample_bytree': 0.9995061576712952, 'min_child_samples': 96, 'reg_alpha': 5.455813891552554e-05, 'reg_lambda': 2.1573112424412734e-05}. Best is trial 12 with value: 0.06602221324336066.
[I 2026-06-01 11:06:41,967] Trial 14 finished with value: -0.00026706639503975004 and parameters: {'confidence_threshold': 0.6613117499385245, 'training_days': 340, 'n_estimators': 462, 'max_depth': 3, 'num_leaves': 31, 'learning_rate': 0.10497785195969074, 'subsample': 0.8322030868654304, 'colsample_bytree': 0.6112427354479634, 'min_child_samples': 84, 'reg_alpha': 2.3334023785893844e-08, 'reg_lambda': 6.551588619002162}. Best is trial 12 with value: 0.06602221324336066.
[I 2026-06-01 11:06:42,357] Trial 15 finished with value: 0.0432612952542553 and parameters: {'confidence_threshold': 0.7665338230552187, 'training_days': 420, 'n_estimators': 389, 'max_depth': 4, 'num_leaves': 61, 'learning_rate': 0.2811790455878181, 'subsample': 0.705849595189345, 'colsample_bytree': 0.8100744538922787, 'min_child_samples': 33, 'reg_alpha': 0.0003203063154644109, 'reg_lambda': 1.3583527665352107e-05}. Best is trial 12 with value: 0.06602221324336066.
[I 2026-06-01 11:06:42,518] Trial 16 finished with value: -0.04131608277134306 and parameters: {'confidence_threshold': 0.6827079386237026, 'training_days': 290, 'n_estimators': 246, 'max_depth': 3, 'num_leaves': 27, 'learning_rate': 0.15013971957309138, 'subsample': 0.8649514202852936, 'colsample_bytree': 0.5885751450285728, 'min_child_samples': 89, 'reg_alpha': 6.5552087161904225e-06, 'reg_lambda': 0.23529158002820744}. Best is trial 12 with value: 0.06602221324336066.
[I 2026-06-01 11:06:42,742] Trial 17 finished with value: -0.015086761751341915 and parameters: {'confidence_threshold': 0.7276970718094078, 'training_days': 120, 'n_estimators': 319, 'max_depth': 4, 'num_leaves': 35, 'learning_rate': 0.07530437307582499, 'subsample': 0.939750397944035, 'colsample_bytree': 0.9956385980717998, 'min_child_samples': 70, 'reg_alpha': 1.2789157821493188e-07, 'reg_lambda': 1.493656852319989e-06}. Best is trial 12 with value: 0.06602221324336066.
[I 2026-06-01 11:06:43,290] A new study created in memory with name: no-name-1cc60e8a-2634-42ba-a1ae-b92d272f3c97
[I 2026-06-01 11:06:43,384] Trial 0 finished with value: -0.018396507693869708 and parameters: {'confidence_threshold': 0.7437642149592516, 'training_days': 150, 'n_estimators': 152, 'max_depth': 4, 'num_leaves': 50, 'learning_rate': 0.04216766425047743, 'subsample': 0.9903820991923078, 'colsample_bytree': 0.8424148692924316, 'min_child_samples': 58, 'reg_alpha': 3.381097259762742e-05, 'reg_lambda': 1.2263152961306247e-05}. Best is trial 0 with value: -0.018396507693869708.
[I 2026-06-01 11:06:43,457] Trial 1 finished with value: 0.19208645985303205 and parameters: {'confidence_threshold': 0.7551673975844145, 'training_days': 220, 'n_estimators': 76, 'max_depth': 4, 'num_leaves': 51, 'learning_rate': 0.018602118810743477, 'subsample': 0.5877258780737462, 'colsample_bytree': 0.7657756869209191, 'min_child_samples': 63, 'reg_alpha': 0.005123994170264194, 'reg_lambda': 0.44145470178120466}. Best is trial 1 with value: 0.19208645985303205.
[I 2026-06-01 11:06:43,709] Trial 2 finished with value: 0.05065851246430571 and parameters: {'confidence_threshold': 0.7535593637012223, 'training_days': 310, 'n_estimators': 375, 'max_depth': 3, 'num_leaves': 32, 'learning_rate': 0.021735641882032388, 'subsample': 0.6468570231944146, 'colsample_bytree': 0.8154880619272439, 'min_child_samples': 27, 'reg_alpha': 8.004064028491336e-05, 'reg_lambda': 7.546835261630524e-05}. Best is trial 1 with value: 0.19208645985303205.
[I 2026-06-01 11:06:43,882] Trial 3 finished with value: -0.026656897817693613 and parameters: {'confidence_threshold': 0.6727897841776072, 'training_days': 220, 'n_estimators': 190, 'max_depth': 4, 'num_leaves': 58, 'learning_rate': 0.24810689332636193, 'subsample': 0.7509183379421682, 'colsample_bytree': 0.8119764758960556, 'min_child_samples': 29, 'reg_alpha': 7.1708285081421445e-06, 'reg_lambda': 5.412973582738627e-05}. Best is trial 1 with value: 0.19208645985303205.
[I 2026-06-01 11:06:43,996] Trial 4 finished with value: -0.03132014654981523 and parameters: {'confidence_threshold': 0.803208205259178, 'training_days': 130, 'n_estimators': 267, 'max_depth': 5, 'num_leaves': 40, 'learning_rate': 0.08041175317374143, 'subsample': 0.5603143329951619, 'colsample_bytree': 0.9131704002534167, 'min_child_samples': 68, 'reg_alpha': 0.0008046593428183385, 'reg_lambda': 1.2158346158765583e-05}. Best is trial 1 with value: 0.19208645985303205.
[I 2026-06-01 11:06:44,244] Trial 5 finished with value: -0.02956989005878529 and parameters: {'confidence_threshold': 0.6064422761595144, 'training_days': 210, 'n_estimators': 357, 'max_depth': 5, 'num_leaves': 40, 'learning_rate': 0.0974221287220869, 'subsample': 0.7929682762811064, 'colsample_bytree': 0.8124517510478, 'min_child_samples': 74, 'reg_alpha': 0.3811377260781234, 'reg_lambda': 5.607314238392041e-08}. Best is trial 1 with value: 0.19208645985303205.
[I 2026-06-01 11:06:44,350] Trial 6 finished with value: -0.04242033700039398 and parameters: {'confidence_threshold': 0.7672889945051684, 'training_days': 130, 'n_estimators': 137, 'max_depth': 4, 'num_leaves': 19, 'learning_rate': 0.2031117614248665, 'subsample': 0.8136244860256343, 'colsample_bytree': 0.8617081790949774, 'min_child_samples': 21, 'reg_alpha': 0.002238138278733199, 'reg_lambda': 0.001025809534977322}. Best is trial 1 with value: 0.19208645985303205.
[I 2026-06-01 11:06:44,420] Trial 7 finished with value: -0.07513990683712028 and parameters: {'confidence_threshold': 0.555635875450653, 'training_days': 80, 'n_estimators': 363, 'max_depth': 3, 'num_leaves': 48, 'learning_rate': 0.06590089024008658, 'subsample': 0.6944752870615722, 'colsample_bytree': 0.962566244806993, 'min_child_samples': 88, 'reg_alpha': 1.6465620446426067e-05, 'reg_lambda': 2.4678750890085655e-08}. Best is trial 1 with value: 0.19208645985303205.
[I 2026-06-01 11:06:44,759] Trial 8 finished with value: -0.0205110299444623 and parameters: {'confidence_threshold': 0.6066688256938841, 'training_days': 200, 'n_estimators': 367, 'max_depth': 5, 'num_leaves': 32, 'learning_rate': 0.13377519215934996, 'subsample': 0.7965884582811106, 'colsample_bytree': 0.8458508993500886, 'min_child_samples': 32, 'reg_alpha': 3.889436043816386e-05, 'reg_lambda': 1.4713062489380356e-06}. Best is trial 1 with value: 0.19208645985303205.
[I 2026-06-01 11:06:44,972] Trial 9 finished with value: -0.036533889330486916 and parameters: {'confidence_threshold': 0.6202096049169137, 'training_days': 260, 'n_estimators': 350, 'max_depth': 3, 'num_leaves': 21, 'learning_rate': 0.02989540198065364, 'subsample': 0.8307821683331218, 'colsample_bytree': 0.923253112635361, 'min_child_samples': 64, 'reg_alpha': 0.4898604619604203, 'reg_lambda': 2.9076377687066166e-05}. Best is trial 1 with value: 0.19208645985303205.
[I 2026-06-01 11:06:45,392] Trial 10 finished with value: -3.973366132959451 and parameters: {'confidence_threshold': 0.8445241688507242, 'training_days': 470, 'n_estimators': 493, 'max_depth': 4, 'num_leaves': 63, 'learning_rate': 0.010221918552934462, 'subsample': 0.5019190721168774, 'colsample_bytree': 0.6202684210924141, 'min_child_samples': 47, 'reg_alpha': 2.371385268938747e-08, 'reg_lambda': 1.7987349911222597}. Best is trial 1 with value: 0.19208645985303205.
[I 2026-06-01 11:06:45,460] Trial 11 finished with value: -6.079117760473597 and parameters: {'confidence_threshold': 0.7162109107873752, 'training_days': 360, 'n_estimators': 51, 'max_depth': 3, 'num_leaves': 28, 'learning_rate': 0.016298143265808546, 'subsample': 0.6391782689059778, 'colsample_bytree': 0.6900063486364282, 'min_child_samples': 42, 'reg_alpha': 0.01799493661729836, 'reg_lambda': 0.029771765343273634}. Best is trial 1 with value: 0.19208645985303205.
[I 2026-06-01 11:06:45,690] Trial 12 finished with value: -0.018621621608219514 and parameters: {'confidence_threshold': 0.6776559669413387, 'training_days': 340, 'n_estimators': 484, 'max_depth': 3, 'num_leaves': 47, 'learning_rate': 0.02392651870535563, 'subsample': 0.6166545294095858, 'colsample_bytree': 0.5096458353191796, 'min_child_samples': 100, 'reg_alpha': 1.0994405170068853e-07, 'reg_lambda': 0.005070761005041337}. Best is trial 1 with value: 0.19208645985303205.
[I 2026-06-01 11:06:45,715] Trial 13 finished with value: -4.027760017886173 and parameters: {'confidence_threshold': 0.789718509378323, 'training_days': 10, 'n_estimators': 53, 'max_depth': 3, 'num_leaves': 32, 'learning_rate': 0.014472572446935365, 'subsample': 0.6637554456572594, 'colsample_bytree': 0.7361824510546084, 'min_child_samples': 51, 'reg_alpha': 0.024510194560445127, 'reg_lambda': 1.6768007566464287}. Best is trial 1 with value: 0.19208645985303205.
[I 2026-06-01 11:06:45,912] Trial 14 finished with value: -0.056153701935153524 and parameters: {'confidence_threshold': 0.6990760489990013, 'training_days': 310, 'n_estimators': 288, 'max_depth': 4, 'num_leaves': 56, 'learning_rate': 0.03629583630175215, 'subsample': 0.571097323615661, 'colsample_bytree': 0.6518033017634928, 'min_child_samples': 78, 'reg_alpha': 8.70158361284731e-07, 'reg_lambda': 0.07597426064842482}. Best is trial 1 with value: 0.19208645985303205.
[I 2026-06-01 11:06:46,315] Trial 15 finished with value: -0.016173416821879134 and parameters: {'confidence_threshold': 0.8413262323766814, 'training_days': 390, 'n_estimators': 436, 'max_depth': 4, 'num_leaves': 25, 'learning_rate': 0.018204174012129166, 'subsample': 0.507007918467014, 'colsample_bytree': 0.738971151174427, 'min_child_samples': 41, 'reg_alpha': 3.7633185646040874, 'reg_lambda': 0.000509991167183613}. Best is trial 1 with value: 0.19208645985303205.
[I 2026-06-01 11:06:46,501] Trial 16 finished with value: -3.9676498852674245 and parameters: {'confidence_threshold': 0.7409550081665428, 'training_days': 440, 'n_estimators': 253, 'max_depth': 3, 'num_leaves': 15, 'learning_rate': 0.010431680817577445, 'subsample': 0.709405702767483, 'colsample_bytree': 0.5489148768447338, 'min_child_samples': 56, 'reg_alpha': 0.006106483528250097, 'reg_lambda': 7.115031423141183}. Best is trial 1 with value: 0.19208645985303205.
[I 2026-06-01 11:06:46,808] Trial 17 finished with value: -0.025770162683056274 and parameters: {'confidence_threshold': 0.5004748807695347, 'training_days': 290, 'n_estimators': 415, 'max_depth': 5, 'num_leaves': 36, 'learning_rate': 0.025209516166245612, 'subsample': 0.589973633162768, 'colsample_bytree': 0.7668145962665067, 'min_child_samples': 84, 'reg_alpha': 0.00012049055891095565, 'reg_lambda': 6.536602842883305e-07}. Best is trial 1 with value: 0.19208645985303205.
[I 2026-06-01 11:06:47,159] A new study created in memory with name: no-name-7179d0fd-bdc1-42e0-8e4f-6eb6f2788c75
[I 2026-06-01 11:06:47,361] Trial 0 finished with value: 0.0006802395274536771 and parameters: {'confidence_threshold': 0.5870645682749857, 'training_days': 90, 'n_estimators': 403, 'max_depth': 5, 'num_leaves': 45, 'learning_rate': 0.0780457193679974, 'subsample': 0.9428509515574568, 'colsample_bytree': 0.8795587339164916, 'min_child_samples': 34, 'reg_alpha': 2.2465901234314442e-07, 'reg_lambda': 8.339007036475363e-05}. Best is trial 0 with value: 0.0006802395274536771.
[I 2026-06-01 11:06:47,472] Trial 1 finished with value: -0.036190956325914195 and parameters: {'confidence_threshold': 0.6348453934275313, 'training_days': 290, 'n_estimators': 115, 'max_depth': 5, 'num_leaves': 37, 'learning_rate': 0.06949568759029946, 'subsample': 0.8228505074024268, 'colsample_bytree': 0.8616703220431751, 'min_child_samples': 75, 'reg_alpha': 4.2486822725010923e-07, 'reg_lambda': 1.157247767047042e-07}. Best is trial 0 with value: 0.0006802395274536771.
