[I 2026-06-01 11:03:18,205] Trial 3 finished with value: -0.01542601463237613 and parameters: {'confidence_threshold': 0.6727897841776072, 'training_days': 220, 'n_estimators': 190, 'max_depth': 4, 'num_leaves': 58, 'learning_rate': 0.24810689332636193, 'subsample': 0.7509183379421682, 'colsample_bytree': 0.8119764758960556, 'min_child_samples': 29, 'reg_alpha': 7.1708285081421445e-06, 'reg_lambda': 5.412973582738627e-05}. Best is trial 0 with value: 0.031787948516644945.

  [label] 2021-08-01 16:00 DOTUSDT entry=18.4220 → LONG | long=timeout(+6.65%) short=sl(-11.09%) | scanned=22 | no_tp→fwd_return=+6.7528
  [label] 2021-08-03 16:00 DOTUSDT entry=17.4280 → LONG | long=tp(+21.27%) short=sl(-10.78%) | scanned=10 | long_tp_only
  [label] 2021-08-07 16:00 DOTUSDT entry=20.9850 → LONG | long=sl(-8.87%) short=sl(-8.87%) | scanned=19 | no_tp→fwd_return=+9.0398
  [label] 2021-09-01 08:00 DOTUSDT entry=30.1690 → SHORT | long=sl(-9.76%) short=sl(-9.76%) | scanned=18 | no_tp→fwd_return=-5.9366
  [label] 2021-10-23 16:00 DOTUSDT entry=43.9750 → SHORT | long=sl(-7.62%) short=timeout(+2.62%) | scanned=22 | no_tp→fwd_return=-2.7220
  [label] 2022-04-07 16:00 DOTUSDT entry=20.3760 → SHORT | long=sl(-7.60%) short=tp(+14.89%) | scanned=12 | short_tp_only
  [label] 2022-04-11 16:00 DOTUSDT entry=17.1910 → LONG | long=timeout(+5.43%) short=sl(-8.11%) | scanned=22 | no_tp→fwd_return=+5.5320
  [label] 2022-04-22 08:00 DOTUSDT entry=18.1950 → SHORT | long=sl(-6.17%) short=timeout(+8.86%) | scanned=22 | no_tp→fwd_return=-8.9585
  [label] 2022-06-06 08:00 DOTUSDT entry=9.6960 → SHORT | long=sl(-7.16%) short=tp(+14.02%) | scanned=15 | short_tp_only
  [label] 2022-06-14 16:00 DOTUSDT entry=7.3550 → LONG | long=timeout(+5.35%) short=sl(-12.91%) | scanned=22 | no_tp→fwd_return=+5.4521
  [label] 2022-09-13 00:00 DOTUSDT entry=7.6570 → SHORT | long=sl(-6.19%) short=tp(+12.08%) | scanned=11 | short_tp_only
  [label] 2022-10-15 00:00 DOTUSDT entry=6.0730 → SHORT | long=sl(-4.47%) short=timeout(+4.25%) | scanned=22 | no_tp→fwd_return=-4.3471
  [label] 2022-10-31 00:00 DOTUSDT entry=6.7320 → LONG | long=sl(-4.77%) short=sl(-4.77%) | scanned=14 | no_tp→fwd_return=+4.7534
  [label] 2022-11-12 16:00 DOTUSDT entry=5.7760 → SHORT | long=timeout(-3.20%) short=timeout(+3.00%) | scanned=22 | no_tp→fwd_return=-3.0990
  [label] 2022-12-01 08:00 DOTUSDT entry=5.3740 → SHORT | long=timeout(-1.22%) short=sl(-4.85%) | scanned=22 | no_tp→fwd_return=-1.1165
  [label] 2022-12-07 16:00 DOTUSDT entry=5.2900 → SHORT | long=sl(-4.29%) short=timeout(+1.36%) | scanned=22 | no_tp→fwd_return=-1.4556
  [label] 2022-12-20 00:00 DOTUSDT entry=4.6020 → SHORT | long=sl(-5.06%) short=timeout(+1.64%) | scanned=22 | no_tp→fwd_return=-1.7384
  [label] 2023-01-28 08:00 DOTUSDT entry=6.4350 → LONG | long=sl(-6.74%) short=sl(-6.74%) | scanned=16 | no_tp→fwd_return=+1.6472
  [label] 2023-02-07 08:00 DOTUSDT entry=6.6800 → SHORT | long=sl(-6.00%) short=tp(+11.70%) | scanned=19 | short_tp_only
  [label] 2023-05-04 08:00 DOTUSDT entry=5.6610 → SHORT | long=sl(-4.29%) short=sl(-4.29%) | scanned=11 | no_tp→fwd_return=-4.8931
  Labels: 975 long (45.0%), 1193 short (55.0%) | weights: min=1.00, mean=3.13, max=10.00
  Features: 2168/2168 matched, 46 columns
  CV gap: 22 rows
  [ensemble 1/3] seed=42
    [trial 0] 46 features, training_days=480 | threshold=0.631 | labels: 975 long, 1193 short (45/55%)
    [CV fold 0] train_end=2021-09-22 08:00 | val_start=2021-09-30 00:00 | gap=184h (22 rows)
    [CV fold 1] train_end=2022-01-20 16:00 | val_start=2022-01-28 08:00 | gap=184h (22 rows)
    [CV fold 2] train_end=2022-05-21 00:00 | val_start=2022-05-28 16:00 | gap=184h (22 rows)
    [CV fold 3] train_end=2022-09-18 08:00 | val_start=2022-09-26 00:00 | gap=184h (22 rows)
    [CV fold 4] train_end=2023-01-16 16:00 | val_start=2023-01-24 08:00 | gap=184h (22 rows)
    [trial 0] Sharpe=0.0407 (folds: 0.0287, 0.0253, -0.1416, 0.0839, 0.2072)
    [trial 1] 46 features, training_days=420 | threshold=0.839 | labels: 975 long, 1193 short (45/55%)
    [trial 1] Sharpe=-7.9709 (folds: 0.1453, -10.0000, -10.0000, -10.0000, -10.0000)
    [trial 2] 46 features, training_days=190 | threshold=0.602 | labels: 975 long, 1193 short (45/55%)
    [trial 2] Sharpe=-0.0040 (folds: 0.0761, -0.0547, 0.0159, -0.0673, 0.0098)
    [trial 3] 46 features, training_days=490 | threshold=0.832 | labels: 975 long, 1193 short (45/55%)
    [trial 3] Sharpe=0.0880 (folds: 0.1099, 0.1038, -0.0728, 0.0381, 0.2609)
    [trial 4] 46 features, training_days=340 | threshold=0.591 | labels: 975 long, 1193 short (45/55%)
    [trial 4] Sharpe=-0.1218 (folds: -0.0635, -0.0308, -0.0523, -0.3105, -0.1519)
    [trial 5] 46 features, training_days=50 | threshold=0.823 | labels: 975 long, 1193 short (45/55%)
    [trial 5] Sharpe=0.1268 (folds: -0.0394, 0.0529, 0.0660, 0.3418, 0.2128)
    [trial 6] 46 features, training_days=410 | threshold=0.549 | labels: 975 long, 1193 short (45/55%)
    [trial 6] Sharpe=-0.0095 (folds: -0.1329, 0.0806, -0.0960, 0.0818, 0.0191)
    [trial 7] 46 features, training_days=180 | threshold=0.526 | labels: 975 long, 1193 short (45/55%)
    [trial 7] Sharpe=-0.0240 (folds: 0.0393, -0.1131, 0.0204, -0.0975, 0.0308)
    [trial 8] 46 features, training_days=240 | threshold=0.811 | labels: 975 long, 1193 short (45/55%)
    [trial 8] Sharpe=-0.1337 (folds: 0.0717, 0.0165, -0.1281, -0.3911, -0.2375)
    [trial 9] 46 features, training_days=20 | threshold=0.538 | labels: 975 long, 1193 short (45/55%)
    [trial 9] Sharpe=0.1164 (folds: 0.1224, 0.1474, 0.1180, 0.0540, 0.1401)
    [trial 10] 46 features, training_days=10 | threshold=0.732 | labels: 975 long, 1193 short (45/55%)
    [trial 10] Sharpe=0.1164 (folds: 0.1224, 0.1474, 0.1180, 0.0540, 0.1401)
    [trial 11] 46 features, training_days=20 | threshold=0.715 | labels: 975 long, 1193 short (45/55%)
    [trial 11] Sharpe=0.1164 (folds: 0.1224, 0.1474, 0.1180, 0.0540, 0.1401)
    [trial 12] 46 features, training_days=90 | threshold=0.746 | labels: 975 long, 1193 short (45/55%)
    [trial 12] Sharpe=0.0200 (folds: 0.0036, -0.0805, -0.0977, 0.2054, 0.0694)
    [trial 13] 46 features, training_days=100 | threshold=0.668 | labels: 975 long, 1193 short (45/55%)
    [trial 13] Sharpe=0.0214 (folds: -0.0267, 0.1462, -0.2501, 0.0628, 0.1746)
    [trial 14] 46 features, training_days=90 | threshold=0.787 | labels: 975 long, 1193 short (45/55%)
    [trial 14] Sharpe=0.0106 (folds: -0.0438, 0.0590, -0.2311, 0.1677, 0.1012)
    [trial 15] 46 features, training_days=150 | threshold=0.507 | labels: 975 long, 1193 short (45/55%)
    [trial 15] Sharpe=0.0079 (folds: -0.0963, -0.1041, 0.0493, 0.0143, 0.1765)
    [trial 16] 46 features, training_days=270 | threshold=0.676 | labels: 975 long, 1193 short (45/55%)
    [trial 16] Sharpe=-0.0603 (folds: 0.0651, 0.0286, -0.2556, -0.1742, 0.0346)
    [trial 17] 46 features, training_days=50 | threshold=0.560 | labels: 975 long, 1193 short (45/55%)
    [trial 17] Sharpe=0.0615 (folds: -0.0429, -0.0048, 0.0912, 0.1827, 0.0812)
  Optuna: 18 trials, best Sharpe = 0.1268
  Best params: n_estimators=138, max_depth=3, lr=0.0375, leaves=30
  Best confidence_threshold: 0.823
  Best training_days: 50
  Retrained on full data (150 samples, 46 features)
  [ensemble 2/3] seed=123
    [trial 0] 46 features, training_days=150 | threshold=0.744 | labels: 975 long, 1193 short (45/55%)
    [CV fold 0] train_end=2021-09-22 08:00 | val_start=2021-09-30 00:00 | gap=184h (22 rows)
    [CV fold 1] train_end=2022-01-20 16:00 | val_start=2022-01-28 08:00 | gap=184h (22 rows)
    [CV fold 2] train_end=2022-05-21 00:00 | val_start=2022-05-28 16:00 | gap=184h (22 rows)
    [CV fold 3] train_end=2022-09-18 08:00 | val_start=2022-09-26 00:00 | gap=184h (22 rows)
    [CV fold 4] train_end=2023-01-16 16:00 | val_start=2023-01-24 08:00 | gap=184h (22 rows)
    [trial 0] Sharpe=0.0318 (folds: 0.0603, 0.1174, -0.0032, -0.1934, 0.1778)
    [trial 1] 46 features, training_days=220 | threshold=0.755 | labels: 975 long, 1193 short (45/55%)
    [trial 1] Sharpe=-2.1090 (folds: -0.1442, 0.3004, -0.1826, -0.5186, -10.0000)
    [trial 2] 46 features, training_days=310 | threshold=0.754 | labels: 975 long, 1193 short (45/55%)
    [trial 2] Sharpe=-0.0196 (folds: 0.0711, 0.1142, -0.1731, -0.0988, -0.0113)
    [trial 3] 46 features, training_days=220 | threshold=0.673 | labels: 975 long, 1193 short (45/55%)
    [trial 3] Sharpe=-0.0154 (folds: 0.0756, 0.1225, -0.1114, -0.0992, -0.0646)
    [trial 4] 46 features, training_days=130 | threshold=0.803 | labels: 975 long, 1193 short (45/55%)
    [trial 4] Sharpe=0.0652 (folds: 0.0483, 0.1212, -0.0084, 0.1406, 0.0244)[I 2026-06-01 11:03:18,320] Trial 4 finished with value: 0.06522206490953861 and parameters: {'confidence_threshold': 0.803208205259178, 'training_days': 130, 'n_estimators': 267, 'max_depth': 5, 'num_leaves': 40, 'learning_rate': 0.08041175317374143, 'subsample': 0.5603143329951619, 'colsample_bytree': 0.9131704002534167, 'min_child_samples': 68, 'reg_alpha': 0.0008046593428183385, 'reg_lambda': 1.2158346158765583e-05}. Best is trial 4 with value: 0.06522206490953861.
[I 2026-06-01 11:03:18,555] Trial 5 finished with value: -0.0514870670411612 and parameters: {'confidence_threshold': 0.6064422761595144, 'training_days': 210, 'n_estimators': 357, 'max_depth': 5, 'num_leaves': 40, 'learning_rate': 0.0974221287220869, 'subsample': 0.7929682762811064, 'colsample_bytree': 0.8124517510478, 'min_child_samples': 74, 'reg_alpha': 0.3811377260781234, 'reg_lambda': 5.607314238392041e-08}. Best is trial 4 with value: 0.06522206490953861.
[I 2026-06-01 11:03:18,671] Trial 6 finished with value: 0.05161302275680026 and parameters: {'confidence_threshold': 0.7672889945051684, 'training_days': 130, 'n_estimators': 137, 'max_depth': 4, 'num_leaves': 19, 'learning_rate': 0.2031117614248665, 'subsample': 0.8136244860256343, 'colsample_bytree': 0.8617081790949774, 'min_child_samples': 21, 'reg_alpha': 0.002238138278733199, 'reg_lambda': 0.001025809534977322}. Best is trial 4 with value: 0.06522206490953861.
[I 2026-06-01 11:03:18,750] Trial 7 finished with value: 0.010039230820015257 and parameters: {'confidence_threshold': 0.555635875450653, 'training_days': 80, 'n_estimators': 363, 'max_depth': 3, 'num_leaves': 48, 'learning_rate': 0.06590089024008658, 'subsample': 0.6944752870615722, 'colsample_bytree': 0.962566244806993, 'min_child_samples': 88, 'reg_alpha': 1.6465620446426067e-05, 'reg_lambda': 2.4678750890085655e-08}. Best is trial 4 with value: 0.06522206490953861.
[I 2026-06-01 11:03:19,076] Trial 8 finished with value: 0.025045413894768987 and parameters: {'confidence_threshold': 0.6066688256938841, 'training_days': 200, 'n_estimators': 367, 'max_depth': 5, 'num_leaves': 32, 'learning_rate': 0.13377519215934996, 'subsample': 0.7965884582811106, 'colsample_bytree': 0.8458508993500886, 'min_child_samples': 32, 'reg_alpha': 3.889436043816386e-05, 'reg_lambda': 1.4713062489380356e-06}. Best is trial 4 with value: 0.06522206490953861.
[I 2026-06-01 11:03:19,285] Trial 9 finished with value: -0.10041529601950916 and parameters: {'confidence_threshold': 0.6202096049169137, 'training_days': 260, 'n_estimators': 350, 'max_depth': 3, 'num_leaves': 21, 'learning_rate': 0.02989540198065364, 'subsample': 0.8307821683331218, 'colsample_bytree': 0.923253112635361, 'min_child_samples': 64, 'reg_alpha': 0.4898604619604203, 'reg_lambda': 2.9076377687066166e-05}. Best is trial 4 with value: 0.06522206490953861.
[I 2026-06-01 11:03:19,652] Trial 10 finished with value: -3.9879808443368163 and parameters: {'confidence_threshold': 0.8445241688507242, 'training_days': 470, 'n_estimators': 493, 'max_depth': 5, 'num_leaves': 63, 'learning_rate': 0.010221918552934462, 'subsample': 0.5019190721168774, 'colsample_bytree': 0.6202684210924141, 'min_child_samples': 99, 'reg_alpha': 1.9942621118187622e-08, 'reg_lambda': 0.0201634475791616}. Best is trial 4 with value: 0.06522206490953861.
[I 2026-06-01 11:03:19,681] Trial 11 finished with value: -5.961183427354008 and parameters: {'confidence_threshold': 0.8371297552840329, 'training_days': 20, 'n_estimators': 255, 'max_depth': 4, 'num_leaves': 20, 'learning_rate': 0.28413636543342474, 'subsample': 0.9047249980702942, 'colsample_bytree': 0.6612241103206169, 'min_child_samples': 44, 'reg_alpha': 0.005164207989991991, 'reg_lambda': 0.007364523359426745}. Best is trial 4 with value: 0.06522206490953861.
[I 2026-06-01 11:03:19,732] Trial 12 finished with value: 0.08520044331476984 and parameters: {'confidence_threshold': 0.7984420943377982, 'training_days': 120, 'n_estimators': 51, 'max_depth': 5, 'num_leaves': 15, 'learning_rate': 0.14432248911623202, 'subsample': 0.5325573395575733, 'colsample_bytree': 0.5201164353688423, 'min_child_samples': 46, 'reg_alpha': 0.006937120291127141, 'reg_lambda': 0.00393268821840331}. Best is trial 12 with value: 0.08520044331476984.
[I 2026-06-01 11:03:19,757] Trial 13 finished with value: 0.11636440581984456 and parameters: {'confidence_threshold': 0.8004144891464335, 'training_days': 10, 'n_estimators': 53, 'max_depth': 5, 'num_leaves': 31, 'learning_rate': 0.10151302244870823, 'subsample': 0.5024707401359401, 'colsample_bytree': 0.5389794258459311, 'min_child_samples': 48, 'reg_alpha': 0.05881060000998075, 'reg_lambda': 1.493419469088762}. Best is trial 13 with value: 0.11636440581984456.
[I 2026-06-01 11:03:19,787] Trial 14 finished with value: 0.11636440581984456 and parameters: {'confidence_threshold': 0.6968624890517784, 'training_days': 20, 'n_estimators': 60, 'max_depth': 5, 'num_leaves': 28, 'learning_rate': 0.14118111763282573, 'subsample': 0.5029904616462106, 'colsample_bytree': 0.503402098058296, 'min_child_samples': 45, 'reg_alpha': 0.06279054658874354, 'reg_lambda': 2.0204685135752904}. Best is trial 13 with value: 0.11636440581984456.
[I 2026-06-01 11:03:19,819] Trial 15 finished with value: 0.11636440581984456 and parameters: {'confidence_threshold': 0.691229425526139, 'training_days': 10, 'n_estimators': 107, 'max_depth': 5, 'num_leaves': 29, 'learning_rate': 0.12590433810309265, 'subsample': 0.6289774711837719, 'colsample_bytree': 0.5093920150666754, 'min_child_samples': 46, 'reg_alpha': 8.772749698297373, 'reg_lambda': 7.6033043113950285}. Best is trial 13 with value: 0.11636440581984456.
[I 2026-06-01 11:03:20,023] Trial 16 finished with value: 0.01516422223553984 and parameters: {'confidence_threshold': 0.6953749247408847, 'training_days': 350, 'n_estimators': 198, 'max_depth': 5, 'num_leaves': 25, 'learning_rate': 0.04734750546511042, 'subsample': 0.5004345999182799, 'colsample_bytree': 0.5964399923567696, 'min_child_samples': 53, 'reg_alpha': 0.22621723024498722, 'reg_lambda': 7.214120681126779}. Best is trial 13 with value: 0.11636440581984456.
[I 2026-06-01 11:03:20,082] Trial 17 finished with value: 0.04093306231651435 and parameters: {'confidence_threshold': 0.5004748807695347, 'training_days': 60, 'n_estimators': 99, 'max_depth': 5, 'num_leaves': 36, 'learning_rate': 0.16849788685576517, 'subsample': 0.5975400821780594, 'colsample_bytree': 0.6751216798855757, 'min_child_samples': 37, 'reg_alpha': 0.061360405867363306, 'reg_lambda': 0.1823854553304031}. Best is trial 13 with value: 0.11636440581984456.
[I 2026-06-01 11:03:20,226] A new study created in memory with name: no-name-dbac2894-a136-4df9-94ec-818592641559
[I 2026-06-01 11:03:20,432] Trial 0 finished with value: 0.008920564570821807 and parameters: {'confidence_threshold': 0.5870645682749857, 'training_days': 90, 'n_estimators': 403, 'max_depth': 5, 'num_leaves': 45, 'learning_rate': 0.0780457193679974, 'subsample': 0.9428509515574568, 'colsample_bytree': 0.8795587339164916, 'min_child_samples': 34, 'reg_alpha': 2.2465901234314442e-07, 'reg_lambda': 8.339007036475363e-05}. Best is trial 0 with value: 0.008920564570821807.
[I 2026-06-01 11:03:20,536] Trial 1 finished with value: -0.08184380992834805 and parameters: {'confidence_threshold': 0.6348453934275313, 'training_days': 290, 'n_estimators': 115, 'max_depth': 5, 'num_leaves': 37, 'learning_rate': 0.06949568759029946, 'subsample': 0.8228505074024268, 'colsample_bytree': 0.8616703220431751, 'min_child_samples': 75, 'reg_alpha': 4.2486822725010923e-07, 'reg_lambda': 1.157247767047042e-07}. Best is trial 0 with value: 0.008920564570821807.
[I 2026-06-01 11:03:20,557] Trial 2 finished with value: 0.11636440581984456 and parameters: {'confidence_threshold': 0.5849570384370288, 'training_days': 10, 'n_estimators': 212, 'max_depth': 3, 'num_leaves': 41, 'learning_rate': 0.18452095998378365, 'subsample': 0.6001060822924371, 'colsample_bytree': 0.5673167293506167, 'min_child_samples': 37, 'reg_alpha': 5.733250064217131, 'reg_lambda': 0.5308454292595461}. Best is trial 2 with value: 0.11636440581984456.
[I 2026-06-01 11:03:20,632] Trial 3 finished with value: -0.17375430340751202 and parameters: {'confidence_threshold': 0.6868248626683718, 'training_days': 220, 'n_estimators': 134, 'max_depth': 3, 'num_leaves': 45, 'learning_rate': 0.033529007907491595, 'subsample': 0.8647277071858408, 'colsample_bytree': 0.778494116634046, 'min_child_samples': 96, 'reg_alpha': 2.409409937265785e-07, 'reg_lambda': 1.1642073478060009}. Best is trial 2 with value: 0.11636440581984456.
[I 2026-06-01 11:03:20,719] Trial 4 finished with value: 0.025205795365121585 and parameters: {'confidence_threshold': 0.5623121348350352, 'training_days': 300, 'n_estimators': 69, 'max_depth': 4, 'num_leaves': 32, 'learning_rate': 0.14967629360700346, 'subsample': 0.5054535233636654, 'colsample_bytree': 0.7401385194659216, 'min_child_samples': 27, 'reg_alpha': 1.4212042567426725e-07, 'reg_lambda': 0.23605753701352003}. Best is trial 2 with value: 0.11636440581984456.
[I 2026-06-01 11:03:21,128] Trial 5 finished with value: 0.03110163328163113 and parameters: {'confidence_threshold': 0.7111850244908446, 'training_days': 490, 'n_estimators': 362, 'max_depth': 5, 'num_leaves': 40, 'learning_rate': 0.05960785724162737, 'subsample': 0.5589714368907717, 'colsample_bytree': 0.6659006943232806, 'min_child_samples': 42, 'reg_alpha': 0.6741360303045295, 'reg_lambda': 6.054601607143087e-08}. Best is trial 2 with value: 0.11636440581984456.
[I 2026-06-01 11:03:21,324] Trial 6 finished with value: -0.018276929465167558 and parameters: {'confidence_threshold': 0.667482545748023, 'training_days': 420, 'n_estimators': 279, 'max_depth': 3, 'num_leaves': 45, 'learning_rate': 0.040099592560849204, 'subsample': 0.8563114696415159, 'colsample_bytree': 0.5442917781944105, 'min_child_samples': 50, 'reg_alpha': 1.6407916423707903e-08, 'reg_lambda': 2.935907642973286e-05}. Best is trial 2 with value: 0.11636440581984456.
[I 2026-06-01 11:03:21,477] Trial 7 finished with value: 0.050587579837916806 and parameters: {'confidence_threshold': 0.5497381024139926, 'training_days': 120, 'n_estimators': 408, 'max_depth': 5, 'num_leaves': 38, 'learning_rate': 0.28049122657745795, 'subsample': 0.8806573338635493, 'colsample_bytree': 0.5454054113547102, 'min_child_samples': 63, 'reg_alpha': 0.01263008637940408, 'reg_lambda': 0.04588020805366937}. Best is trial 2 with value: 0.11636440581984456.
[I 2026-06-01 11:03:21,740] Trial 8 finished with value: 0.02013504996461829 and parameters: {'confidence_threshold': 0.719644804808716, 'training_days': 450, 'n_estimators': 410, 'max_depth': 4, 'num_leaves': 57, 'learning_rate': 0.04022026551478857, 'subsample': 0.5336085426932707, 'colsample_bytree': 0.5705742850577543, 'min_child_samples': 100, 'reg_alpha': 5.916398047912201e-07, 'reg_lambda': 0.9794034214488329}. Best is trial 2 with value: 0.11636440581984456.
[I 2026-06-01 11:03:21,766] Trial 9 finished with value: 0.11636440581984456 and parameters: {'confidence_threshold': 0.7267463643917187, 'training_days': 20, 'n_estimators': 337, 'max_depth': 5, 'num_leaves': 23, 'learning_rate': 0.022153031811454605, 'subsample': 0.6305627572358737, 'colsample_bytree': 0.6613413774216214, 'min_child_samples': 81, 'reg_alpha': 5.7638634029410314e-08, 'reg_lambda': 8.26603016764008}. Best is trial 2 with value: 0.11636440581984456.
[I 2026-06-01 11:03:21,799] Trial 10 finished with value: -1.9072295602585077 and parameters: {'confidence_threshold': 0.8398533911817929, 'training_days': 10, 'n_estimators': 228, 'max_depth': 3, 'num_leaves': 15, 'learning_rate': 0.2789359567293539, 'subsample': 0.6821883053833926, 'colsample_bytree': 0.9944479338273263, 'min_child_samples': 23, 'reg_alpha': 2.903134294418681, 'reg_lambda': 0.0032849428938367974}. Best is trial 2 with value: 0.11636440581984456.
[I 2026-06-01 11:03:21,832] Trial 11 finished with value: 0.11636440581984456 and parameters: {'confidence_threshold': 0.7872382057434107, 'training_days': 10, 'n_estimators': 286, 'max_depth': 4, 'num_leaves': 24, 'learning_rate': 0.011081550030177016, 'subsample': 0.6763761483123552, 'colsample_bytree': 0.6436734793442266, 'min_child_samples': 79, 'reg_alpha': 3.868211080670054e-05, 'reg_lambda': 7.123992949680003}. Best is trial 2 with value: 0.11636440581984456.
[I 2026-06-01 11:03:22,030] Trial 12 finished with value: 0.007358727341570176 and parameters: {'confidence_threshold': 0.5145853631584999, 'training_days': 120, 'n_estimators': 490, 'max_depth': 4, 'num_leaves': 24, 'learning_rate': 0.017418200447220814, 'subsample': 0.6456888255010526, 'colsample_bytree': 0.6355660966143902, 'min_child_samples': 62, 'reg_alpha': 0.00012116501730499813, 'reg_lambda': 0.00906639108052606}. Best is trial 2 with value: 0.11636440581984456.
[I 2026-06-01 11:03:22,146] Trial 13 finished with value: -0.22124726030508027 and parameters: {'confidence_threshold': 0.7586389545742787, 'training_days': 200, 'n_estimators': 205, 'max_depth': 3, 'num_leaves': 56, 'learning_rate': 0.023468126747120118, 'subsample': 0.604437168195569, 'colsample_bytree': 0.7131290747639358, 'min_child_samples': 81, 'reg_alpha': 0.015676990980876028, 'reg_lambda': 6.822293390117055}. Best is trial 2 with value: 0.11636440581984456.
