[I 2026-06-01 11:03:50,599] Trial 14 finished with value: -0.3484198128780335 and parameters: {'confidence_threshold': 0.7723320301796328, 'training_days': 70, 'n_estimators': 500, 'max_depth': 3, 'num_leaves': 17, 'learning_rate': 0.10885680991659169, 'subsample': 0.7851487748866213, 'colsample_bytree': 0.7921009662363301, 'min_child_samples': 22, 'reg_alpha': 8.082904417668777, 'reg_lambda': 0.00974234545252979}. Best is trial 2 with value: 0.10655682560958198.
[I 2026-06-01 11:03:50,699] Trial 15 finished with value: -6.024775268985036 and parameters: {'confidence_threshold': 0.7829525506318393, 'training_days': 160, 'n_estimators': 168, 'max_depth': 3, 'num_leaves': 51, 'learning_rate': 0.010017412216024365, 'subsample': 0.6120390612600266, 'colsample_bytree': 0.502925720040233, 'min_child_samples': 34, 'reg_alpha': 0.13059613104316006, 'reg_lambda': 0.0006156141946978409}. Best is trial 2 with value: 0.10655682560958198.
[I 2026-06-01 11:03:50,944] Trial 16 finished with value: -0.15464428042164094 and parameters: {'confidence_threshold': 0.6219694252722007, 'training_days': 360, 'n_estimators': 277, 'max_depth': 4, 'num_leaves': 30, 'learning_rate': 0.22801137105963568, 'subsample': 0.6982537545716929, 'colsample_bytree': 0.9182910580304163, 'min_child_samples': 48, 'reg_alpha': 0.0002638845618184788, 'reg_lambda': 0.09115701068245131}. Best is trial 2 with value: 0.10655682560958198.
[I 2026-06-01 11:03:51,025] Trial 17 finished with value: -0.1325954091790475 and parameters: {'confidence_threshold': 0.5028255678835912, 'training_days': 70, 'n_estimators': 319, 'max_depth': 3, 'num_leaves': 22, 'learning_rate': 0.1913942156766461, 'subsample': 0.7671123975508201, 'colsample_bytree': 0.720096132447481, 'min_child_samples': 62, 'reg_alpha': 0.0032469148398323448, 'reg_lambda': 3.756010955927394}. Best is trial 2 with value: 0.10655682560958198.

    [trial 5] 46 features, training_days=210 | threshold=0.606 | labels: 931 long, 1237 short (43/57%)
    [trial 5] Sharpe=-0.1806 (folds: -0.2374, -0.4144, -0.1254, -0.0973, -0.0283)
    [trial 6] 46 features, training_days=130 | threshold=0.767 | labels: 931 long, 1237 short (43/57%)
    [trial 6] Sharpe=-0.0905 (folds: -0.2007, -0.2105, 0.0395, 0.0569, -0.1375)
    [trial 7] 46 features, training_days=80 | threshold=0.556 | labels: 931 long, 1237 short (43/57%)
    [trial 7] Sharpe=-0.1481 (folds: -0.4011, -0.2301, -0.0666, 0.0615, -0.1044)
    [trial 8] 46 features, training_days=200 | threshold=0.607 | labels: 931 long, 1237 short (43/57%)
    [trial 8] Sharpe=-0.1207 (folds: -0.2074, -0.2116, -0.0208, -0.0400, -0.1239)
    [trial 9] 46 features, training_days=260 | threshold=0.620 | labels: 931 long, 1237 short (43/57%)
    [trial 9] Sharpe=-0.2484 (folds: -0.2524, -0.4067, -0.3621, -0.0688, -0.1522)
    [trial 10] 46 features, training_days=470 | threshold=0.845 | labels: 931 long, 1237 short (43/57%)
    [trial 10] Sharpe=-2.1775 (folds: -0.1822, -0.3212, -0.5939, 0.2099, -10.0000)
    [trial 11] 46 features, training_days=20 | threshold=0.837 | labels: 931 long, 1237 short (43/57%)
    [trial 11] Sharpe=-5.9653 (folds: -10.0000, -10.0000, 0.2503, -0.0767, -10.0000)
    [trial 12] 46 features, training_days=120 | threshold=0.798 | labels: 931 long, 1237 short (43/57%)
    [trial 12] Sharpe=-0.1371 (folds: -0.2116, -0.2036, 0.0851, -0.2096, -0.1459)
    [trial 13] 46 features, training_days=10 | threshold=0.719 | labels: 931 long, 1237 short (43/57%)
    [trial 13] Sharpe=0.1066 (folds: 0.1445, 0.1462, 0.2503, -0.0767, 0.0684)
    [trial 14] 46 features, training_days=20 | threshold=0.697 | labels: 931 long, 1237 short (43/57%)
    [trial 14] Sharpe=-3.9871 (folds: -0.1092, -10.0000, 0.2503, -0.0767, -10.0000)
    [trial 15] 46 features, training_days=50 | threshold=0.692 | labels: 931 long, 1237 short (43/57%)
    [trial 15] Sharpe=-0.0901 (folds: -0.1238, -0.1461, 0.1200, -0.1663, -0.1341)
    [trial 16] 46 features, training_days=350 | threshold=0.693 | labels: 931 long, 1237 short (43/57%)
    [trial 16] Sharpe=-0.2195 (folds: -0.2265, -0.3514, -0.2589, 0.0040, -0.2647)
    [trial 17] 46 features, training_days=60 | threshold=0.500 | labels: 931 long, 1237 short (43/57%)
    [trial 17] Sharpe=-0.1379 (folds: 0.1445, -0.3179, -0.5077, -0.0767, 0.0684)
  Optuna: 18 trials, best Sharpe = 0.1066
  Best params: n_estimators=161, max_depth=4, lr=0.0764, leaves=39
  Best confidence_threshold: 0.719
  Best training_days: 10
  Retrained on full data (30 samples, 46 features)
  [ensemble 3/3] seed=456
    [trial 0] 46 features, training_days=90 | threshold=0.587 | labels: 931 long, 1237 short (43/57%)
    [CV fold 0] train_end=2021-12-23 08:00 | val_start=2021-12-31 00:00 | gap=184h (22 rows)
    [CV fold 1] train_end=2022-04-22 16:00 | val_start=2022-04-30 08:00 | gap=184h (22 rows)
    [CV fold 2] train_end=2022-08-21 00:00 | val_start=2022-08-28 16:00 | gap=184h (22 rows)
    [CV fold 3] train_end=2022-12-19 08:00 | val_start=2022-12-27 00:00 | gap=184h (22 rows)
    [CV fold 4] train_end=2023-04-18 16:00 | val_start=2023-04-26 08:00 | gap=184h (22 rows)
    [trial 0] Sharpe=-0.1286 (folds: -0.1841, -0.2987, -0.0524, -0.0126, -0.0951)
    [trial 1] 46 features, training_days=290 | threshold=0.635 | labels: 931 long, 1237 short (43/57%)
    [trial 1] Sharpe=-0.2754 (folds: -0.2978, -0.4414, -0.4194, -0.0730, -0.1456)
    [trial 2] 46 features, training_days=10 | threshold=0.585 | labels: 931 long, 1237 short (43/57%)
    [trial 2] Sharpe=0.1066 (folds: 0.1445, 0.1462, 0.2503, -0.0767, 0.0684)
    [trial 3] 46 features, training_days=220 | threshold=0.687 | labels: 931 long, 1237 short (43/57%)
    [trial 3] Sharpe=-0.2107 (folds: -0.3610, -0.5239, -0.0314, -0.1245, -0.0129)
    [trial 4] 46 features, training_days=300 | threshold=0.562 | labels: 931 long, 1237 short (43/57%)
    [trial 4] Sharpe=-0.2450 (folds: -0.1897, -0.4173, -0.4385, 0.0786, -0.2581)
    [trial 5] 46 features, training_days=490 | threshold=0.711 | labels: 931 long, 1237 short (43/57%)
    [trial 5] Sharpe=-0.1692 (folds: -0.2143, -0.4040, -0.1794, 0.0042, -0.0528)
    [trial 6] 46 features, training_days=420 | threshold=0.667 | labels: 931 long, 1237 short (43/57%)
    [trial 6] Sharpe=-0.2462 (folds: -0.2386, -0.4445, -0.3706, -0.0888, -0.0885)
    [trial 7] 46 features, training_days=120 | threshold=0.550 | labels: 931 long, 1237 short (43/57%)
    [trial 7] Sharpe=-0.1516 (folds: -0.2291, -0.3188, -0.0572, 0.0236, -0.1767)
    [trial 8] 46 features, training_days=450 | threshold=0.720 | labels: 931 long, 1237 short (43/57%)
    [trial 8] Sharpe=-0.2256 (folds: -0.3687, -0.5226, -0.1806, 0.0143, -0.0707)
    [trial 9] 46 features, training_days=20 | threshold=0.727 | labels: 931 long, 1237 short (43/57%)
    [trial 9] Sharpe=-3.9871 (folds: -0.1092, -10.0000, 0.2503, -0.0767, -10.0000)
    [trial 10] 46 features, training_days=10 | threshold=0.840 | labels: 931 long, 1237 short (43/57%)
    [trial 10] Sharpe=0.1066 (folds: 0.1445, 0.1462, 0.2503, -0.0767, 0.0684)
    [trial 11] 46 features, training_days=10 | threshold=0.849 | labels: 931 long, 1237 short (43/57%)
    [trial 11] Sharpe=0.1066 (folds: 0.1445, 0.1462, 0.2503, -0.0767, 0.0684)
    [trial 12] 46 features, training_days=140 | threshold=0.839 | labels: 931 long, 1237 short (43/57%)
    [trial 12] Sharpe=-0.1061 (folds: -0.1852, -0.1973, -0.0183, -0.0303, -0.0993)
    [trial 13] 46 features, training_days=200 | threshold=0.504 | labels: 931 long, 1237 short (43/57%)
    [trial 13] Sharpe=-0.1346 (folds: -0.2498, -0.2242, -0.0288, -0.0566, -0.1136)
    [trial 14] 46 features, training_days=70 | threshold=0.772 | labels: 931 long, 1237 short (43/57%)
    [trial 14] Sharpe=-0.3484 (folds: -0.3135, -0.8357, -0.3952, -0.0481, -0.1496)
    [trial 15] 46 features, training_days=160 | threshold=0.783 | labels: 931 long, 1237 short (43/57%)
    [trial 15] Sharpe=-6.0248 (folds: -0.2125, 0.0886, -10.0000, -10.0000, -10.0000)
    [trial 16] 46 features, training_days=360 | threshold=0.622 | labels: 931 long, 1237 short (43/57%)
    [trial 16] Sharpe=-0.1546 (folds: -0.2417, -0.3948, -0.1192, 0.0317, -0.0492)
    [trial 17] 46 features, training_days=70 | threshold=0.503 | labels: 931 long, 1237 short (43/57%)
    [trial 17] Sharpe=-0.1326 (folds: -0.2615, -0.3294, 0.0206, 0.1039, -0.1966)
  Optuna: 18 trials, best Sharpe = 0.1066
  Best params: n_estimators=212, max_depth=3, lr=0.1845, leaves=41
  Best confidence_threshold: 0.585
  Best training_days: 10
  Retrained on full data (30 samples, 46 features)
  OOD: 16 features, cutoff (q=0.7) = 14.21
  Model trained for 2023-09: 90 test candles with features, confidence_threshold=0.673
[predict] 2023-09-15 08:00 DOTUSDT → SHORT (proba=0.68 TP=7.1%/SL=3.5%)
[trade:open] 2023-09-15 15:59 DOTUSDT SHORT @ 4.11 | SL=4.26 TP=3.82 | timeout=2023-09-22 15:59
[trade:close] 2023-09-22 16:00 DOTUSDT SHORT → timeout @ 4.00 | PnL=+2.60% (net +2.50%) | cum=+8.55% 2023-09=+2.50% 2023-09-22=+2.50%
[predict] 2023-09-24 00:00 DOTUSDT → SHORT (proba=0.67 TP=5.1%/SL=2.5%)
[trade:open] 2023-09-24 07:59 DOTUSDT SHORT @ 4.01 | SL=4.12 TP=3.81 | timeout=2023-10-01 07:59
[trade:close] 2023-09-29 07:59 DOTUSDT SHORT → stop_loss @ 4.12 | PnL=-2.55% (net -2.65%) | cum=+5.90% 2023-09=-0.14% 2023-09-29=-2.65%
[predict] 2023-09-30 00:00 DOTUSDT → SHORT (proba=0.70 TP=4.7%/SL=2.4%)
[trade:open] 2023-09-30 07:59 DOTUSDT SHORT @ 4.07 | SL=4.17 TP=3.88 | timeout=2023-10-07 07:59
[lgbm] === Training for 2023-10 ===
  Train window: 2021-10-01 → 2023-09-23
  2168 training samples from 1 symbols
  Samples per month: 2021-10: 93, 2021-11: 90, 2021-12: 93, 2022-01: 93, 2022-02: 84, 2022-03: 93, 2022-04: 90, 2022-05: 93, 2022-06: 90, 2022-07: 93, 2022-08: 93, 2022-09: 90, 2022-10: 93, 2022-11: 90, 2022-12: 93, 2023-01: 93, 2023-02: 84, 2023-03: 93, 2023-04: 90, 2023-05: 93, 2023-06: 90, 2023-07: 93, 2023-08: 93, 2023-09: 68
  [label] 2021-12-01 16:00 DOTUSDT entry=36.7550 → SHORT | long=sl(-9.24%) short=tp(+18.19%) | scanned=7 | short_tp_only
  [label] 2021-12-03 16:00 DOTUSDT entry=33.6890 → SHORT | long=sl(-9.50%) short=tp(+18.70%) | scanned=1 | short_tp_only[I 2026-06-01 11:03:51,468] A new study created in memory with name: no-name-5b0950f0-bd42-4d4a-b4b5-341de7289003
[I 2026-06-01 11:03:51,779] Trial 0 finished with value: -0.03158525765931618 and parameters: {'confidence_threshold': 0.6310890415965769, 'training_days': 480, 'n_estimators': 380, 'max_depth': 4, 'num_leaves': 22, 'learning_rate': 0.01699897838270077, 'subsample': 0.5290418060840998, 'colsample_bytree': 0.9330880728874675, 'min_child_samples': 68, 'reg_alpha': 0.023585940584142682, 'reg_lambda': 1.5320059381854043e-08}. Best is trial 0 with value: -0.03158525765931618.
[I 2026-06-01 11:03:51,890] Trial 1 finished with value: -6.048186154865853 and parameters: {'confidence_threshold': 0.839468448256698, 'training_days': 420, 'n_estimators': 145, 'max_depth': 3, 'num_leaves': 23, 'learning_rate': 0.028145092716060652, 'subsample': 0.762378215816119, 'colsample_bytree': 0.7159725093210578, 'min_child_samples': 43, 'reg_alpha': 0.0032112643094417484, 'reg_lambda': 1.8007140198129195e-07}. Best is trial 0 with value: -0.03158525765931618.
[I 2026-06-01 11:03:52,050] Trial 2 finished with value: -0.059171739292718295 and parameters: {'confidence_threshold': 0.6022506269873263, 'training_days': 190, 'n_estimators': 255, 'max_depth': 5, 'num_leaves': 24, 'learning_rate': 0.05748924681991978, 'subsample': 0.7962072844310213, 'colsample_bytree': 0.5232252063599989, 'min_child_samples': 69, 'reg_alpha': 3.425445902633376e-07, 'reg_lambda': 3.850031979199519e-08}. Best is trial 0 with value: -0.03158525765931618.
[I 2026-06-01 11:03:52,310] Trial 3 finished with value: 0.06218476376919624 and parameters: {'confidence_threshold': 0.8321099380386666, 'training_days': 490, 'n_estimators': 414, 'max_depth': 3, 'num_leaves': 19, 'learning_rate': 0.1024932221692416, 'subsample': 0.7200762468698007, 'colsample_bytree': 0.5610191174223894, 'min_child_samples': 60, 'reg_alpha': 2.039373116525212e-08, 'reg_lambda': 1.527156759251193}. Best is trial 3 with value: 0.06218476376919624.
[I 2026-06-01 11:03:52,465] Trial 4 finished with value: -0.06856276604115145 and parameters: {'confidence_threshold': 0.5905729935600059, 'training_days': 340, 'n_estimators': 190, 'max_depth': 4, 'num_leaves': 41, 'learning_rate': 0.01875220945578641, 'subsample': 0.9847923138822793, 'colsample_bytree': 0.8875664116805573, 'min_child_samples': 96, 'reg_alpha': 1.1309571585271483, 'reg_lambda': 0.002404915432737351}. Best is trial 3 with value: 0.06218476376919624.
[I 2026-06-01 11:03:52,507] Trial 5 finished with value: 0.07888655588574792 and parameters: {'confidence_threshold': 0.8226559822580909, 'training_days': 50, 'n_estimators': 138, 'max_depth': 3, 'num_leaves': 30, 'learning_rate': 0.03750796359625606, 'subsample': 0.6356745158869479, 'colsample_bytree': 0.9143687545759647, 'min_child_samples': 48, 'reg_alpha': 3.376063348877853e-06, 'reg_lambda': 0.0007660634613082914}. Best is trial 5 with value: 0.07888655588574792.
[I 2026-06-01 11:03:52,608] Trial 6 finished with value: -0.0008727065112798388 and parameters: {'confidence_threshold': 0.5493234787411669, 'training_days': 410, 'n_estimators': 83, 'max_depth': 5, 'num_leaves': 52, 'learning_rate': 0.019657448966046126, 'subsample': 0.5027610585618012, 'colsample_bytree': 0.9077307142274171, 'min_child_samples': 77, 'reg_alpha': 0.03639690979811287, 'reg_lambda': 0.08738424135626986}. Best is trial 5 with value: 0.07888655588574792.
[I 2026-06-01 11:03:52,697] Trial 7 finished with value: -0.011241656883483692 and parameters: {'confidence_threshold': 0.5259156281069316, 'training_days': 180, 'n_estimators': 102, 'max_depth': 5, 'num_leaves': 45, 'learning_rate': 0.030816017044468066, 'subsample': 0.5317791751430119, 'colsample_bytree': 0.6554911608578311, 'min_child_samples': 46, 'reg_alpha': 0.036851536911881845, 'reg_lambda': 0.005470376807480391}. Best is trial 5 with value: 0.07888655588574792.
[I 2026-06-01 11:03:52,796] Trial 8 finished with value: -0.18820674409723465 and parameters: {'confidence_threshold': 0.8105244599017143, 'training_days': 240, 'n_estimators': 103, 'max_depth': 5, 'num_leaves': 52, 'learning_rate': 0.06746437142284309, 'subsample': 0.8854835899772805, 'colsample_bytree': 0.7468977981821954, 'min_child_samples': 62, 'reg_alpha': 7.04480806377519e-05, 'reg_lambda': 1.6934490731313353e-08}. Best is trial 5 with value: 0.07888655588574792.
[I 2026-06-01 11:03:52,818] Trial 9 finished with value: 0.1000912612544784 and parameters: {'confidence_threshold': 0.5377619994476566, 'training_days': 20, 'n_estimators': 337, 'max_depth': 3, 'num_leaves': 39, 'learning_rate': 0.21907142272152816, 'subsample': 0.6246461145744375, 'colsample_bytree': 0.7051914615178149, 'min_child_samples': 81, 'reg_alpha': 1.1459970229341322e-06, 'reg_lambda': 4.929685216887945e-08}. Best is trial 9 with value: 0.1000912612544784.
[I 2026-06-01 11:03:52,849] Trial 10 finished with value: -1.908804096205633 and parameters: {'confidence_threshold': 0.7449289185605341, 'training_days': 10, 'n_estimators': 487, 'max_depth': 3, 'num_leaves': 61, 'learning_rate': 0.21914469472126635, 'subsample': 0.628963476300746, 'colsample_bytree': 0.8189858776055304, 'min_child_samples': 27, 'reg_alpha': 2.8948477959263623e-05, 'reg_lambda': 3.3639426888455256e-06}. Best is trial 9 with value: 0.1000912612544784.
[I 2026-06-01 11:03:52,877] Trial 11 finished with value: -1.9065293592344574 and parameters: {'confidence_threshold': 0.715357026933722, 'training_days': 20, 'n_estimators': 291, 'max_depth': 4, 'num_leaves': 33, 'learning_rate': 0.29081576079680116, 'subsample': 0.6496599335113177, 'colsample_bytree': 0.6488333531327133, 'min_child_samples': 92, 'reg_alpha': 1.8335640581015016e-06, 'reg_lambda': 1.7775498934647403e-05}. Best is trial 9 with value: 0.1000912612544784.
[I 2026-06-01 11:03:52,951] Trial 12 finished with value: 0.060901651080248434 and parameters: {'confidence_threshold': 0.6653690436201132, 'training_days': 90, 'n_estimators': 293, 'max_depth': 3, 'num_leaves': 33, 'learning_rate': 0.11263608439461861, 'subsample': 0.6274745095999714, 'colsample_bytree': 0.995657538673677, 'min_child_samples': 84, 'reg_alpha': 3.1740335584318674e-06, 'reg_lambda': 7.90277059723651e-05}. Best is trial 9 with value: 0.1000912612544784.
[I 2026-06-01 11:03:53,062] Trial 13 finished with value: 0.03744469386910491 and parameters: {'confidence_threshold': 0.757199729048049, 'training_days': 100, 'n_estimators': 216, 'max_depth': 3, 'num_leaves': 33, 'learning_rate': 0.14949797305456583, 'subsample': 0.6866291716128416, 'colsample_bytree': 0.8155421717694826, 'min_child_samples': 47, 'reg_alpha': 3.219567910488193e-08, 'reg_lambda': 3.4757862173186272e-06}. Best is trial 9 with value: 0.1000912612544784.
[I 2026-06-01 11:03:53,236] Trial 14 finished with value: 0.04206225787627506 and parameters: {'confidence_threshold': 0.6993865793821226, 'training_days': 90, 'n_estimators': 348, 'max_depth': 3, 'num_leaves': 29, 'learning_rate': 0.039779566134606106, 'subsample': 0.5808433054196197, 'colsample_bytree': 0.8116145799213325, 'min_child_samples': 21, 'reg_alpha': 0.00045016022610937554, 'reg_lambda': 0.0006284807489164356}. Best is trial 9 with value: 0.1000912612544784.
[I 2026-06-01 11:03:53,364] Trial 15 finished with value: 0.04371581451768315 and parameters: {'confidence_threshold': 0.5073197482691914, 'training_days': 150, 'n_estimators': 175, 'max_depth': 4, 'num_leaves': 41, 'learning_rate': 0.010348803728867817, 'subsample': 0.8113381919370017, 'colsample_bytree': 0.6567290912374351, 'min_child_samples': 37, 'reg_alpha': 4.336623193625854e-07, 'reg_lambda': 0.05895604282432314}. Best is trial 9 with value: 0.1000912612544784.
[I 2026-06-01 11:03:53,587] Trial 16 finished with value: -0.06150306673170758 and parameters: {'confidence_threshold': 0.7825131136037224, 'training_days': 270, 'n_estimators': 339, 'max_depth': 3, 'num_leaves': 16, 'learning_rate': 0.07800925996199208, 'subsample': 0.6022959818573481, 'colsample_bytree': 0.9826162589395974, 'min_child_samples': 55, 'reg_alpha': 1.6230643075200477e-05, 'reg_lambda': 4.28170520176123e-07}. Best is trial 9 with value: 0.1000912612544784.
[I 2026-06-01 11:03:53,624] Trial 17 finished with value: -3.959317350746898 and parameters: {'confidence_threshold': 0.6478758927091923, 'training_days': 50, 'n_estimators': 417, 'max_depth': 4, 'num_leaves': 48, 'learning_rate': 0.04302553031342478, 'subsample': 0.6977080924048726, 'colsample_bytree': 0.585327709837014, 'min_child_samples': 80, 'reg_alpha': 1.7527045832330252e-07, 'reg_lambda': 0.0001164037083056549}. Best is trial 9 with value: 0.1000912612544784.
[I 2026-06-01 11:03:53,810] A new study created in memory with name: no-name-ffc55900-37a1-4f52-9966-80ddbf8fc8ed
[I 2026-06-01 11:03:53,905] Trial 0 finished with value: 0.0008404351884604311 and parameters: {'confidence_threshold': 0.7437642149592516, 'training_days': 150, 'n_estimators': 152, 'max_depth': 4, 'num_leaves': 50, 'learning_rate': 0.04216766425047743, 'subsample': 0.9903820991923078, 'colsample_bytree': 0.8424148692924316, 'min_child_samples': 58, 'reg_alpha': 3.381097259762742e-05, 'reg_lambda': 1.2263152961306247e-05}. Best is trial 0 with value: 0.0008404351884604311.
[I 2026-06-01 11:03:53,975] Trial 1 finished with value: -4.092619035171734 and parameters: {'confidence_threshold': 0.7551673975844145, 'training_days': 220, 'n_estimators': 76, 'max_depth': 4, 'num_leaves': 51, 'learning_rate': 0.018602118810743477, 'subsample': 0.5877258780737462, 'colsample_bytree': 0.7657756869209191, 'min_child_samples': 63, 'reg_alpha': 0.005123994170264194, 'reg_lambda': 0.44145470178120466}. Best is trial 0 with value: 0.0008404351884604311.
[I 2026-06-01 11:03:54,232] Trial 2 finished with value: -0.10703548933365566 and parameters: {'confidence_threshold': 0.7535593637012223, 'training_days': 310, 'n_estimators': 375, 'max_depth': 3, 'num_leaves': 32, 'learning_rate': 0.021735641882032388, 'subsample': 0.6468570231944146, 'colsample_bytree': 0.8154880619272439, 'min_child_samples': 27, 'reg_alpha': 8.004064028491336e-05, 'reg_lambda': 7.546835261630524e-05}. Best is trial 0 with value: 0.0008404351884604311.
[I 2026-06-01 11:03:54,409] Trial 3 finished with value: -0.04821089864444393 and parameters: {'confidence_threshold': 0.6727897841776072, 'training_days': 220, 'n_estimators': 190, 'max_depth': 4, 'num_leaves': 58, 'learning_rate': 0.24810689332636193, 'subsample': 0.7509183379421682, 'colsample_bytree': 0.8119764758960556, 'min_child_samples': 29, 'reg_alpha': 7.1708285081421445e-06, 'reg_lambda': 5.412973582738627e-05}. Best is trial 0 with value: 0.0008404351884604311.
[I 2026-06-01 11:03:54,531] Trial 4 finished with value: 0.06540689015637328 and parameters: {'confidence_threshold': 0.803208205259178, 'training_days': 130, 'n_estimators': 267, 'max_depth': 5, 'num_leaves': 40, 'learning_rate': 0.08041175317374143, 'subsample': 0.5603143329951619, 'colsample_bytree': 0.9131704002534167, 'min_child_samples': 68, 'reg_alpha': 0.0008046593428183385, 'reg_lambda': 1.2158346158765583e-05}. Best is trial 4 with value: 0.06540689015637328.
