[I 2026-06-01 11:04:54,130] Trial 9 finished with value: -6.051727281529567 and parameters: {'confidence_threshold': 0.7267463643917187, 'training_days': 20, 'n_estimators': 337, 'max_depth': 5, 'num_leaves': 23, 'learning_rate': 0.022153031811454605, 'subsample': 0.6305627572358737, 'colsample_bytree': 0.6613413774216214, 'min_child_samples': 81, 'reg_alpha': 5.7638634029410314e-08, 'reg_lambda': 8.26603016764008}. Best is trial 2 with value: -0.00334037803048548.
[I 2026-06-01 11:04:54,157] Trial 10 finished with value: -1.9944304387257508 and parameters: {'confidence_threshold': 0.8398533911817929, 'training_days': 10, 'n_estimators': 228, 'max_depth': 3, 'num_leaves': 15, 'learning_rate': 0.2789359567293539, 'subsample': 0.6821883053833926, 'colsample_bytree': 0.9944479338273263, 'min_child_samples': 23, 'reg_alpha': 2.903134294418681, 'reg_lambda': 0.0032849428938367974}. Best is trial 2 with value: -0.00334037803048548.
[I 2026-06-01 11:04:54,434] Trial 11 finished with value: -0.079115846930038 and parameters: {'confidence_threshold': 0.6072368037709402, 'training_days': 130, 'n_estimators': 478, 'max_depth': 4, 'num_leaves': 54, 'learning_rate': 0.11404807996447297, 'subsample': 0.9876183503862322, 'colsample_bytree': 0.9214296292909252, 'min_child_samples': 39, 'reg_alpha': 2.5646023357365184e-05, 'reg_lambda': 5.962006663598236e-05}. Best is trial 2 with value: -0.00334037803048548.
[I 2026-06-01 11:04:54,554] Trial 12 finished with value: -0.04637232846025126 and parameters: {'confidence_threshold': 0.5145853631584999, 'training_days': 100, 'n_estimators': 219, 'max_depth': 4, 'num_leaves': 50, 'learning_rate': 0.011971471002830407, 'subsample': 0.9912016966112274, 'colsample_bytree': 0.8420599046380293, 'min_child_samples': 34, 'reg_alpha': 0.0006311531830675405, 'reg_lambda': 2.219199238056466e-06}. Best is trial 2 with value: -0.00334037803048548.
[I 2026-06-01 11:04:54,680] Trial 13 finished with value: -0.05141258028796166 and parameters: {'confidence_threshold': 0.589277007582486, 'training_days': 200, 'n_estimators': 200, 'max_depth': 3, 'num_leaves': 28, 'learning_rate': 0.11842510796771445, 'subsample': 0.7271260162758064, 'colsample_bytree': 0.6666252620214903, 'min_child_samples': 54, 'reg_alpha': 0.023377829298853393, 'reg_lambda': 0.0006731895400498974}. Best is trial 2 with value: -0.00334037803048548.
[I 2026-06-01 11:04:54,876] Trial 14 finished with value: -0.09679281972272416 and parameters: {'confidence_threshold': 0.5059456949419407, 'training_days': 60, 'n_estimators': 500, 'max_depth': 4, 'num_leaves': 60, 'learning_rate': 0.17993548569872478, 'subsample': 0.6255299932990485, 'colsample_bytree': 0.9534441456280793, 'min_child_samples': 22, 'reg_alpha': 2.4338539952715192e-05, 'reg_lambda': 0.007330084943188411}. Best is trial 2 with value: -0.00334037803048548.
[I 2026-06-01 11:04:55,028] Trial 15 finished with value: -0.09212232529777838 and parameters: {'confidence_threshold': 0.637232282335899, 'training_days': 160, 'n_estimators': 282, 'max_depth': 3, 'num_leaves': 47, 'learning_rate': 0.08608675390119908, 'subsample': 0.777815496142171, 'colsample_bytree': 0.8043376335308254, 'min_child_samples': 46, 'reg_alpha': 1.0822935950882012e-05, 'reg_lambda': 3.2033885982558023e-06}. Best is trial 2 with value: -0.00334037803048548.
[I 2026-06-01 11:04:55,128] Trial 16 finished with value: -0.08982161761453518 and parameters: {'confidence_threshold': 0.7809712285122007, 'training_days': 60, 'n_estimators': 331, 'max_depth': 5, 'num_leaves': 52, 'learning_rate': 0.20254873351572195, 'subsample': 0.9472433443810231, 'colsample_bytree': 0.7345439854033059, 'min_child_samples': 34, 'reg_alpha': 0.09369222766520151, 'reg_lambda': 0.00012765737852085064}. Best is trial 2 with value: -0.00334037803048548.
[I 2026-06-01 11:04:55,262] Trial 17 finished with value: -0.06359602002669466 and parameters: {'confidence_threshold': 0.5603513724017113, 'training_days': 330, 'n_estimators': 164, 'max_depth': 4, 'num_leaves': 34, 'learning_rate': 0.116910846227218, 'subsample': 0.6283646472084425, 'colsample_bytree': 0.5057115752743404, 'min_child_samples': 61, 'reg_alpha': 0.0008059760040484764, 'reg_lambda': 0.021539208373113017}. Best is trial 2 with value: -0.00334037803048548.

    [CV fold 2] train_end=2023-03-22 00:00 | val_start=2023-03-29 16:00 | gap=184h (22 rows)
    [CV fold 3] train_end=2023-07-20 08:00 | val_start=2023-07-28 00:00 | gap=184h (22 rows)
    [CV fold 4] train_end=2023-11-17 16:00 | val_start=2023-11-25 08:00 | gap=184h (22 rows)
    [trial 0] Sharpe=-0.0356 (folds: -0.2123, 0.1059, -0.0225, -0.0122, -0.0369)
    [trial 1] 46 features, training_days=220 | threshold=0.755 | labels: 1002 long, 1169 short (46/54%)
    [trial 1] Sharpe=-5.8764 (folds: -10.0000, -0.1860, 0.8042, -10.0000, -10.0000)
    [trial 2] 46 features, training_days=310 | threshold=0.754 | labels: 1002 long, 1169 short (46/54%)
    [trial 2] Sharpe=-0.1019 (folds: -0.1354, -0.0169, -0.2630, -0.0067, -0.0872)
    [trial 3] 46 features, training_days=220 | threshold=0.673 | labels: 1002 long, 1169 short (46/54%)
    [trial 3] Sharpe=-0.0857 (folds: -0.1733, 0.1145, -0.1149, -0.0319, -0.2230)
    [trial 4] 46 features, training_days=130 | threshold=0.803 | labels: 1002 long, 1169 short (46/54%)
    [trial 4] Sharpe=-0.1100 (folds: -0.1917, 0.0134, -0.1328, 0.0051, -0.2441)
    [trial 5] 46 features, training_days=210 | threshold=0.606 | labels: 1002 long, 1169 short (46/54%)
    [trial 5] Sharpe=-0.0486 (folds: -0.1675, 0.0814, -0.0705, 0.0713, -0.1574)
    [trial 6] 46 features, training_days=130 | threshold=0.767 | labels: 1002 long, 1169 short (46/54%)
    [trial 6] Sharpe=-0.1260 (folds: -0.1952, -0.0392, -0.1140, -0.0817, -0.1999)
    [trial 7] 46 features, training_days=80 | threshold=0.556 | labels: 1002 long, 1169 short (46/54%)
    [trial 7] Sharpe=-0.1149 (folds: -0.0890, 0.0009, -0.1713, -0.2585, -0.0565)
    [trial 8] 46 features, training_days=200 | threshold=0.607 | labels: 1002 long, 1169 short (46/54%)
    [trial 8] Sharpe=-0.0106 (folds: -0.1223, 0.0852, -0.0041, 0.0944, -0.1064)
    [trial 9] 46 features, training_days=260 | threshold=0.620 | labels: 1002 long, 1169 short (46/54%)
    [trial 9] Sharpe=-0.1101 (folds: -0.1838, -0.0401, -0.1702, -0.0795, -0.0769)
    [trial 10] 46 features, training_days=470 | threshold=0.534 | labels: 1002 long, 1169 short (46/54%)
    [trial 10] Sharpe=-0.0264 (folds: -0.1587, 0.0565, -0.1434, 0.1269, -0.0134)
    [trial 11] 46 features, training_days=500 | threshold=0.505 | labels: 1002 long, 1169 short (46/54%)
    [trial 11] Sharpe=-0.0622 (folds: -0.1497, 0.0940, -0.1392, 0.0943, -0.2103)
    [trial 12] 46 features, training_days=380 | threshold=0.512 | labels: 1002 long, 1169 short (46/54%)
    [trial 12] Sharpe=-0.0633 (folds: -0.0854, 0.0947, -0.1674, 0.0203, -0.1785)
    [trial 13] 46 features, training_days=10 | threshold=0.589 | labels: 1002 long, 1169 short (46/54%)
    [trial 13] Sharpe=-0.0033 (folds: 0.1895, 0.0445, -0.0429, -0.0445, -0.1633)
    [trial 14] 46 features, training_days=20 | threshold=0.594 | labels: 1002 long, 1169 short (46/54%)
    [trial 14] Sharpe=-0.1228 (folds: -0.3032, 0.0445, -0.1339, -0.0584, -0.1633)
    [trial 15] 46 features, training_days=10 | threshold=0.670 | labels: 1002 long, 1169 short (46/54%)
    [trial 15] Sharpe=-1.9944 (folds: 0.1895, 0.0445, -0.0429, -10.0000, -0.1633)
    [trial 16] 46 features, training_days=350 | threshold=0.635 | labels: 1002 long, 1169 short (46/54%)
    [trial 16] Sharpe=-0.0645 (folds: -0.1245, 0.0737, -0.1882, 0.0743, -0.1581)
    [trial 17] 46 features, training_days=70 | threshold=0.570 | labels: 1002 long, 1169 short (46/54%)
    [trial 17] Sharpe=-0.0343 (folds: -0.0987, 0.0579, -0.0420, -0.0187, -0.0701)
  Optuna: 18 trials, best Sharpe = -0.0033
  Best params: n_estimators=426, max_depth=5, lr=0.1404, leaves=28
  Best confidence_threshold: 0.589
  Best training_days: 10
  Retrained on full data (30 samples, 46 features)
  [ensemble 3/3] seed=456
    [trial 0] 46 features, training_days=90 | threshold=0.587 | labels: 1002 long, 1169 short (46/54%)
    [CV fold 0] train_end=2022-07-24 08:00 | val_start=2022-08-01 00:00 | gap=184h (22 rows)
    [CV fold 1] train_end=2022-11-21 16:00 | val_start=2022-11-29 08:00 | gap=184h (22 rows)
    [CV fold 2] train_end=2023-03-22 00:00 | val_start=2023-03-29 16:00 | gap=184h (22 rows)
    [CV fold 3] train_end=2023-07-20 08:00 | val_start=2023-07-28 00:00 | gap=184h (22 rows)
    [CV fold 4] train_end=2023-11-17 16:00 | val_start=2023-11-25 08:00 | gap=184h (22 rows)
    [trial 0] Sharpe=-0.0401 (folds: -0.0921, 0.1411, -0.1468, -0.0017, -0.1010)
    [trial 1] 46 features, training_days=290 | threshold=0.635 | labels: 1002 long, 1169 short (46/54%)
    [trial 1] Sharpe=-0.0878 (folds: -0.1907, 0.0212, -0.1600, 0.0387, -0.1484)
    [trial 2] 46 features, training_days=10 | threshold=0.585 | labels: 1002 long, 1169 short (46/54%)
    [trial 2] Sharpe=-0.0033 (folds: 0.1895, 0.0445, -0.0429, -0.0445, -0.1633)
    [trial 3] 46 features, training_days=220 | threshold=0.687 | labels: 1002 long, 1169 short (46/54%)
    [trial 3] Sharpe=-0.1243 (folds: -0.3381, -0.0973, -0.0770, -0.0575, -0.0518)
    [trial 4] 46 features, training_days=300 | threshold=0.562 | labels: 1002 long, 1169 short (46/54%)
    [trial 4] Sharpe=-0.0438 (folds: -0.1440, 0.0446, -0.1347, 0.0225, -0.0076)
    [trial 5] 46 features, training_days=490 | threshold=0.711 | labels: 1002 long, 1169 short (46/54%)
    [trial 5] Sharpe=-0.0762 (folds: -0.1647, 0.0673, -0.1990, 0.2194, -0.3038)
    [trial 6] 46 features, training_days=420 | threshold=0.667 | labels: 1002 long, 1169 short (46/54%)
    [trial 6] Sharpe=-0.0746 (folds: -0.1714, 0.0319, -0.1790, 0.0896, -0.1440)
    [trial 7] 46 features, training_days=120 | threshold=0.550 | labels: 1002 long, 1169 short (46/54%)
    [trial 7] Sharpe=-0.0497 (folds: -0.0989, 0.0819, -0.1615, -0.0757, 0.0058)
    [trial 8] 46 features, training_days=450 | threshold=0.720 | labels: 1002 long, 1169 short (46/54%)
    [trial 8] Sharpe=-0.0705 (folds: -0.1960, 0.0458, -0.1513, 0.1655, -0.2165)
    [trial 9] 46 features, training_days=20 | threshold=0.727 | labels: 1002 long, 1169 short (46/54%)
    [trial 9] Sharpe=-6.0517 (folds: -0.3032, 0.0445, -10.0000, -10.0000, -10.0000)
    [trial 10] 46 features, training_days=10 | threshold=0.840 | labels: 1002 long, 1169 short (46/54%)
    [trial 10] Sharpe=-1.9944 (folds: 0.1895, 0.0445, -0.0429, -10.0000, -0.1633)
    [trial 11] 46 features, training_days=130 | threshold=0.607 | labels: 1002 long, 1169 short (46/54%)
    [trial 11] Sharpe=-0.0791 (folds: -0.1156, 0.0230, -0.1003, -0.0905, -0.1123)
    [trial 12] 46 features, training_days=100 | threshold=0.515 | labels: 1002 long, 1169 short (46/54%)
    [trial 12] Sharpe=-0.0464 (folds: -0.1510, 0.1120, -0.1522, -0.0713, 0.0307)
    [trial 13] 46 features, training_days=200 | threshold=0.589 | labels: 1002 long, 1169 short (46/54%)
    [trial 13] Sharpe=-0.0514 (folds: -0.1320, 0.0872, -0.0620, 0.0377, -0.1880)
    [trial 14] 46 features, training_days=60 | threshold=0.506 | labels: 1002 long, 1169 short (46/54%)
    [trial 14] Sharpe=-0.0968 (folds: -0.2382, 0.0073, -0.0895, -0.0715, -0.0920)
    [trial 15] 46 features, training_days=160 | threshold=0.637 | labels: 1002 long, 1169 short (46/54%)
    [trial 15] Sharpe=-0.0921 (folds: -0.1222, -0.0404, -0.1401, -0.0354, -0.1226)
    [trial 16] 46 features, training_days=60 | threshold=0.781 | labels: 1002 long, 1169 short (46/54%)
    [trial 16] Sharpe=-0.0898 (folds: -0.2247, 0.0075, -0.0438, -0.0491, -0.1389)
    [trial 17] 46 features, training_days=330 | threshold=0.560 | labels: 1002 long, 1169 short (46/54%)
    [trial 17] Sharpe=-0.0636 (folds: -0.1434, 0.0496, -0.1550, 0.0831, -0.1523)
  Optuna: 18 trials, best Sharpe = -0.0033
  Best params: n_estimators=212, max_depth=3, lr=0.1845, leaves=41
  Best confidence_threshold: 0.585
  Best training_days: 10
  Retrained on full data (30 samples, 46 features)
  OOD: 16 features, cutoff (q=0.7) = 14.36
  Model trained for 2024-04: 90 test candles with features, confidence_threshold=0.560
[predict] 2024-04-02 16:00 DOTUSDT → LONG (proba=0.61 TP=13.2%/SL=6.6%)
[trade:open] 2024-04-02 23:59 DOTUSDT LONG @ 8.59 | SL=8.02 TP=9.72 | timeout=2024-04-09 23:59
[trade:close] 2024-04-10 00:00 DOTUSDT LONG → timeout @ 8.66 | PnL=+0.90% (net +0.80%) | cum=+35.70% 2024-04=-4.58% 2024-04-10=+0.80%[I 2026-06-01 11:04:55,776] A new study created in memory with name: no-name-35885db7-cb48-438d-a831-fcad8ebe8e16
[I 2026-06-01 11:04:56,128] Trial 0 finished with value: -0.0963967799847026 and parameters: {'confidence_threshold': 0.6310890415965769, 'training_days': 480, 'n_estimators': 380, 'max_depth': 4, 'num_leaves': 22, 'learning_rate': 0.01699897838270077, 'subsample': 0.5290418060840998, 'colsample_bytree': 0.9330880728874675, 'min_child_samples': 68, 'reg_alpha': 0.023585940584142682, 'reg_lambda': 1.5320059381854043e-08}. Best is trial 0 with value: -0.0963967799847026.
[I 2026-06-01 11:04:56,256] Trial 1 finished with value: -5.997179145352983 and parameters: {'confidence_threshold': 0.839468448256698, 'training_days': 420, 'n_estimators': 145, 'max_depth': 3, 'num_leaves': 23, 'learning_rate': 0.028145092716060652, 'subsample': 0.762378215816119, 'colsample_bytree': 0.7159725093210578, 'min_child_samples': 43, 'reg_alpha': 0.0032112643094417484, 'reg_lambda': 1.8007140198129195e-07}. Best is trial 0 with value: -0.0963967799847026.
[I 2026-06-01 11:04:56,417] Trial 2 finished with value: -0.12001444098040104 and parameters: {'confidence_threshold': 0.6022506269873263, 'training_days': 190, 'n_estimators': 255, 'max_depth': 5, 'num_leaves': 24, 'learning_rate': 0.05748924681991978, 'subsample': 0.7962072844310213, 'colsample_bytree': 0.5232252063599989, 'min_child_samples': 69, 'reg_alpha': 3.425445902633376e-07, 'reg_lambda': 3.850031979199519e-08}. Best is trial 0 with value: -0.0963967799847026.
[I 2026-06-01 11:04:56,701] Trial 3 finished with value: -0.07580922312162926 and parameters: {'confidence_threshold': 0.8321099380386666, 'training_days': 490, 'n_estimators': 414, 'max_depth': 3, 'num_leaves': 19, 'learning_rate': 0.1024932221692416, 'subsample': 0.7200762468698007, 'colsample_bytree': 0.5610191174223894, 'min_child_samples': 60, 'reg_alpha': 2.039373116525212e-08, 'reg_lambda': 1.527156759251193}. Best is trial 3 with value: -0.07580922312162926.
[I 2026-06-01 11:04:56,870] Trial 4 finished with value: -0.0062211089543928195 and parameters: {'confidence_threshold': 0.5905729935600059, 'training_days': 340, 'n_estimators': 190, 'max_depth': 4, 'num_leaves': 41, 'learning_rate': 0.01875220945578641, 'subsample': 0.9847923138822793, 'colsample_bytree': 0.8875664116805573, 'min_child_samples': 96, 'reg_alpha': 1.1309571585271483, 'reg_lambda': 0.002404915432737351}. Best is trial 4 with value: -0.0062211089543928195.
[I 2026-06-01 11:04:56,912] Trial 5 finished with value: -2.0780998124972863 and parameters: {'confidence_threshold': 0.8226559822580909, 'training_days': 50, 'n_estimators': 138, 'max_depth': 3, 'num_leaves': 30, 'learning_rate': 0.03750796359625606, 'subsample': 0.6356745158869479, 'colsample_bytree': 0.9143687545759647, 'min_child_samples': 48, 'reg_alpha': 3.376063348877853e-06, 'reg_lambda': 0.0007660634613082914}. Best is trial 4 with value: -0.0062211089543928195.
[I 2026-06-01 11:04:57,032] Trial 6 finished with value: -0.010628938786937946 and parameters: {'confidence_threshold': 0.5493234787411669, 'training_days': 410, 'n_estimators': 83, 'max_depth': 5, 'num_leaves': 52, 'learning_rate': 0.019657448966046126, 'subsample': 0.5027610585618012, 'colsample_bytree': 0.9077307142274171, 'min_child_samples': 77, 'reg_alpha': 0.03639690979811287, 'reg_lambda': 0.08738424135626986}. Best is trial 4 with value: -0.0062211089543928195.
[I 2026-06-01 11:04:57,125] Trial 7 finished with value: -0.10384716421853082 and parameters: {'confidence_threshold': 0.5259156281069316, 'training_days': 180, 'n_estimators': 102, 'max_depth': 5, 'num_leaves': 45, 'learning_rate': 0.030816017044468066, 'subsample': 0.5317791751430119, 'colsample_bytree': 0.6554911608578311, 'min_child_samples': 46, 'reg_alpha': 0.036851536911881845, 'reg_lambda': 0.005470376807480391}. Best is trial 4 with value: -0.0062211089543928195.
[I 2026-06-01 11:04:57,231] Trial 8 finished with value: -0.06734791429679396 and parameters: {'confidence_threshold': 0.8105244599017143, 'training_days': 240, 'n_estimators': 103, 'max_depth': 5, 'num_leaves': 52, 'learning_rate': 0.06746437142284309, 'subsample': 0.8854835899772805, 'colsample_bytree': 0.7468977981821954, 'min_child_samples': 62, 'reg_alpha': 7.04480806377519e-05, 'reg_lambda': 1.6934490731313353e-08}. Best is trial 4 with value: -0.0062211089543928195.
[I 2026-06-01 11:04:57,253] Trial 9 finished with value: -0.03198230147323214 and parameters: {'confidence_threshold': 0.5377619994476566, 'training_days': 20, 'n_estimators': 337, 'max_depth': 3, 'num_leaves': 39, 'learning_rate': 0.21907142272152816, 'subsample': 0.6246461145744375, 'colsample_bytree': 0.7051914615178149, 'min_child_samples': 81, 'reg_alpha': 1.1459970229341322e-06, 'reg_lambda': 4.929685216887945e-08}. Best is trial 4 with value: -0.0062211089543928195.
[I 2026-06-01 11:04:57,614] Trial 10 finished with value: -0.08142142322479018 and parameters: {'confidence_threshold': 0.6797821749717731, 'training_days': 350, 'n_estimators': 487, 'max_depth': 4, 'num_leaves': 61, 'learning_rate': 0.011407797829608154, 'subsample': 0.9865389998628291, 'colsample_bytree': 0.8382861898713898, 'min_child_samples': 98, 'reg_alpha': 8.536188349289, 'reg_lambda': 3.3639426888455256e-06}. Best is trial 4 with value: -0.0062211089543928195.
[I 2026-06-01 11:04:57,804] Trial 11 finished with value: -0.018709933627197212 and parameters: {'confidence_threshold': 0.5868432171372693, 'training_days': 360, 'n_estimators': 227, 'max_depth': 4, 'num_leaves': 51, 'learning_rate': 0.010391584450418287, 'subsample': 0.9931345598701656, 'colsample_bytree': 0.8291852193868787, 'min_child_samples': 98, 'reg_alpha': 2.5735961046969034, 'reg_lambda': 0.13107569948156528}. Best is trial 4 with value: -0.0062211089543928195.
[I 2026-06-01 11:04:57,886] Trial 12 finished with value: -2.0335714783174677 and parameters: {'confidence_threshold': 0.7026666686410961, 'training_days': 330, 'n_estimators': 58, 'max_depth': 4, 'num_leaves': 37, 'learning_rate': 0.021652690184947147, 'subsample': 0.8428332421633107, 'colsample_bytree': 0.9949834803492208, 'min_child_samples': 84, 'reg_alpha': 0.4496120379467682, 'reg_lambda': 0.03605845816610118}. Best is trial 4 with value: -0.0062211089543928195.
[I 2026-06-01 11:04:58,175] Trial 13 finished with value: -0.06234003152105118 and parameters: {'confidence_threshold': 0.573238891075841, 'training_days': 290, 'n_estimators': 189, 'max_depth': 5, 'num_leaves': 62, 'learning_rate': 0.016847004856807724, 'subsample': 0.679659787699991, 'colsample_bytree': 0.8329217071881888, 'min_child_samples': 22, 'reg_alpha': 0.14750377393087252, 'reg_lambda': 3.9794797075090296e-05}. Best is trial 4 with value: -0.0062211089543928195.
[I 2026-06-01 11:04:58,436] Trial 14 finished with value: -0.07147097089006714 and parameters: {'confidence_threshold': 0.7467244789105287, 'training_days': 410, 'n_estimators': 304, 'max_depth': 4, 'num_leaves': 54, 'learning_rate': 0.043045782092019494, 'subsample': 0.9285001558266214, 'colsample_bytree': 0.8931047745131436, 'min_child_samples': 84, 'reg_alpha': 0.0005539900261911251, 'reg_lambda': 2.8727003846869654}. Best is trial 4 with value: -0.0062211089543928195.
[I 2026-06-01 11:04:58,511] Trial 15 finished with value: -0.05483680265633082 and parameters: {'confidence_threshold': 0.5045481779799919, 'training_days': 420, 'n_estimators': 51, 'max_depth': 5, 'num_leaves': 43, 'learning_rate': 0.10519300643060289, 'subsample': 0.6015874640141092, 'colsample_bytree': 0.9501074183915024, 'min_child_samples': 90, 'reg_alpha': 0.0030242975914927758, 'reg_lambda': 0.00026489767775597043}. Best is trial 4 with value: -0.0062211089543928195.
[I 2026-06-01 11:04:58,666] Trial 16 finished with value: -0.030623054717648996 and parameters: {'confidence_threshold': 0.6427390760916306, 'training_days': 260, 'n_estimators': 196, 'max_depth': 4, 'num_leaves': 31, 'learning_rate': 0.01813935476974566, 'subsample': 0.8369616211274493, 'colsample_bytree': 0.8046539897888276, 'min_child_samples': 74, 'reg_alpha': 0.3767691394088417, 'reg_lambda': 0.0932834613082392}. Best is trial 4 with value: -0.0062211089543928195.
