[I 2026-06-01 11:02:40,062] Trial 9 finished with value: -0.10347417273724528 and parameters: {'confidence_threshold': 0.6202096049169137, 'training_days': 260, 'n_estimators': 350, 'max_depth': 3, 'num_leaves': 21, 'learning_rate': 0.02989540198065364, 'subsample': 0.8307821683331218, 'colsample_bytree': 0.923253112635361, 'min_child_samples': 64, 'reg_alpha': 0.4898604619604203, 'reg_lambda': 2.9076377687066166e-05}. Best is trial 4 with value: 0.10063915665252879.
[I 2026-06-01 11:02:40,428] Trial 10 finished with value: -1.8883072658982822 and parameters: {'confidence_threshold': 0.8445241688507242, 'training_days': 470, 'n_estimators': 493, 'max_depth': 5, 'num_leaves': 63, 'learning_rate': 0.010221918552934462, 'subsample': 0.5019190721168774, 'colsample_bytree': 0.6202684210924141, 'min_child_samples': 99, 'reg_alpha': 1.9942621118187622e-08, 'reg_lambda': 0.0201634475791616}. Best is trial 4 with value: 0.10063915665252879.
[I 2026-06-01 11:02:40,456] Trial 11 finished with value: 0.12057294510456154 and parameters: {'confidence_threshold': 0.5077463503498806, 'training_days': 10, 'n_estimators': 262, 'max_depth': 3, 'num_leaves': 44, 'learning_rate': 0.07372430395837165, 'subsample': 0.6622634123372779, 'colsample_bytree': 0.9864508096204552, 'min_child_samples': 90, 'reg_alpha': 2.5493772909886044e-07, 'reg_lambda': 1.0030982359513554e-08}. Best is trial 11 with value: 0.12057294510456154.
[I 2026-06-01 11:02:40,484] Trial 12 finished with value: 0.12057294510456154 and parameters: {'confidence_threshold': 0.516353676066732, 'training_days': 10, 'n_estimators': 223, 'max_depth': 5, 'num_leaves': 40, 'learning_rate': 0.07194140759860877, 'subsample': 0.5471015437418626, 'colsample_bytree': 0.9722524044717222, 'min_child_samples': 82, 'reg_alpha': 1.0536264381398411e-07, 'reg_lambda': 4.98845270910816e-07}. Best is trial 11 with value: 0.12057294510456154.

  [label] 2022-07-03 00:00 DOTUSDT entry=6.7070 → LONG | long=timeout(+5.54%) short=sl(-8.59%) | scanned=22 | no_tp→fwd_return=+5.6359
  [label] 2022-07-15 16:00 DOTUSDT entry=6.7920 → LONG | long=tp(+13.02%) short=sl(-6.66%) | scanned=8 | long_tp_only
  [label] 2022-08-03 08:00 DOTUSDT entry=8.2690 → LONG | long=timeout(+15.14%) short=sl(-9.20%) | scanned=22 | no_tp→fwd_return=+15.2376
  [label] 2022-08-09 16:00 DOTUSDT entry=8.8950 → SHORT | long=timeout(-0.84%) short=sl(-7.31%) | scanned=22 | no_tp→fwd_return=-0.7420
  [label] 2022-08-22 00:00 DOTUSDT entry=7.1270 → SHORT | long=timeout(-2.40%) short=sl(-8.08%) | scanned=22 | no_tp→fwd_return=-2.3011
  [label] 2022-09-30 08:00 DOTUSDT entry=6.4440 → SHORT | long=sl(-5.72%) short=timeout(+2.12%) | scanned=22 | no_tp→fwd_return=-2.2191
  [label] 2022-10-10 08:00 DOTUSDT entry=6.3440 → SHORT | long=sl(-3.33%) short=tp(+6.36%) | scanned=8 | short_tp_only
  [label] 2023-01-04 08:00 DOTUSDT entry=4.6540 → LONG | long=tp(+6.04%) short=sl(-3.17%) | scanned=14 | long_tp_only
  Labels: 1053 long (48.6%), 1115 short (51.4%) | weights: min=1.00, mean=3.42, max=10.00
  Features: 2168/2168 matched, 46 columns
  CV gap: 22 rows
  [ensemble 1/3] seed=42
    [trial 0] 46 features, training_days=480 | threshold=0.631 | labels: 1053 long, 1115 short (49/51%)
    [CV fold 0] train_end=2021-05-25 08:00 | val_start=2021-06-02 00:00 | gap=184h (22 rows)
    [CV fold 1] train_end=2021-09-22 16:00 | val_start=2021-09-30 08:00 | gap=184h (22 rows)
    [CV fold 2] train_end=2022-01-21 00:00 | val_start=2022-01-28 16:00 | gap=184h (22 rows)
    [CV fold 3] train_end=2022-05-21 08:00 | val_start=2022-05-29 00:00 | gap=184h (22 rows)
    [CV fold 4] train_end=2022-09-18 16:00 | val_start=2022-09-26 08:00 | gap=184h (22 rows)
    [trial 0] Sharpe=0.0063 (folds: 0.2542, -0.1316, -0.0964, -0.0869, 0.0922)
    [trial 1] 46 features, training_days=420 | threshold=0.839 | labels: 1053 long, 1115 short (49/51%)
    [trial 1] Sharpe=-6.0108 (folds: 0.1702, -0.2242, -10.0000, -10.0000, -10.0000)
    [trial 2] 46 features, training_days=190 | threshold=0.602 | labels: 1053 long, 1115 short (49/51%)
    [trial 2] Sharpe=-0.0333 (folds: 0.2020, -0.2364, -0.0112, 0.0021, -0.1232)
    [trial 3] 46 features, training_days=490 | threshold=0.832 | labels: 1053 long, 1115 short (49/51%)
    [trial 3] Sharpe=0.0191 (folds: 0.1960, -0.1457, -0.0074, -0.0692, 0.1215)
    [trial 4] 46 features, training_days=340 | threshold=0.591 | labels: 1053 long, 1115 short (49/51%)
    [trial 4] Sharpe=-0.0697 (folds: 0.3071, -0.1305, -0.1832, -0.0445, -0.2976)
    [trial 5] 46 features, training_days=50 | threshold=0.823 | labels: 1053 long, 1115 short (49/51%)
    [trial 5] Sharpe=0.1359 (folds: 0.2301, 0.0092, 0.0854, 0.0822, 0.2727)
    [trial 6] 46 features, training_days=410 | threshold=0.549 | labels: 1053 long, 1115 short (49/51%)
    [trial 6] Sharpe=-0.0413 (folds: 0.1746, -0.1454, -0.1784, -0.1479, 0.0908)
    [trial 7] 46 features, training_days=180 | threshold=0.526 | labels: 1053 long, 1115 short (49/51%)
    [trial 7] Sharpe=-0.0476 (folds: 0.2022, -0.2206, -0.0939, -0.0285, -0.0972)
    [trial 8] 46 features, training_days=240 | threshold=0.811 | labels: 1053 long, 1115 short (49/51%)
    [trial 8] Sharpe=-0.1436 (folds: 0.2325, -0.2989, 0.0284, -0.2383, -0.4418)
    [trial 9] 46 features, training_days=20 | threshold=0.538 | labels: 1053 long, 1115 short (49/51%)
    [trial 9] Sharpe=0.0742 (folds: -0.0770, 0.1220, 0.1480, 0.1193, 0.0587)
    [trial 10] 46 features, training_days=10 | threshold=0.732 | labels: 1053 long, 1115 short (49/51%)
    [trial 10] Sharpe=0.1206 (folds: 0.1549, 0.1220, 0.1480, 0.1193, 0.0587)
    [trial 11] 46 features, training_days=20 | threshold=0.740 | labels: 1053 long, 1115 short (49/51%)
    [trial 11] Sharpe=0.0742 (folds: -0.0770, 0.1220, 0.1480, 0.1193, 0.0587)
    [trial 12] 46 features, training_days=110 | threshold=0.726 | labels: 1053 long, 1115 short (49/51%)
    [trial 12] Sharpe=0.0573 (folds: 0.1789, 0.0847, 0.1138, -0.1266, 0.0355)
    [trial 13] 46 features, training_days=100 | threshold=0.753 | labels: 1053 long, 1115 short (49/51%)
    [trial 13] Sharpe=0.0417 (folds: 0.2081, 0.0198, 0.1427, -0.2700, 0.1077)
    [trial 14] 46 features, training_days=90 | threshold=0.683 | labels: 1053 long, 1115 short (49/51%)
    [trial 14] Sharpe=-0.0099 (folds: 0.1920, -0.0860, 0.0114, -0.2773, 0.1104)
    [trial 15] 46 features, training_days=10 | threshold=0.790 | labels: 1053 long, 1115 short (49/51%)
    [trial 15] Sharpe=0.1206 (folds: 0.1549, 0.1220, 0.1480, 0.1193, 0.0587)
    [trial 16] 46 features, training_days=160 | threshold=0.684 | labels: 1053 long, 1115 short (49/51%)
    [trial 16] Sharpe=0.0084 (folds: 0.2138, -0.2030, 0.1252, -0.0380, -0.0559)
    [trial 17] 46 features, training_days=290 | threshold=0.776 | labels: 1053 long, 1115 short (49/51%)
    [trial 17] Sharpe=-0.0850 (folds: 0.1427, -0.2421, -0.0951, -0.1350, -0.0954)
  Optuna: 18 trials, best Sharpe = 0.1359
  Best params: n_estimators=138, max_depth=3, lr=0.0375, leaves=30
  Best confidence_threshold: 0.823
  Best training_days: 50
  Retrained on full data (150 samples, 46 features)
  [ensemble 2/3] seed=123
    [trial 0] 46 features, training_days=150 | threshold=0.744 | labels: 1053 long, 1115 short (49/51%)
    [CV fold 0] train_end=2021-05-25 08:00 | val_start=2021-06-02 00:00 | gap=184h (22 rows)
    [CV fold 1] train_end=2021-09-22 16:00 | val_start=2021-09-30 08:00 | gap=184h (22 rows)
    [CV fold 2] train_end=2022-01-21 00:00 | val_start=2022-01-28 16:00 | gap=184h (22 rows)
    [CV fold 3] train_end=2022-05-21 08:00 | val_start=2022-05-29 00:00 | gap=184h (22 rows)
    [CV fold 4] train_end=2022-09-18 16:00 | val_start=2022-09-26 08:00 | gap=184h (22 rows)
    [trial 0] Sharpe=-0.0212 (folds: 0.1843, -0.2003, 0.0749, -0.0017, -0.1635)
    [trial 1] 46 features, training_days=220 | threshold=0.755 | labels: 1053 long, 1115 short (49/51%)
    [trial 1] Sharpe=-0.1020 (folds: 0.3011, -0.4003, 0.2808, -0.2319, -0.4598)
    [trial 2] 46 features, training_days=310 | threshold=0.754 | labels: 1053 long, 1115 short (49/51%)
    [trial 2] Sharpe=-0.0112 (folds: 0.1701, -0.1108, 0.0576, -0.1234, -0.0496)
    [trial 3] 46 features, training_days=220 | threshold=0.673 | labels: 1053 long, 1115 short (49/51%)
    [trial 3] Sharpe=0.0146 (folds: 0.2182, -0.1363, 0.1766, -0.1292, -0.0562)
    [trial 4] 46 features, training_days=130 | threshold=0.803 | labels: 1053 long, 1115 short (49/51%)
    [trial 4] Sharpe=0.1006 (folds: 0.2286, -0.0031, 0.1877, -0.0360, 0.1261)
    [trial 5] 46 features, training_days=210 | threshold=0.606 | labels: 1053 long, 1115 short (49/51%)
    [trial 5] Sharpe=-0.0067 (folds: 0.2066, -0.2040, 0.1227, -0.0966, -0.0624)
    [trial 6] 46 features, training_days=130 | threshold=0.767 | labels: 1053 long, 1115 short (49/51%)
    [trial 6] Sharpe=0.0528 (folds: 0.1721, -0.0112, 0.2404, -0.0721, -0.0650)
    [trial 7] 46 features, training_days=80 | threshold=0.556 | labels: 1053 long, 1115 short (49/51%)
    [trial 7] Sharpe=0.0624 (folds: 0.2468, -0.0308, 0.0132, -0.0683, 0.1513)
    [trial 8] 46 features, training_days=200 | threshold=0.607 | labels: 1053 long, 1115 short (49/51%)
    [trial 8] Sharpe=0.0203 (folds: 0.2209, -0.1707, 0.1417, -0.0428, -0.0478)
    [trial 9] 46 features, training_days=260 | threshold=0.620 | labels: 1053 long, 1115 short (49/51%)
    [trial 9] Sharpe=-0.1035 (folds: 0.2295, -0.1867, -0.0750, -0.1796, -0.3055)
    [trial 10] 46 features, training_days=470 | threshold=0.845 | labels: 1053 long, 1115 short (49/51%)
    [trial 10] Sharpe=-1.8883 (folds: 0.4002, -0.4243, -0.2355, 0.8181, -10.0000)
    [trial 11] 46 features, training_days=10 | threshold=0.508 | labels: 1053 long, 1115 short (49/51%)
    [trial 11] Sharpe=0.1206 (folds: 0.1549, 0.1220, 0.1480, 0.1193, 0.0587)
    [trial 12] 46 features, training_days=10 | threshold=0.516 | labels: 1053 long, 1115 short (49/51%)
    [trial 12] Sharpe=0.1206 (folds: 0.1549, 0.1220, 0.1480, 0.1193, 0.0587)
    [trial 13] 46 features, training_days=10 | threshold=0.501 | labels: 1053 long, 1115 short (49/51%)[I 2026-06-01 11:02:40,512] Trial 13 finished with value: 0.12057294510456154 and parameters: {'confidence_threshold': 0.501145614105161, 'training_days': 10, 'n_estimators': 249, 'max_depth': 3, 'num_leaves': 32, 'learning_rate': 0.04828910244045968, 'subsample': 0.6335647443594731, 'colsample_bytree': 0.6564540780078124, 'min_child_samples': 84, 'reg_alpha': 2.8415788841060326e-08, 'reg_lambda': 3.0523674035427045e-07}. Best is trial 11 with value: 0.12057294510456154.
[I 2026-06-01 11:02:40,540] Trial 14 finished with value: 0.07417668236264688 and parameters: {'confidence_threshold': 0.5137054163280673, 'training_days': 20, 'n_estimators': 219, 'max_depth': 4, 'num_leaves': 42, 'learning_rate': 0.11137285155970186, 'subsample': 0.506327195517468, 'colsample_bytree': 0.9975209163089813, 'min_child_samples': 49, 'reg_alpha': 2.802918290921386e-07, 'reg_lambda': 1.908242382781671e-08}. Best is trial 11 with value: 0.12057294510456154.
[I 2026-06-01 11:02:40,571] Trial 15 finished with value: -1.9635378406195845 and parameters: {'confidence_threshold': 0.5551423717289238, 'training_days': 60, 'n_estimators': 300, 'max_depth': 5, 'num_leaves': 27, 'learning_rate': 0.1371767874448935, 'subsample': 0.7077083935514579, 'colsample_bytree': 0.5093920150666754, 'min_child_samples': 100, 'reg_alpha': 8.242035281577826e-07, 'reg_lambda': 7.127115599537386e-07}. Best is trial 11 with value: 0.12057294510456154.
[I 2026-06-01 11:02:40,630] Trial 16 finished with value: -0.05999039577495817 and parameters: {'confidence_threshold': 0.5566362050226943, 'training_days': 350, 'n_estimators': 50, 'max_depth': 3, 'num_leaves': 46, 'learning_rate': 0.03726909614885771, 'subsample': 0.5824016374699942, 'colsample_bytree': 0.9226210919778726, 'min_child_samples': 84, 'reg_alpha': 4.101116687361566e-07, 'reg_lambda': 0.0019821772168074096}. Best is trial 11 with value: 0.12057294510456154.
[I 2026-06-01 11:02:40,711] Trial 17 finished with value: 0.11155171987911743 and parameters: {'confidence_threshold': 0.666488584837589, 'training_days': 70, 'n_estimators': 445, 'max_depth': 4, 'num_leaves': 33, 'learning_rate': 0.06366588128713865, 'subsample': 0.9202138733708044, 'colsample_bytree': 0.9905526582977436, 'min_child_samples': 77, 'reg_alpha': 1.4483964421057927e-06, 'reg_lambda': 3.1239869580120565e-07}. Best is trial 11 with value: 0.12057294510456154.
[I 2026-06-01 11:02:40,812] A new study created in memory with name: no-name-02741ea9-3ff9-4b34-917e-ef191410e067
[I 2026-06-01 11:02:41,008] Trial 0 finished with value: 0.05249205565985915 and parameters: {'confidence_threshold': 0.5870645682749857, 'training_days': 90, 'n_estimators': 403, 'max_depth': 5, 'num_leaves': 45, 'learning_rate': 0.0780457193679974, 'subsample': 0.9428509515574568, 'colsample_bytree': 0.8795587339164916, 'min_child_samples': 34, 'reg_alpha': 2.2465901234314442e-07, 'reg_lambda': 8.339007036475363e-05}. Best is trial 0 with value: 0.05249205565985915.
[I 2026-06-01 11:02:41,122] Trial 1 finished with value: -0.007370656633425487 and parameters: {'confidence_threshold': 0.6348453934275313, 'training_days': 290, 'n_estimators': 115, 'max_depth': 5, 'num_leaves': 37, 'learning_rate': 0.06949568759029946, 'subsample': 0.8228505074024268, 'colsample_bytree': 0.8616703220431751, 'min_child_samples': 75, 'reg_alpha': 4.2486822725010923e-07, 'reg_lambda': 1.157247767047042e-07}. Best is trial 0 with value: 0.05249205565985915.
[I 2026-06-01 11:02:41,144] Trial 2 finished with value: 0.12057294510456154 and parameters: {'confidence_threshold': 0.5849570384370288, 'training_days': 10, 'n_estimators': 212, 'max_depth': 3, 'num_leaves': 41, 'learning_rate': 0.18452095998378365, 'subsample': 0.6001060822924371, 'colsample_bytree': 0.5673167293506167, 'min_child_samples': 37, 'reg_alpha': 5.733250064217131, 'reg_lambda': 0.5308454292595461}. Best is trial 2 with value: 0.12057294510456154.
[I 2026-06-01 11:02:41,230] Trial 3 finished with value: -0.13391643082402782 and parameters: {'confidence_threshold': 0.6868248626683718, 'training_days': 220, 'n_estimators': 134, 'max_depth': 3, 'num_leaves': 45, 'learning_rate': 0.033529007907491595, 'subsample': 0.8647277071858408, 'colsample_bytree': 0.778494116634046, 'min_child_samples': 96, 'reg_alpha': 2.409409937265785e-07, 'reg_lambda': 1.1642073478060009}. Best is trial 2 with value: 0.12057294510456154.
[I 2026-06-01 11:02:41,311] Trial 4 finished with value: 0.006202202664265685 and parameters: {'confidence_threshold': 0.5623121348350352, 'training_days': 300, 'n_estimators': 69, 'max_depth': 4, 'num_leaves': 32, 'learning_rate': 0.14967629360700346, 'subsample': 0.5054535233636654, 'colsample_bytree': 0.7401385194659216, 'min_child_samples': 27, 'reg_alpha': 1.4212042567426725e-07, 'reg_lambda': 0.23605753701352003}. Best is trial 2 with value: 0.12057294510456154.
[I 2026-06-01 11:02:41,714] Trial 5 finished with value: 0.030396813828750823 and parameters: {'confidence_threshold': 0.7111850244908446, 'training_days': 490, 'n_estimators': 362, 'max_depth': 5, 'num_leaves': 40, 'learning_rate': 0.05960785724162737, 'subsample': 0.5589714368907717, 'colsample_bytree': 0.6659006943232806, 'min_child_samples': 42, 'reg_alpha': 0.6741360303045295, 'reg_lambda': 6.054601607143087e-08}. Best is trial 2 with value: 0.12057294510456154.
[I 2026-06-01 11:02:41,888] Trial 6 finished with value: -0.046838657933453 and parameters: {'confidence_threshold': 0.667482545748023, 'training_days': 420, 'n_estimators': 279, 'max_depth': 3, 'num_leaves': 45, 'learning_rate': 0.040099592560849204, 'subsample': 0.8563114696415159, 'colsample_bytree': 0.5442917781944105, 'min_child_samples': 50, 'reg_alpha': 1.6407916423707903e-08, 'reg_lambda': 2.935907642973286e-05}. Best is trial 2 with value: 0.12057294510456154.
[I 2026-06-01 11:02:42,037] Trial 7 finished with value: 0.0657147855759841 and parameters: {'confidence_threshold': 0.5497381024139926, 'training_days': 120, 'n_estimators': 408, 'max_depth': 5, 'num_leaves': 38, 'learning_rate': 0.28049122657745795, 'subsample': 0.8806573338635493, 'colsample_bytree': 0.5454054113547102, 'min_child_samples': 63, 'reg_alpha': 0.01263008637940408, 'reg_lambda': 0.04588020805366937}. Best is trial 2 with value: 0.12057294510456154.
[I 2026-06-01 11:02:42,300] Trial 8 finished with value: -0.027910259836970187 and parameters: {'confidence_threshold': 0.719644804808716, 'training_days': 450, 'n_estimators': 410, 'max_depth': 4, 'num_leaves': 57, 'learning_rate': 0.04022026551478857, 'subsample': 0.5336085426932707, 'colsample_bytree': 0.5705742850577543, 'min_child_samples': 100, 'reg_alpha': 5.916398047912201e-07, 'reg_lambda': 0.9794034214488329}. Best is trial 2 with value: 0.12057294510456154.
[I 2026-06-01 11:02:42,323] Trial 9 finished with value: 0.07417668236264688 and parameters: {'confidence_threshold': 0.7267463643917187, 'training_days': 20, 'n_estimators': 337, 'max_depth': 5, 'num_leaves': 23, 'learning_rate': 0.022153031811454605, 'subsample': 0.6305627572358737, 'colsample_bytree': 0.6613413774216214, 'min_child_samples': 81, 'reg_alpha': 5.7638634029410314e-08, 'reg_lambda': 8.26603016764008}. Best is trial 2 with value: 0.12057294510456154.
[I 2026-06-01 11:02:42,350] Trial 10 finished with value: 0.12057294510456154 and parameters: {'confidence_threshold': 0.8398533911817929, 'training_days': 10, 'n_estimators': 228, 'max_depth': 3, 'num_leaves': 15, 'learning_rate': 0.2789359567293539, 'subsample': 0.6821883053833926, 'colsample_bytree': 0.9944479338273263, 'min_child_samples': 23, 'reg_alpha': 2.903134294418681, 'reg_lambda': 0.0032849428938367974}. Best is trial 2 with value: 0.12057294510456154.
[I 2026-06-01 11:02:42,377] Trial 11 finished with value: 0.12057294510456154 and parameters: {'confidence_threshold': 0.8491135887906174, 'training_days': 10, 'n_estimators': 209, 'max_depth': 3, 'num_leaves': 15, 'learning_rate': 0.27815973382833, 'subsample': 0.6879062534938418, 'colsample_bytree': 0.9628722124262472, 'min_child_samples': 20, 'reg_alpha': 9.461112950663296, 'reg_lambda': 0.004788595467491423}. Best is trial 2 with value: 0.12057294510456154.
[I 2026-06-01 11:02:42,530] Trial 12 finished with value: 0.08783904841670107 and parameters: {'confidence_threshold': 0.83900033179092, 'training_days': 140, 'n_estimators': 219, 'max_depth': 4, 'num_leaves': 57, 'learning_rate': 0.14143539714508013, 'subsample': 0.7066421539868052, 'colsample_bytree': 0.9826583982594713, 'min_child_samples': 38, 'reg_alpha': 0.02694721219722944, 'reg_lambda': 0.002586791714474608}. Best is trial 2 with value: 0.12057294510456154.
[I 2026-06-01 11:02:42,652] Trial 13 finished with value: 0.009748710992742224 and parameters: {'confidence_threshold': 0.5040535938350955, 'training_days': 200, 'n_estimators': 219, 'max_depth': 3, 'num_leaves': 27, 'learning_rate': 0.15892994284987041, 'subsample': 0.6231621855799615, 'colsample_bytree': 0.6451068859491428, 'min_child_samples': 54, 'reg_alpha': 0.0001325242033987599, 'reg_lambda': 5.312802003286294e-06}. Best is trial 2 with value: 0.12057294510456154.
[I 2026-06-01 11:02:42,733] Trial 14 finished with value: 0.07431426705096707 and parameters: {'confidence_threshold': 0.7723320301796328, 'training_days': 70, 'n_estimators': 500, 'max_depth': 3, 'num_leaves': 17, 'learning_rate': 0.10885680991659169, 'subsample': 0.7851487748866213, 'colsample_bytree': 0.7921009662363301, 'min_child_samples': 22, 'reg_alpha': 8.082904417668777, 'reg_lambda': 0.00974234545252979}. Best is trial 2 with value: 0.12057294510456154.
[I 2026-06-01 11:02:42,838] Trial 15 finished with value: -1.9048547230586024 and parameters: {'confidence_threshold': 0.7829525506318393, 'training_days': 160, 'n_estimators': 168, 'max_depth': 3, 'num_leaves': 51, 'learning_rate': 0.010017412216024365, 'subsample': 0.6120390612600266, 'colsample_bytree': 0.502925720040233, 'min_child_samples': 34, 'reg_alpha': 0.13059613104316006, 'reg_lambda': 0.0006156141946978409}. Best is trial 2 with value: 0.12057294510456154.
[I 2026-06-01 11:02:43,093] Trial 16 finished with value: -0.009681605504779284 and parameters: {'confidence_threshold': 0.6219694252722007, 'training_days': 360, 'n_estimators': 277, 'max_depth': 4, 'num_leaves': 30, 'learning_rate': 0.22801137105963568, 'subsample': 0.6982537545716929, 'colsample_bytree': 0.9182910580304163, 'min_child_samples': 48, 'reg_alpha': 0.0002638845618184788, 'reg_lambda': 0.09115701068245131}. Best is trial 2 with value: 0.12057294510456154.
