[I 2026-06-01 11:01:59,680] Trial 9 finished with value: -0.02697369749674084 and parameters: {'confidence_threshold': 0.6202096049169137, 'training_days': 260, 'n_estimators': 350, 'max_depth': 3, 'num_leaves': 21, 'learning_rate': 0.02989540198065364, 'subsample': 0.8307821683331218, 'colsample_bytree': 0.923253112635361, 'min_child_samples': 64, 'reg_alpha': 0.4898604619604203, 'reg_lambda': 2.9076377687066166e-05}. Best is trial 1 with value: 0.07370485746612845.
[I 2026-06-01 11:02:00,082] Trial 10 finished with value: -1.8710394626363758 and parameters: {'confidence_threshold': 0.8445241688507242, 'training_days': 470, 'n_estimators': 493, 'max_depth': 4, 'num_leaves': 63, 'learning_rate': 0.010221918552934462, 'subsample': 0.5019190721168774, 'colsample_bytree': 0.6202684210924141, 'min_child_samples': 47, 'reg_alpha': 2.371385268938747e-08, 'reg_lambda': 1.7987349911222597}. Best is trial 1 with value: 0.07370485746612845.
[I 2026-06-01 11:02:00,111] Trial 11 finished with value: 0.08852290049590025 and parameters: {'confidence_threshold': 0.5077463503498806, 'training_days': 10, 'n_estimators': 51, 'max_depth': 3, 'num_leaves': 50, 'learning_rate': 0.015148209657231146, 'subsample': 0.6237809734061339, 'colsample_bytree': 0.6634105482198105, 'min_child_samples': 100, 'reg_alpha': 2.5493772909886044e-07, 'reg_lambda': 0.03070898466711572}. Best is trial 11 with value: 0.08852290049590025.
[I 2026-06-01 11:02:00,139] Trial 12 finished with value: 0.08852290049590025 and parameters: {'confidence_threshold': 0.516353676066732, 'training_days': 20, 'n_estimators': 51, 'max_depth': 3, 'num_leaves': 49, 'learning_rate': 0.011912507296244481, 'subsample': 0.6114369698563697, 'colsample_bytree': 0.6669454130036883, 'min_child_samples': 100, 'reg_alpha': 1.801567915374319e-08, 'reg_lambda': 0.19701314168700246}. Best is trial 11 with value: 0.08852290049590025.
[I 2026-06-01 11:02:00,171] Trial 13 finished with value: 0.08852290049590025 and parameters: {'confidence_threshold': 0.501145614105161, 'training_days': 10, 'n_estimators': 51, 'max_depth': 3, 'num_leaves': 55, 'learning_rate': 0.011039198420851251, 'subsample': 0.6612822362927062, 'colsample_bytree': 0.6357563568573675, 'min_child_samples': 95, 'reg_alpha': 1.258621883237973e-08, 'reg_lambda': 0.02012818354487528}. Best is trial 11 with value: 0.08852290049590025.
[I 2026-06-01 11:02:00,196] Trial 14 finished with value: 0.08852290049590025 and parameters: {'confidence_threshold': 0.5137054163280673, 'training_days': 20, 'n_estimators': 112, 'max_depth': 3, 'num_leaves': 44, 'learning_rate': 0.01645102485501106, 'subsample': 0.5931233759269687, 'colsample_bytree': 0.5075347953647718, 'min_child_samples': 98, 'reg_alpha': 2.802918290921386e-07, 'reg_lambda': 0.033259635592539624}. Best is trial 11 with value: 0.08852290049590025.
[I 2026-06-01 11:02:00,222] Trial 15 finished with value: -1.9398807880202003 and parameters: {'confidence_threshold': 0.5551423717289238, 'training_days': 60, 'n_estimators': 215, 'max_depth': 3, 'num_leaves': 32, 'learning_rate': 0.037392478764815176, 'subsample': 0.507007918467014, 'colsample_bytree': 0.668836180753283, 'min_child_samples': 84, 'reg_alpha': 5.011892081220446e-07, 'reg_lambda': 0.005996885803120553}. Best is trial 11 with value: 0.08852290049590025.
[I 2026-06-01 11:02:00,276] Trial 16 finished with value: -0.043221879226094176 and parameters: {'confidence_threshold': 0.5566362050226943, 'training_days': 350, 'n_estimators': 50, 'max_depth': 3, 'num_leaves': 58, 'learning_rate': 0.01417467253224084, 'subsample': 0.6811015010506021, 'colsample_bytree': 0.6982877056862742, 'min_child_samples': 82, 'reg_alpha': 4.101116687361566e-07, 'reg_lambda': 5.94548850314912}. Best is trial 11 with value: 0.08852290049590025.
[I 2026-06-01 11:02:00,301] Trial 17 finished with value: -1.9398807880202003 and parameters: {'confidence_threshold': 0.666488584837589, 'training_days': 70, 'n_estimators': 109, 'max_depth': 3, 'num_leaves': 44, 'learning_rate': 0.02514989810757023, 'subsample': 0.9202138733708044, 'colsample_bytree': 0.5548985134116409, 'min_child_samples': 100, 'reg_alpha': 7.930755145494408e-08, 'reg_lambda': 0.30204752721945244}. Best is trial 11 with value: 0.08852290049590025.
[I 2026-06-01 11:02:00,354] A new study created in memory with name: no-name-be168cda-3b55-47aa-a446-6007aac8469c

    [CV fold 0] train_end=2021-01-22 08:00 | val_start=2021-01-30 00:00 | gap=184h (22 rows)
    [CV fold 1] train_end=2021-05-22 16:00 | val_start=2021-05-30 08:00 | gap=184h (22 rows)
    [CV fold 2] train_end=2021-09-20 00:00 | val_start=2021-09-27 16:00 | gap=184h (22 rows)
    [CV fold 3] train_end=2022-01-18 08:00 | val_start=2022-01-26 00:00 | gap=184h (22 rows)
    [CV fold 4] train_end=2022-05-18 16:00 | val_start=2022-05-26 08:00 | gap=184h (22 rows)
    [trial 0] Sharpe=-0.0074 (folds: 0.0169, 0.2337, -0.0950, -0.1452, -0.0474)
    [trial 1] 46 features, training_days=420 | threshold=0.839 | labels: 1126 long, 1042 short (52/48%)
    [trial 1] Sharpe=-4.0260 (folds: 0.0967, 0.1180, -0.3447, -10.0000, -10.0000)
    [trial 2] 46 features, training_days=190 | threshold=0.602 | labels: 1126 long, 1042 short (52/48%)
    [trial 2] Sharpe=-0.0912 (folds: -0.0437, 0.0730, -0.2467, -0.2234, -0.0153)
    [trial 3] 46 features, training_days=490 | threshold=0.832 | labels: 1126 long, 1042 short (52/48%)
    [trial 3] Sharpe=-0.0337 (folds: -0.0272, 0.1781, -0.1459, -0.1813, 0.0077)
    [trial 4] 46 features, training_days=340 | threshold=0.591 | labels: 1126 long, 1042 short (52/48%)
    [trial 4] Sharpe=-0.0422 (folds: 0.0522, 0.2258, -0.1933, -0.2125, -0.0834)
    [trial 5] 46 features, training_days=50 | threshold=0.823 | labels: 1126 long, 1042 short (52/48%)
    [trial 5] Sharpe=-0.0669 (folds: -0.0360, -0.1256, -0.1701, -0.0069, 0.0040)
    [trial 6] 46 features, training_days=410 | threshold=0.549 | labels: 1126 long, 1042 short (52/48%)
    [trial 6] Sharpe=-0.0373 (folds: 0.0619, 0.2313, -0.1081, -0.2177, -0.1539)
    [trial 7] 46 features, training_days=180 | threshold=0.526 | labels: 1126 long, 1042 short (52/48%)
    [trial 7] Sharpe=-0.0195 (folds: 0.0086, 0.2586, -0.1247, -0.2405, 0.0004)
    [trial 8] 46 features, training_days=240 | threshold=0.811 | labels: 1126 long, 1042 short (52/48%)
    [trial 8] Sharpe=-0.0231 (folds: 0.0069, 0.2593, -0.2550, 0.0167, -0.1435)
    [trial 9] 46 features, training_days=20 | threshold=0.538 | labels: 1126 long, 1042 short (52/48%)
    [trial 9] Sharpe=0.0885 (folds: 0.1628, -0.0885, 0.1140, 0.1531, 0.1012)
    [trial 10] 46 features, training_days=10 | threshold=0.745 | labels: 1126 long, 1042 short (52/48%)
    [trial 10] Sharpe=-1.9440 (folds: -10.0000, -0.0885, 0.1140, 0.1531, 0.1012)
    [trial 11] 46 features, training_days=110 | threshold=0.662 | labels: 1126 long, 1042 short (52/48%)
    [trial 11] Sharpe=0.0002 (folds: 0.0787, 0.3059, -0.2062, -0.1910, 0.0137)
    [trial 12] 46 features, training_days=110 | threshold=0.696 | labels: 1126 long, 1042 short (52/48%)
    [trial 12] Sharpe=-0.0921 (folds: 0.0061, 0.3461, -0.2244, -0.3971, -0.1912)
    [trial 13] 46 features, training_days=100 | threshold=0.677 | labels: 1126 long, 1042 short (52/48%)
    [trial 13] Sharpe=0.0218 (folds: 0.0988, 0.2054, -0.0344, -0.1012, -0.0596)
    [trial 14] 46 features, training_days=90 | threshold=0.717 | labels: 1126 long, 1042 short (52/48%)
    [trial 14] Sharpe=0.0120 (folds: 0.1702, 0.1030, 0.0062, -0.1841, -0.0352)
    [trial 15] 46 features, training_days=10 | threshold=0.503 | labels: 1126 long, 1042 short (52/48%)
    [trial 15] Sharpe=0.0885 (folds: 0.1628, -0.0885, 0.1140, 0.1531, 0.1012)
    [trial 16] 46 features, training_days=10 | threshold=0.518 | labels: 1126 long, 1042 short (52/48%)
    [trial 16] Sharpe=0.0885 (folds: 0.1628, -0.0885, 0.1140, 0.1531, 0.1012)
    [trial 17] 46 features, training_days=300 | threshold=0.560 | labels: 1126 long, 1042 short (52/48%)
    [trial 17] Sharpe=-0.0270 (folds: -0.0136, 0.0974, -0.1471, 0.0322, -0.1039)
  Optuna: 18 trials, best Sharpe = 0.0885
  Best params: n_estimators=337, max_depth=3, lr=0.2191, leaves=39
  Best confidence_threshold: 0.538
  Best training_days: 20
  Retrained on full data (60 samples, 46 features)
  [ensemble 2/3] seed=123
    [trial 0] 46 features, training_days=150 | threshold=0.744 | labels: 1126 long, 1042 short (52/48%)
    [CV fold 0] train_end=2021-01-22 08:00 | val_start=2021-01-30 00:00 | gap=184h (22 rows)
    [CV fold 1] train_end=2021-05-22 16:00 | val_start=2021-05-30 08:00 | gap=184h (22 rows)
    [CV fold 2] train_end=2021-09-20 00:00 | val_start=2021-09-27 16:00 | gap=184h (22 rows)
    [CV fold 3] train_end=2022-01-18 08:00 | val_start=2022-01-26 00:00 | gap=184h (22 rows)
    [CV fold 4] train_end=2022-05-18 16:00 | val_start=2022-05-26 08:00 | gap=184h (22 rows)
    [trial 0] Sharpe=-0.0377 (folds: 0.0339, 0.2227, -0.3544, -0.0751, -0.0157)
    [trial 1] 46 features, training_days=220 | threshold=0.755 | labels: 1126 long, 1042 short (52/48%)
    [trial 1] Sharpe=0.0737 (folds: 0.1655, 0.1588, -0.3982, 0.5498, -0.1074)
    [trial 2] 46 features, training_days=310 | threshold=0.754 | labels: 1126 long, 1042 short (52/48%)
    [trial 2] Sharpe=0.0262 (folds: 0.0369, 0.1842, -0.0636, 0.0224, -0.0490)
    [trial 3] 46 features, training_days=220 | threshold=0.673 | labels: 1126 long, 1042 short (52/48%)
    [trial 3] Sharpe=-0.0321 (folds: -0.0421, 0.1402, -0.1477, 0.0816, -0.1926)
    [trial 4] 46 features, training_days=130 | threshold=0.803 | labels: 1126 long, 1042 short (52/48%)
    [trial 4] Sharpe=-0.0075 (folds: -0.0461, 0.0921, -0.0705, 0.0202, -0.0331)
    [trial 5] 46 features, training_days=210 | threshold=0.606 | labels: 1126 long, 1042 short (52/48%)
    [trial 5] Sharpe=-0.0131 (folds: -0.0222, 0.0632, -0.1703, 0.1492, -0.0854)
    [trial 6] 46 features, training_days=130 | threshold=0.767 | labels: 1126 long, 1042 short (52/48%)
    [trial 6] Sharpe=0.0316 (folds: -0.0521, 0.1071, 0.0078, 0.1662, -0.0711)
    [trial 7] 46 features, training_days=80 | threshold=0.556 | labels: 1126 long, 1042 short (52/48%)
    [trial 7] Sharpe=0.0380 (folds: 0.1789, 0.1800, -0.1301, -0.0313, -0.0072)
    [trial 8] 46 features, training_days=200 | threshold=0.607 | labels: 1126 long, 1042 short (52/48%)
    [trial 8] Sharpe=-0.0213 (folds: -0.0447, 0.0702, -0.1613, 0.1032, -0.0738)
    [trial 9] 46 features, training_days=260 | threshold=0.620 | labels: 1126 long, 1042 short (52/48%)
    [trial 9] Sharpe=-0.0270 (folds: 0.0182, 0.1997, -0.1639, -0.0614, -0.1275)
    [trial 10] 46 features, training_days=470 | threshold=0.845 | labels: 1126 long, 1042 short (52/48%)
    [trial 10] Sharpe=-1.8710 (folds: 0.0621, 0.1412, -0.2245, -10.0000, 0.6661)
    [trial 11] 46 features, training_days=10 | threshold=0.508 | labels: 1126 long, 1042 short (52/48%)
    [trial 11] Sharpe=0.0885 (folds: 0.1628, -0.0885, 0.1140, 0.1531, 0.1012)
    [trial 12] 46 features, training_days=20 | threshold=0.516 | labels: 1126 long, 1042 short (52/48%)
    [trial 12] Sharpe=0.0885 (folds: 0.1628, -0.0885, 0.1140, 0.1531, 0.1012)
    [trial 13] 46 features, training_days=10 | threshold=0.501 | labels: 1126 long, 1042 short (52/48%)
    [trial 13] Sharpe=0.0885 (folds: 0.1628, -0.0885, 0.1140, 0.1531, 0.1012)
    [trial 14] 46 features, training_days=20 | threshold=0.514 | labels: 1126 long, 1042 short (52/48%)
    [trial 14] Sharpe=0.0885 (folds: 0.1628, -0.0885, 0.1140, 0.1531, 0.1012)
    [trial 15] 46 features, training_days=60 | threshold=0.555 | labels: 1126 long, 1042 short (52/48%)
    [trial 15] Sharpe=-1.9399 (folds: 0.1628, -10.0000, -0.1165, 0.1531, 0.1012)
    [trial 16] 46 features, training_days=350 | threshold=0.557 | labels: 1126 long, 1042 short (52/48%)
    [trial 16] Sharpe=-0.0432 (folds: 0.1107, 0.2676, -0.1043, -0.4524, -0.0376)
    [trial 17] 46 features, training_days=70 | threshold=0.666 | labels: 1126 long, 1042 short (52/48%)
    [trial 17] Sharpe=-1.9399 (folds: 0.1628, -10.0000, -0.1165, 0.1531, 0.1012)
  Optuna: 18 trials, best Sharpe = 0.0885
  Best params: n_estimators=51, max_depth=3, lr=0.0151, leaves=50
  Best confidence_threshold: 0.508
  Best training_days: 10
  Retrained on full data (30 samples, 46 features)
  [ensemble 3/3] seed=456
    [trial 0] 46 features, training_days=90 | threshold=0.587 | labels: 1126 long, 1042 short (52/48%)
    [CV fold 0] train_end=2021-01-22 08:00 | val_start=2021-01-30 00:00 | gap=184h (22 rows)
    [CV fold 1] train_end=2021-05-22 16:00 | val_start=2021-05-30 08:00 | gap=184h (22 rows)[I 2026-06-01 11:02:00,526] Trial 0 finished with value: 0.034142631373268686 and parameters: {'confidence_threshold': 0.5870645682749857, 'training_days': 90, 'n_estimators': 403, 'max_depth': 5, 'num_leaves': 45, 'learning_rate': 0.0780457193679974, 'subsample': 0.9428509515574568, 'colsample_bytree': 0.8795587339164916, 'min_child_samples': 34, 'reg_alpha': 2.2465901234314442e-07, 'reg_lambda': 8.339007036475363e-05}. Best is trial 0 with value: 0.034142631373268686.
[I 2026-06-01 11:02:00,636] Trial 1 finished with value: -0.02408078220397982 and parameters: {'confidence_threshold': 0.6348453934275313, 'training_days': 290, 'n_estimators': 115, 'max_depth': 5, 'num_leaves': 37, 'learning_rate': 0.06949568759029946, 'subsample': 0.8228505074024268, 'colsample_bytree': 0.8616703220431751, 'min_child_samples': 75, 'reg_alpha': 4.2486822725010923e-07, 'reg_lambda': 1.157247767047042e-07}. Best is trial 0 with value: 0.034142631373268686.
[I 2026-06-01 11:02:00,658] Trial 2 finished with value: 0.08852290049590025 and parameters: {'confidence_threshold': 0.5849570384370288, 'training_days': 10, 'n_estimators': 212, 'max_depth': 3, 'num_leaves': 41, 'learning_rate': 0.18452095998378365, 'subsample': 0.6001060822924371, 'colsample_bytree': 0.5673167293506167, 'min_child_samples': 37, 'reg_alpha': 5.733250064217131, 'reg_lambda': 0.5308454292595461}. Best is trial 2 with value: 0.08852290049590025.
[I 2026-06-01 11:02:00,736] Trial 3 finished with value: -0.07970194479417265 and parameters: {'confidence_threshold': 0.6868248626683718, 'training_days': 220, 'n_estimators': 134, 'max_depth': 3, 'num_leaves': 45, 'learning_rate': 0.033529007907491595, 'subsample': 0.8647277071858408, 'colsample_bytree': 0.778494116634046, 'min_child_samples': 96, 'reg_alpha': 2.409409937265785e-07, 'reg_lambda': 1.1642073478060009}. Best is trial 2 with value: 0.08852290049590025.
[I 2026-06-01 11:02:00,814] Trial 4 finished with value: -0.03248550196851606 and parameters: {'confidence_threshold': 0.5623121348350352, 'training_days': 300, 'n_estimators': 69, 'max_depth': 4, 'num_leaves': 32, 'learning_rate': 0.14967629360700346, 'subsample': 0.5054535233636654, 'colsample_bytree': 0.7401385194659216, 'min_child_samples': 27, 'reg_alpha': 1.4212042567426725e-07, 'reg_lambda': 0.23605753701352003}. Best is trial 2 with value: 0.08852290049590025.
[I 2026-06-01 11:02:01,193] Trial 5 finished with value: -0.03100106288617107 and parameters: {'confidence_threshold': 0.7111850244908446, 'training_days': 490, 'n_estimators': 362, 'max_depth': 5, 'num_leaves': 40, 'learning_rate': 0.05960785724162737, 'subsample': 0.5589714368907717, 'colsample_bytree': 0.6659006943232806, 'min_child_samples': 42, 'reg_alpha': 0.6741360303045295, 'reg_lambda': 6.054601607143087e-08}. Best is trial 2 with value: 0.08852290049590025.
[I 2026-06-01 11:02:01,363] Trial 6 finished with value: -0.03122342491629581 and parameters: {'confidence_threshold': 0.667482545748023, 'training_days': 420, 'n_estimators': 279, 'max_depth': 3, 'num_leaves': 45, 'learning_rate': 0.040099592560849204, 'subsample': 0.8563114696415159, 'colsample_bytree': 0.5442917781944105, 'min_child_samples': 50, 'reg_alpha': 1.6407916423707903e-08, 'reg_lambda': 2.935907642973286e-05}. Best is trial 2 with value: 0.08852290049590025.
[I 2026-06-01 11:02:01,508] Trial 7 finished with value: 0.0169665842206927 and parameters: {'confidence_threshold': 0.5497381024139926, 'training_days': 120, 'n_estimators': 408, 'max_depth': 5, 'num_leaves': 38, 'learning_rate': 0.28049122657745795, 'subsample': 0.8806573338635493, 'colsample_bytree': 0.5454054113547102, 'min_child_samples': 63, 'reg_alpha': 0.01263008637940408, 'reg_lambda': 0.04588020805366937}. Best is trial 2 with value: 0.08852290049590025.
[I 2026-06-01 11:02:01,757] Trial 8 finished with value: -0.04414639960377506 and parameters: {'confidence_threshold': 0.719644804808716, 'training_days': 450, 'n_estimators': 410, 'max_depth': 4, 'num_leaves': 57, 'learning_rate': 0.04022026551478857, 'subsample': 0.5336085426932707, 'colsample_bytree': 0.5705742850577543, 'min_child_samples': 100, 'reg_alpha': 5.916398047912201e-07, 'reg_lambda': 0.9794034214488329}. Best is trial 2 with value: 0.08852290049590025.
[I 2026-06-01 11:02:01,778] Trial 9 finished with value: -3.9648999428387484 and parameters: {'confidence_threshold': 0.7267463643917187, 'training_days': 20, 'n_estimators': 337, 'max_depth': 5, 'num_leaves': 23, 'learning_rate': 0.022153031811454605, 'subsample': 0.6305627572358737, 'colsample_bytree': 0.6613413774216214, 'min_child_samples': 81, 'reg_alpha': 5.7638634029410314e-08, 'reg_lambda': 8.26603016764008}. Best is trial 2 with value: 0.08852290049590025.
[I 2026-06-01 11:02:01,804] Trial 10 finished with value: -3.9642712284329336 and parameters: {'confidence_threshold': 0.8398533911817929, 'training_days': 10, 'n_estimators': 228, 'max_depth': 3, 'num_leaves': 15, 'learning_rate': 0.2789359567293539, 'subsample': 0.6821883053833926, 'colsample_bytree': 0.9944479338273263, 'min_child_samples': 23, 'reg_alpha': 2.903134294418681, 'reg_lambda': 0.0032849428938367974}. Best is trial 2 with value: 0.08852290049590025.
[I 2026-06-01 11:02:02,044] Trial 11 finished with value: 0.04000444688348574 and parameters: {'confidence_threshold': 0.6072368037709402, 'training_days': 130, 'n_estimators': 478, 'max_depth': 4, 'num_leaves': 54, 'learning_rate': 0.11404807996447297, 'subsample': 0.9876183503862322, 'colsample_bytree': 0.9214296292909252, 'min_child_samples': 39, 'reg_alpha': 2.5646023357365184e-05, 'reg_lambda': 5.962006663598236e-05}. Best is trial 2 with value: 0.08852290049590025.
[I 2026-06-01 11:02:02,315] Trial 12 finished with value: 0.017107813836394474 and parameters: {'confidence_threshold': 0.5145853631584999, 'training_days': 160, 'n_estimators': 490, 'max_depth': 4, 'num_leaves': 63, 'learning_rate': 0.13007949331851176, 'subsample': 0.9912016966112274, 'colsample_bytree': 0.9826583982594713, 'min_child_samples': 48, 'reg_alpha': 5.113460481149383e-05, 'reg_lambda': 1.4304147444691813e-06}. Best is trial 2 with value: 0.08852290049590025.
[I 2026-06-01 11:02:02,414] Trial 13 finished with value: 0.0006304557756459883 and parameters: {'confidence_threshold': 0.6092349708206475, 'training_days': 80, 'n_estimators': 212, 'max_depth': 4, 'num_leaves': 54, 'learning_rate': 0.1288344664597877, 'subsample': 0.7506155789129834, 'colsample_bytree': 0.889522731693884, 'min_child_samples': 39, 'reg_alpha': 7.173478071883683e-05, 'reg_lambda': 0.0018114538100478302}. Best is trial 2 with value: 0.08852290049590025.
[I 2026-06-01 11:02:02,639] Trial 14 finished with value: -0.026207318154099546 and parameters: {'confidence_threshold': 0.505782466673373, 'training_days': 190, 'n_estimators': 500, 'max_depth': 3, 'num_leaves': 51, 'learning_rate': 0.1782639284580217, 'subsample': 0.7481829761858192, 'colsample_bytree': 0.6211688118687793, 'min_child_samples': 57, 'reg_alpha': 0.0043671569175290845, 'reg_lambda': 5.604461708154018e-06}. Best is trial 2 with value: 0.08852290049590025.
[I 2026-06-01 11:02:02,714] Trial 15 finished with value: 0.0905262955318701 and parameters: {'confidence_threshold': 0.7829525506318393, 'training_days': 70, 'n_estimators': 193, 'max_depth': 3, 'num_leaves': 30, 'learning_rate': 0.010259746591624793, 'subsample': 0.6271291404082032, 'colsample_bytree': 0.7730338712038373, 'min_child_samples': 32, 'reg_alpha': 0.0778926756466527, 'reg_lambda': 0.008733545322007992}. Best is trial 15 with value: 0.0905262955318701.
[I 2026-06-01 11:02:02,793] Trial 16 finished with value: 0.08875947041279193 and parameters: {'confidence_threshold': 0.7809712285122007, 'training_days': 60, 'n_estimators': 184, 'max_depth': 3, 'num_leaves': 31, 'learning_rate': 0.010462113874978585, 'subsample': 0.6096947556169788, 'colsample_bytree': 0.7681011153582333, 'min_child_samples': 20, 'reg_alpha': 0.13603372121623558, 'reg_lambda': 0.01848531060664196}. Best is trial 15 with value: 0.0905262955318701.
