[I 2026-06-01 11:04:24,935] Trial 10 finished with value: 0.009174056057344749 and parameters: {'confidence_threshold': 0.8398533911817929, 'training_days': 10, 'n_estimators': 228, 'max_depth': 3, 'num_leaves': 15, 'learning_rate': 0.2789359567293539, 'subsample': 0.6821883053833926, 'colsample_bytree': 0.9944479338273263, 'min_child_samples': 23, 'reg_alpha': 2.903134294418681, 'reg_lambda': 0.0032849428938367974}. Best is trial 2 with value: 0.009174056057344749.
[I 2026-06-01 11:04:24,966] Trial 11 finished with value: 0.009174056057344749 and parameters: {'confidence_threshold': 0.8491135887906174, 'training_days': 10, 'n_estimators': 209, 'max_depth': 3, 'num_leaves': 15, 'learning_rate': 0.27815973382833, 'subsample': 0.6879062534938418, 'colsample_bytree': 0.9628722124262472, 'min_child_samples': 20, 'reg_alpha': 9.461112950663296, 'reg_lambda': 0.004788595467491423}. Best is trial 2 with value: 0.009174056057344749.
[I 2026-06-01 11:04:25,129] Trial 12 finished with value: -0.13351913852090136 and parameters: {'confidence_threshold': 0.83900033179092, 'training_days': 140, 'n_estimators': 219, 'max_depth': 4, 'num_leaves': 57, 'learning_rate': 0.14143539714508013, 'subsample': 0.7066421539868052, 'colsample_bytree': 0.9826583982594713, 'min_child_samples': 38, 'reg_alpha': 0.02694721219722944, 'reg_lambda': 0.002586791714474608}. Best is trial 2 with value: 0.009174056057344749.
[I 2026-06-01 11:04:25,256] Trial 13 finished with value: -0.11066478897891727 and parameters: {'confidence_threshold': 0.5040535938350955, 'training_days': 200, 'n_estimators': 219, 'max_depth': 3, 'num_leaves': 27, 'learning_rate': 0.15892994284987041, 'subsample': 0.6231621855799615, 'colsample_bytree': 0.6451068859491428, 'min_child_samples': 54, 'reg_alpha': 0.0001325242033987599, 'reg_lambda': 5.312802003286294e-06}. Best is trial 2 with value: 0.009174056057344749.
[I 2026-06-01 11:04:25,335] Trial 14 finished with value: -0.30144357471469296 and parameters: {'confidence_threshold': 0.7723320301796328, 'training_days': 70, 'n_estimators': 500, 'max_depth': 3, 'num_leaves': 17, 'learning_rate': 0.10885680991659169, 'subsample': 0.7851487748866213, 'colsample_bytree': 0.7921009662363301, 'min_child_samples': 22, 'reg_alpha': 8.082904417668777, 'reg_lambda': 0.00974234545252979}. Best is trial 2 with value: 0.009174056057344749.
[I 2026-06-01 11:04:25,435] Trial 15 finished with value: -5.889535716853382 and parameters: {'confidence_threshold': 0.7829525506318393, 'training_days': 160, 'n_estimators': 168, 'max_depth': 3, 'num_leaves': 51, 'learning_rate': 0.010017412216024365, 'subsample': 0.6120390612600266, 'colsample_bytree': 0.502925720040233, 'min_child_samples': 34, 'reg_alpha': 0.13059613104316006, 'reg_lambda': 0.0006156141946978409}. Best is trial 2 with value: 0.009174056057344749.
[I 2026-06-01 11:04:25,698] Trial 16 finished with value: -0.11573631899281404 and parameters: {'confidence_threshold': 0.6219694252722007, 'training_days': 360, 'n_estimators': 277, 'max_depth': 4, 'num_leaves': 30, 'learning_rate': 0.22801137105963568, 'subsample': 0.6982537545716929, 'colsample_bytree': 0.9182910580304163, 'min_child_samples': 48, 'reg_alpha': 0.0002638845618184788, 'reg_lambda': 0.09115701068245131}. Best is trial 2 with value: 0.009174056057344749.
[I 2026-06-01 11:04:25,775] Trial 17 finished with value: -0.09084742026038559 and parameters: {'confidence_threshold': 0.5028255678835912, 'training_days': 70, 'n_estimators': 319, 'max_depth': 3, 'num_leaves': 22, 'learning_rate': 0.1913942156766461, 'subsample': 0.7671123975508201, 'colsample_bytree': 0.720096132447481, 'min_child_samples': 62, 'reg_alpha': 0.0032469148398323448, 'reg_lambda': 3.756010955927394}. Best is trial 2 with value: 0.009174056057344749.

    [trial 2] 46 features, training_days=310 | threshold=0.754 | labels: 998 long, 1170 short (46/54%)
    [trial 2] Sharpe=-0.2694 (folds: -0.2343, -0.4906, -0.1012, -0.3539, -0.1671)
    [trial 3] 46 features, training_days=220 | threshold=0.673 | labels: 998 long, 1170 short (46/54%)
    [trial 3] Sharpe=-0.1149 (folds: -0.2317, -0.1971, 0.0411, -0.0541, -0.1326)
    [trial 4] 46 features, training_days=130 | threshold=0.803 | labels: 998 long, 1170 short (46/54%)
    [trial 4] Sharpe=-0.1142 (folds: -0.2645, 0.0437, 0.0517, -0.1420, -0.2597)
    [trial 5] 46 features, training_days=210 | threshold=0.606 | labels: 998 long, 1170 short (46/54%)
    [trial 5] Sharpe=-0.1288 (folds: -0.2536, -0.1863, -0.0333, -0.0203, -0.1503)
    [trial 6] 46 features, training_days=130 | threshold=0.767 | labels: 998 long, 1170 short (46/54%)
    [trial 6] Sharpe=-0.1304 (folds: -0.2509, -0.0023, 0.0515, -0.1920, -0.2582)
    [trial 7] 46 features, training_days=80 | threshold=0.556 | labels: 998 long, 1170 short (46/54%)
    [trial 7] Sharpe=-0.0490 (folds: -0.1656, -0.0700, 0.0773, -0.1159, 0.0290)
    [trial 8] 46 features, training_days=200 | threshold=0.607 | labels: 998 long, 1170 short (46/54%)
    [trial 8] Sharpe=-0.1204 (folds: -0.2626, -0.0761, -0.0173, -0.1762, -0.0695)
    [trial 9] 46 features, training_days=260 | threshold=0.620 | labels: 998 long, 1170 short (46/54%)
    [trial 9] Sharpe=-0.1586 (folds: -0.2267, -0.2403, -0.0492, -0.2087, -0.0681)
    [trial 10] 46 features, training_days=10 | threshold=0.525 | labels: 998 long, 1170 short (46/54%)
    [trial 10] Sharpe=0.0092 (folds: 0.1360, 0.2600, -0.0661, 0.0439, -0.3279)
    [trial 11] 46 features, training_days=10 | threshold=0.505 | labels: 998 long, 1170 short (46/54%)
    [trial 11] Sharpe=0.0092 (folds: 0.1360, 0.2600, -0.0661, 0.0439, -0.3279)
    [trial 12] 46 features, training_days=10 | threshold=0.509 | labels: 998 long, 1170 short (46/54%)
    [trial 12] Sharpe=0.0092 (folds: 0.1360, 0.2600, -0.0661, 0.0439, -0.3279)
    [trial 13] 46 features, training_days=480 | threshold=0.502 | labels: 998 long, 1170 short (46/54%)
    [trial 13] Sharpe=-0.1344 (folds: -0.1385, -0.3160, -0.0526, -0.0887, -0.0760)
    [trial 14] 46 features, training_days=20 | threshold=0.553 | labels: 998 long, 1170 short (46/54%)
    [trial 14] Sharpe=0.0092 (folds: 0.1360, 0.2600, -0.0661, 0.0439, -0.3279)
    [trial 15] 46 features, training_days=60 | threshold=0.555 | labels: 998 long, 1170 short (46/54%)
    [trial 15] Sharpe=-0.1052 (folds: -0.3547, -0.0986, 0.0699, -0.0712, -0.0713)
    [trial 16] 46 features, training_days=350 | threshold=0.674 | labels: 998 long, 1170 short (46/54%)
    [trial 16] Sharpe=-0.1868 (folds: -0.2920, -0.3756, -0.1314, -0.0397, -0.0956)
    [trial 17] 46 features, training_days=70 | threshold=0.536 | labels: 998 long, 1170 short (46/54%)
    [trial 17] Sharpe=-0.0031 (folds: -0.1608, 0.0820, 0.1141, -0.1747, 0.1238)
  Optuna: 18 trials, best Sharpe = 0.0092
  Best params: n_estimators=493, max_depth=3, lr=0.0102, leaves=63
  Best confidence_threshold: 0.525
  Best training_days: 10
  Retrained on full data (30 samples, 46 features)
  [ensemble 3/3] seed=456
    [trial 0] 46 features, training_days=90 | threshold=0.587 | labels: 998 long, 1170 short (46/54%)
    [CV fold 0] train_end=2022-04-24 08:00 | val_start=2022-05-02 00:00 | gap=184h (22 rows)
    [CV fold 1] train_end=2022-08-22 16:00 | val_start=2022-08-30 08:00 | gap=184h (22 rows)
    [CV fold 2] train_end=2022-12-21 00:00 | val_start=2022-12-28 16:00 | gap=184h (22 rows)
    [CV fold 3] train_end=2023-04-20 08:00 | val_start=2023-04-28 00:00 | gap=184h (22 rows)
    [CV fold 4] train_end=2023-08-18 16:00 | val_start=2023-08-26 08:00 | gap=184h (22 rows)
    [trial 0] Sharpe=-0.0910 (folds: -0.2825, -0.0395, -0.0115, -0.0542, -0.0675)
    [trial 1] 46 features, training_days=290 | threshold=0.635 | labels: 998 long, 1170 short (46/54%)
    [trial 1] Sharpe=-0.1137 (folds: -0.2232, -0.1954, -0.0119, -0.0843, -0.0534)
    [trial 2] 46 features, training_days=10 | threshold=0.585 | labels: 998 long, 1170 short (46/54%)
    [trial 2] Sharpe=0.0092 (folds: 0.1360, 0.2600, -0.0661, 0.0439, -0.3279)
    [trial 3] 46 features, training_days=220 | threshold=0.687 | labels: 998 long, 1170 short (46/54%)
    [trial 3] Sharpe=-0.1109 (folds: -0.3082, -0.0103, -0.0587, -0.0881, -0.0891)
    [trial 4] 46 features, training_days=300 | threshold=0.562 | labels: 998 long, 1170 short (46/54%)
    [trial 4] Sharpe=-0.1351 (folds: -0.2441, -0.2202, 0.0209, -0.2076, -0.0243)
    [trial 5] 46 features, training_days=490 | threshold=0.711 | labels: 998 long, 1170 short (46/54%)
    [trial 5] Sharpe=-0.1448 (folds: -0.2149, -0.2274, -0.0254, -0.2387, -0.0178)
    [trial 6] 46 features, training_days=420 | threshold=0.667 | labels: 998 long, 1170 short (46/54%)
    [trial 6] Sharpe=-0.1963 (folds: -0.2639, -0.3019, -0.0594, -0.2186, -0.1375)
    [trial 7] 46 features, training_days=120 | threshold=0.550 | labels: 998 long, 1170 short (46/54%)
    [trial 7] Sharpe=-0.1107 (folds: -0.2712, -0.0482, 0.0559, -0.1605, -0.1296)
    [trial 8] 46 features, training_days=450 | threshold=0.720 | labels: 998 long, 1170 short (46/54%)
    [trial 8] Sharpe=-0.1739 (folds: -0.3413, -0.2885, 0.0009, -0.1385, -0.1021)
    [trial 9] 46 features, training_days=20 | threshold=0.727 | labels: 998 long, 1170 short (46/54%)
    [trial 9] Sharpe=-4.0268 (folds: -10.0000, 0.2600, -0.0661, -10.0000, -0.3279)
    [trial 10] 46 features, training_days=10 | threshold=0.840 | labels: 998 long, 1170 short (46/54%)
    [trial 10] Sharpe=0.0092 (folds: 0.1360, 0.2600, -0.0661, 0.0439, -0.3279)
    [trial 11] 46 features, training_days=10 | threshold=0.849 | labels: 998 long, 1170 short (46/54%)
    [trial 11] Sharpe=0.0092 (folds: 0.1360, 0.2600, -0.0661, 0.0439, -0.3279)
    [trial 12] 46 features, training_days=140 | threshold=0.839 | labels: 998 long, 1170 short (46/54%)
    [trial 12] Sharpe=-0.1335 (folds: -0.3131, -0.0365, 0.0046, -0.1420, -0.1805)
    [trial 13] 46 features, training_days=200 | threshold=0.504 | labels: 998 long, 1170 short (46/54%)
    [trial 13] Sharpe=-0.1107 (folds: -0.2439, -0.0422, -0.0470, -0.1089, -0.1112)
    [trial 14] 46 features, training_days=70 | threshold=0.772 | labels: 998 long, 1170 short (46/54%)
    [trial 14] Sharpe=-0.3014 (folds: -0.7345, -0.5322, 0.0305, -0.1896, -0.0815)
    [trial 15] 46 features, training_days=160 | threshold=0.783 | labels: 998 long, 1170 short (46/54%)
    [trial 15] Sharpe=-5.8895 (folds: -10.0000, 0.4469, -10.0000, -10.0000, 0.1054)
    [trial 16] 46 features, training_days=360 | threshold=0.622 | labels: 998 long, 1170 short (46/54%)
    [trial 16] Sharpe=-0.1157 (folds: -0.2732, -0.1585, 0.0352, -0.1231, -0.0590)
    [trial 17] 46 features, training_days=70 | threshold=0.503 | labels: 998 long, 1170 short (46/54%)
    [trial 17] Sharpe=-0.0908 (folds: -0.3209, -0.0477, 0.1222, -0.2694, 0.0617)
  Optuna: 18 trials, best Sharpe = 0.0092
  Best params: n_estimators=212, max_depth=3, lr=0.1845, leaves=41
  Best confidence_threshold: 0.585
  Best training_days: 10
  Retrained on full data (30 samples, 46 features)
  OOD: 16 features, cutoff (q=0.7) = 14.29
  Model trained for 2024-01: 93 test candles with features, confidence_threshold=0.549
[trade:close] 2024-01-03 15:59 DOTUSDT SHORT → take_profit @ 7.24 | PnL=+18.87% (net +18.77%) | cum=+8.08% 2024-01=+18.77% 2024-01-03=+18.77%
[predict] 2024-01-06 16:00 DOTUSDT → LONG (proba=0.91 TP=19.7%/SL=9.8%)
[trade:open] 2024-01-06 23:59 DOTUSDT LONG @ 7.13 | SL=6.43 TP=8.54 | timeout=2024-01-13 23:59
[trade:close] 2024-01-11 15:59 DOTUSDT LONG → take_profit @ 8.54 | PnL=+19.67% (net +19.57%) | cum=+27.65% 2024-01=+38.34% 2024-01-11=+19.57%
[predict] 2024-01-14 00:00 DOTUSDT → LONG (proba=0.91 TP=16.5%/SL=8.3%)
[trade:open] 2024-01-14 07:59 DOTUSDT LONG @ 7.61 | SL=6.98 TP=8.87 | timeout=2024-01-21 07:59
[trade:close] 2024-01-18 23:59 DOTUSDT LONG → stop_loss @ 6.98 | PnL=-8.25% (net -8.35%) | cum=+19.30% 2024-01=+29.98% 2024-01-18=-8.35%
[predict] 2024-01-19 16:00 DOTUSDT → LONG (proba=0.91 TP=14.3%/SL=7.1%)
[trade:open] 2024-01-19 23:59 DOTUSDT LONG @ 6.89 | SL=6.40 TP=7.87 | timeout=2024-01-26 23:59[I 2026-06-01 11:04:26,264] A new study created in memory with name: no-name-5416ccf9-8ee3-42a4-83b9-890b452de7fe
[I 2026-06-01 11:04:26,578] Trial 0 finished with value: -0.19091574127175912 and parameters: {'confidence_threshold': 0.6310890415965769, 'training_days': 480, 'n_estimators': 380, 'max_depth': 4, 'num_leaves': 22, 'learning_rate': 0.01699897838270077, 'subsample': 0.5290418060840998, 'colsample_bytree': 0.9330880728874675, 'min_child_samples': 68, 'reg_alpha': 0.023585940584142682, 'reg_lambda': 1.5320059381854043e-08}. Best is trial 0 with value: -0.19091574127175912.
[I 2026-06-01 11:04:26,699] Trial 1 finished with value: -6.083951702266274 and parameters: {'confidence_threshold': 0.839468448256698, 'training_days': 420, 'n_estimators': 145, 'max_depth': 3, 'num_leaves': 23, 'learning_rate': 0.028145092716060652, 'subsample': 0.762378215816119, 'colsample_bytree': 0.7159725093210578, 'min_child_samples': 43, 'reg_alpha': 0.0032112643094417484, 'reg_lambda': 1.8007140198129195e-07}. Best is trial 0 with value: -0.19091574127175912.
[I 2026-06-01 11:04:26,843] Trial 2 finished with value: -0.12089881638608672 and parameters: {'confidence_threshold': 0.6022506269873263, 'training_days': 190, 'n_estimators': 255, 'max_depth': 5, 'num_leaves': 24, 'learning_rate': 0.05748924681991978, 'subsample': 0.7962072844310213, 'colsample_bytree': 0.5232252063599989, 'min_child_samples': 69, 'reg_alpha': 3.425445902633376e-07, 'reg_lambda': 3.850031979199519e-08}. Best is trial 2 with value: -0.12089881638608672.
[I 2026-06-01 11:04:27,118] Trial 3 finished with value: -0.10463726966473577 and parameters: {'confidence_threshold': 0.8321099380386666, 'training_days': 490, 'n_estimators': 414, 'max_depth': 3, 'num_leaves': 19, 'learning_rate': 0.1024932221692416, 'subsample': 0.7200762468698007, 'colsample_bytree': 0.5610191174223894, 'min_child_samples': 60, 'reg_alpha': 2.039373116525212e-08, 'reg_lambda': 1.527156759251193}. Best is trial 3 with value: -0.10463726966473577.
[I 2026-06-01 11:04:27,273] Trial 4 finished with value: -0.0993677882960328 and parameters: {'confidence_threshold': 0.5905729935600059, 'training_days': 340, 'n_estimators': 190, 'max_depth': 4, 'num_leaves': 41, 'learning_rate': 0.01875220945578641, 'subsample': 0.9847923138822793, 'colsample_bytree': 0.8875664116805573, 'min_child_samples': 96, 'reg_alpha': 1.1309571585271483, 'reg_lambda': 0.002404915432737351}. Best is trial 4 with value: -0.0993677882960328.
[I 2026-06-01 11:04:27,312] Trial 5 finished with value: 0.030586067521291282 and parameters: {'confidence_threshold': 0.8226559822580909, 'training_days': 50, 'n_estimators': 138, 'max_depth': 3, 'num_leaves': 30, 'learning_rate': 0.03750796359625606, 'subsample': 0.6356745158869479, 'colsample_bytree': 0.9143687545759647, 'min_child_samples': 48, 'reg_alpha': 3.376063348877853e-06, 'reg_lambda': 0.0007660634613082914}. Best is trial 5 with value: 0.030586067521291282.
[I 2026-06-01 11:04:27,429] Trial 6 finished with value: -0.05719784671745106 and parameters: {'confidence_threshold': 0.5493234787411669, 'training_days': 410, 'n_estimators': 83, 'max_depth': 5, 'num_leaves': 52, 'learning_rate': 0.019657448966046126, 'subsample': 0.5027610585618012, 'colsample_bytree': 0.9077307142274171, 'min_child_samples': 77, 'reg_alpha': 0.03639690979811287, 'reg_lambda': 0.08738424135626986}. Best is trial 5 with value: 0.030586067521291282.
[I 2026-06-01 11:04:27,531] Trial 7 finished with value: -0.09699425028298382 and parameters: {'confidence_threshold': 0.5259156281069316, 'training_days': 180, 'n_estimators': 102, 'max_depth': 5, 'num_leaves': 45, 'learning_rate': 0.030816017044468066, 'subsample': 0.5317791751430119, 'colsample_bytree': 0.6554911608578311, 'min_child_samples': 46, 'reg_alpha': 0.036851536911881845, 'reg_lambda': 0.005470376807480391}. Best is trial 5 with value: 0.030586067521291282.
[I 2026-06-01 11:04:27,651] Trial 8 finished with value: -0.19858354812658743 and parameters: {'confidence_threshold': 0.8105244599017143, 'training_days': 240, 'n_estimators': 103, 'max_depth': 5, 'num_leaves': 52, 'learning_rate': 0.06746437142284309, 'subsample': 0.8854835899772805, 'colsample_bytree': 0.7468977981821954, 'min_child_samples': 62, 'reg_alpha': 7.04480806377519e-05, 'reg_lambda': 1.6934490731313353e-08}. Best is trial 5 with value: 0.030586067521291282.
[I 2026-06-01 11:04:27,674] Trial 9 finished with value: 0.049436405118341076 and parameters: {'confidence_threshold': 0.5377619994476566, 'training_days': 20, 'n_estimators': 337, 'max_depth': 3, 'num_leaves': 39, 'learning_rate': 0.21907142272152816, 'subsample': 0.6246461145744375, 'colsample_bytree': 0.7051914615178149, 'min_child_samples': 81, 'reg_alpha': 1.1459970229341322e-06, 'reg_lambda': 4.929685216887945e-08}. Best is trial 9 with value: 0.049436405118341076.
[I 2026-06-01 11:04:27,705] Trial 10 finished with value: -0.033745601329240794 and parameters: {'confidence_threshold': 0.7449289185605341, 'training_days': 10, 'n_estimators': 487, 'max_depth': 3, 'num_leaves': 61, 'learning_rate': 0.21914469472126635, 'subsample': 0.628963476300746, 'colsample_bytree': 0.8189858776055304, 'min_child_samples': 27, 'reg_alpha': 2.8948477959263623e-05, 'reg_lambda': 3.3639426888455256e-06}. Best is trial 9 with value: 0.049436405118341076.
[I 2026-06-01 11:04:27,737] Trial 11 finished with value: -3.977362651999016 and parameters: {'confidence_threshold': 0.715357026933722, 'training_days': 20, 'n_estimators': 291, 'max_depth': 4, 'num_leaves': 33, 'learning_rate': 0.29081576079680116, 'subsample': 0.6496599335113177, 'colsample_bytree': 0.6488333531327133, 'min_child_samples': 92, 'reg_alpha': 1.8335640581015016e-06, 'reg_lambda': 1.7775498934647403e-05}. Best is trial 9 with value: 0.049436405118341076.
[I 2026-06-01 11:04:27,818] Trial 12 finished with value: 0.013903007066170986 and parameters: {'confidence_threshold': 0.6653690436201132, 'training_days': 90, 'n_estimators': 293, 'max_depth': 3, 'num_leaves': 33, 'learning_rate': 0.11263608439461861, 'subsample': 0.6274745095999714, 'colsample_bytree': 0.995657538673677, 'min_child_samples': 84, 'reg_alpha': 3.1740335584318674e-06, 'reg_lambda': 7.90277059723651e-05}. Best is trial 9 with value: 0.049436405118341076.
[I 2026-06-01 11:04:27,925] Trial 13 finished with value: -0.0010201586777429314 and parameters: {'confidence_threshold': 0.757199729048049, 'training_days': 100, 'n_estimators': 216, 'max_depth': 3, 'num_leaves': 33, 'learning_rate': 0.14949797305456583, 'subsample': 0.6866291716128416, 'colsample_bytree': 0.8155421717694826, 'min_child_samples': 47, 'reg_alpha': 3.219567910488193e-08, 'reg_lambda': 3.4757862173186272e-06}. Best is trial 9 with value: 0.049436405118341076.
[I 2026-06-01 11:04:28,094] Trial 14 finished with value: -0.046234721642155426 and parameters: {'confidence_threshold': 0.6993865793821226, 'training_days': 90, 'n_estimators': 348, 'max_depth': 3, 'num_leaves': 29, 'learning_rate': 0.039779566134606106, 'subsample': 0.5808433054196197, 'colsample_bytree': 0.8116145799213325, 'min_child_samples': 21, 'reg_alpha': 0.00045016022610937554, 'reg_lambda': 0.0006284807489164356}. Best is trial 9 with value: 0.049436405118341076.
[I 2026-06-01 11:04:28,229] Trial 15 finished with value: -0.04988112975205065 and parameters: {'confidence_threshold': 0.5073197482691914, 'training_days': 150, 'n_estimators': 175, 'max_depth': 4, 'num_leaves': 41, 'learning_rate': 0.010348803728867817, 'subsample': 0.8113381919370017, 'colsample_bytree': 0.6567290912374351, 'min_child_samples': 37, 'reg_alpha': 4.336623193625854e-07, 'reg_lambda': 0.05895604282432314}. Best is trial 9 with value: 0.049436405118341076.
[I 2026-06-01 11:04:28,451] Trial 16 finished with value: -0.14675847408188641 and parameters: {'confidence_threshold': 0.7825131136037224, 'training_days': 270, 'n_estimators': 339, 'max_depth': 3, 'num_leaves': 16, 'learning_rate': 0.07800925996199208, 'subsample': 0.6022959818573481, 'colsample_bytree': 0.9826162589395974, 'min_child_samples': 55, 'reg_alpha': 1.6230643075200477e-05, 'reg_lambda': 4.28170520176123e-07}. Best is trial 9 with value: 0.049436405118341076.
