[I 2026-06-01 11:09:16,902] Trial 4 finished with value: 0.04734903703290053 and parameters: {'confidence_threshold': 0.5905729935600059, 'training_days': 340, 'n_estimators': 190, 'max_depth': 4, 'num_leaves': 41, 'learning_rate': 0.01875220945578641, 'subsample': 0.9847923138822793, 'colsample_bytree': 0.8875664116805573, 'min_child_samples': 96, 'reg_alpha': 1.1309571585271483, 'reg_lambda': 0.002404915432737351}. Best is trial 4 with value: 0.04734903703290053.
[I 2026-06-01 11:09:16,943] Trial 5 finished with value: -0.054786692162256255 and parameters: {'confidence_threshold': 0.8226559822580909, 'training_days': 50, 'n_estimators': 138, 'max_depth': 3, 'num_leaves': 30, 'learning_rate': 0.03750796359625606, 'subsample': 0.6356745158869479, 'colsample_bytree': 0.9143687545759647, 'min_child_samples': 48, 'reg_alpha': 3.376063348877853e-06, 'reg_lambda': 0.0007660634613082914}. Best is trial 4 with value: 0.04734903703290053.

    [trial 5] 46 features, training_days=490 | threshold=0.711 | labels: 971 long, 1200 short (45/55%)
    [trial 5] Sharpe=0.0228 (folds: -0.0719, -0.1337, 0.0530, 0.1966, 0.0700)
    [trial 6] 46 features, training_days=420 | threshold=0.667 | labels: 971 long, 1200 short (45/55%)
    [trial 6] Sharpe=0.0621 (folds: -0.0317, -0.2053, 0.0539, 0.2835, 0.2098)
    [trial 7] 46 features, training_days=120 | threshold=0.550 | labels: 971 long, 1200 short (45/55%)
    [trial 7] Sharpe=0.0546 (folds: 0.0322, -0.1514, 0.1039, 0.2115, 0.0768)
    [trial 8] 46 features, training_days=450 | threshold=0.720 | labels: 971 long, 1200 short (45/55%)
    [trial 8] Sharpe=0.0105 (folds: -0.1479, -0.2365, 0.1400, 0.3157, -0.0187)
    [trial 9] 46 features, training_days=20 | threshold=0.727 | labels: 971 long, 1200 short (45/55%)
    [trial 9] Sharpe=-6.0754 (folds: -10.0000, -10.0000, -10.0000, -0.0707, -0.3063)
    [trial 10] 46 features, training_days=400 | threshold=0.828 | labels: 971 long, 1200 short (45/55%)
    [trial 10] Sharpe=-6.0459 (folds: -0.3012, -10.0000, -10.0000, -10.0000, 0.0715)
    [trial 11] 46 features, training_days=170 | threshold=0.538 | labels: 971 long, 1200 short (45/55%)
    [trial 11] Sharpe=0.0231 (folds: -0.0444, -0.0513, 0.0920, 0.0865, 0.0328)
    [trial 12] 46 features, training_days=360 | threshold=0.515 | labels: 971 long, 1200 short (45/55%)
    [trial 12] Sharpe=0.0096 (folds: -0.0643, -0.1976, 0.0616, 0.1454, 0.1028)
    [trial 13] 46 features, training_days=140 | threshold=0.801 | labels: 971 long, 1200 short (45/55%)
    [trial 13] Sharpe=-0.0282 (folds: -0.1201, -0.4161, 0.1919, 0.1253, 0.0780)
    [trial 14] 46 features, training_days=210 | threshold=0.639 | labels: 971 long, 1200 short (45/55%)
    [trial 14] Sharpe=0.0365 (folds: -0.0585, -0.0986, 0.1353, 0.1985, 0.0058)
    [trial 15] 46 features, training_days=370 | threshold=0.759 | labels: 971 long, 1200 short (45/55%)
    [trial 15] Sharpe=0.0104 (folds: -0.0985, -0.2375, 0.0798, 0.2956, 0.0128)
    [trial 16] 46 features, training_days=70 | threshold=0.626 | labels: 971 long, 1200 short (45/55%)
    [trial 16] Sharpe=0.0256 (folds: -0.0610, 0.0676, 0.0822, 0.1031, -0.0641)
    [trial 17] 46 features, training_days=310 | threshold=0.500 | labels: 971 long, 1200 short (45/55%)
    [trial 17] Sharpe=0.0403 (folds: -0.0294, -0.1071, 0.0898, 0.2091, 0.0392)
  Optuna: 18 trials, best Sharpe = 0.0621
  Best params: n_estimators=279, max_depth=3, lr=0.0401, leaves=45
  Best confidence_threshold: 0.667
  Best training_days: 420
  Retrained on full data (1260 samples, 46 features)
  OOD: 16 features, cutoff (q=0.7) = 12.78
  Model trained for 2026-02: 84 test candles with features, confidence_threshold=0.703
[predict] 2026-02-09 16:00 DOTUSDT → LONG (proba=0.95 TP=17.3%/SL=8.7%)
[trade:open] 2026-02-09 23:59 DOTUSDT LONG @ 1.32 | SL=1.20 TP=1.55 | timeout=2026-02-16 23:59
[trade:close] 2026-02-17 00:00 DOTUSDT LONG → timeout @ 1.38 | PnL=+4.32% (net +4.22%) | cum=+97.22% 2026-02=+4.22% 2026-02-17=+4.22%
[predict] 2026-02-18 00:00 DOTUSDT → SHORT (proba=0.84 TP=11.3%/SL=5.6%)
[trade:open] 2026-02-18 07:59 DOTUSDT SHORT @ 1.36 | SL=1.43 TP=1.20 | timeout=2026-02-25 07:59
[trade:close] 2026-02-25 08:00 DOTUSDT SHORT → timeout @ 1.27 | PnL=+6.63% (net +6.53%) | cum=+103.75% 2026-02=+10.75% 2026-02-25=+6.53%
[lgbm] === Training for 2026-03 ===
  Train window: 2024-03-01 → 2026-02-21
  2168 training samples from 1 symbols
  Samples per month: 2024-03: 93, 2024-04: 90, 2024-05: 93, 2024-06: 90, 2024-07: 93, 2024-08: 93, 2024-09: 90, 2024-10: 93, 2024-11: 90, 2024-12: 93, 2025-01: 93, 2025-02: 84, 2025-03: 93, 2025-04: 90, 2025-05: 93, 2025-06: 90, 2025-07: 93, 2025-08: 93, 2025-09: 90, 2025-10: 93, 2025-11: 90, 2025-12: 93, 2026-01: 93, 2026-02: 62
  [label] 2024-05-01 16:00 DOTUSDT entry=6.8940 → LONG | long=timeout(+1.13%) short=sl(-7.91%) | scanned=22 | no_tp→fwd_return=+1.2330
  [label] 2024-05-03 16:00 DOTUSDT entry=7.2420 → SHORT | long=sl(-7.18%) short=timeout(+6.80%) | scanned=22 | no_tp→fwd_return=-6.9042
  [label] 2024-05-07 16:00 DOTUSDT entry=6.9870 → SHORT | long=sl(-5.77%) short=timeout(+7.13%) | scanned=22 | no_tp→fwd_return=-7.2277
  [label] 2024-06-01 08:00 DOTUSDT entry=7.0960 → SHORT | long=sl(-4.92%) short=tp(+9.54%) | scanned=19 | short_tp_only
  [label] 2024-07-23 16:00 DOTUSDT entry=5.9130 → SHORT | long=sl(-5.47%) short=timeout(+6.61%) | scanned=22 | no_tp→fwd_return=-6.7140
  [label] 2025-01-05 16:00 DOTUSDT entry=7.6700 → SHORT | long=sl(-5.99%) short=tp(+11.68%) | scanned=7 | short_tp_only
  [label] 2025-01-09 16:00 DOTUSDT entry=6.5530 → LONG | long=sl(-8.96%) short=sl(-8.96%) | scanned=18 | no_tp→fwd_return=+9.2782
  [label] 2025-01-20 08:00 DOTUSDT entry=6.5020 → SHORT | long=sl(-11.89%) short=timeout(+10.10%) | scanned=22 | no_tp→fwd_return=-10.1969
  [label] 2025-03-06 08:00 DOTUSDT entry=4.4950 → SHORT | long=sl(-9.94%) short=timeout(+11.80%) | scanned=22 | no_tp→fwd_return=-11.9021
  [label] 2025-03-14 16:00 DOTUSDT entry=4.1840 → LONG | long=timeout(+7.38%) short=sl(-7.64%) | scanned=22 | no_tp→fwd_return=+7.4809
  [label] 2025-06-13 00:00 DOTUSDT entry=3.8210 → SHORT | long=sl(-6.64%) short=timeout(+7.28%) | scanned=22 | no_tp→fwd_return=-7.3803
  [label] 2025-07-15 00:00 DOTUSDT entry=3.8630 → LONG | long=tp(+13.99%) short=sl(-7.15%) | scanned=9 | long_tp_only
  [label] 2025-07-31 00:00 DOTUSDT entry=3.8850 → SHORT | long=sl(-6.96%) short=timeout(+5.13%) | scanned=22 | no_tp→fwd_return=-5.2252
  [label] 2025-08-12 16:00 DOTUSDT entry=4.1550 → SHORT | long=sl(-6.06%) short=timeout(+10.44%) | scanned=22 | no_tp→fwd_return=-10.5415
  [label] 2025-08-31 08:00 DOTUSDT entry=3.8150 → LONG | long=sl(-5.17%) short=sl(-5.17%) | scanned=21 | no_tp→fwd_return=+3.9843
  [label] 2025-09-06 16:00 DOTUSDT entry=3.8220 → LONG | long=tp(+7.90%) short=sl(-4.10%) | scanned=7 | long_tp_only
  [label] 2025-09-19 00:00 DOTUSDT entry=4.6010 → SHORT | long=sl(-5.58%) short=tp(+10.87%) | scanned=9 | short_tp_only
  [label] 2025-10-28 08:00 DOTUSDT entry=3.1330 → SHORT | long=sl(-5.25%) short=tp(+10.20%) | scanned=7 | short_tp_only
  [label] 2025-11-07 08:00 DOTUSDT entry=2.8880 → LONG | long=tp(+17.64%) short=sl(-8.97%) | scanned=2 | long_tp_only
  [label] 2026-02-01 08:00 DOTUSDT entry=1.4990 → SHORT | long=sl(-9.01%) short=tp(+17.72%) | scanned=13 | short_tp_only
  Labels: 927 long (42.8%), 1241 short (57.2%) | weights: min=1.00, mean=3.46, max=10.00
  Features: 2168/2168 matched, 46 columns
  CV gap: 22 rows
  [ensemble 1/3] seed=42
    [trial 0] 46 features, training_days=480 | threshold=0.631 | labels: 927 long, 1241 short (43/57%)
    [CV fold 0] train_end=2024-06-22 08:00 | val_start=2024-06-30 00:00 | gap=184h (22 rows)
    [CV fold 1] train_end=2024-10-20 16:00 | val_start=2024-10-28 08:00 | gap=184h (22 rows)
    [CV fold 2] train_end=2025-02-18 00:00 | val_start=2025-02-25 16:00 | gap=184h (22 rows)
    [CV fold 3] train_end=2025-06-18 08:00 | val_start=2025-06-26 00:00 | gap=184h (22 rows)
    [CV fold 4] train_end=2025-10-16 16:00 | val_start=2025-10-24 08:00 | gap=184h (22 rows)
    [trial 0] Sharpe=0.0389 (folds: 0.0024, -0.0697, 0.0324, 0.3166, -0.0872)
    [trial 1] 46 features, training_days=420 | threshold=0.839 | labels: 927 long, 1241 short (43/57%)
    [trial 1] Sharpe=-3.9414 (folds: 0.2360, -0.2443, -10.0000, -10.0000, 0.3013)
    [trial 2] 46 features, training_days=190 | threshold=0.602 | labels: 927 long, 1241 short (43/57%)
    [trial 2] Sharpe=0.0234 (folds: 0.0317, -0.0275, 0.0666, 0.0570, -0.0109)
    [trial 3] 46 features, training_days=490 | threshold=0.832 | labels: 927 long, 1241 short (43/57%)
    [trial 3] Sharpe=0.0250 (folds: 0.0452, -0.0650, 0.0822, 0.2112, -0.1488)
    [trial 4] 46 features, training_days=340 | threshold=0.591 | labels: 927 long, 1241 short (43/57%)
    [trial 4] Sharpe=0.0473 (folds: 0.0159, -0.0311, 0.1068, 0.3160, -0.1709)
    [trial 5] 46 features, training_days=50 | threshold=0.823 | labels: 927 long, 1241 short (43/57%)
    [trial 5] Sharpe=-0.0548 (folds: 0.0783, -0.5892, 0.1660, 0.4020, -0.3309)
    [trial 6] 46 features, training_days=410 | threshold=0.549 | labels: 927 long, 1241 short (43/57%)[I 2026-06-01 11:09:17,055] Trial 6 finished with value: 0.06489205811211572 and parameters: {'confidence_threshold': 0.5493234787411669, 'training_days': 410, 'n_estimators': 83, 'max_depth': 5, 'num_leaves': 52, 'learning_rate': 0.019657448966046126, 'subsample': 0.5027610585618012, 'colsample_bytree': 0.9077307142274171, 'min_child_samples': 77, 'reg_alpha': 0.03639690979811287, 'reg_lambda': 0.08738424135626986}. Best is trial 6 with value: 0.06489205811211572.
[I 2026-06-01 11:09:17,148] Trial 7 finished with value: -0.0333242230492246 and parameters: {'confidence_threshold': 0.5259156281069316, 'training_days': 180, 'n_estimators': 102, 'max_depth': 5, 'num_leaves': 45, 'learning_rate': 0.030816017044468066, 'subsample': 0.5317791751430119, 'colsample_bytree': 0.6554911608578311, 'min_child_samples': 46, 'reg_alpha': 0.036851536911881845, 'reg_lambda': 0.005470376807480391}. Best is trial 6 with value: 0.06489205811211572.
[I 2026-06-01 11:09:17,252] Trial 8 finished with value: 0.12235028933368242 and parameters: {'confidence_threshold': 0.8105244599017143, 'training_days': 240, 'n_estimators': 103, 'max_depth': 5, 'num_leaves': 52, 'learning_rate': 0.06746437142284309, 'subsample': 0.8854835899772805, 'colsample_bytree': 0.7468977981821954, 'min_child_samples': 62, 'reg_alpha': 7.04480806377519e-05, 'reg_lambda': 1.6934490731313353e-08}. Best is trial 8 with value: 0.12235028933368242.
[I 2026-06-01 11:09:17,276] Trial 9 finished with value: 0.03056677218399565 and parameters: {'confidence_threshold': 0.5377619994476566, 'training_days': 20, 'n_estimators': 337, 'max_depth': 3, 'num_leaves': 39, 'learning_rate': 0.21907142272152816, 'subsample': 0.6246461145744375, 'colsample_bytree': 0.7051914615178149, 'min_child_samples': 81, 'reg_alpha': 1.1459970229341322e-06, 'reg_lambda': 4.929685216887945e-08}. Best is trial 8 with value: 0.12235028933368242.
[I 2026-06-01 11:09:17,837] Trial 10 finished with value: 0.025506212874343032 and parameters: {'confidence_threshold': 0.734042426776949, 'training_days': 280, 'n_estimators': 487, 'max_depth': 5, 'num_leaves': 62, 'learning_rate': 0.10432148521337849, 'subsample': 0.9416850669512905, 'colsample_bytree': 0.8120417635861826, 'min_child_samples': 27, 'reg_alpha': 7.238112263003475e-05, 'reg_lambda': 3.3639426888455256e-06}. Best is trial 8 with value: 0.12235028933368242.
[I 2026-06-01 11:09:17,927] Trial 11 finished with value: -5.980173960925075 and parameters: {'confidence_threshold': 0.7192552477034038, 'training_days': 350, 'n_estimators': 68, 'max_depth': 5, 'num_leaves': 56, 'learning_rate': 0.010432023013264416, 'subsample': 0.8696252151616218, 'colsample_bytree': 0.814234822567717, 'min_child_samples': 85, 'reg_alpha': 0.0002674461616954016, 'reg_lambda': 0.5855213887055177}. Best is trial 8 with value: 0.12235028933368242.
[I 2026-06-01 11:09:18,070] Trial 12 finished with value: 0.03577178341640104 and parameters: {'confidence_threshold': 0.7620455712439583, 'training_days': 190, 'n_estimators': 210, 'max_depth': 4, 'num_leaves': 51, 'learning_rate': 0.07242956818771233, 'subsample': 0.8361663661711445, 'colsample_bytree': 0.9955462072303609, 'min_child_samples': 79, 'reg_alpha': 1.9900097930347052, 'reg_lambda': 3.06242583717076e-05}. Best is trial 8 with value: 0.12235028933368242.
[I 2026-06-01 11:09:18,148] Trial 13 finished with value: 0.007705284383431476 and parameters: {'confidence_threshold': 0.6715112328451753, 'training_days': 270, 'n_estimators': 60, 'max_depth': 5, 'num_leaves': 52, 'learning_rate': 0.20158174220210204, 'subsample': 0.912491808253448, 'colsample_bytree': 0.8155421717694826, 'min_child_samples': 97, 'reg_alpha': 5.455813891552554e-05, 'reg_lambda': 0.052039727051948925}. Best is trial 8 with value: 0.12235028933368242.
[I 2026-06-01 11:09:18,228] Trial 14 finished with value: 0.02945415149679299 and parameters: {'confidence_threshold': 0.7871652886153421, 'training_days': 100, 'n_estimators': 176, 'max_depth': 4, 'num_leaves': 60, 'learning_rate': 0.04348593163481826, 'subsample': 0.6748584669286911, 'colsample_bytree': 0.6257061141687481, 'min_child_samples': 55, 'reg_alpha': 0.00492838973466057, 'reg_lambda': 7.565770484313319e-06}. Best is trial 8 with value: 0.12235028933368242.
[I 2026-06-01 11:09:18,477] Trial 15 finished with value: 0.1654854291409363 and parameters: {'confidence_threshold': 0.6887540779211444, 'training_days': 390, 'n_estimators': 251, 'max_depth': 5, 'num_leaves': 47, 'learning_rate': 0.010359623362260938, 'subsample': 0.6015874640141092, 'colsample_bytree': 0.7688863617704711, 'min_child_samples': 69, 'reg_alpha': 0.18517433774846162, 'reg_lambda': 0.09910121327626883}. Best is trial 15 with value: 0.1654854291409363.
[I 2026-06-01 11:09:18,740] Trial 16 finished with value: 0.06654968250481211 and parameters: {'confidence_threshold': 0.6833364956860948, 'training_days': 330, 'n_estimators': 278, 'max_depth': 4, 'num_leaves': 35, 'learning_rate': 0.011145349368176318, 'subsample': 0.6022959818573481, 'colsample_bytree': 0.7663584390575363, 'min_child_samples': 34, 'reg_alpha': 1.6230643075200477e-05, 'reg_lambda': 6.523585816098916e-05}. Best is trial 15 with value: 0.1654854291409363.
[I 2026-06-01 11:09:18,839] Trial 17 finished with value: 0.03386200147364299 and parameters: {'confidence_threshold': 0.789403558838043, 'training_days': 130, 'n_estimators': 271, 'max_depth': 5, 'num_leaves': 47, 'learning_rate': 0.14168046193643383, 'subsample': 0.710939379201929, 'colsample_bytree': 0.6313757921462877, 'min_child_samples': 63, 'reg_alpha': 8.368668173992347, 'reg_lambda': 6.880925840516315e-07}. Best is trial 15 with value: 0.1654854291409363.
[I 2026-06-01 11:09:19,364] A new study created in memory with name: no-name-aa68c146-1ea4-454d-97c5-8ac26787cb44
[I 2026-06-01 11:09:19,467] Trial 0 finished with value: 0.011560503084644947 and parameters: {'confidence_threshold': 0.7437642149592516, 'training_days': 150, 'n_estimators': 152, 'max_depth': 4, 'num_leaves': 50, 'learning_rate': 0.04216766425047743, 'subsample': 0.9903820991923078, 'colsample_bytree': 0.8424148692924316, 'min_child_samples': 58, 'reg_alpha': 3.381097259762742e-05, 'reg_lambda': 1.2263152961306247e-05}. Best is trial 0 with value: 0.011560503084644947.
[I 2026-06-01 11:09:19,538] Trial 1 finished with value: 0.14221147164695486 and parameters: {'confidence_threshold': 0.7551673975844145, 'training_days': 220, 'n_estimators': 76, 'max_depth': 4, 'num_leaves': 51, 'learning_rate': 0.018602118810743477, 'subsample': 0.5877258780737462, 'colsample_bytree': 0.7657756869209191, 'min_child_samples': 63, 'reg_alpha': 0.005123994170264194, 'reg_lambda': 0.44145470178120466}. Best is trial 1 with value: 0.14221147164695486.
[I 2026-06-01 11:09:19,808] Trial 2 finished with value: -0.018282482125130818 and parameters: {'confidence_threshold': 0.7535593637012223, 'training_days': 310, 'n_estimators': 375, 'max_depth': 3, 'num_leaves': 32, 'learning_rate': 0.021735641882032388, 'subsample': 0.6468570231944146, 'colsample_bytree': 0.8154880619272439, 'min_child_samples': 27, 'reg_alpha': 8.004064028491336e-05, 'reg_lambda': 7.546835261630524e-05}. Best is trial 1 with value: 0.14221147164695486.
[I 2026-06-01 11:09:19,976] Trial 3 finished with value: 0.056539147236421575 and parameters: {'confidence_threshold': 0.6727897841776072, 'training_days': 220, 'n_estimators': 190, 'max_depth': 4, 'num_leaves': 58, 'learning_rate': 0.24810689332636193, 'subsample': 0.7509183379421682, 'colsample_bytree': 0.8119764758960556, 'min_child_samples': 29, 'reg_alpha': 7.1708285081421445e-06, 'reg_lambda': 5.412973582738627e-05}. Best is trial 1 with value: 0.14221147164695486.
[I 2026-06-01 11:09:20,093] Trial 4 finished with value: 0.036354224345396646 and parameters: {'confidence_threshold': 0.803208205259178, 'training_days': 130, 'n_estimators': 267, 'max_depth': 5, 'num_leaves': 40, 'learning_rate': 0.08041175317374143, 'subsample': 0.5603143329951619, 'colsample_bytree': 0.9131704002534167, 'min_child_samples': 68, 'reg_alpha': 0.0008046593428183385, 'reg_lambda': 1.2158346158765583e-05}. Best is trial 1 with value: 0.14221147164695486.
[I 2026-06-01 11:09:20,318] Trial 5 finished with value: 0.020129334867172513 and parameters: {'confidence_threshold': 0.6064422761595144, 'training_days': 210, 'n_estimators': 357, 'max_depth': 5, 'num_leaves': 40, 'learning_rate': 0.0974221287220869, 'subsample': 0.7929682762811064, 'colsample_bytree': 0.8124517510478, 'min_child_samples': 74, 'reg_alpha': 0.3811377260781234, 'reg_lambda': 5.607314238392041e-08}. Best is trial 1 with value: 0.14221147164695486.
[I 2026-06-01 11:09:20,422] Trial 6 finished with value: 0.010251206506014986 and parameters: {'confidence_threshold': 0.7672889945051684, 'training_days': 130, 'n_estimators': 137, 'max_depth': 4, 'num_leaves': 19, 'learning_rate': 0.2031117614248665, 'subsample': 0.8136244860256343, 'colsample_bytree': 0.8617081790949774, 'min_child_samples': 21, 'reg_alpha': 0.002238138278733199, 'reg_lambda': 0.001025809534977322}. Best is trial 1 with value: 0.14221147164695486.
[I 2026-06-01 11:09:20,492] Trial 7 finished with value: 0.003623214445443383 and parameters: {'confidence_threshold': 0.555635875450653, 'training_days': 80, 'n_estimators': 363, 'max_depth': 3, 'num_leaves': 48, 'learning_rate': 0.06590089024008658, 'subsample': 0.6944752870615722, 'colsample_bytree': 0.962566244806993, 'min_child_samples': 88, 'reg_alpha': 1.6465620446426067e-05, 'reg_lambda': 2.4678750890085655e-08}. Best is trial 1 with value: 0.14221147164695486.
[I 2026-06-01 11:09:20,841] Trial 8 finished with value: 0.031309040571147626 and parameters: {'confidence_threshold': 0.6066688256938841, 'training_days': 200, 'n_estimators': 367, 'max_depth': 5, 'num_leaves': 32, 'learning_rate': 0.13377519215934996, 'subsample': 0.7965884582811106, 'colsample_bytree': 0.8458508993500886, 'min_child_samples': 32, 'reg_alpha': 3.889436043816386e-05, 'reg_lambda': 1.4713062489380356e-06}. Best is trial 1 with value: 0.14221147164695486.
[I 2026-06-01 11:09:21,059] Trial 9 finished with value: 0.008430860681442165 and parameters: {'confidence_threshold': 0.6202096049169137, 'training_days': 260, 'n_estimators': 350, 'max_depth': 3, 'num_leaves': 21, 'learning_rate': 0.02989540198065364, 'subsample': 0.8307821683331218, 'colsample_bytree': 0.923253112635361, 'min_child_samples': 64, 'reg_alpha': 0.4898604619604203, 'reg_lambda': 2.9076377687066166e-05}. Best is trial 1 with value: 0.14221147164695486.
[I 2026-06-01 11:09:21,490] Trial 10 finished with value: -1.9585318648439984 and parameters: {'confidence_threshold': 0.8445241688507242, 'training_days': 470, 'n_estimators': 493, 'max_depth': 4, 'num_leaves': 63, 'learning_rate': 0.010221918552934462, 'subsample': 0.5019190721168774, 'colsample_bytree': 0.6202684210924141, 'min_child_samples': 47, 'reg_alpha': 2.371385268938747e-08, 'reg_lambda': 1.7987349911222597}. Best is trial 1 with value: 0.14221147164695486.
[I 2026-06-01 11:09:21,582] Trial 11 finished with value: 0.026285971727732053 and parameters: {'confidence_threshold': 0.6840516532713735, 'training_days': 360, 'n_estimators': 51, 'max_depth': 4, 'num_leaves': 63, 'learning_rate': 0.2803194586810138, 'subsample': 0.6399556348268914, 'colsample_bytree': 0.6900063486364282, 'min_child_samples': 42, 'reg_alpha': 1.6374831121229513e-07, 'reg_lambda': 0.02264051859582808}. Best is trial 1 with value: 0.14221147164695486.
[I 2026-06-01 11:09:21,610] Trial 12 finished with value: -3.9371686945375237 and parameters: {'confidence_threshold': 0.6909117606166844, 'training_days': 20, 'n_estimators': 147, 'max_depth': 4, 'num_leaves': 54, 'learning_rate': 0.01372290614040756, 'subsample': 0.9066370420730767, 'colsample_bytree': 0.5096458353191796, 'min_child_samples': 100, 'reg_alpha': 0.01228710721755922, 'reg_lambda': 1.7055365254835695}. Best is trial 1 with value: 0.14221147164695486.
[I 2026-06-01 11:09:21,693] Trial 13 finished with value: -1.7721006089401228 and parameters: {'confidence_threshold': 0.7214337417001208, 'training_days': 370, 'n_estimators': 52, 'max_depth': 4, 'num_leaves': 56, 'learning_rate': 0.02332390423181937, 'subsample': 0.7238232087977978, 'colsample_bytree': 0.7361824510546084, 'min_child_samples': 51, 'reg_alpha': 1.0060661308529223e-06, 'reg_lambda': 0.00931023075971825}. Best is trial 1 with value: 0.14221147164695486.
