[I 2026-06-01 11:08:42,094] Trial 2 finished with value: -0.06487969627486065 and parameters: {'confidence_threshold': 0.6022506269873263, 'training_days': 190, 'n_estimators': 255, 'max_depth': 5, 'num_leaves': 24, 'learning_rate': 0.05748924681991978, 'subsample': 0.7962072844310213, 'colsample_bytree': 0.5232252063599989, 'min_child_samples': 69, 'reg_alpha': 3.425445902633376e-07, 'reg_lambda': 3.850031979199519e-08}. Best is trial 0 with value: 0.03955872022668157.

    [trial 4] 46 features, training_days=300 | threshold=0.562 | labels: 1044 long, 1127 short (48/52%)
    [trial 4] Sharpe=0.0055 (folds: 0.1134, -0.0435, -0.1742, -0.0048, 0.1369)
    [trial 5] 46 features, training_days=490 | threshold=0.711 | labels: 1044 long, 1127 short (48/52%)
    [trial 5] Sharpe=-0.0047 (folds: 0.0831, -0.0114, -0.1373, -0.0015, 0.0436)
    [trial 6] 46 features, training_days=420 | threshold=0.667 | labels: 1044 long, 1127 short (48/52%)
    [trial 6] Sharpe=0.0145 (folds: 0.0074, 0.0138, -0.2364, -0.0130, 0.3010)
    [trial 7] 46 features, training_days=120 | threshold=0.550 | labels: 1044 long, 1127 short (48/52%)
    [trial 7] Sharpe=-0.0287 (folds: 0.0536, 0.0469, -0.1477, -0.1311, 0.0346)
    [trial 8] 46 features, training_days=450 | threshold=0.720 | labels: 1044 long, 1127 short (48/52%)
    [trial 8] Sharpe=0.0209 (folds: -0.0678, 0.0681, -0.1618, 0.0024, 0.2637)
    [trial 9] 46 features, training_days=20 | threshold=0.727 | labels: 1044 long, 1127 short (48/52%)
    [trial 9] Sharpe=-4.0960 (folds: -0.3227, -10.0000, -0.0021, -10.0000, -0.1553)
    [trial 10] 46 features, training_days=200 | threshold=0.828 | labels: 1044 long, 1127 short (48/52%)
    [trial 10] Sharpe=-8.0926 (folds: -10.0000, -10.0000, -0.4628, -10.0000, -10.0000)
    [trial 11] 46 features, training_days=300 | threshold=0.644 | labels: 1044 long, 1127 short (48/52%)
    [trial 11] Sharpe=-0.0215 (folds: -0.1043, -0.1337, -0.1296, -0.0212, 0.2815)
    [trial 12] 46 features, training_days=220 | threshold=0.801 | labels: 1044 long, 1127 short (48/52%)
    [trial 12] Sharpe=0.0986 (folds: 0.0503, 0.1096, 0.0245, 0.1198, 0.1888)
    [trial 13] 46 features, training_days=200 | threshold=0.816 | labels: 1044 long, 1127 short (48/52%)
    [trial 13] Sharpe=0.0369 (folds: -0.1520, 0.1339, -0.0064, 0.0530, 0.1558)
    [trial 14] 46 features, training_days=210 | threshold=0.772 | labels: 1044 long, 1127 short (48/52%)
    [trial 14] Sharpe=0.0479 (folds: 0.0823, 0.0281, -0.0568, 0.0946, 0.0912)
    [trial 15] 46 features, training_days=390 | threshold=0.783 | labels: 1044 long, 1127 short (48/52%)
    [trial 15] Sharpe=0.0452 (folds: -0.1321, 0.0423, -0.2671, 0.0329, 0.5500)
    [trial 16] 46 features, training_days=130 | threshold=0.516 | labels: 1044 long, 1127 short (48/52%)
    [trial 16] Sharpe=-0.0790 (folds: -0.1371, 0.0355, -0.2025, -0.0970, 0.0062)
    [trial 17] 46 features, training_days=260 | threshold=0.786 | labels: 1044 long, 1127 short (48/52%)
    [trial 17] Sharpe=0.0136 (folds: 0.0084, -0.0700, -0.2688, 0.1250, 0.2732)
  Optuna: 18 trials, best Sharpe = 0.0986
  Best params: n_estimators=139, max_depth=4, lr=0.0927, leaves=28
  Best confidence_threshold: 0.801
  Best training_days: 220
  Retrained on full data (660 samples, 46 features)
  OOD: 16 features, cutoff (q=0.7) = 13.22
  Model trained for 2025-11: 90 test candles with features, confidence_threshold=0.761
[predict] 2025-11-01 00:00 DOTUSDT → LONG (proba=0.88 TP=12.0%/SL=6.0%)
[trade:open] 2025-11-01 07:59 DOTUSDT LONG @ 2.90 | SL=2.73 TP=3.25 | timeout=2025-11-08 07:59
[trade:close] 2025-11-03 07:59 DOTUSDT LONG → stop_loss @ 2.73 | PnL=-6.00% (net -6.10%) | cum=+72.41% 2025-11=-6.10% 2025-11-03=-6.10%
[predict] 2025-11-13 00:00 DOTUSDT → SHORT (proba=0.89 TP=18.7%/SL=9.4%)
[trade:open] 2025-11-13 07:59 DOTUSDT SHORT @ 2.98 | SL=3.26 TP=2.42 | timeout=2025-11-20 07:59
[trade:close] 2025-11-20 08:00 DOTUSDT SHORT → timeout @ 2.74 | PnL=+7.93% (net +7.83%) | cum=+80.24% 2025-11=+1.73% 2025-11-20=+7.83%
[predict] 2025-11-25 00:00 DOTUSDT → LONG (proba=0.89 TP=16.4%/SL=8.2%)
[trade:open] 2025-11-25 07:59 DOTUSDT LONG @ 2.26 | SL=2.08 TP=2.64 | timeout=2025-12-02 07:59
[trade:close] 2025-12-01 07:59 DOTUSDT LONG → stop_loss @ 2.08 | PnL=-8.21% (net -8.31%) | cum=+71.93% 2025-12=-8.31% 2025-12-01=-8.31%
[lgbm] === Training for 2025-12 ===
  Train window: 2023-12-01 → 2025-11-23
  2171 training samples from 1 symbols
  Samples per month: 2023-12: 93, 2024-01: 93, 2024-02: 87, 2024-03: 93, 2024-04: 90, 2024-05: 93, 2024-06: 90, 2024-07: 93, 2024-08: 93, 2024-09: 90, 2024-10: 93, 2024-11: 90, 2024-12: 93, 2025-01: 93, 2025-02: 84, 2025-03: 93, 2025-04: 90, 2025-05: 93, 2025-06: 90, 2025-07: 93, 2025-08: 93, 2025-09: 90, 2025-10: 93, 2025-11: 68
  [label] 2024-01-31 16:00 DOTUSDT entry=6.6510 → LONG | long=timeout(+4.23%) short=timeout(-4.43%) | scanned=22 | no_tp→fwd_return=+4.3302
  [label] 2024-02-03 00:00 DOTUSDT entry=6.8700 → LONG | long=timeout(+4.35%) short=sl(-4.94%) | scanned=22 | no_tp→fwd_return=+4.4541
  [label] 2024-02-06 16:00 DOTUSDT entry=6.8080 → LONG | long=tp(+8.57%) short=sl(-4.44%) | scanned=19 | long_tp_only
  [label] 2024-03-02 08:00 DOTUSDT entry=9.0280 → LONG | long=tp(+14.28%) short=sl(-7.29%) | scanned=8 | long_tp_only
  [label] 2024-04-24 00:00 DOTUSDT entry=7.4180 → SHORT | long=sl(-6.80%) short=tp(+13.30%) | scanned=19 | short_tp_only
  [label] 2024-10-07 00:00 DOTUSDT entry=4.2400 → LONG | long=sl(-4.43%) short=timeout(-0.81%) | scanned=22 | no_tp→fwd_return=+0.7075
  [label] 2024-10-11 00:00 DOTUSDT entry=4.1010 → LONG | long=tp(+8.36%) short=sl(-4.33%) | scanned=13 | long_tp_only
  [label] 2024-10-21 16:00 DOTUSDT entry=4.3760 → SHORT | long=sl(-4.32%) short=tp(+8.34%) | scanned=12 | short_tp_only
  [label] 2024-12-05 16:00 DOTUSDT entry=10.3810 → SHORT | long=sl(-13.23%) short=tp(+26.15%) | scanned=12 | short_tp_only
  [label] 2024-12-14 08:00 DOTUSDT entry=8.6390 → SHORT | long=sl(-11.49%) short=tp(+22.68%) | scanned=18 | short_tp_only
  [label] 2025-03-14 16:00 DOTUSDT entry=4.1840 → LONG | long=timeout(+7.38%) short=sl(-7.64%) | scanned=22 | no_tp→fwd_return=+7.4809
  [label] 2025-04-15 16:00 DOTUSDT entry=3.5170 → LONG | long=tp(+13.54%) short=sl(-6.92%) | scanned=21 | long_tp_only
  [label] 2025-05-02 00:00 DOTUSDT entry=4.1840 → LONG | long=sl(-5.17%) short=sl(-5.17%) | scanned=20 | no_tp→fwd_return=+6.4771
  [label] 2025-05-14 16:00 DOTUSDT entry=4.9780 → SHORT | long=sl(-7.26%) short=timeout(+4.76%) | scanned=22 | no_tp→fwd_return=-4.8614
  [label] 2025-06-02 00:00 DOTUSDT entry=4.0120 → SHORT | long=sl(-5.82%) short=timeout(+0.57%) | scanned=22 | no_tp→fwd_return=-0.6730
  [label] 2025-06-08 08:00 DOTUSDT entry=4.0740 → SHORT | long=sl(-5.02%) short=sl(-5.02%) | scanned=14 | no_tp→fwd_return=-6.2101
  [label] 2025-06-20 16:00 DOTUSDT entry=3.4370 → SHORT | long=sl(-5.78%) short=tp(+11.25%) | scanned=6 | short_tp_only
  [label] 2025-07-30 08:00 DOTUSDT entry=3.8180 → SHORT | long=sl(-6.93%) short=timeout(+3.59%) | scanned=22 | no_tp→fwd_return=-3.6930
  [label] 2025-08-09 00:00 DOTUSDT entry=4.0720 → LONG | long=sl(-5.17%) short=sl(-5.17%) | scanned=13 | no_tp→fwd_return=+3.6591
  [label] 2025-11-03 08:00 DOTUSDT entry=2.5800 → LONG | long=sl(-9.10%) short=sl(-9.10%) | scanned=11 | no_tp→fwd_return=+10.5426
  Labels: 999 long (46.0%), 1172 short (54.0%) | weights: min=1.00, mean=3.51, max=10.00
  Features: 2171/2171 matched, 46 columns
  CV gap: 22 rows
  [ensemble 1/3] seed=42
    [trial 0] 46 features, training_days=480 | threshold=0.631 | labels: 999 long, 1172 short (46/54%)
    [CV fold 0] train_end=2024-03-24 08:00 | val_start=2024-04-01 00:00 | gap=184h (22 rows)
    [CV fold 1] train_end=2024-07-22 16:00 | val_start=2024-07-30 08:00 | gap=184h (22 rows)
    [CV fold 2] train_end=2024-11-20 00:00 | val_start=2024-11-27 16:00 | gap=184h (22 rows)
    [CV fold 3] train_end=2025-03-20 08:00 | val_start=2025-03-28 00:00 | gap=184h (22 rows)
    [CV fold 4] train_end=2025-07-18 16:00 | val_start=2025-07-26 08:00 | gap=184h (22 rows)
    [trial 0] Sharpe=0.0396 (folds: -0.1168, -0.0742, 0.0507, -0.0550, 0.3930)
    [trial 1] 46 features, training_days=420 | threshold=0.839 | labels: 999 long, 1172 short (46/54%)
    [trial 1] Sharpe=-3.9735 (folds: -0.1663, -0.0472, 0.3457, -10.0000, -10.0000)
    [trial 2] 46 features, training_days=190 | threshold=0.602 | labels: 999 long, 1172 short (46/54%)
    [trial 2] Sharpe=-0.0649 (folds: -0.1600, -0.0816, -0.2155, 0.0974, 0.0353)
    [trial 3] 46 features, training_days=490 | threshold=0.832 | labels: 999 long, 1172 short (46/54%)[I 2026-06-01 11:08:42,335] Trial 3 finished with value: 0.0006623600515149209 and parameters: {'confidence_threshold': 0.8321099380386666, 'training_days': 490, 'n_estimators': 414, 'max_depth': 3, 'num_leaves': 19, 'learning_rate': 0.1024932221692416, 'subsample': 0.7200762468698007, 'colsample_bytree': 0.5610191174223894, 'min_child_samples': 60, 'reg_alpha': 2.039373116525212e-08, 'reg_lambda': 1.527156759251193}. Best is trial 0 with value: 0.03955872022668157.
[I 2026-06-01 11:08:42,483] Trial 4 finished with value: 0.002718868189401602 and parameters: {'confidence_threshold': 0.5905729935600059, 'training_days': 340, 'n_estimators': 190, 'max_depth': 4, 'num_leaves': 41, 'learning_rate': 0.01875220945578641, 'subsample': 0.9847923138822793, 'colsample_bytree': 0.8875664116805573, 'min_child_samples': 96, 'reg_alpha': 1.1309571585271483, 'reg_lambda': 0.002404915432737351}. Best is trial 0 with value: 0.03955872022668157.
[I 2026-06-01 11:08:42,525] Trial 5 finished with value: -0.2564460242946599 and parameters: {'confidence_threshold': 0.8226559822580909, 'training_days': 50, 'n_estimators': 138, 'max_depth': 3, 'num_leaves': 30, 'learning_rate': 0.03750796359625606, 'subsample': 0.6356745158869479, 'colsample_bytree': 0.9143687545759647, 'min_child_samples': 48, 'reg_alpha': 3.376063348877853e-06, 'reg_lambda': 0.0007660634613082914}. Best is trial 0 with value: 0.03955872022668157.
[I 2026-06-01 11:08:42,635] Trial 6 finished with value: 0.02551082662544727 and parameters: {'confidence_threshold': 0.5493234787411669, 'training_days': 410, 'n_estimators': 83, 'max_depth': 5, 'num_leaves': 52, 'learning_rate': 0.019657448966046126, 'subsample': 0.5027610585618012, 'colsample_bytree': 0.9077307142274171, 'min_child_samples': 77, 'reg_alpha': 0.03639690979811287, 'reg_lambda': 0.08738424135626986}. Best is trial 0 with value: 0.03955872022668157.
[I 2026-06-01 11:08:42,726] Trial 7 finished with value: -0.13180609478406907 and parameters: {'confidence_threshold': 0.5259156281069316, 'training_days': 180, 'n_estimators': 102, 'max_depth': 5, 'num_leaves': 45, 'learning_rate': 0.030816017044468066, 'subsample': 0.5317791751430119, 'colsample_bytree': 0.6554911608578311, 'min_child_samples': 46, 'reg_alpha': 0.036851536911881845, 'reg_lambda': 0.005470376807480391}. Best is trial 0 with value: 0.03955872022668157.
[I 2026-06-01 11:08:42,836] Trial 8 finished with value: -0.010401741422045762 and parameters: {'confidence_threshold': 0.8105244599017143, 'training_days': 240, 'n_estimators': 103, 'max_depth': 5, 'num_leaves': 52, 'learning_rate': 0.06746437142284309, 'subsample': 0.8854835899772805, 'colsample_bytree': 0.7468977981821954, 'min_child_samples': 62, 'reg_alpha': 7.04480806377519e-05, 'reg_lambda': 1.6934490731313353e-08}. Best is trial 0 with value: 0.03955872022668157.
[I 2026-06-01 11:08:42,859] Trial 9 finished with value: -0.1049702039619129 and parameters: {'confidence_threshold': 0.5377619994476566, 'training_days': 20, 'n_estimators': 337, 'max_depth': 3, 'num_leaves': 39, 'learning_rate': 0.21907142272152816, 'subsample': 0.6246461145744375, 'colsample_bytree': 0.7051914615178149, 'min_child_samples': 81, 'reg_alpha': 1.1459970229341322e-06, 'reg_lambda': 4.929685216887945e-08}. Best is trial 0 with value: 0.03955872022668157.
[I 2026-06-01 11:08:43,417] Trial 10 finished with value: 0.01667771728595433 and parameters: {'confidence_threshold': 0.6938635787372303, 'training_days': 350, 'n_estimators': 487, 'max_depth': 4, 'num_leaves': 15, 'learning_rate': 0.011407797829608154, 'subsample': 0.6277217293825994, 'colsample_bytree': 0.9880699499289975, 'min_child_samples': 27, 'reg_alpha': 8.536188349289, 'reg_lambda': 3.3639426888455256e-06}. Best is trial 0 with value: 0.03955872022668157.
[I 2026-06-01 11:08:43,689] Trial 11 finished with value: -0.02725281875897283 and parameters: {'confidence_threshold': 0.6793407361691637, 'training_days': 480, 'n_estimators': 298, 'max_depth': 4, 'num_leaves': 60, 'learning_rate': 0.010345547951401532, 'subsample': 0.5020876636914846, 'colsample_bytree': 0.8450967273762119, 'min_child_samples': 81, 'reg_alpha': 0.04080560208552622, 'reg_lambda': 0.5855213887055177}. Best is trial 0 with value: 0.03955872022668157.
[I 2026-06-01 11:08:44,016] Trial 12 finished with value: 0.06076710965304159 and parameters: {'confidence_threshold': 0.6003047602930186, 'training_days': 380, 'n_estimators': 389, 'max_depth': 4, 'num_leaves': 33, 'learning_rate': 0.01709504394923673, 'subsample': 0.5647996887393298, 'colsample_bytree': 0.9966230134341398, 'min_child_samples': 79, 'reg_alpha': 0.0005674054320943116, 'reg_lambda': 1.4289813315801497e-05}. Best is trial 12 with value: 0.06076710965304159.
[I 2026-06-01 11:08:44,303] Trial 13 finished with value: 0.001212226430598784 and parameters: {'confidence_threshold': 0.6306915077247942, 'training_days': 330, 'n_estimators': 389, 'max_depth': 4, 'num_leaves': 34, 'learning_rate': 0.016685975672257804, 'subsample': 0.5852822600836299, 'colsample_bytree': 0.9997354635482029, 'min_child_samples': 95, 'reg_alpha': 0.00023323394909551966, 'reg_lambda': 4.448098583586055e-06}. Best is trial 12 with value: 0.06076710965304159.
[I 2026-06-01 11:08:44,682] Trial 14 finished with value: 0.01564205526224801 and parameters: {'confidence_threshold': 0.7265597903561651, 'training_days': 420, 'n_estimators': 499, 'max_depth': 4, 'num_leaves': 30, 'learning_rate': 0.10169468465040994, 'subsample': 0.6873779390919177, 'colsample_bytree': 0.817587870263954, 'min_child_samples': 74, 'reg_alpha': 0.0019681932868117905, 'reg_lambda': 1.5195245747503235e-05}. Best is trial 12 with value: 0.06076710965304159.
[I 2026-06-01 11:08:45,011] Trial 15 finished with value: -0.012214913201074573 and parameters: {'confidence_threshold': 0.7393830662443354, 'training_days': 500, 'n_estimators': 410, 'max_depth': 4, 'num_leaves': 26, 'learning_rate': 0.014699530792100986, 'subsample': 0.5487633579705854, 'colsample_bytree': 0.9501074183915024, 'min_child_samples': 84, 'reg_alpha': 2.387113799699657e-05, 'reg_lambda': 7.482879404932238e-05}. Best is trial 12 with value: 0.06076710965304159.
[I 2026-06-01 11:08:45,285] Trial 16 finished with value: 0.02512248210977927 and parameters: {'confidence_threshold': 0.6359733123701767, 'training_days': 290, 'n_estimators': 351, 'max_depth': 4, 'num_leaves': 31, 'learning_rate': 0.024964830376077808, 'subsample': 0.8546860786761099, 'colsample_bytree': 0.8202818258442109, 'min_child_samples': 66, 'reg_alpha': 0.37411124489948094, 'reg_lambda': 8.347077506652892e-07}. Best is trial 12 with value: 0.06076710965304159.
[I 2026-06-01 11:08:45,483] Trial 17 finished with value: 0.05910893841201518 and parameters: {'confidence_threshold': 0.5841039325902492, 'training_days': 390, 'n_estimators': 245, 'max_depth': 3, 'num_leaves': 15, 'learning_rate': 0.04302553031342478, 'subsample': 0.5801426409553372, 'colsample_bytree': 0.9469504566726279, 'min_child_samples': 53, 'reg_alpha': 0.0019978109826531173, 'reg_lambda': 0.00014052361264652263}. Best is trial 12 with value: 0.06076710965304159.
[I 2026-06-01 11:08:46,000] A new study created in memory with name: no-name-3f0e6535-abc4-474d-b741-5f60d11b4ba1
[I 2026-06-01 11:08:46,099] Trial 0 finished with value: -0.1412368589677817 and parameters: {'confidence_threshold': 0.7437642149592516, 'training_days': 150, 'n_estimators': 152, 'max_depth': 4, 'num_leaves': 50, 'learning_rate': 0.04216766425047743, 'subsample': 0.9903820991923078, 'colsample_bytree': 0.8424148692924316, 'min_child_samples': 58, 'reg_alpha': 3.381097259762742e-05, 'reg_lambda': 1.2263152961306247e-05}. Best is trial 0 with value: -0.1412368589677817.
[I 2026-06-01 11:08:46,172] Trial 1 finished with value: -2.2803889311069687 and parameters: {'confidence_threshold': 0.7551673975844145, 'training_days': 220, 'n_estimators': 76, 'max_depth': 4, 'num_leaves': 51, 'learning_rate': 0.018602118810743477, 'subsample': 0.5877258780737462, 'colsample_bytree': 0.7657756869209191, 'min_child_samples': 63, 'reg_alpha': 0.005123994170264194, 'reg_lambda': 0.44145470178120466}. Best is trial 0 with value: -0.1412368589677817.
[I 2026-06-01 11:08:46,432] Trial 2 finished with value: -0.02645029766330319 and parameters: {'confidence_threshold': 0.7535593637012223, 'training_days': 310, 'n_estimators': 375, 'max_depth': 3, 'num_leaves': 32, 'learning_rate': 0.021735641882032388, 'subsample': 0.6468570231944146, 'colsample_bytree': 0.8154880619272439, 'min_child_samples': 27, 'reg_alpha': 8.004064028491336e-05, 'reg_lambda': 7.546835261630524e-05}. Best is trial 2 with value: -0.02645029766330319.
[I 2026-06-01 11:08:46,596] Trial 3 finished with value: -0.014439038365086077 and parameters: {'confidence_threshold': 0.6727897841776072, 'training_days': 220, 'n_estimators': 190, 'max_depth': 4, 'num_leaves': 58, 'learning_rate': 0.24810689332636193, 'subsample': 0.7509183379421682, 'colsample_bytree': 0.8119764758960556, 'min_child_samples': 29, 'reg_alpha': 7.1708285081421445e-06, 'reg_lambda': 5.412973582738627e-05}. Best is trial 3 with value: -0.014439038365086077.
[I 2026-06-01 11:08:46,705] Trial 4 finished with value: -0.08872583071653987 and parameters: {'confidence_threshold': 0.803208205259178, 'training_days': 130, 'n_estimators': 267, 'max_depth': 5, 'num_leaves': 40, 'learning_rate': 0.08041175317374143, 'subsample': 0.5603143329951619, 'colsample_bytree': 0.9131704002534167, 'min_child_samples': 68, 'reg_alpha': 0.0008046593428183385, 'reg_lambda': 1.2158346158765583e-05}. Best is trial 3 with value: -0.014439038365086077.
[I 2026-06-01 11:08:46,933] Trial 5 finished with value: -0.015760911118689824 and parameters: {'confidence_threshold': 0.6064422761595144, 'training_days': 210, 'n_estimators': 357, 'max_depth': 5, 'num_leaves': 40, 'learning_rate': 0.0974221287220869, 'subsample': 0.7929682762811064, 'colsample_bytree': 0.8124517510478, 'min_child_samples': 74, 'reg_alpha': 0.3811377260781234, 'reg_lambda': 5.607314238392041e-08}. Best is trial 3 with value: -0.014439038365086077.
[I 2026-06-01 11:08:47,043] Trial 6 finished with value: -0.11727816938275293 and parameters: {'confidence_threshold': 0.7672889945051684, 'training_days': 130, 'n_estimators': 137, 'max_depth': 4, 'num_leaves': 19, 'learning_rate': 0.2031117614248665, 'subsample': 0.8136244860256343, 'colsample_bytree': 0.8617081790949774, 'min_child_samples': 21, 'reg_alpha': 0.002238138278733199, 'reg_lambda': 0.001025809534977322}. Best is trial 3 with value: -0.014439038365086077.
[I 2026-06-01 11:08:47,124] Trial 7 finished with value: -0.20008474648591137 and parameters: {'confidence_threshold': 0.555635875450653, 'training_days': 80, 'n_estimators': 363, 'max_depth': 3, 'num_leaves': 48, 'learning_rate': 0.06590089024008658, 'subsample': 0.6944752870615722, 'colsample_bytree': 0.962566244806993, 'min_child_samples': 88, 'reg_alpha': 1.6465620446426067e-05, 'reg_lambda': 2.4678750890085655e-08}. Best is trial 3 with value: -0.014439038365086077.
[I 2026-06-01 11:08:47,440] Trial 8 finished with value: -0.008275589631601226 and parameters: {'confidence_threshold': 0.6066688256938841, 'training_days': 200, 'n_estimators': 367, 'max_depth': 5, 'num_leaves': 32, 'learning_rate': 0.13377519215934996, 'subsample': 0.7965884582811106, 'colsample_bytree': 0.8458508993500886, 'min_child_samples': 32, 'reg_alpha': 3.889436043816386e-05, 'reg_lambda': 1.4713062489380356e-06}. Best is trial 8 with value: -0.008275589631601226.
[I 2026-06-01 11:08:47,645] Trial 9 finished with value: 0.026485080565690274 and parameters: {'confidence_threshold': 0.6202096049169137, 'training_days': 260, 'n_estimators': 350, 'max_depth': 3, 'num_leaves': 21, 'learning_rate': 0.02989540198065364, 'subsample': 0.8307821683331218, 'colsample_bytree': 0.923253112635361, 'min_child_samples': 64, 'reg_alpha': 0.4898604619604203, 'reg_lambda': 2.9076377687066166e-05}. Best is trial 9 with value: 0.026485080565690274.
[I 2026-06-01 11:08:47,957] Trial 10 finished with value: 0.03632108590072981 and parameters: {'confidence_threshold': 0.5342665212695602, 'training_days': 470, 'n_estimators': 493, 'max_depth': 3, 'num_leaves': 17, 'learning_rate': 0.010221918552934462, 'subsample': 0.9317514110288623, 'colsample_bytree': 0.6202684210924141, 'min_child_samples': 47, 'reg_alpha': 2.371385268938747e-08, 'reg_lambda': 0.010291221835057122}. Best is trial 10 with value: 0.03632108590072981.
[I 2026-06-01 11:08:48,280] Trial 11 finished with value: 0.04928426004752344 and parameters: {'confidence_threshold': 0.5053494267891926, 'training_days': 500, 'n_estimators': 493, 'max_depth': 3, 'num_leaves': 18, 'learning_rate': 0.010535067237031154, 'subsample': 0.933879905812802, 'colsample_bytree': 0.6012148974081734, 'min_child_samples': 47, 'reg_alpha': 1.0529589035799712e-08, 'reg_lambda': 0.013871773681252968}. Best is trial 11 with value: 0.04928426004752344.
