[I 2026-06-01 11:01:37,296] A new study created in memory with name: no-name-5a3d5e4f-7f73-487f-b701-dbc989ec01dd
[I 2026-06-01 11:01:37,662] Trial 0 finished with value: -0.08779963805450251 and parameters: {'confidence_threshold': 0.6310890415965769, 'training_days': 480, 'n_estimators': 380, 'max_depth': 4, 'num_leaves': 22, 'learning_rate': 0.01699897838270077, 'subsample': 0.5290418060840998, 'colsample_bytree': 0.9330880728874675, 'min_child_samples': 68, 'reg_alpha': 0.023585940584142682, 'reg_lambda': 1.5320059381854043e-08}. Best is trial 0 with value: -0.08779963805450251.
[I 2026-06-01 11:01:37,778] Trial 1 finished with value: -6.054966029557629 and parameters: {'confidence_threshold': 0.839468448256698, 'training_days': 420, 'n_estimators': 145, 'max_depth': 3, 'num_leaves': 23, 'learning_rate': 0.028145092716060652, 'subsample': 0.762378215816119, 'colsample_bytree': 0.7159725093210578, 'min_child_samples': 43, 'reg_alpha': 0.0032112643094417484, 'reg_lambda': 1.8007140198129195e-07}. Best is trial 0 with value: -0.08779963805450251.
[iter-v1/051] features-base-hash PASS: 02238f8e87fef980... (46 columns, dot_vs_btc_ret_ratio_30 included; UNCHANGED from /050)
======================================================================
iter-v1/051 — DOT-only multi-seed re-validation (no regime gate)
  ITERATION_LABEL        : v1-051
  n_trials               : 18
  outer seeds            : 3 (offsets 0,3,6 ENSEMBLE_SEEDS; 3x3=9 disjoint)
  ensemble_size          : 3 (inner)
  feature_columns        : 46 cols (V1_FEATURE_COLUMNS_PRUNED; from /050)
  dot_vs_btc_ret_ratio_30: index 2 of 46 (retained from /050)
  regime_gate            : DROPPED (was 0% fire rate / INERT at /050)
  cohort                 : DOTUSDT only (V1_ITER051_UNIVERSE)
  verdict bands          : mean IS Delta >= +1.23 SPECIALIST-CONFIRMED
                           +0.50 <= mean IS Delta < +1.23 PARTIAL-CONFIRMED
                           mean IS Delta < +0.50 LOTTERY-CONFIRMED-NEGATIVE (revert)
  features-base-hash     : 02238f8e87fef980de56b22d98014fae...
======================================================================
[run_baseline_v1] --ensemble-size override: 3 (mode default was 3)
v1 RUNNER mode=EXPLORATION iteration=v1-051
  symbols: ('DOTUSDT',)
  ENSEMBLE_SIZE: 3
  ensemble_seeds: [42, 123, 456] (offset=0)
  n_trials per cell: 18
  feature_columns: 46 columns
  bounds_profile: v1_pruned
  OOF_PARQUET_PATH: data/v1_iter_v1-051_trial_oof.parquet
  V1_EXCLUDED_SYMBOLS: ('XRPUSDT', 'DOGEUSDT', 'NEARUSDT', 'BCHUSDT', 'LDOUSDT', 'TRXUSDT', 'BNBUSDT')
  r5_vol_target_enabled: False
  r5_kill_low_natr_enabled: False
  sigma_source: natr
  sample_weight_mode: abs_pnl
  label_mode: triple_barrier
  optuna_objective: sharpe
  vol_ceiling_mode: none
  frozen_hp_mode: none (normal Optuna search)
  model_type: lgbm

[iter-v1/051] DOT-ONLY MULTI-SEED RE-VALIDATION ACTIVE: feature=dot_vs_btc_ret_ratio_30 (46 cols; unchanged from /050), vol_spike_gate=DROPPED (was 0%% fire rate / INERT at /050), ENSEMBLE_SIZE=3 (inner), n_trials=18. NORMAL-RISK: seed variation only (no Optuna domain change). Features: 46 cols (V1_FEATURE_COLUMNS_PRUNED 46). cycle-6 EXP-6/10. Multi-seed verdict bands: mean IS Delta >= +1.23 SPECIALIST-CONFIRMED / [+0.50, +1.23) PARTIAL-CONFIRMED / < +0.50 LOTTERY-NEG.
============================================================
MODEL E'' (DOT + R1 + R2 + no-gate): DOTUSDT (R1=True R2=True R3=on, n_trials=18, ENSEMBLE_SIZE=3, features=46, bounds=v1_pruned, sigma_source=natr)
============================================================
[lgbm] 46 feature columns, 46 walk-forward splits
[lgbm] ATR labeling: 6293/6313 rows with ATR values
[lgbm] No split for 2020-08 (insufficient training data)
[lgbm] No split for 2020-09 (insufficient training data)
[lgbm] No split for 2020-10 (insufficient training data)
[lgbm] No split for 2020-11 (insufficient training data)
[lgbm] No split for 2020-12 (insufficient training data)
[lgbm] No split for 2021-01 (insufficient training data)
[lgbm] No split for 2021-02 (insufficient training data)
[lgbm] No split for 2021-03 (insufficient training data)
[lgbm] No split for 2021-04 (insufficient training data)
[lgbm] No split for 2021-05 (insufficient training data)
[lgbm] No split for 2021-06 (insufficient training data)
[lgbm] No split for 2021-07 (insufficient training data)
[lgbm] No split for 2021-08 (insufficient training data)
[lgbm] No split for 2021-09 (insufficient training data)
[lgbm] No split for 2021-10 (insufficient training data)
[lgbm] No split for 2021-11 (insufficient training data)
[lgbm] No split for 2021-12 (insufficient training data)
[lgbm] No split for 2022-01 (insufficient training data)
[lgbm] No split for 2022-02 (insufficient training data)
[lgbm] No split for 2022-03 (insufficient training data)
[lgbm] No split for 2022-04 (insufficient training data)
[lgbm] No split for 2022-05 (insufficient training data)
[lgbm] No split for 2022-06 (insufficient training data)
[lgbm] No split for 2022-07 (insufficient training data)
[lgbm] === Training for 2022-08 ===
  Train window: 2020-08-01 → 2022-07-24
  2105 training samples from 1 symbols
  Samples per month: 2020-08: 30, 2020-09: 90, 2020-10: 93, 2020-11: 90, 2020-12: 93, 2021-01: 93, 2021-02: 84, 2021-03: 93, 2021-04: 90, 2021-05: 93, 2021-06: 90, 2021-07: 93, 2021-08: 93, 2021-09: 90, 2021-10: 93, 2021-11: 90, 2021-12: 93, 2022-01: 93, 2022-02: 84, 2022-03: 93, 2022-04: 90, 2022-05: 93, 2022-06: 90, 2022-07: 71
  [label] 2020-10-20 16:00 DOTUSDT entry=3.9030 → LONG | long=tp(+11.79%) short=sl(-6.05%) | scanned=8 | long_tp_only
  [label] 2020-10-23 00:00 DOTUSDT entry=4.2840 → LONG | long=tp(+10.77%) short=sl(-5.53%) | scanned=10 | long_tp_only
  [label] 2020-10-26 16:00 DOTUSDT entry=4.7020 → SHORT | long=sl(-6.74%) short=tp(+13.18%) | scanned=8 | short_tp_only
  [label] 2020-11-19 16:00 DOTUSDT entry=4.7590 → LONG | long=tp(+14.82%) short=sl(-7.56%) | scanned=2 | long_tp_only
  [label] 2021-01-09 08:00 DOTUSDT entry=9.4020 → LONG | long=sl(-13.81%) short=sl(-13.81%) | scanned=13 | no_tp→fwd_return=+16.5178
  [label] 2021-06-19 16:00 DOTUSDT entry=20.2130 → SHORT | long=sl(-11.01%) short=tp(+21.71%) | scanned=6 | short_tp_only
  [label] 2021-06-23 08:00 DOTUSDT entry=15.8130 → SHORT | long=timeout(-4.19%) short=timeout(+3.99%) | scanned=22 | no_tp→fwd_return=-4.0916
  [label] 2021-07-04 00:00 DOTUSDT entry=15.9310 → SHORT | long=timeout(-3.58%) short=sl(-8.89%) | scanned=22 | no_tp→fwd_return=-3.4775
  [label] 2021-08-16 08:00 DOTUSDT entry=24.7770 → SHORT | long=sl(-8.88%) short=sl(-8.88%) | scanned=5 | no_tp→fwd_return=-4.5970
  [label] 2021-08-24 16:00 DOTUSDT entry=25.0900 → LONG | long=tp(+21.24%) short=sl(-10.77%) | scanned=20 | long_tp_only
  [label] 2021-11-20 08:00 DOTUSDT entry=40.1700 → SHORT | long=sl(-9.99%) short=timeout(+11.30%) | scanned=22 | no_tp→fwd_return=-11.3966
  [label] 2021-12-21 08:00 DOTUSDT entry=24.7960 → LONG | long=tp(+16.38%) short=sl(-8.34%) | scanned=7 | long_tp_only
  [label] 2022-01-06 00:00 DOTUSDT entry=26.3760 → LONG | long=sl(-11.19%) short=timeout(-1.75%) | scanned=22 | no_tp→fwd_return=+1.6454
  [label] 2022-01-18 08:00 DOTUSDT entry=24.5740 → SHORT | long=sl(-8.29%) short=tp(+16.28%) | scanned=10 | short_tp_only
  [label] 2022-02-05 08:00 DOTUSDT entry=21.7980 → SHORT | long=sl(-7.93%) short=tp(+15.56%) | scanned=20 | short_tp_only
  [label] 2022-02-11 08:00 DOTUSDT entry=20.5070 → SHORT | long=sl(-8.23%) short=timeout(+12.86%) | scanned=22 | no_tp→fwd_return=-12.9566
  [label] 2022-02-23 08:00 DOTUSDT entry=16.9640 → SHORT | long=sl(-8.67%) short=tp(+17.05%) | scanned=3 | short_tp_only
  [label] 2022-04-02 16:00 DOTUSDT entry=22.5950 → SHORT | long=sl(-7.13%) short=tp(+13.95%) | scanned=18 | short_tp_only
  [label] 2022-04-12 08:00 DOTUSDT entry=17.7160 → LONG | long=timeout(+4.66%) short=timeout(-4.86%) | scanned=22 | no_tp→fwd_return=+4.7641
  [label] 2022-07-04 16:00 DOTUSDT entry=7.1600 → SHORT | long=sl(-7.72%) short=timeout(+8.82%) | scanned=22 | no_tp→fwd_return=-8.9246
  Labels: 1087 long (51.6%), 1018 short (48.4%) | weights: min=1.00, mean=3.75, max=10.00
  Features: 2105/2105 matched, 46 columns
  CV gap: 22 rows
  [ensemble 1/3] seed=42
    [trial 0] 46 features, training_days=480 | threshold=0.631 | labels: 1087 long, 1018 short (52/48%)
    [CV fold 0] train_end=2020-12-10 16:00 | val_start=2020-12-18 08:00 | gap=184h (22 rows)
    [CV fold 1] train_end=2021-04-06 08:00 | val_start=2021-04-14 00:00 | gap=184h (22 rows)
    [CV fold 2] train_end=2021-08-01 00:00 | val_start=2021-08-08 16:00 | gap=184h (22 rows)
    [CV fold 3] train_end=2021-11-25 16:00 | val_start=2021-12-03 08:00 | gap=184h (22 rows)
    [CV fold 4] train_end=2022-03-22 08:00 | val_start=2022-03-30 00:00 | gap=184h (22 rows)
    [trial 0] Sharpe=-0.0878 (folds: -0.0270, -0.1531, 0.0951, -0.0782, -0.2758)
    [trial 1] 46 features, training_days=420 | threshold=0.839 | labels: 1087 long, 1018 short (52/48%)
    [trial 1] Sharpe=-6.0550 (folds: -0.1989, -0.0759, -10.0000, -10.0000, -10.0000)
    [trial 2] 46 features, training_days=190 | threshold=0.602 | labels: 1087 long, 1018 short (52/48%)
    [trial 2] Sharpe=-0.0249 (folds: -0.0277, -0.0353, 0.0357, 0.0671, -0.1646)[I 2026-06-01 11:01:37,912] Trial 2 finished with value: -0.02494897446532037 and parameters: {'confidence_threshold': 0.6022506269873263, 'training_days': 190, 'n_estimators': 255, 'max_depth': 5, 'num_leaves': 24, 'learning_rate': 0.05748924681991978, 'subsample': 0.7962072844310213, 'colsample_bytree': 0.5232252063599989, 'min_child_samples': 69, 'reg_alpha': 3.425445902633376e-07, 'reg_lambda': 3.850031979199519e-08}. Best is trial 2 with value: -0.02494897446532037.
[I 2026-06-01 11:01:38,171] Trial 3 finished with value: -0.033763199967757576 and parameters: {'confidence_threshold': 0.8321099380386666, 'training_days': 490, 'n_estimators': 414, 'max_depth': 3, 'num_leaves': 19, 'learning_rate': 0.1024932221692416, 'subsample': 0.7200762468698007, 'colsample_bytree': 0.5610191174223894, 'min_child_samples': 60, 'reg_alpha': 2.039373116525212e-08, 'reg_lambda': 1.527156759251193}. Best is trial 2 with value: -0.02494897446532037.
[I 2026-06-01 11:01:38,307] Trial 4 finished with value: -0.12363684704809623 and parameters: {'confidence_threshold': 0.5905729935600059, 'training_days': 340, 'n_estimators': 190, 'max_depth': 4, 'num_leaves': 41, 'learning_rate': 0.01875220945578641, 'subsample': 0.9847923138822793, 'colsample_bytree': 0.8875664116805573, 'min_child_samples': 96, 'reg_alpha': 1.1309571585271483, 'reg_lambda': 0.002404915432737351}. Best is trial 2 with value: -0.02494897446532037.
[I 2026-06-01 11:01:38,340] Trial 5 finished with value: -0.4673823335827866 and parameters: {'confidence_threshold': 0.8226559822580909, 'training_days': 50, 'n_estimators': 138, 'max_depth': 3, 'num_leaves': 30, 'learning_rate': 0.03750796359625606, 'subsample': 0.6356745158869479, 'colsample_bytree': 0.9143687545759647, 'min_child_samples': 48, 'reg_alpha': 3.376063348877853e-06, 'reg_lambda': 0.0007660634613082914}. Best is trial 2 with value: -0.02494897446532037.
[I 2026-06-01 11:01:38,436] Trial 6 finished with value: -0.11297594034887352 and parameters: {'confidence_threshold': 0.5493234787411669, 'training_days': 410, 'n_estimators': 83, 'max_depth': 5, 'num_leaves': 52, 'learning_rate': 0.019657448966046126, 'subsample': 0.5027610585618012, 'colsample_bytree': 0.9077307142274171, 'min_child_samples': 77, 'reg_alpha': 0.03639690979811287, 'reg_lambda': 0.08738424135626986}. Best is trial 2 with value: -0.02494897446532037.
[I 2026-06-01 11:01:38,522] Trial 7 finished with value: -0.05115206221321376 and parameters: {'confidence_threshold': 0.5259156281069316, 'training_days': 180, 'n_estimators': 102, 'max_depth': 5, 'num_leaves': 45, 'learning_rate': 0.030816017044468066, 'subsample': 0.5317791751430119, 'colsample_bytree': 0.6554911608578311, 'min_child_samples': 46, 'reg_alpha': 0.036851536911881845, 'reg_lambda': 0.005470376807480391}. Best is trial 2 with value: -0.02494897446532037.
[I 2026-06-01 11:01:38,618] Trial 8 finished with value: -0.05624900755709158 and parameters: {'confidence_threshold': 0.8105244599017143, 'training_days': 240, 'n_estimators': 103, 'max_depth': 5, 'num_leaves': 52, 'learning_rate': 0.06746437142284309, 'subsample': 0.8854835899772805, 'colsample_bytree': 0.7468977981821954, 'min_child_samples': 62, 'reg_alpha': 7.04480806377519e-05, 'reg_lambda': 1.6934490731313353e-08}. Best is trial 2 with value: -0.02494897446532037.
[I 2026-06-01 11:01:38,640] Trial 9 finished with value: -0.04588874847864942 and parameters: {'confidence_threshold': 0.5377619994476566, 'training_days': 20, 'n_estimators': 337, 'max_depth': 3, 'num_leaves': 39, 'learning_rate': 0.21907142272152816, 'subsample': 0.6246461145744375, 'colsample_bytree': 0.7051914615178149, 'min_child_samples': 81, 'reg_alpha': 1.1459970229341322e-06, 'reg_lambda': 4.929685216887945e-08}. Best is trial 2 with value: -0.02494897446532037.
[I 2026-06-01 11:01:38,914] Trial 10 finished with value: -0.027210936663632557 and parameters: {'confidence_threshold': 0.6797821749717731, 'training_days': 150, 'n_estimators': 487, 'max_depth': 5, 'num_leaves': 31, 'learning_rate': 0.1457937958927628, 'subsample': 0.8271882613853766, 'colsample_bytree': 0.5054398545048813, 'min_child_samples': 27, 'reg_alpha': 1.290626345465208e-08, 'reg_lambda': 3.3639426888455256e-06}. Best is trial 2 with value: -0.02494897446532037.
[I 2026-06-01 11:01:39,112] Trial 11 finished with value: -0.02309380772584647 and parameters: {'confidence_threshold': 0.7155079644808182, 'training_days': 150, 'n_estimators': 258, 'max_depth': 5, 'num_leaves': 31, 'learning_rate': 0.1741178839534614, 'subsample': 0.833349200313924, 'colsample_bytree': 0.5038827132281698, 'min_child_samples': 20, 'reg_alpha': 3.5096213893268635e-08, 'reg_lambda': 5.871612803064659e-06}. Best is trial 11 with value: -0.02309380772584647.
[I 2026-06-01 11:01:39,267] Trial 12 finished with value: -0.03478325133565858 and parameters: {'confidence_threshold': 0.7131758522018106, 'training_days': 130, 'n_estimators': 283, 'max_depth': 4, 'num_leaves': 30, 'learning_rate': 0.2959628420607887, 'subsample': 0.9002603132560051, 'colsample_bytree': 0.5926610850925079, 'min_child_samples': 20, 'reg_alpha': 4.835016727282861e-07, 'reg_lambda': 6.848626651232871e-06}. Best is trial 11 with value: -0.02309380772584647.
[I 2026-06-01 11:01:39,503] Trial 13 finished with value: -0.15032645829026312 and parameters: {'confidence_threshold': 0.7405960700644838, 'training_days': 250, 'n_estimators': 244, 'max_depth': 5, 'num_leaves': 62, 'learning_rate': 0.06319349899927754, 'subsample': 0.7879184321518254, 'colsample_bytree': 0.5142359234817634, 'min_child_samples': 32, 'reg_alpha': 3.757816630319098e-05, 'reg_lambda': 1.159484214313068e-05}. Best is trial 11 with value: -0.02309380772584647.
[I 2026-06-01 11:01:39,568] Trial 14 finished with value: -0.05891198156193892 and parameters: {'confidence_threshold': 0.635867559054037, 'training_days': 100, 'n_estimators': 266, 'max_depth': 4, 'num_leaves': 15, 'learning_rate': 0.12381911204253765, 'subsample': 0.8708420254234311, 'colsample_bytree': 0.6139966073958775, 'min_child_samples': 100, 'reg_alpha': 1.2320555317663757e-07, 'reg_lambda': 7.90262170747493e-07}. Best is trial 11 with value: -0.02309380772584647.
[I 2026-06-01 11:01:39,671] Trial 15 finished with value: -0.22298621390846143 and parameters: {'confidence_threshold': 0.7542092278816268, 'training_days': 190, 'n_estimators': 194, 'max_depth': 5, 'num_leaves': 35, 'learning_rate': 0.010740669046364629, 'subsample': 0.6943845973931931, 'colsample_bytree': 0.8100744538922787, 'min_child_samples': 75, 'reg_alpha': 6.648955398560913e-06, 'reg_lambda': 7.482879404932238e-05}. Best is trial 11 with value: -0.02309380772584647.
[I 2026-06-01 11:01:39,871] Trial 16 finished with value: -0.09089344722932957 and parameters: {'confidence_threshold': 0.5946686628619524, 'training_days': 320, 'n_estimators': 324, 'max_depth': 4, 'num_leaves': 27, 'learning_rate': 0.08533221726445768, 'subsample': 0.9564070824922507, 'colsample_bytree': 0.65047197355912, 'min_child_samples': 88, 'reg_alpha': 1.3541266842424287e-07, 'reg_lambda': 4.28170520176123e-07}. Best is trial 11 with value: -0.02309380772584647.
[I 2026-06-01 11:01:39,948] Trial 17 finished with value: -0.0307314920468462 and parameters: {'confidence_threshold': 0.6755099553978283, 'training_days': 90, 'n_estimators': 219, 'max_depth': 5, 'num_leaves': 15, 'learning_rate': 0.16522729299476824, 'subsample': 0.8316597293912149, 'colsample_bytree': 0.9956385980717998, 'min_child_samples': 53, 'reg_alpha': 0.0005961727498011812, 'reg_lambda': 0.00012273186513210685}. Best is trial 11 with value: -0.02309380772584647.
[I 2026-06-01 11:01:40,016] A new study created in memory with name: no-name-2b008c2a-9a0d-4202-9522-061315542093
[I 2026-06-01 11:01:40,098] Trial 0 finished with value: -0.10832097608488378 and parameters: {'confidence_threshold': 0.7437642149592516, 'training_days': 150, 'n_estimators': 152, 'max_depth': 4, 'num_leaves': 50, 'learning_rate': 0.04216766425047743, 'subsample': 0.9903820991923078, 'colsample_bytree': 0.8424148692924316, 'min_child_samples': 58, 'reg_alpha': 3.381097259762742e-05, 'reg_lambda': 1.2263152961306247e-05}. Best is trial 0 with value: -0.10832097608488378.
[I 2026-06-01 11:01:40,162] Trial 1 finished with value: -0.1773612543146839 and parameters: {'confidence_threshold': 0.7551673975844145, 'training_days': 220, 'n_estimators': 76, 'max_depth': 4, 'num_leaves': 51, 'learning_rate': 0.018602118810743477, 'subsample': 0.5877258780737462, 'colsample_bytree': 0.7657756869209191, 'min_child_samples': 63, 'reg_alpha': 0.005123994170264194, 'reg_lambda': 0.44145470178120466}. Best is trial 0 with value: -0.10832097608488378.
[I 2026-06-01 11:01:40,407] Trial 2 finished with value: -0.09300922902111064 and parameters: {'confidence_threshold': 0.7535593637012223, 'training_days': 310, 'n_estimators': 375, 'max_depth': 3, 'num_leaves': 32, 'learning_rate': 0.021735641882032388, 'subsample': 0.6468570231944146, 'colsample_bytree': 0.8154880619272439, 'min_child_samples': 27, 'reg_alpha': 8.004064028491336e-05, 'reg_lambda': 7.546835261630524e-05}. Best is trial 2 with value: -0.09300922902111064.
[I 2026-06-01 11:01:40,550] Trial 3 finished with value: -0.07126743062535328 and parameters: {'confidence_threshold': 0.6727897841776072, 'training_days': 220, 'n_estimators': 190, 'max_depth': 4, 'num_leaves': 58, 'learning_rate': 0.24810689332636193, 'subsample': 0.7509183379421682, 'colsample_bytree': 0.8119764758960556, 'min_child_samples': 29, 'reg_alpha': 7.1708285081421445e-06, 'reg_lambda': 5.412973582738627e-05}. Best is trial 3 with value: -0.07126743062535328.
[I 2026-06-01 11:01:40,678] Trial 4 finished with value: 0.007259451177143566 and parameters: {'confidence_threshold': 0.803208205259178, 'training_days': 130, 'n_estimators': 267, 'max_depth': 5, 'num_leaves': 40, 'learning_rate': 0.08041175317374143, 'subsample': 0.5603143329951619, 'colsample_bytree': 0.9131704002534167, 'min_child_samples': 68, 'reg_alpha': 0.0008046593428183385, 'reg_lambda': 1.2158346158765583e-05}. Best is trial 4 with value: 0.007259451177143566.
[I 2026-06-01 11:01:40,880] Trial 5 finished with value: -0.023972011019893567 and parameters: {'confidence_threshold': 0.6064422761595144, 'training_days': 210, 'n_estimators': 357, 'max_depth': 5, 'num_leaves': 40, 'learning_rate': 0.0974221287220869, 'subsample': 0.7929682762811064, 'colsample_bytree': 0.8124517510478, 'min_child_samples': 74, 'reg_alpha': 0.3811377260781234, 'reg_lambda': 5.607314238392041e-08}. Best is trial 4 with value: 0.007259451177143566.
[I 2026-06-01 11:01:40,975] Trial 6 finished with value: -0.030806528527583803 and parameters: {'confidence_threshold': 0.7672889945051684, 'training_days': 130, 'n_estimators': 137, 'max_depth': 4, 'num_leaves': 19, 'learning_rate': 0.2031117614248665, 'subsample': 0.8136244860256343, 'colsample_bytree': 0.8617081790949774, 'min_child_samples': 21, 'reg_alpha': 0.002238138278733199, 'reg_lambda': 0.001025809534977322}. Best is trial 4 with value: 0.007259451177143566.
[I 2026-06-01 11:01:41,036] Trial 7 finished with value: -0.13020615495239796 and parameters: {'confidence_threshold': 0.555635875450653, 'training_days': 80, 'n_estimators': 363, 'max_depth': 3, 'num_leaves': 48, 'learning_rate': 0.06590089024008658, 'subsample': 0.6944752870615722, 'colsample_bytree': 0.962566244806993, 'min_child_samples': 88, 'reg_alpha': 1.6465620446426067e-05, 'reg_lambda': 2.4678750890085655e-08}. Best is trial 4 with value: 0.007259451177143566.
[I 2026-06-01 11:01:41,323] Trial 8 finished with value: -0.05227636233624321 and parameters: {'confidence_threshold': 0.6066688256938841, 'training_days': 200, 'n_estimators': 367, 'max_depth': 5, 'num_leaves': 32, 'learning_rate': 0.13377519215934996, 'subsample': 0.7965884582811106, 'colsample_bytree': 0.8458508993500886, 'min_child_samples': 32, 'reg_alpha': 3.889436043816386e-05, 'reg_lambda': 1.4713062489380356e-06}. Best is trial 4 with value: 0.007259451177143566.
[I 2026-06-01 11:01:41,517] Trial 9 finished with value: -0.11743993616834465 and parameters: {'confidence_threshold': 0.6202096049169137, 'training_days': 260, 'n_estimators': 350, 'max_depth': 3, 'num_leaves': 21, 'learning_rate': 0.02989540198065364, 'subsample': 0.8307821683331218, 'colsample_bytree': 0.923253112635361, 'min_child_samples': 64, 'reg_alpha': 0.4898604619604203, 'reg_lambda': 2.9076377687066166e-05}. Best is trial 4 with value: 0.007259451177143566.
