[I 2026-06-01 11:08:21,136] Trial 4 finished with value: 0.04364046879608032 and parameters: {'confidence_threshold': 0.5905729935600059, 'training_days': 340, 'n_estimators': 190, 'max_depth': 4, 'num_leaves': 41, 'learning_rate': 0.01875220945578641, 'subsample': 0.9847923138822793, 'colsample_bytree': 0.8875664116805573, 'min_child_samples': 96, 'reg_alpha': 1.1309571585271483, 'reg_lambda': 0.002404915432737351}. Best is trial 0 with value: 0.047543816963099124.

    [trial 7] Sharpe=-0.0067 (folds: -0.0604, -0.0813, 0.0082, 0.0380, 0.0622)
    [trial 8] 46 features, training_days=450 | threshold=0.720 | labels: 1034 long, 1137 short (48/52%)
    [trial 8] Sharpe=0.0020 (folds: -0.0340, -0.2155, -0.0950, 0.1413, 0.2131)
    [trial 9] 46 features, training_days=20 | threshold=0.727 | labels: 1034 long, 1137 short (48/52%)
    [trial 9] Sharpe=-4.0402 (folds: -0.0688, -10.0000, -10.0000, -0.0144, -0.1177)
    [trial 10] 46 features, training_days=10 | threshold=0.840 | labels: 1034 long, 1137 short (48/52%)
    [trial 10] Sharpe=0.0416 (folds: -0.0688, 0.2510, -0.0090, -0.0144, 0.0492)
    [trial 11] 46 features, training_days=10 | threshold=0.849 | labels: 1034 long, 1137 short (48/52%)
    [trial 11] Sharpe=-1.9446 (folds: -10.0000, 0.2510, -0.0090, -0.0144, 0.0492)
    [trial 12] 46 features, training_days=140 | threshold=0.839 | labels: 1034 long, 1137 short (48/52%)
    [trial 12] Sharpe=-0.0721 (folds: -0.0894, -0.1419, -0.2740, 0.1035, 0.0413)
    [trial 13] 46 features, training_days=200 | threshold=0.504 | labels: 1034 long, 1137 short (48/52%)
    [trial 13] Sharpe=-0.1069 (folds: -0.0485, -0.1797, -0.2417, -0.0637, -0.0009)
    [trial 14] 46 features, training_days=70 | threshold=0.772 | labels: 1034 long, 1137 short (48/52%)
    [trial 14] Sharpe=0.0936 (folds: -0.1008, 0.2576, 0.2082, 0.0340, 0.0691)
    [trial 15] 46 features, training_days=70 | threshold=0.780 | labels: 1034 long, 1137 short (48/52%)
    [trial 15] Sharpe=0.0903 (folds: -0.0148, 0.2248, 0.1579, 0.0270, 0.0566)
    [trial 16] 46 features, training_days=90 | threshold=0.776 | labels: 1034 long, 1137 short (48/52%)
    [trial 16] Sharpe=0.0500 (folds: -0.0404, -0.1296, 0.1406, 0.1276, 0.1520)
    [trial 17] 46 features, training_days=180 | threshold=0.785 | labels: 1034 long, 1137 short (48/52%)
    [trial 17] Sharpe=-0.1910 (folds: -0.0234, -0.2521, -0.2944, -0.4219, 0.0367)
  Optuna: 18 trials, best Sharpe = 0.0936
  Best params: n_estimators=500, max_depth=3, lr=0.1089, leaves=17
  Best confidence_threshold: 0.772
  Best training_days: 70
  Retrained on full data (210 samples, 46 features)
  OOD: 16 features, cutoff (q=0.7) = 13.62
  Model trained for 2025-09: 90 test candles with features, confidence_threshold=0.734
[predict] 2025-09-02 00:00 DOTUSDT → LONG (proba=0.91 TP=11.2%/SL=5.6%)
[trade:open] 2025-09-02 07:59 DOTUSDT LONG @ 3.75 | SL=3.54 TP=4.18 | timeout=2025-09-09 07:59
[trade:close] 2025-09-09 08:00 DOTUSDT LONG → timeout @ 4.13 | PnL=+9.91% (net +9.81%) | cum=+116.23% 2025-09=+18.74% 2025-09-09=+9.81%
[predict] 2025-09-10 00:00 DOTUSDT → SHORT (proba=0.83 TP=8.7%/SL=4.4%)
[trade:open] 2025-09-10 07:59 DOTUSDT SHORT @ 4.11 | SL=4.29 TP=3.76 | timeout=2025-09-17 07:59
[trade:close] 2025-09-12 23:59 DOTUSDT SHORT → stop_loss @ 4.29 | PnL=-4.36% (net -4.46%) | cum=+111.78% 2025-09=+14.28% 2025-09-12=-4.46%
[predict] 2025-09-14 00:00 DOTUSDT → SHORT (proba=0.90 TP=9.5%/SL=4.7%)
[trade:open] 2025-09-14 07:59 DOTUSDT SHORT @ 4.42 | SL=4.63 TP=4.00 | timeout=2025-09-21 07:59
[trade:close] 2025-09-19 07:59 DOTUSDT SHORT → stop_loss @ 4.63 | PnL=-4.74% (net -4.84%) | cum=+106.94% 2025-09=+9.44% 2025-09-19=-4.84%
[predict] 2025-09-23 16:00 DOTUSDT → LONG (proba=0.74 TP=12.0%/SL=6.0%)
[trade:open] 2025-09-23 23:59 DOTUSDT LONG @ 3.96 | SL=3.73 TP=4.44 | timeout=2025-09-30 23:59
[trade:close] 2025-10-01 00:00 DOTUSDT LONG → timeout @ 3.91 | PnL=-1.46% (net -1.56%) | cum=+105.37% 2025-10=-1.56% 2025-10-01=-1.56%
[lgbm] === Training for 2025-10 ===
  Train window: 2023-10-01 → 2025-09-23
  2171 training samples from 1 symbols
  Samples per month: 2023-10: 93, 2023-11: 90, 2023-12: 93, 2024-01: 93, 2024-02: 87, 2024-03: 93, 2024-04: 90, 2024-05: 93, 2024-06: 90, 2024-07: 93, 2024-08: 93, 2024-09: 90, 2024-10: 93, 2024-11: 90, 2024-12: 93, 2025-01: 93, 2025-02: 84, 2025-03: 93, 2025-04: 90, 2025-05: 93, 2025-06: 90, 2025-07: 93, 2025-08: 93, 2025-09: 68
  [label] 2023-12-01 16:00 DOTUSDT entry=5.4710 → LONG | long=tp(+9.07%) short=sl(-4.69%) | scanned=13 | long_tp_only
  [label] 2023-12-04 00:00 DOTUSDT entry=5.6520 → LONG | long=sl(-4.40%) short=sl(-4.40%) | scanned=5 | no_tp→fwd_return=+4.5294
  [label] 2023-12-07 16:00 DOTUSDT entry=6.2470 → LONG | long=tp(+11.36%) short=sl(-5.83%) | scanned=4 | long_tp_only
  [label] 2024-01-01 08:00 DOTUSDT entry=8.3910 → SHORT | long=sl(-7.76%) short=tp(+15.21%) | scanned=6 | short_tp_only
  [label] 2024-02-23 00:00 DOTUSDT entry=7.3500 → LONG | long=tp(+12.85%) short=sl(-6.58%) | scanned=14 | long_tp_only
  [label] 2024-08-07 00:00 DOTUSDT entry=4.5670 → SHORT | long=timeout(-1.41%) short=timeout(+1.21%) | scanned=22 | no_tp→fwd_return=-1.3138
  [label] 2024-08-11 00:00 DOTUSDT entry=4.7820 → SHORT | long=sl(-6.34%) short=timeout(+8.47%) | scanned=22 | no_tp→fwd_return=-8.5738
  [label] 2024-08-21 16:00 DOTUSDT entry=4.6610 → SHORT | long=sl(-4.89%) short=sl(-4.89%) | scanned=18 | no_tp→fwd_return=-6.1575
  [label] 2024-10-05 16:00 DOTUSDT entry=4.1350 → LONG | long=timeout(+1.57%) short=timeout(-1.77%) | scanned=22 | no_tp→fwd_return=+1.6687
  [label] 2024-10-14 08:00 DOTUSDT entry=4.3420 → SHORT | long=sl(-3.87%) short=sl(-3.87%) | scanned=10 | no_tp→fwd_return=-3.5007
  [label] 2025-01-12 16:00 DOTUSDT entry=6.6290 → LONG | long=sl(-7.01%) short=sl(-7.01%) | scanned=9 | no_tp→fwd_return=+8.0253
  [label] 2025-02-13 16:00 DOTUSDT entry=5.1280 → SHORT | long=sl(-8.32%) short=timeout(+1.54%) | scanned=22 | no_tp→fwd_return=-1.6381
  [label] 2025-03-02 00:00 DOTUSDT entry=4.6270 → SHORT | long=sl(-8.43%) short=sl(-8.43%) | scanned=6 | no_tp→fwd_return=-8.2559
  [label] 2025-03-14 16:00 DOTUSDT entry=4.1840 → LONG | long=timeout(+7.38%) short=sl(-7.64%) | scanned=22 | no_tp→fwd_return=+7.4809
  [label] 2025-04-02 00:00 DOTUSDT entry=4.0630 → SHORT | long=sl(-5.99%) short=tp(+11.68%) | scanned=15 | short_tp_only
  [label] 2025-04-08 08:00 DOTUSDT entry=3.5910 → LONG | long=sl(-8.75%) short=timeout(-0.41%) | scanned=22 | no_tp→fwd_return=+0.3063
  [label] 2025-04-20 16:00 DOTUSDT entry=3.8780 → LONG | long=sl(-4.79%) short=sl(-4.79%) | scanned=7 | no_tp→fwd_return=+5.5957
  [label] 2025-05-30 08:00 DOTUSDT entry=4.1720 → SHORT | long=sl(-6.67%) short=timeout(+4.81%) | scanned=22 | no_tp→fwd_return=-4.9137
  [label] 2025-06-09 00:00 DOTUSDT entry=3.9850 → SHORT | long=sl(-4.91%) short=sl(-4.91%) | scanned=12 | no_tp→fwd_return=-4.1154
  [label] 2025-09-03 08:00 DOTUSDT entry=3.8910 → LONG | long=timeout(+7.15%) short=sl(-5.14%) | scanned=22 | no_tp→fwd_return=+7.2475
  Labels: 1052 long (48.5%), 1119 short (51.5%) | weights: min=1.00, mean=3.44, max=10.00
  Features: 2171/2171 matched, 46 columns
  CV gap: 22 rows
  [ensemble 1/3] seed=42
    [trial 0] 46 features, training_days=480 | threshold=0.631 | labels: 1052 long, 1119 short (48/52%)
    [CV fold 0] train_end=2024-01-23 08:00 | val_start=2024-01-31 00:00 | gap=184h (22 rows)
    [CV fold 1] train_end=2024-05-22 16:00 | val_start=2024-05-30 08:00 | gap=184h (22 rows)
    [CV fold 2] train_end=2024-09-20 00:00 | val_start=2024-09-27 16:00 | gap=184h (22 rows)
    [CV fold 3] train_end=2025-01-18 08:00 | val_start=2025-01-26 00:00 | gap=184h (22 rows)
    [CV fold 4] train_end=2025-05-18 16:00 | val_start=2025-05-26 08:00 | gap=184h (22 rows)
    [trial 0] Sharpe=0.0475 (folds: 0.1863, -0.1550, -0.0764, -0.0077, 0.2905)
    [trial 1] 46 features, training_days=420 | threshold=0.839 | labels: 1052 long, 1119 short (48/52%)
    [trial 1] Sharpe=-6.0084 (folds: 0.1416, -0.1834, -10.0000, -10.0000, -10.0000)
    [trial 2] 46 features, training_days=190 | threshold=0.602 | labels: 1052 long, 1119 short (48/52%)
    [trial 2] Sharpe=0.0354 (folds: 0.0614, -0.1366, -0.0342, 0.1713, 0.1154)
    [trial 3] 46 features, training_days=490 | threshold=0.832 | labels: 1052 long, 1119 short (48/52%)
    [trial 3] Sharpe=0.0215 (folds: 0.1207, -0.1352, -0.1361, -0.0281, 0.2862)
    [trial 4] 46 features, training_days=340 | threshold=0.591 | labels: 1052 long, 1119 short (48/52%)
    [trial 4] Sharpe=0.0436 (folds: 0.0590, -0.2477, -0.0055, 0.0860, 0.3263)
    [trial 5] 46 features, training_days=50 | threshold=0.823 | labels: 1052 long, 1119 short (48/52%)[I 2026-06-01 11:08:21,176] Trial 5 finished with value: -0.04040822530253093 and parameters: {'confidence_threshold': 0.8226559822580909, 'training_days': 50, 'n_estimators': 138, 'max_depth': 3, 'num_leaves': 30, 'learning_rate': 0.03750796359625606, 'subsample': 0.6356745158869479, 'colsample_bytree': 0.9143687545759647, 'min_child_samples': 48, 'reg_alpha': 3.376063348877853e-06, 'reg_lambda': 0.0007660634613082914}. Best is trial 0 with value: 0.047543816963099124.
[I 2026-06-01 11:08:21,281] Trial 6 finished with value: 0.04205785130805878 and parameters: {'confidence_threshold': 0.5493234787411669, 'training_days': 410, 'n_estimators': 83, 'max_depth': 5, 'num_leaves': 52, 'learning_rate': 0.019657448966046126, 'subsample': 0.5027610585618012, 'colsample_bytree': 0.9077307142274171, 'min_child_samples': 77, 'reg_alpha': 0.03639690979811287, 'reg_lambda': 0.08738424135626986}. Best is trial 0 with value: 0.047543816963099124.
[I 2026-06-01 11:08:21,372] Trial 7 finished with value: 0.07544104090971968 and parameters: {'confidence_threshold': 0.5259156281069316, 'training_days': 180, 'n_estimators': 102, 'max_depth': 5, 'num_leaves': 45, 'learning_rate': 0.030816017044468066, 'subsample': 0.5317791751430119, 'colsample_bytree': 0.6554911608578311, 'min_child_samples': 46, 'reg_alpha': 0.036851536911881845, 'reg_lambda': 0.005470376807480391}. Best is trial 7 with value: 0.07544104090971968.
[I 2026-06-01 11:08:21,477] Trial 8 finished with value: 0.12087017408835603 and parameters: {'confidence_threshold': 0.8105244599017143, 'training_days': 240, 'n_estimators': 103, 'max_depth': 5, 'num_leaves': 52, 'learning_rate': 0.06746437142284309, 'subsample': 0.8854835899772805, 'colsample_bytree': 0.7468977981821954, 'min_child_samples': 62, 'reg_alpha': 7.04480806377519e-05, 'reg_lambda': 1.6934490731313353e-08}. Best is trial 8 with value: 0.12087017408835603.
[I 2026-06-01 11:08:21,499] Trial 9 finished with value: -2.0592117374650476 and parameters: {'confidence_threshold': 0.5377619994476566, 'training_days': 20, 'n_estimators': 337, 'max_depth': 3, 'num_leaves': 39, 'learning_rate': 0.21907142272152816, 'subsample': 0.6246461145744375, 'colsample_bytree': 0.7051914615178149, 'min_child_samples': 81, 'reg_alpha': 1.1459970229341322e-06, 'reg_lambda': 4.929685216887945e-08}. Best is trial 8 with value: 0.12087017408835603.
[I 2026-06-01 11:08:22,082] Trial 10 finished with value: 0.03209023936969716 and parameters: {'confidence_threshold': 0.734042426776949, 'training_days': 280, 'n_estimators': 487, 'max_depth': 5, 'num_leaves': 62, 'learning_rate': 0.10432148521337849, 'subsample': 0.9416850669512905, 'colsample_bytree': 0.8120417635861826, 'min_child_samples': 27, 'reg_alpha': 7.238112263003475e-05, 'reg_lambda': 3.3639426888455256e-06}. Best is trial 8 with value: 0.12087017408835603.
[I 2026-06-01 11:08:22,157] Trial 11 finished with value: 0.09656122725869562 and parameters: {'confidence_threshold': 0.7192552477034038, 'training_days': 170, 'n_estimators': 70, 'max_depth': 5, 'num_leaves': 50, 'learning_rate': 0.0663170850065109, 'subsample': 0.8696252151616218, 'colsample_bytree': 0.6334955364726846, 'min_child_samples': 45, 'reg_alpha': 0.0002674461616954016, 'reg_lambda': 1.2919440532274802e-05}. Best is trial 8 with value: 0.12087017408835603.
[I 2026-06-01 11:08:22,225] Trial 12 finished with value: 0.07288435630031975 and parameters: {'confidence_threshold': 0.7341332481359052, 'training_days': 140, 'n_estimators': 57, 'max_depth': 4, 'num_leaves': 54, 'learning_rate': 0.0656285649451873, 'subsample': 0.8551998429125597, 'colsample_bytree': 0.6212536384850137, 'min_child_samples': 20, 'reg_alpha': 5.6535530920430964e-05, 'reg_lambda': 7.618021677092772e-06}. Best is trial 8 with value: 0.12087017408835603.
[I 2026-06-01 11:08:22,474] Trial 13 finished with value: 0.053196417491672185 and parameters: {'confidence_threshold': 0.7433849339808255, 'training_days': 250, 'n_estimators': 223, 'max_depth': 5, 'num_leaves': 62, 'learning_rate': 0.13299550636579183, 'subsample': 0.8813567124152576, 'colsample_bytree': 0.8155421717694826, 'min_child_samples': 36, 'reg_alpha': 0.0004810361698208654, 'reg_lambda': 2.915487126448182e-05}. Best is trial 8 with value: 0.12087017408835603.
[I 2026-06-01 11:08:22,552] Trial 14 finished with value: 0.1066126226323294 and parameters: {'confidence_threshold': 0.7832179755306014, 'training_days': 110, 'n_estimators': 138, 'max_depth': 4, 'num_leaves': 52, 'learning_rate': 0.07631046301429102, 'subsample': 0.8740246069767881, 'colsample_bytree': 0.7813574141324694, 'min_child_samples': 57, 'reg_alpha': 1.4847666624200934e-05, 'reg_lambda': 9.953201809579919e-07}. Best is trial 8 with value: 0.12087017408835603.
[I 2026-06-01 11:08:22,633] Trial 15 finished with value: -1.7897693157890244 and parameters: {'confidence_threshold': 0.789439768144122, 'training_days': 90, 'n_estimators': 172, 'max_depth': 4, 'num_leaves': 57, 'learning_rate': 0.010490623349953614, 'subsample': 0.9266914760950298, 'colsample_bytree': 0.7983365588045167, 'min_child_samples': 57, 'reg_alpha': 3.3568371902893047e-06, 'reg_lambda': 4.7315303158338135e-07}. Best is trial 8 with value: 0.12087017408835603.
[I 2026-06-01 11:08:22,842] Trial 16 finished with value: 0.035053717915425706 and parameters: {'confidence_threshold': 0.7816346354301293, 'training_days': 260, 'n_estimators': 293, 'max_depth': 4, 'num_leaves': 34, 'learning_rate': 0.2883732187561208, 'subsample': 0.8085374083622806, 'colsample_bytree': 0.9826162589395974, 'min_child_samples': 88, 'reg_alpha': 1.6230643075200477e-05, 'reg_lambda': 4.987137829684633e-07}. Best is trial 8 with value: 0.12087017408835603.
[I 2026-06-01 11:08:22,906] Trial 17 finished with value: 0.02161240115569667 and parameters: {'confidence_threshold': 0.6755099553978283, 'training_days': 100, 'n_estimators': 126, 'max_depth': 4, 'num_leaves': 47, 'learning_rate': 0.16522729299476824, 'subsample': 0.7004831188261247, 'colsample_bytree': 0.7784983239655328, 'min_child_samples': 68, 'reg_alpha': 8.089339609894541e-08, 'reg_lambda': 5.1662754349335365e-05}. Best is trial 8 with value: 0.12087017408835603.
[I 2026-06-01 11:08:23,319] A new study created in memory with name: no-name-c473bf99-92de-434e-810a-a1af0cf05323
[I 2026-06-01 11:08:23,408] Trial 0 finished with value: 0.045105609700564035 and parameters: {'confidence_threshold': 0.7437642149592516, 'training_days': 150, 'n_estimators': 152, 'max_depth': 4, 'num_leaves': 50, 'learning_rate': 0.04216766425047743, 'subsample': 0.9903820991923078, 'colsample_bytree': 0.8424148692924316, 'min_child_samples': 58, 'reg_alpha': 3.381097259762742e-05, 'reg_lambda': 1.2263152961306247e-05}. Best is trial 0 with value: 0.045105609700564035.
[I 2026-06-01 11:08:23,478] Trial 1 finished with value: -3.9725594260759878 and parameters: {'confidence_threshold': 0.7551673975844145, 'training_days': 220, 'n_estimators': 76, 'max_depth': 4, 'num_leaves': 51, 'learning_rate': 0.018602118810743477, 'subsample': 0.5877258780737462, 'colsample_bytree': 0.7657756869209191, 'min_child_samples': 63, 'reg_alpha': 0.005123994170264194, 'reg_lambda': 0.44145470178120466}. Best is trial 0 with value: 0.045105609700564035.
[I 2026-06-01 11:08:23,754] Trial 2 finished with value: 0.05316859216031651 and parameters: {'confidence_threshold': 0.7535593637012223, 'training_days': 310, 'n_estimators': 375, 'max_depth': 3, 'num_leaves': 32, 'learning_rate': 0.021735641882032388, 'subsample': 0.6468570231944146, 'colsample_bytree': 0.8154880619272439, 'min_child_samples': 27, 'reg_alpha': 8.004064028491336e-05, 'reg_lambda': 7.546835261630524e-05}. Best is trial 2 with value: 0.05316859216031651.
[I 2026-06-01 11:08:23,933] Trial 3 finished with value: 0.05785961319294326 and parameters: {'confidence_threshold': 0.6727897841776072, 'training_days': 220, 'n_estimators': 190, 'max_depth': 4, 'num_leaves': 58, 'learning_rate': 0.24810689332636193, 'subsample': 0.7509183379421682, 'colsample_bytree': 0.8119764758960556, 'min_child_samples': 29, 'reg_alpha': 7.1708285081421445e-06, 'reg_lambda': 5.412973582738627e-05}. Best is trial 3 with value: 0.05785961319294326.
[I 2026-06-01 11:08:24,051] Trial 4 finished with value: 0.0713465098277034 and parameters: {'confidence_threshold': 0.803208205259178, 'training_days': 130, 'n_estimators': 267, 'max_depth': 5, 'num_leaves': 40, 'learning_rate': 0.08041175317374143, 'subsample': 0.5603143329951619, 'colsample_bytree': 0.9131704002534167, 'min_child_samples': 68, 'reg_alpha': 0.0008046593428183385, 'reg_lambda': 1.2158346158765583e-05}. Best is trial 4 with value: 0.0713465098277034.
[I 2026-06-01 11:08:24,291] Trial 5 finished with value: 0.04469841867810488 and parameters: {'confidence_threshold': 0.6064422761595144, 'training_days': 210, 'n_estimators': 357, 'max_depth': 5, 'num_leaves': 40, 'learning_rate': 0.0974221287220869, 'subsample': 0.7929682762811064, 'colsample_bytree': 0.8124517510478, 'min_child_samples': 74, 'reg_alpha': 0.3811377260781234, 'reg_lambda': 5.607314238392041e-08}. Best is trial 4 with value: 0.0713465098277034.
[I 2026-06-01 11:08:24,392] Trial 6 finished with value: 0.07873331564141954 and parameters: {'confidence_threshold': 0.7672889945051684, 'training_days': 130, 'n_estimators': 137, 'max_depth': 4, 'num_leaves': 19, 'learning_rate': 0.2031117614248665, 'subsample': 0.8136244860256343, 'colsample_bytree': 0.8617081790949774, 'min_child_samples': 21, 'reg_alpha': 0.002238138278733199, 'reg_lambda': 0.001025809534977322}. Best is trial 6 with value: 0.07873331564141954.
[I 2026-06-01 11:08:24,474] Trial 7 finished with value: -0.04006994702222861 and parameters: {'confidence_threshold': 0.555635875450653, 'training_days': 80, 'n_estimators': 363, 'max_depth': 3, 'num_leaves': 48, 'learning_rate': 0.06590089024008658, 'subsample': 0.6944752870615722, 'colsample_bytree': 0.962566244806993, 'min_child_samples': 88, 'reg_alpha': 1.6465620446426067e-05, 'reg_lambda': 2.4678750890085655e-08}. Best is trial 6 with value: 0.07873331564141954.
[I 2026-06-01 11:08:24,821] Trial 8 finished with value: 0.10025796181055943 and parameters: {'confidence_threshold': 0.6066688256938841, 'training_days': 200, 'n_estimators': 367, 'max_depth': 5, 'num_leaves': 32, 'learning_rate': 0.13377519215934996, 'subsample': 0.7965884582811106, 'colsample_bytree': 0.8458508993500886, 'min_child_samples': 32, 'reg_alpha': 3.889436043816386e-05, 'reg_lambda': 1.4713062489380356e-06}. Best is trial 8 with value: 0.10025796181055943.
[I 2026-06-01 11:08:25,027] Trial 9 finished with value: 0.05131488161724525 and parameters: {'confidence_threshold': 0.6202096049169137, 'training_days': 260, 'n_estimators': 350, 'max_depth': 3, 'num_leaves': 21, 'learning_rate': 0.02989540198065364, 'subsample': 0.8307821683331218, 'colsample_bytree': 0.923253112635361, 'min_child_samples': 64, 'reg_alpha': 0.4898604619604203, 'reg_lambda': 2.9076377687066166e-05}. Best is trial 8 with value: 0.10025796181055943.
[I 2026-06-01 11:08:25,562] Trial 10 finished with value: 0.010621674683438498 and parameters: {'confidence_threshold': 0.5342665212695602, 'training_days': 470, 'n_estimators': 493, 'max_depth': 5, 'num_leaves': 30, 'learning_rate': 0.010221918552934462, 'subsample': 0.9182272143313567, 'colsample_bytree': 0.6202684210924141, 'min_child_samples': 44, 'reg_alpha': 1.466506858166308e-08, 'reg_lambda': 0.014616129255130504}. Best is trial 8 with value: 0.10025796181055943.
[I 2026-06-01 11:08:25,601] Trial 11 finished with value: -0.0441064695809072 and parameters: {'confidence_threshold': 0.8371297552840329, 'training_days': 30, 'n_estimators': 51, 'max_depth': 4, 'num_leaves': 17, 'learning_rate': 0.22601005817342643, 'subsample': 0.8551377949840758, 'colsample_bytree': 0.6658835715594592, 'min_child_samples': 21, 'reg_alpha': 4.28336488974334e-07, 'reg_lambda': 0.006998721582327246}. Best is trial 8 with value: 0.10025796181055943.
[I 2026-06-01 11:08:26,049] Trial 12 finished with value: 0.03905114348185338 and parameters: {'confidence_threshold': 0.6726464405633401, 'training_days': 360, 'n_estimators': 470, 'max_depth': 5, 'num_leaves': 27, 'learning_rate': 0.15265377916176726, 'subsample': 0.8941395335595879, 'colsample_bytree': 0.5201164353688423, 'min_child_samples': 41, 'reg_alpha': 0.010975253464454202, 'reg_lambda': 5.116535876235931e-07}. Best is trial 8 with value: 0.10025796181055943.
[I 2026-06-01 11:08:26,077] Trial 13 finished with value: -1.9582495482141975 and parameters: {'confidence_threshold': 0.6107637354176927, 'training_days': 10, 'n_estimators': 259, 'max_depth': 4, 'num_leaves': 21, 'learning_rate': 0.14044566672476927, 'subsample': 0.7145425565171643, 'colsample_bytree': 0.6983873109274945, 'min_child_samples': 40, 'reg_alpha': 0.012959268537044849, 'reg_lambda': 0.004788009985073303}. Best is trial 8 with value: 0.10025796181055943.
