[I 2026-06-01 11:02:02,924] Trial 17 finished with value: -4.0106855986576 and parameters: {'confidence_threshold': 0.7928575433642291, 'training_days': 330, 'n_estimators': 152, 'max_depth': 3, 'num_leaves': 28, 'learning_rate': 0.011413461667342315, 'subsample': 0.6718064291677197, 'colsample_bytree': 0.7907939748482556, 'min_child_samples': 22, 'reg_alpha': 0.10953545942097274, 'reg_lambda': 0.009391150667284114}. Best is trial 15 with value: 0.0905262955318701.

    [CV fold 2] train_end=2021-09-20 00:00 | val_start=2021-09-27 16:00 | gap=184h (22 rows)
    [CV fold 3] train_end=2022-01-18 08:00 | val_start=2022-01-26 00:00 | gap=184h (22 rows)
    [CV fold 4] train_end=2022-05-18 16:00 | val_start=2022-05-26 08:00 | gap=184h (22 rows)
    [trial 0] Sharpe=0.0341 (folds: 0.0531, 0.1502, 0.0050, 0.1145, -0.1521)
    [trial 1] 46 features, training_days=290 | threshold=0.635 | labels: 1126 long, 1042 short (52/48%)
    [trial 1] Sharpe=-0.0241 (folds: 0.0187, 0.1888, -0.1600, -0.0759, -0.0919)
    [trial 2] 46 features, training_days=10 | threshold=0.585 | labels: 1126 long, 1042 short (52/48%)
    [trial 2] Sharpe=0.0885 (folds: 0.1628, -0.0885, 0.1140, 0.1531, 0.1012)
    [trial 3] 46 features, training_days=220 | threshold=0.687 | labels: 1126 long, 1042 short (52/48%)
    [trial 3] Sharpe=-0.0797 (folds: 0.0146, 0.2290, -0.2303, -0.1119, -0.2999)
    [trial 4] 46 features, training_days=300 | threshold=0.562 | labels: 1126 long, 1042 short (52/48%)
    [trial 4] Sharpe=-0.0325 (folds: -0.0629, 0.1287, -0.1170, -0.0155, -0.0958)
    [trial 5] 46 features, training_days=490 | threshold=0.711 | labels: 1126 long, 1042 short (52/48%)
    [trial 5] Sharpe=-0.0310 (folds: -0.0410, 0.1445, -0.0956, -0.1253, -0.0376)
    [trial 6] 46 features, training_days=420 | threshold=0.667 | labels: 1126 long, 1042 short (52/48%)
    [trial 6] Sharpe=-0.0312 (folds: -0.0068, 0.1838, -0.0806, -0.2439, -0.0086)
    [trial 7] 46 features, training_days=120 | threshold=0.550 | labels: 1126 long, 1042 short (52/48%)
    [trial 7] Sharpe=0.0170 (folds: -0.0079, 0.1203, -0.0246, 0.1166, -0.1195)
    [trial 8] 46 features, training_days=450 | threshold=0.720 | labels: 1126 long, 1042 short (52/48%)
    [trial 8] Sharpe=-0.0441 (folds: 0.0151, 0.1978, -0.2074, -0.1633, -0.0629)
    [trial 9] 46 features, training_days=20 | threshold=0.727 | labels: 1126 long, 1042 short (52/48%)
    [trial 9] Sharpe=-3.9649 (folds: 0.1628, -0.0885, -10.0000, -10.0000, 0.1012)
    [trial 10] 46 features, training_days=10 | threshold=0.840 | labels: 1126 long, 1042 short (52/48%)
    [trial 10] Sharpe=-3.9643 (folds: -10.0000, -0.0885, 0.1140, 0.1531, -10.0000)
    [trial 11] 46 features, training_days=130 | threshold=0.607 | labels: 1126 long, 1042 short (52/48%)
    [trial 11] Sharpe=0.0400 (folds: -0.0446, 0.1080, 0.0513, 0.1120, -0.0267)
    [trial 12] 46 features, training_days=160 | threshold=0.515 | labels: 1126 long, 1042 short (52/48%)
    [trial 12] Sharpe=0.0171 (folds: -0.0304, 0.1183, -0.0859, 0.1117, -0.0281)
    [trial 13] 46 features, training_days=80 | threshold=0.609 | labels: 1126 long, 1042 short (52/48%)
    [trial 13] Sharpe=0.0006 (folds: -0.0202, 0.2299, -0.0741, 0.0534, -0.1858)
    [trial 14] 46 features, training_days=190 | threshold=0.506 | labels: 1126 long, 1042 short (52/48%)
    [trial 14] Sharpe=-0.0262 (folds: 0.0020, 0.0778, -0.1637, -0.0697, 0.0226)
    [trial 15] 46 features, training_days=70 | threshold=0.783 | labels: 1126 long, 1042 short (52/48%)
    [trial 15] Sharpe=0.0905 (folds: 0.1985, 0.1473, -0.0767, 0.0798, 0.1037)
    [trial 16] 46 features, training_days=60 | threshold=0.781 | labels: 1126 long, 1042 short (52/48%)
    [trial 16] Sharpe=0.0888 (folds: 0.1884, 0.1862, -0.1328, 0.0976, 0.1044)
    [trial 17] 46 features, training_days=330 | threshold=0.793 | labels: 1126 long, 1042 short (52/48%)
    [trial 17] Sharpe=-4.0107 (folds: 0.1657, 0.1721, -0.3913, -10.0000, -10.0000)
  Optuna: 18 trials, best Sharpe = 0.0905
  Best params: n_estimators=193, max_depth=3, lr=0.0103, leaves=30
  Best confidence_threshold: 0.783
  Best training_days: 70
  Retrained on full data (210 samples, 46 features)
  OOD: 16 features, cutoff (q=0.7) = 13.75
  Model trained for 2022-10: 93 test candles with features, confidence_threshold=0.609
[trade:close] 2022-10-05 16:00 DOTUSDT LONG → timeout @ 6.33 | PnL=-1.59% (net -1.69%) | cum=-5.98% 2022-10=-1.69% 2022-10-05=-1.69%
[predict] 2022-10-11 16:00 DOTUSDT → SHORT (proba=0.62 TP=6.7%/SL=3.3%)
[trade:open] 2022-10-11 23:59 DOTUSDT SHORT @ 6.18 | SL=6.38 TP=5.76 | timeout=2022-10-18 23:59
[trade:close] 2022-10-13 15:59 DOTUSDT SHORT → take_profit @ 5.76 | PnL=+6.67% (net +6.57%) | cum=+0.59% 2022-10=+4.88% 2022-10-13=+6.57%
[predict] 2022-10-16 08:00 DOTUSDT → SHORT (proba=0.76 TP=7.4%/SL=3.7%)
[trade:open] 2022-10-16 15:59 DOTUSDT SHORT @ 6.16 | SL=6.38 TP=5.70 | timeout=2022-10-23 15:59
[trade:close] 2022-10-23 16:00 DOTUSDT SHORT → timeout @ 5.82 | PnL=+5.46% (net +5.36%) | cum=+5.94% 2022-10=+10.24% 2022-10-23=+5.36%
[predict] 2022-10-24 08:00 DOTUSDT → SHORT (proba=0.66 TP=7.7%/SL=3.8%)
[trade:open] 2022-10-24 15:59 DOTUSDT SHORT @ 5.86 | SL=6.08 TP=5.41 | timeout=2022-10-31 15:59
[trade:close] 2022-10-25 15:59 DOTUSDT SHORT → stop_loss @ 6.08 | PnL=-3.83% (net -3.93%) | cum=+2.01% 2022-10=+6.30% 2022-10-25=-3.93%
[predict] 2022-10-26 08:00 DOTUSDT → SHORT (proba=0.79 TP=8.9%/SL=4.5%)
[trade:open] 2022-10-26 15:59 DOTUSDT SHORT @ 6.47 | SL=6.76 TP=5.90 | timeout=2022-11-02 15:59
[trade:close] 2022-10-29 23:59 DOTUSDT SHORT → stop_loss @ 6.76 | PnL=-4.46% (net -4.56%) | cum=-2.55% 2022-10=+1.75% 2022-10-29=-4.56%
[predict] 2022-10-30 16:00 DOTUSDT → SHORT (proba=0.71 TP=9.2%/SL=4.6%)
[trade:open] 2022-10-30 23:59 DOTUSDT SHORT @ 6.65 | SL=6.96 TP=6.03 | timeout=2022-11-06 23:59
[lgbm] === Training for 2022-11 ===
  Train window: 2020-11-01 → 2022-10-24
  2168 training samples from 1 symbols
  Samples per month: 2020-11: 90, 2020-12: 93, 2021-01: 93, 2021-02: 84, 2021-03: 93, 2021-04: 90, 2021-05: 93, 2021-06: 90, 2021-07: 93, 2021-08: 93, 2021-09: 90, 2021-10: 93, 2021-11: 90, 2021-12: 93, 2022-01: 93, 2022-02: 84, 2022-03: 93, 2022-04: 90, 2022-05: 93, 2022-06: 90, 2022-07: 93, 2022-08: 93, 2022-09: 90, 2022-10: 71
  [label] 2021-01-01 16:00 DOTUSDT entry=8.2870 → LONG | long=tp(+27.38%) short=sl(-13.84%) | scanned=7 | long_tp_only
  [label] 2021-01-03 16:00 DOTUSDT entry=10.1870 → SHORT | long=sl(-14.61%) short=timeout(+8.55%) | scanned=22 | no_tp→fwd_return=-8.6483
  [label] 2021-01-07 16:00 DOTUSDT entry=9.6600 → LONG | long=sl(-14.99%) short=sl(-14.99%) | scanned=18 | no_tp→fwd_return=+13.4058
  [label] 2021-02-01 08:00 DOTUSDT entry=15.8830 → LONG | long=tp(+21.69%) short=sl(-11.00%) | scanned=6 | long_tp_only
  [label] 2021-03-25 16:00 DOTUSDT entry=29.8070 → LONG | long=tp(+27.16%) short=sl(-13.73%) | scanned=18 | long_tp_only
  [label] 2021-09-07 16:00 DOTUSDT entry=27.9820 → LONG | long=tp(+37.04%) short=sl(-18.67%) | scanned=20 | long_tp_only
  [label] 2021-09-11 16:00 DOTUSDT entry=31.5930 → LONG | long=timeout(+10.37%) short=sl(-14.86%) | scanned=22 | no_tp→fwd_return=+10.4738
  [label] 2021-09-22 08:00 DOTUSDT entry=30.3620 → SHORT | long=timeout(-9.14%) short=timeout(+8.94%) | scanned=22 | no_tp→fwd_return=-9.0442
  [label] 2021-11-06 08:00 DOTUSDT entry=50.4060 → SHORT | long=sl(-7.89%) short=tp(+15.48%) | scanned=13 | short_tp_only
  [label] 2021-11-14 16:00 DOTUSDT entry=46.4090 → SHORT | long=sl(-7.48%) short=tp(+14.67%) | scanned=5 | short_tp_only
  [label] 2022-02-13 00:00 DOTUSDT entry=19.0740 → SHORT | long=sl(-8.85%) short=timeout(+10.90%) | scanned=22 | no_tp→fwd_return=-11.0045
  [label] 2022-03-17 00:00 DOTUSDT entry=18.9640 → LONG | long=timeout(+10.34%) short=sl(-7.00%) | scanned=22 | no_tp→fwd_return=+10.4356
  [label] 2022-04-02 00:00 DOTUSDT entry=22.3780 → SHORT | long=sl(-6.62%) short=sl(-6.62%) | scanned=12 | no_tp→fwd_return=-3.9503
  [label] 2022-04-14 16:00 DOTUSDT entry=17.8970 → LONG | long=timeout(+1.36%) short=sl(-6.60%) | scanned=22 | no_tp→fwd_return=+1.4583
  [label] 2022-05-03 08:00 DOTUSDT entry=14.9990 → SHORT | long=sl(-7.26%) short=sl(-7.26%) | scanned=9 | no_tp→fwd_return=-5.2804
  [label] 2022-05-09 16:00 DOTUSDT entry=10.6130 → SHORT | long=sl(-12.64%) short=sl(-12.64%) | scanned=5 | no_tp→fwd_return=-7.3118
  [label] 2022-05-22 00:00 DOTUSDT entry=10.0630 → SHORT | long=sl(-11.45%) short=timeout(+6.14%) | scanned=22 | no_tp→fwd_return=-6.2407
  [label] 2022-06-30 08:00 DOTUSDT entry=6.8250 → LONG | long=timeout(+4.15%) short=timeout(-4.35%) | scanned=22 | no_tp→fwd_return=+4.2491[I 2026-06-01 11:02:03,243] A new study created in memory with name: no-name-4dbfbaa2-9b50-464f-8e2a-92e4abe42419
[I 2026-06-01 11:02:03,563] Trial 0 finished with value: -0.010910025266458671 and parameters: {'confidence_threshold': 0.6310890415965769, 'training_days': 480, 'n_estimators': 380, 'max_depth': 4, 'num_leaves': 22, 'learning_rate': 0.01699897838270077, 'subsample': 0.5290418060840998, 'colsample_bytree': 0.9330880728874675, 'min_child_samples': 68, 'reg_alpha': 0.023585940584142682, 'reg_lambda': 1.5320059381854043e-08}. Best is trial 0 with value: -0.010910025266458671.
[I 2026-06-01 11:02:03,674] Trial 1 finished with value: -2.04963570193569 and parameters: {'confidence_threshold': 0.839468448256698, 'training_days': 420, 'n_estimators': 145, 'max_depth': 3, 'num_leaves': 23, 'learning_rate': 0.028145092716060652, 'subsample': 0.762378215816119, 'colsample_bytree': 0.7159725093210578, 'min_child_samples': 43, 'reg_alpha': 0.0032112643094417484, 'reg_lambda': 1.8007140198129195e-07}. Best is trial 0 with value: -0.010910025266458671.
[I 2026-06-01 11:02:03,802] Trial 2 finished with value: 0.02178989408488367 and parameters: {'confidence_threshold': 0.6022506269873263, 'training_days': 190, 'n_estimators': 255, 'max_depth': 5, 'num_leaves': 24, 'learning_rate': 0.05748924681991978, 'subsample': 0.7962072844310213, 'colsample_bytree': 0.5232252063599989, 'min_child_samples': 69, 'reg_alpha': 3.425445902633376e-07, 'reg_lambda': 3.850031979199519e-08}. Best is trial 2 with value: 0.02178989408488367.
[I 2026-06-01 11:02:04,048] Trial 3 finished with value: 0.03495616511021566 and parameters: {'confidence_threshold': 0.8321099380386666, 'training_days': 490, 'n_estimators': 414, 'max_depth': 3, 'num_leaves': 19, 'learning_rate': 0.1024932221692416, 'subsample': 0.7200762468698007, 'colsample_bytree': 0.5610191174223894, 'min_child_samples': 60, 'reg_alpha': 2.039373116525212e-08, 'reg_lambda': 1.527156759251193}. Best is trial 3 with value: 0.03495616511021566.
[I 2026-06-01 11:02:04,178] Trial 4 finished with value: -0.01456184563349951 and parameters: {'confidence_threshold': 0.5905729935600059, 'training_days': 340, 'n_estimators': 190, 'max_depth': 4, 'num_leaves': 41, 'learning_rate': 0.01875220945578641, 'subsample': 0.9847923138822793, 'colsample_bytree': 0.8875664116805573, 'min_child_samples': 96, 'reg_alpha': 1.1309571585271483, 'reg_lambda': 0.002404915432737351}. Best is trial 3 with value: 0.03495616511021566.
[I 2026-06-01 11:02:04,212] Trial 5 finished with value: -0.050480418789944956 and parameters: {'confidence_threshold': 0.8226559822580909, 'training_days': 50, 'n_estimators': 138, 'max_depth': 3, 'num_leaves': 30, 'learning_rate': 0.03750796359625606, 'subsample': 0.6356745158869479, 'colsample_bytree': 0.9143687545759647, 'min_child_samples': 48, 'reg_alpha': 3.376063348877853e-06, 'reg_lambda': 0.0007660634613082914}. Best is trial 3 with value: 0.03495616511021566.
[I 2026-06-01 11:02:04,301] Trial 6 finished with value: -0.034716649076125206 and parameters: {'confidence_threshold': 0.5493234787411669, 'training_days': 410, 'n_estimators': 83, 'max_depth': 5, 'num_leaves': 52, 'learning_rate': 0.019657448966046126, 'subsample': 0.5027610585618012, 'colsample_bytree': 0.9077307142274171, 'min_child_samples': 77, 'reg_alpha': 0.03639690979811287, 'reg_lambda': 0.08738424135626986}. Best is trial 3 with value: 0.03495616511021566.
[I 2026-06-01 11:02:04,383] Trial 7 finished with value: -0.006888825805934762 and parameters: {'confidence_threshold': 0.5259156281069316, 'training_days': 180, 'n_estimators': 102, 'max_depth': 5, 'num_leaves': 45, 'learning_rate': 0.030816017044468066, 'subsample': 0.5317791751430119, 'colsample_bytree': 0.6554911608578311, 'min_child_samples': 46, 'reg_alpha': 0.036851536911881845, 'reg_lambda': 0.005470376807480391}. Best is trial 3 with value: 0.03495616511021566.
[I 2026-06-01 11:02:04,471] Trial 8 finished with value: 0.04915576375741419 and parameters: {'confidence_threshold': 0.8105244599017143, 'training_days': 240, 'n_estimators': 103, 'max_depth': 5, 'num_leaves': 52, 'learning_rate': 0.06746437142284309, 'subsample': 0.8854835899772805, 'colsample_bytree': 0.7468977981821954, 'min_child_samples': 62, 'reg_alpha': 7.04480806377519e-05, 'reg_lambda': 1.6934490731313353e-08}. Best is trial 8 with value: 0.04915576375741419.
[I 2026-06-01 11:02:04,493] Trial 9 finished with value: -0.07344646244430265 and parameters: {'confidence_threshold': 0.5377619994476566, 'training_days': 20, 'n_estimators': 337, 'max_depth': 3, 'num_leaves': 39, 'learning_rate': 0.21907142272152816, 'subsample': 0.6246461145744375, 'colsample_bytree': 0.7051914615178149, 'min_child_samples': 81, 'reg_alpha': 1.1459970229341322e-06, 'reg_lambda': 4.929685216887945e-08}. Best is trial 8 with value: 0.04915576375741419.
[I 2026-06-01 11:02:05,023] Trial 10 finished with value: 0.07613954675292756 and parameters: {'confidence_threshold': 0.734042426776949, 'training_days': 280, 'n_estimators': 487, 'max_depth': 5, 'num_leaves': 62, 'learning_rate': 0.10432148521337849, 'subsample': 0.9416850669512905, 'colsample_bytree': 0.8120417635861826, 'min_child_samples': 27, 'reg_alpha': 7.238112263003475e-05, 'reg_lambda': 3.3639426888455256e-06}. Best is trial 10 with value: 0.07613954675292756.
[I 2026-06-01 11:02:05,565] Trial 11 finished with value: 0.08181423267540879 and parameters: {'confidence_threshold': 0.7421374894694948, 'training_days': 280, 'n_estimators': 461, 'max_depth': 5, 'num_leaves': 62, 'learning_rate': 0.10109116109881597, 'subsample': 0.9447271656461484, 'colsample_bytree': 0.8173450355221697, 'min_child_samples': 20, 'reg_alpha': 8.428275500049382e-05, 'reg_lambda': 7.868729181011707e-06}. Best is trial 11 with value: 0.08181423267540879.
[I 2026-06-01 11:02:06,008] Trial 12 finished with value: 0.0727334596132729 and parameters: {'confidence_threshold': 0.7268100231367182, 'training_days': 300, 'n_estimators': 496, 'max_depth': 4, 'num_leaves': 63, 'learning_rate': 0.1448009769002747, 'subsample': 0.9934454970174319, 'colsample_bytree': 0.8304278626461432, 'min_child_samples': 20, 'reg_alpha': 8.52081282924587e-05, 'reg_lambda': 8.348297043432798e-06}. Best is trial 11 with value: 0.08181423267540879.
[I 2026-06-01 11:02:06,173] Trial 13 finished with value: 0.023757839193189776 and parameters: {'confidence_threshold': 0.7321922500141939, 'training_days': 140, 'n_estimators': 500, 'max_depth': 5, 'num_leaves': 62, 'learning_rate': 0.28159013993464826, 'subsample': 0.9038642171952159, 'colsample_bytree': 0.8155421717694826, 'min_child_samples': 21, 'reg_alpha': 0.0006870663253818823, 'reg_lambda': 1.0174852371049091e-05}. Best is trial 11 with value: 0.08181423267540879.
[I 2026-06-01 11:02:06,559] Trial 14 finished with value: 0.06438553278370945 and parameters: {'confidence_threshold': 0.7384584543503676, 'training_days': 320, 'n_estimators': 432, 'max_depth': 4, 'num_leaves': 56, 'learning_rate': 0.106651680623901, 'subsample': 0.9010118929036222, 'colsample_bytree': 0.9897127958863723, 'min_child_samples': 31, 'reg_alpha': 1.5179952289587111e-05, 'reg_lambda': 7.565770484313319e-06}. Best is trial 11 with value: 0.08181423267540879.
[I 2026-06-01 11:02:06,912] Trial 15 finished with value: 0.05798643800675364 and parameters: {'confidence_threshold': 0.6805818154477248, 'training_days': 250, 'n_estimators': 332, 'max_depth': 5, 'num_leaves': 57, 'learning_rate': 0.14058695742519775, 'subsample': 0.8481481337248893, 'colsample_bytree': 0.8100744538922787, 'min_child_samples': 33, 'reg_alpha': 0.0005760465164056275, 'reg_lambda': 1.2540349502725664e-06}. Best is trial 11 with value: 0.08181423267540879.
[I 2026-06-01 11:02:07,291] Trial 16 finished with value: 0.07795987154710826 and parameters: {'confidence_threshold': 0.7749754345994851, 'training_days': 350, 'n_estimators': 453, 'max_depth': 4, 'num_leaves': 50, 'learning_rate': 0.08346838843108018, 'subsample': 0.9397541766618512, 'colsample_bytree': 0.632035183231185, 'min_child_samples': 33, 'reg_alpha': 2.44367267277551e-08, 'reg_lambda': 0.00013240252459959464}. Best is trial 11 with value: 0.08181423267540879.
[I 2026-06-01 11:02:07,527] Trial 17 finished with value: 0.219970377934302 and parameters: {'confidence_threshold': 0.789403558838043, 'training_days': 380, 'n_estimators': 267, 'max_depth': 4, 'num_leaves': 47, 'learning_rate': 0.010425658055299656, 'subsample': 0.8276300661133533, 'colsample_bytree': 0.6091330191487015, 'min_child_samples': 39, 'reg_alpha': 1.4561213306018841e-08, 'reg_lambda': 5.780903580790658e-05}. Best is trial 17 with value: 0.219970377934302.
[I 2026-06-01 11:02:07,638] A new study created in memory with name: no-name-1f7b498d-80a7-4116-bc9f-593259f898fb
[I 2026-06-01 11:02:07,724] Trial 0 finished with value: 0.036799752721932616 and parameters: {'confidence_threshold': 0.7437642149592516, 'training_days': 150, 'n_estimators': 152, 'max_depth': 4, 'num_leaves': 50, 'learning_rate': 0.04216766425047743, 'subsample': 0.9903820991923078, 'colsample_bytree': 0.8424148692924316, 'min_child_samples': 58, 'reg_alpha': 3.381097259762742e-05, 'reg_lambda': 1.2263152961306247e-05}. Best is trial 0 with value: 0.036799752721932616.
[I 2026-06-01 11:02:07,787] Trial 1 finished with value: -1.9646104756108151 and parameters: {'confidence_threshold': 0.7551673975844145, 'training_days': 220, 'n_estimators': 76, 'max_depth': 4, 'num_leaves': 51, 'learning_rate': 0.018602118810743477, 'subsample': 0.5877258780737462, 'colsample_bytree': 0.7657756869209191, 'min_child_samples': 63, 'reg_alpha': 0.005123994170264194, 'reg_lambda': 0.44145470178120466}. Best is trial 0 with value: 0.036799752721932616.
[I 2026-06-01 11:02:08,031] Trial 2 finished with value: 0.04618256384422589 and parameters: {'confidence_threshold': 0.7535593637012223, 'training_days': 310, 'n_estimators': 375, 'max_depth': 3, 'num_leaves': 32, 'learning_rate': 0.021735641882032388, 'subsample': 0.6468570231944146, 'colsample_bytree': 0.8154880619272439, 'min_child_samples': 27, 'reg_alpha': 8.004064028491336e-05, 'reg_lambda': 7.546835261630524e-05}. Best is trial 2 with value: 0.04618256384422589.
[I 2026-06-01 11:02:08,185] Trial 3 finished with value: 0.01721924198458607 and parameters: {'confidence_threshold': 0.6727897841776072, 'training_days': 220, 'n_estimators': 190, 'max_depth': 4, 'num_leaves': 58, 'learning_rate': 0.24810689332636193, 'subsample': 0.7509183379421682, 'colsample_bytree': 0.8119764758960556, 'min_child_samples': 29, 'reg_alpha': 7.1708285081421445e-06, 'reg_lambda': 5.412973582738627e-05}. Best is trial 2 with value: 0.04618256384422589.
[I 2026-06-01 11:02:08,290] Trial 4 finished with value: -0.00868339728973476 and parameters: {'confidence_threshold': 0.803208205259178, 'training_days': 130, 'n_estimators': 267, 'max_depth': 5, 'num_leaves': 40, 'learning_rate': 0.08041175317374143, 'subsample': 0.5603143329951619, 'colsample_bytree': 0.9131704002534167, 'min_child_samples': 68, 'reg_alpha': 0.0008046593428183385, 'reg_lambda': 1.2158346158765583e-05}. Best is trial 2 with value: 0.04618256384422589.
[I 2026-06-01 11:02:08,503] Trial 5 finished with value: 0.011099264975963929 and parameters: {'confidence_threshold': 0.6064422761595144, 'training_days': 210, 'n_estimators': 357, 'max_depth': 5, 'num_leaves': 40, 'learning_rate': 0.0974221287220869, 'subsample': 0.7929682762811064, 'colsample_bytree': 0.8124517510478, 'min_child_samples': 74, 'reg_alpha': 0.3811377260781234, 'reg_lambda': 5.607314238392041e-08}. Best is trial 2 with value: 0.04618256384422589.
[I 2026-06-01 11:02:08,598] Trial 6 finished with value: -0.027199212512119687 and parameters: {'confidence_threshold': 0.7672889945051684, 'training_days': 130, 'n_estimators': 137, 'max_depth': 4, 'num_leaves': 19, 'learning_rate': 0.2031117614248665, 'subsample': 0.8136244860256343, 'colsample_bytree': 0.8617081790949774, 'min_child_samples': 21, 'reg_alpha': 0.002238138278733199, 'reg_lambda': 0.001025809534977322}. Best is trial 2 with value: 0.04618256384422589.
[I 2026-06-01 11:02:08,668] Trial 7 finished with value: -0.020449381429600885 and parameters: {'confidence_threshold': 0.555635875450653, 'training_days': 80, 'n_estimators': 363, 'max_depth': 3, 'num_leaves': 48, 'learning_rate': 0.06590089024008658, 'subsample': 0.6944752870615722, 'colsample_bytree': 0.962566244806993, 'min_child_samples': 88, 'reg_alpha': 1.6465620446426067e-05, 'reg_lambda': 2.4678750890085655e-08}. Best is trial 2 with value: 0.04618256384422589.
[I 2026-06-01 11:02:08,976] Trial 8 finished with value: 0.04710302025369998 and parameters: {'confidence_threshold': 0.6066688256938841, 'training_days': 200, 'n_estimators': 367, 'max_depth': 5, 'num_leaves': 32, 'learning_rate': 0.13377519215934996, 'subsample': 0.7965884582811106, 'colsample_bytree': 0.8458508993500886, 'min_child_samples': 32, 'reg_alpha': 3.889436043816386e-05, 'reg_lambda': 1.4713062489380356e-06}. Best is trial 8 with value: 0.04710302025369998.
