[I 2026-06-01 11:03:14,780] Trial 16 finished with value: -0.14899517908468837 and parameters: {'confidence_threshold': 0.5417929321116559, 'training_days': 80, 'n_estimators': 283, 'max_depth': 4, 'num_leaves': 30, 'learning_rate': 0.2137017909050552, 'subsample': 0.7114743178672482, 'colsample_bytree': 0.7433473574203808, 'min_child_samples': 36, 'reg_alpha': 0.08764840726668893, 'reg_lambda': 0.002908761267348645}. Best is trial 2 with value: 0.10753756435672798.
[I 2026-06-01 11:03:14,885] Trial 17 finished with value: -0.15865764992608317 and parameters: {'confidence_threshold': 0.6118939741680012, 'training_days': 260, 'n_estimators': 165, 'max_depth': 3, 'num_leaves': 22, 'learning_rate': 0.09534067130735467, 'subsample': 0.7760411513284851, 'colsample_bytree': 0.5068325156079614, 'min_child_samples': 70, 'reg_alpha': 0.0014135290564910215, 'reg_lambda': 1.4127412433360303e-06}. Best is trial 2 with value: 0.10753756435672798.

    [trial 7] Sharpe=-0.1393 (folds: -0.1694, -0.2958, -0.2792, -0.0170, 0.0646)
    [trial 8] 46 features, training_days=200 | threshold=0.607 | labels: 1002 long, 1166 short (46/54%)
    [trial 8] Sharpe=-0.0425 (folds: -0.0569, 0.1252, -0.2473, -0.0376, 0.0039)
    [trial 9] 46 features, training_days=260 | threshold=0.620 | labels: 1002 long, 1166 short (46/54%)
    [trial 9] Sharpe=-0.1873 (folds: -0.0880, -0.0450, -0.3620, -0.3862, -0.0553)
    [trial 10] 46 features, training_days=470 | threshold=0.534 | labels: 1002 long, 1166 short (46/54%)
    [trial 10] Sharpe=-0.1102 (folds: -0.0760, -0.0195, -0.2059, -0.2266, -0.0230)
    [trial 11] 46 features, training_days=360 | threshold=0.672 | labels: 1002 long, 1166 short (46/54%)
    [trial 11] Sharpe=-0.1015 (folds: -0.0788, 0.0194, -0.2669, -0.1907, 0.0096)
    [trial 12] 46 features, training_days=20 | threshold=0.673 | labels: 1002 long, 1166 short (46/54%)
    [trial 12] Sharpe=-3.9794 (folds: -0.0531, -10.0000, -10.0000, 0.2197, -0.0635)
    [trial 13] 46 features, training_days=400 | threshold=0.611 | labels: 1002 long, 1166 short (46/54%)
    [trial 13] Sharpe=-0.0569 (folds: -0.0743, 0.0519, -0.2913, -0.0580, 0.0874)
    [trial 14] 46 features, training_days=410 | threshold=0.602 | labels: 1002 long, 1166 short (46/54%)
    [trial 14] Sharpe=-0.0581 (folds: -0.0782, 0.0088, -0.2545, -0.0912, 0.1245)
    [trial 15] 46 features, training_days=500 | threshold=0.503 | labels: 1002 long, 1166 short (46/54%)
    [trial 15] Sharpe=-0.0245 (folds: 0.0905, 0.0611, -0.3404, 0.0044, 0.0619)
    [trial 16] 46 features, training_days=500 | threshold=0.511 | labels: 1002 long, 1166 short (46/54%)
    [trial 16] Sharpe=-0.0323 (folds: 0.0124, -0.0110, -0.3196, 0.0402, 0.1167)
    [trial 17] 46 features, training_days=490 | threshold=0.500 | labels: 1002 long, 1166 short (46/54%)
    [trial 17] Sharpe=-0.0337 (folds: 0.0301, 0.0301, -0.3099, 0.0303, 0.0511)
  Optuna: 18 trials, best Sharpe = -0.0245
  Best params: n_estimators=426, max_depth=4, lr=0.1236, leaves=15
  Best confidence_threshold: 0.503
  Best training_days: 500
  Retrained on full data (1500 samples, 46 features)
  [ensemble 3/3] seed=456
    [trial 0] 46 features, training_days=90 | threshold=0.587 | labels: 1002 long, 1166 short (46/54%)
    [CV fold 0] train_end=2021-08-22 08:00 | val_start=2021-08-30 00:00 | gap=184h (22 rows)
    [CV fold 1] train_end=2021-12-20 16:00 | val_start=2021-12-28 08:00 | gap=184h (22 rows)
    [CV fold 2] train_end=2022-04-20 00:00 | val_start=2022-04-27 16:00 | gap=184h (22 rows)
    [CV fold 3] train_end=2022-08-18 08:00 | val_start=2022-08-26 00:00 | gap=184h (22 rows)
    [CV fold 4] train_end=2022-12-16 16:00 | val_start=2022-12-24 08:00 | gap=184h (22 rows)
    [trial 0] Sharpe=-0.1228 (folds: 0.0589, -0.2023, -0.3739, -0.0928, -0.0040)
    [trial 1] 46 features, training_days=290 | threshold=0.635 | labels: 1002 long, 1166 short (46/54%)
    [trial 1] Sharpe=-0.1694 (folds: -0.2043, -0.0399, -0.2718, -0.3385, 0.0073)
    [trial 2] 46 features, training_days=10 | threshold=0.585 | labels: 1002 long, 1166 short (46/54%)
    [trial 2] Sharpe=0.1075 (folds: 0.0977, 0.1004, 0.1833, 0.2197, -0.0635)
    [trial 3] 46 features, training_days=220 | threshold=0.687 | labels: 1002 long, 1166 short (46/54%)
    [trial 3] Sharpe=-0.1733 (folds: -0.2422, 0.0189, -0.4852, -0.0249, -0.1329)
    [trial 4] 46 features, training_days=300 | threshold=0.562 | labels: 1002 long, 1166 short (46/54%)
    [trial 4] Sharpe=-0.1592 (folds: 0.0172, -0.0305, -0.3199, -0.4979, 0.0350)
    [trial 5] 46 features, training_days=490 | threshold=0.711 | labels: 1002 long, 1166 short (46/54%)
    [trial 5] Sharpe=-0.0951 (folds: -0.1022, 0.0759, -0.2377, -0.2265, 0.0151)
    [trial 6] 46 features, training_days=420 | threshold=0.667 | labels: 1002 long, 1166 short (46/54%)
    [trial 6] Sharpe=-0.1379 (folds: -0.1272, -0.0092, -0.2662, -0.2241, -0.0629)
    [trial 7] 46 features, training_days=120 | threshold=0.550 | labels: 1002 long, 1166 short (46/54%)
    [trial 7] Sharpe=-0.1189 (folds: -0.0798, -0.1841, -0.2707, -0.1268, 0.0669)
    [trial 8] 46 features, training_days=450 | threshold=0.720 | labels: 1002 long, 1166 short (46/54%)
    [trial 8] Sharpe=-0.1303 (folds: -0.1510, -0.0498, -0.3549, -0.0589, -0.0370)
    [trial 9] 46 features, training_days=20 | threshold=0.727 | labels: 1002 long, 1166 short (46/54%)
    [trial 9] Sharpe=-3.9794 (folds: -0.0531, -10.0000, -10.0000, 0.2197, -0.0635)
    [trial 10] 46 features, training_days=10 | threshold=0.840 | labels: 1002 long, 1166 short (46/54%)
    [trial 10] Sharpe=-1.9291 (folds: 0.0977, 0.1004, -10.0000, 0.2197, -0.0635)
    [trial 11] 46 features, training_days=370 | threshold=0.790 | labels: 1002 long, 1166 short (46/54%)
    [trial 11] Sharpe=-8.0945 (folds: -10.0000, -0.4723, -10.0000, -10.0000, -10.0000)
    [trial 12] 46 features, training_days=190 | threshold=0.515 | labels: 1002 long, 1166 short (46/54%)
    [trial 12] Sharpe=-0.0639 (folds: -0.0754, 0.1111, -0.2054, -0.0850, -0.0649)
    [trial 13] 46 features, training_days=180 | threshold=0.501 | labels: 1002 long, 1166 short (46/54%)
    [trial 13] Sharpe=-0.0384 (folds: -0.0751, 0.1319, -0.1730, -0.0960, 0.0204)
    [trial 14] 46 features, training_days=120 | threshold=0.506 | labels: 1002 long, 1166 short (46/54%)
    [trial 14] Sharpe=-0.1424 (folds: -0.0982, -0.2052, -0.3337, -0.1526, 0.0778)
    [trial 15] 46 features, training_days=170 | threshold=0.610 | labels: 1002 long, 1166 short (46/54%)
    [trial 15] Sharpe=-0.0887 (folds: -0.1164, 0.0497, -0.2374, -0.0881, -0.0512)
    [trial 16] 46 features, training_days=80 | threshold=0.542 | labels: 1002 long, 1166 short (46/54%)
    [trial 16] Sharpe=-0.1490 (folds: -0.1336, -0.1199, -0.3773, -0.1198, 0.0056)
    [trial 17] 46 features, training_days=260 | threshold=0.612 | labels: 1002 long, 1166 short (46/54%)
    [trial 17] Sharpe=-0.1587 (folds: -0.1043, -0.0793, -0.3504, -0.1730, -0.0862)
  Optuna: 18 trials, best Sharpe = 0.1075
  Best params: n_estimators=212, max_depth=3, lr=0.1845, leaves=41
  Best confidence_threshold: 0.585
  Best training_days: 10
  Retrained on full data (30 samples, 46 features)
  OOD: 16 features, cutoff (q=0.7) = 14.15
  Model trained for 2023-05: 93 test candles with features, confidence_threshold=0.531
[trade:close] 2023-05-04 16:00 DOTUSDT SHORT → timeout @ 5.66 | PnL=+4.78% (net +4.68%) | cum=-12.69% 2023-05=+4.68% 2023-05-04=+4.68%
[predict] 2023-05-05 16:00 DOTUSDT → SHORT (proba=0.72 TP=8.0%/SL=4.0%)
[trade:open] 2023-05-05 23:59 DOTUSDT SHORT @ 5.84 | SL=6.08 TP=5.38 | timeout=2023-05-12 23:59
[trade:close] 2023-05-08 07:59 DOTUSDT SHORT → take_profit @ 5.38 | PnL=+7.98% (net +7.88%) | cum=-4.80% 2023-05=+12.56% 2023-05-08=+7.88%
[predict] 2023-05-09 00:00 DOTUSDT → SHORT (proba=0.86 TP=9.4%/SL=4.7%)
[trade:open] 2023-05-09 07:59 DOTUSDT SHORT @ 5.37 | SL=5.63 TP=4.86 | timeout=2023-05-16 07:59
[trade:close] 2023-05-16 08:00 DOTUSDT SHORT → timeout @ 5.30 | PnL=+1.38% (net +1.28%) | cum=-3.52% 2023-05=+13.84% 2023-05-16=+1.28%
[predict] 2023-05-17 00:00 DOTUSDT → SHORT (proba=0.79 TP=7.5%/SL=3.7%)
[trade:open] 2023-05-17 07:59 DOTUSDT SHORT @ 5.30 | SL=5.49 TP=4.90 | timeout=2023-05-24 07:59
[trade:close] 2023-05-24 08:00 DOTUSDT SHORT → timeout @ 5.28 | PnL=+0.26% (net +0.16%) | cum=-3.36% 2023-05=+14.00% 2023-05-24=+0.16%
[predict] 2023-05-25 08:00 DOTUSDT → SHORT (proba=0.65 TP=6.3%/SL=3.2%)
[trade:open] 2023-05-25 15:59 DOTUSDT SHORT @ 5.23 | SL=5.39 TP=4.90 | timeout=2023-06-01 15:59
[trade:close] 2023-05-28 15:59 DOTUSDT SHORT → stop_loss @ 5.39 | PnL=-3.17% (net -3.27%) | cum=-6.63% 2023-05=+10.74% 2023-05-28=-3.27%
[predict] 2023-05-29 08:00 DOTUSDT → SHORT (proba=0.73 TP=5.6%/SL=2.8%)
[trade:open] 2023-05-29 15:59 DOTUSDT SHORT @ 5.43 | SL=5.59 TP=5.13 | timeout=2023-06-05 15:59
[lgbm] === Training for 2023-06 ===
  Train window: 2021-06-01 → 2023-05-24
  2168 training samples from 1 symbols
  Samples per month: 2021-06: 90, 2021-07: 93, 2021-08: 93, 2021-09: 90, 2021-10: 93, 2021-11: 90, 2021-12: 93, 2022-01: 93, 2022-02: 84, 2022-03: 93, 2022-04: 90, 2022-05: 93, 2022-06: 90, 2022-07: 93, 2022-08: 93, 2022-09: 90, 2022-10: 93, 2022-11: 90, 2022-12: 93, 2023-01: 93, 2023-02: 84, 2023-03: 93, 2023-04: 90, 2023-05: 71[I 2026-06-01 11:03:15,292] A new study created in memory with name: no-name-06a63839-5afa-4f39-8df9-5e2c31f70bda
[I 2026-06-01 11:03:15,613] Trial 0 finished with value: 0.040704586896597145 and parameters: {'confidence_threshold': 0.6310890415965769, 'training_days': 480, 'n_estimators': 380, 'max_depth': 4, 'num_leaves': 22, 'learning_rate': 0.01699897838270077, 'subsample': 0.5290418060840998, 'colsample_bytree': 0.9330880728874675, 'min_child_samples': 68, 'reg_alpha': 0.023585940584142682, 'reg_lambda': 1.5320059381854043e-08}. Best is trial 0 with value: 0.040704586896597145.
[I 2026-06-01 11:03:15,732] Trial 1 finished with value: -7.97093225934711 and parameters: {'confidence_threshold': 0.839468448256698, 'training_days': 420, 'n_estimators': 145, 'max_depth': 3, 'num_leaves': 23, 'learning_rate': 0.028145092716060652, 'subsample': 0.762378215816119, 'colsample_bytree': 0.7159725093210578, 'min_child_samples': 43, 'reg_alpha': 0.0032112643094417484, 'reg_lambda': 1.8007140198129195e-07}. Best is trial 0 with value: 0.040704586896597145.
[I 2026-06-01 11:03:15,893] Trial 2 finished with value: -0.00404525847531872 and parameters: {'confidence_threshold': 0.6022506269873263, 'training_days': 190, 'n_estimators': 255, 'max_depth': 5, 'num_leaves': 24, 'learning_rate': 0.05748924681991978, 'subsample': 0.7962072844310213, 'colsample_bytree': 0.5232252063599989, 'min_child_samples': 69, 'reg_alpha': 3.425445902633376e-07, 'reg_lambda': 3.850031979199519e-08}. Best is trial 0 with value: 0.040704586896597145.
[I 2026-06-01 11:03:16,158] Trial 3 finished with value: 0.08797918864604355 and parameters: {'confidence_threshold': 0.8321099380386666, 'training_days': 490, 'n_estimators': 414, 'max_depth': 3, 'num_leaves': 19, 'learning_rate': 0.1024932221692416, 'subsample': 0.7200762468698007, 'colsample_bytree': 0.5610191174223894, 'min_child_samples': 60, 'reg_alpha': 2.039373116525212e-08, 'reg_lambda': 1.527156759251193}. Best is trial 3 with value: 0.08797918864604355.
[I 2026-06-01 11:03:16,311] Trial 4 finished with value: -0.12180113525776907 and parameters: {'confidence_threshold': 0.5905729935600059, 'training_days': 340, 'n_estimators': 190, 'max_depth': 4, 'num_leaves': 41, 'learning_rate': 0.01875220945578641, 'subsample': 0.9847923138822793, 'colsample_bytree': 0.8875664116805573, 'min_child_samples': 96, 'reg_alpha': 1.1309571585271483, 'reg_lambda': 0.002404915432737351}. Best is trial 3 with value: 0.08797918864604355.
[I 2026-06-01 11:03:16,352] Trial 5 finished with value: 0.1268115530506716 and parameters: {'confidence_threshold': 0.8226559822580909, 'training_days': 50, 'n_estimators': 138, 'max_depth': 3, 'num_leaves': 30, 'learning_rate': 0.03750796359625606, 'subsample': 0.6356745158869479, 'colsample_bytree': 0.9143687545759647, 'min_child_samples': 48, 'reg_alpha': 3.376063348877853e-06, 'reg_lambda': 0.0007660634613082914}. Best is trial 5 with value: 0.1268115530506716.
[I 2026-06-01 11:03:16,457] Trial 6 finished with value: -0.009461226478943048 and parameters: {'confidence_threshold': 0.5493234787411669, 'training_days': 410, 'n_estimators': 83, 'max_depth': 5, 'num_leaves': 52, 'learning_rate': 0.019657448966046126, 'subsample': 0.5027610585618012, 'colsample_bytree': 0.9077307142274171, 'min_child_samples': 77, 'reg_alpha': 0.03639690979811287, 'reg_lambda': 0.08738424135626986}. Best is trial 5 with value: 0.1268115530506716.
[I 2026-06-01 11:03:16,545] Trial 7 finished with value: -0.024017666421310264 and parameters: {'confidence_threshold': 0.5259156281069316, 'training_days': 180, 'n_estimators': 102, 'max_depth': 5, 'num_leaves': 45, 'learning_rate': 0.030816017044468066, 'subsample': 0.5317791751430119, 'colsample_bytree': 0.6554911608578311, 'min_child_samples': 46, 'reg_alpha': 0.036851536911881845, 'reg_lambda': 0.005470376807480391}. Best is trial 5 with value: 0.1268115530506716.
[I 2026-06-01 11:03:16,642] Trial 8 finished with value: -0.13371349829323434 and parameters: {'confidence_threshold': 0.8105244599017143, 'training_days': 240, 'n_estimators': 103, 'max_depth': 5, 'num_leaves': 52, 'learning_rate': 0.06746437142284309, 'subsample': 0.8854835899772805, 'colsample_bytree': 0.7468977981821954, 'min_child_samples': 62, 'reg_alpha': 7.04480806377519e-05, 'reg_lambda': 1.6934490731313353e-08}. Best is trial 5 with value: 0.1268115530506716.
[I 2026-06-01 11:03:16,664] Trial 9 finished with value: 0.11636440581984456 and parameters: {'confidence_threshold': 0.5377619994476566, 'training_days': 20, 'n_estimators': 337, 'max_depth': 3, 'num_leaves': 39, 'learning_rate': 0.21907142272152816, 'subsample': 0.6246461145744375, 'colsample_bytree': 0.7051914615178149, 'min_child_samples': 81, 'reg_alpha': 1.1459970229341322e-06, 'reg_lambda': 4.929685216887945e-08}. Best is trial 5 with value: 0.1268115530506716.
[I 2026-06-01 11:03:16,694] Trial 10 finished with value: 0.11636440581984456 and parameters: {'confidence_threshold': 0.7318981109748116, 'training_days': 10, 'n_estimators': 487, 'max_depth': 4, 'num_leaves': 31, 'learning_rate': 0.14704103471568217, 'subsample': 0.628963476300746, 'colsample_bytree': 0.987470107623585, 'min_child_samples': 25, 'reg_alpha': 2.608784411827665e-05, 'reg_lambda': 3.3639426888455256e-06}. Best is trial 5 with value: 0.1268115530506716.
[I 2026-06-01 11:03:16,723] Trial 11 finished with value: 0.11636440581984456 and parameters: {'confidence_threshold': 0.715357026933722, 'training_days': 20, 'n_estimators': 291, 'max_depth': 3, 'num_leaves': 33, 'learning_rate': 0.29081576079680116, 'subsample': 0.6496599335113177, 'colsample_bytree': 0.8271697325369484, 'min_child_samples': 92, 'reg_alpha': 1.8335640581015016e-06, 'reg_lambda': 1.7775498934647403e-05}. Best is trial 5 with value: 0.1268115530506716.
[I 2026-06-01 11:03:16,797] Trial 12 finished with value: 0.020036548132688816 and parameters: {'confidence_threshold': 0.7456670193224102, 'training_days': 90, 'n_estimators': 293, 'max_depth': 3, 'num_leaves': 33, 'learning_rate': 0.2959628420607887, 'subsample': 0.6274745095999714, 'colsample_bytree': 0.6562433298545489, 'min_child_samples': 84, 'reg_alpha': 3.1740335584318674e-06, 'reg_lambda': 7.90277059723651e-05}. Best is trial 5 with value: 0.1268115530506716.
[I 2026-06-01 11:03:16,895] Trial 13 finished with value: 0.02135908157704381 and parameters: {'confidence_threshold': 0.6675013492473675, 'training_days': 100, 'n_estimators': 216, 'max_depth': 3, 'num_leaves': 62, 'learning_rate': 0.1463043880061142, 'subsample': 0.6866291716128416, 'colsample_bytree': 0.8155421717694826, 'min_child_samples': 47, 'reg_alpha': 3.219567910488193e-08, 'reg_lambda': 3.4757862173186272e-06}. Best is trial 5 with value: 0.1268115530506716.
[I 2026-06-01 11:03:17,044] Trial 14 finished with value: 0.010597557381973474 and parameters: {'confidence_threshold': 0.7871652886153421, 'training_days': 90, 'n_estimators': 348, 'max_depth': 3, 'num_leaves': 15, 'learning_rate': 0.039779566134606106, 'subsample': 0.5808433054196197, 'colsample_bytree': 0.8116145799213325, 'min_child_samples': 31, 'reg_alpha': 0.00045016022610937554, 'reg_lambda': 0.0006284807489164356}. Best is trial 5 with value: 0.1268115530506716.
[I 2026-06-01 11:03:17,131] Trial 15 finished with value: 0.007946420225764672 and parameters: {'confidence_threshold': 0.5073197482691914, 'training_days': 150, 'n_estimators': 175, 'max_depth': 4, 'num_leaves': 40, 'learning_rate': 0.010348803728867817, 'subsample': 0.8113381919370017, 'colsample_bytree': 0.6567290912374351, 'min_child_samples': 81, 'reg_alpha': 4.012615333244858e-07, 'reg_lambda': 0.05895604282432314}. Best is trial 5 with value: 0.1268115530506716.
[I 2026-06-01 11:03:17,360] Trial 16 finished with value: -0.06028347658402781 and parameters: {'confidence_threshold': 0.6760523483882178, 'training_days': 270, 'n_estimators': 339, 'max_depth': 3, 'num_leaves': 31, 'learning_rate': 0.09575912493579518, 'subsample': 0.6022959818573481, 'colsample_bytree': 0.5982136056513266, 'min_child_samples': 36, 'reg_alpha': 1.6230643075200477e-05, 'reg_lambda': 4.28170520176123e-07}. Best is trial 5 with value: 0.1268115530506716.
[I 2026-06-01 11:03:17,450] Trial 17 finished with value: 0.06146631409066679 and parameters: {'confidence_threshold': 0.5596614474862396, 'training_days': 50, 'n_estimators': 417, 'max_depth': 4, 'num_leaves': 47, 'learning_rate': 0.20267295612955097, 'subsample': 0.6977080924048726, 'colsample_bytree': 0.9956385980717998, 'min_child_samples': 54, 'reg_alpha': 1.7527045832330252e-07, 'reg_lambda': 0.0001164037083056549}. Best is trial 5 with value: 0.1268115530506716.
[I 2026-06-01 11:03:17,599] A new study created in memory with name: no-name-a7283b8f-8644-42b5-b368-7b600a9a4426
[I 2026-06-01 11:03:17,700] Trial 0 finished with value: 0.031787948516644945 and parameters: {'confidence_threshold': 0.7437642149592516, 'training_days': 150, 'n_estimators': 152, 'max_depth': 4, 'num_leaves': 50, 'learning_rate': 0.04216766425047743, 'subsample': 0.9903820991923078, 'colsample_bytree': 0.8424148692924316, 'min_child_samples': 58, 'reg_alpha': 3.381097259762742e-05, 'reg_lambda': 1.2263152961306247e-05}. Best is trial 0 with value: 0.031787948516644945.
[I 2026-06-01 11:03:17,783] Trial 1 finished with value: -2.1089805973133813 and parameters: {'confidence_threshold': 0.7551673975844145, 'training_days': 220, 'n_estimators': 76, 'max_depth': 4, 'num_leaves': 51, 'learning_rate': 0.018602118810743477, 'subsample': 0.5877258780737462, 'colsample_bytree': 0.7657756869209191, 'min_child_samples': 63, 'reg_alpha': 0.005123994170264194, 'reg_lambda': 0.44145470178120466}. Best is trial 0 with value: 0.031787948516644945.
[I 2026-06-01 11:03:18,045] Trial 2 finished with value: -0.019558687860310342 and parameters: {'confidence_threshold': 0.7535593637012223, 'training_days': 310, 'n_estimators': 375, 'max_depth': 3, 'num_leaves': 32, 'learning_rate': 0.021735641882032388, 'subsample': 0.6468570231944146, 'colsample_bytree': 0.8154880619272439, 'min_child_samples': 27, 'reg_alpha': 8.004064028491336e-05, 'reg_lambda': 7.546835261630524e-05}. Best is trial 0 with value: 0.031787948516644945.
