[I 2026-06-01 11:04:48,209] Trial 17 finished with value: -0.07375274949177088 and parameters: {'confidence_threshold': 0.622186388565255, 'training_days': 250, 'n_estimators': 185, 'max_depth': 4, 'num_leaves': 46, 'learning_rate': 0.16522729299476824, 'subsample': 0.571731388713811, 'colsample_bytree': 0.7861983638172064, 'min_child_samples': 26, 'reg_alpha': 0.00010396761370918986, 'reg_lambda': 0.03284721864251348}. Best is trial 13 with value: -0.02626601982439388.
[I 2026-06-01 11:04:48,461] A new study created in memory with name: no-name-ae8b362c-0238-4f57-a157-5fe64c56d03c

[predict] 2024-03-18 00:00 DOTUSDT → LONG (proba=0.94 TP=22.0%/SL=11.0%)
[trade:open] 2024-03-18 07:59 DOTUSDT LONG @ 10.37 | SL=9.22 TP=12.65 | timeout=2024-03-25 07:59
[trade:close] 2024-03-19 07:59 DOTUSDT LONG → stop_loss @ 9.22 | PnL=-11.01% (net -11.11%) | cum=+40.28% 2024-03=-0.15% 2024-03-19=-11.11%
[predict] 2024-03-31 00:00 DOTUSDT → LONG (proba=0.75 TP=10.5%/SL=5.3%)
[trade:open] 2024-03-31 07:59 DOTUSDT LONG @ 9.59 | SL=9.08 TP=10.60 | timeout=2024-04-07 07:59
[trade:close] 2024-04-01 07:59 DOTUSDT LONG → stop_loss @ 9.08 | PnL=-5.27% (net -5.37%) | cum=+34.90% 2024-04=-5.37% 2024-04-01=-5.37%
[lgbm] === Training for 2024-04 ===
  Train window: 2022-04-01 → 2024-03-24
  2171 training samples from 1 symbols
  Samples per month: 2022-04: 90, 2022-05: 93, 2022-06: 90, 2022-07: 93, 2022-08: 93, 2022-09: 90, 2022-10: 93, 2022-11: 90, 2022-12: 93, 2023-01: 93, 2023-02: 84, 2023-03: 93, 2023-04: 90, 2023-05: 93, 2023-06: 90, 2023-07: 93, 2023-08: 93, 2023-09: 90, 2023-10: 93, 2023-11: 90, 2023-12: 93, 2024-01: 93, 2024-02: 87, 2024-03: 71
  [label] 2022-06-01 16:00 DOTUSDT entry=9.4500 → SHORT | long=timeout(-4.91%) short=timeout(+4.71%) | scanned=22 | no_tp→fwd_return=-4.8148
  [label] 2022-06-04 00:00 DOTUSDT entry=9.3760 → SHORT | long=sl(-8.86%) short=timeout(+5.78%) | scanned=22 | no_tp→fwd_return=-5.8767
  [label] 2022-06-07 16:00 DOTUSDT entry=9.2160 → SHORT | long=sl(-7.93%) short=tp(+15.56%) | scanned=13 | short_tp_only
  [label] 2022-07-02 08:00 DOTUSDT entry=6.7490 → LONG | long=timeout(+6.75%) short=sl(-9.08%) | scanned=22 | no_tp→fwd_return=+6.8455
  [label] 2022-08-24 00:00 DOTUSDT entry=7.4760 → SHORT | long=sl(-7.13%) short=timeout(+4.05%) | scanned=22 | no_tp→fwd_return=-4.1466
  [label] 2023-02-06 00:00 DOTUSDT entry=6.7430 → SHORT | long=sl(-6.01%) short=timeout(+7.75%) | scanned=22 | no_tp→fwd_return=-7.8452
  [label] 2023-02-10 00:00 DOTUSDT entry=6.2850 → LONG | long=timeout(+5.61%) short=sl(-7.88%) | scanned=22 | no_tp→fwd_return=+5.7120
  [label] 2023-02-20 16:00 DOTUSDT entry=7.5540 → SHORT | long=sl(-6.65%) short=tp(+13.00%) | scanned=12 | short_tp_only
  [label] 2023-04-06 16:00 DOTUSDT entry=6.2760 → LONG | long=timeout(+5.62%) short=sl(-4.60%) | scanned=22 | no_tp→fwd_return=+5.7202
  [label] 2023-04-15 08:00 DOTUSDT entry=6.7670 → SHORT | long=sl(-4.15%) short=tp(+8.00%) | scanned=12 | short_tp_only
  [label] 2023-07-14 16:00 DOTUSDT entry=5.4500 → LONG | long=sl(-5.37%) short=timeout(-0.72%) | scanned=22 | no_tp→fwd_return=+0.6239
  [label] 2023-08-15 16:00 DOTUSDT entry=4.8120 → SHORT | long=sl(-3.23%) short=tp(+6.16%) | scanned=3 | short_tp_only
  [label] 2023-09-01 00:00 DOTUSDT entry=4.2570 → LONG | long=timeout(+0.72%) short=timeout(-0.92%) | scanned=22 | no_tp→fwd_return=+0.8222
  [label] 2023-09-13 16:00 DOTUSDT entry=3.9950 → LONG | long=timeout(+3.43%) short=sl(-4.14%) | scanned=22 | no_tp→fwd_return=+3.5294
  [label] 2023-10-02 00:00 DOTUSDT entry=4.2750 → SHORT | long=sl(-2.61%) short=tp(+4.93%) | scanned=2 | short_tp_only
  [label] 2023-10-08 08:00 DOTUSDT entry=4.0180 → SHORT | long=sl(-2.59%) short=tp(+4.88%) | scanned=3 | short_tp_only
  [label] 2023-10-20 16:00 DOTUSDT entry=3.7140 → LONG | long=tp(+6.90%) short=sl(-3.60%) | scanned=3 | long_tp_only
  [label] 2023-11-29 08:00 DOTUSDT entry=5.2330 → LONG | long=tp(+9.60%) short=sl(-4.95%) | scanned=19 | long_tp_only
  [label] 2023-12-09 00:00 DOTUSDT entry=7.5680 → SHORT | long=sl(-6.63%) short=tp(+12.96%) | scanned=6 | short_tp_only
  [label] 2024-03-04 08:00 DOTUSDT entry=10.1710 → SHORT | long=sl(-8.07%) short=tp(+15.85%) | scanned=4 | short_tp_only
  Labels: 1002 long (46.2%), 1169 short (53.8%) | weights: min=1.00, mean=3.30, max=10.00
  Features: 2171/2171 matched, 46 columns
  CV gap: 22 rows
  [ensemble 1/3] seed=42
    [trial 0] 46 features, training_days=480 | threshold=0.631 | labels: 1002 long, 1169 short (46/54%)
    [CV fold 0] train_end=2022-07-24 08:00 | val_start=2022-08-01 00:00 | gap=184h (22 rows)
    [CV fold 1] train_end=2022-11-21 16:00 | val_start=2022-11-29 08:00 | gap=184h (22 rows)
    [CV fold 2] train_end=2023-03-22 00:00 | val_start=2023-03-29 16:00 | gap=184h (22 rows)
    [CV fold 3] train_end=2023-07-20 08:00 | val_start=2023-07-28 00:00 | gap=184h (22 rows)
    [CV fold 4] train_end=2023-11-17 16:00 | val_start=2023-11-25 08:00 | gap=184h (22 rows)
    [trial 0] Sharpe=-0.0947 (folds: -0.1658, -0.0171, -0.1970, 0.0898, -0.1831)
    [trial 1] 46 features, training_days=420 | threshold=0.839 | labels: 1002 long, 1169 short (46/54%)
    [trial 1] Sharpe=-4.1039 (folds: -0.2306, -0.1187, -10.0000, -10.0000, -0.1704)
    [trial 2] 46 features, training_days=190 | threshold=0.602 | labels: 1002 long, 1169 short (46/54%)
    [trial 2] Sharpe=-0.0859 (folds: -0.1742, 0.0062, -0.1281, -0.1025, -0.0310)
    [trial 3] 46 features, training_days=490 | threshold=0.832 | labels: 1002 long, 1169 short (46/54%)
    [trial 3] Sharpe=-0.1392 (folds: -0.1501, -0.1197, -0.2473, 0.2525, -0.4312)
    [trial 4] 46 features, training_days=340 | threshold=0.591 | labels: 1002 long, 1169 short (46/54%)
    [trial 4] Sharpe=-0.0880 (folds: -0.2052, 0.0633, -0.1095, -0.0942, -0.0945)
    [trial 5] 46 features, training_days=50 | threshold=0.823 | labels: 1002 long, 1169 short (46/54%)
    [trial 5] Sharpe=-0.1118 (folds: -0.0010, -0.2240, -0.1454, -0.1564, -0.0324)
    [trial 6] 46 features, training_days=410 | threshold=0.549 | labels: 1002 long, 1169 short (46/54%)
    [trial 6] Sharpe=-0.0798 (folds: -0.3130, 0.0653, -0.1711, 0.0160, 0.0038)
    [trial 7] 46 features, training_days=180 | threshold=0.526 | labels: 1002 long, 1169 short (46/54%)
    [trial 7] Sharpe=-0.0629 (folds: -0.1258, 0.0048, -0.1070, -0.1490, 0.0624)
    [trial 8] 46 features, training_days=240 | threshold=0.811 | labels: 1002 long, 1169 short (46/54%)
    [trial 8] Sharpe=-0.1170 (folds: -0.2190, -0.0519, -0.3123, 0.1615, -0.1635)
    [trial 9] 46 features, training_days=20 | threshold=0.538 | labels: 1002 long, 1169 short (46/54%)
    [trial 9] Sharpe=-0.1228 (folds: -0.3032, 0.0445, -0.1339, -0.0584, -0.1633)
    [trial 10] 46 features, training_days=140 | threshold=0.680 | labels: 1002 long, 1169 short (46/54%)
    [trial 10] Sharpe=-0.0850 (folds: -0.1575, 0.1268, -0.0768, -0.0206, -0.2966)
    [trial 11] 46 features, training_days=320 | threshold=0.503 | labels: 1002 long, 1169 short (46/54%)
    [trial 11] Sharpe=-0.0456 (folds: -0.0979, 0.0771, -0.1467, -0.0662, 0.0059)
    [trial 12] 46 features, training_days=310 | threshold=0.507 | labels: 1002 long, 1169 short (46/54%)
    [trial 12] Sharpe=-0.0285 (folds: -0.0310, 0.0807, -0.1720, -0.0188, -0.0012)
    [trial 13] 46 features, training_days=310 | threshold=0.507 | labels: 1002 long, 1169 short (46/54%)
    [trial 13] Sharpe=-0.0263 (folds: -0.0513, 0.0986, -0.1302, 0.0237, -0.0722)
    [trial 14] 46 features, training_days=320 | threshold=0.713 | labels: 1002 long, 1169 short (46/54%)
    [trial 14] Sharpe=-0.0451 (folds: -0.1250, 0.0805, -0.0811, 0.0852, -0.1852)
    [trial 15] 46 features, training_days=270 | threshold=0.572 | labels: 1002 long, 1169 short (46/54%)
    [trial 15] Sharpe=-0.0480 (folds: -0.1197, 0.0503, -0.1229, 0.0484, -0.0962)
    [trial 16] 46 features, training_days=360 | threshold=0.741 | labels: 1002 long, 1169 short (46/54%)
    [trial 16] Sharpe=-0.0902 (folds: -0.1569, 0.0634, -0.1251, -0.0179, -0.2147)
    [trial 17] 46 features, training_days=250 | threshold=0.622 | labels: 1002 long, 1169 short (46/54%)
    [trial 17] Sharpe=-0.0738 (folds: -0.1330, 0.0925, -0.2092, -0.0214, -0.0977)
  Optuna: 18 trials, best Sharpe = -0.0263
  Best params: n_estimators=58, max_depth=4, lr=0.1193, leaves=62
  Best confidence_threshold: 0.507
  Best training_days: 310
  Retrained on full data (930 samples, 46 features)
  [ensemble 2/3] seed=123
    [trial 0] 46 features, training_days=150 | threshold=0.744 | labels: 1002 long, 1169 short (46/54%)
    [CV fold 0] train_end=2022-07-24 08:00 | val_start=2022-08-01 00:00 | gap=184h (22 rows)
    [CV fold 1] train_end=2022-11-21 16:00 | val_start=2022-11-29 08:00 | gap=184h (22 rows)[I 2026-06-01 11:04:48,553] Trial 0 finished with value: -0.03559391028104162 and parameters: {'confidence_threshold': 0.7437642149592516, 'training_days': 150, 'n_estimators': 152, 'max_depth': 4, 'num_leaves': 50, 'learning_rate': 0.04216766425047743, 'subsample': 0.9903820991923078, 'colsample_bytree': 0.8424148692924316, 'min_child_samples': 58, 'reg_alpha': 3.381097259762742e-05, 'reg_lambda': 1.2263152961306247e-05}. Best is trial 0 with value: -0.03559391028104162.
[I 2026-06-01 11:04:48,634] Trial 1 finished with value: -5.876355033491374 and parameters: {'confidence_threshold': 0.7551673975844145, 'training_days': 220, 'n_estimators': 76, 'max_depth': 4, 'num_leaves': 51, 'learning_rate': 0.018602118810743477, 'subsample': 0.5877258780737462, 'colsample_bytree': 0.7657756869209191, 'min_child_samples': 63, 'reg_alpha': 0.005123994170264194, 'reg_lambda': 0.44145470178120466}. Best is trial 0 with value: -0.03559391028104162.
[I 2026-06-01 11:04:48,908] Trial 2 finished with value: -0.10185867200144519 and parameters: {'confidence_threshold': 0.7535593637012223, 'training_days': 310, 'n_estimators': 375, 'max_depth': 3, 'num_leaves': 32, 'learning_rate': 0.021735641882032388, 'subsample': 0.6468570231944146, 'colsample_bytree': 0.8154880619272439, 'min_child_samples': 27, 'reg_alpha': 8.004064028491336e-05, 'reg_lambda': 7.546835261630524e-05}. Best is trial 0 with value: -0.03559391028104162.
[I 2026-06-01 11:04:49,082] Trial 3 finished with value: -0.0857440833992255 and parameters: {'confidence_threshold': 0.6727897841776072, 'training_days': 220, 'n_estimators': 190, 'max_depth': 4, 'num_leaves': 58, 'learning_rate': 0.24810689332636193, 'subsample': 0.7509183379421682, 'colsample_bytree': 0.8119764758960556, 'min_child_samples': 29, 'reg_alpha': 7.1708285081421445e-06, 'reg_lambda': 5.412973582738627e-05}. Best is trial 0 with value: -0.03559391028104162.
[I 2026-06-01 11:04:49,204] Trial 4 finished with value: -0.11003576009503906 and parameters: {'confidence_threshold': 0.803208205259178, 'training_days': 130, 'n_estimators': 267, 'max_depth': 5, 'num_leaves': 40, 'learning_rate': 0.08041175317374143, 'subsample': 0.5603143329951619, 'colsample_bytree': 0.9131704002534167, 'min_child_samples': 68, 'reg_alpha': 0.0008046593428183385, 'reg_lambda': 1.2158346158765583e-05}. Best is trial 0 with value: -0.03559391028104162.
[I 2026-06-01 11:04:49,448] Trial 5 finished with value: -0.04855750783694931 and parameters: {'confidence_threshold': 0.6064422761595144, 'training_days': 210, 'n_estimators': 357, 'max_depth': 5, 'num_leaves': 40, 'learning_rate': 0.0974221287220869, 'subsample': 0.7929682762811064, 'colsample_bytree': 0.8124517510478, 'min_child_samples': 74, 'reg_alpha': 0.3811377260781234, 'reg_lambda': 5.607314238392041e-08}. Best is trial 0 with value: -0.03559391028104162.
[I 2026-06-01 11:04:49,567] Trial 6 finished with value: -0.12599372153932026 and parameters: {'confidence_threshold': 0.7672889945051684, 'training_days': 130, 'n_estimators': 137, 'max_depth': 4, 'num_leaves': 19, 'learning_rate': 0.2031117614248665, 'subsample': 0.8136244860256343, 'colsample_bytree': 0.8617081790949774, 'min_child_samples': 21, 'reg_alpha': 0.002238138278733199, 'reg_lambda': 0.001025809534977322}. Best is trial 0 with value: -0.03559391028104162.
[I 2026-06-01 11:04:49,649] Trial 7 finished with value: -0.11488153119230946 and parameters: {'confidence_threshold': 0.555635875450653, 'training_days': 80, 'n_estimators': 363, 'max_depth': 3, 'num_leaves': 48, 'learning_rate': 0.06590089024008658, 'subsample': 0.6944752870615722, 'colsample_bytree': 0.962566244806993, 'min_child_samples': 88, 'reg_alpha': 1.6465620446426067e-05, 'reg_lambda': 2.4678750890085655e-08}. Best is trial 0 with value: -0.03559391028104162.
[I 2026-06-01 11:04:49,978] Trial 8 finished with value: -0.010639066875655509 and parameters: {'confidence_threshold': 0.6066688256938841, 'training_days': 200, 'n_estimators': 367, 'max_depth': 5, 'num_leaves': 32, 'learning_rate': 0.13377519215934996, 'subsample': 0.7965884582811106, 'colsample_bytree': 0.8458508993500886, 'min_child_samples': 32, 'reg_alpha': 3.889436043816386e-05, 'reg_lambda': 1.4713062489380356e-06}. Best is trial 8 with value: -0.010639066875655509.
[I 2026-06-01 11:04:50,200] Trial 9 finished with value: -0.11012297092239698 and parameters: {'confidence_threshold': 0.6202096049169137, 'training_days': 260, 'n_estimators': 350, 'max_depth': 3, 'num_leaves': 21, 'learning_rate': 0.02989540198065364, 'subsample': 0.8307821683331218, 'colsample_bytree': 0.923253112635361, 'min_child_samples': 64, 'reg_alpha': 0.4898604619604203, 'reg_lambda': 2.9076377687066166e-05}. Best is trial 8 with value: -0.010639066875655509.
[I 2026-06-01 11:04:50,714] Trial 10 finished with value: -0.02641894564010281 and parameters: {'confidence_threshold': 0.5342665212695602, 'training_days': 470, 'n_estimators': 493, 'max_depth': 5, 'num_leaves': 30, 'learning_rate': 0.010221918552934462, 'subsample': 0.9182272143313567, 'colsample_bytree': 0.6202684210924141, 'min_child_samples': 44, 'reg_alpha': 1.466506858166308e-08, 'reg_lambda': 0.014616129255130504}. Best is trial 8 with value: -0.010639066875655509.
[I 2026-06-01 11:04:51,232] Trial 11 finished with value: -0.06216410387598672 and parameters: {'confidence_threshold': 0.5053494267891926, 'training_days': 500, 'n_estimators': 493, 'max_depth': 5, 'num_leaves': 27, 'learning_rate': 0.010535067237031162, 'subsample': 0.9447929548549752, 'colsample_bytree': 0.6012148974081734, 'min_child_samples': 42, 'reg_alpha': 1.0433308363955559e-08, 'reg_lambda': 0.055007902295957756}. Best is trial 8 with value: -0.010639066875655509.
[I 2026-06-01 11:04:51,756] Trial 12 finished with value: -0.06328424760932336 and parameters: {'confidence_threshold': 0.5118092925906144, 'training_days': 380, 'n_estimators': 498, 'max_depth': 5, 'num_leaves': 32, 'learning_rate': 0.13644045868674423, 'subsample': 0.8941395335595879, 'colsample_bytree': 0.6669454130036883, 'min_child_samples': 42, 'reg_alpha': 1.5848406515932054e-08, 'reg_lambda': 0.014975508821979377}. Best is trial 8 with value: -0.010639066875655509.
[I 2026-06-01 11:04:51,791] Trial 13 finished with value: -0.00334037803048548 and parameters: {'confidence_threshold': 0.588632291584897, 'training_days': 10, 'n_estimators': 426, 'max_depth': 5, 'num_leaves': 28, 'learning_rate': 0.14044566672476927, 'subsample': 0.8759730957086299, 'colsample_bytree': 0.5443982906148261, 'min_child_samples': 43, 'reg_alpha': 5.194653136028603e-07, 'reg_lambda': 5.233134334068283e-07}. Best is trial 13 with value: -0.00334037803048548.
[I 2026-06-01 11:04:51,827] Trial 14 finished with value: -0.12283802457937207 and parameters: {'confidence_threshold': 0.594171866110712, 'training_days': 20, 'n_estimators': 419, 'max_depth': 5, 'num_leaves': 15, 'learning_rate': 0.14345260783595234, 'subsample': 0.8528016192869927, 'colsample_bytree': 0.5034139861451107, 'min_child_samples': 49, 'reg_alpha': 1.321415873390263e-06, 'reg_lambda': 3.548443966396554e-07}. Best is trial 13 with value: -0.00334037803048548.
[I 2026-06-01 11:04:51,855] Trial 15 finished with value: -1.9944304387257508 and parameters: {'confidence_threshold': 0.6703603468829245, 'training_days': 10, 'n_estimators': 277, 'max_depth': 4, 'num_leaves': 25, 'learning_rate': 0.14219988067930692, 'subsample': 0.7174911982969732, 'colsample_bytree': 0.7085539535995087, 'min_child_samples': 33, 'reg_alpha': 5.011892081220446e-07, 'reg_lambda': 7.24119090887715e-07}. Best is trial 13 with value: -0.00334037803048548.
[I 2026-06-01 11:04:52,218] Trial 16 finished with value: -0.06454328049679521 and parameters: {'confidence_threshold': 0.6354410032461685, 'training_days': 350, 'n_estimators': 430, 'max_depth': 5, 'num_leaves': 36, 'learning_rate': 0.04976648404627414, 'subsample': 0.8785993366340507, 'colsample_bytree': 0.5092292594919029, 'min_child_samples': 52, 'reg_alpha': 1.5574845105570906e-07, 'reg_lambda': 7.109910606178411e-07}. Best is trial 13 with value: -0.00334037803048548.
[I 2026-06-01 11:04:52,331] Trial 17 finished with value: -0.0343379905530733 and parameters: {'confidence_threshold': 0.5704538110203498, 'training_days': 70, 'n_estimators': 264, 'max_depth': 5, 'num_leaves': 37, 'learning_rate': 0.09997095025047835, 'subsample': 0.7739050703330219, 'colsample_bytree': 0.5627312450987496, 'min_child_samples': 36, 'reg_alpha': 0.031339913113165224, 'reg_lambda': 0.0007779641644986778}. Best is trial 13 with value: -0.00334037803048548.
[I 2026-06-01 11:04:52,569] A new study created in memory with name: no-name-2f14bc61-f693-4952-b1c1-845ff0e80d11
[I 2026-06-01 11:04:52,772] Trial 0 finished with value: -0.04011682963878027 and parameters: {'confidence_threshold': 0.5870645682749857, 'training_days': 90, 'n_estimators': 403, 'max_depth': 5, 'num_leaves': 45, 'learning_rate': 0.0780457193679974, 'subsample': 0.9428509515574568, 'colsample_bytree': 0.8795587339164916, 'min_child_samples': 34, 'reg_alpha': 2.2465901234314442e-07, 'reg_lambda': 8.339007036475363e-05}. Best is trial 0 with value: -0.04011682963878027.
[I 2026-06-01 11:04:52,878] Trial 1 finished with value: -0.08783486031278023 and parameters: {'confidence_threshold': 0.6348453934275313, 'training_days': 290, 'n_estimators': 115, 'max_depth': 5, 'num_leaves': 37, 'learning_rate': 0.06949568759029946, 'subsample': 0.8228505074024268, 'colsample_bytree': 0.8616703220431751, 'min_child_samples': 75, 'reg_alpha': 4.2486822725010923e-07, 'reg_lambda': 1.157247767047042e-07}. Best is trial 0 with value: -0.04011682963878027.
[I 2026-06-01 11:04:52,901] Trial 2 finished with value: -0.00334037803048548 and parameters: {'confidence_threshold': 0.5849570384370288, 'training_days': 10, 'n_estimators': 212, 'max_depth': 3, 'num_leaves': 41, 'learning_rate': 0.18452095998378365, 'subsample': 0.6001060822924371, 'colsample_bytree': 0.5673167293506167, 'min_child_samples': 37, 'reg_alpha': 5.733250064217131, 'reg_lambda': 0.5308454292595461}. Best is trial 2 with value: -0.00334037803048548.
[I 2026-06-01 11:04:52,985] Trial 3 finished with value: -0.12432804912108106 and parameters: {'confidence_threshold': 0.6868248626683718, 'training_days': 220, 'n_estimators': 134, 'max_depth': 3, 'num_leaves': 45, 'learning_rate': 0.033529007907491595, 'subsample': 0.8647277071858408, 'colsample_bytree': 0.778494116634046, 'min_child_samples': 96, 'reg_alpha': 2.409409937265785e-07, 'reg_lambda': 1.1642073478060009}. Best is trial 2 with value: -0.00334037803048548.
[I 2026-06-01 11:04:53,066] Trial 4 finished with value: -0.043845929682907 and parameters: {'confidence_threshold': 0.5623121348350352, 'training_days': 300, 'n_estimators': 69, 'max_depth': 4, 'num_leaves': 32, 'learning_rate': 0.14967629360700346, 'subsample': 0.5054535233636654, 'colsample_bytree': 0.7401385194659216, 'min_child_samples': 27, 'reg_alpha': 1.4212042567426725e-07, 'reg_lambda': 0.23605753701352003}. Best is trial 2 with value: -0.00334037803048548.
[I 2026-06-01 11:04:53,483] Trial 5 finished with value: -0.07617067561738998 and parameters: {'confidence_threshold': 0.7111850244908446, 'training_days': 490, 'n_estimators': 362, 'max_depth': 5, 'num_leaves': 40, 'learning_rate': 0.05960785724162737, 'subsample': 0.5589714368907717, 'colsample_bytree': 0.6659006943232806, 'min_child_samples': 42, 'reg_alpha': 0.6741360303045295, 'reg_lambda': 6.054601607143087e-08}. Best is trial 2 with value: -0.00334037803048548.
[I 2026-06-01 11:04:53,674] Trial 6 finished with value: -0.0745791435895439 and parameters: {'confidence_threshold': 0.667482545748023, 'training_days': 420, 'n_estimators': 279, 'max_depth': 3, 'num_leaves': 45, 'learning_rate': 0.040099592560849204, 'subsample': 0.8563114696415159, 'colsample_bytree': 0.5442917781944105, 'min_child_samples': 50, 'reg_alpha': 1.6407916423707903e-08, 'reg_lambda': 2.935907642973286e-05}. Best is trial 2 with value: -0.00334037803048548.
[I 2026-06-01 11:04:53,835] Trial 7 finished with value: -0.04967842828782337 and parameters: {'confidence_threshold': 0.5497381024139926, 'training_days': 120, 'n_estimators': 408, 'max_depth': 5, 'num_leaves': 38, 'learning_rate': 0.28049122657745795, 'subsample': 0.8806573338635493, 'colsample_bytree': 0.5454054113547102, 'min_child_samples': 63, 'reg_alpha': 0.01263008637940408, 'reg_lambda': 0.04588020805366937}. Best is trial 2 with value: -0.00334037803048548.
[I 2026-06-01 11:04:54,105] Trial 8 finished with value: -0.0704994328934615 and parameters: {'confidence_threshold': 0.719644804808716, 'training_days': 450, 'n_estimators': 410, 'max_depth': 4, 'num_leaves': 57, 'learning_rate': 0.04022026551478857, 'subsample': 0.5336085426932707, 'colsample_bytree': 0.5705742850577543, 'min_child_samples': 100, 'reg_alpha': 5.916398047912201e-07, 'reg_lambda': 0.9794034214488329}. Best is trial 2 with value: -0.00334037803048548.
