[I 2026-06-01 11:02:24,389] Trial 17 finished with value: -0.020637651057811048 and parameters: {'confidence_threshold': 0.5596136122202904, 'training_days': 10, 'n_estimators': 167, 'max_depth': 4, 'num_leaves': 23, 'learning_rate': 0.1913942156766461, 'subsample': 0.9272655966967175, 'colsample_bytree': 0.6675732857585037, 'min_child_samples': 33, 'reg_alpha': 1.1107357670623325e-05, 'reg_lambda': 0.018101139648669336}. Best is trial 2 with value: -0.020637651057811048.

    [trial 0] Sharpe=-0.1067 (folds: -0.0890, -0.0853, -0.0839, -0.1426, -0.1325)
    [trial 1] 46 features, training_days=290 | threshold=0.635 | labels: 1069 long, 1099 short (49/51%)
    [trial 1] Sharpe=-0.1373 (folds: -0.0820, 0.0716, 0.0330, -0.3037, -0.4054)
    [trial 2] 46 features, training_days=10 | threshold=0.585 | labels: 1069 long, 1099 short (49/51%)
    [trial 2] Sharpe=-0.0206 (folds: -0.0560, -0.0726, 0.0219, 0.2482, -0.2446)
    [trial 3] 46 features, training_days=220 | threshold=0.687 | labels: 1069 long, 1099 short (49/51%)
    [trial 3] Sharpe=-0.1394 (folds: -0.1232, 0.0827, -0.0270, -0.5294, -0.1004)
    [trial 4] 46 features, training_days=300 | threshold=0.562 | labels: 1069 long, 1099 short (49/51%)
    [trial 4] Sharpe=-0.0595 (folds: -0.0117, 0.0735, 0.0585, -0.1629, -0.2549)
    [trial 5] 46 features, training_days=490 | threshold=0.711 | labels: 1069 long, 1099 short (49/51%)
    [trial 5] Sharpe=-0.0458 (folds: -0.0294, 0.0883, -0.0413, -0.0212, -0.2254)
    [trial 6] 46 features, training_days=420 | threshold=0.667 | labels: 1069 long, 1099 short (49/51%)
    [trial 6] Sharpe=-0.0824 (folds: 0.0002, 0.0902, -0.0137, -0.1779, -0.3108)
    [trial 7] 46 features, training_days=120 | threshold=0.550 | labels: 1069 long, 1099 short (49/51%)
    [trial 7] Sharpe=-0.0346 (folds: -0.0233, -0.0129, 0.0152, -0.1073, -0.0445)
    [trial 8] 46 features, training_days=450 | threshold=0.720 | labels: 1069 long, 1099 short (49/51%)
    [trial 8] Sharpe=-0.1098 (folds: -0.1011, 0.0328, -0.0761, -0.1922, -0.2121)
    [trial 9] 46 features, training_days=20 | threshold=0.727 | labels: 1069 long, 1099 short (49/51%)
    [trial 9] Sharpe=-3.9572 (folds: -0.0560, -10.0000, 0.0219, 0.2482, -10.0000)
    [trial 10] 46 features, training_days=10 | threshold=0.840 | labels: 1069 long, 1099 short (49/51%)
    [trial 10] Sharpe=-1.9717 (folds: -0.0560, -0.0726, 0.0219, 0.2482, -10.0000)
    [trial 11] 46 features, training_days=130 | threshold=0.538 | labels: 1069 long, 1099 short (49/51%)
    [trial 11] Sharpe=-0.0513 (folds: 0.0055, -0.0686, 0.0553, -0.1599, -0.0888)
    [trial 12] 46 features, training_days=140 | threshold=0.513 | labels: 1069 long, 1099 short (49/51%)
    [trial 12] Sharpe=-0.0930 (folds: 0.0010, -0.0631, -0.0462, -0.2007, -0.1559)
    [trial 13] 46 features, training_days=80 | threshold=0.604 | labels: 1069 long, 1099 short (49/51%)
    [trial 13] Sharpe=-0.0530 (folds: -0.0712, -0.0937, 0.0758, -0.1501, -0.0257)
    [trial 14] 46 features, training_days=210 | threshold=0.506 | labels: 1069 long, 1099 short (49/51%)
    [trial 14] Sharpe=-0.0586 (folds: 0.0116, 0.0966, 0.0558, -0.2176, -0.2396)
    [trial 15] 46 features, training_days=70 | threshold=0.613 | labels: 1069 long, 1099 short (49/51%)
    [trial 15] Sharpe=-0.2412 (folds: -0.0657, -0.1617, -0.8240, -0.0901, -0.0644)
    [trial 16] 46 features, training_days=170 | threshold=0.781 | labels: 1069 long, 1099 short (49/51%)
    [trial 16] Sharpe=-0.0663 (folds: 0.0363, -0.0299, 0.0293, -0.1487, -0.2186)
    [trial 17] 46 features, training_days=10 | threshold=0.560 | labels: 1069 long, 1099 short (49/51%)
    [trial 17] Sharpe=-0.0206 (folds: -0.0560, -0.0726, 0.0219, 0.2482, -0.2446)
  Optuna: 18 trials, best Sharpe = -0.0206
  Best params: n_estimators=212, max_depth=3, lr=0.1845, leaves=41
  Best confidence_threshold: 0.585
  Best training_days: 10
  Retrained on full data (30 samples, 46 features)
  OOD: 16 features, cutoff (q=0.7) = 13.79
  Model trained for 2022-12: 93 test candles with features, confidence_threshold=0.588
[predict] 2022-12-01 00:00 DOTUSDT → SHORT (proba=0.77 TP=9.6%/SL=4.8%)
[trade:open] 2022-12-01 07:59 DOTUSDT SHORT @ 5.37 | SL=5.63 TP=4.85 | timeout=2022-12-08 07:59
[trade:close] 2022-12-02 15:59 DOTUSDT SHORT → stop_loss @ 5.63 | PnL=-4.81% (net -4.91%) | cum=-12.19% 2022-12=-4.91% 2022-12-02=-4.91%
[predict] 2022-12-03 08:00 DOTUSDT → SHORT (proba=0.76 TP=8.5%/SL=4.3%)
[trade:open] 2022-12-03 15:59 DOTUSDT SHORT @ 5.55 | SL=5.79 TP=5.08 | timeout=2022-12-10 15:59
[trade:close] 2022-12-10 16:00 DOTUSDT SHORT → timeout @ 5.31 | PnL=+4.23% (net +4.13%) | cum=-8.05% 2022-12=-0.78% 2022-12-10=+4.13%
[predict] 2022-12-11 08:00 DOTUSDT → SHORT (proba=0.83 TP=5.8%/SL=2.9%)
[trade:open] 2022-12-11 15:59 DOTUSDT SHORT @ 5.29 | SL=5.45 TP=4.99 | timeout=2022-12-18 15:59
[trade:close] 2022-12-13 07:59 DOTUSDT SHORT → take_profit @ 4.99 | PnL=+5.77% (net +5.67%) | cum=-2.38% 2022-12=+4.89% 2022-12-13=+5.67%
[predict] 2022-12-14 00:00 DOTUSDT → SHORT (proba=0.79 TP=7.5%/SL=3.8%)
[trade:open] 2022-12-14 07:59 DOTUSDT SHORT @ 5.29 | SL=5.49 TP=4.89 | timeout=2022-12-21 07:59
[trade:close] 2022-12-16 23:59 DOTUSDT SHORT → take_profit @ 4.89 | PnL=+7.52% (net +7.42%) | cum=+5.03% 2022-12=+12.30% 2022-12-16=+7.42%
[predict] 2022-12-20 00:00 DOTUSDT → SHORT (proba=0.83 TP=9.9%/SL=5.0%)
[trade:open] 2022-12-20 07:59 DOTUSDT SHORT @ 4.60 | SL=4.83 TP=4.15 | timeout=2022-12-27 07:59
[trade:close] 2022-12-27 08:00 DOTUSDT SHORT → timeout @ 4.52 | PnL=+1.74% (net +1.64%) | cum=+6.67% 2022-12=+13.94% 2022-12-27=+1.64%
[predict] 2022-12-29 00:00 DOTUSDT → SHORT (proba=0.73 TP=7.6%/SL=3.8%)
[trade:open] 2022-12-29 07:59 DOTUSDT SHORT @ 4.32 | SL=4.48 TP=3.99 | timeout=2023-01-05 07:59
[lgbm] === Training for 2023-01 ===
  Train window: 2021-01-01 → 2022-12-24
  2168 training samples from 1 symbols
  Samples per month: 2021-01: 93, 2021-02: 84, 2021-03: 93, 2021-04: 90, 2021-05: 93, 2021-06: 90, 2021-07: 93, 2021-08: 93, 2021-09: 90, 2021-10: 93, 2021-11: 90, 2021-12: 93, 2022-01: 93, 2022-02: 84, 2022-03: 93, 2022-04: 90, 2022-05: 93, 2022-06: 90, 2022-07: 93, 2022-08: 93, 2022-09: 90, 2022-10: 93, 2022-11: 90, 2022-12: 71
  [label] 2021-03-03 16:00 DOTUSDT entry=37.0430 → LONG | long=sl(-12.74%) short=timeout(-1.56%) | scanned=22 | no_tp→fwd_return=+1.4605
  [label] 2021-03-05 16:00 DOTUSDT entry=33.6400 → LONG | long=timeout(+6.79%) short=sl(-13.57%) | scanned=22 | no_tp→fwd_return=+6.8876
  [label] 2021-03-09 16:00 DOTUSDT entry=38.2910 → SHORT | long=sl(-9.22%) short=timeout(+7.35%) | scanned=22 | no_tp→fwd_return=-7.4456
  [label] 2021-04-03 08:00 DOTUSDT entry=43.1230 → SHORT | long=sl(-9.93%) short=timeout(+4.19%) | scanned=22 | no_tp→fwd_return=-4.2947
  [label] 2021-05-25 16:00 DOTUSDT entry=22.1410 → LONG | long=timeout(+2.95%) short=timeout(-3.15%) | scanned=22 | no_tp→fwd_return=+3.0532
  [label] 2021-11-07 16:00 DOTUSDT entry=52.2670 → SHORT | long=sl(-6.79%) short=tp(+13.29%) | scanned=9 | short_tp_only
  [label] 2021-11-11 16:00 DOTUSDT entry=47.4370 → SHORT | long=sl(-9.20%) short=tp(+18.10%) | scanned=14 | short_tp_only
  [label] 2021-11-22 08:00 DOTUSDT entry=40.1980 → SHORT | long=sl(-9.72%) short=tp(+19.14%) | scanned=19 | short_tp_only
  [label] 2022-01-06 08:00 DOTUSDT entry=26.1020 → LONG | long=sl(-10.82%) short=timeout(-1.36%) | scanned=22 | no_tp→fwd_return=+1.2604
  [label] 2022-01-14 16:00 DOTUSDT entry=27.7300 → SHORT | long=sl(-8.51%) short=tp(+16.72%) | scanned=18 | short_tp_only
  [label] 2022-04-15 00:00 DOTUSDT entry=18.1490 → LONG | long=timeout(+0.89%) short=sl(-6.38%) | scanned=22 | no_tp→fwd_return=+0.9863
  [label] 2022-05-17 00:00 DOTUSDT entry=11.0510 → SHORT | long=timeout(-9.78%) short=timeout(+9.58%) | scanned=22 | no_tp→fwd_return=-9.6824
  [label] 2022-06-02 00:00 DOTUSDT entry=9.4790 → SHORT | long=timeout(-2.65%) short=timeout(+2.45%) | scanned=22 | no_tp→fwd_return=-2.5530
  [label] 2022-06-14 16:00 DOTUSDT entry=7.3550 → LONG | long=timeout(+5.35%) short=sl(-12.91%) | scanned=22 | no_tp→fwd_return=+5.4521
  [label] 2022-07-03 08:00 DOTUSDT entry=6.6710 → LONG | long=timeout(+2.01%) short=sl(-8.18%) | scanned=22 | no_tp→fwd_return=+2.1136
  [label] 2022-07-09 16:00 DOTUSDT entry=7.2500 → SHORT | long=sl(-6.22%) short=tp(+12.15%) | scanned=8 | short_tp_only
  [label] 2022-07-22 00:00 DOTUSDT entry=7.6730 → LONG | long=sl(-8.10%) short=timeout(-4.23%) | scanned=22 | no_tp→fwd_return=+4.1314
  [label] 2022-08-30 08:00 DOTUSDT entry=7.0260 → LONG | long=timeout(+7.64%) short=sl(-6.86%) | scanned=22 | no_tp→fwd_return=+7.7427[I 2026-06-01 11:02:24,739] A new study created in memory with name: no-name-042275fa-811f-4586-aeed-3be9d85380b9
[I 2026-06-01 11:02:25,079] Trial 0 finished with value: -0.07095199167596578 and parameters: {'confidence_threshold': 0.6310890415965769, 'training_days': 480, 'n_estimators': 380, 'max_depth': 4, 'num_leaves': 22, 'learning_rate': 0.01699897838270077, 'subsample': 0.5290418060840998, 'colsample_bytree': 0.9330880728874675, 'min_child_samples': 68, 'reg_alpha': 0.023585940584142682, 'reg_lambda': 1.5320059381854043e-08}. Best is trial 0 with value: -0.07095199167596578.
[I 2026-06-01 11:02:25,194] Trial 1 finished with value: -2.1040570622412003 and parameters: {'confidence_threshold': 0.839468448256698, 'training_days': 420, 'n_estimators': 145, 'max_depth': 3, 'num_leaves': 23, 'learning_rate': 0.028145092716060652, 'subsample': 0.762378215816119, 'colsample_bytree': 0.7159725093210578, 'min_child_samples': 43, 'reg_alpha': 0.0032112643094417484, 'reg_lambda': 1.8007140198129195e-07}. Best is trial 0 with value: -0.07095199167596578.
[I 2026-06-01 11:02:25,337] Trial 2 finished with value: -0.0660378770194162 and parameters: {'confidence_threshold': 0.6022506269873263, 'training_days': 190, 'n_estimators': 255, 'max_depth': 5, 'num_leaves': 24, 'learning_rate': 0.05748924681991978, 'subsample': 0.7962072844310213, 'colsample_bytree': 0.5232252063599989, 'min_child_samples': 69, 'reg_alpha': 3.425445902633376e-07, 'reg_lambda': 3.850031979199519e-08}. Best is trial 2 with value: -0.0660378770194162.
[I 2026-06-01 11:02:25,618] Trial 3 finished with value: -0.0547975538777266 and parameters: {'confidence_threshold': 0.8321099380386666, 'training_days': 490, 'n_estimators': 414, 'max_depth': 3, 'num_leaves': 19, 'learning_rate': 0.1024932221692416, 'subsample': 0.7200762468698007, 'colsample_bytree': 0.5610191174223894, 'min_child_samples': 60, 'reg_alpha': 2.039373116525212e-08, 'reg_lambda': 1.527156759251193}. Best is trial 3 with value: -0.0547975538777266.
[I 2026-06-01 11:02:25,766] Trial 4 finished with value: -0.12220897184577506 and parameters: {'confidence_threshold': 0.5905729935600059, 'training_days': 340, 'n_estimators': 190, 'max_depth': 4, 'num_leaves': 41, 'learning_rate': 0.01875220945578641, 'subsample': 0.9847923138822793, 'colsample_bytree': 0.8875664116805573, 'min_child_samples': 96, 'reg_alpha': 1.1309571585271483, 'reg_lambda': 0.002404915432737351}. Best is trial 3 with value: -0.0547975538777266.
[I 2026-06-01 11:02:25,807] Trial 5 finished with value: -0.061419011295330374 and parameters: {'confidence_threshold': 0.8226559822580909, 'training_days': 50, 'n_estimators': 138, 'max_depth': 3, 'num_leaves': 30, 'learning_rate': 0.03750796359625606, 'subsample': 0.6356745158869479, 'colsample_bytree': 0.9143687545759647, 'min_child_samples': 48, 'reg_alpha': 3.376063348877853e-06, 'reg_lambda': 0.0007660634613082914}. Best is trial 3 with value: -0.0547975538777266.
[I 2026-06-01 11:02:25,910] Trial 6 finished with value: -0.019388691552450422 and parameters: {'confidence_threshold': 0.5493234787411669, 'training_days': 410, 'n_estimators': 83, 'max_depth': 5, 'num_leaves': 52, 'learning_rate': 0.019657448966046126, 'subsample': 0.5027610585618012, 'colsample_bytree': 0.9077307142274171, 'min_child_samples': 77, 'reg_alpha': 0.03639690979811287, 'reg_lambda': 0.08738424135626986}. Best is trial 6 with value: -0.019388691552450422.
[I 2026-06-01 11:02:26,006] Trial 7 finished with value: -0.04007105084078301 and parameters: {'confidence_threshold': 0.5259156281069316, 'training_days': 180, 'n_estimators': 102, 'max_depth': 5, 'num_leaves': 45, 'learning_rate': 0.030816017044468066, 'subsample': 0.5317791751430119, 'colsample_bytree': 0.6554911608578311, 'min_child_samples': 46, 'reg_alpha': 0.036851536911881845, 'reg_lambda': 0.005470376807480391}. Best is trial 6 with value: -0.019388691552450422.
[I 2026-06-01 11:02:26,103] Trial 8 finished with value: -0.1513613316149689 and parameters: {'confidence_threshold': 0.8105244599017143, 'training_days': 240, 'n_estimators': 103, 'max_depth': 5, 'num_leaves': 52, 'learning_rate': 0.06746437142284309, 'subsample': 0.8854835899772805, 'colsample_bytree': 0.7468977981821954, 'min_child_samples': 62, 'reg_alpha': 7.04480806377519e-05, 'reg_lambda': 1.6934490731313353e-08}. Best is trial 6 with value: -0.019388691552450422.
[I 2026-06-01 11:02:26,125] Trial 9 finished with value: -2.008627642664729 and parameters: {'confidence_threshold': 0.5377619994476566, 'training_days': 20, 'n_estimators': 337, 'max_depth': 3, 'num_leaves': 39, 'learning_rate': 0.21907142272152816, 'subsample': 0.6246461145744375, 'colsample_bytree': 0.7051914615178149, 'min_child_samples': 81, 'reg_alpha': 1.1459970229341322e-06, 'reg_lambda': 4.929685216887945e-08}. Best is trial 6 with value: -0.019388691552450422.
[I 2026-06-01 11:02:26,758] Trial 10 finished with value: -0.13812897037469643 and parameters: {'confidence_threshold': 0.7378545837642324, 'training_days': 350, 'n_estimators': 487, 'max_depth': 5, 'num_leaves': 62, 'learning_rate': 0.011407797829608154, 'subsample': 0.628963476300746, 'colsample_bytree': 0.8340915966600303, 'min_child_samples': 27, 'reg_alpha': 8.536188349289, 'reg_lambda': 8.145051292774586}. Best is trial 6 with value: -0.019388691552450422.
[I 2026-06-01 11:02:26,811] Trial 11 finished with value: -0.15683258907173883 and parameters: {'confidence_threshold': 0.5031729138375424, 'training_days': 150, 'n_estimators': 68, 'max_depth': 5, 'num_leaves': 51, 'learning_rate': 0.034281431052084296, 'subsample': 0.5039181992850618, 'colsample_bytree': 0.6334955364726846, 'min_child_samples': 85, 'reg_alpha': 0.12337102992538133, 'reg_lambda': 0.041461927055041085}. Best is trial 6 with value: -0.019388691552450422.
[I 2026-06-01 11:02:27,066] Trial 12 finished with value: -0.15254276621052973 and parameters: {'confidence_threshold': 0.5480546783766836, 'training_days': 310, 'n_estimators': 211, 'max_depth': 4, 'num_leaves': 50, 'learning_rate': 0.011371606828587318, 'subsample': 0.5707355051389618, 'colsample_bytree': 0.9955462072303609, 'min_child_samples': 20, 'reg_alpha': 0.0005730546360164263, 'reg_lambda': 5.884123677625385e-06}. Best is trial 6 with value: -0.019388691552450422.
[I 2026-06-01 11:02:27,120] Trial 13 finished with value: -0.17970394001218176 and parameters: {'confidence_threshold': 0.6944221668074981, 'training_days': 100, 'n_estimators': 60, 'max_depth': 5, 'num_leaves': 62, 'learning_rate': 0.02073940388382524, 'subsample': 0.5015659936000846, 'colsample_bytree': 0.8155421717694826, 'min_child_samples': 43, 'reg_alpha': 0.08123583494354933, 'reg_lambda': 0.06231998885267129}. Best is trial 6 with value: -0.019388691552450422.
[I 2026-06-01 11:02:27,238] Trial 14 finished with value: -0.09656052567902815 and parameters: {'confidence_threshold': 0.6573339635765072, 'training_days': 240, 'n_estimators': 176, 'max_depth': 4, 'num_leaves': 42, 'learning_rate': 0.1023395437286521, 'subsample': 0.6921978229492781, 'colsample_bytree': 0.640069109871422, 'min_child_samples': 81, 'reg_alpha': 0.00492838973466057, 'reg_lambda': 0.025275950069147683}. Best is trial 6 with value: -0.019388691552450422.
[I 2026-06-01 11:02:27,510] Trial 15 finished with value: -0.027620527142469976 and parameters: {'confidence_threshold': 0.5032052028310184, 'training_days': 400, 'n_estimators': 251, 'max_depth': 5, 'num_leaves': 34, 'learning_rate': 0.03720353654668722, 'subsample': 0.5846000995232821, 'colsample_bytree': 0.8100744538922787, 'min_child_samples': 48, 'reg_alpha': 8.430542834627463e-05, 'reg_lambda': 7.482879404932238e-05}. Best is trial 6 with value: -0.019388691552450422.
[I 2026-06-01 11:02:27,785] Trial 16 finished with value: -0.0026262935807440184 and parameters: {'confidence_threshold': 0.5767098739878863, 'training_days': 410, 'n_estimators': 293, 'max_depth': 4, 'num_leaves': 34, 'learning_rate': 0.27985815851978163, 'subsample': 0.6022959818573481, 'colsample_bytree': 0.8157243992757577, 'min_child_samples': 34, 'reg_alpha': 7.847123733552038e-05, 'reg_lambda': 5.604190238592203e-06}. Best is trial 16 with value: -0.0026262935807440184.
[I 2026-06-01 11:02:28,108] Trial 17 finished with value: -0.012107521866403539 and parameters: {'confidence_threshold': 0.5786854410357486, 'training_days': 410, 'n_estimators': 314, 'max_depth': 4, 'num_leaves': 32, 'learning_rate': 0.28445724050241195, 'subsample': 0.6714947091972113, 'colsample_bytree': 0.9956385980717998, 'min_child_samples': 36, 'reg_alpha': 2.087192534114104e-05, 'reg_lambda': 2.263350769506916e-05}. Best is trial 16 with value: -0.0026262935807440184.
[I 2026-06-01 11:02:28,243] A new study created in memory with name: no-name-56ff8f59-4dc2-46b3-859b-2071e9f2f772
[I 2026-06-01 11:02:28,337] Trial 0 finished with value: -0.09600793056322257 and parameters: {'confidence_threshold': 0.7437642149592516, 'training_days': 150, 'n_estimators': 152, 'max_depth': 4, 'num_leaves': 50, 'learning_rate': 0.04216766425047743, 'subsample': 0.9903820991923078, 'colsample_bytree': 0.8424148692924316, 'min_child_samples': 58, 'reg_alpha': 3.381097259762742e-05, 'reg_lambda': 1.2263152961306247e-05}. Best is trial 0 with value: -0.09600793056322257.
[I 2026-06-01 11:02:28,406] Trial 1 finished with value: -0.08265695709399062 and parameters: {'confidence_threshold': 0.7551673975844145, 'training_days': 220, 'n_estimators': 76, 'max_depth': 4, 'num_leaves': 51, 'learning_rate': 0.018602118810743477, 'subsample': 0.5877258780737462, 'colsample_bytree': 0.7657756869209191, 'min_child_samples': 63, 'reg_alpha': 0.005123994170264194, 'reg_lambda': 0.44145470178120466}. Best is trial 1 with value: -0.08265695709399062.
[I 2026-06-01 11:02:28,650] Trial 2 finished with value: -0.16976144625257025 and parameters: {'confidence_threshold': 0.7535593637012223, 'training_days': 310, 'n_estimators': 375, 'max_depth': 3, 'num_leaves': 32, 'learning_rate': 0.021735641882032388, 'subsample': 0.6468570231944146, 'colsample_bytree': 0.8154880619272439, 'min_child_samples': 27, 'reg_alpha': 8.004064028491336e-05, 'reg_lambda': 7.546835261630524e-05}. Best is trial 1 with value: -0.08265695709399062.
[I 2026-06-01 11:02:28,824] Trial 3 finished with value: -0.06519077501647359 and parameters: {'confidence_threshold': 0.6727897841776072, 'training_days': 220, 'n_estimators': 190, 'max_depth': 4, 'num_leaves': 58, 'learning_rate': 0.24810689332636193, 'subsample': 0.7509183379421682, 'colsample_bytree': 0.8119764758960556, 'min_child_samples': 29, 'reg_alpha': 7.1708285081421445e-06, 'reg_lambda': 5.412973582738627e-05}. Best is trial 3 with value: -0.06519077501647359.
[I 2026-06-01 11:02:28,931] Trial 4 finished with value: -0.1435087382109425 and parameters: {'confidence_threshold': 0.803208205259178, 'training_days': 130, 'n_estimators': 267, 'max_depth': 5, 'num_leaves': 40, 'learning_rate': 0.08041175317374143, 'subsample': 0.5603143329951619, 'colsample_bytree': 0.9131704002534167, 'min_child_samples': 68, 'reg_alpha': 0.0008046593428183385, 'reg_lambda': 1.2158346158765583e-05}. Best is trial 3 with value: -0.06519077501647359.
[I 2026-06-01 11:02:29,190] Trial 5 finished with value: -0.0553852865603288 and parameters: {'confidence_threshold': 0.6064422761595144, 'training_days': 210, 'n_estimators': 357, 'max_depth': 5, 'num_leaves': 40, 'learning_rate': 0.0974221287220869, 'subsample': 0.7929682762811064, 'colsample_bytree': 0.8124517510478, 'min_child_samples': 74, 'reg_alpha': 0.3811377260781234, 'reg_lambda': 5.607314238392041e-08}. Best is trial 5 with value: -0.0553852865603288.
[I 2026-06-01 11:02:29,303] Trial 6 finished with value: -0.07171973113197133 and parameters: {'confidence_threshold': 0.7672889945051684, 'training_days': 130, 'n_estimators': 137, 'max_depth': 4, 'num_leaves': 19, 'learning_rate': 0.2031117614248665, 'subsample': 0.8136244860256343, 'colsample_bytree': 0.8617081790949774, 'min_child_samples': 21, 'reg_alpha': 0.002238138278733199, 'reg_lambda': 0.001025809534977322}. Best is trial 5 with value: -0.0553852865603288.
[I 2026-06-01 11:02:29,377] Trial 7 finished with value: -0.10936643655227478 and parameters: {'confidence_threshold': 0.555635875450653, 'training_days': 80, 'n_estimators': 363, 'max_depth': 3, 'num_leaves': 48, 'learning_rate': 0.06590089024008658, 'subsample': 0.6944752870615722, 'colsample_bytree': 0.962566244806993, 'min_child_samples': 88, 'reg_alpha': 1.6465620446426067e-05, 'reg_lambda': 2.4678750890085655e-08}. Best is trial 5 with value: -0.0553852865603288.
[I 2026-06-01 11:02:29,691] Trial 8 finished with value: -0.032831358305765265 and parameters: {'confidence_threshold': 0.6066688256938841, 'training_days': 200, 'n_estimators': 367, 'max_depth': 5, 'num_leaves': 32, 'learning_rate': 0.13377519215934996, 'subsample': 0.7965884582811106, 'colsample_bytree': 0.8458508993500886, 'min_child_samples': 32, 'reg_alpha': 3.889436043816386e-05, 'reg_lambda': 1.4713062489380356e-06}. Best is trial 8 with value: -0.032831358305765265.
