[I 2026-06-01 11:03:37,187] Trial 6 finished with value: -0.14869849811933342 and parameters: {'confidence_threshold': 0.7672889945051684, 'training_days': 130, 'n_estimators': 137, 'max_depth': 4, 'num_leaves': 19, 'learning_rate': 0.2031117614248665, 'subsample': 0.8136244860256343, 'colsample_bytree': 0.8617081790949774, 'min_child_samples': 21, 'reg_alpha': 0.002238138278733199, 'reg_lambda': 0.001025809534977322}. Best is trial 4 with value: -0.07178643401379066.

  [label] 2021-12-23 16:00 DOTUSDT entry=29.1440 → SHORT | long=sl(-8.18%) short=sl(-8.18%) | scanned=18 | no_tp→fwd_return=-8.0771
  [label] 2022-06-07 16:00 DOTUSDT entry=9.2160 → SHORT | long=sl(-7.93%) short=tp(+15.56%) | scanned=13 | short_tp_only
  [label] 2022-06-11 16:00 DOTUSDT entry=8.0320 → SHORT | long=sl(-9.32%) short=tp(+18.34%) | scanned=5 | short_tp_only
  [label] 2022-06-22 08:00 DOTUSDT entry=7.5160 → SHORT | long=timeout(-4.50%) short=sl(-11.84%) | scanned=22 | no_tp→fwd_return=-4.4039
  [label] 2022-08-06 08:00 DOTUSDT entry=8.6920 → LONG | long=timeout(+8.87%) short=sl(-7.74%) | scanned=22 | no_tp→fwd_return=+8.9738
  [label] 2022-08-14 16:00 DOTUSDT entry=8.9490 → SHORT | long=sl(-6.81%) short=tp(+13.32%) | scanned=13 | short_tp_only
  [label] 2022-11-13 00:00 DOTUSDT entry=5.8800 → SHORT | long=timeout(-4.73%) short=timeout(+4.53%) | scanned=22 | no_tp→fwd_return=-4.6259
  [label] 2022-12-15 00:00 DOTUSDT entry=5.1760 → SHORT | long=sl(-4.16%) short=tp(+8.02%) | scanned=5 | short_tp_only
  [label] 2022-12-31 00:00 DOTUSDT entry=4.3370 → LONG | long=tp(+6.65%) short=sl(-3.47%) | scanned=12 | long_tp_only
  [label] 2023-01-12 16:00 DOTUSDT entry=5.2290 → LONG | long=tp(+8.70%) short=sl(-4.50%) | scanned=4 | long_tp_only
  [label] 2023-01-31 08:00 DOTUSDT entry=6.2720 → LONG | long=tp(+12.07%) short=sl(-6.18%) | scanned=9 | long_tp_only
  [label] 2023-02-06 16:00 DOTUSDT entry=6.4890 → SHORT | long=sl(-6.47%) short=sl(-6.47%) | scanned=9 | no_tp→fwd_return=-3.9914
  [label] 2023-02-19 00:00 DOTUSDT entry=7.3990 → SHORT | long=sl(-6.49%) short=sl(-6.49%) | scanned=10 | no_tp→fwd_return=-6.3792
  [label] 2023-03-30 08:00 DOTUSDT entry=6.1090 → LONG | long=timeout(+3.91%) short=sl(-5.14%) | scanned=22 | no_tp→fwd_return=+4.0105
  [label] 2023-04-09 08:00 DOTUSDT entry=6.1290 → LONG | long=tp(+7.37%) short=sl(-3.84%) | scanned=13 | long_tp_only
  [label] 2023-07-04 08:00 DOTUSDT entry=5.4240 → SHORT | long=sl(-5.25%) short=timeout(+4.99%) | scanned=22 | no_tp→fwd_return=-5.0885
  Labels: 980 long (45.2%), 1188 short (54.8%) | weights: min=1.00, mean=2.98, max=10.00
  Features: 2168/2168 matched, 46 columns
  CV gap: 22 rows
  [ensemble 1/3] seed=42
    [trial 0] 46 features, training_days=480 | threshold=0.631 | labels: 980 long, 1188 short (45/55%)
    [CV fold 0] train_end=2021-11-22 08:00 | val_start=2021-11-30 00:00 | gap=184h (22 rows)
    [CV fold 1] train_end=2022-03-22 16:00 | val_start=2022-03-30 08:00 | gap=184h (22 rows)
    [CV fold 2] train_end=2022-07-21 00:00 | val_start=2022-07-28 16:00 | gap=184h (22 rows)
    [CV fold 3] train_end=2022-11-18 08:00 | val_start=2022-11-26 00:00 | gap=184h (22 rows)
    [CV fold 4] train_end=2023-03-18 16:00 | val_start=2023-03-26 08:00 | gap=184h (22 rows)
    [trial 0] Sharpe=-0.1285 (folds: 0.0071, -0.1701, -0.5628, 0.2029, -0.1196)
    [trial 1] 46 features, training_days=420 | threshold=0.839 | labels: 980 long, 1188 short (45/55%)
    [trial 1] Sharpe=-6.0934 (folds: 0.0453, -0.5122, -10.0000, -10.0000, -10.0000)
    [trial 2] 46 features, training_days=190 | threshold=0.602 | labels: 980 long, 1188 short (45/55%)
    [trial 2] Sharpe=-0.1050 (folds: 0.0160, -0.1809, -0.2817, -0.0119, -0.0665)
    [trial 3] 46 features, training_days=490 | threshold=0.832 | labels: 980 long, 1188 short (45/55%)
    [trial 3] Sharpe=-0.0883 (folds: 0.0470, -0.1183, -0.2936, 0.1220, -0.1986)
    [trial 4] 46 features, training_days=340 | threshold=0.591 | labels: 980 long, 1188 short (45/55%)
    [trial 4] Sharpe=-0.1176 (folds: 0.0041, -0.2457, -0.3497, 0.1337, -0.1303)
    [trial 5] 46 features, training_days=50 | threshold=0.823 | labels: 980 long, 1188 short (45/55%)
    [trial 5] Sharpe=-0.3483 (folds: -0.3027, -0.7171, -0.0717, -0.4618, -0.1882)
    [trial 6] 46 features, training_days=410 | threshold=0.549 | labels: 980 long, 1188 short (45/55%)
    [trial 6] Sharpe=-0.0655 (folds: -0.0133, -0.3084, -0.0206, 0.2220, -0.2071)
    [trial 7] 46 features, training_days=180 | threshold=0.526 | labels: 980 long, 1188 short (45/55%)
    [trial 7] Sharpe=-0.1315 (folds: 0.0126, -0.1438, -0.2768, -0.0849, -0.1646)
    [trial 8] 46 features, training_days=240 | threshold=0.811 | labels: 980 long, 1188 short (45/55%)
    [trial 8] Sharpe=-0.2615 (folds: 0.0309, -0.1803, -0.7982, -0.0484, -0.3114)
    [trial 9] 46 features, training_days=20 | threshold=0.538 | labels: 980 long, 1188 short (45/55%)
    [trial 9] Sharpe=-0.0175 (folds: 0.0184, 0.2398, -0.3127, 0.0468, -0.0799)
    [trial 10] 46 features, training_days=10 | threshold=0.745 | labels: 980 long, 1188 short (45/55%)
    [trial 10] Sharpe=-1.9027 (folds: 0.0184, 0.2398, 0.1815, 0.0468, -10.0000)
    [trial 11] 46 features, training_days=350 | threshold=0.503 | labels: 980 long, 1188 short (45/55%)
    [trial 11] Sharpe=-0.0945 (folds: -0.0165, -0.3450, -0.2350, 0.2182, -0.0945)
    [trial 12] 46 features, training_days=140 | threshold=0.552 | labels: 980 long, 1188 short (45/55%)
    [trial 12] Sharpe=-0.0850 (folds: -0.0190, -0.1896, -0.0869, 0.0047, -0.1341)
    [trial 13] 46 features, training_days=320 | threshold=0.672 | labels: 980 long, 1188 short (45/55%)
    [trial 13] Sharpe=-0.0923 (folds: 0.0019, -0.2242, -0.2184, 0.0400, -0.0606)
    [trial 14] 46 features, training_days=80 | threshold=0.554 | labels: 980 long, 1188 short (45/55%)
    [trial 14] Sharpe=-0.0387 (folds: -0.0002, -0.1111, 0.0210, -0.0436, -0.0595)
    [trial 15] 46 features, training_days=90 | threshold=0.665 | labels: 980 long, 1188 short (45/55%)
    [trial 15] Sharpe=-0.0156 (folds: -0.0367, -0.0083, 0.0932, -0.0212, -0.1051)
    [trial 16] 46 features, training_days=100 | threshold=0.716 | labels: 980 long, 1188 short (45/55%)
    [trial 16] Sharpe=-0.0608 (folds: 0.0206, -0.1368, -0.0312, 0.0012, -0.1578)
    [trial 17] 46 features, training_days=10 | threshold=0.665 | labels: 980 long, 1188 short (45/55%)
    [trial 17] Sharpe=0.0797 (folds: 0.0184, 0.2398, 0.1815, 0.0468, -0.0883)
  Optuna: 18 trials, best Sharpe = 0.0797
  Best params: n_estimators=461, max_depth=3, lr=0.1686, leaves=40
  Best confidence_threshold: 0.665
  Best training_days: 10
  Retrained on full data (30 samples, 46 features)
  [ensemble 2/3] seed=123
    [trial 0] 46 features, training_days=150 | threshold=0.744 | labels: 980 long, 1188 short (45/55%)
    [CV fold 0] train_end=2021-11-22 08:00 | val_start=2021-11-30 00:00 | gap=184h (22 rows)
    [CV fold 1] train_end=2022-03-22 16:00 | val_start=2022-03-30 08:00 | gap=184h (22 rows)
    [CV fold 2] train_end=2022-07-21 00:00 | val_start=2022-07-28 16:00 | gap=184h (22 rows)
    [CV fold 3] train_end=2022-11-18 08:00 | val_start=2022-11-26 00:00 | gap=184h (22 rows)
    [CV fold 4] train_end=2023-03-18 16:00 | val_start=2023-03-26 08:00 | gap=184h (22 rows)
    [trial 0] Sharpe=-0.1191 (folds: 0.0289, -0.2948, -0.2652, -0.0040, -0.0602)
    [trial 1] 46 features, training_days=220 | threshold=0.755 | labels: 980 long, 1188 short (45/55%)
    [trial 1] Sharpe=-4.0621 (folds: 0.0386, -0.3015, -10.0000, -0.0477, -10.0000)
    [trial 2] 46 features, training_days=310 | threshold=0.754 | labels: 980 long, 1188 short (45/55%)
    [trial 2] Sharpe=-0.1709 (folds: 0.0513, -0.2774, -0.3567, 0.0105, -0.2821)
    [trial 3] 46 features, training_days=220 | threshold=0.673 | labels: 980 long, 1188 short (45/55%)
    [trial 3] Sharpe=-0.0945 (folds: 0.0212, -0.1730, -0.2382, -0.0027, -0.0798)
    [trial 4] 46 features, training_days=130 | threshold=0.803 | labels: 980 long, 1188 short (45/55%)
    [trial 4] Sharpe=-0.0718 (folds: 0.0196, -0.1553, -0.0811, 0.1004, -0.2426)
    [trial 5] 46 features, training_days=210 | threshold=0.606 | labels: 980 long, 1188 short (45/55%)
    [trial 5] Sharpe=-0.1208 (folds: -0.0040, -0.1493, -0.3674, -0.0228, -0.0607)
    [trial 6] 46 features, training_days=130 | threshold=0.767 | labels: 980 long, 1188 short (45/55%)
    [trial 6] Sharpe=-0.1487 (folds: 0.0293, -0.2412, -0.2201, -0.0658, -0.2458)
    [trial 7] 46 features, training_days=80 | threshold=0.556 | labels: 980 long, 1188 short (45/55%)
    [trial 7] Sharpe=-0.0648 (folds: -0.0121, -0.1471, -0.0180, -0.0146, -0.1322)[I 2026-06-01 11:03:37,265] Trial 7 finished with value: -0.06479900172833539 and parameters: {'confidence_threshold': 0.555635875450653, 'training_days': 80, 'n_estimators': 363, 'max_depth': 3, 'num_leaves': 48, 'learning_rate': 0.06590089024008658, 'subsample': 0.6944752870615722, 'colsample_bytree': 0.962566244806993, 'min_child_samples': 88, 'reg_alpha': 1.6465620446426067e-05, 'reg_lambda': 2.4678750890085655e-08}. Best is trial 7 with value: -0.06479900172833539.
[I 2026-06-01 11:03:37,595] Trial 8 finished with value: -0.07265868493477677 and parameters: {'confidence_threshold': 0.6066688256938841, 'training_days': 200, 'n_estimators': 367, 'max_depth': 5, 'num_leaves': 32, 'learning_rate': 0.13377519215934996, 'subsample': 0.7965884582811106, 'colsample_bytree': 0.8458508993500886, 'min_child_samples': 32, 'reg_alpha': 3.889436043816386e-05, 'reg_lambda': 1.4713062489380356e-06}. Best is trial 7 with value: -0.06479900172833539.
[I 2026-06-01 11:03:37,813] Trial 9 finished with value: -0.18691417790801396 and parameters: {'confidence_threshold': 0.6202096049169137, 'training_days': 260, 'n_estimators': 350, 'max_depth': 3, 'num_leaves': 21, 'learning_rate': 0.02989540198065364, 'subsample': 0.8307821683331218, 'colsample_bytree': 0.923253112635361, 'min_child_samples': 64, 'reg_alpha': 0.4898604619604203, 'reg_lambda': 2.9076377687066166e-05}. Best is trial 7 with value: -0.06479900172833539.
[I 2026-06-01 11:03:37,847] Trial 10 finished with value: 0.07966254612267205 and parameters: {'confidence_threshold': 0.5248809389721337, 'training_days': 10, 'n_estimators': 493, 'max_depth': 3, 'num_leaves': 63, 'learning_rate': 0.010221918552934462, 'subsample': 0.667749445701178, 'colsample_bytree': 0.6202684210924141, 'min_child_samples': 99, 'reg_alpha': 1.3884210513841762e-08, 'reg_lambda': 0.02273343343290072}. Best is trial 10 with value: 0.07966254612267205.
[I 2026-06-01 11:03:37,879] Trial 11 finished with value: 0.07966254612267205 and parameters: {'confidence_threshold': 0.5048591005447424, 'training_days': 10, 'n_estimators': 493, 'max_depth': 3, 'num_leaves': 63, 'learning_rate': 0.010535067237031162, 'subsample': 0.6714365294218261, 'colsample_bytree': 0.6012148974081734, 'min_child_samples': 100, 'reg_alpha': 1.0389779167265952e-08, 'reg_lambda': 0.024688016606578794}. Best is trial 10 with value: 0.07966254612267205.
[I 2026-06-01 11:03:37,917] Trial 12 finished with value: 0.07966254612267205 and parameters: {'confidence_threshold': 0.5089680977489497, 'training_days': 10, 'n_estimators': 499, 'max_depth': 3, 'num_leaves': 63, 'learning_rate': 0.010201143194486034, 'subsample': 0.6564586022126886, 'colsample_bytree': 0.5773925919454104, 'min_child_samples': 100, 'reg_alpha': 1.3442856058557254e-08, 'reg_lambda': 0.03763104455123277}. Best is trial 10 with value: 0.07966254612267205.
[I 2026-06-01 11:03:38,207] Trial 13 finished with value: -0.05283848873160772 and parameters: {'confidence_threshold': 0.5020409585694433, 'training_days': 480, 'n_estimators': 475, 'max_depth': 3, 'num_leaves': 63, 'learning_rate': 0.010533478929525117, 'subsample': 0.5024707401359401, 'colsample_bytree': 0.6155230039584509, 'min_child_samples': 95, 'reg_alpha': 1.2420006292090873e-08, 'reg_lambda': 0.007333862701978235}. Best is trial 10 with value: 0.07966254612267205.
[I 2026-06-01 11:03:38,247] Trial 14 finished with value: -0.017526270738761406 and parameters: {'confidence_threshold': 0.5530155329303867, 'training_days': 20, 'n_estimators': 436, 'max_depth': 3, 'num_leaves': 56, 'learning_rate': 0.01645102485501106, 'subsample': 0.9182426786262438, 'colsample_bytree': 0.6636612257699344, 'min_child_samples': 82, 'reg_alpha': 2.9711543588675325e-07, 'reg_lambda': 3.032122060391809}. Best is trial 10 with value: 0.07966254612267205.
[I 2026-06-01 11:03:38,351] Trial 15 finished with value: -0.08610350300614503 and parameters: {'confidence_threshold': 0.5551423717289237, 'training_days': 60, 'n_estimators': 433, 'max_depth': 4, 'num_leaves': 56, 'learning_rate': 0.037392478764815176, 'subsample': 0.7121311404443758, 'colsample_bytree': 0.5093920150666754, 'min_child_samples': 46, 'reg_alpha': 5.011892081220446e-07, 'reg_lambda': 0.05138157439645094}. Best is trial 10 with value: 0.07966254612267205.
[I 2026-06-01 11:03:38,521] Trial 16 finished with value: -0.1861037890646506 and parameters: {'confidence_threshold': 0.6739484971538112, 'training_days': 350, 'n_estimators': 279, 'max_depth': 3, 'num_leaves': 45, 'learning_rate': 0.0142468201984381, 'subsample': 0.6259757956590382, 'colsample_bytree': 0.6881351291437867, 'min_child_samples': 89, 'reg_alpha': 4.503429761679348e-07, 'reg_lambda': 0.0015450538149168326}. Best is trial 10 with value: 0.07966254612267205.
[I 2026-06-01 11:03:38,621] Trial 17 finished with value: -0.12252106794261419 and parameters: {'confidence_threshold': 0.5362751837958184, 'training_days': 70, 'n_estimators': 441, 'max_depth': 3, 'num_leaves': 59, 'learning_rate': 0.02985024780159564, 'subsample': 0.7214524466011595, 'colsample_bytree': 0.5225343572251958, 'min_child_samples': 78, 'reg_alpha': 7.76118890684579e-08, 'reg_lambda': 0.2558707972524642}. Best is trial 10 with value: 0.07966254612267205.
[I 2026-06-01 11:03:38,790] A new study created in memory with name: no-name-4cb29ffb-d975-4c4e-aa17-aaccb1efc45f
[I 2026-06-01 11:03:38,982] Trial 0 finished with value: -0.06767408233483944 and parameters: {'confidence_threshold': 0.5870645682749857, 'training_days': 90, 'n_estimators': 403, 'max_depth': 5, 'num_leaves': 45, 'learning_rate': 0.0780457193679974, 'subsample': 0.9428509515574568, 'colsample_bytree': 0.8795587339164916, 'min_child_samples': 34, 'reg_alpha': 2.2465901234314442e-07, 'reg_lambda': 8.339007036475363e-05}. Best is trial 0 with value: -0.06767408233483944.
[I 2026-06-01 11:03:39,098] Trial 1 finished with value: -0.10432535889056879 and parameters: {'confidence_threshold': 0.6348453934275313, 'training_days': 290, 'n_estimators': 115, 'max_depth': 5, 'num_leaves': 37, 'learning_rate': 0.06949568759029946, 'subsample': 0.8228505074024268, 'colsample_bytree': 0.8616703220431751, 'min_child_samples': 75, 'reg_alpha': 4.2486822725010923e-07, 'reg_lambda': 1.157247767047042e-07}. Best is trial 0 with value: -0.06767408233483944.
[I 2026-06-01 11:03:39,121] Trial 2 finished with value: 0.07966254612267205 and parameters: {'confidence_threshold': 0.5849570384370288, 'training_days': 10, 'n_estimators': 212, 'max_depth': 3, 'num_leaves': 41, 'learning_rate': 0.18452095998378365, 'subsample': 0.6001060822924371, 'colsample_bytree': 0.5673167293506167, 'min_child_samples': 37, 'reg_alpha': 5.733250064217131, 'reg_lambda': 0.5308454292595461}. Best is trial 2 with value: 0.07966254612267205.
[I 2026-06-01 11:03:39,199] Trial 3 finished with value: -0.15396216763707793 and parameters: {'confidence_threshold': 0.6868248626683718, 'training_days': 220, 'n_estimators': 134, 'max_depth': 3, 'num_leaves': 45, 'learning_rate': 0.033529007907491595, 'subsample': 0.8647277071858408, 'colsample_bytree': 0.778494116634046, 'min_child_samples': 96, 'reg_alpha': 2.409409937265785e-07, 'reg_lambda': 1.1642073478060009}. Best is trial 2 with value: 0.07966254612267205.
[I 2026-06-01 11:03:39,280] Trial 4 finished with value: -0.09626655748659596 and parameters: {'confidence_threshold': 0.5623121348350352, 'training_days': 300, 'n_estimators': 69, 'max_depth': 4, 'num_leaves': 32, 'learning_rate': 0.14967629360700346, 'subsample': 0.5054535233636654, 'colsample_bytree': 0.7401385194659216, 'min_child_samples': 27, 'reg_alpha': 1.4212042567426725e-07, 'reg_lambda': 0.23605753701352003}. Best is trial 2 with value: 0.07966254612267205.
[I 2026-06-01 11:03:39,708] Trial 5 finished with value: -0.09591058373363924 and parameters: {'confidence_threshold': 0.7111850244908446, 'training_days': 490, 'n_estimators': 362, 'max_depth': 5, 'num_leaves': 40, 'learning_rate': 0.05960785724162737, 'subsample': 0.5589714368907717, 'colsample_bytree': 0.6659006943232806, 'min_child_samples': 42, 'reg_alpha': 0.6741360303045295, 'reg_lambda': 6.054601607143087e-08}. Best is trial 2 with value: 0.07966254612267205.
[I 2026-06-01 11:03:39,881] Trial 6 finished with value: -0.13151168157960577 and parameters: {'confidence_threshold': 0.667482545748023, 'training_days': 420, 'n_estimators': 279, 'max_depth': 3, 'num_leaves': 45, 'learning_rate': 0.040099592560849204, 'subsample': 0.8563114696415159, 'colsample_bytree': 0.5442917781944105, 'min_child_samples': 50, 'reg_alpha': 1.6407916423707903e-08, 'reg_lambda': 2.935907642973286e-05}. Best is trial 2 with value: 0.07966254612267205.
[I 2026-06-01 11:03:40,032] Trial 7 finished with value: -0.06045919912896023 and parameters: {'confidence_threshold': 0.5497381024139926, 'training_days': 120, 'n_estimators': 408, 'max_depth': 5, 'num_leaves': 38, 'learning_rate': 0.28049122657745795, 'subsample': 0.8806573338635493, 'colsample_bytree': 0.5454054113547102, 'min_child_samples': 63, 'reg_alpha': 0.01263008637940408, 'reg_lambda': 0.04588020805366937}. Best is trial 2 with value: 0.07966254612267205.
[I 2026-06-01 11:03:40,306] Trial 8 finished with value: -0.06792464583699463 and parameters: {'confidence_threshold': 0.719644804808716, 'training_days': 450, 'n_estimators': 410, 'max_depth': 4, 'num_leaves': 57, 'learning_rate': 0.04022026551478857, 'subsample': 0.5336085426932707, 'colsample_bytree': 0.5705742850577543, 'min_child_samples': 100, 'reg_alpha': 5.916398047912201e-07, 'reg_lambda': 0.9794034214488329}. Best is trial 2 with value: 0.07966254612267205.
[I 2026-06-01 11:03:40,328] Trial 9 finished with value: -3.9389881298240126 and parameters: {'confidence_threshold': 0.7267463643917187, 'training_days': 20, 'n_estimators': 337, 'max_depth': 5, 'num_leaves': 23, 'learning_rate': 0.022153031811454605, 'subsample': 0.6305627572358737, 'colsample_bytree': 0.6613413774216214, 'min_child_samples': 81, 'reg_alpha': 5.7638634029410314e-08, 'reg_lambda': 8.26603016764008}. Best is trial 2 with value: 0.07966254612267205.
[I 2026-06-01 11:03:40,357] Trial 10 finished with value: -3.9389881298240126 and parameters: {'confidence_threshold': 0.8398533911817929, 'training_days': 10, 'n_estimators': 228, 'max_depth': 3, 'num_leaves': 15, 'learning_rate': 0.2789359567293539, 'subsample': 0.6821883053833926, 'colsample_bytree': 0.9944479338273263, 'min_child_samples': 23, 'reg_alpha': 2.903134294418681, 'reg_lambda': 0.0032849428938367974}. Best is trial 2 with value: 0.07966254612267205.
[I 2026-06-01 11:03:40,523] Trial 11 finished with value: -0.08980028830399259 and parameters: {'confidence_threshold': 0.5379676273538253, 'training_days': 130, 'n_estimators': 478, 'max_depth': 4, 'num_leaves': 59, 'learning_rate': 0.27815973382833, 'subsample': 0.7482879406513064, 'colsample_bytree': 0.5017024210185925, 'min_child_samples': 61, 'reg_alpha': 0.01887359218610827, 'reg_lambda': 0.007687944390807006}. Best is trial 2 with value: 0.07966254612267205.
[I 2026-06-01 11:03:40,644] Trial 12 finished with value: -0.11219627763267118 and parameters: {'confidence_threshold': 0.5130417963578642, 'training_days': 140, 'n_estimators': 219, 'max_depth': 4, 'num_leaves': 30, 'learning_rate': 0.14143539714508013, 'subsample': 0.9912016966112274, 'colsample_bytree': 0.61438914085674, 'min_child_samples': 60, 'reg_alpha': 0.0004870983614399883, 'reg_lambda': 0.03692159575899657}. Best is trial 2 with value: 0.07966254612267205.
[I 2026-06-01 11:03:40,799] Trial 13 finished with value: -0.06453983827019141 and parameters: {'confidence_threshold': 0.6039951566848167, 'training_days': 80, 'n_estimators': 493, 'max_depth': 3, 'num_leaves': 52, 'learning_rate': 0.15892994284987041, 'subsample': 0.7312718920985939, 'colsample_bytree': 0.5041958904942243, 'min_child_samples': 51, 'reg_alpha': 0.035550834490780316, 'reg_lambda': 0.0010319863966731626}. Best is trial 2 with value: 0.07966254612267205.
[I 2026-06-01 11:03:40,960] Trial 14 finished with value: -0.13442851572934283 and parameters: {'confidence_threshold': 0.5057563615222779, 'training_days': 210, 'n_estimators': 280, 'max_depth': 4, 'num_leaves': 29, 'learning_rate': 0.10885680991659169, 'subsample': 0.6645302969208533, 'colsample_bytree': 0.6169150730757615, 'min_child_samples': 76, 'reg_alpha': 0.0005061136429986866, 'reg_lambda': 0.06643394643063585}. Best is trial 2 with value: 0.07966254612267205.
[I 2026-06-01 11:03:41,019] Trial 15 finished with value: -0.190117333272437 and parameters: {'confidence_threshold': 0.6128597814252038, 'training_days': 70, 'n_estimators': 193, 'max_depth': 3, 'num_leaves': 51, 'learning_rate': 0.010017412216024365, 'subsample': 0.5924648827306374, 'colsample_bytree': 0.7134642947406897, 'min_child_samples': 67, 'reg_alpha': 9.435474323055907, 'reg_lambda': 2.582339790441249e-06}. Best is trial 2 with value: 0.07966254612267205.
[I 2026-06-01 11:03:41,255] Trial 16 finished with value: -0.11663330822107583 and parameters: {'confidence_threshold': 0.7809712285122007, 'training_days': 170, 'n_estimators': 341, 'max_depth': 5, 'num_leaves': 38, 'learning_rate': 0.2282900824595919, 'subsample': 0.812732803943093, 'colsample_bytree': 0.5820709598654734, 'min_child_samples': 43, 'reg_alpha': 0.06567392097554457, 'reg_lambda': 6.3852377157215425}. Best is trial 2 with value: 0.07966254612267205.
