[I 2026-06-01 11:03:28,495] Trial 6 finished with value: -0.035663088118182106 and parameters: {'confidence_threshold': 0.7672889945051684, 'training_days': 130, 'n_estimators': 137, 'max_depth': 4, 'num_leaves': 19, 'learning_rate': 0.2031117614248665, 'subsample': 0.8136244860256343, 'colsample_bytree': 0.8617081790949774, 'min_child_samples': 21, 'reg_alpha': 0.002238138278733199, 'reg_lambda': 0.001025809534977322}. Best is trial 0 with value: 0.04741922012322288.
[I 2026-06-01 11:03:28,570] Trial 7 finished with value: 0.026201765777386886 and parameters: {'confidence_threshold': 0.555635875450653, 'training_days': 80, 'n_estimators': 363, 'max_depth': 3, 'num_leaves': 48, 'learning_rate': 0.06590089024008658, 'subsample': 0.6944752870615722, 'colsample_bytree': 0.962566244806993, 'min_child_samples': 88, 'reg_alpha': 1.6465620446426067e-05, 'reg_lambda': 2.4678750890085655e-08}. Best is trial 0 with value: 0.04741922012322288.
[I 2026-06-01 11:03:28,896] Trial 8 finished with value: 0.029788198106613206 and parameters: {'confidence_threshold': 0.6066688256938841, 'training_days': 200, 'n_estimators': 367, 'max_depth': 5, 'num_leaves': 32, 'learning_rate': 0.13377519215934996, 'subsample': 0.7965884582811106, 'colsample_bytree': 0.8458508993500886, 'min_child_samples': 32, 'reg_alpha': 3.889436043816386e-05, 'reg_lambda': 1.4713062489380356e-06}. Best is trial 0 with value: 0.04741922012322288.
[I 2026-06-01 11:03:29,126] Trial 9 finished with value: -0.02600751980767882 and parameters: {'confidence_threshold': 0.6202096049169137, 'training_days': 260, 'n_estimators': 350, 'max_depth': 3, 'num_leaves': 21, 'learning_rate': 0.02989540198065364, 'subsample': 0.8307821683331218, 'colsample_bytree': 0.923253112635361, 'min_child_samples': 64, 'reg_alpha': 0.4898604619604203, 'reg_lambda': 2.9076377687066166e-05}. Best is trial 0 with value: 0.04741922012322288.

  [label] 2022-05-22 08:00 DOTUSDT entry=10.0670 → SHORT | long=sl(-10.93%) short=timeout(+2.49%) | scanned=22 | no_tp→fwd_return=-2.5926
  [label] 2022-07-06 08:00 DOTUSDT entry=6.8980 → SHORT | long=sl(-8.10%) short=sl(-8.10%) | scanned=18 | no_tp→fwd_return=-5.6248
  [label] 2022-07-14 16:00 DOTUSDT entry=6.7170 → LONG | long=tp(+14.26%) short=sl(-7.28%) | scanned=11 | long_tp_only
  [label] 2022-10-13 00:00 DOTUSDT entry=5.8790 → LONG | long=sl(-4.13%) short=sl(-4.13%) | scanned=2 | no_tp→fwd_return=+3.8272
  [label] 2022-11-14 00:00 DOTUSDT entry=5.7900 → SHORT | long=sl(-10.06%) short=timeout(+9.93%) | scanned=22 | no_tp→fwd_return=-10.0345
  [label] 2022-11-30 00:00 DOTUSDT entry=5.4190 → SHORT | long=timeout(-3.20%) short=sl(-5.03%) | scanned=22 | no_tp→fwd_return=-3.1002
  [label] 2022-12-12 16:00 DOTUSDT entry=5.1740 → LONG | long=sl(-3.40%) short=sl(-3.40%) | scanned=2 | no_tp→fwd_return=+1.6622
  [label] 2022-12-31 08:00 DOTUSDT entry=4.3650 → LONG | long=tp(+6.40%) short=sl(-3.35%) | scanned=11 | long_tp_only
  [label] 2023-01-06 16:00 DOTUSDT entry=4.6830 → LONG | long=tp(+6.14%) short=sl(-3.22%) | scanned=8 | long_tp_only
  [label] 2023-01-19 00:00 DOTUSDT entry=5.7390 → LONG | long=tp(+16.58%) short=sl(-8.44%) | scanned=14 | long_tp_only
  [label] 2023-02-27 08:00 DOTUSDT entry=6.6890 → SHORT | long=sl(-5.48%) short=tp(+10.65%) | scanned=11 | short_tp_only
  [label] 2023-03-09 08:00 DOTUSDT entry=5.7370 → LONG | long=sl(-5.86%) short=sl(-5.86%) | scanned=12 | no_tp→fwd_return=+4.9503
  [label] 2023-06-03 08:00 DOTUSDT entry=5.2870 → SHORT | long=sl(-2.85%) short=tp(+5.40%) | scanned=7 | short_tp_only
  Labels: 986 long (45.5%), 1182 short (54.5%) | weights: min=1.00, mean=3.07, max=10.00
  Features: 2168/2168 matched, 46 columns
  CV gap: 22 rows
  [ensemble 1/3] seed=42
    [trial 0] 46 features, training_days=480 | threshold=0.631 | labels: 986 long, 1182 short (45/55%)
    [CV fold 0] train_end=2021-10-22 08:00 | val_start=2021-10-30 00:00 | gap=184h (22 rows)
    [CV fold 1] train_end=2022-02-19 16:00 | val_start=2022-02-27 08:00 | gap=184h (22 rows)
    [CV fold 2] train_end=2022-06-20 00:00 | val_start=2022-06-27 16:00 | gap=184h (22 rows)
    [CV fold 3] train_end=2022-10-18 08:00 | val_start=2022-10-26 00:00 | gap=184h (22 rows)
    [CV fold 4] train_end=2023-02-15 16:00 | val_start=2023-02-23 08:00 | gap=184h (22 rows)
    [trial 0] Sharpe=0.0319 (folds: -0.0246, 0.1588, -0.1444, 0.0346, 0.1351)
    [trial 1] 46 features, training_days=420 | threshold=0.839 | labels: 986 long, 1182 short (45/55%)
    [trial 1] Sharpe=-4.0670 (folds: -0.3604, -0.0472, 0.0728, -10.0000, -10.0000)
    [trial 2] 46 features, training_days=190 | threshold=0.602 | labels: 986 long, 1182 short (45/55%)
    [trial 2] Sharpe=-0.0098 (folds: -0.0460, 0.1089, -0.0694, -0.0545, 0.0121)
    [trial 3] 46 features, training_days=490 | threshold=0.832 | labels: 986 long, 1182 short (45/55%)
    [trial 3] Sharpe=0.0464 (folds: -0.0382, 0.1973, -0.1061, 0.0190, 0.1600)
    [trial 4] 46 features, training_days=340 | threshold=0.591 | labels: 986 long, 1182 short (45/55%)
    [trial 4] Sharpe=-0.0243 (folds: -0.0269, 0.0903, -0.0509, -0.0309, -0.1032)
    [trial 5] 46 features, training_days=50 | threshold=0.823 | labels: 986 long, 1182 short (45/55%)
    [trial 5] Sharpe=0.0009 (folds: -0.1080, 0.2640, 0.0751, -0.0819, -0.1446)
    [trial 6] 46 features, training_days=410 | threshold=0.549 | labels: 986 long, 1182 short (45/55%)
    [trial 6] Sharpe=-0.0414 (folds: 0.0035, 0.0567, -0.0855, -0.1272, -0.0544)
    [trial 7] 46 features, training_days=180 | threshold=0.526 | labels: 986 long, 1182 short (45/55%)
    [trial 7] Sharpe=-0.0925 (folds: -0.1170, -0.0266, -0.1452, -0.1445, -0.0292)
    [trial 8] 46 features, training_days=240 | threshold=0.811 | labels: 986 long, 1182 short (45/55%)
    [trial 8] Sharpe=-0.0053 (folds: -0.1292, 0.3344, -0.0689, -0.1073, -0.0553)
    [trial 9] 46 features, training_days=20 | threshold=0.538 | labels: 986 long, 1182 short (45/55%)
    [trial 9] Sharpe=-4.0232 (folds: -0.2876, 0.1806, -10.0000, -0.0090, -10.0000)
    [trial 10] 46 features, training_days=350 | threshold=0.730 | labels: 986 long, 1182 short (45/55%)
    [trial 10] Sharpe=0.0331 (folds: -0.0151, 0.1623, -0.0214, -0.0227, 0.0624)
    [trial 11] 46 features, training_days=330 | threshold=0.736 | labels: 986 long, 1182 short (45/55%)
    [trial 11] Sharpe=0.0129 (folds: 0.0158, 0.1479, -0.0936, -0.0074, 0.0020)
    [trial 12] 46 features, training_days=480 | threshold=0.740 | labels: 986 long, 1182 short (45/55%)
    [trial 12] Sharpe=0.0569 (folds: 0.0206, 0.2261, -0.0609, 0.0404, 0.0584)
    [trial 13] 46 features, training_days=500 | threshold=0.758 | labels: 986 long, 1182 short (45/55%)
    [trial 13] Sharpe=0.0391 (folds: 0.0025, 0.2186, -0.1271, -0.0208, 0.1225)
    [trial 14] 46 features, training_days=430 | threshold=0.688 | labels: 986 long, 1182 short (45/55%)
    [trial 14] Sharpe=0.0077 (folds: -0.0440, 0.1524, -0.0562, -0.0089, -0.0050)
    [trial 15] 46 features, training_days=500 | threshold=0.790 | labels: 986 long, 1182 short (45/55%)
    [trial 15] Sharpe=0.0785 (folds: -0.0532, 0.3001, -0.1074, 0.0701, 0.1829)
    [trial 16] 46 features, training_days=380 | threshold=0.779 | labels: 986 long, 1182 short (45/55%)
    [trial 16] Sharpe=0.0551 (folds: -0.0305, 0.2153, -0.0632, 0.1063, 0.0475)
    [trial 17] 46 features, training_days=290 | threshold=0.676 | labels: 986 long, 1182 short (45/55%)
    [trial 17] Sharpe=-0.0056 (folds: -0.0632, 0.1994, -0.0447, -0.0295, -0.0900)
  Optuna: 18 trials, best Sharpe = 0.0785
  Best params: n_estimators=299, max_depth=4, lr=0.0935, leaves=29
  Best confidence_threshold: 0.790
  Best training_days: 500
  Retrained on full data (1500 samples, 46 features)
  [ensemble 2/3] seed=123
    [trial 0] 46 features, training_days=150 | threshold=0.744 | labels: 986 long, 1182 short (45/55%)
    [CV fold 0] train_end=2021-10-22 08:00 | val_start=2021-10-30 00:00 | gap=184h (22 rows)
    [CV fold 1] train_end=2022-02-19 16:00 | val_start=2022-02-27 08:00 | gap=184h (22 rows)
    [CV fold 2] train_end=2022-06-20 00:00 | val_start=2022-06-27 16:00 | gap=184h (22 rows)
    [CV fold 3] train_end=2022-10-18 08:00 | val_start=2022-10-26 00:00 | gap=184h (22 rows)
    [CV fold 4] train_end=2023-02-15 16:00 | val_start=2023-02-23 08:00 | gap=184h (22 rows)
    [trial 0] Sharpe=0.0474 (folds: -0.0816, 0.2551, 0.0434, 0.0595, -0.0393)
    [trial 1] 46 features, training_days=220 | threshold=0.755 | labels: 986 long, 1182 short (45/55%)
    [trial 1] Sharpe=-4.0891 (folds: -0.4817, -10.0000, -0.1570, 0.1934, -10.0000)
    [trial 2] 46 features, training_days=310 | threshold=0.754 | labels: 986 long, 1182 short (45/55%)
    [trial 2] Sharpe=-0.0141 (folds: -0.0603, 0.0426, -0.1232, 0.0179, 0.0525)
    [trial 3] 46 features, training_days=220 | threshold=0.673 | labels: 986 long, 1182 short (45/55%)
    [trial 3] Sharpe=0.0092 (folds: -0.0305, 0.1297, -0.0054, 0.0105, -0.0585)
    [trial 4] 46 features, training_days=130 | threshold=0.803 | labels: 986 long, 1182 short (45/55%)
    [trial 4] Sharpe=-0.0200 (folds: -0.0640, -0.0411, -0.0942, 0.1688, -0.0695)
    [trial 5] 46 features, training_days=210 | threshold=0.606 | labels: 986 long, 1182 short (45/55%)
    [trial 5] Sharpe=0.0242 (folds: -0.0185, 0.1726, -0.0962, 0.0087, 0.0545)
    [trial 6] 46 features, training_days=130 | threshold=0.767 | labels: 986 long, 1182 short (45/55%)
    [trial 6] Sharpe=-0.0357 (folds: 0.0556, -0.1261, -0.1104, 0.0497, -0.0471)
    [trial 7] 46 features, training_days=80 | threshold=0.556 | labels: 986 long, 1182 short (45/55%)
    [trial 7] Sharpe=0.0262 (folds: -0.0976, 0.0451, 0.0808, 0.1630, -0.0603)
    [trial 8] 46 features, training_days=200 | threshold=0.607 | labels: 986 long, 1182 short (45/55%)
    [trial 8] Sharpe=0.0298 (folds: 0.0107, 0.2065, -0.0330, -0.0352, 0.0000)
    [trial 9] 46 features, training_days=260 | threshold=0.620 | labels: 986 long, 1182 short (45/55%)
    [trial 9] Sharpe=-0.0260 (folds: -0.0398, 0.1009, -0.0677, -0.0545, -0.0690)
    [trial 10] 46 features, training_days=470 | threshold=0.845 | labels: 986 long, 1182 short (45/55%)[I 2026-06-01 11:03:29,557] Trial 10 finished with value: -2.0739405750450324 and parameters: {'confidence_threshold': 0.8445241688507242, 'training_days': 470, 'n_estimators': 493, 'max_depth': 4, 'num_leaves': 63, 'learning_rate': 0.010221918552934462, 'subsample': 0.9783426417503635, 'colsample_bytree': 0.6202684210924141, 'min_child_samples': 46, 'reg_alpha': 1.452403597240567e-08, 'reg_lambda': 0.02027317446694866}. Best is trial 0 with value: 0.04741922012322288.
[I 2026-06-01 11:03:29,591] Trial 11 finished with value: -0.0429843510095173 and parameters: {'confidence_threshold': 0.5130958894507832, 'training_days': 30, 'n_estimators': 226, 'max_depth': 5, 'num_leaves': 28, 'learning_rate': 0.11975677381222764, 'subsample': 0.9949734643335495, 'colsample_bytree': 0.6661831737797719, 'min_child_samples': 49, 'reg_alpha': 4.28336488974334e-07, 'reg_lambda': 6.470692703374516e-07}. Best is trial 0 with value: 0.04741922012322288.
[I 2026-06-01 11:03:30,020] Trial 12 finished with value: -0.012090506544493606 and parameters: {'confidence_threshold': 0.66034247783242, 'training_days': 360, 'n_estimators': 459, 'max_depth': 5, 'num_leaves': 47, 'learning_rate': 0.046905974008408464, 'subsample': 0.8941395335595879, 'colsample_bytree': 0.5201164353688423, 'min_child_samples': 44, 'reg_alpha': 8.729633697039858e-07, 'reg_lambda': 7.796589835036051e-07}. Best is trial 0 with value: 0.04741922012322288.
[I 2026-06-01 11:03:30,068] Trial 13 finished with value: -0.01965641840557826 and parameters: {'confidence_threshold': 0.7129257884245761, 'training_days': 140, 'n_estimators': 53, 'max_depth': 4, 'num_leaves': 31, 'learning_rate': 0.15152203000979778, 'subsample': 0.8857808963885785, 'colsample_bytree': 0.6983873109274945, 'min_child_samples': 85, 'reg_alpha': 0.012364597712185036, 'reg_lambda': 0.0038418245689497152}. Best is trial 0 with value: 0.04741922012322288.
[I 2026-06-01 11:03:30,266] Trial 14 finished with value: -0.03984339338125682 and parameters: {'confidence_threshold': 0.5989738483601615, 'training_days': 340, 'n_estimators': 146, 'max_depth': 5, 'num_leaves': 37, 'learning_rate': 0.04434186931015897, 'subsample': 0.9182426786262438, 'colsample_bytree': 0.9951780710339017, 'min_child_samples': 39, 'reg_alpha': 9.364024934217904e-05, 'reg_lambda': 1.2172611843961524e-06}. Best is trial 0 with value: 0.04741922012322288.
[I 2026-06-01 11:03:30,294] Trial 15 finished with value: 0.13455306836237466 and parameters: {'confidence_threshold': 0.7031768096455494, 'training_days': 10, 'n_estimators': 290, 'max_depth': 4, 'num_leaves': 56, 'learning_rate': 0.037392478764815176, 'subsample': 0.507007918467014, 'colsample_bytree': 0.871820548850172, 'min_child_samples': 100, 'reg_alpha': 5.011892081220446e-07, 'reg_lambda': 3.5532501480887757}. Best is trial 15 with value: 0.13455306836237466.
[I 2026-06-01 11:03:30,322] Trial 16 finished with value: -4.023185478103481 and parameters: {'confidence_threshold': 0.7137536128327102, 'training_days': 20, 'n_estimators': 291, 'max_depth': 4, 'num_leaves': 55, 'learning_rate': 0.032731564388588784, 'subsample': 0.5063548593794533, 'colsample_bytree': 0.7369444896723635, 'min_child_samples': 99, 'reg_alpha': 1.0479313913259862e-08, 'reg_lambda': 2.768872688174693}. Best is trial 15 with value: 0.13455306836237466.
[I 2026-06-01 11:03:30,407] Trial 17 finished with value: -0.019483196401915225 and parameters: {'confidence_threshold': 0.7110519736587814, 'training_days': 70, 'n_estimators': 272, 'max_depth': 4, 'num_leaves': 63, 'learning_rate': 0.016575201802970462, 'subsample': 0.7077006373919695, 'colsample_bytree': 0.8948320084004704, 'min_child_samples': 53, 'reg_alpha': 5.414323882735772e-07, 'reg_lambda': 0.044151407869078285}. Best is trial 15 with value: 0.13455306836237466.
[I 2026-06-01 11:03:30,552] A new study created in memory with name: no-name-d045a47c-bffb-401a-a3a3-176e1d1b9937
[I 2026-06-01 11:03:30,757] Trial 0 finished with value: -0.04198695575154244 and parameters: {'confidence_threshold': 0.5870645682749857, 'training_days': 90, 'n_estimators': 403, 'max_depth': 5, 'num_leaves': 45, 'learning_rate': 0.0780457193679974, 'subsample': 0.9428509515574568, 'colsample_bytree': 0.8795587339164916, 'min_child_samples': 34, 'reg_alpha': 2.2465901234314442e-07, 'reg_lambda': 8.339007036475363e-05}. Best is trial 0 with value: -0.04198695575154244.
[I 2026-06-01 11:03:30,876] Trial 1 finished with value: -0.05674803533232613 and parameters: {'confidence_threshold': 0.6348453934275313, 'training_days': 290, 'n_estimators': 115, 'max_depth': 5, 'num_leaves': 37, 'learning_rate': 0.06949568759029946, 'subsample': 0.8228505074024268, 'colsample_bytree': 0.8616703220431751, 'min_child_samples': 75, 'reg_alpha': 4.2486822725010923e-07, 'reg_lambda': 1.157247767047042e-07}. Best is trial 0 with value: -0.04198695575154244.
[I 2026-06-01 11:03:30,897] Trial 2 finished with value: 0.13455306836237466 and parameters: {'confidence_threshold': 0.5849570384370288, 'training_days': 10, 'n_estimators': 212, 'max_depth': 3, 'num_leaves': 41, 'learning_rate': 0.18452095998378365, 'subsample': 0.6001060822924371, 'colsample_bytree': 0.5673167293506167, 'min_child_samples': 37, 'reg_alpha': 5.733250064217131, 'reg_lambda': 0.5308454292595461}. Best is trial 2 with value: 0.13455306836237466.
[I 2026-06-01 11:03:30,989] Trial 3 finished with value: -0.0611177058211837 and parameters: {'confidence_threshold': 0.6868248626683718, 'training_days': 220, 'n_estimators': 134, 'max_depth': 3, 'num_leaves': 45, 'learning_rate': 0.033529007907491595, 'subsample': 0.8647277071858408, 'colsample_bytree': 0.778494116634046, 'min_child_samples': 96, 'reg_alpha': 2.409409937265785e-07, 'reg_lambda': 1.1642073478060009}. Best is trial 2 with value: 0.13455306836237466.
[I 2026-06-01 11:03:31,090] Trial 4 finished with value: -0.03534928476271354 and parameters: {'confidence_threshold': 0.5623121348350352, 'training_days': 300, 'n_estimators': 69, 'max_depth': 4, 'num_leaves': 32, 'learning_rate': 0.14967629360700346, 'subsample': 0.5054535233636654, 'colsample_bytree': 0.7401385194659216, 'min_child_samples': 27, 'reg_alpha': 1.4212042567426725e-07, 'reg_lambda': 0.23605753701352003}. Best is trial 2 with value: 0.13455306836237466.
[I 2026-06-01 11:03:31,506] Trial 5 finished with value: 0.0414377140057926 and parameters: {'confidence_threshold': 0.7111850244908446, 'training_days': 490, 'n_estimators': 362, 'max_depth': 5, 'num_leaves': 40, 'learning_rate': 0.05960785724162737, 'subsample': 0.5589714368907717, 'colsample_bytree': 0.6659006943232806, 'min_child_samples': 42, 'reg_alpha': 0.6741360303045295, 'reg_lambda': 6.054601607143087e-08}. Best is trial 2 with value: 0.13455306836237466.
[I 2026-06-01 11:03:31,690] Trial 6 finished with value: -0.0024946414594859386 and parameters: {'confidence_threshold': 0.667482545748023, 'training_days': 420, 'n_estimators': 279, 'max_depth': 3, 'num_leaves': 45, 'learning_rate': 0.040099592560849204, 'subsample': 0.8563114696415159, 'colsample_bytree': 0.5442917781944105, 'min_child_samples': 50, 'reg_alpha': 1.6407916423707903e-08, 'reg_lambda': 2.935907642973286e-05}. Best is trial 2 with value: 0.13455306836237466.
[I 2026-06-01 11:03:31,847] Trial 7 finished with value: -0.004694756884828377 and parameters: {'confidence_threshold': 0.5497381024139926, 'training_days': 120, 'n_estimators': 408, 'max_depth': 5, 'num_leaves': 38, 'learning_rate': 0.28049122657745795, 'subsample': 0.8806573338635493, 'colsample_bytree': 0.5454054113547102, 'min_child_samples': 63, 'reg_alpha': 0.01263008637940408, 'reg_lambda': 0.04588020805366937}. Best is trial 2 with value: 0.13455306836237466.
[I 2026-06-01 11:03:32,145] Trial 8 finished with value: 0.010102497150513978 and parameters: {'confidence_threshold': 0.719644804808716, 'training_days': 450, 'n_estimators': 410, 'max_depth': 4, 'num_leaves': 57, 'learning_rate': 0.04022026551478857, 'subsample': 0.5336085426932707, 'colsample_bytree': 0.5705742850577543, 'min_child_samples': 100, 'reg_alpha': 5.916398047912201e-07, 'reg_lambda': 0.9794034214488329}. Best is trial 2 with value: 0.13455306836237466.
[I 2026-06-01 11:03:32,174] Trial 9 finished with value: -4.023185478103481 and parameters: {'confidence_threshold': 0.7267463643917187, 'training_days': 20, 'n_estimators': 337, 'max_depth': 5, 'num_leaves': 23, 'learning_rate': 0.022153031811454605, 'subsample': 0.6305627572358737, 'colsample_bytree': 0.6613413774216214, 'min_child_samples': 81, 'reg_alpha': 5.7638634029410314e-08, 'reg_lambda': 8.26603016764008}. Best is trial 2 with value: 0.13455306836237466.
[I 2026-06-01 11:03:32,209] Trial 10 finished with value: 0.13455306836237466 and parameters: {'confidence_threshold': 0.8398533911817929, 'training_days': 10, 'n_estimators': 228, 'max_depth': 3, 'num_leaves': 15, 'learning_rate': 0.2789359567293539, 'subsample': 0.6821883053833926, 'colsample_bytree': 0.9944479338273263, 'min_child_samples': 23, 'reg_alpha': 2.903134294418681, 'reg_lambda': 0.0032849428938367974}. Best is trial 2 with value: 0.13455306836237466.
[I 2026-06-01 11:03:32,244] Trial 11 finished with value: 0.13455306836237466 and parameters: {'confidence_threshold': 0.8491135887906174, 'training_days': 10, 'n_estimators': 209, 'max_depth': 3, 'num_leaves': 15, 'learning_rate': 0.27815973382833, 'subsample': 0.6879062534938418, 'colsample_bytree': 0.9628722124262472, 'min_child_samples': 20, 'reg_alpha': 9.461112950663296, 'reg_lambda': 0.004788595467491423}. Best is trial 2 with value: 0.13455306836237466.
[I 2026-06-01 11:03:32,427] Trial 12 finished with value: -0.06067114440240634 and parameters: {'confidence_threshold': 0.83900033179092, 'training_days': 140, 'n_estimators': 219, 'max_depth': 4, 'num_leaves': 57, 'learning_rate': 0.14143539714508013, 'subsample': 0.7066421539868052, 'colsample_bytree': 0.9826583982594713, 'min_child_samples': 38, 'reg_alpha': 0.02694721219722944, 'reg_lambda': 0.002586791714474608}. Best is trial 2 with value: 0.13455306836237466.
[I 2026-06-01 11:03:32,582] Trial 13 finished with value: 0.008092126631075558 and parameters: {'confidence_threshold': 0.5040535938350955, 'training_days': 200, 'n_estimators': 219, 'max_depth': 3, 'num_leaves': 27, 'learning_rate': 0.15892994284987041, 'subsample': 0.6231621855799615, 'colsample_bytree': 0.6451068859491428, 'min_child_samples': 54, 'reg_alpha': 0.0001325242033987599, 'reg_lambda': 5.312802003286294e-06}. Best is trial 2 with value: 0.13455306836237466.
[I 2026-06-01 11:03:32,683] Trial 14 finished with value: 0.03858373504242163 and parameters: {'confidence_threshold': 0.7723320301796328, 'training_days': 70, 'n_estimators': 500, 'max_depth': 3, 'num_leaves': 17, 'learning_rate': 0.10885680991659169, 'subsample': 0.7851487748866213, 'colsample_bytree': 0.7921009662363301, 'min_child_samples': 22, 'reg_alpha': 8.082904417668777, 'reg_lambda': 0.00974234545252979}. Best is trial 2 with value: 0.13455306836237466.
[I 2026-06-01 11:03:32,796] Trial 15 finished with value: -4.092118702475058 and parameters: {'confidence_threshold': 0.7829525506318393, 'training_days': 160, 'n_estimators': 168, 'max_depth': 3, 'num_leaves': 51, 'learning_rate': 0.010017412216024365, 'subsample': 0.6120390612600266, 'colsample_bytree': 0.502925720040233, 'min_child_samples': 34, 'reg_alpha': 0.13059613104316006, 'reg_lambda': 0.0006156141946978409}. Best is trial 2 with value: 0.13455306836237466.
