[I 2026-06-01 11:07:07,701] Trial 10 finished with value: 0.010720560349118523 and parameters: {'confidence_threshold': 0.7301111584710253, 'training_days': 350, 'n_estimators': 487, 'max_depth': 4, 'num_leaves': 15, 'learning_rate': 0.1457937958927628, 'subsample': 0.6806559982209046, 'colsample_bytree': 0.5055805119629307, 'min_child_samples': 27, 'reg_alpha': 1.290626345465208e-08, 'reg_lambda': 8.530248590348572}. Best is trial 3 with value: 0.09414576577071013.

    [trial 12] Sharpe=0.1805 (folds: 0.2020, 0.2494, 0.0527, 0.0616, 0.3369)
    [trial 13] 46 features, training_days=370 | threshold=0.849 | labels: 1018 long, 1153 short (47/53%)
    [trial 13] Sharpe=-1.7909 (folds: 0.0196, 0.6216, 0.1174, -10.0000, 0.2869)
    [trial 14] 46 features, training_days=370 | threshold=0.792 | labels: 1018 long, 1153 short (47/53%)
    [trial 14] Sharpe=0.0548 (folds: -0.0070, 0.0333, 0.1329, 0.0799, 0.0349)
    [trial 15] 46 features, training_days=390 | threshold=0.783 | labels: 1018 long, 1153 short (47/53%)
    [trial 15] Sharpe=0.1013 (folds: 0.0513, 0.3091, 0.0220, 0.1421, -0.0180)
    [trial 16] 46 features, training_days=240 | threshold=0.781 | labels: 1018 long, 1153 short (47/53%)
    [trial 16] Sharpe=0.0523 (folds: 0.0442, 0.0765, 0.2322, 0.0486, -0.1402)
    [trial 17] 46 features, training_days=330 | threshold=0.508 | labels: 1018 long, 1153 short (47/53%)
    [trial 17] Sharpe=-0.0572 (folds: -0.0879, -0.0644, 0.0022, 0.0204, -0.1560)
  Optuna: 18 trials, best Sharpe = 0.1805
  Best params: n_estimators=490, max_depth=4, lr=0.0102, leaves=15
  Best confidence_threshold: 0.844
  Best training_days: 370
  Retrained on full data (1110 samples, 46 features)
  OOD: 16 features, cutoff (q=0.7) = 13.60
  Model trained for 2025-03: 93 test candles with features, confidence_threshold=0.826
[predict] 2025-03-01 00:00 DOTUSDT → SHORT (proba=0.91 TP=18.9%/SL=9.4%)
[trade:open] 2025-03-01 07:59 DOTUSDT SHORT @ 4.62 | SL=5.05 TP=3.75 | timeout=2025-03-08 07:59
[trade:close] 2025-03-02 23:59 DOTUSDT SHORT → stop_loss @ 5.05 | PnL=-9.43% (net -9.53%) | cum=+105.93% 2025-03=-9.53% 2025-03-02=-9.53%
[predict] 2025-03-06 08:00 DOTUSDT → SHORT (proba=0.86 TP=19.7%/SL=9.8%)
[trade:open] 2025-03-06 15:59 DOTUSDT SHORT @ 4.50 | SL=4.94 TP=3.61 | timeout=2025-03-13 15:59
[trade:close] 2025-03-13 16:00 DOTUSDT SHORT → timeout @ 3.96 | PnL=+11.90% (net +11.80%) | cum=+117.74% 2025-03=+2.28% 2025-03-13=+11.80%
[predict] 2025-03-17 08:00 DOTUSDT → SHORT (proba=0.86 TP=12.3%/SL=6.2%)
[trade:open] 2025-03-17 15:59 DOTUSDT SHORT @ 4.37 | SL=4.64 TP=3.83 | timeout=2025-03-24 15:59
[trade:close] 2025-03-24 07:59 DOTUSDT SHORT → stop_loss @ 4.64 | PnL=-6.16% (net -6.26%) | cum=+111.47% 2025-03=-3.99% 2025-03-24=-6.26%
[lgbm] === Training for 2025-04 ===
  Train window: 2023-04-01 → 2025-03-24
  2171 training samples from 1 symbols
  Samples per month: 2023-04: 90, 2023-05: 93, 2023-06: 90, 2023-07: 93, 2023-08: 93, 2023-09: 90, 2023-10: 93, 2023-11: 90, 2023-12: 93, 2024-01: 93, 2024-02: 87, 2024-03: 93, 2024-04: 90, 2024-05: 93, 2024-06: 90, 2024-07: 93, 2024-08: 93, 2024-09: 90, 2024-10: 93, 2024-11: 90, 2024-12: 93, 2025-01: 93, 2025-02: 84, 2025-03: 71
  [label] 2023-06-01 16:00 DOTUSDT entry=5.2030 → SHORT | long=sl(-2.97%) short=sl(-2.97%) | scanned=11 | no_tp→fwd_return=-3.5364
  [label] 2023-06-04 00:00 DOTUSDT entry=5.3530 → SHORT | long=sl(-2.86%) short=tp(+5.41%) | scanned=4 | short_tp_only
  [label] 2023-06-07 16:00 DOTUSDT entry=5.0210 → SHORT | long=sl(-4.16%) short=tp(+8.02%) | scanned=7 | short_tp_only
  [label] 2023-07-02 08:00 DOTUSDT entry=5.3400 → SHORT | long=sl(-5.89%) short=timeout(+4.64%) | scanned=22 | no_tp→fwd_return=-4.7378
  [label] 2023-08-24 00:00 DOTUSDT entry=4.4930 → SHORT | long=timeout(-0.26%) short=sl(-3.91%) | scanned=22 | no_tp→fwd_return=-0.1558
  [label] 2024-02-06 00:00 DOTUSDT entry=6.7430 → LONG | long=tp(+8.96%) short=sl(-4.63%) | scanned=20 | long_tp_only
  [label] 2024-02-10 00:00 DOTUSDT entry=7.1760 → LONG | long=tp(+8.01%) short=sl(-4.16%) | scanned=16 | long_tp_only
  [label] 2024-02-20 16:00 DOTUSDT entry=7.7350 → LONG | long=timeout(+8.19%) short=sl(-6.67%) | scanned=22 | no_tp→fwd_return=+8.2870
  [label] 2024-04-05 16:00 DOTUSDT entry=8.3860 → SHORT | long=sl(-6.37%) short=sl(-6.37%) | scanned=21 | no_tp→fwd_return=-13.7372
  [label] 2024-04-14 08:00 DOTUSDT entry=6.5580 → LONG | long=timeout(+8.36%) short=timeout(-8.56%) | scanned=22 | no_tp→fwd_return=+8.4629
  [label] 2024-07-13 16:00 DOTUSDT entry=6.2310 → LONG | long=timeout(+1.47%) short=timeout(-1.67%) | scanned=22 | no_tp→fwd_return=+1.5728
  [label] 2024-08-14 16:00 DOTUSDT entry=4.3800 → LONG | long=timeout(+6.32%) short=sl(-6.09%) | scanned=22 | no_tp→fwd_return=+6.4155
  [label] 2024-08-31 00:00 DOTUSDT entry=4.2870 → SHORT | long=sl(-6.12%) short=timeout(+5.75%) | scanned=22 | no_tp→fwd_return=-5.8549
  [label] 2024-09-12 16:00 DOTUSDT entry=4.2930 → SHORT | long=sl(-4.16%) short=sl(-4.16%) | scanned=16 | no_tp→fwd_return=-3.8668
  [label] 2024-10-01 00:00 DOTUSDT entry=4.5340 → SHORT | long=sl(-5.35%) short=tp(+10.40%) | scanned=2 | short_tp_only
  [label] 2024-10-07 08:00 DOTUSDT entry=4.1990 → LONG | long=sl(-4.56%) short=timeout(-3.51%) | scanned=22 | no_tp→fwd_return=+3.4056
  [label] 2024-10-19 16:00 DOTUSDT entry=4.4290 → SHORT | long=sl(-3.95%) short=sl(-3.95%) | scanned=10 | no_tp→fwd_return=-4.1544
  [label] 2024-11-28 08:00 DOTUSDT entry=8.0340 → LONG | long=tp(+24.41%) short=sl(-12.35%) | scanned=13 | long_tp_only
  [label] 2024-12-08 00:00 DOTUSDT entry=10.4770 → SHORT | long=sl(-10.66%) short=tp(+21.03%) | scanned=5 | short_tp_only
  [label] 2025-03-04 08:00 DOTUSDT entry=4.2180 → SHORT | long=sl(-11.82%) short=timeout(+5.71%) | scanned=22 | no_tp→fwd_return=-5.8084
  Labels: 1012 long (46.6%), 1159 short (53.4%) | weights: min=1.00, mean=3.21, max=10.00
  Features: 2171/2171 matched, 46 columns
  CV gap: 22 rows
  [ensemble 1/3] seed=42
    [trial 0] 46 features, training_days=480 | threshold=0.631 | labels: 1012 long, 1159 short (47/53%)
    [CV fold 0] train_end=2023-07-24 08:00 | val_start=2023-08-01 00:00 | gap=184h (22 rows)
    [CV fold 1] train_end=2023-11-21 16:00 | val_start=2023-11-29 08:00 | gap=184h (22 rows)
    [CV fold 2] train_end=2024-03-21 00:00 | val_start=2024-03-28 16:00 | gap=184h (22 rows)
    [CV fold 3] train_end=2024-07-19 08:00 | val_start=2024-07-27 00:00 | gap=184h (22 rows)
    [CV fold 4] train_end=2024-11-16 16:00 | val_start=2024-11-24 08:00 | gap=184h (22 rows)
    [trial 0] Sharpe=0.0787 (folds: -0.1104, 0.0944, -0.0412, 0.3393, 0.1114)
    [trial 1] 46 features, training_days=420 | threshold=0.839 | labels: 1012 long, 1159 short (47/53%)
    [trial 1] Sharpe=-1.6648 (folds: 0.3155, -0.0653, 0.6160, -10.0000, 0.8099)
    [trial 2] 46 features, training_days=190 | threshold=0.602 | labels: 1012 long, 1159 short (47/53%)
    [trial 2] Sharpe=-0.0997 (folds: -0.1124, 0.0048, -0.2123, -0.0480, -0.1305)
    [trial 3] 46 features, training_days=490 | threshold=0.832 | labels: 1012 long, 1159 short (47/53%)
    [trial 3] Sharpe=0.0941 (folds: -0.0986, -0.1025, 0.0209, 0.5523, 0.0986)
    [trial 4] 46 features, training_days=340 | threshold=0.591 | labels: 1012 long, 1159 short (47/53%)
    [trial 4] Sharpe=-0.0229 (folds: -0.0788, 0.0982, -0.0581, 0.0206, -0.0963)
    [trial 5] 46 features, training_days=50 | threshold=0.823 | labels: 1012 long, 1159 short (47/53%)
    [trial 5] Sharpe=-0.0680 (folds: -0.2334, -0.1312, -0.2496, 0.0127, 0.2614)
    [trial 6] 46 features, training_days=410 | threshold=0.549 | labels: 1012 long, 1159 short (47/53%)
    [trial 6] Sharpe=0.0114 (folds: -0.1018, 0.0969, -0.0871, 0.0265, 0.1223)
    [trial 7] 46 features, training_days=180 | threshold=0.526 | labels: 1012 long, 1159 short (47/53%)
    [trial 7] Sharpe=-0.0825 (folds: -0.1232, 0.0401, -0.1383, 0.0287, -0.2199)
    [trial 8] 46 features, training_days=240 | threshold=0.811 | labels: 1012 long, 1159 short (47/53%)
    [trial 8] Sharpe=-0.0946 (folds: -0.0942, -0.0674, -0.1232, -0.0353, -0.1527)
    [trial 9] 46 features, training_days=20 | threshold=0.538 | labels: 1012 long, 1159 short (47/53%)
    [trial 9] Sharpe=-0.0257 (folds: -0.1091, -0.1107, 0.1657, 0.1642, -0.2385)
    [trial 10] 46 features, training_days=350 | threshold=0.730 | labels: 1012 long, 1159 short (47/53%)
    [trial 10] Sharpe=0.0107 (folds: -0.1218, -0.0173, 0.1424, 0.0796, -0.0292)
    [trial 11] 46 features, training_days=490 | threshold=0.695 | labels: 1012 long, 1159 short (47/53%)
    [trial 11] Sharpe=0.0763 (folds: -0.1765, 0.0482, 0.0210, 0.3091, 0.1796)[I 2026-06-01 11:07:08,091] Trial 11 finished with value: 0.07627913880220825 and parameters: {'confidence_threshold': 0.6954836557727516, 'training_days': 490, 'n_estimators': 420, 'max_depth': 4, 'num_leaves': 15, 'learning_rate': 0.010397937137834207, 'subsample': 0.5780545957082475, 'colsample_bytree': 0.8242066785264957, 'min_child_samples': 55, 'reg_alpha': 3.662834835098572, 'reg_lambda': 7.868729181011707e-06}. Best is trial 3 with value: 0.09414576577071013.
[I 2026-06-01 11:07:08,386] Trial 12 finished with value: 0.04609508493175979 and parameters: {'confidence_threshold': 0.6403606747603232, 'training_days': 480, 'n_estimators': 366, 'max_depth': 4, 'num_leaves': 30, 'learning_rate': 0.09894162917596783, 'subsample': 0.7117645261261729, 'colsample_bytree': 0.9958605161679226, 'min_child_samples': 89, 'reg_alpha': 0.00018189806683590785, 'reg_lambda': 1.4289813315801497e-05}. Best is trial 3 with value: 0.09414576577071013.
[I 2026-06-01 11:07:08,714] Trial 13 finished with value: 0.04215909781227214 and parameters: {'confidence_threshold': 0.7498188663320544, 'training_days': 500, 'n_estimators': 500, 'max_depth': 3, 'num_leaves': 62, 'learning_rate': 0.281978875082861, 'subsample': 0.8518067571432528, 'colsample_bytree': 0.5961799392941978, 'min_child_samples': 66, 'reg_alpha': 0.00622710149866021, 'reg_lambda': 8.140300879808697}. Best is trial 3 with value: 0.09414576577071013.
[I 2026-06-01 11:07:09,004] Trial 14 finished with value: 0.04605294782185372 and parameters: {'confidence_threshold': 0.6613117499385245, 'training_days': 340, 'n_estimators': 404, 'max_depth': 3, 'num_leaves': 24, 'learning_rate': 0.10772928779586863, 'subsample': 0.5914325079496511, 'colsample_bytree': 0.819288883752255, 'min_child_samples': 31, 'reg_alpha': 4.567587780178522e-08, 'reg_lambda': 0.31738156792009736}. Best is trial 3 with value: 0.09414576577071013.
[I 2026-06-01 11:07:09,218] Trial 15 finished with value: 0.0025134521074834824 and parameters: {'confidence_threshold': 0.7763683619066751, 'training_days': 420, 'n_estimators': 289, 'max_depth': 4, 'num_leaves': 32, 'learning_rate': 0.011060874840325394, 'subsample': 0.9716175577919973, 'colsample_bytree': 0.6201348846162655, 'min_child_samples': 74, 'reg_alpha': 1.7661204547828422e-05, 'reg_lambda': 7.274888226727754e-06}. Best is trial 3 with value: 0.09414576577071013.
[I 2026-06-01 11:07:09,548] Trial 16 finished with value: 0.016969139048032704 and parameters: {'confidence_threshold': 0.7023487667180411, 'training_days': 270, 'n_estimators': 432, 'max_depth': 3, 'num_leaves': 18, 'learning_rate': 0.08436819844796714, 'subsample': 0.6928516651723974, 'colsample_bytree': 0.9826162589395974, 'min_child_samples': 59, 'reg_alpha': 0.3403466999682457, 'reg_lambda': 7.89499320419467e-07}. Best is trial 3 with value: 0.09414576577071013.
[I 2026-06-01 11:07:09,824] Trial 17 finished with value: 0.02390084039994937 and parameters: {'confidence_threshold': 0.622186388565255, 'training_days': 430, 'n_estimators': 325, 'max_depth': 4, 'num_leaves': 21, 'learning_rate': 0.04302553031342478, 'subsample': 0.81890988897687, 'colsample_bytree': 0.7984508592594657, 'min_child_samples': 86, 'reg_alpha': 0.001937810591782202, 'reg_lambda': 0.05757531360510894}. Best is trial 3 with value: 0.09414576577071013.
[I 2026-06-01 11:07:10,236] A new study created in memory with name: no-name-605ba03a-3d34-480a-b298-ee60f6151d67
[I 2026-06-01 11:07:10,335] Trial 0 finished with value: -0.1271748315200992 and parameters: {'confidence_threshold': 0.7437642149592516, 'training_days': 150, 'n_estimators': 152, 'max_depth': 4, 'num_leaves': 50, 'learning_rate': 0.04216766425047743, 'subsample': 0.9903820991923078, 'colsample_bytree': 0.8424148692924316, 'min_child_samples': 58, 'reg_alpha': 3.381097259762742e-05, 'reg_lambda': 1.2263152961306247e-05}. Best is trial 0 with value: -0.1271748315200992.
[I 2026-06-01 11:07:10,403] Trial 1 finished with value: -6.095696604101346 and parameters: {'confidence_threshold': 0.7551673975844145, 'training_days': 220, 'n_estimators': 76, 'max_depth': 4, 'num_leaves': 51, 'learning_rate': 0.018602118810743477, 'subsample': 0.5877258780737462, 'colsample_bytree': 0.7657756869209191, 'min_child_samples': 63, 'reg_alpha': 0.005123994170264194, 'reg_lambda': 0.44145470178120466}. Best is trial 0 with value: -0.1271748315200992.
[I 2026-06-01 11:07:10,657] Trial 2 finished with value: -0.010769877163052138 and parameters: {'confidence_threshold': 0.7535593637012223, 'training_days': 310, 'n_estimators': 375, 'max_depth': 3, 'num_leaves': 32, 'learning_rate': 0.021735641882032388, 'subsample': 0.6468570231944146, 'colsample_bytree': 0.8154880619272439, 'min_child_samples': 27, 'reg_alpha': 8.004064028491336e-05, 'reg_lambda': 7.546835261630524e-05}. Best is trial 2 with value: -0.010769877163052138.
[I 2026-06-01 11:07:10,830] Trial 3 finished with value: -0.044154841541984416 and parameters: {'confidence_threshold': 0.6727897841776072, 'training_days': 220, 'n_estimators': 190, 'max_depth': 4, 'num_leaves': 58, 'learning_rate': 0.24810689332636193, 'subsample': 0.7509183379421682, 'colsample_bytree': 0.8119764758960556, 'min_child_samples': 29, 'reg_alpha': 7.1708285081421445e-06, 'reg_lambda': 5.412973582738627e-05}. Best is trial 2 with value: -0.010769877163052138.
[I 2026-06-01 11:07:10,936] Trial 4 finished with value: -0.06333870847209196 and parameters: {'confidence_threshold': 0.803208205259178, 'training_days': 130, 'n_estimators': 267, 'max_depth': 5, 'num_leaves': 40, 'learning_rate': 0.08041175317374143, 'subsample': 0.5603143329951619, 'colsample_bytree': 0.9131704002534167, 'min_child_samples': 68, 'reg_alpha': 0.0008046593428183385, 'reg_lambda': 1.2158346158765583e-05}. Best is trial 2 with value: -0.010769877163052138.
[I 2026-06-01 11:07:11,163] Trial 5 finished with value: -0.04977253100873977 and parameters: {'confidence_threshold': 0.6064422761595144, 'training_days': 210, 'n_estimators': 357, 'max_depth': 5, 'num_leaves': 40, 'learning_rate': 0.0974221287220869, 'subsample': 0.7929682762811064, 'colsample_bytree': 0.8124517510478, 'min_child_samples': 74, 'reg_alpha': 0.3811377260781234, 'reg_lambda': 5.607314238392041e-08}. Best is trial 2 with value: -0.010769877163052138.
[I 2026-06-01 11:07:11,267] Trial 6 finished with value: -0.05094684395021656 and parameters: {'confidence_threshold': 0.7672889945051684, 'training_days': 130, 'n_estimators': 137, 'max_depth': 4, 'num_leaves': 19, 'learning_rate': 0.2031117614248665, 'subsample': 0.8136244860256343, 'colsample_bytree': 0.8617081790949774, 'min_child_samples': 21, 'reg_alpha': 0.002238138278733199, 'reg_lambda': 0.001025809534977322}. Best is trial 2 with value: -0.010769877163052138.
[I 2026-06-01 11:07:11,337] Trial 7 finished with value: -0.18503701722744625 and parameters: {'confidence_threshold': 0.555635875450653, 'training_days': 80, 'n_estimators': 363, 'max_depth': 3, 'num_leaves': 48, 'learning_rate': 0.06590089024008658, 'subsample': 0.6944752870615722, 'colsample_bytree': 0.962566244806993, 'min_child_samples': 88, 'reg_alpha': 1.6465620446426067e-05, 'reg_lambda': 2.4678750890085655e-08}. Best is trial 2 with value: -0.010769877163052138.
[I 2026-06-01 11:07:11,670] Trial 8 finished with value: -0.042497874316028514 and parameters: {'confidence_threshold': 0.6066688256938841, 'training_days': 200, 'n_estimators': 367, 'max_depth': 5, 'num_leaves': 32, 'learning_rate': 0.13377519215934996, 'subsample': 0.7965884582811106, 'colsample_bytree': 0.8458508993500886, 'min_child_samples': 32, 'reg_alpha': 3.889436043816386e-05, 'reg_lambda': 1.4713062489380356e-06}. Best is trial 2 with value: -0.010769877163052138.
[I 2026-06-01 11:07:11,898] Trial 9 finished with value: -0.0487083610516096 and parameters: {'confidence_threshold': 0.6202096049169137, 'training_days': 260, 'n_estimators': 350, 'max_depth': 3, 'num_leaves': 21, 'learning_rate': 0.02989540198065364, 'subsample': 0.8307821683331218, 'colsample_bytree': 0.923253112635361, 'min_child_samples': 64, 'reg_alpha': 0.4898604619604203, 'reg_lambda': 2.9076377687066166e-05}. Best is trial 2 with value: -0.010769877163052138.
[I 2026-06-01 11:07:12,215] Trial 10 finished with value: -1.768902788140831 and parameters: {'confidence_threshold': 0.8445241688507242, 'training_days': 420, 'n_estimators': 494, 'max_depth': 3, 'num_leaves': 30, 'learning_rate': 0.010221918552934462, 'subsample': 0.5019190721168774, 'colsample_bytree': 0.6202684210924141, 'min_child_samples': 45, 'reg_alpha': 1.5494783182896407e-08, 'reg_lambda': 0.018878930586497852}. Best is trial 2 with value: -0.010769877163052138.
[I 2026-06-01 11:07:12,706] Trial 11 finished with value: 0.019369487602296974 and parameters: {'confidence_threshold': 0.5130958894507832, 'training_days': 350, 'n_estimators': 481, 'max_depth': 5, 'num_leaves': 28, 'learning_rate': 0.11975677381222764, 'subsample': 0.6581542700946174, 'colsample_bytree': 0.6661831737797719, 'min_child_samples': 39, 'reg_alpha': 1.3319697765332087e-07, 'reg_lambda': 5.381542235082722e-07}. Best is trial 11 with value: 0.019369487602296974.
[I 2026-06-01 11:07:13,020] Trial 12 finished with value: -0.018553707359564697 and parameters: {'confidence_threshold': 0.5163281048632233, 'training_days': 360, 'n_estimators': 498, 'max_depth': 3, 'num_leaves': 27, 'learning_rate': 0.021442972716943478, 'subsample': 0.6547963021624791, 'colsample_bytree': 0.6669454130036883, 'min_child_samples': 45, 'reg_alpha': 7.751143417766229e-08, 'reg_lambda': 4.5138649635298575e-07}. Best is trial 11 with value: 0.019369487602296974.
[I 2026-06-01 11:07:13,410] Trial 13 finished with value: -0.005825046907709797 and parameters: {'confidence_threshold': 0.675744999501409, 'training_days': 340, 'n_estimators': 429, 'max_depth': 5, 'num_leaves': 36, 'learning_rate': 0.04317436237981049, 'subsample': 0.6551660007450526, 'colsample_bytree': 0.5443982906148261, 'min_child_samples': 43, 'reg_alpha': 5.685432583088676e-07, 'reg_lambda': 0.0025044373060926057}. Best is trial 11 with value: 0.019369487602296974.
[I 2026-06-01 11:07:13,816] Trial 14 finished with value: 0.07623964292717615 and parameters: {'confidence_threshold': 0.6727342043898914, 'training_days': 490, 'n_estimators': 438, 'max_depth': 5, 'num_leaves': 15, 'learning_rate': 0.04845593946981536, 'subsample': 0.9182426786262438, 'colsample_bytree': 0.5024069721838815, 'min_child_samples': 44, 'reg_alpha': 1.928249988058155e-07, 'reg_lambda': 0.0038081143008355752}. Best is trial 14 with value: 0.07623964292717615.
[I 2026-06-01 11:07:14,243] Trial 15 finished with value: 0.022996365996902184 and parameters: {'confidence_threshold': 0.5026055290809989, 'training_days': 500, 'n_estimators': 438, 'max_depth': 5, 'num_leaves': 15, 'learning_rate': 0.13465106483487854, 'subsample': 0.9296279388562269, 'colsample_bytree': 0.5093920150666754, 'min_child_samples': 51, 'reg_alpha': 7.298486787259832e-07, 'reg_lambda': 3.5532501480887757}. Best is trial 14 with value: 0.07623964292717615.
[I 2026-06-01 11:07:14,523] Trial 16 finished with value: 0.07351533401732407 and parameters: {'confidence_threshold': 0.685074648960944, 'training_days': 500, 'n_estimators': 279, 'max_depth': 5, 'num_leaves': 15, 'learning_rate': 0.15391146783035334, 'subsample': 0.9346216711835138, 'colsample_bytree': 0.501220798608837, 'min_child_samples': 51, 'reg_alpha': 1.473292903012884e-06, 'reg_lambda': 4.991747374949433}. Best is trial 14 with value: 0.07623964292717615.
[I 2026-06-01 11:07:14,740] Trial 17 finished with value: 0.10120738017007014 and parameters: {'confidence_threshold': 0.6825760317001965, 'training_days': 490, 'n_estimators': 263, 'max_depth': 5, 'num_leaves': 15, 'learning_rate': 0.052448864822826596, 'subsample': 0.9151933682406586, 'colsample_bytree': 0.5858872730478569, 'min_child_samples': 87, 'reg_alpha': 1.275487694426022e-08, 'reg_lambda': 0.07562872420657153}. Best is trial 17 with value: 0.10120738017007014.
[I 2026-06-01 11:07:15,143] A new study created in memory with name: no-name-59377e0f-d23b-4881-8324-07d6e80ce86e
[I 2026-06-01 11:07:15,343] Trial 0 finished with value: -0.048515970094328384 and parameters: {'confidence_threshold': 0.5870645682749857, 'training_days': 90, 'n_estimators': 403, 'max_depth': 5, 'num_leaves': 45, 'learning_rate': 0.0780457193679974, 'subsample': 0.9428509515574568, 'colsample_bytree': 0.8795587339164916, 'min_child_samples': 34, 'reg_alpha': 2.2465901234314442e-07, 'reg_lambda': 8.339007036475363e-05}. Best is trial 0 with value: -0.048515970094328384.
[I 2026-06-01 11:07:15,448] Trial 1 finished with value: -0.006035906966562646 and parameters: {'confidence_threshold': 0.6348453934275313, 'training_days': 290, 'n_estimators': 115, 'max_depth': 5, 'num_leaves': 37, 'learning_rate': 0.06949568759029946, 'subsample': 0.8228505074024268, 'colsample_bytree': 0.8616703220431751, 'min_child_samples': 75, 'reg_alpha': 4.2486822725010923e-07, 'reg_lambda': 1.157247767047042e-07}. Best is trial 1 with value: -0.006035906966562646.
