[I 2026-06-01 11:09:28,755] Trial 6 finished with value: 0.037557077901440666 and parameters: {'confidence_threshold': 0.5493234787411669, 'training_days': 410, 'n_estimators': 83, 'max_depth': 5, 'num_leaves': 52, 'learning_rate': 0.019657448966046126, 'subsample': 0.5027610585618012, 'colsample_bytree': 0.9077307142274171, 'min_child_samples': 77, 'reg_alpha': 0.03639690979811287, 'reg_lambda': 0.08738424135626986}. Best is trial 3 with value: 0.07251281210262658.
[I 2026-06-01 11:09:28,846] Trial 7 finished with value: -0.10837802940608679 and parameters: {'confidence_threshold': 0.5259156281069316, 'training_days': 180, 'n_estimators': 102, 'max_depth': 5, 'num_leaves': 45, 'learning_rate': 0.030816017044468066, 'subsample': 0.5317791751430119, 'colsample_bytree': 0.6554911608578311, 'min_child_samples': 46, 'reg_alpha': 0.036851536911881845, 'reg_lambda': 0.005470376807480391}. Best is trial 3 with value: 0.07251281210262658.
[I 2026-06-01 11:09:28,953] Trial 8 finished with value: 0.06544027207437632 and parameters: {'confidence_threshold': 0.8105244599017143, 'training_days': 240, 'n_estimators': 103, 'max_depth': 5, 'num_leaves': 52, 'learning_rate': 0.06746437142284309, 'subsample': 0.8854835899772805, 'colsample_bytree': 0.7468977981821954, 'min_child_samples': 62, 'reg_alpha': 7.04480806377519e-05, 'reg_lambda': 1.6934490731313353e-08}. Best is trial 3 with value: 0.07251281210262658.

    [trial 8] 46 features, training_days=450 | threshold=0.720 | labels: 927 long, 1241 short (43/57%)
    [trial 8] Sharpe=0.0715 (folds: 0.0587, -0.0096, 0.0744, 0.2620, -0.0281)
    [trial 9] 46 features, training_days=20 | threshold=0.727 | labels: 927 long, 1241 short (43/57%)
    [trial 9] Sharpe=-3.9372 (folds: -10.0000, -0.0011, -10.0000, -0.1550, 0.4703)
    [trial 10] 46 features, training_days=400 | threshold=0.828 | labels: 927 long, 1241 short (43/57%)
    [trial 10] Sharpe=0.1542 (folds: 0.2344, -0.3109, 0.0764, 0.6326, 0.1384)
    [trial 11] 46 features, training_days=400 | threshold=0.843 | labels: 927 long, 1241 short (43/57%)
    [trial 11] Sharpe=0.1749 (folds: 0.2215, -0.4253, 0.0086, 0.7738, 0.2958)
    [trial 12] 46 features, training_days=380 | threshold=0.844 | labels: 927 long, 1241 short (43/57%)
    [trial 12] Sharpe=-1.7697 (folds: 0.3682, -0.2567, -10.0000, 0.6219, 0.4181)
    [trial 13] 46 features, training_days=360 | threshold=0.849 | labels: 927 long, 1241 short (43/57%)
    [trial 13] Sharpe=0.1464 (folds: 0.3377, -0.3091, -0.0013, 0.5505, 0.1542)
    [trial 14] 46 features, training_days=210 | threshold=0.792 | labels: 927 long, 1241 short (43/57%)
    [trial 14] Sharpe=0.0454 (folds: 0.1599, -0.0755, 0.1050, 0.1638, -0.1263)
    [trial 15] 46 features, training_days=350 | threshold=0.783 | labels: 927 long, 1241 short (43/57%)
    [trial 15] Sharpe=0.1557 (folds: 0.0977, -0.1620, 0.1738, 0.4946, 0.1744)
    [trial 16] 46 features, training_days=330 | threshold=0.781 | labels: 927 long, 1241 short (43/57%)
    [trial 16] Sharpe=0.1079 (folds: 0.1216, -0.1636, 0.1227, 0.3562, 0.1024)
    [trial 17] 46 features, training_days=490 | threshold=0.779 | labels: 927 long, 1241 short (43/57%)
    [trial 17] Sharpe=0.1495 (folds: 0.1439, -0.1191, 0.1180, 0.5806, 0.0238)
  Optuna: 18 trials, best Sharpe = 0.1749
  Best params: n_estimators=478, max_depth=4, lr=0.0100, leaves=61
  Best confidence_threshold: 0.843
  Best training_days: 400
  Retrained on full data (1200 samples, 46 features)
  OOD: 16 features, cutoff (q=0.7) = 13.03
  Model trained for 2026-03: 93 test candles with features, confidence_threshold=0.781
[predict] 2026-03-02 00:00 DOTUSDT → SHORT (proba=0.84 TP=21.6%/SL=10.8%)
[trade:open] 2026-03-02 07:59 DOTUSDT SHORT @ 1.51 | SL=1.67 TP=1.18 | timeout=2026-03-09 07:59
[trade:close] 2026-03-09 08:00 DOTUSDT SHORT → timeout @ 1.49 | PnL=+1.59% (net +1.49%) | cum=+105.24% 2026-03=+1.49% 2026-03-09=+1.49%
[predict] 2026-03-24 16:00 DOTUSDT → LONG (proba=0.79 TP=11.4%/SL=5.7%)
[trade:open] 2026-03-24 23:59 DOTUSDT LONG @ 1.40 | SL=1.32 TP=1.56 | timeout=2026-03-31 23:59
[trade:close] 2026-03-26 07:59 DOTUSDT LONG → stop_loss @ 1.32 | PnL=-5.69% (net -5.79%) | cum=+99.45% 2026-03=-4.30% 2026-03-26=-5.79%
[lgbm] === Training for 2026-04 ===
  Train window: 2024-04-01 → 2026-03-24
  2168 training samples from 1 symbols
  Samples per month: 2024-04: 90, 2024-05: 93, 2024-06: 90, 2024-07: 93, 2024-08: 93, 2024-09: 90, 2024-10: 93, 2024-11: 90, 2024-12: 93, 2025-01: 93, 2025-02: 84, 2025-03: 93, 2025-04: 90, 2025-05: 93, 2025-06: 90, 2025-07: 93, 2025-08: 93, 2025-09: 90, 2025-10: 93, 2025-11: 90, 2025-12: 93, 2026-01: 93, 2026-02: 84, 2026-03: 71
  [label] 2024-06-01 16:00 DOTUSDT entry=7.0670 → SHORT | long=sl(-4.64%) short=tp(+8.98%) | scanned=18 | short_tp_only
  [label] 2024-06-03 16:00 DOTUSDT entry=7.0120 → SHORT | long=sl(-4.47%) short=tp(+8.65%) | scanned=12 | short_tp_only
  [label] 2024-06-07 16:00 DOTUSDT entry=6.6540 → SHORT | long=sl(-6.88%) short=timeout(+7.32%) | scanned=22 | no_tp→fwd_return=-7.4241
  [label] 2024-07-02 08:00 DOTUSDT entry=6.3760 → SHORT | long=sl(-4.56%) short=tp(+8.82%) | scanned=5 | short_tp_only
  [label] 2024-08-23 16:00 DOTUSDT entry=4.8900 → SHORT | long=sl(-4.54%) short=tp(+8.78%) | scanned=12 | short_tp_only
  [label] 2025-02-05 16:00 DOTUSDT entry=4.6860 → LONG | long=timeout(+11.40%) short=sl(-13.58%) | scanned=22 | no_tp→fwd_return=+11.5023
  [label] 2025-02-09 16:00 DOTUSDT entry=4.7590 → LONG | long=timeout(+2.34%) short=sl(-9.98%) | scanned=22 | no_tp→fwd_return=+2.4375
  [label] 2025-02-20 08:00 DOTUSDT entry=4.9240 → SHORT | long=sl(-6.19%) short=sl(-6.19%) | scanned=12 | no_tp→fwd_return=-5.2803
  [label] 2025-04-06 08:00 DOTUSDT entry=3.8900 → SHORT | long=sl(-5.85%) short=tp(+11.41%) | scanned=2 | short_tp_only
  [label] 2025-04-14 16:00 DOTUSDT entry=3.6730 → LONG | long=timeout(+2.70%) short=sl(-7.03%) | scanned=22 | no_tp→fwd_return=+2.8042
  [label] 2025-07-14 00:00 DOTUSDT entry=4.1500 → LONG | long=sl(-6.47%) short=sl(-6.47%) | scanned=12 | no_tp→fwd_return=+8.1205
  [label] 2025-08-15 00:00 DOTUSDT entry=4.0310 → SHORT | long=sl(-6.82%) short=timeout(+4.66%) | scanned=22 | no_tp→fwd_return=-4.7631
  [label] 2025-08-31 00:00 DOTUSDT entry=3.8020 → LONG | long=timeout(+1.19%) short=timeout(-1.39%) | scanned=22 | no_tp→fwd_return=+1.2888
  [label] 2025-09-12 16:00 DOTUSDT entry=4.3180 → SHORT | long=sl(-4.26%) short=sl(-4.26%) | scanned=8 | no_tp→fwd_return=-4.1223
  [label] 2025-10-01 08:00 DOTUSDT entry=4.0720 → LONG | long=timeout(+1.45%) short=sl(-5.01%) | scanned=22 | no_tp→fwd_return=+1.5472
  [label] 2025-10-07 16:00 DOTUSDT entry=4.1360 → SHORT | long=sl(-6.07%) short=tp(+11.83%) | scanned=9 | short_tp_only
  [label] 2025-10-20 00:00 DOTUSDT entry=3.0910 → LONG | long=sl(-8.43%) short=timeout(-3.63%) | scanned=22 | no_tp→fwd_return=+3.5264
  [label] 2025-11-28 08:00 DOTUSDT entry=2.3500 → SHORT | long=sl(-6.32%) short=tp(+12.34%) | scanned=8 | short_tp_only
  [label] 2025-12-08 08:00 DOTUSDT entry=2.1300 → SHORT | long=sl(-6.26%) short=sl(-6.26%) | scanned=12 | no_tp→fwd_return=-7.6995
  [label] 2026-03-04 08:00 DOTUSDT entry=1.5540 → SHORT | long=timeout(-2.55%) short=timeout(+2.35%) | scanned=22 | no_tp→fwd_return=-2.4453
  Labels: 928 long (42.8%), 1240 short (57.2%) | weights: min=1.00, mean=3.44, max=10.00
  Features: 2168/2168 matched, 46 columns
  CV gap: 22 rows
  [ensemble 1/3] seed=42
    [trial 0] 46 features, training_days=480 | threshold=0.631 | labels: 928 long, 1240 short (43/57%)
    [CV fold 0] train_end=2024-07-23 08:00 | val_start=2024-07-31 00:00 | gap=184h (22 rows)
    [CV fold 1] train_end=2024-11-20 16:00 | val_start=2024-11-28 08:00 | gap=184h (22 rows)
    [CV fold 2] train_end=2025-03-21 00:00 | val_start=2025-03-28 16:00 | gap=184h (22 rows)
    [CV fold 3] train_end=2025-07-19 08:00 | val_start=2025-07-27 00:00 | gap=184h (22 rows)
    [CV fold 4] train_end=2025-11-16 16:00 | val_start=2025-11-24 08:00 | gap=184h (22 rows)
    [trial 0] Sharpe=0.0119 (folds: -0.1617, -0.1331, 0.1263, 0.4235, -0.1956)
    [trial 1] 46 features, training_days=420 | threshold=0.839 | labels: 928 long, 1240 short (43/57%)
    [trial 1] Sharpe=-4.0640 (folds: -0.0091, -0.2555, -10.0000, -10.0000, -0.0555)
    [trial 2] 46 features, training_days=190 | threshold=0.602 | labels: 928 long, 1240 short (43/57%)
    [trial 2] Sharpe=-0.0648 (folds: -0.1543, -0.2364, 0.0415, 0.0868, -0.0617)
    [trial 3] 46 features, training_days=490 | threshold=0.832 | labels: 928 long, 1240 short (43/57%)
    [trial 3] Sharpe=0.0725 (folds: -0.0001, 0.0664, 0.0629, 0.2640, -0.0306)
    [trial 4] 46 features, training_days=340 | threshold=0.591 | labels: 928 long, 1240 short (43/57%)
    [trial 4] Sharpe=-0.0014 (folds: -0.2478, -0.0651, 0.1498, 0.3854, -0.2290)
    [trial 5] 46 features, training_days=50 | threshold=0.823 | labels: 928 long, 1240 short (43/57%)
    [trial 5] Sharpe=-0.1234 (folds: 0.1058, 0.1513, -0.4952, -0.4487, 0.0700)
    [trial 6] 46 features, training_days=410 | threshold=0.549 | labels: 928 long, 1240 short (43/57%)
    [trial 6] Sharpe=0.0376 (folds: -0.1565, -0.0903, 0.1761, 0.3826, -0.1241)
    [trial 7] 46 features, training_days=180 | threshold=0.526 | labels: 928 long, 1240 short (43/57%)
    [trial 7] Sharpe=-0.1084 (folds: -0.0909, -0.2109, -0.1192, -0.1051, -0.0157)
    [trial 8] 46 features, training_days=240 | threshold=0.811 | labels: 928 long, 1240 short (43/57%)
    [trial 8] Sharpe=0.0654 (folds: 0.0397, -0.0505, 0.1547, 0.2379, -0.0546)
    [trial 9] 46 features, training_days=20 | threshold=0.538 | labels: 928 long, 1240 short (43/57%)[I 2026-06-01 11:09:28,977] Trial 9 finished with value: -0.08553974211984122 and parameters: {'confidence_threshold': 0.5377619994476566, 'training_days': 20, 'n_estimators': 337, 'max_depth': 3, 'num_leaves': 39, 'learning_rate': 0.21907142272152816, 'subsample': 0.6246461145744375, 'colsample_bytree': 0.7051914615178149, 'min_child_samples': 81, 'reg_alpha': 1.1459970229341322e-06, 'reg_lambda': 4.929685216887945e-08}. Best is trial 3 with value: 0.07251281210262658.
[I 2026-06-01 11:09:29,457] Trial 10 finished with value: 0.026064550987475586 and parameters: {'confidence_threshold': 0.7301111584710253, 'training_days': 350, 'n_estimators': 487, 'max_depth': 4, 'num_leaves': 15, 'learning_rate': 0.1457937958927628, 'subsample': 0.6806559982209046, 'colsample_bytree': 0.5055805119629307, 'min_child_samples': 27, 'reg_alpha': 1.290626345465208e-08, 'reg_lambda': 8.530248590348572}. Best is trial 3 with value: 0.07251281210262658.
[I 2026-06-01 11:09:29,789] Trial 11 finished with value: 0.07196539045540276 and parameters: {'confidence_threshold': 0.7615879655568232, 'training_days': 240, 'n_estimators': 496, 'max_depth': 4, 'num_leaves': 60, 'learning_rate': 0.08372255848813177, 'subsample': 0.8838129988503957, 'colsample_bytree': 0.6079180203564428, 'min_child_samples': 56, 'reg_alpha': 5.144645431489937e-05, 'reg_lambda': 7.868729181011707e-06}. Best is trial 3 with value: 0.07251281210262658.
[I 2026-06-01 11:09:30,021] Trial 12 finished with value: -0.077702195806483 and parameters: {'confidence_threshold': 0.7352188398617514, 'training_days': 120, 'n_estimators': 497, 'max_depth': 4, 'num_leaves': 60, 'learning_rate': 0.09894162917596783, 'subsample': 0.836087844644569, 'colsample_bytree': 0.596601890424527, 'min_child_samples': 53, 'reg_alpha': 1.2372298153592243e-08, 'reg_lambda': 8.348297043432798e-06}. Best is trial 3 with value: 0.07251281210262658.
[I 2026-06-01 11:09:30,284] Trial 13 finished with value: 0.08980688818053843 and parameters: {'confidence_threshold': 0.7512132088079106, 'training_days': 300, 'n_estimators': 418, 'max_depth': 3, 'num_leaves': 62, 'learning_rate': 0.10724450253328564, 'subsample': 0.9293775058196592, 'colsample_bytree': 0.5962327473537032, 'min_child_samples': 31, 'reg_alpha': 6.086351326352555e-05, 'reg_lambda': 2.1573112424412734e-05}. Best is trial 13 with value: 0.08980688818053843.
[I 2026-06-01 11:09:30,550] Trial 14 finished with value: 0.014404801161979503 and parameters: {'confidence_threshold': 0.6848615936326523, 'training_days': 500, 'n_estimators': 404, 'max_depth': 3, 'num_leaves': 33, 'learning_rate': 0.14245863607446319, 'subsample': 0.9913430783889023, 'colsample_bytree': 0.7986321057157855, 'min_child_samples': 21, 'reg_alpha': 6.243069797304175, 'reg_lambda': 6.551588619002162}. Best is trial 13 with value: 0.08980688818053843.
[I 2026-06-01 11:09:30,822] Trial 15 finished with value: 0.006927751313110586 and parameters: {'confidence_threshold': 0.7782804560391666, 'training_days': 360, 'n_estimators': 410, 'max_depth': 3, 'num_leaves': 16, 'learning_rate': 0.2833814014035343, 'subsample': 0.7126287754051754, 'colsample_bytree': 0.5868508333541961, 'min_child_samples': 34, 'reg_alpha': 1.4246713035916907e-07, 'reg_lambda': 1.8805365341322147e-05}. Best is trial 13 with value: 0.08980688818053843.
[I 2026-06-01 11:09:31,029] Trial 16 finished with value: -0.013170981452265284 and parameters: {'confidence_threshold': 0.695815704131771, 'training_days': 320, 'n_estimators': 310, 'max_depth': 3, 'num_leaves': 49, 'learning_rate': 0.12648000257174097, 'subsample': 0.9371158895275773, 'colsample_bytree': 0.5487758475949858, 'min_child_samples': 36, 'reg_alpha': 1.5540788221459596e-05, 'reg_lambda': 0.23529158002820744}. Best is trial 13 with value: 0.08980688818053843.
[I 2026-06-01 11:09:31,290] Trial 17 finished with value: -1.9240526529706727 and parameters: {'confidence_threshold': 0.789403558838043, 'training_days': 420, 'n_estimators': 446, 'max_depth': 3, 'num_leaves': 63, 'learning_rate': 0.010425658055299656, 'subsample': 0.8213630284102378, 'colsample_bytree': 0.6505152466626335, 'min_child_samples': 93, 'reg_alpha': 0.0007144692881182754, 'reg_lambda': 9.271612043939698e-05}. Best is trial 13 with value: 0.08980688818053843.
[I 2026-06-01 11:09:31,852] A new study created in memory with name: no-name-6da15b0b-08aa-4663-8c93-70963140a036
[I 2026-06-01 11:09:31,945] Trial 0 finished with value: -0.16538823878127684 and parameters: {'confidence_threshold': 0.7437642149592516, 'training_days': 150, 'n_estimators': 152, 'max_depth': 4, 'num_leaves': 50, 'learning_rate': 0.04216766425047743, 'subsample': 0.9903820991923078, 'colsample_bytree': 0.8424148692924316, 'min_child_samples': 58, 'reg_alpha': 3.381097259762742e-05, 'reg_lambda': 1.2263152961306247e-05}. Best is trial 0 with value: -0.16538823878127684.
[I 2026-06-01 11:09:32,018] Trial 1 finished with value: -6.014295479949 and parameters: {'confidence_threshold': 0.7551673975844145, 'training_days': 220, 'n_estimators': 76, 'max_depth': 4, 'num_leaves': 51, 'learning_rate': 0.018602118810743477, 'subsample': 0.5877258780737462, 'colsample_bytree': 0.7657756869209191, 'min_child_samples': 63, 'reg_alpha': 0.005123994170264194, 'reg_lambda': 0.44145470178120466}. Best is trial 0 with value: -0.16538823878127684.
[I 2026-06-01 11:09:32,265] Trial 2 finished with value: -0.008074787308286199 and parameters: {'confidence_threshold': 0.7535593637012223, 'training_days': 310, 'n_estimators': 375, 'max_depth': 3, 'num_leaves': 32, 'learning_rate': 0.021735641882032388, 'subsample': 0.6468570231944146, 'colsample_bytree': 0.8154880619272439, 'min_child_samples': 27, 'reg_alpha': 8.004064028491336e-05, 'reg_lambda': 7.546835261630524e-05}. Best is trial 2 with value: -0.008074787308286199.
[I 2026-06-01 11:09:32,437] Trial 3 finished with value: -0.017647262752605825 and parameters: {'confidence_threshold': 0.6727897841776072, 'training_days': 220, 'n_estimators': 190, 'max_depth': 4, 'num_leaves': 58, 'learning_rate': 0.24810689332636193, 'subsample': 0.7509183379421682, 'colsample_bytree': 0.8119764758960556, 'min_child_samples': 29, 'reg_alpha': 7.1708285081421445e-06, 'reg_lambda': 5.412973582738627e-05}. Best is trial 2 with value: -0.008074787308286199.
[I 2026-06-01 11:09:32,562] Trial 4 finished with value: -0.0712563234633489 and parameters: {'confidence_threshold': 0.803208205259178, 'training_days': 130, 'n_estimators': 267, 'max_depth': 5, 'num_leaves': 40, 'learning_rate': 0.08041175317374143, 'subsample': 0.5603143329951619, 'colsample_bytree': 0.9131704002534167, 'min_child_samples': 68, 'reg_alpha': 0.0008046593428183385, 'reg_lambda': 1.2158346158765583e-05}. Best is trial 2 with value: -0.008074787308286199.
[I 2026-06-01 11:09:32,801] Trial 5 finished with value: -0.02032653055721905 and parameters: {'confidence_threshold': 0.6064422761595144, 'training_days': 210, 'n_estimators': 357, 'max_depth': 5, 'num_leaves': 40, 'learning_rate': 0.0974221287220869, 'subsample': 0.7929682762811064, 'colsample_bytree': 0.8124517510478, 'min_child_samples': 74, 'reg_alpha': 0.3811377260781234, 'reg_lambda': 5.607314238392041e-08}. Best is trial 2 with value: -0.008074787308286199.
[I 2026-06-01 11:09:32,916] Trial 6 finished with value: -0.08266656272544698 and parameters: {'confidence_threshold': 0.7672889945051684, 'training_days': 130, 'n_estimators': 137, 'max_depth': 4, 'num_leaves': 19, 'learning_rate': 0.2031117614248665, 'subsample': 0.8136244860256343, 'colsample_bytree': 0.8617081790949774, 'min_child_samples': 21, 'reg_alpha': 0.002238138278733199, 'reg_lambda': 0.001025809534977322}. Best is trial 2 with value: -0.008074787308286199.
[I 2026-06-01 11:09:32,997] Trial 7 finished with value: -0.16556936740965028 and parameters: {'confidence_threshold': 0.555635875450653, 'training_days': 80, 'n_estimators': 363, 'max_depth': 3, 'num_leaves': 48, 'learning_rate': 0.06590089024008658, 'subsample': 0.6944752870615722, 'colsample_bytree': 0.962566244806993, 'min_child_samples': 88, 'reg_alpha': 1.6465620446426067e-05, 'reg_lambda': 2.4678750890085655e-08}. Best is trial 2 with value: -0.008074787308286199.
[I 2026-06-01 11:09:33,332] Trial 8 finished with value: -0.042646793670570074 and parameters: {'confidence_threshold': 0.6066688256938841, 'training_days': 200, 'n_estimators': 367, 'max_depth': 5, 'num_leaves': 32, 'learning_rate': 0.13377519215934996, 'subsample': 0.7965884582811106, 'colsample_bytree': 0.8458508993500886, 'min_child_samples': 32, 'reg_alpha': 3.889436043816386e-05, 'reg_lambda': 1.4713062489380356e-06}. Best is trial 2 with value: -0.008074787308286199.
[I 2026-06-01 11:09:33,555] Trial 9 finished with value: 0.018073140267692495 and parameters: {'confidence_threshold': 0.6202096049169137, 'training_days': 260, 'n_estimators': 350, 'max_depth': 3, 'num_leaves': 21, 'learning_rate': 0.02989540198065364, 'subsample': 0.8307821683331218, 'colsample_bytree': 0.923253112635361, 'min_child_samples': 64, 'reg_alpha': 0.4898604619604203, 'reg_lambda': 2.9076377687066166e-05}. Best is trial 9 with value: 0.018073140267692495.
[I 2026-06-01 11:09:33,865] Trial 10 finished with value: 0.01477037974451017 and parameters: {'confidence_threshold': 0.5342665212695602, 'training_days': 470, 'n_estimators': 493, 'max_depth': 3, 'num_leaves': 17, 'learning_rate': 0.010221918552934462, 'subsample': 0.9317514110288623, 'colsample_bytree': 0.6202684210924141, 'min_child_samples': 47, 'reg_alpha': 2.371385268938747e-08, 'reg_lambda': 0.010291221835057122}. Best is trial 9 with value: 0.018073140267692495.
[I 2026-06-01 11:09:34,177] Trial 11 finished with value: 0.0021503690069493266 and parameters: {'confidence_threshold': 0.5053494267891926, 'training_days': 500, 'n_estimators': 493, 'max_depth': 3, 'num_leaves': 18, 'learning_rate': 0.010535067237031154, 'subsample': 0.933879905812802, 'colsample_bytree': 0.6012148974081734, 'min_child_samples': 47, 'reg_alpha': 1.0529589035799712e-08, 'reg_lambda': 0.013871773681252968}. Best is trial 9 with value: 0.018073140267692495.
[I 2026-06-01 11:09:34,488] Trial 12 finished with value: 0.029997534958285305 and parameters: {'confidence_threshold': 0.6439675088049779, 'training_days': 360, 'n_estimators': 498, 'max_depth': 3, 'num_leaves': 15, 'learning_rate': 0.01028303743746807, 'subsample': 0.8941395335595879, 'colsample_bytree': 0.5773925919454104, 'min_child_samples': 45, 'reg_alpha': 6.210448045058425, 'reg_lambda': 0.011523852754099638}. Best is trial 12 with value: 0.029997534958285305.
[I 2026-06-01 11:09:34,779] Trial 13 finished with value: 0.039656173181019265 and parameters: {'confidence_threshold': 0.6700427204346129, 'training_days': 340, 'n_estimators': 436, 'max_depth': 3, 'num_leaves': 26, 'learning_rate': 0.03144691400133916, 'subsample': 0.8851329824787801, 'colsample_bytree': 0.6816013745879752, 'min_child_samples': 47, 'reg_alpha': 4.206684672362048, 'reg_lambda': 2.232283043496008}. Best is trial 13 with value: 0.039656173181019265.
[I 2026-06-01 11:09:35,061] Trial 14 finished with value: 0.04180655813780341 and parameters: {'confidence_threshold': 0.6968624890517784, 'training_days': 380, 'n_estimators': 444, 'max_depth': 3, 'num_leaves': 26, 'learning_rate': 0.01645102485501106, 'subsample': 0.897861176511748, 'colsample_bytree': 0.5089272797033803, 'min_child_samples': 44, 'reg_alpha': 1.0828992301216012, 'reg_lambda': 2.528389448647489}. Best is trial 14 with value: 0.04180655813780341.
[I 2026-06-01 11:09:35,414] Trial 15 finished with value: 0.05647718585605209 and parameters: {'confidence_threshold': 0.7026792000358675, 'training_days': 400, 'n_estimators': 428, 'max_depth': 4, 'num_leaves': 28, 'learning_rate': 0.03965637423700845, 'subsample': 0.8806748492894523, 'colsample_bytree': 0.5093920150666754, 'min_child_samples': 39, 'reg_alpha': 9.089658786926963, 'reg_lambda': 7.68150682783359}. Best is trial 15 with value: 0.05647718585605209.
