[I 2026-06-01 11:04:43,422] Trial 9 finished with value: -8.033265406138359 and parameters: {'confidence_threshold': 0.7267463643917187, 'training_days': 20, 'n_estimators': 337, 'max_depth': 5, 'num_leaves': 23, 'learning_rate': 0.022153031811454605, 'subsample': 0.6305627572358737, 'colsample_bytree': 0.6613413774216214, 'min_child_samples': 81, 'reg_alpha': 5.7638634029410314e-08, 'reg_lambda': 8.26603016764008}. Best is trial 1 with value: 0.011435685169207854.
[I 2026-06-01 11:04:43,574] Trial 10 finished with value: -8.050078218889468 and parameters: {'confidence_threshold': 0.8398533911817929, 'training_days': 320, 'n_estimators': 181, 'max_depth': 4, 'num_leaves': 15, 'learning_rate': 0.013684491588422613, 'subsample': 0.7320664585010437, 'colsample_bytree': 0.9944479338273263, 'min_child_samples': 74, 'reg_alpha': 4.136971884522066e-05, 'reg_lambda': 1.4599322889399585e-08}. Best is trial 1 with value: 0.011435685169207854.
[I 2026-06-01 11:04:43,658] Trial 11 finished with value: -0.014196915949327964 and parameters: {'confidence_threshold': 0.6075016155177957, 'training_days': 300, 'n_estimators': 54, 'max_depth': 4, 'num_leaves': 29, 'learning_rate': 0.1006199621535868, 'subsample': 0.741942921860466, 'colsample_bytree': 0.8016610248739169, 'min_child_samples': 21, 'reg_alpha': 2.5646023357365184e-05, 'reg_lambda': 0.00647465266809438}. Best is trial 1 with value: 0.011435685169207854.
[I 2026-06-01 11:04:43,722] Trial 12 finished with value: -0.022395595793086788 and parameters: {'confidence_threshold': 0.5145853631584999, 'training_days': 220, 'n_estimators': 54, 'max_depth': 4, 'num_leaves': 30, 'learning_rate': 0.13007949331851176, 'subsample': 0.6658254399764199, 'colsample_bytree': 0.8750909515331022, 'min_child_samples': 64, 'reg_alpha': 7.696286523139123e-06, 'reg_lambda': 1.4304147444691813e-06}. Best is trial 1 with value: 0.011435685169207854.
[I 2026-06-01 11:04:43,847] Trial 13 finished with value: -0.07430313571105222 and parameters: {'confidence_threshold': 0.6308026073906248, 'training_days': 350, 'n_estimators': 123, 'max_depth': 4, 'num_leaves': 55, 'learning_rate': 0.15892994284987041, 'subsample': 0.7994520857725542, 'colsample_bytree': 0.8893154471266328, 'min_child_samples': 79, 'reg_alpha': 0.004306968559095825, 'reg_lambda': 0.000851875267961985}. Best is trial 1 with value: 0.011435685169207854.
[I 2026-06-01 11:04:44,360] Trial 14 finished with value: -0.03892953851253627 and parameters: {'confidence_threshold': 0.5122746539010691, 'training_days': 380, 'n_estimators': 500, 'max_depth': 5, 'num_leaves': 31, 'learning_rate': 0.26695507533247553, 'subsample': 0.5024308104942443, 'colsample_bytree': 0.7084126162811666, 'min_child_samples': 22, 'reg_alpha': 2.1928343333731116e-06, 'reg_lambda': 9.095925666395889e-07}. Best is trial 1 with value: 0.011435685169207854.
[I 2026-06-01 11:04:44,483] Trial 15 finished with value: -0.023931138612680404 and parameters: {'confidence_threshold': 0.7829525506318393, 'training_days': 260, 'n_estimators': 109, 'max_depth': 4, 'num_leaves': 19, 'learning_rate': 0.07515708059760541, 'subsample': 0.960914876027716, 'colsample_bytree': 0.9813299066503459, 'min_child_samples': 50, 'reg_alpha': 0.00018419910213455802, 'reg_lambda': 5.657619236140179e-06}. Best is trial 1 with value: 0.011435685169207854.
[I 2026-06-01 11:04:44,593] Trial 16 finished with value: -0.012812373382893077 and parameters: {'confidence_threshold': 0.5473627902519705, 'training_days': 160, 'n_estimators': 216, 'max_depth': 5, 'num_leaves': 33, 'learning_rate': 0.09515444734185605, 'subsample': 0.6658770761720672, 'colsample_bytree': 0.8240976040748896, 'min_child_samples': 90, 'reg_alpha': 2.1188904808162115e-06, 'reg_lambda': 0.002831092436065581}. Best is trial 1 with value: 0.011435685169207854.
[I 2026-06-01 11:04:44,669] Trial 17 finished with value: -0.017382117656552863 and parameters: {'confidence_threshold': 0.6488298805973919, 'training_days': 270, 'n_estimators': 95, 'max_depth': 3, 'num_leaves': 51, 'learning_rate': 0.1913942156766461, 'subsample': 0.8002407697944357, 'colsample_bytree': 0.7275168955469216, 'min_child_samples': 70, 'reg_alpha': 1.3161602248786953e-08, 'reg_lambda': 0.03910706564698035}. Best is trial 1 with value: 0.011435685169207854.

    [CV fold 2] train_end=2023-02-19 00:00 | val_start=2023-02-26 16:00 | gap=184h (22 rows)
    [CV fold 3] train_end=2023-06-19 08:00 | val_start=2023-06-27 00:00 | gap=184h (22 rows)
    [CV fold 4] train_end=2023-10-17 16:00 | val_start=2023-10-25 08:00 | gap=184h (22 rows)
    [trial 0] Sharpe=-0.0270 (folds: -0.1881, 0.0096, -0.1339, 0.0741, 0.1033)
    [trial 1] 46 features, training_days=220 | threshold=0.755 | labels: 1026 long, 1145 short (47/53%)
    [trial 1] Sharpe=-4.1609 (folds: -0.9021, -0.0580, -10.0000, -10.0000, 0.1553)
    [trial 2] 46 features, training_days=310 | threshold=0.754 | labels: 1026 long, 1145 short (47/53%)
    [trial 2] Sharpe=0.0228 (folds: -0.1513, -0.0721, 0.0607, 0.0263, 0.2503)
    [trial 3] 46 features, training_days=220 | threshold=0.673 | labels: 1026 long, 1145 short (47/53%)
    [trial 3] Sharpe=-0.0800 (folds: -0.1459, -0.0353, -0.0834, -0.0501, -0.0853)
    [trial 4] 46 features, training_days=130 | threshold=0.803 | labels: 1026 long, 1145 short (47/53%)
    [trial 4] Sharpe=0.0103 (folds: -0.1220, 0.0436, -0.0930, 0.0874, 0.1354)
    [trial 5] 46 features, training_days=210 | threshold=0.606 | labels: 1026 long, 1145 short (47/53%)
    [trial 5] Sharpe=-0.0092 (folds: -0.0507, 0.0258, -0.0035, 0.0149, -0.0327)
    [trial 6] 46 features, training_days=130 | threshold=0.767 | labels: 1026 long, 1145 short (47/53%)
    [trial 6] Sharpe=-0.0498 (folds: -0.0887, -0.0784, -0.0815, 0.0673, -0.0678)
    [trial 7] 46 features, training_days=80 | threshold=0.556 | labels: 1026 long, 1145 short (47/53%)
    [trial 7] Sharpe=-0.0251 (folds: 0.0435, 0.0957, -0.0522, -0.0673, -0.1451)
    [trial 8] 46 features, training_days=200 | threshold=0.607 | labels: 1026 long, 1145 short (47/53%)
    [trial 8] Sharpe=-0.0597 (folds: -0.1790, -0.0026, -0.0185, -0.0734, -0.0249)
    [trial 9] 46 features, training_days=260 | threshold=0.620 | labels: 1026 long, 1145 short (47/53%)
    [trial 9] Sharpe=-0.0263 (folds: -0.1054, 0.0470, -0.0909, -0.0107, 0.0284)
    [trial 10] 46 features, training_days=420 | threshold=0.845 | labels: 1026 long, 1145 short (47/53%)
    [trial 10] Sharpe=-4.1082 (folds: -0.1113, -0.1013, -10.0000, -10.0000, -0.3285)
    [trial 11] 46 features, training_days=350 | threshold=0.837 | labels: 1026 long, 1145 short (47/53%)
    [trial 11] Sharpe=-2.0475 (folds: -0.5537, -0.1535, -10.0000, 0.3608, 0.1090)
    [trial 12] 46 features, training_days=330 | threshold=0.784 | labels: 1026 long, 1145 short (47/53%)
    [trial 12] Sharpe=-0.0289 (folds: -0.2200, 0.0965, 0.0189, -0.0591, 0.0194)
    [trial 13] 46 features, training_days=10 | threshold=0.720 | labels: 1026 long, 1145 short (47/53%)
    [trial 13] Sharpe=-3.9970 (folds: 0.0279, -0.0502, -10.0000, 0.0375, -10.0000)
    [trial 14] 46 features, training_days=490 | threshold=0.697 | labels: 1026 long, 1145 short (47/53%)
    [trial 14] Sharpe=-0.0588 (folds: -0.2032, 0.0561, 0.0191, 0.0133, -0.1791)
    [trial 15] 46 features, training_days=300 | threshold=0.807 | labels: 1026 long, 1145 short (47/53%)
    [trial 15] Sharpe=0.0183 (folds: 0.0096, -0.0356, -0.0712, 0.0746, 0.1142)
    [trial 16] 46 features, training_days=310 | threshold=0.808 | labels: 1026 long, 1145 short (47/53%)
    [trial 16] Sharpe=0.0661 (folds: -0.0504, -0.0472, 0.1185, 0.0597, 0.2497)
    [trial 17] 46 features, training_days=390 | threshold=0.500 | labels: 1026 long, 1145 short (47/53%)
    [trial 17] Sharpe=-0.0269 (folds: -0.1045, 0.0479, -0.0692, -0.1208, 0.1120)
  Optuna: 18 trials, best Sharpe = 0.0661
  Best params: n_estimators=434, max_depth=3, lr=0.0368, leaves=15
  Best confidence_threshold: 0.808
  Best training_days: 310
  Retrained on full data (930 samples, 46 features)
  [ensemble 3/3] seed=456
    [trial 0] 46 features, training_days=90 | threshold=0.587 | labels: 1026 long, 1145 short (47/53%)
    [CV fold 0] train_end=2022-06-23 08:00 | val_start=2022-07-01 00:00 | gap=184h (22 rows)
    [CV fold 1] train_end=2022-10-21 16:00 | val_start=2022-10-29 08:00 | gap=184h (22 rows)
    [CV fold 2] train_end=2023-02-19 00:00 | val_start=2023-02-26 16:00 | gap=184h (22 rows)
    [CV fold 3] train_end=2023-06-19 08:00 | val_start=2023-06-27 00:00 | gap=184h (22 rows)
    [CV fold 4] train_end=2023-10-17 16:00 | val_start=2023-10-25 08:00 | gap=184h (22 rows)
    [trial 0] Sharpe=-0.0414 (folds: 0.0104, 0.0528, -0.1229, 0.0211, -0.1685)
    [trial 1] 46 features, training_days=290 | threshold=0.635 | labels: 1026 long, 1145 short (47/53%)
    [trial 1] Sharpe=0.0114 (folds: -0.1188, 0.0198, -0.0534, 0.0790, 0.1306)
    [trial 2] 46 features, training_days=10 | threshold=0.585 | labels: 1026 long, 1145 short (47/53%)
    [trial 2] Sharpe=-1.9637 (folds: 0.0279, -0.0502, -10.0000, 0.0375, 0.1663)
    [trial 3] 46 features, training_days=220 | threshold=0.687 | labels: 1026 long, 1145 short (47/53%)
    [trial 3] Sharpe=-0.0427 (folds: -0.1691, -0.0471, -0.0706, -0.0007, 0.0739)
    [trial 4] 46 features, training_days=300 | threshold=0.562 | labels: 1026 long, 1145 short (47/53%)
    [trial 4] Sharpe=-0.0073 (folds: -0.1372, 0.0839, 0.0363, -0.0717, 0.0521)
    [trial 5] 46 features, training_days=490 | threshold=0.711 | labels: 1026 long, 1145 short (47/53%)
    [trial 5] Sharpe=-0.0531 (folds: -0.2125, 0.0783, 0.0449, -0.0022, -0.1742)
    [trial 6] 46 features, training_days=420 | threshold=0.667 | labels: 1026 long, 1145 short (47/53%)
    [trial 6] Sharpe=-0.0105 (folds: -0.1796, 0.0892, 0.0250, -0.0141, 0.0270)
    [trial 7] 46 features, training_days=120 | threshold=0.550 | labels: 1026 long, 1145 short (47/53%)
    [trial 7] Sharpe=-0.0205 (folds: -0.1142, 0.0783, -0.0437, -0.0251, 0.0021)
    [trial 8] 46 features, training_days=450 | threshold=0.720 | labels: 1026 long, 1145 short (47/53%)
    [trial 8] Sharpe=-0.0317 (folds: -0.0489, 0.0268, 0.0186, -0.0481, -0.1069)
    [trial 9] 46 features, training_days=20 | threshold=0.727 | labels: 1026 long, 1145 short (47/53%)
    [trial 9] Sharpe=-8.0333 (folds: -10.0000, -10.0000, -10.0000, -10.0000, -0.1663)
    [trial 10] 46 features, training_days=320 | threshold=0.840 | labels: 1026 long, 1145 short (47/53%)
    [trial 10] Sharpe=-8.0501 (folds: -10.0000, -0.2504, -10.0000, -10.0000, -10.0000)
    [trial 11] 46 features, training_days=300 | threshold=0.608 | labels: 1026 long, 1145 short (47/53%)
    [trial 11] Sharpe=-0.0142 (folds: -0.1656, 0.0924, 0.0689, -0.0968, 0.0300)
    [trial 12] 46 features, training_days=220 | threshold=0.515 | labels: 1026 long, 1145 short (47/53%)
    [trial 12] Sharpe=-0.0224 (folds: -0.0879, 0.0399, -0.0457, -0.0077, -0.0106)
    [trial 13] 46 features, training_days=350 | threshold=0.631 | labels: 1026 long, 1145 short (47/53%)
    [trial 13] Sharpe=-0.0743 (folds: -0.1638, 0.0668, 0.0181, -0.2037, -0.0890)
    [trial 14] 46 features, training_days=380 | threshold=0.512 | labels: 1026 long, 1145 short (47/53%)
    [trial 14] Sharpe=-0.0389 (folds: -0.1332, 0.0154, 0.0662, -0.0331, -0.1100)
    [trial 15] 46 features, training_days=260 | threshold=0.783 | labels: 1026 long, 1145 short (47/53%)
    [trial 15] Sharpe=-0.0239 (folds: -0.1201, -0.0457, -0.0604, 0.0652, 0.0414)
    [trial 16] 46 features, training_days=160 | threshold=0.547 | labels: 1026 long, 1145 short (47/53%)
    [trial 16] Sharpe=-0.0128 (folds: -0.1441, 0.0383, 0.0252, -0.0035, 0.0200)
    [trial 17] 46 features, training_days=270 | threshold=0.649 | labels: 1026 long, 1145 short (47/53%)
    [trial 17] Sharpe=-0.0174 (folds: -0.1418, 0.0775, -0.0636, 0.0147, 0.0262)
  Optuna: 18 trials, best Sharpe = 0.0114
  Best params: n_estimators=115, max_depth=5, lr=0.0695, leaves=37
  Best confidence_threshold: 0.635
  Best training_days: 290
  Retrained on full data (870 samples, 46 features)
  OOD: 16 features, cutoff (q=0.7) = 14.36
  Model trained for 2024-03: 93 test candles with features, confidence_threshold=0.743
[predict] 2024-03-07 16:00 DOTUSDT → LONG (proba=0.83 TP=21.9%/SL=10.9%)
[trade:open] 2024-03-07 23:59 DOTUSDT LONG @ 10.41 | SL=9.28 TP=12.69 | timeout=2024-03-14 23:59
[trade:close] 2024-03-15 00:00 DOTUSDT LONG → timeout @ 11.57 | PnL=+11.06% (net +10.96%) | cum=+51.39% 2024-03=+10.96% 2024-03-15=+10.96%[I 2026-06-01 11:04:45,213] A new study created in memory with name: no-name-76e9d29c-f1c3-4d24-b9ef-cf7a652e2600
[I 2026-06-01 11:04:45,547] Trial 0 finished with value: -0.0946695174773611 and parameters: {'confidence_threshold': 0.6310890415965769, 'training_days': 480, 'n_estimators': 380, 'max_depth': 4, 'num_leaves': 22, 'learning_rate': 0.01699897838270077, 'subsample': 0.5290418060840998, 'colsample_bytree': 0.9330880728874675, 'min_child_samples': 68, 'reg_alpha': 0.023585940584142682, 'reg_lambda': 1.5320059381854043e-08}. Best is trial 0 with value: -0.0946695174773611.
[I 2026-06-01 11:04:45,674] Trial 1 finished with value: -4.103944350288937 and parameters: {'confidence_threshold': 0.839468448256698, 'training_days': 420, 'n_estimators': 145, 'max_depth': 3, 'num_leaves': 23, 'learning_rate': 0.028145092716060652, 'subsample': 0.762378215816119, 'colsample_bytree': 0.7159725093210578, 'min_child_samples': 43, 'reg_alpha': 0.0032112643094417484, 'reg_lambda': 1.8007140198129195e-07}. Best is trial 0 with value: -0.0946695174773611.
[I 2026-06-01 11:04:45,833] Trial 2 finished with value: -0.08590753909335982 and parameters: {'confidence_threshold': 0.6022506269873263, 'training_days': 190, 'n_estimators': 255, 'max_depth': 5, 'num_leaves': 24, 'learning_rate': 0.05748924681991978, 'subsample': 0.7962072844310213, 'colsample_bytree': 0.5232252063599989, 'min_child_samples': 69, 'reg_alpha': 3.425445902633376e-07, 'reg_lambda': 3.850031979199519e-08}. Best is trial 2 with value: -0.08590753909335982.
[I 2026-06-01 11:04:46,092] Trial 3 finished with value: -0.13917238480399807 and parameters: {'confidence_threshold': 0.8321099380386666, 'training_days': 490, 'n_estimators': 414, 'max_depth': 3, 'num_leaves': 19, 'learning_rate': 0.1024932221692416, 'subsample': 0.7200762468698007, 'colsample_bytree': 0.5610191174223894, 'min_child_samples': 60, 'reg_alpha': 2.039373116525212e-08, 'reg_lambda': 1.527156759251193}. Best is trial 2 with value: -0.08590753909335982.
[I 2026-06-01 11:04:46,246] Trial 4 finished with value: -0.08798728244435965 and parameters: {'confidence_threshold': 0.5905729935600059, 'training_days': 340, 'n_estimators': 190, 'max_depth': 4, 'num_leaves': 41, 'learning_rate': 0.01875220945578641, 'subsample': 0.9847923138822793, 'colsample_bytree': 0.8875664116805573, 'min_child_samples': 96, 'reg_alpha': 1.1309571585271483, 'reg_lambda': 0.002404915432737351}. Best is trial 2 with value: -0.08590753909335982.
[I 2026-06-01 11:04:46,285] Trial 5 finished with value: -0.11182842716914672 and parameters: {'confidence_threshold': 0.8226559822580909, 'training_days': 50, 'n_estimators': 138, 'max_depth': 3, 'num_leaves': 30, 'learning_rate': 0.03750796359625606, 'subsample': 0.6356745158869479, 'colsample_bytree': 0.9143687545759647, 'min_child_samples': 48, 'reg_alpha': 3.376063348877853e-06, 'reg_lambda': 0.0007660634613082914}. Best is trial 2 with value: -0.08590753909335982.
[I 2026-06-01 11:04:46,402] Trial 6 finished with value: -0.07979698871303434 and parameters: {'confidence_threshold': 0.5493234787411669, 'training_days': 410, 'n_estimators': 83, 'max_depth': 5, 'num_leaves': 52, 'learning_rate': 0.019657448966046126, 'subsample': 0.5027610585618012, 'colsample_bytree': 0.9077307142274171, 'min_child_samples': 77, 'reg_alpha': 0.03639690979811287, 'reg_lambda': 0.08738424135626986}. Best is trial 6 with value: -0.07979698871303434.
[I 2026-06-01 11:04:46,504] Trial 7 finished with value: -0.06290286965283991 and parameters: {'confidence_threshold': 0.5259156281069316, 'training_days': 180, 'n_estimators': 102, 'max_depth': 5, 'num_leaves': 45, 'learning_rate': 0.030816017044468066, 'subsample': 0.5317791751430119, 'colsample_bytree': 0.6554911608578311, 'min_child_samples': 46, 'reg_alpha': 0.036851536911881845, 'reg_lambda': 0.005470376807480391}. Best is trial 7 with value: -0.06290286965283991.
[I 2026-06-01 11:04:46,620] Trial 8 finished with value: -0.11704379404261037 and parameters: {'confidence_threshold': 0.8105244599017143, 'training_days': 240, 'n_estimators': 103, 'max_depth': 5, 'num_leaves': 52, 'learning_rate': 0.06746437142284309, 'subsample': 0.8854835899772805, 'colsample_bytree': 0.7468977981821954, 'min_child_samples': 62, 'reg_alpha': 7.04480806377519e-05, 'reg_lambda': 1.6934490731313353e-08}. Best is trial 7 with value: -0.06290286965283991.
[I 2026-06-01 11:04:46,644] Trial 9 finished with value: -0.12283802457937207 and parameters: {'confidence_threshold': 0.5377619994476566, 'training_days': 20, 'n_estimators': 337, 'max_depth': 3, 'num_leaves': 39, 'learning_rate': 0.21907142272152816, 'subsample': 0.6246461145744375, 'colsample_bytree': 0.7051914615178149, 'min_child_samples': 81, 'reg_alpha': 1.1459970229341322e-06, 'reg_lambda': 4.929685216887945e-08}. Best is trial 7 with value: -0.06290286965283991.
[I 2026-06-01 11:04:47,014] Trial 10 finished with value: -0.0849573309506592 and parameters: {'confidence_threshold': 0.6797821749717731, 'training_days': 140, 'n_estimators': 487, 'max_depth': 5, 'num_leaves': 62, 'learning_rate': 0.011407797829608154, 'subsample': 0.6277217293825994, 'colsample_bytree': 0.6445296297918679, 'min_child_samples': 24, 'reg_alpha': 8.536188349289, 'reg_lambda': 4.685556761390157e-06}. Best is trial 7 with value: -0.06290286965283991.
[I 2026-06-01 11:04:47,165] Trial 11 finished with value: -0.04556501274833348 and parameters: {'confidence_threshold': 0.5031729138375424, 'training_days': 320, 'n_estimators': 68, 'max_depth': 5, 'num_leaves': 51, 'learning_rate': 0.034281431052084296, 'subsample': 0.5039181992850618, 'colsample_bytree': 0.8279718712234718, 'min_child_samples': 33, 'reg_alpha': 0.12337102992538133, 'reg_lambda': 0.13867402521093383}. Best is trial 11 with value: -0.04556501274833348.
[I 2026-06-01 11:04:47,264] Trial 12 finished with value: -0.028461170636813183 and parameters: {'confidence_threshold': 0.5065278550144682, 'training_days': 310, 'n_estimators': 57, 'max_depth': 4, 'num_leaves': 47, 'learning_rate': 0.03208899494279826, 'subsample': 0.5651612235970425, 'colsample_bytree': 0.8304278626461433, 'min_child_samples': 24, 'reg_alpha': 0.3264653399484792, 'reg_lambda': 0.06547998378857096}. Best is trial 12 with value: -0.028461170636813183.
[I 2026-06-01 11:04:47,363] Trial 13 finished with value: -0.02626601982439388 and parameters: {'confidence_threshold': 0.5067875302465737, 'training_days': 310, 'n_estimators': 58, 'max_depth': 4, 'num_leaves': 62, 'learning_rate': 0.11926660292794071, 'subsample': 0.5758082485626635, 'colsample_bytree': 0.8203604660878716, 'min_child_samples': 21, 'reg_alpha': 0.7753926639328503, 'reg_lambda': 7.581448487062565}. Best is trial 13 with value: -0.02626601982439388.
[I 2026-06-01 11:04:47,620] Trial 14 finished with value: -0.04512943846837111 and parameters: {'confidence_threshold': 0.7128366761008397, 'training_days': 320, 'n_estimators': 209, 'max_depth': 4, 'num_leaves': 60, 'learning_rate': 0.14245863607446319, 'subsample': 0.6861208076932954, 'colsample_bytree': 0.8205684707561466, 'min_child_samples': 20, 'reg_alpha': 0.0006321575510272664, 'reg_lambda': 5.728443035144515}. Best is trial 13 with value: -0.02626601982439388.
[I 2026-06-01 11:04:47,708] Trial 15 finished with value: -0.048013358988178684 and parameters: {'confidence_threshold': 0.5720756517638029, 'training_days': 270, 'n_estimators': 52, 'max_depth': 4, 'num_leaves': 57, 'learning_rate': 0.2858134140161882, 'subsample': 0.6015874640141092, 'colsample_bytree': 0.8100744538922787, 'min_child_samples': 33, 'reg_alpha': 7.370306170855718, 'reg_lambda': 0.18530430455223693}. Best is trial 13 with value: -0.02626601982439388.
[I 2026-06-01 11:04:48,014] Trial 16 finished with value: -0.09024428430830178 and parameters: {'confidence_threshold': 0.7405378962307041, 'training_days': 360, 'n_estimators': 276, 'max_depth': 4, 'num_leaves': 31, 'learning_rate': 0.09457924435972143, 'subsample': 0.8474505097873186, 'colsample_bytree': 0.9826162589395974, 'min_child_samples': 33, 'reg_alpha': 0.7465472192080731, 'reg_lambda': 4.4418552163652516e-05}. Best is trial 13 with value: -0.02626601982439388.
