[I 2026-06-01 11:02:29,908] Trial 9 finished with value: -0.15099525978736006 and parameters: {'confidence_threshold': 0.6202096049169137, 'training_days': 260, 'n_estimators': 350, 'max_depth': 3, 'num_leaves': 21, 'learning_rate': 0.02989540198065364, 'subsample': 0.8307821683331218, 'colsample_bytree': 0.923253112635361, 'min_child_samples': 64, 'reg_alpha': 0.4898604619604203, 'reg_lambda': 2.9076377687066166e-05}. Best is trial 8 with value: -0.032831358305765265.
[I 2026-06-01 11:02:30,425] Trial 10 finished with value: -0.05290245513623844 and parameters: {'confidence_threshold': 0.5342665212695602, 'training_days': 470, 'n_estimators': 493, 'max_depth': 5, 'num_leaves': 30, 'learning_rate': 0.010221918552934462, 'subsample': 0.9182272143313567, 'colsample_bytree': 0.6202684210924141, 'min_child_samples': 44, 'reg_alpha': 1.466506858166308e-08, 'reg_lambda': 0.014616129255130504}. Best is trial 8 with value: -0.032831358305765265.
[I 2026-06-01 11:02:30,911] Trial 11 finished with value: -0.04007376103363673 and parameters: {'confidence_threshold': 0.5053494267891926, 'training_days': 500, 'n_estimators': 493, 'max_depth': 5, 'num_leaves': 27, 'learning_rate': 0.010535067237031162, 'subsample': 0.9447929548549752, 'colsample_bytree': 0.6012148974081734, 'min_child_samples': 42, 'reg_alpha': 1.0433308363955559e-08, 'reg_lambda': 0.055007902295957756}. Best is trial 8 with value: -0.032831358305765265.
[I 2026-06-01 11:02:31,408] Trial 12 finished with value: -0.010881687842653347 and parameters: {'confidence_threshold': 0.5103568429788456, 'training_days': 500, 'n_estimators': 498, 'max_depth': 5, 'num_leaves': 27, 'learning_rate': 0.13644045868674423, 'subsample': 0.8941395335595879, 'colsample_bytree': 0.5201164353688423, 'min_child_samples': 42, 'reg_alpha': 1.5892896617445314e-08, 'reg_lambda': 1.3457767282475084}. Best is trial 12 with value: -0.010881687842653347.
[I 2026-06-01 11:02:31,878] Trial 13 finished with value: -0.03966167035081607 and parameters: {'confidence_threshold': 0.5917869286642166, 'training_days': 370, 'n_estimators': 425, 'max_depth': 5, 'num_leaves': 36, 'learning_rate': 0.14044566672476927, 'subsample': 0.8851329824787801, 'colsample_bytree': 0.6744481248230422, 'min_child_samples': 43, 'reg_alpha': 5.132003998760576e-07, 'reg_lambda': 4.436316121595843}. Best is trial 12 with value: -0.010881687842653347.
[I 2026-06-01 11:02:31,905] Trial 14 finished with value: -5.967893629338381 and parameters: {'confidence_threshold': 0.6639044847393095, 'training_days': 20, 'n_estimators': 265, 'max_depth': 5, 'num_leaves': 15, 'learning_rate': 0.13734891636393293, 'subsample': 0.8528016192869927, 'colsample_bytree': 0.5033829767322446, 'min_child_samples': 36, 'reg_alpha': 9.466152687798023e-07, 'reg_lambda': 3.548443966396554e-07}. Best is trial 12 with value: -0.010881687842653347.
[I 2026-06-01 11:02:32,215] Trial 15 finished with value: -0.0517615161154902 and parameters: {'confidence_threshold': 0.5026055290809989, 'training_days': 400, 'n_estimators': 436, 'max_depth': 4, 'num_leaves': 25, 'learning_rate': 0.14219988067930692, 'subsample': 0.7174911982969732, 'colsample_bytree': 0.5093920150666754, 'min_child_samples': 52, 'reg_alpha': 1.2929234510714244e-07, 'reg_lambda': 9.294665025482195e-07}. Best is trial 12 with value: -0.010881687842653347.
[I 2026-06-01 11:02:32,483] Trial 16 finished with value: -0.08716852051791038 and parameters: {'confidence_threshold': 0.5715358877673817, 'training_days': 310, 'n_estimators': 430, 'max_depth': 5, 'num_leaves': 35, 'learning_rate': 0.04976648404627414, 'subsample': 0.7616663246379325, 'colsample_bytree': 0.7025694734945869, 'min_child_samples': 99, 'reg_alpha': 0.05682468732545374, 'reg_lambda': 0.0015207430059700697}. Best is trial 12 with value: -0.010881687842653347.

  [label] 2022-09-09 08:00 DOTUSDT entry=7.7880 → SHORT | long=sl(-6.37%) short=tp(+12.44%) | scanned=21 | short_tp_only
  [label] 2022-12-04 08:00 DOTUSDT entry=5.5380 → SHORT | long=sl(-4.10%) short=timeout(+4.31%) | scanned=22 | no_tp→fwd_return=-4.4059
  Labels: 1037 long (47.8%), 1131 short (52.2%) | weights: min=1.00, mean=3.51, max=10.00
  Features: 2168/2168 matched, 46 columns
  CV gap: 22 rows
  [ensemble 1/3] seed=42
    [trial 0] 46 features, training_days=480 | threshold=0.631 | labels: 1037 long, 1131 short (48/52%)
    [CV fold 0] train_end=2021-04-24 08:00 | val_start=2021-05-02 00:00 | gap=184h (22 rows)
    [CV fold 1] train_end=2021-08-22 16:00 | val_start=2021-08-30 08:00 | gap=184h (22 rows)
    [CV fold 2] train_end=2021-12-21 00:00 | val_start=2021-12-28 16:00 | gap=184h (22 rows)
    [CV fold 3] train_end=2022-04-20 08:00 | val_start=2022-04-28 00:00 | gap=184h (22 rows)
    [CV fold 4] train_end=2022-08-18 16:00 | val_start=2022-08-26 08:00 | gap=184h (22 rows)
    [trial 0] Sharpe=-0.0710 (folds: 0.0704, -0.1467, 0.0504, -0.1901, -0.1387)
    [trial 1] 46 features, training_days=420 | threshold=0.839 | labels: 1037 long, 1131 short (48/52%)
    [trial 1] Sharpe=-2.1041 (folds: 0.1534, -0.4217, -0.2137, -0.0382, -10.0000)
    [trial 2] 46 features, training_days=190 | threshold=0.602 | labels: 1037 long, 1131 short (48/52%)
    [trial 2] Sharpe=-0.0660 (folds: 0.0721, -0.1968, 0.0980, -0.2471, -0.0563)
    [trial 3] 46 features, training_days=490 | threshold=0.832 | labels: 1037 long, 1131 short (48/52%)
    [trial 3] Sharpe=-0.0548 (folds: 0.0885, -0.0331, -0.0496, -0.1888, -0.0909)
    [trial 4] 46 features, training_days=340 | threshold=0.591 | labels: 1037 long, 1131 short (48/52%)
    [trial 4] Sharpe=-0.1222 (folds: 0.0301, -0.0165, 0.0171, -0.3912, -0.2505)
    [trial 5] 46 features, training_days=50 | threshold=0.823 | labels: 1037 long, 1131 short (48/52%)
    [trial 5] Sharpe=-0.0614 (folds: 0.1402, -0.2763, 0.1024, -0.3380, 0.0646)
    [trial 6] 46 features, training_days=410 | threshold=0.549 | labels: 1037 long, 1131 short (48/52%)
    [trial 6] Sharpe=-0.0194 (folds: 0.0908, 0.0473, 0.0097, -0.2582, 0.0134)
    [trial 7] 46 features, training_days=180 | threshold=0.526 | labels: 1037 long, 1131 short (48/52%)
    [trial 7] Sharpe=-0.0401 (folds: 0.1418, -0.0945, 0.0539, -0.1822, -0.1194)
    [trial 8] 46 features, training_days=240 | threshold=0.811 | labels: 1037 long, 1131 short (48/52%)
    [trial 8] Sharpe=-0.1514 (folds: 0.1446, -0.1149, 0.0583, -0.4148, -0.4300)
    [trial 9] 46 features, training_days=20 | threshold=0.538 | labels: 1037 long, 1131 short (48/52%)
    [trial 9] Sharpe=-2.0086 (folds: -0.1090, -0.0591, -0.0947, -10.0000, 0.2196)
    [trial 10] 46 features, training_days=350 | threshold=0.738 | labels: 1037 long, 1131 short (48/52%)
    [trial 10] Sharpe=-0.1381 (folds: 0.1225, -0.2339, 0.2407, -0.3408, -0.4792)
    [trial 11] 46 features, training_days=150 | threshold=0.503 | labels: 1037 long, 1131 short (48/52%)
    [trial 11] Sharpe=-0.1568 (folds: 0.0214, -0.0751, -0.1095, -0.5634, -0.0574)
    [trial 12] 46 features, training_days=310 | threshold=0.548 | labels: 1037 long, 1131 short (48/52%)
    [trial 12] Sharpe=-0.1525 (folds: 0.1350, -0.0662, -0.0208, -0.2989, -0.5117)
    [trial 13] 46 features, training_days=100 | threshold=0.694 | labels: 1037 long, 1131 short (48/52%)
    [trial 13] Sharpe=-0.1797 (folds: 0.1249, -0.4010, -0.2161, -0.6206, 0.2143)
    [trial 14] 46 features, training_days=240 | threshold=0.657 | labels: 1037 long, 1131 short (48/52%)
    [trial 14] Sharpe=-0.0966 (folds: 0.0747, -0.1102, 0.0756, -0.3793, -0.1436)
    [trial 15] 46 features, training_days=400 | threshold=0.503 | labels: 1037 long, 1131 short (48/52%)
    [trial 15] Sharpe=-0.0276 (folds: 0.1492, -0.0883, 0.0685, -0.1930, -0.0746)
    [trial 16] 46 features, training_days=410 | threshold=0.577 | labels: 1037 long, 1131 short (48/52%)
    [trial 16] Sharpe=-0.0026 (folds: 0.1366, -0.0416, 0.0757, -0.1387, -0.0452)
    [trial 17] 46 features, training_days=410 | threshold=0.579 | labels: 1037 long, 1131 short (48/52%)
    [trial 17] Sharpe=-0.0121 (folds: 0.0983, -0.0264, 0.1011, -0.1500, -0.0835)
  Optuna: 18 trials, best Sharpe = -0.0026
  Best params: n_estimators=293, max_depth=4, lr=0.2799, leaves=34
  Best confidence_threshold: 0.577
  Best training_days: 410
  Retrained on full data (1230 samples, 46 features)
  [ensemble 2/3] seed=123
    [trial 0] 46 features, training_days=150 | threshold=0.744 | labels: 1037 long, 1131 short (48/52%)
    [CV fold 0] train_end=2021-04-24 08:00 | val_start=2021-05-02 00:00 | gap=184h (22 rows)
    [CV fold 1] train_end=2021-08-22 16:00 | val_start=2021-08-30 08:00 | gap=184h (22 rows)
    [CV fold 2] train_end=2021-12-21 00:00 | val_start=2021-12-28 16:00 | gap=184h (22 rows)
    [CV fold 3] train_end=2022-04-20 08:00 | val_start=2022-04-28 00:00 | gap=184h (22 rows)
    [CV fold 4] train_end=2022-08-18 16:00 | val_start=2022-08-26 08:00 | gap=184h (22 rows)
    [trial 0] Sharpe=-0.0960 (folds: 0.1468, -0.2290, -0.0996, -0.2484, -0.0499)
    [trial 1] 46 features, training_days=220 | threshold=0.755 | labels: 1037 long, 1131 short (48/52%)
    [trial 1] Sharpe=-0.0827 (folds: 0.0774, -0.2425, 0.1020, -0.5263, 0.1761)
    [trial 2] 46 features, training_days=310 | threshold=0.754 | labels: 1037 long, 1131 short (48/52%)
    [trial 2] Sharpe=-0.1698 (folds: 0.1517, -0.1992, -0.1017, -0.3216, -0.3779)
    [trial 3] 46 features, training_days=220 | threshold=0.673 | labels: 1037 long, 1131 short (48/52%)
    [trial 3] Sharpe=-0.0652 (folds: 0.1230, -0.0450, 0.0851, -0.3386, -0.1504)
    [trial 4] 46 features, training_days=130 | threshold=0.803 | labels: 1037 long, 1131 short (48/52%)
    [trial 4] Sharpe=-0.1435 (folds: 0.0976, -0.2367, -0.3521, -0.2402, 0.0138)
    [trial 5] 46 features, training_days=210 | threshold=0.606 | labels: 1037 long, 1131 short (48/52%)
    [trial 5] Sharpe=-0.0554 (folds: 0.0930, -0.0903, 0.1488, -0.3204, -0.1081)
    [trial 6] 46 features, training_days=130 | threshold=0.767 | labels: 1037 long, 1131 short (48/52%)
    [trial 6] Sharpe=-0.0717 (folds: 0.1446, -0.1480, -0.1921, -0.1689, 0.0057)
    [trial 7] 46 features, training_days=80 | threshold=0.556 | labels: 1037 long, 1131 short (48/52%)
    [trial 7] Sharpe=-0.1094 (folds: 0.2271, -0.1836, -0.2724, -0.2773, -0.0406)
    [trial 8] 46 features, training_days=200 | threshold=0.607 | labels: 1037 long, 1131 short (48/52%)
    [trial 8] Sharpe=-0.0328 (folds: 0.1244, -0.0631, 0.0863, -0.2513, -0.0605)
    [trial 9] 46 features, training_days=260 | threshold=0.620 | labels: 1037 long, 1131 short (48/52%)
    [trial 9] Sharpe=-0.1510 (folds: 0.0947, -0.1448, -0.0213, -0.3638, -0.3197)
    [trial 10] 46 features, training_days=470 | threshold=0.534 | labels: 1037 long, 1131 short (48/52%)
    [trial 10] Sharpe=-0.0529 (folds: 0.1143, -0.0872, 0.1138, -0.1250, -0.2803)
    [trial 11] 46 features, training_days=500 | threshold=0.505 | labels: 1037 long, 1131 short (48/52%)
    [trial 11] Sharpe=-0.0401 (folds: 0.0975, -0.0791, 0.1022, -0.1111, -0.2099)
    [trial 12] 46 features, training_days=500 | threshold=0.510 | labels: 1037 long, 1131 short (48/52%)
    [trial 12] Sharpe=-0.0109 (folds: 0.0908, -0.0021, 0.0492, -0.1268, -0.0654)
    [trial 13] 46 features, training_days=370 | threshold=0.592 | labels: 1037 long, 1131 short (48/52%)
    [trial 13] Sharpe=-0.0397 (folds: 0.0970, -0.0302, 0.0728, -0.2307, -0.1072)
    [trial 14] 46 features, training_days=20 | threshold=0.664 | labels: 1037 long, 1131 short (48/52%)
    [trial 14] Sharpe=-5.9679 (folds: -10.0000, -0.0591, -10.0000, -10.0000, 0.2196)
    [trial 15] 46 features, training_days=400 | threshold=0.503 | labels: 1037 long, 1131 short (48/52%)
    [trial 15] Sharpe=-0.0518 (folds: 0.0740, -0.0175, -0.0087, -0.2200, -0.0866)
    [trial 16] 46 features, training_days=310 | threshold=0.572 | labels: 1037 long, 1131 short (48/52%)
    [trial 16] Sharpe=-0.0872 (folds: 0.0796, -0.0931, 0.0249, -0.3243, -0.1229)
    [trial 17] 46 features, training_days=410 | threshold=0.650 | labels: 1037 long, 1131 short (48/52%)[I 2026-06-01 11:02:32,720] Trial 17 finished with value: -0.06376030610568151 and parameters: {'confidence_threshold': 0.6498913658905783, 'training_days': 410, 'n_estimators': 293, 'max_depth': 5, 'num_leaves': 24, 'learning_rate': 0.09997095025047835, 'subsample': 0.9791508259229873, 'colsample_bytree': 0.7253977605651538, 'min_child_samples': 51, 'reg_alpha': 7.284070645541434, 'reg_lambda': 2.8556641018979674}. Best is trial 12 with value: -0.010881687842653347.
[I 2026-06-01 11:02:32,924] A new study created in memory with name: no-name-847afcd0-b6ee-44e1-b60c-35fd7f2c22ee
[I 2026-06-01 11:02:33,115] Trial 0 finished with value: -0.06986696711013561 and parameters: {'confidence_threshold': 0.5870645682749857, 'training_days': 90, 'n_estimators': 403, 'max_depth': 5, 'num_leaves': 45, 'learning_rate': 0.0780457193679974, 'subsample': 0.9428509515574568, 'colsample_bytree': 0.8795587339164916, 'min_child_samples': 34, 'reg_alpha': 2.2465901234314442e-07, 'reg_lambda': 8.339007036475363e-05}. Best is trial 0 with value: -0.06986696711013561.
[I 2026-06-01 11:02:33,221] Trial 1 finished with value: -0.13280222779535017 and parameters: {'confidence_threshold': 0.6348453934275313, 'training_days': 290, 'n_estimators': 115, 'max_depth': 5, 'num_leaves': 37, 'learning_rate': 0.06949568759029946, 'subsample': 0.8228505074024268, 'colsample_bytree': 0.8616703220431751, 'min_child_samples': 75, 'reg_alpha': 4.2486822725010923e-07, 'reg_lambda': 1.157247767047042e-07}. Best is trial 0 with value: -0.06986696711013561.
[I 2026-06-01 11:02:33,242] Trial 2 finished with value: 0.13607108680694116 and parameters: {'confidence_threshold': 0.5849570384370288, 'training_days': 10, 'n_estimators': 212, 'max_depth': 3, 'num_leaves': 41, 'learning_rate': 0.18452095998378365, 'subsample': 0.6001060822924371, 'colsample_bytree': 0.5673167293506167, 'min_child_samples': 37, 'reg_alpha': 5.733250064217131, 'reg_lambda': 0.5308454292595461}. Best is trial 2 with value: 0.13607108680694116.
[I 2026-06-01 11:02:33,321] Trial 3 finished with value: -0.13681468838630023 and parameters: {'confidence_threshold': 0.6868248626683718, 'training_days': 220, 'n_estimators': 134, 'max_depth': 3, 'num_leaves': 45, 'learning_rate': 0.033529007907491595, 'subsample': 0.8647277071858408, 'colsample_bytree': 0.778494116634046, 'min_child_samples': 96, 'reg_alpha': 2.409409937265785e-07, 'reg_lambda': 1.1642073478060009}. Best is trial 2 with value: 0.13607108680694116.
[I 2026-06-01 11:02:33,401] Trial 4 finished with value: -0.11813899696648385 and parameters: {'confidence_threshold': 0.5623121348350352, 'training_days': 300, 'n_estimators': 69, 'max_depth': 4, 'num_leaves': 32, 'learning_rate': 0.14967629360700346, 'subsample': 0.5054535233636654, 'colsample_bytree': 0.7401385194659216, 'min_child_samples': 27, 'reg_alpha': 1.4212042567426725e-07, 'reg_lambda': 0.23605753701352003}. Best is trial 2 with value: 0.13607108680694116.
[I 2026-06-01 11:02:33,776] Trial 5 finished with value: -0.03482246563444952 and parameters: {'confidence_threshold': 0.7111850244908446, 'training_days': 490, 'n_estimators': 362, 'max_depth': 5, 'num_leaves': 40, 'learning_rate': 0.05960785724162737, 'subsample': 0.5589714368907717, 'colsample_bytree': 0.6659006943232806, 'min_child_samples': 42, 'reg_alpha': 0.6741360303045295, 'reg_lambda': 6.054601607143087e-08}. Best is trial 2 with value: 0.13607108680694116.
[I 2026-06-01 11:02:33,954] Trial 6 finished with value: -0.06583102160571179 and parameters: {'confidence_threshold': 0.667482545748023, 'training_days': 420, 'n_estimators': 279, 'max_depth': 3, 'num_leaves': 45, 'learning_rate': 0.040099592560849204, 'subsample': 0.8563114696415159, 'colsample_bytree': 0.5442917781944105, 'min_child_samples': 50, 'reg_alpha': 1.6407916423707903e-08, 'reg_lambda': 2.935907642973286e-05}. Best is trial 2 with value: 0.13607108680694116.
[I 2026-06-01 11:02:34,106] Trial 7 finished with value: -0.11476981407410705 and parameters: {'confidence_threshold': 0.5497381024139926, 'training_days': 120, 'n_estimators': 408, 'max_depth': 5, 'num_leaves': 38, 'learning_rate': 0.28049122657745795, 'subsample': 0.8806573338635493, 'colsample_bytree': 0.5454054113547102, 'min_child_samples': 63, 'reg_alpha': 0.01263008637940408, 'reg_lambda': 0.04588020805366937}. Best is trial 2 with value: 0.13607108680694116.
[I 2026-06-01 11:02:34,354] Trial 8 finished with value: -0.05636420567443284 and parameters: {'confidence_threshold': 0.719644804808716, 'training_days': 450, 'n_estimators': 410, 'max_depth': 4, 'num_leaves': 57, 'learning_rate': 0.04022026551478857, 'subsample': 0.5336085426932707, 'colsample_bytree': 0.5705742850577543, 'min_child_samples': 100, 'reg_alpha': 5.916398047912201e-07, 'reg_lambda': 0.9794034214488329}. Best is trial 2 with value: 0.13607108680694116.
[I 2026-06-01 11:02:34,376] Trial 9 finished with value: -5.967893629338381 and parameters: {'confidence_threshold': 0.7267463643917187, 'training_days': 20, 'n_estimators': 337, 'max_depth': 5, 'num_leaves': 23, 'learning_rate': 0.022153031811454605, 'subsample': 0.6305627572358737, 'colsample_bytree': 0.6613413774216214, 'min_child_samples': 81, 'reg_alpha': 5.7638634029410314e-08, 'reg_lambda': 8.26603016764008}. Best is trial 2 with value: 0.13607108680694116.
[I 2026-06-01 11:02:34,402] Trial 10 finished with value: -1.9000767912740542 and parameters: {'confidence_threshold': 0.8398533911817929, 'training_days': 10, 'n_estimators': 228, 'max_depth': 3, 'num_leaves': 15, 'learning_rate': 0.2789359567293539, 'subsample': 0.6821883053833926, 'colsample_bytree': 0.9944479338273263, 'min_child_samples': 23, 'reg_alpha': 2.903134294418681, 'reg_lambda': 0.0032849428938367974}. Best is trial 2 with value: 0.13607108680694116.
[I 2026-06-01 11:02:34,594] Trial 11 finished with value: -2.171081320674651 and parameters: {'confidence_threshold': 0.7895743202078971, 'training_days': 370, 'n_estimators': 225, 'max_depth': 4, 'num_leaves': 59, 'learning_rate': 0.010167356171986337, 'subsample': 0.6299883894853011, 'colsample_bytree': 0.6436734793442266, 'min_child_samples': 47, 'reg_alpha': 9.443402751011643, 'reg_lambda': 2.313463030717144e-08}. Best is trial 2 with value: 0.13607108680694116.
[I 2026-06-01 11:02:34,869] Trial 12 finished with value: -0.03083884151537707 and parameters: {'confidence_threshold': 0.5145853631584999, 'training_days': 190, 'n_estimators': 490, 'max_depth': 4, 'num_leaves': 29, 'learning_rate': 0.12684915465165553, 'subsample': 0.5934028623183925, 'colsample_bytree': 0.6550757185518237, 'min_child_samples': 41, 'reg_alpha': 0.06157086120087854, 'reg_lambda': 1.4304147444691813e-06}. Best is trial 2 with value: 0.13607108680694116.
[I 2026-06-01 11:02:35,168] Trial 13 finished with value: -0.04542675515707143 and parameters: {'confidence_threshold': 0.5007578887007379, 'training_days': 180, 'n_estimators': 494, 'max_depth': 4, 'num_leaves': 28, 'learning_rate': 0.13269709925057152, 'subsample': 0.7312718920985939, 'colsample_bytree': 0.6113466263687708, 'min_child_samples': 54, 'reg_alpha': 0.018337549169967427, 'reg_lambda': 1.8799948266058237e-06}. Best is trial 2 with value: 0.13607108680694116.
[I 2026-06-01 11:02:35,364] Trial 14 finished with value: -0.07958950510655645 and parameters: {'confidence_threshold': 0.5057563615222779, 'training_days': 120, 'n_estimators': 500, 'max_depth': 3, 'num_leaves': 23, 'learning_rate': 0.13554579800014765, 'subsample': 0.6105358588239302, 'colsample_bytree': 0.5063216153486492, 'min_child_samples': 39, 'reg_alpha': 0.07481868788947023, 'reg_lambda': 0.002173778151707834}. Best is trial 2 with value: 0.13607108680694116.
[I 2026-06-01 11:02:35,473] Trial 15 finished with value: -0.024947959376780564 and parameters: {'confidence_threshold': 0.611535442634191, 'training_days': 190, 'n_estimators': 190, 'max_depth': 3, 'num_leaves': 51, 'learning_rate': 0.17207597477912198, 'subsample': 0.7513007976384943, 'colsample_bytree': 0.7316306903623301, 'min_child_samples': 64, 'reg_alpha': 0.0004217633672219369, 'reg_lambda': 3.4685353113370465e-06}. Best is trial 2 with value: 0.13607108680694116.
[I 2026-06-01 11:02:35,540] Trial 16 finished with value: -0.08730640908882119 and parameters: {'confidence_threshold': 0.6135536305073737, 'training_days': 90, 'n_estimators': 184, 'max_depth': 3, 'num_leaves': 53, 'learning_rate': 0.18416358426349805, 'subsample': 0.7568484303959737, 'colsample_bytree': 0.7353027117810433, 'min_child_samples': 64, 'reg_alpha': 3.2158532964659384e-05, 'reg_lambda': 4.115034808949782e-06}. Best is trial 2 with value: 0.13607108680694116.
