[I 2026-06-01 11:01:55,837] Trial 17 finished with value: -0.03521607372479724 and parameters: {'confidence_threshold': 0.5003443345288996, 'training_days': 190, 'n_estimators': 487, 'max_depth': 5, 'num_leaves': 62, 'learning_rate': 0.02201894951926673, 'subsample': 0.6718064291677197, 'colsample_bytree': 0.7983514564184022, 'min_child_samples': 30, 'reg_alpha': 0.2547727187553085, 'reg_lambda': 8.98868728619934e-08}. Best is trial 17 with value: -0.03521607372479724.
[I 2026-06-01 11:01:56,212] A new study created in memory with name: no-name-df72993f-b239-4edf-b659-10be83fa7cb1

    [trial 2] Sharpe=-1.9794 (folds: 0.2677, -10.0000, 0.0811, 0.0964, -0.3420)
    [trial 3] 46 features, training_days=220 | threshold=0.687 | labels: 1117 long, 1051 short (52/48%)
    [trial 3] Sharpe=-0.1293 (folds: -0.0811, 0.0167, -0.0983, 0.0089, -0.4929)
    [trial 4] 46 features, training_days=300 | threshold=0.562 | labels: 1117 long, 1051 short (52/48%)
    [trial 4] Sharpe=-0.1213 (folds: -0.0791, -0.1350, -0.0332, -0.0706, -0.2886)
    [trial 5] 46 features, training_days=490 | threshold=0.711 | labels: 1117 long, 1051 short (52/48%)
    [trial 5] Sharpe=-0.0680 (folds: -0.0666, 0.0141, -0.0024, -0.1437, -0.1411)
    [trial 6] 46 features, training_days=420 | threshold=0.667 | labels: 1117 long, 1051 short (52/48%)
    [trial 6] Sharpe=-0.0824 (folds: -0.0869, -0.0144, -0.0164, -0.0967, -0.1975)
    [trial 7] 46 features, training_days=120 | threshold=0.550 | labels: 1117 long, 1051 short (52/48%)
    [trial 7] Sharpe=-0.1234 (folds: -0.0663, 0.0353, -0.1297, -0.2295, -0.2272)
    [trial 8] 46 features, training_days=450 | threshold=0.720 | labels: 1117 long, 1051 short (52/48%)
    [trial 8] Sharpe=-0.1011 (folds: -0.0460, 0.0145, -0.0934, -0.0822, -0.2983)
    [trial 9] 46 features, training_days=20 | threshold=0.727 | labels: 1117 long, 1051 short (52/48%)
    [trial 9] Sharpe=-8.0059 (folds: -10.0000, -10.0000, -0.0293, -10.0000, -10.0000)
    [trial 10] 46 features, training_days=490 | threshold=0.828 | labels: 1117 long, 1051 short (52/48%)
    [trial 10] Sharpe=-0.1647 (folds: -0.1146, -0.0132, -0.2133, -0.0822, -0.4002)
    [trial 11] 46 features, training_days=390 | threshold=0.792 | labels: 1117 long, 1051 short (52/48%)
    [trial 11] Sharpe=-0.1035 (folds: -0.0789, 0.0417, 0.0088, -0.2081, -0.2810)
    [trial 12] 46 features, training_days=390 | threshold=0.650 | labels: 1117 long, 1051 short (52/48%)
    [trial 12] Sharpe=-0.0918 (folds: -0.0879, 0.0228, -0.0997, -0.0735, -0.2207)
    [trial 13] 46 features, training_days=390 | threshold=0.759 | labels: 1117 long, 1051 short (52/48%)
    [trial 13] Sharpe=-0.0893 (folds: -0.0813, 0.0383, -0.0004, -0.1213, -0.2820)
    [trial 14] 46 features, training_days=470 | threshold=0.680 | labels: 1117 long, 1051 short (52/48%)
    [trial 14] Sharpe=-0.1091 (folds: -0.0583, -0.0260, -0.1135, -0.1407, -0.2072)
    [trial 15] 46 features, training_days=340 | threshold=0.621 | labels: 1117 long, 1051 short (52/48%)
    [trial 15] Sharpe=-0.0774 (folds: -0.0542, -0.0690, -0.0740, 0.0436, -0.2335)
    [trial 16] 46 features, training_days=320 | threshold=0.516 | labels: 1117 long, 1051 short (52/48%)
    [trial 16] Sharpe=-0.0554 (folds: -0.0615, -0.0573, 0.0058, 0.0143, -0.1783)
    [trial 17] 46 features, training_days=190 | threshold=0.500 | labels: 1117 long, 1051 short (52/48%)
    [trial 17] Sharpe=-0.0352 (folds: -0.0819, 0.1006, -0.0361, 0.0915, -0.2502)
  Optuna: 18 trials, best Sharpe = -0.0352
  Best params: n_estimators=487, max_depth=5, lr=0.0220, leaves=62
  Best confidence_threshold: 0.500
  Best training_days: 190
  Retrained on full data (570 samples, 46 features)
  OOD: 16 features, cutoff (q=0.7) = 13.79
  Model trained for 2022-09: 90 test candles with features, confidence_threshold=0.586
[trade:close] 2022-09-06 16:00 DOTUSDT LONG → timeout @ 7.57 | PnL=+7.74% (net +7.64%) | cum=-1.25% 2022-09=+7.64% 2022-09-06=+7.64%
[predict] 2022-09-07 08:00 DOTUSDT → SHORT (proba=0.93 TP=13.6%/SL=6.8%)
[trade:open] 2022-09-07 15:59 DOTUSDT SHORT @ 7.11 | SL=7.59 TP=6.14 | timeout=2022-09-14 15:59
[trade:close] 2022-09-09 07:59 DOTUSDT SHORT → stop_loss @ 7.59 | PnL=-6.82% (net -6.92%) | cum=-8.18% 2022-09=+0.72% 2022-09-09=-6.92%
[predict] 2022-09-10 00:00 DOTUSDT → SHORT (proba=0.93 TP=12.6%/SL=6.3%)
[trade:open] 2022-09-10 07:59 DOTUSDT SHORT @ 7.67 | SL=8.15 TP=6.71 | timeout=2022-09-17 07:59
[trade:close] 2022-09-16 23:59 DOTUSDT SHORT → take_profit @ 6.71 | PnL=+12.56% (net +12.46%) | cum=+4.28% 2022-09=+13.18% 2022-09-16=+12.46%
[predict] 2022-09-17 16:00 DOTUSDT → LONG (proba=0.63 TP=11.4%/SL=5.7%)
[trade:open] 2022-09-17 23:59 DOTUSDT LONG @ 7.05 | SL=6.65 TP=7.86 | timeout=2022-09-24 23:59
[trade:close] 2022-09-18 23:59 DOTUSDT LONG → stop_loss @ 6.65 | PnL=-5.70% (net -5.80%) | cum=-1.51% 2022-09=+7.38% 2022-09-18=-5.80%
[predict] 2022-09-19 16:00 DOTUSDT → SHORT (proba=0.68 TP=14.6%/SL=7.3%)
[trade:open] 2022-09-19 23:59 DOTUSDT SHORT @ 6.38 | SL=6.85 TP=5.45 | timeout=2022-09-26 23:59
[trade:close] 2022-09-27 00:00 DOTUSDT SHORT → timeout @ 6.55 | PnL=-2.68% (net -2.78%) | cum=-4.29% 2022-09=+4.60% 2022-09-27=-2.78%
[predict] 2022-09-28 08:00 DOTUSDT → LONG (proba=0.61 TP=12.9%/SL=6.5%)
[trade:open] 2022-09-28 15:59 DOTUSDT LONG @ 6.43 | SL=6.02 TP=7.26 | timeout=2022-10-05 15:59
[lgbm] === Training for 2022-10 ===
  Train window: 2020-10-01 → 2022-09-23
  2168 training samples from 1 symbols
  Samples per month: 2020-10: 93, 2020-11: 90, 2020-12: 93, 2021-01: 93, 2021-02: 84, 2021-03: 93, 2021-04: 90, 2021-05: 93, 2021-06: 90, 2021-07: 93, 2021-08: 93, 2021-09: 90, 2021-10: 93, 2021-11: 90, 2021-12: 93, 2022-01: 93, 2022-02: 84, 2022-03: 93, 2022-04: 90, 2022-05: 93, 2022-06: 90, 2022-07: 93, 2022-08: 93, 2022-09: 68
  [label] 2020-12-01 16:00 DOTUSDT entry=5.0810 → SHORT | long=timeout(-6.81%) short=timeout(+6.61%) | scanned=22 | no_tp→fwd_return=-6.7113
  [label] 2020-12-03 16:00 DOTUSDT entry=5.4030 → SHORT | long=sl(-8.79%) short=timeout(+11.06%) | scanned=22 | no_tp→fwd_return=-11.1605
  [label] 2020-12-07 16:00 DOTUSDT entry=5.0600 → SHORT | long=sl(-6.59%) short=timeout(+3.14%) | scanned=22 | no_tp→fwd_return=-3.2411
  [label] 2021-01-01 08:00 DOTUSDT entry=8.5130 → LONG | long=timeout(+8.48%) short=sl(-13.59%) | scanned=22 | no_tp→fwd_return=+8.5751
  [label] 2021-02-22 16:00 DOTUSDT entry=37.6630 → SHORT | long=sl(-14.88%) short=tp(+29.47%) | scanned=2 | short_tp_only
  [label] 2021-08-07 16:00 DOTUSDT entry=20.9850 → LONG | long=sl(-8.87%) short=sl(-8.87%) | scanned=19 | no_tp→fwd_return=+9.0398
  [label] 2021-08-11 16:00 DOTUSDT entry=21.3620 → LONG | long=tp(+17.92%) short=sl(-9.11%) | scanned=14 | long_tp_only
  [label] 2021-08-22 08:00 DOTUSDT entry=27.1510 → SHORT | long=sl(-10.52%) short=timeout(+5.14%) | scanned=22 | no_tp→fwd_return=-5.2374
  [label] 2021-10-06 08:00 DOTUSDT entry=31.8850 → LONG | long=tp(+16.29%) short=sl(-8.29%) | scanned=11 | long_tp_only
  [label] 2021-10-14 16:00 DOTUSDT entry=40.6990 → LONG | long=timeout(+5.24%) short=sl(-9.66%) | scanned=22 | no_tp→fwd_return=+5.3417
  [label] 2022-01-13 00:00 DOTUSDT entry=26.8100 → SHORT | long=sl(-8.48%) short=timeout(+8.13%) | scanned=22 | no_tp→fwd_return=-8.2283
  [label] 2022-02-14 00:00 DOTUSDT entry=18.4090 → SHORT | long=sl(-8.54%) short=sl(-8.54%) | scanned=18 | no_tp→fwd_return=-7.7897
  [label] 2022-03-02 00:00 DOTUSDT entry=18.7310 → SHORT | long=sl(-10.13%) short=timeout(+4.76%) | scanned=22 | no_tp→fwd_return=-4.8583
  [label] 2022-03-14 16:00 DOTUSDT entry=17.6800 → LONG | long=timeout(+5.84%) short=sl(-7.14%) | scanned=22 | no_tp→fwd_return=+5.9446
  [label] 2022-04-02 08:00 DOTUSDT entry=22.7500 → SHORT | long=sl(-7.01%) short=tp(+13.72%) | scanned=14 | short_tp_only
  [label] 2022-04-08 16:00 DOTUSDT entry=19.4070 → SHORT | long=sl(-7.88%) short=timeout(+5.45%) | scanned=22 | no_tp→fwd_return=-5.5547
  [label] 2022-04-21 00:00 DOTUSDT entry=19.3000 → SHORT | long=sl(-5.61%) short=tp(+10.92%) | scanned=12 | short_tp_only
  [label] 2022-05-30 08:00 DOTUSDT entry=10.2910 → SHORT | long=sl(-9.44%) short=timeout(+5.68%) | scanned=22 | no_tp→fwd_return=-5.7818
  [label] 2022-06-09 08:00 DOTUSDT entry=9.2560 → SHORT | long=sl(-7.34%) short=tp(+14.39%) | scanned=6 | short_tp_only
  [label] 2022-09-03 08:00 DOTUSDT entry=7.2450 → SHORT | long=sl(-5.81%) short=sl(-5.81%) | scanned=10 | no_tp→fwd_return=-5.1484
  Labels: 1126 long (51.9%), 1042 short (48.1%) | weights: min=1.00, mean=3.65, max=10.00
  Features: 2168/2168 matched, 46 columns
  CV gap: 22 rows
  [ensemble 1/3] seed=42
    [trial 0] 46 features, training_days=480 | threshold=0.631 | labels: 1126 long, 1042 short (52/48%)[I 2026-06-01 11:01:56,525] Trial 0 finished with value: -0.007383204349523014 and parameters: {'confidence_threshold': 0.6310890415965769, 'training_days': 480, 'n_estimators': 380, 'max_depth': 4, 'num_leaves': 22, 'learning_rate': 0.01699897838270077, 'subsample': 0.5290418060840998, 'colsample_bytree': 0.9330880728874675, 'min_child_samples': 68, 'reg_alpha': 0.023585940584142682, 'reg_lambda': 1.5320059381854043e-08}. Best is trial 0 with value: -0.007383204349523014.
[I 2026-06-01 11:01:56,637] Trial 1 finished with value: -4.0259944743599 and parameters: {'confidence_threshold': 0.839468448256698, 'training_days': 420, 'n_estimators': 145, 'max_depth': 3, 'num_leaves': 23, 'learning_rate': 0.028145092716060652, 'subsample': 0.762378215816119, 'colsample_bytree': 0.7159725093210578, 'min_child_samples': 43, 'reg_alpha': 0.0032112643094417484, 'reg_lambda': 1.8007140198129195e-07}. Best is trial 0 with value: -0.007383204349523014.
[I 2026-06-01 11:01:56,789] Trial 2 finished with value: -0.09122138993605193 and parameters: {'confidence_threshold': 0.6022506269873263, 'training_days': 190, 'n_estimators': 255, 'max_depth': 5, 'num_leaves': 24, 'learning_rate': 0.05748924681991978, 'subsample': 0.7962072844310213, 'colsample_bytree': 0.5232252063599989, 'min_child_samples': 69, 'reg_alpha': 3.425445902633376e-07, 'reg_lambda': 3.850031979199519e-08}. Best is trial 0 with value: -0.007383204349523014.
[I 2026-06-01 11:01:57,029] Trial 3 finished with value: -0.033739970654834736 and parameters: {'confidence_threshold': 0.8321099380386666, 'training_days': 490, 'n_estimators': 414, 'max_depth': 3, 'num_leaves': 19, 'learning_rate': 0.1024932221692416, 'subsample': 0.7200762468698007, 'colsample_bytree': 0.5610191174223894, 'min_child_samples': 60, 'reg_alpha': 2.039373116525212e-08, 'reg_lambda': 1.527156759251193}. Best is trial 0 with value: -0.007383204349523014.
[I 2026-06-01 11:01:57,187] Trial 4 finished with value: -0.04224888769210382 and parameters: {'confidence_threshold': 0.5905729935600059, 'training_days': 340, 'n_estimators': 190, 'max_depth': 4, 'num_leaves': 41, 'learning_rate': 0.01875220945578641, 'subsample': 0.9847923138822793, 'colsample_bytree': 0.8875664116805573, 'min_child_samples': 96, 'reg_alpha': 1.1309571585271483, 'reg_lambda': 0.002404915432737351}. Best is trial 0 with value: -0.007383204349523014.
[I 2026-06-01 11:01:57,222] Trial 5 finished with value: -0.06690921933688979 and parameters: {'confidence_threshold': 0.8226559822580909, 'training_days': 50, 'n_estimators': 138, 'max_depth': 3, 'num_leaves': 30, 'learning_rate': 0.03750796359625606, 'subsample': 0.6356745158869479, 'colsample_bytree': 0.9143687545759647, 'min_child_samples': 48, 'reg_alpha': 3.376063348877853e-06, 'reg_lambda': 0.0007660634613082914}. Best is trial 0 with value: -0.007383204349523014.
[I 2026-06-01 11:01:57,324] Trial 6 finished with value: -0.03729437175737824 and parameters: {'confidence_threshold': 0.5493234787411669, 'training_days': 410, 'n_estimators': 83, 'max_depth': 5, 'num_leaves': 52, 'learning_rate': 0.019657448966046126, 'subsample': 0.5027610585618012, 'colsample_bytree': 0.9077307142274171, 'min_child_samples': 77, 'reg_alpha': 0.03639690979811287, 'reg_lambda': 0.08738424135626986}. Best is trial 0 with value: -0.007383204349523014.
[I 2026-06-01 11:01:57,406] Trial 7 finished with value: -0.01950800172866092 and parameters: {'confidence_threshold': 0.5259156281069316, 'training_days': 180, 'n_estimators': 102, 'max_depth': 5, 'num_leaves': 45, 'learning_rate': 0.030816017044468066, 'subsample': 0.5317791751430119, 'colsample_bytree': 0.6554911608578311, 'min_child_samples': 46, 'reg_alpha': 0.036851536911881845, 'reg_lambda': 0.005470376807480391}. Best is trial 0 with value: -0.007383204349523014.
[I 2026-06-01 11:01:57,501] Trial 8 finished with value: -0.02311812458106212 and parameters: {'confidence_threshold': 0.8105244599017143, 'training_days': 240, 'n_estimators': 103, 'max_depth': 5, 'num_leaves': 52, 'learning_rate': 0.06746437142284309, 'subsample': 0.8854835899772805, 'colsample_bytree': 0.7468977981821954, 'min_child_samples': 62, 'reg_alpha': 7.04480806377519e-05, 'reg_lambda': 1.6934490731313353e-08}. Best is trial 0 with value: -0.007383204349523014.
[I 2026-06-01 11:01:57,536] Trial 9 finished with value: 0.08852290049590025 and parameters: {'confidence_threshold': 0.5377619994476566, 'training_days': 20, 'n_estimators': 337, 'max_depth': 3, 'num_leaves': 39, 'learning_rate': 0.21907142272152816, 'subsample': 0.6246461145744375, 'colsample_bytree': 0.7051914615178149, 'min_child_samples': 81, 'reg_alpha': 1.1459970229341322e-06, 'reg_lambda': 4.929685216887945e-08}. Best is trial 9 with value: 0.08852290049590025.
[I 2026-06-01 11:01:57,568] Trial 10 finished with value: -1.9440387024499681 and parameters: {'confidence_threshold': 0.7449289185605341, 'training_days': 10, 'n_estimators': 487, 'max_depth': 3, 'num_leaves': 61, 'learning_rate': 0.21914469472126635, 'subsample': 0.628963476300746, 'colsample_bytree': 0.8189858776055304, 'min_child_samples': 27, 'reg_alpha': 2.8948477959263623e-05, 'reg_lambda': 3.3639426888455256e-06}. Best is trial 9 with value: 0.08852290049590025.
[I 2026-06-01 11:01:57,660] Trial 11 finished with value: 0.00022048094912742664 and parameters: {'confidence_threshold': 0.6624337232857749, 'training_days': 110, 'n_estimators': 346, 'max_depth': 4, 'num_leaves': 33, 'learning_rate': 0.010397937137834207, 'subsample': 0.6089267919181687, 'colsample_bytree': 0.6488333531327133, 'min_child_samples': 84, 'reg_alpha': 3.662834835098572, 'reg_lambda': 7.868729181011707e-06}. Best is trial 9 with value: 0.08852290049590025.
[I 2026-06-01 11:01:57,747] Trial 12 finished with value: -0.09211069907231195 and parameters: {'confidence_threshold': 0.6957207487281538, 'training_days': 110, 'n_estimators': 333, 'max_depth': 4, 'num_leaves': 34, 'learning_rate': 0.010642679600809507, 'subsample': 0.6374168483868633, 'colsample_bytree': 0.6156442962086163, 'min_child_samples': 90, 'reg_alpha': 5.7716388202492235, 'reg_lambda': 8.348297043432798e-06}. Best is trial 9 with value: 0.08852290049590025.
[I 2026-06-01 11:01:57,825] Trial 13 finished with value: 0.021787015079426708 and parameters: {'confidence_threshold': 0.6765399659008772, 'training_days': 100, 'n_estimators': 258, 'max_depth': 4, 'num_leaves': 34, 'learning_rate': 0.24266737692139792, 'subsample': 0.6866291716128416, 'colsample_bytree': 0.6671680435920644, 'min_child_samples': 83, 'reg_alpha': 2.5487834077941937e-08, 'reg_lambda': 1.3472797234352198e-05}. Best is trial 9 with value: 0.08852290049590025.
[I 2026-06-01 11:01:57,886] Trial 14 finished with value: 0.012032282671005699 and parameters: {'confidence_threshold': 0.7167258006974598, 'training_days': 90, 'n_estimators': 252, 'max_depth': 3, 'num_leaves': 45, 'learning_rate': 0.269222027859383, 'subsample': 0.7084100755676976, 'colsample_bytree': 0.8091862388387663, 'min_child_samples': 100, 'reg_alpha': 2.5029897551345197e-08, 'reg_lambda': 7.973810114949508e-07}. Best is trial 9 with value: 0.08852290049590025.
[I 2026-06-01 11:01:57,912] Trial 15 finished with value: 0.08852290049590025 and parameters: {'confidence_threshold': 0.503124239209782, 'training_days': 10, 'n_estimators': 314, 'max_depth': 4, 'num_leaves': 38, 'learning_rate': 0.16793725570013096, 'subsample': 0.824979230030663, 'colsample_bytree': 0.7015327679903773, 'min_child_samples': 81, 'reg_alpha': 1.0025757876059077e-06, 'reg_lambda': 7.482879404932238e-05}. Best is trial 9 with value: 0.08852290049590025.
[I 2026-06-01 11:01:57,940] Trial 16 finished with value: 0.08852290049590025 and parameters: {'confidence_threshold': 0.5181604285410579, 'training_days': 10, 'n_estimators': 453, 'max_depth': 4, 'num_leaves': 41, 'learning_rate': 0.13515284174420591, 'subsample': 0.8649514202852935, 'colsample_bytree': 0.8077697100884461, 'min_child_samples': 76, 'reg_alpha': 3.163974227966369e-06, 'reg_lambda': 0.00015786976196607028}. Best is trial 9 with value: 0.08852290049590025.
[I 2026-06-01 11:01:58,104] Trial 17 finished with value: -0.026983584017526895 and parameters: {'confidence_threshold': 0.5596614474862396, 'training_days': 300, 'n_estimators': 302, 'max_depth': 3, 'num_leaves': 50, 'learning_rate': 0.14168046193643383, 'subsample': 0.8366733523272174, 'colsample_bytree': 0.9956385980717998, 'min_child_samples': 89, 'reg_alpha': 9.161883212085592e-07, 'reg_lambda': 0.06317287428052319}. Best is trial 9 with value: 0.08852290049590025.
[I 2026-06-01 11:01:58,160] A new study created in memory with name: no-name-8f182c90-230d-48da-8bbd-3b5af62fc01e
[I 2026-06-01 11:01:58,244] Trial 0 finished with value: -0.03772784574635701 and parameters: {'confidence_threshold': 0.7437642149592516, 'training_days': 150, 'n_estimators': 152, 'max_depth': 4, 'num_leaves': 50, 'learning_rate': 0.04216766425047743, 'subsample': 0.9903820991923078, 'colsample_bytree': 0.8424148692924316, 'min_child_samples': 58, 'reg_alpha': 3.381097259762742e-05, 'reg_lambda': 1.2263152961306247e-05}. Best is trial 0 with value: -0.03772784574635701.
[I 2026-06-01 11:01:58,312] Trial 1 finished with value: 0.07370485746612845 and parameters: {'confidence_threshold': 0.7551673975844145, 'training_days': 220, 'n_estimators': 76, 'max_depth': 4, 'num_leaves': 51, 'learning_rate': 0.018602118810743477, 'subsample': 0.5877258780737462, 'colsample_bytree': 0.7657756869209191, 'min_child_samples': 63, 'reg_alpha': 0.005123994170264194, 'reg_lambda': 0.44145470178120466}. Best is trial 1 with value: 0.07370485746612845.
[I 2026-06-01 11:01:58,553] Trial 2 finished with value: 0.02617455693882333 and parameters: {'confidence_threshold': 0.7535593637012223, 'training_days': 310, 'n_estimators': 375, 'max_depth': 3, 'num_leaves': 32, 'learning_rate': 0.021735641882032388, 'subsample': 0.6468570231944146, 'colsample_bytree': 0.8154880619272439, 'min_child_samples': 27, 'reg_alpha': 8.004064028491336e-05, 'reg_lambda': 7.546835261630524e-05}. Best is trial 1 with value: 0.07370485746612845.
[I 2026-06-01 11:01:58,709] Trial 3 finished with value: -0.032126351202951646 and parameters: {'confidence_threshold': 0.6727897841776072, 'training_days': 220, 'n_estimators': 190, 'max_depth': 4, 'num_leaves': 58, 'learning_rate': 0.24810689332636193, 'subsample': 0.7509183379421682, 'colsample_bytree': 0.8119764758960556, 'min_child_samples': 29, 'reg_alpha': 7.1708285081421445e-06, 'reg_lambda': 5.412973582738627e-05}. Best is trial 1 with value: 0.07370485746612845.
[I 2026-06-01 11:01:58,815] Trial 4 finished with value: -0.007473585579217454 and parameters: {'confidence_threshold': 0.803208205259178, 'training_days': 130, 'n_estimators': 267, 'max_depth': 5, 'num_leaves': 40, 'learning_rate': 0.08041175317374143, 'subsample': 0.5603143329951619, 'colsample_bytree': 0.9131704002534167, 'min_child_samples': 68, 'reg_alpha': 0.0008046593428183385, 'reg_lambda': 1.2158346158765583e-05}. Best is trial 1 with value: 0.07370485746612845.
[I 2026-06-01 11:01:59,011] Trial 5 finished with value: -0.013082693071316862 and parameters: {'confidence_threshold': 0.6064422761595144, 'training_days': 210, 'n_estimators': 357, 'max_depth': 5, 'num_leaves': 40, 'learning_rate': 0.0974221287220869, 'subsample': 0.7929682762811064, 'colsample_bytree': 0.8124517510478, 'min_child_samples': 74, 'reg_alpha': 0.3811377260781234, 'reg_lambda': 5.607314238392041e-08}. Best is trial 1 with value: 0.07370485746612845.
[I 2026-06-01 11:01:59,109] Trial 6 finished with value: 0.031590595754543746 and parameters: {'confidence_threshold': 0.7672889945051684, 'training_days': 130, 'n_estimators': 137, 'max_depth': 4, 'num_leaves': 19, 'learning_rate': 0.2031117614248665, 'subsample': 0.8136244860256343, 'colsample_bytree': 0.8617081790949774, 'min_child_samples': 21, 'reg_alpha': 0.002238138278733199, 'reg_lambda': 0.001025809534977322}. Best is trial 1 with value: 0.07370485746612845.
[I 2026-06-01 11:01:59,181] Trial 7 finished with value: 0.038044179435069735 and parameters: {'confidence_threshold': 0.555635875450653, 'training_days': 80, 'n_estimators': 363, 'max_depth': 3, 'num_leaves': 48, 'learning_rate': 0.06590089024008658, 'subsample': 0.6944752870615722, 'colsample_bytree': 0.962566244806993, 'min_child_samples': 88, 'reg_alpha': 1.6465620446426067e-05, 'reg_lambda': 2.4678750890085655e-08}. Best is trial 1 with value: 0.07370485746612845.
[I 2026-06-01 11:01:59,484] Trial 8 finished with value: -0.021284685504386454 and parameters: {'confidence_threshold': 0.6066688256938841, 'training_days': 200, 'n_estimators': 367, 'max_depth': 5, 'num_leaves': 32, 'learning_rate': 0.13377519215934996, 'subsample': 0.7965884582811106, 'colsample_bytree': 0.8458508993500886, 'min_child_samples': 32, 'reg_alpha': 3.889436043816386e-05, 'reg_lambda': 1.4713062489380356e-06}. Best is trial 1 with value: 0.07370485746612845.
