[I 2026-06-01 11:09:41,144] Trial 8 finished with value: 0.021608343908508975 and parameters: {'confidence_threshold': 0.8105244599017143, 'training_days': 240, 'n_estimators': 103, 'max_depth': 5, 'num_leaves': 52, 'learning_rate': 0.06746437142284309, 'subsample': 0.8854835899772805, 'colsample_bytree': 0.7468977981821954, 'min_child_samples': 62, 'reg_alpha': 7.04480806377519e-05, 'reg_lambda': 1.6934490731313353e-08}. Best is trial 6 with value: 0.1768033699279592.
[I 2026-06-01 11:09:41,167] Trial 9 finished with value: -8.493771099717385e-05 and parameters: {'confidence_threshold': 0.5377619994476566, 'training_days': 20, 'n_estimators': 337, 'max_depth': 3, 'num_leaves': 39, 'learning_rate': 0.21907142272152816, 'subsample': 0.6246461145744375, 'colsample_bytree': 0.7051914615178149, 'min_child_samples': 81, 'reg_alpha': 1.1459970229341322e-06, 'reg_lambda': 4.929685216887945e-08}. Best is trial 6 with value: 0.1768033699279592.
[I 2026-06-01 11:09:41,797] Trial 10 finished with value: 0.06523587143214968 and parameters: {'confidence_threshold': 0.7378545837642324, 'training_days': 350, 'n_estimators': 487, 'max_depth': 5, 'num_leaves': 62, 'learning_rate': 0.011407797829608154, 'subsample': 0.628963476300746, 'colsample_bytree': 0.8340915966600303, 'min_child_samples': 27, 'reg_alpha': 8.536188349289, 'reg_lambda': 8.145051292774586}. Best is trial 6 with value: 0.1768033699279592.

    [trial 10] Sharpe=0.0624 (folds: -0.1773, 0.1578, -0.1533, 0.1849, 0.2998)
    [trial 11] 46 features, training_days=10 | threshold=0.849 | labels: 928 long, 1240 short (43/57%)
    [trial 11] Sharpe=0.0624 (folds: -0.1773, 0.1578, -0.1533, 0.1849, 0.2998)
    [trial 12] 46 features, training_days=140 | threshold=0.839 | labels: 928 long, 1240 short (43/57%)
    [trial 12] Sharpe=-0.1214 (folds: -0.1481, -0.1084, -0.0876, -0.0536, -0.2091)
    [trial 13] 46 features, training_days=200 | threshold=0.504 | labels: 928 long, 1240 short (43/57%)
    [trial 13] Sharpe=-0.0276 (folds: -0.0025, -0.2204, 0.0007, 0.1158, -0.0316)
    [trial 14] 46 features, training_days=70 | threshold=0.772 | labels: 928 long, 1240 short (43/57%)
    [trial 14] Sharpe=-0.0696 (folds: 0.0750, -0.1835, -0.0380, -0.1632, -0.0384)
    [trial 15] 46 features, training_days=160 | threshold=0.783 | labels: 928 long, 1240 short (43/57%)
    [trial 15] Sharpe=-2.0599 (folds: -0.1747, -0.3363, -10.0000, 0.3329, -0.1216)
    [trial 16] 46 features, training_days=360 | threshold=0.622 | labels: 928 long, 1240 short (43/57%)
    [trial 16] Sharpe=0.0199 (folds: -0.1150, -0.0181, 0.0746, 0.2835, -0.1253)
    [trial 17] 46 features, training_days=70 | threshold=0.503 | labels: 928 long, 1240 short (43/57%)
    [trial 17] Sharpe=0.0116 (folds: 0.1476, -0.0017, -0.1261, 0.0770, -0.0387)
  Optuna: 18 trials, best Sharpe = 0.0624
  Best params: n_estimators=212, max_depth=3, lr=0.1845, leaves=41
  Best confidence_threshold: 0.585
  Best training_days: 10
  Retrained on full data (30 samples, 46 features)
  OOD: 16 features, cutoff (q=0.7) = 12.38
  Model trained for 2026-04: 90 test candles with features, confidence_threshold=0.721
[predict] 2026-04-08 08:00 DOTUSDT → SHORT (proba=0.78 TP=11.3%/SL=5.7%)
[trade:open] 2026-04-08 15:59 DOTUSDT SHORT @ 1.29 | SL=1.37 TP=1.15 | timeout=2026-04-15 15:59
[trade:close] 2026-04-13 07:59 DOTUSDT SHORT → take_profit @ 1.15 | PnL=+11.32% (net +11.22%) | cum=+110.67% 2026-04=+11.22% 2026-04-13=+11.22%
[predict] 2026-04-14 00:00 DOTUSDT → SHORT (proba=0.78 TP=14.1%/SL=7.1%)
[trade:open] 2026-04-14 07:59 DOTUSDT SHORT @ 1.19 | SL=1.27 TP=1.02 | timeout=2026-04-21 07:59
[trade:close] 2026-04-16 07:59 DOTUSDT SHORT → stop_loss @ 1.27 | PnL=-7.06% (net -7.16%) | cum=+103.52% 2026-04=+4.07% 2026-04-16=-7.16%
[lgbm] === Training for 2026-05 ===
  Train window: 2024-05-01 → 2026-04-23
  2168 training samples from 1 symbols
  Samples per month: 2024-05: 93, 2024-06: 90, 2024-07: 93, 2024-08: 93, 2024-09: 90, 2024-10: 93, 2024-11: 90, 2024-12: 93, 2025-01: 93, 2025-02: 84, 2025-03: 93, 2025-04: 90, 2025-05: 93, 2025-06: 90, 2025-07: 93, 2025-08: 93, 2025-09: 90, 2025-10: 93, 2025-11: 90, 2025-12: 93, 2026-01: 93, 2026-02: 84, 2026-03: 93, 2026-04: 68
  [label] 2024-07-01 16:00 DOTUSDT entry=6.3270 → SHORT | long=sl(-4.44%) short=sl(-4.44%) | scanned=6 | no_tp→fwd_return=-3.9829
  [label] 2024-07-03 16:00 DOTUSDT entry=6.0750 → SHORT | long=sl(-5.71%) short=tp(+11.11%) | scanned=4 | short_tp_only
  [label] 2024-07-07 16:00 DOTUSDT entry=5.9070 → LONG | long=timeout(+6.82%) short=timeout(-7.02%) | scanned=22 | no_tp→fwd_return=+6.9240
  [label] 2024-08-01 08:00 DOTUSDT entry=5.1580 → SHORT | long=sl(-5.34%) short=tp(+10.38%) | scanned=10 | short_tp_only
  [label] 2024-09-22 16:00 DOTUSDT entry=4.3070 → LONG | long=tp(+9.50%) short=sl(-4.90%) | scanned=8 | long_tp_only
  [label] 2025-03-07 16:00 DOTUSDT entry=4.4100 → SHORT | long=sl(-9.89%) short=timeout(+5.02%) | scanned=22 | no_tp→fwd_return=-5.1247
  [label] 2025-03-11 16:00 DOTUSDT entry=4.0410 → LONG | long=timeout(+9.97%) short=sl(-10.05%) | scanned=22 | no_tp→fwd_return=+10.0718
  [label] 2025-03-22 08:00 DOTUSDT entry=4.4610 → SHORT | long=sl(-5.41%) short=sl(-5.41%) | scanned=20 | no_tp→fwd_return=-7.2405
  [label] 2025-05-06 08:00 DOTUSDT entry=3.9060 → LONG | long=tp(+8.98%) short=sl(-4.64%) | scanned=5 | long_tp_only
  [label] 2025-05-14 16:00 DOTUSDT entry=4.9780 → SHORT | long=sl(-7.26%) short=timeout(+4.76%) | scanned=22 | no_tp→fwd_return=-4.8614
  [label] 2025-08-13 00:00 DOTUSDT entry=4.2000 → SHORT | long=sl(-5.95%) short=tp(+11.60%) | scanned=21 | short_tp_only
  [label] 2025-09-14 00:00 DOTUSDT entry=4.4180 → LONG | long=sl(-4.84%) short=sl(-4.84%) | scanned=15 | no_tp→fwd_return=+4.1421
  [label] 2025-09-30 00:00 DOTUSDT entry=3.9010 → LONG | long=tp(+9.73%) short=sl(-5.01%) | scanned=7 | long_tp_only
  [label] 2025-10-12 16:00 DOTUSDT entry=3.2380 → SHORT | long=timeout(-7.23%) short=timeout(+7.03%) | scanned=22 | no_tp→fwd_return=-7.1340
  [label] 2025-10-31 08:00 DOTUSDT entry=2.8990 → SHORT | long=sl(-6.50%) short=tp(+12.70%) | scanned=9 | short_tp_only
  [label] 2025-11-06 16:00 DOTUSDT entry=2.6640 → LONG | long=tp(+17.59%) short=sl(-8.95%) | scanned=3 | long_tp_only
  [label] 2025-11-19 00:00 DOTUSDT entry=2.7070 → SHORT | long=sl(-8.19%) short=tp(+16.09%) | scanned=6 | short_tp_only
  [label] 2025-12-28 08:00 DOTUSDT entry=1.8780 → LONG | long=sl(-5.77%) short=sl(-5.77%) | scanned=13 | no_tp→fwd_return=+6.3365
  [label] 2026-01-07 08:00 DOTUSDT entry=2.1340 → LONG | long=timeout(+6.04%) short=sl(-6.61%) | scanned=22 | no_tp→fwd_return=+6.1387
  [label] 2026-04-03 08:00 DOTUSDT entry=1.2480 → LONG | long=timeout(+4.79%) short=sl(-5.03%) | scanned=22 | no_tp→fwd_return=+4.8878
  Labels: 927 long (42.8%), 1241 short (57.2%) | weights: min=1.00, mean=3.42, max=10.00
  Features: 2168/2168 matched, 46 columns
  CV gap: 22 rows
  [ensemble 1/3] seed=42
    [trial 0] 46 features, training_days=480 | threshold=0.631 | labels: 927 long, 1241 short (43/57%)
    [CV fold 0] train_end=2024-08-22 08:00 | val_start=2024-08-30 00:00 | gap=184h (22 rows)
    [CV fold 1] train_end=2024-12-20 16:00 | val_start=2024-12-28 08:00 | gap=184h (22 rows)
    [CV fold 2] train_end=2025-04-20 00:00 | val_start=2025-04-27 16:00 | gap=184h (22 rows)
    [CV fold 3] train_end=2025-08-18 08:00 | val_start=2025-08-26 00:00 | gap=184h (22 rows)
    [CV fold 4] train_end=2025-12-16 16:00 | val_start=2025-12-24 08:00 | gap=184h (22 rows)
    [trial 0] Sharpe=0.0564 (folds: 0.1196, 0.0188, 0.1397, 0.0228, -0.0186)
    [trial 1] 46 features, training_days=420 | threshold=0.839 | labels: 927 long, 1241 short (43/57%)
    [trial 1] Sharpe=-3.7502 (folds: 0.1716, -10.0000, -10.0000, 0.5930, 0.4841)
    [trial 2] 46 features, training_days=190 | threshold=0.602 | labels: 927 long, 1241 short (43/57%)
    [trial 2] Sharpe=0.0335 (folds: 0.1021, 0.0129, 0.0676, 0.0024, -0.0173)
    [trial 3] 46 features, training_days=490 | threshold=0.832 | labels: 927 long, 1241 short (43/57%)
    [trial 3] Sharpe=0.1232 (folds: 0.0537, 0.1531, 0.2048, 0.0705, 0.1337)
    [trial 4] 46 features, training_days=340 | threshold=0.591 | labels: 927 long, 1241 short (43/57%)
    [trial 4] Sharpe=0.1170 (folds: -0.0249, 0.1994, 0.2773, 0.1688, -0.0357)
    [trial 5] 46 features, training_days=50 | threshold=0.823 | labels: 927 long, 1241 short (43/57%)
    [trial 5] Sharpe=-0.1171 (folds: 0.3827, -0.7168, -0.1367, -0.1552, 0.0403)
    [trial 6] 46 features, training_days=410 | threshold=0.549 | labels: 927 long, 1241 short (43/57%)
    [trial 6] Sharpe=0.1768 (folds: 0.1815, 0.1296, 0.1885, 0.2521, 0.1323)
    [trial 7] 46 features, training_days=180 | threshold=0.526 | labels: 927 long, 1241 short (43/57%)
    [trial 7] Sharpe=0.0174 (folds: 0.1728, -0.1209, 0.0234, 0.0421, -0.0304)
    [trial 8] 46 features, training_days=240 | threshold=0.811 | labels: 927 long, 1241 short (43/57%)
    [trial 8] Sharpe=0.0216 (folds: 0.0459, 0.0399, 0.0888, -0.0402, -0.0263)
    [trial 9] 46 features, training_days=20 | threshold=0.538 | labels: 927 long, 1241 short (43/57%)
    [trial 9] Sharpe=-0.0001 (folds: 0.1561, -0.0027, -0.1163, -0.2291, 0.1915)
    [trial 10] 46 features, training_days=350 | threshold=0.738 | labels: 927 long, 1241 short (43/57%)
    [trial 10] Sharpe=0.0652 (folds: -0.1257, 0.1165, 0.2303, 0.1551, -0.0501)
    [trial 11] 46 features, training_days=480 | threshold=0.713 | labels: 927 long, 1241 short (43/57%)
    [trial 11] Sharpe=0.0595 (folds: -0.0090, 0.1179, 0.1308, -0.0206, 0.0781)[I 2026-06-01 11:09:42,140] Trial 11 finished with value: 0.05945680451982893 and parameters: {'confidence_threshold': 0.7131090560543465, 'training_days': 480, 'n_estimators': 496, 'max_depth': 4, 'num_leaves': 55, 'learning_rate': 0.13748096120023556, 'subsample': 0.7008336560939579, 'colsample_bytree': 0.5039870416163934, 'min_child_samples': 85, 'reg_alpha': 5.426459702477891e-08, 'reg_lambda': 0.9693369363663902}. Best is trial 6 with value: 0.1768033699279592.
[I 2026-06-01 11:09:42,377] Trial 12 finished with value: 0.058279151116227015 and parameters: {'confidence_threshold': 0.7442467330465313, 'training_days': 380, 'n_estimators': 398, 'max_depth': 3, 'num_leaves': 15, 'learning_rate': 0.09894162917596783, 'subsample': 0.8255079015857973, 'colsample_bytree': 0.6211764664971613, 'min_child_samples': 79, 'reg_alpha': 7.107569928967907e-05, 'reg_lambda': 0.1433348019021436}. Best is trial 6 with value: 0.1768033699279592.
[I 2026-06-01 11:09:42,638] Trial 13 finished with value: 0.0657533386976951 and parameters: {'confidence_threshold': 0.663455030204664, 'training_days': 500, 'n_estimators': 258, 'max_depth': 4, 'num_leaves': 34, 'learning_rate': 0.22361544567965308, 'subsample': 0.5014073404332708, 'colsample_bytree': 0.9994455923633134, 'min_child_samples': 56, 'reg_alpha': 2.1584299625477397e-08, 'reg_lambda': 0.12873338729896155}. Best is trial 6 with value: 0.1768033699279592.
[I 2026-06-01 11:09:42,885] Trial 14 finished with value: 0.041120266719634646 and parameters: {'confidence_threshold': 0.7871652886153421, 'training_days': 420, 'n_estimators': 315, 'max_depth': 4, 'num_leaves': 50, 'learning_rate': 0.11965769825690181, 'subsample': 0.6905575120806839, 'colsample_bytree': 0.816535373912939, 'min_child_samples': 100, 'reg_alpha': 0.0017216434834238536, 'reg_lambda': 7.565770484313319e-06}. Best is trial 6 with value: 0.1768033699279592.
[I 2026-06-01 11:09:42,970] Trial 15 finished with value: 0.14225135218842702 and parameters: {'confidence_threshold': 0.5653411177747963, 'training_days': 290, 'n_estimators': 52, 'max_depth': 5, 'num_leaves': 61, 'learning_rate': 0.010034904685762583, 'subsample': 0.898499487874897, 'colsample_bytree': 0.5845593918314319, 'min_child_samples': 33, 'reg_alpha': 0.22170168345958277, 'reg_lambda': 0.037079230186390165}. Best is trial 6 with value: 0.1768033699279592.
[I 2026-06-01 11:09:43,081] Trial 16 finished with value: 0.10668315613372326 and parameters: {'confidence_threshold': 0.563996165292034, 'training_days': 290, 'n_estimators': 59, 'max_depth': 5, 'num_leaves': 63, 'learning_rate': 0.010587301545770277, 'subsample': 0.9397541766618512, 'colsample_bytree': 0.8014183018258636, 'min_child_samples': 26, 'reg_alpha': 0.42661845970286133, 'reg_lambda': 6.351549329154298e-05}. Best is trial 6 with value: 0.1768033699279592.
[I 2026-06-01 11:09:43,316] Trial 17 finished with value: 0.08367428288081347 and parameters: {'confidence_threshold': 0.5098961061473586, 'training_days': 290, 'n_estimators': 198, 'max_depth': 5, 'num_leaves': 57, 'learning_rate': 0.017554055365740246, 'subsample': 0.8631592487816611, 'colsample_bytree': 0.6091330191487015, 'min_child_samples': 36, 'reg_alpha': 0.08027561062441814, 'reg_lambda': 0.03922927371260886}. Best is trial 6 with value: 0.1768033699279592.
[I 2026-06-01 11:09:43,846] A new study created in memory with name: no-name-071f5c27-2077-4a78-90c7-9c82adffb83f
[I 2026-06-01 11:09:43,932] Trial 0 finished with value: -0.04839093917267291 and parameters: {'confidence_threshold': 0.7437642149592516, 'training_days': 150, 'n_estimators': 152, 'max_depth': 4, 'num_leaves': 50, 'learning_rate': 0.04216766425047743, 'subsample': 0.9903820991923078, 'colsample_bytree': 0.8424148692924316, 'min_child_samples': 58, 'reg_alpha': 3.381097259762742e-05, 'reg_lambda': 1.2263152961306247e-05}. Best is trial 0 with value: -0.04839093917267291.
[I 2026-06-01 11:09:43,998] Trial 1 finished with value: 0.4316561522567066 and parameters: {'confidence_threshold': 0.7551673975844145, 'training_days': 220, 'n_estimators': 76, 'max_depth': 4, 'num_leaves': 51, 'learning_rate': 0.018602118810743477, 'subsample': 0.5877258780737462, 'colsample_bytree': 0.7657756869209191, 'min_child_samples': 63, 'reg_alpha': 0.005123994170264194, 'reg_lambda': 0.44145470178120466}. Best is trial 1 with value: 0.4316561522567066.
[I 2026-06-01 11:09:44,236] Trial 2 finished with value: 0.10787451749411232 and parameters: {'confidence_threshold': 0.7535593637012223, 'training_days': 310, 'n_estimators': 375, 'max_depth': 3, 'num_leaves': 32, 'learning_rate': 0.021735641882032388, 'subsample': 0.6468570231944146, 'colsample_bytree': 0.8154880619272439, 'min_child_samples': 27, 'reg_alpha': 8.004064028491336e-05, 'reg_lambda': 7.546835261630524e-05}. Best is trial 1 with value: 0.4316561522567066.
[I 2026-06-01 11:09:44,411] Trial 3 finished with value: -0.031079744135152975 and parameters: {'confidence_threshold': 0.6727897841776072, 'training_days': 220, 'n_estimators': 190, 'max_depth': 4, 'num_leaves': 58, 'learning_rate': 0.24810689332636193, 'subsample': 0.7509183379421682, 'colsample_bytree': 0.8119764758960556, 'min_child_samples': 29, 'reg_alpha': 7.1708285081421445e-06, 'reg_lambda': 5.412973582738627e-05}. Best is trial 1 with value: 0.4316561522567066.
[I 2026-06-01 11:09:44,537] Trial 4 finished with value: 0.05384198007742186 and parameters: {'confidence_threshold': 0.803208205259178, 'training_days': 130, 'n_estimators': 267, 'max_depth': 5, 'num_leaves': 40, 'learning_rate': 0.08041175317374143, 'subsample': 0.5603143329951619, 'colsample_bytree': 0.9131704002534167, 'min_child_samples': 68, 'reg_alpha': 0.0008046593428183385, 'reg_lambda': 1.2158346158765583e-05}. Best is trial 1 with value: 0.4316561522567066.
[I 2026-06-01 11:09:44,769] Trial 5 finished with value: 0.03208664526603084 and parameters: {'confidence_threshold': 0.6064422761595144, 'training_days': 210, 'n_estimators': 357, 'max_depth': 5, 'num_leaves': 40, 'learning_rate': 0.0974221287220869, 'subsample': 0.7929682762811064, 'colsample_bytree': 0.8124517510478, 'min_child_samples': 74, 'reg_alpha': 0.3811377260781234, 'reg_lambda': 5.607314238392041e-08}. Best is trial 1 with value: 0.4316561522567066.
[I 2026-06-01 11:09:44,879] Trial 6 finished with value: -0.01032144060154357 and parameters: {'confidence_threshold': 0.7672889945051684, 'training_days': 130, 'n_estimators': 137, 'max_depth': 4, 'num_leaves': 19, 'learning_rate': 0.2031117614248665, 'subsample': 0.8136244860256343, 'colsample_bytree': 0.8617081790949774, 'min_child_samples': 21, 'reg_alpha': 0.002238138278733199, 'reg_lambda': 0.001025809534977322}. Best is trial 1 with value: 0.4316561522567066.
[I 2026-06-01 11:09:44,943] Trial 7 finished with value: 0.01095566370790512 and parameters: {'confidence_threshold': 0.555635875450653, 'training_days': 80, 'n_estimators': 363, 'max_depth': 3, 'num_leaves': 48, 'learning_rate': 0.06590089024008658, 'subsample': 0.6944752870615722, 'colsample_bytree': 0.962566244806993, 'min_child_samples': 88, 'reg_alpha': 1.6465620446426067e-05, 'reg_lambda': 2.4678750890085655e-08}. Best is trial 1 with value: 0.4316561522567066.
[I 2026-06-01 11:09:45,255] Trial 8 finished with value: -0.044663343322528436 and parameters: {'confidence_threshold': 0.6066688256938841, 'training_days': 200, 'n_estimators': 367, 'max_depth': 5, 'num_leaves': 32, 'learning_rate': 0.13377519215934996, 'subsample': 0.7965884582811106, 'colsample_bytree': 0.8458508993500886, 'min_child_samples': 32, 'reg_alpha': 3.889436043816386e-05, 'reg_lambda': 1.4713062489380356e-06}. Best is trial 1 with value: 0.4316561522567066.
[I 2026-06-01 11:09:45,461] Trial 9 finished with value: 0.05959755685909005 and parameters: {'confidence_threshold': 0.6202096049169137, 'training_days': 260, 'n_estimators': 350, 'max_depth': 3, 'num_leaves': 21, 'learning_rate': 0.02989540198065364, 'subsample': 0.8307821683331218, 'colsample_bytree': 0.923253112635361, 'min_child_samples': 64, 'reg_alpha': 0.4898604619604203, 'reg_lambda': 2.9076377687066166e-05}. Best is trial 1 with value: 0.4316561522567066.
[I 2026-06-01 11:09:45,893] Trial 10 finished with value: 0.07332666930456541 and parameters: {'confidence_threshold': 0.8445241688507242, 'training_days': 470, 'n_estimators': 493, 'max_depth': 4, 'num_leaves': 63, 'learning_rate': 0.010221918552934462, 'subsample': 0.5019190721168774, 'colsample_bytree': 0.6202684210924141, 'min_child_samples': 47, 'reg_alpha': 2.371385268938747e-08, 'reg_lambda': 1.7987349911222597}. Best is trial 1 with value: 0.4316561522567066.
[I 2026-06-01 11:09:45,971] Trial 11 finished with value: -7.924086612112456 and parameters: {'confidence_threshold': 0.7162109107873752, 'training_days': 360, 'n_estimators': 51, 'max_depth': 3, 'num_leaves': 28, 'learning_rate': 0.016298143265808546, 'subsample': 0.6391782689059778, 'colsample_bytree': 0.6900063486364282, 'min_child_samples': 42, 'reg_alpha': 0.01799493661729836, 'reg_lambda': 0.029771765343273634}. Best is trial 1 with value: 0.4316561522567066.
[I 2026-06-01 11:09:46,212] Trial 12 finished with value: 0.07940939784203786 and parameters: {'confidence_threshold': 0.6776559669413387, 'training_days': 340, 'n_estimators': 484, 'max_depth': 3, 'num_leaves': 47, 'learning_rate': 0.02392651870535563, 'subsample': 0.6166545294095858, 'colsample_bytree': 0.5096458353191796, 'min_child_samples': 100, 'reg_alpha': 1.0994405170068853e-07, 'reg_lambda': 0.005070761005041337}. Best is trial 1 with value: 0.4316561522567066.
[I 2026-06-01 11:09:46,241] Trial 13 finished with value: -1.9211412903784388 and parameters: {'confidence_threshold': 0.789718509378323, 'training_days': 10, 'n_estimators': 53, 'max_depth': 3, 'num_leaves': 32, 'learning_rate': 0.014472572446935365, 'subsample': 0.6637554456572594, 'colsample_bytree': 0.7361824510546084, 'min_child_samples': 51, 'reg_alpha': 0.024510194560445127, 'reg_lambda': 1.6768007566464287}. Best is trial 1 with value: 0.4316561522567066.
[I 2026-06-01 11:09:46,442] Trial 14 finished with value: 0.10318198804861564 and parameters: {'confidence_threshold': 0.6990760489990013, 'training_days': 310, 'n_estimators': 288, 'max_depth': 4, 'num_leaves': 56, 'learning_rate': 0.03629583630175215, 'subsample': 0.571097323615661, 'colsample_bytree': 0.6518033017634928, 'min_child_samples': 78, 'reg_alpha': 8.70158361284731e-07, 'reg_lambda': 0.07597426064842482}. Best is trial 1 with value: 0.4316561522567066.
[I 2026-06-01 11:09:46,858] Trial 15 finished with value: 0.228254482259565 and parameters: {'confidence_threshold': 0.8413262323766814, 'training_days': 390, 'n_estimators': 436, 'max_depth': 4, 'num_leaves': 25, 'learning_rate': 0.018204174012129166, 'subsample': 0.507007918467014, 'colsample_bytree': 0.738971151174427, 'min_child_samples': 41, 'reg_alpha': 3.7633185646040874, 'reg_lambda': 0.000509991167183613}. Best is trial 1 with value: 0.4316561522567066.
[I 2026-06-01 11:09:47,294] Trial 16 finished with value: 0.18493504740149702 and parameters: {'confidence_threshold': 0.8350185286536077, 'training_days': 440, 'n_estimators': 441, 'max_depth': 4, 'num_leaves': 15, 'learning_rate': 0.010340789776365815, 'subsample': 0.5008986305738491, 'colsample_bytree': 0.7158318224997116, 'min_child_samples': 39, 'reg_alpha': 3.433399905162048, 'reg_lambda': 7.198549460532722}. Best is trial 1 with value: 0.4316561522567066.
[I 2026-06-01 11:09:47,561] Trial 17 finished with value: 0.11437830813424968 and parameters: {'confidence_threshold': 0.5004748807695347, 'training_days': 410, 'n_estimators': 236, 'max_depth': 5, 'num_leaves': 45, 'learning_rate': 0.017746624628996042, 'subsample': 0.5695446812685067, 'colsample_bytree': 0.5938410582452672, 'min_child_samples': 52, 'reg_alpha': 7.284070645541434, 'reg_lambda': 0.2855374700837145}. Best is trial 1 with value: 0.4316561522567066.
[I 2026-06-01 11:09:48,084] A new study created in memory with name: no-name-6ad62291-f7f7-40d6-9a4d-3a5ec3bdcba4
