[I 2026-06-01 11:06:34,800] Trial 5 finished with value: 0.03928125108053676 and parameters: {'confidence_threshold': 0.7111850244908446, 'training_days': 490, 'n_estimators': 362, 'max_depth': 5, 'num_leaves': 40, 'learning_rate': 0.05960785724162737, 'subsample': 0.5589714368907717, 'colsample_bytree': 0.6659006943232806, 'min_child_samples': 42, 'reg_alpha': 0.6741360303045295, 'reg_lambda': 6.054601607143087e-08}. Best is trial 5 with value: 0.03928125108053676.
[I 2026-06-01 11:06:34,980] Trial 6 finished with value: -0.019337144027059855 and parameters: {'confidence_threshold': 0.667482545748023, 'training_days': 420, 'n_estimators': 279, 'max_depth': 3, 'num_leaves': 45, 'learning_rate': 0.040099592560849204, 'subsample': 0.8563114696415159, 'colsample_bytree': 0.5442917781944105, 'min_child_samples': 50, 'reg_alpha': 1.6407916423707903e-08, 'reg_lambda': 2.935907642973286e-05}. Best is trial 5 with value: 0.03928125108053676.
[I 2026-06-01 11:06:35,141] Trial 7 finished with value: -0.08946635228320257 and parameters: {'confidence_threshold': 0.5497381024139926, 'training_days': 120, 'n_estimators': 408, 'max_depth': 5, 'num_leaves': 38, 'learning_rate': 0.28049122657745795, 'subsample': 0.8806573338635493, 'colsample_bytree': 0.5454054113547102, 'min_child_samples': 63, 'reg_alpha': 0.01263008637940408, 'reg_lambda': 0.04588020805366937}. Best is trial 5 with value: 0.03928125108053676.
[I 2026-06-01 11:06:35,407] Trial 8 finished with value: -0.03579522822858002 and parameters: {'confidence_threshold': 0.719644804808716, 'training_days': 450, 'n_estimators': 410, 'max_depth': 4, 'num_leaves': 57, 'learning_rate': 0.04022026551478857, 'subsample': 0.5336085426932707, 'colsample_bytree': 0.5705742850577543, 'min_child_samples': 100, 'reg_alpha': 5.916398047912201e-07, 'reg_lambda': 0.9794034214488329}. Best is trial 5 with value: 0.03928125108053676.
[I 2026-06-01 11:06:35,433] Trial 9 finished with value: -6.0139495463321415 and parameters: {'confidence_threshold': 0.7267463643917187, 'training_days': 20, 'n_estimators': 337, 'max_depth': 5, 'num_leaves': 23, 'learning_rate': 0.022153031811454605, 'subsample': 0.6305627572358737, 'colsample_bytree': 0.6613413774216214, 'min_child_samples': 81, 'reg_alpha': 5.7638634029410314e-08, 'reg_lambda': 8.26603016764008}. Best is trial 5 with value: 0.03928125108053676.
[I 2026-06-01 11:06:35,898] Trial 10 finished with value: -0.03362779075608789 and parameters: {'confidence_threshold': 0.8283920119574972, 'training_days': 490, 'n_estimators': 485, 'max_depth': 4, 'num_leaves': 15, 'learning_rate': 0.013054596495157828, 'subsample': 0.7130289643560688, 'colsample_bytree': 0.9944479338273263, 'min_child_samples': 52, 'reg_alpha': 2.8556520323203283, 'reg_lambda': 1.4521305760519918e-08}. Best is trial 5 with value: 0.03928125108053676.
[I 2026-06-01 11:06:36,283] Trial 11 finished with value: -0.15221133738737067 and parameters: {'confidence_threshold': 0.7871429771330364, 'training_days': 160, 'n_estimators': 364, 'max_depth': 5, 'num_leaves': 54, 'learning_rate': 0.07578232512735636, 'subsample': 0.9876183503862322, 'colsample_bytree': 0.9060119313244169, 'min_child_samples': 22, 'reg_alpha': 3.3606739138311696e-05, 'reg_lambda': 9.46041867677697e-06}. Best is trial 5 with value: 0.03928125108053676.
[I 2026-06-01 11:06:36,822] Trial 12 finished with value: 0.03773207913394089 and parameters: {'confidence_threshold': 0.5145853631584999, 'training_days': 360, 'n_estimators': 490, 'max_depth': 5, 'num_leaves': 51, 'learning_rate': 0.101661983251671, 'subsample': 0.9912016966112274, 'colsample_bytree': 0.6861452142719364, 'min_child_samples': 38, 'reg_alpha': 0.011736013801596694, 'reg_lambda': 0.0022105109201275095}. Best is trial 5 with value: 0.03928125108053676.
[I 2026-06-01 11:06:37,356] Trial 13 finished with value: 0.02184018555142491 and parameters: {'confidence_threshold': 0.5012593228941856, 'training_days': 370, 'n_estimators': 497, 'max_depth': 5, 'num_leaves': 52, 'learning_rate': 0.11842510796771445, 'subsample': 0.7458753160929616, 'colsample_bytree': 0.6758512620255059, 'min_child_samples': 43, 'reg_alpha': 0.029619471740957106, 'reg_lambda': 0.0059487954326685535}. Best is trial 5 with value: 0.03928125108053676.
[I 2026-06-01 11:06:37,597] Trial 14 finished with value: 0.048053059971149024 and parameters: {'confidence_threshold': 0.7607834074194101, 'training_days': 370, 'n_estimators': 285, 'max_depth': 4, 'num_leaves': 60, 'learning_rate': 0.1097040799045441, 'subsample': 0.6696126473039495, 'colsample_bytree': 0.658600878541351, 'min_child_samples': 64, 'reg_alpha': 0.09125560614000292, 'reg_lambda': 0.0014709214223004336}. Best is trial 14 with value: 0.048053059971149024.

    [trial 15] 46 features, training_days=500 | threshold=0.507 | labels: 1063 long, 1108 short (49/51%)
    [trial 15] Sharpe=0.0339 (folds: -0.0679, -0.0131, 0.0345, 0.1497, 0.0662)
    [trial 16] 46 features, training_days=410 | threshold=0.519 | labels: 1063 long, 1108 short (49/51%)
    [trial 16] Sharpe=0.0145 (folds: -0.0482, -0.0495, -0.0179, 0.0266, 0.1612)
    [trial 17] 46 features, training_days=310 | threshold=0.560 | labels: 1063 long, 1108 short (49/51%)
    [trial 17] Sharpe=-0.0277 (folds: -0.1022, -0.0309, -0.0438, 0.0660, -0.0276)
  Optuna: 18 trials, best Sharpe = 0.0339
  Best params: n_estimators=52, max_depth=5, lr=0.1165, leaves=61
  Best confidence_threshold: 0.507
  Best training_days: 500
  Retrained on full data (1500 samples, 46 features)
  [ensemble 2/3] seed=123
    [trial 0] 46 features, training_days=150 | threshold=0.744 | labels: 1063 long, 1108 short (49/51%)
    [CV fold 0] train_end=2023-04-25 08:00 | val_start=2023-05-03 00:00 | gap=184h (22 rows)
    [CV fold 1] train_end=2023-08-23 16:00 | val_start=2023-08-31 08:00 | gap=184h (22 rows)
    [CV fold 2] train_end=2023-12-22 00:00 | val_start=2023-12-29 16:00 | gap=184h (22 rows)
    [CV fold 3] train_end=2024-04-20 08:00 | val_start=2024-04-28 00:00 | gap=184h (22 rows)
    [CV fold 4] train_end=2024-08-18 16:00 | val_start=2024-08-26 08:00 | gap=184h (22 rows)
    [trial 0] Sharpe=-0.1643 (folds: -0.0390, -0.0242, -0.1259, -0.4167, -0.2158)
    [trial 1] 46 features, training_days=220 | threshold=0.755 | labels: 1063 long, 1108 short (49/51%)
    [trial 1] Sharpe=-2.1722 (folds: 0.0010, -0.1694, -0.0933, -0.5995, -10.0000)
    [trial 2] 46 features, training_days=310 | threshold=0.754 | labels: 1063 long, 1108 short (49/51%)
    [trial 2] Sharpe=-0.0734 (folds: -0.0811, 0.0332, 0.0073, -0.2593, -0.0674)
    [trial 3] 46 features, training_days=220 | threshold=0.673 | labels: 1063 long, 1108 short (49/51%)
    [trial 3] Sharpe=-0.1424 (folds: -0.1017, -0.0863, -0.1182, -0.2132, -0.1928)
    [trial 4] 46 features, training_days=130 | threshold=0.803 | labels: 1063 long, 1108 short (49/51%)
    [trial 4] Sharpe=-0.1326 (folds: -0.0473, -0.1754, 0.0291, -0.1771, -0.2924)
    [trial 5] 46 features, training_days=210 | threshold=0.606 | labels: 1063 long, 1108 short (49/51%)
    [trial 5] Sharpe=-0.1509 (folds: -0.0754, -0.1156, -0.1244, -0.2297, -0.2095)
    [trial 6] 46 features, training_days=130 | threshold=0.767 | labels: 1063 long, 1108 short (49/51%)
    [trial 6] Sharpe=-0.1292 (folds: -0.0820, -0.1481, -0.0348, -0.1095, -0.2716)
    [trial 7] 46 features, training_days=80 | threshold=0.556 | labels: 1063 long, 1108 short (49/51%)
    [trial 7] Sharpe=-0.0580 (folds: -0.0665, 0.0301, -0.1639, 0.0036, -0.0932)
    [trial 8] 46 features, training_days=200 | threshold=0.607 | labels: 1063 long, 1108 short (49/51%)
    [trial 8] Sharpe=-0.1400 (folds: -0.0957, -0.0698, -0.1546, -0.1768, -0.2031)
    [trial 9] 46 features, training_days=260 | threshold=0.620 | labels: 1063 long, 1108 short (49/51%)
    [trial 9] Sharpe=-0.1204 (folds: -0.0591, -0.0674, -0.0241, -0.3167, -0.1346)
    [trial 10] 46 features, training_days=10 | threshold=0.525 | labels: 1063 long, 1108 short (49/51%)
    [trial 10] Sharpe=-0.0942 (folds: 0.0041, -0.2218, -0.0003, -0.2521, -0.0012)
    [trial 11] 46 features, training_days=440 | threshold=0.508 | labels: 1063 long, 1108 short (49/51%)
    [trial 11] Sharpe=-0.0313 (folds: -0.0544, 0.0521, -0.1503, 0.0067, -0.0107)
    [trial 12] 46 features, training_days=500 | threshold=0.509 | labels: 1063 long, 1108 short (49/51%)
    [trial 12] Sharpe=0.0139 (folds: -0.0763, 0.0012, -0.1069, 0.1249, 0.1268)
    [trial 13] 46 features, training_days=500 | threshold=0.501 | labels: 1063 long, 1108 short (49/51%)
    [trial 13] Sharpe=0.0141 (folds: -0.0413, 0.0096, -0.1263, 0.1027, 0.1258)
    [trial 14] 46 features, training_days=490 | threshold=0.564 | labels: 1063 long, 1108 short (49/51%)
    [trial 14] Sharpe=0.0306 (folds: -0.0573, 0.0354, -0.0628, 0.1505, 0.0872)
    [trial 15] 46 features, training_days=400 | threshold=0.564 | labels: 1063 long, 1108 short (49/51%)
    [trial 15] Sharpe=0.0356 (folds: -0.0526, 0.0079, -0.0416, 0.2297, 0.0345)
    [trial 16] 46 features, training_days=380 | threshold=0.664 | labels: 1063 long, 1108 short (49/51%)
    [trial 16] Sharpe=-0.0796 (folds: -0.0609, 0.0110, -0.2262, -0.1240, 0.0021)
    [trial 17] 46 features, training_days=370 | threshold=0.565 | labels: 1063 long, 1108 short (49/51%)
    [trial 17] Sharpe=0.0304 (folds: -0.1151, 0.0116, -0.1040, 0.2264, 0.1332)
  Optuna: 18 trials, best Sharpe = 0.0356
  Best params: n_estimators=432, max_depth=4, lr=0.0448, leaves=25
  Best confidence_threshold: 0.564
  Best training_days: 400
  Retrained on full data (1200 samples, 46 features)
  [ensemble 3/3] seed=456
    [trial 0] 46 features, training_days=90 | threshold=0.587 | labels: 1063 long, 1108 short (49/51%)
    [CV fold 0] train_end=2023-04-25 08:00 | val_start=2023-05-03 00:00 | gap=184h (22 rows)
    [CV fold 1] train_end=2023-08-23 16:00 | val_start=2023-08-31 08:00 | gap=184h (22 rows)
    [CV fold 2] train_end=2023-12-22 00:00 | val_start=2023-12-29 16:00 | gap=184h (22 rows)
    [CV fold 3] train_end=2024-04-20 08:00 | val_start=2024-04-28 00:00 | gap=184h (22 rows)
    [CV fold 4] train_end=2024-08-18 16:00 | val_start=2024-08-26 08:00 | gap=184h (22 rows)
    [trial 0] Sharpe=-0.0192 (folds: -0.1108, -0.0226, 0.0262, -0.1072, 0.1183)
    [trial 1] 46 features, training_days=290 | threshold=0.635 | labels: 1063 long, 1108 short (49/51%)
    [trial 1] Sharpe=-0.0433 (folds: -0.0772, 0.0124, 0.0272, 0.0061, -0.1850)
    [trial 2] 46 features, training_days=10 | threshold=0.585 | labels: 1063 long, 1108 short (49/51%)
    [trial 2] Sharpe=-0.0942 (folds: 0.0041, -0.2218, -0.0003, -0.2521, -0.0012)
    [trial 3] 46 features, training_days=220 | threshold=0.687 | labels: 1063 long, 1108 short (49/51%)
    [trial 3] Sharpe=-0.1664 (folds: 0.0366, -0.0324, -0.1869, -0.3001, -0.3494)
    [trial 4] 46 features, training_days=300 | threshold=0.562 | labels: 1063 long, 1108 short (49/51%)
    [trial 4] Sharpe=-0.0330 (folds: -0.0846, -0.0281, -0.0269, 0.0970, -0.1223)
    [trial 5] 46 features, training_days=490 | threshold=0.711 | labels: 1063 long, 1108 short (49/51%)
    [trial 5] Sharpe=0.0393 (folds: -0.0765, -0.0091, -0.1106, 0.2601, 0.1326)
    [trial 6] 46 features, training_days=420 | threshold=0.667 | labels: 1063 long, 1108 short (49/51%)
    [trial 6] Sharpe=-0.0193 (folds: -0.0670, -0.0266, -0.0537, -0.0320, 0.0826)
    [trial 7] 46 features, training_days=120 | threshold=0.550 | labels: 1063 long, 1108 short (49/51%)
    [trial 7] Sharpe=-0.0895 (folds: -0.0845, -0.0722, -0.0400, -0.0835, -0.1672)
    [trial 8] 46 features, training_days=450 | threshold=0.720 | labels: 1063 long, 1108 short (49/51%)
    [trial 8] Sharpe=-0.0358 (folds: -0.0805, 0.0120, -0.1196, 0.0723, -0.0632)
    [trial 9] 46 features, training_days=20 | threshold=0.727 | labels: 1063 long, 1108 short (49/51%)
    [trial 9] Sharpe=-6.0139 (folds: 0.0041, -10.0000, -0.0739, -10.0000, -10.0000)
    [trial 10] 46 features, training_days=490 | threshold=0.828 | labels: 1063 long, 1108 short (49/51%)
    [trial 10] Sharpe=-0.0336 (folds: -0.0666, -0.0635, -0.0949, -0.3319, 0.3888)
    [trial 11] 46 features, training_days=160 | threshold=0.787 | labels: 1063 long, 1108 short (49/51%)
    [trial 11] Sharpe=-0.1522 (folds: -0.0805, -0.1546, -0.0291, -0.2206, -0.2762)
    [trial 12] 46 features, training_days=360 | threshold=0.515 | labels: 1063 long, 1108 short (49/51%)
    [trial 12] Sharpe=0.0377 (folds: -0.1047, 0.0536, -0.0892, 0.2069, 0.1220)
    [trial 13] 46 features, training_days=370 | threshold=0.501 | labels: 1063 long, 1108 short (49/51%)
    [trial 13] Sharpe=0.0218 (folds: -0.0952, 0.0181, -0.0922, 0.1740, 0.1045)
    [trial 14] 46 features, training_days=370 | threshold=0.761 | labels: 1063 long, 1108 short (49/51%)
    [trial 14] Sharpe=0.0481 (folds: -0.0542, -0.0356, -0.0833, 0.2390, 0.1744)
    [trial 15] 46 features, training_days=500 | threshold=0.773 | labels: 1063 long, 1108 short (49/51%)[I 2026-06-01 11:06:37,842] Trial 15 finished with value: 0.0030271835810290206 and parameters: {'confidence_threshold': 0.7728571954213084, 'training_days': 500, 'n_estimators': 266, 'max_depth': 4, 'num_leaves': 59, 'learning_rate': 0.2564327358480658, 'subsample': 0.6546698976526, 'colsample_bytree': 0.6340082704444222, 'min_child_samples': 66, 'reg_alpha': 0.2769867094471622, 'reg_lambda': 9.179114188600666e-07}. Best is trial 14 with value: 0.048053059971149024.
[I 2026-06-01 11:06:38,059] Trial 16 finished with value: -2.1440408488380234 and parameters: {'confidence_threshold': 0.8489274368522763, 'training_days': 380, 'n_estimators': 227, 'max_depth': 4, 'num_leaves': 27, 'learning_rate': 0.023189298532634687, 'subsample': 0.5713122906704202, 'colsample_bytree': 0.7663896705409634, 'min_child_samples': 53, 'reg_alpha': 0.0008667397739584423, 'reg_lambda': 0.000855876310048679}. Best is trial 14 with value: 0.048053059971149024.
[I 2026-06-01 11:06:38,297] Trial 17 finished with value: 0.016214202563006836 and parameters: {'confidence_threshold': 0.7493070646440189, 'training_days': 430, 'n_estimators': 303, 'max_depth': 4, 'num_leaves': 62, 'learning_rate': 0.05485054935177991, 'subsample': 0.6718064291677197, 'colsample_bytree': 0.6119207870575063, 'min_child_samples': 71, 'reg_alpha': 0.35843833792535773, 'reg_lambda': 5.455983950182318e-06}. Best is trial 14 with value: 0.048053059971149024.
[I 2026-06-01 11:06:38,940] A new study created in memory with name: no-name-3dc31691-4d00-405f-b5b3-d48d6c9b1707
[I 2026-06-01 11:06:39,247] Trial 0 finished with value: 0.04483962156336356 and parameters: {'confidence_threshold': 0.6310890415965769, 'training_days': 480, 'n_estimators': 380, 'max_depth': 4, 'num_leaves': 22, 'learning_rate': 0.01699897838270077, 'subsample': 0.5290418060840998, 'colsample_bytree': 0.9330880728874675, 'min_child_samples': 68, 'reg_alpha': 0.023585940584142682, 'reg_lambda': 1.5320059381854043e-08}. Best is trial 0 with value: 0.04483962156336356.
[I 2026-06-01 11:06:39,351] Trial 1 finished with value: -5.991104160334009 and parameters: {'confidence_threshold': 0.839468448256698, 'training_days': 420, 'n_estimators': 145, 'max_depth': 3, 'num_leaves': 23, 'learning_rate': 0.028145092716060652, 'subsample': 0.762378215816119, 'colsample_bytree': 0.7159725093210578, 'min_child_samples': 43, 'reg_alpha': 0.0032112643094417484, 'reg_lambda': 1.8007140198129195e-07}. Best is trial 0 with value: 0.04483962156336356.
[I 2026-06-01 11:06:39,508] Trial 2 finished with value: -0.020282669031111637 and parameters: {'confidence_threshold': 0.6022506269873263, 'training_days': 190, 'n_estimators': 255, 'max_depth': 5, 'num_leaves': 24, 'learning_rate': 0.05748924681991978, 'subsample': 0.7962072844310213, 'colsample_bytree': 0.5232252063599989, 'min_child_samples': 69, 'reg_alpha': 3.425445902633376e-07, 'reg_lambda': 3.850031979199519e-08}. Best is trial 0 with value: 0.04483962156336356.
[I 2026-06-01 11:06:39,768] Trial 3 finished with value: 0.05756357922306712 and parameters: {'confidence_threshold': 0.8321099380386666, 'training_days': 490, 'n_estimators': 414, 'max_depth': 3, 'num_leaves': 19, 'learning_rate': 0.1024932221692416, 'subsample': 0.7200762468698007, 'colsample_bytree': 0.5610191174223894, 'min_child_samples': 60, 'reg_alpha': 2.039373116525212e-08, 'reg_lambda': 1.527156759251193}. Best is trial 3 with value: 0.05756357922306712.
[I 2026-06-01 11:06:39,923] Trial 4 finished with value: -0.01834632921555372 and parameters: {'confidence_threshold': 0.5905729935600059, 'training_days': 340, 'n_estimators': 190, 'max_depth': 4, 'num_leaves': 41, 'learning_rate': 0.01875220945578641, 'subsample': 0.9847923138822793, 'colsample_bytree': 0.8875664116805573, 'min_child_samples': 96, 'reg_alpha': 1.1309571585271483, 'reg_lambda': 0.002404915432737351}. Best is trial 3 with value: 0.05756357922306712.
[I 2026-06-01 11:06:39,963] Trial 5 finished with value: -0.13854629796971557 and parameters: {'confidence_threshold': 0.8226559822580909, 'training_days': 50, 'n_estimators': 138, 'max_depth': 3, 'num_leaves': 30, 'learning_rate': 0.03750796359625606, 'subsample': 0.6356745158869479, 'colsample_bytree': 0.9143687545759647, 'min_child_samples': 48, 'reg_alpha': 3.376063348877853e-06, 'reg_lambda': 0.0007660634613082914}. Best is trial 3 with value: 0.05756357922306712.
[I 2026-06-01 11:06:40,078] Trial 6 finished with value: -0.00456122827838005 and parameters: {'confidence_threshold': 0.5493234787411669, 'training_days': 410, 'n_estimators': 83, 'max_depth': 5, 'num_leaves': 52, 'learning_rate': 0.019657448966046126, 'subsample': 0.5027610585618012, 'colsample_bytree': 0.9077307142274171, 'min_child_samples': 77, 'reg_alpha': 0.03639690979811287, 'reg_lambda': 0.08738424135626986}. Best is trial 3 with value: 0.05756357922306712.
[I 2026-06-01 11:06:40,169] Trial 7 finished with value: -0.020879668424481558 and parameters: {'confidence_threshold': 0.5259156281069316, 'training_days': 180, 'n_estimators': 102, 'max_depth': 5, 'num_leaves': 45, 'learning_rate': 0.030816017044468066, 'subsample': 0.5317791751430119, 'colsample_bytree': 0.6554911608578311, 'min_child_samples': 46, 'reg_alpha': 0.036851536911881845, 'reg_lambda': 0.005470376807480391}. Best is trial 3 with value: 0.05756357922306712.
[I 2026-06-01 11:06:40,271] Trial 8 finished with value: -0.04488866345111796 and parameters: {'confidence_threshold': 0.8105244599017143, 'training_days': 240, 'n_estimators': 103, 'max_depth': 5, 'num_leaves': 52, 'learning_rate': 0.06746437142284309, 'subsample': 0.8854835899772805, 'colsample_bytree': 0.7468977981821954, 'min_child_samples': 62, 'reg_alpha': 7.04480806377519e-05, 'reg_lambda': 1.6934490731313353e-08}. Best is trial 3 with value: 0.05756357922306712.
[I 2026-06-01 11:06:40,293] Trial 9 finished with value: -2.0673946258292073 and parameters: {'confidence_threshold': 0.5377619994476566, 'training_days': 20, 'n_estimators': 337, 'max_depth': 3, 'num_leaves': 39, 'learning_rate': 0.21907142272152816, 'subsample': 0.6246461145744375, 'colsample_bytree': 0.7051914615178149, 'min_child_samples': 81, 'reg_alpha': 1.1459970229341322e-06, 'reg_lambda': 4.929685216887945e-08}. Best is trial 3 with value: 0.05756357922306712.
