[I 2026-06-01 11:01:41,896] Trial 10 finished with value: -0.14810027214161336 and parameters: {'confidence_threshold': 0.8445241688507242, 'training_days': 470, 'n_estimators': 493, 'max_depth': 5, 'num_leaves': 63, 'learning_rate': 0.010221918552934462, 'subsample': 0.5019190721168774, 'colsample_bytree': 0.6202684210924141, 'min_child_samples': 99, 'reg_alpha': 1.9942621118187622e-08, 'reg_lambda': 0.0201634475791616}. Best is trial 4 with value: 0.007259451177143566.
[I 2026-06-01 11:01:41,922] Trial 11 finished with value: -0.19788959391911767 and parameters: {'confidence_threshold': 0.5130539202318031, 'training_days': 30, 'n_estimators': 257, 'max_depth': 5, 'num_leaves': 41, 'learning_rate': 0.08620962876293897, 'subsample': 0.9210530603260193, 'colsample_bytree': 0.6778283959364831, 'min_child_samples': 78, 'reg_alpha': 5.742247406700029, 'reg_lambda': 1.00349377967668e-08}. Best is trial 4 with value: 0.007259451177143566.
[I 2026-06-01 11:01:42,162] Trial 12 finished with value: -0.023450557647318425 and parameters: {'confidence_threshold': 0.830632524875604, 'training_days': 350, 'n_estimators': 252, 'max_depth': 5, 'num_leaves': 37, 'learning_rate': 0.11145343850561013, 'subsample': 0.5325573395575733, 'colsample_bytree': 0.5201164353688423, 'min_child_samples': 49, 'reg_alpha': 0.05982161197147965, 'reg_lambda': 4.4183039420778844e-07}. Best is trial 4 with value: 0.007259451177143566.
[I 2026-06-01 11:01:42,423] Trial 13 finished with value: -0.01831587814309542 and parameters: {'confidence_threshold': 0.8387272851115479, 'training_days': 370, 'n_estimators': 263, 'max_depth': 5, 'num_leaves': 31, 'learning_rate': 0.14044566672476927, 'subsample': 0.5024707401359401, 'colsample_bytree': 0.5389794258459311, 'min_child_samples': 48, 'reg_alpha': 0.012364597712185036, 'reg_lambda': 7.94256166512631e-07}. Best is trial 4 with value: 0.007259451177143566.
[I 2026-06-01 11:01:42,713] Trial 14 finished with value: -0.03709276213220815 and parameters: {'confidence_threshold': 0.8053971255877771, 'training_days': 440, 'n_estimators': 301, 'max_depth': 5, 'num_leaves': 27, 'learning_rate': 0.15427894891419888, 'subsample': 0.5852704213941511, 'colsample_bytree': 0.503402098058296, 'min_child_samples': 44, 'reg_alpha': 7.169392096169285e-07, 'reg_lambda': 0.002238160234885918}. Best is trial 4 with value: 0.007259451177143566.
[I 2026-06-01 11:01:43,074] Trial 15 finished with value: -0.01598570387645924 and parameters: {'confidence_threshold': 0.7114655608346976, 'training_days': 390, 'n_estimators': 457, 'max_depth': 4, 'num_leaves': 27, 'learning_rate': 0.0505886245354657, 'subsample': 0.5836483938572632, 'colsample_bytree': 0.6394539551393343, 'min_child_samples': 46, 'reg_alpha': 0.0021337810092520127, 'reg_lambda': 1.6173088807730033e-06}. Best is trial 4 with value: 0.007259451177143566.
[I 2026-06-01 11:01:43,482] Trial 16 finished with value: -0.04423240259042659 and parameters: {'confidence_threshold': 0.6885912385920001, 'training_days': 430, 'n_estimators': 496, 'max_depth': 4, 'num_leaves': 15, 'learning_rate': 0.048311808197250776, 'subsample': 0.6475453269584988, 'colsample_bytree': 0.6775440438746345, 'min_child_samples': 42, 'reg_alpha': 0.000762323791867669, 'reg_lambda': 5.3485568494202905e-06}. Best is trial 4 with value: 0.007259451177143566.
[I 2026-06-01 11:01:43,513] Trial 17 finished with value: -1.9491244610180576 and parameters: {'confidence_threshold': 0.7110519736587814, 'training_days': 20, 'n_estimators': 430, 'max_depth': 4, 'num_leaves': 27, 'learning_rate': 0.06849220939954061, 'subsample': 0.582622241399683, 'colsample_bytree': 0.6042669130757778, 'min_child_samples': 75, 'reg_alpha': 6.229602473892305e-07, 'reg_lambda': 2.8443135446267137e-07}. Best is trial 4 with value: 0.007259451177143566.
[I 2026-06-01 11:01:43,568] A new study created in memory with name: no-name-712046b4-2be7-4fc1-a03b-93c05c2bf4c4
[I 2026-06-01 11:01:43,745] Trial 0 finished with value: -0.02773684844767611 and parameters: {'confidence_threshold': 0.5870645682749857, 'training_days': 90, 'n_estimators': 403, 'max_depth': 5, 'num_leaves': 45, 'learning_rate': 0.0780457193679974, 'subsample': 0.9428509515574568, 'colsample_bytree': 0.8795587339164916, 'min_child_samples': 34, 'reg_alpha': 2.2465901234314442e-07, 'reg_lambda': 8.339007036475363e-05}. Best is trial 0 with value: -0.02773684844767611.
[I 2026-06-01 11:01:43,849] Trial 1 finished with value: -0.10766688590646947 and parameters: {'confidence_threshold': 0.6348453934275313, 'training_days': 290, 'n_estimators': 115, 'max_depth': 5, 'num_leaves': 37, 'learning_rate': 0.06949568759029946, 'subsample': 0.8228505074024268, 'colsample_bytree': 0.8616703220431751, 'min_child_samples': 75, 'reg_alpha': 4.2486822725010923e-07, 'reg_lambda': 1.157247767047042e-07}. Best is trial 0 with value: -0.02773684844767611.
[I 2026-06-01 11:01:43,865] Trial 2 finished with value: -0.058498903027105684 and parameters: {'confidence_threshold': 0.5849570384370288, 'training_days': 10, 'n_estimators': 212, 'max_depth': 3, 'num_leaves': 41, 'learning_rate': 0.18452095998378365, 'subsample': 0.6001060822924371, 'colsample_bytree': 0.5673167293506167, 'min_child_samples': 37, 'reg_alpha': 5.733250064217131, 'reg_lambda': 0.5308454292595461}. Best is trial 0 with value: -0.02773684844767611.

    [trial 3] 46 features, training_days=490 | threshold=0.832 | labels: 1087 long, 1018 short (52/48%)
    [trial 3] Sharpe=-0.0338 (folds: -0.0272, -0.1360, 0.1266, -0.0516, -0.0807)
    [trial 4] 46 features, training_days=340 | threshold=0.591 | labels: 1087 long, 1018 short (52/48%)
    [trial 4] Sharpe=-0.1236 (folds: -0.0811, -0.1352, 0.0536, 0.0135, -0.4689)
    [trial 5] 46 features, training_days=50 | threshold=0.823 | labels: 1087 long, 1018 short (52/48%)
    [trial 5] Sharpe=-0.4674 (folds: -0.2115, -0.2676, -0.0405, -0.1612, -1.6561)
    [trial 6] 46 features, training_days=410 | threshold=0.549 | labels: 1087 long, 1018 short (52/48%)
    [trial 6] Sharpe=-0.1130 (folds: -0.0836, -0.2251, 0.0108, 0.0704, -0.3375)
    [trial 7] 46 features, training_days=180 | threshold=0.526 | labels: 1087 long, 1018 short (52/48%)
    [trial 7] Sharpe=-0.0512 (folds: -0.0778, -0.0487, 0.0885, -0.0356, -0.1821)
    [trial 8] 46 features, training_days=240 | threshold=0.811 | labels: 1087 long, 1018 short (52/48%)
    [trial 8] Sharpe=-0.0562 (folds: -0.0609, -0.0715, 0.0277, -0.0490, -0.1276)
    [trial 9] 46 features, training_days=20 | threshold=0.538 | labels: 1087 long, 1018 short (52/48%)
    [trial 9] Sharpe=-0.0459 (folds: -0.4838, -0.0178, 0.0215, -0.0200, 0.2706)
    [trial 10] 46 features, training_days=150 | threshold=0.680 | labels: 1087 long, 1018 short (52/48%)
    [trial 10] Sharpe=-0.0272 (folds: -0.0900, 0.0145, 0.0933, 0.0326, -0.1866)
    [trial 11] 46 features, training_days=150 | threshold=0.716 | labels: 1087 long, 1018 short (52/48%)
    [trial 11] Sharpe=-0.0231 (folds: -0.0505, 0.0332, 0.0806, -0.0052, -0.1735)
    [trial 12] 46 features, training_days=130 | threshold=0.713 | labels: 1087 long, 1018 short (52/48%)
    [trial 12] Sharpe=-0.0348 (folds: -0.0703, 0.0183, 0.0309, 0.0611, -0.2140)
    [trial 13] 46 features, training_days=250 | threshold=0.741 | labels: 1087 long, 1018 short (52/48%)
    [trial 13] Sharpe=-0.1503 (folds: -0.0545, -0.1244, 0.0459, -0.0002, -0.6184)
    [trial 14] 46 features, training_days=100 | threshold=0.636 | labels: 1087 long, 1018 short (52/48%)
    [trial 14] Sharpe=-0.0589 (folds: -0.0248, -0.1076, 0.0910, -0.0477, -0.2054)
    [trial 15] 46 features, training_days=190 | threshold=0.754 | labels: 1087 long, 1018 short (52/48%)
    [trial 15] Sharpe=-0.2230 (folds: -0.0749, 0.0099, -0.0270, -0.0259, -0.9970)
    [trial 16] 46 features, training_days=320 | threshold=0.595 | labels: 1087 long, 1018 short (52/48%)
    [trial 16] Sharpe=-0.0909 (folds: -0.0230, -0.1890, 0.0206, 0.0364, -0.2994)
    [trial 17] 46 features, training_days=90 | threshold=0.676 | labels: 1087 long, 1018 short (52/48%)
    [trial 17] Sharpe=-0.0307 (folds: -0.0617, -0.0065, 0.0422, -0.0339, -0.0938)
  Optuna: 18 trials, best Sharpe = -0.0231
  Best params: n_estimators=258, max_depth=5, lr=0.1741, leaves=31
  Best confidence_threshold: 0.716
  Best training_days: 150
  Retrained on full data (450 samples, 46 features)
  [ensemble 2/3] seed=123
    [trial 0] 46 features, training_days=150 | threshold=0.744 | labels: 1087 long, 1018 short (52/48%)
    [CV fold 0] train_end=2020-12-10 16:00 | val_start=2020-12-18 08:00 | gap=184h (22 rows)
    [CV fold 1] train_end=2021-04-06 08:00 | val_start=2021-04-14 00:00 | gap=184h (22 rows)
    [CV fold 2] train_end=2021-08-01 00:00 | val_start=2021-08-08 16:00 | gap=184h (22 rows)
    [CV fold 3] train_end=2021-11-25 16:00 | val_start=2021-12-03 08:00 | gap=184h (22 rows)
    [CV fold 4] train_end=2022-03-22 08:00 | val_start=2022-03-30 00:00 | gap=184h (22 rows)
    [trial 0] Sharpe=-0.1083 (folds: -0.0755, 0.0482, -0.1658, -0.1197, -0.2287)
    [trial 1] 46 features, training_days=220 | threshold=0.755 | labels: 1087 long, 1018 short (52/48%)
    [trial 1] Sharpe=-0.1774 (folds: -0.2259, -0.0533, -0.1457, -0.1455, -0.3164)
    [trial 2] 46 features, training_days=310 | threshold=0.754 | labels: 1087 long, 1018 short (52/48%)
    [trial 2] Sharpe=-0.0930 (folds: -0.1351, -0.0534, -0.0088, -0.0100, -0.2578)
    [trial 3] 46 features, training_days=220 | threshold=0.673 | labels: 1087 long, 1018 short (52/48%)
    [trial 3] Sharpe=-0.0713 (folds: -0.0636, -0.1851, 0.1071, 0.0131, -0.2279)
    [trial 4] 46 features, training_days=130 | threshold=0.803 | labels: 1087 long, 1018 short (52/48%)
    [trial 4] Sharpe=0.0073 (folds: 0.0047, -0.0222, 0.1100, 0.0623, -0.1185)
    [trial 5] 46 features, training_days=210 | threshold=0.606 | labels: 1087 long, 1018 short (52/48%)
    [trial 5] Sharpe=-0.0240 (folds: -0.0226, -0.1473, 0.0903, 0.1073, -0.1476)
    [trial 6] 46 features, training_days=130 | threshold=0.767 | labels: 1087 long, 1018 short (52/48%)
    [trial 6] Sharpe=-0.0308 (folds: -0.0756, 0.0333, 0.0753, 0.0548, -0.2417)
    [trial 7] 46 features, training_days=80 | threshold=0.556 | labels: 1087 long, 1018 short (52/48%)
    [trial 7] Sharpe=-0.1302 (folds: -0.1463, -0.0898, -0.0285, -0.2280, -0.1584)
    [trial 8] 46 features, training_days=200 | threshold=0.607 | labels: 1087 long, 1018 short (52/48%)
    [trial 8] Sharpe=-0.0523 (folds: -0.0555, -0.1319, 0.0665, 0.0947, -0.2352)
    [trial 9] 46 features, training_days=260 | threshold=0.620 | labels: 1087 long, 1018 short (52/48%)
    [trial 9] Sharpe=-0.1174 (folds: -0.0153, -0.1740, 0.0619, -0.1001, -0.3597)
    [trial 10] 46 features, training_days=470 | threshold=0.845 | labels: 1087 long, 1018 short (52/48%)
    [trial 10] Sharpe=-0.1481 (folds: -0.1954, -0.0474, 0.0623, 0.0860, -0.6460)
    [trial 11] 46 features, training_days=30 | threshold=0.513 | labels: 1087 long, 1018 short (52/48%)
    [trial 11] Sharpe=-0.1979 (folds: -0.4838, -0.0178, 0.0943, -0.0200, -0.5622)
    [trial 12] 46 features, training_days=350 | threshold=0.831 | labels: 1087 long, 1018 short (52/48%)
    [trial 12] Sharpe=-0.0235 (folds: -0.0268, -0.1263, 0.1731, 0.0750, -0.2121)
    [trial 13] 46 features, training_days=370 | threshold=0.839 | labels: 1087 long, 1018 short (52/48%)
    [trial 13] Sharpe=-0.0183 (folds: -0.0302, -0.1260, 0.1489, 0.0435, -0.1278)
    [trial 14] 46 features, training_days=440 | threshold=0.805 | labels: 1087 long, 1018 short (52/48%)
    [trial 14] Sharpe=-0.0371 (folds: -0.0327, -0.1456, 0.1006, 0.0260, -0.1337)
    [trial 15] 46 features, training_days=390 | threshold=0.711 | labels: 1087 long, 1018 short (52/48%)
    [trial 15] Sharpe=-0.0160 (folds: -0.0343, -0.1558, 0.1140, 0.0438, -0.0476)
    [trial 16] 46 features, training_days=430 | threshold=0.689 | labels: 1087 long, 1018 short (52/48%)
    [trial 16] Sharpe=-0.0442 (folds: -0.0596, -0.1909, 0.1140, -0.0106, -0.0741)
    [trial 17] 46 features, training_days=20 | threshold=0.711 | labels: 1087 long, 1018 short (52/48%)
    [trial 17] Sharpe=-1.9491 (folds: -10.0000, -0.0178, 0.0215, -0.0200, 0.2706)
  Optuna: 18 trials, best Sharpe = 0.0073
  Best params: n_estimators=267, max_depth=5, lr=0.0804, leaves=40
  Best confidence_threshold: 0.803
  Best training_days: 130
  Retrained on full data (390 samples, 46 features)
  [ensemble 3/3] seed=456
    [trial 0] 46 features, training_days=90 | threshold=0.587 | labels: 1087 long, 1018 short (52/48%)
    [CV fold 0] train_end=2020-12-10 16:00 | val_start=2020-12-18 08:00 | gap=184h (22 rows)
    [CV fold 1] train_end=2021-04-06 08:00 | val_start=2021-04-14 00:00 | gap=184h (22 rows)
    [CV fold 2] train_end=2021-08-01 00:00 | val_start=2021-08-08 16:00 | gap=184h (22 rows)
    [CV fold 3] train_end=2021-11-25 16:00 | val_start=2021-12-03 08:00 | gap=184h (22 rows)
    [CV fold 4] train_end=2022-03-22 08:00 | val_start=2022-03-30 00:00 | gap=184h (22 rows)
    [trial 0] Sharpe=-0.0277 (folds: -0.0864, 0.0451, 0.1250, -0.0844, -0.1381)
    [trial 1] 46 features, training_days=290 | threshold=0.635 | labels: 1087 long, 1018 short (52/48%)
    [trial 1] Sharpe=-0.1077 (folds: -0.0390, -0.1684, 0.0471, -0.0552, -0.3229)
    [trial 2] 46 features, training_days=10 | threshold=0.585 | labels: 1087 long, 1018 short (52/48%)
    [trial 2] Sharpe=-0.0585 (folds: -0.4838, -0.0809, 0.0215, -0.0200, 0.2706)
    [trial 3] 46 features, training_days=220 | threshold=0.687 | labels: 1087 long, 1018 short (52/48%)[I 2026-06-01 11:01:43,934] Trial 3 finished with value: -0.1652921123227155 and parameters: {'confidence_threshold': 0.6868248626683718, 'training_days': 220, 'n_estimators': 134, 'max_depth': 3, 'num_leaves': 45, 'learning_rate': 0.033529007907491595, 'subsample': 0.8647277071858408, 'colsample_bytree': 0.778494116634046, 'min_child_samples': 96, 'reg_alpha': 2.409409937265785e-07, 'reg_lambda': 1.1642073478060009}. Best is trial 0 with value: -0.02773684844767611.
[I 2026-06-01 11:01:44,014] Trial 4 finished with value: -0.03156542972283735 and parameters: {'confidence_threshold': 0.5623121348350352, 'training_days': 300, 'n_estimators': 69, 'max_depth': 4, 'num_leaves': 32, 'learning_rate': 0.14967629360700346, 'subsample': 0.5054535233636654, 'colsample_bytree': 0.7401385194659216, 'min_child_samples': 27, 'reg_alpha': 1.4212042567426725e-07, 'reg_lambda': 0.23605753701352003}. Best is trial 0 with value: -0.02773684844767611.
[I 2026-06-01 11:01:44,441] Trial 5 finished with value: -0.03414549627511247 and parameters: {'confidence_threshold': 0.7111850244908446, 'training_days': 490, 'n_estimators': 362, 'max_depth': 5, 'num_leaves': 40, 'learning_rate': 0.05960785724162737, 'subsample': 0.5589714368907717, 'colsample_bytree': 0.6659006943232806, 'min_child_samples': 42, 'reg_alpha': 0.6741360303045295, 'reg_lambda': 6.054601607143087e-08}. Best is trial 0 with value: -0.02773684844767611.
[I 2026-06-01 11:01:44,618] Trial 6 finished with value: -0.05883768492776359 and parameters: {'confidence_threshold': 0.667482545748023, 'training_days': 420, 'n_estimators': 279, 'max_depth': 3, 'num_leaves': 45, 'learning_rate': 0.040099592560849204, 'subsample': 0.8563114696415159, 'colsample_bytree': 0.5442917781944105, 'min_child_samples': 50, 'reg_alpha': 1.6407916423707903e-08, 'reg_lambda': 2.935907642973286e-05}. Best is trial 0 with value: -0.02773684844767611.
[I 2026-06-01 11:01:44,760] Trial 7 finished with value: -0.013636942816603359 and parameters: {'confidence_threshold': 0.5497381024139926, 'training_days': 120, 'n_estimators': 408, 'max_depth': 5, 'num_leaves': 38, 'learning_rate': 0.28049122657745795, 'subsample': 0.8806573338635493, 'colsample_bytree': 0.5454054113547102, 'min_child_samples': 63, 'reg_alpha': 0.01263008637940408, 'reg_lambda': 0.04588020805366937}. Best is trial 7 with value: -0.013636942816603359.
[I 2026-06-01 11:01:45,023] Trial 8 finished with value: -0.06798813114983955 and parameters: {'confidence_threshold': 0.719644804808716, 'training_days': 450, 'n_estimators': 410, 'max_depth': 4, 'num_leaves': 57, 'learning_rate': 0.04022026551478857, 'subsample': 0.5336085426932707, 'colsample_bytree': 0.5705742850577543, 'min_child_samples': 100, 'reg_alpha': 5.916398047912201e-07, 'reg_lambda': 0.9794034214488329}. Best is trial 7 with value: -0.013636942816603359.
[I 2026-06-01 11:01:45,041] Trial 9 finished with value: -1.9491244610180576 and parameters: {'confidence_threshold': 0.7267463643917187, 'training_days': 20, 'n_estimators': 337, 'max_depth': 5, 'num_leaves': 23, 'learning_rate': 0.022153031811454605, 'subsample': 0.6305627572358737, 'colsample_bytree': 0.6613413774216214, 'min_child_samples': 81, 'reg_alpha': 5.7638634029410314e-08, 'reg_lambda': 8.26603016764008}. Best is trial 7 with value: -0.013636942816603359.
[I 2026-06-01 11:01:45,257] Trial 10 finished with value: 0.015816692217134803 and parameters: {'confidence_threshold': 0.8398533911817929, 'training_days': 180, 'n_estimators': 485, 'max_depth': 4, 'num_leaves': 15, 'learning_rate': 0.2797087873840057, 'subsample': 0.7130289643560688, 'colsample_bytree': 0.9944479338273263, 'min_child_samples': 62, 'reg_alpha': 0.002237492903849199, 'reg_lambda': 0.004699952286108024}. Best is trial 10 with value: 0.015816692217134803.
[I 2026-06-01 11:01:45,446] Trial 11 finished with value: -0.023340014505431616 and parameters: {'confidence_threshold': 0.8491135887906174, 'training_days': 160, 'n_estimators': 478, 'max_depth': 4, 'num_leaves': 15, 'learning_rate': 0.28804994563212594, 'subsample': 0.7093138168746902, 'colsample_bytree': 0.9628722124262472, 'min_child_samples': 61, 'reg_alpha': 0.005396937931745758, 'reg_lambda': 0.0063808947996254126}. Best is trial 10 with value: 0.015816692217134803.
[I 2026-06-01 11:01:45,650] Trial 12 finished with value: -0.054584727854840254 and parameters: {'confidence_threshold': 0.5145853631584999, 'training_days': 150, 'n_estimators': 490, 'max_depth': 4, 'num_leaves': 61, 'learning_rate': 0.011971471002830407, 'subsample': 0.72388696737782, 'colsample_bytree': 0.9826583982594713, 'min_child_samples': 62, 'reg_alpha': 0.00021203662650582595, 'reg_lambda': 0.006978203645696208}. Best is trial 10 with value: 0.015816692217134803.
[I 2026-06-01 11:01:45,894] Trial 13 finished with value: -0.02614285994133615 and parameters: {'confidence_threshold': 0.8484708715683535, 'training_days': 210, 'n_estimators': 460, 'max_depth': 4, 'num_leaves': 26, 'learning_rate': 0.29756495915629466, 'subsample': 0.9788359360723526, 'colsample_bytree': 0.6477656395936996, 'min_child_samples': 72, 'reg_alpha': 0.0015502671047870856, 'reg_lambda': 0.0039448976884456696}. Best is trial 10 with value: 0.015816692217134803.
[I 2026-06-01 11:01:46,012] Trial 14 finished with value: -0.034933761596923296 and parameters: {'confidence_threshold': 0.7723320301796328, 'training_days': 100, 'n_estimators': 307, 'max_depth': 5, 'num_leaves': 15, 'learning_rate': 0.13470334644184895, 'subsample': 0.7851487748866213, 'colsample_bytree': 0.8617851799315968, 'min_child_samples': 49, 'reg_alpha': 0.061030403364536565, 'reg_lambda': 1.116326883897629e-05}. Best is trial 10 with value: 0.015816692217134803.
[I 2026-06-01 11:01:46,128] Trial 15 finished with value: -0.06414717991199746 and parameters: {'confidence_threshold': 0.7829525506318393, 'training_days': 120, 'n_estimators': 403, 'max_depth': 4, 'num_leaves': 53, 'learning_rate': 0.11035987452713379, 'subsample': 0.6541866944661362, 'colsample_bytree': 0.502925720040233, 'min_child_samples': 84, 'reg_alpha': 2.9398274692749506e-05, 'reg_lambda': 0.0008314123657420673}. Best is trial 10 with value: 0.015816692217134803.
[I 2026-06-01 11:01:46,312] Trial 16 finished with value: -0.0591873676121669 and parameters: {'confidence_threshold': 0.5064843222597797, 'training_days': 340, 'n_estimators': 229, 'max_depth': 4, 'num_leaves': 22, 'learning_rate': 0.22451732665864194, 'subsample': 0.8902261690565032, 'colsample_bytree': 0.7653432004238293, 'min_child_samples': 67, 'reg_alpha': 0.03696370588928545, 'reg_lambda': 0.05173170430208967}. Best is trial 10 with value: 0.015816692217134803.
[I 2026-06-01 11:01:46,597] Trial 17 finished with value: 0.005404411388499991 and parameters: {'confidence_threshold': 0.7873735958410488, 'training_days': 190, 'n_estimators': 437, 'max_depth': 5, 'num_leaves': 33, 'learning_rate': 0.10002719737978309, 'subsample': 0.7987084183995982, 'colsample_bytree': 0.9016680401642048, 'min_child_samples': 54, 'reg_alpha': 2.5054848033624783e-05, 'reg_lambda': 3.7619514594599003e-06}. Best is trial 10 with value: 0.015816692217134803.
[I 2026-06-01 11:01:46,935] A new study created in memory with name: no-name-527baa7c-1568-4a68-859c-76bdafb152e0
