[I 2026-06-01 11:09:05,773] Trial 2 finished with value: 0.024954180155987098 and parameters: {'confidence_threshold': 0.6022506269873263, 'training_days': 190, 'n_estimators': 255, 'max_depth': 5, 'num_leaves': 24, 'learning_rate': 0.05748924681991978, 'subsample': 0.7962072844310213, 'colsample_bytree': 0.5232252063599989, 'min_child_samples': 69, 'reg_alpha': 3.425445902633376e-07, 'reg_lambda': 3.850031979199519e-08}. Best is trial 2 with value: 0.024954180155987098.

    [trial 3] 46 features, training_days=220 | threshold=0.687 | labels: 967 long, 1204 short (45/55%)
    [trial 3] Sharpe=-0.0765 (folds: -0.2068, -0.3372, 0.1573, 0.1669, -0.1628)
    [trial 4] 46 features, training_days=300 | threshold=0.562 | labels: 967 long, 1204 short (45/55%)
    [trial 4] Sharpe=-0.0022 (folds: -0.1521, -0.2174, 0.0957, 0.2197, 0.0431)
    [trial 5] 46 features, training_days=490 | threshold=0.711 | labels: 967 long, 1204 short (45/55%)
    [trial 5] Sharpe=0.0004 (folds: -0.0639, -0.2511, 0.1139, 0.0804, 0.1226)
    [trial 6] 46 features, training_days=420 | threshold=0.667 | labels: 967 long, 1204 short (45/55%)
    [trial 6] Sharpe=0.0083 (folds: -0.1128, -0.2471, 0.0984, 0.1848, 0.1180)
    [trial 7] 46 features, training_days=120 | threshold=0.550 | labels: 967 long, 1204 short (45/55%)
    [trial 7] Sharpe=0.0258 (folds: -0.0931, -0.0034, 0.0725, 0.0823, 0.0706)
    [trial 8] 46 features, training_days=450 | threshold=0.720 | labels: 967 long, 1204 short (45/55%)
    [trial 8] Sharpe=0.0319 (folds: -0.0508, -0.1997, 0.1246, 0.2531, 0.0323)
    [trial 9] 46 features, training_days=20 | threshold=0.727 | labels: 967 long, 1204 short (45/55%)
    [trial 9] Sharpe=-3.9913 (folds: -10.0000, 0.1605, -0.0017, -0.1152, -10.0000)
    [trial 10] 46 features, training_days=400 | threshold=0.828 | labels: 967 long, 1204 short (45/55%)
    [trial 10] Sharpe=-1.8571 (folds: -10.0000, -0.9250, 0.5938, 0.6426, 0.4028)
    [trial 11] 46 features, training_days=160 | threshold=0.783 | labels: 967 long, 1204 short (45/55%)
    [trial 11] Sharpe=-0.0500 (folds: -0.0982, -0.1190, 0.0426, -0.0470, -0.0283)
    [trial 12] 46 features, training_days=160 | threshold=0.515 | labels: 967 long, 1204 short (45/55%)
    [trial 12] Sharpe=-0.0310 (folds: -0.0756, -0.1308, 0.0377, 0.0461, -0.0324)
    [trial 13] 46 features, training_days=380 | threshold=0.759 | labels: 967 long, 1204 short (45/55%)
    [trial 13] Sharpe=0.1386 (folds: -0.0110, -0.3657, 0.2471, 0.4525, 0.3699)
    [trial 14] 46 features, training_days=380 | threshold=0.772 | labels: 967 long, 1204 short (45/55%)
    [trial 14] Sharpe=0.1825 (folds: -0.2434, -0.4018, 0.3524, 0.5871, 0.6183)
    [trial 15] 46 features, training_days=360 | threshold=0.782 | labels: 967 long, 1204 short (45/55%)
    [trial 15] Sharpe=-1.5456 (folds: -10.0000, -0.1462, 0.4365, 0.8883, 1.0935)
    [trial 16] 46 features, training_days=350 | threshold=0.850 | labels: 967 long, 1204 short (45/55%)
    [trial 16] Sharpe=-3.6123 (folds: -10.0000, -10.0000, 0.7395, 0.9043, 0.2949)
    [trial 17] 46 features, training_days=350 | threshold=0.780 | labels: 967 long, 1204 short (45/55%)
    [trial 17] Sharpe=0.1485 (folds: -0.1535, -0.1076, 0.2711, 0.3606, 0.3721)
  Optuna: 18 trials, best Sharpe = 0.1825
  Best params: n_estimators=256, max_depth=4, lr=0.0158, leaves=17
  Best confidence_threshold: 0.772
  Best training_days: 380
  Retrained on full data (1140 samples, 46 features)
  OOD: 16 features, cutoff (q=0.7) = 13.05
  Model trained for 2026-01: 93 test candles with features, confidence_threshold=0.755
[trade:close] 2026-01-01 23:59 DOTUSDT SHORT → stop_loss @ 1.96 | PnL=-5.69% (net -5.79%) | cum=+74.53% 2026-01=-5.79% 2026-01-01=-5.79%
[predict] 2026-01-14 16:00 DOTUSDT → SHORT (proba=0.89 TP=12.5%/SL=6.2%)
[trade:open] 2026-01-14 23:59 DOTUSDT SHORT @ 2.22 | SL=2.36 TP=1.95 | timeout=2026-01-21 23:59
[trade:close] 2026-01-19 07:59 DOTUSDT SHORT → take_profit @ 1.95 | PnL=+12.49% (net +12.39%) | cum=+86.92% 2026-01=+6.60% 2026-01-19=+12.39%
[predict] 2026-01-20 00:00 DOTUSDT → SHORT (proba=0.88 TP=15.0%/SL=7.5%)
[trade:open] 2026-01-20 07:59 DOTUSDT SHORT @ 1.99 | SL=2.14 TP=1.69 | timeout=2026-01-27 07:59
[trade:close] 2026-01-27 08:00 DOTUSDT SHORT → timeout @ 1.87 | PnL=+6.18% (net +6.08%) | cum=+93.00% 2026-01=+12.68% 2026-01-27=+6.08%
[lgbm] === Training for 2026-02 ===
  Train window: 2024-02-01 → 2026-01-24
  2171 training samples from 1 symbols
  Samples per month: 2024-02: 87, 2024-03: 93, 2024-04: 90, 2024-05: 93, 2024-06: 90, 2024-07: 93, 2024-08: 93, 2024-09: 90, 2024-10: 93, 2024-11: 90, 2024-12: 93, 2025-01: 93, 2025-02: 84, 2025-03: 93, 2025-04: 90, 2025-05: 93, 2025-06: 90, 2025-07: 93, 2025-08: 93, 2025-09: 90, 2025-10: 93, 2025-11: 90, 2025-12: 93, 2026-01: 71
  [label] 2024-04-02 16:00 DOTUSDT entry=8.5880 → LONG | long=timeout(+0.80%) short=timeout(-1.00%) | scanned=22 | no_tp→fwd_return=+0.8966
  [label] 2024-04-05 00:00 DOTUSDT entry=8.2840 → LONG | long=timeout(+1.29%) short=sl(-6.79%) | scanned=22 | no_tp→fwd_return=+1.3882
  [label] 2024-04-08 16:00 DOTUSDT entry=9.0500 → SHORT | long=sl(-4.87%) short=tp(+9.43%) | scanned=5 | short_tp_only
  [label] 2024-05-03 08:00 DOTUSDT entry=7.2520 → SHORT | long=timeout(-5.53%) short=timeout(+5.33%) | scanned=22 | no_tp→fwd_return=-5.4330
  [label] 2024-06-25 00:00 DOTUSDT entry=5.8050 → LONG | long=tp(+11.09%) short=sl(-5.69%) | scanned=21 | long_tp_only
  [label] 2024-12-08 00:00 DOTUSDT entry=10.4770 → SHORT | long=sl(-10.66%) short=tp(+21.03%) | scanned=5 | short_tp_only
  [label] 2024-12-12 00:00 DOTUSDT entry=9.3150 → SHORT | long=sl(-13.35%) short=timeout(+17.92%) | scanned=22 | no_tp→fwd_return=-18.0247
  [label] 2024-12-22 16:00 DOTUSDT entry=6.8390 → LONG | long=timeout(+0.24%) short=timeout(-0.44%) | scanned=22 | no_tp→fwd_return=+0.3363
  [label] 2025-02-05 16:00 DOTUSDT entry=4.6860 → LONG | long=timeout(+11.40%) short=sl(-13.58%) | scanned=22 | no_tp→fwd_return=+11.5023
  [label] 2025-02-14 08:00 DOTUSDT entry=5.2230 → SHORT | long=sl(-7.60%) short=timeout(+0.26%) | scanned=22 | no_tp→fwd_return=-0.3638
  [label] 2025-05-15 16:00 DOTUSDT entry=4.7760 → LONG | long=timeout(+3.46%) short=timeout(-3.66%) | scanned=22 | no_tp→fwd_return=+3.5595
  [label] 2025-06-16 16:00 DOTUSDT entry=3.8460 → SHORT | long=sl(-5.16%) short=tp(+10.03%) | scanned=10 | short_tp_only
  [label] 2025-07-03 00:00 DOTUSDT entry=3.6540 → LONG | long=sl(-5.45%) short=timeout(-0.21%) | scanned=22 | no_tp→fwd_return=+0.1095
  [label] 2025-07-15 16:00 DOTUSDT entry=4.0820 → LONG | long=tp(+13.13%) short=sl(-6.71%) | scanned=7 | long_tp_only
  [label] 2025-08-03 00:00 DOTUSDT entry=3.5730 → LONG | long=tp(+14.44%) short=sl(-7.37%) | scanned=19 | long_tp_only
  [label] 2025-08-09 08:00 DOTUSDT entry=4.0740 → LONG | long=sl(-5.07%) short=sl(-5.07%) | scanned=12 | no_tp→fwd_return=+3.6082
  [label] 2025-08-21 16:00 DOTUSDT entry=3.7960 → LONG | long=tp(+11.03%) short=sl(-5.66%) | scanned=6 | long_tp_only
  [label] 2025-09-30 08:00 DOTUSDT entry=3.8350 → LONG | long=tp(+9.82%) short=sl(-5.06%) | scanned=5 | long_tp_only
  [label] 2025-10-10 00:00 DOTUSDT entry=4.0800 → SHORT | long=sl(-5.64%) short=tp(+10.99%) | scanned=2 | short_tp_only
  [label] 2026-01-04 08:00 DOTUSDT entry=2.1650 → SHORT | long=sl(-5.28%) short=timeout(+3.96%) | scanned=22 | no_tp→fwd_return=-4.0647
  Labels: 971 long (44.7%), 1200 short (55.3%) | weights: min=1.00, mean=3.45, max=10.00
  Features: 2171/2171 matched, 46 columns
  CV gap: 22 rows
  [ensemble 1/3] seed=42
    [trial 0] 46 features, training_days=480 | threshold=0.631 | labels: 971 long, 1200 short (45/55%)
    [CV fold 0] train_end=2024-05-25 08:00 | val_start=2024-06-02 00:00 | gap=184h (22 rows)
    [CV fold 1] train_end=2024-09-22 16:00 | val_start=2024-09-30 08:00 | gap=184h (22 rows)
    [CV fold 2] train_end=2025-01-21 00:00 | val_start=2025-01-28 16:00 | gap=184h (22 rows)
    [CV fold 3] train_end=2025-05-21 08:00 | val_start=2025-05-29 00:00 | gap=184h (22 rows)
    [CV fold 4] train_end=2025-09-18 16:00 | val_start=2025-09-26 08:00 | gap=184h (22 rows)
    [trial 0] Sharpe=-0.0253 (folds: -0.1315, -0.2605, -0.0220, 0.2805, 0.0072)
    [trial 1] 46 features, training_days=420 | threshold=0.839 | labels: 971 long, 1200 short (45/55%)
    [trial 1] Sharpe=-4.0496 (folds: -0.1812, -0.1054, -10.0000, -10.0000, 0.0388)
    [trial 2] 46 features, training_days=190 | threshold=0.602 | labels: 971 long, 1200 short (45/55%)
    [trial 2] Sharpe=0.0250 (folds: -0.0810, -0.0277, 0.1648, 0.1173, -0.0486)
    [trial 3] 46 features, training_days=490 | threshold=0.832 | labels: 971 long, 1200 short (45/55%)[I 2026-06-01 11:09:06,026] Trial 3 finished with value: 0.02044959745475091 and parameters: {'confidence_threshold': 0.8321099380386666, 'training_days': 490, 'n_estimators': 414, 'max_depth': 3, 'num_leaves': 19, 'learning_rate': 0.1024932221692416, 'subsample': 0.7200762468698007, 'colsample_bytree': 0.5610191174223894, 'min_child_samples': 60, 'reg_alpha': 2.039373116525212e-08, 'reg_lambda': 1.527156759251193}. Best is trial 2 with value: 0.024954180155987098.
[I 2026-06-01 11:09:06,186] Trial 4 finished with value: 0.0017511433026814627 and parameters: {'confidence_threshold': 0.5905729935600059, 'training_days': 340, 'n_estimators': 190, 'max_depth': 4, 'num_leaves': 41, 'learning_rate': 0.01875220945578641, 'subsample': 0.9847923138822793, 'colsample_bytree': 0.8875664116805573, 'min_child_samples': 96, 'reg_alpha': 1.1309571585271483, 'reg_lambda': 0.002404915432737351}. Best is trial 2 with value: 0.024954180155987098.
[I 2026-06-01 11:09:06,233] Trial 5 finished with value: -0.18675528888618714 and parameters: {'confidence_threshold': 0.8226559822580909, 'training_days': 50, 'n_estimators': 138, 'max_depth': 3, 'num_leaves': 30, 'learning_rate': 0.03750796359625606, 'subsample': 0.6356745158869479, 'colsample_bytree': 0.9143687545759647, 'min_child_samples': 48, 'reg_alpha': 3.376063348877853e-06, 'reg_lambda': 0.0007660634613082914}. Best is trial 2 with value: 0.024954180155987098.
[I 2026-06-01 11:09:06,347] Trial 6 finished with value: 0.02036863193500596 and parameters: {'confidence_threshold': 0.5493234787411669, 'training_days': 410, 'n_estimators': 83, 'max_depth': 5, 'num_leaves': 52, 'learning_rate': 0.019657448966046126, 'subsample': 0.5027610585618012, 'colsample_bytree': 0.9077307142274171, 'min_child_samples': 77, 'reg_alpha': 0.03639690979811287, 'reg_lambda': 0.08738424135626986}. Best is trial 2 with value: 0.024954180155987098.
[I 2026-06-01 11:09:06,453] Trial 7 finished with value: 0.024368136417938075 and parameters: {'confidence_threshold': 0.5259156281069316, 'training_days': 180, 'n_estimators': 102, 'max_depth': 5, 'num_leaves': 45, 'learning_rate': 0.030816017044468066, 'subsample': 0.5317791751430119, 'colsample_bytree': 0.6554911608578311, 'min_child_samples': 46, 'reg_alpha': 0.036851536911881845, 'reg_lambda': 0.005470376807480391}. Best is trial 2 with value: 0.024954180155987098.
[I 2026-06-01 11:09:06,556] Trial 8 finished with value: 0.07393471740889265 and parameters: {'confidence_threshold': 0.8105244599017143, 'training_days': 240, 'n_estimators': 103, 'max_depth': 5, 'num_leaves': 52, 'learning_rate': 0.06746437142284309, 'subsample': 0.8854835899772805, 'colsample_bytree': 0.7468977981821954, 'min_child_samples': 62, 'reg_alpha': 7.04480806377519e-05, 'reg_lambda': 1.6934490731313353e-08}. Best is trial 8 with value: 0.07393471740889265.
[I 2026-06-01 11:09:06,585] Trial 9 finished with value: -2.1111449337177914 and parameters: {'confidence_threshold': 0.5377619994476566, 'training_days': 20, 'n_estimators': 337, 'max_depth': 3, 'num_leaves': 39, 'learning_rate': 0.21907142272152816, 'subsample': 0.6246461145744375, 'colsample_bytree': 0.7051914615178149, 'min_child_samples': 81, 'reg_alpha': 1.1459970229341322e-06, 'reg_lambda': 4.929685216887945e-08}. Best is trial 8 with value: 0.07393471740889265.
[I 2026-06-01 11:09:07,160] Trial 10 finished with value: 0.005316015778220447 and parameters: {'confidence_threshold': 0.734042426776949, 'training_days': 280, 'n_estimators': 487, 'max_depth': 5, 'num_leaves': 62, 'learning_rate': 0.10432148521337849, 'subsample': 0.9416850669512905, 'colsample_bytree': 0.8120417635861826, 'min_child_samples': 27, 'reg_alpha': 7.238112263003475e-05, 'reg_lambda': 3.3639426888455256e-06}. Best is trial 8 with value: 0.07393471740889265.
[I 2026-06-01 11:09:07,284] Trial 11 finished with value: 0.00033647289908778007 and parameters: {'confidence_threshold': 0.7064141682072129, 'training_days': 170, 'n_estimators': 245, 'max_depth': 5, 'num_leaves': 55, 'learning_rate': 0.070278144758503, 'subsample': 0.863624974073976, 'colsample_bytree': 0.5038432927256977, 'min_child_samples': 87, 'reg_alpha': 4.76478459329104e-08, 'reg_lambda': 7.868729181011707e-06}. Best is trial 8 with value: 0.07393471740889265.
[I 2026-06-01 11:09:07,434] Trial 12 finished with value: 0.04681710011163227 and parameters: {'confidence_threshold': 0.7683435244955696, 'training_days': 180, 'n_estimators': 257, 'max_depth': 4, 'num_leaves': 31, 'learning_rate': 0.05445057683691509, 'subsample': 0.8426110070012842, 'colsample_bytree': 0.6188171054052629, 'min_child_samples': 65, 'reg_alpha': 5.6535530920430964e-05, 'reg_lambda': 2.0771847423585894e-06}. Best is trial 8 with value: 0.07393471740889265.
[I 2026-06-01 11:09:07,541] Trial 13 finished with value: 0.08792801330944883 and parameters: {'confidence_threshold': 0.7680477997919558, 'training_days': 110, 'n_estimators': 209, 'max_depth': 4, 'num_leaves': 33, 'learning_rate': 0.18266145263423664, 'subsample': 0.8813567124152576, 'colsample_bytree': 0.6261892285982202, 'min_child_samples': 57, 'reg_alpha': 5.455813891552554e-05, 'reg_lambda': 7.206536550187501e-06}. Best is trial 13 with value: 0.08792801330944883.
[I 2026-06-01 11:09:07,597] Trial 14 finished with value: 0.024931299370087433 and parameters: {'confidence_threshold': 0.7871652886153421, 'training_days': 80, 'n_estimators': 57, 'max_depth': 4, 'num_leaves': 34, 'learning_rate': 0.2564798075154667, 'subsample': 0.9253648931909446, 'colsample_bytree': 0.7829452211674881, 'min_child_samples': 31, 'reg_alpha': 0.0005121430226700761, 'reg_lambda': 7.005833864944536e-05}. Best is trial 13 with value: 0.08792801330944883.
[I 2026-06-01 11:09:07,699] Trial 15 finished with value: 0.06955112306542155 and parameters: {'confidence_threshold': 0.6766964604410568, 'training_days': 110, 'n_estimators': 209, 'max_depth': 4, 'num_leaves': 48, 'learning_rate': 0.1354417730199129, 'subsample': 0.8634823758940223, 'colsample_bytree': 0.6252726009694269, 'min_child_samples': 57, 'reg_alpha': 8.430542834627463e-05, 'reg_lambda': 4.886288445708892e-05}. Best is trial 13 with value: 0.08792801330944883.
[I 2026-06-01 11:09:07,879] Trial 16 finished with value: 0.014511110287735671 and parameters: {'confidence_threshold': 0.767065445765801, 'training_days': 270, 'n_estimators': 185, 'max_depth': 4, 'num_leaves': 63, 'learning_rate': 0.16808079394648465, 'subsample': 0.998889789092245, 'colsample_bytree': 0.8338962247920462, 'min_child_samples': 36, 'reg_alpha': 5.04511254963636e-06, 'reg_lambda': 4.28170520176123e-07}. Best is trial 13 with value: 0.08792801330944883.
[I 2026-06-01 11:09:08,053] Trial 17 finished with value: -0.009587687708227498 and parameters: {'confidence_threshold': 0.7257845040003699, 'training_days': 130, 'n_estimators': 312, 'max_depth': 4, 'num_leaves': 15, 'learning_rate': 0.010425658055299656, 'subsample': 0.9082676340052684, 'colsample_bytree': 0.9956385980717998, 'min_child_samples': 53, 'reg_alpha': 0.0013748483702331557, 'reg_lambda': 6.880925840516315e-07}. Best is trial 13 with value: 0.08792801330944883.
[I 2026-06-01 11:09:08,535] A new study created in memory with name: no-name-ac4a8b53-0774-4917-b999-4d24f48ed872
[I 2026-06-01 11:09:08,621] Trial 0 finished with value: 0.02693432349178444 and parameters: {'confidence_threshold': 0.7437642149592516, 'training_days': 150, 'n_estimators': 152, 'max_depth': 4, 'num_leaves': 50, 'learning_rate': 0.04216766425047743, 'subsample': 0.9903820991923078, 'colsample_bytree': 0.8424148692924316, 'min_child_samples': 58, 'reg_alpha': 3.381097259762742e-05, 'reg_lambda': 1.2263152961306247e-05}. Best is trial 0 with value: 0.02693432349178444.
[I 2026-06-01 11:09:08,696] Trial 1 finished with value: -7.9515457700371615 and parameters: {'confidence_threshold': 0.7551673975844145, 'training_days': 220, 'n_estimators': 76, 'max_depth': 4, 'num_leaves': 51, 'learning_rate': 0.018602118810743477, 'subsample': 0.5877258780737462, 'colsample_bytree': 0.7657756869209191, 'min_child_samples': 63, 'reg_alpha': 0.005123994170264194, 'reg_lambda': 0.44145470178120466}. Best is trial 0 with value: 0.02693432349178444.
[I 2026-06-01 11:09:08,955] Trial 2 finished with value: 0.021849596442277058 and parameters: {'confidence_threshold': 0.7535593637012223, 'training_days': 310, 'n_estimators': 375, 'max_depth': 3, 'num_leaves': 32, 'learning_rate': 0.021735641882032388, 'subsample': 0.6468570231944146, 'colsample_bytree': 0.8154880619272439, 'min_child_samples': 27, 'reg_alpha': 8.004064028491336e-05, 'reg_lambda': 7.546835261630524e-05}. Best is trial 0 with value: 0.02693432349178444.
[I 2026-06-01 11:09:09,123] Trial 3 finished with value: 0.05119930502138331 and parameters: {'confidence_threshold': 0.6727897841776072, 'training_days': 220, 'n_estimators': 190, 'max_depth': 4, 'num_leaves': 58, 'learning_rate': 0.24810689332636193, 'subsample': 0.7509183379421682, 'colsample_bytree': 0.8119764758960556, 'min_child_samples': 29, 'reg_alpha': 7.1708285081421445e-06, 'reg_lambda': 5.412973582738627e-05}. Best is trial 3 with value: 0.05119930502138331.
[I 2026-06-01 11:09:09,229] Trial 4 finished with value: 0.04919090122376717 and parameters: {'confidence_threshold': 0.803208205259178, 'training_days': 130, 'n_estimators': 267, 'max_depth': 5, 'num_leaves': 40, 'learning_rate': 0.08041175317374143, 'subsample': 0.5603143329951619, 'colsample_bytree': 0.9131704002534167, 'min_child_samples': 68, 'reg_alpha': 0.0008046593428183385, 'reg_lambda': 1.2158346158765583e-05}. Best is trial 3 with value: 0.05119930502138331.
[I 2026-06-01 11:09:09,460] Trial 5 finished with value: 0.04145647158848188 and parameters: {'confidence_threshold': 0.6064422761595144, 'training_days': 210, 'n_estimators': 357, 'max_depth': 5, 'num_leaves': 40, 'learning_rate': 0.0974221287220869, 'subsample': 0.7929682762811064, 'colsample_bytree': 0.8124517510478, 'min_child_samples': 74, 'reg_alpha': 0.3811377260781234, 'reg_lambda': 5.607314238392041e-08}. Best is trial 3 with value: 0.05119930502138331.
[I 2026-06-01 11:09:09,559] Trial 6 finished with value: 0.00610188700388023 and parameters: {'confidence_threshold': 0.7672889945051684, 'training_days': 130, 'n_estimators': 137, 'max_depth': 4, 'num_leaves': 19, 'learning_rate': 0.2031117614248665, 'subsample': 0.8136244860256343, 'colsample_bytree': 0.8617081790949774, 'min_child_samples': 21, 'reg_alpha': 0.002238138278733199, 'reg_lambda': 0.001025809534977322}. Best is trial 3 with value: 0.05119930502138331.
[I 2026-06-01 11:09:09,634] Trial 7 finished with value: 0.004121526457607086 and parameters: {'confidence_threshold': 0.555635875450653, 'training_days': 80, 'n_estimators': 363, 'max_depth': 3, 'num_leaves': 48, 'learning_rate': 0.06590089024008658, 'subsample': 0.6944752870615722, 'colsample_bytree': 0.962566244806993, 'min_child_samples': 88, 'reg_alpha': 1.6465620446426067e-05, 'reg_lambda': 2.4678750890085655e-08}. Best is trial 3 with value: 0.05119930502138331.
[I 2026-06-01 11:09:09,985] Trial 8 finished with value: 0.021590950702613864 and parameters: {'confidence_threshold': 0.6066688256938841, 'training_days': 200, 'n_estimators': 367, 'max_depth': 5, 'num_leaves': 32, 'learning_rate': 0.13377519215934996, 'subsample': 0.7965884582811106, 'colsample_bytree': 0.8458508993500886, 'min_child_samples': 32, 'reg_alpha': 3.889436043816386e-05, 'reg_lambda': 1.4713062489380356e-06}. Best is trial 3 with value: 0.05119930502138331.
[I 2026-06-01 11:09:10,210] Trial 9 finished with value: -0.004130912596812775 and parameters: {'confidence_threshold': 0.6202096049169137, 'training_days': 260, 'n_estimators': 350, 'max_depth': 3, 'num_leaves': 21, 'learning_rate': 0.02989540198065364, 'subsample': 0.8307821683331218, 'colsample_bytree': 0.923253112635361, 'min_child_samples': 64, 'reg_alpha': 0.4898604619604203, 'reg_lambda': 2.9076377687066166e-05}. Best is trial 3 with value: 0.05119930502138331.
[I 2026-06-01 11:09:10,654] Trial 10 finished with value: 0.01986694601495468 and parameters: {'confidence_threshold': 0.6756170272727778, 'training_days': 470, 'n_estimators': 493, 'max_depth': 4, 'num_leaves': 63, 'learning_rate': 0.010221918552934462, 'subsample': 0.9383547926937981, 'colsample_bytree': 0.6202684210924141, 'min_child_samples': 44, 'reg_alpha': 2.371385268938747e-08, 'reg_lambda': 0.015315426420116851}. Best is trial 3 with value: 0.05119930502138331.
[I 2026-06-01 11:09:10,683] Trial 11 finished with value: -8.06126177138771 and parameters: {'confidence_threshold': 0.8371297552840329, 'training_days': 20, 'n_estimators': 231, 'max_depth': 5, 'num_leaves': 62, 'learning_rate': 0.2953051916345258, 'subsample': 0.5082312939353781, 'colsample_bytree': 0.6778283959364831, 'min_child_samples': 100, 'reg_alpha': 3.867986746175684e-07, 'reg_lambda': 0.0018315601621927968}. Best is trial 3 with value: 0.05119930502138331.
