[I 2026-06-01 11:03:00,489] Trial 9 finished with value: -0.1672635531938845 and parameters: {'confidence_threshold': 0.6202096049169137, 'training_days': 260, 'n_estimators': 350, 'max_depth': 3, 'num_leaves': 21, 'learning_rate': 0.02989540198065364, 'subsample': 0.8307821683331218, 'colsample_bytree': 0.923253112635361, 'min_child_samples': 64, 'reg_alpha': 0.4898604619604203, 'reg_lambda': 2.9076377687066166e-05}. Best is trial 4 with value: -0.0342652557976078.

  [label] 2022-04-06 08:00 DOTUSDT entry=20.3170 → SHORT | long=sl(-8.05%) short=tp(+15.79%) | scanned=16 | short_tp_only
  [label] 2022-04-14 16:00 DOTUSDT entry=17.8970 → LONG | long=timeout(+1.36%) short=sl(-6.60%) | scanned=22 | no_tp→fwd_return=+1.4583
  [label] 2022-07-14 00:00 DOTUSDT entry=6.4310 → LONG | long=tp(+14.96%) short=sl(-7.63%) | scanned=12 | long_tp_only
  [label] 2022-08-15 00:00 DOTUSDT entry=8.7400 → SHORT | long=sl(-7.57%) short=tp(+14.84%) | scanned=12 | short_tp_only
  [label] 2022-08-31 00:00 DOTUSDT entry=7.1660 → SHORT | long=timeout(-2.89%) short=sl(-6.66%) | scanned=22 | no_tp→fwd_return=-2.7910
  [label] 2022-09-12 16:00 DOTUSDT entry=7.6540 → SHORT | long=sl(-6.22%) short=tp(+12.14%) | scanned=12 | short_tp_only
  [label] 2022-10-01 08:00 DOTUSDT entry=6.2890 → LONG | long=timeout(+0.57%) short=timeout(-0.77%) | scanned=22 | no_tp→fwd_return=+0.6678
  [label] 2022-10-07 16:00 DOTUSDT entry=6.3250 → SHORT | long=sl(-3.71%) short=tp(+7.11%) | scanned=16 | short_tp_only
  [label] 2022-10-20 00:00 DOTUSDT entry=6.1090 → LONG | long=sl(-4.07%) short=sl(-4.07%) | scanned=17 | no_tp→fwd_return=+5.2873
  [label] 2022-11-28 08:00 DOTUSDT entry=5.1200 → LONG | long=tp(+10.28%) short=sl(-5.29%) | scanned=12 | long_tp_only
  [label] 2022-12-08 08:00 DOTUSDT entry=5.3140 → SHORT | long=sl(-4.00%) short=timeout(+1.74%) | scanned=22 | no_tp→fwd_return=-1.8442
  [label] 2023-03-04 08:00 DOTUSDT entry=5.9660 → SHORT | long=sl(-5.48%) short=tp(+10.66%) | scanned=16 | short_tp_only
  Labels: 1004 long (46.3%), 1164 short (53.7%) | weights: min=1.00, mean=3.31, max=10.00
  Features: 2168/2168 matched, 46 columns
  CV gap: 22 rows
  [ensemble 1/3] seed=42
    [trial 0] 46 features, training_days=480 | threshold=0.631 | labels: 1004 long, 1164 short (46/54%)
    [CV fold 0] train_end=2021-07-23 08:00 | val_start=2021-07-31 00:00 | gap=184h (22 rows)
    [CV fold 1] train_end=2021-11-20 16:00 | val_start=2021-11-28 08:00 | gap=184h (22 rows)
    [CV fold 2] train_end=2022-03-21 00:00 | val_start=2022-03-28 16:00 | gap=184h (22 rows)
    [CV fold 3] train_end=2022-07-19 08:00 | val_start=2022-07-27 00:00 | gap=184h (22 rows)
    [CV fold 4] train_end=2022-11-16 16:00 | val_start=2022-11-24 08:00 | gap=184h (22 rows)
    [trial 0] Sharpe=-0.0758 (folds: -0.1021, -0.0622, -0.2528, -0.1439, 0.1818)
    [trial 1] 46 features, training_days=420 | threshold=0.839 | labels: 1004 long, 1164 short (46/54%)
    [trial 1] Sharpe=-6.0704 (folds: -0.1176, -0.2345, -10.0000, -10.0000, -10.0000)
    [trial 2] 46 features, training_days=190 | threshold=0.602 | labels: 1004 long, 1164 short (46/54%)
    [trial 2] Sharpe=-0.1072 (folds: -0.0991, 0.0852, -0.1844, -0.3048, -0.0328)
    [trial 3] 46 features, training_days=490 | threshold=0.832 | labels: 1004 long, 1164 short (46/54%)
    [trial 3] Sharpe=-0.1309 (folds: -0.0766, -0.0145, -0.3333, -0.2969, 0.0668)
    [trial 4] 46 features, training_days=340 | threshold=0.591 | labels: 1004 long, 1164 short (46/54%)
    [trial 4] Sharpe=-0.1560 (folds: -0.0773, -0.0682, -0.4396, -0.2785, 0.0833)
    [trial 5] 46 features, training_days=50 | threshold=0.823 | labels: 1004 long, 1164 short (46/54%)
    [trial 5] Sharpe=-0.4799 (folds: -0.1782, -0.2920, -1.6755, -0.0615, -0.1924)
    [trial 6] 46 features, training_days=410 | threshold=0.549 | labels: 1004 long, 1164 short (46/54%)
    [trial 6] Sharpe=-0.0687 (folds: -0.1097, -0.0723, -0.4024, 0.0627, 0.1782)
    [trial 7] 46 features, training_days=180 | threshold=0.526 | labels: 1004 long, 1164 short (46/54%)
    [trial 7] Sharpe=-0.1361 (folds: -0.0836, -0.0390, -0.1715, -0.3070, -0.0797)
    [trial 8] 46 features, training_days=240 | threshold=0.811 | labels: 1004 long, 1164 short (46/54%)
    [trial 8] Sharpe=-0.2176 (folds: -0.0022, 0.0092, -0.2780, -0.6629, -0.1540)
    [trial 9] 46 features, training_days=20 | threshold=0.538 | labels: 1004 long, 1164 short (46/54%)
    [trial 9] Sharpe=0.0459 (folds: 0.1744, 0.0276, 0.2428, -0.2678, 0.0528)
    [trial 10] 46 features, training_days=10 | threshold=0.745 | labels: 1004 long, 1164 short (46/54%)
    [trial 10] Sharpe=-1.9500 (folds: -0.0729, 0.0276, 0.2428, -10.0000, 0.0528)
    [trial 11] 46 features, training_days=350 | threshold=0.503 | labels: 1004 long, 1164 short (46/54%)
    [trial 11] Sharpe=-0.1037 (folds: -0.0816, -0.0929, -0.3937, -0.2386, 0.2881)
    [trial 12] 46 features, training_days=140 | threshold=0.552 | labels: 1004 long, 1164 short (46/54%)
    [trial 12] Sharpe=-0.0535 (folds: 0.0331, -0.0187, -0.1413, -0.1333, -0.0074)
    [trial 13] 46 features, training_days=100 | threshold=0.694 | labels: 1004 long, 1164 short (46/54%)
    [trial 13] Sharpe=-0.0397 (folds: -0.0544, 0.0264, -0.1831, -0.0344, 0.0471)
    [trial 14] 46 features, training_days=90 | threshold=0.700 | labels: 1004 long, 1164 short (46/54%)
    [trial 14] Sharpe=-0.0692 (folds: -0.1282, -0.0375, -0.1636, 0.0088, -0.0254)
    [trial 15] 46 features, training_days=100 | threshold=0.670 | labels: 1004 long, 1164 short (46/54%)
    [trial 15] Sharpe=-0.0495 (folds: -0.0851, 0.0290, -0.2043, -0.0463, 0.0592)
    [trial 16] 46 features, training_days=10 | threshold=0.741 | labels: 1004 long, 1164 short (46/54%)
    [trial 16] Sharpe=-1.9500 (folds: -0.0729, 0.0276, 0.2428, -10.0000, 0.0528)
    [trial 17] 46 features, training_days=90 | threshold=0.665 | labels: 1004 long, 1164 short (46/54%)
    [trial 17] Sharpe=-0.0428 (folds: -0.0891, 0.0546, -0.1693, -0.0049, -0.0053)
  Optuna: 18 trials, best Sharpe = 0.0459
  Best params: n_estimators=337, max_depth=3, lr=0.2191, leaves=39
  Best confidence_threshold: 0.538
  Best training_days: 20
  Retrained on full data (60 samples, 46 features)
  [ensemble 2/3] seed=123
    [trial 0] 46 features, training_days=150 | threshold=0.744 | labels: 1004 long, 1164 short (46/54%)
    [CV fold 0] train_end=2021-07-23 08:00 | val_start=2021-07-31 00:00 | gap=184h (22 rows)
    [CV fold 1] train_end=2021-11-20 16:00 | val_start=2021-11-28 08:00 | gap=184h (22 rows)
    [CV fold 2] train_end=2022-03-21 00:00 | val_start=2022-03-28 16:00 | gap=184h (22 rows)
    [CV fold 3] train_end=2022-07-19 08:00 | val_start=2022-07-27 00:00 | gap=184h (22 rows)
    [CV fold 4] train_end=2022-11-16 16:00 | val_start=2022-11-24 08:00 | gap=184h (22 rows)
    [trial 0] Sharpe=-0.1328 (folds: -0.0476, -0.1086, -0.2684, -0.2412, 0.0017)
    [trial 1] 46 features, training_days=220 | threshold=0.755 | labels: 1004 long, 1164 short (46/54%)
    [trial 1] Sharpe=-0.3388 (folds: -0.9755, 0.0361, -0.2354, -0.5234, 0.0044)
    [trial 2] 46 features, training_days=310 | threshold=0.754 | labels: 1004 long, 1164 short (46/54%)
    [trial 2] Sharpe=-0.1042 (folds: -0.0277, -0.0748, -0.2277, -0.2641, 0.0732)
    [trial 3] 46 features, training_days=220 | threshold=0.673 | labels: 1004 long, 1164 short (46/54%)
    [trial 3] Sharpe=-0.0767 (folds: -0.0541, 0.0072, -0.1493, -0.1921, 0.0046)
    [trial 4] 46 features, training_days=130 | threshold=0.803 | labels: 1004 long, 1164 short (46/54%)
    [trial 4] Sharpe=-0.0343 (folds: -0.0839, 0.0111, -0.1574, -0.1020, 0.1609)
    [trial 5] 46 features, training_days=210 | threshold=0.606 | labels: 1004 long, 1164 short (46/54%)
    [trial 5] Sharpe=-0.1075 (folds: -0.0885, 0.0666, -0.1565, -0.2852, -0.0736)
    [trial 6] 46 features, training_days=130 | threshold=0.767 | labels: 1004 long, 1164 short (46/54%)
    [trial 6] Sharpe=-0.1163 (folds: -0.0656, 0.0059, -0.2589, -0.2244, -0.0386)
    [trial 7] 46 features, training_days=80 | threshold=0.556 | labels: 1004 long, 1164 short (46/54%)
    [trial 7] Sharpe=-0.0567 (folds: -0.0702, -0.0236, -0.1947, -0.0144, 0.0194)
    [trial 8] 46 features, training_days=200 | threshold=0.607 | labels: 1004 long, 1164 short (46/54%)
    [trial 8] Sharpe=-0.0650 (folds: -0.0612, 0.0651, -0.2617, -0.1302, 0.0632)
    [trial 9] 46 features, training_days=260 | threshold=0.620 | labels: 1004 long, 1164 short (46/54%)
    [trial 9] Sharpe=-0.1673 (folds: -0.0983, -0.0484, -0.2858, -0.3939, -0.0100)
    [trial 10] 46 features, training_days=470 | threshold=0.845 | labels: 1004 long, 1164 short (46/54%)[I 2026-06-01 11:03:00,837] Trial 10 finished with value: -4.16217533092019 and parameters: {'confidence_threshold': 0.8445241688507242, 'training_days': 470, 'n_estimators': 493, 'max_depth': 5, 'num_leaves': 63, 'learning_rate': 0.010221918552934462, 'subsample': 0.5019190721168774, 'colsample_bytree': 0.6202684210924141, 'min_child_samples': 99, 'reg_alpha': 1.9942621118187622e-08, 'reg_lambda': 0.0201634475791616}. Best is trial 4 with value: -0.0342652557976078.
[I 2026-06-01 11:03:00,869] Trial 11 finished with value: 0.08423567192708308 and parameters: {'confidence_threshold': 0.5077463503498806, 'training_days': 10, 'n_estimators': 262, 'max_depth': 3, 'num_leaves': 44, 'learning_rate': 0.07372430395837165, 'subsample': 0.6622634123372779, 'colsample_bytree': 0.9864508096204552, 'min_child_samples': 90, 'reg_alpha': 2.5493772909886044e-07, 'reg_lambda': 1.0030982359513554e-08}. Best is trial 11 with value: 0.08423567192708308.
[I 2026-06-01 11:03:00,896] Trial 12 finished with value: 0.08423567192708308 and parameters: {'confidence_threshold': 0.516353676066732, 'training_days': 10, 'n_estimators': 223, 'max_depth': 5, 'num_leaves': 40, 'learning_rate': 0.07194140759860877, 'subsample': 0.5471015437418626, 'colsample_bytree': 0.9722524044717222, 'min_child_samples': 82, 'reg_alpha': 1.0536264381398411e-07, 'reg_lambda': 4.98845270910816e-07}. Best is trial 11 with value: 0.08423567192708308.
[I 2026-06-01 11:03:00,925] Trial 13 finished with value: 0.08423567192708308 and parameters: {'confidence_threshold': 0.501145614105161, 'training_days': 10, 'n_estimators': 249, 'max_depth': 3, 'num_leaves': 32, 'learning_rate': 0.04828910244045968, 'subsample': 0.6335647443594731, 'colsample_bytree': 0.6564540780078124, 'min_child_samples': 84, 'reg_alpha': 2.8415788841060326e-08, 'reg_lambda': 3.0523674035427045e-07}. Best is trial 11 with value: 0.08423567192708308.
[I 2026-06-01 11:03:00,956] Trial 14 finished with value: 0.04594888592040412 and parameters: {'confidence_threshold': 0.5137054163280673, 'training_days': 20, 'n_estimators': 219, 'max_depth': 4, 'num_leaves': 42, 'learning_rate': 0.11137285155970186, 'subsample': 0.506327195517468, 'colsample_bytree': 0.9975209163089813, 'min_child_samples': 49, 'reg_alpha': 2.802918290921386e-07, 'reg_lambda': 1.908242382781671e-08}. Best is trial 11 with value: 0.08423567192708308.
[I 2026-06-01 11:03:00,989] Trial 15 finished with value: -3.9698393259605895 and parameters: {'confidence_threshold': 0.5551423717289238, 'training_days': 60, 'n_estimators': 300, 'max_depth': 5, 'num_leaves': 27, 'learning_rate': 0.1371767874448935, 'subsample': 0.7077083935514579, 'colsample_bytree': 0.5093920150666754, 'min_child_samples': 100, 'reg_alpha': 8.242035281577826e-07, 'reg_lambda': 7.127115599537386e-07}. Best is trial 11 with value: 0.08423567192708308.
[I 2026-06-01 11:03:01,056] Trial 16 finished with value: -0.1250143423068147 and parameters: {'confidence_threshold': 0.5566362050226943, 'training_days': 350, 'n_estimators': 50, 'max_depth': 3, 'num_leaves': 46, 'learning_rate': 0.03726909614885771, 'subsample': 0.5824016374699942, 'colsample_bytree': 0.9226210919778726, 'min_child_samples': 84, 'reg_alpha': 4.101116687361566e-07, 'reg_lambda': 0.0019821772168074096}. Best is trial 11 with value: 0.08423567192708308.
[I 2026-06-01 11:03:01,143] Trial 17 finished with value: -0.0877619603009574 and parameters: {'confidence_threshold': 0.666488584837589, 'training_days': 70, 'n_estimators': 445, 'max_depth': 4, 'num_leaves': 33, 'learning_rate': 0.06366588128713865, 'subsample': 0.9202138733708044, 'colsample_bytree': 0.9905526582977436, 'min_child_samples': 77, 'reg_alpha': 1.4483964421057927e-06, 'reg_lambda': 3.1239869580120565e-07}. Best is trial 11 with value: 0.08423567192708308.
[I 2026-06-01 11:03:01,273] A new study created in memory with name: no-name-6699cbb9-f7e6-4ad7-a4c9-387ca1177888
[I 2026-06-01 11:03:01,471] Trial 0 finished with value: -0.06310499906546407 and parameters: {'confidence_threshold': 0.5870645682749857, 'training_days': 90, 'n_estimators': 403, 'max_depth': 5, 'num_leaves': 45, 'learning_rate': 0.0780457193679974, 'subsample': 0.9428509515574568, 'colsample_bytree': 0.8795587339164916, 'min_child_samples': 34, 'reg_alpha': 2.2465901234314442e-07, 'reg_lambda': 8.339007036475363e-05}. Best is trial 0 with value: -0.06310499906546407.
[I 2026-06-01 11:03:01,579] Trial 1 finished with value: -0.0943378855447517 and parameters: {'confidence_threshold': 0.6348453934275313, 'training_days': 290, 'n_estimators': 115, 'max_depth': 5, 'num_leaves': 37, 'learning_rate': 0.06949568759029946, 'subsample': 0.8228505074024268, 'colsample_bytree': 0.8616703220431751, 'min_child_samples': 75, 'reg_alpha': 4.2486822725010923e-07, 'reg_lambda': 1.157247767047042e-07}. Best is trial 0 with value: -0.06310499906546407.
[I 2026-06-01 11:03:01,597] Trial 2 finished with value: 0.08423567192708308 and parameters: {'confidence_threshold': 0.5849570384370288, 'training_days': 10, 'n_estimators': 212, 'max_depth': 3, 'num_leaves': 41, 'learning_rate': 0.18452095998378365, 'subsample': 0.6001060822924371, 'colsample_bytree': 0.5673167293506167, 'min_child_samples': 37, 'reg_alpha': 5.733250064217131, 'reg_lambda': 0.5308454292595461}. Best is trial 2 with value: 0.08423567192708308.
[I 2026-06-01 11:03:01,677] Trial 3 finished with value: -0.15660654237133545 and parameters: {'confidence_threshold': 0.6868248626683718, 'training_days': 220, 'n_estimators': 134, 'max_depth': 3, 'num_leaves': 45, 'learning_rate': 0.033529007907491595, 'subsample': 0.8647277071858408, 'colsample_bytree': 0.778494116634046, 'min_child_samples': 96, 'reg_alpha': 2.409409937265785e-07, 'reg_lambda': 1.1642073478060009}. Best is trial 2 with value: 0.08423567192708308.
[I 2026-06-01 11:03:01,764] Trial 4 finished with value: -0.11677107094336767 and parameters: {'confidence_threshold': 0.5623121348350352, 'training_days': 300, 'n_estimators': 69, 'max_depth': 4, 'num_leaves': 32, 'learning_rate': 0.14967629360700346, 'subsample': 0.5054535233636654, 'colsample_bytree': 0.7401385194659216, 'min_child_samples': 27, 'reg_alpha': 1.4212042567426725e-07, 'reg_lambda': 0.23605753701352003}. Best is trial 2 with value: 0.08423567192708308.
[I 2026-06-01 11:03:02,165] Trial 5 finished with value: -0.036849687922353214 and parameters: {'confidence_threshold': 0.7111850244908446, 'training_days': 490, 'n_estimators': 362, 'max_depth': 5, 'num_leaves': 40, 'learning_rate': 0.05960785724162737, 'subsample': 0.5589714368907717, 'colsample_bytree': 0.6659006943232806, 'min_child_samples': 42, 'reg_alpha': 0.6741360303045295, 'reg_lambda': 6.054601607143087e-08}. Best is trial 2 with value: 0.08423567192708308.
[I 2026-06-01 11:03:02,339] Trial 6 finished with value: -0.12377342388577177 and parameters: {'confidence_threshold': 0.667482545748023, 'training_days': 420, 'n_estimators': 279, 'max_depth': 3, 'num_leaves': 45, 'learning_rate': 0.040099592560849204, 'subsample': 0.8563114696415159, 'colsample_bytree': 0.5442917781944105, 'min_child_samples': 50, 'reg_alpha': 1.6407916423707903e-08, 'reg_lambda': 2.935907642973286e-05}. Best is trial 2 with value: 0.08423567192708308.
[I 2026-06-01 11:03:02,489] Trial 7 finished with value: -0.06858164610790887 and parameters: {'confidence_threshold': 0.5497381024139926, 'training_days': 120, 'n_estimators': 408, 'max_depth': 5, 'num_leaves': 38, 'learning_rate': 0.28049122657745795, 'subsample': 0.8806573338635493, 'colsample_bytree': 0.5454054113547102, 'min_child_samples': 63, 'reg_alpha': 0.01263008637940408, 'reg_lambda': 0.04588020805366937}. Best is trial 2 with value: 0.08423567192708308.
[I 2026-06-01 11:03:02,771] Trial 8 finished with value: -0.09301220910020513 and parameters: {'confidence_threshold': 0.719644804808716, 'training_days': 450, 'n_estimators': 410, 'max_depth': 4, 'num_leaves': 57, 'learning_rate': 0.04022026551478857, 'subsample': 0.5336085426932707, 'colsample_bytree': 0.5705742850577543, 'min_child_samples': 100, 'reg_alpha': 5.916398047912201e-07, 'reg_lambda': 0.9794034214488329}. Best is trial 2 with value: 0.08423567192708308.
[I 2026-06-01 11:03:02,798] Trial 9 finished with value: -3.9353662944734795 and parameters: {'confidence_threshold': 0.7267463643917187, 'training_days': 20, 'n_estimators': 337, 'max_depth': 5, 'num_leaves': 23, 'learning_rate': 0.022153031811454605, 'subsample': 0.6305627572358737, 'colsample_bytree': 0.6613413774216214, 'min_child_samples': 81, 'reg_alpha': 5.7638634029410314e-08, 'reg_lambda': 8.26603016764008}. Best is trial 2 with value: 0.08423567192708308.
[I 2026-06-01 11:03:02,829] Trial 10 finished with value: -1.9499547879899928 and parameters: {'confidence_threshold': 0.8398533911817929, 'training_days': 10, 'n_estimators': 228, 'max_depth': 3, 'num_leaves': 15, 'learning_rate': 0.2789359567293539, 'subsample': 0.6821883053833926, 'colsample_bytree': 0.9944479338273263, 'min_child_samples': 23, 'reg_alpha': 2.903134294418681, 'reg_lambda': 0.0032849428938367974}. Best is trial 2 with value: 0.08423567192708308.
[I 2026-06-01 11:03:03,029] Trial 11 finished with value: -5.992107962701764 and parameters: {'confidence_threshold': 0.7895743202078971, 'training_days': 370, 'n_estimators': 225, 'max_depth': 4, 'num_leaves': 59, 'learning_rate': 0.010167356171986337, 'subsample': 0.6299883894853011, 'colsample_bytree': 0.6436734793442266, 'min_child_samples': 47, 'reg_alpha': 9.443402751011643, 'reg_lambda': 2.313463030717144e-08}. Best is trial 2 with value: 0.08423567192708308.
[I 2026-06-01 11:03:03,311] Trial 12 finished with value: -0.0818130477327957 and parameters: {'confidence_threshold': 0.5145853631584999, 'training_days': 190, 'n_estimators': 490, 'max_depth': 4, 'num_leaves': 29, 'learning_rate': 0.12684915465165553, 'subsample': 0.5934028623183925, 'colsample_bytree': 0.6550757185518237, 'min_child_samples': 41, 'reg_alpha': 0.06157086120087854, 'reg_lambda': 1.4304147444691813e-06}. Best is trial 2 with value: 0.08423567192708308.
[I 2026-06-01 11:03:03,523] Trial 13 finished with value: -0.11035580027779308 and parameters: {'confidence_threshold': 0.6227835397404168, 'training_days': 480, 'n_estimators': 298, 'max_depth': 3, 'num_leaves': 52, 'learning_rate': 0.11842510796771445, 'subsample': 0.7312718920985939, 'colsample_bytree': 0.6113466263687708, 'min_child_samples': 55, 'reg_alpha': 0.19620021136176724, 'reg_lambda': 0.005118707544313016}. Best is trial 2 with value: 0.08423567192708308.
[I 2026-06-01 11:03:03,712] Trial 14 finished with value: -0.0703352213215981 and parameters: {'confidence_threshold': 0.7723320301796328, 'training_days': 350, 'n_estimators': 212, 'max_depth': 4, 'num_leaves': 50, 'learning_rate': 0.1695974140340746, 'subsample': 0.5604070534977161, 'colsample_bytree': 0.5071323789169796, 'min_child_samples': 39, 'reg_alpha': 0.0005061136429986866, 'reg_lambda': 1.9911970232120805e-06}. Best is trial 2 with value: 0.08423567192708308.
[I 2026-06-01 11:03:03,859] Trial 15 finished with value: -0.13023479162170665 and parameters: {'confidence_threshold': 0.611535442634191, 'training_days': 150, 'n_estimators': 348, 'max_depth': 3, 'num_leaves': 31, 'learning_rate': 0.07745516205843281, 'subsample': 0.6950075818145962, 'colsample_bytree': 0.7405154782554892, 'min_child_samples': 65, 'reg_alpha': 0.0007032410109968713, 'reg_lambda': 0.0013467843257158065}. Best is trial 2 with value: 0.08423567192708308.
[I 2026-06-01 11:03:04,089] Trial 16 finished with value: -0.07471505072022465 and parameters: {'confidence_threshold': 0.508316380624114, 'training_days': 500, 'n_estimators': 161, 'max_depth': 5, 'num_leaves': 41, 'learning_rate': 0.020399444773377802, 'subsample': 0.6096947556169788, 'colsample_bytree': 0.7032365187952039, 'min_child_samples': 30, 'reg_alpha': 0.7001099100155528, 'reg_lambda': 2.519997591443416e-06}. Best is trial 2 with value: 0.08423567192708308.
