[I 2026-06-01 11:07:59,051] Trial 7 finished with value: -0.1272906579816932 and parameters: {'confidence_threshold': 0.5259156281069316, 'training_days': 180, 'n_estimators': 102, 'max_depth': 5, 'num_leaves': 45, 'learning_rate': 0.030816017044468066, 'subsample': 0.5317791751430119, 'colsample_bytree': 0.6554911608578311, 'min_child_samples': 46, 'reg_alpha': 0.036851536911881845, 'reg_lambda': 0.005470376807480391}. Best is trial 6 with value: 0.040773992399034176.

    [trial 10] Sharpe=-10.0000 (folds: -10.0000, -10.0000, -10.0000, -10.0000, -10.0000)
    [trial 11] 46 features, training_days=370 | threshold=0.777 | labels: 996 long, 1175 short (46/54%)
    [trial 11] Sharpe=0.0978 (folds: 0.2013, 0.0437, 0.2101, -0.0150, 0.0492)
    [trial 12] 46 features, training_days=360 | threshold=0.802 | labels: 996 long, 1175 short (46/54%)
    [trial 12] Sharpe=0.0387 (folds: 0.1705, 0.0777, 0.1929, -0.2999, 0.0523)
    [trial 13] 46 features, training_days=210 | threshold=0.759 | labels: 996 long, 1175 short (46/54%)
    [trial 13] Sharpe=0.1036 (folds: 0.1952, -0.0278, 0.1692, 0.0253, 0.1563)
    [trial 14] 46 features, training_days=380 | threshold=0.772 | labels: 996 long, 1175 short (46/54%)
    [trial 14] Sharpe=0.0799 (folds: 0.2879, -0.0517, 0.1368, 0.0160, 0.0104)
    [trial 15] 46 features, training_days=170 | threshold=0.775 | labels: 996 long, 1175 short (46/54%)
    [trial 15] Sharpe=0.0275 (folds: 0.1595, 0.0538, 0.0804, -0.2707, 0.1145)
    [trial 16] 46 features, training_days=310 | threshold=0.850 | labels: 996 long, 1175 short (46/54%)
    [trial 16] Sharpe=0.1020 (folds: 0.1021, 0.2271, 0.1044, -0.0804, 0.1567)
    [trial 17] 46 features, training_days=270 | threshold=0.845 | labels: 996 long, 1175 short (46/54%)
    [trial 17] Sharpe=0.1780 (folds: 0.1678, 0.3147, 0.1570, 0.1425, 0.1079)
  Optuna: 18 trials, best Sharpe = 0.1780
  Best params: n_estimators=277, max_depth=4, lr=0.0144, leaves=63
  Best confidence_threshold: 0.845
  Best training_days: 270
  Retrained on full data (810 samples, 46 features)
  OOD: 16 features, cutoff (q=0.7) = 13.96
  Model trained for 2025-07: 93 test candles with features, confidence_threshold=0.761
[trade:close] 2025-07-02 08:00 DOTUSDT LONG → timeout @ 3.31 | PnL=-3.38% (net -3.48%) | cum=+88.41% 2025-07=-3.48% 2025-07-02=-3.48%
[predict] 2025-07-09 00:00 DOTUSDT → SHORT (proba=0.89 TP=8.5%/SL=4.2%)
[trade:open] 2025-07-09 07:59 DOTUSDT SHORT @ 3.48 | SL=3.63 TP=3.19 | timeout=2025-07-16 07:59
[trade:close] 2025-07-09 23:59 DOTUSDT SHORT → stop_loss @ 3.63 | PnL=-4.25% (net -4.35%) | cum=+84.06% 2025-07=-7.83% 2025-07-09=-4.35%
[predict] 2025-07-12 08:00 DOTUSDT → SHORT (proba=0.95 TP=13.9%/SL=6.9%)
[trade:open] 2025-07-12 15:59 DOTUSDT SHORT @ 3.82 | SL=4.09 TP=3.29 | timeout=2025-07-19 15:59
[trade:close] 2025-07-14 07:59 DOTUSDT SHORT → stop_loss @ 4.09 | PnL=-6.95% (net -7.05%) | cum=+77.02% 2025-07=-14.88% 2025-07-14=-7.05%
[predict] 2025-07-15 00:00 DOTUSDT → SHORT (proba=0.91 TP=14.1%/SL=7.0%)
[trade:open] 2025-07-15 07:59 DOTUSDT SHORT @ 3.86 | SL=4.14 TP=3.32 | timeout=2025-07-22 07:59
[trade:close] 2025-07-16 07:59 DOTUSDT SHORT → stop_loss @ 4.14 | PnL=-7.05% (net -7.15%) | cum=+69.87% 2025-07=-22.03% 2025-07-16=-7.15%
[predict] 2025-07-25 16:00 DOTUSDT → SHORT (proba=0.91 TP=16.9%/SL=8.5%)
[trade:open] 2025-07-25 23:59 DOTUSDT SHORT @ 4.09 | SL=4.43 TP=3.39 | timeout=2025-08-01 23:59
[lgbm] === Training for 2025-08 ===
  Train window: 2023-08-01 → 2025-07-24
  2171 training samples from 1 symbols
  Samples per month: 2023-08: 93, 2023-09: 90, 2023-10: 93, 2023-11: 90, 2023-12: 93, 2024-01: 93, 2024-02: 87, 2024-03: 93, 2024-04: 90, 2024-05: 93, 2024-06: 90, 2024-07: 93, 2024-08: 93, 2024-09: 90, 2024-10: 93, 2024-11: 90, 2024-12: 93, 2025-01: 93, 2025-02: 84, 2025-03: 93, 2025-04: 90, 2025-05: 93, 2025-06: 90, 2025-07: 71
  [label] 2023-10-01 16:00 DOTUSDT entry=4.2610 → SHORT | long=sl(-2.66%) short=tp(+5.01%) | scanned=3 | short_tp_only
  [label] 2023-10-04 00:00 DOTUSDT entry=4.0450 → SHORT | long=sl(-3.53%) short=tp(+6.76%) | scanned=16 | short_tp_only
  [label] 2023-10-07 16:00 DOTUSDT entry=4.0480 → SHORT | long=sl(-2.71%) short=tp(+5.12%) | scanned=5 | short_tp_only
  [label] 2023-11-01 08:00 DOTUSDT entry=4.3610 → LONG | long=tp(+11.57%) short=sl(-5.93%) | scanned=12 | long_tp_only
  [label] 2023-12-24 00:00 DOTUSDT entry=8.5940 → SHORT | long=timeout(-0.36%) short=sl(-8.71%) | scanned=22 | no_tp→fwd_return=-0.2560
  [label] 2024-06-07 00:00 DOTUSDT entry=7.1600 → SHORT | long=sl(-3.83%) short=tp(+7.36%) | scanned=2 | short_tp_only
  [label] 2024-06-11 00:00 DOTUSDT entry=6.3620 → SHORT | long=sl(-5.45%) short=sl(-5.45%) | scanned=11 | no_tp→fwd_return=-3.1751
  [label] 2024-06-21 16:00 DOTUSDT entry=5.6080 → LONG | long=tp(+12.97%) short=sl(-6.64%) | scanned=17 | long_tp_only
  [label] 2024-08-05 16:00 DOTUSDT entry=4.1950 → LONG | long=timeout(+9.17%) short=sl(-12.59%) | scanned=22 | no_tp→fwd_return=+9.2729
  [label] 2024-08-14 08:00 DOTUSDT entry=4.4390 → LONG | long=timeout(+2.36%) short=timeout(-2.56%) | scanned=22 | no_tp→fwd_return=+2.4555
  [label] 2024-11-12 16:00 DOTUSDT entry=5.3120 → LONG | long=sl(-10.68%) short=sl(-10.68%) | scanned=13 | no_tp→fwd_return=+6.7771
  [label] 2024-12-14 16:00 DOTUSDT entry=8.5500 → SHORT | long=sl(-11.13%) short=tp(+21.96%) | scanned=17 | short_tp_only
  [label] 2024-12-31 00:00 DOTUSDT entry=6.6050 → LONG | long=tp(+15.69%) short=sl(-8.00%) | scanned=10 | long_tp_only
  [label] 2025-01-12 16:00 DOTUSDT entry=6.6290 → LONG | long=sl(-7.01%) short=sl(-7.01%) | scanned=9 | no_tp→fwd_return=+8.0253
  [label] 2025-01-31 00:00 DOTUSDT entry=6.2110 → SHORT | long=sl(-7.68%) short=tp(+15.07%) | scanned=8 | short_tp_only
  [label] 2025-02-06 08:00 DOTUSDT entry=4.5290 → LONG | long=timeout(+13.83%) short=sl(-13.35%) | scanned=22 | no_tp→fwd_return=+13.9324
  [label] 2025-02-18 16:00 DOTUSDT entry=4.7660 → SHORT | long=sl(-7.32%) short=sl(-7.32%) | scanned=18 | no_tp→fwd_return=-7.4276
  [label] 2025-03-30 08:00 DOTUSDT entry=4.0600 → SHORT | long=timeout(-4.29%) short=timeout(+4.09%) | scanned=22 | no_tp→fwd_return=-4.1872
  [label] 2025-04-09 00:00 DOTUSDT entry=3.4770 → LONG | long=timeout(+1.02%) short=sl(-9.66%) | scanned=22 | no_tp→fwd_return=+1.1217
  [label] 2025-07-04 08:00 DOTUSDT entry=3.3500 → LONG | long=tp(+11.64%) short=sl(-5.97%) | scanned=19 | long_tp_only
  Labels: 1021 long (47.0%), 1150 short (53.0%) | weights: min=1.00, mean=3.34, max=10.00
  Features: 2171/2171 matched, 46 columns
  CV gap: 22 rows
  [ensemble 1/3] seed=42
    [trial 0] 46 features, training_days=480 | threshold=0.631 | labels: 1021 long, 1150 short (47/53%)
    [CV fold 0] train_end=2023-11-23 08:00 | val_start=2023-12-01 00:00 | gap=184h (22 rows)
    [CV fold 1] train_end=2024-03-22 16:00 | val_start=2024-03-30 08:00 | gap=184h (22 rows)
    [CV fold 2] train_end=2024-07-21 00:00 | val_start=2024-07-28 16:00 | gap=184h (22 rows)
    [CV fold 3] train_end=2024-11-18 08:00 | val_start=2024-11-26 00:00 | gap=184h (22 rows)
    [CV fold 4] train_end=2025-03-18 16:00 | val_start=2025-03-26 08:00 | gap=184h (22 rows)
    [trial 0] Sharpe=0.0057 (folds: 0.0975, -0.1891, 0.0809, 0.0685, -0.0294)
    [trial 1] 46 features, training_days=420 | threshold=0.839 | labels: 1021 long, 1150 short (47/53%)
    [trial 1] Sharpe=-5.9387 (folds: -10.0000, 0.2333, 0.0732, -10.0000, -10.0000)
    [trial 2] 46 features, training_days=190 | threshold=0.602 | labels: 1021 long, 1150 short (47/53%)
    [trial 2] Sharpe=-0.0678 (folds: 0.0299, -0.2627, 0.0055, -0.1859, 0.0743)
    [trial 3] 46 features, training_days=490 | threshold=0.832 | labels: 1021 long, 1150 short (47/53%)
    [trial 3] Sharpe=-0.0137 (folds: 0.0055, -0.1156, 0.2533, 0.1056, -0.3175)
    [trial 4] 46 features, training_days=340 | threshold=0.591 | labels: 1021 long, 1150 short (47/53%)
    [trial 4] Sharpe=0.0169 (folds: 0.0188, -0.1246, 0.0542, -0.0419, 0.1779)
    [trial 5] 46 features, training_days=50 | threshold=0.823 | labels: 1021 long, 1150 short (47/53%)
    [trial 5] Sharpe=-0.1067 (folds: -0.1032, -0.2649, 0.0032, 0.3325, -0.5010)
    [trial 6] 46 features, training_days=410 | threshold=0.549 | labels: 1021 long, 1150 short (47/53%)
    [trial 6] Sharpe=0.0408 (folds: 0.0954, -0.1822, 0.0539, 0.1681, 0.0687)
    [trial 7] 46 features, training_days=180 | threshold=0.526 | labels: 1021 long, 1150 short (47/53%)
    [trial 7] Sharpe=-0.1273 (folds: 0.0034, -0.2517, -0.0519, -0.2229, -0.1134)
    [trial 8] 46 features, training_days=240 | threshold=0.811 | labels: 1021 long, 1150 short (47/53%)[I 2026-06-01 11:07:59,152] Trial 8 finished with value: -0.03569296026454075 and parameters: {'confidence_threshold': 0.8105244599017143, 'training_days': 240, 'n_estimators': 103, 'max_depth': 5, 'num_leaves': 52, 'learning_rate': 0.06746437142284309, 'subsample': 0.8854835899772805, 'colsample_bytree': 0.7468977981821954, 'min_child_samples': 62, 'reg_alpha': 7.04480806377519e-05, 'reg_lambda': 1.6934490731313353e-08}. Best is trial 6 with value: 0.040773992399034176.
[I 2026-06-01 11:07:59,175] Trial 9 finished with value: -0.08833872293423242 and parameters: {'confidence_threshold': 0.5377619994476566, 'training_days': 20, 'n_estimators': 337, 'max_depth': 3, 'num_leaves': 39, 'learning_rate': 0.21907142272152816, 'subsample': 0.6246461145744375, 'colsample_bytree': 0.7051914615178149, 'min_child_samples': 81, 'reg_alpha': 1.1459970229341322e-06, 'reg_lambda': 4.929685216887945e-08}. Best is trial 6 with value: 0.040773992399034176.
[I 2026-06-01 11:07:59,842] Trial 10 finished with value: 0.016362011620112225 and parameters: {'confidence_threshold': 0.7378545837642324, 'training_days': 350, 'n_estimators': 487, 'max_depth': 5, 'num_leaves': 62, 'learning_rate': 0.011407797829608154, 'subsample': 0.628963476300746, 'colsample_bytree': 0.8340915966600303, 'min_child_samples': 27, 'reg_alpha': 8.536188349289, 'reg_lambda': 8.145051292774586}. Best is trial 6 with value: 0.040773992399034176.
[I 2026-06-01 11:08:00,046] Trial 11 finished with value: 0.04274123393341862 and parameters: {'confidence_threshold': 0.5868432171372693, 'training_days': 360, 'n_estimators': 227, 'max_depth': 4, 'num_leaves': 53, 'learning_rate': 0.010391584450418287, 'subsample': 0.9931345598701656, 'colsample_bytree': 0.8291852193868787, 'min_child_samples': 98, 'reg_alpha': 2.5735961046969034, 'reg_lambda': 0.03049385913476132}. Best is trial 11 with value: 0.04274123393341862.
[I 2026-06-01 11:08:00,261] Trial 12 finished with value: -0.07929202950117518 and parameters: {'confidence_threshold': 0.6704220886973357, 'training_days': 340, 'n_estimators': 268, 'max_depth': 4, 'num_leaves': 55, 'learning_rate': 0.010344332245336978, 'subsample': 0.9914568841699956, 'colsample_bytree': 0.9958196332168744, 'min_child_samples': 100, 'reg_alpha': 0.4503546459456564, 'reg_lambda': 0.0870823485526129}. Best is trial 11 with value: 0.04274123393341862.
[I 2026-06-01 11:08:00,349] Trial 13 finished with value: 0.04976126972806748 and parameters: {'confidence_threshold': 0.5106800669909268, 'training_days': 400, 'n_estimators': 62, 'max_depth': 4, 'num_leaves': 52, 'learning_rate': 0.018044904132800254, 'subsample': 0.8815229546277541, 'colsample_bytree': 0.8155421717694826, 'min_child_samples': 85, 'reg_alpha': 0.0010695159048720376, 'reg_lambda': 2.915487126448182e-05}. Best is trial 13 with value: 0.04976126972806748.
[I 2026-06-01 11:08:00,487] Trial 14 finished with value: 0.020539397232176446 and parameters: {'confidence_threshold': 0.5171124787737531, 'training_days': 270, 'n_estimators': 170, 'max_depth': 4, 'num_leaves': 61, 'learning_rate': 0.010577122380052068, 'subsample': 0.900732918233451, 'colsample_bytree': 0.8195967935745504, 'min_child_samples': 88, 'reg_alpha': 0.00028787090145616, 'reg_lambda': 9.356335420385367e-06}. Best is trial 13 with value: 0.04976126972806748.
[I 2026-06-01 11:08:00,565] Trial 15 finished with value: 0.015563682660679696 and parameters: {'confidence_threshold': 0.5871305305538381, 'training_days': 410, 'n_estimators': 51, 'max_depth': 4, 'num_leaves': 47, 'learning_rate': 0.01626618175957365, 'subsample': 0.9038721495270811, 'colsample_bytree': 0.8100744538922787, 'min_child_samples': 89, 'reg_alpha': 1.811184905818206e-05, 'reg_lambda': 2.3965222446622546e-05}. Best is trial 13 with value: 0.04976126972806748.
[I 2026-06-01 11:08:00,714] Trial 16 finished with value: -0.0032857482239050605 and parameters: {'confidence_threshold': 0.6573653644317714, 'training_days': 270, 'n_estimators': 220, 'max_depth': 4, 'num_leaves': 36, 'learning_rate': 0.1156319239146381, 'subsample': 0.8649514202852935, 'colsample_bytree': 0.632035183231185, 'min_child_samples': 81, 'reg_alpha': 0.0007266015408171777, 'reg_lambda': 2.7197183465309747e-06}. Best is trial 13 with value: 0.04976126972806748.
[I 2026-06-01 11:08:00,792] Trial 17 finished with value: -2.1536842369949785 and parameters: {'confidence_threshold': 0.7296153420475378, 'training_days': 110, 'n_estimators': 219, 'max_depth': 4, 'num_leaves': 57, 'learning_rate': 0.025035613959250972, 'subsample': 0.9566358559383534, 'colsample_bytree': 0.7861983638172064, 'min_child_samples': 92, 'reg_alpha': 9.518148413401418, 'reg_lambda': 0.00011922476690721606}. Best is trial 13 with value: 0.04976126972806748.
[I 2026-06-01 11:08:01,192] A new study created in memory with name: no-name-5123c5f9-bd98-4332-9e67-3028aed84abb
[I 2026-06-01 11:08:01,287] Trial 0 finished with value: -0.15263615503677846 and parameters: {'confidence_threshold': 0.7437642149592516, 'training_days': 150, 'n_estimators': 152, 'max_depth': 4, 'num_leaves': 50, 'learning_rate': 0.04216766425047743, 'subsample': 0.9903820991923078, 'colsample_bytree': 0.8424148692924316, 'min_child_samples': 58, 'reg_alpha': 3.381097259762742e-05, 'reg_lambda': 1.2263152961306247e-05}. Best is trial 0 with value: -0.15263615503677846.
[I 2026-06-01 11:08:01,353] Trial 1 finished with value: -6.05556231935345 and parameters: {'confidence_threshold': 0.7551673975844145, 'training_days': 220, 'n_estimators': 76, 'max_depth': 4, 'num_leaves': 51, 'learning_rate': 0.018602118810743477, 'subsample': 0.5877258780737462, 'colsample_bytree': 0.7657756869209191, 'min_child_samples': 63, 'reg_alpha': 0.005123994170264194, 'reg_lambda': 0.44145470178120466}. Best is trial 0 with value: -0.15263615503677846.
[I 2026-06-01 11:08:01,619] Trial 2 finished with value: -0.032978212511645996 and parameters: {'confidence_threshold': 0.7535593637012223, 'training_days': 310, 'n_estimators': 375, 'max_depth': 3, 'num_leaves': 32, 'learning_rate': 0.021735641882032388, 'subsample': 0.6468570231944146, 'colsample_bytree': 0.8154880619272439, 'min_child_samples': 27, 'reg_alpha': 8.004064028491336e-05, 'reg_lambda': 7.546835261630524e-05}. Best is trial 2 with value: -0.032978212511645996.
[I 2026-06-01 11:08:01,801] Trial 3 finished with value: -0.019193576428555847 and parameters: {'confidence_threshold': 0.6727897841776072, 'training_days': 220, 'n_estimators': 190, 'max_depth': 4, 'num_leaves': 58, 'learning_rate': 0.24810689332636193, 'subsample': 0.7509183379421682, 'colsample_bytree': 0.8119764758960556, 'min_child_samples': 29, 'reg_alpha': 7.1708285081421445e-06, 'reg_lambda': 5.412973582738627e-05}. Best is trial 3 with value: -0.019193576428555847.
[I 2026-06-01 11:08:01,916] Trial 4 finished with value: -0.02785246433233487 and parameters: {'confidence_threshold': 0.803208205259178, 'training_days': 130, 'n_estimators': 267, 'max_depth': 5, 'num_leaves': 40, 'learning_rate': 0.08041175317374143, 'subsample': 0.5603143329951619, 'colsample_bytree': 0.9131704002534167, 'min_child_samples': 68, 'reg_alpha': 0.0008046593428183385, 'reg_lambda': 1.2158346158765583e-05}. Best is trial 3 with value: -0.019193576428555847.
[I 2026-06-01 11:08:02,139] Trial 5 finished with value: -0.01914934226373653 and parameters: {'confidence_threshold': 0.6064422761595144, 'training_days': 210, 'n_estimators': 357, 'max_depth': 5, 'num_leaves': 40, 'learning_rate': 0.0974221287220869, 'subsample': 0.7929682762811064, 'colsample_bytree': 0.8124517510478, 'min_child_samples': 74, 'reg_alpha': 0.3811377260781234, 'reg_lambda': 5.607314238392041e-08}. Best is trial 5 with value: -0.01914934226373653.
[I 2026-06-01 11:08:02,248] Trial 6 finished with value: -0.054949675979469405 and parameters: {'confidence_threshold': 0.7672889945051684, 'training_days': 130, 'n_estimators': 137, 'max_depth': 4, 'num_leaves': 19, 'learning_rate': 0.2031117614248665, 'subsample': 0.8136244860256343, 'colsample_bytree': 0.8617081790949774, 'min_child_samples': 21, 'reg_alpha': 0.002238138278733199, 'reg_lambda': 0.001025809534977322}. Best is trial 5 with value: -0.01914934226373653.
[I 2026-06-01 11:08:02,320] Trial 7 finished with value: -0.16318031546596057 and parameters: {'confidence_threshold': 0.555635875450653, 'training_days': 80, 'n_estimators': 363, 'max_depth': 3, 'num_leaves': 48, 'learning_rate': 0.06590089024008658, 'subsample': 0.6944752870615722, 'colsample_bytree': 0.962566244806993, 'min_child_samples': 88, 'reg_alpha': 1.6465620446426067e-05, 'reg_lambda': 2.4678750890085655e-08}. Best is trial 5 with value: -0.01914934226373653.
[I 2026-06-01 11:08:02,644] Trial 8 finished with value: -0.02458727778664626 and parameters: {'confidence_threshold': 0.6066688256938841, 'training_days': 200, 'n_estimators': 367, 'max_depth': 5, 'num_leaves': 32, 'learning_rate': 0.13377519215934996, 'subsample': 0.7965884582811106, 'colsample_bytree': 0.8458508993500886, 'min_child_samples': 32, 'reg_alpha': 3.889436043816386e-05, 'reg_lambda': 1.4713062489380356e-06}. Best is trial 5 with value: -0.01914934226373653.
[I 2026-06-01 11:08:02,872] Trial 9 finished with value: -0.013083867181815778 and parameters: {'confidence_threshold': 0.6202096049169137, 'training_days': 260, 'n_estimators': 350, 'max_depth': 3, 'num_leaves': 21, 'learning_rate': 0.02989540198065364, 'subsample': 0.8307821683331218, 'colsample_bytree': 0.923253112635361, 'min_child_samples': 64, 'reg_alpha': 0.4898604619604203, 'reg_lambda': 2.9076377687066166e-05}. Best is trial 9 with value: -0.013083867181815778.
[I 2026-06-01 11:08:03,200] Trial 10 finished with value: 0.002900722608038846 and parameters: {'confidence_threshold': 0.5342665212695602, 'training_days': 470, 'n_estimators': 493, 'max_depth': 3, 'num_leaves': 17, 'learning_rate': 0.010221918552934462, 'subsample': 0.9317514110288623, 'colsample_bytree': 0.6202684210924141, 'min_child_samples': 47, 'reg_alpha': 2.371385268938747e-08, 'reg_lambda': 0.010291221835057122}. Best is trial 10 with value: 0.002900722608038846.
[I 2026-06-01 11:08:03,534] Trial 11 finished with value: -0.015224973215367785 and parameters: {'confidence_threshold': 0.5053494267891926, 'training_days': 500, 'n_estimators': 493, 'max_depth': 3, 'num_leaves': 18, 'learning_rate': 0.010535067237031154, 'subsample': 0.933879905812802, 'colsample_bytree': 0.6012148974081734, 'min_child_samples': 47, 'reg_alpha': 1.0529589035799712e-08, 'reg_lambda': 0.013871773681252968}. Best is trial 10 with value: 0.002900722608038846.
[I 2026-06-01 11:08:03,856] Trial 12 finished with value: -0.012731420572696429 and parameters: {'confidence_threshold': 0.6439675088049779, 'training_days': 360, 'n_estimators': 498, 'max_depth': 3, 'num_leaves': 15, 'learning_rate': 0.01028303743746807, 'subsample': 0.8941395335595879, 'colsample_bytree': 0.5773925919454104, 'min_child_samples': 45, 'reg_alpha': 6.210448045058425, 'reg_lambda': 0.011523852754099638}. Best is trial 10 with value: 0.002900722608038846.
[I 2026-06-01 11:08:04,159] Trial 13 finished with value: 0.016752943363036697 and parameters: {'confidence_threshold': 0.5017385802421673, 'training_days': 430, 'n_estimators': 475, 'max_depth': 3, 'num_leaves': 26, 'learning_rate': 0.010533478929525117, 'subsample': 0.8949488041041422, 'colsample_bytree': 0.5792216193437131, 'min_child_samples': 44, 'reg_alpha': 1.2418618155563554e-08, 'reg_lambda': 2.232283043496008}. Best is trial 13 with value: 0.016752943363036697.
[I 2026-06-01 11:08:04,461] Trial 14 finished with value: -0.03530752802933283 and parameters: {'confidence_threshold': 0.5166805703527768, 'training_days': 490, 'n_estimators': 442, 'max_depth': 3, 'num_leaves': 27, 'learning_rate': 0.01645102485501106, 'subsample': 0.9006114764270039, 'colsample_bytree': 0.5031712152709302, 'min_child_samples': 44, 'reg_alpha': 1.0008403637244921e-08, 'reg_lambda': 2.4822950411581433}. Best is trial 13 with value: 0.016752943363036697.
[I 2026-06-01 11:08:04,775] Trial 15 finished with value: -0.02680026095707135 and parameters: {'confidence_threshold': 0.5594778135414787, 'training_days': 420, 'n_estimators': 436, 'max_depth': 4, 'num_leaves': 24, 'learning_rate': 0.037392478764815176, 'subsample': 0.9879008999711921, 'colsample_bytree': 0.6609898839281111, 'min_child_samples': 100, 'reg_alpha': 3.243594409221159e-07, 'reg_lambda': 7.580064845492157}. Best is trial 13 with value: 0.016752943363036697.
[I 2026-06-01 11:08:04,978] Trial 16 finished with value: 0.01147058146699649 and parameters: {'confidence_threshold': 0.5493946169375002, 'training_days': 410, 'n_estimators': 279, 'max_depth': 3, 'num_leaves': 30, 'learning_rate': 0.0142468201984381, 'subsample': 0.8609201366625865, 'colsample_bytree': 0.6827002431360678, 'min_child_samples': 52, 'reg_alpha': 4.346939460499519e-07, 'reg_lambda': 0.037051517973075626}. Best is trial 13 with value: 0.016752943363036697.
