[I 2026-06-01 11:03:46,537] Trial 3 finished with value: -0.16795838184073625 and parameters: {'confidence_threshold': 0.6727897841776072, 'training_days': 220, 'n_estimators': 190, 'max_depth': 4, 'num_leaves': 58, 'learning_rate': 0.24810689332636193, 'subsample': 0.7509183379421682, 'colsample_bytree': 0.8119764758960556, 'min_child_samples': 29, 'reg_alpha': 7.1708285081421445e-06, 'reg_lambda': 5.412973582738627e-05}. Best is trial 0 with value: -0.12983595694626912.

  [label] 2021-11-01 16:00 DOTUSDT entry=50.0370 → LONG | long=timeout(+6.67%) short=sl(-7.85%) | scanned=22 | no_tp→fwd_return=+6.7690
  [label] 2021-11-03 16:00 DOTUSDT entry=53.4060 → SHORT | long=sl(-8.58%) short=tp(+16.86%) | scanned=21 | short_tp_only
  [label] 2021-11-07 16:00 DOTUSDT entry=52.2670 → SHORT | long=sl(-6.79%) short=tp(+13.29%) | scanned=9 | short_tp_only
  [label] 2021-12-02 08:00 DOTUSDT entry=36.1200 → SHORT | long=sl(-9.02%) short=tp(+17.73%) | scanned=5 | short_tp_only
  [label] 2022-01-23 16:00 DOTUSDT entry=18.7910 → SHORT | long=sl(-15.43%) short=timeout(+3.48%) | scanned=22 | no_tp→fwd_return=-3.5815
  [label] 2022-07-08 16:00 DOTUSDT entry=7.0320 → SHORT | long=sl(-6.89%) short=tp(+13.47%) | scanned=14 | short_tp_only
  [label] 2022-07-12 16:00 DOTUSDT entry=6.2740 → LONG | long=tp(+14.39%) short=sl(-7.34%) | scanned=12 | long_tp_only
  [label] 2022-07-23 08:00 DOTUSDT entry=7.2440 → LONG | long=sl(-8.40%) short=sl(-8.40%) | scanned=14 | no_tp→fwd_return=+4.4174
  [label] 2022-09-06 08:00 DOTUSDT entry=7.5700 → SHORT | long=sl(-5.49%) short=tp(+10.68%) | scanned=2 | short_tp_only
  [label] 2022-09-14 16:00 DOTUSDT entry=7.2030 → SHORT | long=sl(-7.00%) short=tp(+13.71%) | scanned=13 | short_tp_only
  [label] 2022-12-14 00:00 DOTUSDT entry=5.2920 → SHORT | long=sl(-3.86%) short=tp(+7.42%) | scanned=8 | short_tp_only
  [label] 2023-01-15 00:00 DOTUSDT entry=5.8740 → LONG | long=timeout(+6.42%) short=sl(-7.91%) | scanned=22 | no_tp→fwd_return=+6.5203
  [label] 2023-01-31 00:00 DOTUSDT entry=6.2510 → LONG | long=tp(+12.52%) short=sl(-6.41%) | scanned=10 | long_tp_only
  [label] 2023-02-12 16:00 DOTUSDT entry=6.1750 → LONG | long=tp(+11.69%) short=sl(-5.99%) | scanned=15 | long_tp_only
  [label] 2023-03-03 08:00 DOTUSDT entry=6.0410 → SHORT | long=sl(-6.18%) short=tp(+12.06%) | scanned=19 | short_tp_only
  [label] 2023-03-09 16:00 DOTUSDT entry=5.3800 → LONG | long=tp(+14.46%) short=sl(-7.38%) | scanned=13 | long_tp_only
  [label] 2023-03-22 00:00 DOTUSDT entry=6.3030 → SHORT | long=sl(-6.92%) short=timeout(+1.19%) | scanned=22 | no_tp→fwd_return=-1.2851
  [label] 2023-04-30 08:00 DOTUSDT entry=6.0290 → SHORT | long=sl(-4.40%) short=timeout(+5.94%) | scanned=22 | no_tp→fwd_return=-6.0375
  [label] 2023-05-10 08:00 DOTUSDT entry=5.4810 → SHORT | long=sl(-4.38%) short=timeout(+4.01%) | scanned=22 | no_tp→fwd_return=-4.1051
  [label] 2023-08-04 08:00 DOTUSDT entry=5.0230 → SHORT | long=sl(-3.41%) short=timeout(+0.98%) | scanned=22 | no_tp→fwd_return=-1.0751
  Labels: 931 long (42.9%), 1237 short (57.1%) | weights: min=1.00, mean=2.88, max=10.00
  Features: 2168/2168 matched, 46 columns
  CV gap: 22 rows
  [ensemble 1/3] seed=42
    [trial 0] 46 features, training_days=480 | threshold=0.631 | labels: 931 long, 1237 short (43/57%)
    [CV fold 0] train_end=2021-12-23 08:00 | val_start=2021-12-31 00:00 | gap=184h (22 rows)
    [CV fold 1] train_end=2022-04-22 16:00 | val_start=2022-04-30 08:00 | gap=184h (22 rows)
    [CV fold 2] train_end=2022-08-21 00:00 | val_start=2022-08-28 16:00 | gap=184h (22 rows)
    [CV fold 3] train_end=2022-12-19 08:00 | val_start=2022-12-27 00:00 | gap=184h (22 rows)
    [CV fold 4] train_end=2023-04-18 16:00 | val_start=2023-04-26 08:00 | gap=184h (22 rows)
    [trial 0] Sharpe=-0.2359 (folds: -0.2901, -0.4337, -0.2764, 0.0080, -0.1873)
    [trial 1] 46 features, training_days=420 | threshold=0.839 | labels: 931 long, 1237 short (43/57%)
    [trial 1] Sharpe=-6.0867 (folds: -0.1514, -0.2822, -10.0000, -10.0000, -10.0000)
    [trial 2] 46 features, training_days=190 | threshold=0.602 | labels: 931 long, 1237 short (43/57%)
    [trial 2] Sharpe=-0.1997 (folds: -0.2767, -0.4160, -0.0516, -0.0794, -0.1749)
    [trial 3] 46 features, training_days=490 | threshold=0.832 | labels: 931 long, 1237 short (43/57%)
    [trial 3] Sharpe=-0.2155 (folds: -0.2682, -0.4716, -0.2070, -0.0114, -0.1195)
    [trial 4] 46 features, training_days=340 | threshold=0.591 | labels: 931 long, 1237 short (43/57%)
    [trial 4] Sharpe=-0.1948 (folds: -0.3108, -0.4954, -0.2388, 0.0383, 0.0329)
    [trial 5] 46 features, training_days=50 | threshold=0.823 | labels: 931 long, 1237 short (43/57%)
    [trial 5] Sharpe=-2.3308 (folds: -0.1936, -1.0840, -10.0000, -0.2590, -0.1173)
    [trial 6] 46 features, training_days=410 | threshold=0.549 | labels: 931 long, 1237 short (43/57%)
    [trial 6] Sharpe=-0.2053 (folds: -0.3104, -0.4429, -0.2328, -0.0328, -0.0075)
    [trial 7] 46 features, training_days=180 | threshold=0.526 | labels: 931 long, 1237 short (43/57%)
    [trial 7] Sharpe=-0.1783 (folds: -0.2421, -0.3189, -0.1180, -0.0806, -0.1320)
    [trial 8] 46 features, training_days=240 | threshold=0.811 | labels: 931 long, 1237 short (43/57%)
    [trial 8] Sharpe=-0.2674 (folds: -0.2829, -0.6152, -0.3751, -0.1042, 0.0403)
    [trial 9] 46 features, training_days=20 | threshold=0.538 | labels: 931 long, 1237 short (43/57%)
    [trial 9] Sharpe=-2.0335 (folds: -0.1092, -10.0000, 0.2503, -0.0767, -0.2319)
    [trial 10] 46 features, training_days=140 | threshold=0.680 | labels: 931 long, 1237 short (43/57%)
    [trial 10] Sharpe=-0.1313 (folds: -0.1820, -0.1926, -0.0588, -0.0137, -0.2095)
    [trial 11] 46 features, training_days=150 | threshold=0.716 | labels: 931 long, 1237 short (43/57%)
    [trial 11] Sharpe=-0.1436 (folds: -0.1956, -0.2392, -0.0728, -0.0774, -0.1329)
    [trial 12] 46 features, training_days=100 | threshold=0.732 | labels: 931 long, 1237 short (43/57%)
    [trial 12] Sharpe=-0.2248 (folds: -0.1969, -0.6902, -0.0375, -0.0914, -0.1081)
    [trial 13] 46 features, training_days=130 | threshold=0.714 | labels: 931 long, 1237 short (43/57%)
    [trial 13] Sharpe=-0.1125 (folds: -0.1700, -0.1861, -0.0360, 0.0033, -0.1739)
    [trial 14] 46 features, training_days=280 | threshold=0.678 | labels: 931 long, 1237 short (43/57%)
    [trial 14] Sharpe=-0.3102 (folds: -0.1790, -0.3810, -0.6209, -0.0577, -0.3125)
    [trial 15] 46 features, training_days=100 | threshold=0.753 | labels: 931 long, 1237 short (43/57%)
    [trial 15] Sharpe=-0.1621 (folds: -0.2272, -0.4390, -0.0028, -0.0448, -0.0965)
    [trial 16] 46 features, training_days=110 | threshold=0.671 | labels: 931 long, 1237 short (43/57%)
    [trial 16] Sharpe=-0.1134 (folds: -0.1235, -0.2394, 0.0025, -0.0743, -0.1323)
    [trial 17] 46 features, training_days=250 | threshold=0.778 | labels: 931 long, 1237 short (43/57%)
    [trial 17] Sharpe=-0.2699 (folds: -0.1915, -0.3405, -0.7725, -0.1147, 0.0696)
  Optuna: 18 trials, best Sharpe = -0.1125
  Best params: n_estimators=500, max_depth=5, lr=0.0105, leaves=62
  Best confidence_threshold: 0.714
  Best training_days: 130
  Retrained on full data (390 samples, 46 features)
  [ensemble 2/3] seed=123
    [trial 0] 46 features, training_days=150 | threshold=0.744 | labels: 931 long, 1237 short (43/57%)
    [CV fold 0] train_end=2021-12-23 08:00 | val_start=2021-12-31 00:00 | gap=184h (22 rows)
    [CV fold 1] train_end=2022-04-22 16:00 | val_start=2022-04-30 08:00 | gap=184h (22 rows)
    [CV fold 2] train_end=2022-08-21 00:00 | val_start=2022-08-28 16:00 | gap=184h (22 rows)
    [CV fold 3] train_end=2022-12-19 08:00 | val_start=2022-12-27 00:00 | gap=184h (22 rows)
    [CV fold 4] train_end=2023-04-18 16:00 | val_start=2023-04-26 08:00 | gap=184h (22 rows)
    [trial 0] Sharpe=-0.1298 (folds: -0.2402, -0.1789, -0.0920, -0.1707, 0.0325)
    [trial 1] 46 features, training_days=220 | threshold=0.755 | labels: 931 long, 1237 short (43/57%)
    [trial 1] Sharpe=-4.1413 (folds: -0.1177, -0.4205, -10.0000, -0.1681, -10.0000)
    [trial 2] 46 features, training_days=310 | threshold=0.754 | labels: 931 long, 1237 short (43/57%)
    [trial 2] Sharpe=-0.2834 (folds: -0.1652, -0.3879, -0.4360, -0.0769, -0.3509)
    [trial 3] 46 features, training_days=220 | threshold=0.673 | labels: 931 long, 1237 short (43/57%)
    [trial 3] Sharpe=-0.1680 (folds: -0.2242, -0.4435, -0.0492, -0.0028, -0.1200)
    [trial 4] 46 features, training_days=130 | threshold=0.803 | labels: 931 long, 1237 short (43/57%)
    [trial 4] Sharpe=-0.1063 (folds: -0.2336, -0.2122, 0.0449, 0.0160, -0.1466)[I 2026-06-01 11:03:46,655] Trial 4 finished with value: -0.10631790731313498 and parameters: {'confidence_threshold': 0.803208205259178, 'training_days': 130, 'n_estimators': 267, 'max_depth': 5, 'num_leaves': 40, 'learning_rate': 0.08041175317374143, 'subsample': 0.5603143329951619, 'colsample_bytree': 0.9131704002534167, 'min_child_samples': 68, 'reg_alpha': 0.0008046593428183385, 'reg_lambda': 1.2158346158765583e-05}. Best is trial 4 with value: -0.10631790731313498.
[I 2026-06-01 11:03:46,886] Trial 5 finished with value: -0.1805711200521552 and parameters: {'confidence_threshold': 0.6064422761595144, 'training_days': 210, 'n_estimators': 357, 'max_depth': 5, 'num_leaves': 40, 'learning_rate': 0.0974221287220869, 'subsample': 0.7929682762811064, 'colsample_bytree': 0.8124517510478, 'min_child_samples': 74, 'reg_alpha': 0.3811377260781234, 'reg_lambda': 5.607314238392041e-08}. Best is trial 4 with value: -0.10631790731313498.
[I 2026-06-01 11:03:46,999] Trial 6 finished with value: -0.09046075603349411 and parameters: {'confidence_threshold': 0.7672889945051684, 'training_days': 130, 'n_estimators': 137, 'max_depth': 4, 'num_leaves': 19, 'learning_rate': 0.2031117614248665, 'subsample': 0.8136244860256343, 'colsample_bytree': 0.8617081790949774, 'min_child_samples': 21, 'reg_alpha': 0.002238138278733199, 'reg_lambda': 0.001025809534977322}. Best is trial 6 with value: -0.09046075603349411.
[I 2026-06-01 11:03:47,082] Trial 7 finished with value: -0.1481369834682458 and parameters: {'confidence_threshold': 0.555635875450653, 'training_days': 80, 'n_estimators': 363, 'max_depth': 3, 'num_leaves': 48, 'learning_rate': 0.06590089024008658, 'subsample': 0.6944752870615722, 'colsample_bytree': 0.962566244806993, 'min_child_samples': 88, 'reg_alpha': 1.6465620446426067e-05, 'reg_lambda': 2.4678750890085655e-08}. Best is trial 6 with value: -0.09046075603349411.
[I 2026-06-01 11:03:47,426] Trial 8 finished with value: -0.12073416239652653 and parameters: {'confidence_threshold': 0.6066688256938841, 'training_days': 200, 'n_estimators': 367, 'max_depth': 5, 'num_leaves': 32, 'learning_rate': 0.13377519215934996, 'subsample': 0.7965884582811106, 'colsample_bytree': 0.8458508993500886, 'min_child_samples': 32, 'reg_alpha': 3.889436043816386e-05, 'reg_lambda': 1.4713062489380356e-06}. Best is trial 6 with value: -0.09046075603349411.
[I 2026-06-01 11:03:47,647] Trial 9 finished with value: -0.24843349549311494 and parameters: {'confidence_threshold': 0.6202096049169137, 'training_days': 260, 'n_estimators': 350, 'max_depth': 3, 'num_leaves': 21, 'learning_rate': 0.02989540198065364, 'subsample': 0.8307821683331218, 'colsample_bytree': 0.923253112635361, 'min_child_samples': 64, 'reg_alpha': 0.4898604619604203, 'reg_lambda': 2.9076377687066166e-05}. Best is trial 6 with value: -0.09046075603349411.
[I 2026-06-01 11:03:48,052] Trial 10 finished with value: -2.177470039771497 and parameters: {'confidence_threshold': 0.8445241688507242, 'training_days': 470, 'n_estimators': 493, 'max_depth': 4, 'num_leaves': 17, 'learning_rate': 0.010221918552934462, 'subsample': 0.925262810706551, 'colsample_bytree': 0.6202684210924141, 'min_child_samples': 46, 'reg_alpha': 2.3451009125120672e-08, 'reg_lambda': 0.08638692467458545}. Best is trial 6 with value: -0.09046075603349411.
[I 2026-06-01 11:03:48,081] Trial 11 finished with value: -5.965276493446796 and parameters: {'confidence_threshold': 0.8371297552840329, 'training_days': 20, 'n_estimators': 255, 'max_depth': 5, 'num_leaves': 26, 'learning_rate': 0.28413636543342474, 'subsample': 0.5082312939353781, 'colsample_bytree': 0.6612241103206169, 'min_child_samples': 98, 'reg_alpha': 0.005164207989991991, 'reg_lambda': 0.007364523359426745}. Best is trial 6 with value: -0.09046075603349411.
[I 2026-06-01 11:03:48,131] Trial 12 finished with value: -0.13713333084599866 and parameters: {'confidence_threshold': 0.7984420943377982, 'training_days': 120, 'n_estimators': 51, 'max_depth': 5, 'num_leaves': 39, 'learning_rate': 0.14432248911623202, 'subsample': 0.8802519325340237, 'colsample_bytree': 0.5201164353688423, 'min_child_samples': 46, 'reg_alpha': 0.006937120291127141, 'reg_lambda': 0.00393268821840331}. Best is trial 6 with value: -0.09046075603349411.
[I 2026-06-01 11:03:48,156] Trial 13 finished with value: 0.10655682560958198 and parameters: {'confidence_threshold': 0.7187885649615134, 'training_days': 10, 'n_estimators': 161, 'max_depth': 4, 'num_leaves': 39, 'learning_rate': 0.07642607080001533, 'subsample': 0.5024707401359401, 'colsample_bytree': 0.9141095054883511, 'min_child_samples': 77, 'reg_alpha': 8.23820059434164e-07, 'reg_lambda': 0.0012430304960061548}. Best is trial 13 with value: 0.10655682560958198.
[I 2026-06-01 11:03:48,182] Trial 14 finished with value: -3.987108876422171 and parameters: {'confidence_threshold': 0.6968624890517784, 'training_days': 20, 'n_estimators': 135, 'max_depth': 4, 'num_leaves': 15, 'learning_rate': 0.17352884878662356, 'subsample': 0.6705559082755677, 'colsample_bytree': 0.9975376539217145, 'min_child_samples': 80, 'reg_alpha': 1.928249988058155e-07, 'reg_lambda': 0.002238160234885918}. Best is trial 13 with value: 0.10655682560958198.
[I 2026-06-01 11:03:48,239] Trial 15 finished with value: -0.09005460288580056 and parameters: {'confidence_threshold': 0.6922087268043995, 'training_days': 50, 'n_estimators': 200, 'max_depth': 4, 'num_leaves': 29, 'learning_rate': 0.04944906507670767, 'subsample': 0.7320624939511321, 'colsample_bytree': 0.9115860914700734, 'min_child_samples': 47, 'reg_alpha': 5.011892081220446e-07, 'reg_lambda': 3.5532501480887757}. Best is trial 13 with value: 0.10655682560958198.
[I 2026-06-01 11:03:48,427] Trial 16 finished with value: -0.2195119564776556 and parameters: {'confidence_threshold': 0.6932423963575067, 'training_days': 350, 'n_estimators': 215, 'max_depth': 4, 'num_leaves': 31, 'learning_rate': 0.04563456320017597, 'subsample': 0.5007687989744687, 'colsample_bytree': 0.6982877056862742, 'min_child_samples': 50, 'reg_alpha': 1.0817349245301704e-06, 'reg_lambda': 4.7175437028326845}. Best is trial 13 with value: 0.10655682560958198.
[I 2026-06-01 11:03:48,459] Trial 17 finished with value: -0.1378771061536696 and parameters: {'confidence_threshold': 0.5004748807695347, 'training_days': 60, 'n_estimators': 199, 'max_depth': 3, 'num_leaves': 26, 'learning_rate': 0.05390140192235684, 'subsample': 0.6089385421135409, 'colsample_bytree': 0.9034924144437622, 'min_child_samples': 85, 'reg_alpha': 1.3948210809056664e-08, 'reg_lambda': 3.315328712841851}. Best is trial 13 with value: 0.10655682560958198.
[I 2026-06-01 11:03:48,630] A new study created in memory with name: no-name-045a37c8-72d7-44c3-957a-d402172c242e
[I 2026-06-01 11:03:48,830] Trial 0 finished with value: -0.12860148496639418 and parameters: {'confidence_threshold': 0.5870645682749857, 'training_days': 90, 'n_estimators': 403, 'max_depth': 5, 'num_leaves': 45, 'learning_rate': 0.0780457193679974, 'subsample': 0.9428509515574568, 'colsample_bytree': 0.8795587339164916, 'min_child_samples': 34, 'reg_alpha': 2.2465901234314442e-07, 'reg_lambda': 8.339007036475363e-05}. Best is trial 0 with value: -0.12860148496639418.
[I 2026-06-01 11:03:48,941] Trial 1 finished with value: -0.275432027363442 and parameters: {'confidence_threshold': 0.6348453934275313, 'training_days': 290, 'n_estimators': 115, 'max_depth': 5, 'num_leaves': 37, 'learning_rate': 0.06949568759029946, 'subsample': 0.8228505074024268, 'colsample_bytree': 0.8616703220431751, 'min_child_samples': 75, 'reg_alpha': 4.2486822725010923e-07, 'reg_lambda': 1.157247767047042e-07}. Best is trial 0 with value: -0.12860148496639418.
[I 2026-06-01 11:03:48,957] Trial 2 finished with value: 0.10655682560958198 and parameters: {'confidence_threshold': 0.5849570384370288, 'training_days': 10, 'n_estimators': 212, 'max_depth': 3, 'num_leaves': 41, 'learning_rate': 0.18452095998378365, 'subsample': 0.6001060822924371, 'colsample_bytree': 0.5673167293506167, 'min_child_samples': 37, 'reg_alpha': 5.733250064217131, 'reg_lambda': 0.5308454292595461}. Best is trial 2 with value: 0.10655682560958198.
[I 2026-06-01 11:03:49,039] Trial 3 finished with value: -0.21074817288463957 and parameters: {'confidence_threshold': 0.6868248626683718, 'training_days': 220, 'n_estimators': 134, 'max_depth': 3, 'num_leaves': 45, 'learning_rate': 0.033529007907491595, 'subsample': 0.8647277071858408, 'colsample_bytree': 0.778494116634046, 'min_child_samples': 96, 'reg_alpha': 2.409409937265785e-07, 'reg_lambda': 1.1642073478060009}. Best is trial 2 with value: 0.10655682560958198.
[I 2026-06-01 11:03:49,132] Trial 4 finished with value: -0.24498354837190162 and parameters: {'confidence_threshold': 0.5623121348350352, 'training_days': 300, 'n_estimators': 69, 'max_depth': 4, 'num_leaves': 32, 'learning_rate': 0.14967629360700346, 'subsample': 0.5054535233636654, 'colsample_bytree': 0.7401385194659216, 'min_child_samples': 27, 'reg_alpha': 1.4212042567426725e-07, 'reg_lambda': 0.23605753701352003}. Best is trial 2 with value: 0.10655682560958198.
[I 2026-06-01 11:03:49,536] Trial 5 finished with value: -0.16923844784503153 and parameters: {'confidence_threshold': 0.7111850244908446, 'training_days': 490, 'n_estimators': 362, 'max_depth': 5, 'num_leaves': 40, 'learning_rate': 0.05960785724162737, 'subsample': 0.5589714368907717, 'colsample_bytree': 0.6659006943232806, 'min_child_samples': 42, 'reg_alpha': 0.6741360303045295, 'reg_lambda': 6.054601607143087e-08}. Best is trial 2 with value: 0.10655682560958198.
[I 2026-06-01 11:03:49,722] Trial 6 finished with value: -0.24621026180634614 and parameters: {'confidence_threshold': 0.667482545748023, 'training_days': 420, 'n_estimators': 279, 'max_depth': 3, 'num_leaves': 45, 'learning_rate': 0.040099592560849204, 'subsample': 0.8563114696415159, 'colsample_bytree': 0.5442917781944105, 'min_child_samples': 50, 'reg_alpha': 1.6407916423707903e-08, 'reg_lambda': 2.935907642973286e-05}. Best is trial 2 with value: 0.10655682560958198.
[I 2026-06-01 11:03:49,876] Trial 7 finished with value: -0.1516412239374048 and parameters: {'confidence_threshold': 0.5497381024139926, 'training_days': 120, 'n_estimators': 408, 'max_depth': 5, 'num_leaves': 38, 'learning_rate': 0.28049122657745795, 'subsample': 0.8806573338635493, 'colsample_bytree': 0.5454054113547102, 'min_child_samples': 63, 'reg_alpha': 0.01263008637940408, 'reg_lambda': 0.04588020805366937}. Best is trial 2 with value: 0.10655682560958198.
[I 2026-06-01 11:03:50,149] Trial 8 finished with value: -0.22563545116330266 and parameters: {'confidence_threshold': 0.719644804808716, 'training_days': 450, 'n_estimators': 410, 'max_depth': 4, 'num_leaves': 57, 'learning_rate': 0.04022026551478857, 'subsample': 0.5336085426932707, 'colsample_bytree': 0.5705742850577543, 'min_child_samples': 100, 'reg_alpha': 5.916398047912201e-07, 'reg_lambda': 0.9794034214488329}. Best is trial 2 with value: 0.10655682560958198.
[I 2026-06-01 11:03:50,171] Trial 9 finished with value: -3.987108876422171 and parameters: {'confidence_threshold': 0.7267463643917187, 'training_days': 20, 'n_estimators': 337, 'max_depth': 5, 'num_leaves': 23, 'learning_rate': 0.022153031811454605, 'subsample': 0.6305627572358737, 'colsample_bytree': 0.6613413774216214, 'min_child_samples': 81, 'reg_alpha': 5.7638634029410314e-08, 'reg_lambda': 8.26603016764008}. Best is trial 2 with value: 0.10655682560958198.
[I 2026-06-01 11:03:50,196] Trial 10 finished with value: 0.10655682560958198 and parameters: {'confidence_threshold': 0.8398533911817929, 'training_days': 10, 'n_estimators': 228, 'max_depth': 3, 'num_leaves': 15, 'learning_rate': 0.2789359567293539, 'subsample': 0.6821883053833926, 'colsample_bytree': 0.9944479338273263, 'min_child_samples': 23, 'reg_alpha': 2.903134294418681, 'reg_lambda': 0.0032849428938367974}. Best is trial 2 with value: 0.10655682560958198.
[I 2026-06-01 11:03:50,223] Trial 11 finished with value: 0.10655682560958198 and parameters: {'confidence_threshold': 0.8491135887906174, 'training_days': 10, 'n_estimators': 209, 'max_depth': 3, 'num_leaves': 15, 'learning_rate': 0.27815973382833, 'subsample': 0.6879062534938418, 'colsample_bytree': 0.9628722124262472, 'min_child_samples': 20, 'reg_alpha': 9.461112950663296, 'reg_lambda': 0.004788595467491423}. Best is trial 2 with value: 0.10655682560958198.
[I 2026-06-01 11:03:50,382] Trial 12 finished with value: -0.10609397652993477 and parameters: {'confidence_threshold': 0.83900033179092, 'training_days': 140, 'n_estimators': 219, 'max_depth': 4, 'num_leaves': 57, 'learning_rate': 0.14143539714508013, 'subsample': 0.7066421539868052, 'colsample_bytree': 0.9826583982594713, 'min_child_samples': 38, 'reg_alpha': 0.02694721219722944, 'reg_lambda': 0.002586791714474608}. Best is trial 2 with value: 0.10655682560958198.
[I 2026-06-01 11:03:50,513] Trial 13 finished with value: -0.1345877160129719 and parameters: {'confidence_threshold': 0.5040535938350955, 'training_days': 200, 'n_estimators': 219, 'max_depth': 3, 'num_leaves': 27, 'learning_rate': 0.15892994284987041, 'subsample': 0.6231621855799615, 'colsample_bytree': 0.6451068859491428, 'min_child_samples': 54, 'reg_alpha': 0.0001325242033987599, 'reg_lambda': 5.312802003286294e-06}. Best is trial 2 with value: 0.10655682560958198.
