[I 2026-06-01 11:09:50,864] Trial 17 finished with value: 0.04302820120123065 and parameters: {'confidence_threshold': 0.773117637686033, 'training_days': 150, 'n_estimators': 126, 'max_depth': 5, 'num_leaves': 51, 'learning_rate': 0.022167665375666282, 'subsample': 0.9947883242204238, 'colsample_bytree': 0.8122892114914516, 'min_child_samples': 88, 'reg_alpha': 0.0886703831907859, 'reg_lambda': 1.4362314305597911e-06}. Best is trial 15 with value: 0.1498706117477006.
findfont: Font family 'Arial' not found.
findfont: Font family 'Arial' not found.
findfont: Font family 'Arial' not found.
findfont: Font family 'Arial' not found.
findfont: Font family 'Arial' not found.
findfont: Font family 'Arial' not found.
findfont: Font family 'Arial' not found.
findfont: Font family 'Arial' not found.
findfont: Font family 'Arial' not found.
findfont: Font family 'Arial' not found.
findfont: Font family 'Arial' not found.
findfont: Font family 'Arial' not found.
findfont: Font family 'Arial' not found.
findfont: Font family 'Arial' not found.
findfont: Font family 'Arial' not found.
findfont: Font family 'Arial' not found.
findfont: Font family 'Arial' not found.
findfont: Font family 'Arial' not found.
findfont: Font family 'Arial' not found.
findfont: Font family 'Arial' not found.
findfont: Font family 'Arial' not found.
findfont: Font family 'Arial' not found.
findfont: Font family 'Arial' not found.
findfont: Font family 'Arial' not found.
findfont: Font family 'Arial' not found.
findfont: Font family 'Arial' not found.
findfont: Font family 'Arial' not found.
findfont: Font family 'Arial' not found.
findfont: Font family 'Arial' not found.
findfont: Font family 'Arial' not found.
findfont: Font family 'Arial' not found.
findfont: Font family 'Arial' not found.
findfont: Font family 'Arial' not found.
findfont: Font family 'Arial' not found.
findfont: Font family 'Arial' not found.
findfont: Font family 'Arial' not found.
findfont: Font family 'Arial' not found.
findfont: Font family 'Arial' not found.
findfont: Font family 'Arial' not found.
findfont: Font family 'Arial' not found.
findfont: Font family 'Arial' not found.
findfont: Font family 'Arial' not found.
findfont: Font family 'Arial' not found.
findfont: Font family 'Arial' not found.
findfont: Font family 'Arial' not found.
findfont: Font family 'Arial' not found.
findfont: Font family 'Arial' not found.
findfont: Font family 'Arial' not found.
findfont: Font family 'Arial' not found.
findfont: Font family 'Arial' not found.
findfont: Font family 'Arial' not found.
findfont: Font family 'Arial' not found.
findfont: Font family 'Arial' not found.
findfont: Font family 'Arial' not found.
findfont: Font family 'Arial' not found.
findfont: Font family 'Arial' not found.
findfont: Font family 'Arial' not found.
findfont: Font family 'Arial' not found.
findfont: Font family 'Arial' not found.
findfont: Font family 'Arial' not found.
findfont: Font family 'Arial' not found.
findfont: Font family 'Arial' not found.
findfont: Font family 'Arial' not found.
findfont: Font family 'Arial' not found.
findfont: Font family 'Arial' not found.
findfont: Font family 'Arial' not found.
findfont: Font family 'Arial' not found.
findfont: Font family 'Arial' not found.
findfont: Font family 'Arial' not found.
findfont: Font family 'Arial' not found.
findfont: Font family 'Arial' not found.
findfont: Font family 'Arial' not found.
findfont: Font family 'Arial' not found.
findfont: Font family 'Arial' not found.
findfont: Font family 'Arial' not found.
findfont: Font family 'Arial' not found.
findfont: Font family 'Arial' not found.
findfont: Font family 'Arial' not found.
findfont: Font family 'Arial' not found.
findfont: Font family 'Arial' not found.
findfont: Font family 'Arial' not found.
findfont: Font family 'Arial' not found.
findfont: Font family 'Arial' not found.
findfont: Font family 'Arial' not found.
findfont: Font family 'Arial' not found.
findfont: Font family 'Arial' not found.
findfont: Font family 'Arial' not found.
findfont: Font family 'Arial' not found.
findfont: Font family 'Arial' not found.
findfont: Font family 'Arial' not found.
findfont: Font family 'Arial' not found.
findfont: Font family 'Arial' not found.
findfont: Font family 'Arial' not found.
findfont: Font family 'Arial' not found.
findfont: Font family 'Arial' not found.
findfont: Font family 'Arial' not found.
findfont: Font family 'Arial' not found.
findfont: Font family 'Arial' not found.
findfont: Font family 'Arial' not found.
findfont: Font family 'Arial' not found.
findfont: Font family 'Arial' not found.
findfont: Font family 'Arial' not found.
findfont: Font family 'Arial' not found.
findfont: Font family 'Arial' not found.
findfont: Font family 'Arial' not found.
findfont: Font family 'Arial' not found.
findfont: Font family 'Arial' not found.
findfont: Font family 'Arial' not found.
findfont: Font family 'Arial' not found.
findfont: Font family 'Arial' not found.
findfont: Font family 'Arial' not found.
findfont: Font family 'Arial' not found.
findfont: Font family 'Arial' not found.
findfont: Font family 'Arial' not found.
findfont: Font family 'Arial' not found.
findfont: Font family 'Arial' not found.
findfont: Font family 'Arial' not found.
findfont: Font family 'Arial' not found.
findfont: Font family 'Arial' not found.
findfont: Font family 'Arial' not found.
findfont: Font family 'Arial' not found.
findfont: Font family 'Arial' not found.
findfont: Font family 'Arial' not found.
findfont: Font family 'Arial' not found.
findfont: Font family 'Arial' not found.
findfont: Font family 'Arial' not found.
findfont: Font family 'Arial' not found.
findfont: Font family 'Arial' not found.
findfont: Font family 'Arial' not found.
findfont: Font family 'Arial' not found.
findfont: Font family 'Arial' not found.
findfont: Font family 'Arial' not found.
findfont: Font family 'Arial' not found.
findfont: Font family 'Arial' not found.
findfont: Font family 'Arial' not found.
findfont: Font family 'Arial' not found.
findfont: Font family 'Arial' not found.
findfont: Font family 'Arial' not found.
findfont: Font family 'Arial' not found.
findfont: Font family 'Arial' not found.
findfont: Font family 'Arial' not found.
findfont: Font family 'Arial' not found.
findfont: Font family 'Arial' not found.
findfont: Font family 'Arial' not found.
findfont: Font family 'Arial' not found.
findfont: Font family 'Arial' not found.
findfont: Font family 'Arial' not found.
findfont: Font family 'Arial' not found.
findfont: Font family 'Arial' not found.
findfont: Font family 'Arial' not found.
findfont: Font family 'Arial' not found.
findfont: Font family 'Arial' not found.
findfont: Font family 'Arial' not found.
findfont: Font family 'Arial' not found.
findfont: Font family 'Arial' not found.
findfont: Font family 'Arial' not found.
findfont: Font family 'Arial' not found.
findfont: Font family 'Arial' not found.
findfont: Font family 'Arial' not found.
findfont: Font family 'Arial' not found.
findfont: Font family 'Arial' not found.
findfont: Font family 'Arial' not found.
findfont: Font family 'Arial' not found.
findfont: Font family 'Arial' not found.
findfont: Font family 'Arial' not found.
findfont: Font family 'Arial' not found.
findfont: Font family 'Arial' not found.
findfont: Font family 'Arial' not found.
findfont: Font family 'Arial' not found.
findfont: Font family 'Arial' not found.
findfont: Font family 'Arial' not found.
findfont: Font family 'Arial' not found.
findfont: Font family 'Arial' not found.
findfont: Font family 'Arial' not found.
/home/roberto/crypto-trade/.worktrees/quant-research/src/crypto_trade/strategies/ml/reporting_v1.py:1072: RuntimeWarning: Mean of empty slice
  np.nanmean(

    [trial 13] Sharpe=0.0910 (folds: 0.1566, 0.0845, 0.0827, -0.0131, 0.1440)
    [trial 14] 46 features, training_days=380 | threshold=0.643 | labels: 927 long, 1241 short (43/57%)
    [trial 14] Sharpe=0.0183 (folds: -0.0041, 0.0441, 0.0752, -0.0197, -0.0042)
    [trial 15] 46 features, training_days=370 | threshold=0.776 | labels: 927 long, 1241 short (43/57%)
    [trial 15] Sharpe=0.1499 (folds: 0.0102, 0.1533, 0.3003, 0.1818, 0.1037)
    [trial 16] 46 features, training_days=240 | threshold=0.781 | labels: 927 long, 1241 short (43/57%)
    [trial 16] Sharpe=0.0008 (folds: -0.0300, 0.0298, 0.0858, -0.0963, 0.0146)
    [trial 17] 46 features, training_days=150 | threshold=0.773 | labels: 927 long, 1241 short (43/57%)
    [trial 17] Sharpe=0.0430 (folds: 0.1116, 0.2554, -0.0013, -0.3106, 0.1600)
  Optuna: 18 trials, best Sharpe = 0.1499
  Best params: n_estimators=128, max_depth=4, lr=0.0785, leaves=54
  Best confidence_threshold: 0.776
  Best training_days: 370
  Retrained on full data (1110 samples, 46 features)
  OOD: 16 features, cutoff (q=0.7) = 12.59
  Model trained for 2026-05: 79 test candles with features, confidence_threshold=0.693
[predict] 2026-05-01 00:00 DOTUSDT → LONG (proba=0.83 TP=8.1%/SL=4.0%)
[trade:open] 2026-05-01 07:59 DOTUSDT LONG @ 1.20 | SL=1.16 TP=1.30 | timeout=2026-05-08 07:59
[trade:close] 2026-05-06 07:59 DOTUSDT LONG → take_profit @ 1.30 | PnL=+8.09% (net +7.99%) | cum=+111.51% 2026-05=+7.99% 2026-05-06=+7.99%
[predict] 2026-05-24 16:00 DOTUSDT → LONG (proba=0.73 TP=13.2%/SL=6.6%)
[trade:open] 2026-05-24 23:59 DOTUSDT LONG @ 1.24 | SL=1.16 TP=1.41 | timeout=2026-05-31 23:59
[trade:close] 2026-05-27 07:59 DOTUSDT LONG → end_of_data @ 1.27 | PnL=+2.01% (net +1.91%) | cum=+113.42% 2026-05=+9.90% 2026-05-27=+1.91%

E'' (DOT + R1 + R2 + no-gate) complete: 172 trades in 494s
[iter-v1/051] Dispatch verified: DOT-only=172 trades (no regime gate). F-AXIS sanity PASS: universe isolation confirmed.

Combined: 172 trades
[report] Splitting 172 trades: 125 IS, 47 OOS
[report] Generating in-sample reports (125 trades)...
[report] Generating out-of-sample reports (47 trades)...
[report] comparison.csv written
[report] IS:  Sharpe=-0.1138  DSR=-78.821  Trades=125  WR=46.4%  PF=0.9567  MaxDD=21.36%
[report] OOS: Sharpe=-0.1453  DSR=-42.152  Trades=47  WR=40.4%  PF=0.9439  MaxDD=16.87%
[report] OOS/IS Sharpe ratio: 1.2770
Reports: reports-v1/iteration_v1-051
[run_baseline_v1] Feature importance: feature_importance_Model_E_DOT_no_gate_multiseed.csv (46 features)
[run_baseline_v1] Feature importance portfolio: feature_importance_portfolio.csv

[run_baseline_v1] === iter-v1/001 methodology reporting ===
[run_baseline_v1] IS  PSR: monthly_vs_0=0.4079 monthly_vs_1=0.0256 daily_vs_0=0.4268
[run_baseline_v1] OOS PSR: monthly_vs_0=0.4230 monthly_vs_1=0.1070 daily_vs_0=0.4394
[run_baseline_v1] IS  N_eff=9 DSR_corrected=0.0000 method=eigvalsh_cov_per_cell_median_aggfunc_mean
[run_baseline_v1] OOS N_eff=9 DSR_corrected=0.0000 method=eigvalsh_cov_per_cell_median_aggfunc_mean
[run_baseline_v1] per-cell N_eff: median=9 trimmed_mean=8 p25=8 p75=10 n_cells=46 by_symbol={'DOTUSDT': 9}
[reporting_v1] IS dsr.json written: dsr=0.0000 n_eff=9 n_eff_per_cell_median=9 psr=0.0256
[reporting_v1] OOS dsr.json written: dsr=0.0000 n_eff=9 n_eff_per_cell_median=9 psr=0.1070
[reporting_v1] comparison.csv updated: psr_monthly_vs_0/1, psr_daily_vs_0, n_effective_trials appended. IS n_eff=9 OOS n_eff=9 n_eff_per_cell_median IS=9 OOS=9
[reporting_v1] comparison.csv updated: r5_fire_rate_is=0.0000 r5_fire_rate_oos=0.0000 appended.
[reporting_v1] comparison.csv updated: r5_binary_kill_fire_rate_is=0.0000 r5_binary_kill_fire_rate_oos=0.0000 appended.
[reporting_v1] comparison.csv updated: vol_ceiling_fire_rate_is=0.0000 vol_ceiling_fire_rate_oos=0.0000 appended [iter-v1/038 F-AXIS#2 wiring proof].
[run_baseline_v1] Loading IS features for ADF test...
[reporting_v1] IS adf_test.csv: 193 features, 42 declared exceptions, 1 raw-α failures without declaration
[reporting_v1] OOS(same IS features) adf_test.csv: 193 features, 42 declared exceptions, 1 raw-α failures without declaration
[run_baseline_v1] Computing IC matrix...
[reporting_v1] IS ic_matrix.csv: 36 family-pair rows
[reporting_v1] OOS(same IS features) ic_matrix.csv: 36 family-pair rows
[run_baseline_v1] === methodology reporting complete ===

[basin_diagnostics] V1=PASS(std=0.000) V2=BORDERLINE(ρ=nan) V3=FAIL(J=0.119) → GLOBAL=FAIL

Mode: EXPLORATION. ENSEMBLE_SIZE=3. n_trials=18. features=46. bounds=v1_pruned. Iteration: v1-051.
[multi_seed] Canonical (outer_seed=42 offset=0) reports → reports-v1/iteration_v1-051/seed_42

[multi_seed] Launching outer seed 2/3 (offset=3) → reports-v1/iteration_v1-051/seed_offset3
 15] Sharpe=0.0521 (folds: -0.0321, -0.1654, 0.3309, 0.1099, 0.0173)
    [trial 16] 46 features, training_days=300 | threshold=0.600 | labels: 927 long, 1241 short (43/57%)
    [trial 16] Sharpe=0.0650 (folds: 0.0400, -0.0611, 0.2453, -0.0225, 0.1232)
    [trial 17] 46 features, training_days=390 | threshold=0.706 | labels: 927 long, 1241 short (43/57%)
    [trial 17] Sharpe=0.2660 (folds: 0.1518, -0.2544, 0.3932, 0.8824, 0.1572)
  Optuna: 18 trials, best Sharpe = 0.2660
  Best params: n_estimators=112, max_depth=3, lr=0.0159, leaves=46
  Best confidence_threshold: 0.706
  Best training_days: 390
  Retrained on full data (1170 samples, 46 features)
  OOD: 16 features, cutoff (q=0.7) = 12.59
  Model trained for 2026-05: 79 test candles with features, confidence_threshold=0.723
[trade:close] 2026-05-05 08:00 DOTUSDT LONG → timeout @ 1.25 | PnL=+2.45% (net +2.35%) | cum=-1.65% 2026-05=+2.35% 2026-05-05=+2.35%
[predict] 2026-05-21 08:00 DOTUSDT → LONG (proba=0.73 TP=10.0%/SL=5.0%)
[trade:open] 2026-05-21 15:59 DOTUSDT LONG @ 1.26 | SL=1.20 TP=1.38 | timeout=2026-05-28 15:59
[trade:close] 2026-05-27 07:59 DOTUSDT LONG → end_of_data @ 1.27 | PnL=+0.79% (net +0.69%) | cum=-0.95% 2026-05=+3.05% 2026-05-27=+0.69%

E'' (DOT + R1 + R2 + no-gate) complete: 166 trades in 529s
[iter-v1/051] Dispatch verified: DOT-only=166 trades (no regime gate). F-AXIS sanity PASS: universe isolation confirmed.

Combined: 166 trades
[report] Splitting 166 trades: 115 IS, 51 OOS
[report] Generating in-sample reports (115 trades)...
[report] Generating out-of-sample reports (51 trades)...
[report] comparison.csv written
[report] IS:  Sharpe=-0.5808  DSR=-33.989  Trades=115  WR=38.3%  PF=0.7670  MaxDD=29.94%
[report] OOS: Sharpe=-0.1201  DSR=-48.472  Trades=51  WR=49.0%  PF=0.9518  MaxDD=10.91%
[report] OOS/IS Sharpe ratio: 0.2067
Reports: reports-v1/iteration_v1-051
[run_baseline_v1] Feature importance: feature_importance_Model_E_DOT_no_gate_multiseed.csv (46 features)
[run_baseline_v1] Feature importance portfolio: feature_importance_portfolio.csv

[run_baseline_v1] === iter-v1/001 methodology reporting ===
[run_baseline_v1] IS  PSR: monthly_vs_0=0.1750 monthly_vs_1=0.0021 daily_vs_0=0.1665
[run_baseline_v1] OOS PSR: monthly_vs_0=0.4298 monthly_vs_1=0.1161 daily_vs_0=0.4488
[run_baseline_v1] IS  N_eff=9 DSR_corrected=0.0000 method=eigvalsh_cov_per_cell_median_aggfunc_mean
[run_baseline_v1] OOS N_eff=9 DSR_corrected=0.0000 method=eigvalsh_cov_per_cell_median_aggfunc_mean
[run_baseline_v1] per-cell N_eff: median=9 trimmed_mean=8 p25=8 p75=10 n_cells=46 by_symbol={'DOTUSDT': 9}
[reporting_v1] IS dsr.json written: dsr=0.0000 n_eff=9 n_eff_per_cell_median=9 psr=0.0021
[reporting_v1] OOS dsr.json written: dsr=0.0000 n_eff=9 n_eff_per_cell_median=9 psr=0.1161
[reporting_v1] comparison.csv updated: psr_monthly_vs_0/1, psr_daily_vs_0, n_effective_trials appended. IS n_eff=9 OOS n_eff=9 n_eff_per_cell_median IS=9 OOS=9
[reporting_v1] comparison.csv updated: r5_fire_rate_is=0.0000 r5_fire_rate_oos=0.0000 appended.
[reporting_v1] comparison.csv updated: r5_binary_kill_fire_rate_is=0.0000 r5_binary_kill_fire_rate_oos=0.0000 appended.
[reporting_v1] comparison.csv updated: vol_ceiling_fire_rate_is=0.0000 vol_ceiling_fire_rate_oos=0.0000 appended [iter-v1/038 F-AXIS#2 wiring proof].
[run_baseline_v1] Loading IS features for ADF test...
[reporting_v1] IS adf_test.csv: 193 features, 42 declared exceptions, 1 raw-α failures without declaration
[reporting_v1] OOS(same IS features) adf_test.csv: 193 features, 42 declared exceptions, 1 raw-α failures without declaration
[run_baseline_v1] Computing IC matrix...
[reporting_v1] IS ic_matrix.csv: 36 family-pair rows
[reporting_v1] OOS(same IS features) ic_matrix.csv: 36 family-pair rows
[run_baseline_v1] === methodology reporting complete ===

[basin_diagnostics] V1=PASS(std=0.000) V2=BORDERLINE(ρ=nan) V3=FAIL(J=0.126) → GLOBAL=FAIL

Mode: EXPLORATION. ENSEMBLE_SIZE=3. n_trials=18. features=46. bounds=v1_pruned. Iteration: v1-051.


[multi_seed] Launching outer seed 3/3 (offset=6) → reports-v1/iteration_v1-051/seed_offset6
l 15] Sharpe=0.1734 (folds: 0.3071, 0.0477, 0.1893, 0.1892, 0.1338)
    [trial 16] 46 features, training_days=310 | threshold=0.569 | labels: 927 long, 1241 short (43/57%)
    [trial 16] Sharpe=0.0668 (folds: 0.1062, 0.0966, 0.1643, -0.0070, -0.0259)
    [trial 17] 46 features, training_days=410 | threshold=0.651 | labels: 927 long, 1241 short (43/57%)
    [trial 17] Sharpe=0.1116 (folds: 0.2118, -0.0549, 0.0053, 0.2759, 0.1199)
  Optuna: 18 trials, best Sharpe = 0.3172
  Best params: n_estimators=60, max_depth=4, lr=0.0103, leaves=27
  Best confidence_threshold: 0.619
  Best training_days: 490
  Retrained on full data (1470 samples, 46 features)
  OOD: 16 features, cutoff (q=0.7) = 12.59
  Model trained for 2026-05: 79 test candles with features, confidence_threshold=0.697
[trade:close] 2026-05-05 08:00 DOTUSDT LONG → timeout @ 1.25 | PnL=+2.45% (net +2.35%) | cum=+62.09% 2026-05=+2.35% 2026-05-05=+2.35%
[predict] 2026-05-25 00:00 DOTUSDT → LONG (proba=0.72 TP=12.6%/SL=6.3%)
[trade:open] 2026-05-25 07:59 DOTUSDT LONG @ 1.26 | SL=1.18 TP=1.42 | timeout=2026-06-01 07:59
[trade:close] 2026-05-27 07:59 DOTUSDT LONG → end_of_data @ 1.27 | PnL=+0.48% (net +0.38%) | cum=+62.47% 2026-05=+2.73% 2026-05-27=+0.38%

E'' (DOT + R1 + R2 + no-gate) complete: 163 trades in 512s
[iter-v1/051] Dispatch verified: DOT-only=163 trades (no regime gate). F-AXIS sanity PASS: universe isolation confirmed.

Combined: 163 trades
[report] Splitting 163 trades: 116 IS, 47 OOS
[report] Generating in-sample reports (116 trades)...
[report] Generating out-of-sample reports (47 trades)...
[report] comparison.csv written
[report] IS:  Sharpe=-0.0118  DSR=-72.323  Trades=116  WR=40.5%  PF=0.9941  MaxDD=22.62%
[report] OOS: Sharpe=1.0787  DSR=-7.453  Trades=47  WR=51.1%  PF=1.8053  MaxDD=17.35%
[report] OOS/IS Sharpe ratio: -91.3176
Reports: reports-v1/iteration_v1-051
[run_baseline_v1] Feature importance: feature_importance_Model_E_DOT_no_gate_multiseed.csv (46 features)
[run_baseline_v1] Feature importance portfolio: feature_importance_portfolio.csv

[run_baseline_v1] === iter-v1/001 methodology reporting ===
[run_baseline_v1] IS  PSR: monthly_vs_0=0.4923 monthly_vs_1=0.0499 daily_vs_0=0.4924
[run_baseline_v1] OOS PSR: monthly_vs_0=0.8267 monthly_vs_1=0.3963 daily_vs_0=0.9109
[run_baseline_v1] IS  N_eff=9 DSR_corrected=0.0000 method=eigvalsh_cov_per_cell_median_aggfunc_mean
[run_baseline_v1] OOS N_eff=9 DSR_corrected=0.0000 method=eigvalsh_cov_per_cell_median_aggfunc_mean
[run_baseline_v1] per-cell N_eff: median=9 trimmed_mean=9 p25=8 p75=10 n_cells=46 by_symbol={'DOTUSDT': 9}
[reporting_v1] IS dsr.json written: dsr=0.0000 n_eff=9 n_eff_per_cell_median=9 psr=0.0499
[reporting_v1] OOS dsr.json written: dsr=0.0000 n_eff=9 n_eff_per_cell_median=9 psr=0.3963
[reporting_v1] comparison.csv updated: psr_monthly_vs_0/1, psr_daily_vs_0, n_effective_trials appended. IS n_eff=9 OOS n_eff=9 n_eff_per_cell_median IS=9 OOS=9
[reporting_v1] comparison.csv updated: r5_fire_rate_is=0.0000 r5_fire_rate_oos=0.0000 appended.
[reporting_v1] comparison.csv updated: r5_binary_kill_fire_rate_is=0.0000 r5_binary_kill_fire_rate_oos=0.0000 appended.
[reporting_v1] comparison.csv updated: vol_ceiling_fire_rate_is=0.0000 vol_ceiling_fire_rate_oos=0.0000 appended [iter-v1/038 F-AXIS#2 wiring proof].
[run_baseline_v1] Loading IS features for ADF test...
[reporting_v1] IS adf_test.csv: 193 features, 42 declared exceptions, 1 raw-α failures without declaration
[reporting_v1] OOS(same IS features) adf_test.csv: 193 features, 42 declared exceptions, 1 raw-α failures without declaration
[run_baseline_v1] Computing IC matrix...
[reporting_v1] IS ic_matrix.csv: 36 family-pair rows
[reporting_v1] OOS(same IS features) ic_matrix.csv: 36 family-pair rows
[run_baseline_v1] === methodology reporting complete ===

[basin_diagnostics] V1=PASS(std=0.000) V2=BORDERLINE(ρ=nan) V3=FAIL(J=0.106) → GLOBAL=FAIL

Mode: EXPLORATION. ENSEMBLE_SIZE=3. n_trials=18. features=46. bounds=v1_pruned. Iteration: v1-051.

[multi_seed] n=3 mean_sharpe=None std=None profitable=0/0 (None%)
[multi_seed] aggregate written to reports-v1/iteration_v1-051/comparison_multi_seed.csv
