[I 2026-06-01 11:03:08,728] Trial 6 finished with value: -0.10284487837201661 and parameters: {'confidence_threshold': 0.7672889945051684, 'training_days': 130, 'n_estimators': 137, 'max_depth': 4, 'num_leaves': 19, 'learning_rate': 0.2031117614248665, 'subsample': 0.8136244860256343, 'colsample_bytree': 0.8617081790949774, 'min_child_samples': 21, 'reg_alpha': 0.002238138278733199, 'reg_lambda': 0.001025809534977322}. Best is trial 3 with value: -0.07967039568632968.

  [label] 2021-09-22 16:00 DOTUSDT entry=31.5640 → SHORT | long=sl(-14.21%) short=timeout(+13.56%) | scanned=22 | no_tp→fwd_return=-13.6580
  [label] 2022-03-07 16:00 DOTUSDT entry=16.3820 → LONG | long=timeout(+7.82%) short=sl(-8.96%) | scanned=22 | no_tp→fwd_return=+7.9233
  [label] 2022-03-11 16:00 DOTUSDT entry=17.6780 → LONG | long=timeout(+7.02%) short=sl(-7.91%) | scanned=22 | no_tp→fwd_return=+7.1162
  [label] 2022-03-22 08:00 DOTUSDT entry=19.9180 → LONG | long=tp(+11.27%) short=sl(-5.78%) | scanned=16 | long_tp_only
  [label] 2022-05-06 08:00 DOTUSDT entry=14.2070 → SHORT | long=sl(-9.32%) short=tp(+18.34%) | scanned=9 | short_tp_only
  [label] 2022-05-14 16:00 DOTUSDT entry=11.2940 → SHORT | long=timeout(-11.72%) short=timeout(+11.52%) | scanned=22 | no_tp→fwd_return=-11.6168
  [label] 2022-08-13 00:00 DOTUSDT entry=9.4700 → SHORT | long=sl(-6.56%) short=tp(+12.83%) | scanned=17 | short_tp_only
  [label] 2022-09-14 00:00 DOTUSDT entry=7.1420 → SHORT | long=sl(-7.37%) short=tp(+14.44%) | scanned=15 | short_tp_only
  [label] 2022-09-30 00:00 DOTUSDT entry=6.5070 → SHORT | long=sl(-5.59%) short=timeout(+2.14%) | scanned=22 | no_tp→fwd_return=-2.2437
  [label] 2022-10-12 16:00 DOTUSDT entry=6.1680 → SHORT | long=sl(-3.24%) short=tp(+6.18%) | scanned=2 | short_tp_only
  [label] 2022-10-31 08:00 DOTUSDT entry=6.6430 → LONG | long=sl(-5.01%) short=sl(-5.01%) | scanned=13 | no_tp→fwd_return=+6.1569
  [label] 2022-11-06 16:00 DOTUSDT entry=6.8090 → SHORT | long=sl(-6.12%) short=sl(-6.12%) | scanned=4 | no_tp→fwd_return=-2.5554
  [label] 2022-11-19 00:00 DOTUSDT entry=5.5480 → SHORT | long=sl(-5.90%) short=timeout(+3.67%) | scanned=22 | no_tp→fwd_return=-3.7671
  [label] 2022-12-28 08:00 DOTUSDT entry=4.3190 → LONG | long=tp(+7.15%) short=sl(-3.73%) | scanned=20 | long_tp_only
  [label] 2023-01-07 08:00 DOTUSDT entry=4.6580 → LONG | long=tp(+5.69%) short=sl(-2.99%) | scanned=5 | long_tp_only
  [label] 2023-04-03 08:00 DOTUSDT entry=6.3200 → SHORT | long=timeout(-2.87%) short=timeout(+2.67%) | scanned=22 | no_tp→fwd_return=-2.7690
  Labels: 1002 long (46.2%), 1166 short (53.8%) | weights: min=1.00, mean=3.26, max=10.00
  Features: 2168/2168 matched, 46 columns
  CV gap: 22 rows
  [ensemble 1/3] seed=42
    [trial 0] 46 features, training_days=480 | threshold=0.631 | labels: 1002 long, 1166 short (46/54%)
    [CV fold 0] train_end=2021-08-22 08:00 | val_start=2021-08-30 00:00 | gap=184h (22 rows)
    [CV fold 1] train_end=2021-12-20 16:00 | val_start=2021-12-28 08:00 | gap=184h (22 rows)
    [CV fold 2] train_end=2022-04-20 00:00 | val_start=2022-04-27 16:00 | gap=184h (22 rows)
    [CV fold 3] train_end=2022-08-18 08:00 | val_start=2022-08-26 00:00 | gap=184h (22 rows)
    [CV fold 4] train_end=2022-12-16 16:00 | val_start=2022-12-24 08:00 | gap=184h (22 rows)
    [trial 0] Sharpe=-0.1063 (folds: -0.1291, -0.0011, -0.2934, -0.0513, -0.0569)
    [trial 1] 46 features, training_days=420 | threshold=0.839 | labels: 1002 long, 1166 short (46/54%)
    [trial 1] Sharpe=-4.0842 (folds: -0.5874, -0.2142, 0.3806, -10.0000, -10.0000)
    [trial 2] 46 features, training_days=190 | threshold=0.602 | labels: 1002 long, 1166 short (46/54%)
    [trial 2] Sharpe=-0.0701 (folds: -0.0634, 0.1110, -0.2609, -0.0401, -0.0971)
    [trial 3] 46 features, training_days=490 | threshold=0.832 | labels: 1002 long, 1166 short (46/54%)
    [trial 3] Sharpe=-0.1330 (folds: -0.1770, 0.0423, -0.2384, -0.2345, -0.0572)
    [trial 4] 46 features, training_days=340 | threshold=0.591 | labels: 1002 long, 1166 short (46/54%)
    [trial 4] Sharpe=-0.1719 (folds: -0.2318, -0.0341, -0.4117, -0.1939, 0.0121)
    [trial 5] 46 features, training_days=50 | threshold=0.823 | labels: 1002 long, 1166 short (46/54%)
    [trial 5] Sharpe=-0.1680 (folds: -0.2094, -0.0346, -0.3863, 0.1029, -0.3127)
    [trial 6] 46 features, training_days=410 | threshold=0.549 | labels: 1002 long, 1166 short (46/54%)
    [trial 6] Sharpe=-0.0761 (folds: -0.2006, 0.0205, -0.1943, 0.0668, -0.0729)
    [trial 7] 46 features, training_days=180 | threshold=0.526 | labels: 1002 long, 1166 short (46/54%)
    [trial 7] Sharpe=-0.0886 (folds: -0.1156, 0.0606, -0.1786, -0.1251, -0.0845)
    [trial 8] 46 features, training_days=240 | threshold=0.811 | labels: 1002 long, 1166 short (46/54%)
    [trial 8] Sharpe=-0.2447 (folds: -0.3772, 0.0865, -0.5241, -0.3155, -0.0935)
    [trial 9] 46 features, training_days=20 | threshold=0.538 | labels: 1002 long, 1166 short (46/54%)
    [trial 9] Sharpe=-3.9794 (folds: -0.0531, -10.0000, -10.0000, 0.2197, -0.0635)
    [trial 10] 46 features, training_days=150 | threshold=0.680 | labels: 1002 long, 1166 short (46/54%)
    [trial 10] Sharpe=-0.0796 (folds: -0.0390, -0.1560, -0.1386, -0.0362, -0.0281)
    [trial 11] 46 features, training_days=340 | threshold=0.695 | labels: 1002 long, 1166 short (46/54%)
    [trial 11] Sharpe=-0.1581 (folds: -0.0603, -0.0246, -0.3601, -0.2923, -0.0532)
    [trial 12] 46 features, training_days=320 | threshold=0.584 | labels: 1002 long, 1166 short (46/54%)
    [trial 12] Sharpe=-0.1027 (folds: -0.1045, 0.0371, -0.3693, -0.1044, 0.0277)
    [trial 13] 46 features, training_days=140 | threshold=0.732 | labels: 1002 long, 1166 short (46/54%)
    [trial 13] Sharpe=-0.3922 (folds: -0.2023, -0.2305, -1.1671, -0.0616, -0.2997)
    [trial 14] 46 features, training_days=280 | threshold=0.612 | labels: 1002 long, 1166 short (46/54%)
    [trial 14] Sharpe=-0.2078 (folds: -0.2014, 0.0404, -0.3334, -0.4619, -0.0829)
    [trial 15] 46 features, training_days=400 | threshold=0.505 | labels: 1002 long, 1166 short (46/54%)
    [trial 15] Sharpe=-0.0382 (folds: -0.0467, 0.0636, -0.2017, -0.0616, 0.0554)
    [trial 16] 46 features, training_days=220 | threshold=0.520 | labels: 1002 long, 1166 short (46/54%)
    [trial 16] Sharpe=-0.0839 (folds: -0.1034, 0.0794, -0.3240, -0.0804, 0.0089)
    [trial 17] 46 features, training_days=90 | threshold=0.636 | labels: 1002 long, 1166 short (46/54%)
    [trial 17] Sharpe=-0.1179 (folds: 0.1707, -0.2542, -0.4742, -0.0223, -0.0094)
  Optuna: 18 trials, best Sharpe = -0.0382
  Best params: n_estimators=332, max_depth=5, lr=0.0935, leaves=32
  Best confidence_threshold: 0.505
  Best training_days: 400
  Retrained on full data (1200 samples, 46 features)
  [ensemble 2/3] seed=123
    [trial 0] 46 features, training_days=150 | threshold=0.744 | labels: 1002 long, 1166 short (46/54%)
    [CV fold 0] train_end=2021-08-22 08:00 | val_start=2021-08-30 00:00 | gap=184h (22 rows)
    [CV fold 1] train_end=2021-12-20 16:00 | val_start=2021-12-28 08:00 | gap=184h (22 rows)
    [CV fold 2] train_end=2022-04-20 00:00 | val_start=2022-04-27 16:00 | gap=184h (22 rows)
    [CV fold 3] train_end=2022-08-18 08:00 | val_start=2022-08-26 00:00 | gap=184h (22 rows)
    [CV fold 4] train_end=2022-12-16 16:00 | val_start=2022-12-24 08:00 | gap=184h (22 rows)
    [trial 0] Sharpe=-0.1612 (folds: -0.1992, -0.1063, -0.2854, -0.1078, -0.1074)
    [trial 1] 46 features, training_days=220 | threshold=0.755 | labels: 1002 long, 1166 short (46/54%)
    [trial 1] Sharpe=-2.0304 (folds: -10.0000, 0.1406, -0.5824, 0.4239, -0.1343)
    [trial 2] 46 features, training_days=310 | threshold=0.754 | labels: 1002 long, 1166 short (46/54%)
    [trial 2] Sharpe=-0.1800 (folds: -0.1874, 0.0359, -0.2800, -0.4233, -0.0453)
    [trial 3] 46 features, training_days=220 | threshold=0.673 | labels: 1002 long, 1166 short (46/54%)
    [trial 3] Sharpe=-0.0797 (folds: -0.0437, 0.0826, -0.3385, -0.0893, -0.0096)
    [trial 4] 46 features, training_days=130 | threshold=0.803 | labels: 1002 long, 1166 short (46/54%)
    [trial 4] Sharpe=-0.1395 (folds: -0.1493, -0.3429, -0.2974, 0.0319, 0.0601)
    [trial 5] 46 features, training_days=210 | threshold=0.606 | labels: 1002 long, 1166 short (46/54%)
    [trial 5] Sharpe=-0.0838 (folds: -0.0280, 0.1854, -0.3543, -0.1510, -0.0709)
    [trial 6] 46 features, training_days=130 | threshold=0.767 | labels: 1002 long, 1166 short (46/54%)
    [trial 6] Sharpe=-0.1028 (folds: -0.1074, -0.1878, -0.2048, -0.0305, 0.0163)
    [trial 7] 46 features, training_days=80 | threshold=0.556 | labels: 1002 long, 1166 short (46/54%)[I 2026-06-01 11:03:08,793] Trial 7 finished with value: -0.13934761695830258 and parameters: {'confidence_threshold': 0.555635875450653, 'training_days': 80, 'n_estimators': 363, 'max_depth': 3, 'num_leaves': 48, 'learning_rate': 0.06590089024008658, 'subsample': 0.6944752870615722, 'colsample_bytree': 0.962566244806993, 'min_child_samples': 88, 'reg_alpha': 1.6465620446426067e-05, 'reg_lambda': 2.4678750890085655e-08}. Best is trial 3 with value: -0.07967039568632968.
[I 2026-06-01 11:03:09,105] Trial 8 finished with value: -0.04253308924620442 and parameters: {'confidence_threshold': 0.6066688256938841, 'training_days': 200, 'n_estimators': 367, 'max_depth': 5, 'num_leaves': 32, 'learning_rate': 0.13377519215934996, 'subsample': 0.7965884582811106, 'colsample_bytree': 0.8458508993500886, 'min_child_samples': 32, 'reg_alpha': 3.889436043816386e-05, 'reg_lambda': 1.4713062489380356e-06}. Best is trial 8 with value: -0.04253308924620442.
[I 2026-06-01 11:03:09,311] Trial 9 finished with value: -0.18730419172819227 and parameters: {'confidence_threshold': 0.6202096049169137, 'training_days': 260, 'n_estimators': 350, 'max_depth': 3, 'num_leaves': 21, 'learning_rate': 0.02989540198065364, 'subsample': 0.8307821683331218, 'colsample_bytree': 0.923253112635361, 'min_child_samples': 64, 'reg_alpha': 0.4898604619604203, 'reg_lambda': 2.9076377687066166e-05}. Best is trial 8 with value: -0.04253308924620442.
[I 2026-06-01 11:03:09,834] Trial 10 finished with value: -0.11021814732364514 and parameters: {'confidence_threshold': 0.5342665212695602, 'training_days': 470, 'n_estimators': 493, 'max_depth': 5, 'num_leaves': 30, 'learning_rate': 0.010221918552934462, 'subsample': 0.9182272143313567, 'colsample_bytree': 0.6202684210924141, 'min_child_samples': 44, 'reg_alpha': 1.466506858166308e-08, 'reg_lambda': 0.014616129255130504}. Best is trial 8 with value: -0.04253308924620442.
[I 2026-06-01 11:03:10,069] Trial 11 finished with value: -0.10147511085719838 and parameters: {'confidence_threshold': 0.672304345793606, 'training_days': 360, 'n_estimators': 248, 'max_depth': 4, 'num_leaves': 62, 'learning_rate': 0.29626502575289787, 'subsample': 0.7185615065128308, 'colsample_bytree': 0.6661831737797719, 'min_child_samples': 39, 'reg_alpha': 4.28336488974334e-07, 'reg_lambda': 6.470692703374516e-07}. Best is trial 8 with value: -0.04253308924620442.
[I 2026-06-01 11:03:10,098] Trial 12 finished with value: -3.9793742105463834 and parameters: {'confidence_threshold': 0.6727899930733724, 'training_days': 20, 'n_estimators': 212, 'max_depth': 5, 'num_leaves': 63, 'learning_rate': 0.15265377916176726, 'subsample': 0.8941395335595879, 'colsample_bytree': 0.5196457038790347, 'min_child_samples': 37, 'reg_alpha': 1.0353404194374763e-06, 'reg_lambda': 7.796589835036051e-07}. Best is trial 8 with value: -0.04253308924620442.
[I 2026-06-01 11:03:10,483] Trial 13 finished with value: -0.05685526518534072 and parameters: {'confidence_threshold': 0.6107637354176927, 'training_days': 400, 'n_estimators': 475, 'max_depth': 4, 'num_leaves': 28, 'learning_rate': 0.13909139382788904, 'subsample': 0.7397610004410885, 'colsample_bytree': 0.7082407533656954, 'min_child_samples': 51, 'reg_alpha': 1.44204771542611e-06, 'reg_lambda': 0.004402943395258396}. Best is trial 8 with value: -0.04253308924620442.
[I 2026-06-01 11:03:10,963] Trial 14 finished with value: -0.05809369697737867 and parameters: {'confidence_threshold': 0.6018897271767852, 'training_days': 410, 'n_estimators': 492, 'max_depth': 5, 'num_leaves': 28, 'learning_rate': 0.13295981651304423, 'subsample': 0.6520711014850926, 'colsample_bytree': 0.7098579632475662, 'min_child_samples': 49, 'reg_alpha': 2.725745435331279e-08, 'reg_lambda': 0.0038081143008355752}. Best is trial 8 with value: -0.04253308924620442.
[I 2026-06-01 11:03:11,248] Trial 15 finished with value: -0.02447863495262323 and parameters: {'confidence_threshold': 0.5026055290809989, 'training_days': 500, 'n_estimators': 426, 'max_depth': 4, 'num_leaves': 15, 'learning_rate': 0.12361862136244607, 'subsample': 0.507007918467014, 'colsample_bytree': 0.6200968882668203, 'min_child_samples': 100, 'reg_alpha': 5.011892081220446e-07, 'reg_lambda': 3.5605426022712297}. Best is trial 15 with value: -0.02447863495262323.
[I 2026-06-01 11:03:11,546] Trial 16 finished with value: -0.03226170889424256 and parameters: {'confidence_threshold': 0.511155018775976, 'training_days': 500, 'n_estimators': 430, 'max_depth': 4, 'num_leaves': 15, 'learning_rate': 0.04734750546511042, 'subsample': 0.5119680415123619, 'colsample_bytree': 0.5533822395731398, 'min_child_samples': 99, 'reg_alpha': 0.03547983045987384, 'reg_lambda': 2.7688509171098787}. Best is trial 15 with value: -0.02447863495262323.
[I 2026-06-01 11:03:11,829] Trial 17 finished with value: -0.03367265495329215 and parameters: {'confidence_threshold': 0.5004748807695347, 'training_days': 490, 'n_estimators': 429, 'max_depth': 4, 'num_leaves': 15, 'learning_rate': 0.04826569216366016, 'subsample': 0.5068103060918405, 'colsample_bytree': 0.5316578156186799, 'min_child_samples': 100, 'reg_alpha': 0.031339913113165224, 'reg_lambda': 2.868052663988749}. Best is trial 15 with value: -0.02447863495262323.
[I 2026-06-01 11:03:12,041] A new study created in memory with name: no-name-0b0e5230-18e7-4ceb-bff3-2abe02e26688
[I 2026-06-01 11:03:12,236] Trial 0 finished with value: -0.12282363534020828 and parameters: {'confidence_threshold': 0.5870645682749857, 'training_days': 90, 'n_estimators': 403, 'max_depth': 5, 'num_leaves': 45, 'learning_rate': 0.0780457193679974, 'subsample': 0.9428509515574568, 'colsample_bytree': 0.8795587339164916, 'min_child_samples': 34, 'reg_alpha': 2.2465901234314442e-07, 'reg_lambda': 8.339007036475363e-05}. Best is trial 0 with value: -0.12282363534020828.
[I 2026-06-01 11:03:12,341] Trial 1 finished with value: -0.1694414678209375 and parameters: {'confidence_threshold': 0.6348453934275313, 'training_days': 290, 'n_estimators': 115, 'max_depth': 5, 'num_leaves': 37, 'learning_rate': 0.06949568759029946, 'subsample': 0.8228505074024268, 'colsample_bytree': 0.8616703220431751, 'min_child_samples': 75, 'reg_alpha': 4.2486822725010923e-07, 'reg_lambda': 1.157247767047042e-07}. Best is trial 0 with value: -0.12282363534020828.
[I 2026-06-01 11:03:12,361] Trial 2 finished with value: 0.10753756435672798 and parameters: {'confidence_threshold': 0.5849570384370288, 'training_days': 10, 'n_estimators': 212, 'max_depth': 3, 'num_leaves': 41, 'learning_rate': 0.18452095998378365, 'subsample': 0.6001060822924371, 'colsample_bytree': 0.5673167293506167, 'min_child_samples': 37, 'reg_alpha': 5.733250064217131, 'reg_lambda': 0.5308454292595461}. Best is trial 2 with value: 0.10753756435672798.
[I 2026-06-01 11:03:12,441] Trial 3 finished with value: -0.1732575092374897 and parameters: {'confidence_threshold': 0.6868248626683718, 'training_days': 220, 'n_estimators': 134, 'max_depth': 3, 'num_leaves': 45, 'learning_rate': 0.033529007907491595, 'subsample': 0.8647277071858408, 'colsample_bytree': 0.778494116634046, 'min_child_samples': 96, 'reg_alpha': 2.409409937265785e-07, 'reg_lambda': 1.1642073478060009}. Best is trial 2 with value: 0.10753756435672798.
[I 2026-06-01 11:03:12,522] Trial 4 finished with value: -0.15921330610666296 and parameters: {'confidence_threshold': 0.5623121348350352, 'training_days': 300, 'n_estimators': 69, 'max_depth': 4, 'num_leaves': 32, 'learning_rate': 0.14967629360700346, 'subsample': 0.5054535233636654, 'colsample_bytree': 0.7401385194659216, 'min_child_samples': 27, 'reg_alpha': 1.4212042567426725e-07, 'reg_lambda': 0.23605753701352003}. Best is trial 2 with value: 0.10753756435672798.
[I 2026-06-01 11:03:12,926] Trial 5 finished with value: -0.09510894660001167 and parameters: {'confidence_threshold': 0.7111850244908446, 'training_days': 490, 'n_estimators': 362, 'max_depth': 5, 'num_leaves': 40, 'learning_rate': 0.05960785724162737, 'subsample': 0.5589714368907717, 'colsample_bytree': 0.6659006943232806, 'min_child_samples': 42, 'reg_alpha': 0.6741360303045295, 'reg_lambda': 6.054601607143087e-08}. Best is trial 2 with value: 0.10753756435672798.
[I 2026-06-01 11:03:13,118] Trial 6 finished with value: -0.13793381752126171 and parameters: {'confidence_threshold': 0.667482545748023, 'training_days': 420, 'n_estimators': 279, 'max_depth': 3, 'num_leaves': 45, 'learning_rate': 0.040099592560849204, 'subsample': 0.8563114696415159, 'colsample_bytree': 0.5442917781944105, 'min_child_samples': 50, 'reg_alpha': 1.6407916423707903e-08, 'reg_lambda': 2.935907642973286e-05}. Best is trial 2 with value: 0.10753756435672798.
[I 2026-06-01 11:03:13,266] Trial 7 finished with value: -0.11890682225281206 and parameters: {'confidence_threshold': 0.5497381024139926, 'training_days': 120, 'n_estimators': 408, 'max_depth': 5, 'num_leaves': 38, 'learning_rate': 0.28049122657745795, 'subsample': 0.8806573338635493, 'colsample_bytree': 0.5454054113547102, 'min_child_samples': 63, 'reg_alpha': 0.01263008637940408, 'reg_lambda': 0.04588020805366937}. Best is trial 2 with value: 0.10753756435672798.
[I 2026-06-01 11:03:13,540] Trial 8 finished with value: -0.13033464143952603 and parameters: {'confidence_threshold': 0.719644804808716, 'training_days': 450, 'n_estimators': 410, 'max_depth': 4, 'num_leaves': 57, 'learning_rate': 0.04022026551478857, 'subsample': 0.5336085426932707, 'colsample_bytree': 0.5705742850577543, 'min_child_samples': 100, 'reg_alpha': 5.916398047912201e-07, 'reg_lambda': 0.9794034214488329}. Best is trial 2 with value: 0.10753756435672798.
[I 2026-06-01 11:03:13,565] Trial 9 finished with value: -3.9793742105463834 and parameters: {'confidence_threshold': 0.7267463643917187, 'training_days': 20, 'n_estimators': 337, 'max_depth': 5, 'num_leaves': 23, 'learning_rate': 0.022153031811454605, 'subsample': 0.6305627572358737, 'colsample_bytree': 0.6613413774216214, 'min_child_samples': 81, 'reg_alpha': 5.7638634029410314e-08, 'reg_lambda': 8.26603016764008}. Best is trial 2 with value: 0.10753756435672798.
[I 2026-06-01 11:03:13,597] Trial 10 finished with value: -1.92912994939693 and parameters: {'confidence_threshold': 0.8398533911817929, 'training_days': 10, 'n_estimators': 228, 'max_depth': 3, 'num_leaves': 15, 'learning_rate': 0.2789359567293539, 'subsample': 0.6821883053833926, 'colsample_bytree': 0.9944479338273263, 'min_child_samples': 23, 'reg_alpha': 2.903134294418681, 'reg_lambda': 0.0032849428938367974}. Best is trial 2 with value: 0.10753756435672798.
[I 2026-06-01 11:03:13,813] Trial 11 finished with value: -8.094468949895273 and parameters: {'confidence_threshold': 0.7895743202078971, 'training_days': 370, 'n_estimators': 225, 'max_depth': 4, 'num_leaves': 59, 'learning_rate': 0.010167356171986337, 'subsample': 0.6299883894853011, 'colsample_bytree': 0.6436734793442266, 'min_child_samples': 47, 'reg_alpha': 9.443402751011643, 'reg_lambda': 2.313463030717144e-08}. Best is trial 2 with value: 0.10753756435672798.
[I 2026-06-01 11:03:14,106] Trial 12 finished with value: -0.06392270098452327 and parameters: {'confidence_threshold': 0.5145853631584999, 'training_days': 190, 'n_estimators': 490, 'max_depth': 4, 'num_leaves': 29, 'learning_rate': 0.12684915465165553, 'subsample': 0.5934028623183925, 'colsample_bytree': 0.6550757185518237, 'min_child_samples': 41, 'reg_alpha': 0.06157086120087854, 'reg_lambda': 1.4304147444691813e-06}. Best is trial 2 with value: 0.10753756435672798.
[I 2026-06-01 11:03:14,388] Trial 13 finished with value: -0.03838170952033938 and parameters: {'confidence_threshold': 0.5007578887007379, 'training_days': 180, 'n_estimators': 494, 'max_depth': 4, 'num_leaves': 28, 'learning_rate': 0.13269709925057152, 'subsample': 0.7312718920985939, 'colsample_bytree': 0.6113466263687708, 'min_child_samples': 54, 'reg_alpha': 0.018337549169967427, 'reg_lambda': 1.8799948266058237e-06}. Best is trial 2 with value: 0.10753756435672798.
[I 2026-06-01 11:03:14,573] Trial 14 finished with value: -0.14238384557170694 and parameters: {'confidence_threshold': 0.5057563615222779, 'training_days': 120, 'n_estimators': 500, 'max_depth': 3, 'num_leaves': 22, 'learning_rate': 0.15251112357964147, 'subsample': 0.7357328780015059, 'colsample_bytree': 0.5040419500588649, 'min_child_samples': 60, 'reg_alpha': 0.0005061136429986866, 'reg_lambda': 0.0019884049025474452}. Best is trial 2 with value: 0.10753756435672798.
[I 2026-06-01 11:03:14,680] Trial 15 finished with value: -0.08867735073482201 and parameters: {'confidence_threshold': 0.6098306084926507, 'training_days': 170, 'n_estimators': 189, 'max_depth': 3, 'num_leaves': 51, 'learning_rate': 0.1153562204813711, 'subsample': 0.7525722575021289, 'colsample_bytree': 0.5978025657929166, 'min_child_samples': 59, 'reg_alpha': 9.994769776986788e-05, 'reg_lambda': 3.760958151660902e-06}. Best is trial 2 with value: 0.10753756435672798.
