[I 2026-06-01 11:02:35,719] Trial 17 finished with value: -0.09411426817473349 and parameters: {'confidence_threshold': 0.6436999421147998, 'training_days': 350, 'n_estimators': 288, 'max_depth': 3, 'num_leaves': 52, 'learning_rate': 0.09404832514339227, 'subsample': 0.7311896434498614, 'colsample_bytree': 0.8034273233571664, 'min_child_samples': 71, 'reg_alpha': 0.00028151165725706596, 'reg_lambda': 0.001352150060975526}. Best is trial 2 with value: 0.13607108680694116.

    [trial 17] Sharpe=-0.0638 (folds: 0.0930, -0.1288, 0.0350, -0.1776, -0.1404)
  Optuna: 18 trials, best Sharpe = -0.0109
  Best params: n_estimators=498, max_depth=5, lr=0.1364, leaves=27
  Best confidence_threshold: 0.510
  Best training_days: 500
  Retrained on full data (1500 samples, 46 features)
  [ensemble 3/3] seed=456
    [trial 0] 46 features, training_days=90 | threshold=0.587 | labels: 1037 long, 1131 short (48/52%)
    [CV fold 0] train_end=2021-04-24 08:00 | val_start=2021-05-02 00:00 | gap=184h (22 rows)
    [CV fold 1] train_end=2021-08-22 16:00 | val_start=2021-08-30 08:00 | gap=184h (22 rows)
    [CV fold 2] train_end=2021-12-21 00:00 | val_start=2021-12-28 16:00 | gap=184h (22 rows)
    [CV fold 3] train_end=2022-04-20 08:00 | val_start=2022-04-28 00:00 | gap=184h (22 rows)
    [CV fold 4] train_end=2022-08-18 16:00 | val_start=2022-08-26 08:00 | gap=184h (22 rows)
    [trial 0] Sharpe=-0.0699 (folds: 0.2204, 0.0388, -0.1963, -0.3592, -0.0530)
    [trial 1] 46 features, training_days=290 | threshold=0.635 | labels: 1037 long, 1131 short (48/52%)
    [trial 1] Sharpe=-0.1328 (folds: 0.1043, -0.1361, -0.0278, -0.2434, -0.3610)
    [trial 2] 46 features, training_days=10 | threshold=0.585 | labels: 1037 long, 1131 short (48/52%)
    [trial 2] Sharpe=0.1361 (folds: 0.0765, 0.0994, 0.1041, 0.1807, 0.2196)
    [trial 3] 46 features, training_days=220 | threshold=0.687 | labels: 1037 long, 1131 short (48/52%)
    [trial 3] Sharpe=-0.1368 (folds: 0.0179, -0.1673, 0.0481, -0.4561, -0.1268)
    [trial 4] 46 features, training_days=300 | threshold=0.562 | labels: 1037 long, 1131 short (48/52%)
    [trial 4] Sharpe=-0.1181 (folds: 0.1321, -0.0831, 0.0515, -0.3440, -0.3471)
    [trial 5] 46 features, training_days=490 | threshold=0.711 | labels: 1037 long, 1131 short (48/52%)
    [trial 5] Sharpe=-0.0348 (folds: 0.1155, -0.0653, 0.0992, -0.1313, -0.1922)
    [trial 6] 46 features, training_days=420 | threshold=0.667 | labels: 1037 long, 1131 short (48/52%)
    [trial 6] Sharpe=-0.0658 (folds: 0.0884, -0.0791, 0.0034, -0.1554, -0.1865)
    [trial 7] 46 features, training_days=120 | threshold=0.550 | labels: 1037 long, 1131 short (48/52%)
    [trial 7] Sharpe=-0.1148 (folds: 0.0864, -0.0776, -0.2046, -0.2633, -0.1148)
    [trial 8] 46 features, training_days=450 | threshold=0.720 | labels: 1037 long, 1131 short (48/52%)
    [trial 8] Sharpe=-0.0564 (folds: 0.1170, -0.1769, -0.0308, -0.2034, 0.0122)
    [trial 9] 46 features, training_days=20 | threshold=0.727 | labels: 1037 long, 1131 short (48/52%)
    [trial 9] Sharpe=-5.9679 (folds: -10.0000, -0.0591, -10.0000, -10.0000, 0.2196)
    [trial 10] 46 features, training_days=10 | threshold=0.840 | labels: 1037 long, 1131 short (48/52%)
    [trial 10] Sharpe=-1.9001 (folds: 0.0765, 0.0994, 0.1041, -10.0000, 0.2196)
    [trial 11] 46 features, training_days=370 | threshold=0.790 | labels: 1037 long, 1131 short (48/52%)
    [trial 11] Sharpe=-2.1711 (folds: 0.0939, -0.3830, -0.3662, -0.2001, -10.0000)
    [trial 12] 46 features, training_days=190 | threshold=0.515 | labels: 1037 long, 1131 short (48/52%)
    [trial 12] Sharpe=-0.0308 (folds: 0.0534, 0.0316, 0.0900, -0.2142, -0.1150)
    [trial 13] 46 features, training_days=180 | threshold=0.501 | labels: 1037 long, 1131 short (48/52%)
    [trial 13] Sharpe=-0.0454 (folds: 0.0836, -0.1039, 0.1110, -0.2007, -0.1171)
    [trial 14] 46 features, training_days=120 | threshold=0.506 | labels: 1037 long, 1131 short (48/52%)
    [trial 14] Sharpe=-0.0796 (folds: 0.0966, -0.0394, -0.1648, -0.2614, -0.0289)
    [trial 15] 46 features, training_days=190 | threshold=0.612 | labels: 1037 long, 1131 short (48/52%)
    [trial 15] Sharpe=-0.0249 (folds: 0.1095, -0.1009, 0.1065, -0.2072, -0.0326)
    [trial 16] 46 features, training_days=90 | threshold=0.614 | labels: 1037 long, 1131 short (48/52%)
    [trial 16] Sharpe=-0.0873 (folds: 0.2318, 0.0116, -0.2373, -0.3685, -0.0741)
    [trial 17] 46 features, training_days=350 | threshold=0.644 | labels: 1037 long, 1131 short (48/52%)
    [trial 17] Sharpe=-0.0941 (folds: 0.0922, -0.1131, 0.0367, -0.3406, -0.1457)
  Optuna: 18 trials, best Sharpe = 0.1361
  Best params: n_estimators=212, max_depth=3, lr=0.1845, leaves=41
  Best confidence_threshold: 0.585
  Best training_days: 10
  Retrained on full data (30 samples, 46 features)
  OOD: 16 features, cutoff (q=0.7) = 14.02
  Model trained for 2023-01: 93 test candles with features, confidence_threshold=0.557
[trade:close] 2023-01-02 07:59 DOTUSDT SHORT → stop_loss @ 4.48 | PnL=-3.82% (net -3.92%) | cum=+2.75% 2023-01=-3.92% 2023-01-02=-3.92%
[predict] 2023-01-03 00:00 DOTUSDT → SHORT (proba=0.99 TP=6.1%/SL=3.1%)
[trade:open] 2023-01-03 07:59 DOTUSDT SHORT @ 4.51 | SL=4.65 TP=4.23 | timeout=2023-01-10 07:59
[trade:close] 2023-01-04 07:59 DOTUSDT SHORT → stop_loss @ 4.65 | PnL=-3.07% (net -3.17%) | cum=-0.41% 2023-01=-7.09% 2023-01-04=-3.17%
[predict] 2023-01-05 00:00 DOTUSDT → SHORT (proba=0.99 TP=6.3%/SL=3.1%)
[trade:open] 2023-01-05 07:59 DOTUSDT SHORT @ 4.58 | SL=4.73 TP=4.30 | timeout=2023-01-12 07:59
[trade:close] 2023-01-08 15:59 DOTUSDT SHORT → stop_loss @ 4.73 | PnL=-3.13% (net -3.23%) | cum=-3.65% 2023-01=-10.32% 2023-01-08=-3.23%
[predict] 2023-01-17 16:00 DOTUSDT → SHORT (proba=0.80 TP=15.8%/SL=7.9%)
[trade:open] 2023-01-17 23:59 DOTUSDT SHORT @ 5.95 | SL=6.42 TP=5.01 | timeout=2023-01-24 23:59
[trade:close] 2023-01-21 23:59 DOTUSDT SHORT → stop_loss @ 6.42 | PnL=-7.90% (net -8.00%) | cum=-11.64% 2023-01=-18.31% 2023-01-21=-8.00%
[predict] 2023-01-22 16:00 DOTUSDT → SHORT (proba=0.97 TP=14.7%/SL=7.4%)
[trade:open] 2023-01-22 23:59 DOTUSDT SHORT @ 6.21 | SL=6.66 TP=5.29 | timeout=2023-01-29 23:59
[trade:close] 2023-01-23 23:59 DOTUSDT SHORT → stop_loss @ 6.66 | PnL=-7.35% (net -7.45%) | cum=-19.09% 2023-01=-25.76% 2023-01-23=-7.45%
[predict] 2023-01-24 16:00 DOTUSDT → SHORT (proba=0.98 TP=15.8%/SL=7.9%)
[trade:open] 2023-01-24 23:59 DOTUSDT SHORT @ 6.19 | SL=6.68 TP=5.21 | timeout=2023-01-31 23:59
[trade:close] 2023-01-29 23:59 DOTUSDT SHORT → stop_loss @ 6.68 | PnL=-7.92% (net -8.02%) | cum=-27.11% 2023-01=-33.78% 2023-01-29=-8.02%
[lgbm] === Training for 2023-02 ===
  Train window: 2021-02-01 → 2023-01-24
  2168 training samples from 1 symbols
  Samples per month: 2021-02: 84, 2021-03: 93, 2021-04: 90, 2021-05: 93, 2021-06: 90, 2021-07: 93, 2021-08: 93, 2021-09: 90, 2021-10: 93, 2021-11: 90, 2021-12: 93, 2022-01: 93, 2022-02: 84, 2022-03: 93, 2022-04: 90, 2022-05: 93, 2022-06: 90, 2022-07: 93, 2022-08: 93, 2022-09: 90, 2022-10: 93, 2022-11: 90, 2022-12: 93, 2023-01: 71
  [label] 2021-04-03 16:00 DOTUSDT entry=41.4210 → LONG | long=timeout(+0.47%) short=sl(-10.91%) | scanned=22 | no_tp→fwd_return=+0.5698
  [label] 2021-04-05 16:00 DOTUSDT entry=45.9300 → SHORT | long=sl(-9.92%) short=timeout(+11.64%) | scanned=22 | no_tp→fwd_return=-11.7374
  [label] 2021-04-09 16:00 DOTUSDT entry=40.8470 → LONG | long=timeout(+1.38%) short=sl(-9.18%) | scanned=22 | no_tp→fwd_return=+1.4787
  [label] 2021-05-04 08:00 DOTUSDT entry=35.4230 → LONG | long=tp(+17.39%) short=sl(-8.84%) | scanned=7 | long_tp_only
  [label] 2021-06-25 16:00 DOTUSDT entry=14.4060 → LONG | long=timeout(+5.93%) short=sl(-16.83%) | scanned=22 | no_tp→fwd_return=+6.0322
  [label] 2021-12-08 16:00 DOTUSDT entry=29.8130 → SHORT | long=sl(-12.45%) short=timeout(+8.95%) | scanned=22 | no_tp→fwd_return=-9.0464
  [label] 2021-12-12 16:00 DOTUSDT entry=29.5200 → SHORT | long=sl(-9.98%) short=timeout(+16.00%) | scanned=22 | no_tp→fwd_return=-16.1009
  [label] 2021-12-23 08:00 DOTUSDT entry=28.0360 → LONG | long=tp(+15.50%) short=sl(-7.90%) | scanned=12 | long_tp_only
  [label] 2022-02-06 08:00 DOTUSDT entry=21.0940 → SHORT | long=sl(-8.08%) short=sl(-8.08%) | scanned=16 | no_tp→fwd_return=-10.1403
  [label] 2022-02-14 16:00 DOTUSDT entry=18.6870 → SHORT | long=sl(-8.11%) short=sl(-8.11%) | scanned=16 | no_tp→fwd_return=-9.1614
  [label] 2022-05-16 00:00 DOTUSDT entry=10.8590 → SHORT | long=timeout(-4.98%) short=timeout(+4.78%) | scanned=22 | no_tp→fwd_return=-4.8807
  [label] 2022-06-17 00:00 DOTUSDT entry=7.3240 → LONG | long=timeout(+7.82%) short=timeout(-8.02%) | scanned=22 | no_tp→fwd_return=+7.9192[I 2026-06-01 11:02:36,082] A new study created in memory with name: no-name-67855687-36db-4ebe-bc7c-d49b24f8e0ee
[I 2026-06-01 11:02:36,391] Trial 0 finished with value: 0.00629358120265949 and parameters: {'confidence_threshold': 0.6310890415965769, 'training_days': 480, 'n_estimators': 380, 'max_depth': 4, 'num_leaves': 22, 'learning_rate': 0.01699897838270077, 'subsample': 0.5290418060840998, 'colsample_bytree': 0.9330880728874675, 'min_child_samples': 68, 'reg_alpha': 0.023585940584142682, 'reg_lambda': 1.5320059381854043e-08}. Best is trial 0 with value: 0.00629358120265949.
[I 2026-06-01 11:02:36,512] Trial 1 finished with value: -6.01080028077192 and parameters: {'confidence_threshold': 0.839468448256698, 'training_days': 420, 'n_estimators': 145, 'max_depth': 3, 'num_leaves': 23, 'learning_rate': 0.028145092716060652, 'subsample': 0.762378215816119, 'colsample_bytree': 0.7159725093210578, 'min_child_samples': 43, 'reg_alpha': 0.0032112643094417484, 'reg_lambda': 1.8007140198129195e-07}. Best is trial 0 with value: 0.00629358120265949.
[I 2026-06-01 11:02:36,652] Trial 2 finished with value: -0.033337232573225656 and parameters: {'confidence_threshold': 0.6022506269873263, 'training_days': 190, 'n_estimators': 255, 'max_depth': 5, 'num_leaves': 24, 'learning_rate': 0.05748924681991978, 'subsample': 0.7962072844310213, 'colsample_bytree': 0.5232252063599989, 'min_child_samples': 69, 'reg_alpha': 3.425445902633376e-07, 'reg_lambda': 3.850031979199519e-08}. Best is trial 0 with value: 0.00629358120265949.
[I 2026-06-01 11:02:36,909] Trial 3 finished with value: 0.01905534786940105 and parameters: {'confidence_threshold': 0.8321099380386666, 'training_days': 490, 'n_estimators': 414, 'max_depth': 3, 'num_leaves': 19, 'learning_rate': 0.1024932221692416, 'subsample': 0.7200762468698007, 'colsample_bytree': 0.5610191174223894, 'min_child_samples': 60, 'reg_alpha': 2.039373116525212e-08, 'reg_lambda': 1.527156759251193}. Best is trial 3 with value: 0.01905534786940105.
[I 2026-06-01 11:02:37,061] Trial 4 finished with value: -0.06973440626299329 and parameters: {'confidence_threshold': 0.5905729935600059, 'training_days': 340, 'n_estimators': 190, 'max_depth': 4, 'num_leaves': 41, 'learning_rate': 0.01875220945578641, 'subsample': 0.9847923138822793, 'colsample_bytree': 0.8875664116805573, 'min_child_samples': 96, 'reg_alpha': 1.1309571585271483, 'reg_lambda': 0.002404915432737351}. Best is trial 3 with value: 0.01905534786940105.
[I 2026-06-01 11:02:37,107] Trial 5 finished with value: 0.13589817011288177 and parameters: {'confidence_threshold': 0.8226559822580909, 'training_days': 50, 'n_estimators': 138, 'max_depth': 3, 'num_leaves': 30, 'learning_rate': 0.03750796359625606, 'subsample': 0.6356745158869479, 'colsample_bytree': 0.9143687545759647, 'min_child_samples': 48, 'reg_alpha': 3.376063348877853e-06, 'reg_lambda': 0.0007660634613082914}. Best is trial 5 with value: 0.13589817011288177.
[I 2026-06-01 11:02:37,210] Trial 6 finished with value: -0.04126468603312278 and parameters: {'confidence_threshold': 0.5493234787411669, 'training_days': 410, 'n_estimators': 83, 'max_depth': 5, 'num_leaves': 52, 'learning_rate': 0.019657448966046126, 'subsample': 0.5027610585618012, 'colsample_bytree': 0.9077307142274171, 'min_child_samples': 77, 'reg_alpha': 0.03639690979811287, 'reg_lambda': 0.08738424135626986}. Best is trial 5 with value: 0.13589817011288177.
[I 2026-06-01 11:02:37,292] Trial 7 finished with value: -0.04761107468508327 and parameters: {'confidence_threshold': 0.5259156281069316, 'training_days': 180, 'n_estimators': 102, 'max_depth': 5, 'num_leaves': 45, 'learning_rate': 0.030816017044468066, 'subsample': 0.5317791751430119, 'colsample_bytree': 0.6554911608578311, 'min_child_samples': 46, 'reg_alpha': 0.036851536911881845, 'reg_lambda': 0.005470376807480391}. Best is trial 5 with value: 0.13589817011288177.
[I 2026-06-01 11:02:37,391] Trial 8 finished with value: -0.1436211014406683 and parameters: {'confidence_threshold': 0.8105244599017143, 'training_days': 240, 'n_estimators': 103, 'max_depth': 5, 'num_leaves': 52, 'learning_rate': 0.06746437142284309, 'subsample': 0.8854835899772805, 'colsample_bytree': 0.7468977981821954, 'min_child_samples': 62, 'reg_alpha': 7.04480806377519e-05, 'reg_lambda': 1.6934490731313353e-08}. Best is trial 5 with value: 0.13589817011288177.
[I 2026-06-01 11:02:37,419] Trial 9 finished with value: 0.07417668236264688 and parameters: {'confidence_threshold': 0.5377619994476566, 'training_days': 20, 'n_estimators': 337, 'max_depth': 3, 'num_leaves': 39, 'learning_rate': 0.21907142272152816, 'subsample': 0.6246461145744375, 'colsample_bytree': 0.7051914615178149, 'min_child_samples': 81, 'reg_alpha': 1.1459970229341322e-06, 'reg_lambda': 4.929685216887945e-08}. Best is trial 5 with value: 0.13589817011288177.
[I 2026-06-01 11:02:37,453] Trial 10 finished with value: 0.12057294510456154 and parameters: {'confidence_threshold': 0.7318981109748116, 'training_days': 10, 'n_estimators': 487, 'max_depth': 4, 'num_leaves': 31, 'learning_rate': 0.14704103471568217, 'subsample': 0.628963476300746, 'colsample_bytree': 0.987470107623585, 'min_child_samples': 25, 'reg_alpha': 2.608784411827665e-05, 'reg_lambda': 3.3639426888455256e-06}. Best is trial 5 with value: 0.13589817011288177.
[I 2026-06-01 11:02:37,488] Trial 11 finished with value: 0.07417668236264688 and parameters: {'confidence_threshold': 0.7398980535430049, 'training_days': 20, 'n_estimators': 451, 'max_depth': 4, 'num_leaves': 30, 'learning_rate': 0.2892169671126645, 'subsample': 0.6496599335113177, 'colsample_bytree': 0.9824420544873301, 'min_child_samples': 20, 'reg_alpha': 3.599329158668024e-05, 'reg_lambda': 1.2919440532274802e-05}. Best is trial 5 with value: 0.13589817011288177.
[I 2026-06-01 11:02:37,751] Trial 12 finished with value: 0.05726133592751661 and parameters: {'confidence_threshold': 0.7257393052511212, 'training_days': 110, 'n_estimators': 493, 'max_depth': 4, 'num_leaves': 33, 'learning_rate': 0.11263608439461861, 'subsample': 0.6378869315002975, 'colsample_bytree': 0.8336228052393174, 'min_child_samples': 20, 'reg_alpha': 3.7296247871404826e-06, 'reg_lambda': 5.8851374348751504e-05}. Best is trial 5 with value: 0.13589817011288177.
[I 2026-06-01 11:02:37,878] Trial 13 finished with value: 0.04167663748903445 and parameters: {'confidence_threshold': 0.7525188656696757, 'training_days': 100, 'n_estimators': 258, 'max_depth': 3, 'num_leaves': 62, 'learning_rate': 0.14813629235522416, 'subsample': 0.6866291716128416, 'colsample_bytree': 0.9997190916482669, 'min_child_samples': 35, 'reg_alpha': 0.0004740159869111642, 'reg_lambda': 3.4757862173186272e-06}. Best is trial 5 with value: 0.13589817011288177.
[I 2026-06-01 11:02:37,978] Trial 14 finished with value: -0.009879901663584805 and parameters: {'confidence_threshold': 0.6833517715228523, 'training_days': 90, 'n_estimators': 202, 'max_depth': 3, 'num_leaves': 31, 'learning_rate': 0.03458646774961807, 'subsample': 0.5958365372145741, 'colsample_bytree': 0.812154521128091, 'min_child_samples': 32, 'reg_alpha': 3.770845974254184e-08, 'reg_lambda': 0.0006284807489164356}. Best is trial 5 with value: 0.13589817011288177.
[I 2026-06-01 11:02:38,008] Trial 15 finished with value: 0.12057294510456154 and parameters: {'confidence_threshold': 0.7897255408101392, 'training_days': 10, 'n_estimators': 332, 'max_depth': 4, 'num_leaves': 35, 'learning_rate': 0.011034853197786064, 'subsample': 0.8148962438062751, 'colsample_bytree': 0.8332678196538594, 'min_child_samples': 47, 'reg_alpha': 2.492303987055042e-06, 'reg_lambda': 8.108466095070056e-07}. Best is trial 5 with value: 0.13589817011288177.
[I 2026-06-01 11:02:38,184] Trial 16 finished with value: 0.00844395799167522 and parameters: {'confidence_threshold': 0.6842270525447687, 'training_days': 160, 'n_estimators': 313, 'max_depth': 3, 'num_leaves': 16, 'learning_rate': 0.0742708334836405, 'subsample': 0.6022959818573481, 'colsample_bytree': 0.9581508828686465, 'min_child_samples': 34, 'reg_alpha': 3.528959981551033e-05, 'reg_lambda': 9.467717891328863e-05}. Best is trial 5 with value: 0.13589817011288177.
[I 2026-06-01 11:02:38,351] Trial 17 finished with value: -0.08496930485561233 and parameters: {'confidence_threshold': 0.7756752262880263, 'training_days': 290, 'n_estimators': 188, 'max_depth': 4, 'num_leaves': 28, 'learning_rate': 0.04302553031342478, 'subsample': 0.6977080924048726, 'colsample_bytree': 0.8803609155918469, 'min_child_samples': 52, 'reg_alpha': 0.0005961727498011812, 'reg_lambda': 0.2041475808495042}. Best is trial 5 with value: 0.13589817011288177.
[I 2026-06-01 11:02:38,458] A new study created in memory with name: no-name-882314d5-ce1a-474c-9d48-d8808471ca6d
[I 2026-06-01 11:02:38,547] Trial 0 finished with value: -0.021248660217688606 and parameters: {'confidence_threshold': 0.7437642149592516, 'training_days': 150, 'n_estimators': 152, 'max_depth': 4, 'num_leaves': 50, 'learning_rate': 0.04216766425047743, 'subsample': 0.9903820991923078, 'colsample_bytree': 0.8424148692924316, 'min_child_samples': 58, 'reg_alpha': 3.381097259762742e-05, 'reg_lambda': 1.2263152961306247e-05}. Best is trial 0 with value: -0.021248660217688606.
[I 2026-06-01 11:02:38,618] Trial 1 finished with value: -0.10201703280254068 and parameters: {'confidence_threshold': 0.7551673975844145, 'training_days': 220, 'n_estimators': 76, 'max_depth': 4, 'num_leaves': 51, 'learning_rate': 0.018602118810743477, 'subsample': 0.5877258780737462, 'colsample_bytree': 0.7657756869209191, 'min_child_samples': 63, 'reg_alpha': 0.005123994170264194, 'reg_lambda': 0.44145470178120466}. Best is trial 0 with value: -0.021248660217688606.
[I 2026-06-01 11:02:38,864] Trial 2 finished with value: -0.011217961348380481 and parameters: {'confidence_threshold': 0.7535593637012223, 'training_days': 310, 'n_estimators': 375, 'max_depth': 3, 'num_leaves': 32, 'learning_rate': 0.021735641882032388, 'subsample': 0.6468570231944146, 'colsample_bytree': 0.8154880619272439, 'min_child_samples': 27, 'reg_alpha': 8.004064028491336e-05, 'reg_lambda': 7.546835261630524e-05}. Best is trial 2 with value: -0.011217961348380481.
[I 2026-06-01 11:02:39,014] Trial 3 finished with value: 0.014594314376571183 and parameters: {'confidence_threshold': 0.6727897841776072, 'training_days': 220, 'n_estimators': 190, 'max_depth': 4, 'num_leaves': 58, 'learning_rate': 0.24810689332636193, 'subsample': 0.7509183379421682, 'colsample_bytree': 0.8119764758960556, 'min_child_samples': 29, 'reg_alpha': 7.1708285081421445e-06, 'reg_lambda': 5.412973582738627e-05}. Best is trial 3 with value: 0.014594314376571183.
[I 2026-06-01 11:02:39,121] Trial 4 finished with value: 0.10063915665252879 and parameters: {'confidence_threshold': 0.803208205259178, 'training_days': 130, 'n_estimators': 267, 'max_depth': 5, 'num_leaves': 40, 'learning_rate': 0.08041175317374143, 'subsample': 0.5603143329951619, 'colsample_bytree': 0.9131704002534167, 'min_child_samples': 68, 'reg_alpha': 0.0008046593428183385, 'reg_lambda': 1.2158346158765583e-05}. Best is trial 4 with value: 0.10063915665252879.
[I 2026-06-01 11:02:39,351] Trial 5 finished with value: -0.0067360813394667166 and parameters: {'confidence_threshold': 0.6064422761595144, 'training_days': 210, 'n_estimators': 357, 'max_depth': 5, 'num_leaves': 40, 'learning_rate': 0.0974221287220869, 'subsample': 0.7929682762811064, 'colsample_bytree': 0.8124517510478, 'min_child_samples': 74, 'reg_alpha': 0.3811377260781234, 'reg_lambda': 5.607314238392041e-08}. Best is trial 4 with value: 0.10063915665252879.
[I 2026-06-01 11:02:39,466] Trial 6 finished with value: 0.05284519513931425 and parameters: {'confidence_threshold': 0.7672889945051684, 'training_days': 130, 'n_estimators': 137, 'max_depth': 4, 'num_leaves': 19, 'learning_rate': 0.2031117614248665, 'subsample': 0.8136244860256343, 'colsample_bytree': 0.8617081790949774, 'min_child_samples': 21, 'reg_alpha': 0.002238138278733199, 'reg_lambda': 0.001025809534977322}. Best is trial 4 with value: 0.10063915665252879.
[I 2026-06-01 11:02:39,532] Trial 7 finished with value: 0.06244133793140742 and parameters: {'confidence_threshold': 0.555635875450653, 'training_days': 80, 'n_estimators': 363, 'max_depth': 3, 'num_leaves': 48, 'learning_rate': 0.06590089024008658, 'subsample': 0.6944752870615722, 'colsample_bytree': 0.962566244806993, 'min_child_samples': 88, 'reg_alpha': 1.6465620446426067e-05, 'reg_lambda': 2.4678750890085655e-08}. Best is trial 4 with value: 0.10063915665252879.
[I 2026-06-01 11:02:39,854] Trial 8 finished with value: 0.020267144780055247 and parameters: {'confidence_threshold': 0.6066688256938841, 'training_days': 200, 'n_estimators': 367, 'max_depth': 5, 'num_leaves': 32, 'learning_rate': 0.13377519215934996, 'subsample': 0.7965884582811106, 'colsample_bytree': 0.8458508993500886, 'min_child_samples': 32, 'reg_alpha': 3.889436043816386e-05, 'reg_lambda': 1.4713062489380356e-06}. Best is trial 4 with value: 0.10063915665252879.
