[I 2026-06-01 11:02:43,172] Trial 17 finished with value: 0.06737567004927009 and parameters: {'confidence_threshold': 0.5028255678835912, 'training_days': 70, 'n_estimators': 319, 'max_depth': 3, 'num_leaves': 22, 'learning_rate': 0.1913942156766461, 'subsample': 0.7671123975508201, 'colsample_bytree': 0.720096132447481, 'min_child_samples': 62, 'reg_alpha': 0.0032469148398323448, 'reg_lambda': 3.756010955927394}. Best is trial 2 with value: 0.12057294510456154.

    [trial 13] Sharpe=0.1206 (folds: 0.1549, 0.1220, 0.1480, 0.1193, 0.0587)
    [trial 14] 46 features, training_days=20 | threshold=0.514 | labels: 1053 long, 1115 short (49/51%)
    [trial 14] Sharpe=0.0742 (folds: -0.0770, 0.1220, 0.1480, 0.1193, 0.0587)
    [trial 15] 46 features, training_days=60 | threshold=0.555 | labels: 1053 long, 1115 short (49/51%)
    [trial 15] Sharpe=-1.9635 (folds: -10.0000, -0.1436, 0.1480, 0.1193, 0.0587)
    [trial 16] 46 features, training_days=350 | threshold=0.557 | labels: 1053 long, 1115 short (49/51%)
    [trial 16] Sharpe=-0.0600 (folds: 0.1331, -0.0897, -0.4171, -0.0426, 0.1163)
    [trial 17] 46 features, training_days=70 | threshold=0.666 | labels: 1053 long, 1115 short (49/51%)
    [trial 17] Sharpe=0.1116 (folds: 0.2299, 0.0221, 0.0538, 0.1232, 0.1287)
  Optuna: 18 trials, best Sharpe = 0.1206
  Best params: n_estimators=262, max_depth=3, lr=0.0737, leaves=44
  Best confidence_threshold: 0.508
  Best training_days: 10
  Retrained on full data (30 samples, 46 features)
  [ensemble 3/3] seed=456
    [trial 0] 46 features, training_days=90 | threshold=0.587 | labels: 1053 long, 1115 short (49/51%)
    [CV fold 0] train_end=2021-05-25 08:00 | val_start=2021-06-02 00:00 | gap=184h (22 rows)
    [CV fold 1] train_end=2021-09-22 16:00 | val_start=2021-09-30 08:00 | gap=184h (22 rows)
    [CV fold 2] train_end=2022-01-21 00:00 | val_start=2022-01-28 16:00 | gap=184h (22 rows)
    [CV fold 3] train_end=2022-05-21 08:00 | val_start=2022-05-29 00:00 | gap=184h (22 rows)
    [CV fold 4] train_end=2022-09-18 16:00 | val_start=2022-09-26 08:00 | gap=184h (22 rows)
    [trial 0] Sharpe=0.0525 (folds: 0.2309, -0.0407, 0.0951, -0.1652, 0.1423)
    [trial 1] 46 features, training_days=290 | threshold=0.635 | labels: 1053 long, 1115 short (49/51%)
    [trial 1] Sharpe=-0.0074 (folds: 0.2789, -0.0856, -0.0208, -0.1311, -0.0782)
    [trial 2] 46 features, training_days=10 | threshold=0.585 | labels: 1053 long, 1115 short (49/51%)
    [trial 2] Sharpe=0.1206 (folds: 0.1549, 0.1220, 0.1480, 0.1193, 0.0587)
    [trial 3] 46 features, training_days=220 | threshold=0.687 | labels: 1053 long, 1115 short (49/51%)
    [trial 3] Sharpe=-0.1339 (folds: 0.2795, -0.2847, -0.0450, -0.3124, -0.3071)
    [trial 4] 46 features, training_days=300 | threshold=0.562 | labels: 1053 long, 1115 short (49/51%)
    [trial 4] Sharpe=0.0062 (folds: 0.1974, -0.0994, 0.1494, -0.1592, -0.0572)
    [trial 5] 46 features, training_days=490 | threshold=0.711 | labels: 1053 long, 1115 short (49/51%)
    [trial 5] Sharpe=0.0304 (folds: 0.2014, -0.1257, 0.0436, -0.0902, 0.1229)
    [trial 6] 46 features, training_days=420 | threshold=0.667 | labels: 1053 long, 1115 short (49/51%)
    [trial 6] Sharpe=-0.0468 (folds: 0.2207, -0.1499, -0.1691, -0.0071, -0.1287)
    [trial 7] 46 features, training_days=120 | threshold=0.550 | labels: 1053 long, 1115 short (49/51%)
    [trial 7] Sharpe=0.0657 (folds: 0.1780, -0.0162, 0.1917, -0.1123, 0.0873)
    [trial 8] 46 features, training_days=450 | threshold=0.720 | labels: 1053 long, 1115 short (49/51%)
    [trial 8] Sharpe=-0.0279 (folds: 0.2727, -0.2554, -0.0968, 0.0116, -0.0717)
    [trial 9] 46 features, training_days=20 | threshold=0.727 | labels: 1053 long, 1115 short (49/51%)
    [trial 9] Sharpe=0.0742 (folds: -0.0770, 0.1220, 0.1480, 0.1193, 0.0587)
    [trial 10] 46 features, training_days=10 | threshold=0.840 | labels: 1053 long, 1115 short (49/51%)
    [trial 10] Sharpe=0.1206 (folds: 0.1549, 0.1220, 0.1480, 0.1193, 0.0587)
    [trial 11] 46 features, training_days=10 | threshold=0.849 | labels: 1053 long, 1115 short (49/51%)
    [trial 11] Sharpe=0.1206 (folds: 0.1549, 0.1220, 0.1480, 0.1193, 0.0587)
    [trial 12] 46 features, training_days=140 | threshold=0.839 | labels: 1053 long, 1115 short (49/51%)
    [trial 12] Sharpe=0.0878 (folds: 0.2330, 0.0013, 0.2263, -0.0379, 0.0165)
    [trial 13] 46 features, training_days=200 | threshold=0.504 | labels: 1053 long, 1115 short (49/51%)
    [trial 13] Sharpe=0.0097 (folds: 0.2219, -0.2157, 0.1094, -0.0130, -0.0538)
    [trial 14] 46 features, training_days=70 | threshold=0.772 | labels: 1053 long, 1115 short (49/51%)
    [trial 14] Sharpe=0.0743 (folds: 0.1970, -0.0398, 0.0889, 0.0958, 0.0297)
    [trial 15] 46 features, training_days=160 | threshold=0.783 | labels: 1053 long, 1115 short (49/51%)
    [trial 15] Sharpe=-1.9049 (folds: 0.1562, 0.5489, -10.0000, 0.0239, -0.2533)
    [trial 16] 46 features, training_days=360 | threshold=0.622 | labels: 1053 long, 1115 short (49/51%)
    [trial 16] Sharpe=-0.0097 (folds: 0.1996, -0.0575, 0.0202, -0.1463, -0.0644)
    [trial 17] 46 features, training_days=70 | threshold=0.503 | labels: 1053 long, 1115 short (49/51%)
    [trial 17] Sharpe=0.0674 (folds: 0.1811, -0.0560, 0.0086, 0.1159, 0.0873)
  Optuna: 18 trials, best Sharpe = 0.1206
  Best params: n_estimators=212, max_depth=3, lr=0.1845, leaves=41
  Best confidence_threshold: 0.585
  Best training_days: 10
  Retrained on full data (30 samples, 46 features)
  OOD: 16 features, cutoff (q=0.7) = 14.45
  Model trained for 2023-02: 84 test candles with features, confidence_threshold=0.638
[predict] 2023-02-08 00:00 DOTUSDT → LONG (proba=0.87 TP=11.8%/SL=5.9%)
[trade:open] 2023-02-08 07:59 DOTUSDT LONG @ 6.90 | SL=6.50 TP=7.72 | timeout=2023-02-15 07:59
[trade:close] 2023-02-09 23:59 DOTUSDT LONG → stop_loss @ 6.50 | PnL=-5.90% (net -6.00%) | cum=-33.11% 2023-02=-6.00% 2023-02-09=-6.00%
[predict] 2023-02-14 16:00 DOTUSDT → LONG (proba=0.65 TP=11.4%/SL=5.7%)
[trade:open] 2023-02-14 23:59 DOTUSDT LONG @ 6.22 | SL=5.87 TP=6.93 | timeout=2023-02-21 23:59
[trade:close] 2023-02-17 23:59 DOTUSDT LONG → take_profit @ 6.93 | PnL=+11.39% (net +11.29%) | cum=-21.82% 2023-02=+5.29% 2023-02-17=+11.29%
[predict] 2023-02-18 16:00 DOTUSDT → LONG (proba=0.89 TP=12.6%/SL=6.3%)
[trade:open] 2023-02-18 23:59 DOTUSDT LONG @ 7.23 | SL=6.78 TP=8.14 | timeout=2023-02-25 23:59
[trade:close] 2023-02-24 15:59 DOTUSDT LONG → stop_loss @ 6.78 | PnL=-6.29% (net -6.39%) | cum=-28.21% 2023-02=-1.10% 2023-02-24=-6.39%
[lgbm] === Training for 2023-03 ===
  Train window: 2021-03-01 → 2023-02-21
  2168 training samples from 1 symbols
  Samples per month: 2021-03: 93, 2021-04: 90, 2021-05: 93, 2021-06: 90, 2021-07: 93, 2021-08: 93, 2021-09: 90, 2021-10: 93, 2021-11: 90, 2021-12: 93, 2022-01: 93, 2022-02: 84, 2022-03: 93, 2022-04: 90, 2022-05: 93, 2022-06: 90, 2022-07: 93, 2022-08: 93, 2022-09: 90, 2022-10: 93, 2022-11: 90, 2022-12: 93, 2023-01: 93, 2023-02: 62
  [label] 2021-05-01 16:00 DOTUSDT entry=36.9590 → LONG | long=tp(+16.32%) short=sl(-8.31%) | scanned=15 | long_tp_only
  [label] 2021-05-03 16:00 DOTUSDT entry=37.2960 → LONG | long=sl(-7.67%) short=sl(-7.67%) | scanned=6 | no_tp→fwd_return=+8.5291
  [label] 2021-05-07 16:00 DOTUSDT entry=39.8650 → LONG | long=sl(-11.68%) short=sl(-11.68%) | scanned=20 | no_tp→fwd_return=+11.4035
  [label] 2021-06-01 08:00 DOTUSDT entry=22.2200 → SHORT | long=timeout(-8.75%) short=sl(-18.02%) | scanned=22 | no_tp→fwd_return=-8.6544
  [label] 2021-07-23 16:00 DOTUSDT entry=13.3860 → LONG | long=timeout(+17.78%) short=sl(-9.71%) | scanned=22 | no_tp→fwd_return=+17.8769
  [label] 2022-01-05 16:00 DOTUSDT entry=26.6840 → LONG | long=sl(-11.21%) short=timeout(-2.42%) | scanned=22 | no_tp→fwd_return=+2.3197
  [label] 2022-01-09 16:00 DOTUSDT entry=24.6250 → LONG | long=timeout(+12.29%) short=sl(-10.07%) | scanned=22 | no_tp→fwd_return=+12.3858
  [label] 2022-01-20 08:00 DOTUSDT entry=25.3840 → SHORT | long=sl(-7.68%) short=tp(+15.07%) | scanned=3 | short_tp_only
  [label] 2022-03-06 08:00 DOTUSDT entry=16.9450 → LONG | long=timeout(+4.61%) short=sl(-8.30%) | scanned=22 | no_tp→fwd_return=+4.7094
  [label] 2022-03-14 16:00 DOTUSDT entry=17.6800 → LONG | long=timeout(+5.84%) short=sl(-7.14%) | scanned=22 | no_tp→fwd_return=+5.9446
  [label] 2022-06-13 00:00 DOTUSDT entry=6.7580 → LONG | long=tp(+26.27%) short=sl(-13.28%) | scanned=8 | long_tp_only
  [label] 2022-07-15 00:00 DOTUSDT entry=6.7760 → LONG | long=tp(+13.55%) short=sl(-6.93%) | scanned=10 | long_tp_only
  [label] 2022-07-31 00:00 DOTUSDT entry=8.2450 → LONG | long=timeout(+2.70%) short=sl(-8.50%) | scanned=22 | no_tp→fwd_return=+2.8017[I 2026-06-01 11:02:43,530] A new study created in memory with name: no-name-25a82814-658e-43b4-9c2f-7b9b55f35e1a
[I 2026-06-01 11:02:43,860] Trial 0 finished with value: -0.04106143249443499 and parameters: {'confidence_threshold': 0.6310890415965769, 'training_days': 480, 'n_estimators': 380, 'max_depth': 4, 'num_leaves': 22, 'learning_rate': 0.01699897838270077, 'subsample': 0.5290418060840998, 'colsample_bytree': 0.9330880728874675, 'min_child_samples': 68, 'reg_alpha': 0.023585940584142682, 'reg_lambda': 1.5320059381854043e-08}. Best is trial 0 with value: -0.04106143249443499.
[I 2026-06-01 11:02:43,969] Trial 1 finished with value: -3.952455534303546 and parameters: {'confidence_threshold': 0.839468448256698, 'training_days': 420, 'n_estimators': 145, 'max_depth': 3, 'num_leaves': 23, 'learning_rate': 0.028145092716060652, 'subsample': 0.762378215816119, 'colsample_bytree': 0.7159725093210578, 'min_child_samples': 43, 'reg_alpha': 0.0032112643094417484, 'reg_lambda': 1.8007140198129195e-07}. Best is trial 0 with value: -0.04106143249443499.
[I 2026-06-01 11:02:44,102] Trial 2 finished with value: -0.04166088097665103 and parameters: {'confidence_threshold': 0.6022506269873263, 'training_days': 190, 'n_estimators': 255, 'max_depth': 5, 'num_leaves': 24, 'learning_rate': 0.05748924681991978, 'subsample': 0.7962072844310213, 'colsample_bytree': 0.5232252063599989, 'min_child_samples': 69, 'reg_alpha': 3.425445902633376e-07, 'reg_lambda': 3.850031979199519e-08}. Best is trial 0 with value: -0.04106143249443499.
[I 2026-06-01 11:02:44,371] Trial 3 finished with value: 0.006322607262619533 and parameters: {'confidence_threshold': 0.8321099380386666, 'training_days': 490, 'n_estimators': 414, 'max_depth': 3, 'num_leaves': 19, 'learning_rate': 0.1024932221692416, 'subsample': 0.7200762468698007, 'colsample_bytree': 0.5610191174223894, 'min_child_samples': 60, 'reg_alpha': 2.039373116525212e-08, 'reg_lambda': 1.527156759251193}. Best is trial 3 with value: 0.006322607262619533.
[I 2026-06-01 11:02:44,524] Trial 4 finished with value: -0.04482963726661758 and parameters: {'confidence_threshold': 0.5905729935600059, 'training_days': 340, 'n_estimators': 190, 'max_depth': 4, 'num_leaves': 41, 'learning_rate': 0.01875220945578641, 'subsample': 0.9847923138822793, 'colsample_bytree': 0.8875664116805573, 'min_child_samples': 96, 'reg_alpha': 1.1309571585271483, 'reg_lambda': 0.002404915432737351}. Best is trial 3 with value: 0.006322607262619533.
[I 2026-06-01 11:02:44,564] Trial 5 finished with value: -0.0008798562134082949 and parameters: {'confidence_threshold': 0.8226559822580909, 'training_days': 50, 'n_estimators': 138, 'max_depth': 3, 'num_leaves': 30, 'learning_rate': 0.03750796359625606, 'subsample': 0.6356745158869479, 'colsample_bytree': 0.9143687545759647, 'min_child_samples': 48, 'reg_alpha': 3.376063348877853e-06, 'reg_lambda': 0.0007660634613082914}. Best is trial 3 with value: 0.006322607262619533.
[I 2026-06-01 11:02:44,658] Trial 6 finished with value: -0.09057111847401207 and parameters: {'confidence_threshold': 0.5493234787411669, 'training_days': 410, 'n_estimators': 83, 'max_depth': 5, 'num_leaves': 52, 'learning_rate': 0.019657448966046126, 'subsample': 0.5027610585618012, 'colsample_bytree': 0.9077307142274171, 'min_child_samples': 77, 'reg_alpha': 0.03639690979811287, 'reg_lambda': 0.08738424135626986}. Best is trial 3 with value: 0.006322607262619533.
[I 2026-06-01 11:02:44,744] Trial 7 finished with value: -0.048334445489453814 and parameters: {'confidence_threshold': 0.5259156281069316, 'training_days': 180, 'n_estimators': 102, 'max_depth': 5, 'num_leaves': 45, 'learning_rate': 0.030816017044468066, 'subsample': 0.5317791751430119, 'colsample_bytree': 0.6554911608578311, 'min_child_samples': 46, 'reg_alpha': 0.036851536911881845, 'reg_lambda': 0.005470376807480391}. Best is trial 3 with value: 0.006322607262619533.
[I 2026-06-01 11:02:44,843] Trial 8 finished with value: -0.021152598884932053 and parameters: {'confidence_threshold': 0.8105244599017143, 'training_days': 240, 'n_estimators': 103, 'max_depth': 5, 'num_leaves': 52, 'learning_rate': 0.06746437142284309, 'subsample': 0.8854835899772805, 'colsample_bytree': 0.7468977981821954, 'min_child_samples': 62, 'reg_alpha': 7.04480806377519e-05, 'reg_lambda': 1.6934490731313353e-08}. Best is trial 3 with value: 0.006322607262619533.
[I 2026-06-01 11:02:44,865] Trial 9 finished with value: -0.0645566475741996 and parameters: {'confidence_threshold': 0.5377619994476566, 'training_days': 20, 'n_estimators': 337, 'max_depth': 3, 'num_leaves': 39, 'learning_rate': 0.21907142272152816, 'subsample': 0.6246461145744375, 'colsample_bytree': 0.7051914615178149, 'min_child_samples': 81, 'reg_alpha': 1.1459970229341322e-06, 'reg_lambda': 4.929685216887945e-08}. Best is trial 3 with value: 0.006322607262619533.
[I 2026-06-01 11:02:45,307] Trial 10 finished with value: 0.04334698306903068 and parameters: {'confidence_threshold': 0.7301111584710253, 'training_days': 350, 'n_estimators': 487, 'max_depth': 4, 'num_leaves': 15, 'learning_rate': 0.1457937958927628, 'subsample': 0.6806559982209046, 'colsample_bytree': 0.5055805119629307, 'min_child_samples': 27, 'reg_alpha': 1.290626345465208e-08, 'reg_lambda': 8.530248590348572}. Best is trial 10 with value: 0.04334698306903068.
[I 2026-06-01 11:02:45,773] Trial 11 finished with value: 0.05000505203811974 and parameters: {'confidence_threshold': 0.7362794324400819, 'training_days': 330, 'n_estimators': 496, 'max_depth': 4, 'num_leaves': 15, 'learning_rate': 0.14177216111406155, 'subsample': 0.6743595107582037, 'colsample_bytree': 0.5039870416163934, 'min_child_samples': 20, 'reg_alpha': 3.5096213893268635e-08, 'reg_lambda': 9.74477562314831}. Best is trial 11 with value: 0.05000505203811974.
[I 2026-06-01 11:02:46,261] Trial 12 finished with value: 0.03549474252050505 and parameters: {'confidence_threshold': 0.7237511304231952, 'training_days': 320, 'n_estimators': 497, 'max_depth': 4, 'num_leaves': 15, 'learning_rate': 0.22381551959695103, 'subsample': 0.6707503323647319, 'colsample_bytree': 0.5938663488127846, 'min_child_samples': 20, 'reg_alpha': 1.0983340064482528e-08, 'reg_lambda': 4.071868912373007}. Best is trial 11 with value: 0.05000505203811974.
[I 2026-06-01 11:02:46,676] Trial 13 finished with value: 0.057069936473280444 and parameters: {'confidence_threshold': 0.7292126532531366, 'training_days': 320, 'n_estimators': 500, 'max_depth': 4, 'num_leaves': 62, 'learning_rate': 0.12752855038285513, 'subsample': 0.8282470923531308, 'colsample_bytree': 0.5142448870569309, 'min_child_samples': 21, 'reg_alpha': 5.455813891552554e-05, 'reg_lambda': 9.816846719812967e-06}. Best is trial 13 with value: 0.057069936473280444.
[I 2026-06-01 11:02:47,014] Trial 14 finished with value: 0.05974750152041578 and parameters: {'confidence_threshold': 0.7467244789105287, 'training_days': 250, 'n_estimators': 432, 'max_depth': 4, 'num_leaves': 60, 'learning_rate': 0.10217359580249862, 'subsample': 0.8450855609847991, 'colsample_bytree': 0.6185331095045667, 'min_child_samples': 31, 'reg_alpha': 4.850137812487697e-05, 'reg_lambda': 7.565770484313319e-06}. Best is trial 14 with value: 0.05974750152041578.
[I 2026-06-01 11:02:47,235] Trial 15 finished with value: -0.022007204476537555 and parameters: {'confidence_threshold': 0.6765617313687508, 'training_days': 120, 'n_estimators': 427, 'max_depth': 4, 'num_leaves': 63, 'learning_rate': 0.09338105432527308, 'subsample': 0.8535972392831757, 'colsample_bytree': 0.6228583767958987, 'min_child_samples': 34, 'reg_alpha': 8.430542834627463e-05, 'reg_lambda': 8.353641949713611e-06}. Best is trial 14 with value: 0.05974750152041578.
[I 2026-06-01 11:02:47,528] Trial 16 finished with value: 0.04203993094565574 and parameters: {'confidence_threshold': 0.7718090261795174, 'training_days': 260, 'n_estimators': 327, 'max_depth': 4, 'num_leaves': 63, 'learning_rate': 0.2961553804637912, 'subsample': 0.9371158895275773, 'colsample_bytree': 0.8338962247920462, 'min_child_samples': 34, 'reg_alpha': 1.6230643075200477e-05, 'reg_lambda': 2.3338138130077396e-05}. Best is trial 14 with value: 0.05974750152041578.
[I 2026-06-01 11:02:47,927] Trial 17 finished with value: -0.0168567809993458 and parameters: {'confidence_threshold': 0.6755099553978283, 'training_days': 260, 'n_estimators': 449, 'max_depth': 4, 'num_leaves': 56, 'learning_rate': 0.010425658055299656, 'subsample': 0.8366733523272174, 'colsample_bytree': 0.9956385980717998, 'min_child_samples': 35, 'reg_alpha': 0.0011035197836351048, 'reg_lambda': 1.7627606413394018e-06}. Best is trial 14 with value: 0.05974750152041578.
[I 2026-06-01 11:02:48,122] A new study created in memory with name: no-name-3743be87-44de-4274-86fd-63e158ee01fb
[I 2026-06-01 11:02:48,214] Trial 0 finished with value: -0.004328701853890704 and parameters: {'confidence_threshold': 0.7437642149592516, 'training_days': 150, 'n_estimators': 152, 'max_depth': 4, 'num_leaves': 50, 'learning_rate': 0.04216766425047743, 'subsample': 0.9903820991923078, 'colsample_bytree': 0.8424148692924316, 'min_child_samples': 58, 'reg_alpha': 3.381097259762742e-05, 'reg_lambda': 1.2263152961306247e-05}. Best is trial 0 with value: -0.004328701853890704.
[I 2026-06-01 11:02:48,283] Trial 1 finished with value: -4.053510330930579 and parameters: {'confidence_threshold': 0.7551673975844145, 'training_days': 220, 'n_estimators': 76, 'max_depth': 4, 'num_leaves': 51, 'learning_rate': 0.018602118810743477, 'subsample': 0.5877258780737462, 'colsample_bytree': 0.7657756869209191, 'min_child_samples': 63, 'reg_alpha': 0.005123994170264194, 'reg_lambda': 0.44145470178120466}. Best is trial 0 with value: -0.004328701853890704.
[I 2026-06-01 11:02:48,536] Trial 2 finished with value: 0.0008321983032280142 and parameters: {'confidence_threshold': 0.7535593637012223, 'training_days': 310, 'n_estimators': 375, 'max_depth': 3, 'num_leaves': 32, 'learning_rate': 0.021735641882032388, 'subsample': 0.6468570231944146, 'colsample_bytree': 0.8154880619272439, 'min_child_samples': 27, 'reg_alpha': 8.004064028491336e-05, 'reg_lambda': 7.546835261630524e-05}. Best is trial 2 with value: 0.0008321983032280142.
[I 2026-06-01 11:02:48,697] Trial 3 finished with value: 0.019780206241919868 and parameters: {'confidence_threshold': 0.6727897841776072, 'training_days': 220, 'n_estimators': 190, 'max_depth': 4, 'num_leaves': 58, 'learning_rate': 0.24810689332636193, 'subsample': 0.7509183379421682, 'colsample_bytree': 0.8119764758960556, 'min_child_samples': 29, 'reg_alpha': 7.1708285081421445e-06, 'reg_lambda': 5.412973582738627e-05}. Best is trial 3 with value: 0.019780206241919868.
[I 2026-06-01 11:02:48,803] Trial 4 finished with value: -0.008331264756504003 and parameters: {'confidence_threshold': 0.803208205259178, 'training_days': 130, 'n_estimators': 267, 'max_depth': 5, 'num_leaves': 40, 'learning_rate': 0.08041175317374143, 'subsample': 0.5603143329951619, 'colsample_bytree': 0.9131704002534167, 'min_child_samples': 68, 'reg_alpha': 0.0008046593428183385, 'reg_lambda': 1.2158346158765583e-05}. Best is trial 3 with value: 0.019780206241919868.
[I 2026-06-01 11:02:49,026] Trial 5 finished with value: 0.028035608729156402 and parameters: {'confidence_threshold': 0.6064422761595144, 'training_days': 210, 'n_estimators': 357, 'max_depth': 5, 'num_leaves': 40, 'learning_rate': 0.0974221287220869, 'subsample': 0.7929682762811064, 'colsample_bytree': 0.8124517510478, 'min_child_samples': 74, 'reg_alpha': 0.3811377260781234, 'reg_lambda': 5.607314238392041e-08}. Best is trial 5 with value: 0.028035608729156402.
[I 2026-06-01 11:02:49,125] Trial 6 finished with value: -0.040074809447055805 and parameters: {'confidence_threshold': 0.7672889945051684, 'training_days': 130, 'n_estimators': 137, 'max_depth': 4, 'num_leaves': 19, 'learning_rate': 0.2031117614248665, 'subsample': 0.8136244860256343, 'colsample_bytree': 0.8617081790949774, 'min_child_samples': 21, 'reg_alpha': 0.002238138278733199, 'reg_lambda': 0.001025809534977322}. Best is trial 5 with value: 0.028035608729156402.
[I 2026-06-01 11:02:49,195] Trial 7 finished with value: 0.013623538031641708 and parameters: {'confidence_threshold': 0.555635875450653, 'training_days': 80, 'n_estimators': 363, 'max_depth': 3, 'num_leaves': 48, 'learning_rate': 0.06590089024008658, 'subsample': 0.6944752870615722, 'colsample_bytree': 0.962566244806993, 'min_child_samples': 88, 'reg_alpha': 1.6465620446426067e-05, 'reg_lambda': 2.4678750890085655e-08}. Best is trial 5 with value: 0.028035608729156402.
[I 2026-06-01 11:02:49,524] Trial 8 finished with value: 0.061888347510592114 and parameters: {'confidence_threshold': 0.6066688256938841, 'training_days': 200, 'n_estimators': 367, 'max_depth': 5, 'num_leaves': 32, 'learning_rate': 0.13377519215934996, 'subsample': 0.7965884582811106, 'colsample_bytree': 0.8458508993500886, 'min_child_samples': 32, 'reg_alpha': 3.889436043816386e-05, 'reg_lambda': 1.4713062489380356e-06}. Best is trial 8 with value: 0.061888347510592114.
