[I 2026-06-01 11:02:49,732] Trial 9 finished with value: -0.05131264303987511 and parameters: {'confidence_threshold': 0.6202096049169137, 'training_days': 260, 'n_estimators': 350, 'max_depth': 3, 'num_leaves': 21, 'learning_rate': 0.02989540198065364, 'subsample': 0.8307821683331218, 'colsample_bytree': 0.923253112635361, 'min_child_samples': 64, 'reg_alpha': 0.4898604619604203, 'reg_lambda': 2.9076377687066166e-05}. Best is trial 8 with value: 0.061888347510592114.
[I 2026-06-01 11:02:50,228] Trial 10 finished with value: -0.03131884456989052 and parameters: {'confidence_threshold': 0.5342665212695602, 'training_days': 470, 'n_estimators': 493, 'max_depth': 5, 'num_leaves': 30, 'learning_rate': 0.010221918552934462, 'subsample': 0.9182272143313567, 'colsample_bytree': 0.6202684210924141, 'min_child_samples': 44, 'reg_alpha': 1.466506858166308e-08, 'reg_lambda': 0.014616129255130504}. Best is trial 8 with value: 0.061888347510592114.
[I 2026-06-01 11:02:50,599] Trial 11 finished with value: -0.012394940326786256 and parameters: {'confidence_threshold': 0.607296338357605, 'training_days': 360, 'n_estimators': 477, 'max_depth': 5, 'num_leaves': 36, 'learning_rate': 0.12199762873742671, 'subsample': 0.8344214603932569, 'colsample_bytree': 0.6661831737797719, 'min_child_samples': 86, 'reg_alpha': 0.22420772377574527, 'reg_lambda': 3.030764495173662e-08}. Best is trial 8 with value: 0.061888347510592114.
[I 2026-06-01 11:02:50,631] Trial 12 finished with value: -0.0645566475741996 and parameters: {'confidence_threshold': 0.6181766826006161, 'training_days': 20, 'n_estimators': 287, 'max_depth': 5, 'num_leaves': 41, 'learning_rate': 0.12809347518986527, 'subsample': 0.7462630151554006, 'colsample_bytree': 0.5197889515780572, 'min_child_samples': 100, 'reg_alpha': 6.210448045058425, 'reg_lambda': 5.116535876235931e-07}. Best is trial 8 with value: 0.061888347510592114.
[I 2026-06-01 11:02:51,031] Trial 13 finished with value: 0.01065252434606299 and parameters: {'confidence_threshold': 0.503854589246995, 'training_days': 400, 'n_estimators': 413, 'max_depth': 5, 'num_leaves': 26, 'learning_rate': 0.1263297812055253, 'subsample': 0.8767161339646822, 'colsample_bytree': 0.7082407533656954, 'min_child_samples': 51, 'reg_alpha': 5.118802298244082e-07, 'reg_lambda': 3.9280290511036376e-07}. Best is trial 8 with value: 0.061888347510592114.

  [label] 2022-08-12 16:00 DOTUSDT entry=9.4710 → SHORT | long=sl(-6.67%) short=tp(+13.05%) | scanned=18 | short_tp_only
  [label] 2022-08-31 08:00 DOTUSDT entry=7.0960 → LONG | long=timeout(+0.04%) short=sl(-6.71%) | scanned=22 | no_tp→fwd_return=+0.1409
  [label] 2022-09-06 16:00 DOTUSDT entry=6.8720 → LONG | long=tp(+14.35%) short=sl(-7.33%) | scanned=8 | long_tp_only
  [label] 2022-09-19 00:00 DOTUSDT entry=6.1930 → LONG | long=timeout(+1.00%) short=timeout(-1.20%) | scanned=22 | no_tp→fwd_return=+1.0980
  [label] 2022-10-28 08:00 DOTUSDT entry=6.4430 → SHORT | long=sl(-4.49%) short=sl(-4.49%) | scanned=16 | no_tp→fwd_return=-2.9800
  [label] 2022-11-07 08:00 DOTUSDT entry=7.1320 → SHORT | long=sl(-6.51%) short=tp(+12.72%) | scanned=4 | short_tp_only
  [label] 2023-02-01 08:00 DOTUSDT entry=6.0570 → LONG | long=tp(+11.57%) short=sl(-5.93%) | scanned=4 | long_tp_only
  Labels: 1029 long (47.5%), 1139 short (52.5%) | weights: min=1.00, mean=3.35, max=10.00
  Features: 2168/2168 matched, 46 columns
  CV gap: 22 rows
  [ensemble 1/3] seed=42
    [trial 0] 46 features, training_days=480 | threshold=0.631 | labels: 1029 long, 1139 short (47/53%)
    [CV fold 0] train_end=2021-06-22 08:00 | val_start=2021-06-30 00:00 | gap=184h (22 rows)
    [CV fold 1] train_end=2021-10-20 16:00 | val_start=2021-10-28 08:00 | gap=184h (22 rows)
    [CV fold 2] train_end=2022-02-18 00:00 | val_start=2022-02-25 16:00 | gap=184h (22 rows)
    [CV fold 3] train_end=2022-06-18 08:00 | val_start=2022-06-26 00:00 | gap=184h (22 rows)
    [CV fold 4] train_end=2022-10-16 16:00 | val_start=2022-10-24 08:00 | gap=184h (22 rows)
    [trial 0] Sharpe=-0.0411 (folds: 0.0072, -0.2272, 0.0773, -0.0529, -0.0096)
    [trial 1] 46 features, training_days=420 | threshold=0.839 | labels: 1029 long, 1139 short (47/53%)
    [trial 1] Sharpe=-3.9525 (folds: 0.1726, -0.1392, -10.0000, 0.2044, -10.0000)
    [trial 2] 46 features, training_days=190 | threshold=0.602 | labels: 1029 long, 1139 short (47/53%)
    [trial 2] Sharpe=-0.0417 (folds: 0.0180, -0.1506, 0.0433, -0.0360, -0.0829)
    [trial 3] 46 features, training_days=490 | threshold=0.832 | labels: 1029 long, 1139 short (47/53%)
    [trial 3] Sharpe=0.0063 (folds: 0.0580, -0.2030, 0.2511, -0.0685, -0.0059)
    [trial 4] 46 features, training_days=340 | threshold=0.591 | labels: 1029 long, 1139 short (47/53%)
    [trial 4] Sharpe=-0.0448 (folds: 0.0467, -0.1890, 0.0084, 0.0076, -0.0978)
    [trial 5] 46 features, training_days=50 | threshold=0.823 | labels: 1029 long, 1139 short (47/53%)
    [trial 5] Sharpe=-0.0009 (folds: -0.1642, -0.0892, 0.0938, 0.2518, -0.0966)
    [trial 6] 46 features, training_days=410 | threshold=0.549 | labels: 1029 long, 1139 short (47/53%)
    [trial 6] Sharpe=-0.0906 (folds: 0.0086, -0.1159, -0.1559, -0.1022, -0.0875)
    [trial 7] 46 features, training_days=180 | threshold=0.526 | labels: 1029 long, 1139 short (47/53%)
    [trial 7] Sharpe=-0.0483 (folds: -0.0142, -0.0999, 0.0137, -0.0452, -0.0961)
    [trial 8] 46 features, training_days=240 | threshold=0.811 | labels: 1029 long, 1139 short (47/53%)
    [trial 8] Sharpe=-0.0212 (folds: -0.0138, -0.1893, 0.2965, -0.1002, -0.0989)
    [trial 9] 46 features, training_days=20 | threshold=0.538 | labels: 1029 long, 1139 short (47/53%)
    [trial 9] Sharpe=-0.0646 (folds: -0.2854, -0.2504, 0.1643, 0.0870, -0.0383)
    [trial 10] 46 features, training_days=350 | threshold=0.730 | labels: 1029 long, 1139 short (47/53%)
    [trial 10] Sharpe=0.0433 (folds: 0.0693, -0.1165, 0.3037, -0.0166, -0.0231)
    [trial 11] 46 features, training_days=330 | threshold=0.736 | labels: 1029 long, 1139 short (47/53%)
    [trial 11] Sharpe=0.0500 (folds: 0.0528, -0.0929, 0.2720, -0.0419, 0.0600)
    [trial 12] 46 features, training_days=320 | threshold=0.724 | labels: 1029 long, 1139 short (47/53%)
    [trial 12] Sharpe=0.0355 (folds: 0.0484, -0.0713, 0.2556, -0.0660, 0.0108)
    [trial 13] 46 features, training_days=320 | threshold=0.729 | labels: 1029 long, 1139 short (47/53%)
    [trial 13] Sharpe=0.0571 (folds: 0.0835, -0.0234, 0.3329, -0.0495, -0.0581)
    [trial 14] 46 features, training_days=250 | threshold=0.747 | labels: 1029 long, 1139 short (47/53%)
    [trial 14] Sharpe=0.0597 (folds: 0.1357, -0.0828, 0.1994, 0.0311, 0.0153)
    [trial 15] 46 features, training_days=120 | threshold=0.677 | labels: 1029 long, 1139 short (47/53%)
    [trial 15] Sharpe=-0.0220 (folds: 0.0904, 0.0165, -0.1320, -0.2076, 0.1227)
    [trial 16] 46 features, training_days=260 | threshold=0.772 | labels: 1029 long, 1139 short (47/53%)
    [trial 16] Sharpe=0.0420 (folds: 0.1163, -0.0863, 0.1950, -0.0265, 0.0117)
    [trial 17] 46 features, training_days=260 | threshold=0.676 | labels: 1029 long, 1139 short (47/53%)
    [trial 17] Sharpe=-0.0169 (folds: 0.1952, -0.1410, -0.0040, -0.0573, -0.0771)
  Optuna: 18 trials, best Sharpe = 0.0597
  Best params: n_estimators=432, max_depth=4, lr=0.1022, leaves=60
  Best confidence_threshold: 0.747
  Best training_days: 250
  Retrained on full data (750 samples, 46 features)
  [ensemble 2/3] seed=123
    [trial 0] 46 features, training_days=150 | threshold=0.744 | labels: 1029 long, 1139 short (47/53%)
    [CV fold 0] train_end=2021-06-22 08:00 | val_start=2021-06-30 00:00 | gap=184h (22 rows)
    [CV fold 1] train_end=2021-10-20 16:00 | val_start=2021-10-28 08:00 | gap=184h (22 rows)
    [CV fold 2] train_end=2022-02-18 00:00 | val_start=2022-02-25 16:00 | gap=184h (22 rows)
    [CV fold 3] train_end=2022-06-18 08:00 | val_start=2022-06-26 00:00 | gap=184h (22 rows)
    [CV fold 4] train_end=2022-10-16 16:00 | val_start=2022-10-24 08:00 | gap=184h (22 rows)
    [trial 0] Sharpe=-0.0043 (folds: 0.0268, -0.3028, 0.1453, 0.0410, 0.0681)
    [trial 1] 46 features, training_days=220 | threshold=0.755 | labels: 1029 long, 1139 short (47/53%)
    [trial 1] Sharpe=-4.0535 (folds: -10.0000, -0.1613, -10.0000, -0.0535, -0.0528)
    [trial 2] 46 features, training_days=310 | threshold=0.754 | labels: 1029 long, 1139 short (47/53%)
    [trial 2] Sharpe=0.0008 (folds: 0.1623, -0.1448, 0.1072, -0.1026, -0.0180)
    [trial 3] 46 features, training_days=220 | threshold=0.673 | labels: 1029 long, 1139 short (47/53%)
    [trial 3] Sharpe=0.0198 (folds: 0.1396, -0.0779, 0.0134, 0.0386, -0.0148)
    [trial 4] 46 features, training_days=130 | threshold=0.803 | labels: 1029 long, 1139 short (47/53%)
    [trial 4] Sharpe=-0.0083 (folds: -0.0109, -0.0566, -0.0872, -0.0240, 0.1370)
    [trial 5] 46 features, training_days=210 | threshold=0.606 | labels: 1029 long, 1139 short (47/53%)
    [trial 5] Sharpe=0.0280 (folds: 0.0406, -0.0847, 0.1563, -0.0324, 0.0605)
    [trial 6] 46 features, training_days=130 | threshold=0.767 | labels: 1029 long, 1139 short (47/53%)
    [trial 6] Sharpe=-0.0401 (folds: 0.0974, 0.0292, -0.1888, -0.1079, -0.0303)
    [trial 7] 46 features, training_days=80 | threshold=0.556 | labels: 1029 long, 1139 short (47/53%)
    [trial 7] Sharpe=0.0136 (folds: -0.0353, -0.0814, -0.0244, 0.0612, 0.1481)
    [trial 8] 46 features, training_days=200 | threshold=0.607 | labels: 1029 long, 1139 short (47/53%)
    [trial 8] Sharpe=0.0619 (folds: 0.1501, 0.0088, 0.1992, -0.0207, -0.0279)
    [trial 9] 46 features, training_days=260 | threshold=0.620 | labels: 1029 long, 1139 short (47/53%)
    [trial 9] Sharpe=-0.0513 (folds: 0.0237, -0.2034, 0.0502, -0.0577, -0.0693)
    [trial 10] 46 features, training_days=470 | threshold=0.534 | labels: 1029 long, 1139 short (47/53%)
    [trial 10] Sharpe=-0.0313 (folds: 0.0604, -0.1213, 0.0780, -0.0971, -0.0767)
    [trial 11] 46 features, training_days=360 | threshold=0.607 | labels: 1029 long, 1139 short (47/53%)
    [trial 11] Sharpe=-0.0124 (folds: 0.1212, -0.2434, 0.1521, -0.0397, -0.0522)
    [trial 12] 46 features, training_days=20 | threshold=0.618 | labels: 1029 long, 1139 short (47/53%)
    [trial 12] Sharpe=-0.0646 (folds: -0.2854, -0.2504, 0.1643, 0.0870, -0.0383)
    [trial 13] 46 features, training_days=400 | threshold=0.504 | labels: 1029 long, 1139 short (47/53%)
    [trial 13] Sharpe=0.0107 (folds: 0.0950, -0.1151, 0.1505, -0.0624, -0.0148)
    [trial 14] 46 features, training_days=270 | threshold=0.687 | labels: 1029 long, 1139 short (47/53%)[I 2026-06-01 11:02:51,367] Trial 14 finished with value: 0.02944277204665009 and parameters: {'confidence_threshold': 0.686501707298844, 'training_days': 270, 'n_estimators': 296, 'max_depth': 5, 'num_leaves': 44, 'learning_rate': 0.08683124309802116, 'subsample': 0.7204416227477246, 'colsample_bytree': 0.9951780710339017, 'min_child_samples': 40, 'reg_alpha': 0.03895716396495772, 'reg_lambda': 3.5585869672187853e-07}. Best is trial 8 with value: 0.061888347510592114.
[I 2026-06-01 11:02:51,607] Trial 15 finished with value: 0.019812584757277527 and parameters: {'confidence_threshold': 0.68464932103292, 'training_days': 300, 'n_estimators': 265, 'max_depth': 4, 'num_leaves': 61, 'learning_rate': 0.0503098911409171, 'subsample': 0.507007918467014, 'colsample_bytree': 0.996817491883344, 'min_child_samples': 40, 'reg_alpha': 0.013638793211729876, 'reg_lambda': 1.1078385525034555e-06}. Best is trial 8 with value: 0.061888347510592114.
[I 2026-06-01 11:02:51,938] Trial 16 finished with value: 0.027438337719047256 and parameters: {'confidence_threshold': 0.6883476425343392, 'training_days': 350, 'n_estimators': 296, 'max_depth': 5, 'num_leaves': 15, 'learning_rate': 0.23138908595324284, 'subsample': 0.6543905327586119, 'colsample_bytree': 0.9005914761372691, 'min_child_samples': 37, 'reg_alpha': 1.0111242333452007e-06, 'reg_lambda': 0.0019821772168074165}. Best is trial 8 with value: 0.061888347510592114.
[I 2026-06-01 11:02:52,450] Trial 17 finished with value: 0.0349774483962049 and parameters: {'confidence_threshold': 0.666488584837589, 'training_days': 490, 'n_estimators': 429, 'max_depth': 5, 'num_leaves': 45, 'learning_rate': 0.18470046706923524, 'subsample': 0.7443930958821784, 'colsample_bytree': 0.9729169556795105, 'min_child_samples': 49, 'reg_alpha': 0.031339913113165224, 'reg_lambda': 2.1346874667285632e-06}. Best is trial 8 with value: 0.061888347510592114.
[I 2026-06-01 11:02:52,651] A new study created in memory with name: no-name-6511ddfd-bd74-46cb-a53f-a5c336476915
[I 2026-06-01 11:02:52,832] Trial 0 finished with value: 0.018064184666741995 and parameters: {'confidence_threshold': 0.5870645682749857, 'training_days': 90, 'n_estimators': 403, 'max_depth': 5, 'num_leaves': 45, 'learning_rate': 0.0780457193679974, 'subsample': 0.9428509515574568, 'colsample_bytree': 0.8795587339164916, 'min_child_samples': 34, 'reg_alpha': 2.2465901234314442e-07, 'reg_lambda': 8.339007036475363e-05}. Best is trial 0 with value: 0.018064184666741995.
[I 2026-06-01 11:02:52,940] Trial 1 finished with value: -0.06459935020672013 and parameters: {'confidence_threshold': 0.6348453934275313, 'training_days': 290, 'n_estimators': 115, 'max_depth': 5, 'num_leaves': 37, 'learning_rate': 0.06949568759029946, 'subsample': 0.8228505074024268, 'colsample_bytree': 0.8616703220431751, 'min_child_samples': 75, 'reg_alpha': 4.2486822725010923e-07, 'reg_lambda': 1.157247767047042e-07}. Best is trial 0 with value: 0.018064184666741995.
[I 2026-06-01 11:02:52,961] Trial 2 finished with value: -0.11715072424451878 and parameters: {'confidence_threshold': 0.5849570384370288, 'training_days': 10, 'n_estimators': 212, 'max_depth': 3, 'num_leaves': 41, 'learning_rate': 0.18452095998378365, 'subsample': 0.6001060822924371, 'colsample_bytree': 0.5673167293506167, 'min_child_samples': 37, 'reg_alpha': 5.733250064217131, 'reg_lambda': 0.5308454292595461}. Best is trial 0 with value: 0.018064184666741995.
[I 2026-06-01 11:02:53,045] Trial 3 finished with value: -0.05464149005932969 and parameters: {'confidence_threshold': 0.6868248626683718, 'training_days': 220, 'n_estimators': 134, 'max_depth': 3, 'num_leaves': 45, 'learning_rate': 0.033529007907491595, 'subsample': 0.8647277071858408, 'colsample_bytree': 0.778494116634046, 'min_child_samples': 96, 'reg_alpha': 2.409409937265785e-07, 'reg_lambda': 1.1642073478060009}. Best is trial 0 with value: 0.018064184666741995.
[I 2026-06-01 11:02:53,128] Trial 4 finished with value: 0.026620015141623266 and parameters: {'confidence_threshold': 0.5623121348350352, 'training_days': 300, 'n_estimators': 69, 'max_depth': 4, 'num_leaves': 32, 'learning_rate': 0.14967629360700346, 'subsample': 0.5054535233636654, 'colsample_bytree': 0.7401385194659216, 'min_child_samples': 27, 'reg_alpha': 1.4212042567426725e-07, 'reg_lambda': 0.23605753701352003}. Best is trial 4 with value: 0.026620015141623266.
[I 2026-06-01 11:02:53,551] Trial 5 finished with value: 0.03734452794429939 and parameters: {'confidence_threshold': 0.7111850244908446, 'training_days': 490, 'n_estimators': 362, 'max_depth': 5, 'num_leaves': 40, 'learning_rate': 0.05960785724162737, 'subsample': 0.5589714368907717, 'colsample_bytree': 0.6659006943232806, 'min_child_samples': 42, 'reg_alpha': 0.6741360303045295, 'reg_lambda': 6.054601607143087e-08}. Best is trial 5 with value: 0.03734452794429939.
[I 2026-06-01 11:02:53,745] Trial 6 finished with value: -0.02787194916607873 and parameters: {'confidence_threshold': 0.667482545748023, 'training_days': 420, 'n_estimators': 279, 'max_depth': 3, 'num_leaves': 45, 'learning_rate': 0.040099592560849204, 'subsample': 0.8563114696415159, 'colsample_bytree': 0.5442917781944105, 'min_child_samples': 50, 'reg_alpha': 1.6407916423707903e-08, 'reg_lambda': 2.935907642973286e-05}. Best is trial 5 with value: 0.03734452794429939.
[I 2026-06-01 11:02:53,895] Trial 7 finished with value: 0.005651531842030924 and parameters: {'confidence_threshold': 0.5497381024139926, 'training_days': 120, 'n_estimators': 408, 'max_depth': 5, 'num_leaves': 38, 'learning_rate': 0.28049122657745795, 'subsample': 0.8806573338635493, 'colsample_bytree': 0.5454054113547102, 'min_child_samples': 63, 'reg_alpha': 0.01263008637940408, 'reg_lambda': 0.04588020805366937}. Best is trial 5 with value: 0.03734452794429939.
[I 2026-06-01 11:02:54,154] Trial 8 finished with value: -0.010917273583029621 and parameters: {'confidence_threshold': 0.719644804808716, 'training_days': 450, 'n_estimators': 410, 'max_depth': 4, 'num_leaves': 57, 'learning_rate': 0.04022026551478857, 'subsample': 0.5336085426932707, 'colsample_bytree': 0.5705742850577543, 'min_child_samples': 100, 'reg_alpha': 5.916398047912201e-07, 'reg_lambda': 0.9794034214488329}. Best is trial 5 with value: 0.03734452794429939.
[I 2026-06-01 11:02:54,176] Trial 9 finished with value: -2.081949986071951 and parameters: {'confidence_threshold': 0.7267463643917187, 'training_days': 20, 'n_estimators': 337, 'max_depth': 5, 'num_leaves': 23, 'learning_rate': 0.022153031811454605, 'subsample': 0.6305627572358737, 'colsample_bytree': 0.6613413774216214, 'min_child_samples': 81, 'reg_alpha': 5.7638634029410314e-08, 'reg_lambda': 8.26603016764008}. Best is trial 5 with value: 0.03734452794429939.
[I 2026-06-01 11:02:54,641] Trial 10 finished with value: 0.01697115507434975 and parameters: {'confidence_threshold': 0.8283920119574972, 'training_days': 490, 'n_estimators': 485, 'max_depth': 4, 'num_leaves': 15, 'learning_rate': 0.013054596495157828, 'subsample': 0.7130289643560688, 'colsample_bytree': 0.9944479338273263, 'min_child_samples': 52, 'reg_alpha': 2.8556520323203283, 'reg_lambda': 1.4521305760519918e-08}. Best is trial 5 with value: 0.03734452794429939.
[I 2026-06-01 11:02:54,730] Trial 11 finished with value: 0.018306793061688986 and parameters: {'confidence_threshold': 0.786180255393198, 'training_days': 310, 'n_estimators': 53, 'max_depth': 4, 'num_leaves': 29, 'learning_rate': 0.11770661072860171, 'subsample': 0.5004718002103864, 'colsample_bytree': 0.6821090468272153, 'min_child_samples': 22, 'reg_alpha': 3.3606739138311696e-05, 'reg_lambda': 0.0033293716187691694}. Best is trial 5 with value: 0.03734452794429939.
[I 2026-06-01 11:02:54,995] Trial 12 finished with value: 0.053796852412147746 and parameters: {'confidence_threshold': 0.5145853631584999, 'training_days': 370, 'n_estimators': 243, 'max_depth': 4, 'num_leaves': 30, 'learning_rate': 0.12411615325331521, 'subsample': 0.6166089205473694, 'colsample_bytree': 0.7179310383001429, 'min_child_samples': 20, 'reg_alpha': 0.015698262859676865, 'reg_lambda': 2.1243491155169964e-06}. Best is trial 12 with value: 0.053796852412147746.
[I 2026-06-01 11:02:55,211] Trial 13 finished with value: 0.013632921057021127 and parameters: {'confidence_threshold': 0.5012593228941856, 'training_days': 380, 'n_estimators': 231, 'max_depth': 4, 'num_leaves': 55, 'learning_rate': 0.09319040163017256, 'subsample': 0.677562661775819, 'colsample_bytree': 0.6758512620255059, 'min_child_samples': 42, 'reg_alpha': 0.03638111855959511, 'reg_lambda': 1.8799948266058237e-06}. Best is trial 12 with value: 0.053796852412147746.
[I 2026-06-01 11:02:55,515] Trial 14 finished with value: 0.039301474821263074 and parameters: {'confidence_threshold': 0.7607834074194101, 'training_days': 370, 'n_estimators': 332, 'max_depth': 5, 'num_leaves': 24, 'learning_rate': 0.22105860259627355, 'subsample': 0.5867287190570686, 'colsample_bytree': 0.7759581282257263, 'min_child_samples': 22, 'reg_alpha': 0.11015493423366367, 'reg_lambda': 1.7745700815871896e-06}. Best is trial 12 with value: 0.053796852412147746.
[I 2026-06-01 11:02:55,822] Trial 15 finished with value: 0.02675493365716992 and parameters: {'confidence_threshold': 0.775846662271125, 'training_days': 360, 'n_estimators': 286, 'max_depth': 4, 'num_leaves': 21, 'learning_rate': 0.2607338671064475, 'subsample': 0.7513007976384943, 'colsample_bytree': 0.8144377937283438, 'min_child_samples': 21, 'reg_alpha': 0.0010150478459904023, 'reg_lambda': 2.78109515008375e-06}. Best is trial 12 with value: 0.053796852412147746.
[I 2026-06-01 11:02:56,030] Trial 16 finished with value: 0.041210693772340726 and parameters: {'confidence_threshold': 0.84727039431438, 'training_days': 230, 'n_estimators': 208, 'max_depth': 4, 'num_leaves': 27, 'learning_rate': 0.17983308028957468, 'subsample': 0.6302579730909561, 'colsample_bytree': 0.9373223525891455, 'min_child_samples': 33, 'reg_alpha': 0.08081305870235411, 'reg_lambda': 2.476808505789817e-06}. Best is trial 12 with value: 0.053796852412147746.
