[I 2026-06-01 11:04:37,724] Trial 17 finished with value: -0.027028172629817503 and parameters: {'confidence_threshold': 0.7711936322836233, 'training_days': 70, 'n_estimators': 395, 'max_depth': 3, 'num_leaves': 54, 'learning_rate': 0.07289721588657941, 'subsample': 0.5915866025419536, 'colsample_bytree': 0.9956385980717998, 'min_child_samples': 53, 'reg_alpha': 3.9286876928643126e-07, 'reg_lambda': 5.6800538640641765e-05}. Best is trial 14 with value: 0.02667452816345569.
[I 2026-06-01 11:04:37,971] A new study created in memory with name: no-name-facc8901-cd8c-42f1-8efc-e9d43337a3cd

[predict] 2024-02-15 00:00 DOTUSDT → LONG (proba=0.81 TP=9.3%/SL=4.7%)
[trade:open] 2024-02-15 07:59 DOTUSDT LONG @ 7.65 | SL=7.30 TP=8.36 | timeout=2024-02-22 07:59
[trade:close] 2024-02-21 15:59 DOTUSDT LONG → stop_loss @ 7.30 | PnL=-4.66% (net -4.76%) | cum=+27.53% 2024-02=+3.18% 2024-02-21=-4.76%
[predict] 2024-02-22 08:00 DOTUSDT → LONG (proba=0.80 TP=13.0%/SL=6.5%)
[trade:open] 2024-02-22 15:59 DOTUSDT LONG @ 7.58 | SL=7.08 TP=8.56 | timeout=2024-02-29 15:59
[trade:close] 2024-02-28 15:59 DOTUSDT LONG → take_profit @ 8.56 | PnL=+13.00% (net +12.90%) | cum=+40.43% 2024-02=+16.08% 2024-02-28=+12.90%
[lgbm] === Training for 2024-03 ===
  Train window: 2022-03-01 → 2024-02-22
  2171 training samples from 1 symbols
  Samples per month: 2022-03: 93, 2022-04: 90, 2022-05: 93, 2022-06: 90, 2022-07: 93, 2022-08: 93, 2022-09: 90, 2022-10: 93, 2022-11: 90, 2022-12: 93, 2023-01: 93, 2023-02: 84, 2023-03: 93, 2023-04: 90, 2023-05: 93, 2023-06: 90, 2023-07: 93, 2023-08: 93, 2023-09: 90, 2023-10: 93, 2023-11: 90, 2023-12: 93, 2024-01: 93, 2024-02: 65
  [label] 2022-05-01 16:00 DOTUSDT entry=15.3320 → SHORT | long=sl(-7.90%) short=timeout(+13.51%) | scanned=22 | no_tp→fwd_return=-13.6055
  [label] 2022-05-04 00:00 DOTUSDT entry=15.2510 → SHORT | long=sl(-7.15%) short=sl(-7.15%) | scanned=5 | no_tp→fwd_return=-4.4718
  [label] 2022-05-07 16:00 DOTUSDT entry=13.7370 → SHORT | long=sl(-8.64%) short=tp(+16.98%) | scanned=5 | short_tp_only
  [label] 2022-06-01 08:00 DOTUSDT entry=10.0210 → SHORT | long=sl(-9.68%) short=timeout(+8.75%) | scanned=22 | no_tp→fwd_return=-8.8514
  [label] 2022-07-24 00:00 DOTUSDT entry=7.4570 → LONG | long=sl(-7.84%) short=sl(-7.84%) | scanned=14 | no_tp→fwd_return=+5.2702
  [label] 2023-01-06 00:00 DOTUSDT entry=4.5750 → LONG | long=tp(+6.20%) short=sl(-3.25%) | scanned=9 | long_tp_only
  [label] 2023-01-10 00:00 DOTUSDT entry=4.8850 → LONG | long=tp(+7.79%) short=sl(-4.04%) | scanned=10 | long_tp_only
  [label] 2023-01-20 16:00 DOTUSDT entry=6.2450 → LONG | long=timeout(+5.28%) short=sl(-7.16%) | scanned=22 | no_tp→fwd_return=+5.3803
  [label] 2023-03-06 16:00 DOTUSDT entry=5.9160 → SHORT | long=sl(-5.07%) short=tp(+9.84%) | scanned=9 | short_tp_only
  [label] 2023-03-15 08:00 DOTUSDT entry=5.9670 → LONG | long=timeout(+5.43%) short=sl(-8.76%) | scanned=22 | no_tp→fwd_return=+5.5304
  [label] 2023-06-13 16:00 DOTUSDT entry=4.6240 → LONG | long=sl(-5.40%) short=timeout(-0.86%) | scanned=22 | no_tp→fwd_return=+0.7569
  [label] 2023-07-15 16:00 DOTUSDT entry=5.4290 → SHORT | long=sl(-5.11%) short=sl(-5.11%) | scanned=16 | no_tp→fwd_return=-0.0368
  [label] 2023-08-01 00:00 DOTUSDT entry=5.0600 → SHORT | long=sl(-3.72%) short=timeout(+1.84%) | scanned=22 | no_tp→fwd_return=-1.9368
  [label] 2023-08-13 16:00 DOTUSDT entry=4.9820 → SHORT | long=sl(-2.06%) short=tp(+3.82%) | scanned=6 | short_tp_only
  [label] 2023-09-01 00:00 DOTUSDT entry=4.2570 → LONG | long=timeout(+0.72%) short=timeout(-0.92%) | scanned=22 | no_tp→fwd_return=+0.8222
  [label] 2023-09-07 08:00 DOTUSDT entry=4.2510 → SHORT | long=sl(-3.02%) short=tp(+5.73%) | scanned=12 | short_tp_only
  [label] 2023-09-19 16:00 DOTUSDT entry=4.1480 → SHORT | long=sl(-3.56%) short=timeout(+3.23%) | scanned=22 | no_tp→fwd_return=-3.3269
  [label] 2023-10-29 08:00 DOTUSDT entry=4.2640 → LONG | long=tp(+9.77%) short=sl(-5.04%) | scanned=10 | long_tp_only
  [label] 2023-11-08 00:00 DOTUSDT entry=4.9080 → LONG | long=sl(-6.34%) short=sl(-6.34%) | scanned=5 | no_tp→fwd_return=+3.7694
  [label] 2024-02-02 08:00 DOTUSDT entry=6.9910 → LONG | long=sl(-5.05%) short=timeout(-3.19%) | scanned=22 | no_tp→fwd_return=+3.0897
  Labels: 1026 long (47.3%), 1145 short (52.7%) | weights: min=1.00, mean=3.28, max=10.00
  Features: 2171/2171 matched, 46 columns
  CV gap: 22 rows
  [ensemble 1/3] seed=42
    [trial 0] 46 features, training_days=480 | threshold=0.631 | labels: 1026 long, 1145 short (47/53%)
    [CV fold 0] train_end=2022-06-23 08:00 | val_start=2022-07-01 00:00 | gap=184h (22 rows)
    [CV fold 1] train_end=2022-10-21 16:00 | val_start=2022-10-29 08:00 | gap=184h (22 rows)
    [CV fold 2] train_end=2023-02-19 00:00 | val_start=2023-02-26 16:00 | gap=184h (22 rows)
    [CV fold 3] train_end=2023-06-19 08:00 | val_start=2023-06-27 00:00 | gap=184h (22 rows)
    [CV fold 4] train_end=2023-10-17 16:00 | val_start=2023-10-25 08:00 | gap=184h (22 rows)
    [trial 0] Sharpe=-0.0799 (folds: -0.1147, 0.0574, -0.0812, -0.0605, -0.2006)
    [trial 1] 46 features, training_days=420 | threshold=0.839 | labels: 1026 long, 1145 short (47/53%)
    [trial 1] Sharpe=-4.0481 (folds: -0.1973, -0.1203, -10.0000, -10.0000, 0.0773)
    [trial 2] 46 features, training_days=190 | threshold=0.602 | labels: 1026 long, 1145 short (47/53%)
    [trial 2] Sharpe=-0.0503 (folds: -0.1381, -0.0672, 0.0531, -0.0133, -0.0861)
    [trial 3] 46 features, training_days=490 | threshold=0.832 | labels: 1026 long, 1145 short (47/53%)
    [trial 3] Sharpe=-0.0877 (folds: -0.1079, -0.0184, -0.0566, -0.0870, -0.1685)
    [trial 4] 46 features, training_days=340 | threshold=0.591 | labels: 1026 long, 1145 short (47/53%)
    [trial 4] Sharpe=-0.1006 (folds: -0.0888, -0.1063, -0.1467, -0.1767, 0.0156)
    [trial 5] 46 features, training_days=50 | threshold=0.823 | labels: 1026 long, 1145 short (47/53%)
    [trial 5] Sharpe=0.0206 (folds: 0.1237, 0.0053, -0.2126, 0.1884, -0.0019)
    [trial 6] 46 features, training_days=410 | threshold=0.549 | labels: 1026 long, 1145 short (47/53%)
    [trial 6] Sharpe=-0.0501 (folds: -0.0391, -0.0345, -0.0726, -0.1092, 0.0048)
    [trial 7] 46 features, training_days=180 | threshold=0.526 | labels: 1026 long, 1145 short (47/53%)
    [trial 7] Sharpe=-0.0223 (folds: -0.0717, -0.0195, -0.0569, 0.0376, -0.0008)
    [trial 8] 46 features, training_days=240 | threshold=0.811 | labels: 1026 long, 1145 short (47/53%)
    [trial 8] Sharpe=-0.0289 (folds: -0.1847, -0.0601, 0.0396, 0.1753, -0.1145)
    [trial 9] 46 features, training_days=20 | threshold=0.538 | labels: 1026 long, 1145 short (47/53%)
    [trial 9] Sharpe=-0.1069 (folds: -0.1401, 0.0537, -0.1425, -0.1393, -0.1663)
    [trial 10] 46 features, training_days=10 | threshold=0.732 | labels: 1026 long, 1145 short (47/53%)
    [trial 10] Sharpe=-3.9970 (folds: 0.0279, -0.0502, -10.0000, 0.0375, -10.0000)
    [trial 11] 46 features, training_days=130 | threshold=0.716 | labels: 1026 long, 1145 short (47/53%)
    [trial 11] Sharpe=-0.0152 (folds: -0.2170, -0.0214, -0.0594, 0.1356, 0.0861)
    [trial 12] 46 features, training_days=120 | threshold=0.730 | labels: 1026 long, 1145 short (47/53%)
    [trial 12] Sharpe=-0.0407 (folds: -0.2007, -0.0197, -0.0890, 0.1690, -0.0631)
    [trial 13] 46 features, training_days=100 | threshold=0.760 | labels: 1026 long, 1145 short (47/53%)
    [trial 13] Sharpe=-0.0031 (folds: 0.0581, -0.1090, -0.0130, 0.1820, -0.1336)
    [trial 14] 46 features, training_days=80 | threshold=0.787 | labels: 1026 long, 1145 short (47/53%)
    [trial 14] Sharpe=0.0267 (folds: 0.0876, 0.1397, -0.1895, 0.1679, -0.0723)
    [trial 15] 46 features, training_days=50 | threshold=0.790 | labels: 1026 long, 1145 short (47/53%)
    [trial 15] Sharpe=-1.9866 (folds: 0.0643, -0.0744, -0.2420, 0.3191, -10.0000)
    [trial 16] 46 features, training_days=270 | threshold=0.676 | labels: 1026 long, 1145 short (47/53%)
    [trial 16] Sharpe=-0.0542 (folds: -0.1555, -0.0604, -0.1121, 0.0310, 0.0259)
    [trial 17] 46 features, training_days=70 | threshold=0.771 | labels: 1026 long, 1145 short (47/53%)
    [trial 17] Sharpe=-0.0270 (folds: 0.0192, 0.1422, -0.2266, 0.0191, -0.0890)
  Optuna: 18 trials, best Sharpe = 0.0267
  Best params: n_estimators=311, max_depth=3, lr=0.0121, leaves=60
  Best confidence_threshold: 0.787
  Best training_days: 80
  Retrained on full data (240 samples, 46 features)
  [ensemble 2/3] seed=123
    [trial 0] 46 features, training_days=150 | threshold=0.744 | labels: 1026 long, 1145 short (47/53%)
    [CV fold 0] train_end=2022-06-23 08:00 | val_start=2022-07-01 00:00 | gap=184h (22 rows)
    [CV fold 1] train_end=2022-10-21 16:00 | val_start=2022-10-29 08:00 | gap=184h (22 rows)[I 2026-06-01 11:04:38,067] Trial 0 finished with value: -0.02700396493839634 and parameters: {'confidence_threshold': 0.7437642149592516, 'training_days': 150, 'n_estimators': 152, 'max_depth': 4, 'num_leaves': 50, 'learning_rate': 0.04216766425047743, 'subsample': 0.9903820991923078, 'colsample_bytree': 0.8424148692924316, 'min_child_samples': 58, 'reg_alpha': 3.381097259762742e-05, 'reg_lambda': 1.2263152961306247e-05}. Best is trial 0 with value: -0.02700396493839634.
[I 2026-06-01 11:04:38,144] Trial 1 finished with value: -4.160937780611947 and parameters: {'confidence_threshold': 0.7551673975844145, 'training_days': 220, 'n_estimators': 76, 'max_depth': 4, 'num_leaves': 51, 'learning_rate': 0.018602118810743477, 'subsample': 0.5877258780737462, 'colsample_bytree': 0.7657756869209191, 'min_child_samples': 63, 'reg_alpha': 0.005123994170264194, 'reg_lambda': 0.44145470178120466}. Best is trial 0 with value: -0.02700396493839634.
[I 2026-06-01 11:04:38,399] Trial 2 finished with value: 0.022751822261764493 and parameters: {'confidence_threshold': 0.7535593637012223, 'training_days': 310, 'n_estimators': 375, 'max_depth': 3, 'num_leaves': 32, 'learning_rate': 0.021735641882032388, 'subsample': 0.6468570231944146, 'colsample_bytree': 0.8154880619272439, 'min_child_samples': 27, 'reg_alpha': 8.004064028491336e-05, 'reg_lambda': 7.546835261630524e-05}. Best is trial 2 with value: 0.022751822261764493.
[I 2026-06-01 11:04:38,578] Trial 3 finished with value: -0.08001492919721018 and parameters: {'confidence_threshold': 0.6727897841776072, 'training_days': 220, 'n_estimators': 190, 'max_depth': 4, 'num_leaves': 58, 'learning_rate': 0.24810689332636193, 'subsample': 0.7509183379421682, 'colsample_bytree': 0.8119764758960556, 'min_child_samples': 29, 'reg_alpha': 7.1708285081421445e-06, 'reg_lambda': 5.412973582738627e-05}. Best is trial 2 with value: 0.022751822261764493.
[I 2026-06-01 11:04:38,695] Trial 4 finished with value: 0.010301714681761628 and parameters: {'confidence_threshold': 0.803208205259178, 'training_days': 130, 'n_estimators': 267, 'max_depth': 5, 'num_leaves': 40, 'learning_rate': 0.08041175317374143, 'subsample': 0.5603143329951619, 'colsample_bytree': 0.9131704002534167, 'min_child_samples': 68, 'reg_alpha': 0.0008046593428183385, 'reg_lambda': 1.2158346158765583e-05}. Best is trial 2 with value: 0.022751822261764493.
[I 2026-06-01 11:04:38,925] Trial 5 finished with value: -0.009233784813940311 and parameters: {'confidence_threshold': 0.6064422761595144, 'training_days': 210, 'n_estimators': 357, 'max_depth': 5, 'num_leaves': 40, 'learning_rate': 0.0974221287220869, 'subsample': 0.7929682762811064, 'colsample_bytree': 0.8124517510478, 'min_child_samples': 74, 'reg_alpha': 0.3811377260781234, 'reg_lambda': 5.607314238392041e-08}. Best is trial 2 with value: 0.022751822261764493.
[I 2026-06-01 11:04:39,031] Trial 6 finished with value: -0.04982602932095946 and parameters: {'confidence_threshold': 0.7672889945051684, 'training_days': 130, 'n_estimators': 137, 'max_depth': 4, 'num_leaves': 19, 'learning_rate': 0.2031117614248665, 'subsample': 0.8136244860256343, 'colsample_bytree': 0.8617081790949774, 'min_child_samples': 21, 'reg_alpha': 0.002238138278733199, 'reg_lambda': 0.001025809534977322}. Best is trial 2 with value: 0.022751822261764493.
[I 2026-06-01 11:04:39,106] Trial 7 finished with value: -0.02506716110052406 and parameters: {'confidence_threshold': 0.555635875450653, 'training_days': 80, 'n_estimators': 363, 'max_depth': 3, 'num_leaves': 48, 'learning_rate': 0.06590089024008658, 'subsample': 0.6944752870615722, 'colsample_bytree': 0.962566244806993, 'min_child_samples': 88, 'reg_alpha': 1.6465620446426067e-05, 'reg_lambda': 2.4678750890085655e-08}. Best is trial 2 with value: 0.022751822261764493.
[I 2026-06-01 11:04:39,471] Trial 8 finished with value: -0.059689626823722544 and parameters: {'confidence_threshold': 0.6066688256938841, 'training_days': 200, 'n_estimators': 367, 'max_depth': 5, 'num_leaves': 32, 'learning_rate': 0.13377519215934996, 'subsample': 0.7965884582811106, 'colsample_bytree': 0.8458508993500886, 'min_child_samples': 32, 'reg_alpha': 3.889436043816386e-05, 'reg_lambda': 1.4713062489380356e-06}. Best is trial 2 with value: 0.022751822261764493.
[I 2026-06-01 11:04:39,680] Trial 9 finished with value: -0.02632632514941486 and parameters: {'confidence_threshold': 0.6202096049169137, 'training_days': 260, 'n_estimators': 350, 'max_depth': 3, 'num_leaves': 21, 'learning_rate': 0.02989540198065364, 'subsample': 0.8307821683331218, 'colsample_bytree': 0.923253112635361, 'min_child_samples': 64, 'reg_alpha': 0.4898604619604203, 'reg_lambda': 2.9076377687066166e-05}. Best is trial 2 with value: 0.022751822261764493.
[I 2026-06-01 11:04:40,001] Trial 10 finished with value: -4.108216609831741 and parameters: {'confidence_threshold': 0.8445241688507242, 'training_days': 420, 'n_estimators': 494, 'max_depth': 3, 'num_leaves': 30, 'learning_rate': 0.010221918552934462, 'subsample': 0.5019190721168774, 'colsample_bytree': 0.6202684210924141, 'min_child_samples': 45, 'reg_alpha': 1.5494783182896407e-08, 'reg_lambda': 0.018878930586497852}. Best is trial 2 with value: 0.022751822261764493.
[I 2026-06-01 11:04:40,193] Trial 11 finished with value: -2.0474768233210137 and parameters: {'confidence_threshold': 0.8371297552840329, 'training_days': 350, 'n_estimators': 255, 'max_depth': 5, 'num_leaves': 37, 'learning_rate': 0.022201782016086913, 'subsample': 0.6312808619205246, 'colsample_bytree': 0.6778283959364831, 'min_child_samples': 100, 'reg_alpha': 1.5149750828426856e-07, 'reg_lambda': 0.0018315601621927968}. Best is trial 2 with value: 0.022751822261764493.
[I 2026-06-01 11:04:40,456] Trial 12 finished with value: -0.028855952450268618 and parameters: {'confidence_threshold': 0.783608013908672, 'training_days': 330, 'n_estimators': 452, 'max_depth': 3, 'num_leaves': 27, 'learning_rate': 0.05809128784912797, 'subsample': 0.5320626894686848, 'colsample_bytree': 0.5201164353688423, 'min_child_samples': 48, 'reg_alpha': 0.009430922971696443, 'reg_lambda': 8.153163594881057e-07}. Best is trial 2 with value: 0.022751822261764493.
[I 2026-06-01 11:04:40,491] Trial 13 finished with value: -3.996963784586594 and parameters: {'confidence_threshold': 0.7204346383264851, 'training_days': 10, 'n_estimators': 276, 'max_depth': 5, 'num_leaves': 41, 'learning_rate': 0.011266513790988052, 'subsample': 0.6462980265498659, 'colsample_bytree': 0.9249893861432709, 'min_child_samples': 78, 'reg_alpha': 0.00042526348072109135, 'reg_lambda': 0.032538920588349354}. Best is trial 2 with value: 0.022751822261764493.
[I 2026-06-01 11:04:40,762] Trial 14 finished with value: -0.058765164447430816 and parameters: {'confidence_threshold': 0.6968624890517784, 'training_days': 490, 'n_estimators': 277, 'max_depth': 4, 'num_leaves': 35, 'learning_rate': 0.09772163289705428, 'subsample': 0.5873213332951628, 'colsample_bytree': 0.9975174476650941, 'min_child_samples': 44, 'reg_alpha': 5.00367628556867e-07, 'reg_lambda': 0.0002562764368611638}. Best is trial 2 with value: 0.022751822261764493.
[I 2026-06-01 11:04:41,091] Trial 15 finished with value: 0.018340160748338174 and parameters: {'confidence_threshold': 0.8065807968950872, 'training_days': 300, 'n_estimators': 415, 'max_depth': 5, 'num_leaves': 24, 'learning_rate': 0.036672395049130835, 'subsample': 0.695560222794404, 'colsample_bytree': 0.7163960550594055, 'min_child_samples': 74, 'reg_alpha': 6.360445922002683, 'reg_lambda': 9.294665025482195e-07}. Best is trial 2 with value: 0.022751822261764493.
[I 2026-06-01 11:04:41,349] Trial 16 finished with value: 0.06607237164494577 and parameters: {'confidence_threshold': 0.8081044414796508, 'training_days': 310, 'n_estimators': 434, 'max_depth': 3, 'num_leaves': 15, 'learning_rate': 0.03684856468207743, 'subsample': 0.6979382951937049, 'colsample_bytree': 0.6982877056862742, 'min_child_samples': 82, 'reg_alpha': 3.433399905162048, 'reg_lambda': 5.720682713603444e-07}. Best is trial 16 with value: 0.06607237164494577.
[I 2026-06-01 11:04:41,592] Trial 17 finished with value: -0.026910332633299127 and parameters: {'confidence_threshold': 0.5004748807695347, 'training_days': 390, 'n_estimators': 429, 'max_depth': 3, 'num_leaves': 15, 'learning_rate': 0.01792285636238449, 'subsample': 0.8863198827441914, 'colsample_bytree': 0.6156427453810229, 'min_child_samples': 88, 'reg_alpha': 0.061360405867363306, 'reg_lambda': 1.3739673285646297e-07}. Best is trial 16 with value: 0.06607237164494577.
[I 2026-06-01 11:04:41,866] A new study created in memory with name: no-name-7a544732-fc3b-41f1-81dc-ffc685d7d4c2
[I 2026-06-01 11:04:42,038] Trial 0 finished with value: -0.04141591836843887 and parameters: {'confidence_threshold': 0.5870645682749857, 'training_days': 90, 'n_estimators': 403, 'max_depth': 5, 'num_leaves': 45, 'learning_rate': 0.0780457193679974, 'subsample': 0.9428509515574568, 'colsample_bytree': 0.8795587339164916, 'min_child_samples': 34, 'reg_alpha': 2.2465901234314442e-07, 'reg_lambda': 8.339007036475363e-05}. Best is trial 0 with value: -0.04141591836843887.
[I 2026-06-01 11:04:42,146] Trial 1 finished with value: 0.011435685169207854 and parameters: {'confidence_threshold': 0.6348453934275313, 'training_days': 290, 'n_estimators': 115, 'max_depth': 5, 'num_leaves': 37, 'learning_rate': 0.06949568759029946, 'subsample': 0.8228505074024268, 'colsample_bytree': 0.8616703220431751, 'min_child_samples': 75, 'reg_alpha': 4.2486822725010923e-07, 'reg_lambda': 1.157247767047042e-07}. Best is trial 1 with value: 0.011435685169207854.
[I 2026-06-01 11:04:42,170] Trial 2 finished with value: -1.9637073295237955 and parameters: {'confidence_threshold': 0.5849570384370288, 'training_days': 10, 'n_estimators': 212, 'max_depth': 3, 'num_leaves': 41, 'learning_rate': 0.18452095998378365, 'subsample': 0.6001060822924371, 'colsample_bytree': 0.5673167293506167, 'min_child_samples': 37, 'reg_alpha': 5.733250064217131, 'reg_lambda': 0.5308454292595461}. Best is trial 1 with value: 0.011435685169207854.
[I 2026-06-01 11:04:42,250] Trial 3 finished with value: -0.04273438175878017 and parameters: {'confidence_threshold': 0.6868248626683718, 'training_days': 220, 'n_estimators': 134, 'max_depth': 3, 'num_leaves': 45, 'learning_rate': 0.033529007907491595, 'subsample': 0.8647277071858408, 'colsample_bytree': 0.778494116634046, 'min_child_samples': 96, 'reg_alpha': 2.409409937265785e-07, 'reg_lambda': 1.1642073478060009}. Best is trial 1 with value: 0.011435685169207854.
[I 2026-06-01 11:04:42,339] Trial 4 finished with value: -0.007334660797804221 and parameters: {'confidence_threshold': 0.5623121348350352, 'training_days': 300, 'n_estimators': 69, 'max_depth': 4, 'num_leaves': 32, 'learning_rate': 0.14967629360700346, 'subsample': 0.5054535233636654, 'colsample_bytree': 0.7401385194659216, 'min_child_samples': 27, 'reg_alpha': 1.4212042567426725e-07, 'reg_lambda': 0.23605753701352003}. Best is trial 1 with value: 0.011435685169207854.
[I 2026-06-01 11:04:42,733] Trial 5 finished with value: -0.0531488467744645 and parameters: {'confidence_threshold': 0.7111850244908446, 'training_days': 490, 'n_estimators': 362, 'max_depth': 5, 'num_leaves': 40, 'learning_rate': 0.05960785724162737, 'subsample': 0.5589714368907717, 'colsample_bytree': 0.6659006943232806, 'min_child_samples': 42, 'reg_alpha': 0.6741360303045295, 'reg_lambda': 6.054601607143087e-08}. Best is trial 1 with value: 0.011435685169207854.
[I 2026-06-01 11:04:42,920] Trial 6 finished with value: -0.010496962379343796 and parameters: {'confidence_threshold': 0.667482545748023, 'training_days': 420, 'n_estimators': 279, 'max_depth': 3, 'num_leaves': 45, 'learning_rate': 0.040099592560849204, 'subsample': 0.8563114696415159, 'colsample_bytree': 0.5442917781944105, 'min_child_samples': 50, 'reg_alpha': 1.6407916423707903e-08, 'reg_lambda': 2.935907642973286e-05}. Best is trial 1 with value: 0.011435685169207854.
[I 2026-06-01 11:04:43,096] Trial 7 finished with value: -0.020512621020693417 and parameters: {'confidence_threshold': 0.5497381024139926, 'training_days': 120, 'n_estimators': 408, 'max_depth': 5, 'num_leaves': 38, 'learning_rate': 0.28049122657745795, 'subsample': 0.8806573338635493, 'colsample_bytree': 0.5454054113547102, 'min_child_samples': 63, 'reg_alpha': 0.01263008637940408, 'reg_lambda': 0.04588020805366937}. Best is trial 1 with value: 0.011435685169207854.
[I 2026-06-01 11:04:43,395] Trial 8 finished with value: -0.031707234827852246 and parameters: {'confidence_threshold': 0.719644804808716, 'training_days': 450, 'n_estimators': 410, 'max_depth': 4, 'num_leaves': 57, 'learning_rate': 0.04022026551478857, 'subsample': 0.5336085426932707, 'colsample_bytree': 0.5705742850577543, 'min_child_samples': 100, 'reg_alpha': 5.916398047912201e-07, 'reg_lambda': 0.9794034214488329}. Best is trial 1 with value: 0.011435685169207854.
