[I 2026-06-01 11:09:48,290] Trial 0 finished with value: 0.04662815309511242 and parameters: {'confidence_threshold': 0.5870645682749857, 'training_days': 90, 'n_estimators': 403, 'max_depth': 5, 'num_leaves': 45, 'learning_rate': 0.0780457193679974, 'subsample': 0.9428509515574568, 'colsample_bytree': 0.8795587339164916, 'min_child_samples': 34, 'reg_alpha': 2.2465901234314442e-07, 'reg_lambda': 8.339007036475363e-05}. Best is trial 0 with value: 0.04662815309511242.
[I 2026-06-01 11:09:48,403] Trial 1 finished with value: 0.1186872936757786 and parameters: {'confidence_threshold': 0.6348453934275313, 'training_days': 290, 'n_estimators': 115, 'max_depth': 5, 'num_leaves': 37, 'learning_rate': 0.06949568759029946, 'subsample': 0.8228505074024268, 'colsample_bytree': 0.8616703220431751, 'min_child_samples': 75, 'reg_alpha': 4.2486822725010923e-07, 'reg_lambda': 1.157247767047042e-07}. Best is trial 1 with value: 0.1186872936757786.
[I 2026-06-01 11:09:48,420] Trial 2 finished with value: 0.03303374366624424 and parameters: {'confidence_threshold': 0.5849570384370288, 'training_days': 10, 'n_estimators': 212, 'max_depth': 3, 'num_leaves': 41, 'learning_rate': 0.18452095998378365, 'subsample': 0.6001060822924371, 'colsample_bytree': 0.5673167293506167, 'min_child_samples': 37, 'reg_alpha': 5.733250064217131, 'reg_lambda': 0.5308454292595461}. Best is trial 1 with value: 0.1186872936757786.
[I 2026-06-01 11:09:48,500] Trial 3 finished with value: -0.010585269288940552 and parameters: {'confidence_threshold': 0.6868248626683718, 'training_days': 220, 'n_estimators': 134, 'max_depth': 3, 'num_leaves': 45, 'learning_rate': 0.033529007907491595, 'subsample': 0.8647277071858408, 'colsample_bytree': 0.778494116634046, 'min_child_samples': 96, 'reg_alpha': 2.409409937265785e-07, 'reg_lambda': 1.1642073478060009}. Best is trial 1 with value: 0.1186872936757786.
[I 2026-06-01 11:09:48,585] Trial 4 finished with value: 0.048503417428504725 and parameters: {'confidence_threshold': 0.5623121348350352, 'training_days': 300, 'n_estimators': 69, 'max_depth': 4, 'num_leaves': 32, 'learning_rate': 0.14967629360700346, 'subsample': 0.5054535233636654, 'colsample_bytree': 0.7401385194659216, 'min_child_samples': 27, 'reg_alpha': 1.4212042567426725e-07, 'reg_lambda': 0.23605753701352003}. Best is trial 1 with value: 0.1186872936757786.
[I 2026-06-01 11:09:48,996] Trial 5 finished with value: 0.03944979702630782 and parameters: {'confidence_threshold': 0.7111850244908446, 'training_days': 490, 'n_estimators': 362, 'max_depth': 5, 'num_leaves': 40, 'learning_rate': 0.05960785724162737, 'subsample': 0.5589714368907717, 'colsample_bytree': 0.6659006943232806, 'min_child_samples': 42, 'reg_alpha': 0.6741360303045295, 'reg_lambda': 6.054601607143087e-08}. Best is trial 1 with value: 0.1186872936757786.
[I 2026-06-01 11:09:49,166] Trial 6 finished with value: -0.00652002233641096 and parameters: {'confidence_threshold': 0.667482545748023, 'training_days': 420, 'n_estimators': 279, 'max_depth': 3, 'num_leaves': 45, 'learning_rate': 0.040099592560849204, 'subsample': 0.8563114696415159, 'colsample_bytree': 0.5442917781944105, 'min_child_samples': 50, 'reg_alpha': 1.6407916423707903e-08, 'reg_lambda': 2.935907642973286e-05}. Best is trial 1 with value: 0.1186872936757786.
[I 2026-06-01 11:09:49,319] Trial 7 finished with value: 0.04521820594283128 and parameters: {'confidence_threshold': 0.5497381024139926, 'training_days': 120, 'n_estimators': 408, 'max_depth': 5, 'num_leaves': 38, 'learning_rate': 0.28049122657745795, 'subsample': 0.8806573338635493, 'colsample_bytree': 0.5454054113547102, 'min_child_samples': 63, 'reg_alpha': 0.01263008637940408, 'reg_lambda': 0.04588020805366937}. Best is trial 1 with value: 0.1186872936757786.
[I 2026-06-01 11:09:49,594] Trial 8 finished with value: 0.0475647390103088 and parameters: {'confidence_threshold': 0.719644804808716, 'training_days': 450, 'n_estimators': 410, 'max_depth': 4, 'num_leaves': 57, 'learning_rate': 0.04022026551478857, 'subsample': 0.5336085426932707, 'colsample_bytree': 0.5705742850577543, 'min_child_samples': 100, 'reg_alpha': 5.916398047912201e-07, 'reg_lambda': 0.9794034214488329}. Best is trial 1 with value: 0.1186872936757786.
[I 2026-06-01 11:09:49,616] Trial 9 finished with value: -1.9542599717556803 and parameters: {'confidence_threshold': 0.7267463643917187, 'training_days': 20, 'n_estimators': 337, 'max_depth': 5, 'num_leaves': 23, 'learning_rate': 0.022153031811454605, 'subsample': 0.6305627572358737, 'colsample_bytree': 0.6613413774216214, 'min_child_samples': 81, 'reg_alpha': 5.7638634029410314e-08, 'reg_lambda': 8.26603016764008}. Best is trial 1 with value: 0.1186872936757786.
[I 2026-06-01 11:09:49,781] Trial 10 finished with value: -7.988269747375568 and parameters: {'confidence_threshold': 0.8398533911817929, 'training_days': 320, 'n_estimators': 181, 'max_depth': 4, 'num_leaves': 15, 'learning_rate': 0.013684491588422613, 'subsample': 0.7320664585010437, 'colsample_bytree': 0.9944479338273263, 'min_child_samples': 74, 'reg_alpha': 4.136971884522066e-05, 'reg_lambda': 1.4599322889399585e-08}. Best is trial 1 with value: 0.1186872936757786.
[I 2026-06-01 11:09:49,865] Trial 11 finished with value: 0.03084855990559287 and parameters: {'confidence_threshold': 0.6075016155177957, 'training_days': 300, 'n_estimators': 54, 'max_depth': 4, 'num_leaves': 29, 'learning_rate': 0.1006199621535868, 'subsample': 0.741942921860466, 'colsample_bytree': 0.8016610248739169, 'min_child_samples': 21, 'reg_alpha': 2.5646023357365184e-05, 'reg_lambda': 0.00647465266809438}. Best is trial 1 with value: 0.1186872936757786.
[I 2026-06-01 11:09:49,940] Trial 12 finished with value: -0.009300417408915438 and parameters: {'confidence_threshold': 0.5145853631584999, 'training_days': 220, 'n_estimators': 54, 'max_depth': 4, 'num_leaves': 30, 'learning_rate': 0.13007949331851176, 'subsample': 0.6658254399764199, 'colsample_bytree': 0.8750909515331022, 'min_child_samples': 64, 'reg_alpha': 7.696286523139123e-06, 'reg_lambda': 1.4304147444691813e-06}. Best is trial 1 with value: 0.1186872936757786.

    [trial 12] 46 features, training_days=380 | threshold=0.744 | labels: 927 long, 1241 short (43/57%)
    [trial 12] Sharpe=0.0583 (folds: -0.0223, 0.0660, 0.1721, 0.0118, 0.0638)
    [trial 13] 46 features, training_days=500 | threshold=0.663 | labels: 927 long, 1241 short (43/57%)
    [trial 13] Sharpe=0.0658 (folds: 0.0735, 0.0839, 0.0699, -0.0164, 0.1179)
    [trial 14] 46 features, training_days=420 | threshold=0.787 | labels: 927 long, 1241 short (43/57%)
    [trial 14] Sharpe=0.0411 (folds: -0.1167, 0.1832, 0.1578, -0.0947, 0.0760)
    [trial 15] 46 features, training_days=290 | threshold=0.565 | labels: 927 long, 1241 short (43/57%)
    [trial 15] Sharpe=0.1423 (folds: -0.0332, 0.0441, 0.3219, 0.2417, 0.1368)
    [trial 16] 46 features, training_days=290 | threshold=0.564 | labels: 927 long, 1241 short (43/57%)
    [trial 16] Sharpe=0.1067 (folds: -0.0870, 0.1278, 0.1868, 0.2180, 0.0878)
    [trial 17] 46 features, training_days=290 | threshold=0.510 | labels: 927 long, 1241 short (43/57%)
    [trial 17] Sharpe=0.0837 (folds: 0.1214, 0.0050, 0.0978, 0.1034, 0.0908)
  Optuna: 18 trials, best Sharpe = 0.1768
  Best params: n_estimators=83, max_depth=5, lr=0.0197, leaves=52
  Best confidence_threshold: 0.549
  Best training_days: 410
  Retrained on full data (1230 samples, 46 features)
  [ensemble 2/3] seed=123
    [trial 0] 46 features, training_days=150 | threshold=0.744 | labels: 927 long, 1241 short (43/57%)
    [CV fold 0] train_end=2024-08-22 08:00 | val_start=2024-08-30 00:00 | gap=184h (22 rows)
    [CV fold 1] train_end=2024-12-20 16:00 | val_start=2024-12-28 08:00 | gap=184h (22 rows)
    [CV fold 2] train_end=2025-04-20 00:00 | val_start=2025-04-27 16:00 | gap=184h (22 rows)
    [CV fold 3] train_end=2025-08-18 08:00 | val_start=2025-08-26 00:00 | gap=184h (22 rows)
    [CV fold 4] train_end=2025-12-16 16:00 | val_start=2025-12-24 08:00 | gap=184h (22 rows)
    [trial 0] Sharpe=-0.0484 (folds: 0.0366, -0.0088, -0.0095, -0.2867, 0.0265)
    [trial 1] 46 features, training_days=220 | threshold=0.755 | labels: 927 long, 1241 short (43/57%)
    [trial 1] Sharpe=0.4317 (folds: 0.3339, 0.4197, 0.8866, 0.3427, 0.1754)
    [trial 2] 46 features, training_days=310 | threshold=0.754 | labels: 927 long, 1241 short (43/57%)
    [trial 2] Sharpe=0.1079 (folds: -0.1152, 0.0242, 0.3623, 0.1422, 0.1258)
    [trial 3] 46 features, training_days=220 | threshold=0.673 | labels: 927 long, 1241 short (43/57%)
    [trial 3] Sharpe=-0.0311 (folds: -0.2052, -0.0312, 0.0447, -0.0091, 0.0454)
    [trial 4] 46 features, training_days=130 | threshold=0.803 | labels: 927 long, 1241 short (43/57%)
    [trial 4] Sharpe=0.0538 (folds: -0.0444, 0.1143, 0.0862, 0.0862, 0.0270)
    [trial 5] 46 features, training_days=210 | threshold=0.606 | labels: 927 long, 1241 short (43/57%)
    [trial 5] Sharpe=0.0321 (folds: 0.0793, 0.0570, 0.0575, -0.0563, 0.0229)
    [trial 6] 46 features, training_days=130 | threshold=0.767 | labels: 927 long, 1241 short (43/57%)
    [trial 6] Sharpe=-0.0103 (folds: -0.2096, 0.0321, 0.0774, 0.0058, 0.0427)
    [trial 7] 46 features, training_days=80 | threshold=0.556 | labels: 927 long, 1241 short (43/57%)
    [trial 7] Sharpe=0.0110 (folds: -0.1842, 0.0432, 0.1249, -0.0315, 0.1023)
    [trial 8] 46 features, training_days=200 | threshold=0.607 | labels: 927 long, 1241 short (43/57%)
    [trial 8] Sharpe=-0.0447 (folds: -0.1986, -0.0298, -0.0405, 0.0190, 0.0266)
    [trial 9] 46 features, training_days=260 | threshold=0.620 | labels: 927 long, 1241 short (43/57%)
    [trial 9] Sharpe=0.0596 (folds: 0.1383, -0.0090, 0.1598, -0.0493, 0.0583)
    [trial 10] 46 features, training_days=470 | threshold=0.845 | labels: 927 long, 1241 short (43/57%)
    [trial 10] Sharpe=0.0733 (folds: -0.1167, 0.0937, 0.2675, 0.2840, -0.1619)
    [trial 11] 46 features, training_days=360 | threshold=0.716 | labels: 927 long, 1241 short (43/57%)
    [trial 11] Sharpe=-7.9241 (folds: 0.3796, -10.0000, -10.0000, -10.0000, -10.0000)
    [trial 12] 46 features, training_days=340 | threshold=0.678 | labels: 927 long, 1241 short (43/57%)
    [trial 12] Sharpe=0.0794 (folds: -0.2116, 0.1349, 0.3033, 0.1672, 0.0032)
    [trial 13] 46 features, training_days=10 | threshold=0.790 | labels: 927 long, 1241 short (43/57%)
    [trial 13] Sharpe=-1.9211 (folds: 0.1561, -0.0027, 0.0493, -10.0000, 0.1915)
    [trial 14] 46 features, training_days=310 | threshold=0.699 | labels: 927 long, 1241 short (43/57%)
    [trial 14] Sharpe=0.1032 (folds: -0.0148, 0.0645, 0.2683, 0.1305, 0.0673)
    [trial 15] 46 features, training_days=390 | threshold=0.841 | labels: 927 long, 1241 short (43/57%)
    [trial 15] Sharpe=0.2283 (folds: -0.0061, 0.2066, 0.2319, 0.4364, 0.2725)
    [trial 16] 46 features, training_days=440 | threshold=0.835 | labels: 927 long, 1241 short (43/57%)
    [trial 16] Sharpe=0.1849 (folds: -0.0273, 0.0711, 0.2747, 0.4793, 0.1269)
    [trial 17] 46 features, training_days=410 | threshold=0.500 | labels: 927 long, 1241 short (43/57%)
    [trial 17] Sharpe=0.1144 (folds: 0.1843, 0.0215, 0.1002, 0.2190, 0.0470)
  Optuna: 18 trials, best Sharpe = 0.4317
  Best params: n_estimators=76, max_depth=4, lr=0.0186, leaves=51
  Best confidence_threshold: 0.755
  Best training_days: 220
  Retrained on full data (660 samples, 46 features)
  [ensemble 3/3] seed=456
    [trial 0] 46 features, training_days=90 | threshold=0.587 | labels: 927 long, 1241 short (43/57%)
    [CV fold 0] train_end=2024-08-22 08:00 | val_start=2024-08-30 00:00 | gap=184h (22 rows)
    [CV fold 1] train_end=2024-12-20 16:00 | val_start=2024-12-28 08:00 | gap=184h (22 rows)
    [CV fold 2] train_end=2025-04-20 00:00 | val_start=2025-04-27 16:00 | gap=184h (22 rows)
    [CV fold 3] train_end=2025-08-18 08:00 | val_start=2025-08-26 00:00 | gap=184h (22 rows)
    [CV fold 4] train_end=2025-12-16 16:00 | val_start=2025-12-24 08:00 | gap=184h (22 rows)
    [trial 0] Sharpe=0.0466 (folds: 0.1599, -0.0499, 0.1038, -0.0240, 0.0433)
    [trial 1] 46 features, training_days=290 | threshold=0.635 | labels: 927 long, 1241 short (43/57%)
    [trial 1] Sharpe=0.1187 (folds: 0.1989, 0.0803, 0.1865, 0.0621, 0.0656)
    [trial 2] 46 features, training_days=10 | threshold=0.585 | labels: 927 long, 1241 short (43/57%)
    [trial 2] Sharpe=0.0330 (folds: 0.1561, -0.0027, 0.0493, -0.2291, 0.1915)
    [trial 3] 46 features, training_days=220 | threshold=0.687 | labels: 927 long, 1241 short (43/57%)
    [trial 3] Sharpe=-0.0106 (folds: -0.1824, 0.1063, 0.2151, -0.1040, -0.0879)
    [trial 4] 46 features, training_days=300 | threshold=0.562 | labels: 927 long, 1241 short (43/57%)
    [trial 4] Sharpe=0.0485 (folds: -0.0890, 0.0682, 0.1616, 0.0194, 0.0822)
    [trial 5] 46 features, training_days=490 | threshold=0.711 | labels: 927 long, 1241 short (43/57%)
    [trial 5] Sharpe=0.0394 (folds: -0.1837, 0.1474, 0.0594, 0.0822, 0.0920)
    [trial 6] 46 features, training_days=420 | threshold=0.667 | labels: 927 long, 1241 short (43/57%)
    [trial 6] Sharpe=-0.0065 (folds: -0.0699, -0.0282, 0.0390, 0.0562, -0.0298)
    [trial 7] 46 features, training_days=120 | threshold=0.550 | labels: 927 long, 1241 short (43/57%)
    [trial 7] Sharpe=0.0452 (folds: 0.0822, 0.0635, 0.0742, 0.0705, -0.0642)
    [trial 8] 46 features, training_days=450 | threshold=0.720 | labels: 927 long, 1241 short (43/57%)
    [trial 8] Sharpe=0.0476 (folds: -0.2038, 0.1526, 0.1632, 0.0124, 0.1134)
    [trial 9] 46 features, training_days=20 | threshold=0.727 | labels: 927 long, 1241 short (43/57%)
    [trial 9] Sharpe=-1.9543 (folds: 0.1561, -0.0027, -0.1163, -10.0000, 0.1915)
    [trial 10] 46 features, training_days=320 | threshold=0.840 | labels: 927 long, 1241 short (43/57%)
    [trial 10] Sharpe=-7.9883 (folds: 0.0587, -10.0000, -10.0000, -10.0000, -10.0000)
    [trial 11] 46 features, training_days=300 | threshold=0.608 | labels: 927 long, 1241 short (43/57%)
    [trial 11] Sharpe=0.0308 (folds: -0.2736, 0.0900, 0.2259, 0.0350, 0.0770)
    [trial 12] 46 features, training_days=220 | threshold=0.515 | labels: 927 long, 1241 short (43/57%)
    [trial 12] Sharpe=-0.0093 (folds: 0.1632, -0.0716, -0.0194, -0.1122, -0.0066)
    [trial 13] 46 features, training_days=350 | threshold=0.631 | labels: 927 long, 1241 short (43/57%)[I 2026-06-01 11:09:50,059] Trial 13 finished with value: 0.09095765275100018 and parameters: {'confidence_threshold': 0.6308026073906248, 'training_days': 350, 'n_estimators': 123, 'max_depth': 4, 'num_leaves': 55, 'learning_rate': 0.15892994284987041, 'subsample': 0.7994520857725542, 'colsample_bytree': 0.8893154471266328, 'min_child_samples': 79, 'reg_alpha': 0.004306968559095825, 'reg_lambda': 0.000851875267961985}. Best is trial 1 with value: 0.1186872936757786.
[I 2026-06-01 11:09:50,500] Trial 14 finished with value: 0.018262211867439353 and parameters: {'confidence_threshold': 0.6429976620259557, 'training_days': 380, 'n_estimators': 500, 'max_depth': 5, 'num_leaves': 60, 'learning_rate': 0.2691669151676722, 'subsample': 0.8044190210005924, 'colsample_bytree': 0.96604614902395, 'min_child_samples': 82, 'reg_alpha': 0.006797484928287269, 'reg_lambda': 0.0014709214223004336}. Best is trial 1 with value: 0.1186872936757786.
[I 2026-06-01 11:09:50,617] Trial 15 finished with value: 0.1498706117477006 and parameters: {'confidence_threshold': 0.7759731020643469, 'training_days': 370, 'n_estimators': 128, 'max_depth': 4, 'num_leaves': 54, 'learning_rate': 0.07849073949420347, 'subsample': 0.9754332588115382, 'colsample_bytree': 0.9108625823212385, 'min_child_samples': 87, 'reg_alpha': 0.002133995302102607, 'reg_lambda': 2.582339790441249e-06}. Best is trial 15 with value: 0.1498706117477006.
[I 2026-06-01 11:09:50,797] Trial 16 finished with value: 0.0007814136897498186 and parameters: {'confidence_threshold': 0.7809712285122007, 'training_days': 240, 'n_estimators': 229, 'max_depth': 4, 'num_leaves': 52, 'learning_rate': 0.06378811953914684, 'subsample': 0.9786216422763145, 'colsample_bytree': 0.9287459353372681, 'min_child_samples': 72, 'reg_alpha': 0.0007581300980903079, 'reg_lambda': 1.1675118133513853e-06}. Best is trial 15 with value: 0.1498706117477006.
