[I 2026-06-01 11:08:11,173] Trial 5 finished with value: -0.15450858668106723 and parameters: {'confidence_threshold': 0.8226559822580909, 'training_days': 50, 'n_estimators': 138, 'max_depth': 3, 'num_leaves': 30, 'learning_rate': 0.03750796359625606, 'subsample': 0.6356745158869479, 'colsample_bytree': 0.9143687545759647, 'min_child_samples': 48, 'reg_alpha': 3.376063348877853e-06, 'reg_lambda': 0.0007660634613082914}. Best is trial 4 with value: -0.0015843061994542218.

    [trial 9] Sharpe=-4.0484 (folds: -10.0000, 0.1616, -10.0000, -0.2570, -0.1467)
    [trial 10] 46 features, training_days=320 | threshold=0.840 | labels: 1021 long, 1150 short (47/53%)
    [trial 10] Sharpe=-3.8327 (folds: -10.0000, -0.1238, 0.5498, 0.4107, -10.0000)
    [trial 11] 46 features, training_days=490 | threshold=0.792 | labels: 1021 long, 1150 short (47/53%)
    [trial 11] Sharpe=-0.0139 (folds: -0.0508, -0.0679, 0.1510, -0.0282, -0.0735)
    [trial 12] 46 features, training_days=380 | threshold=0.824 | labels: 1021 long, 1150 short (47/53%)
    [trial 12] Sharpe=0.0159 (folds: 0.0007, -0.0883, 0.2382, -0.1008, 0.0295)
    [trial 13] 46 features, training_days=380 | threshold=0.631 | labels: 1021 long, 1150 short (47/53%)
    [trial 13] Sharpe=0.0003 (folds: 0.0694, -0.1047, 0.0647, -0.0580, 0.0302)
    [trial 14] 46 features, training_days=220 | threshold=0.512 | labels: 1021 long, 1150 short (47/53%)
    [trial 14] Sharpe=-0.0348 (folds: -0.0437, -0.0941, -0.0342, -0.0064, 0.0045)
    [trial 15] 46 features, training_days=340 | threshold=0.776 | labels: 1021 long, 1150 short (47/53%)
    [trial 15] Sharpe=0.0065 (folds: -0.0383, -0.0859, 0.1851, -0.0359, 0.0077)
    [trial 16] 46 features, training_days=260 | threshold=0.638 | labels: 1021 long, 1150 short (47/53%)
    [trial 16] Sharpe=-0.0073 (folds: -0.0368, -0.2130, -0.0630, 0.1244, 0.1517)
    [trial 17] 46 features, training_days=390 | threshold=0.841 | labels: 1021 long, 1150 short (47/53%)
    [trial 17] Sharpe=-1.9424 (folds: -0.3103, -0.1262, 0.5051, 0.2194, -10.0000)
  Optuna: 18 trials, best Sharpe = 0.0159
  Best params: n_estimators=490, max_depth=5, lr=0.0927, leaves=28
  Best confidence_threshold: 0.824
  Best training_days: 380
  Retrained on full data (1140 samples, 46 features)
  OOD: 16 features, cutoff (q=0.7) = 14.04
  Model trained for 2025-08: 93 test candles with features, confidence_threshold=0.612
[trade:close] 2025-08-02 00:00 DOTUSDT SHORT → timeout @ 3.54 | PnL=+13.24% (net +13.14%) | cum=+83.01% 2025-08=+13.14% 2025-08-02=+13.14%
[predict] 2025-08-02 16:00 DOTUSDT → LONG (proba=0.76 TP=15.1%/SL=7.5%)
[trade:open] 2025-08-02 23:59 DOTUSDT LONG @ 3.51 | SL=3.24 TP=4.03 | timeout=2025-08-09 23:59
[trade:close] 2025-08-09 07:59 DOTUSDT LONG → take_profit @ 4.03 | PnL=+15.07% (net +14.97%) | cum=+97.97% 2025-08=+28.11% 2025-08-09=+14.97%
[predict] 2025-08-10 16:00 DOTUSDT → SHORT (proba=0.62 TP=10.0%/SL=5.0%)
[trade:open] 2025-08-10 23:59 DOTUSDT SHORT @ 4.05 | SL=4.25 TP=3.64 | timeout=2025-08-17 23:59
[trade:close] 2025-08-13 15:59 DOTUSDT SHORT → stop_loss @ 4.25 | PnL=-5.00% (net -5.10%) | cum=+92.88% 2025-08=+23.01% 2025-08-13=-5.10%
[predict] 2025-08-14 16:00 DOTUSDT → SHORT (proba=0.81 TP=13.8%/SL=6.9%)
[trade:open] 2025-08-14 23:59 DOTUSDT SHORT @ 3.98 | SL=4.26 TP=3.43 | timeout=2025-08-21 23:59
[trade:close] 2025-08-22 00:00 DOTUSDT SHORT → timeout @ 3.79 | PnL=+4.72% (net +4.62%) | cum=+97.50% 2025-08=+27.63% 2025-08-22=+4.62%
[predict] 2025-08-24 16:00 DOTUSDT → SHORT (proba=0.75 TP=12.5%/SL=6.3%)
[trade:open] 2025-08-24 23:59 DOTUSDT SHORT @ 4.11 | SL=4.37 TP=3.60 | timeout=2025-08-31 23:59
[trade:close] 2025-09-01 00:00 DOTUSDT SHORT → timeout @ 3.74 | PnL=+9.03% (net +8.93%) | cum=+106.42% 2025-09=+8.93% 2025-09-01=+8.93%
[lgbm] === Training for 2025-09 ===
  Train window: 2023-09-01 → 2025-08-24
  2171 training samples from 1 symbols
  Samples per month: 2023-09: 90, 2023-10: 93, 2023-11: 90, 2023-12: 93, 2024-01: 93, 2024-02: 87, 2024-03: 93, 2024-04: 90, 2024-05: 93, 2024-06: 90, 2024-07: 93, 2024-08: 93, 2024-09: 90, 2024-10: 93, 2024-11: 90, 2024-12: 93, 2025-01: 93, 2025-02: 84, 2025-03: 93, 2025-04: 90, 2025-05: 93, 2025-06: 90, 2025-07: 93, 2025-08: 71
  [label] 2023-11-01 16:00 DOTUSDT entry=4.7320 → LONG | long=timeout(+6.26%) short=sl(-6.51%) | scanned=22 | no_tp→fwd_return=+6.3609
  [label] 2023-11-04 00:00 DOTUSDT entry=4.6490 → LONG | long=tp(+12.06%) short=sl(-6.18%) | scanned=16 | long_tp_only
  [label] 2023-11-07 16:00 DOTUSDT entry=4.9290 → LONG | long=sl(-6.59%) short=sl(-6.59%) | scanned=6 | no_tp→fwd_return=+3.3272
  [label] 2023-12-02 08:00 DOTUSDT entry=5.4850 → LONG | long=tp(+8.26%) short=sl(-4.28%) | scanned=10 | long_tp_only
  [label] 2024-01-24 00:00 DOTUSDT entry=6.3750 → LONG | long=tp(+12.67%) short=sl(-6.49%) | scanned=17 | long_tp_only
  [label] 2024-07-08 00:00 DOTUSDT entry=5.9330 → LONG | long=timeout(+9.42%) short=sl(-8.63%) | scanned=22 | no_tp→fwd_return=+9.5230
  [label] 2024-07-12 00:00 DOTUSDT entry=5.8620 → LONG | long=timeout(+3.74%) short=sl(-6.43%) | scanned=22 | no_tp→fwd_return=+3.8383
  [label] 2024-07-22 16:00 DOTUSDT entry=6.0920 → SHORT | long=sl(-5.30%) short=timeout(+7.20%) | scanned=22 | no_tp→fwd_return=-7.3047
  [label] 2024-09-05 16:00 DOTUSDT entry=4.0190 → LONG | long=timeout(+6.72%) short=sl(-5.62%) | scanned=22 | no_tp→fwd_return=+6.8176
  [label] 2024-09-14 08:00 DOTUSDT entry=4.3990 → SHORT | long=sl(-3.73%) short=tp(+7.16%) | scanned=12 | short_tp_only
  [label] 2024-12-13 16:00 DOTUSDT entry=9.0880 → SHORT | long=sl(-11.50%) short=tp(+22.69%) | scanned=18 | short_tp_only
  [label] 2025-01-14 16:00 DOTUSDT entry=6.6650 → SHORT | long=sl(-7.26%) short=sl(-7.26%) | scanned=15 | no_tp→fwd_return=-6.3466
  [label] 2025-01-31 00:00 DOTUSDT entry=6.2110 → SHORT | long=sl(-7.68%) short=tp(+15.07%) | scanned=8 | short_tp_only
  [label] 2025-02-12 16:00 DOTUSDT entry=5.2250 → SHORT | long=sl(-9.11%) short=timeout(+6.48%) | scanned=22 | no_tp→fwd_return=-6.5837
  [label] 2025-03-03 00:00 DOTUSDT entry=4.9640 → SHORT | long=sl(-9.24%) short=tp(+18.19%) | scanned=5 | short_tp_only
  [label] 2025-03-09 08:00 DOTUSDT entry=4.1590 → LONG | long=sl(-8.62%) short=timeout(-1.88%) | scanned=22 | no_tp→fwd_return=+1.7793
  [label] 2025-03-21 16:00 DOTUSDT entry=4.4970 → SHORT | long=sl(-5.71%) short=sl(-5.71%) | scanned=20 | no_tp→fwd_return=-4.7365
  [label] 2025-04-30 08:00 DOTUSDT entry=4.0720 → SHORT | long=sl(-5.96%) short=timeout(+3.66%) | scanned=22 | no_tp→fwd_return=-3.7574
  [label] 2025-05-10 00:00 DOTUSDT entry=5.0610 → SHORT | long=sl(-5.74%) short=sl(-5.74%) | scanned=15 | no_tp→fwd_return=-5.9474
  [label] 2025-08-04 08:00 DOTUSDT entry=3.6900 → LONG | long=tp(+11.65%) short=sl(-5.97%) | scanned=15 | long_tp_only
  Labels: 1034 long (47.6%), 1137 short (52.4%) | weights: min=1.00, mean=3.40, max=10.00
  Features: 2171/2171 matched, 46 columns
  CV gap: 22 rows
  [ensemble 1/3] seed=42
    [trial 0] 46 features, training_days=480 | threshold=0.631 | labels: 1034 long, 1137 short (48/52%)
    [CV fold 0] train_end=2023-12-24 08:00 | val_start=2024-01-01 00:00 | gap=184h (22 rows)
    [CV fold 1] train_end=2024-04-22 16:00 | val_start=2024-04-30 08:00 | gap=184h (22 rows)
    [CV fold 2] train_end=2024-08-21 00:00 | val_start=2024-08-28 16:00 | gap=184h (22 rows)
    [CV fold 3] train_end=2024-12-19 08:00 | val_start=2024-12-27 00:00 | gap=184h (22 rows)
    [CV fold 4] train_end=2025-04-18 16:00 | val_start=2025-04-26 08:00 | gap=184h (22 rows)
    [trial 0] Sharpe=-0.0161 (folds: -0.0544, -0.3123, 0.0337, 0.1201, 0.1324)
    [trial 1] 46 features, training_days=420 | threshold=0.839 | labels: 1034 long, 1137 short (48/52%)
    [trial 1] Sharpe=-4.0053 (folds: 0.1041, -0.2371, 0.1067, -10.0000, -10.0000)
    [trial 2] 46 features, training_days=190 | threshold=0.602 | labels: 1034 long, 1137 short (48/52%)
    [trial 2] Sharpe=-0.0849 (folds: -0.0795, -0.2032, -0.0995, -0.0627, 0.0205)
    [trial 3] 46 features, training_days=490 | threshold=0.832 | labels: 1034 long, 1137 short (48/52%)
    [trial 3] Sharpe=-0.0171 (folds: -0.0576, -0.2213, 0.0341, 0.1795, -0.0201)
    [trial 4] 46 features, training_days=340 | threshold=0.591 | labels: 1034 long, 1137 short (48/52%)
    [trial 4] Sharpe=-0.0016 (folds: -0.0411, -0.2688, -0.0311, 0.0604, 0.2726)
    [trial 5] 46 features, training_days=50 | threshold=0.823 | labels: 1034 long, 1137 short (48/52%)
    [trial 5] Sharpe=-0.1545 (folds: 0.0960, 0.2950, 0.4274, -0.7691, -0.8220)
    [trial 6] 46 features, training_days=410 | threshold=0.549 | labels: 1034 long, 1137 short (48/52%)[I 2026-06-01 11:08:11,276] Trial 6 finished with value: -0.01299473540355627 and parameters: {'confidence_threshold': 0.5493234787411669, 'training_days': 410, 'n_estimators': 83, 'max_depth': 5, 'num_leaves': 52, 'learning_rate': 0.019657448966046126, 'subsample': 0.5027610585618012, 'colsample_bytree': 0.9077307142274171, 'min_child_samples': 77, 'reg_alpha': 0.03639690979811287, 'reg_lambda': 0.08738424135626986}. Best is trial 4 with value: -0.0015843061994542218.
[I 2026-06-01 11:08:11,368] Trial 7 finished with value: -0.11032635441511227 and parameters: {'confidence_threshold': 0.5259156281069316, 'training_days': 180, 'n_estimators': 102, 'max_depth': 5, 'num_leaves': 45, 'learning_rate': 0.030816017044468066, 'subsample': 0.5317791751430119, 'colsample_bytree': 0.6554911608578311, 'min_child_samples': 46, 'reg_alpha': 0.036851536911881845, 'reg_lambda': 0.005470376807480391}. Best is trial 4 with value: -0.0015843061994542218.
[I 2026-06-01 11:08:11,485] Trial 8 finished with value: -0.07994364245732173 and parameters: {'confidence_threshold': 0.8105244599017143, 'training_days': 240, 'n_estimators': 103, 'max_depth': 5, 'num_leaves': 52, 'learning_rate': 0.06746437142284309, 'subsample': 0.8854835899772805, 'colsample_bytree': 0.7468977981821954, 'min_child_samples': 62, 'reg_alpha': 7.04480806377519e-05, 'reg_lambda': 1.6934490731313353e-08}. Best is trial 4 with value: -0.0015843061994542218.
[I 2026-06-01 11:08:11,510] Trial 9 finished with value: 0.03772749117967019 and parameters: {'confidence_threshold': 0.5377619994476566, 'training_days': 20, 'n_estimators': 337, 'max_depth': 3, 'num_leaves': 39, 'learning_rate': 0.21907142272152816, 'subsample': 0.6246461145744375, 'colsample_bytree': 0.7051914615178149, 'min_child_samples': 81, 'reg_alpha': 1.1459970229341322e-06, 'reg_lambda': 4.929685216887945e-08}. Best is trial 9 with value: 0.03772749117967019.
[I 2026-06-01 11:08:11,544] Trial 10 finished with value: 0.04161601634506817 and parameters: {'confidence_threshold': 0.7449289185605341, 'training_days': 10, 'n_estimators': 487, 'max_depth': 3, 'num_leaves': 61, 'learning_rate': 0.21914469472126635, 'subsample': 0.628963476300746, 'colsample_bytree': 0.8189858776055304, 'min_child_samples': 27, 'reg_alpha': 2.8948477959263623e-05, 'reg_lambda': 3.3639426888455256e-06}. Best is trial 10 with value: 0.04161601634506817.
[I 2026-06-01 11:08:11,581] Trial 11 finished with value: -4.040159069732442 and parameters: {'confidence_threshold': 0.7161090655475574, 'training_days': 20, 'n_estimators': 493, 'max_depth': 3, 'num_leaves': 61, 'learning_rate': 0.29342259845704743, 'subsample': 0.6400134854724905, 'colsample_bytree': 0.819200104775254, 'min_child_samples': 20, 'reg_alpha': 3.4134308837730416e-05, 'reg_lambda': 6.7762174258243075e-06}. Best is trial 10 with value: 0.04161601634506817.
[I 2026-06-01 11:08:11,713] Trial 12 finished with value: 0.0014720042219735496 and parameters: {'confidence_threshold': 0.7298346593678096, 'training_days': 90, 'n_estimators': 354, 'max_depth': 4, 'num_leaves': 34, 'learning_rate': 0.28490603948879284, 'subsample': 0.6372685119000572, 'colsample_bytree': 0.6536151016793315, 'min_child_samples': 20, 'reg_alpha': 1.613562423721877e-06, 'reg_lambda': 4.507398817361611e-06}. Best is trial 10 with value: 0.04161601634506817.
[I 2026-06-01 11:08:11,846] Trial 13 finished with value: 0.008059398796358547 and parameters: {'confidence_threshold': 0.7395395722916298, 'training_days': 110, 'n_estimators': 500, 'max_depth': 3, 'num_leaves': 62, 'learning_rate': 0.15617500002908422, 'subsample': 0.6866291716128416, 'colsample_bytree': 0.8155421717694826, 'min_child_samples': 87, 'reg_alpha': 2.538028559928981e-08, 'reg_lambda': 4.448098583586063e-06}. Best is trial 10 with value: 0.04161601634506817.
[I 2026-06-01 11:08:11,873] Trial 14 finished with value: 0.04161601634506817 and parameters: {'confidence_threshold': 0.6730556752351576, 'training_days': 10, 'n_estimators': 311, 'max_depth': 3, 'num_leaves': 47, 'learning_rate': 0.15980925305956928, 'subsample': 0.5808433054196197, 'colsample_bytree': 0.9897127958863723, 'min_child_samples': 31, 'reg_alpha': 0.00026709189751978, 'reg_lambda': 6.036141982974625e-07}. Best is trial 10 with value: 0.04161601634506817.
[I 2026-06-01 11:08:12,044] Trial 15 finished with value: -0.05272729675781431 and parameters: {'confidence_threshold': 0.676640388658886, 'training_days': 130, 'n_estimators': 277, 'max_depth': 4, 'num_leaves': 54, 'learning_rate': 0.13091033169657604, 'subsample': 0.585448309528572, 'colsample_bytree': 0.8332678196538594, 'min_child_samples': 33, 'reg_alpha': 0.0007561706224578238, 'reg_lambda': 7.482879404932238e-05}. Best is trial 10 with value: 0.04161601634506817.
[I 2026-06-01 11:08:12,445] Trial 16 finished with value: -0.014132416525890614 and parameters: {'confidence_threshold': 0.7670921931962027, 'training_days': 270, 'n_estimators': 437, 'max_depth': 4, 'num_leaves': 56, 'learning_rate': 0.08995919566536967, 'subsample': 0.5876746534731345, 'colsample_bytree': 0.9826162589395974, 'min_child_samples': 33, 'reg_alpha': 3.4997312713329126e-05, 'reg_lambda': 4.28170520176123e-07}. Best is trial 10 with value: 0.04161601634506817.
[I 2026-06-01 11:08:12,580] Trial 17 finished with value: 0.10850813864900821 and parameters: {'confidence_threshold': 0.6755099553978283, 'training_days': 70, 'n_estimators': 287, 'max_depth': 3, 'num_leaves': 47, 'learning_rate': 0.010425658055299656, 'subsample': 0.8366733523272174, 'colsample_bytree': 0.9956385980717998, 'min_child_samples': 29, 'reg_alpha': 4.088459800794571, 'reg_lambda': 2.97010370103535e-05}. Best is trial 17 with value: 0.10850813864900821.
[I 2026-06-01 11:08:12,995] A new study created in memory with name: no-name-7f463021-2ea9-44c2-b3f2-fb2ac1bf6f43
[I 2026-06-01 11:08:13,084] Trial 0 finished with value: -0.07842020199527215 and parameters: {'confidence_threshold': 0.7437642149592516, 'training_days': 150, 'n_estimators': 152, 'max_depth': 4, 'num_leaves': 50, 'learning_rate': 0.04216766425047743, 'subsample': 0.9903820991923078, 'colsample_bytree': 0.8424148692924316, 'min_child_samples': 58, 'reg_alpha': 3.381097259762742e-05, 'reg_lambda': 1.2263152961306247e-05}. Best is trial 0 with value: -0.07842020199527215.
[I 2026-06-01 11:08:13,155] Trial 1 finished with value: -1.7541210336709785 and parameters: {'confidence_threshold': 0.7551673975844145, 'training_days': 220, 'n_estimators': 76, 'max_depth': 4, 'num_leaves': 51, 'learning_rate': 0.018602118810743477, 'subsample': 0.5877258780737462, 'colsample_bytree': 0.7657756869209191, 'min_child_samples': 63, 'reg_alpha': 0.005123994170264194, 'reg_lambda': 0.44145470178120466}. Best is trial 0 with value: -0.07842020199527215.
[I 2026-06-01 11:08:13,413] Trial 2 finished with value: 0.052768749800740554 and parameters: {'confidence_threshold': 0.7535593637012223, 'training_days': 310, 'n_estimators': 375, 'max_depth': 3, 'num_leaves': 32, 'learning_rate': 0.021735641882032388, 'subsample': 0.6468570231944146, 'colsample_bytree': 0.8154880619272439, 'min_child_samples': 27, 'reg_alpha': 8.004064028491336e-05, 'reg_lambda': 7.546835261630524e-05}. Best is trial 2 with value: 0.052768749800740554.
[I 2026-06-01 11:08:13,584] Trial 3 finished with value: -0.03953721462462327 and parameters: {'confidence_threshold': 0.6727897841776072, 'training_days': 220, 'n_estimators': 190, 'max_depth': 4, 'num_leaves': 58, 'learning_rate': 0.24810689332636193, 'subsample': 0.7509183379421682, 'colsample_bytree': 0.8119764758960556, 'min_child_samples': 29, 'reg_alpha': 7.1708285081421445e-06, 'reg_lambda': 5.412973582738627e-05}. Best is trial 2 with value: 0.052768749800740554.
[I 2026-06-01 11:08:13,692] Trial 4 finished with value: -0.07094738165935723 and parameters: {'confidence_threshold': 0.803208205259178, 'training_days': 130, 'n_estimators': 267, 'max_depth': 5, 'num_leaves': 40, 'learning_rate': 0.08041175317374143, 'subsample': 0.5603143329951619, 'colsample_bytree': 0.9131704002534167, 'min_child_samples': 68, 'reg_alpha': 0.0008046593428183385, 'reg_lambda': 1.2158346158765583e-05}. Best is trial 2 with value: 0.052768749800740554.
[I 2026-06-01 11:08:13,936] Trial 5 finished with value: -0.0765474685201406 and parameters: {'confidence_threshold': 0.6064422761595144, 'training_days': 210, 'n_estimators': 357, 'max_depth': 5, 'num_leaves': 40, 'learning_rate': 0.0974221287220869, 'subsample': 0.7929682762811064, 'colsample_bytree': 0.8124517510478, 'min_child_samples': 74, 'reg_alpha': 0.3811377260781234, 'reg_lambda': 5.607314238392041e-08}. Best is trial 2 with value: 0.052768749800740554.
[I 2026-06-01 11:08:14,044] Trial 6 finished with value: -0.06515607039199213 and parameters: {'confidence_threshold': 0.7672889945051684, 'training_days': 130, 'n_estimators': 137, 'max_depth': 4, 'num_leaves': 19, 'learning_rate': 0.2031117614248665, 'subsample': 0.8136244860256343, 'colsample_bytree': 0.8617081790949774, 'min_child_samples': 21, 'reg_alpha': 0.002238138278733199, 'reg_lambda': 0.001025809534977322}. Best is trial 2 with value: 0.052768749800740554.
[I 2026-06-01 11:08:14,111] Trial 7 finished with value: 0.020151088137849524 and parameters: {'confidence_threshold': 0.555635875450653, 'training_days': 80, 'n_estimators': 363, 'max_depth': 3, 'num_leaves': 48, 'learning_rate': 0.06590089024008658, 'subsample': 0.6944752870615722, 'colsample_bytree': 0.962566244806993, 'min_child_samples': 88, 'reg_alpha': 1.6465620446426067e-05, 'reg_lambda': 2.4678750890085655e-08}. Best is trial 2 with value: 0.052768749800740554.
[I 2026-06-01 11:08:14,449] Trial 8 finished with value: -0.1282073231554915 and parameters: {'confidence_threshold': 0.6066688256938841, 'training_days': 200, 'n_estimators': 367, 'max_depth': 5, 'num_leaves': 32, 'learning_rate': 0.13377519215934996, 'subsample': 0.7965884582811106, 'colsample_bytree': 0.8458508993500886, 'min_child_samples': 32, 'reg_alpha': 3.889436043816386e-05, 'reg_lambda': 1.4713062489380356e-06}. Best is trial 2 with value: 0.052768749800740554.
[I 2026-06-01 11:08:14,682] Trial 9 finished with value: -0.05522163848126712 and parameters: {'confidence_threshold': 0.6202096049169137, 'training_days': 260, 'n_estimators': 350, 'max_depth': 3, 'num_leaves': 21, 'learning_rate': 0.02989540198065364, 'subsample': 0.8307821683331218, 'colsample_bytree': 0.923253112635361, 'min_child_samples': 64, 'reg_alpha': 0.4898604619604203, 'reg_lambda': 2.9076377687066166e-05}. Best is trial 2 with value: 0.052768749800740554.
[I 2026-06-01 11:08:15,011] Trial 10 finished with value: -3.997210032393943 and parameters: {'confidence_threshold': 0.8445241688507242, 'training_days': 420, 'n_estimators': 494, 'max_depth': 3, 'num_leaves': 30, 'learning_rate': 0.010221918552934462, 'subsample': 0.5019190721168774, 'colsample_bytree': 0.6202684210924141, 'min_child_samples': 45, 'reg_alpha': 1.5494783182896407e-08, 'reg_lambda': 0.018878930586497852}. Best is trial 2 with value: 0.052768749800740554.
[I 2026-06-01 11:08:15,041] Trial 11 finished with value: 0.04161601634506817 and parameters: {'confidence_threshold': 0.5077463503498806, 'training_days': 10, 'n_estimators': 481, 'max_depth': 3, 'num_leaves': 48, 'learning_rate': 0.026648706335371596, 'subsample': 0.6581542700946174, 'colsample_bytree': 0.9846700359148485, 'min_child_samples': 100, 'reg_alpha': 2.5493772909886044e-07, 'reg_lambda': 1.0035776237342458e-08}. Best is trial 2 with value: 0.052768749800740554.
[I 2026-06-01 11:08:15,315] Trial 12 finished with value: -0.051933671155148145 and parameters: {'confidence_threshold': 0.516353676066732, 'training_days': 350, 'n_estimators': 498, 'max_depth': 3, 'num_leaves': 63, 'learning_rate': 0.020920578578909464, 'subsample': 0.6547963021624791, 'colsample_bytree': 0.6669454130036883, 'min_child_samples': 100, 'reg_alpha': 9.058306212142545e-08, 'reg_lambda': 0.0038691701598048364}. Best is trial 2 with value: 0.052768749800740554.
[I 2026-06-01 11:08:15,351] Trial 13 finished with value: 0.04161601634506817 and parameters: {'confidence_threshold': 0.6775314739340453, 'training_days': 10, 'n_estimators': 429, 'max_depth': 3, 'num_leaves': 31, 'learning_rate': 0.011263035585765184, 'subsample': 0.6551660007450526, 'colsample_bytree': 0.5443982906148261, 'min_child_samples': 45, 'reg_alpha': 5.654407190805402e-07, 'reg_lambda': 5.319180200024818e-07}. Best is trial 2 with value: 0.052768749800740554.
[I 2026-06-01 11:08:15,626] Trial 14 finished with value: -0.0013060926763604707 and parameters: {'confidence_threshold': 0.6968624890517784, 'training_days': 320, 'n_estimators': 424, 'max_depth': 3, 'num_leaves': 45, 'learning_rate': 0.03884994748272868, 'subsample': 0.9182426786262438, 'colsample_bytree': 0.998115464000195, 'min_child_samples': 80, 'reg_alpha': 3.954678786631651e-07, 'reg_lambda': 1.66052015319664}. Best is trial 2 with value: 0.052768749800740554.
