[I 2026-06-01 11:09:35,663] Trial 16 finished with value: 0.03321553224210738 and parameters: {'confidence_threshold': 0.7133402596347992, 'training_days': 420, 'n_estimators': 279, 'max_depth': 4, 'num_leaves': 30, 'learning_rate': 0.01765876497671223, 'subsample': 0.9660062620888806, 'colsample_bytree': 0.5012734321795769, 'min_child_samples': 37, 'reg_alpha': 0.05682468732545374, 'reg_lambda': 7.229313989287103}. Best is trial 15 with value: 0.05647718585605209.
[I 2026-06-01 11:09:36,074] Trial 17 finished with value: 0.10296696928686375 and parameters: {'confidence_threshold': 0.8278557618575797, 'training_days': 420, 'n_estimators': 429, 'max_depth': 5, 'num_leaves': 25, 'learning_rate': 0.04499130382716667, 'subsample': 0.8683539658619793, 'colsample_bytree': 0.5225343572251958, 'min_child_samples': 55, 'reg_alpha': 0.031339913113165224, 'reg_lambda': 0.23673228525465512}. Best is trial 17 with value: 0.10296696928686375.
[I 2026-06-01 11:09:36,664] A new study created in memory with name: no-name-d37c23d6-19cc-4ec2-bf83-6a1518e2f8f2
[I 2026-06-01 11:09:36,860] Trial 0 finished with value: -0.06270650163811604 and parameters: {'confidence_threshold': 0.5870645682749857, 'training_days': 90, 'n_estimators': 403, 'max_depth': 5, 'num_leaves': 45, 'learning_rate': 0.0780457193679974, 'subsample': 0.9428509515574568, 'colsample_bytree': 0.8795587339164916, 'min_child_samples': 34, 'reg_alpha': 2.2465901234314442e-07, 'reg_lambda': 8.339007036475363e-05}. Best is trial 0 with value: -0.06270650163811604.
[I 2026-06-01 11:09:36,961] Trial 1 finished with value: 0.042734456173899614 and parameters: {'confidence_threshold': 0.6348453934275313, 'training_days': 290, 'n_estimators': 115, 'max_depth': 5, 'num_leaves': 37, 'learning_rate': 0.06949568759029946, 'subsample': 0.8228505074024268, 'colsample_bytree': 0.8616703220431751, 'min_child_samples': 75, 'reg_alpha': 4.2486822725010923e-07, 'reg_lambda': 1.157247767047042e-07}. Best is trial 1 with value: 0.042734456173899614.
[I 2026-06-01 11:09:36,979] Trial 2 finished with value: 0.062374462134266694 and parameters: {'confidence_threshold': 0.5849570384370288, 'training_days': 10, 'n_estimators': 212, 'max_depth': 3, 'num_leaves': 41, 'learning_rate': 0.18452095998378365, 'subsample': 0.6001060822924371, 'colsample_bytree': 0.5673167293506167, 'min_child_samples': 37, 'reg_alpha': 5.733250064217131, 'reg_lambda': 0.5308454292595461}. Best is trial 2 with value: 0.062374462134266694.
[I 2026-06-01 11:09:37,067] Trial 3 finished with value: -0.13859269710416453 and parameters: {'confidence_threshold': 0.6868248626683718, 'training_days': 220, 'n_estimators': 134, 'max_depth': 3, 'num_leaves': 45, 'learning_rate': 0.033529007907491595, 'subsample': 0.8647277071858408, 'colsample_bytree': 0.778494116634046, 'min_child_samples': 96, 'reg_alpha': 2.409409937265785e-07, 'reg_lambda': 1.1642073478060009}. Best is trial 2 with value: 0.062374462134266694.
[I 2026-06-01 11:09:37,157] Trial 4 finished with value: 0.015726944997494385 and parameters: {'confidence_threshold': 0.5623121348350352, 'training_days': 300, 'n_estimators': 69, 'max_depth': 4, 'num_leaves': 32, 'learning_rate': 0.14967629360700346, 'subsample': 0.5054535233636654, 'colsample_bytree': 0.7401385194659216, 'min_child_samples': 27, 'reg_alpha': 1.4212042567426725e-07, 'reg_lambda': 0.23605753701352003}. Best is trial 2 with value: 0.062374462134266694.
[I 2026-06-01 11:09:37,563] Trial 5 finished with value: 0.05173131293996275 and parameters: {'confidence_threshold': 0.7111850244908446, 'training_days': 490, 'n_estimators': 362, 'max_depth': 5, 'num_leaves': 40, 'learning_rate': 0.05960785724162737, 'subsample': 0.5589714368907717, 'colsample_bytree': 0.6659006943232806, 'min_child_samples': 42, 'reg_alpha': 0.6741360303045295, 'reg_lambda': 6.054601607143087e-08}. Best is trial 2 with value: 0.062374462134266694.
[I 2026-06-01 11:09:37,759] Trial 6 finished with value: 0.0572993477860798 and parameters: {'confidence_threshold': 0.667482545748023, 'training_days': 420, 'n_estimators': 279, 'max_depth': 3, 'num_leaves': 45, 'learning_rate': 0.040099592560849204, 'subsample': 0.8563114696415159, 'colsample_bytree': 0.5442917781944105, 'min_child_samples': 50, 'reg_alpha': 1.6407916423707903e-08, 'reg_lambda': 2.935907642973286e-05}. Best is trial 2 with value: 0.062374462134266694.
[I 2026-06-01 11:09:37,907] Trial 7 finished with value: -0.032778022767434765 and parameters: {'confidence_threshold': 0.5497381024139926, 'training_days': 120, 'n_estimators': 408, 'max_depth': 5, 'num_leaves': 38, 'learning_rate': 0.28049122657745795, 'subsample': 0.8806573338635493, 'colsample_bytree': 0.5454054113547102, 'min_child_samples': 63, 'reg_alpha': 0.01263008637940408, 'reg_lambda': 0.04588020805366937}. Best is trial 2 with value: 0.062374462134266694.
[I 2026-06-01 11:09:38,163] Trial 8 finished with value: 0.05199658898605693 and parameters: {'confidence_threshold': 0.719644804808716, 'training_days': 450, 'n_estimators': 410, 'max_depth': 4, 'num_leaves': 57, 'learning_rate': 0.04022026551478857, 'subsample': 0.5336085426932707, 'colsample_bytree': 0.5705742850577543, 'min_child_samples': 100, 'reg_alpha': 5.916398047912201e-07, 'reg_lambda': 0.9794034214488329}. Best is trial 2 with value: 0.062374462134266694.
[I 2026-06-01 11:09:38,187] Trial 9 finished with value: -2.145494933513082 and parameters: {'confidence_threshold': 0.7267463643917187, 'training_days': 20, 'n_estimators': 337, 'max_depth': 5, 'num_leaves': 23, 'learning_rate': 0.022153031811454605, 'subsample': 0.6305627572358737, 'colsample_bytree': 0.6613413774216214, 'min_child_samples': 81, 'reg_alpha': 5.7638634029410314e-08, 'reg_lambda': 8.26603016764008}. Best is trial 2 with value: 0.062374462134266694.

    [trial 9] Sharpe=-0.0855 (folds: -0.1773, -0.3416, -0.1533, -0.0553, 0.2998)
    [trial 10] 46 features, training_days=350 | threshold=0.730 | labels: 928 long, 1240 short (43/57%)
    [trial 10] Sharpe=0.0261 (folds: -0.0916, 0.0347, 0.0573, 0.2827, -0.1527)
    [trial 11] 46 features, training_days=240 | threshold=0.762 | labels: 928 long, 1240 short (43/57%)
    [trial 11] Sharpe=0.0720 (folds: -0.0361, 0.0240, 0.0803, 0.2471, 0.0446)
    [trial 12] 46 features, training_days=120 | threshold=0.735 | labels: 928 long, 1240 short (43/57%)
    [trial 12] Sharpe=-0.0777 (folds: -0.0542, -0.2005, -0.1306, 0.0399, -0.0431)
    [trial 13] 46 features, training_days=300 | threshold=0.751 | labels: 928 long, 1240 short (43/57%)
    [trial 13] Sharpe=0.0898 (folds: -0.0312, -0.0417, 0.1780, 0.3492, -0.0053)
    [trial 14] 46 features, training_days=500 | threshold=0.685 | labels: 928 long, 1240 short (43/57%)
    [trial 14] Sharpe=0.0144 (folds: -0.1091, -0.0338, 0.0464, 0.3254, -0.1569)
    [trial 15] 46 features, training_days=360 | threshold=0.778 | labels: 928 long, 1240 short (43/57%)
    [trial 15] Sharpe=0.0069 (folds: -0.1041, -0.0196, 0.0638, 0.2504, -0.1557)
    [trial 16] 46 features, training_days=320 | threshold=0.696 | labels: 928 long, 1240 short (43/57%)
    [trial 16] Sharpe=-0.0132 (folds: -0.0858, -0.0966, -0.0392, 0.2532, -0.0975)
    [trial 17] 46 features, training_days=420 | threshold=0.789 | labels: 928 long, 1240 short (43/57%)
    [trial 17] Sharpe=-1.9241 (folds: -0.0822, -0.1857, -10.0000, 0.6754, -0.0277)
  Optuna: 18 trials, best Sharpe = 0.0898
  Best params: n_estimators=418, max_depth=3, lr=0.1072, leaves=62
  Best confidence_threshold: 0.751
  Best training_days: 300
  Retrained on full data (900 samples, 46 features)
  [ensemble 2/3] seed=123
    [trial 0] 46 features, training_days=150 | threshold=0.744 | labels: 928 long, 1240 short (43/57%)
    [CV fold 0] train_end=2024-07-23 08:00 | val_start=2024-07-31 00:00 | gap=184h (22 rows)
    [CV fold 1] train_end=2024-11-20 16:00 | val_start=2024-11-28 08:00 | gap=184h (22 rows)
    [CV fold 2] train_end=2025-03-21 00:00 | val_start=2025-03-28 16:00 | gap=184h (22 rows)
    [CV fold 3] train_end=2025-07-19 08:00 | val_start=2025-07-27 00:00 | gap=184h (22 rows)
    [CV fold 4] train_end=2025-11-16 16:00 | val_start=2025-11-24 08:00 | gap=184h (22 rows)
    [trial 0] Sharpe=-0.1654 (folds: -0.1284, -0.3302, -0.1671, 0.0380, -0.2392)
    [trial 1] 46 features, training_days=220 | threshold=0.755 | labels: 928 long, 1240 short (43/57%)
    [trial 1] Sharpe=-6.0143 (folds: -0.1562, 0.0848, -10.0000, -10.0000, -10.0000)
    [trial 2] 46 features, training_days=310 | threshold=0.754 | labels: 928 long, 1240 short (43/57%)
    [trial 2] Sharpe=-0.0081 (folds: -0.0971, -0.1032, -0.0284, 0.2754, -0.0871)
    [trial 3] 46 features, training_days=220 | threshold=0.673 | labels: 928 long, 1240 short (43/57%)
    [trial 3] Sharpe=-0.0176 (folds: -0.0737, -0.0848, -0.0395, 0.1518, -0.0421)
    [trial 4] 46 features, training_days=130 | threshold=0.803 | labels: 928 long, 1240 short (43/57%)
    [trial 4] Sharpe=-0.0713 (folds: -0.0741, 0.0613, -0.0558, -0.2271, -0.0606)
    [trial 5] 46 features, training_days=210 | threshold=0.606 | labels: 928 long, 1240 short (43/57%)
    [trial 5] Sharpe=-0.0203 (folds: -0.1022, -0.0910, 0.0267, 0.0964, -0.0316)
    [trial 6] 46 features, training_days=130 | threshold=0.767 | labels: 928 long, 1240 short (43/57%)
    [trial 6] Sharpe=-0.0827 (folds: -0.0950, -0.2056, -0.0534, -0.0095, -0.0499)
    [trial 7] 46 features, training_days=80 | threshold=0.556 | labels: 928 long, 1240 short (43/57%)
    [trial 7] Sharpe=-0.1656 (folds: -0.2748, -0.2871, -0.0941, -0.0855, -0.0864)
    [trial 8] 46 features, training_days=200 | threshold=0.607 | labels: 928 long, 1240 short (43/57%)
    [trial 8] Sharpe=-0.0426 (folds: -0.0881, -0.3117, -0.0111, 0.1719, 0.0257)
    [trial 9] 46 features, training_days=260 | threshold=0.620 | labels: 928 long, 1240 short (43/57%)
    [trial 9] Sharpe=0.0181 (folds: -0.1415, -0.1096, 0.1334, 0.1385, 0.0696)
    [trial 10] 46 features, training_days=470 | threshold=0.534 | labels: 928 long, 1240 short (43/57%)
    [trial 10] Sharpe=0.0148 (folds: -0.0700, -0.1375, 0.1322, 0.2921, -0.1429)
    [trial 11] 46 features, training_days=500 | threshold=0.505 | labels: 928 long, 1240 short (43/57%)
    [trial 11] Sharpe=0.0022 (folds: -0.0738, -0.1489, 0.1343, 0.2607, -0.1615)
    [trial 12] 46 features, training_days=360 | threshold=0.644 | labels: 928 long, 1240 short (43/57%)
    [trial 12] Sharpe=0.0300 (folds: -0.1450, -0.1778, 0.0902, 0.5729, -0.1903)
    [trial 13] 46 features, training_days=340 | threshold=0.670 | labels: 928 long, 1240 short (43/57%)
    [trial 13] Sharpe=0.0397 (folds: -0.0268, -0.0951, 0.0510, 0.4103, -0.1412)
    [trial 14] 46 features, training_days=380 | threshold=0.697 | labels: 928 long, 1240 short (43/57%)
    [trial 14] Sharpe=0.0418 (folds: -0.1061, -0.1570, 0.0742, 0.5212, -0.1232)
    [trial 15] 46 features, training_days=400 | threshold=0.703 | labels: 928 long, 1240 short (43/57%)
    [trial 15] Sharpe=0.0565 (folds: -0.1220, -0.0812, 0.0672, 0.4649, -0.0464)
    [trial 16] 46 features, training_days=420 | threshold=0.713 | labels: 928 long, 1240 short (43/57%)
    [trial 16] Sharpe=0.0332 (folds: -0.1663, -0.0997, 0.0151, 0.5424, -0.1254)
    [trial 17] 46 features, training_days=420 | threshold=0.828 | labels: 928 long, 1240 short (43/57%)
    [trial 17] Sharpe=0.1030 (folds: 0.0600, -0.0020, 0.0710, 0.3780, 0.0078)
  Optuna: 18 trials, best Sharpe = 0.1030
  Best params: n_estimators=429, max_depth=5, lr=0.0450, leaves=25
  Best confidence_threshold: 0.828
  Best training_days: 420
  Retrained on full data (1260 samples, 46 features)
  [ensemble 3/3] seed=456
    [trial 0] 46 features, training_days=90 | threshold=0.587 | labels: 928 long, 1240 short (43/57%)
    [CV fold 0] train_end=2024-07-23 08:00 | val_start=2024-07-31 00:00 | gap=184h (22 rows)
    [CV fold 1] train_end=2024-11-20 16:00 | val_start=2024-11-28 08:00 | gap=184h (22 rows)
    [CV fold 2] train_end=2025-03-21 00:00 | val_start=2025-03-28 16:00 | gap=184h (22 rows)
    [CV fold 3] train_end=2025-07-19 08:00 | val_start=2025-07-27 00:00 | gap=184h (22 rows)
    [CV fold 4] train_end=2025-11-16 16:00 | val_start=2025-11-24 08:00 | gap=184h (22 rows)
    [trial 0] Sharpe=-0.0627 (folds: -0.1411, -0.1936, -0.0999, 0.1807, -0.0597)
    [trial 1] 46 features, training_days=290 | threshold=0.635 | labels: 928 long, 1240 short (43/57%)
    [trial 1] Sharpe=0.0427 (folds: -0.1571, -0.0820, 0.1481, 0.2462, 0.0586)
    [trial 2] 46 features, training_days=10 | threshold=0.585 | labels: 928 long, 1240 short (43/57%)
    [trial 2] Sharpe=0.0624 (folds: -0.1773, 0.1578, -0.1533, 0.1849, 0.2998)
    [trial 3] 46 features, training_days=220 | threshold=0.687 | labels: 928 long, 1240 short (43/57%)
    [trial 3] Sharpe=-0.1386 (folds: -0.2930, -0.1173, -0.0735, 0.0184, -0.2276)
    [trial 4] 46 features, training_days=300 | threshold=0.562 | labels: 928 long, 1240 short (43/57%)
    [trial 4] Sharpe=0.0157 (folds: -0.1083, -0.1646, 0.1453, 0.2422, -0.0359)
    [trial 5] 46 features, training_days=490 | threshold=0.711 | labels: 928 long, 1240 short (43/57%)
    [trial 5] Sharpe=0.0517 (folds: -0.0415, 0.0110, 0.0142, 0.3570, -0.0821)
    [trial 6] 46 features, training_days=420 | threshold=0.667 | labels: 928 long, 1240 short (43/57%)
    [trial 6] Sharpe=0.0573 (folds: -0.0130, -0.0881, 0.0408, 0.3899, -0.0430)
    [trial 7] 46 features, training_days=120 | threshold=0.550 | labels: 928 long, 1240 short (43/57%)
    [trial 7] Sharpe=-0.0328 (folds: 0.0064, -0.0904, -0.0651, 0.0363, -0.0510)
    [trial 8] 46 features, training_days=450 | threshold=0.720 | labels: 928 long, 1240 short (43/57%)
    [trial 8] Sharpe=0.0520 (folds: -0.2310, 0.0625, 0.1073, 0.4226, -0.1013)
    [trial 9] 46 features, training_days=20 | threshold=0.727 | labels: 928 long, 1240 short (43/57%)
    [trial 9] Sharpe=-2.1455 (folds: -0.1773, -0.3416, -0.1533, -0.0553, -10.0000)
    [trial 10] 46 features, training_days=10 | threshold=0.840 | labels: 928 long, 1240 short (43/57%)[I 2026-06-01 11:09:38,218] Trial 10 finished with value: 0.062374462134266694 and parameters: {'confidence_threshold': 0.8398533911817929, 'training_days': 10, 'n_estimators': 228, 'max_depth': 3, 'num_leaves': 15, 'learning_rate': 0.2789359567293539, 'subsample': 0.6821883053833926, 'colsample_bytree': 0.9944479338273263, 'min_child_samples': 23, 'reg_alpha': 2.903134294418681, 'reg_lambda': 0.0032849428938367974}. Best is trial 2 with value: 0.062374462134266694.
[I 2026-06-01 11:09:38,250] Trial 11 finished with value: 0.062374462134266694 and parameters: {'confidence_threshold': 0.8491135887906174, 'training_days': 10, 'n_estimators': 209, 'max_depth': 3, 'num_leaves': 15, 'learning_rate': 0.27815973382833, 'subsample': 0.6879062534938418, 'colsample_bytree': 0.9628722124262472, 'min_child_samples': 20, 'reg_alpha': 9.461112950663296, 'reg_lambda': 0.004788595467491423}. Best is trial 2 with value: 0.062374462134266694.
[I 2026-06-01 11:09:38,400] Trial 12 finished with value: -0.12137483318687788 and parameters: {'confidence_threshold': 0.83900033179092, 'training_days': 140, 'n_estimators': 219, 'max_depth': 4, 'num_leaves': 57, 'learning_rate': 0.14143539714508013, 'subsample': 0.7066421539868052, 'colsample_bytree': 0.9826583982594713, 'min_child_samples': 38, 'reg_alpha': 0.02694721219722944, 'reg_lambda': 0.002586791714474608}. Best is trial 2 with value: 0.062374462134266694.
[I 2026-06-01 11:09:38,533] Trial 13 finished with value: -0.02759147900420092 and parameters: {'confidence_threshold': 0.5040535938350955, 'training_days': 200, 'n_estimators': 219, 'max_depth': 3, 'num_leaves': 27, 'learning_rate': 0.15892994284987041, 'subsample': 0.6231621855799615, 'colsample_bytree': 0.6451068859491428, 'min_child_samples': 54, 'reg_alpha': 0.0001325242033987599, 'reg_lambda': 5.312802003286294e-06}. Best is trial 2 with value: 0.062374462134266694.
[I 2026-06-01 11:09:38,629] Trial 14 finished with value: -0.06962283907835656 and parameters: {'confidence_threshold': 0.7723320301796328, 'training_days': 70, 'n_estimators': 500, 'max_depth': 3, 'num_leaves': 17, 'learning_rate': 0.10885680991659169, 'subsample': 0.7851487748866213, 'colsample_bytree': 0.7921009662363301, 'min_child_samples': 22, 'reg_alpha': 8.082904417668777, 'reg_lambda': 0.00974234545252979}. Best is trial 2 with value: 0.062374462134266694.
[I 2026-06-01 11:09:38,738] Trial 15 finished with value: -2.0599481786808753 and parameters: {'confidence_threshold': 0.7829525506318393, 'training_days': 160, 'n_estimators': 168, 'max_depth': 3, 'num_leaves': 51, 'learning_rate': 0.010017412216024365, 'subsample': 0.6120390612600266, 'colsample_bytree': 0.502925720040233, 'min_child_samples': 34, 'reg_alpha': 0.13059613104316006, 'reg_lambda': 0.0006156141946978409}. Best is trial 2 with value: 0.062374462134266694.
[I 2026-06-01 11:09:38,990] Trial 16 finished with value: 0.01994192789882962 and parameters: {'confidence_threshold': 0.6219694252722007, 'training_days': 360, 'n_estimators': 277, 'max_depth': 4, 'num_leaves': 30, 'learning_rate': 0.22801137105963568, 'subsample': 0.6982537545716929, 'colsample_bytree': 0.9182910580304163, 'min_child_samples': 48, 'reg_alpha': 0.0002638845618184788, 'reg_lambda': 0.09115701068245131}. Best is trial 2 with value: 0.062374462134266694.
[I 2026-06-01 11:09:39,072] Trial 17 finished with value: 0.011637293203479851 and parameters: {'confidence_threshold': 0.5028255678835912, 'training_days': 70, 'n_estimators': 319, 'max_depth': 3, 'num_leaves': 22, 'learning_rate': 0.1913942156766461, 'subsample': 0.7671123975508201, 'colsample_bytree': 0.720096132447481, 'min_child_samples': 62, 'reg_alpha': 0.0032469148398323448, 'reg_lambda': 3.756010955927394}. Best is trial 2 with value: 0.062374462134266694.
[I 2026-06-01 11:09:39,820] A new study created in memory with name: no-name-c2541433-99d6-4fd7-8d0b-25329096d5bf
[I 2026-06-01 11:09:40,131] Trial 0 finished with value: 0.056446522301303446 and parameters: {'confidence_threshold': 0.6310890415965769, 'training_days': 480, 'n_estimators': 380, 'max_depth': 4, 'num_leaves': 22, 'learning_rate': 0.01699897838270077, 'subsample': 0.5290418060840998, 'colsample_bytree': 0.9330880728874675, 'min_child_samples': 68, 'reg_alpha': 0.023585940584142682, 'reg_lambda': 1.5320059381854043e-08}. Best is trial 0 with value: 0.056446522301303446.
[I 2026-06-01 11:09:40,240] Trial 1 finished with value: -3.750244183188503 and parameters: {'confidence_threshold': 0.839468448256698, 'training_days': 420, 'n_estimators': 145, 'max_depth': 3, 'num_leaves': 23, 'learning_rate': 0.028145092716060652, 'subsample': 0.762378215816119, 'colsample_bytree': 0.7159725093210578, 'min_child_samples': 43, 'reg_alpha': 0.0032112643094417484, 'reg_lambda': 1.8007140198129195e-07}. Best is trial 0 with value: 0.056446522301303446.
[I 2026-06-01 11:09:40,398] Trial 2 finished with value: 0.03354615197427053 and parameters: {'confidence_threshold': 0.6022506269873263, 'training_days': 190, 'n_estimators': 255, 'max_depth': 5, 'num_leaves': 24, 'learning_rate': 0.05748924681991978, 'subsample': 0.7962072844310213, 'colsample_bytree': 0.5232252063599989, 'min_child_samples': 69, 'reg_alpha': 3.425445902633376e-07, 'reg_lambda': 3.850031979199519e-08}. Best is trial 0 with value: 0.056446522301303446.
[I 2026-06-01 11:09:40,654] Trial 3 finished with value: 0.12317727435911921 and parameters: {'confidence_threshold': 0.8321099380386666, 'training_days': 490, 'n_estimators': 414, 'max_depth': 3, 'num_leaves': 19, 'learning_rate': 0.1024932221692416, 'subsample': 0.7200762468698007, 'colsample_bytree': 0.5610191174223894, 'min_child_samples': 60, 'reg_alpha': 2.039373116525212e-08, 'reg_lambda': 1.527156759251193}. Best is trial 3 with value: 0.12317727435911921.
[I 2026-06-01 11:09:40,806] Trial 4 finished with value: 0.1169853526497392 and parameters: {'confidence_threshold': 0.5905729935600059, 'training_days': 340, 'n_estimators': 190, 'max_depth': 4, 'num_leaves': 41, 'learning_rate': 0.01875220945578641, 'subsample': 0.9847923138822793, 'colsample_bytree': 0.8875664116805573, 'min_child_samples': 96, 'reg_alpha': 1.1309571585271483, 'reg_lambda': 0.002404915432737351}. Best is trial 3 with value: 0.12317727435911921.
[I 2026-06-01 11:09:40,844] Trial 5 finished with value: -0.11713734330731826 and parameters: {'confidence_threshold': 0.8226559822580909, 'training_days': 50, 'n_estimators': 138, 'max_depth': 3, 'num_leaves': 30, 'learning_rate': 0.03750796359625606, 'subsample': 0.6356745158869479, 'colsample_bytree': 0.9143687545759647, 'min_child_samples': 48, 'reg_alpha': 3.376063348877853e-06, 'reg_lambda': 0.0007660634613082914}. Best is trial 3 with value: 0.12317727435911921.
[I 2026-06-01 11:09:40,947] Trial 6 finished with value: 0.1768033699279592 and parameters: {'confidence_threshold': 0.5493234787411669, 'training_days': 410, 'n_estimators': 83, 'max_depth': 5, 'num_leaves': 52, 'learning_rate': 0.019657448966046126, 'subsample': 0.5027610585618012, 'colsample_bytree': 0.9077307142274171, 'min_child_samples': 77, 'reg_alpha': 0.03639690979811287, 'reg_lambda': 0.08738424135626986}. Best is trial 6 with value: 0.1768033699279592.
[I 2026-06-01 11:09:41,039] Trial 7 finished with value: 0.017391725125318332 and parameters: {'confidence_threshold': 0.5259156281069316, 'training_days': 180, 'n_estimators': 102, 'max_depth': 5, 'num_leaves': 45, 'learning_rate': 0.030816017044468066, 'subsample': 0.5317791751430119, 'colsample_bytree': 0.6554911608578311, 'min_child_samples': 46, 'reg_alpha': 0.036851536911881845, 'reg_lambda': 0.005470376807480391}. Best is trial 6 with value: 0.1768033699279592.
