[I 2026-06-01 11:02:09,173] Trial 9 finished with value: -0.04498976400192513 and parameters: {'confidence_threshold': 0.6202096049169137, 'training_days': 260, 'n_estimators': 350, 'max_depth': 3, 'num_leaves': 21, 'learning_rate': 0.02989540198065364, 'subsample': 0.8307821683331218, 'colsample_bytree': 0.923253112635361, 'min_child_samples': 64, 'reg_alpha': 0.4898604619604203, 'reg_lambda': 2.9076377687066166e-05}. Best is trial 8 with value: 0.04710302025369998.
[I 2026-06-01 11:02:09,645] Trial 10 finished with value: 0.01754973719746641 and parameters: {'confidence_threshold': 0.5342665212695602, 'training_days': 470, 'n_estimators': 493, 'max_depth': 5, 'num_leaves': 30, 'learning_rate': 0.010221918552934462, 'subsample': 0.9182272143313567, 'colsample_bytree': 0.6202684210924141, 'min_child_samples': 44, 'reg_alpha': 1.466506858166308e-08, 'reg_lambda': 0.014616129255130504}. Best is trial 8 with value: 0.04710302025369998.
[I 2026-06-01 11:02:09,945] Trial 11 finished with value: 0.04171386076742016 and parameters: {'confidence_threshold': 0.6855108908675568, 'training_days': 350, 'n_estimators': 481, 'max_depth': 3, 'num_leaves': 28, 'learning_rate': 0.11975677381222764, 'subsample': 0.6581542700946174, 'colsample_bytree': 0.6661831737797719, 'min_child_samples': 39, 'reg_alpha': 1.3319697765332087e-07, 'reg_lambda': 5.381542235082722e-07}. Best is trial 8 with value: 0.04710302025369998.
[I 2026-06-01 11:02:10,174] Trial 12 finished with value: 0.03884899478234733 and parameters: {'confidence_threshold': 0.830632524875604, 'training_days': 340, 'n_estimators': 413, 'max_depth': 3, 'num_leaves': 32, 'learning_rate': 0.021442972716943478, 'subsample': 0.6547963021624791, 'colsample_bytree': 0.5201164353688423, 'min_child_samples': 41, 'reg_alpha': 8.729633697039858e-07, 'reg_lambda': 0.001507967684419148}. Best is trial 8 with value: 0.04710302025369998.
[I 2026-06-01 11:02:10,200] Trial 13 finished with value: -3.965575883204166 and parameters: {'confidence_threshold': 0.6964214944639374, 'training_days': 10, 'n_estimators': 283, 'max_depth': 5, 'num_leaves': 36, 'learning_rate': 0.15152203000979778, 'subsample': 0.5024707401359401, 'colsample_bytree': 0.7082407533656954, 'min_child_samples': 21, 'reg_alpha': 0.016433372259908357, 'reg_lambda': 1.1128508233617258e-06}. Best is trial 8 with value: 0.04710302025369998.
[I 2026-06-01 11:02:10,537] Trial 14 finished with value: 0.027219745435672626 and parameters: {'confidence_threshold': 0.6066442090000221, 'training_days': 320, 'n_estimators': 422, 'max_depth': 4, 'num_leaves': 23, 'learning_rate': 0.04352986378516473, 'subsample': 0.8662494584461364, 'colsample_bytree': 0.9951780710339017, 'min_child_samples': 49, 'reg_alpha': 9.364024934217904e-05, 'reg_lambda': 0.07597426064842482}. Best is trial 8 with value: 0.04710302025369998.
[I 2026-06-01 11:02:10,904] Trial 15 finished with value: 0.019162358002190898 and parameters: {'confidence_threshold': 0.5026055290809989, 'training_days': 430, 'n_estimators': 278, 'max_depth': 5, 'num_leaves': 16, 'learning_rate': 0.013019291178833036, 'subsample': 0.7380920620367895, 'colsample_bytree': 0.738971151174427, 'min_child_samples': 33, 'reg_alpha': 1.570172639790588e-06, 'reg_lambda': 3.5532501480887757}. Best is trial 8 with value: 0.04710302025369998.
[I 2026-06-01 11:02:11,129] Trial 16 finished with value: -0.051830631965254524 and parameters: {'confidence_threshold': 0.6459625228176832, 'training_days': 290, 'n_estimators': 422, 'max_depth': 3, 'num_leaves': 25, 'learning_rate': 0.028817587348439925, 'subsample': 0.6259757956590382, 'colsample_bytree': 0.8835081131605972, 'min_child_samples': 99, 'reg_alpha': 0.05682468732545374, 'reg_lambda': 7.395933052163497e-07}. Best is trial 8 with value: 0.04710302025369998.

  [label] 2022-07-10 08:00 DOTUSDT entry=6.8120 → LONG | long=sl(-6.97%) short=sl(-6.97%) | scanned=20 | no_tp→fwd_return=+5.7692
  [label] 2022-10-04 08:00 DOTUSDT entry=6.4700 → SHORT | long=sl(-4.33%) short=timeout(+3.73%) | scanned=22 | no_tp→fwd_return=-3.8331
  Labels: 1104 long (50.9%), 1064 short (49.1%) | weights: min=1.00, mean=3.60, max=10.00
  Features: 2168/2168 matched, 46 columns
  CV gap: 22 rows
  [ensemble 1/3] seed=42
    [trial 0] 46 features, training_days=480 | threshold=0.631 | labels: 1104 long, 1064 short (51/49%)
    [CV fold 0] train_end=2021-02-22 08:00 | val_start=2021-03-02 00:00 | gap=184h (22 rows)
    [CV fold 1] train_end=2021-06-22 16:00 | val_start=2021-06-30 08:00 | gap=184h (22 rows)
    [CV fold 2] train_end=2021-10-21 00:00 | val_start=2021-10-28 16:00 | gap=184h (22 rows)
    [CV fold 3] train_end=2022-02-18 08:00 | val_start=2022-02-26 00:00 | gap=184h (22 rows)
    [CV fold 4] train_end=2022-06-18 16:00 | val_start=2022-06-26 08:00 | gap=184h (22 rows)
    [trial 0] Sharpe=-0.0109 (folds: 0.0077, 0.0922, -0.1289, 0.0041, -0.0296)
    [trial 1] 46 features, training_days=420 | threshold=0.839 | labels: 1104 long, 1064 short (51/49%)
    [trial 1] Sharpe=-2.0496 (folds: 0.0196, 0.2660, -0.7611, -10.0000, 0.2273)
    [trial 2] 46 features, training_days=190 | threshold=0.602 | labels: 1104 long, 1064 short (51/49%)
    [trial 2] Sharpe=0.0218 (folds: -0.0059, 0.1723, -0.1430, 0.1192, -0.0337)
    [trial 3] 46 features, training_days=490 | threshold=0.832 | labels: 1104 long, 1064 short (51/49%)
    [trial 3] Sharpe=0.0350 (folds: 0.0069, 0.2107, -0.1856, 0.1905, -0.0478)
    [trial 4] 46 features, training_days=340 | threshold=0.591 | labels: 1104 long, 1064 short (51/49%)
    [trial 4] Sharpe=-0.0146 (folds: -0.0334, 0.1389, -0.1547, 0.0326, -0.0562)
    [trial 5] 46 features, training_days=50 | threshold=0.823 | labels: 1104 long, 1064 short (51/49%)
    [trial 5] Sharpe=-0.0505 (folds: -0.3535, -0.2136, -0.0974, 0.1964, 0.2157)
    [trial 6] 46 features, training_days=410 | threshold=0.549 | labels: 1104 long, 1064 short (51/49%)
    [trial 6] Sharpe=-0.0347 (folds: -0.0748, 0.1486, -0.2419, 0.0475, -0.0530)
    [trial 7] 46 features, training_days=180 | threshold=0.526 | labels: 1104 long, 1064 short (51/49%)
    [trial 7] Sharpe=-0.0069 (folds: 0.0101, 0.2033, -0.0886, -0.0537, -0.1055)
    [trial 8] 46 features, training_days=240 | threshold=0.811 | labels: 1104 long, 1064 short (51/49%)
    [trial 8] Sharpe=0.0492 (folds: -0.0019, 0.2486, -0.1701, 0.2851, -0.1160)
    [trial 9] 46 features, training_days=20 | threshold=0.538 | labels: 1104 long, 1064 short (51/49%)
    [trial 9] Sharpe=-0.0734 (folds: -0.0755, -0.2863, -0.2571, 0.1716, 0.0802)
    [trial 10] 46 features, training_days=280 | threshold=0.734 | labels: 1104 long, 1064 short (51/49%)
    [trial 10] Sharpe=0.0761 (folds: 0.0466, 0.1724, -0.0206, 0.2165, -0.0343)
    [trial 11] 46 features, training_days=280 | threshold=0.742 | labels: 1104 long, 1064 short (51/49%)
    [trial 11] Sharpe=0.0818 (folds: -0.0001, 0.2006, -0.0327, 0.2269, 0.0145)
    [trial 12] 46 features, training_days=300 | threshold=0.727 | labels: 1104 long, 1064 short (51/49%)
    [trial 12] Sharpe=0.0727 (folds: 0.0144, 0.2101, -0.0632, 0.2422, -0.0399)
    [trial 13] 46 features, training_days=140 | threshold=0.732 | labels: 1104 long, 1064 short (51/49%)
    [trial 13] Sharpe=0.0238 (folds: 0.0795, 0.1842, -0.0390, -0.0431, -0.0628)
    [trial 14] 46 features, training_days=320 | threshold=0.738 | labels: 1104 long, 1064 short (51/49%)
    [trial 14] Sharpe=0.0644 (folds: 0.0325, 0.1806, -0.0558, 0.2490, -0.0843)
    [trial 15] 46 features, training_days=250 | threshold=0.681 | labels: 1104 long, 1064 short (51/49%)
    [trial 15] Sharpe=0.0580 (folds: 0.0301, 0.1533, -0.1084, 0.1892, 0.0257)
    [trial 16] 46 features, training_days=350 | threshold=0.775 | labels: 1104 long, 1064 short (51/49%)
    [trial 16] Sharpe=0.0780 (folds: 0.0355, 0.1877, -0.0761, 0.2509, -0.0082)
    [trial 17] 46 features, training_days=380 | threshold=0.789 | labels: 1104 long, 1064 short (51/49%)
    [trial 17] Sharpe=0.2200 (folds: 0.0201, 0.2438, -0.5894, 1.3803, 0.0450)
  Optuna: 18 trials, best Sharpe = 0.2200
  Best params: n_estimators=267, max_depth=4, lr=0.0104, leaves=47
  Best confidence_threshold: 0.789
  Best training_days: 380
  Retrained on full data (1140 samples, 46 features)
  [ensemble 2/3] seed=123
    [trial 0] 46 features, training_days=150 | threshold=0.744 | labels: 1104 long, 1064 short (51/49%)
    [CV fold 0] train_end=2021-02-22 08:00 | val_start=2021-03-02 00:00 | gap=184h (22 rows)
    [CV fold 1] train_end=2021-06-22 16:00 | val_start=2021-06-30 08:00 | gap=184h (22 rows)
    [CV fold 2] train_end=2021-10-21 00:00 | val_start=2021-10-28 16:00 | gap=184h (22 rows)
    [CV fold 3] train_end=2022-02-18 08:00 | val_start=2022-02-26 00:00 | gap=184h (22 rows)
    [CV fold 4] train_end=2022-06-18 16:00 | val_start=2022-06-26 08:00 | gap=184h (22 rows)
    [trial 0] Sharpe=0.0368 (folds: -0.0355, 0.1900, -0.2205, 0.2386, 0.0114)
    [trial 1] 46 features, training_days=220 | threshold=0.755 | labels: 1104 long, 1064 short (51/49%)
    [trial 1] Sharpe=-1.9646 (folds: -0.0587, 0.4819, -0.1690, -10.0000, -0.0773)
    [trial 2] 46 features, training_days=310 | threshold=0.754 | labels: 1104 long, 1064 short (51/49%)
    [trial 2] Sharpe=0.0462 (folds: 0.0997, 0.2477, -0.1857, 0.1059, -0.0366)
    [trial 3] 46 features, training_days=220 | threshold=0.673 | labels: 1104 long, 1064 short (51/49%)
    [trial 3] Sharpe=0.0172 (folds: 0.0185, 0.1127, -0.0822, 0.0102, 0.0269)
    [trial 4] 46 features, training_days=130 | threshold=0.803 | labels: 1104 long, 1064 short (51/49%)
    [trial 4] Sharpe=-0.0087 (folds: -0.0101, 0.0840, -0.0648, 0.0055, -0.0581)
    [trial 5] 46 features, training_days=210 | threshold=0.606 | labels: 1104 long, 1064 short (51/49%)
    [trial 5] Sharpe=0.0111 (folds: -0.0305, 0.1506, -0.1196, 0.1023, -0.0473)
    [trial 6] 46 features, training_days=130 | threshold=0.767 | labels: 1104 long, 1064 short (51/49%)
    [trial 6] Sharpe=-0.0272 (folds: 0.0840, 0.0669, 0.0459, -0.1506, -0.1823)
    [trial 7] 46 features, training_days=80 | threshold=0.556 | labels: 1104 long, 1064 short (51/49%)
    [trial 7] Sharpe=-0.0204 (folds: -0.0150, -0.0389, -0.0968, -0.0066, 0.0551)
    [trial 8] 46 features, training_days=200 | threshold=0.607 | labels: 1104 long, 1064 short (51/49%)
    [trial 8] Sharpe=0.0471 (folds: 0.0018, 0.1590, -0.0517, 0.1543, -0.0279)
    [trial 9] 46 features, training_days=260 | threshold=0.620 | labels: 1104 long, 1064 short (51/49%)
    [trial 9] Sharpe=-0.0450 (folds: -0.0196, 0.0938, -0.1963, -0.0381, -0.0648)
    [trial 10] 46 features, training_days=470 | threshold=0.534 | labels: 1104 long, 1064 short (51/49%)
    [trial 10] Sharpe=0.0175 (folds: 0.0359, 0.1353, -0.0793, 0.0594, -0.0634)
    [trial 11] 46 features, training_days=350 | threshold=0.686 | labels: 1104 long, 1064 short (51/49%)
    [trial 11] Sharpe=0.0417 (folds: -0.0435, 0.1778, -0.0553, 0.1920, -0.0624)
    [trial 12] 46 features, training_days=340 | threshold=0.831 | labels: 1104 long, 1064 short (51/49%)
    [trial 12] Sharpe=0.0388 (folds: 0.0343, 0.3400, -0.3173, 0.1583, -0.0210)
    [trial 13] 46 features, training_days=10 | threshold=0.696 | labels: 1104 long, 1064 short (51/49%)
    [trial 13] Sharpe=-3.9656 (folds: -0.0796, -10.0000, -10.0000, 0.1716, 0.0802)
    [trial 14] 46 features, training_days=320 | threshold=0.607 | labels: 1104 long, 1064 short (51/49%)
    [trial 14] Sharpe=0.0272 (folds: -0.0248, 0.1228, -0.0991, 0.2154, -0.0781)
    [trial 15] 46 features, training_days=430 | threshold=0.503 | labels: 1104 long, 1064 short (51/49%)
    [trial 15] Sharpe=0.0192 (folds: 0.0320, 0.1439, -0.0828, 0.0713, -0.0686)
    [trial 16] 46 features, training_days=290 | threshold=0.646 | labels: 1104 long, 1064 short (51/49%)
    [trial 16] Sharpe=-0.0518 (folds: -0.0399, 0.1232, -0.2011, -0.0212, -0.1202)
    [trial 17] 46 features, training_days=390 | threshold=0.719 | labels: 1104 long, 1064 short (51/49%)
    [trial 17] Sharpe=-0.0047 (folds: -0.0291, 0.0784, -0.1833, 0.2183, -0.1077)[I 2026-06-01 11:02:11,299] Trial 17 finished with value: -0.0046898160032135625 and parameters: {'confidence_threshold': 0.7188010643806367, 'training_days': 390, 'n_estimators': 320, 'max_depth': 4, 'num_leaves': 35, 'learning_rate': 0.16245360773731382, 'subsample': 0.7080806309071794, 'colsample_bytree': 0.7882069742740347, 'min_child_samples': 52, 'reg_alpha': 7.284070645541434, 'reg_lambda': 0.00029433365007660304}. Best is trial 8 with value: 0.04710302025369998.
[I 2026-06-01 11:02:11,436] A new study created in memory with name: no-name-b4b87d5b-6b68-4c2a-9a20-166bd3279bcc
[I 2026-06-01 11:02:11,617] Trial 0 finished with value: 0.0034573592785583224 and parameters: {'confidence_threshold': 0.5870645682749857, 'training_days': 90, 'n_estimators': 403, 'max_depth': 5, 'num_leaves': 45, 'learning_rate': 0.0780457193679974, 'subsample': 0.9428509515574568, 'colsample_bytree': 0.8795587339164916, 'min_child_samples': 34, 'reg_alpha': 2.2465901234314442e-07, 'reg_lambda': 8.339007036475363e-05}. Best is trial 0 with value: 0.0034573592785583224.
[I 2026-06-01 11:02:11,718] Trial 1 finished with value: -0.04918799906549788 and parameters: {'confidence_threshold': 0.6348453934275313, 'training_days': 290, 'n_estimators': 115, 'max_depth': 5, 'num_leaves': 37, 'learning_rate': 0.06949568759029946, 'subsample': 0.8228505074024268, 'colsample_bytree': 0.8616703220431751, 'min_child_samples': 75, 'reg_alpha': 4.2486822725010923e-07, 'reg_lambda': 1.157247767047042e-07}. Best is trial 0 with value: 0.0034573592785583224.
[I 2026-06-01 11:02:11,741] Trial 2 finished with value: -2.017001763400503 and parameters: {'confidence_threshold': 0.5849570384370288, 'training_days': 10, 'n_estimators': 212, 'max_depth': 3, 'num_leaves': 41, 'learning_rate': 0.18452095998378365, 'subsample': 0.6001060822924371, 'colsample_bytree': 0.5673167293506167, 'min_child_samples': 37, 'reg_alpha': 5.733250064217131, 'reg_lambda': 0.5308454292595461}. Best is trial 0 with value: 0.0034573592785583224.
[I 2026-06-01 11:02:11,815] Trial 3 finished with value: -0.04377795510138005 and parameters: {'confidence_threshold': 0.6868248626683718, 'training_days': 220, 'n_estimators': 134, 'max_depth': 3, 'num_leaves': 45, 'learning_rate': 0.033529007907491595, 'subsample': 0.8647277071858408, 'colsample_bytree': 0.778494116634046, 'min_child_samples': 96, 'reg_alpha': 2.409409937265785e-07, 'reg_lambda': 1.1642073478060009}. Best is trial 0 with value: 0.0034573592785583224.
[I 2026-06-01 11:02:11,903] Trial 4 finished with value: 0.04636244254991686 and parameters: {'confidence_threshold': 0.5623121348350352, 'training_days': 300, 'n_estimators': 69, 'max_depth': 4, 'num_leaves': 32, 'learning_rate': 0.14967629360700346, 'subsample': 0.5054535233636654, 'colsample_bytree': 0.7401385194659216, 'min_child_samples': 27, 'reg_alpha': 1.4212042567426725e-07, 'reg_lambda': 0.23605753701352003}. Best is trial 4 with value: 0.04636244254991686.
[I 2026-06-01 11:02:12,293] Trial 5 finished with value: 0.0648126734719089 and parameters: {'confidence_threshold': 0.7111850244908446, 'training_days': 490, 'n_estimators': 362, 'max_depth': 5, 'num_leaves': 40, 'learning_rate': 0.05960785724162737, 'subsample': 0.5589714368907717, 'colsample_bytree': 0.6659006943232806, 'min_child_samples': 42, 'reg_alpha': 0.6741360303045295, 'reg_lambda': 6.054601607143087e-08}. Best is trial 5 with value: 0.0648126734719089.
[I 2026-06-01 11:02:12,483] Trial 6 finished with value: 0.035367124791686536 and parameters: {'confidence_threshold': 0.667482545748023, 'training_days': 420, 'n_estimators': 279, 'max_depth': 3, 'num_leaves': 45, 'learning_rate': 0.040099592560849204, 'subsample': 0.8563114696415159, 'colsample_bytree': 0.5442917781944105, 'min_child_samples': 50, 'reg_alpha': 1.6407916423707903e-08, 'reg_lambda': 2.935907642973286e-05}. Best is trial 5 with value: 0.0648126734719089.
[I 2026-06-01 11:02:12,615] Trial 7 finished with value: -0.03559330723875769 and parameters: {'confidence_threshold': 0.5497381024139926, 'training_days': 120, 'n_estimators': 408, 'max_depth': 5, 'num_leaves': 38, 'learning_rate': 0.28049122657745795, 'subsample': 0.8806573338635493, 'colsample_bytree': 0.5454054113547102, 'min_child_samples': 63, 'reg_alpha': 0.01263008637940408, 'reg_lambda': 0.04588020805366937}. Best is trial 5 with value: 0.0648126734719089.
[I 2026-06-01 11:02:12,873] Trial 8 finished with value: -0.00287632027753727 and parameters: {'confidence_threshold': 0.719644804808716, 'training_days': 450, 'n_estimators': 410, 'max_depth': 4, 'num_leaves': 57, 'learning_rate': 0.04022026551478857, 'subsample': 0.5336085426932707, 'colsample_bytree': 0.5705742850577543, 'min_child_samples': 100, 'reg_alpha': 5.916398047912201e-07, 'reg_lambda': 0.9794034214488329}. Best is trial 5 with value: 0.0648126734719089.
[I 2026-06-01 11:02:12,899] Trial 9 finished with value: -2.0894778690486664 and parameters: {'confidence_threshold': 0.7267463643917187, 'training_days': 20, 'n_estimators': 337, 'max_depth': 5, 'num_leaves': 23, 'learning_rate': 0.022153031811454605, 'subsample': 0.6305627572358737, 'colsample_bytree': 0.6613413774216214, 'min_child_samples': 81, 'reg_alpha': 5.7638634029410314e-08, 'reg_lambda': 8.26603016764008}. Best is trial 5 with value: 0.0648126734719089.
[I 2026-06-01 11:02:13,352] Trial 10 finished with value: 0.2013578515625186 and parameters: {'confidence_threshold': 0.8283920119574972, 'training_days': 490, 'n_estimators': 485, 'max_depth': 4, 'num_leaves': 15, 'learning_rate': 0.013054596495157828, 'subsample': 0.7130289643560688, 'colsample_bytree': 0.9944479338273263, 'min_child_samples': 52, 'reg_alpha': 2.8556520323203283, 'reg_lambda': 1.4521305760519918e-08}. Best is trial 10 with value: 0.2013578515625186.
[I 2026-06-01 11:02:13,799] Trial 11 finished with value: -2.044211360406081 and parameters: {'confidence_threshold': 0.8427661908265961, 'training_days': 500, 'n_estimators': 478, 'max_depth': 4, 'num_leaves': 15, 'learning_rate': 0.010040241734622521, 'subsample': 0.688822077530971, 'colsample_bytree': 0.9628722124262472, 'min_child_samples': 49, 'reg_alpha': 9.65090528733781, 'reg_lambda': 1.5920494933139244e-08}. Best is trial 10 with value: 0.2013578515625186.
[I 2026-06-01 11:02:14,220] Trial 12 finished with value: 0.0886714095456449 and parameters: {'confidence_threshold': 0.823724329897743, 'training_days': 380, 'n_estimators': 490, 'max_depth': 4, 'num_leaves': 57, 'learning_rate': 0.010307689130352767, 'subsample': 0.7296174856080863, 'colsample_bytree': 0.6706001178156101, 'min_child_samples': 49, 'reg_alpha': 0.036779794097033955, 'reg_lambda': 7.810386228944341e-07}. Best is trial 10 with value: 0.2013578515625186.
[I 2026-06-01 11:02:14,642] Trial 13 finished with value: 0.12863059662588566 and parameters: {'confidence_threshold': 0.8484626466925828, 'training_days': 380, 'n_estimators': 497, 'max_depth': 4, 'num_leaves': 58, 'learning_rate': 0.01037452801304007, 'subsample': 0.7449005101861819, 'colsample_bytree': 0.9588532537320408, 'min_child_samples': 61, 'reg_alpha': 0.013399825954895788, 'reg_lambda': 1.8799948266058237e-06}. Best is trial 10 with value: 0.2013578515625186.
[I 2026-06-01 11:02:15,039] Trial 14 finished with value: -0.009095497059725687 and parameters: {'confidence_threshold': 0.7940623782193302, 'training_days': 360, 'n_estimators': 500, 'max_depth': 4, 'num_leaves': 60, 'learning_rate': 0.01752905599320451, 'subsample': 0.7673486119683415, 'colsample_bytree': 0.9960696751950112, 'min_child_samples': 64, 'reg_alpha': 0.0005061136429986866, 'reg_lambda': 2.2389153235544636e-06}. Best is trial 10 with value: 0.2013578515625186.
[I 2026-06-01 11:02:15,373] Trial 15 finished with value: 0.06427902354315111 and parameters: {'confidence_threshold': 0.7829525506318393, 'training_days': 340, 'n_estimators': 442, 'max_depth': 4, 'num_leaves': 27, 'learning_rate': 0.01688304420263375, 'subsample': 0.6802486260992158, 'colsample_bytree': 0.9160141062713971, 'min_child_samples': 73, 'reg_alpha': 2.647758155151143e-05, 'reg_lambda': 0.0026406526000485684}. Best is trial 10 with value: 0.2013578515625186.
[I 2026-06-01 11:02:15,695] Trial 16 finished with value: 0.053114953752817926 and parameters: {'confidence_threshold': 0.7720917975236634, 'training_days': 430, 'n_estimators': 298, 'max_depth': 4, 'num_leaves': 52, 'learning_rate': 0.014593298598343627, 'subsample': 0.7624357316660103, 'colsample_bytree': 0.8310079148296833, 'min_child_samples': 20, 'reg_alpha': 0.08582706330342471, 'reg_lambda': 4.090965045013536e-06}. Best is trial 10 with value: 0.2013578515625186.
