[I 2026-06-01 11:03:22,237] Trial 14 finished with value: 0.02538470503763996 and parameters: {'confidence_threshold': 0.6327987688155228, 'training_days': 70, 'n_estimators': 331, 'max_depth': 4, 'num_leaves': 25, 'learning_rate': 0.10885680991659169, 'subsample': 0.7448098639645669, 'colsample_bytree': 0.5067756793648887, 'min_child_samples': 51, 'reg_alpha': 0.0043671569175290845, 'reg_lambda': 0.0012308414650161585}. Best is trial 2 with value: 0.11636440581984456.
[I 2026-06-01 11:03:22,333] Trial 15 finished with value: 0.042291918825702365 and parameters: {'confidence_threshold': 0.611535442634191, 'training_days': 160, 'n_estimators': 204, 'max_depth': 3, 'num_leaves': 17, 'learning_rate': 0.14912965019897703, 'subsample': 0.7513007976384943, 'colsample_bytree': 0.5978025657929166, 'min_child_samples': 88, 'reg_alpha': 1.7836787545151695e-05, 'reg_lambda': 2.582339790441249e-06}. Best is trial 2 with value: 0.11636440581984456.
[I 2026-06-01 11:03:22,498] Trial 16 finished with value: -8.060091636353713 and parameters: {'confidence_threshold': 0.7809712285122007, 'training_days': 360, 'n_estimators': 161, 'max_depth': 5, 'num_leaves': 51, 'learning_rate': 0.01060047703138607, 'subsample': 0.5894520869076918, 'colsample_bytree': 0.6880968755300121, 'min_child_samples': 70, 'reg_alpha': 0.22412806315095748, 'reg_lambda': 0.09749590683562431}. Best is trial 2 with value: 0.11636440581984456.
[I 2026-06-01 11:03:22,569] Trial 17 finished with value: 0.022028066461437068 and parameters: {'confidence_threshold': 0.5080881579696632, 'training_days': 40, 'n_estimators': 322, 'max_depth': 4, 'num_leaves': 30, 'learning_rate': 0.019352225990314435, 'subsample': 0.6358436111155269, 'colsample_bytree': 0.7953302246826274, 'min_child_samples': 48, 'reg_alpha': 0.0008059760040484764, 'reg_lambda': 0.579884597294159}. Best is trial 2 with value: 0.11636440581984456.

    [trial 5] 46 features, training_days=210 | threshold=0.606 | labels: 975 long, 1193 short (45/55%)
    [trial 5] Sharpe=-0.0515 (folds: -0.0054, 0.1205, -0.1238, -0.0927, -0.1560)
    [trial 6] 46 features, training_days=130 | threshold=0.767 | labels: 975 long, 1193 short (45/55%)
    [trial 6] Sharpe=0.0516 (folds: 0.1394, 0.1971, -0.0659, -0.0465, 0.0340)
    [trial 7] 46 features, training_days=80 | threshold=0.556 | labels: 975 long, 1193 short (45/55%)
    [trial 7] Sharpe=0.0100 (folds: -0.0201, -0.0153, -0.0281, 0.1504, -0.0366)
    [trial 8] 46 features, training_days=200 | threshold=0.607 | labels: 975 long, 1193 short (45/55%)
    [trial 8] Sharpe=0.0250 (folds: 0.0171, 0.1230, -0.0620, -0.0179, 0.0651)
    [trial 9] 46 features, training_days=260 | threshold=0.620 | labels: 975 long, 1193 short (45/55%)
    [trial 9] Sharpe=-0.1004 (folds: 0.0206, 0.0796, -0.1937, -0.3537, -0.0548)
    [trial 10] 46 features, training_days=470 | threshold=0.845 | labels: 975 long, 1193 short (45/55%)
    [trial 10] Sharpe=-3.9880 (folds: -0.1489, 0.0046, 0.2044, -10.0000, -10.0000)
    [trial 11] 46 features, training_days=20 | threshold=0.837 | labels: 975 long, 1193 short (45/55%)
    [trial 11] Sharpe=-5.9612 (folds: -10.0000, -10.0000, -10.0000, 0.0540, 0.1401)
    [trial 12] 46 features, training_days=120 | threshold=0.798 | labels: 975 long, 1193 short (45/55%)
    [trial 12] Sharpe=0.0852 (folds: 0.0642, 0.2401, -0.0068, 0.1192, 0.0093)
    [trial 13] 46 features, training_days=10 | threshold=0.800 | labels: 975 long, 1193 short (45/55%)
    [trial 13] Sharpe=0.1164 (folds: 0.1224, 0.1474, 0.1180, 0.0540, 0.1401)
    [trial 14] 46 features, training_days=20 | threshold=0.697 | labels: 975 long, 1193 short (45/55%)
    [trial 14] Sharpe=0.1164 (folds: 0.1224, 0.1474, 0.1180, 0.0540, 0.1401)
    [trial 15] 46 features, training_days=10 | threshold=0.691 | labels: 975 long, 1193 short (45/55%)
    [trial 15] Sharpe=0.1164 (folds: 0.1224, 0.1474, 0.1180, 0.0540, 0.1401)
    [trial 16] 46 features, training_days=350 | threshold=0.695 | labels: 975 long, 1193 short (45/55%)
    [trial 16] Sharpe=0.0152 (folds: 0.0773, 0.0874, -0.1448, 0.0316, 0.0244)
    [trial 17] 46 features, training_days=60 | threshold=0.500 | labels: 975 long, 1193 short (45/55%)
    [trial 17] Sharpe=0.0409 (folds: -0.1153, 0.0470, 0.1180, 0.1736, -0.0186)
  Optuna: 18 trials, best Sharpe = 0.1164
  Best params: n_estimators=53, max_depth=5, lr=0.1015, leaves=31
  Best confidence_threshold: 0.800
  Best training_days: 10
  Retrained on full data (30 samples, 46 features)
  [ensemble 3/3] seed=456
    [trial 0] 46 features, training_days=90 | threshold=0.587 | labels: 975 long, 1193 short (45/55%)
    [CV fold 0] train_end=2021-09-22 08:00 | val_start=2021-09-30 00:00 | gap=184h (22 rows)
    [CV fold 1] train_end=2022-01-20 16:00 | val_start=2022-01-28 08:00 | gap=184h (22 rows)
    [CV fold 2] train_end=2022-05-21 00:00 | val_start=2022-05-28 16:00 | gap=184h (22 rows)
    [CV fold 3] train_end=2022-09-18 08:00 | val_start=2022-09-26 00:00 | gap=184h (22 rows)
    [CV fold 4] train_end=2023-01-16 16:00 | val_start=2023-01-24 08:00 | gap=184h (22 rows)
    [trial 0] Sharpe=0.0089 (folds: -0.0555, 0.0563, -0.2183, 0.1414, 0.1207)
    [trial 1] 46 features, training_days=290 | threshold=0.635 | labels: 975 long, 1193 short (45/55%)
    [trial 1] Sharpe=-0.0818 (folds: -0.0063, 0.0591, -0.1379, -0.2648, -0.0593)
    [trial 2] 46 features, training_days=10 | threshold=0.585 | labels: 975 long, 1193 short (45/55%)
    [trial 2] Sharpe=0.1164 (folds: 0.1224, 0.1474, 0.1180, 0.0540, 0.1401)
    [trial 3] 46 features, training_days=220 | threshold=0.687 | labels: 975 long, 1193 short (45/55%)
    [trial 3] Sharpe=-0.1738 (folds: -0.0820, 0.0229, -0.3582, -0.3173, -0.1342)
    [trial 4] 46 features, training_days=300 | threshold=0.562 | labels: 975 long, 1193 short (45/55%)
    [trial 4] Sharpe=0.0252 (folds: 0.0727, 0.1479, -0.1292, -0.0846, 0.1192)
    [trial 5] 46 features, training_days=490 | threshold=0.711 | labels: 975 long, 1193 short (45/55%)
    [trial 5] Sharpe=0.0311 (folds: 0.0656, 0.0589, -0.1503, 0.0525, 0.1289)
    [trial 6] 46 features, training_days=420 | threshold=0.667 | labels: 975 long, 1193 short (45/55%)
    [trial 6] Sharpe=-0.0183 (folds: 0.0956, 0.0026, -0.1189, -0.1228, 0.0521)
    [trial 7] 46 features, training_days=120 | threshold=0.550 | labels: 975 long, 1193 short (45/55%)
    [trial 7] Sharpe=0.0506 (folds: 0.0406, 0.1286, -0.1086, 0.0752, 0.1171)
    [trial 8] 46 features, training_days=450 | threshold=0.720 | labels: 975 long, 1193 short (45/55%)
    [trial 8] Sharpe=0.0201 (folds: 0.0374, 0.0465, -0.0961, -0.0673, 0.1802)
    [trial 9] 46 features, training_days=20 | threshold=0.727 | labels: 975 long, 1193 short (45/55%)
    [trial 9] Sharpe=0.1164 (folds: 0.1224, 0.1474, 0.1180, 0.0540, 0.1401)
    [trial 10] 46 features, training_days=10 | threshold=0.840 | labels: 975 long, 1193 short (45/55%)
    [trial 10] Sharpe=-1.9072 (folds: 0.1224, 0.1474, -10.0000, 0.0540, 0.1401)
    [trial 11] 46 features, training_days=10 | threshold=0.787 | labels: 975 long, 1193 short (45/55%)
    [trial 11] Sharpe=0.1164 (folds: 0.1224, 0.1474, 0.1180, 0.0540, 0.1401)
    [trial 12] 46 features, training_days=120 | threshold=0.515 | labels: 975 long, 1193 short (45/55%)
    [trial 12] Sharpe=0.0074 (folds: -0.0074, 0.1224, -0.1333, 0.0181, 0.0369)
    [trial 13] 46 features, training_days=200 | threshold=0.759 | labels: 975 long, 1193 short (45/55%)
    [trial 13] Sharpe=-0.2212 (folds: -0.0507, -0.3633, -0.0487, -0.4782, -0.1653)
    [trial 14] 46 features, training_days=70 | threshold=0.633 | labels: 975 long, 1193 short (45/55%)
    [trial 14] Sharpe=0.0254 (folds: -0.1619, 0.0297, 0.1040, 0.1325, 0.0225)
    [trial 15] 46 features, training_days=160 | threshold=0.612 | labels: 975 long, 1193 short (45/55%)
    [trial 15] Sharpe=0.0423 (folds: 0.0187, 0.0460, 0.0228, 0.0474, 0.0766)
    [trial 16] 46 features, training_days=360 | threshold=0.781 | labels: 975 long, 1193 short (45/55%)
    [trial 16] Sharpe=-8.0601 (folds: -0.3005, -10.0000, -10.0000, -10.0000, -10.0000)
    [trial 17] 46 features, training_days=40 | threshold=0.508 | labels: 975 long, 1193 short (45/55%)
    [trial 17] Sharpe=0.0220 (folds: -0.0441, 0.1191, 0.1180, 0.0545, -0.1374)
  Optuna: 18 trials, best Sharpe = 0.1164
  Best params: n_estimators=212, max_depth=3, lr=0.1845, leaves=41
  Best confidence_threshold: 0.585
  Best training_days: 10
  Retrained on full data (30 samples, 46 features)
  OOD: 16 features, cutoff (q=0.7) = 14.69
  Model trained for 2023-06: 90 test candles with features, confidence_threshold=0.736
[trade:close] 2023-06-05 15:59 DOTUSDT SHORT → take_profit @ 5.13 | PnL=+5.63% (net +5.53%) | cum=-1.09% 2023-06=+5.53% 2023-06-05=+5.53%
[lgbm] === Training for 2023-07 ===
  Train window: 2021-07-01 → 2023-06-23
  2168 training samples from 1 symbols
  Samples per month: 2021-07: 93, 2021-08: 93, 2021-09: 90, 2021-10: 93, 2021-11: 90, 2021-12: 93, 2022-01: 93, 2022-02: 84, 2022-03: 93, 2022-04: 90, 2022-05: 93, 2022-06: 90, 2022-07: 93, 2022-08: 93, 2022-09: 90, 2022-10: 93, 2022-11: 90, 2022-12: 93, 2023-01: 93, 2023-02: 84, 2023-03: 93, 2023-04: 90, 2023-05: 93, 2023-06: 68
  [label] 2021-08-31 16:00 DOTUSDT entry=31.3590 → SHORT | long=sl(-9.44%) short=sl(-9.44%) | scanned=20 | no_tp→fwd_return=-9.5060
  [label] 2021-09-02 16:00 DOTUSDT entry=31.8170 → SHORT | long=sl(-9.65%) short=sl(-9.65%) | scanned=14 | no_tp→fwd_return=-10.8087
  [label] 2021-09-06 16:00 DOTUSDT entry=34.3710 → SHORT | long=sl(-8.29%) short=tp(+16.29%) | scanned=2 | short_tp_only
  [label] 2021-10-01 08:00 DOTUSDT entry=31.3550 → LONG | long=timeout(+7.97%) short=sl(-9.01%) | scanned=22 | no_tp→fwd_return=+8.0689
  [label] 2021-11-22 16:00 DOTUSDT entry=39.4870 → SHORT | long=sl(-9.69%) short=timeout(+5.99%) | scanned=22 | no_tp→fwd_return=-6.0855
  [label] 2022-05-07 16:00 DOTUSDT entry=13.7370 → SHORT | long=sl(-8.64%) short=tp(+16.98%) | scanned=5 | short_tp_only
  [label] 2022-05-11 16:00 DOTUSDT entry=9.0680 → LONG | long=timeout(+4.45%) short=sl(-24.47%) | scanned=22 | no_tp→fwd_return=+4.5545[I 2026-06-01 11:03:22,989] A new study created in memory with name: no-name-193abcf8-e84e-40ab-97e4-73ed2086e3ae
[I 2026-06-01 11:03:23,299] Trial 0 finished with value: 0.03188565710322825 and parameters: {'confidence_threshold': 0.6310890415965769, 'training_days': 480, 'n_estimators': 380, 'max_depth': 4, 'num_leaves': 22, 'learning_rate': 0.01699897838270077, 'subsample': 0.5290418060840998, 'colsample_bytree': 0.9330880728874675, 'min_child_samples': 68, 'reg_alpha': 0.023585940584142682, 'reg_lambda': 1.5320059381854043e-08}. Best is trial 0 with value: 0.03188565710322825.
[I 2026-06-01 11:03:23,429] Trial 1 finished with value: -4.0669641814710715 and parameters: {'confidence_threshold': 0.839468448256698, 'training_days': 420, 'n_estimators': 145, 'max_depth': 3, 'num_leaves': 23, 'learning_rate': 0.028145092716060652, 'subsample': 0.762378215816119, 'colsample_bytree': 0.7159725093210578, 'min_child_samples': 43, 'reg_alpha': 0.0032112643094417484, 'reg_lambda': 1.8007140198129195e-07}. Best is trial 0 with value: 0.03188565710322825.
[I 2026-06-01 11:03:23,577] Trial 2 finished with value: -0.009799172386011901 and parameters: {'confidence_threshold': 0.6022506269873263, 'training_days': 190, 'n_estimators': 255, 'max_depth': 5, 'num_leaves': 24, 'learning_rate': 0.05748924681991978, 'subsample': 0.7962072844310213, 'colsample_bytree': 0.5232252063599989, 'min_child_samples': 69, 'reg_alpha': 3.425445902633376e-07, 'reg_lambda': 3.850031979199519e-08}. Best is trial 0 with value: 0.03188565710322825.
[I 2026-06-01 11:03:23,840] Trial 3 finished with value: 0.04639298822725254 and parameters: {'confidence_threshold': 0.8321099380386666, 'training_days': 490, 'n_estimators': 414, 'max_depth': 3, 'num_leaves': 19, 'learning_rate': 0.1024932221692416, 'subsample': 0.7200762468698007, 'colsample_bytree': 0.5610191174223894, 'min_child_samples': 60, 'reg_alpha': 2.039373116525212e-08, 'reg_lambda': 1.527156759251193}. Best is trial 3 with value: 0.04639298822725254.
[I 2026-06-01 11:03:24,006] Trial 4 finished with value: -0.02431405660939028 and parameters: {'confidence_threshold': 0.5905729935600059, 'training_days': 340, 'n_estimators': 190, 'max_depth': 4, 'num_leaves': 41, 'learning_rate': 0.01875220945578641, 'subsample': 0.9847923138822793, 'colsample_bytree': 0.8875664116805573, 'min_child_samples': 96, 'reg_alpha': 1.1309571585271483, 'reg_lambda': 0.002404915432737351}. Best is trial 3 with value: 0.04639298822725254.
[I 2026-06-01 11:03:24,050] Trial 5 finished with value: 0.0009413972123029468 and parameters: {'confidence_threshold': 0.8226559822580909, 'training_days': 50, 'n_estimators': 138, 'max_depth': 3, 'num_leaves': 30, 'learning_rate': 0.03750796359625606, 'subsample': 0.6356745158869479, 'colsample_bytree': 0.9143687545759647, 'min_child_samples': 48, 'reg_alpha': 3.376063348877853e-06, 'reg_lambda': 0.0007660634613082914}. Best is trial 3 with value: 0.04639298822725254.
[I 2026-06-01 11:03:24,155] Trial 6 finished with value: -0.04137885392944014 and parameters: {'confidence_threshold': 0.5493234787411669, 'training_days': 410, 'n_estimators': 83, 'max_depth': 5, 'num_leaves': 52, 'learning_rate': 0.019657448966046126, 'subsample': 0.5027610585618012, 'colsample_bytree': 0.9077307142274171, 'min_child_samples': 77, 'reg_alpha': 0.03639690979811287, 'reg_lambda': 0.08738424135626986}. Best is trial 3 with value: 0.04639298822725254.
[I 2026-06-01 11:03:24,243] Trial 7 finished with value: -0.0925095980071967 and parameters: {'confidence_threshold': 0.5259156281069316, 'training_days': 180, 'n_estimators': 102, 'max_depth': 5, 'num_leaves': 45, 'learning_rate': 0.030816017044468066, 'subsample': 0.5317791751430119, 'colsample_bytree': 0.6554911608578311, 'min_child_samples': 46, 'reg_alpha': 0.036851536911881845, 'reg_lambda': 0.005470376807480391}. Best is trial 3 with value: 0.04639298822725254.
[I 2026-06-01 11:03:24,346] Trial 8 finished with value: -0.005261026014847491 and parameters: {'confidence_threshold': 0.8105244599017143, 'training_days': 240, 'n_estimators': 103, 'max_depth': 5, 'num_leaves': 52, 'learning_rate': 0.06746437142284309, 'subsample': 0.8854835899772805, 'colsample_bytree': 0.7468977981821954, 'min_child_samples': 62, 'reg_alpha': 7.04480806377519e-05, 'reg_lambda': 1.6934490731313353e-08}. Best is trial 3 with value: 0.04639298822725254.
[I 2026-06-01 11:03:24,370] Trial 9 finished with value: -4.023185478103481 and parameters: {'confidence_threshold': 0.5377619994476566, 'training_days': 20, 'n_estimators': 337, 'max_depth': 3, 'num_leaves': 39, 'learning_rate': 0.21907142272152816, 'subsample': 0.6246461145744375, 'colsample_bytree': 0.7051914615178149, 'min_child_samples': 81, 'reg_alpha': 1.1459970229341322e-06, 'reg_lambda': 4.929685216887945e-08}. Best is trial 3 with value: 0.04639298822725254.
[I 2026-06-01 11:03:24,832] Trial 10 finished with value: 0.033085987928516344 and parameters: {'confidence_threshold': 0.7301111584710253, 'training_days': 350, 'n_estimators': 487, 'max_depth': 4, 'num_leaves': 15, 'learning_rate': 0.1457937958927628, 'subsample': 0.6806559982209046, 'colsample_bytree': 0.5055805119629307, 'min_child_samples': 27, 'reg_alpha': 1.290626345465208e-08, 'reg_lambda': 8.530248590348572}. Best is trial 3 with value: 0.04639298822725254.
[I 2026-06-01 11:03:25,322] Trial 11 finished with value: 0.012946876002398378 and parameters: {'confidence_threshold': 0.7362794324400819, 'training_days': 330, 'n_estimators': 496, 'max_depth': 4, 'num_leaves': 15, 'learning_rate': 0.14177216111406155, 'subsample': 0.6743595107582037, 'colsample_bytree': 0.5039870416163934, 'min_child_samples': 20, 'reg_alpha': 3.5096213893268635e-08, 'reg_lambda': 9.74477562314831}. Best is trial 3 with value: 0.04639298822725254.
[I 2026-06-01 11:03:25,858] Trial 12 finished with value: 0.056947181928726345 and parameters: {'confidence_threshold': 0.7402470365775221, 'training_days': 480, 'n_estimators': 496, 'max_depth': 4, 'num_leaves': 15, 'learning_rate': 0.11263608439461861, 'subsample': 0.7105018827142541, 'colsample_bytree': 0.5911003516115678, 'min_child_samples': 20, 'reg_alpha': 1.0524096299506304e-08, 'reg_lambda': 4.003840793237736}. Best is trial 12 with value: 0.056947181928726345.
[I 2026-06-01 11:03:26,161] Trial 13 finished with value: 0.039122600820222383 and parameters: {'confidence_threshold': 0.7580589104811098, 'training_days': 500, 'n_estimators': 418, 'max_depth': 3, 'num_leaves': 62, 'learning_rate': 0.10036282443683886, 'subsample': 0.80945044127286, 'colsample_bytree': 0.6153580117029225, 'min_child_samples': 33, 'reg_alpha': 5.455813891552554e-05, 'reg_lambda': 0.28046103645031734}. Best is trial 12 with value: 0.056947181928726345.
[I 2026-06-01 11:03:26,401] Trial 14 finished with value: 0.0076650451348302066 and parameters: {'confidence_threshold': 0.6878976440023976, 'training_days': 430, 'n_estimators': 431, 'max_depth': 3, 'num_leaves': 33, 'learning_rate': 0.23220472160369623, 'subsample': 0.8601704873607408, 'colsample_bytree': 0.5857702020037567, 'min_child_samples': 100, 'reg_alpha': 8.677170261251312e-08, 'reg_lambda': 7.565770484313319e-06}. Best is trial 12 with value: 0.056947181928726345.
[I 2026-06-01 11:03:26,682] Trial 15 finished with value: 0.07849073612101096 and parameters: {'confidence_threshold': 0.7897255408101392, 'training_days': 500, 'n_estimators': 299, 'max_depth': 4, 'num_leaves': 29, 'learning_rate': 0.09347237905208686, 'subsample': 0.7231301606651354, 'colsample_bytree': 0.8100744538922787, 'min_child_samples': 53, 'reg_alpha': 3.4567221008015303e-06, 'reg_lambda': 0.14075723611838964}. Best is trial 15 with value: 0.07849073612101096.
[I 2026-06-01 11:03:26,987] Trial 16 finished with value: 0.05505792450179127 and parameters: {'confidence_threshold': 0.77889433603617, 'training_days': 380, 'n_estimators': 293, 'max_depth': 4, 'num_leaves': 31, 'learning_rate': 0.07969600983151671, 'subsample': 0.6022959818573481, 'colsample_bytree': 0.8338962247920462, 'min_child_samples': 36, 'reg_alpha': 1.5228246977880397e-05, 'reg_lambda': 0.04817694121627929}. Best is trial 15 with value: 0.07849073612101096.
[I 2026-06-01 11:03:27,211] Trial 17 finished with value: -0.0055875907992901375 and parameters: {'confidence_threshold': 0.6755099553978283, 'training_days': 290, 'n_estimators': 234, 'max_depth': 4, 'num_leaves': 28, 'learning_rate': 0.010425658055299656, 'subsample': 0.7004831188261247, 'colsample_bytree': 0.9956385980717998, 'min_child_samples': 53, 'reg_alpha': 0.0005961727498011812, 'reg_lambda': 3.264009682342487e-05}. Best is trial 15 with value: 0.07849073612101096.
[I 2026-06-01 11:03:27,431] A new study created in memory with name: no-name-31fb5439-dfbb-4b2a-8a69-b5e8fc46c8f1
[I 2026-06-01 11:03:27,524] Trial 0 finished with value: 0.04741922012322288 and parameters: {'confidence_threshold': 0.7437642149592516, 'training_days': 150, 'n_estimators': 152, 'max_depth': 4, 'num_leaves': 50, 'learning_rate': 0.04216766425047743, 'subsample': 0.9903820991923078, 'colsample_bytree': 0.8424148692924316, 'min_child_samples': 58, 'reg_alpha': 3.381097259762742e-05, 'reg_lambda': 1.2263152961306247e-05}. Best is trial 0 with value: 0.04741922012322288.
[I 2026-06-01 11:03:27,599] Trial 1 finished with value: -4.089053000701786 and parameters: {'confidence_threshold': 0.7551673975844145, 'training_days': 220, 'n_estimators': 76, 'max_depth': 4, 'num_leaves': 51, 'learning_rate': 0.018602118810743477, 'subsample': 0.5877258780737462, 'colsample_bytree': 0.7657756869209191, 'min_child_samples': 63, 'reg_alpha': 0.005123994170264194, 'reg_lambda': 0.44145470178120466}. Best is trial 0 with value: 0.04741922012322288.
[I 2026-06-01 11:03:27,852] Trial 2 finished with value: -0.014089712704250832 and parameters: {'confidence_threshold': 0.7535593637012223, 'training_days': 310, 'n_estimators': 375, 'max_depth': 3, 'num_leaves': 32, 'learning_rate': 0.021735641882032388, 'subsample': 0.6468570231944146, 'colsample_bytree': 0.8154880619272439, 'min_child_samples': 27, 'reg_alpha': 8.004064028491336e-05, 'reg_lambda': 7.546835261630524e-05}. Best is trial 0 with value: 0.04741922012322288.
[I 2026-06-01 11:03:28,030] Trial 3 finished with value: 0.009158720717110717 and parameters: {'confidence_threshold': 0.6727897841776072, 'training_days': 220, 'n_estimators': 190, 'max_depth': 4, 'num_leaves': 58, 'learning_rate': 0.24810689332636193, 'subsample': 0.7509183379421682, 'colsample_bytree': 0.8119764758960556, 'min_child_samples': 29, 'reg_alpha': 7.1708285081421445e-06, 'reg_lambda': 5.412973582738627e-05}. Best is trial 0 with value: 0.04741922012322288.
[I 2026-06-01 11:03:28,153] Trial 4 finished with value: -0.020004884377735666 and parameters: {'confidence_threshold': 0.803208205259178, 'training_days': 130, 'n_estimators': 267, 'max_depth': 5, 'num_leaves': 40, 'learning_rate': 0.08041175317374143, 'subsample': 0.5603143329951619, 'colsample_bytree': 0.9131704002534167, 'min_child_samples': 68, 'reg_alpha': 0.0008046593428183385, 'reg_lambda': 1.2158346158765583e-05}. Best is trial 0 with value: 0.04741922012322288.
[I 2026-06-01 11:03:28,387] Trial 5 finished with value: 0.02421314846545309 and parameters: {'confidence_threshold': 0.6064422761595144, 'training_days': 210, 'n_estimators': 357, 'max_depth': 5, 'num_leaves': 40, 'learning_rate': 0.0974221287220869, 'subsample': 0.7929682762811064, 'colsample_bytree': 0.8124517510478, 'min_child_samples': 74, 'reg_alpha': 0.3811377260781234, 'reg_lambda': 5.607314238392041e-08}. Best is trial 0 with value: 0.04741922012322288.
