[I 2026-05-06 02:21:27,247] Trial 1 finished with value: 0.10050455788003299 and parameters: {'confidence_threshold': 0.6929247853618086, 'training_days': 410, 'n_estimators': 233, 'max_depth': 5, 'num_leaves': 108, 'learning_rate': 0.013724237108071606, 'subsample': 0.7013182233636002, 'min_child_samples': 94, 'reg_alpha': 2.4040959529260723e-06, 'reg_lambda': 5.320966582161148}. Best is trial 1 with value: 0.10050455788003299.
[I 2026-05-06 02:21:27,310] Trial 2 finished with value: 0.057507465946470916 and parameters: {'confidence_threshold': 0.546341527225763, 'training_days': 270, 'n_estimators': 120, 'max_depth': 4, 'num_leaves': 53, 'learning_rate': 0.060197068579343475, 'subsample': 0.588227873455941, 'min_child_samples': 91, 'reg_alpha': 2.3457771824819002e-08, 'reg_lambda': 1.1358840775642732e-08}. Best is trial 1 with value: 0.10050455788003299.
[I 2026-05-06 02:21:27,483] Trial 3 finished with value: -0.05906385886680996 and parameters: {'confidence_threshold': 0.6000319676300473, 'training_days': 270, 'n_estimators': 382, 'max_depth': 4, 'num_leaves': 44, 'learning_rate': 0.09185046765032388, 'subsample': 0.6743651508646724, 'min_child_samples': 77, 'reg_alpha': 0.0013974578104212739, 'reg_lambda': 8.97190257982477e-08}. Best is trial 1 with value: 0.10050455788003299.
[I 2026-05-06 02:21:27,840] Trial 4 finished with value: 0.07564626486800288 and parameters: {'confidence_threshold': 0.7642618789055509, 'training_days': 390, 'n_estimators': 464, 'max_depth': 5, 'num_leaves': 30, 'learning_rate': 0.024562383309704932, 'subsample': 0.8612975035964376, 'min_child_samples': 36, 'reg_alpha': 1.593999300080167, 'reg_lambda': 0.006081270362829788}. Best is trial 1 with value: 0.10050455788003299.
[I 2026-05-06 02:21:27,980] Trial 5 finished with value: 0.05408211526339526 and parameters: {'confidence_threshold': 0.6029115860358569, 'training_days': 60, 'n_estimators': 441, 'max_depth': 3, 'num_leaves': 66, 'learning_rate': 0.044953114425778824, 'subsample': 0.7098948461279406, 'min_child_samples': 15, 'reg_alpha': 4.888753565548431e-07, 'reg_lambda': 4.198190642566389}. Best is trial 1 with value: 0.10050455788003299.
[I 2026-05-06 02:21:28,215] Trial 6 finished with value: -0.014819808646900643 and parameters: {'confidence_threshold': 0.7376932868314098, 'training_days': 290, 'n_estimators': 249, 'max_depth': 5, 'num_leaves': 121, 'learning_rate': 0.015565840632862623, 'subsample': 0.8390183783709677, 'min_child_samples': 19, 'reg_alpha': 1.860444687368747e-08, 'reg_lambda': 2.7391483548058117e-06}. Best is trial 1 with value: 0.10050455788003299.
[I 2026-05-06 02:21:28,254] Trial 7 finished with value: 0.013921750462432159 and parameters: {'confidence_threshold': 0.563503962036334, 'training_days': 70, 'n_estimators': 63, 'max_depth': 3, 'num_leaves': 47, 'learning_rate': 0.18074927623018475, 'subsample': 0.5059692991701257, 'min_child_samples': 9, 'reg_alpha': 3.6945804405602874e-08, 'reg_lambda': 0.027706035542028905}. Best is trial 1 with value: 0.10050455788003299.
[I 2026-05-06 02:21:28,333] Trial 8 finished with value: -0.10052879179088192 and parameters: {'confidence_threshold': 0.6525471176758836, 'training_days': 440, 'n_estimators': 116, 'max_depth': 4, 'num_leaves': 115, 'learning_rate': 0.010229952960863938, 'subsample': 0.5062159465415076, 'min_child_samples': 54, 'reg_alpha': 6.790626457822126e-06, 'reg_lambda': 1.7869141074987722e-05}. Best is trial 1 with value: 0.10050455788003299.
[I 2026-05-06 02:21:28,418] Trial 9 finished with value: -2.2569695420616522 and parameters: {'confidence_threshold': 0.7277571993354469, 'training_days': 360, 'n_estimators': 75, 'max_depth': 5, 'num_leaves': 41, 'learning_rate': 0.014186743931212992, 'subsample': 0.7445187273047605, 'min_child_samples': 22, 'reg_alpha': 0.02393227447113315, 'reg_lambda': 0.009236766173618426}. Best is trial 1 with value: 0.10050455788003299.

[lgbm] === Training for 2024-09 ===
  Train window: 2022-09-01 → 2024-09-01
  2193 training samples from 1 symbols
  Samples per month: 2022-09: 90, 2022-10: 93, 2022-11: 90, 2022-12: 93, 2023-01: 93, 2023-02: 84, 2023-03: 93, 2023-04: 90, 2023-05: 93, 2023-06: 90, 2023-07: 93, 2023-08: 93, 2023-09: 90, 2023-10: 93, 2023-11: 90, 2023-12: 93, 2024-01: 93, 2024-02: 87, 2024-03: 93, 2024-04: 90, 2024-05: 93, 2024-06: 90, 2024-07: 93, 2024-08: 93
  [label] 2022-11-02 08:00 BCHUSDT entry=116.9400 → LONG | long=sl(-3.71%) short=sl(-3.71%) | scanned=5 | no_tp→fwd_return=+3.1640
  [label] 2022-11-04 16:00 BCHUSDT entry=124.3700 → SHORT | long=sl(-4.21%) short=tp(+8.12%) | scanned=10 | short_tp_only
  [label] 2022-11-08 08:00 BCHUSDT entry=113.5000 → SHORT | long=sl(-5.00%) short=tp(+9.70%) | scanned=1 | short_tp_only
  [label] 2022-12-03 08:00 BCHUSDT entry=111.3900 → SHORT | long=sl(-3.87%) short=sl(-3.87%) | scanned=11 | no_tp→fwd_return=-2.8189
  [label] 2023-01-25 08:00 BCHUSDT entry=128.8700 → LONG | long=timeout(+0.79%) short=sl(-4.97%) | scanned=22 | no_tp→fwd_return=+0.8924
  [label] 2023-07-12 08:00 BCHUSDT entry=282.9200 → SHORT | long=sl(-7.96%) short=tp(+15.61%) | scanned=16 | short_tp_only
  [label] 2023-07-16 08:00 BCHUSDT entry=256.3300 → SHORT | long=sl(-7.64%) short=timeout(+3.42%) | scanned=22 | no_tp→fwd_return=-3.5189
  [label] 2023-07-27 00:00 BCHUSDT entry=246.4200 → SHORT | long=sl(-5.13%) short=sl(-5.13%) | scanned=19 | no_tp→fwd_return=-5.6002
  [label] 2023-09-10 08:00 BCHUSDT entry=188.6500 → LONG | long=sl(-4.29%) short=sl(-4.29%) | scanned=6 | no_tp→fwd_return=+4.5746
  [label] 2023-09-19 00:00 BCHUSDT entry=216.7100 → SHORT | long=sl(-4.89%) short=timeout(+1.45%) | scanned=22 | no_tp→fwd_return=-1.5505
  [label] 2023-12-19 16:00 BCHUSDT entry=225.1700 → LONG | long=tp(+8.28%) short=sl(-4.29%) | scanned=9 | long_tp_only
  [label] 2024-01-20 16:00 BCHUSDT entry=238.9500 → LONG | long=sl(-5.46%) short=timeout(-2.03%) | scanned=22 | no_tp→fwd_return=+1.9293
  [label] 2024-02-06 00:00 BCHUSDT entry=235.8400 → LONG | long=tp(+5.82%) short=sl(-3.06%) | scanned=10 | long_tp_only
  [label] 2024-02-19 00:00 BCHUSDT entry=272.2900 → SHORT | long=sl(-4.13%) short=tp(+7.96%) | scanned=4 | short_tp_only
  [label] 2024-03-08 16:00 BCHUSDT entry=436.6600 → SHORT | long=sl(-9.43%) short=timeout(+4.51%) | scanned=22 | no_tp→fwd_return=-4.6123
  [label] 2024-03-15 00:00 BCHUSDT entry=413.2200 → LONG | long=sl(-9.62%) short=timeout(-0.49%) | scanned=22 | no_tp→fwd_return=+0.3872
  [label] 2024-03-27 08:00 BCHUSDT entry=532.6000 → LONG | long=tp(+15.17%) short=sl(-7.74%) | scanned=6 | long_tp_only
  [label] 2024-05-06 08:00 BCHUSDT entry=472.1400 → SHORT | long=sl(-5.46%) short=tp(+10.61%) | scanned=13 | short_tp_only
  [label] 2024-05-16 08:00 BCHUSDT entry=445.5900 → LONG | long=tp(+9.51%) short=sl(-4.91%) | scanned=6 | long_tp_only
  [label] 2024-08-11 08:00 BCHUSDT entry=340.3600 → LONG | long=timeout(+0.91%) short=timeout(-1.11%) | scanned=22 | no_tp→fwd_return=+1.0078
  Labels: 1055 long (48.1%), 1138 short (51.9%) | weights: min=1.00, mean=3.79, max=10.00
  Features: 2193/2193 matched, 14 columns
  CV gap: 22 rows
    [trial 0] 14 features, training_days=230 | threshold=0.779 | labels: 1055 long, 1138 short (48/52%)
    [CV fold 0] train_end=2022-12-25 00:00 | val_start=2023-01-01 16:00 | gap=184h (22 rows)
    [CV fold 1] train_end=2023-04-25 16:00 | val_start=2023-05-03 08:00 | gap=184h (22 rows)
    [CV fold 2] train_end=2023-08-25 08:00 | val_start=2023-09-02 00:00 | gap=184h (22 rows)
    [CV fold 3] train_end=2023-12-25 00:00 | val_start=2024-01-01 16:00 | gap=184h (22 rows)
    [CV fold 4] train_end=2024-04-24 16:00 | val_start=2024-05-02 08:00 | gap=184h (22 rows)
    [trial 0] Sharpe=-0.0539 (folds: -0.0371, -0.1008, -0.2126, -0.0231, 0.1040)
    [trial 1] 14 features, training_days=410 | threshold=0.693 | labels: 1055 long, 1138 short (48/52%)
    [trial 1] Sharpe=0.1005 (folds: 0.0303, 0.4614, -0.1759, 0.0187, 0.1680)
    [trial 2] 14 features, training_days=270 | threshold=0.546 | labels: 1055 long, 1138 short (48/52%)
    [trial 2] Sharpe=0.0575 (folds: -0.0347, 0.2711, 0.0058, 0.0196, 0.0258)
    [trial 3] 14 features, training_days=270 | threshold=0.600 | labels: 1055 long, 1138 short (48/52%)
    [trial 3] Sharpe=-0.0591 (folds: -0.1071, -0.0495, -0.2142, 0.0004, 0.0751)
    [trial 4] 14 features, training_days=390 | threshold=0.764 | labels: 1055 long, 1138 short (48/52%)
    [trial 4] Sharpe=0.0756 (folds: -0.0694, 0.2707, -0.2076, 0.2858, 0.0987)
    [trial 5] 14 features, training_days=60 | threshold=0.603 | labels: 1055 long, 1138 short (48/52%)
    [trial 5] Sharpe=0.0541 (folds: 0.0748, 0.0714, -0.1515, 0.1171, 0.1585)
    [trial 6] 14 features, training_days=290 | threshold=0.738 | labels: 1055 long, 1138 short (48/52%)
    [trial 6] Sharpe=-0.0148 (folds: -0.1115, 0.3281, -0.2605, 0.0945, -0.1247)
    [trial 7] 14 features, training_days=70 | threshold=0.564 | labels: 1055 long, 1138 short (48/52%)
    [trial 7] Sharpe=0.0139 (folds: -0.0619, 0.1243, -0.1229, 0.0591, 0.0710)
    [trial 8] 14 features, training_days=440 | threshold=0.653 | labels: 1055 long, 1138 short (48/52%)
    [trial 8] Sharpe=-0.1005 (folds: 0.0268, 0.4795, -0.2326, -0.0186, -0.7577)
    [trial 9] 14 features, training_days=360 | threshold=0.728 | labels: 1055 long, 1138 short (48/52%)
    [trial 9] Sharpe=-2.2570 (folds: 0.0024, 0.2539, -0.1544, -10.0000, -1.3867)
  Optuna: 10 trials, best Sharpe = 0.1005
  Best params: n_estimators=233, max_depth=5, lr=0.0137, leaves=108
  Best confidence_threshold: 0.693
  Best training_days: 410
  Retrained on full data (1230 samples, 14 features)
  Model trained for 2024-09: 90 test candles with features, confidence_threshold=0.693
[predict] 2024-09-19 08:00 BCHUSDT → SHORT (proba=0.72 TP=8.0%/SL=4.0%)
[trade:open] 2024-09-19 15:59 BCHUSDT SHORT @ 340.15 | SL=353.76 TP=312.92 | timeout=2024-09-26 15:59
[trade:close] 2024-09-25 07:59 BCHUSDT SHORT → stop_loss @ 353.76 | PnL=-4.00% (net -4.10%) | cum=+13.02% 2024-09=-4.10% 2024-09-25=-4.10%
[lgbm] === Training for 2024-10 ===
  Train window: 2022-10-01 → 2024-10-01
  2193 training samples from 1 symbols
  Samples per month: 2022-10: 93, 2022-11: 90, 2022-12: 93, 2023-01: 93, 2023-02: 84, 2023-03: 93, 2023-04: 90, 2023-05: 93, 2023-06: 90, 2023-07: 93, 2023-08: 93, 2023-09: 90, 2023-10: 93, 2023-11: 90, 2023-12: 93, 2024-01: 93, 2024-02: 87, 2024-03: 93, 2024-04: 90, 2024-05: 93, 2024-06: 90, 2024-07: 93, 2024-08: 93, 2024-09: 90
  [label] 2022-12-02 08:00 BCHUSDT entry=110.0900 → LONG | long=timeout(+0.46%) short=sl(-4.10%) | scanned=22 | no_tp→fwd_return=+0.5632
  [label] 2022-12-04 16:00 BCHUSDT entry=110.9400 → SHORT | long=sl(-3.67%) short=sl(-3.67%) | scanned=21 | no_tp→fwd_return=-4.3717
  [label] 2022-12-08 08:00 BCHUSDT entry=110.6800 → SHORT | long=sl(-3.67%) short=tp(+7.05%) | scanned=11 | short_tp_only
  [label] 2023-01-02 08:00 BCHUSDT entry=100.2400 → LONG | long=tp(+5.00%) short=sl(-2.65%) | scanned=20 | long_tp_only
  [label] 2023-02-24 08:00 BCHUSDT entry=133.0900 → SHORT | long=sl(-5.26%) short=timeout(+5.97%) | scanned=22 | no_tp→fwd_return=-6.0711
  [label] 2023-08-11 08:00 BCHUSDT entry=228.1000 → SHORT | long=sl(-4.38%) short=tp(+8.45%) | scanned=16 | short_tp_only
  [label] 2023-08-15 08:00 BCHUSDT entry=234.7700 → SHORT | long=sl(-3.42%) short=tp(+6.53%) | scanned=3 | short_tp_only
  [label] 2023-08-26 00:00 BCHUSDT entry=189.5700 → LONG | long=tp(+9.49%) short=sl(-4.89%) | scanned=10 | long_tp_only
  [label] 2023-10-10 08:00 BCHUSDT entry=212.2400 → LONG | long=tp(+9.39%) short=sl(-4.85%) | scanned=18 | long_tp_only
  [label] 2023-10-19 00:00 BCHUSDT entry=227.0800 → LONG | long=tp(+8.22%) short=sl(-4.26%) | scanned=4 | long_tp_only
  [label] 2024-01-18 16:00 BCHUSDT entry=237.6300 → SHORT | long=sl(-6.19%) short=timeout(+0.38%) | scanned=22 | no_tp→fwd_return=-0.4755
  [label] 2024-02-19 16:00 BCHUSDT entry=273.2200 → SHORT | long=sl(-4.05%) short=tp(+7.80%) | scanned=2 | short_tp_only
  [label] 2024-03-07 00:00 BCHUSDT entry=407.5600 → LONG | long=timeout(+7.67%) short=sl(-10.85%) | scanned=22 | no_tp→fwd_return=+7.7731[I 2026-05-06 02:21:28,651] A new study created in memory with name: no-name-ab8f2ae9-4d07-4594-b521-e5aa8f767846
[I 2026-05-06 02:21:28,897] Trial 0 finished with value: 0.03613661528697363 and parameters: {'confidence_threshold': 0.7790993046299082, 'training_days': 230, 'n_estimators': 295, 'max_depth': 5, 'num_leaves': 83, 'learning_rate': 0.051543455158230854, 'subsample': 0.8773243492079463, 'min_child_samples': 10, 'reg_alpha': 0.034096514368237685, 'reg_lambda': 3.154180388637081e-05}. Best is trial 0 with value: 0.03613661528697363.
[I 2026-05-06 02:21:29,031] Trial 1 finished with value: 0.073662505972577 and parameters: {'confidence_threshold': 0.6929247853618086, 'training_days': 410, 'n_estimators': 233, 'max_depth': 5, 'num_leaves': 108, 'learning_rate': 0.013724237108071606, 'subsample': 0.7013182233636002, 'min_child_samples': 94, 'reg_alpha': 2.4040959529260723e-06, 'reg_lambda': 5.320966582161148}. Best is trial 1 with value: 0.073662505972577.
[I 2026-05-06 02:21:29,098] Trial 2 finished with value: 0.01795654375036539 and parameters: {'confidence_threshold': 0.546341527225763, 'training_days': 270, 'n_estimators': 120, 'max_depth': 4, 'num_leaves': 53, 'learning_rate': 0.060197068579343475, 'subsample': 0.588227873455941, 'min_child_samples': 91, 'reg_alpha': 2.3457771824819002e-08, 'reg_lambda': 1.1358840775642732e-08}. Best is trial 1 with value: 0.073662505972577.
[I 2026-05-06 02:21:29,257] Trial 3 finished with value: -0.058160772660877894 and parameters: {'confidence_threshold': 0.6000319676300473, 'training_days': 270, 'n_estimators': 382, 'max_depth': 4, 'num_leaves': 44, 'learning_rate': 0.09185046765032388, 'subsample': 0.6743651508646724, 'min_child_samples': 77, 'reg_alpha': 0.0013974578104212739, 'reg_lambda': 8.97190257982477e-08}. Best is trial 1 with value: 0.073662505972577.
[I 2026-05-06 02:21:29,610] Trial 4 finished with value: 0.004170121157443625 and parameters: {'confidence_threshold': 0.7642618789055509, 'training_days': 390, 'n_estimators': 464, 'max_depth': 5, 'num_leaves': 30, 'learning_rate': 0.024562383309704932, 'subsample': 0.8612975035964376, 'min_child_samples': 36, 'reg_alpha': 1.593999300080167, 'reg_lambda': 0.006081270362829788}. Best is trial 1 with value: 0.073662505972577.
[I 2026-05-06 02:21:29,746] Trial 5 finished with value: 0.019134454659344255 and parameters: {'confidence_threshold': 0.6029115860358569, 'training_days': 60, 'n_estimators': 441, 'max_depth': 3, 'num_leaves': 66, 'learning_rate': 0.044953114425778824, 'subsample': 0.7098948461279406, 'min_child_samples': 15, 'reg_alpha': 4.888753565548431e-07, 'reg_lambda': 4.198190642566389}. Best is trial 1 with value: 0.073662505972577.
[I 2026-05-06 02:21:29,952] Trial 6 finished with value: 0.08558273246631182 and parameters: {'confidence_threshold': 0.7376932868314098, 'training_days': 290, 'n_estimators': 249, 'max_depth': 5, 'num_leaves': 121, 'learning_rate': 0.015565840632862623, 'subsample': 0.8390183783709677, 'min_child_samples': 19, 'reg_alpha': 1.860444687368747e-08, 'reg_lambda': 2.7391483548058117e-06}. Best is trial 6 with value: 0.08558273246631182.
[I 2026-05-06 02:21:29,989] Trial 7 finished with value: 0.010594532182437309 and parameters: {'confidence_threshold': 0.563503962036334, 'training_days': 70, 'n_estimators': 63, 'max_depth': 3, 'num_leaves': 47, 'learning_rate': 0.18074927623018475, 'subsample': 0.5059692991701257, 'min_child_samples': 9, 'reg_alpha': 3.6945804405602874e-08, 'reg_lambda': 0.027706035542028905}. Best is trial 6 with value: 0.08558273246631182.
[I 2026-05-06 02:21:30,066] Trial 8 finished with value: 0.06837956412118652 and parameters: {'confidence_threshold': 0.6525471176758836, 'training_days': 440, 'n_estimators': 116, 'max_depth': 4, 'num_leaves': 115, 'learning_rate': 0.010229952960863938, 'subsample': 0.5062159465415076, 'min_child_samples': 54, 'reg_alpha': 6.790626457822126e-06, 'reg_lambda': 1.7869141074987722e-05}. Best is trial 6 with value: 0.08558273246631182.
[I 2026-05-06 02:21:30,153] Trial 9 finished with value: -0.053287949252167774 and parameters: {'confidence_threshold': 0.7277571993354469, 'training_days': 360, 'n_estimators': 75, 'max_depth': 5, 'num_leaves': 41, 'learning_rate': 0.014186743931212992, 'subsample': 0.7445187273047605, 'min_child_samples': 22, 'reg_alpha': 0.02393227447113315, 'reg_lambda': 0.009236766173618426}. Best is trial 6 with value: 0.08558273246631182.
[I 2026-05-06 02:21:30,400] A new study created in memory with name: no-name-34e36518-e115-4fdc-8a10-b14a235734b2
