[I 2026-05-06 02:25:04,679] Trial 1 finished with value: -0.04138626546035777 and parameters: {'confidence_threshold': 0.6929247853618086, 'training_days': 410, 'n_estimators': 233, 'max_depth': 5, 'num_leaves': 108, 'learning_rate': 0.013724237108071606, 'subsample': 0.7013182233636002, 'min_child_samples': 94, 'reg_alpha': 2.4040959529260723e-06, 'reg_lambda': 5.320966582161148}. Best is trial 1 with value: -0.04138626546035777.
[I 2026-05-06 02:25:04,751] Trial 2 finished with value: -0.06434803644484048 and parameters: {'confidence_threshold': 0.546341527225763, 'training_days': 270, 'n_estimators': 120, 'max_depth': 4, 'num_leaves': 53, 'learning_rate': 0.060197068579343475, 'subsample': 0.588227873455941, 'min_child_samples': 91, 'reg_alpha': 2.3457771824819002e-08, 'reg_lambda': 1.1358840775642732e-08}. Best is trial 1 with value: -0.04138626546035777.
[I 2026-05-06 02:25:04,945] Trial 3 finished with value: -0.08145331210647073 and parameters: {'confidence_threshold': 0.6000319676300473, 'training_days': 270, 'n_estimators': 382, 'max_depth': 4, 'num_leaves': 44, 'learning_rate': 0.09185046765032388, 'subsample': 0.6743651508646724, 'min_child_samples': 77, 'reg_alpha': 0.0013974578104212739, 'reg_lambda': 8.97190257982477e-08}. Best is trial 1 with value: -0.04138626546035777.
[I 2026-05-06 02:25:05,392] Trial 4 finished with value: -0.12183068022652725 and parameters: {'confidence_threshold': 0.7642618789055509, 'training_days': 390, 'n_estimators': 464, 'max_depth': 5, 'num_leaves': 30, 'learning_rate': 0.024562383309704932, 'subsample': 0.8612975035964376, 'min_child_samples': 36, 'reg_alpha': 1.593999300080167, 'reg_lambda': 0.006081270362829788}. Best is trial 1 with value: -0.04138626546035777.
[I 2026-05-06 02:25:05,559] Trial 5 finished with value: -0.05110159226126639 and parameters: {'confidence_threshold': 0.6029115860358569, 'training_days': 60, 'n_estimators': 441, 'max_depth': 3, 'num_leaves': 66, 'learning_rate': 0.044953114425778824, 'subsample': 0.7098948461279406, 'min_child_samples': 15, 'reg_alpha': 4.888753565548431e-07, 'reg_lambda': 4.198190642566389}. Best is trial 1 with value: -0.04138626546035777.
[I 2026-05-06 02:25:05,804] Trial 6 finished with value: -0.16197217933105593 and parameters: {'confidence_threshold': 0.7376932868314098, 'training_days': 290, 'n_estimators': 249, 'max_depth': 5, 'num_leaves': 121, 'learning_rate': 0.015565840632862623, 'subsample': 0.8390183783709677, 'min_child_samples': 19, 'reg_alpha': 1.860444687368747e-08, 'reg_lambda': 2.7391483548058117e-06}. Best is trial 1 with value: -0.04138626546035777.
[I 2026-05-06 02:25:05,840] Trial 7 finished with value: -0.02322510967264108 and parameters: {'confidence_threshold': 0.563503962036334, 'training_days': 70, 'n_estimators': 63, 'max_depth': 3, 'num_leaves': 47, 'learning_rate': 0.18074927623018475, 'subsample': 0.5059692991701257, 'min_child_samples': 9, 'reg_alpha': 3.6945804405602874e-08, 'reg_lambda': 0.027706035542028905}. Best is trial 7 with value: -0.02322510967264108.
[I 2026-05-06 02:25:05,937] Trial 8 finished with value: -0.15701738526199369 and parameters: {'confidence_threshold': 0.6525471176758836, 'training_days': 440, 'n_estimators': 116, 'max_depth': 4, 'num_leaves': 115, 'learning_rate': 0.010229952960863938, 'subsample': 0.5062159465415076, 'min_child_samples': 54, 'reg_alpha': 6.790626457822126e-06, 'reg_lambda': 1.7869141074987722e-05}. Best is trial 7 with value: -0.02322510967264108.
[I 2026-05-06 02:25:06,032] Trial 9 finished with value: -0.2450108611845983 and parameters: {'confidence_threshold': 0.7277571993354469, 'training_days': 360, 'n_estimators': 75, 'max_depth': 5, 'num_leaves': 41, 'learning_rate': 0.014186743931212992, 'subsample': 0.7445187273047605, 'min_child_samples': 22, 'reg_alpha': 0.02393227447113315, 'reg_lambda': 0.009236766173618426}. Best is trial 7 with value: -0.02322510967264108.

  [label] 2022-09-12 08:00 TRXUSDT entry=0.0634 → SHORT | long=sl(-2.65%) short=tp(+4.99%) | scanned=20 | short_tp_only
  [label] 2022-09-21 00:00 TRXUSDT entry=0.0594 → SHORT | long=timeout(-0.79%) short=sl(-2.62%) | scanned=22 | no_tp→fwd_return=-0.6898
  [label] 2022-12-20 16:00 TRXUSDT entry=0.0549 → SHORT | long=timeout(-1.59%) short=timeout(+1.39%) | scanned=22 | no_tp→fwd_return=-1.4925
  [label] 2023-01-21 16:00 TRXUSDT entry=0.0617 → LONG | long=sl(-3.49%) short=sl(-3.49%) | scanned=17 | no_tp→fwd_return=+1.1675
  [label] 2023-02-06 16:00 TRXUSDT entry=0.0631 → LONG | long=tp(+6.29%) short=sl(-3.29%) | scanned=5 | long_tp_only
  [label] 2023-02-19 16:00 TRXUSDT entry=0.0704 → SHORT | long=sl(-3.44%) short=sl(-3.44%) | scanned=8 | no_tp→fwd_return=-2.4726
  [label] 2023-03-10 00:00 TRXUSDT entry=0.0576 → LONG | long=sl(-3.95%) short=sl(-3.95%) | scanned=8 | no_tp→fwd_return=+12.1507
  [label] 2023-03-16 08:00 TRXUSDT entry=0.0660 → SHORT | long=sl(-4.60%) short=tp(+8.89%) | scanned=19 | short_tp_only
  [label] 2023-03-28 16:00 TRXUSDT entry=0.0641 → LONG | long=timeout(+2.35%) short=sl(-4.06%) | scanned=22 | no_tp→fwd_return=+2.4478
  [label] 2023-05-07 08:00 TRXUSDT entry=0.0699 → SHORT | long=sl(-2.06%) short=tp(+3.83%) | scanned=4 | short_tp_only
  [label] 2023-05-17 08:00 TRXUSDT entry=0.0704 → LONG | long=tp(+3.59%) short=sl(-1.94%) | scanned=12 | long_tp_only
  [label] 2023-08-11 16:00 TRXUSDT entry=0.0772 → SHORT | long=sl(-1.79%) short=tp(+3.28%) | scanned=15 | short_tp_only
  Labels: 1170 long (53.8%), 1005 short (46.2%) | weights: min=1.00, mean=2.71, max=10.00
  Features: 2175/2175 matched, 14 columns
  CV gap: 22 rows
    [trial 0] 14 features, training_days=230 | threshold=0.779 | labels: 1170 long, 1005 short (54/46%)
    [CV fold 0] train_end=2021-12-24 00:00 | val_start=2021-12-31 16:00 | gap=184h (22 rows)
    [CV fold 1] train_end=2022-04-28 16:00 | val_start=2022-05-06 08:00 | gap=184h (22 rows)
    [CV fold 2] train_end=2022-08-27 08:00 | val_start=2022-09-04 00:00 | gap=184h (22 rows)
    [CV fold 3] train_end=2022-12-26 00:00 | val_start=2023-01-02 16:00 | gap=184h (22 rows)
    [CV fold 4] train_end=2023-04-25 16:00 | val_start=2023-05-03 08:00 | gap=184h (22 rows)
    [trial 0] Sharpe=-0.1140 (folds: 0.0023, -0.4332, 0.1181, -0.0556, -0.2016)
    [trial 1] 14 features, training_days=410 | threshold=0.693 | labels: 1170 long, 1005 short (54/46%)
    [trial 1] Sharpe=-0.0414 (folds: -0.0855, -0.0225, -0.0140, -0.0686, -0.0163)
    [trial 2] 14 features, training_days=270 | threshold=0.546 | labels: 1170 long, 1005 short (54/46%)
    [trial 2] Sharpe=-0.0643 (folds: 0.0315, -0.0949, 0.1503, -0.1663, -0.2423)
    [trial 3] 14 features, training_days=270 | threshold=0.600 | labels: 1170 long, 1005 short (54/46%)
    [trial 3] Sharpe=-0.0815 (folds: -0.0720, -0.0961, 0.2071, -0.2716, -0.1746)
    [trial 4] 14 features, training_days=390 | threshold=0.764 | labels: 1170 long, 1005 short (54/46%)
    [trial 4] Sharpe=-0.1218 (folds: -0.0542, -0.3420, -0.0451, -0.1586, -0.0092)
    [trial 5] 14 features, training_days=60 | threshold=0.603 | labels: 1170 long, 1005 short (54/46%)
    [trial 5] Sharpe=-0.0511 (folds: -0.0130, 0.1124, -0.1418, -0.1083, -0.1048)
    [trial 6] 14 features, training_days=290 | threshold=0.738 | labels: 1170 long, 1005 short (54/46%)
    [trial 6] Sharpe=-0.1620 (folds: 0.0243, -0.7783, 0.0349, -0.0401, -0.0507)
    [trial 7] 14 features, training_days=70 | threshold=0.564 | labels: 1170 long, 1005 short (54/46%)
    [trial 7] Sharpe=-0.0232 (folds: 0.0849, 0.0580, -0.0851, -0.0805, -0.0934)
    [trial 8] 14 features, training_days=440 | threshold=0.653 | labels: 1170 long, 1005 short (54/46%)
    [trial 8] Sharpe=-0.1570 (folds: 0.0222, -0.0069, -0.2002, -0.9806, 0.3804)
    [trial 9] 14 features, training_days=360 | threshold=0.728 | labels: 1170 long, 1005 short (54/46%)
    [trial 9] Sharpe=-0.2450 (folds: -0.1283, -0.7908, -0.0254, -0.1495, -0.1310)
  Optuna: 10 trials, best Sharpe = -0.0232
  Best params: n_estimators=63, max_depth=3, lr=0.1807, leaves=47
  Best confidence_threshold: 0.564
  Best training_days: 70
  Retrained on full data (210 samples, 14 features)
  Model trained for 2023-09: 90 test candles with features, confidence_threshold=0.564
[predict] 2023-09-12 16:00 TRXUSDT → SHORT (proba=1.00 TP=3.8%/SL=1.9%)
[trade:open] 2023-09-12 23:59 TRXUSDT SHORT @ 0.08 | SL=0.08 TP=0.08 | timeout=2023-09-19 23:59
[trade:close] 2023-09-14 15:59 TRXUSDT SHORT → stop_loss @ 0.08 | PnL=-1.91% (net -2.01%) | cum=-14.59% 2023-09=-2.01% 2023-09-14=-2.01%
[predict] 2023-09-16 00:00 TRXUSDT → SHORT (proba=1.00 TP=3.8%/SL=1.9%)
[trade:open] 2023-09-16 07:59 TRXUSDT SHORT @ 0.08 | SL=0.09 TP=0.08 | timeout=2023-09-23 07:59
[trade:close] 2023-09-23 08:00 TRXUSDT SHORT → timeout @ 0.08 | PnL=+0.39% (net +0.29%) | cum=-14.29% 2023-09=-1.71% 2023-09-23=+0.29%
[predict] 2023-09-25 00:00 TRXUSDT → SHORT (proba=1.00 TP=3.2%/SL=1.6%)
[trade:open] 2023-09-25 07:59 TRXUSDT SHORT @ 0.08 | SL=0.09 TP=0.08 | timeout=2023-10-02 07:59
[trade:close] 2023-09-27 15:59 TRXUSDT SHORT → stop_loss @ 0.09 | PnL=-1.58% (net -1.68%) | cum=-15.97% 2023-09=-3.40% 2023-09-27=-1.68%
[predict] 2023-09-29 00:00 TRXUSDT → SHORT (proba=1.00 TP=3.2%/SL=1.6%)
[trade:open] 2023-09-29 07:59 TRXUSDT SHORT @ 0.09 | SL=0.09 TP=0.09 | timeout=2023-10-06 07:59
[lgbm] === Training for 2023-10 ===
  Train window: 2021-10-01 → 2023-10-01
  2175 training samples from 1 symbols
  Samples per month: 2021-10: 93, 2021-11: 90, 2021-12: 93, 2022-01: 93, 2022-02: 75, 2022-03: 93, 2022-04: 84, 2022-05: 93, 2022-06: 90, 2022-07: 93, 2022-08: 93, 2022-09: 90, 2022-10: 93, 2022-11: 90, 2022-12: 93, 2023-01: 93, 2023-02: 84, 2023-03: 93, 2023-04: 90, 2023-05: 93, 2023-06: 90, 2023-07: 93, 2023-08: 93, 2023-09: 90
  [label] 2021-12-01 16:00 TRXUSDT entry=0.0969 → SHORT | long=sl(-5.21%) short=sl(-5.21%) | scanned=7 | no_tp→fwd_return=-15.8634
  [label] 2021-12-04 00:00 TRXUSDT entry=0.0815 → LONG | long=timeout(+9.69%) short=sl(-7.64%) | scanned=22 | no_tp→fwd_return=+9.7890
  [label] 2021-12-07 16:00 TRXUSDT entry=0.0899 → SHORT | long=sl(-6.74%) short=timeout(+3.14%) | scanned=22 | no_tp→fwd_return=-3.2355
  [label] 2022-01-01 16:00 TRXUSDT entry=0.0765 → SHORT | long=sl(-4.18%) short=tp(+8.06%) | scanned=12 | short_tp_only
  [label] 2022-02-23 00:00 TRXUSDT entry=0.0624 → SHORT | long=sl(-4.32%) short=tp(+8.34%) | scanned=3 | short_tp_only
  [label] 2022-08-13 16:00 TRXUSDT entry=0.0699 → SHORT | long=sl(-2.59%) short=sl(-2.59%) | scanned=5 | no_tp→fwd_return=-1.7740
  [label] 2022-08-17 16:00 TRXUSDT entry=0.0683 → SHORT | long=sl(-2.92%) short=tp(+5.54%) | scanned=4 | short_tp_only
  [label] 2022-08-28 08:00 TRXUSDT entry=0.0626 → LONG | long=sl(-2.84%) short=sl(-2.84%) | scanned=6 | no_tp→fwd_return=+4.2019
  [label] 2022-10-12 08:00 TRXUSDT entry=0.0620 → LONG | long=sl(-2.76%) short=sl(-2.76%) | scanned=6 | no_tp→fwd_return=+2.4500
  [label] 2022-10-21 00:00 TRXUSDT entry=0.0622 → LONG | long=timeout(+0.64%) short=sl(-2.67%) | scanned=22 | no_tp→fwd_return=+0.7397
  [label] 2023-01-19 16:00 TRXUSDT entry=0.0601 → LONG | long=timeout(+2.60%) short=sl(-3.64%) | scanned=22 | no_tp→fwd_return=+2.6973
  [label] 2023-02-20 16:00 TRXUSDT entry=0.0719 → SHORT | long=sl(-3.49%) short=tp(+6.68%) | scanned=15 | short_tp_only
  [label] 2023-03-08 16:00 TRXUSDT entry=0.0653 → SHORT | long=sl(-2.50%) short=tp(+4.70%) | scanned=3 | short_tp_only
  [label] 2023-03-21 16:00 TRXUSDT entry=0.0670 → SHORT | long=sl(-3.89%) short=tp(+7.48%) | scanned=3 | short_tp_only
  [label] 2023-04-09 00:00 TRXUSDT entry=0.0660 → SHORT | long=sl(-2.46%) short=sl(-2.46%) | scanned=9 | no_tp→fwd_return=-3.0014
  [label] 2023-04-15 08:00 TRXUSDT entry=0.0660 → SHORT | long=sl(-2.69%) short=timeout(+0.66%) | scanned=22 | no_tp→fwd_return=-0.7580
  [label] 2023-04-27 16:00 TRXUSDT entry=0.0657 → LONG | long=tp(+4.52%) short=sl(-2.41%) | scanned=10 | long_tp_only
  [label] 2023-06-06 08:00 TRXUSDT entry=0.0776 → SHORT | long=sl(-3.31%) short=tp(+6.32%) | scanned=10 | short_tp_only[I 2026-05-06 02:25:06,430] A new study created in memory with name: no-name-43ad4497-6faa-4ad8-a62a-bfaf111948b3
[I 2026-05-06 02:25:06,698] Trial 0 finished with value: -0.06182510314494107 and parameters: {'confidence_threshold': 0.7790993046299082, 'training_days': 230, 'n_estimators': 295, 'max_depth': 5, 'num_leaves': 83, 'learning_rate': 0.051543455158230854, 'subsample': 0.8773243492079463, 'min_child_samples': 10, 'reg_alpha': 0.034096514368237685, 'reg_lambda': 3.154180388637081e-05}. Best is trial 0 with value: -0.06182510314494107.
[I 2026-05-06 02:25:06,827] Trial 1 finished with value: -0.022073576162463207 and parameters: {'confidence_threshold': 0.6929247853618086, 'training_days': 410, 'n_estimators': 233, 'max_depth': 5, 'num_leaves': 108, 'learning_rate': 0.013724237108071606, 'subsample': 0.7013182233636002, 'min_child_samples': 94, 'reg_alpha': 2.4040959529260723e-06, 'reg_lambda': 5.320966582161148}. Best is trial 1 with value: -0.022073576162463207.
[I 2026-05-06 02:25:06,886] Trial 2 finished with value: -0.03613447362658441 and parameters: {'confidence_threshold': 0.546341527225763, 'training_days': 270, 'n_estimators': 120, 'max_depth': 4, 'num_leaves': 53, 'learning_rate': 0.060197068579343475, 'subsample': 0.588227873455941, 'min_child_samples': 91, 'reg_alpha': 2.3457771824819002e-08, 'reg_lambda': 1.1358840775642732e-08}. Best is trial 1 with value: -0.022073576162463207.
[I 2026-05-06 02:25:07,060] Trial 3 finished with value: -0.03174516608694937 and parameters: {'confidence_threshold': 0.6000319676300473, 'training_days': 270, 'n_estimators': 382, 'max_depth': 4, 'num_leaves': 44, 'learning_rate': 0.09185046765032388, 'subsample': 0.6743651508646724, 'min_child_samples': 77, 'reg_alpha': 0.0013974578104212739, 'reg_lambda': 8.97190257982477e-08}. Best is trial 1 with value: -0.022073576162463207.
[I 2026-05-06 02:25:07,442] Trial 4 finished with value: -0.020310886160347683 and parameters: {'confidence_threshold': 0.7642618789055509, 'training_days': 390, 'n_estimators': 464, 'max_depth': 5, 'num_leaves': 30, 'learning_rate': 0.024562383309704932, 'subsample': 0.8612975035964376, 'min_child_samples': 36, 'reg_alpha': 1.593999300080167, 'reg_lambda': 0.006081270362829788}. Best is trial 4 with value: -0.020310886160347683.
[I 2026-05-06 02:25:07,608] Trial 5 finished with value: -0.09114118334566593 and parameters: {'confidence_threshold': 0.6029115860358569, 'training_days': 60, 'n_estimators': 441, 'max_depth': 3, 'num_leaves': 66, 'learning_rate': 0.044953114425778824, 'subsample': 0.7098948461279406, 'min_child_samples': 15, 'reg_alpha': 4.888753565548431e-07, 'reg_lambda': 4.198190642566389}. Best is trial 4 with value: -0.020310886160347683.
[I 2026-05-06 02:25:07,869] Trial 6 finished with value: -0.01620756046378229 and parameters: {'confidence_threshold': 0.7376932868314098, 'training_days': 290, 'n_estimators': 249, 'max_depth': 5, 'num_leaves': 121, 'learning_rate': 0.015565840632862623, 'subsample': 0.8390183783709677, 'min_child_samples': 19, 'reg_alpha': 1.860444687368747e-08, 'reg_lambda': 2.7391483548058117e-06}. Best is trial 6 with value: -0.01620756046378229.
[I 2026-05-06 02:25:07,907] Trial 7 finished with value: -0.029689728534699034 and parameters: {'confidence_threshold': 0.563503962036334, 'training_days': 70, 'n_estimators': 63, 'max_depth': 3, 'num_leaves': 47, 'learning_rate': 0.18074927623018475, 'subsample': 0.5059692991701257, 'min_child_samples': 9, 'reg_alpha': 3.6945804405602874e-08, 'reg_lambda': 0.027706035542028905}. Best is trial 6 with value: -0.01620756046378229.
[I 2026-05-06 02:25:08,004] Trial 8 finished with value: 0.03964126054407296 and parameters: {'confidence_threshold': 0.6525471176758836, 'training_days': 440, 'n_estimators': 116, 'max_depth': 4, 'num_leaves': 115, 'learning_rate': 0.010229952960863938, 'subsample': 0.5062159465415076, 'min_child_samples': 54, 'reg_alpha': 6.790626457822126e-06, 'reg_lambda': 1.7869141074987722e-05}. Best is trial 8 with value: 0.03964126054407296.
[I 2026-05-06 02:25:08,095] Trial 9 finished with value: 0.0367369447005451 and parameters: {'confidence_threshold': 0.7277571993354469, 'training_days': 360, 'n_estimators': 75, 'max_depth': 5, 'num_leaves': 41, 'learning_rate': 0.014186743931212992, 'subsample': 0.7445187273047605, 'min_child_samples': 22, 'reg_alpha': 0.02393227447113315, 'reg_lambda': 0.009236766173618426}. Best is trial 8 with value: 0.03964126054407296.
[I 2026-05-06 02:25:08,506] A new study created in memory with name: no-name-ecc1e427-3e5f-485f-86a4-44866ba5491e
[I 2026-05-06 02:25:08,812] Trial 0 finished with value: -0.13774127836366495 and parameters: {'confidence_threshold': 0.7790993046299082, 'training_days': 230, 'n_estimators': 295, 'max_depth': 5, 'num_leaves': 83, 'learning_rate': 0.051543455158230854, 'subsample': 0.8773243492079463, 'min_child_samples': 10, 'reg_alpha': 0.034096514368237685, 'reg_lambda': 3.154180388637081e-05}. Best is trial 0 with value: -0.13774127836366495.
[I 2026-05-06 02:25:08,958] Trial 1 finished with value: -0.2084069315173159 and parameters: {'confidence_threshold': 0.6929247853618086, 'training_days': 410, 'n_estimators': 233, 'max_depth': 5, 'num_leaves': 108, 'learning_rate': 0.013724237108071606, 'subsample': 0.7013182233636002, 'min_child_samples': 94, 'reg_alpha': 2.4040959529260723e-06, 'reg_lambda': 5.320966582161148}. Best is trial 0 with value: -0.13774127836366495.
[I 2026-05-06 02:25:09,027] Trial 2 finished with value: -0.1207694979036458 and parameters: {'confidence_threshold': 0.546341527225763, 'training_days': 270, 'n_estimators': 120, 'max_depth': 4, 'num_leaves': 53, 'learning_rate': 0.060197068579343475, 'subsample': 0.588227873455941, 'min_child_samples': 91, 'reg_alpha': 2.3457771824819002e-08, 'reg_lambda': 1.1358840775642732e-08}. Best is trial 2 with value: -0.1207694979036458.
