[I 2026-05-06 02:22:38,774] Trial 1 finished with value: 0.04453907393995364 and parameters: {'confidence_threshold': 0.6929247853618086, 'training_days': 410, 'n_estimators': 233, 'max_depth': 5, 'num_leaves': 108, 'learning_rate': 0.013724237108071606, 'subsample': 0.7013182233636002, 'min_child_samples': 94, 'reg_alpha': 2.4040959529260723e-06, 'reg_lambda': 5.320966582161148}. Best is trial 0 with value: 0.10432765222591252.
[I 2026-05-06 02:22:38,848] Trial 2 finished with value: -0.06178122311031624 and parameters: {'confidence_threshold': 0.546341527225763, 'training_days': 270, 'n_estimators': 120, 'max_depth': 4, 'num_leaves': 53, 'learning_rate': 0.060197068579343475, 'subsample': 0.588227873455941, 'min_child_samples': 91, 'reg_alpha': 2.3457771824819002e-08, 'reg_lambda': 1.1358840775642732e-08}. Best is trial 0 with value: 0.10432765222591252.
[I 2026-05-06 02:22:39,036] Trial 3 finished with value: -0.04252824146235862 and parameters: {'confidence_threshold': 0.6000319676300473, 'training_days': 270, 'n_estimators': 382, 'max_depth': 4, 'num_leaves': 44, 'learning_rate': 0.09185046765032388, 'subsample': 0.6743651508646724, 'min_child_samples': 77, 'reg_alpha': 0.0013974578104212739, 'reg_lambda': 8.97190257982477e-08}. Best is trial 0 with value: 0.10432765222591252.
[I 2026-05-06 02:22:39,421] Trial 4 finished with value: 0.06428117822960282 and parameters: {'confidence_threshold': 0.7642618789055509, 'training_days': 390, 'n_estimators': 464, 'max_depth': 5, 'num_leaves': 30, 'learning_rate': 0.024562383309704932, 'subsample': 0.8612975035964376, 'min_child_samples': 36, 'reg_alpha': 1.593999300080167, 'reg_lambda': 0.006081270362829788}. Best is trial 0 with value: 0.10432765222591252.
[I 2026-05-06 02:22:39,576] Trial 5 finished with value: -0.05655671589413105 and parameters: {'confidence_threshold': 0.6029115860358569, 'training_days': 60, 'n_estimators': 441, 'max_depth': 3, 'num_leaves': 66, 'learning_rate': 0.044953114425778824, 'subsample': 0.7098948461279406, 'min_child_samples': 15, 'reg_alpha': 4.888753565548431e-07, 'reg_lambda': 4.198190642566389}. Best is trial 0 with value: 0.10432765222591252.
[I 2026-05-06 02:22:39,839] Trial 6 finished with value: -0.06854441397798239 and parameters: {'confidence_threshold': 0.7376932868314098, 'training_days': 290, 'n_estimators': 249, 'max_depth': 5, 'num_leaves': 121, 'learning_rate': 0.015565840632862623, 'subsample': 0.8390183783709677, 'min_child_samples': 19, 'reg_alpha': 1.860444687368747e-08, 'reg_lambda': 2.7391483548058117e-06}. Best is trial 0 with value: 0.10432765222591252.
[I 2026-05-06 02:22:39,879] Trial 7 finished with value: -0.09430871842425702 and parameters: {'confidence_threshold': 0.563503962036334, 'training_days': 70, 'n_estimators': 63, 'max_depth': 3, 'num_leaves': 47, 'learning_rate': 0.18074927623018475, 'subsample': 0.5059692991701257, 'min_child_samples': 9, 'reg_alpha': 3.6945804405602874e-08, 'reg_lambda': 0.027706035542028905}. Best is trial 0 with value: 0.10432765222591252.
[I 2026-05-06 02:22:39,973] Trial 8 finished with value: 0.0005858136803495118 and parameters: {'confidence_threshold': 0.6525471176758836, 'training_days': 440, 'n_estimators': 116, 'max_depth': 4, 'num_leaves': 115, 'learning_rate': 0.010229952960863938, 'subsample': 0.5062159465415076, 'min_child_samples': 54, 'reg_alpha': 6.790626457822126e-06, 'reg_lambda': 1.7869141074987722e-05}. Best is trial 0 with value: 0.10432765222591252.
[I 2026-05-06 02:22:40,066] Trial 9 finished with value: 0.04248883062148385 and parameters: {'confidence_threshold': 0.7277571993354469, 'training_days': 360, 'n_estimators': 75, 'max_depth': 5, 'num_leaves': 41, 'learning_rate': 0.014186743931212992, 'subsample': 0.7445187273047605, 'min_child_samples': 22, 'reg_alpha': 0.02393227447113315, 'reg_lambda': 0.009236766173618426}. Best is trial 0 with value: 0.10432765222591252.

  [label] 2022-12-12 08:00 MKRUSDT entry=587.7000 → SHORT | long=sl(-3.32%) short=sl(-3.32%) | scanned=12 | no_tp→fwd_return=-1.6505
  [label] 2022-12-21 00:00 MKRUSDT entry=552.3000 → SHORT | long=sl(-4.17%) short=timeout(+4.59%) | scanned=22 | no_tp→fwd_return=-4.6895
  [label] 2023-03-21 16:00 MKRUSDT entry=690.4000 → SHORT | long=timeout(-2.61%) short=timeout(+2.41%) | scanned=22 | no_tp→fwd_return=-2.5058
  [label] 2023-04-22 16:00 MKRUSDT entry=698.0000 → LONG | long=sl(-5.53%) short=timeout(-1.59%) | scanned=22 | no_tp→fwd_return=+1.4900
  [label] 2023-05-08 16:00 MKRUSDT entry=667.3000 → SHORT | long=sl(-4.32%) short=tp(+8.35%) | scanned=9 | short_tp_only
  [label] 2023-05-21 16:00 MKRUSDT entry=623.5000 → SHORT | long=sl(-3.07%) short=sl(-3.07%) | scanned=8 | no_tp→fwd_return=-1.7001
  [label] 2023-06-09 00:00 MKRUSDT entry=622.1000 → SHORT | long=sl(-3.46%) short=tp(+6.61%) | scanned=3 | short_tp_only
  [label] 2023-06-15 08:00 MKRUSDT entry=640.3000 → LONG | long=tp(+9.46%) short=sl(-4.88%) | scanned=12 | long_tp_only
  [label] 2023-06-27 16:00 MKRUSDT entry=689.7000 → LONG | long=tp(+9.90%) short=sl(-5.10%) | scanned=8 | long_tp_only
  [label] 2023-08-06 08:00 MKRUSDT entry=1226.9000 → LONG | long=timeout(+0.59%) short=timeout(-0.79%) | scanned=22 | no_tp→fwd_return=+0.6928
  [label] 2023-08-16 08:00 MKRUSDT entry=1142.0000 → SHORT | long=sl(-4.67%) short=tp(+9.03%) | scanned=4 | short_tp_only
  [label] 2023-11-10 16:00 MKRUSDT entry=1322.1000 → LONG | long=sl(-5.26%) short=sl(-5.26%) | scanned=9 | no_tp→fwd_return=+4.3491
  Labels: 1024 long (47.1%), 1151 short (52.9%) | weights: min=1.00, mean=2.80, max=10.00
  Features: 2175/2175 matched, 14 columns
  CV gap: 22 rows
    [trial 0] 14 features, training_days=230 | threshold=0.779 | labels: 1024 long, 1151 short (47/53%)
    [CV fold 0] train_end=2022-03-28 00:00 | val_start=2022-04-06 16:00 | gap=232h (22 rows)
    [CV fold 1] train_end=2022-07-28 16:00 | val_start=2022-08-05 08:00 | gap=184h (22 rows)
    [CV fold 2] train_end=2022-11-26 08:00 | val_start=2022-12-04 00:00 | gap=184h (22 rows)
    [CV fold 3] train_end=2023-03-27 00:00 | val_start=2023-04-03 16:00 | gap=184h (22 rows)
    [CV fold 4] train_end=2023-07-25 16:00 | val_start=2023-08-02 08:00 | gap=184h (22 rows)
    [trial 0] Sharpe=0.1043 (folds: 0.1639, 0.1052, 0.2257, 0.0295, -0.0026)
    [trial 1] 14 features, training_days=410 | threshold=0.693 | labels: 1024 long, 1151 short (47/53%)
    [trial 1] Sharpe=0.0445 (folds: -0.1096, 0.0292, 0.1079, 0.1876, 0.0076)
    [trial 2] 14 features, training_days=270 | threshold=0.546 | labels: 1024 long, 1151 short (47/53%)
    [trial 2] Sharpe=-0.0618 (folds: -0.1890, 0.0226, 0.0602, -0.0511, -0.1516)
    [trial 3] 14 features, training_days=270 | threshold=0.600 | labels: 1024 long, 1151 short (47/53%)
    [trial 3] Sharpe=-0.0425 (folds: -0.1663, 0.0392, 0.1305, -0.0357, -0.1804)
    [trial 4] 14 features, training_days=390 | threshold=0.764 | labels: 1024 long, 1151 short (47/53%)
    [trial 4] Sharpe=0.0643 (folds: -0.1266, 0.1064, 0.1882, 0.0503, 0.1032)
    [trial 5] 14 features, training_days=60 | threshold=0.603 | labels: 1024 long, 1151 short (47/53%)
    [trial 5] Sharpe=-0.0566 (folds: 0.0186, -0.5333, 0.2227, -0.0096, 0.0187)
    [trial 6] 14 features, training_days=290 | threshold=0.738 | labels: 1024 long, 1151 short (47/53%)
    [trial 6] Sharpe=-0.0685 (folds: -0.0664, 0.0993, 0.0620, -0.0624, -0.3752)
    [trial 7] 14 features, training_days=70 | threshold=0.564 | labels: 1024 long, 1151 short (47/53%)
    [trial 7] Sharpe=-0.0943 (folds: -0.0907, -0.5055, 0.0979, 0.0148, 0.0119)
    [trial 8] 14 features, training_days=440 | threshold=0.653 | labels: 1024 long, 1151 short (47/53%)
    [trial 8] Sharpe=0.0006 (folds: -0.0709, 0.1653, 0.3088, 0.1018, -0.5021)
    [trial 9] 14 features, training_days=360 | threshold=0.728 | labels: 1024 long, 1151 short (47/53%)
    [trial 9] Sharpe=0.0425 (folds: 0.2895, 0.0361, 0.2962, -0.1617, -0.2475)
  Optuna: 10 trials, best Sharpe = 0.1043
  Best params: n_estimators=295, max_depth=5, lr=0.0515, leaves=83
  Best confidence_threshold: 0.779
  Best training_days: 230
  Retrained on full data (690 samples, 14 features)
  Model trained for 2023-12: 93 test candles with features, confidence_threshold=0.779
[predict] 2023-12-11 00:00 MKRUSDT → LONG (proba=0.97 TP=8.9%/SL=4.4%)
[trade:open] 2023-12-11 07:59 MKRUSDT LONG @ 1344.10 | SL=1284.61 TP=1463.09 | timeout=2023-12-18 07:59
[trade:close] 2023-12-18 07:59 MKRUSDT LONG → stop_loss @ 1284.61 | PnL=-4.43% (net -4.53%) | cum=-23.75% 2023-12=-4.53% 2023-12-18=-4.53%
[predict] 2023-12-27 16:00 MKRUSDT → SHORT (proba=0.98 TP=7.7%/SL=3.8%)
[trade:open] 2023-12-27 23:59 MKRUSDT SHORT @ 1531.80 | SL=1590.54 TP=1414.31 | timeout=2024-01-03 23:59
[trade:close] 2023-12-28 07:59 MKRUSDT SHORT → stop_loss @ 1590.54 | PnL=-3.83% (net -3.93%) | cum=-27.69% 2023-12=-8.46% 2023-12-28=-3.93%
[predict] 2023-12-29 16:00 MKRUSDT → SHORT (proba=0.79 TP=9.1%/SL=4.5%)
[trade:open] 2023-12-29 23:59 MKRUSDT SHORT @ 1539.10 | SL=1608.98 TP=1399.34 | timeout=2024-01-05 23:59
[trade:close] 2023-12-30 15:59 MKRUSDT SHORT → stop_loss @ 1608.98 | PnL=-4.54% (net -4.64%) | cum=-32.33% 2023-12=-13.10% 2023-12-30=-4.64%
[lgbm] === Training for 2024-01 ===
  Train window: 2022-01-01 → 2024-01-01
  2175 training samples from 1 symbols
  Samples per month: 2022-01: 93, 2022-02: 75, 2022-03: 93, 2022-04: 84, 2022-05: 93, 2022-06: 90, 2022-07: 93, 2022-08: 93, 2022-09: 90, 2022-10: 93, 2022-11: 90, 2022-12: 93, 2023-01: 93, 2023-02: 84, 2023-03: 93, 2023-04: 90, 2023-05: 93, 2023-06: 90, 2023-07: 93, 2023-08: 93, 2023-09: 90, 2023-10: 93, 2023-11: 90, 2023-12: 93
  [label] 2022-03-06 16:00 MKRUSDT entry=1718.4000 → SHORT | long=timeout(-2.06%) short=sl(-8.49%) | scanned=22 | no_tp→fwd_return=-1.9611
  [label] 2022-03-09 00:00 MKRUSDT entry=1845.9000 → SHORT | long=sl(-7.71%) short=timeout(+3.70%) | scanned=22 | no_tp→fwd_return=-3.7976
  [label] 2022-03-12 16:00 MKRUSDT entry=1736.3000 → LONG | long=tp(+13.56%) short=sl(-6.93%) | scanned=12 | long_tp_only
  [label] 2022-04-08 16:00 MKRUSDT entry=2031.9000 → SHORT | long=sl(-6.97%) short=timeout(+4.13%) | scanned=22 | no_tp→fwd_return=-4.2325
  [label] 2022-05-31 00:00 MKRUSDT entry=1313.5000 → SHORT | long=sl(-9.09%) short=timeout(+12.43%) | scanned=22 | no_tp→fwd_return=-12.5314
  [label] 2022-11-13 16:00 MKRUSDT entry=673.4000 → SHORT | long=timeout(-2.52%) short=timeout(+2.32%) | scanned=22 | no_tp→fwd_return=-2.4206
  [label] 2022-11-17 16:00 MKRUSDT entry=649.8000 → LONG | long=timeout(+1.67%) short=timeout(-1.87%) | scanned=22 | no_tp→fwd_return=+1.7698
  [label] 2022-11-28 08:00 MKRUSDT entry=651.6000 → SHORT | long=timeout(-1.54%) short=timeout(+1.34%) | scanned=22 | no_tp→fwd_return=-1.4426
  [label] 2023-01-12 08:00 MKRUSDT entry=633.5000 → LONG | long=tp(+8.90%) short=sl(-4.60%) | scanned=4 | long_tp_only
  [label] 2023-01-21 00:00 MKRUSDT entry=722.7000 → SHORT | long=sl(-5.80%) short=tp(+11.29%) | scanned=18 | short_tp_only
  [label] 2023-04-21 16:00 MKRUSDT entry=676.7000 → LONG | long=timeout(+3.11%) short=sl(-5.97%) | scanned=22 | no_tp→fwd_return=+3.2067
  [label] 2023-05-23 16:00 MKRUSDT entry=633.6000 → LONG | long=sl(-2.81%) short=sl(-2.81%) | scanned=15 | no_tp→fwd_return=+2.2412
  [label] 2023-06-08 16:00 MKRUSDT entry=624.6000 → SHORT | long=sl(-3.48%) short=tp(+6.66%) | scanned=4 | short_tp_only
  [label] 2023-06-21 16:00 MKRUSDT entry=751.2000 → SHORT | long=sl(-4.36%) short=tp(+8.43%) | scanned=8 | short_tp_only
  [label] 2023-07-10 00:00 MKRUSDT entry=921.7000 → LONG | long=sl(-8.70%) short=sl(-8.70%) | scanned=19 | no_tp→fwd_return=+6.0323
  [label] 2023-07-16 08:00 MKRUSDT entry=977.3000 → LONG | long=sl(-7.36%) short=sl(-7.36%) | scanned=12 | no_tp→fwd_return=+4.2464
  [label] 2023-07-28 16:00 MKRUSDT entry=1180.2000 → LONG | long=tp(+12.72%) short=sl(-6.51%) | scanned=3 | long_tp_only
  [label] 2023-09-06 08:00 MKRUSDT entry=1100.1000 → LONG | long=timeout(+5.06%) short=sl(-5.10%) | scanned=22 | no_tp→fwd_return=+5.1632[I 2026-05-06 02:22:40,418] A new study created in memory with name: no-name-8172c8f0-eda7-4ddc-983b-2be41e944820
[I 2026-05-06 02:22:40,685] Trial 0 finished with value: 0.03659395585982239 and parameters: {'confidence_threshold': 0.7790993046299082, 'training_days': 230, 'n_estimators': 295, 'max_depth': 5, 'num_leaves': 83, 'learning_rate': 0.051543455158230854, 'subsample': 0.8773243492079463, 'min_child_samples': 10, 'reg_alpha': 0.034096514368237685, 'reg_lambda': 3.154180388637081e-05}. Best is trial 0 with value: 0.03659395585982239.
[I 2026-05-06 02:22:40,815] Trial 1 finished with value: -0.003834024618219267 and parameters: {'confidence_threshold': 0.6929247853618086, 'training_days': 410, 'n_estimators': 233, 'max_depth': 5, 'num_leaves': 108, 'learning_rate': 0.013724237108071606, 'subsample': 0.7013182233636002, 'min_child_samples': 94, 'reg_alpha': 2.4040959529260723e-06, 'reg_lambda': 5.320966582161148}. Best is trial 0 with value: 0.03659395585982239.
[I 2026-05-06 02:22:40,887] Trial 2 finished with value: 0.031131163315434196 and parameters: {'confidence_threshold': 0.546341527225763, 'training_days': 270, 'n_estimators': 120, 'max_depth': 4, 'num_leaves': 53, 'learning_rate': 0.060197068579343475, 'subsample': 0.588227873455941, 'min_child_samples': 91, 'reg_alpha': 2.3457771824819002e-08, 'reg_lambda': 1.1358840775642732e-08}. Best is trial 0 with value: 0.03659395585982239.
[I 2026-05-06 02:22:41,068] Trial 3 finished with value: 0.04245345211232918 and parameters: {'confidence_threshold': 0.6000319676300473, 'training_days': 270, 'n_estimators': 382, 'max_depth': 4, 'num_leaves': 44, 'learning_rate': 0.09185046765032388, 'subsample': 0.6743651508646724, 'min_child_samples': 77, 'reg_alpha': 0.0013974578104212739, 'reg_lambda': 8.97190257982477e-08}. Best is trial 3 with value: 0.04245345211232918.
[I 2026-05-06 02:22:41,470] Trial 4 finished with value: 0.04249797785323398 and parameters: {'confidence_threshold': 0.7642618789055509, 'training_days': 390, 'n_estimators': 464, 'max_depth': 5, 'num_leaves': 30, 'learning_rate': 0.024562383309704932, 'subsample': 0.8612975035964376, 'min_child_samples': 36, 'reg_alpha': 1.593999300080167, 'reg_lambda': 0.006081270362829788}. Best is trial 4 with value: 0.04249797785323398.
[I 2026-05-06 02:22:41,619] Trial 5 finished with value: -0.10705387387228031 and parameters: {'confidence_threshold': 0.6029115860358569, 'training_days': 60, 'n_estimators': 441, 'max_depth': 3, 'num_leaves': 66, 'learning_rate': 0.044953114425778824, 'subsample': 0.7098948461279406, 'min_child_samples': 15, 'reg_alpha': 4.888753565548431e-07, 'reg_lambda': 4.198190642566389}. Best is trial 4 with value: 0.04249797785323398.
[I 2026-05-06 02:22:41,875] Trial 6 finished with value: -0.028997986288794176 and parameters: {'confidence_threshold': 0.7376932868314098, 'training_days': 290, 'n_estimators': 249, 'max_depth': 5, 'num_leaves': 121, 'learning_rate': 0.015565840632862623, 'subsample': 0.8390183783709677, 'min_child_samples': 19, 'reg_alpha': 1.860444687368747e-08, 'reg_lambda': 2.7391483548058117e-06}. Best is trial 4 with value: 0.04249797785323398.
[I 2026-05-06 02:22:41,915] Trial 7 finished with value: -0.0199969292157225 and parameters: {'confidence_threshold': 0.563503962036334, 'training_days': 70, 'n_estimators': 63, 'max_depth': 3, 'num_leaves': 47, 'learning_rate': 0.18074927623018475, 'subsample': 0.5059692991701257, 'min_child_samples': 9, 'reg_alpha': 3.6945804405602874e-08, 'reg_lambda': 0.027706035542028905}. Best is trial 4 with value: 0.04249797785323398.
[I 2026-05-06 02:22:42,014] Trial 8 finished with value: 0.11494888585432392 and parameters: {'confidence_threshold': 0.6525471176758836, 'training_days': 440, 'n_estimators': 116, 'max_depth': 4, 'num_leaves': 115, 'learning_rate': 0.010229952960863938, 'subsample': 0.5062159465415076, 'min_child_samples': 54, 'reg_alpha': 6.790626457822126e-06, 'reg_lambda': 1.7869141074987722e-05}. Best is trial 8 with value: 0.11494888585432392.
[I 2026-05-06 02:22:42,112] Trial 9 finished with value: 0.019992094074237705 and parameters: {'confidence_threshold': 0.7277571993354469, 'training_days': 360, 'n_estimators': 75, 'max_depth': 5, 'num_leaves': 41, 'learning_rate': 0.014186743931212992, 'subsample': 0.7445187273047605, 'min_child_samples': 22, 'reg_alpha': 0.02393227447113315, 'reg_lambda': 0.009236766173618426}. Best is trial 8 with value: 0.11494888585432392.
[I 2026-05-06 02:22:42,421] A new study created in memory with name: no-name-80deec8c-87db-44c8-9cd9-e4384bd4d1ec
[I 2026-05-06 02:22:42,685] Trial 0 finished with value: -0.007893203690264305 and parameters: {'confidence_threshold': 0.7790993046299082, 'training_days': 230, 'n_estimators': 295, 'max_depth': 5, 'num_leaves': 83, 'learning_rate': 0.051543455158230854, 'subsample': 0.8773243492079463, 'min_child_samples': 10, 'reg_alpha': 0.034096514368237685, 'reg_lambda': 3.154180388637081e-05}. Best is trial 0 with value: -0.007893203690264305.
[I 2026-05-06 02:22:42,826] Trial 1 finished with value: 0.17220133433432433 and parameters: {'confidence_threshold': 0.6929247853618086, 'training_days': 410, 'n_estimators': 233, 'max_depth': 5, 'num_leaves': 108, 'learning_rate': 0.013724237108071606, 'subsample': 0.7013182233636002, 'min_child_samples': 94, 'reg_alpha': 2.4040959529260723e-06, 'reg_lambda': 5.320966582161148}. Best is trial 1 with value: 0.17220133433432433.
[I 2026-05-06 02:22:42,896] Trial 2 finished with value: 0.029621395539733954 and parameters: {'confidence_threshold': 0.546341527225763, 'training_days': 270, 'n_estimators': 120, 'max_depth': 4, 'num_leaves': 53, 'learning_rate': 0.060197068579343475, 'subsample': 0.588227873455941, 'min_child_samples': 91, 'reg_alpha': 2.3457771824819002e-08, 'reg_lambda': 1.1358840775642732e-08}. Best is trial 1 with value: 0.17220133433432433.
