[I 2026-05-06 02:20:50,186] Trial 1 finished with value: -0.11886690791764136 and parameters: {'confidence_threshold': 0.6929247853618086, 'training_days': 410, 'n_estimators': 233, 'max_depth': 5, 'num_leaves': 108, 'learning_rate': 0.013724237108071606, 'subsample': 0.7013182233636002, 'min_child_samples': 94, 'reg_alpha': 2.4040959529260723e-06, 'reg_lambda': 5.320966582161148}. Best is trial 0 with value: -0.02345747429926249.
[I 2026-05-06 02:20:50,264] Trial 2 finished with value: -0.06557704787566043 and parameters: {'confidence_threshold': 0.546341527225763, 'training_days': 270, 'n_estimators': 120, 'max_depth': 4, 'num_leaves': 53, 'learning_rate': 0.060197068579343475, 'subsample': 0.588227873455941, 'min_child_samples': 91, 'reg_alpha': 2.3457771824819002e-08, 'reg_lambda': 1.1358840775642732e-08}. Best is trial 0 with value: -0.02345747429926249.
[I 2026-05-06 02:20:50,443] Trial 3 finished with value: -0.06074333329202346 and parameters: {'confidence_threshold': 0.6000319676300473, 'training_days': 270, 'n_estimators': 382, 'max_depth': 4, 'num_leaves': 44, 'learning_rate': 0.09185046765032388, 'subsample': 0.6743651508646724, 'min_child_samples': 77, 'reg_alpha': 0.0013974578104212739, 'reg_lambda': 8.97190257982477e-08}. Best is trial 0 with value: -0.02345747429926249.
[I 2026-05-06 02:20:50,774] Trial 4 finished with value: -0.13394376389062795 and parameters: {'confidence_threshold': 0.7642618789055509, 'training_days': 390, 'n_estimators': 464, 'max_depth': 5, 'num_leaves': 30, 'learning_rate': 0.024562383309704932, 'subsample': 0.8612975035964376, 'min_child_samples': 36, 'reg_alpha': 1.593999300080167, 'reg_lambda': 0.006081270362829788}. Best is trial 0 with value: -0.02345747429926249.
[I 2026-05-06 02:20:50,906] Trial 5 finished with value: -0.047456781593697615 and parameters: {'confidence_threshold': 0.6029115860358569, 'training_days': 60, 'n_estimators': 441, 'max_depth': 3, 'num_leaves': 66, 'learning_rate': 0.044953114425778824, 'subsample': 0.7098948461279406, 'min_child_samples': 15, 'reg_alpha': 4.888753565548431e-07, 'reg_lambda': 4.198190642566389}. Best is trial 0 with value: -0.02345747429926249.
[I 2026-05-06 02:20:51,118] Trial 6 finished with value: -0.05239304425726954 and parameters: {'confidence_threshold': 0.7376932868314098, 'training_days': 290, 'n_estimators': 249, 'max_depth': 5, 'num_leaves': 121, 'learning_rate': 0.015565840632862623, 'subsample': 0.8390183783709677, 'min_child_samples': 19, 'reg_alpha': 1.860444687368747e-08, 'reg_lambda': 2.7391483548058117e-06}. Best is trial 0 with value: -0.02345747429926249.
[I 2026-05-06 02:20:51,152] Trial 7 finished with value: -0.012082251662151508 and parameters: {'confidence_threshold': 0.563503962036334, 'training_days': 70, 'n_estimators': 63, 'max_depth': 3, 'num_leaves': 47, 'learning_rate': 0.18074927623018475, 'subsample': 0.5059692991701257, 'min_child_samples': 9, 'reg_alpha': 3.6945804405602874e-08, 'reg_lambda': 0.027706035542028905}. Best is trial 7 with value: -0.012082251662151508.
[I 2026-05-06 02:20:51,232] Trial 8 finished with value: -0.09579993941679509 and parameters: {'confidence_threshold': 0.6525471176758836, 'training_days': 440, 'n_estimators': 116, 'max_depth': 4, 'num_leaves': 115, 'learning_rate': 0.010229952960863938, 'subsample': 0.5062159465415076, 'min_child_samples': 54, 'reg_alpha': 6.790626457822126e-06, 'reg_lambda': 1.7869141074987722e-05}. Best is trial 7 with value: -0.012082251662151508.
[I 2026-05-06 02:20:51,315] Trial 9 finished with value: 0.051220181094827386 and parameters: {'confidence_threshold': 0.7277571993354469, 'training_days': 360, 'n_estimators': 75, 'max_depth': 5, 'num_leaves': 41, 'learning_rate': 0.014186743931212992, 'subsample': 0.7445187273047605, 'min_child_samples': 22, 'reg_alpha': 0.02393227447113315, 'reg_lambda': 0.009236766173618426}. Best is trial 9 with value: 0.051220181094827386.
[I 2026-05-06 02:20:51,506] A new study created in memory with name: no-name-e987bf70-d047-475e-896b-c56d5a75998e

  [label] 2021-12-10 00:00 BCHUSDT entry=447.0000 → SHORT | long=timeout(-3.50%) short=timeout(+3.30%) | scanned=22 | no_tp→fwd_return=-3.4004
  [label] 2021-12-18 16:00 BCHUSDT entry=435.4700 → LONG | long=timeout(+4.41%) short=timeout(-4.61%) | scanned=22 | no_tp→fwd_return=+4.5078
  [label] 2022-03-20 00:00 BCHUSDT entry=321.8900 → LONG | long=tp(+8.24%) short=sl(-4.27%) | scanned=6 | long_tp_only
  [label] 2022-04-21 00:00 BCHUSDT entry=332.7600 → SHORT | long=sl(-4.72%) short=tp(+9.13%) | scanned=12 | short_tp_only
  [label] 2022-05-07 08:00 BCHUSDT entry=276.5300 → SHORT | long=sl(-5.00%) short=tp(+9.70%) | scanned=6 | short_tp_only
  [label] 2022-05-20 08:00 BCHUSDT entry=188.0600 → SHORT | long=timeout(-7.21%) short=timeout(+7.01%) | scanned=22 | no_tp→fwd_return=-7.1094
  [label] 2022-06-08 00:00 BCHUSDT entry=179.1900 → SHORT | long=sl(-6.63%) short=tp(+12.97%) | scanned=10 | short_tp_only
  [label] 2022-06-14 08:00 BCHUSDT entry=128.1600 → SHORT | long=sl(-10.53%) short=timeout(+6.50%) | scanned=22 | no_tp→fwd_return=-6.6011
  [label] 2022-06-26 16:00 BCHUSDT entry=112.7400 → SHORT | long=sl(-8.97%) short=timeout(+6.23%) | scanned=22 | no_tp→fwd_return=-6.3332
  [label] 2022-08-05 16:00 BCHUSDT entry=141.8100 → LONG | long=sl(-6.86%) short=timeout(-0.95%) | scanned=22 | no_tp→fwd_return=+0.8533
  [label] 2022-08-15 16:00 BCHUSDT entry=137.0500 → SHORT | long=sl(-5.55%) short=sl(-5.55%) | scanned=9 | no_tp→fwd_return=-5.8957
  [label] 2022-11-10 08:00 BCHUSDT entry=102.3400 → SHORT | long=timeout(-0.47%) short=timeout(+0.27%) | scanned=22 | no_tp→fwd_return=-0.3713
  Labels: 1024 long (46.8%), 1166 short (53.2%) | weights: min=1.00, mean=3.34, max=10.00
  Features: 2190/2190 matched, 14 columns
  CV gap: 22 rows
    [trial 0] 14 features, training_days=230 | threshold=0.779 | labels: 1024 long, 1166 short (47/53%)
    [CV fold 0] train_end=2021-03-25 00:00 | val_start=2021-04-01 16:00 | gap=184h (22 rows)
    [CV fold 1] train_end=2021-07-24 16:00 | val_start=2021-08-01 08:00 | gap=184h (22 rows)
    [CV fold 2] train_end=2021-11-23 08:00 | val_start=2021-12-01 00:00 | gap=184h (22 rows)
    [CV fold 3] train_end=2022-03-25 00:00 | val_start=2022-04-01 16:00 | gap=184h (22 rows)
    [CV fold 4] train_end=2022-07-24 16:00 | val_start=2022-08-01 08:00 | gap=184h (22 rows)
    [trial 0] Sharpe=-0.0235 (folds: -0.0336, -0.0492, 0.0569, -0.1238, 0.0325)
    [trial 1] 14 features, training_days=410 | threshold=0.693 | labels: 1024 long, 1166 short (47/53%)
    [trial 1] Sharpe=-0.1189 (folds: -0.0769, -0.0584, -0.1179, -0.1909, -0.1502)
    [trial 2] 14 features, training_days=270 | threshold=0.546 | labels: 1024 long, 1166 short (47/53%)
    [trial 2] Sharpe=-0.0656 (folds: 0.0153, -0.0913, 0.1020, -0.3372, -0.0167)
    [trial 3] 14 features, training_days=270 | threshold=0.600 | labels: 1024 long, 1166 short (47/53%)
    [trial 3] Sharpe=-0.0607 (folds: 0.0371, 0.0518, 0.0008, -0.2675, -0.1259)
    [trial 4] 14 features, training_days=390 | threshold=0.764 | labels: 1024 long, 1166 short (47/53%)
    [trial 4] Sharpe=-0.1339 (folds: 0.0067, -0.0757, -0.0391, -0.3793, -0.1823)
    [trial 5] 14 features, training_days=60 | threshold=0.603 | labels: 1024 long, 1166 short (47/53%)
    [trial 5] Sharpe=-0.0475 (folds: 0.1641, -0.0000, -0.0823, -0.1643, -0.1548)
    [trial 6] 14 features, training_days=290 | threshold=0.738 | labels: 1024 long, 1166 short (47/53%)
    [trial 6] Sharpe=-0.0524 (folds: -0.0233, -0.1118, 0.1023, -0.1380, -0.0911)
    [trial 7] 14 features, training_days=70 | threshold=0.564 | labels: 1024 long, 1166 short (47/53%)
    [trial 7] Sharpe=-0.0121 (folds: 0.2016, 0.0612, -0.0688, -0.1303, -0.1242)
    [trial 8] 14 features, training_days=440 | threshold=0.653 | labels: 1024 long, 1166 short (47/53%)
    [trial 8] Sharpe=-0.0958 (folds: 0.2012, -0.2648, -0.1163, 0.0361, -0.3353)
    [trial 9] 14 features, training_days=360 | threshold=0.728 | labels: 1024 long, 1166 short (47/53%)
    [trial 9] Sharpe=0.0512 (folds: 0.0906, -0.4530, 0.0452, -0.0498, 0.6230)
  Optuna: 10 trials, best Sharpe = 0.0512
  Best params: n_estimators=75, max_depth=5, lr=0.0142, leaves=41
  Best confidence_threshold: 0.728
  Best training_days: 360
  Retrained on full data (1080 samples, 14 features)
  Model trained for 2022-12: 93 test candles with features, confidence_threshold=0.728
[trade:close] 2022-12-02 00:00 BCHUSDT SHORT → timeout @ 110.31 | PnL=+4.77% (net +4.67%) | cum=+42.36% 2022-12=+4.67% 2022-12-02=+4.67%
[lgbm] === Training for 2023-01 ===
  Train window: 2021-01-01 → 2023-01-01
  2190 training samples from 1 symbols
  Samples per month: 2021-01: 93, 2021-02: 84, 2021-03: 93, 2021-04: 90, 2021-05: 93, 2021-06: 90, 2021-07: 93, 2021-08: 93, 2021-09: 90, 2021-10: 93, 2021-11: 90, 2021-12: 93, 2022-01: 93, 2022-02: 84, 2022-03: 93, 2022-04: 90, 2022-05: 93, 2022-06: 90, 2022-07: 93, 2022-08: 93, 2022-09: 90, 2022-10: 93, 2022-11: 90, 2022-12: 93
  [label] 2021-03-04 08:00 BCHUSDT entry=517.2300 → LONG | long=timeout(+4.10%) short=timeout(-4.30%) | scanned=22 | no_tp→fwd_return=+4.2032
  [label] 2021-03-06 08:00 BCHUSDT entry=486.2700 → LONG | long=tp(+20.66%) short=sl(-10.48%) | scanned=21 | long_tp_only
  [label] 2021-03-10 08:00 BCHUSDT entry=550.5600 → SHORT | long=sl(-7.63%) short=sl(-7.63%) | scanned=17 | no_tp→fwd_return=-3.2222
  [label] 2021-04-04 08:00 BCHUSDT entry=553.2600 → LONG | long=tp(+11.83%) short=sl(-6.06%) | scanned=3 | long_tp_only
  [label] 2021-05-27 08:00 BCHUSDT entry=783.6300 → SHORT | long=sl(-19.40%) short=timeout(+9.00%) | scanned=22 | no_tp→fwd_return=-9.1000
  [label] 2021-11-10 16:00 BCHUSDT entry=663.3000 → SHORT | long=sl(-5.37%) short=tp(+10.43%) | scanned=17 | short_tp_only
  [label] 2021-11-15 00:00 BCHUSDT entry=676.9900 → SHORT | long=sl(-4.35%) short=tp(+8.40%) | scanned=3 | short_tp_only
  [label] 2021-11-25 16:00 BCHUSDT entry=617.2900 → SHORT | long=sl(-5.10%) short=tp(+9.90%) | scanned=2 | short_tp_only
  [label] 2022-01-10 00:00 BCHUSDT entry=375.5100 → LONG | long=sl(-4.90%) short=sl(-4.90%) | scanned=14 | no_tp→fwd_return=+2.6098
  [label] 2022-01-18 16:00 BCHUSDT entry=381.0600 → SHORT | long=sl(-4.13%) short=tp(+7.96%) | scanned=7 | short_tp_only
  [label] 2022-04-20 00:00 BCHUSDT entry=338.1700 → SHORT | long=sl(-4.74%) short=tp(+9.19%) | scanned=15 | short_tp_only
  [label] 2022-05-22 00:00 BCHUSDT entry=194.5000 → SHORT | long=sl(-10.03%) short=timeout(+7.68%) | scanned=22 | no_tp→fwd_return=-7.7841
  [label] 2022-06-07 08:00 BCHUSDT entry=177.5100 → SHORT | long=sl(-6.59%) short=tp(+12.87%) | scanned=12 | short_tp_only
  [label] 2022-06-20 08:00 BCHUSDT entry=121.4000 → SHORT | long=timeout(-7.91%) short=timeout(+7.71%) | scanned=22 | no_tp→fwd_return=-7.8089
  [label] 2022-07-09 00:00 BCHUSDT entry=110.6300 → SHORT | long=sl(-5.83%) short=tp(+11.36%) | scanned=9 | short_tp_only
  [label] 2022-07-15 08:00 BCHUSDT entry=104.1500 → LONG | long=tp(+10.91%) short=sl(-5.61%) | scanned=7 | long_tp_only
  [label] 2022-07-27 16:00 BCHUSDT entry=127.3200 → LONG | long=tp(+12.41%) short=sl(-6.35%) | scanned=1 | long_tp_only
  [label] 2022-09-05 16:00 BCHUSDT entry=125.5100 → SHORT | long=sl(-4.81%) short=tp(+9.31%) | scanned=3 | short_tp_only
  [label] 2022-09-15 16:00 BCHUSDT entry=117.4600 → SHORT | long=sl(-6.29%) short=timeout(+0.70%) | scanned=22 | no_tp→fwd_return=-0.8003
  [label] 2022-12-11 08:00 BCHUSDT entry=109.0700 → SHORT | long=sl(-3.11%) short=tp(+5.92%) | scanned=2 | short_tp_only
  Labels: 988 long (45.1%), 1202 short (54.9%) | weights: min=1.00, mean=3.25, max=10.00
  Features: 2190/2190 matched, 14 columns
  CV gap: 22 rows
    [trial 0] 14 features, training_days=230 | threshold=0.779 | labels: 988 long, 1202 short (45/55%)
    [CV fold 0] train_end=2021-04-25 00:00 | val_start=2021-05-02 16:00 | gap=184h (22 rows)
    [CV fold 1] train_end=2021-08-24 16:00 | val_start=2021-09-01 08:00 | gap=184h (22 rows)
    [CV fold 2] train_end=2021-12-24 08:00 | val_start=2022-01-01 00:00 | gap=184h (22 rows)
    [CV fold 3] train_end=2022-04-25 00:00 | val_start=2022-05-02 16:00 | gap=184h (22 rows)[I 2026-05-06 02:20:51,755] Trial 0 finished with value: -0.03156626190345671 and parameters: {'confidence_threshold': 0.7790993046299082, 'training_days': 230, 'n_estimators': 295, 'max_depth': 5, 'num_leaves': 83, 'learning_rate': 0.051543455158230854, 'subsample': 0.8773243492079463, 'min_child_samples': 10, 'reg_alpha': 0.034096514368237685, 'reg_lambda': 3.154180388637081e-05}. Best is trial 0 with value: -0.03156626190345671.
[I 2026-05-06 02:20:51,885] Trial 1 finished with value: -0.07850196656575331 and parameters: {'confidence_threshold': 0.6929247853618086, 'training_days': 410, 'n_estimators': 233, 'max_depth': 5, 'num_leaves': 108, 'learning_rate': 0.013724237108071606, 'subsample': 0.7013182233636002, 'min_child_samples': 94, 'reg_alpha': 2.4040959529260723e-06, 'reg_lambda': 5.320966582161148}. Best is trial 0 with value: -0.03156626190345671.
[I 2026-05-06 02:20:51,945] Trial 2 finished with value: -0.1342961228006259 and parameters: {'confidence_threshold': 0.546341527225763, 'training_days': 270, 'n_estimators': 120, 'max_depth': 4, 'num_leaves': 53, 'learning_rate': 0.060197068579343475, 'subsample': 0.588227873455941, 'min_child_samples': 91, 'reg_alpha': 2.3457771824819002e-08, 'reg_lambda': 1.1358840775642732e-08}. Best is trial 0 with value: -0.03156626190345671.
[I 2026-05-06 02:20:52,109] Trial 3 finished with value: -0.14983129449020102 and parameters: {'confidence_threshold': 0.6000319676300473, 'training_days': 270, 'n_estimators': 382, 'max_depth': 4, 'num_leaves': 44, 'learning_rate': 0.09185046765032388, 'subsample': 0.6743651508646724, 'min_child_samples': 77, 'reg_alpha': 0.0013974578104212739, 'reg_lambda': 8.97190257982477e-08}. Best is trial 0 with value: -0.03156626190345671.
[I 2026-05-06 02:20:52,428] Trial 4 finished with value: -0.140889334199641 and parameters: {'confidence_threshold': 0.7642618789055509, 'training_days': 390, 'n_estimators': 464, 'max_depth': 5, 'num_leaves': 30, 'learning_rate': 0.024562383309704932, 'subsample': 0.8612975035964376, 'min_child_samples': 36, 'reg_alpha': 1.593999300080167, 'reg_lambda': 0.006081270362829788}. Best is trial 0 with value: -0.03156626190345671.
[I 2026-05-06 02:20:52,577] Trial 5 finished with value: -0.03220769174737532 and parameters: {'confidence_threshold': 0.6029115860358569, 'training_days': 60, 'n_estimators': 441, 'max_depth': 3, 'num_leaves': 66, 'learning_rate': 0.044953114425778824, 'subsample': 0.7098948461279406, 'min_child_samples': 15, 'reg_alpha': 4.888753565548431e-07, 'reg_lambda': 4.198190642566389}. Best is trial 0 with value: -0.03156626190345671.
[I 2026-05-06 02:20:52,816] Trial 6 finished with value: -0.12061019701311063 and parameters: {'confidence_threshold': 0.7376932868314098, 'training_days': 290, 'n_estimators': 249, 'max_depth': 5, 'num_leaves': 121, 'learning_rate': 0.015565840632862623, 'subsample': 0.8390183783709677, 'min_child_samples': 19, 'reg_alpha': 1.860444687368747e-08, 'reg_lambda': 2.7391483548058117e-06}. Best is trial 0 with value: -0.03156626190345671.
[I 2026-05-06 02:20:52,853] Trial 7 finished with value: -0.037149822790493364 and parameters: {'confidence_threshold': 0.563503962036334, 'training_days': 70, 'n_estimators': 63, 'max_depth': 3, 'num_leaves': 47, 'learning_rate': 0.18074927623018475, 'subsample': 0.5059692991701257, 'min_child_samples': 9, 'reg_alpha': 3.6945804405602874e-08, 'reg_lambda': 0.027706035542028905}. Best is trial 0 with value: -0.03156626190345671.
[I 2026-05-06 02:20:52,935] Trial 8 finished with value: -2.0718587938243482 and parameters: {'confidence_threshold': 0.6525471176758836, 'training_days': 440, 'n_estimators': 116, 'max_depth': 4, 'num_leaves': 115, 'learning_rate': 0.010229952960863938, 'subsample': 0.5062159465415076, 'min_child_samples': 54, 'reg_alpha': 6.790626457822126e-06, 'reg_lambda': 1.7869141074987722e-05}. Best is trial 0 with value: -0.03156626190345671.
[I 2026-05-06 02:20:53,021] Trial 9 finished with value: -0.0120305960714794 and parameters: {'confidence_threshold': 0.7277571993354469, 'training_days': 360, 'n_estimators': 75, 'max_depth': 5, 'num_leaves': 41, 'learning_rate': 0.014186743931212992, 'subsample': 0.7445187273047605, 'min_child_samples': 22, 'reg_alpha': 0.02393227447113315, 'reg_lambda': 0.009236766173618426}. Best is trial 9 with value: -0.0120305960714794.
[I 2026-05-06 02:20:53,207] A new study created in memory with name: no-name-7552c605-5685-41b1-b029-229744279067
[I 2026-05-06 02:20:53,459] Trial 0 finished with value: -0.009215127082820797 and parameters: {'confidence_threshold': 0.7790993046299082, 'training_days': 230, 'n_estimators': 295, 'max_depth': 5, 'num_leaves': 83, 'learning_rate': 0.051543455158230854, 'subsample': 0.8773243492079463, 'min_child_samples': 10, 'reg_alpha': 0.034096514368237685, 'reg_lambda': 3.154180388637081e-05}. Best is trial 0 with value: -0.009215127082820797.
[I 2026-05-06 02:20:53,587] Trial 1 finished with value: -0.09210131730235138 and parameters: {'confidence_threshold': 0.6929247853618086, 'training_days': 410, 'n_estimators': 233, 'max_depth': 5, 'num_leaves': 108, 'learning_rate': 0.013724237108071606, 'subsample': 0.7013182233636002, 'min_child_samples': 94, 'reg_alpha': 2.4040959529260723e-06, 'reg_lambda': 5.320966582161148}. Best is trial 0 with value: -0.009215127082820797.
[I 2026-05-06 02:20:53,653] Trial 2 finished with value: -0.10734848875452405 and parameters: {'confidence_threshold': 0.546341527225763, 'training_days': 270, 'n_estimators': 120, 'max_depth': 4, 'num_leaves': 53, 'learning_rate': 0.060197068579343475, 'subsample': 0.588227873455941, 'min_child_samples': 91, 'reg_alpha': 2.3457771824819002e-08, 'reg_lambda': 1.1358840775642732e-08}. Best is trial 0 with value: -0.009215127082820797.
