[I 2026-05-06 02:20:56,193] Trial 6 finished with value: -0.19583690417250188 and parameters: {'confidence_threshold': 0.7376932868314098, 'training_days': 290, 'n_estimators': 249, 'max_depth': 5, 'num_leaves': 121, 'learning_rate': 0.015565840632862623, 'subsample': 0.8390183783709677, 'min_child_samples': 19, 'reg_alpha': 1.860444687368747e-08, 'reg_lambda': 2.7391483548058117e-06}. Best is trial 5 with value: -0.028887671485819572.

    [trial 5] 14 features, training_days=60 | threshold=0.603 | labels: 1023 long, 1167 short (47/53%)
    [trial 5] Sharpe=0.1001 (folds: 0.1817, -0.0438, 0.1522, 0.1739, 0.0364)
    [trial 6] 14 features, training_days=290 | threshold=0.738 | labels: 1023 long, 1167 short (47/53%)
    [trial 6] Sharpe=-0.1195 (folds: -0.1377, -0.1483, -0.3515, 0.1156, -0.0759)
    [trial 7] 14 features, training_days=70 | threshold=0.564 | labels: 1023 long, 1167 short (47/53%)
    [trial 7] Sharpe=0.0407 (folds: 0.1275, -0.1680, 0.1956, 0.0455, 0.0029)
    [trial 8] 14 features, training_days=440 | threshold=0.653 | labels: 1023 long, 1167 short (47/53%)
    [trial 8] Sharpe=-0.1279 (folds: -0.2971, -0.0456, 0.2930, 0.0789, -0.6686)
    [trial 9] 14 features, training_days=360 | threshold=0.728 | labels: 1023 long, 1167 short (47/53%)
    [trial 9] Sharpe=-0.5586 (folds: -0.1426, -2.0221, -0.0130, -0.3036, -0.3118)
  Optuna: 10 trials, best Sharpe = 0.1001
  Best params: n_estimators=441, max_depth=3, lr=0.0450, leaves=66
  Best confidence_threshold: 0.603
  Best training_days: 60
  Retrained on full data (180 samples, 14 features)
  Model trained for 2023-02: 84 test candles with features, confidence_threshold=0.603
[trade:close] 2023-02-02 15:59 BCHUSDT SHORT → stop_loss @ 142.91 | PnL=-4.23% (net -4.33%) | cum=+23.04% 2023-02=-4.33% 2023-02-02=-4.33%
[predict] 2023-02-10 08:00 BCHUSDT → LONG (proba=0.82 TP=9.0%/SL=4.5%)
[trade:open] 2023-02-10 15:59 BCHUSDT LONG @ 128.17 | SL=122.38 TP=139.74 | timeout=2023-02-17 15:59
[trade:close] 2023-02-12 23:59 BCHUSDT LONG → stop_loss @ 122.38 | PnL=-4.51% (net -4.61%) | cum=+18.43% 2023-02=-8.94% 2023-02-12=-4.61%
[predict] 2023-02-14 08:00 BCHUSDT → LONG (proba=0.64 TP=8.4%/SL=4.2%)
[trade:open] 2023-02-14 15:59 BCHUSDT LONG @ 124.85 | SL=119.61 TP=135.33 | timeout=2023-02-21 15:59
[trade:close] 2023-02-16 07:59 BCHUSDT LONG → take_profit @ 135.33 | PnL=+8.39% (net +8.29%) | cum=+26.72% 2023-02=-0.65% 2023-02-16=+8.29%
[predict] 2023-02-17 16:00 BCHUSDT → SHORT (proba=0.87 TP=8.4%/SL=4.2%)
[trade:open] 2023-02-17 23:59 BCHUSDT SHORT @ 133.35 | SL=138.92 TP=122.21 | timeout=2023-02-24 23:59
[trade:close] 2023-02-19 15:59 BCHUSDT SHORT → stop_loss @ 138.92 | PnL=-4.18% (net -4.28%) | cum=+22.44% 2023-02=-4.93% 2023-02-19=-4.28%
[predict] 2023-02-21 00:00 BCHUSDT → LONG (proba=0.81 TP=9.1%/SL=4.5%)
[trade:open] 2023-02-21 07:59 BCHUSDT LONG @ 152.38 | SL=145.48 TP=166.19 | timeout=2023-02-28 07:59
[trade:close] 2023-02-21 15:59 BCHUSDT LONG → stop_loss @ 145.48 | PnL=-4.53% (net -4.63%) | cum=+17.81% 2023-02=-9.56% 2023-02-21=-4.63%
[predict] 2023-02-23 00:00 BCHUSDT → LONG (proba=0.94 TP=9.9%/SL=4.9%)
[trade:open] 2023-02-23 07:59 BCHUSDT LONG @ 142.77 | SL=135.73 TP=156.85 | timeout=2023-03-02 07:59
[trade:close] 2023-02-24 15:59 BCHUSDT LONG → stop_loss @ 135.73 | PnL=-4.93% (net -5.03%) | cum=+12.78% 2023-02=-14.59% 2023-02-24=-5.03%
[predict] 2023-02-26 00:00 BCHUSDT → LONG (proba=0.98 TP=9.6%/SL=4.8%)
[trade:open] 2023-02-26 07:59 BCHUSDT LONG @ 133.67 | SL=127.22 TP=146.56 | timeout=2023-03-05 07:59
[lgbm] === Training for 2023-03 ===
  Train window: 2021-03-01 → 2023-03-01
  2190 training samples from 1 symbols
  Samples per month: 2021-03: 93, 2021-04: 90, 2021-05: 93, 2021-06: 90, 2021-07: 93, 2021-08: 93, 2021-09: 90, 2021-10: 93, 2021-11: 90, 2021-12: 93, 2022-01: 93, 2022-02: 84, 2022-03: 93, 2022-04: 90, 2022-05: 93, 2022-06: 90, 2022-07: 93, 2022-08: 93, 2022-09: 90, 2022-10: 93, 2022-11: 90, 2022-12: 93, 2023-01: 93, 2023-02: 84
  [label] 2021-05-02 08:00 BCHUSDT entry=979.1400 → LONG | long=tp(+16.14%) short=sl(-8.22%) | scanned=9 | long_tp_only
  [label] 2021-05-04 08:00 BCHUSDT entry=956.3000 → LONG | long=tp(+17.34%) short=sl(-8.82%) | scanned=3 | long_tp_only
  [label] 2021-05-08 08:00 BCHUSDT entry=1337.7100 → LONG | long=tp(+22.20%) short=sl(-11.25%) | scanned=11 | long_tp_only
  [label] 2021-06-02 08:00 BCHUSDT entry=709.7000 → SHORT | long=sl(-13.64%) short=timeout(+11.73%) | scanned=22 | no_tp→fwd_return=-11.8289
  [label] 2021-07-25 08:00 BCHUSDT entry=445.8200 → LONG | long=tp(+10.19%) short=sl(-5.24%) | scanned=2 | long_tp_only
  [label] 2022-01-08 16:00 BCHUSDT entry=372.8600 → LONG | long=sl(-5.20%) short=sl(-5.20%) | scanned=18 | no_tp→fwd_return=+3.3391
  [label] 2022-01-13 00:00 BCHUSDT entry=387.2300 → SHORT | long=sl(-4.62%) short=timeout(+3.86%) | scanned=22 | no_tp→fwd_return=-3.9615
  [label] 2022-01-23 16:00 BCHUSDT entry=302.3900 → SHORT | long=sl(-7.36%) short=timeout(+4.09%) | scanned=22 | no_tp→fwd_return=-4.1933
  [label] 2022-03-10 00:00 BCHUSDT entry=287.7700 → LONG | long=timeout(+2.48%) short=timeout(-2.68%) | scanned=22 | no_tp→fwd_return=+2.5819
  [label] 2022-03-18 16:00 BCHUSDT entry=305.4100 → LONG | long=tp(+8.61%) short=sl(-4.45%) | scanned=6 | long_tp_only
  [label] 2022-06-18 00:00 BCHUSDT entry=113.7600 → LONG | long=timeout(+1.74%) short=timeout(-1.94%) | scanned=22 | no_tp→fwd_return=+1.8372
  [label] 2022-07-20 00:00 BCHUSDT entry=126.5200 → LONG | long=sl(-5.65%) short=sl(-5.65%) | scanned=14 | no_tp→fwd_return=+4.1495
  [label] 2022-08-05 08:00 BCHUSDT entry=137.1800 → LONG | long=timeout(+2.23%) short=sl(-7.09%) | scanned=22 | no_tp→fwd_return=+2.3254
  [label] 2022-08-18 08:00 BCHUSDT entry=135.8900 → SHORT | long=sl(-5.37%) short=tp(+10.43%) | scanned=2 | short_tp_only
  [label] 2022-09-06 00:00 BCHUSDT entry=125.9600 → SHORT | long=sl(-4.83%) short=tp(+9.36%) | scanned=2 | short_tp_only
  [label] 2022-09-12 08:00 BCHUSDT entry=127.8100 → SHORT | long=sl(-5.60%) short=tp(+10.90%) | scanned=19 | short_tp_only
  [label] 2022-09-24 16:00 BCHUSDT entry=117.2600 → LONG | long=sl(-5.89%) short=sl(-5.89%) | scanned=17 | no_tp→fwd_return=+5.1595
  [label] 2022-11-03 16:00 BCHUSDT entry=115.5600 → LONG | long=tp(+8.11%) short=sl(-4.21%) | scanned=4 | long_tp_only
  [label] 2022-11-13 16:00 BCHUSDT entry=99.4700 → LONG | long=timeout(+5.11%) short=sl(-7.56%) | scanned=22 | no_tp→fwd_return=+5.2076
  [label] 2023-02-08 08:00 BCHUSDT entry=132.3100 → SHORT | long=sl(-4.16%) short=tp(+8.03%) | scanned=4 | short_tp_only
  Labels: 1005 long (45.9%), 1185 short (54.1%) | weights: min=1.00, mean=3.10, max=10.00
  Features: 2190/2190 matched, 14 columns
  CV gap: 22 rows
    [trial 0] 14 features, training_days=230 | threshold=0.779 | labels: 1005 long, 1185 short (46/54%)
    [CV fold 0] train_end=2021-06-23 00:00 | val_start=2021-06-30 16:00 | gap=184h (22 rows)
    [CV fold 1] train_end=2021-10-22 16:00 | val_start=2021-10-30 08:00 | gap=184h (22 rows)
    [CV fold 2] train_end=2022-02-21 08:00 | val_start=2022-03-01 00:00 | gap=184h (22 rows)
    [CV fold 3] train_end=2022-06-23 00:00 | val_start=2022-06-30 16:00 | gap=184h (22 rows)
    [CV fold 4] train_end=2022-10-22 16:00 | val_start=2022-10-30 08:00 | gap=184h (22 rows)
    [trial 0] Sharpe=-0.1231 (folds: -0.0984, -0.0575, -0.4002, -0.0357, -0.0238)
    [trial 1] 14 features, training_days=410 | threshold=0.693 | labels: 1005 long, 1185 short (46/54%)
    [trial 1] Sharpe=-0.1591 (folds: -0.1236, -0.1747, -0.3980, -0.1946, 0.0955)
    [trial 2] 14 features, training_days=270 | threshold=0.546 | labels: 1005 long, 1185 short (46/54%)
    [trial 2] Sharpe=-0.1452 (folds: -0.1340, -0.0707, -0.4532, -0.0467, -0.0211)
    [trial 3] 14 features, training_days=270 | threshold=0.600 | labels: 1005 long, 1185 short (46/54%)
    [trial 3] Sharpe=-0.1666 (folds: -0.0788, -0.1151, -0.5078, -0.0701, -0.0611)
    [trial 4] 14 features, training_days=390 | threshold=0.764 | labels: 1005 long, 1185 short (46/54%)
    [trial 4] Sharpe=-0.1965 (folds: -0.1988, -0.0843, -0.5322, -0.1232, -0.0440)
    [trial 5] 14 features, training_days=60 | threshold=0.603 | labels: 1005 long, 1185 short (46/54%)
    [trial 5] Sharpe=-0.0289 (folds: 0.0680, -0.2818, 0.0887, -0.0310, 0.0116)
    [trial 6] 14 features, training_days=290 | threshold=0.738 | labels: 1005 long, 1185 short (46/54%)
    [trial 6] Sharpe=-0.1958 (folds: -0.1266, -0.2317, -0.6370, -0.0682, 0.0843)
    [trial 7] 14 features, training_days=70 | threshold=0.564 | labels: 1005 long, 1185 short (46/54%)[I 2026-05-06 02:20:56,226] Trial 7 finished with value: -0.026493440142885672 and parameters: {'confidence_threshold': 0.563503962036334, 'training_days': 70, 'n_estimators': 63, 'max_depth': 3, 'num_leaves': 47, 'learning_rate': 0.18074927623018475, 'subsample': 0.5059692991701257, 'min_child_samples': 9, 'reg_alpha': 3.6945804405602874e-08, 'reg_lambda': 0.027706035542028905}. Best is trial 7 with value: -0.026493440142885672.
[I 2026-05-06 02:20:56,309] Trial 8 finished with value: -0.2794816649170758 and parameters: {'confidence_threshold': 0.6525471176758836, 'training_days': 440, 'n_estimators': 116, 'max_depth': 4, 'num_leaves': 115, 'learning_rate': 0.010229952960863938, 'subsample': 0.5062159465415076, 'min_child_samples': 54, 'reg_alpha': 6.790626457822126e-06, 'reg_lambda': 1.7869141074987722e-05}. Best is trial 7 with value: -0.026493440142885672.
[I 2026-05-06 02:20:56,400] Trial 9 finished with value: -0.30744400170185765 and parameters: {'confidence_threshold': 0.7277571993354469, 'training_days': 360, 'n_estimators': 75, 'max_depth': 5, 'num_leaves': 41, 'learning_rate': 0.014186743931212992, 'subsample': 0.7445187273047605, 'min_child_samples': 22, 'reg_alpha': 0.02393227447113315, 'reg_lambda': 0.009236766173618426}. Best is trial 7 with value: -0.026493440142885672.
[I 2026-05-06 02:20:56,580] A new study created in memory with name: no-name-aada87b7-369f-4a41-88a6-38923c40762f
[I 2026-05-06 02:20:56,830] Trial 0 finished with value: -0.06463756518213974 and parameters: {'confidence_threshold': 0.7790993046299082, 'training_days': 230, 'n_estimators': 295, 'max_depth': 5, 'num_leaves': 83, 'learning_rate': 0.051543455158230854, 'subsample': 0.8773243492079463, 'min_child_samples': 10, 'reg_alpha': 0.034096514368237685, 'reg_lambda': 3.154180388637081e-05}. Best is trial 0 with value: -0.06463756518213974.
[I 2026-05-06 02:20:56,976] Trial 1 finished with value: -0.06120529603746139 and parameters: {'confidence_threshold': 0.6929247853618086, 'training_days': 410, 'n_estimators': 233, 'max_depth': 5, 'num_leaves': 108, 'learning_rate': 0.013724237108071606, 'subsample': 0.7013182233636002, 'min_child_samples': 94, 'reg_alpha': 2.4040959529260723e-06, 'reg_lambda': 5.320966582161148}. Best is trial 1 with value: -0.06120529603746139.
[I 2026-05-06 02:20:57,044] Trial 2 finished with value: -0.03649704698425395 and parameters: {'confidence_threshold': 0.546341527225763, 'training_days': 270, 'n_estimators': 120, 'max_depth': 4, 'num_leaves': 53, 'learning_rate': 0.060197068579343475, 'subsample': 0.588227873455941, 'min_child_samples': 91, 'reg_alpha': 2.3457771824819002e-08, 'reg_lambda': 1.1358840775642732e-08}. Best is trial 2 with value: -0.03649704698425395.
[I 2026-05-06 02:20:57,209] Trial 3 finished with value: -0.07001585234846355 and parameters: {'confidence_threshold': 0.6000319676300473, 'training_days': 270, 'n_estimators': 382, 'max_depth': 4, 'num_leaves': 44, 'learning_rate': 0.09185046765032388, 'subsample': 0.6743651508646724, 'min_child_samples': 77, 'reg_alpha': 0.0013974578104212739, 'reg_lambda': 8.97190257982477e-08}. Best is trial 2 with value: -0.03649704698425395.
[I 2026-05-06 02:20:57,547] Trial 4 finished with value: -0.09674655028800742 and parameters: {'confidence_threshold': 0.7642618789055509, 'training_days': 390, 'n_estimators': 464, 'max_depth': 5, 'num_leaves': 30, 'learning_rate': 0.024562383309704932, 'subsample': 0.8612975035964376, 'min_child_samples': 36, 'reg_alpha': 1.593999300080167, 'reg_lambda': 0.006081270362829788}. Best is trial 2 with value: -0.03649704698425395.
[I 2026-05-06 02:20:57,688] Trial 5 finished with value: -0.08839595933438679 and parameters: {'confidence_threshold': 0.6029115860358569, 'training_days': 60, 'n_estimators': 441, 'max_depth': 3, 'num_leaves': 66, 'learning_rate': 0.044953114425778824, 'subsample': 0.7098948461279406, 'min_child_samples': 15, 'reg_alpha': 4.888753565548431e-07, 'reg_lambda': 4.198190642566389}. Best is trial 2 with value: -0.03649704698425395.
[I 2026-05-06 02:20:57,901] Trial 6 finished with value: -0.061685607692397545 and parameters: {'confidence_threshold': 0.7376932868314098, 'training_days': 290, 'n_estimators': 249, 'max_depth': 5, 'num_leaves': 121, 'learning_rate': 0.015565840632862623, 'subsample': 0.8390183783709677, 'min_child_samples': 19, 'reg_alpha': 1.860444687368747e-08, 'reg_lambda': 2.7391483548058117e-06}. Best is trial 2 with value: -0.03649704698425395.
[I 2026-05-06 02:20:57,931] Trial 7 finished with value: -0.002459218088016462 and parameters: {'confidence_threshold': 0.563503962036334, 'training_days': 70, 'n_estimators': 63, 'max_depth': 3, 'num_leaves': 47, 'learning_rate': 0.18074927623018475, 'subsample': 0.5059692991701257, 'min_child_samples': 9, 'reg_alpha': 3.6945804405602874e-08, 'reg_lambda': 0.027706035542028905}. Best is trial 7 with value: -0.002459218088016462.
[I 2026-05-06 02:20:58,007] Trial 8 finished with value: -0.16166364513706827 and parameters: {'confidence_threshold': 0.6525471176758836, 'training_days': 440, 'n_estimators': 116, 'max_depth': 4, 'num_leaves': 115, 'learning_rate': 0.010229952960863938, 'subsample': 0.5062159465415076, 'min_child_samples': 54, 'reg_alpha': 6.790626457822126e-06, 'reg_lambda': 1.7869141074987722e-05}. Best is trial 7 with value: -0.002459218088016462.
