[I 2026-05-06 02:21:18,308] Trial 1 finished with value: -0.011607945501993233 and parameters: {'confidence_threshold': 0.6929247853618086, 'training_days': 410, 'n_estimators': 233, 'max_depth': 5, 'num_leaves': 108, 'learning_rate': 0.013724237108071606, 'subsample': 0.7013182233636002, 'min_child_samples': 94, 'reg_alpha': 2.4040959529260723e-06, 'reg_lambda': 5.320966582161148}. Best is trial 0 with value: 0.024865177452856657.
[I 2026-05-06 02:21:18,379] Trial 2 finished with value: 0.006240607157610628 and parameters: {'confidence_threshold': 0.546341527225763, 'training_days': 270, 'n_estimators': 120, 'max_depth': 4, 'num_leaves': 53, 'learning_rate': 0.060197068579343475, 'subsample': 0.588227873455941, 'min_child_samples': 91, 'reg_alpha': 2.3457771824819002e-08, 'reg_lambda': 1.1358840775642732e-08}. Best is trial 0 with value: 0.024865177452856657.
[I 2026-05-06 02:21:18,553] Trial 3 finished with value: -0.023689596058085995 and parameters: {'confidence_threshold': 0.6000319676300473, 'training_days': 270, 'n_estimators': 382, 'max_depth': 4, 'num_leaves': 44, 'learning_rate': 0.09185046765032388, 'subsample': 0.6743651508646724, 'min_child_samples': 77, 'reg_alpha': 0.0013974578104212739, 'reg_lambda': 8.97190257982477e-08}. Best is trial 0 with value: 0.024865177452856657.
[I 2026-05-06 02:21:18,899] Trial 4 finished with value: -0.033953834965895616 and parameters: {'confidence_threshold': 0.7642618789055509, 'training_days': 390, 'n_estimators': 464, 'max_depth': 5, 'num_leaves': 30, 'learning_rate': 0.024562383309704932, 'subsample': 0.8612975035964376, 'min_child_samples': 36, 'reg_alpha': 1.593999300080167, 'reg_lambda': 0.006081270362829788}. Best is trial 0 with value: 0.024865177452856657.
[I 2026-05-06 02:21:19,032] Trial 5 finished with value: -0.015764887001993196 and parameters: {'confidence_threshold': 0.6029115860358569, 'training_days': 60, 'n_estimators': 441, 'max_depth': 3, 'num_leaves': 66, 'learning_rate': 0.044953114425778824, 'subsample': 0.7098948461279406, 'min_child_samples': 15, 'reg_alpha': 4.888753565548431e-07, 'reg_lambda': 4.198190642566389}. Best is trial 0 with value: 0.024865177452856657.
[I 2026-05-06 02:21:19,273] Trial 6 finished with value: -0.09181574100747103 and parameters: {'confidence_threshold': 0.7376932868314098, 'training_days': 290, 'n_estimators': 249, 'max_depth': 5, 'num_leaves': 121, 'learning_rate': 0.015565840632862623, 'subsample': 0.8390183783709677, 'min_child_samples': 19, 'reg_alpha': 1.860444687368747e-08, 'reg_lambda': 2.7391483548058117e-06}. Best is trial 0 with value: 0.024865177452856657.
[I 2026-05-06 02:21:19,306] Trial 7 finished with value: -0.01856881721135095 and parameters: {'confidence_threshold': 0.563503962036334, 'training_days': 70, 'n_estimators': 63, 'max_depth': 3, 'num_leaves': 47, 'learning_rate': 0.18074927623018475, 'subsample': 0.5059692991701257, 'min_child_samples': 9, 'reg_alpha': 3.6945804405602874e-08, 'reg_lambda': 0.027706035542028905}. Best is trial 0 with value: 0.024865177452856657.
[I 2026-05-06 02:21:19,394] Trial 8 finished with value: -0.12599870630760507 and parameters: {'confidence_threshold': 0.6525471176758836, 'training_days': 440, 'n_estimators': 116, 'max_depth': 4, 'num_leaves': 115, 'learning_rate': 0.010229952960863938, 'subsample': 0.5062159465415076, 'min_child_samples': 54, 'reg_alpha': 6.790626457822126e-06, 'reg_lambda': 1.7869141074987722e-05}. Best is trial 0 with value: 0.024865177452856657.
[I 2026-05-06 02:21:19,477] Trial 9 finished with value: -2.0835527160919343 and parameters: {'confidence_threshold': 0.7277571993354469, 'training_days': 360, 'n_estimators': 75, 'max_depth': 5, 'num_leaves': 41, 'learning_rate': 0.014186743931212992, 'subsample': 0.7445187273047605, 'min_child_samples': 22, 'reg_alpha': 0.02393227447113315, 'reg_lambda': 0.009236766173618426}. Best is trial 0 with value: 0.024865177452856657.

  [label] 2023-02-13 08:00 BCHUSDT entry=121.6000 → LONG | long=tp(+8.71%) short=sl(-4.50%) | scanned=7 | long_tp_only
  [label] 2023-02-24 00:00 BCHUSDT entry=137.7600 → SHORT | long=sl(-5.03%) short=tp(+9.76%) | scanned=21 | short_tp_only
  [label] 2023-04-10 08:00 BCHUSDT entry=125.0500 → LONG | long=tp(+6.07%) short=sl(-3.19%) | scanned=11 | long_tp_only
  [label] 2023-04-19 00:00 BCHUSDT entry=132.4000 → SHORT | long=sl(-2.96%) short=tp(+5.62%) | scanned=1 | short_tp_only
  [label] 2023-07-19 16:00 BCHUSDT entry=243.8300 → SHORT | long=timeout(-0.85%) short=timeout(+0.65%) | scanned=22 | no_tp→fwd_return=-0.7464
  [label] 2023-08-20 16:00 BCHUSDT entry=188.7200 → LONG | long=sl(-5.71%) short=sl(-5.71%) | scanned=21 | no_tp→fwd_return=+4.7107
  [label] 2023-09-06 00:00 BCHUSDT entry=191.9200 → LONG | long=sl(-4.89%) short=sl(-4.89%) | scanned=19 | no_tp→fwd_return=+2.7928
  [label] 2023-09-19 00:00 BCHUSDT entry=216.7100 → SHORT | long=sl(-4.89%) short=timeout(+1.45%) | scanned=22 | no_tp→fwd_return=-1.5505
  [label] 2023-10-07 16:00 BCHUSDT entry=230.0900 → SHORT | long=sl(-4.54%) short=tp(+8.78%) | scanned=5 | short_tp_only
  [label] 2023-10-14 00:00 BCHUSDT entry=216.4800 → LONG | long=tp(+8.08%) short=sl(-4.19%) | scanned=7 | long_tp_only
  [label] 2023-10-26 08:00 BCHUSDT entry=243.5600 → SHORT | long=timeout(-3.77%) short=timeout(+3.57%) | scanned=22 | no_tp→fwd_return=-3.6747
  [label] 2023-12-05 08:00 BCHUSDT entry=242.4400 → LONG | long=tp(+7.79%) short=sl(-4.05%) | scanned=3 | long_tp_only
  [label] 2023-12-15 08:00 BCHUSDT entry=229.3100 → LONG | long=sl(-5.12%) short=timeout(-3.01%) | scanned=22 | no_tp→fwd_return=+2.9131
  [label] 2024-03-11 08:00 BCHUSDT entry=435.6900 → SHORT | long=sl(-8.88%) short=sl(-8.88%) | scanned=11 | no_tp→fwd_return=-5.1573
  Labels: 1026 long (46.8%), 1167 short (53.2%) | weights: min=1.00, mean=3.17, max=10.00
  Features: 2193/2193 matched, 14 columns
  CV gap: 22 rows
    [trial 0] 14 features, training_days=230 | threshold=0.779 | labels: 1026 long, 1167 short (47/53%)
    [CV fold 0] train_end=2022-07-25 00:00 | val_start=2022-08-01 16:00 | gap=184h (22 rows)
    [CV fold 1] train_end=2022-11-23 16:00 | val_start=2022-12-01 08:00 | gap=184h (22 rows)
    [CV fold 2] train_end=2023-03-25 08:00 | val_start=2023-04-02 00:00 | gap=184h (22 rows)
    [CV fold 3] train_end=2023-07-25 00:00 | val_start=2023-08-01 16:00 | gap=184h (22 rows)
    [CV fold 4] train_end=2023-11-23 16:00 | val_start=2023-12-01 08:00 | gap=184h (22 rows)
    [trial 0] Sharpe=0.0249 (folds: -0.0056, 0.0995, 0.1789, 0.1272, -0.2757)
    [trial 1] 14 features, training_days=410 | threshold=0.693 | labels: 1026 long, 1167 short (47/53%)
    [trial 1] Sharpe=-0.0116 (folds: -0.0152, 0.1286, 0.1283, 0.1650, -0.4648)
    [trial 2] 14 features, training_days=270 | threshold=0.546 | labels: 1026 long, 1167 short (47/53%)
    [trial 2] Sharpe=0.0062 (folds: -0.0146, 0.1062, -0.0577, 0.1788, -0.1816)
    [trial 3] 14 features, training_days=270 | threshold=0.600 | labels: 1026 long, 1167 short (47/53%)
    [trial 3] Sharpe=-0.0237 (folds: 0.0025, 0.0760, -0.0267, 0.0161, -0.1864)
    [trial 4] 14 features, training_days=390 | threshold=0.764 | labels: 1026 long, 1167 short (47/53%)
    [trial 4] Sharpe=-0.0340 (folds: -0.0184, 0.1196, -0.2648, 0.0832, -0.0893)
    [trial 5] 14 features, training_days=60 | threshold=0.603 | labels: 1026 long, 1167 short (47/53%)
    [trial 5] Sharpe=-0.0158 (folds: -0.1677, 0.1100, -0.0425, 0.1334, -0.1121)
    [trial 6] 14 features, training_days=290 | threshold=0.738 | labels: 1026 long, 1167 short (47/53%)
    [trial 6] Sharpe=-0.0918 (folds: -0.0393, 0.1192, -0.2002, -0.1687, -0.1700)
    [trial 7] 14 features, training_days=70 | threshold=0.564 | labels: 1026 long, 1167 short (47/53%)
    [trial 7] Sharpe=-0.0186 (folds: -0.1307, -0.0588, -0.0600, 0.2259, -0.0692)
    [trial 8] 14 features, training_days=440 | threshold=0.653 | labels: 1026 long, 1167 short (47/53%)
    [trial 8] Sharpe=-0.1260 (folds: -0.0512, 0.1469, -0.2623, 0.0310, -0.4944)
    [trial 9] 14 features, training_days=360 | threshold=0.728 | labels: 1026 long, 1167 short (47/53%)
    [trial 9] Sharpe=-2.0836 (folds: -0.0415, 0.1443, -0.3496, -0.1710, -10.0000)
  Optuna: 10 trials, best Sharpe = 0.0249
  Best params: n_estimators=295, max_depth=5, lr=0.0515, leaves=83
  Best confidence_threshold: 0.779
  Best training_days: 230
  Retrained on full data (690 samples, 14 features)
  Model trained for 2024-04: 90 test candles with features, confidence_threshold=0.779
[predict] 2024-04-04 16:00 BCHUSDT → SHORT (proba=0.92 TP=16.8%/SL=8.4%)
[trade:open] 2024-04-04 23:59 BCHUSDT SHORT @ 666.07 | SL=721.98 TP=554.25 | timeout=2024-04-11 23:59
[trade:close] 2024-04-12 00:00 BCHUSDT SHORT → timeout @ 613.72 | PnL=+7.86% (net +7.76%) | cum=+18.33% 2024-04=+7.76% 2024-04-12=+7.76%
[predict] 2024-04-14 00:00 BCHUSDT → LONG (proba=1.00 TP=21.9%/SL=10.9%)
[trade:open] 2024-04-14 07:59 BCHUSDT LONG @ 497.37 | SL=442.96 TP=606.19 | timeout=2024-04-21 07:59
[trade:close] 2024-04-21 08:00 BCHUSDT LONG → timeout @ 513.83 | PnL=+3.31% (net +3.21%) | cum=+21.54% 2024-04=+10.97% 2024-04-21=+3.21%
[lgbm] === Training for 2024-05 ===
  Train window: 2022-05-01 → 2024-05-01
  2193 training samples from 1 symbols
  Samples per month: 2022-05: 93, 2022-06: 90, 2022-07: 93, 2022-08: 93, 2022-09: 90, 2022-10: 93, 2022-11: 90, 2022-12: 93, 2023-01: 93, 2023-02: 84, 2023-03: 93, 2023-04: 90, 2023-05: 93, 2023-06: 90, 2023-07: 93, 2023-08: 93, 2023-09: 90, 2023-10: 93, 2023-11: 90, 2023-12: 93, 2024-01: 93, 2024-02: 87, 2024-03: 93, 2024-04: 90
  [label] 2022-07-02 08:00 BCHUSDT entry=102.7400 → LONG | long=timeout(+6.96%) short=sl(-8.07%) | scanned=22 | no_tp→fwd_return=+7.0566
  [label] 2022-07-04 16:00 BCHUSDT entry=108.1100 → SHORT | long=sl(-7.06%) short=timeout(+8.47%) | scanned=22 | no_tp→fwd_return=-8.5654
  [label] 2022-07-08 08:00 BCHUSDT entry=109.5500 → SHORT | long=sl(-6.14%) short=tp(+11.97%) | scanned=14 | short_tp_only
  [label] 2022-08-02 08:00 BCHUSDT entry=134.6500 → LONG | long=timeout(+0.32%) short=sl(-7.91%) | scanned=22 | no_tp→fwd_return=+0.4233
  [label] 2022-09-24 08:00 BCHUSDT entry=120.2200 → SHORT | long=sl(-5.73%) short=timeout(+2.05%) | scanned=22 | no_tp→fwd_return=-2.1544
  [label] 2023-03-11 08:00 BCHUSDT entry=108.9400 → LONG | long=tp(+10.35%) short=sl(-5.33%) | scanned=4 | long_tp_only
  [label] 2023-03-15 08:00 BCHUSDT entry=125.7800 → LONG | long=tp(+10.63%) short=sl(-5.46%) | scanned=14 | long_tp_only
  [label] 2023-03-26 00:00 BCHUSDT entry=125.1000 → LONG | long=sl(-5.31%) short=timeout(-0.22%) | scanned=22 | no_tp→fwd_return=+0.1199
  [label] 2023-05-10 08:00 BCHUSDT entry=117.3100 → SHORT | long=sl(-4.51%) short=timeout(+0.22%) | scanned=22 | no_tp→fwd_return=-0.3154
  [label] 2023-05-19 00:00 BCHUSDT entry=115.5000 → SHORT | long=sl(-3.66%) short=timeout(+2.03%) | scanned=22 | no_tp→fwd_return=-2.1299
  [label] 2023-08-18 16:00 BCHUSDT entry=187.2400 → LONG | long=timeout(+2.40%) short=timeout(-2.60%) | scanned=22 | no_tp→fwd_return=+2.5048
  [label] 2023-09-19 16:00 BCHUSDT entry=218.6100 → SHORT | long=sl(-4.73%) short=timeout(+1.74%) | scanned=22 | no_tp→fwd_return=-1.8389
  [label] 2023-10-06 00:00 BCHUSDT entry=230.9600 → SHORT | long=sl(-4.88%) short=tp(+9.46%) | scanned=15 | short_tp_only
  [label] 2023-10-19 00:00 BCHUSDT entry=227.0800 → LONG | long=tp(+8.22%) short=sl(-4.26%) | scanned=4 | long_tp_only
  [label] 2023-11-06 16:00 BCHUSDT entry=242.9500 → SHORT | long=sl(-4.27%) short=sl(-4.27%) | scanned=9 | no_tp→fwd_return=-1.2060
  [label] 2023-11-13 00:00 BCHUSDT entry=237.3700 → SHORT | long=sl(-5.00%) short=timeout(+3.08%) | scanned=22 | no_tp→fwd_return=-3.1807
  [label] 2023-11-25 08:00 BCHUSDT entry=227.4700 → SHORT | long=timeout(-0.69%) short=timeout(+0.49%) | scanned=22 | no_tp→fwd_return=-0.5935
  [label] 2024-01-04 08:00 BCHUSDT entry=238.5300 → LONG | long=sl(-7.39%) short=sl(-7.39%) | scanned=14 | no_tp→fwd_return=+4.7751
  [label] 2024-01-14 08:00 BCHUSDT entry=253.8800 → SHORT | long=sl(-7.37%) short=timeout(+5.19%) | scanned=22 | no_tp→fwd_return=-5.2938[I 2026-05-06 02:21:19,722] A new study created in memory with name: no-name-88244e93-9fef-42d3-8b10-85df08c4e7b5
[I 2026-05-06 02:21:19,964] Trial 0 finished with value: -0.09706064138833444 and parameters: {'confidence_threshold': 0.7790993046299082, 'training_days': 230, 'n_estimators': 295, 'max_depth': 5, 'num_leaves': 83, 'learning_rate': 0.051543455158230854, 'subsample': 0.8773243492079463, 'min_child_samples': 10, 'reg_alpha': 0.034096514368237685, 'reg_lambda': 3.154180388637081e-05}. Best is trial 0 with value: -0.09706064138833444.
[I 2026-05-06 02:21:20,103] Trial 1 finished with value: -0.09657281194586592 and parameters: {'confidence_threshold': 0.6929247853618086, 'training_days': 410, 'n_estimators': 233, 'max_depth': 5, 'num_leaves': 108, 'learning_rate': 0.013724237108071606, 'subsample': 0.7013182233636002, 'min_child_samples': 94, 'reg_alpha': 2.4040959529260723e-06, 'reg_lambda': 5.320966582161148}. Best is trial 1 with value: -0.09657281194586592.
[I 2026-05-06 02:21:20,172] Trial 2 finished with value: 0.03308765118309795 and parameters: {'confidence_threshold': 0.546341527225763, 'training_days': 270, 'n_estimators': 120, 'max_depth': 4, 'num_leaves': 53, 'learning_rate': 0.060197068579343475, 'subsample': 0.588227873455941, 'min_child_samples': 91, 'reg_alpha': 2.3457771824819002e-08, 'reg_lambda': 1.1358840775642732e-08}. Best is trial 2 with value: 0.03308765118309795.
[I 2026-05-06 02:21:20,348] Trial 3 finished with value: -0.04492979520512663 and parameters: {'confidence_threshold': 0.6000319676300473, 'training_days': 270, 'n_estimators': 382, 'max_depth': 4, 'num_leaves': 44, 'learning_rate': 0.09185046765032388, 'subsample': 0.6743651508646724, 'min_child_samples': 77, 'reg_alpha': 0.0013974578104212739, 'reg_lambda': 8.97190257982477e-08}. Best is trial 2 with value: 0.03308765118309795.
[I 2026-05-06 02:21:20,733] Trial 4 finished with value: -0.08869113325931333 and parameters: {'confidence_threshold': 0.7642618789055509, 'training_days': 390, 'n_estimators': 464, 'max_depth': 5, 'num_leaves': 30, 'learning_rate': 0.024562383309704932, 'subsample': 0.8612975035964376, 'min_child_samples': 36, 'reg_alpha': 1.593999300080167, 'reg_lambda': 0.006081270362829788}. Best is trial 2 with value: 0.03308765118309795.
[I 2026-05-06 02:21:20,864] Trial 5 finished with value: 0.005496342187962859 and parameters: {'confidence_threshold': 0.6029115860358569, 'training_days': 60, 'n_estimators': 441, 'max_depth': 3, 'num_leaves': 66, 'learning_rate': 0.044953114425778824, 'subsample': 0.7098948461279406, 'min_child_samples': 15, 'reg_alpha': 4.888753565548431e-07, 'reg_lambda': 4.198190642566389}. Best is trial 2 with value: 0.03308765118309795.
[I 2026-05-06 02:21:21,120] Trial 6 finished with value: -0.08696628462459653 and parameters: {'confidence_threshold': 0.7376932868314098, 'training_days': 290, 'n_estimators': 249, 'max_depth': 5, 'num_leaves': 121, 'learning_rate': 0.015565840632862623, 'subsample': 0.8390183783709677, 'min_child_samples': 19, 'reg_alpha': 1.860444687368747e-08, 'reg_lambda': 2.7391483548058117e-06}. Best is trial 2 with value: 0.03308765118309795.
[I 2026-05-06 02:21:21,156] Trial 7 finished with value: -0.05643990237145324 and parameters: {'confidence_threshold': 0.563503962036334, 'training_days': 70, 'n_estimators': 63, 'max_depth': 3, 'num_leaves': 47, 'learning_rate': 0.18074927623018475, 'subsample': 0.5059692991701257, 'min_child_samples': 9, 'reg_alpha': 3.6945804405602874e-08, 'reg_lambda': 0.027706035542028905}. Best is trial 2 with value: 0.03308765118309795.
[I 2026-05-06 02:21:21,229] Trial 8 finished with value: -0.2698150418366235 and parameters: {'confidence_threshold': 0.6525471176758836, 'training_days': 440, 'n_estimators': 116, 'max_depth': 4, 'num_leaves': 115, 'learning_rate': 0.010229952960863938, 'subsample': 0.5062159465415076, 'min_child_samples': 54, 'reg_alpha': 6.790626457822126e-06, 'reg_lambda': 1.7869141074987722e-05}. Best is trial 2 with value: 0.03308765118309795.
[I 2026-05-06 02:21:21,309] Trial 9 finished with value: -2.065193646779746 and parameters: {'confidence_threshold': 0.7277571993354469, 'training_days': 360, 'n_estimators': 75, 'max_depth': 5, 'num_leaves': 41, 'learning_rate': 0.014186743931212992, 'subsample': 0.7445187273047605, 'min_child_samples': 22, 'reg_alpha': 0.02393227447113315, 'reg_lambda': 0.009236766173618426}. Best is trial 2 with value: 0.03308765118309795.
[I 2026-05-06 02:21:21,535] A new study created in memory with name: no-name-bbd7e8c0-6443-4b36-85f1-ca0c58bf42df
[I 2026-05-06 02:21:21,783] Trial 0 finished with value: -0.00784230214772863 and parameters: {'confidence_threshold': 0.7790993046299082, 'training_days': 230, 'n_estimators': 295, 'max_depth': 5, 'num_leaves': 83, 'learning_rate': 0.051543455158230854, 'subsample': 0.8773243492079463, 'min_child_samples': 10, 'reg_alpha': 0.034096514368237685, 'reg_lambda': 3.154180388637081e-05}. Best is trial 0 with value: -0.00784230214772863.
[I 2026-05-06 02:21:21,930] Trial 1 finished with value: 0.004342701033108712 and parameters: {'confidence_threshold': 0.6929247853618086, 'training_days': 410, 'n_estimators': 233, 'max_depth': 5, 'num_leaves': 108, 'learning_rate': 0.013724237108071606, 'subsample': 0.7013182233636002, 'min_child_samples': 94, 'reg_alpha': 2.4040959529260723e-06, 'reg_lambda': 5.320966582161148}. Best is trial 1 with value: 0.004342701033108712.
[I 2026-05-06 02:21:21,999] Trial 2 finished with value: -0.03883414547028477 and parameters: {'confidence_threshold': 0.546341527225763, 'training_days': 270, 'n_estimators': 120, 'max_depth': 4, 'num_leaves': 53, 'learning_rate': 0.060197068579343475, 'subsample': 0.588227873455941, 'min_child_samples': 91, 'reg_alpha': 2.3457771824819002e-08, 'reg_lambda': 1.1358840775642732e-08}. Best is trial 1 with value: 0.004342701033108712.
[I 2026-05-06 02:21:22,168] Trial 3 finished with value: -0.08668748446140112 and parameters: {'confidence_threshold': 0.6000319676300473, 'training_days': 270, 'n_estimators': 382, 'max_depth': 4, 'num_leaves': 44, 'learning_rate': 0.09185046765032388, 'subsample': 0.6743651508646724, 'min_child_samples': 77, 'reg_alpha': 0.0013974578104212739, 'reg_lambda': 8.97190257982477e-08}. Best is trial 1 with value: 0.004342701033108712.
[I 2026-05-06 02:21:22,511] Trial 4 finished with value: -0.09807926787569025 and parameters: {'confidence_threshold': 0.7642618789055509, 'training_days': 390, 'n_estimators': 464, 'max_depth': 5, 'num_leaves': 30, 'learning_rate': 0.024562383309704932, 'subsample': 0.8612975035964376, 'min_child_samples': 36, 'reg_alpha': 1.593999300080167, 'reg_lambda': 0.006081270362829788}. Best is trial 1 with value: 0.004342701033108712.
