[I 2026-05-06 02:23:48,081] Trial 1 finished with value: -0.0512790206741349 and parameters: {'confidence_threshold': 0.6929247853618086, 'training_days': 410, 'n_estimators': 233, 'max_depth': 5, 'num_leaves': 108, 'learning_rate': 0.013724237108071606, 'subsample': 0.7013182233636002, 'min_child_samples': 94, 'reg_alpha': 2.4040959529260723e-06, 'reg_lambda': 5.320966582161148}. Best is trial 1 with value: -0.0512790206741349.

  Features: 2193/2193 matched, 14 columns
  CV gap: 22 rows
    [trial 0] 14 features, training_days=230 | threshold=0.779 | labels: 1123 long, 1070 short (51/49%)
    [CV fold 0] train_end=2023-03-26 00:00 | val_start=2023-04-02 16:00 | gap=184h (22 rows)
    [CV fold 1] train_end=2023-07-25 16:00 | val_start=2023-08-02 08:00 | gap=184h (22 rows)
    [CV fold 2] train_end=2023-11-24 08:00 | val_start=2023-12-02 00:00 | gap=184h (22 rows)
    [CV fold 3] train_end=2024-03-25 00:00 | val_start=2024-04-01 16:00 | gap=184h (22 rows)
    [CV fold 4] train_end=2024-07-24 16:00 | val_start=2024-08-01 08:00 | gap=184h (22 rows)
    [trial 0] Sharpe=-0.0991 (folds: 0.0036, -0.3736, 0.0523, -0.1498, -0.0282)
    [trial 1] 14 features, training_days=410 | threshold=0.693 | labels: 1123 long, 1070 short (51/49%)
    [trial 1] Sharpe=-0.0553 (folds: -0.1227, -0.3519, 0.1024, 0.1003, -0.0046)
    [trial 2] 14 features, training_days=270 | threshold=0.546 | labels: 1123 long, 1070 short (51/49%)
    [trial 2] Sharpe=-0.0942 (folds: 0.0677, -0.3307, -0.0128, -0.0091, -0.1863)
    [trial 3] 14 features, training_days=270 | threshold=0.600 | labels: 1123 long, 1070 short (51/49%)
    [trial 3] Sharpe=-0.1009 (folds: 0.0170, -0.2111, -0.0287, 0.0129, -0.2946)
    [trial 4] 14 features, training_days=390 | threshold=0.764 | labels: 1123 long, 1070 short (51/49%)
    [trial 4] Sharpe=-0.0453 (folds: 0.0019, -0.2902, 0.1498, -0.0010, -0.0871)
    [trial 5] 14 features, training_days=60 | threshold=0.603 | labels: 1123 long, 1070 short (51/49%)
    [trial 5] Sharpe=-0.0317 (folds: 0.1134, -0.1434, -0.0539, 0.0798, -0.1542)
    [trial 6] 14 features, training_days=290 | threshold=0.738 | labels: 1123 long, 1070 short (51/49%)
    [trial 6] Sharpe=-0.1264 (folds: -0.0615, -0.3042, -0.0659, 0.0091, -0.2094)
    [trial 7] 14 features, training_days=70 | threshold=0.564 | labels: 1123 long, 1070 short (51/49%)
    [trial 7] Sharpe=0.0513 (folds: 0.2421, -0.1225, -0.0005, 0.2190, -0.0819)
    [trial 8] 14 features, training_days=440 | threshold=0.653 | labels: 1123 long, 1070 short (51/49%)
    [trial 8] Sharpe=-0.1496 (folds: -0.0982, -0.3105, -0.0098, -0.2422, -0.0875)
    [trial 9] 14 features, training_days=360 | threshold=0.728 | labels: 1123 long, 1070 short (51/49%)
    [trial 9] Sharpe=-0.2192 (folds: -0.4007, -0.5134, -0.1617, -0.0083, -0.0118)
  Optuna: 10 trials, best Sharpe = 0.0513
  Best params: n_estimators=63, max_depth=3, lr=0.1807, leaves=47
  Best confidence_threshold: 0.564
  Best training_days: 70
  Retrained on full data (210 samples, 14 features)
  Model trained for 2024-12: 93 test candles with features, confidence_threshold=0.564
[trade:close] 2024-12-03 15:59 LDOUSDT SHORT → stop_loss @ 1.96 | PnL=-8.87% (net -8.97%) | cum=-35.18% 2024-12=-8.97% 2024-12-03=-8.97%
[predict] 2024-12-05 00:00 LDOUSDT → LONG (proba=0.84 TP=18.0%/SL=9.0%)
[trade:open] 2024-12-05 07:59 LDOUSDT LONG @ 2.17 | SL=1.98 TP=2.56 | timeout=2024-12-12 07:59
[trade:close] 2024-12-09 15:59 LDOUSDT LONG → stop_loss @ 1.98 | PnL=-8.98% (net -9.08%) | cum=-44.26% 2024-12=-18.04% 2024-12-09=-9.08%
[predict] 2024-12-11 00:00 LDOUSDT → LONG (proba=0.97 TP=23.7%/SL=11.9%)
[trade:open] 2024-12-11 07:59 LDOUSDT LONG @ 1.81 | SL=1.60 TP=2.24 | timeout=2024-12-18 07:59
[trade:close] 2024-12-12 15:59 LDOUSDT LONG → take_profit @ 2.24 | PnL=+23.75% (net +23.65%) | cum=-20.61% 2024-12=+5.60% 2024-12-12=+23.65%
[predict] 2024-12-14 00:00 LDOUSDT → LONG (proba=0.99 TP=19.2%/SL=9.6%)
[trade:open] 2024-12-14 07:59 LDOUSDT LONG @ 2.26 | SL=2.05 TP=2.70 | timeout=2024-12-21 07:59
[trade:close] 2024-12-18 07:59 LDOUSDT LONG → stop_loss @ 2.05 | PnL=-9.61% (net -9.71%) | cum=-30.32% 2024-12=-4.11% 2024-12-18=-9.71%
[predict] 2024-12-19 16:00 LDOUSDT → LONG (proba=1.00 TP=27.5%/SL=13.8%)
[trade:open] 2024-12-19 23:59 LDOUSDT LONG @ 1.60 | SL=1.38 TP=2.05 | timeout=2024-12-26 23:59
[trade:close] 2024-12-27 00:00 LDOUSDT LONG → timeout @ 1.77 | PnL=+10.50% (net +10.40%) | cum=-19.92% 2024-12=+6.29% 2024-12-27=+10.40%
[lgbm] === Training for 2025-01 ===
  Train window: 2023-01-01 → 2025-01-01
  2193 training samples from 1 symbols
  Samples per month: 2023-01: 93, 2023-02: 84, 2023-03: 93, 2023-04: 90, 2023-05: 93, 2023-06: 90, 2023-07: 93, 2023-08: 93, 2023-09: 90, 2023-10: 93, 2023-11: 90, 2023-12: 93, 2024-01: 93, 2024-02: 87, 2024-03: 93, 2024-04: 90, 2024-05: 93, 2024-06: 90, 2024-07: 93, 2024-08: 93, 2024-09: 90, 2024-10: 93, 2024-11: 90, 2024-12: 93
  [label] 2023-03-04 08:00 LDOUSDT entry=2.6795 → SHORT | long=sl(-9.78%) short=tp(+19.25%) | scanned=18 | short_tp_only
  [label] 2023-03-06 16:00 LDOUSDT entry=2.5872 → SHORT | long=sl(-9.75%) short=tp(+19.20%) | scanned=11 | short_tp_only
  [label] 2023-03-10 08:00 LDOUSDT entry=2.2666 → LONG | long=sl(-10.87%) short=sl(-10.87%) | scanned=8 | no_tp→fwd_return=+14.0960
  [label] 2023-04-04 08:00 LDOUSDT entry=2.5481 → SHORT | long=sl(-7.28%) short=sl(-7.28%) | scanned=14 | no_tp→fwd_return=-8.6614
  [label] 2023-05-27 08:00 LDOUSDT entry=1.9799 → LONG | long=tp(+11.76%) short=sl(-6.03%) | scanned=8 | long_tp_only
  [label] 2023-11-11 08:00 LDOUSDT entry=2.2904 → LONG | long=sl(-8.46%) short=sl(-8.46%) | scanned=12 | no_tp→fwd_return=+8.2475
  [label] 2023-11-15 08:00 LDOUSDT entry=2.4793 → LONG | long=sl(-9.25%) short=timeout(-0.70%) | scanned=22 | no_tp→fwd_return=+0.6010
  [label] 2023-11-26 00:00 LDOUSDT entry=2.5181 → SHORT | long=sl(-7.55%) short=timeout(+1.97%) | scanned=22 | no_tp→fwd_return=-2.0690
  [label] 2024-01-10 08:00 LDOUSDT entry=3.8784 → SHORT | long=sl(-9.97%) short=timeout(+18.50%) | scanned=22 | no_tp→fwd_return=-18.6030
  [label] 2024-01-19 00:00 LDOUSDT entry=3.0356 → SHORT | long=sl(-9.52%) short=timeout(+0.22%) | scanned=22 | no_tp→fwd_return=-0.3162
  [label] 2024-04-19 16:00 LDOUSDT entry=1.9846 → SHORT | long=timeout(-1.89%) short=timeout(+1.69%) | scanned=22 | no_tp→fwd_return=-1.7888
  [label] 2024-05-21 16:00 LDOUSDT entry=2.2225 → LONG | long=sl(-7.01%) short=sl(-7.01%) | scanned=8 | no_tp→fwd_return=+6.8166
  [label] 2024-06-07 00:00 LDOUSDT entry=2.2134 → SHORT | long=sl(-6.74%) short=tp(+13.17%) | scanned=2 | short_tp_only
  [label] 2024-06-20 00:00 LDOUSDT entry=2.2486 → LONG | long=sl(-9.26%) short=sl(-9.26%) | scanned=16 | no_tp→fwd_return=+3.0152
  [label] 2024-07-08 16:00 LDOUSDT entry=1.5642 → LONG | long=timeout(+15.56%) short=sl(-10.10%) | scanned=22 | no_tp→fwd_return=+15.6566
  [label] 2024-07-15 00:00 LDOUSDT entry=1.7783 → LONG | long=tp(+13.64%) short=sl(-6.97%) | scanned=7 | long_tp_only
  [label] 2024-07-27 08:00 LDOUSDT entry=1.5893 → SHORT | long=sl(-7.47%) short=tp(+14.65%) | scanned=21 | short_tp_only
  [label] 2024-09-05 08:00 LDOUSDT entry=0.9778 → LONG | long=sl(-7.26%) short=timeout(-3.79%) | scanned=22 | no_tp→fwd_return=+3.6920
  [label] 2024-09-15 08:00 LDOUSDT entry=1.0258 → LONG | long=sl(-5.31%) short=sl(-5.31%) | scanned=14 | no_tp→fwd_return=+12.0881
  [label] 2024-12-11 08:00 LDOUSDT entry=1.9143 → LONG | long=tp(+22.21%) short=sl(-11.26%) | scanned=3 | long_tp_only
  Labels: 1114 long (50.8%), 1079 short (49.2%) | weights: min=1.00, mean=4.23, max=10.00
  Features: 2193/2193 matched, 14 columns
  CV gap: 22 rows
    [trial 0] 14 features, training_days=230 | threshold=0.779 | labels: 1114 long, 1079 short (51/49%)
    [CV fold 0] train_end=2023-04-26 00:00 | val_start=2023-05-03 16:00 | gap=184h (22 rows)
    [CV fold 1] train_end=2023-08-25 16:00 | val_start=2023-09-02 08:00 | gap=184h (22 rows)
    [CV fold 2] train_end=2023-12-25 08:00 | val_start=2024-01-02 00:00 | gap=184h (22 rows)
    [CV fold 3] train_end=2024-04-25 00:00 | val_start=2024-05-02 16:00 | gap=184h (22 rows)
    [CV fold 4] train_end=2024-08-24 16:00 | val_start=2024-09-01 08:00 | gap=184h (22 rows)
    [trial 0] Sharpe=-0.1672 (folds: -0.1454, -0.3495, -0.1201, -0.1645, -0.0564)
    [trial 1] 14 features, training_days=410 | threshold=0.693 | labels: 1114 long, 1079 short (51/49%)
    [trial 1] Sharpe=-0.0513 (folds: 0.1332, -0.2363, 0.0056, 0.1259, -0.2847)
    [trial 2] 14 features, training_days=270 | threshold=0.546 | labels: 1114 long, 1079 short (51/49%)[I 2026-05-06 02:23:48,161] Trial 2 finished with value: -0.15021364883319835 and parameters: {'confidence_threshold': 0.546341527225763, 'training_days': 270, 'n_estimators': 120, 'max_depth': 4, 'num_leaves': 53, 'learning_rate': 0.060197068579343475, 'subsample': 0.588227873455941, 'min_child_samples': 91, 'reg_alpha': 2.3457771824819002e-08, 'reg_lambda': 1.1358840775642732e-08}. Best is trial 1 with value: -0.0512790206741349.
[I 2026-05-06 02:23:48,349] Trial 3 finished with value: -0.13951768152769972 and parameters: {'confidence_threshold': 0.6000319676300473, 'training_days': 270, 'n_estimators': 382, 'max_depth': 4, 'num_leaves': 44, 'learning_rate': 0.09185046765032388, 'subsample': 0.6743651508646724, 'min_child_samples': 77, 'reg_alpha': 0.0013974578104212739, 'reg_lambda': 8.97190257982477e-08}. Best is trial 1 with value: -0.0512790206741349.
[I 2026-05-06 02:23:48,749] Trial 4 finished with value: -0.14473438775633238 and parameters: {'confidence_threshold': 0.7642618789055509, 'training_days': 390, 'n_estimators': 464, 'max_depth': 5, 'num_leaves': 30, 'learning_rate': 0.024562383309704932, 'subsample': 0.8612975035964376, 'min_child_samples': 36, 'reg_alpha': 1.593999300080167, 'reg_lambda': 0.006081270362829788}. Best is trial 1 with value: -0.0512790206741349.
[I 2026-05-06 02:23:48,894] Trial 5 finished with value: -0.04209623752917263 and parameters: {'confidence_threshold': 0.6029115860358569, 'training_days': 60, 'n_estimators': 441, 'max_depth': 3, 'num_leaves': 66, 'learning_rate': 0.044953114425778824, 'subsample': 0.7098948461279406, 'min_child_samples': 15, 'reg_alpha': 4.888753565548431e-07, 'reg_lambda': 4.198190642566389}. Best is trial 5 with value: -0.04209623752917263.
[I 2026-05-06 02:23:49,188] Trial 6 finished with value: -0.12292063808483747 and parameters: {'confidence_threshold': 0.7376932868314098, 'training_days': 290, 'n_estimators': 249, 'max_depth': 5, 'num_leaves': 121, 'learning_rate': 0.015565840632862623, 'subsample': 0.8390183783709677, 'min_child_samples': 19, 'reg_alpha': 1.860444687368747e-08, 'reg_lambda': 2.7391483548058117e-06}. Best is trial 5 with value: -0.04209623752917263.
[I 2026-05-06 02:23:49,225] Trial 7 finished with value: -0.015907677528384408 and parameters: {'confidence_threshold': 0.563503962036334, 'training_days': 70, 'n_estimators': 63, 'max_depth': 3, 'num_leaves': 47, 'learning_rate': 0.18074927623018475, 'subsample': 0.5059692991701257, 'min_child_samples': 9, 'reg_alpha': 3.6945804405602874e-08, 'reg_lambda': 0.027706035542028905}. Best is trial 7 with value: -0.015907677528384408.
[I 2026-05-06 02:23:49,314] Trial 8 finished with value: -0.06713267340939041 and parameters: {'confidence_threshold': 0.6525471176758836, 'training_days': 440, 'n_estimators': 116, 'max_depth': 4, 'num_leaves': 115, 'learning_rate': 0.010229952960863938, 'subsample': 0.5062159465415076, 'min_child_samples': 54, 'reg_alpha': 6.790626457822126e-06, 'reg_lambda': 1.7869141074987722e-05}. Best is trial 7 with value: -0.015907677528384408.
[I 2026-05-06 02:23:49,419] Trial 9 finished with value: -0.1393001793346857 and parameters: {'confidence_threshold': 0.7277571993354469, 'training_days': 360, 'n_estimators': 75, 'max_depth': 5, 'num_leaves': 41, 'learning_rate': 0.014186743931212992, 'subsample': 0.7445187273047605, 'min_child_samples': 22, 'reg_alpha': 0.02393227447113315, 'reg_lambda': 0.009236766173618426}. Best is trial 7 with value: -0.015907677528384408.
[I 2026-05-06 02:23:49,756] A new study created in memory with name: no-name-62c4f9f0-e818-421b-ad3f-8a701590e803
[I 2026-05-06 02:23:50,047] Trial 0 finished with value: -0.08904819760232555 and parameters: {'confidence_threshold': 0.7790993046299082, 'training_days': 230, 'n_estimators': 295, 'max_depth': 5, 'num_leaves': 83, 'learning_rate': 0.051543455158230854, 'subsample': 0.8773243492079463, 'min_child_samples': 10, 'reg_alpha': 0.034096514368237685, 'reg_lambda': 3.154180388637081e-05}. Best is trial 0 with value: -0.08904819760232555.
[I 2026-05-06 02:23:50,184] Trial 1 finished with value: -0.08797598731795267 and parameters: {'confidence_threshold': 0.6929247853618086, 'training_days': 410, 'n_estimators': 233, 'max_depth': 5, 'num_leaves': 108, 'learning_rate': 0.013724237108071606, 'subsample': 0.7013182233636002, 'min_child_samples': 94, 'reg_alpha': 2.4040959529260723e-06, 'reg_lambda': 5.320966582161148}. Best is trial 1 with value: -0.08797598731795267.
[I 2026-05-06 02:23:50,251] Trial 2 finished with value: -0.07580973198104284 and parameters: {'confidence_threshold': 0.546341527225763, 'training_days': 270, 'n_estimators': 120, 'max_depth': 4, 'num_leaves': 53, 'learning_rate': 0.060197068579343475, 'subsample': 0.588227873455941, 'min_child_samples': 91, 'reg_alpha': 2.3457771824819002e-08, 'reg_lambda': 1.1358840775642732e-08}. Best is trial 2 with value: -0.07580973198104284.
[I 2026-05-06 02:23:50,433] Trial 3 finished with value: -0.07145654903028373 and parameters: {'confidence_threshold': 0.6000319676300473, 'training_days': 270, 'n_estimators': 382, 'max_depth': 4, 'num_leaves': 44, 'learning_rate': 0.09185046765032388, 'subsample': 0.6743651508646724, 'min_child_samples': 77, 'reg_alpha': 0.0013974578104212739, 'reg_lambda': 8.97190257982477e-08}. Best is trial 3 with value: -0.07145654903028373.

    [trial 2] Sharpe=-0.1502 (folds: -0.1156, -0.3130, -0.1567, 0.1234, -0.2892)
    [trial 3] 14 features, training_days=270 | threshold=0.600 | labels: 1114 long, 1079 short (51/49%)
    [trial 3] Sharpe=-0.1395 (folds: -0.0490, -0.2944, -0.1156, 0.0765, -0.3151)
    [trial 4] 14 features, training_days=390 | threshold=0.764 | labels: 1114 long, 1079 short (51/49%)
    [trial 4] Sharpe=-0.1447 (folds: -0.1593, -0.3177, -0.1400, 0.0105, -0.1172)
    [trial 5] 14 features, training_days=60 | threshold=0.603 | labels: 1114 long, 1079 short (51/49%)
    [trial 5] Sharpe=-0.0421 (folds: 0.1362, -0.0618, -0.1779, 0.2073, -0.3142)
    [trial 6] 14 features, training_days=290 | threshold=0.738 | labels: 1114 long, 1079 short (51/49%)
    [trial 6] Sharpe=-0.1229 (folds: -0.2189, -0.2823, -0.1591, 0.2290, -0.1833)
    [trial 7] 14 features, training_days=70 | threshold=0.564 | labels: 1114 long, 1079 short (51/49%)
    [trial 7] Sharpe=-0.0159 (folds: 0.1202, -0.0201, -0.0071, 0.1098, -0.2824)
    [trial 8] 14 features, training_days=440 | threshold=0.653 | labels: 1114 long, 1079 short (51/49%)
    [trial 8] Sharpe=-0.0671 (folds: -0.1360, -0.3171, 0.0099, 0.2169, -0.1094)
    [trial 9] 14 features, training_days=360 | threshold=0.728 | labels: 1114 long, 1079 short (51/49%)
    [trial 9] Sharpe=-0.1393 (folds: -0.2001, -0.2763, -0.1277, 0.2728, -0.3651)
  Optuna: 10 trials, best Sharpe = -0.0159
  Best params: n_estimators=63, max_depth=3, lr=0.1807, leaves=47
  Best confidence_threshold: 0.564
  Best training_days: 70
  Retrained on full data (210 samples, 14 features)
  Model trained for 2025-01: 93 test candles with features, confidence_threshold=0.564
[predict] 2025-01-03 00:00 LDOUSDT → SHORT (proba=0.80 TP=16.6%/SL=8.3%)
[trade:open] 2025-01-03 07:59 LDOUSDT SHORT @ 1.82 | SL=1.97 TP=1.52 | timeout=2025-01-10 07:59
[trade:close] 2025-01-03 23:59 LDOUSDT SHORT → stop_loss @ 1.97 | PnL=-8.31% (net -8.41%) | cum=-28.33% 2025-01=-8.41% 2025-01-03=-8.41%
[predict] 2025-01-05 08:00 LDOUSDT → SHORT (proba=0.94 TP=14.1%/SL=7.0%)
[trade:open] 2025-01-05 15:59 LDOUSDT SHORT @ 2.05 | SL=2.19 TP=1.76 | timeout=2025-01-12 15:59
[trade:close] 2025-01-08 07:59 LDOUSDT SHORT → take_profit @ 1.76 | PnL=+14.09% (net +13.99%) | cum=-14.34% 2025-01=+5.58% 2025-01-08=+13.99%
[predict] 2025-01-09 16:00 LDOUSDT → LONG (proba=1.00 TP=18.6%/SL=9.3%)
[trade:open] 2025-01-09 23:59 LDOUSDT LONG @ 1.59 | SL=1.44 TP=1.88 | timeout=2025-01-16 23:59
[trade:close] 2025-01-13 15:59 LDOUSDT LONG → stop_loss @ 1.44 | PnL=-9.28% (net -9.38%) | cum=-23.72% 2025-01=-3.80% 2025-01-13=-9.38%
[predict] 2025-01-15 08:00 LDOUSDT → SHORT (proba=0.98 TP=15.3%/SL=7.7%)
[trade:open] 2025-01-15 15:59 LDOUSDT SHORT @ 1.89 | SL=2.03 TP=1.60 | timeout=2025-01-22 15:59
[trade:close] 2025-01-15 23:59 LDOUSDT SHORT → stop_loss @ 2.03 | PnL=-7.67% (net -7.77%) | cum=-31.49% 2025-01=-11.57% 2025-01-15=-7.77%
[predict] 2025-01-19 08:00 LDOUSDT → SHORT (proba=0.97 TP=18.4%/SL=9.2%)
[trade:open] 2025-01-19 15:59 LDOUSDT SHORT @ 1.76 | SL=1.92 TP=1.44 | timeout=2025-01-26 15:59
[trade:close] 2025-01-20 15:59 LDOUSDT SHORT → stop_loss @ 1.92 | PnL=-9.18% (net -9.28%) | cum=-40.76% 2025-01=-20.84% 2025-01-20=-9.28%
[predict] 2025-01-26 00:00 LDOUSDT → SHORT (proba=1.00 TP=17.4%/SL=8.7%)
[trade:open] 2025-01-26 07:59 LDOUSDT SHORT @ 2.17 | SL=2.36 TP=1.80 | timeout=2025-02-02 07:59
[trade:close] 2025-01-28 23:59 LDOUSDT SHORT → take_profit @ 1.80 | PnL=+17.36% (net +17.26%) | cum=-23.50% 2025-01=-3.58% 2025-01-28=+17.26%
[predict] 2025-01-31 16:00 LDOUSDT → SHORT (proba=1.00 TP=18.3%/SL=9.1%)
[trade:open] 2025-01-31 23:59 LDOUSDT SHORT @ 2.30 | SL=2.51 TP=1.88 | timeout=2025-02-07 23:59
[lgbm] === Training for 2025-02 ===
  Train window: 2023-02-01 → 2025-02-01
  2193 training samples from 1 symbols
  Samples per month: 2023-02: 84, 2023-03: 93, 2023-04: 90, 2023-05: 93, 2023-06: 90, 2023-07: 93, 2023-08: 93, 2023-09: 90, 2023-10: 93, 2023-11: 90, 2023-12: 93, 2024-01: 93, 2024-02: 87, 2024-03: 93, 2024-04: 90, 2024-05: 93, 2024-06: 90, 2024-07: 93, 2024-08: 93, 2024-09: 90, 2024-10: 93, 2024-11: 90, 2024-12: 93, 2025-01: 93
  [label] 2023-04-04 08:00 LDOUSDT entry=2.5481 → SHORT | long=sl(-7.28%) short=sl(-7.28%) | scanned=14 | no_tp→fwd_return=-8.6614
  [label] 2023-04-06 16:00 LDOUSDT entry=2.5936 → SHORT | long=sl(-6.94%) short=tp(+13.57%) | scanned=16 | short_tp_only
  [label] 2023-04-10 08:00 LDOUSDT entry=2.3983 → LONG | long=sl(-6.52%) short=sl(-6.52%) | scanned=11 | no_tp→fwd_return=+6.3545
  [label] 2023-05-05 08:00 LDOUSDT entry=1.8745 → SHORT | long=sl(-6.24%) short=tp(+12.18%) | scanned=8 | short_tp_only
  [label] 2023-06-27 08:00 LDOUSDT entry=1.9290 → LONG | long=sl(-5.99%) short=sl(-5.99%) | scanned=10 | no_tp→fwd_return=+6.4075
  [label] 2023-12-12 08:00 LDOUSDT entry=2.2390 → SHORT | long=sl(-7.20%) short=timeout(+7.31%) | scanned=22 | no_tp→fwd_return=-7.4140
  [label] 2023-12-16 08:00 LDOUSDT entry=2.1932 → LONG | long=sl(-6.75%) short=sl(-6.75%) | scanned=17 | no_tp→fwd_return=+4.6963
  [label] 2023-12-27 00:00 LDOUSDT entry=2.3873 → LONG | long=tp(+13.97%) short=sl(-7.14%) | scanned=1 | long_tp_only
  [label] 2024-02-10 08:00 LDOUSDT entry=2.9273 → LONG | long=tp(+9.74%) short=sl(-5.02%) | scanned=12 | long_tp_only
  [label] 2024-02-19 00:00 LDOUSDT entry=3.3532 → SHORT | long=sl(-5.19%) short=tp(+10.07%) | scanned=7 | short_tp_only
  [label] 2024-05-20 16:00 LDOUSDT entry=2.0970 → LONG | long=tp(+12.57%) short=sl(-6.43%) | scanned=2 | long_tp_only
  [label] 2024-06-21 16:00 LDOUSDT entry=2.2632 → LONG | long=sl(-9.30%) short=sl(-9.30%) | scanned=15 | no_tp→fwd_return=+7.3392
  [label] 2024-07-08 00:00 LDOUSDT entry=1.5379 → LONG | long=timeout(+15.53%) short=sl(-10.32%) | scanned=22 | no_tp→fwd_return=+15.6317
  [label] 2024-07-21 00:00 LDOUSDT entry=1.8964 → SHORT | long=sl(-6.81%) short=tp(+13.32%) | scanned=11 | short_tp_only
  [label] 2024-08-08 16:00 LDOUSDT entry=1.1651 → SHORT | long=sl(-10.84%) short=timeout(+14.18%) | scanned=22 | no_tp→fwd_return=-14.2820
  [label] 2024-08-15 00:00 LDOUSDT entry=1.0604 → LONG | long=sl(-8.50%) short=timeout(-6.17%) | scanned=22 | no_tp→fwd_return=+6.0732
  [label] 2024-08-27 08:00 LDOUSDT entry=1.1389 → SHORT | long=sl(-6.92%) short=timeout(+11.28%) | scanned=22 | no_tp→fwd_return=-11.3794
  [label] 2024-10-06 08:00 LDOUSDT entry=1.0711 → SHORT | long=timeout(-3.91%) short=sl(-7.15%) | scanned=22 | no_tp→fwd_return=-3.8092
  [label] 2024-10-16 08:00 LDOUSDT entry=1.1004 → SHORT | long=timeout(-0.65%) short=sl(-6.51%) | scanned=22 | no_tp→fwd_return=-0.5543
  [label] 2025-01-11 08:00 LDOUSDT entry=1.5929 → LONG | long=sl(-8.89%) short=sl(-8.89%) | scanned=10 | no_tp→fwd_return=+15.8453
  Labels: 1104 long (50.3%), 1089 short (49.7%) | weights: min=1.00, mean=4.23, max=10.00
  Features: 2193/2193 matched, 14 columns
  CV gap: 22 rows
    [trial 0] 14 features, training_days=230 | threshold=0.779 | labels: 1104 long, 1089 short (50/50%)
    [CV fold 0] train_end=2023-05-27 00:00 | val_start=2023-06-03 16:00 | gap=184h (22 rows)
    [CV fold 1] train_end=2023-09-25 16:00 | val_start=2023-10-03 08:00 | gap=184h (22 rows)
    [CV fold 2] train_end=2024-01-25 08:00 | val_start=2024-02-02 00:00 | gap=184h (22 rows)
    [CV fold 3] train_end=2024-05-26 00:00 | val_start=2024-06-02 16:00 | gap=184h (22 rows)
    [CV fold 4] train_end=2024-09-24 16:00 | val_start=2024-10-02 08:00 | gap=184h (22 rows)
    [trial 0] Sharpe=-0.0890 (folds: 0.1590, -0.3196, -0.0905, -0.1123, -0.0819)
    [trial 1] 14 features, training_days=410 | threshold=0.693 | labels: 1104 long, 1089 short (50/50%)
    [trial 1] Sharpe=-0.0880 (folds: 0.2040, -0.4930, -0.1564, 0.1058, -0.1003)
    [trial 2] 14 features, training_days=270 | threshold=0.546 | labels: 1104 long, 1089 short (50/50%)
    [trial 2] Sharpe=-0.0758 (folds: 0.1412, -0.2845, -0.1235, 0.0036, -0.1159)
    [trial 3] 14 features, training_days=270 | threshold=0.600 | labels: 1104 long, 1089 short (50/50%)
    [trial 3] Sharpe=-0.0715 (folds: 0.2079, -0.2983, -0.0927, -0.0206, -0.1535)
