[I 2026-05-06 02:24:04,644] Trial 1 finished with value: -0.008801845136064038 and parameters: {'confidence_threshold': 0.6929247853618086, 'training_days': 410, 'n_estimators': 233, 'max_depth': 5, 'num_leaves': 108, 'learning_rate': 0.013724237108071606, 'subsample': 0.7013182233636002, 'min_child_samples': 94, 'reg_alpha': 2.4040959529260723e-06, 'reg_lambda': 5.320966582161148}. Best is trial 1 with value: -0.008801845136064038.
[I 2026-05-06 02:24:04,708] Trial 2 finished with value: -0.07832656533021776 and parameters: {'confidence_threshold': 0.546341527225763, 'training_days': 270, 'n_estimators': 120, 'max_depth': 4, 'num_leaves': 53, 'learning_rate': 0.060197068579343475, 'subsample': 0.588227873455941, 'min_child_samples': 91, 'reg_alpha': 2.3457771824819002e-08, 'reg_lambda': 1.1358840775642732e-08}. Best is trial 1 with value: -0.008801845136064038.
[I 2026-05-06 02:24:04,893] Trial 3 finished with value: -0.08761779702683539 and parameters: {'confidence_threshold': 0.6000319676300473, 'training_days': 270, 'n_estimators': 382, 'max_depth': 4, 'num_leaves': 44, 'learning_rate': 0.09185046765032388, 'subsample': 0.6743651508646724, 'min_child_samples': 77, 'reg_alpha': 0.0013974578104212739, 'reg_lambda': 8.97190257982477e-08}. Best is trial 1 with value: -0.008801845136064038.
[I 2026-05-06 02:24:05,281] Trial 4 finished with value: -0.0503189959213179 and parameters: {'confidence_threshold': 0.7642618789055509, 'training_days': 390, 'n_estimators': 464, 'max_depth': 5, 'num_leaves': 30, 'learning_rate': 0.024562383309704932, 'subsample': 0.8612975035964376, 'min_child_samples': 36, 'reg_alpha': 1.593999300080167, 'reg_lambda': 0.006081270362829788}. Best is trial 1 with value: -0.008801845136064038.
[I 2026-05-06 02:24:05,432] Trial 5 finished with value: -0.09214174564987117 and parameters: {'confidence_threshold': 0.6029115860358569, 'training_days': 60, 'n_estimators': 441, 'max_depth': 3, 'num_leaves': 66, 'learning_rate': 0.044953114425778824, 'subsample': 0.7098948461279406, 'min_child_samples': 15, 'reg_alpha': 4.888753565548431e-07, 'reg_lambda': 4.198190642566389}. Best is trial 1 with value: -0.008801845136064038.
[I 2026-05-06 02:24:05,679] Trial 6 finished with value: 0.0029666274628831757 and parameters: {'confidence_threshold': 0.7376932868314098, 'training_days': 290, 'n_estimators': 249, 'max_depth': 5, 'num_leaves': 121, 'learning_rate': 0.015565840632862623, 'subsample': 0.8390183783709677, 'min_child_samples': 19, 'reg_alpha': 1.860444687368747e-08, 'reg_lambda': 2.7391483548058117e-06}. Best is trial 6 with value: 0.0029666274628831757.
[I 2026-05-06 02:24:05,717] Trial 7 finished with value: -0.06973580462411513 and parameters: {'confidence_threshold': 0.563503962036334, 'training_days': 70, 'n_estimators': 63, 'max_depth': 3, 'num_leaves': 47, 'learning_rate': 0.18074927623018475, 'subsample': 0.5059692991701257, 'min_child_samples': 9, 'reg_alpha': 3.6945804405602874e-08, 'reg_lambda': 0.027706035542028905}. Best is trial 6 with value: 0.0029666274628831757.
[I 2026-05-06 02:24:05,800] Trial 8 finished with value: -0.045112410803074474 and parameters: {'confidence_threshold': 0.6525471176758836, 'training_days': 440, 'n_estimators': 116, 'max_depth': 4, 'num_leaves': 115, 'learning_rate': 0.010229952960863938, 'subsample': 0.5062159465415076, 'min_child_samples': 54, 'reg_alpha': 6.790626457822126e-06, 'reg_lambda': 1.7869141074987722e-05}. Best is trial 6 with value: 0.0029666274628831757.
[I 2026-05-06 02:24:05,903] Trial 9 finished with value: -0.10920049289062157 and parameters: {'confidence_threshold': 0.7277571993354469, 'training_days': 360, 'n_estimators': 75, 'max_depth': 5, 'num_leaves': 41, 'learning_rate': 0.014186743931212992, 'subsample': 0.7445187273047605, 'min_child_samples': 22, 'reg_alpha': 0.02393227447113315, 'reg_lambda': 0.009236766173618426}. Best is trial 6 with value: 0.0029666274628831757.
[I 2026-05-06 02:24:06,294] A new study created in memory with name: no-name-bd1636b9-82e7-463d-a46c-d6f4feced486

  [label] 2024-09-09 08:00 LDOUSDT entry=0.9724 → LONG | long=timeout(+0.56%) short=sl(-6.75%) | scanned=22 | no_tp→fwd_return=+0.6582
  [label] 2024-09-18 00:00 LDOUSDT entry=0.9735 → LONG | long=tp(+10.84%) short=sl(-5.57%) | scanned=6 | long_tp_only
  [label] 2024-12-18 16:00 LDOUSDT entry=1.8721 → SHORT | long=sl(-11.62%) short=tp(+22.94%) | scanned=5 | short_tp_only
  [label] 2025-01-19 16:00 LDOUSDT entry=1.6214 → LONG | long=tp(+20.84%) short=sl(-10.57%) | scanned=6 | long_tp_only
  [label] 2025-02-05 00:00 LDOUSDT entry=1.7343 → SHORT | long=sl(-14.89%) short=timeout(+9.08%) | scanned=22 | no_tp→fwd_return=-9.1795
  [label] 2025-02-18 00:00 LDOUSDT entry=1.8166 → SHORT | long=sl(-9.68%) short=tp(+19.06%) | scanned=20 | short_tp_only
  [label] 2025-03-08 16:00 LDOUSDT entry=1.0694 → SHORT | long=sl(-11.24%) short=tp(+22.17%) | scanned=7 | short_tp_only
  [label] 2025-03-15 00:00 LDOUSDT entry=0.9456 → LONG | long=timeout(+8.22%) short=sl(-10.45%) | scanned=22 | no_tp→fwd_return=+8.3228
  [label] 2025-03-27 08:00 LDOUSDT entry=1.0290 → SHORT | long=sl(-6.32%) short=tp(+12.35%) | scanned=5 | short_tp_only
  [label] 2025-05-06 08:00 LDOUSDT entry=0.7515 → LONG | long=tp(+11.98%) short=sl(-6.14%) | scanned=5 | long_tp_only
  [label] 2025-05-16 08:00 LDOUSDT entry=0.9876 → SHORT | long=sl(-8.20%) short=timeout(+8.94%) | scanned=22 | no_tp→fwd_return=-9.0421
  [label] 2025-08-11 08:00 LDOUSDT entry=1.5524 → SHORT | long=sl(-7.15%) short=tp(+14.01%) | scanned=9 | short_tp_only
  Labels: 1104 long (50.3%), 1089 short (49.7%) | weights: min=1.00, mean=4.48, max=10.00
  Features: 2193/2193 matched, 14 columns
  CV gap: 22 rows
    [trial 0] 14 features, training_days=230 | threshold=0.779 | labels: 1104 long, 1089 short (50/50%)
    [CV fold 0] train_end=2023-12-25 00:00 | val_start=2024-01-01 16:00 | gap=184h (22 rows)
    [CV fold 1] train_end=2024-04-24 16:00 | val_start=2024-05-02 08:00 | gap=184h (22 rows)
    [CV fold 2] train_end=2024-08-24 08:00 | val_start=2024-09-01 00:00 | gap=184h (22 rows)
    [CV fold 3] train_end=2024-12-24 00:00 | val_start=2024-12-31 16:00 | gap=184h (22 rows)
    [CV fold 4] train_end=2025-04-24 16:00 | val_start=2025-05-02 08:00 | gap=184h (22 rows)
    [trial 0] Sharpe=-0.0918 (folds: -0.1145, -0.1179, -0.0708, -0.0409, -0.1150)
    [trial 1] 14 features, training_days=410 | threshold=0.693 | labels: 1104 long, 1089 short (50/50%)
    [trial 1] Sharpe=-0.0088 (folds: -0.0827, 0.0521, -0.2116, 0.1312, 0.0671)
    [trial 2] 14 features, training_days=270 | threshold=0.546 | labels: 1104 long, 1089 short (50/50%)
    [trial 2] Sharpe=-0.0783 (folds: -0.1083, -0.0552, -0.2839, 0.1142, -0.0586)
    [trial 3] 14 features, training_days=270 | threshold=0.600 | labels: 1104 long, 1089 short (50/50%)
    [trial 3] Sharpe=-0.0876 (folds: -0.1504, -0.0988, -0.2978, 0.1120, -0.0030)
    [trial 4] 14 features, training_days=390 | threshold=0.764 | labels: 1104 long, 1089 short (50/50%)
    [trial 4] Sharpe=-0.0503 (folds: -0.1155, -0.1083, -0.1276, 0.1745, -0.0746)
    [trial 5] 14 features, training_days=60 | threshold=0.603 | labels: 1104 long, 1089 short (50/50%)
    [trial 5] Sharpe=-0.0921 (folds: -0.2033, 0.2086, -0.3117, -0.0532, -0.1011)
    [trial 6] 14 features, training_days=290 | threshold=0.738 | labels: 1104 long, 1089 short (50/50%)
    [trial 6] Sharpe=0.0030 (folds: -0.0345, 0.0341, -0.1874, 0.1593, 0.0434)
    [trial 7] 14 features, training_days=70 | threshold=0.564 | labels: 1104 long, 1089 short (50/50%)
    [trial 7] Sharpe=-0.0697 (folds: -0.1310, 0.1376, -0.2543, 0.0340, -0.1350)
    [trial 8] 14 features, training_days=440 | threshold=0.653 | labels: 1104 long, 1089 short (50/50%)
    [trial 8] Sharpe=-0.0451 (folds: -0.0311, -0.0675, -0.3502, 0.1946, 0.0286)
    [trial 9] 14 features, training_days=360 | threshold=0.728 | labels: 1104 long, 1089 short (50/50%)
    [trial 9] Sharpe=-0.1092 (folds: -0.2418, -0.0810, -0.2127, 0.1268, -0.1373)
  Optuna: 10 trials, best Sharpe = 0.0030
  Best params: n_estimators=249, max_depth=5, lr=0.0156, leaves=121
  Best confidence_threshold: 0.738
  Best training_days: 290
  Retrained on full data (870 samples, 14 features)
  Model trained for 2025-09: 90 test candles with features, confidence_threshold=0.738
[predict] 2025-09-18 00:00 LDOUSDT → LONG (proba=0.94 TP=10.4%/SL=5.2%)
[trade:open] 2025-09-18 07:59 LDOUSDT LONG @ 1.33 | SL=1.26 TP=1.47 | timeout=2025-09-25 07:59
[trade:close] 2025-09-19 15:59 LDOUSDT LONG → stop_loss @ 1.26 | PnL=-5.20% (net -5.30%) | cum=+72.97% 2025-09=-5.30% 2025-09-19=-5.30%
[lgbm] === Training for 2025-10 ===
  Train window: 2023-10-01 → 2025-10-01
  2193 training samples from 1 symbols
  Samples per month: 2023-10: 93, 2023-11: 90, 2023-12: 93, 2024-01: 93, 2024-02: 87, 2024-03: 93, 2024-04: 90, 2024-05: 93, 2024-06: 90, 2024-07: 93, 2024-08: 93, 2024-09: 90, 2024-10: 93, 2024-11: 90, 2024-12: 93, 2025-01: 93, 2025-02: 84, 2025-03: 93, 2025-04: 90, 2025-05: 93, 2025-06: 90, 2025-07: 93, 2025-08: 93, 2025-09: 90
  [label] 2023-12-02 08:00 LDOUSDT entry=2.3664 → LONG | long=sl(-6.06%) short=sl(-6.06%) | scanned=15 | no_tp→fwd_return=+0.8029
  [label] 2023-12-04 16:00 LDOUSDT entry=2.3891 → LONG | long=sl(-6.11%) short=sl(-6.11%) | scanned=9 | no_tp→fwd_return=+5.0186
  [label] 2023-12-08 08:00 LDOUSDT entry=2.4265 → SHORT | long=sl(-6.51%) short=tp(+12.73%) | scanned=8 | short_tp_only
  [label] 2024-01-02 08:00 LDOUSDT entry=2.9788 → LONG | long=sl(-7.80%) short=sl(-7.80%) | scanned=3 | no_tp→fwd_return=+9.1178
  [label] 2024-02-24 08:00 LDOUSDT entry=3.2359 → LONG | long=tp(+13.49%) short=sl(-6.89%) | scanned=7 | long_tp_only
  [label] 2024-08-10 08:00 LDOUSDT entry=1.0898 → SHORT | long=sl(-10.21%) short=timeout(+5.53%) | scanned=22 | no_tp→fwd_return=-5.6341
  [label] 2024-08-14 08:00 LDOUSDT entry=1.0792 → SHORT | long=sl(-8.66%) short=timeout(+1.76%) | scanned=22 | no_tp→fwd_return=-1.8625
  [label] 2024-08-25 00:00 LDOUSDT entry=1.2151 → SHORT | long=sl(-6.79%) short=tp(+13.28%) | scanned=9 | short_tp_only
  [label] 2024-10-09 08:00 LDOUSDT entry=1.0758 → LONG | long=timeout(+2.19%) short=sl(-6.63%) | scanned=22 | no_tp→fwd_return=+2.2867
  [label] 2024-10-18 00:00 LDOUSDT entry=1.1212 → SHORT | long=timeout(-4.41%) short=sl(-6.24%) | scanned=22 | no_tp→fwd_return=-4.3079
  [label] 2025-01-17 16:00 LDOUSDT entry=1.9924 → SHORT | long=sl(-7.43%) short=tp(+14.55%) | scanned=5 | short_tp_only
  [label] 2025-02-18 16:00 LDOUSDT entry=1.7471 → SHORT | long=sl(-10.06%) short=tp(+19.82%) | scanned=18 | short_tp_only
  [label] 2025-03-07 00:00 LDOUSDT entry=1.1639 → SHORT | long=sl(-11.36%) short=tp(+22.41%) | scanned=11 | short_tp_only
  [label] 2025-03-20 00:00 LDOUSDT entry=1.0089 → LONG | long=timeout(+4.46%) short=sl(-8.05%) | scanned=22 | no_tp→fwd_return=+4.5594
  [label] 2025-04-07 16:00 LDOUSDT entry=0.6923 → LONG | long=sl(-9.77%) short=sl(-9.77%) | scanned=14 | no_tp→fwd_return=+9.4757
  [label] 2025-04-14 00:00 LDOUSDT entry=0.7413 → LONG | long=sl(-8.04%) short=timeout(-1.13%) | scanned=22 | no_tp→fwd_return=+1.0252
  [label] 2025-04-26 08:00 LDOUSDT entry=0.8592 → SHORT | long=sl(-5.80%) short=timeout(+4.23%) | scanned=22 | no_tp→fwd_return=-4.3296
  [label] 2025-06-05 08:00 LDOUSDT entry=0.8433 → LONG | long=sl(-9.21%) short=sl(-9.21%) | scanned=15 | no_tp→fwd_return=+10.1387
  [label] 2025-06-15 08:00 LDOUSDT entry=0.8170 → SHORT | long=sl(-7.75%) short=tp(+15.21%) | scanned=18 | short_tp_only
  [label] 2025-09-10 08:00 LDOUSDT entry=1.2388 → SHORT | long=sl(-5.83%) short=sl(-5.83%) | scanned=15 | no_tp→fwd_return=-5.0533
  Labels: 1126 long (51.3%), 1067 short (48.7%) | weights: min=1.00, mean=4.52, max=10.00
  Features: 2193/2193 matched, 14 columns
  CV gap: 22 rows
    [trial 0] 14 features, training_days=230 | threshold=0.779 | labels: 1126 long, 1067 short (51/49%)
    [CV fold 0] train_end=2024-01-24 00:00 | val_start=2024-01-31 16:00 | gap=184h (22 rows)
    [CV fold 1] train_end=2024-05-24 16:00 | val_start=2024-06-01 08:00 | gap=184h (22 rows)
    [CV fold 2] train_end=2024-09-23 08:00 | val_start=2024-10-01 00:00 | gap=184h (22 rows)[I 2026-05-06 02:24:06,585] Trial 0 finished with value: -0.09014426800319994 and parameters: {'confidence_threshold': 0.7790993046299082, 'training_days': 230, 'n_estimators': 295, 'max_depth': 5, 'num_leaves': 83, 'learning_rate': 0.051543455158230854, 'subsample': 0.8773243492079463, 'min_child_samples': 10, 'reg_alpha': 0.034096514368237685, 'reg_lambda': 3.154180388637081e-05}. Best is trial 0 with value: -0.09014426800319994.
[I 2026-05-06 02:24:06,739] Trial 1 finished with value: -0.09267900501439255 and parameters: {'confidence_threshold': 0.6929247853618086, 'training_days': 410, 'n_estimators': 233, 'max_depth': 5, 'num_leaves': 108, 'learning_rate': 0.013724237108071606, 'subsample': 0.7013182233636002, 'min_child_samples': 94, 'reg_alpha': 2.4040959529260723e-06, 'reg_lambda': 5.320966582161148}. Best is trial 0 with value: -0.09014426800319994.
[I 2026-05-06 02:24:06,810] Trial 2 finished with value: -0.05495671561563968 and parameters: {'confidence_threshold': 0.546341527225763, 'training_days': 270, 'n_estimators': 120, 'max_depth': 4, 'num_leaves': 53, 'learning_rate': 0.060197068579343475, 'subsample': 0.588227873455941, 'min_child_samples': 91, 'reg_alpha': 2.3457771824819002e-08, 'reg_lambda': 1.1358840775642732e-08}. Best is trial 2 with value: -0.05495671561563968.
[I 2026-05-06 02:24:07,028] Trial 3 finished with value: -0.10083453678244755 and parameters: {'confidence_threshold': 0.6000319676300473, 'training_days': 270, 'n_estimators': 382, 'max_depth': 4, 'num_leaves': 44, 'learning_rate': 0.09185046765032388, 'subsample': 0.6743651508646724, 'min_child_samples': 77, 'reg_alpha': 0.0013974578104212739, 'reg_lambda': 8.97190257982477e-08}. Best is trial 2 with value: -0.05495671561563968.
[I 2026-05-06 02:24:07,435] Trial 4 finished with value: -0.06524838630432639 and parameters: {'confidence_threshold': 0.7642618789055509, 'training_days': 390, 'n_estimators': 464, 'max_depth': 5, 'num_leaves': 30, 'learning_rate': 0.024562383309704932, 'subsample': 0.8612975035964376, 'min_child_samples': 36, 'reg_alpha': 1.593999300080167, 'reg_lambda': 0.006081270362829788}. Best is trial 2 with value: -0.05495671561563968.
[I 2026-05-06 02:24:07,596] Trial 5 finished with value: -0.022431828456987796 and parameters: {'confidence_threshold': 0.6029115860358569, 'training_days': 60, 'n_estimators': 441, 'max_depth': 3, 'num_leaves': 66, 'learning_rate': 0.044953114425778824, 'subsample': 0.7098948461279406, 'min_child_samples': 15, 'reg_alpha': 4.888753565548431e-07, 'reg_lambda': 4.198190642566389}. Best is trial 5 with value: -0.022431828456987796.
[I 2026-05-06 02:24:07,840] Trial 6 finished with value: -0.0751593174025705 and parameters: {'confidence_threshold': 0.7376932868314098, 'training_days': 290, 'n_estimators': 249, 'max_depth': 5, 'num_leaves': 121, 'learning_rate': 0.015565840632862623, 'subsample': 0.8390183783709677, 'min_child_samples': 19, 'reg_alpha': 1.860444687368747e-08, 'reg_lambda': 2.7391483548058117e-06}. Best is trial 5 with value: -0.022431828456987796.
[I 2026-05-06 02:24:07,875] Trial 7 finished with value: -0.09471502365770026 and parameters: {'confidence_threshold': 0.563503962036334, 'training_days': 70, 'n_estimators': 63, 'max_depth': 3, 'num_leaves': 47, 'learning_rate': 0.18074927623018475, 'subsample': 0.5059692991701257, 'min_child_samples': 9, 'reg_alpha': 3.6945804405602874e-08, 'reg_lambda': 0.027706035542028905}. Best is trial 5 with value: -0.022431828456987796.
[I 2026-05-06 02:24:07,980] Trial 8 finished with value: -0.0729778171999898 and parameters: {'confidence_threshold': 0.6525471176758836, 'training_days': 440, 'n_estimators': 116, 'max_depth': 4, 'num_leaves': 115, 'learning_rate': 0.010229952960863938, 'subsample': 0.5062159465415076, 'min_child_samples': 54, 'reg_alpha': 6.790626457822126e-06, 'reg_lambda': 1.7869141074987722e-05}. Best is trial 5 with value: -0.022431828456987796.
[I 2026-05-06 02:24:08,084] Trial 9 finished with value: -0.04739873421662716 and parameters: {'confidence_threshold': 0.7277571993354469, 'training_days': 360, 'n_estimators': 75, 'max_depth': 5, 'num_leaves': 41, 'learning_rate': 0.014186743931212992, 'subsample': 0.7445187273047605, 'min_child_samples': 22, 'reg_alpha': 0.02393227447113315, 'reg_lambda': 0.009236766173618426}. Best is trial 5 with value: -0.022431828456987796.
[I 2026-05-06 02:24:08,480] A new study created in memory with name: no-name-4aaf6a59-50db-4f21-b2e9-0ef46d5c9cb7
[I 2026-05-06 02:24:08,733] Trial 0 finished with value: -0.04921577996189298 and parameters: {'confidence_threshold': 0.7790993046299082, 'training_days': 230, 'n_estimators': 295, 'max_depth': 5, 'num_leaves': 83, 'learning_rate': 0.051543455158230854, 'subsample': 0.8773243492079463, 'min_child_samples': 10, 'reg_alpha': 0.034096514368237685, 'reg_lambda': 3.154180388637081e-05}. Best is trial 0 with value: -0.04921577996189298.
[I 2026-05-06 02:24:08,874] Trial 1 finished with value: -0.042847932272315606 and parameters: {'confidence_threshold': 0.6929247853618086, 'training_days': 410, 'n_estimators': 233, 'max_depth': 5, 'num_leaves': 108, 'learning_rate': 0.013724237108071606, 'subsample': 0.7013182233636002, 'min_child_samples': 94, 'reg_alpha': 2.4040959529260723e-06, 'reg_lambda': 5.320966582161148}. Best is trial 1 with value: -0.042847932272315606.
[I 2026-05-06 02:24:08,934] Trial 2 finished with value: -0.031644688536817164 and parameters: {'confidence_threshold': 0.546341527225763, 'training_days': 270, 'n_estimators': 120, 'max_depth': 4, 'num_leaves': 53, 'learning_rate': 0.060197068579343475, 'subsample': 0.588227873455941, 'min_child_samples': 91, 'reg_alpha': 2.3457771824819002e-08, 'reg_lambda': 1.1358840775642732e-08}. Best is trial 2 with value: -0.031644688536817164.
[I 2026-05-06 02:24:09,123] Trial 3 finished with value: -0.027305035878826357 and parameters: {'confidence_threshold': 0.6000319676300473, 'training_days': 270, 'n_estimators': 382, 'max_depth': 4, 'num_leaves': 44, 'learning_rate': 0.09185046765032388, 'subsample': 0.6743651508646724, 'min_child_samples': 77, 'reg_alpha': 0.0013974578104212739, 'reg_lambda': 8.97190257982477e-08}. Best is trial 3 with value: -0.027305035878826357.
[I 2026-05-06 02:24:09,488] Trial 4 finished with value: 0.004646618478423753 and parameters: {'confidence_threshold': 0.7642618789055509, 'training_days': 390, 'n_estimators': 464, 'max_depth': 5, 'num_leaves': 30, 'learning_rate': 0.024562383309704932, 'subsample': 0.8612975035964376, 'min_child_samples': 36, 'reg_alpha': 1.593999300080167, 'reg_lambda': 0.006081270362829788}. Best is trial 4 with value: 0.004646618478423753.
[I 2026-05-06 02:24:09,639] Trial 5 finished with value: 0.008804286859492378 and parameters: {'confidence_threshold': 0.6029115860358569, 'training_days': 60, 'n_estimators': 441, 'max_depth': 3, 'num_leaves': 66, 'learning_rate': 0.044953114425778824, 'subsample': 0.7098948461279406, 'min_child_samples': 15, 'reg_alpha': 4.888753565548431e-07, 'reg_lambda': 4.198190642566389}. Best is trial 5 with value: 0.008804286859492378.
