[I 2026-05-06 02:21:45,264] Trial 0 finished with value: -0.091097937571367 and parameters: {'confidence_threshold': 0.7790993046299082, 'training_days': 230, 'n_estimators': 295, 'max_depth': 5, 'num_leaves': 83, 'learning_rate': 0.051543455158230854, 'subsample': 0.8773243492079463, 'min_child_samples': 10, 'reg_alpha': 0.034096514368237685, 'reg_lambda': 3.154180388637081e-05}. Best is trial 0 with value: -0.091097937571367.
[I 2026-05-06 02:21:45,411] Trial 1 finished with value: 0.07438775438171459 and parameters: {'confidence_threshold': 0.6929247853618086, 'training_days': 410, 'n_estimators': 233, 'max_depth': 5, 'num_leaves': 108, 'learning_rate': 0.013724237108071606, 'subsample': 0.7013182233636002, 'min_child_samples': 94, 'reg_alpha': 2.4040959529260723e-06, 'reg_lambda': 5.320966582161148}. Best is trial 1 with value: 0.07438775438171459.
[I 2026-05-06 02:21:45,484] Trial 2 finished with value: -0.037263451172424175 and parameters: {'confidence_threshold': 0.546341527225763, 'training_days': 270, 'n_estimators': 120, 'max_depth': 4, 'num_leaves': 53, 'learning_rate': 0.060197068579343475, 'subsample': 0.588227873455941, 'min_child_samples': 91, 'reg_alpha': 2.3457771824819002e-08, 'reg_lambda': 1.1358840775642732e-08}. Best is trial 1 with value: 0.07438775438171459.
[I 2026-05-06 02:21:45,691] Trial 3 finished with value: -0.04513663911502191 and parameters: {'confidence_threshold': 0.6000319676300473, 'training_days': 270, 'n_estimators': 382, 'max_depth': 4, 'num_leaves': 44, 'learning_rate': 0.09185046765032388, 'subsample': 0.6743651508646724, 'min_child_samples': 77, 'reg_alpha': 0.0013974578104212739, 'reg_lambda': 8.97190257982477e-08}. Best is trial 1 with value: 0.07438775438171459.
[I 2026-05-06 02:21:46,053] Trial 4 finished with value: -0.04621642034417152 and parameters: {'confidence_threshold': 0.7642618789055509, 'training_days': 390, 'n_estimators': 464, 'max_depth': 5, 'num_leaves': 30, 'learning_rate': 0.024562383309704932, 'subsample': 0.8612975035964376, 'min_child_samples': 36, 'reg_alpha': 1.593999300080167, 'reg_lambda': 0.006081270362829788}. Best is trial 1 with value: 0.07438775438171459.
[I 2026-05-06 02:21:46,195] Trial 5 finished with value: 0.021534267878606954 and parameters: {'confidence_threshold': 0.6029115860358569, 'training_days': 60, 'n_estimators': 441, 'max_depth': 3, 'num_leaves': 66, 'learning_rate': 0.044953114425778824, 'subsample': 0.7098948461279406, 'min_child_samples': 15, 'reg_alpha': 4.888753565548431e-07, 'reg_lambda': 4.198190642566389}. Best is trial 1 with value: 0.07438775438171459.
[I 2026-05-06 02:21:46,421] Trial 6 finished with value: -0.06744849307321911 and parameters: {'confidence_threshold': 0.7376932868314098, 'training_days': 290, 'n_estimators': 249, 'max_depth': 5, 'num_leaves': 121, 'learning_rate': 0.015565840632862623, 'subsample': 0.8390183783709677, 'min_child_samples': 19, 'reg_alpha': 1.860444687368747e-08, 'reg_lambda': 2.7391483548058117e-06}. Best is trial 1 with value: 0.07438775438171459.
[I 2026-05-06 02:21:46,456] Trial 7 finished with value: 0.007189455220951939 and parameters: {'confidence_threshold': 0.563503962036334, 'training_days': 70, 'n_estimators': 63, 'max_depth': 3, 'num_leaves': 47, 'learning_rate': 0.18074927623018475, 'subsample': 0.5059692991701257, 'min_child_samples': 9, 'reg_alpha': 3.6945804405602874e-08, 'reg_lambda': 0.027706035542028905}. Best is trial 1 with value: 0.07438775438171459.
[I 2026-05-06 02:21:46,554] Trial 8 finished with value: -0.021044075467925062 and parameters: {'confidence_threshold': 0.6525471176758836, 'training_days': 440, 'n_estimators': 116, 'max_depth': 4, 'num_leaves': 115, 'learning_rate': 0.010229952960863938, 'subsample': 0.5062159465415076, 'min_child_samples': 54, 'reg_alpha': 6.790626457822126e-06, 'reg_lambda': 1.7869141074987722e-05}. Best is trial 1 with value: 0.07438775438171459.
[I 2026-05-06 02:21:46,645] Trial 9 finished with value: -0.14156830618189026 and parameters: {'confidence_threshold': 0.7277571993354469, 'training_days': 360, 'n_estimators': 75, 'max_depth': 5, 'num_leaves': 41, 'learning_rate': 0.014186743931212992, 'subsample': 0.7445187273047605, 'min_child_samples': 22, 'reg_alpha': 0.02393227447113315, 'reg_lambda': 0.009236766173618426}. Best is trial 1 with value: 0.07438775438171459.

  [label] 2023-09-01 08:00 BCHUSDT entry=202.4000 → SHORT | long=sl(-5.65%) short=timeout(+5.23%) | scanned=22 | no_tp→fwd_return=-5.3261
  [label] 2023-09-03 16:00 BCHUSDT entry=196.0200 → SHORT | long=sl(-5.36%) short=timeout(+2.85%) | scanned=22 | no_tp→fwd_return=-2.9538
  [label] 2023-09-07 08:00 BCHUSDT entry=190.5200 → LONG | long=sl(-4.54%) short=sl(-4.54%) | scanned=15 | no_tp→fwd_return=+3.5482
  [label] 2023-10-02 08:00 BCHUSDT entry=249.3800 → SHORT | long=sl(-4.42%) short=tp(+8.55%) | scanned=4 | short_tp_only
  [label] 2023-11-24 08:00 BCHUSDT entry=227.7100 → SHORT | long=timeout(-1.86%) short=timeout(+1.66%) | scanned=22 | no_tp→fwd_return=-1.7566
  [label] 2024-05-10 08:00 BCHUSDT entry=426.8700 → LONG | long=tp(+11.76%) short=sl(-6.03%) | scanned=21 | long_tp_only
  [label] 2024-05-14 08:00 BCHUSDT entry=434.0500 → LONG | long=tp(+9.31%) short=sl(-4.80%) | scanned=9 | long_tp_only
  [label] 2024-05-25 00:00 BCHUSDT entry=496.3000 → SHORT | long=sl(-4.94%) short=tp(+9.58%) | scanned=20 | short_tp_only
  [label] 2024-07-09 08:00 BCHUSDT entry=332.5700 → LONG | long=tp(+12.79%) short=sl(-6.55%) | scanned=11 | long_tp_only
  [label] 2024-07-18 00:00 BCHUSDT entry=378.6800 → SHORT | long=sl(-5.69%) short=sl(-5.69%) | scanned=21 | no_tp→fwd_return=-7.1010
  [label] 2024-10-17 16:00 BCHUSDT entry=369.4100 → SHORT | long=sl(-4.60%) short=timeout(+0.34%) | scanned=22 | no_tp→fwd_return=-0.4412
  [label] 2024-11-18 16:00 BCHUSDT entry=452.7700 → LONG | long=tp(+15.58%) short=sl(-7.94%) | scanned=7 | long_tp_only
  [label] 2024-12-05 00:00 BCHUSDT entry=620.5400 → SHORT | long=sl(-7.98%) short=tp(+15.67%) | scanned=14 | short_tp_only
  [label] 2024-12-18 00:00 BCHUSDT entry=520.7300 → SHORT | long=sl(-7.02%) short=tp(+13.74%) | scanned=5 | short_tp_only
  [label] 2025-01-05 16:00 BCHUSDT entry=470.9400 → SHORT | long=sl(-4.44%) short=tp(+8.58%) | scanned=7 | short_tp_only
  [label] 2025-01-12 00:00 BCHUSDT entry=441.4400 → SHORT | long=sl(-4.78%) short=sl(-4.78%) | scanned=4 | no_tp→fwd_return=-5.8354
  [label] 2025-01-24 08:00 BCHUSDT entry=438.7900 → LONG | long=sl(-6.05%) short=timeout(-1.15%) | scanned=22 | no_tp→fwd_return=+1.0529
  [label] 2025-03-05 08:00 BCHUSDT entry=389.6200 → SHORT | long=sl(-7.67%) short=sl(-7.67%) | scanned=13 | no_tp→fwd_return=-8.2953
  [label] 2025-03-15 08:00 BCHUSDT entry=339.9100 → SHORT | long=timeout(-5.45%) short=timeout(+5.25%) | scanned=22 | no_tp→fwd_return=-5.3514
  [label] 2025-06-10 08:00 BCHUSDT entry=428.6500 → SHORT | long=sl(-3.82%) short=sl(-3.82%) | scanned=8 | no_tp→fwd_return=-2.9931
  Labels: 1058 long (48.2%), 1135 short (51.8%) | weights: min=1.00, mean=4.04, max=10.00
  Features: 2193/2193 matched, 14 columns
  CV gap: 22 rows
    [trial 0] 14 features, training_days=230 | threshold=0.779 | labels: 1058 long, 1135 short (48/52%)
    [CV fold 0] train_end=2023-10-24 00:00 | val_start=2023-10-31 16:00 | gap=184h (22 rows)
    [CV fold 1] train_end=2024-02-22 16:00 | val_start=2024-03-01 08:00 | gap=184h (22 rows)
    [CV fold 2] train_end=2024-06-23 08:00 | val_start=2024-07-01 00:00 | gap=184h (22 rows)
    [CV fold 3] train_end=2024-10-23 00:00 | val_start=2024-10-30 16:00 | gap=184h (22 rows)
    [CV fold 4] train_end=2025-02-21 16:00 | val_start=2025-03-01 08:00 | gap=184h (22 rows)
    [trial 0] Sharpe=-0.0911 (folds: -0.1586, -0.0536, -0.1265, -0.0172, -0.0995)
    [trial 1] 14 features, training_days=410 | threshold=0.693 | labels: 1058 long, 1135 short (48/52%)
    [trial 1] Sharpe=0.0744 (folds: 0.0123, -0.0682, 0.4411, -0.3274, 0.3142)
    [trial 2] 14 features, training_days=270 | threshold=0.546 | labels: 1058 long, 1135 short (48/52%)
    [trial 2] Sharpe=-0.0373 (folds: -0.0848, -0.0449, -0.0094, -0.0773, 0.0300)
    [trial 3] 14 features, training_days=270 | threshold=0.600 | labels: 1058 long, 1135 short (48/52%)
    [trial 3] Sharpe=-0.0451 (folds: -0.1178, -0.0448, 0.0368, -0.1204, 0.0207)
    [trial 4] 14 features, training_days=390 | threshold=0.764 | labels: 1058 long, 1135 short (48/52%)
    [trial 4] Sharpe=-0.0462 (folds: -0.0486, -0.0283, 0.1305, -0.4049, 0.1202)
    [trial 5] 14 features, training_days=60 | threshold=0.603 | labels: 1058 long, 1135 short (48/52%)
    [trial 5] Sharpe=0.0215 (folds: 0.1172, 0.0433, 0.0834, -0.0940, -0.0422)
    [trial 6] 14 features, training_days=290 | threshold=0.738 | labels: 1058 long, 1135 short (48/52%)
    [trial 6] Sharpe=-0.0674 (folds: -0.0284, -0.0635, -0.0263, -0.3027, 0.0836)
    [trial 7] 14 features, training_days=70 | threshold=0.564 | labels: 1058 long, 1135 short (48/52%)
    [trial 7] Sharpe=0.0072 (folds: 0.0730, -0.0120, -0.1623, 0.1492, -0.0119)
    [trial 8] 14 features, training_days=440 | threshold=0.653 | labels: 1058 long, 1135 short (48/52%)
    [trial 8] Sharpe=-0.0210 (folds: 0.0351, -0.0410, 0.5943, -0.3364, -0.3573)
    [trial 9] 14 features, training_days=360 | threshold=0.728 | labels: 1058 long, 1135 short (48/52%)
    [trial 9] Sharpe=-0.1416 (folds: 0.0399, 0.0154, -0.6218, -0.3450, 0.2037)
  Optuna: 10 trials, best Sharpe = 0.0744
  Best params: n_estimators=233, max_depth=5, lr=0.0137, leaves=108
  Best confidence_threshold: 0.693
  Best training_days: 410
  Retrained on full data (1230 samples, 14 features)
  Model trained for 2025-07: 93 test candles with features, confidence_threshold=0.693
[trade:close] 2025-07-04 00:00 BCHUSDT LONG → timeout @ 496.05 | PnL=+1.51% (net +1.41%) | cum=+3.41% 2025-07=+1.41% 2025-07-04=+1.41%
[predict] 2025-07-05 08:00 BCHUSDT → LONG (proba=0.84 TP=8.9%/SL=4.4%)
[trade:open] 2025-07-05 15:59 BCHUSDT LONG @ 481.27 | SL=459.89 TP=524.04 | timeout=2025-07-12 15:59
[trade:close] 2025-07-11 07:59 BCHUSDT LONG → take_profit @ 524.04 | PnL=+8.89% (net +8.79%) | cum=+12.19% 2025-07=+10.20% 2025-07-11=+8.79%
[predict] 2025-07-12 16:00 BCHUSDT → LONG (proba=0.71 TP=7.9%/SL=4.0%)
[trade:open] 2025-07-12 23:59 BCHUSDT LONG @ 505.85 | SL=485.78 TP=545.99 | timeout=2025-07-19 23:59
[trade:close] 2025-07-15 15:59 BCHUSDT LONG → stop_loss @ 485.78 | PnL=-3.97% (net -4.07%) | cum=+8.12% 2025-07=+6.13% 2025-07-15=-4.07%
[predict] 2025-07-19 16:00 BCHUSDT → SHORT (proba=0.72 TP=8.9%/SL=4.5%)
[trade:open] 2025-07-19 23:59 BCHUSDT SHORT @ 513.00 | SL=535.87 TP=467.25 | timeout=2025-07-26 23:59
[trade:close] 2025-07-20 15:59 BCHUSDT SHORT → stop_loss @ 535.87 | PnL=-4.46% (net -4.56%) | cum=+3.57% 2025-07=+1.57% 2025-07-20=-4.56%
[predict] 2025-07-22 00:00 BCHUSDT → SHORT (proba=0.70 TP=9.2%/SL=4.6%)
[trade:open] 2025-07-22 07:59 BCHUSDT SHORT @ 520.64 | SL=544.64 TP=472.64 | timeout=2025-07-29 07:59
[trade:close] 2025-07-25 15:59 BCHUSDT SHORT → stop_loss @ 544.64 | PnL=-4.61% (net -4.71%) | cum=-1.14% 2025-07=-3.14% 2025-07-25=-4.71%
[lgbm] === Training for 2025-08 ===
  Train window: 2023-08-01 → 2025-08-01
  2193 training samples from 1 symbols
  Samples per month: 2023-08: 93, 2023-09: 90, 2023-10: 93, 2023-11: 90, 2023-12: 93, 2024-01: 93, 2024-02: 87, 2024-03: 93, 2024-04: 90, 2024-05: 93, 2024-06: 90, 2024-07: 93, 2024-08: 93, 2024-09: 90, 2024-10: 93, 2024-11: 90, 2024-12: 93, 2025-01: 93, 2025-02: 84, 2025-03: 93, 2025-04: 90, 2025-05: 93, 2025-06: 90, 2025-07: 93
  [label] 2023-10-02 08:00 BCHUSDT entry=249.3800 → SHORT | long=sl(-4.42%) short=tp(+8.55%) | scanned=4 | short_tp_only
  [label] 2023-10-04 16:00 BCHUSDT entry=232.9000 → SHORT | long=sl(-4.92%) short=tp(+9.54%) | scanned=14 | short_tp_only
  [label] 2023-10-08 08:00 BCHUSDT entry=228.9800 → SHORT | long=sl(-4.39%) short=tp(+8.48%) | scanned=8 | short_tp_only
  [label] 2023-11-02 08:00 BCHUSDT entry=234.6100 → LONG | long=tp(+9.58%) short=sl(-4.94%) | scanned=21 | long_tp_only
  [label] 2023-12-25 08:00 BCHUSDT entry=235.1500 → LONG | long=sl(-3.77%) short=sl(-3.77%) | scanned=6 | no_tp→fwd_return=+6.8297
  [label] 2024-06-10 08:00 BCHUSDT entry=473.1300 → SHORT | long=sl(-4.20%) short=tp(+8.10%) | scanned=3 | short_tp_only
  [label] 2024-06-14 08:00 BCHUSDT entry=423.9100 → SHORT | long=sl(-5.06%) short=tp(+9.83%) | scanned=11 | short_tp_only
  [label] 2024-06-25 00:00 BCHUSDT entry=371.0100 → LONG | long=timeout(+4.16%) short=sl(-6.09%) | scanned=22 | no_tp→fwd_return=+4.2559[I 2026-05-06 02:21:46,933] A new study created in memory with name: no-name-d7836cb5-a1e3-4b3e-94c0-d5f2a7f643b6
[I 2026-05-06 02:21:47,197] Trial 0 finished with value: -0.023296512989896257 and parameters: {'confidence_threshold': 0.7790993046299082, 'training_days': 230, 'n_estimators': 295, 'max_depth': 5, 'num_leaves': 83, 'learning_rate': 0.051543455158230854, 'subsample': 0.8773243492079463, 'min_child_samples': 10, 'reg_alpha': 0.034096514368237685, 'reg_lambda': 3.154180388637081e-05}. Best is trial 0 with value: -0.023296512989896257.
[I 2026-05-06 02:21:47,339] Trial 1 finished with value: -0.040024763824064724 and parameters: {'confidence_threshold': 0.6929247853618086, 'training_days': 410, 'n_estimators': 233, 'max_depth': 5, 'num_leaves': 108, 'learning_rate': 0.013724237108071606, 'subsample': 0.7013182233636002, 'min_child_samples': 94, 'reg_alpha': 2.4040959529260723e-06, 'reg_lambda': 5.320966582161148}. Best is trial 0 with value: -0.023296512989896257.
[I 2026-05-06 02:21:47,395] Trial 2 finished with value: -0.020454813412369162 and parameters: {'confidence_threshold': 0.546341527225763, 'training_days': 270, 'n_estimators': 120, 'max_depth': 4, 'num_leaves': 53, 'learning_rate': 0.060197068579343475, 'subsample': 0.588227873455941, 'min_child_samples': 91, 'reg_alpha': 2.3457771824819002e-08, 'reg_lambda': 1.1358840775642732e-08}. Best is trial 2 with value: -0.020454813412369162.
[I 2026-05-06 02:21:47,567] Trial 3 finished with value: -0.022140613251394166 and parameters: {'confidence_threshold': 0.6000319676300473, 'training_days': 270, 'n_estimators': 382, 'max_depth': 4, 'num_leaves': 44, 'learning_rate': 0.09185046765032388, 'subsample': 0.6743651508646724, 'min_child_samples': 77, 'reg_alpha': 0.0013974578104212739, 'reg_lambda': 8.97190257982477e-08}. Best is trial 2 with value: -0.020454813412369162.
[I 2026-05-06 02:21:47,908] Trial 4 finished with value: -0.09270483430317633 and parameters: {'confidence_threshold': 0.7642618789055509, 'training_days': 390, 'n_estimators': 464, 'max_depth': 5, 'num_leaves': 30, 'learning_rate': 0.024562383309704932, 'subsample': 0.8612975035964376, 'min_child_samples': 36, 'reg_alpha': 1.593999300080167, 'reg_lambda': 0.006081270362829788}. Best is trial 2 with value: -0.020454813412369162.
[I 2026-05-06 02:21:48,051] Trial 5 finished with value: -0.15978817214771512 and parameters: {'confidence_threshold': 0.6029115860358569, 'training_days': 60, 'n_estimators': 441, 'max_depth': 3, 'num_leaves': 66, 'learning_rate': 0.044953114425778824, 'subsample': 0.7098948461279406, 'min_child_samples': 15, 'reg_alpha': 4.888753565548431e-07, 'reg_lambda': 4.198190642566389}. Best is trial 2 with value: -0.020454813412369162.
[I 2026-05-06 02:21:48,266] Trial 6 finished with value: -0.12648257380170147 and parameters: {'confidence_threshold': 0.7376932868314098, 'training_days': 290, 'n_estimators': 249, 'max_depth': 5, 'num_leaves': 121, 'learning_rate': 0.015565840632862623, 'subsample': 0.8390183783709677, 'min_child_samples': 19, 'reg_alpha': 1.860444687368747e-08, 'reg_lambda': 2.7391483548058117e-06}. Best is trial 2 with value: -0.020454813412369162.
[I 2026-05-06 02:21:48,302] Trial 7 finished with value: -0.1508265814156094 and parameters: {'confidence_threshold': 0.563503962036334, 'training_days': 70, 'n_estimators': 63, 'max_depth': 3, 'num_leaves': 47, 'learning_rate': 0.18074927623018475, 'subsample': 0.5059692991701257, 'min_child_samples': 9, 'reg_alpha': 3.6945804405602874e-08, 'reg_lambda': 0.027706035542028905}. Best is trial 2 with value: -0.020454813412369162.
[I 2026-05-06 02:21:48,381] Trial 8 finished with value: -0.029863895808949725 and parameters: {'confidence_threshold': 0.6525471176758836, 'training_days': 440, 'n_estimators': 116, 'max_depth': 4, 'num_leaves': 115, 'learning_rate': 0.010229952960863938, 'subsample': 0.5062159465415076, 'min_child_samples': 54, 'reg_alpha': 6.790626457822126e-06, 'reg_lambda': 1.7869141074987722e-05}. Best is trial 2 with value: -0.020454813412369162.
