[I 2026-05-06 02:20:47,930] Trial 9 finished with value: -2.042856376189889 and parameters: {'confidence_threshold': 0.7277571993354469, 'training_days': 360, 'n_estimators': 75, 'max_depth': 5, 'num_leaves': 41, 'learning_rate': 0.014186743931212992, 'subsample': 0.7445187273047605, 'min_child_samples': 22, 'reg_alpha': 0.02393227447113315, 'reg_lambda': 0.009236766173618426}. Best is trial 7 with value: 0.07863761030828739.

    [trial 6] Sharpe=-0.0536 (folds: 0.4796, -0.2055, -0.0845, -0.3244, -0.1335)
    [trial 7] 14 features, training_days=70 | threshold=0.564 | labels: 1045 long, 1145 short (48/52%)
    [trial 7] Sharpe=0.0221 (folds: 0.3823, -0.3313, -0.0652, 0.1950, -0.0706)
    [trial 8] 14 features, training_days=440 | threshold=0.653 | labels: 1045 long, 1145 short (48/52%)
    [trial 8] Sharpe=-0.0957 (folds: 0.0668, -0.2522, 0.0837, -0.3646, -0.0122)
    [trial 9] 14 features, training_days=360 | threshold=0.728 | labels: 1045 long, 1145 short (48/52%)
    [trial 9] Sharpe=0.1365 (folds: 0.4248, -0.3041, 0.1231, -0.0459, 0.4847)
  Optuna: 10 trials, best Sharpe = 0.1365
  Best params: n_estimators=75, max_depth=5, lr=0.0142, leaves=41
  Best confidence_threshold: 0.728
  Best training_days: 360
  Retrained on full data (1080 samples, 14 features)
  Model trained for 2022-09: 90 test candles with features, confidence_threshold=0.728
[predict] 2022-09-09 00:00 BCHUSDT → SHORT (proba=0.87 TP=10.9%/SL=5.5%)
[trade:open] 2022-09-09 07:59 BCHUSDT SHORT @ 128.96 | SL=136.01 TP=114.85 | timeout=2022-09-16 07:59
[trade:close] 2022-09-09 15:59 BCHUSDT SHORT → stop_loss @ 136.01 | PnL=-5.47% (net -5.57%) | cum=+2.37% 2022-09=-5.57% 2022-09-09=-5.57%
[predict] 2022-09-11 00:00 BCHUSDT → SHORT (proba=0.85 TP=10.9%/SL=5.5%)
[trade:open] 2022-09-11 07:59 BCHUSDT SHORT @ 130.13 | SL=137.25 TP=115.90 | timeout=2022-09-18 07:59
[trade:close] 2022-09-13 23:59 BCHUSDT SHORT → take_profit @ 115.90 | PnL=+10.94% (net +10.84%) | cum=+13.20% 2022-09=+5.27% 2022-09-13=+10.84%
[predict] 2022-09-15 08:00 BCHUSDT → SHORT (proba=0.82 TP=12.5%/SL=6.2%)
[trade:open] 2022-09-15 15:59 BCHUSDT SHORT @ 118.30 | SL=125.69 TP=103.52 | timeout=2022-09-22 15:59
[trade:close] 2022-09-22 16:00 BCHUSDT SHORT → timeout @ 115.08 | PnL=+2.72% (net +2.62%) | cum=+15.83% 2022-09=+7.89% 2022-09-22=+2.62%
[lgbm] === Training for 2022-10 ===
  Train window: 2020-10-01 → 2022-10-01
  2190 training samples from 1 symbols
  Samples per month: 2020-10: 93, 2020-11: 90, 2020-12: 93, 2021-01: 93, 2021-02: 84, 2021-03: 93, 2021-04: 90, 2021-05: 93, 2021-06: 90, 2021-07: 93, 2021-08: 93, 2021-09: 90, 2021-10: 93, 2021-11: 90, 2021-12: 93, 2022-01: 93, 2022-02: 84, 2022-03: 93, 2022-04: 90, 2022-05: 93, 2022-06: 90, 2022-07: 93, 2022-08: 93, 2022-09: 90
  [label] 2020-12-02 08:00 BCHUSDT entry=289.2800 → SHORT | long=sl(-9.74%) short=timeout(+7.84%) | scanned=22 | no_tp→fwd_return=-7.9369
  [label] 2020-12-04 08:00 BCHUSDT entry=288.6800 → SHORT | long=sl(-9.13%) short=timeout(+9.44%) | scanned=22 | no_tp→fwd_return=-9.5365
  [label] 2020-12-08 08:00 BCHUSDT entry=274.0300 → LONG | long=timeout(+6.80%) short=timeout(-7.00%) | scanned=22 | no_tp→fwd_return=+6.9007
  [label] 2021-01-02 08:00 BCHUSDT entry=354.7700 → LONG | long=tp(+16.14%) short=sl(-8.22%) | scanned=4 | long_tp_only
  [label] 2021-02-24 08:00 BCHUSDT entry=532.9600 → LONG | long=sl(-15.66%) short=timeout(-0.48%) | scanned=22 | no_tp→fwd_return=+0.3790
  [label] 2021-08-10 16:00 BCHUSDT entry=592.3800 → LONG | long=tp(+10.05%) short=sl(-5.18%) | scanned=9 | long_tp_only
  [label] 2021-08-15 00:00 BCHUSDT entry=679.8600 → SHORT | long=sl(-5.29%) short=sl(-5.29%) | scanned=8 | no_tp→fwd_return=-5.8747
  [label] 2021-08-25 16:00 BCHUSDT entry=650.5900 → LONG | long=sl(-5.18%) short=sl(-5.18%) | scanned=10 | no_tp→fwd_return=+4.1301
  [label] 2021-10-10 00:00 BCHUSDT entry=620.3600 → LONG | long=sl(-5.26%) short=sl(-5.26%) | scanned=20 | no_tp→fwd_return=+0.9349
  [label] 2021-10-18 16:00 BCHUSDT entry=611.7900 → LONG | long=timeout(+1.55%) short=sl(-4.92%) | scanned=22 | no_tp→fwd_return=+1.6509
  [label] 2022-01-18 00:00 BCHUSDT entry=383.8800 → SHORT | long=sl(-4.17%) short=tp(+8.03%) | scanned=9 | short_tp_only
  [label] 2022-02-19 00:00 BCHUSDT entry=314.2600 → SHORT | long=sl(-5.31%) short=tp(+10.33%) | scanned=9 | short_tp_only
  [label] 2022-03-07 08:00 BCHUSDT entry=288.6800 → LONG | long=sl(-5.89%) short=sl(-5.89%) | scanned=6 | no_tp→fwd_return=+6.4916
  [label] 2022-03-20 08:00 BCHUSDT entry=320.0800 → LONG | long=tp(+8.22%) short=sl(-4.26%) | scanned=5 | long_tp_only
  [label] 2022-04-08 00:00 BCHUSDT entry=336.9200 → SHORT | long=sl(-5.44%) short=tp(+10.58%) | scanned=10 | short_tp_only
  [label] 2022-04-14 08:00 BCHUSDT entry=333.3400 → LONG | long=sl(-5.49%) short=timeout(-1.37%) | scanned=22 | no_tp→fwd_return=+1.2750
  [label] 2022-04-26 16:00 BCHUSDT entry=295.8500 → SHORT | long=sl(-5.27%) short=sl(-5.27%) | scanned=12 | no_tp→fwd_return=-6.2498
  [label] 2022-06-05 16:00 BCHUSDT entry=179.8100 → SHORT | long=sl(-6.58%) short=tp(+12.86%) | scanned=17 | short_tp_only
  [label] 2022-06-15 16:00 BCHUSDT entry=127.8700 → SHORT | long=sl(-11.29%) short=timeout(+11.77%) | scanned=22 | no_tp→fwd_return=-11.8714
  [label] 2022-09-10 08:00 BCHUSDT entry=132.8900 → SHORT | long=sl(-5.52%) short=tp(+10.73%) | scanned=10 | short_tp_only
  Labels: 1044 long (47.7%), 1146 short (52.3%) | weights: min=1.00, mean=3.37, max=10.00
  Features: 2190/2190 matched, 14 columns
  CV gap: 22 rows
    [trial 0] 14 features, training_days=230 | threshold=0.779 | labels: 1044 long, 1146 short (48/52%)
    [CV fold 0] train_end=2021-01-23 00:00 | val_start=2021-01-30 16:00 | gap=184h (22 rows)
    [CV fold 1] train_end=2021-05-24 16:00 | val_start=2021-06-01 08:00 | gap=184h (22 rows)
    [CV fold 2] train_end=2021-09-23 08:00 | val_start=2021-10-01 00:00 | gap=184h (22 rows)
    [CV fold 3] train_end=2022-01-23 00:00 | val_start=2022-01-30 16:00 | gap=184h (22 rows)
    [CV fold 4] train_end=2022-05-24 16:00 | val_start=2022-06-01 08:00 | gap=184h (22 rows)
    [trial 0] Sharpe=0.0590 (folds: 0.1875, -0.1035, 0.0820, -0.0443, 0.1734)
    [trial 1] 14 features, training_days=410 | threshold=0.693 | labels: 1044 long, 1146 short (48/52%)
    [trial 1] Sharpe=-0.0140 (folds: 0.2341, -0.2197, -0.1888, 0.0278, 0.0766)
    [trial 2] 14 features, training_days=270 | threshold=0.546 | labels: 1044 long, 1146 short (48/52%)
    [trial 2] Sharpe=-0.0765 (folds: 0.1162, -0.1950, -0.0859, -0.2351, 0.0173)
    [trial 3] 14 features, training_days=270 | threshold=0.600 | labels: 1044 long, 1146 short (48/52%)
    [trial 3] Sharpe=-0.0905 (folds: -0.0402, -0.0698, -0.1253, -0.1684, -0.0488)
    [trial 4] 14 features, training_days=390 | threshold=0.764 | labels: 1044 long, 1146 short (48/52%)
    [trial 4] Sharpe=-0.0577 (folds: 0.0573, -0.1095, -0.1911, -0.1687, 0.1237)
    [trial 5] 14 features, training_days=60 | threshold=0.603 | labels: 1044 long, 1146 short (48/52%)
    [trial 5] Sharpe=0.0755 (folds: 0.0597, 0.1463, -0.1447, 0.1448, 0.1715)
    [trial 6] 14 features, training_days=290 | threshold=0.738 | labels: 1044 long, 1146 short (48/52%)
    [trial 6] Sharpe=-0.0760 (folds: 0.2220, -0.1858, -0.0879, -0.3224, -0.0056)
    [trial 7] 14 features, training_days=70 | threshold=0.564 | labels: 1044 long, 1146 short (48/52%)
    [trial 7] Sharpe=0.0786 (folds: 0.1694, -0.0574, -0.1214, 0.2567, 0.1458)
    [trial 8] 14 features, training_days=440 | threshold=0.653 | labels: 1044 long, 1146 short (48/52%)
    [trial 8] Sharpe=-0.0039 (folds: 0.1885, -0.2743, -0.2120, 0.1994, 0.0791)
    [trial 9] 14 features, training_days=360 | threshold=0.728 | labels: 1044 long, 1146 short (48/52%)
    [trial 9] Sharpe=-2.0429 (folds: 0.2242, -0.2288, -0.1872, -10.0000, -0.0225)
  Optuna: 10 trials, best Sharpe = 0.0786
  Best params: n_estimators=63, max_depth=3, lr=0.1807, leaves=47
  Best confidence_threshold: 0.564
  Best training_days: 70
  Retrained on full data (210 samples, 14 features)
  Model trained for 2022-10: 93 test candles with features, confidence_threshold=0.564
[lgbm] === Training for 2022-11 ===
  Train window: 2020-11-01 → 2022-11-01
  2190 training samples from 1 symbols
  Samples per month: 2020-11: 90, 2020-12: 93, 2021-01: 93, 2021-02: 84, 2021-03: 93, 2021-04: 90, 2021-05: 93, 2021-06: 90, 2021-07: 93, 2021-08: 93, 2021-09: 90, 2021-10: 93, 2021-11: 90, 2021-12: 93, 2022-01: 93, 2022-02: 84, 2022-03: 93, 2022-04: 90, 2022-05: 93, 2022-06: 90, 2022-07: 93, 2022-08: 93, 2022-09: 90, 2022-10: 93[I 2026-05-06 02:20:48,100] A new study created in memory with name: no-name-37af5c88-f94e-4829-ac8d-ee5b132f75e6
[I 2026-05-06 02:20:48,363] Trial 0 finished with value: -0.10153594476396048 and parameters: {'confidence_threshold': 0.7790993046299082, 'training_days': 230, 'n_estimators': 295, 'max_depth': 5, 'num_leaves': 83, 'learning_rate': 0.051543455158230854, 'subsample': 0.8773243492079463, 'min_child_samples': 10, 'reg_alpha': 0.034096514368237685, 'reg_lambda': 3.154180388637081e-05}. Best is trial 0 with value: -0.10153594476396048.
[I 2026-05-06 02:20:48,500] Trial 1 finished with value: -0.11016706439218597 and parameters: {'confidence_threshold': 0.6929247853618086, 'training_days': 410, 'n_estimators': 233, 'max_depth': 5, 'num_leaves': 108, 'learning_rate': 0.013724237108071606, 'subsample': 0.7013182233636002, 'min_child_samples': 94, 'reg_alpha': 2.4040959529260723e-06, 'reg_lambda': 5.320966582161148}. Best is trial 0 with value: -0.10153594476396048.
[I 2026-05-06 02:20:48,558] Trial 2 finished with value: -0.14764752142025364 and parameters: {'confidence_threshold': 0.546341527225763, 'training_days': 270, 'n_estimators': 120, 'max_depth': 4, 'num_leaves': 53, 'learning_rate': 0.060197068579343475, 'subsample': 0.588227873455941, 'min_child_samples': 91, 'reg_alpha': 2.3457771824819002e-08, 'reg_lambda': 1.1358840775642732e-08}. Best is trial 0 with value: -0.10153594476396048.
[I 2026-05-06 02:20:48,738] Trial 3 finished with value: -0.14744066363987002 and parameters: {'confidence_threshold': 0.6000319676300473, 'training_days': 270, 'n_estimators': 382, 'max_depth': 4, 'num_leaves': 44, 'learning_rate': 0.09185046765032388, 'subsample': 0.6743651508646724, 'min_child_samples': 77, 'reg_alpha': 0.0013974578104212739, 'reg_lambda': 8.97190257982477e-08}. Best is trial 0 with value: -0.10153594476396048.
[I 2026-05-06 02:20:49,067] Trial 4 finished with value: -0.1888212433803568 and parameters: {'confidence_threshold': 0.7642618789055509, 'training_days': 390, 'n_estimators': 464, 'max_depth': 5, 'num_leaves': 30, 'learning_rate': 0.024562383309704932, 'subsample': 0.8612975035964376, 'min_child_samples': 36, 'reg_alpha': 1.593999300080167, 'reg_lambda': 0.006081270362829788}. Best is trial 0 with value: -0.10153594476396048.
[I 2026-05-06 02:20:49,191] Trial 5 finished with value: 0.053932108307191626 and parameters: {'confidence_threshold': 0.6029115860358569, 'training_days': 60, 'n_estimators': 441, 'max_depth': 3, 'num_leaves': 66, 'learning_rate': 0.044953114425778824, 'subsample': 0.7098948461279406, 'min_child_samples': 15, 'reg_alpha': 4.888753565548431e-07, 'reg_lambda': 4.198190642566389}. Best is trial 5 with value: 0.053932108307191626.
[I 2026-05-06 02:20:49,415] Trial 6 finished with value: -0.20747793282784968 and parameters: {'confidence_threshold': 0.7376932868314098, 'training_days': 290, 'n_estimators': 249, 'max_depth': 5, 'num_leaves': 121, 'learning_rate': 0.015565840632862623, 'subsample': 0.8390183783709677, 'min_child_samples': 19, 'reg_alpha': 1.860444687368747e-08, 'reg_lambda': 2.7391483548058117e-06}. Best is trial 5 with value: 0.053932108307191626.
[I 2026-05-06 02:20:49,447] Trial 7 finished with value: 0.020401991614936506 and parameters: {'confidence_threshold': 0.563503962036334, 'training_days': 70, 'n_estimators': 63, 'max_depth': 3, 'num_leaves': 47, 'learning_rate': 0.18074927623018475, 'subsample': 0.5059692991701257, 'min_child_samples': 9, 'reg_alpha': 3.6945804405602874e-08, 'reg_lambda': 0.027706035542028905}. Best is trial 5 with value: 0.053932108307191626.
[I 2026-05-06 02:20:49,525] Trial 8 finished with value: -0.004484374461940886 and parameters: {'confidence_threshold': 0.6525471176758836, 'training_days': 440, 'n_estimators': 116, 'max_depth': 4, 'num_leaves': 115, 'learning_rate': 0.010229952960863938, 'subsample': 0.5062159465415076, 'min_child_samples': 54, 'reg_alpha': 6.790626457822126e-06, 'reg_lambda': 1.7869141074987722e-05}. Best is trial 5 with value: 0.053932108307191626.
[I 2026-05-06 02:20:49,611] Trial 9 finished with value: -0.06772150654846242 and parameters: {'confidence_threshold': 0.7277571993354469, 'training_days': 360, 'n_estimators': 75, 'max_depth': 5, 'num_leaves': 41, 'learning_rate': 0.014186743931212992, 'subsample': 0.7445187273047605, 'min_child_samples': 22, 'reg_alpha': 0.02393227447113315, 'reg_lambda': 0.009236766173618426}. Best is trial 5 with value: 0.053932108307191626.

  [label] 2021-01-02 08:00 BCHUSDT entry=354.7700 → LONG | long=tp(+16.14%) short=sl(-8.22%) | scanned=4 | long_tp_only
  [label] 2021-01-04 08:00 BCHUSDT entry=404.1600 → LONG | long=tp(+18.31%) short=sl(-9.30%) | scanned=10 | long_tp_only
  [label] 2021-01-08 08:00 BCHUSDT entry=432.4800 → LONG | long=tp(+19.03%) short=sl(-9.67%) | scanned=4 | long_tp_only
  [label] 2021-02-02 08:00 BCHUSDT entry=424.6100 → LONG | long=tp(+16.89%) short=sl(-8.60%) | scanned=20 | long_tp_only
  [label] 2021-03-27 08:00 BCHUSDT entry=494.2500 → LONG | long=tp(+13.09%) short=sl(-6.70%) | scanned=16 | long_tp_only
  [label] 2021-09-10 16:00 BCHUSDT entry=628.7800 → SHORT | long=timeout(-1.24%) short=timeout(+1.04%) | scanned=22 | no_tp→fwd_return=-1.1387
  [label] 2021-09-15 00:00 BCHUSDT entry=638.6800 → SHORT | long=sl(-6.06%) short=tp(+11.81%) | scanned=15 | short_tp_only
  [label] 2021-09-25 16:00 BCHUSDT entry=516.5000 → LONG | long=sl(-6.89%) short=sl(-6.89%) | scanned=20 | no_tp→fwd_return=+6.8925
  [label] 2021-11-10 00:00 BCHUSDT entry=698.4400 → SHORT | long=sl(-4.39%) short=sl(-4.39%) | scanned=2 | no_tp→fwd_return=-5.0312
  [label] 2021-11-18 16:00 BCHUSDT entry=554.4700 → LONG | long=tp(+11.67%) short=sl(-5.99%) | scanned=18 | long_tp_only
  [label] 2022-02-18 00:00 BCHUSDT entry=314.5700 → SHORT | long=sl(-5.50%) short=tp(+10.71%) | scanned=12 | short_tp_only
  [label] 2022-03-22 00:00 BCHUSDT entry=355.3300 → LONG | long=tp(+8.62%) short=sl(-4.46%) | scanned=2 | long_tp_only
  [label] 2022-04-07 08:00 BCHUSDT entry=333.4400 → SHORT | long=sl(-5.83%) short=tp(+11.36%) | scanned=13 | short_tp_only
  [label] 2022-04-20 08:00 BCHUSDT entry=340.8500 → SHORT | long=sl(-4.68%) short=tp(+9.07%) | scanned=13 | short_tp_only
  [label] 2022-05-09 00:00 BCHUSDT entry=253.3400 → SHORT | long=sl(-5.54%) short=tp(+10.79%) | scanned=2 | short_tp_only
  [label] 2022-05-15 08:00 BCHUSDT entry=204.9700 → SHORT | long=timeout(-3.18%) short=timeout(+2.98%) | scanned=22 | no_tp→fwd_return=-3.0834
  [label] 2022-05-27 16:00 BCHUSDT entry=174.7600 → LONG | long=tp(+17.84%) short=sl(-9.07%) | scanned=12 | long_tp_only
  [label] 2022-07-06 16:00 BCHUSDT entry=105.8400 → SHORT | long=sl(-6.65%) short=sl(-6.65%) | scanned=15 | no_tp→fwd_return=-6.6043
  [label] 2022-07-16 16:00 BCHUSDT entry=109.4400 → LONG | long=tp(+10.10%) short=sl(-5.20%) | scanned=6 | long_tp_only
  [label] 2022-10-11 08:00 BCHUSDT entry=112.0400 → SHORT | long=sl(-3.78%) short=tp(+7.27%) | scanned=6 | short_tp_only
  Labels: 1031 long (47.1%), 1159 short (52.9%) | weights: min=1.00, mean=3.36, max=10.00
  Features: 2190/2190 matched, 14 columns
  CV gap: 22 rows
    [trial 0] 14 features, training_days=230 | threshold=0.779 | labels: 1031 long, 1159 short (47/53%)
    [CV fold 0] train_end=2021-02-23 00:00 | val_start=2021-03-02 16:00 | gap=184h (22 rows)
    [CV fold 1] train_end=2021-06-24 16:00 | val_start=2021-07-02 08:00 | gap=184h (22 rows)
    [CV fold 2] train_end=2021-10-24 08:00 | val_start=2021-11-01 00:00 | gap=184h (22 rows)
    [CV fold 3] train_end=2022-02-23 00:00 | val_start=2022-03-02 16:00 | gap=184h (22 rows)
    [CV fold 4] train_end=2022-06-24 16:00 | val_start=2022-07-02 08:00 | gap=184h (22 rows)
    [trial 0] Sharpe=-0.1015 (folds: 0.0366, 0.0147, -0.0881, -0.3933, -0.0775)
    [trial 1] 14 features, training_days=410 | threshold=0.693 | labels: 1031 long, 1159 short (47/53%)
    [trial 1] Sharpe=-0.1102 (folds: 0.2675, -0.1275, -0.1183, -0.2804, -0.2921)
    [trial 2] 14 features, training_days=270 | threshold=0.546 | labels: 1031 long, 1159 short (47/53%)
    [trial 2] Sharpe=-0.1476 (folds: 0.0472, -0.0796, -0.1813, -0.4716, -0.0530)
    [trial 3] 14 features, training_days=270 | threshold=0.600 | labels: 1031 long, 1159 short (47/53%)
    [trial 3] Sharpe=-0.1474 (folds: -0.0026, -0.0845, -0.1246, -0.4947, -0.0308)
    [trial 4] 14 features, training_days=390 | threshold=0.764 | labels: 1031 long, 1159 short (47/53%)
    [trial 4] Sharpe=-0.1888 (folds: 0.0751, -0.1896, -0.1336, -0.5563, -0.1396)
    [trial 5] 14 features, training_days=60 | threshold=0.603 | labels: 1031 long, 1159 short (47/53%)
    [trial 5] Sharpe=0.0539 (folds: 0.3412, 0.1717, -0.3003, 0.1122, -0.0552)
    [trial 6] 14 features, training_days=290 | threshold=0.738 | labels: 1031 long, 1159 short (47/53%)
    [trial 6] Sharpe=-0.2075 (folds: -0.0294, -0.0988, -0.1724, -0.6475, -0.0893)
    [trial 7] 14 features, training_days=70 | threshold=0.564 | labels: 1031 long, 1159 short (47/53%)
    [trial 7] Sharpe=0.0204 (folds: 0.2292, 0.0115, -0.1666, 0.0832, -0.0552)
    [trial 8] 14 features, training_days=440 | threshold=0.653 | labels: 1031 long, 1159 short (47/53%)
    [trial 8] Sharpe=-0.0045 (folds: 0.2829, -0.2244, -0.1633, 0.1045, -0.0221)
    [trial 9] 14 features, training_days=360 | threshold=0.728 | labels: 1031 long, 1159 short (47/53%)
    [trial 9] Sharpe=-0.0677 (folds: 0.2404, -0.1587, -0.1577, -0.2007, -0.0620)
  Optuna: 10 trials, best Sharpe = 0.0539
  Best params: n_estimators=441, max_depth=3, lr=0.0450, leaves=66
  Best confidence_threshold: 0.603
  Best training_days: 60
  Retrained on full data (180 samples, 14 features)
  Model trained for 2022-11: 90 test candles with features, confidence_threshold=0.603
[predict] 2022-11-02 08:00 BCHUSDT → SHORT (proba=0.64 TP=7.2%/SL=3.6%)
[trade:open] 2022-11-02 15:59 BCHUSDT SHORT @ 116.94 | SL=121.16 TP=108.51 | timeout=2022-11-09 15:59
[trade:close] 2022-11-04 07:59 BCHUSDT SHORT → stop_loss @ 121.16 | PnL=-3.61% (net -3.71%) | cum=+12.12% 2022-11=-3.71% 2022-11-04=-3.71%
[predict] 2022-11-05 16:00 BCHUSDT → SHORT (proba=0.93 TP=8.2%/SL=4.1%)
[trade:open] 2022-11-05 23:59 BCHUSDT SHORT @ 123.68 | SL=128.72 TP=113.59 | timeout=2022-11-12 23:59
[trade:close] 2022-11-08 07:59 BCHUSDT SHORT → take_profit @ 113.59 | PnL=+8.15% (net +8.05%) | cum=+20.18% 2022-11=+4.35% 2022-11-08=+8.05%
[predict] 2022-11-10 00:00 BCHUSDT → LONG (proba=0.99 TP=16.5%/SL=8.3%)
[trade:open] 2022-11-10 07:59 BCHUSDT LONG @ 97.08 | SL=89.05 TP=113.14 | timeout=2022-11-17 07:59
[trade:close] 2022-11-17 08:00 BCHUSDT LONG → timeout @ 103.22 | PnL=+6.32% (net +6.22%) | cum=+26.40% 2022-11=+10.57% 2022-11-17=+6.22%
[predict] 2022-11-18 16:00 BCHUSDT → LONG (proba=0.61 TP=11.4%/SL=5.7%)
[trade:open] 2022-11-18 23:59 BCHUSDT LONG @ 104.62 | SL=98.66 TP=116.53 | timeout=2022-11-25 23:59
[trade:close] 2022-11-23 07:59 BCHUSDT LONG → take_profit @ 116.53 | PnL=+11.39% (net +11.29%) | cum=+37.69% 2022-11=+21.86% 2022-11-23=+11.29%
[predict] 2022-11-24 16:00 BCHUSDT → SHORT (proba=0.90 TP=9.9%/SL=5.0%)
[trade:open] 2022-11-24 23:59 BCHUSDT SHORT @ 115.84 | SL=121.58 TP=104.35 | timeout=2022-12-01 23:59
[lgbm] === Training for 2022-12 ===
  Train window: 2020-12-01 → 2022-12-01
  2190 training samples from 1 symbols
  Samples per month: 2020-12: 93, 2021-01: 93, 2021-02: 84, 2021-03: 93, 2021-04: 90, 2021-05: 93, 2021-06: 90, 2021-07: 93, 2021-08: 93, 2021-09: 90, 2021-10: 93, 2021-11: 90, 2021-12: 93, 2022-01: 93, 2022-02: 84, 2022-03: 93, 2022-04: 90, 2022-05: 93, 2022-06: 90, 2022-07: 93, 2022-08: 93, 2022-09: 90, 2022-10: 93, 2022-11: 90
  [label] 2021-02-01 08:00 BCHUSDT entry=407.1100 → LONG | long=tp(+18.74%) short=sl(-9.52%) | scanned=14 | long_tp_only
  [label] 2021-02-03 08:00 BCHUSDT entry=441.3200 → LONG | long=tp(+15.45%) short=sl(-7.88%) | scanned=17 | long_tp_only
  [label] 2021-02-07 08:00 BCHUSDT entry=439.6100 → LONG | long=tp(+15.48%) short=sl(-7.89%) | scanned=5 | long_tp_only
  [label] 2021-03-04 08:00 BCHUSDT entry=517.2300 → LONG | long=timeout(+4.10%) short=timeout(-4.30%) | scanned=22 | no_tp→fwd_return=+4.2032
  [label] 2021-04-26 08:00 BCHUSDT entry=831.8100 → LONG | long=timeout(+20.54%) short=sl(-12.98%) | scanned=22 | no_tp→fwd_return=+20.6441
  [label] 2021-10-10 16:00 BCHUSDT entry=584.8200 → LONG | long=tp(+10.86%) short=sl(-5.58%) | scanned=17 | long_tp_only
  [label] 2021-10-15 00:00 BCHUSDT entry=623.2800 → LONG | long=sl(-5.20%) short=sl(-5.20%) | scanned=18 | no_tp→fwd_return=+3.0307
  [label] 2021-10-25 16:00 BCHUSDT entry=621.8900 → SHORT | long=sl(-4.23%) short=tp(+8.15%) | scanned=5 | short_tp_only[I 2026-05-06 02:20:49,798] A new study created in memory with name: no-name-da49814d-1748-4af4-bd23-519b8e4dba5e
[I 2026-05-06 02:20:50,054] Trial 0 finished with value: -0.02345747429926249 and parameters: {'confidence_threshold': 0.7790993046299082, 'training_days': 230, 'n_estimators': 295, 'max_depth': 5, 'num_leaves': 83, 'learning_rate': 0.051543455158230854, 'subsample': 0.8773243492079463, 'min_child_samples': 10, 'reg_alpha': 0.034096514368237685, 'reg_lambda': 3.154180388637081e-05}. Best is trial 0 with value: -0.02345747429926249.
