    [trial 1] Sharpe=-0.0446 (folds: -0.1663, -0.0004, 0.0317, 0.0429, -0.1307)[I 2026-05-06 02:20:43,441] Trial 1 finished with value: -0.044550205866532855 and parameters: {'confidence_threshold': 0.6929247853618086, 'training_days': 410, 'n_estimators': 233, 'max_depth': 5, 'num_leaves': 108, 'learning_rate': 0.013724237108071606, 'subsample': 0.7013182233636002, 'min_child_samples': 94, 'reg_alpha': 2.4040959529260723e-06, 'reg_lambda': 5.320966582161148}. Best is trial 0 with value: -0.038070544611183074.
[I 2026-05-06 02:20:43,499] Trial 2 finished with value: -0.03463611607105673 and parameters: {'confidence_threshold': 0.546341527225763, 'training_days': 270, 'n_estimators': 120, 'max_depth': 4, 'num_leaves': 53, 'learning_rate': 0.060197068579343475, 'subsample': 0.588227873455941, 'min_child_samples': 91, 'reg_alpha': 2.3457771824819002e-08, 'reg_lambda': 1.1358840775642732e-08}. Best is trial 2 with value: -0.03463611607105673.
[I 2026-05-06 02:20:43,663] Trial 3 finished with value: -0.05909705933440514 and parameters: {'confidence_threshold': 0.6000319676300473, 'training_days': 270, 'n_estimators': 382, 'max_depth': 4, 'num_leaves': 44, 'learning_rate': 0.09185046765032388, 'subsample': 0.6743651508646724, 'min_child_samples': 77, 'reg_alpha': 0.0013974578104212739, 'reg_lambda': 8.97190257982477e-08}. Best is trial 2 with value: -0.03463611607105673.
[I 2026-05-06 02:20:43,985] Trial 4 finished with value: -0.06487704735424896 and parameters: {'confidence_threshold': 0.7642618789055509, 'training_days': 390, 'n_estimators': 464, 'max_depth': 5, 'num_leaves': 30, 'learning_rate': 0.024562383309704932, 'subsample': 0.8612975035964376, 'min_child_samples': 36, 'reg_alpha': 1.593999300080167, 'reg_lambda': 0.006081270362829788}. Best is trial 2 with value: -0.03463611607105673.
[I 2026-05-06 02:20:44,118] Trial 5 finished with value: -0.007774949514344464 and parameters: {'confidence_threshold': 0.6029115860358569, 'training_days': 60, 'n_estimators': 441, 'max_depth': 3, 'num_leaves': 66, 'learning_rate': 0.044953114425778824, 'subsample': 0.7098948461279406, 'min_child_samples': 15, 'reg_alpha': 4.888753565548431e-07, 'reg_lambda': 4.198190642566389}. Best is trial 5 with value: -0.007774949514344464.
[I 2026-05-06 02:20:44,341] Trial 6 finished with value: 0.0005591596235067942 and parameters: {'confidence_threshold': 0.7376932868314098, 'training_days': 290, 'n_estimators': 249, 'max_depth': 5, 'num_leaves': 121, 'learning_rate': 0.015565840632862623, 'subsample': 0.8390183783709677, 'min_child_samples': 19, 'reg_alpha': 1.860444687368747e-08, 'reg_lambda': 2.7391483548058117e-06}. Best is trial 6 with value: 0.0005591596235067942.
[I 2026-05-06 02:20:44,373] Trial 7 finished with value: 0.09722254876795251 and parameters: {'confidence_threshold': 0.563503962036334, 'training_days': 70, 'n_estimators': 63, 'max_depth': 3, 'num_leaves': 47, 'learning_rate': 0.18074927623018475, 'subsample': 0.5059692991701257, 'min_child_samples': 9, 'reg_alpha': 3.6945804405602874e-08, 'reg_lambda': 0.027706035542028905}. Best is trial 7 with value: 0.09722254876795251.
[I 2026-05-06 02:20:44,456] Trial 8 finished with value: 0.022147369577824847 and parameters: {'confidence_threshold': 0.6525471176758836, 'training_days': 440, 'n_estimators': 116, 'max_depth': 4, 'num_leaves': 115, 'learning_rate': 0.010229952960863938, 'subsample': 0.5062159465415076, 'min_child_samples': 54, 'reg_alpha': 6.790626457822126e-06, 'reg_lambda': 1.7869141074987722e-05}. Best is trial 7 with value: 0.09722254876795251.
[I 2026-05-06 02:20:44,549] Trial 9 finished with value: -1.9143663408252327 and parameters: {'confidence_threshold': 0.7277571993354469, 'training_days': 360, 'n_estimators': 75, 'max_depth': 5, 'num_leaves': 41, 'learning_rate': 0.014186743931212992, 'subsample': 0.7445187273047605, 'min_child_samples': 22, 'reg_alpha': 0.02393227447113315, 'reg_lambda': 0.009236766173618426}. Best is trial 7 with value: 0.09722254876795251.
[I 2026-05-06 02:20:44,721] A new study created in memory with name: no-name-29981db0-d69e-478f-9bf0-1357e5339366
[I 2026-05-06 02:20:44,972] Trial 0 finished with value: -0.012455761902798318 and parameters: {'confidence_threshold': 0.7790993046299082, 'training_days': 230, 'n_estimators': 295, 'max_depth': 5, 'num_leaves': 83, 'learning_rate': 0.051543455158230854, 'subsample': 0.8773243492079463, 'min_child_samples': 10, 'reg_alpha': 0.034096514368237685, 'reg_lambda': 3.154180388637081e-05}. Best is trial 0 with value: -0.012455761902798318.
[I 2026-05-06 02:20:45,103] Trial 1 finished with value: -0.01761936884928816 and parameters: {'confidence_threshold': 0.6929247853618086, 'training_days': 410, 'n_estimators': 233, 'max_depth': 5, 'num_leaves': 108, 'learning_rate': 0.013724237108071606, 'subsample': 0.7013182233636002, 'min_child_samples': 94, 'reg_alpha': 2.4040959529260723e-06, 'reg_lambda': 5.320966582161148}. Best is trial 0 with value: -0.012455761902798318.
[I 2026-05-06 02:20:45,160] Trial 2 finished with value: -0.139354816156549 and parameters: {'confidence_threshold': 0.546341527225763, 'training_days': 270, 'n_estimators': 120, 'max_depth': 4, 'num_leaves': 53, 'learning_rate': 0.060197068579343475, 'subsample': 0.588227873455941, 'min_child_samples': 91, 'reg_alpha': 2.3457771824819002e-08, 'reg_lambda': 1.1358840775642732e-08}. Best is trial 0 with value: -0.012455761902798318.
[I 2026-05-06 02:20:45,333] Trial 3 finished with value: -0.1220453669129417 and parameters: {'confidence_threshold': 0.6000319676300473, 'training_days': 270, 'n_estimators': 382, 'max_depth': 4, 'num_leaves': 44, 'learning_rate': 0.09185046765032388, 'subsample': 0.6743651508646724, 'min_child_samples': 77, 'reg_alpha': 0.0013974578104212739, 'reg_lambda': 8.97190257982477e-08}. Best is trial 0 with value: -0.012455761902798318.
[I 2026-05-06 02:20:45,687] Trial 4 finished with value: -0.04302112490179731 and parameters: {'confidence_threshold': 0.7642618789055509, 'training_days': 390, 'n_estimators': 464, 'max_depth': 5, 'num_leaves': 30, 'learning_rate': 0.024562383309704932, 'subsample': 0.8612975035964376, 'min_child_samples': 36, 'reg_alpha': 1.593999300080167, 'reg_lambda': 0.006081270362829788}. Best is trial 0 with value: -0.012455761902798318.
[I 2026-05-06 02:20:45,820] Trial 5 finished with value: 0.02968771860251812 and parameters: {'confidence_threshold': 0.6029115860358569, 'training_days': 60, 'n_estimators': 441, 'max_depth': 3, 'num_leaves': 66, 'learning_rate': 0.044953114425778824, 'subsample': 0.7098948461279406, 'min_child_samples': 15, 'reg_alpha': 4.888753565548431e-07, 'reg_lambda': 4.198190642566389}. Best is trial 5 with value: 0.02968771860251812.

    [trial 2] 14 features, training_days=270 | threshold=0.546 | labels: 1036 long, 1154 short (47/53%)
    [trial 2] Sharpe=-0.0346 (folds: 0.0375, -0.0980, -0.0199, 0.1720, -0.2648)
    [trial 3] 14 features, training_days=270 | threshold=0.600 | labels: 1036 long, 1154 short (47/53%)
    [trial 3] Sharpe=-0.0591 (folds: 0.0725, -0.0970, -0.0013, 0.0382, -0.3080)
    [trial 4] 14 features, training_days=390 | threshold=0.764 | labels: 1036 long, 1154 short (47/53%)
    [trial 4] Sharpe=-0.0649 (folds: 0.0964, -0.0464, -0.0122, -0.0179, -0.3444)
    [trial 5] 14 features, training_days=60 | threshold=0.603 | labels: 1036 long, 1154 short (47/53%)
    [trial 5] Sharpe=-0.0078 (folds: 0.2105, 0.1206, -0.0210, -0.2128, -0.1363)
    [trial 6] 14 features, training_days=290 | threshold=0.738 | labels: 1036 long, 1154 short (47/53%)
    [trial 6] Sharpe=0.0006 (folds: 0.2960, -0.0558, -0.1055, 0.0433, -0.1752)
    [trial 7] 14 features, training_days=70 | threshold=0.564 | labels: 1036 long, 1154 short (47/53%)
    [trial 7] Sharpe=0.0972 (folds: 0.1763, 0.2926, 0.1424, -0.0789, -0.0463)
    [trial 8] 14 features, training_days=440 | threshold=0.653 | labels: 1036 long, 1154 short (47/53%)
    [trial 8] Sharpe=0.0221 (folds: -0.0549, 0.2276, 0.1192, -0.1137, -0.0675)
    [trial 9] 14 features, training_days=360 | threshold=0.728 | labels: 1036 long, 1154 short (47/53%)
    [trial 9] Sharpe=-1.9144 (folds: 0.2515, 0.0393, 0.2047, -0.0674, -10.0000)
  Optuna: 10 trials, best Sharpe = 0.0972
  Best params: n_estimators=63, max_depth=3, lr=0.1807, leaves=47
  Best confidence_threshold: 0.564
  Best training_days: 70
  Retrained on full data (210 samples, 14 features)
  Model trained for 2022-08: 93 test candles with features, confidence_threshold=0.564
[predict] 2022-08-01 00:00 BCHUSDT → LONG (proba=0.92 TP=15.2%/SL=7.6%)
[trade:open] 2022-08-01 07:59 BCHUSDT LONG @ 140.21 | SL=129.58 TP=161.48 | timeout=2022-08-08 07:59
[trade:close] 2022-08-02 07:59 BCHUSDT LONG → stop_loss @ 129.58 | PnL=-7.58% (net -7.68%) | cum=-15.06% 2022-08=-7.68% 2022-08-02=-7.68%
[predict] 2022-08-04 08:00 BCHUSDT → LONG (proba=0.96 TP=14.6%/SL=7.3%)
[trade:open] 2022-08-04 15:59 BCHUSDT LONG @ 136.43 | SL=126.44 TP=156.40 | timeout=2022-08-11 15:59
[trade:close] 2022-08-11 16:00 BCHUSDT LONG → timeout @ 143.83 | PnL=+5.42% (net +5.32%) | cum=-9.74% 2022-08=-2.36% 2022-08-11=+5.32%
[predict] 2022-08-20 08:00 BCHUSDT → LONG (proba=0.92 TP=13.0%/SL=6.5%)
[trade:open] 2022-08-20 15:59 BCHUSDT LONG @ 116.71 | SL=109.12 TP=131.90 | timeout=2022-08-27 15:59
[trade:close] 2022-08-23 15:59 BCHUSDT LONG → take_profit @ 131.90 | PnL=+13.01% (net +12.91%) | cum=+3.17% 2022-08=+10.55% 2022-08-23=+12.91%
[predict] 2022-08-25 00:00 BCHUSDT → SHORT (proba=1.00 TP=11.5%/SL=5.7%)
[trade:open] 2022-08-25 07:59 BCHUSDT SHORT @ 131.86 | SL=139.42 TP=116.75 | timeout=2022-09-01 07:59
[trade:close] 2022-08-26 23:59 BCHUSDT SHORT → take_profit @ 116.75 | PnL=+11.46% (net +11.36%) | cum=+14.53% 2022-08=+21.91% 2022-08-26=+11.36%
[predict] 2022-08-28 16:00 BCHUSDT → SHORT (proba=0.89 TP=13.0%/SL=6.5%)
[trade:open] 2022-08-28 23:59 BCHUSDT SHORT @ 112.53 | SL=119.84 TP=97.91 | timeout=2022-09-04 23:59
[trade:close] 2022-08-29 23:59 BCHUSDT SHORT → stop_loss @ 119.84 | PnL=-6.50% (net -6.60%) | cum=+7.94% 2022-08=+15.32% 2022-08-29=-6.60%
[lgbm] === Training for 2022-09 ===
  Train window: 2020-09-01 → 2022-09-01
  2190 training samples from 1 symbols
  Samples per month: 2020-09: 90, 2020-10: 93, 2020-11: 90, 2020-12: 93, 2021-01: 93, 2021-02: 84, 2021-03: 93, 2021-04: 90, 2021-05: 93, 2021-06: 90, 2021-07: 93, 2021-08: 93, 2021-09: 90, 2021-10: 93, 2021-11: 90, 2021-12: 93, 2022-01: 93, 2022-02: 84, 2022-03: 93, 2022-04: 90, 2022-05: 93, 2022-06: 90, 2022-07: 93, 2022-08: 93
  [label] 2020-11-02 08:00 BCHUSDT entry=257.9200 → SHORT | long=sl(-4.57%) short=tp(+8.85%) | scanned=2 | short_tp_only
  [label] 2020-11-04 08:00 BCHUSDT entry=234.3400 → LONG | long=tp(+10.72%) short=sl(-5.51%) | scanned=7 | long_tp_only
  [label] 2020-11-08 08:00 BCHUSDT entry=274.1100 → SHORT | long=sl(-5.80%) short=tp(+11.31%) | scanned=20 | short_tp_only
  [label] 2020-12-03 08:00 BCHUSDT entry=295.1300 → SHORT | long=sl(-8.99%) short=timeout(+9.89%) | scanned=22 | no_tp→fwd_return=-9.9888
  [label] 2021-01-25 08:00 BCHUSDT entry=460.6500 → SHORT | long=sl(-9.72%) short=tp(+19.14%) | scanned=6 | short_tp_only
  [label] 2021-07-11 16:00 BCHUSDT entry=498.0700 → SHORT | long=sl(-5.99%) short=tp(+11.67%) | scanned=14 | short_tp_only
  [label] 2021-07-16 00:00 BCHUSDT entry=453.2000 → SHORT | long=sl(-6.30%) short=tp(+12.30%) | scanned=12 | short_tp_only
  [label] 2021-07-26 16:00 BCHUSDT entry=481.2900 → LONG | long=tp(+11.40%) short=sl(-5.85%) | scanned=9 | long_tp_only
  [label] 2021-09-10 00:00 BCHUSDT entry=659.7800 → SHORT | long=sl(-6.68%) short=timeout(+2.76%) | scanned=22 | no_tp→fwd_return=-2.8570
  [label] 2021-09-18 16:00 BCHUSDT entry=630.8300 → SHORT | long=sl(-5.23%) short=tp(+10.16%) | scanned=4 | short_tp_only
  [label] 2021-12-19 00:00 BCHUSDT entry=440.6500 → LONG | long=timeout(+1.50%) short=timeout(-1.70%) | scanned=22 | no_tp→fwd_return=+1.5976
  [label] 2022-01-20 00:00 BCHUSDT entry=371.8900 → SHORT | long=sl(-4.14%) short=tp(+7.98%) | scanned=3 | short_tp_only
  [label] 2022-02-05 08:00 BCHUSDT entry=322.2000 → LONG | long=tp(+10.29%) short=sl(-5.29%) | scanned=15 | long_tp_only
  [label] 2022-02-18 08:00 BCHUSDT entry=309.4300 → SHORT | long=sl(-5.58%) short=tp(+10.87%) | scanned=11 | short_tp_only
  [label] 2022-03-09 00:00 BCHUSDT entry=301.3700 → SHORT | long=sl(-5.90%) short=timeout(+3.72%) | scanned=22 | no_tp→fwd_return=-3.8192
  [label] 2022-03-15 08:00 BCHUSDT entry=285.7700 → LONG | long=tp(+10.12%) short=sl(-5.21%) | scanned=13 | long_tp_only
  [label] 2022-03-27 16:00 BCHUSDT entry=376.4500 → LONG | long=timeout(+0.42%) short=timeout(-0.62%) | scanned=22 | no_tp→fwd_return=+0.5233
  [label] 2022-05-06 16:00 BCHUSDT entry=274.8500 → SHORT | long=sl(-5.25%) short=tp(+10.20%) | scanned=8 | short_tp_only
  [label] 2022-05-16 16:00 BCHUSDT entry=197.4500 → SHORT | long=timeout(-2.94%) short=timeout(+2.74%) | scanned=22 | no_tp→fwd_return=-2.8412
  [label] 2022-08-11 08:00 BCHUSDT entry=143.8400 → SHORT | long=sl(-5.68%) short=timeout(+5.43%) | scanned=22 | no_tp→fwd_return=-5.5270
  Labels: 1045 long (47.7%), 1145 short (52.3%) | weights: min=1.00, mean=3.37, max=10.00
  Features: 2190/2190 matched, 14 columns
  CV gap: 22 rows
    [trial 0] 14 features, training_days=230 | threshold=0.779 | labels: 1045 long, 1145 short (48/52%)
    [CV fold 0] train_end=2020-12-24 00:00 | val_start=2020-12-31 16:00 | gap=184h (22 rows)
    [CV fold 1] train_end=2021-04-24 16:00 | val_start=2021-05-02 08:00 | gap=184h (22 rows)
    [CV fold 2] train_end=2021-08-24 08:00 | val_start=2021-09-01 00:00 | gap=184h (22 rows)
    [CV fold 3] train_end=2021-12-24 00:00 | val_start=2021-12-31 16:00 | gap=184h (22 rows)
    [CV fold 4] train_end=2022-04-24 16:00 | val_start=2022-05-02 08:00 | gap=184h (22 rows)
    [trial 0] Sharpe=-0.0125 (folds: 0.2382, -0.2566, 0.0116, -0.0302, -0.0253)
    [trial 1] 14 features, training_days=410 | threshold=0.693 | labels: 1045 long, 1145 short (48/52%)
    [trial 1] Sharpe=-0.0176 (folds: 0.2114, -0.3052, 0.1972, -0.0464, -0.1451)
    [trial 2] 14 features, training_days=270 | threshold=0.546 | labels: 1045 long, 1145 short (48/52%)
    [trial 2] Sharpe=-0.1394 (folds: 0.1080, -0.3707, -0.0646, -0.1937, -0.1758)
    [trial 3] 14 features, training_days=270 | threshold=0.600 | labels: 1045 long, 1145 short (48/52%)
    [trial 3] Sharpe=-0.1220 (folds: 0.0657, -0.2623, -0.0664, -0.1417, -0.2055)
    [trial 4] 14 features, training_days=390 | threshold=0.764 | labels: 1045 long, 1145 short (48/52%)
    [trial 4] Sharpe=-0.0430 (folds: 0.2098, -0.2655, 0.1821, -0.1988, -0.1427)
    [trial 5] 14 features, training_days=60 | threshold=0.603 | labels: 1045 long, 1145 short (48/52%)
    [trial 5] Sharpe=0.0297 (folds: 0.3776, -0.2856, -0.1141, 0.3048, -0.1343)
    [trial 6] 14 features, training_days=290 | threshold=0.738 | labels: 1045 long, 1145 short (48/52%)[I 2026-05-06 02:20:46,035] Trial 6 finished with value: -0.05364951743089734 and parameters: {'confidence_threshold': 0.7376932868314098, 'training_days': 290, 'n_estimators': 249, 'max_depth': 5, 'num_leaves': 121, 'learning_rate': 0.015565840632862623, 'subsample': 0.8390183783709677, 'min_child_samples': 19, 'reg_alpha': 1.860444687368747e-08, 'reg_lambda': 2.7391483548058117e-06}. Best is trial 5 with value: 0.02968771860251812.
[I 2026-05-06 02:20:46,075] Trial 7 finished with value: 0.02206883719792016 and parameters: {'confidence_threshold': 0.563503962036334, 'training_days': 70, 'n_estimators': 63, 'max_depth': 3, 'num_leaves': 47, 'learning_rate': 0.18074927623018475, 'subsample': 0.5059692991701257, 'min_child_samples': 9, 'reg_alpha': 3.6945804405602874e-08, 'reg_lambda': 0.027706035542028905}. Best is trial 5 with value: 0.02968771860251812.
[I 2026-05-06 02:20:46,157] Trial 8 finished with value: -0.09569563589239788 and parameters: {'confidence_threshold': 0.6525471176758836, 'training_days': 440, 'n_estimators': 116, 'max_depth': 4, 'num_leaves': 115, 'learning_rate': 0.010229952960863938, 'subsample': 0.5062159465415076, 'min_child_samples': 54, 'reg_alpha': 6.790626457822126e-06, 'reg_lambda': 1.7869141074987722e-05}. Best is trial 5 with value: 0.02968771860251812.
[I 2026-05-06 02:20:46,239] Trial 9 finished with value: 0.1365228507104533 and parameters: {'confidence_threshold': 0.7277571993354469, 'training_days': 360, 'n_estimators': 75, 'max_depth': 5, 'num_leaves': 41, 'learning_rate': 0.014186743931212992, 'subsample': 0.7445187273047605, 'min_child_samples': 22, 'reg_alpha': 0.02393227447113315, 'reg_lambda': 0.009236766173618426}. Best is trial 9 with value: 0.1365228507104533.
[I 2026-05-06 02:20:46,417] A new study created in memory with name: no-name-4a1a7162-64c8-4cb9-b857-56a3189ebc8f
[I 2026-05-06 02:20:46,673] Trial 0 finished with value: 0.0590223066895844 and parameters: {'confidence_threshold': 0.7790993046299082, 'training_days': 230, 'n_estimators': 295, 'max_depth': 5, 'num_leaves': 83, 'learning_rate': 0.051543455158230854, 'subsample': 0.8773243492079463, 'min_child_samples': 10, 'reg_alpha': 0.034096514368237685, 'reg_lambda': 3.154180388637081e-05}. Best is trial 0 with value: 0.0590223066895844.
[I 2026-05-06 02:20:46,797] Trial 1 finished with value: -0.014004166680672442 and parameters: {'confidence_threshold': 0.6929247853618086, 'training_days': 410, 'n_estimators': 233, 'max_depth': 5, 'num_leaves': 108, 'learning_rate': 0.013724237108071606, 'subsample': 0.7013182233636002, 'min_child_samples': 94, 'reg_alpha': 2.4040959529260723e-06, 'reg_lambda': 5.320966582161148}. Best is trial 0 with value: 0.0590223066895844.
[I 2026-05-06 02:20:46,858] Trial 2 finished with value: -0.07652331863654818 and parameters: {'confidence_threshold': 0.546341527225763, 'training_days': 270, 'n_estimators': 120, 'max_depth': 4, 'num_leaves': 53, 'learning_rate': 0.060197068579343475, 'subsample': 0.588227873455941, 'min_child_samples': 91, 'reg_alpha': 2.3457771824819002e-08, 'reg_lambda': 1.1358840775642732e-08}. Best is trial 0 with value: 0.0590223066895844.
[I 2026-05-06 02:20:47,043] Trial 3 finished with value: -0.09050098137803295 and parameters: {'confidence_threshold': 0.6000319676300473, 'training_days': 270, 'n_estimators': 382, 'max_depth': 4, 'num_leaves': 44, 'learning_rate': 0.09185046765032388, 'subsample': 0.6743651508646724, 'min_child_samples': 77, 'reg_alpha': 0.0013974578104212739, 'reg_lambda': 8.97190257982477e-08}. Best is trial 0 with value: 0.0590223066895844.
[I 2026-05-06 02:20:47,366] Trial 4 finished with value: -0.05766056430764512 and parameters: {'confidence_threshold': 0.7642618789055509, 'training_days': 390, 'n_estimators': 464, 'max_depth': 5, 'num_leaves': 30, 'learning_rate': 0.024562383309704932, 'subsample': 0.8612975035964376, 'min_child_samples': 36, 'reg_alpha': 1.593999300080167, 'reg_lambda': 0.006081270362829788}. Best is trial 0 with value: 0.0590223066895844.
[I 2026-05-06 02:20:47,498] Trial 5 finished with value: 0.07553149216359431 and parameters: {'confidence_threshold': 0.6029115860358569, 'training_days': 60, 'n_estimators': 441, 'max_depth': 3, 'num_leaves': 66, 'learning_rate': 0.044953114425778824, 'subsample': 0.7098948461279406, 'min_child_samples': 15, 'reg_alpha': 4.888753565548431e-07, 'reg_lambda': 4.198190642566389}. Best is trial 5 with value: 0.07553149216359431.
[I 2026-05-06 02:20:47,733] Trial 6 finished with value: -0.07595681618638878 and parameters: {'confidence_threshold': 0.7376932868314098, 'training_days': 290, 'n_estimators': 249, 'max_depth': 5, 'num_leaves': 121, 'learning_rate': 0.015565840632862623, 'subsample': 0.8390183783709677, 'min_child_samples': 19, 'reg_alpha': 1.860444687368747e-08, 'reg_lambda': 2.7391483548058117e-06}. Best is trial 5 with value: 0.07553149216359431.
[I 2026-05-06 02:20:47,763] Trial 7 finished with value: 0.07863761030828739 and parameters: {'confidence_threshold': 0.563503962036334, 'training_days': 70, 'n_estimators': 63, 'max_depth': 3, 'num_leaves': 47, 'learning_rate': 0.18074927623018475, 'subsample': 0.5059692991701257, 'min_child_samples': 9, 'reg_alpha': 3.6945804405602874e-08, 'reg_lambda': 0.027706035542028905}. Best is trial 7 with value: 0.07863761030828739.
[I 2026-05-06 02:20:47,846] Trial 8 finished with value: -0.0038670067705564386 and parameters: {'confidence_threshold': 0.6525471176758836, 'training_days': 440, 'n_estimators': 116, 'max_depth': 4, 'num_leaves': 115, 'learning_rate': 0.010229952960863938, 'subsample': 0.5062159465415076, 'min_child_samples': 54, 'reg_alpha': 6.790626457822126e-06, 'reg_lambda': 1.7869141074987722e-05}. Best is trial 7 with value: 0.07863761030828739.
