[I 2026-05-06 02:24:39,023] Trial 9 finished with value: -1.574839473285936 and parameters: {'confidence_threshold': 0.7277571993354469, 'training_days': 360, 'n_estimators': 75, 'max_depth': 5, 'num_leaves': 41, 'learning_rate': 0.014186743931212992, 'subsample': 0.7445187273047605, 'min_child_samples': 22, 'reg_alpha': 0.02393227447113315, 'reg_lambda': 0.009236766173618426}. Best is trial 8 with value: 0.18467914066028662.

    [trial 8] 14 features, training_days=440 | threshold=0.653 | labels: 1209 long, 966 short (56/44%)
    [trial 8] Sharpe=0.2907 (folds: 0.3496, -0.1156, 0.5527, 0.4712, 0.1959)
    [trial 9] 14 features, training_days=360 | threshold=0.728 | labels: 1209 long, 966 short (56/44%)
    [trial 9] Sharpe=-1.7508 (folds: 0.3976, -0.0199, 0.6183, -10.0000, 0.2502)
  Optuna: 10 trials, best Sharpe = 0.2907
  Best params: n_estimators=116, max_depth=4, lr=0.0102, leaves=115
  Best confidence_threshold: 0.653
  Best training_days: 440
  Retrained on full data (1305 samples, 14 features)
  Model trained for 2022-07: 93 test candles with features, confidence_threshold=0.653
[lgbm] === Training for 2022-08 ===
  Train window: 2020-08-01 → 2022-08-01
  2175 training samples from 1 symbols
  Samples per month: 2020-08: 93, 2020-09: 90, 2020-10: 93, 2020-11: 90, 2020-12: 93, 2021-01: 93, 2021-02: 84, 2021-03: 93, 2021-04: 90, 2021-05: 93, 2021-06: 90, 2021-07: 93, 2021-08: 93, 2021-09: 90, 2021-10: 93, 2021-11: 90, 2021-12: 93, 2022-01: 93, 2022-02: 75, 2022-03: 93, 2022-04: 84, 2022-05: 93, 2022-06: 90, 2022-07: 93
  [label] 2020-10-01 16:00 TRXUSDT entry=0.0258 → LONG | long=sl(-5.59%) short=sl(-5.59%) | scanned=5 | no_tp→fwd_return=+8.1751
  [label] 2020-10-04 00:00 TRXUSDT entry=0.0267 → SHORT | long=sl(-5.84%) short=timeout(+0.91%) | scanned=22 | no_tp→fwd_return=-1.0105
  [label] 2020-10-07 16:00 TRXUSDT entry=0.0255 → LONG | long=timeout(+4.92%) short=sl(-5.29%) | scanned=22 | no_tp→fwd_return=+5.0196
  [label] 2020-11-01 16:00 TRXUSDT entry=0.0257 → SHORT | long=sl(-3.34%) short=tp(+6.39%) | scanned=4 | short_tp_only
  [label] 2020-12-24 00:00 TRXUSDT entry=0.0254 → LONG | long=tp(+15.32%) short=sl(-7.81%) | scanned=4 | long_tp_only
  [label] 2021-06-08 16:00 TRXUSDT entry=0.0723 → SHORT | long=sl(-8.61%) short=timeout(+0.77%) | scanned=22 | no_tp→fwd_return=-0.8710
  [label] 2021-06-12 16:00 TRXUSDT entry=0.0680 → LONG | long=timeout(+0.24%) short=sl(-7.57%) | scanned=22 | no_tp→fwd_return=+0.3381
  [label] 2021-06-23 08:00 TRXUSDT entry=0.0551 → LONG | long=tp(+19.42%) short=sl(-9.86%) | scanned=2 | long_tp_only
  [label] 2021-08-07 08:00 TRXUSDT entry=0.0748 → LONG | long=sl(-4.48%) short=sl(-4.48%) | scanned=11 | no_tp→fwd_return=+7.7715
  [label] 2021-08-16 00:00 TRXUSDT entry=0.0937 → SHORT | long=sl(-5.58%) short=tp(+10.86%) | scanned=6 | short_tp_only
  [label] 2021-11-14 16:00 TRXUSDT entry=0.1171 → LONG | long=tp(+9.30%) short=sl(-4.80%) | scanned=2 | long_tp_only
  [label] 2021-12-16 16:00 TRXUSDT entry=0.0853 → SHORT | long=sl(-5.40%) short=tp(+10.51%) | scanned=11 | short_tp_only
  [label] 2022-01-01 16:00 TRXUSDT entry=0.0765 → SHORT | long=sl(-4.18%) short=tp(+8.06%) | scanned=12 | short_tp_only
  [label] 2022-01-14 16:00 TRXUSDT entry=0.0676 → SHORT | long=sl(-4.49%) short=sl(-4.49%) | scanned=20 | no_tp→fwd_return=-4.4836
  [label] 2022-02-02 00:00 TRXUSDT entry=0.0604 → LONG | long=tp(+9.06%) short=sl(-4.68%) | scanned=10 | long_tp_only
  [label] 2022-02-08 08:00 TRXUSDT entry=0.0674 → SHORT | long=sl(-4.15%) short=sl(-4.15%) | scanned=10 | no_tp→fwd_return=-5.1632
  [label] 2022-02-20 16:00 TRXUSDT entry=0.0619 → SHORT | long=sl(-4.02%) short=tp(+7.74%) | scanned=10 | short_tp_only
  [label] 2022-04-06 08:00 TRXUSDT entry=0.0654 → SHORT | long=sl(-4.87%) short=tp(+9.45%) | scanned=15 | short_tp_only
  [label] 2022-04-16 08:00 TRXUSDT entry=0.0614 → LONG | long=sl(-3.82%) short=sl(-3.82%) | scanned=15 | no_tp→fwd_return=+16.8296
  [label] 2022-07-11 16:00 TRXUSDT entry=0.0647 → LONG | long=tp(+7.80%) short=sl(-4.05%) | scanned=19 | long_tp_only
  Labels: 1188 long (54.6%), 987 short (45.4%) | weights: min=1.00, mean=3.12, max=10.00
  Features: 2175/2175 matched, 14 columns
  CV gap: 22 rows
    [trial 0] 14 features, training_days=230 | threshold=0.779 | labels: 1188 long, 987 short (55/45%)
    [CV fold 0] train_end=2020-11-23 00:00 | val_start=2020-11-30 16:00 | gap=184h (22 rows)
    [CV fold 1] train_end=2021-03-23 16:00 | val_start=2021-03-31 08:00 | gap=184h (22 rows)
    [CV fold 2] train_end=2021-07-22 08:00 | val_start=2021-07-30 00:00 | gap=184h (22 rows)
    [CV fold 3] train_end=2021-11-20 00:00 | val_start=2021-11-27 16:00 | gap=184h (22 rows)
    [CV fold 4] train_end=2022-03-23 16:00 | val_start=2022-03-31 08:00 | gap=184h (22 rows)
    [trial 0] Sharpe=-0.0046 (folds: 0.1430, -0.2034, 0.0680, 0.3137, -0.3444)
    [trial 1] 14 features, training_days=410 | threshold=0.693 | labels: 1188 long, 987 short (55/45%)
    [trial 1] Sharpe=0.1054 (folds: 0.5339, -0.2491, 0.3311, -0.1419, 0.0529)
    [trial 2] 14 features, training_days=270 | threshold=0.546 | labels: 1188 long, 987 short (55/45%)
    [trial 2] Sharpe=-0.0054 (folds: 0.2149, -0.2098, -0.0276, 0.0354, -0.0399)
    [trial 3] 14 features, training_days=270 | threshold=0.600 | labels: 1188 long, 987 short (55/45%)
    [trial 3] Sharpe=0.0407 (folds: 0.3048, -0.2546, 0.0275, 0.0642, 0.0616)
    [trial 4] 14 features, training_days=390 | threshold=0.764 | labels: 1188 long, 987 short (55/45%)
    [trial 4] Sharpe=0.0511 (folds: 0.3485, -0.3768, 0.1456, 0.1402, -0.0021)
    [trial 5] 14 features, training_days=60 | threshold=0.603 | labels: 1188 long, 987 short (55/45%)
    [trial 5] Sharpe=0.0079 (folds: 0.3564, -0.2351, -0.1119, -0.1431, 0.1730)
    [trial 6] 14 features, training_days=290 | threshold=0.738 | labels: 1188 long, 987 short (55/45%)
    [trial 6] Sharpe=-0.0072 (folds: 0.3736, -0.3400, 0.0752, 0.2478, -0.3924)
    [trial 7] 14 features, training_days=70 | threshold=0.564 | labels: 1188 long, 987 short (55/45%)
    [trial 7] Sharpe=-0.0098 (folds: 0.3710, -0.2420, -0.0632, -0.1910, 0.0762)
    [trial 8] 14 features, training_days=440 | threshold=0.653 | labels: 1188 long, 987 short (55/45%)
    [trial 8] Sharpe=0.1847 (folds: 0.1815, -0.3250, 0.7238, 0.0497, 0.2934)
    [trial 9] 14 features, training_days=360 | threshold=0.728 | labels: 1188 long, 987 short (55/45%)
    [trial 9] Sharpe=-1.5748 (folds: 0.7935, -0.3083, -10.0000, 0.4382, 1.2024)
  Optuna: 10 trials, best Sharpe = 0.1847
  Best params: n_estimators=116, max_depth=4, lr=0.0102, leaves=115
  Best confidence_threshold: 0.653
  Best training_days: 440
  Retrained on full data (1305 samples, 14 features)
  Model trained for 2022-08: 93 test candles with features, confidence_threshold=0.653
[lgbm] === Training for 2022-09 ===
  Train window: 2020-09-01 → 2022-09-01
  2175 training samples from 1 symbols
  Samples per month: 2020-09: 90, 2020-10: 93, 2020-11: 90, 2020-12: 93, 2021-01: 93, 2021-02: 84, 2021-03: 93, 2021-04: 90, 2021-05: 93, 2021-06: 90, 2021-07: 93, 2021-08: 93, 2021-09: 90, 2021-10: 93, 2021-11: 90, 2021-12: 93, 2022-01: 93, 2022-02: 75, 2022-03: 93, 2022-04: 84, 2022-05: 93, 2022-06: 90, 2022-07: 93, 2022-08: 93
  [label] 2020-11-01 16:00 TRXUSDT entry=0.0257 → SHORT | long=sl(-3.34%) short=tp(+6.39%) | scanned=4 | short_tp_only
  [label] 2020-11-04 00:00 TRXUSDT entry=0.0238 → LONG | long=tp(+7.94%) short=sl(-4.12%) | scanned=7 | long_tp_only
  [label] 2020-11-07 16:00 TRXUSDT entry=0.0249 → LONG | long=timeout(+1.03%) short=timeout(-1.23%) | scanned=22 | no_tp→fwd_return=+1.1259
  [label] 2020-12-02 16:00 TRXUSDT entry=0.0312 → SHORT | long=sl(-8.85%) short=timeout(+7.85%) | scanned=22 | no_tp→fwd_return=-7.9513
  [label] 2021-01-24 00:00 TRXUSDT entry=0.0301 → SHORT | long=sl(-7.18%) short=sl(-7.18%) | scanned=10 | no_tp→fwd_return=-5.5537
  [label] 2021-07-09 16:00 TRXUSDT entry=0.0622 → SHORT | long=sl(-5.47%) short=timeout(+10.53%) | scanned=22 | no_tp→fwd_return=-10.6321
  [label] 2021-07-13 16:00 TRXUSDT entry=0.0593 → SHORT | long=sl(-4.86%) short=tp(+9.42%) | scanned=17 | short_tp_only
  [label] 2021-07-24 08:00 TRXUSDT entry=0.0564 → LONG | long=tp(+9.21%) short=sl(-4.75%) | scanned=5 | long_tp_only
  [label] 2021-09-07 08:00 TRXUSDT entry=0.0849 → LONG | long=tp(+15.68%) short=sl(-7.99%) | scanned=14 | long_tp_only
  [label] 2021-09-16 00:00 TRXUSDT entry=0.1163 → SHORT | long=sl(-8.02%) short=tp(+15.74%) | scanned=12 | short_tp_only
  [label] 2021-12-15 16:00 TRXUSDT entry=0.0875 → SHORT | long=sl(-5.65%) short=tp(+10.99%) | scanned=13 | short_tp_only[I 2026-05-06 02:24:39,431] A new study created in memory with name: no-name-6d141896-f63b-4e1e-8da8-a8d122c0bdf5
[I 2026-05-06 02:24:39,703] Trial 0 finished with value: -0.04809131170106622 and parameters: {'confidence_threshold': 0.7790993046299082, 'training_days': 230, 'n_estimators': 295, 'max_depth': 5, 'num_leaves': 83, 'learning_rate': 0.051543455158230854, 'subsample': 0.8773243492079463, 'min_child_samples': 10, 'reg_alpha': 0.034096514368237685, 'reg_lambda': 3.154180388637081e-05}. Best is trial 0 with value: -0.04809131170106622.
[I 2026-05-06 02:24:39,836] Trial 1 finished with value: 0.029371903284351852 and parameters: {'confidence_threshold': 0.6929247853618086, 'training_days': 410, 'n_estimators': 233, 'max_depth': 5, 'num_leaves': 108, 'learning_rate': 0.013724237108071606, 'subsample': 0.7013182233636002, 'min_child_samples': 94, 'reg_alpha': 2.4040959529260723e-06, 'reg_lambda': 5.320966582161148}. Best is trial 1 with value: 0.029371903284351852.
[I 2026-05-06 02:24:39,906] Trial 2 finished with value: 0.01307941571678895 and parameters: {'confidence_threshold': 0.546341527225763, 'training_days': 270, 'n_estimators': 120, 'max_depth': 4, 'num_leaves': 53, 'learning_rate': 0.060197068579343475, 'subsample': 0.588227873455941, 'min_child_samples': 91, 'reg_alpha': 2.3457771824819002e-08, 'reg_lambda': 1.1358840775642732e-08}. Best is trial 1 with value: 0.029371903284351852.
[I 2026-05-06 02:24:40,101] Trial 3 finished with value: -0.020142840300443138 and parameters: {'confidence_threshold': 0.6000319676300473, 'training_days': 270, 'n_estimators': 382, 'max_depth': 4, 'num_leaves': 44, 'learning_rate': 0.09185046765032388, 'subsample': 0.6743651508646724, 'min_child_samples': 77, 'reg_alpha': 0.0013974578104212739, 'reg_lambda': 8.97190257982477e-08}. Best is trial 1 with value: 0.029371903284351852.
[I 2026-05-06 02:24:40,460] Trial 4 finished with value: 0.0585142563632709 and parameters: {'confidence_threshold': 0.7642618789055509, 'training_days': 390, 'n_estimators': 464, 'max_depth': 5, 'num_leaves': 30, 'learning_rate': 0.024562383309704932, 'subsample': 0.8612975035964376, 'min_child_samples': 36, 'reg_alpha': 1.593999300080167, 'reg_lambda': 0.006081270362829788}. Best is trial 4 with value: 0.0585142563632709.
[I 2026-05-06 02:24:40,608] Trial 5 finished with value: -0.050548095329373724 and parameters: {'confidence_threshold': 0.6029115860358569, 'training_days': 60, 'n_estimators': 441, 'max_depth': 3, 'num_leaves': 66, 'learning_rate': 0.044953114425778824, 'subsample': 0.7098948461279406, 'min_child_samples': 15, 'reg_alpha': 4.888753565548431e-07, 'reg_lambda': 4.198190642566389}. Best is trial 4 with value: 0.0585142563632709.
[I 2026-05-06 02:24:40,837] Trial 6 finished with value: -0.08788437232331849 and parameters: {'confidence_threshold': 0.7376932868314098, 'training_days': 290, 'n_estimators': 249, 'max_depth': 5, 'num_leaves': 121, 'learning_rate': 0.015565840632862623, 'subsample': 0.8390183783709677, 'min_child_samples': 19, 'reg_alpha': 1.860444687368747e-08, 'reg_lambda': 2.7391483548058117e-06}. Best is trial 4 with value: 0.0585142563632709.
[I 2026-05-06 02:24:40,871] Trial 7 finished with value: 0.03487781044862378 and parameters: {'confidence_threshold': 0.563503962036334, 'training_days': 70, 'n_estimators': 63, 'max_depth': 3, 'num_leaves': 47, 'learning_rate': 0.18074927623018475, 'subsample': 0.5059692991701257, 'min_child_samples': 9, 'reg_alpha': 3.6945804405602874e-08, 'reg_lambda': 0.027706035542028905}. Best is trial 4 with value: 0.0585142563632709.
[I 2026-05-06 02:24:40,951] Trial 8 finished with value: 0.03951158619753388 and parameters: {'confidence_threshold': 0.6525471176758836, 'training_days': 440, 'n_estimators': 116, 'max_depth': 4, 'num_leaves': 115, 'learning_rate': 0.010229952960863938, 'subsample': 0.5062159465415076, 'min_child_samples': 54, 'reg_alpha': 6.790626457822126e-06, 'reg_lambda': 1.7869141074987722e-05}. Best is trial 4 with value: 0.0585142563632709.
[I 2026-05-06 02:24:41,037] Trial 9 finished with value: -2.2242023722867725 and parameters: {'confidence_threshold': 0.7277571993354469, 'training_days': 360, 'n_estimators': 75, 'max_depth': 5, 'num_leaves': 41, 'learning_rate': 0.014186743931212992, 'subsample': 0.7445187273047605, 'min_child_samples': 22, 'reg_alpha': 0.02393227447113315, 'reg_lambda': 0.009236766173618426}. Best is trial 4 with value: 0.0585142563632709.
[I 2026-05-06 02:24:41,537] A new study created in memory with name: no-name-a5513130-39ab-46e8-a7fb-d9037e2c4fb1
[I 2026-05-06 02:24:41,815] Trial 0 finished with value: -0.04688013598139761 and parameters: {'confidence_threshold': 0.7790993046299082, 'training_days': 230, 'n_estimators': 295, 'max_depth': 5, 'num_leaves': 83, 'learning_rate': 0.051543455158230854, 'subsample': 0.8773243492079463, 'min_child_samples': 10, 'reg_alpha': 0.034096514368237685, 'reg_lambda': 3.154180388637081e-05}. Best is trial 0 with value: -0.04688013598139761.
