[I 2026-05-06 02:22:53,971] Trial 8 finished with value: 0.1747772695544147 and parameters: {'confidence_threshold': 0.6525471176758836, 'training_days': 440, 'n_estimators': 116, 'max_depth': 4, 'num_leaves': 115, 'learning_rate': 0.010229952960863938, 'subsample': 0.5062159465415076, 'min_child_samples': 54, 'reg_alpha': 6.790626457822126e-06, 'reg_lambda': 1.7869141074987722e-05}. Best is trial 8 with value: 0.1747772695544147.

    [CV fold 3] train_end=2023-09-24 00:00 | val_start=2023-10-01 16:00 | gap=184h (22 rows)
    [CV fold 4] train_end=2024-01-23 16:00 | val_start=2024-01-31 08:00 | gap=184h (22 rows)
    [trial 0] Sharpe=-0.0302 (folds: 0.0691, -0.1503, -0.0199, -0.1410, 0.0913)
    [trial 1] 14 features, training_days=410 | threshold=0.693 | labels: 1133 long, 1060 short (52/48%)
    [trial 1] Sharpe=0.0915 (folds: 0.4408, -0.0175, 0.1176, -0.0558, -0.0277)
    [trial 2] 14 features, training_days=270 | threshold=0.546 | labels: 1133 long, 1060 short (52/48%)
    [trial 2] Sharpe=0.0501 (folds: 0.0386, 0.0184, 0.1192, -0.0340, 0.1083)
    [trial 3] 14 features, training_days=270 | threshold=0.600 | labels: 1133 long, 1060 short (52/48%)
    [trial 3] Sharpe=0.0220 (folds: 0.0397, 0.0044, 0.1221, -0.1484, 0.0924)
    [trial 4] 14 features, training_days=390 | threshold=0.764 | labels: 1133 long, 1060 short (52/48%)
    [trial 4] Sharpe=0.0432 (folds: 0.0633, -0.0299, 0.1778, 0.0573, -0.0527)
    [trial 5] 14 features, training_days=60 | threshold=0.603 | labels: 1133 long, 1060 short (52/48%)
    [trial 5] Sharpe=0.0089 (folds: 0.1592, -0.3346, 0.1584, -0.0822, 0.1435)
    [trial 6] 14 features, training_days=290 | threshold=0.738 | labels: 1133 long, 1060 short (52/48%)
    [trial 6] Sharpe=0.0168 (folds: 0.1094, 0.0006, 0.1531, 0.0780, -0.2571)
    [trial 7] 14 features, training_days=70 | threshold=0.564 | labels: 1133 long, 1060 short (52/48%)
    [trial 7] Sharpe=-0.0172 (folds: 0.0416, -0.3941, 0.1815, 0.0922, -0.0072)
    [trial 8] 14 features, training_days=440 | threshold=0.653 | labels: 1133 long, 1060 short (52/48%)
    [trial 8] Sharpe=0.0361 (folds: 0.1934, -0.0274, 0.2382, 0.0780, -0.3019)
    [trial 9] 14 features, training_days=360 | threshold=0.728 | labels: 1133 long, 1060 short (52/48%)
    [trial 9] Sharpe=-0.1887 (folds: 0.1490, 0.1040, -0.7751, -0.3389, -0.0825)
  Optuna: 10 trials, best Sharpe = 0.0915
  Best params: n_estimators=233, max_depth=5, lr=0.0137, leaves=108
  Best confidence_threshold: 0.693
  Best training_days: 410
  Retrained on full data (1230 samples, 14 features)
  Model trained for 2024-06: 90 test candles with features, confidence_threshold=0.693
[predict] 2024-06-23 16:00 MKRUSDT → LONG (proba=0.72 TP=12.2%/SL=6.1%)
[trade:open] 2024-06-23 23:59 MKRUSDT LONG @ 2255.50 | SL=2118.30 TP=2529.90 | timeout=2024-06-30 23:59
[trade:close] 2024-06-24 23:59 MKRUSDT LONG → stop_loss @ 2118.30 | PnL=-6.08% (net -6.18%) | cum=-19.04% 2024-06=-6.18% 2024-06-24=-6.18%
[predict] 2024-06-27 08:00 MKRUSDT → LONG (proba=0.74 TP=11.5%/SL=5.8%)
[trade:open] 2024-06-27 15:59 MKRUSDT LONG @ 2613.50 | SL=2462.93 TP=2914.64 | timeout=2024-07-04 15:59
[trade:close] 2024-06-29 15:59 MKRUSDT LONG → stop_loss @ 2462.93 | PnL=-5.76% (net -5.86%) | cum=-24.91% 2024-06=-12.04% 2024-06-29=-5.86%
[lgbm] === Training for 2024-07 ===
  Train window: 2022-07-01 → 2024-07-01
  2193 training samples from 1 symbols
  Samples per month: 2022-07: 93, 2022-08: 93, 2022-09: 90, 2022-10: 93, 2022-11: 90, 2022-12: 93, 2023-01: 93, 2023-02: 84, 2023-03: 93, 2023-04: 90, 2023-05: 93, 2023-06: 90, 2023-07: 93, 2023-08: 93, 2023-09: 90, 2023-10: 93, 2023-11: 90, 2023-12: 93, 2024-01: 93, 2024-02: 87, 2024-03: 93, 2024-04: 90, 2024-05: 93, 2024-06: 90
  [label] 2022-09-01 08:00 MKRUSDT entry=746.2000 → SHORT | long=sl(-6.84%) short=timeout(+1.87%) | scanned=22 | no_tp→fwd_return=-1.9700
  [label] 2022-09-03 16:00 MKRUSDT entry=742.1000 → LONG | long=sl(-6.11%) short=sl(-6.11%) | scanned=17 | no_tp→fwd_return=+4.0291
  [label] 2022-09-07 08:00 MKRUSDT entry=724.8000 → SHORT | long=timeout(-3.76%) short=sl(-5.92%) | scanned=22 | no_tp→fwd_return=-3.6562
  [label] 2022-10-02 08:00 MKRUSDT entry=760.3000 → LONG | long=tp(+11.58%) short=sl(-5.94%) | scanned=5 | long_tp_only
  [label] 2022-11-24 08:00 MKRUSDT entry=662.0000 → SHORT | long=sl(-6.37%) short=timeout(+1.92%) | scanned=22 | no_tp→fwd_return=-2.0242
  [label] 2023-05-11 08:00 MKRUSDT entry=625.0000 → LONG | long=sl(-4.57%) short=timeout(-1.27%) | scanned=22 | no_tp→fwd_return=+1.1680
  [label] 2023-05-15 08:00 MKRUSDT entry=644.1000 → SHORT | long=sl(-4.10%) short=timeout(+2.35%) | scanned=22 | no_tp→fwd_return=-2.4530
  [label] 2023-05-26 00:00 MKRUSDT entry=621.7000 → LONG | long=tp(+5.76%) short=sl(-3.03%) | scanned=21 | long_tp_only
  [label] 2023-07-10 08:00 MKRUSDT entry=919.7000 → LONG | long=sl(-8.51%) short=sl(-8.51%) | scanned=18 | no_tp→fwd_return=+6.2629
  [label] 2023-07-19 00:00 MKRUSDT entry=976.8000 → LONG | long=tp(+13.97%) short=sl(-7.13%) | scanned=6 | long_tp_only
  [label] 2023-10-18 16:00 MKRUSDT entry=1378.2000 → LONG | long=tp(+7.47%) short=sl(-3.89%) | scanned=13 | long_tp_only
  [label] 2023-11-19 16:00 MKRUSDT entry=1386.0000 → LONG | long=timeout(+7.22%) short=sl(-5.40%) | scanned=22 | no_tp→fwd_return=+7.3160
  [label] 2023-12-06 00:00 MKRUSDT entry=1484.2000 → SHORT | long=sl(-3.42%) short=tp(+6.55%) | scanned=15 | short_tp_only
  [label] 2023-12-19 00:00 MKRUSDT entry=1299.0000 → LONG | long=tp(+7.52%) short=sl(-3.91%) | scanned=12 | long_tp_only
  [label] 2024-01-06 16:00 MKRUSDT entry=1699.1000 → LONG | long=tp(+14.99%) short=sl(-7.65%) | scanned=6 | long_tp_only
  [label] 2024-01-13 00:00 MKRUSDT entry=2083.1000 → SHORT | long=sl(-7.45%) short=timeout(+5.66%) | scanned=22 | no_tp→fwd_return=-5.7606
  [label] 2024-01-25 08:00 MKRUSDT entry=2115.8000 → SHORT | long=sl(-4.57%) short=tp(+8.84%) | scanned=20 | short_tp_only
  [label] 2024-03-05 08:00 MKRUSDT entry=2096.3000 → SHORT | long=sl(-4.94%) short=tp(+9.58%) | scanned=1 | short_tp_only
  [label] 2024-03-15 08:00 MKRUSDT entry=2796.3000 → LONG | long=tp(+16.12%) short=sl(-8.21%) | scanned=6 | long_tp_only
  [label] 2024-06-10 08:00 MKRUSDT entry=2414.9000 → SHORT | long=sl(-4.13%) short=tp(+7.96%) | scanned=3 | short_tp_only
  Labels: 1116 long (50.9%), 1077 short (49.1%) | weights: min=1.00, mean=3.73, max=10.00
  Features: 2193/2193 matched, 14 columns
  CV gap: 22 rows
    [trial 0] 14 features, training_days=230 | threshold=0.779 | labels: 1116 long, 1077 short (51/49%)
    [CV fold 0] train_end=2022-10-24 00:00 | val_start=2022-10-31 16:00 | gap=184h (22 rows)
    [CV fold 1] train_end=2023-02-22 16:00 | val_start=2023-03-02 08:00 | gap=184h (22 rows)
    [CV fold 2] train_end=2023-06-24 08:00 | val_start=2023-07-02 00:00 | gap=184h (22 rows)
    [CV fold 3] train_end=2023-10-24 00:00 | val_start=2023-10-31 16:00 | gap=184h (22 rows)
    [CV fold 4] train_end=2024-02-22 16:00 | val_start=2024-03-01 08:00 | gap=184h (22 rows)
    [trial 0] Sharpe=0.0446 (folds: 0.4154, -0.0938, -0.1365, 0.0327, 0.0051)
    [trial 1] 14 features, training_days=410 | threshold=0.693 | labels: 1116 long, 1077 short (51/49%)
    [trial 1] Sharpe=0.0944 (folds: 0.2505, 0.1152, 0.0780, 0.1719, -0.1437)
    [trial 2] 14 features, training_days=270 | threshold=0.546 | labels: 1116 long, 1077 short (51/49%)
    [trial 2] Sharpe=0.0077 (folds: 0.1990, 0.0326, -0.1063, -0.0373, -0.0494)
    [trial 3] 14 features, training_days=270 | threshold=0.600 | labels: 1116 long, 1077 short (51/49%)
    [trial 3] Sharpe=0.0271 (folds: 0.2100, -0.0572, 0.0427, 0.0167, -0.0767)
    [trial 4] 14 features, training_days=390 | threshold=0.764 | labels: 1116 long, 1077 short (51/49%)
    [trial 4] Sharpe=-0.0143 (folds: 0.3434, -0.0339, 0.1521, -0.3127, -0.2204)
    [trial 5] 14 features, training_days=60 | threshold=0.603 | labels: 1116 long, 1077 short (51/49%)
    [trial 5] Sharpe=0.0681 (folds: 0.2327, 0.1387, -0.0209, 0.0090, -0.0191)
    [trial 6] 14 features, training_days=290 | threshold=0.738 | labels: 1116 long, 1077 short (51/49%)
    [trial 6] Sharpe=0.0515 (folds: 0.3920, 0.0103, 0.0474, -0.1753, -0.0168)
    [trial 7] 14 features, training_days=70 | threshold=0.564 | labels: 1116 long, 1077 short (51/49%)
    [trial 7] Sharpe=-0.0376 (folds: 0.2225, -0.0493, -0.0625, 0.0388, -0.3377)
    [trial 8] 14 features, training_days=440 | threshold=0.653 | labels: 1116 long, 1077 short (51/49%)
    [trial 8] Sharpe=0.1748 (folds: 0.5162, 0.1485, 0.1114, 0.0271, 0.0708)
    [trial 9] 14 features, training_days=360 | threshold=0.728 | labels: 1116 long, 1077 short (51/49%)[I 2026-05-06 02:22:54,075] Trial 9 finished with value: -2.019165974798486 and parameters: {'confidence_threshold': 0.7277571993354469, 'training_days': 360, 'n_estimators': 75, 'max_depth': 5, 'num_leaves': 41, 'learning_rate': 0.014186743931212992, 'subsample': 0.7445187273047605, 'min_child_samples': 22, 'reg_alpha': 0.02393227447113315, 'reg_lambda': 0.009236766173618426}. Best is trial 8 with value: 0.1747772695544147.
[I 2026-05-06 02:22:54,389] A new study created in memory with name: no-name-efe335d6-daeb-4814-9744-c63672a4eb68
[I 2026-05-06 02:22:54,639] Trial 0 finished with value: -0.009135532930235057 and parameters: {'confidence_threshold': 0.7790993046299082, 'training_days': 230, 'n_estimators': 295, 'max_depth': 5, 'num_leaves': 83, 'learning_rate': 0.051543455158230854, 'subsample': 0.8773243492079463, 'min_child_samples': 10, 'reg_alpha': 0.034096514368237685, 'reg_lambda': 3.154180388637081e-05}. Best is trial 0 with value: -0.009135532930235057.
[I 2026-05-06 02:22:54,781] Trial 1 finished with value: -0.04145891645774623 and parameters: {'confidence_threshold': 0.6929247853618086, 'training_days': 410, 'n_estimators': 233, 'max_depth': 5, 'num_leaves': 108, 'learning_rate': 0.013724237108071606, 'subsample': 0.7013182233636002, 'min_child_samples': 94, 'reg_alpha': 2.4040959529260723e-06, 'reg_lambda': 5.320966582161148}. Best is trial 0 with value: -0.009135532930235057.
[I 2026-05-06 02:22:54,860] Trial 2 finished with value: -0.06869083282959025 and parameters: {'confidence_threshold': 0.546341527225763, 'training_days': 270, 'n_estimators': 120, 'max_depth': 4, 'num_leaves': 53, 'learning_rate': 0.060197068579343475, 'subsample': 0.588227873455941, 'min_child_samples': 91, 'reg_alpha': 2.3457771824819002e-08, 'reg_lambda': 1.1358840775642732e-08}. Best is trial 0 with value: -0.009135532930235057.
[I 2026-05-06 02:22:55,058] Trial 3 finished with value: -0.09879870739934261 and parameters: {'confidence_threshold': 0.6000319676300473, 'training_days': 270, 'n_estimators': 382, 'max_depth': 4, 'num_leaves': 44, 'learning_rate': 0.09185046765032388, 'subsample': 0.6743651508646724, 'min_child_samples': 77, 'reg_alpha': 0.0013974578104212739, 'reg_lambda': 8.97190257982477e-08}. Best is trial 0 with value: -0.009135532930235057.
[I 2026-05-06 02:22:55,467] Trial 4 finished with value: -0.05143490440881474 and parameters: {'confidence_threshold': 0.7642618789055509, 'training_days': 390, 'n_estimators': 464, 'max_depth': 5, 'num_leaves': 30, 'learning_rate': 0.024562383309704932, 'subsample': 0.8612975035964376, 'min_child_samples': 36, 'reg_alpha': 1.593999300080167, 'reg_lambda': 0.006081270362829788}. Best is trial 0 with value: -0.009135532930235057.
[I 2026-05-06 02:22:55,635] Trial 5 finished with value: -0.013776011753447892 and parameters: {'confidence_threshold': 0.6029115860358569, 'training_days': 60, 'n_estimators': 441, 'max_depth': 3, 'num_leaves': 66, 'learning_rate': 0.044953114425778824, 'subsample': 0.7098948461279406, 'min_child_samples': 15, 'reg_alpha': 4.888753565548431e-07, 'reg_lambda': 4.198190642566389}. Best is trial 0 with value: -0.009135532930235057.
[I 2026-05-06 02:22:55,930] Trial 6 finished with value: -0.12901335304152722 and parameters: {'confidence_threshold': 0.7376932868314098, 'training_days': 290, 'n_estimators': 249, 'max_depth': 5, 'num_leaves': 121, 'learning_rate': 0.015565840632862623, 'subsample': 0.8390183783709677, 'min_child_samples': 19, 'reg_alpha': 1.860444687368747e-08, 'reg_lambda': 2.7391483548058117e-06}. Best is trial 0 with value: -0.009135532930235057.
[I 2026-05-06 02:22:55,973] Trial 7 finished with value: 0.03729309855711188 and parameters: {'confidence_threshold': 0.563503962036334, 'training_days': 70, 'n_estimators': 63, 'max_depth': 3, 'num_leaves': 47, 'learning_rate': 0.18074927623018475, 'subsample': 0.5059692991701257, 'min_child_samples': 9, 'reg_alpha': 3.6945804405602874e-08, 'reg_lambda': 0.027706035542028905}. Best is trial 7 with value: 0.03729309855711188.
[I 2026-05-06 02:22:56,072] Trial 8 finished with value: -0.02064689002130978 and parameters: {'confidence_threshold': 0.6525471176758836, 'training_days': 440, 'n_estimators': 116, 'max_depth': 4, 'num_leaves': 115, 'learning_rate': 0.010229952960863938, 'subsample': 0.5062159465415076, 'min_child_samples': 54, 'reg_alpha': 6.790626457822126e-06, 'reg_lambda': 1.7869141074987722e-05}. Best is trial 7 with value: 0.03729309855711188.
[I 2026-05-06 02:22:56,165] Trial 9 finished with value: 0.0927843735805494 and parameters: {'confidence_threshold': 0.7277571993354469, 'training_days': 360, 'n_estimators': 75, 'max_depth': 5, 'num_leaves': 41, 'learning_rate': 0.014186743931212992, 'subsample': 0.7445187273047605, 'min_child_samples': 22, 'reg_alpha': 0.02393227447113315, 'reg_lambda': 0.009236766173618426}. Best is trial 9 with value: 0.0927843735805494.

    [trial 9] Sharpe=-2.0192 (folds: 0.6196, 0.1786, -10.0000, -0.7272, -0.1668)
  Optuna: 10 trials, best Sharpe = 0.1748
  Best params: n_estimators=116, max_depth=4, lr=0.0102, leaves=115
  Best confidence_threshold: 0.653
  Best training_days: 440
  Retrained on full data (1320 samples, 14 features)
  Model trained for 2024-07: 93 test candles with features, confidence_threshold=0.653
[predict] 2024-07-15 00:00 MKRUSDT → LONG (proba=0.66 TP=9.3%/SL=4.7%)
[trade:open] 2024-07-15 07:59 MKRUSDT LONG @ 2816.10 | SL=2685.04 TP=3078.23 | timeout=2024-07-22 07:59
[trade:close] 2024-07-17 07:59 MKRUSDT LONG → take_profit @ 3078.23 | PnL=+9.31% (net +9.21%) | cum=-15.70% 2024-07=+9.21% 2024-07-17=+9.21%
[predict] 2024-07-21 16:00 MKRUSDT → LONG (proba=0.73 TP=10.2%/SL=5.1%)
[trade:open] 2024-07-21 23:59 MKRUSDT LONG @ 2896.20 | SL=2748.87 TP=3190.85 | timeout=2024-07-28 23:59
[trade:close] 2024-07-22 15:59 MKRUSDT LONG → stop_loss @ 2748.87 | PnL=-5.09% (net -5.19%) | cum=-20.88% 2024-07=+4.02% 2024-07-22=-5.19%
[predict] 2024-07-25 08:00 MKRUSDT → LONG (proba=0.72 TP=11.9%/SL=5.9%)
[trade:open] 2024-07-25 15:59 MKRUSDT LONG @ 2646.40 | SL=2489.34 TP=2960.51 | timeout=2024-08-01 15:59
[lgbm] === Training for 2024-08 ===
  Train window: 2022-08-01 → 2024-08-01
  2193 training samples from 1 symbols
  Samples per month: 2022-08: 93, 2022-09: 90, 2022-10: 93, 2022-11: 90, 2022-12: 93, 2023-01: 93, 2023-02: 84, 2023-03: 93, 2023-04: 90, 2023-05: 93, 2023-06: 90, 2023-07: 93, 2023-08: 93, 2023-09: 90, 2023-10: 93, 2023-11: 90, 2023-12: 93, 2024-01: 93, 2024-02: 87, 2024-03: 93, 2024-04: 90, 2024-05: 93, 2024-06: 90, 2024-07: 93
  [label] 2022-10-02 08:00 MKRUSDT entry=760.3000 → LONG | long=tp(+11.58%) short=sl(-5.94%) | scanned=5 | long_tp_only
  [label] 2022-10-04 16:00 MKRUSDT entry=845.3000 → LONG | long=tp(+10.69%) short=sl(-5.50%) | scanned=15 | long_tp_only
  [label] 2022-10-08 08:00 MKRUSDT entry=874.4000 → LONG | long=tp(+9.81%) short=sl(-5.06%) | scanned=4 | long_tp_only
  [label] 2022-11-02 08:00 MKRUSDT entry=854.6000 → SHORT | long=sl(-5.26%) short=sl(-5.26%) | scanned=17 | no_tp→fwd_return=-7.5825
  [label] 2022-12-25 08:00 MKRUSDT entry=539.3000 → SHORT | long=sl(-3.33%) short=tp(+6.35%) | scanned=20 | short_tp_only
  [label] 2023-06-11 08:00 MKRUSDT entry=599.3000 → LONG | long=tp(+10.63%) short=sl(-5.47%) | scanned=15 | long_tp_only
  [label] 2023-06-15 08:00 MKRUSDT entry=640.3000 → LONG | long=tp(+9.46%) short=sl(-4.88%) | scanned=12 | long_tp_only
  [label] 2023-06-26 00:00 MKRUSDT entry=694.4000 → LONG | long=sl(-5.24%) short=sl(-5.24%) | scanned=13 | no_tp→fwd_return=+16.8779
  [label] 2023-08-10 08:00 MKRUSDT entry=1251.8000 → SHORT | long=sl(-5.00%) short=tp(+9.70%) | scanned=19 | short_tp_only
  [label] 2023-08-19 00:00 MKRUSDT entry=1072.8000 → SHORT | long=sl(-5.73%) short=timeout(+4.44%) | scanned=22 | no_tp→fwd_return=-4.5395
  [label] 2023-11-18 16:00 MKRUSDT entry=1368.3000 → LONG | long=timeout(+6.51%) short=sl(-5.84%) | scanned=22 | no_tp→fwd_return=+6.6140
  [label] 2023-12-20 16:00 MKRUSDT entry=1288.6000 → LONG | long=tp(+7.45%) short=sl(-3.87%) | scanned=6 | long_tp_only
  [label] 2024-01-06 00:00 MKRUSDT entry=1712.4000 → LONG | long=tp(+15.28%) short=sl(-7.79%) | scanned=8 | long_tp_only
  [label] 2024-01-19 00:00 MKRUSDT entry=1982.6000 → LONG | long=sl(-5.77%) short=sl(-5.77%) | scanned=17 | no_tp→fwd_return=+7.2783
  [label] 2024-02-06 16:00 MKRUSDT entry=1951.9000 → LONG | long=tp(+6.42%) short=sl(-3.36%) | scanned=18 | long_tp_only
  [label] 2024-02-13 00:00 MKRUSDT entry=2088.4000 → LONG | long=sl(-2.89%) short=sl(-2.89%) | scanned=14 | no_tp→fwd_return=+2.0925
  [label] 2024-02-25 08:00 MKRUSDT entry=2038.3000 → LONG | long=tp(+7.62%) short=sl(-3.96%) | scanned=6 | long_tp_only
  [label] 2024-04-05 08:00 MKRUSDT entry=3776.5000 → SHORT | long=sl(-6.68%) short=tp(+13.06%) | scanned=21 | short_tp_only
  [label] 2024-04-15 08:00 MKRUSDT entry=3179.9000 → SHORT | long=sl(-8.40%) short=timeout(+8.99%) | scanned=22 | no_tp→fwd_return=-9.0852
  [label] 2024-07-11 08:00 MKRUSDT entry=2318.0000 → LONG | long=tp(+10.70%) short=sl(-5.50%) | scanned=5 | long_tp_only
  Labels: 1110 long (50.6%), 1083 short (49.4%) | weights: min=1.00, mean=3.69, max=10.00
  Features: 2193/2193 matched, 14 columns
  CV gap: 22 rows
    [trial 0] 14 features, training_days=230 | threshold=0.779 | labels: 1110 long, 1083 short (51/49%)
    [CV fold 0] train_end=2022-11-24 00:00 | val_start=2022-12-01 16:00 | gap=184h (22 rows)
    [CV fold 1] train_end=2023-03-25 16:00 | val_start=2023-04-02 08:00 | gap=184h (22 rows)
    [CV fold 2] train_end=2023-07-25 08:00 | val_start=2023-08-02 00:00 | gap=184h (22 rows)
    [CV fold 3] train_end=2023-11-24 00:00 | val_start=2023-12-01 16:00 | gap=184h (22 rows)
    [CV fold 4] train_end=2024-03-24 16:00 | val_start=2024-04-01 08:00 | gap=184h (22 rows)
    [trial 0] Sharpe=-0.0091 (folds: 0.1376, -0.0269, 0.0006, 0.2412, -0.3982)
    [trial 1] 14 features, training_days=410 | threshold=0.693 | labels: 1110 long, 1083 short (51/49%)
    [trial 1] Sharpe=-0.0415 (folds: 0.1262, -0.0011, -0.0750, 0.1249, -0.3823)
    [trial 2] 14 features, training_days=270 | threshold=0.546 | labels: 1110 long, 1083 short (51/49%)
    [trial 2] Sharpe=-0.0687 (folds: 0.0458, -0.0395, -0.1355, 0.1148, -0.3290)
    [trial 3] 14 features, training_days=270 | threshold=0.600 | labels: 1110 long, 1083 short (51/49%)
    [trial 3] Sharpe=-0.0988 (folds: 0.1493, -0.0447, -0.1616, -0.0510, -0.3861)
    [trial 4] 14 features, training_days=390 | threshold=0.764 | labels: 1110 long, 1083 short (51/49%)
    [trial 4] Sharpe=-0.0514 (folds: 0.1488, -0.0183, 0.1121, -0.0366, -0.4631)
    [trial 5] 14 features, training_days=60 | threshold=0.603 | labels: 1110 long, 1083 short (51/49%)
    [trial 5] Sharpe=-0.0138 (folds: 0.2277, -0.0549, 0.0471, 0.0562, -0.3450)
    [trial 6] 14 features, training_days=290 | threshold=0.738 | labels: 1110 long, 1083 short (51/49%)
    [trial 6] Sharpe=-0.1290 (folds: 0.1322, -0.0327, -0.3988, 0.0473, -0.3930)
    [trial 7] 14 features, training_days=70 | threshold=0.564 | labels: 1110 long, 1083 short (51/49%)
    [trial 7] Sharpe=0.0373 (folds: 0.2473, -0.0684, 0.0121, 0.0869, -0.0914)
    [trial 8] 14 features, training_days=440 | threshold=0.653 | labels: 1110 long, 1083 short (51/49%)
    [trial 8] Sharpe=-0.0206 (folds: 0.2371, 0.0023, -0.1006, 0.0961, -0.3380)
    [trial 9] 14 features, training_days=360 | threshold=0.728 | labels: 1110 long, 1083 short (51/49%)
    [trial 9] Sharpe=0.0928 (folds: 0.2691, 0.0530, -0.0406, 0.5411, -0.3586)
  Optuna: 10 trials, best Sharpe = 0.0928
  Best params: n_estimators=75, max_depth=5, lr=0.0142, leaves=41
  Best confidence_threshold: 0.728
  Best training_days: 360
  Retrained on full data (1080 samples, 14 features)
  Model trained for 2024-08: 93 test candles with features, confidence_threshold=0.728
[trade:close] 2024-08-01 16:00 MKRUSDT LONG → timeout @ 2713.20 | PnL=+2.52% (net +2.42%) | cum=-18.46% 2024-08=+2.42% 2024-08-01=+2.42%
[lgbm] === Training for 2024-09 ===
  Train window: 2022-09-01 → 2024-09-01
  2193 training samples from 1 symbols
  Samples per month: 2022-09: 90, 2022-10: 93, 2022-11: 90, 2022-12: 93, 2023-01: 93, 2023-02: 84, 2023-03: 93, 2023-04: 90, 2023-05: 93, 2023-06: 90, 2023-07: 93, 2023-08: 93, 2023-09: 90, 2023-10: 93, 2023-11: 90, 2023-12: 93, 2024-01: 93, 2024-02: 87, 2024-03: 93, 2024-04: 90, 2024-05: 93, 2024-06: 90, 2024-07: 93, 2024-08: 93
  [label] 2022-11-02 08:00 MKRUSDT entry=854.6000 → SHORT | long=sl(-5.26%) short=sl(-5.26%) | scanned=17 | no_tp→fwd_return=-7.5825
  [label] 2022-11-04 16:00 MKRUSDT entry=914.0000 → SHORT | long=sl(-5.36%) short=tp(+10.42%) | scanned=7 | short_tp_only
  [label] 2022-11-08 08:00 MKRUSDT entry=778.9000 → SHORT | long=sl(-6.43%) short=tp(+12.57%) | scanned=1 | short_tp_only
  [label] 2022-12-03 08:00 MKRUSDT entry=645.1000 → SHORT | long=sl(-4.21%) short=timeout(+3.95%) | scanned=22 | no_tp→fwd_return=-4.0459
  [label] 2023-01-25 08:00 MKRUSDT entry=652.3000 → SHORT | long=sl(-6.54%) short=timeout(+3.75%) | scanned=22 | no_tp→fwd_return=-3.8479[I 2026-05-06 02:22:56,458] A new study created in memory with name: no-name-ad681b5a-de1e-4c5e-85e4-9e4e8405f687
