[I 2026-05-06 02:20:41,185] Trial 9 finished with value: -0.16175611415537985 and parameters: {'confidence_threshold': 0.7277571993354469, 'training_days': 360, 'n_estimators': 75, 'max_depth': 5, 'num_leaves': 41, 'learning_rate': 0.014186743931212992, 'subsample': 0.7445187273047605, 'min_child_samples': 22, 'reg_alpha': 0.02393227447113315, 'reg_lambda': 0.009236766173618426}. Best is trial 7 with value: 0.02060245168095481.

[trade:close] 2022-05-11 15:59 BCHUSDT LONG → stop_loss @ 216.18 | PnL=-7.43% (net -7.53%) | cum=-25.79% 2022-05=-7.53% 2022-05-11=-7.53%
[predict] 2022-05-15 00:00 BCHUSDT → SHORT (proba=0.73 TP=27.5%/SL=13.7%)
[trade:open] 2022-05-15 07:59 BCHUSDT SHORT @ 208.48 | SL=237.10 TP=151.24 | timeout=2022-05-22 07:59
[trade:close] 2022-05-22 08:00 BCHUSDT SHORT → timeout @ 194.50 | PnL=+6.71% (net +6.61%) | cum=-19.18% 2022-05=-0.93% 2022-05-22=+6.61%
[lgbm] === Training for 2022-06 ===
  Train window: 2020-06-01 → 2022-06-01
  2190 training samples from 1 symbols
  Samples per month: 2020-06: 90, 2020-07: 93, 2020-08: 93, 2020-09: 90, 2020-10: 93, 2020-11: 90, 2020-12: 93, 2021-01: 93, 2021-02: 84, 2021-03: 93, 2021-04: 90, 2021-05: 93, 2021-06: 90, 2021-07: 93, 2021-08: 93, 2021-09: 90, 2021-10: 93, 2021-11: 90, 2021-12: 93, 2022-01: 93, 2022-02: 84, 2022-03: 93, 2022-04: 90, 2022-05: 93
  [label] 2020-08-02 08:00 BCHUSDT entry=283.2200 → LONG | long=tp(+14.59%) short=sl(-7.44%) | scanned=14 | long_tp_only
  [label] 2020-08-04 08:00 BCHUSDT entry=289.9600 → SHORT | long=timeout(-2.29%) short=sl(-7.10%) | scanned=22 | no_tp→fwd_return=-2.1934
  [label] 2020-08-08 08:00 BCHUSDT entry=306.9300 → SHORT | long=sl(-7.18%) short=timeout(+0.41%) | scanned=22 | no_tp→fwd_return=-0.5050
  [label] 2020-09-02 08:00 BCHUSDT entry=261.9000 → SHORT | long=sl(-6.21%) short=tp(+12.11%) | scanned=4 | short_tp_only
  [label] 2020-10-25 08:00 BCHUSDT entry=270.5500 → SHORT | long=sl(-4.25%) short=timeout(+0.62%) | scanned=22 | no_tp→fwd_return=-0.7171
  [label] 2021-04-10 16:00 BCHUSDT entry=674.4300 → LONG | long=tp(+12.65%) short=sl(-6.47%) | scanned=10 | long_tp_only
  [label] 2021-04-15 00:00 BCHUSDT entry=823.3500 → LONG | long=tp(+12.70%) short=sl(-6.50%) | scanned=3 | long_tp_only
  [label] 2021-04-25 16:00 BCHUSDT entry=759.5600 → LONG | long=tp(+28.85%) short=sl(-14.57%) | scanned=15 | long_tp_only
  [label] 2021-06-10 00:00 BCHUSDT entry=616.0400 → SHORT | long=sl(-10.49%) short=timeout(-0.03%) | scanned=22 | no_tp→fwd_return=-0.0698
  [label] 2021-06-18 16:00 BCHUSDT entry=562.8200 → SHORT | long=sl(-7.98%) short=tp(+15.66%) | scanned=8 | short_tp_only
  [label] 2021-09-18 00:00 BCHUSDT entry=636.3800 → SHORT | long=sl(-5.44%) short=tp(+10.57%) | scanned=6 | short_tp_only
  [label] 2021-10-20 00:00 BCHUSDT entry=608.6300 → SHORT | long=timeout(-3.33%) short=sl(-4.77%) | scanned=22 | no_tp→fwd_return=-3.2335
  [label] 2021-11-05 08:00 BCHUSDT entry=595.0400 → LONG | long=tp(+9.28%) short=sl(-4.79%) | scanned=11 | long_tp_only
  [label] 2021-11-18 08:00 BCHUSDT entry=559.3000 → LONG | long=tp(+11.54%) short=sl(-5.92%) | scanned=20 | long_tp_only
  [label] 2021-12-07 00:00 BCHUSDT entry=465.2500 → SHORT | long=sl(-8.56%) short=timeout(+7.14%) | scanned=22 | no_tp→fwd_return=-7.2391
  [label] 2021-12-13 08:00 BCHUSDT entry=429.5700 → SHORT | long=timeout(-1.89%) short=timeout(+1.69%) | scanned=22 | no_tp→fwd_return=-1.7948
  [label] 2021-12-25 16:00 BCHUSDT entry=455.1000 → SHORT | long=sl(-4.29%) short=sl(-4.29%) | scanned=11 | no_tp→fwd_return=-3.3355
  [label] 2022-02-03 16:00 BCHUSDT entry=280.9800 → LONG | long=tp(+11.43%) short=sl(-5.86%) | scanned=4 | long_tp_only
  [label] 2022-02-13 16:00 BCHUSDT entry=333.5100 → SHORT | long=sl(-5.58%) short=tp(+10.86%) | scanned=20 | short_tp_only
  [label] 2022-05-11 08:00 BCHUSDT entry=213.1900 → SHORT | long=sl(-10.02%) short=tp(+19.74%) | scanned=2 | short_tp_only
  Labels: 1062 long (48.5%), 1128 short (51.5%) | weights: min=1.01, mean=3.30, max=10.00
  Features: 2190/2190 matched, 14 columns
  CV gap: 22 rows
    [trial 0] 14 features, training_days=230 | threshold=0.779 | labels: 1062 long, 1128 short (48/52%)
    [CV fold 0] train_end=2020-09-23 00:00 | val_start=2020-09-30 16:00 | gap=184h (22 rows)
    [CV fold 1] train_end=2021-01-22 16:00 | val_start=2021-01-30 08:00 | gap=184h (22 rows)
    [CV fold 2] train_end=2021-05-24 08:00 | val_start=2021-06-01 00:00 | gap=184h (22 rows)
    [CV fold 3] train_end=2021-09-23 00:00 | val_start=2021-09-30 16:00 | gap=184h (22 rows)
    [CV fold 4] train_end=2022-01-22 16:00 | val_start=2022-01-30 08:00 | gap=184h (22 rows)
    [trial 0] Sharpe=-0.0510 (folds: -0.1494, 0.0060, -0.0949, -0.0213, 0.0047)
    [trial 1] 14 features, training_days=410 | threshold=0.693 | labels: 1062 long, 1128 short (48/52%)
    [trial 1] Sharpe=-0.1107 (folds: -0.2264, 0.0375, -0.0408, -0.3813, 0.0576)
    [trial 2] 14 features, training_days=270 | threshold=0.546 | labels: 1062 long, 1128 short (48/52%)
    [trial 2] Sharpe=-0.1214 (folds: -0.1777, 0.0009, -0.1009, -0.0980, -0.2315)
    [trial 3] 14 features, training_days=270 | threshold=0.600 | labels: 1062 long, 1128 short (48/52%)
    [trial 3] Sharpe=-0.0832 (folds: -0.1374, 0.0193, 0.0534, -0.1605, -0.1910)
    [trial 4] 14 features, training_days=390 | threshold=0.764 | labels: 1062 long, 1128 short (48/52%)
    [trial 4] Sharpe=-0.0975 (folds: -0.2339, 0.0335, 0.0803, -0.2043, -0.1630)
    [trial 5] 14 features, training_days=60 | threshold=0.603 | labels: 1062 long, 1128 short (48/52%)
    [trial 5] Sharpe=0.0123 (folds: -0.0967, 0.0583, 0.1036, -0.1069, 0.1033)
    [trial 6] 14 features, training_days=290 | threshold=0.738 | labels: 1062 long, 1128 short (48/52%)
    [trial 6] Sharpe=-0.1226 (folds: -0.0822, 0.0187, -0.0568, -0.1463, -0.3463)
    [trial 7] 14 features, training_days=70 | threshold=0.564 | labels: 1062 long, 1128 short (48/52%)
    [trial 7] Sharpe=0.0206 (folds: -0.0459, 0.1488, -0.1298, -0.0778, 0.2077)
    [trial 8] 14 features, training_days=440 | threshold=0.653 | labels: 1062 long, 1128 short (48/52%)
    [trial 8] Sharpe=-0.0982 (folds: -0.1766, -0.0771, -0.0722, -0.3064, 0.1413)
    [trial 9] 14 features, training_days=360 | threshold=0.728 | labels: 1062 long, 1128 short (48/52%)
    [trial 9] Sharpe=-0.1618 (folds: -0.0917, 0.0857, -0.5601, -0.2152, -0.0275)
  Optuna: 10 trials, best Sharpe = 0.0206
  Best params: n_estimators=63, max_depth=3, lr=0.1807, leaves=47
  Best confidence_threshold: 0.564
  Best training_days: 70
  Retrained on full data (210 samples, 14 features)
  Model trained for 2022-06: 90 test candles with features, confidence_threshold=0.564
[predict] 2022-06-15 16:00 BCHUSDT → SHORT (proba=1.00 TP=22.4%/SL=11.2%)
[trade:open] 2022-06-15 23:59 BCHUSDT SHORT @ 127.87 | SL=142.18 TP=99.25 | timeout=2022-06-22 23:59
[trade:close] 2022-06-23 00:00 BCHUSDT SHORT → timeout @ 112.65 | PnL=+11.90% (net +11.80%) | cum=-7.38% 2022-06=+11.80% 2022-06-23=+11.80%
[lgbm] === Training for 2022-07 ===
  Train window: 2020-07-01 → 2022-07-01
  2190 training samples from 1 symbols
  Samples per month: 2020-07: 93, 2020-08: 93, 2020-09: 90, 2020-10: 93, 2020-11: 90, 2020-12: 93, 2021-01: 93, 2021-02: 84, 2021-03: 93, 2021-04: 90, 2021-05: 93, 2021-06: 90, 2021-07: 93, 2021-08: 93, 2021-09: 90, 2021-10: 93, 2021-11: 90, 2021-12: 93, 2022-01: 93, 2022-02: 84, 2022-03: 93, 2022-04: 90, 2022-05: 93, 2022-06: 90
  [label] 2020-09-01 08:00 BCHUSDT entry=285.0400 → SHORT | long=sl(-4.62%) short=tp(+8.95%) | scanned=3 | short_tp_only
  [label] 2020-09-03 08:00 BCHUSDT entry=241.4300 → SHORT | long=sl(-7.19%) short=tp(+14.08%) | scanned=1 | short_tp_only
  [label] 2020-09-07 08:00 BCHUSDT entry=225.3800 → LONG | long=timeout(+1.08%) short=timeout(-1.28%) | scanned=22 | no_tp→fwd_return=+1.1758
  [label] 2020-10-02 08:00 BCHUSDT entry=217.4000 → LONG | long=tp(+8.84%) short=sl(-4.57%) | scanned=20 | long_tp_only
  [label] 2020-11-24 08:00 BCHUSDT entry=351.0500 → SHORT | long=sl(-6.88%) short=tp(+13.46%) | scanned=4 | short_tp_only
  [label] 2021-05-10 16:00 BCHUSDT entry=1321.0200 → SHORT | long=sl(-12.83%) short=sl(-12.83%) | scanned=9 | no_tp→fwd_return=-4.8516
  [label] 2021-05-15 00:00 BCHUSDT entry=1242.0000 → SHORT | long=sl(-14.35%) short=tp(+28.39%) | scanned=13 | short_tp_only
  [label] 2021-05-25 16:00 BCHUSDT entry=717.9700 → SHORT | long=timeout(-3.88%) short=timeout(+3.68%) | scanned=22 | no_tp→fwd_return=-3.7773
  [label] 2021-07-10 00:00 BCHUSDT entry=494.9000 → SHORT | long=sl(-6.66%) short=timeout(+11.80%) | scanned=22 | no_tp→fwd_return=-11.8994[I 2026-05-06 02:20:41,336] A new study created in memory with name: no-name-4f658f07-caa4-4d45-9f21-42dd1f266de2
[I 2026-05-06 02:20:41,597] Trial 0 finished with value: -0.12635959576239147 and parameters: {'confidence_threshold': 0.7790993046299082, 'training_days': 230, 'n_estimators': 295, 'max_depth': 5, 'num_leaves': 83, 'learning_rate': 0.051543455158230854, 'subsample': 0.8773243492079463, 'min_child_samples': 10, 'reg_alpha': 0.034096514368237685, 'reg_lambda': 3.154180388637081e-05}. Best is trial 0 with value: -0.12635959576239147.
[I 2026-05-06 02:20:41,733] Trial 1 finished with value: -0.07829350768479762 and parameters: {'confidence_threshold': 0.6929247853618086, 'training_days': 410, 'n_estimators': 233, 'max_depth': 5, 'num_leaves': 108, 'learning_rate': 0.013724237108071606, 'subsample': 0.7013182233636002, 'min_child_samples': 94, 'reg_alpha': 2.4040959529260723e-06, 'reg_lambda': 5.320966582161148}. Best is trial 1 with value: -0.07829350768479762.
[I 2026-05-06 02:20:41,802] Trial 2 finished with value: -0.17752538076872515 and parameters: {'confidence_threshold': 0.546341527225763, 'training_days': 270, 'n_estimators': 120, 'max_depth': 4, 'num_leaves': 53, 'learning_rate': 0.060197068579343475, 'subsample': 0.588227873455941, 'min_child_samples': 91, 'reg_alpha': 2.3457771824819002e-08, 'reg_lambda': 1.1358840775642732e-08}. Best is trial 1 with value: -0.07829350768479762.
[I 2026-05-06 02:20:41,979] Trial 3 finished with value: -0.18618522530264509 and parameters: {'confidence_threshold': 0.6000319676300473, 'training_days': 270, 'n_estimators': 382, 'max_depth': 4, 'num_leaves': 44, 'learning_rate': 0.09185046765032388, 'subsample': 0.6743651508646724, 'min_child_samples': 77, 'reg_alpha': 0.0013974578104212739, 'reg_lambda': 8.97190257982477e-08}. Best is trial 1 with value: -0.07829350768479762.
[I 2026-05-06 02:20:42,313] Trial 4 finished with value: -0.17253315144065307 and parameters: {'confidence_threshold': 0.7642618789055509, 'training_days': 390, 'n_estimators': 464, 'max_depth': 5, 'num_leaves': 30, 'learning_rate': 0.024562383309704932, 'subsample': 0.8612975035964376, 'min_child_samples': 36, 'reg_alpha': 1.593999300080167, 'reg_lambda': 0.006081270362829788}. Best is trial 1 with value: -0.07829350768479762.
[I 2026-05-06 02:20:42,454] Trial 5 finished with value: 0.02867068154617259 and parameters: {'confidence_threshold': 0.6029115860358569, 'training_days': 60, 'n_estimators': 441, 'max_depth': 3, 'num_leaves': 66, 'learning_rate': 0.044953114425778824, 'subsample': 0.7098948461279406, 'min_child_samples': 15, 'reg_alpha': 4.888753565548431e-07, 'reg_lambda': 4.198190642566389}. Best is trial 5 with value: 0.02867068154617259.
[I 2026-05-06 02:20:42,686] Trial 6 finished with value: -0.12599813408058935 and parameters: {'confidence_threshold': 0.7376932868314098, 'training_days': 290, 'n_estimators': 249, 'max_depth': 5, 'num_leaves': 121, 'learning_rate': 0.015565840632862623, 'subsample': 0.8390183783709677, 'min_child_samples': 19, 'reg_alpha': 1.860444687368747e-08, 'reg_lambda': 2.7391483548058117e-06}. Best is trial 5 with value: 0.02867068154617259.
[I 2026-05-06 02:20:42,724] Trial 7 finished with value: 0.02143822972510458 and parameters: {'confidence_threshold': 0.563503962036334, 'training_days': 70, 'n_estimators': 63, 'max_depth': 3, 'num_leaves': 47, 'learning_rate': 0.18074927623018475, 'subsample': 0.5059692991701257, 'min_child_samples': 9, 'reg_alpha': 3.6945804405602874e-08, 'reg_lambda': 0.027706035542028905}. Best is trial 5 with value: 0.02867068154617259.
[I 2026-05-06 02:20:42,811] Trial 8 finished with value: 0.059804805878019576 and parameters: {'confidence_threshold': 0.6525471176758836, 'training_days': 440, 'n_estimators': 116, 'max_depth': 4, 'num_leaves': 115, 'learning_rate': 0.010229952960863938, 'subsample': 0.5062159465415076, 'min_child_samples': 54, 'reg_alpha': 6.790626457822126e-06, 'reg_lambda': 1.7869141074987722e-05}. Best is trial 8 with value: 0.059804805878019576.
[I 2026-05-06 02:20:42,903] Trial 9 finished with value: -0.1661187525580015 and parameters: {'confidence_threshold': 0.7277571993354469, 'training_days': 360, 'n_estimators': 75, 'max_depth': 5, 'num_leaves': 41, 'learning_rate': 0.014186743931212992, 'subsample': 0.7445187273047605, 'min_child_samples': 22, 'reg_alpha': 0.02393227447113315, 'reg_lambda': 0.009236766173618426}. Best is trial 8 with value: 0.059804805878019576.
[I 2026-05-06 02:20:43,072] A new study created in memory with name: no-name-9ce3546e-9b8c-4c47-b29d-1d0948066a17
[I 2026-05-06 02:20:43,307] Trial 0 finished with value: -0.038070544611183074 and parameters: {'confidence_threshold': 0.7790993046299082, 'training_days': 230, 'n_estimators': 295, 'max_depth': 5, 'num_leaves': 83, 'learning_rate': 0.051543455158230854, 'subsample': 0.8773243492079463, 'min_child_samples': 10, 'reg_alpha': 0.034096514368237685, 'reg_lambda': 3.154180388637081e-05}. Best is trial 0 with value: -0.038070544611183074.

  [label] 2021-07-18 16:00 BCHUSDT entry=437.7500 → SHORT | long=sl(-6.02%) short=tp(+11.73%) | scanned=5 | short_tp_only
  [label] 2021-10-18 00:00 BCHUSDT entry=614.5000 → LONG | long=timeout(+1.26%) short=sl(-4.99%) | scanned=22 | no_tp→fwd_return=+1.3588
  [label] 2021-11-19 00:00 BCHUSDT entry=556.0000 → LONG | long=tp(+11.50%) short=sl(-5.90%) | scanned=17 | long_tp_only
  [label] 2021-12-05 08:00 BCHUSDT entry=441.6400 → LONG | long=timeout(+1.79%) short=sl(-9.14%) | scanned=22 | no_tp→fwd_return=+1.8929
  [label] 2021-12-18 08:00 BCHUSDT entry=435.2300 → LONG | long=timeout(+3.93%) short=timeout(-4.13%) | scanned=22 | no_tp→fwd_return=+4.0346
  [label] 2022-01-06 00:00 BCHUSDT entry=394.6900 → SHORT | long=sl(-4.49%) short=tp(+8.69%) | scanned=13 | short_tp_only
  [label] 2022-01-12 08:00 BCHUSDT entry=381.2600 → SHORT | long=timeout(-3.03%) short=timeout(+2.83%) | scanned=22 | no_tp→fwd_return=-2.9271
  [label] 2022-01-24 16:00 BCHUSDT entry=292.2200 → SHORT | long=timeout(-2.68%) short=timeout(+2.48%) | scanned=22 | no_tp→fwd_return=-2.5837
  [label] 2022-03-05 16:00 BCHUSDT entry=293.9600 → LONG | long=sl(-6.06%) short=sl(-6.06%) | scanned=12 | no_tp→fwd_return=+4.4632
  [label] 2022-03-15 16:00 BCHUSDT entry=289.1400 → LONG | long=tp(+9.89%) short=sl(-5.10%) | scanned=12 | long_tp_only
  [label] 2022-06-10 08:00 BCHUSDT entry=170.7500 → SHORT | long=sl(-6.62%) short=tp(+12.94%) | scanned=5 | short_tp_only
  Labels: 1049 long (47.9%), 1141 short (52.1%) | weights: min=1.00, mean=3.34, max=10.00
  Features: 2190/2190 matched, 14 columns
  CV gap: 22 rows
    [trial 0] 14 features, training_days=230 | threshold=0.779 | labels: 1049 long, 1141 short (48/52%)
    [CV fold 0] train_end=2020-10-23 00:00 | val_start=2020-10-30 16:00 | gap=184h (22 rows)
    [CV fold 1] train_end=2021-02-21 16:00 | val_start=2021-03-01 08:00 | gap=184h (22 rows)
    [CV fold 2] train_end=2021-06-23 08:00 | val_start=2021-07-01 00:00 | gap=184h (22 rows)
    [CV fold 3] train_end=2021-10-23 00:00 | val_start=2021-10-30 16:00 | gap=184h (22 rows)
    [CV fold 4] train_end=2022-02-21 16:00 | val_start=2022-03-01 08:00 | gap=184h (22 rows)
    [trial 0] Sharpe=-0.1264 (folds: -0.1166, 0.0011, 0.0327, -0.1324, -0.4166)
    [trial 1] 14 features, training_days=410 | threshold=0.693 | labels: 1049 long, 1141 short (48/52%)
    [trial 1] Sharpe=-0.0783 (folds: -0.0681, -0.0410, 0.1455, -0.1139, -0.3140)
    [trial 2] 14 features, training_days=270 | threshold=0.546 | labels: 1049 long, 1141 short (48/52%)
    [trial 2] Sharpe=-0.1775 (folds: -0.0691, -0.0230, -0.0798, -0.2358, -0.4799)
    [trial 3] 14 features, training_days=270 | threshold=0.600 | labels: 1049 long, 1141 short (48/52%)
    [trial 3] Sharpe=-0.1862 (folds: -0.1401, -0.0743, -0.0820, -0.1422, -0.4922)
    [trial 4] 14 features, training_days=390 | threshold=0.764 | labels: 1049 long, 1141 short (48/52%)
    [trial 4] Sharpe=-0.1725 (folds: -0.1441, -0.0409, 0.1003, -0.1963, -0.5816)
    [trial 5] 14 features, training_days=60 | threshold=0.603 | labels: 1049 long, 1141 short (48/52%)
    [trial 5] Sharpe=0.0287 (folds: -0.0614, 0.3416, 0.0012, -0.2400, 0.1020)
    [trial 6] 14 features, training_days=290 | threshold=0.738 | labels: 1049 long, 1141 short (48/52%)
    [trial 6] Sharpe=-0.1260 (folds: -0.0563, -0.0082, 0.2019, -0.1561, -0.6111)
    [trial 7] 14 features, training_days=70 | threshold=0.564 | labels: 1049 long, 1141 short (48/52%)
    [trial 7] Sharpe=0.0214 (folds: 0.0036, 0.3063, -0.0716, -0.1608, 0.0297)
    [trial 8] 14 features, training_days=440 | threshold=0.653 | labels: 1049 long, 1141 short (48/52%)
    [trial 8] Sharpe=0.0598 (folds: -0.0963, -0.0159, 0.4838, -0.2004, 0.1279)
    [trial 9] 14 features, training_days=360 | threshold=0.728 | labels: 1049 long, 1141 short (48/52%)
    [trial 9] Sharpe=-0.1661 (folds: -0.1917, 0.0133, 0.0159, -0.0964, -0.5718)
  Optuna: 10 trials, best Sharpe = 0.0598
  Best params: n_estimators=116, max_depth=4, lr=0.0102, leaves=115
  Best confidence_threshold: 0.653
  Best training_days: 440
  Retrained on full data (1320 samples, 14 features)
  Model trained for 2022-07: 93 test candles with features, confidence_threshold=0.653
[lgbm] === Training for 2022-08 ===
  Train window: 2020-08-01 → 2022-08-01
  2190 training samples from 1 symbols
  Samples per month: 2020-08: 93, 2020-09: 90, 2020-10: 93, 2020-11: 90, 2020-12: 93, 2021-01: 93, 2021-02: 84, 2021-03: 93, 2021-04: 90, 2021-05: 93, 2021-06: 90, 2021-07: 93, 2021-08: 93, 2021-09: 90, 2021-10: 93, 2021-11: 90, 2021-12: 93, 2022-01: 93, 2022-02: 84, 2022-03: 93, 2022-04: 90, 2022-05: 93, 2022-06: 90, 2022-07: 93
  [label] 2020-10-02 08:00 BCHUSDT entry=217.4000 → LONG | long=tp(+8.84%) short=sl(-4.57%) | scanned=20 | long_tp_only
  [label] 2020-10-04 08:00 BCHUSDT entry=218.6400 → LONG | long=tp(+7.74%) short=sl(-4.02%) | scanned=12 | long_tp_only
  [label] 2020-10-08 08:00 BCHUSDT entry=235.4900 → LONG | long=tp(+7.91%) short=sl(-4.11%) | scanned=15 | long_tp_only
  [label] 2020-11-02 08:00 BCHUSDT entry=257.9200 → SHORT | long=sl(-4.57%) short=tp(+8.85%) | scanned=2 | short_tp_only
  [label] 2020-12-25 08:00 BCHUSDT entry=310.8600 → LONG | long=tp(+18.18%) short=sl(-9.24%) | scanned=7 | long_tp_only
  [label] 2021-06-10 16:00 BCHUSDT entry=601.3300 → SHORT | long=timeout(-0.56%) short=timeout(+0.36%) | scanned=22 | no_tp→fwd_return=-0.4606
  [label] 2021-06-15 00:00 BCHUSDT entry=646.4800 → SHORT | long=sl(-7.88%) short=tp(+15.47%) | scanned=11 | short_tp_only
  [label] 2021-06-25 16:00 BCHUSDT entry=448.7400 → LONG | long=tp(+19.74%) short=sl(-10.02%) | scanned=11 | long_tp_only
  [label] 2021-08-10 00:00 BCHUSDT entry=589.5200 → LONG | long=tp(+9.82%) short=sl(-5.06%) | scanned=6 | long_tp_only
  [label] 2021-08-18 16:00 BCHUSDT entry=632.2100 → LONG | long=timeout(+2.81%) short=sl(-5.81%) | scanned=22 | no_tp→fwd_return=+2.9073
  [label] 2021-11-18 00:00 BCHUSDT entry=582.8500 → LONG | long=sl(-5.54%) short=sl(-5.54%) | scanned=20 | no_tp→fwd_return=+6.1971
  [label] 2021-12-20 00:00 BCHUSDT entry=428.4600 → LONG | long=timeout(+5.09%) short=sl(-5.85%) | scanned=22 | no_tp→fwd_return=+5.1907
  [label] 2022-01-05 08:00 BCHUSDT entry=429.7000 → SHORT | long=sl(-3.68%) short=tp(+7.06%) | scanned=1 | short_tp_only
  [label] 2022-01-18 08:00 BCHUSDT entry=378.1600 → SHORT | long=sl(-4.21%) short=tp(+8.12%) | scanned=8 | short_tp_only
  [label] 2022-02-06 00:00 BCHUSDT entry=322.6700 → LONG | long=tp(+10.19%) short=sl(-5.24%) | scanned=13 | long_tp_only
  [label] 2022-02-12 08:00 BCHUSDT entry=319.0200 → SHORT | long=timeout(-2.65%) short=sl(-5.83%) | scanned=22 | no_tp→fwd_return=-2.5484
  [label] 2022-02-24 16:00 BCHUSDT entry=300.4400 → LONG | long=tp(+13.23%) short=sl(-6.77%) | scanned=13 | long_tp_only
  [label] 2022-04-05 16:00 BCHUSDT entry=365.0500 → SHORT | long=sl(-4.95%) short=tp(+9.60%) | scanned=3 | short_tp_only
  [label] 2022-04-15 16:00 BCHUSDT entry=340.6200 → SHORT | long=sl(-5.14%) short=timeout(+5.73%) | scanned=22 | no_tp→fwd_return=-5.8276
  [label] 2022-07-11 08:00 BCHUSDT entry=103.7100 → LONG | long=sl(-5.80%) short=sl(-5.80%) | scanned=16 | no_tp→fwd_return=+5.5250
  Labels: 1036 long (47.3%), 1154 short (52.7%) | weights: min=1.00, mean=3.37, max=10.00
  Features: 2190/2190 matched, 14 columns
  CV gap: 22 rows
    [trial 0] 14 features, training_days=230 | threshold=0.779 | labels: 1036 long, 1154 short (47/53%)
    [CV fold 0] train_end=2020-11-23 00:00 | val_start=2020-11-30 16:00 | gap=184h (22 rows)
    [CV fold 1] train_end=2021-03-24 16:00 | val_start=2021-04-01 08:00 | gap=184h (22 rows)
    [CV fold 2] train_end=2021-07-24 08:00 | val_start=2021-08-01 00:00 | gap=184h (22 rows)
    [CV fold 3] train_end=2021-11-23 00:00 | val_start=2021-11-30 16:00 | gap=184h (22 rows)
    [CV fold 4] train_end=2022-03-24 16:00 | val_start=2022-04-01 08:00 | gap=184h (22 rows)
    [trial 0] Sharpe=-0.0381 (folds: 0.1613, 0.0427, -0.0453, -0.0388, -0.3103)
    [trial 1] 14 features, training_days=410 | threshold=0.693 | labels: 1036 long, 1154 short (47/53%)
