[I 2026-05-06 02:23:11,210] Trial 1 finished with value: 0.009287555075848775 and parameters: {'confidence_threshold': 0.6929247853618086, 'training_days': 410, 'n_estimators': 233, 'max_depth': 5, 'num_leaves': 108, 'learning_rate': 0.013724237108071606, 'subsample': 0.7013182233636002, 'min_child_samples': 94, 'reg_alpha': 2.4040959529260723e-06, 'reg_lambda': 5.320966582161148}. Best is trial 1 with value: 0.009287555075848775.

  [label] 2024-11-13 08:00 MKRUSDT entry=1536.0000 → LONG | long=sl(-7.16%) short=timeout(-1.30%) | scanned=22 | no_tp→fwd_return=+1.2044
  [label] 2025-02-08 08:00 MKRUSDT entry=919.0000 → LONG | long=tp(+15.81%) short=sl(-8.06%) | scanned=7 | long_tp_only
  Labels: 1088 long (49.6%), 1105 short (50.4%) | weights: min=1.00, mean=3.83, max=10.00
  Features: 2193/2193 matched, 14 columns
  CV gap: 22 rows
    [trial 0] 14 features, training_days=230 | threshold=0.779 | labels: 1088 long, 1105 short (50/50%)
    [CV fold 0] train_end=2023-06-24 00:00 | val_start=2023-07-01 16:00 | gap=184h (22 rows)
    [CV fold 1] train_end=2023-10-23 16:00 | val_start=2023-10-31 08:00 | gap=184h (22 rows)
    [CV fold 2] train_end=2024-02-22 08:00 | val_start=2024-03-01 00:00 | gap=184h (22 rows)
    [CV fold 3] train_end=2024-06-23 00:00 | val_start=2024-06-30 16:00 | gap=184h (22 rows)
    [CV fold 4] train_end=2024-10-22 16:00 | val_start=2024-10-30 08:00 | gap=184h (22 rows)
    [trial 0] Sharpe=-0.0577 (folds: -0.1289, 0.0334, 0.0480, 0.0204, -0.2616)
    [trial 1] 14 features, training_days=410 | threshold=0.693 | labels: 1088 long, 1105 short (50/50%)
    [trial 1] Sharpe=-0.2266 (folds: -0.3638, -0.0276, -0.1324, -0.8723, 0.2629)
    [trial 2] 14 features, training_days=270 | threshold=0.546 | labels: 1088 long, 1105 short (50/50%)
    [trial 2] Sharpe=-0.0913 (folds: -0.2215, -0.0230, -0.0634, -0.3180, 0.1695)
    [trial 3] 14 features, training_days=270 | threshold=0.600 | labels: 1088 long, 1105 short (50/50%)
    [trial 3] Sharpe=-0.0879 (folds: -0.2628, -0.0959, -0.0883, -0.1252, 0.1325)
    [trial 4] 14 features, training_days=390 | threshold=0.764 | labels: 1088 long, 1105 short (50/50%)
    [trial 4] Sharpe=-0.0664 (folds: -0.1168, -0.0996, -0.2549, -0.2474, 0.3865)
    [trial 5] 14 features, training_days=60 | threshold=0.603 | labels: 1088 long, 1105 short (50/50%)
    [trial 5] Sharpe=0.0209 (folds: -0.1997, 0.1909, -0.1382, -0.0380, 0.2897)
    [trial 6] 14 features, training_days=290 | threshold=0.738 | labels: 1088 long, 1105 short (50/50%)
    [trial 6] Sharpe=-0.0303 (folds: -0.0506, -0.1578, -0.0304, -0.1972, 0.2843)
    [trial 7] 14 features, training_days=70 | threshold=0.564 | labels: 1088 long, 1105 short (50/50%)
    [trial 7] Sharpe=-0.0189 (folds: 0.0132, 0.1305, -0.3377, -0.0433, 0.1426)
    [trial 8] 14 features, training_days=440 | threshold=0.653 | labels: 1088 long, 1105 short (50/50%)
    [trial 8] Sharpe=-0.0268 (folds: -0.1751, -0.0175, -0.2020, -0.1879, 0.4487)
    [trial 9] 14 features, training_days=360 | threshold=0.728 | labels: 1088 long, 1105 short (50/50%)
    [trial 9] Sharpe=0.0711 (folds: 0.1476, 0.1834, -0.1604, -0.9440, 1.1287)
  Optuna: 10 trials, best Sharpe = 0.0711
  Best params: n_estimators=75, max_depth=5, lr=0.0142, leaves=41
  Best confidence_threshold: 0.728
  Best training_days: 360
  Retrained on full data (1080 samples, 14 features)
  Model trained for 2025-03: 93 test candles with features, confidence_threshold=0.728
[trade:close] 2025-03-01 23:59 MKRUSDT SHORT → stop_loss @ 1696.50 | PnL=-10.31% (net -10.41%) | cum=-53.96% 2025-03=-10.41% 2025-03-01=-10.41%
[predict] 2025-03-05 00:00 MKRUSDT → SHORT (proba=0.76 TP=21.1%/SL=10.5%)
[trade:open] 2025-03-05 07:59 MKRUSDT SHORT @ 1447.40 | SL=1600.09 TP=1142.02 | timeout=2025-03-12 07:59
[trade:close] 2025-03-10 15:59 MKRUSDT SHORT → take_profit @ 1142.02 | PnL=+21.10% (net +21.00%) | cum=-32.97% 2025-03=+10.59% 2025-03-10=+21.00%
[predict] 2025-03-14 08:00 MKRUSDT → SHORT (proba=0.77 TP=19.6%/SL=9.8%)
[trade:open] 2025-03-14 15:59 MKRUSDT SHORT @ 1166.70 | SL=1281.10 TP=937.89 | timeout=2025-03-21 15:59
[trade:close] 2025-03-18 23:59 MKRUSDT SHORT → stop_loss @ 1281.10 | PnL=-9.81% (net -9.91%) | cum=-42.87% 2025-03=+0.68% 2025-03-18=-9.91%
[predict] 2025-03-27 00:00 MKRUSDT → SHORT (proba=0.76 TP=10.4%/SL=5.2%)
[trade:open] 2025-03-27 07:59 MKRUSDT SHORT @ 1436.10 | SL=1510.79 TP=1286.73 | timeout=2025-04-03 07:59
[trade:close] 2025-03-30 07:59 MKRUSDT SHORT → take_profit @ 1286.73 | PnL=+10.40% (net +10.30%) | cum=-32.57% 2025-03=+10.98% 2025-03-30=+10.30%
[lgbm] === Training for 2025-04 ===
  Train window: 2023-04-01 → 2025-04-01
  2193 training samples from 1 symbols
  Samples per month: 2023-04: 90, 2023-05: 93, 2023-06: 90, 2023-07: 93, 2023-08: 93, 2023-09: 90, 2023-10: 93, 2023-11: 90, 2023-12: 93, 2024-01: 93, 2024-02: 87, 2024-03: 93, 2024-04: 90, 2024-05: 93, 2024-06: 90, 2024-07: 93, 2024-08: 93, 2024-09: 90, 2024-10: 93, 2024-11: 90, 2024-12: 93, 2025-01: 93, 2025-02: 84, 2025-03: 93
  [label] 2023-06-02 08:00 MKRUSDT entry=666.8000 → LONG | long=tp(+4.84%) short=sl(-2.57%) | scanned=6 | long_tp_only
  [label] 2023-06-04 16:00 MKRUSDT entry=681.7000 → SHORT | long=sl(-2.62%) short=tp(+4.94%) | scanned=2 | short_tp_only
  [label] 2023-06-08 08:00 MKRUSDT entry=628.3000 → SHORT | long=sl(-3.54%) short=tp(+6.79%) | scanned=5 | short_tp_only
  [label] 2023-07-03 08:00 MKRUSDT entry=939.8000 → LONG | long=tp(+11.84%) short=sl(-6.07%) | scanned=1 | long_tp_only
  [label] 2023-08-25 08:00 MKRUSDT entry=1000.3000 → LONG | long=tp(+11.08%) short=sl(-5.69%) | scanned=18 | long_tp_only
  [label] 2024-02-09 08:00 MKRUSDT entry=1956.8000 → LONG | long=tp(+5.94%) short=sl(-3.12%) | scanned=10 | long_tp_only
  [label] 2024-02-13 08:00 MKRUSDT entry=2063.5000 → LONG | long=tp(+5.81%) short=sl(-3.05%) | scanned=16 | long_tp_only
  [label] 2024-02-24 00:00 MKRUSDT entry=2018.5000 → LONG | long=tp(+7.79%) short=sl(-4.04%) | scanned=9 | long_tp_only
  [label] 2024-04-09 08:00 MKRUSDT entry=3462.6000 → SHORT | long=sl(-6.24%) short=tp(+12.18%) | scanned=10 | short_tp_only
  [label] 2024-04-18 00:00 MKRUSDT entry=3103.3000 → SHORT | long=sl(-8.54%) short=timeout(+8.43%) | scanned=22 | no_tp→fwd_return=-8.5329
  [label] 2024-07-18 16:00 MKRUSDT entry=2814.5000 → SHORT | long=sl(-5.62%) short=timeout(+6.11%) | scanned=22 | no_tp→fwd_return=-6.2142
  [label] 2024-08-19 16:00 MKRUSDT entry=1957.9000 → LONG | long=tp(+10.27%) short=sl(-5.29%) | scanned=10 | long_tp_only
  [label] 2024-09-05 00:00 MKRUSDT entry=1659.0000 → SHORT | long=sl(-5.20%) short=tp(+10.11%) | scanned=5 | short_tp_only
  [label] 2024-09-18 00:00 MKRUSDT entry=1477.6000 → LONG | long=tp(+9.14%) short=sl(-4.72%) | scanned=12 | long_tp_only
  [label] 2024-10-06 16:00 MKRUSDT entry=1454.5000 → SHORT | long=sl(-4.43%) short=tp(+8.55%) | scanned=12 | short_tp_only
  [label] 2024-10-13 00:00 MKRUSDT entry=1357.3000 → SHORT | long=sl(-3.92%) short=sl(-3.92%) | scanned=8 | no_tp→fwd_return=-2.4018
  [label] 2024-10-25 08:00 MKRUSDT entry=1114.9000 → SHORT | long=sl(-4.72%) short=tp(+9.14%) | scanned=1 | short_tp_only
  [label] 2024-12-04 08:00 MKRUSDT entry=2339.8000 → SHORT | long=sl(-7.05%) short=tp(+13.79%) | scanned=15 | short_tp_only
  [label] 2024-12-14 08:00 MKRUSDT entry=1987.1000 → SHORT | long=sl(-9.03%) short=tp(+17.76%) | scanned=13 | short_tp_only
  [label] 2025-03-11 08:00 MKRUSDT entry=1168.1000 → LONG | long=timeout(+4.89%) short=timeout(-5.09%) | scanned=22 | no_tp→fwd_return=+4.9910
  Labels: 1106 long (50.4%), 1087 short (49.6%) | weights: min=1.00, mean=3.90, max=10.00
  Features: 2193/2193 matched, 14 columns
  CV gap: 22 rows
    [trial 0] 14 features, training_days=230 | threshold=0.779 | labels: 1106 long, 1087 short (50/50%)
    [CV fold 0] train_end=2023-07-25 00:00 | val_start=2023-08-01 16:00 | gap=184h (22 rows)
    [CV fold 1] train_end=2023-11-23 16:00 | val_start=2023-12-01 08:00 | gap=184h (22 rows)
    [CV fold 2] train_end=2024-03-24 08:00 | val_start=2024-04-01 00:00 | gap=184h (22 rows)
    [CV fold 3] train_end=2024-07-24 00:00 | val_start=2024-07-31 16:00 | gap=184h (22 rows)
    [CV fold 4] train_end=2024-11-22 16:00 | val_start=2024-11-30 08:00 | gap=184h (22 rows)
    [trial 0] Sharpe=-0.0285 (folds: -0.0101, 0.1838, -0.4091, 0.0621, 0.0308)
    [trial 1] 14 features, training_days=410 | threshold=0.693 | labels: 1106 long, 1087 short (50/50%)
    [trial 1] Sharpe=0.0093 (folds: 0.0084, 0.4247, -0.3214, -0.3915, 0.3262)
    [trial 2] 14 features, training_days=270 | threshold=0.546 | labels: 1106 long, 1087 short (50/50%)[I 2026-05-06 02:23:11,278] Trial 2 finished with value: -0.06941523808616545 and parameters: {'confidence_threshold': 0.546341527225763, 'training_days': 270, 'n_estimators': 120, 'max_depth': 4, 'num_leaves': 53, 'learning_rate': 0.060197068579343475, 'subsample': 0.588227873455941, 'min_child_samples': 91, 'reg_alpha': 2.3457771824819002e-08, 'reg_lambda': 1.1358840775642732e-08}. Best is trial 1 with value: 0.009287555075848775.
[I 2026-05-06 02:23:11,454] Trial 3 finished with value: -0.03940424616810427 and parameters: {'confidence_threshold': 0.6000319676300473, 'training_days': 270, 'n_estimators': 382, 'max_depth': 4, 'num_leaves': 44, 'learning_rate': 0.09185046765032388, 'subsample': 0.6743651508646724, 'min_child_samples': 77, 'reg_alpha': 0.0013974578104212739, 'reg_lambda': 8.97190257982477e-08}. Best is trial 1 with value: 0.009287555075848775.
[I 2026-05-06 02:23:11,822] Trial 4 finished with value: 0.008340115928488037 and parameters: {'confidence_threshold': 0.7642618789055509, 'training_days': 390, 'n_estimators': 464, 'max_depth': 5, 'num_leaves': 30, 'learning_rate': 0.024562383309704932, 'subsample': 0.8612975035964376, 'min_child_samples': 36, 'reg_alpha': 1.593999300080167, 'reg_lambda': 0.006081270362829788}. Best is trial 1 with value: 0.009287555075848775.
[I 2026-05-06 02:23:11,968] Trial 5 finished with value: -0.04610804338920241 and parameters: {'confidence_threshold': 0.6029115860358569, 'training_days': 60, 'n_estimators': 441, 'max_depth': 3, 'num_leaves': 66, 'learning_rate': 0.044953114425778824, 'subsample': 0.7098948461279406, 'min_child_samples': 15, 'reg_alpha': 4.888753565548431e-07, 'reg_lambda': 4.198190642566389}. Best is trial 1 with value: 0.009287555075848775.
[I 2026-05-06 02:23:12,215] Trial 6 finished with value: -0.08062703154770787 and parameters: {'confidence_threshold': 0.7376932868314098, 'training_days': 290, 'n_estimators': 249, 'max_depth': 5, 'num_leaves': 121, 'learning_rate': 0.015565840632862623, 'subsample': 0.8390183783709677, 'min_child_samples': 19, 'reg_alpha': 1.860444687368747e-08, 'reg_lambda': 2.7391483548058117e-06}. Best is trial 1 with value: 0.009287555075848775.
[I 2026-05-06 02:23:12,256] Trial 7 finished with value: 0.009815521919109806 and parameters: {'confidence_threshold': 0.563503962036334, 'training_days': 70, 'n_estimators': 63, 'max_depth': 3, 'num_leaves': 47, 'learning_rate': 0.18074927623018475, 'subsample': 0.5059692991701257, 'min_child_samples': 9, 'reg_alpha': 3.6945804405602874e-08, 'reg_lambda': 0.027706035542028905}. Best is trial 7 with value: 0.009815521919109806.
[I 2026-05-06 02:23:12,341] Trial 8 finished with value: 0.05032237249962157 and parameters: {'confidence_threshold': 0.6525471176758836, 'training_days': 440, 'n_estimators': 116, 'max_depth': 4, 'num_leaves': 115, 'learning_rate': 0.010229952960863938, 'subsample': 0.5062159465415076, 'min_child_samples': 54, 'reg_alpha': 6.790626457822126e-06, 'reg_lambda': 1.7869141074987722e-05}. Best is trial 8 with value: 0.05032237249962157.
[I 2026-05-06 02:23:12,448] Trial 9 finished with value: 0.1502157310068386 and parameters: {'confidence_threshold': 0.7277571993354469, 'training_days': 360, 'n_estimators': 75, 'max_depth': 5, 'num_leaves': 41, 'learning_rate': 0.014186743931212992, 'subsample': 0.7445187273047605, 'min_child_samples': 22, 'reg_alpha': 0.02393227447113315, 'reg_lambda': 0.009236766173618426}. Best is trial 9 with value: 0.1502157310068386.
[I 2026-05-06 02:23:12,784] A new study created in memory with name: no-name-40d52347-2157-4a8f-a669-a82264175a37
[I 2026-05-06 02:23:13,052] Trial 0 finished with value: -0.01958052262827855 and parameters: {'confidence_threshold': 0.7790993046299082, 'training_days': 230, 'n_estimators': 295, 'max_depth': 5, 'num_leaves': 83, 'learning_rate': 0.051543455158230854, 'subsample': 0.8773243492079463, 'min_child_samples': 10, 'reg_alpha': 0.034096514368237685, 'reg_lambda': 3.154180388637081e-05}. Best is trial 0 with value: -0.01958052262827855.
[I 2026-05-06 02:23:13,198] Trial 1 finished with value: -0.10078123972027957 and parameters: {'confidence_threshold': 0.6929247853618086, 'training_days': 410, 'n_estimators': 233, 'max_depth': 5, 'num_leaves': 108, 'learning_rate': 0.013724237108071606, 'subsample': 0.7013182233636002, 'min_child_samples': 94, 'reg_alpha': 2.4040959529260723e-06, 'reg_lambda': 5.320966582161148}. Best is trial 0 with value: -0.01958052262827855.
[I 2026-05-06 02:23:13,273] Trial 2 finished with value: -0.05769327013205431 and parameters: {'confidence_threshold': 0.546341527225763, 'training_days': 270, 'n_estimators': 120, 'max_depth': 4, 'num_leaves': 53, 'learning_rate': 0.060197068579343475, 'subsample': 0.588227873455941, 'min_child_samples': 91, 'reg_alpha': 2.3457771824819002e-08, 'reg_lambda': 1.1358840775642732e-08}. Best is trial 0 with value: -0.01958052262827855.
[I 2026-05-06 02:23:13,453] Trial 3 finished with value: -0.041083253007032326 and parameters: {'confidence_threshold': 0.6000319676300473, 'training_days': 270, 'n_estimators': 382, 'max_depth': 4, 'num_leaves': 44, 'learning_rate': 0.09185046765032388, 'subsample': 0.6743651508646724, 'min_child_samples': 77, 'reg_alpha': 0.0013974578104212739, 'reg_lambda': 8.97190257982477e-08}. Best is trial 0 with value: -0.01958052262827855.
[I 2026-05-06 02:23:13,815] Trial 4 finished with value: 0.014390554680095683 and parameters: {'confidence_threshold': 0.7642618789055509, 'training_days': 390, 'n_estimators': 464, 'max_depth': 5, 'num_leaves': 30, 'learning_rate': 0.024562383309704932, 'subsample': 0.8612975035964376, 'min_child_samples': 36, 'reg_alpha': 1.593999300080167, 'reg_lambda': 0.006081270362829788}. Best is trial 4 with value: 0.014390554680095683.
[I 2026-05-06 02:23:13,961] Trial 5 finished with value: -0.06449447650249851 and parameters: {'confidence_threshold': 0.6029115860358569, 'training_days': 60, 'n_estimators': 441, 'max_depth': 3, 'num_leaves': 66, 'learning_rate': 0.044953114425778824, 'subsample': 0.7098948461279406, 'min_child_samples': 15, 'reg_alpha': 4.888753565548431e-07, 'reg_lambda': 4.198190642566389}. Best is trial 4 with value: 0.014390554680095683.
[I 2026-05-06 02:23:14,202] Trial 6 finished with value: -0.07629767279807335 and parameters: {'confidence_threshold': 0.7376932868314098, 'training_days': 290, 'n_estimators': 249, 'max_depth': 5, 'num_leaves': 121, 'learning_rate': 0.015565840632862623, 'subsample': 0.8390183783709677, 'min_child_samples': 19, 'reg_alpha': 1.860444687368747e-08, 'reg_lambda': 2.7391483548058117e-06}. Best is trial 4 with value: 0.014390554680095683.
[I 2026-05-06 02:23:14,239] Trial 7 finished with value: -0.06714818431260416 and parameters: {'confidence_threshold': 0.563503962036334, 'training_days': 70, 'n_estimators': 63, 'max_depth': 3, 'num_leaves': 47, 'learning_rate': 0.18074927623018475, 'subsample': 0.5059692991701257, 'min_child_samples': 9, 'reg_alpha': 3.6945804405602874e-08, 'reg_lambda': 0.027706035542028905}. Best is trial 4 with value: 0.014390554680095683.
[I 2026-05-06 02:23:14,325] Trial 8 finished with value: 0.16542607892482897 and parameters: {'confidence_threshold': 0.6525471176758836, 'training_days': 440, 'n_estimators': 116, 'max_depth': 4, 'num_leaves': 115, 'learning_rate': 0.010229952960863938, 'subsample': 0.5062159465415076, 'min_child_samples': 54, 'reg_alpha': 6.790626457822126e-06, 'reg_lambda': 1.7869141074987722e-05}. Best is trial 8 with value: 0.16542607892482897.
