[I 2026-05-06 02:23:04,888] Trial 0 finished with value: 0.027952331302194648 and parameters: {'confidence_threshold': 0.7790993046299082, 'training_days': 230, 'n_estimators': 295, 'max_depth': 5, 'num_leaves': 83, 'learning_rate': 0.051543455158230854, 'subsample': 0.8773243492079463, 'min_child_samples': 10, 'reg_alpha': 0.034096514368237685, 'reg_lambda': 3.154180388637081e-05}. Best is trial 0 with value: 0.027952331302194648.
[I 2026-05-06 02:23:05,054] Trial 1 finished with value: -0.14588246659215603 and parameters: {'confidence_threshold': 0.6929247853618086, 'training_days': 410, 'n_estimators': 233, 'max_depth': 5, 'num_leaves': 108, 'learning_rate': 0.013724237108071606, 'subsample': 0.7013182233636002, 'min_child_samples': 94, 'reg_alpha': 2.4040959529260723e-06, 'reg_lambda': 5.320966582161148}. Best is trial 0 with value: 0.027952331302194648.
[I 2026-05-06 02:23:05,126] Trial 2 finished with value: -0.030342908989875527 and parameters: {'confidence_threshold': 0.546341527225763, 'training_days': 270, 'n_estimators': 120, 'max_depth': 4, 'num_leaves': 53, 'learning_rate': 0.060197068579343475, 'subsample': 0.588227873455941, 'min_child_samples': 91, 'reg_alpha': 2.3457771824819002e-08, 'reg_lambda': 1.1358840775642732e-08}. Best is trial 0 with value: 0.027952331302194648.
[I 2026-05-06 02:23:05,330] Trial 3 finished with value: -0.0013259922464368746 and parameters: {'confidence_threshold': 0.6000319676300473, 'training_days': 270, 'n_estimators': 382, 'max_depth': 4, 'num_leaves': 44, 'learning_rate': 0.09185046765032388, 'subsample': 0.6743651508646724, 'min_child_samples': 77, 'reg_alpha': 0.0013974578104212739, 'reg_lambda': 8.97190257982477e-08}. Best is trial 0 with value: 0.027952331302194648.
[I 2026-05-06 02:23:05,735] Trial 4 finished with value: -0.03126009981394381 and parameters: {'confidence_threshold': 0.7642618789055509, 'training_days': 390, 'n_estimators': 464, 'max_depth': 5, 'num_leaves': 30, 'learning_rate': 0.024562383309704932, 'subsample': 0.8612975035964376, 'min_child_samples': 36, 'reg_alpha': 1.593999300080167, 'reg_lambda': 0.006081270362829788}. Best is trial 0 with value: 0.027952331302194648.
[I 2026-05-06 02:23:05,900] Trial 5 finished with value: -0.09044982141158889 and parameters: {'confidence_threshold': 0.6029115860358569, 'training_days': 60, 'n_estimators': 441, 'max_depth': 3, 'num_leaves': 66, 'learning_rate': 0.044953114425778824, 'subsample': 0.7098948461279406, 'min_child_samples': 15, 'reg_alpha': 4.888753565548431e-07, 'reg_lambda': 4.198190642566389}. Best is trial 0 with value: 0.027952331302194648.
[I 2026-05-06 02:23:06,158] Trial 6 finished with value: -0.026669620179331287 and parameters: {'confidence_threshold': 0.7376932868314098, 'training_days': 290, 'n_estimators': 249, 'max_depth': 5, 'num_leaves': 121, 'learning_rate': 0.015565840632862623, 'subsample': 0.8390183783709677, 'min_child_samples': 19, 'reg_alpha': 1.860444687368747e-08, 'reg_lambda': 2.7391483548058117e-06}. Best is trial 0 with value: 0.027952331302194648.
[I 2026-05-06 02:23:06,198] Trial 7 finished with value: -0.042391151198604635 and parameters: {'confidence_threshold': 0.563503962036334, 'training_days': 70, 'n_estimators': 63, 'max_depth': 3, 'num_leaves': 47, 'learning_rate': 0.18074927623018475, 'subsample': 0.5059692991701257, 'min_child_samples': 9, 'reg_alpha': 3.6945804405602874e-08, 'reg_lambda': 0.027706035542028905}. Best is trial 0 with value: 0.027952331302194648.
[I 2026-05-06 02:23:06,295] Trial 8 finished with value: -0.07371741267469563 and parameters: {'confidence_threshold': 0.6525471176758836, 'training_days': 440, 'n_estimators': 116, 'max_depth': 4, 'num_leaves': 115, 'learning_rate': 0.010229952960863938, 'subsample': 0.5062159465415076, 'min_child_samples': 54, 'reg_alpha': 6.790626457822126e-06, 'reg_lambda': 1.7869141074987722e-05}. Best is trial 0 with value: 0.027952331302194648.
[I 2026-05-06 02:23:06,389] Trial 9 finished with value: -2.013144643451761 and parameters: {'confidence_threshold': 0.7277571993354469, 'training_days': 360, 'n_estimators': 75, 'max_depth': 5, 'num_leaves': 41, 'learning_rate': 0.014186743931212992, 'subsample': 0.7445187273047605, 'min_child_samples': 22, 'reg_alpha': 0.02393227447113315, 'reg_lambda': 0.009236766173618426}. Best is trial 0 with value: 0.027952331302194648.

[predict] 2024-12-11 16:00 MKRUSDT → LONG (proba=1.00 TP=18.6%/SL=9.3%)
[trade:open] 2024-12-11 23:59 MKRUSDT LONG @ 1879.30 | SL=1704.38 TP=2229.15 | timeout=2024-12-18 23:59
[trade:close] 2024-12-18 23:59 MKRUSDT LONG → stop_loss @ 1704.38 | PnL=-9.31% (net -9.41%) | cum=-8.18% 2024-12=-2.36% 2024-12-18=-9.41%
[predict] 2024-12-20 08:00 MKRUSDT → LONG (proba=1.00 TP=19.5%/SL=9.8%)
[trade:open] 2024-12-20 15:59 MKRUSDT LONG @ 1658.40 | SL=1496.64 TP=1981.92 | timeout=2024-12-27 15:59
[trade:close] 2024-12-27 16:00 MKRUSDT LONG → timeout @ 1570.10 | PnL=-5.32% (net -5.42%) | cum=-13.61% 2024-12=-7.79% 2024-12-27=-5.42%
[lgbm] === Training for 2025-01 ===
  Train window: 2023-01-01 → 2025-01-01
  2193 training samples from 1 symbols
  Samples per month: 2023-01: 93, 2023-02: 84, 2023-03: 93, 2023-04: 90, 2023-05: 93, 2023-06: 90, 2023-07: 93, 2023-08: 93, 2023-09: 90, 2023-10: 93, 2023-11: 90, 2023-12: 93, 2024-01: 93, 2024-02: 87, 2024-03: 93, 2024-04: 90, 2024-05: 93, 2024-06: 90, 2024-07: 93, 2024-08: 93, 2024-09: 90, 2024-10: 93, 2024-11: 90, 2024-12: 93
  [label] 2023-03-04 08:00 MKRUSDT entry=879.0000 → SHORT | long=sl(-6.83%) short=sl(-6.83%) | scanned=16 | no_tp→fwd_return=-8.0432
  [label] 2023-03-06 16:00 MKRUSDT entry=910.5000 → SHORT | long=sl(-6.87%) short=tp(+13.43%) | scanned=10 | short_tp_only
  [label] 2023-03-10 08:00 MKRUSDT entry=783.5000 → SHORT | long=sl(-8.56%) short=tp(+16.83%) | scanned=2 | short_tp_only
  [label] 2023-04-04 08:00 MKRUSDT entry=679.1000 → LONG | long=timeout(+5.78%) short=sl(-5.23%) | scanned=22 | no_tp→fwd_return=+5.8754
  [label] 2023-05-27 08:00 MKRUSDT entry=628.8000 → LONG | long=tp(+5.14%) short=sl(-2.72%) | scanned=17 | long_tp_only
  [label] 2023-11-11 08:00 MKRUSDT entry=1302.4000 → LONG | long=tp(+10.34%) short=sl(-5.32%) | scanned=7 | long_tp_only
  [label] 2023-11-15 08:00 MKRUSDT entry=1444.0000 → LONG | long=sl(-5.70%) short=timeout(-1.81%) | scanned=22 | no_tp→fwd_return=+1.7105
  [label] 2023-11-26 00:00 MKRUSDT entry=1461.9000 → LONG | long=timeout(+4.83%) short=sl(-4.41%) | scanned=22 | no_tp→fwd_return=+4.9319
  [label] 2024-01-10 08:00 MKRUSDT entry=1991.7000 → SHORT | long=timeout(-1.80%) short=sl(-7.55%) | scanned=22 | no_tp→fwd_return=-1.7021
  [label] 2024-01-19 00:00 MKRUSDT entry=1982.6000 → LONG | long=sl(-5.77%) short=sl(-5.77%) | scanned=17 | no_tp→fwd_return=+7.2783
  [label] 2024-04-19 16:00 MKRUSDT entry=2951.6000 → SHORT | long=timeout(-2.98%) short=timeout(+2.78%) | scanned=22 | no_tp→fwd_return=-2.8764
  [label] 2024-05-21 16:00 MKRUSDT entry=3065.9000 → SHORT | long=sl(-4.37%) short=tp(+8.44%) | scanned=5 | short_tp_only
  [label] 2024-06-07 00:00 MKRUSDT entry=2614.8000 → SHORT | long=sl(-3.39%) short=tp(+6.47%) | scanned=2 | short_tp_only
  [label] 2024-06-20 00:00 MKRUSDT entry=2442.8000 → SHORT | long=sl(-5.28%) short=tp(+10.26%) | scanned=13 | short_tp_only
  [label] 2024-07-08 16:00 MKRUSDT entry=2201.2000 → LONG | long=tp(+12.35%) short=sl(-6.33%) | scanned=12 | long_tp_only
  [label] 2024-07-15 00:00 MKRUSDT entry=2816.1000 → LONG | long=tp(+9.21%) short=sl(-4.75%) | scanned=6 | long_tp_only
  [label] 2024-07-27 08:00 MKRUSDT entry=2614.2000 → SHORT | long=sl(-5.98%) short=sl(-5.98%) | scanned=19 | no_tp→fwd_return=-7.0844
  [label] 2024-09-05 08:00 MKRUSDT entry=1630.8000 → SHORT | long=sl(-5.23%) short=timeout(+1.84%) | scanned=22 | no_tp→fwd_return=-1.9377
  [label] 2024-09-15 08:00 MKRUSDT entry=1592.5000 → SHORT | long=sl(-4.32%) short=tp(+8.34%) | scanned=9 | short_tp_only
  [label] 2024-12-11 08:00 MKRUSDT entry=1882.9000 → SHORT | long=timeout(-7.71%) short=sl(-9.66%) | scanned=22 | no_tp→fwd_return=-7.6053
  Labels: 1151 long (52.5%), 1042 short (47.5%) | weights: min=1.00, mean=3.77, max=10.00
  Features: 2193/2193 matched, 14 columns
  CV gap: 22 rows
    [trial 0] 14 features, training_days=230 | threshold=0.779 | labels: 1151 long, 1042 short (52/48%)
    [CV fold 0] train_end=2023-04-26 00:00 | val_start=2023-05-03 16:00 | gap=184h (22 rows)
    [CV fold 1] train_end=2023-08-25 16:00 | val_start=2023-09-02 08:00 | gap=184h (22 rows)
    [CV fold 2] train_end=2023-12-25 08:00 | val_start=2024-01-02 00:00 | gap=184h (22 rows)
    [CV fold 3] train_end=2024-04-25 00:00 | val_start=2024-05-02 16:00 | gap=184h (22 rows)
    [CV fold 4] train_end=2024-08-24 16:00 | val_start=2024-09-01 08:00 | gap=184h (22 rows)
    [trial 0] Sharpe=0.0280 (folds: 0.1126, -0.1146, 0.0993, -0.2039, 0.2464)
    [trial 1] 14 features, training_days=410 | threshold=0.693 | labels: 1151 long, 1042 short (52/48%)
    [trial 1] Sharpe=-0.1459 (folds: 0.0193, -0.1724, -0.3489, -0.3283, 0.1009)
    [trial 2] 14 features, training_days=270 | threshold=0.546 | labels: 1151 long, 1042 short (52/48%)
    [trial 2] Sharpe=-0.0303 (folds: 0.0809, -0.1074, 0.0296, -0.2815, 0.1267)
    [trial 3] 14 features, training_days=270 | threshold=0.600 | labels: 1151 long, 1042 short (52/48%)
    [trial 3] Sharpe=-0.0013 (folds: 0.0722, -0.1107, 0.0714, -0.1967, 0.1572)
    [trial 4] 14 features, training_days=390 | threshold=0.764 | labels: 1151 long, 1042 short (52/48%)
    [trial 4] Sharpe=-0.0313 (folds: 0.1069, 0.0072, -0.1601, -0.2141, 0.1038)
    [trial 5] 14 features, training_days=60 | threshold=0.603 | labels: 1151 long, 1042 short (52/48%)
    [trial 5] Sharpe=-0.0904 (folds: -0.2728, -0.2646, -0.0112, 0.0870, 0.0093)
    [trial 6] 14 features, training_days=290 | threshold=0.738 | labels: 1151 long, 1042 short (52/48%)
    [trial 6] Sharpe=-0.0267 (folds: 0.1255, -0.0478, -0.1953, -0.1899, 0.1741)
    [trial 7] 14 features, training_days=70 | threshold=0.564 | labels: 1151 long, 1042 short (52/48%)
    [trial 7] Sharpe=-0.0424 (folds: 0.0104, -0.2167, -0.0104, -0.0156, 0.0203)
    [trial 8] 14 features, training_days=440 | threshold=0.653 | labels: 1151 long, 1042 short (52/48%)
    [trial 8] Sharpe=-0.0737 (folds: 0.1231, -0.1314, -0.3552, -0.5254, 0.5202)
    [trial 9] 14 features, training_days=360 | threshold=0.728 | labels: 1151 long, 1042 short (52/48%)
    [trial 9] Sharpe=-2.0131 (folds: 0.1226, 0.1866, -0.0566, -0.3183, -10.0000)
  Optuna: 10 trials, best Sharpe = 0.0280
  Best params: n_estimators=295, max_depth=5, lr=0.0515, leaves=83
  Best confidence_threshold: 0.779
  Best training_days: 230
  Retrained on full data (690 samples, 14 features)
  Model trained for 2025-01: 93 test candles with features, confidence_threshold=0.779
[predict] 2025-01-20 16:00 MKRUSDT → LONG (proba=0.79 TP=13.8%/SL=6.9%)
[trade:open] 2025-01-20 23:59 MKRUSDT LONG @ 1293.70 | SL=1204.13 TP=1472.85 | timeout=2025-01-27 23:59
[trade:close] 2025-01-26 23:59 MKRUSDT LONG → stop_loss @ 1204.13 | PnL=-6.92% (net -7.02%) | cum=-20.63% 2025-01=-7.02% 2025-01-26=-7.02%
[lgbm] === Training for 2025-02 ===
  Train window: 2023-02-01 → 2025-02-01
  2193 training samples from 1 symbols
  Samples per month: 2023-02: 84, 2023-03: 93, 2023-04: 90, 2023-05: 93, 2023-06: 90, 2023-07: 93, 2023-08: 93, 2023-09: 90, 2023-10: 93, 2023-11: 90, 2023-12: 93, 2024-01: 93, 2024-02: 87, 2024-03: 93, 2024-04: 90, 2024-05: 93, 2024-06: 90, 2024-07: 93, 2024-08: 93, 2024-09: 90, 2024-10: 93, 2024-11: 90, 2024-12: 93, 2025-01: 93
  [label] 2023-04-04 08:00 MKRUSDT entry=679.1000 → LONG | long=timeout(+5.78%) short=sl(-5.23%) | scanned=22 | no_tp→fwd_return=+5.8754
  [label] 2023-04-06 16:00 MKRUSDT entry=719.5000 → LONG | long=sl(-4.94%) short=sl(-4.94%) | scanned=21 | no_tp→fwd_return=+4.7255
  [label] 2023-04-10 08:00 MKRUSDT entry=703.1000 → LONG | long=tp(+8.29%) short=sl(-4.29%) | scanned=11 | long_tp_only
  [label] 2023-05-05 08:00 MKRUSDT entry=715.1000 → SHORT | long=sl(-3.60%) short=tp(+6.90%) | scanned=8 | short_tp_only
  [label] 2023-06-27 08:00 MKRUSDT entry=678.2000 → LONG | long=tp(+10.25%) short=sl(-5.27%) | scanned=9 | long_tp_only
  [label] 2023-12-12 08:00 MKRUSDT entry=1345.9000 → SHORT | long=sl(-4.61%) short=timeout(+4.84%) | scanned=22 | no_tp→fwd_return=-4.9409
  [label] 2023-12-16 08:00 MKRUSDT entry=1332.7000 → LONG | long=sl(-4.11%) short=sl(-4.11%) | scanned=19 | no_tp→fwd_return=+4.4721
  [label] 2023-12-27 00:00 MKRUSDT entry=1424.5000 → LONG | long=tp(+7.55%) short=sl(-3.92%) | scanned=2 | long_tp_only[I 2026-05-06 02:23:06,749] A new study created in memory with name: no-name-c923d867-5d55-416a-a718-f73e842f4208
[I 2026-05-06 02:23:07,045] Trial 0 finished with value: -0.025565014135010666 and parameters: {'confidence_threshold': 0.7790993046299082, 'training_days': 230, 'n_estimators': 295, 'max_depth': 5, 'num_leaves': 83, 'learning_rate': 0.051543455158230854, 'subsample': 0.8773243492079463, 'min_child_samples': 10, 'reg_alpha': 0.034096514368237685, 'reg_lambda': 3.154180388637081e-05}. Best is trial 0 with value: -0.025565014135010666.
[I 2026-05-06 02:23:07,208] Trial 1 finished with value: -0.16705419712566152 and parameters: {'confidence_threshold': 0.6929247853618086, 'training_days': 410, 'n_estimators': 233, 'max_depth': 5, 'num_leaves': 108, 'learning_rate': 0.013724237108071606, 'subsample': 0.7013182233636002, 'min_child_samples': 94, 'reg_alpha': 2.4040959529260723e-06, 'reg_lambda': 5.320966582161148}. Best is trial 0 with value: -0.025565014135010666.
[I 2026-05-06 02:23:07,277] Trial 2 finished with value: -0.05387595399426261 and parameters: {'confidence_threshold': 0.546341527225763, 'training_days': 270, 'n_estimators': 120, 'max_depth': 4, 'num_leaves': 53, 'learning_rate': 0.060197068579343475, 'subsample': 0.588227873455941, 'min_child_samples': 91, 'reg_alpha': 2.3457771824819002e-08, 'reg_lambda': 1.1358840775642732e-08}. Best is trial 0 with value: -0.025565014135010666.
[I 2026-05-06 02:23:07,471] Trial 3 finished with value: -0.0398757485181812 and parameters: {'confidence_threshold': 0.6000319676300473, 'training_days': 270, 'n_estimators': 382, 'max_depth': 4, 'num_leaves': 44, 'learning_rate': 0.09185046765032388, 'subsample': 0.6743651508646724, 'min_child_samples': 77, 'reg_alpha': 0.0013974578104212739, 'reg_lambda': 8.97190257982477e-08}. Best is trial 0 with value: -0.025565014135010666.
[I 2026-05-06 02:23:07,851] Trial 4 finished with value: -0.024969359346588955 and parameters: {'confidence_threshold': 0.7642618789055509, 'training_days': 390, 'n_estimators': 464, 'max_depth': 5, 'num_leaves': 30, 'learning_rate': 0.024562383309704932, 'subsample': 0.8612975035964376, 'min_child_samples': 36, 'reg_alpha': 1.593999300080167, 'reg_lambda': 0.006081270362829788}. Best is trial 4 with value: -0.024969359346588955.
[I 2026-05-06 02:23:08,012] Trial 5 finished with value: 0.10384784398825944 and parameters: {'confidence_threshold': 0.6029115860358569, 'training_days': 60, 'n_estimators': 441, 'max_depth': 3, 'num_leaves': 66, 'learning_rate': 0.044953114425778824, 'subsample': 0.7098948461279406, 'min_child_samples': 15, 'reg_alpha': 4.888753565548431e-07, 'reg_lambda': 4.198190642566389}. Best is trial 5 with value: 0.10384784398825944.
[I 2026-05-06 02:23:08,262] Trial 6 finished with value: -0.015477607958375744 and parameters: {'confidence_threshold': 0.7376932868314098, 'training_days': 290, 'n_estimators': 249, 'max_depth': 5, 'num_leaves': 121, 'learning_rate': 0.015565840632862623, 'subsample': 0.8390183783709677, 'min_child_samples': 19, 'reg_alpha': 1.860444687368747e-08, 'reg_lambda': 2.7391483548058117e-06}. Best is trial 5 with value: 0.10384784398825944.
[I 2026-05-06 02:23:08,298] Trial 7 finished with value: 0.10003381545494591 and parameters: {'confidence_threshold': 0.563503962036334, 'training_days': 70, 'n_estimators': 63, 'max_depth': 3, 'num_leaves': 47, 'learning_rate': 0.18074927623018475, 'subsample': 0.5059692991701257, 'min_child_samples': 9, 'reg_alpha': 3.6945804405602874e-08, 'reg_lambda': 0.027706035542028905}. Best is trial 5 with value: 0.10384784398825944.
[I 2026-05-06 02:23:08,387] Trial 8 finished with value: -0.0936989011406068 and parameters: {'confidence_threshold': 0.6525471176758836, 'training_days': 440, 'n_estimators': 116, 'max_depth': 4, 'num_leaves': 115, 'learning_rate': 0.010229952960863938, 'subsample': 0.5062159465415076, 'min_child_samples': 54, 'reg_alpha': 6.790626457822126e-06, 'reg_lambda': 1.7869141074987722e-05}. Best is trial 5 with value: 0.10384784398825944.
