[I 2026-05-06 02:22:48,837] Trial 1 finished with value: 0.036450855135382064 and parameters: {'confidence_threshold': 0.6929247853618086, 'training_days': 410, 'n_estimators': 233, 'max_depth': 5, 'num_leaves': 108, 'learning_rate': 0.013724237108071606, 'subsample': 0.7013182233636002, 'min_child_samples': 94, 'reg_alpha': 2.4040959529260723e-06, 'reg_lambda': 5.320966582161148}. Best is trial 1 with value: 0.036450855135382064.
[I 2026-05-06 02:22:48,911] Trial 2 finished with value: 0.06901727141168915 and parameters: {'confidence_threshold': 0.546341527225763, 'training_days': 270, 'n_estimators': 120, 'max_depth': 4, 'num_leaves': 53, 'learning_rate': 0.060197068579343475, 'subsample': 0.588227873455941, 'min_child_samples': 91, 'reg_alpha': 2.3457771824819002e-08, 'reg_lambda': 1.1358840775642732e-08}. Best is trial 2 with value: 0.06901727141168915.
[I 2026-05-06 02:22:49,105] Trial 3 finished with value: 0.06652044335955079 and parameters: {'confidence_threshold': 0.6000319676300473, 'training_days': 270, 'n_estimators': 382, 'max_depth': 4, 'num_leaves': 44, 'learning_rate': 0.09185046765032388, 'subsample': 0.6743651508646724, 'min_child_samples': 77, 'reg_alpha': 0.0013974578104212739, 'reg_lambda': 8.97190257982477e-08}. Best is trial 2 with value: 0.06901727141168915.
[I 2026-05-06 02:22:49,485] Trial 4 finished with value: 0.0073829858288313125 and parameters: {'confidence_threshold': 0.7642618789055509, 'training_days': 390, 'n_estimators': 464, 'max_depth': 5, 'num_leaves': 30, 'learning_rate': 0.024562383309704932, 'subsample': 0.8612975035964376, 'min_child_samples': 36, 'reg_alpha': 1.593999300080167, 'reg_lambda': 0.006081270362829788}. Best is trial 2 with value: 0.06901727141168915.
[I 2026-05-06 02:22:49,631] Trial 5 finished with value: -0.10675019102259857 and parameters: {'confidence_threshold': 0.6029115860358569, 'training_days': 60, 'n_estimators': 441, 'max_depth': 3, 'num_leaves': 66, 'learning_rate': 0.044953114425778824, 'subsample': 0.7098948461279406, 'min_child_samples': 15, 'reg_alpha': 4.888753565548431e-07, 'reg_lambda': 4.198190642566389}. Best is trial 2 with value: 0.06901727141168915.
[I 2026-05-06 02:22:49,879] Trial 6 finished with value: 0.006546787140103416 and parameters: {'confidence_threshold': 0.7376932868314098, 'training_days': 290, 'n_estimators': 249, 'max_depth': 5, 'num_leaves': 121, 'learning_rate': 0.015565840632862623, 'subsample': 0.8390183783709677, 'min_child_samples': 19, 'reg_alpha': 1.860444687368747e-08, 'reg_lambda': 2.7391483548058117e-06}. Best is trial 2 with value: 0.06901727141168915.
[I 2026-05-06 02:22:49,917] Trial 7 finished with value: -0.05681671886448787 and parameters: {'confidence_threshold': 0.563503962036334, 'training_days': 70, 'n_estimators': 63, 'max_depth': 3, 'num_leaves': 47, 'learning_rate': 0.18074927623018475, 'subsample': 0.5059692991701257, 'min_child_samples': 9, 'reg_alpha': 3.6945804405602874e-08, 'reg_lambda': 0.027706035542028905}. Best is trial 2 with value: 0.06901727141168915.
[I 2026-05-06 02:22:50,006] Trial 8 finished with value: 0.12550945434531804 and parameters: {'confidence_threshold': 0.6525471176758836, 'training_days': 440, 'n_estimators': 116, 'max_depth': 4, 'num_leaves': 115, 'learning_rate': 0.010229952960863938, 'subsample': 0.5062159465415076, 'min_child_samples': 54, 'reg_alpha': 6.790626457822126e-06, 'reg_lambda': 1.7869141074987722e-05}. Best is trial 8 with value: 0.12550945434531804.
[I 2026-05-06 02:22:50,104] Trial 9 finished with value: 0.04774622388492018 and parameters: {'confidence_threshold': 0.7277571993354469, 'training_days': 360, 'n_estimators': 75, 'max_depth': 5, 'num_leaves': 41, 'learning_rate': 0.014186743931212992, 'subsample': 0.7445187273047605, 'min_child_samples': 22, 'reg_alpha': 0.02393227447113315, 'reg_lambda': 0.009236766173618426}. Best is trial 8 with value: 0.12550945434531804.
[I 2026-05-06 02:22:50,412] A new study created in memory with name: no-name-8bf4ebae-e98c-4471-ad76-bb98d768f73b

  [label] 2023-03-15 08:00 MKRUSDT entry=769.5000 → SHORT | long=sl(-12.98%) short=timeout(+11.25%) | scanned=22 | no_tp→fwd_return=-11.3450
  [label] 2023-03-26 00:00 MKRUSDT entry=668.2000 → LONG | long=timeout(+3.72%) short=timeout(-3.92%) | scanned=22 | no_tp→fwd_return=+3.8162
  [label] 2023-05-10 08:00 MKRUSDT entry=670.8000 → SHORT | long=sl(-3.94%) short=tp(+7.59%) | scanned=4 | short_tp_only
  [label] 2023-05-19 00:00 MKRUSDT entry=625.0000 → SHORT | long=sl(-3.69%) short=timeout(+0.43%) | scanned=22 | no_tp→fwd_return=-0.5280
  [label] 2023-08-18 16:00 MKRUSDT entry=1069.9000 → SHORT | long=sl(-5.87%) short=timeout(+5.11%) | scanned=22 | no_tp→fwd_return=-5.2061
  [label] 2023-09-19 16:00 MKRUSDT entry=1286.7000 → LONG | long=tp(+7.65%) short=sl(-3.97%) | scanned=21 | long_tp_only
  [label] 2023-10-06 00:00 MKRUSDT entry=1474.1000 → SHORT | long=sl(-4.82%) short=tp(+9.35%) | scanned=19 | short_tp_only
  [label] 2023-10-19 00:00 MKRUSDT entry=1387.3000 → LONG | long=tp(+7.31%) short=sl(-3.81%) | scanned=12 | long_tp_only
  [label] 2023-11-06 16:00 MKRUSDT entry=1336.6000 → LONG | long=sl(-4.13%) short=sl(-4.13%) | scanned=8 | no_tp→fwd_return=+2.6934
  [label] 2023-11-13 00:00 MKRUSDT entry=1298.2000 → LONG | long=tp(+10.29%) short=sl(-5.30%) | scanned=2 | long_tp_only
  [label] 2023-11-25 08:00 MKRUSDT entry=1448.4000 → LONG | long=timeout(+5.47%) short=sl(-4.64%) | scanned=22 | no_tp→fwd_return=+5.5717
  [label] 2024-01-04 08:00 MKRUSDT entry=1795.2000 → LONG | long=tp(+15.10%) short=sl(-7.70%) | scanned=20 | long_tp_only
  [label] 2024-01-14 08:00 MKRUSDT entry=2069.6000 → SHORT | long=sl(-6.83%) short=timeout(+3.75%) | scanned=22 | no_tp→fwd_return=-3.8462
  [label] 2024-04-10 08:00 MKRUSDT entry=3393.8000 → SHORT | long=sl(-6.25%) short=tp(+12.20%) | scanned=7 | short_tp_only
  Labels: 1115 long (50.8%), 1078 short (49.2%) | weights: min=1.00, mean=2.73, max=10.00
  Features: 2193/2193 matched, 14 columns
  CV gap: 22 rows
    [trial 0] 14 features, training_days=230 | threshold=0.779 | labels: 1115 long, 1078 short (51/49%)
    [CV fold 0] train_end=2022-08-24 00:00 | val_start=2022-08-31 16:00 | gap=184h (22 rows)
    [CV fold 1] train_end=2022-12-23 16:00 | val_start=2022-12-31 08:00 | gap=184h (22 rows)
    [CV fold 2] train_end=2023-04-24 08:00 | val_start=2023-05-02 00:00 | gap=184h (22 rows)
    [CV fold 3] train_end=2023-08-24 00:00 | val_start=2023-08-31 16:00 | gap=184h (22 rows)
    [CV fold 4] train_end=2023-12-23 16:00 | val_start=2023-12-31 08:00 | gap=184h (22 rows)
    [trial 0] Sharpe=-0.0029 (folds: 0.2279, -0.0970, 0.1633, -0.3159, 0.0070)
    [trial 1] 14 features, training_days=410 | threshold=0.693 | labels: 1115 long, 1078 short (51/49%)
    [trial 1] Sharpe=0.0365 (folds: 0.4908, 0.0801, 0.1358, -0.0846, -0.4399)
    [trial 2] 14 features, training_days=270 | threshold=0.546 | labels: 1115 long, 1078 short (51/49%)
    [trial 2] Sharpe=0.0690 (folds: 0.1842, 0.0697, 0.1625, -0.0744, 0.0030)
    [trial 3] 14 features, training_days=270 | threshold=0.600 | labels: 1115 long, 1078 short (51/49%)
    [trial 3] Sharpe=0.0665 (folds: 0.1630, -0.0305, 0.2308, -0.1426, 0.1119)
    [trial 4] 14 features, training_days=390 | threshold=0.764 | labels: 1115 long, 1078 short (51/49%)
    [trial 4] Sharpe=0.0074 (folds: 0.2551, 0.0369, 0.1878, -0.1384, -0.3044)
    [trial 5] 14 features, training_days=60 | threshold=0.603 | labels: 1115 long, 1078 short (51/49%)
    [trial 5] Sharpe=-0.1068 (folds: -0.0055, -0.0605, -0.1305, -0.2742, -0.0629)
    [trial 6] 14 features, training_days=290 | threshold=0.738 | labels: 1115 long, 1078 short (51/49%)
    [trial 6] Sharpe=0.0065 (folds: 0.2502, 0.0453, 0.2299, -0.3389, -0.1539)
    [trial 7] 14 features, training_days=70 | threshold=0.564 | labels: 1115 long, 1078 short (51/49%)
    [trial 7] Sharpe=-0.0568 (folds: -0.0612, -0.0416, 0.0153, -0.1969, 0.0003)
    [trial 8] 14 features, training_days=440 | threshold=0.653 | labels: 1115 long, 1078 short (51/49%)
    [trial 8] Sharpe=0.1255 (folds: 0.3430, 0.0311, 0.5783, -0.0313, -0.2937)
    [trial 9] 14 features, training_days=360 | threshold=0.728 | labels: 1115 long, 1078 short (51/49%)
    [trial 9] Sharpe=0.0477 (folds: 0.2720, -0.0816, 0.2700, -0.1116, -0.1101)
  Optuna: 10 trials, best Sharpe = 0.1255
  Best params: n_estimators=116, max_depth=4, lr=0.0102, leaves=115
  Best confidence_threshold: 0.653
  Best training_days: 440
  Retrained on full data (1320 samples, 14 features)
  Model trained for 2024-05: 93 test candles with features, confidence_threshold=0.653
[lgbm] === Training for 2024-06 ===
  Train window: 2022-06-01 → 2024-06-01
  2193 training samples from 1 symbols
  Samples per month: 2022-06: 90, 2022-07: 93, 2022-08: 93, 2022-09: 90, 2022-10: 93, 2022-11: 90, 2022-12: 93, 2023-01: 93, 2023-02: 84, 2023-03: 93, 2023-04: 90, 2023-05: 93, 2023-06: 90, 2023-07: 93, 2023-08: 93, 2023-09: 90, 2023-10: 93, 2023-11: 90, 2023-12: 93, 2024-01: 93, 2024-02: 87, 2024-03: 93, 2024-04: 90, 2024-05: 93
  [label] 2022-08-02 08:00 MKRUSDT entry=1059.7000 → LONG | long=timeout(+0.24%) short=sl(-7.54%) | scanned=22 | no_tp→fwd_return=+0.3397
  [label] 2022-08-04 16:00 MKRUSDT entry=1049.5000 → LONG | long=tp(+13.78%) short=sl(-7.04%) | scanned=20 | long_tp_only
  [label] 2022-08-08 08:00 MKRUSDT entry=1159.0000 → SHORT | long=sl(-5.87%) short=sl(-5.87%) | scanned=9 | no_tp→fwd_return=-2.8559
  [label] 2022-09-02 08:00 MKRUSDT entry=780.9000 → SHORT | long=sl(-6.26%) short=tp(+12.22%) | scanned=13 | short_tp_only
  [label] 2022-10-25 08:00 MKRUSDT entry=945.4000 → SHORT | long=sl(-6.28%) short=timeout(+6.57%) | scanned=22 | no_tp→fwd_return=-6.6744
  [label] 2023-04-11 08:00 MKRUSDT entry=719.0000 → LONG | long=tp(+7.94%) short=sl(-4.12%) | scanned=8 | long_tp_only
  [label] 2023-04-15 08:00 MKRUSDT entry=771.7000 → SHORT | long=sl(-3.99%) short=sl(-3.99%) | scanned=12 | no_tp→fwd_return=-5.5332
  [label] 2023-04-26 00:00 MKRUSDT entry=691.7000 → SHORT | long=sl(-4.79%) short=sl(-4.79%) | scanned=2 | no_tp→fwd_return=-0.3759
  [label] 2023-06-10 08:00 MKRUSDT entry=598.8000 → LONG | long=tp(+9.67%) short=sl(-4.99%) | scanned=12 | long_tp_only
  [label] 2023-06-19 00:00 MKRUSDT entry=688.7000 → LONG | long=tp(+8.08%) short=sl(-4.19%) | scanned=6 | long_tp_only
  [label] 2023-09-18 16:00 MKRUSDT entry=1237.5000 → LONG | long=tp(+7.74%) short=sl(-4.02%) | scanned=6 | long_tp_only
  [label] 2023-10-20 16:00 MKRUSDT entry=1426.2000 → LONG | long=tp(+7.01%) short=sl(-3.66%) | scanned=7 | long_tp_only
  [label] 2023-11-06 00:00 MKRUSDT entry=1341.9000 → LONG | long=sl(-4.26%) short=sl(-4.26%) | scanned=10 | no_tp→fwd_return=+2.2878
  [label] 2023-11-19 00:00 MKRUSDT entry=1366.8000 → LONG | long=timeout(+6.86%) short=sl(-5.74%) | scanned=22 | no_tp→fwd_return=+6.9579
  [label] 2023-12-07 16:00 MKRUSDT entry=1452.1000 → SHORT | long=sl(-3.64%) short=tp(+6.98%) | scanned=10 | short_tp_only
  [label] 2023-12-14 00:00 MKRUSDT entry=1375.4000 → SHORT | long=sl(-4.22%) short=tp(+8.14%) | scanned=13 | short_tp_only
  [label] 2023-12-26 08:00 MKRUSDT entry=1428.2000 → LONG | long=sl(-3.63%) short=sl(-3.63%) | scanned=3 | no_tp→fwd_return=+4.4392
  [label] 2024-02-04 08:00 MKRUSDT entry=2008.8000 → LONG | long=sl(-3.40%) short=timeout(-0.83%) | scanned=22 | no_tp→fwd_return=+0.7268
  [label] 2024-02-14 08:00 MKRUSDT entry=2116.6000 → LONG | long=sl(-3.08%) short=sl(-3.08%) | scanned=13 | no_tp→fwd_return=+2.7780
  [label] 2024-05-11 08:00 MKRUSDT entry=2709.0000 → LONG | long=timeout(+3.49%) short=sl(-4.50%) | scanned=22 | no_tp→fwd_return=+3.5917
  Labels: 1133 long (51.7%), 1060 short (48.3%) | weights: min=1.00, mean=3.43, max=10.00
  Features: 2193/2193 matched, 14 columns
  CV gap: 22 rows
    [trial 0] 14 features, training_days=230 | threshold=0.779 | labels: 1133 long, 1060 short (52/48%)
    [CV fold 0] train_end=2022-09-24 00:00 | val_start=2022-10-01 16:00 | gap=184h (22 rows)
    [CV fold 1] train_end=2023-01-23 16:00 | val_start=2023-01-31 08:00 | gap=184h (22 rows)
    [CV fold 2] train_end=2023-05-25 08:00 | val_start=2023-06-02 00:00 | gap=184h (22 rows)[I 2026-05-06 02:22:50,682] Trial 0 finished with value: -0.030159441165584687 and parameters: {'confidence_threshold': 0.7790993046299082, 'training_days': 230, 'n_estimators': 295, 'max_depth': 5, 'num_leaves': 83, 'learning_rate': 0.051543455158230854, 'subsample': 0.8773243492079463, 'min_child_samples': 10, 'reg_alpha': 0.034096514368237685, 'reg_lambda': 3.154180388637081e-05}. Best is trial 0 with value: -0.030159441165584687.
[I 2026-05-06 02:22:50,831] Trial 1 finished with value: 0.09147584291713548 and parameters: {'confidence_threshold': 0.6929247853618086, 'training_days': 410, 'n_estimators': 233, 'max_depth': 5, 'num_leaves': 108, 'learning_rate': 0.013724237108071606, 'subsample': 0.7013182233636002, 'min_child_samples': 94, 'reg_alpha': 2.4040959529260723e-06, 'reg_lambda': 5.320966582161148}. Best is trial 1 with value: 0.09147584291713548.
[I 2026-05-06 02:22:50,895] Trial 2 finished with value: 0.050092878003999065 and parameters: {'confidence_threshold': 0.546341527225763, 'training_days': 270, 'n_estimators': 120, 'max_depth': 4, 'num_leaves': 53, 'learning_rate': 0.060197068579343475, 'subsample': 0.588227873455941, 'min_child_samples': 91, 'reg_alpha': 2.3457771824819002e-08, 'reg_lambda': 1.1358840775642732e-08}. Best is trial 1 with value: 0.09147584291713548.
[I 2026-05-06 02:22:51,077] Trial 3 finished with value: 0.022034988249979744 and parameters: {'confidence_threshold': 0.6000319676300473, 'training_days': 270, 'n_estimators': 382, 'max_depth': 4, 'num_leaves': 44, 'learning_rate': 0.09185046765032388, 'subsample': 0.6743651508646724, 'min_child_samples': 77, 'reg_alpha': 0.0013974578104212739, 'reg_lambda': 8.97190257982477e-08}. Best is trial 1 with value: 0.09147584291713548.
[I 2026-05-06 02:22:51,446] Trial 4 finished with value: 0.0431730094997795 and parameters: {'confidence_threshold': 0.7642618789055509, 'training_days': 390, 'n_estimators': 464, 'max_depth': 5, 'num_leaves': 30, 'learning_rate': 0.024562383309704932, 'subsample': 0.8612975035964376, 'min_child_samples': 36, 'reg_alpha': 1.593999300080167, 'reg_lambda': 0.006081270362829788}. Best is trial 1 with value: 0.09147584291713548.
[I 2026-05-06 02:22:51,584] Trial 5 finished with value: 0.008873786702189518 and parameters: {'confidence_threshold': 0.6029115860358569, 'training_days': 60, 'n_estimators': 441, 'max_depth': 3, 'num_leaves': 66, 'learning_rate': 0.044953114425778824, 'subsample': 0.7098948461279406, 'min_child_samples': 15, 'reg_alpha': 4.888753565548431e-07, 'reg_lambda': 4.198190642566389}. Best is trial 1 with value: 0.09147584291713548.
[I 2026-05-06 02:22:51,834] Trial 6 finished with value: 0.016790401839822923 and parameters: {'confidence_threshold': 0.7376932868314098, 'training_days': 290, 'n_estimators': 249, 'max_depth': 5, 'num_leaves': 121, 'learning_rate': 0.015565840632862623, 'subsample': 0.8390183783709677, 'min_child_samples': 19, 'reg_alpha': 1.860444687368747e-08, 'reg_lambda': 2.7391483548058117e-06}. Best is trial 1 with value: 0.09147584291713548.
[I 2026-05-06 02:22:51,871] Trial 7 finished with value: -0.01720094273995016 and parameters: {'confidence_threshold': 0.563503962036334, 'training_days': 70, 'n_estimators': 63, 'max_depth': 3, 'num_leaves': 47, 'learning_rate': 0.18074927623018475, 'subsample': 0.5059692991701257, 'min_child_samples': 9, 'reg_alpha': 3.6945804405602874e-08, 'reg_lambda': 0.027706035542028905}. Best is trial 1 with value: 0.09147584291713548.
[I 2026-05-06 02:22:51,973] Trial 8 finished with value: 0.03605263180812083 and parameters: {'confidence_threshold': 0.6525471176758836, 'training_days': 440, 'n_estimators': 116, 'max_depth': 4, 'num_leaves': 115, 'learning_rate': 0.010229952960863938, 'subsample': 0.5062159465415076, 'min_child_samples': 54, 'reg_alpha': 6.790626457822126e-06, 'reg_lambda': 1.7869141074987722e-05}. Best is trial 1 with value: 0.09147584291713548.
[I 2026-05-06 02:22:52,081] Trial 9 finished with value: -0.18869366066389867 and parameters: {'confidence_threshold': 0.7277571993354469, 'training_days': 360, 'n_estimators': 75, 'max_depth': 5, 'num_leaves': 41, 'learning_rate': 0.014186743931212992, 'subsample': 0.7445187273047605, 'min_child_samples': 22, 'reg_alpha': 0.02393227447113315, 'reg_lambda': 0.009236766173618426}. Best is trial 1 with value: 0.09147584291713548.
[I 2026-05-06 02:22:52,388] A new study created in memory with name: no-name-1a21c228-0511-411d-ad5a-742329b437da
[I 2026-05-06 02:22:52,682] Trial 0 finished with value: 0.04456901258586091 and parameters: {'confidence_threshold': 0.7790993046299082, 'training_days': 230, 'n_estimators': 295, 'max_depth': 5, 'num_leaves': 83, 'learning_rate': 0.051543455158230854, 'subsample': 0.8773243492079463, 'min_child_samples': 10, 'reg_alpha': 0.034096514368237685, 'reg_lambda': 3.154180388637081e-05}. Best is trial 0 with value: 0.04456901258586091.
[I 2026-05-06 02:22:52,823] Trial 1 finished with value: 0.0944097570435046 and parameters: {'confidence_threshold': 0.6929247853618086, 'training_days': 410, 'n_estimators': 233, 'max_depth': 5, 'num_leaves': 108, 'learning_rate': 0.013724237108071606, 'subsample': 0.7013182233636002, 'min_child_samples': 94, 'reg_alpha': 2.4040959529260723e-06, 'reg_lambda': 5.320966582161148}. Best is trial 1 with value: 0.0944097570435046.
[I 2026-05-06 02:22:52,891] Trial 2 finished with value: 0.007697066423047835 and parameters: {'confidence_threshold': 0.546341527225763, 'training_days': 270, 'n_estimators': 120, 'max_depth': 4, 'num_leaves': 53, 'learning_rate': 0.060197068579343475, 'subsample': 0.588227873455941, 'min_child_samples': 91, 'reg_alpha': 2.3457771824819002e-08, 'reg_lambda': 1.1358840775642732e-08}. Best is trial 1 with value: 0.0944097570435046.
[I 2026-05-06 02:22:53,073] Trial 3 finished with value: 0.027104395991182962 and parameters: {'confidence_threshold': 0.6000319676300473, 'training_days': 270, 'n_estimators': 382, 'max_depth': 4, 'num_leaves': 44, 'learning_rate': 0.09185046765032388, 'subsample': 0.6743651508646724, 'min_child_samples': 77, 'reg_alpha': 0.0013974578104212739, 'reg_lambda': 8.97190257982477e-08}. Best is trial 1 with value: 0.0944097570435046.
[I 2026-05-06 02:22:53,461] Trial 4 finished with value: -0.01430938636165679 and parameters: {'confidence_threshold': 0.7642618789055509, 'training_days': 390, 'n_estimators': 464, 'max_depth': 5, 'num_leaves': 30, 'learning_rate': 0.024562383309704932, 'subsample': 0.8612975035964376, 'min_child_samples': 36, 'reg_alpha': 1.593999300080167, 'reg_lambda': 0.006081270362829788}. Best is trial 1 with value: 0.0944097570435046.
[I 2026-05-06 02:22:53,606] Trial 5 finished with value: 0.06808232877685107 and parameters: {'confidence_threshold': 0.6029115860358569, 'training_days': 60, 'n_estimators': 441, 'max_depth': 3, 'num_leaves': 66, 'learning_rate': 0.044953114425778824, 'subsample': 0.7098948461279406, 'min_child_samples': 15, 'reg_alpha': 4.888753565548431e-07, 'reg_lambda': 4.198190642566389}. Best is trial 1 with value: 0.0944097570435046.
[I 2026-05-06 02:22:53,844] Trial 6 finished with value: 0.05151504423060441 and parameters: {'confidence_threshold': 0.7376932868314098, 'training_days': 290, 'n_estimators': 249, 'max_depth': 5, 'num_leaves': 121, 'learning_rate': 0.015565840632862623, 'subsample': 0.8390183783709677, 'min_child_samples': 19, 'reg_alpha': 1.860444687368747e-08, 'reg_lambda': 2.7391483548058117e-06}. Best is trial 1 with value: 0.0944097570435046.
[I 2026-05-06 02:22:53,885] Trial 7 finished with value: -0.03763702297756031 and parameters: {'confidence_threshold': 0.563503962036334, 'training_days': 70, 'n_estimators': 63, 'max_depth': 3, 'num_leaves': 47, 'learning_rate': 0.18074927623018475, 'subsample': 0.5059692991701257, 'min_child_samples': 9, 'reg_alpha': 3.6945804405602874e-08, 'reg_lambda': 0.027706035542028905}. Best is trial 1 with value: 0.0944097570435046.
