[I 2026-05-06 02:24:28,699] Trial 9 finished with value: -5.820237134636551 and parameters: {'confidence_threshold': 0.7277571993354469, 'training_days': 360, 'n_estimators': 75, 'max_depth': 5, 'num_leaves': 41, 'learning_rate': 0.014186743931212992, 'subsample': 0.7445187273047605, 'min_child_samples': 22, 'reg_alpha': 0.02393227447113315, 'reg_lambda': 0.009236766173618426}. Best is trial 6 with value: 0.25133368250867816.

    [trial 6] Sharpe=0.1087 (folds: 0.0676, 0.1017, -0.2152, 0.3559, 0.2333)
    [trial 7] 14 features, training_days=70 | threshold=0.564 | labels: 1223 long, 970 short (56/44%)
    [trial 7] Sharpe=-0.0234 (folds: -0.1301, 0.1564, -0.1416, 0.0786, -0.0804)
    [trial 8] 14 features, training_days=440 | threshold=0.653 | labels: 1223 long, 970 short (56/44%)
    [trial 8] Sharpe=-0.0173 (folds: -0.7762, 0.1225, -0.1016, 0.0700, 0.5988)
    [trial 9] 14 features, training_days=360 | threshold=0.728 | labels: 1223 long, 970 short (56/44%)
    [trial 9] Sharpe=-1.7370 (folds: 0.2211, 0.0789, -0.0835, -10.0000, 1.0987)
  Optuna: 10 trials, best Sharpe = 0.1087
  Best params: n_estimators=249, max_depth=5, lr=0.0156, leaves=121
  Best confidence_threshold: 0.738
  Best training_days: 290
  Retrained on full data (870 samples, 14 features)
  Model trained for 2022-02: 75 test candles with features, confidence_threshold=0.738
[predict] 2022-02-12 00:00 TRXUSDT → SHORT (proba=0.76 TP=9.2%/SL=4.6%)
[trade:open] 2022-02-12 07:59 TRXUSDT SHORT @ 0.06 | SL=0.07 TP=0.06 | timeout=2022-02-19 07:59
[trade:close] 2022-02-15 07:59 TRXUSDT SHORT → stop_loss @ 0.07 | PnL=-4.58% (net -4.68%) | cum=-4.68% 2022-02=-4.68% 2022-02-15=-4.68%
[lgbm] === Training for 2022-03 ===
  Train window: 2020-03-01 → 2022-03-01
  2181 training samples from 1 symbols
  Samples per month: 2020-03: 93, 2020-04: 90, 2020-05: 93, 2020-06: 90, 2020-07: 93, 2020-08: 93, 2020-09: 90, 2020-10: 93, 2020-11: 90, 2020-12: 93, 2021-01: 93, 2021-02: 84, 2021-03: 93, 2021-04: 90, 2021-05: 93, 2021-06: 90, 2021-07: 93, 2021-08: 93, 2021-09: 90, 2021-10: 93, 2021-11: 90, 2021-12: 93, 2022-01: 93, 2022-02: 75
  [label] 2020-05-02 00:00 TRXUSDT entry=0.0158 → LONG | long=timeout(+3.00%) short=sl(-5.16%) | scanned=22 | no_tp→fwd_return=+3.0993
  [label] 2020-05-04 00:00 TRXUSDT entry=0.0154 → SHORT | long=sl(-5.50%) short=sl(-5.50%) | scanned=18 | no_tp→fwd_return=-5.6678
  [label] 2020-05-08 00:00 TRXUSDT entry=0.0161 → SHORT | long=sl(-5.20%) short=tp(+10.10%) | scanned=6 | short_tp_only
  [label] 2020-06-02 00:00 TRXUSDT entry=0.0171 → SHORT | long=sl(-4.98%) short=tp(+9.65%) | scanned=1 | short_tp_only
  [label] 2020-07-24 16:00 TRXUSDT entry=0.0180 → LONG | long=tp(+5.98%) short=sl(-3.14%) | scanned=4 | long_tp_only
  [label] 2021-01-07 08:00 TRXUSDT entry=0.0326 → LONG | long=sl(-8.27%) short=sl(-8.27%) | scanned=7 | no_tp→fwd_return=+4.0528
  [label] 2021-01-11 16:00 TRXUSDT entry=0.0290 → LONG | long=timeout(+9.33%) short=timeout(-9.53%) | scanned=22 | no_tp→fwd_return=+9.4301
  [label] 2021-01-22 08:00 TRXUSDT entry=0.0286 → LONG | long=tp(+16.19%) short=sl(-8.25%) | scanned=21 | long_tp_only
  [label] 2021-03-08 08:00 TRXUSDT entry=0.0522 → SHORT | long=sl(-7.70%) short=timeout(+4.54%) | scanned=22 | no_tp→fwd_return=-4.6360
  [label] 2021-03-17 00:00 TRXUSDT entry=0.0542 → LONG | long=tp(+11.95%) short=sl(-6.13%) | scanned=9 | long_tp_only
  [label] 2021-06-16 00:00 TRXUSDT entry=0.0723 → SHORT | long=sl(-6.15%) short=tp(+12.00%) | scanned=13 | short_tp_only
  [label] 2021-07-18 00:00 TRXUSDT entry=0.0562 → SHORT | long=sl(-4.98%) short=tp(+9.66%) | scanned=6 | short_tp_only
  [label] 2021-08-03 08:00 TRXUSDT entry=0.0640 → LONG | long=tp(+9.43%) short=sl(-4.87%) | scanned=5 | long_tp_only
  [label] 2021-08-16 00:00 TRXUSDT entry=0.0937 → SHORT | long=sl(-5.58%) short=tp(+10.86%) | scanned=6 | short_tp_only
  [label] 2021-09-03 16:00 TRXUSDT entry=0.1017 → SHORT | long=sl(-5.24%) short=sl(-5.24%) | scanned=11 | no_tp→fwd_return=-16.5815
  [label] 2021-09-10 00:00 TRXUSDT entry=0.0916 → LONG | long=tp(+15.16%) short=sl(-7.73%) | scanned=7 | long_tp_only
  [label] 2021-09-22 08:00 TRXUSDT entry=0.0952 → SHORT | long=sl(-9.41%) short=timeout(+9.46%) | scanned=22 | no_tp→fwd_return=-9.5578
  [label] 2021-11-01 00:00 TRXUSDT entry=0.1011 → LONG | long=timeout(+6.24%) short=sl(-5.09%) | scanned=22 | no_tp→fwd_return=+6.3428
  [label] 2021-11-11 00:00 TRXUSDT entry=0.1095 → LONG | long=tp(+10.46%) short=sl(-5.38%) | scanned=12 | long_tp_only
  [label] 2022-02-05 16:00 TRXUSDT entry=0.0646 → LONG | long=tp(+8.33%) short=sl(-4.32%) | scanned=7 | long_tp_only
  Labels: 1198 long (54.9%), 983 short (45.1%) | weights: min=1.01, mean=3.17, max=10.00
  Features: 2181/2181 matched, 14 columns
  CV gap: 22 rows
    [trial 0] 14 features, training_days=230 | threshold=0.779 | labels: 1198 long, 983 short (55/45%)
    [CV fold 0] train_end=2020-06-23 08:00 | val_start=2020-07-01 00:00 | gap=184h (22 rows)
    [CV fold 1] train_end=2020-10-22 08:00 | val_start=2020-10-30 00:00 | gap=184h (22 rows)
    [CV fold 2] train_end=2021-02-20 08:00 | val_start=2021-02-28 00:00 | gap=184h (22 rows)
    [CV fold 3] train_end=2021-06-21 08:00 | val_start=2021-06-29 00:00 | gap=184h (22 rows)
    [CV fold 4] train_end=2021-10-20 08:00 | val_start=2021-10-28 00:00 | gap=184h (22 rows)
    [trial 0] Sharpe=0.1517 (folds: -0.0257, 0.1797, 0.0137, 0.1482, 0.4425)
    [trial 1] 14 features, training_days=410 | threshold=0.693 | labels: 1198 long, 983 short (55/45%)
    [trial 1] Sharpe=0.1606 (folds: -0.3192, 0.1882, 0.1357, 0.4180, 0.3805)
    [trial 2] 14 features, training_days=270 | threshold=0.546 | labels: 1198 long, 983 short (55/45%)
    [trial 2] Sharpe=0.0417 (folds: -0.1654, 0.2057, -0.0317, 0.0481, 0.1520)
    [trial 3] 14 features, training_days=270 | threshold=0.600 | labels: 1198 long, 983 short (55/45%)
    [trial 3] Sharpe=0.0617 (folds: -0.0914, 0.2329, -0.0181, 0.1023, 0.0828)
    [trial 4] 14 features, training_days=390 | threshold=0.764 | labels: 1198 long, 983 short (55/45%)
    [trial 4] Sharpe=0.1974 (folds: -0.0929, 0.2446, 0.0298, 0.2646, 0.5407)
    [trial 5] 14 features, training_days=60 | threshold=0.603 | labels: 1198 long, 983 short (55/45%)
    [trial 5] Sharpe=-0.0350 (folds: -0.0504, 0.2318, -0.1430, -0.0502, -0.1634)
    [trial 6] 14 features, training_days=290 | threshold=0.738 | labels: 1198 long, 983 short (55/45%)
    [trial 6] Sharpe=0.2513 (folds: -0.0440, 0.1016, 0.1229, 0.1665, 0.9097)
    [trial 7] 14 features, training_days=70 | threshold=0.564 | labels: 1198 long, 983 short (55/45%)
    [trial 7] Sharpe=-0.0287 (folds: -0.0876, 0.2560, -0.0902, -0.0502, -0.1714)
    [trial 8] 14 features, training_days=440 | threshold=0.653 | labels: 1198 long, 983 short (55/45%)
    [trial 8] Sharpe=0.1839 (folds: -0.1609, 0.1889, 0.1812, 0.2164, 0.4940)
    [trial 9] 14 features, training_days=360 | threshold=0.728 | labels: 1198 long, 983 short (55/45%)
    [trial 9] Sharpe=-5.8202 (folds: -10.0000, 0.2805, -10.0000, 0.6183, -10.0000)
  Optuna: 10 trials, best Sharpe = 0.2513
  Best params: n_estimators=249, max_depth=5, lr=0.0156, leaves=121
  Best confidence_threshold: 0.738
  Best training_days: 290
  Retrained on full data (861 samples, 14 features)
  Model trained for 2022-03: 93 test candles with features, confidence_threshold=0.738
[predict] 2022-03-01 00:00 TRXUSDT → SHORT (proba=0.88 TP=11.0%/SL=5.5%)
[trade:open] 2022-03-01 07:59 TRXUSDT SHORT @ 0.06 | SL=0.07 TP=0.05 | timeout=2022-03-08 07:59
[trade:close] 2022-03-08 08:00 TRXUSDT SHORT → timeout @ 0.06 | PnL=+2.11% (net +2.01%) | cum=-2.68% 2022-03=+2.01% 2022-03-08=+2.01%
[predict] 2022-03-29 00:00 TRXUSDT → SHORT (proba=0.94 TP=6.6%/SL=3.3%)
[trade:open] 2022-03-29 07:59 TRXUSDT SHORT @ 0.07 | SL=0.07 TP=0.07 | timeout=2022-04-05 07:59
[trade:close] 2022-03-30 15:59 TRXUSDT SHORT → stop_loss @ 0.07 | PnL=-3.32% (net -3.42%) | cum=-6.09% 2022-03=-1.41% 2022-03-30=-3.42%
[lgbm] === Training for 2022-04 ===
  Train window: 2020-04-01 → 2022-04-01
  2181 training samples from 1 symbols
  Samples per month: 2020-04: 90, 2020-05: 93, 2020-06: 90, 2020-07: 93, 2020-08: 93, 2020-09: 90, 2020-10: 93, 2020-11: 90, 2020-12: 93, 2021-01: 93, 2021-02: 84, 2021-03: 93, 2021-04: 90, 2021-05: 93, 2021-06: 90, 2021-07: 93, 2021-08: 93, 2021-09: 90, 2021-10: 93, 2021-11: 90, 2021-12: 93, 2022-01: 93, 2022-02: 75, 2022-03: 93
  [label] 2020-06-02 00:00 TRXUSDT entry=0.0171 → SHORT | long=sl(-4.98%) short=tp(+9.65%) | scanned=1 | short_tp_only
  [label] 2020-06-04 00:00 TRXUSDT entry=0.0171 → LONG | long=timeout(+2.30%) short=sl(-5.40%) | scanned=22 | no_tp→fwd_return=+2.4033[I 2026-05-06 02:24:29,109] A new study created in memory with name: no-name-8e0f6c5f-2d6e-4d77-9c59-81da343f9567
[I 2026-05-06 02:24:29,372] Trial 0 finished with value: 0.03589446730178142 and parameters: {'confidence_threshold': 0.7790993046299082, 'training_days': 230, 'n_estimators': 295, 'max_depth': 5, 'num_leaves': 83, 'learning_rate': 0.051543455158230854, 'subsample': 0.8773243492079463, 'min_child_samples': 10, 'reg_alpha': 0.034096514368237685, 'reg_lambda': 3.154180388637081e-05}. Best is trial 0 with value: 0.03589446730178142.
[I 2026-05-06 02:24:29,518] Trial 1 finished with value: -0.024183716133119676 and parameters: {'confidence_threshold': 0.6929247853618086, 'training_days': 410, 'n_estimators': 233, 'max_depth': 5, 'num_leaves': 108, 'learning_rate': 0.013724237108071606, 'subsample': 0.7013182233636002, 'min_child_samples': 94, 'reg_alpha': 2.4040959529260723e-06, 'reg_lambda': 5.320966582161148}. Best is trial 0 with value: 0.03589446730178142.
[I 2026-05-06 02:24:29,582] Trial 2 finished with value: 0.013630914882328728 and parameters: {'confidence_threshold': 0.546341527225763, 'training_days': 270, 'n_estimators': 120, 'max_depth': 4, 'num_leaves': 53, 'learning_rate': 0.060197068579343475, 'subsample': 0.588227873455941, 'min_child_samples': 91, 'reg_alpha': 2.3457771824819002e-08, 'reg_lambda': 1.1358840775642732e-08}. Best is trial 0 with value: 0.03589446730178142.
[I 2026-05-06 02:24:29,785] Trial 3 finished with value: 0.03397878044170744 and parameters: {'confidence_threshold': 0.6000319676300473, 'training_days': 270, 'n_estimators': 382, 'max_depth': 4, 'num_leaves': 44, 'learning_rate': 0.09185046765032388, 'subsample': 0.6743651508646724, 'min_child_samples': 77, 'reg_alpha': 0.0013974578104212739, 'reg_lambda': 8.97190257982477e-08}. Best is trial 0 with value: 0.03589446730178142.
[I 2026-05-06 02:24:30,173] Trial 4 finished with value: 0.04469145745186472 and parameters: {'confidence_threshold': 0.7642618789055509, 'training_days': 390, 'n_estimators': 464, 'max_depth': 5, 'num_leaves': 30, 'learning_rate': 0.024562383309704932, 'subsample': 0.8612975035964376, 'min_child_samples': 36, 'reg_alpha': 1.593999300080167, 'reg_lambda': 0.006081270362829788}. Best is trial 4 with value: 0.04469145745186472.
[I 2026-05-06 02:24:30,307] Trial 5 finished with value: -0.0289774067106787 and parameters: {'confidence_threshold': 0.6029115860358569, 'training_days': 60, 'n_estimators': 441, 'max_depth': 3, 'num_leaves': 66, 'learning_rate': 0.044953114425778824, 'subsample': 0.7098948461279406, 'min_child_samples': 15, 'reg_alpha': 4.888753565548431e-07, 'reg_lambda': 4.198190642566389}. Best is trial 4 with value: 0.04469145745186472.
[I 2026-05-06 02:24:30,532] Trial 6 finished with value: 0.04740820554843485 and parameters: {'confidence_threshold': 0.7376932868314098, 'training_days': 290, 'n_estimators': 249, 'max_depth': 5, 'num_leaves': 121, 'learning_rate': 0.015565840632862623, 'subsample': 0.8390183783709677, 'min_child_samples': 19, 'reg_alpha': 1.860444687368747e-08, 'reg_lambda': 2.7391483548058117e-06}. Best is trial 6 with value: 0.04740820554843485.
[I 2026-05-06 02:24:30,565] Trial 7 finished with value: -0.04554710264481206 and parameters: {'confidence_threshold': 0.563503962036334, 'training_days': 70, 'n_estimators': 63, 'max_depth': 3, 'num_leaves': 47, 'learning_rate': 0.18074927623018475, 'subsample': 0.5059692991701257, 'min_child_samples': 9, 'reg_alpha': 3.6945804405602874e-08, 'reg_lambda': 0.027706035542028905}. Best is trial 6 with value: 0.04740820554843485.
[I 2026-05-06 02:24:30,654] Trial 8 finished with value: -1.97961070281272 and parameters: {'confidence_threshold': 0.6525471176758836, 'training_days': 440, 'n_estimators': 116, 'max_depth': 4, 'num_leaves': 115, 'learning_rate': 0.010229952960863938, 'subsample': 0.5062159465415076, 'min_child_samples': 54, 'reg_alpha': 6.790626457822126e-06, 'reg_lambda': 1.7869141074987722e-05}. Best is trial 6 with value: 0.04740820554843485.
[I 2026-05-06 02:24:30,745] Trial 9 finished with value: -1.9095000163534042 and parameters: {'confidence_threshold': 0.7277571993354469, 'training_days': 360, 'n_estimators': 75, 'max_depth': 5, 'num_leaves': 41, 'learning_rate': 0.014186743931212992, 'subsample': 0.7445187273047605, 'min_child_samples': 22, 'reg_alpha': 0.02393227447113315, 'reg_lambda': 0.009236766173618426}. Best is trial 6 with value: 0.04740820554843485.

  [label] 2020-06-08 00:00 TRXUSDT entry=0.0185 → SHORT | long=sl(-4.86%) short=tp(+9.41%) | scanned=10 | short_tp_only
  [label] 2020-07-03 00:00 TRXUSDT entry=0.0168 → LONG | long=tp(+6.95%) short=sl(-3.62%) | scanned=10 | long_tp_only
  [label] 2020-08-24 16:00 TRXUSDT entry=0.0251 → LONG | long=sl(-8.17%) short=sl(-8.17%) | scanned=17 | no_tp→fwd_return=+6.9240
  [label] 2021-02-07 08:00 TRXUSDT entry=0.0350 → LONG | long=tp(+16.31%) short=sl(-8.30%) | scanned=4 | long_tp_only
  [label] 2021-02-11 16:00 TRXUSDT entry=0.0571 → SHORT | long=sl(-8.47%) short=tp(+16.63%) | scanned=10 | short_tp_only
  [label] 2021-02-22 08:00 TRXUSDT entry=0.0525 → SHORT | long=sl(-12.49%) short=tp(+24.69%) | scanned=3 | short_tp_only
  [label] 2021-04-08 08:00 TRXUSDT entry=0.1242 → LONG | long=tp(+23.41%) short=sl(-11.86%) | scanned=16 | long_tp_only
  [label] 2021-04-17 00:00 TRXUSDT entry=0.1731 → SHORT | long=sl(-10.98%) short=tp(+21.66%) | scanned=3 | short_tp_only
  [label] 2021-07-17 00:00 TRXUSDT entry=0.0557 → SHORT | long=sl(-5.23%) short=tp(+10.16%) | scanned=9 | short_tp_only
  [label] 2021-08-18 00:00 TRXUSDT entry=0.0847 → LONG | long=timeout(+1.20%) short=sl(-6.75%) | scanned=22 | no_tp→fwd_return=+1.2992
  [label] 2021-09-03 08:00 TRXUSDT entry=0.1022 → SHORT | long=sl(-5.22%) short=sl(-5.22%) | scanned=12 | no_tp→fwd_return=-16.9407
  [label] 2021-09-16 00:00 TRXUSDT entry=0.1163 → SHORT | long=sl(-8.02%) short=tp(+15.74%) | scanned=12 | short_tp_only
  [label] 2021-10-04 16:00 TRXUSDT entry=0.0935 → LONG | long=tp(+11.10%) short=sl(-5.70%) | scanned=14 | long_tp_only
  [label] 2021-10-11 00:00 TRXUSDT entry=0.1007 → SHORT | long=sl(-5.34%) short=timeout(+2.41%) | scanned=22 | no_tp→fwd_return=-2.5122
  [label] 2021-10-23 08:00 TRXUSDT entry=0.1009 → SHORT | long=sl(-4.22%) short=sl(-4.22%) | scanned=12 | no_tp→fwd_return=-8.3457
  [label] 2021-12-02 00:00 TRXUSDT entry=0.0965 → SHORT | long=sl(-5.16%) short=sl(-5.16%) | scanned=6 | no_tp→fwd_return=-15.5671
  [label] 2021-12-12 00:00 TRXUSDT entry=0.0911 → SHORT | long=sl(-5.76%) short=tp(+11.23%) | scanned=16 | short_tp_only
  [label] 2022-03-11 16:00 TRXUSDT entry=0.0602 → LONG | long=timeout(+2.26%) short=timeout(-2.46%) | scanned=22 | no_tp→fwd_return=+2.3596
  Labels: 1219 long (55.9%), 962 short (44.1%) | weights: min=1.00, mean=3.09, max=10.00
  Features: 2181/2181 matched, 14 columns
  CV gap: 22 rows
    [trial 0] 14 features, training_days=230 | threshold=0.779 | labels: 1219 long, 962 short (56/44%)
    [CV fold 0] train_end=2020-07-24 08:00 | val_start=2020-08-01 00:00 | gap=184h (22 rows)
    [CV fold 1] train_end=2020-11-22 08:00 | val_start=2020-11-30 00:00 | gap=184h (22 rows)
    [CV fold 2] train_end=2021-03-23 08:00 | val_start=2021-03-31 00:00 | gap=184h (22 rows)
    [CV fold 3] train_end=2021-07-22 08:00 | val_start=2021-07-30 00:00 | gap=184h (22 rows)
    [CV fold 4] train_end=2021-11-20 08:00 | val_start=2021-11-28 00:00 | gap=184h (22 rows)
    [trial 0] Sharpe=0.0359 (folds: -0.0341, 0.0440, -0.2191, 0.0644, 0.3243)
    [trial 1] 14 features, training_days=410 | threshold=0.693 | labels: 1219 long, 962 short (56/44%)
    [trial 1] Sharpe=-0.0242 (folds: 0.1513, 0.3367, -0.8045, 0.3644, -0.1688)
    [trial 2] 14 features, training_days=270 | threshold=0.546 | labels: 1219 long, 962 short (56/44%)
    [trial 2] Sharpe=0.0136 (folds: 0.0480, 0.2834, -0.2378, -0.0298, 0.0044)
    [trial 3] 14 features, training_days=270 | threshold=0.600 | labels: 1219 long, 962 short (56/44%)
    [trial 3] Sharpe=0.0340 (folds: 0.0176, 0.2728, -0.2208, 0.0251, 0.0752)
    [trial 4] 14 features, training_days=390 | threshold=0.764 | labels: 1219 long, 962 short (56/44%)
    [trial 4] Sharpe=0.0447 (folds: -0.0186, 0.2078, -0.2920, 0.1824, 0.1439)
    [trial 5] 14 features, training_days=60 | threshold=0.603 | labels: 1219 long, 962 short (56/44%)
    [trial 5] Sharpe=-0.0290 (folds: 0.0520, 0.2968, -0.2359, -0.1119, -0.1459)
    [trial 6] 14 features, training_days=290 | threshold=0.738 | labels: 1219 long, 962 short (56/44%)
    [trial 6] Sharpe=0.0474 (folds: -0.0075, 0.1729, -0.3384, 0.0752, 0.3349)
    [trial 7] 14 features, training_days=70 | threshold=0.564 | labels: 1219 long, 962 short (56/44%)
    [trial 7] Sharpe=-0.0455 (folds: -0.0307, 0.1859, -0.2118, -0.0652, -0.1060)
    [trial 8] 14 features, training_days=440 | threshold=0.653 | labels: 1219 long, 962 short (56/44%)
    [trial 8] Sharpe=-1.9796 (folds: 0.0001, 0.1416, -0.1909, -10.0000, 0.1511)
    [trial 9] 14 features, training_days=360 | threshold=0.728 | labels: 1219 long, 962 short (56/44%)
    [trial 9] Sharpe=-1.9095 (folds: -0.0031, 0.2560, -0.4397, -10.0000, 0.6393)
  Optuna: 10 trials, best Sharpe = 0.0474
  Best params: n_estimators=249, max_depth=5, lr=0.0156, leaves=121
  Best confidence_threshold: 0.738
  Best training_days: 290
  Retrained on full data (861 samples, 14 features)
  Model trained for 2022-04: 84 test candles with features, confidence_threshold=0.738
[predict] 2022-04-03 00:00 TRXUSDT → SHORT (proba=0.87 TP=8.9%/SL=4.5%)
[trade:open] 2022-04-03 07:59 TRXUSDT SHORT @ 0.07 | SL=0.08 TP=0.07 | timeout=2022-04-10 07:59
[trade:close] 2022-04-06 07:59 TRXUSDT SHORT → take_profit @ 0.07 | PnL=+8.92% (net +8.82%) | cum=+2.73% 2022-04=+8.82% 2022-04-06=+8.82%
[predict] 2022-04-09 00:00 TRXUSDT → LONG (proba=0.75 TP=9.5%/SL=4.7%)
[trade:open] 2022-04-09 07:59 TRXUSDT LONG @ 0.06 | SL=0.06 TP=0.07 | timeout=2022-04-16 07:59
[trade:close] 2022-04-11 15:59 TRXUSDT LONG → stop_loss @ 0.06 | PnL=-4.73% (net -4.83%) | cum=-2.10% 2022-04=+3.99% 2022-04-11=-4.83%
[predict] 2022-04-13 00:00 TRXUSDT → LONG (proba=0.80 TP=8.9%/SL=4.4%)
[trade:open] 2022-04-13 07:59 TRXUSDT LONG @ 0.06 | SL=0.06 TP=0.07 | timeout=2022-04-20 07:59
[trade:close] 2022-04-20 08:00 TRXUSDT LONG → timeout @ 0.06 | PnL=+4.74% (net +4.64%) | cum=+2.54% 2022-04=+8.63% 2022-04-20=+4.64%
[predict] 2022-04-25 00:00 TRXUSDT → LONG (proba=0.77 TP=10.5%/SL=5.2%)
[trade:open] 2022-04-25 07:59 TRXUSDT LONG @ 0.06 | SL=0.06 TP=0.07 | timeout=2022-05-02 07:59
[trade:close] 2022-04-29 15:59 TRXUSDT LONG → take_profit @ 0.07 | PnL=+10.47% (net +10.37%) | cum=+12.91% 2022-04=+19.01% 2022-04-29=+10.37%
[lgbm] === Training for 2022-05 ===
  Train window: 2020-05-01 → 2022-05-01
  2175 training samples from 1 symbols
  Samples per month: 2020-05: 93, 2020-06: 90, 2020-07: 93, 2020-08: 93, 2020-09: 90, 2020-10: 93, 2020-11: 90, 2020-12: 93, 2021-01: 93, 2021-02: 84, 2021-03: 93, 2021-04: 90, 2021-05: 93, 2021-06: 90, 2021-07: 93, 2021-08: 93, 2021-09: 90, 2021-10: 93, 2021-11: 90, 2021-12: 93, 2022-01: 93, 2022-02: 75, 2022-03: 93, 2022-04: 84
  [label] 2020-07-01 16:00 TRXUSDT entry=0.0169 → LONG | long=sl(-3.38%) short=sl(-3.38%) | scanned=13 | no_tp→fwd_return=+4.0308
  [label] 2020-07-04 00:00 TRXUSDT entry=0.0167 → LONG | long=tp(+6.79%) short=sl(-3.55%) | scanned=7 | long_tp_only
  [label] 2020-07-07 16:00 TRXUSDT entry=0.0172 → LONG | long=tp(+7.43%) short=sl(-3.86%) | scanned=4 | long_tp_only
  [label] 2020-08-01 16:00 TRXUSDT entry=0.0205 → SHORT | long=sl(-4.66%) short=tp(+9.02%) | scanned=1 | short_tp_only
  [label] 2020-09-23 00:00 TRXUSDT entry=0.0248 → LONG | long=timeout(+4.14%) short=sl(-8.58%) | scanned=22 | no_tp→fwd_return=+4.2356
  [label] 2021-03-08 16:00 TRXUSDT entry=0.0531 → SHORT | long=sl(-7.42%) short=timeout(+4.51%) | scanned=22 | no_tp→fwd_return=-4.6131
  [label] 2021-03-12 16:00 TRXUSDT entry=0.0499 → LONG | long=tp(+12.71%) short=sl(-6.50%) | scanned=20 | long_tp_only
  [label] 2021-03-23 08:00 TRXUSDT entry=0.0602 → LONG | long=sl(-7.76%) short=sl(-7.76%) | scanned=9 | no_tp→fwd_return=+4.3500
  [label] 2021-05-07 08:00 TRXUSDT entry=0.1574 → SHORT | long=sl(-9.20%) short=tp(+18.10%) | scanned=10 | short_tp_only
  [label] 2021-05-16 00:00 TRXUSDT entry=0.1282 → SHORT | long=sl(-10.87%) short=tp(+21.44%) | scanned=9 | short_tp_only
  [label] 2021-08-14 16:00 TRXUSDT entry=0.0927 → SHORT | long=sl(-5.58%) short=tp(+10.86%) | scanned=10 | short_tp_only
  [label] 2021-09-15 16:00 TRXUSDT entry=0.1208 → SHORT | long=sl(-7.62%) short=tp(+14.94%) | scanned=12 | short_tp_only[I 2026-05-06 02:24:31,167] A new study created in memory with name: no-name-2e0e215b-c4a8-4582-916e-f6b5b1dcaeed
[I 2026-05-06 02:24:31,447] Trial 0 finished with value: 0.08625725105156427 and parameters: {'confidence_threshold': 0.7790993046299082, 'training_days': 230, 'n_estimators': 295, 'max_depth': 5, 'num_leaves': 83, 'learning_rate': 0.051543455158230854, 'subsample': 0.8773243492079463, 'min_child_samples': 10, 'reg_alpha': 0.034096514368237685, 'reg_lambda': 3.154180388637081e-05}. Best is trial 0 with value: 0.08625725105156427.
