[I 2026-05-06 02:21:13,655] Trial 5 finished with value: -0.04372354398324344 and parameters: {'confidence_threshold': 0.6029115860358569, 'training_days': 60, 'n_estimators': 441, 'max_depth': 3, 'num_leaves': 66, 'learning_rate': 0.044953114425778824, 'subsample': 0.7098948461279406, 'min_child_samples': 15, 'reg_alpha': 4.888753565548431e-07, 'reg_lambda': 4.198190642566389}. Best is trial 2 with value: 0.04534130114921524.

    [CV fold 4] train_end=2023-07-24 16:00 | val_start=2023-08-01 08:00 | gap=184h (22 rows)
    [trial 0] Sharpe=0.0933 (folds: 0.0991, -0.0015, 0.0720, 0.1768, 0.1200)
    [trial 1] 14 features, training_days=410 | threshold=0.693 | labels: 955 long, 1235 short (44/56%)
    [trial 1] Sharpe=0.0495 (folds: 0.1132, -0.0395, 0.1487, -0.1424, 0.1675)
    [trial 2] 14 features, training_days=270 | threshold=0.546 | labels: 955 long, 1235 short (44/56%)
    [trial 2] Sharpe=0.0206 (folds: -0.0162, -0.0397, 0.0876, -0.0456, 0.1169)
    [trial 3] 14 features, training_days=270 | threshold=0.600 | labels: 955 long, 1235 short (44/56%)
    [trial 3] Sharpe=-0.0112 (folds: -0.0350, -0.1091, 0.0767, -0.0047, 0.0158)
    [trial 4] 14 features, training_days=390 | threshold=0.764 | labels: 955 long, 1235 short (44/56%)
    [trial 4] Sharpe=0.0423 (folds: 0.1680, -0.0810, 0.0381, 0.0404, 0.0458)
    [trial 5] 14 features, training_days=60 | threshold=0.603 | labels: 955 long, 1235 short (44/56%)
    [trial 5] Sharpe=-0.0590 (folds: -0.1761, -0.1619, 0.0422, -0.1076, 0.1083)
    [trial 6] 14 features, training_days=290 | threshold=0.738 | labels: 955 long, 1235 short (44/56%)
    [trial 6] Sharpe=0.0239 (folds: 0.3618, 0.0116, 0.0480, -0.1787, -0.1234)
    [trial 7] 14 features, training_days=70 | threshold=0.564 | labels: 955 long, 1235 short (44/56%)
    [trial 7] Sharpe=-0.0112 (folds: -0.0857, -0.1402, 0.0048, -0.0913, 0.2565)
    [trial 8] 14 features, training_days=440 | threshold=0.653 | labels: 955 long, 1235 short (44/56%)
    [trial 8] Sharpe=-0.0160 (folds: 0.1930, -0.1687, 0.1491, -0.4217, 0.1684)
    [trial 9] 14 features, training_days=360 | threshold=0.728 | labels: 955 long, 1235 short (44/56%)
    [trial 9] Sharpe=-0.0270 (folds: 0.3921, -0.0708, 0.1327, -0.3461, -0.2427)
  Optuna: 10 trials, best Sharpe = 0.0933
  Best params: n_estimators=295, max_depth=5, lr=0.0515, leaves=83
  Best confidence_threshold: 0.779
  Best training_days: 230
  Retrained on full data (690 samples, 14 features)
  Model trained for 2023-12: 93 test candles with features, confidence_threshold=0.779
[predict] 2023-12-06 00:00 BCHUSDT → LONG (proba=0.93 TP=8.4%/SL=4.2%)
[trade:open] 2023-12-06 07:59 BCHUSDT LONG @ 246.60 | SL=236.22 TP=267.35 | timeout=2023-12-13 07:59
[trade:close] 2023-12-11 07:59 BCHUSDT LONG → stop_loss @ 236.22 | PnL=-4.21% (net -4.31%) | cum=+6.94% 2023-12=-4.31% 2023-12-11=-4.31%
[predict] 2023-12-12 16:00 BCHUSDT → LONG (proba=0.96 TP=10.6%/SL=5.3%)
[trade:open] 2023-12-12 23:59 BCHUSDT LONG @ 231.90 | SL=219.63 TP=256.44 | timeout=2023-12-19 23:59
[trade:close] 2023-12-18 15:59 BCHUSDT LONG → stop_loss @ 219.63 | PnL=-5.29% (net -5.39%) | cum=+1.55% 2023-12=-9.70% 2023-12-18=-5.39%
[predict] 2023-12-28 08:00 BCHUSDT → SHORT (proba=0.99 TP=9.2%/SL=4.6%)
[trade:open] 2023-12-28 15:59 BCHUSDT SHORT @ 271.32 | SL=283.81 TP=246.35 | timeout=2024-01-04 15:59
[trade:close] 2023-12-30 07:59 BCHUSDT SHORT → stop_loss @ 283.81 | PnL=-4.60% (net -4.70%) | cum=-3.15% 2023-12=-14.40% 2023-12-30=-4.70%
[predict] 2023-12-31 16:00 BCHUSDT → SHORT (proba=0.97 TP=12.6%/SL=6.3%)
[trade:open] 2023-12-31 23:59 BCHUSDT SHORT @ 259.79 | SL=276.13 TP=227.10 | timeout=2024-01-07 23:59
[lgbm] === Training for 2024-01 ===
  Train window: 2022-01-01 → 2024-01-01
  2190 training samples from 1 symbols
  Samples per month: 2022-01: 93, 2022-02: 84, 2022-03: 93, 2022-04: 90, 2022-05: 93, 2022-06: 90, 2022-07: 93, 2022-08: 93, 2022-09: 90, 2022-10: 93, 2022-11: 90, 2022-12: 93, 2023-01: 93, 2023-02: 84, 2023-03: 93, 2023-04: 90, 2023-05: 93, 2023-06: 90, 2023-07: 93, 2023-08: 93, 2023-09: 90, 2023-10: 93, 2023-11: 90, 2023-12: 93
  [label] 2022-03-04 08:00 BCHUSDT entry=301.1700 → SHORT | long=sl(-6.31%) short=timeout(+4.26%) | scanned=22 | no_tp→fwd_return=-4.3563
  [label] 2022-03-06 08:00 BCHUSDT entry=287.9400 → LONG | long=sl(-5.97%) short=sl(-5.97%) | scanned=9 | no_tp→fwd_return=+6.7653
  [label] 2022-03-10 08:00 BCHUSDT entry=287.4400 → LONG | long=timeout(+2.92%) short=timeout(-3.12%) | scanned=22 | no_tp→fwd_return=+3.0232
  [label] 2022-04-04 08:00 BCHUSDT entry=371.7700 → SHORT | long=sl(-4.96%) short=tp(+9.61%) | scanned=7 | short_tp_only
  [label] 2022-05-27 08:00 BCHUSDT entry=174.6900 → LONG | long=tp(+18.20%) short=sl(-9.25%) | scanned=13 | long_tp_only
  [label] 2022-11-10 16:00 BCHUSDT entry=102.5900 → LONG | long=timeout(+1.01%) short=timeout(-1.21%) | scanned=22 | no_tp→fwd_return=+1.1112
  [label] 2022-11-15 00:00 BCHUSDT entry=105.6800 → SHORT | long=timeout(-0.88%) short=timeout(+0.68%) | scanned=22 | no_tp→fwd_return=-0.7759
  [label] 2022-11-25 16:00 BCHUSDT entry=113.8400 → SHORT | long=sl(-4.82%) short=timeout(+1.60%) | scanned=22 | no_tp→fwd_return=-1.7041
  [label] 2023-01-10 00:00 BCHUSDT entry=107.9200 → LONG | long=tp(+4.95%) short=sl(-2.63%) | scanned=7 | long_tp_only
  [label] 2023-01-18 16:00 BCHUSDT entry=118.5400 → LONG | long=tp(+10.32%) short=sl(-5.31%) | scanned=9 | long_tp_only
  [label] 2023-04-20 00:00 BCHUSDT entry=125.2000 → SHORT | long=sl(-3.63%) short=tp(+6.96%) | scanned=20 | short_tp_only
  [label] 2023-05-22 00:00 BCHUSDT entry=114.3600 → LONG | long=sl(-3.09%) short=timeout(-1.88%) | scanned=22 | no_tp→fwd_return=+1.7751
  [label] 2023-06-07 08:00 BCHUSDT entry=111.0600 → SHORT | long=sl(-2.93%) short=tp(+5.55%) | scanned=8 | short_tp_only
  [label] 2023-06-20 08:00 BCHUSDT entry=106.1100 → LONG | long=tp(+6.35%) short=sl(-3.33%) | scanned=2 | long_tp_only
  [label] 2023-07-09 00:00 BCHUSDT entry=268.0500 → SHORT | long=timeout(-4.19%) short=sl(-9.38%) | scanned=22 | no_tp→fwd_return=-4.0888
  [label] 2023-07-15 08:00 BCHUSDT entry=251.0800 → SHORT | long=timeout(-2.96%) short=timeout(+2.76%) | scanned=22 | no_tp→fwd_return=-2.8557
  [label] 2023-07-27 16:00 BCHUSDT entry=245.0700 → SHORT | long=sl(-4.96%) short=sl(-4.96%) | scanned=17 | no_tp→fwd_return=-5.0802
  [label] 2023-09-05 16:00 BCHUSDT entry=191.8800 → LONG | long=sl(-5.02%) short=sl(-5.02%) | scanned=20 | no_tp→fwd_return=+2.8143
  [label] 2023-09-15 16:00 BCHUSDT entry=216.9500 → SHORT | long=sl(-4.92%) short=timeout(+4.16%) | scanned=22 | no_tp→fwd_return=-4.2637
  [label] 2023-12-11 08:00 BCHUSDT entry=233.4900 → SHORT | long=sl(-5.59%) short=timeout(+3.56%) | scanned=22 | no_tp→fwd_return=-3.6575
  Labels: 979 long (44.7%), 1211 short (55.3%) | weights: min=1.00, mean=3.13, max=10.00
  Features: 2190/2190 matched, 14 columns
  CV gap: 22 rows
    [trial 0] 14 features, training_days=230 | threshold=0.779 | labels: 979 long, 1211 short (45/55%)
    [CV fold 0] train_end=2022-04-25 00:00 | val_start=2022-05-02 16:00 | gap=184h (22 rows)
    [CV fold 1] train_end=2022-08-24 16:00 | val_start=2022-09-01 08:00 | gap=184h (22 rows)
    [CV fold 2] train_end=2022-12-24 08:00 | val_start=2023-01-01 00:00 | gap=184h (22 rows)
    [CV fold 3] train_end=2023-04-25 00:00 | val_start=2023-05-02 16:00 | gap=184h (22 rows)
    [CV fold 4] train_end=2023-08-24 16:00 | val_start=2023-09-01 08:00 | gap=184h (22 rows)
    [trial 0] Sharpe=-0.0596 (folds: -0.1246, 0.0338, 0.0166, -0.0153, -0.2088)
    [trial 1] 14 features, training_days=410 | threshold=0.693 | labels: 979 long, 1211 short (45/55%)
    [trial 1] Sharpe=-0.1304 (folds: -0.4965, -0.2157, 0.0839, -0.0394, 0.0154)
    [trial 2] 14 features, training_days=270 | threshold=0.546 | labels: 979 long, 1211 short (45/55%)
    [trial 2] Sharpe=0.0453 (folds: -0.2567, 0.0685, 0.0594, 0.4158, -0.0603)
    [trial 3] 14 features, training_days=270 | threshold=0.600 | labels: 979 long, 1211 short (45/55%)
    [trial 3] Sharpe=-0.0853 (folds: -0.2174, -0.0130, 0.0602, 0.0854, -0.3418)
    [trial 4] 14 features, training_days=390 | threshold=0.764 | labels: 979 long, 1211 short (45/55%)
    [trial 4] Sharpe=-0.0677 (folds: -0.0898, 0.0614, 0.0506, -0.2128, -0.1479)
    [trial 5] 14 features, training_days=60 | threshold=0.603 | labels: 979 long, 1211 short (45/55%)
    [trial 5] Sharpe=-0.0437 (folds: -0.1619, -0.0087, 0.0414, 0.0142, -0.1035)
    [trial 6] 14 features, training_days=290 | threshold=0.738 | labels: 979 long, 1211 short (45/55%)[I 2026-05-06 02:21:13,880] Trial 6 finished with value: -0.07335828678881204 and parameters: {'confidence_threshold': 0.7376932868314098, 'training_days': 290, 'n_estimators': 249, 'max_depth': 5, 'num_leaves': 121, 'learning_rate': 0.015565840632862623, 'subsample': 0.8390183783709677, 'min_child_samples': 19, 'reg_alpha': 1.860444687368747e-08, 'reg_lambda': 2.7391483548058117e-06}. Best is trial 2 with value: 0.04534130114921524.
[I 2026-05-06 02:21:13,912] Trial 7 finished with value: -0.03965071974676506 and parameters: {'confidence_threshold': 0.563503962036334, 'training_days': 70, 'n_estimators': 63, 'max_depth': 3, 'num_leaves': 47, 'learning_rate': 0.18074927623018475, 'subsample': 0.5059692991701257, 'min_child_samples': 9, 'reg_alpha': 3.6945804405602874e-08, 'reg_lambda': 0.027706035542028905}. Best is trial 2 with value: 0.04534130114921524.
[I 2026-05-06 02:21:13,994] Trial 8 finished with value: -0.0493132980716849 and parameters: {'confidence_threshold': 0.6525471176758836, 'training_days': 440, 'n_estimators': 116, 'max_depth': 4, 'num_leaves': 115, 'learning_rate': 0.010229952960863938, 'subsample': 0.5062159465415076, 'min_child_samples': 54, 'reg_alpha': 6.790626457822126e-06, 'reg_lambda': 1.7869141074987722e-05}. Best is trial 2 with value: 0.04534130114921524.
[I 2026-05-06 02:21:14,076] Trial 9 finished with value: -0.0011297082362507621 and parameters: {'confidence_threshold': 0.7277571993354469, 'training_days': 360, 'n_estimators': 75, 'max_depth': 5, 'num_leaves': 41, 'learning_rate': 0.014186743931212992, 'subsample': 0.7445187273047605, 'min_child_samples': 22, 'reg_alpha': 0.02393227447113315, 'reg_lambda': 0.009236766173618426}. Best is trial 2 with value: 0.04534130114921524.
[I 2026-05-06 02:21:14,283] A new study created in memory with name: no-name-fc6c7017-1291-44bc-903b-94b00a01f1b9
[I 2026-05-06 02:21:14,560] Trial 0 finished with value: 0.06341683361568964 and parameters: {'confidence_threshold': 0.7790993046299082, 'training_days': 230, 'n_estimators': 295, 'max_depth': 5, 'num_leaves': 83, 'learning_rate': 0.051543455158230854, 'subsample': 0.8773243492079463, 'min_child_samples': 10, 'reg_alpha': 0.034096514368237685, 'reg_lambda': 3.154180388637081e-05}. Best is trial 0 with value: 0.06341683361568964.
[I 2026-05-06 02:21:14,691] Trial 1 finished with value: -0.016821656299113585 and parameters: {'confidence_threshold': 0.6929247853618086, 'training_days': 410, 'n_estimators': 233, 'max_depth': 5, 'num_leaves': 108, 'learning_rate': 0.013724237108071606, 'subsample': 0.7013182233636002, 'min_child_samples': 94, 'reg_alpha': 2.4040959529260723e-06, 'reg_lambda': 5.320966582161148}. Best is trial 0 with value: 0.06341683361568964.
[I 2026-05-06 02:21:14,750] Trial 2 finished with value: 0.04985706300998015 and parameters: {'confidence_threshold': 0.546341527225763, 'training_days': 270, 'n_estimators': 120, 'max_depth': 4, 'num_leaves': 53, 'learning_rate': 0.060197068579343475, 'subsample': 0.588227873455941, 'min_child_samples': 91, 'reg_alpha': 2.3457771824819002e-08, 'reg_lambda': 1.1358840775642732e-08}. Best is trial 0 with value: 0.06341683361568964.
[I 2026-05-06 02:21:14,920] Trial 3 finished with value: 0.027014234351995486 and parameters: {'confidence_threshold': 0.6000319676300473, 'training_days': 270, 'n_estimators': 382, 'max_depth': 4, 'num_leaves': 44, 'learning_rate': 0.09185046765032388, 'subsample': 0.6743651508646724, 'min_child_samples': 77, 'reg_alpha': 0.0013974578104212739, 'reg_lambda': 8.97190257982477e-08}. Best is trial 0 with value: 0.06341683361568964.
[I 2026-05-06 02:21:15,290] Trial 4 finished with value: -0.04428479988423175 and parameters: {'confidence_threshold': 0.7642618789055509, 'training_days': 390, 'n_estimators': 464, 'max_depth': 5, 'num_leaves': 30, 'learning_rate': 0.024562383309704932, 'subsample': 0.8612975035964376, 'min_child_samples': 36, 'reg_alpha': 1.593999300080167, 'reg_lambda': 0.006081270362829788}. Best is trial 0 with value: 0.06341683361568964.
[I 2026-05-06 02:21:15,426] Trial 5 finished with value: -0.033721031857007575 and parameters: {'confidence_threshold': 0.6029115860358569, 'training_days': 60, 'n_estimators': 441, 'max_depth': 3, 'num_leaves': 66, 'learning_rate': 0.044953114425778824, 'subsample': 0.7098948461279406, 'min_child_samples': 15, 'reg_alpha': 4.888753565548431e-07, 'reg_lambda': 4.198190642566389}. Best is trial 0 with value: 0.06341683361568964.
[I 2026-05-06 02:21:15,652] Trial 6 finished with value: 0.08736064995185583 and parameters: {'confidence_threshold': 0.7376932868314098, 'training_days': 290, 'n_estimators': 249, 'max_depth': 5, 'num_leaves': 121, 'learning_rate': 0.015565840632862623, 'subsample': 0.8390183783709677, 'min_child_samples': 19, 'reg_alpha': 1.860444687368747e-08, 'reg_lambda': 2.7391483548058117e-06}. Best is trial 6 with value: 0.08736064995185583.
[I 2026-05-06 02:21:15,691] Trial 7 finished with value: 0.0006645846928748367 and parameters: {'confidence_threshold': 0.563503962036334, 'training_days': 70, 'n_estimators': 63, 'max_depth': 3, 'num_leaves': 47, 'learning_rate': 0.18074927623018475, 'subsample': 0.5059692991701257, 'min_child_samples': 9, 'reg_alpha': 3.6945804405602874e-08, 'reg_lambda': 0.027706035542028905}. Best is trial 6 with value: 0.08736064995185583.
[I 2026-05-06 02:21:15,780] Trial 8 finished with value: -0.13120356238418537 and parameters: {'confidence_threshold': 0.6525471176758836, 'training_days': 440, 'n_estimators': 116, 'max_depth': 4, 'num_leaves': 115, 'learning_rate': 0.010229952960863938, 'subsample': 0.5062159465415076, 'min_child_samples': 54, 'reg_alpha': 6.790626457822126e-06, 'reg_lambda': 1.7869141074987722e-05}. Best is trial 6 with value: 0.08736064995185583.
