[I 2026-05-06 02:22:21,023] Trial 4 finished with value: -0.06455230779718062 and parameters: {'confidence_threshold': 0.7642618789055509, 'training_days': 390, 'n_estimators': 464, 'max_depth': 5, 'num_leaves': 30, 'learning_rate': 0.024562383309704932, 'subsample': 0.8612975035964376, 'min_child_samples': 36, 'reg_alpha': 1.593999300080167, 'reg_lambda': 0.006081270362829788}. Best is trial 0 with value: 0.039560035735264606.

  [label] 2022-08-28 16:00 MKRUSDT entry=736.6000 → LONG | long=timeout(+2.06%) short=sl(-6.83%) | scanned=22 | no_tp→fwd_return=+2.1586
  [label] 2022-10-07 08:00 MKRUSDT entry=842.5000 → LONG | long=tp(+10.42%) short=sl(-5.36%) | scanned=7 | long_tp_only
  [label] 2022-10-17 08:00 MKRUSDT entry=1055.1000 → SHORT | long=sl(-6.28%) short=sl(-6.28%) | scanned=16 | no_tp→fwd_return=-5.6203
  [label] 2023-01-11 16:00 MKRUSDT entry=636.7000 → LONG | long=tp(+8.75%) short=sl(-4.53%) | scanned=7 | long_tp_only
  Labels: 942 long (43.3%), 1233 short (56.7%) | weights: min=1.00, mean=2.23, max=10.00
  Features: 2175/2175 matched, 14 columns
  CV gap: 22 rows
    [trial 0] 14 features, training_days=230 | threshold=0.779 | labels: 942 long, 1233 short (43/57%)
    [CV fold 0] train_end=2021-05-26 00:00 | val_start=2021-06-02 16:00 | gap=184h (22 rows)
    [CV fold 1] train_end=2021-09-23 16:00 | val_start=2021-10-01 08:00 | gap=184h (22 rows)
    [CV fold 2] train_end=2022-01-22 08:00 | val_start=2022-01-30 00:00 | gap=184h (22 rows)
    [CV fold 3] train_end=2022-05-28 00:00 | val_start=2022-06-04 16:00 | gap=184h (22 rows)
    [CV fold 4] train_end=2022-09-25 16:00 | val_start=2022-10-03 08:00 | gap=184h (22 rows)
    [trial 0] Sharpe=-0.0342 (folds: -0.1091, -0.2303, -0.2319, 0.2228, 0.1776)
    [trial 1] 14 features, training_days=410 | threshold=0.693 | labels: 942 long, 1233 short (43/57%)
    [trial 1] Sharpe=-0.2114 (folds: -0.5301, -0.3619, -0.1807, 0.0268, -0.0110)
    [trial 2] 14 features, training_days=270 | threshold=0.546 | labels: 942 long, 1233 short (43/57%)
    [trial 2] Sharpe=-0.1905 (folds: -0.2629, -0.4320, -0.2554, -0.0058, 0.0036)
    [trial 3] 14 features, training_days=270 | threshold=0.600 | labels: 942 long, 1233 short (43/57%)
    [trial 3] Sharpe=-0.0979 (folds: -0.2223, -0.1833, -0.1346, 0.0322, 0.0188)
    [trial 4] 14 features, training_days=390 | threshold=0.764 | labels: 942 long, 1233 short (43/57%)
    [trial 4] Sharpe=-0.1278 (folds: -0.2410, -0.3573, -0.3160, 0.1144, 0.1610)
    [trial 5] 14 features, training_days=60 | threshold=0.603 | labels: 942 long, 1233 short (43/57%)
    [trial 5] Sharpe=0.1429 (folds: 0.0610, -0.1054, 0.3390, 0.1985, 0.2215)
    [trial 6] 14 features, training_days=290 | threshold=0.738 | labels: 942 long, 1233 short (43/57%)
    [trial 6] Sharpe=-0.2108 (folds: -0.1696, -0.3293, -0.6012, 0.0066, 0.0393)
    [trial 7] 14 features, training_days=70 | threshold=0.564 | labels: 942 long, 1233 short (43/57%)
    [trial 7] Sharpe=0.0705 (folds: -0.0296, -0.0448, 0.2714, 0.0748, 0.0806)
    [trial 8] 14 features, training_days=440 | threshold=0.653 | labels: 942 long, 1233 short (43/57%)
    [trial 8] Sharpe=-0.2933 (folds: -0.4826, -0.7383, -0.4802, 0.1402, 0.0942)
    [trial 9] 14 features, training_days=360 | threshold=0.728 | labels: 942 long, 1233 short (43/57%)
    [trial 9] Sharpe=-0.1335 (folds: -0.3227, -0.2389, -0.5853, 0.2642, 0.2154)
  Optuna: 10 trials, best Sharpe = 0.1429
  Best params: n_estimators=441, max_depth=3, lr=0.0450, leaves=66
  Best confidence_threshold: 0.603
  Best training_days: 60
  Retrained on full data (180 samples, 14 features)
  Model trained for 2023-02: 84 test candles with features, confidence_threshold=0.603
[trade:close] 2023-02-02 15:59 MKRUSDT SHORT → stop_loss @ 693.95 | PnL=-5.75% (net -5.85%) | cum=-2.55% 2023-02=-5.85% 2023-02-02=-5.85%
[lgbm] === Training for 2023-03 ===
  Train window: 2021-03-01 → 2023-03-01
  2175 training samples from 1 symbols
  Samples per month: 2021-03: 93, 2021-04: 90, 2021-05: 93, 2021-06: 90, 2021-07: 93, 2021-08: 93, 2021-09: 90, 2021-10: 93, 2021-11: 90, 2021-12: 93, 2022-01: 93, 2022-02: 75, 2022-03: 93, 2022-04: 84, 2022-05: 93, 2022-06: 90, 2022-07: 93, 2022-08: 93, 2022-09: 90, 2022-10: 93, 2022-11: 90, 2022-12: 93, 2023-01: 93, 2023-02: 84
  [label] 2021-05-01 16:00 MKRUSDT entry=4792.8800 → LONG | long=tp(+19.59%) short=sl(-9.94%) | scanned=6 | long_tp_only
  [label] 2021-05-04 00:00 MKRUSDT entry=5679.3000 → SHORT | long=sl(-10.12%) short=timeout(+12.04%) | scanned=22 | no_tp→fwd_return=-12.1423
  [label] 2021-05-07 16:00 MKRUSDT entry=5084.9600 → SHORT | long=sl(-10.74%) short=sl(-10.74%) | scanned=18 | no_tp→fwd_return=-6.1487
  [label] 2021-06-01 16:00 MKRUSDT entry=3599.1000 → SHORT | long=sl(-15.24%) short=timeout(+10.02%) | scanned=22 | no_tp→fwd_return=-10.1164
  [label] 2021-07-24 00:00 MKRUSDT entry=2525.5000 → LONG | long=tp(+12.39%) short=sl(-6.34%) | scanned=8 | long_tp_only
  [label] 2022-01-06 16:00 MKRUSDT entry=2242.4000 → SHORT | long=sl(-7.48%) short=timeout(+6.52%) | scanned=22 | no_tp→fwd_return=-6.6179
  [label] 2022-01-10 16:00 MKRUSDT entry=1984.0000 → LONG | long=timeout(+5.38%) short=sl(-8.12%) | scanned=22 | no_tp→fwd_return=+5.4839
  [label] 2022-01-21 08:00 MKRUSDT entry=1862.3000 → SHORT | long=sl(-6.13%) short=sl(-6.13%) | scanned=2 | no_tp→fwd_return=-5.3697
  [label] 2022-03-10 08:00 MKRUSDT entry=1810.1000 → LONG | long=sl(-7.69%) short=sl(-7.69%) | scanned=18 | no_tp→fwd_return=+6.8449
  [label] 2022-03-19 00:00 MKRUSDT entry=2045.0000 → SHORT | long=sl(-5.88%) short=timeout(+1.85%) | scanned=22 | no_tp→fwd_return=-1.9511
  [label] 2022-06-19 16:00 MKRUSDT entry=903.9000 → LONG | long=timeout(+10.54%) short=sl(-11.43%) | scanned=22 | no_tp→fwd_return=+10.6428
  [label] 2022-07-21 16:00 MKRUSDT entry=976.2000 → LONG | long=sl(-7.13%) short=sl(-7.13%) | scanned=20 | no_tp→fwd_return=+8.9224
  [label] 2022-08-06 16:00 MKRUSDT entry=1086.3000 → LONG | long=tp(+12.76%) short=sl(-6.53%) | scanned=14 | long_tp_only
  [label] 2022-08-19 16:00 MKRUSDT entry=834.3000 → SHORT | long=sl(-7.81%) short=timeout(+8.79%) | scanned=22 | no_tp→fwd_return=-8.8937
  [label] 2022-09-07 00:00 MKRUSDT entry=710.8000 → SHORT | long=timeout(-2.08%) short=sl(-6.01%) | scanned=22 | no_tp→fwd_return=-1.9837
  [label] 2022-09-13 08:00 MKRUSDT entry=710.1000 → SHORT | long=sl(-5.80%) short=tp(+11.30%) | scanned=16 | short_tp_only
  [label] 2022-09-25 16:00 MKRUSDT entry=706.8000 → LONG | long=timeout(+6.69%) short=sl(-5.65%) | scanned=22 | no_tp→fwd_return=+6.7912
  [label] 2022-11-04 08:00 MKRUSDT entry=891.2000 → SHORT | long=sl(-5.51%) short=tp(+10.71%) | scanned=11 | short_tp_only
  [label] 2022-11-14 08:00 MKRUSDT entry=690.1000 → SHORT | long=timeout(-7.43%) short=timeout(+7.23%) | scanned=22 | no_tp→fwd_return=-7.3323
  [label] 2023-02-08 16:00 MKRUSDT entry=782.5000 → SHORT | long=sl(-5.66%) short=tp(+11.02%) | scanned=3 | short_tp_only
  Labels: 952 long (43.8%), 1223 short (56.2%) | weights: min=1.00, mean=2.21, max=10.00
  Features: 2175/2175 matched, 14 columns
  CV gap: 22 rows
    [trial 0] 14 features, training_days=230 | threshold=0.779 | labels: 952 long, 1223 short (44/56%)
    [CV fold 0] train_end=2021-06-23 00:00 | val_start=2021-06-30 16:00 | gap=184h (22 rows)
    [CV fold 1] train_end=2021-10-21 16:00 | val_start=2021-10-29 08:00 | gap=184h (22 rows)
    [CV fold 2] train_end=2022-02-19 08:00 | val_start=2022-03-02 00:00 | gap=256h (22 rows)
    [CV fold 3] train_end=2022-06-25 00:00 | val_start=2022-07-02 16:00 | gap=184h (22 rows)
    [CV fold 4] train_end=2022-10-23 16:00 | val_start=2022-10-31 08:00 | gap=184h (22 rows)
    [trial 0] Sharpe=0.0396 (folds: -0.0599, -0.1341, 0.0122, 0.1430, 0.2366)
    [trial 1] 14 features, training_days=410 | threshold=0.693 | labels: 952 long, 1223 short (44/56%)
    [trial 1] Sharpe=0.0117 (folds: -0.2194, 0.0587, -0.1159, 0.1285, 0.2067)
    [trial 2] 14 features, training_days=270 | threshold=0.546 | labels: 952 long, 1223 short (44/56%)
    [trial 2] Sharpe=-0.0545 (folds: -0.2209, -0.0613, -0.2068, 0.0508, 0.1656)
    [trial 3] 14 features, training_days=270 | threshold=0.600 | labels: 952 long, 1223 short (44/56%)
    [trial 3] Sharpe=-0.0100 (folds: -0.1881, -0.0472, -0.0878, 0.0785, 0.1948)
    [trial 4] 14 features, training_days=390 | threshold=0.764 | labels: 952 long, 1223 short (44/56%)
    [trial 4] Sharpe=-0.0646 (folds: -0.2072, -0.1613, -0.1355, 0.0426, 0.1387)
    [trial 5] 14 features, training_days=60 | threshold=0.603 | labels: 952 long, 1223 short (44/56%)[I 2026-05-06 02:22:21,197] Trial 5 finished with value: 0.08721276893804705 and parameters: {'confidence_threshold': 0.6029115860358569, 'training_days': 60, 'n_estimators': 441, 'max_depth': 3, 'num_leaves': 66, 'learning_rate': 0.044953114425778824, 'subsample': 0.7098948461279406, 'min_child_samples': 15, 'reg_alpha': 4.888753565548431e-07, 'reg_lambda': 4.198190642566389}. Best is trial 5 with value: 0.08721276893804705.
[I 2026-05-06 02:22:21,459] Trial 6 finished with value: 0.02212412631928391 and parameters: {'confidence_threshold': 0.7376932868314098, 'training_days': 290, 'n_estimators': 249, 'max_depth': 5, 'num_leaves': 121, 'learning_rate': 0.015565840632862623, 'subsample': 0.8390183783709677, 'min_child_samples': 19, 'reg_alpha': 1.860444687368747e-08, 'reg_lambda': 2.7391483548058117e-06}. Best is trial 5 with value: 0.08721276893804705.
[I 2026-05-06 02:22:21,499] Trial 7 finished with value: 0.09566037375890714 and parameters: {'confidence_threshold': 0.563503962036334, 'training_days': 70, 'n_estimators': 63, 'max_depth': 3, 'num_leaves': 47, 'learning_rate': 0.18074927623018475, 'subsample': 0.5059692991701257, 'min_child_samples': 9, 'reg_alpha': 3.6945804405602874e-08, 'reg_lambda': 0.027706035542028905}. Best is trial 7 with value: 0.09566037375890714.
[I 2026-05-06 02:22:21,609] Trial 8 finished with value: 0.04905278567709032 and parameters: {'confidence_threshold': 0.6525471176758836, 'training_days': 440, 'n_estimators': 116, 'max_depth': 4, 'num_leaves': 115, 'learning_rate': 0.010229952960863938, 'subsample': 0.5062159465415076, 'min_child_samples': 54, 'reg_alpha': 6.790626457822126e-06, 'reg_lambda': 1.7869141074987722e-05}. Best is trial 7 with value: 0.09566037375890714.
[I 2026-05-06 02:22:21,718] Trial 9 finished with value: -2.0203587430209375 and parameters: {'confidence_threshold': 0.7277571993354469, 'training_days': 360, 'n_estimators': 75, 'max_depth': 5, 'num_leaves': 41, 'learning_rate': 0.014186743931212992, 'subsample': 0.7445187273047605, 'min_child_samples': 22, 'reg_alpha': 0.02393227447113315, 'reg_lambda': 0.009236766173618426}. Best is trial 7 with value: 0.09566037375890714.
[I 2026-05-06 02:22:22,008] A new study created in memory with name: no-name-9ce1dc11-7dd7-467b-874e-06faeb3f304f
[I 2026-05-06 02:22:22,301] Trial 0 finished with value: 0.07915329922140144 and parameters: {'confidence_threshold': 0.7790993046299082, 'training_days': 230, 'n_estimators': 295, 'max_depth': 5, 'num_leaves': 83, 'learning_rate': 0.051543455158230854, 'subsample': 0.8773243492079463, 'min_child_samples': 10, 'reg_alpha': 0.034096514368237685, 'reg_lambda': 3.154180388637081e-05}. Best is trial 0 with value: 0.07915329922140144.
[I 2026-05-06 02:22:22,439] Trial 1 finished with value: 0.007682211141897882 and parameters: {'confidence_threshold': 0.6929247853618086, 'training_days': 410, 'n_estimators': 233, 'max_depth': 5, 'num_leaves': 108, 'learning_rate': 0.013724237108071606, 'subsample': 0.7013182233636002, 'min_child_samples': 94, 'reg_alpha': 2.4040959529260723e-06, 'reg_lambda': 5.320966582161148}. Best is trial 0 with value: 0.07915329922140144.
[I 2026-05-06 02:22:22,517] Trial 2 finished with value: -0.051022675941714044 and parameters: {'confidence_threshold': 0.546341527225763, 'training_days': 270, 'n_estimators': 120, 'max_depth': 4, 'num_leaves': 53, 'learning_rate': 0.060197068579343475, 'subsample': 0.588227873455941, 'min_child_samples': 91, 'reg_alpha': 2.3457771824819002e-08, 'reg_lambda': 1.1358840775642732e-08}. Best is trial 0 with value: 0.07915329922140144.
[I 2026-05-06 02:22:22,722] Trial 3 finished with value: 0.004059284451582018 and parameters: {'confidence_threshold': 0.6000319676300473, 'training_days': 270, 'n_estimators': 382, 'max_depth': 4, 'num_leaves': 44, 'learning_rate': 0.09185046765032388, 'subsample': 0.6743651508646724, 'min_child_samples': 77, 'reg_alpha': 0.0013974578104212739, 'reg_lambda': 8.97190257982477e-08}. Best is trial 0 with value: 0.07915329922140144.
[I 2026-05-06 02:22:23,119] Trial 4 finished with value: 0.04078989882305745 and parameters: {'confidence_threshold': 0.7642618789055509, 'training_days': 390, 'n_estimators': 464, 'max_depth': 5, 'num_leaves': 30, 'learning_rate': 0.024562383309704932, 'subsample': 0.8612975035964376, 'min_child_samples': 36, 'reg_alpha': 1.593999300080167, 'reg_lambda': 0.006081270362829788}. Best is trial 0 with value: 0.07915329922140144.
[I 2026-05-06 02:22:23,284] Trial 5 finished with value: -0.12351088213527799 and parameters: {'confidence_threshold': 0.6029115860358569, 'training_days': 60, 'n_estimators': 441, 'max_depth': 3, 'num_leaves': 66, 'learning_rate': 0.044953114425778824, 'subsample': 0.7098948461279406, 'min_child_samples': 15, 'reg_alpha': 4.888753565548431e-07, 'reg_lambda': 4.198190642566389}. Best is trial 0 with value: 0.07915329922140144.
[I 2026-05-06 02:22:23,519] Trial 6 finished with value: -0.02344402744636154 and parameters: {'confidence_threshold': 0.7376932868314098, 'training_days': 290, 'n_estimators': 249, 'max_depth': 5, 'num_leaves': 121, 'learning_rate': 0.015565840632862623, 'subsample': 0.8390183783709677, 'min_child_samples': 19, 'reg_alpha': 1.860444687368747e-08, 'reg_lambda': 2.7391483548058117e-06}. Best is trial 0 with value: 0.07915329922140144.
[I 2026-05-06 02:22:23,557] Trial 7 finished with value: -0.09742285118277971 and parameters: {'confidence_threshold': 0.563503962036334, 'training_days': 70, 'n_estimators': 63, 'max_depth': 3, 'num_leaves': 47, 'learning_rate': 0.18074927623018475, 'subsample': 0.5059692991701257, 'min_child_samples': 9, 'reg_alpha': 3.6945804405602874e-08, 'reg_lambda': 0.027706035542028905}. Best is trial 0 with value: 0.07915329922140144.
[I 2026-05-06 02:22:23,646] Trial 8 finished with value: 0.02088765442472838 and parameters: {'confidence_threshold': 0.6525471176758836, 'training_days': 440, 'n_estimators': 116, 'max_depth': 4, 'num_leaves': 115, 'learning_rate': 0.010229952960863938, 'subsample': 0.5062159465415076, 'min_child_samples': 54, 'reg_alpha': 6.790626457822126e-06, 'reg_lambda': 1.7869141074987722e-05}. Best is trial 0 with value: 0.07915329922140144.
