[I 2026-05-06 02:21:35,537] Trial 9 finished with value: -2.468308531601592 and parameters: {'confidence_threshold': 0.7277571993354469, 'training_days': 360, 'n_estimators': 75, 'max_depth': 5, 'num_leaves': 41, 'learning_rate': 0.014186743931212992, 'subsample': 0.7445187273047605, 'min_child_samples': 22, 'reg_alpha': 0.02393227447113315, 'reg_lambda': 0.009236766173618426}. Best is trial 1 with value: 0.04989718959362428.

    [trial 8] Sharpe=-0.1612 (folds: 0.0032, -0.1834, -0.3385, -0.0485, -0.2387)
    [trial 9] 14 features, training_days=360 | threshold=0.728 | labels: 1109 long, 1084 short (51/49%)
    [trial 9] Sharpe=-0.1777 (folds: 0.0383, -0.2256, -0.5223, -0.2031, 0.0243)
  Optuna: 10 trials, best Sharpe = 0.0427
  Best params: n_estimators=120, max_depth=4, lr=0.0602, leaves=53
  Best confidence_threshold: 0.546
  Best training_days: 270
  Retrained on full data (810 samples, 14 features)
  Model trained for 2024-12: 93 test candles with features, confidence_threshold=0.546
[trade:close] 2024-12-02 00:00 BCHUSDT SHORT → timeout @ 532.68 | PnL=-3.40% (net -3.50%) | cum=+15.04% 2024-12=-3.50% 2024-12-02=-3.50%
[predict] 2024-12-08 00:00 BCHUSDT → LONG (proba=0.57 TP=14.7%/SL=7.3%)
[trade:open] 2024-12-08 07:59 BCHUSDT LONG @ 614.55 | SL=569.51 TP=704.64 | timeout=2024-12-15 07:59
[trade:close] 2024-12-09 23:59 BCHUSDT LONG → stop_loss @ 569.51 | PnL=-7.33% (net -7.43%) | cum=+7.61% 2024-12=-10.93% 2024-12-09=-7.43%
[predict] 2024-12-11 08:00 BCHUSDT → SHORT (proba=0.66 TP=18.0%/SL=9.0%)
[trade:open] 2024-12-11 15:59 BCHUSDT SHORT @ 548.92 | SL=598.23 TP=450.31 | timeout=2024-12-18 15:59
[trade:close] 2024-12-18 16:00 BCHUSDT SHORT → timeout @ 517.63 | PnL=+5.70% (net +5.60%) | cum=+13.21% 2024-12=-5.33% 2024-12-18=+5.60%
[predict] 2024-12-20 00:00 BCHUSDT → SHORT (proba=0.67 TP=18.0%/SL=9.0%)
[trade:open] 2024-12-20 07:59 BCHUSDT SHORT @ 438.64 | SL=478.03 TP=359.86 | timeout=2024-12-27 07:59
[trade:close] 2024-12-24 23:59 BCHUSDT SHORT → stop_loss @ 478.03 | PnL=-8.98% (net -9.08%) | cum=+4.13% 2024-12=-14.41% 2024-12-24=-9.08%
[lgbm] === Training for 2025-01 ===
  Train window: 2023-01-01 → 2025-01-01
  2193 training samples from 1 symbols
  Samples per month: 2023-01: 93, 2023-02: 84, 2023-03: 93, 2023-04: 90, 2023-05: 93, 2023-06: 90, 2023-07: 93, 2023-08: 93, 2023-09: 90, 2023-10: 93, 2023-11: 90, 2023-12: 93, 2024-01: 93, 2024-02: 87, 2024-03: 93, 2024-04: 90, 2024-05: 93, 2024-06: 90, 2024-07: 93, 2024-08: 93, 2024-09: 90, 2024-10: 93, 2024-11: 90, 2024-12: 93
  [label] 2023-03-04 08:00 BCHUSDT entry=125.8700 → SHORT | long=sl(-4.40%) short=tp(+8.51%) | scanned=13 | short_tp_only
  [label] 2023-03-06 16:00 BCHUSDT entry=124.1400 → SHORT | long=sl(-3.97%) short=tp(+7.64%) | scanned=6 | short_tp_only
  [label] 2023-03-10 08:00 BCHUSDT entry=109.5900 → LONG | long=tp(+10.04%) short=sl(-5.17%) | scanned=7 | long_tp_only
  [label] 2023-04-04 08:00 BCHUSDT entry=126.8400 → LONG | long=timeout(+1.37%) short=timeout(-1.57%) | scanned=22 | no_tp→fwd_return=+1.4743
  [label] 2023-05-27 08:00 BCHUSDT entry=112.8800 → LONG | long=timeout(+1.90%) short=sl(-2.63%) | scanned=22 | no_tp→fwd_return=+2.0021
  [label] 2023-11-11 08:00 BCHUSDT entry=238.8100 → SHORT | long=sl(-5.20%) short=timeout(+4.93%) | scanned=22 | no_tp→fwd_return=-5.0333
  [label] 2023-11-15 08:00 BCHUSDT entry=233.3400 → SHORT | long=sl(-4.93%) short=sl(-4.93%) | scanned=6 | no_tp→fwd_return=-4.8041
  [label] 2023-11-26 00:00 BCHUSDT entry=229.2200 → SHORT | long=sl(-3.71%) short=timeout(+0.21%) | scanned=22 | no_tp→fwd_return=-0.3097
  [label] 2024-01-10 08:00 BCHUSDT entry=240.3700 → LONG | long=tp(+12.96%) short=sl(-6.63%) | scanned=3 | long_tp_only
  [label] 2024-01-19 00:00 BCHUSDT entry=236.6000 → SHORT | long=sl(-6.13%) short=timeout(+0.61%) | scanned=22 | no_tp→fwd_return=-0.7058
  [label] 2024-04-19 16:00 BCHUSDT entry=476.2900 → LONG | long=timeout(+1.17%) short=sl(-10.46%) | scanned=22 | no_tp→fwd_return=+1.2660
  [label] 2024-05-21 16:00 BCHUSDT entry=514.5300 → SHORT | long=sl(-4.78%) short=tp(+9.26%) | scanned=19 | short_tp_only
  [label] 2024-06-07 00:00 BCHUSDT entry=511.7800 → SHORT | long=sl(-3.60%) short=tp(+6.90%) | scanned=2 | short_tp_only
  [label] 2024-06-20 00:00 BCHUSDT entry=397.2500 → SHORT | long=sl(-5.48%) short=tp(+10.66%) | scanned=13 | short_tp_only
  [label] 2024-07-08 16:00 BCHUSDT entry=333.0700 → LONG | long=tp(+13.13%) short=sl(-6.72%) | scanned=13 | long_tp_only
  [label] 2024-07-15 00:00 BCHUSDT entry=388.1300 → LONG | long=timeout(-0.08%) short=timeout(-0.12%) | scanned=22 | no_tp→fwd_return=+0.0206
  [label] 2024-07-27 08:00 BCHUSDT entry=396.1700 → LONG | long=tp(+9.31%) short=sl(-4.80%) | scanned=5 | long_tp_only
  [label] 2024-09-05 08:00 BCHUSDT entry=305.6400 → LONG | long=sl(-4.59%) short=sl(-4.59%) | scanned=13 | no_tp→fwd_return=+5.3789
  [label] 2024-09-15 08:00 BCHUSDT entry=324.0700 → LONG | long=sl(-3.60%) short=sl(-3.60%) | scanned=11 | no_tp→fwd_return=+6.7115
  [label] 2024-12-11 08:00 BCHUSDT entry=548.9200 → SHORT | long=timeout(-5.80%) short=timeout(+5.60%) | scanned=22 | no_tp→fwd_return=-5.7039
  Labels: 1116 long (50.9%), 1077 short (49.1%) | weights: min=1.00, mean=3.95, max=10.00
  Features: 2193/2193 matched, 14 columns
  CV gap: 22 rows
    [trial 0] 14 features, training_days=230 | threshold=0.779 | labels: 1116 long, 1077 short (51/49%)
    [CV fold 0] train_end=2023-04-26 00:00 | val_start=2023-05-03 16:00 | gap=184h (22 rows)
    [CV fold 1] train_end=2023-08-25 16:00 | val_start=2023-09-02 08:00 | gap=184h (22 rows)
    [CV fold 2] train_end=2023-12-25 08:00 | val_start=2024-01-02 00:00 | gap=184h (22 rows)
    [CV fold 3] train_end=2024-04-25 00:00 | val_start=2024-05-02 16:00 | gap=184h (22 rows)
    [CV fold 4] train_end=2024-08-24 16:00 | val_start=2024-09-01 08:00 | gap=184h (22 rows)
    [trial 0] Sharpe=-0.1028 (folds: -0.1686, -0.2000, -0.1123, 0.1254, -0.1587)
    [trial 1] 14 features, training_days=410 | threshold=0.693 | labels: 1116 long, 1077 short (51/49%)
    [trial 1] Sharpe=0.0499 (folds: 0.2277, -0.0393, 0.0281, 0.1643, -0.1314)
    [trial 2] 14 features, training_days=270 | threshold=0.546 | labels: 1116 long, 1077 short (51/49%)
    [trial 2] Sharpe=-0.0346 (folds: 0.0143, -0.1204, 0.0349, 0.0204, -0.1225)
    [trial 3] 14 features, training_days=270 | threshold=0.600 | labels: 1116 long, 1077 short (51/49%)
    [trial 3] Sharpe=-0.0226 (folds: 0.1141, -0.1314, 0.0106, 0.0694, -0.1760)
    [trial 4] 14 features, training_days=390 | threshold=0.764 | labels: 1116 long, 1077 short (51/49%)
    [trial 4] Sharpe=-0.0112 (folds: 0.1361, -0.0884, 0.0859, 0.1296, -0.3194)
    [trial 5] 14 features, training_days=60 | threshold=0.603 | labels: 1116 long, 1077 short (51/49%)
    [trial 5] Sharpe=0.0129 (folds: 0.0418, -0.0868, 0.0485, 0.1942, -0.1333)
    [trial 6] 14 features, training_days=290 | threshold=0.738 | labels: 1116 long, 1077 short (51/49%)
    [trial 6] Sharpe=-0.0841 (folds: 0.0384, -0.1715, 0.1129, -0.1056, -0.2945)
    [trial 7] 14 features, training_days=70 | threshold=0.564 | labels: 1116 long, 1077 short (51/49%)
    [trial 7] Sharpe=-0.0256 (folds: 0.1382, -0.1001, 0.0842, 0.0556, -0.3058)
    [trial 8] 14 features, training_days=440 | threshold=0.653 | labels: 1116 long, 1077 short (51/49%)
    [trial 8] Sharpe=-0.0540 (folds: 0.4227, -0.0783, 0.2715, -0.7577, -0.1283)
    [trial 9] 14 features, training_days=360 | threshold=0.728 | labels: 1116 long, 1077 short (51/49%)
    [trial 9] Sharpe=-2.4683 (folds: 0.2654, -0.5382, -10.0000, -1.3558, -0.7129)
  Optuna: 10 trials, best Sharpe = 0.0499
  Best params: n_estimators=233, max_depth=5, lr=0.0137, leaves=108
  Best confidence_threshold: 0.693
  Best training_days: 410
  Retrained on full data (1230 samples, 14 features)
  Model trained for 2025-01: 93 test candles with features, confidence_threshold=0.693
[lgbm] === Training for 2025-02 ===
  Train window: 2023-02-01 → 2025-02-01
  2193 training samples from 1 symbols
  Samples per month: 2023-02: 84, 2023-03: 93, 2023-04: 90, 2023-05: 93, 2023-06: 90, 2023-07: 93, 2023-08: 93, 2023-09: 90, 2023-10: 93, 2023-11: 90, 2023-12: 93, 2024-01: 93, 2024-02: 87, 2024-03: 93, 2024-04: 90, 2024-05: 93, 2024-06: 90, 2024-07: 93, 2024-08: 93, 2024-09: 90, 2024-10: 93, 2024-11: 90, 2024-12: 93, 2025-01: 93
  [label] 2023-04-04 08:00 BCHUSDT entry=126.8400 → LONG | long=timeout(+1.37%) short=timeout(-1.57%) | scanned=22 | no_tp→fwd_return=+1.4743
  [label] 2023-04-06 16:00 BCHUSDT entry=126.0000 → LONG | long=timeout(+3.88%) short=sl(-3.92%) | scanned=22 | no_tp→fwd_return=+3.9841[I 2026-05-06 02:21:35,788] A new study created in memory with name: no-name-7b2785cf-0665-47c7-bae1-6c3c9e5733ff
[I 2026-05-06 02:21:36,048] Trial 0 finished with value: -0.03555509561261161 and parameters: {'confidence_threshold': 0.7790993046299082, 'training_days': 230, 'n_estimators': 295, 'max_depth': 5, 'num_leaves': 83, 'learning_rate': 0.051543455158230854, 'subsample': 0.8773243492079463, 'min_child_samples': 10, 'reg_alpha': 0.034096514368237685, 'reg_lambda': 3.154180388637081e-05}. Best is trial 0 with value: -0.03555509561261161.
[I 2026-05-06 02:21:36,184] Trial 1 finished with value: 0.06871391738166721 and parameters: {'confidence_threshold': 0.6929247853618086, 'training_days': 410, 'n_estimators': 233, 'max_depth': 5, 'num_leaves': 108, 'learning_rate': 0.013724237108071606, 'subsample': 0.7013182233636002, 'min_child_samples': 94, 'reg_alpha': 2.4040959529260723e-06, 'reg_lambda': 5.320966582161148}. Best is trial 1 with value: 0.06871391738166721.
[I 2026-05-06 02:21:36,254] Trial 2 finished with value: 0.06485058094309151 and parameters: {'confidence_threshold': 0.546341527225763, 'training_days': 270, 'n_estimators': 120, 'max_depth': 4, 'num_leaves': 53, 'learning_rate': 0.060197068579343475, 'subsample': 0.588227873455941, 'min_child_samples': 91, 'reg_alpha': 2.3457771824819002e-08, 'reg_lambda': 1.1358840775642732e-08}. Best is trial 1 with value: 0.06871391738166721.
[I 2026-05-06 02:21:36,428] Trial 3 finished with value: -0.02799027467518821 and parameters: {'confidence_threshold': 0.6000319676300473, 'training_days': 270, 'n_estimators': 382, 'max_depth': 4, 'num_leaves': 44, 'learning_rate': 0.09185046765032388, 'subsample': 0.6743651508646724, 'min_child_samples': 77, 'reg_alpha': 0.0013974578104212739, 'reg_lambda': 8.97190257982477e-08}. Best is trial 1 with value: 0.06871391738166721.
[I 2026-05-06 02:21:36,785] Trial 4 finished with value: -0.06462342376392864 and parameters: {'confidence_threshold': 0.7642618789055509, 'training_days': 390, 'n_estimators': 464, 'max_depth': 5, 'num_leaves': 30, 'learning_rate': 0.024562383309704932, 'subsample': 0.8612975035964376, 'min_child_samples': 36, 'reg_alpha': 1.593999300080167, 'reg_lambda': 0.006081270362829788}. Best is trial 1 with value: 0.06871391738166721.
[I 2026-05-06 02:21:36,920] Trial 5 finished with value: 0.047853785975253124 and parameters: {'confidence_threshold': 0.6029115860358569, 'training_days': 60, 'n_estimators': 441, 'max_depth': 3, 'num_leaves': 66, 'learning_rate': 0.044953114425778824, 'subsample': 0.7098948461279406, 'min_child_samples': 15, 'reg_alpha': 4.888753565548431e-07, 'reg_lambda': 4.198190642566389}. Best is trial 1 with value: 0.06871391738166721.
[I 2026-05-06 02:21:37,146] Trial 6 finished with value: 0.008703170732585763 and parameters: {'confidence_threshold': 0.7376932868314098, 'training_days': 290, 'n_estimators': 249, 'max_depth': 5, 'num_leaves': 121, 'learning_rate': 0.015565840632862623, 'subsample': 0.8390183783709677, 'min_child_samples': 19, 'reg_alpha': 1.860444687368747e-08, 'reg_lambda': 2.7391483548058117e-06}. Best is trial 1 with value: 0.06871391738166721.
[I 2026-05-06 02:21:37,184] Trial 7 finished with value: 0.04295350108776962 and parameters: {'confidence_threshold': 0.563503962036334, 'training_days': 70, 'n_estimators': 63, 'max_depth': 3, 'num_leaves': 47, 'learning_rate': 0.18074927623018475, 'subsample': 0.5059692991701257, 'min_child_samples': 9, 'reg_alpha': 3.6945804405602874e-08, 'reg_lambda': 0.027706035542028905}. Best is trial 1 with value: 0.06871391738166721.
[I 2026-05-06 02:21:37,273] Trial 8 finished with value: 0.01766847903109786 and parameters: {'confidence_threshold': 0.6525471176758836, 'training_days': 440, 'n_estimators': 116, 'max_depth': 4, 'num_leaves': 115, 'learning_rate': 0.010229952960863938, 'subsample': 0.5062159465415076, 'min_child_samples': 54, 'reg_alpha': 6.790626457822126e-06, 'reg_lambda': 1.7869141074987722e-05}. Best is trial 1 with value: 0.06871391738166721.
[I 2026-05-06 02:21:37,355] Trial 9 finished with value: -0.3689315424516174 and parameters: {'confidence_threshold': 0.7277571993354469, 'training_days': 360, 'n_estimators': 75, 'max_depth': 5, 'num_leaves': 41, 'learning_rate': 0.014186743931212992, 'subsample': 0.7445187273047605, 'min_child_samples': 22, 'reg_alpha': 0.02393227447113315, 'reg_lambda': 0.009236766173618426}. Best is trial 1 with value: 0.06871391738166721.

  [label] 2023-04-10 08:00 BCHUSDT entry=125.0500 → LONG | long=tp(+6.07%) short=sl(-3.19%) | scanned=11 | long_tp_only
  [label] 2023-05-05 08:00 BCHUSDT entry=119.5000 → SHORT | long=sl(-3.23%) short=tp(+6.16%) | scanned=8 | short_tp_only
  [label] 2023-06-27 08:00 BCHUSDT entry=225.5000 → LONG | long=tp(+17.26%) short=sl(-8.78%) | scanned=8 | long_tp_only
  [label] 2023-12-12 08:00 BCHUSDT entry=230.9400 → SHORT | long=sl(-5.49%) short=timeout(+1.72%) | scanned=22 | no_tp→fwd_return=-1.8230
  [label] 2023-12-16 08:00 BCHUSDT entry=231.3700 → LONG | long=sl(-4.80%) short=sl(-4.80%) | scanned=19 | no_tp→fwd_return=+3.0255
  [label] 2023-12-27 00:00 BCHUSDT entry=238.9100 → LONG | long=tp(+7.80%) short=sl(-4.05%) | scanned=1 | long_tp_only
  [label] 2024-02-10 08:00 BCHUSDT entry=245.1800 → LONG | long=tp(+5.04%) short=sl(-2.67%) | scanned=2 | long_tp_only
  [label] 2024-02-19 00:00 BCHUSDT entry=272.2900 → SHORT | long=sl(-4.13%) short=tp(+7.96%) | scanned=4 | short_tp_only
  [label] 2024-05-20 16:00 BCHUSDT entry=517.7300 → SHORT | long=sl(-4.81%) short=timeout(+5.38%) | scanned=22 | no_tp→fwd_return=-5.4797
  [label] 2024-06-21 16:00 BCHUSDT entry=382.8000 → LONG | long=sl(-5.48%) short=sl(-5.48%) | scanned=20 | no_tp→fwd_return=+1.5491
  [label] 2024-07-08 00:00 BCHUSDT entry=313.7300 → LONG | long=tp(+13.69%) short=sl(-6.99%) | scanned=10 | long_tp_only
  [label] 2024-07-21 00:00 BCHUSDT entry=391.4200 → SHORT | long=sl(-5.08%) short=tp(+9.86%) | scanned=12 | short_tp_only
  [label] 2024-08-08 16:00 BCHUSDT entry=352.9500 → SHORT | long=timeout(-5.50%) short=timeout(+5.30%) | scanned=22 | no_tp→fwd_return=-5.3974
  [label] 2024-08-15 00:00 BCHUSDT entry=333.6500 → LONG | long=timeout(+4.23%) short=timeout(-4.43%) | scanned=22 | no_tp→fwd_return=+4.3279
  [label] 2024-08-27 08:00 BCHUSDT entry=336.0400 → SHORT | long=sl(-4.54%) short=timeout(+6.91%) | scanned=22 | no_tp→fwd_return=-7.0111
  [label] 2024-10-06 08:00 BCHUSDT entry=323.9100 → SHORT | long=timeout(-1.91%) short=timeout(+1.71%) | scanned=22 | no_tp→fwd_return=-1.8061
  [label] 2024-10-16 08:00 BCHUSDT entry=366.3700 → SHORT | long=sl(-4.57%) short=timeout(+5.24%) | scanned=22 | no_tp→fwd_return=-5.3416
  [label] 2025-01-11 08:00 BCHUSDT entry=437.2800 → SHORT | long=sl(-5.06%) short=sl(-5.06%) | scanned=6 | no_tp→fwd_return=-4.9396
  Labels: 1052 long (48.0%), 1141 short (52.0%) | weights: min=1.00, mean=3.99, max=10.00
  Features: 2193/2193 matched, 14 columns
  CV gap: 22 rows
    [trial 0] 14 features, training_days=230 | threshold=0.779 | labels: 1052 long, 1141 short (48/52%)
    [CV fold 0] train_end=2023-05-27 00:00 | val_start=2023-06-03 16:00 | gap=184h (22 rows)
    [CV fold 1] train_end=2023-09-25 16:00 | val_start=2023-10-03 08:00 | gap=184h (22 rows)
    [CV fold 2] train_end=2024-01-25 08:00 | val_start=2024-02-02 00:00 | gap=184h (22 rows)
    [CV fold 3] train_end=2024-05-26 00:00 | val_start=2024-06-02 16:00 | gap=184h (22 rows)
    [CV fold 4] train_end=2024-09-24 16:00 | val_start=2024-10-02 08:00 | gap=184h (22 rows)
    [trial 0] Sharpe=-0.0356 (folds: -0.0856, 0.2127, 0.0153, -0.1148, -0.2053)
    [trial 1] 14 features, training_days=410 | threshold=0.693 | labels: 1052 long, 1141 short (48/52%)
    [trial 1] Sharpe=0.0687 (folds: 0.0052, 0.4717, -0.0431, 0.0574, -0.1476)
    [trial 2] 14 features, training_days=270 | threshold=0.546 | labels: 1052 long, 1141 short (48/52%)
    [trial 2] Sharpe=0.0649 (folds: 0.0462, 0.3805, 0.0179, 0.1190, -0.2394)
    [trial 3] 14 features, training_days=270 | threshold=0.600 | labels: 1052 long, 1141 short (48/52%)
    [trial 3] Sharpe=-0.0280 (folds: -0.0646, 0.1805, -0.0566, 0.0271, -0.2263)
    [trial 4] 14 features, training_days=390 | threshold=0.764 | labels: 1052 long, 1141 short (48/52%)
    [trial 4] Sharpe=-0.0646 (folds: -0.0408, 0.1185, -0.0372, 0.0405, -0.4041)
    [trial 5] 14 features, training_days=60 | threshold=0.603 | labels: 1052 long, 1141 short (48/52%)
    [trial 5] Sharpe=0.0479 (folds: -0.1543, 0.1463, 0.0676, 0.0124, 0.1672)
    [trial 6] 14 features, training_days=290 | threshold=0.738 | labels: 1052 long, 1141 short (48/52%)
    [trial 6] Sharpe=0.0087 (folds: -0.1508, 0.3838, 0.0357, 0.0233, -0.2485)
    [trial 7] 14 features, training_days=70 | threshold=0.564 | labels: 1052 long, 1141 short (48/52%)
    [trial 7] Sharpe=0.0430 (folds: -0.1025, 0.1606, 0.1362, -0.0527, 0.0732)
    [trial 8] 14 features, training_days=440 | threshold=0.653 | labels: 1052 long, 1141 short (48/52%)
    [trial 8] Sharpe=0.0177 (folds: -0.0089, 0.4149, -0.0018, -0.1365, -0.1795)
    [trial 9] 14 features, training_days=360 | threshold=0.728 | labels: 1052 long, 1141 short (48/52%)
    [trial 9] Sharpe=-0.3689 (folds: -0.9621, 0.3264, -0.0672, -0.1546, -0.9871)
  Optuna: 10 trials, best Sharpe = 0.0687
  Best params: n_estimators=233, max_depth=5, lr=0.0137, leaves=108
  Best confidence_threshold: 0.693
  Best training_days: 410
  Retrained on full data (1230 samples, 14 features)
  Model trained for 2025-02: 84 test candles with features, confidence_threshold=0.693
[predict] 2025-02-05 00:00 BCHUSDT → SHORT (proba=0.75 TP=18.7%/SL=9.3%)
[trade:open] 2025-02-05 07:59 BCHUSDT SHORT @ 332.32 | SL=363.32 TP=270.31 | timeout=2025-02-12 07:59
[trade:close] 2025-02-12 08:00 BCHUSDT SHORT → timeout @ 330.11 | PnL=+0.67% (net +0.57%) | cum=+4.69% 2025-02=+0.57% 2025-02-12=+0.57%
[lgbm] === Training for 2025-03 ===
  Train window: 2023-03-01 → 2025-03-01
  2193 training samples from 1 symbols
  Samples per month: 2023-03: 93, 2023-04: 90, 2023-05: 93, 2023-06: 90, 2023-07: 93, 2023-08: 93, 2023-09: 90, 2023-10: 93, 2023-11: 90, 2023-12: 93, 2024-01: 93, 2024-02: 87, 2024-03: 93, 2024-04: 90, 2024-05: 93, 2024-06: 90, 2024-07: 93, 2024-08: 93, 2024-09: 90, 2024-10: 93, 2024-11: 90, 2024-12: 93, 2025-01: 93, 2025-02: 84
  [label] 2023-05-02 08:00 BCHUSDT entry=118.3700 → SHORT | long=sl(-3.49%) short=tp(+6.69%) | scanned=17 | short_tp_only
  [label] 2023-05-04 16:00 BCHUSDT entry=117.2700 → SHORT | long=sl(-3.32%) short=tp(+6.34%) | scanned=10 | short_tp_only
  [label] 2023-05-08 08:00 BCHUSDT entry=112.8600 → LONG | long=sl(-3.51%) short=sl(-3.51%) | scanned=2 | no_tp→fwd_return=+6.1315
  [label] 2023-06-02 08:00 BCHUSDT entry=114.1100 → SHORT | long=sl(-2.26%) short=sl(-2.26%) | scanned=9 | no_tp→fwd_return=-4.6534
  [label] 2023-07-25 08:00 BCHUSDT entry=236.4100 → LONG | long=timeout(+2.28%) short=sl(-5.74%) | scanned=22 | no_tp→fwd_return=+2.3772
  [label] 2024-01-09 08:00 BCHUSDT entry=247.9200 → LONG | long=tp(+12.68%) short=sl(-6.49%) | scanned=6 | long_tp_only
  [label] 2024-01-13 08:00 BCHUSDT entry=255.0300 → SHORT | long=sl(-7.98%) short=timeout(+6.81%) | scanned=22 | no_tp→fwd_return=-6.9051
  [label] 2024-01-24 00:00 BCHUSDT entry=234.7500 → LONG | long=timeout(+0.69%) short=timeout(-0.89%) | scanned=22 | no_tp→fwd_return=+0.7881
  [label] 2024-03-09 08:00 BCHUSDT entry=430.7400 → SHORT | long=sl(-9.38%) short=sl(-9.38%) | scanned=18 | no_tp→fwd_return=-5.1145
  [label] 2024-03-18 00:00 BCHUSDT entry=409.3700 → LONG | long=sl(-9.25%) short=sl(-9.25%) | scanned=15 | no_tp→fwd_return=+5.4792
  [label] 2024-06-17 16:00 BCHUSDT entry=419.3200 → SHORT | long=sl(-4.75%) short=tp(+9.19%) | scanned=1 | short_tp_only
  [label] 2024-07-19 16:00 BCHUSDT entry=391.2200 → SHORT | long=sl(-5.51%) short=tp(+10.72%) | scanned=16 | short_tp_only
  [label] 2024-08-05 00:00 BCHUSDT entry=301.9900 → LONG | long=tp(+18.44%) short=sl(-9.37%) | scanned=11 | long_tp_only
  [label] 2024-08-18 00:00 BCHUSDT entry=340.7800 → LONG | long=timeout(+3.11%) short=sl(-5.88%) | scanned=22 | no_tp→fwd_return=+3.2132
  [label] 2024-09-05 16:00 BCHUSDT entry=307.2700 → LONG | long=sl(-4.48%) short=sl(-4.48%) | scanned=12 | no_tp→fwd_return=+4.8199
  [label] 2024-09-12 00:00 BCHUSDT entry=334.8000 → SHORT | long=sl(-4.13%) short=tp(+7.96%) | scanned=19 | short_tp_only
  [label] 2024-09-24 08:00 BCHUSDT entry=341.3900 → SHORT | long=sl(-3.72%) short=sl(-3.72%) | scanned=21 | no_tp→fwd_return=-4.0042
  [label] 2024-11-03 08:00 BCHUSDT entry=338.1600 → LONG | long=sl(-4.94%) short=sl(-4.94%) | scanned=8 | no_tp→fwd_return=+9.9125[I 2026-05-06 02:21:37,604] A new study created in memory with name: no-name-34273f78-d701-40da-a9bd-6cf866ce3998
[I 2026-05-06 02:21:37,880] Trial 0 finished with value: -0.01827706635512474 and parameters: {'confidence_threshold': 0.7790993046299082, 'training_days': 230, 'n_estimators': 295, 'max_depth': 5, 'num_leaves': 83, 'learning_rate': 0.051543455158230854, 'subsample': 0.8773243492079463, 'min_child_samples': 10, 'reg_alpha': 0.034096514368237685, 'reg_lambda': 3.154180388637081e-05}. Best is trial 0 with value: -0.01827706635512474.
