[I 2026-05-06 02:25:12,267] Trial 8 finished with value: -0.21160627372971325 and parameters: {'confidence_threshold': 0.6525471176758836, 'training_days': 440, 'n_estimators': 116, 'max_depth': 4, 'num_leaves': 115, 'learning_rate': 0.010229952960863938, 'subsample': 0.5062159465415076, 'min_child_samples': 54, 'reg_alpha': 6.790626457822126e-06, 'reg_lambda': 1.7869141074987722e-05}. Best is trial 7 with value: -0.017511192695668497.

    [trial 4] Sharpe=-0.1193 (folds: -0.1441, -0.0009, 0.0048, -0.0505, -0.4059)
    [trial 5] 14 features, training_days=60 | threshold=0.603 | labels: 1218 long, 957 short (56/44%)
    [trial 5] Sharpe=-0.0223 (folds: -0.1465, -0.0540, -0.0820, -0.1106, 0.2814)
    [trial 6] 14 features, training_days=290 | threshold=0.738 | labels: 1218 long, 957 short (56/44%)
    [trial 6] Sharpe=-0.1039 (folds: -0.1447, -0.0655, -0.0644, -0.0021, -0.2426)
    [trial 7] 14 features, training_days=70 | threshold=0.564 | labels: 1218 long, 957 short (56/44%)
    [trial 7] Sharpe=-0.0740 (folds: -0.1909, -0.0963, -0.2303, -0.0716, 0.2190)
    [trial 8] 14 features, training_days=440 | threshold=0.653 | labels: 1218 long, 957 short (56/44%)
    [trial 8] Sharpe=-0.1660 (folds: -0.1796, 0.0642, 0.0162, -0.1044, -0.6264)
    [trial 9] 14 features, training_days=360 | threshold=0.728 | labels: 1218 long, 957 short (56/44%)
    [trial 9] Sharpe=-0.0526 (folds: -0.3001, 0.1467, 0.3461, 0.3422, -0.7976)
  Optuna: 10 trials, best Sharpe = -0.0223
  Best params: n_estimators=441, max_depth=3, lr=0.0450, leaves=66
  Best confidence_threshold: 0.603
  Best training_days: 60
  Retrained on full data (180 samples, 14 features)
  Model trained for 2023-11: 90 test candles with features, confidence_threshold=0.603
[predict] 2023-11-01 00:00 TRXUSDT → LONG (proba=0.84 TP=3.5%/SL=1.7%)
[trade:open] 2023-11-01 07:59 TRXUSDT LONG @ 0.10 | SL=0.10 TP=0.10 | timeout=2023-11-08 07:59
[trade:close] 2023-11-02 07:59 TRXUSDT LONG → take_profit @ 0.10 | PnL=+3.45% (net +3.35%) | cum=-13.19% 2023-11=+3.35% 2023-11-02=+3.35%
[predict] 2023-11-03 16:00 TRXUSDT → LONG (proba=0.80 TP=3.9%/SL=2.0%)
[trade:open] 2023-11-03 23:59 TRXUSDT LONG @ 0.10 | SL=0.10 TP=0.10 | timeout=2023-11-10 23:59
[trade:close] 2023-11-09 15:59 TRXUSDT LONG → take_profit @ 0.10 | PnL=+3.93% (net +3.83%) | cum=-9.36% 2023-11=+7.18% 2023-11-09=+3.83%
[predict] 2023-11-11 00:00 TRXUSDT → LONG (proba=0.99 TP=5.5%/SL=2.8%)
[trade:open] 2023-11-11 07:59 TRXUSDT LONG @ 0.11 | SL=0.10 TP=0.11 | timeout=2023-11-18 07:59
[trade:close] 2023-11-14 23:59 TRXUSDT LONG → stop_loss @ 0.10 | PnL=-2.77% (net -2.87%) | cum=-12.24% 2023-11=+4.30% 2023-11-14=-2.87%
[predict] 2023-11-16 08:00 TRXUSDT → LONG (proba=1.00 TP=5.6%/SL=2.8%)
[trade:open] 2023-11-16 15:59 TRXUSDT LONG @ 0.10 | SL=0.10 TP=0.11 | timeout=2023-11-23 15:59
[trade:close] 2023-11-21 15:59 TRXUSDT LONG → stop_loss @ 0.10 | PnL=-2.79% (net -2.89%) | cum=-15.13% 2023-11=+1.41% 2023-11-21=-2.89%
[predict] 2023-11-23 00:00 TRXUSDT → LONG (proba=1.00 TP=5.9%/SL=2.9%)
[trade:open] 2023-11-23 07:59 TRXUSDT LONG @ 0.10 | SL=0.10 TP=0.11 | timeout=2023-11-30 07:59
[trade:close] 2023-11-25 23:59 TRXUSDT LONG → take_profit @ 0.11 | PnL=+5.88% (net +5.78%) | cum=-9.35% 2023-11=+7.19% 2023-11-25=+5.78%
[lgbm] === Training for 2023-12 ===
  Train window: 2021-12-01 → 2023-12-01
  2175 training samples from 1 symbols
  Samples per month: 2021-12: 93, 2022-01: 93, 2022-02: 75, 2022-03: 93, 2022-04: 84, 2022-05: 93, 2022-06: 90, 2022-07: 93, 2022-08: 93, 2022-09: 90, 2022-10: 93, 2022-11: 90, 2022-12: 93, 2023-01: 93, 2023-02: 84, 2023-03: 93, 2023-04: 90, 2023-05: 93, 2023-06: 90, 2023-07: 93, 2023-08: 93, 2023-09: 90, 2023-10: 93, 2023-11: 90
  [label] 2022-01-31 16:00 TRXUSDT entry=0.0590 → LONG | long=tp(+10.22%) short=sl(-5.26%) | scanned=13 | long_tp_only
  [label] 2022-02-03 00:00 TRXUSDT entry=0.0592 → LONG | long=tp(+9.00%) short=sl(-4.65%) | scanned=5 | long_tp_only
  [label] 2022-02-06 16:00 TRXUSDT entry=0.0661 → LONG | long=tp(+7.86%) short=sl(-4.08%) | scanned=11 | long_tp_only
  [label] 2022-03-06 16:00 TRXUSDT entry=0.0588 → LONG | long=timeout(+0.67%) short=sl(-4.61%) | scanned=22 | no_tp→fwd_return=+0.7652
  [label] 2022-04-30 00:00 TRXUSDT entry=0.0639 → LONG | long=tp(+9.64%) short=sl(-4.97%) | scanned=5 | long_tp_only
  [label] 2022-10-13 16:00 TRXUSDT entry=0.0610 → LONG | long=tp(+5.57%) short=sl(-2.94%) | scanned=2 | long_tp_only
  [label] 2022-10-17 16:00 TRXUSDT entry=0.0626 → SHORT | long=sl(-2.95%) short=timeout(+2.06%) | scanned=22 | no_tp→fwd_return=-2.1559
  [label] 2022-10-28 08:00 TRXUSDT entry=0.0632 → SHORT | long=sl(-2.18%) short=sl(-2.18%) | scanned=16 | no_tp→fwd_return=-2.7202
  [label] 2022-12-12 08:00 TRXUSDT entry=0.0526 → LONG | long=tp(+5.06%) short=sl(-2.68%) | scanned=6 | long_tp_only
  [label] 2022-12-21 00:00 TRXUSDT entry=0.0548 → SHORT | long=sl(-3.06%) short=timeout(+1.85%) | scanned=22 | no_tp→fwd_return=-1.9522
  [label] 2023-03-21 16:00 TRXUSDT entry=0.0670 → SHORT | long=sl(-3.89%) short=tp(+7.48%) | scanned=3 | short_tp_only
  [label] 2023-04-22 16:00 TRXUSDT entry=0.0661 → LONG | long=sl(-2.40%) short=sl(-2.40%) | scanned=21 | no_tp→fwd_return=+2.8290
  [label] 2023-05-08 16:00 TRXUSDT entry=0.0685 → SHORT | long=sl(-2.25%) short=sl(-2.25%) | scanned=9 | no_tp→fwd_return=-1.2120
  [label] 2023-05-21 16:00 TRXUSDT entry=0.0749 → LONG | long=tp(+4.05%) short=sl(-2.18%) | scanned=2 | long_tp_only
  [label] 2023-06-09 00:00 TRXUSDT entry=0.0774 → SHORT | long=sl(-3.04%) short=tp(+5.79%) | scanned=2 | short_tp_only
  [label] 2023-06-15 08:00 TRXUSDT entry=0.0703 → LONG | long=timeout(+1.89%) short=sl(-3.74%) | scanned=22 | no_tp→fwd_return=+1.9923
  [label] 2023-06-27 16:00 TRXUSDT entry=0.0743 → LONG | long=sl(-2.77%) short=sl(-2.77%) | scanned=8 | no_tp→fwd_return=+0.9961
  [label] 2023-08-06 08:00 TRXUSDT entry=0.0770 → LONG | long=timeout(+0.45%) short=timeout(-0.65%) | scanned=22 | no_tp→fwd_return=+0.5453
  [label] 2023-08-16 08:00 TRXUSDT entry=0.0756 → SHORT | long=sl(-1.51%) short=tp(+2.71%) | scanned=1 | short_tp_only
  [label] 2023-11-10 16:00 TRXUSDT entry=0.1062 → SHORT | long=sl(-2.89%) short=sl(-2.89%) | scanned=12 | no_tp→fwd_return=-3.7372
  Labels: 1219 long (56.0%), 956 short (44.0%) | weights: min=1.00, mean=2.48, max=10.00
  Features: 2175/2175 matched, 14 columns
  CV gap: 22 rows
    [trial 0] 14 features, training_days=230 | threshold=0.779 | labels: 1219 long, 956 short (56/44%)
    [CV fold 0] train_end=2022-03-28 00:00 | val_start=2022-04-06 16:00 | gap=232h (22 rows)
    [CV fold 1] train_end=2022-07-28 16:00 | val_start=2022-08-05 08:00 | gap=184h (22 rows)
    [CV fold 2] train_end=2022-11-26 08:00 | val_start=2022-12-04 00:00 | gap=184h (22 rows)
    [CV fold 3] train_end=2023-03-27 00:00 | val_start=2023-04-03 16:00 | gap=184h (22 rows)
    [CV fold 4] train_end=2023-07-25 16:00 | val_start=2023-08-02 08:00 | gap=184h (22 rows)
    [trial 0] Sharpe=-0.0853 (folds: -0.4361, 0.1531, 0.0128, -0.1720, 0.0156)
    [trial 1] 14 features, training_days=410 | threshold=0.693 | labels: 1219 long, 956 short (56/44%)
    [trial 1] Sharpe=-0.1031 (folds: -0.6022, 0.3813, -0.1078, -0.0933, -0.0935)
    [trial 2] 14 features, training_days=270 | threshold=0.546 | labels: 1219 long, 956 short (56/44%)
    [trial 2] Sharpe=-0.1345 (folds: -0.5256, 0.1498, -0.0306, -0.2168, -0.0494)
    [trial 3] 14 features, training_days=270 | threshold=0.600 | labels: 1219 long, 956 short (56/44%)
    [trial 3] Sharpe=-0.1615 (folds: -0.3866, -0.0078, -0.1405, -0.2419, -0.0309)
    [trial 4] 14 features, training_days=390 | threshold=0.764 | labels: 1219 long, 956 short (56/44%)
    [trial 4] Sharpe=-0.1906 (folds: -0.4749, 0.0275, -0.1657, -0.1437, -0.1961)
    [trial 5] 14 features, training_days=60 | threshold=0.603 | labels: 1219 long, 956 short (56/44%)
    [trial 5] Sharpe=-0.1003 (folds: -0.2723, -0.0318, 0.0520, -0.1524, -0.0970)
    [trial 6] 14 features, training_days=290 | threshold=0.738 | labels: 1219 long, 956 short (56/44%)
    [trial 6] Sharpe=-0.1092 (folds: -0.5269, 0.1393, -0.0544, -0.1815, 0.0775)
    [trial 7] 14 features, training_days=70 | threshold=0.564 | labels: 1219 long, 956 short (56/44%)
    [trial 7] Sharpe=-0.0175 (folds: 0.1834, 0.0525, 0.1637, -0.5831, 0.0959)
    [trial 8] 14 features, training_days=440 | threshold=0.653 | labels: 1219 long, 956 short (56/44%)
    [trial 8] Sharpe=-0.2116 (folds: -0.5265, 0.1442, -0.2922, -0.1903, -0.1931)
    [trial 9] 14 features, training_days=360 | threshold=0.728 | labels: 1219 long, 956 short (56/44%)[I 2026-05-06 02:25:12,359] Trial 9 finished with value: -0.030642188468593623 and parameters: {'confidence_threshold': 0.7277571993354469, 'training_days': 360, 'n_estimators': 75, 'max_depth': 5, 'num_leaves': 41, 'learning_rate': 0.014186743931212992, 'subsample': 0.7445187273047605, 'min_child_samples': 22, 'reg_alpha': 0.02393227447113315, 'reg_lambda': 0.009236766173618426}. Best is trial 7 with value: -0.017511192695668497.
[I 2026-05-06 02:25:12,783] A new study created in memory with name: no-name-83ec0bac-69cd-4d85-8e5b-1cbd64aaf7e9
[I 2026-05-06 02:25:13,095] Trial 0 finished with value: -0.12307621510981441 and parameters: {'confidence_threshold': 0.7790993046299082, 'training_days': 230, 'n_estimators': 295, 'max_depth': 5, 'num_leaves': 83, 'learning_rate': 0.051543455158230854, 'subsample': 0.8773243492079463, 'min_child_samples': 10, 'reg_alpha': 0.034096514368237685, 'reg_lambda': 3.154180388637081e-05}. Best is trial 0 with value: -0.12307621510981441.
[I 2026-05-06 02:25:13,233] Trial 1 finished with value: 0.027060711081635453 and parameters: {'confidence_threshold': 0.6929247853618086, 'training_days': 410, 'n_estimators': 233, 'max_depth': 5, 'num_leaves': 108, 'learning_rate': 0.013724237108071606, 'subsample': 0.7013182233636002, 'min_child_samples': 94, 'reg_alpha': 2.4040959529260723e-06, 'reg_lambda': 5.320966582161148}. Best is trial 1 with value: 0.027060711081635453.
[I 2026-05-06 02:25:13,299] Trial 2 finished with value: -0.02686894304702376 and parameters: {'confidence_threshold': 0.546341527225763, 'training_days': 270, 'n_estimators': 120, 'max_depth': 4, 'num_leaves': 53, 'learning_rate': 0.060197068579343475, 'subsample': 0.588227873455941, 'min_child_samples': 91, 'reg_alpha': 2.3457771824819002e-08, 'reg_lambda': 1.1358840775642732e-08}. Best is trial 1 with value: 0.027060711081635453.
[I 2026-05-06 02:25:13,498] Trial 3 finished with value: -0.034017417738921404 and parameters: {'confidence_threshold': 0.6000319676300473, 'training_days': 270, 'n_estimators': 382, 'max_depth': 4, 'num_leaves': 44, 'learning_rate': 0.09185046765032388, 'subsample': 0.6743651508646724, 'min_child_samples': 77, 'reg_alpha': 0.0013974578104212739, 'reg_lambda': 8.97190257982477e-08}. Best is trial 1 with value: 0.027060711081635453.
[I 2026-05-06 02:25:13,899] Trial 4 finished with value: 0.015935991625069763 and parameters: {'confidence_threshold': 0.7642618789055509, 'training_days': 390, 'n_estimators': 464, 'max_depth': 5, 'num_leaves': 30, 'learning_rate': 0.024562383309704932, 'subsample': 0.8612975035964376, 'min_child_samples': 36, 'reg_alpha': 1.593999300080167, 'reg_lambda': 0.006081270362829788}. Best is trial 1 with value: 0.027060711081635453.
[I 2026-05-06 02:25:14,049] Trial 5 finished with value: -0.06316319808101452 and parameters: {'confidence_threshold': 0.6029115860358569, 'training_days': 60, 'n_estimators': 441, 'max_depth': 3, 'num_leaves': 66, 'learning_rate': 0.044953114425778824, 'subsample': 0.7098948461279406, 'min_child_samples': 15, 'reg_alpha': 4.888753565548431e-07, 'reg_lambda': 4.198190642566389}. Best is trial 1 with value: 0.027060711081635453.
[I 2026-05-06 02:25:14,306] Trial 6 finished with value: -0.02463066956816109 and parameters: {'confidence_threshold': 0.7376932868314098, 'training_days': 290, 'n_estimators': 249, 'max_depth': 5, 'num_leaves': 121, 'learning_rate': 0.015565840632862623, 'subsample': 0.8390183783709677, 'min_child_samples': 19, 'reg_alpha': 1.860444687368747e-08, 'reg_lambda': 2.7391483548058117e-06}. Best is trial 1 with value: 0.027060711081635453.
[I 2026-05-06 02:25:14,341] Trial 7 finished with value: -0.09632170664099939 and parameters: {'confidence_threshold': 0.563503962036334, 'training_days': 70, 'n_estimators': 63, 'max_depth': 3, 'num_leaves': 47, 'learning_rate': 0.18074927623018475, 'subsample': 0.5059692991701257, 'min_child_samples': 9, 'reg_alpha': 3.6945804405602874e-08, 'reg_lambda': 0.027706035542028905}. Best is trial 1 with value: 0.027060711081635453.
[I 2026-05-06 02:25:14,443] Trial 8 finished with value: 0.04012816141112064 and parameters: {'confidence_threshold': 0.6525471176758836, 'training_days': 440, 'n_estimators': 116, 'max_depth': 4, 'num_leaves': 115, 'learning_rate': 0.010229952960863938, 'subsample': 0.5062159465415076, 'min_child_samples': 54, 'reg_alpha': 6.790626457822126e-06, 'reg_lambda': 1.7869141074987722e-05}. Best is trial 8 with value: 0.04012816141112064.
[I 2026-05-06 02:25:14,544] Trial 9 finished with value: -0.09033552475354595 and parameters: {'confidence_threshold': 0.7277571993354469, 'training_days': 360, 'n_estimators': 75, 'max_depth': 5, 'num_leaves': 41, 'learning_rate': 0.014186743931212992, 'subsample': 0.7445187273047605, 'min_child_samples': 22, 'reg_alpha': 0.02393227447113315, 'reg_lambda': 0.009236766173618426}. Best is trial 8 with value: 0.04012816141112064.

    [trial 9] Sharpe=-0.0306 (folds: -0.6486, 0.2224, 0.0374, 0.4117, -0.1762)
  Optuna: 10 trials, best Sharpe = -0.0175
  Best params: n_estimators=63, max_depth=3, lr=0.1807, leaves=47
  Best confidence_threshold: 0.564
  Best training_days: 70
  Retrained on full data (210 samples, 14 features)
  Model trained for 2023-12: 93 test candles with features, confidence_threshold=0.564
[predict] 2023-12-09 00:00 TRXUSDT → LONG (proba=0.99 TP=4.3%/SL=2.1%)
[trade:open] 2023-12-09 07:59 TRXUSDT LONG @ 0.11 | SL=0.11 TP=0.11 | timeout=2023-12-16 07:59
[trade:close] 2023-12-09 23:59 TRXUSDT LONG → stop_loss @ 0.11 | PnL=-2.13% (net -2.23%) | cum=-11.58% 2023-12=-2.23% 2023-12-09=-2.23%
[predict] 2023-12-11 08:00 TRXUSDT → LONG (proba=0.75 TP=5.5%/SL=2.7%)
[trade:open] 2023-12-11 15:59 TRXUSDT LONG @ 0.10 | SL=0.10 TP=0.11 | timeout=2023-12-18 15:59
[trade:close] 2023-12-13 07:59 TRXUSDT LONG → stop_loss @ 0.10 | PnL=-2.73% (net -2.83%) | cum=-14.40% 2023-12=-5.06% 2023-12-13=-2.83%
[predict] 2023-12-14 16:00 TRXUSDT → LONG (proba=0.99 TP=4.9%/SL=2.4%)
[trade:open] 2023-12-14 23:59 TRXUSDT LONG @ 0.11 | SL=0.10 TP=0.11 | timeout=2023-12-21 23:59
[trade:close] 2023-12-15 15:59 TRXUSDT LONG → stop_loss @ 0.10 | PnL=-2.45% (net -2.55%) | cum=-16.95% 2023-12=-7.60% 2023-12-15=-2.55%
[predict] 2023-12-17 00:00 TRXUSDT → LONG (proba=1.00 TP=4.9%/SL=2.5%)
[trade:open] 2023-12-17 07:59 TRXUSDT LONG @ 0.10 | SL=0.10 TP=0.11 | timeout=2023-12-24 07:59
[trade:close] 2023-12-18 15:59 TRXUSDT LONG → stop_loss @ 0.10 | PnL=-2.45% (net -2.55%) | cum=-19.50% 2023-12=-10.16% 2023-12-18=-2.55%
[predict] 2023-12-20 00:00 TRXUSDT → LONG (proba=0.99 TP=4.8%/SL=2.4%)
[trade:open] 2023-12-20 07:59 TRXUSDT LONG @ 0.10 | SL=0.10 TP=0.11 | timeout=2023-12-27 07:59
[trade:close] 2023-12-23 23:59 TRXUSDT LONG → take_profit @ 0.11 | PnL=+4.80% (net +4.70%) | cum=-14.80% 2023-12=-5.46% 2023-12-23=+4.70%
[predict] 2023-12-27 08:00 TRXUSDT → LONG (proba=0.96 TP=4.7%/SL=2.4%)
[trade:open] 2023-12-27 15:59 TRXUSDT LONG @ 0.10 | SL=0.10 TP=0.11 | timeout=2024-01-03 15:59
[lgbm] === Training for 2024-01 ===
  Train window: 2022-01-01 → 2024-01-01
  2175 training samples from 1 symbols
  Samples per month: 2022-01: 93, 2022-02: 75, 2022-03: 93, 2022-04: 84, 2022-05: 93, 2022-06: 90, 2022-07: 93, 2022-08: 93, 2022-09: 90, 2022-10: 93, 2022-11: 90, 2022-12: 93, 2023-01: 93, 2023-02: 84, 2023-03: 93, 2023-04: 90, 2023-05: 93, 2023-06: 90, 2023-07: 93, 2023-08: 93, 2023-09: 90, 2023-10: 93, 2023-11: 90, 2023-12: 93
  [label] 2022-03-06 16:00 TRXUSDT entry=0.0588 → LONG | long=timeout(+0.67%) short=sl(-4.61%) | scanned=22 | no_tp→fwd_return=+0.7652
  [label] 2022-03-09 00:00 TRXUSDT entry=0.0618 → SHORT | long=sl(-4.34%) short=timeout(+2.41%) | scanned=22 | no_tp→fwd_return=-2.5065
  [label] 2022-03-12 16:00 TRXUSDT entry=0.0596 → LONG | long=timeout(+3.76%) short=sl(-3.97%) | scanned=22 | no_tp→fwd_return=+3.8591
  [label] 2022-04-08 16:00 TRXUSDT entry=0.0625 → SHORT | long=sl(-4.99%) short=timeout(+1.10%) | scanned=22 | no_tp→fwd_return=-1.1992
  [label] 2022-05-31 00:00 TRXUSDT entry=0.0808 → LONG | long=tp(+13.38%) short=sl(-6.84%) | scanned=4 | long_tp_only
  [label] 2022-11-13 16:00 TRXUSDT entry=0.0508 → SHORT | long=sl(-7.42%) short=timeout(+1.36%) | scanned=22 | no_tp→fwd_return=-1.4573
  [label] 2022-11-17 16:00 TRXUSDT entry=0.0500 → LONG | long=timeout(+5.42%) short=sl(-6.85%) | scanned=22 | no_tp→fwd_return=+5.5178
  [label] 2022-11-28 08:00 TRXUSDT entry=0.0530 → LONG | long=timeout(+0.50%) short=timeout(-0.70%) | scanned=22 | no_tp→fwd_return=+0.6034
  [label] 2023-01-12 08:00 TRXUSDT entry=0.0561 → LONG | long=tp(+6.12%) short=sl(-3.21%) | scanned=4 | long_tp_only
  [label] 2023-01-21 00:00 TRXUSDT entry=0.0625 → LONG | long=sl(-3.37%) short=timeout(-0.50%) | scanned=22 | no_tp→fwd_return=+0.4001
  [label] 2023-04-21 16:00 TRXUSDT entry=0.0649 → LONG | long=timeout(+2.53%) short=sl(-2.53%) | scanned=22 | no_tp→fwd_return=+2.6332
  [label] 2023-05-23 16:00 TRXUSDT entry=0.0784 → SHORT | long=sl(-2.41%) short=timeout(+2.65%) | scanned=22 | no_tp→fwd_return=-2.7544
  [label] 2023-06-08 16:00 TRXUSDT entry=0.0773 → SHORT | long=sl(-3.10%) short=tp(+5.90%) | scanned=3 | short_tp_only
  [label] 2023-06-21 16:00 TRXUSDT entry=0.0723 → LONG | long=timeout(+1.89%) short=sl(-3.06%) | scanned=22 | no_tp→fwd_return=+1.9928
  [label] 2023-07-10 00:00 TRXUSDT entry=0.0768 → LONG | long=tp(+4.53%) short=sl(-2.42%) | scanned=11 | long_tp_only
  [label] 2023-07-16 08:00 TRXUSDT entry=0.0799 → LONG | long=tp(+4.66%) short=sl(-2.48%) | scanned=17 | long_tp_only
  [label] 2023-07-28 16:00 TRXUSDT entry=0.0850 → SHORT | long=sl(-2.68%) short=tp(+5.06%) | scanned=6 | short_tp_only
  [label] 2023-09-06 08:00 TRXUSDT entry=0.0776 → LONG | long=tp(+2.81%) short=sl(-1.56%) | scanned=18 | long_tp_only
  [label] 2023-09-16 08:00 TRXUSDT entry=0.0835 → SHORT | long=timeout(-0.18%) short=timeout(-0.02%) | scanned=22 | no_tp→fwd_return=-0.0838
  [label] 2023-12-11 16:00 TRXUSDT entry=0.1038 → SHORT | long=sl(-2.90%) short=tp(+5.49%) | scanned=20 | short_tp_only
  Labels: 1242 long (57.1%), 933 short (42.9%) | weights: min=1.00, mean=2.44, max=10.00
  Features: 2175/2175 matched, 14 columns
  CV gap: 22 rows
    [trial 0] 14 features, training_days=230 | threshold=0.779 | labels: 1242 long, 933 short (57/43%)
    [CV fold 0] train_end=2022-04-30 00:00 | val_start=2022-05-07 16:00 | gap=184h (22 rows)
    [CV fold 1] train_end=2022-08-28 16:00 | val_start=2022-09-05 08:00 | gap=184h (22 rows)
    [CV fold 2] train_end=2022-12-27 08:00 | val_start=2023-01-04 00:00 | gap=184h (22 rows)
    [CV fold 3] train_end=2023-04-27 00:00 | val_start=2023-05-04 16:00 | gap=184h (22 rows)
    [CV fold 4] train_end=2023-08-25 16:00 | val_start=2023-09-02 08:00 | gap=184h (22 rows)
    [trial 0] Sharpe=-0.1231 (folds: -0.0234, 0.0154, -0.1722, -0.2625, -0.1727)
    [trial 1] 14 features, training_days=410 | threshold=0.693 | labels: 1242 long, 933 short (57/43%)
    [trial 1] Sharpe=0.0271 (folds: 0.3992, 0.1942, -0.2472, -0.0569, -0.1540)
    [trial 2] 14 features, training_days=270 | threshold=0.546 | labels: 1242 long, 933 short (57/43%)
    [trial 2] Sharpe=-0.0269 (folds: 0.0974, 0.1540, -0.2285, -0.1900, 0.0327)
    [trial 3] 14 features, training_days=270 | threshold=0.600 | labels: 1242 long, 933 short (57/43%)
    [trial 3] Sharpe=-0.0340 (folds: 0.0422, 0.2290, -0.2889, -0.2078, 0.0554)
    [trial 4] 14 features, training_days=390 | threshold=0.764 | labels: 1242 long, 933 short (57/43%)
    [trial 4] Sharpe=0.0159 (folds: 0.1068, 0.2490, -0.1250, -0.0499, -0.1013)
    [trial 5] 14 features, training_days=60 | threshold=0.603 | labels: 1242 long, 933 short (57/43%)
    [trial 5] Sharpe=-0.0632 (folds: 0.0589, -0.1105, -0.1297, -0.1635, 0.0290)
    [trial 6] 14 features, training_days=290 | threshold=0.738 | labels: 1242 long, 933 short (57/43%)
    [trial 6] Sharpe=-0.0246 (folds: 0.0149, 0.1990, -0.0614, -0.1132, -0.1624)
    [trial 7] 14 features, training_days=70 | threshold=0.564 | labels: 1242 long, 933 short (57/43%)
    [trial 7] Sharpe=-0.0963 (folds: 0.0295, -0.0847, -0.0732, -0.1876, -0.1656)
    [trial 8] 14 features, training_days=440 | threshold=0.653 | labels: 1242 long, 933 short (57/43%)
    [trial 8] Sharpe=0.0401 (folds: 0.1038, 0.0065, -0.2851, 0.3693, 0.0062)
    [trial 9] 14 features, training_days=360 | threshold=0.728 | labels: 1242 long, 933 short (57/43%)
    [trial 9] Sharpe=-0.0903 (folds: 0.0383, -0.0632, -0.1499, -0.0371, -0.2397)
  Optuna: 10 trials, best Sharpe = 0.0401
  Best params: n_estimators=116, max_depth=4, lr=0.0102, leaves=115
  Best confidence_threshold: 0.653
  Best training_days: 440
  Retrained on full data (1320 samples, 14 features)
  Model trained for 2024-01: 93 test candles with features, confidence_threshold=0.653
[trade:close] 2024-01-02 15:59 TRXUSDT LONG → take_profit @ 0.11 | PnL=+4.72% (net +4.62%) | cum=-10.18% 2024-01=+4.62% 2024-01-02=+4.62%
[predict] 2024-01-06 08:00 TRXUSDT → LONG (proba=0.71 TP=5.4%/SL=2.7%)
[trade:open] 2024-01-06 15:59 TRXUSDT LONG @ 0.10 | SL=0.10 TP=0.11 | timeout=2024-01-13 15:59[I 2026-05-06 02:25:14,960] A new study created in memory with name: no-name-c0d047e2-8f84-4c30-a1fa-a370b93d7907
