[I 2026-05-06 02:23:21,465] Trial 3 finished with value: -0.032830295824577777 and parameters: {'confidence_threshold': 0.6000319676300473, 'training_days': 270, 'n_estimators': 382, 'max_depth': 4, 'num_leaves': 44, 'learning_rate': 0.09185046765032388, 'subsample': 0.6743651508646724, 'min_child_samples': 77, 'reg_alpha': 0.0013974578104212739, 'reg_lambda': 8.97190257982477e-08}. Best is trial 3 with value: -0.032830295824577777.

  [label] 2025-02-12 00:00 MKRUSDT entry=957.6000 → LONG | long=tp(+13.96%) short=sl(-7.13%) | scanned=18 | long_tp_only
  [label] 2025-02-24 08:00 MKRUSDT entry=1454.1000 → LONG | long=sl(-7.66%) short=sl(-7.66%) | scanned=4 | no_tp→fwd_return=+13.6579
  [label] 2025-04-05 08:00 MKRUSDT entry=1315.6000 → SHORT | long=sl(-6.63%) short=tp(+12.96%) | scanned=4 | short_tp_only
  [label] 2025-04-15 08:00 MKRUSDT entry=1373.7000 → LONG | long=timeout(+3.42%) short=timeout(-3.62%) | scanned=22 | no_tp→fwd_return=+3.5161
  [label] 2025-07-11 08:00 MKRUSDT entry=1970.5000 → LONG | long=sl(-4.92%) short=sl(-4.92%) | scanned=20 | no_tp→fwd_return=+7.4347
  Labels: 1081 long (49.3%), 1112 short (50.7%) | weights: min=1.00, mean=3.98, max=10.00
  Features: 2193/2193 matched, 14 columns
  CV gap: 22 rows
    [trial 0] 14 features, training_days=230 | threshold=0.779 | labels: 1081 long, 1112 short (49/51%)
    [CV fold 0] train_end=2023-11-24 00:00 | val_start=2023-12-01 16:00 | gap=184h (22 rows)
    [CV fold 1] train_end=2024-03-24 16:00 | val_start=2024-04-01 08:00 | gap=184h (22 rows)
    [CV fold 2] train_end=2024-07-24 08:00 | val_start=2024-08-01 00:00 | gap=184h (22 rows)
    [CV fold 3] train_end=2024-11-23 00:00 | val_start=2024-11-30 16:00 | gap=184h (22 rows)
    [CV fold 4] train_end=2025-03-24 16:00 | val_start=2025-04-01 08:00 | gap=184h (22 rows)
    [trial 0] Sharpe=-0.1550 (folds: -0.3246, -0.3791, 0.0395, 0.0737, -0.1844)
    [trial 1] 14 features, training_days=410 | threshold=0.693 | labels: 1081 long, 1112 short (49/51%)
    [trial 1] Sharpe=-0.2216 (folds: -0.4807, -0.3240, -0.4477, 0.2984, -0.1540)
    [trial 2] 14 features, training_days=270 | threshold=0.546 | labels: 1081 long, 1112 short (49/51%)
    [trial 2] Sharpe=-0.1800 (folds: -0.3559, -0.3265, -0.0660, -0.0807, -0.0709)
    [trial 3] 14 features, training_days=270 | threshold=0.600 | labels: 1081 long, 1112 short (49/51%)
    [trial 3] Sharpe=-0.2027 (folds: -0.5681, -0.3845, -0.0166, -0.0396, -0.0045)
    [trial 4] 14 features, training_days=390 | threshold=0.764 | labels: 1081 long, 1112 short (49/51%)
    [trial 4] Sharpe=-0.1857 (folds: -0.4450, -0.3525, -0.0548, 0.0526, -0.1288)
    [trial 5] 14 features, training_days=60 | threshold=0.603 | labels: 1081 long, 1112 short (49/51%)
    [trial 5] Sharpe=-0.1096 (folds: 0.0317, -0.3451, -0.0494, 0.0223, -0.2073)
    [trial 6] 14 features, training_days=290 | threshold=0.738 | labels: 1081 long, 1112 short (49/51%)
    [trial 6] Sharpe=-0.1910 (folds: -0.3998, -0.3609, 0.0190, -0.0943, -0.1189)
    [trial 7] 14 features, training_days=70 | threshold=0.564 | labels: 1081 long, 1112 short (49/51%)
    [trial 7] Sharpe=-0.0596 (folds: 0.0869, -0.1791, -0.0161, 0.0177, -0.2073)
    [trial 8] 14 features, training_days=440 | threshold=0.653 | labels: 1081 long, 1112 short (49/51%)
    [trial 8] Sharpe=-0.1797 (folds: -0.3917, -0.3350, -0.4073, 0.3416, -0.1059)
    [trial 9] 14 features, training_days=360 | threshold=0.728 | labels: 1081 long, 1112 short (49/51%)
    [trial 9] Sharpe=-0.0305 (folds: -0.4372, -0.3606, -0.2309, 0.9183, -0.0421)
  Optuna: 10 trials, best Sharpe = -0.0305
  Best params: n_estimators=75, max_depth=5, lr=0.0142, leaves=41
  Best confidence_threshold: 0.728
  Best training_days: 360
  Retrained on full data (1080 samples, 14 features)
  Model trained for 2025-08: 93 test candles with features, confidence_threshold=0.728
[trade:close] 2025-08-02 23:59 MKRUSDT LONG → stop_loss @ 1846.62 | PnL=-6.50% (net -6.60%) | cum=-45.57% 2025-08=-6.60% 2025-08-02=-6.60%
[lgbm] === Training for 2025-09 ===
  Train window: 2023-09-01 → 2025-09-01
  2193 training samples from 1 symbols
  Samples per month: 2023-09: 90, 2023-10: 93, 2023-11: 90, 2023-12: 93, 2024-01: 93, 2024-02: 87, 2024-03: 93, 2024-04: 90, 2024-05: 93, 2024-06: 90, 2024-07: 93, 2024-08: 93, 2024-09: 90, 2024-10: 93, 2024-11: 90, 2024-12: 93, 2025-01: 93, 2025-02: 84, 2025-03: 93, 2025-04: 90, 2025-05: 93, 2025-06: 90, 2025-07: 93, 2025-08: 93
  [label] 2023-11-02 08:00 MKRUSDT entry=1297.5000 → LONG | long=timeout(+5.69%) short=sl(-5.04%) | scanned=22 | no_tp→fwd_return=+5.7881
  [label] 2023-11-04 16:00 MKRUSDT entry=1339.7000 → LONG | long=sl(-4.44%) short=sl(-4.44%) | scanned=14 | no_tp→fwd_return=+2.4558
  [label] 2023-11-08 08:00 MKRUSDT entry=1326.6000 → LONG | long=sl(-4.21%) short=sl(-4.21%) | scanned=4 | no_tp→fwd_return=+3.7916
  [label] 2023-12-03 08:00 MKRUSDT entry=1511.5000 → SHORT | long=sl(-3.34%) short=tp(+6.38%) | scanned=20 | short_tp_only
  [label] 2024-01-25 08:00 MKRUSDT entry=2115.8000 → SHORT | long=sl(-4.57%) short=tp(+8.84%) | scanned=20 | short_tp_only
  [label] 2024-07-11 08:00 MKRUSDT entry=2318.0000 → LONG | long=tp(+10.70%) short=sl(-5.50%) | scanned=5 | long_tp_only
  [label] 2024-07-15 08:00 MKRUSDT entry=2881.8000 → SHORT | long=sl(-4.76%) short=sl(-4.76%) | scanned=10 | no_tp→fwd_return=-2.3353
  [label] 2024-07-26 00:00 MKRUSDT entry=2752.4000 → SHORT | long=sl(-5.86%) short=timeout(+3.39%) | scanned=22 | no_tp→fwd_return=-3.4915
  [label] 2024-09-09 08:00 MKRUSDT entry=1617.6000 → SHORT | long=sl(-5.15%) short=timeout(+5.69%) | scanned=22 | no_tp→fwd_return=-5.7925
  [label] 2024-09-18 00:00 MKRUSDT entry=1477.6000 → LONG | long=tp(+9.14%) short=sl(-4.72%) | scanned=12 | long_tp_only
  [label] 2024-12-18 16:00 MKRUSDT entry=1669.4000 → SHORT | long=sl(-9.40%) short=timeout(+3.86%) | scanned=22 | no_tp→fwd_return=-3.9595
  [label] 2025-01-19 16:00 MKRUSDT entry=1278.9000 → LONG | long=tp(+11.86%) short=sl(-6.08%) | scanned=1 | long_tp_only
  [label] 2025-02-05 00:00 MKRUSDT entry=927.3000 → LONG | long=timeout(+3.17%) short=sl(-9.64%) | scanned=22 | no_tp→fwd_return=+3.2676
  [label] 2025-02-18 00:00 MKRUSDT entry=1096.7000 → LONG | long=tp(+10.56%) short=sl(-5.43%) | scanned=4 | long_tp_only
  [label] 2025-03-08 16:00 MKRUSDT entry=1361.2000 → SHORT | long=sl(-9.85%) short=tp(+19.40%) | scanned=6 | short_tp_only
  [label] 2025-03-15 00:00 MKRUSDT entry=1180.1000 → LONG | long=timeout(+4.87%) short=sl(-9.36%) | scanned=22 | no_tp→fwd_return=+4.9742
  [label] 2025-03-27 08:00 MKRUSDT entry=1414.2000 → SHORT | long=sl(-5.40%) short=sl(-5.40%) | scanned=6 | no_tp→fwd_return=-4.7023
  [label] 2025-05-06 08:00 MKRUSDT entry=1462.8000 → LONG | long=tp(+9.24%) short=sl(-4.77%) | scanned=5 | long_tp_only
  [label] 2025-05-16 08:00 MKRUSDT entry=1865.3000 → SHORT | long=sl(-6.12%) short=tp(+11.94%) | scanned=8 | short_tp_only
  [label] 2025-08-11 08:00 MKRUSDT entry=2056.0000 → SHORT | long=sl(-5.03%) short=tp(+9.76%) | scanned=9 | short_tp_only
  Labels: 1095 long (49.9%), 1098 short (50.1%) | weights: min=1.00, mean=4.01, max=10.00
  Features: 2193/2193 matched, 14 columns
  CV gap: 22 rows
    [trial 0] 14 features, training_days=230 | threshold=0.779 | labels: 1095 long, 1098 short (50/50%)
    [CV fold 0] train_end=2023-12-25 00:00 | val_start=2024-01-01 16:00 | gap=184h (22 rows)
    [CV fold 1] train_end=2024-04-24 16:00 | val_start=2024-05-02 08:00 | gap=184h (22 rows)
    [CV fold 2] train_end=2024-08-24 08:00 | val_start=2024-09-01 00:00 | gap=184h (22 rows)
    [CV fold 3] train_end=2024-12-24 00:00 | val_start=2024-12-31 16:00 | gap=184h (22 rows)
    [CV fold 4] train_end=2025-04-24 16:00 | val_start=2025-05-02 08:00 | gap=184h (22 rows)
    [trial 0] Sharpe=-0.0329 (folds: 0.0547, -0.2581, 0.1993, -0.0109, -0.1494)
    [trial 1] 14 features, training_days=410 | threshold=0.693 | labels: 1095 long, 1098 short (50/50%)
    [trial 1] Sharpe=-0.1228 (folds: 0.0201, -0.3291, -0.1086, 0.0904, -0.2867)
    [trial 2] 14 features, training_days=270 | threshold=0.546 | labels: 1095 long, 1098 short (50/50%)
    [trial 2] Sharpe=-0.0873 (folds: -0.0357, -0.3825, 0.1293, -0.0136, -0.1341)
    [trial 3] 14 features, training_days=270 | threshold=0.600 | labels: 1095 long, 1098 short (50/50%)
    [trial 3] Sharpe=-0.0328 (folds: 0.0054, -0.2448, 0.1050, -0.0134, -0.0163)
    [trial 4] 14 features, training_days=390 | threshold=0.764 | labels: 1095 long, 1098 short (50/50%)
    [trial 4] Sharpe=-0.0710 (folds: 0.0806, -0.3495, 0.1026, 0.0409, -0.2297)[I 2026-05-06 02:23:21,832] Trial 4 finished with value: -0.07100879890075915 and parameters: {'confidence_threshold': 0.7642618789055509, 'training_days': 390, 'n_estimators': 464, 'max_depth': 5, 'num_leaves': 30, 'learning_rate': 0.024562383309704932, 'subsample': 0.8612975035964376, 'min_child_samples': 36, 'reg_alpha': 1.593999300080167, 'reg_lambda': 0.006081270362829788}. Best is trial 3 with value: -0.032830295824577777.
[I 2026-05-06 02:23:21,985] Trial 5 finished with value: 0.029405813002040215 and parameters: {'confidence_threshold': 0.6029115860358569, 'training_days': 60, 'n_estimators': 441, 'max_depth': 3, 'num_leaves': 66, 'learning_rate': 0.044953114425778824, 'subsample': 0.7098948461279406, 'min_child_samples': 15, 'reg_alpha': 4.888753565548431e-07, 'reg_lambda': 4.198190642566389}. Best is trial 5 with value: 0.029405813002040215.
[I 2026-05-06 02:23:22,239] Trial 6 finished with value: -0.07538851547299401 and parameters: {'confidence_threshold': 0.7376932868314098, 'training_days': 290, 'n_estimators': 249, 'max_depth': 5, 'num_leaves': 121, 'learning_rate': 0.015565840632862623, 'subsample': 0.8390183783709677, 'min_child_samples': 19, 'reg_alpha': 1.860444687368747e-08, 'reg_lambda': 2.7391483548058117e-06}. Best is trial 5 with value: 0.029405813002040215.
[I 2026-05-06 02:23:22,277] Trial 7 finished with value: 0.018036268318000943 and parameters: {'confidence_threshold': 0.563503962036334, 'training_days': 70, 'n_estimators': 63, 'max_depth': 3, 'num_leaves': 47, 'learning_rate': 0.18074927623018475, 'subsample': 0.5059692991701257, 'min_child_samples': 9, 'reg_alpha': 3.6945804405602874e-08, 'reg_lambda': 0.027706035542028905}. Best is trial 5 with value: 0.029405813002040215.
[I 2026-05-06 02:23:22,377] Trial 8 finished with value: -0.08282316216235949 and parameters: {'confidence_threshold': 0.6525471176758836, 'training_days': 440, 'n_estimators': 116, 'max_depth': 4, 'num_leaves': 115, 'learning_rate': 0.010229952960863938, 'subsample': 0.5062159465415076, 'min_child_samples': 54, 'reg_alpha': 6.790626457822126e-06, 'reg_lambda': 1.7869141074987722e-05}. Best is trial 5 with value: 0.029405813002040215.
[I 2026-05-06 02:23:22,469] Trial 9 finished with value: -0.19976565153707387 and parameters: {'confidence_threshold': 0.7277571993354469, 'training_days': 360, 'n_estimators': 75, 'max_depth': 5, 'num_leaves': 41, 'learning_rate': 0.014186743931212992, 'subsample': 0.7445187273047605, 'min_child_samples': 22, 'reg_alpha': 0.02393227447113315, 'reg_lambda': 0.009236766173618426}. Best is trial 5 with value: 0.029405813002040215.
[I 2026-05-06 02:23:22,816] A new study created in memory with name: no-name-01b654de-c149-4af6-b2ca-60124b6003af
[I 2026-05-06 02:23:23,098] Trial 0 finished with value: -0.031076581743157528 and parameters: {'confidence_threshold': 0.7790993046299082, 'training_days': 230, 'n_estimators': 295, 'max_depth': 5, 'num_leaves': 83, 'learning_rate': 0.051543455158230854, 'subsample': 0.8773243492079463, 'min_child_samples': 10, 'reg_alpha': 0.034096514368237685, 'reg_lambda': 3.154180388637081e-05}. Best is trial 0 with value: -0.031076581743157528.
[I 2026-05-06 02:23:23,244] Trial 1 finished with value: -0.06052989964510809 and parameters: {'confidence_threshold': 0.6929247853618086, 'training_days': 410, 'n_estimators': 233, 'max_depth': 5, 'num_leaves': 108, 'learning_rate': 0.013724237108071606, 'subsample': 0.7013182233636002, 'min_child_samples': 94, 'reg_alpha': 2.4040959529260723e-06, 'reg_lambda': 5.320966582161148}. Best is trial 0 with value: -0.031076581743157528.
[I 2026-05-06 02:23:23,317] Trial 2 finished with value: -0.04817851641795492 and parameters: {'confidence_threshold': 0.546341527225763, 'training_days': 270, 'n_estimators': 120, 'max_depth': 4, 'num_leaves': 53, 'learning_rate': 0.060197068579343475, 'subsample': 0.588227873455941, 'min_child_samples': 91, 'reg_alpha': 2.3457771824819002e-08, 'reg_lambda': 1.1358840775642732e-08}. Best is trial 0 with value: -0.031076581743157528.
[I 2026-05-06 02:23:23,486] Trial 3 finished with value: -0.030283465051196584 and parameters: {'confidence_threshold': 0.6000319676300473, 'training_days': 270, 'n_estimators': 382, 'max_depth': 4, 'num_leaves': 44, 'learning_rate': 0.09185046765032388, 'subsample': 0.6743651508646724, 'min_child_samples': 77, 'reg_alpha': 0.0013974578104212739, 'reg_lambda': 8.97190257982477e-08}. Best is trial 3 with value: -0.030283465051196584.
[I 2026-05-06 02:23:23,856] Trial 4 finished with value: -0.16209482692142277 and parameters: {'confidence_threshold': 0.7642618789055509, 'training_days': 390, 'n_estimators': 464, 'max_depth': 5, 'num_leaves': 30, 'learning_rate': 0.024562383309704932, 'subsample': 0.8612975035964376, 'min_child_samples': 36, 'reg_alpha': 1.593999300080167, 'reg_lambda': 0.006081270362829788}. Best is trial 3 with value: -0.030283465051196584.
[I 2026-05-06 02:23:24,009] Trial 5 finished with value: 0.11742807792600547 and parameters: {'confidence_threshold': 0.6029115860358569, 'training_days': 60, 'n_estimators': 441, 'max_depth': 3, 'num_leaves': 66, 'learning_rate': 0.044953114425778824, 'subsample': 0.7098948461279406, 'min_child_samples': 15, 'reg_alpha': 4.888753565548431e-07, 'reg_lambda': 4.198190642566389}. Best is trial 5 with value: 0.11742807792600547.
[I 2026-05-06 02:23:24,258] Trial 6 finished with value: -0.04331044378659888 and parameters: {'confidence_threshold': 0.7376932868314098, 'training_days': 290, 'n_estimators': 249, 'max_depth': 5, 'num_leaves': 121, 'learning_rate': 0.015565840632862623, 'subsample': 0.8390183783709677, 'min_child_samples': 19, 'reg_alpha': 1.860444687368747e-08, 'reg_lambda': 2.7391483548058117e-06}. Best is trial 5 with value: 0.11742807792600547.
[I 2026-05-06 02:23:24,299] Trial 7 finished with value: -0.0076078609083415575 and parameters: {'confidence_threshold': 0.563503962036334, 'training_days': 70, 'n_estimators': 63, 'max_depth': 3, 'num_leaves': 47, 'learning_rate': 0.18074927623018475, 'subsample': 0.5059692991701257, 'min_child_samples': 9, 'reg_alpha': 3.6945804405602874e-08, 'reg_lambda': 0.027706035542028905}. Best is trial 5 with value: 0.11742807792600547.
[I 2026-05-06 02:23:24,387] Trial 8 finished with value: -0.021935635639207095 and parameters: {'confidence_threshold': 0.6525471176758836, 'training_days': 440, 'n_estimators': 116, 'max_depth': 4, 'num_leaves': 115, 'learning_rate': 0.010229952960863938, 'subsample': 0.5062159465415076, 'min_child_samples': 54, 'reg_alpha': 6.790626457822126e-06, 'reg_lambda': 1.7869141074987722e-05}. Best is trial 5 with value: 0.11742807792600547.
