[I 2026-05-06 02:21:38,011] Trial 1 finished with value: 0.006489124459188278 and parameters: {'confidence_threshold': 0.6929247853618086, 'training_days': 410, 'n_estimators': 233, 'max_depth': 5, 'num_leaves': 108, 'learning_rate': 0.013724237108071606, 'subsample': 0.7013182233636002, 'min_child_samples': 94, 'reg_alpha': 2.4040959529260723e-06, 'reg_lambda': 5.320966582161148}. Best is trial 1 with value: 0.006489124459188278.
[I 2026-05-06 02:21:38,082] Trial 2 finished with value: -0.043280193221997235 and parameters: {'confidence_threshold': 0.546341527225763, 'training_days': 270, 'n_estimators': 120, 'max_depth': 4, 'num_leaves': 53, 'learning_rate': 0.060197068579343475, 'subsample': 0.588227873455941, 'min_child_samples': 91, 'reg_alpha': 2.3457771824819002e-08, 'reg_lambda': 1.1358840775642732e-08}. Best is trial 1 with value: 0.006489124459188278.
[I 2026-05-06 02:21:38,287] Trial 3 finished with value: -0.04243137722207211 and parameters: {'confidence_threshold': 0.6000319676300473, 'training_days': 270, 'n_estimators': 382, 'max_depth': 4, 'num_leaves': 44, 'learning_rate': 0.09185046765032388, 'subsample': 0.6743651508646724, 'min_child_samples': 77, 'reg_alpha': 0.0013974578104212739, 'reg_lambda': 8.97190257982477e-08}. Best is trial 1 with value: 0.006489124459188278.
[I 2026-05-06 02:21:38,685] Trial 4 finished with value: -0.03265373654144725 and parameters: {'confidence_threshold': 0.7642618789055509, 'training_days': 390, 'n_estimators': 464, 'max_depth': 5, 'num_leaves': 30, 'learning_rate': 0.024562383309704932, 'subsample': 0.8612975035964376, 'min_child_samples': 36, 'reg_alpha': 1.593999300080167, 'reg_lambda': 0.006081270362829788}. Best is trial 1 with value: 0.006489124459188278.
[I 2026-05-06 02:21:38,828] Trial 5 finished with value: 0.025504918234249885 and parameters: {'confidence_threshold': 0.6029115860358569, 'training_days': 60, 'n_estimators': 441, 'max_depth': 3, 'num_leaves': 66, 'learning_rate': 0.044953114425778824, 'subsample': 0.7098948461279406, 'min_child_samples': 15, 'reg_alpha': 4.888753565548431e-07, 'reg_lambda': 4.198190642566389}. Best is trial 5 with value: 0.025504918234249885.
[I 2026-05-06 02:21:39,057] Trial 6 finished with value: -0.015574080877136276 and parameters: {'confidence_threshold': 0.7376932868314098, 'training_days': 290, 'n_estimators': 249, 'max_depth': 5, 'num_leaves': 121, 'learning_rate': 0.015565840632862623, 'subsample': 0.8390183783709677, 'min_child_samples': 19, 'reg_alpha': 1.860444687368747e-08, 'reg_lambda': 2.7391483548058117e-06}. Best is trial 5 with value: 0.025504918234249885.
[I 2026-05-06 02:21:39,094] Trial 7 finished with value: -0.0074983414125002704 and parameters: {'confidence_threshold': 0.563503962036334, 'training_days': 70, 'n_estimators': 63, 'max_depth': 3, 'num_leaves': 47, 'learning_rate': 0.18074927623018475, 'subsample': 0.5059692991701257, 'min_child_samples': 9, 'reg_alpha': 3.6945804405602874e-08, 'reg_lambda': 0.027706035542028905}. Best is trial 5 with value: 0.025504918234249885.
[I 2026-05-06 02:21:39,191] Trial 8 finished with value: 0.1092204214640629 and parameters: {'confidence_threshold': 0.6525471176758836, 'training_days': 440, 'n_estimators': 116, 'max_depth': 4, 'num_leaves': 115, 'learning_rate': 0.010229952960863938, 'subsample': 0.5062159465415076, 'min_child_samples': 54, 'reg_alpha': 6.790626457822126e-06, 'reg_lambda': 1.7869141074987722e-05}. Best is trial 8 with value: 0.1092204214640629.
[I 2026-05-06 02:21:39,287] Trial 9 finished with value: -0.11297635917390628 and parameters: {'confidence_threshold': 0.7277571993354469, 'training_days': 360, 'n_estimators': 75, 'max_depth': 5, 'num_leaves': 41, 'learning_rate': 0.014186743931212992, 'subsample': 0.7445187273047605, 'min_child_samples': 22, 'reg_alpha': 0.02393227447113315, 'reg_lambda': 0.009236766173618426}. Best is trial 8 with value: 0.1092204214640629.
[I 2026-05-06 02:21:39,542] A new study created in memory with name: no-name-2b709181-cb3e-44d2-9db8-a1b01043c676
[I 2026-05-06 02:21:39,786] Trial 0 finished with value: 0.003355041051365275 and parameters: {'confidence_threshold': 0.7790993046299082, 'training_days': 230, 'n_estimators': 295, 'max_depth': 5, 'num_leaves': 83, 'learning_rate': 0.051543455158230854, 'subsample': 0.8773243492079463, 'min_child_samples': 10, 'reg_alpha': 0.034096514368237685, 'reg_lambda': 3.154180388637081e-05}. Best is trial 0 with value: 0.003355041051365275.
[I 2026-05-06 02:21:39,930] Trial 1 finished with value: -0.18269569267678842 and parameters: {'confidence_threshold': 0.6929247853618086, 'training_days': 410, 'n_estimators': 233, 'max_depth': 5, 'num_leaves': 108, 'learning_rate': 0.013724237108071606, 'subsample': 0.7013182233636002, 'min_child_samples': 94, 'reg_alpha': 2.4040959529260723e-06, 'reg_lambda': 5.320966582161148}. Best is trial 0 with value: 0.003355041051365275.
[I 2026-05-06 02:21:40,000] Trial 2 finished with value: -0.004808492019471876 and parameters: {'confidence_threshold': 0.546341527225763, 'training_days': 270, 'n_estimators': 120, 'max_depth': 4, 'num_leaves': 53, 'learning_rate': 0.060197068579343475, 'subsample': 0.588227873455941, 'min_child_samples': 91, 'reg_alpha': 2.3457771824819002e-08, 'reg_lambda': 1.1358840775642732e-08}. Best is trial 0 with value: 0.003355041051365275.
[I 2026-05-06 02:21:40,179] Trial 3 finished with value: -0.03649497320602447 and parameters: {'confidence_threshold': 0.6000319676300473, 'training_days': 270, 'n_estimators': 382, 'max_depth': 4, 'num_leaves': 44, 'learning_rate': 0.09185046765032388, 'subsample': 0.6743651508646724, 'min_child_samples': 77, 'reg_alpha': 0.0013974578104212739, 'reg_lambda': 8.97190257982477e-08}. Best is trial 0 with value: 0.003355041051365275.
[I 2026-05-06 02:21:40,571] Trial 4 finished with value: -0.16251304881358208 and parameters: {'confidence_threshold': 0.7642618789055509, 'training_days': 390, 'n_estimators': 464, 'max_depth': 5, 'num_leaves': 30, 'learning_rate': 0.024562383309704932, 'subsample': 0.8612975035964376, 'min_child_samples': 36, 'reg_alpha': 1.593999300080167, 'reg_lambda': 0.006081270362829788}. Best is trial 0 with value: 0.003355041051365275.
[I 2026-05-06 02:21:40,713] Trial 5 finished with value: -0.07992401622892173 and parameters: {'confidence_threshold': 0.6029115860358569, 'training_days': 60, 'n_estimators': 441, 'max_depth': 3, 'num_leaves': 66, 'learning_rate': 0.044953114425778824, 'subsample': 0.7098948461279406, 'min_child_samples': 15, 'reg_alpha': 4.888753565548431e-07, 'reg_lambda': 4.198190642566389}. Best is trial 0 with value: 0.003355041051365275.

  [label] 2024-11-13 08:00 BCHUSDT entry=438.9300 → LONG | long=timeout(+2.64%) short=sl(-7.56%) | scanned=22 | no_tp→fwd_return=+2.7362
  [label] 2025-02-08 08:00 BCHUSDT entry=318.0800 → LONG | long=timeout(+5.55%) short=sl(-8.16%) | scanned=22 | no_tp→fwd_return=+5.6464
  Labels: 1048 long (47.8%), 1145 short (52.2%) | weights: min=1.00, mean=3.97, max=10.00
  Features: 2193/2193 matched, 14 columns
  CV gap: 22 rows
    [trial 0] 14 features, training_days=230 | threshold=0.779 | labels: 1048 long, 1145 short (48/52%)
    [CV fold 0] train_end=2023-06-24 00:00 | val_start=2023-07-01 16:00 | gap=184h (22 rows)
    [CV fold 1] train_end=2023-10-23 16:00 | val_start=2023-10-31 08:00 | gap=184h (22 rows)
    [CV fold 2] train_end=2024-02-22 08:00 | val_start=2024-03-01 00:00 | gap=184h (22 rows)
    [CV fold 3] train_end=2024-06-23 00:00 | val_start=2024-06-30 16:00 | gap=184h (22 rows)
    [CV fold 4] train_end=2024-10-22 16:00 | val_start=2024-10-30 08:00 | gap=184h (22 rows)
    [trial 0] Sharpe=-0.0183 (folds: 0.2233, -0.1568, -0.0807, -0.0890, 0.0118)
    [trial 1] 14 features, training_days=410 | threshold=0.693 | labels: 1048 long, 1145 short (48/52%)
    [trial 1] Sharpe=0.0065 (folds: 0.2755, 0.0533, -0.1315, 0.1454, -0.3102)
    [trial 2] 14 features, training_days=270 | threshold=0.546 | labels: 1048 long, 1145 short (48/52%)
    [trial 2] Sharpe=-0.0433 (folds: 0.1514, -0.1830, -0.0386, -0.0216, -0.1247)
    [trial 3] 14 features, training_days=270 | threshold=0.600 | labels: 1048 long, 1145 short (48/52%)
    [trial 3] Sharpe=-0.0424 (folds: 0.2301, -0.2241, -0.0863, -0.0110, -0.1208)
    [trial 4] 14 features, training_days=390 | threshold=0.764 | labels: 1048 long, 1145 short (48/52%)
    [trial 4] Sharpe=-0.0327 (folds: 0.1386, -0.1736, 0.0559, 0.2550, -0.4392)
    [trial 5] 14 features, training_days=60 | threshold=0.603 | labels: 1048 long, 1145 short (48/52%)
    [trial 5] Sharpe=0.0255 (folds: -0.0102, 0.0272, 0.0316, 0.0545, 0.0244)
    [trial 6] 14 features, training_days=290 | threshold=0.738 | labels: 1048 long, 1145 short (48/52%)
    [trial 6] Sharpe=-0.0156 (folds: 0.3205, -0.0205, -0.0638, -0.0171, -0.2970)
    [trial 7] 14 features, training_days=70 | threshold=0.564 | labels: 1048 long, 1145 short (48/52%)
    [trial 7] Sharpe=-0.0075 (folds: -0.0466, 0.0550, -0.0086, -0.1291, 0.0919)
    [trial 8] 14 features, training_days=440 | threshold=0.653 | labels: 1048 long, 1145 short (48/52%)
    [trial 8] Sharpe=0.1092 (folds: 0.6693, -0.0206, -0.1493, 0.3594, -0.3126)
    [trial 9] 14 features, training_days=360 | threshold=0.728 | labels: 1048 long, 1145 short (48/52%)
    [trial 9] Sharpe=-0.1130 (folds: 0.7025, 0.0482, -0.2101, -0.6785, -0.4271)
  Optuna: 10 trials, best Sharpe = 0.1092
  Best params: n_estimators=116, max_depth=4, lr=0.0102, leaves=115
  Best confidence_threshold: 0.653
  Best training_days: 440
  Retrained on full data (1320 samples, 14 features)
  Model trained for 2025-03: 93 test candles with features, confidence_threshold=0.653
[predict] 2025-03-11 08:00 BCHUSDT → SHORT (proba=0.69 TP=17.1%/SL=8.6%)
[trade:open] 2025-03-11 15:59 BCHUSDT SHORT @ 336.31 | SL=365.12 TP=278.69 | timeout=2025-03-18 15:59
[trade:close] 2025-03-18 16:00 BCHUSDT SHORT → timeout @ 331.13 | PnL=+1.54% (net +1.44%) | cum=+6.13% 2025-03=+1.44% 2025-03-18=+1.44%
[lgbm] === Training for 2025-04 ===
  Train window: 2023-04-01 → 2025-04-01
  2193 training samples from 1 symbols
  Samples per month: 2023-04: 90, 2023-05: 93, 2023-06: 90, 2023-07: 93, 2023-08: 93, 2023-09: 90, 2023-10: 93, 2023-11: 90, 2023-12: 93, 2024-01: 93, 2024-02: 87, 2024-03: 93, 2024-04: 90, 2024-05: 93, 2024-06: 90, 2024-07: 93, 2024-08: 93, 2024-09: 90, 2024-10: 93, 2024-11: 90, 2024-12: 93, 2025-01: 93, 2025-02: 84, 2025-03: 93
  [label] 2023-06-02 08:00 BCHUSDT entry=114.1100 → SHORT | long=sl(-2.26%) short=sl(-2.26%) | scanned=9 | no_tp→fwd_return=-4.6534
  [label] 2023-06-04 16:00 BCHUSDT entry=115.6000 → SHORT | long=sl(-2.08%) short=tp(+3.86%) | scanned=2 | short_tp_only
  [label] 2023-06-08 08:00 BCHUSDT entry=112.0900 → SHORT | long=sl(-2.81%) short=tp(+5.31%) | scanned=5 | short_tp_only
  [label] 2023-07-03 08:00 BCHUSDT entry=289.9700 → SHORT | long=sl(-9.56%) short=timeout(+4.68%) | scanned=22 | no_tp→fwd_return=-4.7833
  [label] 2023-08-25 08:00 BCHUSDT entry=189.9000 → LONG | long=tp(+9.88%) short=sl(-5.09%) | scanned=12 | long_tp_only
  [label] 2024-02-09 08:00 BCHUSDT entry=251.5300 → LONG | long=sl(-2.60%) short=sl(-2.60%) | scanned=5 | no_tp→fwd_return=+7.4981
  [label] 2024-02-13 08:00 BCHUSDT entry=269.7200 → LONG | long=tp(+8.77%) short=sl(-4.53%) | scanned=3 | long_tp_only
  [label] 2024-02-24 00:00 BCHUSDT entry=266.7700 → LONG | long=tp(+8.12%) short=sl(-4.21%) | scanned=9 | long_tp_only
  [label] 2024-04-09 08:00 BCHUSDT entry=687.3700 → SHORT | long=sl(-7.47%) short=tp(+14.63%) | scanned=9 | short_tp_only
  [label] 2024-04-18 00:00 BCHUSDT entry=468.6100 → LONG | long=timeout(+1.74%) short=sl(-11.40%) | scanned=22 | no_tp→fwd_return=+1.8416
  [label] 2024-07-18 16:00 BCHUSDT entry=382.4900 → SHORT | long=sl(-5.61%) short=sl(-5.61%) | scanned=15 | no_tp→fwd_return=-4.2825
  [label] 2024-08-19 16:00 BCHUSDT entry=337.6000 → LONG | long=timeout(+1.21%) short=sl(-5.36%) | scanned=22 | no_tp→fwd_return=+1.3092
  [label] 2024-09-05 00:00 BCHUSDT entry=310.4100 → LONG | long=sl(-4.54%) short=sl(-4.54%) | scanned=14 | no_tp→fwd_return=+3.7595
  [label] 2024-09-18 00:00 BCHUSDT entry=314.3700 → LONG | long=tp(+7.07%) short=sl(-3.69%) | scanned=3 | long_tp_only
  [label] 2024-10-06 16:00 BCHUSDT entry=324.2900 → SHORT | long=timeout(-1.08%) short=timeout(+0.88%) | scanned=22 | no_tp→fwd_return=-0.9775
  [label] 2024-10-13 00:00 BCHUSDT entry=326.4800 → LONG | long=tp(+6.02%) short=sl(-3.16%) | scanned=4 | long_tp_only
  [label] 2024-10-25 08:00 BCHUSDT entry=364.7400 → LONG | long=sl(-4.07%) short=sl(-4.07%) | scanned=11 | no_tp→fwd_return=+4.1235
  [label] 2024-12-04 08:00 BCHUSDT entry=566.8700 → SHORT | long=sl(-7.90%) short=sl(-7.90%) | scanned=16 | no_tp→fwd_return=-2.7643
  [label] 2024-12-14 08:00 BCHUSDT entry=528.9700 → SHORT | long=sl(-7.85%) short=tp(+15.40%) | scanned=16 | short_tp_only
  [label] 2025-03-11 08:00 BCHUSDT entry=336.3100 → SHORT | long=timeout(-1.64%) short=timeout(+1.44%) | scanned=22 | no_tp→fwd_return=-1.5432
  Labels: 1028 long (46.9%), 1165 short (53.1%) | weights: min=1.00, mean=3.96, max=10.00
  Features: 2193/2193 matched, 14 columns
  CV gap: 22 rows
    [trial 0] 14 features, training_days=230 | threshold=0.779 | labels: 1028 long, 1165 short (47/53%)
    [CV fold 0] train_end=2023-07-25 00:00 | val_start=2023-08-01 16:00 | gap=184h (22 rows)
    [CV fold 1] train_end=2023-11-23 16:00 | val_start=2023-12-01 08:00 | gap=184h (22 rows)
    [CV fold 2] train_end=2024-03-24 08:00 | val_start=2024-04-01 00:00 | gap=184h (22 rows)
    [CV fold 3] train_end=2024-07-24 00:00 | val_start=2024-07-31 16:00 | gap=184h (22 rows)
    [CV fold 4] train_end=2024-11-22 16:00 | val_start=2024-11-30 08:00 | gap=184h (22 rows)
    [trial 0] Sharpe=0.0034 (folds: 0.0284, -0.2445, 0.1420, 0.0480, 0.0429)
    [trial 1] 14 features, training_days=410 | threshold=0.693 | labels: 1028 long, 1165 short (47/53%)
    [trial 1] Sharpe=-0.1827 (folds: -0.1198, -0.1915, -0.0111, -0.1351, -0.4559)
    [trial 2] 14 features, training_days=270 | threshold=0.546 | labels: 1028 long, 1165 short (47/53%)
    [trial 2] Sharpe=-0.0048 (folds: 0.0537, -0.1824, 0.1288, 0.0212, -0.0454)
    [trial 3] 14 features, training_days=270 | threshold=0.600 | labels: 1028 long, 1165 short (47/53%)
    [trial 3] Sharpe=-0.0365 (folds: 0.0200, -0.3110, 0.1079, -0.0640, 0.0647)
    [trial 4] 14 features, training_days=390 | threshold=0.764 | labels: 1028 long, 1165 short (47/53%)
    [trial 4] Sharpe=-0.1625 (folds: -0.1913, -0.2008, 0.1258, -0.1241, -0.4223)
    [trial 5] 14 features, training_days=60 | threshold=0.603 | labels: 1028 long, 1165 short (47/53%)
    [trial 5] Sharpe=-0.0799 (folds: 0.1208, -0.1022, -0.1139, 0.1312, -0.4355)
    [trial 6] 14 features, training_days=290 | threshold=0.738 | labels: 1028 long, 1165 short (47/53%)[I 2026-05-06 02:21:40,930] Trial 6 finished with value: -0.16972544990962077 and parameters: {'confidence_threshold': 0.7376932868314098, 'training_days': 290, 'n_estimators': 249, 'max_depth': 5, 'num_leaves': 121, 'learning_rate': 0.015565840632862623, 'subsample': 0.8390183783709677, 'min_child_samples': 19, 'reg_alpha': 1.860444687368747e-08, 'reg_lambda': 2.7391483548058117e-06}. Best is trial 0 with value: 0.003355041051365275.
[I 2026-05-06 02:21:40,964] Trial 7 finished with value: -0.13502085583543194 and parameters: {'confidence_threshold': 0.563503962036334, 'training_days': 70, 'n_estimators': 63, 'max_depth': 3, 'num_leaves': 47, 'learning_rate': 0.18074927623018475, 'subsample': 0.5059692991701257, 'min_child_samples': 9, 'reg_alpha': 3.6945804405602874e-08, 'reg_lambda': 0.027706035542028905}. Best is trial 0 with value: 0.003355041051365275.
[I 2026-05-06 02:21:41,050] Trial 8 finished with value: -0.24285230897578441 and parameters: {'confidence_threshold': 0.6525471176758836, 'training_days': 440, 'n_estimators': 116, 'max_depth': 4, 'num_leaves': 115, 'learning_rate': 0.010229952960863938, 'subsample': 0.5062159465415076, 'min_child_samples': 54, 'reg_alpha': 6.790626457822126e-06, 'reg_lambda': 1.7869141074987722e-05}. Best is trial 0 with value: 0.003355041051365275.
[I 2026-05-06 02:21:41,138] Trial 9 finished with value: -0.5129027150865875 and parameters: {'confidence_threshold': 0.7277571993354469, 'training_days': 360, 'n_estimators': 75, 'max_depth': 5, 'num_leaves': 41, 'learning_rate': 0.014186743931212992, 'subsample': 0.7445187273047605, 'min_child_samples': 22, 'reg_alpha': 0.02393227447113315, 'reg_lambda': 0.009236766173618426}. Best is trial 0 with value: 0.003355041051365275.
[I 2026-05-06 02:21:41,426] A new study created in memory with name: no-name-4fbd8cae-0a6a-4de2-b61a-bfc9c3622e9e
[I 2026-05-06 02:21:41,705] Trial 0 finished with value: -0.09473459398354073 and parameters: {'confidence_threshold': 0.7790993046299082, 'training_days': 230, 'n_estimators': 295, 'max_depth': 5, 'num_leaves': 83, 'learning_rate': 0.051543455158230854, 'subsample': 0.8773243492079463, 'min_child_samples': 10, 'reg_alpha': 0.034096514368237685, 'reg_lambda': 3.154180388637081e-05}. Best is trial 0 with value: -0.09473459398354073.
[I 2026-05-06 02:21:41,843] Trial 1 finished with value: -0.12734381978448459 and parameters: {'confidence_threshold': 0.6929247853618086, 'training_days': 410, 'n_estimators': 233, 'max_depth': 5, 'num_leaves': 108, 'learning_rate': 0.013724237108071606, 'subsample': 0.7013182233636002, 'min_child_samples': 94, 'reg_alpha': 2.4040959529260723e-06, 'reg_lambda': 5.320966582161148}. Best is trial 0 with value: -0.09473459398354073.
[I 2026-05-06 02:21:41,912] Trial 2 finished with value: -0.06822022469501471 and parameters: {'confidence_threshold': 0.546341527225763, 'training_days': 270, 'n_estimators': 120, 'max_depth': 4, 'num_leaves': 53, 'learning_rate': 0.060197068579343475, 'subsample': 0.588227873455941, 'min_child_samples': 91, 'reg_alpha': 2.3457771824819002e-08, 'reg_lambda': 1.1358840775642732e-08}. Best is trial 2 with value: -0.06822022469501471.
[I 2026-05-06 02:21:42,080] Trial 3 finished with value: -0.07052116155434172 and parameters: {'confidence_threshold': 0.6000319676300473, 'training_days': 270, 'n_estimators': 382, 'max_depth': 4, 'num_leaves': 44, 'learning_rate': 0.09185046765032388, 'subsample': 0.6743651508646724, 'min_child_samples': 77, 'reg_alpha': 0.0013974578104212739, 'reg_lambda': 8.97190257982477e-08}. Best is trial 2 with value: -0.06822022469501471.
[I 2026-05-06 02:21:42,422] Trial 4 finished with value: -0.09511115887035812 and parameters: {'confidence_threshold': 0.7642618789055509, 'training_days': 390, 'n_estimators': 464, 'max_depth': 5, 'num_leaves': 30, 'learning_rate': 0.024562383309704932, 'subsample': 0.8612975035964376, 'min_child_samples': 36, 'reg_alpha': 1.593999300080167, 'reg_lambda': 0.006081270362829788}. Best is trial 2 with value: -0.06822022469501471.
[I 2026-05-06 02:21:42,562] Trial 5 finished with value: -0.03419531797916375 and parameters: {'confidence_threshold': 0.6029115860358569, 'training_days': 60, 'n_estimators': 441, 'max_depth': 3, 'num_leaves': 66, 'learning_rate': 0.044953114425778824, 'subsample': 0.7098948461279406, 'min_child_samples': 15, 'reg_alpha': 4.888753565548431e-07, 'reg_lambda': 4.198190642566389}. Best is trial 5 with value: -0.03419531797916375.
[I 2026-05-06 02:21:42,776] Trial 6 finished with value: -0.15417696334913109 and parameters: {'confidence_threshold': 0.7376932868314098, 'training_days': 290, 'n_estimators': 249, 'max_depth': 5, 'num_leaves': 121, 'learning_rate': 0.015565840632862623, 'subsample': 0.8390183783709677, 'min_child_samples': 19, 'reg_alpha': 1.860444687368747e-08, 'reg_lambda': 2.7391483548058117e-06}. Best is trial 5 with value: -0.03419531797916375.
[I 2026-05-06 02:21:42,808] Trial 7 finished with value: -0.05641984896115445 and parameters: {'confidence_threshold': 0.563503962036334, 'training_days': 70, 'n_estimators': 63, 'max_depth': 3, 'num_leaves': 47, 'learning_rate': 0.18074927623018475, 'subsample': 0.5059692991701257, 'min_child_samples': 9, 'reg_alpha': 3.6945804405602874e-08, 'reg_lambda': 0.027706035542028905}. Best is trial 5 with value: -0.03419531797916375.
[I 2026-05-06 02:21:42,891] Trial 8 finished with value: -0.4364798056223706 and parameters: {'confidence_threshold': 0.6525471176758836, 'training_days': 440, 'n_estimators': 116, 'max_depth': 4, 'num_leaves': 115, 'learning_rate': 0.010229952960863938, 'subsample': 0.5062159465415076, 'min_child_samples': 54, 'reg_alpha': 6.790626457822126e-06, 'reg_lambda': 1.7869141074987722e-05}. Best is trial 5 with value: -0.03419531797916375.
