[I 2026-05-06 02:23:24,484] Trial 9 finished with value: -0.1281425832359355 and parameters: {'confidence_threshold': 0.7277571993354469, 'training_days': 360, 'n_estimators': 75, 'max_depth': 5, 'num_leaves': 41, 'learning_rate': 0.014186743931212992, 'subsample': 0.7445187273047605, 'min_child_samples': 22, 'reg_alpha': 0.02393227447113315, 'reg_lambda': 0.009236766173618426}. Best is trial 5 with value: 0.11742807792600547.

    [trial 5] 14 features, training_days=60 | threshold=0.603 | labels: 1095 long, 1098 short (50/50%)
    [trial 5] Sharpe=0.0294 (folds: -0.0295, 0.1239, 0.0271, 0.0070, 0.0186)
    [trial 6] 14 features, training_days=290 | threshold=0.738 | labels: 1095 long, 1098 short (50/50%)
    [trial 6] Sharpe=-0.0754 (folds: 0.0113, -0.2320, 0.1798, -0.1722, -0.1639)
    [trial 7] 14 features, training_days=70 | threshold=0.564 | labels: 1095 long, 1098 short (50/50%)
    [trial 7] Sharpe=0.0180 (folds: 0.0008, 0.0295, 0.0077, -0.0004, 0.0527)
    [trial 8] 14 features, training_days=440 | threshold=0.653 | labels: 1095 long, 1098 short (50/50%)
    [trial 8] Sharpe=-0.0828 (folds: 0.1456, -0.4372, -0.0969, 0.3859, -0.4115)
    [trial 9] 14 features, training_days=360 | threshold=0.728 | labels: 1095 long, 1098 short (50/50%)
    [trial 9] Sharpe=-0.1998 (folds: 0.1054, -0.3777, -0.3378, 0.0443, -0.4331)
  Optuna: 10 trials, best Sharpe = 0.0294
  Best params: n_estimators=441, max_depth=3, lr=0.0450, leaves=66
  Best confidence_threshold: 0.603
  Best training_days: 60
  Retrained on full data (180 samples, 14 features)
  Model trained for 2025-09: 90 test candles with features, confidence_threshold=0.603
[predict] 2025-09-05 08:00 MKRUSDT → LONG (proba=0.98 TP=11.4%/SL=5.7%)
[trade:open] 2025-09-05 15:59 MKRUSDT LONG @ 1713.30 | SL=1615.60 TP=1908.70 | timeout=2025-09-12 15:59
[trade:close] 2025-09-12 16:00 MKRUSDT LONG → timeout @ 1650.10 | PnL=-3.69% (net -3.79%) | cum=-49.36% 2025-09=-3.79% 2025-09-12=-3.79%
[lgbm] === Training for 2025-10 ===
  Train window: 2023-10-01 → 2025-10-01
  2193 training samples from 1 symbols
  Samples per month: 2023-10: 93, 2023-11: 90, 2023-12: 93, 2024-01: 93, 2024-02: 87, 2024-03: 93, 2024-04: 90, 2024-05: 93, 2024-06: 90, 2024-07: 93, 2024-08: 93, 2024-09: 90, 2024-10: 93, 2024-11: 90, 2024-12: 93, 2025-01: 93, 2025-02: 84, 2025-03: 93, 2025-04: 90, 2025-05: 93, 2025-06: 90, 2025-07: 93, 2025-08: 93, 2025-09: 90
  [label] 2023-12-02 08:00 MKRUSDT entry=1529.1000 → SHORT | long=sl(-3.46%) short=tp(+6.62%) | scanned=12 | short_tp_only
  [label] 2023-12-04 16:00 MKRUSDT entry=1486.3000 → SHORT | long=sl(-3.43%) short=tp(+6.56%) | scanned=19 | short_tp_only
  [label] 2023-12-08 08:00 MKRUSDT entry=1434.5000 → SHORT | long=sl(-3.62%) short=sl(-3.62%) | scanned=8 | no_tp→fwd_return=-6.3018
  [label] 2024-01-02 08:00 MKRUSDT entry=1620.0000 → LONG | long=tp(+10.04%) short=sl(-5.17%) | scanned=1 | long_tp_only
  [label] 2024-02-24 08:00 MKRUSDT entry=2030.4000 → LONG | long=tp(+8.04%) short=sl(-4.17%) | scanned=9 | long_tp_only
  [label] 2024-08-10 08:00 MKRUSDT entry=1969.4000 → SHORT | long=timeout(-1.66%) short=sl(-7.92%) | scanned=22 | no_tp→fwd_return=-1.5589
  [label] 2024-08-14 08:00 MKRUSDT entry=2058.3000 → SHORT | long=sl(-6.84%) short=timeout(+4.47%) | scanned=22 | no_tp→fwd_return=-4.5717
  [label] 2024-08-25 00:00 MKRUSDT entry=2087.3000 → SHORT | long=sl(-4.93%) short=tp(+9.57%) | scanned=9 | short_tp_only
  [label] 2024-10-09 08:00 MKRUSDT entry=1387.8000 → SHORT | long=sl(-4.41%) short=timeout(+7.04%) | scanned=22 | no_tp→fwd_return=-7.1408
  [label] 2024-10-18 00:00 MKRUSDT entry=1208.3000 → SHORT | long=sl(-5.03%) short=timeout(+7.90%) | scanned=22 | no_tp→fwd_return=-8.0030
  [label] 2025-01-17 16:00 MKRUSDT entry=1461.9000 → SHORT | long=sl(-4.44%) short=tp(+8.57%) | scanned=5 | short_tp_only
  [label] 2025-02-18 16:00 MKRUSDT entry=1118.1000 → LONG | long=tp(+10.64%) short=sl(-5.47%) | scanned=5 | long_tp_only
  [label] 2025-03-07 00:00 MKRUSDT entry=1288.3000 → SHORT | long=sl(-11.10%) short=timeout(+11.45%) | scanned=22 | no_tp→fwd_return=-11.5501
  [label] 2025-03-20 00:00 MKRUSDT entry=1277.7000 → LONG | long=sl(-6.98%) short=sl(-6.98%) | scanned=19 | no_tp→fwd_return=+4.5551
  [label] 2025-04-07 16:00 MKRUSDT entry=1232.3000 → LONG | long=tp(+17.24%) short=sl(-8.77%) | scanned=6 | long_tp_only
  [label] 2025-04-14 00:00 MKRUSDT entry=1389.9000 → LONG | long=timeout(+0.63%) short=timeout(-0.83%) | scanned=22 | no_tp→fwd_return=+0.7339
  [label] 2025-04-26 08:00 MKRUSDT entry=1502.7000 → LONG | long=timeout(+1.79%) short=sl(-5.09%) | scanned=22 | no_tp→fwd_return=+1.8899
  [label] 2025-06-05 08:00 MKRUSDT entry=1821.7000 → LONG | long=sl(-5.95%) short=sl(-5.95%) | scanned=13 | no_tp→fwd_return=+6.6861
  [label] 2025-06-15 08:00 MKRUSDT entry=2106.6000 → SHORT | long=sl(-6.68%) short=sl(-6.68%) | scanned=9 | no_tp→fwd_return=-6.2233
  [label] 2025-09-10 08:00 MKRUSDT entry=1650.1000 → LONG | long=timeout(-0.10%) short=timeout(-0.10%) | scanned=22 | no_tp→fwd_return=+0.0000
  Labels: 1099 long (50.1%), 1094 short (49.9%) | weights: min=1.00, mean=3.96, max=10.00
  Features: 2193/2193 matched, 14 columns
  CV gap: 22 rows
    [trial 0] 14 features, training_days=230 | threshold=0.779 | labels: 1099 long, 1094 short (50/50%)
    [CV fold 0] train_end=2024-01-24 00:00 | val_start=2024-01-31 16:00 | gap=184h (22 rows)
    [CV fold 1] train_end=2024-05-24 16:00 | val_start=2024-06-01 08:00 | gap=184h (22 rows)
    [CV fold 2] train_end=2024-09-23 08:00 | val_start=2024-10-01 00:00 | gap=184h (22 rows)
    [CV fold 3] train_end=2025-01-23 00:00 | val_start=2025-01-30 16:00 | gap=184h (22 rows)
    [CV fold 4] train_end=2025-05-24 16:00 | val_start=2025-06-01 08:00 | gap=184h (22 rows)
    [trial 0] Sharpe=-0.0311 (folds: 0.0355, -0.0968, 0.0258, -0.0738, -0.0461)
    [trial 1] 14 features, training_days=410 | threshold=0.693 | labels: 1099 long, 1094 short (50/50%)
    [trial 1] Sharpe=-0.0605 (folds: 0.0527, -0.3919, 0.3547, -0.1448, -0.1734)
    [trial 2] 14 features, training_days=270 | threshold=0.546 | labels: 1099 long, 1094 short (50/50%)
    [trial 2] Sharpe=-0.0482 (folds: 0.0336, -0.3480, 0.2318, -0.0618, -0.0965)
    [trial 3] 14 features, training_days=270 | threshold=0.600 | labels: 1099 long, 1094 short (50/50%)
    [trial 3] Sharpe=-0.0303 (folds: -0.0084, -0.3262, 0.2093, -0.0291, 0.0029)
    [trial 4] 14 features, training_days=390 | threshold=0.764 | labels: 1099 long, 1094 short (50/50%)
    [trial 4] Sharpe=-0.1621 (folds: 0.0323, -0.4855, 0.1246, -0.1659, -0.3160)
    [trial 5] 14 features, training_days=60 | threshold=0.603 | labels: 1099 long, 1094 short (50/50%)
    [trial 5] Sharpe=0.1174 (folds: 0.1009, 0.1387, 0.3428, -0.0479, 0.0527)
    [trial 6] 14 features, training_days=290 | threshold=0.738 | labels: 1099 long, 1094 short (50/50%)
    [trial 6] Sharpe=-0.0433 (folds: 0.1110, -0.2697, 0.2591, -0.0187, -0.2982)
    [trial 7] 14 features, training_days=70 | threshold=0.564 | labels: 1099 long, 1094 short (50/50%)
    [trial 7] Sharpe=-0.0076 (folds: 0.0163, 0.0175, 0.2245, -0.3137, 0.0173)
    [trial 8] 14 features, training_days=440 | threshold=0.653 | labels: 1099 long, 1094 short (50/50%)
    [trial 8] Sharpe=-0.0219 (folds: 0.0739, -0.3629, 0.2351, 0.1567, -0.2124)
    [trial 9] 14 features, training_days=360 | threshold=0.728 | labels: 1099 long, 1094 short (50/50%)
    [trial 9] Sharpe=-0.1281 (folds: 0.0845, -0.5663, -0.1614, -0.0102, 0.0125)
  Optuna: 10 trials, best Sharpe = 0.1174
  Best params: n_estimators=441, max_depth=3, lr=0.0450, leaves=66
  Best confidence_threshold: 0.603
  Best training_days: 60
  Retrained on full data (180 samples, 14 features)
  Model trained for 2025-10: 93 test candles with features, confidence_threshold=0.603
[lgbm] === Training for 2025-11 ===
  Train window: 2023-11-01 → 2025-11-01
  2193 training samples from 1 symbols
  Samples per month: 2023-11: 90, 2023-12: 93, 2024-01: 93, 2024-02: 87, 2024-03: 93, 2024-04: 90, 2024-05: 93, 2024-06: 90, 2024-07: 93, 2024-08: 93, 2024-09: 90, 2024-10: 93, 2024-11: 90, 2024-12: 93, 2025-01: 93, 2025-02: 84, 2025-03: 93, 2025-04: 90, 2025-05: 93, 2025-06: 90, 2025-07: 93, 2025-08: 93, 2025-09: 90, 2025-10: 93
  [label] 2024-01-02 08:00 MKRUSDT entry=1620.0000 → LONG | long=tp(+10.04%) short=sl(-5.17%) | scanned=1 | long_tp_only
  [label] 2024-01-04 16:00 MKRUSDT entry=1777.1000 → LONG | long=tp(+14.83%) short=sl(-7.56%) | scanned=18 | long_tp_only
  [label] 2024-01-08 08:00 MKRUSDT entry=1761.6000 → LONG | long=tp(+15.40%) short=sl(-7.85%) | scanned=7 | long_tp_only[I 2026-05-06 02:23:24,838] A new study created in memory with name: no-name-1a576ef3-e6c2-45cf-a2d9-8923c65ea590
[I 2026-05-06 02:23:25,096] Trial 0 finished with value: -0.07704656718221012 and parameters: {'confidence_threshold': 0.7790993046299082, 'training_days': 230, 'n_estimators': 295, 'max_depth': 5, 'num_leaves': 83, 'learning_rate': 0.051543455158230854, 'subsample': 0.8773243492079463, 'min_child_samples': 10, 'reg_alpha': 0.034096514368237685, 'reg_lambda': 3.154180388637081e-05}. Best is trial 0 with value: -0.07704656718221012.
[I 2026-05-06 02:23:25,246] Trial 1 finished with value: 0.006494224514496277 and parameters: {'confidence_threshold': 0.6929247853618086, 'training_days': 410, 'n_estimators': 233, 'max_depth': 5, 'num_leaves': 108, 'learning_rate': 0.013724237108071606, 'subsample': 0.7013182233636002, 'min_child_samples': 94, 'reg_alpha': 2.4040959529260723e-06, 'reg_lambda': 5.320966582161148}. Best is trial 1 with value: 0.006494224514496277.
[I 2026-05-06 02:23:25,309] Trial 2 finished with value: -0.006765273518232312 and parameters: {'confidence_threshold': 0.546341527225763, 'training_days': 270, 'n_estimators': 120, 'max_depth': 4, 'num_leaves': 53, 'learning_rate': 0.060197068579343475, 'subsample': 0.588227873455941, 'min_child_samples': 91, 'reg_alpha': 2.3457771824819002e-08, 'reg_lambda': 1.1358840775642732e-08}. Best is trial 1 with value: 0.006494224514496277.
[I 2026-05-06 02:23:25,489] Trial 3 finished with value: 0.03106125705706892 and parameters: {'confidence_threshold': 0.6000319676300473, 'training_days': 270, 'n_estimators': 382, 'max_depth': 4, 'num_leaves': 44, 'learning_rate': 0.09185046765032388, 'subsample': 0.6743651508646724, 'min_child_samples': 77, 'reg_alpha': 0.0013974578104212739, 'reg_lambda': 8.97190257982477e-08}. Best is trial 3 with value: 0.03106125705706892.
[I 2026-05-06 02:23:25,866] Trial 4 finished with value: 0.03532041516436105 and parameters: {'confidence_threshold': 0.7642618789055509, 'training_days': 390, 'n_estimators': 464, 'max_depth': 5, 'num_leaves': 30, 'learning_rate': 0.024562383309704932, 'subsample': 0.8612975035964376, 'min_child_samples': 36, 'reg_alpha': 1.593999300080167, 'reg_lambda': 0.006081270362829788}. Best is trial 4 with value: 0.03532041516436105.
[I 2026-05-06 02:23:26,024] Trial 5 finished with value: 0.04621343493237751 and parameters: {'confidence_threshold': 0.6029115860358569, 'training_days': 60, 'n_estimators': 441, 'max_depth': 3, 'num_leaves': 66, 'learning_rate': 0.044953114425778824, 'subsample': 0.7098948461279406, 'min_child_samples': 15, 'reg_alpha': 4.888753565548431e-07, 'reg_lambda': 4.198190642566389}. Best is trial 5 with value: 0.04621343493237751.
[I 2026-05-06 02:23:26,263] Trial 6 finished with value: 0.020419864637513517 and parameters: {'confidence_threshold': 0.7376932868314098, 'training_days': 290, 'n_estimators': 249, 'max_depth': 5, 'num_leaves': 121, 'learning_rate': 0.015565840632862623, 'subsample': 0.8390183783709677, 'min_child_samples': 19, 'reg_alpha': 1.860444687368747e-08, 'reg_lambda': 2.7391483548058117e-06}. Best is trial 5 with value: 0.04621343493237751.
[I 2026-05-06 02:23:26,298] Trial 7 finished with value: -0.023379850936942278 and parameters: {'confidence_threshold': 0.563503962036334, 'training_days': 70, 'n_estimators': 63, 'max_depth': 3, 'num_leaves': 47, 'learning_rate': 0.18074927623018475, 'subsample': 0.5059692991701257, 'min_child_samples': 9, 'reg_alpha': 3.6945804405602874e-08, 'reg_lambda': 0.027706035542028905}. Best is trial 5 with value: 0.04621343493237751.
[I 2026-05-06 02:23:26,395] Trial 8 finished with value: -0.050546995487014655 and parameters: {'confidence_threshold': 0.6525471176758836, 'training_days': 440, 'n_estimators': 116, 'max_depth': 4, 'num_leaves': 115, 'learning_rate': 0.010229952960863938, 'subsample': 0.5062159465415076, 'min_child_samples': 54, 'reg_alpha': 6.790626457822126e-06, 'reg_lambda': 1.7869141074987722e-05}. Best is trial 5 with value: 0.04621343493237751.
[I 2026-05-06 02:23:26,496] Trial 9 finished with value: 0.08119324871137537 and parameters: {'confidence_threshold': 0.7277571993354469, 'training_days': 360, 'n_estimators': 75, 'max_depth': 5, 'num_leaves': 41, 'learning_rate': 0.014186743931212992, 'subsample': 0.7445187273047605, 'min_child_samples': 22, 'reg_alpha': 0.02393227447113315, 'reg_lambda': 0.009236766173618426}. Best is trial 9 with value: 0.08119324871137537.

  [label] 2024-02-02 08:00 MKRUSDT entry=2000.6000 → SHORT | long=sl(-3.79%) short=timeout(+2.09%) | scanned=22 | no_tp→fwd_return=-2.1893
  [label] 2024-03-26 08:00 MKRUSDT entry=3238.0000 → LONG | long=tp(+13.60%) short=sl(-6.95%) | scanned=7 | long_tp_only
  [label] 2024-09-10 08:00 MKRUSDT entry=1571.6000 → SHORT | long=timeout(-1.41%) short=sl(-5.07%) | scanned=22 | no_tp→fwd_return=-1.3108
  [label] 2024-09-14 08:00 MKRUSDT entry=1599.6000 → SHORT | long=sl(-4.59%) short=tp(+8.88%) | scanned=12 | short_tp_only
  [label] 2024-09-25 00:00 MKRUSDT entry=1564.2000 → LONG | long=tp(+9.58%) short=sl(-4.94%) | scanned=8 | long_tp_only
  [label] 2024-11-09 08:00 MKRUSDT entry=1477.6000 → LONG | long=timeout(+2.26%) short=sl(-6.10%) | scanned=22 | no_tp→fwd_return=+2.3552
  [label] 2024-11-18 00:00 MKRUSDT entry=1520.0000 → LONG | long=tp(+12.64%) short=sl(-6.47%) | scanned=12 | long_tp_only
  [label] 2025-02-17 16:00 MKRUSDT entry=1046.3000 → LONG | long=tp(+10.79%) short=sl(-5.54%) | scanned=4 | long_tp_only
  [label] 2025-03-21 16:00 MKRUSDT entry=1228.2000 → LONG | long=tp(+13.60%) short=sl(-6.95%) | scanned=16 | long_tp_only
  [label] 2025-04-07 00:00 MKRUSDT entry=1067.7000 → LONG | long=tp(+17.87%) short=sl(-9.09%) | scanned=1 | long_tp_only
  [label] 2025-04-20 00:00 MKRUSDT entry=1356.1000 → LONG | long=tp(+10.05%) short=sl(-5.17%) | scanned=9 | long_tp_only
  [label] 2025-05-08 16:00 MKRUSDT entry=1704.8000 → LONG | long=tp(+9.22%) short=sl(-4.76%) | scanned=6 | long_tp_only
  [label] 2025-05-15 00:00 MKRUSDT entry=1792.9000 → SHORT | long=sl(-6.19%) short=sl(-6.19%) | scanned=11 | no_tp→fwd_return=-2.7386
  [label] 2025-05-27 08:00 MKRUSDT entry=1685.5000 → LONG | long=sl(-5.55%) short=sl(-5.55%) | scanned=19 | no_tp→fwd_return=+3.1741
  [label] 2025-07-06 08:00 MKRUSDT entry=1852.9000 → LONG | long=tp(+10.46%) short=sl(-5.38%) | scanned=14 | long_tp_only
  [label] 2025-07-16 08:00 MKRUSDT entry=1890.7000 → LONG | long=tp(+9.98%) short=sl(-5.14%) | scanned=5 | long_tp_only
  [label] 2025-10-11 08:00 MKRUSDT entry=1650.1000 → LONG | long=timeout(-0.10%) short=timeout(-0.10%) | scanned=22 | no_tp→fwd_return=+0.0000
  Labels: 1146 long (52.3%), 1047 short (47.7%) | weights: min=1.00, mean=3.87, max=10.00
  Features: 2193/2193 matched, 14 columns
  CV gap: 22 rows
    [trial 0] 14 features, training_days=230 | threshold=0.779 | labels: 1146 long, 1047 short (52/48%)
    [CV fold 0] train_end=2024-02-24 00:00 | val_start=2024-03-02 16:00 | gap=184h (22 rows)
    [CV fold 1] train_end=2024-06-24 16:00 | val_start=2024-07-02 08:00 | gap=184h (22 rows)
    [CV fold 2] train_end=2024-10-24 08:00 | val_start=2024-11-01 00:00 | gap=184h (22 rows)
    [CV fold 3] train_end=2025-02-23 00:00 | val_start=2025-03-02 16:00 | gap=184h (22 rows)
    [CV fold 4] train_end=2025-06-24 16:00 | val_start=2025-07-02 08:00 | gap=184h (22 rows)
    [trial 0] Sharpe=-0.0770 (folds: 0.0668, -0.1448, -0.2380, -0.0139, -0.0553)
    [trial 1] 14 features, training_days=410 | threshold=0.693 | labels: 1146 long, 1047 short (52/48%)
    [trial 1] Sharpe=0.0065 (folds: 0.0002, -0.4155, 0.6666, -0.0012, -0.2176)
    [trial 2] 14 features, training_days=270 | threshold=0.546 | labels: 1146 long, 1047 short (52/48%)
    [trial 2] Sharpe=-0.0068 (folds: 0.0131, -0.1305, 0.1517, 0.0398, -0.1078)
    [trial 3] 14 features, training_days=270 | threshold=0.600 | labels: 1146 long, 1047 short (52/48%)
    [trial 3] Sharpe=0.0311 (folds: -0.0468, -0.0540, 0.1852, 0.0738, -0.0030)
    [trial 4] 14 features, training_days=390 | threshold=0.764 | labels: 1146 long, 1047 short (52/48%)
    [trial 4] Sharpe=0.0353 (folds: -0.0733, -0.0750, 0.3756, -0.0038, -0.0468)
    [trial 5] 14 features, training_days=60 | threshold=0.603 | labels: 1146 long, 1047 short (52/48%)
    [trial 5] Sharpe=0.0462 (folds: -0.0632, -0.0267, 0.1089, 0.1194, 0.0927)
    [trial 6] 14 features, training_days=290 | threshold=0.738 | labels: 1146 long, 1047 short (52/48%)
    [trial 6] Sharpe=0.0204 (folds: 0.0235, 0.0177, 0.2357, 0.2331, -0.4078)
    [trial 7] 14 features, training_days=70 | threshold=0.564 | labels: 1146 long, 1047 short (52/48%)
    [trial 7] Sharpe=-0.0234 (folds: -0.2658, -0.0443, 0.0819, 0.0071, 0.1042)
    [trial 8] 14 features, training_days=440 | threshold=0.653 | labels: 1146 long, 1047 short (52/48%)
    [trial 8] Sharpe=-0.0505 (folds: -0.0428, -0.2658, 0.4425, -0.0675, -0.3191)
    [trial 9] 14 features, training_days=360 | threshold=0.728 | labels: 1146 long, 1047 short (52/48%)
    [trial 9] Sharpe=0.0812 (folds: 0.0480, -0.4439, 0.9334, -0.0467, -0.0849)
  Optuna: 10 trials, best Sharpe = 0.0812
  Best params: n_estimators=75, max_depth=5, lr=0.0142, leaves=41
  Best confidence_threshold: 0.728
  Best training_days: 360
  Retrained on full data (1080 samples, 14 features)
  Model trained for 2025-11: 90 test candles with features, confidence_threshold=0.728
[lgbm] === Training for 2025-12 ===
  Train window: 2023-12-01 → 2025-12-01
  2193 training samples from 1 symbols
  Samples per month: 2023-12: 93, 2024-01: 93, 2024-02: 87, 2024-03: 93, 2024-04: 90, 2024-05: 93, 2024-06: 90, 2024-07: 93, 2024-08: 93, 2024-09: 90, 2024-10: 93, 2024-11: 90, 2024-12: 93, 2025-01: 93, 2025-02: 84, 2025-03: 93, 2025-04: 90, 2025-05: 93, 2025-06: 90, 2025-07: 93, 2025-08: 93, 2025-09: 90, 2025-10: 93, 2025-11: 90
  [label] 2024-02-01 08:00 MKRUSDT entry=1957.5000 → SHORT | long=timeout(-0.91%) short=timeout(+0.71%) | scanned=22 | no_tp→fwd_return=-0.8072
  [label] 2024-02-03 16:00 MKRUSDT entry=2007.2000 → SHORT | long=sl(-3.54%) short=timeout(-0.10%) | scanned=22 | no_tp→fwd_return=-0.0050
  [label] 2024-02-07 08:00 MKRUSDT entry=1927.6000 → LONG | long=tp(+6.32%) short=sl(-3.31%) | scanned=16 | long_tp_only
  [label] 2024-03-03 08:00 MKRUSDT entry=2075.2000 → SHORT | long=sl(-4.61%) short=sl(-4.61%) | scanned=7 | no_tp→fwd_return=-3.7683
  [label] 2024-04-25 08:00 MKRUSDT entry=2871.3000 → SHORT | long=sl(-6.64%) short=sl(-6.64%) | scanned=15 | no_tp→fwd_return=-6.8680
  [label] 2024-10-10 08:00 MKRUSDT entry=1362.9000 → SHORT | long=sl(-4.46%) short=sl(-4.46%) | scanned=16 | no_tp→fwd_return=-2.8028
  [label] 2024-10-14 08:00 MKRUSDT entry=1369.6000 → SHORT | long=sl(-3.92%) short=sl(-3.92%) | scanned=4 | no_tp→fwd_return=-3.2783
  [label] 2024-10-25 00:00 MKRUSDT entry=1111.6000 → SHORT | long=sl(-4.77%) short=tp(+9.24%) | scanned=2 | short_tp_only
  [label] 2024-12-09 08:00 MKRUSDT entry=2038.0000 → SHORT | long=sl(-7.60%) short=tp(+14.90%) | scanned=1 | short_tp_only
  [label] 2024-12-18 00:00 MKRUSDT entry=1733.4000 → SHORT | long=sl(-9.27%) short=timeout(+5.48%) | scanned=22 | no_tp→fwd_return=-5.5844
  [label] 2025-03-19 16:00 MKRUSDT entry=1288.9000 → LONG | long=sl(-7.09%) short=sl(-7.09%) | scanned=20 | no_tp→fwd_return=+3.6465
  [label] 2025-04-20 16:00 MKRUSDT entry=1353.0000 → LONG | long=tp(+9.61%) short=sl(-4.96%) | scanned=7 | long_tp_only
  [label] 2025-05-07 00:00 MKRUSDT entry=1492.4000 → LONG | long=tp(+9.19%) short=sl(-4.74%) | scanned=4 | long_tp_only
  [label] 2025-05-20 00:00 MKRUSDT entry=1766.3000 → SHORT | long=sl(-6.31%) short=timeout(+6.38%) | scanned=22 | no_tp→fwd_return=-6.4825
  [label] 2025-06-07 16:00 MKRUSDT entry=1765.7000 → LONG | long=tp(+12.35%) short=sl(-6.33%) | scanned=7 | long_tp_only
  [label] 2025-06-14 00:00 MKRUSDT entry=2130.5000 → SHORT | long=sl(-6.84%) short=sl(-6.84%) | scanned=11 | no_tp→fwd_return=-5.1021
  [label] 2025-06-26 08:00 MKRUSDT entry=1854.8000 → LONG | long=timeout(+4.23%) short=sl(-7.73%) | scanned=22 | no_tp→fwd_return=+4.3293
  [label] 2025-08-05 08:00 MKRUSDT entry=1852.1000 → LONG | long=tp(+11.80%) short=sl(-6.05%) | scanned=11 | long_tp_only
  [label] 2025-08-15 08:00 MKRUSDT entry=1797.5000 → SHORT | long=sl(-5.92%) short=tp(+11.54%) | scanned=15 | short_tp_only
  [label] 2025-11-10 08:00 MKRUSDT entry=1650.1000 → LONG | long=timeout(-0.10%) short=timeout(-0.10%) | scanned=22 | no_tp→fwd_return=+0.0000
  Labels: 1161 long (52.9%), 1032 short (47.1%) | weights: min=1.00, mean=3.78, max=10.00
  Features: 2193/2193 matched, 14 columns[I 2026-05-06 02:23:26,851] A new study created in memory with name: no-name-23786ba4-25b4-4329-a016-123dee03c82a
[I 2026-05-06 02:23:27,116] Trial 0 finished with value: -0.04079303141194917 and parameters: {'confidence_threshold': 0.7790993046299082, 'training_days': 230, 'n_estimators': 295, 'max_depth': 5, 'num_leaves': 83, 'learning_rate': 0.051543455158230854, 'subsample': 0.8773243492079463, 'min_child_samples': 10, 'reg_alpha': 0.034096514368237685, 'reg_lambda': 3.154180388637081e-05}. Best is trial 0 with value: -0.04079303141194917.
