[I 2026-05-06 02:23:55,580] Trial 9 finished with value: -0.006995251510399603 and parameters: {'confidence_threshold': 0.7277571993354469, 'training_days': 360, 'n_estimators': 75, 'max_depth': 5, 'num_leaves': 41, 'learning_rate': 0.014186743931212992, 'subsample': 0.7445187273047605, 'min_child_samples': 22, 'reg_alpha': 0.02393227447113315, 'reg_lambda': 0.009236766173618426}. Best is trial 1 with value: 0.016059595139671177.

  [label] 2023-06-02 08:00 LDOUSDT entry=2.2938 → SHORT | long=sl(-5.15%) short=tp(+10.00%) | scanned=10 | short_tp_only
  [label] 2023-06-04 16:00 LDOUSDT entry=2.2737 → LONG | long=sl(-5.06%) short=sl(-5.06%) | scanned=5 | no_tp→fwd_return=+4.1518
  [label] 2023-06-08 08:00 LDOUSDT entry=2.2175 → SHORT | long=sl(-6.42%) short=tp(+12.53%) | scanned=5 | short_tp_only
  [label] 2023-07-03 08:00 LDOUSDT entry=2.1928 → SHORT | long=sl(-5.96%) short=tp(+11.61%) | scanned=10 | short_tp_only
  [label] 2023-08-25 08:00 LDOUSDT entry=1.5434 → SHORT | long=timeout(-0.96%) short=sl(-5.07%) | scanned=22 | no_tp→fwd_return=-0.8617
  [label] 2024-02-09 08:00 LDOUSDT entry=2.9814 → LONG | long=sl(-5.16%) short=sl(-5.16%) | scanned=10 | no_tp→fwd_return=+4.8903
  [label] 2024-02-13 08:00 LDOUSDT entry=3.1492 → LONG | long=tp(+9.86%) short=sl(-5.08%) | scanned=19 | long_tp_only
  [label] 2024-02-24 00:00 LDOUSDT entry=3.1768 → LONG | long=tp(+13.57%) short=sl(-6.93%) | scanned=8 | long_tp_only
  [label] 2024-04-09 08:00 LDOUSDT entry=2.7906 → SHORT | long=sl(-7.58%) short=tp(+14.86%) | scanned=10 | short_tp_only
  [label] 2024-04-18 00:00 LDOUSDT entry=1.9001 → LONG | long=timeout(+4.28%) short=sl(-11.85%) | scanned=22 | no_tp→fwd_return=+4.3840
  [label] 2024-07-18 16:00 LDOUSDT entry=1.9153 → SHORT | long=sl(-7.39%) short=tp(+14.48%) | scanned=18 | short_tp_only
  [label] 2024-08-19 16:00 LDOUSDT entry=1.0520 → LONG | long=tp(+13.93%) short=sl(-7.11%) | scanned=10 | long_tp_only
  [label] 2024-09-05 00:00 LDOUSDT entry=1.0009 → LONG | long=sl(-7.23%) short=timeout(-2.18%) | scanned=22 | no_tp→fwd_return=+2.0781
  [label] 2024-09-18 00:00 LDOUSDT entry=0.9735 → LONG | long=tp(+10.84%) short=sl(-5.57%) | scanned=6 | long_tp_only
  [label] 2024-10-06 16:00 LDOUSDT entry=1.0810 → SHORT | long=timeout(-3.11%) short=timeout(+2.91%) | scanned=22 | no_tp→fwd_return=-3.0065
  [label] 2024-10-13 00:00 LDOUSDT entry=1.0611 → LONG | long=tp(+11.33%) short=sl(-5.82%) | scanned=5 | long_tp_only
  [label] 2024-10-25 08:00 LDOUSDT entry=1.0752 → LONG | long=sl(-5.55%) short=sl(-5.55%) | scanned=15 | no_tp→fwd_return=+5.4781
  [label] 2024-12-04 08:00 LDOUSDT entry=2.2142 → SHORT | long=sl(-8.44%) short=tp(+16.58%) | scanned=16 | short_tp_only
  [label] 2024-12-14 08:00 LDOUSDT entry=2.2014 → SHORT | long=sl(-9.99%) short=sl(-9.99%) | scanned=12 | no_tp→fwd_return=-8.2311
  [label] 2025-03-11 08:00 LDOUSDT entry=0.9027 → LONG | long=timeout(+0.29%) short=timeout(-0.49%) | scanned=22 | no_tp→fwd_return=+0.3877
  Labels: 1058 long (48.2%), 1135 short (51.8%) | weights: min=1.00, mean=4.34, max=10.00
  Features: 2193/2193 matched, 14 columns
  CV gap: 22 rows
    [trial 0] 14 features, training_days=230 | threshold=0.779 | labels: 1058 long, 1135 short (48/52%)
    [CV fold 0] train_end=2023-07-25 00:00 | val_start=2023-08-01 16:00 | gap=184h (22 rows)
    [CV fold 1] train_end=2023-11-23 16:00 | val_start=2023-12-01 08:00 | gap=184h (22 rows)
    [CV fold 2] train_end=2024-03-24 08:00 | val_start=2024-04-01 00:00 | gap=184h (22 rows)
    [CV fold 3] train_end=2024-07-24 00:00 | val_start=2024-07-31 16:00 | gap=184h (22 rows)
    [CV fold 4] train_end=2024-11-22 16:00 | val_start=2024-11-30 08:00 | gap=184h (22 rows)
    [trial 0] Sharpe=-0.0456 (folds: -0.0999, -0.0157, -0.1472, 0.0728, -0.0379)
    [trial 1] 14 features, training_days=410 | threshold=0.693 | labels: 1058 long, 1135 short (48/52%)
    [trial 1] Sharpe=0.0161 (folds: -0.1697, -0.0143, 0.0654, 0.0753, 0.1236)
    [trial 2] 14 features, training_days=270 | threshold=0.546 | labels: 1058 long, 1135 short (48/52%)
    [trial 2] Sharpe=-0.0812 (folds: -0.3373, -0.0162, 0.0122, -0.1936, 0.1292)
    [trial 3] 14 features, training_days=270 | threshold=0.600 | labels: 1058 long, 1135 short (48/52%)
    [trial 3] Sharpe=-0.0981 (folds: -0.3401, 0.0153, 0.0385, -0.2470, 0.0429)
    [trial 4] 14 features, training_days=390 | threshold=0.764 | labels: 1058 long, 1135 short (48/52%)
    [trial 4] Sharpe=-0.0443 (folds: -0.2175, -0.0036, -0.0049, -0.0628, 0.0671)
    [trial 5] 14 features, training_days=60 | threshold=0.603 | labels: 1058 long, 1135 short (48/52%)
    [trial 5] Sharpe=-0.0392 (folds: -0.1637, -0.0241, 0.0333, -0.1001, 0.0588)
    [trial 6] 14 features, training_days=290 | threshold=0.738 | labels: 1058 long, 1135 short (48/52%)
    [trial 6] Sharpe=0.0022 (folds: 0.0135, -0.0512, -0.0150, -0.0830, 0.1467)
    [trial 7] 14 features, training_days=70 | threshold=0.564 | labels: 1058 long, 1135 short (48/52%)
    [trial 7] Sharpe=-0.0006 (folds: -0.1903, 0.0165, 0.2556, 0.0191, -0.1041)
    [trial 8] 14 features, training_days=440 | threshold=0.653 | labels: 1058 long, 1135 short (48/52%)
    [trial 8] Sharpe=-0.0392 (folds: -0.0928, -0.1308, 0.0534, -0.1340, 0.1084)
    [trial 9] 14 features, training_days=360 | threshold=0.728 | labels: 1058 long, 1135 short (48/52%)
    [trial 9] Sharpe=-0.0070 (folds: -0.1407, 0.0820, -0.0520, 0.0899, -0.0141)
  Optuna: 10 trials, best Sharpe = 0.0161
  Best params: n_estimators=233, max_depth=5, lr=0.0137, leaves=108
  Best confidence_threshold: 0.693
  Best training_days: 410
  Retrained on full data (1230 samples, 14 features)
  Model trained for 2025-04: 90 test candles with features, confidence_threshold=0.693
[lgbm] === Training for 2025-05 ===
  Train window: 2023-05-01 → 2025-05-01
  2193 training samples from 1 symbols
  Samples per month: 2023-05: 93, 2023-06: 90, 2023-07: 93, 2023-08: 93, 2023-09: 90, 2023-10: 93, 2023-11: 90, 2023-12: 93, 2024-01: 93, 2024-02: 87, 2024-03: 93, 2024-04: 90, 2024-05: 93, 2024-06: 90, 2024-07: 93, 2024-08: 93, 2024-09: 90, 2024-10: 93, 2024-11: 90, 2024-12: 93, 2025-01: 93, 2025-02: 84, 2025-03: 93, 2025-04: 90
  [label] 2023-07-02 08:00 LDOUSDT entry=2.0967 → SHORT | long=sl(-5.97%) short=sl(-5.97%) | scanned=12 | no_tp→fwd_return=-5.0556
  [label] 2023-07-04 16:00 LDOUSDT entry=2.1503 → SHORT | long=sl(-5.88%) short=tp(+11.45%) | scanned=7 | short_tp_only
  [label] 2023-07-08 08:00 LDOUSDT entry=1.9544 → LONG | long=tp(+12.21%) short=sl(-6.25%) | scanned=16 | long_tp_only
  [label] 2023-08-02 08:00 LDOUSDT entry=1.8421 → LONG | long=timeout(+1.41%) short=timeout(-1.61%) | scanned=22 | no_tp→fwd_return=+1.5091
  [label] 2023-09-24 08:00 LDOUSDT entry=1.4829 → LONG | long=sl(-3.45%) short=sl(-3.45%) | scanned=11 | no_tp→fwd_return=+4.4507
  [label] 2024-03-10 08:00 LDOUSDT entry=3.2632 → SHORT | long=sl(-7.69%) short=sl(-7.69%) | scanned=14 | no_tp→fwd_return=-7.6305
  [label] 2024-03-14 08:00 LDOUSDT entry=3.1584 → SHORT | long=sl(-8.13%) short=tp(+15.97%) | scanned=8 | short_tp_only
  [label] 2024-03-25 00:00 LDOUSDT entry=3.2827 → SHORT | long=sl(-8.45%) short=tp(+16.59%) | scanned=21 | short_tp_only
  [label] 2024-05-09 08:00 LDOUSDT entry=1.9373 → SHORT | long=sl(-6.77%) short=tp(+13.23%) | scanned=13 | short_tp_only
  [label] 2024-05-18 00:00 LDOUSDT entry=1.8200 → LONG | long=sl(-6.42%) short=sl(-6.42%) | scanned=8 | no_tp→fwd_return=+15.2198
  [label] 2024-08-17 16:00 LDOUSDT entry=1.0697 → LONG | long=tp(+15.05%) short=sl(-7.68%) | scanned=18 | long_tp_only
  [label] 2024-09-18 16:00 LDOUSDT entry=1.0322 → LONG | long=tp(+11.07%) short=sl(-5.69%) | scanned=4 | long_tp_only
  [label] 2024-10-05 00:00 LDOUSDT entry=1.0730 → LONG | long=timeout(+1.19%) short=timeout(-1.39%) | scanned=22 | no_tp→fwd_return=+1.2861
  [label] 2024-10-18 00:00 LDOUSDT entry=1.1212 → SHORT | long=timeout(-4.41%) short=sl(-6.24%) | scanned=22 | no_tp→fwd_return=-4.3079
  [label] 2024-11-05 16:00 LDOUSDT entry=0.9697 → LONG | long=tp(+11.89%) short=sl(-6.09%) | scanned=1 | long_tp_only
  [label] 2024-11-12 00:00 LDOUSDT entry=1.2713 → SHORT | long=sl(-9.33%) short=timeout(+6.07%) | scanned=22 | no_tp→fwd_return=-6.1669
  [label] 2024-11-24 08:00 LDOUSDT entry=1.3276 → LONG | long=tp(+18.53%) short=sl(-9.41%) | scanned=3 | long_tp_only
  [label] 2025-01-03 08:00 LDOUSDT entry=1.9552 → SHORT | long=sl(-8.03%) short=sl(-8.03%) | scanned=13 | no_tp→fwd_return=-9.6461
  [label] 2025-01-13 08:00 LDOUSDT entry=1.5021 → LONG | long=tp(+17.78%) short=sl(-9.04%) | scanned=4 | long_tp_only[I 2026-05-06 02:23:55,951] A new study created in memory with name: no-name-9a1cdfe8-4e0e-4a5f-924f-8bd9e710bd92
[I 2026-05-06 02:23:56,255] Trial 0 finished with value: -0.0972786588880116 and parameters: {'confidence_threshold': 0.7790993046299082, 'training_days': 230, 'n_estimators': 295, 'max_depth': 5, 'num_leaves': 83, 'learning_rate': 0.051543455158230854, 'subsample': 0.8773243492079463, 'min_child_samples': 10, 'reg_alpha': 0.034096514368237685, 'reg_lambda': 3.154180388637081e-05}. Best is trial 0 with value: -0.0972786588880116.
[I 2026-05-06 02:23:56,403] Trial 1 finished with value: 0.0042518900856760855 and parameters: {'confidence_threshold': 0.6929247853618086, 'training_days': 410, 'n_estimators': 233, 'max_depth': 5, 'num_leaves': 108, 'learning_rate': 0.013724237108071606, 'subsample': 0.7013182233636002, 'min_child_samples': 94, 'reg_alpha': 2.4040959529260723e-06, 'reg_lambda': 5.320966582161148}. Best is trial 1 with value: 0.0042518900856760855.
[I 2026-05-06 02:23:56,469] Trial 2 finished with value: -0.037559156970332054 and parameters: {'confidence_threshold': 0.546341527225763, 'training_days': 270, 'n_estimators': 120, 'max_depth': 4, 'num_leaves': 53, 'learning_rate': 0.060197068579343475, 'subsample': 0.588227873455941, 'min_child_samples': 91, 'reg_alpha': 2.3457771824819002e-08, 'reg_lambda': 1.1358840775642732e-08}. Best is trial 1 with value: 0.0042518900856760855.
[I 2026-05-06 02:23:56,648] Trial 3 finished with value: -0.054720074650512616 and parameters: {'confidence_threshold': 0.6000319676300473, 'training_days': 270, 'n_estimators': 382, 'max_depth': 4, 'num_leaves': 44, 'learning_rate': 0.09185046765032388, 'subsample': 0.6743651508646724, 'min_child_samples': 77, 'reg_alpha': 0.0013974578104212739, 'reg_lambda': 8.97190257982477e-08}. Best is trial 1 with value: 0.0042518900856760855.
[I 2026-05-06 02:23:57,037] Trial 4 finished with value: -0.020904515236071935 and parameters: {'confidence_threshold': 0.7642618789055509, 'training_days': 390, 'n_estimators': 464, 'max_depth': 5, 'num_leaves': 30, 'learning_rate': 0.024562383309704932, 'subsample': 0.8612975035964376, 'min_child_samples': 36, 'reg_alpha': 1.593999300080167, 'reg_lambda': 0.006081270362829788}. Best is trial 1 with value: 0.0042518900856760855.
[I 2026-05-06 02:23:57,187] Trial 5 finished with value: -0.04846035283920124 and parameters: {'confidence_threshold': 0.6029115860358569, 'training_days': 60, 'n_estimators': 441, 'max_depth': 3, 'num_leaves': 66, 'learning_rate': 0.044953114425778824, 'subsample': 0.7098948461279406, 'min_child_samples': 15, 'reg_alpha': 4.888753565548431e-07, 'reg_lambda': 4.198190642566389}. Best is trial 1 with value: 0.0042518900856760855.
[I 2026-05-06 02:23:57,473] Trial 6 finished with value: -0.09272560439008967 and parameters: {'confidence_threshold': 0.7376932868314098, 'training_days': 290, 'n_estimators': 249, 'max_depth': 5, 'num_leaves': 121, 'learning_rate': 0.015565840632862623, 'subsample': 0.8390183783709677, 'min_child_samples': 19, 'reg_alpha': 1.860444687368747e-08, 'reg_lambda': 2.7391483548058117e-06}. Best is trial 1 with value: 0.0042518900856760855.
[I 2026-05-06 02:23:57,513] Trial 7 finished with value: -0.017783485845438998 and parameters: {'confidence_threshold': 0.563503962036334, 'training_days': 70, 'n_estimators': 63, 'max_depth': 3, 'num_leaves': 47, 'learning_rate': 0.18074927623018475, 'subsample': 0.5059692991701257, 'min_child_samples': 9, 'reg_alpha': 3.6945804405602874e-08, 'reg_lambda': 0.027706035542028905}. Best is trial 1 with value: 0.0042518900856760855.
[I 2026-05-06 02:23:57,603] Trial 8 finished with value: 0.06736488541769052 and parameters: {'confidence_threshold': 0.6525471176758836, 'training_days': 440, 'n_estimators': 116, 'max_depth': 4, 'num_leaves': 115, 'learning_rate': 0.010229952960863938, 'subsample': 0.5062159465415076, 'min_child_samples': 54, 'reg_alpha': 6.790626457822126e-06, 'reg_lambda': 1.7869141074987722e-05}. Best is trial 8 with value: 0.06736488541769052.
[I 2026-05-06 02:23:57,701] Trial 9 finished with value: -0.10648820393411387 and parameters: {'confidence_threshold': 0.7277571993354469, 'training_days': 360, 'n_estimators': 75, 'max_depth': 5, 'num_leaves': 41, 'learning_rate': 0.014186743931212992, 'subsample': 0.7445187273047605, 'min_child_samples': 22, 'reg_alpha': 0.02393227447113315, 'reg_lambda': 0.009236766173618426}. Best is trial 8 with value: 0.06736488541769052.
[I 2026-05-06 02:23:58,077] A new study created in memory with name: no-name-8b515f7b-8f4a-4788-a7c6-42793acd6105
[I 2026-05-06 02:23:58,336] Trial 0 finished with value: -0.08993408857932209 and parameters: {'confidence_threshold': 0.7790993046299082, 'training_days': 230, 'n_estimators': 295, 'max_depth': 5, 'num_leaves': 83, 'learning_rate': 0.051543455158230854, 'subsample': 0.8773243492079463, 'min_child_samples': 10, 'reg_alpha': 0.034096514368237685, 'reg_lambda': 3.154180388637081e-05}. Best is trial 0 with value: -0.08993408857932209.
[I 2026-05-06 02:23:58,475] Trial 1 finished with value: 0.04587859964097213 and parameters: {'confidence_threshold': 0.6929247853618086, 'training_days': 410, 'n_estimators': 233, 'max_depth': 5, 'num_leaves': 108, 'learning_rate': 0.013724237108071606, 'subsample': 0.7013182233636002, 'min_child_samples': 94, 'reg_alpha': 2.4040959529260723e-06, 'reg_lambda': 5.320966582161148}. Best is trial 1 with value: 0.04587859964097213.
[I 2026-05-06 02:23:58,540] Trial 2 finished with value: -0.02768466141887819 and parameters: {'confidence_threshold': 0.546341527225763, 'training_days': 270, 'n_estimators': 120, 'max_depth': 4, 'num_leaves': 53, 'learning_rate': 0.060197068579343475, 'subsample': 0.588227873455941, 'min_child_samples': 91, 'reg_alpha': 2.3457771824819002e-08, 'reg_lambda': 1.1358840775642732e-08}. Best is trial 1 with value: 0.04587859964097213.
[I 2026-05-06 02:23:58,716] Trial 3 finished with value: -0.08315196999534862 and parameters: {'confidence_threshold': 0.6000319676300473, 'training_days': 270, 'n_estimators': 382, 'max_depth': 4, 'num_leaves': 44, 'learning_rate': 0.09185046765032388, 'subsample': 0.6743651508646724, 'min_child_samples': 77, 'reg_alpha': 0.0013974578104212739, 'reg_lambda': 8.97190257982477e-08}. Best is trial 1 with value: 0.04587859964097213.
