[I 2026-05-06 02:22:33,593] Trial 5 finished with value: -0.0766814732933512 and parameters: {'confidence_threshold': 0.6029115860358569, 'training_days': 60, 'n_estimators': 441, 'max_depth': 3, 'num_leaves': 66, 'learning_rate': 0.044953114425778824, 'subsample': 0.7098948461279406, 'min_child_samples': 15, 'reg_alpha': 4.888753565548431e-07, 'reg_lambda': 4.198190642566389}. Best is trial 4 with value: 0.09130547009992591.

  [label] 2023-07-11 16:00 MKRUSDT entry=913.7000 → LONG | long=sl(-8.03%) short=sl(-8.03%) | scanned=14 | no_tp→fwd_return=+6.9607
  Labels: 989 long (45.5%), 1186 short (54.5%) | weights: min=1.00, mean=2.90, max=10.00
  Features: 2175/2175 matched, 14 columns
  CV gap: 22 rows
    [trial 0] 14 features, training_days=230 | threshold=0.779 | labels: 989 long, 1186 short (45/55%)
    [CV fold 0] train_end=2021-11-23 00:00 | val_start=2021-11-30 16:00 | gap=184h (22 rows)
    [CV fold 1] train_end=2022-03-26 16:00 | val_start=2022-04-05 08:00 | gap=232h (22 rows)
    [CV fold 2] train_end=2022-07-27 08:00 | val_start=2022-08-04 00:00 | gap=184h (22 rows)
    [CV fold 3] train_end=2022-11-25 00:00 | val_start=2022-12-02 16:00 | gap=184h (22 rows)
    [CV fold 4] train_end=2023-03-25 16:00 | val_start=2023-04-02 08:00 | gap=184h (22 rows)
    [trial 0] Sharpe=0.0349 (folds: -0.1391, 0.0143, 0.0753, 0.2195, 0.0047)
    [trial 1] 14 features, training_days=410 | threshold=0.693 | labels: 989 long, 1186 short (45/55%)
    [trial 1] Sharpe=0.0527 (folds: 0.1285, -0.1777, 0.1021, 0.1061, 0.1046)
    [trial 2] 14 features, training_days=270 | threshold=0.546 | labels: 989 long, 1186 short (45/55%)
    [trial 2] Sharpe=-0.0811 (folds: -0.1337, -0.2583, 0.0081, 0.0601, -0.0818)
    [trial 3] 14 features, training_days=270 | threshold=0.600 | labels: 989 long, 1186 short (45/55%)
    [trial 3] Sharpe=-0.0129 (folds: -0.0341, -0.1809, 0.0610, 0.1437, -0.0540)
    [trial 4] 14 features, training_days=390 | threshold=0.764 | labels: 989 long, 1186 short (45/55%)
    [trial 4] Sharpe=0.0485 (folds: -0.1120, -0.0016, 0.0886, 0.2475, 0.0201)
    [trial 5] 14 features, training_days=60 | threshold=0.603 | labels: 989 long, 1186 short (45/55%)
    [trial 5] Sharpe=-0.0651 (folds: -0.0670, 0.0272, -0.4537, 0.2390, -0.0712)
    [trial 6] 14 features, training_days=290 | threshold=0.738 | labels: 989 long, 1186 short (45/55%)
    [trial 6] Sharpe=-0.0485 (folds: -0.1583, -0.2838, 0.1032, 0.1415, -0.0449)
    [trial 7] 14 features, training_days=70 | threshold=0.564 | labels: 989 long, 1186 short (45/55%)
    [trial 7] Sharpe=-0.1336 (folds: -0.1087, -0.0997, -0.4692, 0.1407, -0.1310)
    [trial 8] 14 features, training_days=440 | threshold=0.653 | labels: 989 long, 1186 short (45/55%)
    [trial 8] Sharpe=-0.0112 (folds: -0.0442, -0.2468, 0.0718, 0.1178, 0.0451)
    [trial 9] 14 features, training_days=360 | threshold=0.728 | labels: 989 long, 1186 short (45/55%)
    [trial 9] Sharpe=0.0138 (folds: -0.1094, -0.2126, 0.2795, 0.3437, -0.2324)
  Optuna: 10 trials, best Sharpe = 0.0527
  Best params: n_estimators=233, max_depth=5, lr=0.0137, leaves=108
  Best confidence_threshold: 0.693
  Best training_days: 410
  Retrained on full data (1230 samples, 14 features)
  Model trained for 2023-08: 93 test candles with features, confidence_threshold=0.693
[predict] 2023-08-18 08:00 MKRUSDT → SHORT (proba=0.71 TP=11.4%/SL=5.7%)
[trade:open] 2023-08-18 15:59 MKRUSDT SHORT @ 1092.50 | SL=1154.54 TP=968.43 | timeout=2023-08-25 15:59
[trade:close] 2023-08-25 16:00 MKRUSDT SHORT → timeout @ 1000.30 | PnL=+8.44% (net +8.34%) | cum=-17.38% 2023-08=+2.11% 2023-08-25=+8.34%
[predict] 2023-08-31 16:00 MKRUSDT → LONG (proba=0.76 TP=10.6%/SL=5.3%)
[trade:open] 2023-08-31 23:59 MKRUSDT LONG @ 1154.20 | SL=1092.98 TP=1276.63 | timeout=2023-09-07 23:59
[lgbm] === Training for 2023-09 ===
  Train window: 2021-09-01 → 2023-09-01
  2175 training samples from 1 symbols
  Samples per month: 2021-09: 90, 2021-10: 93, 2021-11: 90, 2021-12: 93, 2022-01: 93, 2022-02: 75, 2022-03: 93, 2022-04: 84, 2022-05: 93, 2022-06: 90, 2022-07: 93, 2022-08: 93, 2022-09: 90, 2022-10: 93, 2022-11: 90, 2022-12: 93, 2023-01: 93, 2023-02: 84, 2023-03: 93, 2023-04: 90, 2023-05: 93, 2023-06: 90, 2023-07: 93, 2023-08: 93
  [label] 2021-11-01 16:00 MKRUSDT entry=2453.9000 → LONG | long=tp(+10.28%) short=sl(-5.29%) | scanned=3 | long_tp_only
  [label] 2021-11-04 00:00 MKRUSDT entry=3029.9000 → LONG | long=sl(-7.44%) short=sl(-7.44%) | scanned=13 | no_tp→fwd_return=+6.3963
  [label] 2021-11-07 16:00 MKRUSDT entry=2976.6000 → LONG | long=tp(+13.43%) short=sl(-6.86%) | scanned=2 | long_tp_only
  [label] 2021-12-02 16:00 MKRUSDT entry=2974.0000 → SHORT | long=sl(-6.74%) short=tp(+13.19%) | scanned=4 | short_tp_only
  [label] 2022-01-24 00:00 MKRUSDT entry=1775.0000 → LONG | long=timeout(+13.95%) short=sl(-8.83%) | scanned=22 | no_tp→fwd_return=+14.0507
  [label] 2022-07-14 16:00 MKRUSDT entry=891.5000 → LONG | long=tp(+14.02%) short=sl(-7.16%) | scanned=10 | long_tp_only
  [label] 2022-07-18 16:00 MKRUSDT entry=1047.7000 → SHORT | long=sl(-6.33%) short=tp(+12.36%) | scanned=20 | short_tp_only
  [label] 2022-07-29 08:00 MKRUSDT entry=1113.0000 → SHORT | long=sl(-6.72%) short=sl(-6.72%) | scanned=11 | no_tp→fwd_return=-6.7565
  [label] 2022-09-12 08:00 MKRUSDT entry=739.9000 → SHORT | long=sl(-5.51%) short=tp(+10.71%) | scanned=10 | short_tp_only
  [label] 2022-09-21 00:00 MKRUSDT entry=603.7000 → LONG | long=tp(+12.55%) short=sl(-6.43%) | scanned=9 | long_tp_only
  [label] 2022-12-20 16:00 MKRUSDT entry=556.4000 → SHORT | long=sl(-4.19%) short=timeout(+2.45%) | scanned=22 | no_tp→fwd_return=-2.5521
  [label] 2023-01-21 16:00 MKRUSDT entry=695.7000 → SHORT | long=sl(-6.04%) short=sl(-6.04%) | scanned=10 | no_tp→fwd_return=-4.6428
  [label] 2023-02-06 16:00 MKRUSDT entry=693.7000 → LONG | long=tp(+10.75%) short=sl(-5.53%) | scanned=3 | long_tp_only
  [label] 2023-02-19 16:00 MKRUSDT entry=737.0000 → SHORT | long=sl(-6.19%) short=sl(-6.19%) | scanned=15 | no_tp→fwd_return=-3.0665
  [label] 2023-03-10 00:00 MKRUSDT entry=777.3000 → SHORT | long=sl(-8.62%) short=tp(+16.94%) | scanned=3 | short_tp_only
  [label] 2023-03-16 08:00 MKRUSDT entry=728.6000 → SHORT | long=timeout(-6.04%) short=timeout(+5.84%) | scanned=22 | no_tp→fwd_return=-5.9429
  [label] 2023-03-28 16:00 MKRUSDT entry=673.1000 → LONG | long=timeout(+0.98%) short=timeout(-1.18%) | scanned=22 | no_tp→fwd_return=+1.0845
  [label] 2023-05-07 08:00 MKRUSDT entry=698.0000 → SHORT | long=sl(-3.67%) short=tp(+7.05%) | scanned=4 | short_tp_only
  [label] 2023-05-17 08:00 MKRUSDT entry=626.3000 → SHORT | long=sl(-3.92%) short=timeout(+2.04%) | scanned=22 | no_tp→fwd_return=-2.1395
  [label] 2023-08-11 16:00 MKRUSDT entry=1248.8000 → SHORT | long=sl(-4.66%) short=tp(+9.03%) | scanned=15 | short_tp_only
  Labels: 962 long (44.2%), 1213 short (55.8%) | weights: min=1.00, mean=2.89, max=10.00
  Features: 2175/2175 matched, 14 columns
  CV gap: 22 rows
    [trial 0] 14 features, training_days=230 | threshold=0.779 | labels: 962 long, 1213 short (44/56%)
    [CV fold 0] train_end=2021-12-24 00:00 | val_start=2021-12-31 16:00 | gap=184h (22 rows)
    [CV fold 1] train_end=2022-04-28 16:00 | val_start=2022-05-06 08:00 | gap=184h (22 rows)
    [CV fold 2] train_end=2022-08-27 08:00 | val_start=2022-09-04 00:00 | gap=184h (22 rows)
    [CV fold 3] train_end=2022-12-26 00:00 | val_start=2023-01-02 16:00 | gap=184h (22 rows)
    [CV fold 4] train_end=2023-04-25 16:00 | val_start=2023-05-03 08:00 | gap=184h (22 rows)
    [trial 0] Sharpe=0.0579 (folds: -0.0948, 0.1634, 0.1367, -0.0587, 0.1430)
    [trial 1] 14 features, training_days=410 | threshold=0.693 | labels: 962 long, 1213 short (44/56%)
    [trial 1] Sharpe=0.0632 (folds: 0.0919, -0.1142, 0.1541, -0.0271, 0.2110)
    [trial 2] 14 features, training_days=270 | threshold=0.546 | labels: 962 long, 1213 short (44/56%)
    [trial 2] Sharpe=0.0481 (folds: -0.0300, -0.0942, 0.0822, 0.0663, 0.2162)
    [trial 3] 14 features, training_days=270 | threshold=0.600 | labels: 962 long, 1213 short (44/56%)
    [trial 3] Sharpe=0.0834 (folds: 0.0248, 0.0999, 0.1021, -0.0387, 0.2291)
    [trial 4] 14 features, training_days=390 | threshold=0.764 | labels: 962 long, 1213 short (44/56%)
    [trial 4] Sharpe=0.0913 (folds: -0.0921, 0.1713, 0.1618, 0.0571, 0.1585)
    [trial 5] 14 features, training_days=60 | threshold=0.603 | labels: 962 long, 1213 short (44/56%)
    [trial 5] Sharpe=-0.0767 (folds: -0.2000, -0.0875, 0.1551, -0.0774, -0.1736)
    [trial 6] 14 features, training_days=290 | threshold=0.738 | labels: 962 long, 1213 short (44/56%)[I 2026-05-06 02:22:33,822] Trial 6 finished with value: 0.005591031139198649 and parameters: {'confidence_threshold': 0.7376932868314098, 'training_days': 290, 'n_estimators': 249, 'max_depth': 5, 'num_leaves': 121, 'learning_rate': 0.015565840632862623, 'subsample': 0.8390183783709677, 'min_child_samples': 19, 'reg_alpha': 1.860444687368747e-08, 'reg_lambda': 2.7391483548058117e-06}. Best is trial 4 with value: 0.09130547009992591.
[I 2026-05-06 02:22:33,859] Trial 7 finished with value: -0.041257897295619184 and parameters: {'confidence_threshold': 0.563503962036334, 'training_days': 70, 'n_estimators': 63, 'max_depth': 3, 'num_leaves': 47, 'learning_rate': 0.18074927623018475, 'subsample': 0.5059692991701257, 'min_child_samples': 9, 'reg_alpha': 3.6945804405602874e-08, 'reg_lambda': 0.027706035542028905}. Best is trial 4 with value: 0.09130547009992591.
[I 2026-05-06 02:22:33,956] Trial 8 finished with value: 0.012401778655505824 and parameters: {'confidence_threshold': 0.6525471176758836, 'training_days': 440, 'n_estimators': 116, 'max_depth': 4, 'num_leaves': 115, 'learning_rate': 0.010229952960863938, 'subsample': 0.5062159465415076, 'min_child_samples': 54, 'reg_alpha': 6.790626457822126e-06, 'reg_lambda': 1.7869141074987722e-05}. Best is trial 4 with value: 0.09130547009992591.
[I 2026-05-06 02:22:34,050] Trial 9 finished with value: 0.03874173468798257 and parameters: {'confidence_threshold': 0.7277571993354469, 'training_days': 360, 'n_estimators': 75, 'max_depth': 5, 'num_leaves': 41, 'learning_rate': 0.014186743931212992, 'subsample': 0.7445187273047605, 'min_child_samples': 22, 'reg_alpha': 0.02393227447113315, 'reg_lambda': 0.009236766173618426}. Best is trial 4 with value: 0.09130547009992591.
[I 2026-05-06 02:22:34,423] A new study created in memory with name: no-name-fca1ccec-2582-4bfb-8877-21636a1c8768
[I 2026-05-06 02:22:34,728] Trial 0 finished with value: 0.008703225971926559 and parameters: {'confidence_threshold': 0.7790993046299082, 'training_days': 230, 'n_estimators': 295, 'max_depth': 5, 'num_leaves': 83, 'learning_rate': 0.051543455158230854, 'subsample': 0.8773243492079463, 'min_child_samples': 10, 'reg_alpha': 0.034096514368237685, 'reg_lambda': 3.154180388637081e-05}. Best is trial 0 with value: 0.008703225971926559.
[I 2026-05-06 02:22:34,880] Trial 1 finished with value: 0.03232499519379483 and parameters: {'confidence_threshold': 0.6929247853618086, 'training_days': 410, 'n_estimators': 233, 'max_depth': 5, 'num_leaves': 108, 'learning_rate': 0.013724237108071606, 'subsample': 0.7013182233636002, 'min_child_samples': 94, 'reg_alpha': 2.4040959529260723e-06, 'reg_lambda': 5.320966582161148}. Best is trial 1 with value: 0.03232499519379483.
[I 2026-05-06 02:22:34,948] Trial 2 finished with value: 0.015779361111117413 and parameters: {'confidence_threshold': 0.546341527225763, 'training_days': 270, 'n_estimators': 120, 'max_depth': 4, 'num_leaves': 53, 'learning_rate': 0.060197068579343475, 'subsample': 0.588227873455941, 'min_child_samples': 91, 'reg_alpha': 2.3457771824819002e-08, 'reg_lambda': 1.1358840775642732e-08}. Best is trial 1 with value: 0.03232499519379483.
[I 2026-05-06 02:22:35,135] Trial 3 finished with value: 0.04746254270253676 and parameters: {'confidence_threshold': 0.6000319676300473, 'training_days': 270, 'n_estimators': 382, 'max_depth': 4, 'num_leaves': 44, 'learning_rate': 0.09185046765032388, 'subsample': 0.6743651508646724, 'min_child_samples': 77, 'reg_alpha': 0.0013974578104212739, 'reg_lambda': 8.97190257982477e-08}. Best is trial 3 with value: 0.04746254270253676.
[I 2026-05-06 02:22:35,509] Trial 4 finished with value: 0.07734252652819203 and parameters: {'confidence_threshold': 0.7642618789055509, 'training_days': 390, 'n_estimators': 464, 'max_depth': 5, 'num_leaves': 30, 'learning_rate': 0.024562383309704932, 'subsample': 0.8612975035964376, 'min_child_samples': 36, 'reg_alpha': 1.593999300080167, 'reg_lambda': 0.006081270362829788}. Best is trial 4 with value: 0.07734252652819203.
[I 2026-05-06 02:22:35,651] Trial 5 finished with value: 0.14600072481848653 and parameters: {'confidence_threshold': 0.6029115860358569, 'training_days': 60, 'n_estimators': 441, 'max_depth': 3, 'num_leaves': 66, 'learning_rate': 0.044953114425778824, 'subsample': 0.7098948461279406, 'min_child_samples': 15, 'reg_alpha': 4.888753565548431e-07, 'reg_lambda': 4.198190642566389}. Best is trial 5 with value: 0.14600072481848653.
[I 2026-05-06 02:22:35,914] Trial 6 finished with value: 0.020873946761362245 and parameters: {'confidence_threshold': 0.7376932868314098, 'training_days': 290, 'n_estimators': 249, 'max_depth': 5, 'num_leaves': 121, 'learning_rate': 0.015565840632862623, 'subsample': 0.8390183783709677, 'min_child_samples': 19, 'reg_alpha': 1.860444687368747e-08, 'reg_lambda': 2.7391483548058117e-06}. Best is trial 5 with value: 0.14600072481848653.
[I 2026-05-06 02:22:35,950] Trial 7 finished with value: 0.09660144092374727 and parameters: {'confidence_threshold': 0.563503962036334, 'training_days': 70, 'n_estimators': 63, 'max_depth': 3, 'num_leaves': 47, 'learning_rate': 0.18074927623018475, 'subsample': 0.5059692991701257, 'min_child_samples': 9, 'reg_alpha': 3.6945804405602874e-08, 'reg_lambda': 0.027706035542028905}. Best is trial 5 with value: 0.14600072481848653.
[I 2026-05-06 02:22:36,043] Trial 8 finished with value: -0.14877980671511493 and parameters: {'confidence_threshold': 0.6525471176758836, 'training_days': 440, 'n_estimators': 116, 'max_depth': 4, 'num_leaves': 115, 'learning_rate': 0.010229952960863938, 'subsample': 0.5062159465415076, 'min_child_samples': 54, 'reg_alpha': 6.790626457822126e-06, 'reg_lambda': 1.7869141074987722e-05}. Best is trial 5 with value: 0.14600072481848653.
