[I 2026-05-06 02:25:55,790] Trial 9 finished with value: -2.3752670961973648 and parameters: {'confidence_threshold': 0.7277571993354469, 'training_days': 360, 'n_estimators': 75, 'max_depth': 5, 'num_leaves': 41, 'learning_rate': 0.014186743931212992, 'subsample': 0.7445187273047605, 'min_child_samples': 22, 'reg_alpha': 0.02393227447113315, 'reg_lambda': 0.009236766173618426}. Best is trial 6 with value: 0.16176791376676614.

    [trial 8] 14 features, training_days=440 | threshold=0.653 | labels: 1267 long, 926 short (58/42%)
    [trial 8] Sharpe=-0.0395 (folds: 0.2833, -0.4432, 0.0912, -0.2166, 0.0878)
    [trial 9] 14 features, training_days=360 | threshold=0.728 | labels: 1267 long, 926 short (58/42%)
    [trial 9] Sharpe=0.2120 (folds: 0.2797, 0.0215, 0.2997, -0.3927, 0.8518)
  Optuna: 10 trials, best Sharpe = 0.2120
  Best params: n_estimators=75, max_depth=5, lr=0.0142, leaves=41
  Best confidence_threshold: 0.728
  Best training_days: 360
  Retrained on full data (1080 samples, 14 features)
  Model trained for 2025-07: 93 test candles with features, confidence_threshold=0.728
[lgbm] === Training for 2025-08 ===
  Train window: 2023-08-01 → 2025-08-01
  2193 training samples from 1 symbols
  Samples per month: 2023-08: 93, 2023-09: 90, 2023-10: 93, 2023-11: 90, 2023-12: 93, 2024-01: 93, 2024-02: 87, 2024-03: 93, 2024-04: 90, 2024-05: 93, 2024-06: 90, 2024-07: 93, 2024-08: 93, 2024-09: 90, 2024-10: 93, 2024-11: 90, 2024-12: 93, 2025-01: 93, 2025-02: 84, 2025-03: 93, 2025-04: 90, 2025-05: 93, 2025-06: 90, 2025-07: 93
  [label] 2023-10-02 08:00 TRXUSDT entry=0.0883 → LONG | long=sl(-1.76%) short=sl(-1.76%) | scanned=4 | no_tp→fwd_return=+2.5243
  [label] 2023-10-04 16:00 TRXUSDT entry=0.0888 → SHORT | long=sl(-2.05%) short=tp(+3.79%) | scanned=5 | short_tp_only
  [label] 2023-10-08 08:00 TRXUSDT entry=0.0879 → SHORT | long=sl(-1.96%) short=tp(+3.62%) | scanned=13 | short_tp_only
  [label] 2023-11-02 08:00 TRXUSDT entry=0.0991 → LONG | long=sl(-2.02%) short=sl(-2.02%) | scanned=21 | no_tp→fwd_return=+1.0594
  [label] 2023-12-25 08:00 TRXUSDT entry=0.1077 → SHORT | long=sl(-2.14%) short=tp(+3.98%) | scanned=4 | short_tp_only
  [label] 2024-06-10 08:00 TRXUSDT entry=0.1172 → SHORT | long=sl(-1.84%) short=timeout(-0.01%) | scanned=22 | no_tp→fwd_return=-0.0853
  [label] 2024-06-14 08:00 TRXUSDT entry=0.1166 → SHORT | long=sl(-1.81%) short=tp(+3.31%) | scanned=11 | short_tp_only
  [label] 2024-06-25 00:00 TRXUSDT entry=0.1208 → LONG | long=tp(+3.11%) short=sl(-1.71%) | scanned=4 | long_tp_only
  [label] 2024-08-09 08:00 TRXUSDT entry=0.1266 → LONG | long=timeout(+4.06%) short=sl(-2.37%) | scanned=22 | no_tp→fwd_return=+4.1627
  [label] 2024-08-18 00:00 TRXUSDT entry=0.1334 → LONG | long=tp(+3.39%) short=sl(-1.84%) | scanned=4 | long_tp_only
  [label] 2024-11-17 16:00 TRXUSDT entry=0.1996 → LONG | long=tp(+8.11%) short=sl(-4.20%) | scanned=17 | long_tp_only
  [label] 2024-12-19 16:00 TRXUSDT entry=0.2509 → LONG | long=sl(-8.85%) short=timeout(-1.22%) | scanned=22 | no_tp→fwd_return=+1.1239
  [label] 2025-01-05 00:00 TRXUSDT entry=0.2660 → SHORT | long=sl(-3.44%) short=tp(+6.57%) | scanned=9 | short_tp_only
  [label] 2025-01-18 00:00 TRXUSDT entry=0.2411 → LONG | long=sl(-4.35%) short=sl(-4.35%) | scanned=7 | no_tp→fwd_return=+1.2526
  [label] 2025-02-05 16:00 TRXUSDT entry=0.2223 → LONG | long=tp(+9.91%) short=sl(-5.11%) | scanned=15 | long_tp_only
  [label] 2025-02-12 00:00 TRXUSDT entry=0.2393 → LONG | long=sl(-3.99%) short=timeout(-1.70%) | scanned=22 | no_tp→fwd_return=+1.6049
  [label] 2025-02-24 08:00 TRXUSDT entry=0.2459 → SHORT | long=sl(-3.07%) short=tp(+5.84%) | scanned=2 | short_tp_only
  [label] 2025-04-05 08:00 TRXUSDT entry=0.2377 → SHORT | long=sl(-2.63%) short=tp(+4.95%) | scanned=5 | short_tp_only
  [label] 2025-04-15 08:00 TRXUSDT entry=0.2470 → SHORT | long=sl(-2.90%) short=sl(-2.90%) | scanned=10 | no_tp→fwd_return=-2.9759
  [label] 2025-07-11 08:00 TRXUSDT entry=0.2985 → LONG | long=tp(+2.79%) short=sl(-1.55%) | scanned=2 | long_tp_only
  Labels: 1291 long (58.9%), 902 short (41.1%) | weights: min=1.00, mean=2.59, max=10.00
  Features: 2193/2193 matched, 14 columns
  CV gap: 22 rows
    [trial 0] 14 features, training_days=230 | threshold=0.779 | labels: 1291 long, 902 short (59/41%)
    [CV fold 0] train_end=2023-11-24 00:00 | val_start=2023-12-01 16:00 | gap=184h (22 rows)
    [CV fold 1] train_end=2024-03-24 16:00 | val_start=2024-04-01 08:00 | gap=184h (22 rows)
    [CV fold 2] train_end=2024-07-24 08:00 | val_start=2024-08-01 00:00 | gap=184h (22 rows)
    [CV fold 3] train_end=2024-11-23 00:00 | val_start=2024-11-30 16:00 | gap=184h (22 rows)
    [CV fold 4] train_end=2025-03-24 16:00 | val_start=2025-04-01 08:00 | gap=184h (22 rows)
    [trial 0] Sharpe=-0.1122 (folds: 0.0225, 0.0278, -0.2038, -0.2201, -0.1873)
    [trial 1] 14 features, training_days=410 | threshold=0.693 | labels: 1291 long, 902 short (59/41%)
    [trial 1] Sharpe=0.0672 (folds: -0.0565, -0.1565, 0.2599, -0.1581, 0.4472)
    [trial 2] 14 features, training_days=270 | threshold=0.546 | labels: 1291 long, 902 short (59/41%)
    [trial 2] Sharpe=-0.0885 (folds: 0.1009, -0.0832, 0.0176, -0.2708, -0.2072)
    [trial 3] 14 features, training_days=270 | threshold=0.600 | labels: 1291 long, 902 short (59/41%)
    [trial 3] Sharpe=-0.0723 (folds: 0.0811, 0.0218, -0.0761, -0.2690, -0.1195)
    [trial 4] 14 features, training_days=390 | threshold=0.764 | labels: 1291 long, 902 short (59/41%)
    [trial 4] Sharpe=-0.0732 (folds: -0.2478, -0.0021, -0.0247, -0.2367, 0.1451)
    [trial 5] 14 features, training_days=60 | threshold=0.603 | labels: 1291 long, 902 short (59/41%)
    [trial 5] Sharpe=-0.0408 (folds: -0.0439, 0.0742, 0.0545, -0.2067, -0.0822)
    [trial 6] 14 features, training_days=290 | threshold=0.738 | labels: 1291 long, 902 short (59/41%)
    [trial 6] Sharpe=0.1618 (folds: -0.1525, 0.0188, -0.0114, -0.2801, 1.2342)
    [trial 7] 14 features, training_days=70 | threshold=0.564 | labels: 1291 long, 902 short (59/41%)
    [trial 7] Sharpe=-0.0589 (folds: -0.0039, 0.0595, -0.0087, -0.2195, -0.1220)
    [trial 8] 14 features, training_days=440 | threshold=0.653 | labels: 1291 long, 902 short (59/41%)
    [trial 8] Sharpe=0.0904 (folds: 0.0378, -0.0289, 0.2154, -0.2018, 0.4296)
    [trial 9] 14 features, training_days=360 | threshold=0.728 | labels: 1291 long, 902 short (59/41%)
    [trial 9] Sharpe=-2.3753 (folds: -1.6570, -0.1081, 0.2040, -0.3152, -10.0000)
  Optuna: 10 trials, best Sharpe = 0.1618
  Best params: n_estimators=249, max_depth=5, lr=0.0156, leaves=121
  Best confidence_threshold: 0.738
  Best training_days: 290
  Retrained on full data (870 samples, 14 features)
  Model trained for 2025-08: 93 test candles with features, confidence_threshold=0.738
[predict] 2025-08-01 00:00 TRXUSDT → LONG (proba=0.89 TP=5.7%/SL=2.8%)
[trade:open] 2025-08-01 07:59 TRXUSDT LONG @ 0.32 | SL=0.32 TP=0.34 | timeout=2025-08-08 07:59
[trade:close] 2025-08-08 08:00 TRXUSDT LONG → timeout @ 0.34 | PnL=+3.92% (net +3.82%) | cum=-0.09% 2025-08=+3.82% 2025-08-08=+3.82%
[predict] 2025-08-12 08:00 TRXUSDT → SHORT (proba=0.74 TP=3.8%/SL=1.9%)
[trade:open] 2025-08-12 15:59 TRXUSDT SHORT @ 0.35 | SL=0.36 TP=0.34 | timeout=2025-08-19 15:59
[trade:close] 2025-08-13 07:59 TRXUSDT SHORT → stop_loss @ 0.36 | PnL=-1.88% (net -1.98%) | cum=-2.07% 2025-08=+1.84% 2025-08-13=-1.98%
[predict] 2025-08-14 16:00 TRXUSDT → SHORT (proba=0.92 TP=4.6%/SL=2.3%)
[trade:open] 2025-08-14 23:59 TRXUSDT SHORT @ 0.36 | SL=0.37 TP=0.34 | timeout=2025-08-21 23:59
[trade:close] 2025-08-22 00:00 TRXUSDT SHORT → timeout @ 0.35 | PnL=+1.14% (net +1.04%) | cum=-1.03% 2025-08=+2.88% 2025-08-22=+1.04%
[predict] 2025-08-24 00:00 TRXUSDT → SHORT (proba=0.78 TP=4.4%/SL=2.2%)
[trade:open] 2025-08-24 07:59 TRXUSDT SHORT @ 0.37 | SL=0.37 TP=0.35 | timeout=2025-08-31 07:59
[trade:close] 2025-08-25 23:59 TRXUSDT SHORT → take_profit @ 0.35 | PnL=+4.39% (net +4.29%) | cum=+3.26% 2025-08=+7.17% 2025-08-25=+4.29%
[predict] 2025-08-27 08:00 TRXUSDT → LONG (proba=0.90 TP=4.7%/SL=2.4%)
[trade:open] 2025-08-27 15:59 TRXUSDT LONG @ 0.35 | SL=0.34 TP=0.37 | timeout=2025-09-03 15:59
[trade:close] 2025-08-28 23:59 TRXUSDT LONG → stop_loss @ 0.34 | PnL=-2.36% (net -2.46%) | cum=+0.81% 2025-08=+4.71% 2025-08-28=-2.46%
[predict] 2025-08-30 08:00 TRXUSDT → LONG (proba=0.97 TP=4.8%/SL=2.4%)
[trade:open] 2025-08-30 15:59 TRXUSDT LONG @ 0.34 | SL=0.33 TP=0.35 | timeout=2025-09-06 15:59
[lgbm] === Training for 2025-09 ===
  Train window: 2023-09-01 → 2025-09-01
  2193 training samples from 1 symbols[I 2026-05-06 02:25:56,305] A new study created in memory with name: no-name-53c448ee-47aa-4056-b2a9-0e6dd53b4006
[I 2026-05-06 02:25:56,618] Trial 0 finished with value: -0.1549368464671051 and parameters: {'confidence_threshold': 0.7790993046299082, 'training_days': 230, 'n_estimators': 295, 'max_depth': 5, 'num_leaves': 83, 'learning_rate': 0.051543455158230854, 'subsample': 0.8773243492079463, 'min_child_samples': 10, 'reg_alpha': 0.034096514368237685, 'reg_lambda': 3.154180388637081e-05}. Best is trial 0 with value: -0.1549368464671051.
[I 2026-05-06 02:25:56,760] Trial 1 finished with value: -0.15257967607032172 and parameters: {'confidence_threshold': 0.6929247853618086, 'training_days': 410, 'n_estimators': 233, 'max_depth': 5, 'num_leaves': 108, 'learning_rate': 0.013724237108071606, 'subsample': 0.7013182233636002, 'min_child_samples': 94, 'reg_alpha': 2.4040959529260723e-06, 'reg_lambda': 5.320966582161148}. Best is trial 1 with value: -0.15257967607032172.
[I 2026-05-06 02:25:56,831] Trial 2 finished with value: -0.07686890633010537 and parameters: {'confidence_threshold': 0.546341527225763, 'training_days': 270, 'n_estimators': 120, 'max_depth': 4, 'num_leaves': 53, 'learning_rate': 0.060197068579343475, 'subsample': 0.588227873455941, 'min_child_samples': 91, 'reg_alpha': 2.3457771824819002e-08, 'reg_lambda': 1.1358840775642732e-08}. Best is trial 2 with value: -0.07686890633010537.
[I 2026-05-06 02:25:57,020] Trial 3 finished with value: -0.10545697220490031 and parameters: {'confidence_threshold': 0.6000319676300473, 'training_days': 270, 'n_estimators': 382, 'max_depth': 4, 'num_leaves': 44, 'learning_rate': 0.09185046765032388, 'subsample': 0.6743651508646724, 'min_child_samples': 77, 'reg_alpha': 0.0013974578104212739, 'reg_lambda': 8.97190257982477e-08}. Best is trial 2 with value: -0.07686890633010537.
[I 2026-05-06 02:25:57,456] Trial 4 finished with value: -0.09022471919330391 and parameters: {'confidence_threshold': 0.7642618789055509, 'training_days': 390, 'n_estimators': 464, 'max_depth': 5, 'num_leaves': 30, 'learning_rate': 0.024562383309704932, 'subsample': 0.8612975035964376, 'min_child_samples': 36, 'reg_alpha': 1.593999300080167, 'reg_lambda': 0.006081270362829788}. Best is trial 2 with value: -0.07686890633010537.
[I 2026-05-06 02:25:57,607] Trial 5 finished with value: -0.1036190124410967 and parameters: {'confidence_threshold': 0.6029115860358569, 'training_days': 60, 'n_estimators': 441, 'max_depth': 3, 'num_leaves': 66, 'learning_rate': 0.044953114425778824, 'subsample': 0.7098948461279406, 'min_child_samples': 15, 'reg_alpha': 4.888753565548431e-07, 'reg_lambda': 4.198190642566389}. Best is trial 2 with value: -0.07686890633010537.
[I 2026-05-06 02:25:57,858] Trial 6 finished with value: -0.11406665796310349 and parameters: {'confidence_threshold': 0.7376932868314098, 'training_days': 290, 'n_estimators': 249, 'max_depth': 5, 'num_leaves': 121, 'learning_rate': 0.015565840632862623, 'subsample': 0.8390183783709677, 'min_child_samples': 19, 'reg_alpha': 1.860444687368747e-08, 'reg_lambda': 2.7391483548058117e-06}. Best is trial 2 with value: -0.07686890633010537.
[I 2026-05-06 02:25:57,900] Trial 7 finished with value: -0.1541044878413903 and parameters: {'confidence_threshold': 0.563503962036334, 'training_days': 70, 'n_estimators': 63, 'max_depth': 3, 'num_leaves': 47, 'learning_rate': 0.18074927623018475, 'subsample': 0.5059692991701257, 'min_child_samples': 9, 'reg_alpha': 3.6945804405602874e-08, 'reg_lambda': 0.027706035542028905}. Best is trial 2 with value: -0.07686890633010537.
[I 2026-05-06 02:25:57,989] Trial 8 finished with value: -0.045878551664522656 and parameters: {'confidence_threshold': 0.6525471176758836, 'training_days': 440, 'n_estimators': 116, 'max_depth': 4, 'num_leaves': 115, 'learning_rate': 0.010229952960863938, 'subsample': 0.5062159465415076, 'min_child_samples': 54, 'reg_alpha': 6.790626457822126e-06, 'reg_lambda': 1.7869141074987722e-05}. Best is trial 8 with value: -0.045878551664522656.
[I 2026-05-06 02:25:58,094] Trial 9 finished with value: -2.0629265887179136 and parameters: {'confidence_threshold': 0.7277571993354469, 'training_days': 360, 'n_estimators': 75, 'max_depth': 5, 'num_leaves': 41, 'learning_rate': 0.014186743931212992, 'subsample': 0.7445187273047605, 'min_child_samples': 22, 'reg_alpha': 0.02393227447113315, 'reg_lambda': 0.009236766173618426}. Best is trial 8 with value: -0.045878551664522656.

  Samples per month: 2023-09: 90, 2023-10: 93, 2023-11: 90, 2023-12: 93, 2024-01: 93, 2024-02: 87, 2024-03: 93, 2024-04: 90, 2024-05: 93, 2024-06: 90, 2024-07: 93, 2024-08: 93, 2024-09: 90, 2024-10: 93, 2024-11: 90, 2024-12: 93, 2025-01: 93, 2025-02: 84, 2025-03: 93, 2025-04: 90, 2025-05: 93, 2025-06: 90, 2025-07: 93, 2025-08: 93
  [label] 2023-11-02 08:00 TRXUSDT entry=0.0991 → LONG | long=sl(-2.02%) short=sl(-2.02%) | scanned=21 | no_tp→fwd_return=+1.0594
  [label] 2023-11-04 16:00 TRXUSDT entry=0.0976 → LONG | long=sl(-1.97%) short=sl(-1.97%) | scanned=13 | no_tp→fwd_return=+2.4890
  [label] 2023-11-08 08:00 TRXUSDT entry=0.0974 → LONG | long=tp(+3.80%) short=sl(-2.05%) | scanned=6 | long_tp_only
  [label] 2023-12-03 08:00 TRXUSDT entry=0.1029 → LONG | long=tp(+4.00%) short=sl(-2.15%) | scanned=16 | long_tp_only
  [label] 2024-01-25 08:00 TRXUSDT entry=0.1110 → LONG | long=tp(+4.53%) short=sl(-2.42%) | scanned=5 | long_tp_only
  [label] 2024-07-11 08:00 TRXUSDT entry=0.1344 → LONG | long=tp(+3.99%) short=sl(-2.15%) | scanned=5 | long_tp_only
  [label] 2024-07-15 08:00 TRXUSDT entry=0.1379 → SHORT | long=sl(-1.96%) short=tp(+3.61%) | scanned=3 | short_tp_only
  [label] 2024-07-26 00:00 TRXUSDT entry=0.1364 → SHORT | long=sl(-1.83%) short=sl(-1.83%) | scanned=13 | no_tp→fwd_return=-2.5521
  [label] 2024-09-09 08:00 TRXUSDT entry=0.1545 → SHORT | long=sl(-2.13%) short=tp(+3.97%) | scanned=14 | short_tp_only
  [label] 2024-09-18 00:00 TRXUSDT entry=0.1501 → LONG | long=timeout(-0.01%) short=sl(-1.60%) | scanned=22 | no_tp→fwd_return=+0.0933
  [label] 2024-12-18 16:00 TRXUSDT entry=0.2578 → LONG | long=sl(-8.72%) short=timeout(-0.18%) | scanned=22 | no_tp→fwd_return=+0.0815
  [label] 2025-01-19 16:00 TRXUSDT entry=0.2286 → LONG | long=tp(+9.92%) short=sl(-5.11%) | scanned=2 | long_tp_only
  [label] 2025-02-05 00:00 TRXUSDT entry=0.2250 → LONG | long=tp(+10.29%) short=sl(-5.30%) | scanned=18 | long_tp_only
  [label] 2025-02-18 00:00 TRXUSDT entry=0.2385 → SHORT | long=sl(-3.39%) short=sl(-3.39%) | scanned=21 | no_tp→fwd_return=-3.1441
  [label] 2025-03-08 16:00 TRXUSDT entry=0.2437 → SHORT | long=sl(-3.63%) short=tp(+6.96%) | scanned=7 | short_tp_only
  [label] 2025-03-15 00:00 TRXUSDT entry=0.2208 → LONG | long=sl(-3.49%) short=sl(-3.49%) | scanned=11 | no_tp→fwd_return=+7.3794
  [label] 2025-03-27 08:00 TRXUSDT entry=0.2321 → LONG | long=timeout(+0.75%) short=sl(-2.78%) | scanned=22 | no_tp→fwd_return=+0.8529
  [label] 2025-05-06 08:00 TRXUSDT entry=0.2451 → LONG | long=tp(+3.84%) short=sl(-2.07%) | scanned=6 | long_tp_only
  [label] 2025-05-16 08:00 TRXUSDT entry=0.2723 → LONG | long=sl(-3.22%) short=sl(-3.22%) | scanned=18 | no_tp→fwd_return=+1.9318
  [label] 2025-08-11 08:00 TRXUSDT entry=0.3446 → LONG | long=tp(+3.75%) short=sl(-2.03%) | scanned=6 | long_tp_only
  Labels: 1303 long (59.4%), 890 short (40.6%) | weights: min=1.00, mean=2.62, max=10.00
  Features: 2193/2193 matched, 14 columns
  CV gap: 22 rows
    [trial 0] 14 features, training_days=230 | threshold=0.779 | labels: 1303 long, 890 short (59/41%)
    [CV fold 0] train_end=2023-12-25 00:00 | val_start=2024-01-01 16:00 | gap=184h (22 rows)
    [CV fold 1] train_end=2024-04-24 16:00 | val_start=2024-05-02 08:00 | gap=184h (22 rows)
    [CV fold 2] train_end=2024-08-24 08:00 | val_start=2024-09-01 00:00 | gap=184h (22 rows)
    [CV fold 3] train_end=2024-12-24 00:00 | val_start=2024-12-31 16:00 | gap=184h (22 rows)
    [CV fold 4] train_end=2025-04-24 16:00 | val_start=2025-05-02 08:00 | gap=184h (22 rows)
    [trial 0] Sharpe=-0.1549 (folds: -0.2821, 0.0096, -0.2939, -0.1299, -0.0784)
    [trial 1] 14 features, training_days=410 | threshold=0.693 | labels: 1303 long, 890 short (59/41%)
    [trial 1] Sharpe=-0.1526 (folds: -0.6951, 0.1257, -0.0363, -0.1131, -0.0441)
    [trial 2] 14 features, training_days=270 | threshold=0.546 | labels: 1303 long, 890 short (59/41%)
    [trial 2] Sharpe=-0.0769 (folds: -0.1759, 0.1137, -0.0167, -0.1440, -0.1616)
    [trial 3] 14 features, training_days=270 | threshold=0.600 | labels: 1303 long, 890 short (59/41%)
    [trial 3] Sharpe=-0.1055 (folds: -0.2495, 0.1538, -0.0683, -0.1460, -0.2173)
    [trial 4] 14 features, training_days=390 | threshold=0.764 | labels: 1303 long, 890 short (59/41%)
    [trial 4] Sharpe=-0.0902 (folds: -0.2529, 0.1387, -0.1208, -0.0615, -0.1546)
    [trial 5] 14 features, training_days=60 | threshold=0.603 | labels: 1303 long, 890 short (59/41%)
    [trial 5] Sharpe=-0.1036 (folds: -0.3061, 0.1310, -0.1337, -0.1241, -0.0851)
    [trial 6] 14 features, training_days=290 | threshold=0.738 | labels: 1303 long, 890 short (59/41%)
    [trial 6] Sharpe=-0.1141 (folds: -0.2395, 0.1554, -0.0976, -0.1478, -0.2409)
    [trial 7] 14 features, training_days=70 | threshold=0.564 | labels: 1303 long, 890 short (59/41%)
    [trial 7] Sharpe=-0.1541 (folds: -0.3859, -0.0451, -0.0807, -0.1267, -0.1322)
    [trial 8] 14 features, training_days=440 | threshold=0.653 | labels: 1303 long, 890 short (59/41%)
    [trial 8] Sharpe=-0.0459 (folds: -0.4135, 0.0663, 0.0164, -0.0652, 0.1666)
    [trial 9] 14 features, training_days=360 | threshold=0.728 | labels: 1303 long, 890 short (59/41%)
    [trial 9] Sharpe=-2.0629 (folds: -0.1253, 0.0242, -0.0682, -0.1453, -10.0000)
  Optuna: 10 trials, best Sharpe = -0.0459
  Best params: n_estimators=116, max_depth=4, lr=0.0102, leaves=115
  Best confidence_threshold: 0.653
  Best training_days: 440
  Retrained on full data (1320 samples, 14 features)
  Model trained for 2025-09: 90 test candles with features, confidence_threshold=0.653
[trade:close] 2025-09-06 15:59 TRXUSDT LONG → stop_loss @ 0.33 | PnL=-2.40% (net -2.50%) | cum=-1.69% 2025-09=-2.50% 2025-09-06=-2.50%
[lgbm] === Training for 2025-10 ===
  Train window: 2023-10-01 → 2025-10-01
  2193 training samples from 1 symbols
  Samples per month: 2023-10: 93, 2023-11: 90, 2023-12: 93, 2024-01: 93, 2024-02: 87, 2024-03: 93, 2024-04: 90, 2024-05: 93, 2024-06: 90, 2024-07: 93, 2024-08: 93, 2024-09: 90, 2024-10: 93, 2024-11: 90, 2024-12: 93, 2025-01: 93, 2025-02: 84, 2025-03: 93, 2025-04: 90, 2025-05: 93, 2025-06: 90, 2025-07: 93, 2025-08: 93, 2025-09: 90
  [label] 2023-12-02 08:00 TRXUSDT entry=0.1027 → LONG | long=tp(+4.24%) short=sl(-2.27%) | scanned=19 | long_tp_only
  [label] 2023-12-04 16:00 TRXUSDT entry=0.1040 → LONG | long=tp(+4.30%) short=sl(-2.30%) | scanned=13 | long_tp_only
  [label] 2023-12-08 08:00 TRXUSDT entry=0.1060 → SHORT | long=sl(-2.27%) short=sl(-2.27%) | scanned=8 | no_tp→fwd_return=-1.2833
  [label] 2024-01-02 08:00 TRXUSDT entry=0.1088 → SHORT | long=sl(-2.18%) short=tp(+4.06%) | scanned=3 | short_tp_only
  [label] 2024-02-24 08:00 TRXUSDT entry=0.1372 → LONG | long=tp(+3.27%) short=sl(-1.78%) | scanned=9 | long_tp_only
  [label] 2024-08-10 08:00 TRXUSDT entry=0.1293 → LONG | long=sl(-2.22%) short=sl(-2.22%) | scanned=15 | no_tp→fwd_return=+1.4236
  [label] 2024-08-14 08:00 TRXUSDT entry=0.1305 → LONG | long=tp(+3.53%) short=sl(-1.92%) | scanned=9 | long_tp_only
  [label] 2024-08-25 00:00 TRXUSDT entry=0.1597 → SHORT | long=timeout(-2.33%) short=sl(-3.71%) | scanned=22 | no_tp→fwd_return=-2.2349
  [label] 2024-10-09 08:00 TRXUSDT entry=0.1616 → LONG | long=sl(-1.46%) short=sl(-1.46%) | scanned=9 | no_tp→fwd_return=+0.8042
  [label] 2024-10-18 00:00 TRXUSDT entry=0.1590 → LONG | long=sl(-1.37%) short=sl(-1.37%) | scanned=18 | no_tp→fwd_return=+2.5844
  [label] 2025-01-17 16:00 TRXUSDT entry=0.2487 → LONG | long=tp(+6.92%) short=sl(-3.61%) | scanned=1 | long_tp_only
  [label] 2025-02-18 16:00 TRXUSDT entry=0.2391 → SHORT | long=sl(-3.50%) short=sl(-3.50%) | scanned=19 | no_tp→fwd_return=-3.3750
  [label] 2025-03-07 00:00 TRXUSDT entry=0.2406 → SHORT | long=sl(-3.79%) short=sl(-3.79%) | scanned=8 | no_tp→fwd_return=-3.6076
  [label] 2025-03-20 00:00 TRXUSDT entry=0.2313 → LONG | long=timeout(+0.44%) short=sl(-3.57%) | scanned=22 | no_tp→fwd_return=+0.5447
  [label] 2025-04-07 16:00 TRXUSDT entry=0.2285 → LONG | long=tp(+5.76%) short=sl(-3.03%) | scanned=7 | long_tp_only
  [label] 2025-04-14 00:00 TRXUSDT entry=0.2576 → SHORT | long=sl(-2.83%) short=tp(+5.37%) | scanned=13 | short_tp_only[I 2026-05-06 02:25:58,540] A new study created in memory with name: no-name-72b20c74-b2e1-442e-ba06-aa7a6e97a330
[I 2026-05-06 02:25:58,832] Trial 0 finished with value: -0.08322005360423293 and parameters: {'confidence_threshold': 0.7790993046299082, 'training_days': 230, 'n_estimators': 295, 'max_depth': 5, 'num_leaves': 83, 'learning_rate': 0.051543455158230854, 'subsample': 0.8773243492079463, 'min_child_samples': 10, 'reg_alpha': 0.034096514368237685, 'reg_lambda': 3.154180388637081e-05}. Best is trial 0 with value: -0.08322005360423293.
