[I 2026-05-06 02:22:29,989] Trial 9 finished with value: 0.08837303465780133 and parameters: {'confidence_threshold': 0.7277571993354469, 'training_days': 360, 'n_estimators': 75, 'max_depth': 5, 'num_leaves': 41, 'learning_rate': 0.014186743931212992, 'subsample': 0.7445187273047605, 'min_child_samples': 22, 'reg_alpha': 0.02393227447113315, 'reg_lambda': 0.009236766173618426}. Best is trial 5 with value: 0.1339153208753214.

  Features: 2175/2175 matched, 14 columns
  CV gap: 22 rows
    [trial 0] 14 features, training_days=230 | threshold=0.779 | labels: 969 long, 1206 short (45/55%)
    [CV fold 0] train_end=2021-10-23 00:00 | val_start=2021-10-30 16:00 | gap=184h (22 rows)
    [CV fold 1] train_end=2022-02-20 16:00 | val_start=2022-03-03 08:00 | gap=256h (22 rows)
    [CV fold 2] train_end=2022-06-26 08:00 | val_start=2022-07-04 00:00 | gap=184h (22 rows)
    [CV fold 3] train_end=2022-10-25 00:00 | val_start=2022-11-01 16:00 | gap=184h (22 rows)
    [CV fold 4] train_end=2023-02-22 16:00 | val_start=2023-03-02 08:00 | gap=184h (22 rows)
    [trial 0] Sharpe=0.0777 (folds: -0.0568, 0.0736, 0.1674, 0.2644, -0.0604)
    [trial 1] 14 features, training_days=410 | threshold=0.693 | labels: 969 long, 1206 short (45/55%)
    [trial 1] Sharpe=0.0432 (folds: -0.0541, -0.1647, 0.0981, 0.1741, 0.1624)
    [trial 2] 14 features, training_days=270 | threshold=0.546 | labels: 969 long, 1206 short (45/55%)
    [trial 2] Sharpe=-0.0305 (folds: -0.2074, -0.2026, 0.1075, 0.0776, 0.0724)
    [trial 3] 14 features, training_days=270 | threshold=0.600 | labels: 969 long, 1206 short (45/55%)
    [trial 3] Sharpe=0.0335 (folds: -0.0879, -0.0508, 0.1321, 0.1928, -0.0188)
    [trial 4] 14 features, training_days=390 | threshold=0.764 | labels: 969 long, 1206 short (45/55%)
    [trial 4] Sharpe=-0.0119 (folds: -0.0901, -0.1344, 0.0877, 0.0934, -0.0163)
    [trial 5] 14 features, training_days=60 | threshold=0.603 | labels: 969 long, 1206 short (45/55%)
    [trial 5] Sharpe=0.1339 (folds: 0.0038, 0.1808, 0.1195, 0.2366, 0.1288)
    [trial 6] 14 features, training_days=290 | threshold=0.738 | labels: 969 long, 1206 short (45/55%)
    [trial 6] Sharpe=0.0419 (folds: -0.0756, 0.0519, 0.1019, 0.2613, -0.1300)
    [trial 7] 14 features, training_days=70 | threshold=0.564 | labels: 969 long, 1206 short (45/55%)
    [trial 7] Sharpe=0.1019 (folds: 0.0663, 0.1249, 0.1237, 0.1895, 0.0050)
    [trial 8] 14 features, training_days=440 | threshold=0.653 | labels: 969 long, 1206 short (45/55%)
    [trial 8] Sharpe=0.1071 (folds: -0.1682, -0.0063, 0.2065, 0.4507, 0.0528)
    [trial 9] 14 features, training_days=360 | threshold=0.728 | labels: 969 long, 1206 short (45/55%)
    [trial 9] Sharpe=0.0884 (folds: -0.1654, 0.2634, 0.0579, 0.1325, 0.1535)
  Optuna: 10 trials, best Sharpe = 0.1339
  Best params: n_estimators=441, max_depth=3, lr=0.0450, leaves=66
  Best confidence_threshold: 0.603
  Best training_days: 60
  Retrained on full data (180 samples, 14 features)
  Model trained for 2023-07: 93 test candles with features, confidence_threshold=0.603
[predict] 2023-07-02 08:00 MKRUSDT → LONG (proba=0.62 TP=12.3%/SL=6.1%)
[trade:open] 2023-07-02 15:59 MKRUSDT LONG @ 851.30 | SL=799.14 TP=955.62 | timeout=2023-07-09 15:59
[trade:close] 2023-07-03 23:59 MKRUSDT LONG → take_profit @ 955.62 | PnL=+12.25% (net +12.15%) | cum=-10.51% 2023-07=+12.15% 2023-07-03=+12.15%
[predict] 2023-07-05 16:00 MKRUSDT → SHORT (proba=0.67 TP=17.4%/SL=8.7%)
[trade:open] 2023-07-05 23:59 MKRUSDT SHORT @ 917.00 | SL=996.95 TP=757.10 | timeout=2023-07-12 23:59
[trade:close] 2023-07-06 07:59 MKRUSDT SHORT → stop_loss @ 996.95 | PnL=-8.72% (net -8.82%) | cum=-19.33% 2023-07=+3.33% 2023-07-06=-8.82%
[predict] 2023-07-07 16:00 MKRUSDT → SHORT (proba=0.76 TP=17.9%/SL=8.9%)
[trade:open] 2023-07-07 23:59 MKRUSDT SHORT @ 943.30 | SL=1027.52 TP=774.85 | timeout=2023-07-14 23:59
[trade:close] 2023-07-15 00:00 MKRUSDT SHORT → timeout @ 865.70 | PnL=+8.23% (net +8.13%) | cum=-11.20% 2023-07=+11.46% 2023-07-15=+8.13%
[predict] 2023-07-17 00:00 MKRUSDT → LONG (proba=0.75 TP=14.6%/SL=7.3%)
[trade:open] 2023-07-17 07:59 MKRUSDT LONG @ 961.90 | SL=891.83 TP=1102.03 | timeout=2023-07-24 07:59
[trade:close] 2023-07-18 23:59 MKRUSDT LONG → stop_loss @ 891.83 | PnL=-7.28% (net -7.38%) | cum=-18.59% 2023-07=+4.08% 2023-07-18=-7.38%
[predict] 2023-07-20 08:00 MKRUSDT → LONG (proba=0.90 TP=12.9%/SL=6.5%)
[trade:open] 2023-07-20 15:59 MKRUSDT LONG @ 1018.80 | SL=952.95 TP=1150.51 | timeout=2023-07-27 15:59
[trade:close] 2023-07-21 07:59 MKRUSDT LONG → take_profit @ 1150.51 | PnL=+12.93% (net +12.83%) | cum=-5.76% 2023-07=+16.90% 2023-07-21=+12.83%
[predict] 2023-07-22 16:00 MKRUSDT → SHORT (proba=0.81 TP=13.4%/SL=6.7%)
[trade:open] 2023-07-22 23:59 MKRUSDT SHORT @ 1109.50 | SL=1183.57 TP=961.35 | timeout=2023-07-29 23:59
[trade:close] 2023-07-25 15:59 MKRUSDT SHORT → stop_loss @ 1183.57 | PnL=-6.68% (net -6.78%) | cum=-12.54% 2023-07=+10.13% 2023-07-25=-6.78%
[predict] 2023-07-27 16:00 MKRUSDT → SHORT (proba=0.90 TP=13.7%/SL=6.9%)
[trade:open] 2023-07-27 23:59 MKRUSDT SHORT @ 1164.10 | SL=1243.87 TP=1004.55 | timeout=2023-08-03 23:59
[trade:close] 2023-07-29 15:59 MKRUSDT SHORT → stop_loss @ 1243.87 | PnL=-6.85% (net -6.95%) | cum=-19.49% 2023-07=+3.18% 2023-07-29=-6.95%
[predict] 2023-07-31 00:00 MKRUSDT → LONG (proba=0.92 TP=12.3%/SL=6.1%)
[trade:open] 2023-07-31 07:59 MKRUSDT LONG @ 1274.40 | SL=1196.30 TP=1430.59 | timeout=2023-08-07 07:59
[trade:close] 2023-08-01 07:59 MKRUSDT LONG → stop_loss @ 1196.30 | PnL=-6.13% (net -6.23%) | cum=-25.72% 2023-08=-6.23% 2023-08-01=-6.23%
[lgbm] === Training for 2023-08 ===
  Train window: 2021-08-01 → 2023-08-01
  2175 training samples from 1 symbols
  Samples per month: 2021-08: 93, 2021-09: 90, 2021-10: 93, 2021-11: 90, 2021-12: 93, 2022-01: 93, 2022-02: 75, 2022-03: 93, 2022-04: 84, 2022-05: 93, 2022-06: 90, 2022-07: 93, 2022-08: 93, 2022-09: 90, 2022-10: 93, 2022-11: 90, 2022-12: 93, 2023-01: 93, 2023-02: 84, 2023-03: 93, 2023-04: 90, 2023-05: 93, 2023-06: 90, 2023-07: 93
  [label] 2021-10-01 16:00 MKRUSDT entry=2442.9000 → LONG | long=timeout(+2.34%) short=timeout(-2.54%) | scanned=22 | no_tp→fwd_return=+2.4397
  [label] 2021-10-04 00:00 MKRUSDT entry=2484.5000 → LONG | long=timeout(+2.07%) short=sl(-7.00%) | scanned=22 | no_tp→fwd_return=+2.1735
  [label] 2021-10-07 16:00 MKRUSDT entry=2503.9000 → LONG | long=timeout(+1.67%) short=sl(-6.78%) | scanned=22 | no_tp→fwd_return=+1.7692
  [label] 2021-11-01 16:00 MKRUSDT entry=2453.9000 → LONG | long=tp(+10.28%) short=sl(-5.29%) | scanned=3 | long_tp_only
  [label] 2021-12-24 00:00 MKRUSDT entry=2605.3000 → SHORT | long=sl(-5.89%) short=sl(-5.89%) | scanned=16 | no_tp→fwd_return=-5.2240
  [label] 2022-06-13 16:00 MKRUSDT entry=764.1000 → LONG | long=sl(-12.38%) short=sl(-12.38%) | scanned=18 | no_tp→fwd_return=+18.2960
  [label] 2022-06-17 16:00 MKRUSDT entry=766.9000 → LONG | long=sl(-12.72%) short=sl(-12.72%) | scanned=6 | no_tp→fwd_return=+17.8641
  [label] 2022-06-28 08:00 MKRUSDT entry=982.0000 → SHORT | long=sl(-9.43%) short=timeout(+6.70%) | scanned=22 | no_tp→fwd_return=-6.8024
  [label] 2022-08-12 08:00 MKRUSDT entry=1075.8000 → SHORT | long=sl(-6.72%) short=tp(+13.14%) | scanned=16 | short_tp_only
  [label] 2022-08-21 00:00 MKRUSDT entry=830.8000 → SHORT | long=sl(-7.37%) short=timeout(+7.46%) | scanned=22 | no_tp→fwd_return=-7.5590
  [label] 2022-11-19 16:00 MKRUSDT entry=682.1000 → SHORT | long=sl(-7.32%) short=timeout(+6.10%) | scanned=22 | no_tp→fwd_return=-6.2014
  [label] 2022-12-21 16:00 MKRUSDT entry=552.7000 → SHORT | long=sl(-4.00%) short=timeout(+6.36%) | scanned=22 | no_tp→fwd_return=-6.4592
  [label] 2023-01-06 16:00 MKRUSDT entry=540.1000 → LONG | long=tp(+6.39%) short=sl(-3.34%) | scanned=4 | long_tp_only
  [label] 2023-01-19 16:00 MKRUSDT entry=664.8000 → SHORT | long=timeout(-1.06%) short=sl(-6.20%) | scanned=22 | no_tp→fwd_return=-0.9627
  [label] 2023-02-07 00:00 MKRUSDT entry=714.8000 → LONG | long=tp(+10.58%) short=sl(-5.44%) | scanned=2 | long_tp_only
  [label] 2023-02-13 08:00 MKRUSDT entry=755.2000 → LONG | long=sl(-6.53%) short=timeout(-1.93%) | scanned=22 | no_tp→fwd_return=+1.8273
  [label] 2023-02-25 16:00 MKRUSDT entry=707.3000 → LONG | long=tp(+11.89%) short=sl(-6.10%) | scanned=5 | long_tp_only
  [label] 2023-04-06 08:00 MKRUSDT entry=720.9000 → LONG | long=sl(-5.00%) short=timeout(-3.39%) | scanned=22 | no_tp→fwd_return=+3.2876
  [label] 2023-04-16 08:00 MKRUSDT entry=778.4000 → SHORT | long=sl(-4.04%) short=sl(-4.04%) | scanned=9 | no_tp→fwd_return=-6.3464[I 2026-05-06 02:22:30,283] A new study created in memory with name: no-name-c57a873c-2091-4b9c-9c80-826b5e775480
[I 2026-05-06 02:22:30,560] Trial 0 finished with value: 0.03494661131404717 and parameters: {'confidence_threshold': 0.7790993046299082, 'training_days': 230, 'n_estimators': 295, 'max_depth': 5, 'num_leaves': 83, 'learning_rate': 0.051543455158230854, 'subsample': 0.8773243492079463, 'min_child_samples': 10, 'reg_alpha': 0.034096514368237685, 'reg_lambda': 3.154180388637081e-05}. Best is trial 0 with value: 0.03494661131404717.
[I 2026-05-06 02:22:30,706] Trial 1 finished with value: 0.052727135138422566 and parameters: {'confidence_threshold': 0.6929247853618086, 'training_days': 410, 'n_estimators': 233, 'max_depth': 5, 'num_leaves': 108, 'learning_rate': 0.013724237108071606, 'subsample': 0.7013182233636002, 'min_child_samples': 94, 'reg_alpha': 2.4040959529260723e-06, 'reg_lambda': 5.320966582161148}. Best is trial 1 with value: 0.052727135138422566.
[I 2026-05-06 02:22:30,768] Trial 2 finished with value: -0.08109695428279148 and parameters: {'confidence_threshold': 0.546341527225763, 'training_days': 270, 'n_estimators': 120, 'max_depth': 4, 'num_leaves': 53, 'learning_rate': 0.060197068579343475, 'subsample': 0.588227873455941, 'min_child_samples': 91, 'reg_alpha': 2.3457771824819002e-08, 'reg_lambda': 1.1358840775642732e-08}. Best is trial 1 with value: 0.052727135138422566.
[I 2026-05-06 02:22:30,948] Trial 3 finished with value: -0.01286578261824382 and parameters: {'confidence_threshold': 0.6000319676300473, 'training_days': 270, 'n_estimators': 382, 'max_depth': 4, 'num_leaves': 44, 'learning_rate': 0.09185046765032388, 'subsample': 0.6743651508646724, 'min_child_samples': 77, 'reg_alpha': 0.0013974578104212739, 'reg_lambda': 8.97190257982477e-08}. Best is trial 1 with value: 0.052727135138422566.
[I 2026-05-06 02:22:31,329] Trial 4 finished with value: 0.04851487537570641 and parameters: {'confidence_threshold': 0.7642618789055509, 'training_days': 390, 'n_estimators': 464, 'max_depth': 5, 'num_leaves': 30, 'learning_rate': 0.024562383309704932, 'subsample': 0.8612975035964376, 'min_child_samples': 36, 'reg_alpha': 1.593999300080167, 'reg_lambda': 0.006081270362829788}. Best is trial 1 with value: 0.052727135138422566.
[I 2026-05-06 02:22:31,472] Trial 5 finished with value: -0.06512486294275874 and parameters: {'confidence_threshold': 0.6029115860358569, 'training_days': 60, 'n_estimators': 441, 'max_depth': 3, 'num_leaves': 66, 'learning_rate': 0.044953114425778824, 'subsample': 0.7098948461279406, 'min_child_samples': 15, 'reg_alpha': 4.888753565548431e-07, 'reg_lambda': 4.198190642566389}. Best is trial 1 with value: 0.052727135138422566.
[I 2026-05-06 02:22:31,721] Trial 6 finished with value: -0.04846495961546532 and parameters: {'confidence_threshold': 0.7376932868314098, 'training_days': 290, 'n_estimators': 249, 'max_depth': 5, 'num_leaves': 121, 'learning_rate': 0.015565840632862623, 'subsample': 0.8390183783709677, 'min_child_samples': 19, 'reg_alpha': 1.860444687368747e-08, 'reg_lambda': 2.7391483548058117e-06}. Best is trial 1 with value: 0.052727135138422566.
[I 2026-05-06 02:22:31,756] Trial 7 finished with value: -0.13358592436256805 and parameters: {'confidence_threshold': 0.563503962036334, 'training_days': 70, 'n_estimators': 63, 'max_depth': 3, 'num_leaves': 47, 'learning_rate': 0.18074927623018475, 'subsample': 0.5059692991701257, 'min_child_samples': 9, 'reg_alpha': 3.6945804405602874e-08, 'reg_lambda': 0.027706035542028905}. Best is trial 1 with value: 0.052727135138422566.
[I 2026-05-06 02:22:31,860] Trial 8 finished with value: -0.01123806862119718 and parameters: {'confidence_threshold': 0.6525471176758836, 'training_days': 440, 'n_estimators': 116, 'max_depth': 4, 'num_leaves': 115, 'learning_rate': 0.010229952960863938, 'subsample': 0.5062159465415076, 'min_child_samples': 54, 'reg_alpha': 6.790626457822126e-06, 'reg_lambda': 1.7869141074987722e-05}. Best is trial 1 with value: 0.052727135138422566.
[I 2026-05-06 02:22:31,968] Trial 9 finished with value: 0.013751412477704667 and parameters: {'confidence_threshold': 0.7277571993354469, 'training_days': 360, 'n_estimators': 75, 'max_depth': 5, 'num_leaves': 41, 'learning_rate': 0.014186743931212992, 'subsample': 0.7445187273047605, 'min_child_samples': 22, 'reg_alpha': 0.02393227447113315, 'reg_lambda': 0.009236766173618426}. Best is trial 1 with value: 0.052727135138422566.
[I 2026-05-06 02:22:32,306] A new study created in memory with name: no-name-9320daa3-e0cf-4340-9745-29656cfef10a
[I 2026-05-06 02:22:32,613] Trial 0 finished with value: 0.05792595865803707 and parameters: {'confidence_threshold': 0.7790993046299082, 'training_days': 230, 'n_estimators': 295, 'max_depth': 5, 'num_leaves': 83, 'learning_rate': 0.051543455158230854, 'subsample': 0.8773243492079463, 'min_child_samples': 10, 'reg_alpha': 0.034096514368237685, 'reg_lambda': 3.154180388637081e-05}. Best is trial 0 with value: 0.05792595865803707.
[I 2026-05-06 02:22:32,775] Trial 1 finished with value: 0.06315995737244161 and parameters: {'confidence_threshold': 0.6929247853618086, 'training_days': 410, 'n_estimators': 233, 'max_depth': 5, 'num_leaves': 108, 'learning_rate': 0.013724237108071606, 'subsample': 0.7013182233636002, 'min_child_samples': 94, 'reg_alpha': 2.4040959529260723e-06, 'reg_lambda': 5.320966582161148}. Best is trial 1 with value: 0.06315995737244161.
[I 2026-05-06 02:22:32,854] Trial 2 finished with value: 0.048091394980756805 and parameters: {'confidence_threshold': 0.546341527225763, 'training_days': 270, 'n_estimators': 120, 'max_depth': 4, 'num_leaves': 53, 'learning_rate': 0.060197068579343475, 'subsample': 0.588227873455941, 'min_child_samples': 91, 'reg_alpha': 2.3457771824819002e-08, 'reg_lambda': 1.1358840775642732e-08}. Best is trial 1 with value: 0.06315995737244161.
[I 2026-05-06 02:22:33,063] Trial 3 finished with value: 0.0834242708184872 and parameters: {'confidence_threshold': 0.6000319676300473, 'training_days': 270, 'n_estimators': 382, 'max_depth': 4, 'num_leaves': 44, 'learning_rate': 0.09185046765032388, 'subsample': 0.6743651508646724, 'min_child_samples': 77, 'reg_alpha': 0.0013974578104212739, 'reg_lambda': 8.97190257982477e-08}. Best is trial 3 with value: 0.0834242708184872.
[I 2026-05-06 02:22:33,451] Trial 4 finished with value: 0.09130547009992591 and parameters: {'confidence_threshold': 0.7642618789055509, 'training_days': 390, 'n_estimators': 464, 'max_depth': 5, 'num_leaves': 30, 'learning_rate': 0.024562383309704932, 'subsample': 0.8612975035964376, 'min_child_samples': 36, 'reg_alpha': 1.593999300080167, 'reg_lambda': 0.006081270362829788}. Best is trial 4 with value: 0.09130547009992591.
