[I 2026-05-06 02:24:53,452] Trial 9 finished with value: 0.39758776958088166 and parameters: {'confidence_threshold': 0.7277571993354469, 'training_days': 360, 'n_estimators': 75, 'max_depth': 5, 'num_leaves': 41, 'learning_rate': 0.014186743931212992, 'subsample': 0.7445187273047605, 'min_child_samples': 22, 'reg_alpha': 0.02393227447113315, 'reg_lambda': 0.009236766173618426}. Best is trial 9 with value: 0.39758776958088166.

    [trial 6] 14 features, training_days=290 | threshold=0.738 | labels: 1185 long, 990 short (54/46%)
    [trial 6] Sharpe=0.0560 (folds: 0.0307, 0.2415, 0.1842, -0.3360, 0.1595)
    [trial 7] 14 features, training_days=70 | threshold=0.564 | labels: 1185 long, 990 short (54/46%)
    [trial 7] Sharpe=-0.0403 (folds: 0.0770, -0.0885, -0.2109, 0.0730, -0.0523)
    [trial 8] 14 features, training_days=440 | threshold=0.653 | labels: 1185 long, 990 short (54/46%)
    [trial 8] Sharpe=-0.0740 (folds: 0.0156, -0.0475, 0.2014, -0.6703, 0.1306)
    [trial 9] 14 features, training_days=360 | threshold=0.728 | labels: 1185 long, 990 short (54/46%)
    [trial 9] Sharpe=-1.9818 (folds: -0.1568, 0.5335, 0.2109, -10.0000, -0.4967)
  Optuna: 10 trials, best Sharpe = 0.0560
  Best params: n_estimators=249, max_depth=5, lr=0.0156, leaves=121
  Best confidence_threshold: 0.738
  Best training_days: 290
  Retrained on full data (870 samples, 14 features)
  Model trained for 2023-02: 84 test candles with features, confidence_threshold=0.738
[predict] 2023-02-02 16:00 TRXUSDT → LONG (proba=0.78 TP=6.6%/SL=3.3%)
[trade:open] 2023-02-02 23:59 TRXUSDT LONG @ 0.06 | SL=0.06 TP=0.07 | timeout=2023-02-09 23:59
[trade:close] 2023-02-08 15:59 TRXUSDT LONG → take_profit @ 0.07 | PnL=+6.57% (net +6.47%) | cum=-4.66% 2023-02=+6.47% 2023-02-08=+6.47%
[predict] 2023-02-10 08:00 TRXUSDT → SHORT (proba=0.80 TP=7.9%/SL=4.0%)
[trade:open] 2023-02-10 15:59 TRXUSDT SHORT @ 0.06 | SL=0.07 TP=0.06 | timeout=2023-02-17 15:59
[trade:close] 2023-02-13 23:59 TRXUSDT SHORT → stop_loss @ 0.07 | PnL=-3.97% (net -4.07%) | cum=-8.72% 2023-02=+2.40% 2023-02-13=-4.07%
[predict] 2023-02-15 08:00 TRXUSDT → SHORT (proba=0.94 TP=6.6%/SL=3.3%)
[trade:open] 2023-02-15 15:59 TRXUSDT SHORT @ 0.07 | SL=0.07 TP=0.06 | timeout=2023-02-22 15:59
[trade:close] 2023-02-17 23:59 TRXUSDT SHORT → stop_loss @ 0.07 | PnL=-3.31% (net -3.41%) | cum=-12.13% 2023-02=-1.01% 2023-02-17=-3.41%
[predict] 2023-02-19 08:00 TRXUSDT → SHORT (proba=0.77 TP=6.6%/SL=3.3%)
[trade:open] 2023-02-19 15:59 TRXUSDT SHORT @ 0.07 | SL=0.07 TP=0.07 | timeout=2023-02-26 15:59
[trade:close] 2023-02-25 23:59 TRXUSDT SHORT → take_profit @ 0.07 | PnL=+6.55% (net +6.45%) | cum=-5.67% 2023-02=+5.45% 2023-02-25=+6.45%
[lgbm] === Training for 2023-03 ===
  Train window: 2021-03-01 → 2023-03-01
  2175 training samples from 1 symbols
  Samples per month: 2021-03: 93, 2021-04: 90, 2021-05: 93, 2021-06: 90, 2021-07: 93, 2021-08: 93, 2021-09: 90, 2021-10: 93, 2021-11: 90, 2021-12: 93, 2022-01: 93, 2022-02: 75, 2022-03: 93, 2022-04: 84, 2022-05: 93, 2022-06: 90, 2022-07: 93, 2022-08: 93, 2022-09: 90, 2022-10: 93, 2022-11: 90, 2022-12: 93, 2023-01: 93, 2023-02: 84
  [label] 2021-05-01 16:00 TRXUSDT entry=0.1313 → LONG | long=sl(-9.60%) short=sl(-9.60%) | scanned=12 | no_tp→fwd_return=+11.9753
  [label] 2021-05-04 00:00 TRXUSDT entry=0.1254 → LONG | long=tp(+18.18%) short=sl(-9.24%) | scanned=6 | long_tp_only
  [label] 2021-05-07 16:00 TRXUSDT entry=0.1477 → SHORT | long=sl(-10.19%) short=tp(+20.09%) | scanned=9 | short_tp_only
  [label] 2021-06-01 16:00 TRXUSDT entry=0.0761 → SHORT | long=sl(-11.01%) short=timeout(+4.85%) | scanned=22 | no_tp→fwd_return=-4.9540
  [label] 2021-07-24 00:00 TRXUSDT entry=0.0566 → LONG | long=tp(+9.42%) short=sl(-4.86%) | scanned=6 | long_tp_only
  [label] 2022-01-06 16:00 TRXUSDT entry=0.0710 → SHORT | long=sl(-4.42%) short=tp(+8.55%) | scanned=6 | short_tp_only
  [label] 2022-01-10 16:00 TRXUSDT entry=0.0634 → LONG | long=tp(+10.59%) short=sl(-5.45%) | scanned=16 | long_tp_only
  [label] 2022-01-21 08:00 TRXUSDT entry=0.0645 → SHORT | long=sl(-5.18%) short=tp(+10.06%) | scanned=2 | short_tp_only
  [label] 2022-03-10 08:00 TRXUSDT entry=0.0587 → LONG | long=timeout(+3.74%) short=sl(-4.55%) | scanned=22 | no_tp→fwd_return=+3.8350
  [label] 2022-03-19 00:00 TRXUSDT entry=0.0614 → LONG | long=tp(+5.44%) short=sl(-2.87%) | scanned=12 | long_tp_only
  [label] 2022-06-19 16:00 TRXUSDT entry=0.0612 → LONG | long=timeout(+5.96%) short=timeout(-6.16%) | scanned=22 | no_tp→fwd_return=+6.0571
  [label] 2022-07-21 16:00 TRXUSDT entry=0.0679 → SHORT | long=sl(-3.46%) short=tp(+6.63%) | scanned=13 | short_tp_only
  [label] 2022-08-06 16:00 TRXUSDT entry=0.0694 → LONG | long=timeout(+0.63%) short=timeout(-0.83%) | scanned=22 | no_tp→fwd_return=+0.7350
  [label] 2022-08-19 16:00 TRXUSDT entry=0.0640 → SHORT | long=sl(-3.26%) short=sl(-3.26%) | scanned=21 | no_tp→fwd_return=-3.9075
  [label] 2022-09-07 00:00 TRXUSDT entry=0.0606 → LONG | long=tp(+5.27%) short=sl(-2.78%) | scanned=9 | long_tp_only
  [label] 2022-09-13 08:00 TRXUSDT entry=0.0614 → SHORT | long=sl(-2.86%) short=timeout(+2.16%) | scanned=22 | no_tp→fwd_return=-2.2635
  [label] 2022-09-25 16:00 TRXUSDT entry=0.0597 → LONG | long=timeout(+1.91%) short=sl(-2.63%) | scanned=22 | no_tp→fwd_return=+2.0114
  [label] 2022-11-04 08:00 TRXUSDT entry=0.0629 → SHORT | long=sl(-2.26%) short=sl(-2.26%) | scanned=11 | no_tp→fwd_return=-3.3053
  [label] 2022-11-14 08:00 TRXUSDT entry=0.0493 → LONG | long=timeout(+4.06%) short=timeout(-4.26%) | scanned=22 | no_tp→fwd_return=+4.1616
  [label] 2023-02-08 16:00 TRXUSDT entry=0.0669 → SHORT | long=sl(-3.56%) short=tp(+6.82%) | scanned=3 | short_tp_only
  Labels: 1177 long (54.1%), 998 short (45.9%) | weights: min=1.00, mean=2.73, max=10.00
  Features: 2175/2175 matched, 14 columns
  CV gap: 22 rows
    [trial 0] 14 features, training_days=230 | threshold=0.779 | labels: 1177 long, 998 short (54/46%)
    [CV fold 0] train_end=2021-06-23 00:00 | val_start=2021-06-30 16:00 | gap=184h (22 rows)
    [CV fold 1] train_end=2021-10-21 16:00 | val_start=2021-10-29 08:00 | gap=184h (22 rows)
    [CV fold 2] train_end=2022-02-19 08:00 | val_start=2022-03-02 00:00 | gap=256h (22 rows)
    [CV fold 3] train_end=2022-06-25 00:00 | val_start=2022-07-02 16:00 | gap=184h (22 rows)
    [CV fold 4] train_end=2022-10-23 16:00 | val_start=2022-10-31 08:00 | gap=184h (22 rows)
    [trial 0] Sharpe=-0.0099 (folds: 0.0412, 0.4330, -0.4018, -0.1595, 0.0378)
    [trial 1] 14 features, training_days=410 | threshold=0.693 | labels: 1177 long, 998 short (54/46%)
    [trial 1] Sharpe=-0.0146 (folds: 0.1170, 0.3361, -0.0639, -0.5056, 0.0436)
    [trial 2] 14 features, training_days=270 | threshold=0.546 | labels: 1177 long, 998 short (54/46%)
    [trial 2] Sharpe=0.0177 (folds: -0.0325, 0.0825, -0.0192, 0.0296, 0.0280)
    [trial 3] 14 features, training_days=270 | threshold=0.600 | labels: 1177 long, 998 short (54/46%)
    [trial 3] Sharpe=0.0494 (folds: 0.0275, 0.0194, 0.0383, 0.1383, 0.0233)
    [trial 4] 14 features, training_days=390 | threshold=0.764 | labels: 1177 long, 998 short (54/46%)
    [trial 4] Sharpe=0.0804 (folds: 0.0374, 0.5606, -0.0817, -0.1905, 0.0761)
    [trial 5] 14 features, training_days=60 | threshold=0.603 | labels: 1177 long, 998 short (54/46%)
    [trial 5] Sharpe=-0.0994 (folds: 0.0337, -0.1852, -0.1810, -0.0884, -0.0759)
    [trial 6] 14 features, training_days=290 | threshold=0.738 | labels: 1177 long, 998 short (54/46%)
    [trial 6] Sharpe=0.0148 (folds: -0.0683, 0.8427, -0.4265, -0.0030, -0.2711)
    [trial 7] 14 features, training_days=70 | threshold=0.564 | labels: 1177 long, 998 short (54/46%)
    [trial 7] Sharpe=-0.1318 (folds: 0.0185, -0.2034, -0.2605, -0.0772, -0.1362)
    [trial 8] 14 features, training_days=440 | threshold=0.653 | labels: 1177 long, 998 short (54/46%)
    [trial 8] Sharpe=-1.9069 (folds: 0.2516, -10.0000, 0.1199, 0.1075, -0.0135)
    [trial 9] 14 features, training_days=360 | threshold=0.728 | labels: 1177 long, 998 short (54/46%)
    [trial 9] Sharpe=0.3976 (folds: -0.3088, 2.0810, 0.1146, -0.1063, 0.2074)
  Optuna: 10 trials, best Sharpe = 0.3976
  Best params: n_estimators=75, max_depth=5, lr=0.0142, leaves=41
  Best confidence_threshold: 0.728
  Best training_days: 360
  Retrained on full data (1074 samples, 14 features)
  Model trained for 2023-03: 93 test candles with features, confidence_threshold=0.728
[lgbm] === Training for 2023-04 ===
  Train window: 2021-04-01 → 2023-04-01
  2175 training samples from 1 symbols
  Samples per month: 2021-04: 90, 2021-05: 93, 2021-06: 90, 2021-07: 93, 2021-08: 93, 2021-09: 90, 2021-10: 93, 2021-11: 90, 2021-12: 93, 2022-01: 93, 2022-02: 75, 2022-03: 93, 2022-04: 84, 2022-05: 93, 2022-06: 90, 2022-07: 93, 2022-08: 93, 2022-09: 90, 2022-10: 93, 2022-11: 90, 2022-12: 93, 2023-01: 93, 2023-02: 84, 2023-03: 93[I 2026-05-06 02:24:53,847] A new study created in memory with name: no-name-7ca09fbf-bf05-475f-b64e-8e1ae33cd700
[I 2026-05-06 02:24:54,114] Trial 0 finished with value: -0.03353297611492749 and parameters: {'confidence_threshold': 0.7790993046299082, 'training_days': 230, 'n_estimators': 295, 'max_depth': 5, 'num_leaves': 83, 'learning_rate': 0.051543455158230854, 'subsample': 0.8773243492079463, 'min_child_samples': 10, 'reg_alpha': 0.034096514368237685, 'reg_lambda': 3.154180388637081e-05}. Best is trial 0 with value: -0.03353297611492749.
[I 2026-05-06 02:24:54,256] Trial 1 finished with value: 0.04891249181565277 and parameters: {'confidence_threshold': 0.6929247853618086, 'training_days': 410, 'n_estimators': 233, 'max_depth': 5, 'num_leaves': 108, 'learning_rate': 0.013724237108071606, 'subsample': 0.7013182233636002, 'min_child_samples': 94, 'reg_alpha': 2.4040959529260723e-06, 'reg_lambda': 5.320966582161148}. Best is trial 1 with value: 0.04891249181565277.
[I 2026-05-06 02:24:54,322] Trial 2 finished with value: -0.04632185404945346 and parameters: {'confidence_threshold': 0.546341527225763, 'training_days': 270, 'n_estimators': 120, 'max_depth': 4, 'num_leaves': 53, 'learning_rate': 0.060197068579343475, 'subsample': 0.588227873455941, 'min_child_samples': 91, 'reg_alpha': 2.3457771824819002e-08, 'reg_lambda': 1.1358840775642732e-08}. Best is trial 1 with value: 0.04891249181565277.
[I 2026-05-06 02:24:54,503] Trial 3 finished with value: -0.0018304630475324628 and parameters: {'confidence_threshold': 0.6000319676300473, 'training_days': 270, 'n_estimators': 382, 'max_depth': 4, 'num_leaves': 44, 'learning_rate': 0.09185046765032388, 'subsample': 0.6743651508646724, 'min_child_samples': 77, 'reg_alpha': 0.0013974578104212739, 'reg_lambda': 8.97190257982477e-08}. Best is trial 1 with value: 0.04891249181565277.
[I 2026-05-06 02:24:54,875] Trial 4 finished with value: 0.05025669993010991 and parameters: {'confidence_threshold': 0.7642618789055509, 'training_days': 390, 'n_estimators': 464, 'max_depth': 5, 'num_leaves': 30, 'learning_rate': 0.024562383309704932, 'subsample': 0.8612975035964376, 'min_child_samples': 36, 'reg_alpha': 1.593999300080167, 'reg_lambda': 0.006081270362829788}. Best is trial 4 with value: 0.05025669993010991.
[I 2026-05-06 02:24:55,019] Trial 5 finished with value: -0.02969785275816369 and parameters: {'confidence_threshold': 0.6029115860358569, 'training_days': 60, 'n_estimators': 441, 'max_depth': 3, 'num_leaves': 66, 'learning_rate': 0.044953114425778824, 'subsample': 0.7098948461279406, 'min_child_samples': 15, 'reg_alpha': 4.888753565548431e-07, 'reg_lambda': 4.198190642566389}. Best is trial 4 with value: 0.05025669993010991.
[I 2026-05-06 02:24:55,248] Trial 6 finished with value: -0.10916490468721025 and parameters: {'confidence_threshold': 0.7376932868314098, 'training_days': 290, 'n_estimators': 249, 'max_depth': 5, 'num_leaves': 121, 'learning_rate': 0.015565840632862623, 'subsample': 0.8390183783709677, 'min_child_samples': 19, 'reg_alpha': 1.860444687368747e-08, 'reg_lambda': 2.7391483548058117e-06}. Best is trial 4 with value: 0.05025669993010991.
[I 2026-05-06 02:24:55,283] Trial 7 finished with value: -0.03662823861572452 and parameters: {'confidence_threshold': 0.563503962036334, 'training_days': 70, 'n_estimators': 63, 'max_depth': 3, 'num_leaves': 47, 'learning_rate': 0.18074927623018475, 'subsample': 0.5059692991701257, 'min_child_samples': 9, 'reg_alpha': 3.6945804405602874e-08, 'reg_lambda': 0.027706035542028905}. Best is trial 4 with value: 0.05025669993010991.
[I 2026-05-06 02:24:55,365] Trial 8 finished with value: 0.0505453697167015 and parameters: {'confidence_threshold': 0.6525471176758836, 'training_days': 440, 'n_estimators': 116, 'max_depth': 4, 'num_leaves': 115, 'learning_rate': 0.010229952960863938, 'subsample': 0.5062159465415076, 'min_child_samples': 54, 'reg_alpha': 6.790626457822126e-06, 'reg_lambda': 1.7869141074987722e-05}. Best is trial 8 with value: 0.0505453697167015.
[I 2026-05-06 02:24:55,459] Trial 9 finished with value: -2.0134870318675655 and parameters: {'confidence_threshold': 0.7277571993354469, 'training_days': 360, 'n_estimators': 75, 'max_depth': 5, 'num_leaves': 41, 'learning_rate': 0.014186743931212992, 'subsample': 0.7445187273047605, 'min_child_samples': 22, 'reg_alpha': 0.02393227447113315, 'reg_lambda': 0.009236766173618426}. Best is trial 8 with value: 0.0505453697167015.

  [label] 2021-06-01 16:00 TRXUSDT entry=0.0761 → SHORT | long=sl(-11.01%) short=timeout(+4.85%) | scanned=22 | no_tp→fwd_return=-4.9540
  [label] 2021-06-04 00:00 TRXUSDT entry=0.0753 → SHORT | long=sl(-10.08%) short=timeout(+3.84%) | scanned=22 | no_tp→fwd_return=-3.9432
  [label] 2021-06-07 16:00 TRXUSDT entry=0.0716 → LONG | long=timeout(+0.47%) short=timeout(-0.67%) | scanned=22 | no_tp→fwd_return=+0.5726
  [label] 2021-07-02 16:00 TRXUSDT entry=0.0665 → SHORT | long=sl(-6.84%) short=timeout(+6.45%) | scanned=22 | no_tp→fwd_return=-6.5534
  [label] 2021-08-24 00:00 TRXUSDT entry=0.0909 → SHORT | long=sl(-5.37%) short=timeout(+3.37%) | scanned=22 | no_tp→fwd_return=-3.4673
  [label] 2022-02-06 16:00 TRXUSDT entry=0.0661 → LONG | long=tp(+7.86%) short=sl(-4.08%) | scanned=11 | long_tp_only
  [label] 2022-02-10 16:00 TRXUSDT entry=0.0684 → SHORT | long=sl(-4.08%) short=tp(+7.85%) | scanned=4 | short_tp_only
  [label] 2022-02-21 08:00 TRXUSDT entry=0.0628 → SHORT | long=sl(-4.09%) short=tp(+7.88%) | scanned=8 | short_tp_only
  [label] 2022-04-12 08:00 TRXUSDT entry=0.0599 → LONG | long=timeout(+4.19%) short=sl(-4.75%) | scanned=22 | no_tp→fwd_return=+4.2934
  [label] 2022-04-21 00:00 TRXUSDT entry=0.0631 → LONG | long=tp(+6.51%) short=sl(-3.41%) | scanned=1 | long_tp_only
  [label] 2022-07-20 16:00 TRXUSDT entry=0.0674 → LONG | long=sl(-3.65%) short=timeout(-1.85%) | scanned=22 | no_tp→fwd_return=+1.7497
  [label] 2022-08-21 16:00 TRXUSDT entry=0.0658 → SHORT | long=sl(-3.00%) short=tp(+5.70%) | scanned=15 | short_tp_only
  [label] 2022-09-06 16:00 TRXUSDT entry=0.0606 → LONG | long=tp(+5.35%) short=sl(-2.83%) | scanned=11 | long_tp_only
  [label] 2022-09-19 16:00 TRXUSDT entry=0.0602 → SHORT | long=sl(-2.71%) short=timeout(+1.06%) | scanned=22 | no_tp→fwd_return=-1.1618
  [label] 2022-10-08 00:00 TRXUSDT entry=0.0622 → LONG | long=tp(+4.09%) short=sl(-2.19%) | scanned=7 | long_tp_only
  [label] 2022-10-14 08:00 TRXUSDT entry=0.0636 → SHORT | long=sl(-3.20%) short=timeout(+2.87%) | scanned=22 | no_tp→fwd_return=-2.9736
  [label] 2022-10-26 16:00 TRXUSDT entry=0.0634 → SHORT | long=sl(-2.21%) short=sl(-2.21%) | scanned=19 | no_tp→fwd_return=-1.8618
  [label] 2022-12-05 08:00 TRXUSDT entry=0.0534 → SHORT | long=sl(-2.83%) short=sl(-2.83%) | scanned=20 | no_tp→fwd_return=-2.5867
  [label] 2022-12-15 08:00 TRXUSDT entry=0.0556 → SHORT | long=sl(-2.83%) short=tp(+5.37%) | scanned=4 | short_tp_only
  [label] 2023-03-11 16:00 TRXUSDT entry=0.0587 → LONG | long=tp(+8.56%) short=sl(-4.43%) | scanned=3 | long_tp_only
  Labels: 1141 long (52.5%), 1034 short (47.5%) | weights: min=1.00, mean=2.69, max=10.00
  Features: 2175/2175 matched, 14 columns
  CV gap: 22 rows
    [trial 0] 14 features, training_days=230 | threshold=0.779 | labels: 1141 long, 1034 short (52/48%)
    [CV fold 0] train_end=2021-07-24 00:00 | val_start=2021-07-31 16:00 | gap=184h (22 rows)
    [CV fold 1] train_end=2021-11-21 16:00 | val_start=2021-11-29 08:00 | gap=184h (22 rows)
    [CV fold 2] train_end=2022-03-25 08:00 | val_start=2022-04-04 00:00 | gap=232h (22 rows)
    [CV fold 3] train_end=2022-07-26 00:00 | val_start=2022-08-02 16:00 | gap=184h (22 rows)
    [CV fold 4] train_end=2022-11-23 16:00 | val_start=2022-12-01 08:00 | gap=184h (22 rows)
    [trial 0] Sharpe=-0.0335 (folds: -0.1059, 0.3089, -0.3453, -0.0083, -0.0170)
    [trial 1] 14 features, training_days=410 | threshold=0.693 | labels: 1141 long, 1034 short (52/48%)
    [trial 1] Sharpe=0.0489 (folds: 0.1147, -0.0234, 0.0558, 0.1722, -0.0747)
    [trial 2] 14 features, training_days=270 | threshold=0.546 | labels: 1141 long, 1034 short (52/48%)
    [trial 2] Sharpe=-0.0463 (folds: -0.0856, -0.0220, -0.2569, 0.1956, -0.0627)
    [trial 3] 14 features, training_days=270 | threshold=0.600 | labels: 1141 long, 1034 short (52/48%)
    [trial 3] Sharpe=-0.0018 (folds: -0.0574, 0.1276, -0.0261, 0.0363, -0.0895)
    [trial 4] 14 features, training_days=390 | threshold=0.764 | labels: 1141 long, 1034 short (52/48%)
    [trial 4] Sharpe=0.0503 (folds: -0.0810, 0.3692, -0.0390, 0.0545, -0.0524)
    [trial 5] 14 features, training_days=60 | threshold=0.603 | labels: 1141 long, 1034 short (52/48%)
    [trial 5] Sharpe=-0.0297 (folds: -0.1198, -0.1035, 0.0731, -0.0308, 0.0325)
    [trial 6] 14 features, training_days=290 | threshold=0.738 | labels: 1141 long, 1034 short (52/48%)
    [trial 6] Sharpe=-0.1092 (folds: -0.2525, 0.2919, -0.5030, 0.0155, -0.0978)
    [trial 7] 14 features, training_days=70 | threshold=0.564 | labels: 1141 long, 1034 short (52/48%)
    [trial 7] Sharpe=-0.0366 (folds: -0.1060, -0.1090, 0.1360, 0.0159, -0.1200)
    [trial 8] 14 features, training_days=440 | threshold=0.653 | labels: 1141 long, 1034 short (52/48%)
    [trial 8] Sharpe=0.0505 (folds: -0.5459, 0.4710, 0.0821, 0.3191, -0.0736)
    [trial 9] 14 features, training_days=360 | threshold=0.728 | labels: 1141 long, 1034 short (52/48%)
    [trial 9] Sharpe=-2.0135 (folds: -0.5719, 0.6332, -10.0000, -0.0752, -0.0536)
  Optuna: 10 trials, best Sharpe = 0.0505
  Best params: n_estimators=116, max_depth=4, lr=0.0102, leaves=115
  Best confidence_threshold: 0.653
  Best training_days: 440
  Retrained on full data (1305 samples, 14 features)
  Model trained for 2023-04: 90 test candles with features, confidence_threshold=0.653
[lgbm] === Training for 2023-05 ===
  Train window: 2021-05-01 → 2023-05-01
  2175 training samples from 1 symbols
  Samples per month: 2021-05: 93, 2021-06: 90, 2021-07: 93, 2021-08: 93, 2021-09: 90, 2021-10: 93, 2021-11: 90, 2021-12: 93, 2022-01: 93, 2022-02: 75, 2022-03: 93, 2022-04: 84, 2022-05: 93, 2022-06: 90, 2022-07: 93, 2022-08: 93, 2022-09: 90, 2022-10: 93, 2022-11: 90, 2022-12: 93, 2023-01: 93, 2023-02: 84, 2023-03: 93, 2023-04: 90
  [label] 2021-07-01 16:00 TRXUSDT entry=0.0647 → SHORT | long=timeout(-5.71%) short=timeout(+5.51%) | scanned=22 | no_tp→fwd_return=-5.6122
  [label] 2021-07-04 00:00 TRXUSDT entry=0.0674 → SHORT | long=sl(-6.26%) short=tp(+12.22%) | scanned=15 | short_tp_only
  [label] 2021-07-07 16:00 TRXUSDT entry=0.0643 → SHORT | long=sl(-5.41%) short=tp(+10.51%) | scanned=19 | short_tp_only
  [label] 2021-08-01 16:00 TRXUSDT entry=0.0632 → LONG | long=tp(+9.53%) short=sl(-4.92%) | scanned=10 | long_tp_only
  [label] 2021-09-23 00:00 TRXUSDT entry=0.0994 → SHORT | long=sl(-8.67%) short=timeout(+11.44%) | scanned=22 | no_tp→fwd_return=-11.5381
  [label] 2022-03-11 16:00 TRXUSDT entry=0.0602 → LONG | long=timeout(+2.26%) short=timeout(-2.46%) | scanned=22 | no_tp→fwd_return=+2.3596
  [label] 2022-03-15 16:00 TRXUSDT entry=0.0604 → LONG | long=timeout(+4.78%) short=sl(-3.35%) | scanned=22 | no_tp→fwd_return=+4.8801
  [label] 2022-03-26 08:00 TRXUSDT entry=0.0648 → LONG | long=tp(+5.25%) short=sl(-2.77%) | scanned=3 | long_tp_only
  [label] 2022-05-12 08:00 TRXUSDT entry=0.0712 → LONG | long=timeout(+4.13%) short=timeout(-4.33%) | scanned=22 | no_tp→fwd_return=+4.2263
  [label] 2022-05-21 00:00 TRXUSDT entry=0.0717 → LONG | long=tp(+17.70%) short=sl(-9.00%) | scanned=13 | long_tp_only
  [label] 2022-08-19 16:00 TRXUSDT entry=0.0640 → SHORT | long=sl(-3.26%) short=sl(-3.26%) | scanned=21 | no_tp→fwd_return=-3.9075
  [label] 2022-09-20 16:00 TRXUSDT entry=0.0597 → SHORT | long=timeout(-0.79%) short=sl(-2.62%) | scanned=22 | no_tp→fwd_return=-0.6863
  [label] 2022-10-06 16:00 TRXUSDT entry=0.0628 → SHORT | long=sl(-2.25%) short=sl(-2.25%) | scanned=13 | no_tp→fwd_return=-1.7211
  [label] 2022-10-19 16:00 TRXUSDT entry=0.0617 → LONG | long=timeout(+2.66%) short=sl(-2.84%) | scanned=22 | no_tp→fwd_return=+2.7562
  [label] 2022-11-07 00:00 TRXUSDT entry=0.0620 → SHORT | long=sl(-2.49%) short=tp(+4.67%) | scanned=5 | short_tp_only
  [label] 2022-11-13 08:00 TRXUSDT entry=0.0517 → SHORT | long=sl(-7.41%) short=timeout(+1.25%) | scanned=22 | no_tp→fwd_return=-1.3529
  [label] 2022-11-25 16:00 TRXUSDT entry=0.0529 → LONG | long=timeout(+2.70%) short=timeout(-2.90%) | scanned=22 | no_tp→fwd_return=+2.7961
  [label] 2023-01-04 08:00 TRXUSDT entry=0.0549 → SHORT | long=sl(-2.00%) short=tp(+3.71%) | scanned=5 | short_tp_only[I 2026-05-06 02:24:55,851] A new study created in memory with name: no-name-fc35e0f4-fce1-47e5-a726-faab29d7a3de
[I 2026-05-06 02:24:56,121] Trial 0 finished with value: 0.011657139757885177 and parameters: {'confidence_threshold': 0.7790993046299082, 'training_days': 230, 'n_estimators': 295, 'max_depth': 5, 'num_leaves': 83, 'learning_rate': 0.051543455158230854, 'subsample': 0.8773243492079463, 'min_child_samples': 10, 'reg_alpha': 0.034096514368237685, 'reg_lambda': 3.154180388637081e-05}. Best is trial 0 with value: 0.011657139757885177.
