[I 2026-05-06 02:24:36,700] Trial 6 finished with value: 0.17399590984053764 and parameters: {'confidence_threshold': 0.7376932868314098, 'training_days': 290, 'n_estimators': 249, 'max_depth': 5, 'num_leaves': 121, 'learning_rate': 0.015565840632862623, 'subsample': 0.8390183783709677, 'min_child_samples': 19, 'reg_alpha': 1.860444687368747e-08, 'reg_lambda': 2.7391483548058117e-06}. Best is trial 4 with value: 0.25828790029467136.

  Labels: 1203 long (55.3%), 972 short (44.7%) | weights: min=1.00, mean=3.11, max=10.00
  Features: 2175/2175 matched, 14 columns
  CV gap: 22 rows
    [trial 0] 14 features, training_days=230 | threshold=0.779 | labels: 1203 long, 972 short (55/45%)
    [CV fold 0] train_end=2020-09-23 00:00 | val_start=2020-09-30 16:00 | gap=184h (22 rows)
    [CV fold 1] train_end=2021-01-21 16:00 | val_start=2021-01-29 08:00 | gap=184h (22 rows)
    [CV fold 2] train_end=2021-05-22 08:00 | val_start=2021-05-30 00:00 | gap=184h (22 rows)
    [CV fold 3] train_end=2021-09-20 00:00 | val_start=2021-09-27 16:00 | gap=184h (22 rows)
    [CV fold 4] train_end=2022-01-18 16:00 | val_start=2022-01-26 08:00 | gap=184h (22 rows)
    [trial 0] Sharpe=0.0010 (folds: 0.1828, -0.2012, 0.0237, 0.1192, -0.1193)
    [trial 1] 14 features, training_days=410 | threshold=0.693 | labels: 1203 long, 972 short (55/45%)
    [trial 1] Sharpe=0.1079 (folds: -0.0455, -0.2686, 0.2579, 0.3290, 0.2668)
    [trial 2] 14 features, training_days=270 | threshold=0.546 | labels: 1203 long, 972 short (55/45%)
    [trial 2] Sharpe=-0.0177 (folds: -0.1191, -0.0977, 0.0119, 0.1848, -0.0682)
    [trial 3] 14 features, training_days=270 | threshold=0.600 | labels: 1203 long, 972 short (55/45%)
    [trial 3] Sharpe=0.0597 (folds: 0.2012, -0.0861, 0.0504, 0.2303, -0.0972)
    [trial 4] 14 features, training_days=390 | threshold=0.764 | labels: 1203 long, 972 short (55/45%)
    [trial 4] Sharpe=0.1601 (folds: 0.1625, -0.3531, 0.1986, 0.3852, 0.4072)
    [trial 5] 14 features, training_days=60 | threshold=0.603 | labels: 1203 long, 972 short (55/45%)
    [trial 5] Sharpe=-0.0153 (folds: 0.2609, -0.1470, 0.0452, -0.0855, -0.1498)
    [trial 6] 14 features, training_days=290 | threshold=0.738 | labels: 1203 long, 972 short (55/45%)
    [trial 6] Sharpe=0.1226 (folds: 0.1111, -0.1266, 0.1669, 0.1021, 0.3596)
    [trial 7] 14 features, training_days=70 | threshold=0.564 | labels: 1203 long, 972 short (55/45%)
    [trial 7] Sharpe=-0.0552 (folds: 0.0489, -0.1276, 0.0312, -0.0604, -0.1683)
    [trial 8] 14 features, training_days=440 | threshold=0.653 | labels: 1203 long, 972 short (55/45%)
    [trial 8] Sharpe=0.2514 (folds: 0.0752, -0.3893, 0.5074, 0.7339, 0.3297)
    [trial 9] 14 features, training_days=360 | threshold=0.728 | labels: 1203 long, 972 short (55/45%)
    [trial 9] Sharpe=-3.8828 (folds: 0.0653, 0.0458, -10.0000, -10.0000, 0.4750)
  Optuna: 10 trials, best Sharpe = 0.2514
  Best params: n_estimators=116, max_depth=4, lr=0.0102, leaves=115
  Best confidence_threshold: 0.653
  Best training_days: 440
  Retrained on full data (1305 samples, 14 features)
  Model trained for 2022-06: 90 test candles with features, confidence_threshold=0.653
[trade:close] 2022-06-01 15:59 TRXUSDT SHORT → stop_loss @ 0.09 | PnL=-7.79% (net -7.89%) | cum=-5.91% 2022-06=-7.89% 2022-06-01=-7.89%
[predict] 2022-06-03 00:00 TRXUSDT → LONG (proba=0.68 TP=13.0%/SL=6.5%)
[trade:open] 2022-06-03 07:59 TRXUSDT LONG @ 0.08 | SL=0.08 TP=0.10 | timeout=2022-06-10 07:59
[trade:close] 2022-06-04 07:59 TRXUSDT LONG → stop_loss @ 0.08 | PnL=-6.49% (net -6.59%) | cum=-12.50% 2022-06=-14.48% 2022-06-04=-6.59%
[lgbm] === Training for 2022-07 ===
  Train window: 2020-07-01 → 2022-07-01
  2175 training samples from 1 symbols
  Samples per month: 2020-07: 93, 2020-08: 93, 2020-09: 90, 2020-10: 93, 2020-11: 90, 2020-12: 93, 2021-01: 93, 2021-02: 84, 2021-03: 93, 2021-04: 90, 2021-05: 93, 2021-06: 90, 2021-07: 93, 2021-08: 93, 2021-09: 90, 2021-10: 93, 2021-11: 90, 2021-12: 93, 2022-01: 93, 2022-02: 75, 2022-03: 93, 2022-04: 84, 2022-05: 93, 2022-06: 90
  [label] 2020-08-31 16:00 TRXUSDT entry=0.0292 → LONG | long=tp(+13.04%) short=sl(-6.67%) | scanned=3 | long_tp_only
  [label] 2020-09-03 00:00 TRXUSDT entry=0.0375 → LONG | long=tp(+17.08%) short=sl(-8.69%) | scanned=2 | long_tp_only
  [label] 2020-09-06 16:00 TRXUSDT entry=0.0314 → SHORT | long=timeout(-2.78%) short=timeout(+2.58%) | scanned=22 | no_tp→fwd_return=-2.6752
  [label] 2020-10-01 16:00 TRXUSDT entry=0.0258 → LONG | long=sl(-5.59%) short=sl(-5.59%) | scanned=5 | no_tp→fwd_return=+8.1751
  [label] 2020-11-23 00:00 TRXUSDT entry=0.0296 → LONG | long=tp(+11.04%) short=sl(-5.67%) | scanned=3 | long_tp_only
  [label] 2021-05-08 16:00 TRXUSDT entry=0.1431 → SHORT | long=sl(-10.15%) short=tp(+20.01%) | scanned=13 | short_tp_only
  [label] 2021-05-12 16:00 TRXUSDT entry=0.1189 → SHORT | long=sl(-12.51%) short=tp(+24.72%) | scanned=20 | short_tp_only
  [label] 2021-05-23 08:00 TRXUSDT entry=0.0605 → LONG | long=timeout(+18.21%) short=sl(-24.80%) | scanned=22 | no_tp→fwd_return=+18.3096
  [label] 2021-07-07 08:00 TRXUSDT entry=0.0651 → SHORT | long=sl(-5.44%) short=tp(+10.58%) | scanned=20 | short_tp_only
  [label] 2021-07-16 00:00 TRXUSDT entry=0.0578 → SHORT | long=sl(-5.01%) short=tp(+9.72%) | scanned=12 | short_tp_only
  [label] 2021-10-14 16:00 TRXUSDT entry=0.0974 → LONG | long=timeout(+2.25%) short=sl(-4.93%) | scanned=22 | no_tp→fwd_return=+2.3514
  [label] 2021-11-15 16:00 TRXUSDT entry=0.1239 → SHORT | long=sl(-5.17%) short=tp(+10.05%) | scanned=1 | short_tp_only
  [label] 2021-12-01 16:00 TRXUSDT entry=0.0969 → SHORT | long=sl(-5.21%) short=sl(-5.21%) | scanned=7 | no_tp→fwd_return=-15.8634
  [label] 2021-12-14 16:00 TRXUSDT entry=0.0870 → SHORT | long=sl(-5.52%) short=tp(+10.73%) | scanned=17 | short_tp_only
  [label] 2022-01-02 00:00 TRXUSDT entry=0.0763 → SHORT | long=sl(-4.10%) short=tp(+7.90%) | scanned=11 | short_tp_only
  [label] 2022-01-08 08:00 TRXUSDT entry=0.0668 → LONG | long=sl(-4.97%) short=timeout(-2.88%) | scanned=22 | no_tp→fwd_return=+2.7844
  [label] 2022-01-20 16:00 TRXUSDT entry=0.0676 → SHORT | long=sl(-4.73%) short=tp(+9.16%) | scanned=3 | short_tp_only
  [label] 2022-03-04 08:00 TRXUSDT entry=0.0588 → LONG | long=timeout(+2.01%) short=sl(-5.05%) | scanned=22 | no_tp→fwd_return=+2.1099
  [label] 2022-03-14 08:00 TRXUSDT entry=0.0600 → LONG | long=timeout(+2.23%) short=sl(-3.68%) | scanned=22 | no_tp→fwd_return=+2.3322
  [label] 2022-06-10 16:00 TRXUSDT entry=0.0788 → SHORT | long=sl(-4.98%) short=tp(+9.66%) | scanned=7 | short_tp_only
  Labels: 1209 long (55.6%), 966 short (44.4%) | weights: min=1.00, mean=3.13, max=10.00
  Features: 2175/2175 matched, 14 columns
  CV gap: 22 rows
    [trial 0] 14 features, training_days=230 | threshold=0.779 | labels: 1209 long, 966 short (56/44%)
    [CV fold 0] train_end=2020-10-23 00:00 | val_start=2020-10-30 16:00 | gap=184h (22 rows)
    [CV fold 1] train_end=2021-02-20 16:00 | val_start=2021-02-28 08:00 | gap=184h (22 rows)
    [CV fold 2] train_end=2021-06-21 08:00 | val_start=2021-06-29 00:00 | gap=184h (22 rows)
    [CV fold 3] train_end=2021-10-20 00:00 | val_start=2021-10-27 16:00 | gap=184h (22 rows)
    [CV fold 4] train_end=2022-02-17 16:00 | val_start=2022-02-25 08:00 | gap=184h (22 rows)
    [trial 0] Sharpe=0.0943 (folds: 0.2017, 0.0326, 0.1431, 0.5011, -0.4070)
    [trial 1] 14 features, training_days=410 | threshold=0.693 | labels: 1209 long, 966 short (56/44%)
    [trial 1] Sharpe=0.2450 (folds: 0.3695, -0.0834, 0.5258, 0.2656, 0.1476)
    [trial 2] 14 features, training_days=270 | threshold=0.546 | labels: 1209 long, 966 short (56/44%)
    [trial 2] Sharpe=0.0796 (folds: 0.3307, -0.1374, 0.0442, 0.2322, -0.0716)
    [trial 3] 14 features, training_days=270 | threshold=0.600 | labels: 1209 long, 966 short (56/44%)
    [trial 3] Sharpe=0.0594 (folds: 0.3056, -0.1436, 0.0985, 0.1269, -0.0906)
    [trial 4] 14 features, training_days=390 | threshold=0.764 | labels: 1209 long, 966 short (56/44%)
    [trial 4] Sharpe=0.2583 (folds: 0.2562, -0.0763, 0.5119, 0.5062, 0.0934)
    [trial 5] 14 features, training_days=60 | threshold=0.603 | labels: 1209 long, 966 short (56/44%)
    [trial 5] Sharpe=-0.0688 (folds: 0.2601, -0.1736, -0.0483, -0.1591, -0.2232)
    [trial 6] 14 features, training_days=290 | threshold=0.738 | labels: 1209 long, 966 short (56/44%)
    [trial 6] Sharpe=0.1740 (folds: 0.3685, -0.0156, 0.1616, 0.7462, -0.3906)
    [trial 7] 14 features, training_days=70 | threshold=0.564 | labels: 1209 long, 966 short (56/44%)
    [trial 7] Sharpe=0.0528 (folds: 0.3524, -0.0459, -0.0483, -0.1809, 0.1870)[I 2026-05-06 02:24:36,737] Trial 7 finished with value: 0.05284805369484145 and parameters: {'confidence_threshold': 0.563503962036334, 'training_days': 70, 'n_estimators': 63, 'max_depth': 3, 'num_leaves': 47, 'learning_rate': 0.18074927623018475, 'subsample': 0.5059692991701257, 'min_child_samples': 9, 'reg_alpha': 3.6945804405602874e-08, 'reg_lambda': 0.027706035542028905}. Best is trial 4 with value: 0.25828790029467136.
[I 2026-05-06 02:24:36,826] Trial 8 finished with value: 0.290740214299199 and parameters: {'confidence_threshold': 0.6525471176758836, 'training_days': 440, 'n_estimators': 116, 'max_depth': 4, 'num_leaves': 115, 'learning_rate': 0.010229952960863938, 'subsample': 0.5062159465415076, 'min_child_samples': 54, 'reg_alpha': 6.790626457822126e-06, 'reg_lambda': 1.7869141074987722e-05}. Best is trial 8 with value: 0.290740214299199.
[I 2026-05-06 02:24:36,928] Trial 9 finished with value: -1.7507562419426907 and parameters: {'confidence_threshold': 0.7277571993354469, 'training_days': 360, 'n_estimators': 75, 'max_depth': 5, 'num_leaves': 41, 'learning_rate': 0.014186743931212992, 'subsample': 0.7445187273047605, 'min_child_samples': 22, 'reg_alpha': 0.02393227447113315, 'reg_lambda': 0.009236766173618426}. Best is trial 8 with value: 0.290740214299199.
[I 2026-05-06 02:24:37,313] A new study created in memory with name: no-name-e7bb3068-84a7-4131-86c2-26ab65df682b
[I 2026-05-06 02:24:37,590] Trial 0 finished with value: -0.004585551198134785 and parameters: {'confidence_threshold': 0.7790993046299082, 'training_days': 230, 'n_estimators': 295, 'max_depth': 5, 'num_leaves': 83, 'learning_rate': 0.051543455158230854, 'subsample': 0.8773243492079463, 'min_child_samples': 10, 'reg_alpha': 0.034096514368237685, 'reg_lambda': 3.154180388637081e-05}. Best is trial 0 with value: -0.004585551198134785.
[I 2026-05-06 02:24:37,725] Trial 1 finished with value: 0.10537724550003527 and parameters: {'confidence_threshold': 0.6929247853618086, 'training_days': 410, 'n_estimators': 233, 'max_depth': 5, 'num_leaves': 108, 'learning_rate': 0.013724237108071606, 'subsample': 0.7013182233636002, 'min_child_samples': 94, 'reg_alpha': 2.4040959529260723e-06, 'reg_lambda': 5.320966582161148}. Best is trial 1 with value: 0.10537724550003527.
[I 2026-05-06 02:24:37,790] Trial 2 finished with value: -0.005390153821804104 and parameters: {'confidence_threshold': 0.546341527225763, 'training_days': 270, 'n_estimators': 120, 'max_depth': 4, 'num_leaves': 53, 'learning_rate': 0.060197068579343475, 'subsample': 0.588227873455941, 'min_child_samples': 91, 'reg_alpha': 2.3457771824819002e-08, 'reg_lambda': 1.1358840775642732e-08}. Best is trial 1 with value: 0.10537724550003527.
[I 2026-05-06 02:24:37,998] Trial 3 finished with value: 0.040674908373031934 and parameters: {'confidence_threshold': 0.6000319676300473, 'training_days': 270, 'n_estimators': 382, 'max_depth': 4, 'num_leaves': 44, 'learning_rate': 0.09185046765032388, 'subsample': 0.6743651508646724, 'min_child_samples': 77, 'reg_alpha': 0.0013974578104212739, 'reg_lambda': 8.97190257982477e-08}. Best is trial 1 with value: 0.10537724550003527.
[I 2026-05-06 02:24:38,423] Trial 4 finished with value: 0.05109046658013561 and parameters: {'confidence_threshold': 0.7642618789055509, 'training_days': 390, 'n_estimators': 464, 'max_depth': 5, 'num_leaves': 30, 'learning_rate': 0.024562383309704932, 'subsample': 0.8612975035964376, 'min_child_samples': 36, 'reg_alpha': 1.593999300080167, 'reg_lambda': 0.006081270362829788}. Best is trial 1 with value: 0.10537724550003527.
[I 2026-05-06 02:24:38,572] Trial 5 finished with value: 0.007854850567674843 and parameters: {'confidence_threshold': 0.6029115860358569, 'training_days': 60, 'n_estimators': 441, 'max_depth': 3, 'num_leaves': 66, 'learning_rate': 0.044953114425778824, 'subsample': 0.7098948461279406, 'min_child_samples': 15, 'reg_alpha': 4.888753565548431e-07, 'reg_lambda': 4.198190642566389}. Best is trial 1 with value: 0.10537724550003527.
[I 2026-05-06 02:24:38,816] Trial 6 finished with value: -0.007185149659619661 and parameters: {'confidence_threshold': 0.7376932868314098, 'training_days': 290, 'n_estimators': 249, 'max_depth': 5, 'num_leaves': 121, 'learning_rate': 0.015565840632862623, 'subsample': 0.8390183783709677, 'min_child_samples': 19, 'reg_alpha': 1.860444687368747e-08, 'reg_lambda': 2.7391483548058117e-06}. Best is trial 1 with value: 0.10537724550003527.
[I 2026-05-06 02:24:38,852] Trial 7 finished with value: -0.009784738402458647 and parameters: {'confidence_threshold': 0.563503962036334, 'training_days': 70, 'n_estimators': 63, 'max_depth': 3, 'num_leaves': 47, 'learning_rate': 0.18074927623018475, 'subsample': 0.5059692991701257, 'min_child_samples': 9, 'reg_alpha': 3.6945804405602874e-08, 'reg_lambda': 0.027706035542028905}. Best is trial 1 with value: 0.10537724550003527.
[I 2026-05-06 02:24:38,940] Trial 8 finished with value: 0.18467914066028662 and parameters: {'confidence_threshold': 0.6525471176758836, 'training_days': 440, 'n_estimators': 116, 'max_depth': 4, 'num_leaves': 115, 'learning_rate': 0.010229952960863938, 'subsample': 0.5062159465415076, 'min_child_samples': 54, 'reg_alpha': 6.790626457822126e-06, 'reg_lambda': 1.7869141074987722e-05}. Best is trial 8 with value: 0.18467914066028662.
