[I 2026-05-06 02:23:14,421] Trial 9 finished with value: -0.30214165722917363 and parameters: {'confidence_threshold': 0.7277571993354469, 'training_days': 360, 'n_estimators': 75, 'max_depth': 5, 'num_leaves': 41, 'learning_rate': 0.014186743931212992, 'subsample': 0.7445187273047605, 'min_child_samples': 22, 'reg_alpha': 0.02393227447113315, 'reg_lambda': 0.009236766173618426}. Best is trial 8 with value: 0.16542607892482897.

    [trial 2] Sharpe=-0.0694 (folds: -0.0670, 0.2767, -0.3488, -0.1049, -0.1030)
    [trial 3] 14 features, training_days=270 | threshold=0.600 | labels: 1106 long, 1087 short (50/50%)
    [trial 3] Sharpe=-0.0394 (folds: -0.0336, 0.2545, -0.3761, -0.0216, -0.0203)
    [trial 4] 14 features, training_days=390 | threshold=0.764 | labels: 1106 long, 1087 short (50/50%)
    [trial 4] Sharpe=0.0083 (folds: 0.0078, 0.3618, -0.3667, -0.0256, 0.0645)
    [trial 5] 14 features, training_days=60 | threshold=0.603 | labels: 1106 long, 1087 short (50/50%)
    [trial 5] Sharpe=-0.0461 (folds: 0.0478, 0.0808, -0.3473, -0.0246, 0.0126)
    [trial 6] 14 features, training_days=290 | threshold=0.738 | labels: 1106 long, 1087 short (50/50%)
    [trial 6] Sharpe=-0.0806 (folds: 0.0318, 0.1510, -0.3750, -0.0885, -0.1224)
    [trial 7] 14 features, training_days=70 | threshold=0.564 | labels: 1106 long, 1087 short (50/50%)
    [trial 7] Sharpe=0.0098 (folds: 0.0404, 0.0832, -0.0288, -0.0961, 0.0504)
    [trial 8] 14 features, training_days=440 | threshold=0.653 | labels: 1106 long, 1087 short (50/50%)
    [trial 8] Sharpe=0.0503 (folds: -0.0136, 0.4716, -0.2974, -0.1884, 0.2795)
    [trial 9] 14 features, training_days=360 | threshold=0.728 | labels: 1106 long, 1087 short (50/50%)
    [trial 9] Sharpe=0.1502 (folds: 0.0432, 0.5115, -0.3815, -0.2594, 0.8373)
  Optuna: 10 trials, best Sharpe = 0.1502
  Best params: n_estimators=75, max_depth=5, lr=0.0142, leaves=41
  Best confidence_threshold: 0.728
  Best training_days: 360
  Retrained on full data (1080 samples, 14 features)
  Model trained for 2025-04: 90 test candles with features, confidence_threshold=0.728
[predict] 2025-04-04 00:00 MKRUSDT → SHORT (proba=0.74 TP=13.6%/SL=6.8%)
[trade:open] 2025-04-04 07:59 MKRUSDT SHORT @ 1314.90 | SL=1404.38 TP=1135.94 | timeout=2025-04-11 07:59
[trade:close] 2025-04-06 23:59 MKRUSDT SHORT → take_profit @ 1135.94 | PnL=+13.61% (net +13.51%) | cum=-19.06% 2025-04=+13.51% 2025-04-06=+13.51%
[lgbm] === Training for 2025-05 ===
  Train window: 2023-05-01 → 2025-05-01
  2193 training samples from 1 symbols
  Samples per month: 2023-05: 93, 2023-06: 90, 2023-07: 93, 2023-08: 93, 2023-09: 90, 2023-10: 93, 2023-11: 90, 2023-12: 93, 2024-01: 93, 2024-02: 87, 2024-03: 93, 2024-04: 90, 2024-05: 93, 2024-06: 90, 2024-07: 93, 2024-08: 93, 2024-09: 90, 2024-10: 93, 2024-11: 90, 2024-12: 93, 2025-01: 93, 2025-02: 84, 2025-03: 93, 2025-04: 90
  [label] 2023-07-02 08:00 MKRUSDT entry=851.3000 → LONG | long=tp(+12.15%) short=sl(-6.23%) | scanned=4 | long_tp_only
  [label] 2023-07-04 16:00 MKRUSDT entry=981.4000 → SHORT | long=sl(-6.75%) short=sl(-6.75%) | scanned=3 | no_tp→fwd_return=-6.5621
  [label] 2023-07-08 08:00 MKRUSDT entry=948.7000 → SHORT | long=sl(-8.74%) short=timeout(+6.96%) | scanned=22 | no_tp→fwd_return=-7.0623
  [label] 2023-08-02 08:00 MKRUSDT entry=1292.4000 → SHORT | long=sl(-6.51%) short=timeout(+7.09%) | scanned=22 | no_tp→fwd_return=-7.1882
  [label] 2023-09-24 08:00 MKRUSDT entry=1268.6000 → LONG | long=tp(+7.15%) short=sl(-3.73%) | scanned=7 | long_tp_only
  [label] 2024-03-10 08:00 MKRUSDT entry=2721.1000 → SHORT | long=sl(-5.90%) short=sl(-5.90%) | scanned=7 | no_tp→fwd_return=-3.0870
  [label] 2024-03-14 08:00 MKRUSDT entry=2790.5000 → LONG | long=tp(+14.49%) short=sl(-7.39%) | scanned=9 | long_tp_only
  [label] 2024-03-25 00:00 MKRUSDT entry=3232.7000 → LONG | long=tp(+14.39%) short=sl(-7.35%) | scanned=12 | long_tp_only
  [label] 2024-05-09 08:00 MKRUSDT entry=2715.3000 → LONG | long=timeout(+0.16%) short=timeout(-0.36%) | scanned=22 | no_tp→fwd_return=+0.2578
  [label] 2024-05-18 00:00 MKRUSDT entry=2835.9000 → LONG | long=sl(-3.83%) short=sl(-3.83%) | scanned=8 | no_tp→fwd_return=+11.6647
  [label] 2024-08-17 16:00 MKRUSDT entry=1954.1000 → LONG | long=tp(+11.32%) short=sl(-5.81%) | scanned=18 | long_tp_only
  [label] 2024-09-18 16:00 MKRUSDT entry=1514.7000 → LONG | long=tp(+9.27%) short=sl(-4.78%) | scanned=15 | long_tp_only
  [label] 2024-10-05 00:00 MKRUSDT entry=1455.7000 → SHORT | long=sl(-4.99%) short=timeout(+5.63%) | scanned=22 | no_tp→fwd_return=-5.7292
  [label] 2024-10-18 00:00 MKRUSDT entry=1208.3000 → SHORT | long=sl(-5.03%) short=timeout(+7.90%) | scanned=22 | no_tp→fwd_return=-8.0030
  [label] 2024-11-05 16:00 MKRUSDT entry=1120.5000 → LONG | long=tp(+10.02%) short=sl(-5.16%) | scanned=1 | long_tp_only
  [label] 2024-11-12 00:00 MKRUSDT entry=1539.7000 → SHORT | long=sl(-6.54%) short=timeout(+3.45%) | scanned=22 | no_tp→fwd_return=-3.5526
  [label] 2024-11-24 08:00 MKRUSDT entry=1682.4000 → LONG | long=tp(+14.12%) short=sl(-7.21%) | scanned=3 | long_tp_only
  [label] 2025-01-03 08:00 MKRUSDT entry=1570.2000 → SHORT | long=sl(-4.94%) short=tp(+9.57%) | scanned=16 | short_tp_only
  [label] 2025-01-13 08:00 MKRUSDT entry=1319.1000 → LONG | long=tp(+11.36%) short=sl(-5.83%) | scanned=12 | long_tp_only
  [label] 2025-04-10 08:00 MKRUSDT entry=1260.1000 → LONG | long=timeout(+6.75%) short=sl(-9.27%) | scanned=22 | no_tp→fwd_return=+6.8487
  Labels: 1107 long (50.5%), 1086 short (49.5%) | weights: min=1.00, mean=3.93, max=10.00
  Features: 2193/2193 matched, 14 columns
  CV gap: 22 rows
    [trial 0] 14 features, training_days=230 | threshold=0.779 | labels: 1107 long, 1086 short (50/50%)
    [CV fold 0] train_end=2023-08-24 00:00 | val_start=2023-08-31 16:00 | gap=184h (22 rows)
    [CV fold 1] train_end=2023-12-23 16:00 | val_start=2023-12-31 08:00 | gap=184h (22 rows)
    [CV fold 2] train_end=2024-04-23 08:00 | val_start=2024-05-01 00:00 | gap=184h (22 rows)
    [CV fold 3] train_end=2024-08-23 00:00 | val_start=2024-08-30 16:00 | gap=184h (22 rows)
    [CV fold 4] train_end=2024-12-22 16:00 | val_start=2024-12-30 08:00 | gap=184h (22 rows)
    [trial 0] Sharpe=-0.0196 (folds: -0.1361, 0.0978, -0.1812, 0.1077, 0.0139)
    [trial 1] 14 features, training_days=410 | threshold=0.693 | labels: 1107 long, 1086 short (50/50%)
    [trial 1] Sharpe=-0.1008 (folds: -0.0928, -0.0827, -0.4382, 0.0174, 0.0924)
    [trial 2] 14 features, training_days=270 | threshold=0.546 | labels: 1107 long, 1086 short (50/50%)
    [trial 2] Sharpe=-0.0577 (folds: -0.0567, -0.0823, -0.2569, 0.1273, -0.0198)
    [trial 3] 14 features, training_days=270 | threshold=0.600 | labels: 1107 long, 1086 short (50/50%)
    [trial 3] Sharpe=-0.0411 (folds: -0.1551, 0.0403, -0.2103, 0.0838, 0.0358)
    [trial 4] 14 features, training_days=390 | threshold=0.764 | labels: 1107 long, 1086 short (50/50%)
    [trial 4] Sharpe=0.0144 (folds: -0.1839, 0.1650, -0.1203, 0.0706, 0.1404)
    [trial 5] 14 features, training_days=60 | threshold=0.603 | labels: 1107 long, 1086 short (50/50%)
    [trial 5] Sharpe=-0.0645 (folds: -0.2791, 0.0035, 0.0136, 0.0352, -0.0956)
    [trial 6] 14 features, training_days=290 | threshold=0.738 | labels: 1107 long, 1086 short (50/50%)
    [trial 6] Sharpe=-0.0763 (folds: -0.1061, -0.0439, -0.2257, 0.1681, -0.1739)
    [trial 7] 14 features, training_days=70 | threshold=0.564 | labels: 1107 long, 1086 short (50/50%)
    [trial 7] Sharpe=-0.0671 (folds: -0.2657, -0.0186, 0.0879, -0.0235, -0.1158)
    [trial 8] 14 features, training_days=440 | threshold=0.653 | labels: 1107 long, 1086 short (50/50%)
    [trial 8] Sharpe=0.1654 (folds: 0.2073, 0.1389, -0.2050, 0.3126, 0.3734)
    [trial 9] 14 features, training_days=360 | threshold=0.728 | labels: 1107 long, 1086 short (50/50%)
    [trial 9] Sharpe=-0.3021 (folds: -0.5369, -0.3239, -0.2749, -0.2310, -0.1440)
  Optuna: 10 trials, best Sharpe = 0.1654
  Best params: n_estimators=116, max_depth=4, lr=0.0102, leaves=115
  Best confidence_threshold: 0.653
  Best training_days: 440
  Retrained on full data (1320 samples, 14 features)
  Model trained for 2025-05: 93 test candles with features, confidence_threshold=0.653
[predict] 2025-05-20 08:00 MKRUSDT → LONG (proba=0.75 TP=14.0%/SL=7.0%)
[trade:open] 2025-05-20 15:59 MKRUSDT LONG @ 1711.00 | SL=1591.44 TP=1950.11 | timeout=2025-05-27 15:59
[trade:close] 2025-05-27 16:00 MKRUSDT LONG → timeout @ 1685.50 | PnL=-1.49% (net -1.59%) | cum=-20.65% 2025-05=-1.59% 2025-05-27=-1.59%
[lgbm] === Training for 2025-06 ===[I 2026-05-06 02:23:14,757] A new study created in memory with name: no-name-e7ec0feb-b78d-4c39-837b-7eb1c937e85b
[I 2026-05-06 02:23:15,023] Trial 0 finished with value: -0.061168096907478695 and parameters: {'confidence_threshold': 0.7790993046299082, 'training_days': 230, 'n_estimators': 295, 'max_depth': 5, 'num_leaves': 83, 'learning_rate': 0.051543455158230854, 'subsample': 0.8773243492079463, 'min_child_samples': 10, 'reg_alpha': 0.034096514368237685, 'reg_lambda': 3.154180388637081e-05}. Best is trial 0 with value: -0.061168096907478695.
[I 2026-05-06 02:23:15,166] Trial 1 finished with value: -0.0005473970589743498 and parameters: {'confidence_threshold': 0.6929247853618086, 'training_days': 410, 'n_estimators': 233, 'max_depth': 5, 'num_leaves': 108, 'learning_rate': 0.013724237108071606, 'subsample': 0.7013182233636002, 'min_child_samples': 94, 'reg_alpha': 2.4040959529260723e-06, 'reg_lambda': 5.320966582161148}. Best is trial 1 with value: -0.0005473970589743498.
[I 2026-05-06 02:23:15,230] Trial 2 finished with value: 0.021290914061749912 and parameters: {'confidence_threshold': 0.546341527225763, 'training_days': 270, 'n_estimators': 120, 'max_depth': 4, 'num_leaves': 53, 'learning_rate': 0.060197068579343475, 'subsample': 0.588227873455941, 'min_child_samples': 91, 'reg_alpha': 2.3457771824819002e-08, 'reg_lambda': 1.1358840775642732e-08}. Best is trial 2 with value: 0.021290914061749912.
[I 2026-05-06 02:23:15,407] Trial 3 finished with value: -0.007831195456259344 and parameters: {'confidence_threshold': 0.6000319676300473, 'training_days': 270, 'n_estimators': 382, 'max_depth': 4, 'num_leaves': 44, 'learning_rate': 0.09185046765032388, 'subsample': 0.6743651508646724, 'min_child_samples': 77, 'reg_alpha': 0.0013974578104212739, 'reg_lambda': 8.97190257982477e-08}. Best is trial 2 with value: 0.021290914061749912.
[I 2026-05-06 02:23:15,790] Trial 4 finished with value: 0.025817491661550045 and parameters: {'confidence_threshold': 0.7642618789055509, 'training_days': 390, 'n_estimators': 464, 'max_depth': 5, 'num_leaves': 30, 'learning_rate': 0.024562383309704932, 'subsample': 0.8612975035964376, 'min_child_samples': 36, 'reg_alpha': 1.593999300080167, 'reg_lambda': 0.006081270362829788}. Best is trial 4 with value: 0.025817491661550045.
[I 2026-05-06 02:23:15,955] Trial 5 finished with value: 0.09169658920763371 and parameters: {'confidence_threshold': 0.6029115860358569, 'training_days': 60, 'n_estimators': 441, 'max_depth': 3, 'num_leaves': 66, 'learning_rate': 0.044953114425778824, 'subsample': 0.7098948461279406, 'min_child_samples': 15, 'reg_alpha': 4.888753565548431e-07, 'reg_lambda': 4.198190642566389}. Best is trial 5 with value: 0.09169658920763371.
[I 2026-05-06 02:23:16,193] Trial 6 finished with value: 0.08726596944720158 and parameters: {'confidence_threshold': 0.7376932868314098, 'training_days': 290, 'n_estimators': 249, 'max_depth': 5, 'num_leaves': 121, 'learning_rate': 0.015565840632862623, 'subsample': 0.8390183783709677, 'min_child_samples': 19, 'reg_alpha': 1.860444687368747e-08, 'reg_lambda': 2.7391483548058117e-06}. Best is trial 5 with value: 0.09169658920763371.
[I 2026-05-06 02:23:16,231] Trial 7 finished with value: -0.009396140928856878 and parameters: {'confidence_threshold': 0.563503962036334, 'training_days': 70, 'n_estimators': 63, 'max_depth': 3, 'num_leaves': 47, 'learning_rate': 0.18074927623018475, 'subsample': 0.5059692991701257, 'min_child_samples': 9, 'reg_alpha': 3.6945804405602874e-08, 'reg_lambda': 0.027706035542028905}. Best is trial 5 with value: 0.09169658920763371.
[I 2026-05-06 02:23:16,319] Trial 8 finished with value: 0.011447788013978217 and parameters: {'confidence_threshold': 0.6525471176758836, 'training_days': 440, 'n_estimators': 116, 'max_depth': 4, 'num_leaves': 115, 'learning_rate': 0.010229952960863938, 'subsample': 0.5062159465415076, 'min_child_samples': 54, 'reg_alpha': 6.790626457822126e-06, 'reg_lambda': 1.7869141074987722e-05}. Best is trial 5 with value: 0.09169658920763371.
[I 2026-05-06 02:23:16,429] Trial 9 finished with value: -0.10985138314699469 and parameters: {'confidence_threshold': 0.7277571993354469, 'training_days': 360, 'n_estimators': 75, 'max_depth': 5, 'num_leaves': 41, 'learning_rate': 0.014186743931212992, 'subsample': 0.7445187273047605, 'min_child_samples': 22, 'reg_alpha': 0.02393227447113315, 'reg_lambda': 0.009236766173618426}. Best is trial 5 with value: 0.09169658920763371.

  Train window: 2023-06-01 → 2025-06-01
  2193 training samples from 1 symbols
  Samples per month: 2023-06: 90, 2023-07: 93, 2023-08: 93, 2023-09: 90, 2023-10: 93, 2023-11: 90, 2023-12: 93, 2024-01: 93, 2024-02: 87, 2024-03: 93, 2024-04: 90, 2024-05: 93, 2024-06: 90, 2024-07: 93, 2024-08: 93, 2024-09: 90, 2024-10: 93, 2024-11: 90, 2024-12: 93, 2025-01: 93, 2025-02: 84, 2025-03: 93, 2025-04: 90, 2025-05: 93
  [label] 2023-08-02 08:00 MKRUSDT entry=1292.4000 → SHORT | long=sl(-6.51%) short=timeout(+7.09%) | scanned=22 | no_tp→fwd_return=-7.1882
  [label] 2023-08-04 16:00 MKRUSDT entry=1303.7000 → SHORT | long=sl(-6.09%) short=timeout(+4.11%) | scanned=22 | no_tp→fwd_return=-4.2111
  [label] 2023-08-08 08:00 MKRUSDT entry=1221.9000 → LONG | long=timeout(+0.72%) short=timeout(-0.92%) | scanned=22 | no_tp→fwd_return=+0.8184
  [label] 2023-09-02 08:00 MKRUSDT entry=1152.2000 → SHORT | long=sl(-5.52%) short=timeout(+2.08%) | scanned=22 | no_tp→fwd_return=-2.1784
  [label] 2023-10-25 08:00 MKRUSDT entry=1469.7000 → SHORT | long=sl(-5.22%) short=tp(+10.14%) | scanned=20 | short_tp_only
  [label] 2024-04-10 08:00 MKRUSDT entry=3393.8000 → SHORT | long=sl(-6.25%) short=tp(+12.20%) | scanned=7 | short_tp_only
  [label] 2024-04-14 08:00 MKRUSDT entry=2931.1000 → LONG | long=timeout(+3.89%) short=sl(-9.15%) | scanned=22 | no_tp→fwd_return=+3.9883
  [label] 2024-04-25 00:00 MKRUSDT entry=2838.5000 → SHORT | long=sl(-6.84%) short=sl(-6.84%) | scanned=16 | no_tp→fwd_return=-5.7918
  [label] 2024-06-09 08:00 MKRUSDT entry=2469.0000 → SHORT | long=sl(-4.15%) short=tp(+8.00%) | scanned=6 | short_tp_only
  [label] 2024-06-18 00:00 MKRUSDT entry=2205.7000 → LONG | long=tp(+9.70%) short=sl(-5.00%) | scanned=3 | long_tp_only
  [label] 2024-09-17 16:00 MKRUSDT entry=1495.7000 → LONG | long=tp(+9.18%) short=sl(-4.74%) | scanned=16 | long_tp_only
  [label] 2024-10-19 16:00 MKRUSDT entry=1214.9000 → SHORT | long=sl(-4.56%) short=tp(+8.82%) | scanned=17 | short_tp_only
  [label] 2024-11-05 00:00 MKRUSDT entry=1150.7000 → LONG | long=tp(+9.80%) short=sl(-5.05%) | scanned=3 | long_tp_only
  [label] 2024-11-18 00:00 MKRUSDT entry=1520.0000 → LONG | long=tp(+12.64%) short=sl(-6.47%) | scanned=12 | long_tp_only
  [label] 2024-12-06 16:00 MKRUSDT entry=2211.4000 → SHORT | long=sl(-7.80%) short=tp(+15.31%) | scanned=9 | short_tp_only
  [label] 2024-12-13 00:00 MKRUSDT entry=2053.0000 → SHORT | long=sl(-9.12%) short=tp(+17.94%) | scanned=17 | short_tp_only
  [label] 2024-12-25 08:00 MKRUSDT entry=1619.2000 → SHORT | long=sl(-8.14%) short=timeout(+6.65%) | scanned=22 | no_tp→fwd_return=-6.7502
  [label] 2025-02-03 08:00 MKRUSDT entry=960.1000 → SHORT | long=timeout(-1.68%) short=timeout(+1.48%) | scanned=22 | no_tp→fwd_return=-1.5832
  [label] 2025-02-13 08:00 MKRUSDT entry=986.6000 → LONG | long=tp(+13.03%) short=sl(-6.66%) | scanned=15 | long_tp_only
  [label] 2025-05-11 08:00 MKRUSDT entry=1799.4000 → SHORT | long=timeout(-0.44%) short=sl(-5.31%) | scanned=22 | no_tp→fwd_return=-0.3446
  Labels: 1110 long (50.6%), 1083 short (49.4%) | weights: min=1.00, mean=3.98, max=10.00
  Features: 2193/2193 matched, 14 columns
  CV gap: 22 rows
    [trial 0] 14 features, training_days=230 | threshold=0.779 | labels: 1110 long, 1083 short (51/49%)
    [CV fold 0] train_end=2023-09-24 00:00 | val_start=2023-10-01 16:00 | gap=184h (22 rows)
    [CV fold 1] train_end=2024-01-23 16:00 | val_start=2024-01-31 08:00 | gap=184h (22 rows)
    [CV fold 2] train_end=2024-05-24 08:00 | val_start=2024-06-01 00:00 | gap=184h (22 rows)
    [CV fold 3] train_end=2024-09-23 00:00 | val_start=2024-09-30 16:00 | gap=184h (22 rows)
    [CV fold 4] train_end=2025-01-22 16:00 | val_start=2025-01-30 08:00 | gap=184h (22 rows)
    [trial 0] Sharpe=-0.0612 (folds: -0.0382, 0.0778, -0.1476, -0.0456, -0.1521)
    [trial 1] 14 features, training_days=410 | threshold=0.693 | labels: 1110 long, 1083 short (51/49%)
    [trial 1] Sharpe=-0.0005 (folds: 0.0946, 0.1003, -0.2396, 0.1391, -0.0972)
    [trial 2] 14 features, training_days=270 | threshold=0.546 | labels: 1110 long, 1083 short (51/49%)
    [trial 2] Sharpe=0.0213 (folds: 0.0694, 0.0778, -0.1529, 0.1907, -0.0786)
    [trial 3] 14 features, training_days=270 | threshold=0.600 | labels: 1110 long, 1083 short (51/49%)
    [trial 3] Sharpe=-0.0078 (folds: 0.0251, 0.1044, -0.3118, 0.1899, -0.0469)
    [trial 4] 14 features, training_days=390 | threshold=0.764 | labels: 1110 long, 1083 short (51/49%)
    [trial 4] Sharpe=0.0258 (folds: 0.0943, 0.1432, -0.2035, 0.2237, -0.1287)
    [trial 5] 14 features, training_days=60 | threshold=0.603 | labels: 1110 long, 1083 short (51/49%)
    [trial 5] Sharpe=0.0917 (folds: -0.0822, 0.1486, 0.1303, 0.3319, -0.0702)
    [trial 6] 14 features, training_days=290 | threshold=0.738 | labels: 1110 long, 1083 short (51/49%)
    [trial 6] Sharpe=0.0873 (folds: 0.1465, 0.1316, -0.1230, 0.2591, 0.0221)
    [trial 7] 14 features, training_days=70 | threshold=0.564 | labels: 1110 long, 1083 short (51/49%)
    [trial 7] Sharpe=-0.0094 (folds: 0.1415, 0.0175, 0.0207, 0.2194, -0.4460)
    [trial 8] 14 features, training_days=440 | threshold=0.653 | labels: 1110 long, 1083 short (51/49%)
    [trial 8] Sharpe=0.0114 (folds: 0.0851, 0.1054, -0.2556, -0.0506, 0.1730)
    [trial 9] 14 features, training_days=360 | threshold=0.728 | labels: 1110 long, 1083 short (51/49%)
    [trial 9] Sharpe=-0.1099 (folds: 0.1120, 0.1112, -0.6050, -0.1522, -0.0152)
  Optuna: 10 trials, best Sharpe = 0.0917
  Best params: n_estimators=441, max_depth=3, lr=0.0450, leaves=66
  Best confidence_threshold: 0.603
  Best training_days: 60
  Retrained on full data (180 samples, 14 features)
  Model trained for 2025-06: 90 test candles with features, confidence_threshold=0.603
[predict] 2025-06-03 08:00 MKRUSDT → SHORT (proba=0.97 TP=10.8%/SL=5.4%)
[trade:open] 2025-06-03 15:59 MKRUSDT SHORT @ 1881.50 | SL=1982.83 TP=1678.84 | timeout=2025-06-10 15:59
[trade:close] 2025-06-07 07:59 MKRUSDT SHORT → take_profit @ 1678.84 | PnL=+10.77% (net +10.67%) | cum=-9.98% 2025-06=+10.67% 2025-06-07=+10.67%
[predict] 2025-06-09 16:00 MKRUSDT → SHORT (proba=0.95 TP=11.1%/SL=5.6%)
[trade:open] 2025-06-09 23:59 MKRUSDT SHORT @ 1943.50 | SL=2051.83 TP=1726.84 | timeout=2025-06-16 23:59
[trade:close] 2025-06-10 15:59 MKRUSDT SHORT → stop_loss @ 2051.83 | PnL=-5.57% (net -5.67%) | cum=-15.65% 2025-06=+5.00% 2025-06-10=-5.67%
[predict] 2025-06-12 00:00 MKRUSDT → SHORT (proba=0.99 TP=12.4%/SL=6.2%)
[trade:open] 2025-06-12 07:59 MKRUSDT SHORT @ 2001.30 | SL=2125.27 TP=1753.37 | timeout=2025-06-19 07:59
[trade:close] 2025-06-13 23:59 MKRUSDT SHORT → stop_loss @ 2125.27 | PnL=-6.19% (net -6.29%) | cum=-21.95% 2025-06=-1.30% 2025-06-13=-6.29%
[predict] 2025-06-15 08:00 MKRUSDT → SHORT (proba=1.00 TP=13.2%/SL=6.6%)
[trade:open] 2025-06-15 15:59 MKRUSDT SHORT @ 2106.60 | SL=2245.18 TP=1829.44 | timeout=2025-06-22 15:59
[trade:close] 2025-06-16 07:59 MKRUSDT SHORT → stop_loss @ 2245.18 | PnL=-6.58% (net -6.68%) | cum=-28.63% 2025-06=-7.98% 2025-06-16=-6.68%
[predict] 2025-06-17 16:00 MKRUSDT → LONG (proba=0.90 TP=15.4%/SL=7.7%)
[trade:open] 2025-06-17 23:59 MKRUSDT LONG @ 2021.80 | SL=1866.11 TP=2333.17 | timeout=2025-06-24 23:59
[trade:close] 2025-06-20 23:59 MKRUSDT LONG → stop_loss @ 1866.11 | PnL=-7.70% (net -7.80%) | cum=-36.43% 2025-06=-15.78% 2025-06-20=-7.80%
[predict] 2025-06-22 08:00 MKRUSDT → SHORT (proba=0.83 TP=16.5%/SL=8.3%)
[trade:open] 2025-06-22 15:59 MKRUSDT SHORT @ 1678.20 | SL=1817.03 TP=1400.53 | timeout=2025-06-29 15:59
[trade:close] 2025-06-23 15:59 MKRUSDT SHORT → stop_loss @ 1817.03 | PnL=-8.27% (net -8.37%) | cum=-44.80% 2025-06=-24.15% 2025-06-23=-8.37%
[predict] 2025-06-25 00:00 MKRUSDT → SHORT (proba=0.99 TP=14.7%/SL=7.4%)
[trade:open] 2025-06-25 07:59 MKRUSDT SHORT @ 1987.10 | SL=2133.37 TP=1694.56 | timeout=2025-07-02 07:59
[lgbm] === Training for 2025-07 ===
  Train window: 2023-07-01 → 2025-07-01
  2193 training samples from 1 symbols
  Samples per month: 2023-07: 93, 2023-08: 93, 2023-09: 90, 2023-10: 93, 2023-11: 90, 2023-12: 93, 2024-01: 93, 2024-02: 87, 2024-03: 93, 2024-04: 90, 2024-05: 93, 2024-06: 90, 2024-07: 93, 2024-08: 93, 2024-09: 90, 2024-10: 93, 2024-11: 90, 2024-12: 93, 2025-01: 93, 2025-02: 84, 2025-03: 93, 2025-04: 90, 2025-05: 93, 2025-06: 90[I 2026-05-06 02:23:16,773] A new study created in memory with name: no-name-44b4745e-e522-4835-a069-07d2b939e5ff
[I 2026-05-06 02:23:17,039] Trial 0 finished with value: -0.03980175882374635 and parameters: {'confidence_threshold': 0.7790993046299082, 'training_days': 230, 'n_estimators': 295, 'max_depth': 5, 'num_leaves': 83, 'learning_rate': 0.051543455158230854, 'subsample': 0.8773243492079463, 'min_child_samples': 10, 'reg_alpha': 0.034096514368237685, 'reg_lambda': 3.154180388637081e-05}. Best is trial 0 with value: -0.03980175882374635.
