[I 2026-05-06 02:21:30,640] Trial 0 finished with value: -0.03230504031455936 and parameters: {'confidence_threshold': 0.7790993046299082, 'training_days': 230, 'n_estimators': 295, 'max_depth': 5, 'num_leaves': 83, 'learning_rate': 0.051543455158230854, 'subsample': 0.8773243492079463, 'min_child_samples': 10, 'reg_alpha': 0.034096514368237685, 'reg_lambda': 3.154180388637081e-05}. Best is trial 0 with value: -0.03230504031455936.

  [label] 2024-03-20 00:00 BCHUSDT entry=367.1000 → LONG | long=tp(+20.76%) short=sl(-10.53%) | scanned=9 | long_tp_only
  [label] 2024-04-07 16:00 BCHUSDT entry=685.1400 → SHORT | long=sl(-7.93%) short=tp(+15.57%) | scanned=14 | short_tp_only
  [label] 2024-04-14 00:00 BCHUSDT entry=497.3700 → LONG | long=timeout(+3.21%) short=sl(-11.04%) | scanned=22 | no_tp→fwd_return=+3.3094
  [label] 2024-04-26 08:00 BCHUSDT entry=481.8000 → SHORT | long=sl(-6.85%) short=tp(+13.40%) | scanned=14 | short_tp_only
  [label] 2024-06-05 08:00 BCHUSDT entry=483.7000 → LONG | long=tp(+6.65%) short=sl(-3.47%) | scanned=5 | long_tp_only
  [label] 2024-06-15 08:00 BCHUSDT entry=431.2500 → SHORT | long=sl(-4.83%) short=tp(+9.36%) | scanned=8 | short_tp_only
  [label] 2024-09-10 08:00 BCHUSDT entry=324.4700 → SHORT | long=sl(-4.15%) short=sl(-4.15%) | scanned=17 | no_tp→fwd_return=-2.8046
  Labels: 1062 long (48.4%), 1131 short (51.6%) | weights: min=1.00, mean=3.78, max=10.00
  Features: 2193/2193 matched, 14 columns
  CV gap: 22 rows
    [trial 0] 14 features, training_days=230 | threshold=0.779 | labels: 1062 long, 1131 short (48/52%)
    [CV fold 0] train_end=2023-01-24 00:00 | val_start=2023-01-31 16:00 | gap=184h (22 rows)
    [CV fold 1] train_end=2023-05-25 16:00 | val_start=2023-06-02 08:00 | gap=184h (22 rows)
    [CV fold 2] train_end=2023-09-24 08:00 | val_start=2023-10-02 00:00 | gap=184h (22 rows)
    [CV fold 3] train_end=2024-01-24 00:00 | val_start=2024-01-31 16:00 | gap=184h (22 rows)
    [CV fold 4] train_end=2024-05-24 16:00 | val_start=2024-06-01 08:00 | gap=184h (22 rows)
    [trial 0] Sharpe=0.0361 (folds: 0.0629, 0.0615, 0.1873, -0.0505, -0.0806)
    [trial 1] 14 features, training_days=410 | threshold=0.693 | labels: 1062 long, 1131 short (48/52%)
    [trial 1] Sharpe=0.0737 (folds: 0.0058, 0.1466, 0.0929, 0.0536, 0.0695)
    [trial 2] 14 features, training_days=270 | threshold=0.546 | labels: 1062 long, 1131 short (48/52%)
    [trial 2] Sharpe=0.0180 (folds: -0.0896, -0.0536, 0.1811, -0.0718, 0.1236)
    [trial 3] 14 features, training_days=270 | threshold=0.600 | labels: 1062 long, 1131 short (48/52%)
    [trial 3] Sharpe=-0.0582 (folds: -0.1233, -0.0517, -0.0009, -0.1094, -0.0055)
    [trial 4] 14 features, training_days=390 | threshold=0.764 | labels: 1062 long, 1131 short (48/52%)
    [trial 4] Sharpe=0.0042 (folds: -0.1465, 0.1627, -0.0469, 0.0388, 0.0127)
    [trial 5] 14 features, training_days=60 | threshold=0.603 | labels: 1062 long, 1131 short (48/52%)
    [trial 5] Sharpe=0.0191 (folds: -0.1098, -0.1202, 0.1725, 0.0698, 0.0833)
    [trial 6] 14 features, training_days=290 | threshold=0.738 | labels: 1062 long, 1131 short (48/52%)
    [trial 6] Sharpe=0.0856 (folds: -0.0210, 0.3305, 0.0653, 0.0218, 0.0313)
    [trial 7] 14 features, training_days=70 | threshold=0.564 | labels: 1062 long, 1131 short (48/52%)
    [trial 7] Sharpe=0.0106 (folds: -0.0223, -0.0873, 0.0619, 0.1255, -0.0248)
    [trial 8] 14 features, training_days=440 | threshold=0.653 | labels: 1062 long, 1131 short (48/52%)
    [trial 8] Sharpe=0.0684 (folds: 0.0146, 0.5145, 0.1552, -0.1053, -0.2370)
    [trial 9] 14 features, training_days=360 | threshold=0.728 | labels: 1062 long, 1131 short (48/52%)
    [trial 9] Sharpe=-0.0533 (folds: -0.1911, 0.0193, 0.1051, -0.0677, -0.1320)
  Optuna: 10 trials, best Sharpe = 0.0856
  Best params: n_estimators=249, max_depth=5, lr=0.0156, leaves=121
  Best confidence_threshold: 0.738
  Best training_days: 290
  Retrained on full data (870 samples, 14 features)
  Model trained for 2024-10: 93 test candles with features, confidence_threshold=0.738
[predict] 2024-10-15 00:00 BCHUSDT → SHORT (proba=0.81 TP=7.4%/SL=3.7%)
[trade:open] 2024-10-15 07:59 BCHUSDT SHORT @ 366.88 | SL=380.52 TP=339.59 | timeout=2024-10-22 07:59
[trade:close] 2024-10-22 08:00 BCHUSDT SHORT → timeout @ 361.90 | PnL=+1.36% (net +1.26%) | cum=+14.28% 2024-10=+1.26% 2024-10-22=+1.26%
[predict] 2024-10-30 00:00 BCHUSDT → SHORT (proba=0.74 TP=8.2%/SL=4.1%)
[trade:open] 2024-10-30 07:59 BCHUSDT SHORT @ 380.41 | SL=396.09 TP=349.04 | timeout=2024-11-06 07:59
[trade:close] 2024-11-01 07:59 BCHUSDT SHORT → take_profit @ 349.04 | PnL=+8.25% (net +8.15%) | cum=+22.43% 2024-11=+8.15% 2024-11-01=+8.15%
[lgbm] === Training for 2024-11 ===
  Train window: 2022-11-01 → 2024-11-01
  2193 training samples from 1 symbols
  Samples per month: 2022-11: 90, 2022-12: 93, 2023-01: 93, 2023-02: 84, 2023-03: 93, 2023-04: 90, 2023-05: 93, 2023-06: 90, 2023-07: 93, 2023-08: 93, 2023-09: 90, 2023-10: 93, 2023-11: 90, 2023-12: 93, 2024-01: 93, 2024-02: 87, 2024-03: 93, 2024-04: 90, 2024-05: 93, 2024-06: 90, 2024-07: 93, 2024-08: 93, 2024-09: 90, 2024-10: 93
  [label] 2023-01-02 08:00 BCHUSDT entry=100.2400 → LONG | long=tp(+5.00%) short=sl(-2.65%) | scanned=20 | long_tp_only
  [label] 2023-01-04 16:00 BCHUSDT entry=101.4700 → LONG | long=sl(-2.57%) short=sl(-2.57%) | scanned=13 | no_tp→fwd_return=+4.4447
  [label] 2023-01-08 08:00 BCHUSDT entry=102.5800 → LONG | long=tp(+4.47%) short=sl(-2.39%) | scanned=3 | long_tp_only
  [label] 2023-02-02 08:00 BCHUSDT entry=143.0300 → SHORT | long=sl(-4.29%) short=tp(+8.27%) | scanned=13 | short_tp_only
  [label] 2023-03-27 08:00 BCHUSDT entry=118.6900 → LONG | long=timeout(+6.90%) short=sl(-5.42%) | scanned=22 | no_tp→fwd_return=+7.0014
  [label] 2023-09-11 08:00 BCHUSDT entry=182.8000 → LONG | long=tp(+8.73%) short=sl(-4.52%) | scanned=3 | long_tp_only
  [label] 2023-09-15 08:00 BCHUSDT entry=214.2400 → SHORT | long=sl(-4.94%) short=sl(-4.94%) | scanned=20 | no_tp→fwd_return=-2.3852
  [label] 2023-09-26 00:00 BCHUSDT entry=213.3500 → LONG | long=tp(+7.50%) short=sl(-3.90%) | scanned=4 | long_tp_only
  [label] 2023-11-10 08:00 BCHUSDT entry=238.1500 → SHORT | long=sl(-5.41%) short=timeout(+6.63%) | scanned=22 | no_tp→fwd_return=-6.7269
  [label] 2023-11-19 00:00 BCHUSDT entry=228.7000 → LONG | long=sl(-4.76%) short=timeout(-0.33%) | scanned=22 | no_tp→fwd_return=+0.2274
  [label] 2024-02-18 16:00 BCHUSDT entry=270.5100 → SHORT | long=sl(-4.25%) short=timeout(+0.77%) | scanned=22 | no_tp→fwd_return=-0.8650
  [label] 2024-03-21 16:00 BCHUSDT entry=414.4600 → LONG | long=tp(+18.21%) short=sl(-9.26%) | scanned=8 | long_tp_only
  [label] 2024-04-07 00:00 BCHUSDT entry=676.4600 → SHORT | long=sl(-8.45%) short=tp(+16.61%) | scanned=17 | short_tp_only
  [label] 2024-04-20 00:00 BCHUSDT entry=477.4000 → SHORT | long=timeout(-1.43%) short=sl(-10.08%) | scanned=22 | no_tp→fwd_return=-1.3259
  [label] 2024-05-08 16:00 BCHUSDT entry=447.8100 → LONG | long=sl(-5.98%) short=timeout(-3.59%) | scanned=22 | no_tp→fwd_return=+3.4948
  [label] 2024-05-15 00:00 BCHUSDT entry=431.2400 → LONG | long=tp(+8.94%) short=sl(-4.62%) | scanned=6 | long_tp_only
  [label] 2024-05-27 08:00 BCHUSDT entry=500.7800 → SHORT | long=sl(-4.32%) short=tp(+8.33%) | scanned=12 | short_tp_only
  [label] 2024-07-06 08:00 BCHUSDT entry=331.0900 → LONG | long=sl(-6.53%) short=sl(-6.53%) | scanned=15 | no_tp→fwd_return=+6.0829
  [label] 2024-07-16 08:00 BCHUSDT entry=393.4800 → SHORT | long=sl(-5.75%) short=timeout(+3.87%) | scanned=22 | no_tp→fwd_return=-3.9697
  [label] 2024-10-11 08:00 BCHUSDT entry=326.1300 → LONG | long=tp(+6.61%) short=sl(-3.45%) | scanned=9 | long_tp_only
  Labels: 1075 long (49.0%), 1118 short (51.0%) | weights: min=1.00, mean=3.77, max=10.00
  Features: 2193/2193 matched, 14 columns
  CV gap: 22 rows
    [trial 0] 14 features, training_days=230 | threshold=0.779 | labels: 1075 long, 1118 short (49/51%)
    [CV fold 0] train_end=2023-02-24 00:00 | val_start=2023-03-03 16:00 | gap=184h (22 rows)
    [CV fold 1] train_end=2023-06-25 16:00 | val_start=2023-07-03 08:00 | gap=184h (22 rows)
    [CV fold 2] train_end=2023-10-25 08:00 | val_start=2023-11-02 00:00 | gap=184h (22 rows)
    [CV fold 3] train_end=2024-02-24 00:00 | val_start=2024-03-02 16:00 | gap=184h (22 rows)
    [CV fold 4] train_end=2024-06-24 16:00 | val_start=2024-07-02 08:00 | gap=184h (22 rows)
    [trial 0] Sharpe=-0.0323 (folds: -0.0067, 0.0704, -0.1537, -0.0377, -0.0339)
    [trial 1] 14 features, training_days=410 | threshold=0.693 | labels: 1075 long, 1118 short (49/51%)[I 2026-05-06 02:21:30,770] Trial 1 finished with value: 0.0017497439698286542 and parameters: {'confidence_threshold': 0.6929247853618086, 'training_days': 410, 'n_estimators': 233, 'max_depth': 5, 'num_leaves': 108, 'learning_rate': 0.013724237108071606, 'subsample': 0.7013182233636002, 'min_child_samples': 94, 'reg_alpha': 2.4040959529260723e-06, 'reg_lambda': 5.320966582161148}. Best is trial 1 with value: 0.0017497439698286542.
[I 2026-05-06 02:21:30,834] Trial 2 finished with value: 0.0042699828115933544 and parameters: {'confidence_threshold': 0.546341527225763, 'training_days': 270, 'n_estimators': 120, 'max_depth': 4, 'num_leaves': 53, 'learning_rate': 0.060197068579343475, 'subsample': 0.588227873455941, 'min_child_samples': 91, 'reg_alpha': 2.3457771824819002e-08, 'reg_lambda': 1.1358840775642732e-08}. Best is trial 2 with value: 0.0042699828115933544.
[I 2026-05-06 02:21:31,006] Trial 3 finished with value: -0.0186748301787446 and parameters: {'confidence_threshold': 0.6000319676300473, 'training_days': 270, 'n_estimators': 382, 'max_depth': 4, 'num_leaves': 44, 'learning_rate': 0.09185046765032388, 'subsample': 0.6743651508646724, 'min_child_samples': 77, 'reg_alpha': 0.0013974578104212739, 'reg_lambda': 8.97190257982477e-08}. Best is trial 2 with value: 0.0042699828115933544.
[I 2026-05-06 02:21:31,371] Trial 4 finished with value: 0.048206368690662055 and parameters: {'confidence_threshold': 0.7642618789055509, 'training_days': 390, 'n_estimators': 464, 'max_depth': 5, 'num_leaves': 30, 'learning_rate': 0.024562383309704932, 'subsample': 0.8612975035964376, 'min_child_samples': 36, 'reg_alpha': 1.593999300080167, 'reg_lambda': 0.006081270362829788}. Best is trial 4 with value: 0.048206368690662055.
[I 2026-05-06 02:21:31,511] Trial 5 finished with value: 0.005389964206856318 and parameters: {'confidence_threshold': 0.6029115860358569, 'training_days': 60, 'n_estimators': 441, 'max_depth': 3, 'num_leaves': 66, 'learning_rate': 0.044953114425778824, 'subsample': 0.7098948461279406, 'min_child_samples': 15, 'reg_alpha': 4.888753565548431e-07, 'reg_lambda': 4.198190642566389}. Best is trial 4 with value: 0.048206368690662055.
[I 2026-05-06 02:21:31,723] Trial 6 finished with value: 0.0050565563654308004 and parameters: {'confidence_threshold': 0.7376932868314098, 'training_days': 290, 'n_estimators': 249, 'max_depth': 5, 'num_leaves': 121, 'learning_rate': 0.015565840632862623, 'subsample': 0.8390183783709677, 'min_child_samples': 19, 'reg_alpha': 1.860444687368747e-08, 'reg_lambda': 2.7391483548058117e-06}. Best is trial 4 with value: 0.048206368690662055.
[I 2026-05-06 02:21:31,756] Trial 7 finished with value: -0.0014278932792745412 and parameters: {'confidence_threshold': 0.563503962036334, 'training_days': 70, 'n_estimators': 63, 'max_depth': 3, 'num_leaves': 47, 'learning_rate': 0.18074927623018475, 'subsample': 0.5059692991701257, 'min_child_samples': 9, 'reg_alpha': 3.6945804405602874e-08, 'reg_lambda': 0.027706035542028905}. Best is trial 4 with value: 0.048206368690662055.
[I 2026-05-06 02:21:31,831] Trial 8 finished with value: 0.07567357054516188 and parameters: {'confidence_threshold': 0.6525471176758836, 'training_days': 440, 'n_estimators': 116, 'max_depth': 4, 'num_leaves': 115, 'learning_rate': 0.010229952960863938, 'subsample': 0.5062159465415076, 'min_child_samples': 54, 'reg_alpha': 6.790626457822126e-06, 'reg_lambda': 1.7869141074987722e-05}. Best is trial 8 with value: 0.07567357054516188.
[I 2026-05-06 02:21:31,923] Trial 9 finished with value: -2.081298726269174 and parameters: {'confidence_threshold': 0.7277571993354469, 'training_days': 360, 'n_estimators': 75, 'max_depth': 5, 'num_leaves': 41, 'learning_rate': 0.014186743931212992, 'subsample': 0.7445187273047605, 'min_child_samples': 22, 'reg_alpha': 0.02393227447113315, 'reg_lambda': 0.009236766173618426}. Best is trial 8 with value: 0.07567357054516188.
[I 2026-05-06 02:21:32,171] A new study created in memory with name: no-name-d4aa5cd8-c0c5-4052-be5a-24006e1c1002
[I 2026-05-06 02:21:32,423] Trial 0 finished with value: 0.015408823475094613 and parameters: {'confidence_threshold': 0.7790993046299082, 'training_days': 230, 'n_estimators': 295, 'max_depth': 5, 'num_leaves': 83, 'learning_rate': 0.051543455158230854, 'subsample': 0.8773243492079463, 'min_child_samples': 10, 'reg_alpha': 0.034096514368237685, 'reg_lambda': 3.154180388637081e-05}. Best is trial 0 with value: 0.015408823475094613.
[I 2026-05-06 02:21:32,565] Trial 1 finished with value: 0.0016214889625250195 and parameters: {'confidence_threshold': 0.6929247853618086, 'training_days': 410, 'n_estimators': 233, 'max_depth': 5, 'num_leaves': 108, 'learning_rate': 0.013724237108071606, 'subsample': 0.7013182233636002, 'min_child_samples': 94, 'reg_alpha': 2.4040959529260723e-06, 'reg_lambda': 5.320966582161148}. Best is trial 0 with value: 0.015408823475094613.
[I 2026-05-06 02:21:32,629] Trial 2 finished with value: 0.042676306455179856 and parameters: {'confidence_threshold': 0.546341527225763, 'training_days': 270, 'n_estimators': 120, 'max_depth': 4, 'num_leaves': 53, 'learning_rate': 0.060197068579343475, 'subsample': 0.588227873455941, 'min_child_samples': 91, 'reg_alpha': 2.3457771824819002e-08, 'reg_lambda': 1.1358840775642732e-08}. Best is trial 2 with value: 0.042676306455179856.
[I 2026-05-06 02:21:32,790] Trial 3 finished with value: -0.009027455404504618 and parameters: {'confidence_threshold': 0.6000319676300473, 'training_days': 270, 'n_estimators': 382, 'max_depth': 4, 'num_leaves': 44, 'learning_rate': 0.09185046765032388, 'subsample': 0.6743651508646724, 'min_child_samples': 77, 'reg_alpha': 0.0013974578104212739, 'reg_lambda': 8.97190257982477e-08}. Best is trial 2 with value: 0.042676306455179856.
[I 2026-05-06 02:21:33,161] Trial 4 finished with value: -0.0065941692387355534 and parameters: {'confidence_threshold': 0.7642618789055509, 'training_days': 390, 'n_estimators': 464, 'max_depth': 5, 'num_leaves': 30, 'learning_rate': 0.024562383309704932, 'subsample': 0.8612975035964376, 'min_child_samples': 36, 'reg_alpha': 1.593999300080167, 'reg_lambda': 0.006081270362829788}. Best is trial 2 with value: 0.042676306455179856.
[I 2026-05-06 02:21:33,311] Trial 5 finished with value: -0.02581588518567976 and parameters: {'confidence_threshold': 0.6029115860358569, 'training_days': 60, 'n_estimators': 441, 'max_depth': 3, 'num_leaves': 66, 'learning_rate': 0.044953114425778824, 'subsample': 0.7098948461279406, 'min_child_samples': 15, 'reg_alpha': 4.888753565548431e-07, 'reg_lambda': 4.198190642566389}. Best is trial 2 with value: 0.042676306455179856.
[I 2026-05-06 02:21:33,544] Trial 6 finished with value: 0.004609230343241928 and parameters: {'confidence_threshold': 0.7376932868314098, 'training_days': 290, 'n_estimators': 249, 'max_depth': 5, 'num_leaves': 121, 'learning_rate': 0.015565840632862623, 'subsample': 0.8390183783709677, 'min_child_samples': 19, 'reg_alpha': 1.860444687368747e-08, 'reg_lambda': 2.7391483548058117e-06}. Best is trial 2 with value: 0.042676306455179856.
