[I 2026-05-06 02:20:58,093] Trial 9 finished with value: -0.011282371054803448 and parameters: {'confidence_threshold': 0.7277571993354469, 'training_days': 360, 'n_estimators': 75, 'max_depth': 5, 'num_leaves': 41, 'learning_rate': 0.014186743931212992, 'subsample': 0.7445187273047605, 'min_child_samples': 22, 'reg_alpha': 0.02393227447113315, 'reg_lambda': 0.009236766173618426}. Best is trial 7 with value: -0.002459218088016462.

    [trial 7] Sharpe=-0.0265 (folds: -0.0539, -0.1150, -0.0264, -0.0310, 0.0939)
    [trial 8] 14 features, training_days=440 | threshold=0.653 | labels: 1005 long, 1185 short (46/54%)
    [trial 8] Sharpe=-0.2795 (folds: -0.1344, -0.8625, -0.1565, -0.1365, -0.1074)
    [trial 9] 14 features, training_days=360 | threshold=0.728 | labels: 1005 long, 1185 short (46/54%)
    [trial 9] Sharpe=-0.3074 (folds: -0.2737, -0.3865, -0.6011, -0.2150, -0.0610)
  Optuna: 10 trials, best Sharpe = -0.0265
  Best params: n_estimators=63, max_depth=3, lr=0.1807, leaves=47
  Best confidence_threshold: 0.564
  Best training_days: 70
  Retrained on full data (210 samples, 14 features)
  Model trained for 2023-03: 93 test candles with features, confidence_threshold=0.564
[trade:close] 2023-03-03 07:59 BCHUSDT LONG → stop_loss @ 127.22 | PnL=-4.82% (net -4.92%) | cum=+7.86% 2023-03=-4.92% 2023-03-03=-4.92%
[predict] 2023-03-10 08:00 BCHUSDT → LONG (proba=0.94 TP=10.1%/SL=5.1%)
[trade:open] 2023-03-10 15:59 BCHUSDT LONG @ 109.59 | SL=104.04 TP=120.70 | timeout=2023-03-17 15:59
[trade:close] 2023-03-12 23:59 BCHUSDT LONG → take_profit @ 120.70 | PnL=+10.14% (net +10.04%) | cum=+17.90% 2023-03=+5.11% 2023-03-12=+10.04%
[predict] 2023-03-14 16:00 BCHUSDT → LONG (proba=0.83 TP=10.0%/SL=5.0%)
[trade:open] 2023-03-14 23:59 BCHUSDT LONG @ 130.94 | SL=124.38 TP=144.06 | timeout=2023-03-21 23:59
[trade:close] 2023-03-15 23:59 BCHUSDT LONG → stop_loss @ 124.38 | PnL=-5.01% (net -5.11%) | cum=+12.79% 2023-03=+0.00% 2023-03-15=-5.11%
[predict] 2023-03-17 08:00 BCHUSDT → LONG (proba=0.95 TP=10.0%/SL=5.0%)
[trade:open] 2023-03-17 15:59 BCHUSDT LONG @ 130.08 | SL=123.59 TP=143.05 | timeout=2023-03-24 15:59
[trade:close] 2023-03-22 23:59 BCHUSDT LONG → stop_loss @ 123.59 | PnL=-4.99% (net -5.09%) | cum=+7.70% 2023-03=-5.08% 2023-03-22=-5.09%
[predict] 2023-03-24 08:00 BCHUSDT → LONG (proba=0.99 TP=11.3%/SL=5.7%)
[trade:open] 2023-03-24 15:59 BCHUSDT LONG @ 124.82 | SL=117.75 TP=138.96 | timeout=2023-03-31 15:59
[trade:close] 2023-03-27 15:59 BCHUSDT LONG → stop_loss @ 117.75 | PnL=-5.67% (net -5.77%) | cum=+1.93% 2023-03=-10.85% 2023-03-27=-5.77%
[lgbm] === Training for 2023-04 ===
  Train window: 2021-04-01 → 2023-04-01
  2190 training samples from 1 symbols
  Samples per month: 2021-04: 90, 2021-05: 93, 2021-06: 90, 2021-07: 93, 2021-08: 93, 2021-09: 90, 2021-10: 93, 2021-11: 90, 2021-12: 93, 2022-01: 93, 2022-02: 84, 2022-03: 93, 2022-04: 90, 2022-05: 93, 2022-06: 90, 2022-07: 93, 2022-08: 93, 2022-09: 90, 2022-10: 93, 2022-11: 90, 2022-12: 93, 2023-01: 93, 2023-02: 84, 2023-03: 93
  [label] 2021-06-02 08:00 BCHUSDT entry=709.7000 → SHORT | long=sl(-13.64%) short=timeout(+11.73%) | scanned=22 | no_tp→fwd_return=-11.8289
  [label] 2021-06-04 08:00 BCHUSDT entry=666.6300 → SHORT | long=sl(-12.76%) short=timeout(+11.20%) | scanned=22 | no_tp→fwd_return=-11.2986
  [label] 2021-06-08 08:00 BCHUSDT entry=563.1000 → LONG | long=timeout(+10.00%) short=sl(-12.17%) | scanned=22 | no_tp→fwd_return=+10.1030
  [label] 2021-07-03 08:00 BCHUSDT entry=508.6800 → SHORT | long=sl(-7.19%) short=timeout(+2.58%) | scanned=22 | no_tp→fwd_return=-2.6834
  [label] 2021-08-25 08:00 BCHUSDT entry=646.6100 → LONG | long=sl(-5.34%) short=sl(-5.34%) | scanned=11 | no_tp→fwd_return=+4.7710
  [label] 2022-02-08 16:00 BCHUSDT entry=335.2500 → SHORT | long=sl(-5.52%) short=sl(-5.52%) | scanned=9 | no_tp→fwd_return=-4.4265
  [label] 2022-02-13 00:00 BCHUSDT entry=328.2700 → SHORT | long=sl(-5.59%) short=timeout(+8.10%) | scanned=22 | no_tp→fwd_return=-8.1975
  [label] 2022-02-23 16:00 BCHUSDT entry=288.1100 → LONG | long=sl(-5.95%) short=sl(-5.95%) | scanned=3 | no_tp→fwd_return=+4.2796
  [label] 2022-04-10 00:00 BCHUSDT entry=325.6000 → SHORT | long=sl(-5.08%) short=tp(+9.87%) | scanned=5 | short_tp_only
  [label] 2022-04-18 16:00 BCHUSDT entry=340.2400 → SHORT | long=sl(-5.00%) short=tp(+9.71%) | scanned=18 | short_tp_only
  [label] 2022-07-19 00:00 BCHUSDT entry=118.2300 → LONG | long=tp(+11.30%) short=sl(-5.80%) | scanned=16 | long_tp_only
  [label] 2022-08-20 00:00 BCHUSDT entry=117.4900 → LONG | long=tp(+13.23%) short=sl(-6.77%) | scanned=10 | long_tp_only
  [label] 2022-09-05 08:00 BCHUSDT entry=123.0600 → SHORT | long=sl(-4.88%) short=tp(+9.46%) | scanned=5 | short_tp_only
  [label] 2022-09-18 08:00 BCHUSDT entry=117.9200 → SHORT | long=sl(-5.46%) short=timeout(+2.26%) | scanned=22 | no_tp→fwd_return=-2.3575
  [label] 2022-10-07 00:00 BCHUSDT entry=118.8000 → SHORT | long=sl(-4.13%) short=tp(+7.95%) | scanned=12 | short_tp_only
  [label] 2022-10-13 08:00 BCHUSDT entry=106.8900 → LONG | long=timeout(+0.89%) short=sl(-4.27%) | scanned=22 | no_tp→fwd_return=+0.9917
  [label] 2022-10-25 16:00 BCHUSDT entry=112.6100 → LONG | long=tp(+6.18%) short=sl(-3.24%) | scanned=12 | long_tp_only
  [label] 2022-12-04 16:00 BCHUSDT entry=110.9400 → SHORT | long=sl(-3.67%) short=sl(-3.67%) | scanned=21 | no_tp→fwd_return=-4.3717
  [label] 2022-12-14 16:00 BCHUSDT entry=108.9300 → SHORT | long=sl(-3.54%) short=tp(+6.77%) | scanned=6 | short_tp_only
  [label] 2023-03-11 08:00 BCHUSDT entry=108.9400 → LONG | long=tp(+10.35%) short=sl(-5.33%) | scanned=4 | long_tp_only
  Labels: 996 long (45.5%), 1194 short (54.5%) | weights: min=1.00, mean=3.07, max=10.00
  Features: 2190/2190 matched, 14 columns
  CV gap: 22 rows
    [trial 0] 14 features, training_days=230 | threshold=0.779 | labels: 996 long, 1194 short (45/55%)
    [CV fold 0] train_end=2021-07-24 00:00 | val_start=2021-07-31 16:00 | gap=184h (22 rows)
    [CV fold 1] train_end=2021-11-22 16:00 | val_start=2021-11-30 08:00 | gap=184h (22 rows)
    [CV fold 2] train_end=2022-03-24 08:00 | val_start=2022-04-01 00:00 | gap=184h (22 rows)
    [CV fold 3] train_end=2022-07-24 00:00 | val_start=2022-07-31 16:00 | gap=184h (22 rows)
    [CV fold 4] train_end=2022-11-22 16:00 | val_start=2022-11-30 08:00 | gap=184h (22 rows)
    [trial 0] Sharpe=-0.0646 (folds: -0.0862, -0.1359, -0.2099, 0.0081, 0.1007)
    [trial 1] 14 features, training_days=410 | threshold=0.693 | labels: 996 long, 1194 short (45/55%)
    [trial 1] Sharpe=-0.0612 (folds: 0.0168, -0.2152, -0.0758, -0.2146, 0.1828)
    [trial 2] 14 features, training_days=270 | threshold=0.546 | labels: 996 long, 1194 short (45/55%)
    [trial 2] Sharpe=-0.0365 (folds: -0.0168, 0.1041, -0.3141, -0.0377, 0.0819)
    [trial 3] 14 features, training_days=270 | threshold=0.600 | labels: 996 long, 1194 short (45/55%)
    [trial 3] Sharpe=-0.0700 (folds: -0.0927, 0.0565, -0.2819, -0.0964, 0.0644)
    [trial 4] 14 features, training_days=390 | threshold=0.764 | labels: 996 long, 1194 short (45/55%)
    [trial 4] Sharpe=-0.0967 (folds: -0.0312, -0.0724, -0.2837, -0.1657, 0.0693)
    [trial 5] 14 features, training_days=60 | threshold=0.603 | labels: 996 long, 1194 short (45/55%)
    [trial 5] Sharpe=-0.0884 (folds: -0.0566, -0.2072, -0.1412, -0.1969, 0.1599)
    [trial 6] 14 features, training_days=290 | threshold=0.738 | labels: 996 long, 1194 short (45/55%)
    [trial 6] Sharpe=-0.0617 (folds: -0.0217, -0.2583, -0.0653, -0.0075, 0.0444)
    [trial 7] 14 features, training_days=70 | threshold=0.564 | labels: 996 long, 1194 short (45/55%)
    [trial 7] Sharpe=-0.0025 (folds: 0.1959, -0.0518, -0.0789, -0.0988, 0.0213)
    [trial 8] 14 features, training_days=440 | threshold=0.653 | labels: 996 long, 1194 short (45/55%)
    [trial 8] Sharpe=-0.1617 (folds: 0.0127, -0.3681, 0.1283, -0.4900, -0.0912)
    [trial 9] 14 features, training_days=360 | threshold=0.728 | labels: 996 long, 1194 short (45/55%)
    [trial 9] Sharpe=-0.0113 (folds: -0.0602, -0.3087, -0.1532, 0.2514, 0.2143)
  Optuna: 10 trials, best Sharpe = -0.0025
  Best params: n_estimators=63, max_depth=3, lr=0.1807, leaves=47
  Best confidence_threshold: 0.564
  Best training_days: 70
  Retrained on full data (210 samples, 14 features)
  Model trained for 2023-04: 90 test candles with features, confidence_threshold=0.564
[predict] 2023-04-21 16:00 BCHUSDT → LONG (proba=0.82 TP=7.7%/SL=3.9%)
[trade:open] 2023-04-21 23:59 BCHUSDT LONG @ 119.74 | SL=115.11 TP=129.00 | timeout=2023-04-28 23:59[I 2026-05-06 02:20:58,279] A new study created in memory with name: no-name-4cf11c8d-fd86-42e3-8016-6291454fb48b
[I 2026-05-06 02:20:58,536] Trial 0 finished with value: -0.00640033994744683 and parameters: {'confidence_threshold': 0.7790993046299082, 'training_days': 230, 'n_estimators': 295, 'max_depth': 5, 'num_leaves': 83, 'learning_rate': 0.051543455158230854, 'subsample': 0.8773243492079463, 'min_child_samples': 10, 'reg_alpha': 0.034096514368237685, 'reg_lambda': 3.154180388637081e-05}. Best is trial 0 with value: -0.00640033994744683.
[I 2026-05-06 02:20:58,669] Trial 1 finished with value: -0.08926609448860692 and parameters: {'confidence_threshold': 0.6929247853618086, 'training_days': 410, 'n_estimators': 233, 'max_depth': 5, 'num_leaves': 108, 'learning_rate': 0.013724237108071606, 'subsample': 0.7013182233636002, 'min_child_samples': 94, 'reg_alpha': 2.4040959529260723e-06, 'reg_lambda': 5.320966582161148}. Best is trial 0 with value: -0.00640033994744683.
[I 2026-05-06 02:20:58,732] Trial 2 finished with value: -0.08759917662956747 and parameters: {'confidence_threshold': 0.546341527225763, 'training_days': 270, 'n_estimators': 120, 'max_depth': 4, 'num_leaves': 53, 'learning_rate': 0.060197068579343475, 'subsample': 0.588227873455941, 'min_child_samples': 91, 'reg_alpha': 2.3457771824819002e-08, 'reg_lambda': 1.1358840775642732e-08}. Best is trial 0 with value: -0.00640033994744683.
[I 2026-05-06 02:20:58,910] Trial 3 finished with value: -0.09588635166959962 and parameters: {'confidence_threshold': 0.6000319676300473, 'training_days': 270, 'n_estimators': 382, 'max_depth': 4, 'num_leaves': 44, 'learning_rate': 0.09185046765032388, 'subsample': 0.6743651508646724, 'min_child_samples': 77, 'reg_alpha': 0.0013974578104212739, 'reg_lambda': 8.97190257982477e-08}. Best is trial 0 with value: -0.00640033994744683.
[I 2026-05-06 02:20:59,271] Trial 4 finished with value: -0.1225683878486874 and parameters: {'confidence_threshold': 0.7642618789055509, 'training_days': 390, 'n_estimators': 464, 'max_depth': 5, 'num_leaves': 30, 'learning_rate': 0.024562383309704932, 'subsample': 0.8612975035964376, 'min_child_samples': 36, 'reg_alpha': 1.593999300080167, 'reg_lambda': 0.006081270362829788}. Best is trial 0 with value: -0.00640033994744683.
[I 2026-05-06 02:20:59,410] Trial 5 finished with value: -0.015172226099457656 and parameters: {'confidence_threshold': 0.6029115860358569, 'training_days': 60, 'n_estimators': 441, 'max_depth': 3, 'num_leaves': 66, 'learning_rate': 0.044953114425778824, 'subsample': 0.7098948461279406, 'min_child_samples': 15, 'reg_alpha': 4.888753565548431e-07, 'reg_lambda': 4.198190642566389}. Best is trial 0 with value: -0.00640033994744683.
[I 2026-05-06 02:20:59,633] Trial 6 finished with value: -0.07832703449534675 and parameters: {'confidence_threshold': 0.7376932868314098, 'training_days': 290, 'n_estimators': 249, 'max_depth': 5, 'num_leaves': 121, 'learning_rate': 0.015565840632862623, 'subsample': 0.8390183783709677, 'min_child_samples': 19, 'reg_alpha': 1.860444687368747e-08, 'reg_lambda': 2.7391483548058117e-06}. Best is trial 0 with value: -0.00640033994744683.
[I 2026-05-06 02:20:59,668] Trial 7 finished with value: -0.04059600411029644 and parameters: {'confidence_threshold': 0.563503962036334, 'training_days': 70, 'n_estimators': 63, 'max_depth': 3, 'num_leaves': 47, 'learning_rate': 0.18074927623018475, 'subsample': 0.5059692991701257, 'min_child_samples': 9, 'reg_alpha': 3.6945804405602874e-08, 'reg_lambda': 0.027706035542028905}. Best is trial 0 with value: -0.00640033994744683.
[I 2026-05-06 02:20:59,752] Trial 8 finished with value: -0.2801998333936358 and parameters: {'confidence_threshold': 0.6525471176758836, 'training_days': 440, 'n_estimators': 116, 'max_depth': 4, 'num_leaves': 115, 'learning_rate': 0.010229952960863938, 'subsample': 0.5062159465415076, 'min_child_samples': 54, 'reg_alpha': 6.790626457822126e-06, 'reg_lambda': 1.7869141074987722e-05}. Best is trial 0 with value: -0.00640033994744683.
[I 2026-05-06 02:20:59,830] Trial 9 finished with value: -1.9197649951994809 and parameters: {'confidence_threshold': 0.7277571993354469, 'training_days': 360, 'n_estimators': 75, 'max_depth': 5, 'num_leaves': 41, 'learning_rate': 0.014186743931212992, 'subsample': 0.7445187273047605, 'min_child_samples': 22, 'reg_alpha': 0.02393227447113315, 'reg_lambda': 0.009236766173618426}. Best is trial 0 with value: -0.00640033994744683.

[trade:close] 2023-04-26 23:59 BCHUSDT LONG → stop_loss @ 115.11 | PnL=-3.87% (net -3.97%) | cum=-2.03% 2023-04=-3.97% 2023-04-26=-3.97%
[predict] 2023-04-28 08:00 BCHUSDT → LONG (proba=0.99 TP=7.9%/SL=3.9%)
[trade:open] 2023-04-28 15:59 BCHUSDT LONG @ 117.04 | SL=112.43 TP=126.26 | timeout=2023-05-05 15:59
[lgbm] === Training for 2023-05 ===
  Train window: 2021-05-01 → 2023-05-01
  2190 training samples from 1 symbols
  Samples per month: 2021-05: 93, 2021-06: 90, 2021-07: 93, 2021-08: 93, 2021-09: 90, 2021-10: 93, 2021-11: 90, 2021-12: 93, 2022-01: 93, 2022-02: 84, 2022-03: 93, 2022-04: 90, 2022-05: 93, 2022-06: 90, 2022-07: 93, 2022-08: 93, 2022-09: 90, 2022-10: 93, 2022-11: 90, 2022-12: 93, 2023-01: 93, 2023-02: 84, 2023-03: 93, 2023-04: 90
  [label] 2021-07-02 08:00 BCHUSDT entry=491.8600 → LONG | long=timeout(+2.01%) short=sl(-7.89%) | scanned=22 | no_tp→fwd_return=+2.1144
  [label] 2021-07-04 08:00 BCHUSDT entry=538.5300 → SHORT | long=sl(-6.72%) short=timeout(+7.06%) | scanned=22 | no_tp→fwd_return=-7.1565
  [label] 2021-07-08 08:00 BCHUSDT entry=494.9400 → SHORT | long=sl(-6.81%) short=timeout(+8.85%) | scanned=22 | no_tp→fwd_return=-8.9465
  [label] 2021-08-02 08:00 BCHUSDT entry=552.3900 → LONG | long=timeout(+8.21%) short=sl(-5.80%) | scanned=22 | no_tp→fwd_return=+8.3057
  [label] 2021-09-24 08:00 BCHUSDT entry=504.3800 → LONG | long=timeout(+6.32%) short=timeout(-6.52%) | scanned=22 | no_tp→fwd_return=+6.4237
  [label] 2022-03-10 16:00 BCHUSDT entry=289.3200 → LONG | long=timeout(+2.25%) short=timeout(-2.45%) | scanned=22 | no_tp→fwd_return=+2.3538
  [label] 2022-03-15 00:00 BCHUSDT entry=283.8200 → LONG | long=tp(+10.39%) short=sl(-5.35%) | scanned=13 | long_tp_only
  [label] 2022-03-25 16:00 BCHUSDT entry=364.8300 → LONG | long=timeout(+3.25%) short=sl(-5.28%) | scanned=22 | no_tp→fwd_return=+3.3468
  [label] 2022-05-10 00:00 BCHUSDT entry=237.0900 → SHORT | long=sl(-7.31%) short=tp(+14.32%) | scanned=4 | short_tp_only
  [label] 2022-05-18 16:00 BCHUSDT entry=186.8900 → LONG | long=timeout(+1.61%) short=timeout(-1.81%) | scanned=22 | no_tp→fwd_return=+1.7122
  [label] 2022-08-18 00:00 BCHUSDT entry=133.2100 → SHORT | long=sl(-5.54%) short=tp(+10.78%) | scanned=3 | short_tp_only
  [label] 2022-09-19 00:00 BCHUSDT entry=108.2200 → LONG | long=tp(+12.39%) short=sl(-6.35%) | scanned=16 | long_tp_only
  [label] 2022-10-05 08:00 BCHUSDT entry=120.4900 → SHORT | long=sl(-4.20%) short=tp(+8.09%) | scanned=16 | short_tp_only
  [label] 2022-10-18 08:00 BCHUSDT entry=108.4100 → LONG | long=sl(-3.61%) short=timeout(-2.78%) | scanned=22 | no_tp→fwd_return=+2.6750
  [label] 2022-11-06 00:00 BCHUSDT entry=122.4500 → SHORT | long=sl(-4.16%) short=tp(+8.03%) | scanned=6 | short_tp_only
  [label] 2022-11-12 08:00 BCHUSDT entry=102.1200 → LONG | long=timeout(+2.96%) short=timeout(-3.16%) | scanned=22 | no_tp→fwd_return=+3.0552
  [label] 2022-11-24 16:00 BCHUSDT entry=115.8400 → SHORT | long=sl(-5.06%) short=timeout(+4.67%) | scanned=22 | no_tp→fwd_return=-4.7738
  [label] 2023-01-03 16:00 BCHUSDT entry=99.6200 → LONG | long=tp(+4.80%) short=sl(-2.55%) | scanned=16 | long_tp_only
  [label] 2023-01-13 16:00 BCHUSDT entry=124.5500 → SHORT | long=sl(-3.96%) short=sl(-3.96%) | scanned=8 | no_tp→fwd_return=-1.8547
  [label] 2023-04-10 08:00 BCHUSDT entry=125.0500 → LONG | long=tp(+6.07%) short=sl(-3.19%) | scanned=11 | long_tp_only
  Labels: 968 long (44.2%), 1222 short (55.8%) | weights: min=1.00, mean=2.95, max=10.00
  Features: 2190/2190 matched, 14 columns
  CV gap: 22 rows
    [trial 0] 14 features, training_days=230 | threshold=0.779 | labels: 968 long, 1222 short (44/56%)
    [CV fold 0] train_end=2021-08-23 00:00 | val_start=2021-08-30 16:00 | gap=184h (22 rows)
    [CV fold 1] train_end=2021-12-22 16:00 | val_start=2021-12-30 08:00 | gap=184h (22 rows)
    [CV fold 2] train_end=2022-04-23 08:00 | val_start=2022-05-01 00:00 | gap=184h (22 rows)
    [CV fold 3] train_end=2022-08-23 00:00 | val_start=2022-08-30 16:00 | gap=184h (22 rows)
    [CV fold 4] train_end=2022-12-22 16:00 | val_start=2022-12-30 08:00 | gap=184h (22 rows)
    [trial 0] Sharpe=-0.0064 (folds: -0.0425, -0.0626, 0.0024, 0.0615, 0.0091)
    [trial 1] 14 features, training_days=410 | threshold=0.693 | labels: 968 long, 1222 short (44/56%)
    [trial 1] Sharpe=-0.0893 (folds: 0.3465, -0.5631, -0.0693, -0.2296, 0.0692)
    [trial 2] 14 features, training_days=270 | threshold=0.546 | labels: 968 long, 1222 short (44/56%)
    [trial 2] Sharpe=-0.0876 (folds: 0.1161, -0.3704, -0.2036, -0.0609, 0.0808)
    [trial 3] 14 features, training_days=270 | threshold=0.600 | labels: 968 long, 1222 short (44/56%)
    [trial 3] Sharpe=-0.0959 (folds: -0.0456, -0.3851, -0.1334, 0.0196, 0.0650)
    [trial 4] 14 features, training_days=390 | threshold=0.764 | labels: 968 long, 1222 short (44/56%)
    [trial 4] Sharpe=-0.1226 (folds: -0.1076, -0.3486, -0.2720, 0.0743, 0.0411)
    [trial 5] 14 features, training_days=60 | threshold=0.603 | labels: 968 long, 1222 short (44/56%)
    [trial 5] Sharpe=-0.0152 (folds: -0.1684, 0.3097, -0.0961, -0.1224, 0.0014)
    [trial 6] 14 features, training_days=290 | threshold=0.738 | labels: 968 long, 1222 short (44/56%)
    [trial 6] Sharpe=-0.0783 (folds: -0.0152, -0.3051, -0.2128, 0.0182, 0.1233)
    [trial 7] 14 features, training_days=70 | threshold=0.564 | labels: 968 long, 1222 short (44/56%)
    [trial 7] Sharpe=-0.0406 (folds: -0.1278, 0.2102, -0.1074, -0.1491, -0.0289)
    [trial 8] 14 features, training_days=440 | threshold=0.653 | labels: 968 long, 1222 short (44/56%)
    [trial 8] Sharpe=-0.2802 (folds: -0.0627, -0.9514, 0.0725, -0.6148, 0.1554)
    [trial 9] 14 features, training_days=360 | threshold=0.728 | labels: 968 long, 1222 short (44/56%)
    [trial 9] Sharpe=-1.9198 (folds: -0.0974, -10.0000, 0.2091, 0.1856, 0.1039)
  Optuna: 10 trials, best Sharpe = -0.0064
  Best params: n_estimators=295, max_depth=5, lr=0.0515, leaves=83
  Best confidence_threshold: 0.779
  Best training_days: 230
  Retrained on full data (690 samples, 14 features)
  Model trained for 2023-05: 93 test candles with features, confidence_threshold=0.779
[trade:close] 2023-05-05 16:00 BCHUSDT LONG → timeout @ 119.50 | PnL=+2.10% (net +2.00%) | cum=-0.03% 2023-05=+2.00% 2023-05-05=+2.00%
[predict] 2023-05-08 16:00 BCHUSDT → SHORT (proba=0.84 TP=7.4%/SL=3.7%)
[trade:open] 2023-05-08 23:59 BCHUSDT SHORT @ 111.12 | SL=115.23 TP=102.91 | timeout=2023-05-15 23:59
[trade:close] 2023-05-09 07:59 BCHUSDT SHORT → stop_loss @ 115.23 | PnL=-3.70% (net -3.80%) | cum=-3.83% 2023-05=-1.79% 2023-05-09=-3.80%
[predict] 2023-05-15 00:00 BCHUSDT → SHORT (proba=1.00 TP=7.8%/SL=3.9%)
[trade:open] 2023-05-15 07:59 BCHUSDT SHORT @ 119.81 | SL=124.51 TP=110.42 | timeout=2023-05-22 07:59
[trade:close] 2023-05-22 08:00 BCHUSDT SHORT → timeout @ 114.35 | PnL=+4.56% (net +4.46%) | cum=+0.63% 2023-05=+2.66% 2023-05-22=+4.46%
[lgbm] === Training for 2023-06 ===
  Train window: 2021-06-01 → 2023-06-01
  2190 training samples from 1 symbols
  Samples per month: 2021-06: 90, 2021-07: 93, 2021-08: 93, 2021-09: 90, 2021-10: 93, 2021-11: 90, 2021-12: 93, 2022-01: 93, 2022-02: 84, 2022-03: 93, 2022-04: 90, 2022-05: 93, 2022-06: 90, 2022-07: 93, 2022-08: 93, 2022-09: 90, 2022-10: 93, 2022-11: 90, 2022-12: 93, 2023-01: 93, 2023-02: 84, 2023-03: 93, 2023-04: 90, 2023-05: 93
  [label] 2021-08-02 08:00 BCHUSDT entry=552.3900 → LONG | long=timeout(+8.21%) short=sl(-5.80%) | scanned=22 | no_tp→fwd_return=+8.3057
  [label] 2021-08-04 08:00 BCHUSDT entry=542.6900 → LONG | long=tp(+11.06%) short=sl(-5.68%) | scanned=18 | long_tp_only
  [label] 2021-08-08 08:00 BCHUSDT entry=563.2800 → LONG | long=tp(+10.07%) short=sl(-5.19%) | scanned=9 | long_tp_only
  [label] 2021-09-02 08:00 BCHUSDT entry=660.3700 → LONG | long=tp(+8.99%) short=sl(-4.64%) | scanned=4 | long_tp_only
  [label] 2021-10-25 08:00 BCHUSDT entry=627.7500 → SHORT | long=sl(-4.24%) short=tp(+8.18%) | scanned=6 | short_tp_only
  [label] 2022-04-10 16:00 BCHUSDT entry=319.6500 → LONG | long=sl(-5.14%) short=sl(-5.14%) | scanned=8 | no_tp→fwd_return=+5.4716
  [label] 2022-04-15 00:00 BCHUSDT entry=340.1400 → SHORT | long=sl(-5.25%) short=timeout(+4.66%) | scanned=22 | no_tp→fwd_return=-4.7627[I 2026-05-06 02:21:00,071] A new study created in memory with name: no-name-5ec153de-1b15-4d38-a3d6-3b840d2fd594
[I 2026-05-06 02:21:00,321] Trial 0 finished with value: 0.0039993525857916715 and parameters: {'confidence_threshold': 0.7790993046299082, 'training_days': 230, 'n_estimators': 295, 'max_depth': 5, 'num_leaves': 83, 'learning_rate': 0.051543455158230854, 'subsample': 0.8773243492079463, 'min_child_samples': 10, 'reg_alpha': 0.034096514368237685, 'reg_lambda': 3.154180388637081e-05}. Best is trial 0 with value: 0.0039993525857916715.
