[I 2026-05-06 02:22:00,312] Trial 0 finished with value: 0.03530333750123079 and parameters: {'confidence_threshold': 0.7790993046299082, 'training_days': 230, 'n_estimators': 295, 'max_depth': 5, 'num_leaves': 83, 'learning_rate': 0.051543455158230854, 'subsample': 0.8773243492079463, 'min_child_samples': 10, 'reg_alpha': 0.034096514368237685, 'reg_lambda': 3.154180388637081e-05}. Best is trial 0 with value: 0.03530333750123079.

  [label] 2026-01-11 08:00 BCHUSDT entry=654.5800 → SHORT | long=sl(-3.66%) short=tp(+7.02%) | scanned=5 | short_tp_only
  Labels: 1105 long (50.4%), 1088 short (49.6%) | weights: min=1.00, mean=4.08, max=10.00
  Features: 2193/2193 matched, 14 columns
  CV gap: 22 rows
    [trial 0] 14 features, training_days=230 | threshold=0.779 | labels: 1105 long, 1088 short (50/50%)
    [CV fold 0] train_end=2024-05-26 00:00 | val_start=2024-06-02 16:00 | gap=184h (22 rows)
    [CV fold 1] train_end=2024-09-24 16:00 | val_start=2024-10-02 08:00 | gap=184h (22 rows)
    [CV fold 2] train_end=2025-01-24 08:00 | val_start=2025-02-01 00:00 | gap=184h (22 rows)
    [CV fold 3] train_end=2025-05-26 00:00 | val_start=2025-06-02 16:00 | gap=184h (22 rows)
    [CV fold 4] train_end=2025-09-24 16:00 | val_start=2025-10-02 08:00 | gap=184h (22 rows)
    [trial 0] Sharpe=0.0482 (folds: -0.1188, -0.2053, -0.0333, 0.3300, 0.2684)
    [trial 1] 14 features, training_days=410 | threshold=0.693 | labels: 1105 long, 1088 short (50/50%)
    [trial 1] Sharpe=0.0669 (folds: -0.4332, -0.1727, 0.1458, 0.4345, 0.3600)
    [trial 2] 14 features, training_days=270 | threshold=0.546 | labels: 1105 long, 1088 short (50/50%)
    [trial 2] Sharpe=0.0345 (folds: -0.0301, -0.1896, -0.0396, 0.3483, 0.0835)
    [trial 3] 14 features, training_days=270 | threshold=0.600 | labels: 1105 long, 1088 short (50/50%)
    [trial 3] Sharpe=0.0166 (folds: -0.0743, -0.1143, -0.0031, 0.2637, 0.0109)
    [trial 4] 14 features, training_days=390 | threshold=0.764 | labels: 1105 long, 1088 short (50/50%)
    [trial 4] Sharpe=0.0034 (folds: -0.0795, -0.3673, 0.0042, 0.1088, 0.3507)
    [trial 5] 14 features, training_days=60 | threshold=0.603 | labels: 1105 long, 1088 short (50/50%)
    [trial 5] Sharpe=0.1058 (folds: 0.0124, 0.1672, -0.0733, 0.2872, 0.1354)
    [trial 6] 14 features, training_days=290 | threshold=0.738 | labels: 1105 long, 1088 short (50/50%)
    [trial 6] Sharpe=0.0364 (folds: -0.0802, -0.3707, -0.1364, 0.4759, 0.2931)
    [trial 7] 14 features, training_days=70 | threshold=0.564 | labels: 1105 long, 1088 short (50/50%)
    [trial 7] Sharpe=0.0100 (folds: -0.0527, 0.0732, -0.1420, 0.1533, 0.0182)
    [trial 8] 14 features, training_days=440 | threshold=0.653 | labels: 1105 long, 1088 short (50/50%)
    [trial 8] Sharpe=-0.0386 (folds: -0.0071, -0.6994, 0.1666, -0.0186, 0.3656)
    [trial 9] 14 features, training_days=360 | threshold=0.728 | labels: 1105 long, 1088 short (50/50%)
    [trial 9] Sharpe=-0.0037 (folds: -0.1203, -0.7729, -0.1046, 0.5091, 0.4700)
  Optuna: 10 trials, best Sharpe = 0.1058
  Best params: n_estimators=441, max_depth=3, lr=0.0450, leaves=66
  Best confidence_threshold: 0.603
  Best training_days: 60
  Retrained on full data (180 samples, 14 features)
  Model trained for 2026-02: 84 test candles with features, confidence_threshold=0.603
[trade:close] 2026-02-05 15:59 BCHUSDT LONG → stop_loss @ 482.18 | PnL=-4.91% (net -5.01%) | cum=+13.57% 2026-02=-5.01% 2026-02-05=-5.01%
[predict] 2026-02-07 08:00 BCHUSDT → LONG (proba=0.69 TP=13.8%/SL=6.9%)
[trade:open] 2026-02-07 15:59 BCHUSDT LONG @ 527.03 | SL=490.69 TP=599.71 | timeout=2026-02-14 15:59
[trade:close] 2026-02-14 16:00 BCHUSDT LONG → timeout @ 564.16 | PnL=+7.05% (net +6.95%) | cum=+20.51% 2026-02=+1.93% 2026-02-14=+6.95%
[predict] 2026-02-16 00:00 BCHUSDT → SHORT (proba=0.70 TP=9.5%/SL=4.7%)
[trade:open] 2026-02-16 07:59 BCHUSDT SHORT @ 557.30 | SL=583.74 TP=504.42 | timeout=2026-02-23 07:59
[trade:close] 2026-02-22 07:59 BCHUSDT SHORT → stop_loss @ 583.74 | PnL=-4.74% (net -4.84%) | cum=+15.67% 2026-02=-2.91% 2026-02-22=-4.84%
[predict] 2026-02-24 00:00 BCHUSDT → SHORT (proba=0.97 TP=11.5%/SL=5.7%)
[trade:open] 2026-02-24 07:59 BCHUSDT SHORT @ 480.98 | SL=508.53 TP=425.89 | timeout=2026-03-03 07:59
[trade:close] 2026-02-25 15:59 BCHUSDT SHORT → stop_loss @ 508.53 | PnL=-5.73% (net -5.83%) | cum=+9.84% 2026-02=-8.74% 2026-02-25=-5.83%
[predict] 2026-02-27 00:00 BCHUSDT → SHORT (proba=0.93 TP=11.8%/SL=5.9%)
[trade:open] 2026-02-27 07:59 BCHUSDT SHORT @ 481.17 | SL=509.45 TP=424.61 | timeout=2026-03-06 07:59
[lgbm] === Training for 2026-03 ===
  Train window: 2024-03-01 → 2026-03-01
  2190 training samples from 1 symbols
  Samples per month: 2024-03: 93, 2024-04: 90, 2024-05: 93, 2024-06: 90, 2024-07: 93, 2024-08: 93, 2024-09: 90, 2024-10: 93, 2024-11: 90, 2024-12: 93, 2025-01: 93, 2025-02: 84, 2025-03: 93, 2025-04: 90, 2025-05: 93, 2025-06: 90, 2025-07: 93, 2025-08: 93, 2025-09: 90, 2025-10: 93, 2025-11: 90, 2025-12: 93, 2026-01: 93, 2026-02: 84
  [label] 2024-05-02 08:00 BCHUSDT entry=429.4800 → LONG | long=tp(+13.55%) short=sl(-6.93%) | scanned=15 | long_tp_only
  [label] 2024-05-04 08:00 BCHUSDT entry=465.7700 → SHORT | long=sl(-6.10%) short=sl(-6.10%) | scanned=18 | no_tp→fwd_return=-8.3518
  [label] 2024-05-08 08:00 BCHUSDT entry=459.3300 → SHORT | long=sl(-5.82%) short=timeout(+3.06%) | scanned=22 | no_tp→fwd_return=-3.1589
  [label] 2024-06-02 08:00 BCHUSDT entry=461.4500 → LONG | long=tp(+7.43%) short=sl(-3.86%) | scanned=10 | long_tp_only
  [label] 2024-07-25 08:00 BCHUSDT entry=355.0000 → LONG | long=tp(+10.91%) short=sl(-5.60%) | scanned=6 | long_tp_only
  [label] 2025-01-08 16:00 BCHUSDT entry=434.0200 → LONG | long=sl(-5.14%) short=sl(-5.14%) | scanned=11 | no_tp→fwd_return=+3.8846
  [label] 2025-01-13 00:00 BCHUSDT entry=429.4700 → LONG | long=sl(-5.33%) short=sl(-5.33%) | scanned=8 | no_tp→fwd_return=+7.1437
  [label] 2025-01-23 16:00 BCHUSDT entry=437.2900 → SHORT | long=sl(-6.29%) short=timeout(+0.49%) | scanned=22 | no_tp→fwd_return=-0.5877
  [label] 2025-03-10 00:00 BCHUSDT entry=356.1300 → SHORT | long=sl(-8.01%) short=timeout(+6.38%) | scanned=22 | no_tp→fwd_return=-6.4836
  [label] 2025-03-18 16:00 BCHUSDT entry=335.0300 → LONG | long=timeout(+0.14%) short=timeout(-0.34%) | scanned=22 | no_tp→fwd_return=+0.2358
  [label] 2025-06-18 00:00 BCHUSDT entry=470.4500 → SHORT | long=sl(-4.92%) short=sl(-4.92%) | scanned=13 | no_tp→fwd_return=-5.3204
  [label] 2025-07-20 00:00 BCHUSDT entry=525.2700 → SHORT | long=sl(-4.58%) short=sl(-4.58%) | scanned=10 | no_tp→fwd_return=-1.9647
  [label] 2025-08-05 08:00 BCHUSDT entry=564.7000 → LONG | long=timeout(+6.91%) short=sl(-4.96%) | scanned=22 | no_tp→fwd_return=+7.0090
  [label] 2025-08-18 08:00 BCHUSDT entry=565.6600 → SHORT | long=timeout(-1.34%) short=sl(-4.18%) | scanned=22 | no_tp→fwd_return=-1.2393
  [label] 2025-09-06 00:00 BCHUSDT entry=611.2100 → SHORT | long=sl(-3.96%) short=timeout(+1.83%) | scanned=22 | no_tp→fwd_return=-1.9257
  [label] 2025-09-12 08:00 BCHUSDT entry=588.0000 → LONG | long=tp(+6.76%) short=sl(-3.53%) | scanned=17 | long_tp_only
  [label] 2025-09-24 16:00 BCHUSDT entry=556.0500 → LONG | long=sl(-3.37%) short=sl(-3.37%) | scanned=20 | no_tp→fwd_return=+4.8467
  [label] 2025-11-03 16:00 BCHUSDT entry=505.4400 → LONG | long=sl(-5.48%) short=timeout(-2.40%) | scanned=22 | no_tp→fwd_return=+2.2970
  [label] 2025-11-13 16:00 BCHUSDT entry=508.9800 → LONG | long=sl(-5.24%) short=sl(-5.24%) | scanned=15 | no_tp→fwd_return=+2.6995
  [label] 2026-02-08 08:00 BCHUSDT entry=530.4100 → LONG | long=sl(-6.64%) short=sl(-6.64%) | scanned=16 | no_tp→fwd_return=+6.2838
  Labels: 1069 long (48.8%), 1121 short (51.2%) | weights: min=1.00, mean=4.11, max=10.00
  Features: 2190/2190 matched, 14 columns
  CV gap: 22 rows
    [trial 0] 14 features, training_days=230 | threshold=0.779 | labels: 1069 long, 1121 short (49/51%)
    [CV fold 0] train_end=2024-06-23 00:00 | val_start=2024-06-30 16:00 | gap=184h (22 rows)
    [CV fold 1] train_end=2024-10-22 16:00 | val_start=2024-10-30 08:00 | gap=184h (22 rows)
    [CV fold 2] train_end=2025-02-21 08:00 | val_start=2025-03-01 00:00 | gap=184h (22 rows)
    [CV fold 3] train_end=2025-06-23 00:00 | val_start=2025-06-30 16:00 | gap=184h (22 rows)
    [CV fold 4] train_end=2025-10-22 16:00 | val_start=2025-10-30 08:00 | gap=184h (22 rows)
    [trial 0] Sharpe=0.0353 (folds: -0.1029, 0.0118, -0.1391, 0.3604, 0.0463)
    [trial 1] 14 features, training_days=410 | threshold=0.693 | labels: 1069 long, 1121 short (49/51%)[I 2026-05-06 02:22:00,445] Trial 1 finished with value: 0.1592812918633714 and parameters: {'confidence_threshold': 0.6929247853618086, 'training_days': 410, 'n_estimators': 233, 'max_depth': 5, 'num_leaves': 108, 'learning_rate': 0.013724237108071606, 'subsample': 0.7013182233636002, 'min_child_samples': 94, 'reg_alpha': 2.4040959529260723e-06, 'reg_lambda': 5.320966582161148}. Best is trial 1 with value: 0.1592812918633714.
[I 2026-05-06 02:22:00,510] Trial 2 finished with value: 0.034534076299276864 and parameters: {'confidence_threshold': 0.546341527225763, 'training_days': 270, 'n_estimators': 120, 'max_depth': 4, 'num_leaves': 53, 'learning_rate': 0.060197068579343475, 'subsample': 0.588227873455941, 'min_child_samples': 91, 'reg_alpha': 2.3457771824819002e-08, 'reg_lambda': 1.1358840775642732e-08}. Best is trial 1 with value: 0.1592812918633714.
[I 2026-05-06 02:22:00,677] Trial 3 finished with value: 0.06863270349289344 and parameters: {'confidence_threshold': 0.6000319676300473, 'training_days': 270, 'n_estimators': 382, 'max_depth': 4, 'num_leaves': 44, 'learning_rate': 0.09185046765032388, 'subsample': 0.6743651508646724, 'min_child_samples': 77, 'reg_alpha': 0.0013974578104212739, 'reg_lambda': 8.97190257982477e-08}. Best is trial 1 with value: 0.1592812918633714.
[I 2026-05-06 02:22:01,020] Trial 4 finished with value: 0.12936505462043688 and parameters: {'confidence_threshold': 0.7642618789055509, 'training_days': 390, 'n_estimators': 464, 'max_depth': 5, 'num_leaves': 30, 'learning_rate': 0.024562383309704932, 'subsample': 0.8612975035964376, 'min_child_samples': 36, 'reg_alpha': 1.593999300080167, 'reg_lambda': 0.006081270362829788}. Best is trial 1 with value: 0.1592812918633714.
[I 2026-05-06 02:22:01,160] Trial 5 finished with value: 0.06351006755669246 and parameters: {'confidence_threshold': 0.6029115860358569, 'training_days': 60, 'n_estimators': 441, 'max_depth': 3, 'num_leaves': 66, 'learning_rate': 0.044953114425778824, 'subsample': 0.7098948461279406, 'min_child_samples': 15, 'reg_alpha': 4.888753565548431e-07, 'reg_lambda': 4.198190642566389}. Best is trial 1 with value: 0.1592812918633714.
[I 2026-05-06 02:22:01,400] Trial 6 finished with value: 0.17877428667667367 and parameters: {'confidence_threshold': 0.7376932868314098, 'training_days': 290, 'n_estimators': 249, 'max_depth': 5, 'num_leaves': 121, 'learning_rate': 0.015565840632862623, 'subsample': 0.8390183783709677, 'min_child_samples': 19, 'reg_alpha': 1.860444687368747e-08, 'reg_lambda': 2.7391483548058117e-06}. Best is trial 6 with value: 0.17877428667667367.
[I 2026-05-06 02:22:01,437] Trial 7 finished with value: 0.042219435246497204 and parameters: {'confidence_threshold': 0.563503962036334, 'training_days': 70, 'n_estimators': 63, 'max_depth': 3, 'num_leaves': 47, 'learning_rate': 0.18074927623018475, 'subsample': 0.5059692991701257, 'min_child_samples': 9, 'reg_alpha': 3.6945804405602874e-08, 'reg_lambda': 0.027706035542028905}. Best is trial 6 with value: 0.17877428667667367.
[I 2026-05-06 02:22:01,524] Trial 8 finished with value: -0.5978848607065317 and parameters: {'confidence_threshold': 0.6525471176758836, 'training_days': 440, 'n_estimators': 116, 'max_depth': 4, 'num_leaves': 115, 'learning_rate': 0.010229952960863938, 'subsample': 0.5062159465415076, 'min_child_samples': 54, 'reg_alpha': 6.790626457822126e-06, 'reg_lambda': 1.7869141074987722e-05}. Best is trial 6 with value: 0.17877428667667367.
[I 2026-05-06 02:22:01,607] Trial 9 finished with value: -1.7767697739759967 and parameters: {'confidence_threshold': 0.7277571993354469, 'training_days': 360, 'n_estimators': 75, 'max_depth': 5, 'num_leaves': 41, 'learning_rate': 0.014186743931212992, 'subsample': 0.7445187273047605, 'min_child_samples': 22, 'reg_alpha': 0.02393227447113315, 'reg_lambda': 0.009236766173618426}. Best is trial 6 with value: 0.17877428667667367.
[I 2026-05-06 02:22:01,931] A new study created in memory with name: no-name-87491d40-9d54-4f01-8244-471e35e8671d
[I 2026-05-06 02:22:02,215] Trial 0 finished with value: 0.06293353734760372 and parameters: {'confidence_threshold': 0.7790993046299082, 'training_days': 230, 'n_estimators': 295, 'max_depth': 5, 'num_leaves': 83, 'learning_rate': 0.051543455158230854, 'subsample': 0.8773243492079463, 'min_child_samples': 10, 'reg_alpha': 0.034096514368237685, 'reg_lambda': 3.154180388637081e-05}. Best is trial 0 with value: 0.06293353734760372.
[I 2026-05-06 02:22:02,350] Trial 1 finished with value: 0.1369407142898821 and parameters: {'confidence_threshold': 0.6929247853618086, 'training_days': 410, 'n_estimators': 233, 'max_depth': 5, 'num_leaves': 108, 'learning_rate': 0.013724237108071606, 'subsample': 0.7013182233636002, 'min_child_samples': 94, 'reg_alpha': 2.4040959529260723e-06, 'reg_lambda': 5.320966582161148}. Best is trial 1 with value: 0.1369407142898821.
[I 2026-05-06 02:22:02,415] Trial 2 finished with value: 0.135079489449217 and parameters: {'confidence_threshold': 0.546341527225763, 'training_days': 270, 'n_estimators': 120, 'max_depth': 4, 'num_leaves': 53, 'learning_rate': 0.060197068579343475, 'subsample': 0.588227873455941, 'min_child_samples': 91, 'reg_alpha': 2.3457771824819002e-08, 'reg_lambda': 1.1358840775642732e-08}. Best is trial 1 with value: 0.1369407142898821.
[I 2026-05-06 02:22:02,596] Trial 3 finished with value: 0.09545450518414365 and parameters: {'confidence_threshold': 0.6000319676300473, 'training_days': 270, 'n_estimators': 382, 'max_depth': 4, 'num_leaves': 44, 'learning_rate': 0.09185046765032388, 'subsample': 0.6743651508646724, 'min_child_samples': 77, 'reg_alpha': 0.0013974578104212739, 'reg_lambda': 8.97190257982477e-08}. Best is trial 1 with value: 0.1369407142898821.
[I 2026-05-06 02:22:02,932] Trial 4 finished with value: 0.07481418147627311 and parameters: {'confidence_threshold': 0.7642618789055509, 'training_days': 390, 'n_estimators': 464, 'max_depth': 5, 'num_leaves': 30, 'learning_rate': 0.024562383309704932, 'subsample': 0.8612975035964376, 'min_child_samples': 36, 'reg_alpha': 1.593999300080167, 'reg_lambda': 0.006081270362829788}. Best is trial 1 with value: 0.1369407142898821.
[I 2026-05-06 02:22:03,069] Trial 5 finished with value: -0.06626202243979959 and parameters: {'confidence_threshold': 0.6029115860358569, 'training_days': 60, 'n_estimators': 441, 'max_depth': 3, 'num_leaves': 66, 'learning_rate': 0.044953114425778824, 'subsample': 0.7098948461279406, 'min_child_samples': 15, 'reg_alpha': 4.888753565548431e-07, 'reg_lambda': 4.198190642566389}. Best is trial 1 with value: 0.1369407142898821.
[I 2026-05-06 02:22:03,310] Trial 6 finished with value: 0.09074027037703064 and parameters: {'confidence_threshold': 0.7376932868314098, 'training_days': 290, 'n_estimators': 249, 'max_depth': 5, 'num_leaves': 121, 'learning_rate': 0.015565840632862623, 'subsample': 0.8390183783709677, 'min_child_samples': 19, 'reg_alpha': 1.860444687368747e-08, 'reg_lambda': 2.7391483548058117e-06}. Best is trial 1 with value: 0.1369407142898821.
[I 2026-05-06 02:22:03,350] Trial 7 finished with value: -0.13158529179224204 and parameters: {'confidence_threshold': 0.563503962036334, 'training_days': 70, 'n_estimators': 63, 'max_depth': 3, 'num_leaves': 47, 'learning_rate': 0.18074927623018475, 'subsample': 0.5059692991701257, 'min_child_samples': 9, 'reg_alpha': 3.6945804405602874e-08, 'reg_lambda': 0.027706035542028905}. Best is trial 1 with value: 0.1369407142898821.
[I 2026-05-06 02:22:03,440] Trial 8 finished with value: 0.1467948171245003 and parameters: {'confidence_threshold': 0.6525471176758836, 'training_days': 440, 'n_estimators': 116, 'max_depth': 4, 'num_leaves': 115, 'learning_rate': 0.010229952960863938, 'subsample': 0.5062159465415076, 'min_child_samples': 54, 'reg_alpha': 6.790626457822126e-06, 'reg_lambda': 1.7869141074987722e-05}. Best is trial 8 with value: 0.1467948171245003.
