[I 2026-05-06 02:21:09,306] Trial 1 finished with value: 0.10213727036396689 and parameters: {'confidence_threshold': 0.6929247853618086, 'training_days': 410, 'n_estimators': 233, 'max_depth': 5, 'num_leaves': 108, 'learning_rate': 0.013724237108071606, 'subsample': 0.7013182233636002, 'min_child_samples': 94, 'reg_alpha': 2.4040959529260723e-06, 'reg_lambda': 5.320966582161148}. Best is trial 1 with value: 0.10213727036396689.
[I 2026-05-06 02:21:09,369] Trial 2 finished with value: 0.008401099708720588 and parameters: {'confidence_threshold': 0.546341527225763, 'training_days': 270, 'n_estimators': 120, 'max_depth': 4, 'num_leaves': 53, 'learning_rate': 0.060197068579343475, 'subsample': 0.588227873455941, 'min_child_samples': 91, 'reg_alpha': 2.3457771824819002e-08, 'reg_lambda': 1.1358840775642732e-08}. Best is trial 1 with value: 0.10213727036396689.
[I 2026-05-06 02:21:09,545] Trial 3 finished with value: -0.033656056649734305 and parameters: {'confidence_threshold': 0.6000319676300473, 'training_days': 270, 'n_estimators': 382, 'max_depth': 4, 'num_leaves': 44, 'learning_rate': 0.09185046765032388, 'subsample': 0.6743651508646724, 'min_child_samples': 77, 'reg_alpha': 0.0013974578104212739, 'reg_lambda': 8.97190257982477e-08}. Best is trial 1 with value: 0.10213727036396689.
[I 2026-05-06 02:21:09,903] Trial 4 finished with value: 0.06167677226465562 and parameters: {'confidence_threshold': 0.7642618789055509, 'training_days': 390, 'n_estimators': 464, 'max_depth': 5, 'num_leaves': 30, 'learning_rate': 0.024562383309704932, 'subsample': 0.8612975035964376, 'min_child_samples': 36, 'reg_alpha': 1.593999300080167, 'reg_lambda': 0.006081270362829788}. Best is trial 1 with value: 0.10213727036396689.
[I 2026-05-06 02:21:10,051] Trial 5 finished with value: 0.0016459496957142868 and parameters: {'confidence_threshold': 0.6029115860358569, 'training_days': 60, 'n_estimators': 441, 'max_depth': 3, 'num_leaves': 66, 'learning_rate': 0.044953114425778824, 'subsample': 0.7098948461279406, 'min_child_samples': 15, 'reg_alpha': 4.888753565548431e-07, 'reg_lambda': 4.198190642566389}. Best is trial 1 with value: 0.10213727036396689.
[I 2026-05-06 02:21:10,274] Trial 6 finished with value: -0.041792205472599264 and parameters: {'confidence_threshold': 0.7376932868314098, 'training_days': 290, 'n_estimators': 249, 'max_depth': 5, 'num_leaves': 121, 'learning_rate': 0.015565840632862623, 'subsample': 0.8390183783709677, 'min_child_samples': 19, 'reg_alpha': 1.860444687368747e-08, 'reg_lambda': 2.7391483548058117e-06}. Best is trial 1 with value: 0.10213727036396689.
[I 2026-05-06 02:21:10,311] Trial 7 finished with value: 0.008022240080137574 and parameters: {'confidence_threshold': 0.563503962036334, 'training_days': 70, 'n_estimators': 63, 'max_depth': 3, 'num_leaves': 47, 'learning_rate': 0.18074927623018475, 'subsample': 0.5059692991701257, 'min_child_samples': 9, 'reg_alpha': 3.6945804405602874e-08, 'reg_lambda': 0.027706035542028905}. Best is trial 1 with value: 0.10213727036396689.
[I 2026-05-06 02:21:10,391] Trial 8 finished with value: 0.027832400275239633 and parameters: {'confidence_threshold': 0.6525471176758836, 'training_days': 440, 'n_estimators': 116, 'max_depth': 4, 'num_leaves': 115, 'learning_rate': 0.010229952960863938, 'subsample': 0.5062159465415076, 'min_child_samples': 54, 'reg_alpha': 6.790626457822126e-06, 'reg_lambda': 1.7869141074987722e-05}. Best is trial 1 with value: 0.10213727036396689.
[I 2026-05-06 02:21:10,480] Trial 9 finished with value: 0.08805081489270275 and parameters: {'confidence_threshold': 0.7277571993354469, 'training_days': 360, 'n_estimators': 75, 'max_depth': 5, 'num_leaves': 41, 'learning_rate': 0.014186743931212992, 'subsample': 0.7445187273047605, 'min_child_samples': 22, 'reg_alpha': 0.02393227447113315, 'reg_lambda': 0.009236766173618426}. Best is trial 1 with value: 0.10213727036396689.
[I 2026-05-06 02:21:10,697] A new study created in memory with name: no-name-dfa5e23e-34e8-4ae8-b342-35de6849250b

  [label] 2022-11-18 16:00 BCHUSDT entry=104.6200 → LONG | long=tp(+11.29%) short=sl(-5.79%) | scanned=13 | long_tp_only
  [label] 2023-02-18 00:00 BCHUSDT entry=133.6900 → LONG | long=tp(+8.01%) short=sl(-4.16%) | scanned=6 | long_tp_only
  [label] 2023-03-22 00:00 BCHUSDT entry=132.0700 → SHORT | long=sl(-5.18%) short=tp(+10.07%) | scanned=16 | short_tp_only
  [label] 2023-04-07 08:00 BCHUSDT entry=124.5100 → LONG | long=tp(+7.33%) short=sl(-3.82%) | scanned=20 | long_tp_only
  [label] 2023-04-20 08:00 BCHUSDT entry=123.8400 → SHORT | long=sl(-3.68%) short=tp(+7.06%) | scanned=19 | short_tp_only
  [label] 2023-05-09 00:00 BCHUSDT entry=119.7800 → SHORT | long=sl(-3.96%) short=tp(+7.63%) | scanned=8 | short_tp_only
  [label] 2023-05-15 08:00 BCHUSDT entry=117.7800 → SHORT | long=sl(-4.14%) short=timeout(+3.02%) | scanned=22 | no_tp→fwd_return=-3.1245
  [label] 2023-05-27 16:00 BCHUSDT entry=113.6500 → LONG | long=timeout(+1.01%) short=sl(-2.57%) | scanned=22 | no_tp→fwd_return=+1.1087
  [label] 2023-07-06 16:00 BCHUSDT entry=274.5700 → SHORT | long=timeout(-0.38%) short=timeout(+0.18%) | scanned=22 | no_tp→fwd_return=-0.2804
  [label] 2023-07-16 16:00 BCHUSDT entry=249.6400 → SHORT | long=timeout(-0.24%) short=timeout(+0.04%) | scanned=22 | no_tp→fwd_return=-0.1402
  [label] 2023-10-11 08:00 BCHUSDT entry=212.8800 → LONG | long=tp(+9.31%) short=sl(-4.81%) | scanned=15 | long_tp_only
  Labels: 960 long (43.8%), 1230 short (56.2%) | weights: min=1.00, mean=3.18, max=10.00
  Features: 2190/2190 matched, 14 columns
  CV gap: 22 rows
    [trial 0] 14 features, training_days=230 | threshold=0.779 | labels: 960 long, 1230 short (44/56%)
    [CV fold 0] train_end=2022-02-23 00:00 | val_start=2022-03-02 16:00 | gap=184h (22 rows)
    [CV fold 1] train_end=2022-06-24 16:00 | val_start=2022-07-02 08:00 | gap=184h (22 rows)
    [CV fold 2] train_end=2022-10-24 08:00 | val_start=2022-11-01 00:00 | gap=184h (22 rows)
    [CV fold 3] train_end=2023-02-23 00:00 | val_start=2023-03-02 16:00 | gap=184h (22 rows)
    [CV fold 4] train_end=2023-06-24 16:00 | val_start=2023-07-02 08:00 | gap=184h (22 rows)
    [trial 0] Sharpe=0.0270 (folds: 0.1318, -0.0761, 0.0315, -0.0684, 0.1163)
    [trial 1] 14 features, training_days=410 | threshold=0.693 | labels: 960 long, 1230 short (44/56%)
    [trial 1] Sharpe=0.1021 (folds: 0.2509, -0.1362, 0.1369, 0.0128, 0.2463)
    [trial 2] 14 features, training_days=270 | threshold=0.546 | labels: 960 long, 1230 short (44/56%)
    [trial 2] Sharpe=0.0084 (folds: 0.0029, -0.0432, 0.0552, -0.0750, 0.1022)
    [trial 3] 14 features, training_days=270 | threshold=0.600 | labels: 960 long, 1230 short (44/56%)
    [trial 3] Sharpe=-0.0337 (folds: 0.0563, -0.1057, -0.0413, -0.2071, 0.1295)
    [trial 4] 14 features, training_days=390 | threshold=0.764 | labels: 960 long, 1230 short (44/56%)
    [trial 4] Sharpe=0.0617 (folds: 0.1529, -0.0942, 0.0128, -0.0346, 0.2714)
    [trial 5] 14 features, training_days=60 | threshold=0.603 | labels: 960 long, 1230 short (44/56%)
    [trial 5] Sharpe=0.0016 (folds: 0.0999, -0.0552, 0.0539, -0.1185, 0.0281)
    [trial 6] 14 features, training_days=290 | threshold=0.738 | labels: 960 long, 1230 short (44/56%)
    [trial 6] Sharpe=-0.0418 (folds: 0.1453, -0.1308, 0.1169, -0.3138, -0.0266)
    [trial 7] 14 features, training_days=70 | threshold=0.564 | labels: 960 long, 1230 short (44/56%)
    [trial 7] Sharpe=0.0080 (folds: 0.0685, -0.0552, 0.0263, 0.0132, -0.0127)
    [trial 8] 14 features, training_days=440 | threshold=0.653 | labels: 960 long, 1230 short (44/56%)
    [trial 8] Sharpe=0.0278 (folds: 0.1000, -0.1293, 0.0125, -0.0409, 0.1969)
    [trial 9] 14 features, training_days=360 | threshold=0.728 | labels: 960 long, 1230 short (44/56%)
    [trial 9] Sharpe=0.0881 (folds: 0.5198, -0.1167, 0.0709, 0.1150, -0.1488)
  Optuna: 10 trials, best Sharpe = 0.1021
  Best params: n_estimators=233, max_depth=5, lr=0.0137, leaves=108
  Best confidence_threshold: 0.693
  Best training_days: 410
  Retrained on full data (1230 samples, 14 features)
  Model trained for 2023-11: 90 test candles with features, confidence_threshold=0.693
[trade:close] 2023-11-01 08:00 BCHUSDT SHORT → timeout @ 240.55 | PnL=+3.80% (net +3.70%) | cum=+8.83% 2023-11=+3.70% 2023-11-01=+3.70%
[predict] 2023-11-17 08:00 BCHUSDT → LONG (proba=0.72 TP=10.2%/SL=5.1%)
[trade:open] 2023-11-17 15:59 BCHUSDT LONG @ 222.13 | SL=210.84 TP=244.72 | timeout=2023-11-24 15:59
[trade:close] 2023-11-24 16:00 BCHUSDT LONG → timeout @ 227.72 | PnL=+2.52% (net +2.42%) | cum=+11.25% 2023-11=+6.12% 2023-11-24=+2.42%
[lgbm] === Training for 2023-12 ===
  Train window: 2021-12-01 → 2023-12-01
  2190 training samples from 1 symbols
  Samples per month: 2021-12: 93, 2022-01: 93, 2022-02: 84, 2022-03: 93, 2022-04: 90, 2022-05: 93, 2022-06: 90, 2022-07: 93, 2022-08: 93, 2022-09: 90, 2022-10: 93, 2022-11: 90, 2022-12: 93, 2023-01: 93, 2023-02: 84, 2023-03: 93, 2023-04: 90, 2023-05: 93, 2023-06: 90, 2023-07: 93, 2023-08: 93, 2023-09: 90, 2023-10: 93, 2023-11: 90
  [label] 2022-02-01 08:00 BCHUSDT entry=286.1900 → LONG | long=tp(+12.26%) short=sl(-6.28%) | scanned=12 | long_tp_only
  [label] 2022-02-03 08:00 BCHUSDT entry=275.9800 → LONG | long=tp(+11.66%) short=sl(-5.98%) | scanned=5 | long_tp_only
  [label] 2022-02-07 08:00 BCHUSDT entry=338.6300 → SHORT | long=sl(-5.12%) short=sl(-5.12%) | scanned=13 | no_tp→fwd_return=-5.3805
  [label] 2022-03-04 08:00 BCHUSDT entry=301.1700 → SHORT | long=sl(-6.31%) short=timeout(+4.26%) | scanned=22 | no_tp→fwd_return=-4.3563
  [label] 2022-04-26 08:00 BCHUSDT entry=303.3500 → SHORT | long=sl(-5.04%) short=tp(+9.79%) | scanned=13 | short_tp_only
  [label] 2022-10-10 16:00 BCHUSDT entry=111.5200 → SHORT | long=sl(-3.82%) short=tp(+7.33%) | scanned=8 | short_tp_only
  [label] 2022-10-15 00:00 BCHUSDT entry=107.8100 → SHORT | long=sl(-4.11%) short=timeout(+0.47%) | scanned=22 | no_tp→fwd_return=-0.5658
  [label] 2022-10-25 16:00 BCHUSDT entry=112.6100 → LONG | long=tp(+6.18%) short=sl(-3.24%) | scanned=12 | long_tp_only
  [label] 2022-12-10 00:00 BCHUSDT entry=109.5800 → SHORT | long=sl(-3.36%) short=tp(+6.42%) | scanned=6 | short_tp_only
  [label] 2022-12-18 16:00 BCHUSDT entry=101.8400 → SHORT | long=sl(-3.62%) short=timeout(+0.43%) | scanned=22 | no_tp→fwd_return=-0.5302
  [label] 2023-03-20 00:00 BCHUSDT entry=135.2200 → SHORT | long=sl(-4.93%) short=tp(+9.56%) | scanned=14 | short_tp_only
  [label] 2023-04-21 00:00 BCHUSDT entry=123.1600 → SHORT | long=sl(-3.68%) short=tp(+7.06%) | scanned=17 | short_tp_only
  [label] 2023-05-07 08:00 BCHUSDT entry=117.0000 → SHORT | long=sl(-3.09%) short=tp(+5.88%) | scanned=2 | short_tp_only
  [label] 2023-05-20 08:00 BCHUSDT entry=116.1800 → SHORT | long=sl(-3.31%) short=timeout(+2.74%) | scanned=22 | no_tp→fwd_return=-2.8404
  [label] 2023-06-08 00:00 BCHUSDT entry=111.1300 → SHORT | long=sl(-2.87%) short=tp(+5.45%) | scanned=6 | short_tp_only
  [label] 2023-06-14 08:00 BCHUSDT entry=105.2100 → LONG | long=sl(-3.72%) short=sl(-3.72%) | scanned=7 | no_tp→fwd_return=+2.6994
  [label] 2023-06-26 16:00 BCHUSDT entry=223.5800 → LONG | long=tp(+16.95%) short=sl(-8.62%) | scanned=10 | long_tp_only
  [label] 2023-08-05 16:00 BCHUSDT entry=226.6800 → LONG | long=tp(+8.77%) short=sl(-4.53%) | scanned=8 | long_tp_only
  [label] 2023-08-15 16:00 BCHUSDT entry=228.6800 → SHORT | long=sl(-3.75%) short=tp(+7.19%) | scanned=3 | short_tp_only
  [label] 2023-11-10 08:00 BCHUSDT entry=238.1500 → SHORT | long=sl(-5.41%) short=timeout(+6.63%) | scanned=22 | no_tp→fwd_return=-6.7269
  Labels: 955 long (43.6%), 1235 short (56.4%) | weights: min=1.00, mean=3.13, max=10.00
  Features: 2190/2190 matched, 14 columns
  CV gap: 22 rows
    [trial 0] 14 features, training_days=230 | threshold=0.779 | labels: 955 long, 1235 short (44/56%)
    [CV fold 0] train_end=2022-03-25 00:00 | val_start=2022-04-01 16:00 | gap=184h (22 rows)
    [CV fold 1] train_end=2022-07-24 16:00 | val_start=2022-08-01 08:00 | gap=184h (22 rows)
    [CV fold 2] train_end=2022-11-23 08:00 | val_start=2022-12-01 00:00 | gap=184h (22 rows)
    [CV fold 3] train_end=2023-03-25 00:00 | val_start=2023-04-01 16:00 | gap=184h (22 rows)[I 2026-05-06 02:21:10,949] Trial 0 finished with value: 0.09325844687582166 and parameters: {'confidence_threshold': 0.7790993046299082, 'training_days': 230, 'n_estimators': 295, 'max_depth': 5, 'num_leaves': 83, 'learning_rate': 0.051543455158230854, 'subsample': 0.8773243492079463, 'min_child_samples': 10, 'reg_alpha': 0.034096514368237685, 'reg_lambda': 3.154180388637081e-05}. Best is trial 0 with value: 0.09325844687582166.
[I 2026-05-06 02:21:11,088] Trial 1 finished with value: 0.04950212150419096 and parameters: {'confidence_threshold': 0.6929247853618086, 'training_days': 410, 'n_estimators': 233, 'max_depth': 5, 'num_leaves': 108, 'learning_rate': 0.013724237108071606, 'subsample': 0.7013182233636002, 'min_child_samples': 94, 'reg_alpha': 2.4040959529260723e-06, 'reg_lambda': 5.320966582161148}. Best is trial 0 with value: 0.09325844687582166.
[I 2026-05-06 02:21:11,151] Trial 2 finished with value: 0.02060460993677652 and parameters: {'confidence_threshold': 0.546341527225763, 'training_days': 270, 'n_estimators': 120, 'max_depth': 4, 'num_leaves': 53, 'learning_rate': 0.060197068579343475, 'subsample': 0.588227873455941, 'min_child_samples': 91, 'reg_alpha': 2.3457771824819002e-08, 'reg_lambda': 1.1358840775642732e-08}. Best is trial 0 with value: 0.09325844687582166.
[I 2026-05-06 02:21:11,330] Trial 3 finished with value: -0.011247602581077607 and parameters: {'confidence_threshold': 0.6000319676300473, 'training_days': 270, 'n_estimators': 382, 'max_depth': 4, 'num_leaves': 44, 'learning_rate': 0.09185046765032388, 'subsample': 0.6743651508646724, 'min_child_samples': 77, 'reg_alpha': 0.0013974578104212739, 'reg_lambda': 8.97190257982477e-08}. Best is trial 0 with value: 0.09325844687582166.
[I 2026-05-06 02:21:11,714] Trial 4 finished with value: 0.042261834120493 and parameters: {'confidence_threshold': 0.7642618789055509, 'training_days': 390, 'n_estimators': 464, 'max_depth': 5, 'num_leaves': 30, 'learning_rate': 0.024562383309704932, 'subsample': 0.8612975035964376, 'min_child_samples': 36, 'reg_alpha': 1.593999300080167, 'reg_lambda': 0.006081270362829788}. Best is trial 0 with value: 0.09325844687582166.
[I 2026-05-06 02:21:11,849] Trial 5 finished with value: -0.05899409040137721 and parameters: {'confidence_threshold': 0.6029115860358569, 'training_days': 60, 'n_estimators': 441, 'max_depth': 3, 'num_leaves': 66, 'learning_rate': 0.044953114425778824, 'subsample': 0.7098948461279406, 'min_child_samples': 15, 'reg_alpha': 4.888753565548431e-07, 'reg_lambda': 4.198190642566389}. Best is trial 0 with value: 0.09325844687582166.
[I 2026-05-06 02:21:12,070] Trial 6 finished with value: 0.023868095739796893 and parameters: {'confidence_threshold': 0.7376932868314098, 'training_days': 290, 'n_estimators': 249, 'max_depth': 5, 'num_leaves': 121, 'learning_rate': 0.015565840632862623, 'subsample': 0.8390183783709677, 'min_child_samples': 19, 'reg_alpha': 1.860444687368747e-08, 'reg_lambda': 2.7391483548058117e-06}. Best is trial 0 with value: 0.09325844687582166.
[I 2026-05-06 02:21:12,107] Trial 7 finished with value: -0.011182471043959651 and parameters: {'confidence_threshold': 0.563503962036334, 'training_days': 70, 'n_estimators': 63, 'max_depth': 3, 'num_leaves': 47, 'learning_rate': 0.18074927623018475, 'subsample': 0.5059692991701257, 'min_child_samples': 9, 'reg_alpha': 3.6945804405602874e-08, 'reg_lambda': 0.027706035542028905}. Best is trial 0 with value: 0.09325844687582166.
[I 2026-05-06 02:21:12,185] Trial 8 finished with value: -0.015986971899594686 and parameters: {'confidence_threshold': 0.6525471176758836, 'training_days': 440, 'n_estimators': 116, 'max_depth': 4, 'num_leaves': 115, 'learning_rate': 0.010229952960863938, 'subsample': 0.5062159465415076, 'min_child_samples': 54, 'reg_alpha': 6.790626457822126e-06, 'reg_lambda': 1.7869141074987722e-05}. Best is trial 0 with value: 0.09325844687582166.
[I 2026-05-06 02:21:12,277] Trial 9 finished with value: -0.02696745687076333 and parameters: {'confidence_threshold': 0.7277571993354469, 'training_days': 360, 'n_estimators': 75, 'max_depth': 5, 'num_leaves': 41, 'learning_rate': 0.014186743931212992, 'subsample': 0.7445187273047605, 'min_child_samples': 22, 'reg_alpha': 0.02393227447113315, 'reg_lambda': 0.009236766173618426}. Best is trial 0 with value: 0.09325844687582166.
[I 2026-05-06 02:21:12,513] A new study created in memory with name: no-name-8d936faa-401c-4d69-85b2-ed734a7792df
[I 2026-05-06 02:21:12,777] Trial 0 finished with value: -0.05964750057726824 and parameters: {'confidence_threshold': 0.7790993046299082, 'training_days': 230, 'n_estimators': 295, 'max_depth': 5, 'num_leaves': 83, 'learning_rate': 0.051543455158230854, 'subsample': 0.8773243492079463, 'min_child_samples': 10, 'reg_alpha': 0.034096514368237685, 'reg_lambda': 3.154180388637081e-05}. Best is trial 0 with value: -0.05964750057726824.
[I 2026-05-06 02:21:12,907] Trial 1 finished with value: -0.130439548900612 and parameters: {'confidence_threshold': 0.6929247853618086, 'training_days': 410, 'n_estimators': 233, 'max_depth': 5, 'num_leaves': 108, 'learning_rate': 0.013724237108071606, 'subsample': 0.7013182233636002, 'min_child_samples': 94, 'reg_alpha': 2.4040959529260723e-06, 'reg_lambda': 5.320966582161148}. Best is trial 0 with value: -0.05964750057726824.
[I 2026-05-06 02:21:12,967] Trial 2 finished with value: 0.04534130114921524 and parameters: {'confidence_threshold': 0.546341527225763, 'training_days': 270, 'n_estimators': 120, 'max_depth': 4, 'num_leaves': 53, 'learning_rate': 0.060197068579343475, 'subsample': 0.588227873455941, 'min_child_samples': 91, 'reg_alpha': 2.3457771824819002e-08, 'reg_lambda': 1.1358840775642732e-08}. Best is trial 2 with value: 0.04534130114921524.
[I 2026-05-06 02:21:13,141] Trial 3 finished with value: -0.08529961682024705 and parameters: {'confidence_threshold': 0.6000319676300473, 'training_days': 270, 'n_estimators': 382, 'max_depth': 4, 'num_leaves': 44, 'learning_rate': 0.09185046765032388, 'subsample': 0.6743651508646724, 'min_child_samples': 77, 'reg_alpha': 0.0013974578104212739, 'reg_lambda': 8.97190257982477e-08}. Best is trial 2 with value: 0.04534130114921524.
[I 2026-05-06 02:21:13,511] Trial 4 finished with value: -0.06770100726807897 and parameters: {'confidence_threshold': 0.7642618789055509, 'training_days': 390, 'n_estimators': 464, 'max_depth': 5, 'num_leaves': 30, 'learning_rate': 0.024562383309704932, 'subsample': 0.8612975035964376, 'min_child_samples': 36, 'reg_alpha': 1.593999300080167, 'reg_lambda': 0.006081270362829788}. Best is trial 2 with value: 0.04534130114921524.
