[I 2026-05-06 02:25:30,697] Trial 1 finished with value: -0.026029995397253924 and parameters: {'confidence_threshold': 0.6929247853618086, 'training_days': 410, 'n_estimators': 233, 'max_depth': 5, 'num_leaves': 108, 'learning_rate': 0.013724237108071606, 'subsample': 0.7013182233636002, 'min_child_samples': 94, 'reg_alpha': 2.4040959529260723e-06, 'reg_lambda': 5.320966582161148}. Best is trial 1 with value: -0.026029995397253924.
[I 2026-05-06 02:25:30,767] Trial 2 finished with value: -0.03502598342424522 and parameters: {'confidence_threshold': 0.546341527225763, 'training_days': 270, 'n_estimators': 120, 'max_depth': 4, 'num_leaves': 53, 'learning_rate': 0.060197068579343475, 'subsample': 0.588227873455941, 'min_child_samples': 91, 'reg_alpha': 2.3457771824819002e-08, 'reg_lambda': 1.1358840775642732e-08}. Best is trial 1 with value: -0.026029995397253924.
[I 2026-05-06 02:25:30,949] Trial 3 finished with value: -0.06107384193429703 and parameters: {'confidence_threshold': 0.6000319676300473, 'training_days': 270, 'n_estimators': 382, 'max_depth': 4, 'num_leaves': 44, 'learning_rate': 0.09185046765032388, 'subsample': 0.6743651508646724, 'min_child_samples': 77, 'reg_alpha': 0.0013974578104212739, 'reg_lambda': 8.97190257982477e-08}. Best is trial 1 with value: -0.026029995397253924.
[I 2026-05-06 02:25:31,362] Trial 4 finished with value: -0.1479682767652842 and parameters: {'confidence_threshold': 0.7642618789055509, 'training_days': 390, 'n_estimators': 464, 'max_depth': 5, 'num_leaves': 30, 'learning_rate': 0.024562383309704932, 'subsample': 0.8612975035964376, 'min_child_samples': 36, 'reg_alpha': 1.593999300080167, 'reg_lambda': 0.006081270362829788}. Best is trial 1 with value: -0.026029995397253924.
[I 2026-05-06 02:25:31,522] Trial 5 finished with value: -0.09306948643415772 and parameters: {'confidence_threshold': 0.6029115860358569, 'training_days': 60, 'n_estimators': 441, 'max_depth': 3, 'num_leaves': 66, 'learning_rate': 0.044953114425778824, 'subsample': 0.7098948461279406, 'min_child_samples': 15, 'reg_alpha': 4.888753565548431e-07, 'reg_lambda': 4.198190642566389}. Best is trial 1 with value: -0.026029995397253924.
[I 2026-05-06 02:25:31,807] Trial 6 finished with value: -0.05646228648255826 and parameters: {'confidence_threshold': 0.7376932868314098, 'training_days': 290, 'n_estimators': 249, 'max_depth': 5, 'num_leaves': 121, 'learning_rate': 0.015565840632862623, 'subsample': 0.8390183783709677, 'min_child_samples': 19, 'reg_alpha': 1.860444687368747e-08, 'reg_lambda': 2.7391483548058117e-06}. Best is trial 1 with value: -0.026029995397253924.
[I 2026-05-06 02:25:31,842] Trial 7 finished with value: -0.1466688120626117 and parameters: {'confidence_threshold': 0.563503962036334, 'training_days': 70, 'n_estimators': 63, 'max_depth': 3, 'num_leaves': 47, 'learning_rate': 0.18074927623018475, 'subsample': 0.5059692991701257, 'min_child_samples': 9, 'reg_alpha': 3.6945804405602874e-08, 'reg_lambda': 0.027706035542028905}. Best is trial 1 with value: -0.026029995397253924.
[I 2026-05-06 02:25:31,947] Trial 8 finished with value: 0.05546515748259595 and parameters: {'confidence_threshold': 0.6525471176758836, 'training_days': 440, 'n_estimators': 116, 'max_depth': 4, 'num_leaves': 115, 'learning_rate': 0.010229952960863938, 'subsample': 0.5062159465415076, 'min_child_samples': 54, 'reg_alpha': 6.790626457822126e-06, 'reg_lambda': 1.7869141074987722e-05}. Best is trial 8 with value: 0.05546515748259595.
[I 2026-05-06 02:25:32,045] Trial 9 finished with value: -0.006621648217933362 and parameters: {'confidence_threshold': 0.7277571993354469, 'training_days': 360, 'n_estimators': 75, 'max_depth': 5, 'num_leaves': 41, 'learning_rate': 0.014186743931212992, 'subsample': 0.7445187273047605, 'min_child_samples': 22, 'reg_alpha': 0.02393227447113315, 'reg_lambda': 0.009236766173618426}. Best is trial 8 with value: 0.05546515748259595.
[I 2026-05-06 02:25:32,475] A new study created in memory with name: no-name-3082231f-d939-4b33-8072-85cf406ddf5d

  [label] 2023-12-19 16:00 TRXUSDT entry=0.1006 → LONG | long=tp(+4.79%) short=sl(-2.55%) | scanned=10 | long_tp_only
  [label] 2024-01-20 16:00 TRXUSDT entry=0.1100 → LONG | long=sl(-2.79%) short=sl(-2.79%) | scanned=16 | no_tp→fwd_return=+3.1730
  [label] 2024-02-06 00:00 TRXUSDT entry=0.1202 → LONG | long=tp(+3.75%) short=sl(-2.03%) | scanned=1 | long_tp_only
  [label] 2024-02-19 00:00 TRXUSDT entry=0.1361 → LONG | long=timeout(+1.25%) short=sl(-1.95%) | scanned=22 | no_tp→fwd_return=+1.3520
  [label] 2024-03-08 16:00 TRXUSDT entry=0.1366 → SHORT | long=sl(-1.87%) short=tp(+3.44%) | scanned=7 | short_tp_only
  [label] 2024-03-15 00:00 TRXUSDT entry=0.1271 → SHORT | long=sl(-2.10%) short=tp(+3.90%) | scanned=12 | short_tp_only
  [label] 2024-03-27 08:00 TRXUSDT entry=0.1195 → SHORT | long=sl(-3.08%) short=sl(-3.08%) | scanned=18 | no_tp→fwd_return=-3.0037
  [label] 2024-05-06 08:00 TRXUSDT entry=0.1191 → LONG | long=tp(+4.08%) short=sl(-2.19%) | scanned=8 | long_tp_only
  [label] 2024-05-16 08:00 TRXUSDT entry=0.1253 → SHORT | long=sl(-1.72%) short=tp(+3.14%) | scanned=9 | short_tp_only
  [label] 2024-08-11 08:00 TRXUSDT entry=0.1283 → LONG | long=sl(-2.07%) short=sl(-2.07%) | scanned=9 | no_tp→fwd_return=+1.6598
  Labels: 1253 long (57.1%), 940 short (42.9%) | weights: min=1.00, mean=3.12, max=10.00
  Features: 2193/2193 matched, 14 columns
  CV gap: 22 rows
    [trial 0] 14 features, training_days=230 | threshold=0.779 | labels: 1253 long, 940 short (57/43%)
    [CV fold 0] train_end=2022-12-25 00:00 | val_start=2023-01-01 16:00 | gap=184h (22 rows)
    [CV fold 1] train_end=2023-04-25 16:00 | val_start=2023-05-03 08:00 | gap=184h (22 rows)
    [CV fold 2] train_end=2023-08-25 08:00 | val_start=2023-09-02 00:00 | gap=184h (22 rows)
    [CV fold 3] train_end=2023-12-25 00:00 | val_start=2024-01-01 16:00 | gap=184h (22 rows)
    [CV fold 4] train_end=2024-04-24 16:00 | val_start=2024-05-02 08:00 | gap=184h (22 rows)
    [trial 0] Sharpe=-0.0784 (folds: 0.0134, -0.1616, -0.2011, -0.0724, 0.0297)
    [trial 1] 14 features, training_days=410 | threshold=0.693 | labels: 1253 long, 940 short (57/43%)
    [trial 1] Sharpe=-0.0260 (folds: 0.0202, -0.0976, -0.1465, -0.1080, 0.2019)
    [trial 2] 14 features, training_days=270 | threshold=0.546 | labels: 1253 long, 940 short (57/43%)
    [trial 2] Sharpe=-0.0350 (folds: -0.0819, -0.1857, 0.0229, -0.1626, 0.2322)
    [trial 3] 14 features, training_days=270 | threshold=0.600 | labels: 1253 long, 940 short (57/43%)
    [trial 3] Sharpe=-0.0611 (folds: -0.0694, -0.1785, -0.0303, -0.2222, 0.1951)
    [trial 4] 14 features, training_days=390 | threshold=0.764 | labels: 1253 long, 940 short (57/43%)
    [trial 4] Sharpe=-0.1480 (folds: -0.0692, -0.3048, -0.2613, -0.2070, 0.1024)
    [trial 5] 14 features, training_days=60 | threshold=0.603 | labels: 1253 long, 940 short (57/43%)
    [trial 5] Sharpe=-0.0931 (folds: -0.1671, -0.1238, 0.0431, -0.3217, 0.1042)
    [trial 6] 14 features, training_days=290 | threshold=0.738 | labels: 1253 long, 940 short (57/43%)
    [trial 6] Sharpe=-0.0565 (folds: -0.0111, -0.2454, -0.0492, -0.0318, 0.0552)
    [trial 7] 14 features, training_days=70 | threshold=0.564 | labels: 1253 long, 940 short (57/43%)
    [trial 7] Sharpe=-0.1467 (folds: -0.0563, -0.1578, -0.0618, -0.3729, -0.0845)
    [trial 8] 14 features, training_days=440 | threshold=0.653 | labels: 1253 long, 940 short (57/43%)
    [trial 8] Sharpe=0.0555 (folds: -0.0291, -0.0905, -0.0121, 0.0423, 0.3667)
    [trial 9] 14 features, training_days=360 | threshold=0.728 | labels: 1253 long, 940 short (57/43%)
    [trial 9] Sharpe=-0.0066 (folds: -0.1795, 0.1433, -0.3750, 0.1973, 0.1808)
  Optuna: 10 trials, best Sharpe = 0.0555
  Best params: n_estimators=116, max_depth=4, lr=0.0102, leaves=115
  Best confidence_threshold: 0.653
  Best training_days: 440
  Retrained on full data (1320 samples, 14 features)
  Model trained for 2024-09: 90 test candles with features, confidence_threshold=0.653
[trade:close] 2024-09-05 08:00 TRXUSDT SHORT → timeout @ 0.15 | PnL=+5.90% (net +5.80%) | cum=-11.12% 2024-09=+5.80% 2024-09-05=+5.80%
[predict] 2024-09-06 16:00 TRXUSDT → LONG (proba=0.72 TP=4.8%/SL=2.4%)
[trade:open] 2024-09-06 23:59 TRXUSDT LONG @ 0.15 | SL=0.14 TP=0.15 | timeout=2024-09-13 23:59
[trade:close] 2024-09-09 23:59 TRXUSDT LONG → take_profit @ 0.15 | PnL=+4.80% (net +4.70%) | cum=-6.42% 2024-09=+10.51% 2024-09-09=+4.70%
[lgbm] === Training for 2024-10 ===
  Train window: 2022-10-01 → 2024-10-01
  2193 training samples from 1 symbols
  Samples per month: 2022-10: 93, 2022-11: 90, 2022-12: 93, 2023-01: 93, 2023-02: 84, 2023-03: 93, 2023-04: 90, 2023-05: 93, 2023-06: 90, 2023-07: 93, 2023-08: 93, 2023-09: 90, 2023-10: 93, 2023-11: 90, 2023-12: 93, 2024-01: 93, 2024-02: 87, 2024-03: 93, 2024-04: 90, 2024-05: 93, 2024-06: 90, 2024-07: 93, 2024-08: 93, 2024-09: 90
  [label] 2022-12-02 08:00 TRXUSDT entry=0.0542 → LONG | long=sl(-3.34%) short=timeout(-0.93%) | scanned=22 | no_tp→fwd_return=+0.8307
  [label] 2022-12-04 16:00 TRXUSDT entry=0.0530 → LONG | long=timeout(+1.60%) short=sl(-2.94%) | scanned=22 | no_tp→fwd_return=+1.6972
  [label] 2022-12-08 08:00 TRXUSDT entry=0.0535 → SHORT | long=sl(-2.66%) short=sl(-2.66%) | scanned=11 | no_tp→fwd_return=-2.8235
  [label] 2023-01-02 08:00 TRXUSDT entry=0.0553 → SHORT | long=sl(-2.01%) short=tp(+3.72%) | scanned=11 | short_tp_only
  [label] 2023-02-24 08:00 TRXUSDT entry=0.0684 → SHORT | long=timeout(-1.78%) short=timeout(+1.58%) | scanned=22 | no_tp→fwd_return=-1.6813
  [label] 2023-08-11 08:00 TRXUSDT entry=0.0769 → SHORT | long=sl(-1.83%) short=tp(+3.36%) | scanned=16 | short_tp_only
  [label] 2023-08-15 08:00 TRXUSDT entry=0.0772 → SHORT | long=sl(-1.39%) short=tp(+2.48%) | scanned=4 | short_tp_only
  [label] 2023-08-26 00:00 TRXUSDT entry=0.0775 → SHORT | long=sl(-1.93%) short=timeout(+1.44%) | scanned=22 | no_tp→fwd_return=-1.5355
  [label] 2023-10-10 08:00 TRXUSDT entry=0.0862 → LONG | long=sl(-1.98%) short=sl(-1.98%) | scanned=17 | no_tp→fwd_return=+1.4031
  [label] 2023-10-19 00:00 TRXUSDT entry=0.0887 → LONG | long=tp(+3.16%) short=sl(-1.73%) | scanned=4 | long_tp_only
  [label] 2024-01-18 16:00 TRXUSDT entry=0.1081 → LONG | long=timeout(+3.62%) short=sl(-3.11%) | scanned=22 | no_tp→fwd_return=+3.7188
  [label] 2024-02-19 16:00 TRXUSDT entry=0.1364 → LONG | long=timeout(+2.49%) short=sl(-1.89%) | scanned=22 | no_tp→fwd_return=+2.5870
  [label] 2024-03-07 00:00 TRXUSDT entry=0.1376 → SHORT | long=sl(-2.01%) short=tp(+3.72%) | scanned=12 | short_tp_only
  [label] 2024-03-20 00:00 TRXUSDT entry=0.1171 → LONG | long=sl(-3.33%) short=sl(-3.33%) | scanned=2 | no_tp→fwd_return=+3.1330
  [label] 2024-04-07 16:00 TRXUSDT entry=0.1207 → SHORT | long=sl(-1.91%) short=sl(-1.91%) | scanned=8 | no_tp→fwd_return=-1.8399
  [label] 2024-04-14 00:00 TRXUSDT entry=0.1117 → SHORT | long=sl(-3.24%) short=sl(-3.24%) | scanned=13 | no_tp→fwd_return=-2.4163
  [label] 2024-04-26 08:00 TRXUSDT entry=0.1194 → LONG | long=timeout(+3.10%) short=sl(-2.34%) | scanned=22 | no_tp→fwd_return=+3.1991
  [label] 2024-06-05 08:00 TRXUSDT entry=0.1145 → SHORT | long=sl(-1.68%) short=tp(+3.07%) | scanned=7 | short_tp_only
  [label] 2024-06-15 08:00 TRXUSDT entry=0.1148 → LONG | long=sl(-1.82%) short=sl(-1.82%) | scanned=8 | no_tp→fwd_return=+0.1916
  [label] 2024-09-10 08:00 TRXUSDT entry=0.1524 → SHORT | long=sl(-2.04%) short=timeout(+0.75%) | scanned=22 | no_tp→fwd_return=-0.8467
  Labels: 1264 long (57.6%), 929 short (42.4%) | weights: min=1.00, mean=3.09, max=10.00
  Features: 2193/2193 matched, 14 columns
  CV gap: 22 rows
    [trial 0] 14 features, training_days=230 | threshold=0.779 | labels: 1264 long, 929 short (58/42%)
    [CV fold 0] train_end=2023-01-24 00:00 | val_start=2023-01-31 16:00 | gap=184h (22 rows)
    [CV fold 1] train_end=2023-05-25 16:00 | val_start=2023-06-02 08:00 | gap=184h (22 rows)
    [CV fold 2] train_end=2023-09-24 08:00 | val_start=2023-10-02 00:00 | gap=184h (22 rows)
    [CV fold 3] train_end=2024-01-24 00:00 | val_start=2024-01-31 16:00 | gap=184h (22 rows)
    [CV fold 4] train_end=2024-05-24 16:00 | val_start=2024-06-01 08:00 | gap=184h (22 rows)[I 2026-05-06 02:25:32,779] Trial 0 finished with value: -0.03768482974633887 and parameters: {'confidence_threshold': 0.7790993046299082, 'training_days': 230, 'n_estimators': 295, 'max_depth': 5, 'num_leaves': 83, 'learning_rate': 0.051543455158230854, 'subsample': 0.8773243492079463, 'min_child_samples': 10, 'reg_alpha': 0.034096514368237685, 'reg_lambda': 3.154180388637081e-05}. Best is trial 0 with value: -0.03768482974633887.
[I 2026-05-06 02:25:32,923] Trial 1 finished with value: 0.06891840773361095 and parameters: {'confidence_threshold': 0.6929247853618086, 'training_days': 410, 'n_estimators': 233, 'max_depth': 5, 'num_leaves': 108, 'learning_rate': 0.013724237108071606, 'subsample': 0.7013182233636002, 'min_child_samples': 94, 'reg_alpha': 2.4040959529260723e-06, 'reg_lambda': 5.320966582161148}. Best is trial 1 with value: 0.06891840773361095.
[I 2026-05-06 02:25:32,998] Trial 2 finished with value: -0.02759467592244087 and parameters: {'confidence_threshold': 0.546341527225763, 'training_days': 270, 'n_estimators': 120, 'max_depth': 4, 'num_leaves': 53, 'learning_rate': 0.060197068579343475, 'subsample': 0.588227873455941, 'min_child_samples': 91, 'reg_alpha': 2.3457771824819002e-08, 'reg_lambda': 1.1358840775642732e-08}. Best is trial 1 with value: 0.06891840773361095.
[I 2026-05-06 02:25:33,198] Trial 3 finished with value: -0.04333004265322995 and parameters: {'confidence_threshold': 0.6000319676300473, 'training_days': 270, 'n_estimators': 382, 'max_depth': 4, 'num_leaves': 44, 'learning_rate': 0.09185046765032388, 'subsample': 0.6743651508646724, 'min_child_samples': 77, 'reg_alpha': 0.0013974578104212739, 'reg_lambda': 8.97190257982477e-08}. Best is trial 1 with value: 0.06891840773361095.
[I 2026-05-06 02:25:33,653] Trial 4 finished with value: -0.007838945411143638 and parameters: {'confidence_threshold': 0.7642618789055509, 'training_days': 390, 'n_estimators': 464, 'max_depth': 5, 'num_leaves': 30, 'learning_rate': 0.024562383309704932, 'subsample': 0.8612975035964376, 'min_child_samples': 36, 'reg_alpha': 1.593999300080167, 'reg_lambda': 0.006081270362829788}. Best is trial 1 with value: 0.06891840773361095.
[I 2026-05-06 02:25:33,817] Trial 5 finished with value: -0.0868047351886137 and parameters: {'confidence_threshold': 0.6029115860358569, 'training_days': 60, 'n_estimators': 441, 'max_depth': 3, 'num_leaves': 66, 'learning_rate': 0.044953114425778824, 'subsample': 0.7098948461279406, 'min_child_samples': 15, 'reg_alpha': 4.888753565548431e-07, 'reg_lambda': 4.198190642566389}. Best is trial 1 with value: 0.06891840773361095.
[I 2026-05-06 02:25:34,077] Trial 6 finished with value: 0.0025844270906213553 and parameters: {'confidence_threshold': 0.7376932868314098, 'training_days': 290, 'n_estimators': 249, 'max_depth': 5, 'num_leaves': 121, 'learning_rate': 0.015565840632862623, 'subsample': 0.8390183783709677, 'min_child_samples': 19, 'reg_alpha': 1.860444687368747e-08, 'reg_lambda': 2.7391483548058117e-06}. Best is trial 1 with value: 0.06891840773361095.
[I 2026-05-06 02:25:34,113] Trial 7 finished with value: -0.06668510515137357 and parameters: {'confidence_threshold': 0.563503962036334, 'training_days': 70, 'n_estimators': 63, 'max_depth': 3, 'num_leaves': 47, 'learning_rate': 0.18074927623018475, 'subsample': 0.5059692991701257, 'min_child_samples': 9, 'reg_alpha': 3.6945804405602874e-08, 'reg_lambda': 0.027706035542028905}. Best is trial 1 with value: 0.06891840773361095.
[I 2026-05-06 02:25:34,203] Trial 8 finished with value: 0.11805580204333514 and parameters: {'confidence_threshold': 0.6525471176758836, 'training_days': 440, 'n_estimators': 116, 'max_depth': 4, 'num_leaves': 115, 'learning_rate': 0.010229952960863938, 'subsample': 0.5062159465415076, 'min_child_samples': 54, 'reg_alpha': 6.790626457822126e-06, 'reg_lambda': 1.7869141074987722e-05}. Best is trial 8 with value: 0.11805580204333514.
[I 2026-05-06 02:25:34,308] Trial 9 finished with value: 0.1780660407818026 and parameters: {'confidence_threshold': 0.7277571993354469, 'training_days': 360, 'n_estimators': 75, 'max_depth': 5, 'num_leaves': 41, 'learning_rate': 0.014186743931212992, 'subsample': 0.7445187273047605, 'min_child_samples': 22, 'reg_alpha': 0.02393227447113315, 'reg_lambda': 0.009236766173618426}. Best is trial 9 with value: 0.1780660407818026.
[I 2026-05-06 02:25:34,749] A new study created in memory with name: no-name-3d91b2f7-c79f-4d0b-af45-54631d3144a1
[I 2026-05-06 02:25:35,026] Trial 0 finished with value: -0.08581467523110949 and parameters: {'confidence_threshold': 0.7790993046299082, 'training_days': 230, 'n_estimators': 295, 'max_depth': 5, 'num_leaves': 83, 'learning_rate': 0.051543455158230854, 'subsample': 0.8773243492079463, 'min_child_samples': 10, 'reg_alpha': 0.034096514368237685, 'reg_lambda': 3.154180388637081e-05}. Best is trial 0 with value: -0.08581467523110949.
[I 2026-05-06 02:25:35,175] Trial 1 finished with value: -0.20013821617559668 and parameters: {'confidence_threshold': 0.6929247853618086, 'training_days': 410, 'n_estimators': 233, 'max_depth': 5, 'num_leaves': 108, 'learning_rate': 0.013724237108071606, 'subsample': 0.7013182233636002, 'min_child_samples': 94, 'reg_alpha': 2.4040959529260723e-06, 'reg_lambda': 5.320966582161148}. Best is trial 0 with value: -0.08581467523110949.
[I 2026-05-06 02:25:35,247] Trial 2 finished with value: -0.08830813521144835 and parameters: {'confidence_threshold': 0.546341527225763, 'training_days': 270, 'n_estimators': 120, 'max_depth': 4, 'num_leaves': 53, 'learning_rate': 0.060197068579343475, 'subsample': 0.588227873455941, 'min_child_samples': 91, 'reg_alpha': 2.3457771824819002e-08, 'reg_lambda': 1.1358840775642732e-08}. Best is trial 0 with value: -0.08581467523110949.
[I 2026-05-06 02:25:35,429] Trial 3 finished with value: -0.0490352212934594 and parameters: {'confidence_threshold': 0.6000319676300473, 'training_days': 270, 'n_estimators': 382, 'max_depth': 4, 'num_leaves': 44, 'learning_rate': 0.09185046765032388, 'subsample': 0.6743651508646724, 'min_child_samples': 77, 'reg_alpha': 0.0013974578104212739, 'reg_lambda': 8.97190257982477e-08}. Best is trial 3 with value: -0.0490352212934594.
[I 2026-05-06 02:25:35,806] Trial 4 finished with value: -0.08207223373291593 and parameters: {'confidence_threshold': 0.7642618789055509, 'training_days': 390, 'n_estimators': 464, 'max_depth': 5, 'num_leaves': 30, 'learning_rate': 0.024562383309704932, 'subsample': 0.8612975035964376, 'min_child_samples': 36, 'reg_alpha': 1.593999300080167, 'reg_lambda': 0.006081270362829788}. Best is trial 3 with value: -0.0490352212934594.
[I 2026-05-06 02:25:35,952] Trial 5 finished with value: 0.0563645143853609 and parameters: {'confidence_threshold': 0.6029115860358569, 'training_days': 60, 'n_estimators': 441, 'max_depth': 3, 'num_leaves': 66, 'learning_rate': 0.044953114425778824, 'subsample': 0.7098948461279406, 'min_child_samples': 15, 'reg_alpha': 4.888753565548431e-07, 'reg_lambda': 4.198190642566389}. Best is trial 5 with value: 0.0563645143853609.
[I 2026-05-06 02:25:36,203] Trial 6 finished with value: -0.14535085775149692 and parameters: {'confidence_threshold': 0.7376932868314098, 'training_days': 290, 'n_estimators': 249, 'max_depth': 5, 'num_leaves': 121, 'learning_rate': 0.015565840632862623, 'subsample': 0.8390183783709677, 'min_child_samples': 19, 'reg_alpha': 1.860444687368747e-08, 'reg_lambda': 2.7391483548058117e-06}. Best is trial 5 with value: 0.0563645143853609.
[I 2026-05-06 02:25:36,242] Trial 7 finished with value: 0.11279688925957476 and parameters: {'confidence_threshold': 0.563503962036334, 'training_days': 70, 'n_estimators': 63, 'max_depth': 3, 'num_leaves': 47, 'learning_rate': 0.18074927623018475, 'subsample': 0.5059692991701257, 'min_child_samples': 9, 'reg_alpha': 3.6945804405602874e-08, 'reg_lambda': 0.027706035542028905}. Best is trial 7 with value: 0.11279688925957476.
