[I 2026-05-06 02:24:12,149] Trial 9 finished with value: 0.0737972313445813 and parameters: {'confidence_threshold': 0.7277571993354469, 'training_days': 360, 'n_estimators': 75, 'max_depth': 5, 'num_leaves': 41, 'learning_rate': 0.014186743931212992, 'subsample': 0.7445187273047605, 'min_child_samples': 22, 'reg_alpha': 0.02393227447113315, 'reg_lambda': 0.009236766173618426}. Best is trial 8 with value: 0.16118271967322625.

    [trial 8] 14 features, training_days=440 | threshold=0.653 | labels: 1101 long, 1092 short (50/50%)
    [trial 8] Sharpe=-0.0555 (folds: -0.2642, -0.2084, -0.0331, 0.0904, 0.1376)
    [trial 9] 14 features, training_days=360 | threshold=0.728 | labels: 1101 long, 1092 short (50/50%)
    [trial 9] Sharpe=-0.0492 (folds: -0.2381, -0.1999, 0.0052, -0.0197, 0.2068)
  Optuna: 10 trials, best Sharpe = 0.0190
  Best params: n_estimators=249, max_depth=5, lr=0.0156, leaves=121
  Best confidence_threshold: 0.738
  Best training_days: 290
  Retrained on full data (870 samples, 14 features)
  Model trained for 2025-11: 90 test candles with features, confidence_threshold=0.738
[lgbm] === Training for 2025-12 ===
  Train window: 2023-12-01 → 2025-12-01
  2193 training samples from 1 symbols
  Samples per month: 2023-12: 93, 2024-01: 93, 2024-02: 87, 2024-03: 93, 2024-04: 90, 2024-05: 93, 2024-06: 90, 2024-07: 93, 2024-08: 93, 2024-09: 90, 2024-10: 93, 2024-11: 90, 2024-12: 93, 2025-01: 93, 2025-02: 84, 2025-03: 93, 2025-04: 90, 2025-05: 93, 2025-06: 90, 2025-07: 93, 2025-08: 93, 2025-09: 90, 2025-10: 93, 2025-11: 90
  [label] 2024-02-01 08:00 LDOUSDT entry=2.8110 → LONG | long=sl(-6.66%) short=sl(-6.66%) | scanned=19 | no_tp→fwd_return=+2.9527
  [label] 2024-02-03 16:00 LDOUSDT entry=2.7641 → LONG | long=tp(+11.66%) short=sl(-5.98%) | scanned=12 | long_tp_only
  [label] 2024-02-07 08:00 LDOUSDT entry=2.8549 → LONG | long=tp(+10.42%) short=sl(-5.36%) | scanned=18 | long_tp_only
  [label] 2024-03-03 08:00 LDOUSDT entry=3.3403 → SHORT | long=sl(-7.01%) short=tp(+13.72%) | scanned=7 | short_tp_only
  [label] 2024-04-25 08:00 LDOUSDT entry=2.0437 → LONG | long=sl(-7.71%) short=sl(-7.71%) | scanned=11 | no_tp→fwd_return=+4.7120
  [label] 2024-10-10 08:00 LDOUSDT entry=1.0433 → LONG | long=tp(+13.14%) short=sl(-6.72%) | scanned=13 | long_tp_only
  [label] 2024-10-14 08:00 LDOUSDT entry=1.1669 → SHORT | long=sl(-5.76%) short=timeout(+0.44%) | scanned=22 | no_tp→fwd_return=-0.5399
  [label] 2024-10-25 00:00 LDOUSDT entry=1.0729 → LONG | long=sl(-5.57%) short=sl(-5.57%) | scanned=16 | no_tp→fwd_return=+5.7042
  [label] 2024-12-09 08:00 LDOUSDT entry=1.9723 → SHORT | long=sl(-9.34%) short=tp(+18.37%) | scanned=1 | short_tp_only
  [label] 2024-12-18 00:00 LDOUSDT entry=2.0448 → SHORT | long=sl(-10.45%) short=tp(+20.60%) | scanned=5 | short_tp_only
  [label] 2025-03-19 16:00 LDOUSDT entry=1.0376 → SHORT | long=timeout(-1.57%) short=timeout(+1.37%) | scanned=22 | no_tp→fwd_return=-1.4746
  [label] 2025-04-20 16:00 LDOUSDT entry=0.7158 → LONG | long=tp(+12.29%) short=sl(-6.30%) | scanned=7 | long_tp_only
  [label] 2025-05-07 00:00 LDOUSDT entry=0.7913 → LONG | long=tp(+11.32%) short=sl(-5.81%) | scanned=4 | long_tp_only
  [label] 2025-05-20 00:00 LDOUSDT entry=0.8809 → LONG | long=timeout(+3.03%) short=sl(-9.17%) | scanned=22 | no_tp→fwd_return=+3.1332
  [label] 2025-06-07 16:00 LDOUSDT entry=0.8312 → LONG | long=tp(+16.83%) short=sl(-8.56%) | scanned=9 | long_tp_only
  [label] 2025-06-14 00:00 LDOUSDT entry=0.8141 → SHORT | long=sl(-8.59%) short=timeout(+12.06%) | scanned=22 | no_tp→fwd_return=-12.1607
  [label] 2025-06-26 08:00 LDOUSDT entry=0.6881 → LONG | long=tp(+14.72%) short=sl(-7.51%) | scanned=21 | long_tp_only
  [label] 2025-08-05 08:00 LDOUSDT entry=0.8945 → LONG | long=tp(+15.94%) short=sl(-8.12%) | scanned=7 | long_tp_only
  [label] 2025-08-15 08:00 LDOUSDT entry=1.3340 → LONG | long=timeout(+7.25%) short=sl(-9.76%) | scanned=22 | no_tp→fwd_return=+7.3538
  [label] 2025-11-10 08:00 LDOUSDT entry=0.8363 → SHORT | long=sl(-7.34%) short=sl(-7.34%) | scanned=10 | no_tp→fwd_return=-7.3897
  Labels: 1059 long (48.3%), 1134 short (51.7%) | weights: min=1.00, mean=4.24, max=10.00
  Features: 2193/2193 matched, 14 columns
  CV gap: 22 rows
    [trial 0] 14 features, training_days=230 | threshold=0.779 | labels: 1059 long, 1134 short (48/52%)
    [CV fold 0] train_end=2024-03-25 00:00 | val_start=2024-04-01 16:00 | gap=184h (22 rows)
    [CV fold 1] train_end=2024-07-24 16:00 | val_start=2024-08-01 08:00 | gap=184h (22 rows)
    [CV fold 2] train_end=2024-11-23 08:00 | val_start=2024-12-01 00:00 | gap=184h (22 rows)
    [CV fold 3] train_end=2025-03-25 00:00 | val_start=2025-04-01 16:00 | gap=184h (22 rows)
    [CV fold 4] train_end=2025-07-24 16:00 | val_start=2025-08-01 08:00 | gap=184h (22 rows)
    [trial 0] Sharpe=-0.0464 (folds: 0.0427, 0.0095, -0.0975, -0.0490, -0.1378)
    [trial 1] 14 features, training_days=410 | threshold=0.693 | labels: 1059 long, 1134 short (48/52%)
    [trial 1] Sharpe=0.1484 (folds: -0.1376, 0.0064, 0.1213, 0.1109, 0.6407)
    [trial 2] 14 features, training_days=270 | threshold=0.546 | labels: 1059 long, 1134 short (48/52%)
    [trial 2] Sharpe=-0.0309 (folds: -0.0428, -0.1218, 0.1975, -0.0587, -0.1285)
    [trial 3] 14 features, training_days=270 | threshold=0.600 | labels: 1059 long, 1134 short (48/52%)
    [trial 3] Sharpe=-0.0617 (folds: -0.0209, -0.1733, 0.0479, -0.0563, -0.1057)
    [trial 4] 14 features, training_days=390 | threshold=0.764 | labels: 1059 long, 1134 short (48/52%)
    [trial 4] Sharpe=0.0560 (folds: 0.0366, -0.1281, 0.0790, -0.0164, 0.3089)
    [trial 5] 14 features, training_days=60 | threshold=0.603 | labels: 1059 long, 1134 short (48/52%)
    [trial 5] Sharpe=-0.0056 (folds: 0.0846, -0.1494, -0.1470, -0.1411, 0.3246)
    [trial 6] 14 features, training_days=290 | threshold=0.738 | labels: 1059 long, 1134 short (48/52%)
    [trial 6] Sharpe=0.0204 (folds: 0.1063, -0.0697, 0.1633, -0.0686, -0.0292)
    [trial 7] 14 features, training_days=70 | threshold=0.564 | labels: 1059 long, 1134 short (48/52%)
    [trial 7] Sharpe=0.0263 (folds: 0.2660, -0.0529, -0.0970, -0.0747, 0.0901)
    [trial 8] 14 features, training_days=440 | threshold=0.653 | labels: 1059 long, 1134 short (48/52%)
    [trial 8] Sharpe=0.1612 (folds: 0.0852, 0.0013, 0.1986, 0.0836, 0.4373)
    [trial 9] 14 features, training_days=360 | threshold=0.728 | labels: 1059 long, 1134 short (48/52%)
    [trial 9] Sharpe=0.0738 (folds: 0.1608, 0.0906, -0.1833, 0.1551, 0.1458)
  Optuna: 10 trials, best Sharpe = 0.1612
  Best params: n_estimators=116, max_depth=4, lr=0.0102, leaves=115
  Best confidence_threshold: 0.653
  Best training_days: 440
  Retrained on full data (1320 samples, 14 features)
  Model trained for 2025-12: 93 test candles with features, confidence_threshold=0.653
[lgbm] === Training for 2026-01 ===
  Train window: 2024-01-01 → 2026-01-01
  2193 training samples from 1 symbols
  Samples per month: 2024-01: 93, 2024-02: 87, 2024-03: 93, 2024-04: 90, 2024-05: 93, 2024-06: 90, 2024-07: 93, 2024-08: 93, 2024-09: 90, 2024-10: 93, 2024-11: 90, 2024-12: 93, 2025-01: 93, 2025-02: 84, 2025-03: 93, 2025-04: 90, 2025-05: 93, 2025-06: 90, 2025-07: 93, 2025-08: 93, 2025-09: 90, 2025-10: 93, 2025-11: 90, 2025-12: 93
  [label] 2024-03-03 08:00 LDOUSDT entry=3.3403 → SHORT | long=sl(-7.01%) short=tp(+13.72%) | scanned=7 | short_tp_only
  [label] 2024-03-05 16:00 LDOUSDT entry=3.1132 → LONG | long=timeout(+6.47%) short=sl(-9.00%) | scanned=22 | no_tp→fwd_return=+6.5720
  [label] 2024-03-09 08:00 LDOUSDT entry=3.4450 → SHORT | long=sl(-7.63%) short=tp(+14.96%) | scanned=17 | short_tp_only
  [label] 2024-04-03 08:00 LDOUSDT entry=2.5608 → LONG | long=tp(+16.92%) short=sl(-8.61%) | scanned=15 | long_tp_only
  [label] 2024-05-26 08:00 LDOUSDT entry=2.6482 → SHORT | long=sl(-7.90%) short=tp(+15.50%) | scanned=11 | short_tp_only
  [label] 2024-11-10 08:00 LDOUSDT entry=1.3642 → SHORT | long=sl(-8.31%) short=tp(+16.32%) | scanned=6 | short_tp_only
  [label] 2024-11-14 08:00 LDOUSDT entry=1.1074 → LONG | long=timeout(+8.59%) short=sl(-11.61%) | scanned=22 | no_tp→fwd_return=+8.6870
  [label] 2024-11-25 00:00 LDOUSDT entry=1.5207 → LONG | long=tp(+17.57%) short=sl(-8.93%) | scanned=6 | long_tp_only
  [label] 2025-01-09 08:00 LDOUSDT entry=1.6652 → LONG | long=sl(-8.84%) short=sl(-8.84%) | scanned=16 | no_tp→fwd_return=+10.8155
  [label] 2025-01-18 00:00 LDOUSDT entry=1.8092 → LONG | long=sl(-8.61%) short=sl(-8.61%) | scanned=11 | no_tp→fwd_return=+5.1570
  [label] 2025-04-19 16:00 LDOUSDT entry=0.7099 → LONG | long=tp(+13.03%) short=sl(-6.67%) | scanned=10 | long_tp_only[I 2026-05-06 02:24:12,528] A new study created in memory with name: no-name-d2dffd70-aed1-4eec-94e1-94610d10d34c
[I 2026-05-06 02:24:12,779] Trial 0 finished with value: -0.024247948783932584 and parameters: {'confidence_threshold': 0.7790993046299082, 'training_days': 230, 'n_estimators': 295, 'max_depth': 5, 'num_leaves': 83, 'learning_rate': 0.051543455158230854, 'subsample': 0.8773243492079463, 'min_child_samples': 10, 'reg_alpha': 0.034096514368237685, 'reg_lambda': 3.154180388637081e-05}. Best is trial 0 with value: -0.024247948783932584.
[I 2026-05-06 02:24:12,925] Trial 1 finished with value: 0.24483075290806297 and parameters: {'confidence_threshold': 0.6929247853618086, 'training_days': 410, 'n_estimators': 233, 'max_depth': 5, 'num_leaves': 108, 'learning_rate': 0.013724237108071606, 'subsample': 0.7013182233636002, 'min_child_samples': 94, 'reg_alpha': 2.4040959529260723e-06, 'reg_lambda': 5.320966582161148}. Best is trial 1 with value: 0.24483075290806297.
[I 2026-05-06 02:24:13,002] Trial 2 finished with value: 0.007285320504899659 and parameters: {'confidence_threshold': 0.546341527225763, 'training_days': 270, 'n_estimators': 120, 'max_depth': 4, 'num_leaves': 53, 'learning_rate': 0.060197068579343475, 'subsample': 0.588227873455941, 'min_child_samples': 91, 'reg_alpha': 2.3457771824819002e-08, 'reg_lambda': 1.1358840775642732e-08}. Best is trial 1 with value: 0.24483075290806297.
[I 2026-05-06 02:24:13,191] Trial 3 finished with value: -0.043756026240300394 and parameters: {'confidence_threshold': 0.6000319676300473, 'training_days': 270, 'n_estimators': 382, 'max_depth': 4, 'num_leaves': 44, 'learning_rate': 0.09185046765032388, 'subsample': 0.6743651508646724, 'min_child_samples': 77, 'reg_alpha': 0.0013974578104212739, 'reg_lambda': 8.97190257982477e-08}. Best is trial 1 with value: 0.24483075290806297.
[I 2026-05-06 02:24:13,560] Trial 4 finished with value: 0.021210461001085913 and parameters: {'confidence_threshold': 0.7642618789055509, 'training_days': 390, 'n_estimators': 464, 'max_depth': 5, 'num_leaves': 30, 'learning_rate': 0.024562383309704932, 'subsample': 0.8612975035964376, 'min_child_samples': 36, 'reg_alpha': 1.593999300080167, 'reg_lambda': 0.006081270362829788}. Best is trial 1 with value: 0.24483075290806297.
[I 2026-05-06 02:24:13,714] Trial 5 finished with value: -0.05452504513318237 and parameters: {'confidence_threshold': 0.6029115860358569, 'training_days': 60, 'n_estimators': 441, 'max_depth': 3, 'num_leaves': 66, 'learning_rate': 0.044953114425778824, 'subsample': 0.7098948461279406, 'min_child_samples': 15, 'reg_alpha': 4.888753565548431e-07, 'reg_lambda': 4.198190642566389}. Best is trial 1 with value: 0.24483075290806297.
[I 2026-05-06 02:24:13,943] Trial 6 finished with value: 0.02583253926156114 and parameters: {'confidence_threshold': 0.7376932868314098, 'training_days': 290, 'n_estimators': 249, 'max_depth': 5, 'num_leaves': 121, 'learning_rate': 0.015565840632862623, 'subsample': 0.8390183783709677, 'min_child_samples': 19, 'reg_alpha': 1.860444687368747e-08, 'reg_lambda': 2.7391483548058117e-06}. Best is trial 1 with value: 0.24483075290806297.
[I 2026-05-06 02:24:13,983] Trial 7 finished with value: -0.06554975939844854 and parameters: {'confidence_threshold': 0.563503962036334, 'training_days': 70, 'n_estimators': 63, 'max_depth': 3, 'num_leaves': 47, 'learning_rate': 0.18074927623018475, 'subsample': 0.5059692991701257, 'min_child_samples': 9, 'reg_alpha': 3.6945804405602874e-08, 'reg_lambda': 0.027706035542028905}. Best is trial 1 with value: 0.24483075290806297.
[I 2026-05-06 02:24:14,077] Trial 8 finished with value: 0.267152724166127 and parameters: {'confidence_threshold': 0.6525471176758836, 'training_days': 440, 'n_estimators': 116, 'max_depth': 4, 'num_leaves': 115, 'learning_rate': 0.010229952960863938, 'subsample': 0.5062159465415076, 'min_child_samples': 54, 'reg_alpha': 6.790626457822126e-06, 'reg_lambda': 1.7869141074987722e-05}. Best is trial 8 with value: 0.267152724166127.
[I 2026-05-06 02:24:14,194] Trial 9 finished with value: 0.00829496853903342 and parameters: {'confidence_threshold': 0.7277571993354469, 'training_days': 360, 'n_estimators': 75, 'max_depth': 5, 'num_leaves': 41, 'learning_rate': 0.014186743931212992, 'subsample': 0.7445187273047605, 'min_child_samples': 22, 'reg_alpha': 0.02393227447113315, 'reg_lambda': 0.009236766173618426}. Best is trial 8 with value: 0.267152724166127.
[I 2026-05-06 02:24:14,563] A new study created in memory with name: no-name-40724268-b7ad-4feb-a945-51ae8b434c2a

  [label] 2025-05-21 16:00 LDOUSDT entry=0.8993 → LONG | long=timeout(+3.94%) short=sl(-8.90%) | scanned=22 | no_tp→fwd_return=+4.0365
  [label] 2025-06-07 00:00 LDOUSDT entry=0.8002 → LONG | long=tp(+18.31%) short=sl(-9.31%) | scanned=10 | long_tp_only
  [label] 2025-06-20 00:00 LDOUSDT entry=0.7844 → SHORT | long=sl(-7.21%) short=tp(+14.11%) | scanned=5 | short_tp_only
  [label] 2025-07-08 16:00 LDOUSDT entry=0.7256 → LONG | long=tp(+10.39%) short=sl(-5.35%) | scanned=3 | long_tp_only
  [label] 2025-07-15 00:00 LDOUSDT entry=0.8372 → LONG | long=tp(+12.13%) short=sl(-6.21%) | scanned=5 | long_tp_only
  [label] 2025-07-27 08:00 LDOUSDT entry=1.1190 → SHORT | long=sl(-7.50%) short=tp(+14.70%) | scanned=13 | short_tp_only
  [label] 2025-09-05 08:00 LDOUSDT entry=1.1737 → LONG | long=timeout(+8.84%) short=sl(-6.47%) | scanned=22 | no_tp→fwd_return=+8.9375
  [label] 2025-09-15 08:00 LDOUSDT entry=1.1762 → LONG | long=tp(+11.23%) short=sl(-5.77%) | scanned=7 | long_tp_only
  [label] 2025-12-11 08:00 LDOUSDT entry=0.5818 → SHORT | long=sl(-6.68%) short=sl(-6.68%) | scanned=13 | no_tp→fwd_return=-5.8267
  Labels: 1056 long (48.2%), 1137 short (51.8%) | weights: min=1.00, mean=4.23, max=10.00
  Features: 2193/2193 matched, 14 columns
  CV gap: 22 rows
    [trial 0] 14 features, training_days=230 | threshold=0.779 | labels: 1056 long, 1137 short (48/52%)
    [CV fold 0] train_end=2024-04-25 00:00 | val_start=2024-05-02 16:00 | gap=184h (22 rows)
    [CV fold 1] train_end=2024-08-24 16:00 | val_start=2024-09-01 08:00 | gap=184h (22 rows)
    [CV fold 2] train_end=2024-12-24 08:00 | val_start=2025-01-01 00:00 | gap=184h (22 rows)
    [CV fold 3] train_end=2025-04-25 00:00 | val_start=2025-05-02 16:00 | gap=184h (22 rows)
    [CV fold 4] train_end=2025-08-24 16:00 | val_start=2025-09-01 08:00 | gap=184h (22 rows)
    [trial 0] Sharpe=-0.0242 (folds: 0.3316, -0.0977, -0.0445, -0.0845, -0.2262)
    [trial 1] 14 features, training_days=410 | threshold=0.693 | labels: 1056 long, 1137 short (48/52%)
    [trial 1] Sharpe=0.2448 (folds: 0.5762, -0.2366, 0.1729, 0.0660, 0.6457)
    [trial 2] 14 features, training_days=270 | threshold=0.546 | labels: 1056 long, 1137 short (48/52%)
    [trial 2] Sharpe=0.0073 (folds: 0.2527, -0.1503, 0.1100, -0.0583, -0.1177)
    [trial 3] 14 features, training_days=270 | threshold=0.600 | labels: 1056 long, 1137 short (48/52%)
    [trial 3] Sharpe=-0.0438 (folds: 0.1805, -0.2930, 0.1191, 0.0073, -0.2327)
    [trial 4] 14 features, training_days=390 | threshold=0.764 | labels: 1056 long, 1137 short (48/52%)
    [trial 4] Sharpe=0.0212 (folds: 0.3564, -0.2748, 0.2078, -0.1067, -0.0766)
    [trial 5] 14 features, training_days=60 | threshold=0.603 | labels: 1056 long, 1137 short (48/52%)
    [trial 5] Sharpe=-0.0545 (folds: 0.2009, -0.3246, -0.0299, -0.0902, -0.0289)
    [trial 6] 14 features, training_days=290 | threshold=0.738 | labels: 1056 long, 1137 short (48/52%)
    [trial 6] Sharpe=0.0258 (folds: 0.3749, -0.1326, 0.1492, 0.0746, -0.3370)
    [trial 7] 14 features, training_days=70 | threshold=0.564 | labels: 1056 long, 1137 short (48/52%)
    [trial 7] Sharpe=-0.0655 (folds: 0.0999, -0.3332, 0.0303, -0.1311, 0.0063)
    [trial 8] 14 features, training_days=440 | threshold=0.653 | labels: 1056 long, 1137 short (48/52%)
    [trial 8] Sharpe=0.2672 (folds: 0.3979, -0.1232, 0.2284, 0.0246, 0.8080)
    [trial 9] 14 features, training_days=360 | threshold=0.728 | labels: 1056 long, 1137 short (48/52%)
    [trial 9] Sharpe=0.0083 (folds: 0.4690, -0.0310, 0.1703, 0.0350, -0.6018)
  Optuna: 10 trials, best Sharpe = 0.2672
  Best params: n_estimators=116, max_depth=4, lr=0.0102, leaves=115
  Best confidence_threshold: 0.653
  Best training_days: 440
  Retrained on full data (1320 samples, 14 features)
  Model trained for 2026-01: 93 test candles with features, confidence_threshold=0.653
[predict] 2026-01-19 00:00 LDOUSDT → LONG (proba=0.68 TP=12.0%/SL=6.0%)
[trade:open] 2026-01-19 07:59 LDOUSDT LONG @ 0.55 | SL=0.52 TP=0.62 | timeout=2026-01-26 07:59
[trade:close] 2026-01-20 23:59 LDOUSDT LONG → stop_loss @ 0.52 | PnL=-5.99% (net -6.09%) | cum=+66.29% 2026-01=-6.09% 2026-01-20=-6.09%
[predict] 2026-01-22 08:00 LDOUSDT → LONG (proba=0.68 TP=12.0%/SL=6.0%)
[trade:open] 2026-01-22 15:59 LDOUSDT LONG @ 0.52 | SL=0.49 TP=0.58 | timeout=2026-01-29 15:59
[trade:close] 2026-01-25 23:59 LDOUSDT LONG → stop_loss @ 0.49 | PnL=-6.01% (net -6.11%) | cum=+60.18% 2026-01=-12.20% 2026-01-25=-6.11%
[lgbm] === Training for 2026-02 ===
  Train window: 2024-02-01 → 2026-02-01
  2193 training samples from 1 symbols
  Samples per month: 2024-02: 87, 2024-03: 93, 2024-04: 90, 2024-05: 93, 2024-06: 90, 2024-07: 93, 2024-08: 93, 2024-09: 90, 2024-10: 93, 2024-11: 90, 2024-12: 93, 2025-01: 93, 2025-02: 84, 2025-03: 93, 2025-04: 90, 2025-05: 93, 2025-06: 90, 2025-07: 93, 2025-08: 93, 2025-09: 90, 2025-10: 93, 2025-11: 90, 2025-12: 93, 2026-01: 93
  [label] 2024-04-03 08:00 LDOUSDT entry=2.5608 → LONG | long=tp(+16.92%) short=sl(-8.61%) | scanned=15 | long_tp_only
  [label] 2024-04-05 16:00 LDOUSDT entry=2.6124 → LONG | long=tp(+16.66%) short=sl(-8.48%) | scanned=8 | long_tp_only
  [label] 2024-04-09 08:00 LDOUSDT entry=2.7906 → SHORT | long=sl(-7.58%) short=tp(+14.86%) | scanned=10 | short_tp_only
  [label] 2024-05-04 08:00 LDOUSDT entry=2.0804 → SHORT | long=sl(-7.37%) short=tp(+14.43%) | scanned=19 | short_tp_only
  [label] 2024-06-26 08:00 LDOUSDT entry=2.2788 → SHORT | long=sl(-8.85%) short=sl(-8.85%) | scanned=7 | no_tp→fwd_return=-17.8339
  [label] 2024-12-11 08:00 LDOUSDT entry=1.9143 → LONG | long=tp(+22.21%) short=sl(-11.26%) | scanned=3 | long_tp_only
  [label] 2024-12-15 08:00 LDOUSDT entry=2.2580 → SHORT | long=sl(-9.63%) short=sl(-9.63%) | scanned=8 | no_tp→fwd_return=-9.4420
  [label] 2024-12-26 00:00 LDOUSDT entry=1.8522 → SHORT | long=timeout(-0.69%) short=timeout(+0.49%) | scanned=22 | no_tp→fwd_return=-0.5885
  [label] 2025-02-09 08:00 LDOUSDT entry=1.5130 → LONG | long=timeout(+20.13%) short=sl(-14.48%) | scanned=22 | no_tp→fwd_return=+20.2313
  [label] 2025-02-18 00:00 LDOUSDT entry=1.8166 → SHORT | long=sl(-9.68%) short=tp(+19.06%) | scanned=20 | short_tp_only
  [label] 2025-05-20 16:00 LDOUSDT entry=0.8692 → LONG | long=timeout(+4.58%) short=sl(-9.04%) | scanned=22 | no_tp→fwd_return=+4.6825
  [label] 2025-06-21 16:00 LDOUSDT entry=0.6794 → LONG | long=sl(-8.32%) short=timeout(-6.13%) | scanned=22 | no_tp→fwd_return=+6.0347
  [label] 2025-07-08 00:00 LDOUSDT entry=0.7192 → LONG | long=tp(+10.33%) short=sl(-5.31%) | scanned=5 | long_tp_only
  [label] 2025-07-21 00:00 LDOUSDT entry=1.2298 → SHORT | long=sl(-7.28%) short=tp(+14.27%) | scanned=8 | short_tp_only
  [label] 2025-08-08 16:00 LDOUSDT entry=1.1188 → LONG | long=tp(+12.78%) short=sl(-6.54%) | scanned=3 | long_tp_only
  [label] 2025-08-15 00:00 LDOUSDT entry=1.4212 → SHORT | long=sl(-9.00%) short=timeout(+7.99%) | scanned=22 | no_tp→fwd_return=-8.0918
  [label] 2025-08-27 08:00 LDOUSDT entry=1.2828 → SHORT | long=sl(-7.85%) short=timeout(+3.64%) | scanned=22 | no_tp→fwd_return=-3.7418
  [label] 2025-10-06 08:00 LDOUSDT entry=1.2570 → SHORT | long=sl(-5.86%) short=tp(+11.42%) | scanned=13 | short_tp_only
  [label] 2025-10-16 08:00 LDOUSDT entry=0.8884 → LONG | long=timeout(+1.77%) short=timeout(-1.97%) | scanned=22 | no_tp→fwd_return=+1.8685
  [label] 2026-01-11 08:00 LDOUSDT entry=0.6363 → LONG | long=sl(-4.46%) short=sl(-4.46%) | scanned=7 | no_tp→fwd_return=+4.4947
  Labels: 1043 long (47.6%), 1150 short (52.4%) | weights: min=1.00, mean=4.17, max=10.00
  Features: 2193/2193 matched, 14 columns
  CV gap: 22 rows
    [trial 0] 14 features, training_days=230 | threshold=0.779 | labels: 1043 long, 1150 short (48/52%)
    [CV fold 0] train_end=2024-05-26 00:00 | val_start=2024-06-02 16:00 | gap=184h (22 rows)
    [CV fold 1] train_end=2024-09-24 16:00 | val_start=2024-10-02 08:00 | gap=184h (22 rows)
    [CV fold 2] train_end=2025-01-24 08:00 | val_start=2025-02-01 00:00 | gap=184h (22 rows)
    [CV fold 3] train_end=2025-05-26 00:00 | val_start=2025-06-02 16:00 | gap=184h (22 rows)
    [CV fold 4] train_end=2025-09-24 16:00 | val_start=2025-10-02 08:00 | gap=184h (22 rows)[I 2026-05-06 02:24:14,830] Trial 0 finished with value: -0.042056253082795904 and parameters: {'confidence_threshold': 0.7790993046299082, 'training_days': 230, 'n_estimators': 295, 'max_depth': 5, 'num_leaves': 83, 'learning_rate': 0.051543455158230854, 'subsample': 0.8773243492079463, 'min_child_samples': 10, 'reg_alpha': 0.034096514368237685, 'reg_lambda': 3.154180388637081e-05}. Best is trial 0 with value: -0.042056253082795904.
