[I 2026-05-06 02:21:42,982] Trial 9 finished with value: -2.1088465433321093 and parameters: {'confidence_threshold': 0.7277571993354469, 'training_days': 360, 'n_estimators': 75, 'max_depth': 5, 'num_leaves': 41, 'learning_rate': 0.014186743931212992, 'subsample': 0.7445187273047605, 'min_child_samples': 22, 'reg_alpha': 0.02393227447113315, 'reg_lambda': 0.009236766173618426}. Best is trial 5 with value: -0.03419531797916375.

    [trial 6] Sharpe=-0.1697 (folds: -0.3394, -0.2077, 0.0972, 0.0837, -0.4824)
    [trial 7] 14 features, training_days=70 | threshold=0.564 | labels: 1028 long, 1165 short (47/53%)
    [trial 7] Sharpe=-0.1350 (folds: 0.1238, -0.0575, -0.2382, -0.0725, -0.4306)
    [trial 8] 14 features, training_days=440 | threshold=0.653 | labels: 1028 long, 1165 short (47/53%)
    [trial 8] Sharpe=-0.2429 (folds: -0.2965, -0.2306, -0.0748, -0.2256, -0.3868)
    [trial 9] 14 features, training_days=360 | threshold=0.728 | labels: 1028 long, 1165 short (47/53%)
    [trial 9] Sharpe=-0.5129 (folds: -0.4110, -0.1598, -0.2475, -0.1547, -1.5916)
  Optuna: 10 trials, best Sharpe = 0.0034
  Best params: n_estimators=295, max_depth=5, lr=0.0515, leaves=83
  Best confidence_threshold: 0.779
  Best training_days: 230
  Retrained on full data (690 samples, 14 features)
  Model trained for 2025-04: 90 test candles with features, confidence_threshold=0.779
[predict] 2025-04-03 00:00 BCHUSDT → SHORT (proba=1.00 TP=10.4%/SL=5.2%)
[trade:open] 2025-04-03 07:59 BCHUSDT SHORT @ 303.87 | SL=319.65 TP=272.30 | timeout=2025-04-10 07:59
[trade:close] 2025-04-06 23:59 BCHUSDT SHORT → take_profit @ 272.30 | PnL=+10.39% (net +10.29%) | cum=+16.42% 2025-04=+10.29% 2025-04-06=+10.29%
[predict] 2025-04-08 08:00 BCHUSDT → SHORT (proba=0.81 TP=13.2%/SL=6.6%)
[trade:open] 2025-04-08 15:59 BCHUSDT SHORT @ 279.71 | SL=298.12 TP=242.88 | timeout=2025-04-15 15:59
[trade:close] 2025-04-09 23:59 BCHUSDT SHORT → stop_loss @ 298.12 | PnL=-6.58% (net -6.68%) | cum=+9.74% 2025-04=+3.60% 2025-04-09=-6.68%
[predict] 2025-04-11 08:00 BCHUSDT → SHORT (proba=0.98 TP=12.8%/SL=6.4%)
[trade:open] 2025-04-11 15:59 BCHUSDT SHORT @ 309.95 | SL=329.77 TP=270.31 | timeout=2025-04-18 15:59
[trade:close] 2025-04-12 15:59 BCHUSDT SHORT → stop_loss @ 329.77 | PnL=-6.39% (net -6.49%) | cum=+3.25% 2025-04=-2.89% 2025-04-12=-6.49%
[predict] 2025-04-14 00:00 BCHUSDT → SHORT (proba=0.94 TP=12.7%/SL=6.4%)
[trade:open] 2025-04-14 07:59 BCHUSDT SHORT @ 342.58 | SL=364.39 TP=298.97 | timeout=2025-04-21 07:59
[trade:close] 2025-04-21 08:00 BCHUSDT SHORT → timeout @ 340.49 | PnL=+0.61% (net +0.51%) | cum=+3.76% 2025-04=-2.38% 2025-04-21=+0.51%
[predict] 2025-04-24 08:00 BCHUSDT → LONG (proba=0.87 TP=9.4%/SL=4.7%)
[trade:open] 2025-04-24 15:59 BCHUSDT LONG @ 352.46 | SL=335.90 TP=385.57 | timeout=2025-05-01 15:59
[lgbm] === Training for 2025-05 ===
  Train window: 2023-05-01 → 2025-05-01
  2193 training samples from 1 symbols
  Samples per month: 2023-05: 93, 2023-06: 90, 2023-07: 93, 2023-08: 93, 2023-09: 90, 2023-10: 93, 2023-11: 90, 2023-12: 93, 2024-01: 93, 2024-02: 87, 2024-03: 93, 2024-04: 90, 2024-05: 93, 2024-06: 90, 2024-07: 93, 2024-08: 93, 2024-09: 90, 2024-10: 93, 2024-11: 90, 2024-12: 93, 2025-01: 93, 2025-02: 84, 2025-03: 93, 2025-04: 90
  [label] 2023-07-02 08:00 BCHUSDT entry=294.8500 → SHORT | long=sl(-9.84%) short=timeout(+9.11%) | scanned=22 | no_tp→fwd_return=-9.2081
  [label] 2023-07-04 16:00 BCHUSDT entry=272.3600 → LONG | long=timeout(+0.40%) short=sl(-9.54%) | scanned=22 | no_tp→fwd_return=+0.5030
  [label] 2023-07-08 08:00 BCHUSDT entry=266.7400 → SHORT | long=timeout(-5.97%) short=sl(-9.67%) | scanned=22 | no_tp→fwd_return=-5.8709
  [label] 2023-08-02 08:00 BCHUSDT entry=232.6200 → LONG | long=sl(-4.77%) short=sl(-4.77%) | scanned=15 | no_tp→fwd_return=+0.4170
  [label] 2023-09-24 08:00 BCHUSDT entry=207.4100 → LONG | long=tp(+7.59%) short=sl(-3.95%) | scanned=9 | long_tp_only
  [label] 2024-03-10 08:00 BCHUSDT entry=422.6200 → SHORT | long=sl(-9.08%) short=sl(-9.08%) | scanned=15 | no_tp→fwd_return=-3.2914
  [label] 2024-03-14 08:00 BCHUSDT entry=433.3400 → SHORT | long=sl(-8.70%) short=tp(+17.09%) | scanned=15 | short_tp_only
  [label] 2024-03-25 00:00 BCHUSDT entry=488.4400 → LONG | long=tp(+16.16%) short=sl(-8.23%) | scanned=10 | long_tp_only
  [label] 2024-05-09 08:00 BCHUSDT entry=447.4300 → SHORT | long=sl(-5.74%) short=timeout(+0.31%) | scanned=22 | no_tp→fwd_return=-0.4112
  [label] 2024-05-18 00:00 BCHUSDT entry=484.9900 → LONG | long=tp(+9.17%) short=sl(-4.73%) | scanned=9 | long_tp_only
  [label] 2024-08-17 16:00 BCHUSDT entry=340.9200 → LONG | long=timeout(+6.49%) short=sl(-6.04%) | scanned=22 | no_tp→fwd_return=+6.5851
  [label] 2024-09-18 16:00 BCHUSDT entry=326.8000 → LONG | long=tp(+7.42%) short=sl(-3.86%) | scanned=18 | long_tp_only
  [label] 2024-10-05 00:00 BCHUSDT entry=323.6200 → LONG | long=timeout(+1.71%) short=timeout(-1.91%) | scanned=22 | no_tp→fwd_return=+1.8139
  [label] 2024-10-18 00:00 BCHUSDT entry=373.5700 → SHORT | long=sl(-4.51%) short=tp(+8.73%) | scanned=17 | short_tp_only
  [label] 2024-11-05 16:00 BCHUSDT entry=342.5000 → LONG | long=tp(+9.52%) short=sl(-4.91%) | scanned=1 | long_tp_only
  [label] 2024-11-12 00:00 BCHUSDT entry=458.8100 → SHORT | long=sl(-6.30%) short=sl(-6.30%) | scanned=15 | no_tp→fwd_return=-2.3321
  [label] 2024-11-24 08:00 BCHUSDT entry=488.4700 → LONG | long=timeout(+8.18%) short=sl(-8.76%) | scanned=22 | no_tp→fwd_return=+8.2769
  [label] 2025-01-03 08:00 BCHUSDT entry=471.6100 → SHORT | long=sl(-4.98%) short=tp(+9.65%) | scanned=16 | short_tp_only
  [label] 2025-01-13 08:00 BCHUSDT entry=415.6800 → LONG | long=tp(+11.19%) short=sl(-5.75%) | scanned=7 | long_tp_only
  [label] 2025-04-10 08:00 BCHUSDT entry=283.7000 → LONG | long=tp(+14.19%) short=sl(-7.24%) | scanned=6 | long_tp_only
  Labels: 1050 long (47.9%), 1143 short (52.1%) | weights: min=1.00, mean=4.03, max=10.00
  Features: 2193/2193 matched, 14 columns
  CV gap: 22 rows
    [trial 0] 14 features, training_days=230 | threshold=0.779 | labels: 1050 long, 1143 short (48/52%)
    [CV fold 0] train_end=2023-08-24 00:00 | val_start=2023-08-31 16:00 | gap=184h (22 rows)
    [CV fold 1] train_end=2023-12-23 16:00 | val_start=2023-12-31 08:00 | gap=184h (22 rows)
    [CV fold 2] train_end=2024-04-23 08:00 | val_start=2024-05-01 00:00 | gap=184h (22 rows)
    [CV fold 3] train_end=2024-08-23 00:00 | val_start=2024-08-30 16:00 | gap=184h (22 rows)
    [CV fold 4] train_end=2024-12-22 16:00 | val_start=2024-12-30 08:00 | gap=184h (22 rows)
    [trial 0] Sharpe=-0.0947 (folds: -0.0547, -0.1341, 0.1161, -0.1384, -0.2626)
    [trial 1] 14 features, training_days=410 | threshold=0.693 | labels: 1050 long, 1143 short (48/52%)
    [trial 1] Sharpe=-0.1273 (folds: -0.1353, 0.0600, -0.1323, -0.2153, -0.2139)
    [trial 2] 14 features, training_days=270 | threshold=0.546 | labels: 1050 long, 1143 short (48/52%)
    [trial 2] Sharpe=-0.0682 (folds: -0.1689, -0.0170, 0.0919, -0.1158, -0.1313)
    [trial 3] 14 features, training_days=270 | threshold=0.600 | labels: 1050 long, 1143 short (48/52%)
    [trial 3] Sharpe=-0.0705 (folds: -0.1722, -0.1031, 0.1381, -0.1635, -0.0519)
    [trial 4] 14 features, training_days=390 | threshold=0.764 | labels: 1050 long, 1143 short (48/52%)
    [trial 4] Sharpe=-0.0951 (folds: -0.0804, -0.0868, 0.1355, -0.2414, -0.2025)
    [trial 5] 14 features, training_days=60 | threshold=0.603 | labels: 1050 long, 1143 short (48/52%)
    [trial 5] Sharpe=-0.0342 (folds: -0.1512, 0.0320, 0.1581, -0.2658, 0.0558)
    [trial 6] 14 features, training_days=290 | threshold=0.738 | labels: 1050 long, 1143 short (48/52%)
    [trial 6] Sharpe=-0.1542 (folds: -0.0508, -0.0094, -0.0376, -0.4262, -0.2470)
    [trial 7] 14 features, training_days=70 | threshold=0.564 | labels: 1050 long, 1143 short (48/52%)
    [trial 7] Sharpe=-0.0564 (folds: -0.1053, 0.0450, 0.0553, -0.2392, -0.0380)
    [trial 8] 14 features, training_days=440 | threshold=0.653 | labels: 1050 long, 1143 short (48/52%)
    [trial 8] Sharpe=-0.4365 (folds: -0.1885, 0.0248, -1.6549, -0.0561, -0.3078)
    [trial 9] 14 features, training_days=360 | threshold=0.728 | labels: 1050 long, 1143 short (48/52%)
    [trial 9] Sharpe=-2.1088 (folds: -0.0063, 0.0307, 0.0613, -0.6299, -10.0000)
  Optuna: 10 trials, best Sharpe = -0.0342
  Best params: n_estimators=441, max_depth=3, lr=0.0450, leaves=66
  Best confidence_threshold: 0.603
  Best training_days: 60
  Retrained on full data (180 samples, 14 features)
  Model trained for 2025-05: 93 test candles with features, confidence_threshold=0.603[I 2026-05-06 02:21:43,222] A new study created in memory with name: no-name-cde9e8f5-35b8-4701-969c-2f65c771b52f
[I 2026-05-06 02:21:43,493] Trial 0 finished with value: -0.03196479220631067 and parameters: {'confidence_threshold': 0.7790993046299082, 'training_days': 230, 'n_estimators': 295, 'max_depth': 5, 'num_leaves': 83, 'learning_rate': 0.051543455158230854, 'subsample': 0.8773243492079463, 'min_child_samples': 10, 'reg_alpha': 0.034096514368237685, 'reg_lambda': 3.154180388637081e-05}. Best is trial 0 with value: -0.03196479220631067.
[I 2026-05-06 02:21:43,620] Trial 1 finished with value: -0.04225936920510969 and parameters: {'confidence_threshold': 0.6929247853618086, 'training_days': 410, 'n_estimators': 233, 'max_depth': 5, 'num_leaves': 108, 'learning_rate': 0.013724237108071606, 'subsample': 0.7013182233636002, 'min_child_samples': 94, 'reg_alpha': 2.4040959529260723e-06, 'reg_lambda': 5.320966582161148}. Best is trial 0 with value: -0.03196479220631067.
[I 2026-05-06 02:21:43,683] Trial 2 finished with value: -0.06993094992557929 and parameters: {'confidence_threshold': 0.546341527225763, 'training_days': 270, 'n_estimators': 120, 'max_depth': 4, 'num_leaves': 53, 'learning_rate': 0.060197068579343475, 'subsample': 0.588227873455941, 'min_child_samples': 91, 'reg_alpha': 2.3457771824819002e-08, 'reg_lambda': 1.1358840775642732e-08}. Best is trial 0 with value: -0.03196479220631067.
[I 2026-05-06 02:21:43,840] Trial 3 finished with value: -0.07451777930313688 and parameters: {'confidence_threshold': 0.6000319676300473, 'training_days': 270, 'n_estimators': 382, 'max_depth': 4, 'num_leaves': 44, 'learning_rate': 0.09185046765032388, 'subsample': 0.6743651508646724, 'min_child_samples': 77, 'reg_alpha': 0.0013974578104212739, 'reg_lambda': 8.97190257982477e-08}. Best is trial 0 with value: -0.03196479220631067.
[I 2026-05-06 02:21:44,177] Trial 4 finished with value: -0.0823380193480577 and parameters: {'confidence_threshold': 0.7642618789055509, 'training_days': 390, 'n_estimators': 464, 'max_depth': 5, 'num_leaves': 30, 'learning_rate': 0.024562383309704932, 'subsample': 0.8612975035964376, 'min_child_samples': 36, 'reg_alpha': 1.593999300080167, 'reg_lambda': 0.006081270362829788}. Best is trial 0 with value: -0.03196479220631067.
[I 2026-05-06 02:21:44,309] Trial 5 finished with value: 0.07459653047005878 and parameters: {'confidence_threshold': 0.6029115860358569, 'training_days': 60, 'n_estimators': 441, 'max_depth': 3, 'num_leaves': 66, 'learning_rate': 0.044953114425778824, 'subsample': 0.7098948461279406, 'min_child_samples': 15, 'reg_alpha': 4.888753565548431e-07, 'reg_lambda': 4.198190642566389}. Best is trial 5 with value: 0.07459653047005878.
[I 2026-05-06 02:21:44,528] Trial 6 finished with value: -0.10771186493782192 and parameters: {'confidence_threshold': 0.7376932868314098, 'training_days': 290, 'n_estimators': 249, 'max_depth': 5, 'num_leaves': 121, 'learning_rate': 0.015565840632862623, 'subsample': 0.8390183783709677, 'min_child_samples': 19, 'reg_alpha': 1.860444687368747e-08, 'reg_lambda': 2.7391483548058117e-06}. Best is trial 5 with value: 0.07459653047005878.
[I 2026-05-06 02:21:44,564] Trial 7 finished with value: 0.00805683479793357 and parameters: {'confidence_threshold': 0.563503962036334, 'training_days': 70, 'n_estimators': 63, 'max_depth': 3, 'num_leaves': 47, 'learning_rate': 0.18074927623018475, 'subsample': 0.5059692991701257, 'min_child_samples': 9, 'reg_alpha': 3.6945804405602874e-08, 'reg_lambda': 0.027706035542028905}. Best is trial 5 with value: 0.07459653047005878.
[I 2026-05-06 02:21:44,651] Trial 8 finished with value: -0.14467755870075452 and parameters: {'confidence_threshold': 0.6525471176758836, 'training_days': 440, 'n_estimators': 116, 'max_depth': 4, 'num_leaves': 115, 'learning_rate': 0.010229952960863938, 'subsample': 0.5062159465415076, 'min_child_samples': 54, 'reg_alpha': 6.790626457822126e-06, 'reg_lambda': 1.7869141074987722e-05}. Best is trial 5 with value: 0.07459653047005878.
[I 2026-05-06 02:21:44,733] Trial 9 finished with value: -0.17265516111851925 and parameters: {'confidence_threshold': 0.7277571993354469, 'training_days': 360, 'n_estimators': 75, 'max_depth': 5, 'num_leaves': 41, 'learning_rate': 0.014186743931212992, 'subsample': 0.7445187273047605, 'min_child_samples': 22, 'reg_alpha': 0.02393227447113315, 'reg_lambda': 0.009236766173618426}. Best is trial 5 with value: 0.07459653047005878.

[trade:close] 2025-05-01 16:00 BCHUSDT LONG → timeout @ 365.66 | PnL=+3.75% (net +3.65%) | cum=+7.40% 2025-05=+3.65% 2025-05-01=+3.65%
[predict] 2025-05-08 08:00 BCHUSDT → SHORT (proba=0.99 TP=10.2%/SL=5.1%)
[trade:open] 2025-05-08 15:59 BCHUSDT SHORT @ 419.34 | SL=440.77 TP=376.49 | timeout=2025-05-15 15:59
[trade:close] 2025-05-15 16:00 BCHUSDT SHORT → timeout @ 392.92 | PnL=+6.30% (net +6.20%) | cum=+13.60% 2025-05=+9.85% 2025-05-15=+6.20%
[predict] 2025-05-23 00:00 BCHUSDT → SHORT (proba=0.62 TP=9.9%/SL=5.0%)
[trade:open] 2025-05-23 07:59 BCHUSDT SHORT @ 435.42 | SL=457.03 TP=392.20 | timeout=2025-05-30 07:59
[trade:close] 2025-05-30 08:00 BCHUSDT SHORT → timeout @ 404.24 | PnL=+7.16% (net +7.06%) | cum=+20.66% 2025-05=+16.91% 2025-05-30=+7.06%
[lgbm] === Training for 2025-06 ===
  Train window: 2023-06-01 → 2025-06-01
  2193 training samples from 1 symbols
  Samples per month: 2023-06: 90, 2023-07: 93, 2023-08: 93, 2023-09: 90, 2023-10: 93, 2023-11: 90, 2023-12: 93, 2024-01: 93, 2024-02: 87, 2024-03: 93, 2024-04: 90, 2024-05: 93, 2024-06: 90, 2024-07: 93, 2024-08: 93, 2024-09: 90, 2024-10: 93, 2024-11: 90, 2024-12: 93, 2025-01: 93, 2025-02: 84, 2025-03: 93, 2025-04: 90, 2025-05: 93
  [label] 2023-08-02 08:00 BCHUSDT entry=232.6200 → LONG | long=sl(-4.77%) short=sl(-4.77%) | scanned=15 | no_tp→fwd_return=+0.4170
  [label] 2023-08-04 16:00 BCHUSDT entry=227.5000 → LONG | long=tp(+9.19%) short=sl(-4.75%) | scanned=11 | long_tp_only
  [label] 2023-08-08 08:00 BCHUSDT entry=237.2600 → SHORT | long=sl(-4.93%) short=timeout(+0.95%) | scanned=22 | no_tp→fwd_return=-1.0495
  [label] 2023-09-02 08:00 BCHUSDT entry=198.6900 → SHORT | long=timeout(-2.57%) short=timeout(+2.37%) | scanned=22 | no_tp→fwd_return=-2.4662
  [label] 2023-10-25 08:00 BCHUSDT entry=257.7500 → SHORT | long=sl(-5.11%) short=tp(+9.91%) | scanned=7 | short_tp_only
  [label] 2024-04-10 08:00 BCHUSDT entry=611.5500 → SHORT | long=sl(-8.60%) short=tp(+16.90%) | scanned=7 | short_tp_only
  [label] 2024-04-14 08:00 BCHUSDT entry=483.7800 → LONG | long=timeout(+4.43%) short=sl(-11.29%) | scanned=22 | no_tp→fwd_return=+4.5310
  [label] 2024-04-25 00:00 BCHUSDT entry=477.2400 → SHORT | long=sl(-7.60%) short=tp(+14.90%) | scanned=19 | short_tp_only
  [label] 2024-06-09 08:00 BCHUSDT entry=469.9200 → SHORT | long=sl(-4.34%) short=tp(+8.37%) | scanned=13 | short_tp_only
  [label] 2024-06-18 00:00 BCHUSDT entry=393.2400 → SHORT | long=sl(-5.69%) short=tp(+11.08%) | scanned=19 | short_tp_only
  [label] 2024-09-17 16:00 BCHUSDT entry=313.9900 → LONG | long=tp(+7.22%) short=sl(-3.76%) | scanned=4 | long_tp_only
  [label] 2024-10-19 16:00 BCHUSDT entry=363.0700 → SHORT | long=sl(-4.27%) short=sl(-4.27%) | scanned=11 | no_tp→fwd_return=-4.4812
  [label] 2024-11-05 00:00 BCHUSDT entry=338.2500 → LONG | long=tp(+9.84%) short=sl(-5.07%) | scanned=3 | long_tp_only
  [label] 2024-11-18 00:00 BCHUSDT entry=450.2000 → LONG | long=tp(+15.21%) short=sl(-7.76%) | scanned=9 | long_tp_only
  [label] 2024-12-06 16:00 BCHUSDT entry=619.3800 → SHORT | long=sl(-8.12%) short=tp(+15.93%) | scanned=9 | short_tp_only
  [label] 2024-12-13 00:00 BCHUSDT entry=531.1000 → SHORT | long=sl(-8.37%) short=tp(+16.44%) | scanned=20 | short_tp_only
  [label] 2024-12-25 08:00 BCHUSDT entry=462.0300 → SHORT | long=timeout(-3.90%) short=timeout(+3.70%) | scanned=22 | no_tp→fwd_return=-3.7985
  [label] 2025-02-03 08:00 BCHUSDT entry=330.7100 → SHORT | long=timeout(-0.52%) short=timeout(+0.32%) | scanned=22 | no_tp→fwd_return=-0.4173
  [label] 2025-02-13 08:00 BCHUSDT entry=331.4500 → SHORT | long=sl(-6.39%) short=timeout(+3.23%) | scanned=22 | no_tp→fwd_return=-3.3278
  [label] 2025-05-11 08:00 BCHUSDT entry=406.6800 → LONG | long=sl(-5.52%) short=timeout(-0.11%) | scanned=22 | no_tp→fwd_return=+0.0074
  Labels: 1063 long (48.5%), 1130 short (51.5%) | weights: min=1.00, mean=4.07, max=10.00
  Features: 2193/2193 matched, 14 columns
  CV gap: 22 rows
    [trial 0] 14 features, training_days=230 | threshold=0.779 | labels: 1063 long, 1130 short (48/52%)
    [CV fold 0] train_end=2023-09-24 00:00 | val_start=2023-10-01 16:00 | gap=184h (22 rows)
    [CV fold 1] train_end=2024-01-23 16:00 | val_start=2024-01-31 08:00 | gap=184h (22 rows)
    [CV fold 2] train_end=2024-05-24 08:00 | val_start=2024-06-01 00:00 | gap=184h (22 rows)
    [CV fold 3] train_end=2024-09-23 00:00 | val_start=2024-09-30 16:00 | gap=184h (22 rows)
    [CV fold 4] train_end=2025-01-22 16:00 | val_start=2025-01-30 08:00 | gap=184h (22 rows)
    [trial 0] Sharpe=-0.0320 (folds: 0.0861, -0.0983, -0.0449, -0.0237, -0.0791)
    [trial 1] 14 features, training_days=410 | threshold=0.693 | labels: 1063 long, 1130 short (48/52%)
    [trial 1] Sharpe=-0.0423 (folds: 0.0656, -0.0587, -0.0376, -0.1499, -0.0306)
    [trial 2] 14 features, training_days=270 | threshold=0.546 | labels: 1063 long, 1130 short (48/52%)
    [trial 2] Sharpe=-0.0699 (folds: 0.0483, -0.1755, 0.1038, -0.2417, -0.0846)
    [trial 3] 14 features, training_days=270 | threshold=0.600 | labels: 1063 long, 1130 short (48/52%)
    [trial 3] Sharpe=-0.0745 (folds: -0.0288, -0.0588, 0.0245, -0.2883, -0.0212)
    [trial 4] 14 features, training_days=390 | threshold=0.764 | labels: 1063 long, 1130 short (48/52%)
    [trial 4] Sharpe=-0.0823 (folds: -0.0624, -0.0302, 0.0197, -0.3731, 0.0343)
    [trial 5] 14 features, training_days=60 | threshold=0.603 | labels: 1063 long, 1130 short (48/52%)
    [trial 5] Sharpe=0.0746 (folds: 0.1843, 0.0861, 0.0628, 0.1010, -0.0612)
    [trial 6] 14 features, training_days=290 | threshold=0.738 | labels: 1063 long, 1130 short (48/52%)
    [trial 6] Sharpe=-0.1077 (folds: 0.0796, -0.0888, 0.0324, -0.3804, -0.1814)
    [trial 7] 14 features, training_days=70 | threshold=0.564 | labels: 1063 long, 1130 short (48/52%)
    [trial 7] Sharpe=0.0081 (folds: 0.1037, 0.0858, -0.0354, 0.0580, -0.1719)
    [trial 8] 14 features, training_days=440 | threshold=0.653 | labels: 1063 long, 1130 short (48/52%)
    [trial 8] Sharpe=-0.1447 (folds: 0.0342, -0.0082, -0.0349, -0.2138, -0.5007)
    [trial 9] 14 features, training_days=360 | threshold=0.728 | labels: 1063 long, 1130 short (48/52%)
    [trial 9] Sharpe=-0.1727 (folds: 0.0413, -0.1326, -0.0726, -0.7418, 0.0424)
  Optuna: 10 trials, best Sharpe = 0.0746
  Best params: n_estimators=441, max_depth=3, lr=0.0450, leaves=66
  Best confidence_threshold: 0.603
  Best training_days: 60
  Retrained on full data (180 samples, 14 features)
  Model trained for 2025-06: 90 test candles with features, confidence_threshold=0.603
[predict] 2025-06-11 16:00 BCHUSDT → SHORT (proba=0.99 TP=7.9%/SL=4.0%)
[trade:open] 2025-06-11 23:59 BCHUSDT SHORT @ 428.44 | SL=445.42 TP=394.47 | timeout=2025-06-18 23:59
[trade:close] 2025-06-13 23:59 BCHUSDT SHORT → stop_loss @ 445.42 | PnL=-3.96% (net -4.06%) | cum=+16.60% 2025-06=-4.06% 2025-06-13=-4.06%
[predict] 2025-06-15 08:00 BCHUSDT → SHORT (proba=0.74 TP=9.1%/SL=4.5%)
[trade:open] 2025-06-15 15:59 BCHUSDT SHORT @ 458.16 | SL=479.00 TP=416.49 | timeout=2025-06-22 15:59
[trade:close] 2025-06-17 07:59 BCHUSDT SHORT → stop_loss @ 479.00 | PnL=-4.55% (net -4.65%) | cum=+11.95% 2025-06=-8.71% 2025-06-17=-4.65%
[predict] 2025-06-18 16:00 BCHUSDT → SHORT (proba=0.93 TP=9.7%/SL=4.9%)
[trade:open] 2025-06-18 23:59 BCHUSDT SHORT @ 459.43 | SL=481.72 TP=414.84 | timeout=2025-06-25 23:59
[trade:close] 2025-06-19 15:59 BCHUSDT SHORT → stop_loss @ 481.72 | PnL=-4.85% (net -4.95%) | cum=+7.00% 2025-06=-13.66% 2025-06-19=-4.95%
[predict] 2025-06-21 00:00 BCHUSDT → SHORT (proba=0.80 TP=9.8%/SL=4.9%)
[trade:open] 2025-06-21 07:59 BCHUSDT SHORT @ 469.42 | SL=492.45 TP=423.36 | timeout=2025-06-28 07:59
[trade:close] 2025-06-25 07:59 BCHUSDT SHORT → stop_loss @ 492.45 | PnL=-4.91% (net -5.01%) | cum=+1.99% 2025-06=-18.67% 2025-06-25=-5.01%
[predict] 2025-06-26 16:00 BCHUSDT → LONG (proba=0.73 TP=10.1%/SL=5.0%)
[trade:open] 2025-06-26 23:59 BCHUSDT LONG @ 488.65 | SL=464.01 TP=537.93 | timeout=2025-07-03 23:59
[lgbm] === Training for 2025-07 ===
  Train window: 2023-07-01 → 2025-07-01
  2193 training samples from 1 symbols
  Samples per month: 2023-07: 93, 2023-08: 93, 2023-09: 90, 2023-10: 93, 2023-11: 90, 2023-12: 93, 2024-01: 93, 2024-02: 87, 2024-03: 93, 2024-04: 90, 2024-05: 93, 2024-06: 90, 2024-07: 93, 2024-08: 93, 2024-09: 90, 2024-10: 93, 2024-11: 90, 2024-12: 93, 2025-01: 93, 2025-02: 84, 2025-03: 93, 2025-04: 90, 2025-05: 93, 2025-06: 90[I 2026-05-06 02:21:44,993] A new study created in memory with name: no-name-22651c4c-853a-45b2-8539-22d76df95139
