[I 2026-05-06 02:24:20,300] Trial 9 finished with value: 0.019412161434567542 and parameters: {'confidence_threshold': 0.7277571993354469, 'training_days': 360, 'n_estimators': 75, 'max_depth': 5, 'num_leaves': 41, 'learning_rate': 0.014186743931212992, 'subsample': 0.7445187273047605, 'min_child_samples': 22, 'reg_alpha': 0.02393227447113315, 'reg_lambda': 0.009236766173618426}. Best is trial 1 with value: 0.06755211355773678.

  [label] 2024-06-02 08:00 LDOUSDT entry=2.3614 → SHORT | long=sl(-7.68%) short=tp(+15.06%) | scanned=16 | short_tp_only
  [label] 2024-06-04 08:00 LDOUSDT entry=2.3310 → SHORT | long=sl(-7.37%) short=tp(+14.44%) | scanned=10 | short_tp_only
  [label] 2024-06-08 08:00 LDOUSDT entry=1.9614 → LONG | long=sl(-8.59%) short=timeout(-4.70%) | scanned=22 | no_tp→fwd_return=+4.6039
  [label] 2024-07-03 08:00 LDOUSDT entry=1.7327 → SHORT | long=sl(-10.17%) short=timeout(+5.34%) | scanned=22 | no_tp→fwd_return=-5.4366
  [label] 2024-08-25 08:00 LDOUSDT entry=1.2468 → SHORT | long=sl(-6.61%) short=tp(+12.92%) | scanned=7 | short_tp_only
  [label] 2025-02-08 16:00 LDOUSDT entry=1.5265 → LONG | long=timeout(+18.49%) short=sl(-14.82%) | scanned=22 | no_tp→fwd_return=+18.5915
  [label] 2025-02-13 00:00 LDOUSDT entry=1.7357 → LONG | long=timeout(+0.02%) short=sl(-11.78%) | scanned=22 | no_tp→fwd_return=+0.1210
  [label] 2025-02-23 16:00 LDOUSDT entry=1.6974 → SHORT | long=sl(-9.61%) short=tp(+18.93%) | scanned=4 | short_tp_only
  [label] 2025-04-10 00:00 LDOUSDT entry=0.7238 → SHORT | long=sl(-9.33%) short=timeout(+2.80%) | scanned=22 | no_tp→fwd_return=-2.9014
  [label] 2025-04-18 16:00 LDOUSDT entry=0.6989 → LONG | long=tp(+14.22%) short=sl(-7.26%) | scanned=13 | long_tp_only
  [label] 2025-07-19 00:00 LDOUSDT entry=1.0822 → LONG | long=tp(+14.27%) short=sl(-7.28%) | scanned=4 | long_tp_only
  [label] 2025-08-20 00:00 LDOUSDT entry=1.3075 → LONG | long=tp(+15.69%) short=sl(-7.99%) | scanned=8 | long_tp_only
  [label] 2025-09-05 08:00 LDOUSDT entry=1.1737 → LONG | long=timeout(+8.84%) short=sl(-6.47%) | scanned=22 | no_tp→fwd_return=+8.9375
  [label] 2025-09-18 08:00 LDOUSDT entry=1.3253 → SHORT | long=sl(-5.23%) short=tp(+10.17%) | scanned=11 | short_tp_only
  [label] 2025-10-07 00:00 LDOUSDT entry=1.2365 → SHORT | long=sl(-5.75%) short=tp(+11.20%) | scanned=11 | short_tp_only
  [label] 2025-10-13 08:00 LDOUSDT entry=0.9529 → SHORT | long=sl(-12.55%) short=sl(-12.55%) | scanned=11 | no_tp→fwd_return=-13.9049
  [label] 2025-10-25 16:00 LDOUSDT entry=0.9241 → SHORT | long=sl(-7.67%) short=timeout(+4.09%) | scanned=22 | no_tp→fwd_return=-4.1879
  [label] 2025-12-04 16:00 LDOUSDT entry=0.6289 → SHORT | long=sl(-6.74%) short=timeout(+4.43%) | scanned=22 | no_tp→fwd_return=-4.5317
  [label] 2025-12-14 16:00 LDOUSDT entry=0.5826 → SHORT | long=sl(-6.00%) short=tp(+11.70%) | scanned=9 | short_tp_only
  [label] 2026-03-11 08:00 LDOUSDT entry=0.2972 → LONG | long=timeout(+1.11%) short=sl(-5.87%) | scanned=22 | no_tp→fwd_return=+1.2113
  Labels: 1027 long (46.9%), 1163 short (53.1%) | weights: min=1.00, mean=4.10, max=10.00
  Features: 2190/2190 matched, 14 columns
  CV gap: 22 rows
    [trial 0] 14 features, training_days=230 | threshold=0.779 | labels: 1027 long, 1163 short (47/53%)
    [CV fold 0] train_end=2024-07-24 00:00 | val_start=2024-07-31 16:00 | gap=184h (22 rows)
    [CV fold 1] train_end=2024-11-22 16:00 | val_start=2024-11-30 08:00 | gap=184h (22 rows)
    [CV fold 2] train_end=2025-03-24 08:00 | val_start=2025-04-01 00:00 | gap=184h (22 rows)
    [CV fold 3] train_end=2025-07-24 00:00 | val_start=2025-07-31 16:00 | gap=184h (22 rows)
    [CV fold 4] train_end=2025-11-22 16:00 | val_start=2025-11-30 08:00 | gap=184h (22 rows)
    [trial 0] Sharpe=-0.0566 (folds: -0.0498, -0.0147, -0.0102, -0.1282, -0.0799)
    [trial 1] 14 features, training_days=410 | threshold=0.693 | labels: 1027 long, 1163 short (47/53%)
    [trial 1] Sharpe=0.0676 (folds: -0.0407, -0.1252, 0.1422, 0.7006, -0.3391)
    [trial 2] 14 features, training_days=270 | threshold=0.546 | labels: 1027 long, 1163 short (47/53%)
    [trial 2] Sharpe=-0.1223 (folds: -0.1046, -0.0225, -0.1024, -0.1057, -0.2763)
    [trial 3] 14 features, training_days=270 | threshold=0.600 | labels: 1027 long, 1163 short (47/53%)
    [trial 3] Sharpe=-0.0855 (folds: 0.0320, -0.0600, -0.0588, -0.1113, -0.2295)
    [trial 4] 14 features, training_days=390 | threshold=0.764 | labels: 1027 long, 1163 short (47/53%)
    [trial 4] Sharpe=0.0165 (folds: -0.1328, 0.1299, 0.0282, 0.2794, -0.2221)
    [trial 5] 14 features, training_days=60 | threshold=0.603 | labels: 1027 long, 1163 short (47/53%)
    [trial 5] Sharpe=-0.0056 (folds: -0.0929, 0.0609, -0.1323, 0.2626, -0.1265)
    [trial 6] 14 features, training_days=290 | threshold=0.738 | labels: 1027 long, 1163 short (47/53%)
    [trial 6] Sharpe=-0.0900 (folds: -0.0731, 0.1072, -0.0737, -0.0756, -0.3351)
    [trial 7] 14 features, training_days=70 | threshold=0.564 | labels: 1027 long, 1163 short (47/53%)
    [trial 7] Sharpe=-0.0568 (folds: -0.0680, -0.0796, -0.0725, 0.0936, -0.1576)
    [trial 8] 14 features, training_days=440 | threshold=0.653 | labels: 1027 long, 1163 short (47/53%)
    [trial 8] Sharpe=-0.0010 (folds: 0.1415, -0.1486, 0.1034, 0.3248, -0.4264)
    [trial 9] 14 features, training_days=360 | threshold=0.728 | labels: 1027 long, 1163 short (47/53%)
    [trial 9] Sharpe=0.0194 (folds: -0.0485, 0.0085, 0.1480, 0.2094, -0.2204)
  Optuna: 10 trials, best Sharpe = 0.0676
  Best params: n_estimators=233, max_depth=5, lr=0.0137, leaves=108
  Best confidence_threshold: 0.693
  Best training_days: 410
  Retrained on full data (1230 samples, 14 features)
  Model trained for 2026-04: 90 test candles with features, confidence_threshold=0.693
[predict] 2026-04-19 16:00 LDOUSDT → SHORT (proba=0.76 TP=15.3%/SL=7.6%)
[trade:open] 2026-04-19 23:59 LDOUSDT SHORT @ 0.36 | SL=0.39 TP=0.30 | timeout=2026-04-26 23:59
[trade:close] 2026-04-21 15:59 LDOUSDT SHORT → stop_loss @ 0.39 | PnL=-7.63% (net -7.73%) | cum=+52.44% 2026-04=-7.73% 2026-04-21=-7.73%
[predict] 2026-04-23 00:00 LDOUSDT → SHORT (proba=0.71 TP=15.0%/SL=7.5%)
[trade:open] 2026-04-23 07:59 LDOUSDT SHORT @ 0.38 | SL=0.41 TP=0.32 | timeout=2026-04-30 07:59
[trade:close] 2026-04-26 15:59 LDOUSDT SHORT → stop_loss @ 0.41 | PnL=-7.49% (net -7.59%) | cum=+44.85% 2026-04=-15.32% 2026-04-26=-7.59%
[predict] 2026-04-28 00:00 LDOUSDT → SHORT (proba=0.72 TP=17.4%/SL=8.7%)
[trade:open] 2026-04-28 07:59 LDOUSDT SHORT @ 0.39 | SL=0.43 TP=0.33 | timeout=2026-05-05 07:59
[lgbm] === Training for 2026-05 ===
  Train window: 2024-05-01 → 2026-05-01
  2190 training samples from 1 symbols
  Samples per month: 2024-05: 93, 2024-06: 90, 2024-07: 93, 2024-08: 93, 2024-09: 90, 2024-10: 93, 2024-11: 90, 2024-12: 93, 2025-01: 93, 2025-02: 84, 2025-03: 93, 2025-04: 90, 2025-05: 93, 2025-06: 90, 2025-07: 93, 2025-08: 93, 2025-09: 90, 2025-10: 93, 2025-11: 90, 2025-12: 93, 2026-01: 93, 2026-02: 84, 2026-03: 93, 2026-04: 90
  [label] 2024-07-02 08:00 LDOUSDT entry=1.9902 → SHORT | long=sl(-8.95%) short=tp(+17.59%) | scanned=7 | short_tp_only
  [label] 2024-07-04 08:00 LDOUSDT entry=1.6996 → SHORT | long=sl(-9.90%) short=timeout(+5.58%) | scanned=22 | no_tp→fwd_return=-5.6778
  [label] 2024-07-08 08:00 LDOUSDT entry=1.5654 → LONG | long=timeout(+12.39%) short=sl(-10.41%) | scanned=22 | no_tp→fwd_return=+12.4888
  [label] 2024-08-02 08:00 LDOUSDT entry=1.4644 → SHORT | long=sl(-8.41%) short=tp(+16.51%) | scanned=7 | short_tp_only
  [label] 2024-09-24 08:00 LDOUSDT entry=1.2072 → LONG | long=tp(+11.80%) short=sl(-6.05%) | scanned=10 | long_tp_only
  [label] 2025-03-10 16:00 LDOUSDT entry=0.8936 → LONG | long=timeout(+7.52%) short=timeout(-7.72%) | scanned=22 | no_tp→fwd_return=+7.6209
  [label] 2025-03-15 00:00 LDOUSDT entry=0.9456 → LONG | long=timeout(+8.22%) short=sl(-10.45%) | scanned=22 | no_tp→fwd_return=+8.3228
  [label] 2025-03-25 16:00 LDOUSDT entry=1.0589 → SHORT | long=sl(-6.00%) short=tp(+11.70%) | scanned=8 | short_tp_only
  [label] 2025-05-10 00:00 LDOUSDT entry=1.0659 → SHORT | long=sl(-5.89%) short=sl(-5.89%) | scanned=15 | no_tp→fwd_return=-6.6517
  [label] 2025-05-18 16:00 LDOUSDT entry=0.9417 → SHORT | long=sl(-8.55%) short=timeout(+7.08%) | scanned=22 | no_tp→fwd_return=-7.1785
  [label] 2025-08-18 00:00 LDOUSDT entry=1.3161 → LONG | long=tp(+17.32%) short=sl(-8.81%) | scanned=14 | long_tp_only
  [label] 2025-09-19 00:00 LDOUSDT entry=1.3026 → SHORT | long=sl(-5.34%) short=tp(+10.39%) | scanned=9 | short_tp_only[I 2026-05-06 02:24:20,697] A new study created in memory with name: no-name-622e5478-1fa9-4e84-be67-17c377677092
[I 2026-05-06 02:24:20,943] Trial 0 finished with value: -0.21150496275247405 and parameters: {'confidence_threshold': 0.7790993046299082, 'training_days': 230, 'n_estimators': 295, 'max_depth': 5, 'num_leaves': 83, 'learning_rate': 0.051543455158230854, 'subsample': 0.8773243492079463, 'min_child_samples': 10, 'reg_alpha': 0.034096514368237685, 'reg_lambda': 3.154180388637081e-05}. Best is trial 0 with value: -0.21150496275247405.
[I 2026-05-06 02:24:21,076] Trial 1 finished with value: 0.06323224929644478 and parameters: {'confidence_threshold': 0.6929247853618086, 'training_days': 410, 'n_estimators': 233, 'max_depth': 5, 'num_leaves': 108, 'learning_rate': 0.013724237108071606, 'subsample': 0.7013182233636002, 'min_child_samples': 94, 'reg_alpha': 2.4040959529260723e-06, 'reg_lambda': 5.320966582161148}. Best is trial 1 with value: 0.06323224929644478.
[I 2026-05-06 02:24:21,137] Trial 2 finished with value: -0.10619484656608422 and parameters: {'confidence_threshold': 0.546341527225763, 'training_days': 270, 'n_estimators': 120, 'max_depth': 4, 'num_leaves': 53, 'learning_rate': 0.060197068579343475, 'subsample': 0.588227873455941, 'min_child_samples': 91, 'reg_alpha': 2.3457771824819002e-08, 'reg_lambda': 1.1358840775642732e-08}. Best is trial 1 with value: 0.06323224929644478.
[I 2026-05-06 02:24:21,313] Trial 3 finished with value: -0.10408951872396613 and parameters: {'confidence_threshold': 0.6000319676300473, 'training_days': 270, 'n_estimators': 382, 'max_depth': 4, 'num_leaves': 44, 'learning_rate': 0.09185046765032388, 'subsample': 0.6743651508646724, 'min_child_samples': 77, 'reg_alpha': 0.0013974578104212739, 'reg_lambda': 8.97190257982477e-08}. Best is trial 1 with value: 0.06323224929644478.
[I 2026-05-06 02:24:21,685] Trial 4 finished with value: -0.047929033770244635 and parameters: {'confidence_threshold': 0.7642618789055509, 'training_days': 390, 'n_estimators': 464, 'max_depth': 5, 'num_leaves': 30, 'learning_rate': 0.024562383309704932, 'subsample': 0.8612975035964376, 'min_child_samples': 36, 'reg_alpha': 1.593999300080167, 'reg_lambda': 0.006081270362829788}. Best is trial 1 with value: 0.06323224929644478.
[I 2026-05-06 02:24:21,822] Trial 5 finished with value: -0.15046333462537917 and parameters: {'confidence_threshold': 0.6029115860358569, 'training_days': 60, 'n_estimators': 441, 'max_depth': 3, 'num_leaves': 66, 'learning_rate': 0.044953114425778824, 'subsample': 0.7098948461279406, 'min_child_samples': 15, 'reg_alpha': 4.888753565548431e-07, 'reg_lambda': 4.198190642566389}. Best is trial 1 with value: 0.06323224929644478.
[I 2026-05-06 02:24:22,062] Trial 6 finished with value: -0.09926597066742812 and parameters: {'confidence_threshold': 0.7376932868314098, 'training_days': 290, 'n_estimators': 249, 'max_depth': 5, 'num_leaves': 121, 'learning_rate': 0.015565840632862623, 'subsample': 0.8390183783709677, 'min_child_samples': 19, 'reg_alpha': 1.860444687368747e-08, 'reg_lambda': 2.7391483548058117e-06}. Best is trial 1 with value: 0.06323224929644478.
[I 2026-05-06 02:24:22,099] Trial 7 finished with value: -0.11794265224570133 and parameters: {'confidence_threshold': 0.563503962036334, 'training_days': 70, 'n_estimators': 63, 'max_depth': 3, 'num_leaves': 47, 'learning_rate': 0.18074927623018475, 'subsample': 0.5059692991701257, 'min_child_samples': 9, 'reg_alpha': 3.6945804405602874e-08, 'reg_lambda': 0.027706035542028905}. Best is trial 1 with value: 0.06323224929644478.
[I 2026-05-06 02:24:22,188] Trial 8 finished with value: 0.24287788215528314 and parameters: {'confidence_threshold': 0.6525471176758836, 'training_days': 440, 'n_estimators': 116, 'max_depth': 4, 'num_leaves': 115, 'learning_rate': 0.010229952960863938, 'subsample': 0.5062159465415076, 'min_child_samples': 54, 'reg_alpha': 6.790626457822126e-06, 'reg_lambda': 1.7869141074987722e-05}. Best is trial 8 with value: 0.24287788215528314.
[I 2026-05-06 02:24:22,288] Trial 9 finished with value: -0.2050815523092476 and parameters: {'confidence_threshold': 0.7277571993354469, 'training_days': 360, 'n_estimators': 75, 'max_depth': 5, 'num_leaves': 41, 'learning_rate': 0.014186743931212992, 'subsample': 0.7445187273047605, 'min_child_samples': 22, 'reg_alpha': 0.02393227447113315, 'reg_lambda': 0.009236766173618426}. Best is trial 8 with value: 0.24287788215528314.

  [label] 2025-10-05 08:00 LDOUSDT entry=1.1827 → SHORT | long=sl(-6.05%) short=sl(-6.05%) | scanned=16 | no_tp→fwd_return=-30.0837
  [label] 2025-10-18 08:00 LDOUSDT entry=0.8720 → LONG | long=timeout(+4.49%) short=timeout(-4.69%) | scanned=22 | no_tp→fwd_return=+4.5872
  [label] 2025-11-06 00:00 LDOUSDT entry=0.7515 → LONG | long=tp(+16.98%) short=sl(-8.64%) | scanned=14 | long_tp_only
  [label] 2025-11-12 08:00 LDOUSDT entry=0.8019 → SHORT | long=sl(-8.55%) short=timeout(+12.48%) | scanned=22 | no_tp→fwd_return=-12.5826
  [label] 2025-11-24 16:00 LDOUSDT entry=0.6632 → SHORT | long=sl(-8.42%) short=timeout(+13.32%) | scanned=22 | no_tp→fwd_return=-13.4198
  [label] 2026-01-03 16:00 LDOUSDT entry=0.6159 → LONG | long=tp(+7.88%) short=sl(-4.09%) | scanned=6 | long_tp_only
  [label] 2026-01-13 16:00 LDOUSDT entry=0.6649 → SHORT | long=sl(-4.85%) short=tp(+9.40%) | scanned=8 | short_tp_only
  [label] 2026-04-10 08:00 LDOUSDT entry=0.3321 → LONG | long=sl(-4.94%) short=sl(-4.94%) | scanned=10 | no_tp→fwd_return=+5.9018
  Labels: 1045 long (47.7%), 1145 short (52.3%) | weights: min=1.00, mean=4.08, max=10.00
  Features: 2190/2190 matched, 14 columns
  CV gap: 22 rows
    [trial 0] 14 features, training_days=230 | threshold=0.779 | labels: 1045 long, 1145 short (48/52%)
    [CV fold 0] train_end=2024-08-23 00:00 | val_start=2024-08-30 16:00 | gap=184h (22 rows)
    [CV fold 1] train_end=2024-12-22 16:00 | val_start=2024-12-30 08:00 | gap=184h (22 rows)
    [CV fold 2] train_end=2025-04-23 08:00 | val_start=2025-05-01 00:00 | gap=184h (22 rows)
    [CV fold 3] train_end=2025-08-23 00:00 | val_start=2025-08-30 16:00 | gap=184h (22 rows)
    [CV fold 4] train_end=2025-12-22 16:00 | val_start=2025-12-30 08:00 | gap=184h (22 rows)
    [trial 0] Sharpe=-0.2115 (folds: -0.2056, -0.1131, -0.0495, -0.2599, -0.4293)
    [trial 1] 14 features, training_days=410 | threshold=0.693 | labels: 1045 long, 1145 short (48/52%)
    [trial 1] Sharpe=0.0632 (folds: -0.3652, 0.0279, 0.0546, 0.5893, 0.0096)
    [trial 2] 14 features, training_days=270 | threshold=0.546 | labels: 1045 long, 1145 short (48/52%)
    [trial 2] Sharpe=-0.1062 (folds: -0.1233, 0.0918, -0.0757, -0.1711, -0.2527)
    [trial 3] 14 features, training_days=270 | threshold=0.600 | labels: 1045 long, 1145 short (48/52%)
    [trial 3] Sharpe=-0.1041 (folds: -0.2554, 0.0883, 0.0196, -0.2206, -0.1523)
    [trial 4] 14 features, training_days=390 | threshold=0.764 | labels: 1045 long, 1145 short (48/52%)
    [trial 4] Sharpe=-0.0479 (folds: -0.2737, 0.1065, 0.0379, -0.0404, -0.0700)
    [trial 5] 14 features, training_days=60 | threshold=0.603 | labels: 1045 long, 1145 short (48/52%)
    [trial 5] Sharpe=-0.1505 (folds: -0.3477, 0.0263, -0.0757, -0.0364, -0.3189)
    [trial 6] 14 features, training_days=290 | threshold=0.738 | labels: 1045 long, 1145 short (48/52%)
    [trial 6] Sharpe=-0.0993 (folds: -0.1657, -0.0129, 0.0701, -0.3270, -0.0608)
    [trial 7] 14 features, training_days=70 | threshold=0.564 | labels: 1045 long, 1145 short (48/52%)
    [trial 7] Sharpe=-0.1179 (folds: -0.2646, 0.0069, -0.0826, -0.0106, -0.2387)
    [trial 8] 14 features, training_days=440 | threshold=0.653 | labels: 1045 long, 1145 short (48/52%)
    [trial 8] Sharpe=0.2429 (folds: 0.0380, -0.0561, 0.0950, 1.1687, -0.0312)
    [trial 9] 14 features, training_days=360 | threshold=0.728 | labels: 1045 long, 1145 short (48/52%)
    [trial 9] Sharpe=-0.2051 (folds: -0.0141, -0.1079, -0.0264, -0.2446, -0.6324)
  Optuna: 10 trials, best Sharpe = 0.2429
  Best params: n_estimators=116, max_depth=4, lr=0.0102, leaves=115
  Best confidence_threshold: 0.653
  Best training_days: 440
  Retrained on full data (1320 samples, 14 features)
  Model trained for 2026-05: 11 test candles with features, confidence_threshold=0.653
[trade:close] 2026-05-05 08:00 LDOUSDT SHORT → timeout @ 0.38 | PnL=+4.62% (net +4.52%) | cum=+49.37% 2026-05=+4.52% 2026-05-05=+4.52%
C (LDOUSDT): 41 trades in 44s (seed=42)
  gate stats: {'LDOUSDT': {'signals_seen': 1042, 'killed_by_zscore': 243, 'killed_by_hurst': 93, 'killed_by_adx': 234, 'killed_by_low_vol': 210, 'kill_rate': 0.7485604606525912, 'vol_scaled_signals': 262, 'mean_vol_scale': 0.7126855652307339}}
============================================================
MODEL D (TRXUSDT) — seed 42
============================================================
[lgbm] 14 feature columns, 53 walk-forward splits
[lgbm] ATR labeling: 6889/6893 rows with ATR values
[lgbm] No split for 2020-01 (insufficient training data)
[lgbm] No split for 2020-02 (insufficient training data)
[lgbm] No split for 2020-03 (insufficient training data)
[lgbm] No split for 2020-04 (insufficient training data)
[lgbm] No split for 2020-05 (insufficient training data)
[lgbm] No split for 2020-06 (insufficient training data)
[lgbm] No split for 2020-07 (insufficient training data)
[lgbm] No split for 2020-08 (insufficient training data)
[lgbm] No split for 2020-09 (insufficient training data)
[lgbm] No split for 2020-10 (insufficient training data)
[lgbm] No split for 2020-11 (insufficient training data)
[lgbm] No split for 2020-12 (insufficient training data)
[lgbm] No split for 2021-01 (insufficient training data)
[lgbm] No split for 2021-02 (insufficient training data)
[lgbm] No split for 2021-03 (insufficient training data)
[lgbm] No split for 2021-04 (insufficient training data)
[lgbm] No split for 2021-05 (insufficient training data)
[lgbm] No split for 2021-06 (insufficient training data)
[lgbm] No split for 2021-07 (insufficient training data)
[lgbm] No split for 2021-08 (insufficient training data)
[lgbm] No split for 2021-09 (insufficient training data)
[lgbm] No split for 2021-10 (insufficient training data)
[lgbm] No split for 2021-11 (insufficient training data)
[lgbm] No split for 2021-12 (insufficient training data)
[lgbm] === Training for 2022-01 ===
  Train window: 2020-01-01 → 2022-01-01
  2150 training samples from 1 symbols
  Samples per month: 2020-01: 50, 2020-02: 87, 2020-03: 93, 2020-04: 90, 2020-05: 93, 2020-06: 90, 2020-07: 93, 2020-08: 93, 2020-09: 90, 2020-10: 93, 2020-11: 90, 2020-12: 93, 2021-01: 93, 2021-02: 84, 2021-03: 93, 2021-04: 90, 2021-05: 93, 2021-06: 90, 2021-07: 93, 2021-08: 93, 2021-09: 90, 2021-10: 93, 2021-11: 90, 2021-12: 93
  [label] 2020-03-16 08:00 TRXUSDT entry=0.0096 → LONG | long=timeout(+14.84%) short=sl(-17.39%) | scanned=22 | no_tp→fwd_return=+14.9378
  [label] 2020-03-18 16:00 TRXUSDT entry=0.0102 → LONG | long=timeout(+11.04%) short=sl(-14.03%) | scanned=22 | no_tp→fwd_return=+11.1437
  [label] 2020-03-22 08:00 TRXUSDT entry=0.0108 → LONG | long=timeout(+3.06%) short=timeout(-3.26%) | scanned=22 | no_tp→fwd_return=+3.1569
  [label] 2020-04-16 00:00 TRXUSDT entry=0.0126 → LONG | long=timeout(+2.20%) short=sl(-5.80%) | scanned=22 | no_tp→fwd_return=+2.3034
  [label] 2020-06-06 16:00 TRXUSDT entry=0.0170 → SHORT | long=sl(-5.03%) short=sl(-5.03%) | scanned=15 | no_tp→fwd_return=-7.6833
  [label] 2020-11-18 08:00 TRXUSDT entry=0.0254 → LONG | long=tp(+7.41%) short=sl(-3.86%) | scanned=8 | long_tp_only
  [label] 2020-11-22 08:00 TRXUSDT entry=0.0284 → LONG | long=tp(+10.88%) short=sl(-5.59%) | scanned=4 | long_tp_only
  [label] 2020-12-03 00:00 TRXUSDT entry=0.0312 → SHORT | long=sl(-8.60%) short=timeout(+8.68%) | scanned=22 | no_tp→fwd_return=-8.7764
  [label] 2021-01-16 08:00 TRXUSDT entry=0.0311 → SHORT | long=sl(-9.28%) short=timeout(+6.85%) | scanned=22 | no_tp→fwd_return=-6.9520
  [label] 2021-01-25 00:00 TRXUSDT entry=0.0316 → LONG | long=sl(-6.99%) short=sl(-6.99%) | scanned=13 | no_tp→fwd_return=+10.9039
  [label] 2021-04-24 16:00 TRXUSDT entry=0.1025 → LONG | long=timeout(+27.93%) short=sl(-17.93%) | scanned=22 | no_tp→fwd_return=+28.0308
  [label] 2021-05-26 00:00 TRXUSDT entry=0.0839 → SHORT | long=sl(-15.95%) short=timeout(+8.09%) | scanned=22 | no_tp→fwd_return=-8.1922
  [label] 2021-06-11 00:00 TRXUSDT entry=0.0723 → LONG | long=sl(-7.69%) short=timeout(-1.92%) | scanned=22 | no_tp→fwd_return=+1.8245
  [label] 2021-06-23 16:00 TRXUSDT entry=0.0579 → LONG | long=tp(+18.72%) short=sl(-9.51%) | scanned=4 | long_tp_only[I 2026-05-06 02:24:22,650] A new study created in memory with name: no-name-19592240-260b-47a3-9c35-31e65789b082
[I 2026-05-06 02:24:22,983] Trial 0 finished with value: -0.06189617830481191 and parameters: {'confidence_threshold': 0.7790993046299082, 'training_days': 230, 'n_estimators': 295, 'max_depth': 5, 'num_leaves': 83, 'learning_rate': 0.051543455158230854, 'subsample': 0.8773243492079463, 'min_child_samples': 10, 'reg_alpha': 0.034096514368237685, 'reg_lambda': 3.154180388637081e-05}. Best is trial 0 with value: -0.06189617830481191.
