[I 2026-05-06 02:26:04,442] Trial 7 finished with value: -0.11720030614656865 and parameters: {'confidence_threshold': 0.563503962036334, 'training_days': 70, 'n_estimators': 63, 'max_depth': 3, 'num_leaves': 47, 'learning_rate': 0.18074927623018475, 'subsample': 0.5059692991701257, 'min_child_samples': 9, 'reg_alpha': 3.6945804405602874e-08, 'reg_lambda': 0.027706035542028905}. Best is trial 6 with value: 0.13067451607333697.

    [trial 0] Sharpe=-0.0981 (folds: -0.1402, -0.1290, -0.1807, 0.0675, -0.1082)
    [trial 1] 14 features, training_days=410 | threshold=0.693 | labels: 1199 long, 994 short (55/45%)
    [trial 1] Sharpe=-0.2783 (folds: -0.3600, 0.1228, -0.1703, 0.0116, -0.9957)
    [trial 2] 14 features, training_days=270 | threshold=0.546 | labels: 1199 long, 994 short (55/45%)
    [trial 2] Sharpe=-0.1068 (folds: -0.2250, -0.0025, -0.1707, -0.0066, -0.1292)
    [trial 3] 14 features, training_days=270 | threshold=0.600 | labels: 1199 long, 994 short (55/45%)
    [trial 3] Sharpe=-0.0808 (folds: -0.1727, -0.0258, -0.1367, 0.1436, -0.2127)
    [trial 4] 14 features, training_days=390 | threshold=0.764 | labels: 1199 long, 994 short (55/45%)
    [trial 4] Sharpe=-0.1700 (folds: -0.1510, -0.0251, -0.2575, 0.0198, -0.4362)
    [trial 5] 14 features, training_days=60 | threshold=0.603 | labels: 1199 long, 994 short (55/45%)
    [trial 5] Sharpe=-0.1263 (folds: -0.2067, 0.0455, -0.0637, -0.3545, -0.0523)
    [trial 6] 14 features, training_days=290 | threshold=0.738 | labels: 1199 long, 994 short (55/45%)
    [trial 6] Sharpe=-0.0643 (folds: -0.1474, -0.0868, -0.0758, 0.1237, -0.1350)
    [trial 7] 14 features, training_days=70 | threshold=0.564 | labels: 1199 long, 994 short (55/45%)
    [trial 7] Sharpe=-0.1388 (folds: -0.1613, 0.0993, -0.2075, -0.3496, -0.0749)
    [trial 8] 14 features, training_days=440 | threshold=0.653 | labels: 1199 long, 994 short (55/45%)
    [trial 8] Sharpe=-0.2326 (folds: -0.3312, 0.1616, -0.0182, -0.0567, -0.9188)
    [trial 9] 14 features, training_days=360 | threshold=0.728 | labels: 1199 long, 994 short (55/45%)
    [trial 9] Sharpe=-2.1583 (folds: -0.1696, 0.0710, -0.1587, -10.0000, -0.5341)
  Optuna: 10 trials, best Sharpe = -0.0643
  Best params: n_estimators=249, max_depth=5, lr=0.0156, leaves=121
  Best confidence_threshold: 0.738
  Best training_days: 290
  Retrained on full data (870 samples, 14 features)
  Model trained for 2025-11: 90 test candles with features, confidence_threshold=0.738
[predict] 2025-11-01 00:00 TRXUSDT → SHORT (proba=0.96 TP=4.6%/SL=2.3%)
[trade:open] 2025-11-01 07:59 TRXUSDT SHORT @ 0.30 | SL=0.30 TP=0.28 | timeout=2025-11-08 07:59
[trade:close] 2025-11-03 23:59 TRXUSDT SHORT → take_profit @ 0.28 | PnL=+4.61% (net +4.51%) | cum=-7.70% 2025-11=+4.51% 2025-11-03=+4.51%
[predict] 2025-11-06 08:00 TRXUSDT → SHORT (proba=0.78 TP=5.4%/SL=2.7%)
[trade:open] 2025-11-06 15:59 TRXUSDT SHORT @ 0.28 | SL=0.29 TP=0.27 | timeout=2025-11-13 15:59
[trade:close] 2025-11-07 23:59 TRXUSDT SHORT → stop_loss @ 0.29 | PnL=-2.69% (net -2.79%) | cum=-10.49% 2025-11=+1.72% 2025-11-07=-2.79%
[predict] 2025-11-13 16:00 TRXUSDT → SHORT (proba=0.81 TP=4.6%/SL=2.3%)
[trade:open] 2025-11-13 23:59 TRXUSDT SHORT @ 0.29 | SL=0.30 TP=0.28 | timeout=2025-11-20 23:59
[trade:close] 2025-11-20 23:59 TRXUSDT SHORT → take_profit @ 0.28 | PnL=+4.59% (net +4.49%) | cum=-5.99% 2025-11=+6.22% 2025-11-20=+4.49%
[lgbm] === Training for 2025-12 ===
  Train window: 2023-12-01 → 2025-12-01
  2193 training samples from 1 symbols
  Samples per month: 2023-12: 93, 2024-01: 93, 2024-02: 87, 2024-03: 93, 2024-04: 90, 2024-05: 93, 2024-06: 90, 2024-07: 93, 2024-08: 93, 2024-09: 90, 2024-10: 93, 2024-11: 90, 2024-12: 93, 2025-01: 93, 2025-02: 84, 2025-03: 93, 2025-04: 90, 2025-05: 93, 2025-06: 90, 2025-07: 93, 2025-08: 93, 2025-09: 90, 2025-10: 93, 2025-11: 90
  [label] 2024-02-01 08:00 TRXUSDT entry=0.1147 → LONG | long=tp(+4.25%) short=sl(-2.28%) | scanned=11 | long_tp_only
  [label] 2024-02-03 16:00 TRXUSDT entry=0.1172 → LONG | long=tp(+3.71%) short=sl(-2.01%) | scanned=8 | long_tp_only
  [label] 2024-02-07 08:00 TRXUSDT entry=0.1257 → LONG | long=sl(-2.47%) short=sl(-2.47%) | scanned=21 | no_tp→fwd_return=+2.4580
  [label] 2024-03-03 08:00 TRXUSDT entry=0.1402 → SHORT | long=sl(-1.82%) short=tp(+3.34%) | scanned=7 | short_tp_only
  [label] 2024-04-25 08:00 TRXUSDT entry=0.1169 → LONG | long=tp(+4.51%) short=sl(-2.41%) | scanned=10 | long_tp_only
  [label] 2024-10-10 08:00 TRXUSDT entry=0.1598 → SHORT | long=sl(-1.47%) short=sl(-1.47%) | scanned=15 | no_tp→fwd_return=-1.1388
  [label] 2024-10-14 08:00 TRXUSDT entry=0.1602 → SHORT | long=sl(-1.53%) short=tp(+2.76%) | scanned=20 | short_tp_only
  [label] 2024-10-25 00:00 TRXUSDT entry=0.1655 → LONG | long=sl(-1.29%) short=sl(-1.29%) | scanned=15 | no_tp→fwd_return=+1.3895
  [label] 2024-12-09 08:00 TRXUSDT entry=0.2919 → SHORT | long=sl(-9.43%) short=tp(+18.56%) | scanned=1 | short_tp_only
  [label] 2024-12-18 00:00 TRXUSDT entry=0.2726 → SHORT | long=sl(-8.26%) short=tp(+16.23%) | scanned=7 | short_tp_only
  [label] 2025-03-19 16:00 TRXUSDT entry=0.2308 → LONG | long=timeout(+0.14%) short=sl(-3.62%) | scanned=22 | no_tp→fwd_return=+0.2427
  [label] 2025-04-20 16:00 TRXUSDT entry=0.2436 → LONG | long=timeout(+0.54%) short=sl(-2.67%) | scanned=22 | no_tp→fwd_return=+0.6446
  [label] 2025-05-07 00:00 TRXUSDT entry=0.2447 → LONG | long=tp(+3.76%) short=sl(-2.03%) | scanned=4 | long_tp_only
  [label] 2025-05-20 00:00 TRXUSDT entry=0.2715 → LONG | long=timeout(+1.93%) short=sl(-3.08%) | scanned=22 | no_tp→fwd_return=+2.0259
  [label] 2025-06-07 16:00 TRXUSDT entry=0.2867 → SHORT | long=sl(-2.44%) short=sl(-2.44%) | scanned=12 | no_tp→fwd_return=-2.5598
  [label] 2025-06-14 00:00 TRXUSDT entry=0.2693 → LONG | long=tp(+5.61%) short=sl(-2.96%) | scanned=7 | long_tp_only
  [label] 2025-06-26 08:00 TRXUSDT entry=0.2712 → LONG | long=tp(+4.93%) short=sl(-2.62%) | scanned=19 | long_tp_only
  [label] 2025-08-05 08:00 TRXUSDT entry=0.3300 → LONG | long=tp(+4.73%) short=sl(-2.51%) | scanned=19 | long_tp_only
  [label] 2025-08-15 08:00 TRXUSDT entry=0.3508 → LONG | long=timeout(+2.29%) short=sl(-2.54%) | scanned=22 | no_tp→fwd_return=+2.3919
  [label] 2025-11-10 08:00 TRXUSDT entry=0.2937 → LONG | long=timeout(-0.09%) short=sl(-2.36%) | scanned=22 | no_tp→fwd_return=+0.0136
  Labels: 1206 long (55.0%), 987 short (45.0%) | weights: min=1.00, mean=2.62, max=10.00
  Features: 2193/2193 matched, 14 columns
  CV gap: 22 rows
    [trial 0] 14 features, training_days=230 | threshold=0.779 | labels: 1206 long, 987 short (55/45%)
    [CV fold 0] train_end=2024-03-25 00:00 | val_start=2024-04-01 16:00 | gap=184h (22 rows)
    [CV fold 1] train_end=2024-07-24 16:00 | val_start=2024-08-01 08:00 | gap=184h (22 rows)
    [CV fold 2] train_end=2024-11-23 08:00 | val_start=2024-12-01 00:00 | gap=184h (22 rows)
    [CV fold 3] train_end=2025-03-25 00:00 | val_start=2025-04-01 16:00 | gap=184h (22 rows)
    [CV fold 4] train_end=2025-07-24 16:00 | val_start=2025-08-01 08:00 | gap=184h (22 rows)
    [trial 0] Sharpe=-0.0965 (folds: 0.2417, -0.2894, -0.2239, -0.1230, -0.0879)
    [trial 1] 14 features, training_days=410 | threshold=0.693 | labels: 1206 long, 987 short (55/45%)
    [trial 1] Sharpe=0.0210 (folds: 0.1398, 0.1020, -0.2329, 0.3720, -0.2760)
    [trial 2] 14 features, training_days=270 | threshold=0.546 | labels: 1206 long, 987 short (55/45%)
    [trial 2] Sharpe=-0.0952 (folds: 0.0119, -0.0158, -0.2715, -0.2233, 0.0226)
    [trial 3] 14 features, training_days=270 | threshold=0.600 | labels: 1206 long, 987 short (55/45%)
    [trial 3] Sharpe=-0.1533 (folds: -0.0704, -0.1192, -0.2746, -0.1557, -0.1464)
    [trial 4] 14 features, training_days=390 | threshold=0.764 | labels: 1206 long, 987 short (55/45%)
    [trial 4] Sharpe=-0.0887 (folds: 0.1951, -0.1861, -0.2557, 0.1074, -0.3043)
    [trial 5] 14 features, training_days=60 | threshold=0.603 | labels: 1206 long, 987 short (55/45%)
    [trial 5] Sharpe=-0.0682 (folds: 0.0711, -0.0068, -0.2266, -0.0839, -0.0948)
    [trial 6] 14 features, training_days=290 | threshold=0.738 | labels: 1206 long, 987 short (55/45%)
    [trial 6] Sharpe=0.1307 (folds: 0.3244, -0.2656, -0.2529, 0.9696, -0.1221)
    [trial 7] 14 features, training_days=70 | threshold=0.564 | labels: 1206 long, 987 short (55/45%)
    [trial 7] Sharpe=-0.1172 (folds: 0.0358, 0.0037, -0.2240, -0.2072, -0.1943)
    [trial 8] 14 features, training_days=440 | threshold=0.653 | labels: 1206 long, 987 short (55/45%)
    [trial 8] Sharpe=0.0623 (folds: 0.0680, 0.2905, -0.2127, 0.3986, -0.2327)[I 2026-05-06 02:26:04,531] Trial 8 finished with value: 0.06233247665576706 and parameters: {'confidence_threshold': 0.6525471176758836, 'training_days': 440, 'n_estimators': 116, 'max_depth': 4, 'num_leaves': 115, 'learning_rate': 0.010229952960863938, 'subsample': 0.5062159465415076, 'min_child_samples': 54, 'reg_alpha': 6.790626457822126e-06, 'reg_lambda': 1.7869141074987722e-05}. Best is trial 6 with value: 0.13067451607333697.
[I 2026-05-06 02:26:04,623] Trial 9 finished with value: -2.0323290359661206 and parameters: {'confidence_threshold': 0.7277571993354469, 'training_days': 360, 'n_estimators': 75, 'max_depth': 5, 'num_leaves': 41, 'learning_rate': 0.014186743931212992, 'subsample': 0.7445187273047605, 'min_child_samples': 22, 'reg_alpha': 0.02393227447113315, 'reg_lambda': 0.009236766173618426}. Best is trial 6 with value: 0.13067451607333697.
[I 2026-05-06 02:26:05,129] A new study created in memory with name: no-name-5a51b668-d26e-4c97-b2e5-7439c5be40e2
[I 2026-05-06 02:26:05,428] Trial 0 finished with value: -0.08218078199191667 and parameters: {'confidence_threshold': 0.7790993046299082, 'training_days': 230, 'n_estimators': 295, 'max_depth': 5, 'num_leaves': 83, 'learning_rate': 0.051543455158230854, 'subsample': 0.8773243492079463, 'min_child_samples': 10, 'reg_alpha': 0.034096514368237685, 'reg_lambda': 3.154180388637081e-05}. Best is trial 0 with value: -0.08218078199191667.
[I 2026-05-06 02:26:05,557] Trial 1 finished with value: 0.0012914217261380452 and parameters: {'confidence_threshold': 0.6929247853618086, 'training_days': 410, 'n_estimators': 233, 'max_depth': 5, 'num_leaves': 108, 'learning_rate': 0.013724237108071606, 'subsample': 0.7013182233636002, 'min_child_samples': 94, 'reg_alpha': 2.4040959529260723e-06, 'reg_lambda': 5.320966582161148}. Best is trial 1 with value: 0.0012914217261380452.
[I 2026-05-06 02:26:05,625] Trial 2 finished with value: -0.07083233316086981 and parameters: {'confidence_threshold': 0.546341527225763, 'training_days': 270, 'n_estimators': 120, 'max_depth': 4, 'num_leaves': 53, 'learning_rate': 0.060197068579343475, 'subsample': 0.588227873455941, 'min_child_samples': 91, 'reg_alpha': 2.3457771824819002e-08, 'reg_lambda': 1.1358840775642732e-08}. Best is trial 1 with value: 0.0012914217261380452.
[I 2026-05-06 02:26:05,805] Trial 3 finished with value: -0.053598218649149224 and parameters: {'confidence_threshold': 0.6000319676300473, 'training_days': 270, 'n_estimators': 382, 'max_depth': 4, 'num_leaves': 44, 'learning_rate': 0.09185046765032388, 'subsample': 0.6743651508646724, 'min_child_samples': 77, 'reg_alpha': 0.0013974578104212739, 'reg_lambda': 8.97190257982477e-08}. Best is trial 1 with value: 0.0012914217261380452.
[I 2026-05-06 02:26:06,174] Trial 4 finished with value: -0.08535219243663826 and parameters: {'confidence_threshold': 0.7642618789055509, 'training_days': 390, 'n_estimators': 464, 'max_depth': 5, 'num_leaves': 30, 'learning_rate': 0.024562383309704932, 'subsample': 0.8612975035964376, 'min_child_samples': 36, 'reg_alpha': 1.593999300080167, 'reg_lambda': 0.006081270362829788}. Best is trial 1 with value: 0.0012914217261380452.
[I 2026-05-06 02:26:06,327] Trial 5 finished with value: -0.06174026467065569 and parameters: {'confidence_threshold': 0.6029115860358569, 'training_days': 60, 'n_estimators': 441, 'max_depth': 3, 'num_leaves': 66, 'learning_rate': 0.044953114425778824, 'subsample': 0.7098948461279406, 'min_child_samples': 15, 'reg_alpha': 4.888753565548431e-07, 'reg_lambda': 4.198190642566389}. Best is trial 1 with value: 0.0012914217261380452.
[I 2026-05-06 02:26:06,579] Trial 6 finished with value: -0.09852840775055972 and parameters: {'confidence_threshold': 0.7376932868314098, 'training_days': 290, 'n_estimators': 249, 'max_depth': 5, 'num_leaves': 121, 'learning_rate': 0.015565840632862623, 'subsample': 0.8390183783709677, 'min_child_samples': 19, 'reg_alpha': 1.860444687368747e-08, 'reg_lambda': 2.7391483548058117e-06}. Best is trial 1 with value: 0.0012914217261380452.
[I 2026-05-06 02:26:06,617] Trial 7 finished with value: -0.1051405471995944 and parameters: {'confidence_threshold': 0.563503962036334, 'training_days': 70, 'n_estimators': 63, 'max_depth': 3, 'num_leaves': 47, 'learning_rate': 0.18074927623018475, 'subsample': 0.5059692991701257, 'min_child_samples': 9, 'reg_alpha': 3.6945804405602874e-08, 'reg_lambda': 0.027706035542028905}. Best is trial 1 with value: 0.0012914217261380452.
[I 2026-05-06 02:26:06,705] Trial 8 finished with value: -0.12533938736071168 and parameters: {'confidence_threshold': 0.6525471176758836, 'training_days': 440, 'n_estimators': 116, 'max_depth': 4, 'num_leaves': 115, 'learning_rate': 0.010229952960863938, 'subsample': 0.5062159465415076, 'min_child_samples': 54, 'reg_alpha': 6.790626457822126e-06, 'reg_lambda': 1.7869141074987722e-05}. Best is trial 1 with value: 0.0012914217261380452.
