[I 2026-05-06 02:22:23,741] Trial 9 finished with value: -0.0924434800095225 and parameters: {'confidence_threshold': 0.7277571993354469, 'training_days': 360, 'n_estimators': 75, 'max_depth': 5, 'num_leaves': 41, 'learning_rate': 0.014186743931212992, 'subsample': 0.7445187273047605, 'min_child_samples': 22, 'reg_alpha': 0.02393227447113315, 'reg_lambda': 0.009236766173618426}. Best is trial 0 with value: 0.07915329922140144.

    [trial 5] Sharpe=0.0872 (folds: -0.0982, 0.0210, 0.1926, 0.1015, 0.2191)
    [trial 6] 14 features, training_days=290 | threshold=0.738 | labels: 952 long, 1223 short (44/56%)
    [trial 6] Sharpe=0.0221 (folds: -0.0032, -0.1222, -0.1365, 0.0467, 0.3259)
    [trial 7] 14 features, training_days=70 | threshold=0.564 | labels: 952 long, 1223 short (44/56%)
    [trial 7] Sharpe=0.0957 (folds: 0.0116, 0.0839, 0.0913, 0.0968, 0.1947)
    [trial 8] 14 features, training_days=440 | threshold=0.653 | labels: 952 long, 1223 short (44/56%)
    [trial 8] Sharpe=0.0491 (folds: -0.1537, 0.0708, -0.1598, 0.1356, 0.3524)
    [trial 9] 14 features, training_days=360 | threshold=0.728 | labels: 952 long, 1223 short (44/56%)
    [trial 9] Sharpe=-2.0204 (folds: -0.2114, -10.0000, -0.1196, 0.1110, 0.1182)
  Optuna: 10 trials, best Sharpe = 0.0957
  Best params: n_estimators=63, max_depth=3, lr=0.1807, leaves=47
  Best confidence_threshold: 0.564
  Best training_days: 70
  Retrained on full data (210 samples, 14 features)
  Model trained for 2023-03: 93 test candles with features, confidence_threshold=0.564
[predict] 2023-03-01 08:00 MKRUSDT → LONG (proba=0.88 TP=11.3%/SL=5.7%)
[trade:open] 2023-03-01 15:59 MKRUSDT LONG @ 934.60 | SL=881.69 TP=1040.42 | timeout=2023-03-08 15:59
[trade:close] 2023-03-02 15:59 MKRUSDT LONG → stop_loss @ 881.69 | PnL=-5.66% (net -5.76%) | cum=-8.31% 2023-03=-5.76% 2023-03-02=-5.76%
[predict] 2023-03-04 00:00 MKRUSDT → LONG (proba=0.99 TP=13.0%/SL=6.5%)
[trade:open] 2023-03-04 07:59 MKRUSDT LONG @ 906.30 | SL=847.40 TP=1024.10 | timeout=2023-03-11 07:59
[trade:close] 2023-03-04 23:59 MKRUSDT LONG → stop_loss @ 847.40 | PnL=-6.50% (net -6.60%) | cum=-14.91% 2023-03=-12.36% 2023-03-04=-6.60%
[predict] 2023-03-06 08:00 MKRUSDT → LONG (proba=0.95 TP=13.0%/SL=6.5%)
[trade:open] 2023-03-06 15:59 MKRUSDT LONG @ 946.90 | SL=885.22 TP=1070.25 | timeout=2023-03-13 15:59
[trade:close] 2023-03-07 15:59 MKRUSDT LONG → stop_loss @ 885.22 | PnL=-6.51% (net -6.61%) | cum=-21.52% 2023-03=-18.97% 2023-03-07=-6.61%
[predict] 2023-03-10 08:00 MKRUSDT → LONG (proba=0.99 TP=16.9%/SL=8.5%)
[trade:open] 2023-03-10 15:59 MKRUSDT LONG @ 783.50 | SL=717.18 TP=916.15 | timeout=2023-03-17 15:59
[trade:close] 2023-03-11 07:59 MKRUSDT LONG → stop_loss @ 717.18 | PnL=-8.46% (net -8.56%) | cum=-30.09% 2023-03=-27.54% 2023-03-11=-8.56%
[lgbm] === Training for 2023-04 ===
  Train window: 2021-04-01 → 2023-04-01
  2175 training samples from 1 symbols
  Samples per month: 2021-04: 90, 2021-05: 93, 2021-06: 90, 2021-07: 93, 2021-08: 93, 2021-09: 90, 2021-10: 93, 2021-11: 90, 2021-12: 93, 2022-01: 93, 2022-02: 75, 2022-03: 93, 2022-04: 84, 2022-05: 93, 2022-06: 90, 2022-07: 93, 2022-08: 93, 2022-09: 90, 2022-10: 93, 2022-11: 90, 2022-12: 93, 2023-01: 93, 2023-02: 84, 2023-03: 93
  [label] 2021-06-01 16:00 MKRUSDT entry=3599.1000 → SHORT | long=sl(-15.24%) short=timeout(+10.02%) | scanned=22 | no_tp→fwd_return=-10.1164
  [label] 2021-06-04 00:00 MKRUSDT entry=3601.3000 → SHORT | long=sl(-13.45%) short=timeout(+14.87%) | scanned=22 | no_tp→fwd_return=-14.9668
  [label] 2021-06-07 16:00 MKRUSDT entry=3305.9000 → SHORT | long=sl(-12.36%) short=timeout(+3.18%) | scanned=22 | no_tp→fwd_return=-3.2790
  [label] 2021-07-02 16:00 MKRUSDT entry=2579.1000 → LONG | long=tp(+18.07%) short=sl(-9.18%) | scanned=11 | long_tp_only
  [label] 2021-08-24 00:00 MKRUSDT entry=3859.4000 → SHORT | long=sl(-6.06%) short=tp(+11.82%) | scanned=17 | short_tp_only
  [label] 2022-02-06 16:00 MKRUSDT entry=2244.4000 → SHORT | long=sl(-6.23%) short=tp(+12.16%) | scanned=15 | short_tp_only
  [label] 2022-02-10 16:00 MKRUSDT entry=2102.2000 → SHORT | long=sl(-6.48%) short=timeout(+6.26%) | scanned=22 | no_tp→fwd_return=-6.3552
  [label] 2022-02-21 08:00 MKRUSDT entry=1773.6000 → SHORT | long=sl(-7.03%) short=tp(+13.75%) | scanned=8 | short_tp_only
  [label] 2022-04-12 08:00 MKRUSDT entry=1874.9000 → SHORT | long=sl(-6.70%) short=sl(-6.70%) | scanned=17 | no_tp→fwd_return=-8.7045
  [label] 2022-04-21 00:00 MKRUSDT entry=1833.4000 → SHORT | long=sl(-5.97%) short=tp(+11.64%) | scanned=17 | short_tp_only
  [label] 2022-07-20 16:00 MKRUSDT entry=971.5000 → LONG | long=sl(-7.33%) short=timeout(-4.06%) | scanned=22 | no_tp→fwd_return=+3.9629
  [label] 2022-08-21 16:00 MKRUSDT entry=836.2000 → SHORT | long=sl(-6.99%) short=timeout(+11.81%) | scanned=22 | no_tp→fwd_return=-11.9110
  [label] 2022-09-06 16:00 MKRUSDT entry=727.8000 → SHORT | long=sl(-5.90%) short=sl(-5.90%) | scanned=21 | no_tp→fwd_return=-4.5480
  [label] 2022-09-19 16:00 MKRUSDT entry=627.6000 → LONG | long=sl(-6.15%) short=sl(-6.15%) | scanned=10 | no_tp→fwd_return=+6.4850
  [label] 2022-10-08 00:00 MKRUSDT entry=868.7000 → LONG | long=tp(+10.11%) short=sl(-5.21%) | scanned=5 | long_tp_only
  [label] 2022-10-14 08:00 MKRUSDT entry=900.0000 → LONG | long=tp(+15.15%) short=sl(-7.72%) | scanned=9 | long_tp_only
  [label] 2022-10-26 16:00 MKRUSDT entry=936.4000 → SHORT | long=sl(-6.39%) short=timeout(+10.45%) | scanned=22 | no_tp→fwd_return=-10.5510
  [label] 2022-12-05 08:00 MKRUSDT entry=642.2000 → SHORT | long=sl(-3.81%) short=tp(+7.32%) | scanned=20 | short_tp_only
  [label] 2022-12-15 08:00 MKRUSDT entry=594.1000 → SHORT | long=sl(-3.71%) short=tp(+7.12%) | scanned=4 | short_tp_only
  [label] 2023-03-11 16:00 MKRUSDT entry=721.4000 → LONG | long=tp(+22.24%) short=sl(-11.27%) | scanned=3 | long_tp_only
  Labels: 946 long (43.5%), 1229 short (56.5%) | weights: min=1.00, mean=2.21, max=10.00
  Features: 2175/2175 matched, 14 columns
  CV gap: 22 rows
    [trial 0] 14 features, training_days=230 | threshold=0.779 | labels: 946 long, 1229 short (43/57%)
    [CV fold 0] train_end=2021-07-24 00:00 | val_start=2021-07-31 16:00 | gap=184h (22 rows)
    [CV fold 1] train_end=2021-11-21 16:00 | val_start=2021-11-29 08:00 | gap=184h (22 rows)
    [CV fold 2] train_end=2022-03-25 08:00 | val_start=2022-04-04 00:00 | gap=232h (22 rows)
    [CV fold 3] train_end=2022-07-26 00:00 | val_start=2022-08-02 16:00 | gap=184h (22 rows)
    [CV fold 4] train_end=2022-11-23 16:00 | val_start=2022-12-01 08:00 | gap=184h (22 rows)
    [trial 0] Sharpe=0.0792 (folds: -0.0200, -0.0549, 0.0901, 0.0971, 0.2835)
    [trial 1] 14 features, training_days=410 | threshold=0.693 | labels: 946 long, 1229 short (43/57%)
    [trial 1] Sharpe=0.0077 (folds: -0.0183, 0.0330, -0.2757, 0.1669, 0.1325)
    [trial 2] 14 features, training_days=270 | threshold=0.546 | labels: 946 long, 1229 short (43/57%)
    [trial 2] Sharpe=-0.0510 (folds: -0.1171, -0.0402, -0.1583, 0.0083, 0.0523)
    [trial 3] 14 features, training_days=270 | threshold=0.600 | labels: 946 long, 1229 short (43/57%)
    [trial 3] Sharpe=0.0041 (folds: -0.0671, 0.0016, -0.1011, 0.0284, 0.1585)
    [trial 4] 14 features, training_days=390 | threshold=0.764 | labels: 946 long, 1229 short (43/57%)
    [trial 4] Sharpe=0.0408 (folds: 0.0453, -0.0421, -0.1721, 0.1815, 0.1913)
    [trial 5] 14 features, training_days=60 | threshold=0.603 | labels: 946 long, 1229 short (43/57%)
    [trial 5] Sharpe=-0.1235 (folds: -0.1773, -0.0681, -0.1219, -0.4918, 0.2415)
    [trial 6] 14 features, training_days=290 | threshold=0.738 | labels: 946 long, 1229 short (43/57%)
    [trial 6] Sharpe=-0.0234 (folds: -0.0369, -0.1754, -0.1003, 0.0978, 0.0976)
    [trial 7] 14 features, training_days=70 | threshold=0.564 | labels: 946 long, 1229 short (43/57%)
    [trial 7] Sharpe=-0.0974 (folds: -0.1003, -0.0897, -0.0753, -0.4496, 0.2277)
    [trial 8] 14 features, training_days=440 | threshold=0.653 | labels: 946 long, 1229 short (43/57%)
    [trial 8] Sharpe=0.0209 (folds: -0.0554, -0.1219, -0.1882, 0.2257, 0.2443)
    [trial 9] 14 features, training_days=360 | threshold=0.728 | labels: 946 long, 1229 short (43/57%)
    [trial 9] Sharpe=-0.0924 (folds: -0.0661, -0.8065, -0.0709, 0.1580, 0.3233)
  Optuna: 10 trials, best Sharpe = 0.0792
  Best params: n_estimators=295, max_depth=5, lr=0.0515, leaves=83
  Best confidence_threshold: 0.779
  Best training_days: 230
  Retrained on full data (690 samples, 14 features)
  Model trained for 2023-04: 90 test candles with features, confidence_threshold=0.779[I 2026-05-06 02:22:24,074] A new study created in memory with name: no-name-c354b050-f68d-4167-9687-224b71c9217a
[I 2026-05-06 02:22:24,349] Trial 0 finished with value: 0.022997860657438144 and parameters: {'confidence_threshold': 0.7790993046299082, 'training_days': 230, 'n_estimators': 295, 'max_depth': 5, 'num_leaves': 83, 'learning_rate': 0.051543455158230854, 'subsample': 0.8773243492079463, 'min_child_samples': 10, 'reg_alpha': 0.034096514368237685, 'reg_lambda': 3.154180388637081e-05}. Best is trial 0 with value: 0.022997860657438144.
[I 2026-05-06 02:22:24,491] Trial 1 finished with value: -0.11885076566728126 and parameters: {'confidence_threshold': 0.6929247853618086, 'training_days': 410, 'n_estimators': 233, 'max_depth': 5, 'num_leaves': 108, 'learning_rate': 0.013724237108071606, 'subsample': 0.7013182233636002, 'min_child_samples': 94, 'reg_alpha': 2.4040959529260723e-06, 'reg_lambda': 5.320966582161148}. Best is trial 0 with value: 0.022997860657438144.
[I 2026-05-06 02:22:24,555] Trial 2 finished with value: -0.019219105150452415 and parameters: {'confidence_threshold': 0.546341527225763, 'training_days': 270, 'n_estimators': 120, 'max_depth': 4, 'num_leaves': 53, 'learning_rate': 0.060197068579343475, 'subsample': 0.588227873455941, 'min_child_samples': 91, 'reg_alpha': 2.3457771824819002e-08, 'reg_lambda': 1.1358840775642732e-08}. Best is trial 0 with value: 0.022997860657438144.
[I 2026-05-06 02:22:24,727] Trial 3 finished with value: -0.019484029128661238 and parameters: {'confidence_threshold': 0.6000319676300473, 'training_days': 270, 'n_estimators': 382, 'max_depth': 4, 'num_leaves': 44, 'learning_rate': 0.09185046765032388, 'subsample': 0.6743651508646724, 'min_child_samples': 77, 'reg_alpha': 0.0013974578104212739, 'reg_lambda': 8.97190257982477e-08}. Best is trial 0 with value: 0.022997860657438144.
[I 2026-05-06 02:22:25,118] Trial 4 finished with value: 0.03319015030039177 and parameters: {'confidence_threshold': 0.7642618789055509, 'training_days': 390, 'n_estimators': 464, 'max_depth': 5, 'num_leaves': 30, 'learning_rate': 0.024562383309704932, 'subsample': 0.8612975035964376, 'min_child_samples': 36, 'reg_alpha': 1.593999300080167, 'reg_lambda': 0.006081270362829788}. Best is trial 4 with value: 0.03319015030039177.
[I 2026-05-06 02:22:25,265] Trial 5 finished with value: -0.09237514803961955 and parameters: {'confidence_threshold': 0.6029115860358569, 'training_days': 60, 'n_estimators': 441, 'max_depth': 3, 'num_leaves': 66, 'learning_rate': 0.044953114425778824, 'subsample': 0.7098948461279406, 'min_child_samples': 15, 'reg_alpha': 4.888753565548431e-07, 'reg_lambda': 4.198190642566389}. Best is trial 4 with value: 0.03319015030039177.
[I 2026-05-06 02:22:25,499] Trial 6 finished with value: -0.06176146456928657 and parameters: {'confidence_threshold': 0.7376932868314098, 'training_days': 290, 'n_estimators': 249, 'max_depth': 5, 'num_leaves': 121, 'learning_rate': 0.015565840632862623, 'subsample': 0.8390183783709677, 'min_child_samples': 19, 'reg_alpha': 1.860444687368747e-08, 'reg_lambda': 2.7391483548058117e-06}. Best is trial 4 with value: 0.03319015030039177.
[I 2026-05-06 02:22:25,533] Trial 7 finished with value: -0.10519602954841605 and parameters: {'confidence_threshold': 0.563503962036334, 'training_days': 70, 'n_estimators': 63, 'max_depth': 3, 'num_leaves': 47, 'learning_rate': 0.18074927623018475, 'subsample': 0.5059692991701257, 'min_child_samples': 9, 'reg_alpha': 3.6945804405602874e-08, 'reg_lambda': 0.027706035542028905}. Best is trial 4 with value: 0.03319015030039177.
[I 2026-05-06 02:22:25,622] Trial 8 finished with value: -0.2892648255078898 and parameters: {'confidence_threshold': 0.6525471176758836, 'training_days': 440, 'n_estimators': 116, 'max_depth': 4, 'num_leaves': 115, 'learning_rate': 0.010229952960863938, 'subsample': 0.5062159465415076, 'min_child_samples': 54, 'reg_alpha': 6.790626457822126e-06, 'reg_lambda': 1.7869141074987722e-05}. Best is trial 4 with value: 0.03319015030039177.
[I 2026-05-06 02:22:25,723] Trial 9 finished with value: -2.2668344718653612 and parameters: {'confidence_threshold': 0.7277571993354469, 'training_days': 360, 'n_estimators': 75, 'max_depth': 5, 'num_leaves': 41, 'learning_rate': 0.014186743931212992, 'subsample': 0.7445187273047605, 'min_child_samples': 22, 'reg_alpha': 0.02393227447113315, 'reg_lambda': 0.009236766173618426}. Best is trial 4 with value: 0.03319015030039177.

[lgbm] === Training for 2023-05 ===
  Train window: 2021-05-01 → 2023-05-01
  2175 training samples from 1 symbols
  Samples per month: 2021-05: 93, 2021-06: 90, 2021-07: 93, 2021-08: 93, 2021-09: 90, 2021-10: 93, 2021-11: 90, 2021-12: 93, 2022-01: 93, 2022-02: 75, 2022-03: 93, 2022-04: 84, 2022-05: 93, 2022-06: 90, 2022-07: 93, 2022-08: 93, 2022-09: 90, 2022-10: 93, 2022-11: 90, 2022-12: 93, 2023-01: 93, 2023-02: 84, 2023-03: 93, 2023-04: 90
  [label] 2021-07-01 16:00 MKRUSDT entry=2500.4000 → LONG | long=tp(+19.11%) short=sl(-9.70%) | scanned=13 | long_tp_only
  [label] 2021-07-04 00:00 MKRUSDT entry=2771.8000 → SHORT | long=timeout(-4.64%) short=sl(-8.21%) | scanned=22 | no_tp→fwd_return=-4.5422
  [label] 2021-07-07 16:00 MKRUSDT entry=2864.5000 → SHORT | long=sl(-8.18%) short=tp(+16.07%) | scanned=19 | short_tp_only
  [label] 2021-08-01 16:00 MKRUSDT entry=2890.3000 → LONG | long=tp(+12.10%) short=sl(-6.20%) | scanned=12 | long_tp_only
  [label] 2021-09-23 00:00 MKRUSDT entry=2561.1000 → SHORT | long=sl(-8.33%) short=timeout(+11.26%) | scanned=22 | no_tp→fwd_return=-11.3584
  [label] 2022-03-11 16:00 MKRUSDT entry=1746.0000 → LONG | long=tp(+14.50%) short=sl(-7.40%) | scanned=15 | long_tp_only
  [label] 2022-03-15 16:00 MKRUSDT entry=1784.5000 → LONG | long=tp(+12.67%) short=sl(-6.48%) | scanned=3 | long_tp_only
  [label] 2022-03-26 08:00 MKRUSDT entry=1983.1000 → LONG | long=tp(+9.80%) short=sl(-5.05%) | scanned=6 | long_tp_only
  [label] 2022-05-12 08:00 MKRUSDT entry=1212.4000 → LONG | long=tp(+37.38%) short=sl(-18.84%) | scanned=2 | long_tp_only
  [label] 2022-05-21 00:00 MKRUSDT entry=1396.3000 → SHORT | long=sl(-12.96%) short=timeout(+16.33%) | scanned=22 | no_tp→fwd_return=-16.4291
  [label] 2022-08-19 16:00 MKRUSDT entry=834.3000 → SHORT | long=sl(-7.81%) short=timeout(+8.79%) | scanned=22 | no_tp→fwd_return=-8.8937
  [label] 2022-09-20 16:00 MKRUSDT entry=609.2000 → LONG | long=tp(+12.52%) short=sl(-6.41%) | scanned=11 | long_tp_only
  [label] 2022-10-06 16:00 MKRUSDT entry=842.5000 → LONG | long=tp(+10.52%) short=sl(-5.41%) | scanned=9 | long_tp_only
  [label] 2022-10-19 16:00 MKRUSDT entry=1087.1000 → SHORT | long=sl(-6.27%) short=tp(+12.23%) | scanned=11 | short_tp_only
  [label] 2022-11-07 00:00 MKRUSDT entry=823.3000 → SHORT | long=sl(-5.74%) short=tp(+11.18%) | scanned=5 | short_tp_only
  [label] 2022-11-13 08:00 MKRUSDT entry=688.4000 → SHORT | long=timeout(-3.89%) short=timeout(+3.69%) | scanned=22 | no_tp→fwd_return=-3.7914
  [label] 2022-11-25 16:00 MKRUSDT entry=646.0000 → SHORT | long=timeout(-0.19%) short=timeout(-0.01%) | scanned=22 | no_tp→fwd_return=-0.0929
  [label] 2023-01-04 08:00 MKRUSDT entry=517.3000 → LONG | long=tp(+6.34%) short=sl(-3.32%) | scanned=10 | long_tp_only
  [label] 2023-01-14 08:00 MKRUSDT entry=708.3000 → SHORT | long=sl(-5.22%) short=tp(+10.15%) | scanned=13 | short_tp_only
  [label] 2023-04-10 16:00 MKRUSDT entry=726.1000 → LONG | long=sl(-4.23%) short=sl(-4.23%) | scanned=10 | no_tp→fwd_return=+6.9274
  Labels: 935 long (43.0%), 1240 short (57.0%) | weights: min=1.00, mean=2.15, max=10.00
  Features: 2175/2175 matched, 14 columns
  CV gap: 22 rows
    [trial 0] 14 features, training_days=230 | threshold=0.779 | labels: 935 long, 1240 short (43/57%)
    [CV fold 0] train_end=2021-08-23 00:00 | val_start=2021-08-30 16:00 | gap=184h (22 rows)
    [CV fold 1] train_end=2021-12-21 16:00 | val_start=2021-12-29 08:00 | gap=184h (22 rows)
    [CV fold 2] train_end=2022-04-26 08:00 | val_start=2022-05-04 00:00 | gap=184h (22 rows)
    [CV fold 3] train_end=2022-08-25 00:00 | val_start=2022-09-01 16:00 | gap=184h (22 rows)
    [CV fold 4] train_end=2022-12-23 16:00 | val_start=2022-12-31 08:00 | gap=184h (22 rows)
    [trial 0] Sharpe=0.0230 (folds: 0.0812, -0.2479, 0.1078, 0.1458, 0.0280)
    [trial 1] 14 features, training_days=410 | threshold=0.693 | labels: 935 long, 1240 short (43/57%)
    [trial 1] Sharpe=-0.1189 (folds: -0.1055, -0.4777, 0.0268, 0.0137, -0.0514)
    [trial 2] 14 features, training_days=270 | threshold=0.546 | labels: 935 long, 1240 short (43/57%)
    [trial 2] Sharpe=-0.0192 (folds: -0.1158, -0.2581, 0.1138, 0.1032, 0.0609)
    [trial 3] 14 features, training_days=270 | threshold=0.600 | labels: 935 long, 1240 short (43/57%)
    [trial 3] Sharpe=-0.0195 (folds: -0.0354, -0.2902, 0.1569, 0.1055, -0.0343)
    [trial 4] 14 features, training_days=390 | threshold=0.764 | labels: 935 long, 1240 short (43/57%)
    [trial 4] Sharpe=0.0332 (folds: 0.1045, -0.2555, 0.1035, 0.1899, 0.0235)
    [trial 5] 14 features, training_days=60 | threshold=0.603 | labels: 935 long, 1240 short (43/57%)
    [trial 5] Sharpe=-0.0924 (folds: -0.1673, -0.1841, -0.0549, 0.0105, -0.0660)
    [trial 6] 14 features, training_days=290 | threshold=0.738 | labels: 935 long, 1240 short (43/57%)
    [trial 6] Sharpe=-0.0618 (folds: 0.0603, -0.2628, -0.0897, 0.0342, -0.0508)
    [trial 7] 14 features, training_days=70 | threshold=0.564 | labels: 935 long, 1240 short (43/57%)
    [trial 7] Sharpe=-0.1052 (folds: -0.1799, -0.2115, -0.0591, 0.0178, -0.0934)
    [trial 8] 14 features, training_days=440 | threshold=0.653 | labels: 935 long, 1240 short (43/57%)
    [trial 8] Sharpe=-0.2893 (folds: -0.0860, -0.2511, -0.7682, 0.2016, -0.5426)
    [trial 9] 14 features, training_days=360 | threshold=0.728 | labels: 935 long, 1240 short (43/57%)
    [trial 9] Sharpe=-2.2668 (folds: -0.1362, -0.6376, -10.0000, -0.0629, -0.4975)
  Optuna: 10 trials, best Sharpe = 0.0332
  Best params: n_estimators=464, max_depth=5, lr=0.0246, leaves=30
  Best confidence_threshold: 0.764
  Best training_days: 390
  Retrained on full data (1170 samples, 14 features)
  Model trained for 2023-05: 93 test candles with features, confidence_threshold=0.764
[lgbm] === Training for 2023-06 ===
  Train window: 2021-06-01 → 2023-06-01
  2175 training samples from 1 symbols
  Samples per month: 2021-06: 90, 2021-07: 93, 2021-08: 93, 2021-09: 90, 2021-10: 93, 2021-11: 90, 2021-12: 93, 2022-01: 93, 2022-02: 75, 2022-03: 93, 2022-04: 84, 2022-05: 93, 2022-06: 90, 2022-07: 93, 2022-08: 93, 2022-09: 90, 2022-10: 93, 2022-11: 90, 2022-12: 93, 2023-01: 93, 2023-02: 84, 2023-03: 93, 2023-04: 90, 2023-05: 93
  [label] 2021-08-01 16:00 MKRUSDT entry=2890.3000 → LONG | long=tp(+12.10%) short=sl(-6.20%) | scanned=12 | long_tp_only
  [label] 2021-08-04 00:00 MKRUSDT entry=2762.7000 → LONG | long=tp(+12.53%) short=sl(-6.41%) | scanned=5 | long_tp_only
  [label] 2021-08-07 16:00 MKRUSDT entry=3412.0000 → LONG | long=sl(-6.14%) short=sl(-6.14%) | scanned=17 | no_tp→fwd_return=+5.6301
  [label] 2021-09-01 16:00 MKRUSDT entry=3697.8000 → SHORT | long=sl(-5.92%) short=tp(+11.54%) | scanned=17 | short_tp_only
  [label] 2021-10-24 00:00 MKRUSDT entry=2508.3000 → SHORT | long=sl(-4.65%) short=tp(+9.00%) | scanned=10 | short_tp_only
  [label] 2022-04-13 16:00 MKRUSDT entry=1933.6000 → SHORT | long=sl(-6.35%) short=tp(+12.39%) | scanned=13 | short_tp_only
  [label] 2022-04-17 16:00 MKRUSDT entry=1787.0000 → SHORT | long=timeout(-3.37%) short=sl(-6.31%) | scanned=22 | no_tp→fwd_return=-3.2680
  [label] 2022-04-28 08:00 MKRUSDT entry=1618.9000 → SHORT | long=sl(-6.51%) short=tp(+12.71%) | scanned=7 | short_tp_only
  [label] 2022-06-12 08:00 MKRUSDT entry=965.3000 → SHORT | long=sl(-8.94%) short=tp(+17.58%) | scanned=2 | short_tp_only
  [label] 2022-06-21 00:00 MKRUSDT entry=915.0000 → LONG | long=timeout(+8.83%) short=sl(-10.80%) | scanned=22 | no_tp→fwd_return=+8.9290
  [label] 2022-09-19 16:00 MKRUSDT entry=627.6000 → LONG | long=sl(-6.15%) short=sl(-6.15%) | scanned=10 | no_tp→fwd_return=+6.4850
  [label] 2022-10-21 16:00 MKRUSDT entry=1014.6000 → SHORT | long=sl(-6.34%) short=tp(+12.39%) | scanned=19 | short_tp_only
  [label] 2022-11-06 16:00 MKRUSDT entry=844.8000 → SHORT | long=sl(-5.56%) short=tp(+10.83%) | scanned=6 | short_tp_only
  [label] 2022-11-19 16:00 MKRUSDT entry=682.1000 → SHORT | long=sl(-7.32%) short=timeout(+6.10%) | scanned=22 | no_tp→fwd_return=-6.2014
  [label] 2022-12-08 00:00 MKRUSDT entry=609.4000 → SHORT | long=sl(-3.77%) short=timeout(+0.08%) | scanned=22 | no_tp→fwd_return=-0.1805[I 2026-05-06 02:22:26,090] A new study created in memory with name: no-name-a1025da6-e5de-4deb-8926-da594325e38a
[I 2026-05-06 02:22:26,354] Trial 0 finished with value: -0.04135095554624108 and parameters: {'confidence_threshold': 0.7790993046299082, 'training_days': 230, 'n_estimators': 295, 'max_depth': 5, 'num_leaves': 83, 'learning_rate': 0.051543455158230854, 'subsample': 0.8773243492079463, 'min_child_samples': 10, 'reg_alpha': 0.034096514368237685, 'reg_lambda': 3.154180388637081e-05}. Best is trial 0 with value: -0.04135095554624108.
