[I 2026-05-06 02:23:41,783] Trial 1 finished with value: -0.121102036754974 and parameters: {'confidence_threshold': 0.6929247853618086, 'training_days': 410, 'n_estimators': 233, 'max_depth': 5, 'num_leaves': 108, 'learning_rate': 0.013724237108071606, 'subsample': 0.7013182233636002, 'min_child_samples': 94, 'reg_alpha': 2.4040959529260723e-06, 'reg_lambda': 5.320966582161148}. Best is trial 0 with value: -0.08169680556855338.
[I 2026-05-06 02:23:41,851] Trial 2 finished with value: -0.08552244199090717 and parameters: {'confidence_threshold': 0.546341527225763, 'training_days': 270, 'n_estimators': 120, 'max_depth': 4, 'num_leaves': 53, 'learning_rate': 0.060197068579343475, 'subsample': 0.588227873455941, 'min_child_samples': 91, 'reg_alpha': 2.3457771824819002e-08, 'reg_lambda': 1.1358840775642732e-08}. Best is trial 0 with value: -0.08169680556855338.
[I 2026-05-06 02:23:42,026] Trial 3 finished with value: -0.03974882016943967 and parameters: {'confidence_threshold': 0.6000319676300473, 'training_days': 270, 'n_estimators': 382, 'max_depth': 4, 'num_leaves': 44, 'learning_rate': 0.09185046765032388, 'subsample': 0.6743651508646724, 'min_child_samples': 77, 'reg_alpha': 0.0013974578104212739, 'reg_lambda': 8.97190257982477e-08}. Best is trial 3 with value: -0.03974882016943967.
[I 2026-05-06 02:23:42,421] Trial 4 finished with value: -0.06853445723069483 and parameters: {'confidence_threshold': 0.7642618789055509, 'training_days': 390, 'n_estimators': 464, 'max_depth': 5, 'num_leaves': 30, 'learning_rate': 0.024562383309704932, 'subsample': 0.8612975035964376, 'min_child_samples': 36, 'reg_alpha': 1.593999300080167, 'reg_lambda': 0.006081270362829788}. Best is trial 3 with value: -0.03974882016943967.
[I 2026-05-06 02:23:42,559] Trial 5 finished with value: -0.019363991432505778 and parameters: {'confidence_threshold': 0.6029115860358569, 'training_days': 60, 'n_estimators': 441, 'max_depth': 3, 'num_leaves': 66, 'learning_rate': 0.044953114425778824, 'subsample': 0.7098948461279406, 'min_child_samples': 15, 'reg_alpha': 4.888753565548431e-07, 'reg_lambda': 4.198190642566389}. Best is trial 5 with value: -0.019363991432505778.
[I 2026-05-06 02:23:42,826] Trial 6 finished with value: -0.16195999386401883 and parameters: {'confidence_threshold': 0.7376932868314098, 'training_days': 290, 'n_estimators': 249, 'max_depth': 5, 'num_leaves': 121, 'learning_rate': 0.015565840632862623, 'subsample': 0.8390183783709677, 'min_child_samples': 19, 'reg_alpha': 1.860444687368747e-08, 'reg_lambda': 2.7391483548058117e-06}. Best is trial 5 with value: -0.019363991432505778.
[I 2026-05-06 02:23:42,861] Trial 7 finished with value: -0.03445878793688038 and parameters: {'confidence_threshold': 0.563503962036334, 'training_days': 70, 'n_estimators': 63, 'max_depth': 3, 'num_leaves': 47, 'learning_rate': 0.18074927623018475, 'subsample': 0.5059692991701257, 'min_child_samples': 9, 'reg_alpha': 3.6945804405602874e-08, 'reg_lambda': 0.027706035542028905}. Best is trial 5 with value: -0.019363991432505778.
[I 2026-05-06 02:23:42,959] Trial 8 finished with value: -0.11485526005822129 and parameters: {'confidence_threshold': 0.6525471176758836, 'training_days': 440, 'n_estimators': 116, 'max_depth': 4, 'num_leaves': 115, 'learning_rate': 0.010229952960863938, 'subsample': 0.5062159465415076, 'min_child_samples': 54, 'reg_alpha': 6.790626457822126e-06, 'reg_lambda': 1.7869141074987722e-05}. Best is trial 5 with value: -0.019363991432505778.
[I 2026-05-06 02:23:43,061] Trial 9 finished with value: 0.06077052966812978 and parameters: {'confidence_threshold': 0.7277571993354469, 'training_days': 360, 'n_estimators': 75, 'max_depth': 5, 'num_leaves': 41, 'learning_rate': 0.014186743931212992, 'subsample': 0.7445187273047605, 'min_child_samples': 22, 'reg_alpha': 0.02393227447113315, 'reg_lambda': 0.009236766173618426}. Best is trial 9 with value: 0.06077052966812978.

  [label] 2022-12-02 08:00 LDOUSDT entry=1.1086 → SHORT | long=sl(-6.01%) short=timeout(+5.98%) | scanned=22 | no_tp→fwd_return=-6.0797
  [label] 2022-12-04 16:00 LDOUSDT entry=1.1055 → SHORT | long=sl(-5.14%) short=timeout(+6.82%) | scanned=22 | no_tp→fwd_return=-6.9199
  [label] 2022-12-08 08:00 LDOUSDT entry=1.0266 → LONG | long=tp(+10.20%) short=sl(-5.25%) | scanned=17 | long_tp_only
  [label] 2023-01-02 08:00 LDOUSDT entry=1.2174 → LONG | long=tp(+11.41%) short=sl(-5.85%) | scanned=5 | long_tp_only
  [label] 2023-02-24 08:00 LDOUSDT entry=2.8380 → LONG | long=timeout(+2.56%) short=sl(-10.74%) | scanned=22 | no_tp→fwd_return=+2.6603
  [label] 2023-08-11 08:00 LDOUSDT entry=1.8371 → SHORT | long=sl(-3.71%) short=tp(+7.13%) | scanned=13 | short_tp_only
  [label] 2023-08-15 08:00 LDOUSDT entry=1.8155 → SHORT | long=sl(-3.00%) short=tp(+5.70%) | scanned=1 | short_tp_only
  [label] 2023-08-26 00:00 LDOUSDT entry=1.5845 → SHORT | long=sl(-5.00%) short=sl(-5.00%) | scanned=20 | no_tp→fwd_return=-3.4522
  [label] 2023-10-10 08:00 LDOUSDT entry=1.5327 → LONG | long=tp(+8.23%) short=sl(-4.27%) | scanned=18 | long_tp_only
  [label] 2023-10-19 00:00 LDOUSDT entry=1.4781 → LONG | long=tp(+7.87%) short=sl(-4.09%) | scanned=7 | long_tp_only
  [label] 2024-01-18 16:00 LDOUSDT entry=3.0316 → SHORT | long=sl(-9.63%) short=timeout(+1.55%) | scanned=22 | no_tp→fwd_return=-1.6526
  [label] 2024-02-19 16:00 LDOUSDT entry=3.4041 → SHORT | long=sl(-5.19%) short=tp(+10.09%) | scanned=2 | short_tp_only
  [label] 2024-03-07 00:00 LDOUSDT entry=3.3435 → SHORT | long=timeout(-1.16%) short=sl(-8.30%) | scanned=22 | no_tp→fwd_return=-1.0558
  [label] 2024-03-20 00:00 LDOUSDT entry=2.4325 → LONG | long=tp(+22.06%) short=sl(-11.18%) | scanned=7 | long_tp_only
  [label] 2024-04-07 16:00 LDOUSDT entry=2.6963 → SHORT | long=sl(-7.46%) short=sl(-7.46%) | scanned=11 | no_tp→fwd_return=-6.8130
  [label] 2024-04-14 00:00 LDOUSDT entry=2.0016 → LONG | long=timeout(+5.50%) short=timeout(-5.70%) | scanned=22 | no_tp→fwd_return=+5.5955
  [label] 2024-04-26 08:00 LDOUSDT entry=1.9701 → SHORT | long=sl(-7.53%) short=sl(-7.53%) | scanned=13 | no_tp→fwd_return=-5.0708
  [label] 2024-06-05 08:00 LDOUSDT entry=2.2552 → SHORT | long=sl(-7.24%) short=tp(+14.17%) | scanned=7 | short_tp_only
  [label] 2024-06-15 08:00 LDOUSDT entry=2.0517 → SHORT | long=sl(-7.69%) short=sl(-7.69%) | scanned=8 | no_tp→fwd_return=-0.0926
  [label] 2024-09-10 08:00 LDOUSDT entry=0.9920 → LONG | long=timeout(+1.58%) short=sl(-6.31%) | scanned=22 | no_tp→fwd_return=+1.6835
  Labels: 1074 long (49.0%), 1119 short (51.0%) | weights: min=1.00, mean=3.57, max=10.00
  Features: 2193/2193 matched, 14 columns
  CV gap: 22 rows
    [trial 0] 14 features, training_days=230 | threshold=0.779 | labels: 1074 long, 1119 short (49/51%)
    [CV fold 0] train_end=2023-01-24 00:00 | val_start=2023-01-31 16:00 | gap=184h (22 rows)
    [CV fold 1] train_end=2023-05-25 16:00 | val_start=2023-06-02 08:00 | gap=184h (22 rows)
    [CV fold 2] train_end=2023-09-24 08:00 | val_start=2023-10-02 00:00 | gap=184h (22 rows)
    [CV fold 3] train_end=2024-01-24 00:00 | val_start=2024-01-31 16:00 | gap=184h (22 rows)
    [CV fold 4] train_end=2024-05-24 16:00 | val_start=2024-06-01 08:00 | gap=184h (22 rows)
    [trial 0] Sharpe=-0.0817 (folds: 0.1036, 0.0373, -0.2711, -0.1285, -0.1498)
    [trial 1] 14 features, training_days=410 | threshold=0.693 | labels: 1074 long, 1119 short (49/51%)
    [trial 1] Sharpe=-0.1211 (folds: -0.0524, -0.2430, -0.0443, -0.3739, 0.1081)
    [trial 2] 14 features, training_days=270 | threshold=0.546 | labels: 1074 long, 1119 short (49/51%)
    [trial 2] Sharpe=-0.0855 (folds: 0.0889, -0.1139, -0.2776, -0.1030, -0.0220)
    [trial 3] 14 features, training_days=270 | threshold=0.600 | labels: 1074 long, 1119 short (49/51%)
    [trial 3] Sharpe=-0.0397 (folds: 0.1483, 0.0033, -0.2097, -0.1018, -0.0389)
    [trial 4] 14 features, training_days=390 | threshold=0.764 | labels: 1074 long, 1119 short (49/51%)
    [trial 4] Sharpe=-0.0685 (folds: 0.0602, -0.1121, -0.1193, -0.1740, 0.0025)
    [trial 5] 14 features, training_days=60 | threshold=0.603 | labels: 1074 long, 1119 short (49/51%)
    [trial 5] Sharpe=-0.0194 (folds: -0.1001, 0.0735, -0.1176, -0.1013, 0.1486)
    [trial 6] 14 features, training_days=290 | threshold=0.738 | labels: 1074 long, 1119 short (49/51%)
    [trial 6] Sharpe=-0.1620 (folds: 0.1959, -0.4093, -0.2927, -0.2176, -0.0861)
    [trial 7] 14 features, training_days=70 | threshold=0.564 | labels: 1074 long, 1119 short (49/51%)
    [trial 7] Sharpe=-0.0345 (folds: -0.0334, 0.1742, -0.1452, -0.1136, -0.0544)
    [trial 8] 14 features, training_days=440 | threshold=0.653 | labels: 1074 long, 1119 short (49/51%)
    [trial 8] Sharpe=-0.1149 (folds: -0.0036, -0.5098, -0.1796, -0.1240, 0.2428)
    [trial 9] 14 features, training_days=360 | threshold=0.728 | labels: 1074 long, 1119 short (49/51%)
    [trial 9] Sharpe=0.0608 (folds: 0.5374, -0.4203, -0.0242, -0.0970, 0.3081)
  Optuna: 10 trials, best Sharpe = 0.0608
  Best params: n_estimators=75, max_depth=5, lr=0.0142, leaves=41
  Best confidence_threshold: 0.728
  Best training_days: 360
  Retrained on full data (1080 samples, 14 features)
  Model trained for 2024-10: 93 test candles with features, confidence_threshold=0.728
[trade:close] 2024-10-01 15:59 LDOUSDT SHORT → take_profit @ 1.17 | PnL=+11.78% (net +11.68%) | cum=-0.35% 2024-10=+11.68% 2024-10-01=+11.68%
[predict] 2024-10-03 00:00 LDOUSDT → SHORT (proba=0.75 TP=17.9%/SL=8.9%)
[trade:open] 2024-10-03 07:59 LDOUSDT SHORT @ 1.02 | SL=1.11 TP=0.84 | timeout=2024-10-10 07:59
[trade:close] 2024-10-07 07:59 LDOUSDT SHORT → stop_loss @ 1.11 | PnL=-8.95% (net -9.05%) | cum=-9.40% 2024-10=+2.64% 2024-10-07=-9.05%
[predict] 2024-10-08 16:00 LDOUSDT → SHORT (proba=0.77 TP=13.6%/SL=6.8%)
[trade:open] 2024-10-08 23:59 LDOUSDT SHORT @ 1.07 | SL=1.14 TP=0.92 | timeout=2024-10-15 23:59
[trade:close] 2024-10-14 15:59 LDOUSDT SHORT → stop_loss @ 1.14 | PnL=-6.82% (net -6.92%) | cum=-16.32% 2024-10=-4.28% 2024-10-14=-6.92%
[predict] 2024-10-30 08:00 LDOUSDT → LONG (proba=0.76 TP=11.3%/SL=5.7%)
[trade:open] 2024-10-30 15:59 LDOUSDT LONG @ 1.13 | SL=1.07 TP=1.26 | timeout=2024-11-06 15:59
[trade:close] 2024-10-31 15:59 LDOUSDT LONG → stop_loss @ 1.07 | PnL=-5.66% (net -5.76%) | cum=-22.08% 2024-10=-10.04% 2024-10-31=-5.76%
[lgbm] === Training for 2024-11 ===
  Train window: 2022-11-01 → 2024-11-01
  2193 training samples from 1 symbols
  Samples per month: 2022-11: 90, 2022-12: 93, 2023-01: 93, 2023-02: 84, 2023-03: 93, 2023-04: 90, 2023-05: 93, 2023-06: 90, 2023-07: 93, 2023-08: 93, 2023-09: 90, 2023-10: 93, 2023-11: 90, 2023-12: 93, 2024-01: 93, 2024-02: 87, 2024-03: 93, 2024-04: 90, 2024-05: 93, 2024-06: 90, 2024-07: 93, 2024-08: 93, 2024-09: 90, 2024-10: 93
  [label] 2023-01-02 08:00 LDOUSDT entry=1.2174 → LONG | long=tp(+11.41%) short=sl(-5.85%) | scanned=5 | long_tp_only
  [label] 2023-01-04 16:00 LDOUSDT entry=1.3785 → LONG | long=sl(-6.96%) short=sl(-6.96%) | scanned=6 | no_tp→fwd_return=+10.0907
  [label] 2023-01-08 08:00 LDOUSDT entry=1.6285 → LONG | long=tp(+13.44%) short=sl(-6.87%) | scanned=1 | long_tp_only
  [label] 2023-02-02 08:00 LDOUSDT entry=2.3188 → SHORT | long=sl(-9.98%) short=tp(+19.67%) | scanned=9 | short_tp_only
  [label] 2023-03-27 08:00 LDOUSDT entry=2.1218 → LONG | long=timeout(+13.56%) short=sl(-10.15%) | scanned=22 | no_tp→fwd_return=+13.6629
  [label] 2023-09-11 08:00 LDOUSDT entry=1.4562 → LONG | long=tp(+7.93%) short=sl(-4.11%) | scanned=14 | long_tp_only
  [label] 2023-09-15 08:00 LDOUSDT entry=1.4863 → LONG | long=tp(+7.63%) short=sl(-3.97%) | scanned=12 | long_tp_only
  [label] 2023-09-26 00:00 LDOUSDT entry=1.4806 → LONG | long=sl(-3.34%) short=sl(-3.34%) | scanned=6 | no_tp→fwd_return=+4.6130
  [label] 2023-11-10 08:00 LDOUSDT entry=2.3207 → LONG | long=sl(-8.43%) short=sl(-8.43%) | scanned=15 | no_tp→fwd_return=+6.8341
  [label] 2023-11-19 00:00 LDOUSDT entry=2.2778 → LONG | long=timeout(+10.45%) short=sl(-9.47%) | scanned=22 | no_tp→fwd_return=+10.5497
  [label] 2024-02-18 16:00 LDOUSDT entry=3.3367 → SHORT | long=sl(-5.20%) short=tp(+10.11%) | scanned=9 | short_tp_only[I 2026-05-06 02:23:43,440] A new study created in memory with name: no-name-cf712a38-2f18-496c-b1c9-e33fd9d6d522
[I 2026-05-06 02:23:43,704] Trial 0 finished with value: -0.1352972114424407 and parameters: {'confidence_threshold': 0.7790993046299082, 'training_days': 230, 'n_estimators': 295, 'max_depth': 5, 'num_leaves': 83, 'learning_rate': 0.051543455158230854, 'subsample': 0.8773243492079463, 'min_child_samples': 10, 'reg_alpha': 0.034096514368237685, 'reg_lambda': 3.154180388637081e-05}. Best is trial 0 with value: -0.1352972114424407.
[I 2026-05-06 02:23:43,850] Trial 1 finished with value: -0.17178737921469805 and parameters: {'confidence_threshold': 0.6929247853618086, 'training_days': 410, 'n_estimators': 233, 'max_depth': 5, 'num_leaves': 108, 'learning_rate': 0.013724237108071606, 'subsample': 0.7013182233636002, 'min_child_samples': 94, 'reg_alpha': 2.4040959529260723e-06, 'reg_lambda': 5.320966582161148}. Best is trial 0 with value: -0.1352972114424407.
[I 2026-05-06 02:23:43,917] Trial 2 finished with value: -0.14480552120505868 and parameters: {'confidence_threshold': 0.546341527225763, 'training_days': 270, 'n_estimators': 120, 'max_depth': 4, 'num_leaves': 53, 'learning_rate': 0.060197068579343475, 'subsample': 0.588227873455941, 'min_child_samples': 91, 'reg_alpha': 2.3457771824819002e-08, 'reg_lambda': 1.1358840775642732e-08}. Best is trial 0 with value: -0.1352972114424407.
[I 2026-05-06 02:23:44,095] Trial 3 finished with value: -0.08488382960732464 and parameters: {'confidence_threshold': 0.6000319676300473, 'training_days': 270, 'n_estimators': 382, 'max_depth': 4, 'num_leaves': 44, 'learning_rate': 0.09185046765032388, 'subsample': 0.6743651508646724, 'min_child_samples': 77, 'reg_alpha': 0.0013974578104212739, 'reg_lambda': 8.97190257982477e-08}. Best is trial 3 with value: -0.08488382960732464.
[I 2026-05-06 02:23:44,478] Trial 4 finished with value: -0.1313157231733375 and parameters: {'confidence_threshold': 0.7642618789055509, 'training_days': 390, 'n_estimators': 464, 'max_depth': 5, 'num_leaves': 30, 'learning_rate': 0.024562383309704932, 'subsample': 0.8612975035964376, 'min_child_samples': 36, 'reg_alpha': 1.593999300080167, 'reg_lambda': 0.006081270362829788}. Best is trial 3 with value: -0.08488382960732464.
[I 2026-05-06 02:23:44,636] Trial 5 finished with value: -0.0395916175961584 and parameters: {'confidence_threshold': 0.6029115860358569, 'training_days': 60, 'n_estimators': 441, 'max_depth': 3, 'num_leaves': 66, 'learning_rate': 0.044953114425778824, 'subsample': 0.7098948461279406, 'min_child_samples': 15, 'reg_alpha': 4.888753565548431e-07, 'reg_lambda': 4.198190642566389}. Best is trial 5 with value: -0.0395916175961584.
[I 2026-05-06 02:23:44,875] Trial 6 finished with value: -0.18240650967485797 and parameters: {'confidence_threshold': 0.7376932868314098, 'training_days': 290, 'n_estimators': 249, 'max_depth': 5, 'num_leaves': 121, 'learning_rate': 0.015565840632862623, 'subsample': 0.8390183783709677, 'min_child_samples': 19, 'reg_alpha': 1.860444687368747e-08, 'reg_lambda': 2.7391483548058117e-06}. Best is trial 5 with value: -0.0395916175961584.
[I 2026-05-06 02:23:44,914] Trial 7 finished with value: -0.049619030542615315 and parameters: {'confidence_threshold': 0.563503962036334, 'training_days': 70, 'n_estimators': 63, 'max_depth': 3, 'num_leaves': 47, 'learning_rate': 0.18074927623018475, 'subsample': 0.5059692991701257, 'min_child_samples': 9, 'reg_alpha': 3.6945804405602874e-08, 'reg_lambda': 0.027706035542028905}. Best is trial 5 with value: -0.0395916175961584.
[I 2026-05-06 02:23:45,015] Trial 8 finished with value: -0.12401328830211582 and parameters: {'confidence_threshold': 0.6525471176758836, 'training_days': 440, 'n_estimators': 116, 'max_depth': 4, 'num_leaves': 115, 'learning_rate': 0.010229952960863938, 'subsample': 0.5062159465415076, 'min_child_samples': 54, 'reg_alpha': 6.790626457822126e-06, 'reg_lambda': 1.7869141074987722e-05}. Best is trial 5 with value: -0.0395916175961584.
