[I 2026-05-06 02:24:01,830] Trial 9 finished with value: -0.1073629966158712 and parameters: {'confidence_threshold': 0.7277571993354469, 'training_days': 360, 'n_estimators': 75, 'max_depth': 5, 'num_leaves': 41, 'learning_rate': 0.014186743931212992, 'subsample': 0.7445187273047605, 'min_child_samples': 22, 'reg_alpha': 0.02393227447113315, 'reg_lambda': 0.009236766173618426}. Best is trial 8 with value: 0.06040712305994946.

    [trial 5] Sharpe=-0.0105 (folds: -0.0463, -0.1151, 0.1340, 0.0280, -0.0530)
    [trial 6] 14 features, training_days=290 | threshold=0.738 | labels: 1049 long, 1144 short (48/52%)
    [trial 6] Sharpe=-0.1219 (folds: -0.1743, -0.1237, -0.0410, -0.1899, -0.0804)
    [trial 7] 14 features, training_days=70 | threshold=0.564 | labels: 1049 long, 1144 short (48/52%)
    [trial 7] Sharpe=-0.0620 (folds: -0.1570, -0.1648, 0.0354, 0.0306, -0.0543)
    [trial 8] 14 features, training_days=440 | threshold=0.653 | labels: 1049 long, 1144 short (48/52%)
    [trial 8] Sharpe=0.0357 (folds: -0.1589, -0.0125, 0.3270, -0.1066, 0.1295)
    [trial 9] 14 features, training_days=360 | threshold=0.728 | labels: 1049 long, 1144 short (48/52%)
    [trial 9] Sharpe=0.0249 (folds: -0.0980, 0.0356, 0.3006, -0.1868, 0.0729)
  Optuna: 10 trials, best Sharpe = 0.0459
  Best params: n_estimators=233, max_depth=5, lr=0.0137, leaves=108
  Best confidence_threshold: 0.693
  Best training_days: 410
  Retrained on full data (1230 samples, 14 features)
  Model trained for 2025-06: 90 test candles with features, confidence_threshold=0.693
[predict] 2025-06-11 16:00 LDOUSDT → SHORT (proba=0.91 TP=14.2%/SL=7.1%)
[trade:open] 2025-06-11 23:59 LDOUSDT SHORT @ 0.96 | SL=1.03 TP=0.82 | timeout=2025-06-18 23:59
[trade:close] 2025-06-13 07:59 LDOUSDT SHORT → take_profit @ 0.82 | PnL=+14.15% (net +14.05%) | cum=+47.99% 2025-06=+14.05% 2025-06-13=+14.05%
[lgbm] === Training for 2025-07 ===
  Train window: 2023-07-01 → 2025-07-01
  2193 training samples from 1 symbols
  Samples per month: 2023-07: 93, 2023-08: 93, 2023-09: 90, 2023-10: 93, 2023-11: 90, 2023-12: 93, 2024-01: 93, 2024-02: 87, 2024-03: 93, 2024-04: 90, 2024-05: 93, 2024-06: 90, 2024-07: 93, 2024-08: 93, 2024-09: 90, 2024-10: 93, 2024-11: 90, 2024-12: 93, 2025-01: 93, 2025-02: 84, 2025-03: 93, 2025-04: 90, 2025-05: 93, 2025-06: 90
  [label] 2023-09-01 08:00 LDOUSDT entry=1.5301 → LONG | long=timeout(+2.89%) short=sl(-4.75%) | scanned=22 | no_tp→fwd_return=+2.9867
  [label] 2023-09-03 16:00 LDOUSDT entry=1.5244 → SHORT | long=sl(-4.08%) short=sl(-4.08%) | scanned=19 | no_tp→fwd_return=-1.8630
  [label] 2023-09-07 08:00 LDOUSDT entry=1.5832 → SHORT | long=sl(-3.72%) short=tp(+7.13%) | scanned=8 | short_tp_only
  [label] 2023-10-02 08:00 LDOUSDT entry=1.6045 → SHORT | long=sl(-4.35%) short=timeout(+5.88%) | scanned=22 | no_tp→fwd_return=-5.9769
  [label] 2023-11-24 08:00 LDOUSDT entry=2.6311 → SHORT | long=sl(-7.78%) short=timeout(+9.93%) | scanned=22 | no_tp→fwd_return=-10.0262
  [label] 2024-05-10 08:00 LDOUSDT entry=1.7950 → SHORT | long=sl(-7.23%) short=tp(+14.16%) | scanned=18 | short_tp_only
  [label] 2024-05-14 08:00 LDOUSDT entry=1.6582 → LONG | long=sl(-6.64%) short=sl(-6.64%) | scanned=8 | no_tp→fwd_return=+6.2477
  [label] 2024-05-25 00:00 LDOUSDT entry=2.5874 → SHORT | long=sl(-8.01%) short=timeout(+1.25%) | scanned=22 | no_tp→fwd_return=-1.3527
  [label] 2024-07-09 08:00 LDOUSDT entry=1.5886 → LONG | long=timeout(+14.28%) short=sl(-9.78%) | scanned=22 | no_tp→fwd_return=+14.3774
  [label] 2024-07-18 00:00 LDOUSDT entry=1.9873 → SHORT | long=sl(-7.11%) short=tp(+13.92%) | scanned=19 | short_tp_only
  [label] 2024-10-17 16:00 LDOUSDT entry=1.0875 → LONG | long=tp(+12.64%) short=sl(-6.47%) | scanned=8 | long_tp_only
  [label] 2024-11-18 16:00 LDOUSDT entry=1.2645 → LONG | long=sl(-9.14%) short=sl(-9.14%) | scanned=14 | no_tp→fwd_return=+8.6912
  [label] 2024-12-05 00:00 LDOUSDT entry=2.1712 → SHORT | long=sl(-9.08%) short=sl(-9.08%) | scanned=13 | no_tp→fwd_return=-9.1608
  [label] 2024-12-18 00:00 LDOUSDT entry=2.0448 → SHORT | long=sl(-10.45%) short=tp(+20.60%) | scanned=5 | short_tp_only
  [label] 2025-01-05 16:00 LDOUSDT entry=2.0897 → SHORT | long=sl(-7.06%) short=tp(+13.81%) | scanned=6 | short_tp_only
  [label] 2025-01-12 00:00 LDOUSDT entry=1.5833 → LONG | long=sl(-8.54%) short=sl(-8.54%) | scanned=8 | no_tp→fwd_return=+16.5477
  [label] 2025-01-24 08:00 LDOUSDT entry=2.0729 → LONG | long=sl(-9.56%) short=sl(-9.56%) | scanned=21 | no_tp→fwd_return=+15.8618
  [label] 2025-03-05 08:00 LDOUSDT entry=1.1395 → SHORT | long=sl(-12.67%) short=tp(+25.03%) | scanned=17 | short_tp_only
  [label] 2025-03-15 08:00 LDOUSDT entry=0.9568 → LONG | long=timeout(+5.92%) short=sl(-10.02%) | scanned=22 | no_tp→fwd_return=+6.0201
  [label] 2025-06-10 08:00 LDOUSDT entry=0.9288 → SHORT | long=sl(-7.26%) short=sl(-7.26%) | scanned=7 | no_tp→fwd_return=-7.2459
  Labels: 1038 long (47.3%), 1155 short (52.7%) | weights: min=1.00, mean=4.36, max=10.00
  Features: 2193/2193 matched, 14 columns
  CV gap: 22 rows
    [trial 0] 14 features, training_days=230 | threshold=0.779 | labels: 1038 long, 1155 short (47/53%)
    [CV fold 0] train_end=2023-10-24 00:00 | val_start=2023-10-31 16:00 | gap=184h (22 rows)
    [CV fold 1] train_end=2024-02-22 16:00 | val_start=2024-03-01 08:00 | gap=184h (22 rows)
    [CV fold 2] train_end=2024-06-23 08:00 | val_start=2024-07-01 00:00 | gap=184h (22 rows)
    [CV fold 3] train_end=2024-10-23 00:00 | val_start=2024-10-30 16:00 | gap=184h (22 rows)
    [CV fold 4] train_end=2025-02-21 16:00 | val_start=2025-03-01 08:00 | gap=184h (22 rows)
    [trial 0] Sharpe=-0.0291 (folds: -0.0848, -0.0354, -0.0303, -0.0554, 0.0605)
    [trial 1] 14 features, training_days=410 | threshold=0.693 | labels: 1038 long, 1155 short (47/53%)
    [trial 1] Sharpe=0.0048 (folds: -0.1617, -0.0203, 0.0437, 0.0139, 0.1486)
    [trial 2] 14 features, training_days=270 | threshold=0.546 | labels: 1038 long, 1155 short (47/53%)
    [trial 2] Sharpe=0.0049 (folds: -0.0258, -0.0238, 0.0390, -0.0489, 0.0838)
    [trial 3] 14 features, training_days=270 | threshold=0.600 | labels: 1038 long, 1155 short (47/53%)
    [trial 3] Sharpe=0.0252 (folds: -0.0561, 0.0488, 0.0702, -0.0025, 0.0656)
    [trial 4] 14 features, training_days=390 | threshold=0.764 | labels: 1038 long, 1155 short (47/53%)
    [trial 4] Sharpe=0.0126 (folds: -0.0991, -0.0167, 0.0522, 0.0238, 0.1028)
    [trial 5] 14 features, training_days=60 | threshold=0.603 | labels: 1038 long, 1155 short (47/53%)
    [trial 5] Sharpe=0.0000 (folds: -0.0236, -0.0546, 0.1654, -0.1516, 0.0644)
    [trial 6] 14 features, training_days=290 | threshold=0.738 | labels: 1038 long, 1155 short (47/53%)
    [trial 6] Sharpe=0.0029 (folds: -0.1302, -0.0750, -0.0086, 0.1055, 0.1229)
    [trial 7] 14 features, training_days=70 | threshold=0.564 | labels: 1038 long, 1155 short (47/53%)
    [trial 7] Sharpe=-0.0508 (folds: -0.0367, -0.2009, 0.0644, -0.1079, 0.0271)
    [trial 8] 14 features, training_days=440 | threshold=0.653 | labels: 1038 long, 1155 short (47/53%)
    [trial 8] Sharpe=0.0604 (folds: -0.1142, 0.0008, 0.1683, 0.1740, 0.0731)
    [trial 9] 14 features, training_days=360 | threshold=0.728 | labels: 1038 long, 1155 short (47/53%)
    [trial 9] Sharpe=-0.1074 (folds: -0.1769, -0.1752, -0.0339, -0.1126, -0.0382)
  Optuna: 10 trials, best Sharpe = 0.0604
  Best params: n_estimators=116, max_depth=4, lr=0.0102, leaves=115
  Best confidence_threshold: 0.653
  Best training_days: 440
  Retrained on full data (1320 samples, 14 features)
  Model trained for 2025-07: 93 test candles with features, confidence_threshold=0.653
[predict] 2025-07-15 16:00 LDOUSDT → SHORT (proba=0.70 TP=11.8%/SL=5.9%)
[trade:open] 2025-07-15 23:59 LDOUSDT SHORT @ 0.91 | SL=0.96 TP=0.80 | timeout=2025-07-22 23:59
[trade:close] 2025-07-17 15:59 LDOUSDT SHORT → stop_loss @ 0.96 | PnL=-5.89% (net -5.99%) | cum=+42.00% 2025-07=-5.99% 2025-07-17=-5.99%
[predict] 2025-07-19 00:00 LDOUSDT → SHORT (proba=0.69 TP=14.4%/SL=7.2%)
[trade:open] 2025-07-19 07:59 LDOUSDT SHORT @ 1.08 | SL=1.16 TP=0.93 | timeout=2025-07-26 07:59
[trade:close] 2025-07-20 07:59 LDOUSDT SHORT → stop_loss @ 1.16 | PnL=-7.18% (net -7.28%) | cum=+34.72% 2025-07=-13.27% 2025-07-20=-7.28%
[predict] 2025-07-23 08:00 LDOUSDT → SHORT (proba=0.69 TP=16.5%/SL=8.2%)
[trade:open] 2025-07-23 15:59 LDOUSDT SHORT @ 1.11 | SL=1.20 TP=0.93 | timeout=2025-07-30 15:59
[trade:close] 2025-07-30 16:00 LDOUSDT SHORT → timeout @ 1.02 | PnL=+8.10% (net +8.00%) | cum=+42.72% 2025-07=-5.27% 2025-07-30=+8.00%[I 2026-05-06 02:24:02,195] A new study created in memory with name: no-name-6987834c-4cba-499b-a8fe-2e43c7bb3dd3
[I 2026-05-06 02:24:02,479] Trial 0 finished with value: -0.0661581623398403 and parameters: {'confidence_threshold': 0.7790993046299082, 'training_days': 230, 'n_estimators': 295, 'max_depth': 5, 'num_leaves': 83, 'learning_rate': 0.051543455158230854, 'subsample': 0.8773243492079463, 'min_child_samples': 10, 'reg_alpha': 0.034096514368237685, 'reg_lambda': 3.154180388637081e-05}. Best is trial 0 with value: -0.0661581623398403.
[I 2026-05-06 02:24:02,645] Trial 1 finished with value: -0.06317704880839112 and parameters: {'confidence_threshold': 0.6929247853618086, 'training_days': 410, 'n_estimators': 233, 'max_depth': 5, 'num_leaves': 108, 'learning_rate': 0.013724237108071606, 'subsample': 0.7013182233636002, 'min_child_samples': 94, 'reg_alpha': 2.4040959529260723e-06, 'reg_lambda': 5.320966582161148}. Best is trial 1 with value: -0.06317704880839112.
[I 2026-05-06 02:24:02,717] Trial 2 finished with value: -0.04560023267681146 and parameters: {'confidence_threshold': 0.546341527225763, 'training_days': 270, 'n_estimators': 120, 'max_depth': 4, 'num_leaves': 53, 'learning_rate': 0.060197068579343475, 'subsample': 0.588227873455941, 'min_child_samples': 91, 'reg_alpha': 2.3457771824819002e-08, 'reg_lambda': 1.1358840775642732e-08}. Best is trial 2 with value: -0.04560023267681146.
[I 2026-05-06 02:24:02,894] Trial 3 finished with value: -0.06729570988354008 and parameters: {'confidence_threshold': 0.6000319676300473, 'training_days': 270, 'n_estimators': 382, 'max_depth': 4, 'num_leaves': 44, 'learning_rate': 0.09185046765032388, 'subsample': 0.6743651508646724, 'min_child_samples': 77, 'reg_alpha': 0.0013974578104212739, 'reg_lambda': 8.97190257982477e-08}. Best is trial 2 with value: -0.04560023267681146.
[I 2026-05-06 02:24:03,281] Trial 4 finished with value: -0.0457130144319444 and parameters: {'confidence_threshold': 0.7642618789055509, 'training_days': 390, 'n_estimators': 464, 'max_depth': 5, 'num_leaves': 30, 'learning_rate': 0.024562383309704932, 'subsample': 0.8612975035964376, 'min_child_samples': 36, 'reg_alpha': 1.593999300080167, 'reg_lambda': 0.006081270362829788}. Best is trial 2 with value: -0.04560023267681146.
[I 2026-05-06 02:24:03,436] Trial 5 finished with value: -0.06530161984848266 and parameters: {'confidence_threshold': 0.6029115860358569, 'training_days': 60, 'n_estimators': 441, 'max_depth': 3, 'num_leaves': 66, 'learning_rate': 0.044953114425778824, 'subsample': 0.7098948461279406, 'min_child_samples': 15, 'reg_alpha': 4.888753565548431e-07, 'reg_lambda': 4.198190642566389}. Best is trial 2 with value: -0.04560023267681146.
[I 2026-05-06 02:24:03,676] Trial 6 finished with value: -0.08084435488826969 and parameters: {'confidence_threshold': 0.7376932868314098, 'training_days': 290, 'n_estimators': 249, 'max_depth': 5, 'num_leaves': 121, 'learning_rate': 0.015565840632862623, 'subsample': 0.8390183783709677, 'min_child_samples': 19, 'reg_alpha': 1.860444687368747e-08, 'reg_lambda': 2.7391483548058117e-06}. Best is trial 2 with value: -0.04560023267681146.
[I 2026-05-06 02:24:03,712] Trial 7 finished with value: -0.04090547143718718 and parameters: {'confidence_threshold': 0.563503962036334, 'training_days': 70, 'n_estimators': 63, 'max_depth': 3, 'num_leaves': 47, 'learning_rate': 0.18074927623018475, 'subsample': 0.5059692991701257, 'min_child_samples': 9, 'reg_alpha': 3.6945804405602874e-08, 'reg_lambda': 0.027706035542028905}. Best is trial 7 with value: -0.04090547143718718.
[I 2026-05-06 02:24:03,800] Trial 8 finished with value: 0.014125192102432923 and parameters: {'confidence_threshold': 0.6525471176758836, 'training_days': 440, 'n_estimators': 116, 'max_depth': 4, 'num_leaves': 115, 'learning_rate': 0.010229952960863938, 'subsample': 0.5062159465415076, 'min_child_samples': 54, 'reg_alpha': 6.790626457822126e-06, 'reg_lambda': 1.7869141074987722e-05}. Best is trial 8 with value: 0.014125192102432923.
[I 2026-05-06 02:24:03,895] Trial 9 finished with value: -0.02854748673168451 and parameters: {'confidence_threshold': 0.7277571993354469, 'training_days': 360, 'n_estimators': 75, 'max_depth': 5, 'num_leaves': 41, 'learning_rate': 0.014186743931212992, 'subsample': 0.7445187273047605, 'min_child_samples': 22, 'reg_alpha': 0.02393227447113315, 'reg_lambda': 0.009236766173618426}. Best is trial 8 with value: 0.014125192102432923.

[lgbm] === Training for 2025-08 ===
  Train window: 2023-08-01 → 2025-08-01
  2193 training samples from 1 symbols
  Samples per month: 2023-08: 93, 2023-09: 90, 2023-10: 93, 2023-11: 90, 2023-12: 93, 2024-01: 93, 2024-02: 87, 2024-03: 93, 2024-04: 90, 2024-05: 93, 2024-06: 90, 2024-07: 93, 2024-08: 93, 2024-09: 90, 2024-10: 93, 2024-11: 90, 2024-12: 93, 2025-01: 93, 2025-02: 84, 2025-03: 93, 2025-04: 90, 2025-05: 93, 2025-06: 90, 2025-07: 93
  [label] 2023-10-02 08:00 LDOUSDT entry=1.6045 → SHORT | long=sl(-4.35%) short=timeout(+5.88%) | scanned=22 | no_tp→fwd_return=-5.9769
  [label] 2023-10-04 16:00 LDOUSDT entry=1.5839 → SHORT | long=sl(-4.49%) short=timeout(+3.66%) | scanned=22 | no_tp→fwd_return=-3.7629
  [label] 2023-10-08 08:00 LDOUSDT entry=1.5836 → LONG | long=sl(-3.91%) short=timeout(-0.27%) | scanned=22 | no_tp→fwd_return=+0.1705
  [label] 2023-11-02 08:00 LDOUSDT entry=1.7359 → LONG | long=tp(+13.76%) short=sl(-7.03%) | scanned=5 | long_tp_only
  [label] 2023-12-25 08:00 LDOUSDT entry=2.5648 → LONG | long=sl(-6.21%) short=sl(-6.21%) | scanned=6 | no_tp→fwd_return=+9.0650
  [label] 2024-06-10 08:00 LDOUSDT entry=1.9309 → LONG | long=sl(-7.81%) short=sl(-7.81%) | scanned=14 | no_tp→fwd_return=+7.0796
  [label] 2024-06-14 08:00 LDOUSDT entry=1.9570 → LONG | long=sl(-7.86%) short=sl(-7.86%) | scanned=11 | no_tp→fwd_return=+4.7420
  [label] 2024-06-25 00:00 LDOUSDT entry=2.4221 → SHORT | long=sl(-8.55%) short=tp(+16.81%) | scanned=11 | short_tp_only
  [label] 2024-08-09 08:00 LDOUSDT entry=1.0772 → SHORT | long=timeout(-8.63%) short=timeout(+8.43%) | scanned=22 | no_tp→fwd_return=-8.5314
  [label] 2024-08-18 00:00 LDOUSDT entry=1.0758 → LONG | long=tp(+14.63%) short=sl(-7.47%) | scanned=17 | long_tp_only
  [label] 2024-11-17 16:00 LDOUSDT entry=1.1584 → LONG | long=tp(+19.87%) short=sl(-10.08%) | scanned=17 | long_tp_only
  [label] 2024-12-19 16:00 LDOUSDT entry=1.6048 → LONG | long=timeout(+10.41%) short=sl(-13.85%) | scanned=22 | no_tp→fwd_return=+10.5060
  [label] 2025-01-05 00:00 LDOUSDT entry=2.0433 → SHORT | long=sl(-7.21%) short=tp(+14.11%) | scanned=9 | short_tp_only
  [label] 2025-01-18 00:00 LDOUSDT entry=1.8092 → LONG | long=sl(-8.61%) short=sl(-8.61%) | scanned=11 | no_tp→fwd_return=+5.1570
  [label] 2025-02-05 16:00 LDOUSDT entry=1.6907 → LONG | long=sl(-15.01%) short=timeout(-3.19%) | scanned=22 | no_tp→fwd_return=+3.0934
  [label] 2025-02-12 00:00 LDOUSDT entry=1.5751 → LONG | long=tp(+23.79%) short=sl(-12.05%) | scanned=16 | long_tp_only
  [label] 2025-02-24 08:00 LDOUSDT entry=1.5477 → SHORT | long=sl(-10.57%) short=tp(+20.84%) | scanned=11 | short_tp_only
  [label] 2025-04-05 08:00 LDOUSDT entry=0.8219 → SHORT | long=sl(-7.24%) short=tp(+14.19%) | scanned=4 | short_tp_only
  [label] 2025-04-15 08:00 LDOUSDT entry=0.6927 → LONG | long=timeout(+9.82%) short=sl(-8.72%) | scanned=22 | no_tp→fwd_return=+9.9177
  [label] 2025-07-11 08:00 LDOUSDT entry=0.8524 → LONG | long=sl(-5.52%) short=sl(-5.52%) | scanned=13 | no_tp→fwd_return=+6.4289
  Labels: 1073 long (48.9%), 1120 short (51.1%) | weights: min=1.00, mean=4.39, max=10.00
  Features: 2193/2193 matched, 14 columns
  CV gap: 22 rows
    [trial 0] 14 features, training_days=230 | threshold=0.779 | labels: 1073 long, 1120 short (49/51%)
    [CV fold 0] train_end=2023-11-24 00:00 | val_start=2023-12-01 16:00 | gap=184h (22 rows)
    [CV fold 1] train_end=2024-03-24 16:00 | val_start=2024-04-01 08:00 | gap=184h (22 rows)
    [CV fold 2] train_end=2024-07-24 08:00 | val_start=2024-08-01 00:00 | gap=184h (22 rows)
    [CV fold 3] train_end=2024-11-23 00:00 | val_start=2024-11-30 16:00 | gap=184h (22 rows)
    [CV fold 4] train_end=2025-03-24 16:00 | val_start=2025-04-01 08:00 | gap=184h (22 rows)
    [trial 0] Sharpe=-0.0662 (folds: -0.1004, -0.1757, 0.0452, -0.0692, -0.0306)
    [trial 1] 14 features, training_days=410 | threshold=0.693 | labels: 1073 long, 1120 short (49/51%)
    [trial 1] Sharpe=-0.0632 (folds: -0.3816, -0.0868, -0.0578, 0.1444, 0.0659)
    [trial 2] 14 features, training_days=270 | threshold=0.546 | labels: 1073 long, 1120 short (49/51%)
    [trial 2] Sharpe=-0.0456 (folds: -0.1031, 0.0107, -0.1678, 0.1296, -0.0975)
    [trial 3] 14 features, training_days=270 | threshold=0.600 | labels: 1073 long, 1120 short (49/51%)
    [trial 3] Sharpe=-0.0673 (folds: -0.0968, -0.0226, -0.2130, 0.0369, -0.0411)
    [trial 4] 14 features, training_days=390 | threshold=0.764 | labels: 1073 long, 1120 short (49/51%)
    [trial 4] Sharpe=-0.0457 (folds: -0.1565, 0.0159, -0.1088, 0.0505, -0.0297)
    [trial 5] 14 features, training_days=60 | threshold=0.603 | labels: 1073 long, 1120 short (49/51%)
    [trial 5] Sharpe=-0.0653 (folds: -0.0610, 0.0445, -0.0882, -0.0856, -0.1361)
    [trial 6] 14 features, training_days=290 | threshold=0.738 | labels: 1073 long, 1120 short (49/51%)
    [trial 6] Sharpe=-0.0808 (folds: -0.3351, -0.1100, -0.0883, 0.1423, -0.0131)
    [trial 7] 14 features, training_days=70 | threshold=0.564 | labels: 1073 long, 1120 short (49/51%)
    [trial 7] Sharpe=-0.0409 (folds: 0.0296, 0.1178, -0.1601, -0.1158, -0.0761)
    [trial 8] 14 features, training_days=440 | threshold=0.653 | labels: 1073 long, 1120 short (49/51%)
    [trial 8] Sharpe=0.0141 (folds: -0.1363, 0.0916, -0.0370, 0.0694, 0.0830)
    [trial 9] 14 features, training_days=360 | threshold=0.728 | labels: 1073 long, 1120 short (49/51%)
    [trial 9] Sharpe=-0.0285 (folds: -0.0330, -0.1126, -0.0892, -0.0363, 0.1283)
  Optuna: 10 trials, best Sharpe = 0.0141
  Best params: n_estimators=116, max_depth=4, lr=0.0102, leaves=115
  Best confidence_threshold: 0.653
  Best training_days: 440
  Retrained on full data (1320 samples, 14 features)
  Model trained for 2025-08: 93 test candles with features, confidence_threshold=0.653
[predict] 2025-08-07 00:00 LDOUSDT → LONG (proba=0.71 TP=14.0%/SL=7.0%)
[trade:open] 2025-08-07 07:59 LDOUSDT LONG @ 0.94 | SL=0.88 TP=1.08 | timeout=2025-08-14 07:59
[trade:close] 2025-08-08 07:59 LDOUSDT LONG → take_profit @ 1.08 | PnL=+14.00% (net +13.90%) | cum=+56.62% 2025-08=+13.90% 2025-08-08=+13.90%
[predict] 2025-08-14 16:00 LDOUSDT → SHORT (proba=0.73 TP=18.5%/SL=9.3%)
[trade:open] 2025-08-14 23:59 LDOUSDT SHORT @ 1.39 | SL=1.51 TP=1.13 | timeout=2025-08-21 23:59
[trade:close] 2025-08-22 00:00 LDOUSDT SHORT → timeout @ 1.28 | PnL=+7.82% (net +7.72%) | cum=+64.34% 2025-08=+21.62% 2025-08-22=+7.72%
[predict] 2025-08-23 08:00 LDOUSDT → SHORT (proba=0.72 TP=14.0%/SL=7.0%)
[trade:open] 2025-08-23 15:59 LDOUSDT SHORT @ 1.53 | SL=1.64 TP=1.31 | timeout=2025-08-30 15:59
[trade:close] 2025-08-25 23:59 LDOUSDT SHORT → take_profit @ 1.31 | PnL=+14.03% (net +13.93%) | cum=+78.27% 2025-08=+35.55% 2025-08-25=+13.93%
[lgbm] === Training for 2025-09 ===
  Train window: 2023-09-01 → 2025-09-01
  2193 training samples from 1 symbols
  Samples per month: 2023-09: 90, 2023-10: 93, 2023-11: 90, 2023-12: 93, 2024-01: 93, 2024-02: 87, 2024-03: 93, 2024-04: 90, 2024-05: 93, 2024-06: 90, 2024-07: 93, 2024-08: 93, 2024-09: 90, 2024-10: 93, 2024-11: 90, 2024-12: 93, 2025-01: 93, 2025-02: 84, 2025-03: 93, 2025-04: 90, 2025-05: 93, 2025-06: 90, 2025-07: 93, 2025-08: 93
  [label] 2023-11-02 08:00 LDOUSDT entry=1.7359 → LONG | long=tp(+13.76%) short=sl(-7.03%) | scanned=5 | long_tp_only
  [label] 2023-11-04 16:00 LDOUSDT entry=2.0345 → LONG | long=sl(-6.36%) short=sl(-6.36%) | scanned=14 | no_tp→fwd_return=+9.1325
  [label] 2023-11-08 08:00 LDOUSDT entry=1.9407 → LONG | long=tp(+12.86%) short=sl(-6.58%) | scanned=3 | long_tp_only
  [label] 2023-12-03 08:00 LDOUSDT entry=2.4066 → LONG | long=sl(-5.96%) short=sl(-5.96%) | scanned=13 | no_tp→fwd_return=+4.2550
  [label] 2024-01-25 08:00 LDOUSDT entry=2.7815 → LONG | long=timeout(+0.96%) short=sl(-8.11%) | scanned=22 | no_tp→fwd_return=+1.0606
  [label] 2024-07-11 08:00 LDOUSDT entry=1.6031 → LONG | long=tp(+17.92%) short=sl(-9.11%) | scanned=17 | long_tp_only
  [label] 2024-07-15 08:00 LDOUSDT entry=1.7609 → LONG | long=tp(+13.62%) short=sl(-6.96%) | scanned=6 | long_tp_only
  [label] 2024-07-26 00:00 LDOUSDT entry=1.5908 → SHORT | long=sl(-8.03%) short=timeout(+5.49%) | scanned=22 | no_tp→fwd_return=-5.5884[I 2026-05-06 02:24:04,264] A new study created in memory with name: no-name-a15d7329-932a-4915-a883-d01bdaa90895
[I 2026-05-06 02:24:04,509] Trial 0 finished with value: -0.09181611224355765 and parameters: {'confidence_threshold': 0.7790993046299082, 'training_days': 230, 'n_estimators': 295, 'max_depth': 5, 'num_leaves': 83, 'learning_rate': 0.051543455158230854, 'subsample': 0.8773243492079463, 'min_child_samples': 10, 'reg_alpha': 0.034096514368237685, 'reg_lambda': 3.154180388637081e-05}. Best is trial 0 with value: -0.09181611224355765.
