[I 2026-05-06 02:25:43,948] Trial 2 finished with value: -0.08939206520655898 and parameters: {'confidence_threshold': 0.546341527225763, 'training_days': 270, 'n_estimators': 120, 'max_depth': 4, 'num_leaves': 53, 'learning_rate': 0.060197068579343475, 'subsample': 0.588227873455941, 'min_child_samples': 91, 'reg_alpha': 2.3457771824819002e-08, 'reg_lambda': 1.1358840775642732e-08}. Best is trial 1 with value: -0.048611860921822334.

  [label] 2024-08-08 16:00 TRXUSDT entry=0.1270 → LONG | long=timeout(+2.38%) short=sl(-2.48%) | scanned=22 | no_tp→fwd_return=+2.4811
  [label] 2024-08-15 00:00 TRXUSDT entry=0.1317 → LONG | long=sl(-1.85%) short=sl(-1.85%) | scanned=5 | no_tp→fwd_return=+1.8294
  [label] 2024-08-27 08:00 TRXUSDT entry=0.1619 → SHORT | long=sl(-3.70%) short=timeout(+6.81%) | scanned=22 | no_tp→fwd_return=-6.9055
  [label] 2024-10-06 08:00 TRXUSDT entry=0.1545 → LONG | long=tp(+2.57%) short=sl(-1.44%) | scanned=7 | long_tp_only
  [label] 2024-10-16 08:00 TRXUSDT entry=0.1597 → SHORT | long=sl(-1.49%) short=tp(+2.68%) | scanned=14 | short_tp_only
  [label] 2025-01-11 08:00 TRXUSDT entry=0.2415 → SHORT | long=sl(-3.73%) short=tp(+7.16%) | scanned=6 | short_tp_only
  Labels: 1245 long (56.8%), 948 short (43.2%) | weights: min=1.00, mean=2.61, max=10.00
  Features: 2193/2193 matched, 14 columns
  CV gap: 22 rows
    [trial 0] 14 features, training_days=230 | threshold=0.779 | labels: 1245 long, 948 short (57/43%)
    [CV fold 0] train_end=2023-05-27 00:00 | val_start=2023-06-03 16:00 | gap=184h (22 rows)
    [CV fold 1] train_end=2023-09-25 16:00 | val_start=2023-10-03 08:00 | gap=184h (22 rows)
    [CV fold 2] train_end=2024-01-25 08:00 | val_start=2024-02-02 00:00 | gap=184h (22 rows)
    [CV fold 3] train_end=2024-05-26 00:00 | val_start=2024-06-02 16:00 | gap=184h (22 rows)
    [CV fold 4] train_end=2024-09-24 16:00 | val_start=2024-10-02 08:00 | gap=184h (22 rows)
    [trial 0] Sharpe=-0.0503 (folds: -0.0933, 0.1251, -0.2033, 0.0801, -0.1602)
    [trial 1] 14 features, training_days=410 | threshold=0.693 | labels: 1245 long, 948 short (57/43%)
    [trial 1] Sharpe=-0.1381 (folds: -0.6682, 0.0430, -0.2531, 0.3164, -0.1284)
    [trial 2] 14 features, training_days=270 | threshold=0.546 | labels: 1245 long, 948 short (57/43%)
    [trial 2] Sharpe=-0.0726 (folds: -0.1870, 0.0334, -0.1526, 0.1279, -0.1848)
    [trial 3] 14 features, training_days=270 | threshold=0.600 | labels: 1245 long, 948 short (57/43%)
    [trial 3] Sharpe=-0.0821 (folds: -0.2361, 0.1239, -0.2811, 0.2293, -0.2465)
    [trial 4] 14 features, training_days=390 | threshold=0.764 | labels: 1245 long, 948 short (57/43%)
    [trial 4] Sharpe=-0.0587 (folds: -0.2393, 0.2756, -0.3098, 0.2149, -0.2348)
    [trial 5] 14 features, training_days=60 | threshold=0.603 | labels: 1245 long, 948 short (57/43%)
    [trial 5] Sharpe=-0.1427 (folds: -0.2384, -0.0103, -0.1630, -0.0120, -0.2897)
    [trial 6] 14 features, training_days=290 | threshold=0.738 | labels: 1245 long, 948 short (57/43%)
    [trial 6] Sharpe=-0.0587 (folds: -0.1748, 0.2111, -0.2941, 0.2318, -0.2676)
    [trial 7] 14 features, training_days=70 | threshold=0.564 | labels: 1245 long, 948 short (57/43%)
    [trial 7] Sharpe=-0.1338 (folds: -0.0982, -0.1752, -0.2031, -0.0029, -0.1897)
    [trial 8] 14 features, training_days=440 | threshold=0.653 | labels: 1245 long, 948 short (57/43%)
    [trial 8] Sharpe=0.0354 (folds: -0.4491, 0.2767, -0.0980, 0.4542, -0.0065)
    [trial 9] 14 features, training_days=360 | threshold=0.728 | labels: 1245 long, 948 short (57/43%)
    [trial 9] Sharpe=-0.0427 (folds: -0.4046, 0.1680, -0.2465, 0.7689, -0.4992)
  Optuna: 10 trials, best Sharpe = 0.0354
  Best params: n_estimators=116, max_depth=4, lr=0.0102, leaves=115
  Best confidence_threshold: 0.653
  Best training_days: 440
  Retrained on full data (1320 samples, 14 features)
  Model trained for 2025-02: 84 test candles with features, confidence_threshold=0.653
[predict] 2025-02-08 08:00 TRXUSDT → LONG (proba=0.77 TP=9.0%/SL=4.5%)
[trade:open] 2025-02-08 15:59 TRXUSDT LONG @ 0.23 | SL=0.22 TP=0.25 | timeout=2025-02-15 15:59
[trade:close] 2025-02-15 16:00 TRXUSDT LONG → timeout @ 0.24 | PnL=+2.37% (net +2.27%) | cum=-12.89% 2025-02=+2.27% 2025-02-15=+2.27%
[predict] 2025-02-28 00:00 TRXUSDT → LONG (proba=0.73 TP=7.8%/SL=3.9%)
[trade:open] 2025-02-28 07:59 TRXUSDT LONG @ 0.22 | SL=0.21 TP=0.24 | timeout=2025-03-07 07:59
[lgbm] === Training for 2025-03 ===
  Train window: 2023-03-01 → 2025-03-01
  2193 training samples from 1 symbols
  Samples per month: 2023-03: 93, 2023-04: 90, 2023-05: 93, 2023-06: 90, 2023-07: 93, 2023-08: 93, 2023-09: 90, 2023-10: 93, 2023-11: 90, 2023-12: 93, 2024-01: 93, 2024-02: 87, 2024-03: 93, 2024-04: 90, 2024-05: 93, 2024-06: 90, 2024-07: 93, 2024-08: 93, 2024-09: 90, 2024-10: 93, 2024-11: 90, 2024-12: 93, 2025-01: 93, 2025-02: 84
  [label] 2023-05-02 08:00 TRXUSDT entry=0.0685 → SHORT | long=sl(-2.30%) short=sl(-2.30%) | scanned=19 | no_tp→fwd_return=-0.0730
  [label] 2023-05-04 16:00 TRXUSDT entry=0.0693 → SHORT | long=sl(-2.18%) short=sl(-2.18%) | scanned=10 | no_tp→fwd_return=-1.1682
  [label] 2023-05-08 08:00 TRXUSDT entry=0.0684 → LONG | long=sl(-2.19%) short=sl(-2.19%) | scanned=6 | no_tp→fwd_return=+1.6823
  [label] 2023-06-02 08:00 TRXUSDT entry=0.0762 → LONG | long=tp(+4.19%) short=sl(-2.25%) | scanned=1 | long_tp_only
  [label] 2023-07-25 08:00 TRXUSDT entry=0.0817 → SHORT | long=sl(-3.17%) short=sl(-3.17%) | scanned=16 | no_tp→fwd_return=-2.0940
  [label] 2024-01-09 08:00 TRXUSDT entry=0.1021 → LONG | long=tp(+5.00%) short=sl(-2.65%) | scanned=6 | long_tp_only
  [label] 2024-01-13 08:00 TRXUSDT entry=0.1151 → SHORT | long=sl(-2.81%) short=tp(+5.32%) | scanned=7 | short_tp_only
  [label] 2024-01-24 00:00 TRXUSDT entry=0.1072 → LONG | long=tp(+4.87%) short=sl(-2.59%) | scanned=5 | long_tp_only
  [label] 2024-03-09 08:00 TRXUSDT entry=0.1360 → SHORT | long=sl(-1.81%) short=tp(+3.32%) | scanned=5 | short_tp_only
  [label] 2024-03-18 00:00 TRXUSDT entry=0.1268 → SHORT | long=sl(-2.01%) short=tp(+3.71%) | scanned=3 | short_tp_only
  [label] 2024-06-17 16:00 TRXUSDT entry=0.1167 → SHORT | long=sl(-1.75%) short=tp(+3.19%) | scanned=1 | short_tp_only
  [label] 2024-07-19 16:00 TRXUSDT entry=0.1345 → SHORT | long=sl(-1.82%) short=sl(-1.82%) | scanned=9 | no_tp→fwd_return=-1.6799
  [label] 2024-08-05 00:00 TRXUSDT entry=0.1204 → LONG | long=tp(+5.39%) short=sl(-2.84%) | scanned=11 | long_tp_only
  [label] 2024-08-18 00:00 TRXUSDT entry=0.1334 → LONG | long=tp(+3.39%) short=sl(-1.84%) | scanned=4 | long_tp_only
  [label] 2024-09-05 16:00 TRXUSDT entry=0.1497 → LONG | long=timeout(+1.34%) short=sl(-2.57%) | scanned=22 | no_tp→fwd_return=+1.4429
  [label] 2024-09-12 00:00 TRXUSDT entry=0.1536 → SHORT | long=sl(-1.83%) short=tp(+3.36%) | scanned=6 | short_tp_only
  [label] 2024-09-24 08:00 TRXUSDT entry=0.1516 → LONG | long=sl(-1.25%) short=sl(-1.25%) | scanned=7 | no_tp→fwd_return=+0.9433
  [label] 2024-11-03 08:00 TRXUSDT entry=0.1638 → LONG | long=sl(-1.47%) short=sl(-1.47%) | scanned=21 | no_tp→fwd_return=+1.2396
  [label] 2024-11-13 08:00 TRXUSDT entry=0.1814 → LONG | long=sl(-3.46%) short=sl(-3.46%) | scanned=6 | no_tp→fwd_return=+1.4116
  [label] 2025-02-08 08:00 TRXUSDT entry=0.2303 → LONG | long=timeout(+2.27%) short=sl(-4.60%) | scanned=22 | no_tp→fwd_return=+2.3707
  Labels: 1245 long (56.8%), 948 short (43.2%) | weights: min=1.00, mean=2.60, max=10.00
  Features: 2193/2193 matched, 14 columns
  CV gap: 22 rows
    [trial 0] 14 features, training_days=230 | threshold=0.779 | labels: 1245 long, 948 short (57/43%)
    [CV fold 0] train_end=2023-06-24 00:00 | val_start=2023-07-01 16:00 | gap=184h (22 rows)
    [CV fold 1] train_end=2023-10-23 16:00 | val_start=2023-10-31 08:00 | gap=184h (22 rows)
    [CV fold 2] train_end=2024-02-22 08:00 | val_start=2024-03-01 00:00 | gap=184h (22 rows)
    [CV fold 3] train_end=2024-06-23 00:00 | val_start=2024-06-30 16:00 | gap=184h (22 rows)
    [CV fold 4] train_end=2024-10-22 16:00 | val_start=2024-10-30 08:00 | gap=184h (22 rows)
    [trial 0] Sharpe=-0.0835 (folds: -0.3357, 0.2581, -0.0541, -0.1260, -0.1600)
    [trial 1] 14 features, training_days=410 | threshold=0.693 | labels: 1245 long, 948 short (57/43%)
    [trial 1] Sharpe=-0.0486 (folds: -0.4700, 0.1014, -0.0641, 0.3704, -0.1808)
    [trial 2] 14 features, training_days=270 | threshold=0.546 | labels: 1245 long, 948 short (57/43%)
    [trial 2] Sharpe=-0.0894 (folds: -0.3247, -0.0079, -0.0562, 0.0897, -0.1478)
    [trial 3] 14 features, training_days=270 | threshold=0.600 | labels: 1245 long, 948 short (57/43%)[I 2026-05-06 02:25:44,144] Trial 3 finished with value: -0.07032658630402663 and parameters: {'confidence_threshold': 0.6000319676300473, 'training_days': 270, 'n_estimators': 382, 'max_depth': 4, 'num_leaves': 44, 'learning_rate': 0.09185046765032388, 'subsample': 0.6743651508646724, 'min_child_samples': 77, 'reg_alpha': 0.0013974578104212739, 'reg_lambda': 8.97190257982477e-08}. Best is trial 1 with value: -0.048611860921822334.
[I 2026-05-06 02:25:44,570] Trial 4 finished with value: -0.11730008252847383 and parameters: {'confidence_threshold': 0.7642618789055509, 'training_days': 390, 'n_estimators': 464, 'max_depth': 5, 'num_leaves': 30, 'learning_rate': 0.024562383309704932, 'subsample': 0.8612975035964376, 'min_child_samples': 36, 'reg_alpha': 1.593999300080167, 'reg_lambda': 0.006081270362829788}. Best is trial 1 with value: -0.048611860921822334.
[I 2026-05-06 02:25:44,719] Trial 5 finished with value: 0.07219402982751419 and parameters: {'confidence_threshold': 0.6029115860358569, 'training_days': 60, 'n_estimators': 441, 'max_depth': 3, 'num_leaves': 66, 'learning_rate': 0.044953114425778824, 'subsample': 0.7098948461279406, 'min_child_samples': 15, 'reg_alpha': 4.888753565548431e-07, 'reg_lambda': 4.198190642566389}. Best is trial 5 with value: 0.07219402982751419.
[I 2026-05-06 02:25:44,965] Trial 6 finished with value: -0.07345981021021086 and parameters: {'confidence_threshold': 0.7376932868314098, 'training_days': 290, 'n_estimators': 249, 'max_depth': 5, 'num_leaves': 121, 'learning_rate': 0.015565840632862623, 'subsample': 0.8390183783709677, 'min_child_samples': 19, 'reg_alpha': 1.860444687368747e-08, 'reg_lambda': 2.7391483548058117e-06}. Best is trial 5 with value: 0.07219402982751419.
[I 2026-05-06 02:25:45,004] Trial 7 finished with value: 0.028961716098846502 and parameters: {'confidence_threshold': 0.563503962036334, 'training_days': 70, 'n_estimators': 63, 'max_depth': 3, 'num_leaves': 47, 'learning_rate': 0.18074927623018475, 'subsample': 0.5059692991701257, 'min_child_samples': 9, 'reg_alpha': 3.6945804405602874e-08, 'reg_lambda': 0.027706035542028905}. Best is trial 5 with value: 0.07219402982751419.
[I 2026-05-06 02:25:45,091] Trial 8 finished with value: -0.023687781739306437 and parameters: {'confidence_threshold': 0.6525471176758836, 'training_days': 440, 'n_estimators': 116, 'max_depth': 4, 'num_leaves': 115, 'learning_rate': 0.010229952960863938, 'subsample': 0.5062159465415076, 'min_child_samples': 54, 'reg_alpha': 6.790626457822126e-06, 'reg_lambda': 1.7869141074987722e-05}. Best is trial 5 with value: 0.07219402982751419.
[I 2026-05-06 02:25:45,186] Trial 9 finished with value: -0.15895806381821026 and parameters: {'confidence_threshold': 0.7277571993354469, 'training_days': 360, 'n_estimators': 75, 'max_depth': 5, 'num_leaves': 41, 'learning_rate': 0.014186743931212992, 'subsample': 0.7445187273047605, 'min_child_samples': 22, 'reg_alpha': 0.02393227447113315, 'reg_lambda': 0.009236766173618426}. Best is trial 5 with value: 0.07219402982751419.
[I 2026-05-06 02:25:45,669] A new study created in memory with name: no-name-b8a6efa3-b522-45d4-9dfe-d780d3fd1483
[I 2026-05-06 02:25:45,926] Trial 0 finished with value: -0.04204303176899634 and parameters: {'confidence_threshold': 0.7790993046299082, 'training_days': 230, 'n_estimators': 295, 'max_depth': 5, 'num_leaves': 83, 'learning_rate': 0.051543455158230854, 'subsample': 0.8773243492079463, 'min_child_samples': 10, 'reg_alpha': 0.034096514368237685, 'reg_lambda': 3.154180388637081e-05}. Best is trial 0 with value: -0.04204303176899634.
[I 2026-05-06 02:25:46,056] Trial 1 finished with value: 0.11603415412555443 and parameters: {'confidence_threshold': 0.6929247853618086, 'training_days': 410, 'n_estimators': 233, 'max_depth': 5, 'num_leaves': 108, 'learning_rate': 0.013724237108071606, 'subsample': 0.7013182233636002, 'min_child_samples': 94, 'reg_alpha': 2.4040959529260723e-06, 'reg_lambda': 5.320966582161148}. Best is trial 1 with value: 0.11603415412555443.
[I 2026-05-06 02:25:46,132] Trial 2 finished with value: -0.005993495110700775 and parameters: {'confidence_threshold': 0.546341527225763, 'training_days': 270, 'n_estimators': 120, 'max_depth': 4, 'num_leaves': 53, 'learning_rate': 0.060197068579343475, 'subsample': 0.588227873455941, 'min_child_samples': 91, 'reg_alpha': 2.3457771824819002e-08, 'reg_lambda': 1.1358840775642732e-08}. Best is trial 1 with value: 0.11603415412555443.
[I 2026-05-06 02:25:46,309] Trial 3 finished with value: -0.039897020262964246 and parameters: {'confidence_threshold': 0.6000319676300473, 'training_days': 270, 'n_estimators': 382, 'max_depth': 4, 'num_leaves': 44, 'learning_rate': 0.09185046765032388, 'subsample': 0.6743651508646724, 'min_child_samples': 77, 'reg_alpha': 0.0013974578104212739, 'reg_lambda': 8.97190257982477e-08}. Best is trial 1 with value: 0.11603415412555443.
[I 2026-05-06 02:25:46,704] Trial 4 finished with value: 0.03214109446285945 and parameters: {'confidence_threshold': 0.7642618789055509, 'training_days': 390, 'n_estimators': 464, 'max_depth': 5, 'num_leaves': 30, 'learning_rate': 0.024562383309704932, 'subsample': 0.8612975035964376, 'min_child_samples': 36, 'reg_alpha': 1.593999300080167, 'reg_lambda': 0.006081270362829788}. Best is trial 1 with value: 0.11603415412555443.
[I 2026-05-06 02:25:46,853] Trial 5 finished with value: -0.04639293480635709 and parameters: {'confidence_threshold': 0.6029115860358569, 'training_days': 60, 'n_estimators': 441, 'max_depth': 3, 'num_leaves': 66, 'learning_rate': 0.044953114425778824, 'subsample': 0.7098948461279406, 'min_child_samples': 15, 'reg_alpha': 4.888753565548431e-07, 'reg_lambda': 4.198190642566389}. Best is trial 1 with value: 0.11603415412555443.
[I 2026-05-06 02:25:47,101] Trial 6 finished with value: -0.02277118971779239 and parameters: {'confidence_threshold': 0.7376932868314098, 'training_days': 290, 'n_estimators': 249, 'max_depth': 5, 'num_leaves': 121, 'learning_rate': 0.015565840632862623, 'subsample': 0.8390183783709677, 'min_child_samples': 19, 'reg_alpha': 1.860444687368747e-08, 'reg_lambda': 2.7391483548058117e-06}. Best is trial 1 with value: 0.11603415412555443.
[I 2026-05-06 02:25:47,137] Trial 7 finished with value: -0.010145278665532354 and parameters: {'confidence_threshold': 0.563503962036334, 'training_days': 70, 'n_estimators': 63, 'max_depth': 3, 'num_leaves': 47, 'learning_rate': 0.18074927623018475, 'subsample': 0.5059692991701257, 'min_child_samples': 9, 'reg_alpha': 3.6945804405602874e-08, 'reg_lambda': 0.027706035542028905}. Best is trial 1 with value: 0.11603415412555443.
[I 2026-05-06 02:25:47,221] Trial 8 finished with value: 0.08915742782812586 and parameters: {'confidence_threshold': 0.6525471176758836, 'training_days': 440, 'n_estimators': 116, 'max_depth': 4, 'num_leaves': 115, 'learning_rate': 0.010229952960863938, 'subsample': 0.5062159465415076, 'min_child_samples': 54, 'reg_alpha': 6.790626457822126e-06, 'reg_lambda': 1.7869141074987722e-05}. Best is trial 1 with value: 0.11603415412555443.
