[I 2026-05-06 02:23:38,737] Trial 9 finished with value: -4.083989945328429 and parameters: {'confidence_threshold': 0.7277571993354469, 'training_days': 360, 'n_estimators': 75, 'max_depth': 5, 'num_leaves': 41, 'learning_rate': 0.014186743931212992, 'subsample': 0.7445187273047605, 'min_child_samples': 22, 'reg_alpha': 0.02393227447113315, 'reg_lambda': 0.009236766173618426}. Best is trial 0 with value: -2.027794245254449.

    [trial 3] 14 features, training_days=270 | threshold=0.600 | labels: 1289 long, 901 short (59/41%)
    [trial 3] Sharpe=-2.0029 (folds: -0.0907, 0.0435, 0.0244, 0.0083, -10.0000)
    [trial 4] 14 features, training_days=390 | threshold=0.764 | labels: 1289 long, 901 short (59/41%)
    [trial 4] Sharpe=-2.0561 (folds: -0.1165, 0.0315, -0.1919, -0.0036, -10.0000)
    [trial 5] 14 features, training_days=60 | threshold=0.603 | labels: 1289 long, 901 short (59/41%)
    [trial 5] Sharpe=-2.0421 (folds: -0.0246, 0.0126, -0.2093, 0.0107, -10.0000)
    [trial 6] 14 features, training_days=290 | threshold=0.738 | labels: 1289 long, 901 short (59/41%)
    [trial 6] Sharpe=-2.0777 (folds: -0.2596, -0.0076, -0.0808, -0.0408, -10.0000)
    [trial 7] 14 features, training_days=70 | threshold=0.564 | labels: 1289 long, 901 short (59/41%)
    [trial 7] Sharpe=-2.0604 (folds: -0.0961, 0.0504, -0.2093, -0.0471, -10.0000)
    [trial 8] 14 features, training_days=440 | threshold=0.653 | labels: 1289 long, 901 short (59/41%)
    [trial 8] Sharpe=-3.9895 (folds: -0.1793, 0.2469, -0.0150, -10.0000, -10.0000)
    [trial 9] 14 features, training_days=360 | threshold=0.728 | labels: 1289 long, 901 short (59/41%)
    [trial 9] Sharpe=-2.0130 (folds: -0.1004, 0.0783, -0.0421, -0.0009, -10.0000)
  Optuna: 10 trials, best Sharpe = -2.0029
  Best params: n_estimators=382, max_depth=4, lr=0.0919, leaves=44
  Best confidence_threshold: 0.600
  Best training_days: 270
  Retrained on full data (810 samples, 14 features)
  Model trained for 2026-04: 90 test candles with features, confidence_threshold=0.600
[lgbm] === Training for 2026-05 ===
  Train window: 2024-05-01 → 2026-05-01
  2190 training samples from 1 symbols
  Samples per month: 2024-05: 93, 2024-06: 90, 2024-07: 93, 2024-08: 93, 2024-09: 90, 2024-10: 93, 2024-11: 90, 2024-12: 93, 2025-01: 93, 2025-02: 84, 2025-03: 93, 2025-04: 90, 2025-05: 93, 2025-06: 90, 2025-07: 93, 2025-08: 93, 2025-09: 90, 2025-10: 93, 2025-11: 90, 2025-12: 93, 2026-01: 93, 2026-02: 84, 2026-03: 93, 2026-04: 90
  [label] 2024-07-02 08:00 MKRUSDT entry=2541.7000 → SHORT | long=sl(-4.88%) short=tp(+9.45%) | scanned=4 | short_tp_only
  [label] 2024-07-04 08:00 MKRUSDT entry=2254.9000 → SHORT | long=sl(-5.63%) short=tp(+10.97%) | scanned=2 | short_tp_only
  [label] 2024-07-08 08:00 MKRUSDT entry=2153.9000 → LONG | long=tp(+12.68%) short=sl(-6.49%) | scanned=13 | long_tp_only
  [label] 2024-08-02 08:00 MKRUSDT entry=2557.0000 → SHORT | long=sl(-6.28%) short=tp(+12.26%) | scanned=6 | short_tp_only
  [label] 2024-09-24 08:00 MKRUSDT entry=1569.2000 → LONG | long=tp(+9.62%) short=sl(-4.96%) | scanned=10 | long_tp_only
  [label] 2025-03-10 16:00 MKRUSDT entry=1113.7000 → LONG | long=timeout(+8.19%) short=timeout(-8.39%) | scanned=22 | no_tp→fwd_return=+8.2877
  [label] 2025-03-15 00:00 MKRUSDT entry=1180.1000 → LONG | long=timeout(+4.87%) short=sl(-9.36%) | scanned=22 | no_tp→fwd_return=+4.9742
  [label] 2025-03-25 16:00 MKRUSDT entry=1292.9000 → LONG | long=tp(+10.42%) short=sl(-5.36%) | scanned=4 | long_tp_only
  [label] 2025-05-10 00:00 MKRUSDT entry=1771.2000 → LONG | long=tp(+9.92%) short=sl(-5.11%) | scanned=12 | long_tp_only
  [label] 2025-05-18 16:00 MKRUSDT entry=1743.8000 → SHORT | long=sl(-6.33%) short=timeout(+5.58%) | scanned=22 | no_tp→fwd_return=-5.6830
  [label] 2025-08-18 00:00 MKRUSDT entry=1774.4000 → SHORT | long=sl(-5.44%) short=tp(+10.59%) | scanned=7 | short_tp_only
  [label] 2025-09-19 00:00 MKRUSDT entry=1650.1000 → LONG | long=timeout(-0.10%) short=timeout(-0.10%) | scanned=22 | no_tp→fwd_return=+0.0000
  [label] 2025-10-05 08:00 MKRUSDT entry=1650.1000 → LONG | long=timeout(-0.10%) short=timeout(-0.10%) | scanned=22 | no_tp→fwd_return=+0.0000
  [label] 2025-10-18 08:00 MKRUSDT entry=1650.1000 → LONG | long=timeout(-0.10%) short=timeout(-0.10%) | scanned=22 | no_tp→fwd_return=+0.0000
  [label] 2025-11-06 00:00 MKRUSDT entry=1650.1000 → LONG | long=timeout(-0.10%) short=timeout(-0.10%) | scanned=22 | no_tp→fwd_return=+0.0000
  [label] 2025-11-12 08:00 MKRUSDT entry=1650.1000 → LONG | long=timeout(-0.10%) short=timeout(-0.10%) | scanned=22 | no_tp→fwd_return=+0.0000
  [label] 2025-11-24 16:00 MKRUSDT entry=1650.1000 → LONG | long=timeout(-0.10%) short=timeout(-0.10%) | scanned=22 | no_tp→fwd_return=+0.0000
  [label] 2026-01-03 16:00 MKRUSDT entry=1650.1000 → LONG | long=timeout(-0.10%) short=timeout(-0.10%) | scanned=22 | no_tp→fwd_return=+0.0000
  [label] 2026-01-13 16:00 MKRUSDT entry=1650.1000 → LONG | long=timeout(-0.10%) short=timeout(-0.10%) | scanned=22 | no_tp→fwd_return=+0.0000
  [label] 2026-04-10 08:00 MKRUSDT entry=1650.1000 → LONG | long=timeout(-0.10%) short=timeout(-0.10%) | scanned=22 | no_tp→fwd_return=+0.0000
  Labels: 1366 long (62.4%), 824 short (37.6%) | weights: min=1.00, mean=3.19, max=10.00
  Features: 2190/2190 matched, 14 columns
  CV gap: 22 rows
    [trial 0] 14 features, training_days=230 | threshold=0.779 | labels: 1366 long, 824 short (62/38%)
    [CV fold 0] train_end=2024-08-23 00:00 | val_start=2024-08-30 16:00 | gap=184h (22 rows)
    [CV fold 1] train_end=2024-12-22 16:00 | val_start=2024-12-30 08:00 | gap=184h (22 rows)
    [CV fold 2] train_end=2025-04-23 08:00 | val_start=2025-05-01 00:00 | gap=184h (22 rows)
    [CV fold 3] train_end=2025-08-23 00:00 | val_start=2025-08-30 16:00 | gap=184h (22 rows)
    [CV fold 4] train_end=2025-12-22 16:00 | val_start=2025-12-30 08:00 | gap=184h (22 rows)
    [trial 0] Sharpe=-2.0278 (folds: -0.0654, 0.0139, -0.0574, -0.0300, -10.0000)
    [trial 1] 14 features, training_days=410 | threshold=0.693 | labels: 1366 long, 824 short (62/38%)
    [trial 1] Sharpe=-4.0659 (folds: -0.1162, 0.1693, -0.3825, -10.0000, -10.0000)
    [trial 2] 14 features, training_days=270 | threshold=0.546 | labels: 1366 long, 824 short (62/38%)
    [trial 2] Sharpe=-2.0796 (folds: -0.1817, -0.0226, -0.0917, -0.1019, -10.0000)
    [trial 3] 14 features, training_days=270 | threshold=0.600 | labels: 1366 long, 824 short (62/38%)
    [trial 3] Sharpe=-2.0598 (folds: -0.0056, -0.0707, -0.1345, -0.0880, -10.0000)
    [trial 4] 14 features, training_days=390 | threshold=0.764 | labels: 1366 long, 824 short (62/38%)
    [trial 4] Sharpe=-2.1172 (folds: -0.0158, 0.0121, -0.2720, -0.3103, -10.0000)
    [trial 5] 14 features, training_days=60 | threshold=0.603 | labels: 1366 long, 824 short (62/38%)
    [trial 5] Sharpe=-2.0567 (folds: 0.0352, -0.0956, -0.1383, -0.0848, -10.0000)
    [trial 6] 14 features, training_days=290 | threshold=0.738 | labels: 1366 long, 824 short (62/38%)
    [trial 6] Sharpe=-2.0445 (folds: -0.0196, 0.0050, -0.2120, 0.0042, -10.0000)
    [trial 7] 14 features, training_days=70 | threshold=0.564 | labels: 1366 long, 824 short (62/38%)
    [trial 7] Sharpe=-2.0656 (folds: -0.0235, -0.1158, -0.0837, -0.1050, -10.0000)
    [trial 8] 14 features, training_days=440 | threshold=0.653 | labels: 1366 long, 824 short (62/38%)
    [trial 8] Sharpe=-4.0666 (folds: -0.0298, 0.0536, -0.3566, -10.0000, -10.0000)
    [trial 9] 14 features, training_days=360 | threshold=0.728 | labels: 1366 long, 824 short (62/38%)
    [trial 9] Sharpe=-4.0840 (folds: -0.0458, 0.0345, -0.4086, -10.0000, -10.0000)
  Optuna: 10 trials, best Sharpe = -2.0278
  Best params: n_estimators=295, max_depth=5, lr=0.0515, leaves=83
  Best confidence_threshold: 0.779
  Best training_days: 230
  Retrained on full data (690 samples, 14 features)
  Model trained for 2026-05: 11 test candles with features, confidence_threshold=0.779
B (MKRUSDT): 86 trades in 93s (seed=42)
  gate stats: {'MKRUSDT': {'signals_seen': 2757, 'killed_by_zscore': 913, 'killed_by_hurst': 175, 'killed_by_adx': 542, 'killed_by_low_vol': 470, 'kill_rate': 0.7616974972796517, 'vol_scaled_signals': 657, 'mean_vol_scale': 0.7596812066420385}}
============================================================
MODEL C (LDOUSDT) — seed 42
============================================================
[lgbm] 14 feature columns, 21 walk-forward splits
[lgbm] ATR labeling: 3961/3965 rows with ATR values
[lgbm] No split for 2022-09 (insufficient training data)
[lgbm] No split for 2022-10 (insufficient training data)[I 2026-05-06 02:23:39,034] A new study created in memory with name: no-name-8114251a-cfb3-4158-9d7d-0c9128180d58
[I 2026-05-06 02:23:39,352] Trial 0 finished with value: -0.11185369016169729 and parameters: {'confidence_threshold': 0.7790993046299082, 'training_days': 230, 'n_estimators': 295, 'max_depth': 5, 'num_leaves': 83, 'learning_rate': 0.051543455158230854, 'subsample': 0.8773243492079463, 'min_child_samples': 10, 'reg_alpha': 0.034096514368237685, 'reg_lambda': 3.154180388637081e-05}. Best is trial 0 with value: -0.11185369016169729.
[I 2026-05-06 02:23:39,522] Trial 1 finished with value: -0.008056814636817334 and parameters: {'confidence_threshold': 0.6929247853618086, 'training_days': 410, 'n_estimators': 233, 'max_depth': 5, 'num_leaves': 108, 'learning_rate': 0.013724237108071606, 'subsample': 0.7013182233636002, 'min_child_samples': 94, 'reg_alpha': 2.4040959529260723e-06, 'reg_lambda': 5.320966582161148}. Best is trial 1 with value: -0.008056814636817334.
[I 2026-05-06 02:23:39,600] Trial 2 finished with value: -0.056232406826220015 and parameters: {'confidence_threshold': 0.546341527225763, 'training_days': 270, 'n_estimators': 120, 'max_depth': 4, 'num_leaves': 53, 'learning_rate': 0.060197068579343475, 'subsample': 0.588227873455941, 'min_child_samples': 91, 'reg_alpha': 2.3457771824819002e-08, 'reg_lambda': 1.1358840775642732e-08}. Best is trial 1 with value: -0.008056814636817334.
[I 2026-05-06 02:23:39,809] Trial 3 finished with value: -0.023239915785447558 and parameters: {'confidence_threshold': 0.6000319676300473, 'training_days': 270, 'n_estimators': 382, 'max_depth': 4, 'num_leaves': 44, 'learning_rate': 0.09185046765032388, 'subsample': 0.6743651508646724, 'min_child_samples': 77, 'reg_alpha': 0.0013974578104212739, 'reg_lambda': 8.97190257982477e-08}. Best is trial 1 with value: -0.008056814636817334.
[I 2026-05-06 02:23:40,293] Trial 4 finished with value: -0.08032709483885736 and parameters: {'confidence_threshold': 0.7642618789055509, 'training_days': 390, 'n_estimators': 464, 'max_depth': 5, 'num_leaves': 30, 'learning_rate': 0.024562383309704932, 'subsample': 0.8612975035964376, 'min_child_samples': 36, 'reg_alpha': 1.593999300080167, 'reg_lambda': 0.006081270362829788}. Best is trial 1 with value: -0.008056814636817334.
[I 2026-05-06 02:23:40,455] Trial 5 finished with value: -0.020150617368619412 and parameters: {'confidence_threshold': 0.6029115860358569, 'training_days': 60, 'n_estimators': 441, 'max_depth': 3, 'num_leaves': 66, 'learning_rate': 0.044953114425778824, 'subsample': 0.7098948461279406, 'min_child_samples': 15, 'reg_alpha': 4.888753565548431e-07, 'reg_lambda': 4.198190642566389}. Best is trial 1 with value: -0.008056814636817334.
[I 2026-05-06 02:23:40,738] Trial 6 finished with value: -0.12625068146151985 and parameters: {'confidence_threshold': 0.7376932868314098, 'training_days': 290, 'n_estimators': 249, 'max_depth': 5, 'num_leaves': 121, 'learning_rate': 0.015565840632862623, 'subsample': 0.8390183783709677, 'min_child_samples': 19, 'reg_alpha': 1.860444687368747e-08, 'reg_lambda': 2.7391483548058117e-06}. Best is trial 1 with value: -0.008056814636817334.
[I 2026-05-06 02:23:40,779] Trial 7 finished with value: -0.004446429465748405 and parameters: {'confidence_threshold': 0.563503962036334, 'training_days': 70, 'n_estimators': 63, 'max_depth': 3, 'num_leaves': 47, 'learning_rate': 0.18074927623018475, 'subsample': 0.5059692991701257, 'min_child_samples': 9, 'reg_alpha': 3.6945804405602874e-08, 'reg_lambda': 0.027706035542028905}. Best is trial 7 with value: -0.004446429465748405.
[I 2026-05-06 02:23:40,890] Trial 8 finished with value: -0.012934763782565662 and parameters: {'confidence_threshold': 0.6525471176758836, 'training_days': 440, 'n_estimators': 116, 'max_depth': 4, 'num_leaves': 115, 'learning_rate': 0.010229952960863938, 'subsample': 0.5062159465415076, 'min_child_samples': 54, 'reg_alpha': 6.790626457822126e-06, 'reg_lambda': 1.7869141074987722e-05}. Best is trial 7 with value: -0.004446429465748405.
[I 2026-05-06 02:23:41,017] Trial 9 finished with value: -0.13881029678163914 and parameters: {'confidence_threshold': 0.7277571993354469, 'training_days': 360, 'n_estimators': 75, 'max_depth': 5, 'num_leaves': 41, 'learning_rate': 0.014186743931212992, 'subsample': 0.7445187273047605, 'min_child_samples': 22, 'reg_alpha': 0.02393227447113315, 'reg_lambda': 0.009236766173618426}. Best is trial 7 with value: -0.004446429465748405.

[lgbm] No split for 2022-11 (insufficient training data)
[lgbm] No split for 2022-12 (insufficient training data)
[lgbm] No split for 2023-01 (insufficient training data)
[lgbm] No split for 2023-02 (insufficient training data)
[lgbm] No split for 2023-03 (insufficient training data)
[lgbm] No split for 2023-04 (insufficient training data)
[lgbm] No split for 2023-05 (insufficient training data)
[lgbm] No split for 2023-06 (insufficient training data)
[lgbm] No split for 2023-07 (insufficient training data)
[lgbm] No split for 2023-08 (insufficient training data)
[lgbm] No split for 2023-09 (insufficient training data)
[lgbm] No split for 2023-10 (insufficient training data)
[lgbm] No split for 2023-11 (insufficient training data)
[lgbm] No split for 2023-12 (insufficient training data)
[lgbm] No split for 2024-01 (insufficient training data)
[lgbm] No split for 2024-02 (insufficient training data)
[lgbm] No split for 2024-03 (insufficient training data)
[lgbm] No split for 2024-04 (insufficient training data)
[lgbm] No split for 2024-05 (insufficient training data)
[lgbm] No split for 2024-06 (insufficient training data)
[lgbm] No split for 2024-07 (insufficient training data)
[lgbm] No split for 2024-08 (insufficient training data)
[lgbm] === Training for 2024-09 ===
  Train window: 2022-09-01 → 2024-09-01
  2129 training samples from 1 symbols
  Samples per month: 2022-09: 26, 2022-10: 93, 2022-11: 90, 2022-12: 93, 2023-01: 93, 2023-02: 84, 2023-03: 93, 2023-04: 90, 2023-05: 93, 2023-06: 90, 2023-07: 93, 2023-08: 93, 2023-09: 90, 2023-10: 93, 2023-11: 90, 2023-12: 93, 2024-01: 93, 2024-02: 87, 2024-03: 93, 2024-04: 90, 2024-05: 93, 2024-06: 90, 2024-07: 93, 2024-08: 93
  [label] 2022-11-21 16:00 LDOUSDT entry=1.1071 → SHORT | long=timeout(-2.59%) short=timeout(+2.39%) | scanned=22 | no_tp→fwd_return=-2.4930
  [label] 2022-11-24 00:00 LDOUSDT entry=1.1756 → SHORT | long=sl(-8.22%) short=timeout(+3.71%) | scanned=22 | no_tp→fwd_return=-3.8108
  [label] 2022-11-27 16:00 LDOUSDT entry=1.0748 → LONG | long=timeout(+2.76%) short=sl(-6.98%) | scanned=22 | no_tp→fwd_return=+2.8563
  [label] 2022-12-22 00:00 LDOUSDT entry=0.9016 → LONG | long=tp(+11.99%) short=sl(-6.14%) | scanned=13 | long_tp_only
  [label] 2023-02-11 08:00 LDOUSDT entry=2.3357 → LONG | long=tp(+27.03%) short=sl(-13.67%) | scanned=16 | long_tp_only
  [label] 2023-07-24 08:00 LDOUSDT entry=1.9211 → SHORT | long=timeout(-2.71%) short=sl(-6.01%) | scanned=22 | no_tp→fwd_return=-2.6131
  [label] 2023-07-28 08:00 LDOUSDT entry=1.9230 → SHORT | long=sl(-5.33%) short=timeout(+2.84%) | scanned=22 | no_tp→fwd_return=-2.9381
  [label] 2023-08-07 16:00 LDOUSDT entry=1.8432 → LONG | long=timeout(+0.13%) short=sl(-4.18%) | scanned=22 | no_tp→fwd_return=+0.2333
  [label] 2023-09-21 00:00 LDOUSDT entry=1.5550 → SHORT | long=sl(-3.74%) short=tp(+7.17%) | scanned=17 | short_tp_only
  [label] 2023-09-29 08:00 LDOUSDT entry=1.6167 → SHORT | long=sl(-3.84%) short=sl(-3.84%) | scanned=10 | no_tp→fwd_return=-3.2845
  [label] 2023-12-27 00:00 LDOUSDT entry=2.3873 → LONG | long=tp(+13.97%) short=sl(-7.14%) | scanned=1 | long_tp_only
  [label] 2024-01-27 08:00 LDOUSDT entry=3.0108 → SHORT | long=sl(-7.01%) short=sl(-7.01%) | scanned=13 | no_tp→fwd_return=-6.0050
  [label] 2024-02-12 00:00 LDOUSDT entry=2.8851 → LONG | long=tp(+9.77%) short=sl(-5.04%) | scanned=4 | long_tp_only
  [label] 2024-02-24 16:00 LDOUSDT entry=3.2912 → LONG | long=sl(-6.64%) short=sl(-6.64%) | scanned=12 | no_tp→fwd_return=+3.8588
  [label] 2024-03-13 16:00 LDOUSDT entry=3.4348 → SHORT | long=sl(-7.42%) short=tp(+14.53%) | scanned=4 | short_tp_only
  [label] 2024-03-19 16:00 LDOUSDT entry=2.3104 → LONG | long=tp(+23.08%) short=sl(-11.69%) | scanned=5 | long_tp_only
  [label] 2024-04-01 00:00 LDOUSDT entry=2.8516 → SHORT | long=sl(-7.70%) short=tp(+15.10%) | scanned=12 | short_tp_only
  [label] 2024-05-09 16:00 LDOUSDT entry=1.9007 → SHORT | long=sl(-6.88%) short=tp(+13.47%) | scanned=13 | short_tp_only
  [label] 2024-05-19 08:00 LDOUSDT entry=1.7429 → LONG | long=tp(+12.52%) short=sl(-6.41%) | scanned=4 | long_tp_only
  [label] 2024-08-12 00:00 LDOUSDT entry=1.0632 → SHORT | long=sl(-9.81%) short=timeout(+1.43%) | scanned=22 | no_tp→fwd_return=-1.5331
  Labels: 1020 long (47.9%), 1109 short (52.1%) | weights: min=1.00, mean=3.57, max=10.00
  Features: 2129/2129 matched, 14 columns
  CV gap: 22 rows
    [trial 0] 14 features, training_days=230 | threshold=0.779 | labels: 1020 long, 1109 short (48/52%)
    [CV fold 0] train_end=2023-01-12 08:00 | val_start=2023-01-20 00:00 | gap=184h (22 rows)
    [CV fold 1] train_end=2023-05-10 08:00 | val_start=2023-05-18 00:00 | gap=184h (22 rows)
    [CV fold 2] train_end=2023-09-05 08:00 | val_start=2023-09-13 00:00 | gap=184h (22 rows)
    [CV fold 3] train_end=2024-01-01 08:00 | val_start=2024-01-09 00:00 | gap=184h (22 rows)
    [CV fold 4] train_end=2024-04-28 08:00 | val_start=2024-05-06 00:00 | gap=184h (22 rows)
    [trial 0] Sharpe=-0.1119 (folds: 0.1116, -0.1147, -0.2747, -0.1514, -0.1300)
    [trial 1] 14 features, training_days=410 | threshold=0.693 | labels: 1020 long, 1109 short (48/52%)
    [trial 1] Sharpe=-0.0081 (folds: 0.1426, -0.2231, -0.2854, 0.0342, 0.2914)
    [trial 2] 14 features, training_days=270 | threshold=0.546 | labels: 1020 long, 1109 short (48/52%)
    [trial 2] Sharpe=-0.0562 (folds: 0.1575, -0.1247, -0.3276, -0.0785, 0.0921)
    [trial 3] 14 features, training_days=270 | threshold=0.600 | labels: 1020 long, 1109 short (48/52%)
    [trial 3] Sharpe=-0.0232 (folds: 0.1826, -0.0293, -0.3054, 0.0026, 0.0334)
    [trial 4] 14 features, training_days=390 | threshold=0.764 | labels: 1020 long, 1109 short (48/52%)
    [trial 4] Sharpe=-0.0803 (folds: 0.0889, -0.1857, -0.1810, -0.1392, 0.0154)
    [trial 5] 14 features, training_days=60 | threshold=0.603 | labels: 1020 long, 1109 short (48/52%)
    [trial 5] Sharpe=-0.0202 (folds: 0.1204, 0.1264, -0.4121, -0.1747, 0.2391)
    [trial 6] 14 features, training_days=290 | threshold=0.738 | labels: 1020 long, 1109 short (48/52%)
    [trial 6] Sharpe=-0.1263 (folds: 0.2689, -0.4344, -0.3685, -0.1577, 0.0605)
    [trial 7] 14 features, training_days=70 | threshold=0.564 | labels: 1020 long, 1109 short (48/52%)
    [trial 7] Sharpe=-0.0044 (folds: 0.0718, 0.0944, -0.0845, -0.2067, 0.1027)
    [trial 8] 14 features, training_days=440 | threshold=0.653 | labels: 1020 long, 1109 short (48/52%)
    [trial 8] Sharpe=-0.0129 (folds: 0.1980, -0.3072, -0.2236, 0.0390, 0.2291)
    [trial 9] 14 features, training_days=360 | threshold=0.728 | labels: 1020 long, 1109 short (48/52%)
    [trial 9] Sharpe=-0.1388 (folds: 0.2899, -0.5351, -0.0686, -0.6522, 0.2720)
  Optuna: 10 trials, best Sharpe = -0.0044
  Best params: n_estimators=63, max_depth=3, lr=0.1807, leaves=47
  Best confidence_threshold: 0.564
  Best training_days: 70
  Retrained on full data (210 samples, 14 features)
  Model trained for 2024-09: 90 test candles with features, confidence_threshold=0.564
[predict] 2024-09-23 00:00 LDOUSDT → SHORT (proba=1.00 TP=12.1%/SL=6.1%)
[trade:open] 2024-09-23 07:59 LDOUSDT SHORT @ 1.14 | SL=1.21 TP=1.00 | timeout=2024-09-30 07:59
[trade:close] 2024-09-23 23:59 LDOUSDT SHORT → stop_loss @ 1.21 | PnL=-6.06% (net -6.16%) | cum=-6.16% 2024-09=-6.16% 2024-09-23=-6.16%
[predict] 2024-09-25 08:00 LDOUSDT → SHORT (proba=1.00 TP=11.6%/SL=5.8%)
[trade:open] 2024-09-25 15:59 LDOUSDT SHORT @ 1.29 | SL=1.36 TP=1.14 | timeout=2024-10-02 15:59
[trade:close] 2024-09-27 23:59 LDOUSDT SHORT → stop_loss @ 1.36 | PnL=-5.78% (net -5.88%) | cum=-12.03% 2024-09=-12.03% 2024-09-27=-5.88%
[predict] 2024-09-29 08:00 LDOUSDT → SHORT (proba=1.00 TP=11.8%/SL=5.9%)
[trade:open] 2024-09-29 15:59 LDOUSDT SHORT @ 1.33 | SL=1.41 TP=1.17 | timeout=2024-10-06 15:59
[lgbm] === Training for 2024-10 ===
  Train window: 2022-10-01 → 2024-10-01
  2193 training samples from 1 symbols
  Samples per month: 2022-10: 93, 2022-11: 90, 2022-12: 93, 2023-01: 93, 2023-02: 84, 2023-03: 93, 2023-04: 90, 2023-05: 93, 2023-06: 90, 2023-07: 93, 2023-08: 93, 2023-09: 90, 2023-10: 93, 2023-11: 90, 2023-12: 93, 2024-01: 93, 2024-02: 87, 2024-03: 93, 2024-04: 90, 2024-05: 93, 2024-06: 90, 2024-07: 93, 2024-08: 93, 2024-09: 90[I 2026-05-06 02:23:41,368] A new study created in memory with name: no-name-d938ec76-3427-41d8-803b-a73ebd5718a5
[I 2026-05-06 02:23:41,639] Trial 0 finished with value: -0.08169680556855338 and parameters: {'confidence_threshold': 0.7790993046299082, 'training_days': 230, 'n_estimators': 295, 'max_depth': 5, 'num_leaves': 83, 'learning_rate': 0.051543455158230854, 'subsample': 0.8773243492079463, 'min_child_samples': 10, 'reg_alpha': 0.034096514368237685, 'reg_lambda': 3.154180388637081e-05}. Best is trial 0 with value: -0.08169680556855338.
