[I 2026-05-06 02:25:39,420] Trial 0 finished with value: -0.12007714591913725 and parameters: {'confidence_threshold': 0.7790993046299082, 'training_days': 230, 'n_estimators': 295, 'max_depth': 5, 'num_leaves': 83, 'learning_rate': 0.051543455158230854, 'subsample': 0.8773243492079463, 'min_child_samples': 10, 'reg_alpha': 0.034096514368237685, 'reg_lambda': 3.154180388637081e-05}. Best is trial 0 with value: -0.12007714591913725.
[I 2026-05-06 02:25:39,558] Trial 1 finished with value: -0.06492051584222547 and parameters: {'confidence_threshold': 0.6929247853618086, 'training_days': 410, 'n_estimators': 233, 'max_depth': 5, 'num_leaves': 108, 'learning_rate': 0.013724237108071606, 'subsample': 0.7013182233636002, 'min_child_samples': 94, 'reg_alpha': 2.4040959529260723e-06, 'reg_lambda': 5.320966582161148}. Best is trial 1 with value: -0.06492051584222547.
[I 2026-05-06 02:25:39,621] Trial 2 finished with value: -0.06395230738264837 and parameters: {'confidence_threshold': 0.546341527225763, 'training_days': 270, 'n_estimators': 120, 'max_depth': 4, 'num_leaves': 53, 'learning_rate': 0.060197068579343475, 'subsample': 0.588227873455941, 'min_child_samples': 91, 'reg_alpha': 2.3457771824819002e-08, 'reg_lambda': 1.1358840775642732e-08}. Best is trial 2 with value: -0.06395230738264837.
[I 2026-05-06 02:25:39,803] Trial 3 finished with value: -0.07991307519214376 and parameters: {'confidence_threshold': 0.6000319676300473, 'training_days': 270, 'n_estimators': 382, 'max_depth': 4, 'num_leaves': 44, 'learning_rate': 0.09185046765032388, 'subsample': 0.6743651508646724, 'min_child_samples': 77, 'reg_alpha': 0.0013974578104212739, 'reg_lambda': 8.97190257982477e-08}. Best is trial 2 with value: -0.06395230738264837.
[I 2026-05-06 02:25:40,195] Trial 4 finished with value: -0.18350827607028353 and parameters: {'confidence_threshold': 0.7642618789055509, 'training_days': 390, 'n_estimators': 464, 'max_depth': 5, 'num_leaves': 30, 'learning_rate': 0.024562383309704932, 'subsample': 0.8612975035964376, 'min_child_samples': 36, 'reg_alpha': 1.593999300080167, 'reg_lambda': 0.006081270362829788}. Best is trial 2 with value: -0.06395230738264837.
[I 2026-05-06 02:25:40,345] Trial 5 finished with value: -0.08552027910551802 and parameters: {'confidence_threshold': 0.6029115860358569, 'training_days': 60, 'n_estimators': 441, 'max_depth': 3, 'num_leaves': 66, 'learning_rate': 0.044953114425778824, 'subsample': 0.7098948461279406, 'min_child_samples': 15, 'reg_alpha': 4.888753565548431e-07, 'reg_lambda': 4.198190642566389}. Best is trial 2 with value: -0.06395230738264837.
[I 2026-05-06 02:25:40,582] Trial 6 finished with value: -0.1676008317686548 and parameters: {'confidence_threshold': 0.7376932868314098, 'training_days': 290, 'n_estimators': 249, 'max_depth': 5, 'num_leaves': 121, 'learning_rate': 0.015565840632862623, 'subsample': 0.8390183783709677, 'min_child_samples': 19, 'reg_alpha': 1.860444687368747e-08, 'reg_lambda': 2.7391483548058117e-06}. Best is trial 2 with value: -0.06395230738264837.
[I 2026-05-06 02:25:40,621] Trial 7 finished with value: -0.15083684529979052 and parameters: {'confidence_threshold': 0.563503962036334, 'training_days': 70, 'n_estimators': 63, 'max_depth': 3, 'num_leaves': 47, 'learning_rate': 0.18074927623018475, 'subsample': 0.5059692991701257, 'min_child_samples': 9, 'reg_alpha': 3.6945804405602874e-08, 'reg_lambda': 0.027706035542028905}. Best is trial 2 with value: -0.06395230738264837.
[I 2026-05-06 02:25:40,718] Trial 8 finished with value: -0.17128255725080282 and parameters: {'confidence_threshold': 0.6525471176758836, 'training_days': 440, 'n_estimators': 116, 'max_depth': 4, 'num_leaves': 115, 'learning_rate': 0.010229952960863938, 'subsample': 0.5062159465415076, 'min_child_samples': 54, 'reg_alpha': 6.790626457822126e-06, 'reg_lambda': 1.7869141074987722e-05}. Best is trial 2 with value: -0.06395230738264837.
[I 2026-05-06 02:25:40,814] Trial 9 finished with value: -0.1773200457698328 and parameters: {'confidence_threshold': 0.7277571993354469, 'training_days': 360, 'n_estimators': 75, 'max_depth': 5, 'num_leaves': 41, 'learning_rate': 0.014186743931212992, 'subsample': 0.7445187273047605, 'min_child_samples': 22, 'reg_alpha': 0.02393227447113315, 'reg_lambda': 0.009236766173618426}. Best is trial 2 with value: -0.06395230738264837.

  Best confidence_threshold: 0.653
  Best training_days: 440
  Retrained on full data (1320 samples, 14 features)
  Model trained for 2024-12: 93 test candles with features, confidence_threshold=0.653
[trade:close] 2024-12-01 15:59 TRXUSDT SHORT → stop_loss @ 0.21 | PnL=-4.86% (net -4.96%) | cum=-15.15% 2024-12=-4.96% 2024-12-01=-4.96%
[lgbm] === Training for 2025-01 ===
  Train window: 2023-01-01 → 2025-01-01
  2193 training samples from 1 symbols
  Samples per month: 2023-01: 93, 2023-02: 84, 2023-03: 93, 2023-04: 90, 2023-05: 93, 2023-06: 90, 2023-07: 93, 2023-08: 93, 2023-09: 90, 2023-10: 93, 2023-11: 90, 2023-12: 93, 2024-01: 93, 2024-02: 87, 2024-03: 93, 2024-04: 90, 2024-05: 93, 2024-06: 90, 2024-07: 93, 2024-08: 93, 2024-09: 90, 2024-10: 93, 2024-11: 90, 2024-12: 93
  [label] 2023-03-04 08:00 TRXUSDT entry=0.0670 → SHORT | long=sl(-2.67%) short=tp(+5.04%) | scanned=16 | short_tp_only
  [label] 2023-03-06 16:00 TRXUSDT entry=0.0673 → SHORT | long=sl(-2.46%) short=tp(+4.62%) | scanned=9 | short_tp_only
  [label] 2023-03-10 08:00 TRXUSDT entry=0.0569 → LONG | long=tp(+8.03%) short=sl(-4.17%) | scanned=7 | long_tp_only
  [label] 2023-04-04 08:00 TRXUSDT entry=0.0657 → LONG | long=timeout(+1.59%) short=sl(-3.18%) | scanned=22 | no_tp→fwd_return=+1.6892
  [label] 2023-05-27 08:00 TRXUSDT entry=0.0761 → SHORT | long=sl(-2.42%) short=sl(-2.42%) | scanned=14 | no_tp→fwd_return=-2.3519
  [label] 2023-11-11 08:00 TRXUSDT entry=0.1081 → SHORT | long=sl(-2.86%) short=tp(+5.42%) | scanned=10 | short_tp_only
  [label] 2023-11-15 08:00 TRXUSDT entry=0.1041 → SHORT | long=sl(-2.97%) short=tp(+5.63%) | scanned=19 | short_tp_only
  [label] 2023-11-26 00:00 TRXUSDT entry=0.1085 → SHORT | long=sl(-2.67%) short=tp(+5.03%) | scanned=5 | short_tp_only
  [label] 2024-01-10 08:00 TRXUSDT entry=0.1042 → LONG | long=tp(+4.80%) short=sl(-2.55%) | scanned=8 | long_tp_only
  [label] 2024-01-19 00:00 TRXUSDT entry=0.1084 → LONG | long=timeout(+4.62%) short=sl(-3.07%) | scanned=22 | no_tp→fwd_return=+4.7250
  [label] 2024-04-19 16:00 TRXUSDT entry=0.1098 → LONG | long=tp(+6.51%) short=sl(-3.40%) | scanned=18 | long_tp_only
  [label] 2024-05-21 16:00 TRXUSDT entry=0.1236 → SHORT | long=sl(-1.63%) short=tp(+2.97%) | scanned=3 | short_tp_only
  [label] 2024-06-07 00:00 TRXUSDT entry=0.1140 → SHORT | long=sl(-1.58%) short=tp(+2.87%) | scanned=2 | short_tp_only
  [label] 2024-06-20 00:00 TRXUSDT entry=0.1167 → LONG | long=tp(+3.52%) short=sl(-1.91%) | scanned=16 | long_tp_only
  [label] 2024-07-08 16:00 TRXUSDT entry=0.1261 → LONG | long=tp(+4.43%) short=sl(-2.37%) | scanned=6 | long_tp_only
  [label] 2024-07-15 00:00 TRXUSDT entry=0.1382 → SHORT | long=sl(-2.00%) short=tp(+3.70%) | scanned=3 | short_tp_only
  [label] 2024-07-27 08:00 TRXUSDT entry=0.1372 → SHORT | long=sl(-1.69%) short=sl(-1.69%) | scanned=6 | no_tp→fwd_return=-0.3717
  [label] 2024-09-05 08:00 TRXUSDT entry=0.1502 → LONG | long=sl(-2.63%) short=sl(-2.63%) | scanned=11 | no_tp→fwd_return=+2.5767
  [label] 2024-09-15 08:00 TRXUSDT entry=0.1495 → LONG | long=timeout(+1.02%) short=sl(-1.74%) | scanned=22 | no_tp→fwd_return=+1.1174
  [label] 2024-12-11 08:00 TRXUSDT entry=0.2852 → SHORT | long=timeout(-4.60%) short=timeout(+4.40%) | scanned=22 | no_tp→fwd_return=-4.4980
  Labels: 1282 long (58.5%), 911 short (41.5%) | weights: min=1.00, mean=2.57, max=10.00
  Features: 2193/2193 matched, 14 columns
  CV gap: 22 rows
    [trial 0] 14 features, training_days=230 | threshold=0.779 | labels: 1282 long, 911 short (58/42%)
    [CV fold 0] train_end=2023-04-26 00:00 | val_start=2023-05-03 16:00 | gap=184h (22 rows)
    [CV fold 1] train_end=2023-08-25 16:00 | val_start=2023-09-02 08:00 | gap=184h (22 rows)
    [CV fold 2] train_end=2023-12-25 08:00 | val_start=2024-01-02 00:00 | gap=184h (22 rows)
    [CV fold 3] train_end=2024-04-25 00:00 | val_start=2024-05-02 16:00 | gap=184h (22 rows)
    [CV fold 4] train_end=2024-08-24 16:00 | val_start=2024-09-01 08:00 | gap=184h (22 rows)
    [trial 0] Sharpe=-0.1201 (folds: -0.3623, -0.1307, -0.0360, 0.0345, -0.1058)
    [trial 1] 14 features, training_days=410 | threshold=0.693 | labels: 1282 long, 911 short (58/42%)
    [trial 1] Sharpe=-0.0649 (folds: -0.2287, -0.2740, -0.0084, 0.2533, -0.0669)
    [trial 2] 14 features, training_days=270 | threshold=0.546 | labels: 1282 long, 911 short (58/42%)
    [trial 2] Sharpe=-0.0640 (folds: -0.2631, -0.1011, -0.1800, 0.2357, -0.0113)
    [trial 3] 14 features, training_days=270 | threshold=0.600 | labels: 1282 long, 911 short (58/42%)
    [trial 3] Sharpe=-0.0799 (folds: -0.2967, -0.0303, -0.2067, 0.1871, -0.0529)
    [trial 4] 14 features, training_days=390 | threshold=0.764 | labels: 1282 long, 911 short (58/42%)
    [trial 4] Sharpe=-0.1835 (folds: -0.4266, -0.1431, -0.1405, 0.1017, -0.3091)
    [trial 5] 14 features, training_days=60 | threshold=0.603 | labels: 1282 long, 911 short (58/42%)
    [trial 5] Sharpe=-0.0855 (folds: -0.1252, 0.0031, -0.2972, 0.1751, -0.1834)
    [trial 6] 14 features, training_days=290 | threshold=0.738 | labels: 1282 long, 911 short (58/42%)
    [trial 6] Sharpe=-0.1676 (folds: -0.5051, -0.1924, -0.1187, 0.0466, -0.0684)
    [trial 7] 14 features, training_days=70 | threshold=0.564 | labels: 1282 long, 911 short (58/42%)
    [trial 7] Sharpe=-0.1508 (folds: -0.1820, -0.1445, -0.3200, -0.0332, -0.0745)
    [trial 8] 14 features, training_days=440 | threshold=0.653 | labels: 1282 long, 911 short (58/42%)
    [trial 8] Sharpe=-0.1713 (folds: -0.4787, -0.3677, 0.0176, 0.2728, -0.3005)
    [trial 9] 14 features, training_days=360 | threshold=0.728 | labels: 1282 long, 911 short (58/42%)
    [trial 9] Sharpe=-0.1773 (folds: -0.5520, -0.2883, 0.0290, 0.1459, -0.2212)
  Optuna: 10 trials, best Sharpe = -0.0640
  Best params: n_estimators=120, max_depth=4, lr=0.0602, leaves=53
  Best confidence_threshold: 0.546
  Best training_days: 270
  Retrained on full data (810 samples, 14 features)
  Model trained for 2025-01: 93 test candles with features, confidence_threshold=0.546
[lgbm] === Training for 2025-02 ===
  Train window: 2023-02-01 → 2025-02-01
  2193 training samples from 1 symbols
  Samples per month: 2023-02: 84, 2023-03: 93, 2023-04: 90, 2023-05: 93, 2023-06: 90, 2023-07: 93, 2023-08: 93, 2023-09: 90, 2023-10: 93, 2023-11: 90, 2023-12: 93, 2024-01: 93, 2024-02: 87, 2024-03: 93, 2024-04: 90, 2024-05: 93, 2024-06: 90, 2024-07: 93, 2024-08: 93, 2024-09: 90, 2024-10: 93, 2024-11: 90, 2024-12: 93, 2025-01: 93
  [label] 2023-04-04 08:00 TRXUSDT entry=0.0657 → LONG | long=timeout(+1.59%) short=sl(-3.18%) | scanned=22 | no_tp→fwd_return=+1.6892
  [label] 2023-04-06 16:00 TRXUSDT entry=0.0660 → SHORT | long=sl(-2.83%) short=sl(-2.83%) | scanned=16 | no_tp→fwd_return=-3.1188
  [label] 2023-04-10 08:00 TRXUSDT entry=0.0665 → SHORT | long=sl(-2.26%) short=tp(+4.21%) | scanned=5 | short_tp_only
  [label] 2023-05-05 08:00 TRXUSDT entry=0.0708 → SHORT | long=sl(-2.12%) short=tp(+3.94%) | scanned=8 | short_tp_only
  [label] 2023-06-27 08:00 TRXUSDT entry=0.0742 → LONG | long=sl(-2.83%) short=sl(-2.83%) | scanned=9 | no_tp→fwd_return=+1.0505
  [label] 2023-12-12 08:00 TRXUSDT entry=0.1036 → SHORT | long=sl(-2.85%) short=tp(+5.40%) | scanned=18 | short_tp_only
  [label] 2023-12-16 08:00 TRXUSDT entry=0.1026 → SHORT | long=sl(-2.64%) short=tp(+4.98%) | scanned=6 | short_tp_only
  [label] 2023-12-27 00:00 TRXUSDT entry=0.1034 → LONG | long=tp(+4.69%) short=sl(-2.50%) | scanned=14 | long_tp_only
  [label] 2024-02-10 08:00 TRXUSDT entry=0.1236 → LONG | long=tp(+4.49%) short=sl(-2.40%) | scanned=12 | long_tp_only
  [label] 2024-02-19 00:00 TRXUSDT entry=0.1361 → LONG | long=timeout(+1.25%) short=sl(-1.95%) | scanned=22 | no_tp→fwd_return=+1.3520
  [label] 2024-05-20 16:00 TRXUSDT entry=0.1245 → SHORT | long=sl(-1.62%) short=tp(+2.94%) | scanned=6 | short_tp_only
  [label] 2024-06-21 16:00 TRXUSDT entry=0.1183 → LONG | long=tp(+3.31%) short=sl(-1.81%) | scanned=13 | long_tp_only
  [label] 2024-07-08 00:00 TRXUSDT entry=0.1245 → LONG | long=tp(+4.43%) short=sl(-2.37%) | scanned=6 | long_tp_only
  [label] 2024-07-21 00:00 TRXUSDT entry=0.1339 → SHORT | long=sl(-1.70%) short=sl(-1.70%) | scanned=5 | no_tp→fwd_return=-1.2247[I 2026-05-06 02:25:41,255] A new study created in memory with name: no-name-b2b69e8d-cfe8-4e52-aa2c-154915935bd7
[I 2026-05-06 02:25:41,532] Trial 0 finished with value: -0.05033331468619405 and parameters: {'confidence_threshold': 0.7790993046299082, 'training_days': 230, 'n_estimators': 295, 'max_depth': 5, 'num_leaves': 83, 'learning_rate': 0.051543455158230854, 'subsample': 0.8773243492079463, 'min_child_samples': 10, 'reg_alpha': 0.034096514368237685, 'reg_lambda': 3.154180388637081e-05}. Best is trial 0 with value: -0.05033331468619405.
[I 2026-05-06 02:25:41,674] Trial 1 finished with value: -0.1380542911173251 and parameters: {'confidence_threshold': 0.6929247853618086, 'training_days': 410, 'n_estimators': 233, 'max_depth': 5, 'num_leaves': 108, 'learning_rate': 0.013724237108071606, 'subsample': 0.7013182233636002, 'min_child_samples': 94, 'reg_alpha': 2.4040959529260723e-06, 'reg_lambda': 5.320966582161148}. Best is trial 0 with value: -0.05033331468619405.
[I 2026-05-06 02:25:41,745] Trial 2 finished with value: -0.07262226569612909 and parameters: {'confidence_threshold': 0.546341527225763, 'training_days': 270, 'n_estimators': 120, 'max_depth': 4, 'num_leaves': 53, 'learning_rate': 0.060197068579343475, 'subsample': 0.588227873455941, 'min_child_samples': 91, 'reg_alpha': 2.3457771824819002e-08, 'reg_lambda': 1.1358840775642732e-08}. Best is trial 0 with value: -0.05033331468619405.
[I 2026-05-06 02:25:41,924] Trial 3 finished with value: -0.082094041478177 and parameters: {'confidence_threshold': 0.6000319676300473, 'training_days': 270, 'n_estimators': 382, 'max_depth': 4, 'num_leaves': 44, 'learning_rate': 0.09185046765032388, 'subsample': 0.6743651508646724, 'min_child_samples': 77, 'reg_alpha': 0.0013974578104212739, 'reg_lambda': 8.97190257982477e-08}. Best is trial 0 with value: -0.05033331468619405.
[I 2026-05-06 02:25:42,322] Trial 4 finished with value: -0.058687342520948 and parameters: {'confidence_threshold': 0.7642618789055509, 'training_days': 390, 'n_estimators': 464, 'max_depth': 5, 'num_leaves': 30, 'learning_rate': 0.024562383309704932, 'subsample': 0.8612975035964376, 'min_child_samples': 36, 'reg_alpha': 1.593999300080167, 'reg_lambda': 0.006081270362829788}. Best is trial 0 with value: -0.05033331468619405.
[I 2026-05-06 02:25:42,471] Trial 5 finished with value: -0.1426623387902037 and parameters: {'confidence_threshold': 0.6029115860358569, 'training_days': 60, 'n_estimators': 441, 'max_depth': 3, 'num_leaves': 66, 'learning_rate': 0.044953114425778824, 'subsample': 0.7098948461279406, 'min_child_samples': 15, 'reg_alpha': 4.888753565548431e-07, 'reg_lambda': 4.198190642566389}. Best is trial 0 with value: -0.05033331468619405.
[I 2026-05-06 02:25:42,744] Trial 6 finished with value: -0.058739542201029414 and parameters: {'confidence_threshold': 0.7376932868314098, 'training_days': 290, 'n_estimators': 249, 'max_depth': 5, 'num_leaves': 121, 'learning_rate': 0.015565840632862623, 'subsample': 0.8390183783709677, 'min_child_samples': 19, 'reg_alpha': 1.860444687368747e-08, 'reg_lambda': 2.7391483548058117e-06}. Best is trial 0 with value: -0.05033331468619405.
[I 2026-05-06 02:25:42,785] Trial 7 finished with value: -0.1338077541972139 and parameters: {'confidence_threshold': 0.563503962036334, 'training_days': 70, 'n_estimators': 63, 'max_depth': 3, 'num_leaves': 47, 'learning_rate': 0.18074927623018475, 'subsample': 0.5059692991701257, 'min_child_samples': 9, 'reg_alpha': 3.6945804405602874e-08, 'reg_lambda': 0.027706035542028905}. Best is trial 0 with value: -0.05033331468619405.
[I 2026-05-06 02:25:42,869] Trial 8 finished with value: 0.035435968565757446 and parameters: {'confidence_threshold': 0.6525471176758836, 'training_days': 440, 'n_estimators': 116, 'max_depth': 4, 'num_leaves': 115, 'learning_rate': 0.010229952960863938, 'subsample': 0.5062159465415076, 'min_child_samples': 54, 'reg_alpha': 6.790626457822126e-06, 'reg_lambda': 1.7869141074987722e-05}. Best is trial 8 with value: 0.035435968565757446.
[I 2026-05-06 02:25:42,968] Trial 9 finished with value: -0.04266676109246764 and parameters: {'confidence_threshold': 0.7277571993354469, 'training_days': 360, 'n_estimators': 75, 'max_depth': 5, 'num_leaves': 41, 'learning_rate': 0.014186743931212992, 'subsample': 0.7445187273047605, 'min_child_samples': 22, 'reg_alpha': 0.02393227447113315, 'reg_lambda': 0.009236766173618426}. Best is trial 8 with value: 0.035435968565757446.
[I 2026-05-06 02:25:43,412] A new study created in memory with name: no-name-60a8b6c8-eb26-4b9a-b0e2-945ef32f3f89
[I 2026-05-06 02:25:43,733] Trial 0 finished with value: -0.0835161711572427 and parameters: {'confidence_threshold': 0.7790993046299082, 'training_days': 230, 'n_estimators': 295, 'max_depth': 5, 'num_leaves': 83, 'learning_rate': 0.051543455158230854, 'subsample': 0.8773243492079463, 'min_child_samples': 10, 'reg_alpha': 0.034096514368237685, 'reg_lambda': 3.154180388637081e-05}. Best is trial 0 with value: -0.0835161711572427.
[I 2026-05-06 02:25:43,870] Trial 1 finished with value: -0.048611860921822334 and parameters: {'confidence_threshold': 0.6929247853618086, 'training_days': 410, 'n_estimators': 233, 'max_depth': 5, 'num_leaves': 108, 'learning_rate': 0.013724237108071606, 'subsample': 0.7013182233636002, 'min_child_samples': 94, 'reg_alpha': 2.4040959529260723e-06, 'reg_lambda': 5.320966582161148}. Best is trial 1 with value: -0.048611860921822334.
