[I 2026-05-06 02:23:17,201] Trial 1 finished with value: 0.026030353891995716 and parameters: {'confidence_threshold': 0.6929247853618086, 'training_days': 410, 'n_estimators': 233, 'max_depth': 5, 'num_leaves': 108, 'learning_rate': 0.013724237108071606, 'subsample': 0.7013182233636002, 'min_child_samples': 94, 'reg_alpha': 2.4040959529260723e-06, 'reg_lambda': 5.320966582161148}. Best is trial 1 with value: 0.026030353891995716.
[I 2026-05-06 02:23:17,266] Trial 2 finished with value: 0.004504113800029034 and parameters: {'confidence_threshold': 0.546341527225763, 'training_days': 270, 'n_estimators': 120, 'max_depth': 4, 'num_leaves': 53, 'learning_rate': 0.060197068579343475, 'subsample': 0.588227873455941, 'min_child_samples': 91, 'reg_alpha': 2.3457771824819002e-08, 'reg_lambda': 1.1358840775642732e-08}. Best is trial 1 with value: 0.026030353891995716.
[I 2026-05-06 02:23:17,454] Trial 3 finished with value: 0.038286331716934775 and parameters: {'confidence_threshold': 0.6000319676300473, 'training_days': 270, 'n_estimators': 382, 'max_depth': 4, 'num_leaves': 44, 'learning_rate': 0.09185046765032388, 'subsample': 0.6743651508646724, 'min_child_samples': 77, 'reg_alpha': 0.0013974578104212739, 'reg_lambda': 8.97190257982477e-08}. Best is trial 3 with value: 0.038286331716934775.
[I 2026-05-06 02:23:17,846] Trial 4 finished with value: 0.052393085509977046 and parameters: {'confidence_threshold': 0.7642618789055509, 'training_days': 390, 'n_estimators': 464, 'max_depth': 5, 'num_leaves': 30, 'learning_rate': 0.024562383309704932, 'subsample': 0.8612975035964376, 'min_child_samples': 36, 'reg_alpha': 1.593999300080167, 'reg_lambda': 0.006081270362829788}. Best is trial 4 with value: 0.052393085509977046.
[I 2026-05-06 02:23:18,000] Trial 5 finished with value: 0.05093983821759135 and parameters: {'confidence_threshold': 0.6029115860358569, 'training_days': 60, 'n_estimators': 441, 'max_depth': 3, 'num_leaves': 66, 'learning_rate': 0.044953114425778824, 'subsample': 0.7098948461279406, 'min_child_samples': 15, 'reg_alpha': 4.888753565548431e-07, 'reg_lambda': 4.198190642566389}. Best is trial 4 with value: 0.052393085509977046.
[I 2026-05-06 02:23:18,261] Trial 6 finished with value: 0.07277660143758122 and parameters: {'confidence_threshold': 0.7376932868314098, 'training_days': 290, 'n_estimators': 249, 'max_depth': 5, 'num_leaves': 121, 'learning_rate': 0.015565840632862623, 'subsample': 0.8390183783709677, 'min_child_samples': 19, 'reg_alpha': 1.860444687368747e-08, 'reg_lambda': 2.7391483548058117e-06}. Best is trial 6 with value: 0.07277660143758122.
[I 2026-05-06 02:23:18,300] Trial 7 finished with value: -0.02067488456954441 and parameters: {'confidence_threshold': 0.563503962036334, 'training_days': 70, 'n_estimators': 63, 'max_depth': 3, 'num_leaves': 47, 'learning_rate': 0.18074927623018475, 'subsample': 0.5059692991701257, 'min_child_samples': 9, 'reg_alpha': 3.6945804405602874e-08, 'reg_lambda': 0.027706035542028905}. Best is trial 6 with value: 0.07277660143758122.
[I 2026-05-06 02:23:18,393] Trial 8 finished with value: 0.057212429204510765 and parameters: {'confidence_threshold': 0.6525471176758836, 'training_days': 440, 'n_estimators': 116, 'max_depth': 4, 'num_leaves': 115, 'learning_rate': 0.010229952960863938, 'subsample': 0.5062159465415076, 'min_child_samples': 54, 'reg_alpha': 6.790626457822126e-06, 'reg_lambda': 1.7869141074987722e-05}. Best is trial 6 with value: 0.07277660143758122.
[I 2026-05-06 02:23:18,499] Trial 9 finished with value: 0.14223607717683326 and parameters: {'confidence_threshold': 0.7277571993354469, 'training_days': 360, 'n_estimators': 75, 'max_depth': 5, 'num_leaves': 41, 'learning_rate': 0.014186743931212992, 'subsample': 0.7445187273047605, 'min_child_samples': 22, 'reg_alpha': 0.02393227447113315, 'reg_lambda': 0.009236766173618426}. Best is trial 9 with value: 0.14223607717683326.

  [label] 2023-09-01 08:00 MKRUSDT entry=1137.8000 → SHORT | long=timeout(-0.46%) short=timeout(+0.26%) | scanned=22 | no_tp→fwd_return=-0.3603
  [label] 2023-09-03 16:00 MKRUSDT entry=1129.1000 → SHORT | long=timeout(-1.27%) short=timeout(+1.07%) | scanned=22 | no_tp→fwd_return=-1.1691
  [label] 2023-09-07 08:00 MKRUSDT entry=1139.0000 → LONG | long=sl(-4.70%) short=timeout(-2.20%) | scanned=22 | no_tp→fwd_return=+2.0983
  [label] 2023-10-02 08:00 MKRUSDT entry=1457.7000 → SHORT | long=sl(-5.20%) short=timeout(+6.03%) | scanned=22 | no_tp→fwd_return=-6.1261
  [label] 2023-11-24 08:00 MKRUSDT entry=1466.0000 → LONG | long=timeout(+5.08%) short=sl(-4.85%) | scanned=22 | no_tp→fwd_return=+5.1774
  [label] 2024-05-10 08:00 MKRUSDT entry=2661.1000 → LONG | long=timeout(+4.24%) short=sl(-4.89%) | scanned=22 | no_tp→fwd_return=+4.3441
  [label] 2024-05-14 08:00 MKRUSDT entry=2701.4000 → LONG | long=tp(+7.55%) short=sl(-3.92%) | scanned=19 | long_tp_only
  [label] 2024-05-25 00:00 MKRUSDT entry=2793.6000 → SHORT | long=sl(-5.14%) short=timeout(+2.57%) | scanned=22 | no_tp→fwd_return=-2.6704
  [label] 2024-07-09 08:00 MKRUSDT entry=2256.4000 → LONG | long=tp(+11.78%) short=sl(-6.04%) | scanned=10 | long_tp_only
  [label] 2024-07-18 00:00 MKRUSDT entry=2887.1000 → SHORT | long=sl(-5.37%) short=timeout(+9.90%) | scanned=22 | no_tp→fwd_return=-9.9962
  [label] 2024-10-17 16:00 MKRUSDT entry=1201.5000 → SHORT | long=sl(-5.15%) short=timeout(+5.29%) | scanned=22 | no_tp→fwd_return=-5.3933
  [label] 2024-11-18 16:00 MKRUSDT entry=1557.9000 → LONG | long=tp(+12.26%) short=sl(-6.28%) | scanned=14 | long_tp_only
  [label] 2024-12-05 00:00 MKRUSDT entry=2237.6000 → SHORT | long=sl(-7.43%) short=tp(+14.56%) | scanned=14 | short_tp_only
  [label] 2024-12-18 00:00 MKRUSDT entry=1733.4000 → SHORT | long=sl(-9.27%) short=timeout(+5.48%) | scanned=22 | no_tp→fwd_return=-5.5844
  [label] 2025-01-05 16:00 MKRUSDT entry=1575.9000 → SHORT | long=sl(-4.59%) short=tp(+8.87%) | scanned=7 | short_tp_only
  [label] 2025-01-12 00:00 MKRUSDT entry=1429.1000 → SHORT | long=sl(-4.96%) short=tp(+9.63%) | scanned=4 | short_tp_only
  [label] 2025-01-24 08:00 MKRUSDT entry=1305.3000 → SHORT | long=sl(-6.16%) short=tp(+12.02%) | scanned=8 | short_tp_only
  [label] 2025-03-05 08:00 MKRUSDT entry=1386.3000 → SHORT | long=sl(-11.10%) short=tp(+21.90%) | scanned=16 | short_tp_only
  [label] 2025-03-15 08:00 MKRUSDT entry=1185.6000 → LONG | long=timeout(+5.93%) short=sl(-9.03%) | scanned=22 | no_tp→fwd_return=+6.0307
  [label] 2025-06-10 08:00 MKRUSDT entry=2115.7000 → SHORT | long=sl(-5.93%) short=tp(+11.55%) | scanned=8 | short_tp_only
  Labels: 1097 long (50.0%), 1096 short (50.0%) | weights: min=1.00, mean=4.00, max=10.00
  Features: 2193/2193 matched, 14 columns
  CV gap: 22 rows
    [trial 0] 14 features, training_days=230 | threshold=0.779 | labels: 1097 long, 1096 short (50/50%)
    [CV fold 0] train_end=2023-10-24 00:00 | val_start=2023-10-31 16:00 | gap=184h (22 rows)
    [CV fold 1] train_end=2024-02-22 16:00 | val_start=2024-03-01 08:00 | gap=184h (22 rows)
    [CV fold 2] train_end=2024-06-23 08:00 | val_start=2024-07-01 00:00 | gap=184h (22 rows)
    [CV fold 3] train_end=2024-10-23 00:00 | val_start=2024-10-30 16:00 | gap=184h (22 rows)
    [CV fold 4] train_end=2025-02-21 16:00 | val_start=2025-03-01 08:00 | gap=184h (22 rows)
    [trial 0] Sharpe=-0.0398 (folds: 0.1384, 0.0179, -0.1493, -0.2688, 0.0628)
    [trial 1] 14 features, training_days=410 | threshold=0.693 | labels: 1097 long, 1096 short (50/50%)
    [trial 1] Sharpe=0.0260 (folds: 0.1664, -0.0080, -0.2465, 0.1900, 0.0283)
    [trial 2] 14 features, training_days=270 | threshold=0.546 | labels: 1097 long, 1096 short (50/50%)
    [trial 2] Sharpe=0.0045 (folds: 0.1753, -0.0377, -0.2446, 0.1013, 0.0282)
    [trial 3] 14 features, training_days=270 | threshold=0.600 | labels: 1097 long, 1096 short (50/50%)
    [trial 3] Sharpe=0.0383 (folds: 0.0775, -0.0508, -0.1029, 0.1659, 0.1018)
    [trial 4] 14 features, training_days=390 | threshold=0.764 | labels: 1097 long, 1096 short (50/50%)
    [trial 4] Sharpe=0.0524 (folds: 0.2817, -0.0827, -0.2231, 0.3682, -0.0821)
    [trial 5] 14 features, training_days=60 | threshold=0.603 | labels: 1097 long, 1096 short (50/50%)
    [trial 5] Sharpe=0.0509 (folds: 0.0540, -0.0671, -0.0506, 0.1568, 0.1617)
    [trial 6] 14 features, training_days=290 | threshold=0.738 | labels: 1097 long, 1096 short (50/50%)
    [trial 6] Sharpe=0.0728 (folds: 0.2208, 0.0012, -0.2267, 0.2013, 0.1673)
    [trial 7] 14 features, training_days=70 | threshold=0.564 | labels: 1097 long, 1096 short (50/50%)
    [trial 7] Sharpe=-0.0207 (folds: 0.0218, -0.2793, 0.0813, 0.0652, 0.0076)
    [trial 8] 14 features, training_days=440 | threshold=0.653 | labels: 1097 long, 1096 short (50/50%)
    [trial 8] Sharpe=0.0572 (folds: 0.2040, 0.0265, -0.2302, 0.3621, -0.0764)
    [trial 9] 14 features, training_days=360 | threshold=0.728 | labels: 1097 long, 1096 short (50/50%)
    [trial 9] Sharpe=0.1422 (folds: 0.2241, -0.2268, -0.1964, 1.0822, -0.1720)
  Optuna: 10 trials, best Sharpe = 0.1422
  Best params: n_estimators=75, max_depth=5, lr=0.0142, leaves=41
  Best confidence_threshold: 0.728
  Best training_days: 360
  Retrained on full data (1080 samples, 14 features)
  Model trained for 2025-07: 93 test candles with features, confidence_threshold=0.728
[trade:close] 2025-07-02 08:00 MKRUSDT SHORT → timeout @ 1869.20 | PnL=+5.93% (net +5.83%) | cum=-38.97% 2025-07=+5.83% 2025-07-02=+5.83%
[predict] 2025-07-31 16:00 MKRUSDT → LONG (proba=0.75 TP=13.0%/SL=6.5%)
[trade:open] 2025-07-31 23:59 MKRUSDT LONG @ 1975.10 | SL=1846.62 TP=2232.05 | timeout=2025-08-07 23:59
[lgbm] === Training for 2025-08 ===
  Train window: 2023-08-01 → 2025-08-01
  2193 training samples from 1 symbols
  Samples per month: 2023-08: 93, 2023-09: 90, 2023-10: 93, 2023-11: 90, 2023-12: 93, 2024-01: 93, 2024-02: 87, 2024-03: 93, 2024-04: 90, 2024-05: 93, 2024-06: 90, 2024-07: 93, 2024-08: 93, 2024-09: 90, 2024-10: 93, 2024-11: 90, 2024-12: 93, 2025-01: 93, 2025-02: 84, 2025-03: 93, 2025-04: 90, 2025-05: 93, 2025-06: 90, 2025-07: 93
  [label] 2023-10-02 08:00 MKRUSDT entry=1457.7000 → SHORT | long=sl(-5.20%) short=timeout(+6.03%) | scanned=22 | no_tp→fwd_return=-6.1261
  [label] 2023-10-04 16:00 MKRUSDT entry=1439.2000 → SHORT | long=sl(-5.22%) short=timeout(+2.35%) | scanned=22 | no_tp→fwd_return=-2.4458
  [label] 2023-10-08 08:00 MKRUSDT entry=1390.2000 → LONG | long=sl(-4.65%) short=sl(-4.65%) | scanned=16 | no_tp→fwd_return=+2.8989
  [label] 2023-11-02 08:00 MKRUSDT entry=1297.5000 → LONG | long=timeout(+5.69%) short=sl(-5.04%) | scanned=22 | no_tp→fwd_return=+5.7881
  [label] 2023-12-25 08:00 MKRUSDT entry=1424.2000 → LONG | long=sl(-3.57%) short=sl(-3.57%) | scanned=6 | no_tp→fwd_return=+4.7325
  [label] 2024-06-10 08:00 MKRUSDT entry=2414.9000 → SHORT | long=sl(-4.13%) short=tp(+7.96%) | scanned=3 | short_tp_only
  [label] 2024-06-14 08:00 MKRUSDT entry=2276.5000 → SHORT | long=sl(-4.39%) short=sl(-4.39%) | scanned=11 | no_tp→fwd_return=-3.1100
  [label] 2024-06-25 00:00 MKRUSDT entry=2217.4000 → LONG | long=tp(+12.29%) short=sl(-6.29%) | scanned=5 | long_tp_only
  [label] 2024-08-09 08:00 MKRUSDT entry=1990.5000 → SHORT | long=timeout(-2.37%) short=sl(-8.56%) | scanned=22 | no_tp→fwd_return=-2.2658
  [label] 2024-08-18 00:00 MKRUSDT entry=1941.0000 → LONG | long=tp(+11.10%) short=sl(-5.70%) | scanned=15 | long_tp_only
  [label] 2024-11-17 16:00 MKRUSDT entry=1479.2000 → LONG | long=tp(+13.17%) short=sl(-6.73%) | scanned=13 | long_tp_only
  [label] 2024-12-19 16:00 MKRUSDT entry=1636.8000 → SHORT | long=timeout(-6.54%) short=timeout(+6.34%) | scanned=22 | no_tp→fwd_return=-6.4394
  [label] 2025-01-05 00:00 MKRUSDT entry=1590.0000 → SHORT | long=sl(-4.68%) short=tp(+9.05%) | scanned=9 | short_tp_only
  [label] 2025-01-18 00:00 MKRUSDT entry=1386.3000 → SHORT | long=sl(-4.90%) short=tp(+9.51%) | scanned=6 | short_tp_only
  [label] 2025-02-05 16:00 MKRUSDT entry=916.6000 → LONG | long=timeout(+10.66%) short=sl(-9.25%) | scanned=22 | no_tp→fwd_return=+10.7571[I 2026-05-06 02:23:18,828] A new study created in memory with name: no-name-77365adc-1253-44df-9825-47b1298c9fb9
[I 2026-05-06 02:23:19,093] Trial 0 finished with value: -0.1549874707706262 and parameters: {'confidence_threshold': 0.7790993046299082, 'training_days': 230, 'n_estimators': 295, 'max_depth': 5, 'num_leaves': 83, 'learning_rate': 0.051543455158230854, 'subsample': 0.8773243492079463, 'min_child_samples': 10, 'reg_alpha': 0.034096514368237685, 'reg_lambda': 3.154180388637081e-05}. Best is trial 0 with value: -0.1549874707706262.
[I 2026-05-06 02:23:19,237] Trial 1 finished with value: -0.22160440012324018 and parameters: {'confidence_threshold': 0.6929247853618086, 'training_days': 410, 'n_estimators': 233, 'max_depth': 5, 'num_leaves': 108, 'learning_rate': 0.013724237108071606, 'subsample': 0.7013182233636002, 'min_child_samples': 94, 'reg_alpha': 2.4040959529260723e-06, 'reg_lambda': 5.320966582161148}. Best is trial 0 with value: -0.1549874707706262.
[I 2026-05-06 02:23:19,309] Trial 2 finished with value: -0.17997986816027006 and parameters: {'confidence_threshold': 0.546341527225763, 'training_days': 270, 'n_estimators': 120, 'max_depth': 4, 'num_leaves': 53, 'learning_rate': 0.060197068579343475, 'subsample': 0.588227873455941, 'min_child_samples': 91, 'reg_alpha': 2.3457771824819002e-08, 'reg_lambda': 1.1358840775642732e-08}. Best is trial 0 with value: -0.1549874707706262.
[I 2026-05-06 02:23:19,484] Trial 3 finished with value: -0.20265563099383477 and parameters: {'confidence_threshold': 0.6000319676300473, 'training_days': 270, 'n_estimators': 382, 'max_depth': 4, 'num_leaves': 44, 'learning_rate': 0.09185046765032388, 'subsample': 0.6743651508646724, 'min_child_samples': 77, 'reg_alpha': 0.0013974578104212739, 'reg_lambda': 8.97190257982477e-08}. Best is trial 0 with value: -0.1549874707706262.
[I 2026-05-06 02:23:19,853] Trial 4 finished with value: -0.18570680241507398 and parameters: {'confidence_threshold': 0.7642618789055509, 'training_days': 390, 'n_estimators': 464, 'max_depth': 5, 'num_leaves': 30, 'learning_rate': 0.024562383309704932, 'subsample': 0.8612975035964376, 'min_child_samples': 36, 'reg_alpha': 1.593999300080167, 'reg_lambda': 0.006081270362829788}. Best is trial 0 with value: -0.1549874707706262.
[I 2026-05-06 02:23:19,999] Trial 5 finished with value: -0.10958210331853033 and parameters: {'confidence_threshold': 0.6029115860358569, 'training_days': 60, 'n_estimators': 441, 'max_depth': 3, 'num_leaves': 66, 'learning_rate': 0.044953114425778824, 'subsample': 0.7098948461279406, 'min_child_samples': 15, 'reg_alpha': 4.888753565548431e-07, 'reg_lambda': 4.198190642566389}. Best is trial 5 with value: -0.10958210331853033.
[I 2026-05-06 02:23:20,234] Trial 6 finished with value: -0.19096137093267274 and parameters: {'confidence_threshold': 0.7376932868314098, 'training_days': 290, 'n_estimators': 249, 'max_depth': 5, 'num_leaves': 121, 'learning_rate': 0.015565840632862623, 'subsample': 0.8390183783709677, 'min_child_samples': 19, 'reg_alpha': 1.860444687368747e-08, 'reg_lambda': 2.7391483548058117e-06}. Best is trial 5 with value: -0.10958210331853033.
[I 2026-05-06 02:23:20,266] Trial 7 finished with value: -0.05959993965731537 and parameters: {'confidence_threshold': 0.563503962036334, 'training_days': 70, 'n_estimators': 63, 'max_depth': 3, 'num_leaves': 47, 'learning_rate': 0.18074927623018475, 'subsample': 0.5059692991701257, 'min_child_samples': 9, 'reg_alpha': 3.6945804405602874e-08, 'reg_lambda': 0.027706035542028905}. Best is trial 7 with value: -0.05959993965731537.
[I 2026-05-06 02:23:20,353] Trial 8 finished with value: -0.17966658306725614 and parameters: {'confidence_threshold': 0.6525471176758836, 'training_days': 440, 'n_estimators': 116, 'max_depth': 4, 'num_leaves': 115, 'learning_rate': 0.010229952960863938, 'subsample': 0.5062159465415076, 'min_child_samples': 54, 'reg_alpha': 6.790626457822126e-06, 'reg_lambda': 1.7869141074987722e-05}. Best is trial 7 with value: -0.05959993965731537.
[I 2026-05-06 02:23:20,438] Trial 9 finished with value: -0.03050609277214673 and parameters: {'confidence_threshold': 0.7277571993354469, 'training_days': 360, 'n_estimators': 75, 'max_depth': 5, 'num_leaves': 41, 'learning_rate': 0.014186743931212992, 'subsample': 0.7445187273047605, 'min_child_samples': 22, 'reg_alpha': 0.02393227447113315, 'reg_lambda': 0.009236766173618426}. Best is trial 9 with value: -0.03050609277214673.
[I 2026-05-06 02:23:20,760] A new study created in memory with name: no-name-889e9d23-99b1-42aa-8338-669f3055b257
[I 2026-05-06 02:23:21,038] Trial 0 finished with value: -0.032873666856086045 and parameters: {'confidence_threshold': 0.7790993046299082, 'training_days': 230, 'n_estimators': 295, 'max_depth': 5, 'num_leaves': 83, 'learning_rate': 0.051543455158230854, 'subsample': 0.8773243492079463, 'min_child_samples': 10, 'reg_alpha': 0.034096514368237685, 'reg_lambda': 3.154180388637081e-05}. Best is trial 0 with value: -0.032873666856086045.
[I 2026-05-06 02:23:21,184] Trial 1 finished with value: -0.1227504598895853 and parameters: {'confidence_threshold': 0.6929247853618086, 'training_days': 410, 'n_estimators': 233, 'max_depth': 5, 'num_leaves': 108, 'learning_rate': 0.013724237108071606, 'subsample': 0.7013182233636002, 'min_child_samples': 94, 'reg_alpha': 2.4040959529260723e-06, 'reg_lambda': 5.320966582161148}. Best is trial 0 with value: -0.032873666856086045.
[I 2026-05-06 02:23:21,259] Trial 2 finished with value: -0.0873140843854908 and parameters: {'confidence_threshold': 0.546341527225763, 'training_days': 270, 'n_estimators': 120, 'max_depth': 4, 'num_leaves': 53, 'learning_rate': 0.060197068579343475, 'subsample': 0.588227873455941, 'min_child_samples': 91, 'reg_alpha': 2.3457771824819002e-08, 'reg_lambda': 1.1358840775642732e-08}. Best is trial 0 with value: -0.032873666856086045.
