[I 2026-05-06 02:22:03,524] Trial 9 finished with value: 0.2042106415458818 and parameters: {'confidence_threshold': 0.7277571993354469, 'training_days': 360, 'n_estimators': 75, 'max_depth': 5, 'num_leaves': 41, 'learning_rate': 0.014186743931212992, 'subsample': 0.7445187273047605, 'min_child_samples': 22, 'reg_alpha': 0.02393227447113315, 'reg_lambda': 0.009236766173618426}. Best is trial 9 with value: 0.2042106415458818.

    [trial 1] Sharpe=0.1593 (folds: -0.5456, 0.0142, 0.2504, 0.6148, 0.4626)
    [trial 2] 14 features, training_days=270 | threshold=0.546 | labels: 1069 long, 1121 short (49/51%)
    [trial 2] Sharpe=0.0345 (folds: -0.1250, -0.2468, 0.0276, 0.4554, 0.0615)
    [trial 3] 14 features, training_days=270 | threshold=0.600 | labels: 1069 long, 1121 short (49/51%)
    [trial 3] Sharpe=0.0686 (folds: -0.1561, 0.0603, 0.0499, 0.3294, 0.0597)
    [trial 4] 14 features, training_days=390 | threshold=0.764 | labels: 1069 long, 1121 short (49/51%)
    [trial 4] Sharpe=0.1294 (folds: -0.0601, -0.0878, 0.1337, 0.4808, 0.1802)
    [trial 5] 14 features, training_days=60 | threshold=0.603 | labels: 1069 long, 1121 short (49/51%)
    [trial 5] Sharpe=0.0635 (folds: 0.0545, 0.0244, -0.0665, 0.3617, -0.0566)
    [trial 6] 14 features, training_days=290 | threshold=0.738 | labels: 1069 long, 1121 short (49/51%)
    [trial 6] Sharpe=0.1788 (folds: -0.0270, -0.0788, 0.1405, 0.5767, 0.2825)
    [trial 7] 14 features, training_days=70 | threshold=0.564 | labels: 1069 long, 1121 short (49/51%)
    [trial 7] Sharpe=0.0422 (folds: -0.1291, 0.0919, -0.0331, 0.3128, -0.0313)
    [trial 8] 14 features, training_days=440 | threshold=0.653 | labels: 1069 long, 1121 short (49/51%)
    [trial 8] Sharpe=-0.5979 (folds: -3.4623, -0.2848, 0.1739, 0.3249, 0.2589)
    [trial 9] 14 features, training_days=360 | threshold=0.728 | labels: 1069 long, 1121 short (49/51%)
    [trial 9] Sharpe=-1.7768 (folds: -0.0565, 0.0580, 0.1362, -10.0000, 0.9785)
  Optuna: 10 trials, best Sharpe = 0.1788
  Best params: n_estimators=249, max_depth=5, lr=0.0156, leaves=121
  Best confidence_threshold: 0.738
  Best training_days: 290
  Retrained on full data (870 samples, 14 features)
  Model trained for 2026-03: 93 test candles with features, confidence_threshold=0.738
[trade:close] 2026-03-06 08:00 BCHUSDT SHORT → timeout @ 459.29 | PnL=+4.55% (net +4.45%) | cum=+14.29% 2026-03=+4.45% 2026-03-06=+4.45%
[lgbm] === Training for 2026-04 ===
  Train window: 2024-04-01 → 2026-04-01
  2190 training samples from 1 symbols
  Samples per month: 2024-04: 90, 2024-05: 93, 2024-06: 90, 2024-07: 93, 2024-08: 93, 2024-09: 90, 2024-10: 93, 2024-11: 90, 2024-12: 93, 2025-01: 93, 2025-02: 84, 2025-03: 93, 2025-04: 90, 2025-05: 93, 2025-06: 90, 2025-07: 93, 2025-08: 93, 2025-09: 90, 2025-10: 93, 2025-11: 90, 2025-12: 93, 2026-01: 93, 2026-02: 84, 2026-03: 93
  [label] 2024-06-02 08:00 BCHUSDT entry=461.4500 → LONG | long=tp(+7.43%) short=sl(-3.86%) | scanned=10 | long_tp_only
  [label] 2024-06-04 08:00 BCHUSDT entry=474.7100 → LONG | long=tp(+6.98%) short=sl(-3.64%) | scanned=8 | long_tp_only
  [label] 2024-06-08 08:00 BCHUSDT entry=467.2300 → SHORT | long=sl(-4.60%) short=tp(+8.91%) | scanned=18 | short_tp_only
  [label] 2024-07-03 08:00 BCHUSDT entry=373.0300 → SHORT | long=sl(-4.75%) short=tp(+9.19%) | scanned=3 | short_tp_only
  [label] 2024-08-25 08:00 BCHUSDT entry=356.6000 → SHORT | long=sl(-4.50%) short=tp(+8.70%) | scanned=7 | short_tp_only
  [label] 2025-02-08 16:00 BCHUSDT entry=322.8700 → LONG | long=timeout(+2.95%) short=sl(-7.81%) | scanned=22 | no_tp→fwd_return=+3.0539
  [label] 2025-02-13 00:00 BCHUSDT entry=333.5800 → SHORT | long=sl(-6.49%) short=timeout(+3.25%) | scanned=22 | no_tp→fwd_return=-3.3515
  [label] 2025-02-23 16:00 BCHUSDT entry=327.6400 → SHORT | long=sl(-4.36%) short=tp(+8.42%) | scanned=3 | short_tp_only
  [label] 2025-04-10 00:00 BCHUSDT entry=296.4300 → LONG | long=tp(+13.45%) short=sl(-6.87%) | scanned=7 | long_tp_only
  [label] 2025-04-18 16:00 BCHUSDT entry=334.7800 → LONG | long=tp(+11.28%) short=sl(-5.79%) | scanned=20 | long_tp_only
  [label] 2025-07-19 00:00 BCHUSDT entry=509.7400 → LONG | long=tp(+8.90%) short=sl(-4.60%) | scanned=19 | long_tp_only
  [label] 2025-08-20 00:00 BCHUSDT entry=549.3000 → LONG | long=tp(+7.76%) short=sl(-4.03%) | scanned=7 | long_tp_only
  [label] 2025-09-05 08:00 BCHUSDT entry=609.6400 → SHORT | long=sl(-4.07%) short=timeout(+3.45%) | scanned=22 | no_tp→fwd_return=-3.5496
  [label] 2025-09-18 08:00 BCHUSDT entry=637.9400 → SHORT | long=sl(-3.27%) short=tp(+6.24%) | scanned=4 | short_tp_only
  [label] 2025-10-07 00:00 BCHUSDT entry=595.0800 → SHORT | long=sl(-3.06%) short=tp(+5.81%) | scanned=11 | short_tp_only
  [label] 2025-10-13 08:00 BCHUSDT entry=540.6300 → SHORT | long=sl(-5.51%) short=tp(+10.71%) | scanned=11 | short_tp_only
  [label] 2025-10-25 16:00 BCHUSDT entry=507.5600 → LONG | long=tp(+9.40%) short=sl(-4.85%) | scanned=2 | long_tp_only
  [label] 2025-12-04 16:00 BCHUSDT entry=574.5000 → SHORT | long=timeout(-0.20%) short=sl(-5.31%) | scanned=22 | no_tp→fwd_return=-0.0992
  [label] 2025-12-14 16:00 BCHUSDT entry=557.8400 → LONG | long=sl(-4.55%) short=sl(-4.55%) | scanned=13 | no_tp→fwd_return=+4.9494
  [label] 2026-03-11 08:00 BCHUSDT entry=455.2600 → SHORT | long=timeout(-1.68%) short=sl(-4.23%) | scanned=22 | no_tp→fwd_return=-1.5771
  Labels: 1053 long (48.1%), 1137 short (51.9%) | weights: min=1.00, mean=4.11, max=10.00
  Features: 2190/2190 matched, 14 columns
  CV gap: 22 rows
    [trial 0] 14 features, training_days=230 | threshold=0.779 | labels: 1053 long, 1137 short (48/52%)
    [CV fold 0] train_end=2024-07-24 00:00 | val_start=2024-07-31 16:00 | gap=184h (22 rows)
    [CV fold 1] train_end=2024-11-22 16:00 | val_start=2024-11-30 08:00 | gap=184h (22 rows)
    [CV fold 2] train_end=2025-03-24 08:00 | val_start=2025-04-01 00:00 | gap=184h (22 rows)
    [CV fold 3] train_end=2025-07-24 00:00 | val_start=2025-07-31 16:00 | gap=184h (22 rows)
    [CV fold 4] train_end=2025-11-22 16:00 | val_start=2025-11-30 08:00 | gap=184h (22 rows)
    [trial 0] Sharpe=0.0629 (folds: 0.0357, 0.0215, -0.2116, 0.4091, 0.0599)
    [trial 1] 14 features, training_days=410 | threshold=0.693 | labels: 1053 long, 1137 short (48/52%)
    [trial 1] Sharpe=0.1369 (folds: -0.4058, 0.0363, 0.2866, 0.5376, 0.2300)
    [trial 2] 14 features, training_days=270 | threshold=0.546 | labels: 1053 long, 1137 short (48/52%)
    [trial 2] Sharpe=0.1351 (folds: 0.1463, 0.0128, -0.0328, 0.3917, 0.1575)
    [trial 3] 14 features, training_days=270 | threshold=0.600 | labels: 1053 long, 1137 short (48/52%)
    [trial 3] Sharpe=0.0955 (folds: 0.0560, 0.0811, -0.2307, 0.4106, 0.1602)
    [trial 4] 14 features, training_days=390 | threshold=0.764 | labels: 1053 long, 1137 short (48/52%)
    [trial 4] Sharpe=0.0748 (folds: -0.1293, 0.0385, -0.0930, 0.4371, 0.1207)
    [trial 5] 14 features, training_days=60 | threshold=0.603 | labels: 1053 long, 1137 short (48/52%)
    [trial 5] Sharpe=-0.0663 (folds: 0.1207, -0.4355, -0.3550, 0.2097, 0.1288)
    [trial 6] 14 features, training_days=290 | threshold=0.738 | labels: 1053 long, 1137 short (48/52%)
    [trial 6] Sharpe=0.0907 (folds: -0.0198, 0.0052, -0.2102, 0.5697, 0.1088)
    [trial 7] 14 features, training_days=70 | threshold=0.564 | labels: 1053 long, 1137 short (48/52%)
    [trial 7] Sharpe=-0.1316 (folds: -0.1026, -0.4525, -0.3464, 0.2836, -0.0400)
    [trial 8] 14 features, training_days=440 | threshold=0.653 | labels: 1053 long, 1137 short (48/52%)
    [trial 8] Sharpe=0.1468 (folds: -0.0116, 0.1494, -0.0765, 0.3090, 0.3637)
    [trial 9] 14 features, training_days=360 | threshold=0.728 | labels: 1053 long, 1137 short (48/52%)
    [trial 9] Sharpe=0.2042 (folds: -0.3778, 0.1810, 0.7706, 0.3871, 0.0603)
  Optuna: 10 trials, best Sharpe = 0.2042
  Best params: n_estimators=75, max_depth=5, lr=0.0142, leaves=41
  Best confidence_threshold: 0.728
  Best training_days: 360
  Retrained on full data (1080 samples, 14 features)
  Model trained for 2026-04: 90 test candles with features, confidence_threshold=0.728
[lgbm] === Training for 2026-05 ===
  Train window: 2024-05-01 → 2026-05-01
  2190 training samples from 1 symbols
  Samples per month: 2024-05: 93, 2024-06: 90, 2024-07: 93, 2024-08: 93, 2024-09: 90, 2024-10: 93, 2024-11: 90, 2024-12: 93, 2025-01: 93, 2025-02: 84, 2025-03: 93, 2025-04: 90, 2025-05: 93, 2025-06: 90, 2025-07: 93, 2025-08: 93, 2025-09: 90, 2025-10: 93, 2025-11: 90, 2025-12: 93, 2026-01: 93, 2026-02: 84, 2026-03: 93, 2026-04: 90
  [label] 2024-07-02 08:00 BCHUSDT entry=380.0800 → SHORT | long=sl(-4.82%) short=tp(+9.34%) | scanned=6 | short_tp_only[I 2026-05-06 02:22:03,787] A new study created in memory with name: no-name-0984c1da-267d-4e52-a718-9dd1664ed6b1
[I 2026-05-06 02:22:04,069] Trial 0 finished with value: 0.011533272980100864 and parameters: {'confidence_threshold': 0.7790993046299082, 'training_days': 230, 'n_estimators': 295, 'max_depth': 5, 'num_leaves': 83, 'learning_rate': 0.051543455158230854, 'subsample': 0.8773243492079463, 'min_child_samples': 10, 'reg_alpha': 0.034096514368237685, 'reg_lambda': 3.154180388637081e-05}. Best is trial 0 with value: 0.011533272980100864.
[I 2026-05-06 02:22:04,229] Trial 1 finished with value: 0.07157497490272277 and parameters: {'confidence_threshold': 0.6929247853618086, 'training_days': 410, 'n_estimators': 233, 'max_depth': 5, 'num_leaves': 108, 'learning_rate': 0.013724237108071606, 'subsample': 0.7013182233636002, 'min_child_samples': 94, 'reg_alpha': 2.4040959529260723e-06, 'reg_lambda': 5.320966582161148}. Best is trial 1 with value: 0.07157497490272277.
[I 2026-05-06 02:22:04,297] Trial 2 finished with value: 0.06666355311976148 and parameters: {'confidence_threshold': 0.546341527225763, 'training_days': 270, 'n_estimators': 120, 'max_depth': 4, 'num_leaves': 53, 'learning_rate': 0.060197068579343475, 'subsample': 0.588227873455941, 'min_child_samples': 91, 'reg_alpha': 2.3457771824819002e-08, 'reg_lambda': 1.1358840775642732e-08}. Best is trial 1 with value: 0.07157497490272277.
[I 2026-05-06 02:22:04,475] Trial 3 finished with value: 0.015268850629123847 and parameters: {'confidence_threshold': 0.6000319676300473, 'training_days': 270, 'n_estimators': 382, 'max_depth': 4, 'num_leaves': 44, 'learning_rate': 0.09185046765032388, 'subsample': 0.6743651508646724, 'min_child_samples': 77, 'reg_alpha': 0.0013974578104212739, 'reg_lambda': 8.97190257982477e-08}. Best is trial 1 with value: 0.07157497490272277.
[I 2026-05-06 02:22:04,866] Trial 4 finished with value: 0.0989722940998061 and parameters: {'confidence_threshold': 0.7642618789055509, 'training_days': 390, 'n_estimators': 464, 'max_depth': 5, 'num_leaves': 30, 'learning_rate': 0.024562383309704932, 'subsample': 0.8612975035964376, 'min_child_samples': 36, 'reg_alpha': 1.593999300080167, 'reg_lambda': 0.006081270362829788}. Best is trial 4 with value: 0.0989722940998061.
[I 2026-05-06 02:22:05,020] Trial 5 finished with value: -0.08841892903179986 and parameters: {'confidence_threshold': 0.6029115860358569, 'training_days': 60, 'n_estimators': 441, 'max_depth': 3, 'num_leaves': 66, 'learning_rate': 0.044953114425778824, 'subsample': 0.7098948461279406, 'min_child_samples': 15, 'reg_alpha': 4.888753565548431e-07, 'reg_lambda': 4.198190642566389}. Best is trial 4 with value: 0.0989722940998061.
[I 2026-05-06 02:22:05,267] Trial 6 finished with value: 0.10422261662829255 and parameters: {'confidence_threshold': 0.7376932868314098, 'training_days': 290, 'n_estimators': 249, 'max_depth': 5, 'num_leaves': 121, 'learning_rate': 0.015565840632862623, 'subsample': 0.8390183783709677, 'min_child_samples': 19, 'reg_alpha': 1.860444687368747e-08, 'reg_lambda': 2.7391483548058117e-06}. Best is trial 6 with value: 0.10422261662829255.
[I 2026-05-06 02:22:05,306] Trial 7 finished with value: -0.03576994341340438 and parameters: {'confidence_threshold': 0.563503962036334, 'training_days': 70, 'n_estimators': 63, 'max_depth': 3, 'num_leaves': 47, 'learning_rate': 0.18074927623018475, 'subsample': 0.5059692991701257, 'min_child_samples': 9, 'reg_alpha': 3.6945804405602874e-08, 'reg_lambda': 0.027706035542028905}. Best is trial 6 with value: 0.10422261662829255.
[I 2026-05-06 02:22:05,384] Trial 8 finished with value: 0.0833877969911754 and parameters: {'confidence_threshold': 0.6525471176758836, 'training_days': 440, 'n_estimators': 116, 'max_depth': 4, 'num_leaves': 115, 'learning_rate': 0.010229952960863938, 'subsample': 0.5062159465415076, 'min_child_samples': 54, 'reg_alpha': 6.790626457822126e-06, 'reg_lambda': 1.7869141074987722e-05}. Best is trial 6 with value: 0.10422261662829255.
[I 2026-05-06 02:22:05,470] Trial 9 finished with value: -2.1572402504559087 and parameters: {'confidence_threshold': 0.7277571993354469, 'training_days': 360, 'n_estimators': 75, 'max_depth': 5, 'num_leaves': 41, 'learning_rate': 0.014186743931212992, 'subsample': 0.7445187273047605, 'min_child_samples': 22, 'reg_alpha': 0.02393227447113315, 'reg_lambda': 0.009236766173618426}. Best is trial 6 with value: 0.10422261662829255.

  [label] 2024-07-04 08:00 BCHUSDT entry=345.4000 → SHORT | long=sl(-5.47%) short=tp(+10.63%) | scanned=2 | short_tp_only
  [label] 2024-07-08 08:00 BCHUSDT entry=324.5900 → LONG | long=tp(+13.64%) short=sl(-6.97%) | scanned=13 | long_tp_only
  [label] 2024-08-02 08:00 BCHUSDT entry=400.9900 → SHORT | long=sl(-6.16%) short=tp(+12.03%) | scanned=6 | short_tp_only
  [label] 2024-09-24 08:00 BCHUSDT entry=341.3900 → SHORT | long=sl(-3.72%) short=sl(-3.72%) | scanned=21 | no_tp→fwd_return=-4.0042
  [label] 2025-03-10 16:00 BCHUSDT entry=331.5800 → LONG | long=timeout(+1.59%) short=sl(-8.78%) | scanned=22 | no_tp→fwd_return=+1.6919
  [label] 2025-03-15 00:00 BCHUSDT entry=334.5600 → SHORT | long=timeout(-3.09%) short=timeout(+2.89%) | scanned=22 | no_tp→fwd_return=-2.9890
  [label] 2025-03-25 16:00 BCHUSDT entry=335.8200 → SHORT | long=sl(-4.46%) short=tp(+8.62%) | scanned=8 | short_tp_only
  [label] 2025-05-10 00:00 BCHUSDT entry=419.6700 → SHORT | long=sl(-5.25%) short=timeout(+5.77%) | scanned=22 | no_tp→fwd_return=-5.8713
  [label] 2025-05-18 16:00 BCHUSDT entry=406.3200 → LONG | long=sl(-4.78%) short=sl(-4.78%) | scanned=10 | no_tp→fwd_return=+2.1535
  [label] 2025-08-18 00:00 BCHUSDT entry=566.4900 → SHORT | long=timeout(-0.11%) short=sl(-4.28%) | scanned=22 | no_tp→fwd_return=-0.0106
  [label] 2025-09-19 00:00 BCHUSDT entry=610.3600 → SHORT | long=sl(-3.59%) short=tp(+6.88%) | scanned=9 | short_tp_only
  [label] 2025-10-05 08:00 BCHUSDT entry=595.3800 → SHORT | long=sl(-3.30%) short=tp(+6.30%) | scanned=16 | short_tp_only
  [label] 2025-10-18 08:00 BCHUSDT entry=465.7000 → LONG | long=timeout(+8.67%) short=sl(-6.28%) | scanned=22 | no_tp→fwd_return=+8.7739
  [label] 2025-11-06 00:00 BCHUSDT entry=478.1000 → LONG | long=timeout(+9.62%) short=sl(-5.94%) | scanned=22 | no_tp→fwd_return=+9.7218
  [label] 2025-11-12 08:00 BCHUSDT entry=516.1000 → SHORT | long=sl(-4.96%) short=timeout(+6.26%) | scanned=22 | no_tp→fwd_return=-6.3612
  [label] 2025-11-24 16:00 BCHUSDT entry=549.0300 → SHORT | long=sl(-6.36%) short=timeout(+4.70%) | scanned=22 | no_tp→fwd_return=-4.8048
  [label] 2026-01-03 16:00 BCHUSDT entry=654.1900 → SHORT | long=sl(-3.98%) short=timeout(+1.54%) | scanned=22 | no_tp→fwd_return=-1.6387
  [label] 2026-01-13 16:00 BCHUSDT entry=616.6500 → SHORT | long=sl(-4.08%) short=tp(+7.87%) | scanned=16 | short_tp_only
  [label] 2026-04-10 08:00 BCHUSDT entry=442.5700 → LONG | long=sl(-2.96%) short=sl(-2.96%) | scanned=19 | no_tp→fwd_return=+2.7273
  Labels: 1080 long (49.3%), 1110 short (50.7%) | weights: min=1.00, mean=4.23, max=10.00
  Features: 2190/2190 matched, 14 columns
  CV gap: 22 rows
    [trial 0] 14 features, training_days=230 | threshold=0.779 | labels: 1080 long, 1110 short (49/51%)
    [CV fold 0] train_end=2024-08-23 00:00 | val_start=2024-08-30 16:00 | gap=184h (22 rows)
    [CV fold 1] train_end=2024-12-22 16:00 | val_start=2024-12-30 08:00 | gap=184h (22 rows)
    [CV fold 2] train_end=2025-04-23 08:00 | val_start=2025-05-01 00:00 | gap=184h (22 rows)
    [CV fold 3] train_end=2025-08-23 00:00 | val_start=2025-08-30 16:00 | gap=184h (22 rows)
    [CV fold 4] train_end=2025-12-22 16:00 | val_start=2025-12-30 08:00 | gap=184h (22 rows)
    [trial 0] Sharpe=0.0115 (folds: -0.2606, -0.2239, 0.0922, 0.4527, -0.0027)
    [trial 1] 14 features, training_days=410 | threshold=0.693 | labels: 1080 long, 1110 short (49/51%)
    [trial 1] Sharpe=0.0716 (folds: -0.1711, -0.1772, 0.2733, 0.4704, -0.0375)
    [trial 2] 14 features, training_days=270 | threshold=0.546 | labels: 1080 long, 1110 short (49/51%)
    [trial 2] Sharpe=0.0667 (folds: -0.1318, -0.1829, 0.2035, 0.4145, 0.0301)
    [trial 3] 14 features, training_days=270 | threshold=0.600 | labels: 1080 long, 1110 short (49/51%)
    [trial 3] Sharpe=0.0153 (folds: -0.3104, -0.1206, 0.0692, 0.4053, 0.0329)
    [trial 4] 14 features, training_days=390 | threshold=0.764 | labels: 1080 long, 1110 short (49/51%)
    [trial 4] Sharpe=0.0990 (folds: -0.3068, -0.1567, 0.2563, 0.4997, 0.2025)
    [trial 5] 14 features, training_days=60 | threshold=0.603 | labels: 1080 long, 1110 short (49/51%)
    [trial 5] Sharpe=-0.0884 (folds: -0.3012, 0.0054, -0.3288, 0.2589, -0.0764)
    [trial 6] 14 features, training_days=290 | threshold=0.738 | labels: 1080 long, 1110 short (49/51%)
    [trial 6] Sharpe=0.1042 (folds: -0.3233, -0.2888, 0.3838, 0.5106, 0.2388)
    [trial 7] 14 features, training_days=70 | threshold=0.564 | labels: 1080 long, 1110 short (49/51%)
    [trial 7] Sharpe=-0.0358 (folds: -0.1375, 0.0145, -0.2819, 0.2372, -0.0112)
    [trial 8] 14 features, training_days=440 | threshold=0.653 | labels: 1080 long, 1110 short (49/51%)
    [trial 8] Sharpe=0.0834 (folds: -0.2440, -0.2260, 0.4478, 0.2866, 0.1525)
    [trial 9] 14 features, training_days=360 | threshold=0.728 | labels: 1080 long, 1110 short (49/51%)
    [trial 9] Sharpe=-2.1572 (folds: -0.4827, -0.5294, -10.0000, 0.4876, -0.2617)
  Optuna: 10 trials, best Sharpe = 0.1042
  Best params: n_estimators=249, max_depth=5, lr=0.0156, leaves=121
  Best confidence_threshold: 0.738
  Best training_days: 290
  Retrained on full data (870 samples, 14 features)
  Model trained for 2026-05: 13 test candles with features, confidence_threshold=0.738
A (BCHUSDT): 126 trades in 95s (seed=42)
  gate stats: {'BCHUSDT': {'signals_seen': 3043, 'killed_by_zscore': 431, 'killed_by_hurst': 178, 'killed_by_adx': 746, 'killed_by_low_vol': 620, 'kill_rate': 0.6490305619454486, 'vol_scaled_signals': 1068, 'mean_vol_scale': 0.7154499087196287}}
============================================================
MODEL B (MKRUSDT) — seed 42
============================================================
[lgbm] 14 feature columns, 46 walk-forward splits
[lgbm] ATR labeling: 6257/6261 rows with ATR values
[lgbm] No split for 2020-08 (insufficient training data)
[lgbm] No split for 2020-09 (insufficient training data)
[lgbm] No split for 2020-10 (insufficient training data)
[lgbm] No split for 2020-11 (insufficient training data)
[lgbm] No split for 2020-12 (insufficient training data)
[lgbm] No split for 2021-01 (insufficient training data)
[lgbm] No split for 2021-02 (insufficient training data)
[lgbm] No split for 2021-03 (insufficient training data)
[lgbm] No split for 2021-04 (insufficient training data)
[lgbm] No split for 2021-05 (insufficient training data)
[lgbm] No split for 2021-06 (insufficient training data)
[lgbm] No split for 2021-07 (insufficient training data)
[lgbm] No split for 2021-08 (insufficient training data)
[lgbm] No split for 2021-09 (insufficient training data)
[lgbm] No split for 2021-10 (insufficient training data)
[lgbm] No split for 2021-11 (insufficient training data)
[lgbm] No split for 2021-12 (insufficient training data)
[lgbm] No split for 2022-01 (insufficient training data)
[lgbm] No split for 2022-02 (insufficient training data)
[lgbm] No split for 2022-03 (insufficient training data)
[lgbm] No split for 2022-04 (insufficient training data)
[lgbm] No split for 2022-05 (insufficient training data)
[lgbm] No split for 2022-06 (insufficient training data)
[lgbm] No split for 2022-07 (insufficient training data)
[lgbm] === Training for 2022-08 ===
  Train window: 2020-08-01 → 2022-08-01
  2139 training samples from 1 symbols
  Samples per month: 2020-08: 57, 2020-09: 90, 2020-10: 93, 2020-11: 90, 2020-12: 93, 2021-01: 93, 2021-02: 84, 2021-03: 93, 2021-04: 90, 2021-05: 93, 2021-06: 90, 2021-07: 93, 2021-08: 93, 2021-09: 90, 2021-10: 93, 2021-11: 90, 2021-12: 93, 2022-01: 93, 2022-02: 75, 2022-03: 93, 2022-04: 84, 2022-05: 93, 2022-06: 90, 2022-07: 93
  [label] 2020-10-12 16:00 MKRUSDT entry=587.2500 → SHORT | long=sl(-5.60%) short=timeout(+2.69%) | scanned=22 | no_tp→fwd_return=-2.7876
  [label] 2020-10-15 00:00 MKRUSDT entry=570.7000 → LONG | long=sl(-5.72%) short=timeout(-2.48%) | scanned=22 | no_tp→fwd_return=+2.3830
  [label] 2020-10-18 16:00 MKRUSDT entry=574.6900 → LONG | long=timeout(+1.44%) short=sl(-5.21%) | scanned=22 | no_tp→fwd_return=+1.5400
  [label] 2020-11-12 00:00 MKRUSDT entry=549.6200 → SHORT | long=sl(-5.40%) short=timeout(+8.15%) | scanned=22 | no_tp→fwd_return=-8.2512[I 2026-05-06 02:22:05,761] A new study created in memory with name: no-name-f624b558-a5dc-4257-9178-aaff64c8655a
[I 2026-05-06 02:22:06,072] Trial 0 finished with value: -0.057687862528251976 and parameters: {'confidence_threshold': 0.7790993046299082, 'training_days': 230, 'n_estimators': 295, 'max_depth': 5, 'num_leaves': 83, 'learning_rate': 0.051543455158230854, 'subsample': 0.8773243492079463, 'min_child_samples': 10, 'reg_alpha': 0.034096514368237685, 'reg_lambda': 3.154180388637081e-05}. Best is trial 0 with value: -0.057687862528251976.
