[I 2026-05-06 02:22:13,598] Trial 9 finished with value: -0.21550105388287175 and parameters: {'confidence_threshold': 0.7277571993354469, 'training_days': 360, 'n_estimators': 75, 'max_depth': 5, 'num_leaves': 41, 'learning_rate': 0.014186743931212992, 'subsample': 0.7445187273047605, 'min_child_samples': 22, 'reg_alpha': 0.02393227447113315, 'reg_lambda': 0.009236766173618426}. Best is trial 5 with value: 0.055237361353792556.

    [trial 8] Sharpe=-0.2424 (folds: -0.1312, -0.2345, -1.1452, 0.1478, 0.1508)
    [trial 9] 14 features, training_days=360 | threshold=0.728 | labels: 1004 long, 1171 short (46/54%)
    [trial 9] Sharpe=-2.1683 (folds: -0.0345, -0.3950, -10.0000, -0.5633, 0.1515)
  Optuna: 10 trials, best Sharpe = -0.0019
  Best params: n_estimators=441, max_depth=3, lr=0.0450, leaves=66
  Best confidence_threshold: 0.603
  Best training_days: 60
  Retrained on full data (180 samples, 14 features)
  Model trained for 2022-10: 93 test candles with features, confidence_threshold=0.603
[trade:close] 2022-10-03 07:59 MKRUSDT SHORT → stop_loss @ 789.96 | PnL=-5.60% (net -5.70%) | cum=-9.74% 2022-10=-5.70% 2022-10-03=-5.70%
[predict] 2022-10-05 08:00 MKRUSDT → SHORT (proba=0.77 TP=10.8%/SL=5.4%)
[trade:open] 2022-10-05 15:59 MKRUSDT SHORT @ 861.00 | SL=907.53 TP=767.94 | timeout=2022-10-12 15:59
[trade:close] 2022-10-09 23:59 MKRUSDT SHORT → stop_loss @ 907.53 | PnL=-5.40% (net -5.50%) | cum=-15.25% 2022-10=-11.20% 2022-10-09=-5.50%
[predict] 2022-10-11 08:00 MKRUSDT → SHORT (proba=0.88 TP=14.2%/SL=7.1%)
[trade:open] 2022-10-11 15:59 MKRUSDT SHORT @ 982.10 | SL=1052.07 TP=842.16 | timeout=2022-10-18 15:59
[trade:close] 2022-10-17 15:59 MKRUSDT SHORT → stop_loss @ 1052.07 | PnL=-7.12% (net -7.22%) | cum=-22.47% 2022-10=-18.42% 2022-10-17=-7.22%
[predict] 2022-10-19 00:00 MKRUSDT → SHORT (proba=0.85 TP=11.5%/SL=5.8%)
[trade:open] 2022-10-19 07:59 MKRUSDT SHORT @ 1140.90 | SL=1206.77 TP=1009.16 | timeout=2022-10-26 07:59
[trade:close] 2022-10-21 15:59 MKRUSDT SHORT → take_profit @ 1009.16 | PnL=+11.55% (net +11.45%) | cum=-11.03% 2022-10=-6.98% 2022-10-21=+11.45%
[predict] 2022-10-23 16:00 MKRUSDT → SHORT (proba=0.97 TP=12.4%/SL=6.2%)
[trade:open] 2022-10-23 23:59 MKRUSDT SHORT @ 977.10 | SL=1037.48 TP=856.33 | timeout=2022-10-30 23:59
[trade:close] 2022-10-31 00:00 MKRUSDT SHORT → timeout @ 908.70 | PnL=+7.00% (net +6.90%) | cum=-4.13% 2022-10=-0.08% 2022-10-31=+6.90%
[lgbm] === Training for 2022-11 ===
  Train window: 2020-11-01 → 2022-11-01
  2175 training samples from 1 symbols
  Samples per month: 2020-11: 90, 2020-12: 93, 2021-01: 93, 2021-02: 84, 2021-03: 93, 2021-04: 90, 2021-05: 93, 2021-06: 90, 2021-07: 93, 2021-08: 93, 2021-09: 90, 2021-10: 93, 2021-11: 90, 2021-12: 93, 2022-01: 93, 2022-02: 75, 2022-03: 93, 2022-04: 84, 2022-05: 93, 2022-06: 90, 2022-07: 93, 2022-08: 93, 2022-09: 90, 2022-10: 93
  [label] 2021-01-01 16:00 MKRUSDT entry=581.6700 → LONG | long=tp(+11.74%) short=sl(-6.02%) | scanned=4 | long_tp_only
  [label] 2021-01-04 00:00 MKRUSDT entry=699.4600 → LONG | long=sl(-6.53%) short=sl(-6.53%) | scanned=5 | no_tp→fwd_return=+9.6231
  [label] 2021-01-07 16:00 MKRUSDT entry=1059.0300 → LONG | long=sl(-9.60%) short=sl(-9.60%) | scanned=5 | no_tp→fwd_return=+17.6586
  [label] 2021-02-01 16:00 MKRUSDT entry=1474.4100 → LONG | long=tp(+19.97%) short=sl(-10.13%) | scanned=2 | long_tp_only
  [label] 2021-03-26 00:00 MKRUSDT entry=1956.4800 → LONG | long=tp(+15.75%) short=sl(-8.02%) | scanned=18 | long_tp_only
  [label] 2021-09-08 16:00 MKRUSDT entry=3021.9000 → LONG | long=sl(-8.66%) short=timeout(-1.51%) | scanned=22 | no_tp→fwd_return=+1.4064
  [label] 2021-09-12 16:00 MKRUSDT entry=2873.7000 → LONG | long=sl(-8.08%) short=sl(-8.08%) | scanned=10 | no_tp→fwd_return=+8.7239
  [label] 2021-09-23 08:00 MKRUSDT entry=2501.8000 → SHORT | long=sl(-8.38%) short=timeout(+9.07%) | scanned=22 | no_tp→fwd_return=-9.1734
  [label] 2021-11-07 08:00 MKRUSDT entry=2949.2000 → LONG | long=tp(+13.92%) short=sl(-7.11%) | scanned=3 | long_tp_only
  [label] 2021-11-16 00:00 MKRUSDT entry=2875.7000 → LONG | long=sl(-6.96%) short=sl(-6.96%) | scanned=6 | no_tp→fwd_return=+5.4769
  [label] 2022-02-14 16:00 MKRUSDT entry=1935.2000 → SHORT | long=sl(-6.52%) short=sl(-6.52%) | scanned=17 | no_tp→fwd_return=-6.8365
  [label] 2022-03-21 16:00 MKRUSDT entry=1997.9000 → LONG | long=timeout(+1.80%) short=sl(-5.50%) | scanned=22 | no_tp→fwd_return=+1.9020
  [label] 2022-04-08 16:00 MKRUSDT entry=2031.9000 → SHORT | long=sl(-6.97%) short=timeout(+4.13%) | scanned=22 | no_tp→fwd_return=-4.2325
  [label] 2022-04-21 16:00 MKRUSDT entry=1722.9000 → SHORT | long=sl(-6.62%) short=timeout(+4.64%) | scanned=22 | no_tp→fwd_return=-4.7362
  [label] 2022-05-10 00:00 MKRUSDT entry=1205.3000 → LONG | long=tp(+19.55%) short=sl(-9.92%) | scanned=4 | long_tp_only
  [label] 2022-05-16 08:00 MKRUSDT entry=1570.6000 → SHORT | long=timeout(-8.87%) short=timeout(+8.67%) | scanned=22 | no_tp→fwd_return=-8.7674
  [label] 2022-05-28 16:00 MKRUSDT entry=1210.8000 → SHORT | long=timeout(-3.37%) short=sl(-10.15%) | scanned=22 | no_tp→fwd_return=-3.2706
  [label] 2022-07-07 08:00 MKRUSDT entry=1001.1000 → SHORT | long=sl(-7.10%) short=tp(+13.90%) | scanned=13 | short_tp_only
  [label] 2022-07-17 08:00 MKRUSDT entry=940.7000 → LONG | long=tp(+12.57%) short=sl(-6.43%) | scanned=5 | long_tp_only
  [label] 2022-10-11 16:00 MKRUSDT entry=972.5000 → LONG | long=sl(-7.21%) short=sl(-7.21%) | scanned=17 | no_tp→fwd_return=+8.4936
  Labels: 1014 long (46.6%), 1161 short (53.4%) | weights: min=1.00, mean=2.28, max=10.00
  Features: 2175/2175 matched, 14 columns
  CV gap: 22 rows
    [trial 0] 14 features, training_days=230 | threshold=0.779 | labels: 1014 long, 1161 short (47/53%)
    [CV fold 0] train_end=2021-02-23 00:00 | val_start=2021-03-02 16:00 | gap=184h (22 rows)
    [CV fold 1] train_end=2021-06-23 16:00 | val_start=2021-07-01 08:00 | gap=184h (22 rows)
    [CV fold 2] train_end=2021-10-22 08:00 | val_start=2021-10-30 00:00 | gap=184h (22 rows)
    [CV fold 3] train_end=2022-02-20 00:00 | val_start=2022-03-02 16:00 | gap=256h (22 rows)
    [CV fold 4] train_end=2022-06-25 16:00 | val_start=2022-07-03 08:00 | gap=184h (22 rows)
    [trial 0] Sharpe=-0.0354 (folds: -0.0079, -0.1670, -0.1803, 0.0287, 0.1495)
    [trial 1] 14 features, training_days=410 | threshold=0.693 | labels: 1014 long, 1161 short (47/53%)
    [trial 1] Sharpe=-0.1240 (folds: -0.1403, -0.0608, -0.3369, -0.1746, 0.0923)
    [trial 2] 14 features, training_days=270 | threshold=0.546 | labels: 1014 long, 1161 short (47/53%)
    [trial 2] Sharpe=-0.0904 (folds: -0.0120, -0.0543, -0.2169, -0.2643, 0.0956)
    [trial 3] 14 features, training_days=270 | threshold=0.600 | labels: 1014 long, 1161 short (47/53%)
    [trial 3] Sharpe=-0.0663 (folds: 0.0968, -0.1054, -0.2332, -0.1946, 0.1049)
    [trial 4] 14 features, training_days=390 | threshold=0.764 | labels: 1014 long, 1161 short (47/53%)
    [trial 4] Sharpe=-0.0787 (folds: 0.0069, -0.0774, -0.2123, -0.2150, 0.1040)
    [trial 5] 14 features, training_days=60 | threshold=0.603 | labels: 1014 long, 1161 short (47/53%)
    [trial 5] Sharpe=0.0552 (folds: 0.0422, -0.1018, 0.0200, 0.1941, 0.1216)
    [trial 6] 14 features, training_days=290 | threshold=0.738 | labels: 1014 long, 1161 short (47/53%)
    [trial 6] Sharpe=-0.0980 (folds: -0.1792, -0.0516, -0.2051, -0.0874, 0.0336)
    [trial 7] 14 features, training_days=70 | threshold=0.564 | labels: 1014 long, 1161 short (47/53%)
    [trial 7] Sharpe=0.0375 (folds: 0.0285, -0.0226, 0.0715, 0.0029, 0.1074)
    [trial 8] 14 features, training_days=440 | threshold=0.653 | labels: 1014 long, 1161 short (47/53%)
    [trial 8] Sharpe=-0.0844 (folds: 0.0517, -0.0110, -0.4856, -0.1373, 0.1602)
    [trial 9] 14 features, training_days=360 | threshold=0.728 | labels: 1014 long, 1161 short (47/53%)
    [trial 9] Sharpe=-0.2155 (folds: -0.2123, -0.3392, -0.4378, -0.1803, 0.0921)
  Optuna: 10 trials, best Sharpe = 0.0552
  Best params: n_estimators=441, max_depth=3, lr=0.0450, leaves=66
  Best confidence_threshold: 0.603
  Best training_days: 60
  Retrained on full data (180 samples, 14 features)
  Model trained for 2022-11: 90 test candles with features, confidence_threshold=0.603
[predict] 2022-11-02 16:00 MKRUSDT → SHORT (proba=0.93 TP=11.0%/SL=5.5%)
[trade:open] 2022-11-02 23:59 MKRUSDT SHORT @ 837.60 | SL=883.87 TP=745.06 | timeout=2022-11-09 23:59
[trade:close] 2022-11-04 15:59 MKRUSDT SHORT → stop_loss @ 883.87 | PnL=-5.52% (net -5.62%) | cum=-9.75% 2022-11=-5.62% 2022-11-04=-5.62%[I 2026-05-06 02:22:13,871] A new study created in memory with name: no-name-580d1e43-7960-4e27-81cd-5612773e6872
[I 2026-05-06 02:22:14,190] Trial 0 finished with value: -0.05815407775204812 and parameters: {'confidence_threshold': 0.7790993046299082, 'training_days': 230, 'n_estimators': 295, 'max_depth': 5, 'num_leaves': 83, 'learning_rate': 0.051543455158230854, 'subsample': 0.8773243492079463, 'min_child_samples': 10, 'reg_alpha': 0.034096514368237685, 'reg_lambda': 3.154180388637081e-05}. Best is trial 0 with value: -0.05815407775204812.
[I 2026-05-06 02:22:14,325] Trial 1 finished with value: 0.0007128457379987074 and parameters: {'confidence_threshold': 0.6929247853618086, 'training_days': 410, 'n_estimators': 233, 'max_depth': 5, 'num_leaves': 108, 'learning_rate': 0.013724237108071606, 'subsample': 0.7013182233636002, 'min_child_samples': 94, 'reg_alpha': 2.4040959529260723e-06, 'reg_lambda': 5.320966582161148}. Best is trial 1 with value: 0.0007128457379987074.
[I 2026-05-06 02:22:14,394] Trial 2 finished with value: -0.05506971825494831 and parameters: {'confidence_threshold': 0.546341527225763, 'training_days': 270, 'n_estimators': 120, 'max_depth': 4, 'num_leaves': 53, 'learning_rate': 0.060197068579343475, 'subsample': 0.588227873455941, 'min_child_samples': 91, 'reg_alpha': 2.3457771824819002e-08, 'reg_lambda': 1.1358840775642732e-08}. Best is trial 1 with value: 0.0007128457379987074.
[I 2026-05-06 02:22:14,579] Trial 3 finished with value: -0.06893025033405757 and parameters: {'confidence_threshold': 0.6000319676300473, 'training_days': 270, 'n_estimators': 382, 'max_depth': 4, 'num_leaves': 44, 'learning_rate': 0.09185046765032388, 'subsample': 0.6743651508646724, 'min_child_samples': 77, 'reg_alpha': 0.0013974578104212739, 'reg_lambda': 8.97190257982477e-08}. Best is trial 1 with value: 0.0007128457379987074.
[I 2026-05-06 02:22:14,977] Trial 4 finished with value: -0.10649952134129755 and parameters: {'confidence_threshold': 0.7642618789055509, 'training_days': 390, 'n_estimators': 464, 'max_depth': 5, 'num_leaves': 30, 'learning_rate': 0.024562383309704932, 'subsample': 0.8612975035964376, 'min_child_samples': 36, 'reg_alpha': 1.593999300080167, 'reg_lambda': 0.006081270362829788}. Best is trial 1 with value: 0.0007128457379987074.
[I 2026-05-06 02:22:15,123] Trial 5 finished with value: -0.12750420974877924 and parameters: {'confidence_threshold': 0.6029115860358569, 'training_days': 60, 'n_estimators': 441, 'max_depth': 3, 'num_leaves': 66, 'learning_rate': 0.044953114425778824, 'subsample': 0.7098948461279406, 'min_child_samples': 15, 'reg_alpha': 4.888753565548431e-07, 'reg_lambda': 4.198190642566389}. Best is trial 1 with value: 0.0007128457379987074.
[I 2026-05-06 02:22:15,350] Trial 6 finished with value: -0.10114021156374871 and parameters: {'confidence_threshold': 0.7376932868314098, 'training_days': 290, 'n_estimators': 249, 'max_depth': 5, 'num_leaves': 121, 'learning_rate': 0.015565840632862623, 'subsample': 0.8390183783709677, 'min_child_samples': 19, 'reg_alpha': 1.860444687368747e-08, 'reg_lambda': 2.7391483548058117e-06}. Best is trial 1 with value: 0.0007128457379987074.
[I 2026-05-06 02:22:15,385] Trial 7 finished with value: -0.062443098903233206 and parameters: {'confidence_threshold': 0.563503962036334, 'training_days': 70, 'n_estimators': 63, 'max_depth': 3, 'num_leaves': 47, 'learning_rate': 0.18074927623018475, 'subsample': 0.5059692991701257, 'min_child_samples': 9, 'reg_alpha': 3.6945804405602874e-08, 'reg_lambda': 0.027706035542028905}. Best is trial 1 with value: 0.0007128457379987074.
[I 2026-05-06 02:22:15,463] Trial 8 finished with value: -0.009278046341349388 and parameters: {'confidence_threshold': 0.6525471176758836, 'training_days': 440, 'n_estimators': 116, 'max_depth': 4, 'num_leaves': 115, 'learning_rate': 0.010229952960863938, 'subsample': 0.5062159465415076, 'min_child_samples': 54, 'reg_alpha': 6.790626457822126e-06, 'reg_lambda': 1.7869141074987722e-05}. Best is trial 1 with value: 0.0007128457379987074.
[I 2026-05-06 02:22:15,551] Trial 9 finished with value: -0.02386375102980249 and parameters: {'confidence_threshold': 0.7277571993354469, 'training_days': 360, 'n_estimators': 75, 'max_depth': 5, 'num_leaves': 41, 'learning_rate': 0.014186743931212992, 'subsample': 0.7445187273047605, 'min_child_samples': 22, 'reg_alpha': 0.02393227447113315, 'reg_lambda': 0.009236766173618426}. Best is trial 1 with value: 0.0007128457379987074.

[predict] 2022-11-06 16:00 MKRUSDT → SHORT (proba=0.95 TP=10.9%/SL=5.5%)
[trade:open] 2022-11-06 23:59 MKRUSDT SHORT @ 844.80 | SL=890.96 TP=752.48 | timeout=2022-11-13 23:59
[trade:close] 2022-11-08 23:59 MKRUSDT SHORT → take_profit @ 752.48 | PnL=+10.93% (net +10.83%) | cum=+1.08% 2022-11=+5.20% 2022-11-08=+10.83%
[predict] 2022-11-12 00:00 MKRUSDT → SHORT (proba=0.97 TP=23.1%/SL=11.6%)
[trade:open] 2022-11-12 07:59 MKRUSDT SHORT @ 706.60 | SL=788.30 TP=543.19 | timeout=2022-11-19 07:59
[trade:close] 2022-11-19 08:00 MKRUSDT SHORT → timeout @ 664.40 | PnL=+5.97% (net +5.87%) | cum=+6.95% 2022-11=+11.08% 2022-11-19=+5.87%
[lgbm] === Training for 2022-12 ===
  Train window: 2020-12-01 → 2022-12-01
  2175 training samples from 1 symbols
  Samples per month: 2020-12: 93, 2021-01: 93, 2021-02: 84, 2021-03: 93, 2021-04: 90, 2021-05: 93, 2021-06: 90, 2021-07: 93, 2021-08: 93, 2021-09: 90, 2021-10: 93, 2021-11: 90, 2021-12: 93, 2022-01: 93, 2022-02: 75, 2022-03: 93, 2022-04: 84, 2022-05: 93, 2022-06: 90, 2022-07: 93, 2022-08: 93, 2022-09: 90, 2022-10: 93, 2022-11: 90
  [label] 2021-01-31 16:00 MKRUSDT entry=1483.5000 → LONG | long=tp(+20.71%) short=sl(-10.51%) | scanned=10 | long_tp_only
  [label] 2021-02-03 00:00 MKRUSDT entry=1695.9600 → LONG | long=tp(+18.44%) short=sl(-9.37%) | scanned=5 | long_tp_only
  [label] 2021-02-06 16:00 MKRUSDT entry=2536.9500 → LONG | long=sl(-12.15%) short=sl(-12.15%) | scanned=18 | no_tp→fwd_return=+7.8803
  [label] 2021-03-03 16:00 MKRUSDT entry=2193.2800 → LONG | long=timeout(+2.73%) short=timeout(-2.93%) | scanned=22 | no_tp→fwd_return=+2.8337
  [label] 2021-04-25 00:00 MKRUSDT entry=3822.1900 → LONG | long=tp(+31.83%) short=sl(-16.07%) | scanned=21 | long_tp_only
  [label] 2021-10-08 16:00 MKRUSDT entry=2502.5000 → LONG | long=timeout(+2.64%) short=sl(-6.52%) | scanned=22 | no_tp→fwd_return=+2.7373
  [label] 2021-10-12 16:00 MKRUSDT entry=2443.5000 → LONG | long=timeout(+1.99%) short=sl(-6.79%) | scanned=22 | no_tp→fwd_return=+2.0872
  [label] 2021-10-23 08:00 MKRUSDT entry=2533.2000 → SHORT | long=sl(-4.84%) short=tp(+9.38%) | scanned=12 | short_tp_only
  [label] 2021-12-07 08:00 MKRUSDT entry=2663.3000 → SHORT | long=sl(-8.30%) short=tp(+16.30%) | scanned=19 | short_tp_only
  [label] 2021-12-16 00:00 MKRUSDT entry=2383.9000 → LONG | long=sl(-7.40%) short=timeout(-1.41%) | scanned=22 | no_tp→fwd_return=+1.3130
  [label] 2022-03-19 16:00 MKRUSDT entry=2059.3000 → SHORT | long=sl(-5.63%) short=timeout(+2.13%) | scanned=22 | no_tp→fwd_return=-2.2289
  [label] 2022-04-22 16:00 MKRUSDT entry=1727.7000 → SHORT | long=sl(-6.52%) short=timeout(+9.73%) | scanned=22 | no_tp→fwd_return=-9.8281
  [label] 2022-05-08 16:00 MKRUSDT entry=1190.2000 → LONG | long=sl(-8.73%) short=sl(-8.73%) | scanned=7 | no_tp→fwd_return=+4.8815
  [label] 2022-05-21 16:00 MKRUSDT entry=1397.1000 → SHORT | long=sl(-12.21%) short=timeout(+13.23%) | scanned=22 | no_tp→fwd_return=-13.3348
  [label] 2022-06-09 00:00 MKRUSDT entry=1154.3000 → SHORT | long=sl(-7.06%) short=tp(+13.82%) | scanned=7 | short_tp_only
  [label] 2022-06-15 08:00 MKRUSDT entry=730.5000 → LONG | long=tp(+27.29%) short=sl(-13.79%) | scanned=15 | long_tp_only
  [label] 2022-06-27 16:00 MKRUSDT entry=1001.9000 → SHORT | long=sl(-9.41%) short=timeout(+5.99%) | scanned=22 | no_tp→fwd_return=-6.0884
  [label] 2022-08-06 08:00 MKRUSDT entry=1107.7000 → SHORT | long=timeout(-3.31%) short=sl(-6.48%) | scanned=22 | no_tp→fwd_return=-3.2139
  [label] 2022-08-16 08:00 MKRUSDT entry=983.6000 → SHORT | long=sl(-6.70%) short=tp(+13.10%) | scanned=8 | short_tp_only
  [label] 2022-11-10 16:00 MKRUSDT entry=879.4000 → SHORT | long=sl(-8.89%) short=tp(+17.48%) | scanned=4 | short_tp_only
  Labels: 984 long (45.2%), 1191 short (54.8%) | weights: min=1.00, mean=2.28, max=10.00
  Features: 2175/2175 matched, 14 columns
  CV gap: 22 rows
    [trial 0] 14 features, training_days=230 | threshold=0.779 | labels: 984 long, 1191 short (45/55%)
    [CV fold 0] train_end=2021-03-25 00:00 | val_start=2021-04-01 16:00 | gap=184h (22 rows)
    [CV fold 1] train_end=2021-07-23 16:00 | val_start=2021-07-31 08:00 | gap=184h (22 rows)
    [CV fold 2] train_end=2021-11-21 08:00 | val_start=2021-11-29 00:00 | gap=184h (22 rows)
    [CV fold 3] train_end=2022-03-25 00:00 | val_start=2022-04-03 16:00 | gap=232h (22 rows)
    [CV fold 4] train_end=2022-07-25 16:00 | val_start=2022-08-02 08:00 | gap=184h (22 rows)
    [trial 0] Sharpe=-0.0582 (folds: -0.1057, -0.1351, -0.0939, -0.0400, 0.0839)
    [trial 1] 14 features, training_days=410 | threshold=0.693 | labels: 984 long, 1191 short (45/55%)
    [trial 1] Sharpe=0.0007 (folds: 0.2131, -0.1732, 0.0473, -0.2603, 0.1766)
    [trial 2] 14 features, training_days=270 | threshold=0.546 | labels: 984 long, 1191 short (45/55%)
    [trial 2] Sharpe=-0.0551 (folds: 0.0628, -0.0825, -0.0562, -0.2118, 0.0124)
    [trial 3] 14 features, training_days=270 | threshold=0.600 | labels: 984 long, 1191 short (45/55%)
    [trial 3] Sharpe=-0.0689 (folds: 0.0207, -0.1693, -0.0720, -0.1781, 0.0541)
    [trial 4] 14 features, training_days=390 | threshold=0.764 | labels: 984 long, 1191 short (45/55%)
    [trial 4] Sharpe=-0.1065 (folds: -0.1244, -0.2011, -0.1118, -0.2837, 0.1886)
    [trial 5] 14 features, training_days=60 | threshold=0.603 | labels: 984 long, 1191 short (45/55%)
    [trial 5] Sharpe=-0.1275 (folds: 0.1217, -0.1944, -0.0877, 0.0236, -0.5007)
    [trial 6] 14 features, training_days=290 | threshold=0.738 | labels: 984 long, 1191 short (45/55%)
    [trial 6] Sharpe=-0.1011 (folds: -0.2504, -0.0936, -0.0850, -0.1484, 0.0717)
    [trial 7] 14 features, training_days=70 | threshold=0.564 | labels: 984 long, 1191 short (45/55%)
    [trial 7] Sharpe=-0.0624 (folds: 0.1632, -0.1073, -0.0056, -0.0800, -0.2826)
    [trial 8] 14 features, training_days=440 | threshold=0.653 | labels: 984 long, 1191 short (45/55%)
    [trial 8] Sharpe=-0.0093 (folds: 0.0697, -0.0373, -0.1672, -0.1230, 0.2115)
    [trial 9] 14 features, training_days=360 | threshold=0.728 | labels: 984 long, 1191 short (45/55%)
    [trial 9] Sharpe=-0.0239 (folds: -0.2434, 0.0244, -0.1616, 0.0779, 0.1835)
  Optuna: 10 trials, best Sharpe = 0.0007
  Best params: n_estimators=233, max_depth=5, lr=0.0137, leaves=108
  Best confidence_threshold: 0.693
  Best training_days: 410
  Retrained on full data (1215 samples, 14 features)
  Model trained for 2022-12: 93 test candles with features, confidence_threshold=0.693
[lgbm] === Training for 2023-01 ===
  Train window: 2021-01-01 → 2023-01-01
  2175 training samples from 1 symbols
  Samples per month: 2021-01: 93, 2021-02: 84, 2021-03: 93, 2021-04: 90, 2021-05: 93, 2021-06: 90, 2021-07: 93, 2021-08: 93, 2021-09: 90, 2021-10: 93, 2021-11: 90, 2021-12: 93, 2022-01: 93, 2022-02: 75, 2022-03: 93, 2022-04: 84, 2022-05: 93, 2022-06: 90, 2022-07: 93, 2022-08: 93, 2022-09: 90, 2022-10: 93, 2022-11: 90, 2022-12: 93
  [label] 2021-03-03 16:00 MKRUSDT entry=2193.2800 → LONG | long=timeout(+2.73%) short=timeout(-2.93%) | scanned=22 | no_tp→fwd_return=+2.8337
  [label] 2021-03-06 00:00 MKRUSDT entry=2115.2600 → SHORT | long=timeout(-1.02%) short=sl(-10.95%) | scanned=22 | no_tp→fwd_return=-0.9171
  [label] 2021-03-09 16:00 MKRUSDT entry=2266.7000 → SHORT | long=sl(-8.70%) short=timeout(+8.48%) | scanned=22 | no_tp→fwd_return=-8.5781
  [label] 2021-04-03 16:00 MKRUSDT entry=2239.2900 → SHORT | long=sl(-7.58%) short=timeout(+0.17%) | scanned=22 | no_tp→fwd_return=-0.2729
  [label] 2021-05-26 00:00 MKRUSDT entry=4011.1000 → SHORT | long=sl(-20.58%) short=timeout(+9.00%) | scanned=22 | no_tp→fwd_return=-9.0997
  [label] 2021-11-08 16:00 MKRUSDT entry=3305.5000 → SHORT | long=sl(-6.76%) short=tp(+13.23%) | scanned=6 | short_tp_only
  [label] 2021-11-12 16:00 MKRUSDT entry=2878.3000 → SHORT | long=sl(-7.20%) short=sl(-7.20%) | scanned=13 | no_tp→fwd_return=-5.0898
  [label] 2021-11-23 08:00 MKRUSDT entry=3028.6000 → LONG | long=tp(+13.25%) short=sl(-6.78%) | scanned=6 | long_tp_only
  [label] 2022-01-07 08:00 MKRUSDT entry=2155.6000 → LONG | long=sl(-7.89%) short=timeout(-0.20%) | scanned=22 | no_tp→fwd_return=+0.1021[I 2026-05-06 02:22:15,855] A new study created in memory with name: no-name-966edb3e-8fe7-492f-8fc1-b663f8ef708e
[I 2026-05-06 02:22:16,181] Trial 0 finished with value: -0.06818548720532266 and parameters: {'confidence_threshold': 0.7790993046299082, 'training_days': 230, 'n_estimators': 295, 'max_depth': 5, 'num_leaves': 83, 'learning_rate': 0.051543455158230854, 'subsample': 0.8773243492079463, 'min_child_samples': 10, 'reg_alpha': 0.034096514368237685, 'reg_lambda': 3.154180388637081e-05}. Best is trial 0 with value: -0.06818548720532266.
