[I 2026-05-06 02:24:09,872] Trial 6 finished with value: 0.01902084447077316 and parameters: {'confidence_threshold': 0.7376932868314098, 'training_days': 290, 'n_estimators': 249, 'max_depth': 5, 'num_leaves': 121, 'learning_rate': 0.015565840632862623, 'subsample': 0.8390183783709677, 'min_child_samples': 19, 'reg_alpha': 1.860444687368747e-08, 'reg_lambda': 2.7391483548058117e-06}. Best is trial 6 with value: 0.01902084447077316.

    [CV fold 3] train_end=2025-01-23 00:00 | val_start=2025-01-30 16:00 | gap=184h (22 rows)
    [CV fold 4] train_end=2025-05-24 16:00 | val_start=2025-06-01 08:00 | gap=184h (22 rows)
    [trial 0] Sharpe=-0.0901 (folds: -0.1481, -0.1222, -0.1710, -0.0224, 0.0131)
    [trial 1] 14 features, training_days=410 | threshold=0.693 | labels: 1126 long, 1067 short (51/49%)
    [trial 1] Sharpe=-0.0927 (folds: -0.3179, -0.1796, -0.1500, 0.0981, 0.0860)
    [trial 2] 14 features, training_days=270 | threshold=0.546 | labels: 1126 long, 1067 short (51/49%)
    [trial 2] Sharpe=-0.0550 (folds: -0.1990, -0.0866, -0.0509, 0.0227, 0.0390)
    [trial 3] 14 features, training_days=270 | threshold=0.600 | labels: 1126 long, 1067 short (51/49%)
    [trial 3] Sharpe=-0.1008 (folds: -0.2340, -0.0947, -0.1601, 0.0040, -0.0195)
    [trial 4] 14 features, training_days=390 | threshold=0.764 | labels: 1126 long, 1067 short (51/49%)
    [trial 4] Sharpe=-0.0652 (folds: -0.2145, -0.1647, -0.1034, 0.0910, 0.0654)
    [trial 5] 14 features, training_days=60 | threshold=0.603 | labels: 1126 long, 1067 short (51/49%)
    [trial 5] Sharpe=-0.0224 (folds: -0.0935, 0.1450, 0.0271, -0.0168, -0.1740)
    [trial 6] 14 features, training_days=290 | threshold=0.738 | labels: 1126 long, 1067 short (51/49%)
    [trial 6] Sharpe=-0.0752 (folds: -0.1380, -0.1011, -0.2399, -0.0895, 0.1928)
    [trial 7] 14 features, training_days=70 | threshold=0.564 | labels: 1126 long, 1067 short (51/49%)
    [trial 7] Sharpe=-0.0947 (folds: -0.0970, -0.0831, -0.0063, -0.0628, -0.2244)
    [trial 8] 14 features, training_days=440 | threshold=0.653 | labels: 1126 long, 1067 short (51/49%)
    [trial 8] Sharpe=-0.0730 (folds: -0.1355, -0.4306, -0.1486, 0.1142, 0.2357)
    [trial 9] 14 features, training_days=360 | threshold=0.728 | labels: 1126 long, 1067 short (51/49%)
    [trial 9] Sharpe=-0.0474 (folds: -0.0900, -0.2305, -0.1739, 0.0910, 0.1663)
  Optuna: 10 trials, best Sharpe = -0.0224
  Best params: n_estimators=441, max_depth=3, lr=0.0450, leaves=66
  Best confidence_threshold: 0.603
  Best training_days: 60
  Retrained on full data (180 samples, 14 features)
  Model trained for 2025-10: 93 test candles with features, confidence_threshold=0.603
[predict] 2025-10-01 08:00 LDOUSDT → LONG (proba=0.95 TP=11.5%/SL=5.8%)
[trade:open] 2025-10-01 15:59 LDOUSDT LONG @ 1.17 | SL=1.10 TP=1.30 | timeout=2025-10-08 15:59
[trade:close] 2025-10-02 23:59 LDOUSDT LONG → take_profit @ 1.30 | PnL=+11.54% (net +11.44%) | cum=+84.41% 2025-10=+11.44% 2025-10-02=+11.44%
[predict] 2025-10-04 08:00 LDOUSDT → SHORT (proba=0.64 TP=11.7%/SL=5.8%)
[trade:open] 2025-10-04 15:59 LDOUSDT SHORT @ 1.19 | SL=1.26 TP=1.05 | timeout=2025-10-11 15:59
[trade:close] 2025-10-06 15:59 LDOUSDT SHORT → stop_loss @ 1.26 | PnL=-5.83% (net -5.93%) | cum=+78.48% 2025-10=+5.51% 2025-10-06=-5.93%
[predict] 2025-10-08 00:00 LDOUSDT → LONG (proba=0.91 TP=12.0%/SL=6.0%)
[trade:open] 2025-10-08 07:59 LDOUSDT LONG @ 1.17 | SL=1.10 TP=1.31 | timeout=2025-10-15 07:59
[trade:close] 2025-10-10 23:59 LDOUSDT LONG → stop_loss @ 1.10 | PnL=-6.00% (net -6.10%) | cum=+72.38% 2025-10=-0.59% 2025-10-10=-6.10%
[lgbm] === Training for 2025-11 ===
  Train window: 2023-11-01 → 2025-11-01
  2193 training samples from 1 symbols
  Samples per month: 2023-11: 90, 2023-12: 93, 2024-01: 93, 2024-02: 87, 2024-03: 93, 2024-04: 90, 2024-05: 93, 2024-06: 90, 2024-07: 93, 2024-08: 93, 2024-09: 90, 2024-10: 93, 2024-11: 90, 2024-12: 93, 2025-01: 93, 2025-02: 84, 2025-03: 93, 2025-04: 90, 2025-05: 93, 2025-06: 90, 2025-07: 93, 2025-08: 93, 2025-09: 90, 2025-10: 93
  [label] 2024-01-02 08:00 LDOUSDT entry=2.9788 → LONG | long=sl(-7.80%) short=sl(-7.80%) | scanned=3 | no_tp→fwd_return=+9.1178
  [label] 2024-01-04 16:00 LDOUSDT entry=3.1219 → SHORT | long=sl(-10.76%) short=sl(-10.76%) | scanned=10 | no_tp→fwd_return=-10.1284
  [label] 2024-01-08 08:00 LDOUSDT entry=2.9318 → LONG | long=tp(+24.53%) short=sl(-12.41%) | scanned=4 | long_tp_only
  [label] 2024-02-02 08:00 LDOUSDT entry=2.8661 → LONG | long=sl(-6.17%) short=sl(-6.17%) | scanned=16 | no_tp→fwd_return=+0.9734
  [label] 2024-03-26 08:00 LDOUSDT entry=3.1749 → SHORT | long=sl(-8.71%) short=tp(+17.12%) | scanned=20 | short_tp_only
  [label] 2024-09-10 08:00 LDOUSDT entry=0.9920 → LONG | long=timeout(+1.58%) short=sl(-6.31%) | scanned=22 | no_tp→fwd_return=+1.6835
  [label] 2024-09-14 08:00 LDOUSDT entry=1.0311 → LONG | long=sl(-5.61%) short=sl(-5.61%) | scanned=17 | no_tp→fwd_return=+11.5120
  [label] 2024-09-25 00:00 LDOUSDT entry=1.2395 → LONG | long=tp(+11.82%) short=sl(-6.06%) | scanned=8 | long_tp_only
  [label] 2024-11-09 08:00 LDOUSDT entry=1.2704 → LONG | long=tp(+15.38%) short=sl(-7.84%) | scanned=2 | long_tp_only
  [label] 2024-11-18 00:00 LDOUSDT entry=1.2142 → LONG | long=sl(-9.65%) short=sl(-9.65%) | scanned=16 | no_tp→fwd_return=+13.1939
  [label] 2025-02-17 16:00 LDOUSDT entry=1.8655 → SHORT | long=sl(-9.38%) short=tp(+18.46%) | scanned=21 | short_tp_only
  [label] 2025-03-21 16:00 LDOUSDT entry=0.9919 → SHORT | long=sl(-7.39%) short=sl(-7.39%) | scanned=20 | no_tp→fwd_return=-7.2084
  [label] 2025-04-07 00:00 LDOUSDT entry=0.6432 → LONG | long=tp(+19.92%) short=sl(-10.11%) | scanned=20 | long_tp_only
  [label] 2025-04-20 00:00 LDOUSDT entry=0.7126 → LONG | long=tp(+12.75%) short=sl(-6.52%) | scanned=9 | long_tp_only
  [label] 2025-05-08 16:00 LDOUSDT entry=0.9654 → LONG | long=tp(+11.00%) short=sl(-5.65%) | scanned=5 | long_tp_only
  [label] 2025-05-15 00:00 LDOUSDT entry=0.9950 → SHORT | long=sl(-8.22%) short=timeout(+4.59%) | scanned=22 | no_tp→fwd_return=-4.6935
  [label] 2025-05-27 08:00 LDOUSDT entry=0.9220 → LONG | long=sl(-7.45%) short=sl(-7.45%) | scanned=8 | no_tp→fwd_return=+4.2733
  [label] 2025-07-06 08:00 LDOUSDT entry=0.7406 → LONG | long=tp(+10.48%) short=sl(-5.39%) | scanned=13 | long_tp_only
  [label] 2025-07-16 08:00 LDOUSDT entry=0.9114 → LONG | long=tp(+11.79%) short=sl(-6.05%) | scanned=4 | long_tp_only
  [label] 2025-10-11 08:00 LDOUSDT entry=0.8530 → LONG | long=timeout(+2.13%) short=sl(-14.82%) | scanned=22 | no_tp→fwd_return=+2.2274
  Labels: 1101 long (50.2%), 1092 short (49.8%) | weights: min=1.00, mean=4.19, max=10.00
  Features: 2193/2193 matched, 14 columns
  CV gap: 22 rows
    [trial 0] 14 features, training_days=230 | threshold=0.779 | labels: 1101 long, 1092 short (50/50%)
    [CV fold 0] train_end=2024-02-24 00:00 | val_start=2024-03-02 16:00 | gap=184h (22 rows)
    [CV fold 1] train_end=2024-06-24 16:00 | val_start=2024-07-02 08:00 | gap=184h (22 rows)
    [CV fold 2] train_end=2024-10-24 08:00 | val_start=2024-11-01 00:00 | gap=184h (22 rows)
    [CV fold 3] train_end=2025-02-23 00:00 | val_start=2025-03-02 16:00 | gap=184h (22 rows)
    [CV fold 4] train_end=2025-06-24 16:00 | val_start=2025-07-02 08:00 | gap=184h (22 rows)
    [trial 0] Sharpe=-0.0492 (folds: -0.1140, -0.0521, -0.1224, 0.1175, -0.0751)
    [trial 1] 14 features, training_days=410 | threshold=0.693 | labels: 1101 long, 1092 short (50/50%)
    [trial 1] Sharpe=-0.0428 (folds: -0.4068, -0.1865, 0.0063, 0.1710, 0.2018)
    [trial 2] 14 features, training_days=270 | threshold=0.546 | labels: 1101 long, 1092 short (50/50%)
    [trial 2] Sharpe=-0.0316 (folds: -0.2149, -0.0335, -0.0453, 0.1072, 0.0283)
    [trial 3] 14 features, training_days=270 | threshold=0.600 | labels: 1101 long, 1092 short (50/50%)
    [trial 3] Sharpe=-0.0273 (folds: -0.1788, 0.0003, -0.0303, 0.0902, -0.0179)
    [trial 4] 14 features, training_days=390 | threshold=0.764 | labels: 1101 long, 1092 short (50/50%)
    [trial 4] Sharpe=0.0046 (folds: -0.1788, -0.0935, 0.0601, 0.1063, 0.1291)
    [trial 5] 14 features, training_days=60 | threshold=0.603 | labels: 1101 long, 1092 short (50/50%)
    [trial 5] Sharpe=0.0088 (folds: -0.1010, 0.0507, -0.1886, 0.0770, 0.2059)
    [trial 6] 14 features, training_days=290 | threshold=0.738 | labels: 1101 long, 1092 short (50/50%)
    [trial 6] Sharpe=0.0190 (folds: -0.1384, 0.0314, 0.0654, 0.0650, 0.0716)
    [trial 7] 14 features, training_days=70 | threshold=0.564 | labels: 1101 long, 1092 short (50/50%)
    [trial 7] Sharpe=-0.0699 (folds: -0.1468, -0.0974, -0.2176, 0.0602, 0.0523)[I 2026-05-06 02:24:09,910] Trial 7 finished with value: -0.0698565842911453 and parameters: {'confidence_threshold': 0.563503962036334, 'training_days': 70, 'n_estimators': 63, 'max_depth': 3, 'num_leaves': 47, 'learning_rate': 0.18074927623018475, 'subsample': 0.5059692991701257, 'min_child_samples': 9, 'reg_alpha': 3.6945804405602874e-08, 'reg_lambda': 0.027706035542028905}. Best is trial 6 with value: 0.01902084447077316.
[I 2026-05-06 02:24:10,004] Trial 8 finished with value: -0.055530571623548644 and parameters: {'confidence_threshold': 0.6525471176758836, 'training_days': 440, 'n_estimators': 116, 'max_depth': 4, 'num_leaves': 115, 'learning_rate': 0.010229952960863938, 'subsample': 0.5062159465415076, 'min_child_samples': 54, 'reg_alpha': 6.790626457822126e-06, 'reg_lambda': 1.7869141074987722e-05}. Best is trial 6 with value: 0.01902084447077316.
[I 2026-05-06 02:24:10,100] Trial 9 finished with value: -0.0491503856427397 and parameters: {'confidence_threshold': 0.7277571993354469, 'training_days': 360, 'n_estimators': 75, 'max_depth': 5, 'num_leaves': 41, 'learning_rate': 0.014186743931212992, 'subsample': 0.7445187273047605, 'min_child_samples': 22, 'reg_alpha': 0.02393227447113315, 'reg_lambda': 0.009236766173618426}. Best is trial 6 with value: 0.01902084447077316.
[I 2026-05-06 02:24:10,509] A new study created in memory with name: no-name-ff0d87a8-6aeb-4710-a2e5-d3d72eed62c3
[I 2026-05-06 02:24:10,765] Trial 0 finished with value: -0.04640879362853254 and parameters: {'confidence_threshold': 0.7790993046299082, 'training_days': 230, 'n_estimators': 295, 'max_depth': 5, 'num_leaves': 83, 'learning_rate': 0.051543455158230854, 'subsample': 0.8773243492079463, 'min_child_samples': 10, 'reg_alpha': 0.034096514368237685, 'reg_lambda': 3.154180388637081e-05}. Best is trial 0 with value: -0.04640879362853254.
[I 2026-05-06 02:24:10,888] Trial 1 finished with value: 0.14835129052290302 and parameters: {'confidence_threshold': 0.6929247853618086, 'training_days': 410, 'n_estimators': 233, 'max_depth': 5, 'num_leaves': 108, 'learning_rate': 0.013724237108071606, 'subsample': 0.7013182233636002, 'min_child_samples': 94, 'reg_alpha': 2.4040959529260723e-06, 'reg_lambda': 5.320966582161148}. Best is trial 1 with value: 0.14835129052290302.
[I 2026-05-06 02:24:10,956] Trial 2 finished with value: -0.030855743659767405 and parameters: {'confidence_threshold': 0.546341527225763, 'training_days': 270, 'n_estimators': 120, 'max_depth': 4, 'num_leaves': 53, 'learning_rate': 0.060197068579343475, 'subsample': 0.588227873455941, 'min_child_samples': 91, 'reg_alpha': 2.3457771824819002e-08, 'reg_lambda': 1.1358840775642732e-08}. Best is trial 1 with value: 0.14835129052290302.
[I 2026-05-06 02:24:11,140] Trial 3 finished with value: -0.061669177320304205 and parameters: {'confidence_threshold': 0.6000319676300473, 'training_days': 270, 'n_estimators': 382, 'max_depth': 4, 'num_leaves': 44, 'learning_rate': 0.09185046765032388, 'subsample': 0.6743651508646724, 'min_child_samples': 77, 'reg_alpha': 0.0013974578104212739, 'reg_lambda': 8.97190257982477e-08}. Best is trial 1 with value: 0.14835129052290302.
[I 2026-05-06 02:24:11,524] Trial 4 finished with value: 0.05598885024123843 and parameters: {'confidence_threshold': 0.7642618789055509, 'training_days': 390, 'n_estimators': 464, 'max_depth': 5, 'num_leaves': 30, 'learning_rate': 0.024562383309704932, 'subsample': 0.8612975035964376, 'min_child_samples': 36, 'reg_alpha': 1.593999300080167, 'reg_lambda': 0.006081270362829788}. Best is trial 1 with value: 0.14835129052290302.
[I 2026-05-06 02:24:11,673] Trial 5 finished with value: -0.0056424928835467235 and parameters: {'confidence_threshold': 0.6029115860358569, 'training_days': 60, 'n_estimators': 441, 'max_depth': 3, 'num_leaves': 66, 'learning_rate': 0.044953114425778824, 'subsample': 0.7098948461279406, 'min_child_samples': 15, 'reg_alpha': 4.888753565548431e-07, 'reg_lambda': 4.198190642566389}. Best is trial 1 with value: 0.14835129052290302.
[I 2026-05-06 02:24:11,904] Trial 6 finished with value: 0.02040563013886983 and parameters: {'confidence_threshold': 0.7376932868314098, 'training_days': 290, 'n_estimators': 249, 'max_depth': 5, 'num_leaves': 121, 'learning_rate': 0.015565840632862623, 'subsample': 0.8390183783709677, 'min_child_samples': 19, 'reg_alpha': 1.860444687368747e-08, 'reg_lambda': 2.7391483548058117e-06}. Best is trial 1 with value: 0.14835129052290302.
[I 2026-05-06 02:24:11,945] Trial 7 finished with value: 0.02629250119795995 and parameters: {'confidence_threshold': 0.563503962036334, 'training_days': 70, 'n_estimators': 63, 'max_depth': 3, 'num_leaves': 47, 'learning_rate': 0.18074927623018475, 'subsample': 0.5059692991701257, 'min_child_samples': 9, 'reg_alpha': 3.6945804405602874e-08, 'reg_lambda': 0.027706035542028905}. Best is trial 1 with value: 0.14835129052290302.
[I 2026-05-06 02:24:12,047] Trial 8 finished with value: 0.16118271967322625 and parameters: {'confidence_threshold': 0.6525471176758836, 'training_days': 440, 'n_estimators': 116, 'max_depth': 4, 'num_leaves': 115, 'learning_rate': 0.010229952960863938, 'subsample': 0.5062159465415076, 'min_child_samples': 54, 'reg_alpha': 6.790626457822126e-06, 'reg_lambda': 1.7869141074987722e-05}. Best is trial 8 with value: 0.16118271967322625.
