[I 2026-05-06 02:23:59,130] Trial 4 finished with value: -0.06281668628605393 and parameters: {'confidence_threshold': 0.7642618789055509, 'training_days': 390, 'n_estimators': 464, 'max_depth': 5, 'num_leaves': 30, 'learning_rate': 0.024562383309704932, 'subsample': 0.8612975035964376, 'min_child_samples': 36, 'reg_alpha': 1.593999300080167, 'reg_lambda': 0.006081270362829788}. Best is trial 1 with value: 0.04587859964097213.

  [label] 2025-04-10 08:00 LDOUSDT entry=0.6965 → SHORT | long=timeout(-2.15%) short=sl(-9.74%) | scanned=22 | no_tp→fwd_return=-2.0531
  Labels: 1066 long (48.6%), 1127 short (51.4%) | weights: min=1.00, mean=4.35, max=10.00
  Features: 2193/2193 matched, 14 columns
  CV gap: 22 rows
    [trial 0] 14 features, training_days=230 | threshold=0.779 | labels: 1066 long, 1127 short (49/51%)
    [CV fold 0] train_end=2023-08-24 00:00 | val_start=2023-08-31 16:00 | gap=184h (22 rows)
    [CV fold 1] train_end=2023-12-23 16:00 | val_start=2023-12-31 08:00 | gap=184h (22 rows)
    [CV fold 2] train_end=2024-04-23 08:00 | val_start=2024-05-01 00:00 | gap=184h (22 rows)
    [CV fold 3] train_end=2024-08-23 00:00 | val_start=2024-08-30 16:00 | gap=184h (22 rows)
    [CV fold 4] train_end=2024-12-22 16:00 | val_start=2024-12-30 08:00 | gap=184h (22 rows)
    [trial 0] Sharpe=-0.0973 (folds: -0.1672, -0.0847, -0.1179, -0.0042, -0.1124)
    [trial 1] 14 features, training_days=410 | threshold=0.693 | labels: 1066 long, 1127 short (49/51%)
    [trial 1] Sharpe=0.0043 (folds: 0.0904, -0.1179, 0.1277, -0.2490, 0.1702)
    [trial 2] 14 features, training_days=270 | threshold=0.546 | labels: 1066 long, 1127 short (49/51%)
    [trial 2] Sharpe=-0.0376 (folds: -0.0594, -0.0459, 0.0743, -0.2488, 0.0920)
    [trial 3] 14 features, training_days=270 | threshold=0.600 | labels: 1066 long, 1127 short (49/51%)
    [trial 3] Sharpe=-0.0547 (folds: -0.0709, -0.0590, 0.0689, -0.3054, 0.0929)
    [trial 4] 14 features, training_days=390 | threshold=0.764 | labels: 1066 long, 1127 short (49/51%)
    [trial 4] Sharpe=-0.0209 (folds: -0.1245, 0.0237, -0.0185, -0.1507, 0.1655)
    [trial 5] 14 features, training_days=60 | threshold=0.603 | labels: 1066 long, 1127 short (49/51%)
    [trial 5] Sharpe=-0.0485 (folds: -0.0198, -0.0977, 0.1972, -0.3459, 0.0239)
    [trial 6] 14 features, training_days=290 | threshold=0.738 | labels: 1066 long, 1127 short (49/51%)
    [trial 6] Sharpe=-0.0927 (folds: -0.2507, -0.1168, 0.1433, -0.3418, 0.1023)
    [trial 7] 14 features, training_days=70 | threshold=0.564 | labels: 1066 long, 1127 short (49/51%)
    [trial 7] Sharpe=-0.0178 (folds: -0.0278, 0.0815, 0.1194, -0.2537, -0.0083)
    [trial 8] 14 features, training_days=440 | threshold=0.653 | labels: 1066 long, 1127 short (49/51%)
    [trial 8] Sharpe=0.0674 (folds: 0.0234, -0.0452, 0.1819, 0.0135, 0.1632)
    [trial 9] 14 features, training_days=360 | threshold=0.728 | labels: 1066 long, 1127 short (49/51%)
    [trial 9] Sharpe=-0.1065 (folds: -0.4385, -0.0030, 0.3114, -0.4887, 0.0864)
  Optuna: 10 trials, best Sharpe = 0.0674
  Best params: n_estimators=116, max_depth=4, lr=0.0102, leaves=115
  Best confidence_threshold: 0.653
  Best training_days: 440
  Retrained on full data (1320 samples, 14 features)
  Model trained for 2025-05: 93 test candles with features, confidence_threshold=0.653
[predict] 2025-05-11 08:00 LDOUSDT → SHORT (proba=0.78 TP=13.1%/SL=6.6%)
[trade:open] 2025-05-11 15:59 LDOUSDT SHORT @ 1.09 | SL=1.16 TP=0.95 | timeout=2025-05-18 15:59
[trade:close] 2025-05-12 07:59 LDOUSDT SHORT → stop_loss @ 1.16 | PnL=-6.56% (net -6.66%) | cum=+24.99% 2025-05=-6.66% 2025-05-12=-6.66%
[predict] 2025-05-16 08:00 LDOUSDT → SHORT (proba=0.71 TP=16.2%/SL=8.1%)
[trade:open] 2025-05-16 15:59 LDOUSDT SHORT @ 0.99 | SL=1.07 TP=0.83 | timeout=2025-05-23 15:59
[trade:close] 2025-05-23 16:00 LDOUSDT SHORT → timeout @ 0.90 | PnL=+9.04% (net +8.94%) | cum=+33.94% 2025-05=+2.28% 2025-05-23=+8.94%
[lgbm] === Training for 2025-06 ===
  Train window: 2023-06-01 → 2025-06-01
  2193 training samples from 1 symbols
  Samples per month: 2023-06: 90, 2023-07: 93, 2023-08: 93, 2023-09: 90, 2023-10: 93, 2023-11: 90, 2023-12: 93, 2024-01: 93, 2024-02: 87, 2024-03: 93, 2024-04: 90, 2024-05: 93, 2024-06: 90, 2024-07: 93, 2024-08: 93, 2024-09: 90, 2024-10: 93, 2024-11: 90, 2024-12: 93, 2025-01: 93, 2025-02: 84, 2025-03: 93, 2025-04: 90, 2025-05: 93
  [label] 2023-08-02 08:00 LDOUSDT entry=1.8421 → LONG | long=timeout(+1.41%) short=timeout(-1.61%) | scanned=22 | no_tp→fwd_return=+1.5091
  [label] 2023-08-04 16:00 LDOUSDT entry=1.8360 → LONG | long=timeout(+1.10%) short=sl(-4.81%) | scanned=22 | no_tp→fwd_return=+1.2037
  [label] 2023-08-08 08:00 LDOUSDT entry=1.8538 → SHORT | long=timeout(-2.17%) short=sl(-4.10%) | scanned=22 | no_tp→fwd_return=-2.0660
  [label] 2023-09-02 08:00 LDOUSDT entry=1.5365 → SHORT | long=timeout(-0.54%) short=sl(-4.44%) | scanned=22 | no_tp→fwd_return=-0.4426
  [label] 2023-10-25 08:00 LDOUSDT entry=1.9230 → SHORT | long=sl(-5.48%) short=tp(+10.65%) | scanned=18 | short_tp_only
  [label] 2024-04-10 08:00 LDOUSDT entry=2.6936 → SHORT | long=sl(-7.74%) short=tp(+15.18%) | scanned=7 | short_tp_only
  [label] 2024-04-14 08:00 LDOUSDT entry=1.9773 → LONG | long=timeout(+5.67%) short=timeout(-5.87%) | scanned=22 | no_tp→fwd_return=+5.7654
  [label] 2024-04-25 00:00 LDOUSDT entry=1.9834 → SHORT | long=sl(-7.97%) short=sl(-7.97%) | scanned=17 | no_tp→fwd_return=-5.7074
  [label] 2024-06-09 08:00 LDOUSDT entry=1.9441 → LONG | long=sl(-8.02%) short=sl(-8.02%) | scanned=17 | no_tp→fwd_return=+6.3526
  [label] 2024-06-18 00:00 LDOUSDT entry=2.0498 → LONG | long=tp(+18.13%) short=sl(-9.22%) | scanned=20 | long_tp_only
  [label] 2024-09-17 16:00 LDOUSDT entry=0.9904 → LONG | long=tp(+10.79%) short=sl(-5.54%) | scanned=7 | long_tp_only
  [label] 2024-10-19 16:00 LDOUSDT entry=1.1385 → SHORT | long=sl(-5.67%) short=sl(-5.67%) | scanned=12 | no_tp→fwd_return=-3.7505
  [label] 2024-11-05 00:00 LDOUSDT entry=0.9670 → LONG | long=tp(+12.14%) short=sl(-6.22%) | scanned=3 | long_tp_only
  [label] 2024-11-18 00:00 LDOUSDT entry=1.2142 → LONG | long=sl(-9.65%) short=sl(-9.65%) | scanned=16 | no_tp→fwd_return=+13.1939
  [label] 2024-12-06 16:00 LDOUSDT entry=2.2595 → SHORT | long=sl(-9.31%) short=tp(+18.32%) | scanned=9 | short_tp_only
  [label] 2024-12-13 00:00 LDOUSDT entry=2.2158 → SHORT | long=sl(-10.52%) short=sl(-10.52%) | scanned=16 | no_tp→fwd_return=-8.8275
  [label] 2024-12-25 08:00 LDOUSDT entry=1.8655 → SHORT | long=timeout(-5.52%) short=timeout(+5.32%) | scanned=22 | no_tp→fwd_return=-5.4195
  [label] 2025-02-03 08:00 LDOUSDT entry=1.6988 → SHORT | long=sl(-14.62%) short=timeout(+10.27%) | scanned=22 | no_tp→fwd_return=-10.3661
  [label] 2025-02-13 08:00 LDOUSDT entry=1.6894 → LONG | long=timeout(+0.91%) short=sl(-12.18%) | scanned=22 | no_tp→fwd_return=+1.0122
  [label] 2025-05-11 08:00 LDOUSDT entry=1.0891 → SHORT | long=sl(-6.66%) short=sl(-6.66%) | scanned=5 | no_tp→fwd_return=-3.8564
  Labels: 1049 long (47.8%), 1144 short (52.2%) | weights: min=1.00, mean=4.33, max=10.00
  Features: 2193/2193 matched, 14 columns
  CV gap: 22 rows
    [trial 0] 14 features, training_days=230 | threshold=0.779 | labels: 1049 long, 1144 short (48/52%)
    [CV fold 0] train_end=2023-09-24 00:00 | val_start=2023-10-01 16:00 | gap=184h (22 rows)
    [CV fold 1] train_end=2024-01-23 16:00 | val_start=2024-01-31 08:00 | gap=184h (22 rows)
    [CV fold 2] train_end=2024-05-24 08:00 | val_start=2024-06-01 00:00 | gap=184h (22 rows)
    [CV fold 3] train_end=2024-09-23 00:00 | val_start=2024-09-30 16:00 | gap=184h (22 rows)
    [CV fold 4] train_end=2025-01-22 16:00 | val_start=2025-01-30 08:00 | gap=184h (22 rows)
    [trial 0] Sharpe=-0.0899 (folds: -0.0467, -0.1584, -0.1037, -0.1083, -0.0326)
    [trial 1] 14 features, training_days=410 | threshold=0.693 | labels: 1049 long, 1144 short (48/52%)
    [trial 1] Sharpe=0.0459 (folds: -0.0525, -0.1094, 0.3619, -0.0756, 0.1050)
    [trial 2] 14 features, training_days=270 | threshold=0.546 | labels: 1049 long, 1144 short (48/52%)
    [trial 2] Sharpe=-0.0277 (folds: 0.0496, -0.1637, 0.0189, -0.0922, 0.0489)
    [trial 3] 14 features, training_days=270 | threshold=0.600 | labels: 1049 long, 1144 short (48/52%)
    [trial 3] Sharpe=-0.0832 (folds: -0.1317, -0.1118, -0.0109, -0.1746, 0.0131)
    [trial 4] 14 features, training_days=390 | threshold=0.764 | labels: 1049 long, 1144 short (48/52%)
    [trial 4] Sharpe=-0.0628 (folds: -0.2176, -0.1316, 0.1227, -0.1294, 0.0419)
    [trial 5] 14 features, training_days=60 | threshold=0.603 | labels: 1049 long, 1144 short (48/52%)[I 2026-05-06 02:23:59,284] Trial 5 finished with value: -0.010471214358639621 and parameters: {'confidence_threshold': 0.6029115860358569, 'training_days': 60, 'n_estimators': 441, 'max_depth': 3, 'num_leaves': 66, 'learning_rate': 0.044953114425778824, 'subsample': 0.7098948461279406, 'min_child_samples': 15, 'reg_alpha': 4.888753565548431e-07, 'reg_lambda': 4.198190642566389}. Best is trial 1 with value: 0.04587859964097213.
[I 2026-05-06 02:23:59,523] Trial 6 finished with value: -0.12186650716695228 and parameters: {'confidence_threshold': 0.7376932868314098, 'training_days': 290, 'n_estimators': 249, 'max_depth': 5, 'num_leaves': 121, 'learning_rate': 0.015565840632862623, 'subsample': 0.8390183783709677, 'min_child_samples': 19, 'reg_alpha': 1.860444687368747e-08, 'reg_lambda': 2.7391483548058117e-06}. Best is trial 1 with value: 0.04587859964097213.
[I 2026-05-06 02:23:59,561] Trial 7 finished with value: -0.062015095553624576 and parameters: {'confidence_threshold': 0.563503962036334, 'training_days': 70, 'n_estimators': 63, 'max_depth': 3, 'num_leaves': 47, 'learning_rate': 0.18074927623018475, 'subsample': 0.5059692991701257, 'min_child_samples': 9, 'reg_alpha': 3.6945804405602874e-08, 'reg_lambda': 0.027706035542028905}. Best is trial 1 with value: 0.04587859964097213.
[I 2026-05-06 02:23:59,659] Trial 8 finished with value: 0.03569634344816741 and parameters: {'confidence_threshold': 0.6525471176758836, 'training_days': 440, 'n_estimators': 116, 'max_depth': 4, 'num_leaves': 115, 'learning_rate': 0.010229952960863938, 'subsample': 0.5062159465415076, 'min_child_samples': 54, 'reg_alpha': 6.790626457822126e-06, 'reg_lambda': 1.7869141074987722e-05}. Best is trial 1 with value: 0.04587859964097213.
[I 2026-05-06 02:23:59,762] Trial 9 finished with value: 0.024872002912730305 and parameters: {'confidence_threshold': 0.7277571993354469, 'training_days': 360, 'n_estimators': 75, 'max_depth': 5, 'num_leaves': 41, 'learning_rate': 0.014186743931212992, 'subsample': 0.7445187273047605, 'min_child_samples': 22, 'reg_alpha': 0.02393227447113315, 'reg_lambda': 0.009236766173618426}. Best is trial 1 with value: 0.04587859964097213.
[I 2026-05-06 02:24:00,133] A new study created in memory with name: no-name-7f57ca42-c263-4923-ac33-d37bc47d64bc
[I 2026-05-06 02:24:00,436] Trial 0 finished with value: -0.029089811990764353 and parameters: {'confidence_threshold': 0.7790993046299082, 'training_days': 230, 'n_estimators': 295, 'max_depth': 5, 'num_leaves': 83, 'learning_rate': 0.051543455158230854, 'subsample': 0.8773243492079463, 'min_child_samples': 10, 'reg_alpha': 0.034096514368237685, 'reg_lambda': 3.154180388637081e-05}. Best is trial 0 with value: -0.029089811990764353.
[I 2026-05-06 02:24:00,572] Trial 1 finished with value: 0.004837410601310041 and parameters: {'confidence_threshold': 0.6929247853618086, 'training_days': 410, 'n_estimators': 233, 'max_depth': 5, 'num_leaves': 108, 'learning_rate': 0.013724237108071606, 'subsample': 0.7013182233636002, 'min_child_samples': 94, 'reg_alpha': 2.4040959529260723e-06, 'reg_lambda': 5.320966582161148}. Best is trial 1 with value: 0.004837410601310041.
[I 2026-05-06 02:24:00,639] Trial 2 finished with value: 0.004873190442294281 and parameters: {'confidence_threshold': 0.546341527225763, 'training_days': 270, 'n_estimators': 120, 'max_depth': 4, 'num_leaves': 53, 'learning_rate': 0.060197068579343475, 'subsample': 0.588227873455941, 'min_child_samples': 91, 'reg_alpha': 2.3457771824819002e-08, 'reg_lambda': 1.1358840775642732e-08}. Best is trial 2 with value: 0.004873190442294281.
[I 2026-05-06 02:24:00,817] Trial 3 finished with value: 0.025220351681105303 and parameters: {'confidence_threshold': 0.6000319676300473, 'training_days': 270, 'n_estimators': 382, 'max_depth': 4, 'num_leaves': 44, 'learning_rate': 0.09185046765032388, 'subsample': 0.6743651508646724, 'min_child_samples': 77, 'reg_alpha': 0.0013974578104212739, 'reg_lambda': 8.97190257982477e-08}. Best is trial 3 with value: 0.025220351681105303.
[I 2026-05-06 02:24:01,198] Trial 4 finished with value: 0.012612025519662961 and parameters: {'confidence_threshold': 0.7642618789055509, 'training_days': 390, 'n_estimators': 464, 'max_depth': 5, 'num_leaves': 30, 'learning_rate': 0.024562383309704932, 'subsample': 0.8612975035964376, 'min_child_samples': 36, 'reg_alpha': 1.593999300080167, 'reg_lambda': 0.006081270362829788}. Best is trial 3 with value: 0.025220351681105303.
[I 2026-05-06 02:24:01,345] Trial 5 finished with value: 1.266626200171761e-05 and parameters: {'confidence_threshold': 0.6029115860358569, 'training_days': 60, 'n_estimators': 441, 'max_depth': 3, 'num_leaves': 66, 'learning_rate': 0.044953114425778824, 'subsample': 0.7098948461279406, 'min_child_samples': 15, 'reg_alpha': 4.888753565548431e-07, 'reg_lambda': 4.198190642566389}. Best is trial 3 with value: 0.025220351681105303.
[I 2026-05-06 02:24:01,588] Trial 6 finished with value: 0.002942418118584983 and parameters: {'confidence_threshold': 0.7376932868314098, 'training_days': 290, 'n_estimators': 249, 'max_depth': 5, 'num_leaves': 121, 'learning_rate': 0.015565840632862623, 'subsample': 0.8390183783709677, 'min_child_samples': 19, 'reg_alpha': 1.860444687368747e-08, 'reg_lambda': 2.7391483548058117e-06}. Best is trial 3 with value: 0.025220351681105303.
[I 2026-05-06 02:24:01,628] Trial 7 finished with value: -0.050810796008977824 and parameters: {'confidence_threshold': 0.563503962036334, 'training_days': 70, 'n_estimators': 63, 'max_depth': 3, 'num_leaves': 47, 'learning_rate': 0.18074927623018475, 'subsample': 0.5059692991701257, 'min_child_samples': 9, 'reg_alpha': 3.6945804405602874e-08, 'reg_lambda': 0.027706035542028905}. Best is trial 3 with value: 0.025220351681105303.
[I 2026-05-06 02:24:01,723] Trial 8 finished with value: 0.06040712305994946 and parameters: {'confidence_threshold': 0.6525471176758836, 'training_days': 440, 'n_estimators': 116, 'max_depth': 4, 'num_leaves': 115, 'learning_rate': 0.010229952960863938, 'subsample': 0.5062159465415076, 'min_child_samples': 54, 'reg_alpha': 6.790626457822126e-06, 'reg_lambda': 1.7869141074987722e-05}. Best is trial 8 with value: 0.06040712305994946.
