    [trial 4] 14 features, training_days=390 | threshold=0.764 | labels: 1104 long, 1089 short (50/50%)[I 2026-05-06 02:23:50,811] Trial 4 finished with value: -0.05345553757532499 and parameters: {'confidence_threshold': 0.7642618789055509, 'training_days': 390, 'n_estimators': 464, 'max_depth': 5, 'num_leaves': 30, 'learning_rate': 0.024562383309704932, 'subsample': 0.8612975035964376, 'min_child_samples': 36, 'reg_alpha': 1.593999300080167, 'reg_lambda': 0.006081270362829788}. Best is trial 4 with value: -0.05345553757532499.
[I 2026-05-06 02:23:50,968] Trial 5 finished with value: -0.025591883997526783 and parameters: {'confidence_threshold': 0.6029115860358569, 'training_days': 60, 'n_estimators': 441, 'max_depth': 3, 'num_leaves': 66, 'learning_rate': 0.044953114425778824, 'subsample': 0.7098948461279406, 'min_child_samples': 15, 'reg_alpha': 4.888753565548431e-07, 'reg_lambda': 4.198190642566389}. Best is trial 5 with value: -0.025591883997526783.
[I 2026-05-06 02:23:51,223] Trial 6 finished with value: -0.12181254254237488 and parameters: {'confidence_threshold': 0.7376932868314098, 'training_days': 290, 'n_estimators': 249, 'max_depth': 5, 'num_leaves': 121, 'learning_rate': 0.015565840632862623, 'subsample': 0.8390183783709677, 'min_child_samples': 19, 'reg_alpha': 1.860444687368747e-08, 'reg_lambda': 2.7391483548058117e-06}. Best is trial 5 with value: -0.025591883997526783.
[I 2026-05-06 02:23:51,263] Trial 7 finished with value: -0.00020156539029867333 and parameters: {'confidence_threshold': 0.563503962036334, 'training_days': 70, 'n_estimators': 63, 'max_depth': 3, 'num_leaves': 47, 'learning_rate': 0.18074927623018475, 'subsample': 0.5059692991701257, 'min_child_samples': 9, 'reg_alpha': 3.6945804405602874e-08, 'reg_lambda': 0.027706035542028905}. Best is trial 7 with value: -0.00020156539029867333.
[I 2026-05-06 02:23:51,352] Trial 8 finished with value: -0.01886541996827774 and parameters: {'confidence_threshold': 0.6525471176758836, 'training_days': 440, 'n_estimators': 116, 'max_depth': 4, 'num_leaves': 115, 'learning_rate': 0.010229952960863938, 'subsample': 0.5062159465415076, 'min_child_samples': 54, 'reg_alpha': 6.790626457822126e-06, 'reg_lambda': 1.7869141074987722e-05}. Best is trial 7 with value: -0.00020156539029867333.
[I 2026-05-06 02:23:51,458] Trial 9 finished with value: 0.004605310032801865 and parameters: {'confidence_threshold': 0.7277571993354469, 'training_days': 360, 'n_estimators': 75, 'max_depth': 5, 'num_leaves': 41, 'learning_rate': 0.014186743931212992, 'subsample': 0.7445187273047605, 'min_child_samples': 22, 'reg_alpha': 0.02393227447113315, 'reg_lambda': 0.009236766173618426}. Best is trial 9 with value: 0.004605310032801865.
[I 2026-05-06 02:23:51,805] A new study created in memory with name: no-name-df08ea73-6c5c-4fa7-be63-5d1c55d9eba6
[I 2026-05-06 02:23:52,059] Trial 0 finished with value: -0.0732624949273478 and parameters: {'confidence_threshold': 0.7790993046299082, 'training_days': 230, 'n_estimators': 295, 'max_depth': 5, 'num_leaves': 83, 'learning_rate': 0.051543455158230854, 'subsample': 0.8773243492079463, 'min_child_samples': 10, 'reg_alpha': 0.034096514368237685, 'reg_lambda': 3.154180388637081e-05}. Best is trial 0 with value: -0.0732624949273478.
[I 2026-05-06 02:23:52,203] Trial 1 finished with value: -0.07070673522654573 and parameters: {'confidence_threshold': 0.6929247853618086, 'training_days': 410, 'n_estimators': 233, 'max_depth': 5, 'num_leaves': 108, 'learning_rate': 0.013724237108071606, 'subsample': 0.7013182233636002, 'min_child_samples': 94, 'reg_alpha': 2.4040959529260723e-06, 'reg_lambda': 5.320966582161148}. Best is trial 1 with value: -0.07070673522654573.
[I 2026-05-06 02:23:52,272] Trial 2 finished with value: -0.07072424987558923 and parameters: {'confidence_threshold': 0.546341527225763, 'training_days': 270, 'n_estimators': 120, 'max_depth': 4, 'num_leaves': 53, 'learning_rate': 0.060197068579343475, 'subsample': 0.588227873455941, 'min_child_samples': 91, 'reg_alpha': 2.3457771824819002e-08, 'reg_lambda': 1.1358840775642732e-08}. Best is trial 1 with value: -0.07070673522654573.
[I 2026-05-06 02:23:52,454] Trial 3 finished with value: -0.017137032550819425 and parameters: {'confidence_threshold': 0.6000319676300473, 'training_days': 270, 'n_estimators': 382, 'max_depth': 4, 'num_leaves': 44, 'learning_rate': 0.09185046765032388, 'subsample': 0.6743651508646724, 'min_child_samples': 77, 'reg_alpha': 0.0013974578104212739, 'reg_lambda': 8.97190257982477e-08}. Best is trial 3 with value: -0.017137032550819425.
[I 2026-05-06 02:23:52,826] Trial 4 finished with value: -0.027404918412433275 and parameters: {'confidence_threshold': 0.7642618789055509, 'training_days': 390, 'n_estimators': 464, 'max_depth': 5, 'num_leaves': 30, 'learning_rate': 0.024562383309704932, 'subsample': 0.8612975035964376, 'min_child_samples': 36, 'reg_alpha': 1.593999300080167, 'reg_lambda': 0.006081270362829788}. Best is trial 3 with value: -0.017137032550819425.
[I 2026-05-06 02:23:52,977] Trial 5 finished with value: -0.022873802659852893 and parameters: {'confidence_threshold': 0.6029115860358569, 'training_days': 60, 'n_estimators': 441, 'max_depth': 3, 'num_leaves': 66, 'learning_rate': 0.044953114425778824, 'subsample': 0.7098948461279406, 'min_child_samples': 15, 'reg_alpha': 4.888753565548431e-07, 'reg_lambda': 4.198190642566389}. Best is trial 3 with value: -0.017137032550819425.
[I 2026-05-06 02:23:53,239] Trial 6 finished with value: -0.07208335576671528 and parameters: {'confidence_threshold': 0.7376932868314098, 'training_days': 290, 'n_estimators': 249, 'max_depth': 5, 'num_leaves': 121, 'learning_rate': 0.015565840632862623, 'subsample': 0.8390183783709677, 'min_child_samples': 19, 'reg_alpha': 1.860444687368747e-08, 'reg_lambda': 2.7391483548058117e-06}. Best is trial 3 with value: -0.017137032550819425.
[I 2026-05-06 02:23:53,273] Trial 7 finished with value: -0.06313586064770543 and parameters: {'confidence_threshold': 0.563503962036334, 'training_days': 70, 'n_estimators': 63, 'max_depth': 3, 'num_leaves': 47, 'learning_rate': 0.18074927623018475, 'subsample': 0.5059692991701257, 'min_child_samples': 9, 'reg_alpha': 3.6945804405602874e-08, 'reg_lambda': 0.027706035542028905}. Best is trial 3 with value: -0.017137032550819425.
[I 2026-05-06 02:23:53,360] Trial 8 finished with value: 0.08419322038379855 and parameters: {'confidence_threshold': 0.6525471176758836, 'training_days': 440, 'n_estimators': 116, 'max_depth': 4, 'num_leaves': 115, 'learning_rate': 0.010229952960863938, 'subsample': 0.5062159465415076, 'min_child_samples': 54, 'reg_alpha': 6.790626457822126e-06, 'reg_lambda': 1.7869141074987722e-05}. Best is trial 8 with value: 0.08419322038379855.
[I 2026-05-06 02:23:53,457] Trial 9 finished with value: -0.2646841919983839 and parameters: {'confidence_threshold': 0.7277571993354469, 'training_days': 360, 'n_estimators': 75, 'max_depth': 5, 'num_leaves': 41, 'learning_rate': 0.014186743931212992, 'subsample': 0.7445187273047605, 'min_child_samples': 22, 'reg_alpha': 0.02393227447113315, 'reg_lambda': 0.009236766173618426}. Best is trial 8 with value: 0.08419322038379855.

    [trial 4] Sharpe=-0.0535 (folds: 0.1789, -0.2330, -0.1520, 0.0190, -0.0801)
    [trial 5] 14 features, training_days=60 | threshold=0.603 | labels: 1104 long, 1089 short (50/50%)
    [trial 5] Sharpe=-0.0256 (folds: -0.0845, -0.0273, -0.1217, 0.1324, -0.0268)
    [trial 6] 14 features, training_days=290 | threshold=0.738 | labels: 1104 long, 1089 short (50/50%)
    [trial 6] Sharpe=-0.1218 (folds: 0.1929, -0.3179, -0.2227, -0.0552, -0.2062)
    [trial 7] 14 features, training_days=70 | threshold=0.564 | labels: 1104 long, 1089 short (50/50%)
    [trial 7] Sharpe=-0.0002 (folds: 0.1914, -0.2043, -0.0791, 0.0585, 0.0324)
    [trial 8] 14 features, training_days=440 | threshold=0.653 | labels: 1104 long, 1089 short (50/50%)
    [trial 8] Sharpe=-0.0189 (folds: 0.1955, -0.2862, -0.0490, 0.1238, -0.0783)
    [trial 9] 14 features, training_days=360 | threshold=0.728 | labels: 1104 long, 1089 short (50/50%)
    [trial 9] Sharpe=0.0046 (folds: 0.1112, -0.3097, -0.0535, 0.2828, -0.0078)
  Optuna: 10 trials, best Sharpe = 0.0046
  Best params: n_estimators=75, max_depth=5, lr=0.0142, leaves=41
  Best confidence_threshold: 0.728
  Best training_days: 360
  Retrained on full data (1080 samples, 14 features)
  Model trained for 2025-02: 84 test candles with features, confidence_threshold=0.728
[trade:close] 2025-02-02 23:59 LDOUSDT SHORT → take_profit @ 1.88 | PnL=+18.29% (net +18.19%) | cum=-5.31% 2025-02=+18.19% 2025-02-02=+18.19%
[predict] 2025-02-08 16:00 LDOUSDT → LONG (proba=0.80 TP=29.4%/SL=14.7%)
[trade:open] 2025-02-08 23:59 LDOUSDT LONG @ 1.53 | SL=1.30 TP=1.98 | timeout=2025-02-15 23:59
[trade:close] 2025-02-16 00:00 LDOUSDT LONG → timeout @ 1.81 | PnL=+18.60% (net +18.50%) | cum=+13.19% 2025-02=+36.69% 2025-02-16=+18.50%
[predict] 2025-02-17 16:00 LDOUSDT → SHORT (proba=0.73 TP=18.6%/SL=9.3%)
[trade:open] 2025-02-17 23:59 LDOUSDT SHORT @ 1.87 | SL=2.04 TP=1.52 | timeout=2025-02-24 23:59
[trade:close] 2025-02-24 23:59 LDOUSDT SHORT → take_profit @ 1.52 | PnL=+18.56% (net +18.46%) | cum=+31.65% 2025-02=+55.15% 2025-02-24=+18.46%
[lgbm] === Training for 2025-03 ===
  Train window: 2023-03-01 → 2025-03-01
  2193 training samples from 1 symbols
  Samples per month: 2023-03: 93, 2023-04: 90, 2023-05: 93, 2023-06: 90, 2023-07: 93, 2023-08: 93, 2023-09: 90, 2023-10: 93, 2023-11: 90, 2023-12: 93, 2024-01: 93, 2024-02: 87, 2024-03: 93, 2024-04: 90, 2024-05: 93, 2024-06: 90, 2024-07: 93, 2024-08: 93, 2024-09: 90, 2024-10: 93, 2024-11: 90, 2024-12: 93, 2025-01: 93, 2025-02: 84
  [label] 2023-05-02 08:00 LDOUSDT entry=1.9817 → SHORT | long=sl(-5.79%) short=tp(+11.28%) | scanned=17 | short_tp_only
  [label] 2023-05-04 16:00 LDOUSDT entry=1.8960 → SHORT | long=sl(-6.11%) short=tp(+11.92%) | scanned=10 | short_tp_only
  [label] 2023-05-08 08:00 LDOUSDT entry=1.6951 → LONG | long=sl(-7.01%) short=sl(-7.01%) | scanned=1 | no_tp→fwd_return=+7.7754
  [label] 2023-06-02 08:00 LDOUSDT entry=2.2938 → SHORT | long=sl(-5.15%) short=tp(+10.00%) | scanned=10 | short_tp_only
  [label] 2023-07-25 08:00 LDOUSDT entry=2.0319 → SHORT | long=sl(-5.76%) short=tp(+11.22%) | scanned=20 | short_tp_only
  [label] 2024-01-09 08:00 LDOUSDT entry=3.1767 → LONG | long=tp(+22.78%) short=sl(-11.54%) | scanned=3 | long_tp_only
  [label] 2024-01-13 08:00 LDOUSDT entry=3.3997 → SHORT | long=sl(-11.07%) short=timeout(+15.91%) | scanned=22 | no_tp→fwd_return=-16.0073
  [label] 2024-01-24 00:00 LDOUSDT entry=2.6941 → LONG | long=tp(+16.95%) short=sl(-8.62%) | scanned=13 | long_tp_only
  [label] 2024-03-09 08:00 LDOUSDT entry=3.4450 → SHORT | long=sl(-7.63%) short=tp(+14.96%) | scanned=17 | short_tp_only
  [label] 2024-03-18 00:00 LDOUSDT entry=2.7062 → LONG | long=sl(-9.17%) short=sl(-9.17%) | scanned=11 | no_tp→fwd_return=+5.8717
  [label] 2024-06-17 16:00 LDOUSDT entry=1.9849 → LONG | long=sl(-8.69%) short=sl(-8.69%) | scanned=3 | no_tp→fwd_return=+10.1265
  [label] 2024-07-19 16:00 LDOUSDT entry=1.9569 → SHORT | long=sl(-7.09%) short=tp(+13.88%) | scanned=15 | short_tp_only
  [label] 2024-08-05 00:00 LDOUSDT entry=1.0108 → LONG | long=timeout(+5.08%) short=sl(-13.28%) | scanned=22 | no_tp→fwd_return=+5.1840
  [label] 2024-08-18 00:00 LDOUSDT entry=1.0758 → LONG | long=tp(+14.63%) short=sl(-7.47%) | scanned=17 | long_tp_only
  [label] 2024-09-05 16:00 LDOUSDT entry=0.9644 → LONG | long=sl(-7.20%) short=sl(-7.20%) | scanned=15 | no_tp→fwd_return=+6.0659
  [label] 2024-09-12 00:00 LDOUSDT entry=1.0217 → LONG | long=sl(-6.14%) short=timeout(-3.46%) | scanned=22 | no_tp→fwd_return=+3.3571
  [label] 2024-09-24 08:00 LDOUSDT entry=1.2072 → LONG | long=tp(+11.80%) short=sl(-6.05%) | scanned=10 | long_tp_only
  [label] 2024-11-03 08:00 LDOUSDT entry=0.9466 → LONG | long=tp(+12.54%) short=sl(-6.42%) | scanned=8 | long_tp_only
  [label] 2024-11-13 08:00 LDOUSDT entry=1.1817 → SHORT | long=timeout(-1.01%) short=timeout(+0.81%) | scanned=22 | no_tp→fwd_return=-0.9055
  [label] 2025-02-08 08:00 LDOUSDT entry=1.4934 → LONG | long=timeout(+21.52%) short=sl(-15.50%) | scanned=22 | no_tp→fwd_return=+21.6151
  Labels: 1073 long (48.9%), 1120 short (51.1%) | weights: min=1.00, mean=4.38, max=10.00
  Features: 2193/2193 matched, 14 columns
  CV gap: 22 rows
    [trial 0] 14 features, training_days=230 | threshold=0.779 | labels: 1073 long, 1120 short (49/51%)
    [CV fold 0] train_end=2023-06-24 00:00 | val_start=2023-07-01 16:00 | gap=184h (22 rows)
    [CV fold 1] train_end=2023-10-23 16:00 | val_start=2023-10-31 08:00 | gap=184h (22 rows)
    [CV fold 2] train_end=2024-02-22 08:00 | val_start=2024-03-01 00:00 | gap=184h (22 rows)
    [CV fold 3] train_end=2024-06-23 00:00 | val_start=2024-06-30 16:00 | gap=184h (22 rows)
    [CV fold 4] train_end=2024-10-22 16:00 | val_start=2024-10-30 08:00 | gap=184h (22 rows)
    [trial 0] Sharpe=-0.0733 (folds: -0.0372, -0.1424, -0.0265, -0.0811, -0.0790)
    [trial 1] 14 features, training_days=410 | threshold=0.693 | labels: 1073 long, 1120 short (49/51%)
    [trial 1] Sharpe=-0.0707 (folds: -0.0190, -0.3212, -0.0506, 0.0207, 0.0166)
    [trial 2] 14 features, training_days=270 | threshold=0.546 | labels: 1073 long, 1120 short (49/51%)
    [trial 2] Sharpe=-0.0707 (folds: -0.0704, -0.1797, -0.0590, -0.0071, -0.0375)
    [trial 3] 14 features, training_days=270 | threshold=0.600 | labels: 1073 long, 1120 short (49/51%)
    [trial 3] Sharpe=-0.0171 (folds: -0.0217, -0.1444, 0.0286, 0.0744, -0.0226)
    [trial 4] 14 features, training_days=390 | threshold=0.764 | labels: 1073 long, 1120 short (49/51%)
    [trial 4] Sharpe=-0.0274 (folds: -0.0015, -0.2446, 0.0026, 0.0460, 0.0606)
    [trial 5] 14 features, training_days=60 | threshold=0.603 | labels: 1073 long, 1120 short (49/51%)
    [trial 5] Sharpe=-0.0229 (folds: 0.0223, -0.0505, -0.1236, 0.1588, -0.1213)
    [trial 6] 14 features, training_days=290 | threshold=0.738 | labels: 1073 long, 1120 short (49/51%)
    [trial 6] Sharpe=-0.0721 (folds: -0.0691, -0.2225, -0.0173, -0.1806, 0.1291)
    [trial 7] 14 features, training_days=70 | threshold=0.564 | labels: 1073 long, 1120 short (49/51%)
    [trial 7] Sharpe=-0.0631 (folds: 0.0704, -0.0660, -0.2197, 0.0289, -0.1293)
    [trial 8] 14 features, training_days=440 | threshold=0.653 | labels: 1073 long, 1120 short (49/51%)
    [trial 8] Sharpe=0.0842 (folds: -0.0857, -0.1949, 0.0323, 0.4809, 0.1884)
    [trial 9] 14 features, training_days=360 | threshold=0.728 | labels: 1073 long, 1120 short (49/51%)
    [trial 9] Sharpe=-0.2647 (folds: -0.3026, -0.8086, -0.0765, -0.0442, -0.0916)
  Optuna: 10 trials, best Sharpe = 0.0842
  Best params: n_estimators=116, max_depth=4, lr=0.0102, leaves=115
  Best confidence_threshold: 0.653
  Best training_days: 440
  Retrained on full data (1320 samples, 14 features)
  Model trained for 2025-03: 93 test candles with features, confidence_threshold=0.653
[lgbm] === Training for 2025-04 ===
  Train window: 2023-04-01 → 2025-04-01
  2193 training samples from 1 symbols
  Samples per month: 2023-04: 90, 2023-05: 93, 2023-06: 90, 2023-07: 93, 2023-08: 93, 2023-09: 90, 2023-10: 93, 2023-11: 90, 2023-12: 93, 2024-01: 93, 2024-02: 87, 2024-03: 93, 2024-04: 90, 2024-05: 93, 2024-06: 90, 2024-07: 93, 2024-08: 93, 2024-09: 90, 2024-10: 93, 2024-11: 90, 2024-12: 93, 2025-01: 93, 2025-02: 84, 2025-03: 93[I 2026-05-06 02:23:53,817] A new study created in memory with name: no-name-6572a549-a0a8-46f6-9d05-1a47b7e872d8
[I 2026-05-06 02:23:54,095] Trial 0 finished with value: -0.04558606146126614 and parameters: {'confidence_threshold': 0.7790993046299082, 'training_days': 230, 'n_estimators': 295, 'max_depth': 5, 'num_leaves': 83, 'learning_rate': 0.051543455158230854, 'subsample': 0.8773243492079463, 'min_child_samples': 10, 'reg_alpha': 0.034096514368237685, 'reg_lambda': 3.154180388637081e-05}. Best is trial 0 with value: -0.04558606146126614.
[I 2026-05-06 02:23:54,237] Trial 1 finished with value: 0.016059595139671177 and parameters: {'confidence_threshold': 0.6929247853618086, 'training_days': 410, 'n_estimators': 233, 'max_depth': 5, 'num_leaves': 108, 'learning_rate': 0.013724237108071606, 'subsample': 0.7013182233636002, 'min_child_samples': 94, 'reg_alpha': 2.4040959529260723e-06, 'reg_lambda': 5.320966582161148}. Best is trial 1 with value: 0.016059595139671177.
[I 2026-05-06 02:23:54,307] Trial 2 finished with value: -0.08115893393234885 and parameters: {'confidence_threshold': 0.546341527225763, 'training_days': 270, 'n_estimators': 120, 'max_depth': 4, 'num_leaves': 53, 'learning_rate': 0.060197068579343475, 'subsample': 0.588227873455941, 'min_child_samples': 91, 'reg_alpha': 2.3457771824819002e-08, 'reg_lambda': 1.1358840775642732e-08}. Best is trial 1 with value: 0.016059595139671177.
[I 2026-05-06 02:23:54,505] Trial 3 finished with value: -0.09806480349471652 and parameters: {'confidence_threshold': 0.6000319676300473, 'training_days': 270, 'n_estimators': 382, 'max_depth': 4, 'num_leaves': 44, 'learning_rate': 0.09185046765032388, 'subsample': 0.6743651508646724, 'min_child_samples': 77, 'reg_alpha': 0.0013974578104212739, 'reg_lambda': 8.97190257982477e-08}. Best is trial 1 with value: 0.016059595139671177.
[I 2026-05-06 02:23:54,910] Trial 4 finished with value: -0.04433638904705496 and parameters: {'confidence_threshold': 0.7642618789055509, 'training_days': 390, 'n_estimators': 464, 'max_depth': 5, 'num_leaves': 30, 'learning_rate': 0.024562383309704932, 'subsample': 0.8612975035964376, 'min_child_samples': 36, 'reg_alpha': 1.593999300080167, 'reg_lambda': 0.006081270362829788}. Best is trial 1 with value: 0.016059595139671177.
[I 2026-05-06 02:23:55,069] Trial 5 finished with value: -0.03917189323081879 and parameters: {'confidence_threshold': 0.6029115860358569, 'training_days': 60, 'n_estimators': 441, 'max_depth': 3, 'num_leaves': 66, 'learning_rate': 0.044953114425778824, 'subsample': 0.7098948461279406, 'min_child_samples': 15, 'reg_alpha': 4.888753565548431e-07, 'reg_lambda': 4.198190642566389}. Best is trial 1 with value: 0.016059595139671177.
[I 2026-05-06 02:23:55,339] Trial 6 finished with value: 0.0022140547142051603 and parameters: {'confidence_threshold': 0.7376932868314098, 'training_days': 290, 'n_estimators': 249, 'max_depth': 5, 'num_leaves': 121, 'learning_rate': 0.015565840632862623, 'subsample': 0.8390183783709677, 'min_child_samples': 19, 'reg_alpha': 1.860444687368747e-08, 'reg_lambda': 2.7391483548058117e-06}. Best is trial 1 with value: 0.016059595139671177.
[I 2026-05-06 02:23:55,378] Trial 7 finished with value: -0.000631863918922615 and parameters: {'confidence_threshold': 0.563503962036334, 'training_days': 70, 'n_estimators': 63, 'max_depth': 3, 'num_leaves': 47, 'learning_rate': 0.18074927623018475, 'subsample': 0.5059692991701257, 'min_child_samples': 9, 'reg_alpha': 3.6945804405602874e-08, 'reg_lambda': 0.027706035542028905}. Best is trial 1 with value: 0.016059595139671177.
[I 2026-05-06 02:23:55,468] Trial 8 finished with value: -0.03915315800222796 and parameters: {'confidence_threshold': 0.6525471176758836, 'training_days': 440, 'n_estimators': 116, 'max_depth': 4, 'num_leaves': 115, 'learning_rate': 0.010229952960863938, 'subsample': 0.5062159465415076, 'min_child_samples': 54, 'reg_alpha': 6.790626457822126e-06, 'reg_lambda': 1.7869141074987722e-05}. Best is trial 1 with value: 0.016059595139671177.
