[I 2026-05-06 02:25:18,856] Trial 9 finished with value: -0.4626572547551371 and parameters: {'confidence_threshold': 0.7277571993354469, 'training_days': 360, 'n_estimators': 75, 'max_depth': 5, 'num_leaves': 41, 'learning_rate': 0.014186743931212992, 'subsample': 0.7445187273047605, 'min_child_samples': 22, 'reg_alpha': 0.02393227447113315, 'reg_lambda': 0.009236766173618426}. Best is trial 5 with value: 0.06406431634633505.

  [label] 2022-05-04 00:00 TRXUSDT entry=0.0772 → LONG | long=tp(+12.10%) short=sl(-6.20%) | scanned=2 | long_tp_only
  [label] 2022-05-06 08:00 TRXUSDT entry=0.0839 → SHORT | long=sl(-8.15%) short=sl(-8.15%) | scanned=9 | no_tp→fwd_return=-7.6135
  [label] 2022-05-10 08:00 TRXUSDT entry=0.0799 → SHORT | long=sl(-10.96%) short=tp(+21.62%) | scanned=3 | short_tp_only
  [label] 2022-06-04 00:00 TRXUSDT entry=0.0795 → LONG | long=timeout(+0.67%) short=timeout(-0.87%) | scanned=22 | no_tp→fwd_return=+0.7674
  [label] 2022-07-27 00:00 TRXUSDT entry=0.0661 → LONG | long=tp(+6.07%) short=sl(-3.18%) | scanned=5 | long_tp_only
  [label] 2023-01-10 08:00 TRXUSDT entry=0.0545 → LONG | long=tp(+6.47%) short=sl(-3.39%) | scanned=9 | long_tp_only
  [label] 2023-01-14 08:00 TRXUSDT entry=0.0620 → LONG | long=sl(-3.94%) short=timeout(-0.25%) | scanned=22 | no_tp→fwd_return=+0.1451
  [label] 2023-01-25 00:00 TRXUSDT entry=0.0607 → LONG | long=timeout(+1.93%) short=sl(-3.72%) | scanned=22 | no_tp→fwd_return=+2.0274
  [label] 2023-03-11 08:00 TRXUSDT entry=0.0555 → LONG | long=tp(+8.61%) short=sl(-4.46%) | scanned=4 | long_tp_only
  [label] 2023-03-20 00:00 TRXUSDT entry=0.0663 → SHORT | long=sl(-4.13%) short=tp(+7.96%) | scanned=8 | short_tp_only
  [label] 2023-06-19 08:00 TRXUSDT entry=0.0697 → LONG | long=tp(+6.18%) short=sl(-3.24%) | scanned=8 | long_tp_only
  [label] 2023-07-21 08:00 TRXUSDT entry=0.0813 → LONG | long=tp(+4.03%) short=sl(-2.17%) | scanned=2 | long_tp_only
  [label] 2023-08-06 16:00 TRXUSDT entry=0.0769 → LONG | long=timeout(+0.10%) short=timeout(-0.30%) | scanned=22 | no_tp→fwd_return=+0.1951
  [label] 2023-08-19 08:00 TRXUSDT entry=0.0739 → LONG | long=tp(+3.92%) short=sl(-2.11%) | scanned=12 | long_tp_only
  [label] 2023-09-07 08:00 TRXUSDT entry=0.0790 → LONG | long=sl(-1.55%) short=sl(-1.55%) | scanned=15 | no_tp→fwd_return=+3.9635
  [label] 2023-09-13 08:00 TRXUSDT entry=0.0809 → LONG | long=tp(+3.64%) short=sl(-1.97%) | scanned=5 | long_tp_only
  [label] 2023-09-25 16:00 TRXUSDT entry=0.0846 → LONG | long=tp(+2.99%) short=sl(-1.65%) | scanned=10 | long_tp_only
  [label] 2023-11-04 16:00 TRXUSDT entry=0.0976 → LONG | long=sl(-1.97%) short=sl(-1.97%) | scanned=13 | no_tp→fwd_return=+2.4890
  [label] 2023-11-14 16:00 TRXUSDT entry=0.1023 → SHORT | long=sl(-3.09%) short=tp(+5.88%) | scanned=21 | short_tp_only
  [label] 2024-02-09 08:00 TRXUSDT entry=0.1232 → LONG | long=tp(+4.86%) short=sl(-2.58%) | scanned=15 | long_tp_only
  Labels: 1322 long (60.4%), 865 short (39.6%) | weights: min=1.00, mean=2.35, max=10.00
  Features: 2187/2187 matched, 14 columns
  CV gap: 22 rows
    [trial 0] 14 features, training_days=230 | threshold=0.779 | labels: 1322 long, 865 short (60/40%)
    [CV fold 0] train_end=2022-06-25 16:00 | val_start=2022-07-03 08:00 | gap=184h (22 rows)
    [CV fold 1] train_end=2022-10-25 00:00 | val_start=2022-11-01 16:00 | gap=184h (22 rows)
    [CV fold 2] train_end=2023-02-23 08:00 | val_start=2023-03-03 00:00 | gap=184h (22 rows)
    [CV fold 3] train_end=2023-06-24 16:00 | val_start=2023-07-02 08:00 | gap=184h (22 rows)
    [CV fold 4] train_end=2023-10-24 00:00 | val_start=2023-10-31 16:00 | gap=184h (22 rows)
    [trial 0] Sharpe=-0.0234 (folds: -0.1310, 0.1472, 0.0917, -0.4889, 0.2640)
    [trial 1] 14 features, training_days=410 | threshold=0.693 | labels: 1322 long, 865 short (60/40%)
    [trial 1] Sharpe=-0.1736 (folds: -0.0841, -0.0899, -0.0322, -0.6735, 0.0116)
    [trial 2] 14 features, training_days=270 | threshold=0.546 | labels: 1322 long, 865 short (60/40%)
    [trial 2] Sharpe=-0.0927 (folds: 0.0625, -0.0156, -0.0992, -0.2927, -0.1186)
    [trial 3] 14 features, training_days=270 | threshold=0.600 | labels: 1322 long, 865 short (60/40%)
    [trial 3] Sharpe=-0.0522 (folds: 0.0183, 0.0189, -0.0019, -0.2735, -0.0229)
    [trial 4] 14 features, training_days=390 | threshold=0.764 | labels: 1322 long, 865 short (60/40%)
    [trial 4] Sharpe=-0.0294 (folds: 0.0936, 0.1149, 0.0029, -0.3618, 0.0033)
    [trial 5] 14 features, training_days=60 | threshold=0.603 | labels: 1322 long, 865 short (60/40%)
    [trial 5] Sharpe=0.0641 (folds: -0.0622, 0.0301, -0.0619, 0.1912, 0.2232)
    [trial 6] 14 features, training_days=290 | threshold=0.738 | labels: 1322 long, 865 short (60/40%)
    [trial 6] Sharpe=-0.1683 (folds: -0.0627, -0.0166, 0.0080, -0.4443, -0.3258)
    [trial 7] 14 features, training_days=70 | threshold=0.564 | labels: 1322 long, 865 short (60/40%)
    [trial 7] Sharpe=0.0408 (folds: -0.0981, -0.1065, -0.0999, 0.2053, 0.3034)
    [trial 8] 14 features, training_days=440 | threshold=0.653 | labels: 1322 long, 865 short (60/40%)
    [trial 8] Sharpe=-0.0814 (folds: -0.3010, 0.0267, 0.2907, -0.5206, 0.0973)
    [trial 9] 14 features, training_days=360 | threshold=0.728 | labels: 1322 long, 865 short (60/40%)
    [trial 9] Sharpe=-0.4627 (folds: -0.3785, -0.2730, 0.1774, -1.0783, -0.7609)
  Optuna: 10 trials, best Sharpe = 0.0641
  Best params: n_estimators=441, max_depth=3, lr=0.0450, leaves=66
  Best confidence_threshold: 0.603
  Best training_days: 60
  Retrained on full data (180 samples, 14 features)
  Model trained for 2024-03: 93 test candles with features, confidence_threshold=0.603
[trade:close] 2024-03-03 07:59 TRXUSDT LONG → stop_loss @ 0.14 | PnL=-1.83% (net -1.93%) | cum=-6.12% 2024-03=-1.93% 2024-03-03=-1.93%
[predict] 2024-03-05 16:00 TRXUSDT → LONG (proba=0.92 TP=4.0%/SL=2.0%)
[trade:open] 2024-03-05 23:59 TRXUSDT LONG @ 0.14 | SL=0.13 TP=0.14 | timeout=2024-03-12 23:59
[trade:close] 2024-03-11 07:59 TRXUSDT LONG → stop_loss @ 0.13 | PnL=-1.99% (net -2.09%) | cum=-8.21% 2024-03=-4.02% 2024-03-11=-2.09%
[predict] 2024-03-14 08:00 TRXUSDT → LONG (proba=0.97 TP=3.7%/SL=1.9%)
[trade:open] 2024-03-14 15:59 TRXUSDT LONG @ 0.13 | SL=0.13 TP=0.13 | timeout=2024-03-21 15:59
[trade:close] 2024-03-15 07:59 TRXUSDT LONG → stop_loss @ 0.13 | PnL=-1.87% (net -1.97%) | cum=-10.18% 2024-03=-5.99% 2024-03-15=-1.97%
[predict] 2024-03-16 16:00 TRXUSDT → LONG (proba=0.97 TP=4.0%/SL=2.0%)
[trade:open] 2024-03-16 23:59 TRXUSDT LONG @ 0.13 | SL=0.12 TP=0.13 | timeout=2024-03-23 23:59
[trade:close] 2024-03-19 07:59 TRXUSDT LONG → stop_loss @ 0.12 | PnL=-1.99% (net -2.09%) | cum=-12.26% 2024-03=-8.08% 2024-03-19=-2.09%
[predict] 2024-03-20 16:00 TRXUSDT → LONG (proba=0.65 TP=7.1%/SL=3.6%)
[trade:open] 2024-03-20 23:59 TRXUSDT LONG @ 0.12 | SL=0.12 TP=0.13 | timeout=2024-03-27 23:59
[trade:close] 2024-03-22 15:59 TRXUSDT LONG → stop_loss @ 0.12 | PnL=-3.57% (net -3.67%) | cum=-15.93% 2024-03=-11.75% 2024-03-22=-3.67%
[predict] 2024-03-24 00:00 TRXUSDT → LONG (proba=0.65 TP=6.7%/SL=3.3%)
[trade:open] 2024-03-24 07:59 TRXUSDT LONG @ 0.12 | SL=0.12 TP=0.13 | timeout=2024-03-31 07:59
[trade:close] 2024-03-31 08:00 TRXUSDT LONG → timeout @ 0.12 | PnL=+1.68% (net +1.58%) | cum=-14.36% 2024-03=-10.17% 2024-03-31=+1.58%
[lgbm] === Training for 2024-04 ===
  Train window: 2022-04-01 → 2024-04-01
  2187 training samples from 1 symbols
  Samples per month: 2022-04: 84, 2022-05: 93, 2022-06: 90, 2022-07: 93, 2022-08: 93, 2022-09: 90, 2022-10: 93, 2022-11: 90, 2022-12: 93, 2023-01: 93, 2023-02: 84, 2023-03: 93, 2023-04: 90, 2023-05: 93, 2023-06: 90, 2023-07: 93, 2023-08: 93, 2023-09: 90, 2023-10: 93, 2023-11: 90, 2023-12: 93, 2024-01: 93, 2024-02: 87, 2024-03: 93
  [label] 2022-06-04 00:00 TRXUSDT entry=0.0795 → LONG | long=timeout(+0.67%) short=timeout(-0.87%) | scanned=22 | no_tp→fwd_return=+0.7674
  [label] 2022-06-06 08:00 TRXUSDT entry=0.0827 → SHORT | long=sl(-6.00%) short=tp(+11.69%) | scanned=20 | short_tp_only
  [label] 2022-06-10 08:00 TRXUSDT entry=0.0799 → SHORT | long=sl(-5.02%) short=tp(+9.74%) | scanned=8 | short_tp_only
  [label] 2022-07-05 00:00 TRXUSDT entry=0.0683 → SHORT | long=sl(-4.73%) short=sl(-4.73%) | scanned=20 | no_tp→fwd_return=-5.2724
  [label] 2022-08-27 00:00 TRXUSDT entry=0.0621 → LONG | long=tp(+5.79%) short=sl(-3.05%) | scanned=10 | long_tp_only
  [label] 2023-02-10 08:00 TRXUSDT entry=0.0631 → LONG | long=tp(+7.84%) short=sl(-4.07%) | scanned=15 | long_tp_only
  [label] 2023-02-14 08:00 TRXUSDT entry=0.0663 → LONG | long=tp(+6.75%) short=sl(-3.53%) | scanned=4 | long_tp_only[I 2026-05-06 02:25:19,293] A new study created in memory with name: no-name-335a5e80-3299-4c6b-a599-cf65ac399cc6
[I 2026-05-06 02:25:19,558] Trial 0 finished with value: -0.022897674602515888 and parameters: {'confidence_threshold': 0.7790993046299082, 'training_days': 230, 'n_estimators': 295, 'max_depth': 5, 'num_leaves': 83, 'learning_rate': 0.051543455158230854, 'subsample': 0.8773243492079463, 'min_child_samples': 10, 'reg_alpha': 0.034096514368237685, 'reg_lambda': 3.154180388637081e-05}. Best is trial 0 with value: -0.022897674602515888.
[I 2026-05-06 02:25:19,704] Trial 1 finished with value: -0.08310281340988797 and parameters: {'confidence_threshold': 0.6929247853618086, 'training_days': 410, 'n_estimators': 233, 'max_depth': 5, 'num_leaves': 108, 'learning_rate': 0.013724237108071606, 'subsample': 0.7013182233636002, 'min_child_samples': 94, 'reg_alpha': 2.4040959529260723e-06, 'reg_lambda': 5.320966582161148}. Best is trial 0 with value: -0.022897674602515888.
[I 2026-05-06 02:25:19,774] Trial 2 finished with value: -0.04044868117860086 and parameters: {'confidence_threshold': 0.546341527225763, 'training_days': 270, 'n_estimators': 120, 'max_depth': 4, 'num_leaves': 53, 'learning_rate': 0.060197068579343475, 'subsample': 0.588227873455941, 'min_child_samples': 91, 'reg_alpha': 2.3457771824819002e-08, 'reg_lambda': 1.1358840775642732e-08}. Best is trial 0 with value: -0.022897674602515888.
[I 2026-05-06 02:25:19,960] Trial 3 finished with value: -0.04904332810193078 and parameters: {'confidence_threshold': 0.6000319676300473, 'training_days': 270, 'n_estimators': 382, 'max_depth': 4, 'num_leaves': 44, 'learning_rate': 0.09185046765032388, 'subsample': 0.6743651508646724, 'min_child_samples': 77, 'reg_alpha': 0.0013974578104212739, 'reg_lambda': 8.97190257982477e-08}. Best is trial 0 with value: -0.022897674602515888.
[I 2026-05-06 02:25:20,359] Trial 4 finished with value: -0.0938762322767556 and parameters: {'confidence_threshold': 0.7642618789055509, 'training_days': 390, 'n_estimators': 464, 'max_depth': 5, 'num_leaves': 30, 'learning_rate': 0.024562383309704932, 'subsample': 0.8612975035964376, 'min_child_samples': 36, 'reg_alpha': 1.593999300080167, 'reg_lambda': 0.006081270362829788}. Best is trial 0 with value: -0.022897674602515888.
[I 2026-05-06 02:25:20,516] Trial 5 finished with value: -0.09007320285923326 and parameters: {'confidence_threshold': 0.6029115860358569, 'training_days': 60, 'n_estimators': 441, 'max_depth': 3, 'num_leaves': 66, 'learning_rate': 0.044953114425778824, 'subsample': 0.7098948461279406, 'min_child_samples': 15, 'reg_alpha': 4.888753565548431e-07, 'reg_lambda': 4.198190642566389}. Best is trial 0 with value: -0.022897674602515888.
[I 2026-05-06 02:25:20,782] Trial 6 finished with value: -0.11181147827725946 and parameters: {'confidence_threshold': 0.7376932868314098, 'training_days': 290, 'n_estimators': 249, 'max_depth': 5, 'num_leaves': 121, 'learning_rate': 0.015565840632862623, 'subsample': 0.8390183783709677, 'min_child_samples': 19, 'reg_alpha': 1.860444687368747e-08, 'reg_lambda': 2.7391483548058117e-06}. Best is trial 0 with value: -0.022897674602515888.
[I 2026-05-06 02:25:20,818] Trial 7 finished with value: -0.05387684031252795 and parameters: {'confidence_threshold': 0.563503962036334, 'training_days': 70, 'n_estimators': 63, 'max_depth': 3, 'num_leaves': 47, 'learning_rate': 0.18074927623018475, 'subsample': 0.5059692991701257, 'min_child_samples': 9, 'reg_alpha': 3.6945804405602874e-08, 'reg_lambda': 0.027706035542028905}. Best is trial 0 with value: -0.022897674602515888.
[I 2026-05-06 02:25:20,899] Trial 8 finished with value: -0.02660967380094511 and parameters: {'confidence_threshold': 0.6525471176758836, 'training_days': 440, 'n_estimators': 116, 'max_depth': 4, 'num_leaves': 115, 'learning_rate': 0.010229952960863938, 'subsample': 0.5062159465415076, 'min_child_samples': 54, 'reg_alpha': 6.790626457822126e-06, 'reg_lambda': 1.7869141074987722e-05}. Best is trial 0 with value: -0.022897674602515888.
[I 2026-05-06 02:25:21,001] Trial 9 finished with value: -0.2438138107254902 and parameters: {'confidence_threshold': 0.7277571993354469, 'training_days': 360, 'n_estimators': 75, 'max_depth': 5, 'num_leaves': 41, 'learning_rate': 0.014186743931212992, 'subsample': 0.7445187273047605, 'min_child_samples': 22, 'reg_alpha': 0.02393227447113315, 'reg_lambda': 0.009236766173618426}. Best is trial 0 with value: -0.022897674602515888.

  [label] 2023-02-25 00:00 TRXUSDT entry=0.0685 → SHORT | long=sl(-3.18%) short=timeout(+1.62%) | scanned=22 | no_tp→fwd_return=-1.7219
  [label] 2023-04-11 08:00 TRXUSDT entry=0.0668 → SHORT | long=sl(-2.22%) short=tp(+4.14%) | scanned=2 | short_tp_only
  [label] 2023-04-20 00:00 TRXUSDT entry=0.0662 → SHORT | long=sl(-2.48%) short=timeout(+1.20%) | scanned=22 | no_tp→fwd_return=-1.2989
  [label] 2023-07-20 08:00 TRXUSDT entry=0.0803 → LONG | long=tp(+4.26%) short=sl(-2.28%) | scanned=5 | long_tp_only
  [label] 2023-08-21 08:00 TRXUSDT entry=0.0743 → LONG | long=tp(+3.95%) short=sl(-2.13%) | scanned=6 | long_tp_only
  [label] 2023-09-06 16:00 TRXUSDT entry=0.0789 → LONG | long=sl(-1.60%) short=sl(-1.60%) | scanned=17 | no_tp→fwd_return=+4.0690
  [label] 2023-09-19 08:00 TRXUSDT entry=0.0845 → LONG | long=sl(-1.83%) short=timeout(-0.14%) | scanned=22 | no_tp→fwd_return=+0.0355
  [label] 2023-10-08 08:00 TRXUSDT entry=0.0879 → SHORT | long=sl(-1.96%) short=tp(+3.62%) | scanned=13 | short_tp_only
  [label] 2023-10-14 08:00 TRXUSDT entry=0.0853 → LONG | long=tp(+3.15%) short=sl(-1.72%) | scanned=6 | long_tp_only
  [label] 2023-10-26 16:00 TRXUSDT entry=0.0928 → LONG | long=tp(+3.73%) short=sl(-2.01%) | scanned=13 | long_tp_only
  [label] 2023-12-05 16:00 TRXUSDT entry=0.1036 → LONG | long=tp(+4.18%) short=sl(-2.24%) | scanned=10 | long_tp_only
  [label] 2023-12-15 16:00 TRXUSDT entry=0.1014 → LONG | long=sl(-2.70%) short=sl(-2.70%) | scanned=17 | no_tp→fwd_return=+2.7304
  [label] 2024-03-11 08:00 TRXUSDT entry=0.1325 → SHORT | long=sl(-1.87%) short=tp(+3.43%) | scanned=10 | short_tp_only
  Labels: 1261 long (57.7%), 926 short (42.3%) | weights: min=1.00, mean=2.34, max=10.00
  Features: 2187/2187 matched, 14 columns
  CV gap: 22 rows
    [trial 0] 14 features, training_days=230 | threshold=0.779 | labels: 1261 long, 926 short (58/42%)
    [CV fold 0] train_end=2022-07-26 16:00 | val_start=2022-08-03 08:00 | gap=184h (22 rows)
    [CV fold 1] train_end=2022-11-25 00:00 | val_start=2022-12-02 16:00 | gap=184h (22 rows)
    [CV fold 2] train_end=2023-03-26 08:00 | val_start=2023-04-03 00:00 | gap=184h (22 rows)
    [CV fold 3] train_end=2023-07-25 16:00 | val_start=2023-08-02 08:00 | gap=184h (22 rows)
    [CV fold 4] train_end=2023-11-24 00:00 | val_start=2023-12-01 16:00 | gap=184h (22 rows)
    [trial 0] Sharpe=-0.0229 (folds: -0.0223, -0.0187, -0.1535, 0.0200, 0.0599)
    [trial 1] 14 features, training_days=410 | threshold=0.693 | labels: 1261 long, 926 short (58/42%)
    [trial 1] Sharpe=-0.0831 (folds: 0.0003, -0.1475, -0.0836, -0.0935, -0.0913)
    [trial 2] 14 features, training_days=270 | threshold=0.546 | labels: 1261 long, 926 short (58/42%)
    [trial 2] Sharpe=-0.0404 (folds: 0.1659, -0.0123, -0.2240, -0.0544, -0.0774)
    [trial 3] 14 features, training_days=270 | threshold=0.600 | labels: 1261 long, 926 short (58/42%)
    [trial 3] Sharpe=-0.0490 (folds: 0.1604, -0.0564, -0.2187, -0.0299, -0.1006)
    [trial 4] 14 features, training_days=390 | threshold=0.764 | labels: 1261 long, 926 short (58/42%)
    [trial 4] Sharpe=-0.0939 (folds: 0.1196, -0.0111, -0.1126, -0.1902, -0.2751)
    [trial 5] 14 features, training_days=60 | threshold=0.603 | labels: 1261 long, 926 short (58/42%)
    [trial 5] Sharpe=-0.0901 (folds: -0.0672, 0.0563, -0.3011, -0.0905, -0.0478)
    [trial 6] 14 features, training_days=290 | threshold=0.738 | labels: 1261 long, 926 short (58/42%)
    [trial 6] Sharpe=-0.1118 (folds: 0.0524, -0.4182, -0.2748, 0.0775, 0.0041)
    [trial 7] 14 features, training_days=70 | threshold=0.564 | labels: 1261 long, 926 short (58/42%)
    [trial 7] Sharpe=-0.0539 (folds: 0.0310, 0.1727, -0.5609, 0.1008, -0.0130)
    [trial 8] 14 features, training_days=440 | threshold=0.653 | labels: 1261 long, 926 short (58/42%)
    [trial 8] Sharpe=-0.0266 (folds: 0.0192, -0.2926, 0.1557, -0.1931, 0.1778)
    [trial 9] 14 features, training_days=360 | threshold=0.728 | labels: 1261 long, 926 short (58/42%)
    [trial 9] Sharpe=-0.2438 (folds: 0.2410, -0.7557, -0.3469, -0.1762, -0.1813)
  Optuna: 10 trials, best Sharpe = -0.0229
  Best params: n_estimators=295, max_depth=5, lr=0.0515, leaves=83
  Best confidence_threshold: 0.779
  Best training_days: 230
  Retrained on full data (690 samples, 14 features)
  Model trained for 2024-04: 90 test candles with features, confidence_threshold=0.779
[predict] 2024-04-02 00:00 TRXUSDT → SHORT (proba=1.00 TP=4.6%/SL=2.3%)
[trade:open] 2024-04-02 07:59 TRXUSDT SHORT @ 0.12 | SL=0.12 TP=0.11 | timeout=2024-04-09 07:59
[trade:close] 2024-04-07 07:59 TRXUSDT SHORT → stop_loss @ 0.12 | PnL=-2.28% (net -2.38%) | cum=-16.74% 2024-04=-2.38% 2024-04-07=-2.38%
[predict] 2024-04-12 16:00 TRXUSDT → LONG (proba=1.00 TP=5.5%/SL=2.7%)
[trade:open] 2024-04-12 23:59 TRXUSDT LONG @ 0.11 | SL=0.11 TP=0.12 | timeout=2024-04-19 23:59
[trade:close] 2024-04-13 23:59 TRXUSDT LONG → stop_loss @ 0.11 | PnL=-2.75% (net -2.85%) | cum=-19.58% 2024-04=-5.23% 2024-04-13=-2.85%
[predict] 2024-04-15 08:00 TRXUSDT → LONG (proba=1.00 TP=6.6%/SL=3.3%)
[trade:open] 2024-04-15 15:59 TRXUSDT LONG @ 0.11 | SL=0.11 TP=0.12 | timeout=2024-04-22 15:59
[trade:close] 2024-04-18 07:59 TRXUSDT LONG → stop_loss @ 0.11 | PnL=-3.30% (net -3.40%) | cum=-22.98% 2024-04=-8.63% 2024-04-18=-3.40%
[predict] 2024-04-21 08:00 TRXUSDT → LONG (proba=1.00 TP=5.7%/SL=2.9%)
[trade:open] 2024-04-21 15:59 TRXUSDT LONG @ 0.11 | SL=0.11 TP=0.12 | timeout=2024-04-28 15:59
[trade:close] 2024-04-25 23:59 TRXUSDT LONG → take_profit @ 0.12 | PnL=+5.73% (net +5.63%) | cum=-17.35% 2024-04=-2.99% 2024-04-25=+5.63%
[predict] 2024-04-27 08:00 TRXUSDT → SHORT (proba=1.00 TP=4.4%/SL=2.2%)
[trade:open] 2024-04-27 15:59 TRXUSDT SHORT @ 0.12 | SL=0.12 TP=0.12 | timeout=2024-05-04 15:59
[trade:close] 2024-04-28 23:59 TRXUSDT SHORT → stop_loss @ 0.12 | PnL=-2.20% (net -2.30%) | cum=-19.66% 2024-04=-5.30% 2024-04-28=-2.30%
[predict] 2024-04-30 08:00 TRXUSDT → SHORT (proba=1.00 TP=4.7%/SL=2.4%)
[trade:open] 2024-04-30 15:59 TRXUSDT SHORT @ 0.12 | SL=0.12 TP=0.11 | timeout=2024-05-07 15:59
[lgbm] === Training for 2024-05 ===
  Train window: 2022-05-01 → 2024-05-01
  2193 training samples from 1 symbols
  Samples per month: 2022-05: 93, 2022-06: 90, 2022-07: 93, 2022-08: 93, 2022-09: 90, 2022-10: 93, 2022-11: 90, 2022-12: 93, 2023-01: 93, 2023-02: 84, 2023-03: 93, 2023-04: 90, 2023-05: 93, 2023-06: 90, 2023-07: 93, 2023-08: 93, 2023-09: 90, 2023-10: 93, 2023-11: 90, 2023-12: 93, 2024-01: 93, 2024-02: 87, 2024-03: 93, 2024-04: 90
  [label] 2022-07-02 08:00 TRXUSDT entry=0.0647 → LONG | long=tp(+10.44%) short=sl(-5.37%) | scanned=21 | long_tp_only
  [label] 2022-07-04 16:00 TRXUSDT entry=0.0673 → SHORT | long=timeout(-3.98%) short=sl(-4.76%) | scanned=22 | no_tp→fwd_return=-3.8787
  [label] 2022-07-08 08:00 TRXUSDT entry=0.0685 → SHORT | long=sl(-4.22%) short=sl(-4.22%) | scanned=8 | no_tp→fwd_return=-3.7215
  [label] 2022-08-02 08:00 TRXUSDT entry=0.0688 → SHORT | long=timeout(-0.68%) short=timeout(+0.48%) | scanned=22 | no_tp→fwd_return=-0.5811
  [label] 2022-09-24 08:00 TRXUSDT entry=0.0602 → LONG | long=sl(-2.77%) short=sl(-2.77%) | scanned=16 | no_tp→fwd_return=+1.2118
  [label] 2023-03-11 08:00 TRXUSDT entry=0.0555 → LONG | long=tp(+8.61%) short=sl(-4.46%) | scanned=4 | long_tp_only
  [label] 2023-03-15 08:00 TRXUSDT entry=0.0651 → LONG | long=timeout(+2.76%) short=sl(-4.85%) | scanned=22 | no_tp→fwd_return=+2.8589
  [label] 2023-03-26 00:00 TRXUSDT entry=0.0639 → LONG | long=timeout(+3.22%) short=sl(-4.78%) | scanned=22 | no_tp→fwd_return=+3.3198
  [label] 2023-05-10 08:00 TRXUSDT entry=0.0695 → LONG | long=sl(-2.22%) short=sl(-2.22%) | scanned=20 | no_tp→fwd_return=+1.6401
  [label] 2023-05-19 00:00 TRXUSDT entry=0.0702 → LONG | long=tp(+3.52%) short=sl(-1.91%) | scanned=4 | long_tp_only
  [label] 2023-08-18 16:00 TRXUSDT entry=0.0729 → LONG | long=tp(+4.13%) short=sl(-2.22%) | scanned=6 | long_tp_only
  [label] 2023-09-19 16:00 TRXUSDT entry=0.0845 → LONG | long=sl(-1.79%) short=timeout(-0.32%) | scanned=22 | no_tp→fwd_return=+0.2249
  [label] 2023-10-06 00:00 TRXUSDT entry=0.0875 → SHORT | long=sl(-2.04%) short=timeout(+2.35%) | scanned=22 | no_tp→fwd_return=-2.4463[I 2026-05-06 02:25:21,489] A new study created in memory with name: no-name-3fd66230-713e-4f36-9439-44bf837cd4a4
[I 2026-05-06 02:25:21,803] Trial 0 finished with value: -0.07382912738991305 and parameters: {'confidence_threshold': 0.7790993046299082, 'training_days': 230, 'n_estimators': 295, 'max_depth': 5, 'num_leaves': 83, 'learning_rate': 0.051543455158230854, 'subsample': 0.8773243492079463, 'min_child_samples': 10, 'reg_alpha': 0.034096514368237685, 'reg_lambda': 3.154180388637081e-05}. Best is trial 0 with value: -0.07382912738991305.
