[I 2026-05-06 02:25:58,982] Trial 1 finished with value: -0.19831896681977043 and parameters: {'confidence_threshold': 0.6929247853618086, 'training_days': 410, 'n_estimators': 233, 'max_depth': 5, 'num_leaves': 108, 'learning_rate': 0.013724237108071606, 'subsample': 0.7013182233636002, 'min_child_samples': 94, 'reg_alpha': 2.4040959529260723e-06, 'reg_lambda': 5.320966582161148}. Best is trial 0 with value: -0.08322005360423293.
[I 2026-05-06 02:25:59,051] Trial 2 finished with value: -0.06649812595746242 and parameters: {'confidence_threshold': 0.546341527225763, 'training_days': 270, 'n_estimators': 120, 'max_depth': 4, 'num_leaves': 53, 'learning_rate': 0.060197068579343475, 'subsample': 0.588227873455941, 'min_child_samples': 91, 'reg_alpha': 2.3457771824819002e-08, 'reg_lambda': 1.1358840775642732e-08}. Best is trial 2 with value: -0.06649812595746242.
[I 2026-05-06 02:25:59,220] Trial 3 finished with value: -0.07751450652421593 and parameters: {'confidence_threshold': 0.6000319676300473, 'training_days': 270, 'n_estimators': 382, 'max_depth': 4, 'num_leaves': 44, 'learning_rate': 0.09185046765032388, 'subsample': 0.6743651508646724, 'min_child_samples': 77, 'reg_alpha': 0.0013974578104212739, 'reg_lambda': 8.97190257982477e-08}. Best is trial 2 with value: -0.06649812595746242.
[I 2026-05-06 02:25:59,644] Trial 4 finished with value: -0.09719257011784647 and parameters: {'confidence_threshold': 0.7642618789055509, 'training_days': 390, 'n_estimators': 464, 'max_depth': 5, 'num_leaves': 30, 'learning_rate': 0.024562383309704932, 'subsample': 0.8612975035964376, 'min_child_samples': 36, 'reg_alpha': 1.593999300080167, 'reg_lambda': 0.006081270362829788}. Best is trial 2 with value: -0.06649812595746242.
[I 2026-05-06 02:25:59,793] Trial 5 finished with value: -0.07741815532741612 and parameters: {'confidence_threshold': 0.6029115860358569, 'training_days': 60, 'n_estimators': 441, 'max_depth': 3, 'num_leaves': 66, 'learning_rate': 0.044953114425778824, 'subsample': 0.7098948461279406, 'min_child_samples': 15, 'reg_alpha': 4.888753565548431e-07, 'reg_lambda': 4.198190642566389}. Best is trial 2 with value: -0.06649812595746242.
[I 2026-05-06 02:26:00,053] Trial 6 finished with value: -0.05884947778194052 and parameters: {'confidence_threshold': 0.7376932868314098, 'training_days': 290, 'n_estimators': 249, 'max_depth': 5, 'num_leaves': 121, 'learning_rate': 0.015565840632862623, 'subsample': 0.8390183783709677, 'min_child_samples': 19, 'reg_alpha': 1.860444687368747e-08, 'reg_lambda': 2.7391483548058117e-06}. Best is trial 6 with value: -0.05884947778194052.
[I 2026-05-06 02:26:00,092] Trial 7 finished with value: -0.06682355347603912 and parameters: {'confidence_threshold': 0.563503962036334, 'training_days': 70, 'n_estimators': 63, 'max_depth': 3, 'num_leaves': 47, 'learning_rate': 0.18074927623018475, 'subsample': 0.5059692991701257, 'min_child_samples': 9, 'reg_alpha': 3.6945804405602874e-08, 'reg_lambda': 0.027706035542028905}. Best is trial 6 with value: -0.05884947778194052.
[I 2026-05-06 02:26:00,173] Trial 8 finished with value: 0.11980802906791399 and parameters: {'confidence_threshold': 0.6525471176758836, 'training_days': 440, 'n_estimators': 116, 'max_depth': 4, 'num_leaves': 115, 'learning_rate': 0.010229952960863938, 'subsample': 0.5062159465415076, 'min_child_samples': 54, 'reg_alpha': 6.790626457822126e-06, 'reg_lambda': 1.7869141074987722e-05}. Best is trial 8 with value: 0.11980802906791399.
[I 2026-05-06 02:26:00,267] Trial 9 finished with value: -0.10461778054098436 and parameters: {'confidence_threshold': 0.7277571993354469, 'training_days': 360, 'n_estimators': 75, 'max_depth': 5, 'num_leaves': 41, 'learning_rate': 0.014186743931212992, 'subsample': 0.7445187273047605, 'min_child_samples': 22, 'reg_alpha': 0.02393227447113315, 'reg_lambda': 0.009236766173618426}. Best is trial 8 with value: 0.11980802906791399.
[I 2026-05-06 02:26:00,730] A new study created in memory with name: no-name-1b18d583-aa56-418f-af34-7448a2ed8b0d

  [label] 2025-04-26 08:00 TRXUSDT entry=0.2508 → SHORT | long=sl(-2.63%) short=timeout(+1.79%) | scanned=22 | no_tp→fwd_return=-1.8860
  [label] 2025-06-05 08:00 TRXUSDT entry=0.2745 → LONG | long=sl(-2.18%) short=sl(-2.18%) | scanned=1 | no_tp→fwd_return=+2.6599
  [label] 2025-06-15 08:00 TRXUSDT entry=0.2729 → LONG | long=tp(+5.00%) short=sl(-2.65%) | scanned=3 | long_tp_only
  [label] 2025-09-10 08:00 TRXUSDT entry=0.3385 → LONG | long=timeout(+0.28%) short=sl(-2.55%) | scanned=22 | no_tp→fwd_return=+0.3810
  Labels: 1261 long (57.5%), 932 short (42.5%) | weights: min=1.00, mean=2.63, max=10.00
  Features: 2193/2193 matched, 14 columns
  CV gap: 22 rows
    [trial 0] 14 features, training_days=230 | threshold=0.779 | labels: 1261 long, 932 short (58/42%)
    [CV fold 0] train_end=2024-01-24 00:00 | val_start=2024-01-31 16:00 | gap=184h (22 rows)
    [CV fold 1] train_end=2024-05-24 16:00 | val_start=2024-06-01 08:00 | gap=184h (22 rows)
    [CV fold 2] train_end=2024-09-23 08:00 | val_start=2024-10-01 00:00 | gap=184h (22 rows)
    [CV fold 3] train_end=2025-01-23 00:00 | val_start=2025-01-30 16:00 | gap=184h (22 rows)
    [CV fold 4] train_end=2025-05-24 16:00 | val_start=2025-06-01 08:00 | gap=184h (22 rows)
    [trial 0] Sharpe=-0.0832 (folds: -0.3130, 0.0315, -0.2231, -0.0020, 0.0904)
    [trial 1] 14 features, training_days=410 | threshold=0.693 | labels: 1261 long, 932 short (58/42%)
    [trial 1] Sharpe=-0.1983 (folds: -1.0020, 0.1599, -0.0984, 0.0882, -0.1393)
    [trial 2] 14 features, training_days=270 | threshold=0.546 | labels: 1261 long, 932 short (58/42%)
    [trial 2] Sharpe=-0.0665 (folds: -0.2640, 0.0660, -0.1696, 0.0422, -0.0070)
    [trial 3] 14 features, training_days=270 | threshold=0.600 | labels: 1261 long, 932 short (58/42%)
    [trial 3] Sharpe=-0.0775 (folds: -0.3075, 0.0756, -0.2236, 0.0225, 0.0456)
    [trial 4] 14 features, training_days=390 | threshold=0.764 | labels: 1261 long, 932 short (58/42%)
    [trial 4] Sharpe=-0.0972 (folds: -0.2734, 0.0634, -0.2731, 0.0231, -0.0258)
    [trial 5] 14 features, training_days=60 | threshold=0.603 | labels: 1261 long, 932 short (58/42%)
    [trial 5] Sharpe=-0.0774 (folds: -0.2002, -0.0589, -0.2697, 0.0385, 0.1032)
    [trial 6] 14 features, training_days=290 | threshold=0.738 | labels: 1261 long, 932 short (58/42%)
    [trial 6] Sharpe=-0.0588 (folds: -0.3087, 0.1728, -0.1939, 0.0290, 0.0065)
    [trial 7] 14 features, training_days=70 | threshold=0.564 | labels: 1261 long, 932 short (58/42%)
    [trial 7] Sharpe=-0.0668 (folds: -0.1973, -0.0667, -0.1731, 0.0291, 0.0738)
    [trial 8] 14 features, training_days=440 | threshold=0.653 | labels: 1261 long, 932 short (58/42%)
    [trial 8] Sharpe=0.1198 (folds: -0.3612, 0.5095, 0.3067, -0.0910, 0.2349)
    [trial 9] 14 features, training_days=360 | threshold=0.728 | labels: 1261 long, 932 short (58/42%)
    [trial 9] Sharpe=-0.1046 (folds: -0.1793, 0.4206, -0.4721, -0.0868, -0.2056)
  Optuna: 10 trials, best Sharpe = 0.1198
  Best params: n_estimators=116, max_depth=4, lr=0.0102, leaves=115
  Best confidence_threshold: 0.653
  Best training_days: 440
  Retrained on full data (1320 samples, 14 features)
  Model trained for 2025-10: 93 test candles with features, confidence_threshold=0.653
[predict] 2025-10-12 08:00 TRXUSDT → LONG (proba=0.67 TP=4.9%/SL=2.5%)
[trade:open] 2025-10-12 15:59 TRXUSDT LONG @ 0.32 | SL=0.31 TP=0.34 | timeout=2025-10-19 15:59
[trade:close] 2025-10-14 07:59 TRXUSDT LONG → stop_loss @ 0.31 | PnL=-2.47% (net -2.57%) | cum=-4.26% 2025-10=-2.57% 2025-10-14=-2.57%
[predict] 2025-10-15 16:00 TRXUSDT → LONG (proba=0.66 TP=5.2%/SL=2.6%)
[trade:open] 2025-10-15 23:59 TRXUSDT LONG @ 0.32 | SL=0.31 TP=0.34 | timeout=2025-10-22 23:59
[trade:close] 2025-10-17 07:59 TRXUSDT LONG → stop_loss @ 0.31 | PnL=-2.61% (net -2.71%) | cum=-6.97% 2025-10=-5.28% 2025-10-17=-2.71%
[predict] 2025-10-18 16:00 TRXUSDT → LONG (proba=0.66 TP=5.1%/SL=2.5%)
[trade:open] 2025-10-18 23:59 TRXUSDT LONG @ 0.31 | SL=0.30 TP=0.33 | timeout=2025-10-25 23:59
[trade:close] 2025-10-24 23:59 TRXUSDT LONG → stop_loss @ 0.30 | PnL=-2.54% (net -2.64%) | cum=-9.61% 2025-10=-7.92% 2025-10-24=-2.64%
[predict] 2025-10-26 08:00 TRXUSDT → LONG (proba=0.73 TP=5.0%/SL=2.5%)
[trade:open] 2025-10-26 15:59 TRXUSDT LONG @ 0.30 | SL=0.29 TP=0.31 | timeout=2025-11-02 15:59
[trade:close] 2025-10-29 23:59 TRXUSDT LONG → stop_loss @ 0.29 | PnL=-2.50% (net -2.60%) | cum=-12.21% 2025-10=-10.52% 2025-10-29=-2.60%
[lgbm] === Training for 2025-11 ===
  Train window: 2023-11-01 → 2025-11-01
  2193 training samples from 1 symbols
  Samples per month: 2023-11: 90, 2023-12: 93, 2024-01: 93, 2024-02: 87, 2024-03: 93, 2024-04: 90, 2024-05: 93, 2024-06: 90, 2024-07: 93, 2024-08: 93, 2024-09: 90, 2024-10: 93, 2024-11: 90, 2024-12: 93, 2025-01: 93, 2025-02: 84, 2025-03: 93, 2025-04: 90, 2025-05: 93, 2025-06: 90, 2025-07: 93, 2025-08: 93, 2025-09: 90, 2025-10: 93
  [label] 2024-01-02 08:00 TRXUSDT entry=0.1088 → SHORT | long=sl(-2.18%) short=tp(+4.06%) | scanned=3 | short_tp_only
  [label] 2024-01-04 16:00 TRXUSDT entry=0.1070 → SHORT | long=sl(-2.58%) short=tp(+4.86%) | scanned=4 | short_tp_only
  [label] 2024-01-08 08:00 TRXUSDT entry=0.1031 → LONG | long=tp(+4.96%) short=sl(-2.63%) | scanned=14 | long_tp_only
  [label] 2024-02-02 08:00 TRXUSDT entry=0.1170 → LONG | long=tp(+4.11%) short=sl(-2.21%) | scanned=12 | long_tp_only
  [label] 2024-03-26 08:00 TRXUSDT entry=0.1213 → SHORT | long=sl(-3.25%) short=timeout(+4.36%) | scanned=22 | no_tp→fwd_return=-4.4585
  [label] 2024-09-10 08:00 TRXUSDT entry=0.1524 → SHORT | long=sl(-2.04%) short=timeout(+0.75%) | scanned=22 | no_tp→fwd_return=-0.8467
  [label] 2024-09-14 08:00 TRXUSDT entry=0.1473 → LONG | long=tp(+3.30%) short=sl(-1.80%) | scanned=17 | long_tp_only
  [label] 2024-09-25 00:00 TRXUSDT entry=0.1502 → LONG | long=tp(+2.22%) short=sl(-1.26%) | scanned=6 | long_tp_only
  [label] 2024-11-09 08:00 TRXUSDT entry=0.1603 → LONG | long=tp(+2.77%) short=sl(-1.53%) | scanned=3 | long_tp_only
  [label] 2024-11-18 00:00 TRXUSDT entry=0.2046 → LONG | long=sl(-4.16%) short=sl(-4.16%) | scanned=16 | no_tp→fwd_return=+6.7120
  [label] 2025-02-17 16:00 TRXUSDT entry=0.2386 → LONG | long=timeout(+0.43%) short=sl(-3.41%) | scanned=22 | no_tp→fwd_return=+0.5281
  [label] 2025-03-21 16:00 TRXUSDT entry=0.2334 → SHORT | long=sl(-3.50%) short=timeout(+0.40%) | scanned=22 | no_tp→fwd_return=-0.4969
  [label] 2025-04-07 00:00 TRXUSDT entry=0.2223 → LONG | long=tp(+5.86%) short=sl(-3.08%) | scanned=4 | long_tp_only
  [label] 2025-04-20 00:00 TRXUSDT entry=0.2415 → LONG | long=tp(+5.12%) short=sl(-2.71%) | scanned=21 | long_tp_only
  [label] 2025-05-08 16:00 TRXUSDT entry=0.2571 → LONG | long=tp(+4.15%) short=sl(-2.23%) | scanned=7 | long_tp_only
  [label] 2025-05-15 00:00 TRXUSDT entry=0.2692 → SHORT | long=sl(-3.27%) short=sl(-3.27%) | scanned=12 | no_tp→fwd_return=-1.8949
  [label] 2025-05-27 08:00 TRXUSDT entry=0.2738 → SHORT | long=sl(-2.83%) short=timeout(+1.17%) | scanned=22 | no_tp→fwd_return=-1.2672
  [label] 2025-07-06 08:00 TRXUSDT entry=0.2856 → LONG | long=tp(+3.21%) short=sl(-1.75%) | scanned=14 | long_tp_only
  [label] 2025-07-16 08:00 TRXUSDT entry=0.3024 → LONG | long=tp(+3.35%) short=sl(-1.83%) | scanned=3 | long_tp_only
  [label] 2025-10-11 08:00 TRXUSDT entry=0.3194 → SHORT | long=sl(-2.43%) short=tp(+4.56%) | scanned=18 | short_tp_only
  Labels: 1199 long (54.7%), 994 short (45.3%) | weights: min=1.00, mean=2.63, max=10.00
  Features: 2193/2193 matched, 14 columns
  CV gap: 22 rows
    [trial 0] 14 features, training_days=230 | threshold=0.779 | labels: 1199 long, 994 short (55/45%)
    [CV fold 0] train_end=2024-02-24 00:00 | val_start=2024-03-02 16:00 | gap=184h (22 rows)
    [CV fold 1] train_end=2024-06-24 16:00 | val_start=2024-07-02 08:00 | gap=184h (22 rows)
    [CV fold 2] train_end=2024-10-24 08:00 | val_start=2024-11-01 00:00 | gap=184h (22 rows)
    [CV fold 3] train_end=2025-02-23 00:00 | val_start=2025-03-02 16:00 | gap=184h (22 rows)
    [CV fold 4] train_end=2025-06-24 16:00 | val_start=2025-07-02 08:00 | gap=184h (22 rows)[I 2026-05-06 02:26:01,011] Trial 0 finished with value: -0.09810970187407045 and parameters: {'confidence_threshold': 0.7790993046299082, 'training_days': 230, 'n_estimators': 295, 'max_depth': 5, 'num_leaves': 83, 'learning_rate': 0.051543455158230854, 'subsample': 0.8773243492079463, 'min_child_samples': 10, 'reg_alpha': 0.034096514368237685, 'reg_lambda': 3.154180388637081e-05}. Best is trial 0 with value: -0.09810970187407045.
[I 2026-05-06 02:26:01,154] Trial 1 finished with value: -0.27829557019705425 and parameters: {'confidence_threshold': 0.6929247853618086, 'training_days': 410, 'n_estimators': 233, 'max_depth': 5, 'num_leaves': 108, 'learning_rate': 0.013724237108071606, 'subsample': 0.7013182233636002, 'min_child_samples': 94, 'reg_alpha': 2.4040959529260723e-06, 'reg_lambda': 5.320966582161148}. Best is trial 0 with value: -0.09810970187407045.
[I 2026-05-06 02:26:01,213] Trial 2 finished with value: -0.10677496775918165 and parameters: {'confidence_threshold': 0.546341527225763, 'training_days': 270, 'n_estimators': 120, 'max_depth': 4, 'num_leaves': 53, 'learning_rate': 0.060197068579343475, 'subsample': 0.588227873455941, 'min_child_samples': 91, 'reg_alpha': 2.3457771824819002e-08, 'reg_lambda': 1.1358840775642732e-08}. Best is trial 0 with value: -0.09810970187407045.
[I 2026-05-06 02:26:01,389] Trial 3 finished with value: -0.08084735685655983 and parameters: {'confidence_threshold': 0.6000319676300473, 'training_days': 270, 'n_estimators': 382, 'max_depth': 4, 'num_leaves': 44, 'learning_rate': 0.09185046765032388, 'subsample': 0.6743651508646724, 'min_child_samples': 77, 'reg_alpha': 0.0013974578104212739, 'reg_lambda': 8.97190257982477e-08}. Best is trial 3 with value: -0.08084735685655983.
[I 2026-05-06 02:26:01,827] Trial 4 finished with value: -0.16996683057306633 and parameters: {'confidence_threshold': 0.7642618789055509, 'training_days': 390, 'n_estimators': 464, 'max_depth': 5, 'num_leaves': 30, 'learning_rate': 0.024562383309704932, 'subsample': 0.8612975035964376, 'min_child_samples': 36, 'reg_alpha': 1.593999300080167, 'reg_lambda': 0.006081270362829788}. Best is trial 3 with value: -0.08084735685655983.
[I 2026-05-06 02:26:02,015] Trial 5 finished with value: -0.12632436864172542 and parameters: {'confidence_threshold': 0.6029115860358569, 'training_days': 60, 'n_estimators': 441, 'max_depth': 3, 'num_leaves': 66, 'learning_rate': 0.044953114425778824, 'subsample': 0.7098948461279406, 'min_child_samples': 15, 'reg_alpha': 4.888753565548431e-07, 'reg_lambda': 4.198190642566389}. Best is trial 3 with value: -0.08084735685655983.
[I 2026-05-06 02:26:02,282] Trial 6 finished with value: -0.06428041465689745 and parameters: {'confidence_threshold': 0.7376932868314098, 'training_days': 290, 'n_estimators': 249, 'max_depth': 5, 'num_leaves': 121, 'learning_rate': 0.015565840632862623, 'subsample': 0.8390183783709677, 'min_child_samples': 19, 'reg_alpha': 1.860444687368747e-08, 'reg_lambda': 2.7391483548058117e-06}. Best is trial 6 with value: -0.06428041465689745.
[I 2026-05-06 02:26:02,317] Trial 7 finished with value: -0.13882427496478955 and parameters: {'confidence_threshold': 0.563503962036334, 'training_days': 70, 'n_estimators': 63, 'max_depth': 3, 'num_leaves': 47, 'learning_rate': 0.18074927623018475, 'subsample': 0.5059692991701257, 'min_child_samples': 9, 'reg_alpha': 3.6945804405602874e-08, 'reg_lambda': 0.027706035542028905}. Best is trial 6 with value: -0.06428041465689745.
[I 2026-05-06 02:26:02,409] Trial 8 finished with value: -0.23263743794861774 and parameters: {'confidence_threshold': 0.6525471176758836, 'training_days': 440, 'n_estimators': 116, 'max_depth': 4, 'num_leaves': 115, 'learning_rate': 0.010229952960863938, 'subsample': 0.5062159465415076, 'min_child_samples': 54, 'reg_alpha': 6.790626457822126e-06, 'reg_lambda': 1.7869141074987722e-05}. Best is trial 6 with value: -0.06428041465689745.
[I 2026-05-06 02:26:02,509] Trial 9 finished with value: -2.1582945709543653 and parameters: {'confidence_threshold': 0.7277571993354469, 'training_days': 360, 'n_estimators': 75, 'max_depth': 5, 'num_leaves': 41, 'learning_rate': 0.014186743931212992, 'subsample': 0.7445187273047605, 'min_child_samples': 22, 'reg_alpha': 0.02393227447113315, 'reg_lambda': 0.009236766173618426}. Best is trial 6 with value: -0.06428041465689745.
[I 2026-05-06 02:26:03,013] A new study created in memory with name: no-name-75348007-fbd5-4629-a309-49f61189602c
[I 2026-05-06 02:26:03,268] Trial 0 finished with value: -0.09649999051454794 and parameters: {'confidence_threshold': 0.7790993046299082, 'training_days': 230, 'n_estimators': 295, 'max_depth': 5, 'num_leaves': 83, 'learning_rate': 0.051543455158230854, 'subsample': 0.8773243492079463, 'min_child_samples': 10, 'reg_alpha': 0.034096514368237685, 'reg_lambda': 3.154180388637081e-05}. Best is trial 0 with value: -0.09649999051454794.
[I 2026-05-06 02:26:03,400] Trial 1 finished with value: 0.02100415000288559 and parameters: {'confidence_threshold': 0.6929247853618086, 'training_days': 410, 'n_estimators': 233, 'max_depth': 5, 'num_leaves': 108, 'learning_rate': 0.013724237108071606, 'subsample': 0.7013182233636002, 'min_child_samples': 94, 'reg_alpha': 2.4040959529260723e-06, 'reg_lambda': 5.320966582161148}. Best is trial 1 with value: 0.02100415000288559.
[I 2026-05-06 02:26:03,466] Trial 2 finished with value: -0.09522029970043336 and parameters: {'confidence_threshold': 0.546341527225763, 'training_days': 270, 'n_estimators': 120, 'max_depth': 4, 'num_leaves': 53, 'learning_rate': 0.060197068579343475, 'subsample': 0.588227873455941, 'min_child_samples': 91, 'reg_alpha': 2.3457771824819002e-08, 'reg_lambda': 1.1358840775642732e-08}. Best is trial 1 with value: 0.02100415000288559.
[I 2026-05-06 02:26:03,648] Trial 3 finished with value: -0.1532915970877472 and parameters: {'confidence_threshold': 0.6000319676300473, 'training_days': 270, 'n_estimators': 382, 'max_depth': 4, 'num_leaves': 44, 'learning_rate': 0.09185046765032388, 'subsample': 0.6743651508646724, 'min_child_samples': 77, 'reg_alpha': 0.0013974578104212739, 'reg_lambda': 8.97190257982477e-08}. Best is trial 1 with value: 0.02100415000288559.
[I 2026-05-06 02:26:04,017] Trial 4 finished with value: -0.08873330265962734 and parameters: {'confidence_threshold': 0.7642618789055509, 'training_days': 390, 'n_estimators': 464, 'max_depth': 5, 'num_leaves': 30, 'learning_rate': 0.024562383309704932, 'subsample': 0.8612975035964376, 'min_child_samples': 36, 'reg_alpha': 1.593999300080167, 'reg_lambda': 0.006081270362829788}. Best is trial 1 with value: 0.02100415000288559.
[I 2026-05-06 02:26:04,163] Trial 5 finished with value: -0.06819163313840249 and parameters: {'confidence_threshold': 0.6029115860358569, 'training_days': 60, 'n_estimators': 441, 'max_depth': 3, 'num_leaves': 66, 'learning_rate': 0.044953114425778824, 'subsample': 0.7098948461279406, 'min_child_samples': 15, 'reg_alpha': 4.888753565548431e-07, 'reg_lambda': 4.198190642566389}. Best is trial 1 with value: 0.02100415000288559.
[I 2026-05-06 02:26:04,405] Trial 6 finished with value: 0.13067451607333697 and parameters: {'confidence_threshold': 0.7376932868314098, 'training_days': 290, 'n_estimators': 249, 'max_depth': 5, 'num_leaves': 121, 'learning_rate': 0.015565840632862623, 'subsample': 0.8390183783709677, 'min_child_samples': 19, 'reg_alpha': 1.860444687368747e-08, 'reg_lambda': 2.7391483548058117e-06}. Best is trial 6 with value: 0.13067451607333697.
