[I 2026-05-06 02:22:06,225] Trial 1 finished with value: -0.14275709755523341 and parameters: {'confidence_threshold': 0.6929247853618086, 'training_days': 410, 'n_estimators': 233, 'max_depth': 5, 'num_leaves': 108, 'learning_rate': 0.013724237108071606, 'subsample': 0.7013182233636002, 'min_child_samples': 94, 'reg_alpha': 2.4040959529260723e-06, 'reg_lambda': 5.320966582161148}. Best is trial 0 with value: -0.057687862528251976.
[I 2026-05-06 02:22:06,300] Trial 2 finished with value: -0.08599123061447189 and parameters: {'confidence_threshold': 0.546341527225763, 'training_days': 270, 'n_estimators': 120, 'max_depth': 4, 'num_leaves': 53, 'learning_rate': 0.060197068579343475, 'subsample': 0.588227873455941, 'min_child_samples': 91, 'reg_alpha': 2.3457771824819002e-08, 'reg_lambda': 1.1358840775642732e-08}. Best is trial 0 with value: -0.057687862528251976.
[I 2026-05-06 02:22:06,520] Trial 3 finished with value: -0.04951234330337649 and parameters: {'confidence_threshold': 0.6000319676300473, 'training_days': 270, 'n_estimators': 382, 'max_depth': 4, 'num_leaves': 44, 'learning_rate': 0.09185046765032388, 'subsample': 0.6743651508646724, 'min_child_samples': 77, 'reg_alpha': 0.0013974578104212739, 'reg_lambda': 8.97190257982477e-08}. Best is trial 3 with value: -0.04951234330337649.
[I 2026-05-06 02:22:06,952] Trial 4 finished with value: -0.1276747961882798 and parameters: {'confidence_threshold': 0.7642618789055509, 'training_days': 390, 'n_estimators': 464, 'max_depth': 5, 'num_leaves': 30, 'learning_rate': 0.024562383309704932, 'subsample': 0.8612975035964376, 'min_child_samples': 36, 'reg_alpha': 1.593999300080167, 'reg_lambda': 0.006081270362829788}. Best is trial 3 with value: -0.04951234330337649.
[I 2026-05-06 02:22:07,125] Trial 5 finished with value: -0.08033128231757725 and parameters: {'confidence_threshold': 0.6029115860358569, 'training_days': 60, 'n_estimators': 441, 'max_depth': 3, 'num_leaves': 66, 'learning_rate': 0.044953114425778824, 'subsample': 0.7098948461279406, 'min_child_samples': 15, 'reg_alpha': 4.888753565548431e-07, 'reg_lambda': 4.198190642566389}. Best is trial 3 with value: -0.04951234330337649.
[I 2026-05-06 02:22:07,407] Trial 6 finished with value: -0.13028115680057284 and parameters: {'confidence_threshold': 0.7376932868314098, 'training_days': 290, 'n_estimators': 249, 'max_depth': 5, 'num_leaves': 121, 'learning_rate': 0.015565840632862623, 'subsample': 0.8390183783709677, 'min_child_samples': 19, 'reg_alpha': 1.860444687368747e-08, 'reg_lambda': 2.7391483548058117e-06}. Best is trial 3 with value: -0.04951234330337649.
[I 2026-05-06 02:22:07,447] Trial 7 finished with value: -0.07519645924840146 and parameters: {'confidence_threshold': 0.563503962036334, 'training_days': 70, 'n_estimators': 63, 'max_depth': 3, 'num_leaves': 47, 'learning_rate': 0.18074927623018475, 'subsample': 0.5059692991701257, 'min_child_samples': 9, 'reg_alpha': 3.6945804405602874e-08, 'reg_lambda': 0.027706035542028905}. Best is trial 3 with value: -0.04951234330337649.
[I 2026-05-06 02:22:07,550] Trial 8 finished with value: -0.07921000352743611 and parameters: {'confidence_threshold': 0.6525471176758836, 'training_days': 440, 'n_estimators': 116, 'max_depth': 4, 'num_leaves': 115, 'learning_rate': 0.010229952960863938, 'subsample': 0.5062159465415076, 'min_child_samples': 54, 'reg_alpha': 6.790626457822126e-06, 'reg_lambda': 1.7869141074987722e-05}. Best is trial 3 with value: -0.04951234330337649.
[I 2026-05-06 02:22:07,677] Trial 9 finished with value: -0.11963047213526252 and parameters: {'confidence_threshold': 0.7277571993354469, 'training_days': 360, 'n_estimators': 75, 'max_depth': 5, 'num_leaves': 41, 'learning_rate': 0.014186743931212992, 'subsample': 0.7445187273047605, 'min_child_samples': 22, 'reg_alpha': 0.02393227447113315, 'reg_lambda': 0.009236766173618426}. Best is trial 3 with value: -0.04951234330337649.

  [label] 2021-01-02 16:00 MKRUSDT entry=611.0100 → LONG | long=tp(+11.56%) short=sl(-5.93%) | scanned=2 | long_tp_only
  [label] 2021-06-15 08:00 MKRUSDT entry=3150.0000 → SHORT | long=sl(-9.47%) short=tp(+18.65%) | scanned=14 | short_tp_only
  [label] 2021-06-19 08:00 MKRUSDT entry=2677.5000 → SHORT | long=sl(-9.35%) short=tp(+18.40%) | scanned=7 | short_tp_only
  [label] 2021-06-30 00:00 MKRUSDT entry=2379.0000 → LONG | long=tp(+18.80%) short=sl(-9.55%) | scanned=3 | long_tp_only
  [label] 2021-08-13 08:00 MKRUSDT entry=3604.1000 → SHORT | long=sl(-6.27%) short=sl(-6.27%) | scanned=14 | no_tp→fwd_return=-3.9372
  [label] 2021-08-21 16:00 MKRUSDT entry=3872.2000 → SHORT | long=sl(-6.47%) short=timeout(+6.62%) | scanned=22 | no_tp→fwd_return=-6.7249
  [label] 2021-11-19 00:00 MKRUSDT entry=2806.3000 → LONG | long=tp(+16.05%) short=sl(-8.18%) | scanned=18 | long_tp_only
  [label] 2021-12-20 08:00 MKRUSDT entry=2277.9000 → LONG | long=tp(+13.53%) short=sl(-6.92%) | scanned=10 | long_tp_only
  [label] 2022-01-05 08:00 MKRUSDT entry=2506.6000 → SHORT | long=sl(-5.72%) short=tp(+11.13%) | scanned=1 | short_tp_only
  [label] 2022-01-17 16:00 MKRUSDT entry=2092.8000 → SHORT | long=sl(-5.61%) short=tp(+10.92%) | scanned=10 | short_tp_only
  [label] 2022-02-05 00:00 MKRUSDT entry=2249.4000 → SHORT | long=sl(-6.65%) short=timeout(+10.77%) | scanned=22 | no_tp→fwd_return=-10.8651
  [label] 2022-02-11 00:00 MKRUSDT entry=2110.3000 → SHORT | long=sl(-6.36%) short=timeout(+5.34%) | scanned=22 | no_tp→fwd_return=-5.4352
  [label] 2022-02-23 08:00 MKRUSDT entry=1833.6000 → SHORT | long=sl(-6.94%) short=tp(+13.59%) | scanned=2 | short_tp_only
  [label] 2022-04-08 08:00 MKRUSDT entry=2100.6000 → SHORT | long=sl(-6.66%) short=tp(+13.01%) | scanned=10 | short_tp_only
  [label] 2022-04-18 00:00 MKRUSDT entry=1711.7000 → SHORT | long=timeout(-2.85%) short=sl(-6.85%) | scanned=22 | no_tp→fwd_return=-2.7517
  [label] 2022-07-12 00:00 MKRUSDT entry=857.6000 → LONG | long=sl(-7.21%) short=sl(-7.21%) | scanned=10 | no_tp→fwd_return=+6.2500
  Labels: 1005 long (47.0%), 1134 short (53.0%) | weights: min=1.00, mean=2.28, max=10.00
  Features: 2139/2139 matched, 14 columns
  CV gap: 22 rows
    [trial 0] 14 features, training_days=230 | threshold=0.779 | labels: 1005 long, 1134 short (47/53%)
    [CV fold 0] train_end=2020-12-03 00:00 | val_start=2020-12-10 16:00 | gap=184h (22 rows)
    [CV fold 1] train_end=2021-03-31 16:00 | val_start=2021-04-08 08:00 | gap=184h (22 rows)
    [CV fold 2] train_end=2021-07-28 08:00 | val_start=2021-08-05 00:00 | gap=184h (22 rows)
    [CV fold 3] train_end=2021-11-24 00:00 | val_start=2021-12-01 16:00 | gap=184h (22 rows)
    [CV fold 4] train_end=2022-03-25 16:00 | val_start=2022-04-04 08:00 | gap=232h (22 rows)
    [trial 0] Sharpe=-0.0577 (folds: -0.1950, 0.0695, -0.2200, 0.0044, 0.0527)
    [trial 1] 14 features, training_days=410 | threshold=0.693 | labels: 1005 long, 1134 short (47/53%)
    [trial 1] Sharpe=-0.1428 (folds: -0.1540, 0.0228, -0.1434, -0.1552, -0.2841)
    [trial 2] 14 features, training_days=270 | threshold=0.546 | labels: 1005 long, 1134 short (47/53%)
    [trial 2] Sharpe=-0.0860 (folds: -0.1652, 0.0918, -0.0989, -0.0415, -0.2162)
    [trial 3] 14 features, training_days=270 | threshold=0.600 | labels: 1005 long, 1134 short (47/53%)
    [trial 3] Sharpe=-0.0495 (folds: -0.1452, 0.0757, -0.0685, -0.0781, -0.0315)
    [trial 4] 14 features, training_days=390 | threshold=0.764 | labels: 1005 long, 1134 short (47/53%)
    [trial 4] Sharpe=-0.1277 (folds: -0.2358, 0.0347, 0.0138, -0.1451, -0.3059)
    [trial 5] 14 features, training_days=60 | threshold=0.603 | labels: 1005 long, 1134 short (47/53%)
    [trial 5] Sharpe=-0.0803 (folds: -0.0361, -0.0108, -0.1568, -0.0796, -0.1182)
    [trial 6] 14 features, training_days=290 | threshold=0.738 | labels: 1005 long, 1134 short (47/53%)
    [trial 6] Sharpe=-0.1303 (folds: -0.1714, -0.0521, -0.0860, -0.3032, -0.0387)
    [trial 7] 14 features, training_days=70 | threshold=0.564 | labels: 1005 long, 1134 short (47/53%)
    [trial 7] Sharpe=-0.0752 (folds: -0.0892, 0.1041, -0.1887, -0.1025, -0.0997)
    [trial 8] 14 features, training_days=440 | threshold=0.653 | labels: 1005 long, 1134 short (47/53%)
    [trial 8] Sharpe=-0.0792 (folds: -0.1655, 0.0576, -0.2061, -0.1341, 0.0520)
    [trial 9] 14 features, training_days=360 | threshold=0.728 | labels: 1005 long, 1134 short (47/53%)
    [trial 9] Sharpe=-0.1196 (folds: 0.0187, -0.2750, -0.2269, -0.0265, -0.0885)
  Optuna: 10 trials, best Sharpe = -0.0495
  Best params: n_estimators=382, max_depth=4, lr=0.0919, leaves=44
  Best confidence_threshold: 0.600
  Best training_days: 270
  Retrained on full data (795 samples, 14 features)
  Model trained for 2022-08: 93 test candles with features, confidence_threshold=0.600
[predict] 2022-08-01 00:00 MKRUSDT → SHORT (proba=0.70 TP=14.5%/SL=7.3%)
[trade:open] 2022-08-01 07:59 MKRUSDT SHORT @ 1106.60 | SL=1186.87 TP=946.06 | timeout=2022-08-08 07:59
[trade:close] 2022-08-08 08:00 MKRUSDT SHORT → timeout @ 1150.30 | PnL=-3.95% (net -4.05%) | cum=-4.05% 2022-08=-4.05% 2022-08-08=-4.05%
[lgbm] === Training for 2022-09 ===
  Train window: 2020-09-01 → 2022-09-01
  2175 training samples from 1 symbols
  Samples per month: 2020-09: 90, 2020-10: 93, 2020-11: 90, 2020-12: 93, 2021-01: 93, 2021-02: 84, 2021-03: 93, 2021-04: 90, 2021-05: 93, 2021-06: 90, 2021-07: 93, 2021-08: 93, 2021-09: 90, 2021-10: 93, 2021-11: 90, 2021-12: 93, 2022-01: 93, 2022-02: 75, 2022-03: 93, 2022-04: 84, 2022-05: 93, 2022-06: 90, 2022-07: 93, 2022-08: 93
  [label] 2020-11-01 16:00 MKRUSDT entry=540.2600 → SHORT | long=sl(-4.99%) short=timeout(+0.85%) | scanned=22 | no_tp→fwd_return=-0.9532
  [label] 2020-11-04 00:00 MKRUSDT entry=506.6500 → LONG | long=tp(+10.02%) short=sl(-5.16%) | scanned=9 | long_tp_only
  [label] 2020-11-07 16:00 MKRUSDT entry=520.1500 → LONG | long=timeout(+1.66%) short=sl(-5.80%) | scanned=22 | no_tp→fwd_return=+1.7591
  [label] 2020-12-02 16:00 MKRUSDT entry=560.6100 → SHORT | long=sl(-6.35%) short=sl(-6.35%) | scanned=6 | no_tp→fwd_return=-6.3698
  [label] 2021-01-24 00:00 MKRUSDT entry=1434.8000 → LONG | long=timeout(+4.96%) short=sl(-12.33%) | scanned=22 | no_tp→fwd_return=+5.0551
  [label] 2021-07-09 16:00 MKRUSDT entry=2706.6000 → SHORT | long=sl(-8.59%) short=timeout(+10.55%) | scanned=22 | no_tp→fwd_return=-10.6517
  [label] 2021-07-13 16:00 MKRUSDT entry=2526.0000 → SHORT | long=sl(-7.55%) short=tp(+14.79%) | scanned=19 | short_tp_only
  [label] 2021-07-24 08:00 MKRUSDT entry=2529.0000 → LONG | long=tp(+12.13%) short=sl(-6.21%) | scanned=7 | long_tp_only
  [label] 2021-09-07 08:00 MKRUSDT entry=3082.8000 → SHORT | long=sl(-8.21%) short=timeout(+4.96%) | scanned=22 | no_tp→fwd_return=-5.0636
  [label] 2021-09-16 00:00 MKRUSDT entry=3124.4000 → SHORT | long=sl(-7.15%) short=tp(+14.01%) | scanned=12 | short_tp_only
  [label] 2021-12-15 16:00 MKRUSDT entry=2378.0000 → LONG | long=timeout(+2.75%) short=timeout(-2.95%) | scanned=22 | no_tp→fwd_return=+2.8469
  [label] 2022-01-16 16:00 MKRUSDT entry=2253.4000 → SHORT | long=sl(-5.21%) short=tp(+10.11%) | scanned=7 | short_tp_only
  [label] 2022-02-01 16:00 MKRUSDT entry=2194.5000 → LONG | long=timeout(+0.35%) short=sl(-6.21%) | scanned=22 | no_tp→fwd_return=+0.4466
  [label] 2022-02-14 16:00 MKRUSDT entry=1935.2000 → SHORT | long=sl(-6.52%) short=sl(-6.52%) | scanned=17 | no_tp→fwd_return=-6.8365
  [label] 2022-03-08 00:00 MKRUSDT entry=1762.6000 → SHORT | long=timeout(-1.72%) short=sl(-8.16%) | scanned=22 | no_tp→fwd_return=-1.6226
  [label] 2022-03-14 08:00 MKRUSDT entry=1746.6000 → LONG | long=tp(+12.84%) short=sl(-6.57%) | scanned=7 | long_tp_only
  [label] 2022-03-26 16:00 MKRUSDT entry=2013.4000 → LONG | long=tp(+9.43%) short=sl(-4.87%) | scanned=8 | long_tp_only
  [label] 2022-05-07 08:00 MKRUSDT entry=1328.2000 → SHORT | long=sl(-7.65%) short=tp(+15.00%) | scanned=6 | short_tp_only
  [label] 2022-05-17 08:00 MKRUSDT entry=1579.9000 → SHORT | long=sl(-14.53%) short=timeout(+18.76%) | scanned=22 | no_tp→fwd_return=-18.8620
  [label] 2022-08-11 16:00 MKRUSDT entry=1081.4000 → SHORT | long=sl(-6.92%) short=tp(+13.54%) | scanned=18 | short_tp_only[I 2026-05-06 02:22:07,985] A new study created in memory with name: no-name-87eb3896-8d38-43b3-9fc1-51fd3683ee65
[I 2026-05-06 02:22:08,291] Trial 0 finished with value: -0.16580176201108626 and parameters: {'confidence_threshold': 0.7790993046299082, 'training_days': 230, 'n_estimators': 295, 'max_depth': 5, 'num_leaves': 83, 'learning_rate': 0.051543455158230854, 'subsample': 0.8773243492079463, 'min_child_samples': 10, 'reg_alpha': 0.034096514368237685, 'reg_lambda': 3.154180388637081e-05}. Best is trial 0 with value: -0.16580176201108626.
[I 2026-05-06 02:22:08,430] Trial 1 finished with value: -0.12201577915852335 and parameters: {'confidence_threshold': 0.6929247853618086, 'training_days': 410, 'n_estimators': 233, 'max_depth': 5, 'num_leaves': 108, 'learning_rate': 0.013724237108071606, 'subsample': 0.7013182233636002, 'min_child_samples': 94, 'reg_alpha': 2.4040959529260723e-06, 'reg_lambda': 5.320966582161148}. Best is trial 1 with value: -0.12201577915852335.
[I 2026-05-06 02:22:08,487] Trial 2 finished with value: -0.1350310480973421 and parameters: {'confidence_threshold': 0.546341527225763, 'training_days': 270, 'n_estimators': 120, 'max_depth': 4, 'num_leaves': 53, 'learning_rate': 0.060197068579343475, 'subsample': 0.588227873455941, 'min_child_samples': 91, 'reg_alpha': 2.3457771824819002e-08, 'reg_lambda': 1.1358840775642732e-08}. Best is trial 1 with value: -0.12201577915852335.
[I 2026-05-06 02:22:08,658] Trial 3 finished with value: -0.12814993629938048 and parameters: {'confidence_threshold': 0.6000319676300473, 'training_days': 270, 'n_estimators': 382, 'max_depth': 4, 'num_leaves': 44, 'learning_rate': 0.09185046765032388, 'subsample': 0.6743651508646724, 'min_child_samples': 77, 'reg_alpha': 0.0013974578104212739, 'reg_lambda': 8.97190257982477e-08}. Best is trial 1 with value: -0.12201577915852335.
[I 2026-05-06 02:22:09,047] Trial 4 finished with value: -0.1204160973293836 and parameters: {'confidence_threshold': 0.7642618789055509, 'training_days': 390, 'n_estimators': 464, 'max_depth': 5, 'num_leaves': 30, 'learning_rate': 0.024562383309704932, 'subsample': 0.8612975035964376, 'min_child_samples': 36, 'reg_alpha': 1.593999300080167, 'reg_lambda': 0.006081270362829788}. Best is trial 4 with value: -0.1204160973293836.
[I 2026-05-06 02:22:09,202] Trial 5 finished with value: -0.12505196516281045 and parameters: {'confidence_threshold': 0.6029115860358569, 'training_days': 60, 'n_estimators': 441, 'max_depth': 3, 'num_leaves': 66, 'learning_rate': 0.044953114425778824, 'subsample': 0.7098948461279406, 'min_child_samples': 15, 'reg_alpha': 4.888753565548431e-07, 'reg_lambda': 4.198190642566389}. Best is trial 4 with value: -0.1204160973293836.
[I 2026-05-06 02:22:09,433] Trial 6 finished with value: -0.14901305427835426 and parameters: {'confidence_threshold': 0.7376932868314098, 'training_days': 290, 'n_estimators': 249, 'max_depth': 5, 'num_leaves': 121, 'learning_rate': 0.015565840632862623, 'subsample': 0.8390183783709677, 'min_child_samples': 19, 'reg_alpha': 1.860444687368747e-08, 'reg_lambda': 2.7391483548058117e-06}. Best is trial 4 with value: -0.1204160973293836.
[I 2026-05-06 02:22:09,468] Trial 7 finished with value: -0.17083671472483053 and parameters: {'confidence_threshold': 0.563503962036334, 'training_days': 70, 'n_estimators': 63, 'max_depth': 3, 'num_leaves': 47, 'learning_rate': 0.18074927623018475, 'subsample': 0.5059692991701257, 'min_child_samples': 9, 'reg_alpha': 3.6945804405602874e-08, 'reg_lambda': 0.027706035542028905}. Best is trial 4 with value: -0.1204160973293836.
[I 2026-05-06 02:22:09,553] Trial 8 finished with value: -0.2544403732408821 and parameters: {'confidence_threshold': 0.6525471176758836, 'training_days': 440, 'n_estimators': 116, 'max_depth': 4, 'num_leaves': 115, 'learning_rate': 0.010229952960863938, 'subsample': 0.5062159465415076, 'min_child_samples': 54, 'reg_alpha': 6.790626457822126e-06, 'reg_lambda': 1.7869141074987722e-05}. Best is trial 4 with value: -0.1204160973293836.
[I 2026-05-06 02:22:09,641] Trial 9 finished with value: -2.159848229978075 and parameters: {'confidence_threshold': 0.7277571993354469, 'training_days': 360, 'n_estimators': 75, 'max_depth': 5, 'num_leaves': 41, 'learning_rate': 0.014186743931212992, 'subsample': 0.7445187273047605, 'min_child_samples': 22, 'reg_alpha': 0.02393227447113315, 'reg_lambda': 0.009236766173618426}. Best is trial 4 with value: -0.1204160973293836.
[I 2026-05-06 02:22:09,981] A new study created in memory with name: no-name-1a07b33f-08f7-4878-b915-fc0647c96eb8
[I 2026-05-06 02:22:10,249] Trial 0 finished with value: -0.1525707861682796 and parameters: {'confidence_threshold': 0.7790993046299082, 'training_days': 230, 'n_estimators': 295, 'max_depth': 5, 'num_leaves': 83, 'learning_rate': 0.051543455158230854, 'subsample': 0.8773243492079463, 'min_child_samples': 10, 'reg_alpha': 0.034096514368237685, 'reg_lambda': 3.154180388637081e-05}. Best is trial 0 with value: -0.1525707861682796.
[I 2026-05-06 02:22:10,397] Trial 1 finished with value: -0.1960867153853144 and parameters: {'confidence_threshold': 0.6929247853618086, 'training_days': 410, 'n_estimators': 233, 'max_depth': 5, 'num_leaves': 108, 'learning_rate': 0.013724237108071606, 'subsample': 0.7013182233636002, 'min_child_samples': 94, 'reg_alpha': 2.4040959529260723e-06, 'reg_lambda': 5.320966582161148}. Best is trial 0 with value: -0.1525707861682796.
[I 2026-05-06 02:22:10,483] Trial 2 finished with value: -0.16295759241869476 and parameters: {'confidence_threshold': 0.546341527225763, 'training_days': 270, 'n_estimators': 120, 'max_depth': 4, 'num_leaves': 53, 'learning_rate': 0.060197068579343475, 'subsample': 0.588227873455941, 'min_child_samples': 91, 'reg_alpha': 2.3457771824819002e-08, 'reg_lambda': 1.1358840775642732e-08}. Best is trial 0 with value: -0.1525707861682796.
[I 2026-05-06 02:22:10,663] Trial 3 finished with value: -0.13564289073046235 and parameters: {'confidence_threshold': 0.6000319676300473, 'training_days': 270, 'n_estimators': 382, 'max_depth': 4, 'num_leaves': 44, 'learning_rate': 0.09185046765032388, 'subsample': 0.6743651508646724, 'min_child_samples': 77, 'reg_alpha': 0.0013974578104212739, 'reg_lambda': 8.97190257982477e-08}. Best is trial 3 with value: -0.13564289073046235.
[I 2026-05-06 02:22:11,079] Trial 4 finished with value: -0.11707965746470447 and parameters: {'confidence_threshold': 0.7642618789055509, 'training_days': 390, 'n_estimators': 464, 'max_depth': 5, 'num_leaves': 30, 'learning_rate': 0.024562383309704932, 'subsample': 0.8612975035964376, 'min_child_samples': 36, 'reg_alpha': 1.593999300080167, 'reg_lambda': 0.006081270362829788}. Best is trial 4 with value: -0.11707965746470447.
[I 2026-05-06 02:22:11,219] Trial 5 finished with value: -0.0018928463616899095 and parameters: {'confidence_threshold': 0.6029115860358569, 'training_days': 60, 'n_estimators': 441, 'max_depth': 3, 'num_leaves': 66, 'learning_rate': 0.044953114425778824, 'subsample': 0.7098948461279406, 'min_child_samples': 15, 'reg_alpha': 4.888753565548431e-07, 'reg_lambda': 4.198190642566389}. Best is trial 5 with value: -0.0018928463616899095.
[I 2026-05-06 02:22:11,452] Trial 6 finished with value: -0.26121200903710745 and parameters: {'confidence_threshold': 0.7376932868314098, 'training_days': 290, 'n_estimators': 249, 'max_depth': 5, 'num_leaves': 121, 'learning_rate': 0.015565840632862623, 'subsample': 0.8390183783709677, 'min_child_samples': 19, 'reg_alpha': 1.860444687368747e-08, 'reg_lambda': 2.7391483548058117e-06}. Best is trial 5 with value: -0.0018928463616899095.
