[I 2026-05-06 02:24:48,069] Trial 1 finished with value: -0.0022165969962510577 and parameters: {'confidence_threshold': 0.6929247853618086, 'training_days': 410, 'n_estimators': 233, 'max_depth': 5, 'num_leaves': 108, 'learning_rate': 0.013724237108071606, 'subsample': 0.7013182233636002, 'min_child_samples': 94, 'reg_alpha': 2.4040959529260723e-06, 'reg_lambda': 5.320966582161148}. Best is trial 1 with value: -0.0022165969962510577.
[I 2026-05-06 02:24:48,137] Trial 2 finished with value: 0.023812882106860216 and parameters: {'confidence_threshold': 0.546341527225763, 'training_days': 270, 'n_estimators': 120, 'max_depth': 4, 'num_leaves': 53, 'learning_rate': 0.060197068579343475, 'subsample': 0.588227873455941, 'min_child_samples': 91, 'reg_alpha': 2.3457771824819002e-08, 'reg_lambda': 1.1358840775642732e-08}. Best is trial 2 with value: 0.023812882106860216.
[I 2026-05-06 02:24:48,313] Trial 3 finished with value: 0.019762111520920965 and parameters: {'confidence_threshold': 0.6000319676300473, 'training_days': 270, 'n_estimators': 382, 'max_depth': 4, 'num_leaves': 44, 'learning_rate': 0.09185046765032388, 'subsample': 0.6743651508646724, 'min_child_samples': 77, 'reg_alpha': 0.0013974578104212739, 'reg_lambda': 8.97190257982477e-08}. Best is trial 2 with value: 0.023812882106860216.
[I 2026-05-06 02:24:48,678] Trial 4 finished with value: 0.009089846238642636 and parameters: {'confidence_threshold': 0.7642618789055509, 'training_days': 390, 'n_estimators': 464, 'max_depth': 5, 'num_leaves': 30, 'learning_rate': 0.024562383309704932, 'subsample': 0.8612975035964376, 'min_child_samples': 36, 'reg_alpha': 1.593999300080167, 'reg_lambda': 0.006081270362829788}. Best is trial 2 with value: 0.023812882106860216.
[I 2026-05-06 02:24:48,825] Trial 5 finished with value: -0.059364455987224264 and parameters: {'confidence_threshold': 0.6029115860358569, 'training_days': 60, 'n_estimators': 441, 'max_depth': 3, 'num_leaves': 66, 'learning_rate': 0.044953114425778824, 'subsample': 0.7098948461279406, 'min_child_samples': 15, 'reg_alpha': 4.888753565548431e-07, 'reg_lambda': 4.198190642566389}. Best is trial 2 with value: 0.023812882106860216.
[I 2026-05-06 02:24:49,046] Trial 6 finished with value: -0.05241678378904167 and parameters: {'confidence_threshold': 0.7376932868314098, 'training_days': 290, 'n_estimators': 249, 'max_depth': 5, 'num_leaves': 121, 'learning_rate': 0.015565840632862623, 'subsample': 0.8390183783709677, 'min_child_samples': 19, 'reg_alpha': 1.860444687368747e-08, 'reg_lambda': 2.7391483548058117e-06}. Best is trial 2 with value: 0.023812882106860216.
[I 2026-05-06 02:24:49,085] Trial 7 finished with value: -0.012603438911785994 and parameters: {'confidence_threshold': 0.563503962036334, 'training_days': 70, 'n_estimators': 63, 'max_depth': 3, 'num_leaves': 47, 'learning_rate': 0.18074927623018475, 'subsample': 0.5059692991701257, 'min_child_samples': 9, 'reg_alpha': 3.6945804405602874e-08, 'reg_lambda': 0.027706035542028905}. Best is trial 2 with value: 0.023812882106860216.
[I 2026-05-06 02:24:49,176] Trial 8 finished with value: -0.052876325459358275 and parameters: {'confidence_threshold': 0.6525471176758836, 'training_days': 440, 'n_estimators': 116, 'max_depth': 4, 'num_leaves': 115, 'learning_rate': 0.010229952960863938, 'subsample': 0.5062159465415076, 'min_child_samples': 54, 'reg_alpha': 6.790626457822126e-06, 'reg_lambda': 1.7869141074987722e-05}. Best is trial 2 with value: 0.023812882106860216.
[I 2026-05-06 02:24:49,277] Trial 9 finished with value: -0.12201692773310016 and parameters: {'confidence_threshold': 0.7277571993354469, 'training_days': 360, 'n_estimators': 75, 'max_depth': 5, 'num_leaves': 41, 'learning_rate': 0.014186743931212992, 'subsample': 0.7445187273047605, 'min_child_samples': 22, 'reg_alpha': 0.02393227447113315, 'reg_lambda': 0.009236766173618426}. Best is trial 2 with value: 0.023812882106860216.
[I 2026-05-06 02:24:49,685] A new study created in memory with name: no-name-d1f3cd62-6f26-4078-bc8c-805e8823ef4f
[I 2026-05-06 02:24:49,956] Trial 0 finished with value: -0.03389569267099092 and parameters: {'confidence_threshold': 0.7790993046299082, 'training_days': 230, 'n_estimators': 295, 'max_depth': 5, 'num_leaves': 83, 'learning_rate': 0.051543455158230854, 'subsample': 0.8773243492079463, 'min_child_samples': 10, 'reg_alpha': 0.034096514368237685, 'reg_lambda': 3.154180388637081e-05}. Best is trial 0 with value: -0.03389569267099092.
[I 2026-05-06 02:24:50,094] Trial 1 finished with value: 0.02562331957181661 and parameters: {'confidence_threshold': 0.6929247853618086, 'training_days': 410, 'n_estimators': 233, 'max_depth': 5, 'num_leaves': 108, 'learning_rate': 0.013724237108071606, 'subsample': 0.7013182233636002, 'min_child_samples': 94, 'reg_alpha': 2.4040959529260723e-06, 'reg_lambda': 5.320966582161148}. Best is trial 1 with value: 0.02562331957181661.
[I 2026-05-06 02:24:50,163] Trial 2 finished with value: -0.0798434220048583 and parameters: {'confidence_threshold': 0.546341527225763, 'training_days': 270, 'n_estimators': 120, 'max_depth': 4, 'num_leaves': 53, 'learning_rate': 0.060197068579343475, 'subsample': 0.588227873455941, 'min_child_samples': 91, 'reg_alpha': 2.3457771824819002e-08, 'reg_lambda': 1.1358840775642732e-08}. Best is trial 1 with value: 0.02562331957181661.
[I 2026-05-06 02:24:50,346] Trial 3 finished with value: -0.025273915797105796 and parameters: {'confidence_threshold': 0.6000319676300473, 'training_days': 270, 'n_estimators': 382, 'max_depth': 4, 'num_leaves': 44, 'learning_rate': 0.09185046765032388, 'subsample': 0.6743651508646724, 'min_child_samples': 77, 'reg_alpha': 0.0013974578104212739, 'reg_lambda': 8.97190257982477e-08}. Best is trial 1 with value: 0.02562331957181661.
[I 2026-05-06 02:24:50,765] Trial 4 finished with value: -0.010371482665921822 and parameters: {'confidence_threshold': 0.7642618789055509, 'training_days': 390, 'n_estimators': 464, 'max_depth': 5, 'num_leaves': 30, 'learning_rate': 0.024562383309704932, 'subsample': 0.8612975035964376, 'min_child_samples': 36, 'reg_alpha': 1.593999300080167, 'reg_lambda': 0.006081270362829788}. Best is trial 1 with value: 0.02562331957181661.

  [label] 2022-12-11 16:00 TRXUSDT entry=0.0539 → LONG | long=sl(-2.36%) short=sl(-2.36%) | scanned=7 | no_tp→fwd_return=+1.8913
  Labels: 1181 long (54.3%), 994 short (45.7%) | weights: min=1.00, mean=2.90, max=10.00
  Features: 2175/2175 matched, 14 columns
  CV gap: 22 rows
    [trial 0] 14 features, training_days=230 | threshold=0.779 | labels: 1181 long, 994 short (54/46%)
    [CV fold 0] train_end=2021-04-25 00:00 | val_start=2021-05-02 16:00 | gap=184h (22 rows)
    [CV fold 1] train_end=2021-08-23 16:00 | val_start=2021-08-31 08:00 | gap=184h (22 rows)
    [CV fold 2] train_end=2021-12-22 08:00 | val_start=2021-12-30 00:00 | gap=184h (22 rows)
    [CV fold 3] train_end=2022-04-27 00:00 | val_start=2022-05-04 16:00 | gap=184h (22 rows)
    [CV fold 4] train_end=2022-08-25 16:00 | val_start=2022-09-02 08:00 | gap=184h (22 rows)
    [trial 0] Sharpe=-0.0108 (folds: -0.1789, 0.2458, 0.2062, -0.4705, 0.1432)
    [trial 1] 14 features, training_days=410 | threshold=0.693 | labels: 1181 long, 994 short (54/46%)
    [trial 1] Sharpe=-0.0022 (folds: -0.1866, 0.1083, 0.0746, -0.1954, 0.1880)
    [trial 2] 14 features, training_days=270 | threshold=0.546 | labels: 1181 long, 994 short (54/46%)
    [trial 2] Sharpe=0.0238 (folds: -0.1231, 0.1326, 0.0298, -0.1117, 0.1916)
    [trial 3] 14 features, training_days=270 | threshold=0.600 | labels: 1181 long, 994 short (54/46%)
    [trial 3] Sharpe=0.0198 (folds: -0.1538, 0.1561, 0.0481, -0.0837, 0.1322)
    [trial 4] 14 features, training_days=390 | threshold=0.764 | labels: 1181 long, 994 short (54/46%)
    [trial 4] Sharpe=0.0091 (folds: -0.2799, 0.1980, 0.3103, -0.1859, 0.0029)
    [trial 5] 14 features, training_days=60 | threshold=0.603 | labels: 1181 long, 994 short (54/46%)
    [trial 5] Sharpe=-0.0594 (folds: -0.1846, 0.0532, -0.0783, 0.1090, -0.1961)
    [trial 6] 14 features, training_days=290 | threshold=0.738 | labels: 1181 long, 994 short (54/46%)
    [trial 6] Sharpe=-0.0524 (folds: -0.2827, 0.3209, 0.3878, -0.7375, 0.0494)
    [trial 7] 14 features, training_days=70 | threshold=0.564 | labels: 1181 long, 994 short (54/46%)
    [trial 7] Sharpe=-0.0126 (folds: -0.0004, -0.1080, 0.1014, 0.0790, -0.1351)
    [trial 8] 14 features, training_days=440 | threshold=0.653 | labels: 1181 long, 994 short (54/46%)
    [trial 8] Sharpe=-0.0529 (folds: -0.1877, 0.1395, 0.0498, -0.0482, -0.2179)
    [trial 9] 14 features, training_days=360 | threshold=0.728 | labels: 1181 long, 994 short (54/46%)
    [trial 9] Sharpe=-0.1220 (folds: -0.3632, 0.6773, 0.3481, -1.1641, -0.1082)
  Optuna: 10 trials, best Sharpe = 0.0238
  Best params: n_estimators=120, max_depth=4, lr=0.0602, leaves=53
  Best confidence_threshold: 0.546
  Best training_days: 270
  Retrained on full data (810 samples, 14 features)
  Model trained for 2023-01: 93 test candles with features, confidence_threshold=0.546
[predict] 2023-01-15 08:00 TRXUSDT → SHORT (proba=0.89 TP=7.6%/SL=3.8%)
[trade:open] 2023-01-15 15:59 TRXUSDT SHORT @ 0.06 | SL=0.06 TP=0.06 | timeout=2023-01-22 15:59
[trade:close] 2023-01-22 16:00 TRXUSDT SHORT → timeout @ 0.06 | PnL=+0.26% (net +0.16%) | cum=-11.01% 2023-01=+0.16% 2023-01-22=+0.16%
[predict] 2023-01-24 00:00 TRXUSDT → SHORT (proba=0.91 TP=6.5%/SL=3.3%)
[trade:open] 2023-01-24 07:59 TRXUSDT SHORT @ 0.06 | SL=0.07 TP=0.06 | timeout=2023-01-31 07:59
[trade:close] 2023-01-31 08:00 TRXUSDT SHORT → timeout @ 0.06 | PnL=-0.02% (net -0.12%) | cum=-11.12% 2023-01=+0.04% 2023-01-31=-0.12%
[lgbm] === Training for 2023-02 ===
  Train window: 2021-02-01 → 2023-02-01
  2175 training samples from 1 symbols
  Samples per month: 2021-02: 84, 2021-03: 93, 2021-04: 90, 2021-05: 93, 2021-06: 90, 2021-07: 93, 2021-08: 93, 2021-09: 90, 2021-10: 93, 2021-11: 90, 2021-12: 93, 2022-01: 93, 2022-02: 75, 2022-03: 93, 2022-04: 84, 2022-05: 93, 2022-06: 90, 2022-07: 93, 2022-08: 93, 2022-09: 90, 2022-10: 93, 2022-11: 90, 2022-12: 93, 2023-01: 93
  [label] 2021-04-03 16:00 TRXUSDT entry=0.1017 → LONG | long=tp(+17.30%) short=sl(-8.80%) | scanned=2 | long_tp_only
  [label] 2021-04-06 00:00 TRXUSDT entry=0.1332 → SHORT | long=sl(-9.16%) short=tp(+18.02%) | scanned=3 | short_tp_only
  [label] 2021-04-09 16:00 TRXUSDT entry=0.1159 → LONG | long=tp(+23.28%) short=sl(-11.79%) | scanned=11 | long_tp_only
  [label] 2021-05-04 16:00 TRXUSDT entry=0.1192 → LONG | long=tp(+19.15%) short=sl(-9.73%) | scanned=3 | long_tp_only
  [label] 2021-06-26 00:00 TRXUSDT entry=0.0597 → LONG | long=timeout(+11.99%) short=sl(-9.63%) | scanned=22 | no_tp→fwd_return=+12.0918
  [label] 2021-12-09 16:00 TRXUSDT entry=0.0885 → SHORT | long=sl(-6.53%) short=timeout(+3.56%) | scanned=22 | no_tp→fwd_return=-3.6594
  [label] 2021-12-13 16:00 TRXUSDT entry=0.0849 → SHORT | long=sl(-5.90%) short=tp(+11.49%) | scanned=20 | short_tp_only
  [label] 2021-12-24 08:00 TRXUSDT entry=0.0822 → SHORT | long=sl(-4.41%) short=timeout(+5.41%) | scanned=22 | no_tp→fwd_return=-5.5136
  [label] 2022-02-07 08:00 TRXUSDT entry=0.0685 → SHORT | long=sl(-3.96%) short=sl(-3.96%) | scanned=12 | no_tp→fwd_return=-3.1693
  [label] 2022-02-16 00:00 TRXUSDT entry=0.0664 → SHORT | long=sl(-3.86%) short=tp(+7.42%) | scanned=12 | short_tp_only
  [label] 2022-05-22 16:00 TRXUSDT entry=0.0781 → LONG | long=timeout(+2.96%) short=sl(-7.60%) | scanned=22 | no_tp→fwd_return=+3.0590
  [label] 2022-06-23 16:00 TRXUSDT entry=0.0637 → LONG | long=timeout(+1.52%) short=sl(-8.14%) | scanned=22 | no_tp→fwd_return=+1.6164
  [label] 2022-07-09 16:00 TRXUSDT entry=0.0697 → SHORT | long=sl(-3.96%) short=tp(+7.62%) | scanned=7 | short_tp_only
  [label] 2022-07-22 16:00 TRXUSDT entry=0.0669 → LONG | long=sl(-3.45%) short=sl(-3.45%) | scanned=17 | no_tp→fwd_return=+3.3622
  [label] 2022-08-10 00:00 TRXUSDT entry=0.0685 → LONG | long=tp(+5.50%) short=sl(-2.90%) | scanned=13 | long_tp_only
  [label] 2022-08-16 08:00 TRXUSDT entry=0.0698 → SHORT | long=sl(-2.81%) short=tp(+5.32%) | scanned=8 | short_tp_only
  [label] 2022-08-28 16:00 TRXUSDT entry=0.0614 → LONG | long=tp(+5.57%) short=sl(-2.93%) | scanned=5 | long_tp_only
  [label] 2022-10-07 08:00 TRXUSDT entry=0.0623 → LONG | long=tp(+4.16%) short=sl(-2.23%) | scanned=9 | long_tp_only
  [label] 2022-10-17 08:00 TRXUSDT entry=0.0622 → SHORT | long=timeout(-1.29%) short=timeout(+1.09%) | scanned=22 | no_tp→fwd_return=-1.1903
  [label] 2023-01-11 16:00 TRXUSDT entry=0.0565 → LONG | long=tp(+6.16%) short=sl(-3.23%) | scanned=6 | long_tp_only
  Labels: 1185 long (54.5%), 990 short (45.5%) | weights: min=1.00, mean=2.83, max=10.00
  Features: 2175/2175 matched, 14 columns
  CV gap: 22 rows
    [trial 0] 14 features, training_days=230 | threshold=0.779 | labels: 1185 long, 990 short (54/46%)
    [CV fold 0] train_end=2021-05-26 00:00 | val_start=2021-06-02 16:00 | gap=184h (22 rows)
    [CV fold 1] train_end=2021-09-23 16:00 | val_start=2021-10-01 08:00 | gap=184h (22 rows)
    [CV fold 2] train_end=2022-01-22 08:00 | val_start=2022-01-30 00:00 | gap=184h (22 rows)
    [CV fold 3] train_end=2022-05-28 00:00 | val_start=2022-06-04 16:00 | gap=184h (22 rows)
    [CV fold 4] train_end=2022-09-25 16:00 | val_start=2022-10-03 08:00 | gap=184h (22 rows)
    [trial 0] Sharpe=-0.0339 (folds: 0.0265, 0.1366, -0.2476, -0.1892, 0.1043)
    [trial 1] 14 features, training_days=410 | threshold=0.693 | labels: 1185 long, 990 short (54/46%)
    [trial 1] Sharpe=0.0256 (folds: -0.0336, 0.0404, 0.1972, -0.2327, 0.1569)
    [trial 2] 14 features, training_days=270 | threshold=0.546 | labels: 1185 long, 990 short (54/46%)
    [trial 2] Sharpe=-0.0798 (folds: -0.0815, 0.0986, -0.2043, -0.1987, -0.0133)
    [trial 3] 14 features, training_days=270 | threshold=0.600 | labels: 1185 long, 990 short (54/46%)
    [trial 3] Sharpe=-0.0253 (folds: 0.0088, 0.1090, -0.2201, -0.0571, 0.0330)
    [trial 4] 14 features, training_days=390 | threshold=0.764 | labels: 1185 long, 990 short (54/46%)
    [trial 4] Sharpe=-0.0104 (folds: -0.0238, 0.2103, 0.2546, -0.4287, -0.0643)
    [trial 5] 14 features, training_days=60 | threshold=0.603 | labels: 1185 long, 990 short (54/46%)
    [trial 5] Sharpe=-0.0809 (folds: 0.0361, -0.1051, -0.2431, 0.1728, -0.2651)[I 2026-05-06 02:24:50,910] Trial 5 finished with value: -0.08089314680133948 and parameters: {'confidence_threshold': 0.6029115860358569, 'training_days': 60, 'n_estimators': 441, 'max_depth': 3, 'num_leaves': 66, 'learning_rate': 0.044953114425778824, 'subsample': 0.7098948461279406, 'min_child_samples': 15, 'reg_alpha': 4.888753565548431e-07, 'reg_lambda': 4.198190642566389}. Best is trial 1 with value: 0.02562331957181661.
[I 2026-05-06 02:24:51,140] Trial 6 finished with value: 0.05599318392535042 and parameters: {'confidence_threshold': 0.7376932868314098, 'training_days': 290, 'n_estimators': 249, 'max_depth': 5, 'num_leaves': 121, 'learning_rate': 0.015565840632862623, 'subsample': 0.8390183783709677, 'min_child_samples': 19, 'reg_alpha': 1.860444687368747e-08, 'reg_lambda': 2.7391483548058117e-06}. Best is trial 6 with value: 0.05599318392535042.
[I 2026-05-06 02:24:51,177] Trial 7 finished with value: -0.04034928000087966 and parameters: {'confidence_threshold': 0.563503962036334, 'training_days': 70, 'n_estimators': 63, 'max_depth': 3, 'num_leaves': 47, 'learning_rate': 0.18074927623018475, 'subsample': 0.5059692991701257, 'min_child_samples': 9, 'reg_alpha': 3.6945804405602874e-08, 'reg_lambda': 0.027706035542028905}. Best is trial 6 with value: 0.05599318392535042.
[I 2026-05-06 02:24:51,264] Trial 8 finished with value: -0.07401625058286232 and parameters: {'confidence_threshold': 0.6525471176758836, 'training_days': 440, 'n_estimators': 116, 'max_depth': 4, 'num_leaves': 115, 'learning_rate': 0.010229952960863938, 'subsample': 0.5062159465415076, 'min_child_samples': 54, 'reg_alpha': 6.790626457822126e-06, 'reg_lambda': 1.7869141074987722e-05}. Best is trial 6 with value: 0.05599318392535042.
[I 2026-05-06 02:24:51,366] Trial 9 finished with value: -1.9818237992507926 and parameters: {'confidence_threshold': 0.7277571993354469, 'training_days': 360, 'n_estimators': 75, 'max_depth': 5, 'num_leaves': 41, 'learning_rate': 0.014186743931212992, 'subsample': 0.7445187273047605, 'min_child_samples': 22, 'reg_alpha': 0.02393227447113315, 'reg_lambda': 0.009236766173618426}. Best is trial 6 with value: 0.05599318392535042.
[I 2026-05-06 02:24:51,812] A new study created in memory with name: no-name-e29f3d04-9c20-4536-a3eb-7059db338827
[I 2026-05-06 02:24:52,088] Trial 0 finished with value: -0.009861609904320622 and parameters: {'confidence_threshold': 0.7790993046299082, 'training_days': 230, 'n_estimators': 295, 'max_depth': 5, 'num_leaves': 83, 'learning_rate': 0.051543455158230854, 'subsample': 0.8773243492079463, 'min_child_samples': 10, 'reg_alpha': 0.034096514368237685, 'reg_lambda': 3.154180388637081e-05}. Best is trial 0 with value: -0.009861609904320622.
[I 2026-05-06 02:24:52,215] Trial 1 finished with value: -0.014553556971903619 and parameters: {'confidence_threshold': 0.6929247853618086, 'training_days': 410, 'n_estimators': 233, 'max_depth': 5, 'num_leaves': 108, 'learning_rate': 0.013724237108071606, 'subsample': 0.7013182233636002, 'min_child_samples': 94, 'reg_alpha': 2.4040959529260723e-06, 'reg_lambda': 5.320966582161148}. Best is trial 0 with value: -0.009861609904320622.
[I 2026-05-06 02:24:52,286] Trial 2 finished with value: 0.017683278120175942 and parameters: {'confidence_threshold': 0.546341527225763, 'training_days': 270, 'n_estimators': 120, 'max_depth': 4, 'num_leaves': 53, 'learning_rate': 0.060197068579343475, 'subsample': 0.588227873455941, 'min_child_samples': 91, 'reg_alpha': 2.3457771824819002e-08, 'reg_lambda': 1.1358840775642732e-08}. Best is trial 2 with value: 0.017683278120175942.
[I 2026-05-06 02:24:52,460] Trial 3 finished with value: 0.04935333978054578 and parameters: {'confidence_threshold': 0.6000319676300473, 'training_days': 270, 'n_estimators': 382, 'max_depth': 4, 'num_leaves': 44, 'learning_rate': 0.09185046765032388, 'subsample': 0.6743651508646724, 'min_child_samples': 77, 'reg_alpha': 0.0013974578104212739, 'reg_lambda': 8.97190257982477e-08}. Best is trial 3 with value: 0.04935333978054578.
[I 2026-05-06 02:24:52,845] Trial 4 finished with value: 0.08039027801500996 and parameters: {'confidence_threshold': 0.7642618789055509, 'training_days': 390, 'n_estimators': 464, 'max_depth': 5, 'num_leaves': 30, 'learning_rate': 0.024562383309704932, 'subsample': 0.8612975035964376, 'min_child_samples': 36, 'reg_alpha': 1.593999300080167, 'reg_lambda': 0.006081270362829788}. Best is trial 4 with value: 0.08039027801500996.
[I 2026-05-06 02:24:52,995] Trial 5 finished with value: -0.09936583480645338 and parameters: {'confidence_threshold': 0.6029115860358569, 'training_days': 60, 'n_estimators': 441, 'max_depth': 3, 'num_leaves': 66, 'learning_rate': 0.044953114425778824, 'subsample': 0.7098948461279406, 'min_child_samples': 15, 'reg_alpha': 4.888753565548431e-07, 'reg_lambda': 4.198190642566389}. Best is trial 4 with value: 0.08039027801500996.
[I 2026-05-06 02:24:53,235] Trial 6 finished with value: 0.014775036993667423 and parameters: {'confidence_threshold': 0.7376932868314098, 'training_days': 290, 'n_estimators': 249, 'max_depth': 5, 'num_leaves': 121, 'learning_rate': 0.015565840632862623, 'subsample': 0.8390183783709677, 'min_child_samples': 19, 'reg_alpha': 1.860444687368747e-08, 'reg_lambda': 2.7391483548058117e-06}. Best is trial 4 with value: 0.08039027801500996.
[I 2026-05-06 02:24:53,272] Trial 7 finished with value: -0.1317608388880835 and parameters: {'confidence_threshold': 0.563503962036334, 'training_days': 70, 'n_estimators': 63, 'max_depth': 3, 'num_leaves': 47, 'learning_rate': 0.18074927623018475, 'subsample': 0.5059692991701257, 'min_child_samples': 9, 'reg_alpha': 3.6945804405602874e-08, 'reg_lambda': 0.027706035542028905}. Best is trial 4 with value: 0.08039027801500996.
[I 2026-05-06 02:24:53,358] Trial 8 finished with value: -1.906907066763543 and parameters: {'confidence_threshold': 0.6525471176758836, 'training_days': 440, 'n_estimators': 116, 'max_depth': 4, 'num_leaves': 115, 'learning_rate': 0.010229952960863938, 'subsample': 0.5062159465415076, 'min_child_samples': 54, 'reg_alpha': 6.790626457822126e-06, 'reg_lambda': 1.7869141074987722e-05}. Best is trial 4 with value: 0.08039027801500996.
