[I 2026-05-06 02:22:56,733] Trial 0 finished with value: -0.01771543540057634 and parameters: {'confidence_threshold': 0.7790993046299082, 'training_days': 230, 'n_estimators': 295, 'max_depth': 5, 'num_leaves': 83, 'learning_rate': 0.051543455158230854, 'subsample': 0.8773243492079463, 'min_child_samples': 10, 'reg_alpha': 0.034096514368237685, 'reg_lambda': 3.154180388637081e-05}. Best is trial 0 with value: -0.01771543540057634.
[I 2026-05-06 02:22:56,888] Trial 1 finished with value: -0.07722223127253329 and parameters: {'confidence_threshold': 0.6929247853618086, 'training_days': 410, 'n_estimators': 233, 'max_depth': 5, 'num_leaves': 108, 'learning_rate': 0.013724237108071606, 'subsample': 0.7013182233636002, 'min_child_samples': 94, 'reg_alpha': 2.4040959529260723e-06, 'reg_lambda': 5.320966582161148}. Best is trial 0 with value: -0.01771543540057634.
[I 2026-05-06 02:22:56,961] Trial 2 finished with value: -0.011993309939140096 and parameters: {'confidence_threshold': 0.546341527225763, 'training_days': 270, 'n_estimators': 120, 'max_depth': 4, 'num_leaves': 53, 'learning_rate': 0.060197068579343475, 'subsample': 0.588227873455941, 'min_child_samples': 91, 'reg_alpha': 2.3457771824819002e-08, 'reg_lambda': 1.1358840775642732e-08}. Best is trial 2 with value: -0.011993309939140096.
[I 2026-05-06 02:22:57,155] Trial 3 finished with value: 0.0002625119125515829 and parameters: {'confidence_threshold': 0.6000319676300473, 'training_days': 270, 'n_estimators': 382, 'max_depth': 4, 'num_leaves': 44, 'learning_rate': 0.09185046765032388, 'subsample': 0.6743651508646724, 'min_child_samples': 77, 'reg_alpha': 0.0013974578104212739, 'reg_lambda': 8.97190257982477e-08}. Best is trial 3 with value: 0.0002625119125515829.
[I 2026-05-06 02:22:57,530] Trial 4 finished with value: -0.06895133287287139 and parameters: {'confidence_threshold': 0.7642618789055509, 'training_days': 390, 'n_estimators': 464, 'max_depth': 5, 'num_leaves': 30, 'learning_rate': 0.024562383309704932, 'subsample': 0.8612975035964376, 'min_child_samples': 36, 'reg_alpha': 1.593999300080167, 'reg_lambda': 0.006081270362829788}. Best is trial 3 with value: 0.0002625119125515829.
[I 2026-05-06 02:22:57,685] Trial 5 finished with value: -0.08232414083023777 and parameters: {'confidence_threshold': 0.6029115860358569, 'training_days': 60, 'n_estimators': 441, 'max_depth': 3, 'num_leaves': 66, 'learning_rate': 0.044953114425778824, 'subsample': 0.7098948461279406, 'min_child_samples': 15, 'reg_alpha': 4.888753565548431e-07, 'reg_lambda': 4.198190642566389}. Best is trial 3 with value: 0.0002625119125515829.
[I 2026-05-06 02:22:57,932] Trial 6 finished with value: -0.09314122137882982 and parameters: {'confidence_threshold': 0.7376932868314098, 'training_days': 290, 'n_estimators': 249, 'max_depth': 5, 'num_leaves': 121, 'learning_rate': 0.015565840632862623, 'subsample': 0.8390183783709677, 'min_child_samples': 19, 'reg_alpha': 1.860444687368747e-08, 'reg_lambda': 2.7391483548058117e-06}. Best is trial 3 with value: 0.0002625119125515829.
[I 2026-05-06 02:22:57,968] Trial 7 finished with value: -0.0029797238600404357 and parameters: {'confidence_threshold': 0.563503962036334, 'training_days': 70, 'n_estimators': 63, 'max_depth': 3, 'num_leaves': 47, 'learning_rate': 0.18074927623018475, 'subsample': 0.5059692991701257, 'min_child_samples': 9, 'reg_alpha': 3.6945804405602874e-08, 'reg_lambda': 0.027706035542028905}. Best is trial 3 with value: 0.0002625119125515829.
[I 2026-05-06 02:22:58,064] Trial 8 finished with value: -0.17258413190518979 and parameters: {'confidence_threshold': 0.6525471176758836, 'training_days': 440, 'n_estimators': 116, 'max_depth': 4, 'num_leaves': 115, 'learning_rate': 0.010229952960863938, 'subsample': 0.5062159465415076, 'min_child_samples': 54, 'reg_alpha': 6.790626457822126e-06, 'reg_lambda': 1.7869141074987722e-05}. Best is trial 3 with value: 0.0002625119125515829.
[I 2026-05-06 02:22:58,160] Trial 9 finished with value: -0.06591041555332047 and parameters: {'confidence_threshold': 0.7277571993354469, 'training_days': 360, 'n_estimators': 75, 'max_depth': 5, 'num_leaves': 41, 'learning_rate': 0.014186743931212992, 'subsample': 0.7445187273047605, 'min_child_samples': 22, 'reg_alpha': 0.02393227447113315, 'reg_lambda': 0.009236766173618426}. Best is trial 3 with value: 0.0002625119125515829.
[I 2026-05-06 02:22:58,488] A new study created in memory with name: no-name-4dde874a-cbc9-4aee-ae26-46b4664b73f0

  [label] 2023-07-12 08:00 MKRUSDT entry=910.6000 → LONG | long=sl(-7.76%) short=sl(-7.76%) | scanned=12 | no_tp→fwd_return=+7.3248
  [label] 2023-07-16 08:00 MKRUSDT entry=977.3000 → LONG | long=sl(-7.36%) short=sl(-7.36%) | scanned=12 | no_tp→fwd_return=+4.2464
  [label] 2023-07-27 00:00 MKRUSDT entry=1234.3000 → LONG | long=sl(-6.51%) short=sl(-6.51%) | scanned=8 | no_tp→fwd_return=+3.8402
  [label] 2023-09-10 08:00 MKRUSDT entry=1121.8000 → LONG | long=sl(-4.03%) short=sl(-4.03%) | scanned=10 | no_tp→fwd_return=+2.7188
  [label] 2023-09-19 00:00 MKRUSDT entry=1261.8000 → LONG | long=tp(+7.70%) short=sl(-4.00%) | scanned=5 | long_tp_only
  [label] 2023-12-19 16:00 MKRUSDT entry=1292.1000 → LONG | long=tp(+7.57%) short=sl(-3.94%) | scanned=9 | long_tp_only
  [label] 2024-01-20 16:00 MKRUSDT entry=1971.2000 → LONG | long=sl(-5.39%) short=sl(-5.39%) | scanned=12 | no_tp→fwd_return=+7.8987
  [label] 2024-02-06 00:00 MKRUSDT entry=1928.7000 → LONG | long=tp(+6.67%) short=sl(-3.49%) | scanned=20 | long_tp_only
  [label] 2024-02-19 00:00 MKRUSDT entry=2226.0000 → SHORT | long=sl(-3.34%) short=tp(+6.38%) | scanned=4 | short_tp_only
  [label] 2024-03-08 16:00 MKRUSDT entry=2092.3000 → LONG | long=tp(+11.58%) short=sl(-5.94%) | scanned=1 | long_tp_only
  [label] 2024-03-15 00:00 MKRUSDT entry=2789.1000 → LONG | long=tp(+15.49%) short=sl(-7.89%) | scanned=7 | long_tp_only
  [label] 2024-03-27 08:00 MKRUSDT entry=3158.3000 → LONG | long=tp(+13.32%) short=sl(-6.81%) | scanned=4 | long_tp_only
  [label] 2024-05-06 08:00 MKRUSDT entry=2838.0000 → SHORT | long=sl(-5.42%) short=timeout(+4.25%) | scanned=22 | no_tp→fwd_return=-4.3481
  [label] 2024-05-16 08:00 MKRUSDT entry=2722.3000 → LONG | long=tp(+7.67%) short=sl(-3.98%) | scanned=13 | long_tp_only
  [label] 2024-08-11 08:00 MKRUSDT entry=1950.1000 → LONG | long=timeout(+1.59%) short=sl(-7.49%) | scanned=22 | no_tp→fwd_return=+1.6922
  Labels: 1120 long (51.1%), 1073 short (48.9%) | weights: min=1.00, mean=3.69, max=10.00
  Features: 2193/2193 matched, 14 columns
  CV gap: 22 rows
    [trial 0] 14 features, training_days=230 | threshold=0.779 | labels: 1120 long, 1073 short (51/49%)
    [CV fold 0] train_end=2022-12-25 00:00 | val_start=2023-01-01 16:00 | gap=184h (22 rows)
    [CV fold 1] train_end=2023-04-25 16:00 | val_start=2023-05-03 08:00 | gap=184h (22 rows)
    [CV fold 2] train_end=2023-08-25 08:00 | val_start=2023-09-02 00:00 | gap=184h (22 rows)
    [CV fold 3] train_end=2023-12-25 00:00 | val_start=2024-01-01 16:00 | gap=184h (22 rows)
    [CV fold 4] train_end=2024-04-24 16:00 | val_start=2024-05-02 08:00 | gap=184h (22 rows)
    [trial 0] Sharpe=-0.0177 (folds: 0.0680, 0.1897, -0.1312, 0.0353, -0.2505)
    [trial 1] 14 features, training_days=410 | threshold=0.693 | labels: 1120 long, 1073 short (51/49%)
    [trial 1] Sharpe=-0.0772 (folds: 0.0062, 0.2133, -0.0602, -0.1886, -0.3569)
    [trial 2] 14 features, training_days=270 | threshold=0.546 | labels: 1120 long, 1073 short (51/49%)
    [trial 2] Sharpe=-0.0120 (folds: 0.0591, 0.2384, -0.0969, 0.0009, -0.2615)
    [trial 3] 14 features, training_days=270 | threshold=0.600 | labels: 1120 long, 1073 short (51/49%)
    [trial 3] Sharpe=0.0003 (folds: 0.0554, 0.2504, -0.1628, 0.0709, -0.2125)
    [trial 4] 14 features, training_days=390 | threshold=0.764 | labels: 1120 long, 1073 short (51/49%)
    [trial 4] Sharpe=-0.0690 (folds: 0.0745, 0.2261, -0.1150, -0.2947, -0.2356)
    [trial 5] 14 features, training_days=60 | threshold=0.603 | labels: 1120 long, 1073 short (51/49%)
    [trial 5] Sharpe=-0.0823 (folds: -0.0849, -0.1691, -0.2805, -0.0173, 0.1401)
    [trial 6] 14 features, training_days=290 | threshold=0.738 | labels: 1120 long, 1073 short (51/49%)
    [trial 6] Sharpe=-0.0931 (folds: 0.0524, 0.1840, -0.3012, -0.2290, -0.1718)
    [trial 7] 14 features, training_days=70 | threshold=0.564 | labels: 1120 long, 1073 short (51/49%)
    [trial 7] Sharpe=-0.0030 (folds: -0.0312, 0.0673, -0.0971, 0.0203, 0.0258)
    [trial 8] 14 features, training_days=440 | threshold=0.653 | labels: 1120 long, 1073 short (51/49%)
    [trial 8] Sharpe=-0.1726 (folds: -0.0840, 0.2610, -0.0757, -0.3877, -0.5765)
    [trial 9] 14 features, training_days=360 | threshold=0.728 | labels: 1120 long, 1073 short (51/49%)
    [trial 9] Sharpe=-0.0659 (folds: 0.0452, 0.2169, -0.1816, -0.0520, -0.3581)
  Optuna: 10 trials, best Sharpe = 0.0003
  Best params: n_estimators=382, max_depth=4, lr=0.0919, leaves=44
  Best confidence_threshold: 0.600
  Best training_days: 270
  Retrained on full data (810 samples, 14 features)
  Model trained for 2024-09: 90 test candles with features, confidence_threshold=0.600
[lgbm] === Training for 2024-10 ===
  Train window: 2022-10-01 → 2024-10-01
  2193 training samples from 1 symbols
  Samples per month: 2022-10: 93, 2022-11: 90, 2022-12: 93, 2023-01: 93, 2023-02: 84, 2023-03: 93, 2023-04: 90, 2023-05: 93, 2023-06: 90, 2023-07: 93, 2023-08: 93, 2023-09: 90, 2023-10: 93, 2023-11: 90, 2023-12: 93, 2024-01: 93, 2024-02: 87, 2024-03: 93, 2024-04: 90, 2024-05: 93, 2024-06: 90, 2024-07: 93, 2024-08: 93, 2024-09: 90
  [label] 2022-12-02 08:00 MKRUSDT entry=643.5000 → SHORT | long=sl(-4.58%) short=timeout(+4.41%) | scanned=22 | no_tp→fwd_return=-4.5066
  [label] 2022-12-04 16:00 MKRUSDT entry=648.0000 → SHORT | long=sl(-3.81%) short=tp(+7.33%) | scanned=7 | short_tp_only
  [label] 2022-12-08 08:00 MKRUSDT entry=612.2000 → SHORT | long=sl(-3.71%) short=timeout(+2.86%) | scanned=22 | no_tp→fwd_return=-2.9566
  [label] 2023-01-02 08:00 MKRUSDT entry=513.0000 → LONG | long=tp(+6.29%) short=sl(-3.30%) | scanned=14 | long_tp_only
  [label] 2023-02-24 08:00 MKRUSDT entry=721.2000 → LONG | long=sl(-6.06%) short=sl(-6.06%) | scanned=6 | no_tp→fwd_return=+5.5186
  [label] 2023-08-11 08:00 MKRUSDT entry=1243.2000 → SHORT | long=sl(-4.81%) short=tp(+9.32%) | scanned=16 | short_tp_only
  [label] 2023-08-15 08:00 MKRUSDT entry=1231.9000 → SHORT | long=sl(-3.99%) short=tp(+7.68%) | scanned=4 | short_tp_only
  [label] 2023-08-26 00:00 MKRUSDT entry=1024.1000 → LONG | long=tp(+10.49%) short=sl(-5.39%) | scanned=16 | long_tp_only
  [label] 2023-10-10 08:00 MKRUSDT entry=1355.7000 → LONG | long=tp(+9.00%) short=sl(-4.65%) | scanned=17 | long_tp_only
  [label] 2023-10-19 00:00 MKRUSDT entry=1387.3000 → LONG | long=tp(+7.31%) short=sl(-3.81%) | scanned=12 | long_tp_only
  [label] 2024-01-18 16:00 MKRUSDT entry=1989.0000 → LONG | long=sl(-5.80%) short=sl(-5.80%) | scanned=18 | no_tp→fwd_return=+6.9331
  [label] 2024-02-19 16:00 MKRUSDT entry=2159.1000 → SHORT | long=sl(-3.49%) short=tp(+6.67%) | scanned=5 | short_tp_only
  [label] 2024-03-07 00:00 MKRUSDT entry=2082.5000 → LONG | long=tp(+11.83%) short=sl(-6.07%) | scanned=6 | long_tp_only
  [label] 2024-03-20 00:00 MKRUSDT entry=2883.2000 → LONG | long=tp(+18.42%) short=sl(-9.36%) | scanned=5 | long_tp_only
  [label] 2024-04-07 16:00 MKRUSDT entry=3634.0000 → SHORT | long=sl(-5.96%) short=tp(+11.62%) | scanned=15 | short_tp_only
  [label] 2024-04-14 00:00 MKRUSDT entry=2958.6000 → LONG | long=timeout(+3.75%) short=sl(-9.20%) | scanned=22 | no_tp→fwd_return=+3.8498
  [label] 2024-04-26 08:00 MKRUSDT entry=2859.7000 → SHORT | long=sl(-6.28%) short=sl(-6.28%) | scanned=12 | no_tp→fwd_return=-6.4902
  [label] 2024-06-05 08:00 MKRUSDT entry=2682.5000 → SHORT | long=sl(-3.45%) short=tp(+6.60%) | scanned=7 | short_tp_only
  [label] 2024-06-15 08:00 MKRUSDT entry=2313.3000 → SHORT | long=sl(-4.22%) short=sl(-4.22%) | scanned=8 | no_tp→fwd_return=-4.6514
  [label] 2024-09-10 08:00 MKRUSDT entry=1571.6000 → SHORT | long=timeout(-1.41%) short=sl(-5.07%) | scanned=22 | no_tp→fwd_return=-1.3108
  Labels: 1111 long (50.7%), 1082 short (49.3%) | weights: min=1.00, mean=3.65, max=10.00
  Features: 2193/2193 matched, 14 columns
  CV gap: 22 rows
    [trial 0] 14 features, training_days=230 | threshold=0.779 | labels: 1111 long, 1082 short (51/49%)
    [CV fold 0] train_end=2023-01-24 00:00 | val_start=2023-01-31 16:00 | gap=184h (22 rows)
    [CV fold 1] train_end=2023-05-25 16:00 | val_start=2023-06-02 08:00 | gap=184h (22 rows)[I 2026-05-06 02:22:58,748] Trial 0 finished with value: -0.012464882099425999 and parameters: {'confidence_threshold': 0.7790993046299082, 'training_days': 230, 'n_estimators': 295, 'max_depth': 5, 'num_leaves': 83, 'learning_rate': 0.051543455158230854, 'subsample': 0.8773243492079463, 'min_child_samples': 10, 'reg_alpha': 0.034096514368237685, 'reg_lambda': 3.154180388637081e-05}. Best is trial 0 with value: -0.012464882099425999.
[I 2026-05-06 02:22:58,893] Trial 1 finished with value: -0.10608529940305596 and parameters: {'confidence_threshold': 0.6929247853618086, 'training_days': 410, 'n_estimators': 233, 'max_depth': 5, 'num_leaves': 108, 'learning_rate': 0.013724237108071606, 'subsample': 0.7013182233636002, 'min_child_samples': 94, 'reg_alpha': 2.4040959529260723e-06, 'reg_lambda': 5.320966582161148}. Best is trial 0 with value: -0.012464882099425999.
[I 2026-05-06 02:22:58,967] Trial 2 finished with value: 0.03056303823700169 and parameters: {'confidence_threshold': 0.546341527225763, 'training_days': 270, 'n_estimators': 120, 'max_depth': 4, 'num_leaves': 53, 'learning_rate': 0.060197068579343475, 'subsample': 0.588227873455941, 'min_child_samples': 91, 'reg_alpha': 2.3457771824819002e-08, 'reg_lambda': 1.1358840775642732e-08}. Best is trial 2 with value: 0.03056303823700169.
[I 2026-05-06 02:22:59,146] Trial 3 finished with value: -0.013753985885961406 and parameters: {'confidence_threshold': 0.6000319676300473, 'training_days': 270, 'n_estimators': 382, 'max_depth': 4, 'num_leaves': 44, 'learning_rate': 0.09185046765032388, 'subsample': 0.6743651508646724, 'min_child_samples': 77, 'reg_alpha': 0.0013974578104212739, 'reg_lambda': 8.97190257982477e-08}. Best is trial 2 with value: 0.03056303823700169.
[I 2026-05-06 02:22:59,526] Trial 4 finished with value: -0.029279835120725795 and parameters: {'confidence_threshold': 0.7642618789055509, 'training_days': 390, 'n_estimators': 464, 'max_depth': 5, 'num_leaves': 30, 'learning_rate': 0.024562383309704932, 'subsample': 0.8612975035964376, 'min_child_samples': 36, 'reg_alpha': 1.593999300080167, 'reg_lambda': 0.006081270362829788}. Best is trial 2 with value: 0.03056303823700169.
[I 2026-05-06 02:22:59,676] Trial 5 finished with value: -0.01639389021363825 and parameters: {'confidence_threshold': 0.6029115860358569, 'training_days': 60, 'n_estimators': 441, 'max_depth': 3, 'num_leaves': 66, 'learning_rate': 0.044953114425778824, 'subsample': 0.7098948461279406, 'min_child_samples': 15, 'reg_alpha': 4.888753565548431e-07, 'reg_lambda': 4.198190642566389}. Best is trial 2 with value: 0.03056303823700169.
[I 2026-05-06 02:22:59,917] Trial 6 finished with value: -0.04128801900968261 and parameters: {'confidence_threshold': 0.7376932868314098, 'training_days': 290, 'n_estimators': 249, 'max_depth': 5, 'num_leaves': 121, 'learning_rate': 0.015565840632862623, 'subsample': 0.8390183783709677, 'min_child_samples': 19, 'reg_alpha': 1.860444687368747e-08, 'reg_lambda': 2.7391483548058117e-06}. Best is trial 2 with value: 0.03056303823700169.
[I 2026-05-06 02:22:59,951] Trial 7 finished with value: -0.010887943189224147 and parameters: {'confidence_threshold': 0.563503962036334, 'training_days': 70, 'n_estimators': 63, 'max_depth': 3, 'num_leaves': 47, 'learning_rate': 0.18074927623018475, 'subsample': 0.5059692991701257, 'min_child_samples': 9, 'reg_alpha': 3.6945804405602874e-08, 'reg_lambda': 0.027706035542028905}. Best is trial 2 with value: 0.03056303823700169.
[I 2026-05-06 02:23:00,034] Trial 8 finished with value: -0.1323235503601099 and parameters: {'confidence_threshold': 0.6525471176758836, 'training_days': 440, 'n_estimators': 116, 'max_depth': 4, 'num_leaves': 115, 'learning_rate': 0.010229952960863938, 'subsample': 0.5062159465415076, 'min_child_samples': 54, 'reg_alpha': 6.790626457822126e-06, 'reg_lambda': 1.7869141074987722e-05}. Best is trial 2 with value: 0.03056303823700169.
[I 2026-05-06 02:23:00,134] Trial 9 finished with value: -0.12370724353336146 and parameters: {'confidence_threshold': 0.7277571993354469, 'training_days': 360, 'n_estimators': 75, 'max_depth': 5, 'num_leaves': 41, 'learning_rate': 0.014186743931212992, 'subsample': 0.7445187273047605, 'min_child_samples': 22, 'reg_alpha': 0.02393227447113315, 'reg_lambda': 0.009236766173618426}. Best is trial 2 with value: 0.03056303823700169.
[I 2026-05-06 02:23:00,440] A new study created in memory with name: no-name-0eb12253-f934-4641-9510-b402f4ce364e
[I 2026-05-06 02:23:00,710] Trial 0 finished with value: -0.0025399154929681535 and parameters: {'confidence_threshold': 0.7790993046299082, 'training_days': 230, 'n_estimators': 295, 'max_depth': 5, 'num_leaves': 83, 'learning_rate': 0.051543455158230854, 'subsample': 0.8773243492079463, 'min_child_samples': 10, 'reg_alpha': 0.034096514368237685, 'reg_lambda': 3.154180388637081e-05}. Best is trial 0 with value: -0.0025399154929681535.
[I 2026-05-06 02:23:00,838] Trial 1 finished with value: -0.2067306764833635 and parameters: {'confidence_threshold': 0.6929247853618086, 'training_days': 410, 'n_estimators': 233, 'max_depth': 5, 'num_leaves': 108, 'learning_rate': 0.013724237108071606, 'subsample': 0.7013182233636002, 'min_child_samples': 94, 'reg_alpha': 2.4040959529260723e-06, 'reg_lambda': 5.320966582161148}. Best is trial 0 with value: -0.0025399154929681535.
[I 2026-05-06 02:23:00,907] Trial 2 finished with value: -0.07476300595481152 and parameters: {'confidence_threshold': 0.546341527225763, 'training_days': 270, 'n_estimators': 120, 'max_depth': 4, 'num_leaves': 53, 'learning_rate': 0.060197068579343475, 'subsample': 0.588227873455941, 'min_child_samples': 91, 'reg_alpha': 2.3457771824819002e-08, 'reg_lambda': 1.1358840775642732e-08}. Best is trial 0 with value: -0.0025399154929681535.
[I 2026-05-06 02:23:01,111] Trial 3 finished with value: -0.002146606234936438 and parameters: {'confidence_threshold': 0.6000319676300473, 'training_days': 270, 'n_estimators': 382, 'max_depth': 4, 'num_leaves': 44, 'learning_rate': 0.09185046765032388, 'subsample': 0.6743651508646724, 'min_child_samples': 77, 'reg_alpha': 0.0013974578104212739, 'reg_lambda': 8.97190257982477e-08}. Best is trial 3 with value: -0.002146606234936438.
[I 2026-05-06 02:23:01,489] Trial 4 finished with value: -0.13972060894640015 and parameters: {'confidence_threshold': 0.7642618789055509, 'training_days': 390, 'n_estimators': 464, 'max_depth': 5, 'num_leaves': 30, 'learning_rate': 0.024562383309704932, 'subsample': 0.8612975035964376, 'min_child_samples': 36, 'reg_alpha': 1.593999300080167, 'reg_lambda': 0.006081270362829788}. Best is trial 3 with value: -0.002146606234936438.
[I 2026-05-06 02:23:01,635] Trial 5 finished with value: -0.030910372414287558 and parameters: {'confidence_threshold': 0.6029115860358569, 'training_days': 60, 'n_estimators': 441, 'max_depth': 3, 'num_leaves': 66, 'learning_rate': 0.044953114425778824, 'subsample': 0.7098948461279406, 'min_child_samples': 15, 'reg_alpha': 4.888753565548431e-07, 'reg_lambda': 4.198190642566389}. Best is trial 3 with value: -0.002146606234936438.
[I 2026-05-06 02:23:01,878] Trial 6 finished with value: -0.06040246391226167 and parameters: {'confidence_threshold': 0.7376932868314098, 'training_days': 290, 'n_estimators': 249, 'max_depth': 5, 'num_leaves': 121, 'learning_rate': 0.015565840632862623, 'subsample': 0.8390183783709677, 'min_child_samples': 19, 'reg_alpha': 1.860444687368747e-08, 'reg_lambda': 2.7391483548058117e-06}. Best is trial 3 with value: -0.002146606234936438.
[I 2026-05-06 02:23:01,916] Trial 7 finished with value: -0.08373220126872041 and parameters: {'confidence_threshold': 0.563503962036334, 'training_days': 70, 'n_estimators': 63, 'max_depth': 3, 'num_leaves': 47, 'learning_rate': 0.18074927623018475, 'subsample': 0.5059692991701257, 'min_child_samples': 9, 'reg_alpha': 3.6945804405602874e-08, 'reg_lambda': 0.027706035542028905}. Best is trial 3 with value: -0.002146606234936438.
