[I 2026-05-06 02:21:00,460] Trial 1 finished with value: 0.004479282427100317 and parameters: {'confidence_threshold': 0.6929247853618086, 'training_days': 410, 'n_estimators': 233, 'max_depth': 5, 'num_leaves': 108, 'learning_rate': 0.013724237108071606, 'subsample': 0.7013182233636002, 'min_child_samples': 94, 'reg_alpha': 2.4040959529260723e-06, 'reg_lambda': 5.320966582161148}. Best is trial 1 with value: 0.004479282427100317.
[I 2026-05-06 02:21:00,520] Trial 2 finished with value: -0.0285795456598782 and parameters: {'confidence_threshold': 0.546341527225763, 'training_days': 270, 'n_estimators': 120, 'max_depth': 4, 'num_leaves': 53, 'learning_rate': 0.060197068579343475, 'subsample': 0.588227873455941, 'min_child_samples': 91, 'reg_alpha': 2.3457771824819002e-08, 'reg_lambda': 1.1358840775642732e-08}. Best is trial 1 with value: 0.004479282427100317.
[I 2026-05-06 02:21:00,698] Trial 3 finished with value: -0.07711554914853128 and parameters: {'confidence_threshold': 0.6000319676300473, 'training_days': 270, 'n_estimators': 382, 'max_depth': 4, 'num_leaves': 44, 'learning_rate': 0.09185046765032388, 'subsample': 0.6743651508646724, 'min_child_samples': 77, 'reg_alpha': 0.0013974578104212739, 'reg_lambda': 8.97190257982477e-08}. Best is trial 1 with value: 0.004479282427100317.
[I 2026-05-06 02:21:01,047] Trial 4 finished with value: -0.08589422458920064 and parameters: {'confidence_threshold': 0.7642618789055509, 'training_days': 390, 'n_estimators': 464, 'max_depth': 5, 'num_leaves': 30, 'learning_rate': 0.024562383309704932, 'subsample': 0.8612975035964376, 'min_child_samples': 36, 'reg_alpha': 1.593999300080167, 'reg_lambda': 0.006081270362829788}. Best is trial 1 with value: 0.004479282427100317.
[I 2026-05-06 02:21:01,183] Trial 5 finished with value: 0.03515388751368591 and parameters: {'confidence_threshold': 0.6029115860358569, 'training_days': 60, 'n_estimators': 441, 'max_depth': 3, 'num_leaves': 66, 'learning_rate': 0.044953114425778824, 'subsample': 0.7098948461279406, 'min_child_samples': 15, 'reg_alpha': 4.888753565548431e-07, 'reg_lambda': 4.198190642566389}. Best is trial 5 with value: 0.03515388751368591.
[I 2026-05-06 02:21:01,417] Trial 6 finished with value: -0.11452188437370728 and parameters: {'confidence_threshold': 0.7376932868314098, 'training_days': 290, 'n_estimators': 249, 'max_depth': 5, 'num_leaves': 121, 'learning_rate': 0.015565840632862623, 'subsample': 0.8390183783709677, 'min_child_samples': 19, 'reg_alpha': 1.860444687368747e-08, 'reg_lambda': 2.7391483548058117e-06}. Best is trial 5 with value: 0.03515388751368591.
[I 2026-05-06 02:21:01,458] Trial 7 finished with value: 0.04489031950206399 and parameters: {'confidence_threshold': 0.563503962036334, 'training_days': 70, 'n_estimators': 63, 'max_depth': 3, 'num_leaves': 47, 'learning_rate': 0.18074927623018475, 'subsample': 0.5059692991701257, 'min_child_samples': 9, 'reg_alpha': 3.6945804405602874e-08, 'reg_lambda': 0.027706035542028905}. Best is trial 7 with value: 0.04489031950206399.
[I 2026-05-06 02:21:01,535] Trial 8 finished with value: -0.10579398323826532 and parameters: {'confidence_threshold': 0.6525471176758836, 'training_days': 440, 'n_estimators': 116, 'max_depth': 4, 'num_leaves': 115, 'learning_rate': 0.010229952960863938, 'subsample': 0.5062159465415076, 'min_child_samples': 54, 'reg_alpha': 6.790626457822126e-06, 'reg_lambda': 1.7869141074987722e-05}. Best is trial 7 with value: 0.04489031950206399.
[I 2026-05-06 02:21:01,625] Trial 9 finished with value: 0.006970872480038909 and parameters: {'confidence_threshold': 0.7277571993354469, 'training_days': 360, 'n_estimators': 75, 'max_depth': 5, 'num_leaves': 41, 'learning_rate': 0.014186743931212992, 'subsample': 0.7445187273047605, 'min_child_samples': 22, 'reg_alpha': 0.02393227447113315, 'reg_lambda': 0.009236766173618426}. Best is trial 7 with value: 0.04489031950206399.
[I 2026-05-06 02:21:01,817] A new study created in memory with name: no-name-0c723548-4e87-4d42-9b32-5fd1d94637c0

  [label] 2022-04-25 16:00 BCHUSDT entry=314.4400 → SHORT | long=sl(-4.78%) short=tp(+9.26%) | scanned=15 | short_tp_only
  [label] 2022-06-10 00:00 BCHUSDT entry=174.1300 → SHORT | long=sl(-6.31%) short=tp(+12.32%) | scanned=6 | short_tp_only
  [label] 2022-06-18 16:00 BCHUSDT entry=115.2800 → LONG | long=timeout(-0.01%) short=timeout(-0.19%) | scanned=22 | no_tp→fwd_return=+0.0867
  [label] 2022-09-18 00:00 BCHUSDT entry=121.3000 → SHORT | long=sl(-5.33%) short=tp(+10.36%) | scanned=3 | short_tp_only
  [label] 2022-10-20 00:00 BCHUSDT entry=107.4300 → LONG | long=sl(-3.58%) short=sl(-3.58%) | scanned=16 | no_tp→fwd_return=+3.6117
  [label] 2022-11-05 08:00 BCHUSDT entry=124.4000 → SHORT | long=sl(-4.13%) short=tp(+7.95%) | scanned=8 | short_tp_only
  [label] 2022-11-18 08:00 BCHUSDT entry=104.6500 → LONG | long=tp(+11.63%) short=sl(-5.97%) | scanned=14 | long_tp_only
  [label] 2022-12-07 00:00 BCHUSDT entry=108.2500 → LONG | long=sl(-4.06%) short=timeout(-1.17%) | scanned=22 | no_tp→fwd_return=+1.0716
  [label] 2022-12-13 08:00 BCHUSDT entry=109.2800 → SHORT | long=sl(-3.63%) short=tp(+6.96%) | scanned=10 | short_tp_only
  [label] 2022-12-25 16:00 BCHUSDT entry=101.3000 → SHORT | long=sl(-2.73%) short=tp(+5.16%) | scanned=13 | short_tp_only
  [label] 2023-02-03 16:00 BCHUSDT entry=137.8200 → SHORT | long=sl(-4.42%) short=tp(+8.55%) | scanned=18 | short_tp_only
  [label] 2023-02-13 16:00 BCHUSDT entry=123.7000 → LONG | long=tp(+8.56%) short=sl(-4.43%) | scanned=6 | long_tp_only
  [label] 2023-05-11 08:00 BCHUSDT entry=113.0400 → LONG | long=timeout(+2.84%) short=sl(-4.76%) | scanned=22 | no_tp→fwd_return=+2.9370
  Labels: 968 long (44.2%), 1222 short (55.8%) | weights: min=1.00, mean=3.33, max=10.00
  Features: 2190/2190 matched, 14 columns
  CV gap: 22 rows
    [trial 0] 14 features, training_days=230 | threshold=0.779 | labels: 968 long, 1222 short (44/56%)
    [CV fold 0] train_end=2021-09-23 00:00 | val_start=2021-09-30 16:00 | gap=184h (22 rows)
    [CV fold 1] train_end=2022-01-22 16:00 | val_start=2022-01-30 08:00 | gap=184h (22 rows)
    [CV fold 2] train_end=2022-05-24 08:00 | val_start=2022-06-01 00:00 | gap=184h (22 rows)
    [CV fold 3] train_end=2022-09-23 00:00 | val_start=2022-09-30 16:00 | gap=184h (22 rows)
    [CV fold 4] train_end=2023-01-22 16:00 | val_start=2023-01-30 08:00 | gap=184h (22 rows)
    [trial 0] Sharpe=0.0040 (folds: -0.0988, 0.0099, 0.1056, -0.0963, 0.0995)
    [trial 1] 14 features, training_days=410 | threshold=0.693 | labels: 968 long, 1222 short (44/56%)
    [trial 1] Sharpe=0.0045 (folds: 0.0219, -0.2917, 0.2624, -0.0109, 0.0408)
    [trial 2] 14 features, training_days=270 | threshold=0.546 | labels: 968 long, 1222 short (44/56%)
    [trial 2] Sharpe=-0.0286 (folds: 0.0471, -0.1931, 0.1015, -0.0849, -0.0135)
    [trial 3] 14 features, training_days=270 | threshold=0.600 | labels: 968 long, 1222 short (44/56%)
    [trial 3] Sharpe=-0.0771 (folds: -0.1180, -0.2690, -0.0202, -0.0678, 0.0894)
    [trial 4] 14 features, training_days=390 | threshold=0.764 | labels: 968 long, 1222 short (44/56%)
    [trial 4] Sharpe=-0.0859 (folds: -0.3693, -0.0451, 0.0931, -0.2565, 0.1484)
    [trial 5] 14 features, training_days=60 | threshold=0.603 | labels: 968 long, 1222 short (44/56%)
    [trial 5] Sharpe=0.0352 (folds: -0.1085, 0.0915, 0.1853, 0.0748, -0.0673)
    [trial 6] 14 features, training_days=290 | threshold=0.738 | labels: 968 long, 1222 short (44/56%)
    [trial 6] Sharpe=-0.1145 (folds: -0.2812, -0.0207, -0.2320, -0.0321, -0.0067)
    [trial 7] 14 features, training_days=70 | threshold=0.564 | labels: 968 long, 1222 short (44/56%)
    [trial 7] Sharpe=0.0449 (folds: -0.0783, 0.2763, 0.0658, 0.0099, -0.0493)
    [trial 8] 14 features, training_days=440 | threshold=0.653 | labels: 968 long, 1222 short (44/56%)
    [trial 8] Sharpe=-0.1058 (folds: 0.1144, -0.1408, 0.1085, -0.6920, 0.0809)
    [trial 9] 14 features, training_days=360 | threshold=0.728 | labels: 968 long, 1222 short (44/56%)
    [trial 9] Sharpe=0.0070 (folds: -0.2109, 0.0431, 0.2926, -0.3011, 0.2112)
  Optuna: 10 trials, best Sharpe = 0.0449
  Best params: n_estimators=63, max_depth=3, lr=0.1807, leaves=47
  Best confidence_threshold: 0.564
  Best training_days: 70
  Retrained on full data (210 samples, 14 features)
  Model trained for 2023-06: 90 test candles with features, confidence_threshold=0.564
[lgbm] === Training for 2023-07 ===
  Train window: 2021-07-01 → 2023-07-01
  2190 training samples from 1 symbols
  Samples per month: 2021-07: 93, 2021-08: 93, 2021-09: 90, 2021-10: 93, 2021-11: 90, 2021-12: 93, 2022-01: 93, 2022-02: 84, 2022-03: 93, 2022-04: 90, 2022-05: 93, 2022-06: 90, 2022-07: 93, 2022-08: 93, 2022-09: 90, 2022-10: 93, 2022-11: 90, 2022-12: 93, 2023-01: 93, 2023-02: 84, 2023-03: 93, 2023-04: 90, 2023-05: 93, 2023-06: 90
  [label] 2021-09-01 08:00 BCHUSDT entry=643.1400 → LONG | long=tp(+9.32%) short=sl(-4.81%) | scanned=6 | long_tp_only
  [label] 2021-09-03 08:00 BCHUSDT entry=707.3500 → LONG | long=tp(+8.81%) short=sl(-4.56%) | scanned=8 | long_tp_only
  [label] 2021-09-07 08:00 BCHUSDT entry=661.8400 → SHORT | long=sl(-7.54%) short=timeout(+3.53%) | scanned=22 | no_tp→fwd_return=-3.6308
  [label] 2021-10-02 08:00 BCHUSDT entry=552.1000 → LONG | long=tp(+10.42%) short=sl(-5.36%) | scanned=12 | long_tp_only
  [label] 2021-11-24 08:00 BCHUSDT entry=600.1100 → SHORT | long=sl(-5.05%) short=sl(-5.05%) | scanned=6 | no_tp→fwd_return=-6.3855
  [label] 2022-05-10 16:00 BCHUSDT entry=231.4900 → SHORT | long=sl(-7.75%) short=sl(-7.75%) | scanned=2 | no_tp→fwd_return=-7.9053
  [label] 2022-05-15 00:00 BCHUSDT entry=208.4800 → SHORT | long=timeout(-6.81%) short=timeout(+6.61%) | scanned=22 | no_tp→fwd_return=-6.7057
  [label] 2022-05-25 16:00 BCHUSDT entry=190.0900 → LONG | long=sl(-8.57%) short=sl(-8.57%) | scanned=18 | no_tp→fwd_return=+7.5438
  [label] 2022-07-10 00:00 BCHUSDT entry=109.7400 → SHORT | long=sl(-5.64%) short=tp(+10.97%) | scanned=8 | short_tp_only
  [label] 2022-07-18 16:00 BCHUSDT entry=121.2100 → LONG | long=tp(+10.56%) short=sl(-5.43%) | scanned=18 | long_tp_only
  [label] 2022-10-18 00:00 BCHUSDT entry=111.3200 → SHORT | long=sl(-3.47%) short=tp(+6.65%) | scanned=10 | short_tp_only
  [label] 2022-11-19 00:00 BCHUSDT entry=104.4000 → LONG | long=tp(+11.08%) short=sl(-5.69%) | scanned=12 | long_tp_only
  [label] 2022-12-05 08:00 BCHUSDT entry=113.5700 → SHORT | long=sl(-3.85%) short=tp(+7.39%) | scanned=20 | short_tp_only
  [label] 2022-12-18 08:00 BCHUSDT entry=101.5900 → SHORT | long=sl(-3.72%) short=timeout(+1.48%) | scanned=22 | no_tp→fwd_return=-1.5848
  [label] 2023-01-06 00:00 BCHUSDT entry=100.0600 → LONG | long=tp(+4.96%) short=sl(-2.63%) | scanned=9 | long_tp_only
  [label] 2023-01-12 08:00 BCHUSDT entry=115.5800 → LONG | long=tp(+6.02%) short=sl(-3.16%) | scanned=1 | long_tp_only
  [label] 2023-01-24 16:00 BCHUSDT entry=128.1000 → LONG | long=timeout(+3.84%) short=sl(-5.04%) | scanned=22 | no_tp→fwd_return=+3.9422
  [label] 2023-03-05 16:00 BCHUSDT entry=123.9000 → SHORT | long=sl(-4.21%) short=tp(+8.12%) | scanned=12 | short_tp_only
  [label] 2023-03-15 16:00 BCHUSDT entry=123.1300 → LONG | long=tp(+10.80%) short=sl(-5.55%) | scanned=7 | long_tp_only
  [label] 2023-06-10 08:00 BCHUSDT entry=101.2600 → LONG | long=timeout(+4.97%) short=sl(-4.30%) | scanned=22 | no_tp→fwd_return=+5.0662
  Labels: 1001 long (45.7%), 1189 short (54.3%) | weights: min=1.00, mean=3.28, max=10.00
  Features: 2190/2190 matched, 14 columns
  CV gap: 22 rows
    [trial 0] 14 features, training_days=230 | threshold=0.779 | labels: 1001 long, 1189 short (46/54%)
    [CV fold 0] train_end=2021-10-23 00:00 | val_start=2021-10-30 16:00 | gap=184h (22 rows)
    [CV fold 1] train_end=2022-02-21 16:00 | val_start=2022-03-01 08:00 | gap=184h (22 rows)
    [CV fold 2] train_end=2022-06-23 08:00 | val_start=2022-07-01 00:00 | gap=184h (22 rows)
    [CV fold 3] train_end=2022-10-23 00:00 | val_start=2022-10-30 16:00 | gap=184h (22 rows)
    [CV fold 4] train_end=2023-02-21 16:00 | val_start=2023-03-01 08:00 | gap=184h (22 rows)
    [trial 0] Sharpe=-0.1585 (folds: -0.3179, -0.3838, -0.0486, -0.0185, -0.0235)[I 2026-05-06 02:21:02,088] Trial 0 finished with value: -0.15845260673170972 and parameters: {'confidence_threshold': 0.7790993046299082, 'training_days': 230, 'n_estimators': 295, 'max_depth': 5, 'num_leaves': 83, 'learning_rate': 0.051543455158230854, 'subsample': 0.8773243492079463, 'min_child_samples': 10, 'reg_alpha': 0.034096514368237685, 'reg_lambda': 3.154180388637081e-05}. Best is trial 0 with value: -0.15845260673170972.
[I 2026-05-06 02:21:02,221] Trial 1 finished with value: -0.2668914115105129 and parameters: {'confidence_threshold': 0.6929247853618086, 'training_days': 410, 'n_estimators': 233, 'max_depth': 5, 'num_leaves': 108, 'learning_rate': 0.013724237108071606, 'subsample': 0.7013182233636002, 'min_child_samples': 94, 'reg_alpha': 2.4040959529260723e-06, 'reg_lambda': 5.320966582161148}. Best is trial 0 with value: -0.15845260673170972.
[I 2026-05-06 02:21:02,287] Trial 2 finished with value: -0.17916829638471993 and parameters: {'confidence_threshold': 0.546341527225763, 'training_days': 270, 'n_estimators': 120, 'max_depth': 4, 'num_leaves': 53, 'learning_rate': 0.060197068579343475, 'subsample': 0.588227873455941, 'min_child_samples': 91, 'reg_alpha': 2.3457771824819002e-08, 'reg_lambda': 1.1358840775642732e-08}. Best is trial 0 with value: -0.15845260673170972.
[I 2026-05-06 02:21:02,456] Trial 3 finished with value: -0.20558446773613898 and parameters: {'confidence_threshold': 0.6000319676300473, 'training_days': 270, 'n_estimators': 382, 'max_depth': 4, 'num_leaves': 44, 'learning_rate': 0.09185046765032388, 'subsample': 0.6743651508646724, 'min_child_samples': 77, 'reg_alpha': 0.0013974578104212739, 'reg_lambda': 8.97190257982477e-08}. Best is trial 0 with value: -0.15845260673170972.
[I 2026-05-06 02:21:02,812] Trial 4 finished with value: -0.19466340837669832 and parameters: {'confidence_threshold': 0.7642618789055509, 'training_days': 390, 'n_estimators': 464, 'max_depth': 5, 'num_leaves': 30, 'learning_rate': 0.024562383309704932, 'subsample': 0.8612975035964376, 'min_child_samples': 36, 'reg_alpha': 1.593999300080167, 'reg_lambda': 0.006081270362829788}. Best is trial 0 with value: -0.15845260673170972.
[I 2026-05-06 02:21:02,949] Trial 5 finished with value: -0.026134655136352408 and parameters: {'confidence_threshold': 0.6029115860358569, 'training_days': 60, 'n_estimators': 441, 'max_depth': 3, 'num_leaves': 66, 'learning_rate': 0.044953114425778824, 'subsample': 0.7098948461279406, 'min_child_samples': 15, 'reg_alpha': 4.888753565548431e-07, 'reg_lambda': 4.198190642566389}. Best is trial 5 with value: -0.026134655136352408.
[I 2026-05-06 02:21:03,181] Trial 6 finished with value: -0.21486440062718878 and parameters: {'confidence_threshold': 0.7376932868314098, 'training_days': 290, 'n_estimators': 249, 'max_depth': 5, 'num_leaves': 121, 'learning_rate': 0.015565840632862623, 'subsample': 0.8390183783709677, 'min_child_samples': 19, 'reg_alpha': 1.860444687368747e-08, 'reg_lambda': 2.7391483548058117e-06}. Best is trial 5 with value: -0.026134655136352408.
[I 2026-05-06 02:21:03,216] Trial 7 finished with value: -0.03699345990875315 and parameters: {'confidence_threshold': 0.563503962036334, 'training_days': 70, 'n_estimators': 63, 'max_depth': 3, 'num_leaves': 47, 'learning_rate': 0.18074927623018475, 'subsample': 0.5059692991701257, 'min_child_samples': 9, 'reg_alpha': 3.6945804405602874e-08, 'reg_lambda': 0.027706035542028905}. Best is trial 5 with value: -0.026134655136352408.
[I 2026-05-06 02:21:03,291] Trial 8 finished with value: -0.23521712913238924 and parameters: {'confidence_threshold': 0.6525471176758836, 'training_days': 440, 'n_estimators': 116, 'max_depth': 4, 'num_leaves': 115, 'learning_rate': 0.010229952960863938, 'subsample': 0.5062159465415076, 'min_child_samples': 54, 'reg_alpha': 6.790626457822126e-06, 'reg_lambda': 1.7869141074987722e-05}. Best is trial 5 with value: -0.026134655136352408.
[I 2026-05-06 02:21:03,385] Trial 9 finished with value: -0.019140020078631276 and parameters: {'confidence_threshold': 0.7277571993354469, 'training_days': 360, 'n_estimators': 75, 'max_depth': 5, 'num_leaves': 41, 'learning_rate': 0.014186743931212992, 'subsample': 0.7445187273047605, 'min_child_samples': 22, 'reg_alpha': 0.02393227447113315, 'reg_lambda': 0.009236766173618426}. Best is trial 9 with value: -0.019140020078631276.
[I 2026-05-06 02:21:03,585] A new study created in memory with name: no-name-2851e55d-ba25-41de-822e-ca301acf5f25
[I 2026-05-06 02:21:03,858] Trial 0 finished with value: -0.015955294762516996 and parameters: {'confidence_threshold': 0.7790993046299082, 'training_days': 230, 'n_estimators': 295, 'max_depth': 5, 'num_leaves': 83, 'learning_rate': 0.051543455158230854, 'subsample': 0.8773243492079463, 'min_child_samples': 10, 'reg_alpha': 0.034096514368237685, 'reg_lambda': 3.154180388637081e-05}. Best is trial 0 with value: -0.015955294762516996.
[I 2026-05-06 02:21:04,009] Trial 1 finished with value: -0.04942166426425738 and parameters: {'confidence_threshold': 0.6929247853618086, 'training_days': 410, 'n_estimators': 233, 'max_depth': 5, 'num_leaves': 108, 'learning_rate': 0.013724237108071606, 'subsample': 0.7013182233636002, 'min_child_samples': 94, 'reg_alpha': 2.4040959529260723e-06, 'reg_lambda': 5.320966582161148}. Best is trial 0 with value: -0.015955294762516996.
[I 2026-05-06 02:21:04,085] Trial 2 finished with value: -0.0427705153291963 and parameters: {'confidence_threshold': 0.546341527225763, 'training_days': 270, 'n_estimators': 120, 'max_depth': 4, 'num_leaves': 53, 'learning_rate': 0.060197068579343475, 'subsample': 0.588227873455941, 'min_child_samples': 91, 'reg_alpha': 2.3457771824819002e-08, 'reg_lambda': 1.1358840775642732e-08}. Best is trial 0 with value: -0.015955294762516996.
[I 2026-05-06 02:21:04,264] Trial 3 finished with value: -0.0782313133357887 and parameters: {'confidence_threshold': 0.6000319676300473, 'training_days': 270, 'n_estimators': 382, 'max_depth': 4, 'num_leaves': 44, 'learning_rate': 0.09185046765032388, 'subsample': 0.6743651508646724, 'min_child_samples': 77, 'reg_alpha': 0.0013974578104212739, 'reg_lambda': 8.97190257982477e-08}. Best is trial 0 with value: -0.015955294762516996.
[I 2026-05-06 02:21:04,612] Trial 4 finished with value: -0.0687040521617072 and parameters: {'confidence_threshold': 0.7642618789055509, 'training_days': 390, 'n_estimators': 464, 'max_depth': 5, 'num_leaves': 30, 'learning_rate': 0.024562383309704932, 'subsample': 0.8612975035964376, 'min_child_samples': 36, 'reg_alpha': 1.593999300080167, 'reg_lambda': 0.006081270362829788}. Best is trial 0 with value: -0.015955294762516996.
[I 2026-05-06 02:21:04,748] Trial 5 finished with value: -0.06795353746255524 and parameters: {'confidence_threshold': 0.6029115860358569, 'training_days': 60, 'n_estimators': 441, 'max_depth': 3, 'num_leaves': 66, 'learning_rate': 0.044953114425778824, 'subsample': 0.7098948461279406, 'min_child_samples': 15, 'reg_alpha': 4.888753565548431e-07, 'reg_lambda': 4.198190642566389}. Best is trial 0 with value: -0.015955294762516996.
[I 2026-05-06 02:21:04,967] Trial 6 finished with value: -0.10419814771594098 and parameters: {'confidence_threshold': 0.7376932868314098, 'training_days': 290, 'n_estimators': 249, 'max_depth': 5, 'num_leaves': 121, 'learning_rate': 0.015565840632862623, 'subsample': 0.8390183783709677, 'min_child_samples': 19, 'reg_alpha': 1.860444687368747e-08, 'reg_lambda': 2.7391483548058117e-06}. Best is trial 0 with value: -0.015955294762516996.
