[I 2026-05-06 02:23:02,045] Trial 8 finished with value: -0.2557593051420722 and parameters: {'confidence_threshold': 0.6525471176758836, 'training_days': 440, 'n_estimators': 116, 'max_depth': 4, 'num_leaves': 115, 'learning_rate': 0.010229952960863938, 'subsample': 0.5062159465415076, 'min_child_samples': 54, 'reg_alpha': 6.790626457822126e-06, 'reg_lambda': 1.7869141074987722e-05}. Best is trial 3 with value: -0.002146606234936438.

    [CV fold 2] train_end=2023-09-24 08:00 | val_start=2023-10-02 00:00 | gap=184h (22 rows)
    [CV fold 3] train_end=2024-01-24 00:00 | val_start=2024-01-31 16:00 | gap=184h (22 rows)
    [CV fold 4] train_end=2024-05-24 16:00 | val_start=2024-06-01 08:00 | gap=184h (22 rows)
    [trial 0] Sharpe=-0.0125 (folds: 0.1474, -0.0610, -0.2057, 0.1033, -0.0464)
    [trial 1] 14 features, training_days=410 | threshold=0.693 | labels: 1111 long, 1082 short (51/49%)
    [trial 1] Sharpe=-0.1061 (folds: 0.1603, 0.0968, -0.1998, 0.0491, -0.6369)
    [trial 2] 14 features, training_days=270 | threshold=0.546 | labels: 1111 long, 1082 short (51/49%)
    [trial 2] Sharpe=0.0306 (folds: 0.2247, 0.0283, -0.0112, 0.0986, -0.1876)
    [trial 3] 14 features, training_days=270 | threshold=0.600 | labels: 1111 long, 1082 short (51/49%)
    [trial 3] Sharpe=-0.0138 (folds: 0.1506, 0.0397, -0.1254, 0.0863, -0.2200)
    [trial 4] 14 features, training_days=390 | threshold=0.764 | labels: 1111 long, 1082 short (51/49%)
    [trial 4] Sharpe=-0.0293 (folds: 0.1879, 0.0118, -0.0472, -0.0620, -0.2370)
    [trial 5] 14 features, training_days=60 | threshold=0.603 | labels: 1111 long, 1082 short (51/49%)
    [trial 5] Sharpe=-0.0164 (folds: -0.3880, 0.1801, -0.0869, 0.0884, 0.1244)
    [trial 6] 14 features, training_days=290 | threshold=0.738 | labels: 1111 long, 1082 short (51/49%)
    [trial 6] Sharpe=-0.0413 (folds: 0.1482, -0.0006, -0.1675, -0.0344, -0.1521)
    [trial 7] 14 features, training_days=70 | threshold=0.564 | labels: 1111 long, 1082 short (51/49%)
    [trial 7] Sharpe=-0.0109 (folds: -0.4306, 0.1718, 0.1246, 0.0163, 0.0634)
    [trial 8] 14 features, training_days=440 | threshold=0.653 | labels: 1111 long, 1082 short (51/49%)
    [trial 8] Sharpe=-0.1323 (folds: 0.1356, 0.1866, -0.3860, -0.1974, -0.4005)
    [trial 9] 14 features, training_days=360 | threshold=0.728 | labels: 1111 long, 1082 short (51/49%)
    [trial 9] Sharpe=-0.1237 (folds: -0.1165, 0.4927, -0.3353, -0.0175, -0.6419)
  Optuna: 10 trials, best Sharpe = 0.0306
  Best params: n_estimators=120, max_depth=4, lr=0.0602, leaves=53
  Best confidence_threshold: 0.546
  Best training_days: 270
  Retrained on full data (810 samples, 14 features)
  Model trained for 2024-10: 93 test candles with features, confidence_threshold=0.546
[predict] 2024-10-02 08:00 MKRUSDT → SHORT (proba=0.65 TP=10.7%/SL=5.3%)
[trade:open] 2024-10-02 15:59 MKRUSDT SHORT @ 1498.20 | SL=1578.23 TP=1338.15 | timeout=2024-10-09 15:59
[trade:close] 2024-10-09 16:00 MKRUSDT SHORT → timeout @ 1387.80 | PnL=+7.37% (net +7.27%) | cum=-11.19% 2024-10=+7.27% 2024-10-09=+7.27%
[predict] 2024-10-31 08:00 MKRUSDT → SHORT (proba=0.83 TP=9.0%/SL=4.5%)
[trade:open] 2024-10-31 15:59 MKRUSDT SHORT @ 1286.20 | SL=1344.24 TP=1170.11 | timeout=2024-11-07 15:59
[lgbm] === Training for 2024-11 ===
  Train window: 2022-11-01 → 2024-11-01
  2193 training samples from 1 symbols
  Samples per month: 2022-11: 90, 2022-12: 93, 2023-01: 93, 2023-02: 84, 2023-03: 93, 2023-04: 90, 2023-05: 93, 2023-06: 90, 2023-07: 93, 2023-08: 93, 2023-09: 90, 2023-10: 93, 2023-11: 90, 2023-12: 93, 2024-01: 93, 2024-02: 87, 2024-03: 93, 2024-04: 90, 2024-05: 93, 2024-06: 90, 2024-07: 93, 2024-08: 93, 2024-09: 90, 2024-10: 93
  [label] 2023-01-02 08:00 MKRUSDT entry=513.0000 → LONG | long=tp(+6.29%) short=sl(-3.30%) | scanned=14 | long_tp_only
  [label] 2023-01-04 16:00 MKRUSDT entry=518.3000 → LONG | long=tp(+6.38%) short=sl(-3.34%) | scanned=9 | long_tp_only
  [label] 2023-01-08 08:00 MKRUSDT entry=568.7000 → LONG | long=tp(+6.62%) short=sl(-3.46%) | scanned=2 | long_tp_only
  [label] 2023-02-02 08:00 MKRUSDT entry=693.1000 → LONG | long=tp(+10.52%) short=sl(-5.41%) | scanned=16 | long_tp_only
  [label] 2023-03-27 08:00 MKRUSDT entry=644.8000 → LONG | long=timeout(+4.46%) short=sl(-8.18%) | scanned=22 | no_tp→fwd_return=+4.5596
  [label] 2023-09-11 08:00 MKRUSDT entry=1085.0000 → LONG | long=tp(+8.23%) short=sl(-4.27%) | scanned=8 | long_tp_only
  [label] 2023-09-15 08:00 MKRUSDT entry=1213.9000 → LONG | long=tp(+7.56%) short=sl(-3.93%) | scanned=14 | long_tp_only
  [label] 2023-09-26 00:00 MKRUSDT entry=1339.6000 → LONG | long=tp(+6.59%) short=sl(-3.44%) | scanned=2 | long_tp_only
  [label] 2023-11-10 08:00 MKRUSDT entry=1310.1000 → LONG | long=tp(+10.47%) short=sl(-5.39%) | scanned=15 | long_tp_only
  [label] 2023-11-19 00:00 MKRUSDT entry=1366.8000 → LONG | long=timeout(+6.86%) short=sl(-5.74%) | scanned=22 | no_tp→fwd_return=+6.9579
  [label] 2024-02-18 16:00 MKRUSDT entry=2175.4000 → SHORT | long=sl(-3.38%) short=tp(+6.46%) | scanned=8 | short_tp_only
  [label] 2024-03-21 16:00 MKRUSDT entry=3382.1000 → LONG | long=sl(-8.47%) short=sl(-8.47%) | scanned=21 | no_tp→fwd_return=+7.6254
  [label] 2024-04-07 00:00 MKRUSDT entry=3692.9000 → SHORT | long=sl(-6.14%) short=tp(+11.98%) | scanned=16 | short_tp_only
  [label] 2024-04-20 00:00 MKRUSDT entry=3014.6000 → SHORT | long=timeout(-4.07%) short=timeout(+3.87%) | scanned=22 | no_tp→fwd_return=-3.9740
  [label] 2024-05-08 16:00 MKRUSDT entry=2695.6000 → LONG | long=timeout(+4.01%) short=timeout(-4.21%) | scanned=22 | no_tp→fwd_return=+4.1141
  [label] 2024-05-15 00:00 MKRUSDT entry=2717.2000 → LONG | long=tp(+7.46%) short=sl(-3.88%) | scanned=17 | long_tp_only
  [label] 2024-05-27 08:00 MKRUSDT entry=2816.6000 → SHORT | long=sl(-4.46%) short=timeout(+7.24%) | scanned=22 | no_tp→fwd_return=-7.3422
  [label] 2024-07-06 08:00 MKRUSDT entry=2304.4000 → SHORT | long=sl(-5.99%) short=tp(+11.67%) | scanned=5 | short_tp_only
  [label] 2024-07-16 08:00 MKRUSDT entry=2932.9000 → SHORT | long=sl(-4.88%) short=sl(-4.88%) | scanned=6 | no_tp→fwd_return=-5.8406
  [label] 2024-10-11 08:00 MKRUSDT entry=1371.8000 → LONG | long=sl(-4.28%) short=sl(-4.28%) | scanned=12 | no_tp→fwd_return=+0.9185
  Labels: 1080 long (49.2%), 1113 short (50.8%) | weights: min=1.00, mean=3.61, max=10.00
  Features: 2193/2193 matched, 14 columns
  CV gap: 22 rows
    [trial 0] 14 features, training_days=230 | threshold=0.779 | labels: 1080 long, 1113 short (49/51%)
    [CV fold 0] train_end=2023-02-24 00:00 | val_start=2023-03-03 16:00 | gap=184h (22 rows)
    [CV fold 1] train_end=2023-06-25 16:00 | val_start=2023-07-03 08:00 | gap=184h (22 rows)
    [CV fold 2] train_end=2023-10-25 08:00 | val_start=2023-11-02 00:00 | gap=184h (22 rows)
    [CV fold 3] train_end=2024-02-24 00:00 | val_start=2024-03-02 16:00 | gap=184h (22 rows)
    [CV fold 4] train_end=2024-06-24 16:00 | val_start=2024-07-02 08:00 | gap=184h (22 rows)
    [trial 0] Sharpe=-0.0025 (folds: -0.0648, 0.0909, 0.0532, -0.0088, -0.0831)
    [trial 1] 14 features, training_days=410 | threshold=0.693 | labels: 1080 long, 1113 short (49/51%)
    [trial 1] Sharpe=-0.2067 (folds: 0.0820, -0.0030, -0.3038, -0.1011, -0.7077)
    [trial 2] 14 features, training_days=270 | threshold=0.546 | labels: 1080 long, 1113 short (49/51%)
    [trial 2] Sharpe=-0.0748 (folds: 0.0975, -0.1470, -0.0598, -0.0279, -0.2365)
    [trial 3] 14 features, training_days=270 | threshold=0.600 | labels: 1080 long, 1113 short (49/51%)
    [trial 3] Sharpe=-0.0021 (folds: 0.1632, 0.0214, 0.0125, -0.0671, -0.1408)
    [trial 4] 14 features, training_days=390 | threshold=0.764 | labels: 1080 long, 1113 short (49/51%)
    [trial 4] Sharpe=-0.1397 (folds: 0.1187, -0.0830, -0.4307, -0.1417, -0.1619)
    [trial 5] 14 features, training_days=60 | threshold=0.603 | labels: 1080 long, 1113 short (49/51%)
    [trial 5] Sharpe=-0.0309 (folds: 0.1525, -0.1800, -0.0039, -0.0990, -0.0242)
    [trial 6] 14 features, training_days=290 | threshold=0.738 | labels: 1080 long, 1113 short (49/51%)
    [trial 6] Sharpe=-0.0604 (folds: 0.0703, -0.0238, -0.1692, -0.0065, -0.1729)
    [trial 7] 14 features, training_days=70 | threshold=0.564 | labels: 1080 long, 1113 short (49/51%)
    [trial 7] Sharpe=-0.0837 (folds: -0.0659, -0.0302, 0.0470, -0.2977, -0.0718)
    [trial 8] 14 features, training_days=440 | threshold=0.653 | labels: 1080 long, 1113 short (49/51%)
    [trial 8] Sharpe=-0.2558 (folds: 0.0290, -0.0634, -0.6169, 0.0589, -0.6865)
    [trial 9] 14 features, training_days=360 | threshold=0.728 | labels: 1080 long, 1113 short (49/51%)[I 2026-05-06 02:23:02,144] Trial 9 finished with value: -2.1779922628108026 and parameters: {'confidence_threshold': 0.7277571993354469, 'training_days': 360, 'n_estimators': 75, 'max_depth': 5, 'num_leaves': 41, 'learning_rate': 0.014186743931212992, 'subsample': 0.7445187273047605, 'min_child_samples': 22, 'reg_alpha': 0.02393227447113315, 'reg_lambda': 0.009236766173618426}. Best is trial 3 with value: -0.002146606234936438.
[I 2026-05-06 02:23:02,491] A new study created in memory with name: no-name-3ded8fe9-3298-44c4-8bb5-315380701bf3
[I 2026-05-06 02:23:02,810] Trial 0 finished with value: -0.02672765760166475 and parameters: {'confidence_threshold': 0.7790993046299082, 'training_days': 230, 'n_estimators': 295, 'max_depth': 5, 'num_leaves': 83, 'learning_rate': 0.051543455158230854, 'subsample': 0.8773243492079463, 'min_child_samples': 10, 'reg_alpha': 0.034096514368237685, 'reg_lambda': 3.154180388637081e-05}. Best is trial 0 with value: -0.02672765760166475.
[I 2026-05-06 02:23:02,967] Trial 1 finished with value: -0.18604087277707554 and parameters: {'confidence_threshold': 0.6929247853618086, 'training_days': 410, 'n_estimators': 233, 'max_depth': 5, 'num_leaves': 108, 'learning_rate': 0.013724237108071606, 'subsample': 0.7013182233636002, 'min_child_samples': 94, 'reg_alpha': 2.4040959529260723e-06, 'reg_lambda': 5.320966582161148}. Best is trial 0 with value: -0.02672765760166475.
[I 2026-05-06 02:23:03,039] Trial 2 finished with value: -0.1270215098865834 and parameters: {'confidence_threshold': 0.546341527225763, 'training_days': 270, 'n_estimators': 120, 'max_depth': 4, 'num_leaves': 53, 'learning_rate': 0.060197068579343475, 'subsample': 0.588227873455941, 'min_child_samples': 91, 'reg_alpha': 2.3457771824819002e-08, 'reg_lambda': 1.1358840775642732e-08}. Best is trial 0 with value: -0.02672765760166475.
[I 2026-05-06 02:23:03,230] Trial 3 finished with value: -0.1256402196918492 and parameters: {'confidence_threshold': 0.6000319676300473, 'training_days': 270, 'n_estimators': 382, 'max_depth': 4, 'num_leaves': 44, 'learning_rate': 0.09185046765032388, 'subsample': 0.6743651508646724, 'min_child_samples': 77, 'reg_alpha': 0.0013974578104212739, 'reg_lambda': 8.97190257982477e-08}. Best is trial 0 with value: -0.02672765760166475.
[I 2026-05-06 02:23:03,610] Trial 4 finished with value: -0.1130928860638735 and parameters: {'confidence_threshold': 0.7642618789055509, 'training_days': 390, 'n_estimators': 464, 'max_depth': 5, 'num_leaves': 30, 'learning_rate': 0.024562383309704932, 'subsample': 0.8612975035964376, 'min_child_samples': 36, 'reg_alpha': 1.593999300080167, 'reg_lambda': 0.006081270362829788}. Best is trial 0 with value: -0.02672765760166475.
[I 2026-05-06 02:23:03,781] Trial 5 finished with value: -0.06450116143294475 and parameters: {'confidence_threshold': 0.6029115860358569, 'training_days': 60, 'n_estimators': 441, 'max_depth': 3, 'num_leaves': 66, 'learning_rate': 0.044953114425778824, 'subsample': 0.7098948461279406, 'min_child_samples': 15, 'reg_alpha': 4.888753565548431e-07, 'reg_lambda': 4.198190642566389}. Best is trial 0 with value: -0.02672765760166475.
[I 2026-05-06 02:23:04,050] Trial 6 finished with value: -0.1376908574373862 and parameters: {'confidence_threshold': 0.7376932868314098, 'training_days': 290, 'n_estimators': 249, 'max_depth': 5, 'num_leaves': 121, 'learning_rate': 0.015565840632862623, 'subsample': 0.8390183783709677, 'min_child_samples': 19, 'reg_alpha': 1.860444687368747e-08, 'reg_lambda': 2.7391483548058117e-06}. Best is trial 0 with value: -0.02672765760166475.
[I 2026-05-06 02:23:04,096] Trial 7 finished with value: -0.0021832870523987346 and parameters: {'confidence_threshold': 0.563503962036334, 'training_days': 70, 'n_estimators': 63, 'max_depth': 3, 'num_leaves': 47, 'learning_rate': 0.18074927623018475, 'subsample': 0.5059692991701257, 'min_child_samples': 9, 'reg_alpha': 3.6945804405602874e-08, 'reg_lambda': 0.027706035542028905}. Best is trial 7 with value: -0.0021832870523987346.
[I 2026-05-06 02:23:04,192] Trial 8 finished with value: -0.1628861320602536 and parameters: {'confidence_threshold': 0.6525471176758836, 'training_days': 440, 'n_estimators': 116, 'max_depth': 4, 'num_leaves': 115, 'learning_rate': 0.010229952960863938, 'subsample': 0.5062159465415076, 'min_child_samples': 54, 'reg_alpha': 6.790626457822126e-06, 'reg_lambda': 1.7869141074987722e-05}. Best is trial 7 with value: -0.0021832870523987346.
[I 2026-05-06 02:23:04,291] Trial 9 finished with value: -1.8956772645190259 and parameters: {'confidence_threshold': 0.7277571993354469, 'training_days': 360, 'n_estimators': 75, 'max_depth': 5, 'num_leaves': 41, 'learning_rate': 0.014186743931212992, 'subsample': 0.7445187273047605, 'min_child_samples': 22, 'reg_alpha': 0.02393227447113315, 'reg_lambda': 0.009236766173618426}. Best is trial 7 with value: -0.0021832870523987346.

    [trial 9] Sharpe=-2.1780 (folds: 0.0590, -0.2064, -10.0000, -0.2672, -0.4754)
  Optuna: 10 trials, best Sharpe = -0.0021
  Best params: n_estimators=382, max_depth=4, lr=0.0919, leaves=44
  Best confidence_threshold: 0.600
  Best training_days: 270
  Retrained on full data (810 samples, 14 features)
  Model trained for 2024-11: 90 test candles with features, confidence_threshold=0.600
[trade:close] 2024-11-03 07:59 MKRUSDT SHORT → take_profit @ 1170.11 | PnL=+9.03% (net +8.93%) | cum=-2.27% 2024-11=+8.93% 2024-11-03=+8.93%
[predict] 2024-11-06 16:00 MKRUSDT → SHORT (proba=0.88 TP=10.8%/SL=5.4%)
[trade:open] 2024-11-06 23:59 MKRUSDT SHORT @ 1386.20 | SL=1461.08 TP=1236.44 | timeout=2024-11-13 23:59
[trade:close] 2024-11-07 07:59 MKRUSDT SHORT → stop_loss @ 1461.08 | PnL=-5.40% (net -5.50%) | cum=-7.77% 2024-11=+3.42% 2024-11-07=-5.50%
[predict] 2024-11-08 16:00 MKRUSDT → SHORT (proba=0.93 TP=12.0%/SL=6.0%)
[trade:open] 2024-11-08 23:59 MKRUSDT SHORT @ 1483.40 | SL=1572.56 TP=1305.09 | timeout=2024-11-15 23:59
[trade:close] 2024-11-13 15:59 MKRUSDT SHORT → stop_loss @ 1572.56 | PnL=-6.01% (net -6.11%) | cum=-13.88% 2024-11=-2.69% 2024-11-13=-6.11%
[predict] 2024-11-15 00:00 MKRUSDT → LONG (proba=0.97 TP=14.8%/SL=7.4%)
[trade:open] 2024-11-15 07:59 MKRUSDT LONG @ 1426.80 | SL=1320.94 TP=1638.51 | timeout=2024-11-22 07:59
[trade:close] 2024-11-21 23:59 MKRUSDT LONG → take_profit @ 1638.51 | PnL=+14.84% (net +14.74%) | cum=+0.86% 2024-11=+12.05% 2024-11-21=+14.74%
[predict] 2024-11-23 08:00 MKRUSDT → SHORT (proba=0.83 TP=13.2%/SL=6.6%)
[trade:open] 2024-11-23 15:59 MKRUSDT SHORT @ 1683.80 | SL=1794.61 TP=1462.19 | timeout=2024-11-30 15:59
[trade:close] 2024-11-25 15:59 MKRUSDT SHORT → stop_loss @ 1794.61 | PnL=-6.58% (net -6.68%) | cum=-5.82% 2024-11=+5.37% 2024-11-25=-6.68%
[predict] 2024-11-30 16:00 MKRUSDT → SHORT (proba=0.66 TP=13.3%/SL=6.6%)
[trade:open] 2024-11-30 23:59 MKRUSDT SHORT @ 1860.70 | SL=1984.38 TP=1613.34 | timeout=2024-12-07 23:59
[lgbm] === Training for 2024-12 ===
  Train window: 2022-12-01 → 2024-12-01
  2193 training samples from 1 symbols
  Samples per month: 2022-12: 93, 2023-01: 93, 2023-02: 84, 2023-03: 93, 2023-04: 90, 2023-05: 93, 2023-06: 90, 2023-07: 93, 2023-08: 93, 2023-09: 90, 2023-10: 93, 2023-11: 90, 2023-12: 93, 2024-01: 93, 2024-02: 87, 2024-03: 93, 2024-04: 90, 2024-05: 93, 2024-06: 90, 2024-07: 93, 2024-08: 93, 2024-09: 90, 2024-10: 93, 2024-11: 90
  [label] 2023-02-01 08:00 MKRUSDT entry=627.2000 → LONG | long=tp(+11.20%) short=sl(-5.75%) | scanned=3 | long_tp_only
  [label] 2023-02-03 16:00 MKRUSDT entry=696.4000 → LONG | long=tp(+10.51%) short=sl(-5.40%) | scanned=12 | long_tp_only
  [label] 2023-02-07 08:00 MKRUSDT entry=729.8000 → LONG | long=tp(+10.30%) short=sl(-5.30%) | scanned=2 | long_tp_only
  [label] 2023-03-04 08:00 MKRUSDT entry=879.0000 → SHORT | long=sl(-6.83%) short=sl(-6.83%) | scanned=16 | no_tp→fwd_return=-8.0432
  [label] 2023-04-26 08:00 MKRUSDT entry=716.0000 → SHORT | long=sl(-4.74%) short=timeout(+4.20%) | scanned=22 | no_tp→fwd_return=-4.3017
  [label] 2023-10-11 08:00 MKRUSDT entry=1379.3000 → SHORT | long=timeout(-0.17%) short=sl(-4.45%) | scanned=22 | no_tp→fwd_return=-0.0653
  [label] 2023-10-15 08:00 MKRUSDT entry=1437.5000 → SHORT | long=sl(-4.05%) short=timeout(+1.00%) | scanned=22 | no_tp→fwd_return=-1.0991
  [label] 2023-10-26 00:00 MKRUSDT entry=1454.4000 → SHORT | long=sl(-5.24%) short=tp(+10.19%) | scanned=19 | short_tp_only
  [label] 2023-12-10 08:00 MKRUSDT entry=1413.5000 → SHORT | long=sl(-3.69%) short=tp(+7.08%) | scanned=2 | short_tp_only
  [label] 2023-12-19 00:00 MKRUSDT entry=1299.0000 → LONG | long=tp(+7.52%) short=sl(-3.91%) | scanned=12 | long_tp_only
  [label] 2024-03-19 16:00 MKRUSDT entry=2779.2000 → LONG | long=tp(+19.13%) short=sl(-9.71%) | scanned=6 | long_tp_only
  [label] 2024-04-20 16:00 MKRUSDT entry=3118.7000 → SHORT | long=sl(-7.69%) short=timeout(+3.96%) | scanned=22 | no_tp→fwd_return=-4.0594
  [label] 2024-05-07 00:00 MKRUSDT entry=2808.2000 → SHORT | long=sl(-5.33%) short=timeout(+3.63%) | scanned=22 | no_tp→fwd_return=-3.7284
  [label] 2024-05-20 00:00 MKRUSDT entry=2790.7000 → LONG | long=tp(+7.54%) short=sl(-3.92%) | scanned=2 | long_tp_only
  [label] 2024-06-07 16:00 MKRUSDT entry=2504.2000 → SHORT | long=sl(-4.45%) short=tp(+8.60%) | scanned=11 | short_tp_only
  [label] 2024-06-14 00:00 MKRUSDT entry=2285.8000 → SHORT | long=sl(-4.44%) short=sl(-4.44%) | scanned=12 | no_tp→fwd_return=-3.5042
  [label] 2024-06-26 08:00 MKRUSDT entry=2366.5000 → LONG | long=tp(+11.54%) short=sl(-5.92%) | scanned=3 | long_tp_only
  [label] 2024-08-05 08:00 MKRUSDT entry=1967.7000 → LONG | long=sl(-9.43%) short=timeout(-1.89%) | scanned=22 | no_tp→fwd_return=+1.7889
  [label] 2024-08-15 08:00 MKRUSDT entry=2041.2000 → SHORT | long=sl(-6.42%) short=timeout(+1.19%) | scanned=22 | no_tp→fwd_return=-1.2934
  [label] 2024-11-10 08:00 MKRUSDT entry=1541.4000 → SHORT | long=sl(-5.99%) short=timeout(+3.15%) | scanned=22 | no_tp→fwd_return=-3.2503
  Labels: 1140 long (52.0%), 1053 short (48.0%) | weights: min=1.00, mean=3.68, max=10.00
  Features: 2193/2193 matched, 14 columns
  CV gap: 22 rows
    [trial 0] 14 features, training_days=230 | threshold=0.779 | labels: 1140 long, 1053 short (52/48%)
    [CV fold 0] train_end=2023-03-26 00:00 | val_start=2023-04-02 16:00 | gap=184h (22 rows)
    [CV fold 1] train_end=2023-07-25 16:00 | val_start=2023-08-02 08:00 | gap=184h (22 rows)
    [CV fold 2] train_end=2023-11-24 08:00 | val_start=2023-12-02 00:00 | gap=184h (22 rows)
    [CV fold 3] train_end=2024-03-25 00:00 | val_start=2024-04-01 16:00 | gap=184h (22 rows)
    [CV fold 4] train_end=2024-07-24 16:00 | val_start=2024-08-01 08:00 | gap=184h (22 rows)
    [trial 0] Sharpe=-0.0267 (folds: -0.1206, -0.0534, 0.2776, -0.3790, 0.1418)
    [trial 1] 14 features, training_days=410 | threshold=0.693 | labels: 1140 long, 1053 short (52/48%)
    [trial 1] Sharpe=-0.1860 (folds: 0.0865, -0.2042, -0.0284, -0.4020, -0.3821)
    [trial 2] 14 features, training_days=270 | threshold=0.546 | labels: 1140 long, 1053 short (52/48%)
    [trial 2] Sharpe=-0.1270 (folds: -0.0957, -0.0911, 0.0117, -0.3512, -0.1087)
    [trial 3] 14 features, training_days=270 | threshold=0.600 | labels: 1140 long, 1053 short (52/48%)
    [trial 3] Sharpe=-0.1256 (folds: 0.0115, -0.0344, -0.1913, -0.3912, -0.0228)
    [trial 4] 14 features, training_days=390 | threshold=0.764 | labels: 1140 long, 1053 short (52/48%)
    [trial 4] Sharpe=-0.1131 (folds: 0.0614, -0.1937, 0.0979, -0.5192, -0.0118)
    [trial 5] 14 features, training_days=60 | threshold=0.603 | labels: 1140 long, 1053 short (52/48%)
    [trial 5] Sharpe=-0.0645 (folds: -0.0342, 0.0266, 0.1543, -0.3707, -0.0985)
    [trial 6] 14 features, training_days=290 | threshold=0.738 | labels: 1140 long, 1053 short (52/48%)
    [trial 6] Sharpe=-0.1377 (folds: 0.1061, -0.3129, -0.0375, -0.4275, -0.0167)
    [trial 7] 14 features, training_days=70 | threshold=0.564 | labels: 1140 long, 1053 short (52/48%)
    [trial 7] Sharpe=-0.0022 (folds: -0.0188, 0.0165, 0.1490, -0.1023, -0.0554)
    [trial 8] 14 features, training_days=440 | threshold=0.653 | labels: 1140 long, 1053 short (52/48%)
    [trial 8] Sharpe=-0.1629 (folds: 0.0795, -0.3589, 0.0421, -0.3757, -0.2015)
    [trial 9] 14 features, training_days=360 | threshold=0.728 | labels: 1140 long, 1053 short (52/48%)
    [trial 9] Sharpe=-1.8957 (folds: 0.2288, -10.0000, 0.5617, -0.3270, 0.0582)
  Optuna: 10 trials, best Sharpe = -0.0022
  Best params: n_estimators=63, max_depth=3, lr=0.1807, leaves=47
  Best confidence_threshold: 0.564
  Best training_days: 70
  Retrained on full data (210 samples, 14 features)
  Model trained for 2024-12: 93 test candles with features, confidence_threshold=0.564
[trade:close] 2024-12-02 23:59 MKRUSDT SHORT → stop_loss @ 1984.38 | PnL=-6.65% (net -6.75%) | cum=-12.57% 2024-12=-6.75% 2024-12-02=-6.75%
[predict] 2024-12-04 08:00 MKRUSDT → SHORT (proba=0.96 TP=13.9%/SL=6.9%)
[trade:open] 2024-12-04 15:59 MKRUSDT SHORT @ 2339.80 | SL=2502.34 TP=2014.73 | timeout=2024-12-11 15:59
[trade:close] 2024-12-09 15:59 MKRUSDT SHORT → take_profit @ 2014.73 | PnL=+13.89% (net +13.79%) | cum=+1.23% 2024-12=+7.05% 2024-12-09=+13.79%[I 2026-05-06 02:23:04,599] A new study created in memory with name: no-name-c9a7f00e-fb9a-41be-948e-ee68ba15ec3f
