[I 2026-05-06 02:20:33,998] Trial 9 finished with value: -0.11172939640050342 and parameters: {'confidence_threshold': 0.7277571993354469, 'training_days': 360, 'n_estimators': 75, 'max_depth': 5, 'num_leaves': 41, 'learning_rate': 0.014186743931212992, 'subsample': 0.7445187273047605, 'min_child_samples': 22, 'reg_alpha': 0.02393227447113315, 'reg_lambda': 0.009236766173618426}. Best is trial 1 with value: 0.05310001393104039.

    [trial 9] Sharpe=0.1476 (folds: -0.0634, 0.4418, 0.6093, -0.3882, 0.1383)
  Optuna: 10 trials, best Sharpe = 0.1476
  Best params: n_estimators=75, max_depth=5, lr=0.0142, leaves=41
  Best confidence_threshold: 0.728
  Best training_days: 360
  Retrained on full data (1080 samples, 14 features)
  Model trained for 2022-01: 93 test candles with features, confidence_threshold=0.728
[predict] 2022-01-30 00:00 BCHUSDT → LONG (proba=0.74 TP=13.0%/SL=6.5%)
[trade:open] 2022-01-30 07:59 BCHUSDT LONG @ 300.91 | SL=281.31 TP=340.11 | timeout=2022-02-06 07:59
[trade:close] 2022-01-31 07:59 BCHUSDT LONG → stop_loss @ 281.31 | PnL=-6.51% (net -6.61%) | cum=-6.61% 2022-01=-6.61% 2022-01-31=-6.61%
[lgbm] === Training for 2022-02 ===
  Train window: 2020-02-01 → 2022-02-01
  2193 training samples from 1 symbols
  Samples per month: 2020-02: 87, 2020-03: 93, 2020-04: 90, 2020-05: 93, 2020-06: 90, 2020-07: 93, 2020-08: 93, 2020-09: 90, 2020-10: 93, 2020-11: 90, 2020-12: 93, 2021-01: 93, 2021-02: 84, 2021-03: 93, 2021-04: 90, 2021-05: 93, 2021-06: 90, 2021-07: 93, 2021-08: 93, 2021-09: 90, 2021-10: 93, 2021-11: 90, 2021-12: 93, 2022-01: 93
  [label] 2020-04-03 08:00 BCHUSDT entry=234.6900 → LONG | long=tp(+14.57%) short=sl(-7.44%) | scanned=14 | long_tp_only
  [label] 2020-04-05 16:00 BCHUSDT entry=231.0800 → LONG | long=tp(+13.17%) short=sl(-6.74%) | scanned=4 | long_tp_only
  [label] 2020-04-09 08:00 BCHUSDT entry=259.3900 → SHORT | long=sl(-7.06%) short=tp(+13.82%) | scanned=7 | short_tp_only
  [label] 2020-05-04 08:00 BCHUSDT entry=246.6200 → LONG | long=tp(+11.48%) short=sl(-5.89%) | scanned=14 | long_tp_only
  [label] 2020-06-26 08:00 BCHUSDT entry=230.2500 → SHORT | long=sl(-3.42%) short=tp(+6.53%) | scanned=4 | short_tp_only
  [label] 2020-12-11 08:00 BCHUSDT entry=261.1500 → LONG | long=tp(+13.06%) short=sl(-6.68%) | scanned=13 | long_tp_only
  [label] 2020-12-15 08:00 BCHUSDT entry=292.9400 → LONG | long=tp(+10.50%) short=sl(-5.40%) | scanned=6 | long_tp_only
  [label] 2020-12-26 00:00 BCHUSDT entry=318.8700 → LONG | long=tp(+17.43%) short=sl(-8.87%) | scanned=7 | long_tp_only
  [label] 2021-02-09 08:00 BCHUSDT entry=493.0300 → LONG | long=tp(+14.13%) short=sl(-7.22%) | scanned=10 | long_tp_only
  [label] 2021-02-18 00:00 BCHUSDT entry=716.0900 → SHORT | long=sl(-9.18%) short=tp(+18.06%) | scanned=13 | short_tp_only
  [label] 2021-05-20 16:00 BCHUSDT entry=817.3000 → SHORT | long=sl(-25.08%) short=timeout(+8.15%) | scanned=22 | no_tp→fwd_return=-8.2454
  [label] 2021-06-21 16:00 BCHUSDT entry=455.2800 → LONG | long=sl(-10.32%) short=sl(-10.32%) | scanned=20 | no_tp→fwd_return=+12.2452
  [label] 2021-07-08 00:00 BCHUSDT entry=484.5600 → SHORT | long=sl(-7.01%) short=timeout(+5.98%) | scanned=22 | no_tp→fwd_return=-6.0756
  [label] 2021-07-21 00:00 BCHUSDT entry=413.7800 → LONG | long=tp(+12.53%) short=sl(-6.42%) | scanned=15 | long_tp_only
  [label] 2021-08-08 16:00 BCHUSDT entry=555.8400 → LONG | long=tp(+10.03%) short=sl(-5.16%) | scanned=7 | long_tp_only
  [label] 2021-08-15 00:00 BCHUSDT entry=679.8600 → SHORT | long=sl(-5.29%) short=sl(-5.29%) | scanned=8 | no_tp→fwd_return=-5.8747
  [label] 2021-08-27 08:00 BCHUSDT entry=626.2200 → LONG | long=tp(+10.43%) short=sl(-5.37%) | scanned=5 | long_tp_only
  [label] 2021-10-06 08:00 BCHUSDT entry=620.2700 → SHORT | long=sl(-5.41%) short=timeout(+5.42%) | scanned=22 | no_tp→fwd_return=-5.5153
  [label] 2021-10-16 08:00 BCHUSDT entry=640.9900 → SHORT | long=sl(-4.92%) short=timeout(+1.86%) | scanned=22 | no_tp→fwd_return=-1.9579
  [label] 2022-01-11 08:00 BCHUSDT entry=367.4200 → LONG | long=timeout(+2.82%) short=sl(-5.24%) | scanned=22 | no_tp→fwd_return=+2.9231
  Labels: 1139 long (51.9%), 1054 short (48.1%) | weights: min=1.01, mean=2.90, max=10.00
  Features: 2193/2193 matched, 14 columns
  CV gap: 22 rows
    [trial 0] 14 features, training_days=230 | threshold=0.779 | labels: 1139 long, 1054 short (52/48%)
    [CV fold 0] train_end=2020-05-26 00:00 | val_start=2020-06-02 16:00 | gap=184h (22 rows)
    [CV fold 1] train_end=2020-09-24 16:00 | val_start=2020-10-02 08:00 | gap=184h (22 rows)
    [CV fold 2] train_end=2021-01-24 08:00 | val_start=2021-02-01 00:00 | gap=184h (22 rows)
    [CV fold 3] train_end=2021-05-26 00:00 | val_start=2021-06-02 16:00 | gap=184h (22 rows)
    [CV fold 4] train_end=2021-09-24 16:00 | val_start=2021-10-02 08:00 | gap=184h (22 rows)
    [trial 0] Sharpe=0.0491 (folds: 0.0736, 0.2897, -0.0141, -0.1137, 0.0100)
    [trial 1] 14 features, training_days=410 | threshold=0.693 | labels: 1139 long, 1054 short (52/48%)
    [trial 1] Sharpe=0.0531 (folds: 0.1104, 0.3316, -0.0571, 0.0307, -0.1503)
    [trial 2] 14 features, training_days=270 | threshold=0.546 | labels: 1139 long, 1054 short (52/48%)
    [trial 2] Sharpe=-0.0079 (folds: 0.0569, 0.0492, -0.0080, -0.0744, -0.0631)
    [trial 3] 14 features, training_days=270 | threshold=0.600 | labels: 1139 long, 1054 short (52/48%)
    [trial 3] Sharpe=-0.0212 (folds: -0.0790, 0.0406, -0.0062, 0.0170, -0.0785)
    [trial 4] 14 features, training_days=390 | threshold=0.764 | labels: 1139 long, 1054 short (52/48%)
    [trial 4] Sharpe=0.0008 (folds: -0.0085, 0.1423, -0.0096, 0.0638, -0.1838)
    [trial 5] 14 features, training_days=60 | threshold=0.603 | labels: 1139 long, 1054 short (52/48%)
    [trial 5] Sharpe=0.0093 (folds: 0.0334, -0.1724, 0.0377, 0.1839, -0.0360)
    [trial 6] 14 features, training_days=290 | threshold=0.738 | labels: 1139 long, 1054 short (52/48%)
    [trial 6] Sharpe=0.0343 (folds: -0.0255, 0.2509, 0.0006, 0.0345, -0.0889)
    [trial 7] 14 features, training_days=70 | threshold=0.564 | labels: 1139 long, 1054 short (52/48%)
    [trial 7] Sharpe=0.0385 (folds: -0.0201, 0.0636, 0.1310, 0.0764, -0.0586)
    [trial 8] 14 features, training_days=440 | threshold=0.653 | labels: 1139 long, 1054 short (52/48%)
    [trial 8] Sharpe=0.0482 (folds: 0.1013, 0.4428, 0.0808, -0.0098, -0.3742)
    [trial 9] 14 features, training_days=360 | threshold=0.728 | labels: 1139 long, 1054 short (52/48%)
    [trial 9] Sharpe=-0.1117 (folds: -0.5159, 0.3373, 0.0459, -0.3723, -0.0537)
  Optuna: 10 trials, best Sharpe = 0.0531
  Best params: n_estimators=233, max_depth=5, lr=0.0137, leaves=108
  Best confidence_threshold: 0.693
  Best training_days: 410
  Retrained on full data (1230 samples, 14 features)
  Model trained for 2022-02: 84 test candles with features, confidence_threshold=0.693
[predict] 2022-02-15 00:00 BCHUSDT → LONG (proba=0.84 TP=10.8%/SL=5.4%)
[trade:open] 2022-02-15 07:59 BCHUSDT LONG @ 333.64 | SL=315.54 TP=369.83 | timeout=2022-02-22 07:59
[trade:close] 2022-02-17 23:59 BCHUSDT LONG → stop_loss @ 315.54 | PnL=-5.42% (net -5.52%) | cum=-12.14% 2022-02=-5.52% 2022-02-17=-5.52%
[predict] 2022-02-21 16:00 BCHUSDT → LONG (proba=0.90 TP=12.0%/SL=6.0%)
[trade:open] 2022-02-21 23:59 BCHUSDT LONG @ 283.10 | SL=266.06 TP=317.17 | timeout=2022-02-28 23:59
[trade:close] 2022-02-24 07:59 BCHUSDT LONG → stop_loss @ 266.06 | PnL=-6.02% (net -6.12%) | cum=-18.25% 2022-02=-11.64% 2022-02-24=-6.12%
[lgbm] === Training for 2022-03 ===
  Train window: 2020-03-01 → 2022-03-01
  2190 training samples from 1 symbols
  Samples per month: 2020-03: 93, 2020-04: 90, 2020-05: 93, 2020-06: 90, 2020-07: 93, 2020-08: 93, 2020-09: 90, 2020-10: 93, 2020-11: 90, 2020-12: 93, 2021-01: 93, 2021-02: 84, 2021-03: 93, 2021-04: 90, 2021-05: 93, 2021-06: 90, 2021-07: 93, 2021-08: 93, 2021-09: 90, 2021-10: 93, 2021-11: 90, 2021-12: 93, 2022-01: 93, 2022-02: 84
  [label] 2020-05-02 08:00 BCHUSDT entry=255.9300 → LONG | long=sl(-5.25%) short=sl(-5.25%) | scanned=20 | no_tp→fwd_return=+4.5794
  [label] 2020-05-04 08:00 BCHUSDT entry=246.6200 → LONG | long=tp(+11.48%) short=sl(-5.89%) | scanned=14 | long_tp_only
  [label] 2020-05-08 08:00 BCHUSDT entry=255.1800 → SHORT | long=sl(-5.37%) short=sl(-5.37%) | scanned=5 | no_tp→fwd_return=-7.1165
  [label] 2020-06-02 08:00 BCHUSDT entry=248.9900 → LONG | long=timeout(+1.76%) short=sl(-5.34%) | scanned=22 | no_tp→fwd_return=+1.8635
  [label] 2020-07-25 08:00 BCHUSDT entry=242.5000 → LONG | long=tp(+6.03%) short=sl(-3.17%) | scanned=3 | long_tp_only[I 2026-05-06 02:20:34,176] A new study created in memory with name: no-name-8bf47802-08a9-4b29-914f-45b91a9a9401
[I 2026-05-06 02:20:34,475] Trial 0 finished with value: 0.03164573128650473 and parameters: {'confidence_threshold': 0.7790993046299082, 'training_days': 230, 'n_estimators': 295, 'max_depth': 5, 'num_leaves': 83, 'learning_rate': 0.051543455158230854, 'subsample': 0.8773243492079463, 'min_child_samples': 10, 'reg_alpha': 0.034096514368237685, 'reg_lambda': 3.154180388637081e-05}. Best is trial 0 with value: 0.03164573128650473.
[I 2026-05-06 02:20:34,626] Trial 1 finished with value: -0.11286897867860093 and parameters: {'confidence_threshold': 0.6929247853618086, 'training_days': 410, 'n_estimators': 233, 'max_depth': 5, 'num_leaves': 108, 'learning_rate': 0.013724237108071606, 'subsample': 0.7013182233636002, 'min_child_samples': 94, 'reg_alpha': 2.4040959529260723e-06, 'reg_lambda': 5.320966582161148}. Best is trial 0 with value: 0.03164573128650473.
[I 2026-05-06 02:20:34,698] Trial 2 finished with value: -0.10873558837562798 and parameters: {'confidence_threshold': 0.546341527225763, 'training_days': 270, 'n_estimators': 120, 'max_depth': 4, 'num_leaves': 53, 'learning_rate': 0.060197068579343475, 'subsample': 0.588227873455941, 'min_child_samples': 91, 'reg_alpha': 2.3457771824819002e-08, 'reg_lambda': 1.1358840775642732e-08}. Best is trial 0 with value: 0.03164573128650473.
[I 2026-05-06 02:20:34,889] Trial 3 finished with value: -0.0887060451059085 and parameters: {'confidence_threshold': 0.6000319676300473, 'training_days': 270, 'n_estimators': 382, 'max_depth': 4, 'num_leaves': 44, 'learning_rate': 0.09185046765032388, 'subsample': 0.6743651508646724, 'min_child_samples': 77, 'reg_alpha': 0.0013974578104212739, 'reg_lambda': 8.97190257982477e-08}. Best is trial 0 with value: 0.03164573128650473.
[I 2026-05-06 02:20:35,294] Trial 4 finished with value: 0.007445653968555311 and parameters: {'confidence_threshold': 0.7642618789055509, 'training_days': 390, 'n_estimators': 464, 'max_depth': 5, 'num_leaves': 30, 'learning_rate': 0.024562383309704932, 'subsample': 0.8612975035964376, 'min_child_samples': 36, 'reg_alpha': 1.593999300080167, 'reg_lambda': 0.006081270362829788}. Best is trial 0 with value: 0.03164573128650473.
[I 2026-05-06 02:20:35,452] Trial 5 finished with value: -0.012045490477028109 and parameters: {'confidence_threshold': 0.6029115860358569, 'training_days': 60, 'n_estimators': 441, 'max_depth': 3, 'num_leaves': 66, 'learning_rate': 0.044953114425778824, 'subsample': 0.7098948461279406, 'min_child_samples': 15, 'reg_alpha': 4.888753565548431e-07, 'reg_lambda': 4.198190642566389}. Best is trial 0 with value: 0.03164573128650473.
[I 2026-05-06 02:20:35,725] Trial 6 finished with value: -0.0033028563017316825 and parameters: {'confidence_threshold': 0.7376932868314098, 'training_days': 290, 'n_estimators': 249, 'max_depth': 5, 'num_leaves': 121, 'learning_rate': 0.015565840632862623, 'subsample': 0.8390183783709677, 'min_child_samples': 19, 'reg_alpha': 1.860444687368747e-08, 'reg_lambda': 2.7391483548058117e-06}. Best is trial 0 with value: 0.03164573128650473.
[I 2026-05-06 02:20:35,763] Trial 7 finished with value: 0.01889360866072464 and parameters: {'confidence_threshold': 0.563503962036334, 'training_days': 70, 'n_estimators': 63, 'max_depth': 3, 'num_leaves': 47, 'learning_rate': 0.18074927623018475, 'subsample': 0.5059692991701257, 'min_child_samples': 9, 'reg_alpha': 3.6945804405602874e-08, 'reg_lambda': 0.027706035542028905}. Best is trial 0 with value: 0.03164573128650473.
[I 2026-05-06 02:20:35,850] Trial 8 finished with value: -0.05789920647740234 and parameters: {'confidence_threshold': 0.6525471176758836, 'training_days': 440, 'n_estimators': 116, 'max_depth': 4, 'num_leaves': 115, 'learning_rate': 0.010229952960863938, 'subsample': 0.5062159465415076, 'min_child_samples': 54, 'reg_alpha': 6.790626457822126e-06, 'reg_lambda': 1.7869141074987722e-05}. Best is trial 0 with value: 0.03164573128650473.
[I 2026-05-06 02:20:35,950] Trial 9 finished with value: 0.050644259026003224 and parameters: {'confidence_threshold': 0.7277571993354469, 'training_days': 360, 'n_estimators': 75, 'max_depth': 5, 'num_leaves': 41, 'learning_rate': 0.014186743931212992, 'subsample': 0.7445187273047605, 'min_child_samples': 22, 'reg_alpha': 0.02393227447113315, 'reg_lambda': 0.009236766173618426}. Best is trial 9 with value: 0.050644259026003224.
[I 2026-05-06 02:20:36,111] A new study created in memory with name: no-name-caaaf857-ff78-4b2b-a0c8-16ef13592a9d

  [label] 2021-01-08 16:00 BCHUSDT entry=437.3300 → LONG | long=tp(+19.04%) short=sl(-9.67%) | scanned=3 | long_tp_only
  [label] 2021-01-13 00:00 BCHUSDT entry=474.7000 → LONG | long=timeout(+6.20%) short=sl(-14.86%) | scanned=22 | no_tp→fwd_return=+6.3008
  [label] 2021-01-23 16:00 BCHUSDT entry=431.8900 → SHORT | long=sl(-11.35%) short=timeout(+3.16%) | scanned=22 | no_tp→fwd_return=-3.2624
  [label] 2021-03-10 00:00 BCHUSDT entry=530.1000 → SHORT | long=timeout(-0.67%) short=sl(-8.00%) | scanned=22 | no_tp→fwd_return=-0.5659
  [label] 2021-03-18 16:00 BCHUSDT entry=528.6200 → SHORT | long=sl(-7.15%) short=tp(+14.00%) | scanned=18 | short_tp_only
  [label] 2021-06-18 00:00 BCHUSDT entry=593.4600 → SHORT | long=sl(-7.54%) short=tp(+14.79%) | scanned=9 | short_tp_only
  [label] 2021-07-20 00:00 BCHUSDT entry=395.3900 → LONG | long=tp(+13.07%) short=sl(-6.69%) | scanned=9 | long_tp_only
  [label] 2021-08-05 08:00 BCHUSDT entry=534.3100 → LONG | long=tp(+10.80%) short=sl(-5.55%) | scanned=12 | long_tp_only
  [label] 2021-08-18 08:00 BCHUSDT entry=646.6700 → SHORT | long=timeout(-0.11%) short=sl(-5.67%) | scanned=22 | no_tp→fwd_return=-0.0093
  [label] 2021-09-06 00:00 BCHUSDT entry=783.4300 → SHORT | long=sl(-4.61%) short=tp(+8.91%) | scanned=4 | short_tp_only
  [label] 2021-09-12 08:00 BCHUSDT entry=649.4400 → SHORT | long=sl(-6.23%) short=timeout(+4.79%) | scanned=22 | no_tp→fwd_return=-4.8950
  [label] 2021-09-24 16:00 BCHUSDT entry=513.1200 → LONG | long=sl(-7.30%) short=timeout(-6.04%) | scanned=22 | no_tp→fwd_return=+5.9440
  [label] 2021-11-03 16:00 BCHUSDT entry=611.9800 → LONG | long=sl(-4.60%) short=sl(-4.60%) | scanned=15 | no_tp→fwd_return=+4.4397
  [label] 2021-11-13 16:00 BCHUSDT entry=665.8900 → SHORT | long=sl(-4.67%) short=tp(+9.05%) | scanned=8 | short_tp_only
  [label] 2022-02-08 08:00 BCHUSDT entry=330.1400 → SHORT | long=sl(-5.60%) short=sl(-5.60%) | scanned=11 | no_tp→fwd_return=-3.8893
  Labels: 1127 long (51.5%), 1063 short (48.5%) | weights: min=1.01, mean=2.89, max=10.00
  Features: 2190/2190 matched, 14 columns
  CV gap: 22 rows
    [trial 0] 14 features, training_days=230 | threshold=0.779 | labels: 1127 long, 1063 short (51/49%)
    [CV fold 0] train_end=2020-06-23 00:00 | val_start=2020-06-30 16:00 | gap=184h (22 rows)
    [CV fold 1] train_end=2020-10-22 16:00 | val_start=2020-10-30 08:00 | gap=184h (22 rows)
    [CV fold 2] train_end=2021-02-21 08:00 | val_start=2021-03-01 00:00 | gap=184h (22 rows)
    [CV fold 3] train_end=2021-06-23 00:00 | val_start=2021-06-30 16:00 | gap=184h (22 rows)
    [CV fold 4] train_end=2021-10-22 16:00 | val_start=2021-10-30 08:00 | gap=184h (22 rows)
    [trial 0] Sharpe=0.0316 (folds: 0.1198, 0.2254, -0.0129, -0.0202, -0.1539)
    [trial 1] 14 features, training_days=410 | threshold=0.693 | labels: 1127 long, 1063 short (51/49%)
    [trial 1] Sharpe=-0.1129 (folds: 0.2644, -0.7755, -0.0784, 0.2002, -0.1750)
    [trial 2] 14 features, training_days=270 | threshold=0.546 | labels: 1127 long, 1063 short (51/49%)
    [trial 2] Sharpe=-0.1087 (folds: -0.0395, -0.1215, -0.0673, -0.0880, -0.2275)
    [trial 3] 14 features, training_days=270 | threshold=0.600 | labels: 1127 long, 1063 short (51/49%)
    [trial 3] Sharpe=-0.0887 (folds: 0.0449, -0.0859, -0.1420, -0.0849, -0.1756)
    [trial 4] 14 features, training_days=390 | threshold=0.764 | labels: 1127 long, 1063 short (51/49%)
    [trial 4] Sharpe=0.0074 (folds: 0.1090, 0.1105, -0.0294, 0.0385, -0.1914)
    [trial 5] 14 features, training_days=60 | threshold=0.603 | labels: 1127 long, 1063 short (51/49%)
    [trial 5] Sharpe=-0.0120 (folds: -0.0131, -0.0653, 0.3518, -0.0496, -0.2841)
    [trial 6] 14 features, training_days=290 | threshold=0.738 | labels: 1127 long, 1063 short (51/49%)
    [trial 6] Sharpe=-0.0033 (folds: 0.0258, 0.1462, -0.0325, 0.0531, -0.2091)
    [trial 7] 14 features, training_days=70 | threshold=0.564 | labels: 1127 long, 1063 short (51/49%)
    [trial 7] Sharpe=0.0189 (folds: -0.1070, 0.0626, 0.2931, 0.0183, -0.1725)
    [trial 8] 14 features, training_days=440 | threshold=0.653 | labels: 1127 long, 1063 short (51/49%)
    [trial 8] Sharpe=-0.0579 (folds: -0.0667, 0.0064, 0.0043, -0.0455, -0.1881)
    [trial 9] 14 features, training_days=360 | threshold=0.728 | labels: 1127 long, 1063 short (51/49%)
    [trial 9] Sharpe=0.0506 (folds: 0.0668, 0.3622, 0.0009, -0.0123, -0.1644)
  Optuna: 10 trials, best Sharpe = 0.0506
  Best params: n_estimators=75, max_depth=5, lr=0.0142, leaves=41
  Best confidence_threshold: 0.728
  Best training_days: 360
  Retrained on full data (1080 samples, 14 features)
  Model trained for 2022-03: 93 test candles with features, confidence_threshold=0.728
[lgbm] === Training for 2022-04 ===
  Train window: 2020-04-01 → 2022-04-01
  2190 training samples from 1 symbols
  Samples per month: 2020-04: 90, 2020-05: 93, 2020-06: 90, 2020-07: 93, 2020-08: 93, 2020-09: 90, 2020-10: 93, 2020-11: 90, 2020-12: 93, 2021-01: 93, 2021-02: 84, 2021-03: 93, 2021-04: 90, 2021-05: 93, 2021-06: 90, 2021-07: 93, 2021-08: 93, 2021-09: 90, 2021-10: 93, 2021-11: 90, 2021-12: 93, 2022-01: 93, 2022-02: 84, 2022-03: 93
  [label] 2020-06-02 08:00 BCHUSDT entry=248.9900 → LONG | long=timeout(+1.76%) short=sl(-5.34%) | scanned=22 | no_tp→fwd_return=+1.8635
  [label] 2020-06-04 08:00 BCHUSDT entry=257.0600 → SHORT | long=sl(-4.89%) short=timeout(+4.41%) | scanned=22 | no_tp→fwd_return=-4.5126
  [label] 2020-06-08 08:00 BCHUSDT entry=253.6900 → SHORT | long=sl(-4.32%) short=tp(+8.33%) | scanned=10 | short_tp_only
  [label] 2020-07-03 08:00 BCHUSDT entry=222.4900 → LONG | long=tp(+6.59%) short=sl(-3.44%) | scanned=9 | long_tp_only
  [label] 2020-08-25 08:00 BCHUSDT entry=279.0400 → LONG | long=sl(-5.71%) short=timeout(-2.25%) | scanned=22 | no_tp→fwd_return=+2.1502
  [label] 2021-02-08 16:00 BCHUSDT entry=485.0000 → LONG | long=tp(+13.93%) short=sl(-7.11%) | scanned=11 | long_tp_only
  [label] 2021-02-13 00:00 BCHUSDT entry=560.4300 → LONG | long=tp(+14.99%) short=sl(-7.64%) | scanned=2 | long_tp_only
  [label] 2021-02-23 16:00 BCHUSDT entry=515.4900 → LONG | long=sl(-16.36%) short=timeout(-0.48%) | scanned=22 | no_tp→fwd_return=+0.3841
  [label] 2021-04-10 00:00 BCHUSDT entry=664.9100 → LONG | long=tp(+12.76%) short=sl(-6.53%) | scanned=11 | long_tp_only
  [label] 2021-04-18 16:00 BCHUSDT entry=973.2700 → SHORT | long=sl(-11.30%) short=tp(+22.31%) | scanned=13 | short_tp_only
  [label] 2021-07-19 00:00 BCHUSDT entry=437.7500 → SHORT | long=sl(-5.89%) short=tp(+11.47%) | scanned=4 | short_tp_only
  [label] 2021-08-20 00:00 BCHUSDT entry=657.1500 → SHORT | long=sl(-5.36%) short=sl(-5.36%) | scanned=18 | no_tp→fwd_return=-5.9332
  [label] 2021-09-05 08:00 BCHUSDT entry=729.6000 → LONG | long=tp(+8.80%) short=sl(-4.55%) | scanned=3 | long_tp_only
  [label] 2021-09-18 08:00 BCHUSDT entry=630.4400 → SHORT | long=sl(-5.34%) short=tp(+10.39%) | scanned=5 | short_tp_only
  [label] 2021-10-07 00:00 BCHUSDT entry=624.7700 → SHORT | long=sl(-5.36%) short=timeout(+4.52%) | scanned=22 | no_tp→fwd_return=-4.6177
  [label] 2021-10-13 08:00 BCHUSDT entry=586.0600 → LONG | long=tp(+10.95%) short=sl(-5.63%) | scanned=10 | long_tp_only
  [label] 2021-10-25 16:00 BCHUSDT entry=621.8900 → SHORT | long=sl(-4.23%) short=tp(+8.15%) | scanned=5 | short_tp_only
  [label] 2021-12-04 16:00 BCHUSDT entry=472.8600 → SHORT | long=sl(-8.63%) short=timeout(+2.78%) | scanned=22 | no_tp→fwd_return=-2.8846
  [label] 2021-12-14 16:00 BCHUSDT entry=436.4900 → LONG | long=timeout(+0.13%) short=timeout(-0.33%) | scanned=22 | no_tp→fwd_return=+0.2337
  [label] 2022-03-11 08:00 BCHUSDT entry=288.0500 → LONG | long=timeout(+3.78%) short=timeout(-3.98%) | scanned=22 | no_tp→fwd_return=+3.8847
  Labels: 1147 long (52.4%), 1043 short (47.6%) | weights: min=1.01, mean=3.29, max=10.00
  Features: 2190/2190 matched, 14 columns
  CV gap: 22 rows
    [trial 0] 14 features, training_days=230 | threshold=0.779 | labels: 1147 long, 1043 short (52/48%)
    [CV fold 0] train_end=2020-07-24 00:00 | val_start=2020-07-31 16:00 | gap=184h (22 rows)
    [CV fold 1] train_end=2020-11-22 16:00 | val_start=2020-11-30 08:00 | gap=184h (22 rows)[I 2026-05-06 02:20:36,412] Trial 0 finished with value: -0.007944437805979967 and parameters: {'confidence_threshold': 0.7790993046299082, 'training_days': 230, 'n_estimators': 295, 'max_depth': 5, 'num_leaves': 83, 'learning_rate': 0.051543455158230854, 'subsample': 0.8773243492079463, 'min_child_samples': 10, 'reg_alpha': 0.034096514368237685, 'reg_lambda': 3.154180388637081e-05}. Best is trial 0 with value: -0.007944437805979967.
