[I 2026-05-06 02:23:45,119] Trial 9 finished with value: -0.17599772584838697 and parameters: {'confidence_threshold': 0.7277571993354469, 'training_days': 360, 'n_estimators': 75, 'max_depth': 5, 'num_leaves': 41, 'learning_rate': 0.014186743931212992, 'subsample': 0.7445187273047605, 'min_child_samples': 22, 'reg_alpha': 0.02393227447113315, 'reg_lambda': 0.009236766173618426}. Best is trial 5 with value: -0.0395916175961584.

  [label] 2024-03-21 16:00 LDOUSDT entry=2.8651 → LONG | long=timeout(+0.74%) short=sl(-9.76%) | scanned=22 | no_tp→fwd_return=+0.8412
  [label] 2024-04-07 00:00 LDOUSDT entry=2.5709 → LONG | long=tp(+15.61%) short=sl(-7.95%) | scanned=4 | long_tp_only
  [label] 2024-04-20 00:00 LDOUSDT entry=1.9888 → SHORT | long=timeout(-2.74%) short=timeout(+2.54%) | scanned=22 | no_tp→fwd_return=-2.6448
  [label] 2024-05-08 16:00 LDOUSDT entry=1.8511 → SHORT | long=sl(-7.22%) short=tp(+14.14%) | scanned=20 | short_tp_only
  [label] 2024-05-15 00:00 LDOUSDT entry=1.5994 → LONG | long=tp(+13.14%) short=sl(-6.72%) | scanned=7 | long_tp_only
  [label] 2024-05-27 08:00 LDOUSDT entry=2.5755 → SHORT | long=sl(-8.10%) short=timeout(+5.76%) | scanned=22 | no_tp→fwd_return=-5.8629
  [label] 2024-07-06 08:00 LDOUSDT entry=1.5756 → LONG | long=timeout(+7.75%) short=timeout(-7.95%) | scanned=22 | no_tp→fwd_return=+7.8510
  [label] 2024-07-16 08:00 LDOUSDT entry=1.8170 → SHORT | long=timeout(-1.05%) short=sl(-7.00%) | scanned=22 | no_tp→fwd_return=-0.9521
  [label] 2024-10-11 08:00 LDOUSDT entry=1.0837 → LONG | long=sl(-6.32%) short=sl(-6.32%) | scanned=9 | no_tp→fwd_return=+7.6774
  Labels: 1078 long (49.2%), 1115 short (50.8%) | weights: min=1.00, mean=3.53, max=10.00
  Features: 2193/2193 matched, 14 columns
  CV gap: 22 rows
    [trial 0] 14 features, training_days=230 | threshold=0.779 | labels: 1078 long, 1115 short (49/51%)
    [CV fold 0] train_end=2023-02-24 00:00 | val_start=2023-03-03 16:00 | gap=184h (22 rows)
    [CV fold 1] train_end=2023-06-25 16:00 | val_start=2023-07-03 08:00 | gap=184h (22 rows)
    [CV fold 2] train_end=2023-10-25 08:00 | val_start=2023-11-02 00:00 | gap=184h (22 rows)
    [CV fold 3] train_end=2024-02-24 00:00 | val_start=2024-03-02 16:00 | gap=184h (22 rows)
    [CV fold 4] train_end=2024-06-24 16:00 | val_start=2024-07-02 08:00 | gap=184h (22 rows)
    [trial 0] Sharpe=-0.1353 (folds: -0.0006, -0.5169, -0.0823, -0.0173, -0.0594)
    [trial 1] 14 features, training_days=410 | threshold=0.693 | labels: 1078 long, 1115 short (49/51%)
    [trial 1] Sharpe=-0.1718 (folds: -0.0201, -0.5827, -0.0821, -0.2094, 0.0354)
    [trial 2] 14 features, training_days=270 | threshold=0.546 | labels: 1078 long, 1115 short (49/51%)
    [trial 2] Sharpe=-0.1448 (folds: -0.0804, -0.5272, -0.1698, 0.0454, 0.0079)
    [trial 3] 14 features, training_days=270 | threshold=0.600 | labels: 1078 long, 1115 short (49/51%)
    [trial 3] Sharpe=-0.0849 (folds: -0.1442, -0.3037, -0.1086, 0.0563, 0.0758)
    [trial 4] 14 features, training_days=390 | threshold=0.764 | labels: 1078 long, 1115 short (49/51%)
    [trial 4] Sharpe=-0.1313 (folds: -0.0635, -0.4524, -0.1678, 0.0597, -0.0327)
    [trial 5] 14 features, training_days=60 | threshold=0.603 | labels: 1078 long, 1115 short (49/51%)
    [trial 5] Sharpe=-0.0396 (folds: -0.0771, 0.0055, -0.0630, -0.1091, 0.0458)
    [trial 6] 14 features, training_days=290 | threshold=0.738 | labels: 1078 long, 1115 short (49/51%)
    [trial 6] Sharpe=-0.1824 (folds: -0.0294, -0.5705, -0.2205, 0.0053, -0.0968)
    [trial 7] 14 features, training_days=70 | threshold=0.564 | labels: 1078 long, 1115 short (49/51%)
    [trial 7] Sharpe=-0.0496 (folds: 0.0166, 0.0349, -0.0807, -0.1087, -0.1102)
    [trial 8] 14 features, training_days=440 | threshold=0.653 | labels: 1078 long, 1115 short (49/51%)
    [trial 8] Sharpe=-0.1240 (folds: 0.0005, -0.6299, -0.2001, -0.2560, 0.4654)
    [trial 9] 14 features, training_days=360 | threshold=0.728 | labels: 1078 long, 1115 short (49/51%)
    [trial 9] Sharpe=-0.1760 (folds: -0.0700, -0.6358, -0.1253, 0.0161, -0.0650)
  Optuna: 10 trials, best Sharpe = -0.0396
  Best params: n_estimators=441, max_depth=3, lr=0.0450, leaves=66
  Best confidence_threshold: 0.603
  Best training_days: 60
  Retrained on full data (180 samples, 14 features)
  Model trained for 2024-11: 90 test candles with features, confidence_threshold=0.603
[predict] 2024-11-10 00:00 LDOUSDT → SHORT (proba=0.93 TP=16.0%/SL=8.0%)
[trade:open] 2024-11-10 07:59 LDOUSDT SHORT @ 1.41 | SL=1.52 TP=1.18 | timeout=2024-11-17 07:59
[trade:close] 2024-11-12 15:59 LDOUSDT SHORT → take_profit @ 1.18 | PnL=+16.00% (net +15.90%) | cum=-6.17% 2024-11=+15.90% 2024-11-12=+15.90%
[predict] 2024-11-15 00:00 LDOUSDT → SHORT (proba=0.94 TP=21.9%/SL=10.9%)
[trade:open] 2024-11-15 07:59 LDOUSDT SHORT @ 1.13 | SL=1.25 TP=0.88 | timeout=2024-11-22 07:59
[trade:close] 2024-11-16 23:59 LDOUSDT SHORT → stop_loss @ 1.25 | PnL=-10.95% (net -11.05%) | cum=-17.22% 2024-11=+4.85% 2024-11-16=-11.05%
[predict] 2024-11-24 16:00 LDOUSDT → SHORT (proba=1.00 TP=17.8%/SL=8.9%)
[trade:open] 2024-11-24 23:59 LDOUSDT SHORT @ 1.46 | SL=1.59 TP=1.20 | timeout=2024-12-01 23:59
[trade:close] 2024-11-25 15:59 LDOUSDT SHORT → stop_loss @ 1.59 | PnL=-8.89% (net -8.99%) | cum=-26.21% 2024-11=-4.14% 2024-11-25=-8.99%
[predict] 2024-11-30 08:00 LDOUSDT → SHORT (proba=1.00 TP=17.7%/SL=8.9%)
[trade:open] 2024-11-30 15:59 LDOUSDT SHORT @ 1.80 | SL=1.96 TP=1.48 | timeout=2024-12-07 15:59
[lgbm] === Training for 2024-12 ===
  Train window: 2022-12-01 → 2024-12-01
  2193 training samples from 1 symbols
  Samples per month: 2022-12: 93, 2023-01: 93, 2023-02: 84, 2023-03: 93, 2023-04: 90, 2023-05: 93, 2023-06: 90, 2023-07: 93, 2023-08: 93, 2023-09: 90, 2023-10: 93, 2023-11: 90, 2023-12: 93, 2024-01: 93, 2024-02: 87, 2024-03: 93, 2024-04: 90, 2024-05: 93, 2024-06: 90, 2024-07: 93, 2024-08: 93, 2024-09: 90, 2024-10: 93, 2024-11: 90
  [label] 2023-02-01 08:00 LDOUSDT entry=2.1000 → SHORT | long=sl(-10.89%) short=sl(-10.89%) | scanned=12 | no_tp→fwd_return=-2.6571
  [label] 2023-02-03 16:00 LDOUSDT entry=2.3575 → SHORT | long=sl(-10.20%) short=tp(+20.10%) | scanned=5 | short_tp_only
  [label] 2023-02-07 08:00 LDOUSDT entry=2.5135 → LONG | long=sl(-9.86%) short=sl(-9.86%) | scanned=7 | no_tp→fwd_return=+4.7464
  [label] 2023-03-04 08:00 LDOUSDT entry=2.6795 → SHORT | long=sl(-9.78%) short=tp(+19.25%) | scanned=18 | short_tp_only
  [label] 2023-04-26 08:00 LDOUSDT entry=2.1903 → SHORT | long=sl(-6.54%) short=tp(+12.77%) | scanned=21 | short_tp_only
  [label] 2023-10-11 08:00 LDOUSDT entry=1.5499 → LONG | long=sl(-4.19%) short=sl(-4.19%) | scanned=14 | no_tp→fwd_return=+5.2132
  [label] 2023-10-15 08:00 LDOUSDT entry=1.5863 → SHORT | long=sl(-3.59%) short=sl(-3.59%) | scanned=7 | no_tp→fwd_return=-2.6918
  [label] 2023-10-26 00:00 LDOUSDT entry=1.9624 → SHORT | long=sl(-5.66%) short=tp(+11.02%) | scanned=5 | short_tp_only
  [label] 2023-12-10 08:00 LDOUSDT entry=2.4017 → SHORT | long=sl(-6.37%) short=tp(+12.44%) | scanned=2 | short_tp_only
  [label] 2023-12-19 00:00 LDOUSDT entry=2.1453 → LONG | long=tp(+12.25%) short=sl(-6.27%) | scanned=11 | long_tp_only
  [label] 2024-03-19 16:00 LDOUSDT entry=2.3104 → LONG | long=tp(+23.08%) short=sl(-11.69%) | scanned=5 | long_tp_only
  [label] 2024-04-20 16:00 LDOUSDT entry=2.1053 → SHORT | long=sl(-9.38%) short=timeout(+2.30%) | scanned=22 | no_tp→fwd_return=-2.4035
  [label] 2024-05-07 00:00 LDOUSDT entry=1.9171 → SHORT | long=sl(-7.10%) short=tp(+13.91%) | scanned=21 | short_tp_only
  [label] 2024-05-20 00:00 LDOUSDT entry=1.7438 → LONG | long=tp(+12.39%) short=sl(-6.35%) | scanned=2 | long_tp_only
  [label] 2024-06-07 16:00 LDOUSDT entry=2.0300 → SHORT | long=sl(-8.53%) short=timeout(+2.34%) | scanned=22 | no_tp→fwd_return=-2.4433
  [label] 2024-06-14 00:00 LDOUSDT entry=1.9783 → LONG | long=sl(-7.88%) short=sl(-7.88%) | scanned=7 | no_tp→fwd_return=+13.2791
  [label] 2024-06-26 08:00 LDOUSDT entry=2.2788 → SHORT | long=sl(-8.85%) short=sl(-8.85%) | scanned=7 | no_tp→fwd_return=-17.8339
  [label] 2024-08-05 08:00 LDOUSDT entry=0.9972 → LONG | long=timeout(+9.05%) short=sl(-13.66%) | scanned=22 | no_tp→fwd_return=+9.1456
  [label] 2024-08-15 08:00 LDOUSDT entry=1.0560 → LONG | long=sl(-8.32%) short=sl(-8.32%) | scanned=21 | no_tp→fwd_return=+5.6155
  [label] 2024-11-10 08:00 LDOUSDT entry=1.3642 → SHORT | long=sl(-8.31%) short=tp(+16.32%) | scanned=6 | short_tp_only
  Labels: 1123 long (51.2%), 1070 short (48.8%) | weights: min=1.00, mean=4.16, max=10.00[I 2026-05-06 02:23:45,484] A new study created in memory with name: no-name-035b2b73-259d-44a1-aa9f-bf348253372e
[I 2026-05-06 02:23:45,772] Trial 0 finished with value: -0.09913858620216748 and parameters: {'confidence_threshold': 0.7790993046299082, 'training_days': 230, 'n_estimators': 295, 'max_depth': 5, 'num_leaves': 83, 'learning_rate': 0.051543455158230854, 'subsample': 0.8773243492079463, 'min_child_samples': 10, 'reg_alpha': 0.034096514368237685, 'reg_lambda': 3.154180388637081e-05}. Best is trial 0 with value: -0.09913858620216748.
[I 2026-05-06 02:23:45,915] Trial 1 finished with value: -0.055310517897644816 and parameters: {'confidence_threshold': 0.6929247853618086, 'training_days': 410, 'n_estimators': 233, 'max_depth': 5, 'num_leaves': 108, 'learning_rate': 0.013724237108071606, 'subsample': 0.7013182233636002, 'min_child_samples': 94, 'reg_alpha': 2.4040959529260723e-06, 'reg_lambda': 5.320966582161148}. Best is trial 1 with value: -0.055310517897644816.
[I 2026-05-06 02:23:45,993] Trial 2 finished with value: -0.09423124705898536 and parameters: {'confidence_threshold': 0.546341527225763, 'training_days': 270, 'n_estimators': 120, 'max_depth': 4, 'num_leaves': 53, 'learning_rate': 0.060197068579343475, 'subsample': 0.588227873455941, 'min_child_samples': 91, 'reg_alpha': 2.3457771824819002e-08, 'reg_lambda': 1.1358840775642732e-08}. Best is trial 1 with value: -0.055310517897644816.
[I 2026-05-06 02:23:46,208] Trial 3 finished with value: -0.10089042782134172 and parameters: {'confidence_threshold': 0.6000319676300473, 'training_days': 270, 'n_estimators': 382, 'max_depth': 4, 'num_leaves': 44, 'learning_rate': 0.09185046765032388, 'subsample': 0.6743651508646724, 'min_child_samples': 77, 'reg_alpha': 0.0013974578104212739, 'reg_lambda': 8.97190257982477e-08}. Best is trial 1 with value: -0.055310517897644816.
[I 2026-05-06 02:23:46,636] Trial 4 finished with value: -0.04531038560385002 and parameters: {'confidence_threshold': 0.7642618789055509, 'training_days': 390, 'n_estimators': 464, 'max_depth': 5, 'num_leaves': 30, 'learning_rate': 0.024562383309704932, 'subsample': 0.8612975035964376, 'min_child_samples': 36, 'reg_alpha': 1.593999300080167, 'reg_lambda': 0.006081270362829788}. Best is trial 4 with value: -0.04531038560385002.
[I 2026-05-06 02:23:46,812] Trial 5 finished with value: -0.03165830737885413 and parameters: {'confidence_threshold': 0.6029115860358569, 'training_days': 60, 'n_estimators': 441, 'max_depth': 3, 'num_leaves': 66, 'learning_rate': 0.044953114425778824, 'subsample': 0.7098948461279406, 'min_child_samples': 15, 'reg_alpha': 4.888753565548431e-07, 'reg_lambda': 4.198190642566389}. Best is trial 5 with value: -0.03165830737885413.
[I 2026-05-06 02:23:47,059] Trial 6 finished with value: -0.1263723024459844 and parameters: {'confidence_threshold': 0.7376932868314098, 'training_days': 290, 'n_estimators': 249, 'max_depth': 5, 'num_leaves': 121, 'learning_rate': 0.015565840632862623, 'subsample': 0.8390183783709677, 'min_child_samples': 19, 'reg_alpha': 1.860444687368747e-08, 'reg_lambda': 2.7391483548058117e-06}. Best is trial 5 with value: -0.03165830737885413.
[I 2026-05-06 02:23:47,095] Trial 7 finished with value: 0.05125377977668112 and parameters: {'confidence_threshold': 0.563503962036334, 'training_days': 70, 'n_estimators': 63, 'max_depth': 3, 'num_leaves': 47, 'learning_rate': 0.18074927623018475, 'subsample': 0.5059692991701257, 'min_child_samples': 9, 'reg_alpha': 3.6945804405602874e-08, 'reg_lambda': 0.027706035542028905}. Best is trial 7 with value: 0.05125377977668112.
[I 2026-05-06 02:23:47,187] Trial 8 finished with value: -0.14964638018604204 and parameters: {'confidence_threshold': 0.6525471176758836, 'training_days': 440, 'n_estimators': 116, 'max_depth': 4, 'num_leaves': 115, 'learning_rate': 0.010229952960863938, 'subsample': 0.5062159465415076, 'min_child_samples': 54, 'reg_alpha': 6.790626457822126e-06, 'reg_lambda': 1.7869141074987722e-05}. Best is trial 7 with value: 0.05125377977668112.
[I 2026-05-06 02:23:47,290] Trial 9 finished with value: -0.21916375852114228 and parameters: {'confidence_threshold': 0.7277571993354469, 'training_days': 360, 'n_estimators': 75, 'max_depth': 5, 'num_leaves': 41, 'learning_rate': 0.014186743931212992, 'subsample': 0.7445187273047605, 'min_child_samples': 22, 'reg_alpha': 0.02393227447113315, 'reg_lambda': 0.009236766173618426}. Best is trial 7 with value: 0.05125377977668112.
[I 2026-05-06 02:23:47,627] A new study created in memory with name: no-name-be9a0fc7-6ef6-412e-9ec9-99c2c8a1da14
[I 2026-05-06 02:23:47,934] Trial 0 finished with value: -0.1671601591849997 and parameters: {'confidence_threshold': 0.7790993046299082, 'training_days': 230, 'n_estimators': 295, 'max_depth': 5, 'num_leaves': 83, 'learning_rate': 0.051543455158230854, 'subsample': 0.8773243492079463, 'min_child_samples': 10, 'reg_alpha': 0.034096514368237685, 'reg_lambda': 3.154180388637081e-05}. Best is trial 0 with value: -0.1671601591849997.
