[I 2026-05-06 02:20:36,565] Trial 1 finished with value: 0.09272206576566339 and parameters: {'confidence_threshold': 0.6929247853618086, 'training_days': 410, 'n_estimators': 233, 'max_depth': 5, 'num_leaves': 108, 'learning_rate': 0.013724237108071606, 'subsample': 0.7013182233636002, 'min_child_samples': 94, 'reg_alpha': 2.4040959529260723e-06, 'reg_lambda': 5.320966582161148}. Best is trial 1 with value: 0.09272206576566339.
[I 2026-05-06 02:20:36,637] Trial 2 finished with value: 0.047895587203129766 and parameters: {'confidence_threshold': 0.546341527225763, 'training_days': 270, 'n_estimators': 120, 'max_depth': 4, 'num_leaves': 53, 'learning_rate': 0.060197068579343475, 'subsample': 0.588227873455941, 'min_child_samples': 91, 'reg_alpha': 2.3457771824819002e-08, 'reg_lambda': 1.1358840775642732e-08}. Best is trial 1 with value: 0.09272206576566339.
[I 2026-05-06 02:20:36,832] Trial 3 finished with value: 0.05930253585635372 and parameters: {'confidence_threshold': 0.6000319676300473, 'training_days': 270, 'n_estimators': 382, 'max_depth': 4, 'num_leaves': 44, 'learning_rate': 0.09185046765032388, 'subsample': 0.6743651508646724, 'min_child_samples': 77, 'reg_alpha': 0.0013974578104212739, 'reg_lambda': 8.97190257982477e-08}. Best is trial 1 with value: 0.09272206576566339.
[I 2026-05-06 02:20:37,237] Trial 4 finished with value: 0.03512481004573599 and parameters: {'confidence_threshold': 0.7642618789055509, 'training_days': 390, 'n_estimators': 464, 'max_depth': 5, 'num_leaves': 30, 'learning_rate': 0.024562383309704932, 'subsample': 0.8612975035964376, 'min_child_samples': 36, 'reg_alpha': 1.593999300080167, 'reg_lambda': 0.006081270362829788}. Best is trial 1 with value: 0.09272206576566339.
[I 2026-05-06 02:20:37,405] Trial 5 finished with value: 0.019987414913948925 and parameters: {'confidence_threshold': 0.6029115860358569, 'training_days': 60, 'n_estimators': 441, 'max_depth': 3, 'num_leaves': 66, 'learning_rate': 0.044953114425778824, 'subsample': 0.7098948461279406, 'min_child_samples': 15, 'reg_alpha': 4.888753565548431e-07, 'reg_lambda': 4.198190642566389}. Best is trial 1 with value: 0.09272206576566339.
[I 2026-05-06 02:20:37,631] Trial 6 finished with value: 0.05624059075398835 and parameters: {'confidence_threshold': 0.7376932868314098, 'training_days': 290, 'n_estimators': 249, 'max_depth': 5, 'num_leaves': 121, 'learning_rate': 0.015565840632862623, 'subsample': 0.8390183783709677, 'min_child_samples': 19, 'reg_alpha': 1.860444687368747e-08, 'reg_lambda': 2.7391483548058117e-06}. Best is trial 1 with value: 0.09272206576566339.
[I 2026-05-06 02:20:37,665] Trial 7 finished with value: 0.14572826859307358 and parameters: {'confidence_threshold': 0.563503962036334, 'training_days': 70, 'n_estimators': 63, 'max_depth': 3, 'num_leaves': 47, 'learning_rate': 0.18074927623018475, 'subsample': 0.5059692991701257, 'min_child_samples': 9, 'reg_alpha': 3.6945804405602874e-08, 'reg_lambda': 0.027706035542028905}. Best is trial 7 with value: 0.14572826859307358.
[I 2026-05-06 02:20:37,740] Trial 8 finished with value: 0.010600540466811012 and parameters: {'confidence_threshold': 0.6525471176758836, 'training_days': 440, 'n_estimators': 116, 'max_depth': 4, 'num_leaves': 115, 'learning_rate': 0.010229952960863938, 'subsample': 0.5062159465415076, 'min_child_samples': 54, 'reg_alpha': 6.790626457822126e-06, 'reg_lambda': 1.7869141074987722e-05}. Best is trial 7 with value: 0.14572826859307358.
[I 2026-05-06 02:20:37,824] Trial 9 finished with value: 0.15801356597155175 and parameters: {'confidence_threshold': 0.7277571993354469, 'training_days': 360, 'n_estimators': 75, 'max_depth': 5, 'num_leaves': 41, 'learning_rate': 0.014186743931212992, 'subsample': 0.7445187273047605, 'min_child_samples': 22, 'reg_alpha': 0.02393227447113315, 'reg_lambda': 0.009236766173618426}. Best is trial 9 with value: 0.15801356597155175.
[I 2026-05-06 02:20:37,984] A new study created in memory with name: no-name-50ebf11b-13d8-4b17-b3b7-ae7b3661041b
[I 2026-05-06 02:20:38,277] Trial 0 finished with value: 0.04741894727114956 and parameters: {'confidence_threshold': 0.7790993046299082, 'training_days': 230, 'n_estimators': 295, 'max_depth': 5, 'num_leaves': 83, 'learning_rate': 0.051543455158230854, 'subsample': 0.8773243492079463, 'min_child_samples': 10, 'reg_alpha': 0.034096514368237685, 'reg_lambda': 3.154180388637081e-05}. Best is trial 0 with value: 0.04741894727114956.
[I 2026-05-06 02:20:38,402] Trial 1 finished with value: 0.05227419180014157 and parameters: {'confidence_threshold': 0.6929247853618086, 'training_days': 410, 'n_estimators': 233, 'max_depth': 5, 'num_leaves': 108, 'learning_rate': 0.013724237108071606, 'subsample': 0.7013182233636002, 'min_child_samples': 94, 'reg_alpha': 2.4040959529260723e-06, 'reg_lambda': 5.320966582161148}. Best is trial 1 with value: 0.05227419180014157.
[I 2026-05-06 02:20:38,463] Trial 2 finished with value: -0.05347804434646679 and parameters: {'confidence_threshold': 0.546341527225763, 'training_days': 270, 'n_estimators': 120, 'max_depth': 4, 'num_leaves': 53, 'learning_rate': 0.060197068579343475, 'subsample': 0.588227873455941, 'min_child_samples': 91, 'reg_alpha': 2.3457771824819002e-08, 'reg_lambda': 1.1358840775642732e-08}. Best is trial 1 with value: 0.05227419180014157.
[I 2026-05-06 02:20:38,634] Trial 3 finished with value: -0.11464778532369575 and parameters: {'confidence_threshold': 0.6000319676300473, 'training_days': 270, 'n_estimators': 382, 'max_depth': 4, 'num_leaves': 44, 'learning_rate': 0.09185046765032388, 'subsample': 0.6743651508646724, 'min_child_samples': 77, 'reg_alpha': 0.0013974578104212739, 'reg_lambda': 8.97190257982477e-08}. Best is trial 1 with value: 0.05227419180014157.
[I 2026-05-06 02:20:38,968] Trial 4 finished with value: 0.03019404232308619 and parameters: {'confidence_threshold': 0.7642618789055509, 'training_days': 390, 'n_estimators': 464, 'max_depth': 5, 'num_leaves': 30, 'learning_rate': 0.024562383309704932, 'subsample': 0.8612975035964376, 'min_child_samples': 36, 'reg_alpha': 1.593999300080167, 'reg_lambda': 0.006081270362829788}. Best is trial 1 with value: 0.05227419180014157.
[I 2026-05-06 02:20:39,097] Trial 5 finished with value: 0.02910297975823827 and parameters: {'confidence_threshold': 0.6029115860358569, 'training_days': 60, 'n_estimators': 441, 'max_depth': 3, 'num_leaves': 66, 'learning_rate': 0.044953114425778824, 'subsample': 0.7098948461279406, 'min_child_samples': 15, 'reg_alpha': 4.888753565548431e-07, 'reg_lambda': 4.198190642566389}. Best is trial 1 with value: 0.05227419180014157.
[I 2026-05-06 02:20:39,310] Trial 6 finished with value: 0.005918086782819271 and parameters: {'confidence_threshold': 0.7376932868314098, 'training_days': 290, 'n_estimators': 249, 'max_depth': 5, 'num_leaves': 121, 'learning_rate': 0.015565840632862623, 'subsample': 0.8390183783709677, 'min_child_samples': 19, 'reg_alpha': 1.860444687368747e-08, 'reg_lambda': 2.7391483548058117e-06}. Best is trial 1 with value: 0.05227419180014157.
[I 2026-05-06 02:20:39,347] Trial 7 finished with value: 0.019424172310078692 and parameters: {'confidence_threshold': 0.563503962036334, 'training_days': 70, 'n_estimators': 63, 'max_depth': 3, 'num_leaves': 47, 'learning_rate': 0.18074927623018475, 'subsample': 0.5059692991701257, 'min_child_samples': 9, 'reg_alpha': 3.6945804405602874e-08, 'reg_lambda': 0.027706035542028905}. Best is trial 1 with value: 0.05227419180014157.
[I 2026-05-06 02:20:39,431] Trial 8 finished with value: -0.016181418886214726 and parameters: {'confidence_threshold': 0.6525471176758836, 'training_days': 440, 'n_estimators': 116, 'max_depth': 4, 'num_leaves': 115, 'learning_rate': 0.010229952960863938, 'subsample': 0.5062159465415076, 'min_child_samples': 54, 'reg_alpha': 6.790626457822126e-06, 'reg_lambda': 1.7869141074987722e-05}. Best is trial 1 with value: 0.05227419180014157.
[I 2026-05-06 02:20:39,518] Trial 9 finished with value: 0.08115120013547701 and parameters: {'confidence_threshold': 0.7277571993354469, 'training_days': 360, 'n_estimators': 75, 'max_depth': 5, 'num_leaves': 41, 'learning_rate': 0.014186743931212992, 'subsample': 0.7445187273047605, 'min_child_samples': 22, 'reg_alpha': 0.02393227447113315, 'reg_lambda': 0.009236766173618426}. Best is trial 9 with value: 0.08115120013547701.

    [CV fold 2] train_end=2021-03-24 08:00 | val_start=2021-04-01 00:00 | gap=184h (22 rows)
    [CV fold 3] train_end=2021-07-24 00:00 | val_start=2021-07-31 16:00 | gap=184h (22 rows)
    [CV fold 4] train_end=2021-11-22 16:00 | val_start=2021-11-30 08:00 | gap=184h (22 rows)
    [trial 0] Sharpe=-0.0079 (folds: 0.0517, 0.1696, -0.0146, -0.1105, -0.1359)
    [trial 1] 14 features, training_days=410 | threshold=0.693 | labels: 1147 long, 1043 short (52/48%)
    [trial 1] Sharpe=0.0927 (folds: -0.0107, 0.3879, -0.0952, 0.1340, 0.0476)
    [trial 2] 14 features, training_days=270 | threshold=0.546 | labels: 1147 long, 1043 short (52/48%)
    [trial 2] Sharpe=0.0479 (folds: -0.0464, 0.2670, -0.1016, -0.0127, 0.1332)
    [trial 3] 14 features, training_days=270 | threshold=0.600 | labels: 1147 long, 1043 short (52/48%)
    [trial 3] Sharpe=0.0593 (folds: -0.0303, 0.3246, -0.0948, 0.0076, 0.0893)
    [trial 4] 14 features, training_days=390 | threshold=0.764 | labels: 1147 long, 1043 short (52/48%)
    [trial 4] Sharpe=0.0351 (folds: 0.0547, 0.3268, -0.2128, 0.0115, -0.0046)
    [trial 5] 14 features, training_days=60 | threshold=0.603 | labels: 1147 long, 1043 short (52/48%)
    [trial 5] Sharpe=0.0200 (folds: 0.0141, 0.2086, 0.1410, -0.0566, -0.2072)
    [trial 6] 14 features, training_days=290 | threshold=0.738 | labels: 1147 long, 1043 short (52/48%)
    [trial 6] Sharpe=0.0562 (folds: 0.0101, 0.1479, 0.0084, -0.1175, 0.2324)
    [trial 7] 14 features, training_days=70 | threshold=0.564 | labels: 1147 long, 1043 short (52/48%)
    [trial 7] Sharpe=0.1457 (folds: 0.0997, 0.2333, 0.2515, 0.1959, -0.0518)
    [trial 8] 14 features, training_days=440 | threshold=0.653 | labels: 1147 long, 1043 short (52/48%)
    [trial 8] Sharpe=0.0106 (folds: -0.0393, 0.4415, -0.0594, -0.1687, -0.1211)
    [trial 9] 14 features, training_days=360 | threshold=0.728 | labels: 1147 long, 1043 short (52/48%)
    [trial 9] Sharpe=0.1580 (folds: 0.0089, 0.8473, -0.3015, 0.2943, -0.0588)
  Optuna: 10 trials, best Sharpe = 0.1580
  Best params: n_estimators=75, max_depth=5, lr=0.0142, leaves=41
  Best confidence_threshold: 0.728
  Best training_days: 360
  Retrained on full data (1080 samples, 14 features)
  Model trained for 2022-04: 90 test candles with features, confidence_threshold=0.728
[lgbm] === Training for 2022-05 ===
  Train window: 2020-05-01 → 2022-05-01
  2190 training samples from 1 symbols
  Samples per month: 2020-05: 93, 2020-06: 90, 2020-07: 93, 2020-08: 93, 2020-09: 90, 2020-10: 93, 2020-11: 90, 2020-12: 93, 2021-01: 93, 2021-02: 84, 2021-03: 93, 2021-04: 90, 2021-05: 93, 2021-06: 90, 2021-07: 93, 2021-08: 93, 2021-09: 90, 2021-10: 93, 2021-11: 90, 2021-12: 93, 2022-01: 93, 2022-02: 84, 2022-03: 93, 2022-04: 90
  [label] 2020-07-02 08:00 BCHUSDT entry=219.8100 → LONG | long=tp(+6.89%) short=sl(-3.59%) | scanned=12 | long_tp_only
  [label] 2020-07-04 08:00 BCHUSDT entry=221.1400 → LONG | long=tp(+6.30%) short=sl(-3.30%) | scanned=6 | long_tp_only
  [label] 2020-07-08 08:00 BCHUSDT entry=244.1100 → SHORT | long=sl(-3.52%) short=tp(+6.74%) | scanned=16 | short_tp_only
  [label] 2020-08-02 08:00 BCHUSDT entry=283.2200 → LONG | long=tp(+14.59%) short=sl(-7.44%) | scanned=14 | long_tp_only
  [label] 2020-09-24 08:00 BCHUSDT entry=215.6800 → LONG | long=timeout(+5.20%) short=sl(-4.96%) | scanned=22 | no_tp→fwd_return=+5.2995
  [label] 2021-03-10 16:00 BCHUSDT entry=547.3700 → SHORT | long=sl(-7.63%) short=sl(-7.63%) | scanned=16 | no_tp→fwd_return=-2.6582
  [label] 2021-03-15 00:00 BCHUSDT entry=533.2600 → SHORT | long=timeout(-2.13%) short=timeout(+1.93%) | scanned=22 | no_tp→fwd_return=-2.0290
  [label] 2021-03-25 16:00 BCHUSDT entry=473.1000 → LONG | long=tp(+14.71%) short=sl(-7.51%) | scanned=18 | long_tp_only
  [label] 2021-05-10 00:00 BCHUSDT entry=1495.0500 → SHORT | long=sl(-10.28%) short=tp(+20.25%) | scanned=9 | short_tp_only
  [label] 2021-05-18 16:00 BCHUSDT entry=1089.2300 → SHORT | long=sl(-15.09%) short=tp(+29.88%) | scanned=2 | short_tp_only
  [label] 2021-08-18 00:00 BCHUSDT entry=637.2000 → LONG | long=timeout(+1.67%) short=sl(-5.86%) | scanned=22 | no_tp→fwd_return=+1.7734
  [label] 2021-09-19 00:00 BCHUSDT entry=637.2400 → SHORT | long=sl(-5.22%) short=tp(+10.14%) | scanned=3 | short_tp_only
  [label] 2021-10-05 08:00 BCHUSDT entry=569.6100 → LONG | long=tp(+10.07%) short=sl(-5.18%) | scanned=6 | long_tp_only
  [label] 2021-10-18 08:00 BCHUSDT entry=608.3900 → LONG | long=timeout(+3.08%) short=sl(-5.03%) | scanned=22 | no_tp→fwd_return=+3.1822
  [label] 2021-11-06 00:00 BCHUSDT entry=593.3100 → LONG | long=tp(+8.83%) short=sl(-4.57%) | scanned=9 | long_tp_only
  [label] 2021-11-12 08:00 BCHUSDT entry=652.0400 → SHORT | long=sl(-5.11%) short=sl(-5.11%) | scanned=11 | no_tp→fwd_return=-4.5626
  [label] 2021-11-24 16:00 BCHUSDT entry=618.9700 → SHORT | long=sl(-5.10%) short=tp(+9.90%) | scanned=5 | short_tp_only
  [label] 2022-01-03 16:00 BCHUSDT entry=434.7900 → SHORT | long=sl(-3.81%) short=tp(+7.32%) | scanned=6 | short_tp_only
  [label] 2022-01-13 16:00 BCHUSDT entry=377.2100 → SHORT | long=sl(-4.67%) short=sl(-4.67%) | scanned=21 | no_tp→fwd_return=-5.3021
  [label] 2022-04-10 08:00 BCHUSDT entry=326.8200 → SHORT | long=sl(-4.96%) short=tp(+9.62%) | scanned=4 | short_tp_only
  Labels: 1095 long (50.0%), 1095 short (50.0%) | weights: min=1.01, mean=3.28, max=10.00
  Features: 2190/2190 matched, 14 columns
  CV gap: 22 rows
    [trial 0] 14 features, training_days=230 | threshold=0.779 | labels: 1095 long, 1095 short (50/50%)
    [CV fold 0] train_end=2020-08-23 00:00 | val_start=2020-08-30 16:00 | gap=184h (22 rows)
    [CV fold 1] train_end=2020-12-22 16:00 | val_start=2020-12-30 08:00 | gap=184h (22 rows)
    [CV fold 2] train_end=2021-04-23 08:00 | val_start=2021-05-01 00:00 | gap=184h (22 rows)
    [CV fold 3] train_end=2021-08-23 00:00 | val_start=2021-08-30 16:00 | gap=184h (22 rows)
    [CV fold 4] train_end=2021-12-22 16:00 | val_start=2021-12-30 08:00 | gap=184h (22 rows)
    [trial 0] Sharpe=0.0474 (folds: 0.2765, 0.3063, -0.2600, -0.0232, -0.0626)
    [trial 1] 14 features, training_days=410 | threshold=0.693 | labels: 1095 long, 1095 short (50/50%)
    [trial 1] Sharpe=0.0523 (folds: 0.5169, 0.0654, -0.4210, 0.0759, 0.0242)
    [trial 2] 14 features, training_days=270 | threshold=0.546 | labels: 1095 long, 1095 short (50/50%)
    [trial 2] Sharpe=-0.0535 (folds: 0.2435, 0.0299, -0.3718, -0.0321, -0.1369)
    [trial 3] 14 features, training_days=270 | threshold=0.600 | labels: 1095 long, 1095 short (50/50%)
    [trial 3] Sharpe=-0.1146 (folds: 0.1209, 0.0231, -0.3583, -0.0672, -0.2917)
    [trial 4] 14 features, training_days=390 | threshold=0.764 | labels: 1095 long, 1095 short (50/50%)
    [trial 4] Sharpe=0.0302 (folds: 0.2056, 0.3289, -0.3551, 0.1577, -0.1862)
    [trial 5] 14 features, training_days=60 | threshold=0.603 | labels: 1095 long, 1095 short (50/50%)
    [trial 5] Sharpe=0.0291 (folds: -0.0632, 0.3354, -0.2680, -0.1684, 0.3097)
    [trial 6] 14 features, training_days=290 | threshold=0.738 | labels: 1095 long, 1095 short (50/50%)
    [trial 6] Sharpe=0.0059 (folds: 0.2751, 0.3922, -0.2550, -0.1383, -0.2444)
    [trial 7] 14 features, training_days=70 | threshold=0.564 | labels: 1095 long, 1095 short (50/50%)
    [trial 7] Sharpe=0.0194 (folds: -0.1253, 0.4698, -0.3298, -0.1278, 0.2102)
    [trial 8] 14 features, training_days=440 | threshold=0.653 | labels: 1095 long, 1095 short (50/50%)
    [trial 8] Sharpe=-0.0162 (folds: 0.2867, 0.3454, -0.3696, -0.1072, -0.2363)
    [trial 9] 14 features, training_days=360 | threshold=0.728 | labels: 1095 long, 1095 short (50/50%)
    [trial 9] Sharpe=0.0812 (folds: 0.3119, 0.4247, -0.5259, 0.1383, 0.0567)
  Optuna: 10 trials, best Sharpe = 0.0812
  Best params: n_estimators=75, max_depth=5, lr=0.0142, leaves=41
  Best confidence_threshold: 0.728
  Best training_days: 360
  Retrained on full data (1080 samples, 14 features)
  Model trained for 2022-05: 93 test candles with features, confidence_threshold=0.728
[predict] 2022-05-10 08:00 BCHUSDT → LONG (proba=0.75 TP=14.9%/SL=7.4%)
[trade:open] 2022-05-10 15:59 BCHUSDT LONG @ 233.53 | SL=216.18 TP=268.24 | timeout=2022-05-17 15:59[I 2026-05-06 02:20:39,687] A new study created in memory with name: no-name-792d6599-8df3-41de-9cc5-59b4d029d994
[I 2026-05-06 02:20:39,926] Trial 0 finished with value: -0.05099442393024699 and parameters: {'confidence_threshold': 0.7790993046299082, 'training_days': 230, 'n_estimators': 295, 'max_depth': 5, 'num_leaves': 83, 'learning_rate': 0.051543455158230854, 'subsample': 0.8773243492079463, 'min_child_samples': 10, 'reg_alpha': 0.034096514368237685, 'reg_lambda': 3.154180388637081e-05}. Best is trial 0 with value: -0.05099442393024699.
[I 2026-05-06 02:20:40,061] Trial 1 finished with value: -0.11068698379692758 and parameters: {'confidence_threshold': 0.6929247853618086, 'training_days': 410, 'n_estimators': 233, 'max_depth': 5, 'num_leaves': 108, 'learning_rate': 0.013724237108071606, 'subsample': 0.7013182233636002, 'min_child_samples': 94, 'reg_alpha': 2.4040959529260723e-06, 'reg_lambda': 5.320966582161148}. Best is trial 0 with value: -0.05099442393024699.
[I 2026-05-06 02:20:40,119] Trial 2 finished with value: -0.12142719035275715 and parameters: {'confidence_threshold': 0.546341527225763, 'training_days': 270, 'n_estimators': 120, 'max_depth': 4, 'num_leaves': 53, 'learning_rate': 0.060197068579343475, 'subsample': 0.588227873455941, 'min_child_samples': 91, 'reg_alpha': 2.3457771824819002e-08, 'reg_lambda': 1.1358840775642732e-08}. Best is trial 0 with value: -0.05099442393024699.
[I 2026-05-06 02:20:40,289] Trial 3 finished with value: -0.08324091327173462 and parameters: {'confidence_threshold': 0.6000319676300473, 'training_days': 270, 'n_estimators': 382, 'max_depth': 4, 'num_leaves': 44, 'learning_rate': 0.09185046765032388, 'subsample': 0.6743651508646724, 'min_child_samples': 77, 'reg_alpha': 0.0013974578104212739, 'reg_lambda': 8.97190257982477e-08}. Best is trial 0 with value: -0.05099442393024699.
[I 2026-05-06 02:20:40,637] Trial 4 finished with value: -0.09747256589861261 and parameters: {'confidence_threshold': 0.7642618789055509, 'training_days': 390, 'n_estimators': 464, 'max_depth': 5, 'num_leaves': 30, 'learning_rate': 0.024562383309704932, 'subsample': 0.8612975035964376, 'min_child_samples': 36, 'reg_alpha': 1.593999300080167, 'reg_lambda': 0.006081270362829788}. Best is trial 0 with value: -0.05099442393024699.
[I 2026-05-06 02:20:40,766] Trial 5 finished with value: 0.012307915104063403 and parameters: {'confidence_threshold': 0.6029115860358569, 'training_days': 60, 'n_estimators': 441, 'max_depth': 3, 'num_leaves': 66, 'learning_rate': 0.044953114425778824, 'subsample': 0.7098948461279406, 'min_child_samples': 15, 'reg_alpha': 4.888753565548431e-07, 'reg_lambda': 4.198190642566389}. Best is trial 5 with value: 0.012307915104063403.
[I 2026-05-06 02:20:40,978] Trial 6 finished with value: -0.12259898191313426 and parameters: {'confidence_threshold': 0.7376932868314098, 'training_days': 290, 'n_estimators': 249, 'max_depth': 5, 'num_leaves': 121, 'learning_rate': 0.015565840632862623, 'subsample': 0.8390183783709677, 'min_child_samples': 19, 'reg_alpha': 1.860444687368747e-08, 'reg_lambda': 2.7391483548058117e-06}. Best is trial 5 with value: 0.012307915104063403.
[I 2026-05-06 02:20:41,011] Trial 7 finished with value: 0.02060245168095481 and parameters: {'confidence_threshold': 0.563503962036334, 'training_days': 70, 'n_estimators': 63, 'max_depth': 3, 'num_leaves': 47, 'learning_rate': 0.18074927623018475, 'subsample': 0.5059692991701257, 'min_child_samples': 9, 'reg_alpha': 3.6945804405602874e-08, 'reg_lambda': 0.027706035542028905}. Best is trial 7 with value: 0.02060245168095481.
[I 2026-05-06 02:20:41,093] Trial 8 finished with value: -0.09818246142330293 and parameters: {'confidence_threshold': 0.6525471176758836, 'training_days': 440, 'n_estimators': 116, 'max_depth': 4, 'num_leaves': 115, 'learning_rate': 0.010229952960863938, 'subsample': 0.5062159465415076, 'min_child_samples': 54, 'reg_alpha': 6.790626457822126e-06, 'reg_lambda': 1.7869141074987722e-05}. Best is trial 7 with value: 0.02060245168095481.
