/home/roberto/crypto-trade/.worktrees/quant-research/.venv/lib/python3.13/site-packages/statsmodels/regression/linear_model.py:955: RuntimeWarning: divide by zero encountered in log
  llf = -nobs2*np.log(2*np.pi) - nobs2*np.log(ssr / nobs) - nobs2
/home/roberto/crypto-trade/.worktrees/quant-research/.venv/lib/python3.13/site-packages/statsmodels/regression/linear_model.py:955: RuntimeWarning: divide by zero encountered in log
  llf = -nobs2*np.log(2*np.pi) - nobs2*np.log(ssr / nobs) - nobs2
[I 2026-05-06 02:20:30,451] A new study created in memory with name: no-name-ded14fd1-9fff-409f-9fac-5b540093da47
[I 2026-05-06 02:20:30,732] Trial 0 finished with value: 0.04495397427110899 and parameters: {'confidence_threshold': 0.7790993046299082, 'training_days': 230, 'n_estimators': 295, 'max_depth': 5, 'num_leaves': 83, 'learning_rate': 0.051543455158230854, 'subsample': 0.8773243492079463, 'min_child_samples': 10, 'reg_alpha': 0.034096514368237685, 'reg_lambda': 3.154180388637081e-05}. Best is trial 0 with value: 0.04495397427110899.
[I 2026-05-06 02:20:30,876] Trial 1 finished with value: 0.021398023130948265 and parameters: {'confidence_threshold': 0.6929247853618086, 'training_days': 410, 'n_estimators': 233, 'max_depth': 5, 'num_leaves': 108, 'learning_rate': 0.013724237108071606, 'subsample': 0.7013182233636002, 'min_child_samples': 94, 'reg_alpha': 2.4040959529260723e-06, 'reg_lambda': 5.320966582161148}. Best is trial 0 with value: 0.04495397427110899.
[I 2026-05-06 02:20:30,944] Trial 2 finished with value: -0.006053099529889691 and parameters: {'confidence_threshold': 0.546341527225763, 'training_days': 270, 'n_estimators': 120, 'max_depth': 4, 'num_leaves': 53, 'learning_rate': 0.060197068579343475, 'subsample': 0.588227873455941, 'min_child_samples': 91, 'reg_alpha': 2.3457771824819002e-08, 'reg_lambda': 1.1358840775642732e-08}. Best is trial 0 with value: 0.04495397427110899.
[I 2026-05-06 02:20:31,134] Trial 3 finished with value: 0.009593480609584457 and parameters: {'confidence_threshold': 0.6000319676300473, 'training_days': 270, 'n_estimators': 382, 'max_depth': 4, 'num_leaves': 44, 'learning_rate': 0.09185046765032388, 'subsample': 0.6743651508646724, 'min_child_samples': 77, 'reg_alpha': 0.0013974578104212739, 'reg_lambda': 8.97190257982477e-08}. Best is trial 0 with value: 0.04495397427110899.
[I 2026-05-06 02:20:31,526] Trial 4 finished with value: 0.056055561121701555 and parameters: {'confidence_threshold': 0.7642618789055509, 'training_days': 390, 'n_estimators': 464, 'max_depth': 5, 'num_leaves': 30, 'learning_rate': 0.024562383309704932, 'subsample': 0.8612975035964376, 'min_child_samples': 36, 'reg_alpha': 1.593999300080167, 'reg_lambda': 0.006081270362829788}. Best is trial 4 with value: 0.056055561121701555.
[I 2026-05-06 02:20:31,668] Trial 5 finished with value: -0.012660059125452414 and parameters: {'confidence_threshold': 0.6029115860358569, 'training_days': 60, 'n_estimators': 441, 'max_depth': 3, 'num_leaves': 66, 'learning_rate': 0.044953114425778824, 'subsample': 0.7098948461279406, 'min_child_samples': 15, 'reg_alpha': 4.888753565548431e-07, 'reg_lambda': 4.198190642566389}. Best is trial 4 with value: 0.056055561121701555.
[I 2026-05-06 02:20:31,904] Trial 6 finished with value: 0.04153552286157949 and parameters: {'confidence_threshold': 0.7376932868314098, 'training_days': 290, 'n_estimators': 249, 'max_depth': 5, 'num_leaves': 121, 'learning_rate': 0.015565840632862623, 'subsample': 0.8390183783709677, 'min_child_samples': 19, 'reg_alpha': 1.860444687368747e-08, 'reg_lambda': 2.7391483548058117e-06}. Best is trial 4 with value: 0.056055561121701555.
[I 2026-05-06 02:20:31,940] Trial 7 finished with value: 0.013854783252625565 and parameters: {'confidence_threshold': 0.563503962036334, 'training_days': 70, 'n_estimators': 63, 'max_depth': 3, 'num_leaves': 47, 'learning_rate': 0.18074927623018475, 'subsample': 0.5059692991701257, 'min_child_samples': 9, 'reg_alpha': 3.6945804405602874e-08, 'reg_lambda': 0.027706035542028905}. Best is trial 4 with value: 0.056055561121701555.
[I 2026-05-06 02:20:32,026] Trial 8 finished with value: 0.1385582576061088 and parameters: {'confidence_threshold': 0.6525471176758836, 'training_days': 440, 'n_estimators': 116, 'max_depth': 4, 'num_leaves': 115, 'learning_rate': 0.010229952960863938, 'subsample': 0.5062159465415076, 'min_child_samples': 54, 'reg_alpha': 6.790626457822126e-06, 'reg_lambda': 1.7869141074987722e-05}. Best is trial 8 with value: 0.1385582576061088.
  V3_FEATURE_COLUMNS: 14 columns  PASS
  Label-leakage gap: (timeout_candles=21+1) * n_symbols=4 = 88  [matches REQUIRED_GAP=88]  PASS
  Track isolation (features_v3 does not import v1/v2): PASS

BASELINE v3 iter-v3-007: BCHUSDT, MKRUSDT, LDOUSDT, TRXUSDT (seed-plumbing fix)
Seeds: 1  Optuna trials/model: 10
Active models: 4/4 (--symbols=None)
CPCV: N=10, k=2, 45 paths on IS CANDLE SEQUENCE
Gap: 88 (= (timeout_candles+1) * 4 full-universe symbols)
Pre-flight: branch OK, symbols OK, data fresh (<16h), feature-cols=34  PASS

[features] Skipping feature generation (--skip-features)

[features] Loading IS-window feature DataFrames...
  BCHUSDT: 6949 rows loaded
  MKRUSDT: 6257 rows loaded
  LDOUSDT: 3961 rows loaded
  TRXUSDT: 6889 rows loaded

[ADF] Running per-(symbol, feature, retraining month) stationarity tests...
  ADF: 2468/2982 (82.8%) cells stationary (p<0.05) in 70.4s
  Non-stationary (feature, month) cells: 514
  ADF total rows: 2982

[IC] Computing pairwise feature correlation matrix on IS data...
Loaded 6951 BTC 8h klines for trend filter


############################################################
# SEED 42 (1/1)
############################################################
============================================================
MODEL A (BCHUSDT) — seed 42
============================================================
[lgbm] 14 feature columns, 53 walk-forward splits
[lgbm] ATR labeling: 6949/6951 rows with ATR values
[lgbm] No split for 2020-01 (insufficient training data)
[lgbm] No split for 2020-02 (insufficient training data)
[lgbm] No split for 2020-03 (insufficient training data)
[lgbm] No split for 2020-04 (insufficient training data)
[lgbm] No split for 2020-05 (insufficient training data)
[lgbm] No split for 2020-06 (insufficient training data)
[lgbm] No split for 2020-07 (insufficient training data)
[lgbm] No split for 2020-08 (insufficient training data)
[lgbm] No split for 2020-09 (insufficient training data)
[lgbm] No split for 2020-10 (insufficient training data)
[lgbm] No split for 2020-11 (insufficient training data)
[lgbm] No split for 2020-12 (insufficient training data)
[lgbm] No split for 2021-01 (insufficient training data)
[lgbm] No split for 2021-02 (insufficient training data)
[lgbm] No split for 2021-03 (insufficient training data)
[lgbm] No split for 2021-04 (insufficient training data)
[lgbm] No split for 2021-05 (insufficient training data)
[lgbm] No split for 2021-06 (insufficient training data)
[lgbm] No split for 2021-07 (insufficient training data)
[lgbm] No split for 2021-08 (insufficient training data)
[lgbm] No split for 2021-09 (insufficient training data)
[lgbm] No split for 2021-10 (insufficient training data)
[lgbm] No split for 2021-11 (insufficient training data)
[lgbm] No split for 2021-12 (insufficient training data)
[lgbm] === Training for 2022-01 ===
  Train window: 2020-01-01 → 2022-01-01
  2193 training samples from 1 symbols
  Samples per month: 2020-01: 93, 2020-02: 87, 2020-03: 93, 2020-04: 90, 2020-05: 93, 2020-06: 90, 2020-07: 93, 2020-08: 93, 2020-09: 90, 2020-10: 93, 2020-11: 90, 2020-12: 93, 2021-01: 93, 2021-02: 84, 2021-03: 93, 2021-04: 90, 2021-05: 93, 2021-06: 90, 2021-07: 93, 2021-08: 93, 2021-09: 90, 2021-10: 93, 2021-11: 90, 2021-12: 93
  [label] 2020-03-03 08:00 BCHUSDT entry=326.2600 → SHORT | long=sl(-7.68%) short=sl(-7.68%) | scanned=15 | no_tp→fwd_return=-9.9522
  [label] 2020-03-05 16:00 BCHUSDT entry=337.3900 → SHORT | long=sl(-6.83%) short=tp(+13.36%) | scanned=8 | short_tp_only
  [label] 2020-03-09 08:00 BCHUSDT entry=262.2600 → SHORT | long=sl(-9.79%) short=tp(+19.28%) | scanned=9 | short_tp_only
  [label] 2020-04-03 08:00 BCHUSDT entry=234.6900 → LONG | long=tp(+14.57%) short=sl(-7.44%) | scanned=14 | long_tp_only
  [label] 2020-05-26 08:00 BCHUSDT entry=224.4700 → LONG | long=tp(+9.46%) short=sl(-4.88%) | scanned=12 | long_tp_only
  [label] 2020-11-10 08:00 BCHUSDT entry=256.4200 → SHORT | long=sl(-6.11%) short=timeout(+0.28%) | scanned=22 | no_tp→fwd_return=-0.3822
  [label] 2020-11-14 08:00 BCHUSDT entry=249.5600 → LONG | long=sl(-5.66%) short=sl(-5.66%) | scanned=20 | no_tp→fwd_return=+8.0021
  [label] 2020-11-25 00:00 BCHUSDT entry=341.9200 → SHORT | long=sl(-7.58%) short=tp(+14.86%) | scanned=3 | short_tp_only
  [label] 2021-01-09 08:00 BCHUSDT entry=459.9300 → LONG | long=tp(+18.41%) short=sl(-9.35%) | scanned=1 | long_tp_only
  [label] 2021-01-18 00:00 BCHUSDT entry=479.4400 → SHORT | long=sl(-11.80%) short=sl(-11.80%) | scanned=11 | no_tp→fwd_return=-12.6606
  [label] 2021-04-19 16:00 BCHUSDT entry=891.7200 → SHORT | long=sl(-12.86%) short=timeout(+4.67%) | scanned=22 | no_tp→fwd_return=-4.7672
  [label] 2021-05-21 16:00 BCHUSDT entry=687.0500 → LONG | long=sl(-29.15%) short=timeout(-0.32%) | scanned=22 | no_tp→fwd_return=+0.2183
  [label] 2021-06-07 00:00 BCHUSDT entry=659.2500 → SHORT | long=sl(-10.44%) short=timeout(+7.01%) | scanned=22 | no_tp→fwd_return=-7.1066
  [label] 2021-06-20 00:00 BCHUSDT entry=556.6700 → SHORT | long=sl(-7.55%) short=tp(+14.81%) | scanned=4 | short_tp_only
  [label] 2021-07-08 16:00 BCHUSDT entry=490.0000 → SHORT | long=sl(-6.77%) short=timeout(+6.91%) | scanned=22 | no_tp→fwd_return=-7.0061
  [label] 2021-07-15 00:00 BCHUSDT entry=455.1200 → SHORT | long=sl(-6.46%) short=tp(+12.61%) | scanned=15 | short_tp_only
  [label] 2021-07-27 08:00 BCHUSDT entry=491.8800 → LONG | long=tp(+11.46%) short=sl(-5.88%) | scanned=10 | long_tp_only
  [label] 2021-09-05 08:00 BCHUSDT entry=729.6000 → LONG | long=tp(+8.80%) short=sl(-4.55%) | scanned=3 | long_tp_only
  [label] 2021-09-15 08:00 BCHUSDT entry=649.8000 → SHORT | long=sl(-5.84%) short=tp(+11.39%) | scanned=14 | short_tp_only
  [label] 2021-12-11 08:00 BCHUSDT entry=456.2300 → SHORT | long=sl(-7.81%) short=timeout(+4.50%) | scanned=22 | no_tp→fwd_return=-4.6029
  Labels: 1189 long (54.2%), 1004 short (45.8%) | weights: min=1.01, mean=2.93, max=10.00
  Features: 2193/2193 matched, 14 columns
  CV gap: 22 rows
    [trial 0] 14 features, training_days=230 | threshold=0.779 | labels: 1189 long, 1004 short (54/46%)
    [CV fold 0] train_end=2020-04-25 00:00 | val_start=2020-05-02 16:00 | gap=184h (22 rows)
    [CV fold 1] train_end=2020-08-24 16:00 | val_start=2020-09-01 08:00 | gap=184h (22 rows)
    [CV fold 2] train_end=2020-12-24 08:00 | val_start=2021-01-01 00:00 | gap=184h (22 rows)
    [CV fold 3] train_end=2021-04-25 00:00 | val_start=2021-05-02 16:00 | gap=184h (22 rows)
    [CV fold 4] train_end=2021-08-24 16:00 | val_start=2021-09-01 08:00 | gap=184h (22 rows)
    [trial 0] Sharpe=0.0450 (folds: -0.0807, 0.2917, 0.2979, -0.2426, -0.0416)
    [trial 1] 14 features, training_days=410 | threshold=0.693 | labels: 1189 long, 1004 short (54/46%)
    [trial 1] Sharpe=0.0214 (folds: -0.0383, 0.1987, 0.2166, -0.3760, 0.1060)
    [trial 2] 14 features, training_days=270 | threshold=0.546 | labels: 1189 long, 1004 short (54/46%)
    [trial 2] Sharpe=-0.0061 (folds: -0.0757, 0.1218, 0.2927, -0.3049, -0.0641)
    [trial 3] 14 features, training_days=270 | threshold=0.600 | labels: 1189 long, 1004 short (54/46%)
    [trial 3] Sharpe=0.0096 (folds: -0.1346, 0.2597, 0.3055, -0.3675, -0.0151)
    [trial 4] 14 features, training_days=390 | threshold=0.764 | labels: 1189 long, 1004 short (54/46%)
    [trial 4] Sharpe=0.0561 (folds: -0.1114, 0.2907, 0.2420, -0.3189, 0.1779)
    [trial 5] 14 features, training_days=60 | threshold=0.603 | labels: 1189 long, 1004 short (54/46%)
    [trial 5] Sharpe=-0.0127 (folds: 0.0928, -0.1018, 0.2967, -0.2595, -0.0915)
    [trial 6] 14 features, training_days=290 | threshold=0.738 | labels: 1189 long, 1004 short (54/46%)
    [trial 6] Sharpe=0.0415 (folds: -0.1140, 0.3805, 0.3617, -0.2607, -0.1599)
    [trial 7] 14 features, training_days=70 | threshold=0.564 | labels: 1189 long, 1004 short (54/46%)
    [trial 7] Sharpe=0.0139 (folds: 0.1118, -0.1560, 0.4160, -0.2950, -0.0075)
    [trial 8] 14 features, training_days=440 | threshold=0.653 | labels: 1189 long, 1004 short (54/46%)
    [trial 8] Sharpe=0.1386 (folds: 0.0024, 0.3794, 0.5848, -0.3808, 0.1070)
    [trial 9] 14 features, training_days=360 | threshold=0.728 | labels: 1189 long, 1004 short (54/46%)[I 2026-05-06 02:20:32,119] Trial 9 finished with value: 0.14757226353572134 and parameters: {'confidence_threshold': 0.7277571993354469, 'training_days': 360, 'n_estimators': 75, 'max_depth': 5, 'num_leaves': 41, 'learning_rate': 0.014186743931212992, 'subsample': 0.7445187273047605, 'min_child_samples': 22, 'reg_alpha': 0.02393227447113315, 'reg_lambda': 0.009236766173618426}. Best is trial 9 with value: 0.14757226353572134.
[I 2026-05-06 02:20:32,286] A new study created in memory with name: no-name-b6982a53-bef0-4e16-8e4a-97aaf7a68248
[I 2026-05-06 02:20:32,545] Trial 0 finished with value: 0.049087323023272116 and parameters: {'confidence_threshold': 0.7790993046299082, 'training_days': 230, 'n_estimators': 295, 'max_depth': 5, 'num_leaves': 83, 'learning_rate': 0.051543455158230854, 'subsample': 0.8773243492079463, 'min_child_samples': 10, 'reg_alpha': 0.034096514368237685, 'reg_lambda': 3.154180388637081e-05}. Best is trial 0 with value: 0.049087323023272116.
[I 2026-05-06 02:20:32,677] Trial 1 finished with value: 0.05310001393104039 and parameters: {'confidence_threshold': 0.6929247853618086, 'training_days': 410, 'n_estimators': 233, 'max_depth': 5, 'num_leaves': 108, 'learning_rate': 0.013724237108071606, 'subsample': 0.7013182233636002, 'min_child_samples': 94, 'reg_alpha': 2.4040959529260723e-06, 'reg_lambda': 5.320966582161148}. Best is trial 1 with value: 0.05310001393104039.
[I 2026-05-06 02:20:32,737] Trial 2 finished with value: -0.007877221475047814 and parameters: {'confidence_threshold': 0.546341527225763, 'training_days': 270, 'n_estimators': 120, 'max_depth': 4, 'num_leaves': 53, 'learning_rate': 0.060197068579343475, 'subsample': 0.588227873455941, 'min_child_samples': 91, 'reg_alpha': 2.3457771824819002e-08, 'reg_lambda': 1.1358840775642732e-08}. Best is trial 1 with value: 0.05310001393104039.
[I 2026-05-06 02:20:32,921] Trial 3 finished with value: -0.021209983119832028 and parameters: {'confidence_threshold': 0.6000319676300473, 'training_days': 270, 'n_estimators': 382, 'max_depth': 4, 'num_leaves': 44, 'learning_rate': 0.09185046765032388, 'subsample': 0.6743651508646724, 'min_child_samples': 77, 'reg_alpha': 0.0013974578104212739, 'reg_lambda': 8.97190257982477e-08}. Best is trial 1 with value: 0.05310001393104039.
[I 2026-05-06 02:20:33,326] Trial 4 finished with value: 0.0008433767151387994 and parameters: {'confidence_threshold': 0.7642618789055509, 'training_days': 390, 'n_estimators': 464, 'max_depth': 5, 'num_leaves': 30, 'learning_rate': 0.024562383309704932, 'subsample': 0.8612975035964376, 'min_child_samples': 36, 'reg_alpha': 1.593999300080167, 'reg_lambda': 0.006081270362829788}. Best is trial 1 with value: 0.05310001393104039.
[I 2026-05-06 02:20:33,480] Trial 5 finished with value: 0.009311641897069612 and parameters: {'confidence_threshold': 0.6029115860358569, 'training_days': 60, 'n_estimators': 441, 'max_depth': 3, 'num_leaves': 66, 'learning_rate': 0.044953114425778824, 'subsample': 0.7098948461279406, 'min_child_samples': 15, 'reg_alpha': 4.888753565548431e-07, 'reg_lambda': 4.198190642566389}. Best is trial 1 with value: 0.05310001393104039.
[I 2026-05-06 02:20:33,744] Trial 6 finished with value: 0.034339847735235365 and parameters: {'confidence_threshold': 0.7376932868314098, 'training_days': 290, 'n_estimators': 249, 'max_depth': 5, 'num_leaves': 121, 'learning_rate': 0.015565840632862623, 'subsample': 0.8390183783709677, 'min_child_samples': 19, 'reg_alpha': 1.860444687368747e-08, 'reg_lambda': 2.7391483548058117e-06}. Best is trial 1 with value: 0.05310001393104039.
[I 2026-05-06 02:20:33,786] Trial 7 finished with value: 0.03846528709578079 and parameters: {'confidence_threshold': 0.563503962036334, 'training_days': 70, 'n_estimators': 63, 'max_depth': 3, 'num_leaves': 47, 'learning_rate': 0.18074927623018475, 'subsample': 0.5059692991701257, 'min_child_samples': 9, 'reg_alpha': 3.6945804405602874e-08, 'reg_lambda': 0.027706035542028905}. Best is trial 1 with value: 0.05310001393104039.
[I 2026-05-06 02:20:33,888] Trial 8 finished with value: 0.048182975089469296 and parameters: {'confidence_threshold': 0.6525471176758836, 'training_days': 440, 'n_estimators': 116, 'max_depth': 4, 'num_leaves': 115, 'learning_rate': 0.010229952960863938, 'subsample': 0.5062159465415076, 'min_child_samples': 54, 'reg_alpha': 6.790626457822126e-06, 'reg_lambda': 1.7869141074987722e-05}. Best is trial 1 with value: 0.05310001393104039.
