[I 2026-05-06 02:22:46,080] Trial 9 finished with value: -1.89415964578326 and parameters: {'confidence_threshold': 0.7277571993354469, 'training_days': 360, 'n_estimators': 75, 'max_depth': 5, 'num_leaves': 41, 'learning_rate': 0.014186743931212992, 'subsample': 0.7445187273047605, 'min_child_samples': 22, 'reg_alpha': 0.02393227447113315, 'reg_lambda': 0.009236766173618426}. Best is trial 8 with value: 0.24105287724084623.

    [trial 4] Sharpe=0.0635 (folds: 0.0861, 0.1470, -0.0738, 0.1989, -0.0405)
    [trial 5] 14 features, training_days=60 | threshold=0.603 | labels: 1046 long, 1129 short (48/52%)
    [trial 5] Sharpe=0.0714 (folds: 0.1424, 0.2058, -0.0881, 0.1757, -0.0789)
    [trial 6] 14 features, training_days=290 | threshold=0.738 | labels: 1046 long, 1129 short (48/52%)
    [trial 6] Sharpe=-0.0200 (folds: -0.0241, 0.2265, -0.2503, 0.1335, -0.1856)
    [trial 7] 14 features, training_days=70 | threshold=0.564 | labels: 1046 long, 1129 short (48/52%)
    [trial 7] Sharpe=0.0109 (folds: 0.0483, 0.0675, -0.2846, 0.1094, 0.1140)
    [trial 8] 14 features, training_days=440 | threshold=0.653 | labels: 1046 long, 1129 short (48/52%)
    [trial 8] Sharpe=0.0904 (folds: -0.0049, 0.2955, -0.2195, 0.2892, 0.0918)
    [trial 9] 14 features, training_days=360 | threshold=0.728 | labels: 1046 long, 1129 short (48/52%)
    [trial 9] Sharpe=0.0824 (folds: -0.0296, 0.2732, -0.1858, 0.4370, -0.0825)
  Optuna: 10 trials, best Sharpe = 0.1722
  Best params: n_estimators=233, max_depth=5, lr=0.0137, leaves=108
  Best confidence_threshold: 0.693
  Best training_days: 410
  Retrained on full data (1230 samples, 14 features)
  Model trained for 2024-02: 87 test candles with features, confidence_threshold=0.693
[predict] 2024-02-28 16:00 MKRUSDT → SHORT (proba=0.73 TP=8.5%/SL=4.3%)
[trade:open] 2024-02-28 23:59 MKRUSDT SHORT @ 2177.40 | SL=2270.30 TP=1991.61 | timeout=2024-03-06 23:59
[trade:close] 2024-02-29 15:59 MKRUSDT SHORT → stop_loss @ 2270.30 | PnL=-4.27% (net -4.37%) | cum=-34.07% 2024-02=-4.37% 2024-02-29=-4.37%
[lgbm] === Training for 2024-03 ===
  Train window: 2022-03-01 → 2024-03-01
  2187 training samples from 1 symbols
  Samples per month: 2022-03: 93, 2022-04: 84, 2022-05: 93, 2022-06: 90, 2022-07: 93, 2022-08: 93, 2022-09: 90, 2022-10: 93, 2022-11: 90, 2022-12: 93, 2023-01: 93, 2023-02: 84, 2023-03: 93, 2023-04: 90, 2023-05: 93, 2023-06: 90, 2023-07: 93, 2023-08: 93, 2023-09: 90, 2023-10: 93, 2023-11: 90, 2023-12: 93, 2024-01: 93, 2024-02: 87
  [label] 2022-05-04 00:00 MKRUSDT entry=1440.2000 → SHORT | long=sl(-7.34%) short=tp(+14.39%) | scanned=11 | short_tp_only
  [label] 2022-05-06 08:00 MKRUSDT entry=1351.7000 → SHORT | long=sl(-8.02%) short=tp(+15.74%) | scanned=9 | short_tp_only
  [label] 2022-05-10 08:00 MKRUSDT entry=1199.2000 → LONG | long=tp(+19.62%) short=sl(-9.96%) | scanned=3 | long_tp_only
  [label] 2022-06-04 00:00 MKRUSDT entry=1162.6000 → SHORT | long=sl(-8.71%) short=timeout(+8.60%) | scanned=22 | no_tp→fwd_return=-8.6960
  [label] 2022-07-27 00:00 MKRUSDT entry=926.8000 → LONG | long=tp(+13.97%) short=sl(-7.13%) | scanned=4 | long_tp_only
  [label] 2023-01-10 08:00 MKRUSDT entry=628.1000 → LONG | long=tp(+8.40%) short=sl(-4.35%) | scanned=10 | long_tp_only
  [label] 2023-01-14 08:00 MKRUSDT entry=708.3000 → SHORT | long=sl(-5.22%) short=tp(+10.15%) | scanned=13 | short_tp_only
  [label] 2023-01-25 00:00 MKRUSDT entry=663.4000 → SHORT | long=sl(-6.52%) short=timeout(+2.58%) | scanned=22 | no_tp→fwd_return=-2.6831
  [label] 2023-03-11 08:00 MKRUSDT entry=674.8000 → LONG | long=tp(+23.28%) short=sl(-11.79%) | scanned=4 | long_tp_only
  [label] 2023-03-20 00:00 MKRUSDT entry=697.4000 → SHORT | long=timeout(-4.99%) short=timeout(+4.79%) | scanned=22 | no_tp→fwd_return=-4.8896
  [label] 2023-06-19 08:00 MKRUSDT entry=697.0000 → LONG | long=tp(+7.93%) short=sl(-4.12%) | scanned=5 | long_tp_only
  [label] 2023-07-21 08:00 MKRUSDT entry=1140.7000 → SHORT | long=sl(-6.84%) short=tp(+13.39%) | scanned=9 | short_tp_only
  [label] 2023-08-06 16:00 MKRUSDT entry=1221.3000 → LONG | long=timeout(+1.83%) short=timeout(-2.03%) | scanned=22 | no_tp→fwd_return=+1.9324
  [label] 2023-08-19 08:00 MKRUSDT entry=1099.1000 → SHORT | long=sl(-5.53%) short=timeout(+5.60%) | scanned=22 | no_tp→fwd_return=-5.7047
  [label] 2023-09-07 08:00 MKRUSDT entry=1139.0000 → LONG | long=sl(-4.70%) short=timeout(-2.20%) | scanned=22 | no_tp→fwd_return=+2.0983
  [label] 2023-09-13 08:00 MKRUSDT entry=1156.9000 → LONG | long=tp(+7.94%) short=sl(-4.12%) | scanned=7 | long_tp_only
  [label] 2023-09-25 16:00 MKRUSDT entry=1319.4000 → LONG | long=tp(+6.66%) short=sl(-3.48%) | scanned=3 | long_tp_only
  [label] 2023-11-04 16:00 MKRUSDT entry=1339.7000 → LONG | long=sl(-4.44%) short=sl(-4.44%) | scanned=14 | no_tp→fwd_return=+2.4558
  [label] 2023-11-14 16:00 MKRUSDT entry=1385.0000 → SHORT | long=timeout(-1.02%) short=timeout(+0.82%) | scanned=22 | no_tp→fwd_return=-0.9242
  [label] 2024-02-09 08:00 MKRUSDT entry=1956.8000 → LONG | long=tp(+5.94%) short=sl(-3.12%) | scanned=10 | long_tp_only
  Labels: 1094 long (50.0%), 1093 short (50.0%) | weights: min=1.00, mean=2.70, max=10.00
  Features: 2187/2187 matched, 14 columns
  CV gap: 22 rows
    [trial 0] 14 features, training_days=230 | threshold=0.779 | labels: 1094 long, 1093 short (50/50%)
    [CV fold 0] train_end=2022-06-25 16:00 | val_start=2022-07-03 08:00 | gap=184h (22 rows)
    [CV fold 1] train_end=2022-10-25 00:00 | val_start=2022-11-01 16:00 | gap=184h (22 rows)
    [CV fold 2] train_end=2023-02-23 08:00 | val_start=2023-03-03 00:00 | gap=184h (22 rows)
    [CV fold 3] train_end=2023-06-24 16:00 | val_start=2023-07-02 08:00 | gap=184h (22 rows)
    [CV fold 4] train_end=2023-10-24 00:00 | val_start=2023-10-31 16:00 | gap=184h (22 rows)
    [trial 0] Sharpe=0.0821 (folds: 0.2098, 0.2644, -0.1730, 0.0398, 0.0697)
    [trial 1] 14 features, training_days=410 | threshold=0.693 | labels: 1094 long, 1093 short (50/50%)
    [trial 1] Sharpe=0.1827 (folds: 0.2511, 0.3377, 0.1461, -0.0965, 0.2751)
    [trial 2] 14 features, training_days=270 | threshold=0.546 | labels: 1094 long, 1093 short (50/50%)
    [trial 2] Sharpe=0.0293 (folds: 0.0336, 0.1520, 0.0552, -0.0610, -0.0332)
    [trial 3] 14 features, training_days=270 | threshold=0.600 | labels: 1094 long, 1093 short (50/50%)
    [trial 3] Sharpe=0.0495 (folds: 0.0938, 0.0791, -0.0057, 0.0582, 0.0221)
    [trial 4] 14 features, training_days=390 | threshold=0.764 | labels: 1094 long, 1093 short (50/50%)
    [trial 4] Sharpe=0.0594 (folds: 0.1719, 0.2406, 0.0390, 0.0724, -0.2268)
    [trial 5] 14 features, training_days=60 | threshold=0.603 | labels: 1094 long, 1093 short (50/50%)
    [trial 5] Sharpe=0.0624 (folds: 0.1297, 0.2299, 0.1556, -0.2317, 0.0283)
    [trial 6] 14 features, training_days=290 | threshold=0.738 | labels: 1094 long, 1093 short (50/50%)
    [trial 6] Sharpe=0.0560 (folds: 0.1790, 0.1689, -0.0834, 0.0853, -0.0697)
    [trial 7] 14 features, training_days=70 | threshold=0.564 | labels: 1094 long, 1093 short (50/50%)
    [trial 7] Sharpe=0.0454 (folds: 0.1133, 0.1832, -0.0224, -0.0304, -0.0166)
    [trial 8] 14 features, training_days=440 | threshold=0.653 | labels: 1094 long, 1093 short (50/50%)
    [trial 8] Sharpe=0.2411 (folds: 0.2480, 0.3960, 0.2089, 0.2489, 0.1034)
    [trial 9] 14 features, training_days=360 | threshold=0.728 | labels: 1094 long, 1093 short (50/50%)
    [trial 9] Sharpe=-1.8942 (folds: 0.3331, 0.4017, 0.1535, -10.0000, -0.3590)
  Optuna: 10 trials, best Sharpe = 0.2411
  Best params: n_estimators=116, max_depth=4, lr=0.0102, leaves=115
  Best confidence_threshold: 0.653
  Best training_days: 440
  Retrained on full data (1320 samples, 14 features)
  Model trained for 2024-03: 93 test candles with features, confidence_threshold=0.653
[predict] 2024-03-06 16:00 MKRUSDT → LONG (proba=0.73 TP=12.0%/SL=6.0%)
[trade:open] 2024-03-06 23:59 MKRUSDT LONG @ 2084.40 | SL=1959.06 TP=2335.07 | timeout=2024-03-13 23:59
[trade:close] 2024-03-09 07:59 MKRUSDT LONG → take_profit @ 2335.07 | PnL=+12.03% (net +11.93%) | cum=-22.15% 2024-03=+11.93% 2024-03-09=+11.93%
[predict] 2024-03-19 16:00 MKRUSDT → LONG (proba=0.74 TP=19.2%/SL=9.6%)
[trade:open] 2024-03-19 23:59 MKRUSDT LONG @ 2779.20 | SL=2512.03 TP=3313.53 | timeout=2024-03-26 23:59
[trade:close] 2024-03-21 23:59 MKRUSDT LONG → take_profit @ 3313.53 | PnL=+19.23% (net +19.13%) | cum=-3.02% 2024-03=+31.05% 2024-03-21=+19.13%
[predict] 2024-03-29 08:00 MKRUSDT → LONG (proba=0.75 TP=13.0%/SL=6.5%)
[trade:open] 2024-03-29 15:59 MKRUSDT LONG @ 3547.00 | SL=3316.23 TP=4008.55 | timeout=2024-04-05 15:59[I 2026-05-06 02:22:46,399] A new study created in memory with name: no-name-c3373044-5005-4921-a2f0-c25b604e2491
[I 2026-05-06 02:22:46,693] Trial 0 finished with value: 0.11549206176542773 and parameters: {'confidence_threshold': 0.7790993046299082, 'training_days': 230, 'n_estimators': 295, 'max_depth': 5, 'num_leaves': 83, 'learning_rate': 0.051543455158230854, 'subsample': 0.8773243492079463, 'min_child_samples': 10, 'reg_alpha': 0.034096514368237685, 'reg_lambda': 3.154180388637081e-05}. Best is trial 0 with value: 0.11549206176542773.
[I 2026-05-06 02:22:46,837] Trial 1 finished with value: 0.16890249624800863 and parameters: {'confidence_threshold': 0.6929247853618086, 'training_days': 410, 'n_estimators': 233, 'max_depth': 5, 'num_leaves': 108, 'learning_rate': 0.013724237108071606, 'subsample': 0.7013182233636002, 'min_child_samples': 94, 'reg_alpha': 2.4040959529260723e-06, 'reg_lambda': 5.320966582161148}. Best is trial 1 with value: 0.16890249624800863.
[I 2026-05-06 02:22:46,909] Trial 2 finished with value: 0.02612643265538085 and parameters: {'confidence_threshold': 0.546341527225763, 'training_days': 270, 'n_estimators': 120, 'max_depth': 4, 'num_leaves': 53, 'learning_rate': 0.060197068579343475, 'subsample': 0.588227873455941, 'min_child_samples': 91, 'reg_alpha': 2.3457771824819002e-08, 'reg_lambda': 1.1358840775642732e-08}. Best is trial 1 with value: 0.16890249624800863.
[I 2026-05-06 02:22:47,086] Trial 3 finished with value: -0.012306337374045146 and parameters: {'confidence_threshold': 0.6000319676300473, 'training_days': 270, 'n_estimators': 382, 'max_depth': 4, 'num_leaves': 44, 'learning_rate': 0.09185046765032388, 'subsample': 0.6743651508646724, 'min_child_samples': 77, 'reg_alpha': 0.0013974578104212739, 'reg_lambda': 8.97190257982477e-08}. Best is trial 1 with value: 0.16890249624800863.
[I 2026-05-06 02:22:47,476] Trial 4 finished with value: 0.0748670444187272 and parameters: {'confidence_threshold': 0.7642618789055509, 'training_days': 390, 'n_estimators': 464, 'max_depth': 5, 'num_leaves': 30, 'learning_rate': 0.024562383309704932, 'subsample': 0.8612975035964376, 'min_child_samples': 36, 'reg_alpha': 1.593999300080167, 'reg_lambda': 0.006081270362829788}. Best is trial 1 with value: 0.16890249624800863.
[I 2026-05-06 02:22:47,618] Trial 5 finished with value: -0.038141774871066604 and parameters: {'confidence_threshold': 0.6029115860358569, 'training_days': 60, 'n_estimators': 441, 'max_depth': 3, 'num_leaves': 66, 'learning_rate': 0.044953114425778824, 'subsample': 0.7098948461279406, 'min_child_samples': 15, 'reg_alpha': 4.888753565548431e-07, 'reg_lambda': 4.198190642566389}. Best is trial 1 with value: 0.16890249624800863.
[I 2026-05-06 02:22:47,870] Trial 6 finished with value: 0.0044369688543572944 and parameters: {'confidence_threshold': 0.7376932868314098, 'training_days': 290, 'n_estimators': 249, 'max_depth': 5, 'num_leaves': 121, 'learning_rate': 0.015565840632862623, 'subsample': 0.8390183783709677, 'min_child_samples': 19, 'reg_alpha': 1.860444687368747e-08, 'reg_lambda': 2.7391483548058117e-06}. Best is trial 1 with value: 0.16890249624800863.
[I 2026-05-06 02:22:47,910] Trial 7 finished with value: -0.05840449728441186 and parameters: {'confidence_threshold': 0.563503962036334, 'training_days': 70, 'n_estimators': 63, 'max_depth': 3, 'num_leaves': 47, 'learning_rate': 0.18074927623018475, 'subsample': 0.5059692991701257, 'min_child_samples': 9, 'reg_alpha': 3.6945804405602874e-08, 'reg_lambda': 0.027706035542028905}. Best is trial 1 with value: 0.16890249624800863.
[I 2026-05-06 02:22:48,001] Trial 8 finished with value: 0.06494102187151107 and parameters: {'confidence_threshold': 0.6525471176758836, 'training_days': 440, 'n_estimators': 116, 'max_depth': 4, 'num_leaves': 115, 'learning_rate': 0.010229952960863938, 'subsample': 0.5062159465415076, 'min_child_samples': 54, 'reg_alpha': 6.790626457822126e-06, 'reg_lambda': 1.7869141074987722e-05}. Best is trial 1 with value: 0.16890249624800863.
[I 2026-05-06 02:22:48,098] Trial 9 finished with value: 0.14805354758846012 and parameters: {'confidence_threshold': 0.7277571993354469, 'training_days': 360, 'n_estimators': 75, 'max_depth': 5, 'num_leaves': 41, 'learning_rate': 0.014186743931212992, 'subsample': 0.7445187273047605, 'min_child_samples': 22, 'reg_alpha': 0.02393227447113315, 'reg_lambda': 0.009236766173618426}. Best is trial 1 with value: 0.16890249624800863.

[trade:close] 2024-03-31 23:59 MKRUSDT LONG → take_profit @ 4008.55 | PnL=+13.01% (net +12.91%) | cum=+9.89% 2024-03=+43.96% 2024-03-31=+12.91%
[lgbm] === Training for 2024-04 ===
  Train window: 2022-04-01 → 2024-04-01
  2187 training samples from 1 symbols
  Samples per month: 2022-04: 84, 2022-05: 93, 2022-06: 90, 2022-07: 93, 2022-08: 93, 2022-09: 90, 2022-10: 93, 2022-11: 90, 2022-12: 93, 2023-01: 93, 2023-02: 84, 2023-03: 93, 2023-04: 90, 2023-05: 93, 2023-06: 90, 2023-07: 93, 2023-08: 93, 2023-09: 90, 2023-10: 93, 2023-11: 90, 2023-12: 93, 2024-01: 93, 2024-02: 87, 2024-03: 93
  [label] 2022-06-04 00:00 MKRUSDT entry=1162.6000 → SHORT | long=sl(-8.71%) short=timeout(+8.60%) | scanned=22 | no_tp→fwd_return=-8.6960
  [label] 2022-06-06 08:00 MKRUSDT entry=1202.1000 → SHORT | long=sl(-7.23%) short=tp(+14.16%) | scanned=15 | short_tp_only
  [label] 2022-06-10 08:00 MKRUSDT entry=1082.7000 → SHORT | long=sl(-7.35%) short=tp(+14.39%) | scanned=5 | short_tp_only
  [label] 2022-07-05 00:00 MKRUSDT entry=948.3000 → SHORT | long=sl(-7.72%) short=timeout(+9.46%) | scanned=22 | no_tp→fwd_return=-9.5645
  [label] 2022-08-27 00:00 MKRUSDT entry=772.2000 → SHORT | long=timeout(-4.23%) short=sl(-6.99%) | scanned=22 | no_tp→fwd_return=-4.1311
  [label] 2023-02-10 08:00 MKRUSDT entry=722.6000 → LONG | long=sl(-6.74%) short=sl(-6.74%) | scanned=9 | no_tp→fwd_return=+4.5115
  [label] 2023-02-14 08:00 MKRUSDT entry=764.2000 → LONG | long=sl(-6.77%) short=timeout(-1.66%) | scanned=22 | no_tp→fwd_return=+1.5572
  [label] 2023-02-25 00:00 MKRUSDT entry=710.5000 → LONG | long=tp(+11.94%) short=sl(-6.12%) | scanned=7 | long_tp_only
  [label] 2023-04-11 08:00 MKRUSDT entry=719.0000 → LONG | long=tp(+7.94%) short=sl(-4.12%) | scanned=8 | long_tp_only
  [label] 2023-04-20 00:00 MKRUSDT entry=719.0000 → SHORT | long=sl(-5.41%) short=timeout(+3.52%) | scanned=22 | no_tp→fwd_return=-3.6161
  [label] 2023-07-20 08:00 MKRUSDT entry=1018.8000 → LONG | long=tp(+12.83%) short=sl(-6.56%) | scanned=2 | long_tp_only
  [label] 2023-08-21 08:00 MKRUSDT entry=1073.1000 → SHORT | long=sl(-5.14%) short=timeout(+4.48%) | scanned=22 | no_tp→fwd_return=-4.5755
  [label] 2023-09-06 16:00 MKRUSDT entry=1136.8000 → LONG | long=sl(-5.00%) short=timeout(-1.46%) | scanned=22 | no_tp→fwd_return=+1.3635
  [label] 2023-09-19 08:00 MKRUSDT entry=1254.9000 → LONG | long=tp(+7.66%) short=sl(-3.98%) | scanned=4 | long_tp_only
  [label] 2023-10-08 08:00 MKRUSDT entry=1390.2000 → LONG | long=sl(-4.65%) short=sl(-4.65%) | scanned=16 | no_tp→fwd_return=+2.8989
  [label] 2023-10-14 08:00 MKRUSDT entry=1424.0000 → SHORT | long=sl(-4.23%) short=sl(-4.23%) | scanned=9 | no_tp→fwd_return=-2.1699
  [label] 2023-10-26 16:00 MKRUSDT entry=1418.5000 → SHORT | long=sl(-5.63%) short=timeout(+7.65%) | scanned=22 | no_tp→fwd_return=-7.7547
  [label] 2023-12-05 16:00 MKRUSDT entry=1488.2000 → SHORT | long=sl(-3.42%) short=tp(+6.53%) | scanned=14 | short_tp_only
  [label] 2023-12-15 16:00 MKRUSDT entry=1314.0000 → LONG | long=sl(-4.35%) short=sl(-4.35%) | scanned=20 | no_tp→fwd_return=+4.3075
  [label] 2024-03-11 08:00 MKRUSDT entry=2590.0000 → LONG | long=tp(+12.80%) short=sl(-6.55%) | scanned=4 | long_tp_only
  Labels: 1102 long (50.4%), 1085 short (49.6%) | weights: min=1.00, mean=2.74, max=10.00
  Features: 2187/2187 matched, 14 columns
  CV gap: 22 rows
    [trial 0] 14 features, training_days=230 | threshold=0.779 | labels: 1102 long, 1085 short (50/50%)
    [CV fold 0] train_end=2022-07-26 16:00 | val_start=2022-08-03 08:00 | gap=184h (22 rows)
    [CV fold 1] train_end=2022-11-25 00:00 | val_start=2022-12-02 16:00 | gap=184h (22 rows)
    [CV fold 2] train_end=2023-03-26 08:00 | val_start=2023-04-03 00:00 | gap=184h (22 rows)
    [CV fold 3] train_end=2023-07-25 16:00 | val_start=2023-08-02 08:00 | gap=184h (22 rows)
    [CV fold 4] train_end=2023-11-24 00:00 | val_start=2023-12-01 16:00 | gap=184h (22 rows)
    [trial 0] Sharpe=0.1155 (folds: 0.0981, 0.2126, -0.0346, 0.0084, 0.2931)
    [trial 1] 14 features, training_days=410 | threshold=0.693 | labels: 1102 long, 1085 short (50/50%)
    [trial 1] Sharpe=0.1689 (folds: 0.4883, 0.2796, 0.0087, 0.0251, 0.0428)
    [trial 2] 14 features, training_days=270 | threshold=0.546 | labels: 1102 long, 1085 short (50/50%)
    [trial 2] Sharpe=0.0261 (folds: 0.1627, 0.1672, -0.0729, -0.1419, 0.0155)
    [trial 3] 14 features, training_days=270 | threshold=0.600 | labels: 1102 long, 1085 short (50/50%)
    [trial 3] Sharpe=-0.0123 (folds: 0.1525, 0.1282, -0.0315, -0.1702, -0.1406)
    [trial 4] 14 features, training_days=390 | threshold=0.764 | labels: 1102 long, 1085 short (50/50%)
    [trial 4] Sharpe=0.0749 (folds: 0.1389, 0.2227, -0.0122, 0.1145, -0.0896)
    [trial 5] 14 features, training_days=60 | threshold=0.603 | labels: 1102 long, 1085 short (50/50%)
    [trial 5] Sharpe=-0.0381 (folds: -0.4928, 0.2337, -0.0220, 0.0224, 0.0680)
    [trial 6] 14 features, training_days=290 | threshold=0.738 | labels: 1102 long, 1085 short (50/50%)
    [trial 6] Sharpe=0.0044 (folds: 0.1094, 0.2612, -0.0546, -0.3451, 0.0512)
    [trial 7] 14 features, training_days=70 | threshold=0.564 | labels: 1102 long, 1085 short (50/50%)
    [trial 7] Sharpe=-0.0584 (folds: -0.5287, 0.1360, 0.0157, 0.0135, 0.0714)
    [trial 8] 14 features, training_days=440 | threshold=0.653 | labels: 1102 long, 1085 short (50/50%)
    [trial 8] Sharpe=0.0649 (folds: 0.2091, 0.3486, 0.0217, -0.5021, 0.2474)
    [trial 9] 14 features, training_days=360 | threshold=0.728 | labels: 1102 long, 1085 short (50/50%)
    [trial 9] Sharpe=0.1481 (folds: 0.4352, 0.1942, -0.2158, -0.2475, 0.5742)
  Optuna: 10 trials, best Sharpe = 0.1689
  Best params: n_estimators=233, max_depth=5, lr=0.0137, leaves=108
  Best confidence_threshold: 0.693
  Best training_days: 410
  Retrained on full data (1230 samples, 14 features)
  Model trained for 2024-04: 90 test candles with features, confidence_threshold=0.693
[predict] 2024-04-05 00:00 MKRUSDT → LONG (proba=0.86 TP=12.8%/SL=6.4%)
[trade:open] 2024-04-05 07:59 MKRUSDT LONG @ 3871.10 | SL=3624.09 TP=4365.13 | timeout=2024-04-12 07:59
[trade:close] 2024-04-07 23:59 MKRUSDT LONG → stop_loss @ 3624.09 | PnL=-6.38% (net -6.48%) | cum=+3.41% 2024-04=-6.48% 2024-04-07=-6.48%
[predict] 2024-04-15 00:00 MKRUSDT → LONG (proba=0.88 TP=17.0%/SL=8.5%)
[trade:open] 2024-04-15 07:59 MKRUSDT LONG @ 3137.90 | SL=2871.72 TP=3670.25 | timeout=2024-04-22 07:59
[trade:close] 2024-04-19 07:59 MKRUSDT LONG → stop_loss @ 2871.72 | PnL=-8.48% (net -8.58%) | cum=-5.17% 2024-04=-15.06% 2024-04-19=-8.58%
[predict] 2024-04-20 16:00 MKRUSDT → LONG (proba=0.89 TP=15.2%/SL=7.6%)
[trade:open] 2024-04-20 23:59 MKRUSDT LONG @ 3118.70 | SL=2882.06 TP=3591.97 | timeout=2024-04-27 23:59
[trade:close] 2024-04-22 15:59 MKRUSDT LONG → stop_loss @ 2882.06 | PnL=-7.59% (net -7.69%) | cum=-12.86% 2024-04=-22.75% 2024-04-22=-7.69%
[lgbm] === Training for 2024-05 ===
  Train window: 2022-05-01 → 2024-05-01
  2193 training samples from 1 symbols
  Samples per month: 2022-05: 93, 2022-06: 90, 2022-07: 93, 2022-08: 93, 2022-09: 90, 2022-10: 93, 2022-11: 90, 2022-12: 93, 2023-01: 93, 2023-02: 84, 2023-03: 93, 2023-04: 90, 2023-05: 93, 2023-06: 90, 2023-07: 93, 2023-08: 93, 2023-09: 90, 2023-10: 93, 2023-11: 90, 2023-12: 93, 2024-01: 93, 2024-02: 87, 2024-03: 93, 2024-04: 90
  [label] 2022-07-02 08:00 MKRUSDT entry=897.2000 → LONG | long=timeout(+9.30%) short=sl(-9.15%) | scanned=22 | no_tp→fwd_return=+9.3959
  [label] 2022-07-04 16:00 MKRUSDT entry=940.9000 → SHORT | long=sl(-7.89%) short=sl(-7.89%) | scanned=21 | no_tp→fwd_return=-8.0667
  [label] 2022-07-08 08:00 MKRUSDT entry=974.9000 → SHORT | long=sl(-7.06%) short=tp(+13.82%) | scanned=13 | short_tp_only
  [label] 2022-08-02 08:00 MKRUSDT entry=1059.7000 → LONG | long=timeout(+0.24%) short=sl(-7.54%) | scanned=22 | no_tp→fwd_return=+0.3397
  [label] 2022-09-24 08:00 MKRUSDT entry=682.6000 → LONG | long=tp(+11.77%) short=sl(-6.04%) | scanned=9 | long_tp_only
  [label] 2023-03-11 08:00 MKRUSDT entry=674.8000 → LONG | long=tp(+23.28%) short=sl(-11.79%) | scanned=4 | long_tp_only[I 2026-05-06 02:22:48,414] A new study created in memory with name: no-name-14033363-2f38-4276-bbe0-8258853e3383
[I 2026-05-06 02:22:48,694] Trial 0 finished with value: -0.0029447279691265397 and parameters: {'confidence_threshold': 0.7790993046299082, 'training_days': 230, 'n_estimators': 295, 'max_depth': 5, 'num_leaves': 83, 'learning_rate': 0.051543455158230854, 'subsample': 0.8773243492079463, 'min_child_samples': 10, 'reg_alpha': 0.034096514368237685, 'reg_lambda': 3.154180388637081e-05}. Best is trial 0 with value: -0.0029447279691265397.
