[I 2026-05-06 02:21:51,008] Trial 2 finished with value: 0.04516201942396397 and parameters: {'confidence_threshold': 0.546341527225763, 'training_days': 270, 'n_estimators': 120, 'max_depth': 4, 'num_leaves': 53, 'learning_rate': 0.060197068579343475, 'subsample': 0.588227873455941, 'min_child_samples': 91, 'reg_alpha': 2.3457771824819002e-08, 'reg_lambda': 1.1358840775642732e-08}. Best is trial 2 with value: 0.04516201942396397.

  [label] 2025-05-06 08:00 BCHUSDT entry=355.5800 → LONG | long=tp(+8.84%) short=sl(-4.57%) | scanned=4 | long_tp_only
  [label] 2025-05-16 08:00 BCHUSDT entry=399.7500 → LONG | long=sl(-5.00%) short=sl(-5.00%) | scanned=17 | no_tp→fwd_return=+3.8324
  [label] 2025-08-11 08:00 BCHUSDT entry=587.8800 → SHORT | long=sl(-4.27%) short=sl(-4.27%) | scanned=20 | no_tp→fwd_return=-3.6385
  Labels: 1111 long (50.7%), 1082 short (49.3%) | weights: min=1.00, mean=4.04, max=10.00
  Features: 2193/2193 matched, 14 columns
  CV gap: 22 rows
    [trial 0] 14 features, training_days=230 | threshold=0.779 | labels: 1111 long, 1082 short (51/49%)
    [CV fold 0] train_end=2023-12-25 00:00 | val_start=2024-01-01 16:00 | gap=184h (22 rows)
    [CV fold 1] train_end=2024-04-24 16:00 | val_start=2024-05-02 08:00 | gap=184h (22 rows)
    [CV fold 2] train_end=2024-08-24 08:00 | val_start=2024-09-01 00:00 | gap=184h (22 rows)
    [CV fold 3] train_end=2024-12-24 00:00 | val_start=2024-12-31 16:00 | gap=184h (22 rows)
    [CV fold 4] train_end=2025-04-24 16:00 | val_start=2025-05-02 08:00 | gap=184h (22 rows)
    [trial 0] Sharpe=0.0398 (folds: 0.2055, 0.1040, -0.0898, -0.2063, 0.1855)
    [trial 1] 14 features, training_days=410 | threshold=0.693 | labels: 1111 long, 1082 short (51/49%)
    [trial 1] Sharpe=0.1179 (folds: 0.4248, 0.1024, 0.0713, -0.2043, 0.1953)
    [trial 2] 14 features, training_days=270 | threshold=0.546 | labels: 1111 long, 1082 short (51/49%)
    [trial 2] Sharpe=0.0333 (folds: 0.1037, 0.0583, -0.0856, -0.0995, 0.1894)
    [trial 3] 14 features, training_days=270 | threshold=0.600 | labels: 1111 long, 1082 short (51/49%)
    [trial 3] Sharpe=-0.0032 (folds: 0.0987, 0.1082, -0.2077, -0.0957, 0.0805)
    [trial 4] 14 features, training_days=390 | threshold=0.764 | labels: 1111 long, 1082 short (51/49%)
    [trial 4] Sharpe=-0.0554 (folds: 0.1026, 0.0601, -0.2692, -0.2246, 0.0539)
    [trial 5] 14 features, training_days=60 | threshold=0.603 | labels: 1111 long, 1082 short (51/49%)
    [trial 5] Sharpe=-0.0744 (folds: 0.1171, 0.1585, -0.2586, -0.1269, -0.2622)
    [trial 6] 14 features, training_days=290 | threshold=0.738 | labels: 1111 long, 1082 short (51/49%)
    [trial 6] Sharpe=0.0257 (folds: 0.1914, 0.1713, -0.3115, -0.2412, 0.3186)
    [trial 7] 14 features, training_days=70 | threshold=0.564 | labels: 1111 long, 1082 short (51/49%)
    [trial 7] Sharpe=-0.0791 (folds: 0.0591, 0.0710, -0.2767, -0.1585, -0.0906)
    [trial 8] 14 features, training_days=440 | threshold=0.653 | labels: 1111 long, 1082 short (51/49%)
    [trial 8] Sharpe=-0.0570 (folds: 0.3235, -0.0298, -0.4289, -0.3024, 0.1524)
    [trial 9] 14 features, training_days=360 | threshold=0.728 | labels: 1111 long, 1082 short (51/49%)
    [trial 9] Sharpe=-4.1312 (folds: -0.0758, -0.0321, -0.5479, -10.0000, -10.0000)
  Optuna: 10 trials, best Sharpe = 0.1179
  Best params: n_estimators=233, max_depth=5, lr=0.0137, leaves=108
  Best confidence_threshold: 0.693
  Best training_days: 410
  Retrained on full data (1230 samples, 14 features)
  Model trained for 2025-09: 90 test candles with features, confidence_threshold=0.693
[predict] 2025-09-05 00:00 BCHUSDT → SHORT (proba=0.70 TP=7.8%/SL=3.9%)
[trade:open] 2025-09-05 07:59 BCHUSDT SHORT @ 599.85 | SL=623.31 TP=552.94 | timeout=2025-09-12 07:59
[trade:close] 2025-09-12 08:00 BCHUSDT SHORT → timeout @ 593.33 | PnL=+1.09% (net +0.99%) | cum=-7.67% 2025-09=+0.99% 2025-09-12=+0.99%
[predict] 2025-09-18 16:00 BCHUSDT → SHORT (proba=0.83 TP=6.6%/SL=3.3%)
[trade:open] 2025-09-18 23:59 BCHUSDT SHORT @ 624.09 | SL=644.67 TP=582.94 | timeout=2025-09-25 23:59
[trade:close] 2025-09-22 07:59 BCHUSDT SHORT → take_profit @ 582.94 | PnL=+6.59% (net +6.49%) | cum=-1.18% 2025-09=+7.48% 2025-09-22=+6.49%
[lgbm] === Training for 2025-10 ===
  Train window: 2023-10-01 → 2025-10-01
  2193 training samples from 1 symbols
  Samples per month: 2023-10: 93, 2023-11: 90, 2023-12: 93, 2024-01: 93, 2024-02: 87, 2024-03: 93, 2024-04: 90, 2024-05: 93, 2024-06: 90, 2024-07: 93, 2024-08: 93, 2024-09: 90, 2024-10: 93, 2024-11: 90, 2024-12: 93, 2025-01: 93, 2025-02: 84, 2025-03: 93, 2025-04: 90, 2025-05: 93, 2025-06: 90, 2025-07: 93, 2025-08: 93, 2025-09: 90
  [label] 2023-12-02 08:00 BCHUSDT entry=226.1200 → LONG | long=tp(+5.49%) short=sl(-2.89%) | scanned=5 | long_tp_only
  [label] 2023-12-04 16:00 BCHUSDT entry=252.4400 → SHORT | long=sl(-3.70%) short=sl(-3.70%) | scanned=5 | no_tp→fwd_return=-1.2320
  [label] 2023-12-08 08:00 BCHUSDT entry=249.4300 → SHORT | long=sl(-4.29%) short=sl(-4.29%) | scanned=8 | no_tp→fwd_return=-6.8476
  [label] 2024-01-02 08:00 BCHUSDT entry=258.1800 → SHORT | long=sl(-6.18%) short=tp(+12.05%) | scanned=3 | short_tp_only
  [label] 2024-02-24 08:00 BCHUSDT entry=266.5300 → LONG | long=tp(+8.00%) short=sl(-4.15%) | scanned=8 | long_tp_only
  [label] 2024-08-10 08:00 BCHUSDT entry=352.0000 → SHORT | long=timeout(-2.03%) short=timeout(+1.83%) | scanned=22 | no_tp→fwd_return=-1.9290
  [label] 2024-08-14 08:00 BCHUSDT entry=341.1400 → SHORT | long=timeout(-0.73%) short=timeout(+0.53%) | scanned=22 | no_tp→fwd_return=-0.6332
  [label] 2024-08-25 00:00 BCHUSDT entry=351.7300 → SHORT | long=sl(-4.59%) short=tp(+8.88%) | scanned=8 | short_tp_only
  [label] 2024-10-09 08:00 BCHUSDT entry=326.1900 → LONG | long=tp(+7.11%) short=sl(-3.71%) | scanned=15 | long_tp_only
  [label] 2024-10-18 00:00 BCHUSDT entry=373.5700 → SHORT | long=sl(-4.51%) short=tp(+8.73%) | scanned=17 | short_tp_only
  [label] 2025-01-17 16:00 BCHUSDT entry=489.3300 → SHORT | long=sl(-4.80%) short=tp(+9.30%) | scanned=5 | short_tp_only
  [label] 2025-02-18 16:00 BCHUSDT entry=315.9400 → SHORT | long=sl(-5.37%) short=sl(-5.37%) | scanned=18 | no_tp→fwd_return=-7.7895
  [label] 2025-03-07 00:00 BCHUSDT entry=404.1700 → SHORT | long=sl(-7.73%) short=tp(+15.16%) | scanned=11 | short_tp_only
  [label] 2025-03-20 00:00 BCHUSDT entry=343.3800 → SHORT | long=sl(-5.65%) short=timeout(+2.10%) | scanned=22 | no_tp→fwd_return=-2.2046
  [label] 2025-04-07 16:00 BCHUSDT entry=275.2500 → LONG | long=tp(+13.75%) short=sl(-7.02%) | scanned=12 | long_tp_only
  [label] 2025-04-14 00:00 BCHUSDT entry=342.5800 → SHORT | long=sl(-6.47%) short=timeout(+0.50%) | scanned=22 | no_tp→fwd_return=-0.6042
  [label] 2025-04-26 08:00 BCHUSDT entry=358.9800 → LONG | long=sl(-4.98%) short=sl(-4.98%) | scanned=8 | no_tp→fwd_return=+3.4152
  [label] 2025-06-05 08:00 BCHUSDT entry=402.7200 → LONG | long=sl(-4.09%) short=sl(-4.09%) | scanned=10 | no_tp→fwd_return=+1.9617
  [label] 2025-06-15 08:00 BCHUSDT entry=458.1600 → LONG | long=tp(+9.00%) short=sl(-4.65%) | scanned=13 | long_tp_only
  [label] 2025-09-10 08:00 BCHUSDT entry=580.0400 → LONG | long=timeout(+2.13%) short=sl(-3.66%) | scanned=22 | no_tp→fwd_return=+2.2257
  Labels: 1117 long (50.9%), 1076 short (49.1%) | weights: min=1.00, mean=4.03, max=10.00
  Features: 2193/2193 matched, 14 columns
  CV gap: 22 rows
    [trial 0] 14 features, training_days=230 | threshold=0.779 | labels: 1117 long, 1076 short (51/49%)
    [CV fold 0] train_end=2024-01-24 00:00 | val_start=2024-01-31 16:00 | gap=184h (22 rows)
    [CV fold 1] train_end=2024-05-24 16:00 | val_start=2024-06-01 08:00 | gap=184h (22 rows)
    [CV fold 2] train_end=2024-09-23 08:00 | val_start=2024-10-01 00:00 | gap=184h (22 rows)
    [CV fold 3] train_end=2025-01-23 00:00 | val_start=2025-01-30 16:00 | gap=184h (22 rows)
    [CV fold 4] train_end=2025-05-24 16:00 | val_start=2025-06-01 08:00 | gap=184h (22 rows)
    [trial 0] Sharpe=0.0402 (folds: -0.0225, -0.0806, -0.0708, 0.0393, 0.3356)
    [trial 1] 14 features, training_days=410 | threshold=0.693 | labels: 1117 long, 1076 short (51/49%)
    [trial 1] Sharpe=0.0314 (folds: 0.0514, 0.0158, -0.2987, -0.0021, 0.3908)
    [trial 2] 14 features, training_days=270 | threshold=0.546 | labels: 1117 long, 1076 short (51/49%)
    [trial 2] Sharpe=0.0452 (folds: 0.1074, 0.0800, -0.2393, -0.0699, 0.3477)
    [trial 3] 14 features, training_days=270 | threshold=0.600 | labels: 1117 long, 1076 short (51/49%)
    [trial 3] Sharpe=0.0215 (folds: 0.1089, -0.0015, -0.2300, -0.0110, 0.2412)[I 2026-05-06 02:21:51,207] Trial 3 finished with value: 0.02150818037256083 and parameters: {'confidence_threshold': 0.6000319676300473, 'training_days': 270, 'n_estimators': 382, 'max_depth': 4, 'num_leaves': 44, 'learning_rate': 0.09185046765032388, 'subsample': 0.6743651508646724, 'min_child_samples': 77, 'reg_alpha': 0.0013974578104212739, 'reg_lambda': 8.97190257982477e-08}. Best is trial 2 with value: 0.04516201942396397.
[I 2026-05-06 02:21:51,598] Trial 4 finished with value: -0.04904847415167049 and parameters: {'confidence_threshold': 0.7642618789055509, 'training_days': 390, 'n_estimators': 464, 'max_depth': 5, 'num_leaves': 30, 'learning_rate': 0.024562383309704932, 'subsample': 0.8612975035964376, 'min_child_samples': 36, 'reg_alpha': 1.593999300080167, 'reg_lambda': 0.006081270362829788}. Best is trial 2 with value: 0.04516201942396397.
[I 2026-05-06 02:21:51,750] Trial 5 finished with value: 0.06939993677116212 and parameters: {'confidence_threshold': 0.6029115860358569, 'training_days': 60, 'n_estimators': 441, 'max_depth': 3, 'num_leaves': 66, 'learning_rate': 0.044953114425778824, 'subsample': 0.7098948461279406, 'min_child_samples': 15, 'reg_alpha': 4.888753565548431e-07, 'reg_lambda': 4.198190642566389}. Best is trial 5 with value: 0.06939993677116212.
[I 2026-05-06 02:21:51,973] Trial 6 finished with value: -0.0223625221557619 and parameters: {'confidence_threshold': 0.7376932868314098, 'training_days': 290, 'n_estimators': 249, 'max_depth': 5, 'num_leaves': 121, 'learning_rate': 0.015565840632862623, 'subsample': 0.8390183783709677, 'min_child_samples': 19, 'reg_alpha': 1.860444687368747e-08, 'reg_lambda': 2.7391483548058117e-06}. Best is trial 5 with value: 0.06939993677116212.
[I 2026-05-06 02:21:52,007] Trial 7 finished with value: 0.05355960736340637 and parameters: {'confidence_threshold': 0.563503962036334, 'training_days': 70, 'n_estimators': 63, 'max_depth': 3, 'num_leaves': 47, 'learning_rate': 0.18074927623018475, 'subsample': 0.5059692991701257, 'min_child_samples': 9, 'reg_alpha': 3.6945804405602874e-08, 'reg_lambda': 0.027706035542028905}. Best is trial 5 with value: 0.06939993677116212.
[I 2026-05-06 02:21:52,080] Trial 8 finished with value: -2.1091855470954037 and parameters: {'confidence_threshold': 0.6525471176758836, 'training_days': 440, 'n_estimators': 116, 'max_depth': 4, 'num_leaves': 115, 'learning_rate': 0.010229952960863938, 'subsample': 0.5062159465415076, 'min_child_samples': 54, 'reg_alpha': 6.790626457822126e-06, 'reg_lambda': 1.7869141074987722e-05}. Best is trial 5 with value: 0.06939993677116212.
[I 2026-05-06 02:21:52,173] Trial 9 finished with value: -2.1550295407022544 and parameters: {'confidence_threshold': 0.7277571993354469, 'training_days': 360, 'n_estimators': 75, 'max_depth': 5, 'num_leaves': 41, 'learning_rate': 0.014186743931212992, 'subsample': 0.7445187273047605, 'min_child_samples': 22, 'reg_alpha': 0.02393227447113315, 'reg_lambda': 0.009236766173618426}. Best is trial 5 with value: 0.06939993677116212.
[I 2026-05-06 02:21:52,457] A new study created in memory with name: no-name-f5f84b33-0cd9-4ac6-910f-15a857c4baed
[I 2026-05-06 02:21:52,733] Trial 0 finished with value: 0.07254984114787073 and parameters: {'confidence_threshold': 0.7790993046299082, 'training_days': 230, 'n_estimators': 295, 'max_depth': 5, 'num_leaves': 83, 'learning_rate': 0.051543455158230854, 'subsample': 0.8773243492079463, 'min_child_samples': 10, 'reg_alpha': 0.034096514368237685, 'reg_lambda': 3.154180388637081e-05}. Best is trial 0 with value: 0.07254984114787073.
[I 2026-05-06 02:21:52,892] Trial 1 finished with value: 0.09309946063856797 and parameters: {'confidence_threshold': 0.6929247853618086, 'training_days': 410, 'n_estimators': 233, 'max_depth': 5, 'num_leaves': 108, 'learning_rate': 0.013724237108071606, 'subsample': 0.7013182233636002, 'min_child_samples': 94, 'reg_alpha': 2.4040959529260723e-06, 'reg_lambda': 5.320966582161148}. Best is trial 1 with value: 0.09309946063856797.
[I 2026-05-06 02:21:52,955] Trial 2 finished with value: 0.09225504859086417 and parameters: {'confidence_threshold': 0.546341527225763, 'training_days': 270, 'n_estimators': 120, 'max_depth': 4, 'num_leaves': 53, 'learning_rate': 0.060197068579343475, 'subsample': 0.588227873455941, 'min_child_samples': 91, 'reg_alpha': 2.3457771824819002e-08, 'reg_lambda': 1.1358840775642732e-08}. Best is trial 1 with value: 0.09309946063856797.
[I 2026-05-06 02:21:53,127] Trial 3 finished with value: 0.07578314188854365 and parameters: {'confidence_threshold': 0.6000319676300473, 'training_days': 270, 'n_estimators': 382, 'max_depth': 4, 'num_leaves': 44, 'learning_rate': 0.09185046765032388, 'subsample': 0.6743651508646724, 'min_child_samples': 77, 'reg_alpha': 0.0013974578104212739, 'reg_lambda': 8.97190257982477e-08}. Best is trial 1 with value: 0.09309946063856797.
[I 2026-05-06 02:21:53,501] Trial 4 finished with value: 0.10725758306019459 and parameters: {'confidence_threshold': 0.7642618789055509, 'training_days': 390, 'n_estimators': 464, 'max_depth': 5, 'num_leaves': 30, 'learning_rate': 0.024562383309704932, 'subsample': 0.8612975035964376, 'min_child_samples': 36, 'reg_alpha': 1.593999300080167, 'reg_lambda': 0.006081270362829788}. Best is trial 4 with value: 0.10725758306019459.
[I 2026-05-06 02:21:53,662] Trial 5 finished with value: 0.048183010424001756 and parameters: {'confidence_threshold': 0.6029115860358569, 'training_days': 60, 'n_estimators': 441, 'max_depth': 3, 'num_leaves': 66, 'learning_rate': 0.044953114425778824, 'subsample': 0.7098948461279406, 'min_child_samples': 15, 'reg_alpha': 4.888753565548431e-07, 'reg_lambda': 4.198190642566389}. Best is trial 4 with value: 0.10725758306019459.
[I 2026-05-06 02:21:53,863] Trial 6 finished with value: 0.0664906060526306 and parameters: {'confidence_threshold': 0.7376932868314098, 'training_days': 290, 'n_estimators': 249, 'max_depth': 5, 'num_leaves': 121, 'learning_rate': 0.015565840632862623, 'subsample': 0.8390183783709677, 'min_child_samples': 19, 'reg_alpha': 1.860444687368747e-08, 'reg_lambda': 2.7391483548058117e-06}. Best is trial 4 with value: 0.10725758306019459.
[I 2026-05-06 02:21:53,902] Trial 7 finished with value: 0.08099750009231728 and parameters: {'confidence_threshold': 0.563503962036334, 'training_days': 70, 'n_estimators': 63, 'max_depth': 3, 'num_leaves': 47, 'learning_rate': 0.18074927623018475, 'subsample': 0.5059692991701257, 'min_child_samples': 9, 'reg_alpha': 3.6945804405602874e-08, 'reg_lambda': 0.027706035542028905}. Best is trial 4 with value: 0.10725758306019459.
[I 2026-05-06 02:21:53,977] Trial 8 finished with value: -0.14761108170568865 and parameters: {'confidence_threshold': 0.6525471176758836, 'training_days': 440, 'n_estimators': 116, 'max_depth': 4, 'num_leaves': 115, 'learning_rate': 0.010229952960863938, 'subsample': 0.5062159465415076, 'min_child_samples': 54, 'reg_alpha': 6.790626457822126e-06, 'reg_lambda': 1.7869141074987722e-05}. Best is trial 4 with value: 0.10725758306019459.
