[I 2026-05-06 02:24:56,290] Trial 1 finished with value: 0.07819056964973913 and parameters: {'confidence_threshold': 0.6929247853618086, 'training_days': 410, 'n_estimators': 233, 'max_depth': 5, 'num_leaves': 108, 'learning_rate': 0.013724237108071606, 'subsample': 0.7013182233636002, 'min_child_samples': 94, 'reg_alpha': 2.4040959529260723e-06, 'reg_lambda': 5.320966582161148}. Best is trial 1 with value: 0.07819056964973913.
[I 2026-05-06 02:24:56,360] Trial 2 finished with value: 0.032341747662224564 and parameters: {'confidence_threshold': 0.546341527225763, 'training_days': 270, 'n_estimators': 120, 'max_depth': 4, 'num_leaves': 53, 'learning_rate': 0.060197068579343475, 'subsample': 0.588227873455941, 'min_child_samples': 91, 'reg_alpha': 2.3457771824819002e-08, 'reg_lambda': 1.1358840775642732e-08}. Best is trial 1 with value: 0.07819056964973913.
[I 2026-05-06 02:24:56,549] Trial 3 finished with value: 0.038042650629098125 and parameters: {'confidence_threshold': 0.6000319676300473, 'training_days': 270, 'n_estimators': 382, 'max_depth': 4, 'num_leaves': 44, 'learning_rate': 0.09185046765032388, 'subsample': 0.6743651508646724, 'min_child_samples': 77, 'reg_alpha': 0.0013974578104212739, 'reg_lambda': 8.97190257982477e-08}. Best is trial 1 with value: 0.07819056964973913.
[I 2026-05-06 02:24:57,001] Trial 4 finished with value: -0.009397670013751792 and parameters: {'confidence_threshold': 0.7642618789055509, 'training_days': 390, 'n_estimators': 464, 'max_depth': 5, 'num_leaves': 30, 'learning_rate': 0.024562383309704932, 'subsample': 0.8612975035964376, 'min_child_samples': 36, 'reg_alpha': 1.593999300080167, 'reg_lambda': 0.006081270362829788}. Best is trial 1 with value: 0.07819056964973913.
[I 2026-05-06 02:24:57,162] Trial 5 finished with value: -0.04516674165005741 and parameters: {'confidence_threshold': 0.6029115860358569, 'training_days': 60, 'n_estimators': 441, 'max_depth': 3, 'num_leaves': 66, 'learning_rate': 0.044953114425778824, 'subsample': 0.7098948461279406, 'min_child_samples': 15, 'reg_alpha': 4.888753565548431e-07, 'reg_lambda': 4.198190642566389}. Best is trial 1 with value: 0.07819056964973913.
[I 2026-05-06 02:24:57,386] Trial 6 finished with value: 0.003063349958565774 and parameters: {'confidence_threshold': 0.7376932868314098, 'training_days': 290, 'n_estimators': 249, 'max_depth': 5, 'num_leaves': 121, 'learning_rate': 0.015565840632862623, 'subsample': 0.8390183783709677, 'min_child_samples': 19, 'reg_alpha': 1.860444687368747e-08, 'reg_lambda': 2.7391483548058117e-06}. Best is trial 1 with value: 0.07819056964973913.
[I 2026-05-06 02:24:57,423] Trial 7 finished with value: -0.03545097618226843 and parameters: {'confidence_threshold': 0.563503962036334, 'training_days': 70, 'n_estimators': 63, 'max_depth': 3, 'num_leaves': 47, 'learning_rate': 0.18074927623018475, 'subsample': 0.5059692991701257, 'min_child_samples': 9, 'reg_alpha': 3.6945804405602874e-08, 'reg_lambda': 0.027706035542028905}. Best is trial 1 with value: 0.07819056964973913.
[I 2026-05-06 02:24:57,513] Trial 8 finished with value: -0.23136396628455858 and parameters: {'confidence_threshold': 0.6525471176758836, 'training_days': 440, 'n_estimators': 116, 'max_depth': 4, 'num_leaves': 115, 'learning_rate': 0.010229952960863938, 'subsample': 0.5062159465415076, 'min_child_samples': 54, 'reg_alpha': 6.790626457822126e-06, 'reg_lambda': 1.7869141074987722e-05}. Best is trial 1 with value: 0.07819056964973913.
[I 2026-05-06 02:24:57,614] Trial 9 finished with value: -0.2930055486681991 and parameters: {'confidence_threshold': 0.7277571993354469, 'training_days': 360, 'n_estimators': 75, 'max_depth': 5, 'num_leaves': 41, 'learning_rate': 0.014186743931212992, 'subsample': 0.7445187273047605, 'min_child_samples': 22, 'reg_alpha': 0.02393227447113315, 'reg_lambda': 0.009236766173618426}. Best is trial 1 with value: 0.07819056964973913.
[I 2026-05-06 02:24:58,050] A new study created in memory with name: no-name-e42ca7db-5ab9-4649-868e-389bdad15388
[I 2026-05-06 02:24:58,296] Trial 0 finished with value: 0.03789637753379517 and parameters: {'confidence_threshold': 0.7790993046299082, 'training_days': 230, 'n_estimators': 295, 'max_depth': 5, 'num_leaves': 83, 'learning_rate': 0.051543455158230854, 'subsample': 0.8773243492079463, 'min_child_samples': 10, 'reg_alpha': 0.034096514368237685, 'reg_lambda': 3.154180388637081e-05}. Best is trial 0 with value: 0.03789637753379517.
[I 2026-05-06 02:24:58,438] Trial 1 finished with value: -0.03495486649442549 and parameters: {'confidence_threshold': 0.6929247853618086, 'training_days': 410, 'n_estimators': 233, 'max_depth': 5, 'num_leaves': 108, 'learning_rate': 0.013724237108071606, 'subsample': 0.7013182233636002, 'min_child_samples': 94, 'reg_alpha': 2.4040959529260723e-06, 'reg_lambda': 5.320966582161148}. Best is trial 0 with value: 0.03789637753379517.
[I 2026-05-06 02:24:58,498] Trial 2 finished with value: 0.05260581838426316 and parameters: {'confidence_threshold': 0.546341527225763, 'training_days': 270, 'n_estimators': 120, 'max_depth': 4, 'num_leaves': 53, 'learning_rate': 0.060197068579343475, 'subsample': 0.588227873455941, 'min_child_samples': 91, 'reg_alpha': 2.3457771824819002e-08, 'reg_lambda': 1.1358840775642732e-08}. Best is trial 2 with value: 0.05260581838426316.
[I 2026-05-06 02:24:58,705] Trial 3 finished with value: 0.06693061847834657 and parameters: {'confidence_threshold': 0.6000319676300473, 'training_days': 270, 'n_estimators': 382, 'max_depth': 4, 'num_leaves': 44, 'learning_rate': 0.09185046765032388, 'subsample': 0.6743651508646724, 'min_child_samples': 77, 'reg_alpha': 0.0013974578104212739, 'reg_lambda': 8.97190257982477e-08}. Best is trial 3 with value: 0.06693061847834657.
[I 2026-05-06 02:24:59,078] Trial 4 finished with value: -0.09374817486350921 and parameters: {'confidence_threshold': 0.7642618789055509, 'training_days': 390, 'n_estimators': 464, 'max_depth': 5, 'num_leaves': 30, 'learning_rate': 0.024562383309704932, 'subsample': 0.8612975035964376, 'min_child_samples': 36, 'reg_alpha': 1.593999300080167, 'reg_lambda': 0.006081270362829788}. Best is trial 3 with value: 0.06693061847834657.

  [label] 2023-01-14 08:00 TRXUSDT entry=0.0620 → LONG | long=sl(-3.94%) short=timeout(-0.25%) | scanned=22 | no_tp→fwd_return=+0.1451
  [label] 2023-04-10 16:00 TRXUSDT entry=0.0673 → SHORT | long=sl(-2.24%) short=tp(+4.18%) | scanned=4 | short_tp_only
  Labels: 1122 long (51.6%), 1053 short (48.4%) | weights: min=1.00, mean=2.53, max=10.00
  Features: 2175/2175 matched, 14 columns
  CV gap: 22 rows
    [trial 0] 14 features, training_days=230 | threshold=0.779 | labels: 1122 long, 1053 short (52/48%)
    [CV fold 0] train_end=2021-08-23 00:00 | val_start=2021-08-30 16:00 | gap=184h (22 rows)
    [CV fold 1] train_end=2021-12-21 16:00 | val_start=2021-12-29 08:00 | gap=184h (22 rows)
    [CV fold 2] train_end=2022-04-26 08:00 | val_start=2022-05-04 00:00 | gap=184h (22 rows)
    [CV fold 3] train_end=2022-08-25 00:00 | val_start=2022-09-01 16:00 | gap=184h (22 rows)
    [CV fold 4] train_end=2022-12-23 16:00 | val_start=2022-12-31 08:00 | gap=184h (22 rows)
    [trial 0] Sharpe=0.0117 (folds: 0.2285, 0.2231, -0.4654, 0.1313, -0.0592)
    [trial 1] 14 features, training_days=410 | threshold=0.693 | labels: 1122 long, 1053 short (52/48%)
    [trial 1] Sharpe=0.0782 (folds: 0.2745, 0.1975, -0.1378, 0.1519, -0.0951)
    [trial 2] 14 features, training_days=270 | threshold=0.546 | labels: 1122 long, 1053 short (52/48%)
    [trial 2] Sharpe=0.0323 (folds: 0.2309, 0.0383, -0.0908, 0.1711, -0.1879)
    [trial 3] 14 features, training_days=270 | threshold=0.600 | labels: 1122 long, 1053 short (52/48%)
    [trial 3] Sharpe=0.0380 (folds: 0.3367, 0.0723, -0.1479, 0.1754, -0.2462)
    [trial 4] 14 features, training_days=390 | threshold=0.764 | labels: 1122 long, 1053 short (52/48%)
    [trial 4] Sharpe=-0.0094 (folds: 0.2705, 0.2783, -0.4771, 0.0187, -0.1374)
    [trial 5] 14 features, training_days=60 | threshold=0.603 | labels: 1122 long, 1053 short (52/48%)
    [trial 5] Sharpe=-0.0452 (folds: 0.0271, -0.0223, 0.0940, -0.1971, -0.1275)
    [trial 6] 14 features, training_days=290 | threshold=0.738 | labels: 1122 long, 1053 short (52/48%)
    [trial 6] Sharpe=0.0031 (folds: 0.2699, 0.3936, -0.6551, -0.0088, 0.0157)
    [trial 7] 14 features, training_days=70 | threshold=0.564 | labels: 1122 long, 1053 short (52/48%)
    [trial 7] Sharpe=-0.0355 (folds: 0.0082, 0.0956, -0.0489, -0.1239, -0.1082)
    [trial 8] 14 features, training_days=440 | threshold=0.653 | labels: 1122 long, 1053 short (52/48%)
    [trial 8] Sharpe=-0.2314 (folds: -0.0294, 0.1940, -0.5018, -0.1586, -0.6610)
    [trial 9] 14 features, training_days=360 | threshold=0.728 | labels: 1122 long, 1053 short (52/48%)
    [trial 9] Sharpe=-0.2930 (folds: 0.2016, 0.0773, -1.3919, -0.0983, -0.2538)
  Optuna: 10 trials, best Sharpe = 0.0782
  Best params: n_estimators=233, max_depth=5, lr=0.0137, leaves=108
  Best confidence_threshold: 0.693
  Best training_days: 410
  Retrained on full data (1224 samples, 14 features)
  Model trained for 2023-05: 93 test candles with features, confidence_threshold=0.693
[predict] 2023-05-21 08:00 TRXUSDT → SHORT (proba=0.75 TP=4.1%/SL=2.0%)
[trade:open] 2023-05-21 15:59 TRXUSDT SHORT @ 0.08 | SL=0.08 TP=0.07 | timeout=2023-05-28 15:59
[trade:close] 2023-05-22 15:59 TRXUSDT SHORT → stop_loss @ 0.08 | PnL=-2.04% (net -2.14%) | cum=-7.82% 2023-05=-2.14% 2023-05-22=-2.14%
[predict] 2023-05-26 00:00 TRXUSDT → SHORT (proba=0.72 TP=4.7%/SL=2.3%)
[trade:open] 2023-05-26 07:59 TRXUSDT SHORT @ 0.08 | SL=0.08 TP=0.07 | timeout=2023-06-02 07:59
[lgbm] === Training for 2023-06 ===
  Train window: 2021-06-01 → 2023-06-01
  2175 training samples from 1 symbols
  Samples per month: 2021-06: 90, 2021-07: 93, 2021-08: 93, 2021-09: 90, 2021-10: 93, 2021-11: 90, 2021-12: 93, 2022-01: 93, 2022-02: 75, 2022-03: 93, 2022-04: 84, 2022-05: 93, 2022-06: 90, 2022-07: 93, 2022-08: 93, 2022-09: 90, 2022-10: 93, 2022-11: 90, 2022-12: 93, 2023-01: 93, 2023-02: 84, 2023-03: 93, 2023-04: 90, 2023-05: 93
  [label] 2021-08-01 16:00 TRXUSDT entry=0.0632 → LONG | long=tp(+9.53%) short=sl(-4.92%) | scanned=10 | long_tp_only
  [label] 2021-08-04 00:00 TRXUSDT entry=0.0643 → LONG | long=tp(+9.10%) short=sl(-4.70%) | scanned=3 | long_tp_only
  [label] 2021-08-07 16:00 TRXUSDT entry=0.0753 → LONG | long=sl(-4.48%) short=sl(-4.48%) | scanned=10 | no_tp→fwd_return=+7.0271
  [label] 2021-09-01 16:00 TRXUSDT entry=0.0951 → LONG | long=tp(+9.36%) short=sl(-4.83%) | scanned=4 | long_tp_only
  [label] 2021-10-24 00:00 TRXUSDT entry=0.1002 → SHORT | long=sl(-4.06%) short=sl(-4.06%) | scanned=10 | no_tp→fwd_return=-7.7514
  [label] 2022-04-13 16:00 TRXUSDT entry=0.0615 → LONG | long=sl(-4.31%) short=timeout(-1.94%) | scanned=22 | no_tp→fwd_return=+1.8383
  [label] 2022-04-17 16:00 TRXUSDT entry=0.0600 → LONG | long=tp(+7.43%) short=sl(-3.86%) | scanned=11 | long_tp_only
  [label] 2022-04-28 08:00 TRXUSDT entry=0.0630 → LONG | long=tp(+9.23%) short=sl(-4.76%) | scanned=3 | long_tp_only
  [label] 2022-06-12 08:00 TRXUSDT entry=0.0781 → SHORT | long=sl(-5.26%) short=tp(+10.22%) | scanned=2 | short_tp_only
  [label] 2022-06-21 00:00 TRXUSDT entry=0.0630 → LONG | long=timeout(+5.94%) short=sl(-9.81%) | scanned=22 | no_tp→fwd_return=+6.0356
  [label] 2022-09-19 16:00 TRXUSDT entry=0.0602 → SHORT | long=sl(-2.71%) short=timeout(+1.06%) | scanned=22 | no_tp→fwd_return=-1.1618
  [label] 2022-10-21 16:00 TRXUSDT entry=0.0616 → LONG | long=timeout(+2.97%) short=sl(-2.68%) | scanned=22 | no_tp→fwd_return=+3.0672
  [label] 2022-11-06 16:00 TRXUSDT entry=0.0626 → SHORT | long=sl(-2.45%) short=tp(+4.60%) | scanned=4 | short_tp_only
  [label] 2022-11-19 16:00 TRXUSDT entry=0.0521 → LONG | long=sl(-5.68%) short=timeout(-1.33%) | scanned=22 | no_tp→fwd_return=+1.2284
  [label] 2022-12-08 00:00 TRXUSDT entry=0.0534 → SHORT | long=sl(-2.71%) short=sl(-2.71%) | scanned=12 | no_tp→fwd_return=-2.6597
  [label] 2022-12-14 08:00 TRXUSDT entry=0.0565 → SHORT | long=sl(-2.72%) short=tp(+5.14%) | scanned=7 | short_tp_only
  [label] 2022-12-26 16:00 TRXUSDT entry=0.0546 → LONG | long=sl(-2.28%) short=timeout(-1.18%) | scanned=22 | no_tp→fwd_return=+1.0814
  [label] 2023-02-04 08:00 TRXUSDT entry=0.0643 → LONG | long=tp(+6.07%) short=sl(-3.18%) | scanned=12 | long_tp_only
  [label] 2023-02-14 08:00 TRXUSDT entry=0.0663 → LONG | long=tp(+6.75%) short=sl(-3.53%) | scanned=4 | long_tp_only
  [label] 2023-05-11 16:00 TRXUSDT entry=0.0677 → LONG | long=tp(+4.53%) short=sl(-2.41%) | scanned=16 | long_tp_only
  Labels: 1147 long (52.7%), 1028 short (47.3%) | weights: min=1.00, mean=2.91, max=10.00
  Features: 2175/2175 matched, 14 columns
  CV gap: 22 rows
    [trial 0] 14 features, training_days=230 | threshold=0.779 | labels: 1147 long, 1028 short (53/47%)
    [CV fold 0] train_end=2021-09-23 00:00 | val_start=2021-09-30 16:00 | gap=184h (22 rows)
    [CV fold 1] train_end=2022-01-21 16:00 | val_start=2022-01-29 08:00 | gap=184h (22 rows)
    [CV fold 2] train_end=2022-05-27 08:00 | val_start=2022-06-04 00:00 | gap=184h (22 rows)
    [CV fold 3] train_end=2022-09-25 00:00 | val_start=2022-10-02 16:00 | gap=184h (22 rows)
    [CV fold 4] train_end=2023-01-23 16:00 | val_start=2023-01-31 08:00 | gap=184h (22 rows)
    [trial 0] Sharpe=0.0379 (folds: 0.3480, -0.2083, -0.1454, 0.1314, 0.0637)
    [trial 1] 14 features, training_days=410 | threshold=0.693 | labels: 1147 long, 1028 short (53/47%)
    [trial 1] Sharpe=-0.0350 (folds: 0.4395, -0.0899, -0.5728, 0.1896, -0.1412)
    [trial 2] 14 features, training_days=270 | threshold=0.546 | labels: 1147 long, 1028 short (53/47%)
    [trial 2] Sharpe=0.0526 (folds: 0.2219, 0.0888, -0.1309, 0.0090, 0.0742)
    [trial 3] 14 features, training_days=270 | threshold=0.600 | labels: 1147 long, 1028 short (53/47%)
    [trial 3] Sharpe=0.0669 (folds: 0.3389, 0.0724, -0.0676, -0.0165, 0.0075)
    [trial 4] 14 features, training_days=390 | threshold=0.764 | labels: 1147 long, 1028 short (53/47%)
    [trial 4] Sharpe=-0.0937 (folds: 0.3755, -0.1268, -0.6262, 0.0163, -0.1075)
    [trial 5] 14 features, training_days=60 | threshold=0.603 | labels: 1147 long, 1028 short (53/47%)
    [trial 5] Sharpe=-0.0906 (folds: -0.1008, -0.2401, 0.1439, -0.2313, -0.0246)[I 2026-05-06 02:24:59,217] Trial 5 finished with value: -0.09057301731992093 and parameters: {'confidence_threshold': 0.6029115860358569, 'training_days': 60, 'n_estimators': 441, 'max_depth': 3, 'num_leaves': 66, 'learning_rate': 0.044953114425778824, 'subsample': 0.7098948461279406, 'min_child_samples': 15, 'reg_alpha': 4.888753565548431e-07, 'reg_lambda': 4.198190642566389}. Best is trial 3 with value: 0.06693061847834657.
[I 2026-05-06 02:24:59,461] Trial 6 finished with value: 0.012130832324827364 and parameters: {'confidence_threshold': 0.7376932868314098, 'training_days': 290, 'n_estimators': 249, 'max_depth': 5, 'num_leaves': 121, 'learning_rate': 0.015565840632862623, 'subsample': 0.8390183783709677, 'min_child_samples': 19, 'reg_alpha': 1.860444687368747e-08, 'reg_lambda': 2.7391483548058117e-06}. Best is trial 3 with value: 0.06693061847834657.
[I 2026-05-06 02:24:59,497] Trial 7 finished with value: -0.03789558427703223 and parameters: {'confidence_threshold': 0.563503962036334, 'training_days': 70, 'n_estimators': 63, 'max_depth': 3, 'num_leaves': 47, 'learning_rate': 0.18074927623018475, 'subsample': 0.5059692991701257, 'min_child_samples': 9, 'reg_alpha': 3.6945804405602874e-08, 'reg_lambda': 0.027706035542028905}. Best is trial 3 with value: 0.06693061847834657.
[I 2026-05-06 02:24:59,584] Trial 8 finished with value: 0.0072739245472094646 and parameters: {'confidence_threshold': 0.6525471176758836, 'training_days': 440, 'n_estimators': 116, 'max_depth': 4, 'num_leaves': 115, 'learning_rate': 0.010229952960863938, 'subsample': 0.5062159465415076, 'min_child_samples': 54, 'reg_alpha': 6.790626457822126e-06, 'reg_lambda': 1.7869141074987722e-05}. Best is trial 3 with value: 0.06693061847834657.
[I 2026-05-06 02:24:59,690] Trial 9 finished with value: -0.04700913158430693 and parameters: {'confidence_threshold': 0.7277571993354469, 'training_days': 360, 'n_estimators': 75, 'max_depth': 5, 'num_leaves': 41, 'learning_rate': 0.014186743931212992, 'subsample': 0.7445187273047605, 'min_child_samples': 22, 'reg_alpha': 0.02393227447113315, 'reg_lambda': 0.009236766173618426}. Best is trial 3 with value: 0.06693061847834657.
[I 2026-05-06 02:25:00,125] A new study created in memory with name: no-name-cc993286-d4dc-4fb2-bfdf-866c4a80ec66
[I 2026-05-06 02:25:00,390] Trial 0 finished with value: -0.0009281617651114848 and parameters: {'confidence_threshold': 0.7790993046299082, 'training_days': 230, 'n_estimators': 295, 'max_depth': 5, 'num_leaves': 83, 'learning_rate': 0.051543455158230854, 'subsample': 0.8773243492079463, 'min_child_samples': 10, 'reg_alpha': 0.034096514368237685, 'reg_lambda': 3.154180388637081e-05}. Best is trial 0 with value: -0.0009281617651114848.
[I 2026-05-06 02:25:00,525] Trial 1 finished with value: -0.20627388433343716 and parameters: {'confidence_threshold': 0.6929247853618086, 'training_days': 410, 'n_estimators': 233, 'max_depth': 5, 'num_leaves': 108, 'learning_rate': 0.013724237108071606, 'subsample': 0.7013182233636002, 'min_child_samples': 94, 'reg_alpha': 2.4040959529260723e-06, 'reg_lambda': 5.320966582161148}. Best is trial 0 with value: -0.0009281617651114848.
[I 2026-05-06 02:25:00,600] Trial 2 finished with value: -0.032131378834130205 and parameters: {'confidence_threshold': 0.546341527225763, 'training_days': 270, 'n_estimators': 120, 'max_depth': 4, 'num_leaves': 53, 'learning_rate': 0.060197068579343475, 'subsample': 0.588227873455941, 'min_child_samples': 91, 'reg_alpha': 2.3457771824819002e-08, 'reg_lambda': 1.1358840775642732e-08}. Best is trial 0 with value: -0.0009281617651114848.
[I 2026-05-06 02:25:00,791] Trial 3 finished with value: 0.027495656070355468 and parameters: {'confidence_threshold': 0.6000319676300473, 'training_days': 270, 'n_estimators': 382, 'max_depth': 4, 'num_leaves': 44, 'learning_rate': 0.09185046765032388, 'subsample': 0.6743651508646724, 'min_child_samples': 77, 'reg_alpha': 0.0013974578104212739, 'reg_lambda': 8.97190257982477e-08}. Best is trial 3 with value: 0.027495656070355468.
[I 2026-05-06 02:25:01,182] Trial 4 finished with value: -0.042264490063339065 and parameters: {'confidence_threshold': 0.7642618789055509, 'training_days': 390, 'n_estimators': 464, 'max_depth': 5, 'num_leaves': 30, 'learning_rate': 0.024562383309704932, 'subsample': 0.8612975035964376, 'min_child_samples': 36, 'reg_alpha': 1.593999300080167, 'reg_lambda': 0.006081270362829788}. Best is trial 3 with value: 0.027495656070355468.
[I 2026-05-06 02:25:01,337] Trial 5 finished with value: -0.11648957657278472 and parameters: {'confidence_threshold': 0.6029115860358569, 'training_days': 60, 'n_estimators': 441, 'max_depth': 3, 'num_leaves': 66, 'learning_rate': 0.044953114425778824, 'subsample': 0.7098948461279406, 'min_child_samples': 15, 'reg_alpha': 4.888753565548431e-07, 'reg_lambda': 4.198190642566389}. Best is trial 3 with value: 0.027495656070355468.
[I 2026-05-06 02:25:01,579] Trial 6 finished with value: -0.07979196214304225 and parameters: {'confidence_threshold': 0.7376932868314098, 'training_days': 290, 'n_estimators': 249, 'max_depth': 5, 'num_leaves': 121, 'learning_rate': 0.015565840632862623, 'subsample': 0.8390183783709677, 'min_child_samples': 19, 'reg_alpha': 1.860444687368747e-08, 'reg_lambda': 2.7391483548058117e-06}. Best is trial 3 with value: 0.027495656070355468.
[I 2026-05-06 02:25:01,616] Trial 7 finished with value: -0.11168890903371195 and parameters: {'confidence_threshold': 0.563503962036334, 'training_days': 70, 'n_estimators': 63, 'max_depth': 3, 'num_leaves': 47, 'learning_rate': 0.18074927623018475, 'subsample': 0.5059692991701257, 'min_child_samples': 9, 'reg_alpha': 3.6945804405602874e-08, 'reg_lambda': 0.027706035542028905}. Best is trial 3 with value: 0.027495656070355468.
[I 2026-05-06 02:25:01,724] Trial 8 finished with value: -0.13581970892102965 and parameters: {'confidence_threshold': 0.6525471176758836, 'training_days': 440, 'n_estimators': 116, 'max_depth': 4, 'num_leaves': 115, 'learning_rate': 0.010229952960863938, 'subsample': 0.5062159465415076, 'min_child_samples': 54, 'reg_alpha': 6.790626457822126e-06, 'reg_lambda': 1.7869141074987722e-05}. Best is trial 3 with value: 0.027495656070355468.
