[I 2026-05-06 02:21:15,868] Trial 9 finished with value: -2.030635321011436 and parameters: {'confidence_threshold': 0.7277571993354469, 'training_days': 360, 'n_estimators': 75, 'max_depth': 5, 'num_leaves': 41, 'learning_rate': 0.014186743931212992, 'subsample': 0.7445187273047605, 'min_child_samples': 22, 'reg_alpha': 0.02393227447113315, 'reg_lambda': 0.009236766173618426}. Best is trial 6 with value: 0.08736064995185583.

    [trial 6] Sharpe=-0.0734 (folds: -0.1484, 0.0039, 0.0901, 0.0562, -0.3685)
    [trial 7] 14 features, training_days=70 | threshold=0.564 | labels: 979 long, 1211 short (45/55%)
    [trial 7] Sharpe=-0.0397 (folds: -0.0480, 0.0338, -0.1376, 0.0485, -0.0949)
    [trial 8] 14 features, training_days=440 | threshold=0.653 | labels: 979 long, 1211 short (45/55%)
    [trial 8] Sharpe=-0.0493 (folds: 0.0024, -0.0900, 0.0821, -0.0598, -0.1813)
    [trial 9] 14 features, training_days=360 | threshold=0.728 | labels: 979 long, 1211 short (45/55%)
    [trial 9] Sharpe=-0.0011 (folds: 0.0817, -0.1165, 0.0008, 0.1370, -0.1087)
  Optuna: 10 trials, best Sharpe = 0.0453
  Best params: n_estimators=120, max_depth=4, lr=0.0602, leaves=53
  Best confidence_threshold: 0.546
  Best training_days: 270
  Retrained on full data (810 samples, 14 features)
  Model trained for 2024-01: 93 test candles with features, confidence_threshold=0.546
[trade:close] 2024-01-03 15:59 BCHUSDT SHORT → take_profit @ 227.10 | PnL=+12.58% (net +12.48%) | cum=+9.33% 2024-01=+12.48% 2024-01-03=+12.48%
[predict] 2024-01-05 00:00 BCHUSDT → LONG (proba=0.68 TP=14.5%/SL=7.2%)
[trade:open] 2024-01-05 07:59 BCHUSDT LONG @ 233.80 | SL=216.90 TP=267.60 | timeout=2024-01-12 07:59
[trade:close] 2024-01-11 15:59 BCHUSDT LONG → take_profit @ 267.60 | PnL=+14.46% (net +14.36%) | cum=+23.69% 2024-01=+26.84% 2024-01-11=+14.36%
[predict] 2024-01-13 00:00 BCHUSDT → LONG (proba=0.65 TP=15.7%/SL=7.9%)
[trade:open] 2024-01-13 07:59 BCHUSDT LONG @ 259.84 | SL=239.38 TP=300.75 | timeout=2024-01-20 07:59
[trade:close] 2024-01-18 15:59 BCHUSDT LONG → stop_loss @ 239.38 | PnL=-7.87% (net -7.97%) | cum=+15.72% 2024-01=+18.87% 2024-01-18=-7.97%
[lgbm] === Training for 2024-02 ===
  Train window: 2022-02-01 → 2024-02-01
  2190 training samples from 1 symbols
  Samples per month: 2022-02: 84, 2022-03: 93, 2022-04: 90, 2022-05: 93, 2022-06: 90, 2022-07: 93, 2022-08: 93, 2022-09: 90, 2022-10: 93, 2022-11: 90, 2022-12: 93, 2023-01: 93, 2023-02: 84, 2023-03: 93, 2023-04: 90, 2023-05: 93, 2023-06: 90, 2023-07: 93, 2023-08: 93, 2023-09: 90, 2023-10: 93, 2023-11: 90, 2023-12: 93, 2024-01: 93
  [label] 2022-04-04 08:00 BCHUSDT entry=371.7700 → SHORT | long=sl(-4.96%) short=tp(+9.61%) | scanned=7 | short_tp_only
  [label] 2022-04-06 08:00 BCHUSDT entry=343.6000 → SHORT | long=sl(-5.62%) short=tp(+10.94%) | scanned=15 | short_tp_only
  [label] 2022-04-10 08:00 BCHUSDT entry=326.8200 → SHORT | long=sl(-4.96%) short=tp(+9.62%) | scanned=4 | short_tp_only
  [label] 2022-05-05 08:00 BCHUSDT entry=277.9300 → SHORT | long=sl(-5.39%) short=tp(+10.47%) | scanned=12 | short_tp_only
  [label] 2022-06-27 08:00 BCHUSDT entry=111.9200 → SHORT | long=sl(-8.89%) short=timeout(+4.72%) | scanned=22 | no_tp→fwd_return=-4.8249
  [label] 2022-12-11 16:00 BCHUSDT entry=106.0900 → LONG | long=sl(-3.28%) short=sl(-3.28%) | scanned=5 | no_tp→fwd_return=+3.0069
  [label] 2022-12-16 00:00 BCHUSDT entry=107.5700 → SHORT | long=sl(-3.36%) short=tp(+6.42%) | scanned=2 | short_tp_only
  [label] 2022-12-26 16:00 BCHUSDT entry=103.3900 → SHORT | long=sl(-2.59%) short=tp(+4.89%) | scanned=7 | short_tp_only
  [label] 2023-02-10 00:00 BCHUSDT entry=127.5200 → LONG | long=sl(-4.68%) short=sl(-4.68%) | scanned=17 | no_tp→fwd_return=+5.7089
  [label] 2023-02-18 16:00 BCHUSDT entry=136.1000 → LONG | long=tp(+8.00%) short=sl(-4.15%) | scanned=4 | long_tp_only
  [label] 2023-05-21 00:00 BCHUSDT entry=115.6800 → SHORT | long=sl(-3.17%) short=timeout(+1.10%) | scanned=22 | no_tp→fwd_return=-1.2016
  [label] 2023-06-22 00:00 BCHUSDT entry=135.5900 → LONG | long=sl(-5.22%) short=sl(-5.22%) | scanned=3 | no_tp→fwd_return=+4.9782
  [label] 2023-07-08 08:00 BCHUSDT entry=266.7400 → SHORT | long=timeout(-5.97%) short=sl(-9.67%) | scanned=22 | no_tp→fwd_return=-5.8709
  [label] 2023-07-21 08:00 BCHUSDT entry=244.7300 → SHORT | long=timeout(-0.66%) short=timeout(+0.46%) | scanned=22 | no_tp→fwd_return=-0.5557
  [label] 2023-08-09 00:00 BCHUSDT entry=236.4500 → SHORT | long=sl(-4.80%) short=timeout(+4.38%) | scanned=22 | no_tp→fwd_return=-4.4787
  [label] 2023-08-15 08:00 BCHUSDT entry=234.7700 → SHORT | long=sl(-3.42%) short=tp(+6.53%) | scanned=3 | short_tp_only
  [label] 2023-08-27 16:00 BCHUSDT entry=197.6100 → LONG | long=sl(-4.34%) short=sl(-4.34%) | scanned=5 | no_tp→fwd_return=+4.9997
  [label] 2023-10-06 16:00 BCHUSDT entry=230.6600 → SHORT | long=sl(-4.75%) short=tp(+9.19%) | scanned=13 | short_tp_only
  [label] 2023-10-16 16:00 BCHUSDT entry=230.6700 → LONG | long=tp(+8.45%) short=sl(-4.38%) | scanned=16 | long_tp_only
  [label] 2024-01-11 08:00 BCHUSDT entry=275.2200 → SHORT | long=sl(-6.65%) short=sl(-6.65%) | scanned=4 | no_tp→fwd_return=-5.8390
  Labels: 992 long (45.3%), 1198 short (54.7%) | weights: min=1.00, mean=3.13, max=10.00
  Features: 2190/2190 matched, 14 columns
  CV gap: 22 rows
    [trial 0] 14 features, training_days=230 | threshold=0.779 | labels: 992 long, 1198 short (45/55%)
    [CV fold 0] train_end=2022-05-26 00:00 | val_start=2022-06-02 16:00 | gap=184h (22 rows)
    [CV fold 1] train_end=2022-09-24 16:00 | val_start=2022-10-02 08:00 | gap=184h (22 rows)
    [CV fold 2] train_end=2023-01-24 08:00 | val_start=2023-02-01 00:00 | gap=184h (22 rows)
    [CV fold 3] train_end=2023-05-26 00:00 | val_start=2023-06-02 16:00 | gap=184h (22 rows)
    [CV fold 4] train_end=2023-09-24 16:00 | val_start=2023-10-02 08:00 | gap=184h (22 rows)
    [trial 0] Sharpe=0.0634 (folds: 0.1897, -0.0964, 0.0833, 0.0098, 0.1307)
    [trial 1] 14 features, training_days=410 | threshold=0.693 | labels: 992 long, 1198 short (45/55%)
    [trial 1] Sharpe=-0.0168 (folds: 0.1299, -0.2949, -0.0571, -0.1104, 0.2484)
    [trial 2] 14 features, training_days=270 | threshold=0.546 | labels: 992 long, 1198 short (45/55%)
    [trial 2] Sharpe=0.0499 (folds: 0.2630, -0.1723, -0.0417, 0.0385, 0.1617)
    [trial 3] 14 features, training_days=270 | threshold=0.600 | labels: 992 long, 1198 short (45/55%)
    [trial 3] Sharpe=0.0270 (folds: 0.2004, 0.0031, 0.0302, -0.0535, -0.0451)
    [trial 4] 14 features, training_days=390 | threshold=0.764 | labels: 992 long, 1198 short (45/55%)
    [trial 4] Sharpe=-0.0443 (folds: 0.1887, -0.2481, 0.1018, -0.2734, 0.0095)
    [trial 5] 14 features, training_days=60 | threshold=0.603 | labels: 992 long, 1198 short (45/55%)
    [trial 5] Sharpe=-0.0337 (folds: 0.1680, 0.0315, -0.2245, -0.1631, 0.0194)
    [trial 6] 14 features, training_days=290 | threshold=0.738 | labels: 992 long, 1198 short (45/55%)
    [trial 6] Sharpe=0.0874 (folds: 0.1578, -0.0728, 0.0082, 0.2619, 0.0818)
    [trial 7] 14 features, training_days=70 | threshold=0.564 | labels: 992 long, 1198 short (45/55%)
    [trial 7] Sharpe=0.0007 (folds: 0.0533, 0.0166, -0.0610, -0.1356, 0.1301)
    [trial 8] 14 features, training_days=440 | threshold=0.653 | labels: 992 long, 1198 short (45/55%)
    [trial 8] Sharpe=-0.1312 (folds: 0.1505, -0.3039, 0.0159, -0.2927, -0.2258)
    [trial 9] 14 features, training_days=360 | threshold=0.728 | labels: 992 long, 1198 short (45/55%)
    [trial 9] Sharpe=-2.0306 (folds: 0.1810, -0.3750, -10.0000, -0.0143, 0.0550)
  Optuna: 10 trials, best Sharpe = 0.0874
  Best params: n_estimators=249, max_depth=5, lr=0.0156, leaves=121
  Best confidence_threshold: 0.738
  Best training_days: 290
  Retrained on full data (870 samples, 14 features)
  Model trained for 2024-02: 87 test candles with features, confidence_threshold=0.738
[predict] 2024-02-13 00:00 BCHUSDT → SHORT (proba=0.74 TP=8.0%/SL=4.0%)
[trade:open] 2024-02-13 07:59 BCHUSDT SHORT @ 275.56 | SL=286.54 TP=253.59 | timeout=2024-02-20 07:59
[trade:close] 2024-02-13 15:59 BCHUSDT SHORT → stop_loss @ 286.54 | PnL=-3.99% (net -4.09%) | cum=+11.63% 2024-02=-4.09% 2024-02-13=-4.09%
[predict] 2024-02-15 00:00 BCHUSDT → SHORT (proba=0.78 TP=9.1%/SL=4.6%)
[trade:open] 2024-02-15 07:59 BCHUSDT SHORT @ 275.82 | SL=288.39 TP=250.68 | timeout=2024-02-22 07:59
[trade:close] 2024-02-20 15:59 BCHUSDT SHORT → take_profit @ 250.68 | PnL=+9.11% (net +9.01%) | cum=+20.64% 2024-02=+4.93% 2024-02-20=+9.01%
[predict] 2024-02-22 00:00 BCHUSDT → SHORT (proba=0.78 TP=8.8%/SL=4.4%)[I 2026-05-06 02:21:16,115] A new study created in memory with name: no-name-2237a48e-84f1-47f3-b60f-f1d492ecbf3c
[I 2026-05-06 02:21:16,390] Trial 0 finished with value: -0.032150717130812405 and parameters: {'confidence_threshold': 0.7790993046299082, 'training_days': 230, 'n_estimators': 295, 'max_depth': 5, 'num_leaves': 83, 'learning_rate': 0.051543455158230854, 'subsample': 0.8773243492079463, 'min_child_samples': 10, 'reg_alpha': 0.034096514368237685, 'reg_lambda': 3.154180388637081e-05}. Best is trial 0 with value: -0.032150717130812405.
[I 2026-05-06 02:21:16,548] Trial 1 finished with value: 0.0764483026269431 and parameters: {'confidence_threshold': 0.6929247853618086, 'training_days': 410, 'n_estimators': 233, 'max_depth': 5, 'num_leaves': 108, 'learning_rate': 0.013724237108071606, 'subsample': 0.7013182233636002, 'min_child_samples': 94, 'reg_alpha': 2.4040959529260723e-06, 'reg_lambda': 5.320966582161148}. Best is trial 1 with value: 0.0764483026269431.
[I 2026-05-06 02:21:16,611] Trial 2 finished with value: 0.0012019840079215125 and parameters: {'confidence_threshold': 0.546341527225763, 'training_days': 270, 'n_estimators': 120, 'max_depth': 4, 'num_leaves': 53, 'learning_rate': 0.060197068579343475, 'subsample': 0.588227873455941, 'min_child_samples': 91, 'reg_alpha': 2.3457771824819002e-08, 'reg_lambda': 1.1358840775642732e-08}. Best is trial 1 with value: 0.0764483026269431.
[I 2026-05-06 02:21:16,788] Trial 3 finished with value: -0.05271872110176886 and parameters: {'confidence_threshold': 0.6000319676300473, 'training_days': 270, 'n_estimators': 382, 'max_depth': 4, 'num_leaves': 44, 'learning_rate': 0.09185046765032388, 'subsample': 0.6743651508646724, 'min_child_samples': 77, 'reg_alpha': 0.0013974578104212739, 'reg_lambda': 8.97190257982477e-08}. Best is trial 1 with value: 0.0764483026269431.
[I 2026-05-06 02:21:17,124] Trial 4 finished with value: 0.0023001260095257604 and parameters: {'confidence_threshold': 0.7642618789055509, 'training_days': 390, 'n_estimators': 464, 'max_depth': 5, 'num_leaves': 30, 'learning_rate': 0.024562383309704932, 'subsample': 0.8612975035964376, 'min_child_samples': 36, 'reg_alpha': 1.593999300080167, 'reg_lambda': 0.006081270362829788}. Best is trial 1 with value: 0.0764483026269431.
[I 2026-05-06 02:21:17,259] Trial 5 finished with value: -0.028594300274474304 and parameters: {'confidence_threshold': 0.6029115860358569, 'training_days': 60, 'n_estimators': 441, 'max_depth': 3, 'num_leaves': 66, 'learning_rate': 0.044953114425778824, 'subsample': 0.7098948461279406, 'min_child_samples': 15, 'reg_alpha': 4.888753565548431e-07, 'reg_lambda': 4.198190642566389}. Best is trial 1 with value: 0.0764483026269431.
[I 2026-05-06 02:21:17,503] Trial 6 finished with value: -0.11409464707848538 and parameters: {'confidence_threshold': 0.7376932868314098, 'training_days': 290, 'n_estimators': 249, 'max_depth': 5, 'num_leaves': 121, 'learning_rate': 0.015565840632862623, 'subsample': 0.8390183783709677, 'min_child_samples': 19, 'reg_alpha': 1.860444687368747e-08, 'reg_lambda': 2.7391483548058117e-06}. Best is trial 1 with value: 0.0764483026269431.
[I 2026-05-06 02:21:17,536] Trial 7 finished with value: -0.07645733182498443 and parameters: {'confidence_threshold': 0.563503962036334, 'training_days': 70, 'n_estimators': 63, 'max_depth': 3, 'num_leaves': 47, 'learning_rate': 0.18074927623018475, 'subsample': 0.5059692991701257, 'min_child_samples': 9, 'reg_alpha': 3.6945804405602874e-08, 'reg_lambda': 0.027706035542028905}. Best is trial 1 with value: 0.0764483026269431.
[I 2026-05-06 02:21:17,612] Trial 8 finished with value: -0.051555335581386065 and parameters: {'confidence_threshold': 0.6525471176758836, 'training_days': 440, 'n_estimators': 116, 'max_depth': 4, 'num_leaves': 115, 'learning_rate': 0.010229952960863938, 'subsample': 0.5062159465415076, 'min_child_samples': 54, 'reg_alpha': 6.790626457822126e-06, 'reg_lambda': 1.7869141074987722e-05}. Best is trial 1 with value: 0.0764483026269431.
[I 2026-05-06 02:21:17,693] Trial 9 finished with value: -0.19065038892052805 and parameters: {'confidence_threshold': 0.7277571993354469, 'training_days': 360, 'n_estimators': 75, 'max_depth': 5, 'num_leaves': 41, 'learning_rate': 0.014186743931212992, 'subsample': 0.7445187273047605, 'min_child_samples': 22, 'reg_alpha': 0.02393227447113315, 'reg_lambda': 0.009236766173618426}. Best is trial 1 with value: 0.0764483026269431.

[trade:open] 2024-02-22 07:59 BCHUSDT SHORT @ 264.27 | SL=275.91 TP=240.99 | timeout=2024-02-29 07:59
[trade:close] 2024-02-26 23:59 BCHUSDT SHORT → stop_loss @ 275.91 | PnL=-4.40% (net -4.50%) | cum=+16.14% 2024-02=+0.42% 2024-02-26=-4.50%
[predict] 2024-02-28 08:00 BCHUSDT → SHORT (proba=0.84 TP=9.0%/SL=4.5%)
[trade:open] 2024-02-28 15:59 BCHUSDT SHORT @ 303.24 | SL=316.94 TP=275.84 | timeout=2024-03-06 15:59
[trade:close] 2024-02-29 07:59 BCHUSDT SHORT → stop_loss @ 316.94 | PnL=-4.52% (net -4.62%) | cum=+11.52% 2024-02=-4.19% 2024-02-29=-4.62%
[lgbm] === Training for 2024-03 ===
  Train window: 2022-03-01 → 2024-03-01
  2193 training samples from 1 symbols
  Samples per month: 2022-03: 93, 2022-04: 90, 2022-05: 93, 2022-06: 90, 2022-07: 93, 2022-08: 93, 2022-09: 90, 2022-10: 93, 2022-11: 90, 2022-12: 93, 2023-01: 93, 2023-02: 84, 2023-03: 93, 2023-04: 90, 2023-05: 93, 2023-06: 90, 2023-07: 93, 2023-08: 93, 2023-09: 90, 2023-10: 93, 2023-11: 90, 2023-12: 93, 2024-01: 93, 2024-02: 87
  [label] 2022-05-02 08:00 BCHUSDT entry=284.6100 → SHORT | long=sl(-5.23%) short=sl(-5.23%) | scanned=12 | no_tp→fwd_return=-3.8825
  [label] 2022-05-04 16:00 BCHUSDT entry=299.6400 → SHORT | long=sl(-4.74%) short=tp(+9.18%) | scanned=4 | short_tp_only
  [label] 2022-05-08 08:00 BCHUSDT entry=262.5000 → SHORT | long=sl(-5.30%) short=tp(+10.31%) | scanned=4 | short_tp_only
  [label] 2022-06-02 08:00 BCHUSDT entry=187.1300 → SHORT | long=sl(-7.42%) short=timeout(+5.14%) | scanned=22 | no_tp→fwd_return=-5.2423
  [label] 2022-07-25 08:00 BCHUSDT entry=123.7900 → LONG | long=sl(-6.65%) short=sl(-6.65%) | scanned=8 | no_tp→fwd_return=+14.8639
  [label] 2023-01-09 08:00 BCHUSDT entry=107.0100 → LONG | long=tp(+4.64%) short=sl(-2.47%) | scanned=9 | long_tp_only
  [label] 2023-01-13 08:00 BCHUSDT entry=124.6800 → LONG | long=sl(-3.90%) short=sl(-3.90%) | scanned=3 | no_tp→fwd_return=+0.4893
  [label] 2023-01-24 00:00 BCHUSDT entry=136.2000 → SHORT | long=sl(-4.56%) short=timeout(+1.56%) | scanned=22 | no_tp→fwd_return=-1.6593
  [label] 2023-03-10 08:00 BCHUSDT entry=109.5900 → LONG | long=tp(+10.04%) short=sl(-5.17%) | scanned=7 | long_tp_only
  [label] 2023-03-19 00:00 BCHUSDT entry=133.1300 → SHORT | long=sl(-4.91%) short=timeout(+5.93%) | scanned=22 | no_tp→fwd_return=-6.0317
  [label] 2023-06-18 16:00 BCHUSDT entry=106.9100 → LONG | long=tp(+6.78%) short=sl(-3.54%) | scanned=7 | long_tp_only
  [label] 2023-07-20 16:00 BCHUSDT entry=243.9700 → LONG | long=timeout(+0.35%) short=timeout(-0.55%) | scanned=22 | no_tp→fwd_return=+0.4509
  [label] 2023-08-06 00:00 BCHUSDT entry=227.0700 → LONG | long=sl(-4.38%) short=sl(-4.38%) | scanned=4 | no_tp→fwd_return=+2.8714
  [label] 2023-08-19 00:00 BCHUSDT entry=188.2000 → LONG | long=sl(-6.43%) short=timeout(-0.83%) | scanned=22 | no_tp→fwd_return=+0.7279
  [label] 2023-09-06 16:00 BCHUSDT entry=193.0100 → LONG | long=sl(-4.77%) short=sl(-4.77%) | scanned=17 | no_tp→fwd_return=+2.2123
  [label] 2023-09-13 00:00 BCHUSDT entry=200.1500 → LONG | long=tp(+9.31%) short=sl(-4.81%) | scanned=6 | long_tp_only
  [label] 2023-09-25 08:00 BCHUSDT entry=211.8100 → LONG | long=tp(+7.71%) short=sl(-4.01%) | scanned=6 | long_tp_only
  [label] 2023-11-04 08:00 BCHUSDT entry=236.5500 → LONG | long=tp(+8.66%) short=sl(-4.48%) | scanned=15 | long_tp_only
  [label] 2023-11-14 08:00 BCHUSDT entry=235.4000 → SHORT | long=sl(-4.92%) short=timeout(+1.50%) | scanned=22 | no_tp→fwd_return=-1.6015
  [label] 2024-02-09 08:00 BCHUSDT entry=251.5300 → LONG | long=sl(-2.60%) short=sl(-2.60%) | scanned=5 | no_tp→fwd_return=+7.4981
  Labels: 1033 long (47.1%), 1160 short (52.9%) | weights: min=1.00, mean=3.09, max=10.00
  Features: 2193/2193 matched, 14 columns
  CV gap: 22 rows
    [trial 0] 14 features, training_days=230 | threshold=0.779 | labels: 1033 long, 1160 short (47/53%)
    [CV fold 0] train_end=2022-06-24 00:00 | val_start=2022-07-01 16:00 | gap=184h (22 rows)
    [CV fold 1] train_end=2022-10-23 16:00 | val_start=2022-10-31 08:00 | gap=184h (22 rows)
    [CV fold 2] train_end=2023-02-22 08:00 | val_start=2023-03-02 00:00 | gap=184h (22 rows)
    [CV fold 3] train_end=2023-06-24 00:00 | val_start=2023-07-01 16:00 | gap=184h (22 rows)
    [CV fold 4] train_end=2023-10-23 16:00 | val_start=2023-10-31 08:00 | gap=184h (22 rows)
    [trial 0] Sharpe=-0.0322 (folds: -0.0383, 0.0636, -0.1445, 0.2168, -0.2583)
    [trial 1] 14 features, training_days=410 | threshold=0.693 | labels: 1033 long, 1160 short (47/53%)
    [trial 1] Sharpe=0.0764 (folds: -0.0595, 0.0960, 0.2361, 0.3073, -0.1976)
    [trial 2] 14 features, training_days=270 | threshold=0.546 | labels: 1033 long, 1160 short (47/53%)
    [trial 2] Sharpe=0.0012 (folds: -0.0350, 0.0877, -0.1035, 0.0568, 0.0001)
    [trial 3] 14 features, training_days=270 | threshold=0.600 | labels: 1033 long, 1160 short (47/53%)
    [trial 3] Sharpe=-0.0527 (folds: -0.0939, 0.1311, -0.2964, 0.0810, -0.0853)
    [trial 4] 14 features, training_days=390 | threshold=0.764 | labels: 1033 long, 1160 short (47/53%)
    [trial 4] Sharpe=0.0023 (folds: 0.0273, 0.0000, -0.1082, 0.2601, -0.1678)
    [trial 5] 14 features, training_days=60 | threshold=0.603 | labels: 1033 long, 1160 short (47/53%)
    [trial 5] Sharpe=-0.0286 (folds: -0.0456, 0.0222, -0.1466, -0.0404, 0.0675)
    [trial 6] 14 features, training_days=290 | threshold=0.738 | labels: 1033 long, 1160 short (47/53%)
    [trial 6] Sharpe=-0.1141 (folds: -0.0376, 0.1074, -0.4101, 0.0069, -0.2371)
    [trial 7] 14 features, training_days=70 | threshold=0.564 | labels: 1033 long, 1160 short (47/53%)
    [trial 7] Sharpe=-0.0765 (folds: -0.0496, 0.0979, -0.3593, -0.0650, -0.0063)
    [trial 8] 14 features, training_days=440 | threshold=0.653 | labels: 1033 long, 1160 short (47/53%)
    [trial 8] Sharpe=-0.0516 (folds: -0.0963, 0.0682, -0.1576, 0.3131, -0.3852)
    [trial 9] 14 features, training_days=360 | threshold=0.728 | labels: 1033 long, 1160 short (47/53%)
    [trial 9] Sharpe=-0.1907 (folds: -0.0545, 0.0357, 0.1950, -0.0784, -1.0510)
  Optuna: 10 trials, best Sharpe = 0.0764
  Best params: n_estimators=233, max_depth=5, lr=0.0137, leaves=108
  Best confidence_threshold: 0.693
  Best training_days: 410
  Retrained on full data (1230 samples, 14 features)
  Model trained for 2024-03: 93 test candles with features, confidence_threshold=0.693
[predict] 2024-03-06 00:00 BCHUSDT → LONG (proba=0.73 TP=21.7%/SL=10.8%)
[trade:open] 2024-03-06 07:59 BCHUSDT LONG @ 414.73 | SL=369.77 TP=504.64 | timeout=2024-03-13 07:59
[trade:close] 2024-03-13 08:00 BCHUSDT LONG → timeout @ 445.28 | PnL=+7.37% (net +7.27%) | cum=+18.79% 2024-03=+7.27% 2024-03-13=+7.27%
[predict] 2024-03-25 16:00 BCHUSDT → SHORT (proba=0.85 TP=16.2%/SL=8.1%)
[trade:open] 2024-03-25 23:59 BCHUSDT SHORT @ 487.76 | SL=527.36 TP=408.57 | timeout=2024-04-01 23:59
[trade:close] 2024-03-27 15:59 BCHUSDT SHORT → stop_loss @ 527.36 | PnL=-8.12% (net -8.22%) | cum=+10.57% 2024-03=-0.95% 2024-03-27=-8.22%
[lgbm] === Training for 2024-04 ===
  Train window: 2022-04-01 → 2024-04-01
  2193 training samples from 1 symbols
  Samples per month: 2022-04: 90, 2022-05: 93, 2022-06: 90, 2022-07: 93, 2022-08: 93, 2022-09: 90, 2022-10: 93, 2022-11: 90, 2022-12: 93, 2023-01: 93, 2023-02: 84, 2023-03: 93, 2023-04: 90, 2023-05: 93, 2023-06: 90, 2023-07: 93, 2023-08: 93, 2023-09: 90, 2023-10: 93, 2023-11: 90, 2023-12: 93, 2024-01: 93, 2024-02: 87, 2024-03: 93
  [label] 2022-06-02 08:00 BCHUSDT entry=187.1300 → SHORT | long=sl(-7.42%) short=timeout(+5.14%) | scanned=22 | no_tp→fwd_return=-5.2423
  [label] 2022-06-04 16:00 BCHUSDT entry=188.6100 → SHORT | long=sl(-6.42%) short=tp(+12.55%) | scanned=20 | short_tp_only
  [label] 2022-06-08 08:00 BCHUSDT entry=181.2100 → SHORT | long=sl(-6.44%) short=tp(+12.58%) | scanned=9 | short_tp_only
  [label] 2022-07-03 08:00 BCHUSDT entry=102.3500 → LONG | long=timeout(+3.52%) short=sl(-7.81%) | scanned=22 | no_tp→fwd_return=+3.6150
  [label] 2022-08-25 08:00 BCHUSDT entry=129.6000 → SHORT | long=sl(-5.89%) short=tp(+11.48%) | scanned=6 | short_tp_only
  [label] 2023-02-09 08:00 BCHUSDT entry=130.2200 → LONG | long=sl(-4.26%) short=sl(-4.26%) | scanned=20 | no_tp→fwd_return=+3.2407[I 2026-05-06 02:21:17,935] A new study created in memory with name: no-name-be45e97d-515c-4b64-ace1-d3bcf98a1f46
[I 2026-05-06 02:21:18,180] Trial 0 finished with value: 0.024865177452856657 and parameters: {'confidence_threshold': 0.7790993046299082, 'training_days': 230, 'n_estimators': 295, 'max_depth': 5, 'num_leaves': 83, 'learning_rate': 0.051543455158230854, 'subsample': 0.8773243492079463, 'min_child_samples': 10, 'reg_alpha': 0.034096514368237685, 'reg_lambda': 3.154180388637081e-05}. Best is trial 0 with value: 0.024865177452856657.
