[I 2026-05-06 02:21:24,846] Trial 9 finished with value: -0.10746188152399187 and parameters: {'confidence_threshold': 0.7277571993354469, 'training_days': 360, 'n_estimators': 75, 'max_depth': 5, 'num_leaves': 41, 'learning_rate': 0.014186743931212992, 'subsample': 0.7445187273047605, 'min_child_samples': 22, 'reg_alpha': 0.02393227447113315, 'reg_lambda': 0.009236766173618426}. Best is trial 2 with value: 0.03402334228090252.

    [trial 7] 14 features, training_days=70 | threshold=0.564 | labels: 1063 long, 1130 short (48/52%)
    [trial 7] Sharpe=0.0237 (folds: 0.0543, -0.0327, -0.0928, 0.1037, 0.0858)
    [trial 8] 14 features, training_days=440 | threshold=0.653 | labels: 1063 long, 1130 short (48/52%)
    [trial 8] Sharpe=-0.1782 (folds: -0.4058, -0.0846, -0.1375, -0.1575, -0.1053)
    [trial 9] 14 features, training_days=360 | threshold=0.728 | labels: 1063 long, 1130 short (48/52%)
    [trial 9] Sharpe=-2.1032 (folds: -0.3796, -10.0000, -0.1326, 0.0433, -0.0473)
  Optuna: 10 trials, best Sharpe = 0.0720
  Best params: n_estimators=249, max_depth=5, lr=0.0156, leaves=121
  Best confidence_threshold: 0.738
  Best training_days: 290
  Retrained on full data (870 samples, 14 features)
  Model trained for 2024-06: 90 test candles with features, confidence_threshold=0.738
[predict] 2024-06-12 16:00 BCHUSDT → LONG (proba=0.91 TP=9.2%/SL=4.6%)
[trade:open] 2024-06-12 23:59 BCHUSDT LONG @ 453.93 | SL=433.03 TP=495.73 | timeout=2024-06-19 23:59
[trade:close] 2024-06-13 23:59 BCHUSDT LONG → stop_loss @ 433.03 | PnL=-4.60% (net -4.70%) | cum=+22.03% 2024-06=-4.70% 2024-06-13=-4.70%
[predict] 2024-06-18 00:00 BCHUSDT → LONG (proba=0.96 TP=11.2%/SL=5.6%)
[trade:open] 2024-06-18 07:59 BCHUSDT LONG @ 393.24 | SL=371.26 TP=437.20 | timeout=2024-06-25 07:59
[trade:close] 2024-06-24 07:59 BCHUSDT LONG → stop_loss @ 371.26 | PnL=-5.59% (net -5.69%) | cum=+16.34% 2024-06=-10.39% 2024-06-24=-5.69%
[predict] 2024-06-26 16:00 BCHUSDT → LONG (proba=0.80 TP=11.5%/SL=5.7%)
[trade:open] 2024-06-26 23:59 BCHUSDT LONG @ 373.58 | SL=352.18 TP=416.37 | timeout=2024-07-03 23:59
[lgbm] === Training for 2024-07 ===
  Train window: 2022-07-01 → 2024-07-01
  2193 training samples from 1 symbols
  Samples per month: 2022-07: 93, 2022-08: 93, 2022-09: 90, 2022-10: 93, 2022-11: 90, 2022-12: 93, 2023-01: 93, 2023-02: 84, 2023-03: 93, 2023-04: 90, 2023-05: 93, 2023-06: 90, 2023-07: 93, 2023-08: 93, 2023-09: 90, 2023-10: 93, 2023-11: 90, 2023-12: 93, 2024-01: 93, 2024-02: 87, 2024-03: 93, 2024-04: 90, 2024-05: 93, 2024-06: 90
  [label] 2022-09-01 08:00 BCHUSDT entry=113.8300 → LONG | long=tp(+11.72%) short=sl(-6.01%) | scanned=14 | long_tp_only
  [label] 2022-09-03 16:00 BCHUSDT entry=117.7100 → SHORT | long=sl(-5.29%) short=sl(-5.29%) | scanned=9 | no_tp→fwd_return=-4.7914
  [label] 2022-09-07 08:00 BCHUSDT entry=113.3700 → LONG | long=tp(+11.13%) short=sl(-5.71%) | scanned=3 | long_tp_only
  [label] 2022-10-02 08:00 BCHUSDT entry=115.5700 → LONG | long=timeout(+2.03%) short=sl(-4.98%) | scanned=22 | no_tp→fwd_return=+2.1286
  [label] 2022-11-24 08:00 BCHUSDT entry=116.3100 → SHORT | long=sl(-5.10%) short=timeout(+4.84%) | scanned=22 | no_tp→fwd_return=-4.9437
  [label] 2023-05-11 08:00 BCHUSDT entry=113.0400 → LONG | long=timeout(+2.84%) short=sl(-4.76%) | scanned=22 | no_tp→fwd_return=+2.9370
  [label] 2023-05-15 08:00 BCHUSDT entry=117.7800 → SHORT | long=sl(-4.14%) short=timeout(+3.02%) | scanned=22 | no_tp→fwd_return=-3.1245
  [label] 2023-05-26 00:00 BCHUSDT entry=113.0400 → LONG | long=timeout(+0.94%) short=sl(-2.86%) | scanned=22 | no_tp→fwd_return=+1.0350
  [label] 2023-07-10 08:00 BCHUSDT entry=276.1000 → SHORT | long=sl(-8.90%) short=timeout(+11.61%) | scanned=22 | no_tp→fwd_return=-11.7131
  [label] 2023-07-19 00:00 BCHUSDT entry=246.2100 → SHORT | long=timeout(-4.04%) short=timeout(+3.84%) | scanned=22 | no_tp→fwd_return=-3.9397
  [label] 2023-10-18 16:00 BCHUSDT entry=226.6900 → LONG | long=tp(+8.35%) short=sl(-4.33%) | scanned=5 | long_tp_only
  [label] 2023-11-19 16:00 BCHUSDT entry=230.1400 → SHORT | long=sl(-4.51%) short=timeout(+1.36%) | scanned=22 | no_tp→fwd_return=-1.4556
  [label] 2023-12-06 00:00 BCHUSDT entry=246.6000 → SHORT | long=sl(-4.31%) short=sl(-4.31%) | scanned=15 | no_tp→fwd_return=-5.7786
  [label] 2023-12-19 00:00 BCHUSDT entry=229.4100 → LONG | long=timeout(+0.26%) short=sl(-4.34%) | scanned=22 | no_tp→fwd_return=+0.3574
  [label] 2024-01-06 16:00 BCHUSDT entry=235.9700 → LONG | long=tp(+13.22%) short=sl(-6.76%) | scanned=14 | long_tp_only
  [label] 2024-01-13 00:00 BCHUSDT entry=259.8400 → SHORT | long=sl(-7.97%) short=timeout(+8.99%) | scanned=22 | no_tp→fwd_return=-9.0864
  [label] 2024-01-25 08:00 BCHUSDT entry=235.2500 → LONG | long=timeout(-0.02%) short=timeout(-0.18%) | scanned=22 | no_tp→fwd_return=+0.0808
  [label] 2024-03-05 08:00 BCHUSDT entry=433.6800 → SHORT | long=sl(-9.21%) short=tp(+18.11%) | scanned=1 | short_tp_only
  [label] 2024-03-15 08:00 BCHUSDT entry=408.7100 → SHORT | long=sl(-9.80%) short=timeout(+1.36%) | scanned=22 | no_tp→fwd_return=-1.4631
  [label] 2024-06-10 08:00 BCHUSDT entry=473.1300 → SHORT | long=sl(-4.20%) short=tp(+8.10%) | scanned=3 | short_tp_only
  Labels: 1073 long (48.9%), 1120 short (51.1%) | weights: min=1.00, mean=3.79, max=10.00
  Features: 2193/2193 matched, 14 columns
  CV gap: 22 rows
    [trial 0] 14 features, training_days=230 | threshold=0.779 | labels: 1073 long, 1120 short (49/51%)
    [CV fold 0] train_end=2022-10-24 00:00 | val_start=2022-10-31 16:00 | gap=184h (22 rows)
    [CV fold 1] train_end=2023-02-22 16:00 | val_start=2023-03-02 08:00 | gap=184h (22 rows)
    [CV fold 2] train_end=2023-06-24 08:00 | val_start=2023-07-02 00:00 | gap=184h (22 rows)
    [CV fold 3] train_end=2023-10-24 00:00 | val_start=2023-10-31 16:00 | gap=184h (22 rows)
    [CV fold 4] train_end=2024-02-22 16:00 | val_start=2024-03-01 08:00 | gap=184h (22 rows)
    [trial 0] Sharpe=-0.0109 (folds: 0.1490, -0.0305, 0.2319, -0.3513, -0.0536)
    [trial 1] 14 features, training_days=410 | threshold=0.693 | labels: 1073 long, 1120 short (49/51%)
    [trial 1] Sharpe=-0.1393 (folds: 0.1162, -0.1457, -0.0925, -0.3367, -0.2376)
    [trial 2] 14 features, training_days=270 | threshold=0.546 | labels: 1073 long, 1120 short (49/51%)
    [trial 2] Sharpe=0.0340 (folds: 0.2726, -0.1072, 0.0694, -0.0065, -0.0581)
    [trial 3] 14 features, training_days=270 | threshold=0.600 | labels: 1073 long, 1120 short (49/51%)
    [trial 3] Sharpe=-0.0056 (folds: 0.1969, -0.1322, 0.0914, -0.0661, -0.1180)
    [trial 4] 14 features, training_days=390 | threshold=0.764 | labels: 1073 long, 1120 short (49/51%)
    [trial 4] Sharpe=-0.0102 (folds: 0.1760, 0.0346, -0.0083, -0.2229, -0.0303)
    [trial 5] 14 features, training_days=60 | threshold=0.603 | labels: 1073 long, 1120 short (49/51%)
    [trial 5] Sharpe=0.0307 (folds: 0.0325, -0.0476, 0.0083, 0.1172, 0.0433)
    [trial 6] 14 features, training_days=290 | threshold=0.738 | labels: 1073 long, 1120 short (49/51%)
    [trial 6] Sharpe=-0.0004 (folds: 0.1761, 0.0073, 0.0229, -0.1378, -0.0705)
    [trial 7] 14 features, training_days=70 | threshold=0.564 | labels: 1073 long, 1120 short (49/51%)
    [trial 7] Sharpe=0.0110 (folds: 0.0874, -0.0597, -0.0338, 0.0730, -0.0120)
    [trial 8] 14 features, training_days=440 | threshold=0.653 | labels: 1073 long, 1120 short (49/51%)
    [trial 8] Sharpe=-0.0187 (folds: 0.1308, 0.1419, -0.0190, -0.2554, -0.0918)
    [trial 9] 14 features, training_days=360 | threshold=0.728 | labels: 1073 long, 1120 short (49/51%)
    [trial 9] Sharpe=-0.1075 (folds: 0.3130, 0.0510, 0.0285, -0.7159, -0.2140)
  Optuna: 10 trials, best Sharpe = 0.0340
  Best params: n_estimators=120, max_depth=4, lr=0.0602, leaves=53
  Best confidence_threshold: 0.546
  Best training_days: 270
  Retrained on full data (810 samples, 14 features)
  Model trained for 2024-07: 93 test candles with features, confidence_threshold=0.546
[trade:close] 2024-07-04 00:00 BCHUSDT LONG → timeout @ 372.96 | PnL=-0.17% (net -0.27%) | cum=+16.07% 2024-07=-0.27% 2024-07-04=-0.27%
[predict] 2024-07-05 08:00 BCHUSDT → LONG (proba=0.81 TP=13.9%/SL=6.9%)
[trade:open] 2024-07-05 15:59 BCHUSDT LONG @ 322.40 | SL=300.05 TP=367.10 | timeout=2024-07-12 15:59
[trade:close] 2024-07-08 07:59 BCHUSDT LONG → stop_loss @ 300.05 | PnL=-6.93% (net -7.03%) | cum=+9.04% 2024-07=-7.30% 2024-07-08=-7.03%
[predict] 2024-07-09 16:00 BCHUSDT → SHORT (proba=0.58 TP=12.6%/SL=6.3%)
[trade:open] 2024-07-09 23:59 BCHUSDT SHORT @ 330.86 | SL=351.73 TP=289.12 | timeout=2024-07-16 23:59[I 2026-05-06 02:21:25,092] A new study created in memory with name: no-name-2461c57f-3f32-47fe-8b46-824e9cd42060
[I 2026-05-06 02:21:25,343] Trial 0 finished with value: 0.03789424222647666 and parameters: {'confidence_threshold': 0.7790993046299082, 'training_days': 230, 'n_estimators': 295, 'max_depth': 5, 'num_leaves': 83, 'learning_rate': 0.051543455158230854, 'subsample': 0.8773243492079463, 'min_child_samples': 10, 'reg_alpha': 0.034096514368237685, 'reg_lambda': 3.154180388637081e-05}. Best is trial 0 with value: 0.03789424222647666.
[I 2026-05-06 02:21:25,485] Trial 1 finished with value: 0.07678140919327561 and parameters: {'confidence_threshold': 0.6929247853618086, 'training_days': 410, 'n_estimators': 233, 'max_depth': 5, 'num_leaves': 108, 'learning_rate': 0.013724237108071606, 'subsample': 0.7013182233636002, 'min_child_samples': 94, 'reg_alpha': 2.4040959529260723e-06, 'reg_lambda': 5.320966582161148}. Best is trial 1 with value: 0.07678140919327561.
[I 2026-05-06 02:21:25,549] Trial 2 finished with value: 0.039169126556515145 and parameters: {'confidence_threshold': 0.546341527225763, 'training_days': 270, 'n_estimators': 120, 'max_depth': 4, 'num_leaves': 53, 'learning_rate': 0.060197068579343475, 'subsample': 0.588227873455941, 'min_child_samples': 91, 'reg_alpha': 2.3457771824819002e-08, 'reg_lambda': 1.1358840775642732e-08}. Best is trial 1 with value: 0.07678140919327561.
[I 2026-05-06 02:21:25,724] Trial 3 finished with value: 0.03306736234578045 and parameters: {'confidence_threshold': 0.6000319676300473, 'training_days': 270, 'n_estimators': 382, 'max_depth': 4, 'num_leaves': 44, 'learning_rate': 0.09185046765032388, 'subsample': 0.6743651508646724, 'min_child_samples': 77, 'reg_alpha': 0.0013974578104212739, 'reg_lambda': 8.97190257982477e-08}. Best is trial 1 with value: 0.07678140919327561.
[I 2026-05-06 02:21:26,058] Trial 4 finished with value: 0.07539993724317055 and parameters: {'confidence_threshold': 0.7642618789055509, 'training_days': 390, 'n_estimators': 464, 'max_depth': 5, 'num_leaves': 30, 'learning_rate': 0.024562383309704932, 'subsample': 0.8612975035964376, 'min_child_samples': 36, 'reg_alpha': 1.593999300080167, 'reg_lambda': 0.006081270362829788}. Best is trial 1 with value: 0.07678140919327561.
[I 2026-05-06 02:21:26,204] Trial 5 finished with value: -0.024094635483558325 and parameters: {'confidence_threshold': 0.6029115860358569, 'training_days': 60, 'n_estimators': 441, 'max_depth': 3, 'num_leaves': 66, 'learning_rate': 0.044953114425778824, 'subsample': 0.7098948461279406, 'min_child_samples': 15, 'reg_alpha': 4.888753565548431e-07, 'reg_lambda': 4.198190642566389}. Best is trial 1 with value: 0.07678140919327561.
[I 2026-05-06 02:21:26,411] Trial 6 finished with value: -0.012812026096977902 and parameters: {'confidence_threshold': 0.7376932868314098, 'training_days': 290, 'n_estimators': 249, 'max_depth': 5, 'num_leaves': 121, 'learning_rate': 0.015565840632862623, 'subsample': 0.8390183783709677, 'min_child_samples': 19, 'reg_alpha': 1.860444687368747e-08, 'reg_lambda': 2.7391483548058117e-06}. Best is trial 1 with value: 0.07678140919327561.
[I 2026-05-06 02:21:26,453] Trial 7 finished with value: 0.01254787058114376 and parameters: {'confidence_threshold': 0.563503962036334, 'training_days': 70, 'n_estimators': 63, 'max_depth': 3, 'num_leaves': 47, 'learning_rate': 0.18074927623018475, 'subsample': 0.5059692991701257, 'min_child_samples': 9, 'reg_alpha': 3.6945804405602874e-08, 'reg_lambda': 0.027706035542028905}. Best is trial 1 with value: 0.07678140919327561.
[I 2026-05-06 02:21:26,530] Trial 8 finished with value: -0.038777546848955735 and parameters: {'confidence_threshold': 0.6525471176758836, 'training_days': 440, 'n_estimators': 116, 'max_depth': 4, 'num_leaves': 115, 'learning_rate': 0.010229952960863938, 'subsample': 0.5062159465415076, 'min_child_samples': 54, 'reg_alpha': 6.790626457822126e-06, 'reg_lambda': 1.7869141074987722e-05}. Best is trial 1 with value: 0.07678140919327561.
[I 2026-05-06 02:21:26,608] Trial 9 finished with value: -0.054151716667147035 and parameters: {'confidence_threshold': 0.7277571993354469, 'training_days': 360, 'n_estimators': 75, 'max_depth': 5, 'num_leaves': 41, 'learning_rate': 0.014186743931212992, 'subsample': 0.7445187273047605, 'min_child_samples': 22, 'reg_alpha': 0.02393227447113315, 'reg_lambda': 0.009236766173618426}. Best is trial 1 with value: 0.07678140919327561.

[trade:close] 2024-07-11 15:59 BCHUSDT SHORT → stop_loss @ 351.73 | PnL=-6.31% (net -6.41%) | cum=+2.63% 2024-07=-13.71% 2024-07-11=-6.41%
[predict] 2024-07-13 00:00 BCHUSDT → SHORT (proba=0.80 TP=10.8%/SL=5.4%)
[trade:open] 2024-07-13 07:59 BCHUSDT SHORT @ 375.73 | SL=395.97 TP=335.26 | timeout=2024-07-20 07:59
[trade:close] 2024-07-15 23:59 BCHUSDT SHORT → stop_loss @ 395.97 | PnL=-5.39% (net -5.49%) | cum=-2.85% 2024-07=-19.19% 2024-07-15=-5.49%
[predict] 2024-07-17 08:00 BCHUSDT → SHORT (proba=0.81 TP=11.7%/SL=5.9%)
[trade:open] 2024-07-17 15:59 BCHUSDT SHORT @ 375.26 | SL=397.26 TP=331.26 | timeout=2024-07-24 15:59
[trade:close] 2024-07-19 23:59 BCHUSDT SHORT → stop_loss @ 397.26 | PnL=-5.86% (net -5.96%) | cum=-8.82% 2024-07=-25.15% 2024-07-19=-5.96%
[predict] 2024-07-22 00:00 BCHUSDT → SHORT (proba=0.80 TP=10.4%/SL=5.2%)
[trade:open] 2024-07-22 07:59 BCHUSDT SHORT @ 388.21 | SL=408.47 TP=347.68 | timeout=2024-07-29 07:59
[trade:close] 2024-07-25 15:59 BCHUSDT SHORT → take_profit @ 347.68 | PnL=+10.44% (net +10.34%) | cum=+1.53% 2024-07=-14.81% 2024-07-25=+10.34%
[predict] 2024-07-29 16:00 BCHUSDT → SHORT (proba=0.76 TP=9.6%/SL=4.8%)
[trade:open] 2024-07-29 23:59 BCHUSDT SHORT @ 438.79 | SL=459.91 TP=396.55 | timeout=2024-08-05 23:59
[lgbm] === Training for 2024-08 ===
  Train window: 2022-08-01 → 2024-08-01
  2193 training samples from 1 symbols
  Samples per month: 2022-08: 93, 2022-09: 90, 2022-10: 93, 2022-11: 90, 2022-12: 93, 2023-01: 93, 2023-02: 84, 2023-03: 93, 2023-04: 90, 2023-05: 93, 2023-06: 90, 2023-07: 93, 2023-08: 93, 2023-09: 90, 2023-10: 93, 2023-11: 90, 2023-12: 93, 2024-01: 93, 2024-02: 87, 2024-03: 93, 2024-04: 90, 2024-05: 93, 2024-06: 90, 2024-07: 93
  [label] 2022-10-02 08:00 BCHUSDT entry=115.5700 → LONG | long=timeout(+2.03%) short=sl(-4.98%) | scanned=22 | no_tp→fwd_return=+2.1286
  [label] 2022-10-04 16:00 BCHUSDT entry=121.0800 → SHORT | long=sl(-4.30%) short=tp(+8.31%) | scanned=18 | short_tp_only
  [label] 2022-10-08 08:00 BCHUSDT entry=117.1000 → SHORT | long=sl(-3.94%) short=tp(+7.58%) | scanned=14 | short_tp_only
  [label] 2022-11-02 08:00 BCHUSDT entry=116.9400 → LONG | long=sl(-3.71%) short=sl(-3.71%) | scanned=5 | no_tp→fwd_return=+3.1640
  [label] 2022-12-25 08:00 BCHUSDT entry=99.9800 → SHORT | long=sl(-2.78%) short=sl(-2.78%) | scanned=13 | no_tp→fwd_return=-1.6103
  [label] 2023-06-11 08:00 BCHUSDT entry=102.0700 → LONG | long=timeout(+5.73%) short=sl(-4.19%) | scanned=22 | no_tp→fwd_return=+5.8293
  [label] 2023-06-15 08:00 BCHUSDT entry=103.2700 → LONG | long=tp(+7.52%) short=sl(-3.91%) | scanned=17 | long_tp_only
  [label] 2023-06-26 00:00 BCHUSDT entry=193.2400 → LONG | long=tp(+16.84%) short=sl(-8.57%) | scanned=1 | long_tp_only
  [label] 2023-08-10 08:00 BCHUSDT entry=233.3400 → SHORT | long=sl(-4.60%) short=tp(+8.91%) | scanned=19 | short_tp_only
  [label] 2023-08-19 00:00 BCHUSDT entry=188.2000 → LONG | long=sl(-6.43%) short=timeout(-0.83%) | scanned=22 | no_tp→fwd_return=+0.7279
  [label] 2023-11-18 16:00 BCHUSDT entry=227.2600 → LONG | long=sl(-4.85%) short=timeout(-0.23%) | scanned=22 | no_tp→fwd_return=+0.1320
  [label] 2023-12-20 16:00 BCHUSDT entry=229.6700 → SHORT | long=sl(-4.31%) short=sl(-4.31%) | scanned=18 | no_tp→fwd_return=-0.1655
  [label] 2024-01-06 00:00 BCHUSDT entry=235.0000 → LONG | long=tp(+14.20%) short=sl(-7.25%) | scanned=16 | long_tp_only
  [label] 2024-01-19 00:00 BCHUSDT entry=236.6000 → SHORT | long=sl(-6.13%) short=timeout(+0.61%) | scanned=22 | no_tp→fwd_return=-0.7058
  [label] 2024-02-06 16:00 BCHUSDT entry=235.0800 → LONG | long=tp(+5.63%) short=sl(-2.96%) | scanned=8 | long_tp_only
  [label] 2024-02-13 00:00 BCHUSDT entry=275.5600 → SHORT | long=sl(-4.09%) short=sl(-4.09%) | scanned=3 | no_tp→fwd_return=-2.2500
  [label] 2024-02-25 08:00 BCHUSDT entry=267.5700 → LONG | long=tp(+7.48%) short=sl(-3.89%) | scanned=5 | long_tp_only
  [label] 2024-04-05 08:00 BCHUSDT entry=667.1500 → SHORT | long=sl(-8.88%) short=timeout(+12.99%) | scanned=22 | no_tp→fwd_return=-13.0915
  [label] 2024-04-15 08:00 BCHUSDT entry=519.2900 → SHORT | long=sl(-11.29%) short=timeout(+2.09%) | scanned=22 | no_tp→fwd_return=-2.1915
  [label] 2024-07-11 08:00 BCHUSDT entry=351.2300 → LONG | long=tp(+11.89%) short=sl(-6.10%) | scanned=13 | long_tp_only
  Labels: 1069 long (48.7%), 1124 short (51.3%) | weights: min=1.00, mean=3.79, max=10.00
  Features: 2193/2193 matched, 14 columns
  CV gap: 22 rows
    [trial 0] 14 features, training_days=230 | threshold=0.779 | labels: 1069 long, 1124 short (49/51%)
    [CV fold 0] train_end=2022-11-24 00:00 | val_start=2022-12-01 16:00 | gap=184h (22 rows)
    [CV fold 1] train_end=2023-03-25 16:00 | val_start=2023-04-02 08:00 | gap=184h (22 rows)
    [CV fold 2] train_end=2023-07-25 08:00 | val_start=2023-08-02 00:00 | gap=184h (22 rows)
    [CV fold 3] train_end=2023-11-24 00:00 | val_start=2023-12-01 16:00 | gap=184h (22 rows)
    [CV fold 4] train_end=2024-03-24 16:00 | val_start=2024-04-01 08:00 | gap=184h (22 rows)
    [trial 0] Sharpe=0.0379 (folds: 0.0132, 0.1624, 0.1642, -0.2825, 0.1322)
    [trial 1] 14 features, training_days=410 | threshold=0.693 | labels: 1069 long, 1124 short (49/51%)
    [trial 1] Sharpe=0.0768 (folds: 0.2032, 0.1606, 0.2171, -0.2628, 0.0659)
    [trial 2] 14 features, training_days=270 | threshold=0.546 | labels: 1069 long, 1124 short (49/51%)
    [trial 2] Sharpe=0.0392 (folds: 0.1692, 0.0269, 0.0270, -0.1606, 0.1333)
    [trial 3] 14 features, training_days=270 | threshold=0.600 | labels: 1069 long, 1124 short (49/51%)
    [trial 3] Sharpe=0.0331 (folds: 0.1474, 0.0876, -0.0171, -0.1728, 0.1203)
    [trial 4] 14 features, training_days=390 | threshold=0.764 | labels: 1069 long, 1124 short (49/51%)
    [trial 4] Sharpe=0.0754 (folds: 0.1072, 0.0981, 0.1286, -0.0914, 0.1346)
    [trial 5] 14 features, training_days=60 | threshold=0.603 | labels: 1069 long, 1124 short (49/51%)
    [trial 5] Sharpe=-0.0241 (folds: 0.0961, 0.0240, 0.0490, -0.1705, -0.1191)
    [trial 6] 14 features, training_days=290 | threshold=0.738 | labels: 1069 long, 1124 short (49/51%)
    [trial 6] Sharpe=-0.0128 (folds: 0.0480, 0.0822, -0.1261, -0.1749, 0.1067)
    [trial 7] 14 features, training_days=70 | threshold=0.564 | labels: 1069 long, 1124 short (49/51%)
    [trial 7] Sharpe=0.0125 (folds: 0.0540, -0.0457, 0.1226, 0.2004, -0.2685)
    [trial 8] 14 features, training_days=440 | threshold=0.653 | labels: 1069 long, 1124 short (49/51%)
    [trial 8] Sharpe=-0.0388 (folds: 0.2859, -0.1789, 0.1550, -0.4627, 0.0068)
    [trial 9] 14 features, training_days=360 | threshold=0.728 | labels: 1069 long, 1124 short (49/51%)
    [trial 9] Sharpe=-0.0542 (folds: 0.2394, 0.3455, -0.1845, -0.5072, -0.1639)
  Optuna: 10 trials, best Sharpe = 0.0768
  Best params: n_estimators=233, max_depth=5, lr=0.0137, leaves=108
  Best confidence_threshold: 0.693
  Best training_days: 410
  Retrained on full data (1230 samples, 14 features)
  Model trained for 2024-08: 93 test candles with features, confidence_threshold=0.693
[trade:close] 2024-08-01 23:59 BCHUSDT SHORT → take_profit @ 396.55 | PnL=+9.63% (net +9.53%) | cum=+11.05% 2024-08=+9.53% 2024-08-01=+9.53%
[predict] 2024-08-03 08:00 BCHUSDT → SHORT (proba=0.74 TP=13.4%/SL=6.7%)
[trade:open] 2024-08-03 15:59 BCHUSDT SHORT @ 367.44 | SL=392.12 TP=318.08 | timeout=2024-08-10 15:59
[trade:close] 2024-08-05 07:59 BCHUSDT SHORT → take_profit @ 318.08 | PnL=+13.43% (net +13.33%) | cum=+24.38% 2024-08=+22.86% 2024-08-05=+13.33%
[predict] 2024-08-06 16:00 BCHUSDT → SHORT (proba=0.76 TP=18.0%/SL=9.0%)
[trade:open] 2024-08-06 23:59 BCHUSDT SHORT @ 314.62 | SL=342.90 TP=258.07 | timeout=2024-08-13 23:59
[trade:close] 2024-08-08 23:59 BCHUSDT SHORT → stop_loss @ 342.90 | PnL=-8.99% (net -9.09%) | cum=+15.30% 2024-08=+13.77% 2024-08-08=-9.09%
[predict] 2024-08-10 08:00 BCHUSDT → SHORT (proba=0.79 TP=14.8%/SL=7.4%)
[trade:open] 2024-08-10 15:59 BCHUSDT SHORT @ 352.00 | SL=378.11 TP=299.78 | timeout=2024-08-17 15:59
[trade:close] 2024-08-17 16:00 BCHUSDT SHORT → timeout @ 345.21 | PnL=+1.93% (net +1.83%) | cum=+17.13% 2024-08=+15.60% 2024-08-17=+1.83%[I 2026-05-06 02:21:26,859] A new study created in memory with name: no-name-7de7d0e1-af04-4a6e-bbea-5c19c9c55da4
[I 2026-05-06 02:21:27,111] Trial 0 finished with value: -0.0539389571421919 and parameters: {'confidence_threshold': 0.7790993046299082, 'training_days': 230, 'n_estimators': 295, 'max_depth': 5, 'num_leaves': 83, 'learning_rate': 0.051543455158230854, 'subsample': 0.8773243492079463, 'min_child_samples': 10, 'reg_alpha': 0.034096514368237685, 'reg_lambda': 3.154180388637081e-05}. Best is trial 0 with value: -0.0539389571421919.
