[I 2026-05-06 02:26:15,392] Trial 9 finished with value: -1.9159917854917257 and parameters: {'confidence_threshold': 0.7277571993354469, 'training_days': 360, 'n_estimators': 75, 'max_depth': 5, 'num_leaves': 41, 'learning_rate': 0.014186743931212992, 'subsample': 0.7445187273047605, 'min_child_samples': 22, 'reg_alpha': 0.02393227447113315, 'reg_lambda': 0.009236766173618426}. Best is trial 1 with value: -0.03689229548587668.

    [trial 6] Sharpe=-0.0184 (folds: -0.1704, -0.2092, 0.6779, -0.1768, -0.2136)
    [trial 7] 14 features, training_days=70 | threshold=0.564 | labels: 1245 long, 945 short (57/43%)
    [trial 7] Sharpe=-0.1878 (folds: -0.0635, -0.2012, -0.2219, -0.2063, -0.2462)
    [trial 8] 14 features, training_days=440 | threshold=0.653 | labels: 1245 long, 945 short (57/43%)
    [trial 8] Sharpe=-4.0455 (folds: 0.0589, -0.1511, -10.0000, -0.1353, -10.0000)
    [trial 9] 14 features, training_days=360 | threshold=0.728 | labels: 1245 long, 945 short (57/43%)
    [trial 9] Sharpe=-4.1376 (folds: -0.3161, -0.1908, -10.0000, -0.1811, -10.0000)
  Optuna: 10 trials, best Sharpe = -0.0184
  Best params: n_estimators=249, max_depth=5, lr=0.0156, leaves=121
  Best confidence_threshold: 0.738
  Best training_days: 290
  Retrained on full data (870 samples, 14 features)
  Model trained for 2026-04: 90 test candles with features, confidence_threshold=0.738
[trade:close] 2026-04-05 15:59 TRXUSDT SHORT → stop_loss @ 0.32 | PnL=-2.23% (net -2.33%) | cum=-5.01% 2026-04=-2.33% 2026-04-05=-2.33%
[predict] 2026-04-19 08:00 TRXUSDT → LONG (proba=0.94 TP=2.3%/SL=1.2%)
[trade:open] 2026-04-19 15:59 TRXUSDT LONG @ 0.33 | SL=0.33 TP=0.34 | timeout=2026-04-26 15:59
[trade:close] 2026-04-19 23:59 TRXUSDT LONG → stop_loss @ 0.33 | PnL=-1.15% (net -1.25%) | cum=-6.26% 2026-04=-3.59% 2026-04-19=-1.25%
[predict] 2026-04-21 08:00 TRXUSDT → LONG (proba=0.94 TP=2.7%/SL=1.3%)
[trade:open] 2026-04-21 15:59 TRXUSDT LONG @ 0.33 | SL=0.33 TP=0.34 | timeout=2026-04-28 15:59
[trade:close] 2026-04-24 15:59 TRXUSDT LONG → stop_loss @ 0.33 | PnL=-1.35% (net -1.45%) | cum=-7.71% 2026-04=-5.04% 2026-04-24=-1.45%
[predict] 2026-04-26 00:00 TRXUSDT → LONG (proba=0.82 TP=2.8%/SL=1.4%)
[trade:open] 2026-04-26 07:59 TRXUSDT LONG @ 0.32 | SL=0.32 TP=0.33 | timeout=2026-05-03 07:59
[lgbm] === Training for 2026-05 ===
  Train window: 2024-05-01 → 2026-05-01
  2190 training samples from 1 symbols
  Samples per month: 2024-05: 93, 2024-06: 90, 2024-07: 93, 2024-08: 93, 2024-09: 90, 2024-10: 93, 2024-11: 90, 2024-12: 93, 2025-01: 93, 2025-02: 84, 2025-03: 93, 2025-04: 90, 2025-05: 93, 2025-06: 90, 2025-07: 93, 2025-08: 93, 2025-09: 90, 2025-10: 93, 2025-11: 90, 2025-12: 93, 2026-01: 93, 2026-02: 84, 2026-03: 93, 2026-04: 90
  [label] 2024-07-02 08:00 TRXUSDT entry=0.1284 → SHORT | long=sl(-1.58%) short=tp(+2.86%) | scanned=8 | short_tp_only
  [label] 2024-07-04 08:00 TRXUSDT entry=0.1269 → SHORT | long=sl(-1.71%) short=tp(+3.13%) | scanned=2 | short_tp_only
  [label] 2024-07-08 08:00 TRXUSDT entry=0.1247 → LONG | long=tp(+4.52%) short=sl(-2.41%) | scanned=5 | long_tp_only
  [label] 2024-08-02 08:00 TRXUSDT entry=0.1231 → SHORT | long=sl(-2.39%) short=sl(-2.39%) | scanned=8 | no_tp→fwd_return=-2.1930
  [label] 2024-09-24 08:00 TRXUSDT entry=0.1516 → LONG | long=sl(-1.25%) short=sl(-1.25%) | scanned=7 | no_tp→fwd_return=+0.9433
  [label] 2025-03-10 16:00 TRXUSDT entry=0.2289 → SHORT | long=sl(-3.95%) short=tp(+7.59%) | scanned=18 | short_tp_only
  [label] 2025-03-15 00:00 TRXUSDT entry=0.2208 → LONG | long=sl(-3.49%) short=sl(-3.49%) | scanned=11 | no_tp→fwd_return=+7.3794
  [label] 2025-03-25 16:00 TRXUSDT entry=0.2271 → LONG | long=timeout(+4.59%) short=sl(-3.01%) | scanned=22 | no_tp→fwd_return=+4.6854
  [label] 2025-05-10 00:00 TRXUSDT entry=0.2633 → LONG | long=tp(+4.43%) short=sl(-2.37%) | scanned=7 | long_tp_only
  [label] 2025-05-18 16:00 TRXUSDT entry=0.2678 → LONG | long=timeout(+1.46%) short=sl(-3.15%) | scanned=22 | no_tp→fwd_return=+1.5644
  [label] 2025-08-18 00:00 TRXUSDT entry=0.3467 → LONG | long=tp(+4.70%) short=sl(-2.50%) | scanned=14 | long_tp_only
  [label] 2025-09-19 00:00 TRXUSDT entry=0.3469 → SHORT | long=sl(-2.07%) short=tp(+3.84%) | scanned=9 | short_tp_only
  [label] 2025-10-05 08:00 TRXUSDT entry=0.3422 → SHORT | long=sl(-1.48%) short=sl(-1.48%) | scanned=7 | no_tp→fwd_return=-1.3443
  [label] 2025-10-18 08:00 TRXUSDT entry=0.3136 → SHORT | long=sl(-2.71%) short=sl(-2.71%) | scanned=19 | no_tp→fwd_return=-3.2207
  [label] 2025-11-06 00:00 TRXUSDT entry=0.2867 → LONG | long=timeout(+4.16%) short=sl(-2.73%) | scanned=22 | no_tp→fwd_return=+4.2552
  [label] 2025-11-12 08:00 TRXUSDT entry=0.2961 → SHORT | long=sl(-2.30%) short=timeout(+4.11%) | scanned=22 | no_tp→fwd_return=-4.2083
  [label] 2025-11-24 16:00 TRXUSDT entry=0.2746 → LONG | long=timeout(+0.64%) short=sl(-2.26%) | scanned=22 | no_tp→fwd_return=+0.7392
  [label] 2026-01-03 16:00 TRXUSDT entry=0.2957 → LONG | long=sl(-1.37%) short=sl(-1.37%) | scanned=18 | no_tp→fwd_return=+0.9098
  [label] 2026-01-13 16:00 TRXUSDT entry=0.3070 → LONG | long=sl(-1.46%) short=sl(-1.46%) | scanned=6 | no_tp→fwd_return=+1.8177
  [label] 2026-04-10 08:00 TRXUSDT entry=0.3177 → LONG | long=tp(+2.40%) short=sl(-1.35%) | scanned=15 | long_tp_only
  Labels: 1265 long (57.8%), 925 short (42.2%) | weights: min=1.00, mean=2.51, max=10.00
  Features: 2190/2190 matched, 14 columns
  CV gap: 22 rows
    [trial 0] 14 features, training_days=230 | threshold=0.779 | labels: 1265 long, 925 short (58/42%)
    [CV fold 0] train_end=2024-08-23 00:00 | val_start=2024-08-30 16:00 | gap=184h (22 rows)
    [CV fold 1] train_end=2024-12-22 16:00 | val_start=2024-12-30 08:00 | gap=184h (22 rows)
    [CV fold 2] train_end=2025-04-23 08:00 | val_start=2025-05-01 00:00 | gap=184h (22 rows)
    [CV fold 3] train_end=2025-08-23 00:00 | val_start=2025-08-30 16:00 | gap=184h (22 rows)
    [CV fold 4] train_end=2025-12-22 16:00 | val_start=2025-12-30 08:00 | gap=184h (22 rows)
    [trial 0] Sharpe=-0.0569 (folds: -0.2068, -0.1360, 0.1177, -0.1196, 0.0604)
    [trial 1] 14 features, training_days=410 | threshold=0.693 | labels: 1265 long, 925 short (58/42%)
    [trial 1] Sharpe=-0.0369 (folds: -0.1617, -0.1177, 0.0185, -0.0472, 0.1236)
    [trial 2] 14 features, training_days=270 | threshold=0.546 | labels: 1265 long, 925 short (58/42%)
    [trial 2] Sharpe=-0.0809 (folds: -0.1928, -0.1390, -0.1056, -0.1391, 0.1719)
    [trial 3] 14 features, training_days=270 | threshold=0.600 | labels: 1265 long, 925 short (58/42%)
    [trial 3] Sharpe=-0.0487 (folds: -0.1821, -0.1390, 0.0166, -0.0937, 0.1548)
    [trial 4] 14 features, training_days=390 | threshold=0.764 | labels: 1265 long, 925 short (58/42%)
    [trial 4] Sharpe=-0.0964 (folds: -0.2161, -0.1339, 0.0082, -0.0974, -0.0426)
    [trial 5] 14 features, training_days=60 | threshold=0.603 | labels: 1265 long, 925 short (58/42%)
    [trial 5] Sharpe=-0.1238 (folds: -0.1319, -0.1178, -0.0280, -0.0850, -0.2562)
    [trial 6] 14 features, training_days=290 | threshold=0.738 | labels: 1265 long, 925 short (58/42%)
    [trial 6] Sharpe=-0.0661 (folds: -0.1811, -0.1206, -0.0890, -0.1366, 0.1965)
    [trial 7] 14 features, training_days=70 | threshold=0.564 | labels: 1265 long, 925 short (58/42%)
    [trial 7] Sharpe=-0.1475 (folds: -0.1704, -0.1293, -0.1124, -0.0182, -0.3072)
    [trial 8] 14 features, training_days=440 | threshold=0.653 | labels: 1265 long, 925 short (58/42%)
    [trial 8] Sharpe=-1.9822 (folds: -0.1686, -0.0768, 0.4772, -0.1428, -10.0000)
    [trial 9] 14 features, training_days=360 | threshold=0.728 | labels: 1265 long, 925 short (58/42%)
    [trial 9] Sharpe=-1.9160 (folds: -0.1463, -0.1130, -10.0000, -0.1691, 0.8484)
  Optuna: 10 trials, best Sharpe = -0.0369
  Best params: n_estimators=233, max_depth=5, lr=0.0137, leaves=108
  Best confidence_threshold: 0.693
  Best training_days: 410
  Retrained on full data (1230 samples, 14 features)
  Model trained for 2026-05: 11 test candles with features, confidence_threshold=0.693
[trade:close] 2026-05-02 23:59 TRXUSDT LONG → take_profit @ 0.33 | PnL=+2.82% (net +2.72%) | cum=-4.99% 2026-05=+2.72% 2026-05-02=+2.72%
D (TRXUSDT): 111 trades in 113s (seed=42)
  gate stats: {'TRXUSDT': {'signals_seen': 2221, 'killed_by_zscore': 395, 'killed_by_hurst': 157, 'killed_by_adx': 570, 'killed_by_low_vol': 288, 'kill_rate': 0.634849167041873, 'vol_scaled_signals': 811, 'mean_vol_scale': 0.7374975989689516}}
[btc trend filter seed 42] killed=26/364 fire_rate=7.14%
[seed 42] 364 trades — IS monthly=+0.2241, OOS monthly=+0.0622, OOS MaxDD=48.7592findfont: Font family 'Arial' not found.
findfont: Font family 'Arial' not found.
findfont: Font family 'Arial' not found.
findfont: Font family 'Arial' not found.
findfont: Font family 'Arial' not found.
findfont: Font family 'Arial' not found.
findfont: Font family 'Arial' not found.
findfont: Font family 'Arial' not found.
findfont: Font family 'Arial' not found.
findfont: Font family 'Arial' not found.
findfont: Font family 'Arial' not found.
findfont: Font family 'Arial' not found.
findfont: Font family 'Arial' not found.
findfont: Font family 'Arial' not found.
findfont: Font family 'Arial' not found.
findfont: Font family 'Arial' not found.
findfont: Font family 'Arial' not found.
findfont: Font family 'Arial' not found.
findfont: Font family 'Arial' not found.
findfont: Font family 'Arial' not found.
findfont: Font family 'Arial' not found.
findfont: Font family 'Arial' not found.
findfont: Font family 'Arial' not found.
findfont: Font family 'Arial' not found.
findfont: Font family 'Arial' not found.
findfont: Font family 'Arial' not found.
findfont: Font family 'Arial' not found.
findfont: Font family 'Arial' not found.
findfont: Font family 'Arial' not found.
findfont: Font family 'Arial' not found.
findfont: Font family 'Arial' not found.
findfont: Font family 'Arial' not found.
findfont: Font family 'Arial' not found.
findfont: Font family 'Arial' not found.
findfont: Font family 'Arial' not found.
findfont: Font family 'Arial' not found.
findfont: Font family 'Arial' not found.
findfont: Font family 'Arial' not found.
findfont: Font family 'Arial' not found.
findfont: Font family 'Arial' not found.
findfont: Font family 'Arial' not found.
findfont: Font family 'Arial' not found.
findfont: Font family 'Arial' not found.
findfont: Font family 'Arial' not found.
findfont: Font family 'Arial' not found.
findfont: Font family 'Arial' not found.
findfont: Font family 'Arial' not found.
findfont: Font family 'Arial' not found.
findfont: Font family 'Arial' not found.
findfont: Font family 'Arial' not found.
findfont: Font family 'Arial' not found.
findfont: Font family 'Arial' not found.
findfont: Font family 'Arial' not found.
findfont: Font family 'Arial' not found.
findfont: Font family 'Arial' not found.
findfont: Font family 'Arial' not found.
findfont: Font family 'Arial' not found.
findfont: Font family 'Arial' not found.
findfont: Font family 'Arial' not found.
findfont: Font family 'Arial' not found.
findfont: Font family 'Arial' not found.
findfont: Font family 'Arial' not found.
findfont: Font family 'Arial' not found.
findfont: Font family 'Arial' not found.
findfont: Font family 'Arial' not found.
findfont: Font family 'Arial' not found.
findfont: Font family 'Arial' not found.
findfont: Font family 'Arial' not found.
findfont: Font family 'Arial' not found.
findfont: Font family 'Arial' not found.
findfont: Font family 'Arial' not found.
findfont: Font family 'Arial' not found.
findfont: Font family 'Arial' not found.
findfont: Font family 'Arial' not found.
findfont: Font family 'Arial' not found.
findfont: Font family 'Arial' not found.
findfont: Font family 'Arial' not found.
findfont: Font family 'Arial' not found.
findfont: Font family 'Arial' not found.
findfont: Font family 'Arial' not found.
findfont: Font family 'Arial' not found.
findfont: Font family 'Arial' not found.
findfont: Font family 'Arial' not found.
findfont: Font family 'Arial' not found.
findfont: Font family 'Arial' not found.
findfont: Font family 'Arial' not found.
findfont: Font family 'Arial' not found.
findfont: Font family 'Arial' not found.
findfont: Font family 'Arial' not found.
findfont: Font family 'Arial' not found.
findfont: Font family 'Arial' not found.
findfont: Font family 'Arial' not found.
findfont: Font family 'Arial' not found.
findfont: Font family 'Arial' not found.
findfont: Font family 'Arial' not found.
findfont: Font family 'Arial' not found.
findfont: Font family 'Arial' not found.
findfont: Font family 'Arial' not found.
findfont: Font family 'Arial' not found.
findfont: Font family 'Arial' not found.
findfont: Font family 'Arial' not found.
findfont: Font family 'Arial' not found.
findfont: Font family 'Arial' not found.
findfont: Font family 'Arial' not found.
findfont: Font family 'Arial' not found.
findfont: Font family 'Arial' not found.
findfont: Font family 'Arial' not found.
findfont: Font family 'Arial' not found.
findfont: Font family 'Arial' not found.
findfont: Font family 'Arial' not found.
findfont: Font family 'Arial' not found.
findfont: Font family 'Arial' not found.
findfont: Font family 'Arial' not found.
findfont: Font family 'Arial' not found.
findfont: Font family 'Arial' not found.
findfont: Font family 'Arial' not found.
findfont: Font family 'Arial' not found.
findfont: Font family 'Arial' not found.
findfont: Font family 'Arial' not found.
findfont: Font family 'Arial' not found.
findfont: Font family 'Arial' not found.
findfont: Font family 'Arial' not found.
findfont: Font family 'Arial' not found.
findfont: Font family 'Arial' not found.
findfont: Font family 'Arial' not found.
findfont: Font family 'Arial' not found.
findfont: Font family 'Arial' not found.
findfont: Font family 'Arial' not found.
findfont: Font family 'Arial' not found.
findfont: Font family 'Arial' not found.
findfont: Font family 'Arial' not found.
findfont: Font family 'Arial' not found.
findfont: Font family 'Arial' not found.
findfont: Font family 'Arial' not found.
findfont: Font family 'Arial' not found.
findfont: Font family 'Arial' not found.
findfont: Font family 'Arial' not found.
findfont: Font family 'Arial' not found.
findfont: Font family 'Arial' not found.
findfont: Font family 'Arial' not found.
findfont: Font family 'Arial' not found.
findfont: Font family 'Arial' not found.
findfont: Font family 'Arial' not found.
findfont: Font family 'Arial' not found.
findfont: Font family 'Arial' not found.
findfont: Font family 'Arial' not found.
findfont: Font family 'Arial' not found.
findfont: Font family 'Arial' not found.
findfont: Font family 'Arial' not found.
findfont: Font family 'Arial' not found.
findfont: Font family 'Arial' not found.
findfont: Font family 'Arial' not found.
findfont: Font family 'Arial' not found.
findfont: Font family 'Arial' not found.
findfont: Font family 'Arial' not found.
findfont: Font family 'Arial' not found.
findfont: Font family 'Arial' not found.
findfont: Font family 'Arial' not found.
findfont: Font family 'Arial' not found.
findfont: Font family 'Arial' not found.
findfont: Font family 'Arial' not found.
findfont: Font family 'Arial' not found.
findfont: Font family 'Arial' not found.
findfont: Font family 'Arial' not found.
findfont: Font family 'Arial' not found.
findfont: Font family 'Arial' not found.
findfont: Font family 'Arial' not found.
findfont: Font family 'Arial' not found.
findfont: Font family 'Arial' not found.
findfont: Font family 'Arial' not found.
findfont: Font family 'Arial' not found.
findfont: Font family 'Arial' not found.
findfont: Font family 'Arial' not found.
findfont: Font family 'Arial' not found.


[split] 274 IS trades, 90 OOS trades

[CPCV] Computing per-cell CSCV PBO (iter-v3/004 per-cell pathway)...
  [CPCV] IS candle sequence: 19174 candles across 4 symbols
  [CPCV] cpcv_paths.csv: 45 paths (return proxy, S=1 — for schema)
  [per-cell PBO] Loading reports-v3/iteration_v3-007/trial_oof_returns.parquet ...
  [per-cell PBO] Raw=3149500, after dedup=3149500
  [per-cell PBO] IS-only rows: 2803300
  [per-cell PBO] Iterating over 173 (sym, month) cells ...
  [per-cell PBO]   25/173 cells processed
  [per-cell PBO]   50/173 cells processed
  [per-cell PBO]   75/173 cells processed
  [per-cell PBO]   100/173 cells processed
  [per-cell PBO]   125/173 cells processed
  [per-cell PBO]   150/173 cells processed
  [per-cell PBO] Completed 173 cells
  [per-cell PBO] Wrote reports-v3/iteration_v3-007/per_cell_pbo.csv (173 rows)
  [per-cell PBO] Informative cells (rank>1): 173/173
  [per-cell PBO] Aggregated mean PBO=0.1419, median PBO=0.0000 (|delta|=0.1419)
  CPCV: 45 paths (return proxy for cpcv_paths.csv)
  Per-cell mean PBO: 0.14188670520231214
  PBO result: Per-cell mean PBO=0.1419 (iter-v3/004 cross-cell mean). frac_positive_paths=0.600 from 45 return-proxy paths.
[n_eff] Per-cell median n_eff=7 from 173 informative cells (rank>1) — iter-v3/004 sub-fix #2

[metrics] IS monthly Sharpe=+0.2241, OOS monthly Sharpe=+0.0622
[metrics] DSR=0.0000, PSR=0.7932
[metrics] PBO=0.1419, frac_positive_paths=0.600
[metrics] n_trials=40, n_eff=7
[report] Splitting 364 trades: 274 IS, 90 OOS
[report] Generating in-sample reports (274 trades)...
[report] Generating out-of-sample reports (90 trades)...
[report] comparison.csv written
[report] IS:  Sharpe=0.2358  DSR=-93.000  Trades=274  WR=39.1%  PF=1.0692  MaxDD=83.85%
[report] OOS: Sharpe=0.0786  DSR=-55.082  Trades=90  WR=43.3%  PF=1.0218  MaxDD=48.76%
[report] OOS/IS Sharpe ratio: 0.3332
[v3 report] comparison.csv: IS monthly Sharpe=+0.2241, OOS monthly Sharpe=+0.0622, DSR=0.0000, PBO=0.1419, PSR=0.7932
[v3 report] cpcv_paths.csv: 45 paths
  [ADF] 2982 rows; expected ∈ [1736, 3528] (4 syms × 14 feats × [31, 63] months)
  [ADF] Months per symbol: {'BCHUSDT': 63, 'LDOUSDT': 31, 'MKRUSDT': 56, 'TRXUSDT': 63}
  [ADF] WARNING: LDOUSDT/cusum_reset_count_200 not found in ADF output
[v3 report] adf_test.csv: 2982 rows (per sym×feat×month)
[v3 report] ic_matrix.csv: (14, 14)
[v3 report] dsr.json: DSR=0.0000, PBO=0.14188670520231214, frac_pos_paths=0.600, PSR=0.7932, n_eff=7

[DONE] Reports: reports-v3/iteration_v3-007  (wall-clock: 0.13h)
  IS monthly Sharpe:  +0.2241
  OOS monthly Sharpe: +0.0622
  DSR=0.0000  PBO=0.1419  PSR=0.7932
  n_eff=7  ADF rows=2982
