[I 2026-05-06 02:23:08,493] Trial 9 finished with value: -0.11024903964053914 and parameters: {'confidence_threshold': 0.7277571993354469, 'training_days': 360, 'n_estimators': 75, 'max_depth': 5, 'num_leaves': 41, 'learning_rate': 0.014186743931212992, 'subsample': 0.7445187273047605, 'min_child_samples': 22, 'reg_alpha': 0.02393227447113315, 'reg_lambda': 0.009236766173618426}. Best is trial 5 with value: 0.10384784398825944.

  [label] 2024-02-10 08:00 MKRUSDT entry=2000.0000 → LONG | long=tp(+5.76%) short=sl(-3.03%) | scanned=9 | long_tp_only
  [label] 2024-02-19 00:00 MKRUSDT entry=2226.0000 → SHORT | long=sl(-3.34%) short=tp(+6.38%) | scanned=4 | short_tp_only
  [label] 2024-05-20 16:00 MKRUSDT entry=3166.7000 → SHORT | long=sl(-4.13%) short=tp(+7.97%) | scanned=8 | short_tp_only
  [label] 2024-06-21 16:00 MKRUSDT entry=2482.2000 → SHORT | long=sl(-5.44%) short=tp(+10.57%) | scanned=7 | short_tp_only
  [label] 2024-07-08 00:00 MKRUSDT entry=2113.5000 → LONG | long=tp(+12.72%) short=sl(-6.51%) | scanned=10 | long_tp_only
  [label] 2024-07-21 00:00 MKRUSDT entry=2801.3000 → SHORT | long=sl(-5.12%) short=sl(-5.12%) | scanned=7 | no_tp→fwd_return=-2.5024
  [label] 2024-08-08 16:00 MKRUSDT entry=2052.5000 → SHORT | long=sl(-8.53%) short=timeout(+4.46%) | scanned=22 | no_tp→fwd_return=-4.5603
  [label] 2024-08-15 00:00 MKRUSDT entry=2028.3000 → SHORT | long=sl(-6.63%) short=timeout(+0.06%) | scanned=22 | no_tp→fwd_return=-0.1627
  [label] 2024-08-27 08:00 MKRUSDT entry=2138.7000 → SHORT | long=sl(-4.74%) short=tp(+9.17%) | scanned=1 | short_tp_only
  [label] 2024-10-06 08:00 MKRUSDT entry=1472.0000 → SHORT | long=sl(-4.45%) short=tp(+8.61%) | scanned=10 | short_tp_only
  [label] 2024-10-16 08:00 MKRUSDT entry=1288.7000 → SHORT | long=sl(-4.85%) short=tp(+9.40%) | scanned=17 | short_tp_only
  [label] 2025-01-11 08:00 MKRUSDT entry=1451.8000 → SHORT | long=sl(-5.11%) short=tp(+9.92%) | scanned=6 | short_tp_only
  Labels: 1093 long (49.8%), 1100 short (50.2%) | weights: min=1.00, mean=3.79, max=10.00
  Features: 2193/2193 matched, 14 columns
  CV gap: 22 rows
    [trial 0] 14 features, training_days=230 | threshold=0.779 | labels: 1093 long, 1100 short (50/50%)
    [CV fold 0] train_end=2023-05-27 00:00 | val_start=2023-06-03 16:00 | gap=184h (22 rows)
    [CV fold 1] train_end=2023-09-25 16:00 | val_start=2023-10-03 08:00 | gap=184h (22 rows)
    [CV fold 2] train_end=2024-01-25 08:00 | val_start=2024-02-02 00:00 | gap=184h (22 rows)
    [CV fold 3] train_end=2024-05-26 00:00 | val_start=2024-06-02 16:00 | gap=184h (22 rows)
    [CV fold 4] train_end=2024-09-24 16:00 | val_start=2024-10-02 08:00 | gap=184h (22 rows)
    [trial 0] Sharpe=-0.0256 (folds: 0.0454, -0.1432, 0.0753, -0.0699, -0.0354)
    [trial 1] 14 features, training_days=410 | threshold=0.693 | labels: 1093 long, 1100 short (50/50%)
    [trial 1] Sharpe=-0.1671 (folds: -0.1837, -0.0351, -0.1259, -0.6520, 0.1614)
    [trial 2] 14 features, training_days=270 | threshold=0.546 | labels: 1093 long, 1100 short (50/50%)
    [trial 2] Sharpe=-0.0539 (folds: -0.1250, -0.1396, 0.0528, -0.2237, 0.1660)
    [trial 3] 14 features, training_days=270 | threshold=0.600 | labels: 1093 long, 1100 short (50/50%)
    [trial 3] Sharpe=-0.0399 (folds: -0.1235, -0.0435, 0.0554, -0.2897, 0.2020)
    [trial 4] 14 features, training_days=390 | threshold=0.764 | labels: 1093 long, 1100 short (50/50%)
    [trial 4] Sharpe=-0.0250 (folds: 0.0466, -0.0058, -0.1453, -0.1813, 0.1608)
    [trial 5] 14 features, training_days=60 | threshold=0.603 | labels: 1093 long, 1100 short (50/50%)
    [trial 5] Sharpe=0.1038 (folds: 0.2035, -0.0702, 0.1381, 0.1063, 0.1415)
    [trial 6] 14 features, training_days=290 | threshold=0.738 | labels: 1093 long, 1100 short (50/50%)
    [trial 6] Sharpe=-0.0155 (folds: 0.0744, -0.1944, -0.0310, -0.1573, 0.2310)
    [trial 7] 14 features, training_days=70 | threshold=0.564 | labels: 1093 long, 1100 short (50/50%)
    [trial 7] Sharpe=0.1000 (folds: 0.1268, 0.1081, 0.0234, 0.0244, 0.2175)
    [trial 8] 14 features, training_days=440 | threshold=0.653 | labels: 1093 long, 1100 short (50/50%)
    [trial 8] Sharpe=-0.0937 (folds: -0.1345, -0.0007, 0.0566, -0.4211, 0.0312)
    [trial 9] 14 features, training_days=360 | threshold=0.728 | labels: 1093 long, 1100 short (50/50%)
    [trial 9] Sharpe=-0.1102 (folds: 0.3257, 0.3251, 0.0107, -0.6268, -0.5860)
  Optuna: 10 trials, best Sharpe = 0.1038
  Best params: n_estimators=441, max_depth=3, lr=0.0450, leaves=66
  Best confidence_threshold: 0.603
  Best training_days: 60
  Retrained on full data (180 samples, 14 features)
  Model trained for 2025-02: 84 test candles with features, confidence_threshold=0.603
[predict] 2025-02-02 16:00 MKRUSDT → LONG (proba=0.76 TP=14.3%/SL=7.1%)
[trade:open] 2025-02-02 23:59 MKRUSDT LONG @ 1022.40 | SL=949.43 TP=1168.34 | timeout=2025-02-09 23:59
[trade:close] 2025-02-03 07:59 MKRUSDT LONG → stop_loss @ 949.43 | PnL=-7.14% (net -7.24%) | cum=-27.87% 2025-02=-7.24% 2025-02-03=-7.24%
[predict] 2025-02-04 16:00 MKRUSDT → SHORT (proba=0.67 TP=19.7%/SL=9.9%)
[trade:open] 2025-02-04 23:59 MKRUSDT SHORT @ 913.60 | SL=1003.64 TP=733.53 | timeout=2025-02-11 23:59
[trade:close] 2025-02-10 23:59 MKRUSDT SHORT → stop_loss @ 1003.64 | PnL=-9.86% (net -9.96%) | cum=-37.82% 2025-02=-17.19% 2025-02-10=-9.96%
[predict] 2025-02-20 00:00 MKRUSDT → SHORT (proba=1.00 TP=11.3%/SL=5.6%)
[trade:open] 2025-02-20 07:59 MKRUSDT SHORT @ 1175.70 | SL=1241.87 TP=1043.36 | timeout=2025-02-27 07:59
[trade:close] 2025-02-20 15:59 MKRUSDT SHORT → stop_loss @ 1241.87 | PnL=-5.63% (net -5.73%) | cum=-43.55% 2025-02=-22.92% 2025-02-20=-5.73%
[predict] 2025-02-28 00:00 MKRUSDT → SHORT (proba=1.00 TP=20.6%/SL=10.3%)
[trade:open] 2025-02-28 07:59 MKRUSDT SHORT @ 1537.90 | SL=1696.50 TP=1220.70 | timeout=2025-03-07 07:59
[lgbm] === Training for 2025-03 ===
  Train window: 2023-03-01 → 2025-03-01
  2193 training samples from 1 symbols
  Samples per month: 2023-03: 93, 2023-04: 90, 2023-05: 93, 2023-06: 90, 2023-07: 93, 2023-08: 93, 2023-09: 90, 2023-10: 93, 2023-11: 90, 2023-12: 93, 2024-01: 93, 2024-02: 87, 2024-03: 93, 2024-04: 90, 2024-05: 93, 2024-06: 90, 2024-07: 93, 2024-08: 93, 2024-09: 90, 2024-10: 93, 2024-11: 90, 2024-12: 93, 2025-01: 93, 2025-02: 84
  [label] 2023-05-02 08:00 MKRUSDT entry=704.0000 → SHORT | long=sl(-4.07%) short=sl(-4.07%) | scanned=17 | no_tp→fwd_return=-3.7500
  [label] 2023-05-04 16:00 MKRUSDT entry=689.2000 → SHORT | long=sl(-3.66%) short=sl(-3.66%) | scanned=12 | no_tp→fwd_return=-3.1776
  [label] 2023-05-08 08:00 MKRUSDT entry=683.1000 → SHORT | long=sl(-3.84%) short=tp(+7.38%) | scanned=1 | short_tp_only
  [label] 2023-06-02 08:00 MKRUSDT entry=666.8000 → LONG | long=tp(+4.84%) short=sl(-2.57%) | scanned=6 | long_tp_only
  [label] 2023-07-25 08:00 MKRUSDT entry=1141.6000 → LONG | long=tp(+13.79%) short=sl(-7.05%) | scanned=13 | long_tp_only
  [label] 2024-01-09 08:00 MKRUSDT entry=1764.0000 → LONG | long=tp(+16.25%) short=sl(-8.27%) | scanned=5 | long_tp_only
  [label] 2024-01-13 08:00 MKRUSDT entry=2107.4000 → SHORT | long=sl(-7.19%) short=timeout(+7.10%) | scanned=22 | no_tp→fwd_return=-7.1984
  [label] 2024-01-24 00:00 MKRUSDT entry=1954.5000 → LONG | long=tp(+9.46%) short=sl(-4.88%) | scanned=4 | long_tp_only
  [label] 2024-03-09 08:00 MKRUSDT entry=2449.6000 → LONG | long=tp(+11.38%) short=sl(-5.84%) | scanned=3 | long_tp_only
  [label] 2024-03-18 00:00 MKRUSDT entry=3197.1000 → LONG | long=sl(-7.90%) short=sl(-7.90%) | scanned=11 | no_tp→fwd_return=+5.7865
  [label] 2024-06-17 16:00 MKRUSDT entry=2292.9000 → SHORT | long=sl(-4.26%) short=tp(+8.22%) | scanned=1 | short_tp_only
  [label] 2024-07-19 16:00 MKRUSDT entry=2839.3000 → SHORT | long=sl(-5.49%) short=timeout(+6.63%) | scanned=22 | no_tp→fwd_return=-6.7305
  [label] 2024-08-05 00:00 MKRUSDT entry=1926.5000 → SHORT | long=timeout(-0.45%) short=timeout(+0.25%) | scanned=22 | no_tp→fwd_return=-0.3478
  [label] 2024-08-18 00:00 MKRUSDT entry=1941.0000 → LONG | long=tp(+11.10%) short=sl(-5.70%) | scanned=15 | long_tp_only
  [label] 2024-09-05 16:00 MKRUSDT entry=1626.1000 → SHORT | long=sl(-5.11%) short=timeout(+0.25%) | scanned=22 | no_tp→fwd_return=-0.3505
  [label] 2024-09-12 00:00 MKRUSDT entry=1613.1000 → SHORT | long=sl(-4.92%) short=tp(+9.54%) | scanned=19 | short_tp_only
  [label] 2024-09-24 08:00 MKRUSDT entry=1569.2000 → LONG | long=tp(+9.62%) short=sl(-4.96%) | scanned=10 | long_tp_only
  [label] 2024-11-03 08:00 MKRUSDT entry=1163.4000 → LONG | long=tp(+10.28%) short=sl(-5.29%) | scanned=8 | long_tp_only[I 2026-05-06 02:23:08,821] A new study created in memory with name: no-name-5c99998c-a18e-4101-b3e5-0b73870e8f87
[I 2026-05-06 02:23:09,097] Trial 0 finished with value: -0.057741973306824255 and parameters: {'confidence_threshold': 0.7790993046299082, 'training_days': 230, 'n_estimators': 295, 'max_depth': 5, 'num_leaves': 83, 'learning_rate': 0.051543455158230854, 'subsample': 0.8773243492079463, 'min_child_samples': 10, 'reg_alpha': 0.034096514368237685, 'reg_lambda': 3.154180388637081e-05}. Best is trial 0 with value: -0.057741973306824255.
[I 2026-05-06 02:23:09,240] Trial 1 finished with value: -0.2266330734086691 and parameters: {'confidence_threshold': 0.6929247853618086, 'training_days': 410, 'n_estimators': 233, 'max_depth': 5, 'num_leaves': 108, 'learning_rate': 0.013724237108071606, 'subsample': 0.7013182233636002, 'min_child_samples': 94, 'reg_alpha': 2.4040959529260723e-06, 'reg_lambda': 5.320966582161148}. Best is trial 0 with value: -0.057741973306824255.
[I 2026-05-06 02:23:09,315] Trial 2 finished with value: -0.09129302756779159 and parameters: {'confidence_threshold': 0.546341527225763, 'training_days': 270, 'n_estimators': 120, 'max_depth': 4, 'num_leaves': 53, 'learning_rate': 0.060197068579343475, 'subsample': 0.588227873455941, 'min_child_samples': 91, 'reg_alpha': 2.3457771824819002e-08, 'reg_lambda': 1.1358840775642732e-08}. Best is trial 0 with value: -0.057741973306824255.
[I 2026-05-06 02:23:09,495] Trial 3 finished with value: -0.08791913170725199 and parameters: {'confidence_threshold': 0.6000319676300473, 'training_days': 270, 'n_estimators': 382, 'max_depth': 4, 'num_leaves': 44, 'learning_rate': 0.09185046765032388, 'subsample': 0.6743651508646724, 'min_child_samples': 77, 'reg_alpha': 0.0013974578104212739, 'reg_lambda': 8.97190257982477e-08}. Best is trial 0 with value: -0.057741973306824255.
[I 2026-05-06 02:23:09,865] Trial 4 finished with value: -0.066437963060057 and parameters: {'confidence_threshold': 0.7642618789055509, 'training_days': 390, 'n_estimators': 464, 'max_depth': 5, 'num_leaves': 30, 'learning_rate': 0.024562383309704932, 'subsample': 0.8612975035964376, 'min_child_samples': 36, 'reg_alpha': 1.593999300080167, 'reg_lambda': 0.006081270362829788}. Best is trial 0 with value: -0.057741973306824255.
[I 2026-05-06 02:23:10,022] Trial 5 finished with value: 0.02090876874663704 and parameters: {'confidence_threshold': 0.6029115860358569, 'training_days': 60, 'n_estimators': 441, 'max_depth': 3, 'num_leaves': 66, 'learning_rate': 0.044953114425778824, 'subsample': 0.7098948461279406, 'min_child_samples': 15, 'reg_alpha': 4.888753565548431e-07, 'reg_lambda': 4.198190642566389}. Best is trial 5 with value: 0.02090876874663704.
[I 2026-05-06 02:23:10,272] Trial 6 finished with value: -0.03033958499755247 and parameters: {'confidence_threshold': 0.7376932868314098, 'training_days': 290, 'n_estimators': 249, 'max_depth': 5, 'num_leaves': 121, 'learning_rate': 0.015565840632862623, 'subsample': 0.8390183783709677, 'min_child_samples': 19, 'reg_alpha': 1.860444687368747e-08, 'reg_lambda': 2.7391483548058117e-06}. Best is trial 5 with value: 0.02090876874663704.
[I 2026-05-06 02:23:10,309] Trial 7 finished with value: -0.018934106560904183 and parameters: {'confidence_threshold': 0.563503962036334, 'training_days': 70, 'n_estimators': 63, 'max_depth': 3, 'num_leaves': 47, 'learning_rate': 0.18074927623018475, 'subsample': 0.5059692991701257, 'min_child_samples': 9, 'reg_alpha': 3.6945804405602874e-08, 'reg_lambda': 0.027706035542028905}. Best is trial 5 with value: 0.02090876874663704.
[I 2026-05-06 02:23:10,401] Trial 8 finished with value: -0.026761428827267862 and parameters: {'confidence_threshold': 0.6525471176758836, 'training_days': 440, 'n_estimators': 116, 'max_depth': 4, 'num_leaves': 115, 'learning_rate': 0.010229952960863938, 'subsample': 0.5062159465415076, 'min_child_samples': 54, 'reg_alpha': 6.790626457822126e-06, 'reg_lambda': 1.7869141074987722e-05}. Best is trial 5 with value: 0.02090876874663704.
[I 2026-05-06 02:23:10,497] Trial 9 finished with value: 0.07105924192537383 and parameters: {'confidence_threshold': 0.7277571993354469, 'training_days': 360, 'n_estimators': 75, 'max_depth': 5, 'num_leaves': 41, 'learning_rate': 0.014186743931212992, 'subsample': 0.7445187273047605, 'min_child_samples': 22, 'reg_alpha': 0.02393227447113315, 'reg_lambda': 0.009236766173618426}. Best is trial 9 with value: 0.07105924192537383.
[I 2026-05-06 02:23:10,807] A new study created in memory with name: no-name-ab5ff7c2-17d6-45d8-9d0c-0e3010c79afb
[I 2026-05-06 02:23:11,062] Trial 0 finished with value: -0.028516661806766513 and parameters: {'confidence_threshold': 0.7790993046299082, 'training_days': 230, 'n_estimators': 295, 'max_depth': 5, 'num_leaves': 83, 'learning_rate': 0.051543455158230854, 'subsample': 0.8773243492079463, 'min_child_samples': 10, 'reg_alpha': 0.034096514368237685, 'reg_lambda': 3.154180388637081e-05}. Best is trial 0 with value: -0.028516661806766513.
