[I 2026-05-06 02:21:54,061] Trial 9 finished with value: 0.12388039951328673 and parameters: {'confidence_threshold': 0.7277571993354469, 'training_days': 360, 'n_estimators': 75, 'max_depth': 5, 'num_leaves': 41, 'learning_rate': 0.014186743931212992, 'subsample': 0.7445187273047605, 'min_child_samples': 22, 'reg_alpha': 0.02393227447113315, 'reg_lambda': 0.009236766173618426}. Best is trial 9 with value: 0.12388039951328673.

    [trial 4] 14 features, training_days=390 | threshold=0.764 | labels: 1117 long, 1076 short (51/49%)
    [trial 4] Sharpe=-0.0490 (folds: 0.0607, -0.0272, -0.4855, -0.0120, 0.2187)
    [trial 5] 14 features, training_days=60 | threshold=0.603 | labels: 1117 long, 1076 short (51/49%)
    [trial 5] Sharpe=0.0694 (folds: 0.0698, 0.0833, 0.1292, -0.1035, 0.1681)
    [trial 6] 14 features, training_days=290 | threshold=0.738 | labels: 1117 long, 1076 short (51/49%)
    [trial 6] Sharpe=-0.0224 (folds: 0.0858, -0.1578, -0.2806, -0.1772, 0.4180)
    [trial 7] 14 features, training_days=70 | threshold=0.564 | labels: 1117 long, 1076 short (51/49%)
    [trial 7] Sharpe=0.0536 (folds: 0.1255, -0.0248, 0.0611, -0.0800, 0.1861)
    [trial 8] 14 features, training_days=440 | threshold=0.653 | labels: 1117 long, 1076 short (51/49%)
    [trial 8] Sharpe=-2.1092 (folds: 0.0076, -0.0112, -0.3207, -0.2217, -10.0000)
    [trial 9] 14 features, training_days=360 | threshold=0.728 | labels: 1117 long, 1076 short (51/49%)
    [trial 9] Sharpe=-2.1550 (folds: -0.1628, -0.1506, -0.7418, 0.2800, -10.0000)
  Optuna: 10 trials, best Sharpe = 0.0694
  Best params: n_estimators=441, max_depth=3, lr=0.0450, leaves=66
  Best confidence_threshold: 0.603
  Best training_days: 60
  Retrained on full data (180 samples, 14 features)
  Model trained for 2025-10: 93 test candles with features, confidence_threshold=0.603
[predict] 2025-10-04 00:00 BCHUSDT → LONG (proba=0.98 TP=6.5%/SL=3.2%)
[trade:open] 2025-10-04 07:59 BCHUSDT LONG @ 590.44 | SL=571.37 TP=628.57 | timeout=2025-10-11 07:59
[trade:close] 2025-10-09 15:59 BCHUSDT LONG → stop_loss @ 571.37 | PnL=-3.23% (net -3.33%) | cum=-4.51% 2025-10=-3.33% 2025-10-09=-3.33%
[predict] 2025-10-14 08:00 BCHUSDT → LONG (proba=1.00 TP=11.4%/SL=5.7%)
[trade:open] 2025-10-14 15:59 BCHUSDT LONG @ 530.68 | SL=500.55 TP=590.94 | timeout=2025-10-21 15:59
[trade:close] 2025-10-17 07:59 BCHUSDT LONG → stop_loss @ 500.55 | PnL=-5.68% (net -5.78%) | cum=-10.28% 2025-10=-9.11% 2025-10-17=-5.78%
[predict] 2025-10-18 16:00 BCHUSDT → LONG (proba=1.00 TP=11.9%/SL=5.9%)
[trade:open] 2025-10-18 23:59 BCHUSDT LONG @ 468.02 | SL=440.22 TP=523.62 | timeout=2025-10-25 23:59
[trade:close] 2025-10-26 00:00 BCHUSDT LONG → timeout @ 507.56 | PnL=+8.45% (net +8.35%) | cum=-1.93% 2025-10=-0.76% 2025-10-26=+8.35%
[predict] 2025-10-27 08:00 BCHUSDT → SHORT (proba=0.95 TP=8.9%/SL=4.5%)
[trade:open] 2025-10-27 15:59 BCHUSDT SHORT @ 562.89 | SL=587.98 TP=512.70 | timeout=2025-11-03 15:59
[lgbm] === Training for 2025-11 ===
  Train window: 2023-11-01 → 2025-11-01
  2193 training samples from 1 symbols
  Samples per month: 2023-11: 90, 2023-12: 93, 2024-01: 93, 2024-02: 87, 2024-03: 93, 2024-04: 90, 2024-05: 93, 2024-06: 90, 2024-07: 93, 2024-08: 93, 2024-09: 90, 2024-10: 93, 2024-11: 90, 2024-12: 93, 2025-01: 93, 2025-02: 84, 2025-03: 93, 2025-04: 90, 2025-05: 93, 2025-06: 90, 2025-07: 93, 2025-08: 93, 2025-09: 90, 2025-10: 93
  [label] 2024-01-02 08:00 BCHUSDT entry=258.1800 → SHORT | long=sl(-6.18%) short=tp(+12.05%) | scanned=3 | short_tp_only
  [label] 2024-01-04 16:00 BCHUSDT entry=239.3500 → LONG | long=sl(-7.16%) short=sl(-7.16%) | scanned=13 | no_tp→fwd_return=+4.4161
  [label] 2024-01-08 08:00 BCHUSDT entry=238.8300 → LONG | long=tp(+12.60%) short=sl(-6.45%) | scanned=9 | long_tp_only
  [label] 2024-02-02 08:00 BCHUSDT entry=236.9600 → LONG | long=tp(+6.40%) short=sl(-3.35%) | scanned=21 | long_tp_only
  [label] 2024-03-26 08:00 BCHUSDT entry=475.3800 → LONG | long=tp(+16.07%) short=sl(-8.18%) | scanned=4 | long_tp_only
  [label] 2024-09-10 08:00 BCHUSDT entry=324.4700 → SHORT | long=sl(-4.15%) short=sl(-4.15%) | scanned=17 | no_tp→fwd_return=-2.8046
  [label] 2024-09-14 08:00 BCHUSDT entry=328.8000 → LONG | long=sl(-3.82%) short=sl(-3.82%) | scanned=14 | no_tp→fwd_return=+5.1764
  [label] 2024-09-25 00:00 BCHUSDT entry=348.8400 → SHORT | long=sl(-3.69%) short=sl(-3.69%) | scanned=17 | no_tp→fwd_return=-3.4256
  [label] 2024-11-09 08:00 BCHUSDT entry=382.1600 → LONG | long=tp(+9.54%) short=sl(-4.92%) | scanned=2 | long_tp_only
  [label] 2024-11-18 00:00 BCHUSDT entry=450.2000 → LONG | long=tp(+15.21%) short=sl(-7.76%) | scanned=9 | long_tp_only
  [label] 2025-02-17 16:00 BCHUSDT entry=323.6800 → SHORT | long=sl(-5.30%) short=tp(+10.30%) | scanned=21 | short_tp_only
  [label] 2025-03-21 16:00 BCHUSDT entry=322.8900 → SHORT | long=sl(-5.58%) short=sl(-5.58%) | scanned=21 | no_tp→fwd_return=-4.8499
  [label] 2025-04-07 00:00 BCHUSDT entry=251.9800 → LONG | long=tp(+13.98%) short=sl(-7.14%) | scanned=8 | long_tp_only
  [label] 2025-04-20 00:00 BCHUSDT entry=334.9800 → LONG | long=tp(+10.23%) short=sl(-5.26%) | scanned=16 | long_tp_only
  [label] 2025-05-08 16:00 BCHUSDT entry=421.4900 → SHORT | long=sl(-5.10%) short=timeout(+6.03%) | scanned=22 | no_tp→fwd_return=-6.1330
  [label] 2025-05-15 00:00 BCHUSDT entry=389.4100 → LONG | long=timeout(+6.49%) short=sl(-5.45%) | scanned=22 | no_tp→fwd_return=+6.5895
  [label] 2025-05-27 08:00 BCHUSDT entry=419.9400 → SHORT | long=sl(-4.71%) short=timeout(+2.84%) | scanned=22 | no_tp→fwd_return=-2.9385
  [label] 2025-07-06 08:00 BCHUSDT entry=494.7700 → LONG | long=tp(+8.14%) short=sl(-4.22%) | scanned=15 | long_tp_only
  [label] 2025-07-16 08:00 BCHUSDT entry=495.0600 → LONG | long=tp(+7.82%) short=sl(-4.06%) | scanned=5 | long_tp_only
  [label] 2025-10-11 08:00 BCHUSDT entry=524.6400 → SHORT | long=sl(-5.45%) short=tp(+10.61%) | scanned=18 | short_tp_only
  Labels: 1104 long (50.3%), 1089 short (49.7%) | weights: min=1.00, mean=4.05, max=10.00
  Features: 2193/2193 matched, 14 columns
  CV gap: 22 rows
    [trial 0] 14 features, training_days=230 | threshold=0.779 | labels: 1104 long, 1089 short (50/50%)
    [CV fold 0] train_end=2024-02-24 00:00 | val_start=2024-03-02 16:00 | gap=184h (22 rows)
    [CV fold 1] train_end=2024-06-24 16:00 | val_start=2024-07-02 08:00 | gap=184h (22 rows)
    [CV fold 2] train_end=2024-10-24 08:00 | val_start=2024-11-01 00:00 | gap=184h (22 rows)
    [CV fold 3] train_end=2025-02-23 00:00 | val_start=2025-03-02 16:00 | gap=184h (22 rows)
    [CV fold 4] train_end=2025-06-24 16:00 | val_start=2025-07-02 08:00 | gap=184h (22 rows)
    [trial 0] Sharpe=0.0725 (folds: 0.1434, -0.0339, 0.0146, -0.0731, 0.3118)
    [trial 1] 14 features, training_days=410 | threshold=0.693 | labels: 1104 long, 1089 short (50/50%)
    [trial 1] Sharpe=0.0931 (folds: 0.0878, -0.1365, -0.2832, 0.2273, 0.5702)
    [trial 2] 14 features, training_days=270 | threshold=0.546 | labels: 1104 long, 1089 short (50/50%)
    [trial 2] Sharpe=0.0923 (folds: 0.0840, 0.0097, -0.0921, 0.0336, 0.4260)
    [trial 3] 14 features, training_days=270 | threshold=0.600 | labels: 1104 long, 1089 short (50/50%)
    [trial 3] Sharpe=0.0758 (folds: 0.1078, -0.0418, -0.0861, 0.0482, 0.3507)
    [trial 4] 14 features, training_days=390 | threshold=0.764 | labels: 1104 long, 1089 short (50/50%)
    [trial 4] Sharpe=0.1073 (folds: 0.0685, 0.0292, -0.3434, 0.1391, 0.6429)
    [trial 5] 14 features, training_days=60 | threshold=0.603 | labels: 1104 long, 1089 short (50/50%)
    [trial 5] Sharpe=0.0482 (folds: -0.0112, 0.0406, -0.0581, -0.0755, 0.3450)
    [trial 6] 14 features, training_days=290 | threshold=0.738 | labels: 1104 long, 1089 short (50/50%)
    [trial 6] Sharpe=0.0665 (folds: 0.0675, -0.1073, -0.2353, 0.1468, 0.4607)
    [trial 7] 14 features, training_days=70 | threshold=0.564 | labels: 1104 long, 1089 short (50/50%)
    [trial 7] Sharpe=0.0810 (folds: 0.0426, -0.0134, 0.1798, -0.1584, 0.3544)
    [trial 8] 14 features, training_days=440 | threshold=0.653 | labels: 1104 long, 1089 short (50/50%)
    [trial 8] Sharpe=-0.1476 (folds: -0.1081, -0.2417, -0.3999, -0.4435, 0.4551)
    [trial 9] 14 features, training_days=360 | threshold=0.728 | labels: 1104 long, 1089 short (50/50%)
    [trial 9] Sharpe=0.1239 (folds: -0.1741, -0.1353, -0.3486, 0.1339, 1.1435)
  Optuna: 10 trials, best Sharpe = 0.1239
  Best params: n_estimators=75, max_depth=5, lr=0.0142, leaves=41
  Best confidence_threshold: 0.728
  Best training_days: 360
  Retrained on full data (1080 samples, 14 features)[I 2026-05-06 02:21:54,324] A new study created in memory with name: no-name-09bfb458-3f38-42b7-88db-d806562c9516
[I 2026-05-06 02:21:54,634] Trial 0 finished with value: 0.0898639891494913 and parameters: {'confidence_threshold': 0.7790993046299082, 'training_days': 230, 'n_estimators': 295, 'max_depth': 5, 'num_leaves': 83, 'learning_rate': 0.051543455158230854, 'subsample': 0.8773243492079463, 'min_child_samples': 10, 'reg_alpha': 0.034096514368237685, 'reg_lambda': 3.154180388637081e-05}. Best is trial 0 with value: 0.0898639891494913.
[I 2026-05-06 02:21:54,790] Trial 1 finished with value: 0.19315572150080923 and parameters: {'confidence_threshold': 0.6929247853618086, 'training_days': 410, 'n_estimators': 233, 'max_depth': 5, 'num_leaves': 108, 'learning_rate': 0.013724237108071606, 'subsample': 0.7013182233636002, 'min_child_samples': 94, 'reg_alpha': 2.4040959529260723e-06, 'reg_lambda': 5.320966582161148}. Best is trial 1 with value: 0.19315572150080923.
[I 2026-05-06 02:21:54,859] Trial 2 finished with value: 0.0324694001234161 and parameters: {'confidence_threshold': 0.546341527225763, 'training_days': 270, 'n_estimators': 120, 'max_depth': 4, 'num_leaves': 53, 'learning_rate': 0.060197068579343475, 'subsample': 0.588227873455941, 'min_child_samples': 91, 'reg_alpha': 2.3457771824819002e-08, 'reg_lambda': 1.1358840775642732e-08}. Best is trial 1 with value: 0.19315572150080923.
[I 2026-05-06 02:21:55,045] Trial 3 finished with value: 0.04173969620467666 and parameters: {'confidence_threshold': 0.6000319676300473, 'training_days': 270, 'n_estimators': 382, 'max_depth': 4, 'num_leaves': 44, 'learning_rate': 0.09185046765032388, 'subsample': 0.6743651508646724, 'min_child_samples': 77, 'reg_alpha': 0.0013974578104212739, 'reg_lambda': 8.97190257982477e-08}. Best is trial 1 with value: 0.19315572150080923.
[I 2026-05-06 02:21:55,445] Trial 4 finished with value: -0.00803045393819526 and parameters: {'confidence_threshold': 0.7642618789055509, 'training_days': 390, 'n_estimators': 464, 'max_depth': 5, 'num_leaves': 30, 'learning_rate': 0.024562383309704932, 'subsample': 0.8612975035964376, 'min_child_samples': 36, 'reg_alpha': 1.593999300080167, 'reg_lambda': 0.006081270362829788}. Best is trial 1 with value: 0.19315572150080923.
[I 2026-05-06 02:21:55,596] Trial 5 finished with value: -0.11024809082105555 and parameters: {'confidence_threshold': 0.6029115860358569, 'training_days': 60, 'n_estimators': 441, 'max_depth': 3, 'num_leaves': 66, 'learning_rate': 0.044953114425778824, 'subsample': 0.7098948461279406, 'min_child_samples': 15, 'reg_alpha': 4.888753565548431e-07, 'reg_lambda': 4.198190642566389}. Best is trial 1 with value: 0.19315572150080923.
[I 2026-05-06 02:21:55,837] Trial 6 finished with value: 0.044730932201554774 and parameters: {'confidence_threshold': 0.7376932868314098, 'training_days': 290, 'n_estimators': 249, 'max_depth': 5, 'num_leaves': 121, 'learning_rate': 0.015565840632862623, 'subsample': 0.8390183783709677, 'min_child_samples': 19, 'reg_alpha': 1.860444687368747e-08, 'reg_lambda': 2.7391483548058117e-06}. Best is trial 1 with value: 0.19315572150080923.
[I 2026-05-06 02:21:55,879] Trial 7 finished with value: -0.14560940726270283 and parameters: {'confidence_threshold': 0.563503962036334, 'training_days': 70, 'n_estimators': 63, 'max_depth': 3, 'num_leaves': 47, 'learning_rate': 0.18074927623018475, 'subsample': 0.5059692991701257, 'min_child_samples': 9, 'reg_alpha': 3.6945804405602874e-08, 'reg_lambda': 0.027706035542028905}. Best is trial 1 with value: 0.19315572150080923.
[I 2026-05-06 02:21:55,968] Trial 8 finished with value: 0.03930771227463877 and parameters: {'confidence_threshold': 0.6525471176758836, 'training_days': 440, 'n_estimators': 116, 'max_depth': 4, 'num_leaves': 115, 'learning_rate': 0.010229952960863938, 'subsample': 0.5062159465415076, 'min_child_samples': 54, 'reg_alpha': 6.790626457822126e-06, 'reg_lambda': 1.7869141074987722e-05}. Best is trial 1 with value: 0.19315572150080923.
[I 2026-05-06 02:21:56,063] Trial 9 finished with value: -2.2205259306587672 and parameters: {'confidence_threshold': 0.7277571993354469, 'training_days': 360, 'n_estimators': 75, 'max_depth': 5, 'num_leaves': 41, 'learning_rate': 0.014186743931212992, 'subsample': 0.7445187273047605, 'min_child_samples': 22, 'reg_alpha': 0.02393227447113315, 'reg_lambda': 0.009236766173618426}. Best is trial 1 with value: 0.19315572150080923.

  Model trained for 2025-11: 90 test candles with features, confidence_threshold=0.728
[trade:close] 2025-11-03 15:59 BCHUSDT SHORT → take_profit @ 512.70 | PnL=+8.92% (net +8.82%) | cum=+6.88% 2025-11=+8.82% 2025-11-03=+8.82%
[predict] 2025-11-06 08:00 BCHUSDT → LONG (proba=0.79 TP=11.7%/SL=5.9%)
[trade:open] 2025-11-06 15:59 BCHUSDT LONG @ 470.45 | SL=442.82 TP=525.71 | timeout=2025-11-13 15:59
[trade:close] 2025-11-11 07:59 BCHUSDT LONG → take_profit @ 525.71 | PnL=+11.75% (net +11.65%) | cum=+18.53% 2025-11=+20.46% 2025-11-11=+11.65%
[lgbm] === Training for 2025-12 ===
  Train window: 2023-12-01 → 2025-12-01
  2193 training samples from 1 symbols
  Samples per month: 2023-12: 93, 2024-01: 93, 2024-02: 87, 2024-03: 93, 2024-04: 90, 2024-05: 93, 2024-06: 90, 2024-07: 93, 2024-08: 93, 2024-09: 90, 2024-10: 93, 2024-11: 90, 2024-12: 93, 2025-01: 93, 2025-02: 84, 2025-03: 93, 2025-04: 90, 2025-05: 93, 2025-06: 90, 2025-07: 93, 2025-08: 93, 2025-09: 90, 2025-10: 93, 2025-11: 90
  [label] 2024-02-01 08:00 BCHUSDT entry=235.4400 → LONG | long=timeout(+3.62%) short=sl(-3.61%) | scanned=22 | no_tp→fwd_return=+3.7207
  [label] 2024-02-03 16:00 BCHUSDT entry=240.7000 → LONG | long=sl(-3.25%) short=sl(-3.25%) | scanned=16 | no_tp→fwd_return=+2.8251
  [label] 2024-02-07 08:00 BCHUSDT entry=235.6200 → LONG | long=tp(+5.26%) short=sl(-2.78%) | scanned=5 | long_tp_only
  [label] 2024-03-03 08:00 BCHUSDT entry=473.0700 → SHORT | long=sl(-7.55%) short=tp(+14.80%) | scanned=7 | short_tp_only
  [label] 2024-04-25 08:00 BCHUSDT entry=478.0600 → SHORT | long=sl(-7.44%) short=tp(+14.58%) | scanned=17 | short_tp_only
  [label] 2024-10-10 08:00 BCHUSDT entry=324.3600 → LONG | long=tp(+6.95%) short=sl(-3.63%) | scanned=12 | long_tp_only
  [label] 2024-10-14 08:00 BCHUSDT entry=354.4900 → LONG | long=tp(+6.81%) short=sl(-3.55%) | scanned=2 | long_tp_only
  [label] 2024-10-25 00:00 BCHUSDT entry=366.0900 → LONG | long=sl(-4.04%) short=sl(-4.04%) | scanned=12 | no_tp→fwd_return=+3.7395
  [label] 2024-12-09 08:00 BCHUSDT entry=596.2600 → SHORT | long=sl(-7.32%) short=tp(+14.35%) | scanned=1 | short_tp_only
  [label] 2024-12-18 00:00 BCHUSDT entry=520.7300 → SHORT | long=sl(-7.02%) short=tp(+13.74%) | scanned=5 | short_tp_only
  [label] 2025-03-19 16:00 BCHUSDT entry=345.0300 → SHORT | long=sl(-5.74%) short=timeout(+2.81%) | scanned=22 | no_tp→fwd_return=-2.9070
  [label] 2025-04-20 16:00 BCHUSDT entry=335.9500 → LONG | long=tp(+9.67%) short=sl(-4.99%) | scanned=14 | long_tp_only
  [label] 2025-05-07 00:00 BCHUSDT entry=372.8600 → LONG | long=sl(-4.64%) short=sl(-4.64%) | scanned=2 | no_tp→fwd_return=+2.8402
  [label] 2025-05-20 00:00 BCHUSDT entry=390.8300 → LONG | long=tp(+9.86%) short=sl(-5.08%) | scanned=7 | long_tp_only
  [label] 2025-06-07 16:00 BCHUSDT entry=409.0500 → LONG | long=tp(+7.81%) short=sl(-4.06%) | scanned=9 | long_tp_only
  [label] 2025-06-14 00:00 BCHUSDT entry=433.7500 → LONG | long=tp(+9.05%) short=sl(-4.68%) | scanned=7 | long_tp_only
  [label] 2025-06-26 08:00 BCHUSDT entry=491.1800 → LONG | long=timeout(+0.23%) short=sl(-5.26%) | scanned=22 | no_tp→fwd_return=+0.3298
  [label] 2025-08-05 08:00 BCHUSDT entry=564.7000 → LONG | long=timeout(+6.91%) short=sl(-4.96%) | scanned=22 | no_tp→fwd_return=+7.0090
  [label] 2025-08-15 08:00 BCHUSDT entry=583.2200 → LONG | long=sl(-4.71%) short=timeout(-2.28%) | scanned=22 | no_tp→fwd_return=+2.1844
  [label] 2025-11-10 08:00 BCHUSDT entry=512.3600 → SHORT | long=sl(-5.18%) short=timeout(+1.64%) | scanned=22 | no_tp→fwd_return=-1.7371
  Labels: 1121 long (51.1%), 1072 short (48.9%) | weights: min=1.01, mean=4.08, max=10.00
  Features: 2193/2193 matched, 14 columns
  CV gap: 22 rows
    [trial 0] 14 features, training_days=230 | threshold=0.779 | labels: 1121 long, 1072 short (51/49%)
    [CV fold 0] train_end=2024-03-25 00:00 | val_start=2024-04-01 16:00 | gap=184h (22 rows)
    [CV fold 1] train_end=2024-07-24 16:00 | val_start=2024-08-01 08:00 | gap=184h (22 rows)
    [CV fold 2] train_end=2024-11-23 08:00 | val_start=2024-12-01 00:00 | gap=184h (22 rows)
    [CV fold 3] train_end=2025-03-25 00:00 | val_start=2025-04-01 16:00 | gap=184h (22 rows)
    [CV fold 4] train_end=2025-07-24 16:00 | val_start=2025-08-01 08:00 | gap=184h (22 rows)
    [trial 0] Sharpe=0.0899 (folds: 0.1872, 0.0204, 0.0951, -0.2466, 0.3932)
    [trial 1] 14 features, training_days=410 | threshold=0.693 | labels: 1121 long, 1072 short (51/49%)
    [trial 1] Sharpe=0.1932 (folds: 0.3445, -0.0408, -0.3776, 0.4690, 0.5707)
    [trial 2] 14 features, training_days=270 | threshold=0.546 | labels: 1121 long, 1072 short (51/49%)
    [trial 2] Sharpe=0.0325 (folds: 0.0541, -0.0868, -0.0557, -0.1300, 0.3808)
    [trial 3] 14 features, training_days=270 | threshold=0.600 | labels: 1121 long, 1072 short (51/49%)
    [trial 3] Sharpe=0.0417 (folds: 0.0606, -0.2411, 0.1235, -0.1349, 0.4005)
    [trial 4] 14 features, training_days=390 | threshold=0.764 | labels: 1121 long, 1072 short (51/49%)
    [trial 4] Sharpe=-0.0080 (folds: 0.0578, -0.1732, -0.4098, 0.0672, 0.4179)
    [trial 5] 14 features, training_days=60 | threshold=0.603 | labels: 1121 long, 1072 short (51/49%)
    [trial 5] Sharpe=-0.1102 (folds: -0.1515, 0.1154, -0.3124, -0.4108, 0.2080)
    [trial 6] 14 features, training_days=290 | threshold=0.738 | labels: 1121 long, 1072 short (51/49%)
    [trial 6] Sharpe=0.0447 (folds: 0.3582, -0.1771, -0.3072, -0.2043, 0.5541)
    [trial 7] 14 features, training_days=70 | threshold=0.564 | labels: 1121 long, 1072 short (51/49%)
    [trial 7] Sharpe=-0.1456 (folds: -0.2682, -0.0753, -0.3327, -0.3418, 0.2898)
    [trial 8] 14 features, training_days=440 | threshold=0.653 | labels: 1121 long, 1072 short (51/49%)
    [trial 8] Sharpe=0.0393 (folds: 0.0626, 0.1463, -0.5866, 0.2524, 0.3218)
    [trial 9] 14 features, training_days=360 | threshold=0.728 | labels: 1121 long, 1072 short (51/49%)
    [trial 9] Sharpe=-2.2205 (folds: -10.0000, -0.2727, -1.7432, 0.5527, 0.3606)
  Optuna: 10 trials, best Sharpe = 0.1932
  Best params: n_estimators=233, max_depth=5, lr=0.0137, leaves=108
  Best confidence_threshold: 0.693
  Best training_days: 410
  Retrained on full data (1230 samples, 14 features)
  Model trained for 2025-12: 93 test candles with features, confidence_threshold=0.693
[predict] 2025-12-03 16:00 BCHUSDT → SHORT (proba=0.81 TP=10.5%/SL=5.2%)
[trade:open] 2025-12-03 23:59 BCHUSDT SHORT @ 590.16 | SL=621.11 TP=528.25 | timeout=2025-12-10 23:59
[trade:close] 2025-12-11 00:00 BCHUSDT SHORT → timeout @ 572.35 | PnL=+3.02% (net +2.92%) | cum=+21.45% 2025-12=+2.92% 2025-12-11=+2.92%
[predict] 2025-12-21 00:00 BCHUSDT → LONG (proba=0.87 TP=10.4%/SL=5.2%)
[trade:open] 2025-12-21 07:59 BCHUSDT LONG @ 587.97 | SL=557.47 TP=648.97 | timeout=2025-12-28 07:59
[trade:close] 2025-12-28 08:00 BCHUSDT LONG → timeout @ 620.90 | PnL=+5.60% (net +5.50%) | cum=+26.95% 2025-12=+8.42% 2025-12-28=+5.50%
[lgbm] === Training for 2026-01 ===
  Train window: 2024-01-01 → 2026-01-01
  2193 training samples from 1 symbols
  Samples per month: 2024-01: 93, 2024-02: 87, 2024-03: 93, 2024-04: 90, 2024-05: 93, 2024-06: 90, 2024-07: 93, 2024-08: 93, 2024-09: 90, 2024-10: 93, 2024-11: 90, 2024-12: 93, 2025-01: 93, 2025-02: 84, 2025-03: 93, 2025-04: 90, 2025-05: 93, 2025-06: 90, 2025-07: 93, 2025-08: 93, 2025-09: 90, 2025-10: 93, 2025-11: 90, 2025-12: 93
  [label] 2024-03-03 08:00 BCHUSDT entry=473.0700 → SHORT | long=sl(-7.55%) short=tp(+14.80%) | scanned=7 | short_tp_only
  [label] 2024-03-05 16:00 BCHUSDT entry=400.8900 → LONG | long=timeout(+8.21%) short=sl(-11.27%) | scanned=22 | no_tp→fwd_return=+8.3065
  [label] 2024-03-09 08:00 BCHUSDT entry=430.7400 → SHORT | long=sl(-9.38%) short=sl(-9.38%) | scanned=18 | no_tp→fwd_return=-5.1145
  [label] 2024-04-03 08:00 BCHUSDT entry=591.9600 → LONG | long=tp(+16.98%) short=sl(-8.64%) | scanned=5 | long_tp_only
  [label] 2024-05-26 08:00 BCHUSDT entry=484.9500 → SHORT | long=sl(-4.57%) short=timeout(+4.75%) | scanned=22 | no_tp→fwd_return=-4.8459
  [label] 2024-11-10 08:00 BCHUSDT entry=439.1100 → SHORT | long=sl(-5.31%) short=sl(-5.31%) | scanned=8 | no_tp→fwd_return=-5.7503[I 2026-05-06 02:21:56,341] A new study created in memory with name: no-name-ca2fee8e-cae7-4493-9b85-51a4a76a4788
[I 2026-05-06 02:21:56,589] Trial 0 finished with value: 0.08276652949311807 and parameters: {'confidence_threshold': 0.7790993046299082, 'training_days': 230, 'n_estimators': 295, 'max_depth': 5, 'num_leaves': 83, 'learning_rate': 0.051543455158230854, 'subsample': 0.8773243492079463, 'min_child_samples': 10, 'reg_alpha': 0.034096514368237685, 'reg_lambda': 3.154180388637081e-05}. Best is trial 0 with value: 0.08276652949311807.
