[I 2026-05-06 02:21:06,971] Trial 9 finished with value: 0.133440954498177 and parameters: {'confidence_threshold': 0.7277571993354469, 'training_days': 360, 'n_estimators': 75, 'max_depth': 5, 'num_leaves': 41, 'learning_rate': 0.014186743931212992, 'subsample': 0.7445187273047605, 'min_child_samples': 22, 'reg_alpha': 0.02393227447113315, 'reg_lambda': 0.009236766173618426}. Best is trial 9 with value: 0.133440954498177.

    [trial 8] Sharpe=-0.1460 (folds: 0.0903, -0.4470, 0.0470, 0.0360, -0.4563)
    [trial 9] 14 features, training_days=360 | threshold=0.728 | labels: 973 long, 1217 short (44/56%)
    [trial 9] Sharpe=-0.1447 (folds: -0.0834, -0.9019, 0.5381, 0.1777, -0.4540)
  Optuna: 10 trials, best Sharpe = -0.0160
  Best params: n_estimators=295, max_depth=5, lr=0.0515, leaves=83
  Best confidence_threshold: 0.779
  Best training_days: 230
  Retrained on full data (690 samples, 14 features)
  Model trained for 2023-08: 93 test candles with features, confidence_threshold=0.779
[predict] 2023-08-04 08:00 BCHUSDT → SHORT (proba=0.81 TP=9.3%/SL=4.6%)
[trade:open] 2023-08-04 15:59 BCHUSDT SHORT @ 227.06 | SL=237.60 TP=205.98 | timeout=2023-08-11 15:59
[trade:close] 2023-08-07 15:59 BCHUSDT SHORT → stop_loss @ 237.60 | PnL=-4.64% (net -4.74%) | cum=-20.84% 2023-08=-4.74% 2023-08-07=-4.74%
[predict] 2023-08-09 00:00 BCHUSDT → SHORT (proba=0.85 TP=9.4%/SL=4.7%)
[trade:open] 2023-08-09 07:59 BCHUSDT SHORT @ 236.45 | SL=247.57 TP=214.22 | timeout=2023-08-16 07:59
[trade:close] 2023-08-16 08:00 BCHUSDT SHORT → timeout @ 225.86 | PnL=+4.48% (net +4.38%) | cum=-16.46% 2023-08=-0.36% 2023-08-16=+4.38%
[predict] 2023-08-30 00:00 BCHUSDT → SHORT (proba=0.87 TP=9.8%/SL=4.9%)
[trade:open] 2023-08-30 07:59 BCHUSDT SHORT @ 217.96 | SL=228.69 TP=196.50 | timeout=2023-09-06 07:59
[lgbm] === Training for 2023-09 ===
  Train window: 2021-09-01 → 2023-09-01
  2190 training samples from 1 symbols
  Samples per month: 2021-09: 90, 2021-10: 93, 2021-11: 90, 2021-12: 93, 2022-01: 93, 2022-02: 84, 2022-03: 93, 2022-04: 90, 2022-05: 93, 2022-06: 90, 2022-07: 93, 2022-08: 93, 2022-09: 90, 2022-10: 93, 2022-11: 90, 2022-12: 93, 2023-01: 93, 2023-02: 84, 2023-03: 93, 2023-04: 90, 2023-05: 93, 2023-06: 90, 2023-07: 93, 2023-08: 93
  [label] 2021-11-02 08:00 BCHUSDT entry=600.8200 → LONG | long=tp(+8.78%) short=sl(-4.54%) | scanned=20 | long_tp_only
  [label] 2021-11-04 08:00 BCHUSDT entry=589.8300 → LONG | long=tp(+9.12%) short=sl(-4.71%) | scanned=14 | long_tp_only
  [label] 2021-11-08 08:00 BCHUSDT entry=626.5100 → LONG | long=tp(+7.67%) short=sl(-3.99%) | scanned=3 | long_tp_only
  [label] 2021-12-03 08:00 BCHUSDT entry=557.7400 → SHORT | long=sl(-4.94%) short=tp(+9.58%) | scanned=2 | short_tp_only
  [label] 2022-01-25 08:00 BCHUSDT entry=288.0600 → SHORT | long=timeout(-0.75%) short=sl(-8.09%) | scanned=22 | no_tp→fwd_return=-0.6492
  [label] 2022-07-11 16:00 BCHUSDT entry=98.8500 → LONG | long=tp(+12.15%) short=sl(-6.23%) | scanned=16 | long_tp_only
  [label] 2022-07-16 00:00 BCHUSDT entry=104.1400 → LONG | long=tp(+10.70%) short=sl(-5.50%) | scanned=5 | long_tp_only
  [label] 2022-07-26 16:00 BCHUSDT entry=118.8000 → LONG | long=tp(+13.23%) short=sl(-6.76%) | scanned=4 | long_tp_only
  [label] 2022-09-10 00:00 BCHUSDT entry=131.4600 → SHORT | long=sl(-5.67%) short=tp(+11.03%) | scanned=11 | short_tp_only
  [label] 2022-09-18 16:00 BCHUSDT entry=111.7000 → LONG | long=timeout(+1.41%) short=sl(-6.00%) | scanned=22 | no_tp→fwd_return=+1.5130
  [label] 2022-12-19 00:00 BCHUSDT entry=101.2700 → SHORT | long=sl(-3.67%) short=timeout(+0.13%) | scanned=22 | no_tp→fwd_return=-0.2271
  [label] 2023-01-20 00:00 BCHUSDT entry=120.8400 → LONG | long=tp(+9.24%) short=sl(-4.77%) | scanned=5 | long_tp_only
  [label] 2023-02-05 08:00 BCHUSDT entry=134.3700 → SHORT | long=sl(-4.23%) short=tp(+8.15%) | scanned=13 | short_tp_only
  [label] 2023-02-18 08:00 BCHUSDT entry=137.2000 → LONG | long=tp(+7.98%) short=sl(-4.14%) | scanned=5 | long_tp_only
  [label] 2023-03-09 00:00 BCHUSDT entry=116.9200 → SHORT | long=sl(-4.31%) short=tp(+8.32%) | scanned=2 | short_tp_only
  [label] 2023-03-15 08:00 BCHUSDT entry=125.7800 → LONG | long=tp(+10.63%) short=sl(-5.46%) | scanned=14 | long_tp_only
  [label] 2023-03-27 16:00 BCHUSDT entry=120.3200 → LONG | long=timeout(+6.06%) short=sl(-5.23%) | scanned=22 | no_tp→fwd_return=+6.1586
  [label] 2023-05-06 16:00 BCHUSDT entry=116.8400 → SHORT | long=sl(-3.25%) short=tp(+6.20%) | scanned=4 | short_tp_only
  [label] 2023-05-16 16:00 BCHUSDT entry=116.6600 → SHORT | long=timeout(-1.00%) short=timeout(+0.80%) | scanned=22 | no_tp→fwd_return=-0.9001
  [label] 2023-08-11 08:00 BCHUSDT entry=228.1000 → SHORT | long=sl(-4.38%) short=tp(+8.45%) | scanned=16 | short_tp_only
  Labels: 957 long (43.7%), 1233 short (56.3%) | weights: min=1.00, mean=3.22, max=10.00
  Features: 2190/2190 matched, 14 columns
  CV gap: 22 rows
    [trial 0] 14 features, training_days=230 | threshold=0.779 | labels: 957 long, 1233 short (44/56%)
    [CV fold 0] train_end=2021-12-24 00:00 | val_start=2021-12-31 16:00 | gap=184h (22 rows)
    [CV fold 1] train_end=2022-04-24 16:00 | val_start=2022-05-02 08:00 | gap=184h (22 rows)
    [CV fold 2] train_end=2022-08-24 08:00 | val_start=2022-09-01 00:00 | gap=184h (22 rows)
    [CV fold 3] train_end=2022-12-24 00:00 | val_start=2022-12-31 16:00 | gap=184h (22 rows)
    [CV fold 4] train_end=2023-04-24 16:00 | val_start=2023-05-02 08:00 | gap=184h (22 rows)
    [trial 0] Sharpe=0.0371 (folds: 0.1946, 0.1021, 0.0562, 0.0020, -0.1696)
    [trial 1] 14 features, training_days=410 | threshold=0.693 | labels: 957 long, 1233 short (44/56%)
    [trial 1] Sharpe=0.0014 (folds: 0.2903, -0.2099, -0.0285, 0.0249, -0.0698)
    [trial 2] 14 features, training_days=270 | threshold=0.546 | labels: 957 long, 1233 short (44/56%)
    [trial 2] Sharpe=0.0818 (folds: 0.2174, -0.1306, -0.1015, 0.0621, 0.3618)
    [trial 3] 14 features, training_days=270 | threshold=0.600 | labels: 957 long, 1233 short (44/56%)
    [trial 3] Sharpe=0.0153 (folds: -0.0133, -0.1125, 0.0153, 0.0598, 0.1273)
    [trial 4] 14 features, training_days=390 | threshold=0.764 | labels: 957 long, 1233 short (44/56%)
    [trial 4] Sharpe=-0.0488 (folds: 0.2166, -0.1392, -0.1101, 0.0251, -0.2365)
    [trial 5] 14 features, training_days=60 | threshold=0.603 | labels: 957 long, 1233 short (44/56%)
    [trial 5] Sharpe=0.0590 (folds: 0.3117, -0.0961, -0.0596, 0.0678, 0.0713)
    [trial 6] 14 features, training_days=290 | threshold=0.738 | labels: 957 long, 1233 short (44/56%)
    [trial 6] Sharpe=0.0497 (folds: 0.2046, -0.0881, 0.0145, 0.0983, 0.0192)
    [trial 7] 14 features, training_days=70 | threshold=0.564 | labels: 957 long, 1233 short (44/56%)
    [trial 7] Sharpe=0.0293 (folds: 0.1974, -0.0714, -0.0584, -0.0242, 0.1034)
    [trial 8] 14 features, training_days=440 | threshold=0.653 | labels: 957 long, 1233 short (44/56%)
    [trial 8] Sharpe=0.0480 (folds: 0.3020, -0.1513, 0.0881, 0.0668, -0.0655)
    [trial 9] 14 features, training_days=360 | threshold=0.728 | labels: 957 long, 1233 short (44/56%)
    [trial 9] Sharpe=0.1334 (folds: 0.4197, -0.2833, 0.1975, 0.0979, 0.2354)
  Optuna: 10 trials, best Sharpe = 0.1334
  Best params: n_estimators=75, max_depth=5, lr=0.0142, leaves=41
  Best confidence_threshold: 0.728
  Best training_days: 360
  Retrained on full data (1080 samples, 14 features)
  Model trained for 2023-09: 90 test candles with features, confidence_threshold=0.728
[trade:close] 2023-09-02 23:59 BCHUSDT SHORT → take_profit @ 196.50 | PnL=+9.85% (net +9.75%) | cum=-6.71% 2023-09=+9.75% 2023-09-02=+9.75%
[predict] 2023-09-15 00:00 BCHUSDT → SHORT (proba=0.78 TP=9.5%/SL=4.8%)
[trade:open] 2023-09-15 07:59 BCHUSDT SHORT @ 215.74 | SL=226.01 TP=195.21 | timeout=2023-09-22 07:59
[trade:close] 2023-09-22 08:00 BCHUSDT SHORT → timeout @ 209.14 | PnL=+3.06% (net +2.96%) | cum=-3.75% 2023-09=+12.71% 2023-09-22=+2.96%
[predict] 2023-09-28 00:00 BCHUSDT → SHORT (proba=0.74 TP=8.1%/SL=4.0%)
[trade:open] 2023-09-28 07:59 BCHUSDT SHORT @ 237.12 | SL=246.68 TP=218.00 | timeout=2023-10-05 07:59
[lgbm] === Training for 2023-10 ===
  Train window: 2021-10-01 → 2023-10-01
  2190 training samples from 1 symbols
  Samples per month: 2021-10: 93, 2021-11: 90, 2021-12: 93, 2022-01: 93, 2022-02: 84, 2022-03: 93, 2022-04: 90, 2022-05: 93, 2022-06: 90, 2022-07: 93, 2022-08: 93, 2022-09: 90, 2022-10: 93, 2022-11: 90, 2022-12: 93, 2023-01: 93, 2023-02: 84, 2023-03: 93, 2023-04: 90, 2023-05: 93, 2023-06: 90, 2023-07: 93, 2023-08: 93, 2023-09: 90[I 2026-05-06 02:21:07,159] A new study created in memory with name: no-name-8c6c9afd-b952-41c4-8686-fba9733d9243
[I 2026-05-06 02:21:07,420] Trial 0 finished with value: 0.10994082028093177 and parameters: {'confidence_threshold': 0.7790993046299082, 'training_days': 230, 'n_estimators': 295, 'max_depth': 5, 'num_leaves': 83, 'learning_rate': 0.051543455158230854, 'subsample': 0.8773243492079463, 'min_child_samples': 10, 'reg_alpha': 0.034096514368237685, 'reg_lambda': 3.154180388637081e-05}. Best is trial 0 with value: 0.10994082028093177.
[I 2026-05-06 02:21:07,558] Trial 1 finished with value: -0.08690087293157021 and parameters: {'confidence_threshold': 0.6929247853618086, 'training_days': 410, 'n_estimators': 233, 'max_depth': 5, 'num_leaves': 108, 'learning_rate': 0.013724237108071606, 'subsample': 0.7013182233636002, 'min_child_samples': 94, 'reg_alpha': 2.4040959529260723e-06, 'reg_lambda': 5.320966582161148}. Best is trial 0 with value: 0.10994082028093177.
[I 2026-05-06 02:21:07,619] Trial 2 finished with value: 0.030932650702198628 and parameters: {'confidence_threshold': 0.546341527225763, 'training_days': 270, 'n_estimators': 120, 'max_depth': 4, 'num_leaves': 53, 'learning_rate': 0.060197068579343475, 'subsample': 0.588227873455941, 'min_child_samples': 91, 'reg_alpha': 2.3457771824819002e-08, 'reg_lambda': 1.1358840775642732e-08}. Best is trial 0 with value: 0.10994082028093177.
[I 2026-05-06 02:21:07,777] Trial 3 finished with value: 0.044494842693957745 and parameters: {'confidence_threshold': 0.6000319676300473, 'training_days': 270, 'n_estimators': 382, 'max_depth': 4, 'num_leaves': 44, 'learning_rate': 0.09185046765032388, 'subsample': 0.6743651508646724, 'min_child_samples': 77, 'reg_alpha': 0.0013974578104212739, 'reg_lambda': 8.97190257982477e-08}. Best is trial 0 with value: 0.10994082028093177.
[I 2026-05-06 02:21:08,126] Trial 4 finished with value: -0.021822807054882775 and parameters: {'confidence_threshold': 0.7642618789055509, 'training_days': 390, 'n_estimators': 464, 'max_depth': 5, 'num_leaves': 30, 'learning_rate': 0.024562383309704932, 'subsample': 0.8612975035964376, 'min_child_samples': 36, 'reg_alpha': 1.593999300080167, 'reg_lambda': 0.006081270362829788}. Best is trial 0 with value: 0.10994082028093177.
[I 2026-05-06 02:21:08,252] Trial 5 finished with value: 0.006232060114687565 and parameters: {'confidence_threshold': 0.6029115860358569, 'training_days': 60, 'n_estimators': 441, 'max_depth': 3, 'num_leaves': 66, 'learning_rate': 0.044953114425778824, 'subsample': 0.7098948461279406, 'min_child_samples': 15, 'reg_alpha': 4.888753565548431e-07, 'reg_lambda': 4.198190642566389}. Best is trial 0 with value: 0.10994082028093177.
[I 2026-05-06 02:21:08,476] Trial 6 finished with value: 0.13731476395471698 and parameters: {'confidence_threshold': 0.7376932868314098, 'training_days': 290, 'n_estimators': 249, 'max_depth': 5, 'num_leaves': 121, 'learning_rate': 0.015565840632862623, 'subsample': 0.8390183783709677, 'min_child_samples': 19, 'reg_alpha': 1.860444687368747e-08, 'reg_lambda': 2.7391483548058117e-06}. Best is trial 6 with value: 0.13731476395471698.
[I 2026-05-06 02:21:08,513] Trial 7 finished with value: 0.009789819666371043 and parameters: {'confidence_threshold': 0.563503962036334, 'training_days': 70, 'n_estimators': 63, 'max_depth': 3, 'num_leaves': 47, 'learning_rate': 0.18074927623018475, 'subsample': 0.5059692991701257, 'min_child_samples': 9, 'reg_alpha': 3.6945804405602874e-08, 'reg_lambda': 0.027706035542028905}. Best is trial 6 with value: 0.13731476395471698.
[I 2026-05-06 02:21:08,592] Trial 8 finished with value: -0.0626523900933533 and parameters: {'confidence_threshold': 0.6525471176758836, 'training_days': 440, 'n_estimators': 116, 'max_depth': 4, 'num_leaves': 115, 'learning_rate': 0.010229952960863938, 'subsample': 0.5062159465415076, 'min_child_samples': 54, 'reg_alpha': 6.790626457822126e-06, 'reg_lambda': 1.7869141074987722e-05}. Best is trial 6 with value: 0.13731476395471698.
[I 2026-05-06 02:21:08,678] Trial 9 finished with value: 0.0030157471492824215 and parameters: {'confidence_threshold': 0.7277571993354469, 'training_days': 360, 'n_estimators': 75, 'max_depth': 5, 'num_leaves': 41, 'learning_rate': 0.014186743931212992, 'subsample': 0.7445187273047605, 'min_child_samples': 22, 'reg_alpha': 0.02393227447113315, 'reg_lambda': 0.009236766173618426}. Best is trial 6 with value: 0.13731476395471698.

  [label] 2021-12-02 08:00 BCHUSDT entry=565.0400 → SHORT | long=sl(-5.19%) short=tp(+10.08%) | scanned=5 | short_tp_only
  [label] 2021-12-04 08:00 BCHUSDT entry=467.0600 → SHORT | long=sl(-8.91%) short=timeout(+2.22%) | scanned=22 | no_tp→fwd_return=-2.3188
  [label] 2021-12-08 08:00 BCHUSDT entry=479.9800 → SHORT | long=sl(-8.25%) short=timeout(+12.72%) | scanned=22 | no_tp→fwd_return=-12.8214
  [label] 2022-01-02 08:00 BCHUSDT entry=446.8900 → SHORT | long=sl(-3.86%) short=tp(+7.42%) | scanned=10 | short_tp_only
  [label] 2022-02-24 08:00 BCHUSDT entry=272.9700 → LONG | long=tp(+13.28%) short=sl(-6.79%) | scanned=1 | long_tp_only
  [label] 2022-08-10 16:00 BCHUSDT entry=142.0800 → SHORT | long=sl(-5.84%) short=timeout(+5.80%) | scanned=22 | no_tp→fwd_return=-5.8981
  [label] 2022-08-15 00:00 BCHUSDT entry=134.7300 → SHORT | long=sl(-5.81%) short=sl(-5.81%) | scanned=11 | no_tp→fwd_return=-4.2752
  [label] 2022-08-25 16:00 BCHUSDT entry=130.4400 → SHORT | long=sl(-5.69%) short=tp(+11.08%) | scanned=3 | short_tp_only
  [label] 2022-10-10 00:00 BCHUSDT entry=116.7000 → SHORT | long=sl(-3.56%) short=tp(+6.83%) | scanned=9 | short_tp_only
  [label] 2022-10-18 16:00 BCHUSDT entry=108.6200 → LONG | long=sl(-3.57%) short=sl(-3.57%) | scanned=21 | no_tp→fwd_return=+3.6734
  [label] 2023-01-18 00:00 BCHUSDT entry=126.5300 → SHORT | long=sl(-4.64%) short=tp(+8.97%) | scanned=2 | short_tp_only
  [label] 2023-02-19 00:00 BCHUSDT entry=135.0100 → LONG | long=tp(+7.94%) short=sl(-4.12%) | scanned=3 | long_tp_only
  [label] 2023-03-07 08:00 BCHUSDT entry=122.5900 → SHORT | long=sl(-4.02%) short=tp(+7.74%) | scanned=7 | short_tp_only
  [label] 2023-03-20 08:00 BCHUSDT entry=132.9900 → SHORT | long=sl(-5.03%) short=tp(+9.75%) | scanned=21 | short_tp_only
  [label] 2023-04-08 00:00 BCHUSDT entry=124.6500 → LONG | long=tp(+6.91%) short=sl(-3.61%) | scanned=18 | long_tp_only
  [label] 2023-04-14 08:00 BCHUSDT entry=129.1700 → SHORT | long=sl(-3.19%) short=sl(-3.19%) | scanned=15 | no_tp→fwd_return=-1.6258
  [label] 2023-04-26 16:00 BCHUSDT entry=117.3500 → LONG | long=timeout(+2.17%) short=timeout(-2.37%) | scanned=22 | no_tp→fwd_return=+2.2667
  [label] 2023-06-05 16:00 BCHUSDT entry=108.5600 → LONG | long=tp(+4.85%) short=sl(-2.58%) | scanned=3 | long_tp_only
  [label] 2023-06-15 16:00 BCHUSDT entry=104.7700 → LONG | long=tp(+7.37%) short=sl(-3.84%) | scanned=16 | long_tp_only
  [label] 2023-09-10 08:00 BCHUSDT entry=188.6500 → LONG | long=sl(-4.29%) short=sl(-4.29%) | scanned=6 | no_tp→fwd_return=+4.5746
  Labels: 976 long (44.6%), 1214 short (55.4%) | weights: min=1.00, mean=3.17, max=10.00
  Features: 2190/2190 matched, 14 columns
  CV gap: 22 rows
    [trial 0] 14 features, training_days=230 | threshold=0.779 | labels: 976 long, 1214 short (45/55%)
    [CV fold 0] train_end=2022-01-23 00:00 | val_start=2022-01-30 16:00 | gap=184h (22 rows)
    [CV fold 1] train_end=2022-05-24 16:00 | val_start=2022-06-01 08:00 | gap=184h (22 rows)
    [CV fold 2] train_end=2022-09-23 08:00 | val_start=2022-10-01 00:00 | gap=184h (22 rows)
    [CV fold 3] train_end=2023-01-23 00:00 | val_start=2023-01-30 16:00 | gap=184h (22 rows)
    [CV fold 4] train_end=2023-05-24 16:00 | val_start=2023-06-01 08:00 | gap=184h (22 rows)
    [trial 0] Sharpe=0.1099 (folds: 0.2613, 0.1728, -0.0743, 0.1320, 0.0579)
    [trial 1] 14 features, training_days=410 | threshold=0.693 | labels: 976 long, 1214 short (45/55%)
    [trial 1] Sharpe=-0.0869 (folds: -0.0301, 0.0807, -0.3067, -0.0942, -0.0843)
    [trial 2] 14 features, training_days=270 | threshold=0.546 | labels: 976 long, 1214 short (45/55%)
    [trial 2] Sharpe=0.0309 (folds: 0.0760, 0.1393, -0.0965, -0.0212, 0.0571)
    [trial 3] 14 features, training_days=270 | threshold=0.600 | labels: 976 long, 1214 short (45/55%)
    [trial 3] Sharpe=0.0445 (folds: 0.1064, 0.0442, -0.0794, 0.1614, -0.0101)
    [trial 4] 14 features, training_days=390 | threshold=0.764 | labels: 976 long, 1214 short (45/55%)
    [trial 4] Sharpe=-0.0218 (folds: 0.1836, 0.0855, -0.3089, 0.1590, -0.2284)
    [trial 5] 14 features, training_days=60 | threshold=0.603 | labels: 976 long, 1214 short (45/55%)
    [trial 5] Sharpe=0.0062 (folds: 0.0826, 0.1669, 0.0364, -0.1172, -0.1375)
    [trial 6] 14 features, training_days=290 | threshold=0.738 | labels: 976 long, 1214 short (45/55%)
    [trial 6] Sharpe=0.1373 (folds: 0.1629, 0.1683, -0.0586, 0.0440, 0.3701)
    [trial 7] 14 features, training_days=70 | threshold=0.564 | labels: 976 long, 1214 short (45/55%)
    [trial 7] Sharpe=0.0098 (folds: 0.2025, 0.0213, -0.0614, 0.0090, -0.1225)
    [trial 8] 14 features, training_days=440 | threshold=0.653 | labels: 976 long, 1214 short (45/55%)
    [trial 8] Sharpe=-0.0627 (folds: 0.1185, 0.1552, -0.2498, -0.0877, -0.2495)
    [trial 9] 14 features, training_days=360 | threshold=0.728 | labels: 976 long, 1214 short (45/55%)
    [trial 9] Sharpe=0.0030 (folds: 0.0970, 0.0740, -0.2070, -0.0330, 0.0841)
  Optuna: 10 trials, best Sharpe = 0.1373
  Best params: n_estimators=249, max_depth=5, lr=0.0156, leaves=121
  Best confidence_threshold: 0.738
  Best training_days: 290
  Retrained on full data (870 samples, 14 features)
  Model trained for 2023-10: 93 test candles with features, confidence_threshold=0.738
[trade:close] 2023-10-02 15:59 BCHUSDT SHORT → stop_loss @ 246.68 | PnL=-4.03% (net -4.13%) | cum=-7.88% 2023-10=-4.13% 2023-10-02=-4.13%
[predict] 2023-10-05 00:00 BCHUSDT → LONG (proba=0.76 TP=9.7%/SL=4.9%)
[trade:open] 2023-10-05 07:59 BCHUSDT LONG @ 229.15 | SL=218.01 TP=251.43 | timeout=2023-10-12 07:59
[trade:close] 2023-10-09 15:59 BCHUSDT LONG → stop_loss @ 218.01 | PnL=-4.86% (net -4.96%) | cum=-12.84% 2023-10=-9.09% 2023-10-09=-4.96%
[predict] 2023-10-11 00:00 BCHUSDT → LONG (proba=0.84 TP=9.5%/SL=4.7%)
[trade:open] 2023-10-11 07:59 BCHUSDT LONG @ 213.19 | SL=203.07 TP=233.43 | timeout=2023-10-18 07:59
[trade:close] 2023-10-16 15:59 BCHUSDT LONG → take_profit @ 233.43 | PnL=+9.49% (net +9.39%) | cum=-3.45% 2023-10=+0.30% 2023-10-16=+9.39%
[predict] 2023-10-18 00:00 BCHUSDT → LONG (proba=0.80 TP=8.7%/SL=4.3%)
[trade:open] 2023-10-18 07:59 BCHUSDT LONG @ 229.22 | SL=219.27 TP=249.13 | timeout=2023-10-25 07:59
[trade:close] 2023-10-20 15:59 BCHUSDT LONG → take_profit @ 249.13 | PnL=+8.69% (net +8.59%) | cum=+5.14% 2023-10=+8.89% 2023-10-20=+8.59%
[predict] 2023-10-25 00:00 BCHUSDT → SHORT (proba=0.79 TP=10.2%/SL=5.1%)
[trade:open] 2023-10-25 07:59 BCHUSDT SHORT @ 250.05 | SL=262.78 TP=224.59 | timeout=2023-11-01 07:59
[lgbm] === Training for 2023-11 ===
  Train window: 2021-11-01 → 2023-11-01
  2190 training samples from 1 symbols
  Samples per month: 2021-11: 90, 2021-12: 93, 2022-01: 93, 2022-02: 84, 2022-03: 93, 2022-04: 90, 2022-05: 93, 2022-06: 90, 2022-07: 93, 2022-08: 93, 2022-09: 90, 2022-10: 93, 2022-11: 90, 2022-12: 93, 2023-01: 93, 2023-02: 84, 2023-03: 93, 2023-04: 90, 2023-05: 93, 2023-06: 90, 2023-07: 93, 2023-08: 93, 2023-09: 90, 2023-10: 93
  [label] 2022-01-02 08:00 BCHUSDT entry=446.8900 → SHORT | long=sl(-3.86%) short=tp(+7.42%) | scanned=10 | short_tp_only
  [label] 2022-01-04 08:00 BCHUSDT entry=435.4400 → SHORT | long=sl(-3.74%) short=tp(+7.18%) | scanned=4 | short_tp_only
  [label] 2022-01-08 08:00 BCHUSDT entry=381.8100 → LONG | long=sl(-4.91%) short=timeout(-2.37%) | scanned=22 | no_tp→fwd_return=+2.2681
  [label] 2022-02-02 08:00 BCHUSDT entry=285.0900 → LONG | long=tp(+11.66%) short=sl(-5.98%) | scanned=9 | long_tp_only
  [label] 2022-03-27 08:00 BCHUSDT entry=362.7800 → LONG | long=timeout(+3.64%) short=sl(-4.81%) | scanned=22 | no_tp→fwd_return=+3.7433
  [label] 2022-09-10 16:00 BCHUSDT entry=132.5200 → SHORT | long=sl(-5.45%) short=tp(+10.61%) | scanned=9 | short_tp_only
  [label] 2022-09-15 00:00 BCHUSDT entry=119.9700 → SHORT | long=sl(-6.15%) short=timeout(+6.50%) | scanned=22 | no_tp→fwd_return=-6.6017
  [label] 2022-09-25 16:00 BCHUSDT entry=113.3900 → LONG | long=timeout(+0.61%) short=sl(-5.83%) | scanned=22 | no_tp→fwd_return=+0.7055
  [label] 2022-11-10 00:00 BCHUSDT entry=97.0800 → LONG | long=timeout(+6.23%) short=sl(-8.37%) | scanned=22 | no_tp→fwd_return=+6.3350[I 2026-05-06 02:21:08,913] A new study created in memory with name: no-name-5a43dcac-f1f5-4233-8c1c-d7a1b0a6ea5b
[I 2026-05-06 02:21:09,176] Trial 0 finished with value: 0.027032282904244326 and parameters: {'confidence_threshold': 0.7790993046299082, 'training_days': 230, 'n_estimators': 295, 'max_depth': 5, 'num_leaves': 83, 'learning_rate': 0.051543455158230854, 'subsample': 0.8773243492079463, 'min_child_samples': 10, 'reg_alpha': 0.034096514368237685, 'reg_lambda': 3.154180388637081e-05}. Best is trial 0 with value: 0.027032282904244326.
