[I 2026-05-06 02:20:53,811] Trial 3 finished with value: -0.02882943461581846 and parameters: {'confidence_threshold': 0.6000319676300473, 'training_days': 270, 'n_estimators': 382, 'max_depth': 4, 'num_leaves': 44, 'learning_rate': 0.09185046765032388, 'subsample': 0.6743651508646724, 'min_child_samples': 77, 'reg_alpha': 0.0013974578104212739, 'reg_lambda': 8.97190257982477e-08}. Best is trial 0 with value: -0.009215127082820797.

    [CV fold 4] train_end=2022-08-24 16:00 | val_start=2022-09-01 08:00 | gap=184h (22 rows)
    [trial 0] Sharpe=-0.0316 (folds: -0.0643, -0.0128, -0.0737, -0.0477, 0.0407)
    [trial 1] 14 features, training_days=410 | threshold=0.693 | labels: 988 long, 1202 short (45/55%)
    [trial 1] Sharpe=-0.0785 (folds: 0.0151, -0.1660, 0.0528, -0.1052, -0.1892)
    [trial 2] 14 features, training_days=270 | threshold=0.546 | labels: 988 long, 1202 short (45/55%)
    [trial 2] Sharpe=-0.1343 (folds: -0.1451, -0.1164, -0.0737, -0.2061, -0.1302)
    [trial 3] 14 features, training_days=270 | threshold=0.600 | labels: 988 long, 1202 short (45/55%)
    [trial 3] Sharpe=-0.1498 (folds: -0.2364, -0.0781, -0.2862, -0.1596, 0.0112)
    [trial 4] 14 features, training_days=390 | threshold=0.764 | labels: 988 long, 1202 short (45/55%)
    [trial 4] Sharpe=-0.1409 (folds: -0.2224, -0.0035, -0.2585, -0.1617, -0.0585)
    [trial 5] 14 features, training_days=60 | threshold=0.603 | labels: 988 long, 1202 short (45/55%)
    [trial 5] Sharpe=-0.0322 (folds: -0.2436, -0.0746, 0.3103, -0.1314, -0.0217)
    [trial 6] 14 features, training_days=290 | threshold=0.738 | labels: 988 long, 1202 short (45/55%)
    [trial 6] Sharpe=-0.1206 (folds: -0.0942, -0.1400, -0.2867, -0.1184, 0.0362)
    [trial 7] 14 features, training_days=70 | threshold=0.564 | labels: 988 long, 1202 short (45/55%)
    [trial 7] Sharpe=-0.0371 (folds: -0.2951, -0.0840, 0.2251, -0.0473, 0.0155)
    [trial 8] 14 features, training_days=440 | threshold=0.653 | labels: 988 long, 1202 short (45/55%)
    [trial 8] Sharpe=-2.0719 (folds: -0.0078, -0.1350, -0.2123, -0.0043, -10.0000)
    [trial 9] 14 features, training_days=360 | threshold=0.728 | labels: 988 long, 1202 short (45/55%)
    [trial 9] Sharpe=-0.0120 (folds: -0.2559, -0.4433, 0.0319, 0.4133, 0.1938)
  Optuna: 10 trials, best Sharpe = -0.0120
  Best params: n_estimators=75, max_depth=5, lr=0.0142, leaves=41
  Best confidence_threshold: 0.728
  Best training_days: 360
  Retrained on full data (1080 samples, 14 features)
  Model trained for 2023-01: 93 test candles with features, confidence_threshold=0.728
[predict] 2023-01-12 00:00 BCHUSDT → SHORT (proba=0.73 TP=5.4%/SL=2.7%)
[trade:open] 2023-01-12 07:59 BCHUSDT SHORT @ 109.70 | SL=112.65 TP=103.79 | timeout=2023-01-19 07:59
[trade:close] 2023-01-12 15:59 BCHUSDT SHORT → stop_loss @ 112.65 | PnL=-2.69% (net -2.79%) | cum=+39.57% 2023-01=-2.79% 2023-01-12=-2.79%
[predict] 2023-01-14 08:00 BCHUSDT → SHORT (proba=0.78 TP=9.0%/SL=4.5%)
[trade:open] 2023-01-14 15:59 BCHUSDT SHORT @ 125.29 | SL=130.95 TP=113.97 | timeout=2023-01-21 15:59
[trade:close] 2023-01-21 16:00 BCHUSDT SHORT → timeout @ 128.37 | PnL=-2.46% (net -2.56%) | cum=+37.01% 2023-01=-5.35% 2023-01-21=-2.56%
[predict] 2023-01-23 00:00 BCHUSDT → SHORT (proba=0.84 TP=9.1%/SL=4.5%)
[trade:open] 2023-01-23 07:59 BCHUSDT SHORT @ 131.44 | SL=137.41 TP=119.51 | timeout=2023-01-30 07:59
[trade:close] 2023-01-23 15:59 BCHUSDT SHORT → stop_loss @ 137.41 | PnL=-4.54% (net -4.64%) | cum=+32.37% 2023-01=-9.99% 2023-01-23=-4.64%
[predict] 2023-01-25 00:00 BCHUSDT → SHORT (proba=0.85 TP=9.8%/SL=4.9%)
[trade:open] 2023-01-25 07:59 BCHUSDT SHORT @ 129.57 | SL=135.92 TP=116.87 | timeout=2023-02-01 07:59
[trade:close] 2023-01-27 23:59 BCHUSDT SHORT → stop_loss @ 135.92 | PnL=-4.90% (net -5.00%) | cum=+27.37% 2023-01=-14.99% 2023-01-27=-5.00%
[predict] 2023-01-29 08:00 BCHUSDT → SHORT (proba=0.79 TP=8.5%/SL=4.2%)
[trade:open] 2023-01-29 15:59 BCHUSDT SHORT @ 137.12 | SL=142.91 TP=125.53 | timeout=2023-02-05 15:59
[lgbm] === Training for 2023-02 ===
  Train window: 2021-02-01 → 2023-02-01
  2190 training samples from 1 symbols
  Samples per month: 2021-02: 84, 2021-03: 93, 2021-04: 90, 2021-05: 93, 2021-06: 90, 2021-07: 93, 2021-08: 93, 2021-09: 90, 2021-10: 93, 2021-11: 90, 2021-12: 93, 2022-01: 93, 2022-02: 84, 2022-03: 93, 2022-04: 90, 2022-05: 93, 2022-06: 90, 2022-07: 93, 2022-08: 93, 2022-09: 90, 2022-10: 93, 2022-11: 90, 2022-12: 93, 2023-01: 93
  [label] 2021-04-04 08:00 BCHUSDT entry=553.2600 → LONG | long=tp(+11.83%) short=sl(-6.06%) | scanned=3 | long_tp_only
  [label] 2021-04-06 08:00 BCHUSDT entry=637.7800 → SHORT | long=sl(-6.29%) short=sl(-6.29%) | scanned=3 | no_tp→fwd_return=-1.8925
  [label] 2021-04-10 08:00 BCHUSDT entry=676.8900 → LONG | long=tp(+12.59%) short=sl(-6.45%) | scanned=11 | long_tp_only
  [label] 2021-05-05 08:00 BCHUSDT entry=1291.5800 → LONG | long=tp(+16.05%) short=sl(-8.18%) | scanned=4 | long_tp_only
  [label] 2021-06-27 08:00 BCHUSDT entry=456.4000 → LONG | long=tp(+18.13%) short=sl(-9.21%) | scanned=6 | long_tp_only
  [label] 2021-12-11 16:00 BCHUSDT entry=459.2200 → SHORT | long=sl(-7.56%) short=timeout(+5.07%) | scanned=22 | no_tp→fwd_return=-5.1718
  [label] 2021-12-16 00:00 BCHUSDT entry=443.9000 → SHORT | long=timeout(-1.92%) short=timeout(+1.72%) | scanned=22 | no_tp→fwd_return=-1.8225
  [label] 2021-12-26 16:00 BCHUSDT entry=451.2800 → SHORT | long=sl(-4.09%) short=sl(-4.09%) | scanned=8 | no_tp→fwd_return=-2.5173
  [label] 2022-02-10 00:00 BCHUSDT entry=345.7100 → SHORT | long=sl(-5.18%) short=timeout(+3.84%) | scanned=22 | no_tp→fwd_return=-3.9397
  [label] 2022-02-18 16:00 BCHUSDT entry=309.8800 → SHORT | long=sl(-5.49%) short=tp(+10.67%) | scanned=10 | short_tp_only
  [label] 2022-05-21 00:00 BCHUSDT entry=192.7500 → SHORT | long=sl(-11.05%) short=timeout(+8.40%) | scanned=22 | no_tp→fwd_return=-8.5032
  [label] 2022-06-22 00:00 BCHUSDT entry=112.9300 → SHORT | long=timeout(-8.89%) short=timeout(+8.69%) | scanned=22 | no_tp→fwd_return=-8.7931
  [label] 2022-07-08 08:00 BCHUSDT entry=109.5500 → SHORT | long=sl(-6.14%) short=tp(+11.97%) | scanned=14 | short_tp_only
  [label] 2022-07-21 08:00 BCHUSDT entry=122.0100 → SHORT | long=sl(-6.27%) short=sl(-6.27%) | scanned=14 | no_tp→fwd_return=-5.5815
  [label] 2022-08-09 00:00 BCHUSDT entry=143.4200 → SHORT | long=sl(-5.58%) short=timeout(+4.71%) | scanned=22 | no_tp→fwd_return=-4.8110
  [label] 2022-08-15 08:00 BCHUSDT entry=137.2200 → SHORT | long=sl(-5.63%) short=sl(-5.63%) | scanned=10 | no_tp→fwd_return=-6.0122
  [label] 2022-08-27 16:00 BCHUSDT entry=115.1200 → LONG | long=timeout(+2.15%) short=timeout(-2.35%) | scanned=22 | no_tp→fwd_return=+2.2498
  [label] 2022-10-06 16:00 BCHUSDT entry=118.2500 → SHORT | long=sl(-4.22%) short=tp(+8.14%) | scanned=19 | short_tp_only
  [label] 2022-10-16 16:00 BCHUSDT entry=110.2100 → LONG | long=sl(-3.71%) short=timeout(-0.58%) | scanned=22 | no_tp→fwd_return=+0.4809
  [label] 2023-01-11 08:00 BCHUSDT entry=105.8900 → LONG | long=tp(+5.06%) short=sl(-2.68%) | scanned=2 | long_tp_only
  Labels: 1023 long (46.7%), 1167 short (53.3%) | weights: min=1.00, mean=3.16, max=10.00
  Features: 2190/2190 matched, 14 columns
  CV gap: 22 rows
    [trial 0] 14 features, training_days=230 | threshold=0.779 | labels: 1023 long, 1167 short (47/53%)
    [CV fold 0] train_end=2021-05-26 00:00 | val_start=2021-06-02 16:00 | gap=184h (22 rows)
    [CV fold 1] train_end=2021-09-24 16:00 | val_start=2021-10-02 08:00 | gap=184h (22 rows)
    [CV fold 2] train_end=2022-01-24 08:00 | val_start=2022-02-01 00:00 | gap=184h (22 rows)
    [CV fold 3] train_end=2022-05-26 00:00 | val_start=2022-06-02 16:00 | gap=184h (22 rows)
    [CV fold 4] train_end=2022-09-24 16:00 | val_start=2022-10-02 08:00 | gap=184h (22 rows)
    [trial 0] Sharpe=-0.0092 (folds: 0.0328, 0.0335, -0.0727, 0.0596, -0.0993)
    [trial 1] 14 features, training_days=410 | threshold=0.693 | labels: 1023 long, 1167 short (47/53%)
    [trial 1] Sharpe=-0.0921 (folds: -0.1822, 0.0625, -0.2468, -0.0425, -0.0515)
    [trial 2] 14 features, training_days=270 | threshold=0.546 | labels: 1023 long, 1167 short (47/53%)
    [trial 2] Sharpe=-0.1073 (folds: -0.1094, -0.1087, -0.2905, 0.0784, -0.1066)
    [trial 3] 14 features, training_days=270 | threshold=0.600 | labels: 1023 long, 1167 short (47/53%)
    [trial 3] Sharpe=-0.0288 (folds: -0.0675, 0.0333, -0.1368, 0.1051, -0.0782)
    [trial 4] 14 features, training_days=390 | threshold=0.764 | labels: 1023 long, 1167 short (47/53%)
    [trial 4] Sharpe=-0.0942 (folds: -0.0203, -0.0701, -0.1675, 0.0713, -0.2846)[I 2026-05-06 02:20:54,133] Trial 4 finished with value: -0.09423529540658068 and parameters: {'confidence_threshold': 0.7642618789055509, 'training_days': 390, 'n_estimators': 464, 'max_depth': 5, 'num_leaves': 30, 'learning_rate': 0.024562383309704932, 'subsample': 0.8612975035964376, 'min_child_samples': 36, 'reg_alpha': 1.593999300080167, 'reg_lambda': 0.006081270362829788}. Best is trial 0 with value: -0.009215127082820797.
[I 2026-05-06 02:20:54,269] Trial 5 finished with value: 0.1000867493631458 and parameters: {'confidence_threshold': 0.6029115860358569, 'training_days': 60, 'n_estimators': 441, 'max_depth': 3, 'num_leaves': 66, 'learning_rate': 0.044953114425778824, 'subsample': 0.7098948461279406, 'min_child_samples': 15, 'reg_alpha': 4.888753565548431e-07, 'reg_lambda': 4.198190642566389}. Best is trial 5 with value: 0.1000867493631458.
[I 2026-05-06 02:20:54,509] Trial 6 finished with value: -0.1195446166652627 and parameters: {'confidence_threshold': 0.7376932868314098, 'training_days': 290, 'n_estimators': 249, 'max_depth': 5, 'num_leaves': 121, 'learning_rate': 0.015565840632862623, 'subsample': 0.8390183783709677, 'min_child_samples': 19, 'reg_alpha': 1.860444687368747e-08, 'reg_lambda': 2.7391483548058117e-06}. Best is trial 5 with value: 0.1000867493631458.
[I 2026-05-06 02:20:54,541] Trial 7 finished with value: 0.04069220408277575 and parameters: {'confidence_threshold': 0.563503962036334, 'training_days': 70, 'n_estimators': 63, 'max_depth': 3, 'num_leaves': 47, 'learning_rate': 0.18074927623018475, 'subsample': 0.5059692991701257, 'min_child_samples': 9, 'reg_alpha': 3.6945804405602874e-08, 'reg_lambda': 0.027706035542028905}. Best is trial 5 with value: 0.1000867493631458.
[I 2026-05-06 02:20:54,623] Trial 8 finished with value: -0.12788978143729993 and parameters: {'confidence_threshold': 0.6525471176758836, 'training_days': 440, 'n_estimators': 116, 'max_depth': 4, 'num_leaves': 115, 'learning_rate': 0.010229952960863938, 'subsample': 0.5062159465415076, 'min_child_samples': 54, 'reg_alpha': 6.790626457822126e-06, 'reg_lambda': 1.7869141074987722e-05}. Best is trial 5 with value: 0.1000867493631458.
[I 2026-05-06 02:20:54,700] Trial 9 finished with value: -0.5586277986693573 and parameters: {'confidence_threshold': 0.7277571993354469, 'training_days': 360, 'n_estimators': 75, 'max_depth': 5, 'num_leaves': 41, 'learning_rate': 0.014186743931212992, 'subsample': 0.7445187273047605, 'min_child_samples': 22, 'reg_alpha': 0.02393227447113315, 'reg_lambda': 0.009236766173618426}. Best is trial 5 with value: 0.1000867493631458.
[I 2026-05-06 02:20:54,901] A new study created in memory with name: no-name-8c519579-e269-4db7-9ac2-7f0d2f3adf12
[I 2026-05-06 02:20:55,156] Trial 0 finished with value: -0.12312472584010817 and parameters: {'confidence_threshold': 0.7790993046299082, 'training_days': 230, 'n_estimators': 295, 'max_depth': 5, 'num_leaves': 83, 'learning_rate': 0.051543455158230854, 'subsample': 0.8773243492079463, 'min_child_samples': 10, 'reg_alpha': 0.034096514368237685, 'reg_lambda': 3.154180388637081e-05}. Best is trial 0 with value: -0.12312472584010817.
[I 2026-05-06 02:20:55,286] Trial 1 finished with value: -0.15911068284670893 and parameters: {'confidence_threshold': 0.6929247853618086, 'training_days': 410, 'n_estimators': 233, 'max_depth': 5, 'num_leaves': 108, 'learning_rate': 0.013724237108071606, 'subsample': 0.7013182233636002, 'min_child_samples': 94, 'reg_alpha': 2.4040959529260723e-06, 'reg_lambda': 5.320966582161148}. Best is trial 0 with value: -0.12312472584010817.
[I 2026-05-06 02:20:55,344] Trial 2 finished with value: -0.1451542904004685 and parameters: {'confidence_threshold': 0.546341527225763, 'training_days': 270, 'n_estimators': 120, 'max_depth': 4, 'num_leaves': 53, 'learning_rate': 0.060197068579343475, 'subsample': 0.588227873455941, 'min_child_samples': 91, 'reg_alpha': 2.3457771824819002e-08, 'reg_lambda': 1.1358840775642732e-08}. Best is trial 0 with value: -0.12312472584010817.
[I 2026-05-06 02:20:55,518] Trial 3 finished with value: -0.1665883057736846 and parameters: {'confidence_threshold': 0.6000319676300473, 'training_days': 270, 'n_estimators': 382, 'max_depth': 4, 'num_leaves': 44, 'learning_rate': 0.09185046765032388, 'subsample': 0.6743651508646724, 'min_child_samples': 77, 'reg_alpha': 0.0013974578104212739, 'reg_lambda': 8.97190257982477e-08}. Best is trial 0 with value: -0.12312472584010817.
[I 2026-05-06 02:20:55,837] Trial 4 finished with value: -0.1964965839747898 and parameters: {'confidence_threshold': 0.7642618789055509, 'training_days': 390, 'n_estimators': 464, 'max_depth': 5, 'num_leaves': 30, 'learning_rate': 0.024562383309704932, 'subsample': 0.8612975035964376, 'min_child_samples': 36, 'reg_alpha': 1.593999300080167, 'reg_lambda': 0.006081270362829788}. Best is trial 0 with value: -0.12312472584010817.
[I 2026-05-06 02:20:55,967] Trial 5 finished with value: -0.028887671485819572 and parameters: {'confidence_threshold': 0.6029115860358569, 'training_days': 60, 'n_estimators': 441, 'max_depth': 3, 'num_leaves': 66, 'learning_rate': 0.044953114425778824, 'subsample': 0.7098948461279406, 'min_child_samples': 15, 'reg_alpha': 4.888753565548431e-07, 'reg_lambda': 4.198190642566389}. Best is trial 5 with value: -0.028887671485819572.
