[I 2026-05-06 02:21:22,655] Trial 5 finished with value: 0.004972433362218765 and parameters: {'confidence_threshold': 0.6029115860358569, 'training_days': 60, 'n_estimators': 441, 'max_depth': 3, 'num_leaves': 66, 'learning_rate': 0.044953114425778824, 'subsample': 0.7098948461279406, 'min_child_samples': 15, 'reg_alpha': 4.888753565548431e-07, 'reg_lambda': 4.198190642566389}. Best is trial 5 with value: 0.004972433362218765.

  [label] 2024-04-10 08:00 BCHUSDT entry=611.5500 → SHORT | long=sl(-8.60%) short=tp(+16.90%) | scanned=7 | short_tp_only
  Labels: 1037 long (47.3%), 1156 short (52.7%) | weights: min=1.00, mean=3.20, max=10.00
  Features: 2193/2193 matched, 14 columns
  CV gap: 22 rows
    [trial 0] 14 features, training_days=230 | threshold=0.779 | labels: 1037 long, 1156 short (47/53%)
    [CV fold 0] train_end=2022-08-24 00:00 | val_start=2022-08-31 16:00 | gap=184h (22 rows)
    [CV fold 1] train_end=2022-12-23 16:00 | val_start=2022-12-31 08:00 | gap=184h (22 rows)
    [CV fold 2] train_end=2023-04-24 08:00 | val_start=2023-05-02 00:00 | gap=184h (22 rows)
    [CV fold 3] train_end=2023-08-24 00:00 | val_start=2023-08-31 16:00 | gap=184h (22 rows)
    [CV fold 4] train_end=2023-12-23 16:00 | val_start=2023-12-31 08:00 | gap=184h (22 rows)
    [trial 0] Sharpe=-0.0971 (folds: -0.0680, 0.0034, -0.0589, -0.2715, -0.0903)
    [trial 1] 14 features, training_days=410 | threshold=0.693 | labels: 1037 long, 1156 short (47/53%)
    [trial 1] Sharpe=-0.0966 (folds: -0.2922, -0.0153, -0.2156, 0.0098, 0.0305)
    [trial 2] 14 features, training_days=270 | threshold=0.546 | labels: 1037 long, 1156 short (47/53%)
    [trial 2] Sharpe=0.0331 (folds: -0.1905, 0.0363, 0.3767, -0.1141, 0.0571)
    [trial 3] 14 features, training_days=270 | threshold=0.600 | labels: 1037 long, 1156 short (47/53%)
    [trial 3] Sharpe=-0.0449 (folds: -0.0687, 0.0414, 0.0952, -0.3043, 0.0118)
    [trial 4] 14 features, training_days=390 | threshold=0.764 | labels: 1037 long, 1156 short (47/53%)
    [trial 4] Sharpe=-0.0887 (folds: -0.2868, 0.0433, -0.2594, -0.1645, 0.2239)
    [trial 5] 14 features, training_days=60 | threshold=0.603 | labels: 1037 long, 1156 short (47/53%)
    [trial 5] Sharpe=0.0055 (folds: -0.0181, 0.0202, 0.1605, -0.1442, 0.0091)
    [trial 6] 14 features, training_days=290 | threshold=0.738 | labels: 1037 long, 1156 short (47/53%)
    [trial 6] Sharpe=-0.0870 (folds: -0.3594, 0.0332, 0.0997, -0.2946, 0.0863)
    [trial 7] 14 features, training_days=70 | threshold=0.564 | labels: 1037 long, 1156 short (47/53%)
    [trial 7] Sharpe=-0.0564 (folds: -0.1105, -0.0849, 0.0000, -0.0934, 0.0066)
    [trial 8] 14 features, training_days=440 | threshold=0.653 | labels: 1037 long, 1156 short (47/53%)
    [trial 8] Sharpe=-0.2698 (folds: -0.3493, -0.1812, -0.2314, -0.3743, -0.2129)
    [trial 9] 14 features, training_days=360 | threshold=0.728 | labels: 1037 long, 1156 short (47/53%)
    [trial 9] Sharpe=-2.0652 (folds: -0.6439, -0.0090, 0.4616, -0.1347, -10.0000)
  Optuna: 10 trials, best Sharpe = 0.0331
  Best params: n_estimators=120, max_depth=4, lr=0.0602, leaves=53
  Best confidence_threshold: 0.546
  Best training_days: 270
  Retrained on full data (810 samples, 14 features)
  Model trained for 2024-05: 93 test candles with features, confidence_threshold=0.546
[predict] 2024-05-23 16:00 BCHUSDT → SHORT (proba=0.89 TP=10.3%/SL=5.2%)
[trade:open] 2024-05-23 23:59 BCHUSDT SHORT @ 490.80 | SL=516.10 TP=440.20 | timeout=2024-05-30 23:59
[trade:close] 2024-05-31 00:00 BCHUSDT SHORT → timeout @ 464.82 | PnL=+5.29% (net +5.19%) | cum=+26.73% 2024-05=+5.19% 2024-05-31=+5.19%
[lgbm] === Training for 2024-06 ===
  Train window: 2022-06-01 → 2024-06-01
  2193 training samples from 1 symbols
  Samples per month: 2022-06: 90, 2022-07: 93, 2022-08: 93, 2022-09: 90, 2022-10: 93, 2022-11: 90, 2022-12: 93, 2023-01: 93, 2023-02: 84, 2023-03: 93, 2023-04: 90, 2023-05: 93, 2023-06: 90, 2023-07: 93, 2023-08: 93, 2023-09: 90, 2023-10: 93, 2023-11: 90, 2023-12: 93, 2024-01: 93, 2024-02: 87, 2024-03: 93, 2024-04: 90, 2024-05: 93
  [label] 2022-08-02 08:00 BCHUSDT entry=134.6500 → LONG | long=timeout(+0.32%) short=sl(-7.91%) | scanned=22 | no_tp→fwd_return=+0.4233
  [label] 2022-08-04 16:00 BCHUSDT entry=134.1500 → LONG | long=timeout(+6.36%) short=sl(-7.45%) | scanned=22 | no_tp→fwd_return=+6.4555
  [label] 2022-08-08 08:00 BCHUSDT entry=144.0400 → SHORT | long=sl(-5.80%) short=timeout(+4.63%) | scanned=22 | no_tp→fwd_return=-4.7348
  [label] 2022-09-02 08:00 BCHUSDT entry=119.3500 → SHORT | long=sl(-5.51%) short=sl(-5.51%) | scanned=13 | no_tp→fwd_return=-6.0997
  [label] 2022-10-25 08:00 BCHUSDT entry=111.3100 → LONG | long=tp(+6.18%) short=sl(-3.24%) | scanned=12 | long_tp_only
  [label] 2023-04-11 08:00 BCHUSDT entry=128.7100 → LONG | long=timeout(+2.93%) short=sl(-3.12%) | scanned=22 | no_tp→fwd_return=+3.0301
  [label] 2023-04-15 08:00 BCHUSDT entry=132.0500 → SHORT | long=sl(-3.10%) short=sl(-3.10%) | scanned=12 | no_tp→fwd_return=-3.7713
  [label] 2023-04-26 00:00 BCHUSDT entry=118.9700 → SHORT | long=sl(-3.56%) short=sl(-3.56%) | scanned=2 | no_tp→fwd_return=-1.3617
  [label] 2023-06-10 08:00 BCHUSDT entry=101.2600 → LONG | long=timeout(+4.97%) short=sl(-4.30%) | scanned=22 | no_tp→fwd_return=+5.0662
  [label] 2023-06-19 00:00 BCHUSDT entry=106.8000 → LONG | long=tp(+6.58%) short=sl(-3.44%) | scanned=6 | long_tp_only
  [label] 2023-09-18 16:00 BCHUSDT entry=217.0300 → SHORT | long=sl(-4.97%) short=timeout(+2.98%) | scanned=22 | no_tp→fwd_return=-3.0825
  [label] 2023-10-20 16:00 BCHUSDT entry=240.2500 → LONG | long=tp(+8.44%) short=sl(-4.37%) | scanned=9 | long_tp_only
  [label] 2023-11-06 00:00 BCHUSDT entry=237.4600 → LONG | long=tp(+8.49%) short=sl(-4.40%) | scanned=10 | long_tp_only
  [label] 2023-11-19 00:00 BCHUSDT entry=228.7000 → LONG | long=sl(-4.76%) short=timeout(-0.33%) | scanned=22 | no_tp→fwd_return=+0.2274
  [label] 2023-12-07 16:00 BCHUSDT entry=247.0200 → SHORT | long=sl(-4.54%) short=sl(-4.54%) | scanned=10 | no_tp→fwd_return=-5.9388
  [label] 2023-12-14 00:00 BCHUSDT entry=234.2100 → SHORT | long=sl(-5.14%) short=timeout(+1.42%) | scanned=22 | no_tp→fwd_return=-1.5200
  [label] 2023-12-26 08:00 BCHUSDT entry=229.0600 → LONG | long=sl(-3.83%) short=sl(-3.83%) | scanned=2 | no_tp→fwd_return=+4.3002
  [label] 2024-02-04 08:00 BCHUSDT entry=236.7800 → LONG | long=tp(+6.43%) short=sl(-3.37%) | scanned=15 | long_tp_only
  [label] 2024-02-14 08:00 BCHUSDT entry=277.2100 → SHORT | long=sl(-4.72%) short=tp(+9.15%) | scanned=18 | short_tp_only
  [label] 2024-05-11 08:00 BCHUSDT entry=431.0400 → LONG | long=tp(+10.83%) short=sl(-5.57%) | scanned=18 | long_tp_only
  Labels: 1063 long (48.5%), 1130 short (51.5%) | weights: min=1.00, mean=3.80, max=10.00
  Features: 2193/2193 matched, 14 columns
  CV gap: 22 rows
    [trial 0] 14 features, training_days=230 | threshold=0.779 | labels: 1063 long, 1130 short (48/52%)
    [CV fold 0] train_end=2022-09-24 00:00 | val_start=2022-10-01 16:00 | gap=184h (22 rows)
    [CV fold 1] train_end=2023-01-23 16:00 | val_start=2023-01-31 08:00 | gap=184h (22 rows)
    [CV fold 2] train_end=2023-05-25 08:00 | val_start=2023-06-02 00:00 | gap=184h (22 rows)
    [CV fold 3] train_end=2023-09-24 00:00 | val_start=2023-10-01 16:00 | gap=184h (22 rows)
    [CV fold 4] train_end=2024-01-23 16:00 | val_start=2024-01-31 08:00 | gap=184h (22 rows)
    [trial 0] Sharpe=-0.0078 (folds: -0.2087, 0.1359, 0.0036, 0.1283, -0.0983)
    [trial 1] 14 features, training_days=410 | threshold=0.693 | labels: 1063 long, 1130 short (48/52%)
    [trial 1] Sharpe=0.0043 (folds: -0.3295, -0.0876, 0.0727, 0.2755, 0.0907)
    [trial 2] 14 features, training_days=270 | threshold=0.546 | labels: 1063 long, 1130 short (48/52%)
    [trial 2] Sharpe=-0.0388 (folds: -0.3521, -0.0277, 0.0513, 0.1751, -0.0408)
    [trial 3] 14 features, training_days=270 | threshold=0.600 | labels: 1063 long, 1130 short (48/52%)
    [trial 3] Sharpe=-0.0867 (folds: -0.3184, -0.0485, -0.0140, 0.0168, -0.0693)
    [trial 4] 14 features, training_days=390 | threshold=0.764 | labels: 1063 long, 1130 short (48/52%)
    [trial 4] Sharpe=-0.0981 (folds: -0.3452, -0.0011, -0.1280, -0.0339, 0.0178)
    [trial 5] 14 features, training_days=60 | threshold=0.603 | labels: 1063 long, 1130 short (48/52%)
    [trial 5] Sharpe=0.0050 (folds: 0.0281, -0.1367, -0.1369, 0.1843, 0.0861)
    [trial 6] 14 features, training_days=290 | threshold=0.738 | labels: 1063 long, 1130 short (48/52%)
    [trial 6] Sharpe=0.0720 (folds: -0.3298, 0.1273, 0.3559, 0.1394, 0.0674)[I 2026-05-06 02:21:22,860] Trial 6 finished with value: 0.07202505954081849 and parameters: {'confidence_threshold': 0.7376932868314098, 'training_days': 290, 'n_estimators': 249, 'max_depth': 5, 'num_leaves': 121, 'learning_rate': 0.015565840632862623, 'subsample': 0.8390183783709677, 'min_child_samples': 19, 'reg_alpha': 1.860444687368747e-08, 'reg_lambda': 2.7391483548058117e-06}. Best is trial 6 with value: 0.07202505954081849.
[I 2026-05-06 02:21:22,896] Trial 7 finished with value: 0.02366096495662389 and parameters: {'confidence_threshold': 0.563503962036334, 'training_days': 70, 'n_estimators': 63, 'max_depth': 3, 'num_leaves': 47, 'learning_rate': 0.18074927623018475, 'subsample': 0.5059692991701257, 'min_child_samples': 9, 'reg_alpha': 3.6945804405602874e-08, 'reg_lambda': 0.027706035542028905}. Best is trial 6 with value: 0.07202505954081849.
[I 2026-05-06 02:21:22,969] Trial 8 finished with value: -0.17815215576027388 and parameters: {'confidence_threshold': 0.6525471176758836, 'training_days': 440, 'n_estimators': 116, 'max_depth': 4, 'num_leaves': 115, 'learning_rate': 0.010229952960863938, 'subsample': 0.5062159465415076, 'min_child_samples': 54, 'reg_alpha': 6.790626457822126e-06, 'reg_lambda': 1.7869141074987722e-05}. Best is trial 6 with value: 0.07202505954081849.
[I 2026-05-06 02:21:23,042] Trial 9 finished with value: -2.1032244999909144 and parameters: {'confidence_threshold': 0.7277571993354469, 'training_days': 360, 'n_estimators': 75, 'max_depth': 5, 'num_leaves': 41, 'learning_rate': 0.014186743931212992, 'subsample': 0.7445187273047605, 'min_child_samples': 22, 'reg_alpha': 0.02393227447113315, 'reg_lambda': 0.009236766173618426}. Best is trial 6 with value: 0.07202505954081849.
[I 2026-05-06 02:21:23,303] A new study created in memory with name: no-name-146abeca-f1ad-4f5c-a220-fcf0e595c3ce
[I 2026-05-06 02:21:23,579] Trial 0 finished with value: -0.010895281271906723 and parameters: {'confidence_threshold': 0.7790993046299082, 'training_days': 230, 'n_estimators': 295, 'max_depth': 5, 'num_leaves': 83, 'learning_rate': 0.051543455158230854, 'subsample': 0.8773243492079463, 'min_child_samples': 10, 'reg_alpha': 0.034096514368237685, 'reg_lambda': 3.154180388637081e-05}. Best is trial 0 with value: -0.010895281271906723.
[I 2026-05-06 02:21:23,726] Trial 1 finished with value: -0.13926223322500283 and parameters: {'confidence_threshold': 0.6929247853618086, 'training_days': 410, 'n_estimators': 233, 'max_depth': 5, 'num_leaves': 108, 'learning_rate': 0.013724237108071606, 'subsample': 0.7013182233636002, 'min_child_samples': 94, 'reg_alpha': 2.4040959529260723e-06, 'reg_lambda': 5.320966582161148}. Best is trial 0 with value: -0.010895281271906723.
[I 2026-05-06 02:21:23,801] Trial 2 finished with value: 0.03402334228090252 and parameters: {'confidence_threshold': 0.546341527225763, 'training_days': 270, 'n_estimators': 120, 'max_depth': 4, 'num_leaves': 53, 'learning_rate': 0.060197068579343475, 'subsample': 0.588227873455941, 'min_child_samples': 91, 'reg_alpha': 2.3457771824819002e-08, 'reg_lambda': 1.1358840775642732e-08}. Best is trial 2 with value: 0.03402334228090252.
[I 2026-05-06 02:21:23,975] Trial 3 finished with value: -0.005610548115583253 and parameters: {'confidence_threshold': 0.6000319676300473, 'training_days': 270, 'n_estimators': 382, 'max_depth': 4, 'num_leaves': 44, 'learning_rate': 0.09185046765032388, 'subsample': 0.6743651508646724, 'min_child_samples': 77, 'reg_alpha': 0.0013974578104212739, 'reg_lambda': 8.97190257982477e-08}. Best is trial 2 with value: 0.03402334228090252.
[I 2026-05-06 02:21:24,306] Trial 4 finished with value: -0.010157031750842194 and parameters: {'confidence_threshold': 0.7642618789055509, 'training_days': 390, 'n_estimators': 464, 'max_depth': 5, 'num_leaves': 30, 'learning_rate': 0.024562383309704932, 'subsample': 0.8612975035964376, 'min_child_samples': 36, 'reg_alpha': 1.593999300080167, 'reg_lambda': 0.006081270362829788}. Best is trial 2 with value: 0.03402334228090252.
[I 2026-05-06 02:21:24,442] Trial 5 finished with value: 0.03074204579672124 and parameters: {'confidence_threshold': 0.6029115860358569, 'training_days': 60, 'n_estimators': 441, 'max_depth': 3, 'num_leaves': 66, 'learning_rate': 0.044953114425778824, 'subsample': 0.7098948461279406, 'min_child_samples': 15, 'reg_alpha': 4.888753565548431e-07, 'reg_lambda': 4.198190642566389}. Best is trial 2 with value: 0.03402334228090252.
[I 2026-05-06 02:21:24,659] Trial 6 finished with value: -0.00038420491685263735 and parameters: {'confidence_threshold': 0.7376932868314098, 'training_days': 290, 'n_estimators': 249, 'max_depth': 5, 'num_leaves': 121, 'learning_rate': 0.015565840632862623, 'subsample': 0.8390183783709677, 'min_child_samples': 19, 'reg_alpha': 1.860444687368747e-08, 'reg_lambda': 2.7391483548058117e-06}. Best is trial 2 with value: 0.03402334228090252.
[I 2026-05-06 02:21:24,698] Trial 7 finished with value: 0.010965939479945822 and parameters: {'confidence_threshold': 0.563503962036334, 'training_days': 70, 'n_estimators': 63, 'max_depth': 3, 'num_leaves': 47, 'learning_rate': 0.18074927623018475, 'subsample': 0.5059692991701257, 'min_child_samples': 9, 'reg_alpha': 3.6945804405602874e-08, 'reg_lambda': 0.027706035542028905}. Best is trial 2 with value: 0.03402334228090252.
[I 2026-05-06 02:21:24,770] Trial 8 finished with value: -0.018695935092095446 and parameters: {'confidence_threshold': 0.6525471176758836, 'training_days': 440, 'n_estimators': 116, 'max_depth': 4, 'num_leaves': 115, 'learning_rate': 0.010229952960863938, 'subsample': 0.5062159465415076, 'min_child_samples': 54, 'reg_alpha': 6.790626457822126e-06, 'reg_lambda': 1.7869141074987722e-05}. Best is trial 2 with value: 0.03402334228090252.
