[I 2026-05-06 02:22:36,145] Trial 9 finished with value: 0.1744848377447895 and parameters: {'confidence_threshold': 0.7277571993354469, 'training_days': 360, 'n_estimators': 75, 'max_depth': 5, 'num_leaves': 41, 'learning_rate': 0.014186743931212992, 'subsample': 0.7445187273047605, 'min_child_samples': 22, 'reg_alpha': 0.02393227447113315, 'reg_lambda': 0.009236766173618426}. Best is trial 9 with value: 0.1744848377447895.

    [trial 6] Sharpe=0.0056 (folds: -0.1248, 0.0958, 0.0133, -0.1716, 0.2151)
    [trial 7] 14 features, training_days=70 | threshold=0.564 | labels: 962 long, 1213 short (44/56%)
    [trial 7] Sharpe=-0.0413 (folds: -0.1953, 0.0427, -0.0247, -0.0917, 0.0628)
    [trial 8] 14 features, training_days=440 | threshold=0.653 | labels: 962 long, 1213 short (44/56%)
    [trial 8] Sharpe=0.0124 (folds: -0.0498, -0.0546, 0.1121, -0.4513, 0.5055)
    [trial 9] 14 features, training_days=360 | threshold=0.728 | labels: 962 long, 1213 short (44/56%)
    [trial 9] Sharpe=0.0387 (folds: -0.0401, 0.1558, 0.1931, -0.3939, 0.2788)
  Optuna: 10 trials, best Sharpe = 0.0913
  Best params: n_estimators=464, max_depth=5, lr=0.0246, leaves=30
  Best confidence_threshold: 0.764
  Best training_days: 390
  Retrained on full data (1170 samples, 14 features)
  Model trained for 2023-09: 90 test candles with features, confidence_threshold=0.764
[trade:close] 2023-09-01 23:59 MKRUSDT LONG → stop_loss @ 1092.98 | PnL=-5.30% (net -5.40%) | cum=-22.78% 2023-09=-5.40% 2023-09-01=-5.40%
[predict] 2023-09-20 16:00 MKRUSDT → SHORT (proba=0.99 TP=7.5%/SL=3.8%)
[trade:open] 2023-09-20 23:59 MKRUSDT SHORT @ 1346.70 | SL=1397.38 TP=1245.33 | timeout=2023-09-27 23:59
[trade:close] 2023-09-26 23:59 MKRUSDT SHORT → stop_loss @ 1397.38 | PnL=-3.76% (net -3.86%) | cum=-26.65% 2023-09=-9.27% 2023-09-26=-3.86%
[predict] 2023-09-28 08:00 MKRUSDT → SHORT (proba=0.96 TP=7.9%/SL=4.0%)
[trade:open] 2023-09-28 15:59 MKRUSDT SHORT @ 1513.80 | SL=1573.89 TP=1393.62 | timeout=2023-10-05 15:59
[trade:close] 2023-09-29 07:59 MKRUSDT SHORT → stop_loss @ 1573.89 | PnL=-3.97% (net -4.07%) | cum=-30.71% 2023-09=-13.34% 2023-09-29=-4.07%
[predict] 2023-09-30 16:00 MKRUSDT → SHORT (proba=0.98 TP=8.6%/SL=4.3%)
[trade:open] 2023-09-30 23:59 MKRUSDT SHORT @ 1532.70 | SL=1598.80 TP=1400.49 | timeout=2023-10-07 23:59
[lgbm] === Training for 2023-10 ===
  Train window: 2021-10-01 → 2023-10-01
  2175 training samples from 1 symbols
  Samples per month: 2021-10: 93, 2021-11: 90, 2021-12: 93, 2022-01: 93, 2022-02: 75, 2022-03: 93, 2022-04: 84, 2022-05: 93, 2022-06: 90, 2022-07: 93, 2022-08: 93, 2022-09: 90, 2022-10: 93, 2022-11: 90, 2022-12: 93, 2023-01: 93, 2023-02: 84, 2023-03: 93, 2023-04: 90, 2023-05: 93, 2023-06: 90, 2023-07: 93, 2023-08: 93, 2023-09: 90
  [label] 2021-12-01 16:00 MKRUSDT entry=2976.3000 → SHORT | long=sl(-7.13%) short=tp(+13.97%) | scanned=7 | short_tp_only
  [label] 2021-12-04 00:00 MKRUSDT entry=2515.0000 → SHORT | long=sl(-8.93%) short=sl(-8.93%) | scanned=21 | no_tp→fwd_return=-5.0258
  [label] 2021-12-07 16:00 MKRUSDT entry=2613.2000 → SHORT | long=sl(-8.34%) short=tp(+16.39%) | scanned=19 | short_tp_only
  [label] 2022-01-01 16:00 MKRUSDT entry=2420.1000 → SHORT | long=sl(-6.04%) short=sl(-6.04%) | scanned=12 | no_tp→fwd_return=-7.6774
  [label] 2022-02-23 00:00 MKRUSDT entry=1843.2000 → SHORT | long=sl(-7.08%) short=tp(+13.85%) | scanned=3 | short_tp_only
  [label] 2022-08-13 16:00 MKRUSDT entry=1067.2000 → SHORT | long=sl(-6.27%) short=tp(+12.25%) | scanned=12 | short_tp_only
  [label] 2022-08-17 16:00 MKRUSDT entry=929.8000 → SHORT | long=sl(-6.90%) short=tp(+13.50%) | scanned=9 | short_tp_only
  [label] 2022-08-28 08:00 MKRUSDT entry=775.0000 → SHORT | long=timeout(-4.33%) short=sl(-6.37%) | scanned=22 | no_tp→fwd_return=-4.2323
  [label] 2022-10-12 08:00 MKRUSDT entry=947.0000 → LONG | long=tp(+14.11%) short=sl(-7.20%) | scanned=16 | long_tp_only
  [label] 2022-10-21 00:00 MKRUSDT entry=1025.8000 → SHORT | long=sl(-6.35%) short=tp(+12.40%) | scanned=20 | short_tp_only
  [label] 2023-01-19 16:00 MKRUSDT entry=664.8000 → SHORT | long=timeout(-1.06%) short=sl(-6.20%) | scanned=22 | no_tp→fwd_return=-0.9627
  [label] 2023-02-20 16:00 MKRUSDT entry=771.6000 → SHORT | long=sl(-5.95%) short=tp(+11.61%) | scanned=15 | short_tp_only
  [label] 2023-03-08 16:00 MKRUSDT entry=875.9000 → SHORT | long=sl(-7.47%) short=tp(+14.63%) | scanned=7 | short_tp_only
  [label] 2023-03-21 16:00 MKRUSDT entry=690.4000 → SHORT | long=timeout(-2.61%) short=timeout(+2.41%) | scanned=22 | no_tp→fwd_return=-2.5058
  [label] 2023-04-09 00:00 MKRUSDT entry=685.8000 → LONG | long=tp(+9.00%) short=sl(-4.65%) | scanned=13 | long_tp_only
  [label] 2023-04-15 08:00 MKRUSDT entry=771.7000 → SHORT | long=sl(-3.99%) short=sl(-3.99%) | scanned=12 | no_tp→fwd_return=-5.5332
  [label] 2023-04-27 16:00 MKRUSDT entry=702.6000 → SHORT | long=timeout(-2.01%) short=timeout(+1.81%) | scanned=22 | no_tp→fwd_return=-1.9072
  [label] 2023-06-06 08:00 MKRUSDT entry=640.7000 → SHORT | long=sl(-3.50%) short=tp(+6.70%) | scanned=11 | short_tp_only
  [label] 2023-06-16 08:00 MKRUSDT entry=673.8000 → LONG | long=tp(+8.74%) short=sl(-4.52%) | scanned=14 | long_tp_only
  [label] 2023-09-10 16:00 MKRUSDT entry=1115.9000 → LONG | long=sl(-4.04%) short=sl(-4.04%) | scanned=8 | no_tp→fwd_return=+3.6742
  Labels: 998 long (45.9%), 1177 short (54.1%) | weights: min=1.00, mean=2.85, max=10.00
  Features: 2175/2175 matched, 14 columns
  CV gap: 22 rows
    [trial 0] 14 features, training_days=230 | threshold=0.779 | labels: 998 long, 1177 short (46/54%)
    [CV fold 0] train_end=2022-01-23 00:00 | val_start=2022-01-30 16:00 | gap=184h (22 rows)
    [CV fold 1] train_end=2022-05-28 16:00 | val_start=2022-06-05 08:00 | gap=184h (22 rows)
    [CV fold 2] train_end=2022-09-26 08:00 | val_start=2022-10-04 00:00 | gap=184h (22 rows)
    [CV fold 3] train_end=2023-01-25 00:00 | val_start=2023-02-01 16:00 | gap=184h (22 rows)
    [CV fold 4] train_end=2023-05-25 16:00 | val_start=2023-06-02 08:00 | gap=184h (22 rows)
    [trial 0] Sharpe=0.0087 (folds: -0.1373, 0.1553, 0.1549, -0.0486, -0.0808)
    [trial 1] 14 features, training_days=410 | threshold=0.693 | labels: 998 long, 1177 short (46/54%)
    [trial 1] Sharpe=0.0323 (folds: -0.2127, 0.0836, 0.0653, -0.0735, 0.2989)
    [trial 2] 14 features, training_days=270 | threshold=0.546 | labels: 998 long, 1177 short (46/54%)
    [trial 2] Sharpe=0.0158 (folds: -0.1628, 0.0450, 0.0223, 0.0450, 0.1295)
    [trial 3] 14 features, training_days=270 | threshold=0.600 | labels: 998 long, 1177 short (46/54%)
    [trial 3] Sharpe=0.0475 (folds: -0.1732, 0.1322, 0.0448, 0.0874, 0.1461)
    [trial 4] 14 features, training_days=390 | threshold=0.764 | labels: 998 long, 1177 short (46/54%)
    [trial 4] Sharpe=0.0773 (folds: -0.0909, 0.2575, 0.0466, 0.0404, 0.1330)
    [trial 5] 14 features, training_days=60 | threshold=0.603 | labels: 998 long, 1177 short (46/54%)
    [trial 5] Sharpe=0.1460 (folds: 0.4157, 0.2008, 0.1478, -0.2185, 0.1842)
    [trial 6] 14 features, training_days=290 | threshold=0.738 | labels: 998 long, 1177 short (46/54%)
    [trial 6] Sharpe=0.0209 (folds: -0.1119, 0.1553, 0.0531, -0.1455, 0.1533)
    [trial 7] 14 features, training_days=70 | threshold=0.564 | labels: 998 long, 1177 short (46/54%)
    [trial 7] Sharpe=0.0966 (folds: 0.2641, 0.0686, 0.1894, -0.2661, 0.2269)
    [trial 8] 14 features, training_days=440 | threshold=0.653 | labels: 998 long, 1177 short (46/54%)
    [trial 8] Sharpe=-0.1488 (folds: -0.0709, 0.1749, 0.0889, -1.2915, 0.3547)
    [trial 9] 14 features, training_days=360 | threshold=0.728 | labels: 998 long, 1177 short (46/54%)
    [trial 9] Sharpe=0.1745 (folds: 0.2700, 0.0666, 0.2639, -0.0719, 0.3439)
  Optuna: 10 trials, best Sharpe = 0.1745
  Best params: n_estimators=75, max_depth=5, lr=0.0142, leaves=41
  Best confidence_threshold: 0.728
  Best training_days: 360
  Retrained on full data (1080 samples, 14 features)
  Model trained for 2023-10: 93 test candles with features, confidence_threshold=0.728
[trade:close] 2023-10-02 23:59 MKRUSDT SHORT → take_profit @ 1400.49 | PnL=+8.63% (net +8.53%) | cum=-22.19% 2023-10=+8.53% 2023-10-02=+8.53%
[predict] 2023-10-04 08:00 MKRUSDT → LONG (proba=0.75 TP=10.5%/SL=5.3%)
[trade:open] 2023-10-04 15:59 MKRUSDT LONG @ 1406.00 | SL=1331.93 TP=1554.14 | timeout=2023-10-11 15:59
[trade:close] 2023-10-11 16:00 MKRUSDT LONG → timeout @ 1379.50 | PnL=-1.88% (net -1.98%) | cum=-24.17% 2023-10=+6.54% 2023-10-11=-1.98%
[predict] 2023-10-13 00:00 MKRUSDT → LONG (proba=0.73 TP=8.4%/SL=4.2%)[I 2026-05-06 02:22:36,442] A new study created in memory with name: no-name-b0c4baaa-3939-40da-a1f1-34ce280a695a
[I 2026-05-06 02:22:36,703] Trial 0 finished with value: 0.09011702885349324 and parameters: {'confidence_threshold': 0.7790993046299082, 'training_days': 230, 'n_estimators': 295, 'max_depth': 5, 'num_leaves': 83, 'learning_rate': 0.051543455158230854, 'subsample': 0.8773243492079463, 'min_child_samples': 10, 'reg_alpha': 0.034096514368237685, 'reg_lambda': 3.154180388637081e-05}. Best is trial 0 with value: 0.09011702885349324.
[I 2026-05-06 02:22:36,837] Trial 1 finished with value: 0.05883080513327428 and parameters: {'confidence_threshold': 0.6929247853618086, 'training_days': 410, 'n_estimators': 233, 'max_depth': 5, 'num_leaves': 108, 'learning_rate': 0.013724237108071606, 'subsample': 0.7013182233636002, 'min_child_samples': 94, 'reg_alpha': 2.4040959529260723e-06, 'reg_lambda': 5.320966582161148}. Best is trial 0 with value: 0.09011702885349324.
[I 2026-05-06 02:22:36,907] Trial 2 finished with value: 0.07403507701625214 and parameters: {'confidence_threshold': 0.546341527225763, 'training_days': 270, 'n_estimators': 120, 'max_depth': 4, 'num_leaves': 53, 'learning_rate': 0.060197068579343475, 'subsample': 0.588227873455941, 'min_child_samples': 91, 'reg_alpha': 2.3457771824819002e-08, 'reg_lambda': 1.1358840775642732e-08}. Best is trial 0 with value: 0.09011702885349324.
[I 2026-05-06 02:22:37,099] Trial 3 finished with value: 0.09053227314207082 and parameters: {'confidence_threshold': 0.6000319676300473, 'training_days': 270, 'n_estimators': 382, 'max_depth': 4, 'num_leaves': 44, 'learning_rate': 0.09185046765032388, 'subsample': 0.6743651508646724, 'min_child_samples': 77, 'reg_alpha': 0.0013974578104212739, 'reg_lambda': 8.97190257982477e-08}. Best is trial 3 with value: 0.09053227314207082.
[I 2026-05-06 02:22:37,482] Trial 4 finished with value: 0.11305268591738327 and parameters: {'confidence_threshold': 0.7642618789055509, 'training_days': 390, 'n_estimators': 464, 'max_depth': 5, 'num_leaves': 30, 'learning_rate': 0.024562383309704932, 'subsample': 0.8612975035964376, 'min_child_samples': 36, 'reg_alpha': 1.593999300080167, 'reg_lambda': 0.006081270362829788}. Best is trial 4 with value: 0.11305268591738327.
[I 2026-05-06 02:22:37,626] Trial 5 finished with value: 0.10330623818847355 and parameters: {'confidence_threshold': 0.6029115860358569, 'training_days': 60, 'n_estimators': 441, 'max_depth': 3, 'num_leaves': 66, 'learning_rate': 0.044953114425778824, 'subsample': 0.7098948461279406, 'min_child_samples': 15, 'reg_alpha': 4.888753565548431e-07, 'reg_lambda': 4.198190642566389}. Best is trial 4 with value: 0.11305268591738327.
[I 2026-05-06 02:22:37,873] Trial 6 finished with value: 0.10948835188768735 and parameters: {'confidence_threshold': 0.7376932868314098, 'training_days': 290, 'n_estimators': 249, 'max_depth': 5, 'num_leaves': 121, 'learning_rate': 0.015565840632862623, 'subsample': 0.8390183783709677, 'min_child_samples': 19, 'reg_alpha': 1.860444687368747e-08, 'reg_lambda': 2.7391483548058117e-06}. Best is trial 4 with value: 0.11305268591738327.
[I 2026-05-06 02:22:37,912] Trial 7 finished with value: 0.09981082457879681 and parameters: {'confidence_threshold': 0.563503962036334, 'training_days': 70, 'n_estimators': 63, 'max_depth': 3, 'num_leaves': 47, 'learning_rate': 0.18074927623018475, 'subsample': 0.5059692991701257, 'min_child_samples': 9, 'reg_alpha': 3.6945804405602874e-08, 'reg_lambda': 0.027706035542028905}. Best is trial 4 with value: 0.11305268591738327.
[I 2026-05-06 02:22:38,004] Trial 8 finished with value: 0.12450718185967838 and parameters: {'confidence_threshold': 0.6525471176758836, 'training_days': 440, 'n_estimators': 116, 'max_depth': 4, 'num_leaves': 115, 'learning_rate': 0.010229952960863938, 'subsample': 0.5062159465415076, 'min_child_samples': 54, 'reg_alpha': 6.790626457822126e-06, 'reg_lambda': 1.7869141074987722e-05}. Best is trial 8 with value: 0.12450718185967838.
[I 2026-05-06 02:22:38,100] Trial 9 finished with value: 0.22786767090296492 and parameters: {'confidence_threshold': 0.7277571993354469, 'training_days': 360, 'n_estimators': 75, 'max_depth': 5, 'num_leaves': 41, 'learning_rate': 0.014186743931212992, 'subsample': 0.7445187273047605, 'min_child_samples': 22, 'reg_alpha': 0.02393227447113315, 'reg_lambda': 0.009236766173618426}. Best is trial 9 with value: 0.22786767090296492.

[trade:open] 2023-10-13 07:59 MKRUSDT LONG @ 1364.80 | SL=1307.18 TP=1480.04 | timeout=2023-10-20 07:59
[trade:close] 2023-10-16 07:59 MKRUSDT LONG → take_profit @ 1480.04 | PnL=+8.44% (net +8.34%) | cum=-15.83% 2023-10=+14.88% 2023-10-16=+8.34%
[lgbm] === Training for 2023-11 ===
  Train window: 2021-11-01 → 2023-11-01
  2175 training samples from 1 symbols
  Samples per month: 2021-11: 90, 2021-12: 93, 2022-01: 93, 2022-02: 75, 2022-03: 93, 2022-04: 84, 2022-05: 93, 2022-06: 90, 2022-07: 93, 2022-08: 93, 2022-09: 90, 2022-10: 93, 2022-11: 90, 2022-12: 93, 2023-01: 93, 2023-02: 84, 2023-03: 93, 2023-04: 90, 2023-05: 93, 2023-06: 90, 2023-07: 93, 2023-08: 93, 2023-09: 90, 2023-10: 93
  [label] 2022-01-01 16:00 MKRUSDT entry=2420.1000 → SHORT | long=sl(-6.04%) short=sl(-6.04%) | scanned=12 | no_tp→fwd_return=-7.6774
  [label] 2022-01-04 00:00 MKRUSDT entry=2425.0000 → SHORT | long=sl(-5.97%) short=tp(+11.63%) | scanned=7 | short_tp_only
  [label] 2022-01-07 16:00 MKRUSDT entry=2131.3000 → LONG | long=sl(-7.91%) short=timeout(-2.91%) | scanned=22 | no_tp→fwd_return=+2.8058
  [label] 2022-02-01 16:00 MKRUSDT entry=2194.5000 → LONG | long=timeout(+0.35%) short=sl(-6.21%) | scanned=22 | no_tp→fwd_return=+0.4466
  [label] 2022-03-29 00:00 MKRUSDT entry=2088.1000 → LONG | long=tp(+9.74%) short=sl(-5.02%) | scanned=9 | long_tp_only
  [label] 2022-09-13 16:00 MKRUSDT entry=694.7000 → SHORT | long=sl(-5.94%) short=tp(+11.57%) | scanned=15 | short_tp_only
  [label] 2022-09-17 16:00 MKRUSDT entry=685.5000 → SHORT | long=sl(-5.23%) short=tp(+10.16%) | scanned=3 | short_tp_only
  [label] 2022-09-28 08:00 MKRUSDT entry=714.5000 → LONG | long=tp(+12.70%) short=sl(-6.50%) | scanned=15 | long_tp_only
  [label] 2022-11-12 08:00 MKRUSDT entry=701.6000 → SHORT | long=timeout(-5.54%) short=timeout(+5.34%) | scanned=22 | no_tp→fwd_return=-5.4447
  [label] 2022-11-21 00:00 MKRUSDT entry=631.6000 → LONG | long=timeout(+1.25%) short=timeout(-1.45%) | scanned=22 | no_tp→fwd_return=+1.3458
  [label] 2023-02-19 16:00 MKRUSDT entry=737.0000 → SHORT | long=sl(-6.19%) short=sl(-6.19%) | scanned=15 | no_tp→fwd_return=-3.0665
  [label] 2023-03-23 16:00 MKRUSDT entry=679.7000 → SHORT | long=timeout(-0.75%) short=timeout(+0.55%) | scanned=22 | no_tp→fwd_return=-0.6473
  [label] 2023-04-08 16:00 MKRUSDT entry=688.3000 → LONG | long=tp(+8.99%) short=sl(-4.64%) | scanned=15 | long_tp_only
  [label] 2023-04-21 16:00 MKRUSDT entry=676.7000 → LONG | long=timeout(+3.11%) short=sl(-5.97%) | scanned=22 | no_tp→fwd_return=+3.2067
  [label] 2023-05-10 00:00 MKRUSDT entry=669.6000 → SHORT | long=sl(-3.95%) short=tp(+7.61%) | scanned=5 | short_tp_only
  [label] 2023-05-16 08:00 MKRUSDT entry=626.9000 → LONG | long=timeout(+0.78%) short=timeout(-0.98%) | scanned=22 | no_tp→fwd_return=+0.8773
  [label] 2023-05-28 16:00 MKRUSDT entry=647.8000 → LONG | long=sl(-2.62%) short=sl(-2.62%) | scanned=14 | no_tp→fwd_return=+2.9330
  [label] 2023-07-07 08:00 MKRUSDT entry=938.8000 → SHORT | long=timeout(-1.36%) short=timeout(+1.16%) | scanned=22 | no_tp→fwd_return=-1.2569
  [label] 2023-07-17 08:00 MKRUSDT entry=944.8000 → LONG | long=tp(+14.51%) short=sl(-7.40%) | scanned=11 | long_tp_only
  [label] 2023-10-11 16:00 MKRUSDT entry=1404.0000 → LONG | long=sl(-4.34%) short=sl(-4.34%) | scanned=6 | no_tp→fwd_return=+1.8875
  Labels: 1001 long (46.0%), 1174 short (54.0%) | weights: min=1.00, mean=2.85, max=10.00
  Features: 2175/2175 matched, 14 columns
  CV gap: 22 rows
    [trial 0] 14 features, training_days=230 | threshold=0.779 | labels: 1001 long, 1174 short (46/54%)
    [CV fold 0] train_end=2022-02-23 00:00 | val_start=2022-03-05 16:00 | gap=256h (22 rows)
    [CV fold 1] train_end=2022-06-28 16:00 | val_start=2022-07-06 08:00 | gap=184h (22 rows)
    [CV fold 2] train_end=2022-10-27 08:00 | val_start=2022-11-04 00:00 | gap=184h (22 rows)
    [CV fold 3] train_end=2023-02-25 00:00 | val_start=2023-03-04 16:00 | gap=184h (22 rows)
    [CV fold 4] train_end=2023-06-25 16:00 | val_start=2023-07-03 08:00 | gap=184h (22 rows)
    [trial 0] Sharpe=0.0901 (folds: 0.0834, 0.1495, 0.2567, -0.1457, 0.1066)
    [trial 1] 14 features, training_days=410 | threshold=0.693 | labels: 1001 long, 1174 short (46/54%)
    [trial 1] Sharpe=0.0588 (folds: 0.2370, 0.1363, 0.0467, -0.0440, -0.0818)
    [trial 2] 14 features, training_days=270 | threshold=0.546 | labels: 1001 long, 1174 short (46/54%)
    [trial 2] Sharpe=0.0740 (folds: 0.2079, 0.0056, 0.0541, 0.1008, 0.0017)
    [trial 3] 14 features, training_days=270 | threshold=0.600 | labels: 1001 long, 1174 short (46/54%)
    [trial 3] Sharpe=0.0905 (folds: 0.1909, 0.0587, 0.1977, 0.0051, 0.0002)
    [trial 4] 14 features, training_days=390 | threshold=0.764 | labels: 1001 long, 1174 short (46/54%)
    [trial 4] Sharpe=0.1131 (folds: 0.1821, 0.1122, 0.1524, 0.0039, 0.1147)
    [trial 5] 14 features, training_days=60 | threshold=0.603 | labels: 1001 long, 1174 short (46/54%)
    [trial 5] Sharpe=0.1033 (folds: 0.2273, 0.1216, 0.2154, 0.1450, -0.1928)
    [trial 6] 14 features, training_days=290 | threshold=0.738 | labels: 1001 long, 1174 short (46/54%)
    [trial 6] Sharpe=0.1095 (folds: 0.1276, 0.0611, 0.3225, -0.0994, 0.1356)
    [trial 7] 14 features, training_days=70 | threshold=0.564 | labels: 1001 long, 1174 short (46/54%)
    [trial 7] Sharpe=0.0998 (folds: 0.1877, 0.1143, 0.2101, 0.0052, -0.0182)
    [trial 8] 14 features, training_days=440 | threshold=0.653 | labels: 1001 long, 1174 short (46/54%)
    [trial 8] Sharpe=0.1245 (folds: 0.1990, 0.0163, 0.1397, 0.1058, 0.1617)
    [trial 9] 14 features, training_days=360 | threshold=0.728 | labels: 1001 long, 1174 short (46/54%)
    [trial 9] Sharpe=0.2279 (folds: 0.1955, 0.1192, 0.2419, 0.2192, 0.3635)
  Optuna: 10 trials, best Sharpe = 0.2279
  Best params: n_estimators=75, max_depth=5, lr=0.0142, leaves=41
  Best confidence_threshold: 0.728
  Best training_days: 360
  Retrained on full data (1080 samples, 14 features)
  Model trained for 2023-11: 90 test candles with features, confidence_threshold=0.728
[predict] 2023-11-01 16:00 MKRUSDT → SHORT (proba=0.77 TP=9.5%/SL=4.7%)
[trade:open] 2023-11-01 23:59 MKRUSDT SHORT @ 1340.60 | SL=1404.00 TP=1213.79 | timeout=2023-11-08 23:59
[trade:close] 2023-11-09 00:00 MKRUSDT SHORT → timeout @ 1314.30 | PnL=+1.96% (net +1.86%) | cum=-13.97% 2023-11=+1.86% 2023-11-09=+1.86%
[predict] 2023-11-10 16:00 MKRUSDT → SHORT (proba=0.73 TP=10.3%/SL=5.2%)
[trade:open] 2023-11-10 23:59 MKRUSDT SHORT @ 1322.10 | SL=1390.32 TP=1185.67 | timeout=2023-11-17 23:59
[trade:close] 2023-11-13 23:59 MKRUSDT SHORT → stop_loss @ 1390.32 | PnL=-5.16% (net -5.26%) | cum=-19.23% 2023-11=-3.40% 2023-11-13=-5.26%
[lgbm] === Training for 2023-12 ===
  Train window: 2021-12-01 → 2023-12-01
  2175 training samples from 1 symbols
  Samples per month: 2021-12: 93, 2022-01: 93, 2022-02: 75, 2022-03: 93, 2022-04: 84, 2022-05: 93, 2022-06: 90, 2022-07: 93, 2022-08: 93, 2022-09: 90, 2022-10: 93, 2022-11: 90, 2022-12: 93, 2023-01: 93, 2023-02: 84, 2023-03: 93, 2023-04: 90, 2023-05: 93, 2023-06: 90, 2023-07: 93, 2023-08: 93, 2023-09: 90, 2023-10: 93, 2023-11: 90
  [label] 2022-01-31 16:00 MKRUSDT entry=2131.6000 → LONG | long=timeout(+5.46%) short=sl(-6.57%) | scanned=22 | no_tp→fwd_return=+5.5639
  [label] 2022-02-03 00:00 MKRUSDT entry=2228.3000 → SHORT | long=timeout(-1.09%) short=timeout(+0.89%) | scanned=22 | no_tp→fwd_return=-0.9873
  [label] 2022-02-06 16:00 MKRUSDT entry=2244.4000 → SHORT | long=sl(-6.23%) short=tp(+12.16%) | scanned=15 | short_tp_only
  [label] 2022-03-06 16:00 MKRUSDT entry=1718.4000 → SHORT | long=timeout(-2.06%) short=sl(-8.49%) | scanned=22 | no_tp→fwd_return=-1.9611
  [label] 2022-04-30 00:00 MKRUSDT entry=1569.9000 → SHORT | long=sl(-6.44%) short=tp(+12.58%) | scanned=16 | short_tp_only
  [label] 2022-10-13 16:00 MKRUSDT entry=917.4000 → LONG | long=tp(+15.33%) short=sl(-7.81%) | scanned=11 | long_tp_only
  [label] 2022-10-17 16:00 MKRUSDT entry=1090.8000 → SHORT | long=sl(-6.20%) short=tp(+12.09%) | scanned=17 | short_tp_only
  [label] 2022-10-28 08:00 MKRUSDT entry=896.3000 → SHORT | long=sl(-6.50%) short=timeout(+0.47%) | scanned=22 | no_tp→fwd_return=-0.5690[I 2026-05-06 02:22:38,385] A new study created in memory with name: no-name-a31efeef-1881-475e-8868-53698f243865
[I 2026-05-06 02:22:38,629] Trial 0 finished with value: 0.10432765222591252 and parameters: {'confidence_threshold': 0.7790993046299082, 'training_days': 230, 'n_estimators': 295, 'max_depth': 5, 'num_leaves': 83, 'learning_rate': 0.051543455158230854, 'subsample': 0.8773243492079463, 'min_child_samples': 10, 'reg_alpha': 0.034096514368237685, 'reg_lambda': 3.154180388637081e-05}. Best is trial 0 with value: 0.10432765222591252.
