[I 2026-05-06 02:26:09,769] Trial 1 finished with value: -0.1148573134752268 and parameters: {'confidence_threshold': 0.6929247853618086, 'training_days': 410, 'n_estimators': 233, 'max_depth': 5, 'num_leaves': 108, 'learning_rate': 0.013724237108071606, 'subsample': 0.7013182233636002, 'min_child_samples': 94, 'reg_alpha': 2.4040959529260723e-06, 'reg_lambda': 5.320966582161148}. Best is trial 0 with value: -0.029480242139761904.
[I 2026-05-06 02:26:09,839] Trial 2 finished with value: -0.04457736191266317 and parameters: {'confidence_threshold': 0.546341527225763, 'training_days': 270, 'n_estimators': 120, 'max_depth': 4, 'num_leaves': 53, 'learning_rate': 0.060197068579343475, 'subsample': 0.588227873455941, 'min_child_samples': 91, 'reg_alpha': 2.3457771824819002e-08, 'reg_lambda': 1.1358840775642732e-08}. Best is trial 0 with value: -0.029480242139761904.
[I 2026-05-06 02:26:10,019] Trial 3 finished with value: -0.06614819023376002 and parameters: {'confidence_threshold': 0.6000319676300473, 'training_days': 270, 'n_estimators': 382, 'max_depth': 4, 'num_leaves': 44, 'learning_rate': 0.09185046765032388, 'subsample': 0.6743651508646724, 'min_child_samples': 77, 'reg_alpha': 0.0013974578104212739, 'reg_lambda': 8.97190257982477e-08}. Best is trial 0 with value: -0.029480242139761904.
[I 2026-05-06 02:26:10,387] Trial 4 finished with value: -0.11023124695195155 and parameters: {'confidence_threshold': 0.7642618789055509, 'training_days': 390, 'n_estimators': 464, 'max_depth': 5, 'num_leaves': 30, 'learning_rate': 0.024562383309704932, 'subsample': 0.8612975035964376, 'min_child_samples': 36, 'reg_alpha': 1.593999300080167, 'reg_lambda': 0.006081270362829788}. Best is trial 0 with value: -0.029480242139761904.
[I 2026-05-06 02:26:10,565] Trial 5 finished with value: 0.0005534660958833842 and parameters: {'confidence_threshold': 0.6029115860358569, 'training_days': 60, 'n_estimators': 441, 'max_depth': 3, 'num_leaves': 66, 'learning_rate': 0.044953114425778824, 'subsample': 0.7098948461279406, 'min_child_samples': 15, 'reg_alpha': 4.888753565548431e-07, 'reg_lambda': 4.198190642566389}. Best is trial 5 with value: 0.0005534660958833842.
[I 2026-05-06 02:26:10,842] Trial 6 finished with value: 0.022175979661373968 and parameters: {'confidence_threshold': 0.7376932868314098, 'training_days': 290, 'n_estimators': 249, 'max_depth': 5, 'num_leaves': 121, 'learning_rate': 0.015565840632862623, 'subsample': 0.8390183783709677, 'min_child_samples': 19, 'reg_alpha': 1.860444687368747e-08, 'reg_lambda': 2.7391483548058117e-06}. Best is trial 6 with value: 0.022175979661373968.
[I 2026-05-06 02:26:10,878] Trial 7 finished with value: -0.10524340019651948 and parameters: {'confidence_threshold': 0.563503962036334, 'training_days': 70, 'n_estimators': 63, 'max_depth': 3, 'num_leaves': 47, 'learning_rate': 0.18074927623018475, 'subsample': 0.5059692991701257, 'min_child_samples': 9, 'reg_alpha': 3.6945804405602874e-08, 'reg_lambda': 0.027706035542028905}. Best is trial 6 with value: 0.022175979661373968.
[I 2026-05-06 02:26:10,958] Trial 8 finished with value: -2.4516047497565143 and parameters: {'confidence_threshold': 0.6525471176758836, 'training_days': 440, 'n_estimators': 116, 'max_depth': 4, 'num_leaves': 115, 'learning_rate': 0.010229952960863938, 'subsample': 0.5062159465415076, 'min_child_samples': 54, 'reg_alpha': 6.790626457822126e-06, 'reg_lambda': 1.7869141074987722e-05}. Best is trial 6 with value: 0.022175979661373968.
[I 2026-05-06 02:26:11,056] Trial 9 finished with value: -3.291609150084706 and parameters: {'confidence_threshold': 0.7277571993354469, 'training_days': 360, 'n_estimators': 75, 'max_depth': 5, 'num_leaves': 41, 'learning_rate': 0.014186743931212992, 'subsample': 0.7445187273047605, 'min_child_samples': 22, 'reg_alpha': 0.02393227447113315, 'reg_lambda': 0.009236766173618426}. Best is trial 6 with value: 0.022175979661373968.
[I 2026-05-06 02:26:11,563] A new study created in memory with name: no-name-8868329d-e1b9-4c40-9998-5f55cf7a1766
[I 2026-05-06 02:26:11,822] Trial 0 finished with value: -0.17656056535993164 and parameters: {'confidence_threshold': 0.7790993046299082, 'training_days': 230, 'n_estimators': 295, 'max_depth': 5, 'num_leaves': 83, 'learning_rate': 0.051543455158230854, 'subsample': 0.8773243492079463, 'min_child_samples': 10, 'reg_alpha': 0.034096514368237685, 'reg_lambda': 3.154180388637081e-05}. Best is trial 0 with value: -0.17656056535993164.
[I 2026-05-06 02:26:11,951] Trial 1 finished with value: -0.052472705406987154 and parameters: {'confidence_threshold': 0.6929247853618086, 'training_days': 410, 'n_estimators': 233, 'max_depth': 5, 'num_leaves': 108, 'learning_rate': 0.013724237108071606, 'subsample': 0.7013182233636002, 'min_child_samples': 94, 'reg_alpha': 2.4040959529260723e-06, 'reg_lambda': 5.320966582161148}. Best is trial 1 with value: -0.052472705406987154.
[I 2026-05-06 02:26:12,018] Trial 2 finished with value: -0.08158220716478773 and parameters: {'confidence_threshold': 0.546341527225763, 'training_days': 270, 'n_estimators': 120, 'max_depth': 4, 'num_leaves': 53, 'learning_rate': 0.060197068579343475, 'subsample': 0.588227873455941, 'min_child_samples': 91, 'reg_alpha': 2.3457771824819002e-08, 'reg_lambda': 1.1358840775642732e-08}. Best is trial 1 with value: -0.052472705406987154.
[I 2026-05-06 02:26:12,203] Trial 3 finished with value: -0.17522811720789405 and parameters: {'confidence_threshold': 0.6000319676300473, 'training_days': 270, 'n_estimators': 382, 'max_depth': 4, 'num_leaves': 44, 'learning_rate': 0.09185046765032388, 'subsample': 0.6743651508646724, 'min_child_samples': 77, 'reg_alpha': 0.0013974578104212739, 'reg_lambda': 8.97190257982477e-08}. Best is trial 1 with value: -0.052472705406987154.
[I 2026-05-06 02:26:12,581] Trial 4 finished with value: -0.12978122051691154 and parameters: {'confidence_threshold': 0.7642618789055509, 'training_days': 390, 'n_estimators': 464, 'max_depth': 5, 'num_leaves': 30, 'learning_rate': 0.024562383309704932, 'subsample': 0.8612975035964376, 'min_child_samples': 36, 'reg_alpha': 1.593999300080167, 'reg_lambda': 0.006081270362829788}. Best is trial 1 with value: -0.052472705406987154.
[I 2026-05-06 02:26:12,733] Trial 5 finished with value: -0.14102154710513579 and parameters: {'confidence_threshold': 0.6029115860358569, 'training_days': 60, 'n_estimators': 441, 'max_depth': 3, 'num_leaves': 66, 'learning_rate': 0.044953114425778824, 'subsample': 0.7098948461279406, 'min_child_samples': 15, 'reg_alpha': 4.888753565548431e-07, 'reg_lambda': 4.198190642566389}. Best is trial 1 with value: -0.052472705406987154.

    [CV fold 2] train_end=2025-02-21 08:00 | val_start=2025-03-01 00:00 | gap=184h (22 rows)
    [CV fold 3] train_end=2025-06-23 00:00 | val_start=2025-06-30 16:00 | gap=184h (22 rows)
    [CV fold 4] train_end=2025-10-22 16:00 | val_start=2025-10-30 08:00 | gap=184h (22 rows)
    [trial 0] Sharpe=-0.0295 (folds: -0.0523, -0.1600, 0.1548, -0.0585, -0.0314)
    [trial 1] 14 features, training_days=410 | threshold=0.693 | labels: 1180 long, 1010 short (54/46%)
    [trial 1] Sharpe=-0.1149 (folds: 0.1027, -0.2125, 0.0471, -0.8704, 0.3588)
    [trial 2] 14 features, training_days=270 | threshold=0.546 | labels: 1180 long, 1010 short (54/46%)
    [trial 2] Sharpe=-0.0446 (folds: 0.1203, -0.1973, 0.0356, -0.0996, -0.0819)
    [trial 3] 14 features, training_days=270 | threshold=0.600 | labels: 1180 long, 1010 short (54/46%)
    [trial 3] Sharpe=-0.0661 (folds: 0.0560, -0.1948, 0.1537, -0.1992, -0.1464)
    [trial 4] 14 features, training_days=390 | threshold=0.764 | labels: 1180 long, 1010 short (54/46%)
    [trial 4] Sharpe=-0.1102 (folds: -0.0159, -0.1844, 0.1461, -0.5625, 0.0655)
    [trial 5] 14 features, training_days=60 | threshold=0.603 | labels: 1180 long, 1010 short (54/46%)
    [trial 5] Sharpe=0.0006 (folds: 0.1511, 0.0332, -0.2640, 0.0105, 0.0720)
    [trial 6] 14 features, training_days=290 | threshold=0.738 | labels: 1180 long, 1010 short (54/46%)
    [trial 6] Sharpe=0.0222 (folds: -0.0229, -0.1333, 0.1964, -0.1144, 0.1849)
    [trial 7] 14 features, training_days=70 | threshold=0.564 | labels: 1180 long, 1010 short (54/46%)
    [trial 7] Sharpe=-0.1052 (folds: 0.0900, -0.2605, -0.3430, -0.0099, -0.0027)
    [trial 8] 14 features, training_days=440 | threshold=0.653 | labels: 1180 long, 1010 short (54/46%)
    [trial 8] Sharpe=-2.4516 (folds: 0.1285, -0.1507, -0.2339, -2.0019, -10.0000)
    [trial 9] 14 features, training_days=360 | threshold=0.728 | labels: 1180 long, 1010 short (54/46%)
    [trial 9] Sharpe=-3.2916 (folds: 0.0788, -0.1349, 0.8605, -7.2625, -10.0000)
  Optuna: 10 trials, best Sharpe = 0.0222
  Best params: n_estimators=249, max_depth=5, lr=0.0156, leaves=121
  Best confidence_threshold: 0.738
  Best training_days: 290
  Retrained on full data (870 samples, 14 features)
  Model trained for 2026-03: 93 test candles with features, confidence_threshold=0.738
[predict] 2026-03-14 08:00 TRXUSDT → LONG (proba=0.77 TP=2.5%/SL=1.3%)
[trade:open] 2026-03-14 15:59 TRXUSDT LONG @ 0.30 | SL=0.29 TP=0.31 | timeout=2026-03-21 15:59
[trade:close] 2026-03-17 23:59 TRXUSDT LONG → take_profit @ 0.31 | PnL=+2.55% (net +2.45%) | cum=+1.15% 2026-03=+2.45% 2026-03-17=+2.45%
[predict] 2026-03-20 08:00 TRXUSDT → SHORT (proba=0.85 TP=3.2%/SL=1.6%)
[trade:open] 2026-03-20 15:59 TRXUSDT SHORT @ 0.31 | SL=0.31 TP=0.30 | timeout=2026-03-27 15:59
[trade:close] 2026-03-21 07:59 TRXUSDT SHORT → stop_loss @ 0.31 | PnL=-1.59% (net -1.69%) | cum=-0.54% 2026-03=+0.76% 2026-03-21=-1.69%
[predict] 2026-03-29 00:00 TRXUSDT → SHORT (proba=0.85 TP=4.1%/SL=2.0%)
[trade:open] 2026-03-29 07:59 TRXUSDT SHORT @ 0.32 | SL=0.32 TP=0.30 | timeout=2026-04-05 07:59
[trade:close] 2026-03-29 23:59 TRXUSDT SHORT → stop_loss @ 0.32 | PnL=-2.03% (net -2.13%) | cum=-2.68% 2026-03=-1.38% 2026-03-29=-2.13%
[predict] 2026-03-31 08:00 TRXUSDT → SHORT (proba=0.83 TP=4.5%/SL=2.2%)
[trade:open] 2026-03-31 15:59 TRXUSDT SHORT @ 0.31 | SL=0.32 TP=0.30 | timeout=2026-04-07 15:59
[lgbm] === Training for 2026-04 ===
  Train window: 2024-04-01 → 2026-04-01
  2190 training samples from 1 symbols
  Samples per month: 2024-04: 90, 2024-05: 93, 2024-06: 90, 2024-07: 93, 2024-08: 93, 2024-09: 90, 2024-10: 93, 2024-11: 90, 2024-12: 93, 2025-01: 93, 2025-02: 84, 2025-03: 93, 2025-04: 90, 2025-05: 93, 2025-06: 90, 2025-07: 93, 2025-08: 93, 2025-09: 90, 2025-10: 93, 2025-11: 90, 2025-12: 93, 2026-01: 93, 2026-02: 84, 2026-03: 93
  [label] 2024-06-02 08:00 TRXUSDT entry=0.1148 → SHORT | long=sl(-1.77%) short=tp(+3.23%) | scanned=16 | short_tp_only
  [label] 2024-06-04 08:00 TRXUSDT entry=0.1143 → SHORT | long=sl(-1.77%) short=tp(+3.25%) | scanned=10 | short_tp_only
  [label] 2024-06-08 08:00 TRXUSDT entry=0.1140 → LONG | long=tp(+3.48%) short=sl(-1.89%) | scanned=8 | long_tp_only
  [label] 2024-07-03 08:00 TRXUSDT entry=0.1290 → SHORT | long=sl(-1.58%) short=tp(+2.86%) | scanned=5 | short_tp_only
  [label] 2024-08-25 08:00 TRXUSDT entry=0.1653 → SHORT | long=sl(-3.83%) short=timeout(+5.33%) | scanned=22 | no_tp→fwd_return=-5.4272
  [label] 2025-02-08 16:00 TRXUSDT entry=0.2311 → LONG | long=timeout(+2.63%) short=sl(-4.47%) | scanned=22 | no_tp→fwd_return=+2.7261
  [label] 2025-02-13 00:00 TRXUSDT entry=0.2402 → SHORT | long=sl(-3.87%) short=timeout(+0.63%) | scanned=22 | no_tp→fwd_return=-0.7286
  [label] 2025-02-23 16:00 TRXUSDT entry=0.2459 → SHORT | long=sl(-3.06%) short=tp(+5.82%) | scanned=4 | short_tp_only
  [label] 2025-04-10 00:00 TRXUSDT entry=0.2409 → LONG | long=tp(+5.97%) short=sl(-3.13%) | scanned=12 | long_tp_only
  [label] 2025-04-18 16:00 TRXUSDT entry=0.2396 → LONG | long=timeout(+0.77%) short=sl(-2.84%) | scanned=22 | no_tp→fwd_return=+0.8680
  [label] 2025-07-19 00:00 TRXUSDT entry=0.3260 → SHORT | long=sl(-2.36%) short=tp(+4.41%) | scanned=6 | short_tp_only
  [label] 2025-08-20 00:00 TRXUSDT entry=0.3490 → LONG | long=tp(+4.57%) short=sl(-2.44%) | scanned=8 | long_tp_only
  [label] 2025-09-05 08:00 TRXUSDT entry=0.3324 → SHORT | long=sl(-2.16%) short=tp(+4.03%) | scanned=4 | short_tp_only
  [label] 2025-09-18 08:00 TRXUSDT entry=0.3473 → SHORT | long=sl(-2.01%) short=tp(+3.72%) | scanned=11 | short_tp_only
  [label] 2025-10-07 00:00 TRXUSDT entry=0.3448 → SHORT | long=sl(-1.44%) short=tp(+2.59%) | scanned=7 | short_tp_only
  [label] 2025-10-13 08:00 TRXUSDT entry=0.3206 → SHORT | long=sl(-2.44%) short=tp(+4.58%) | scanned=12 | short_tp_only
  [label] 2025-10-25 16:00 TRXUSDT entry=0.2969 → LONG | long=sl(-2.63%) short=timeout(-0.23%) | scanned=22 | no_tp→fwd_return=+0.1314
  [label] 2025-12-04 16:00 TRXUSDT entry=0.2861 → SHORT | long=sl(-1.65%) short=tp(+2.99%) | scanned=17 | short_tp_only
  [label] 2025-12-14 16:00 TRXUSDT entry=0.2772 → LONG | long=tp(+2.82%) short=sl(-1.56%) | scanned=20 | long_tp_only
  [label] 2026-03-11 08:00 TRXUSDT entry=0.2904 → LONG | long=tp(+2.46%) short=sl(-1.38%) | scanned=9 | long_tp_only
  Labels: 1245 long (56.8%), 945 short (43.2%) | weights: min=1.00, mean=2.54, max=10.00
  Features: 2190/2190 matched, 14 columns
  CV gap: 22 rows
    [trial 0] 14 features, training_days=230 | threshold=0.779 | labels: 1245 long, 945 short (57/43%)
    [CV fold 0] train_end=2024-07-24 00:00 | val_start=2024-07-31 16:00 | gap=184h (22 rows)
    [CV fold 1] train_end=2024-11-22 16:00 | val_start=2024-11-30 08:00 | gap=184h (22 rows)
    [CV fold 2] train_end=2025-03-24 08:00 | val_start=2025-04-01 00:00 | gap=184h (22 rows)
    [CV fold 3] train_end=2025-07-24 00:00 | val_start=2025-07-31 16:00 | gap=184h (22 rows)
    [CV fold 4] train_end=2025-11-22 16:00 | val_start=2025-11-30 08:00 | gap=184h (22 rows)
    [trial 0] Sharpe=-0.1766 (folds: -0.1491, -0.2136, -0.0788, -0.0651, -0.3763)
    [trial 1] 14 features, training_days=410 | threshold=0.693 | labels: 1245 long, 945 short (57/43%)
    [trial 1] Sharpe=-0.0525 (folds: -0.0621, -0.2098, 0.4582, -0.2176, -0.2310)
    [trial 2] 14 features, training_days=270 | threshold=0.546 | labels: 1245 long, 945 short (57/43%)
    [trial 2] Sharpe=-0.0816 (folds: 0.0786, -0.2136, -0.2635, 0.0311, -0.0405)
    [trial 3] 14 features, training_days=270 | threshold=0.600 | labels: 1245 long, 945 short (57/43%)
    [trial 3] Sharpe=-0.1752 (folds: -0.0308, -0.2274, -0.2130, -0.1571, -0.2479)
    [trial 4] 14 features, training_days=390 | threshold=0.764 | labels: 1245 long, 945 short (57/43%)
    [trial 4] Sharpe=-0.1298 (folds: -0.0658, -0.2390, 0.3263, -0.2730, -0.3974)
    [trial 5] 14 features, training_days=60 | threshold=0.603 | labels: 1245 long, 945 short (57/43%)
    [trial 5] Sharpe=-0.1410 (folds: -0.0134, -0.1890, -0.1777, -0.0845, -0.2404)
    [trial 6] 14 features, training_days=290 | threshold=0.738 | labels: 1245 long, 945 short (57/43%)[I 2026-05-06 02:26:12,985] Trial 6 finished with value: -0.018412724581686822 and parameters: {'confidence_threshold': 0.7376932868314098, 'training_days': 290, 'n_estimators': 249, 'max_depth': 5, 'num_leaves': 121, 'learning_rate': 0.015565840632862623, 'subsample': 0.8390183783709677, 'min_child_samples': 19, 'reg_alpha': 1.860444687368747e-08, 'reg_lambda': 2.7391483548058117e-06}. Best is trial 6 with value: -0.018412724581686822.
[I 2026-05-06 02:26:13,023] Trial 7 finished with value: -0.18784733881493149 and parameters: {'confidence_threshold': 0.563503962036334, 'training_days': 70, 'n_estimators': 63, 'max_depth': 3, 'num_leaves': 47, 'learning_rate': 0.18074927623018475, 'subsample': 0.5059692991701257, 'min_child_samples': 9, 'reg_alpha': 3.6945804405602874e-08, 'reg_lambda': 0.027706035542028905}. Best is trial 6 with value: -0.018412724581686822.
[I 2026-05-06 02:26:13,109] Trial 8 finished with value: -4.045502320321319 and parameters: {'confidence_threshold': 0.6525471176758836, 'training_days': 440, 'n_estimators': 116, 'max_depth': 4, 'num_leaves': 115, 'learning_rate': 0.010229952960863938, 'subsample': 0.5062159465415076, 'min_child_samples': 54, 'reg_alpha': 6.790626457822126e-06, 'reg_lambda': 1.7869141074987722e-05}. Best is trial 6 with value: -0.018412724581686822.
[I 2026-05-06 02:26:13,194] Trial 9 finished with value: -4.137598229510731 and parameters: {'confidence_threshold': 0.7277571993354469, 'training_days': 360, 'n_estimators': 75, 'max_depth': 5, 'num_leaves': 41, 'learning_rate': 0.014186743931212992, 'subsample': 0.7445187273047605, 'min_child_samples': 22, 'reg_alpha': 0.02393227447113315, 'reg_lambda': 0.009236766173618426}. Best is trial 6 with value: -0.018412724581686822.
[I 2026-05-06 02:26:13,707] A new study created in memory with name: no-name-760982ce-a421-401e-b635-e424a3c9423d
[I 2026-05-06 02:26:13,973] Trial 0 finished with value: -0.056855683305350437 and parameters: {'confidence_threshold': 0.7790993046299082, 'training_days': 230, 'n_estimators': 295, 'max_depth': 5, 'num_leaves': 83, 'learning_rate': 0.051543455158230854, 'subsample': 0.8773243492079463, 'min_child_samples': 10, 'reg_alpha': 0.034096514368237685, 'reg_lambda': 3.154180388637081e-05}. Best is trial 0 with value: -0.056855683305350437.
[I 2026-05-06 02:26:14,106] Trial 1 finished with value: -0.03689229548587668 and parameters: {'confidence_threshold': 0.6929247853618086, 'training_days': 410, 'n_estimators': 233, 'max_depth': 5, 'num_leaves': 108, 'learning_rate': 0.013724237108071606, 'subsample': 0.7013182233636002, 'min_child_samples': 94, 'reg_alpha': 2.4040959529260723e-06, 'reg_lambda': 5.320966582161148}. Best is trial 1 with value: -0.03689229548587668.
[I 2026-05-06 02:26:14,174] Trial 2 finished with value: -0.08092079020079465 and parameters: {'confidence_threshold': 0.546341527225763, 'training_days': 270, 'n_estimators': 120, 'max_depth': 4, 'num_leaves': 53, 'learning_rate': 0.060197068579343475, 'subsample': 0.588227873455941, 'min_child_samples': 91, 'reg_alpha': 2.3457771824819002e-08, 'reg_lambda': 1.1358840775642732e-08}. Best is trial 1 with value: -0.03689229548587668.
[I 2026-05-06 02:26:14,364] Trial 3 finished with value: -0.04868515094246395 and parameters: {'confidence_threshold': 0.6000319676300473, 'training_days': 270, 'n_estimators': 382, 'max_depth': 4, 'num_leaves': 44, 'learning_rate': 0.09185046765032388, 'subsample': 0.6743651508646724, 'min_child_samples': 77, 'reg_alpha': 0.0013974578104212739, 'reg_lambda': 8.97190257982477e-08}. Best is trial 1 with value: -0.03689229548587668.
[I 2026-05-06 02:26:14,755] Trial 4 finished with value: -0.09636635811494955 and parameters: {'confidence_threshold': 0.7642618789055509, 'training_days': 390, 'n_estimators': 464, 'max_depth': 5, 'num_leaves': 30, 'learning_rate': 0.024562383309704932, 'subsample': 0.8612975035964376, 'min_child_samples': 36, 'reg_alpha': 1.593999300080167, 'reg_lambda': 0.006081270362829788}. Best is trial 1 with value: -0.03689229548587668.
[I 2026-05-06 02:26:14,911] Trial 5 finished with value: -0.1238032781474884 and parameters: {'confidence_threshold': 0.6029115860358569, 'training_days': 60, 'n_estimators': 441, 'max_depth': 3, 'num_leaves': 66, 'learning_rate': 0.044953114425778824, 'subsample': 0.7098948461279406, 'min_child_samples': 15, 'reg_alpha': 4.888753565548431e-07, 'reg_lambda': 4.198190642566389}. Best is trial 1 with value: -0.03689229548587668.
[I 2026-05-06 02:26:15,158] Trial 6 finished with value: -0.06613971534222426 and parameters: {'confidence_threshold': 0.7376932868314098, 'training_days': 290, 'n_estimators': 249, 'max_depth': 5, 'num_leaves': 121, 'learning_rate': 0.015565840632862623, 'subsample': 0.8390183783709677, 'min_child_samples': 19, 'reg_alpha': 1.860444687368747e-08, 'reg_lambda': 2.7391483548058117e-06}. Best is trial 1 with value: -0.03689229548587668.
[I 2026-05-06 02:26:15,202] Trial 7 finished with value: -0.14750484630262906 and parameters: {'confidence_threshold': 0.563503962036334, 'training_days': 70, 'n_estimators': 63, 'max_depth': 3, 'num_leaves': 47, 'learning_rate': 0.18074927623018475, 'subsample': 0.5059692991701257, 'min_child_samples': 9, 'reg_alpha': 3.6945804405602874e-08, 'reg_lambda': 0.027706035542028905}. Best is trial 1 with value: -0.03689229548587668.
[I 2026-05-06 02:26:15,282] Trial 8 finished with value: -1.9821987840501218 and parameters: {'confidence_threshold': 0.6525471176758836, 'training_days': 440, 'n_estimators': 116, 'max_depth': 4, 'num_leaves': 115, 'learning_rate': 0.010229952960863938, 'subsample': 0.5062159465415076, 'min_child_samples': 54, 'reg_alpha': 6.790626457822126e-06, 'reg_lambda': 1.7869141074987722e-05}. Best is trial 1 with value: -0.03689229548587668.
