[I 2026-05-06 02:25:27,712] Trial 9 finished with value: -0.19358958675080268 and parameters: {'confidence_threshold': 0.7277571993354469, 'training_days': 360, 'n_estimators': 75, 'max_depth': 5, 'num_leaves': 41, 'learning_rate': 0.014186743931212992, 'subsample': 0.7445187273047605, 'min_child_samples': 22, 'reg_alpha': 0.02393227447113315, 'reg_lambda': 0.009236766173618426}. Best is trial 5 with value: 0.016555968652723373.

    [trial 4] Sharpe=-0.1225 (folds: -0.1349, -0.0556, -0.0713, 0.0249, -0.3755)
    [trial 5] 14 features, training_days=60 | threshold=0.603 | labels: 1249 long, 944 short (57/43%)
    [trial 5] Sharpe=-0.1462 (folds: -0.2221, -0.0141, -0.1924, -0.0865, -0.2159)
    [trial 6] 14 features, training_days=290 | threshold=0.738 | labels: 1249 long, 944 short (57/43%)
    [trial 6] Sharpe=-0.0950 (folds: -0.0900, -0.0381, -0.0893, 0.0253, -0.2828)
    [trial 7] 14 features, training_days=70 | threshold=0.564 | labels: 1249 long, 944 short (57/43%)
    [trial 7] Sharpe=-0.0811 (folds: -0.2209, 0.1117, 0.0092, -0.0856, -0.2202)
    [trial 8] 14 features, training_days=440 | threshold=0.653 | labels: 1249 long, 944 short (57/43%)
    [trial 8] Sharpe=-0.0350 (folds: -0.2220, -0.0038, 0.0028, 0.0728, -0.0249)
    [trial 9] 14 features, training_days=360 | threshold=0.728 | labels: 1249 long, 944 short (57/43%)
    [trial 9] Sharpe=-0.1134 (folds: -0.4258, 0.1075, -0.0905, 0.1127, -0.2711)
  Optuna: 10 trials, best Sharpe = -0.0022
  Best params: n_estimators=233, max_depth=5, lr=0.0137, leaves=108
  Best confidence_threshold: 0.693
  Best training_days: 410
  Retrained on full data (1230 samples, 14 features)
  Model trained for 2024-06: 90 test candles with features, confidence_threshold=0.693
[lgbm] === Training for 2024-07 ===
  Train window: 2022-07-01 → 2024-07-01
  2193 training samples from 1 symbols
  Samples per month: 2022-07: 93, 2022-08: 93, 2022-09: 90, 2022-10: 93, 2022-11: 90, 2022-12: 93, 2023-01: 93, 2023-02: 84, 2023-03: 93, 2023-04: 90, 2023-05: 93, 2023-06: 90, 2023-07: 93, 2023-08: 93, 2023-09: 90, 2023-10: 93, 2023-11: 90, 2023-12: 93, 2024-01: 93, 2024-02: 87, 2024-03: 93, 2024-04: 90, 2024-05: 93, 2024-06: 90
  [label] 2022-09-01 08:00 TRXUSDT entry=0.0622 → SHORT | long=sl(-3.08%) short=timeout(+2.57%) | scanned=22 | no_tp→fwd_return=-2.6667
  [label] 2022-09-03 16:00 TRXUSDT entry=0.0631 → LONG | long=sl(-2.75%) short=sl(-2.75%) | scanned=21 | no_tp→fwd_return=+2.6316
  [label] 2022-09-07 08:00 TRXUSDT entry=0.0607 → LONG | long=tp(+5.18%) short=sl(-2.74%) | scanned=8 | long_tp_only
  [label] 2022-10-02 08:00 TRXUSDT entry=0.0615 → LONG | long=timeout(+1.52%) short=sl(-2.65%) | scanned=22 | no_tp→fwd_return=+1.6250
  [label] 2022-11-24 08:00 TRXUSDT entry=0.0526 → LONG | long=timeout(+3.29%) short=timeout(-3.49%) | scanned=22 | no_tp→fwd_return=+3.3866
  [label] 2023-05-11 08:00 TRXUSDT entry=0.0683 → LONG | long=sl(-2.33%) short=sl(-2.33%) | scanned=11 | no_tp→fwd_return=+2.4612
  [label] 2023-05-15 08:00 TRXUSDT entry=0.0701 → LONG | long=tp(+3.95%) short=sl(-2.12%) | scanned=18 | long_tp_only
  [label] 2023-05-26 00:00 TRXUSDT entry=0.0770 → SHORT | long=sl(-2.43%) short=timeout(+0.91%) | scanned=22 | no_tp→fwd_return=-1.0129
  [label] 2023-07-10 08:00 TRXUSDT entry=0.0775 → LONG | long=tp(+4.54%) short=sl(-2.42%) | scanned=10 | long_tp_only
  [label] 2023-07-19 00:00 TRXUSDT entry=0.0796 → LONG | long=tp(+4.46%) short=sl(-2.38%) | scanned=9 | long_tp_only
  [label] 2023-10-18 16:00 TRXUSDT entry=0.0891 → LONG | long=tp(+3.16%) short=sl(-1.73%) | scanned=5 | long_tp_only
  [label] 2023-11-19 16:00 TRXUSDT entry=0.1035 → SHORT | long=sl(-2.63%) short=tp(+4.96%) | scanned=6 | short_tp_only
  [label] 2023-12-06 00:00 TRXUSDT entry=0.1030 → LONG | long=tp(+4.31%) short=sl(-2.30%) | scanned=9 | long_tp_only
  [label] 2023-12-19 00:00 TRXUSDT entry=0.1014 → LONG | long=tp(+4.95%) short=sl(-2.63%) | scanned=14 | long_tp_only
  [label] 2024-01-06 16:00 TRXUSDT entry=0.1038 → LONG | long=sl(-2.73%) short=sl(-2.73%) | scanned=14 | no_tp→fwd_return=+1.7525
  [label] 2024-01-13 00:00 TRXUSDT entry=0.1094 → LONG | long=tp(+4.88%) short=sl(-2.59%) | scanned=1 | long_tp_only
  [label] 2024-01-25 08:00 TRXUSDT entry=0.1110 → LONG | long=tp(+4.53%) short=sl(-2.42%) | scanned=5 | long_tp_only
  [label] 2024-03-05 08:00 TRXUSDT entry=0.1393 → SHORT | long=sl(-1.74%) short=tp(+3.18%) | scanned=1 | short_tp_only
  [label] 2024-03-15 08:00 TRXUSDT entry=0.1259 → SHORT | long=sl(-2.15%) short=tp(+3.99%) | scanned=11 | short_tp_only
  [label] 2024-06-10 08:00 TRXUSDT entry=0.1172 → SHORT | long=sl(-1.84%) short=timeout(-0.01%) | scanned=22 | no_tp→fwd_return=-0.0853
  Labels: 1256 long (57.3%), 937 short (42.7%) | weights: min=1.00, mean=3.15, max=10.00
  Features: 2193/2193 matched, 14 columns
  CV gap: 22 rows
    [trial 0] 14 features, training_days=230 | threshold=0.779 | labels: 1256 long, 937 short (57/43%)
    [CV fold 0] train_end=2022-10-24 00:00 | val_start=2022-10-31 16:00 | gap=184h (22 rows)
    [CV fold 1] train_end=2023-02-22 16:00 | val_start=2023-03-02 08:00 | gap=184h (22 rows)
    [CV fold 2] train_end=2023-06-24 08:00 | val_start=2023-07-02 00:00 | gap=184h (22 rows)
    [CV fold 3] train_end=2023-10-24 00:00 | val_start=2023-10-31 16:00 | gap=184h (22 rows)
    [CV fold 4] train_end=2024-02-22 16:00 | val_start=2024-03-01 08:00 | gap=184h (22 rows)
    [trial 0] Sharpe=-0.1008 (folds: -0.1466, 0.0801, -0.5362, 0.2437, -0.1449)
    [trial 1] 14 features, training_days=410 | threshold=0.693 | labels: 1256 long, 937 short (57/43%)
    [trial 1] Sharpe=-0.2603 (folds: -0.0822, -0.5890, -0.4714, -0.1089, -0.0499)
    [trial 2] 14 features, training_days=270 | threshold=0.546 | labels: 1256 long, 937 short (57/43%)
    [trial 2] Sharpe=-0.1641 (folds: -0.2858, -0.0243, -0.2830, -0.1332, -0.0942)
    [trial 3] 14 features, training_days=270 | threshold=0.600 | labels: 1256 long, 937 short (57/43%)
    [trial 3] Sharpe=-0.0919 (folds: -0.2465, 0.0261, -0.2543, 0.0306, -0.0152)
    [trial 4] 14 features, training_days=390 | threshold=0.764 | labels: 1256 long, 937 short (57/43%)
    [trial 4] Sharpe=-0.1762 (folds: -0.2256, -0.0113, -0.4991, -0.0913, -0.0538)
    [trial 5] 14 features, training_days=60 | threshold=0.603 | labels: 1256 long, 937 short (57/43%)
    [trial 5] Sharpe=0.0166 (folds: -0.0278, -0.1353, 0.1837, 0.2351, -0.1729)
    [trial 6] 14 features, training_days=290 | threshold=0.738 | labels: 1256 long, 937 short (57/43%)
    [trial 6] Sharpe=-0.0933 (folds: -0.1576, 0.1083, -0.3473, -0.0708, 0.0006)
    [trial 7] 14 features, training_days=70 | threshold=0.564 | labels: 1256 long, 937 short (57/43%)
    [trial 7] Sharpe=0.0102 (folds: -0.0817, -0.2232, 0.2425, 0.2810, -0.1678)
    [trial 8] 14 features, training_days=440 | threshold=0.653 | labels: 1256 long, 937 short (57/43%)
    [trial 8] Sharpe=-0.3740 (folds: -0.3396, -1.1344, -0.5553, 0.1339, 0.0253)
    [trial 9] 14 features, training_days=360 | threshold=0.728 | labels: 1256 long, 937 short (57/43%)
    [trial 9] Sharpe=-0.1936 (folds: -0.3921, 0.2610, -0.8456, 0.0975, -0.0888)
  Optuna: 10 trials, best Sharpe = 0.0166
  Best params: n_estimators=441, max_depth=3, lr=0.0450, leaves=66
  Best confidence_threshold: 0.603
  Best training_days: 60
  Retrained on full data (180 samples, 14 features)
  Model trained for 2024-07: 93 test candles with features, confidence_threshold=0.603
[predict] 2024-07-01 16:00 TRXUSDT → LONG (proba=0.99 TP=3.0%/SL=1.5%)
[trade:open] 2024-07-01 23:59 TRXUSDT LONG @ 0.13 | SL=0.13 TP=0.13 | timeout=2024-07-08 23:59
[trade:close] 2024-07-04 15:59 TRXUSDT LONG → stop_loss @ 0.13 | PnL=-1.50% (net -1.60%) | cum=-23.72% 2024-07=-1.60% 2024-07-04=-1.60%
[predict] 2024-07-06 00:00 TRXUSDT → LONG (proba=0.88 TP=4.2%/SL=2.1%)
[trade:open] 2024-07-06 07:59 TRXUSDT LONG @ 0.13 | SL=0.13 TP=0.13 | timeout=2024-07-13 07:59
[trade:close] 2024-07-07 23:59 TRXUSDT LONG → stop_loss @ 0.13 | PnL=-2.11% (net -2.21%) | cum=-25.93% 2024-07=-3.81% 2024-07-07=-2.21%
[predict] 2024-07-09 08:00 TRXUSDT → LONG (proba=0.88 TP=4.4%/SL=2.2%)
[trade:open] 2024-07-09 15:59 TRXUSDT LONG @ 0.13 | SL=0.13 TP=0.13 | timeout=2024-07-16 15:59
[trade:close] 2024-07-11 15:59 TRXUSDT LONG → take_profit @ 0.13 | PnL=+4.42% (net +4.32%) | cum=-21.61% 2024-07=+0.51% 2024-07-11=+4.32%
[predict] 2024-07-14 00:00 TRXUSDT → SHORT (proba=0.66 TP=4.0%/SL=2.0%)
[trade:open] 2024-07-14 07:59 TRXUSDT SHORT @ 0.14 | SL=0.14 TP=0.13 | timeout=2024-07-21 07:59
[trade:close] 2024-07-21 08:00 TRXUSDT SHORT → timeout @ 0.13 | PnL=+2.90% (net +2.80%) | cum=-18.81% 2024-07=+3.31% 2024-07-21=+2.80%[I 2026-05-06 02:25:28,165] A new study created in memory with name: no-name-39d8641c-5f6c-4216-a7a3-7d0f3a9d067a
[I 2026-05-06 02:25:28,420] Trial 0 finished with value: -0.05612387464014611 and parameters: {'confidence_threshold': 0.7790993046299082, 'training_days': 230, 'n_estimators': 295, 'max_depth': 5, 'num_leaves': 83, 'learning_rate': 0.051543455158230854, 'subsample': 0.8773243492079463, 'min_child_samples': 10, 'reg_alpha': 0.034096514368237685, 'reg_lambda': 3.154180388637081e-05}. Best is trial 0 with value: -0.05612387464014611.
[I 2026-05-06 02:25:28,564] Trial 1 finished with value: -0.08808853046407529 and parameters: {'confidence_threshold': 0.6929247853618086, 'training_days': 410, 'n_estimators': 233, 'max_depth': 5, 'num_leaves': 108, 'learning_rate': 0.013724237108071606, 'subsample': 0.7013182233636002, 'min_child_samples': 94, 'reg_alpha': 2.4040959529260723e-06, 'reg_lambda': 5.320966582161148}. Best is trial 0 with value: -0.05612387464014611.
[I 2026-05-06 02:25:28,634] Trial 2 finished with value: -0.11452429264782316 and parameters: {'confidence_threshold': 0.546341527225763, 'training_days': 270, 'n_estimators': 120, 'max_depth': 4, 'num_leaves': 53, 'learning_rate': 0.060197068579343475, 'subsample': 0.588227873455941, 'min_child_samples': 91, 'reg_alpha': 2.3457771824819002e-08, 'reg_lambda': 1.1358840775642732e-08}. Best is trial 0 with value: -0.05612387464014611.
[I 2026-05-06 02:25:28,821] Trial 3 finished with value: -0.06341953781910883 and parameters: {'confidence_threshold': 0.6000319676300473, 'training_days': 270, 'n_estimators': 382, 'max_depth': 4, 'num_leaves': 44, 'learning_rate': 0.09185046765032388, 'subsample': 0.6743651508646724, 'min_child_samples': 77, 'reg_alpha': 0.0013974578104212739, 'reg_lambda': 8.97190257982477e-08}. Best is trial 0 with value: -0.05612387464014611.
[I 2026-05-06 02:25:29,215] Trial 4 finished with value: -0.10327070828308078 and parameters: {'confidence_threshold': 0.7642618789055509, 'training_days': 390, 'n_estimators': 464, 'max_depth': 5, 'num_leaves': 30, 'learning_rate': 0.024562383309704932, 'subsample': 0.8612975035964376, 'min_child_samples': 36, 'reg_alpha': 1.593999300080167, 'reg_lambda': 0.006081270362829788}. Best is trial 0 with value: -0.05612387464014611.
[I 2026-05-06 02:25:29,359] Trial 5 finished with value: -0.05514385413941726 and parameters: {'confidence_threshold': 0.6029115860358569, 'training_days': 60, 'n_estimators': 441, 'max_depth': 3, 'num_leaves': 66, 'learning_rate': 0.044953114425778824, 'subsample': 0.7098948461279406, 'min_child_samples': 15, 'reg_alpha': 4.888753565548431e-07, 'reg_lambda': 4.198190642566389}. Best is trial 5 with value: -0.05514385413941726.
[I 2026-05-06 02:25:29,610] Trial 6 finished with value: -0.10544645019368999 and parameters: {'confidence_threshold': 0.7376932868314098, 'training_days': 290, 'n_estimators': 249, 'max_depth': 5, 'num_leaves': 121, 'learning_rate': 0.015565840632862623, 'subsample': 0.8390183783709677, 'min_child_samples': 19, 'reg_alpha': 1.860444687368747e-08, 'reg_lambda': 2.7391483548058117e-06}. Best is trial 5 with value: -0.05514385413941726.
[I 2026-05-06 02:25:29,651] Trial 7 finished with value: -0.058262035232200235 and parameters: {'confidence_threshold': 0.563503962036334, 'training_days': 70, 'n_estimators': 63, 'max_depth': 3, 'num_leaves': 47, 'learning_rate': 0.18074927623018475, 'subsample': 0.5059692991701257, 'min_child_samples': 9, 'reg_alpha': 3.6945804405602874e-08, 'reg_lambda': 0.027706035542028905}. Best is trial 5 with value: -0.05514385413941726.
[I 2026-05-06 02:25:29,741] Trial 8 finished with value: -0.10270656365428284 and parameters: {'confidence_threshold': 0.6525471176758836, 'training_days': 440, 'n_estimators': 116, 'max_depth': 4, 'num_leaves': 115, 'learning_rate': 0.010229952960863938, 'subsample': 0.5062159465415076, 'min_child_samples': 54, 'reg_alpha': 6.790626457822126e-06, 'reg_lambda': 1.7869141074987722e-05}. Best is trial 5 with value: -0.05514385413941726.
[I 2026-05-06 02:25:29,837] Trial 9 finished with value: 0.0001089122489987604 and parameters: {'confidence_threshold': 0.7277571993354469, 'training_days': 360, 'n_estimators': 75, 'max_depth': 5, 'num_leaves': 41, 'learning_rate': 0.014186743931212992, 'subsample': 0.7445187273047605, 'min_child_samples': 22, 'reg_alpha': 0.02393227447113315, 'reg_lambda': 0.009236766173618426}. Best is trial 9 with value: 0.0001089122489987604.

[predict] 2024-07-27 08:00 TRXUSDT → SHORT (proba=1.00 TP=3.2%/SL=1.6%)
[trade:open] 2024-07-27 15:59 TRXUSDT SHORT @ 0.14 | SL=0.14 TP=0.13 | timeout=2024-08-03 15:59
[trade:close] 2024-07-29 07:59 TRXUSDT SHORT → stop_loss @ 0.14 | PnL=-1.59% (net -1.69%) | cum=-20.49% 2024-07=+1.62% 2024-07-29=-1.69%
[predict] 2024-07-30 16:00 TRXUSDT → SHORT (proba=0.96 TP=3.7%/SL=1.8%)
[trade:open] 2024-07-30 23:59 TRXUSDT SHORT @ 0.13 | SL=0.14 TP=0.13 | timeout=2024-08-06 23:59
[lgbm] === Training for 2024-08 ===
  Train window: 2022-08-01 → 2024-08-01
  2193 training samples from 1 symbols
  Samples per month: 2022-08: 93, 2022-09: 90, 2022-10: 93, 2022-11: 90, 2022-12: 93, 2023-01: 93, 2023-02: 84, 2023-03: 93, 2023-04: 90, 2023-05: 93, 2023-06: 90, 2023-07: 93, 2023-08: 93, 2023-09: 90, 2023-10: 93, 2023-11: 90, 2023-12: 93, 2024-01: 93, 2024-02: 87, 2024-03: 93, 2024-04: 90, 2024-05: 93, 2024-06: 90, 2024-07: 93
  [label] 2022-10-02 08:00 TRXUSDT entry=0.0615 → LONG | long=timeout(+1.52%) short=sl(-2.65%) | scanned=22 | no_tp→fwd_return=+1.6250
  [label] 2022-10-04 16:00 TRXUSDT entry=0.0623 → LONG | long=tp(+4.49%) short=sl(-2.40%) | scanned=17 | long_tp_only
  [label] 2022-10-08 08:00 TRXUSDT entry=0.0623 → LONG | long=tp(+3.97%) short=sl(-2.14%) | scanned=6 | long_tp_only
  [label] 2022-11-02 08:00 TRXUSDT entry=0.0624 → LONG | long=tp(+4.01%) short=sl(-2.15%) | scanned=12 | long_tp_only
  [label] 2022-12-25 08:00 TRXUSDT entry=0.0544 → LONG | long=timeout(+0.69%) short=timeout(-0.89%) | scanned=22 | no_tp→fwd_return=+0.7907
  [label] 2023-06-11 08:00 TRXUSDT entry=0.0691 → LONG | long=timeout(+1.91%) short=sl(-4.27%) | scanned=22 | no_tp→fwd_return=+2.0127
  [label] 2023-06-15 08:00 TRXUSDT entry=0.0703 → LONG | long=timeout(+1.89%) short=sl(-3.74%) | scanned=22 | no_tp→fwd_return=+1.9923
  [label] 2023-06-26 00:00 TRXUSDT entry=0.0734 → LONG | long=tp(+5.43%) short=sl(-2.87%) | scanned=16 | long_tp_only
  [label] 2023-08-10 08:00 TRXUSDT entry=0.0772 → SHORT | long=sl(-1.98%) short=tp(+3.67%) | scanned=19 | short_tp_only
  [label] 2023-08-19 00:00 TRXUSDT entry=0.0733 → LONG | long=tp(+4.02%) short=sl(-2.16%) | scanned=5 | long_tp_only
  [label] 2023-11-18 16:00 TRXUSDT entry=0.1029 → SHORT | long=sl(-2.78%) short=tp(+5.27%) | scanned=9 | short_tp_only
  [label] 2023-12-20 16:00 TRXUSDT entry=0.1027 → LONG | long=tp(+4.54%) short=sl(-2.42%) | scanned=12 | long_tp_only
  [label] 2024-01-06 00:00 TRXUSDT entry=0.1027 → LONG | long=tp(+5.39%) short=sl(-2.85%) | scanned=21 | long_tp_only
  [label] 2024-01-19 00:00 TRXUSDT entry=0.1084 → LONG | long=timeout(+4.62%) short=sl(-3.07%) | scanned=22 | no_tp→fwd_return=+4.7250
  [label] 2024-02-06 16:00 TRXUSDT entry=0.1210 → LONG | long=tp(+4.47%) short=sl(-2.38%) | scanned=4 | long_tp_only
  [label] 2024-02-13 00:00 TRXUSDT entry=0.1258 → LONG | long=tp(+3.80%) short=sl(-2.05%) | scanned=6 | long_tp_only
  [label] 2024-02-25 08:00 TRXUSDT entry=0.1377 → LONG | long=tp(+3.01%) short=sl(-1.65%) | scanned=6 | long_tp_only
  [label] 2024-04-05 08:00 TRXUSDT entry=0.1182 → LONG | long=tp(+4.26%) short=sl(-2.28%) | scanned=9 | long_tp_only
  [label] 2024-04-15 08:00 TRXUSDT entry=0.1123 → SHORT | long=sl(-3.40%) short=tp(+6.50%) | scanned=11 | short_tp_only
  [label] 2024-07-11 08:00 TRXUSDT entry=0.1344 → LONG | long=tp(+3.99%) short=sl(-2.15%) | scanned=5 | long_tp_only
  Labels: 1234 long (56.3%), 959 short (43.7%) | weights: min=1.00, mean=3.10, max=10.00
  Features: 2193/2193 matched, 14 columns
  CV gap: 22 rows
    [trial 0] 14 features, training_days=230 | threshold=0.779 | labels: 1234 long, 959 short (56/44%)
    [CV fold 0] train_end=2022-11-24 00:00 | val_start=2022-12-01 16:00 | gap=184h (22 rows)
    [CV fold 1] train_end=2023-03-25 16:00 | val_start=2023-04-02 08:00 | gap=184h (22 rows)
    [CV fold 2] train_end=2023-07-25 08:00 | val_start=2023-08-02 00:00 | gap=184h (22 rows)
    [CV fold 3] train_end=2023-11-24 00:00 | val_start=2023-12-01 16:00 | gap=184h (22 rows)
    [CV fold 4] train_end=2024-03-24 16:00 | val_start=2024-04-01 08:00 | gap=184h (22 rows)
    [trial 0] Sharpe=-0.0561 (folds: -0.0945, -0.1804, -0.1625, 0.1345, 0.0223)
    [trial 1] 14 features, training_days=410 | threshold=0.693 | labels: 1234 long, 959 short (56/44%)
    [trial 1] Sharpe=-0.0881 (folds: -0.0987, -0.3996, -0.1511, -0.0807, 0.2896)
    [trial 2] 14 features, training_days=270 | threshold=0.546 | labels: 1234 long, 959 short (56/44%)
    [trial 2] Sharpe=-0.1145 (folds: -0.2070, -0.3166, -0.0814, -0.0479, 0.0803)
    [trial 3] 14 features, training_days=270 | threshold=0.600 | labels: 1234 long, 959 short (56/44%)
    [trial 3] Sharpe=-0.0634 (folds: -0.0980, -0.2516, -0.0060, -0.0903, 0.1289)
    [trial 4] 14 features, training_days=390 | threshold=0.764 | labels: 1234 long, 959 short (56/44%)
    [trial 4] Sharpe=-0.1033 (folds: -0.0762, -0.2225, -0.2113, -0.1903, 0.1839)
    [trial 5] 14 features, training_days=60 | threshold=0.603 | labels: 1234 long, 959 short (56/44%)
    [trial 5] Sharpe=-0.0551 (folds: 0.0661, -0.2907, -0.0959, -0.0473, 0.0922)
    [trial 6] 14 features, training_days=290 | threshold=0.738 | labels: 1234 long, 959 short (56/44%)
    [trial 6] Sharpe=-0.1054 (folds: -0.2316, -0.1532, -0.0516, -0.0737, -0.0171)
    [trial 7] 14 features, training_days=70 | threshold=0.564 | labels: 1234 long, 959 short (56/44%)
    [trial 7] Sharpe=-0.0583 (folds: 0.0765, -0.5277, 0.1112, -0.0148, 0.0635)
    [trial 8] 14 features, training_days=440 | threshold=0.653 | labels: 1234 long, 959 short (56/44%)
    [trial 8] Sharpe=-0.1027 (folds: -0.1724, -0.4873, -0.2222, -0.0704, 0.4388)
    [trial 9] 14 features, training_days=360 | threshold=0.728 | labels: 1234 long, 959 short (56/44%)
    [trial 9] Sharpe=0.0001 (folds: -0.0849, -0.4396, -0.0577, 0.4446, 0.1382)
  Optuna: 10 trials, best Sharpe = 0.0001
  Best params: n_estimators=75, max_depth=5, lr=0.0142, leaves=41
  Best confidence_threshold: 0.728
  Best training_days: 360
  Retrained on full data (1080 samples, 14 features)
  Model trained for 2024-08: 93 test candles with features, confidence_threshold=0.728
[trade:close] 2024-08-01 15:59 TRXUSDT SHORT → take_profit @ 0.13 | PnL=+3.67% (net +3.57%) | cum=-16.92% 2024-08=+3.57% 2024-08-01=+3.57%
[predict] 2024-08-29 00:00 TRXUSDT → SHORT (proba=0.75 TP=6.9%/SL=3.4%)
[trade:open] 2024-08-29 07:59 TRXUSDT SHORT @ 0.16 | SL=0.16 TP=0.15 | timeout=2024-09-05 07:59
[lgbm] === Training for 2024-09 ===
  Train window: 2022-09-01 → 2024-09-01
  2193 training samples from 1 symbols
  Samples per month: 2022-09: 90, 2022-10: 93, 2022-11: 90, 2022-12: 93, 2023-01: 93, 2023-02: 84, 2023-03: 93, 2023-04: 90, 2023-05: 93, 2023-06: 90, 2023-07: 93, 2023-08: 93, 2023-09: 90, 2023-10: 93, 2023-11: 90, 2023-12: 93, 2024-01: 93, 2024-02: 87, 2024-03: 93, 2024-04: 90, 2024-05: 93, 2024-06: 90, 2024-07: 93, 2024-08: 93
  [label] 2022-11-02 08:00 TRXUSDT entry=0.0624 → LONG | long=tp(+4.01%) short=sl(-2.15%) | scanned=12 | long_tp_only
  [label] 2022-11-04 16:00 TRXUSDT entry=0.0638 → SHORT | long=sl(-2.24%) short=sl(-2.24%) | scanned=7 | no_tp→fwd_return=-2.8840
  [label] 2022-11-08 08:00 TRXUSDT entry=0.0614 → SHORT | long=sl(-2.70%) short=sl(-2.70%) | scanned=1 | no_tp→fwd_return=-4.3981
  [label] 2022-12-03 08:00 TRXUSDT entry=0.0539 → LONG | long=timeout(+1.92%) short=timeout(-2.12%) | scanned=22 | no_tp→fwd_return=+2.0208
  [label] 2023-01-25 08:00 TRXUSDT entry=0.0605 → LONG | long=timeout(+2.00%) short=sl(-3.66%) | scanned=22 | no_tp→fwd_return=+2.0974
  [label] 2023-07-12 08:00 TRXUSDT entry=0.0774 → LONG | long=tp(+4.03%) short=sl(-2.17%) | scanned=4 | long_tp_only
  [label] 2023-07-16 08:00 TRXUSDT entry=0.0799 → LONG | long=tp(+4.66%) short=sl(-2.48%) | scanned=17 | long_tp_only
  [label] 2023-07-27 00:00 TRXUSDT entry=0.0824 → SHORT | long=sl(-2.88%) short=sl(-2.88%) | scanned=11 | no_tp→fwd_return=-2.9615
  [label] 2023-09-10 08:00 TRXUSDT entry=0.0782 → LONG | long=sl(-1.56%) short=sl(-1.56%) | scanned=6 | no_tp→fwd_return=+5.0006
  [label] 2023-09-19 00:00 TRXUSDT entry=0.0841 → LONG | long=sl(-1.83%) short=timeout(-0.67%) | scanned=22 | no_tp→fwd_return=+0.5705[I 2026-05-06 02:25:30,274] A new study created in memory with name: no-name-48770da0-57b2-4e81-927f-4f7152becd6c
[I 2026-05-06 02:25:30,556] Trial 0 finished with value: -0.0784046080917731 and parameters: {'confidence_threshold': 0.7790993046299082, 'training_days': 230, 'n_estimators': 295, 'max_depth': 5, 'num_leaves': 83, 'learning_rate': 0.051543455158230854, 'subsample': 0.8773243492079463, 'min_child_samples': 10, 'reg_alpha': 0.034096514368237685, 'reg_lambda': 3.154180388637081e-05}. Best is trial 0 with value: -0.0784046080917731.
