[I 2026-05-06 02:22:26,504] Trial 1 finished with value: -0.0757989018249768 and parameters: {'confidence_threshold': 0.6929247853618086, 'training_days': 410, 'n_estimators': 233, 'max_depth': 5, 'num_leaves': 108, 'learning_rate': 0.013724237108071606, 'subsample': 0.7013182233636002, 'min_child_samples': 94, 'reg_alpha': 2.4040959529260723e-06, 'reg_lambda': 5.320966582161148}. Best is trial 0 with value: -0.04135095554624108.
[I 2026-05-06 02:22:26,578] Trial 2 finished with value: -0.1288784533071507 and parameters: {'confidence_threshold': 0.546341527225763, 'training_days': 270, 'n_estimators': 120, 'max_depth': 4, 'num_leaves': 53, 'learning_rate': 0.060197068579343475, 'subsample': 0.588227873455941, 'min_child_samples': 91, 'reg_alpha': 2.3457771824819002e-08, 'reg_lambda': 1.1358840775642732e-08}. Best is trial 0 with value: -0.04135095554624108.
[I 2026-05-06 02:22:26,766] Trial 3 finished with value: -0.029351318133206915 and parameters: {'confidence_threshold': 0.6000319676300473, 'training_days': 270, 'n_estimators': 382, 'max_depth': 4, 'num_leaves': 44, 'learning_rate': 0.09185046765032388, 'subsample': 0.6743651508646724, 'min_child_samples': 77, 'reg_alpha': 0.0013974578104212739, 'reg_lambda': 8.97190257982477e-08}. Best is trial 3 with value: -0.029351318133206915.
[I 2026-05-06 02:22:27,157] Trial 4 finished with value: -0.11245732432475752 and parameters: {'confidence_threshold': 0.7642618789055509, 'training_days': 390, 'n_estimators': 464, 'max_depth': 5, 'num_leaves': 30, 'learning_rate': 0.024562383309704932, 'subsample': 0.8612975035964376, 'min_child_samples': 36, 'reg_alpha': 1.593999300080167, 'reg_lambda': 0.006081270362829788}. Best is trial 3 with value: -0.029351318133206915.
[I 2026-05-06 02:22:27,311] Trial 5 finished with value: 0.034704565070644636 and parameters: {'confidence_threshold': 0.6029115860358569, 'training_days': 60, 'n_estimators': 441, 'max_depth': 3, 'num_leaves': 66, 'learning_rate': 0.044953114425778824, 'subsample': 0.7098948461279406, 'min_child_samples': 15, 'reg_alpha': 4.888753565548431e-07, 'reg_lambda': 4.198190642566389}. Best is trial 5 with value: 0.034704565070644636.
[I 2026-05-06 02:22:27,552] Trial 6 finished with value: -0.16710617820457352 and parameters: {'confidence_threshold': 0.7376932868314098, 'training_days': 290, 'n_estimators': 249, 'max_depth': 5, 'num_leaves': 121, 'learning_rate': 0.015565840632862623, 'subsample': 0.8390183783709677, 'min_child_samples': 19, 'reg_alpha': 1.860444687368747e-08, 'reg_lambda': 2.7391483548058117e-06}. Best is trial 5 with value: 0.034704565070644636.
[I 2026-05-06 02:22:27,594] Trial 7 finished with value: 0.005911182151589723 and parameters: {'confidence_threshold': 0.563503962036334, 'training_days': 70, 'n_estimators': 63, 'max_depth': 3, 'num_leaves': 47, 'learning_rate': 0.18074927623018475, 'subsample': 0.5059692991701257, 'min_child_samples': 9, 'reg_alpha': 3.6945804405602874e-08, 'reg_lambda': 0.027706035542028905}. Best is trial 5 with value: 0.034704565070644636.
[I 2026-05-06 02:22:27,680] Trial 8 finished with value: -0.4488297518680942 and parameters: {'confidence_threshold': 0.6525471176758836, 'training_days': 440, 'n_estimators': 116, 'max_depth': 4, 'num_leaves': 115, 'learning_rate': 0.010229952960863938, 'subsample': 0.5062159465415076, 'min_child_samples': 54, 'reg_alpha': 6.790626457822126e-06, 'reg_lambda': 1.7869141074987722e-05}. Best is trial 5 with value: 0.034704565070644636.
[I 2026-05-06 02:22:27,772] Trial 9 finished with value: 0.0181139307276314 and parameters: {'confidence_threshold': 0.7277571993354469, 'training_days': 360, 'n_estimators': 75, 'max_depth': 5, 'num_leaves': 41, 'learning_rate': 0.014186743931212992, 'subsample': 0.7445187273047605, 'min_child_samples': 22, 'reg_alpha': 0.02393227447113315, 'reg_lambda': 0.009236766173618426}. Best is trial 5 with value: 0.034704565070644636.

  [label] 2022-12-14 08:00 MKRUSDT entry=605.4000 → SHORT | long=sl(-3.44%) short=tp(+6.57%) | scanned=7 | short_tp_only
  [label] 2022-12-26 16:00 MKRUSDT entry=549.0000 → SHORT | long=sl(-3.12%) short=tp(+5.94%) | scanned=6 | short_tp_only
  [label] 2023-02-04 08:00 MKRUSDT entry=715.3000 → LONG | long=sl(-5.18%) short=sl(-5.18%) | scanned=10 | no_tp→fwd_return=+10.5410
  [label] 2023-02-14 08:00 MKRUSDT entry=764.2000 → LONG | long=sl(-6.77%) short=timeout(-1.66%) | scanned=22 | no_tp→fwd_return=+1.5572
  [label] 2023-05-11 16:00 MKRUSDT entry=621.7000 → LONG | long=timeout(+0.53%) short=timeout(-0.73%) | scanned=22 | no_tp→fwd_return=+0.6273
  Labels: 935 long (43.0%), 1240 short (57.0%) | weights: min=1.00, mean=2.98, max=10.00
  Features: 2175/2175 matched, 14 columns
  CV gap: 22 rows
    [trial 0] 14 features, training_days=230 | threshold=0.779 | labels: 935 long, 1240 short (43/57%)
    [CV fold 0] train_end=2021-09-23 00:00 | val_start=2021-09-30 16:00 | gap=184h (22 rows)
    [CV fold 1] train_end=2022-01-21 16:00 | val_start=2022-01-29 08:00 | gap=184h (22 rows)
    [CV fold 2] train_end=2022-05-27 08:00 | val_start=2022-06-04 00:00 | gap=184h (22 rows)
    [CV fold 3] train_end=2022-09-25 00:00 | val_start=2022-10-02 16:00 | gap=184h (22 rows)
    [CV fold 4] train_end=2023-01-23 16:00 | val_start=2023-01-31 08:00 | gap=184h (22 rows)
    [trial 0] Sharpe=-0.0414 (folds: -0.1669, -0.2081, 0.1821, 0.1974, -0.2112)
    [trial 1] 14 features, training_days=410 | threshold=0.693 | labels: 935 long, 1240 short (43/57%)
    [trial 1] Sharpe=-0.0758 (folds: -0.1984, -0.1200, -0.0155, -0.0054, -0.0396)
    [trial 2] 14 features, training_days=270 | threshold=0.546 | labels: 935 long, 1240 short (43/57%)
    [trial 2] Sharpe=-0.1289 (folds: -0.3617, -0.3723, 0.0188, 0.0161, 0.0547)
    [trial 3] 14 features, training_days=270 | threshold=0.600 | labels: 935 long, 1240 short (43/57%)
    [trial 3] Sharpe=-0.0294 (folds: -0.1110, -0.1885, -0.0096, 0.0707, 0.0917)
    [trial 4] 14 features, training_days=390 | threshold=0.764 | labels: 935 long, 1240 short (43/57%)
    [trial 4] Sharpe=-0.1125 (folds: -0.5545, -0.1940, 0.1007, 0.1305, -0.0450)
    [trial 5] 14 features, training_days=60 | threshold=0.603 | labels: 935 long, 1240 short (43/57%)
    [trial 5] Sharpe=0.0347 (folds: -0.1330, 0.3163, 0.1589, 0.1604, -0.3290)
    [trial 6] 14 features, training_days=290 | threshold=0.738 | labels: 935 long, 1240 short (43/57%)
    [trial 6] Sharpe=-0.1671 (folds: -0.2789, -0.0405, -0.0675, -0.0038, -0.4449)
    [trial 7] 14 features, training_days=70 | threshold=0.564 | labels: 935 long, 1240 short (43/57%)
    [trial 7] Sharpe=0.0059 (folds: -0.0447, 0.2414, 0.0314, 0.1690, -0.3676)
    [trial 8] 14 features, training_days=440 | threshold=0.653 | labels: 935 long, 1240 short (43/57%)
    [trial 8] Sharpe=-0.4488 (folds: -0.3193, 0.0533, 0.1176, 0.1518, -2.2476)
    [trial 9] 14 features, training_days=360 | threshold=0.728 | labels: 935 long, 1240 short (43/57%)
    [trial 9] Sharpe=0.0181 (folds: -0.2084, 0.1405, 0.0214, 0.2979, -0.1608)
  Optuna: 10 trials, best Sharpe = 0.0347
  Best params: n_estimators=441, max_depth=3, lr=0.0450, leaves=66
  Best confidence_threshold: 0.603
  Best training_days: 60
  Retrained on full data (180 samples, 14 features)
  Model trained for 2023-06: 90 test candles with features, confidence_threshold=0.603
[predict] 2023-06-05 16:00 MKRUSDT → LONG (proba=0.98 TP=6.6%/SL=3.3%)
[trade:open] 2023-06-05 23:59 MKRUSDT LONG @ 648.10 | SL=626.84 TP=690.62 | timeout=2023-06-12 23:59
[trade:close] 2023-06-07 15:59 MKRUSDT LONG → stop_loss @ 626.84 | PnL=-3.28% (net -3.38%) | cum=-33.47% 2023-06=-3.38% 2023-06-07=-3.38%
[predict] 2023-06-10 16:00 MKRUSDT → LONG (proba=0.99 TP=10.0%/SL=5.0%)
[trade:open] 2023-06-10 23:59 MKRUSDT LONG @ 629.80 | SL=598.27 TP=692.86 | timeout=2023-06-17 23:59
[trade:close] 2023-06-11 07:59 MKRUSDT LONG → stop_loss @ 598.27 | PnL=-5.01% (net -5.11%) | cum=-38.57% 2023-06=-8.49% 2023-06-11=-5.11%
[predict] 2023-06-12 16:00 MKRUSDT → LONG (proba=0.99 TP=10.0%/SL=5.0%)
[trade:open] 2023-06-12 23:59 MKRUSDT LONG @ 628.40 | SL=596.88 TP=691.44 | timeout=2023-06-19 23:59
[trade:close] 2023-06-19 15:59 MKRUSDT LONG → take_profit @ 691.44 | PnL=+10.03% (net +9.93%) | cum=-28.64% 2023-06=+1.45% 2023-06-19=+9.93%
[predict] 2023-06-21 00:00 MKRUSDT → LONG (proba=0.77 TP=8.2%/SL=4.1%)
[trade:open] 2023-06-21 07:59 MKRUSDT LONG @ 740.20 | SL=709.79 TP=801.03 | timeout=2023-06-28 07:59
[trade:close] 2023-06-24 07:59 MKRUSDT LONG → stop_loss @ 709.79 | PnL=-4.11% (net -4.21%) | cum=-32.85% 2023-06=-2.76% 2023-06-24=-4.21%
[predict] 2023-06-26 16:00 MKRUSDT → LONG (proba=0.99 TP=10.3%/SL=5.1%)
[trade:open] 2023-06-26 23:59 MKRUSDT LONG @ 688.30 | SL=652.91 TP=759.09 | timeout=2023-07-03 23:59
[trade:close] 2023-06-30 15:59 MKRUSDT LONG → take_profit @ 759.09 | PnL=+10.28% (net +10.18%) | cum=-22.66% 2023-06=+7.42% 2023-06-30=+10.18%
[lgbm] === Training for 2023-07 ===
  Train window: 2021-07-01 → 2023-07-01
  2175 training samples from 1 symbols
  Samples per month: 2021-07: 93, 2021-08: 93, 2021-09: 90, 2021-10: 93, 2021-11: 90, 2021-12: 93, 2022-01: 93, 2022-02: 75, 2022-03: 93, 2022-04: 84, 2022-05: 93, 2022-06: 90, 2022-07: 93, 2022-08: 93, 2022-09: 90, 2022-10: 93, 2022-11: 90, 2022-12: 93, 2023-01: 93, 2023-02: 84, 2023-03: 93, 2023-04: 90, 2023-05: 93, 2023-06: 90
  [label] 2021-08-31 16:00 MKRUSDT entry=3528.4000 → SHORT | long=sl(-6.29%) short=sl(-6.29%) | scanned=20 | no_tp→fwd_return=-12.6290
  [label] 2021-09-03 00:00 MKRUSDT entry=3520.0000 → SHORT | long=sl(-5.78%) short=sl(-5.78%) | scanned=13 | no_tp→fwd_return=-12.4205
  [label] 2021-09-06 16:00 MKRUSDT entry=3625.8000 → SHORT | long=sl(-5.20%) short=tp(+10.11%) | scanned=2 | short_tp_only
  [label] 2021-10-01 16:00 MKRUSDT entry=2442.9000 → LONG | long=timeout(+2.34%) short=timeout(-2.54%) | scanned=22 | no_tp→fwd_return=+2.4397
  [label] 2021-11-23 00:00 MKRUSDT entry=2929.1000 → LONG | long=tp(+13.60%) short=sl(-6.95%) | scanned=7 | long_tp_only
  [label] 2022-05-13 16:00 MKRUSDT entry=1381.9000 → LONG | long=timeout(+0.70%) short=sl(-17.60%) | scanned=22 | no_tp→fwd_return=+0.7960
  [label] 2022-05-17 16:00 MKRUSDT entry=1570.8000 → SHORT | long=sl(-14.41%) short=timeout(+17.50%) | scanned=22 | no_tp→fwd_return=-17.5961
  [label] 2022-05-28 08:00 MKRUSDT entry=1218.7000 → SHORT | long=timeout(-4.07%) short=sl(-10.39%) | scanned=22 | no_tp→fwd_return=-3.9714
  [label] 2022-07-12 08:00 MKRUSDT entry=868.0000 → LONG | long=sl(-7.06%) short=sl(-7.06%) | scanned=9 | no_tp→fwd_return=+4.9770
  [label] 2022-07-21 00:00 MKRUSDT entry=961.5000 → LONG | long=sl(-7.45%) short=sl(-7.45%) | scanned=21 | no_tp→fwd_return=+4.8986
  [label] 2022-10-19 16:00 MKRUSDT entry=1087.1000 → SHORT | long=sl(-6.27%) short=tp(+12.23%) | scanned=11 | short_tp_only
  [label] 2022-11-20 16:00 MKRUSDT entry=657.1000 → SHORT | long=timeout(-2.93%) short=timeout(+2.73%) | scanned=22 | no_tp→fwd_return=-2.8306
  [label] 2022-12-06 16:00 MKRUSDT entry=630.8000 → SHORT | long=sl(-3.63%) short=tp(+6.95%) | scanned=16 | short_tp_only
  [label] 2022-12-19 16:00 MKRUSDT entry=527.2000 → LONG | long=timeout(+4.04%) short=sl(-4.44%) | scanned=22 | no_tp→fwd_return=+4.1351
  [label] 2023-01-07 00:00 MKRUSDT entry=542.9000 → LONG | long=tp(+6.28%) short=sl(-3.29%) | scanned=3 | long_tp_only
  [label] 2023-01-13 08:00 MKRUSDT entry=654.2000 → LONG | long=tp(+8.69%) short=sl(-4.50%) | scanned=2 | long_tp_only
  [label] 2023-01-25 16:00 MKRUSDT entry=667.0000 → LONG | long=sl(-6.47%) short=timeout(-0.41%) | scanned=22 | no_tp→fwd_return=+0.3148
  [label] 2023-03-06 08:00 MKRUSDT entry=946.9000 → SHORT | long=sl(-6.61%) short=tp(+12.93%) | scanned=10 | short_tp_only
  [label] 2023-03-16 08:00 MKRUSDT entry=728.6000 → SHORT | long=timeout(-6.04%) short=timeout(+5.84%) | scanned=22 | no_tp→fwd_return=-5.9429
  [label] 2023-06-10 16:00 MKRUSDT entry=629.8000 → LONG | long=sl(-5.11%) short=sl(-5.11%) | scanned=17 | no_tp→fwd_return=+6.9863
  Labels: 969 long (44.6%), 1206 short (55.4%) | weights: min=1.00, mean=2.91, max=10.00[I 2026-05-06 02:22:28,079] A new study created in memory with name: no-name-144ccca2-955b-442b-82ab-1fd98b61937d
[I 2026-05-06 02:22:28,368] Trial 0 finished with value: 0.07766390425341044 and parameters: {'confidence_threshold': 0.7790993046299082, 'training_days': 230, 'n_estimators': 295, 'max_depth': 5, 'num_leaves': 83, 'learning_rate': 0.051543455158230854, 'subsample': 0.8773243492079463, 'min_child_samples': 10, 'reg_alpha': 0.034096514368237685, 'reg_lambda': 3.154180388637081e-05}. Best is trial 0 with value: 0.07766390425341044.
[I 2026-05-06 02:22:28,534] Trial 1 finished with value: 0.043164988412140906 and parameters: {'confidence_threshold': 0.6929247853618086, 'training_days': 410, 'n_estimators': 233, 'max_depth': 5, 'num_leaves': 108, 'learning_rate': 0.013724237108071606, 'subsample': 0.7013182233636002, 'min_child_samples': 94, 'reg_alpha': 2.4040959529260723e-06, 'reg_lambda': 5.320966582161148}. Best is trial 0 with value: 0.07766390425341044.
[I 2026-05-06 02:22:28,619] Trial 2 finished with value: -0.0304831428516261 and parameters: {'confidence_threshold': 0.546341527225763, 'training_days': 270, 'n_estimators': 120, 'max_depth': 4, 'num_leaves': 53, 'learning_rate': 0.060197068579343475, 'subsample': 0.588227873455941, 'min_child_samples': 91, 'reg_alpha': 2.3457771824819002e-08, 'reg_lambda': 1.1358840775642732e-08}. Best is trial 0 with value: 0.07766390425341044.
[I 2026-05-06 02:22:28,817] Trial 3 finished with value: 0.033493431888545123 and parameters: {'confidence_threshold': 0.6000319676300473, 'training_days': 270, 'n_estimators': 382, 'max_depth': 4, 'num_leaves': 44, 'learning_rate': 0.09185046765032388, 'subsample': 0.6743651508646724, 'min_child_samples': 77, 'reg_alpha': 0.0013974578104212739, 'reg_lambda': 8.97190257982477e-08}. Best is trial 0 with value: 0.07766390425341044.
[I 2026-05-06 02:22:29,277] Trial 4 finished with value: -0.011935885296888812 and parameters: {'confidence_threshold': 0.7642618789055509, 'training_days': 390, 'n_estimators': 464, 'max_depth': 5, 'num_leaves': 30, 'learning_rate': 0.024562383309704932, 'subsample': 0.8612975035964376, 'min_child_samples': 36, 'reg_alpha': 1.593999300080167, 'reg_lambda': 0.006081270362829788}. Best is trial 0 with value: 0.07766390425341044.
[I 2026-05-06 02:22:29,464] Trial 5 finished with value: 0.1339153208753214 and parameters: {'confidence_threshold': 0.6029115860358569, 'training_days': 60, 'n_estimators': 441, 'max_depth': 3, 'num_leaves': 66, 'learning_rate': 0.044953114425778824, 'subsample': 0.7098948461279406, 'min_child_samples': 15, 'reg_alpha': 4.888753565548431e-07, 'reg_lambda': 4.198190642566389}. Best is trial 5 with value: 0.1339153208753214.
[I 2026-05-06 02:22:29,729] Trial 6 finished with value: 0.041883391299718596 and parameters: {'confidence_threshold': 0.7376932868314098, 'training_days': 290, 'n_estimators': 249, 'max_depth': 5, 'num_leaves': 121, 'learning_rate': 0.015565840632862623, 'subsample': 0.8390183783709677, 'min_child_samples': 19, 'reg_alpha': 1.860444687368747e-08, 'reg_lambda': 2.7391483548058117e-06}. Best is trial 5 with value: 0.1339153208753214.
[I 2026-05-06 02:22:29,769] Trial 7 finished with value: 0.1018671296848064 and parameters: {'confidence_threshold': 0.563503962036334, 'training_days': 70, 'n_estimators': 63, 'max_depth': 3, 'num_leaves': 47, 'learning_rate': 0.18074927623018475, 'subsample': 0.5059692991701257, 'min_child_samples': 9, 'reg_alpha': 3.6945804405602874e-08, 'reg_lambda': 0.027706035542028905}. Best is trial 5 with value: 0.1339153208753214.
[I 2026-05-06 02:22:29,877] Trial 8 finished with value: 0.10711398121849676 and parameters: {'confidence_threshold': 0.6525471176758836, 'training_days': 440, 'n_estimators': 116, 'max_depth': 4, 'num_leaves': 115, 'learning_rate': 0.010229952960863938, 'subsample': 0.5062159465415076, 'min_child_samples': 54, 'reg_alpha': 6.790626457822126e-06, 'reg_lambda': 1.7869141074987722e-05}. Best is trial 5 with value: 0.1339153208753214.
