[I 2026-05-06 02:23:27,265] Trial 1 finished with value: -0.07096672959976447 and parameters: {'confidence_threshold': 0.6929247853618086, 'training_days': 410, 'n_estimators': 233, 'max_depth': 5, 'num_leaves': 108, 'learning_rate': 0.013724237108071606, 'subsample': 0.7013182233636002, 'min_child_samples': 94, 'reg_alpha': 2.4040959529260723e-06, 'reg_lambda': 5.320966582161148}. Best is trial 0 with value: -0.04079303141194917.
[I 2026-05-06 02:23:27,331] Trial 2 finished with value: -0.0800274212232996 and parameters: {'confidence_threshold': 0.546341527225763, 'training_days': 270, 'n_estimators': 120, 'max_depth': 4, 'num_leaves': 53, 'learning_rate': 0.060197068579343475, 'subsample': 0.588227873455941, 'min_child_samples': 91, 'reg_alpha': 2.3457771824819002e-08, 'reg_lambda': 1.1358840775642732e-08}. Best is trial 0 with value: -0.04079303141194917.
[I 2026-05-06 02:23:27,521] Trial 3 finished with value: -0.09070420213630755 and parameters: {'confidence_threshold': 0.6000319676300473, 'training_days': 270, 'n_estimators': 382, 'max_depth': 4, 'num_leaves': 44, 'learning_rate': 0.09185046765032388, 'subsample': 0.6743651508646724, 'min_child_samples': 77, 'reg_alpha': 0.0013974578104212739, 'reg_lambda': 8.97190257982477e-08}. Best is trial 0 with value: -0.04079303141194917.
[I 2026-05-06 02:23:27,903] Trial 4 finished with value: -0.013797123300480395 and parameters: {'confidence_threshold': 0.7642618789055509, 'training_days': 390, 'n_estimators': 464, 'max_depth': 5, 'num_leaves': 30, 'learning_rate': 0.024562383309704932, 'subsample': 0.8612975035964376, 'min_child_samples': 36, 'reg_alpha': 1.593999300080167, 'reg_lambda': 0.006081270362829788}. Best is trial 4 with value: -0.013797123300480395.
[I 2026-05-06 02:23:28,053] Trial 5 finished with value: -0.14126126388104496 and parameters: {'confidence_threshold': 0.6029115860358569, 'training_days': 60, 'n_estimators': 441, 'max_depth': 3, 'num_leaves': 66, 'learning_rate': 0.044953114425778824, 'subsample': 0.7098948461279406, 'min_child_samples': 15, 'reg_alpha': 4.888753565548431e-07, 'reg_lambda': 4.198190642566389}. Best is trial 4 with value: -0.013797123300480395.
[I 2026-05-06 02:23:28,347] Trial 6 finished with value: -0.020593043357663467 and parameters: {'confidence_threshold': 0.7376932868314098, 'training_days': 290, 'n_estimators': 249, 'max_depth': 5, 'num_leaves': 121, 'learning_rate': 0.015565840632862623, 'subsample': 0.8390183783709677, 'min_child_samples': 19, 'reg_alpha': 1.860444687368747e-08, 'reg_lambda': 2.7391483548058117e-06}. Best is trial 4 with value: -0.013797123300480395.
[I 2026-05-06 02:23:28,384] Trial 7 finished with value: -0.06677799122278993 and parameters: {'confidence_threshold': 0.563503962036334, 'training_days': 70, 'n_estimators': 63, 'max_depth': 3, 'num_leaves': 47, 'learning_rate': 0.18074927623018475, 'subsample': 0.5059692991701257, 'min_child_samples': 9, 'reg_alpha': 3.6945804405602874e-08, 'reg_lambda': 0.027706035542028905}. Best is trial 4 with value: -0.013797123300480395.
[I 2026-05-06 02:23:28,473] Trial 8 finished with value: -2.0249037483200616 and parameters: {'confidence_threshold': 0.6525471176758836, 'training_days': 440, 'n_estimators': 116, 'max_depth': 4, 'num_leaves': 115, 'learning_rate': 0.010229952960863938, 'subsample': 0.5062159465415076, 'min_child_samples': 54, 'reg_alpha': 6.790626457822126e-06, 'reg_lambda': 1.7869141074987722e-05}. Best is trial 4 with value: -0.013797123300480395.
[I 2026-05-06 02:23:28,563] Trial 9 finished with value: 0.0758324066974178 and parameters: {'confidence_threshold': 0.7277571993354469, 'training_days': 360, 'n_estimators': 75, 'max_depth': 5, 'num_leaves': 41, 'learning_rate': 0.014186743931212992, 'subsample': 0.7445187273047605, 'min_child_samples': 22, 'reg_alpha': 0.02393227447113315, 'reg_lambda': 0.009236766173618426}. Best is trial 9 with value: 0.0758324066974178.
[I 2026-05-06 02:23:28,896] A new study created in memory with name: no-name-705fe52a-08ba-4bac-8f53-be968121b96f
[I 2026-05-06 02:23:29,172] Trial 0 finished with value: 0.00034964766912550063 and parameters: {'confidence_threshold': 0.7790993046299082, 'training_days': 230, 'n_estimators': 295, 'max_depth': 5, 'num_leaves': 83, 'learning_rate': 0.051543455158230854, 'subsample': 0.8773243492079463, 'min_child_samples': 10, 'reg_alpha': 0.034096514368237685, 'reg_lambda': 3.154180388637081e-05}. Best is trial 0 with value: 0.00034964766912550063.
[I 2026-05-06 02:23:29,317] Trial 1 finished with value: -0.049757790470392985 and parameters: {'confidence_threshold': 0.6929247853618086, 'training_days': 410, 'n_estimators': 233, 'max_depth': 5, 'num_leaves': 108, 'learning_rate': 0.013724237108071606, 'subsample': 0.7013182233636002, 'min_child_samples': 94, 'reg_alpha': 2.4040959529260723e-06, 'reg_lambda': 5.320966582161148}. Best is trial 0 with value: 0.00034964766912550063.
[I 2026-05-06 02:23:29,391] Trial 2 finished with value: -0.020107706994849383 and parameters: {'confidence_threshold': 0.546341527225763, 'training_days': 270, 'n_estimators': 120, 'max_depth': 4, 'num_leaves': 53, 'learning_rate': 0.060197068579343475, 'subsample': 0.588227873455941, 'min_child_samples': 91, 'reg_alpha': 2.3457771824819002e-08, 'reg_lambda': 1.1358840775642732e-08}. Best is trial 0 with value: 0.00034964766912550063.
[I 2026-05-06 02:23:29,570] Trial 3 finished with value: 0.001188881590358687 and parameters: {'confidence_threshold': 0.6000319676300473, 'training_days': 270, 'n_estimators': 382, 'max_depth': 4, 'num_leaves': 44, 'learning_rate': 0.09185046765032388, 'subsample': 0.6743651508646724, 'min_child_samples': 77, 'reg_alpha': 0.0013974578104212739, 'reg_lambda': 8.97190257982477e-08}. Best is trial 3 with value: 0.001188881590358687.
[I 2026-05-06 02:23:29,971] Trial 4 finished with value: -0.04938217186548856 and parameters: {'confidence_threshold': 0.7642618789055509, 'training_days': 390, 'n_estimators': 464, 'max_depth': 5, 'num_leaves': 30, 'learning_rate': 0.024562383309704932, 'subsample': 0.8612975035964376, 'min_child_samples': 36, 'reg_alpha': 1.593999300080167, 'reg_lambda': 0.006081270362829788}. Best is trial 3 with value: 0.001188881590358687.
[I 2026-05-06 02:23:30,116] Trial 5 finished with value: -0.020525354401208916 and parameters: {'confidence_threshold': 0.6029115860358569, 'training_days': 60, 'n_estimators': 441, 'max_depth': 3, 'num_leaves': 66, 'learning_rate': 0.044953114425778824, 'subsample': 0.7098948461279406, 'min_child_samples': 15, 'reg_alpha': 4.888753565548431e-07, 'reg_lambda': 4.198190642566389}. Best is trial 3 with value: 0.001188881590358687.
[I 2026-05-06 02:23:30,358] Trial 6 finished with value: -0.03436680364118768 and parameters: {'confidence_threshold': 0.7376932868314098, 'training_days': 290, 'n_estimators': 249, 'max_depth': 5, 'num_leaves': 121, 'learning_rate': 0.015565840632862623, 'subsample': 0.8390183783709677, 'min_child_samples': 19, 'reg_alpha': 1.860444687368747e-08, 'reg_lambda': 2.7391483548058117e-06}. Best is trial 3 with value: 0.001188881590358687.
[I 2026-05-06 02:23:30,398] Trial 7 finished with value: -0.025345891875333433 and parameters: {'confidence_threshold': 0.563503962036334, 'training_days': 70, 'n_estimators': 63, 'max_depth': 3, 'num_leaves': 47, 'learning_rate': 0.18074927623018475, 'subsample': 0.5059692991701257, 'min_child_samples': 9, 'reg_alpha': 3.6945804405602874e-08, 'reg_lambda': 0.027706035542028905}. Best is trial 3 with value: 0.001188881590358687.
[I 2026-05-06 02:23:30,490] Trial 8 finished with value: -2.033977045434976 and parameters: {'confidence_threshold': 0.6525471176758836, 'training_days': 440, 'n_estimators': 116, 'max_depth': 4, 'num_leaves': 115, 'learning_rate': 0.010229952960863938, 'subsample': 0.5062159465415076, 'min_child_samples': 54, 'reg_alpha': 6.790626457822126e-06, 'reg_lambda': 1.7869141074987722e-05}. Best is trial 3 with value: 0.001188881590358687.
[I 2026-05-06 02:23:30,585] Trial 9 finished with value: -2.093271417075078 and parameters: {'confidence_threshold': 0.7277571993354469, 'training_days': 360, 'n_estimators': 75, 'max_depth': 5, 'num_leaves': 41, 'learning_rate': 0.014186743931212992, 'subsample': 0.7445187273047605, 'min_child_samples': 22, 'reg_alpha': 0.02393227447113315, 'reg_lambda': 0.009236766173618426}. Best is trial 3 with value: 0.001188881590358687.

  CV gap: 22 rows
    [trial 0] 14 features, training_days=230 | threshold=0.779 | labels: 1161 long, 1032 short (53/47%)
    [CV fold 0] train_end=2024-03-25 00:00 | val_start=2024-04-01 16:00 | gap=184h (22 rows)
    [CV fold 1] train_end=2024-07-24 16:00 | val_start=2024-08-01 08:00 | gap=184h (22 rows)
    [CV fold 2] train_end=2024-11-23 08:00 | val_start=2024-12-01 00:00 | gap=184h (22 rows)
    [CV fold 3] train_end=2025-03-25 00:00 | val_start=2025-04-01 16:00 | gap=184h (22 rows)
    [CV fold 4] train_end=2025-07-24 16:00 | val_start=2025-08-01 08:00 | gap=184h (22 rows)
    [trial 0] Sharpe=-0.0408 (folds: -0.2950, 0.1312, 0.1431, -0.1862, 0.0029)
    [trial 1] 14 features, training_days=410 | threshold=0.693 | labels: 1161 long, 1032 short (53/47%)
    [trial 1] Sharpe=-0.0710 (folds: -0.2889, 0.1961, 0.1100, -0.1633, -0.2088)
    [trial 2] 14 features, training_days=270 | threshold=0.546 | labels: 1161 long, 1032 short (53/47%)
    [trial 2] Sharpe=-0.0800 (folds: -0.2559, 0.0240, -0.0644, -0.0634, -0.0405)
    [trial 3] 14 features, training_days=270 | threshold=0.600 | labels: 1161 long, 1032 short (53/47%)
    [trial 3] Sharpe=-0.0907 (folds: -0.3476, -0.0532, -0.0695, 0.0044, 0.0123)
    [trial 4] 14 features, training_days=390 | threshold=0.764 | labels: 1161 long, 1032 short (53/47%)
    [trial 4] Sharpe=-0.0138 (folds: -0.2826, 0.2749, 0.0956, -0.1629, 0.0061)
    [trial 5] 14 features, training_days=60 | threshold=0.603 | labels: 1161 long, 1032 short (53/47%)
    [trial 5] Sharpe=-0.1413 (folds: -0.3753, -0.1180, -0.0008, -0.2135, 0.0013)
    [trial 6] 14 features, training_days=290 | threshold=0.738 | labels: 1161 long, 1032 short (53/47%)
    [trial 6] Sharpe=-0.0206 (folds: -0.2372, 0.3542, -0.0836, -0.1067, -0.0297)
    [trial 7] 14 features, training_days=70 | threshold=0.564 | labels: 1161 long, 1032 short (53/47%)
    [trial 7] Sharpe=-0.0668 (folds: -0.0623, -0.0346, 0.0069, -0.2135, -0.0304)
    [trial 8] 14 features, training_days=440 | threshold=0.653 | labels: 1161 long, 1032 short (53/47%)
    [trial 8] Sharpe=-2.0249 (folds: -0.2982, 0.0795, 0.2202, -0.1260, -10.0000)
    [trial 9] 14 features, training_days=360 | threshold=0.728 | labels: 1161 long, 1032 short (53/47%)
    [trial 9] Sharpe=0.0758 (folds: -0.3649, 0.2740, 0.5124, -0.0421, -0.0002)
  Optuna: 10 trials, best Sharpe = 0.0758
  Best params: n_estimators=75, max_depth=5, lr=0.0142, leaves=41
  Best confidence_threshold: 0.728
  Best training_days: 360
  Retrained on full data (1080 samples, 14 features)
  Model trained for 2025-12: 93 test candles with features, confidence_threshold=0.728
[lgbm] === Training for 2026-01 ===
  Train window: 2024-01-01 → 2026-01-01
  2193 training samples from 1 symbols
  Samples per month: 2024-01: 93, 2024-02: 87, 2024-03: 93, 2024-04: 90, 2024-05: 93, 2024-06: 90, 2024-07: 93, 2024-08: 93, 2024-09: 90, 2024-10: 93, 2024-11: 90, 2024-12: 93, 2025-01: 93, 2025-02: 84, 2025-03: 93, 2025-04: 90, 2025-05: 93, 2025-06: 90, 2025-07: 93, 2025-08: 93, 2025-09: 90, 2025-10: 93, 2025-11: 90, 2025-12: 93
  [label] 2024-03-03 08:00 MKRUSDT entry=2075.2000 → SHORT | long=sl(-4.61%) short=sl(-4.61%) | scanned=7 | no_tp→fwd_return=-3.7683
  [label] 2024-03-05 16:00 MKRUSDT entry=1997.0000 → LONG | long=tp(+12.15%) short=sl(-6.22%) | scanned=10 | long_tp_only
  [label] 2024-03-09 08:00 MKRUSDT entry=2449.6000 → LONG | long=tp(+11.38%) short=sl(-5.84%) | scanned=3 | long_tp_only
  [label] 2024-04-03 08:00 MKRUSDT entry=3708.1000 → SHORT | long=sl(-6.78%) short=sl(-6.78%) | scanned=18 | no_tp→fwd_return=-6.6206
  [label] 2024-05-26 08:00 MKRUSDT entry=2854.2000 → SHORT | long=sl(-4.65%) short=timeout(+6.76%) | scanned=22 | no_tp→fwd_return=-6.8636
  [label] 2024-11-10 08:00 MKRUSDT entry=1541.4000 → SHORT | long=sl(-5.99%) short=timeout(+3.15%) | scanned=22 | no_tp→fwd_return=-3.2503
  [label] 2024-11-14 08:00 MKRUSDT entry=1427.0000 → LONG | long=timeout(+9.96%) short=sl(-7.79%) | scanned=22 | no_tp→fwd_return=+10.0631
  [label] 2024-11-25 00:00 MKRUSDT entry=1766.8000 → LONG | long=tp(+13.40%) short=sl(-6.85%) | scanned=1 | long_tp_only
  [label] 2025-01-09 08:00 MKRUSDT entry=1513.0000 → SHORT | long=sl(-5.17%) short=tp(+10.04%) | scanned=11 | short_tp_only
  [label] 2025-01-18 00:00 MKRUSDT entry=1386.3000 → SHORT | long=sl(-4.90%) short=tp(+9.51%) | scanned=6 | short_tp_only
  [label] 2025-04-19 16:00 MKRUSDT entry=1377.6000 → LONG | long=tp(+10.06%) short=sl(-5.18%) | scanned=11 | long_tp_only
  [label] 2025-05-21 16:00 MKRUSDT entry=1740.2000 → SHORT | long=sl(-6.86%) short=timeout(+1.39%) | scanned=22 | no_tp→fwd_return=-1.4941
  [label] 2025-06-07 00:00 MKRUSDT entry=1682.3000 → LONG | long=tp(+13.09%) short=sl(-6.69%) | scanned=8 | long_tp_only
  [label] 2025-06-20 00:00 MKRUSDT entry=1929.7000 → SHORT | long=sl(-7.82%) short=tp(+15.35%) | scanned=8 | short_tp_only
  [label] 2025-07-08 16:00 MKRUSDT entry=1926.4000 → SHORT | long=sl(-4.99%) short=sl(-4.99%) | scanned=11 | no_tp→fwd_return=-5.5388
  [label] 2025-07-15 00:00 MKRUSDT entry=1849.3000 → LONG | long=tp(+10.51%) short=sl(-5.41%) | scanned=9 | long_tp_only
  [label] 2025-07-27 08:00 MKRUSDT entry=2350.0000 → SHORT | long=sl(-5.82%) short=tp(+11.34%) | scanned=6 | short_tp_only
  [label] 2025-09-05 08:00 MKRUSDT entry=1713.3000 → SHORT | long=timeout(-3.79%) short=sl(-5.80%) | scanned=22 | no_tp→fwd_return=-3.6888
  [label] 2025-09-15 08:00 MKRUSDT entry=1650.1000 → LONG | long=timeout(-0.10%) short=timeout(-0.10%) | scanned=22 | no_tp→fwd_return=+0.0000
  [label] 2025-12-11 08:00 MKRUSDT entry=1650.1000 → LONG | long=timeout(-0.10%) short=timeout(-0.10%) | scanned=22 | no_tp→fwd_return=+0.0000
  Labels: 1204 long (54.9%), 989 short (45.1%) | weights: min=1.00, mean=3.69, max=10.00
  Features: 2193/2193 matched, 14 columns
  CV gap: 22 rows
    [trial 0] 14 features, training_days=230 | threshold=0.779 | labels: 1204 long, 989 short (55/45%)
    [CV fold 0] train_end=2024-04-25 00:00 | val_start=2024-05-02 16:00 | gap=184h (22 rows)
    [CV fold 1] train_end=2024-08-24 16:00 | val_start=2024-09-01 08:00 | gap=184h (22 rows)
    [CV fold 2] train_end=2024-12-24 08:00 | val_start=2025-01-01 00:00 | gap=184h (22 rows)
    [CV fold 3] train_end=2025-04-25 00:00 | val_start=2025-05-02 16:00 | gap=184h (22 rows)
    [CV fold 4] train_end=2025-08-24 16:00 | val_start=2025-09-01 08:00 | gap=184h (22 rows)
    [trial 0] Sharpe=0.0003 (folds: -0.1221, 0.2136, 0.0108, -0.0860, -0.0145)
    [trial 1] 14 features, training_days=410 | threshold=0.693 | labels: 1204 long, 989 short (55/45%)
    [trial 1] Sharpe=-0.0498 (folds: 0.1181, 0.3152, -0.1697, -0.2924, -0.2201)
    [trial 2] 14 features, training_days=270 | threshold=0.546 | labels: 1204 long, 989 short (55/45%)
    [trial 2] Sharpe=-0.0201 (folds: -0.0101, 0.1503, -0.0186, -0.1691, -0.0530)
    [trial 3] 14 features, training_days=270 | threshold=0.600 | labels: 1204 long, 989 short (55/45%)
    [trial 3] Sharpe=0.0012 (folds: -0.0096, 0.1266, -0.0304, -0.0156, -0.0651)
    [trial 4] 14 features, training_days=390 | threshold=0.764 | labels: 1204 long, 989 short (55/45%)
    [trial 4] Sharpe=-0.0494 (folds: -0.0617, 0.2896, 0.1004, -0.1873, -0.3879)
    [trial 5] 14 features, training_days=60 | threshold=0.603 | labels: 1204 long, 989 short (55/45%)
    [trial 5] Sharpe=-0.0205 (folds: 0.0843, 0.0156, -0.1461, 0.0026, -0.0590)
    [trial 6] 14 features, training_days=290 | threshold=0.738 | labels: 1204 long, 989 short (55/45%)
    [trial 6] Sharpe=-0.0344 (folds: -0.0017, 0.2630, -0.1195, -0.1734, -0.1402)
    [trial 7] 14 features, training_days=70 | threshold=0.564 | labels: 1204 long, 989 short (55/45%)
    [trial 7] Sharpe=-0.0253 (folds: 0.0248, -0.0111, -0.1481, 0.0615, -0.0538)
    [trial 8] 14 features, training_days=440 | threshold=0.653 | labels: 1204 long, 989 short (55/45%)
    [trial 8] Sharpe=-2.0340 (folds: 0.0296, 0.2380, 0.0175, -0.4550, -10.0000)
    [trial 9] 14 features, training_days=360 | threshold=0.728 | labels: 1204 long, 989 short (55/45%)
    [trial 9] Sharpe=-2.0933 (folds: -0.4286, 0.3110, 0.0614, -0.4102, -10.0000)
  Optuna: 10 trials, best Sharpe = 0.0012[I 2026-05-06 02:23:30,953] A new study created in memory with name: no-name-78ed228d-c064-4367-9fe7-b46289d9feac
[I 2026-05-06 02:23:31,218] Trial 0 finished with value: -1.9888795781153306 and parameters: {'confidence_threshold': 0.7790993046299082, 'training_days': 230, 'n_estimators': 295, 'max_depth': 5, 'num_leaves': 83, 'learning_rate': 0.051543455158230854, 'subsample': 0.8773243492079463, 'min_child_samples': 10, 'reg_alpha': 0.034096514368237685, 'reg_lambda': 3.154180388637081e-05}. Best is trial 0 with value: -1.9888795781153306.
[I 2026-05-06 02:23:31,379] Trial 1 finished with value: -2.0497259218968535 and parameters: {'confidence_threshold': 0.6929247853618086, 'training_days': 410, 'n_estimators': 233, 'max_depth': 5, 'num_leaves': 108, 'learning_rate': 0.013724237108071606, 'subsample': 0.7013182233636002, 'min_child_samples': 94, 'reg_alpha': 2.4040959529260723e-06, 'reg_lambda': 5.320966582161148}. Best is trial 0 with value: -1.9888795781153306.
[I 2026-05-06 02:23:31,443] Trial 2 finished with value: -2.001898054460109 and parameters: {'confidence_threshold': 0.546341527225763, 'training_days': 270, 'n_estimators': 120, 'max_depth': 4, 'num_leaves': 53, 'learning_rate': 0.060197068579343475, 'subsample': 0.588227873455941, 'min_child_samples': 91, 'reg_alpha': 2.3457771824819002e-08, 'reg_lambda': 1.1358840775642732e-08}. Best is trial 0 with value: -1.9888795781153306.
[I 2026-05-06 02:23:31,614] Trial 3 finished with value: -1.9583144834951987 and parameters: {'confidence_threshold': 0.6000319676300473, 'training_days': 270, 'n_estimators': 382, 'max_depth': 4, 'num_leaves': 44, 'learning_rate': 0.09185046765032388, 'subsample': 0.6743651508646724, 'min_child_samples': 77, 'reg_alpha': 0.0013974578104212739, 'reg_lambda': 8.97190257982477e-08}. Best is trial 3 with value: -1.9583144834951987.
[I 2026-05-06 02:23:32,012] Trial 4 finished with value: -2.0835502061500057 and parameters: {'confidence_threshold': 0.7642618789055509, 'training_days': 390, 'n_estimators': 464, 'max_depth': 5, 'num_leaves': 30, 'learning_rate': 0.024562383309704932, 'subsample': 0.8612975035964376, 'min_child_samples': 36, 'reg_alpha': 1.593999300080167, 'reg_lambda': 0.006081270362829788}. Best is trial 3 with value: -1.9583144834951987.
[I 2026-05-06 02:23:32,155] Trial 5 finished with value: -1.9693619777770983 and parameters: {'confidence_threshold': 0.6029115860358569, 'training_days': 60, 'n_estimators': 441, 'max_depth': 3, 'num_leaves': 66, 'learning_rate': 0.044953114425778824, 'subsample': 0.7098948461279406, 'min_child_samples': 15, 'reg_alpha': 4.888753565548431e-07, 'reg_lambda': 4.198190642566389}. Best is trial 3 with value: -1.9583144834951987.
[I 2026-05-06 02:23:32,441] Trial 6 finished with value: -2.002628178413633 and parameters: {'confidence_threshold': 0.7376932868314098, 'training_days': 290, 'n_estimators': 249, 'max_depth': 5, 'num_leaves': 121, 'learning_rate': 0.015565840632862623, 'subsample': 0.8390183783709677, 'min_child_samples': 19, 'reg_alpha': 1.860444687368747e-08, 'reg_lambda': 2.7391483548058117e-06}. Best is trial 3 with value: -1.9583144834951987.
[I 2026-05-06 02:23:32,476] Trial 7 finished with value: -1.9972282872171718 and parameters: {'confidence_threshold': 0.563503962036334, 'training_days': 70, 'n_estimators': 63, 'max_depth': 3, 'num_leaves': 47, 'learning_rate': 0.18074927623018475, 'subsample': 0.5059692991701257, 'min_child_samples': 9, 'reg_alpha': 3.6945804405602874e-08, 'reg_lambda': 0.027706035542028905}. Best is trial 3 with value: -1.9583144834951987.
[I 2026-05-06 02:23:32,570] Trial 8 finished with value: -2.060418654423589 and parameters: {'confidence_threshold': 0.6525471176758836, 'training_days': 440, 'n_estimators': 116, 'max_depth': 4, 'num_leaves': 115, 'learning_rate': 0.010229952960863938, 'subsample': 0.5062159465415076, 'min_child_samples': 54, 'reg_alpha': 6.790626457822126e-06, 'reg_lambda': 1.7869141074987722e-05}. Best is trial 3 with value: -1.9583144834951987.
