[I 2026-05-06 02:21:05,001] Trial 7 finished with value: -0.05004499765269621 and parameters: {'confidence_threshold': 0.563503962036334, 'training_days': 70, 'n_estimators': 63, 'max_depth': 3, 'num_leaves': 47, 'learning_rate': 0.18074927623018475, 'subsample': 0.5059692991701257, 'min_child_samples': 9, 'reg_alpha': 3.6945804405602874e-08, 'reg_lambda': 0.027706035542028905}. Best is trial 0 with value: -0.015955294762516996.

    [trial 1] 14 features, training_days=410 | threshold=0.693 | labels: 1001 long, 1189 short (46/54%)
    [trial 1] Sharpe=-0.2669 (folds: -0.6308, -0.5394, -0.1858, 0.0380, -0.0165)
    [trial 2] 14 features, training_days=270 | threshold=0.546 | labels: 1001 long, 1189 short (46/54%)
    [trial 2] Sharpe=-0.1792 (folds: -0.4733, -0.2406, -0.0484, 0.0039, -0.1374)
    [trial 3] 14 features, training_days=270 | threshold=0.600 | labels: 1001 long, 1189 short (46/54%)
    [trial 3] Sharpe=-0.2056 (folds: -0.3136, -0.3220, -0.0397, -0.0531, -0.2994)
    [trial 4] 14 features, training_days=390 | threshold=0.764 | labels: 1001 long, 1189 short (46/54%)
    [trial 4] Sharpe=-0.1947 (folds: -0.3213, -0.5814, -0.1308, -0.0201, 0.0803)
    [trial 5] 14 features, training_days=60 | threshold=0.603 | labels: 1001 long, 1189 short (46/54%)
    [trial 5] Sharpe=-0.0261 (folds: -0.2418, 0.1008, -0.0356, 0.0307, 0.0153)
    [trial 6] 14 features, training_days=290 | threshold=0.738 | labels: 1001 long, 1189 short (46/54%)
    [trial 6] Sharpe=-0.2149 (folds: -0.3226, -0.2805, -0.0765, 0.0529, -0.4476)
    [trial 7] 14 features, training_days=70 | threshold=0.564 | labels: 1001 long, 1189 short (46/54%)
    [trial 7] Sharpe=-0.0370 (folds: -0.1567, -0.0294, -0.0356, 0.0862, -0.0495)
    [trial 8] 14 features, training_days=440 | threshold=0.653 | labels: 1001 long, 1189 short (46/54%)
    [trial 8] Sharpe=-0.2352 (folds: -0.4544, -0.0014, -0.1497, -0.1471, -0.4236)
    [trial 9] 14 features, training_days=360 | threshold=0.728 | labels: 1001 long, 1189 short (46/54%)
    [trial 9] Sharpe=-0.0191 (folds: -0.4596, 0.1487, -0.0186, 0.0119, 0.2219)
  Optuna: 10 trials, best Sharpe = -0.0191
  Best params: n_estimators=75, max_depth=5, lr=0.0142, leaves=41
  Best confidence_threshold: 0.728
  Best training_days: 360
  Retrained on full data (1080 samples, 14 features)
  Model trained for 2023-07: 93 test candles with features, confidence_threshold=0.728
[predict] 2023-07-10 08:00 BCHUSDT → LONG (proba=0.79 TP=17.6%/SL=8.8%)
[trade:open] 2023-07-10 15:59 BCHUSDT LONG @ 276.10 | SL=251.81 TP=324.67 | timeout=2023-07-17 15:59
[trade:close] 2023-07-15 07:59 BCHUSDT LONG → stop_loss @ 251.81 | PnL=-8.80% (net -8.90%) | cum=-8.27% 2023-07=-8.90% 2023-07-15=-8.90%
[predict] 2023-07-17 00:00 BCHUSDT → LONG (proba=0.81 TP=15.0%/SL=7.5%)
[trade:open] 2023-07-17 07:59 BCHUSDT LONG @ 251.41 | SL=232.59 TP=289.06 | timeout=2023-07-24 07:59
[trade:close] 2023-07-18 15:59 BCHUSDT LONG → stop_loss @ 232.59 | PnL=-7.49% (net -7.59%) | cum=-15.85% 2023-07=-16.48% 2023-07-18=-7.59%
[predict] 2023-07-20 00:00 BCHUSDT → LONG (proba=0.81 TP=13.5%/SL=6.8%)
[trade:open] 2023-07-20 07:59 BCHUSDT LONG @ 246.78 | SL=230.10 TP=280.14 | timeout=2023-07-27 07:59
[trade:close] 2023-07-27 08:00 BCHUSDT LONG → timeout @ 246.43 | PnL=-0.14% (net -0.24%) | cum=-16.10% 2023-07=-16.73% 2023-07-27=-0.24%
[lgbm] === Training for 2023-08 ===
  Train window: 2021-08-01 → 2023-08-01
  2190 training samples from 1 symbols
  Samples per month: 2021-08: 93, 2021-09: 90, 2021-10: 93, 2021-11: 90, 2021-12: 93, 2022-01: 93, 2022-02: 84, 2022-03: 93, 2022-04: 90, 2022-05: 93, 2022-06: 90, 2022-07: 93, 2022-08: 93, 2022-09: 90, 2022-10: 93, 2022-11: 90, 2022-12: 93, 2023-01: 93, 2023-02: 84, 2023-03: 93, 2023-04: 90, 2023-05: 93, 2023-06: 90, 2023-07: 93
  [label] 2021-10-02 08:00 BCHUSDT entry=552.1000 → LONG | long=tp(+10.42%) short=sl(-5.36%) | scanned=12 | long_tp_only
  [label] 2021-10-04 08:00 BCHUSDT entry=541.1300 → LONG | long=tp(+10.74%) short=sl(-5.52%) | scanned=4 | long_tp_only
  [label] 2021-10-08 08:00 BCHUSDT entry=603.8700 → LONG | long=sl(-5.68%) short=sl(-5.68%) | scanned=20 | no_tp→fwd_return=+3.2143
  [label] 2021-11-02 08:00 BCHUSDT entry=600.8200 → LONG | long=tp(+8.78%) short=sl(-4.54%) | scanned=20 | long_tp_only
  [label] 2021-12-25 08:00 BCHUSDT entry=452.7900 → SHORT | long=sl(-4.34%) short=sl(-4.34%) | scanned=12 | no_tp→fwd_return=-2.8424
  [label] 2022-06-10 16:00 BCHUSDT entry=167.3000 → SHORT | long=sl(-6.70%) short=tp(+13.09%) | scanned=7 | short_tp_only
  [label] 2022-06-15 00:00 BCHUSDT entry=117.8800 → SHORT | long=timeout(-4.30%) short=timeout(+4.10%) | scanned=22 | no_tp→fwd_return=-4.1992
  [label] 2022-06-25 16:00 BCHUSDT entry=115.3800 → SHORT | long=sl(-9.17%) short=timeout(+7.58%) | scanned=22 | no_tp→fwd_return=-7.6790
  [label] 2022-08-10 00:00 BCHUSDT entry=133.4800 → LONG | long=timeout(+3.51%) short=sl(-5.98%) | scanned=22 | no_tp→fwd_return=+3.6110
  [label] 2022-08-18 16:00 BCHUSDT entry=128.9700 → SHORT | long=sl(-5.90%) short=tp(+11.49%) | scanned=3 | short_tp_only
  [label] 2022-11-18 00:00 BCHUSDT entry=104.2000 → LONG | long=tp(+12.07%) short=sl(-6.18%) | scanned=15 | long_tp_only
  [label] 2022-12-20 00:00 BCHUSDT entry=100.6700 → LONG | long=timeout(+1.78%) short=timeout(-1.98%) | scanned=22 | no_tp→fwd_return=+1.8774
  [label] 2023-01-05 08:00 BCHUSDT entry=101.5000 → LONG | long=sl(-2.60%) short=sl(-2.60%) | scanned=11 | no_tp→fwd_return=+4.4138
  [label] 2023-01-18 08:00 BCHUSDT entry=120.8100 → LONG | long=tp(+9.87%) short=sl(-5.09%) | scanned=10 | long_tp_only
  [label] 2023-02-06 00:00 BCHUSDT entry=133.3300 → SHORT | long=sl(-4.17%) short=tp(+8.05%) | scanned=11 | short_tp_only
  [label] 2023-02-12 08:00 BCHUSDT entry=125.5000 → LONG | long=sl(-4.21%) short=sl(-4.21%) | scanned=10 | no_tp→fwd_return=+7.4104
  [label] 2023-02-24 16:00 BCHUSDT entry=132.6600 → SHORT | long=sl(-5.20%) short=timeout(+4.72%) | scanned=22 | no_tp→fwd_return=-4.8244
  [label] 2023-04-05 16:00 BCHUSDT entry=127.1500 → LONG | long=timeout(+1.15%) short=timeout(-1.35%) | scanned=22 | no_tp→fwd_return=+1.2505
  [label] 2023-04-15 16:00 BCHUSDT entry=132.4900 → SHORT | long=sl(-3.05%) short=tp(+5.81%) | scanned=11 | short_tp_only
  [label] 2023-07-11 08:00 BCHUSDT entry=273.7400 → SHORT | long=sl(-8.42%) short=timeout(+11.09%) | scanned=22 | no_tp→fwd_return=-11.1858
  Labels: 973 long (44.4%), 1217 short (55.6%) | weights: min=1.00, mean=3.24, max=10.00
  Features: 2190/2190 matched, 14 columns
  CV gap: 22 rows
    [trial 0] 14 features, training_days=230 | threshold=0.779 | labels: 973 long, 1217 short (44/56%)
    [CV fold 0] train_end=2021-11-23 00:00 | val_start=2021-11-30 16:00 | gap=184h (22 rows)
    [CV fold 1] train_end=2022-03-24 16:00 | val_start=2022-04-01 08:00 | gap=184h (22 rows)
    [CV fold 2] train_end=2022-07-24 08:00 | val_start=2022-08-01 00:00 | gap=184h (22 rows)
    [CV fold 3] train_end=2022-11-23 00:00 | val_start=2022-11-30 16:00 | gap=184h (22 rows)
    [CV fold 4] train_end=2023-03-24 16:00 | val_start=2023-04-01 08:00 | gap=184h (22 rows)
    [trial 0] Sharpe=-0.0160 (folds: -0.0828, -0.2576, 0.0334, 0.0835, 0.1437)
    [trial 1] 14 features, training_days=410 | threshold=0.693 | labels: 973 long, 1217 short (44/56%)
    [trial 1] Sharpe=-0.0494 (folds: -0.0886, -0.3555, 0.0509, 0.1914, -0.0454)
    [trial 2] 14 features, training_days=270 | threshold=0.546 | labels: 973 long, 1217 short (44/56%)
    [trial 2] Sharpe=-0.0428 (folds: -0.0441, -0.2195, -0.0280, 0.1064, -0.0287)
    [trial 3] 14 features, training_days=270 | threshold=0.600 | labels: 973 long, 1217 short (44/56%)
    [trial 3] Sharpe=-0.0782 (folds: -0.0541, -0.2803, -0.1111, 0.0256, 0.0288)
    [trial 4] 14 features, training_days=390 | threshold=0.764 | labels: 973 long, 1217 short (44/56%)
    [trial 4] Sharpe=-0.0687 (folds: 0.0769, -0.4189, -0.0308, 0.0468, -0.0176)
    [trial 5] 14 features, training_days=60 | threshold=0.603 | labels: 973 long, 1217 short (44/56%)
    [trial 5] Sharpe=-0.0680 (folds: -0.2248, -0.1569, -0.0633, 0.1054, -0.0002)
    [trial 6] 14 features, training_days=290 | threshold=0.738 | labels: 973 long, 1217 short (44/56%)
    [trial 6] Sharpe=-0.1042 (folds: 0.0089, -0.3707, -0.0749, 0.0715, -0.1558)
    [trial 7] 14 features, training_days=70 | threshold=0.564 | labels: 973 long, 1217 short (44/56%)
    [trial 7] Sharpe=-0.0500 (folds: -0.0003, -0.0455, -0.1250, -0.0054, -0.0739)
    [trial 8] 14 features, training_days=440 | threshold=0.653 | labels: 973 long, 1217 short (44/56%)[I 2026-05-06 02:21:05,081] Trial 8 finished with value: -0.14601073042712523 and parameters: {'confidence_threshold': 0.6525471176758836, 'training_days': 440, 'n_estimators': 116, 'max_depth': 4, 'num_leaves': 115, 'learning_rate': 0.010229952960863938, 'subsample': 0.5062159465415076, 'min_child_samples': 54, 'reg_alpha': 6.790626457822126e-06, 'reg_lambda': 1.7869141074987722e-05}. Best is trial 0 with value: -0.015955294762516996.
[I 2026-05-06 02:21:05,165] Trial 9 finished with value: -0.1446952312343015 and parameters: {'confidence_threshold': 0.7277571993354469, 'training_days': 360, 'n_estimators': 75, 'max_depth': 5, 'num_leaves': 41, 'learning_rate': 0.014186743931212992, 'subsample': 0.7445187273047605, 'min_child_samples': 22, 'reg_alpha': 0.02393227447113315, 'reg_lambda': 0.009236766173618426}. Best is trial 0 with value: -0.015955294762516996.
[I 2026-05-06 02:21:05,405] A new study created in memory with name: no-name-e768ad60-3d62-4875-b3c6-86cb1c6b5b94
[I 2026-05-06 02:21:05,663] Trial 0 finished with value: 0.03706705244926584 and parameters: {'confidence_threshold': 0.7790993046299082, 'training_days': 230, 'n_estimators': 295, 'max_depth': 5, 'num_leaves': 83, 'learning_rate': 0.051543455158230854, 'subsample': 0.8773243492079463, 'min_child_samples': 10, 'reg_alpha': 0.034096514368237685, 'reg_lambda': 3.154180388637081e-05}. Best is trial 0 with value: 0.03706705244926584.
[I 2026-05-06 02:21:05,807] Trial 1 finished with value: 0.0014058916073113575 and parameters: {'confidence_threshold': 0.6929247853618086, 'training_days': 410, 'n_estimators': 233, 'max_depth': 5, 'num_leaves': 108, 'learning_rate': 0.013724237108071606, 'subsample': 0.7013182233636002, 'min_child_samples': 94, 'reg_alpha': 2.4040959529260723e-06, 'reg_lambda': 5.320966582161148}. Best is trial 0 with value: 0.03706705244926584.
[I 2026-05-06 02:21:05,873] Trial 2 finished with value: 0.08182566133282107 and parameters: {'confidence_threshold': 0.546341527225763, 'training_days': 270, 'n_estimators': 120, 'max_depth': 4, 'num_leaves': 53, 'learning_rate': 0.060197068579343475, 'subsample': 0.588227873455941, 'min_child_samples': 91, 'reg_alpha': 2.3457771824819002e-08, 'reg_lambda': 1.1358840775642732e-08}. Best is trial 2 with value: 0.08182566133282107.
[I 2026-05-06 02:21:06,034] Trial 3 finished with value: 0.015329056177257095 and parameters: {'confidence_threshold': 0.6000319676300473, 'training_days': 270, 'n_estimators': 382, 'max_depth': 4, 'num_leaves': 44, 'learning_rate': 0.09185046765032388, 'subsample': 0.6743651508646724, 'min_child_samples': 77, 'reg_alpha': 0.0013974578104212739, 'reg_lambda': 8.97190257982477e-08}. Best is trial 2 with value: 0.08182566133282107.
[I 2026-05-06 02:21:06,394] Trial 4 finished with value: -0.04882203605411996 and parameters: {'confidence_threshold': 0.7642618789055509, 'training_days': 390, 'n_estimators': 464, 'max_depth': 5, 'num_leaves': 30, 'learning_rate': 0.024562383309704932, 'subsample': 0.8612975035964376, 'min_child_samples': 36, 'reg_alpha': 1.593999300080167, 'reg_lambda': 0.006081270362829788}. Best is trial 2 with value: 0.08182566133282107.
[I 2026-05-06 02:21:06,549] Trial 5 finished with value: 0.05903199916996517 and parameters: {'confidence_threshold': 0.6029115860358569, 'training_days': 60, 'n_estimators': 441, 'max_depth': 3, 'num_leaves': 66, 'learning_rate': 0.044953114425778824, 'subsample': 0.7098948461279406, 'min_child_samples': 15, 'reg_alpha': 4.888753565548431e-07, 'reg_lambda': 4.198190642566389}. Best is trial 2 with value: 0.08182566133282107.
[I 2026-05-06 02:21:06,765] Trial 6 finished with value: 0.04971067817413761 and parameters: {'confidence_threshold': 0.7376932868314098, 'training_days': 290, 'n_estimators': 249, 'max_depth': 5, 'num_leaves': 121, 'learning_rate': 0.015565840632862623, 'subsample': 0.8390183783709677, 'min_child_samples': 19, 'reg_alpha': 1.860444687368747e-08, 'reg_lambda': 2.7391483548058117e-06}. Best is trial 2 with value: 0.08182566133282107.
[I 2026-05-06 02:21:06,801] Trial 7 finished with value: 0.02933924937637586 and parameters: {'confidence_threshold': 0.563503962036334, 'training_days': 70, 'n_estimators': 63, 'max_depth': 3, 'num_leaves': 47, 'learning_rate': 0.18074927623018475, 'subsample': 0.5059692991701257, 'min_child_samples': 9, 'reg_alpha': 3.6945804405602874e-08, 'reg_lambda': 0.027706035542028905}. Best is trial 2 with value: 0.08182566133282107.
[I 2026-05-06 02:21:06,884] Trial 8 finished with value: 0.048039444888178184 and parameters: {'confidence_threshold': 0.6525471176758836, 'training_days': 440, 'n_estimators': 116, 'max_depth': 4, 'num_leaves': 115, 'learning_rate': 0.010229952960863938, 'subsample': 0.5062159465415076, 'min_child_samples': 54, 'reg_alpha': 6.790626457822126e-06, 'reg_lambda': 1.7869141074987722e-05}. Best is trial 2 with value: 0.08182566133282107.
