[I 2026-05-06 02:23:35,441] Trial 1 finished with value: -2.101020723714792 and parameters: {'confidence_threshold': 0.6929247853618086, 'training_days': 410, 'n_estimators': 233, 'max_depth': 5, 'num_leaves': 108, 'learning_rate': 0.013724237108071606, 'subsample': 0.7013182233636002, 'min_child_samples': 94, 'reg_alpha': 2.4040959529260723e-06, 'reg_lambda': 5.320966582161148}. Best is trial 0 with value: -2.034332416256567.

  [label] 2025-08-05 08:00 MKRUSDT entry=1852.1000 → LONG | long=tp(+11.80%) short=sl(-6.05%) | scanned=11 | long_tp_only
  [label] 2025-08-18 08:00 MKRUSDT entry=1740.6000 → SHORT | long=sl(-5.51%) short=tp(+10.71%) | scanned=12 | short_tp_only
  [label] 2025-09-06 00:00 MKRUSDT entry=1791.9000 → SHORT | long=sl(-5.61%) short=timeout(+7.81%) | scanned=22 | no_tp→fwd_return=-7.9134
  [label] 2025-09-12 08:00 MKRUSDT entry=1650.1000 → LONG | long=timeout(-0.10%) short=timeout(-0.10%) | scanned=22 | no_tp→fwd_return=+0.0000
  [label] 2025-09-24 16:00 MKRUSDT entry=1650.1000 → LONG | long=timeout(-0.10%) short=timeout(-0.10%) | scanned=22 | no_tp→fwd_return=+0.0000
  [label] 2025-11-03 16:00 MKRUSDT entry=1650.1000 → LONG | long=timeout(-0.10%) short=timeout(-0.10%) | scanned=22 | no_tp→fwd_return=+0.0000
  [label] 2025-11-13 16:00 MKRUSDT entry=1650.1000 → LONG | long=timeout(-0.10%) short=timeout(-0.10%) | scanned=22 | no_tp→fwd_return=+0.0000
  [label] 2026-02-08 08:00 MKRUSDT entry=1650.1000 → LONG | long=timeout(-0.10%) short=timeout(-0.10%) | scanned=22 | no_tp→fwd_return=+0.0000
  Labels: 1266 long (57.8%), 924 short (42.2%) | weights: min=1.00, mean=3.50, max=10.00
  Features: 2190/2190 matched, 14 columns
  CV gap: 22 rows
    [trial 0] 14 features, training_days=230 | threshold=0.779 | labels: 1266 long, 924 short (58/42%)
    [CV fold 0] train_end=2024-06-23 00:00 | val_start=2024-06-30 16:00 | gap=184h (22 rows)
    [CV fold 1] train_end=2024-10-22 16:00 | val_start=2024-10-30 08:00 | gap=184h (22 rows)
    [CV fold 2] train_end=2025-02-21 08:00 | val_start=2025-03-01 00:00 | gap=184h (22 rows)
    [CV fold 3] train_end=2025-06-23 00:00 | val_start=2025-06-30 16:00 | gap=184h (22 rows)
    [CV fold 4] train_end=2025-10-22 16:00 | val_start=2025-10-30 08:00 | gap=184h (22 rows)
    [trial 0] Sharpe=-2.0116 (folds: 0.0719, -0.2033, 0.1157, -0.0425, -10.0000)
    [trial 1] 14 features, training_days=410 | threshold=0.693 | labels: 1266 long, 924 short (58/42%)
    [trial 1] Sharpe=-1.9952 (folds: 0.1455, 0.2598, 0.0307, -0.4123, -10.0000)
    [trial 2] 14 features, training_days=270 | threshold=0.546 | labels: 1266 long, 924 short (58/42%)
    [trial 2] Sharpe=-1.9749 (folds: 0.0680, 0.1178, 0.0510, -0.1112, -10.0000)
    [trial 3] 14 features, training_days=270 | threshold=0.600 | labels: 1266 long, 924 short (58/42%)
    [trial 3] Sharpe=-1.9671 (folds: -0.0125, 0.0808, 0.1090, -0.0127, -10.0000)
    [trial 4] 14 features, training_days=390 | threshold=0.764 | labels: 1266 long, 924 short (58/42%)
    [trial 4] Sharpe=-2.0305 (folds: -0.0501, 0.0633, -0.0929, -0.0729, -10.0000)
    [trial 5] 14 features, training_days=60 | threshold=0.603 | labels: 1266 long, 924 short (58/42%)
    [trial 5] Sharpe=-1.8701 (folds: -0.0232, 0.3181, 0.2507, 0.1039, -10.0000)
    [trial 6] 14 features, training_days=290 | threshold=0.738 | labels: 1266 long, 924 short (58/42%)
    [trial 6] Sharpe=-1.9841 (folds: 0.1098, -0.0259, 0.0912, -0.0958, -10.0000)
    [trial 7] 14 features, training_days=70 | threshold=0.564 | labels: 1266 long, 924 short (58/42%)
    [trial 7] Sharpe=-1.9286 (folds: -0.0433, 0.0935, 0.1775, 0.1293, -10.0000)
    [trial 8] 14 features, training_days=440 | threshold=0.653 | labels: 1266 long, 924 short (58/42%)
    [trial 8] Sharpe=-2.0763 (folds: -0.1099, 0.0056, 0.0422, -0.3191, -10.0000)
    [trial 9] 14 features, training_days=360 | threshold=0.728 | labels: 1266 long, 924 short (58/42%)
    [trial 9] Sharpe=-1.9913 (folds: 0.1750, -0.0257, -0.1739, 0.0682, -10.0000)
  Optuna: 10 trials, best Sharpe = -1.8701
  Best params: n_estimators=441, max_depth=3, lr=0.0450, leaves=66
  Best confidence_threshold: 0.603
  Best training_days: 60
  Retrained on full data (180 samples, 14 features)
  Model trained for 2026-03: 93 test candles with features, confidence_threshold=0.603
[lgbm] === Training for 2026-04 ===
  Train window: 2024-04-01 → 2026-04-01
  2190 training samples from 1 symbols
  Samples per month: 2024-04: 90, 2024-05: 93, 2024-06: 90, 2024-07: 93, 2024-08: 93, 2024-09: 90, 2024-10: 93, 2024-11: 90, 2024-12: 93, 2025-01: 93, 2025-02: 84, 2025-03: 93, 2025-04: 90, 2025-05: 93, 2025-06: 90, 2025-07: 93, 2025-08: 93, 2025-09: 90, 2025-10: 93, 2025-11: 90, 2025-12: 93, 2026-01: 93, 2026-02: 84, 2026-03: 93
  [label] 2024-06-02 08:00 MKRUSDT entry=2658.3000 → SHORT | long=sl(-3.71%) short=tp(+7.11%) | scanned=16 | short_tp_only
  [label] 2024-06-04 08:00 MKRUSDT entry=2604.8000 → SHORT | long=sl(-3.53%) short=sl(-3.53%) | scanned=10 | no_tp→fwd_return=-3.8621
  [label] 2024-06-08 08:00 MKRUSDT entry=2446.2000 → SHORT | long=sl(-4.43%) short=tp(+8.57%) | scanned=9 | short_tp_only
  [label] 2024-07-03 08:00 MKRUSDT entry=2362.7000 → SHORT | long=sl(-5.33%) short=tp(+10.35%) | scanned=5 | short_tp_only
  [label] 2024-08-25 08:00 MKRUSDT entry=2122.7000 → SHORT | long=sl(-4.82%) short=tp(+9.35%) | scanned=8 | short_tp_only
  [label] 2025-02-08 16:00 MKRUSDT entry=933.4000 → LONG | long=timeout(+7.38%) short=sl(-7.75%) | scanned=22 | no_tp→fwd_return=+7.4780
  [label] 2025-02-13 00:00 MKRUSDT entry=989.7000 → LONG | long=tp(+13.21%) short=sl(-6.76%) | scanned=16 | long_tp_only
  [label] 2025-02-23 16:00 MKRUSDT entry=1521.1000 → LONG | long=sl(-6.98%) short=sl(-6.98%) | scanned=6 | no_tp→fwd_return=+8.6516
  [label] 2025-04-10 00:00 MKRUSDT entry=1309.7000 → LONG | long=timeout(+4.25%) short=sl(-8.85%) | scanned=22 | no_tp→fwd_return=+4.3521
  [label] 2025-04-18 16:00 MKRUSDT entry=1351.4000 → LONG | long=tp(+11.14%) short=sl(-5.72%) | scanned=13 | long_tp_only
  [label] 2025-07-19 00:00 MKRUSDT entry=2011.6000 → LONG | long=tp(+12.85%) short=sl(-6.57%) | scanned=21 | long_tp_only
  [label] 2025-08-20 00:00 MKRUSDT entry=1662.4000 → LONG | long=sl(-5.53%) short=sl(-5.53%) | scanned=8 | no_tp→fwd_return=+2.9475
  [label] 2025-09-05 08:00 MKRUSDT entry=1713.3000 → SHORT | long=timeout(-3.79%) short=sl(-5.80%) | scanned=22 | no_tp→fwd_return=-3.6888
  [label] 2025-09-18 08:00 MKRUSDT entry=1650.1000 → LONG | long=timeout(-0.10%) short=timeout(-0.10%) | scanned=22 | no_tp→fwd_return=+0.0000
  [label] 2025-10-07 00:00 MKRUSDT entry=1650.1000 → LONG | long=timeout(-0.10%) short=timeout(-0.10%) | scanned=22 | no_tp→fwd_return=+0.0000
  [label] 2025-10-13 08:00 MKRUSDT entry=1650.1000 → LONG | long=timeout(-0.10%) short=timeout(-0.10%) | scanned=22 | no_tp→fwd_return=+0.0000
  [label] 2025-10-25 16:00 MKRUSDT entry=1650.1000 → LONG | long=timeout(-0.10%) short=timeout(-0.10%) | scanned=22 | no_tp→fwd_return=+0.0000
  [label] 2025-12-04 16:00 MKRUSDT entry=1650.1000 → LONG | long=timeout(-0.10%) short=timeout(-0.10%) | scanned=22 | no_tp→fwd_return=+0.0000
  [label] 2025-12-14 16:00 MKRUSDT entry=1650.1000 → LONG | long=timeout(-0.10%) short=timeout(-0.10%) | scanned=22 | no_tp→fwd_return=+0.0000
  [label] 2026-03-11 08:00 MKRUSDT entry=1650.1000 → LONG | long=timeout(-0.10%) short=timeout(-0.10%) | scanned=22 | no_tp→fwd_return=+0.0000
  Labels: 1289 long (58.9%), 901 short (41.1%) | weights: min=1.00, mean=3.32, max=10.00
  Features: 2190/2190 matched, 14 columns
  CV gap: 22 rows
    [trial 0] 14 features, training_days=230 | threshold=0.779 | labels: 1289 long, 901 short (59/41%)
    [CV fold 0] train_end=2024-07-24 00:00 | val_start=2024-07-31 16:00 | gap=184h (22 rows)
    [CV fold 1] train_end=2024-11-22 16:00 | val_start=2024-11-30 08:00 | gap=184h (22 rows)
    [CV fold 2] train_end=2025-03-24 08:00 | val_start=2025-04-01 00:00 | gap=184h (22 rows)
    [CV fold 3] train_end=2025-07-24 00:00 | val_start=2025-07-31 16:00 | gap=184h (22 rows)
    [CV fold 4] train_end=2025-11-22 16:00 | val_start=2025-11-30 08:00 | gap=184h (22 rows)
    [trial 0] Sharpe=-2.0343 (folds: -0.0961, 0.0308, -0.1104, 0.0040, -10.0000)
    [trial 1] 14 features, training_days=410 | threshold=0.693 | labels: 1289 long, 901 short (59/41%)
    [trial 1] Sharpe=-2.1010 (folds: -0.3322, 0.2688, -0.2265, -0.2152, -10.0000)
    [trial 2] 14 features, training_days=270 | threshold=0.546 | labels: 1289 long, 901 short (59/41%)
    [trial 2] Sharpe=-2.0684 (folds: -0.2094, 0.0066, -0.0953, -0.0442, -10.0000)[I 2026-05-06 02:23:35,517] Trial 2 finished with value: -2.068439565242593 and parameters: {'confidence_threshold': 0.546341527225763, 'training_days': 270, 'n_estimators': 120, 'max_depth': 4, 'num_leaves': 53, 'learning_rate': 0.060197068579343475, 'subsample': 0.588227873455941, 'min_child_samples': 91, 'reg_alpha': 2.3457771824819002e-08, 'reg_lambda': 1.1358840775642732e-08}. Best is trial 0 with value: -2.034332416256567.
[I 2026-05-06 02:23:35,710] Trial 3 finished with value: -2.0029044389795545 and parameters: {'confidence_threshold': 0.6000319676300473, 'training_days': 270, 'n_estimators': 382, 'max_depth': 4, 'num_leaves': 44, 'learning_rate': 0.09185046765032388, 'subsample': 0.6743651508646724, 'min_child_samples': 77, 'reg_alpha': 0.0013974578104212739, 'reg_lambda': 8.97190257982477e-08}. Best is trial 3 with value: -2.0029044389795545.
[I 2026-05-06 02:23:36,112] Trial 4 finished with value: -2.056095318007446 and parameters: {'confidence_threshold': 0.7642618789055509, 'training_days': 390, 'n_estimators': 464, 'max_depth': 5, 'num_leaves': 30, 'learning_rate': 0.024562383309704932, 'subsample': 0.8612975035964376, 'min_child_samples': 36, 'reg_alpha': 1.593999300080167, 'reg_lambda': 0.006081270362829788}. Best is trial 3 with value: -2.0029044389795545.
[I 2026-05-06 02:23:36,248] Trial 5 finished with value: -2.0420972485563516 and parameters: {'confidence_threshold': 0.6029115860358569, 'training_days': 60, 'n_estimators': 441, 'max_depth': 3, 'num_leaves': 66, 'learning_rate': 0.044953114425778824, 'subsample': 0.7098948461279406, 'min_child_samples': 15, 'reg_alpha': 4.888753565548431e-07, 'reg_lambda': 4.198190642566389}. Best is trial 3 with value: -2.0029044389795545.
[I 2026-05-06 02:23:36,492] Trial 6 finished with value: -2.0777478195507957 and parameters: {'confidence_threshold': 0.7376932868314098, 'training_days': 290, 'n_estimators': 249, 'max_depth': 5, 'num_leaves': 121, 'learning_rate': 0.015565840632862623, 'subsample': 0.8390183783709677, 'min_child_samples': 19, 'reg_alpha': 1.860444687368747e-08, 'reg_lambda': 2.7391483548058117e-06}. Best is trial 3 with value: -2.0029044389795545.
[I 2026-05-06 02:23:36,523] Trial 7 finished with value: -2.060426110622547 and parameters: {'confidence_threshold': 0.563503962036334, 'training_days': 70, 'n_estimators': 63, 'max_depth': 3, 'num_leaves': 47, 'learning_rate': 0.18074927623018475, 'subsample': 0.5059692991701257, 'min_child_samples': 9, 'reg_alpha': 3.6945804405602874e-08, 'reg_lambda': 0.027706035542028905}. Best is trial 3 with value: -2.0029044389795545.
[I 2026-05-06 02:23:36,608] Trial 8 finished with value: -3.9894829756170567 and parameters: {'confidence_threshold': 0.6525471176758836, 'training_days': 440, 'n_estimators': 116, 'max_depth': 4, 'num_leaves': 115, 'learning_rate': 0.010229952960863938, 'subsample': 0.5062159465415076, 'min_child_samples': 54, 'reg_alpha': 6.790626457822126e-06, 'reg_lambda': 1.7869141074987722e-05}. Best is trial 3 with value: -2.0029044389795545.
[I 2026-05-06 02:23:36,700] Trial 9 finished with value: -2.0130273323389236 and parameters: {'confidence_threshold': 0.7277571993354469, 'training_days': 360, 'n_estimators': 75, 'max_depth': 5, 'num_leaves': 41, 'learning_rate': 0.014186743931212992, 'subsample': 0.7445187273047605, 'min_child_samples': 22, 'reg_alpha': 0.02393227447113315, 'reg_lambda': 0.009236766173618426}. Best is trial 3 with value: -2.0029044389795545.
[I 2026-05-06 02:23:37,091] A new study created in memory with name: no-name-a792225c-b208-414c-b23a-edfa4f3e281c
[I 2026-05-06 02:23:37,336] Trial 0 finished with value: -2.027794245254449 and parameters: {'confidence_threshold': 0.7790993046299082, 'training_days': 230, 'n_estimators': 295, 'max_depth': 5, 'num_leaves': 83, 'learning_rate': 0.051543455158230854, 'subsample': 0.8773243492079463, 'min_child_samples': 10, 'reg_alpha': 0.034096514368237685, 'reg_lambda': 3.154180388637081e-05}. Best is trial 0 with value: -2.027794245254449.
[I 2026-05-06 02:23:37,488] Trial 1 finished with value: -4.065875650037256 and parameters: {'confidence_threshold': 0.6929247853618086, 'training_days': 410, 'n_estimators': 233, 'max_depth': 5, 'num_leaves': 108, 'learning_rate': 0.013724237108071606, 'subsample': 0.7013182233636002, 'min_child_samples': 94, 'reg_alpha': 2.4040959529260723e-06, 'reg_lambda': 5.320966582161148}. Best is trial 0 with value: -2.027794245254449.
[I 2026-05-06 02:23:37,555] Trial 2 finished with value: -2.079570665345845 and parameters: {'confidence_threshold': 0.546341527225763, 'training_days': 270, 'n_estimators': 120, 'max_depth': 4, 'num_leaves': 53, 'learning_rate': 0.060197068579343475, 'subsample': 0.588227873455941, 'min_child_samples': 91, 'reg_alpha': 2.3457771824819002e-08, 'reg_lambda': 1.1358840775642732e-08}. Best is trial 0 with value: -2.027794245254449.
[I 2026-05-06 02:23:37,755] Trial 3 finished with value: -2.059777242605324 and parameters: {'confidence_threshold': 0.6000319676300473, 'training_days': 270, 'n_estimators': 382, 'max_depth': 4, 'num_leaves': 44, 'learning_rate': 0.09185046765032388, 'subsample': 0.6743651508646724, 'min_child_samples': 77, 'reg_alpha': 0.0013974578104212739, 'reg_lambda': 8.97190257982477e-08}. Best is trial 0 with value: -2.027794245254449.
[I 2026-05-06 02:23:38,135] Trial 4 finished with value: -2.1172199074362514 and parameters: {'confidence_threshold': 0.7642618789055509, 'training_days': 390, 'n_estimators': 464, 'max_depth': 5, 'num_leaves': 30, 'learning_rate': 0.024562383309704932, 'subsample': 0.8612975035964376, 'min_child_samples': 36, 'reg_alpha': 1.593999300080167, 'reg_lambda': 0.006081270362829788}. Best is trial 0 with value: -2.027794245254449.
[I 2026-05-06 02:23:38,268] Trial 5 finished with value: -2.056699958937912 and parameters: {'confidence_threshold': 0.6029115860358569, 'training_days': 60, 'n_estimators': 441, 'max_depth': 3, 'num_leaves': 66, 'learning_rate': 0.044953114425778824, 'subsample': 0.7098948461279406, 'min_child_samples': 15, 'reg_alpha': 4.888753565548431e-07, 'reg_lambda': 4.198190642566389}. Best is trial 0 with value: -2.027794245254449.
[I 2026-05-06 02:23:38,533] Trial 6 finished with value: -2.0444717212053147 and parameters: {'confidence_threshold': 0.7376932868314098, 'training_days': 290, 'n_estimators': 249, 'max_depth': 5, 'num_leaves': 121, 'learning_rate': 0.015565840632862623, 'subsample': 0.8390183783709677, 'min_child_samples': 19, 'reg_alpha': 1.860444687368747e-08, 'reg_lambda': 2.7391483548058117e-06}. Best is trial 0 with value: -2.027794245254449.
[I 2026-05-06 02:23:38,565] Trial 7 finished with value: -2.0655957427946983 and parameters: {'confidence_threshold': 0.563503962036334, 'training_days': 70, 'n_estimators': 63, 'max_depth': 3, 'num_leaves': 47, 'learning_rate': 0.18074927623018475, 'subsample': 0.5059692991701257, 'min_child_samples': 9, 'reg_alpha': 3.6945804405602874e-08, 'reg_lambda': 0.027706035542028905}. Best is trial 0 with value: -2.027794245254449.
[I 2026-05-06 02:23:38,641] Trial 8 finished with value: -4.066559974807513 and parameters: {'confidence_threshold': 0.6525471176758836, 'training_days': 440, 'n_estimators': 116, 'max_depth': 4, 'num_leaves': 115, 'learning_rate': 0.010229952960863938, 'subsample': 0.5062159465415076, 'min_child_samples': 54, 'reg_alpha': 6.790626457822126e-06, 'reg_lambda': 1.7869141074987722e-05}. Best is trial 0 with value: -2.027794245254449.
