[I 2026-05-06 02:25:21,937] Trial 1 finished with value: -0.10301374692492456 and parameters: {'confidence_threshold': 0.6929247853618086, 'training_days': 410, 'n_estimators': 233, 'max_depth': 5, 'num_leaves': 108, 'learning_rate': 0.013724237108071606, 'subsample': 0.7013182233636002, 'min_child_samples': 94, 'reg_alpha': 2.4040959529260723e-06, 'reg_lambda': 5.320966582161148}. Best is trial 0 with value: -0.07382912738991305.
[I 2026-05-06 02:25:22,011] Trial 2 finished with value: -0.10930868275934472 and parameters: {'confidence_threshold': 0.546341527225763, 'training_days': 270, 'n_estimators': 120, 'max_depth': 4, 'num_leaves': 53, 'learning_rate': 0.060197068579343475, 'subsample': 0.588227873455941, 'min_child_samples': 91, 'reg_alpha': 2.3457771824819002e-08, 'reg_lambda': 1.1358840775642732e-08}. Best is trial 0 with value: -0.07382912738991305.
[I 2026-05-06 02:25:22,217] Trial 3 finished with value: -0.084300106599774 and parameters: {'confidence_threshold': 0.6000319676300473, 'training_days': 270, 'n_estimators': 382, 'max_depth': 4, 'num_leaves': 44, 'learning_rate': 0.09185046765032388, 'subsample': 0.6743651508646724, 'min_child_samples': 77, 'reg_alpha': 0.0013974578104212739, 'reg_lambda': 8.97190257982477e-08}. Best is trial 0 with value: -0.07382912738991305.
[I 2026-05-06 02:25:22,677] Trial 4 finished with value: -0.07611217467218091 and parameters: {'confidence_threshold': 0.7642618789055509, 'training_days': 390, 'n_estimators': 464, 'max_depth': 5, 'num_leaves': 30, 'learning_rate': 0.024562383309704932, 'subsample': 0.8612975035964376, 'min_child_samples': 36, 'reg_alpha': 1.593999300080167, 'reg_lambda': 0.006081270362829788}. Best is trial 0 with value: -0.07382912738991305.
[I 2026-05-06 02:25:22,863] Trial 5 finished with value: -0.13771402488861278 and parameters: {'confidence_threshold': 0.6029115860358569, 'training_days': 60, 'n_estimators': 441, 'max_depth': 3, 'num_leaves': 66, 'learning_rate': 0.044953114425778824, 'subsample': 0.7098948461279406, 'min_child_samples': 15, 'reg_alpha': 4.888753565548431e-07, 'reg_lambda': 4.198190642566389}. Best is trial 0 with value: -0.07382912738991305.
[I 2026-05-06 02:25:23,136] Trial 6 finished with value: -0.06804081121788433 and parameters: {'confidence_threshold': 0.7376932868314098, 'training_days': 290, 'n_estimators': 249, 'max_depth': 5, 'num_leaves': 121, 'learning_rate': 0.015565840632862623, 'subsample': 0.8390183783709677, 'min_child_samples': 19, 'reg_alpha': 1.860444687368747e-08, 'reg_lambda': 2.7391483548058117e-06}. Best is trial 6 with value: -0.06804081121788433.
[I 2026-05-06 02:25:23,173] Trial 7 finished with value: -0.14809009000196743 and parameters: {'confidence_threshold': 0.563503962036334, 'training_days': 70, 'n_estimators': 63, 'max_depth': 3, 'num_leaves': 47, 'learning_rate': 0.18074927623018475, 'subsample': 0.5059692991701257, 'min_child_samples': 9, 'reg_alpha': 3.6945804405602874e-08, 'reg_lambda': 0.027706035542028905}. Best is trial 6 with value: -0.06804081121788433.
[I 2026-05-06 02:25:23,258] Trial 8 finished with value: 0.003882961563474821 and parameters: {'confidence_threshold': 0.6525471176758836, 'training_days': 440, 'n_estimators': 116, 'max_depth': 4, 'num_leaves': 115, 'learning_rate': 0.010229952960863938, 'subsample': 0.5062159465415076, 'min_child_samples': 54, 'reg_alpha': 6.790626457822126e-06, 'reg_lambda': 1.7869141074987722e-05}. Best is trial 8 with value: 0.003882961563474821.
[I 2026-05-06 02:25:23,358] Trial 9 finished with value: -0.08313605120310541 and parameters: {'confidence_threshold': 0.7277571993354469, 'training_days': 360, 'n_estimators': 75, 'max_depth': 5, 'num_leaves': 41, 'learning_rate': 0.014186743931212992, 'subsample': 0.7445187273047605, 'min_child_samples': 22, 'reg_alpha': 0.02393227447113315, 'reg_lambda': 0.009236766173618426}. Best is trial 8 with value: 0.003882961563474821.
[I 2026-05-06 02:25:23,787] A new study created in memory with name: no-name-8e5d780c-88d9-4a4d-92c0-fafbada339e4
[I 2026-05-06 02:25:24,069] Trial 0 finished with value: -0.028378945207422217 and parameters: {'confidence_threshold': 0.7790993046299082, 'training_days': 230, 'n_estimators': 295, 'max_depth': 5, 'num_leaves': 83, 'learning_rate': 0.051543455158230854, 'subsample': 0.8773243492079463, 'min_child_samples': 10, 'reg_alpha': 0.034096514368237685, 'reg_lambda': 3.154180388637081e-05}. Best is trial 0 with value: -0.028378945207422217.
[I 2026-05-06 02:25:24,216] Trial 1 finished with value: -0.002160410798973525 and parameters: {'confidence_threshold': 0.6929247853618086, 'training_days': 410, 'n_estimators': 233, 'max_depth': 5, 'num_leaves': 108, 'learning_rate': 0.013724237108071606, 'subsample': 0.7013182233636002, 'min_child_samples': 94, 'reg_alpha': 2.4040959529260723e-06, 'reg_lambda': 5.320966582161148}. Best is trial 1 with value: -0.002160410798973525.
[I 2026-05-06 02:25:24,288] Trial 2 finished with value: -0.09241703770691284 and parameters: {'confidence_threshold': 0.546341527225763, 'training_days': 270, 'n_estimators': 120, 'max_depth': 4, 'num_leaves': 53, 'learning_rate': 0.060197068579343475, 'subsample': 0.588227873455941, 'min_child_samples': 91, 'reg_alpha': 2.3457771824819002e-08, 'reg_lambda': 1.1358840775642732e-08}. Best is trial 1 with value: -0.002160410798973525.
[I 2026-05-06 02:25:24,482] Trial 3 finished with value: -0.12041181016276903 and parameters: {'confidence_threshold': 0.6000319676300473, 'training_days': 270, 'n_estimators': 382, 'max_depth': 4, 'num_leaves': 44, 'learning_rate': 0.09185046765032388, 'subsample': 0.6743651508646724, 'min_child_samples': 77, 'reg_alpha': 0.0013974578104212739, 'reg_lambda': 8.97190257982477e-08}. Best is trial 1 with value: -0.002160410798973525.

  [label] 2023-10-19 00:00 TRXUSDT entry=0.0887 → LONG | long=tp(+3.16%) short=sl(-1.73%) | scanned=4 | long_tp_only
  [label] 2023-11-06 16:00 TRXUSDT entry=0.0976 → LONG | long=tp(+3.82%) short=sl(-2.06%) | scanned=11 | long_tp_only
  [label] 2023-11-13 00:00 TRXUSDT entry=0.1103 → SHORT | long=sl(-2.72%) short=tp(+5.15%) | scanned=5 | short_tp_only
  [label] 2023-11-25 08:00 TRXUSDT entry=0.1066 → SHORT | long=sl(-2.66%) short=sl(-2.66%) | scanned=6 | no_tp→fwd_return=-3.3305
  [label] 2024-01-04 08:00 TRXUSDT entry=0.1074 → SHORT | long=sl(-2.65%) short=tp(+4.99%) | scanned=5 | short_tp_only
  [label] 2024-01-14 08:00 TRXUSDT entry=0.1142 → SHORT | long=sl(-2.99%) short=tp(+5.67%) | scanned=6 | short_tp_only
  [label] 2024-04-10 08:00 TRXUSDT entry=0.1184 → SHORT | long=sl(-2.35%) short=sl(-2.35%) | scanned=7 | no_tp→fwd_return=-3.0395
  Labels: 1270 long (57.9%), 923 short (42.1%) | weights: min=1.00, mean=2.31, max=10.00
  Features: 2193/2193 matched, 14 columns
  CV gap: 22 rows
    [trial 0] 14 features, training_days=230 | threshold=0.779 | labels: 1270 long, 923 short (58/42%)
    [CV fold 0] train_end=2022-08-24 00:00 | val_start=2022-08-31 16:00 | gap=184h (22 rows)
    [CV fold 1] train_end=2022-12-23 16:00 | val_start=2022-12-31 08:00 | gap=184h (22 rows)
    [CV fold 2] train_end=2023-04-24 08:00 | val_start=2023-05-02 00:00 | gap=184h (22 rows)
    [CV fold 3] train_end=2023-08-24 00:00 | val_start=2023-08-31 16:00 | gap=184h (22 rows)
    [CV fold 4] train_end=2023-12-23 16:00 | val_start=2023-12-31 08:00 | gap=184h (22 rows)
    [trial 0] Sharpe=-0.0738 (folds: 0.0457, -0.0710, -0.1443, -0.1357, -0.0637)
    [trial 1] 14 features, training_days=410 | threshold=0.693 | labels: 1270 long, 923 short (58/42%)
    [trial 1] Sharpe=-0.1030 (folds: 0.0517, -0.0755, -0.1628, -0.1983, -0.1301)
    [trial 2] 14 features, training_days=270 | threshold=0.546 | labels: 1270 long, 923 short (58/42%)
    [trial 2] Sharpe=-0.1093 (folds: -0.0285, -0.1171, -0.2262, -0.0325, -0.1422)
    [trial 3] 14 features, training_days=270 | threshold=0.600 | labels: 1270 long, 923 short (58/42%)
    [trial 3] Sharpe=-0.0843 (folds: 0.1390, -0.1135, -0.1719, -0.0620, -0.2131)
    [trial 4] 14 features, training_days=390 | threshold=0.764 | labels: 1270 long, 923 short (58/42%)
    [trial 4] Sharpe=-0.0761 (folds: 0.0501, -0.0188, -0.0975, -0.0695, -0.2449)
    [trial 5] 14 features, training_days=60 | threshold=0.603 | labels: 1270 long, 923 short (58/42%)
    [trial 5] Sharpe=-0.1377 (folds: -0.1613, -0.1256, -0.0573, 0.0430, -0.3874)
    [trial 6] 14 features, training_days=290 | threshold=0.738 | labels: 1270 long, 923 short (58/42%)
    [trial 6] Sharpe=-0.0680 (folds: -0.0055, -0.0059, -0.0578, -0.1752, -0.0959)
    [trial 7] 14 features, training_days=70 | threshold=0.564 | labels: 1270 long, 923 short (58/42%)
    [trial 7] Sharpe=-0.1481 (folds: -0.1279, -0.0961, -0.1227, -0.0661, -0.3277)
    [trial 8] 14 features, training_days=440 | threshold=0.653 | labels: 1270 long, 923 short (58/42%)
    [trial 8] Sharpe=0.0039 (folds: 0.2144, -0.1311, 0.0431, -0.1400, 0.0330)
    [trial 9] 14 features, training_days=360 | threshold=0.728 | labels: 1270 long, 923 short (58/42%)
    [trial 9] Sharpe=-0.0831 (folds: -0.0126, -0.0009, 0.0330, -0.3364, -0.0987)
  Optuna: 10 trials, best Sharpe = 0.0039
  Best params: n_estimators=116, max_depth=4, lr=0.0102, leaves=115
  Best confidence_threshold: 0.653
  Best training_days: 440
  Retrained on full data (1320 samples, 14 features)
  Model trained for 2024-05: 93 test candles with features, confidence_threshold=0.653
[trade:close] 2024-05-02 07:59 TRXUSDT SHORT → stop_loss @ 0.12 | PnL=-2.36% (net -2.46%) | cum=-22.12% 2024-05=-2.46% 2024-05-02=-2.46%
[lgbm] === Training for 2024-06 ===
  Train window: 2022-06-01 → 2024-06-01
  2193 training samples from 1 symbols
  Samples per month: 2022-06: 90, 2022-07: 93, 2022-08: 93, 2022-09: 90, 2022-10: 93, 2022-11: 90, 2022-12: 93, 2023-01: 93, 2023-02: 84, 2023-03: 93, 2023-04: 90, 2023-05: 93, 2023-06: 90, 2023-07: 93, 2023-08: 93, 2023-09: 90, 2023-10: 93, 2023-11: 90, 2023-12: 93, 2024-01: 93, 2024-02: 87, 2024-03: 93, 2024-04: 90, 2024-05: 93
  [label] 2022-08-02 08:00 TRXUSDT entry=0.0688 → SHORT | long=timeout(-0.68%) short=timeout(+0.48%) | scanned=22 | no_tp→fwd_return=-0.5811
  [label] 2022-08-04 16:00 TRXUSDT entry=0.0688 → LONG | long=timeout(+2.02%) short=timeout(-2.22%) | scanned=22 | no_tp→fwd_return=+2.1209
  [label] 2022-08-08 08:00 TRXUSDT entry=0.0702 → LONG | long=sl(-2.85%) short=sl(-2.85%) | scanned=18 | no_tp→fwd_return=+1.4823
  [label] 2022-09-02 08:00 TRXUSDT entry=0.0634 → SHORT | long=sl(-2.93%) short=timeout(+0.23%) | scanned=22 | no_tp→fwd_return=-0.3311
  [label] 2022-10-25 08:00 TRXUSDT entry=0.0619 → LONG | long=tp(+4.14%) short=sl(-2.22%) | scanned=12 | long_tp_only
  [label] 2023-04-11 08:00 TRXUSDT entry=0.0668 → SHORT | long=sl(-2.22%) short=tp(+4.14%) | scanned=2 | short_tp_only
  [label] 2023-04-15 08:00 TRXUSDT entry=0.0660 → SHORT | long=sl(-2.69%) short=timeout(+0.66%) | scanned=22 | no_tp→fwd_return=-0.7580
  [label] 2023-04-26 00:00 TRXUSDT entry=0.0658 → LONG | long=sl(-2.19%) short=sl(-2.19%) | scanned=9 | no_tp→fwd_return=+2.0055
  [label] 2023-06-10 08:00 TRXUSDT entry=0.0681 → LONG | long=timeout(+4.28%) short=sl(-4.56%) | scanned=22 | no_tp→fwd_return=+4.3759
  [label] 2023-06-19 00:00 TRXUSDT entry=0.0698 → LONG | long=timeout(+4.98%) short=sl(-3.31%) | scanned=22 | no_tp→fwd_return=+5.0838
  [label] 2023-09-18 16:00 TRXUSDT entry=0.0838 → LONG | long=timeout(+0.88%) short=timeout(-1.08%) | scanned=22 | no_tp→fwd_return=+0.9786
  [label] 2023-10-20 16:00 TRXUSDT entry=0.0907 → LONG | long=tp(+3.09%) short=sl(-1.70%) | scanned=9 | long_tp_only
  [label] 2023-11-06 00:00 TRXUSDT entry=0.0972 → LONG | long=tp(+3.79%) short=sl(-2.05%) | scanned=10 | long_tp_only
  [label] 2023-11-19 00:00 TRXUSDT entry=0.1027 → SHORT | long=sl(-2.76%) short=tp(+5.23%) | scanned=8 | short_tp_only
  [label] 2023-12-07 16:00 TRXUSDT entry=0.1042 → LONG | long=tp(+4.35%) short=sl(-2.32%) | scanned=5 | long_tp_only
  [label] 2023-12-14 00:00 TRXUSDT entry=0.1043 → SHORT | long=sl(-2.61%) short=tp(+4.93%) | scanned=13 | short_tp_only
  [label] 2023-12-26 08:00 TRXUSDT entry=0.1036 → LONG | long=sl(-2.37%) short=sl(-2.37%) | scanned=5 | no_tp→fwd_return=+1.9019
  [label] 2024-02-04 08:00 TRXUSDT entry=0.1185 → LONG | long=tp(+3.65%) short=sl(-1.97%) | scanned=6 | long_tp_only
  [label] 2024-02-14 08:00 TRXUSDT entry=0.1288 → LONG | long=tp(+3.74%) short=sl(-2.02%) | scanned=8 | long_tp_only
  [label] 2024-05-11 08:00 TRXUSDT entry=0.1259 → SHORT | long=sl(-2.08%) short=timeout(+2.13%) | scanned=22 | no_tp→fwd_return=-2.2318
  Labels: 1249 long (57.0%), 944 short (43.0%) | weights: min=1.00, mean=2.19, max=10.00
  Features: 2193/2193 matched, 14 columns
  CV gap: 22 rows
    [trial 0] 14 features, training_days=230 | threshold=0.779 | labels: 1249 long, 944 short (57/43%)
    [CV fold 0] train_end=2022-09-24 00:00 | val_start=2022-10-01 16:00 | gap=184h (22 rows)
    [CV fold 1] train_end=2023-01-23 16:00 | val_start=2023-01-31 08:00 | gap=184h (22 rows)
    [CV fold 2] train_end=2023-05-25 08:00 | val_start=2023-06-02 00:00 | gap=184h (22 rows)
    [CV fold 3] train_end=2023-09-24 00:00 | val_start=2023-10-01 16:00 | gap=184h (22 rows)
    [CV fold 4] train_end=2024-01-23 16:00 | val_start=2024-01-31 08:00 | gap=184h (22 rows)
    [trial 0] Sharpe=-0.0284 (folds: -0.0368, 0.0560, -0.2088, 0.2573, -0.2095)
    [trial 1] 14 features, training_days=410 | threshold=0.693 | labels: 1249 long, 944 short (57/43%)
    [trial 1] Sharpe=-0.0022 (folds: -0.1405, 0.1355, -0.0859, 0.1878, -0.1077)
    [trial 2] 14 features, training_days=270 | threshold=0.546 | labels: 1249 long, 944 short (57/43%)
    [trial 2] Sharpe=-0.0924 (folds: -0.2251, 0.0017, -0.1302, 0.0664, -0.1749)
    [trial 3] 14 features, training_days=270 | threshold=0.600 | labels: 1249 long, 944 short (57/43%)
    [trial 3] Sharpe=-0.1204 (folds: -0.1589, -0.0045, -0.1855, 0.0413, -0.2944)
    [trial 4] 14 features, training_days=390 | threshold=0.764 | labels: 1249 long, 944 short (57/43%)[I 2026-05-06 02:25:24,908] Trial 4 finished with value: -0.12247289544011349 and parameters: {'confidence_threshold': 0.7642618789055509, 'training_days': 390, 'n_estimators': 464, 'max_depth': 5, 'num_leaves': 30, 'learning_rate': 0.024562383309704932, 'subsample': 0.8612975035964376, 'min_child_samples': 36, 'reg_alpha': 1.593999300080167, 'reg_lambda': 0.006081270362829788}. Best is trial 1 with value: -0.002160410798973525.
[I 2026-05-06 02:25:25,051] Trial 5 finished with value: -0.1461924541600656 and parameters: {'confidence_threshold': 0.6029115860358569, 'training_days': 60, 'n_estimators': 441, 'max_depth': 3, 'num_leaves': 66, 'learning_rate': 0.044953114425778824, 'subsample': 0.7098948461279406, 'min_child_samples': 15, 'reg_alpha': 4.888753565548431e-07, 'reg_lambda': 4.198190642566389}. Best is trial 1 with value: -0.002160410798973525.
[I 2026-05-06 02:25:25,303] Trial 6 finished with value: -0.09497550692538906 and parameters: {'confidence_threshold': 0.7376932868314098, 'training_days': 290, 'n_estimators': 249, 'max_depth': 5, 'num_leaves': 121, 'learning_rate': 0.015565840632862623, 'subsample': 0.8390183783709677, 'min_child_samples': 19, 'reg_alpha': 1.860444687368747e-08, 'reg_lambda': 2.7391483548058117e-06}. Best is trial 1 with value: -0.002160410798973525.
[I 2026-05-06 02:25:25,337] Trial 7 finished with value: -0.0811476549117297 and parameters: {'confidence_threshold': 0.563503962036334, 'training_days': 70, 'n_estimators': 63, 'max_depth': 3, 'num_leaves': 47, 'learning_rate': 0.18074927623018475, 'subsample': 0.5059692991701257, 'min_child_samples': 9, 'reg_alpha': 3.6945804405602874e-08, 'reg_lambda': 0.027706035542028905}. Best is trial 1 with value: -0.002160410798973525.
[I 2026-05-06 02:25:25,425] Trial 8 finished with value: -0.03501854853142051 and parameters: {'confidence_threshold': 0.6525471176758836, 'training_days': 440, 'n_estimators': 116, 'max_depth': 4, 'num_leaves': 115, 'learning_rate': 0.010229952960863938, 'subsample': 0.5062159465415076, 'min_child_samples': 54, 'reg_alpha': 6.790626457822126e-06, 'reg_lambda': 1.7869141074987722e-05}. Best is trial 1 with value: -0.002160410798973525.
[I 2026-05-06 02:25:25,516] Trial 9 finished with value: -0.1134330871033514 and parameters: {'confidence_threshold': 0.7277571993354469, 'training_days': 360, 'n_estimators': 75, 'max_depth': 5, 'num_leaves': 41, 'learning_rate': 0.014186743931212992, 'subsample': 0.7445187273047605, 'min_child_samples': 22, 'reg_alpha': 0.02393227447113315, 'reg_lambda': 0.009236766173618426}. Best is trial 1 with value: -0.002160410798973525.
[I 2026-05-06 02:25:25,985] A new study created in memory with name: no-name-9344d629-6fb6-4604-b176-6c5443c9d6aa
[I 2026-05-06 02:25:26,261] Trial 0 finished with value: -0.10080531165197575 and parameters: {'confidence_threshold': 0.7790993046299082, 'training_days': 230, 'n_estimators': 295, 'max_depth': 5, 'num_leaves': 83, 'learning_rate': 0.051543455158230854, 'subsample': 0.8773243492079463, 'min_child_samples': 10, 'reg_alpha': 0.034096514368237685, 'reg_lambda': 3.154180388637081e-05}. Best is trial 0 with value: -0.10080531165197575.
[I 2026-05-06 02:25:26,399] Trial 1 finished with value: -0.2602668866134151 and parameters: {'confidence_threshold': 0.6929247853618086, 'training_days': 410, 'n_estimators': 233, 'max_depth': 5, 'num_leaves': 108, 'learning_rate': 0.013724237108071606, 'subsample': 0.7013182233636002, 'min_child_samples': 94, 'reg_alpha': 2.4040959529260723e-06, 'reg_lambda': 5.320966582161148}. Best is trial 0 with value: -0.10080531165197575.
[I 2026-05-06 02:25:26,473] Trial 2 finished with value: -0.1640894217924846 and parameters: {'confidence_threshold': 0.546341527225763, 'training_days': 270, 'n_estimators': 120, 'max_depth': 4, 'num_leaves': 53, 'learning_rate': 0.060197068579343475, 'subsample': 0.588227873455941, 'min_child_samples': 91, 'reg_alpha': 2.3457771824819002e-08, 'reg_lambda': 1.1358840775642732e-08}. Best is trial 0 with value: -0.10080531165197575.
[I 2026-05-06 02:25:26,651] Trial 3 finished with value: -0.09187038807756595 and parameters: {'confidence_threshold': 0.6000319676300473, 'training_days': 270, 'n_estimators': 382, 'max_depth': 4, 'num_leaves': 44, 'learning_rate': 0.09185046765032388, 'subsample': 0.6743651508646724, 'min_child_samples': 77, 'reg_alpha': 0.0013974578104212739, 'reg_lambda': 8.97190257982477e-08}. Best is trial 3 with value: -0.09187038807756595.
[I 2026-05-06 02:25:27,088] Trial 4 finished with value: -0.17622126660683116 and parameters: {'confidence_threshold': 0.7642618789055509, 'training_days': 390, 'n_estimators': 464, 'max_depth': 5, 'num_leaves': 30, 'learning_rate': 0.024562383309704932, 'subsample': 0.8612975035964376, 'min_child_samples': 36, 'reg_alpha': 1.593999300080167, 'reg_lambda': 0.006081270362829788}. Best is trial 3 with value: -0.09187038807756595.
[I 2026-05-06 02:25:27,234] Trial 5 finished with value: 0.016555968652723373 and parameters: {'confidence_threshold': 0.6029115860358569, 'training_days': 60, 'n_estimators': 441, 'max_depth': 3, 'num_leaves': 66, 'learning_rate': 0.044953114425778824, 'subsample': 0.7098948461279406, 'min_child_samples': 15, 'reg_alpha': 4.888753565548431e-07, 'reg_lambda': 4.198190642566389}. Best is trial 5 with value: 0.016555968652723373.
[I 2026-05-06 02:25:27,487] Trial 6 finished with value: -0.09334289023543471 and parameters: {'confidence_threshold': 0.7376932868314098, 'training_days': 290, 'n_estimators': 249, 'max_depth': 5, 'num_leaves': 121, 'learning_rate': 0.015565840632862623, 'subsample': 0.8390183783709677, 'min_child_samples': 19, 'reg_alpha': 1.860444687368747e-08, 'reg_lambda': 2.7391483548058117e-06}. Best is trial 5 with value: 0.016555968652723373.
[I 2026-05-06 02:25:27,523] Trial 7 finished with value: 0.01015546437325423 and parameters: {'confidence_threshold': 0.563503962036334, 'training_days': 70, 'n_estimators': 63, 'max_depth': 3, 'num_leaves': 47, 'learning_rate': 0.18074927623018475, 'subsample': 0.5059692991701257, 'min_child_samples': 9, 'reg_alpha': 3.6945804405602874e-08, 'reg_lambda': 0.027706035542028905}. Best is trial 5 with value: 0.016555968652723373.
[I 2026-05-06 02:25:27,614] Trial 8 finished with value: -0.3739993762808831 and parameters: {'confidence_threshold': 0.6525471176758836, 'training_days': 440, 'n_estimators': 116, 'max_depth': 4, 'num_leaves': 115, 'learning_rate': 0.010229952960863938, 'subsample': 0.5062159465415076, 'min_child_samples': 54, 'reg_alpha': 6.790626457822126e-06, 'reg_lambda': 1.7869141074987722e-05}. Best is trial 5 with value: 0.016555968652723373.
