[I 2026-05-06 02:24:41,957] Trial 1 finished with value: 0.05766785781175181 and parameters: {'confidence_threshold': 0.6929247853618086, 'training_days': 410, 'n_estimators': 233, 'max_depth': 5, 'num_leaves': 108, 'learning_rate': 0.013724237108071606, 'subsample': 0.7013182233636002, 'min_child_samples': 94, 'reg_alpha': 2.4040959529260723e-06, 'reg_lambda': 5.320966582161148}. Best is trial 1 with value: 0.05766785781175181.

  [label] 2022-01-16 16:00 TRXUSDT entry=0.0698 → SHORT | long=sl(-3.98%) short=tp(+7.66%) | scanned=14 | short_tp_only
  [label] 2022-02-01 16:00 TRXUSDT entry=0.0598 → LONG | long=tp(+9.39%) short=sl(-4.85%) | scanned=10 | long_tp_only
  [label] 2022-02-14 16:00 TRXUSDT entry=0.0644 → SHORT | long=sl(-4.21%) short=sl(-4.21%) | scanned=16 | no_tp→fwd_return=-4.4897
  [label] 2022-03-08 00:00 TRXUSDT entry=0.0604 → SHORT | long=timeout(-1.18%) short=timeout(+0.98%) | scanned=22 | no_tp→fwd_return=-1.0758
  [label] 2022-03-14 08:00 TRXUSDT entry=0.0600 → LONG | long=timeout(+2.23%) short=sl(-3.68%) | scanned=22 | no_tp→fwd_return=+2.3322
  [label] 2022-03-26 16:00 TRXUSDT entry=0.0663 → LONG | long=tp(+5.24%) short=sl(-2.77%) | scanned=4 | long_tp_only
  [label] 2022-05-07 08:00 TRXUSDT entry=0.0839 → SHORT | long=sl(-8.61%) short=sl(-8.61%) | scanned=6 | no_tp→fwd_return=-7.6245
  [label] 2022-05-17 08:00 TRXUSDT entry=0.0703 → LONG | long=timeout(+16.49%) short=sl(-11.52%) | scanned=22 | no_tp→fwd_return=+16.5861
  [label] 2022-08-11 16:00 TRXUSDT entry=0.0703 → SHORT | long=sl(-2.74%) short=sl(-2.74%) | scanned=11 | no_tp→fwd_return=-2.3329
  Labels: 1160 long (53.3%), 1015 short (46.7%) | weights: min=1.00, mean=3.06, max=10.00
  Features: 2175/2175 matched, 14 columns
  CV gap: 22 rows
    [trial 0] 14 features, training_days=230 | threshold=0.779 | labels: 1160 long, 1015 short (53/47%)
    [CV fold 0] train_end=2020-12-24 00:00 | val_start=2020-12-31 16:00 | gap=184h (22 rows)
    [CV fold 1] train_end=2021-04-23 16:00 | val_start=2021-05-01 08:00 | gap=184h (22 rows)
    [CV fold 2] train_end=2021-08-22 08:00 | val_start=2021-08-30 00:00 | gap=184h (22 rows)
    [CV fold 3] train_end=2021-12-21 00:00 | val_start=2021-12-28 16:00 | gap=184h (22 rows)
    [CV fold 4] train_end=2022-04-25 16:00 | val_start=2022-05-03 08:00 | gap=184h (22 rows)
    [trial 0] Sharpe=-0.0481 (folds: 0.0254, -0.2411, 0.1748, 0.2638, -0.4635)
    [trial 1] 14 features, training_days=410 | threshold=0.693 | labels: 1160 long, 1015 short (53/47%)
    [trial 1] Sharpe=0.0294 (folds: -0.0051, -0.2294, 0.3962, 0.0988, -0.1137)
    [trial 2] 14 features, training_days=270 | threshold=0.546 | labels: 1160 long, 1015 short (53/47%)
    [trial 2] Sharpe=0.0131 (folds: 0.1862, -0.1998, 0.1228, 0.0816, -0.1254)
    [trial 3] 14 features, training_days=270 | threshold=0.600 | labels: 1160 long, 1015 short (53/47%)
    [trial 3] Sharpe=-0.0201 (folds: 0.1173, -0.1705, 0.0638, 0.0421, -0.1535)
    [trial 4] 14 features, training_days=390 | threshold=0.764 | labels: 1160 long, 1015 short (53/47%)
    [trial 4] Sharpe=0.0585 (folds: 0.1319, -0.2551, 0.3472, 0.2750, -0.2065)
    [trial 5] 14 features, training_days=60 | threshold=0.603 | labels: 1160 long, 1015 short (53/47%)
    [trial 5] Sharpe=-0.0505 (folds: -0.0753, -0.1876, 0.0333, -0.0796, 0.0566)
    [trial 6] 14 features, training_days=290 | threshold=0.738 | labels: 1160 long, 1015 short (53/47%)
    [trial 6] Sharpe=-0.0879 (folds: 0.1250, -0.2690, 0.1741, 0.3346, -0.8042)
    [trial 7] 14 features, training_days=70 | threshold=0.564 | labels: 1160 long, 1015 short (53/47%)
    [trial 7] Sharpe=0.0349 (folds: 0.0336, -0.0972, 0.0358, 0.1475, 0.0547)
    [trial 8] 14 features, training_days=440 | threshold=0.653 | labels: 1160 long, 1015 short (53/47%)
    [trial 8] Sharpe=0.0395 (folds: -0.2125, -0.2502, 0.4626, 0.3032, -0.1056)
    [trial 9] 14 features, training_days=360 | threshold=0.728 | labels: 1160 long, 1015 short (53/47%)
    [trial 9] Sharpe=-2.2242 (folds: -0.2947, -0.4738, -10.0000, 0.6195, -0.9720)
  Optuna: 10 trials, best Sharpe = 0.0585
  Best params: n_estimators=464, max_depth=5, lr=0.0246, leaves=30
  Best confidence_threshold: 0.764
  Best training_days: 390
  Retrained on full data (1155 samples, 14 features)
  Model trained for 2022-09: 90 test candles with features, confidence_threshold=0.764
[lgbm] === Training for 2022-10 ===
  Train window: 2020-10-01 → 2022-10-01
  2175 training samples from 1 symbols
  Samples per month: 2020-10: 93, 2020-11: 90, 2020-12: 93, 2021-01: 93, 2021-02: 84, 2021-03: 93, 2021-04: 90, 2021-05: 93, 2021-06: 90, 2021-07: 93, 2021-08: 93, 2021-09: 90, 2021-10: 93, 2021-11: 90, 2021-12: 93, 2022-01: 93, 2022-02: 75, 2022-03: 93, 2022-04: 84, 2022-05: 93, 2022-06: 90, 2022-07: 93, 2022-08: 93, 2022-09: 90
  [label] 2020-12-01 16:00 TRXUSDT entry=0.0303 → SHORT | long=timeout(-7.90%) short=timeout(+7.70%) | scanned=22 | no_tp→fwd_return=-7.7991
  [label] 2020-12-04 00:00 TRXUSDT entry=0.0311 → SHORT | long=sl(-8.03%) short=timeout(+10.79%) | scanned=22 | no_tp→fwd_return=-10.8863
  [label] 2020-12-07 16:00 TRXUSDT entry=0.0303 → SHORT | long=sl(-6.40%) short=timeout(+3.92%) | scanned=22 | no_tp→fwd_return=-4.0224
  [label] 2021-01-01 16:00 TRXUSDT entry=0.0268 → LONG | long=tp(+13.51%) short=sl(-6.91%) | scanned=7 | long_tp_only
  [label] 2021-02-23 00:00 TRXUSDT entry=0.0490 → SHORT | long=sl(-13.61%) short=timeout(+4.75%) | scanned=22 | no_tp→fwd_return=-4.8542
  [label] 2021-08-08 16:00 TRXUSDT entry=0.0719 → LONG | long=tp(+9.51%) short=sl(-4.91%) | scanned=7 | long_tp_only
  [label] 2021-08-12 16:00 TRXUSDT entry=0.0843 → LONG | long=tp(+11.26%) short=sl(-5.78%) | scanned=7 | long_tp_only
  [label] 2021-08-23 08:00 TRXUSDT entry=0.0896 → SHORT | long=sl(-5.61%) short=timeout(+2.42%) | scanned=22 | no_tp→fwd_return=-2.5218
  [label] 2021-10-07 08:00 TRXUSDT entry=0.0955 → LONG | long=timeout(+2.07%) short=sl(-5.75%) | scanned=22 | no_tp→fwd_return=+2.1675
  [label] 2021-10-16 00:00 TRXUSDT entry=0.0998 → LONG | long=timeout(+0.49%) short=sl(-4.94%) | scanned=22 | no_tp→fwd_return=+0.5914
  [label] 2022-01-14 16:00 TRXUSDT entry=0.0676 → SHORT | long=sl(-4.49%) short=sl(-4.49%) | scanned=20 | no_tp→fwd_return=-4.4836
  [label] 2022-02-15 16:00 TRXUSDT entry=0.0668 → SHORT | long=sl(-3.87%) short=tp(+7.45%) | scanned=13 | short_tp_only
  [label] 2022-03-06 16:00 TRXUSDT entry=0.0588 → LONG | long=timeout(+0.67%) short=sl(-4.61%) | scanned=22 | no_tp→fwd_return=+0.7652
  [label] 2022-03-19 16:00 TRXUSDT entry=0.0619 → LONG | long=tp(+5.23%) short=sl(-2.77%) | scanned=14 | long_tp_only
  [label] 2022-04-09 00:00 TRXUSDT entry=0.0635 → SHORT | long=sl(-4.83%) short=timeout(+2.62%) | scanned=22 | no_tp→fwd_return=-2.7240
  [label] 2022-04-15 08:00 TRXUSDT entry=0.0617 → LONG | long=sl(-4.04%) short=sl(-4.04%) | scanned=18 | no_tp→fwd_return=+16.2991
  [label] 2022-04-27 16:00 TRXUSDT entry=0.0631 → LONG | long=tp(+9.55%) short=sl(-4.93%) | scanned=5 | long_tp_only
  [label] 2022-06-06 08:00 TRXUSDT entry=0.0827 → SHORT | long=sl(-6.00%) short=tp(+11.69%) | scanned=20 | short_tp_only
  [label] 2022-06-16 08:00 TRXUSDT entry=0.0601 → LONG | long=timeout(+3.73%) short=timeout(-3.93%) | scanned=22 | no_tp→fwd_return=+3.8276
  [label] 2022-09-10 16:00 TRXUSDT entry=0.0647 → SHORT | long=sl(-2.62%) short=tp(+4.95%) | scanned=8 | short_tp_only
  Labels: 1171 long (53.8%), 1004 short (46.2%) | weights: min=1.00, mean=3.00, max=10.00
  Features: 2175/2175 matched, 14 columns
  CV gap: 22 rows
    [trial 0] 14 features, training_days=230 | threshold=0.779 | labels: 1171 long, 1004 short (54/46%)
    [CV fold 0] train_end=2021-01-23 00:00 | val_start=2021-01-30 16:00 | gap=184h (22 rows)
    [CV fold 1] train_end=2021-05-23 16:00 | val_start=2021-05-31 08:00 | gap=184h (22 rows)
    [CV fold 2] train_end=2021-09-21 08:00 | val_start=2021-09-29 00:00 | gap=184h (22 rows)
    [CV fold 3] train_end=2022-01-20 00:00 | val_start=2022-01-27 16:00 | gap=184h (22 rows)
    [CV fold 4] train_end=2022-05-25 16:00 | val_start=2022-06-02 08:00 | gap=184h (22 rows)
    [trial 0] Sharpe=-0.0469 (folds: -0.1430, 0.0046, 0.1648, -0.1339, -0.1269)
    [trial 1] 14 features, training_days=410 | threshold=0.693 | labels: 1171 long, 1004 short (54/46%)
    [trial 1] Sharpe=0.0577 (folds: -0.0304, 0.0853, 0.3355, 0.1863, -0.2883)
    [trial 2] 14 features, training_days=270 | threshold=0.546 | labels: 1171 long, 1004 short (54/46%)
    [trial 2] Sharpe=-0.0262 (folds: -0.0245, 0.0520, 0.1092, -0.1419, -0.1257)[I 2026-05-06 02:24:42,023] Trial 2 finished with value: -0.026182815393854374 and parameters: {'confidence_threshold': 0.546341527225763, 'training_days': 270, 'n_estimators': 120, 'max_depth': 4, 'num_leaves': 53, 'learning_rate': 0.060197068579343475, 'subsample': 0.588227873455941, 'min_child_samples': 91, 'reg_alpha': 2.3457771824819002e-08, 'reg_lambda': 1.1358840775642732e-08}. Best is trial 1 with value: 0.05766785781175181.
[I 2026-05-06 02:24:42,202] Trial 3 finished with value: -0.04318706151771787 and parameters: {'confidence_threshold': 0.6000319676300473, 'training_days': 270, 'n_estimators': 382, 'max_depth': 4, 'num_leaves': 44, 'learning_rate': 0.09185046765032388, 'subsample': 0.6743651508646724, 'min_child_samples': 77, 'reg_alpha': 0.0013974578104212739, 'reg_lambda': 8.97190257982477e-08}. Best is trial 1 with value: 0.05766785781175181.
[I 2026-05-06 02:24:42,562] Trial 4 finished with value: 0.0388560018009525 and parameters: {'confidence_threshold': 0.7642618789055509, 'training_days': 390, 'n_estimators': 464, 'max_depth': 5, 'num_leaves': 30, 'learning_rate': 0.024562383309704932, 'subsample': 0.8612975035964376, 'min_child_samples': 36, 'reg_alpha': 1.593999300080167, 'reg_lambda': 0.006081270362829788}. Best is trial 1 with value: 0.05766785781175181.
[I 2026-05-06 02:24:42,716] Trial 5 finished with value: -0.046859975776144924 and parameters: {'confidence_threshold': 0.6029115860358569, 'training_days': 60, 'n_estimators': 441, 'max_depth': 3, 'num_leaves': 66, 'learning_rate': 0.044953114425778824, 'subsample': 0.7098948461279406, 'min_child_samples': 15, 'reg_alpha': 4.888753565548431e-07, 'reg_lambda': 4.198190642566389}. Best is trial 1 with value: 0.05766785781175181.
[I 2026-05-06 02:24:42,927] Trial 6 finished with value: -0.0030032322226256846 and parameters: {'confidence_threshold': 0.7376932868314098, 'training_days': 290, 'n_estimators': 249, 'max_depth': 5, 'num_leaves': 121, 'learning_rate': 0.015565840632862623, 'subsample': 0.8390183783709677, 'min_child_samples': 19, 'reg_alpha': 1.860444687368747e-08, 'reg_lambda': 2.7391483548058117e-06}. Best is trial 1 with value: 0.05766785781175181.
[I 2026-05-06 02:24:42,964] Trial 7 finished with value: -0.03845887749480527 and parameters: {'confidence_threshold': 0.563503962036334, 'training_days': 70, 'n_estimators': 63, 'max_depth': 3, 'num_leaves': 47, 'learning_rate': 0.18074927623018475, 'subsample': 0.5059692991701257, 'min_child_samples': 9, 'reg_alpha': 3.6945804405602874e-08, 'reg_lambda': 0.027706035542028905}. Best is trial 1 with value: 0.05766785781175181.
[I 2026-05-06 02:24:43,053] Trial 8 finished with value: -1.9884978263218638 and parameters: {'confidence_threshold': 0.6525471176758836, 'training_days': 440, 'n_estimators': 116, 'max_depth': 4, 'num_leaves': 115, 'learning_rate': 0.010229952960863938, 'subsample': 0.5062159465415076, 'min_child_samples': 54, 'reg_alpha': 6.790626457822126e-06, 'reg_lambda': 1.7869141074987722e-05}. Best is trial 1 with value: 0.05766785781175181.
[I 2026-05-06 02:24:43,148] Trial 9 finished with value: 0.2130163575381502 and parameters: {'confidence_threshold': 0.7277571993354469, 'training_days': 360, 'n_estimators': 75, 'max_depth': 5, 'num_leaves': 41, 'learning_rate': 0.014186743931212992, 'subsample': 0.7445187273047605, 'min_child_samples': 22, 'reg_alpha': 0.02393227447113315, 'reg_lambda': 0.009236766173618426}. Best is trial 9 with value: 0.2130163575381502.
[I 2026-05-06 02:24:43,542] A new study created in memory with name: no-name-9d7cc7c5-2bcf-4b72-bad5-b25766895371
[I 2026-05-06 02:24:43,822] Trial 0 finished with value: -0.028408023624955592 and parameters: {'confidence_threshold': 0.7790993046299082, 'training_days': 230, 'n_estimators': 295, 'max_depth': 5, 'num_leaves': 83, 'learning_rate': 0.051543455158230854, 'subsample': 0.8773243492079463, 'min_child_samples': 10, 'reg_alpha': 0.034096514368237685, 'reg_lambda': 3.154180388637081e-05}. Best is trial 0 with value: -0.028408023624955592.
[I 2026-05-06 02:24:43,959] Trial 1 finished with value: -2.098045685525711 and parameters: {'confidence_threshold': 0.6929247853618086, 'training_days': 410, 'n_estimators': 233, 'max_depth': 5, 'num_leaves': 108, 'learning_rate': 0.013724237108071606, 'subsample': 0.7013182233636002, 'min_child_samples': 94, 'reg_alpha': 2.4040959529260723e-06, 'reg_lambda': 5.320966582161148}. Best is trial 0 with value: -0.028408023624955592.
[I 2026-05-06 02:24:44,028] Trial 2 finished with value: -0.010011418741188147 and parameters: {'confidence_threshold': 0.546341527225763, 'training_days': 270, 'n_estimators': 120, 'max_depth': 4, 'num_leaves': 53, 'learning_rate': 0.060197068579343475, 'subsample': 0.588227873455941, 'min_child_samples': 91, 'reg_alpha': 2.3457771824819002e-08, 'reg_lambda': 1.1358840775642732e-08}. Best is trial 2 with value: -0.010011418741188147.
[I 2026-05-06 02:24:44,221] Trial 3 finished with value: -0.013736166388301673 and parameters: {'confidence_threshold': 0.6000319676300473, 'training_days': 270, 'n_estimators': 382, 'max_depth': 4, 'num_leaves': 44, 'learning_rate': 0.09185046765032388, 'subsample': 0.6743651508646724, 'min_child_samples': 77, 'reg_alpha': 0.0013974578104212739, 'reg_lambda': 8.97190257982477e-08}. Best is trial 2 with value: -0.010011418741188147.
[I 2026-05-06 02:24:44,597] Trial 4 finished with value: 0.015752937044664 and parameters: {'confidence_threshold': 0.7642618789055509, 'training_days': 390, 'n_estimators': 464, 'max_depth': 5, 'num_leaves': 30, 'learning_rate': 0.024562383309704932, 'subsample': 0.8612975035964376, 'min_child_samples': 36, 'reg_alpha': 1.593999300080167, 'reg_lambda': 0.006081270362829788}. Best is trial 4 with value: 0.015752937044664.
[I 2026-05-06 02:24:44,750] Trial 5 finished with value: -0.13995894499396916 and parameters: {'confidence_threshold': 0.6029115860358569, 'training_days': 60, 'n_estimators': 441, 'max_depth': 3, 'num_leaves': 66, 'learning_rate': 0.044953114425778824, 'subsample': 0.7098948461279406, 'min_child_samples': 15, 'reg_alpha': 4.888753565548431e-07, 'reg_lambda': 4.198190642566389}. Best is trial 4 with value: 0.015752937044664.
[I 2026-05-06 02:24:44,988] Trial 6 finished with value: 0.05292678773749523 and parameters: {'confidence_threshold': 0.7376932868314098, 'training_days': 290, 'n_estimators': 249, 'max_depth': 5, 'num_leaves': 121, 'learning_rate': 0.015565840632862623, 'subsample': 0.8390183783709677, 'min_child_samples': 19, 'reg_alpha': 1.860444687368747e-08, 'reg_lambda': 2.7391483548058117e-06}. Best is trial 6 with value: 0.05292678773749523.
[I 2026-05-06 02:24:45,021] Trial 7 finished with value: -0.08782477790549839 and parameters: {'confidence_threshold': 0.563503962036334, 'training_days': 70, 'n_estimators': 63, 'max_depth': 3, 'num_leaves': 47, 'learning_rate': 0.18074927623018475, 'subsample': 0.5059692991701257, 'min_child_samples': 9, 'reg_alpha': 3.6945804405602874e-08, 'reg_lambda': 0.027706035542028905}. Best is trial 6 with value: 0.05292678773749523.
[I 2026-05-06 02:24:45,109] Trial 8 finished with value: -1.857709477100758 and parameters: {'confidence_threshold': 0.6525471176758836, 'training_days': 440, 'n_estimators': 116, 'max_depth': 4, 'num_leaves': 115, 'learning_rate': 0.010229952960863938, 'subsample': 0.5062159465415076, 'min_child_samples': 54, 'reg_alpha': 6.790626457822126e-06, 'reg_lambda': 1.7869141074987722e-05}. Best is trial 6 with value: 0.05292678773749523.
