[I 2026-05-06 02:26:06,807] Trial 9 finished with value: -2.2041933504358946 and parameters: {'confidence_threshold': 0.7277571993354469, 'training_days': 360, 'n_estimators': 75, 'max_depth': 5, 'num_leaves': 41, 'learning_rate': 0.014186743931212992, 'subsample': 0.7445187273047605, 'min_child_samples': 22, 'reg_alpha': 0.02393227447113315, 'reg_lambda': 0.009236766173618426}. Best is trial 1 with value: 0.0012914217261380452.

    [trial 9] 14 features, training_days=360 | threshold=0.728 | labels: 1206 long, 987 short (55/45%)
    [trial 9] Sharpe=-2.0323 (folds: 0.0574, 0.3816, -0.3816, -10.0000, -0.2190)
  Optuna: 10 trials, best Sharpe = 0.1307
  Best params: n_estimators=249, max_depth=5, lr=0.0156, leaves=121
  Best confidence_threshold: 0.738
  Best training_days: 290
  Retrained on full data (870 samples, 14 features)
  Model trained for 2025-12: 93 test candles with features, confidence_threshold=0.738
[lgbm] === Training for 2026-01 ===
  Train window: 2024-01-01 → 2026-01-01
  2193 training samples from 1 symbols
  Samples per month: 2024-01: 93, 2024-02: 87, 2024-03: 93, 2024-04: 90, 2024-05: 93, 2024-06: 90, 2024-07: 93, 2024-08: 93, 2024-09: 90, 2024-10: 93, 2024-11: 90, 2024-12: 93, 2025-01: 93, 2025-02: 84, 2025-03: 93, 2025-04: 90, 2025-05: 93, 2025-06: 90, 2025-07: 93, 2025-08: 93, 2025-09: 90, 2025-10: 93, 2025-11: 90, 2025-12: 93
  [label] 2024-03-03 08:00 TRXUSDT entry=0.1402 → SHORT | long=sl(-1.82%) short=tp(+3.34%) | scanned=7 | short_tp_only
  [label] 2024-03-05 16:00 TRXUSDT entry=0.1359 → SHORT | long=sl(-2.09%) short=tp(+3.88%) | scanned=21 | short_tp_only
  [label] 2024-03-09 08:00 TRXUSDT entry=0.1360 → SHORT | long=sl(-1.81%) short=tp(+3.32%) | scanned=5 | short_tp_only
  [label] 2024-04-03 08:00 TRXUSDT entry=0.1175 → LONG | long=tp(+4.40%) short=sl(-2.35%) | scanned=15 | long_tp_only
  [label] 2024-05-26 08:00 TRXUSDT entry=0.1134 → LONG | long=sl(-2.05%) short=timeout(-1.38%) | scanned=22 | no_tp→fwd_return=+1.2787
  [label] 2024-11-10 08:00 TRXUSDT entry=0.1658 → LONG | long=sl(-1.61%) short=sl(-1.61%) | scanned=5 | no_tp→fwd_return=+1.5079
  [label] 2024-11-14 08:00 TRXUSDT entry=0.1779 → LONG | long=tp(+7.47%) short=sl(-3.89%) | scanned=4 | long_tp_only
  [label] 2024-11-25 00:00 TRXUSDT entry=0.2094 → SHORT | long=sl(-4.58%) short=tp(+8.86%) | scanned=4 | short_tp_only
  [label] 2025-01-09 08:00 TRXUSDT entry=0.2450 → SHORT | long=sl(-3.93%) short=tp(+7.56%) | scanned=11 | short_tp_only
  [label] 2025-01-18 00:00 TRXUSDT entry=0.2411 → LONG | long=sl(-4.35%) short=sl(-4.35%) | scanned=7 | no_tp→fwd_return=+1.2526
  [label] 2025-04-19 16:00 TRXUSDT entry=0.2439 → LONG | long=timeout(+3.22%) short=sl(-2.70%) | scanned=22 | no_tp→fwd_return=+3.3167
  [label] 2025-05-21 16:00 TRXUSDT entry=0.2681 → LONG | long=timeout(+1.94%) short=sl(-3.14%) | scanned=22 | no_tp→fwd_return=+2.0404
  [label] 2025-06-07 00:00 TRXUSDT entry=0.2781 → LONG | long=tp(+4.69%) short=sl(-2.49%) | scanned=10 | long_tp_only
  [label] 2025-06-20 00:00 TRXUSDT entry=0.2725 → SHORT | long=sl(-2.87%) short=timeout(+0.58%) | scanned=22 | no_tp→fwd_return=-0.6825
  [label] 2025-07-08 16:00 TRXUSDT entry=0.2872 → LONG | long=tp(+2.92%) short=sl(-1.61%) | scanned=7 | long_tp_only
  [label] 2025-07-15 00:00 TRXUSDT entry=0.2982 → LONG | long=tp(+3.54%) short=sl(-1.92%) | scanned=5 | long_tp_only
  [label] 2025-07-27 08:00 TRXUSDT entry=0.3210 → LONG | long=tp(+4.64%) short=sl(-2.47%) | scanned=6 | long_tp_only
  [label] 2025-09-05 08:00 TRXUSDT entry=0.3324 → SHORT | long=sl(-2.16%) short=tp(+4.03%) | scanned=4 | short_tp_only
  [label] 2025-09-15 08:00 TRXUSDT entry=0.3433 → SHORT | long=sl(-2.12%) short=sl(-2.12%) | scanned=20 | no_tp→fwd_return=-2.5135
  [label] 2025-12-11 08:00 TRXUSDT entry=0.2808 → SHORT | long=sl(-1.66%) short=tp(+3.01%) | scanned=6 | short_tp_only
  Labels: 1227 long (56.0%), 966 short (44.0%) | weights: min=1.00, mean=2.59, max=10.00
  Features: 2193/2193 matched, 14 columns
  CV gap: 22 rows
    [trial 0] 14 features, training_days=230 | threshold=0.779 | labels: 1227 long, 966 short (56/44%)
    [CV fold 0] train_end=2024-04-25 00:00 | val_start=2024-05-02 16:00 | gap=184h (22 rows)
    [CV fold 1] train_end=2024-08-24 16:00 | val_start=2024-09-01 08:00 | gap=184h (22 rows)
    [CV fold 2] train_end=2024-12-24 08:00 | val_start=2025-01-01 00:00 | gap=184h (22 rows)
    [CV fold 3] train_end=2025-04-25 00:00 | val_start=2025-05-02 16:00 | gap=184h (22 rows)
    [CV fold 4] train_end=2025-08-24 16:00 | val_start=2025-09-01 08:00 | gap=184h (22 rows)
    [trial 0] Sharpe=-0.0822 (folds: 0.0150, -0.1058, -0.1345, -0.0796, -0.1061)
    [trial 1] 14 features, training_days=410 | threshold=0.693 | labels: 1227 long, 966 short (56/44%)
    [trial 1] Sharpe=0.0013 (folds: 0.0973, 0.2579, -0.1364, -0.1237, -0.0886)
    [trial 2] 14 features, training_days=270 | threshold=0.546 | labels: 1227 long, 966 short (56/44%)
    [trial 2] Sharpe=-0.0708 (folds: -0.0153, 0.1230, -0.1388, -0.1919, -0.1311)
    [trial 3] 14 features, training_days=270 | threshold=0.600 | labels: 1227 long, 966 short (56/44%)
    [trial 3] Sharpe=-0.0536 (folds: 0.1022, 0.0170, -0.1360, -0.1184, -0.1329)
    [trial 4] 14 features, training_days=390 | threshold=0.764 | labels: 1227 long, 966 short (56/44%)
    [trial 4] Sharpe=-0.0854 (folds: 0.0699, -0.0987, -0.0921, -0.2153, -0.0906)
    [trial 5] 14 features, training_days=60 | threshold=0.603 | labels: 1227 long, 966 short (56/44%)
    [trial 5] Sharpe=-0.0617 (folds: 0.1751, -0.1834, -0.1535, -0.0517, -0.0952)
    [trial 6] 14 features, training_days=290 | threshold=0.738 | labels: 1227 long, 966 short (56/44%)
    [trial 6] Sharpe=-0.0985 (folds: 0.0225, -0.0589, -0.0975, -0.2472, -0.1116)
    [trial 7] 14 features, training_days=70 | threshold=0.564 | labels: 1227 long, 966 short (56/44%)
    [trial 7] Sharpe=-0.1051 (folds: -0.0332, -0.0745, -0.1543, -0.1601, -0.1036)
    [trial 8] 14 features, training_days=440 | threshold=0.653 | labels: 1227 long, 966 short (56/44%)
    [trial 8] Sharpe=-0.1253 (folds: -0.7274, 0.3574, -0.1152, 0.1569, -0.2984)
    [trial 9] 14 features, training_days=360 | threshold=0.728 | labels: 1227 long, 966 short (56/44%)
    [trial 9] Sharpe=-2.2042 (folds: -0.2049, -0.4683, -0.1852, -10.0000, -0.1625)
  Optuna: 10 trials, best Sharpe = 0.0013
  Best params: n_estimators=233, max_depth=5, lr=0.0137, leaves=108
  Best confidence_threshold: 0.693
  Best training_days: 410
  Retrained on full data (1230 samples, 14 features)
  Model trained for 2026-01: 93 test candles with features, confidence_threshold=0.693
[lgbm] === Training for 2026-02 ===
  Train window: 2024-02-01 → 2026-02-01
  2193 training samples from 1 symbols
  Samples per month: 2024-02: 87, 2024-03: 93, 2024-04: 90, 2024-05: 93, 2024-06: 90, 2024-07: 93, 2024-08: 93, 2024-09: 90, 2024-10: 93, 2024-11: 90, 2024-12: 93, 2025-01: 93, 2025-02: 84, 2025-03: 93, 2025-04: 90, 2025-05: 93, 2025-06: 90, 2025-07: 93, 2025-08: 93, 2025-09: 90, 2025-10: 93, 2025-11: 90, 2025-12: 93, 2026-01: 93
  [label] 2024-04-03 08:00 TRXUSDT entry=0.1175 → LONG | long=tp(+4.40%) short=sl(-2.35%) | scanned=15 | long_tp_only
  [label] 2024-04-05 16:00 TRXUSDT entry=0.1179 → LONG | long=tp(+4.14%) short=sl(-2.22%) | scanned=8 | long_tp_only
  [label] 2024-04-09 08:00 TRXUSDT entry=0.1212 → SHORT | long=sl(-1.92%) short=sl(-1.92%) | scanned=3 | no_tp→fwd_return=-2.3095
  [label] 2024-05-04 08:00 TRXUSDT entry=0.1227 → LONG | long=sl(-2.22%) short=sl(-2.22%) | scanned=15 | no_tp→fwd_return=+3.0641
  [label] 2024-06-26 08:00 TRXUSDT entry=0.1236 → LONG | long=tp(+3.11%) short=sl(-1.70%) | scanned=15 | long_tp_only
  [label] 2024-12-11 08:00 TRXUSDT entry=0.2852 → SHORT | long=timeout(-4.60%) short=timeout(+4.40%) | scanned=22 | no_tp→fwd_return=-4.4980
  [label] 2024-12-15 08:00 TRXUSDT entry=0.2847 → SHORT | long=sl(-8.61%) short=tp(+16.92%) | scanned=15 | short_tp_only
  [label] 2024-12-26 00:00 TRXUSDT entry=0.2543 → LONG | long=timeout(+1.56%) short=timeout(-1.76%) | scanned=22 | no_tp→fwd_return=+1.6636
  [label] 2025-02-09 08:00 TRXUSDT entry=0.2367 → LONG | long=timeout(+2.11%) short=sl(-4.23%) | scanned=22 | no_tp→fwd_return=+2.2096
  [label] 2025-02-18 00:00 TRXUSDT entry=0.2385 → SHORT | long=sl(-3.39%) short=sl(-3.39%) | scanned=21 | no_tp→fwd_return=-3.1441
  [label] 2025-05-20 16:00 TRXUSDT entry=0.2690 → LONG | long=timeout(+3.18%) short=sl(-3.12%) | scanned=22 | no_tp→fwd_return=+3.2786
  [label] 2025-06-21 16:00 TRXUSDT entry=0.2709 → LONG | long=sl(-2.77%) short=timeout(-1.48%) | scanned=22 | no_tp→fwd_return=+1.3807[I 2026-05-06 02:26:07,293] A new study created in memory with name: no-name-5346014e-07d7-4d61-a7eb-92570503af9c
[I 2026-05-06 02:26:07,558] Trial 0 finished with value: -0.07824596100237088 and parameters: {'confidence_threshold': 0.7790993046299082, 'training_days': 230, 'n_estimators': 295, 'max_depth': 5, 'num_leaves': 83, 'learning_rate': 0.051543455158230854, 'subsample': 0.8773243492079463, 'min_child_samples': 10, 'reg_alpha': 0.034096514368237685, 'reg_lambda': 3.154180388637081e-05}. Best is trial 0 with value: -0.07824596100237088.
[I 2026-05-06 02:26:07,688] Trial 1 finished with value: -0.12745844722584487 and parameters: {'confidence_threshold': 0.6929247853618086, 'training_days': 410, 'n_estimators': 233, 'max_depth': 5, 'num_leaves': 108, 'learning_rate': 0.013724237108071606, 'subsample': 0.7013182233636002, 'min_child_samples': 94, 'reg_alpha': 2.4040959529260723e-06, 'reg_lambda': 5.320966582161148}. Best is trial 0 with value: -0.07824596100237088.
[I 2026-05-06 02:26:07,755] Trial 2 finished with value: -0.0830125469297401 and parameters: {'confidence_threshold': 0.546341527225763, 'training_days': 270, 'n_estimators': 120, 'max_depth': 4, 'num_leaves': 53, 'learning_rate': 0.060197068579343475, 'subsample': 0.588227873455941, 'min_child_samples': 91, 'reg_alpha': 2.3457771824819002e-08, 'reg_lambda': 1.1358840775642732e-08}. Best is trial 0 with value: -0.07824596100237088.
[I 2026-05-06 02:26:07,930] Trial 3 finished with value: -0.08164901392869177 and parameters: {'confidence_threshold': 0.6000319676300473, 'training_days': 270, 'n_estimators': 382, 'max_depth': 4, 'num_leaves': 44, 'learning_rate': 0.09185046765032388, 'subsample': 0.6743651508646724, 'min_child_samples': 77, 'reg_alpha': 0.0013974578104212739, 'reg_lambda': 8.97190257982477e-08}. Best is trial 0 with value: -0.07824596100237088.
[I 2026-05-06 02:26:08,303] Trial 4 finished with value: -0.10193312683865882 and parameters: {'confidence_threshold': 0.7642618789055509, 'training_days': 390, 'n_estimators': 464, 'max_depth': 5, 'num_leaves': 30, 'learning_rate': 0.024562383309704932, 'subsample': 0.8612975035964376, 'min_child_samples': 36, 'reg_alpha': 1.593999300080167, 'reg_lambda': 0.006081270362829788}. Best is trial 0 with value: -0.07824596100237088.
[I 2026-05-06 02:26:08,454] Trial 5 finished with value: -0.10534100636332208 and parameters: {'confidence_threshold': 0.6029115860358569, 'training_days': 60, 'n_estimators': 441, 'max_depth': 3, 'num_leaves': 66, 'learning_rate': 0.044953114425778824, 'subsample': 0.7098948461279406, 'min_child_samples': 15, 'reg_alpha': 4.888753565548431e-07, 'reg_lambda': 4.198190642566389}. Best is trial 0 with value: -0.07824596100237088.
[I 2026-05-06 02:26:08,708] Trial 6 finished with value: -0.09801144483913526 and parameters: {'confidence_threshold': 0.7376932868314098, 'training_days': 290, 'n_estimators': 249, 'max_depth': 5, 'num_leaves': 121, 'learning_rate': 0.015565840632862623, 'subsample': 0.8390183783709677, 'min_child_samples': 19, 'reg_alpha': 1.860444687368747e-08, 'reg_lambda': 2.7391483548058117e-06}. Best is trial 0 with value: -0.07824596100237088.
[I 2026-05-06 02:26:08,750] Trial 7 finished with value: -0.06532635256545764 and parameters: {'confidence_threshold': 0.563503962036334, 'training_days': 70, 'n_estimators': 63, 'max_depth': 3, 'num_leaves': 47, 'learning_rate': 0.18074927623018475, 'subsample': 0.5059692991701257, 'min_child_samples': 9, 'reg_alpha': 3.6945804405602874e-08, 'reg_lambda': 0.027706035542028905}. Best is trial 7 with value: -0.06532635256545764.
[I 2026-05-06 02:26:08,836] Trial 8 finished with value: -0.04575153305003342 and parameters: {'confidence_threshold': 0.6525471176758836, 'training_days': 440, 'n_estimators': 116, 'max_depth': 4, 'num_leaves': 115, 'learning_rate': 0.010229952960863938, 'subsample': 0.5062159465415076, 'min_child_samples': 54, 'reg_alpha': 6.790626457822126e-06, 'reg_lambda': 1.7869141074987722e-05}. Best is trial 8 with value: -0.04575153305003342.
[I 2026-05-06 02:26:08,919] Trial 9 finished with value: -0.19456800758205148 and parameters: {'confidence_threshold': 0.7277571993354469, 'training_days': 360, 'n_estimators': 75, 'max_depth': 5, 'num_leaves': 41, 'learning_rate': 0.014186743931212992, 'subsample': 0.7445187273047605, 'min_child_samples': 22, 'reg_alpha': 0.02393227447113315, 'reg_lambda': 0.009236766173618426}. Best is trial 8 with value: -0.04575153305003342.
[I 2026-05-06 02:26:09,368] A new study created in memory with name: no-name-cbb59909-8628-4b5c-85f4-31bc3c549b8e

  [label] 2025-07-08 00:00 TRXUSDT entry=0.2866 → LONG | long=tp(+2.98%) short=sl(-1.64%) | scanned=9 | long_tp_only
  [label] 2025-07-21 00:00 TRXUSDT entry=0.3145 → LONG | long=sl(-2.52%) short=sl(-2.52%) | scanned=18 | no_tp→fwd_return=+2.5817
  [label] 2025-08-08 16:00 TRXUSDT entry=0.3376 → LONG | long=tp(+4.04%) short=sl(-2.17%) | scanned=12 | long_tp_only
  [label] 2025-08-15 00:00 TRXUSDT entry=0.3580 → SHORT | long=sl(-2.38%) short=timeout(+0.04%) | scanned=22 | no_tp→fwd_return=-0.1425
  [label] 2025-08-27 08:00 TRXUSDT entry=0.3505 → SHORT | long=sl(-2.46%) short=tp(+4.61%) | scanned=6 | short_tp_only
  [label] 2025-10-06 08:00 TRXUSDT entry=0.3453 → SHORT | long=sl(-1.47%) short=tp(+2.63%) | scanned=9 | short_tp_only
  [label] 2025-10-16 08:00 TRXUSDT entry=0.3175 → SHORT | long=sl(-2.68%) short=timeout(+0.44%) | scanned=22 | no_tp→fwd_return=-0.5385
  [label] 2026-01-11 08:00 TRXUSDT entry=0.2992 → LONG | long=tp(+2.40%) short=sl(-1.35%) | scanned=7 | long_tp_only
  Labels: 1207 long (55.0%), 986 short (45.0%) | weights: min=1.00, mean=2.58, max=10.00
  Features: 2193/2193 matched, 14 columns
  CV gap: 22 rows
    [trial 0] 14 features, training_days=230 | threshold=0.779 | labels: 1207 long, 986 short (55/45%)
    [CV fold 0] train_end=2024-05-26 00:00 | val_start=2024-06-02 16:00 | gap=184h (22 rows)
    [CV fold 1] train_end=2024-09-24 16:00 | val_start=2024-10-02 08:00 | gap=184h (22 rows)
    [CV fold 2] train_end=2025-01-24 08:00 | val_start=2025-02-01 00:00 | gap=184h (22 rows)
    [CV fold 3] train_end=2025-05-26 00:00 | val_start=2025-06-02 16:00 | gap=184h (22 rows)
    [CV fold 4] train_end=2025-09-24 16:00 | val_start=2025-10-02 08:00 | gap=184h (22 rows)
    [trial 0] Sharpe=-0.0782 (folds: -0.1448, -0.1602, -0.0289, 0.0472, -0.1045)
    [trial 1] 14 features, training_days=410 | threshold=0.693 | labels: 1207 long, 986 short (55/45%)
    [trial 1] Sharpe=-0.1275 (folds: -0.0280, -0.1584, 0.0199, -0.2127, -0.2580)
    [trial 2] 14 features, training_days=270 | threshold=0.546 | labels: 1207 long, 986 short (55/45%)
    [trial 2] Sharpe=-0.0830 (folds: -0.1427, -0.2321, 0.0392, -0.0414, -0.0380)
    [trial 3] 14 features, training_days=270 | threshold=0.600 | labels: 1207 long, 986 short (55/45%)
    [trial 3] Sharpe=-0.0816 (folds: -0.0650, -0.1604, 0.0046, -0.0181, -0.1693)
    [trial 4] 14 features, training_days=390 | threshold=0.764 | labels: 1207 long, 986 short (55/45%)
    [trial 4] Sharpe=-0.1019 (folds: -0.1634, -0.1374, 0.0236, -0.0988, -0.1338)
    [trial 5] 14 features, training_days=60 | threshold=0.603 | labels: 1207 long, 986 short (55/45%)
    [trial 5] Sharpe=-0.1053 (folds: -0.0120, -0.2897, -0.0360, 0.0372, -0.2262)
    [trial 6] 14 features, training_days=290 | threshold=0.738 | labels: 1207 long, 986 short (55/45%)
    [trial 6] Sharpe=-0.0980 (folds: -0.0487, -0.0927, -0.0048, -0.0569, -0.2869)
    [trial 7] 14 features, training_days=70 | threshold=0.564 | labels: 1207 long, 986 short (55/45%)
    [trial 7] Sharpe=-0.0653 (folds: -0.0029, -0.1897, -0.0016, 0.1078, -0.2402)
    [trial 8] 14 features, training_days=440 | threshold=0.653 | labels: 1207 long, 986 short (55/45%)
    [trial 8] Sharpe=-0.0458 (folds: 0.0253, -0.0591, -0.0243, 0.0443, -0.2150)
    [trial 9] 14 features, training_days=360 | threshold=0.728 | labels: 1207 long, 986 short (55/45%)
    [trial 9] Sharpe=-0.1946 (folds: -0.3882, 0.0675, -0.1937, -0.0575, -0.4009)
  Optuna: 10 trials, best Sharpe = -0.0458
  Best params: n_estimators=116, max_depth=4, lr=0.0102, leaves=115
  Best confidence_threshold: 0.653
  Best training_days: 440
  Retrained on full data (1320 samples, 14 features)
  Model trained for 2026-02: 84 test candles with features, confidence_threshold=0.653
[predict] 2026-02-05 08:00 TRXUSDT → SHORT (proba=0.68 TP=3.8%/SL=1.9%)
[trade:open] 2026-02-05 15:59 TRXUSDT SHORT @ 0.28 | SL=0.28 TP=0.27 | timeout=2026-02-12 15:59
[trade:close] 2026-02-06 07:59 TRXUSDT SHORT → take_profit @ 0.27 | PnL=+3.85% (net +3.75%) | cum=-2.24% 2026-02=+3.75% 2026-02-06=+3.75%
[predict] 2026-02-12 08:00 TRXUSDT → SHORT (proba=0.70 TP=3.4%/SL=1.7%)
[trade:open] 2026-02-12 15:59 TRXUSDT SHORT @ 0.28 | SL=0.28 TP=0.27 | timeout=2026-02-19 15:59
[trade:close] 2026-02-13 23:59 TRXUSDT SHORT → stop_loss @ 0.28 | PnL=-1.70% (net -1.80%) | cum=-4.05% 2026-02=+1.94% 2026-02-13=-1.80%
[predict] 2026-02-22 00:00 TRXUSDT → SHORT (proba=0.75 TP=2.8%/SL=1.4%)
[trade:open] 2026-02-22 07:59 TRXUSDT SHORT @ 0.29 | SL=0.29 TP=0.28 | timeout=2026-03-01 07:59
[trade:close] 2026-02-28 15:59 TRXUSDT SHORT → take_profit @ 0.28 | PnL=+2.85% (net +2.75%) | cum=-1.30% 2026-02=+4.69% 2026-02-28=+2.75%
[lgbm] === Training for 2026-03 ===
  Train window: 2024-03-01 → 2026-03-01
  2190 training samples from 1 symbols
  Samples per month: 2024-03: 93, 2024-04: 90, 2024-05: 93, 2024-06: 90, 2024-07: 93, 2024-08: 93, 2024-09: 90, 2024-10: 93, 2024-11: 90, 2024-12: 93, 2025-01: 93, 2025-02: 84, 2025-03: 93, 2025-04: 90, 2025-05: 93, 2025-06: 90, 2025-07: 93, 2025-08: 93, 2025-09: 90, 2025-10: 93, 2025-11: 90, 2025-12: 93, 2026-01: 93, 2026-02: 84
  [label] 2024-05-02 08:00 TRXUSDT entry=0.1233 → LONG | long=sl(-2.48%) short=sl(-2.48%) | scanned=21 | no_tp→fwd_return=+2.5793
  [label] 2024-05-04 08:00 TRXUSDT entry=0.1227 → LONG | long=sl(-2.22%) short=sl(-2.22%) | scanned=15 | no_tp→fwd_return=+3.0641
  [label] 2024-05-08 08:00 TRXUSDT entry=0.1230 → LONG | long=timeout(+2.23%) short=sl(-2.13%) | scanned=22 | no_tp→fwd_return=+2.3330
  [label] 2024-06-02 08:00 TRXUSDT entry=0.1148 → SHORT | long=sl(-1.77%) short=tp(+3.23%) | scanned=16 | short_tp_only
  [label] 2024-07-25 08:00 TRXUSDT entry=0.1355 → SHORT | long=sl(-1.85%) short=sl(-1.85%) | scanned=15 | no_tp→fwd_return=-1.9119
  [label] 2025-01-08 16:00 TRXUSDT entry=0.2505 → SHORT | long=sl(-3.79%) short=tp(+7.28%) | scanned=12 | short_tp_only
  [label] 2025-01-13 00:00 TRXUSDT entry=0.2270 → LONG | long=sl(-3.92%) short=sl(-3.92%) | scanned=8 | no_tp→fwd_return=+4.8423
  [label] 2025-01-23 16:00 TRXUSDT entry=0.2526 → SHORT | long=sl(-5.01%) short=timeout(+0.20%) | scanned=22 | no_tp→fwd_return=-0.3048
  [label] 2025-03-10 00:00 TRXUSDT entry=0.2338 → SHORT | long=sl(-3.72%) short=tp(+7.13%) | scanned=19 | short_tp_only
  [label] 2025-03-18 16:00 TRXUSDT entry=0.2370 → SHORT | long=sl(-3.42%) short=timeout(+4.10%) | scanned=22 | no_tp→fwd_return=-4.1976
  [label] 2025-06-18 00:00 TRXUSDT entry=0.2737 → LONG | long=sl(-3.15%) short=timeout(-0.11%) | scanned=22 | no_tp→fwd_return=+0.0073
  [label] 2025-07-20 00:00 TRXUSDT entry=0.3190 → SHORT | long=sl(-2.42%) short=tp(+4.54%) | scanned=12 | short_tp_only
  [label] 2025-08-05 08:00 TRXUSDT entry=0.3300 → LONG | long=tp(+4.73%) short=sl(-2.51%) | scanned=19 | long_tp_only
  [label] 2025-08-18 08:00 TRXUSDT entry=0.3495 → LONG | long=tp(+4.66%) short=sl(-2.48%) | scanned=13 | long_tp_only
  [label] 2025-09-06 00:00 TRXUSDT entry=0.3316 → SHORT | long=sl(-2.07%) short=tp(+3.84%) | scanned=2 | short_tp_only
  [label] 2025-09-12 08:00 TRXUSDT entry=0.3484 → SHORT | long=sl(-2.27%) short=timeout(+0.94%) | scanned=22 | no_tp→fwd_return=-1.0448
  [label] 2025-09-24 16:00 TRXUSDT entry=0.3380 → LONG | long=sl(-2.03%) short=timeout(-1.14%) | scanned=22 | no_tp→fwd_return=+1.0415
  [label] 2025-11-03 16:00 TRXUSDT entry=0.2811 → LONG | long=tp(+4.82%) short=sl(-2.56%) | scanned=19 | long_tp_only
  [label] 2025-11-13 16:00 TRXUSDT entry=0.2930 → SHORT | long=sl(-2.40%) short=tp(+4.49%) | scanned=21 | short_tp_only
  [label] 2026-02-08 08:00 TRXUSDT entry=0.2790 → LONG | long=timeout(+0.46%) short=timeout(-0.66%) | scanned=22 | no_tp→fwd_return=+0.5628
  Labels: 1180 long (53.9%), 1010 short (46.1%) | weights: min=1.00, mean=2.56, max=10.00
  Features: 2190/2190 matched, 14 columns
  CV gap: 22 rows
    [trial 0] 14 features, training_days=230 | threshold=0.779 | labels: 1180 long, 1010 short (54/46%)
    [CV fold 0] train_end=2024-06-23 00:00 | val_start=2024-06-30 16:00 | gap=184h (22 rows)
    [CV fold 1] train_end=2024-10-22 16:00 | val_start=2024-10-30 08:00 | gap=184h (22 rows)[I 2026-05-06 02:26:09,616] Trial 0 finished with value: -0.029480242139761904 and parameters: {'confidence_threshold': 0.7790993046299082, 'training_days': 230, 'n_estimators': 295, 'max_depth': 5, 'num_leaves': 83, 'learning_rate': 0.051543455158230854, 'subsample': 0.8773243492079463, 'min_child_samples': 10, 'reg_alpha': 0.034096514368237685, 'reg_lambda': 3.154180388637081e-05}. Best is trial 0 with value: -0.029480242139761904.
