[I 2026-05-06 02:21:56,733] Trial 1 finished with value: -1.9775977261225939 and parameters: {'confidence_threshold': 0.6929247853618086, 'training_days': 410, 'n_estimators': 233, 'max_depth': 5, 'num_leaves': 108, 'learning_rate': 0.013724237108071606, 'subsample': 0.7013182233636002, 'min_child_samples': 94, 'reg_alpha': 2.4040959529260723e-06, 'reg_lambda': 5.320966582161148}. Best is trial 0 with value: 0.08276652949311807.
[I 2026-05-06 02:21:56,798] Trial 2 finished with value: 0.0922597989209632 and parameters: {'confidence_threshold': 0.546341527225763, 'training_days': 270, 'n_estimators': 120, 'max_depth': 4, 'num_leaves': 53, 'learning_rate': 0.060197068579343475, 'subsample': 0.588227873455941, 'min_child_samples': 91, 'reg_alpha': 2.3457771824819002e-08, 'reg_lambda': 1.1358840775642732e-08}. Best is trial 2 with value: 0.0922597989209632.
[I 2026-05-06 02:21:56,980] Trial 3 finished with value: 0.0806959062384682 and parameters: {'confidence_threshold': 0.6000319676300473, 'training_days': 270, 'n_estimators': 382, 'max_depth': 4, 'num_leaves': 44, 'learning_rate': 0.09185046765032388, 'subsample': 0.6743651508646724, 'min_child_samples': 77, 'reg_alpha': 0.0013974578104212739, 'reg_lambda': 8.97190257982477e-08}. Best is trial 2 with value: 0.0922597989209632.
[I 2026-05-06 02:21:57,336] Trial 4 finished with value: 0.06546550502562251 and parameters: {'confidence_threshold': 0.7642618789055509, 'training_days': 390, 'n_estimators': 464, 'max_depth': 5, 'num_leaves': 30, 'learning_rate': 0.024562383309704932, 'subsample': 0.8612975035964376, 'min_child_samples': 36, 'reg_alpha': 1.593999300080167, 'reg_lambda': 0.006081270362829788}. Best is trial 2 with value: 0.0922597989209632.
[I 2026-05-06 02:21:57,477] Trial 5 finished with value: -0.016618664126061965 and parameters: {'confidence_threshold': 0.6029115860358569, 'training_days': 60, 'n_estimators': 441, 'max_depth': 3, 'num_leaves': 66, 'learning_rate': 0.044953114425778824, 'subsample': 0.7098948461279406, 'min_child_samples': 15, 'reg_alpha': 4.888753565548431e-07, 'reg_lambda': 4.198190642566389}. Best is trial 2 with value: 0.0922597989209632.
[I 2026-05-06 02:21:57,703] Trial 6 finished with value: 0.08262212133803205 and parameters: {'confidence_threshold': 0.7376932868314098, 'training_days': 290, 'n_estimators': 249, 'max_depth': 5, 'num_leaves': 121, 'learning_rate': 0.015565840632862623, 'subsample': 0.8390183783709677, 'min_child_samples': 19, 'reg_alpha': 1.860444687368747e-08, 'reg_lambda': 2.7391483548058117e-06}. Best is trial 2 with value: 0.0922597989209632.
[I 2026-05-06 02:21:57,735] Trial 7 finished with value: -0.06874685144522316 and parameters: {'confidence_threshold': 0.563503962036334, 'training_days': 70, 'n_estimators': 63, 'max_depth': 3, 'num_leaves': 47, 'learning_rate': 0.18074927623018475, 'subsample': 0.5059692991701257, 'min_child_samples': 9, 'reg_alpha': 3.6945804405602874e-08, 'reg_lambda': 0.027706035542028905}. Best is trial 2 with value: 0.0922597989209632.
[I 2026-05-06 02:21:57,817] Trial 8 finished with value: -1.9524265535431446 and parameters: {'confidence_threshold': 0.6525471176758836, 'training_days': 440, 'n_estimators': 116, 'max_depth': 4, 'num_leaves': 115, 'learning_rate': 0.010229952960863938, 'subsample': 0.5062159465415076, 'min_child_samples': 54, 'reg_alpha': 6.790626457822126e-06, 'reg_lambda': 1.7869141074987722e-05}. Best is trial 2 with value: 0.0922597989209632.
[I 2026-05-06 02:21:57,905] Trial 9 finished with value: -6.029115497938117 and parameters: {'confidence_threshold': 0.7277571993354469, 'training_days': 360, 'n_estimators': 75, 'max_depth': 5, 'num_leaves': 41, 'learning_rate': 0.014186743931212992, 'subsample': 0.7445187273047605, 'min_child_samples': 22, 'reg_alpha': 0.02393227447113315, 'reg_lambda': 0.009236766173618426}. Best is trial 2 with value: 0.0922597989209632.

  [label] 2024-11-14 08:00 BCHUSDT entry=419.3200 → LONG | long=tp(+15.64%) short=sl(-7.97%) | scanned=8 | long_tp_only
  [label] 2024-11-25 00:00 BCHUSDT entry=511.2600 → LONG | long=timeout(+2.83%) short=sl(-8.30%) | scanned=22 | no_tp→fwd_return=+2.9261
  [label] 2025-01-09 08:00 BCHUSDT entry=429.4300 → SHORT | long=sl(-5.26%) short=sl(-5.26%) | scanned=12 | no_tp→fwd_return=-3.2019
  [label] 2025-01-18 00:00 BCHUSDT entry=463.7000 → SHORT | long=sl(-5.31%) short=tp(+10.32%) | scanned=6 | short_tp_only
  [label] 2025-04-19 16:00 BCHUSDT entry=335.1600 → LONG | long=tp(+10.34%) short=sl(-5.32%) | scanned=17 | long_tp_only
  [label] 2025-05-21 16:00 BCHUSDT entry=406.7800 → LONG | long=tp(+9.43%) short=sl(-4.86%) | scanned=3 | long_tp_only
  [label] 2025-06-07 00:00 BCHUSDT entry=406.2900 → LONG | long=tp(+8.17%) short=sl(-4.24%) | scanned=11 | long_tp_only
  [label] 2025-06-20 00:00 BCHUSDT entry=490.0700 → SHORT | long=sl(-4.87%) short=tp(+9.43%) | scanned=8 | short_tp_only
  [label] 2025-07-08 16:00 BCHUSDT entry=500.7300 → LONG | long=tp(+7.10%) short=sl(-3.70%) | scanned=8 | long_tp_only
  [label] 2025-07-15 00:00 BCHUSDT entry=487.3800 → LONG | long=tp(+8.20%) short=sl(-4.25%) | scanned=9 | long_tp_only
  [label] 2025-07-27 08:00 BCHUSDT entry=598.7700 → SHORT | long=sl(-4.67%) short=tp(+9.04%) | scanned=16 | short_tp_only
  [label] 2025-09-05 08:00 BCHUSDT entry=609.6400 → SHORT | long=sl(-4.07%) short=timeout(+3.45%) | scanned=22 | no_tp→fwd_return=-3.5496
  [label] 2025-09-15 08:00 BCHUSDT entry=592.0900 → LONG | long=tp(+6.17%) short=sl(-3.24%) | scanned=8 | long_tp_only
  [label] 2025-12-11 08:00 BCHUSDT entry=559.7000 → SHORT | long=sl(-5.02%) short=sl(-5.02%) | scanned=13 | no_tp→fwd_return=-4.3345
  Labels: 1129 long (51.5%), 1064 short (48.5%) | weights: min=1.01, mean=4.10, max=10.00
  Features: 2193/2193 matched, 14 columns
  CV gap: 22 rows
    [trial 0] 14 features, training_days=230 | threshold=0.779 | labels: 1129 long, 1064 short (51/49%)
    [CV fold 0] train_end=2024-04-25 00:00 | val_start=2024-05-02 16:00 | gap=184h (22 rows)
    [CV fold 1] train_end=2024-08-24 16:00 | val_start=2024-09-01 08:00 | gap=184h (22 rows)
    [CV fold 2] train_end=2024-12-24 08:00 | val_start=2025-01-01 00:00 | gap=184h (22 rows)
    [CV fold 3] train_end=2025-04-25 00:00 | val_start=2025-05-02 16:00 | gap=184h (22 rows)
    [CV fold 4] train_end=2025-08-24 16:00 | val_start=2025-09-01 08:00 | gap=184h (22 rows)
    [trial 0] Sharpe=0.0828 (folds: 0.2089, -0.1587, -0.2262, 0.2087, 0.3811)
    [trial 1] 14 features, training_days=410 | threshold=0.693 | labels: 1129 long, 1064 short (51/49%)
    [trial 1] Sharpe=-1.9776 (folds: -10.0000, -0.1268, -0.2324, 0.1045, 0.3668)
    [trial 2] 14 features, training_days=270 | threshold=0.546 | labels: 1129 long, 1064 short (51/49%)
    [trial 2] Sharpe=0.0923 (folds: 0.1991, -0.1995, -0.0931, 0.1850, 0.3698)
    [trial 3] 14 features, training_days=270 | threshold=0.600 | labels: 1129 long, 1064 short (51/49%)
    [trial 3] Sharpe=0.0807 (folds: 0.2516, -0.1974, -0.0915, 0.1057, 0.3350)
    [trial 4] 14 features, training_days=390 | threshold=0.764 | labels: 1129 long, 1064 short (51/49%)
    [trial 4] Sharpe=0.0655 (folds: 0.4423, -0.4467, -0.2633, 0.0899, 0.5051)
    [trial 5] 14 features, training_days=60 | threshold=0.603 | labels: 1129 long, 1064 short (51/49%)
    [trial 5] Sharpe=-0.0166 (folds: 0.1942, -0.1333, -0.1336, -0.2304, 0.2199)
    [trial 6] 14 features, training_days=290 | threshold=0.738 | labels: 1129 long, 1064 short (51/49%)
    [trial 6] Sharpe=0.0826 (folds: 0.1675, -0.5215, -0.1567, 0.3549, 0.5689)
    [trial 7] 14 features, training_days=70 | threshold=0.564 | labels: 1129 long, 1064 short (51/49%)
    [trial 7] Sharpe=-0.0687 (folds: 0.0556, -0.3058, -0.2347, -0.0535, 0.1947)
    [trial 8] 14 features, training_days=440 | threshold=0.653 | labels: 1129 long, 1064 short (51/49%)
    [trial 8] Sharpe=-1.9524 (folds: -10.0000, -0.1965, 0.0441, 0.1359, 0.2544)
    [trial 9] 14 features, training_days=360 | threshold=0.728 | labels: 1129 long, 1064 short (51/49%)
    [trial 9] Sharpe=-6.0291 (folds: -10.0000, -0.8068, -10.0000, -10.0000, 0.6612)
  Optuna: 10 trials, best Sharpe = 0.0923
  Best params: n_estimators=120, max_depth=4, lr=0.0602, leaves=53
  Best confidence_threshold: 0.546
  Best training_days: 270
  Retrained on full data (810 samples, 14 features)
  Model trained for 2026-01: 93 test candles with features, confidence_threshold=0.546
[predict] 2026-01-04 08:00 BCHUSDT → SHORT (proba=0.71 TP=8.1%/SL=4.0%)
[trade:open] 2026-01-04 15:59 BCHUSDT SHORT @ 641.37 | SL=667.21 TP=589.68 | timeout=2026-01-11 15:59
[trade:close] 2026-01-05 15:59 BCHUSDT SHORT → stop_loss @ 667.21 | PnL=-4.03% (net -4.13%) | cum=+22.82% 2026-01=-4.13% 2026-01-05=-4.13%
[predict] 2026-01-12 00:00 BCHUSDT → LONG (proba=0.70 TP=8.3%/SL=4.1%)
[trade:open] 2026-01-12 07:59 BCHUSDT LONG @ 618.02 | SL=592.45 TP=669.16 | timeout=2026-01-19 07:59
[trade:close] 2026-01-15 07:59 BCHUSDT LONG → stop_loss @ 592.45 | PnL=-4.14% (net -4.24%) | cum=+18.58% 2026-01=-8.37% 2026-01-15=-4.24%
[predict] 2026-01-31 16:00 BCHUSDT → LONG (proba=0.81 TP=9.8%/SL=4.9%)
[trade:open] 2026-01-31 23:59 BCHUSDT LONG @ 507.09 | SL=482.18 TP=556.91 | timeout=2026-02-07 23:59
[lgbm] === Training for 2026-02 ===
  Train window: 2024-02-01 → 2026-02-01
  2193 training samples from 1 symbols
  Samples per month: 2024-02: 87, 2024-03: 93, 2024-04: 90, 2024-05: 93, 2024-06: 90, 2024-07: 93, 2024-08: 93, 2024-09: 90, 2024-10: 93, 2024-11: 90, 2024-12: 93, 2025-01: 93, 2025-02: 84, 2025-03: 93, 2025-04: 90, 2025-05: 93, 2025-06: 90, 2025-07: 93, 2025-08: 93, 2025-09: 90, 2025-10: 93, 2025-11: 90, 2025-12: 93, 2026-01: 93
  [label] 2024-04-03 08:00 BCHUSDT entry=591.9600 → LONG | long=tp(+16.98%) short=sl(-8.64%) | scanned=5 | long_tp_only
  [label] 2024-04-05 16:00 BCHUSDT entry=657.8700 → SHORT | long=sl(-8.85%) short=sl(-8.85%) | scanned=14 | no_tp→fwd_return=-7.0409
  [label] 2024-04-09 08:00 BCHUSDT entry=687.3700 → SHORT | long=sl(-7.47%) short=tp(+14.63%) | scanned=9 | short_tp_only
  [label] 2024-05-04 08:00 BCHUSDT entry=465.7700 → SHORT | long=sl(-6.10%) short=sl(-6.10%) | scanned=18 | no_tp→fwd_return=-8.3518
  [label] 2024-06-26 08:00 BCHUSDT entry=376.0400 → SHORT | long=timeout(-0.90%) short=sl(-5.95%) | scanned=22 | no_tp→fwd_return=-0.8004
  [label] 2024-12-11 08:00 BCHUSDT entry=548.9200 → SHORT | long=timeout(-5.80%) short=timeout(+5.60%) | scanned=22 | no_tp→fwd_return=-5.7039
  [label] 2024-12-15 08:00 BCHUSDT entry=541.0400 → SHORT | long=sl(-7.26%) short=tp(+14.21%) | scanned=11 | short_tp_only
  [label] 2024-12-26 00:00 BCHUSDT entry=452.0100 → LONG | long=timeout(+1.52%) short=timeout(-1.72%) | scanned=22 | no_tp→fwd_return=+1.6216
  [label] 2025-02-09 08:00 BCHUSDT entry=326.9300 → LONG | long=timeout(+0.97%) short=sl(-7.30%) | scanned=22 | no_tp→fwd_return=+1.0706
  [label] 2025-02-18 00:00 BCHUSDT entry=314.9100 → SHORT | long=sl(-5.47%) short=sl(-5.47%) | scanned=20 | no_tp→fwd_return=-7.4879
  [label] 2025-05-20 16:00 BCHUSDT entry=393.9100 → LONG | long=tp(+9.53%) short=sl(-4.91%) | scanned=5 | long_tp_only
  [label] 2025-06-21 16:00 BCHUSDT entry=467.0000 → LONG | long=sl(-5.02%) short=sl(-5.02%) | scanned=10 | no_tp→fwd_return=+2.9358
  [label] 2025-07-08 00:00 BCHUSDT entry=498.5400 → LONG | long=tp(+7.31%) short=sl(-3.81%) | scanned=10 | long_tp_only
  [label] 2025-07-21 00:00 BCHUSDT entry=530.8700 → LONG | long=sl(-4.79%) short=sl(-4.79%) | scanned=13 | no_tp→fwd_return=+0.6405
  [label] 2025-08-08 16:00 BCHUSDT entry=585.8900 → LONG | long=sl(-4.25%) short=sl(-4.25%) | scanned=12 | no_tp→fwd_return=+5.6700
  [label] 2025-08-15 00:00 BCHUSDT entry=598.4400 → SHORT | long=sl(-4.59%) short=tp(+8.88%) | scanned=16 | short_tp_only
  [label] 2025-08-27 08:00 BCHUSDT entry=558.4300 → LONG | long=sl(-3.99%) short=sl(-3.99%) | scanned=18 | no_tp→fwd_return=+2.7345
  [label] 2025-10-06 08:00 BCHUSDT entry=600.4900 → SHORT | long=sl(-3.12%) short=tp(+5.94%) | scanned=13 | short_tp_only
  [label] 2025-10-16 08:00 BCHUSDT entry=510.4700 → SHORT | long=sl(-5.57%) short=tp(+10.84%) | scanned=3 | short_tp_only[I 2026-05-06 02:21:58,177] A new study created in memory with name: no-name-529e49f3-ef04-4836-8b6f-0183e34482b8
[I 2026-05-06 02:21:58,471] Trial 0 finished with value: 0.048202742560039334 and parameters: {'confidence_threshold': 0.7790993046299082, 'training_days': 230, 'n_estimators': 295, 'max_depth': 5, 'num_leaves': 83, 'learning_rate': 0.051543455158230854, 'subsample': 0.8773243492079463, 'min_child_samples': 10, 'reg_alpha': 0.034096514368237685, 'reg_lambda': 3.154180388637081e-05}. Best is trial 0 with value: 0.048202742560039334.
[I 2026-05-06 02:21:58,604] Trial 1 finished with value: 0.0668953799348466 and parameters: {'confidence_threshold': 0.6929247853618086, 'training_days': 410, 'n_estimators': 233, 'max_depth': 5, 'num_leaves': 108, 'learning_rate': 0.013724237108071606, 'subsample': 0.7013182233636002, 'min_child_samples': 94, 'reg_alpha': 2.4040959529260723e-06, 'reg_lambda': 5.320966582161148}. Best is trial 1 with value: 0.0668953799348466.
[I 2026-05-06 02:21:58,667] Trial 2 finished with value: 0.0345288457305374 and parameters: {'confidence_threshold': 0.546341527225763, 'training_days': 270, 'n_estimators': 120, 'max_depth': 4, 'num_leaves': 53, 'learning_rate': 0.060197068579343475, 'subsample': 0.588227873455941, 'min_child_samples': 91, 'reg_alpha': 2.3457771824819002e-08, 'reg_lambda': 1.1358840775642732e-08}. Best is trial 1 with value: 0.0668953799348466.
[I 2026-05-06 02:21:58,833] Trial 3 finished with value: 0.016567808438537175 and parameters: {'confidence_threshold': 0.6000319676300473, 'training_days': 270, 'n_estimators': 382, 'max_depth': 4, 'num_leaves': 44, 'learning_rate': 0.09185046765032388, 'subsample': 0.6743651508646724, 'min_child_samples': 77, 'reg_alpha': 0.0013974578104212739, 'reg_lambda': 8.97190257982477e-08}. Best is trial 1 with value: 0.0668953799348466.
[I 2026-05-06 02:21:59,187] Trial 4 finished with value: 0.0033773537397139173 and parameters: {'confidence_threshold': 0.7642618789055509, 'training_days': 390, 'n_estimators': 464, 'max_depth': 5, 'num_leaves': 30, 'learning_rate': 0.024562383309704932, 'subsample': 0.8612975035964376, 'min_child_samples': 36, 'reg_alpha': 1.593999300080167, 'reg_lambda': 0.006081270362829788}. Best is trial 1 with value: 0.0668953799348466.
[I 2026-05-06 02:21:59,337] Trial 5 finished with value: 0.10578934007369778 and parameters: {'confidence_threshold': 0.6029115860358569, 'training_days': 60, 'n_estimators': 441, 'max_depth': 3, 'num_leaves': 66, 'learning_rate': 0.044953114425778824, 'subsample': 0.7098948461279406, 'min_child_samples': 15, 'reg_alpha': 4.888753565548431e-07, 'reg_lambda': 4.198190642566389}. Best is trial 5 with value: 0.10578934007369778.
[I 2026-05-06 02:21:59,570] Trial 6 finished with value: 0.03635806027140348 and parameters: {'confidence_threshold': 0.7376932868314098, 'training_days': 290, 'n_estimators': 249, 'max_depth': 5, 'num_leaves': 121, 'learning_rate': 0.015565840632862623, 'subsample': 0.8390183783709677, 'min_child_samples': 19, 'reg_alpha': 1.860444687368747e-08, 'reg_lambda': 2.7391483548058117e-06}. Best is trial 5 with value: 0.10578934007369778.
[I 2026-05-06 02:21:59,603] Trial 7 finished with value: 0.009999314690783688 and parameters: {'confidence_threshold': 0.563503962036334, 'training_days': 70, 'n_estimators': 63, 'max_depth': 3, 'num_leaves': 47, 'learning_rate': 0.18074927623018475, 'subsample': 0.5059692991701257, 'min_child_samples': 9, 'reg_alpha': 3.6945804405602874e-08, 'reg_lambda': 0.027706035542028905}. Best is trial 5 with value: 0.10578934007369778.
[I 2026-05-06 02:21:59,687] Trial 8 finished with value: -0.038583160046019235 and parameters: {'confidence_threshold': 0.6525471176758836, 'training_days': 440, 'n_estimators': 116, 'max_depth': 4, 'num_leaves': 115, 'learning_rate': 0.010229952960863938, 'subsample': 0.5062159465415076, 'min_child_samples': 54, 'reg_alpha': 6.790626457822126e-06, 'reg_lambda': 1.7869141074987722e-05}. Best is trial 5 with value: 0.10578934007369778.
[I 2026-05-06 02:21:59,766] Trial 9 finished with value: -0.0037450625466082244 and parameters: {'confidence_threshold': 0.7277571993354469, 'training_days': 360, 'n_estimators': 75, 'max_depth': 5, 'num_leaves': 41, 'learning_rate': 0.014186743931212992, 'subsample': 0.7445187273047605, 'min_child_samples': 22, 'reg_alpha': 0.02393227447113315, 'reg_lambda': 0.009236766173618426}. Best is trial 5 with value: 0.10578934007369778.
[I 2026-05-06 02:22:00,047] A new study created in memory with name: no-name-f9627324-e77e-4230-93fb-6a7ae393bfd6
