[I 2026-05-06 02:22:43,061] Trial 3 finished with value: 0.05790902569457005 and parameters: {'confidence_threshold': 0.6000319676300473, 'training_days': 270, 'n_estimators': 382, 'max_depth': 4, 'num_leaves': 44, 'learning_rate': 0.09185046765032388, 'subsample': 0.6743651508646724, 'min_child_samples': 77, 'reg_alpha': 0.0013974578104212739, 'reg_lambda': 8.97190257982477e-08}. Best is trial 1 with value: 0.17220133433432433.

  [label] 2023-09-16 08:00 MKRUSDT entry=1271.6000 → LONG | long=timeout(+0.30%) short=sl(-3.94%) | scanned=22 | no_tp→fwd_return=+0.4011
  [label] 2023-12-11 16:00 MKRUSDT entry=1393.7000 → SHORT | long=sl(-4.46%) short=tp(+8.62%) | scanned=20 | short_tp_only
  Labels: 1038 long (47.7%), 1137 short (52.3%) | weights: min=1.00, mean=2.77, max=10.00
  Features: 2175/2175 matched, 14 columns
  CV gap: 22 rows
    [trial 0] 14 features, training_days=230 | threshold=0.779 | labels: 1038 long, 1137 short (48/52%)
    [CV fold 0] train_end=2022-04-30 00:00 | val_start=2022-05-07 16:00 | gap=184h (22 rows)
    [CV fold 1] train_end=2022-08-28 16:00 | val_start=2022-09-05 08:00 | gap=184h (22 rows)
    [CV fold 2] train_end=2022-12-27 08:00 | val_start=2023-01-04 00:00 | gap=184h (22 rows)
    [CV fold 3] train_end=2023-04-27 00:00 | val_start=2023-05-04 16:00 | gap=184h (22 rows)
    [CV fold 4] train_end=2023-08-25 16:00 | val_start=2023-09-02 08:00 | gap=184h (22 rows)
    [trial 0] Sharpe=0.0366 (folds: -0.0569, 0.1923, 0.0310, 0.1672, -0.1507)
    [trial 1] 14 features, training_days=410 | threshold=0.693 | labels: 1038 long, 1137 short (48/52%)
    [trial 1] Sharpe=-0.0038 (folds: -0.0369, 0.0528, -0.0752, 0.2140, -0.1739)
    [trial 2] 14 features, training_days=270 | threshold=0.546 | labels: 1038 long, 1137 short (48/52%)
    [trial 2] Sharpe=0.0311 (folds: -0.0683, 0.0448, 0.0736, 0.1747, -0.0691)
    [trial 3] 14 features, training_days=270 | threshold=0.600 | labels: 1038 long, 1137 short (48/52%)
    [trial 3] Sharpe=0.0425 (folds: 0.0728, 0.1174, -0.0533, 0.1973, -0.1219)
    [trial 4] 14 features, training_days=390 | threshold=0.764 | labels: 1038 long, 1137 short (48/52%)
    [trial 4] Sharpe=0.0425 (folds: 0.0032, 0.0808, -0.0371, 0.2666, -0.1011)
    [trial 5] 14 features, training_days=60 | threshold=0.603 | labels: 1038 long, 1137 short (48/52%)
    [trial 5] Sharpe=-0.1071 (folds: -0.1253, 0.1378, -0.0823, -0.2130, -0.2525)
    [trial 6] 14 features, training_days=290 | threshold=0.738 | labels: 1038 long, 1137 short (48/52%)
    [trial 6] Sharpe=-0.0290 (folds: -0.0169, 0.0507, -0.1885, 0.2483, -0.2386)
    [trial 7] 14 features, training_days=70 | threshold=0.564 | labels: 1038 long, 1137 short (48/52%)
    [trial 7] Sharpe=-0.0200 (folds: -0.0113, 0.0857, -0.0683, 0.0318, -0.1378)
    [trial 8] 14 features, training_days=440 | threshold=0.653 | labels: 1038 long, 1137 short (48/52%)
    [trial 8] Sharpe=0.1149 (folds: 0.0805, 0.1062, -0.1724, 0.5926, -0.0321)
    [trial 9] 14 features, training_days=360 | threshold=0.728 | labels: 1038 long, 1137 short (48/52%)
    [trial 9] Sharpe=0.0200 (folds: 0.1718, 0.0719, -0.3701, 0.4553, -0.2289)
  Optuna: 10 trials, best Sharpe = 0.1149
  Best params: n_estimators=116, max_depth=4, lr=0.0102, leaves=115
  Best confidence_threshold: 0.653
  Best training_days: 440
  Retrained on full data (1320 samples, 14 features)
  Model trained for 2024-01: 93 test candles with features, confidence_threshold=0.653
[predict] 2024-01-02 00:00 MKRUSDT → LONG (proba=0.69 TP=9.9%/SL=4.9%)
[trade:open] 2024-01-02 07:59 MKRUSDT LONG @ 1643.80 | SL=1562.72 TP=1805.96 | timeout=2024-01-09 07:59
[trade:close] 2024-01-02 23:59 MKRUSDT LONG → take_profit @ 1805.96 | PnL=+9.86% (net +9.76%) | cum=-22.56% 2024-01=+9.76% 2024-01-02=+9.76%
[predict] 2024-01-13 16:00 MKRUSDT → LONG (proba=0.65 TP=14.1%/SL=7.0%)
[trade:open] 2024-01-13 23:59 MKRUSDT LONG @ 2070.20 | SL=1924.37 TP=2361.85 | timeout=2024-01-20 23:59
[trade:close] 2024-01-19 23:59 MKRUSDT LONG → stop_loss @ 1924.37 | PnL=-7.04% (net -7.14%) | cum=-29.71% 2024-01=+2.62% 2024-01-19=-7.14%
[lgbm] === Training for 2024-02 ===
  Train window: 2022-02-01 → 2024-02-01
  2175 training samples from 1 symbols
  Samples per month: 2022-02: 75, 2022-03: 93, 2022-04: 84, 2022-05: 93, 2022-06: 90, 2022-07: 93, 2022-08: 93, 2022-09: 90, 2022-10: 93, 2022-11: 90, 2022-12: 93, 2023-01: 93, 2023-02: 84, 2023-03: 93, 2023-04: 90, 2023-05: 93, 2023-06: 90, 2023-07: 93, 2023-08: 93, 2023-09: 90, 2023-10: 93, 2023-11: 90, 2023-12: 93, 2024-01: 93
  [label] 2022-04-08 16:00 MKRUSDT entry=2031.9000 → SHORT | long=sl(-6.97%) short=timeout(+4.13%) | scanned=22 | no_tp→fwd_return=-4.2325
  [label] 2022-04-11 00:00 MKRUSDT entry=2012.0000 → SHORT | long=sl(-6.15%) short=tp(+12.00%) | scanned=21 | short_tp_only
  [label] 2022-04-14 16:00 MKRUSDT entry=1899.4000 → SHORT | long=sl(-6.47%) short=timeout(+9.19%) | scanned=22 | no_tp→fwd_return=-9.2924
  [label] 2022-05-09 16:00 MKRUSDT entry=1047.2000 → LONG | long=tp(+20.42%) short=sl(-10.36%) | scanned=4 | long_tp_only
  [label] 2022-07-01 00:00 MKRUSDT entry=896.8000 → LONG | long=timeout(+8.65%) short=sl(-9.82%) | scanned=22 | no_tp→fwd_return=+8.7533
  [label] 2022-12-14 16:00 MKRUSDT entry=605.4000 → SHORT | long=sl(-3.59%) short=tp(+6.89%) | scanned=6 | short_tp_only
  [label] 2022-12-18 16:00 MKRUSDT entry=553.2000 → SHORT | long=sl(-4.18%) short=timeout(+2.38%) | scanned=22 | no_tp→fwd_return=-2.4765
  [label] 2022-12-29 08:00 MKRUSDT entry=524.2000 → SHORT | long=sl(-3.38%) short=timeout(+0.19%) | scanned=22 | no_tp→fwd_return=-0.2862
  [label] 2023-02-12 08:00 MKRUSDT entry=704.4000 → LONG | long=sl(-6.06%) short=sl(-6.06%) | scanned=3 | no_tp→fwd_return=+7.2118
  [label] 2023-02-21 00:00 MKRUSDT entry=776.9000 → SHORT | long=sl(-5.79%) short=tp(+11.27%) | scanned=14 | short_tp_only
  [label] 2023-05-22 16:00 MKRUSDT entry=629.5000 → LONG | long=sl(-2.88%) short=sl(-2.88%) | scanned=18 | no_tp→fwd_return=+2.9071
  [label] 2023-06-23 16:00 MKRUSDT entry=726.8000 → LONG | long=sl(-4.48%) short=sl(-4.48%) | scanned=4 | no_tp→fwd_return=+0.1376
  [label] 2023-07-09 16:00 MKRUSDT entry=961.0000 → LONG | long=sl(-8.37%) short=timeout(-1.06%) | scanned=22 | no_tp→fwd_return=+0.9573
  [label] 2023-07-22 16:00 MKRUSDT entry=1109.5000 → LONG | long=sl(-6.78%) short=sl(-6.78%) | scanned=8 | no_tp→fwd_return=+2.8932
  [label] 2023-08-10 00:00 MKRUSDT entry=1236.4000 → SHORT | long=sl(-5.10%) short=tp(+9.90%) | scanned=20 | short_tp_only
  [label] 2023-08-16 08:00 MKRUSDT entry=1142.0000 → SHORT | long=sl(-4.67%) short=tp(+9.03%) | scanned=4 | short_tp_only
  [label] 2023-08-28 16:00 MKRUSDT entry=1028.4000 → LONG | long=tp(+9.83%) short=sl(-5.07%) | scanned=8 | long_tp_only
  [label] 2023-10-07 08:00 MKRUSDT entry=1406.9000 → LONG | long=sl(-4.89%) short=sl(-4.89%) | scanned=19 | no_tp→fwd_return=+1.6774
  [label] 2023-10-17 08:00 MKRUSDT entry=1393.1000 → LONG | long=tp(+8.15%) short=sl(-4.23%) | scanned=17 | long_tp_only
  [label] 2024-01-11 16:00 MKRUSDT entry=2137.8000 → SHORT | long=sl(-7.26%) short=timeout(+6.86%) | scanned=22 | no_tp→fwd_return=-6.9604
  Labels: 1046 long (48.1%), 1129 short (51.9%) | weights: min=1.00, mean=2.74, max=10.00
  Features: 2175/2175 matched, 14 columns
  CV gap: 22 rows
    [trial 0] 14 features, training_days=230 | threshold=0.779 | labels: 1046 long, 1129 short (48/52%)
    [CV fold 0] train_end=2022-05-31 00:00 | val_start=2022-06-07 16:00 | gap=184h (22 rows)
    [CV fold 1] train_end=2022-09-28 16:00 | val_start=2022-10-06 08:00 | gap=184h (22 rows)
    [CV fold 2] train_end=2023-01-27 08:00 | val_start=2023-02-04 00:00 | gap=184h (22 rows)
    [CV fold 3] train_end=2023-05-28 00:00 | val_start=2023-06-04 16:00 | gap=184h (22 rows)
    [CV fold 4] train_end=2023-09-25 16:00 | val_start=2023-10-03 08:00 | gap=184h (22 rows)
    [trial 0] Sharpe=-0.0079 (folds: 0.0818, 0.2060, -0.0428, -0.0702, -0.2143)
    [trial 1] 14 features, training_days=410 | threshold=0.693 | labels: 1046 long, 1129 short (48/52%)
    [trial 1] Sharpe=0.1722 (folds: 0.0696, 0.2979, -0.0476, 0.4013, 0.1397)
    [trial 2] 14 features, training_days=270 | threshold=0.546 | labels: 1046 long, 1129 short (48/52%)
    [trial 2] Sharpe=0.0296 (folds: -0.0586, 0.1126, -0.0083, 0.1265, -0.0240)
    [trial 3] 14 features, training_days=270 | threshold=0.600 | labels: 1046 long, 1129 short (48/52%)
    [trial 3] Sharpe=0.0579 (folds: 0.0467, 0.0764, 0.0618, 0.1505, -0.0459)
    [trial 4] 14 features, training_days=390 | threshold=0.764 | labels: 1046 long, 1129 short (48/52%)[I 2026-05-06 02:22:43,439] Trial 4 finished with value: 0.0635255752370147 and parameters: {'confidence_threshold': 0.7642618789055509, 'training_days': 390, 'n_estimators': 464, 'max_depth': 5, 'num_leaves': 30, 'learning_rate': 0.024562383309704932, 'subsample': 0.8612975035964376, 'min_child_samples': 36, 'reg_alpha': 1.593999300080167, 'reg_lambda': 0.006081270362829788}. Best is trial 1 with value: 0.17220133433432433.
[I 2026-05-06 02:22:43,579] Trial 5 finished with value: 0.0713817957285531 and parameters: {'confidence_threshold': 0.6029115860358569, 'training_days': 60, 'n_estimators': 441, 'max_depth': 3, 'num_leaves': 66, 'learning_rate': 0.044953114425778824, 'subsample': 0.7098948461279406, 'min_child_samples': 15, 'reg_alpha': 4.888753565548431e-07, 'reg_lambda': 4.198190642566389}. Best is trial 1 with value: 0.17220133433432433.
[I 2026-05-06 02:22:43,830] Trial 6 finished with value: -0.020013184168039145 and parameters: {'confidence_threshold': 0.7376932868314098, 'training_days': 290, 'n_estimators': 249, 'max_depth': 5, 'num_leaves': 121, 'learning_rate': 0.015565840632862623, 'subsample': 0.8390183783709677, 'min_child_samples': 19, 'reg_alpha': 1.860444687368747e-08, 'reg_lambda': 2.7391483548058117e-06}. Best is trial 1 with value: 0.17220133433432433.
[I 2026-05-06 02:22:43,869] Trial 7 finished with value: 0.010914563022376478 and parameters: {'confidence_threshold': 0.563503962036334, 'training_days': 70, 'n_estimators': 63, 'max_depth': 3, 'num_leaves': 47, 'learning_rate': 0.18074927623018475, 'subsample': 0.5059692991701257, 'min_child_samples': 9, 'reg_alpha': 3.6945804405602874e-08, 'reg_lambda': 0.027706035542028905}. Best is trial 1 with value: 0.17220133433432433.
[I 2026-05-06 02:22:43,967] Trial 8 finished with value: 0.09042070425042441 and parameters: {'confidence_threshold': 0.6525471176758836, 'training_days': 440, 'n_estimators': 116, 'max_depth': 4, 'num_leaves': 115, 'learning_rate': 0.010229952960863938, 'subsample': 0.5062159465415076, 'min_child_samples': 54, 'reg_alpha': 6.790626457822126e-06, 'reg_lambda': 1.7869141074987722e-05}. Best is trial 1 with value: 0.17220133433432433.
[I 2026-05-06 02:22:44,055] Trial 9 finished with value: 0.08243985191080876 and parameters: {'confidence_threshold': 0.7277571993354469, 'training_days': 360, 'n_estimators': 75, 'max_depth': 5, 'num_leaves': 41, 'learning_rate': 0.014186743931212992, 'subsample': 0.7445187273047605, 'min_child_samples': 22, 'reg_alpha': 0.02393227447113315, 'reg_lambda': 0.009236766173618426}. Best is trial 1 with value: 0.17220133433432433.
[I 2026-05-06 02:22:44,381] A new study created in memory with name: no-name-3c0d11ef-8658-404a-a402-aeef2ce646ec
[I 2026-05-06 02:22:44,660] Trial 0 finished with value: 0.08214645263636691 and parameters: {'confidence_threshold': 0.7790993046299082, 'training_days': 230, 'n_estimators': 295, 'max_depth': 5, 'num_leaves': 83, 'learning_rate': 0.051543455158230854, 'subsample': 0.8773243492079463, 'min_child_samples': 10, 'reg_alpha': 0.034096514368237685, 'reg_lambda': 3.154180388637081e-05}. Best is trial 0 with value: 0.08214645263636691.
[I 2026-05-06 02:22:44,801] Trial 1 finished with value: 0.18270301694993024 and parameters: {'confidence_threshold': 0.6929247853618086, 'training_days': 410, 'n_estimators': 233, 'max_depth': 5, 'num_leaves': 108, 'learning_rate': 0.013724237108071606, 'subsample': 0.7013182233636002, 'min_child_samples': 94, 'reg_alpha': 2.4040959529260723e-06, 'reg_lambda': 5.320966582161148}. Best is trial 1 with value: 0.18270301694993024.
[I 2026-05-06 02:22:44,865] Trial 2 finished with value: 0.02932551801433349 and parameters: {'confidence_threshold': 0.546341527225763, 'training_days': 270, 'n_estimators': 120, 'max_depth': 4, 'num_leaves': 53, 'learning_rate': 0.060197068579343475, 'subsample': 0.588227873455941, 'min_child_samples': 91, 'reg_alpha': 2.3457771824819002e-08, 'reg_lambda': 1.1358840775642732e-08}. Best is trial 1 with value: 0.18270301694993024.
[I 2026-05-06 02:22:45,050] Trial 3 finished with value: 0.04948650036761866 and parameters: {'confidence_threshold': 0.6000319676300473, 'training_days': 270, 'n_estimators': 382, 'max_depth': 4, 'num_leaves': 44, 'learning_rate': 0.09185046765032388, 'subsample': 0.6743651508646724, 'min_child_samples': 77, 'reg_alpha': 0.0013974578104212739, 'reg_lambda': 8.97190257982477e-08}. Best is trial 1 with value: 0.18270301694993024.
[I 2026-05-06 02:22:45,449] Trial 4 finished with value: 0.05941826986316745 and parameters: {'confidence_threshold': 0.7642618789055509, 'training_days': 390, 'n_estimators': 464, 'max_depth': 5, 'num_leaves': 30, 'learning_rate': 0.024562383309704932, 'subsample': 0.8612975035964376, 'min_child_samples': 36, 'reg_alpha': 1.593999300080167, 'reg_lambda': 0.006081270362829788}. Best is trial 1 with value: 0.18270301694993024.
[I 2026-05-06 02:22:45,595] Trial 5 finished with value: 0.06237261359943722 and parameters: {'confidence_threshold': 0.6029115860358569, 'training_days': 60, 'n_estimators': 441, 'max_depth': 3, 'num_leaves': 66, 'learning_rate': 0.044953114425778824, 'subsample': 0.7098948461279406, 'min_child_samples': 15, 'reg_alpha': 4.888753565548431e-07, 'reg_lambda': 4.198190642566389}. Best is trial 1 with value: 0.18270301694993024.
[I 2026-05-06 02:22:45,840] Trial 6 finished with value: 0.056033766974902935 and parameters: {'confidence_threshold': 0.7376932868314098, 'training_days': 290, 'n_estimators': 249, 'max_depth': 5, 'num_leaves': 121, 'learning_rate': 0.015565840632862623, 'subsample': 0.8390183783709677, 'min_child_samples': 19, 'reg_alpha': 1.860444687368747e-08, 'reg_lambda': 2.7391483548058117e-06}. Best is trial 1 with value: 0.18270301694993024.
[I 2026-05-06 02:22:45,877] Trial 7 finished with value: 0.04542759530395055 and parameters: {'confidence_threshold': 0.563503962036334, 'training_days': 70, 'n_estimators': 63, 'max_depth': 3, 'num_leaves': 47, 'learning_rate': 0.18074927623018475, 'subsample': 0.5059692991701257, 'min_child_samples': 9, 'reg_alpha': 3.6945804405602874e-08, 'reg_lambda': 0.027706035542028905}. Best is trial 1 with value: 0.18270301694993024.
[I 2026-05-06 02:22:45,977] Trial 8 finished with value: 0.24105287724084623 and parameters: {'confidence_threshold': 0.6525471176758836, 'training_days': 440, 'n_estimators': 116, 'max_depth': 4, 'num_leaves': 115, 'learning_rate': 0.010229952960863938, 'subsample': 0.5062159465415076, 'min_child_samples': 54, 'reg_alpha': 6.790626457822126e-06, 'reg_lambda': 1.7869141074987722e-05}. Best is trial 8 with value: 0.24105287724084623.
