[I 2026-05-06 02:21:48,474] Trial 9 finished with value: -0.25132694670076616 and parameters: {'confidence_threshold': 0.7277571993354469, 'training_days': 360, 'n_estimators': 75, 'max_depth': 5, 'num_leaves': 41, 'learning_rate': 0.014186743931212992, 'subsample': 0.7445187273047605, 'min_child_samples': 22, 'reg_alpha': 0.02393227447113315, 'reg_lambda': 0.009236766173618426}. Best is trial 2 with value: -0.020454813412369162.

  [label] 2024-08-09 08:00 BCHUSDT entry=343.0100 → SHORT | long=timeout(-3.35%) short=timeout(+3.15%) | scanned=22 | no_tp→fwd_return=-3.2506
  [label] 2024-08-18 00:00 BCHUSDT entry=340.7800 → LONG | long=timeout(+3.11%) short=sl(-5.88%) | scanned=22 | no_tp→fwd_return=+3.2132
  [label] 2024-11-17 16:00 BCHUSDT entry=432.6400 → LONG | long=tp(+15.75%) short=sl(-8.03%) | scanned=10 | long_tp_only
  [label] 2024-12-19 16:00 BCHUSDT entry=438.3300 → LONG | long=sl(-9.22%) short=sl(-9.22%) | scanned=15 | no_tp→fwd_return=+7.2297
  [label] 2025-01-05 00:00 BCHUSDT entry=472.6900 → SHORT | long=sl(-4.56%) short=tp(+8.81%) | scanned=9 | short_tp_only
  [label] 2025-01-18 00:00 BCHUSDT entry=463.7000 → SHORT | long=sl(-5.31%) short=tp(+10.32%) | scanned=6 | short_tp_only
  [label] 2025-02-05 16:00 BCHUSDT entry=327.7900 → LONG | long=timeout(+4.54%) short=timeout(-4.74%) | scanned=22 | no_tp→fwd_return=+4.6371
  [label] 2025-02-12 00:00 BCHUSDT entry=330.1100 → SHORT | long=sl(-6.48%) short=timeout(+3.30%) | scanned=22 | no_tp→fwd_return=-3.4019
  [label] 2025-02-24 08:00 BCHUSDT entry=306.3900 → SHORT | long=sl(-4.89%) short=tp(+9.48%) | scanned=2 | short_tp_only
  [label] 2025-04-05 08:00 BCHUSDT entry=297.2500 → SHORT | long=sl(-5.29%) short=tp(+10.28%) | scanned=4 | short_tp_only
  [label] 2025-04-15 08:00 BCHUSDT entry=322.6700 → LONG | long=timeout(+11.89%) short=sl(-6.76%) | scanned=22 | no_tp→fwd_return=+11.9906
  [label] 2025-07-11 08:00 BCHUSDT entry=528.9500 → SHORT | long=sl(-3.74%) short=tp(+7.18%) | scanned=11 | short_tp_only
  Labels: 1093 long (49.8%), 1100 short (50.2%) | weights: min=1.00, mean=4.06, max=10.00
  Features: 2193/2193 matched, 14 columns
  CV gap: 22 rows
    [trial 0] 14 features, training_days=230 | threshold=0.779 | labels: 1093 long, 1100 short (50/50%)
    [CV fold 0] train_end=2023-11-24 00:00 | val_start=2023-12-01 16:00 | gap=184h (22 rows)
    [CV fold 1] train_end=2024-03-24 16:00 | val_start=2024-04-01 08:00 | gap=184h (22 rows)
    [CV fold 2] train_end=2024-07-24 08:00 | val_start=2024-08-01 00:00 | gap=184h (22 rows)
    [CV fold 3] train_end=2024-11-23 00:00 | val_start=2024-11-30 16:00 | gap=184h (22 rows)
    [CV fold 4] train_end=2025-03-24 16:00 | val_start=2025-04-01 08:00 | gap=184h (22 rows)
    [trial 0] Sharpe=-0.0233 (folds: -0.1062, 0.1322, 0.0182, 0.0668, -0.2275)
    [trial 1] 14 features, training_days=410 | threshold=0.693 | labels: 1093 long, 1100 short (50/50%)
    [trial 1] Sharpe=-0.0400 (folds: -0.1840, 0.1288, -0.1433, -0.4098, 0.4082)
    [trial 2] 14 features, training_days=270 | threshold=0.546 | labels: 1093 long, 1100 short (50/50%)
    [trial 2] Sharpe=-0.0205 (folds: -0.0492, 0.1226, -0.0335, -0.0308, -0.1114)
    [trial 3] 14 features, training_days=270 | threshold=0.600 | labels: 1093 long, 1100 short (50/50%)
    [trial 3] Sharpe=-0.0221 (folds: -0.0686, 0.1009, -0.0772, 0.1096, -0.1755)
    [trial 4] 14 features, training_days=390 | threshold=0.764 | labels: 1093 long, 1100 short (50/50%)
    [trial 4] Sharpe=-0.0927 (folds: -0.2225, 0.1149, -0.0267, -0.3979, 0.0687)
    [trial 5] 14 features, training_days=60 | threshold=0.603 | labels: 1093 long, 1100 short (50/50%)
    [trial 5] Sharpe=-0.1598 (folds: -0.1705, -0.1191, 0.1501, -0.2851, -0.3743)
    [trial 6] 14 features, training_days=290 | threshold=0.738 | labels: 1093 long, 1100 short (50/50%)
    [trial 6] Sharpe=-0.1265 (folds: -0.2555, 0.1115, 0.0932, -0.3911, -0.1905)
    [trial 7] 14 features, training_days=70 | threshold=0.564 | labels: 1093 long, 1100 short (50/50%)
    [trial 7] Sharpe=-0.1508 (folds: 0.2004, -0.2685, -0.1017, -0.2899, -0.2944)
    [trial 8] 14 features, training_days=440 | threshold=0.653 | labels: 1093 long, 1100 short (50/50%)
    [trial 8] Sharpe=-0.0299 (folds: -0.1843, 0.1496, 0.0075, -0.4253, 0.3031)
    [trial 9] 14 features, training_days=360 | threshold=0.728 | labels: 1093 long, 1100 short (50/50%)
    [trial 9] Sharpe=-0.2513 (folds: 0.0646, 0.0745, -0.1449, -1.7414, 0.4905)
  Optuna: 10 trials, best Sharpe = -0.0205
  Best params: n_estimators=120, max_depth=4, lr=0.0602, leaves=53
  Best confidence_threshold: 0.546
  Best training_days: 270
  Retrained on full data (810 samples, 14 features)
  Model trained for 2025-08: 93 test candles with features, confidence_threshold=0.546
[predict] 2025-08-01 00:00 BCHUSDT → LONG (proba=0.96 TP=9.9%/SL=4.9%)
[trade:open] 2025-08-01 07:59 BCHUSDT LONG @ 558.84 | SL=531.27 TP=613.98 | timeout=2025-08-08 07:59
[trade:close] 2025-08-01 23:59 BCHUSDT LONG → stop_loss @ 531.27 | PnL=-4.93% (net -5.03%) | cum=-6.18% 2025-08=-5.03% 2025-08-01=-5.03%
[predict] 2025-08-03 08:00 BCHUSDT → LONG (proba=0.99 TP=9.9%/SL=5.0%)
[trade:open] 2025-08-03 15:59 BCHUSDT LONG @ 541.05 | SL=514.27 TP=594.62 | timeout=2025-08-10 15:59
[trade:close] 2025-08-10 16:00 BCHUSDT LONG → timeout @ 573.46 | PnL=+5.99% (net +5.89%) | cum=-0.29% 2025-08=+0.86% 2025-08-10=+5.89%
[predict] 2025-08-12 00:00 BCHUSDT → LONG (proba=0.87 TP=8.7%/SL=4.3%)
[trade:open] 2025-08-12 07:59 BCHUSDT LONG @ 590.98 | SL=565.42 TP=642.10 | timeout=2025-08-19 07:59
[trade:close] 2025-08-18 07:59 BCHUSDT LONG → stop_loss @ 565.42 | PnL=-4.33% (net -4.43%) | cum=-4.71% 2025-08=-3.57% 2025-08-18=-4.43%
[predict] 2025-08-22 08:00 BCHUSDT → LONG (proba=0.87 TP=7.7%/SL=3.8%)
[trade:open] 2025-08-22 15:59 BCHUSDT LONG @ 595.96 | SL=573.05 TP=641.78 | timeout=2025-08-29 15:59
[trade:close] 2025-08-25 07:59 BCHUSDT LONG → stop_loss @ 573.05 | PnL=-3.84% (net -3.94%) | cum=-8.66% 2025-08=-7.51% 2025-08-25=-3.94%
[lgbm] === Training for 2025-09 ===
  Train window: 2023-09-01 → 2025-09-01
  2193 training samples from 1 symbols
  Samples per month: 2023-09: 90, 2023-10: 93, 2023-11: 90, 2023-12: 93, 2024-01: 93, 2024-02: 87, 2024-03: 93, 2024-04: 90, 2024-05: 93, 2024-06: 90, 2024-07: 93, 2024-08: 93, 2024-09: 90, 2024-10: 93, 2024-11: 90, 2024-12: 93, 2025-01: 93, 2025-02: 84, 2025-03: 93, 2025-04: 90, 2025-05: 93, 2025-06: 90, 2025-07: 93, 2025-08: 93
  [label] 2023-11-02 08:00 BCHUSDT entry=234.6100 → LONG | long=tp(+9.58%) short=sl(-4.94%) | scanned=21 | long_tp_only
  [label] 2023-11-04 16:00 BCHUSDT entry=240.2900 → SHORT | long=sl(-4.35%) short=sl(-4.35%) | scanned=15 | no_tp→fwd_return=-0.1124
  [label] 2023-11-08 08:00 BCHUSDT entry=242.8000 → SHORT | long=sl(-4.29%) short=sl(-4.29%) | scanned=4 | no_tp→fwd_return=-1.1450
  [label] 2023-12-03 08:00 BCHUSDT entry=227.5800 → LONG | long=tp(+5.62%) short=sl(-2.96%) | scanned=2 | long_tp_only
  [label] 2024-01-25 08:00 BCHUSDT entry=235.2500 → LONG | long=timeout(-0.02%) short=timeout(-0.18%) | scanned=22 | no_tp→fwd_return=+0.0808
  [label] 2024-07-11 08:00 BCHUSDT entry=351.2300 → LONG | long=tp(+11.89%) short=sl(-6.10%) | scanned=13 | long_tp_only
  [label] 2024-07-15 08:00 BCHUSDT entry=384.5100 → LONG | long=timeout(+1.14%) short=sl(-5.29%) | scanned=22 | no_tp→fwd_return=+1.2379
  [label] 2024-07-26 00:00 BCHUSDT entry=372.4500 → LONG | long=tp(+10.44%) short=sl(-5.37%) | scanned=8 | long_tp_only
  [label] 2024-09-09 08:00 BCHUSDT entry=313.2400 → LONG | long=tp(+8.28%) short=sl(-4.29%) | scanned=7 | long_tp_only
  [label] 2024-09-18 00:00 BCHUSDT entry=314.3700 → LONG | long=tp(+7.07%) short=sl(-3.69%) | scanned=3 | long_tp_only
  [label] 2024-12-18 16:00 BCHUSDT entry=479.9300 → SHORT | long=sl(-8.00%) short=tp(+15.69%) | scanned=5 | short_tp_only
  [label] 2025-01-19 16:00 BCHUSDT entry=427.5700 → LONG | long=tp(+12.30%) short=sl(-6.30%) | scanned=1 | long_tp_only
  [label] 2025-02-05 00:00 BCHUSDT entry=332.3200 → SHORT | long=timeout(-0.77%) short=timeout(+0.57%) | scanned=22 | no_tp→fwd_return=-0.6650
  [label] 2025-02-18 00:00 BCHUSDT entry=314.9100 → SHORT | long=sl(-5.47%) short=sl(-5.47%) | scanned=20 | no_tp→fwd_return=-7.4879
  [label] 2025-03-08 16:00 BCHUSDT entry=385.6300 → SHORT | long=sl(-7.75%) short=tp(+15.20%) | scanned=7 | short_tp_only
  [label] 2025-03-15 00:00 BCHUSDT entry=334.5600 → SHORT | long=timeout(-3.09%) short=timeout(+2.89%) | scanned=22 | no_tp→fwd_return=-2.9890
  [label] 2025-03-27 08:00 BCHUSDT entry=325.0000 → SHORT | long=sl(-4.64%) short=tp(+8.97%) | scanned=10 | short_tp_only[I 2026-05-06 02:21:48,730] A new study created in memory with name: no-name-7ad469e6-0d9d-4f71-ab9c-e0fbca23a247
[I 2026-05-06 02:21:48,983] Trial 0 finished with value: 0.03978324633788975 and parameters: {'confidence_threshold': 0.7790993046299082, 'training_days': 230, 'n_estimators': 295, 'max_depth': 5, 'num_leaves': 83, 'learning_rate': 0.051543455158230854, 'subsample': 0.8773243492079463, 'min_child_samples': 10, 'reg_alpha': 0.034096514368237685, 'reg_lambda': 3.154180388637081e-05}. Best is trial 0 with value: 0.03978324633788975.
[I 2026-05-06 02:21:49,123] Trial 1 finished with value: 0.11792202511185383 and parameters: {'confidence_threshold': 0.6929247853618086, 'training_days': 410, 'n_estimators': 233, 'max_depth': 5, 'num_leaves': 108, 'learning_rate': 0.013724237108071606, 'subsample': 0.7013182233636002, 'min_child_samples': 94, 'reg_alpha': 2.4040959529260723e-06, 'reg_lambda': 5.320966582161148}. Best is trial 1 with value: 0.11792202511185383.
[I 2026-05-06 02:21:49,182] Trial 2 finished with value: 0.03328166334704099 and parameters: {'confidence_threshold': 0.546341527225763, 'training_days': 270, 'n_estimators': 120, 'max_depth': 4, 'num_leaves': 53, 'learning_rate': 0.060197068579343475, 'subsample': 0.588227873455941, 'min_child_samples': 91, 'reg_alpha': 2.3457771824819002e-08, 'reg_lambda': 1.1358840775642732e-08}. Best is trial 1 with value: 0.11792202511185383.
[I 2026-05-06 02:21:49,341] Trial 3 finished with value: -0.0031837379240737844 and parameters: {'confidence_threshold': 0.6000319676300473, 'training_days': 270, 'n_estimators': 382, 'max_depth': 4, 'num_leaves': 44, 'learning_rate': 0.09185046765032388, 'subsample': 0.6743651508646724, 'min_child_samples': 77, 'reg_alpha': 0.0013974578104212739, 'reg_lambda': 8.97190257982477e-08}. Best is trial 1 with value: 0.11792202511185383.
[I 2026-05-06 02:21:49,673] Trial 4 finished with value: -0.05544686129831996 and parameters: {'confidence_threshold': 0.7642618789055509, 'training_days': 390, 'n_estimators': 464, 'max_depth': 5, 'num_leaves': 30, 'learning_rate': 0.024562383309704932, 'subsample': 0.8612975035964376, 'min_child_samples': 36, 'reg_alpha': 1.593999300080167, 'reg_lambda': 0.006081270362829788}. Best is trial 1 with value: 0.11792202511185383.
[I 2026-05-06 02:21:49,807] Trial 5 finished with value: -0.07440174087952726 and parameters: {'confidence_threshold': 0.6029115860358569, 'training_days': 60, 'n_estimators': 441, 'max_depth': 3, 'num_leaves': 66, 'learning_rate': 0.044953114425778824, 'subsample': 0.7098948461279406, 'min_child_samples': 15, 'reg_alpha': 4.888753565548431e-07, 'reg_lambda': 4.198190642566389}. Best is trial 1 with value: 0.11792202511185383.
[I 2026-05-06 02:21:50,024] Trial 6 finished with value: 0.025710119754527427 and parameters: {'confidence_threshold': 0.7376932868314098, 'training_days': 290, 'n_estimators': 249, 'max_depth': 5, 'num_leaves': 121, 'learning_rate': 0.015565840632862623, 'subsample': 0.8390183783709677, 'min_child_samples': 19, 'reg_alpha': 1.860444687368747e-08, 'reg_lambda': 2.7391483548058117e-06}. Best is trial 1 with value: 0.11792202511185383.
[I 2026-05-06 02:21:50,057] Trial 7 finished with value: -0.07913698730946168 and parameters: {'confidence_threshold': 0.563503962036334, 'training_days': 70, 'n_estimators': 63, 'max_depth': 3, 'num_leaves': 47, 'learning_rate': 0.18074927623018475, 'subsample': 0.5059692991701257, 'min_child_samples': 9, 'reg_alpha': 3.6945804405602874e-08, 'reg_lambda': 0.027706035542028905}. Best is trial 1 with value: 0.11792202511185383.
[I 2026-05-06 02:21:50,140] Trial 8 finished with value: -0.05701866061792673 and parameters: {'confidence_threshold': 0.6525471176758836, 'training_days': 440, 'n_estimators': 116, 'max_depth': 4, 'num_leaves': 115, 'learning_rate': 0.010229952960863938, 'subsample': 0.5062159465415076, 'min_child_samples': 54, 'reg_alpha': 6.790626457822126e-06, 'reg_lambda': 1.7869141074987722e-05}. Best is trial 1 with value: 0.11792202511185383.
[I 2026-05-06 02:21:50,216] Trial 9 finished with value: -4.131160471302318 and parameters: {'confidence_threshold': 0.7277571993354469, 'training_days': 360, 'n_estimators': 75, 'max_depth': 5, 'num_leaves': 41, 'learning_rate': 0.014186743931212992, 'subsample': 0.7445187273047605, 'min_child_samples': 22, 'reg_alpha': 0.02393227447113315, 'reg_lambda': 0.009236766173618426}. Best is trial 1 with value: 0.11792202511185383.
[I 2026-05-06 02:21:50,496] A new study created in memory with name: no-name-173cd010-632a-4c9a-bcfa-b0bf56a53874
[I 2026-05-06 02:21:50,791] Trial 0 finished with value: 0.04018623075423902 and parameters: {'confidence_threshold': 0.7790993046299082, 'training_days': 230, 'n_estimators': 295, 'max_depth': 5, 'num_leaves': 83, 'learning_rate': 0.051543455158230854, 'subsample': 0.8773243492079463, 'min_child_samples': 10, 'reg_alpha': 0.034096514368237685, 'reg_lambda': 3.154180388637081e-05}. Best is trial 0 with value: 0.04018623075423902.
[I 2026-05-06 02:21:50,936] Trial 1 finished with value: 0.03143455276004583 and parameters: {'confidence_threshold': 0.6929247853618086, 'training_days': 410, 'n_estimators': 233, 'max_depth': 5, 'num_leaves': 108, 'learning_rate': 0.013724237108071606, 'subsample': 0.7013182233636002, 'min_child_samples': 94, 'reg_alpha': 2.4040959529260723e-06, 'reg_lambda': 5.320966582161148}. Best is trial 0 with value: 0.04018623075423902.
