[I 2026-05-06 02:24:14,966] Trial 1 finished with value: 0.025426340039636064 and parameters: {'confidence_threshold': 0.6929247853618086, 'training_days': 410, 'n_estimators': 233, 'max_depth': 5, 'num_leaves': 108, 'learning_rate': 0.013724237108071606, 'subsample': 0.7013182233636002, 'min_child_samples': 94, 'reg_alpha': 2.4040959529260723e-06, 'reg_lambda': 5.320966582161148}. Best is trial 1 with value: 0.025426340039636064.
[I 2026-05-06 02:24:15,037] Trial 2 finished with value: -0.0035107834410912087 and parameters: {'confidence_threshold': 0.546341527225763, 'training_days': 270, 'n_estimators': 120, 'max_depth': 4, 'num_leaves': 53, 'learning_rate': 0.060197068579343475, 'subsample': 0.588227873455941, 'min_child_samples': 91, 'reg_alpha': 2.3457771824819002e-08, 'reg_lambda': 1.1358840775642732e-08}. Best is trial 1 with value: 0.025426340039636064.
[I 2026-05-06 02:24:15,216] Trial 3 finished with value: -0.03644031288715775 and parameters: {'confidence_threshold': 0.6000319676300473, 'training_days': 270, 'n_estimators': 382, 'max_depth': 4, 'num_leaves': 44, 'learning_rate': 0.09185046765032388, 'subsample': 0.6743651508646724, 'min_child_samples': 77, 'reg_alpha': 0.0013974578104212739, 'reg_lambda': 8.97190257982477e-08}. Best is trial 1 with value: 0.025426340039636064.
[I 2026-05-06 02:24:15,598] Trial 4 finished with value: -0.009563400682111279 and parameters: {'confidence_threshold': 0.7642618789055509, 'training_days': 390, 'n_estimators': 464, 'max_depth': 5, 'num_leaves': 30, 'learning_rate': 0.024562383309704932, 'subsample': 0.8612975035964376, 'min_child_samples': 36, 'reg_alpha': 1.593999300080167, 'reg_lambda': 0.006081270362829788}. Best is trial 1 with value: 0.025426340039636064.
[I 2026-05-06 02:24:15,764] Trial 5 finished with value: -0.06950732953513653 and parameters: {'confidence_threshold': 0.6029115860358569, 'training_days': 60, 'n_estimators': 441, 'max_depth': 3, 'num_leaves': 66, 'learning_rate': 0.044953114425778824, 'subsample': 0.7098948461279406, 'min_child_samples': 15, 'reg_alpha': 4.888753565548431e-07, 'reg_lambda': 4.198190642566389}. Best is trial 1 with value: 0.025426340039636064.
[I 2026-05-06 02:24:15,995] Trial 6 finished with value: -0.06438319245203203 and parameters: {'confidence_threshold': 0.7376932868314098, 'training_days': 290, 'n_estimators': 249, 'max_depth': 5, 'num_leaves': 121, 'learning_rate': 0.015565840632862623, 'subsample': 0.8390183783709677, 'min_child_samples': 19, 'reg_alpha': 1.860444687368747e-08, 'reg_lambda': 2.7391483548058117e-06}. Best is trial 1 with value: 0.025426340039636064.
[I 2026-05-06 02:24:16,031] Trial 7 finished with value: -0.06548379903471886 and parameters: {'confidence_threshold': 0.563503962036334, 'training_days': 70, 'n_estimators': 63, 'max_depth': 3, 'num_leaves': 47, 'learning_rate': 0.18074927623018475, 'subsample': 0.5059692991701257, 'min_child_samples': 9, 'reg_alpha': 3.6945804405602874e-08, 'reg_lambda': 0.027706035542028905}. Best is trial 1 with value: 0.025426340039636064.
[I 2026-05-06 02:24:16,119] Trial 8 finished with value: 0.19983921802933358 and parameters: {'confidence_threshold': 0.6525471176758836, 'training_days': 440, 'n_estimators': 116, 'max_depth': 4, 'num_leaves': 115, 'learning_rate': 0.010229952960863938, 'subsample': 0.5062159465415076, 'min_child_samples': 54, 'reg_alpha': 6.790626457822126e-06, 'reg_lambda': 1.7869141074987722e-05}. Best is trial 8 with value: 0.19983921802933358.
[I 2026-05-06 02:24:16,218] Trial 9 finished with value: -0.0524376939690526 and parameters: {'confidence_threshold': 0.7277571993354469, 'training_days': 360, 'n_estimators': 75, 'max_depth': 5, 'num_leaves': 41, 'learning_rate': 0.014186743931212992, 'subsample': 0.7445187273047605, 'min_child_samples': 22, 'reg_alpha': 0.02393227447113315, 'reg_lambda': 0.009236766173618426}. Best is trial 8 with value: 0.19983921802933358.
[I 2026-05-06 02:24:16,587] A new study created in memory with name: no-name-af280c02-42fa-47ba-add1-df1f735232ca
[I 2026-05-06 02:24:16,851] Trial 0 finished with value: -0.09206147279468505 and parameters: {'confidence_threshold': 0.7790993046299082, 'training_days': 230, 'n_estimators': 295, 'max_depth': 5, 'num_leaves': 83, 'learning_rate': 0.051543455158230854, 'subsample': 0.8773243492079463, 'min_child_samples': 10, 'reg_alpha': 0.034096514368237685, 'reg_lambda': 3.154180388637081e-05}. Best is trial 0 with value: -0.09206147279468505.
[I 2026-05-06 02:24:17,016] Trial 1 finished with value: -0.010026418402210236 and parameters: {'confidence_threshold': 0.6929247853618086, 'training_days': 410, 'n_estimators': 233, 'max_depth': 5, 'num_leaves': 108, 'learning_rate': 0.013724237108071606, 'subsample': 0.7013182233636002, 'min_child_samples': 94, 'reg_alpha': 2.4040959529260723e-06, 'reg_lambda': 5.320966582161148}. Best is trial 1 with value: -0.010026418402210236.
[I 2026-05-06 02:24:17,082] Trial 2 finished with value: -0.027864025489971456 and parameters: {'confidence_threshold': 0.546341527225763, 'training_days': 270, 'n_estimators': 120, 'max_depth': 4, 'num_leaves': 53, 'learning_rate': 0.060197068579343475, 'subsample': 0.588227873455941, 'min_child_samples': 91, 'reg_alpha': 2.3457771824819002e-08, 'reg_lambda': 1.1358840775642732e-08}. Best is trial 1 with value: -0.010026418402210236.
[I 2026-05-06 02:24:17,264] Trial 3 finished with value: -0.025060809852987365 and parameters: {'confidence_threshold': 0.6000319676300473, 'training_days': 270, 'n_estimators': 382, 'max_depth': 4, 'num_leaves': 44, 'learning_rate': 0.09185046765032388, 'subsample': 0.6743651508646724, 'min_child_samples': 77, 'reg_alpha': 0.0013974578104212739, 'reg_lambda': 8.97190257982477e-08}. Best is trial 1 with value: -0.010026418402210236.
[I 2026-05-06 02:24:17,632] Trial 4 finished with value: -0.016655927687879747 and parameters: {'confidence_threshold': 0.7642618789055509, 'training_days': 390, 'n_estimators': 464, 'max_depth': 5, 'num_leaves': 30, 'learning_rate': 0.024562383309704932, 'subsample': 0.8612975035964376, 'min_child_samples': 36, 'reg_alpha': 1.593999300080167, 'reg_lambda': 0.006081270362829788}. Best is trial 1 with value: -0.010026418402210236.
[I 2026-05-06 02:24:17,780] Trial 5 finished with value: 0.042309617778697996 and parameters: {'confidence_threshold': 0.6029115860358569, 'training_days': 60, 'n_estimators': 441, 'max_depth': 3, 'num_leaves': 66, 'learning_rate': 0.044953114425778824, 'subsample': 0.7098948461279406, 'min_child_samples': 15, 'reg_alpha': 4.888753565548431e-07, 'reg_lambda': 4.198190642566389}. Best is trial 5 with value: 0.042309617778697996.
[I 2026-05-06 02:24:18,016] Trial 6 finished with value: -0.008923979915657198 and parameters: {'confidence_threshold': 0.7376932868314098, 'training_days': 290, 'n_estimators': 249, 'max_depth': 5, 'num_leaves': 121, 'learning_rate': 0.015565840632862623, 'subsample': 0.8390183783709677, 'min_child_samples': 19, 'reg_alpha': 1.860444687368747e-08, 'reg_lambda': 2.7391483548058117e-06}. Best is trial 5 with value: 0.042309617778697996.
[I 2026-05-06 02:24:18,054] Trial 7 finished with value: -0.05094760183371738 and parameters: {'confidence_threshold': 0.563503962036334, 'training_days': 70, 'n_estimators': 63, 'max_depth': 3, 'num_leaves': 47, 'learning_rate': 0.18074927623018475, 'subsample': 0.5059692991701257, 'min_child_samples': 9, 'reg_alpha': 3.6945804405602874e-08, 'reg_lambda': 0.027706035542028905}. Best is trial 5 with value: 0.042309617778697996.
[I 2026-05-06 02:24:18,146] Trial 8 finished with value: -0.07400563439167225 and parameters: {'confidence_threshold': 0.6525471176758836, 'training_days': 440, 'n_estimators': 116, 'max_depth': 4, 'num_leaves': 115, 'learning_rate': 0.010229952960863938, 'subsample': 0.5062159465415076, 'min_child_samples': 54, 'reg_alpha': 6.790626457822126e-06, 'reg_lambda': 1.7869141074987722e-05}. Best is trial 5 with value: 0.042309617778697996.
[I 2026-05-06 02:24:18,243] Trial 9 finished with value: 0.0067428500314419045 and parameters: {'confidence_threshold': 0.7277571993354469, 'training_days': 360, 'n_estimators': 75, 'max_depth': 5, 'num_leaves': 41, 'learning_rate': 0.014186743931212992, 'subsample': 0.7445187273047605, 'min_child_samples': 22, 'reg_alpha': 0.02393227447113315, 'reg_lambda': 0.009236766173618426}. Best is trial 5 with value: 0.042309617778697996.

    [trial 0] Sharpe=-0.0421 (folds: 0.2460, -0.1316, -0.0015, -0.0401, -0.2831)
    [trial 1] 14 features, training_days=410 | threshold=0.693 | labels: 1043 long, 1150 short (48/52%)
    [trial 1] Sharpe=0.0254 (folds: 0.2399, -0.1684, 0.0571, 0.1184, -0.1199)
    [trial 2] 14 features, training_days=270 | threshold=0.546 | labels: 1043 long, 1150 short (48/52%)
    [trial 2] Sharpe=-0.0035 (folds: 0.2785, -0.1984, 0.0172, 0.0556, -0.1706)
    [trial 3] 14 features, training_days=270 | threshold=0.600 | labels: 1043 long, 1150 short (48/52%)
    [trial 3] Sharpe=-0.0364 (folds: 0.1881, -0.1834, -0.0162, 0.0132, -0.1839)
    [trial 4] 14 features, training_days=390 | threshold=0.764 | labels: 1043 long, 1150 short (48/52%)
    [trial 4] Sharpe=-0.0096 (folds: 0.3163, -0.2988, 0.1069, 0.0364, -0.2086)
    [trial 5] 14 features, training_days=60 | threshold=0.603 | labels: 1043 long, 1150 short (48/52%)
    [trial 5] Sharpe=-0.0695 (folds: 0.1155, -0.0385, -0.0681, -0.1501, -0.2064)
    [trial 6] 14 features, training_days=290 | threshold=0.738 | labels: 1043 long, 1150 short (48/52%)
    [trial 6] Sharpe=-0.0644 (folds: 0.1239, -0.3029, -0.0769, 0.2093, -0.2753)
    [trial 7] 14 features, training_days=70 | threshold=0.564 | labels: 1043 long, 1150 short (48/52%)
    [trial 7] Sharpe=-0.0655 (folds: 0.0690, -0.0094, -0.1142, -0.1605, -0.1122)
    [trial 8] 14 features, training_days=440 | threshold=0.653 | labels: 1043 long, 1150 short (48/52%)
    [trial 8] Sharpe=0.1998 (folds: 0.1437, -0.3885, 0.1631, 0.2452, 0.8356)
    [trial 9] 14 features, training_days=360 | threshold=0.728 | labels: 1043 long, 1150 short (48/52%)
    [trial 9] Sharpe=-0.0524 (folds: 0.3129, -0.3208, -0.0376, 0.1342, -0.3508)
  Optuna: 10 trials, best Sharpe = 0.1998
  Best params: n_estimators=116, max_depth=4, lr=0.0102, leaves=115
  Best confidence_threshold: 0.653
  Best training_days: 440
  Retrained on full data (1320 samples, 14 features)
  Model trained for 2026-02: 84 test candles with features, confidence_threshold=0.653
[lgbm] === Training for 2026-03 ===
  Train window: 2024-03-01 → 2026-03-01
  2190 training samples from 1 symbols
  Samples per month: 2024-03: 93, 2024-04: 90, 2024-05: 93, 2024-06: 90, 2024-07: 93, 2024-08: 93, 2024-09: 90, 2024-10: 93, 2024-11: 90, 2024-12: 93, 2025-01: 93, 2025-02: 84, 2025-03: 93, 2025-04: 90, 2025-05: 93, 2025-06: 90, 2025-07: 93, 2025-08: 93, 2025-09: 90, 2025-10: 93, 2025-11: 90, 2025-12: 93, 2026-01: 93, 2026-02: 84
  [label] 2024-05-02 08:00 LDOUSDT entry=1.9705 → SHORT | long=timeout(-1.78%) short=sl(-8.37%) | scanned=22 | no_tp→fwd_return=-1.6849
  [label] 2024-05-04 08:00 LDOUSDT entry=2.0804 → SHORT | long=sl(-7.37%) short=tp(+14.43%) | scanned=19 | short_tp_only
  [label] 2024-05-08 08:00 LDOUSDT entry=1.9648 → SHORT | long=sl(-6.65%) short=tp(+13.01%) | scanned=16 | short_tp_only
  [label] 2024-06-02 08:00 LDOUSDT entry=2.3614 → SHORT | long=sl(-7.68%) short=tp(+15.06%) | scanned=16 | short_tp_only
  [label] 2024-07-25 08:00 LDOUSDT entry=1.5534 → SHORT | long=timeout(-2.25%) short=sl(-8.10%) | scanned=22 | no_tp→fwd_return=-2.1501
  [label] 2025-01-08 16:00 LDOUSDT entry=1.6498 → LONG | long=sl(-9.02%) short=sl(-9.02%) | scanned=18 | no_tp→fwd_return=+11.8499
  [label] 2025-01-13 00:00 LDOUSDT entry=1.5184 → LONG | long=sl(-8.73%) short=sl(-8.73%) | scanned=2 | no_tp→fwd_return=+6.8361
  [label] 2025-01-23 16:00 LDOUSDT entry=1.8216 → LONG | long=tp(+20.80%) short=sl(-10.55%) | scanned=8 | long_tp_only
  [label] 2025-03-10 00:00 LDOUSDT entry=1.0144 → SHORT | long=sl(-11.11%) short=timeout(+6.86%) | scanned=22 | no_tp→fwd_return=-6.9598
  [label] 2025-03-18 16:00 LDOUSDT entry=0.9491 → LONG | long=timeout(+11.47%) short=sl(-8.63%) | scanned=22 | no_tp→fwd_return=+11.5689
  [label] 2025-06-18 00:00 LDOUSDT entry=0.7863 → SHORT | long=sl(-7.76%) short=tp(+15.22%) | scanned=11 | short_tp_only
  [label] 2025-07-20 00:00 LDOUSDT entry=1.1228 → LONG | long=tp(+13.96%) short=sl(-7.13%) | scanned=2 | long_tp_only
  [label] 2025-08-05 08:00 LDOUSDT entry=0.8945 → LONG | long=tp(+15.94%) short=sl(-8.12%) | scanned=7 | long_tp_only
  [label] 2025-08-18 08:00 LDOUSDT entry=1.3009 → LONG | long=tp(+17.22%) short=sl(-8.76%) | scanned=13 | long_tp_only
  [label] 2025-09-06 00:00 LDOUSDT entry=1.1668 → LONG | long=tp(+12.30%) short=sl(-6.30%) | scanned=21 | long_tp_only
  [label] 2025-09-12 08:00 LDOUSDT entry=1.2786 → LONG | long=sl(-5.44%) short=sl(-5.44%) | scanned=17 | no_tp→fwd_return=+3.8871
  [label] 2025-09-24 16:00 LDOUSDT entry=1.1093 → LONG | long=sl(-5.80%) short=sl(-5.80%) | scanned=15 | no_tp→fwd_return=+6.0308
  [label] 2025-11-03 16:00 LDOUSDT entry=0.7397 → LONG | long=sl(-8.55%) short=sl(-8.55%) | scanned=12 | no_tp→fwd_return=+12.7890
  [label] 2025-11-13 16:00 LDOUSDT entry=0.7745 → SHORT | long=sl(-8.93%) short=timeout(+13.46%) | scanned=22 | no_tp→fwd_return=-13.5571
  [label] 2026-02-08 08:00 LDOUSDT entry=0.3579 → SHORT | long=sl(-9.25%) short=timeout(+3.73%) | scanned=22 | no_tp→fwd_return=-3.8279
  Labels: 1006 long (45.9%), 1184 short (54.1%) | weights: min=1.00, mean=4.16, max=10.00
  Features: 2190/2190 matched, 14 columns
  CV gap: 22 rows
    [trial 0] 14 features, training_days=230 | threshold=0.779 | labels: 1006 long, 1184 short (46/54%)
    [CV fold 0] train_end=2024-06-23 00:00 | val_start=2024-06-30 16:00 | gap=184h (22 rows)
    [CV fold 1] train_end=2024-10-22 16:00 | val_start=2024-10-30 08:00 | gap=184h (22 rows)
    [CV fold 2] train_end=2025-02-21 08:00 | val_start=2025-03-01 00:00 | gap=184h (22 rows)
    [CV fold 3] train_end=2025-06-23 00:00 | val_start=2025-06-30 16:00 | gap=184h (22 rows)
    [CV fold 4] train_end=2025-10-22 16:00 | val_start=2025-10-30 08:00 | gap=184h (22 rows)
    [trial 0] Sharpe=-0.0921 (folds: 0.1735, -0.0526, -0.0021, -0.0874, -0.4917)
    [trial 1] 14 features, training_days=410 | threshold=0.693 | labels: 1006 long, 1184 short (46/54%)
    [trial 1] Sharpe=-0.0100 (folds: 0.2114, -0.0554, 0.1148, 0.1324, -0.4533)
    [trial 2] 14 features, training_days=270 | threshold=0.546 | labels: 1006 long, 1184 short (46/54%)
    [trial 2] Sharpe=-0.0279 (folds: 0.1331, -0.0649, 0.0733, 0.0397, -0.3206)
    [trial 3] 14 features, training_days=270 | threshold=0.600 | labels: 1006 long, 1184 short (46/54%)
    [trial 3] Sharpe=-0.0251 (folds: 0.1095, -0.0156, 0.0684, 0.0219, -0.3095)
    [trial 4] 14 features, training_days=390 | threshold=0.764 | labels: 1006 long, 1184 short (46/54%)
    [trial 4] Sharpe=-0.0167 (folds: 0.1101, 0.0497, 0.0615, 0.1304, -0.4349)
    [trial 5] 14 features, training_days=60 | threshold=0.603 | labels: 1006 long, 1184 short (46/54%)
    [trial 5] Sharpe=0.0423 (folds: 0.1949, -0.1505, 0.0351, 0.2709, -0.1389)
    [trial 6] 14 features, training_days=290 | threshold=0.738 | labels: 1006 long, 1184 short (46/54%)
    [trial 6] Sharpe=-0.0089 (folds: 0.1146, -0.0416, 0.1195, 0.0688, -0.3059)
    [trial 7] 14 features, training_days=70 | threshold=0.564 | labels: 1006 long, 1184 short (46/54%)
    [trial 7] Sharpe=-0.0509 (folds: -0.0154, -0.1042, 0.0041, 0.1071, -0.2462)
    [trial 8] 14 features, training_days=440 | threshold=0.653 | labels: 1006 long, 1184 short (46/54%)
    [trial 8] Sharpe=-0.0740 (folds: 0.0616, -0.0502, 0.1122, 0.1472, -0.6407)
    [trial 9] 14 features, training_days=360 | threshold=0.728 | labels: 1006 long, 1184 short (46/54%)
    [trial 9] Sharpe=0.0067 (folds: 0.2974, 0.0131, -0.0926, 0.1413, -0.3254)
  Optuna: 10 trials, best Sharpe = 0.0423
  Best params: n_estimators=441, max_depth=3, lr=0.0450, leaves=66
  Best confidence_threshold: 0.603
  Best training_days: 60
  Retrained on full data (180 samples, 14 features)
  Model trained for 2026-03: 93 test candles with features, confidence_threshold=0.603
[lgbm] === Training for 2026-04 ===
  Train window: 2024-04-01 → 2026-04-01
  2190 training samples from 1 symbols
  Samples per month: 2024-04: 90, 2024-05: 93, 2024-06: 90, 2024-07: 93, 2024-08: 93, 2024-09: 90, 2024-10: 93, 2024-11: 90, 2024-12: 93, 2025-01: 93, 2025-02: 84, 2025-03: 93, 2025-04: 90, 2025-05: 93, 2025-06: 90, 2025-07: 93, 2025-08: 93, 2025-09: 90, 2025-10: 93, 2025-11: 90, 2025-12: 93, 2026-01: 93, 2026-02: 84, 2026-03: 93[I 2026-05-06 02:24:18,631] A new study created in memory with name: no-name-0c1da461-578e-477f-bbc1-05909af4d1b0
[I 2026-05-06 02:24:18,876] Trial 0 finished with value: -0.05655104861628736 and parameters: {'confidence_threshold': 0.7790993046299082, 'training_days': 230, 'n_estimators': 295, 'max_depth': 5, 'num_leaves': 83, 'learning_rate': 0.051543455158230854, 'subsample': 0.8773243492079463, 'min_child_samples': 10, 'reg_alpha': 0.034096514368237685, 'reg_lambda': 3.154180388637081e-05}. Best is trial 0 with value: -0.05655104861628736.
[I 2026-05-06 02:24:19,039] Trial 1 finished with value: 0.06755211355773678 and parameters: {'confidence_threshold': 0.6929247853618086, 'training_days': 410, 'n_estimators': 233, 'max_depth': 5, 'num_leaves': 108, 'learning_rate': 0.013724237108071606, 'subsample': 0.7013182233636002, 'min_child_samples': 94, 'reg_alpha': 2.4040959529260723e-06, 'reg_lambda': 5.320966582161148}. Best is trial 1 with value: 0.06755211355773678.
[I 2026-05-06 02:24:19,105] Trial 2 finished with value: -0.12229304203298715 and parameters: {'confidence_threshold': 0.546341527225763, 'training_days': 270, 'n_estimators': 120, 'max_depth': 4, 'num_leaves': 53, 'learning_rate': 0.060197068579343475, 'subsample': 0.588227873455941, 'min_child_samples': 91, 'reg_alpha': 2.3457771824819002e-08, 'reg_lambda': 1.1358840775642732e-08}. Best is trial 1 with value: 0.06755211355773678.
[I 2026-05-06 02:24:19,301] Trial 3 finished with value: -0.08552221776668616 and parameters: {'confidence_threshold': 0.6000319676300473, 'training_days': 270, 'n_estimators': 382, 'max_depth': 4, 'num_leaves': 44, 'learning_rate': 0.09185046765032388, 'subsample': 0.6743651508646724, 'min_child_samples': 77, 'reg_alpha': 0.0013974578104212739, 'reg_lambda': 8.97190257982477e-08}. Best is trial 1 with value: 0.06755211355773678.
[I 2026-05-06 02:24:19,690] Trial 4 finished with value: 0.016536759936932006 and parameters: {'confidence_threshold': 0.7642618789055509, 'training_days': 390, 'n_estimators': 464, 'max_depth': 5, 'num_leaves': 30, 'learning_rate': 0.024562383309704932, 'subsample': 0.8612975035964376, 'min_child_samples': 36, 'reg_alpha': 1.593999300080167, 'reg_lambda': 0.006081270362829788}. Best is trial 1 with value: 0.06755211355773678.
[I 2026-05-06 02:24:19,844] Trial 5 finished with value: -0.005645949130334171 and parameters: {'confidence_threshold': 0.6029115860358569, 'training_days': 60, 'n_estimators': 441, 'max_depth': 3, 'num_leaves': 66, 'learning_rate': 0.044953114425778824, 'subsample': 0.7098948461279406, 'min_child_samples': 15, 'reg_alpha': 4.888753565548431e-07, 'reg_lambda': 4.198190642566389}. Best is trial 1 with value: 0.06755211355773678.
[I 2026-05-06 02:24:20,080] Trial 6 finished with value: -0.09004821658041835 and parameters: {'confidence_threshold': 0.7376932868314098, 'training_days': 290, 'n_estimators': 249, 'max_depth': 5, 'num_leaves': 121, 'learning_rate': 0.015565840632862623, 'subsample': 0.8390183783709677, 'min_child_samples': 19, 'reg_alpha': 1.860444687368747e-08, 'reg_lambda': 2.7391483548058117e-06}. Best is trial 1 with value: 0.06755211355773678.
[I 2026-05-06 02:24:20,114] Trial 7 finished with value: -0.05682247582340315 and parameters: {'confidence_threshold': 0.563503962036334, 'training_days': 70, 'n_estimators': 63, 'max_depth': 3, 'num_leaves': 47, 'learning_rate': 0.18074927623018475, 'subsample': 0.5059692991701257, 'min_child_samples': 9, 'reg_alpha': 3.6945804405602874e-08, 'reg_lambda': 0.027706035542028905}. Best is trial 1 with value: 0.06755211355773678.
[I 2026-05-06 02:24:20,203] Trial 8 finished with value: -0.0010454304002004311 and parameters: {'confidence_threshold': 0.6525471176758836, 'training_days': 440, 'n_estimators': 116, 'max_depth': 4, 'num_leaves': 115, 'learning_rate': 0.010229952960863938, 'subsample': 0.5062159465415076, 'min_child_samples': 54, 'reg_alpha': 6.790626457822126e-06, 'reg_lambda': 1.7869141074987722e-05}. Best is trial 1 with value: 0.06755211355773678.
