[I 2026-05-06 02:25:01,829] Trial 9 finished with value: -0.14266400129261309 and parameters: {'confidence_threshold': 0.7277571993354469, 'training_days': 360, 'n_estimators': 75, 'max_depth': 5, 'num_leaves': 41, 'learning_rate': 0.014186743931212992, 'subsample': 0.7445187273047605, 'min_child_samples': 22, 'reg_alpha': 0.02393227447113315, 'reg_lambda': 0.009236766173618426}. Best is trial 3 with value: 0.027495656070355468.

    [trial 6] 14 features, training_days=290 | threshold=0.738 | labels: 1147 long, 1028 short (53/47%)
    [trial 6] Sharpe=0.0121 (folds: 0.3765, -0.1777, -0.2447, 0.1279, -0.0213)
    [trial 7] 14 features, training_days=70 | threshold=0.564 | labels: 1147 long, 1028 short (53/47%)
    [trial 7] Sharpe=-0.0379 (folds: -0.0788, -0.1877, 0.0636, -0.0901, 0.1035)
    [trial 8] 14 features, training_days=440 | threshold=0.653 | labels: 1147 long, 1028 short (53/47%)
    [trial 8] Sharpe=0.0073 (folds: 0.8243, -0.1993, -0.9152, 0.1104, 0.2161)
    [trial 9] 14 features, training_days=360 | threshold=0.728 | labels: 1147 long, 1028 short (53/47%)
    [trial 9] Sharpe=-0.0470 (folds: 0.7446, -0.2247, -0.1944, -0.3812, -0.1793)
  Optuna: 10 trials, best Sharpe = 0.0669
  Best params: n_estimators=382, max_depth=4, lr=0.0919, leaves=44
  Best confidence_threshold: 0.600
  Best training_days: 270
  Retrained on full data (810 samples, 14 features)
  Model trained for 2023-06: 90 test candles with features, confidence_threshold=0.600
[trade:close] 2023-06-02 08:00 TRXUSDT SHORT → timeout @ 0.08 | PnL=+1.01% (net +0.91%) | cum=-6.90% 2023-06=+0.91% 2023-06-02=+0.91%
[predict] 2023-06-05 08:00 TRXUSDT → LONG (proba=0.97 TP=6.4%/SL=3.2%)
[trade:open] 2023-06-05 15:59 TRXUSDT LONG @ 0.08 | SL=0.08 TP=0.08 | timeout=2023-06-12 15:59
[trade:close] 2023-06-09 23:59 TRXUSDT LONG → stop_loss @ 0.08 | PnL=-3.22% (net -3.32%) | cum=-10.23% 2023-06=-2.41% 2023-06-09=-3.32%
[predict] 2023-06-11 08:00 TRXUSDT → LONG (proba=0.95 TP=8.3%/SL=4.2%)
[trade:open] 2023-06-11 15:59 TRXUSDT LONG @ 0.07 | SL=0.07 TP=0.07 | timeout=2023-06-18 15:59
[trade:close] 2023-06-18 16:00 TRXUSDT LONG → timeout @ 0.07 | PnL=+2.01% (net +1.91%) | cum=-8.31% 2023-06=-0.50% 2023-06-18=+1.91%
[predict] 2023-06-20 00:00 TRXUSDT → LONG (proba=0.99 TP=6.2%/SL=3.1%)
[trade:open] 2023-06-20 07:59 TRXUSDT LONG @ 0.07 | SL=0.07 TP=0.07 | timeout=2023-06-27 07:59
[trade:close] 2023-06-22 07:59 TRXUSDT LONG → take_profit @ 0.07 | PnL=+6.20% (net +6.10%) | cum=-2.21% 2023-06=+5.61% 2023-06-22=+6.10%
[predict] 2023-06-23 16:00 TRXUSDT → SHORT (proba=0.68 TP=5.9%/SL=3.0%)
[trade:open] 2023-06-23 23:59 TRXUSDT SHORT @ 0.07 | SL=0.08 TP=0.07 | timeout=2023-06-30 23:59
[trade:close] 2023-06-27 15:59 TRXUSDT SHORT → stop_loss @ 0.08 | PnL=-2.95% (net -3.05%) | cum=-5.26% 2023-06=+2.56% 2023-06-27=-3.05%
[lgbm] === Training for 2023-07 ===
  Train window: 2021-07-01 → 2023-07-01
  2175 training samples from 1 symbols
  Samples per month: 2021-07: 93, 2021-08: 93, 2021-09: 90, 2021-10: 93, 2021-11: 90, 2021-12: 93, 2022-01: 93, 2022-02: 75, 2022-03: 93, 2022-04: 84, 2022-05: 93, 2022-06: 90, 2022-07: 93, 2022-08: 93, 2022-09: 90, 2022-10: 93, 2022-11: 90, 2022-12: 93, 2023-01: 93, 2023-02: 84, 2023-03: 93, 2023-04: 90, 2023-05: 93, 2023-06: 90
  [label] 2021-08-31 16:00 TRXUSDT entry=0.0889 → LONG | long=tp(+9.85%) short=sl(-5.07%) | scanned=4 | long_tp_only
  [label] 2021-09-03 00:00 TRXUSDT entry=0.1043 → SHORT | long=sl(-5.08%) short=tp(+9.86%) | scanned=13 | short_tp_only
  [label] 2021-09-06 16:00 TRXUSDT entry=0.1039 → SHORT | long=sl(-4.84%) short=tp(+9.37%) | scanned=2 | short_tp_only
  [label] 2021-10-01 16:00 TRXUSDT entry=0.0948 → LONG | long=timeout(+2.97%) short=timeout(-3.17%) | scanned=22 | no_tp→fwd_return=+3.0683
  [label] 2021-11-23 00:00 TRXUSDT entry=0.1019 → SHORT | long=sl(-5.98%) short=tp(+11.66%) | scanned=15 | short_tp_only
  [label] 2022-05-13 16:00 TRXUSDT entry=0.0742 → SHORT | long=timeout(-4.28%) short=timeout(+4.08%) | scanned=22 | no_tp→fwd_return=-4.1756
  [label] 2022-05-17 16:00 TRXUSDT entry=0.0722 → LONG | long=timeout(+11.49%) short=sl(-11.12%) | scanned=22 | no_tp→fwd_return=+11.5896
  [label] 2022-05-28 08:00 TRXUSDT entry=0.0823 → SHORT | long=sl(-7.38%) short=sl(-7.38%) | scanned=20 | no_tp→fwd_return=-3.4613
  [label] 2022-07-12 08:00 TRXUSDT entry=0.0653 → LONG | long=tp(+7.51%) short=sl(-3.91%) | scanned=18 | long_tp_only
  [label] 2022-07-21 00:00 TRXUSDT entry=0.0669 → LONG | long=sl(-3.67%) short=timeout(-1.73%) | scanned=22 | no_tp→fwd_return=+1.6286
  [label] 2022-10-19 16:00 TRXUSDT entry=0.0617 → LONG | long=timeout(+2.66%) short=sl(-2.84%) | scanned=22 | no_tp→fwd_return=+2.7562
  [label] 2022-11-20 16:00 TRXUSDT entry=0.0500 → LONG | long=timeout(+6.29%) short=sl(-5.59%) | scanned=22 | no_tp→fwd_return=+6.3949
  [label] 2022-12-06 16:00 TRXUSDT entry=0.0536 → SHORT | long=sl(-2.75%) short=sl(-2.75%) | scanned=16 | no_tp→fwd_return=-3.0049
  [label] 2022-12-19 16:00 TRXUSDT entry=0.0535 → LONG | long=timeout(+1.84%) short=sl(-3.25%) | scanned=22 | no_tp→fwd_return=+1.9432
  [label] 2023-01-07 00:00 TRXUSDT entry=0.0524 → LONG | long=tp(+6.01%) short=sl(-3.15%) | scanned=6 | long_tp_only
  [label] 2023-01-13 08:00 TRXUSDT entry=0.0575 → LONG | long=tp(+5.96%) short=sl(-3.13%) | scanned=2 | long_tp_only
  [label] 2023-01-25 16:00 TRXUSDT entry=0.0618 → LONG | long=timeout(+2.05%) short=sl(-3.69%) | scanned=22 | no_tp→fwd_return=+2.1528
  [label] 2023-03-06 08:00 TRXUSDT entry=0.0674 → SHORT | long=sl(-2.52%) short=tp(+4.75%) | scanned=10 | short_tp_only
  [label] 2023-03-16 08:00 TRXUSDT entry=0.0660 → SHORT | long=sl(-4.60%) short=tp(+8.89%) | scanned=19 | short_tp_only
  [label] 2023-06-10 16:00 TRXUSDT entry=0.0695 → LONG | long=timeout(+2.89%) short=sl(-4.45%) | scanned=22 | no_tp→fwd_return=+2.9924
  Labels: 1179 long (54.2%), 996 short (45.8%) | weights: min=1.00, mean=2.86, max=10.00
  Features: 2175/2175 matched, 14 columns
  CV gap: 22 rows
    [trial 0] 14 features, training_days=230 | threshold=0.779 | labels: 1179 long, 996 short (54/46%)
    [CV fold 0] train_end=2021-10-23 00:00 | val_start=2021-10-30 16:00 | gap=184h (22 rows)
    [CV fold 1] train_end=2022-02-20 16:00 | val_start=2022-03-03 08:00 | gap=256h (22 rows)
    [CV fold 2] train_end=2022-06-26 08:00 | val_start=2022-07-04 00:00 | gap=184h (22 rows)
    [CV fold 3] train_end=2022-10-25 00:00 | val_start=2022-11-01 16:00 | gap=184h (22 rows)
    [CV fold 4] train_end=2023-02-22 16:00 | val_start=2023-03-02 08:00 | gap=184h (22 rows)
    [trial 0] Sharpe=-0.0009 (folds: 0.2749, -0.4122, -0.1139, 0.1395, 0.1069)
    [trial 1] 14 features, training_days=410 | threshold=0.693 | labels: 1179 long, 996 short (54/46%)
    [trial 1] Sharpe=-0.2063 (folds: 0.1329, -0.2124, -0.7229, -0.0580, -0.1711)
    [trial 2] 14 features, training_days=270 | threshold=0.546 | labels: 1179 long, 996 short (54/46%)
    [trial 2] Sharpe=-0.0321 (folds: -0.0044, 0.0222, -0.0669, -0.0163, -0.0953)
    [trial 3] 14 features, training_days=270 | threshold=0.600 | labels: 1179 long, 996 short (54/46%)
    [trial 3] Sharpe=0.0275 (folds: 0.0472, -0.0672, 0.0785, 0.0626, 0.0164)
    [trial 4] 14 features, training_days=390 | threshold=0.764 | labels: 1179 long, 996 short (54/46%)
    [trial 4] Sharpe=-0.0423 (folds: 0.1798, -0.3271, -0.1402, 0.0779, -0.0017)
    [trial 5] 14 features, training_days=60 | threshold=0.603 | labels: 1179 long, 996 short (54/46%)
    [trial 5] Sharpe=-0.1165 (folds: -0.3069, -0.1962, -0.0352, 0.0263, -0.0704)
    [trial 6] 14 features, training_days=290 | threshold=0.738 | labels: 1179 long, 996 short (54/46%)
    [trial 6] Sharpe=-0.0798 (folds: 0.2123, -0.3915, -0.1838, -0.0797, 0.0437)
    [trial 7] 14 features, training_days=70 | threshold=0.564 | labels: 1179 long, 996 short (54/46%)
    [trial 7] Sharpe=-0.1117 (folds: -0.2443, 0.0428, -0.0262, -0.1144, -0.2164)
    [trial 8] 14 features, training_days=440 | threshold=0.653 | labels: 1179 long, 996 short (54/46%)
    [trial 8] Sharpe=-0.1358 (folds: 0.3501, -0.3076, -0.8002, 0.0220, 0.0565)
    [trial 9] 14 features, training_days=360 | threshold=0.728 | labels: 1179 long, 996 short (54/46%)
    [trial 9] Sharpe=-0.1427 (folds: 0.2372, -0.3905, -0.2577, 0.1117, -0.4140)
  Optuna: 10 trials, best Sharpe = 0.0275
  Best params: n_estimators=382, max_depth=4, lr=0.0919, leaves=44
  Best confidence_threshold: 0.600
  Best training_days: 270
  Retrained on full data (810 samples, 14 features)
  Model trained for 2023-07: 93 test candles with features, confidence_threshold=0.600[I 2026-05-06 02:25:02,260] A new study created in memory with name: no-name-e2cd6040-f4f6-4a21-85a2-423b4029993a
[I 2026-05-06 02:25:02,536] Trial 0 finished with value: -0.16024093144588542 and parameters: {'confidence_threshold': 0.7790993046299082, 'training_days': 230, 'n_estimators': 295, 'max_depth': 5, 'num_leaves': 83, 'learning_rate': 0.051543455158230854, 'subsample': 0.8773243492079463, 'min_child_samples': 10, 'reg_alpha': 0.034096514368237685, 'reg_lambda': 3.154180388637081e-05}. Best is trial 0 with value: -0.16024093144588542.
[I 2026-05-06 02:25:02,687] Trial 1 finished with value: -0.12280167017824281 and parameters: {'confidence_threshold': 0.6929247853618086, 'training_days': 410, 'n_estimators': 233, 'max_depth': 5, 'num_leaves': 108, 'learning_rate': 0.013724237108071606, 'subsample': 0.7013182233636002, 'min_child_samples': 94, 'reg_alpha': 2.4040959529260723e-06, 'reg_lambda': 5.320966582161148}. Best is trial 1 with value: -0.12280167017824281.
[I 2026-05-06 02:25:02,750] Trial 2 finished with value: -0.09851385592012253 and parameters: {'confidence_threshold': 0.546341527225763, 'training_days': 270, 'n_estimators': 120, 'max_depth': 4, 'num_leaves': 53, 'learning_rate': 0.060197068579343475, 'subsample': 0.588227873455941, 'min_child_samples': 91, 'reg_alpha': 2.3457771824819002e-08, 'reg_lambda': 1.1358840775642732e-08}. Best is trial 2 with value: -0.09851385592012253.
[I 2026-05-06 02:25:02,926] Trial 3 finished with value: -0.11292468211086308 and parameters: {'confidence_threshold': 0.6000319676300473, 'training_days': 270, 'n_estimators': 382, 'max_depth': 4, 'num_leaves': 44, 'learning_rate': 0.09185046765032388, 'subsample': 0.6743651508646724, 'min_child_samples': 77, 'reg_alpha': 0.0013974578104212739, 'reg_lambda': 8.97190257982477e-08}. Best is trial 2 with value: -0.09851385592012253.
[I 2026-05-06 02:25:03,298] Trial 4 finished with value: -0.14453883993680167 and parameters: {'confidence_threshold': 0.7642618789055509, 'training_days': 390, 'n_estimators': 464, 'max_depth': 5, 'num_leaves': 30, 'learning_rate': 0.024562383309704932, 'subsample': 0.8612975035964376, 'min_child_samples': 36, 'reg_alpha': 1.593999300080167, 'reg_lambda': 0.006081270362829788}. Best is trial 2 with value: -0.09851385592012253.
[I 2026-05-06 02:25:03,441] Trial 5 finished with value: -0.10470594099878508 and parameters: {'confidence_threshold': 0.6029115860358569, 'training_days': 60, 'n_estimators': 441, 'max_depth': 3, 'num_leaves': 66, 'learning_rate': 0.044953114425778824, 'subsample': 0.7098948461279406, 'min_child_samples': 15, 'reg_alpha': 4.888753565548431e-07, 'reg_lambda': 4.198190642566389}. Best is trial 2 with value: -0.09851385592012253.
[I 2026-05-06 02:25:03,656] Trial 6 finished with value: -0.23003271122724173 and parameters: {'confidence_threshold': 0.7376932868314098, 'training_days': 290, 'n_estimators': 249, 'max_depth': 5, 'num_leaves': 121, 'learning_rate': 0.015565840632862623, 'subsample': 0.8390183783709677, 'min_child_samples': 19, 'reg_alpha': 1.860444687368747e-08, 'reg_lambda': 2.7391483548058117e-06}. Best is trial 2 with value: -0.09851385592012253.
[I 2026-05-06 02:25:03,699] Trial 7 finished with value: -0.05843625650614666 and parameters: {'confidence_threshold': 0.563503962036334, 'training_days': 70, 'n_estimators': 63, 'max_depth': 3, 'num_leaves': 47, 'learning_rate': 0.18074927623018475, 'subsample': 0.5059692991701257, 'min_child_samples': 9, 'reg_alpha': 3.6945804405602874e-08, 'reg_lambda': 0.027706035542028905}. Best is trial 7 with value: -0.05843625650614666.
[I 2026-05-06 02:25:03,784] Trial 8 finished with value: -0.32450418264649544 and parameters: {'confidence_threshold': 0.6525471176758836, 'training_days': 440, 'n_estimators': 116, 'max_depth': 4, 'num_leaves': 115, 'learning_rate': 0.010229952960863938, 'subsample': 0.5062159465415076, 'min_child_samples': 54, 'reg_alpha': 6.790626457822126e-06, 'reg_lambda': 1.7869141074987722e-05}. Best is trial 7 with value: -0.05843625650614666.
[I 2026-05-06 02:25:03,872] Trial 9 finished with value: -0.225373866692816 and parameters: {'confidence_threshold': 0.7277571993354469, 'training_days': 360, 'n_estimators': 75, 'max_depth': 5, 'num_leaves': 41, 'learning_rate': 0.014186743931212992, 'subsample': 0.7445187273047605, 'min_child_samples': 22, 'reg_alpha': 0.02393227447113315, 'reg_lambda': 0.009236766173618426}. Best is trial 7 with value: -0.05843625650614666.

[predict] 2023-07-06 08:00 TRXUSDT → SHORT (proba=0.73 TP=4.7%/SL=2.3%)
[trade:open] 2023-07-06 15:59 TRXUSDT SHORT @ 0.08 | SL=0.08 TP=0.07 | timeout=2023-07-13 15:59
[trade:close] 2023-07-07 15:59 TRXUSDT SHORT → stop_loss @ 0.08 | PnL=-2.35% (net -2.45%) | cum=-7.71% 2023-07=-2.45% 2023-07-07=-2.45%
[predict] 2023-07-09 08:00 TRXUSDT → SHORT (proba=0.91 TP=4.5%/SL=2.3%)
[trade:open] 2023-07-09 15:59 TRXUSDT SHORT @ 0.08 | SL=0.08 TP=0.08 | timeout=2023-07-16 15:59
[trade:close] 2023-07-13 23:59 TRXUSDT SHORT → stop_loss @ 0.08 | PnL=-2.27% (net -2.37%) | cum=-10.07% 2023-07=-4.81% 2023-07-13=-2.37%
[predict] 2023-07-15 08:00 TRXUSDT → SHORT (proba=0.92 TP=4.8%/SL=2.4%)
[trade:open] 2023-07-15 15:59 TRXUSDT SHORT @ 0.08 | SL=0.08 TP=0.08 | timeout=2023-07-22 15:59
[trade:close] 2023-07-22 07:59 TRXUSDT SHORT → stop_loss @ 0.08 | PnL=-2.41% (net -2.51%) | cum=-12.58% 2023-07=-7.32% 2023-07-22=-2.51%
[lgbm] === Training for 2023-08 ===
  Train window: 2021-08-01 → 2023-08-01
  2175 training samples from 1 symbols
  Samples per month: 2021-08: 93, 2021-09: 90, 2021-10: 93, 2021-11: 90, 2021-12: 93, 2022-01: 93, 2022-02: 75, 2022-03: 93, 2022-04: 84, 2022-05: 93, 2022-06: 90, 2022-07: 93, 2022-08: 93, 2022-09: 90, 2022-10: 93, 2022-11: 90, 2022-12: 93, 2023-01: 93, 2023-02: 84, 2023-03: 93, 2023-04: 90, 2023-05: 93, 2023-06: 90, 2023-07: 93
  [label] 2021-10-01 16:00 TRXUSDT entry=0.0948 → LONG | long=timeout(+2.97%) short=timeout(-3.17%) | scanned=22 | no_tp→fwd_return=+3.0683
  [label] 2021-10-04 00:00 TRXUSDT entry=0.0927 → LONG | long=tp(+11.26%) short=sl(-5.78%) | scanned=16 | long_tp_only
  [label] 2021-10-07 16:00 TRXUSDT entry=0.0956 → LONG | long=timeout(+1.79%) short=sl(-5.59%) | scanned=22 | no_tp→fwd_return=+1.8937
  [label] 2021-11-01 16:00 TRXUSDT entry=0.1006 → LONG | long=tp(+9.47%) short=sl(-4.88%) | scanned=2 | long_tp_only
  [label] 2021-12-24 00:00 TRXUSDT entry=0.0822 → SHORT | long=sl(-4.45%) short=timeout(+6.83%) | scanned=22 | no_tp→fwd_return=-6.9309
  [label] 2022-06-13 16:00 TRXUSDT entry=0.0638 → SHORT | long=sl(-8.59%) short=tp(+16.87%) | scanned=3 | short_tp_only
  [label] 2022-06-17 16:00 TRXUSDT entry=0.0598 → LONG | long=timeout(+9.86%) short=timeout(-10.06%) | scanned=22 | no_tp→fwd_return=+9.9632
  [label] 2022-06-28 08:00 TRXUSDT entry=0.0663 → LONG | long=sl(-6.18%) short=timeout(-1.00%) | scanned=22 | no_tp→fwd_return=+0.9046
  [label] 2022-08-12 08:00 TRXUSDT entry=0.0699 → SHORT | long=sl(-2.74%) short=sl(-2.74%) | scanned=16 | no_tp→fwd_return=-2.3465
  [label] 2022-08-21 00:00 TRXUSDT entry=0.0650 → SHORT | long=sl(-3.13%) short=tp(+5.96%) | scanned=18 | short_tp_only
  [label] 2022-11-19 16:00 TRXUSDT entry=0.0521 → LONG | long=sl(-5.68%) short=timeout(-1.33%) | scanned=22 | no_tp→fwd_return=+1.2284
  [label] 2022-12-21 16:00 TRXUSDT entry=0.0549 → SHORT | long=sl(-2.94%) short=timeout(+1.30%) | scanned=22 | no_tp→fwd_return=-1.4028
  [label] 2023-01-06 16:00 TRXUSDT entry=0.0524 → LONG | long=tp(+5.98%) short=sl(-3.14%) | scanned=7 | long_tp_only
  [label] 2023-01-19 16:00 TRXUSDT entry=0.0601 → LONG | long=timeout(+2.60%) short=sl(-3.64%) | scanned=22 | no_tp→fwd_return=+2.6973
  [label] 2023-02-07 00:00 TRXUSDT entry=0.0639 → LONG | long=tp(+6.22%) short=sl(-3.26%) | scanned=4 | long_tp_only
  [label] 2023-02-13 08:00 TRXUSDT entry=0.0645 → LONG | long=tp(+6.94%) short=sl(-3.62%) | scanned=6 | long_tp_only
  [label] 2023-02-25 16:00 TRXUSDT entry=0.0678 → SHORT | long=timeout(-1.74%) short=sl(-3.24%) | scanned=22 | no_tp→fwd_return=-1.6377
  [label] 2023-04-06 08:00 TRXUSDT entry=0.0660 → SHORT | long=sl(-2.90%) short=sl(-2.90%) | scanned=17 | no_tp→fwd_return=-3.1042
  [label] 2023-04-16 08:00 TRXUSDT entry=0.0664 → LONG | long=sl(-2.48%) short=timeout(-0.16%) | scanned=22 | no_tp→fwd_return=+0.0603
  [label] 2023-07-11 16:00 TRXUSDT entry=0.0773 → LONG | long=tp(+4.16%) short=sl(-2.23%) | scanned=6 | long_tp_only
  Labels: 1195 long (54.9%), 980 short (45.1%) | weights: min=1.00, mean=2.79, max=10.00
  Features: 2175/2175 matched, 14 columns
  CV gap: 22 rows
    [trial 0] 14 features, training_days=230 | threshold=0.779 | labels: 1195 long, 980 short (55/45%)
    [CV fold 0] train_end=2021-11-23 00:00 | val_start=2021-11-30 16:00 | gap=184h (22 rows)
    [CV fold 1] train_end=2022-03-26 16:00 | val_start=2022-04-05 08:00 | gap=232h (22 rows)
    [CV fold 2] train_end=2022-07-27 08:00 | val_start=2022-08-04 00:00 | gap=184h (22 rows)
    [CV fold 3] train_end=2022-11-25 00:00 | val_start=2022-12-02 16:00 | gap=184h (22 rows)
    [CV fold 4] train_end=2023-03-25 16:00 | val_start=2023-04-02 08:00 | gap=184h (22 rows)
    [trial 0] Sharpe=-0.1602 (folds: -0.4012, -0.3319, 0.0803, -0.0151, -0.1333)
    [trial 1] 14 features, training_days=410 | threshold=0.693 | labels: 1195 long, 980 short (55/45%)
    [trial 1] Sharpe=-0.1228 (folds: -0.3221, -0.4106, 0.1787, 0.0734, -0.1334)
    [trial 2] 14 features, training_days=270 | threshold=0.546 | labels: 1195 long, 980 short (55/45%)
    [trial 2] Sharpe=-0.0985 (folds: -0.2135, -0.0607, 0.1110, -0.0654, -0.2640)
    [trial 3] 14 features, training_days=270 | threshold=0.600 | labels: 1195 long, 980 short (55/45%)
    [trial 3] Sharpe=-0.1129 (folds: -0.2246, -0.0753, 0.0146, -0.1301, -0.1492)
    [trial 4] 14 features, training_days=390 | threshold=0.764 | labels: 1195 long, 980 short (55/45%)
    [trial 4] Sharpe=-0.1445 (folds: -0.4469, -0.2367, 0.0228, 0.0560, -0.1179)
    [trial 5] 14 features, training_days=60 | threshold=0.603 | labels: 1195 long, 980 short (55/45%)
    [trial 5] Sharpe=-0.1047 (folds: -0.0777, -0.1773, -0.0396, 0.0591, -0.2881)
    [trial 6] 14 features, training_days=290 | threshold=0.738 | labels: 1195 long, 980 short (55/45%)
    [trial 6] Sharpe=-0.2300 (folds: -0.4660, -0.4421, -0.0110, -0.0455, -0.1856)
    [trial 7] 14 features, training_days=70 | threshold=0.564 | labels: 1195 long, 980 short (55/45%)
    [trial 7] Sharpe=-0.0584 (folds: -0.1707, 0.1154, 0.0534, 0.1710, -0.4612)
    [trial 8] 14 features, training_days=440 | threshold=0.653 | labels: 1195 long, 980 short (55/45%)
    [trial 8] Sharpe=-0.3245 (folds: -0.5282, -0.3764, -0.0843, -0.5015, -0.1321)
    [trial 9] 14 features, training_days=360 | threshold=0.728 | labels: 1195 long, 980 short (55/45%)
    [trial 9] Sharpe=-0.2254 (folds: -0.6635, -0.4728, -0.2626, -0.0794, 0.3514)
  Optuna: 10 trials, best Sharpe = -0.0584
  Best params: n_estimators=63, max_depth=3, lr=0.1807, leaves=47
  Best confidence_threshold: 0.564
  Best training_days: 70
  Retrained on full data (210 samples, 14 features)
  Model trained for 2023-08: 93 test candles with features, confidence_threshold=0.564
[lgbm] === Training for 2023-09 ===
  Train window: 2021-09-01 → 2023-09-01
  2175 training samples from 1 symbols
  Samples per month: 2021-09: 90, 2021-10: 93, 2021-11: 90, 2021-12: 93, 2022-01: 93, 2022-02: 75, 2022-03: 93, 2022-04: 84, 2022-05: 93, 2022-06: 90, 2022-07: 93, 2022-08: 93, 2022-09: 90, 2022-10: 93, 2022-11: 90, 2022-12: 93, 2023-01: 93, 2023-02: 84, 2023-03: 93, 2023-04: 90, 2023-05: 93, 2023-06: 90, 2023-07: 93, 2023-08: 93
  [label] 2021-11-01 16:00 TRXUSDT entry=0.1006 → LONG | long=tp(+9.47%) short=sl(-4.88%) | scanned=2 | long_tp_only
  [label] 2021-11-04 00:00 TRXUSDT entry=0.1041 → LONG | long=tp(+10.19%) short=sl(-5.24%) | scanned=16 | long_tp_only
  [label] 2021-11-07 16:00 TRXUSDT entry=0.1046 → LONG | long=tp(+8.69%) short=sl(-4.50%) | scanned=5 | long_tp_only
  [label] 2021-12-02 16:00 TRXUSDT entry=0.0975 → SHORT | long=sl(-4.90%) short=tp(+9.49%) | scanned=4 | short_tp_only
  [label] 2022-01-24 00:00 TRXUSDT entry=0.0549 → LONG | long=timeout(+4.44%) short=sl(-7.51%) | scanned=22 | no_tp→fwd_return=+4.5355
  [label] 2022-07-14 16:00 TRXUSDT entry=0.0667 → LONG | long=timeout(+1.71%) short=sl(-3.76%) | scanned=22 | no_tp→fwd_return=+1.8130
  [label] 2022-07-18 16:00 TRXUSDT entry=0.0688 → SHORT | long=sl(-3.57%) short=tp(+6.84%) | scanned=21 | short_tp_only
  [label] 2022-07-29 08:00 TRXUSDT entry=0.0693 → SHORT | long=timeout(-0.56%) short=sl(-3.35%) | scanned=22 | no_tp→fwd_return=-0.4620[I 2026-05-06 02:25:04,265] A new study created in memory with name: no-name-91ab9d5f-9ffa-43cc-9a7a-4216abe3ca38
[I 2026-05-06 02:25:04,540] Trial 0 finished with value: -0.11399881626344646 and parameters: {'confidence_threshold': 0.7790993046299082, 'training_days': 230, 'n_estimators': 295, 'max_depth': 5, 'num_leaves': 83, 'learning_rate': 0.051543455158230854, 'subsample': 0.8773243492079463, 'min_child_samples': 10, 'reg_alpha': 0.034096514368237685, 'reg_lambda': 3.154180388637081e-05}. Best is trial 0 with value: -0.11399881626344646.
