[I 2026-05-06 02:23:32,663] Trial 9 finished with value: -1.8973790723403545 and parameters: {'confidence_threshold': 0.7277571993354469, 'training_days': 360, 'n_estimators': 75, 'max_depth': 5, 'num_leaves': 41, 'learning_rate': 0.014186743931212992, 'subsample': 0.7445187273047605, 'min_child_samples': 22, 'reg_alpha': 0.02393227447113315, 'reg_lambda': 0.009236766173618426}. Best is trial 9 with value: -1.8973790723403545.

  Best params: n_estimators=382, max_depth=4, lr=0.0919, leaves=44
  Best confidence_threshold: 0.600
  Best training_days: 270
  Retrained on full data (810 samples, 14 features)
  Model trained for 2026-01: 93 test candles with features, confidence_threshold=0.600
[lgbm] === Training for 2026-02 ===
  Train window: 2024-02-01 → 2026-02-01
  2193 training samples from 1 symbols
  Samples per month: 2024-02: 87, 2024-03: 93, 2024-04: 90, 2024-05: 93, 2024-06: 90, 2024-07: 93, 2024-08: 93, 2024-09: 90, 2024-10: 93, 2024-11: 90, 2024-12: 93, 2025-01: 93, 2025-02: 84, 2025-03: 93, 2025-04: 90, 2025-05: 93, 2025-06: 90, 2025-07: 93, 2025-08: 93, 2025-09: 90, 2025-10: 93, 2025-11: 90, 2025-12: 93, 2026-01: 93
  [label] 2024-04-03 08:00 MKRUSDT entry=3708.1000 → SHORT | long=sl(-6.78%) short=sl(-6.78%) | scanned=18 | no_tp→fwd_return=-6.6206
  [label] 2024-04-05 16:00 MKRUSDT entry=3689.0000 → SHORT | long=sl(-6.75%) short=tp(+13.20%) | scanned=21 | short_tp_only
  [label] 2024-04-09 08:00 MKRUSDT entry=3462.6000 → SHORT | long=sl(-6.24%) short=tp(+12.18%) | scanned=10 | short_tp_only
  [label] 2024-05-04 08:00 MKRUSDT entry=2915.2000 → SHORT | long=sl(-5.63%) short=timeout(+6.97%) | scanned=22 | no_tp→fwd_return=-7.0733
  [label] 2024-06-26 08:00 MKRUSDT entry=2366.5000 → LONG | long=tp(+11.54%) short=sl(-5.92%) | scanned=3 | long_tp_only
  [label] 2024-12-11 08:00 MKRUSDT entry=1882.9000 → SHORT | long=timeout(-7.71%) short=sl(-9.66%) | scanned=22 | no_tp→fwd_return=-7.6053
  [label] 2024-12-15 08:00 MKRUSDT entry=1960.0000 → SHORT | long=sl(-8.75%) short=tp(+17.21%) | scanned=13 | short_tp_only
  [label] 2024-12-26 00:00 MKRUSDT entry=1558.7000 → SHORT | long=timeout(-1.81%) short=timeout(+1.61%) | scanned=22 | no_tp→fwd_return=-1.7066
  [label] 2025-02-09 08:00 MKRUSDT entry=904.9000 → LONG | long=tp(+15.18%) short=sl(-7.74%) | scanned=4 | long_tp_only
  [label] 2025-02-18 00:00 MKRUSDT entry=1096.7000 → LONG | long=tp(+10.56%) short=sl(-5.43%) | scanned=4 | long_tp_only
  [label] 2025-05-20 16:00 MKRUSDT entry=1724.8000 → SHORT | long=sl(-6.90%) short=timeout(+2.53%) | scanned=22 | no_tp→fwd_return=-2.6322
  [label] 2025-06-21 16:00 MKRUSDT entry=1795.1000 → LONG | long=sl(-7.87%) short=sl(-7.87%) | scanned=6 | no_tp→fwd_return=+10.8629
  [label] 2025-07-08 00:00 MKRUSDT entry=1887.1000 → SHORT | long=timeout(-2.10%) short=sl(-5.13%) | scanned=22 | no_tp→fwd_return=-2.0031
  [label] 2025-07-21 00:00 MKRUSDT entry=2063.4000 → LONG | long=sl(-6.25%) short=sl(-6.25%) | scanned=13 | no_tp→fwd_return=+4.4829
  [label] 2025-08-08 16:00 MKRUSDT entry=2014.7000 → SHORT | long=sl(-5.32%) short=sl(-5.32%) | scanned=17 | no_tp→fwd_return=-6.6313
  [label] 2025-08-15 00:00 MKRUSDT entry=1854.3000 → SHORT | long=sl(-5.66%) short=tp(+11.01%) | scanned=16 | short_tp_only
  [label] 2025-08-27 08:00 MKRUSDT entry=1590.1000 → LONG | long=tp(+12.14%) short=sl(-6.22%) | scanned=18 | long_tp_only
  [label] 2025-10-06 08:00 MKRUSDT entry=1650.1000 → LONG | long=timeout(-0.10%) short=timeout(-0.10%) | scanned=22 | no_tp→fwd_return=+0.0000
  [label] 2025-10-16 08:00 MKRUSDT entry=1650.1000 → LONG | long=timeout(-0.10%) short=timeout(-0.10%) | scanned=22 | no_tp→fwd_return=+0.0000
  [label] 2026-01-11 08:00 MKRUSDT entry=1650.1000 → LONG | long=timeout(-0.10%) short=timeout(-0.10%) | scanned=22 | no_tp→fwd_return=+0.0000
  Labels: 1245 long (56.8%), 948 short (43.2%) | weights: min=1.00, mean=3.57, max=10.00
  Features: 2193/2193 matched, 14 columns
  CV gap: 22 rows
    [trial 0] 14 features, training_days=230 | threshold=0.779 | labels: 1245 long, 948 short (57/43%)
    [CV fold 0] train_end=2024-05-26 00:00 | val_start=2024-06-02 16:00 | gap=184h (22 rows)
    [CV fold 1] train_end=2024-09-24 16:00 | val_start=2024-10-02 08:00 | gap=184h (22 rows)
    [CV fold 2] train_end=2025-01-24 08:00 | val_start=2025-02-01 00:00 | gap=184h (22 rows)
    [CV fold 3] train_end=2025-05-26 00:00 | val_start=2025-06-02 16:00 | gap=184h (22 rows)
    [CV fold 4] train_end=2025-09-24 16:00 | val_start=2025-10-02 08:00 | gap=184h (22 rows)
    [trial 0] Sharpe=-1.9889 (folds: 0.0359, 0.1360, -0.1015, -0.0149, -10.0000)
    [trial 1] 14 features, training_days=410 | threshold=0.693 | labels: 1245 long, 948 short (57/43%)
    [trial 1] Sharpe=-2.0497 (folds: 0.0704, 0.1609, -0.1527, -0.3273, -10.0000)
    [trial 2] 14 features, training_days=270 | threshold=0.546 | labels: 1245 long, 948 short (57/43%)
    [trial 2] Sharpe=-2.0019 (folds: 0.0601, 0.0338, -0.0545, -0.0489, -10.0000)
    [trial 3] 14 features, training_days=270 | threshold=0.600 | labels: 1245 long, 948 short (57/43%)
    [trial 3] Sharpe=-1.9583 (folds: 0.1021, 0.0861, 0.0099, 0.0103, -10.0000)
    [trial 4] 14 features, training_days=390 | threshold=0.764 | labels: 1245 long, 948 short (57/43%)
    [trial 4] Sharpe=-2.0836 (folds: 0.0683, -0.0538, -0.1516, -0.2806, -10.0000)
    [trial 5] 14 features, training_days=60 | threshold=0.603 | labels: 1245 long, 948 short (57/43%)
    [trial 5] Sharpe=-1.9694 (folds: 0.0860, 0.1588, -0.1181, 0.0265, -10.0000)
    [trial 6] 14 features, training_days=290 | threshold=0.738 | labels: 1245 long, 948 short (57/43%)
    [trial 6] Sharpe=-2.0026 (folds: 0.1263, 0.0637, 0.0344, -0.2376, -10.0000)
    [trial 7] 14 features, training_days=70 | threshold=0.564 | labels: 1245 long, 948 short (57/43%)
    [trial 7] Sharpe=-1.9972 (folds: 0.0400, 0.2621, -0.2377, -0.0506, -10.0000)
    [trial 8] 14 features, training_days=440 | threshold=0.653 | labels: 1245 long, 948 short (57/43%)
    [trial 8] Sharpe=-2.0604 (folds: 0.0279, 0.1909, -0.0645, -0.4564, -10.0000)
    [trial 9] 14 features, training_days=360 | threshold=0.728 | labels: 1245 long, 948 short (57/43%)
    [trial 9] Sharpe=-1.8974 (folds: 0.0469, 0.2834, 0.0096, 0.1731, -10.0000)
  Optuna: 10 trials, best Sharpe = -1.8974
  Best params: n_estimators=75, max_depth=5, lr=0.0142, leaves=41
  Best confidence_threshold: 0.728
  Best training_days: 360
  Retrained on full data (1080 samples, 14 features)
  Model trained for 2026-02: 84 test candles with features, confidence_threshold=0.728
[lgbm] === Training for 2026-03 ===
  Train window: 2024-03-01 → 2026-03-01
  2190 training samples from 1 symbols
  Samples per month: 2024-03: 93, 2024-04: 90, 2024-05: 93, 2024-06: 90, 2024-07: 93, 2024-08: 93, 2024-09: 90, 2024-10: 93, 2024-11: 90, 2024-12: 93, 2025-01: 93, 2025-02: 84, 2025-03: 93, 2025-04: 90, 2025-05: 93, 2025-06: 90, 2025-07: 93, 2025-08: 93, 2025-09: 90, 2025-10: 93, 2025-11: 90, 2025-12: 93, 2026-01: 93, 2026-02: 84
  [label] 2024-05-02 08:00 MKRUSDT entry=2746.8000 → SHORT | long=timeout(-1.25%) short=sl(-6.22%) | scanned=22 | no_tp→fwd_return=-1.1468
  [label] 2024-05-04 08:00 MKRUSDT entry=2915.2000 → SHORT | long=sl(-5.63%) short=timeout(+6.97%) | scanned=22 | no_tp→fwd_return=-7.0733
  [label] 2024-05-08 08:00 MKRUSDT entry=2717.9000 → LONG | long=timeout(+2.03%) short=timeout(-2.23%) | scanned=22 | no_tp→fwd_return=+2.1266
  [label] 2024-06-02 08:00 MKRUSDT entry=2658.3000 → SHORT | long=sl(-3.71%) short=tp(+7.11%) | scanned=16 | short_tp_only
  [label] 2024-07-25 08:00 MKRUSDT entry=2646.4000 → LONG | long=timeout(+2.42%) short=sl(-6.03%) | scanned=22 | no_tp→fwd_return=+2.5242
  [label] 2025-01-08 16:00 MKRUSDT entry=1480.6000 → SHORT | long=sl(-5.20%) short=tp(+10.11%) | scanned=14 | short_tp_only
  [label] 2025-01-13 00:00 MKRUSDT entry=1359.4000 → LONG | long=sl(-5.47%) short=sl(-5.47%) | scanned=8 | no_tp→fwd_return=+5.0831
  [label] 2025-01-23 16:00 MKRUSDT entry=1272.0000 → SHORT | long=sl(-6.27%) short=tp(+12.25%) | scanned=10 | short_tp_only
  [label] 2025-03-10 00:00 MKRUSDT entry=1179.9000 → LONG | long=sl(-11.07%) short=timeout(-2.13%) | scanned=22 | no_tp→fwd_return=+2.0256
  [label] 2025-03-18 16:00 MKRUSDT entry=1275.4000 → LONG | long=timeout(+1.27%) short=timeout(-1.47%) | scanned=22 | no_tp→fwd_return=+1.3721
  [label] 2025-06-18 00:00 MKRUSDT entry=2003.0000 → SHORT | long=sl(-7.77%) short=tp(+15.24%) | scanned=13 | short_tp_only
  [label] 2025-07-20 00:00 MKRUSDT entry=1997.1000 → LONG | long=tp(+12.47%) short=sl(-6.38%) | scanned=17 | long_tp_only[I 2026-05-06 02:23:33,014] A new study created in memory with name: no-name-3df136fd-f587-42b5-b012-af2453a3b0b5
[I 2026-05-06 02:23:33,300] Trial 0 finished with value: -2.011625865027754 and parameters: {'confidence_threshold': 0.7790993046299082, 'training_days': 230, 'n_estimators': 295, 'max_depth': 5, 'num_leaves': 83, 'learning_rate': 0.051543455158230854, 'subsample': 0.8773243492079463, 'min_child_samples': 10, 'reg_alpha': 0.034096514368237685, 'reg_lambda': 3.154180388637081e-05}. Best is trial 0 with value: -2.011625865027754.
[I 2026-05-06 02:23:33,454] Trial 1 finished with value: -1.9952433169134227 and parameters: {'confidence_threshold': 0.6929247853618086, 'training_days': 410, 'n_estimators': 233, 'max_depth': 5, 'num_leaves': 108, 'learning_rate': 0.013724237108071606, 'subsample': 0.7013182233636002, 'min_child_samples': 94, 'reg_alpha': 2.4040959529260723e-06, 'reg_lambda': 5.320966582161148}. Best is trial 1 with value: -1.9952433169134227.
[I 2026-05-06 02:23:33,516] Trial 2 finished with value: -1.974876465660325 and parameters: {'confidence_threshold': 0.546341527225763, 'training_days': 270, 'n_estimators': 120, 'max_depth': 4, 'num_leaves': 53, 'learning_rate': 0.060197068579343475, 'subsample': 0.588227873455941, 'min_child_samples': 91, 'reg_alpha': 2.3457771824819002e-08, 'reg_lambda': 1.1358840775642732e-08}. Best is trial 2 with value: -1.974876465660325.
[I 2026-05-06 02:23:33,698] Trial 3 finished with value: -1.9671034108502252 and parameters: {'confidence_threshold': 0.6000319676300473, 'training_days': 270, 'n_estimators': 382, 'max_depth': 4, 'num_leaves': 44, 'learning_rate': 0.09185046765032388, 'subsample': 0.6743651508646724, 'min_child_samples': 77, 'reg_alpha': 0.0013974578104212739, 'reg_lambda': 8.97190257982477e-08}. Best is trial 3 with value: -1.9671034108502252.
[I 2026-05-06 02:23:34,094] Trial 4 finished with value: -2.0305185611831167 and parameters: {'confidence_threshold': 0.7642618789055509, 'training_days': 390, 'n_estimators': 464, 'max_depth': 5, 'num_leaves': 30, 'learning_rate': 0.024562383309704932, 'subsample': 0.8612975035964376, 'min_child_samples': 36, 'reg_alpha': 1.593999300080167, 'reg_lambda': 0.006081270362829788}. Best is trial 3 with value: -1.9671034108502252.
[I 2026-05-06 02:23:34,222] Trial 5 finished with value: -1.8701072420236216 and parameters: {'confidence_threshold': 0.6029115860358569, 'training_days': 60, 'n_estimators': 441, 'max_depth': 3, 'num_leaves': 66, 'learning_rate': 0.044953114425778824, 'subsample': 0.7098948461279406, 'min_child_samples': 15, 'reg_alpha': 4.888753565548431e-07, 'reg_lambda': 4.198190642566389}. Best is trial 5 with value: -1.8701072420236216.
[I 2026-05-06 02:23:34,471] Trial 6 finished with value: -1.9841354284045192 and parameters: {'confidence_threshold': 0.7376932868314098, 'training_days': 290, 'n_estimators': 249, 'max_depth': 5, 'num_leaves': 121, 'learning_rate': 0.015565840632862623, 'subsample': 0.8390183783709677, 'min_child_samples': 19, 'reg_alpha': 1.860444687368747e-08, 'reg_lambda': 2.7391483548058117e-06}. Best is trial 5 with value: -1.8701072420236216.
[I 2026-05-06 02:23:34,508] Trial 7 finished with value: -1.9286103204800487 and parameters: {'confidence_threshold': 0.563503962036334, 'training_days': 70, 'n_estimators': 63, 'max_depth': 3, 'num_leaves': 47, 'learning_rate': 0.18074927623018475, 'subsample': 0.5059692991701257, 'min_child_samples': 9, 'reg_alpha': 3.6945804405602874e-08, 'reg_lambda': 0.027706035542028905}. Best is trial 5 with value: -1.8701072420236216.
[I 2026-05-06 02:23:34,594] Trial 8 finished with value: -2.0762504754506623 and parameters: {'confidence_threshold': 0.6525471176758836, 'training_days': 440, 'n_estimators': 116, 'max_depth': 4, 'num_leaves': 115, 'learning_rate': 0.010229952960863938, 'subsample': 0.5062159465415076, 'min_child_samples': 54, 'reg_alpha': 6.790626457822126e-06, 'reg_lambda': 1.7869141074987722e-05}. Best is trial 5 with value: -1.8701072420236216.
[I 2026-05-06 02:23:34,704] Trial 9 finished with value: -1.9912882465599164 and parameters: {'confidence_threshold': 0.7277571993354469, 'training_days': 360, 'n_estimators': 75, 'max_depth': 5, 'num_leaves': 41, 'learning_rate': 0.014186743931212992, 'subsample': 0.7445187273047605, 'min_child_samples': 22, 'reg_alpha': 0.02393227447113315, 'reg_lambda': 0.009236766173618426}. Best is trial 5 with value: -1.8701072420236216.
[I 2026-05-06 02:23:35,037] A new study created in memory with name: no-name-d7a5d174-e64a-4a40-9c06-441b77fc84f6
[I 2026-05-06 02:23:35,297] Trial 0 finished with value: -2.034332416256567 and parameters: {'confidence_threshold': 0.7790993046299082, 'training_days': 230, 'n_estimators': 295, 'max_depth': 5, 'num_leaves': 83, 'learning_rate': 0.051543455158230854, 'subsample': 0.8773243492079463, 'min_child_samples': 10, 'reg_alpha': 0.034096514368237685, 'reg_lambda': 3.154180388637081e-05}. Best is trial 0 with value: -2.034332416256567.
