[I 2026-05-06 02:25:36,338] Trial 8 finished with value: 0.012321580123580455 and parameters: {'confidence_threshold': 0.6525471176758836, 'training_days': 440, 'n_estimators': 116, 'max_depth': 4, 'num_leaves': 115, 'learning_rate': 0.010229952960863938, 'subsample': 0.5062159465415076, 'min_child_samples': 54, 'reg_alpha': 6.790626457822126e-06, 'reg_lambda': 1.7869141074987722e-05}. Best is trial 7 with value: 0.11279688925957476.

    [trial 0] Sharpe=-0.0377 (folds: 0.0150, -0.2320, 0.1611, -0.2081, 0.0755)
    [trial 1] 14 features, training_days=410 | threshold=0.693 | labels: 1264 long, 929 short (58/42%)
    [trial 1] Sharpe=0.0689 (folds: 0.1138, -0.1576, 0.1369, -0.1174, 0.3688)
    [trial 2] 14 features, training_days=270 | threshold=0.546 | labels: 1264 long, 929 short (58/42%)
    [trial 2] Sharpe=-0.0276 (folds: 0.0857, -0.1969, 0.0449, -0.1837, 0.1119)
    [trial 3] 14 features, training_days=270 | threshold=0.600 | labels: 1264 long, 929 short (58/42%)
    [trial 3] Sharpe=-0.0433 (folds: 0.0364, -0.2490, 0.0579, -0.3024, 0.2405)
    [trial 4] 14 features, training_days=390 | threshold=0.764 | labels: 1264 long, 929 short (58/42%)
    [trial 4] Sharpe=-0.0078 (folds: 0.0745, -0.0927, 0.0999, -0.3480, 0.2271)
    [trial 5] 14 features, training_days=60 | threshold=0.603 | labels: 1264 long, 929 short (58/42%)
    [trial 5] Sharpe=-0.0868 (folds: -0.0440, -0.1123, 0.0042, -0.2095, -0.0725)
    [trial 6] 14 features, training_days=290 | threshold=0.738 | labels: 1264 long, 929 short (58/42%)
    [trial 6] Sharpe=0.0026 (folds: 0.0517, -0.0268, 0.0907, -0.1961, 0.0934)
    [trial 7] 14 features, training_days=70 | threshold=0.564 | labels: 1264 long, 929 short (58/42%)
    [trial 7] Sharpe=-0.0667 (folds: 0.1107, -0.0411, -0.1473, -0.2254, -0.0303)
    [trial 8] 14 features, training_days=440 | threshold=0.653 | labels: 1264 long, 929 short (58/42%)
    [trial 8] Sharpe=0.1181 (folds: -0.1819, 0.0189, 0.2976, 0.0317, 0.4239)
    [trial 9] 14 features, training_days=360 | threshold=0.728 | labels: 1264 long, 929 short (58/42%)
    [trial 9] Sharpe=0.1781 (folds: 0.1385, -0.0205, 0.1000, -0.1465, 0.8188)
  Optuna: 10 trials, best Sharpe = 0.1781
  Best params: n_estimators=75, max_depth=5, lr=0.0142, leaves=41
  Best confidence_threshold: 0.728
  Best training_days: 360
  Retrained on full data (1080 samples, 14 features)
  Model trained for 2024-10: 93 test candles with features, confidence_threshold=0.728
[predict] 2024-10-02 08:00 TRXUSDT → LONG (proba=0.76 TP=2.7%/SL=1.4%)
[trade:open] 2024-10-02 15:59 TRXUSDT LONG @ 0.15 | SL=0.15 TP=0.16 | timeout=2024-10-09 15:59
[trade:close] 2024-10-08 23:59 TRXUSDT LONG → take_profit @ 0.16 | PnL=+2.72% (net +2.62%) | cum=-3.80% 2024-10=+2.62% 2024-10-08=+2.62%
[predict] 2024-10-27 08:00 TRXUSDT → LONG (proba=0.73 TP=2.7%/SL=1.4%)
[trade:open] 2024-10-27 15:59 TRXUSDT LONG @ 0.17 | SL=0.16 TP=0.17 | timeout=2024-11-03 15:59
[trade:close] 2024-10-28 07:59 TRXUSDT LONG → stop_loss @ 0.16 | PnL=-1.36% (net -1.46%) | cum=-5.25% 2024-10=+1.16% 2024-10-28=-1.46%
[predict] 2024-10-29 16:00 TRXUSDT → LONG (proba=0.78 TP=2.7%/SL=1.3%)
[trade:open] 2024-10-29 23:59 TRXUSDT LONG @ 0.17 | SL=0.16 TP=0.17 | timeout=2024-11-05 23:59
[lgbm] === Training for 2024-11 ===
  Train window: 2022-11-01 → 2024-11-01
  2193 training samples from 1 symbols
  Samples per month: 2022-11: 90, 2022-12: 93, 2023-01: 93, 2023-02: 84, 2023-03: 93, 2023-04: 90, 2023-05: 93, 2023-06: 90, 2023-07: 93, 2023-08: 93, 2023-09: 90, 2023-10: 93, 2023-11: 90, 2023-12: 93, 2024-01: 93, 2024-02: 87, 2024-03: 93, 2024-04: 90, 2024-05: 93, 2024-06: 90, 2024-07: 93, 2024-08: 93, 2024-09: 90, 2024-10: 93
  [label] 2023-01-02 08:00 TRXUSDT entry=0.0553 → SHORT | long=sl(-2.01%) short=tp(+3.72%) | scanned=11 | short_tp_only
  [label] 2023-01-04 16:00 TRXUSDT entry=0.0547 → SHORT | long=sl(-2.04%) short=tp(+3.77%) | scanned=4 | short_tp_only
  [label] 2023-01-08 08:00 TRXUSDT entry=0.0529 → LONG | long=tp(+5.86%) short=sl(-3.08%) | scanned=2 | long_tp_only
  [label] 2023-02-02 08:00 TRXUSDT entry=0.0643 → LONG | long=tp(+6.13%) short=sl(-3.22%) | scanned=18 | long_tp_only
  [label] 2023-03-27 08:00 TRXUSDT entry=0.0631 → LONG | long=timeout(+3.47%) short=sl(-4.53%) | scanned=22 | no_tp→fwd_return=+3.5675
  [label] 2023-09-11 08:00 TRXUSDT entry=0.0774 → LONG | long=tp(+3.04%) short=sl(-1.67%) | scanned=3 | long_tp_only
  [label] 2023-09-15 08:00 TRXUSDT entry=0.0837 → LONG | long=timeout(+0.08%) short=timeout(-0.28%) | scanned=22 | no_tp→fwd_return=+0.1792
  [label] 2023-09-26 00:00 TRXUSDT entry=0.0846 → LONG | long=tp(+2.97%) short=sl(-1.64%) | scanned=9 | long_tp_only
  [label] 2023-11-10 08:00 TRXUSDT entry=0.1048 → SHORT | long=sl(-2.95%) short=sl(-2.95%) | scanned=19 | no_tp→fwd_return=-2.3662
  [label] 2023-11-19 00:00 TRXUSDT entry=0.1027 → SHORT | long=sl(-2.76%) short=tp(+5.23%) | scanned=8 | short_tp_only
  [label] 2024-02-18 16:00 TRXUSDT entry=0.1353 → LONG | long=tp(+3.70%) short=sl(-2.00%) | scanned=7 | long_tp_only
  [label] 2024-03-21 16:00 TRXUSDT entry=0.1212 → SHORT | long=sl(-3.43%) short=timeout(+0.42%) | scanned=22 | no_tp→fwd_return=-0.5197
  [label] 2024-04-07 00:00 TRXUSDT entry=0.1203 → SHORT | long=sl(-1.99%) short=sl(-1.99%) | scanned=10 | no_tp→fwd_return=-1.5134
  [label] 2024-04-20 00:00 TRXUSDT entry=0.1092 → LONG | long=tp(+6.40%) short=sl(-3.35%) | scanned=16 | long_tp_only
  [label] 2024-05-08 16:00 TRXUSDT entry=0.1229 → LONG | long=timeout(+2.65%) short=sl(-2.11%) | scanned=22 | no_tp→fwd_return=+2.7502
  [label] 2024-05-15 00:00 TRXUSDT entry=0.1255 → SHORT | long=sl(-1.71%) short=tp(+3.11%) | scanned=13 | short_tp_only
  [label] 2024-05-27 08:00 TRXUSDT entry=0.1120 → LONG | long=timeout(+0.99%) short=sl(-2.06%) | scanned=22 | no_tp→fwd_return=+1.0893
  [label] 2024-07-06 08:00 TRXUSDT entry=0.1298 → SHORT | long=sl(-2.19%) short=tp(+4.08%) | scanned=5 | short_tp_only
  [label] 2024-07-16 08:00 TRXUSDT entry=0.1342 → SHORT | long=sl(-2.13%) short=sl(-2.13%) | scanned=20 | no_tp→fwd_return=-1.9228
  [label] 2024-10-11 08:00 TRXUSDT entry=0.1610 → SHORT | long=sl(-1.48%) short=sl(-1.48%) | scanned=11 | no_tp→fwd_return=-1.6392
  Labels: 1264 long (57.6%), 929 short (42.4%) | weights: min=1.00, mean=3.07, max=10.00
  Features: 2193/2193 matched, 14 columns
  CV gap: 22 rows
    [trial 0] 14 features, training_days=230 | threshold=0.779 | labels: 1264 long, 929 short (58/42%)
    [CV fold 0] train_end=2023-02-24 00:00 | val_start=2023-03-03 16:00 | gap=184h (22 rows)
    [CV fold 1] train_end=2023-06-25 16:00 | val_start=2023-07-03 08:00 | gap=184h (22 rows)
    [CV fold 2] train_end=2023-10-25 08:00 | val_start=2023-11-02 00:00 | gap=184h (22 rows)
    [CV fold 3] train_end=2024-02-24 00:00 | val_start=2024-03-02 16:00 | gap=184h (22 rows)
    [CV fold 4] train_end=2024-06-24 16:00 | val_start=2024-07-02 08:00 | gap=184h (22 rows)
    [trial 0] Sharpe=-0.0858 (folds: 0.0632, -0.5161, 0.2685, -0.1143, -0.1304)
    [trial 1] 14 features, training_days=410 | threshold=0.693 | labels: 1264 long, 929 short (58/42%)
    [trial 1] Sharpe=-0.2001 (folds: -0.5078, -0.5373, -0.0935, -0.0488, 0.1867)
    [trial 2] 14 features, training_days=270 | threshold=0.546 | labels: 1264 long, 929 short (58/42%)
    [trial 2] Sharpe=-0.0883 (folds: -0.0934, -0.3700, 0.0038, -0.0817, 0.0999)
    [trial 3] 14 features, training_days=270 | threshold=0.600 | labels: 1264 long, 929 short (58/42%)
    [trial 3] Sharpe=-0.0490 (folds: 0.0282, -0.1863, -0.0629, -0.0008, -0.0234)
    [trial 4] 14 features, training_days=390 | threshold=0.764 | labels: 1264 long, 929 short (58/42%)
    [trial 4] Sharpe=-0.0821 (folds: 0.0610, -0.4283, -0.0963, -0.0787, 0.1320)
    [trial 5] 14 features, training_days=60 | threshold=0.603 | labels: 1264 long, 929 short (58/42%)
    [trial 5] Sharpe=0.0564 (folds: -0.0767, 0.2787, 0.1858, -0.1691, 0.0632)
    [trial 6] 14 features, training_days=290 | threshold=0.738 | labels: 1264 long, 929 short (58/42%)
    [trial 6] Sharpe=-0.1454 (folds: 0.0464, -0.3186, -0.3681, -0.0765, -0.0100)
    [trial 7] 14 features, training_days=70 | threshold=0.564 | labels: 1264 long, 929 short (58/42%)
    [trial 7] Sharpe=0.1128 (folds: 0.0902, 0.2302, 0.2701, -0.1356, 0.1090)
    [trial 8] 14 features, training_days=440 | threshold=0.653 | labels: 1264 long, 929 short (58/42%)
    [trial 8] Sharpe=0.0123 (folds: -0.0360, -0.2322, -0.0402, 0.0440, 0.3260)
    [trial 9] 14 features, training_days=360 | threshold=0.728 | labels: 1264 long, 929 short (58/42%)
    [trial 9] Sharpe=-0.1296 (folds: -0.2608, -0.3439, -0.0238, -0.0598, 0.0405)[I 2026-05-06 02:25:36,437] Trial 9 finished with value: -0.12955978389261394 and parameters: {'confidence_threshold': 0.7277571993354469, 'training_days': 360, 'n_estimators': 75, 'max_depth': 5, 'num_leaves': 41, 'learning_rate': 0.014186743931212992, 'subsample': 0.7445187273047605, 'min_child_samples': 22, 'reg_alpha': 0.02393227447113315, 'reg_lambda': 0.009236766173618426}. Best is trial 7 with value: 0.11279688925957476.
[I 2026-05-06 02:25:36,867] A new study created in memory with name: no-name-0cb304a8-3079-4ba1-a032-b705b481779d
[I 2026-05-06 02:25:37,166] Trial 0 finished with value: -0.0839095684628555 and parameters: {'confidence_threshold': 0.7790993046299082, 'training_days': 230, 'n_estimators': 295, 'max_depth': 5, 'num_leaves': 83, 'learning_rate': 0.051543455158230854, 'subsample': 0.8773243492079463, 'min_child_samples': 10, 'reg_alpha': 0.034096514368237685, 'reg_lambda': 3.154180388637081e-05}. Best is trial 0 with value: -0.0839095684628555.
[I 2026-05-06 02:25:37,304] Trial 1 finished with value: -0.0814080107703756 and parameters: {'confidence_threshold': 0.6929247853618086, 'training_days': 410, 'n_estimators': 233, 'max_depth': 5, 'num_leaves': 108, 'learning_rate': 0.013724237108071606, 'subsample': 0.7013182233636002, 'min_child_samples': 94, 'reg_alpha': 2.4040959529260723e-06, 'reg_lambda': 5.320966582161148}. Best is trial 1 with value: -0.0814080107703756.
[I 2026-05-06 02:25:37,372] Trial 2 finished with value: -0.06628711521110923 and parameters: {'confidence_threshold': 0.546341527225763, 'training_days': 270, 'n_estimators': 120, 'max_depth': 4, 'num_leaves': 53, 'learning_rate': 0.060197068579343475, 'subsample': 0.588227873455941, 'min_child_samples': 91, 'reg_alpha': 2.3457771824819002e-08, 'reg_lambda': 1.1358840775642732e-08}. Best is trial 2 with value: -0.06628711521110923.
[I 2026-05-06 02:25:37,567] Trial 3 finished with value: -0.09965329028412355 and parameters: {'confidence_threshold': 0.6000319676300473, 'training_days': 270, 'n_estimators': 382, 'max_depth': 4, 'num_leaves': 44, 'learning_rate': 0.09185046765032388, 'subsample': 0.6743651508646724, 'min_child_samples': 77, 'reg_alpha': 0.0013974578104212739, 'reg_lambda': 8.97190257982477e-08}. Best is trial 2 with value: -0.06628711521110923.
[I 2026-05-06 02:25:38,023] Trial 4 finished with value: -0.07935761224742827 and parameters: {'confidence_threshold': 0.7642618789055509, 'training_days': 390, 'n_estimators': 464, 'max_depth': 5, 'num_leaves': 30, 'learning_rate': 0.024562383309704932, 'subsample': 0.8612975035964376, 'min_child_samples': 36, 'reg_alpha': 1.593999300080167, 'reg_lambda': 0.006081270362829788}. Best is trial 2 with value: -0.06628711521110923.
[I 2026-05-06 02:25:38,181] Trial 5 finished with value: -0.06480219192786016 and parameters: {'confidence_threshold': 0.6029115860358569, 'training_days': 60, 'n_estimators': 441, 'max_depth': 3, 'num_leaves': 66, 'learning_rate': 0.044953114425778824, 'subsample': 0.7098948461279406, 'min_child_samples': 15, 'reg_alpha': 4.888753565548431e-07, 'reg_lambda': 4.198190642566389}. Best is trial 5 with value: -0.06480219192786016.
[I 2026-05-06 02:25:38,463] Trial 6 finished with value: -0.10498978840351496 and parameters: {'confidence_threshold': 0.7376932868314098, 'training_days': 290, 'n_estimators': 249, 'max_depth': 5, 'num_leaves': 121, 'learning_rate': 0.015565840632862623, 'subsample': 0.8390183783709677, 'min_child_samples': 19, 'reg_alpha': 1.860444687368747e-08, 'reg_lambda': 2.7391483548058117e-06}. Best is trial 5 with value: -0.06480219192786016.
[I 2026-05-06 02:25:38,503] Trial 7 finished with value: -0.07548535212655236 and parameters: {'confidence_threshold': 0.563503962036334, 'training_days': 70, 'n_estimators': 63, 'max_depth': 3, 'num_leaves': 47, 'learning_rate': 0.18074927623018475, 'subsample': 0.5059692991701257, 'min_child_samples': 9, 'reg_alpha': 3.6945804405602874e-08, 'reg_lambda': 0.027706035542028905}. Best is trial 5 with value: -0.06480219192786016.
[I 2026-05-06 02:25:38,591] Trial 8 finished with value: 0.028514945649934953 and parameters: {'confidence_threshold': 0.6525471176758836, 'training_days': 440, 'n_estimators': 116, 'max_depth': 4, 'num_leaves': 115, 'learning_rate': 0.010229952960863938, 'subsample': 0.5062159465415076, 'min_child_samples': 54, 'reg_alpha': 6.790626457822126e-06, 'reg_lambda': 1.7869141074987722e-05}. Best is trial 8 with value: 0.028514945649934953.
[I 2026-05-06 02:25:38,692] Trial 9 finished with value: -2.0334255469803386 and parameters: {'confidence_threshold': 0.7277571993354469, 'training_days': 360, 'n_estimators': 75, 'max_depth': 5, 'num_leaves': 41, 'learning_rate': 0.014186743931212992, 'subsample': 0.7445187273047605, 'min_child_samples': 22, 'reg_alpha': 0.02393227447113315, 'reg_lambda': 0.009236766173618426}. Best is trial 8 with value: 0.028514945649934953.

  Optuna: 10 trials, best Sharpe = 0.1128
  Best params: n_estimators=63, max_depth=3, lr=0.1807, leaves=47
  Best confidence_threshold: 0.564
  Best training_days: 70
  Retrained on full data (210 samples, 14 features)
  Model trained for 2024-11: 90 test candles with features, confidence_threshold=0.564
[trade:close] 2024-11-03 07:59 TRXUSDT LONG → stop_loss @ 0.16 | PnL=-1.34% (net -1.44%) | cum=-6.69% 2024-11=-1.44% 2024-11-03=-1.44%
[predict] 2024-11-04 16:00 TRXUSDT → LONG (proba=1.00 TP=2.8%/SL=1.4%)
[trade:open] 2024-11-04 23:59 TRXUSDT LONG @ 0.16 | SL=0.16 TP=0.17 | timeout=2024-11-11 23:59
[trade:close] 2024-11-05 23:59 TRXUSDT LONG → stop_loss @ 0.16 | PnL=-1.39% (net -1.49%) | cum=-8.19% 2024-11=-2.93% 2024-11-05=-1.49%
[predict] 2024-11-07 08:00 TRXUSDT → LONG (proba=0.99 TP=3.1%/SL=1.6%)
[trade:open] 2024-11-07 15:59 TRXUSDT LONG @ 0.16 | SL=0.16 TP=0.17 | timeout=2024-11-14 15:59
[trade:close] 2024-11-10 15:59 TRXUSDT LONG → take_profit @ 0.17 | PnL=+3.12% (net +3.02%) | cum=-5.17% 2024-11=+0.09% 2024-11-10=+3.02%
[predict] 2024-11-12 00:00 TRXUSDT → LONG (proba=0.82 TP=3.3%/SL=1.7%)
[trade:open] 2024-11-12 07:59 TRXUSDT LONG @ 0.17 | SL=0.17 TP=0.17 | timeout=2024-11-19 07:59
[trade:close] 2024-11-12 15:59 TRXUSDT LONG → stop_loss @ 0.17 | PnL=-1.67% (net -1.77%) | cum=-6.94% 2024-11=-1.68% 2024-11-12=-1.77%
[predict] 2024-11-14 00:00 TRXUSDT → SHORT (proba=0.93 TP=7.2%/SL=3.6%)
[trade:open] 2024-11-14 07:59 TRXUSDT SHORT @ 0.18 | SL=0.19 TP=0.17 | timeout=2024-11-21 07:59
[trade:close] 2024-11-15 15:59 TRXUSDT SHORT → stop_loss @ 0.19 | PnL=-3.60% (net -3.70%) | cum=-10.64% 2024-11=-5.38% 2024-11-15=-3.70%
[predict] 2024-11-17 00:00 TRXUSDT → SHORT (proba=1.00 TP=8.5%/SL=4.3%)
[trade:open] 2024-11-17 07:59 TRXUSDT SHORT @ 0.20 | SL=0.21 TP=0.18 | timeout=2024-11-24 07:59
[trade:close] 2024-11-18 07:59 TRXUSDT SHORT → stop_loss @ 0.21 | PnL=-4.27% (net -4.37%) | cum=-15.01% 2024-11=-9.76% 2024-11-18=-4.37%
[predict] 2024-11-19 16:00 TRXUSDT → SHORT (proba=0.99 TP=8.3%/SL=4.1%)
[trade:open] 2024-11-19 23:59 TRXUSDT SHORT @ 0.20 | SL=0.21 TP=0.18 | timeout=2024-11-26 23:59
[trade:close] 2024-11-23 07:59 TRXUSDT SHORT → stop_loss @ 0.21 | PnL=-4.14% (net -4.24%) | cum=-19.25% 2024-11=-14.00% 2024-11-23=-4.24%
[predict] 2024-11-24 16:00 TRXUSDT → SHORT (proba=0.92 TP=9.2%/SL=4.6%)
[trade:open] 2024-11-24 23:59 TRXUSDT SHORT @ 0.21 | SL=0.22 TP=0.19 | timeout=2024-12-01 23:59
[trade:close] 2024-11-26 15:59 TRXUSDT SHORT → take_profit @ 0.19 | PnL=+9.16% (net +9.06%) | cum=-10.20% 2024-11=-4.94% 2024-11-26=+9.06%
[predict] 2024-11-28 00:00 TRXUSDT → SHORT (proba=0.63 TP=9.7%/SL=4.9%)
[trade:open] 2024-11-28 07:59 TRXUSDT SHORT @ 0.20 | SL=0.21 TP=0.18 | timeout=2024-12-05 07:59
[lgbm] === Training for 2024-12 ===
  Train window: 2022-12-01 → 2024-12-01
  2193 training samples from 1 symbols
  Samples per month: 2022-12: 93, 2023-01: 93, 2023-02: 84, 2023-03: 93, 2023-04: 90, 2023-05: 93, 2023-06: 90, 2023-07: 93, 2023-08: 93, 2023-09: 90, 2023-10: 93, 2023-11: 90, 2023-12: 93, 2024-01: 93, 2024-02: 87, 2024-03: 93, 2024-04: 90, 2024-05: 93, 2024-06: 90, 2024-07: 93, 2024-08: 93, 2024-09: 90, 2024-10: 93, 2024-11: 90
  [label] 2023-02-01 08:00 TRXUSDT entry=0.0618 → LONG | long=tp(+6.45%) short=sl(-3.37%) | scanned=19 | long_tp_only
  [label] 2023-02-03 16:00 TRXUSDT entry=0.0641 → LONG | long=tp(+6.16%) short=sl(-3.23%) | scanned=14 | long_tp_only
  [label] 2023-02-07 08:00 TRXUSDT entry=0.0647 → LONG | long=tp(+6.11%) short=sl(-3.21%) | scanned=3 | long_tp_only
  [label] 2023-03-04 08:00 TRXUSDT entry=0.0670 → SHORT | long=sl(-2.67%) short=tp(+5.04%) | scanned=16 | short_tp_only
  [label] 2023-04-26 08:00 TRXUSDT entry=0.0667 → SHORT | long=sl(-2.21%) short=tp(+4.12%) | scanned=1 | short_tp_only
  [label] 2023-10-11 08:00 TRXUSDT entry=0.0861 → LONG | long=tp(+3.57%) short=sl(-1.94%) | scanned=15 | long_tp_only
  [label] 2023-10-15 08:00 TRXUSDT entry=0.0855 → LONG | long=tp(+2.99%) short=sl(-1.65%) | scanned=3 | long_tp_only
  [label] 2023-10-26 00:00 TRXUSDT entry=0.0936 → LONG | long=sl(-1.96%) short=sl(-1.96%) | scanned=13 | no_tp→fwd_return=+1.5164
  [label] 2023-12-10 08:00 TRXUSDT entry=0.1080 → SHORT | long=sl(-2.31%) short=tp(+4.32%) | scanned=2 | short_tp_only
  [label] 2023-12-19 00:00 TRXUSDT entry=0.1014 → LONG | long=tp(+4.95%) short=sl(-2.63%) | scanned=14 | long_tp_only
  [label] 2024-03-19 16:00 TRXUSDT entry=0.1123 → LONG | long=tp(+6.05%) short=sl(-3.17%) | scanned=3 | long_tp_only
  [label] 2024-04-20 16:00 TRXUSDT entry=0.1110 → LONG | long=tp(+6.00%) short=sl(-3.15%) | scanned=16 | long_tp_only
  [label] 2024-05-07 00:00 TRXUSDT entry=0.1193 → LONG | long=tp(+4.07%) short=sl(-2.18%) | scanned=6 | long_tp_only
  [label] 2024-05-20 00:00 TRXUSDT entry=0.1216 → SHORT | long=sl(-1.60%) short=sl(-1.60%) | scanned=8 | no_tp→fwd_return=-1.3078
  [label] 2024-06-07 16:00 TRXUSDT entry=0.1126 → LONG | long=tp(+3.54%) short=sl(-1.92%) | scanned=5 | long_tp_only
  [label] 2024-06-14 00:00 TRXUSDT entry=0.1162 → SHORT | long=sl(-1.83%) short=tp(+3.36%) | scanned=12 | short_tp_only
  [label] 2024-06-26 08:00 TRXUSDT entry=0.1236 → LONG | long=tp(+3.11%) short=sl(-1.70%) | scanned=15 | long_tp_only
  [label] 2024-08-05 08:00 TRXUSDT entry=0.1217 → LONG | long=tp(+5.59%) short=sl(-2.94%) | scanned=14 | long_tp_only
  [label] 2024-08-15 08:00 TRXUSDT entry=0.1311 → LONG | long=tp(+3.41%) short=sl(-1.85%) | scanned=6 | long_tp_only
  [label] 2024-11-10 08:00 TRXUSDT entry=0.1658 → LONG | long=sl(-1.61%) short=sl(-1.61%) | scanned=5 | no_tp→fwd_return=+1.5079
  Labels: 1284 long (58.5%), 909 short (41.5%) | weights: min=1.01, mean=3.80, max=10.00
  Features: 2193/2193 matched, 14 columns
  CV gap: 22 rows
    [trial 0] 14 features, training_days=230 | threshold=0.779 | labels: 1284 long, 909 short (59/41%)
    [CV fold 0] train_end=2023-03-26 00:00 | val_start=2023-04-02 16:00 | gap=184h (22 rows)
    [CV fold 1] train_end=2023-07-25 16:00 | val_start=2023-08-02 08:00 | gap=184h (22 rows)
    [CV fold 2] train_end=2023-11-24 08:00 | val_start=2023-12-02 00:00 | gap=184h (22 rows)
    [CV fold 3] train_end=2024-03-25 00:00 | val_start=2024-04-01 16:00 | gap=184h (22 rows)
    [CV fold 4] train_end=2024-07-24 16:00 | val_start=2024-08-01 08:00 | gap=184h (22 rows)
    [trial 0] Sharpe=-0.0839 (folds: -0.3527, 0.0271, 0.0765, 0.0648, -0.2352)
    [trial 1] 14 features, training_days=410 | threshold=0.693 | labels: 1284 long, 909 short (59/41%)
    [trial 1] Sharpe=-0.0814 (folds: -0.4657, -0.3491, -0.1684, 0.3306, 0.2456)
    [trial 2] 14 features, training_days=270 | threshold=0.546 | labels: 1284 long, 909 short (59/41%)
    [trial 2] Sharpe=-0.0663 (folds: -0.4162, -0.0068, -0.0055, 0.1120, -0.0149)
    [trial 3] 14 features, training_days=270 | threshold=0.600 | labels: 1284 long, 909 short (59/41%)
    [trial 3] Sharpe=-0.0997 (folds: -0.3947, -0.0334, -0.1418, 0.1382, -0.0665)
    [trial 4] 14 features, training_days=390 | threshold=0.764 | labels: 1284 long, 909 short (59/41%)
    [trial 4] Sharpe=-0.0794 (folds: -0.3875, 0.0347, -0.2210, 0.2278, -0.0509)
    [trial 5] 14 features, training_days=60 | threshold=0.603 | labels: 1284 long, 909 short (59/41%)
    [trial 5] Sharpe=-0.0648 (folds: -0.2817, -0.0652, -0.0474, 0.0713, -0.0011)
    [trial 6] 14 features, training_days=290 | threshold=0.738 | labels: 1284 long, 909 short (59/41%)
    [trial 6] Sharpe=-0.1050 (folds: -0.5706, 0.0662, -0.0442, 0.0396, -0.0159)
    [trial 7] 14 features, training_days=70 | threshold=0.564 | labels: 1284 long, 909 short (59/41%)
    [trial 7] Sharpe=-0.0755 (folds: -0.5201, 0.0977, -0.0301, 0.0156, 0.0595)
    [trial 8] 14 features, training_days=440 | threshold=0.653 | labels: 1284 long, 909 short (59/41%)
    [trial 8] Sharpe=0.0285 (folds: -0.7247, 0.1196, 0.2559, 0.3716, 0.1201)
    [trial 9] 14 features, training_days=360 | threshold=0.728 | labels: 1284 long, 909 short (59/41%)
    [trial 9] Sharpe=-2.0334 (folds: -0.4539, 0.0086, -10.0000, 0.2294, 0.0487)
  Optuna: 10 trials, best Sharpe = 0.0285
  Best params: n_estimators=116, max_depth=4, lr=0.0102, leaves=115[I 2026-05-06 02:25:39,140] A new study created in memory with name: no-name-6cc7e19f-991f-4be4-9b76-590d0684b79e
