[I 2026-05-06 02:25:47,318] Trial 9 finished with value: 0.017477379368334444 and parameters: {'confidence_threshold': 0.7277571993354469, 'training_days': 360, 'n_estimators': 75, 'max_depth': 5, 'num_leaves': 41, 'learning_rate': 0.014186743931212992, 'subsample': 0.7445187273047605, 'min_child_samples': 22, 'reg_alpha': 0.02393227447113315, 'reg_lambda': 0.009236766173618426}. Best is trial 1 with value: 0.11603415412555443.

    [trial 3] Sharpe=-0.0703 (folds: -0.3165, 0.1052, -0.0157, 0.0284, -0.1530)
    [trial 4] 14 features, training_days=390 | threshold=0.764 | labels: 1245 long, 948 short (57/43%)
    [trial 4] Sharpe=-0.1173 (folds: -0.3348, -0.0172, -0.1239, 0.1138, -0.2244)
    [trial 5] 14 features, training_days=60 | threshold=0.603 | labels: 1245 long, 948 short (57/43%)
    [trial 5] Sharpe=0.0722 (folds: 0.1801, 0.1932, -0.1966, 0.1511, 0.0332)
    [trial 6] 14 features, training_days=290 | threshold=0.738 | labels: 1245 long, 948 short (57/43%)
    [trial 6] Sharpe=-0.0735 (folds: -0.2227, 0.0524, -0.0325, -0.0218, -0.1427)
    [trial 7] 14 features, training_days=70 | threshold=0.564 | labels: 1245 long, 948 short (57/43%)
    [trial 7] Sharpe=0.0290 (folds: 0.2183, 0.2595, -0.1624, 0.0900, -0.2605)
    [trial 8] 14 features, training_days=440 | threshold=0.653 | labels: 1245 long, 948 short (57/43%)
    [trial 8] Sharpe=-0.0237 (folds: -0.3026, -0.0009, -0.0699, 0.3660, -0.1110)
    [trial 9] 14 features, training_days=360 | threshold=0.728 | labels: 1245 long, 948 short (57/43%)
    [trial 9] Sharpe=-0.1590 (folds: -0.2684, 0.0081, -0.2663, 0.1208, -0.3890)
  Optuna: 10 trials, best Sharpe = 0.0722
  Best params: n_estimators=441, max_depth=3, lr=0.0450, leaves=66
  Best confidence_threshold: 0.603
  Best training_days: 60
  Retrained on full data (180 samples, 14 features)
  Model trained for 2025-03: 93 test candles with features, confidence_threshold=0.603
[trade:close] 2025-03-01 15:59 TRXUSDT LONG → take_profit @ 0.24 | PnL=+7.83% (net +7.73%) | cum=-5.16% 2025-03=+7.73% 2025-03-01=+7.73%
[predict] 2025-03-03 00:00 TRXUSDT → LONG (proba=0.94 TP=7.3%/SL=3.7%)
[trade:open] 2025-03-03 07:59 TRXUSDT LONG @ 0.24 | SL=0.23 TP=0.26 | timeout=2025-03-10 07:59
[trade:close] 2025-03-03 23:59 TRXUSDT LONG → stop_loss @ 0.23 | PnL=-3.65% (net -3.75%) | cum=-8.91% 2025-03=+3.97% 2025-03-03=-3.75%
[lgbm] === Training for 2025-04 ===
  Train window: 2023-04-01 → 2025-04-01
  2193 training samples from 1 symbols
  Samples per month: 2023-04: 90, 2023-05: 93, 2023-06: 90, 2023-07: 93, 2023-08: 93, 2023-09: 90, 2023-10: 93, 2023-11: 90, 2023-12: 93, 2024-01: 93, 2024-02: 87, 2024-03: 93, 2024-04: 90, 2024-05: 93, 2024-06: 90, 2024-07: 93, 2024-08: 93, 2024-09: 90, 2024-10: 93, 2024-11: 90, 2024-12: 93, 2025-01: 93, 2025-02: 84, 2025-03: 93
  [label] 2023-06-02 08:00 TRXUSDT entry=0.0762 → LONG | long=tp(+4.19%) short=sl(-2.25%) | scanned=1 | long_tp_only
  [label] 2023-06-04 16:00 TRXUSDT entry=0.0813 → SHORT | long=sl(-3.08%) short=tp(+5.86%) | scanned=8 | short_tp_only
  [label] 2023-06-08 08:00 TRXUSDT entry=0.0773 → SHORT | long=sl(-3.17%) short=tp(+6.04%) | scanned=4 | short_tp_only
  [label] 2023-07-03 08:00 TRXUSDT entry=0.0775 → LONG | long=timeout(-0.04%) short=sl(-2.63%) | scanned=22 | no_tp→fwd_return=+0.0645
  [label] 2023-08-25 08:00 TRXUSDT entry=0.0767 → SHORT | long=sl(-2.01%) short=timeout(+0.55%) | scanned=22 | no_tp→fwd_return=-0.6515
  [label] 2024-02-09 08:00 TRXUSDT entry=0.1232 → LONG | long=tp(+4.86%) short=sl(-2.58%) | scanned=15 | long_tp_only
  [label] 2024-02-13 08:00 TRXUSDT entry=0.1251 → LONG | long=tp(+3.82%) short=sl(-2.06%) | scanned=4 | long_tp_only
  [label] 2024-02-24 00:00 TRXUSDT entry=0.1382 → LONG | long=tp(+3.28%) short=sl(-1.79%) | scanned=11 | long_tp_only
  [label] 2024-04-09 08:00 TRXUSDT entry=0.1212 → SHORT | long=sl(-1.92%) short=sl(-1.92%) | scanned=3 | no_tp→fwd_return=-2.3095
  [label] 2024-04-18 00:00 TRXUSDT entry=0.1093 → LONG | long=sl(-3.46%) short=sl(-3.46%) | scanned=17 | no_tp→fwd_return=+3.5685
  [label] 2024-07-18 16:00 TRXUSDT entry=0.1344 → SHORT | long=sl(-1.90%) short=sl(-1.90%) | scanned=12 | no_tp→fwd_return=-1.6068
  [label] 2024-08-19 16:00 TRXUSDT entry=0.1431 → LONG | long=tp(+3.79%) short=sl(-2.04%) | scanned=2 | long_tp_only
  [label] 2024-09-05 00:00 TRXUSDT entry=0.1496 → LONG | long=timeout(+2.56%) short=sl(-2.67%) | scanned=22 | no_tp→fwd_return=+2.6597
  [label] 2024-09-18 00:00 TRXUSDT entry=0.1501 → LONG | long=timeout(-0.01%) short=sl(-1.60%) | scanned=22 | no_tp→fwd_return=+0.0933
  [label] 2024-10-06 16:00 TRXUSDT entry=0.1542 → LONG | long=tp(+2.52%) short=sl(-1.41%) | scanned=6 | long_tp_only
  [label] 2024-10-13 00:00 TRXUSDT entry=0.1627 → SHORT | long=sl(-1.50%) short=tp(+2.70%) | scanned=7 | short_tp_only
  [label] 2024-10-25 08:00 TRXUSDT entry=0.1663 → SHORT | long=sl(-1.32%) short=tp(+2.33%) | scanned=1 | short_tp_only
  [label] 2024-12-04 08:00 TRXUSDT entry=0.3515 → SHORT | long=sl(-9.37%) short=tp(+18.44%) | scanned=16 | short_tp_only
  [label] 2024-12-14 08:00 TRXUSDT entry=0.2831 → SHORT | long=sl(-9.31%) short=tp(+18.31%) | scanned=18 | short_tp_only
  [label] 2025-03-11 08:00 TRXUSDT entry=0.2239 → SHORT | long=sl(-4.15%) short=timeout(+0.10%) | scanned=22 | no_tp→fwd_return=-0.1965
  Labels: 1261 long (57.5%), 932 short (42.5%) | weights: min=1.00, mean=2.59, max=10.00
  Features: 2193/2193 matched, 14 columns
  CV gap: 22 rows
    [trial 0] 14 features, training_days=230 | threshold=0.779 | labels: 1261 long, 932 short (58/42%)
    [CV fold 0] train_end=2023-07-25 00:00 | val_start=2023-08-01 16:00 | gap=184h (22 rows)
    [CV fold 1] train_end=2023-11-23 16:00 | val_start=2023-12-01 08:00 | gap=184h (22 rows)
    [CV fold 2] train_end=2024-03-24 08:00 | val_start=2024-04-01 00:00 | gap=184h (22 rows)
    [CV fold 3] train_end=2024-07-24 00:00 | val_start=2024-07-31 16:00 | gap=184h (22 rows)
    [CV fold 4] train_end=2024-11-22 16:00 | val_start=2024-11-30 08:00 | gap=184h (22 rows)
    [trial 0] Sharpe=-0.0420 (folds: 0.1660, 0.0535, 0.0219, -0.2381, -0.2136)
    [trial 1] 14 features, training_days=410 | threshold=0.693 | labels: 1261 long, 932 short (58/42%)
    [trial 1] Sharpe=0.1160 (folds: 0.2958, -0.0238, 0.2409, 0.2506, -0.1833)
    [trial 2] 14 features, training_days=270 | threshold=0.546 | labels: 1261 long, 932 short (58/42%)
    [trial 2] Sharpe=-0.0060 (folds: 0.1761, -0.0308, 0.0701, 0.0249, -0.2703)
    [trial 3] 14 features, training_days=270 | threshold=0.600 | labels: 1261 long, 932 short (58/42%)
    [trial 3] Sharpe=-0.0399 (folds: 0.1109, -0.0239, 0.1180, -0.1346, -0.2698)
    [trial 4] 14 features, training_days=390 | threshold=0.764 | labels: 1261 long, 932 short (58/42%)
    [trial 4] Sharpe=0.0321 (folds: 0.1894, -0.0140, 0.1889, 0.0290, -0.2327)
    [trial 5] 14 features, training_days=60 | threshold=0.603 | labels: 1261 long, 932 short (58/42%)
    [trial 5] Sharpe=-0.0464 (folds: -0.1036, 0.0215, 0.0526, -0.0134, -0.1890)
    [trial 6] 14 features, training_days=290 | threshold=0.738 | labels: 1261 long, 932 short (58/42%)
    [trial 6] Sharpe=-0.0228 (folds: 0.1379, -0.0187, 0.0565, -0.0388, -0.2508)
    [trial 7] 14 features, training_days=70 | threshold=0.564 | labels: 1261 long, 932 short (58/42%)
    [trial 7] Sharpe=-0.0101 (folds: 0.1308, 0.0242, 0.0590, -0.0635, -0.2012)
    [trial 8] 14 features, training_days=440 | threshold=0.653 | labels: 1261 long, 932 short (58/42%)
    [trial 8] Sharpe=0.0892 (folds: 0.2103, 0.0764, 0.2238, 0.1567, -0.2214)
    [trial 9] 14 features, training_days=360 | threshold=0.728 | labels: 1261 long, 932 short (58/42%)
    [trial 9] Sharpe=0.0175 (folds: 0.3452, 0.0616, 0.0508, 0.0336, -0.4038)
  Optuna: 10 trials, best Sharpe = 0.1160
  Best params: n_estimators=233, max_depth=5, lr=0.0137, leaves=108
  Best confidence_threshold: 0.693
  Best training_days: 410
  Retrained on full data (1230 samples, 14 features)
  Model trained for 2025-04: 90 test candles with features, confidence_threshold=0.693
[lgbm] === Training for 2025-05 ===
  Train window: 2023-05-01 → 2025-05-01
  2193 training samples from 1 symbols
  Samples per month: 2023-05: 93, 2023-06: 90, 2023-07: 93, 2023-08: 93, 2023-09: 90, 2023-10: 93, 2023-11: 90, 2023-12: 93, 2024-01: 93, 2024-02: 87, 2024-03: 93, 2024-04: 90, 2024-05: 93, 2024-06: 90, 2024-07: 93, 2024-08: 93, 2024-09: 90, 2024-10: 93, 2024-11: 90, 2024-12: 93, 2025-01: 93, 2025-02: 84, 2025-03: 93, 2025-04: 90
  [label] 2023-07-02 08:00 TRXUSDT entry=0.0757 → LONG | long=tp(+5.26%) short=sl(-2.78%) | scanned=19 | long_tp_only[I 2026-05-06 02:25:47,777] A new study created in memory with name: no-name-536ff319-06d5-4426-90dc-3a61f49ab79a
[I 2026-05-06 02:25:48,053] Trial 0 finished with value: -0.04071697062566866 and parameters: {'confidence_threshold': 0.7790993046299082, 'training_days': 230, 'n_estimators': 295, 'max_depth': 5, 'num_leaves': 83, 'learning_rate': 0.051543455158230854, 'subsample': 0.8773243492079463, 'min_child_samples': 10, 'reg_alpha': 0.034096514368237685, 'reg_lambda': 3.154180388637081e-05}. Best is trial 0 with value: -0.04071697062566866.
[I 2026-05-06 02:25:48,196] Trial 1 finished with value: -0.055200779317894424 and parameters: {'confidence_threshold': 0.6929247853618086, 'training_days': 410, 'n_estimators': 233, 'max_depth': 5, 'num_leaves': 108, 'learning_rate': 0.013724237108071606, 'subsample': 0.7013182233636002, 'min_child_samples': 94, 'reg_alpha': 2.4040959529260723e-06, 'reg_lambda': 5.320966582161148}. Best is trial 0 with value: -0.04071697062566866.
[I 2026-05-06 02:25:48,268] Trial 2 finished with value: -0.00020395712878785167 and parameters: {'confidence_threshold': 0.546341527225763, 'training_days': 270, 'n_estimators': 120, 'max_depth': 4, 'num_leaves': 53, 'learning_rate': 0.060197068579343475, 'subsample': 0.588227873455941, 'min_child_samples': 91, 'reg_alpha': 2.3457771824819002e-08, 'reg_lambda': 1.1358840775642732e-08}. Best is trial 2 with value: -0.00020395712878785167.
[I 2026-05-06 02:25:48,458] Trial 3 finished with value: -0.061320908873997326 and parameters: {'confidence_threshold': 0.6000319676300473, 'training_days': 270, 'n_estimators': 382, 'max_depth': 4, 'num_leaves': 44, 'learning_rate': 0.09185046765032388, 'subsample': 0.6743651508646724, 'min_child_samples': 77, 'reg_alpha': 0.0013974578104212739, 'reg_lambda': 8.97190257982477e-08}. Best is trial 2 with value: -0.00020395712878785167.
[I 2026-05-06 02:25:48,855] Trial 4 finished with value: -0.08487939308197394 and parameters: {'confidence_threshold': 0.7642618789055509, 'training_days': 390, 'n_estimators': 464, 'max_depth': 5, 'num_leaves': 30, 'learning_rate': 0.024562383309704932, 'subsample': 0.8612975035964376, 'min_child_samples': 36, 'reg_alpha': 1.593999300080167, 'reg_lambda': 0.006081270362829788}. Best is trial 2 with value: -0.00020395712878785167.
[I 2026-05-06 02:25:49,005] Trial 5 finished with value: -0.09618262462611447 and parameters: {'confidence_threshold': 0.6029115860358569, 'training_days': 60, 'n_estimators': 441, 'max_depth': 3, 'num_leaves': 66, 'learning_rate': 0.044953114425778824, 'subsample': 0.7098948461279406, 'min_child_samples': 15, 'reg_alpha': 4.888753565548431e-07, 'reg_lambda': 4.198190642566389}. Best is trial 2 with value: -0.00020395712878785167.
[I 2026-05-06 02:25:49,260] Trial 6 finished with value: -0.048765997073181154 and parameters: {'confidence_threshold': 0.7376932868314098, 'training_days': 290, 'n_estimators': 249, 'max_depth': 5, 'num_leaves': 121, 'learning_rate': 0.015565840632862623, 'subsample': 0.8390183783709677, 'min_child_samples': 19, 'reg_alpha': 1.860444687368747e-08, 'reg_lambda': 2.7391483548058117e-06}. Best is trial 2 with value: -0.00020395712878785167.
[I 2026-05-06 02:25:49,303] Trial 7 finished with value: -0.1553927106968615 and parameters: {'confidence_threshold': 0.563503962036334, 'training_days': 70, 'n_estimators': 63, 'max_depth': 3, 'num_leaves': 47, 'learning_rate': 0.18074927623018475, 'subsample': 0.5059692991701257, 'min_child_samples': 9, 'reg_alpha': 3.6945804405602874e-08, 'reg_lambda': 0.027706035542028905}. Best is trial 2 with value: -0.00020395712878785167.
[I 2026-05-06 02:25:49,392] Trial 8 finished with value: -0.01231580337921185 and parameters: {'confidence_threshold': 0.6525471176758836, 'training_days': 440, 'n_estimators': 116, 'max_depth': 4, 'num_leaves': 115, 'learning_rate': 0.010229952960863938, 'subsample': 0.5062159465415076, 'min_child_samples': 54, 'reg_alpha': 6.790626457822126e-06, 'reg_lambda': 1.7869141074987722e-05}. Best is trial 2 with value: -0.00020395712878785167.
[I 2026-05-06 02:25:49,476] Trial 9 finished with value: 0.058896954601747285 and parameters: {'confidence_threshold': 0.7277571993354469, 'training_days': 360, 'n_estimators': 75, 'max_depth': 5, 'num_leaves': 41, 'learning_rate': 0.014186743931212992, 'subsample': 0.7445187273047605, 'min_child_samples': 22, 'reg_alpha': 0.02393227447113315, 'reg_lambda': 0.009236766173618426}. Best is trial 9 with value: 0.058896954601747285.

  [label] 2023-07-04 16:00 TRXUSDT entry=0.0770 → LONG | long=timeout(+0.32%) short=sl(-2.50%) | scanned=22 | no_tp→fwd_return=+0.4157
  [label] 2023-07-08 08:00 TRXUSDT entry=0.0793 → LONG | long=sl(-2.36%) short=sl(-2.36%) | scanned=16 | no_tp→fwd_return=+3.1037
  [label] 2023-08-02 08:00 TRXUSDT entry=0.0766 → SHORT | long=timeout(-0.41%) short=timeout(+0.21%) | scanned=22 | no_tp→fwd_return=-0.3132
  [label] 2023-09-24 08:00 TRXUSDT entry=0.0840 → LONG | long=tp(+2.98%) short=sl(-1.64%) | scanned=13 | long_tp_only
  [label] 2024-03-10 08:00 TRXUSDT entry=0.1346 → SHORT | long=sl(-1.72%) short=tp(+3.14%) | scanned=7 | short_tp_only
  [label] 2024-03-14 08:00 TRXUSDT entry=0.1288 → SHORT | long=sl(-1.97%) short=tp(+3.64%) | scanned=8 | short_tp_only
  [label] 2024-03-25 00:00 TRXUSDT entry=0.1173 → LONG | long=timeout(+3.65%) short=sl(-3.59%) | scanned=22 | no_tp→fwd_return=+3.7501
  [label] 2024-05-09 08:00 TRXUSDT entry=0.1265 → SHORT | long=timeout(-0.99%) short=timeout(+0.79%) | scanned=22 | no_tp→fwd_return=-0.8935
  [label] 2024-05-18 00:00 TRXUSDT entry=0.1242 → SHORT | long=sl(-1.61%) short=tp(+2.93%) | scanned=4 | short_tp_only
  [label] 2024-08-17 16:00 TRXUSDT entry=0.1348 → LONG | long=tp(+3.35%) short=sl(-1.82%) | scanned=5 | long_tp_only
  [label] 2024-09-18 16:00 TRXUSDT entry=0.1494 → LONG | long=timeout(+0.23%) short=sl(-1.56%) | scanned=22 | no_tp→fwd_return=+0.3280
  [label] 2024-10-05 00:00 TRXUSDT entry=0.1544 → LONG | long=tp(+2.77%) short=sl(-1.54%) | scanned=11 | long_tp_only
  [label] 2024-10-18 00:00 TRXUSDT entry=0.1590 → LONG | long=sl(-1.37%) short=sl(-1.37%) | scanned=18 | no_tp→fwd_return=+2.5844
  [label] 2024-11-05 16:00 TRXUSDT entry=0.1600 → LONG | long=tp(+2.78%) short=sl(-1.54%) | scanned=13 | long_tp_only
  [label] 2024-11-12 00:00 TRXUSDT entry=0.1683 → LONG | long=sl(-1.77%) short=sl(-1.77%) | scanned=1 | no_tp→fwd_return=+6.6611
  [label] 2024-11-24 08:00 TRXUSDT entry=0.2017 → SHORT | long=sl(-4.77%) short=sl(-4.77%) | scanned=6 | no_tp→fwd_return=-5.5288
  [label] 2025-01-03 08:00 TRXUSDT entry=0.2681 → SHORT | long=sl(-3.59%) short=tp(+6.87%) | scanned=14 | short_tp_only
  [label] 2025-01-13 08:00 TRXUSDT entry=0.2228 → LONG | long=tp(+7.96%) short=sl(-4.13%) | scanned=9 | long_tp_only
  [label] 2025-04-10 08:00 TRXUSDT entry=0.2350 → LONG | long=tp(+6.26%) short=sl(-3.28%) | scanned=6 | long_tp_only
  Labels: 1258 long (57.4%), 935 short (42.6%) | weights: min=1.00, mean=2.60, max=10.00
  Features: 2193/2193 matched, 14 columns
  CV gap: 22 rows
    [trial 0] 14 features, training_days=230 | threshold=0.779 | labels: 1258 long, 935 short (57/43%)
    [CV fold 0] train_end=2023-08-24 00:00 | val_start=2023-08-31 16:00 | gap=184h (22 rows)
    [CV fold 1] train_end=2023-12-23 16:00 | val_start=2023-12-31 08:00 | gap=184h (22 rows)
    [CV fold 2] train_end=2024-04-23 08:00 | val_start=2024-05-01 00:00 | gap=184h (22 rows)
    [CV fold 3] train_end=2024-08-23 00:00 | val_start=2024-08-30 16:00 | gap=184h (22 rows)
    [CV fold 4] train_end=2024-12-22 16:00 | val_start=2024-12-30 08:00 | gap=184h (22 rows)
    [trial 0] Sharpe=-0.0407 (folds: 0.0640, -0.1091, 0.0313, -0.0538, -0.1360)
    [trial 1] 14 features, training_days=410 | threshold=0.693 | labels: 1258 long, 935 short (57/43%)
    [trial 1] Sharpe=-0.0552 (folds: -0.1492, -0.1028, 0.1548, -0.0943, -0.0844)
    [trial 2] 14 features, training_days=270 | threshold=0.546 | labels: 1258 long, 935 short (57/43%)
    [trial 2] Sharpe=-0.0002 (folds: 0.1153, -0.1242, 0.1767, -0.0346, -0.1342)
    [trial 3] 14 features, training_days=270 | threshold=0.600 | labels: 1258 long, 935 short (57/43%)
    [trial 3] Sharpe=-0.0613 (folds: -0.0388, -0.1841, 0.1389, -0.0910, -0.1315)
    [trial 4] 14 features, training_days=390 | threshold=0.764 | labels: 1258 long, 935 short (57/43%)
    [trial 4] Sharpe=-0.0849 (folds: 0.0280, -0.1822, 0.0855, -0.2908, -0.0650)
    [trial 5] 14 features, training_days=60 | threshold=0.603 | labels: 1258 long, 935 short (57/43%)
    [trial 5] Sharpe=-0.0962 (folds: -0.0070, -0.3539, 0.1298, -0.1319, -0.1178)
    [trial 6] 14 features, training_days=290 | threshold=0.738 | labels: 1258 long, 935 short (57/43%)
    [trial 6] Sharpe=-0.0488 (folds: -0.0148, -0.0169, 0.0575, -0.1859, -0.0837)
    [trial 7] 14 features, training_days=70 | threshold=0.564 | labels: 1258 long, 935 short (57/43%)
    [trial 7] Sharpe=-0.1554 (folds: -0.0741, -0.3814, -0.0218, -0.1704, -0.1293)
    [trial 8] 14 features, training_days=440 | threshold=0.653 | labels: 1258 long, 935 short (57/43%)
    [trial 8] Sharpe=-0.0123 (folds: 0.0481, 0.1093, 0.1487, -0.3668, -0.0010)
    [trial 9] 14 features, training_days=360 | threshold=0.728 | labels: 1258 long, 935 short (57/43%)
    [trial 9] Sharpe=0.0589 (folds: 0.0954, 0.2902, 0.0732, -0.0677, -0.0966)
  Optuna: 10 trials, best Sharpe = 0.0589
  Best params: n_estimators=75, max_depth=5, lr=0.0142, leaves=41
  Best confidence_threshold: 0.728
  Best training_days: 360
  Retrained on full data (1080 samples, 14 features)
  Model trained for 2025-05: 93 test candles with features, confidence_threshold=0.728
[lgbm] === Training for 2025-06 ===
  Train window: 2023-06-01 → 2025-06-01
  2193 training samples from 1 symbols
  Samples per month: 2023-06: 90, 2023-07: 93, 2023-08: 93, 2023-09: 90, 2023-10: 93, 2023-11: 90, 2023-12: 93, 2024-01: 93, 2024-02: 87, 2024-03: 93, 2024-04: 90, 2024-05: 93, 2024-06: 90, 2024-07: 93, 2024-08: 93, 2024-09: 90, 2024-10: 93, 2024-11: 90, 2024-12: 93, 2025-01: 93, 2025-02: 84, 2025-03: 93, 2025-04: 90, 2025-05: 93
  [label] 2023-08-02 08:00 TRXUSDT entry=0.0766 → SHORT | long=timeout(-0.41%) short=timeout(+0.21%) | scanned=22 | no_tp→fwd_return=-0.3132
  [label] 2023-08-04 16:00 TRXUSDT entry=0.0767 → LONG | long=timeout(+0.50%) short=timeout(-0.70%) | scanned=22 | no_tp→fwd_return=+0.5994
  [label] 2023-08-08 08:00 TRXUSDT entry=0.0767 → LONG | long=timeout(+0.50%) short=timeout(-0.70%) | scanned=22 | no_tp→fwd_return=+0.5997
  [label] 2023-09-02 08:00 TRXUSDT entry=0.0768 → LONG | long=timeout(+2.54%) short=sl(-1.84%) | scanned=22 | no_tp→fwd_return=+2.6422
  [label] 2023-10-25 08:00 TRXUSDT entry=0.0939 → LONG | long=sl(-1.98%) short=sl(-1.98%) | scanned=16 | no_tp→fwd_return=+1.8434
  [label] 2024-04-10 08:00 TRXUSDT entry=0.1184 → SHORT | long=sl(-2.35%) short=sl(-2.35%) | scanned=7 | no_tp→fwd_return=-3.0395
  [label] 2024-04-14 08:00 TRXUSDT entry=0.1109 → SHORT | long=sl(-3.25%) short=sl(-3.25%) | scanned=12 | no_tp→fwd_return=-1.6683
  [label] 2024-04-25 00:00 TRXUSDT entry=0.1140 → LONG | long=tp(+4.48%) short=sl(-2.39%) | scanned=4 | long_tp_only
  [label] 2024-06-09 08:00 TRXUSDT entry=0.1165 → SHORT | long=timeout(-0.76%) short=timeout(+0.56%) | scanned=22 | no_tp→fwd_return=-0.6610
  [label] 2024-06-18 00:00 TRXUSDT entry=0.1151 → LONG | long=tp(+3.75%) short=sl(-2.03%) | scanned=13 | long_tp_only
  [label] 2024-09-17 16:00 TRXUSDT entry=0.1499 → LONG | long=timeout(+0.69%) short=sl(-1.64%) | scanned=22 | no_tp→fwd_return=+0.7937
  [label] 2024-10-19 16:00 TRXUSDT entry=0.1567 → LONG | long=tp(+2.35%) short=sl(-1.32%) | scanned=9 | long_tp_only
  [label] 2024-11-05 00:00 TRXUSDT entry=0.1623 → LONG | long=sl(-1.48%) short=sl(-1.48%) | scanned=15 | no_tp→fwd_return=+1.4484
  [label] 2024-11-18 00:00 TRXUSDT entry=0.2046 → LONG | long=sl(-4.16%) short=sl(-4.16%) | scanned=16 | no_tp→fwd_return=+6.7120
  [label] 2024-12-06 16:00 TRXUSDT entry=0.3258 → SHORT | long=sl(-10.05%) short=tp(+19.79%) | scanned=9 | short_tp_only
  [label] 2024-12-13 00:00 TRXUSDT entry=0.2863 → SHORT | long=sl(-10.08%) short=timeout(+12.78%) | scanned=22 | no_tp→fwd_return=-12.8772
  [label] 2024-12-25 08:00 TRXUSDT entry=0.2565 → SHORT | long=timeout(-0.65%) short=timeout(+0.45%) | scanned=22 | no_tp→fwd_return=-0.5497
  [label] 2025-02-03 08:00 TRXUSDT entry=0.2253 → LONG | long=timeout(+6.07%) short=sl(-5.33%) | scanned=22 | no_tp→fwd_return=+6.1662
  [label] 2025-02-13 08:00 TRXUSDT entry=0.2362 → LONG | long=timeout(+2.04%) short=sl(-3.94%) | scanned=22 | no_tp→fwd_return=+2.1379[I 2026-05-06 02:25:49,921] A new study created in memory with name: no-name-25145aa6-ff41-4629-b56e-b388ccb23668
[I 2026-05-06 02:25:50,205] Trial 0 finished with value: 0.0006694949726530504 and parameters: {'confidence_threshold': 0.7790993046299082, 'training_days': 230, 'n_estimators': 295, 'max_depth': 5, 'num_leaves': 83, 'learning_rate': 0.051543455158230854, 'subsample': 0.8773243492079463, 'min_child_samples': 10, 'reg_alpha': 0.034096514368237685, 'reg_lambda': 3.154180388637081e-05}. Best is trial 0 with value: 0.0006694949726530504.
