[I 2026-05-06 02:25:50,366] Trial 1 finished with value: -0.03129172359792585 and parameters: {'confidence_threshold': 0.6929247853618086, 'training_days': 410, 'n_estimators': 233, 'max_depth': 5, 'num_leaves': 108, 'learning_rate': 0.013724237108071606, 'subsample': 0.7013182233636002, 'min_child_samples': 94, 'reg_alpha': 2.4040959529260723e-06, 'reg_lambda': 5.320966582161148}. Best is trial 0 with value: 0.0006694949726530504.
[I 2026-05-06 02:25:50,433] Trial 2 finished with value: -0.022984333342685175 and parameters: {'confidence_threshold': 0.546341527225763, 'training_days': 270, 'n_estimators': 120, 'max_depth': 4, 'num_leaves': 53, 'learning_rate': 0.060197068579343475, 'subsample': 0.588227873455941, 'min_child_samples': 91, 'reg_alpha': 2.3457771824819002e-08, 'reg_lambda': 1.1358840775642732e-08}. Best is trial 0 with value: 0.0006694949726530504.
[I 2026-05-06 02:25:50,602] Trial 3 finished with value: -0.019808484475296415 and parameters: {'confidence_threshold': 0.6000319676300473, 'training_days': 270, 'n_estimators': 382, 'max_depth': 4, 'num_leaves': 44, 'learning_rate': 0.09185046765032388, 'subsample': 0.6743651508646724, 'min_child_samples': 77, 'reg_alpha': 0.0013974578104212739, 'reg_lambda': 8.97190257982477e-08}. Best is trial 0 with value: 0.0006694949726530504.
[I 2026-05-06 02:25:50,991] Trial 4 finished with value: -0.05370088330543005 and parameters: {'confidence_threshold': 0.7642618789055509, 'training_days': 390, 'n_estimators': 464, 'max_depth': 5, 'num_leaves': 30, 'learning_rate': 0.024562383309704932, 'subsample': 0.8612975035964376, 'min_child_samples': 36, 'reg_alpha': 1.593999300080167, 'reg_lambda': 0.006081270362829788}. Best is trial 0 with value: 0.0006694949726530504.
[I 2026-05-06 02:25:51,152] Trial 5 finished with value: -0.12036282992284189 and parameters: {'confidence_threshold': 0.6029115860358569, 'training_days': 60, 'n_estimators': 441, 'max_depth': 3, 'num_leaves': 66, 'learning_rate': 0.044953114425778824, 'subsample': 0.7098948461279406, 'min_child_samples': 15, 'reg_alpha': 4.888753565548431e-07, 'reg_lambda': 4.198190642566389}. Best is trial 0 with value: 0.0006694949726530504.
[I 2026-05-06 02:25:51,403] Trial 6 finished with value: -0.035009193104210024 and parameters: {'confidence_threshold': 0.7376932868314098, 'training_days': 290, 'n_estimators': 249, 'max_depth': 5, 'num_leaves': 121, 'learning_rate': 0.015565840632862623, 'subsample': 0.8390183783709677, 'min_child_samples': 19, 'reg_alpha': 1.860444687368747e-08, 'reg_lambda': 2.7391483548058117e-06}. Best is trial 0 with value: 0.0006694949726530504.
[I 2026-05-06 02:25:51,442] Trial 7 finished with value: -0.0965977193350877 and parameters: {'confidence_threshold': 0.563503962036334, 'training_days': 70, 'n_estimators': 63, 'max_depth': 3, 'num_leaves': 47, 'learning_rate': 0.18074927623018475, 'subsample': 0.5059692991701257, 'min_child_samples': 9, 'reg_alpha': 3.6945804405602874e-08, 'reg_lambda': 0.027706035542028905}. Best is trial 0 with value: 0.0006694949726530504.
[I 2026-05-06 02:25:51,534] Trial 8 finished with value: 0.08035563565946122 and parameters: {'confidence_threshold': 0.6525471176758836, 'training_days': 440, 'n_estimators': 116, 'max_depth': 4, 'num_leaves': 115, 'learning_rate': 0.010229952960863938, 'subsample': 0.5062159465415076, 'min_child_samples': 54, 'reg_alpha': 6.790626457822126e-06, 'reg_lambda': 1.7869141074987722e-05}. Best is trial 8 with value: 0.08035563565946122.
[I 2026-05-06 02:25:51,632] Trial 9 finished with value: -2.104919531248229 and parameters: {'confidence_threshold': 0.7277571993354469, 'training_days': 360, 'n_estimators': 75, 'max_depth': 5, 'num_leaves': 41, 'learning_rate': 0.014186743931212992, 'subsample': 0.7445187273047605, 'min_child_samples': 22, 'reg_alpha': 0.02393227447113315, 'reg_lambda': 0.009236766173618426}. Best is trial 8 with value: 0.08035563565946122.
[I 2026-05-06 02:25:52,074] A new study created in memory with name: no-name-b95c0399-67c0-474c-adc6-7fa091a8a80c
[I 2026-05-06 02:25:52,345] Trial 0 finished with value: -0.0220510218351943 and parameters: {'confidence_threshold': 0.7790993046299082, 'training_days': 230, 'n_estimators': 295, 'max_depth': 5, 'num_leaves': 83, 'learning_rate': 0.051543455158230854, 'subsample': 0.8773243492079463, 'min_child_samples': 10, 'reg_alpha': 0.034096514368237685, 'reg_lambda': 3.154180388637081e-05}. Best is trial 0 with value: -0.0220510218351943.
[I 2026-05-06 02:25:52,484] Trial 1 finished with value: 0.0987883764519911 and parameters: {'confidence_threshold': 0.6929247853618086, 'training_days': 410, 'n_estimators': 233, 'max_depth': 5, 'num_leaves': 108, 'learning_rate': 0.013724237108071606, 'subsample': 0.7013182233636002, 'min_child_samples': 94, 'reg_alpha': 2.4040959529260723e-06, 'reg_lambda': 5.320966582161148}. Best is trial 1 with value: 0.0987883764519911.
[I 2026-05-06 02:25:52,552] Trial 2 finished with value: -0.01679944964990272 and parameters: {'confidence_threshold': 0.546341527225763, 'training_days': 270, 'n_estimators': 120, 'max_depth': 4, 'num_leaves': 53, 'learning_rate': 0.060197068579343475, 'subsample': 0.588227873455941, 'min_child_samples': 91, 'reg_alpha': 2.3457771824819002e-08, 'reg_lambda': 1.1358840775642732e-08}. Best is trial 1 with value: 0.0987883764519911.
[I 2026-05-06 02:25:52,731] Trial 3 finished with value: 0.01558569513127198 and parameters: {'confidence_threshold': 0.6000319676300473, 'training_days': 270, 'n_estimators': 382, 'max_depth': 4, 'num_leaves': 44, 'learning_rate': 0.09185046765032388, 'subsample': 0.6743651508646724, 'min_child_samples': 77, 'reg_alpha': 0.0013974578104212739, 'reg_lambda': 8.97190257982477e-08}. Best is trial 1 with value: 0.0987883764519911.
[I 2026-05-06 02:25:53,107] Trial 4 finished with value: 0.06342061161532149 and parameters: {'confidence_threshold': 0.7642618789055509, 'training_days': 390, 'n_estimators': 464, 'max_depth': 5, 'num_leaves': 30, 'learning_rate': 0.024562383309704932, 'subsample': 0.8612975035964376, 'min_child_samples': 36, 'reg_alpha': 1.593999300080167, 'reg_lambda': 0.006081270362829788}. Best is trial 1 with value: 0.0987883764519911.
[I 2026-05-06 02:25:53,253] Trial 5 finished with value: -0.015813475372201503 and parameters: {'confidence_threshold': 0.6029115860358569, 'training_days': 60, 'n_estimators': 441, 'max_depth': 3, 'num_leaves': 66, 'learning_rate': 0.044953114425778824, 'subsample': 0.7098948461279406, 'min_child_samples': 15, 'reg_alpha': 4.888753565548431e-07, 'reg_lambda': 4.198190642566389}. Best is trial 1 with value: 0.0987883764519911.
[I 2026-05-06 02:25:53,488] Trial 6 finished with value: 0.010677409539823279 and parameters: {'confidence_threshold': 0.7376932868314098, 'training_days': 290, 'n_estimators': 249, 'max_depth': 5, 'num_leaves': 121, 'learning_rate': 0.015565840632862623, 'subsample': 0.8390183783709677, 'min_child_samples': 19, 'reg_alpha': 1.860444687368747e-08, 'reg_lambda': 2.7391483548058117e-06}. Best is trial 1 with value: 0.0987883764519911.

  [label] 2025-05-11 08:00 TRXUSDT entry=0.2606 → LONG | long=tp(+4.99%) short=sl(-2.65%) | scanned=3 | long_tp_only
  Labels: 1261 long (57.5%), 932 short (42.5%) | weights: min=1.00, mean=2.60, max=10.00
  Features: 2193/2193 matched, 14 columns
  CV gap: 22 rows
    [trial 0] 14 features, training_days=230 | threshold=0.779 | labels: 1261 long, 932 short (58/42%)
    [CV fold 0] train_end=2023-09-24 00:00 | val_start=2023-10-01 16:00 | gap=184h (22 rows)
    [CV fold 1] train_end=2024-01-23 16:00 | val_start=2024-01-31 08:00 | gap=184h (22 rows)
    [CV fold 2] train_end=2024-05-24 08:00 | val_start=2024-06-01 00:00 | gap=184h (22 rows)
    [CV fold 3] train_end=2024-09-23 00:00 | val_start=2024-09-30 16:00 | gap=184h (22 rows)
    [CV fold 4] train_end=2025-01-22 16:00 | val_start=2025-01-30 08:00 | gap=184h (22 rows)
    [trial 0] Sharpe=0.0007 (folds: 0.2664, -0.1689, 0.0769, -0.1579, -0.0132)
    [trial 1] 14 features, training_days=410 | threshold=0.693 | labels: 1261 long, 932 short (58/42%)
    [trial 1] Sharpe=-0.0313 (folds: -0.0103, -0.2323, 0.2501, -0.2250, 0.0609)
    [trial 2] 14 features, training_days=270 | threshold=0.546 | labels: 1261 long, 932 short (58/42%)
    [trial 2] Sharpe=-0.0230 (folds: 0.1923, -0.2162, 0.0816, -0.2020, 0.0293)
    [trial 3] 14 features, training_days=270 | threshold=0.600 | labels: 1261 long, 932 short (58/42%)
    [trial 3] Sharpe=-0.0198 (folds: 0.1540, -0.2556, 0.2369, -0.2070, -0.0273)
    [trial 4] 14 features, training_days=390 | threshold=0.764 | labels: 1261 long, 932 short (58/42%)
    [trial 4] Sharpe=-0.0537 (folds: 0.2388, -0.3336, 0.0273, -0.2443, 0.0433)
    [trial 5] 14 features, training_days=60 | threshold=0.603 | labels: 1261 long, 932 short (58/42%)
    [trial 5] Sharpe=-0.1204 (folds: -0.0496, -0.2008, -0.0367, -0.2671, -0.0475)
    [trial 6] 14 features, training_days=290 | threshold=0.738 | labels: 1261 long, 932 short (58/42%)
    [trial 6] Sharpe=-0.0350 (folds: 0.2770, -0.2888, 0.1432, -0.3228, 0.0164)
    [trial 7] 14 features, training_days=70 | threshold=0.564 | labels: 1261 long, 932 short (58/42%)
    [trial 7] Sharpe=-0.0966 (folds: -0.0553, -0.2139, -0.0380, -0.1779, 0.0020)
    [trial 8] 14 features, training_days=440 | threshold=0.653 | labels: 1261 long, 932 short (58/42%)
    [trial 8] Sharpe=0.0804 (folds: 0.2616, -0.0695, 0.2316, 0.0665, -0.0884)
    [trial 9] 14 features, training_days=360 | threshold=0.728 | labels: 1261 long, 932 short (58/42%)
    [trial 9] Sharpe=-2.1049 (folds: 0.1959, -0.0945, -10.0000, -0.5759, -0.0501)
  Optuna: 10 trials, best Sharpe = 0.0804
  Best params: n_estimators=116, max_depth=4, lr=0.0102, leaves=115
  Best confidence_threshold: 0.653
  Best training_days: 440
  Retrained on full data (1320 samples, 14 features)
  Model trained for 2025-06: 90 test candles with features, confidence_threshold=0.653
[predict] 2025-06-15 08:00 TRXUSDT → LONG (proba=0.71 TP=5.1%/SL=2.6%)
[trade:open] 2025-06-15 15:59 TRXUSDT LONG @ 0.27 | SL=0.27 TP=0.29 | timeout=2025-06-22 15:59
[trade:close] 2025-06-16 15:59 TRXUSDT LONG → take_profit @ 0.29 | PnL=+5.10% (net +5.00%) | cum=-3.91% 2025-06=+5.00% 2025-06-16=+5.00%
[lgbm] === Training for 2025-07 ===
  Train window: 2023-07-01 → 2025-07-01
  2193 training samples from 1 symbols
  Samples per month: 2023-07: 93, 2023-08: 93, 2023-09: 90, 2023-10: 93, 2023-11: 90, 2023-12: 93, 2024-01: 93, 2024-02: 87, 2024-03: 93, 2024-04: 90, 2024-05: 93, 2024-06: 90, 2024-07: 93, 2024-08: 93, 2024-09: 90, 2024-10: 93, 2024-11: 90, 2024-12: 93, 2025-01: 93, 2025-02: 84, 2025-03: 93, 2025-04: 90, 2025-05: 93, 2025-06: 90
  [label] 2023-09-01 08:00 TRXUSDT entry=0.0762 → LONG | long=tp(+3.48%) short=sl(-1.89%) | scanned=17 | long_tp_only
  [label] 2023-09-03 16:00 TRXUSDT entry=0.0770 → LONG | long=tp(+3.07%) short=sl(-1.69%) | scanned=13 | long_tp_only
  [label] 2023-09-07 08:00 TRXUSDT entry=0.0790 → LONG | long=sl(-1.55%) short=sl(-1.55%) | scanned=15 | no_tp→fwd_return=+3.9635
  [label] 2023-10-02 08:00 TRXUSDT entry=0.0883 → LONG | long=sl(-1.76%) short=sl(-1.76%) | scanned=4 | no_tp→fwd_return=+2.5243
  [label] 2023-11-24 08:00 TRXUSDT entry=0.1030 → LONG | long=tp(+5.21%) short=sl(-2.75%) | scanned=4 | long_tp_only
  [label] 2024-05-10 08:00 TRXUSDT entry=0.1260 → SHORT | long=timeout(-0.94%) short=timeout(+0.74%) | scanned=22 | no_tp→fwd_return=-0.8411
  [label] 2024-05-14 08:00 TRXUSDT entry=0.1252 → SHORT | long=sl(-1.80%) short=tp(+3.30%) | scanned=15 | short_tp_only
  [label] 2024-05-25 00:00 TRXUSDT entry=0.1150 → SHORT | long=sl(-2.14%) short=tp(+3.98%) | scanned=9 | short_tp_only
  [label] 2024-07-09 08:00 TRXUSDT entry=0.1292 → LONG | long=tp(+4.32%) short=sl(-2.31%) | scanned=6 | long_tp_only
  [label] 2024-07-18 00:00 TRXUSDT entry=0.1336 → SHORT | long=sl(-1.94%) short=sl(-1.94%) | scanned=15 | no_tp→fwd_return=-1.4896
  [label] 2024-10-17 16:00 TRXUSDT entry=0.1593 → SHORT | long=sl(-1.40%) short=tp(+2.49%) | scanned=10 | short_tp_only
  [label] 2024-11-18 16:00 TRXUSDT entry=0.2022 → LONG | long=sl(-4.23%) short=sl(-4.23%) | scanned=14 | no_tp→fwd_return=+7.9575
  [label] 2024-12-05 00:00 TRXUSDT entry=0.3342 → SHORT | long=sl(-10.38%) short=tp(+20.46%) | scanned=14 | short_tp_only
  [label] 2024-12-18 00:00 TRXUSDT entry=0.2726 → SHORT | long=sl(-8.26%) short=tp(+16.23%) | scanned=7 | short_tp_only
  [label] 2025-01-05 16:00 TRXUSDT entry=0.2625 → SHORT | long=sl(-3.34%) short=sl(-3.34%) | scanned=6 | no_tp→fwd_return=-3.8775
  [label] 2025-01-12 00:00 TRXUSDT entry=0.2387 → SHORT | long=sl(-3.61%) short=tp(+6.91%) | scanned=4 | short_tp_only
  [label] 2025-01-24 08:00 TRXUSDT entry=0.2583 → SHORT | long=sl(-4.81%) short=tp(+9.32%) | scanned=8 | short_tp_only
  [label] 2025-03-05 08:00 TRXUSDT entry=0.2430 → SHORT | long=sl(-4.03%) short=tp(+7.77%) | scanned=18 | short_tp_only
  [label] 2025-03-15 08:00 TRXUSDT entry=0.2228 → LONG | long=sl(-3.45%) short=sl(-3.45%) | scanned=10 | no_tp→fwd_return=+6.3771
  [label] 2025-06-10 08:00 TRXUSDT entry=0.2919 → SHORT | long=sl(-2.45%) short=tp(+4.59%) | scanned=4 | short_tp_only
  Labels: 1267 long (57.8%), 926 short (42.2%) | weights: min=1.00, mean=2.59, max=10.00
  Features: 2193/2193 matched, 14 columns
  CV gap: 22 rows
    [trial 0] 14 features, training_days=230 | threshold=0.779 | labels: 1267 long, 926 short (58/42%)
    [CV fold 0] train_end=2023-10-24 00:00 | val_start=2023-10-31 16:00 | gap=184h (22 rows)
    [CV fold 1] train_end=2024-02-22 16:00 | val_start=2024-03-01 08:00 | gap=184h (22 rows)
    [CV fold 2] train_end=2024-06-23 08:00 | val_start=2024-07-01 00:00 | gap=184h (22 rows)
    [CV fold 3] train_end=2024-10-23 00:00 | val_start=2024-10-30 16:00 | gap=184h (22 rows)
    [CV fold 4] train_end=2025-02-21 16:00 | val_start=2025-03-01 08:00 | gap=184h (22 rows)
    [trial 0] Sharpe=-0.0221 (folds: 0.2704, -0.1601, -0.1203, -0.1567, 0.0563)
    [trial 1] 14 features, training_days=410 | threshold=0.693 | labels: 1267 long, 926 short (58/42%)
    [trial 1] Sharpe=0.0988 (folds: 0.4066, -0.1290, 0.3117, -0.1794, 0.0840)
    [trial 2] 14 features, training_days=270 | threshold=0.546 | labels: 1267 long, 926 short (58/42%)
    [trial 2] Sharpe=-0.0168 (folds: 0.0909, -0.1204, 0.0907, -0.1807, 0.0354)
    [trial 3] 14 features, training_days=270 | threshold=0.600 | labels: 1267 long, 926 short (58/42%)
    [trial 3] Sharpe=0.0156 (folds: 0.1630, -0.0834, -0.0043, -0.1669, 0.1695)
    [trial 4] 14 features, training_days=390 | threshold=0.764 | labels: 1267 long, 926 short (58/42%)
    [trial 4] Sharpe=0.0634 (folds: 0.2828, -0.0196, 0.1673, -0.1991, 0.0856)
    [trial 5] 14 features, training_days=60 | threshold=0.603 | labels: 1267 long, 926 short (58/42%)
    [trial 5] Sharpe=-0.0158 (folds: 0.2193, -0.1774, 0.1263, 0.0259, -0.2732)
    [trial 6] 14 features, training_days=290 | threshold=0.738 | labels: 1267 long, 926 short (58/42%)
    [trial 6] Sharpe=0.0107 (folds: 0.1904, -0.0487, -0.0647, -0.2246, 0.2010)
    [trial 7] 14 features, training_days=70 | threshold=0.564 | labels: 1267 long, 926 short (58/42%)
    [trial 7] Sharpe=-0.0703 (folds: 0.2686, -0.1875, 0.0926, -0.2154, -0.3096)[I 2026-05-06 02:25:53,522] Trial 7 finished with value: -0.07025729743776696 and parameters: {'confidence_threshold': 0.563503962036334, 'training_days': 70, 'n_estimators': 63, 'max_depth': 3, 'num_leaves': 47, 'learning_rate': 0.18074927623018475, 'subsample': 0.5059692991701257, 'min_child_samples': 9, 'reg_alpha': 3.6945804405602874e-08, 'reg_lambda': 0.027706035542028905}. Best is trial 1 with value: 0.0987883764519911.
[I 2026-05-06 02:25:53,606] Trial 8 finished with value: -0.03950540704633136 and parameters: {'confidence_threshold': 0.6525471176758836, 'training_days': 440, 'n_estimators': 116, 'max_depth': 4, 'num_leaves': 115, 'learning_rate': 0.010229952960863938, 'subsample': 0.5062159465415076, 'min_child_samples': 54, 'reg_alpha': 6.790626457822126e-06, 'reg_lambda': 1.7869141074987722e-05}. Best is trial 1 with value: 0.0987883764519911.
[I 2026-05-06 02:25:53,696] Trial 9 finished with value: 0.21198825186029696 and parameters: {'confidence_threshold': 0.7277571993354469, 'training_days': 360, 'n_estimators': 75, 'max_depth': 5, 'num_leaves': 41, 'learning_rate': 0.014186743931212992, 'subsample': 0.7445187273047605, 'min_child_samples': 22, 'reg_alpha': 0.02393227447113315, 'reg_lambda': 0.009236766173618426}. Best is trial 9 with value: 0.21198825186029696.
[I 2026-05-06 02:25:54,141] A new study created in memory with name: no-name-21f152d1-6f8f-40b9-90df-3c77f462114b
[I 2026-05-06 02:25:54,412] Trial 0 finished with value: -0.11217002342289498 and parameters: {'confidence_threshold': 0.7790993046299082, 'training_days': 230, 'n_estimators': 295, 'max_depth': 5, 'num_leaves': 83, 'learning_rate': 0.051543455158230854, 'subsample': 0.8773243492079463, 'min_child_samples': 10, 'reg_alpha': 0.034096514368237685, 'reg_lambda': 3.154180388637081e-05}. Best is trial 0 with value: -0.11217002342289498.
[I 2026-05-06 02:25:54,557] Trial 1 finished with value: 0.06716494527244213 and parameters: {'confidence_threshold': 0.6929247853618086, 'training_days': 410, 'n_estimators': 233, 'max_depth': 5, 'num_leaves': 108, 'learning_rate': 0.013724237108071606, 'subsample': 0.7013182233636002, 'min_child_samples': 94, 'reg_alpha': 2.4040959529260723e-06, 'reg_lambda': 5.320966582161148}. Best is trial 1 with value: 0.06716494527244213.
[I 2026-05-06 02:25:54,624] Trial 2 finished with value: -0.0885332410825628 and parameters: {'confidence_threshold': 0.546341527225763, 'training_days': 270, 'n_estimators': 120, 'max_depth': 4, 'num_leaves': 53, 'learning_rate': 0.060197068579343475, 'subsample': 0.588227873455941, 'min_child_samples': 91, 'reg_alpha': 2.3457771824819002e-08, 'reg_lambda': 1.1358840775642732e-08}. Best is trial 1 with value: 0.06716494527244213.
[I 2026-05-06 02:25:54,805] Trial 3 finished with value: -0.07234064155451993 and parameters: {'confidence_threshold': 0.6000319676300473, 'training_days': 270, 'n_estimators': 382, 'max_depth': 4, 'num_leaves': 44, 'learning_rate': 0.09185046765032388, 'subsample': 0.6743651508646724, 'min_child_samples': 77, 'reg_alpha': 0.0013974578104212739, 'reg_lambda': 8.97190257982477e-08}. Best is trial 1 with value: 0.06716494527244213.
[I 2026-05-06 02:25:55,159] Trial 4 finished with value: -0.07324252203966271 and parameters: {'confidence_threshold': 0.7642618789055509, 'training_days': 390, 'n_estimators': 464, 'max_depth': 5, 'num_leaves': 30, 'learning_rate': 0.024562383309704932, 'subsample': 0.8612975035964376, 'min_child_samples': 36, 'reg_alpha': 1.593999300080167, 'reg_lambda': 0.006081270362829788}. Best is trial 1 with value: 0.06716494527244213.
[I 2026-05-06 02:25:55,313] Trial 5 finished with value: -0.04080847441558967 and parameters: {'confidence_threshold': 0.6029115860358569, 'training_days': 60, 'n_estimators': 441, 'max_depth': 3, 'num_leaves': 66, 'learning_rate': 0.044953114425778824, 'subsample': 0.7098948461279406, 'min_child_samples': 15, 'reg_alpha': 4.888753565548431e-07, 'reg_lambda': 4.198190642566389}. Best is trial 1 with value: 0.06716494527244213.
[I 2026-05-06 02:25:55,563] Trial 6 finished with value: 0.16176791376676614 and parameters: {'confidence_threshold': 0.7376932868314098, 'training_days': 290, 'n_estimators': 249, 'max_depth': 5, 'num_leaves': 121, 'learning_rate': 0.015565840632862623, 'subsample': 0.8390183783709677, 'min_child_samples': 19, 'reg_alpha': 1.860444687368747e-08, 'reg_lambda': 2.7391483548058117e-06}. Best is trial 6 with value: 0.16176791376676614.
[I 2026-05-06 02:25:55,599] Trial 7 finished with value: -0.0588922600752646 and parameters: {'confidence_threshold': 0.563503962036334, 'training_days': 70, 'n_estimators': 63, 'max_depth': 3, 'num_leaves': 47, 'learning_rate': 0.18074927623018475, 'subsample': 0.5059692991701257, 'min_child_samples': 9, 'reg_alpha': 3.6945804405602874e-08, 'reg_lambda': 0.027706035542028905}. Best is trial 6 with value: 0.16176791376676614.
[I 2026-05-06 02:25:55,690] Trial 8 finished with value: 0.0904209376600412 and parameters: {'confidence_threshold': 0.6525471176758836, 'training_days': 440, 'n_estimators': 116, 'max_depth': 4, 'num_leaves': 115, 'learning_rate': 0.010229952960863938, 'subsample': 0.5062159465415076, 'min_child_samples': 54, 'reg_alpha': 6.790626457822126e-06, 'reg_lambda': 1.7869141074987722e-05}. Best is trial 6 with value: 0.16176791376676614.
