[I 2026-05-06 02:24:45,209] Trial 9 finished with value: -2.0716787589091745 and parameters: {'confidence_threshold': 0.7277571993354469, 'training_days': 360, 'n_estimators': 75, 'max_depth': 5, 'num_leaves': 41, 'learning_rate': 0.014186743931212992, 'subsample': 0.7445187273047605, 'min_child_samples': 22, 'reg_alpha': 0.02393227447113315, 'reg_lambda': 0.009236766173618426}. Best is trial 6 with value: 0.05292678773749523.

    [trial 3] 14 features, training_days=270 | threshold=0.600 | labels: 1171 long, 1004 short (54/46%)
    [trial 3] Sharpe=-0.0432 (folds: -0.1152, 0.0286, 0.1916, -0.0996, -0.2214)
    [trial 4] 14 features, training_days=390 | threshold=0.764 | labels: 1171 long, 1004 short (54/46%)
    [trial 4] Sharpe=0.0389 (folds: -0.1118, -0.0619, 0.5796, 0.3520, -0.5635)
    [trial 5] 14 features, training_days=60 | threshold=0.603 | labels: 1171 long, 1004 short (54/46%)
    [trial 5] Sharpe=-0.0469 (folds: -0.1698, 0.1040, -0.0985, -0.2327, 0.1628)
    [trial 6] 14 features, training_days=290 | threshold=0.738 | labels: 1171 long, 1004 short (54/46%)
    [trial 6] Sharpe=-0.0030 (folds: -0.1411, 0.0619, 0.0067, 0.3103, -0.2528)
    [trial 7] 14 features, training_days=70 | threshold=0.564 | labels: 1171 long, 1004 short (54/46%)
    [trial 7] Sharpe=-0.0385 (folds: -0.1278, 0.0831, -0.0802, -0.1723, 0.1049)
    [trial 8] 14 features, training_days=440 | threshold=0.653 | labels: 1171 long, 1004 short (54/46%)
    [trial 8] Sharpe=-1.9885 (folds: -0.1181, 0.2675, -10.0000, 0.3687, -0.4606)
    [trial 9] 14 features, training_days=360 | threshold=0.728 | labels: 1171 long, 1004 short (54/46%)
    [trial 9] Sharpe=0.2130 (folds: -0.0691, 0.2326, 0.5589, 0.6876, -0.3450)
  Optuna: 10 trials, best Sharpe = 0.2130
  Best params: n_estimators=75, max_depth=5, lr=0.0142, leaves=41
  Best confidence_threshold: 0.728
  Best training_days: 360
  Retrained on full data (1065 samples, 14 features)
  Model trained for 2022-10: 93 test candles with features, confidence_threshold=0.728
[lgbm] === Training for 2022-11 ===
  Train window: 2020-11-01 → 2022-11-01
  2175 training samples from 1 symbols
  Samples per month: 2020-11: 90, 2020-12: 93, 2021-01: 93, 2021-02: 84, 2021-03: 93, 2021-04: 90, 2021-05: 93, 2021-06: 90, 2021-07: 93, 2021-08: 93, 2021-09: 90, 2021-10: 93, 2021-11: 90, 2021-12: 93, 2022-01: 93, 2022-02: 75, 2022-03: 93, 2022-04: 84, 2022-05: 93, 2022-06: 90, 2022-07: 93, 2022-08: 93, 2022-09: 90, 2022-10: 93
  [label] 2021-01-01 16:00 TRXUSDT entry=0.0268 → LONG | long=tp(+13.51%) short=sl(-6.91%) | scanned=7 | long_tp_only
  [label] 2021-01-04 00:00 TRXUSDT entry=0.0299 → LONG | long=sl(-6.83%) short=sl(-6.83%) | scanned=9 | no_tp→fwd_return=+2.7425
  [label] 2021-01-07 16:00 TRXUSDT entry=0.0310 → LONG | long=tp(+17.54%) short=sl(-8.92%) | scanned=7 | long_tp_only
  [label] 2021-02-01 16:00 TRXUSDT entry=0.0330 → LONG | long=tp(+20.80%) short=sl(-10.55%) | scanned=21 | long_tp_only
  [label] 2021-03-26 00:00 TRXUSDT entry=0.0587 → LONG | long=tp(+16.05%) short=sl(-8.18%) | scanned=15 | long_tp_only
  [label] 2021-09-08 16:00 TRXUSDT entry=0.0927 → LONG | long=tp(+15.55%) short=sl(-7.93%) | scanned=11 | long_tp_only
  [label] 2021-09-12 16:00 TRXUSDT entry=0.1125 → LONG | long=sl(-7.30%) short=sl(-7.30%) | scanned=9 | no_tp→fwd_return=+7.3218
  [label] 2021-09-23 08:00 TRXUSDT entry=0.0969 → SHORT | long=sl(-8.73%) short=timeout(+8.63%) | scanned=22 | no_tp→fwd_return=-8.7297
  [label] 2021-11-07 08:00 TRXUSDT entry=0.1044 → LONG | long=tp(+8.99%) short=sl(-4.65%) | scanned=6 | long_tp_only
  [label] 2021-11-16 00:00 TRXUSDT entry=0.1133 → SHORT | long=sl(-6.16%) short=tp(+12.02%) | scanned=8 | short_tp_only
  [label] 2022-02-14 16:00 TRXUSDT entry=0.0644 → SHORT | long=sl(-4.21%) short=sl(-4.21%) | scanned=16 | no_tp→fwd_return=-4.4897
  [label] 2022-03-21 16:00 TRXUSDT entry=0.0617 → LONG | long=tp(+5.03%) short=sl(-2.66%) | scanned=7 | long_tp_only
  [label] 2022-04-08 16:00 TRXUSDT entry=0.0625 → SHORT | long=sl(-4.99%) short=timeout(+1.10%) | scanned=22 | no_tp→fwd_return=-1.1992
  [label] 2022-04-21 16:00 TRXUSDT entry=0.0711 → SHORT | long=sl(-4.32%) short=tp(+8.34%) | scanned=8 | short_tp_only
  [label] 2022-05-10 00:00 TRXUSDT entry=0.0789 → SHORT | long=sl(-11.18%) short=tp(+22.05%) | scanned=4 | short_tp_only
  [label] 2022-05-16 08:00 TRXUSDT entry=0.0676 → LONG | long=timeout(+12.68%) short=sl(-13.01%) | scanned=22 | no_tp→fwd_return=+12.7754
  [label] 2022-05-28 16:00 TRXUSDT entry=0.0811 → SHORT | long=timeout(-1.05%) short=sl(-7.29%) | scanned=22 | no_tp→fwd_return=-0.9490
  [label] 2022-07-07 08:00 TRXUSDT entry=0.0683 → SHORT | long=sl(-4.45%) short=sl(-4.45%) | scanned=13 | no_tp→fwd_return=-5.2863
  [label] 2022-07-17 08:00 TRXUSDT entry=0.0684 → SHORT | long=sl(-3.37%) short=sl(-3.37%) | scanned=18 | no_tp→fwd_return=-3.0387
  [label] 2022-10-11 16:00 TRXUSDT entry=0.0616 → LONG | long=tp(+4.47%) short=sl(-2.38%) | scanned=2 | long_tp_only
  Labels: 1188 long (54.6%), 987 short (45.4%) | weights: min=1.00, mean=2.98, max=10.00
  Features: 2175/2175 matched, 14 columns
  CV gap: 22 rows
    [trial 0] 14 features, training_days=230 | threshold=0.779 | labels: 1188 long, 987 short (55/45%)
    [CV fold 0] train_end=2021-02-23 00:00 | val_start=2021-03-02 16:00 | gap=184h (22 rows)
    [CV fold 1] train_end=2021-06-23 16:00 | val_start=2021-07-01 08:00 | gap=184h (22 rows)
    [CV fold 2] train_end=2021-10-22 08:00 | val_start=2021-10-30 00:00 | gap=184h (22 rows)
    [CV fold 3] train_end=2022-02-20 00:00 | val_start=2022-03-02 16:00 | gap=256h (22 rows)
    [CV fold 4] train_end=2022-06-25 16:00 | val_start=2022-07-03 08:00 | gap=184h (22 rows)
    [trial 0] Sharpe=-0.0284 (folds: -0.1791, 0.2027, 0.4121, -0.4168, -0.1609)
    [trial 1] 14 features, training_days=410 | threshold=0.693 | labels: 1188 long, 987 short (55/45%)
    [trial 1] Sharpe=-2.0980 (folds: -0.2278, 0.0934, -10.0000, 0.1270, -0.4828)
    [trial 2] 14 features, training_days=270 | threshold=0.546 | labels: 1188 long, 987 short (55/45%)
    [trial 2] Sharpe=-0.0100 (folds: -0.2201, 0.0457, 0.0972, 0.0468, -0.0196)
    [trial 3] 14 features, training_days=270 | threshold=0.600 | labels: 1188 long, 987 short (55/45%)
    [trial 3] Sharpe=-0.0137 (folds: -0.2929, 0.0840, 0.0747, 0.0441, 0.0215)
    [trial 4] 14 features, training_days=390 | threshold=0.764 | labels: 1188 long, 987 short (55/45%)
    [trial 4] Sharpe=0.0158 (folds: -0.2718, 0.1701, 0.2821, 0.0858, -0.1875)
    [trial 5] 14 features, training_days=60 | threshold=0.603 | labels: 1188 long, 987 short (55/45%)
    [trial 5] Sharpe=-0.1400 (folds: -0.2405, 0.0506, -0.3001, -0.1470, -0.0627)
    [trial 6] 14 features, training_days=290 | threshold=0.738 | labels: 1188 long, 987 short (55/45%)
    [trial 6] Sharpe=0.0529 (folds: -0.1533, 0.0160, 0.7711, -0.3470, -0.0222)
    [trial 7] 14 features, training_days=70 | threshold=0.564 | labels: 1188 long, 987 short (55/45%)
    [trial 7] Sharpe=-0.0878 (folds: -0.0931, 0.0301, -0.2273, -0.0122, -0.1367)
    [trial 8] 14 features, training_days=440 | threshold=0.653 | labels: 1188 long, 987 short (55/45%)
    [trial 8] Sharpe=-1.8577 (folds: -0.2326, 0.5019, -10.0000, 0.2497, 0.1924)
    [trial 9] 14 features, training_days=360 | threshold=0.728 | labels: 1188 long, 987 short (55/45%)
    [trial 9] Sharpe=-2.0717 (folds: -0.1332, 0.2963, -10.0000, 0.0867, -0.6083)
  Optuna: 10 trials, best Sharpe = 0.0529
  Best params: n_estimators=249, max_depth=5, lr=0.0156, leaves=121
  Best confidence_threshold: 0.738
  Best training_days: 290
  Retrained on full data (855 samples, 14 features)
  Model trained for 2022-11: 90 test candles with features, confidence_threshold=0.738
[predict] 2022-11-16 00:00 TRXUSDT → LONG (proba=0.77 TP=14.9%/SL=7.5%)
[trade:open] 2022-11-16 07:59 TRXUSDT LONG @ 0.05 | SL=0.05 TP=0.06 | timeout=2022-11-23 07:59
[trade:close] 2022-11-23 08:00 TRXUSDT LONG → timeout @ 0.05 | PnL=+1.44% (net +1.34%) | cum=-11.16% 2022-11=+1.34% 2022-11-23=+1.34%
[lgbm] === Training for 2022-12 ===
  Train window: 2020-12-01 → 2022-12-01
  2175 training samples from 1 symbols
  Samples per month: 2020-12: 93, 2021-01: 93, 2021-02: 84, 2021-03: 93, 2021-04: 90, 2021-05: 93, 2021-06: 90, 2021-07: 93, 2021-08: 93, 2021-09: 90, 2021-10: 93, 2021-11: 90, 2021-12: 93, 2022-01: 93, 2022-02: 75, 2022-03: 93, 2022-04: 84, 2022-05: 93, 2022-06: 90, 2022-07: 93, 2022-08: 93, 2022-09: 90, 2022-10: 93, 2022-11: 90
  [label] 2021-01-31 16:00 TRXUSDT entry=0.0316 → LONG | long=timeout(+13.90%) short=sl(-10.95%) | scanned=22 | no_tp→fwd_return=+13.9962[I 2026-05-06 02:24:45,656] A new study created in memory with name: no-name-b1197b0d-01c7-4075-9e86-4bb6eec7069a
[I 2026-05-06 02:24:45,904] Trial 0 finished with value: -0.06816952666467847 and parameters: {'confidence_threshold': 0.7790993046299082, 'training_days': 230, 'n_estimators': 295, 'max_depth': 5, 'num_leaves': 83, 'learning_rate': 0.051543455158230854, 'subsample': 0.8773243492079463, 'min_child_samples': 10, 'reg_alpha': 0.034096514368237685, 'reg_lambda': 3.154180388637081e-05}. Best is trial 0 with value: -0.06816952666467847.
[I 2026-05-06 02:24:46,041] Trial 1 finished with value: -0.03095067542278414 and parameters: {'confidence_threshold': 0.6929247853618086, 'training_days': 410, 'n_estimators': 233, 'max_depth': 5, 'num_leaves': 108, 'learning_rate': 0.013724237108071606, 'subsample': 0.7013182233636002, 'min_child_samples': 94, 'reg_alpha': 2.4040959529260723e-06, 'reg_lambda': 5.320966582161148}. Best is trial 1 with value: -0.03095067542278414.
[I 2026-05-06 02:24:46,114] Trial 2 finished with value: -0.04008385461225076 and parameters: {'confidence_threshold': 0.546341527225763, 'training_days': 270, 'n_estimators': 120, 'max_depth': 4, 'num_leaves': 53, 'learning_rate': 0.060197068579343475, 'subsample': 0.588227873455941, 'min_child_samples': 91, 'reg_alpha': 2.3457771824819002e-08, 'reg_lambda': 1.1358840775642732e-08}. Best is trial 1 with value: -0.03095067542278414.
[I 2026-05-06 02:24:46,297] Trial 3 finished with value: -0.053214950060212 and parameters: {'confidence_threshold': 0.6000319676300473, 'training_days': 270, 'n_estimators': 382, 'max_depth': 4, 'num_leaves': 44, 'learning_rate': 0.09185046765032388, 'subsample': 0.6743651508646724, 'min_child_samples': 77, 'reg_alpha': 0.0013974578104212739, 'reg_lambda': 8.97190257982477e-08}. Best is trial 1 with value: -0.03095067542278414.
[I 2026-05-06 02:24:46,649] Trial 4 finished with value: 0.0032241318048856467 and parameters: {'confidence_threshold': 0.7642618789055509, 'training_days': 390, 'n_estimators': 464, 'max_depth': 5, 'num_leaves': 30, 'learning_rate': 0.024562383309704932, 'subsample': 0.8612975035964376, 'min_child_samples': 36, 'reg_alpha': 1.593999300080167, 'reg_lambda': 0.006081270362829788}. Best is trial 4 with value: 0.0032241318048856467.
[I 2026-05-06 02:24:46,803] Trial 5 finished with value: -0.06247689400182619 and parameters: {'confidence_threshold': 0.6029115860358569, 'training_days': 60, 'n_estimators': 441, 'max_depth': 3, 'num_leaves': 66, 'learning_rate': 0.044953114425778824, 'subsample': 0.7098948461279406, 'min_child_samples': 15, 'reg_alpha': 4.888753565548431e-07, 'reg_lambda': 4.198190642566389}. Best is trial 4 with value: 0.0032241318048856467.
[I 2026-05-06 02:24:47,049] Trial 6 finished with value: -0.10122109340222171 and parameters: {'confidence_threshold': 0.7376932868314098, 'training_days': 290, 'n_estimators': 249, 'max_depth': 5, 'num_leaves': 121, 'learning_rate': 0.015565840632862623, 'subsample': 0.8390183783709677, 'min_child_samples': 19, 'reg_alpha': 1.860444687368747e-08, 'reg_lambda': 2.7391483548058117e-06}. Best is trial 4 with value: 0.0032241318048856467.
[I 2026-05-06 02:24:47,091] Trial 7 finished with value: -0.049993566154258706 and parameters: {'confidence_threshold': 0.563503962036334, 'training_days': 70, 'n_estimators': 63, 'max_depth': 3, 'num_leaves': 47, 'learning_rate': 0.18074927623018475, 'subsample': 0.5059692991701257, 'min_child_samples': 9, 'reg_alpha': 3.6945804405602874e-08, 'reg_lambda': 0.027706035542028905}. Best is trial 4 with value: 0.0032241318048856467.
[I 2026-05-06 02:24:47,186] Trial 8 finished with value: -2.0057462673621376 and parameters: {'confidence_threshold': 0.6525471176758836, 'training_days': 440, 'n_estimators': 116, 'max_depth': 4, 'num_leaves': 115, 'learning_rate': 0.010229952960863938, 'subsample': 0.5062159465415076, 'min_child_samples': 54, 'reg_alpha': 6.790626457822126e-06, 'reg_lambda': 1.7869141074987722e-05}. Best is trial 4 with value: 0.0032241318048856467.
[I 2026-05-06 02:24:47,278] Trial 9 finished with value: 0.341646980869247 and parameters: {'confidence_threshold': 0.7277571993354469, 'training_days': 360, 'n_estimators': 75, 'max_depth': 5, 'num_leaves': 41, 'learning_rate': 0.014186743931212992, 'subsample': 0.7445187273047605, 'min_child_samples': 22, 'reg_alpha': 0.02393227447113315, 'reg_lambda': 0.009236766173618426}. Best is trial 9 with value: 0.341646980869247.

  [label] 2021-02-03 00:00 TRXUSDT entry=0.0337 → LONG | long=tp(+18.47%) short=sl(-9.38%) | scanned=17 | long_tp_only
  [label] 2021-02-06 16:00 TRXUSDT entry=0.0351 → LONG | long=tp(+15.95%) short=sl(-8.12%) | scanned=6 | long_tp_only
  [label] 2021-03-03 16:00 TRXUSDT entry=0.0488 → LONG | long=timeout(+5.25%) short=sl(-9.80%) | scanned=22 | no_tp→fwd_return=+5.3506
  [label] 2021-04-25 00:00 TRXUSDT entry=0.1026 → LONG | long=timeout(+23.43%) short=sl(-17.42%) | scanned=22 | no_tp→fwd_return=+23.5311
  [label] 2021-10-08 16:00 TRXUSDT entry=0.0978 → SHORT | long=sl(-5.33%) short=sl(-5.33%) | scanned=11 | no_tp→fwd_return=-3.1509
  [label] 2021-10-12 16:00 TRXUSDT entry=0.0956 → LONG | long=timeout(+5.18%) short=sl(-5.51%) | scanned=22 | no_tp→fwd_return=+5.2846
  [label] 2021-10-23 08:00 TRXUSDT entry=0.1009 → SHORT | long=sl(-4.22%) short=sl(-4.22%) | scanned=12 | no_tp→fwd_return=-8.3457
  [label] 2021-12-07 08:00 TRXUSDT entry=0.0915 → SHORT | long=sl(-6.74%) short=timeout(+5.95%) | scanned=22 | no_tp→fwd_return=-6.0470
  [label] 2021-12-16 00:00 TRXUSDT entry=0.0868 → SHORT | long=sl(-5.54%) short=tp(+10.79%) | scanned=13 | short_tp_only
  [label] 2022-03-19 16:00 TRXUSDT entry=0.0619 → LONG | long=tp(+5.23%) short=sl(-2.77%) | scanned=14 | long_tp_only
  [label] 2022-04-22 16:00 TRXUSDT entry=0.0666 → SHORT | long=sl(-4.98%) short=sl(-4.98%) | scanned=20 | no_tp→fwd_return=-2.7794
  [label] 2022-05-08 16:00 TRXUSDT entry=0.0880 → SHORT | long=sl(-9.14%) short=tp(+17.99%) | scanned=3 | short_tp_only
  [label] 2022-05-21 16:00 TRXUSDT entry=0.0740 → LONG | long=tp(+16.60%) short=sl(-8.45%) | scanned=12 | long_tp_only
  [label] 2022-06-09 00:00 TRXUSDT entry=0.0816 → SHORT | long=sl(-5.36%) short=tp(+10.42%) | scanned=12 | short_tp_only
  [label] 2022-06-15 08:00 TRXUSDT entry=0.0552 → LONG | long=timeout(+14.57%) short=sl(-13.41%) | scanned=22 | no_tp→fwd_return=+14.6739
  [label] 2022-06-27 16:00 TRXUSDT entry=0.0670 → LONG | long=sl(-6.27%) short=timeout(-0.56%) | scanned=22 | no_tp→fwd_return=+0.4628
  [label] 2022-08-06 08:00 TRXUSDT entry=0.0700 → SHORT | long=sl(-3.15%) short=timeout(-0.06%) | scanned=22 | no_tp→fwd_return=-0.0429
  [label] 2022-08-16 08:00 TRXUSDT entry=0.0698 → SHORT | long=sl(-2.81%) short=tp(+5.32%) | scanned=8 | short_tp_only
  [label] 2022-11-10 16:00 TRXUSDT entry=0.0577 → SHORT | long=sl(-6.90%) short=tp(+13.51%) | scanned=10 | short_tp_only
  Labels: 1175 long (54.0%), 1000 short (46.0%) | weights: min=1.00, mean=2.96, max=10.00
  Features: 2175/2175 matched, 14 columns
  CV gap: 22 rows
    [trial 0] 14 features, training_days=230 | threshold=0.779 | labels: 1175 long, 1000 short (54/46%)
    [CV fold 0] train_end=2021-03-25 00:00 | val_start=2021-04-01 16:00 | gap=184h (22 rows)
    [CV fold 1] train_end=2021-07-23 16:00 | val_start=2021-07-31 08:00 | gap=184h (22 rows)
    [CV fold 2] train_end=2021-11-21 08:00 | val_start=2021-11-29 00:00 | gap=184h (22 rows)
    [CV fold 3] train_end=2022-03-25 00:00 | val_start=2022-04-03 16:00 | gap=232h (22 rows)
    [CV fold 4] train_end=2022-07-25 16:00 | val_start=2022-08-02 08:00 | gap=184h (22 rows)
    [trial 0] Sharpe=-0.0682 (folds: -0.2965, -0.0052, 0.2355, -0.4035, 0.1288)
    [trial 1] 14 features, training_days=410 | threshold=0.693 | labels: 1175 long, 1000 short (54/46%)
    [trial 1] Sharpe=-0.0310 (folds: -0.2546, -0.1188, -0.0504, 0.0908, 0.1782)
    [trial 2] 14 features, training_days=270 | threshold=0.546 | labels: 1175 long, 1000 short (54/46%)
    [trial 2] Sharpe=-0.0401 (folds: -0.2498, -0.0174, 0.0611, -0.1017, 0.1073)
    [trial 3] 14 features, training_days=270 | threshold=0.600 | labels: 1175 long, 1000 short (54/46%)
    [trial 3] Sharpe=-0.0532 (folds: -0.2994, -0.0651, 0.1231, -0.0325, 0.0079)
    [trial 4] 14 features, training_days=390 | threshold=0.764 | labels: 1175 long, 1000 short (54/46%)
    [trial 4] Sharpe=0.0032 (folds: -0.2954, 0.0454, 0.2319, -0.0220, 0.0563)
    [trial 5] 14 features, training_days=60 | threshold=0.603 | labels: 1175 long, 1000 short (54/46%)
    [trial 5] Sharpe=-0.0625 (folds: -0.2320, -0.1143, -0.1014, 0.1517, -0.0164)
    [trial 6] 14 features, training_days=290 | threshold=0.738 | labels: 1175 long, 1000 short (54/46%)
    [trial 6] Sharpe=-0.1012 (folds: -0.3867, 0.0965, 0.3276, -0.4922, -0.0513)
    [trial 7] 14 features, training_days=70 | threshold=0.564 | labels: 1175 long, 1000 short (54/46%)
    [trial 7] Sharpe=-0.0500 (folds: -0.2477, -0.0910, -0.1420, 0.1725, 0.0582)
    [trial 8] 14 features, training_days=440 | threshold=0.653 | labels: 1175 long, 1000 short (54/46%)
    [trial 8] Sharpe=-2.0057 (folds: -0.2669, -0.1093, 0.0643, 0.2832, -10.0000)
    [trial 9] 14 features, training_days=360 | threshold=0.728 | labels: 1175 long, 1000 short (54/46%)
    [trial 9] Sharpe=0.3416 (folds: -0.3424, -0.3600, 0.7228, 1.6628, 0.0251)
  Optuna: 10 trials, best Sharpe = 0.3416
  Best params: n_estimators=75, max_depth=5, lr=0.0142, leaves=41
  Best confidence_threshold: 0.728
  Best training_days: 360
  Retrained on full data (1065 samples, 14 features)
  Model trained for 2022-12: 93 test candles with features, confidence_threshold=0.728
[lgbm] === Training for 2023-01 ===
  Train window: 2021-01-01 → 2023-01-01
  2175 training samples from 1 symbols
  Samples per month: 2021-01: 93, 2021-02: 84, 2021-03: 93, 2021-04: 90, 2021-05: 93, 2021-06: 90, 2021-07: 93, 2021-08: 93, 2021-09: 90, 2021-10: 93, 2021-11: 90, 2021-12: 93, 2022-01: 93, 2022-02: 75, 2022-03: 93, 2022-04: 84, 2022-05: 93, 2022-06: 90, 2022-07: 93, 2022-08: 93, 2022-09: 90, 2022-10: 93, 2022-11: 90, 2022-12: 93
  [label] 2021-03-03 16:00 TRXUSDT entry=0.0488 → LONG | long=timeout(+5.25%) short=sl(-9.80%) | scanned=22 | no_tp→fwd_return=+5.3506
  [label] 2021-03-06 00:00 TRXUSDT entry=0.0504 → SHORT | long=timeout(-0.75%) short=timeout(+0.55%) | scanned=22 | no_tp→fwd_return=-0.6545
  [label] 2021-03-09 16:00 TRXUSDT entry=0.0532 → SHORT | long=sl(-6.86%) short=timeout(+1.52%) | scanned=22 | no_tp→fwd_return=-1.6162
  [label] 2021-04-03 16:00 TRXUSDT entry=0.1017 → LONG | long=tp(+17.30%) short=sl(-8.80%) | scanned=2 | long_tp_only
  [label] 2021-05-26 00:00 TRXUSDT entry=0.0839 → SHORT | long=sl(-15.95%) short=timeout(+8.09%) | scanned=22 | no_tp→fwd_return=-8.1922
  [label] 2021-11-08 16:00 TRXUSDT entry=0.1101 → SHORT | long=sl(-4.21%) short=sl(-4.21%) | scanned=6 | no_tp→fwd_return=-3.1874
  [label] 2021-11-12 16:00 TRXUSDT entry=0.1080 → LONG | long=tp(+9.98%) short=sl(-5.14%) | scanned=7 | long_tp_only
  [label] 2021-11-23 08:00 TRXUSDT entry=0.1029 → SHORT | long=sl(-5.82%) short=tp(+11.33%) | scanned=9 | short_tp_only
  [label] 2022-01-07 08:00 TRXUSDT entry=0.0673 → SHORT | long=sl(-4.98%) short=timeout(-0.09%) | scanned=22 | no_tp→fwd_return=-0.0149
  [label] 2022-01-16 00:00 TRXUSDT entry=0.0699 → SHORT | long=sl(-4.14%) short=tp(+7.98%) | scanned=16 | short_tp_only
  [label] 2022-04-21 16:00 TRXUSDT entry=0.0711 → SHORT | long=sl(-4.32%) short=tp(+8.34%) | scanned=8 | short_tp_only
  [label] 2022-05-23 16:00 TRXUSDT entry=0.0761 → LONG | long=tp(+15.27%) short=sl(-7.79%) | scanned=6 | long_tp_only
  [label] 2022-06-08 16:00 TRXUSDT entry=0.0806 → SHORT | long=sl(-5.53%) short=tp(+10.77%) | scanned=13 | short_tp_only
  [label] 2022-06-21 16:00 TRXUSDT entry=0.0649 → LONG | long=timeout(+1.33%) short=timeout(-1.53%) | scanned=22 | no_tp→fwd_return=+1.4336
  [label] 2022-07-10 00:00 TRXUSDT entry=0.0689 → LONG | long=sl(-4.00%) short=timeout(-0.14%) | scanned=22 | no_tp→fwd_return=+0.0436
  [label] 2022-07-16 08:00 TRXUSDT entry=0.0674 → SHORT | long=timeout(-1.66%) short=sl(-3.47%) | scanned=22 | no_tp→fwd_return=-1.5574
  [label] 2022-07-28 16:00 TRXUSDT entry=0.0696 → SHORT | long=sl(-3.17%) short=sl(-3.17%) | scanned=16 | no_tp→fwd_return=-1.8960
  [label] 2022-09-06 08:00 TRXUSDT entry=0.0631 → SHORT | long=sl(-2.52%) short=tp(+4.75%) | scanned=2 | short_tp_only
  [label] 2022-09-16 08:00 TRXUSDT entry=0.0610 → SHORT | long=sl(-2.70%) short=timeout(+2.10%) | scanned=22 | no_tp→fwd_return=-2.1956[I 2026-05-06 02:24:47,682] A new study created in memory with name: no-name-e226c0c5-b972-4d8e-a561-3f31db4e672d
[I 2026-05-06 02:24:47,929] Trial 0 finished with value: -0.01082098027437774 and parameters: {'confidence_threshold': 0.7790993046299082, 'training_days': 230, 'n_estimators': 295, 'max_depth': 5, 'num_leaves': 83, 'learning_rate': 0.051543455158230854, 'subsample': 0.8773243492079463, 'min_child_samples': 10, 'reg_alpha': 0.034096514368237685, 'reg_lambda': 3.154180388637081e-05}. Best is trial 0 with value: -0.01082098027437774.
