[I 2026-05-06 02:24:23,136] Trial 1 finished with value: -0.049891533276650434 and parameters: {'confidence_threshold': 0.6929247853618086, 'training_days': 410, 'n_estimators': 233, 'max_depth': 5, 'num_leaves': 108, 'learning_rate': 0.013724237108071606, 'subsample': 0.7013182233636002, 'min_child_samples': 94, 'reg_alpha': 2.4040959529260723e-06, 'reg_lambda': 5.320966582161148}. Best is trial 1 with value: -0.049891533276650434.
[I 2026-05-06 02:24:23,202] Trial 2 finished with value: -0.06601197770051445 and parameters: {'confidence_threshold': 0.546341527225763, 'training_days': 270, 'n_estimators': 120, 'max_depth': 4, 'num_leaves': 53, 'learning_rate': 0.060197068579343475, 'subsample': 0.588227873455941, 'min_child_samples': 91, 'reg_alpha': 2.3457771824819002e-08, 'reg_lambda': 1.1358840775642732e-08}. Best is trial 1 with value: -0.049891533276650434.
[I 2026-05-06 02:24:23,397] Trial 3 finished with value: -0.05968244387423651 and parameters: {'confidence_threshold': 0.6000319676300473, 'training_days': 270, 'n_estimators': 382, 'max_depth': 4, 'num_leaves': 44, 'learning_rate': 0.09185046765032388, 'subsample': 0.6743651508646724, 'min_child_samples': 77, 'reg_alpha': 0.0013974578104212739, 'reg_lambda': 8.97190257982477e-08}. Best is trial 1 with value: -0.049891533276650434.
[I 2026-05-06 02:24:23,819] Trial 4 finished with value: 0.039749547741250064 and parameters: {'confidence_threshold': 0.7642618789055509, 'training_days': 390, 'n_estimators': 464, 'max_depth': 5, 'num_leaves': 30, 'learning_rate': 0.024562383309704932, 'subsample': 0.8612975035964376, 'min_child_samples': 36, 'reg_alpha': 1.593999300080167, 'reg_lambda': 0.006081270362829788}. Best is trial 4 with value: 0.039749547741250064.
[I 2026-05-06 02:24:23,963] Trial 5 finished with value: -0.046676651208490946 and parameters: {'confidence_threshold': 0.6029115860358569, 'training_days': 60, 'n_estimators': 441, 'max_depth': 3, 'num_leaves': 66, 'learning_rate': 0.044953114425778824, 'subsample': 0.7098948461279406, 'min_child_samples': 15, 'reg_alpha': 4.888753565548431e-07, 'reg_lambda': 4.198190642566389}. Best is trial 4 with value: 0.039749547741250064.
[I 2026-05-06 02:24:24,213] Trial 6 finished with value: -0.06539385903403114 and parameters: {'confidence_threshold': 0.7376932868314098, 'training_days': 290, 'n_estimators': 249, 'max_depth': 5, 'num_leaves': 121, 'learning_rate': 0.015565840632862623, 'subsample': 0.8390183783709677, 'min_child_samples': 19, 'reg_alpha': 1.860444687368747e-08, 'reg_lambda': 2.7391483548058117e-06}. Best is trial 4 with value: 0.039749547741250064.
[I 2026-05-06 02:24:24,253] Trial 7 finished with value: -0.04598452179226724 and parameters: {'confidence_threshold': 0.563503962036334, 'training_days': 70, 'n_estimators': 63, 'max_depth': 3, 'num_leaves': 47, 'learning_rate': 0.18074927623018475, 'subsample': 0.5059692991701257, 'min_child_samples': 9, 'reg_alpha': 3.6945804405602874e-08, 'reg_lambda': 0.027706035542028905}. Best is trial 4 with value: 0.039749547741250064.
[I 2026-05-06 02:24:24,346] Trial 8 finished with value: 0.07309885091976467 and parameters: {'confidence_threshold': 0.6525471176758836, 'training_days': 440, 'n_estimators': 116, 'max_depth': 4, 'num_leaves': 115, 'learning_rate': 0.010229952960863938, 'subsample': 0.5062159465415076, 'min_child_samples': 54, 'reg_alpha': 6.790626457822126e-06, 'reg_lambda': 1.7869141074987722e-05}. Best is trial 8 with value: 0.07309885091976467.
[I 2026-05-06 02:24:24,456] Trial 9 finished with value: 0.20316891040561247 and parameters: {'confidence_threshold': 0.7277571993354469, 'training_days': 360, 'n_estimators': 75, 'max_depth': 5, 'num_leaves': 41, 'learning_rate': 0.014186743931212992, 'subsample': 0.7445187273047605, 'min_child_samples': 22, 'reg_alpha': 0.02393227447113315, 'reg_lambda': 0.009236766173618426}. Best is trial 9 with value: 0.20316891040561247.
[I 2026-05-06 02:24:24,831] A new study created in memory with name: no-name-120dabe8-4fb0-42bc-a4d1-12f1d952442e
[I 2026-05-06 02:24:25,154] Trial 0 finished with value: 0.04106107376823835 and parameters: {'confidence_threshold': 0.7790993046299082, 'training_days': 230, 'n_estimators': 295, 'max_depth': 5, 'num_leaves': 83, 'learning_rate': 0.051543455158230854, 'subsample': 0.8773243492079463, 'min_child_samples': 10, 'reg_alpha': 0.034096514368237685, 'reg_lambda': 3.154180388637081e-05}. Best is trial 0 with value: 0.04106107376823835.
[I 2026-05-06 02:24:25,296] Trial 1 finished with value: 0.033341243140954546 and parameters: {'confidence_threshold': 0.6929247853618086, 'training_days': 410, 'n_estimators': 233, 'max_depth': 5, 'num_leaves': 108, 'learning_rate': 0.013724237108071606, 'subsample': 0.7013182233636002, 'min_child_samples': 94, 'reg_alpha': 2.4040959529260723e-06, 'reg_lambda': 5.320966582161148}. Best is trial 0 with value: 0.04106107376823835.
[I 2026-05-06 02:24:25,358] Trial 2 finished with value: -0.03995223631530101 and parameters: {'confidence_threshold': 0.546341527225763, 'training_days': 270, 'n_estimators': 120, 'max_depth': 4, 'num_leaves': 53, 'learning_rate': 0.060197068579343475, 'subsample': 0.588227873455941, 'min_child_samples': 91, 'reg_alpha': 2.3457771824819002e-08, 'reg_lambda': 1.1358840775642732e-08}. Best is trial 0 with value: 0.04106107376823835.
[I 2026-05-06 02:24:25,542] Trial 3 finished with value: -0.04221410944799593 and parameters: {'confidence_threshold': 0.6000319676300473, 'training_days': 270, 'n_estimators': 382, 'max_depth': 4, 'num_leaves': 44, 'learning_rate': 0.09185046765032388, 'subsample': 0.6743651508646724, 'min_child_samples': 77, 'reg_alpha': 0.0013974578104212739, 'reg_lambda': 8.97190257982477e-08}. Best is trial 0 with value: 0.04106107376823835.
[I 2026-05-06 02:24:25,949] Trial 4 finished with value: 0.09733434739128673 and parameters: {'confidence_threshold': 0.7642618789055509, 'training_days': 390, 'n_estimators': 464, 'max_depth': 5, 'num_leaves': 30, 'learning_rate': 0.024562383309704932, 'subsample': 0.8612975035964376, 'min_child_samples': 36, 'reg_alpha': 1.593999300080167, 'reg_lambda': 0.006081270362829788}. Best is trial 4 with value: 0.09733434739128673.
[I 2026-05-06 02:24:26,109] Trial 5 finished with value: -0.026344782703806146 and parameters: {'confidence_threshold': 0.6029115860358569, 'training_days': 60, 'n_estimators': 441, 'max_depth': 3, 'num_leaves': 66, 'learning_rate': 0.044953114425778824, 'subsample': 0.7098948461279406, 'min_child_samples': 15, 'reg_alpha': 4.888753565548431e-07, 'reg_lambda': 4.198190642566389}. Best is trial 4 with value: 0.09733434739128673.

  [label] 2021-07-12 00:00 TRXUSDT entry=0.0623 → SHORT | long=sl(-4.82%) short=tp(+9.33%) | scanned=13 | short_tp_only
  [label] 2021-07-18 08:00 TRXUSDT entry=0.0557 → SHORT | long=sl(-5.01%) short=tp(+9.73%) | scanned=5 | short_tp_only
  [label] 2021-07-30 08:00 TRXUSDT entry=0.0613 → LONG | long=tp(+9.50%) short=sl(-4.90%) | scanned=15 | long_tp_only
  [label] 2021-09-07 16:00 TRXUSDT entry=0.0853 → LONG | long=tp(+15.61%) short=sl(-7.96%) | scanned=13 | long_tp_only
  [label] 2021-09-17 08:00 TRXUSDT entry=0.1062 → SHORT | long=sl(-9.06%) short=tp(+17.82%) | scanned=11 | short_tp_only
  [label] 2021-12-11 16:00 TRXUSDT entry=0.0916 → SHORT | long=sl(-5.88%) short=tp(+11.46%) | scanned=17 | short_tp_only
  Labels: 1216 long (56.6%), 934 short (43.4%) | weights: min=1.01, mean=3.23, max=10.00
  Features: 2150/2150 matched, 14 columns
  CV gap: 22 rows
    [trial 0] 14 features, training_days=230 | threshold=0.779 | labels: 1216 long, 934 short (57/43%)
    [CV fold 0] train_end=2020-05-06 16:00 | val_start=2020-05-14 08:00 | gap=184h (22 rows)
    [CV fold 1] train_end=2020-09-03 00:00 | val_start=2020-09-10 16:00 | gap=184h (22 rows)
    [CV fold 2] train_end=2020-12-31 08:00 | val_start=2021-01-08 00:00 | gap=184h (22 rows)
    [CV fold 3] train_end=2021-04-29 16:00 | val_start=2021-05-07 08:00 | gap=184h (22 rows)
    [CV fold 4] train_end=2021-08-27 00:00 | val_start=2021-09-03 16:00 | gap=184h (22 rows)
    [trial 0] Sharpe=-0.0619 (folds: -0.3169, 0.0450, -0.1133, -0.1970, 0.2727)
    [trial 1] 14 features, training_days=410 | threshold=0.693 | labels: 1216 long, 934 short (57/43%)
    [trial 1] Sharpe=-0.0499 (folds: -0.2500, -0.0533, 0.0708, -0.4815, 0.4646)
    [trial 2] 14 features, training_days=270 | threshold=0.546 | labels: 1216 long, 934 short (57/43%)
    [trial 2] Sharpe=-0.0660 (folds: -0.2625, 0.1271, -0.1370, -0.2139, 0.1564)
    [trial 3] 14 features, training_days=270 | threshold=0.600 | labels: 1216 long, 934 short (57/43%)
    [trial 3] Sharpe=-0.0597 (folds: -0.1949, 0.0434, -0.0720, -0.1852, 0.1103)
    [trial 4] 14 features, training_days=390 | threshold=0.764 | labels: 1216 long, 934 short (57/43%)
    [trial 4] Sharpe=0.0397 (folds: -0.2915, 0.0557, -0.0034, -0.0071, 0.4451)
    [trial 5] 14 features, training_days=60 | threshold=0.603 | labels: 1216 long, 934 short (57/43%)
    [trial 5] Sharpe=-0.0467 (folds: -0.0535, 0.0064, -0.0019, -0.1715, -0.0130)
    [trial 6] 14 features, training_days=290 | threshold=0.738 | labels: 1216 long, 934 short (57/43%)
    [trial 6] Sharpe=-0.0654 (folds: -0.4190, -0.0445, -0.0713, -0.2188, 0.4267)
    [trial 7] 14 features, training_days=70 | threshold=0.564 | labels: 1216 long, 934 short (57/43%)
    [trial 7] Sharpe=-0.0460 (folds: -0.2078, -0.0511, -0.0212, 0.0434, 0.0067)
    [trial 8] 14 features, training_days=440 | threshold=0.653 | labels: 1216 long, 934 short (57/43%)
    [trial 8] Sharpe=0.0731 (folds: -0.3642, -0.3179, 0.9534, -0.3714, 0.4656)
    [trial 9] 14 features, training_days=360 | threshold=0.728 | labels: 1216 long, 934 short (57/43%)
    [trial 9] Sharpe=0.2032 (folds: -0.4135, -0.4421, 1.5493, -0.5333, 0.8554)
  Optuna: 10 trials, best Sharpe = 0.2032
  Best params: n_estimators=75, max_depth=5, lr=0.0142, leaves=41
  Best confidence_threshold: 0.728
  Best training_days: 360
  Retrained on full data (1080 samples, 14 features)
  Model trained for 2022-01: 93 test candles with features, confidence_threshold=0.728
[lgbm] === Training for 2022-02 ===
  Train window: 2020-02-01 → 2022-02-01
  2193 training samples from 1 symbols
  Samples per month: 2020-02: 87, 2020-03: 93, 2020-04: 90, 2020-05: 93, 2020-06: 90, 2020-07: 93, 2020-08: 93, 2020-09: 90, 2020-10: 93, 2020-11: 90, 2020-12: 93, 2021-01: 93, 2021-02: 84, 2021-03: 93, 2021-04: 90, 2021-05: 93, 2021-06: 90, 2021-07: 93, 2021-08: 93, 2021-09: 90, 2021-10: 93, 2021-11: 90, 2021-12: 93, 2022-01: 93
  [label] 2020-04-03 08:00 TRXUSDT entry=0.0119 → LONG | long=tp(+12.85%) short=sl(-6.58%) | scanned=10 | long_tp_only
  [label] 2020-04-05 16:00 TRXUSDT entry=0.0126 → LONG | long=tp(+11.62%) short=sl(-5.96%) | scanned=4 | long_tp_only
  [label] 2020-04-09 08:00 TRXUSDT entry=0.0134 → SHORT | long=sl(-5.68%) short=tp(+11.06%) | scanned=20 | short_tp_only
  [label] 2020-05-04 08:00 TRXUSDT entry=0.0164 → SHORT | long=sl(-5.40%) short=tp(+10.49%) | scanned=17 | short_tp_only
  [label] 2020-06-26 08:00 TRXUSDT entry=0.0158 → LONG | long=sl(-3.76%) short=sl(-3.76%) | scanned=10 | no_tp→fwd_return=+2.7284
  [label] 2020-12-11 08:00 TRXUSDT entry=0.0281 → LONG | long=tp(+11.39%) short=sl(-5.85%) | scanned=16 | long_tp_only
  [label] 2020-12-15 08:00 TRXUSDT entry=0.0293 → LONG | long=tp(+8.68%) short=sl(-4.49%) | scanned=5 | long_tp_only
  [label] 2020-12-26 00:00 TRXUSDT entry=0.0277 → SHORT | long=timeout(-3.46%) short=sl(-7.31%) | scanned=22 | no_tp→fwd_return=-3.3635
  [label] 2021-02-09 08:00 TRXUSDT entry=0.0481 → LONG | long=sl(-7.07%) short=sl(-7.07%) | scanned=7 | no_tp→fwd_return=+18.7929
  [label] 2021-02-18 00:00 TRXUSDT entry=0.0536 → LONG | long=tp(+20.93%) short=sl(-10.61%) | scanned=3 | long_tp_only
  [label] 2021-05-20 16:00 TRXUSDT entry=0.0892 → SHORT | long=sl(-18.69%) short=tp(+37.09%) | scanned=9 | short_tp_only
  [label] 2021-06-21 16:00 TRXUSDT entry=0.0535 → LONG | long=sl(-9.18%) short=sl(-9.18%) | scanned=7 | no_tp→fwd_return=+19.5400
  [label] 2021-07-08 00:00 TRXUSDT entry=0.0611 → SHORT | long=sl(-5.85%) short=timeout(+3.73%) | scanned=22 | no_tp→fwd_return=-3.8317
  [label] 2021-07-21 00:00 TRXUSDT entry=0.0531 → LONG | long=tp(+10.76%) short=sl(-5.53%) | scanned=15 | long_tp_only
  [label] 2021-08-08 16:00 TRXUSDT entry=0.0719 → LONG | long=tp(+9.51%) short=sl(-4.91%) | scanned=7 | long_tp_only
  [label] 2021-08-15 00:00 TRXUSDT entry=0.0906 → SHORT | long=sl(-5.88%) short=sl(-5.88%) | scanned=8 | no_tp→fwd_return=-6.0603
  [label] 2021-08-27 08:00 TRXUSDT entry=0.0862 → LONG | long=tp(+11.15%) short=sl(-5.72%) | scanned=17 | long_tp_only
  [label] 2021-10-06 08:00 TRXUSDT entry=0.0962 → SHORT | long=timeout(-1.00%) short=sl(-5.68%) | scanned=22 | no_tp→fwd_return=-0.9046
  [label] 2021-10-16 08:00 TRXUSDT entry=0.0992 → LONG | long=timeout(+1.60%) short=sl(-4.93%) | scanned=22 | no_tp→fwd_return=+1.7036
  [label] 2022-01-11 08:00 TRXUSDT entry=0.0642 → LONG | long=tp(+10.07%) short=sl(-5.18%) | scanned=17 | long_tp_only
  Labels: 1223 long (55.8%), 970 short (44.2%) | weights: min=1.01, mean=3.21, max=10.00
  Features: 2193/2193 matched, 14 columns
  CV gap: 22 rows
    [trial 0] 14 features, training_days=230 | threshold=0.779 | labels: 1223 long, 970 short (56/44%)
    [CV fold 0] train_end=2020-05-26 00:00 | val_start=2020-06-02 16:00 | gap=184h (22 rows)
    [CV fold 1] train_end=2020-09-24 16:00 | val_start=2020-10-02 08:00 | gap=184h (22 rows)
    [CV fold 2] train_end=2021-01-24 08:00 | val_start=2021-02-01 00:00 | gap=184h (22 rows)
    [CV fold 3] train_end=2021-05-26 00:00 | val_start=2021-06-02 16:00 | gap=184h (22 rows)
    [CV fold 4] train_end=2021-09-24 16:00 | val_start=2021-10-02 08:00 | gap=184h (22 rows)
    [trial 0] Sharpe=0.0411 (folds: -0.0561, 0.1268, -0.2289, -0.0121, 0.3755)
    [trial 1] 14 features, training_days=410 | threshold=0.693 | labels: 1223 long, 970 short (56/44%)
    [trial 1] Sharpe=0.0333 (folds: -0.6273, 0.0003, -0.0811, 0.4015, 0.4732)
    [trial 2] 14 features, training_days=270 | threshold=0.546 | labels: 1223 long, 970 short (56/44%)
    [trial 2] Sharpe=-0.0400 (folds: -0.2378, 0.1298, -0.2023, 0.0040, 0.1065)
    [trial 3] 14 features, training_days=270 | threshold=0.600 | labels: 1223 long, 970 short (56/44%)
    [trial 3] Sharpe=-0.0422 (folds: -0.3648, 0.1348, -0.1100, 0.0653, 0.0637)
    [trial 4] 14 features, training_days=390 | threshold=0.764 | labels: 1223 long, 970 short (56/44%)
    [trial 4] Sharpe=0.0973 (folds: -0.0032, 0.0943, -0.0922, 0.2224, 0.2655)
    [trial 5] 14 features, training_days=60 | threshold=0.603 | labels: 1223 long, 970 short (56/44%)
    [trial 5] Sharpe=-0.0263 (folds: -0.1011, 0.2433, -0.2190, 0.0425, -0.0974)
    [trial 6] 14 features, training_days=290 | threshold=0.738 | labels: 1223 long, 970 short (56/44%)[I 2026-05-06 02:24:26,360] Trial 6 finished with value: 0.10866747820322123 and parameters: {'confidence_threshold': 0.7376932868314098, 'training_days': 290, 'n_estimators': 249, 'max_depth': 5, 'num_leaves': 121, 'learning_rate': 0.015565840632862623, 'subsample': 0.8390183783709677, 'min_child_samples': 19, 'reg_alpha': 1.860444687368747e-08, 'reg_lambda': 2.7391483548058117e-06}. Best is trial 6 with value: 0.10866747820322123.
[I 2026-05-06 02:24:26,399] Trial 7 finished with value: -0.023398314165806268 and parameters: {'confidence_threshold': 0.563503962036334, 'training_days': 70, 'n_estimators': 63, 'max_depth': 3, 'num_leaves': 47, 'learning_rate': 0.18074927623018475, 'subsample': 0.5059692991701257, 'min_child_samples': 9, 'reg_alpha': 3.6945804405602874e-08, 'reg_lambda': 0.027706035542028905}. Best is trial 6 with value: 0.10866747820322123.
[I 2026-05-06 02:24:26,493] Trial 8 finished with value: -0.017307096299308333 and parameters: {'confidence_threshold': 0.6525471176758836, 'training_days': 440, 'n_estimators': 116, 'max_depth': 4, 'num_leaves': 115, 'learning_rate': 0.010229952960863938, 'subsample': 0.5062159465415076, 'min_child_samples': 54, 'reg_alpha': 6.790626457822126e-06, 'reg_lambda': 1.7869141074987722e-05}. Best is trial 6 with value: 0.10866747820322123.
[I 2026-05-06 02:24:26,583] Trial 9 finished with value: -1.7369793357885424 and parameters: {'confidence_threshold': 0.7277571993354469, 'training_days': 360, 'n_estimators': 75, 'max_depth': 5, 'num_leaves': 41, 'learning_rate': 0.014186743931212992, 'subsample': 0.7445187273047605, 'min_child_samples': 22, 'reg_alpha': 0.02393227447113315, 'reg_lambda': 0.009236766173618426}. Best is trial 6 with value: 0.10866747820322123.
[I 2026-05-06 02:24:26,991] A new study created in memory with name: no-name-7abb65c2-1d4c-41ce-9027-c99b1c2cb70f
[I 2026-05-06 02:24:27,286] Trial 0 finished with value: 0.15167352665978623 and parameters: {'confidence_threshold': 0.7790993046299082, 'training_days': 230, 'n_estimators': 295, 'max_depth': 5, 'num_leaves': 83, 'learning_rate': 0.051543455158230854, 'subsample': 0.8773243492079463, 'min_child_samples': 10, 'reg_alpha': 0.034096514368237685, 'reg_lambda': 3.154180388637081e-05}. Best is trial 0 with value: 0.15167352665978623.
[I 2026-05-06 02:24:27,437] Trial 1 finished with value: 0.16060630946456494 and parameters: {'confidence_threshold': 0.6929247853618086, 'training_days': 410, 'n_estimators': 233, 'max_depth': 5, 'num_leaves': 108, 'learning_rate': 0.013724237108071606, 'subsample': 0.7013182233636002, 'min_child_samples': 94, 'reg_alpha': 2.4040959529260723e-06, 'reg_lambda': 5.320966582161148}. Best is trial 1 with value: 0.16060630946456494.
[I 2026-05-06 02:24:27,505] Trial 2 finished with value: 0.0417467773711037 and parameters: {'confidence_threshold': 0.546341527225763, 'training_days': 270, 'n_estimators': 120, 'max_depth': 4, 'num_leaves': 53, 'learning_rate': 0.060197068579343475, 'subsample': 0.588227873455941, 'min_child_samples': 91, 'reg_alpha': 2.3457771824819002e-08, 'reg_lambda': 1.1358840775642732e-08}. Best is trial 1 with value: 0.16060630946456494.
[I 2026-05-06 02:24:27,679] Trial 3 finished with value: 0.06168021243750974 and parameters: {'confidence_threshold': 0.6000319676300473, 'training_days': 270, 'n_estimators': 382, 'max_depth': 4, 'num_leaves': 44, 'learning_rate': 0.09185046765032388, 'subsample': 0.6743651508646724, 'min_child_samples': 77, 'reg_alpha': 0.0013974578104212739, 'reg_lambda': 8.97190257982477e-08}. Best is trial 1 with value: 0.16060630946456494.
[I 2026-05-06 02:24:28,061] Trial 4 finished with value: 0.19736060035399677 and parameters: {'confidence_threshold': 0.7642618789055509, 'training_days': 390, 'n_estimators': 464, 'max_depth': 5, 'num_leaves': 30, 'learning_rate': 0.024562383309704932, 'subsample': 0.8612975035964376, 'min_child_samples': 36, 'reg_alpha': 1.593999300080167, 'reg_lambda': 0.006081270362829788}. Best is trial 4 with value: 0.19736060035399677.
[I 2026-05-06 02:24:28,213] Trial 5 finished with value: -0.035024942241272464 and parameters: {'confidence_threshold': 0.6029115860358569, 'training_days': 60, 'n_estimators': 441, 'max_depth': 3, 'num_leaves': 66, 'learning_rate': 0.044953114425778824, 'subsample': 0.7098948461279406, 'min_child_samples': 15, 'reg_alpha': 4.888753565548431e-07, 'reg_lambda': 4.198190642566389}. Best is trial 4 with value: 0.19736060035399677.
[I 2026-05-06 02:24:28,465] Trial 6 finished with value: 0.25133368250867816 and parameters: {'confidence_threshold': 0.7376932868314098, 'training_days': 290, 'n_estimators': 249, 'max_depth': 5, 'num_leaves': 121, 'learning_rate': 0.015565840632862623, 'subsample': 0.8390183783709677, 'min_child_samples': 19, 'reg_alpha': 1.860444687368747e-08, 'reg_lambda': 2.7391483548058117e-06}. Best is trial 6 with value: 0.25133368250867816.
[I 2026-05-06 02:24:28,501] Trial 7 finished with value: -0.028681044651140786 and parameters: {'confidence_threshold': 0.563503962036334, 'training_days': 70, 'n_estimators': 63, 'max_depth': 3, 'num_leaves': 47, 'learning_rate': 0.18074927623018475, 'subsample': 0.5059692991701257, 'min_child_samples': 9, 'reg_alpha': 3.6945804405602874e-08, 'reg_lambda': 0.027706035542028905}. Best is trial 6 with value: 0.25133368250867816.
[I 2026-05-06 02:24:28,602] Trial 8 finished with value: 0.18389694676274182 and parameters: {'confidence_threshold': 0.6525471176758836, 'training_days': 440, 'n_estimators': 116, 'max_depth': 4, 'num_leaves': 115, 'learning_rate': 0.010229952960863938, 'subsample': 0.5062159465415076, 'min_child_samples': 54, 'reg_alpha': 6.790626457822126e-06, 'reg_lambda': 1.7869141074987722e-05}. Best is trial 6 with value: 0.25133368250867816.
