[I 2026-05-06 02:22:11,491] Trial 7 finished with value: -0.013192240590656223 and parameters: {'confidence_threshold': 0.563503962036334, 'training_days': 70, 'n_estimators': 63, 'max_depth': 3, 'num_leaves': 47, 'learning_rate': 0.18074927623018475, 'subsample': 0.5059692991701257, 'min_child_samples': 9, 'reg_alpha': 3.6945804405602874e-08, 'reg_lambda': 0.027706035542028905}. Best is trial 5 with value: -0.0018928463616899095.

  Labels: 998 long (45.9%), 1177 short (54.1%) | weights: min=1.00, mean=2.28, max=10.00
  Features: 2175/2175 matched, 14 columns
  CV gap: 22 rows
    [trial 0] 14 features, training_days=230 | threshold=0.779 | labels: 998 long, 1177 short (46/54%)
    [CV fold 0] train_end=2020-12-24 00:00 | val_start=2020-12-31 16:00 | gap=184h (22 rows)
    [CV fold 1] train_end=2021-04-23 16:00 | val_start=2021-05-01 08:00 | gap=184h (22 rows)
    [CV fold 2] train_end=2021-08-22 08:00 | val_start=2021-08-30 00:00 | gap=184h (22 rows)
    [CV fold 3] train_end=2021-12-21 00:00 | val_start=2021-12-28 16:00 | gap=184h (22 rows)
    [CV fold 4] train_end=2022-04-25 16:00 | val_start=2022-05-03 08:00 | gap=184h (22 rows)
    [trial 0] Sharpe=-0.1658 (folds: -0.2671, -0.2890, -0.2181, -0.2397, 0.1849)
    [trial 1] 14 features, training_days=410 | threshold=0.693 | labels: 998 long, 1177 short (46/54%)
    [trial 1] Sharpe=-0.1220 (folds: -0.2146, -0.2193, 0.0818, -0.2238, -0.0341)
    [trial 2] 14 features, training_days=270 | threshold=0.546 | labels: 998 long, 1177 short (46/54%)
    [trial 2] Sharpe=-0.1350 (folds: -0.2284, -0.2019, -0.1129, -0.2348, 0.1028)
    [trial 3] 14 features, training_days=270 | threshold=0.600 | labels: 998 long, 1177 short (46/54%)
    [trial 3] Sharpe=-0.1281 (folds: -0.2292, -0.1961, -0.2055, -0.2064, 0.1966)
    [trial 4] 14 features, training_days=390 | threshold=0.764 | labels: 998 long, 1177 short (46/54%)
    [trial 4] Sharpe=-0.1204 (folds: -0.2070, -0.1063, -0.0027, -0.2032, -0.0829)
    [trial 5] 14 features, training_days=60 | threshold=0.603 | labels: 998 long, 1177 short (46/54%)
    [trial 5] Sharpe=-0.1251 (folds: -0.3194, -0.0664, 0.0199, -0.2030, -0.0562)
    [trial 6] 14 features, training_days=290 | threshold=0.738 | labels: 998 long, 1177 short (46/54%)
    [trial 6] Sharpe=-0.1490 (folds: -0.1112, -0.2431, -0.0855, -0.2007, -0.1046)
    [trial 7] 14 features, training_days=70 | threshold=0.564 | labels: 998 long, 1177 short (46/54%)
    [trial 7] Sharpe=-0.1708 (folds: -0.2850, -0.1271, -0.0556, -0.2138, -0.1727)
    [trial 8] 14 features, training_days=440 | threshold=0.653 | labels: 998 long, 1177 short (46/54%)
    [trial 8] Sharpe=-0.2544 (folds: -0.1544, -0.2482, -0.0238, -0.7881, -0.0578)
    [trial 9] 14 features, training_days=360 | threshold=0.728 | labels: 998 long, 1177 short (46/54%)
    [trial 9] Sharpe=-2.1598 (folds: -0.0938, 0.0156, 0.0088, -0.7299, -10.0000)
  Optuna: 10 trials, best Sharpe = -0.1204
  Best params: n_estimators=464, max_depth=5, lr=0.0246, leaves=30
  Best confidence_threshold: 0.764
  Best training_days: 390
  Retrained on full data (1155 samples, 14 features)
  Model trained for 2022-09: 90 test candles with features, confidence_threshold=0.764
[predict] 2022-09-27 00:00 MKRUSDT → SHORT (proba=0.99 TP=11.2%/SL=5.6%)
[trade:open] 2022-09-27 07:59 MKRUSDT SHORT @ 748.10 | SL=789.96 TP=664.37 | timeout=2022-10-04 07:59
[lgbm] === Training for 2022-10 ===
  Train window: 2020-10-01 → 2022-10-01
  2175 training samples from 1 symbols
  Samples per month: 2020-10: 93, 2020-11: 90, 2020-12: 93, 2021-01: 93, 2021-02: 84, 2021-03: 93, 2021-04: 90, 2021-05: 93, 2021-06: 90, 2021-07: 93, 2021-08: 93, 2021-09: 90, 2021-10: 93, 2021-11: 90, 2021-12: 93, 2022-01: 93, 2022-02: 75, 2022-03: 93, 2022-04: 84, 2022-05: 93, 2022-06: 90, 2022-07: 93, 2022-08: 93, 2022-09: 90
  [label] 2020-12-01 16:00 MKRUSDT entry=528.9800 → SHORT | long=sl(-6.97%) short=sl(-6.97%) | scanned=21 | no_tp→fwd_return=-4.9416
  [label] 2020-12-04 00:00 MKRUSDT entry=569.9100 → SHORT | long=sl(-6.12%) short=tp(+11.94%) | scanned=13 | short_tp_only
  [label] 2020-12-07 16:00 MKRUSDT entry=519.0400 → LONG | long=sl(-5.84%) short=timeout(-4.04%) | scanned=22 | no_tp→fwd_return=+3.9419
  [label] 2021-01-01 16:00 MKRUSDT entry=581.6700 → LONG | long=tp(+11.74%) short=sl(-6.02%) | scanned=4 | long_tp_only
  [label] 2021-02-23 00:00 MKRUSDT entry=2049.6200 → LONG | long=timeout(+6.53%) short=sl(-15.21%) | scanned=22 | no_tp→fwd_return=+6.6300
  [label] 2021-08-08 16:00 MKRUSDT entry=3232.1000 → LONG | long=tp(+12.77%) short=sl(-6.53%) | scanned=14 | long_tp_only
  [label] 2021-08-12 16:00 MKRUSDT entry=3253.9000 → LONG | long=tp(+12.97%) short=sl(-6.64%) | scanned=3 | long_tp_only
  [label] 2021-08-23 08:00 MKRUSDT entry=3945.6000 → SHORT | long=sl(-6.09%) short=tp(+11.89%) | scanned=9 | short_tp_only
  [label] 2021-10-07 08:00 MKRUSDT entry=2477.2000 → LONG | long=timeout(+4.62%) short=sl(-6.91%) | scanned=22 | no_tp→fwd_return=+4.7231
  [label] 2021-10-16 00:00 MKRUSDT entry=2579.3000 → SHORT | long=sl(-5.69%) short=timeout(+2.21%) | scanned=22 | no_tp→fwd_return=-2.3146
  [label] 2022-01-14 16:00 MKRUSDT entry=2191.1000 → SHORT | long=sl(-6.10%) short=tp(+11.90%) | scanned=18 | short_tp_only
  [label] 2022-02-15 16:00 MKRUSDT entry=2102.2000 → SHORT | long=sl(-5.90%) short=tp(+11.49%) | scanned=11 | short_tp_only
  [label] 2022-03-06 16:00 MKRUSDT entry=1718.4000 → SHORT | long=timeout(-2.06%) short=sl(-8.49%) | scanned=22 | no_tp→fwd_return=-1.9611
  [label] 2022-03-19 16:00 MKRUSDT entry=2059.3000 → SHORT | long=sl(-5.63%) short=timeout(+2.13%) | scanned=22 | no_tp→fwd_return=-2.2289
  [label] 2022-04-09 00:00 MKRUSDT entry=2055.0000 → SHORT | long=sl(-6.72%) short=timeout(+7.78%) | scanned=22 | no_tp→fwd_return=-7.8832
  [label] 2022-04-15 08:00 MKRUSDT entry=1972.3000 → SHORT | long=sl(-6.09%) short=tp(+11.87%) | scanned=8 | short_tp_only
  [label] 2022-04-27 16:00 MKRUSDT entry=1670.3000 → SHORT | long=sl(-6.35%) short=tp(+12.40%) | scanned=9 | short_tp_only
  [label] 2022-06-06 08:00 MKRUSDT entry=1202.1000 → SHORT | long=sl(-7.23%) short=tp(+14.16%) | scanned=15 | short_tp_only
  [label] 2022-06-16 08:00 MKRUSDT entry=760.4000 → LONG | long=sl(-13.77%) short=sl(-13.77%) | scanned=10 | no_tp→fwd_return=+18.8716
  [label] 2022-09-10 16:00 MKRUSDT entry=763.8000 → SHORT | long=sl(-5.45%) short=tp(+10.60%) | scanned=12 | short_tp_only
  Labels: 1004 long (46.2%), 1171 short (53.8%) | weights: min=1.00, mean=2.27, max=10.00
  Features: 2175/2175 matched, 14 columns
  CV gap: 22 rows
    [trial 0] 14 features, training_days=230 | threshold=0.779 | labels: 1004 long, 1171 short (46/54%)
    [CV fold 0] train_end=2021-01-23 00:00 | val_start=2021-01-30 16:00 | gap=184h (22 rows)
    [CV fold 1] train_end=2021-05-23 16:00 | val_start=2021-05-31 08:00 | gap=184h (22 rows)
    [CV fold 2] train_end=2021-09-21 08:00 | val_start=2021-09-29 00:00 | gap=184h (22 rows)
    [CV fold 3] train_end=2022-01-20 00:00 | val_start=2022-01-27 16:00 | gap=184h (22 rows)
    [CV fold 4] train_end=2022-05-25 16:00 | val_start=2022-06-02 08:00 | gap=184h (22 rows)
    [trial 0] Sharpe=-0.1526 (folds: -0.1917, -0.2486, -0.2221, -0.2613, 0.1609)
    [trial 1] 14 features, training_days=410 | threshold=0.693 | labels: 1004 long, 1171 short (46/54%)
    [trial 1] Sharpe=-0.1961 (folds: -0.2652, -0.4775, -0.2385, -0.0500, 0.0508)
    [trial 2] 14 features, training_days=270 | threshold=0.546 | labels: 1004 long, 1171 short (46/54%)
    [trial 2] Sharpe=-0.1630 (folds: -0.1698, -0.2648, -0.2284, -0.2129, 0.0611)
    [trial 3] 14 features, training_days=270 | threshold=0.600 | labels: 1004 long, 1171 short (46/54%)
    [trial 3] Sharpe=-0.1356 (folds: -0.0063, -0.2408, -0.3552, -0.0964, 0.0205)
    [trial 4] 14 features, training_days=390 | threshold=0.764 | labels: 1004 long, 1171 short (46/54%)
    [trial 4] Sharpe=-0.1171 (folds: -0.0039, -0.3031, -0.1218, -0.2262, 0.0697)
    [trial 5] 14 features, training_days=60 | threshold=0.603 | labels: 1004 long, 1171 short (46/54%)
    [trial 5] Sharpe=-0.0019 (folds: -0.1204, -0.2176, -0.1164, 0.2711, 0.1738)
    [trial 6] 14 features, training_days=290 | threshold=0.738 | labels: 1004 long, 1171 short (46/54%)
    [trial 6] Sharpe=-0.2612 (folds: -0.1381, -0.4403, -0.3228, -0.2912, -0.1136)
    [trial 7] 14 features, training_days=70 | threshold=0.564 | labels: 1004 long, 1171 short (46/54%)
    [trial 7] Sharpe=-0.0132 (folds: -0.1396, -0.2686, -0.0174, 0.2928, 0.0668)
    [trial 8] 14 features, training_days=440 | threshold=0.653 | labels: 1004 long, 1171 short (46/54%)[I 2026-05-06 02:22:11,576] Trial 8 finished with value: -0.2424444062703826 and parameters: {'confidence_threshold': 0.6525471176758836, 'training_days': 440, 'n_estimators': 116, 'max_depth': 4, 'num_leaves': 115, 'learning_rate': 0.010229952960863938, 'subsample': 0.5062159465415076, 'min_child_samples': 54, 'reg_alpha': 6.790626457822126e-06, 'reg_lambda': 1.7869141074987722e-05}. Best is trial 5 with value: -0.0018928463616899095.
[I 2026-05-06 02:22:11,666] Trial 9 finished with value: -2.1682674594138414 and parameters: {'confidence_threshold': 0.7277571993354469, 'training_days': 360, 'n_estimators': 75, 'max_depth': 5, 'num_leaves': 41, 'learning_rate': 0.014186743931212992, 'subsample': 0.7445187273047605, 'min_child_samples': 22, 'reg_alpha': 0.02393227447113315, 'reg_lambda': 0.009236766173618426}. Best is trial 5 with value: -0.0018928463616899095.
[I 2026-05-06 02:22:11,954] A new study created in memory with name: no-name-40acb963-dd0f-4f5c-8766-81bb2e69c7a5
[I 2026-05-06 02:22:12,215] Trial 0 finished with value: -0.0353907677365672 and parameters: {'confidence_threshold': 0.7790993046299082, 'training_days': 230, 'n_estimators': 295, 'max_depth': 5, 'num_leaves': 83, 'learning_rate': 0.051543455158230854, 'subsample': 0.8773243492079463, 'min_child_samples': 10, 'reg_alpha': 0.034096514368237685, 'reg_lambda': 3.154180388637081e-05}. Best is trial 0 with value: -0.0353907677365672.
[I 2026-05-06 02:22:12,355] Trial 1 finished with value: -0.12404387715003462 and parameters: {'confidence_threshold': 0.6929247853618086, 'training_days': 410, 'n_estimators': 233, 'max_depth': 5, 'num_leaves': 108, 'learning_rate': 0.013724237108071606, 'subsample': 0.7013182233636002, 'min_child_samples': 94, 'reg_alpha': 2.4040959529260723e-06, 'reg_lambda': 5.320966582161148}. Best is trial 0 with value: -0.0353907677365672.
[I 2026-05-06 02:22:12,430] Trial 2 finished with value: -0.09036566018337419 and parameters: {'confidence_threshold': 0.546341527225763, 'training_days': 270, 'n_estimators': 120, 'max_depth': 4, 'num_leaves': 53, 'learning_rate': 0.060197068579343475, 'subsample': 0.588227873455941, 'min_child_samples': 91, 'reg_alpha': 2.3457771824819002e-08, 'reg_lambda': 1.1358840775642732e-08}. Best is trial 0 with value: -0.0353907677365672.
[I 2026-05-06 02:22:12,610] Trial 3 finished with value: -0.06629476574316201 and parameters: {'confidence_threshold': 0.6000319676300473, 'training_days': 270, 'n_estimators': 382, 'max_depth': 4, 'num_leaves': 44, 'learning_rate': 0.09185046765032388, 'subsample': 0.6743651508646724, 'min_child_samples': 77, 'reg_alpha': 0.0013974578104212739, 'reg_lambda': 8.97190257982477e-08}. Best is trial 0 with value: -0.0353907677365672.
[I 2026-05-06 02:22:13,006] Trial 4 finished with value: -0.07872524233294742 and parameters: {'confidence_threshold': 0.7642618789055509, 'training_days': 390, 'n_estimators': 464, 'max_depth': 5, 'num_leaves': 30, 'learning_rate': 0.024562383309704932, 'subsample': 0.8612975035964376, 'min_child_samples': 36, 'reg_alpha': 1.593999300080167, 'reg_lambda': 0.006081270362829788}. Best is trial 0 with value: -0.0353907677365672.
[I 2026-05-06 02:22:13,158] Trial 5 finished with value: 0.055237361353792556 and parameters: {'confidence_threshold': 0.6029115860358569, 'training_days': 60, 'n_estimators': 441, 'max_depth': 3, 'num_leaves': 66, 'learning_rate': 0.044953114425778824, 'subsample': 0.7098948461279406, 'min_child_samples': 15, 'reg_alpha': 4.888753565548431e-07, 'reg_lambda': 4.198190642566389}. Best is trial 5 with value: 0.055237361353792556.
[I 2026-05-06 02:22:13,385] Trial 6 finished with value: -0.09795533436832685 and parameters: {'confidence_threshold': 0.7376932868314098, 'training_days': 290, 'n_estimators': 249, 'max_depth': 5, 'num_leaves': 121, 'learning_rate': 0.015565840632862623, 'subsample': 0.8390183783709677, 'min_child_samples': 19, 'reg_alpha': 1.860444687368747e-08, 'reg_lambda': 2.7391483548058117e-06}. Best is trial 5 with value: 0.055237361353792556.
[I 2026-05-06 02:22:13,421] Trial 7 finished with value: 0.03753557889956395 and parameters: {'confidence_threshold': 0.563503962036334, 'training_days': 70, 'n_estimators': 63, 'max_depth': 3, 'num_leaves': 47, 'learning_rate': 0.18074927623018475, 'subsample': 0.5059692991701257, 'min_child_samples': 9, 'reg_alpha': 3.6945804405602874e-08, 'reg_lambda': 0.027706035542028905}. Best is trial 5 with value: 0.055237361353792556.
[I 2026-05-06 02:22:13,513] Trial 8 finished with value: -0.08441157442822861 and parameters: {'confidence_threshold': 0.6525471176758836, 'training_days': 440, 'n_estimators': 116, 'max_depth': 4, 'num_leaves': 115, 'learning_rate': 0.010229952960863938, 'subsample': 0.5062159465415076, 'min_child_samples': 54, 'reg_alpha': 6.790626457822126e-06, 'reg_lambda': 1.7869141074987722e-05}. Best is trial 5 with value: 0.055237361353792556.
