[I 2026-05-06 02:21:33,576] Trial 7 finished with value: -0.09009126736701792 and parameters: {'confidence_threshold': 0.563503962036334, 'training_days': 70, 'n_estimators': 63, 'max_depth': 3, 'num_leaves': 47, 'learning_rate': 0.18074927623018475, 'subsample': 0.5059692991701257, 'min_child_samples': 9, 'reg_alpha': 3.6945804405602874e-08, 'reg_lambda': 0.027706035542028905}. Best is trial 2 with value: 0.042676306455179856.

    [trial 1] Sharpe=0.0017 (folds: -0.0808, 0.3746, -0.3232, -0.1650, 0.2032)
    [trial 2] 14 features, training_days=270 | threshold=0.546 | labels: 1075 long, 1118 short (49/51%)
    [trial 2] Sharpe=0.0043 (folds: -0.0447, 0.1409, -0.0616, -0.0122, -0.0009)
    [trial 3] 14 features, training_days=270 | threshold=0.600 | labels: 1075 long, 1118 short (49/51%)
    [trial 3] Sharpe=-0.0187 (folds: -0.1562, 0.1415, -0.0656, -0.0940, 0.0810)
    [trial 4] 14 features, training_days=390 | threshold=0.764 | labels: 1075 long, 1118 short (49/51%)
    [trial 4] Sharpe=0.0482 (folds: -0.0978, 0.2156, -0.0350, -0.0747, 0.2329)
    [trial 5] 14 features, training_days=60 | threshold=0.603 | labels: 1075 long, 1118 short (49/51%)
    [trial 5] Sharpe=0.0054 (folds: -0.1062, 0.0357, 0.0680, -0.0112, 0.0406)
    [trial 6] 14 features, training_days=290 | threshold=0.738 | labels: 1075 long, 1118 short (49/51%)
    [trial 6] Sharpe=0.0051 (folds: 0.0557, 0.0245, 0.0087, -0.0536, -0.0100)
    [trial 7] 14 features, training_days=70 | threshold=0.564 | labels: 1075 long, 1118 short (49/51%)
    [trial 7] Sharpe=-0.0014 (folds: -0.0263, -0.0093, -0.0008, 0.0426, -0.0134)
    [trial 8] 14 features, training_days=440 | threshold=0.653 | labels: 1075 long, 1118 short (49/51%)
    [trial 8] Sharpe=0.0757 (folds: 0.1465, 0.1892, -0.1012, -0.2450, 0.3888)
    [trial 9] 14 features, training_days=360 | threshold=0.728 | labels: 1075 long, 1118 short (49/51%)
    [trial 9] Sharpe=-2.0813 (folds: 0.0792, 0.0199, -0.3479, -0.1577, -10.0000)
  Optuna: 10 trials, best Sharpe = 0.0757
  Best params: n_estimators=116, max_depth=4, lr=0.0102, leaves=115
  Best confidence_threshold: 0.653
  Best training_days: 440
  Retrained on full data (1320 samples, 14 features)
  Model trained for 2024-11: 90 test candles with features, confidence_threshold=0.653
[predict] 2024-11-06 00:00 BCHUSDT → LONG (proba=0.75 TP=10.0%/SL=5.0%)
[trade:open] 2024-11-06 07:59 BCHUSDT LONG @ 371.68 | SL=353.09 TP=408.86 | timeout=2024-11-13 07:59
[trade:close] 2024-11-10 07:59 BCHUSDT LONG → take_profit @ 408.86 | PnL=+10.00% (net +9.90%) | cum=+32.33% 2024-11=+18.05% 2024-11-10=+9.90%
[predict] 2024-11-12 00:00 BCHUSDT → SHORT (proba=0.72 TP=12.4%/SL=6.2%)
[trade:open] 2024-11-12 07:59 BCHUSDT SHORT @ 458.81 | SL=487.25 TP=401.93 | timeout=2024-11-19 07:59
[trade:close] 2024-11-17 07:59 BCHUSDT SHORT → stop_loss @ 487.25 | PnL=-6.20% (net -6.30%) | cum=+26.03% 2024-11=+11.75% 2024-11-17=-6.30%
[predict] 2024-11-21 00:00 BCHUSDT → SHORT (proba=0.72 TP=14.8%/SL=7.4%)
[trade:open] 2024-11-21 07:59 BCHUSDT SHORT @ 526.29 | SL=565.19 TP=448.48 | timeout=2024-11-28 07:59
[trade:close] 2024-11-23 07:59 BCHUSDT SHORT → stop_loss @ 565.19 | PnL=-7.39% (net -7.49%) | cum=+18.54% 2024-11=+4.26% 2024-11-23=-7.49%
[predict] 2024-11-24 16:00 BCHUSDT → SHORT (proba=0.72 TP=16.5%/SL=8.3%)
[trade:open] 2024-11-24 23:59 BCHUSDT SHORT @ 515.16 | SL=557.68 TP=430.13 | timeout=2024-12-01 23:59
[lgbm] === Training for 2024-12 ===
  Train window: 2022-12-01 → 2024-12-01
  2193 training samples from 1 symbols
  Samples per month: 2022-12: 93, 2023-01: 93, 2023-02: 84, 2023-03: 93, 2023-04: 90, 2023-05: 93, 2023-06: 90, 2023-07: 93, 2023-08: 93, 2023-09: 90, 2023-10: 93, 2023-11: 90, 2023-12: 93, 2024-01: 93, 2024-02: 87, 2024-03: 93, 2024-04: 90, 2024-05: 93, 2024-06: 90, 2024-07: 93, 2024-08: 93, 2024-09: 90, 2024-10: 93, 2024-11: 90
  [label] 2023-02-01 08:00 BCHUSDT entry=130.0200 → LONG | long=tp(+8.59%) short=sl(-4.44%) | scanned=3 | long_tp_only
  [label] 2023-02-03 16:00 BCHUSDT entry=137.8200 → SHORT | long=sl(-4.42%) short=tp(+8.55%) | scanned=18 | short_tp_only
  [label] 2023-02-07 08:00 BCHUSDT entry=133.6500 → SHORT | long=sl(-4.18%) short=tp(+8.06%) | scanned=7 | short_tp_only
  [label] 2023-03-04 08:00 BCHUSDT entry=125.8700 → SHORT | long=sl(-4.40%) short=tp(+8.51%) | scanned=13 | short_tp_only
  [label] 2023-04-26 08:00 BCHUSDT entry=122.5600 → SHORT | long=sl(-3.55%) short=tp(+6.79%) | scanned=1 | short_tp_only
  [label] 2023-10-11 08:00 BCHUSDT entry=212.8800 → LONG | long=tp(+9.31%) short=sl(-4.81%) | scanned=15 | long_tp_only
  [label] 2023-10-15 08:00 BCHUSDT entry=213.2400 → LONG | long=tp(+7.34%) short=sl(-3.82%) | scanned=3 | long_tp_only
  [label] 2023-10-26 00:00 BCHUSDT entry=254.4600 → SHORT | long=sl(-5.14%) short=timeout(+4.34%) | scanned=22 | no_tp→fwd_return=-4.4408
  [label] 2023-12-10 08:00 BCHUSDT entry=250.4000 → SHORT | long=sl(-4.29%) short=tp(+8.29%) | scanned=2 | short_tp_only
  [label] 2023-12-19 00:00 BCHUSDT entry=229.4100 → LONG | long=timeout(+0.26%) short=sl(-4.34%) | scanned=22 | no_tp→fwd_return=+0.3574
  [label] 2024-03-19 16:00 BCHUSDT entry=358.6500 → LONG | long=tp(+21.46%) short=sl(-10.88%) | scanned=10 | long_tp_only
  [label] 2024-04-20 16:00 BCHUSDT entry=514.9000 → SHORT | long=sl(-9.30%) short=timeout(+7.32%) | scanned=22 | no_tp→fwd_return=-7.4228
  [label] 2024-05-07 00:00 BCHUSDT entry=468.3800 → SHORT | long=sl(-5.44%) short=sl(-5.44%) | scanned=7 | no_tp→fwd_return=-4.4729
  [label] 2024-05-20 00:00 BCHUSDT entry=479.6600 → LONG | long=tp(+9.21%) short=sl(-4.76%) | scanned=3 | long_tp_only
  [label] 2024-06-07 16:00 BCHUSDT entry=477.3000 → SHORT | long=sl(-4.50%) short=tp(+8.69%) | scanned=11 | short_tp_only
  [label] 2024-06-14 00:00 BCHUSDT entry=436.5700 → SHORT | long=sl(-4.84%) short=tp(+9.38%) | scanned=12 | short_tp_only
  [label] 2024-06-26 08:00 BCHUSDT entry=376.0400 → SHORT | long=timeout(-0.90%) short=sl(-5.95%) | scanned=22 | no_tp→fwd_return=-0.8004
  [label] 2024-08-05 08:00 BCHUSDT entry=312.4500 → LONG | long=tp(+18.58%) short=sl(-9.44%) | scanned=10 | long_tp_only
  [label] 2024-08-15 08:00 BCHUSDT entry=342.0000 → LONG | long=timeout(+1.13%) short=timeout(-1.33%) | scanned=22 | no_tp→fwd_return=+1.2339
  [label] 2024-11-10 08:00 BCHUSDT entry=439.1100 → SHORT | long=sl(-5.31%) short=sl(-5.31%) | scanned=8 | no_tp→fwd_return=-5.7503
  Labels: 1109 long (50.6%), 1084 short (49.4%) | weights: min=1.00, mean=3.85, max=10.00
  Features: 2193/2193 matched, 14 columns
  CV gap: 22 rows
    [trial 0] 14 features, training_days=230 | threshold=0.779 | labels: 1109 long, 1084 short (51/49%)
    [CV fold 0] train_end=2023-03-26 00:00 | val_start=2023-04-02 16:00 | gap=184h (22 rows)
    [CV fold 1] train_end=2023-07-25 16:00 | val_start=2023-08-02 08:00 | gap=184h (22 rows)
    [CV fold 2] train_end=2023-11-24 08:00 | val_start=2023-12-02 00:00 | gap=184h (22 rows)
    [CV fold 3] train_end=2024-03-25 00:00 | val_start=2024-04-01 16:00 | gap=184h (22 rows)
    [CV fold 4] train_end=2024-07-24 16:00 | val_start=2024-08-01 08:00 | gap=184h (22 rows)
    [trial 0] Sharpe=0.0154 (folds: 0.0039, 0.1254, -0.1942, 0.1216, 0.0204)
    [trial 1] 14 features, training_days=410 | threshold=0.693 | labels: 1109 long, 1084 short (51/49%)
    [trial 1] Sharpe=0.0016 (folds: 0.2132, 0.1440, -0.2577, 0.0932, -0.1847)
    [trial 2] 14 features, training_days=270 | threshold=0.546 | labels: 1109 long, 1084 short (51/49%)
    [trial 2] Sharpe=0.0427 (folds: -0.0053, 0.1340, -0.1730, 0.1735, 0.0842)
    [trial 3] 14 features, training_days=270 | threshold=0.600 | labels: 1109 long, 1084 short (51/49%)
    [trial 3] Sharpe=-0.0090 (folds: 0.0770, 0.0865, -0.2341, 0.1106, -0.0852)
    [trial 4] 14 features, training_days=390 | threshold=0.764 | labels: 1109 long, 1084 short (51/49%)
    [trial 4] Sharpe=-0.0066 (folds: 0.0030, 0.0004, -0.1301, 0.2166, -0.1229)
    [trial 5] 14 features, training_days=60 | threshold=0.603 | labels: 1109 long, 1084 short (51/49%)
    [trial 5] Sharpe=-0.0258 (folds: -0.0400, 0.0716, -0.1246, -0.1515, 0.1154)
    [trial 6] 14 features, training_days=290 | threshold=0.738 | labels: 1109 long, 1084 short (51/49%)
    [trial 6] Sharpe=0.0046 (folds: 0.0402, -0.0312, -0.1499, 0.1336, 0.0304)
    [trial 7] 14 features, training_days=70 | threshold=0.564 | labels: 1109 long, 1084 short (51/49%)
    [trial 7] Sharpe=-0.0901 (folds: -0.0918, -0.0645, 0.0493, -0.2682, -0.0753)
    [trial 8] 14 features, training_days=440 | threshold=0.653 | labels: 1109 long, 1084 short (51/49%)[I 2026-05-06 02:21:33,659] Trial 8 finished with value: -0.16119005491165178 and parameters: {'confidence_threshold': 0.6525471176758836, 'training_days': 440, 'n_estimators': 116, 'max_depth': 4, 'num_leaves': 115, 'learning_rate': 0.010229952960863938, 'subsample': 0.5062159465415076, 'min_child_samples': 54, 'reg_alpha': 6.790626457822126e-06, 'reg_lambda': 1.7869141074987722e-05}. Best is trial 2 with value: 0.042676306455179856.
[I 2026-05-06 02:21:33,737] Trial 9 finished with value: -0.17770836938353957 and parameters: {'confidence_threshold': 0.7277571993354469, 'training_days': 360, 'n_estimators': 75, 'max_depth': 5, 'num_leaves': 41, 'learning_rate': 0.014186743931212992, 'subsample': 0.7445187273047605, 'min_child_samples': 22, 'reg_alpha': 0.02393227447113315, 'reg_lambda': 0.009236766173618426}. Best is trial 2 with value: 0.042676306455179856.
[I 2026-05-06 02:21:33,968] A new study created in memory with name: no-name-08bdaffc-87a4-445a-a209-ec373423b05a
[I 2026-05-06 02:21:34,206] Trial 0 finished with value: -0.10284022772897712 and parameters: {'confidence_threshold': 0.7790993046299082, 'training_days': 230, 'n_estimators': 295, 'max_depth': 5, 'num_leaves': 83, 'learning_rate': 0.051543455158230854, 'subsample': 0.8773243492079463, 'min_child_samples': 10, 'reg_alpha': 0.034096514368237685, 'reg_lambda': 3.154180388637081e-05}. Best is trial 0 with value: -0.10284022772897712.
[I 2026-05-06 02:21:34,340] Trial 1 finished with value: 0.04989718959362428 and parameters: {'confidence_threshold': 0.6929247853618086, 'training_days': 410, 'n_estimators': 233, 'max_depth': 5, 'num_leaves': 108, 'learning_rate': 0.013724237108071606, 'subsample': 0.7013182233636002, 'min_child_samples': 94, 'reg_alpha': 2.4040959529260723e-06, 'reg_lambda': 5.320966582161148}. Best is trial 1 with value: 0.04989718959362428.
[I 2026-05-06 02:21:34,407] Trial 2 finished with value: -0.03463421294679932 and parameters: {'confidence_threshold': 0.546341527225763, 'training_days': 270, 'n_estimators': 120, 'max_depth': 4, 'num_leaves': 53, 'learning_rate': 0.060197068579343475, 'subsample': 0.588227873455941, 'min_child_samples': 91, 'reg_alpha': 2.3457771824819002e-08, 'reg_lambda': 1.1358840775642732e-08}. Best is trial 1 with value: 0.04989718959362428.
[I 2026-05-06 02:21:34,605] Trial 3 finished with value: -0.02264966687816813 and parameters: {'confidence_threshold': 0.6000319676300473, 'training_days': 270, 'n_estimators': 382, 'max_depth': 4, 'num_leaves': 44, 'learning_rate': 0.09185046765032388, 'subsample': 0.6743651508646724, 'min_child_samples': 77, 'reg_alpha': 0.0013974578104212739, 'reg_lambda': 8.97190257982477e-08}. Best is trial 1 with value: 0.04989718959362428.
[I 2026-05-06 02:21:34,970] Trial 4 finished with value: -0.011240422111300052 and parameters: {'confidence_threshold': 0.7642618789055509, 'training_days': 390, 'n_estimators': 464, 'max_depth': 5, 'num_leaves': 30, 'learning_rate': 0.024562383309704932, 'subsample': 0.8612975035964376, 'min_child_samples': 36, 'reg_alpha': 1.593999300080167, 'reg_lambda': 0.006081270362829788}. Best is trial 1 with value: 0.04989718959362428.
[I 2026-05-06 02:21:35,104] Trial 5 finished with value: 0.01289052628633941 and parameters: {'confidence_threshold': 0.6029115860358569, 'training_days': 60, 'n_estimators': 441, 'max_depth': 3, 'num_leaves': 66, 'learning_rate': 0.044953114425778824, 'subsample': 0.7098948461279406, 'min_child_samples': 15, 'reg_alpha': 4.888753565548431e-07, 'reg_lambda': 4.198190642566389}. Best is trial 1 with value: 0.04989718959362428.
[I 2026-05-06 02:21:35,322] Trial 6 finished with value: -0.08405976156787118 and parameters: {'confidence_threshold': 0.7376932868314098, 'training_days': 290, 'n_estimators': 249, 'max_depth': 5, 'num_leaves': 121, 'learning_rate': 0.015565840632862623, 'subsample': 0.8390183783709677, 'min_child_samples': 19, 'reg_alpha': 1.860444687368747e-08, 'reg_lambda': 2.7391483548058117e-06}. Best is trial 1 with value: 0.04989718959362428.
[I 2026-05-06 02:21:35,356] Trial 7 finished with value: -0.025582382355089178 and parameters: {'confidence_threshold': 0.563503962036334, 'training_days': 70, 'n_estimators': 63, 'max_depth': 3, 'num_leaves': 47, 'learning_rate': 0.18074927623018475, 'subsample': 0.5059692991701257, 'min_child_samples': 9, 'reg_alpha': 3.6945804405602874e-08, 'reg_lambda': 0.027706035542028905}. Best is trial 1 with value: 0.04989718959362428.
[I 2026-05-06 02:21:35,450] Trial 8 finished with value: -0.05400615404062783 and parameters: {'confidence_threshold': 0.6525471176758836, 'training_days': 440, 'n_estimators': 116, 'max_depth': 4, 'num_leaves': 115, 'learning_rate': 0.010229952960863938, 'subsample': 0.5062159465415076, 'min_child_samples': 54, 'reg_alpha': 6.790626457822126e-06, 'reg_lambda': 1.7869141074987722e-05}. Best is trial 1 with value: 0.04989718959362428.
