[I 2026-05-06 02:22:16,327] Trial 1 finished with value: 0.006000342265919928 and parameters: {'confidence_threshold': 0.6929247853618086, 'training_days': 410, 'n_estimators': 233, 'max_depth': 5, 'num_leaves': 108, 'learning_rate': 0.013724237108071606, 'subsample': 0.7013182233636002, 'min_child_samples': 94, 'reg_alpha': 2.4040959529260723e-06, 'reg_lambda': 5.320966582161148}. Best is trial 1 with value: 0.006000342265919928.
[I 2026-05-06 02:22:16,397] Trial 2 finished with value: -0.04063956491742769 and parameters: {'confidence_threshold': 0.546341527225763, 'training_days': 270, 'n_estimators': 120, 'max_depth': 4, 'num_leaves': 53, 'learning_rate': 0.060197068579343475, 'subsample': 0.588227873455941, 'min_child_samples': 91, 'reg_alpha': 2.3457771824819002e-08, 'reg_lambda': 1.1358840775642732e-08}. Best is trial 1 with value: 0.006000342265919928.
[I 2026-05-06 02:22:16,588] Trial 3 finished with value: -0.035485274983206985 and parameters: {'confidence_threshold': 0.6000319676300473, 'training_days': 270, 'n_estimators': 382, 'max_depth': 4, 'num_leaves': 44, 'learning_rate': 0.09185046765032388, 'subsample': 0.6743651508646724, 'min_child_samples': 77, 'reg_alpha': 0.0013974578104212739, 'reg_lambda': 8.97190257982477e-08}. Best is trial 1 with value: 0.006000342265919928.
[I 2026-05-06 02:22:16,980] Trial 4 finished with value: -0.08322040675478086 and parameters: {'confidence_threshold': 0.7642618789055509, 'training_days': 390, 'n_estimators': 464, 'max_depth': 5, 'num_leaves': 30, 'learning_rate': 0.024562383309704932, 'subsample': 0.8612975035964376, 'min_child_samples': 36, 'reg_alpha': 1.593999300080167, 'reg_lambda': 0.006081270362829788}. Best is trial 1 with value: 0.006000342265919928.
[I 2026-05-06 02:22:17,130] Trial 5 finished with value: -0.061640579296464756 and parameters: {'confidence_threshold': 0.6029115860358569, 'training_days': 60, 'n_estimators': 441, 'max_depth': 3, 'num_leaves': 66, 'learning_rate': 0.044953114425778824, 'subsample': 0.7098948461279406, 'min_child_samples': 15, 'reg_alpha': 4.888753565548431e-07, 'reg_lambda': 4.198190642566389}. Best is trial 1 with value: 0.006000342265919928.
[I 2026-05-06 02:22:17,364] Trial 6 finished with value: -0.13453235225319798 and parameters: {'confidence_threshold': 0.7376932868314098, 'training_days': 290, 'n_estimators': 249, 'max_depth': 5, 'num_leaves': 121, 'learning_rate': 0.015565840632862623, 'subsample': 0.8390183783709677, 'min_child_samples': 19, 'reg_alpha': 1.860444687368747e-08, 'reg_lambda': 2.7391483548058117e-06}. Best is trial 1 with value: 0.006000342265919928.
[I 2026-05-06 02:22:17,400] Trial 7 finished with value: -0.12692886709018958 and parameters: {'confidence_threshold': 0.563503962036334, 'training_days': 70, 'n_estimators': 63, 'max_depth': 3, 'num_leaves': 47, 'learning_rate': 0.18074927623018475, 'subsample': 0.5059692991701257, 'min_child_samples': 9, 'reg_alpha': 3.6945804405602874e-08, 'reg_lambda': 0.027706035542028905}. Best is trial 1 with value: 0.006000342265919928.
[I 2026-05-06 02:22:17,488] Trial 8 finished with value: -0.10111672210517215 and parameters: {'confidence_threshold': 0.6525471176758836, 'training_days': 440, 'n_estimators': 116, 'max_depth': 4, 'num_leaves': 115, 'learning_rate': 0.010229952960863938, 'subsample': 0.5062159465415076, 'min_child_samples': 54, 'reg_alpha': 6.790626457822126e-06, 'reg_lambda': 1.7869141074987722e-05}. Best is trial 1 with value: 0.006000342265919928.
[I 2026-05-06 02:22:17,574] Trial 9 finished with value: -2.202892594023134 and parameters: {'confidence_threshold': 0.7277571993354469, 'training_days': 360, 'n_estimators': 75, 'max_depth': 5, 'num_leaves': 41, 'learning_rate': 0.014186743931212992, 'subsample': 0.7445187273047605, 'min_child_samples': 22, 'reg_alpha': 0.02393227447113315, 'reg_lambda': 0.009236766173618426}. Best is trial 1 with value: 0.006000342265919928.

  [label] 2022-01-16 00:00 MKRUSDT entry=2202.2000 → SHORT | long=sl(-5.50%) short=tp(+10.70%) | scanned=14 | short_tp_only
  [label] 2022-04-21 16:00 MKRUSDT entry=1722.9000 → SHORT | long=sl(-6.62%) short=timeout(+4.64%) | scanned=22 | no_tp→fwd_return=-4.7362
  [label] 2022-05-23 16:00 MKRUSDT entry=1303.6000 → LONG | long=sl(-11.56%) short=timeout(-5.23%) | scanned=22 | no_tp→fwd_return=+5.1319
  [label] 2022-06-08 16:00 MKRUSDT entry=1153.2000 → SHORT | long=sl(-7.27%) short=tp(+14.24%) | scanned=8 | short_tp_only
  [label] 2022-06-21 16:00 MKRUSDT entry=920.3000 → LONG | long=timeout(+2.66%) short=sl(-10.57%) | scanned=22 | no_tp→fwd_return=+2.7600
  [label] 2022-07-10 00:00 MKRUSDT entry=981.2000 → SHORT | long=sl(-6.40%) short=tp(+12.50%) | scanned=6 | short_tp_only
  [label] 2022-07-16 08:00 MKRUSDT entry=929.6000 → LONG | long=tp(+12.86%) short=sl(-6.58%) | scanned=7 | long_tp_only
  [label] 2022-07-28 16:00 MKRUSDT entry=1113.8000 → SHORT | long=sl(-6.55%) short=sl(-6.55%) | scanned=13 | no_tp→fwd_return=-6.8235
  [label] 2022-09-06 08:00 MKRUSDT entry=747.7000 → LONG | long=sl(-5.34%) short=sl(-5.34%) | scanned=9 | no_tp→fwd_return=+3.2500
  [label] 2022-09-16 08:00 MKRUSDT entry=663.5000 → SHORT | long=sl(-5.88%) short=tp(+11.45%) | scanned=16 | short_tp_only
  [label] 2022-12-11 16:00 MKRUSDT entry=600.4000 → SHORT | long=sl(-3.20%) short=tp(+6.09%) | scanned=15 | short_tp_only
  Labels: 946 long (43.5%), 1229 short (56.5%) | weights: min=1.00, mean=2.26, max=10.00
  Features: 2175/2175 matched, 14 columns
  CV gap: 22 rows
    [trial 0] 14 features, training_days=230 | threshold=0.779 | labels: 946 long, 1229 short (43/57%)
    [CV fold 0] train_end=2021-04-25 00:00 | val_start=2021-05-02 16:00 | gap=184h (22 rows)
    [CV fold 1] train_end=2021-08-23 16:00 | val_start=2021-08-31 08:00 | gap=184h (22 rows)
    [CV fold 2] train_end=2021-12-22 08:00 | val_start=2021-12-30 00:00 | gap=184h (22 rows)
    [CV fold 3] train_end=2022-04-27 00:00 | val_start=2022-05-04 16:00 | gap=184h (22 rows)
    [CV fold 4] train_end=2022-08-25 16:00 | val_start=2022-09-02 08:00 | gap=184h (22 rows)
    [trial 0] Sharpe=-0.0682 (folds: -0.1188, -0.2251, -0.2321, 0.0878, 0.1473)
    [trial 1] 14 features, training_days=410 | threshold=0.693 | labels: 946 long, 1229 short (43/57%)
    [trial 1] Sharpe=0.0060 (folds: 0.0316, 0.0660, -0.2454, 0.1009, 0.0770)
    [trial 2] 14 features, training_days=270 | threshold=0.546 | labels: 946 long, 1229 short (43/57%)
    [trial 2] Sharpe=-0.0406 (folds: 0.0018, -0.1325, -0.2286, 0.0592, 0.0970)
    [trial 3] 14 features, training_days=270 | threshold=0.600 | labels: 946 long, 1229 short (43/57%)
    [trial 3] Sharpe=-0.0355 (folds: -0.0360, -0.2475, -0.1976, 0.1878, 0.1159)
    [trial 4] 14 features, training_days=390 | threshold=0.764 | labels: 946 long, 1229 short (43/57%)
    [trial 4] Sharpe=-0.0832 (folds: -0.1351, -0.2319, -0.1811, -0.0241, 0.1561)
    [trial 5] 14 features, training_days=60 | threshold=0.603 | labels: 946 long, 1229 short (43/57%)
    [trial 5] Sharpe=-0.0616 (folds: -0.1418, -0.0047, -0.1863, -0.0984, 0.1229)
    [trial 6] 14 features, training_days=290 | threshold=0.738 | labels: 946 long, 1229 short (43/57%)
    [trial 6] Sharpe=-0.1345 (folds: -0.1886, -0.1466, -0.2077, -0.1502, 0.0205)
    [trial 7] 14 features, training_days=70 | threshold=0.564 | labels: 946 long, 1229 short (43/57%)
    [trial 7] Sharpe=-0.1269 (folds: -0.0923, -0.1956, -0.2106, -0.1239, -0.0122)
    [trial 8] 14 features, training_days=440 | threshold=0.653 | labels: 946 long, 1229 short (43/57%)
    [trial 8] Sharpe=-0.1011 (folds: 0.1042, -0.2357, -0.5993, 0.0282, 0.1971)
    [trial 9] 14 features, training_days=360 | threshold=0.728 | labels: 946 long, 1229 short (43/57%)
    [trial 9] Sharpe=-2.2029 (folds: -0.2196, -0.1374, -0.8555, -10.0000, 0.1980)
  Optuna: 10 trials, best Sharpe = 0.0060
  Best params: n_estimators=233, max_depth=5, lr=0.0137, leaves=108
  Best confidence_threshold: 0.693
  Best training_days: 410
  Retrained on full data (1215 samples, 14 features)
  Model trained for 2023-01: 93 test candles with features, confidence_threshold=0.693
[predict] 2023-01-08 08:00 MKRUSDT → SHORT (proba=0.73 TP=6.7%/SL=3.4%)
[trade:open] 2023-01-08 15:59 MKRUSDT SHORT @ 568.70 | SL=587.80 TP=530.49 | timeout=2023-01-15 15:59
[trade:close] 2023-01-08 23:59 MKRUSDT SHORT → stop_loss @ 587.80 | PnL=-3.36% (net -3.46%) | cum=+3.49% 2023-01=-3.46% 2023-01-08=-3.46%
[predict] 2023-01-10 08:00 MKRUSDT → SHORT (proba=0.74 TP=8.5%/SL=4.2%)
[trade:open] 2023-01-10 15:59 MKRUSDT SHORT @ 628.10 | SL=654.78 TP=574.73 | timeout=2023-01-17 15:59
[trade:close] 2023-01-12 23:59 MKRUSDT SHORT → stop_loss @ 654.78 | PnL=-4.25% (net -4.35%) | cum=-0.86% 2023-01=-7.81% 2023-01-12=-4.35%
[predict] 2023-01-14 08:00 MKRUSDT → SHORT (proba=0.83 TP=10.2%/SL=5.1%)
[trade:open] 2023-01-14 15:59 MKRUSDT SHORT @ 708.30 | SL=744.58 TP=635.73 | timeout=2023-01-21 15:59
[trade:close] 2023-01-18 23:59 MKRUSDT SHORT → take_profit @ 635.73 | PnL=+10.25% (net +10.15%) | cum=+9.29% 2023-01=+2.34% 2023-01-18=+10.15%
[predict] 2023-01-20 08:00 MKRUSDT → LONG (proba=0.77 TP=11.8%/SL=5.9%)
[trade:open] 2023-01-20 15:59 MKRUSDT LONG @ 669.70 | SL=630.31 TP=748.48 | timeout=2023-01-27 15:59
[trade:close] 2023-01-27 07:59 MKRUSDT LONG → stop_loss @ 630.31 | PnL=-5.88% (net -5.98%) | cum=+3.31% 2023-01=-3.64% 2023-01-27=-5.98%
[predict] 2023-01-28 16:00 MKRUSDT → SHORT (proba=0.78 TP=11.5%/SL=5.8%)
[trade:open] 2023-01-28 23:59 MKRUSDT SHORT @ 656.20 | SL=693.95 TP=580.70 | timeout=2023-02-04 23:59
[lgbm] === Training for 2023-02 ===
  Train window: 2021-02-01 → 2023-02-01
  2175 training samples from 1 symbols
  Samples per month: 2021-02: 84, 2021-03: 93, 2021-04: 90, 2021-05: 93, 2021-06: 90, 2021-07: 93, 2021-08: 93, 2021-09: 90, 2021-10: 93, 2021-11: 90, 2021-12: 93, 2022-01: 93, 2022-02: 75, 2022-03: 93, 2022-04: 84, 2022-05: 93, 2022-06: 90, 2022-07: 93, 2022-08: 93, 2022-09: 90, 2022-10: 93, 2022-11: 90, 2022-12: 93, 2023-01: 93
  [label] 2021-04-03 16:00 MKRUSDT entry=2239.2900 → SHORT | long=sl(-7.58%) short=timeout(+0.17%) | scanned=22 | no_tp→fwd_return=-0.2729
  [label] 2021-04-06 00:00 MKRUSDT entry=2288.7600 → LONG | long=sl(-7.20%) short=sl(-7.20%) | scanned=19 | no_tp→fwd_return=+7.5722
  [label] 2021-04-09 16:00 MKRUSDT entry=2227.4200 → LONG | long=tp(+14.27%) short=sl(-7.28%) | scanned=9 | long_tp_only
  [label] 2021-05-04 16:00 MKRUSDT entry=5243.2700 → LONG | long=timeout(+2.49%) short=sl(-11.60%) | scanned=22 | no_tp→fwd_return=+2.5925
  [label] 2021-06-26 00:00 MKRUSDT entry=1931.3000 → LONG | long=tp(+26.45%) short=sl(-13.37%) | scanned=10 | long_tp_only
  [label] 2021-12-09 16:00 MKRUSDT entry=2513.8000 → SHORT | long=sl(-8.18%) short=timeout(+7.40%) | scanned=22 | no_tp→fwd_return=-7.4986
  [label] 2021-12-13 16:00 MKRUSDT entry=2228.0000 → LONG | long=timeout(+5.18%) short=sl(-8.24%) | scanned=22 | no_tp→fwd_return=+5.2828
  [label] 2021-12-24 08:00 MKRUSDT entry=2622.2000 → SHORT | long=sl(-5.80%) short=sl(-5.80%) | scanned=13 | no_tp→fwd_return=-5.0644
  [label] 2022-02-07 08:00 MKRUSDT entry=2232.7000 → SHORT | long=sl(-6.02%) short=tp(+11.74%) | scanned=13 | short_tp_only
  [label] 2022-02-16 00:00 MKRUSDT entry=2106.2000 → SHORT | long=sl(-5.80%) short=tp(+11.29%) | scanned=10 | short_tp_only
  [label] 2022-05-22 16:00 MKRUSDT entry=1430.6000 → SHORT | long=sl(-10.94%) short=tp(+21.57%) | scanned=11 | short_tp_only
  [label] 2022-06-23 16:00 MKRUSDT entry=977.1000 → SHORT | long=sl(-9.89%) short=sl(-9.89%) | scanned=19 | no_tp→fwd_return=-10.8587
  [label] 2022-07-09 16:00 MKRUSDT entry=996.3000 → SHORT | long=sl(-6.39%) short=tp(+12.49%) | scanned=6 | short_tp_only
  [label] 2022-07-22 16:00 MKRUSDT entry=946.0000 → SHORT | long=sl(-7.20%) short=sl(-7.20%) | scanned=10 | no_tp→fwd_return=-7.1564
  [label] 2022-08-10 00:00 MKRUSDT entry=1059.3000 → LONG | long=tp(+12.16%) short=sl(-6.23%) | scanned=4 | long_tp_only
  [label] 2022-08-16 08:00 MKRUSDT entry=983.6000 → SHORT | long=sl(-6.70%) short=tp(+13.10%) | scanned=8 | short_tp_only[I 2026-05-06 02:22:17,874] A new study created in memory with name: no-name-b430e413-db1b-417a-97c4-98ef913911f7
[I 2026-05-06 02:22:18,134] Trial 0 finished with value: -0.03416895637123302 and parameters: {'confidence_threshold': 0.7790993046299082, 'training_days': 230, 'n_estimators': 295, 'max_depth': 5, 'num_leaves': 83, 'learning_rate': 0.051543455158230854, 'subsample': 0.8773243492079463, 'min_child_samples': 10, 'reg_alpha': 0.034096514368237685, 'reg_lambda': 3.154180388637081e-05}. Best is trial 0 with value: -0.03416895637123302.
[I 2026-05-06 02:22:18,274] Trial 1 finished with value: -0.21138619649121154 and parameters: {'confidence_threshold': 0.6929247853618086, 'training_days': 410, 'n_estimators': 233, 'max_depth': 5, 'num_leaves': 108, 'learning_rate': 0.013724237108071606, 'subsample': 0.7013182233636002, 'min_child_samples': 94, 'reg_alpha': 2.4040959529260723e-06, 'reg_lambda': 5.320966582161148}. Best is trial 0 with value: -0.03416895637123302.
[I 2026-05-06 02:22:18,343] Trial 2 finished with value: -0.19049529435628326 and parameters: {'confidence_threshold': 0.546341527225763, 'training_days': 270, 'n_estimators': 120, 'max_depth': 4, 'num_leaves': 53, 'learning_rate': 0.060197068579343475, 'subsample': 0.588227873455941, 'min_child_samples': 91, 'reg_alpha': 2.3457771824819002e-08, 'reg_lambda': 1.1358840775642732e-08}. Best is trial 0 with value: -0.03416895637123302.
[I 2026-05-06 02:22:18,534] Trial 3 finished with value: -0.0978546033673525 and parameters: {'confidence_threshold': 0.6000319676300473, 'training_days': 270, 'n_estimators': 382, 'max_depth': 4, 'num_leaves': 44, 'learning_rate': 0.09185046765032388, 'subsample': 0.6743651508646724, 'min_child_samples': 77, 'reg_alpha': 0.0013974578104212739, 'reg_lambda': 8.97190257982477e-08}. Best is trial 0 with value: -0.03416895637123302.
[I 2026-05-06 02:22:18,923] Trial 4 finished with value: -0.1277818231706752 and parameters: {'confidence_threshold': 0.7642618789055509, 'training_days': 390, 'n_estimators': 464, 'max_depth': 5, 'num_leaves': 30, 'learning_rate': 0.024562383309704932, 'subsample': 0.8612975035964376, 'min_child_samples': 36, 'reg_alpha': 1.593999300080167, 'reg_lambda': 0.006081270362829788}. Best is trial 0 with value: -0.03416895637123302.
[I 2026-05-06 02:22:19,073] Trial 5 finished with value: 0.1429194609637674 and parameters: {'confidence_threshold': 0.6029115860358569, 'training_days': 60, 'n_estimators': 441, 'max_depth': 3, 'num_leaves': 66, 'learning_rate': 0.044953114425778824, 'subsample': 0.7098948461279406, 'min_child_samples': 15, 'reg_alpha': 4.888753565548431e-07, 'reg_lambda': 4.198190642566389}. Best is trial 5 with value: 0.1429194609637674.
[I 2026-05-06 02:22:19,313] Trial 6 finished with value: -0.2108346059788447 and parameters: {'confidence_threshold': 0.7376932868314098, 'training_days': 290, 'n_estimators': 249, 'max_depth': 5, 'num_leaves': 121, 'learning_rate': 0.015565840632862623, 'subsample': 0.8390183783709677, 'min_child_samples': 19, 'reg_alpha': 1.860444687368747e-08, 'reg_lambda': 2.7391483548058117e-06}. Best is trial 5 with value: 0.1429194609637674.
[I 2026-05-06 02:22:19,347] Trial 7 finished with value: 0.07047146972810783 and parameters: {'confidence_threshold': 0.563503962036334, 'training_days': 70, 'n_estimators': 63, 'max_depth': 3, 'num_leaves': 47, 'learning_rate': 0.18074927623018475, 'subsample': 0.5059692991701257, 'min_child_samples': 9, 'reg_alpha': 3.6945804405602874e-08, 'reg_lambda': 0.027706035542028905}. Best is trial 5 with value: 0.1429194609637674.
[I 2026-05-06 02:22:19,436] Trial 8 finished with value: -0.29333338894071004 and parameters: {'confidence_threshold': 0.6525471176758836, 'training_days': 440, 'n_estimators': 116, 'max_depth': 4, 'num_leaves': 115, 'learning_rate': 0.010229952960863938, 'subsample': 0.5062159465415076, 'min_child_samples': 54, 'reg_alpha': 6.790626457822126e-06, 'reg_lambda': 1.7869141074987722e-05}. Best is trial 5 with value: 0.1429194609637674.
[I 2026-05-06 02:22:19,524] Trial 9 finished with value: -0.1334529235575481 and parameters: {'confidence_threshold': 0.7277571993354469, 'training_days': 360, 'n_estimators': 75, 'max_depth': 5, 'num_leaves': 41, 'learning_rate': 0.014186743931212992, 'subsample': 0.7445187273047605, 'min_child_samples': 22, 'reg_alpha': 0.02393227447113315, 'reg_lambda': 0.009236766173618426}. Best is trial 5 with value: 0.1429194609637674.
[I 2026-05-06 02:22:19,825] A new study created in memory with name: no-name-59e0d5b1-6d14-4784-b2d2-0394d3eca698
[I 2026-05-06 02:22:20,133] Trial 0 finished with value: 0.039560035735264606 and parameters: {'confidence_threshold': 0.7790993046299082, 'training_days': 230, 'n_estimators': 295, 'max_depth': 5, 'num_leaves': 83, 'learning_rate': 0.051543455158230854, 'subsample': 0.8773243492079463, 'min_child_samples': 10, 'reg_alpha': 0.034096514368237685, 'reg_lambda': 3.154180388637081e-05}. Best is trial 0 with value: 0.039560035735264606.
[I 2026-05-06 02:22:20,275] Trial 1 finished with value: 0.011716423748073256 and parameters: {'confidence_threshold': 0.6929247853618086, 'training_days': 410, 'n_estimators': 233, 'max_depth': 5, 'num_leaves': 108, 'learning_rate': 0.013724237108071606, 'subsample': 0.7013182233636002, 'min_child_samples': 94, 'reg_alpha': 2.4040959529260723e-06, 'reg_lambda': 5.320966582161148}. Best is trial 0 with value: 0.039560035735264606.
[I 2026-05-06 02:22:20,352] Trial 2 finished with value: -0.05453708837392677 and parameters: {'confidence_threshold': 0.546341527225763, 'training_days': 270, 'n_estimators': 120, 'max_depth': 4, 'num_leaves': 53, 'learning_rate': 0.060197068579343475, 'subsample': 0.588227873455941, 'min_child_samples': 91, 'reg_alpha': 2.3457771824819002e-08, 'reg_lambda': 1.1358840775642732e-08}. Best is trial 0 with value: 0.039560035735264606.
[I 2026-05-06 02:22:20,581] Trial 3 finished with value: -0.009965398053775642 and parameters: {'confidence_threshold': 0.6000319676300473, 'training_days': 270, 'n_estimators': 382, 'max_depth': 4, 'num_leaves': 44, 'learning_rate': 0.09185046765032388, 'subsample': 0.6743651508646724, 'min_child_samples': 77, 'reg_alpha': 0.0013974578104212739, 'reg_lambda': 8.97190257982477e-08}. Best is trial 0 with value: 0.039560035735264606.
