[I 2026-05-06 02:25:15,249] Trial 0 finished with value: -0.01761649300203145 and parameters: {'confidence_threshold': 0.7790993046299082, 'training_days': 230, 'n_estimators': 295, 'max_depth': 5, 'num_leaves': 83, 'learning_rate': 0.051543455158230854, 'subsample': 0.8773243492079463, 'min_child_samples': 10, 'reg_alpha': 0.034096514368237685, 'reg_lambda': 3.154180388637081e-05}. Best is trial 0 with value: -0.01761649300203145.
[I 2026-05-06 02:25:15,394] Trial 1 finished with value: -0.00521932766892178 and parameters: {'confidence_threshold': 0.6929247853618086, 'training_days': 410, 'n_estimators': 233, 'max_depth': 5, 'num_leaves': 108, 'learning_rate': 0.013724237108071606, 'subsample': 0.7013182233636002, 'min_child_samples': 94, 'reg_alpha': 2.4040959529260723e-06, 'reg_lambda': 5.320966582161148}. Best is trial 1 with value: -0.00521932766892178.
[I 2026-05-06 02:25:15,462] Trial 2 finished with value: 0.013380284577906323 and parameters: {'confidence_threshold': 0.546341527225763, 'training_days': 270, 'n_estimators': 120, 'max_depth': 4, 'num_leaves': 53, 'learning_rate': 0.060197068579343475, 'subsample': 0.588227873455941, 'min_child_samples': 91, 'reg_alpha': 2.3457771824819002e-08, 'reg_lambda': 1.1358840775642732e-08}. Best is trial 2 with value: 0.013380284577906323.
[I 2026-05-06 02:25:15,643] Trial 3 finished with value: 0.02611144940973898 and parameters: {'confidence_threshold': 0.6000319676300473, 'training_days': 270, 'n_estimators': 382, 'max_depth': 4, 'num_leaves': 44, 'learning_rate': 0.09185046765032388, 'subsample': 0.6743651508646724, 'min_child_samples': 77, 'reg_alpha': 0.0013974578104212739, 'reg_lambda': 8.97190257982477e-08}. Best is trial 3 with value: 0.02611144940973898.
[I 2026-05-06 02:25:16,059] Trial 4 finished with value: 0.007268634574569925 and parameters: {'confidence_threshold': 0.7642618789055509, 'training_days': 390, 'n_estimators': 464, 'max_depth': 5, 'num_leaves': 30, 'learning_rate': 0.024562383309704932, 'subsample': 0.8612975035964376, 'min_child_samples': 36, 'reg_alpha': 1.593999300080167, 'reg_lambda': 0.006081270362829788}. Best is trial 3 with value: 0.02611144940973898.
[I 2026-05-06 02:25:16,218] Trial 5 finished with value: -0.09694417266609814 and parameters: {'confidence_threshold': 0.6029115860358569, 'training_days': 60, 'n_estimators': 441, 'max_depth': 3, 'num_leaves': 66, 'learning_rate': 0.044953114425778824, 'subsample': 0.7098948461279406, 'min_child_samples': 15, 'reg_alpha': 4.888753565548431e-07, 'reg_lambda': 4.198190642566389}. Best is trial 3 with value: 0.02611144940973898.
[I 2026-05-06 02:25:16,482] Trial 6 finished with value: -0.00976812098069538 and parameters: {'confidence_threshold': 0.7376932868314098, 'training_days': 290, 'n_estimators': 249, 'max_depth': 5, 'num_leaves': 121, 'learning_rate': 0.015565840632862623, 'subsample': 0.8390183783709677, 'min_child_samples': 19, 'reg_alpha': 1.860444687368747e-08, 'reg_lambda': 2.7391483548058117e-06}. Best is trial 3 with value: 0.02611144940973898.
[I 2026-05-06 02:25:16,525] Trial 7 finished with value: -0.01964704709749809 and parameters: {'confidence_threshold': 0.563503962036334, 'training_days': 70, 'n_estimators': 63, 'max_depth': 3, 'num_leaves': 47, 'learning_rate': 0.18074927623018475, 'subsample': 0.5059692991701257, 'min_child_samples': 9, 'reg_alpha': 3.6945804405602874e-08, 'reg_lambda': 0.027706035542028905}. Best is trial 3 with value: 0.02611144940973898.
[I 2026-05-06 02:25:16,607] Trial 8 finished with value: -0.07291633303286356 and parameters: {'confidence_threshold': 0.6525471176758836, 'training_days': 440, 'n_estimators': 116, 'max_depth': 4, 'num_leaves': 115, 'learning_rate': 0.010229952960863938, 'subsample': 0.5062159465415076, 'min_child_samples': 54, 'reg_alpha': 6.790626457822126e-06, 'reg_lambda': 1.7869141074987722e-05}. Best is trial 3 with value: 0.02611144940973898.
[I 2026-05-06 02:25:16,713] Trial 9 finished with value: 0.015767457247861837 and parameters: {'confidence_threshold': 0.7277571993354469, 'training_days': 360, 'n_estimators': 75, 'max_depth': 5, 'num_leaves': 41, 'learning_rate': 0.014186743931212992, 'subsample': 0.7445187273047605, 'min_child_samples': 22, 'reg_alpha': 0.02393227447113315, 'reg_lambda': 0.009236766173618426}. Best is trial 3 with value: 0.02611144940973898.

[trade:close] 2024-01-08 07:59 TRXUSDT LONG → stop_loss @ 0.10 | PnL=-2.69% (net -2.79%) | cum=-12.97% 2024-01=+1.83% 2024-01-08=-2.79%
[predict] 2024-01-09 16:00 TRXUSDT → LONG (proba=0.74 TP=5.0%/SL=2.5%)
[trade:open] 2024-01-09 23:59 TRXUSDT LONG @ 0.10 | SL=0.10 TP=0.11 | timeout=2024-01-16 23:59
[trade:close] 2024-01-12 15:59 TRXUSDT LONG → take_profit @ 0.11 | PnL=+5.03% (net +4.93%) | cum=-8.04% 2024-01=+6.76% 2024-01-12=+4.93%
[predict] 2024-01-14 00:00 TRXUSDT → SHORT (proba=0.74 TP=5.5%/SL=2.8%)
[trade:open] 2024-01-14 07:59 TRXUSDT SHORT @ 0.12 | SL=0.12 TP=0.11 | timeout=2024-01-21 07:59
[trade:close] 2024-01-15 23:59 TRXUSDT SHORT → take_profit @ 0.11 | PnL=+5.55% (net +5.45%) | cum=-2.60% 2024-01=+12.20% 2024-01-15=+5.45%
[predict] 2024-01-27 00:00 TRXUSDT → SHORT (proba=0.72 TP=4.5%/SL=2.3%)
[trade:open] 2024-01-27 07:59 TRXUSDT SHORT @ 0.12 | SL=0.12 TP=0.11 | timeout=2024-02-03 07:59
[lgbm] === Training for 2024-02 ===
  Train window: 2022-02-01 → 2024-02-01
  2175 training samples from 1 symbols
  Samples per month: 2022-02: 75, 2022-03: 93, 2022-04: 84, 2022-05: 93, 2022-06: 90, 2022-07: 93, 2022-08: 93, 2022-09: 90, 2022-10: 93, 2022-11: 90, 2022-12: 93, 2023-01: 93, 2023-02: 84, 2023-03: 93, 2023-04: 90, 2023-05: 93, 2023-06: 90, 2023-07: 93, 2023-08: 93, 2023-09: 90, 2023-10: 93, 2023-11: 90, 2023-12: 93, 2024-01: 93
  [label] 2022-04-08 16:00 TRXUSDT entry=0.0625 → SHORT | long=sl(-4.99%) short=timeout(+1.10%) | scanned=22 | no_tp→fwd_return=-1.1992
  [label] 2022-04-11 00:00 TRXUSDT entry=0.0618 → SHORT | long=sl(-4.53%) short=timeout(+3.85%) | scanned=22 | no_tp→fwd_return=-3.9457
  [label] 2022-04-14 16:00 TRXUSDT entry=0.0601 → LONG | long=tp(+8.18%) short=sl(-4.24%) | scanned=20 | long_tp_only
  [label] 2022-05-09 16:00 TRXUSDT entry=0.0726 → LONG | long=sl(-11.68%) short=sl(-11.68%) | scanned=5 | no_tp→fwd_return=+5.1805
  [label] 2022-07-01 00:00 TRXUSDT entry=0.0651 → LONG | long=timeout(+5.52%) short=sl(-5.88%) | scanned=22 | no_tp→fwd_return=+5.6247
  [label] 2022-12-14 16:00 TRXUSDT entry=0.0555 → SHORT | long=sl(-2.90%) short=tp(+5.50%) | scanned=7 | short_tp_only
  [label] 2022-12-18 16:00 TRXUSDT entry=0.0537 → LONG | long=timeout(+1.84%) short=sl(-3.34%) | scanned=22 | no_tp→fwd_return=+1.9356
  [label] 2022-12-29 08:00 TRXUSDT entry=0.0543 → LONG | long=sl(-2.20%) short=sl(-2.20%) | scanned=12 | no_tp→fwd_return=+1.7670
  [label] 2023-02-12 08:00 TRXUSDT entry=0.0646 → LONG | long=tp(+6.64%) short=sl(-3.47%) | scanned=9 | long_tp_only
  [label] 2023-02-21 00:00 TRXUSDT entry=0.0719 → SHORT | long=sl(-3.40%) short=tp(+6.50%) | scanned=14 | short_tp_only
  [label] 2023-05-22 16:00 TRXUSDT entry=0.0779 → SHORT | long=sl(-2.39%) short=sl(-2.39%) | scanned=11 | no_tp→fwd_return=-2.2331
  [label] 2023-06-23 16:00 TRXUSDT entry=0.0731 → LONG | long=timeout(+4.06%) short=sl(-3.05%) | scanned=22 | no_tp→fwd_return=+4.1587
  [label] 2023-07-09 16:00 TRXUSDT entry=0.0774 → LONG | long=tp(+4.53%) short=sl(-2.41%) | scanned=12 | long_tp_only
  [label] 2023-07-22 16:00 TRXUSDT entry=0.0838 → SHORT | long=sl(-3.26%) short=timeout(+0.66%) | scanned=22 | no_tp→fwd_return=-0.7634
  [label] 2023-08-10 00:00 TRXUSDT entry=0.0768 → SHORT | long=sl(-2.01%) short=tp(+3.73%) | scanned=20 | short_tp_only
  [label] 2023-08-16 08:00 TRXUSDT entry=0.0756 → SHORT | long=sl(-1.51%) short=tp(+2.71%) | scanned=1 | short_tp_only
  [label] 2023-08-28 16:00 TRXUSDT entry=0.0763 → LONG | long=sl(-1.67%) short=sl(-1.67%) | scanned=9 | no_tp→fwd_return=+0.4980
  [label] 2023-10-07 08:00 TRXUSDT entry=0.0882 → SHORT | long=sl(-2.03%) short=tp(+3.77%) | scanned=15 | short_tp_only
  [label] 2023-10-17 08:00 TRXUSDT entry=0.0878 → LONG | long=tp(+3.42%) short=sl(-1.86%) | scanned=9 | long_tp_only
  [label] 2024-01-11 16:00 TRXUSDT entry=0.1062 → LONG | long=tp(+4.82%) short=sl(-2.56%) | scanned=5 | long_tp_only
  Labels: 1265 long (58.2%), 910 short (41.8%) | weights: min=1.00, mean=2.39, max=10.00
  Features: 2175/2175 matched, 14 columns
  CV gap: 22 rows
    [trial 0] 14 features, training_days=230 | threshold=0.779 | labels: 1265 long, 910 short (58/42%)
    [CV fold 0] train_end=2022-05-31 00:00 | val_start=2022-06-07 16:00 | gap=184h (22 rows)
    [CV fold 1] train_end=2022-09-28 16:00 | val_start=2022-10-06 08:00 | gap=184h (22 rows)
    [CV fold 2] train_end=2023-01-27 08:00 | val_start=2023-02-04 00:00 | gap=184h (22 rows)
    [CV fold 3] train_end=2023-05-28 00:00 | val_start=2023-06-04 16:00 | gap=184h (22 rows)
    [CV fold 4] train_end=2023-09-25 16:00 | val_start=2023-10-03 08:00 | gap=184h (22 rows)
    [trial 0] Sharpe=-0.0176 (folds: 0.0131, 0.0371, 0.0130, -0.2676, 0.1163)
    [trial 1] 14 features, training_days=410 | threshold=0.693 | labels: 1265 long, 910 short (58/42%)
    [trial 1] Sharpe=-0.0052 (folds: 0.1977, -0.1465, -0.0887, -0.1814, 0.1928)
    [trial 2] 14 features, training_days=270 | threshold=0.546 | labels: 1265 long, 910 short (58/42%)
    [trial 2] Sharpe=0.0134 (folds: 0.0461, -0.0254, 0.0708, -0.1059, 0.0813)
    [trial 3] 14 features, training_days=270 | threshold=0.600 | labels: 1265 long, 910 short (58/42%)
    [trial 3] Sharpe=0.0261 (folds: 0.1413, 0.1025, -0.0148, -0.1221, 0.0237)
    [trial 4] 14 features, training_days=390 | threshold=0.764 | labels: 1265 long, 910 short (58/42%)
    [trial 4] Sharpe=0.0073 (folds: 0.1148, 0.0947, -0.0361, -0.1424, 0.0054)
    [trial 5] 14 features, training_days=60 | threshold=0.603 | labels: 1265 long, 910 short (58/42%)
    [trial 5] Sharpe=-0.0969 (folds: 0.1323, -0.2381, -0.0358, -0.2796, -0.0636)
    [trial 6] 14 features, training_days=290 | threshold=0.738 | labels: 1265 long, 910 short (58/42%)
    [trial 6] Sharpe=-0.0098 (folds: 0.0224, 0.0199, -0.0475, -0.1376, 0.0940)
    [trial 7] 14 features, training_days=70 | threshold=0.564 | labels: 1265 long, 910 short (58/42%)
    [trial 7] Sharpe=-0.0196 (folds: 0.2115, -0.1343, 0.0185, -0.0380, -0.1559)
    [trial 8] 14 features, training_days=440 | threshold=0.653 | labels: 1265 long, 910 short (58/42%)
    [trial 8] Sharpe=-0.0729 (folds: 0.0707, -0.1115, -0.1481, -0.2404, 0.0648)
    [trial 9] 14 features, training_days=360 | threshold=0.728 | labels: 1265 long, 910 short (58/42%)
    [trial 9] Sharpe=0.0158 (folds: 0.0098, -0.1334, 0.3040, -0.1683, 0.0668)
  Optuna: 10 trials, best Sharpe = 0.0261
  Best params: n_estimators=382, max_depth=4, lr=0.0919, leaves=44
  Best confidence_threshold: 0.600
  Best training_days: 270
  Retrained on full data (810 samples, 14 features)
  Model trained for 2024-02: 87 test candles with features, confidence_threshold=0.600
[trade:close] 2024-02-02 07:59 TRXUSDT SHORT → stop_loss @ 0.12 | PnL=-2.25% (net -2.35%) | cum=-4.95% 2024-02=-2.35% 2024-02-02=-2.35%
[predict] 2024-02-06 08:00 TRXUSDT → SHORT (proba=0.74 TP=4.5%/SL=2.3%)
[trade:open] 2024-02-06 15:59 TRXUSDT SHORT @ 0.12 | SL=0.12 TP=0.12 | timeout=2024-02-13 15:59
[trade:close] 2024-02-07 07:59 TRXUSDT SHORT → stop_loss @ 0.12 | PnL=-2.27% (net -2.37%) | cum=-7.33% 2024-02=-4.73% 2024-02-07=-2.37%
[predict] 2024-02-08 16:00 TRXUSDT → LONG (proba=0.96 TP=5.2%/SL=2.6%)
[trade:open] 2024-02-08 23:59 TRXUSDT LONG @ 0.12 | SL=0.12 TP=0.13 | timeout=2024-02-15 23:59
[trade:close] 2024-02-14 07:59 TRXUSDT LONG → take_profit @ 0.13 | PnL=+5.24% (net +5.14%) | cum=-2.19% 2024-02=+0.41% 2024-02-14=+5.14%
[predict] 2024-02-15 16:00 TRXUSDT → SHORT (proba=0.88 TP=3.8%/SL=1.9%)
[trade:open] 2024-02-15 23:59 TRXUSDT SHORT @ 0.13 | SL=0.13 TP=0.13 | timeout=2024-02-22 23:59
[trade:close] 2024-02-17 07:59 TRXUSDT SHORT → stop_loss @ 0.13 | PnL=-1.90% (net -2.00%) | cum=-4.19% 2024-02=-1.59% 2024-02-17=-2.00%
[predict] 2024-02-28 16:00 TRXUSDT → LONG (proba=0.99 TP=3.7%/SL=1.8%)
[trade:open] 2024-02-28 23:59 TRXUSDT LONG @ 0.14 | SL=0.14 TP=0.15 | timeout=2024-03-06 23:59
[lgbm] === Training for 2024-03 ===
  Train window: 2022-03-01 → 2024-03-01
  2187 training samples from 1 symbols
  Samples per month: 2022-03: 93, 2022-04: 84, 2022-05: 93, 2022-06: 90, 2022-07: 93, 2022-08: 93, 2022-09: 90, 2022-10: 93, 2022-11: 90, 2022-12: 93, 2023-01: 93, 2023-02: 84, 2023-03: 93, 2023-04: 90, 2023-05: 93, 2023-06: 90, 2023-07: 93, 2023-08: 93, 2023-09: 90, 2023-10: 93, 2023-11: 90, 2023-12: 93, 2024-01: 93, 2024-02: 87[I 2026-05-06 02:25:17,150] A new study created in memory with name: no-name-8ff089fc-2e4a-4e93-aff0-caba918bc743
[I 2026-05-06 02:25:17,407] Trial 0 finished with value: -0.02341370910823608 and parameters: {'confidence_threshold': 0.7790993046299082, 'training_days': 230, 'n_estimators': 295, 'max_depth': 5, 'num_leaves': 83, 'learning_rate': 0.051543455158230854, 'subsample': 0.8773243492079463, 'min_child_samples': 10, 'reg_alpha': 0.034096514368237685, 'reg_lambda': 3.154180388637081e-05}. Best is trial 0 with value: -0.02341370910823608.
[I 2026-05-06 02:25:17,548] Trial 1 finished with value: -0.17360185640911707 and parameters: {'confidence_threshold': 0.6929247853618086, 'training_days': 410, 'n_estimators': 233, 'max_depth': 5, 'num_leaves': 108, 'learning_rate': 0.013724237108071606, 'subsample': 0.7013182233636002, 'min_child_samples': 94, 'reg_alpha': 2.4040959529260723e-06, 'reg_lambda': 5.320966582161148}. Best is trial 0 with value: -0.02341370910823608.
[I 2026-05-06 02:25:17,616] Trial 2 finished with value: -0.09273474569364784 and parameters: {'confidence_threshold': 0.546341527225763, 'training_days': 270, 'n_estimators': 120, 'max_depth': 4, 'num_leaves': 53, 'learning_rate': 0.060197068579343475, 'subsample': 0.588227873455941, 'min_child_samples': 91, 'reg_alpha': 2.3457771824819002e-08, 'reg_lambda': 1.1358840775642732e-08}. Best is trial 0 with value: -0.02341370910823608.
[I 2026-05-06 02:25:17,812] Trial 3 finished with value: -0.05222074037046357 and parameters: {'confidence_threshold': 0.6000319676300473, 'training_days': 270, 'n_estimators': 382, 'max_depth': 4, 'num_leaves': 44, 'learning_rate': 0.09185046765032388, 'subsample': 0.6743651508646724, 'min_child_samples': 77, 'reg_alpha': 0.0013974578104212739, 'reg_lambda': 8.97190257982477e-08}. Best is trial 0 with value: -0.02341370910823608.
[I 2026-05-06 02:25:18,228] Trial 4 finished with value: -0.029402262921136645 and parameters: {'confidence_threshold': 0.7642618789055509, 'training_days': 390, 'n_estimators': 464, 'max_depth': 5, 'num_leaves': 30, 'learning_rate': 0.024562383309704932, 'subsample': 0.8612975035964376, 'min_child_samples': 36, 'reg_alpha': 1.593999300080167, 'reg_lambda': 0.006081270362829788}. Best is trial 0 with value: -0.02341370910823608.
[I 2026-05-06 02:25:18,384] Trial 5 finished with value: 0.06406431634633505 and parameters: {'confidence_threshold': 0.6029115860358569, 'training_days': 60, 'n_estimators': 441, 'max_depth': 3, 'num_leaves': 66, 'learning_rate': 0.044953114425778824, 'subsample': 0.7098948461279406, 'min_child_samples': 15, 'reg_alpha': 4.888753565548431e-07, 'reg_lambda': 4.198190642566389}. Best is trial 5 with value: 0.06406431634633505.
[I 2026-05-06 02:25:18,626] Trial 6 finished with value: -0.1682656463187529 and parameters: {'confidence_threshold': 0.7376932868314098, 'training_days': 290, 'n_estimators': 249, 'max_depth': 5, 'num_leaves': 121, 'learning_rate': 0.015565840632862623, 'subsample': 0.8390183783709677, 'min_child_samples': 19, 'reg_alpha': 1.860444687368747e-08, 'reg_lambda': 2.7391483548058117e-06}. Best is trial 5 with value: 0.06406431634633505.
[I 2026-05-06 02:25:18,665] Trial 7 finished with value: 0.0408308750540013 and parameters: {'confidence_threshold': 0.563503962036334, 'training_days': 70, 'n_estimators': 63, 'max_depth': 3, 'num_leaves': 47, 'learning_rate': 0.18074927623018475, 'subsample': 0.5059692991701257, 'min_child_samples': 9, 'reg_alpha': 3.6945804405602874e-08, 'reg_lambda': 0.027706035542028905}. Best is trial 5 with value: 0.06406431634633505.
[I 2026-05-06 02:25:18,761] Trial 8 finished with value: -0.08139236427575672 and parameters: {'confidence_threshold': 0.6525471176758836, 'training_days': 440, 'n_estimators': 116, 'max_depth': 4, 'num_leaves': 115, 'learning_rate': 0.010229952960863938, 'subsample': 0.5062159465415076, 'min_child_samples': 54, 'reg_alpha': 6.790626457822126e-06, 'reg_lambda': 1.7869141074987722e-05}. Best is trial 5 with value: 0.06406431634633505.
