[I 2026-05-06 02:25:09,225] Trial 3 finished with value: -0.08404931273836341 and parameters: {'confidence_threshold': 0.6000319676300473, 'training_days': 270, 'n_estimators': 382, 'max_depth': 4, 'num_leaves': 44, 'learning_rate': 0.09185046765032388, 'subsample': 0.6743651508646724, 'min_child_samples': 77, 'reg_alpha': 0.0013974578104212739, 'reg_lambda': 8.97190257982477e-08}. Best is trial 3 with value: -0.08404931273836341.

  [label] 2023-06-16 08:00 TRXUSDT entry=0.0696 → LONG | long=timeout(+4.75%) short=sl(-3.71%) | scanned=22 | no_tp→fwd_return=+4.8535
  [label] 2023-09-10 16:00 TRXUSDT entry=0.0783 → LONG | long=sl(-1.57%) short=sl(-1.57%) | scanned=5 | no_tp→fwd_return=+4.8933
  Labels: 1203 long (55.3%), 972 short (44.7%) | weights: min=1.00, mean=2.59, max=10.00
  Features: 2175/2175 matched, 14 columns
  CV gap: 22 rows
    [trial 0] 14 features, training_days=230 | threshold=0.779 | labels: 1203 long, 972 short (55/45%)
    [CV fold 0] train_end=2022-01-23 00:00 | val_start=2022-01-30 16:00 | gap=184h (22 rows)
    [CV fold 1] train_end=2022-05-28 16:00 | val_start=2022-06-05 08:00 | gap=184h (22 rows)
    [CV fold 2] train_end=2022-09-26 08:00 | val_start=2022-10-04 00:00 | gap=184h (22 rows)
    [CV fold 3] train_end=2023-01-25 00:00 | val_start=2023-02-01 16:00 | gap=184h (22 rows)
    [CV fold 4] train_end=2023-05-25 16:00 | val_start=2023-06-02 08:00 | gap=184h (22 rows)
    [trial 0] Sharpe=-0.0618 (folds: -0.1727, -0.0648, 0.0994, -0.0322, -0.1389)
    [trial 1] 14 features, training_days=410 | threshold=0.693 | labels: 1203 long, 972 short (55/45%)
    [trial 1] Sharpe=-0.0221 (folds: -0.2054, 0.2762, 0.0523, -0.0968, -0.1366)
    [trial 2] 14 features, training_days=270 | threshold=0.546 | labels: 1203 long, 972 short (55/45%)
    [trial 2] Sharpe=-0.0361 (folds: -0.1962, 0.1206, -0.0230, 0.0443, -0.1264)
    [trial 3] 14 features, training_days=270 | threshold=0.600 | labels: 1203 long, 972 short (55/45%)
    [trial 3] Sharpe=-0.0317 (folds: -0.1551, 0.0995, 0.0454, 0.0161, -0.1646)
    [trial 4] 14 features, training_days=390 | threshold=0.764 | labels: 1203 long, 972 short (55/45%)
    [trial 4] Sharpe=-0.0203 (folds: -0.1425, 0.1299, 0.1570, -0.0972, -0.1487)
    [trial 5] 14 features, training_days=60 | threshold=0.603 | labels: 1203 long, 972 short (55/45%)
    [trial 5] Sharpe=-0.0911 (folds: -0.2364, 0.1739, -0.2187, -0.0661, -0.1084)
    [trial 6] 14 features, training_days=290 | threshold=0.738 | labels: 1203 long, 972 short (55/45%)
    [trial 6] Sharpe=-0.0162 (folds: -0.1609, 0.0928, 0.1687, -0.0342, -0.1474)
    [trial 7] 14 features, training_days=70 | threshold=0.564 | labels: 1203 long, 972 short (55/45%)
    [trial 7] Sharpe=-0.0297 (folds: -0.2033, 0.2508, -0.1768, 0.0682, -0.0873)
    [trial 8] 14 features, training_days=440 | threshold=0.653 | labels: 1203 long, 972 short (55/45%)
    [trial 8] Sharpe=0.0396 (folds: -0.1855, 0.2190, 0.1114, 0.1000, -0.0468)
    [trial 9] 14 features, training_days=360 | threshold=0.728 | labels: 1203 long, 972 short (55/45%)
    [trial 9] Sharpe=0.0367 (folds: -0.1507, 0.2292, -0.0216, 0.2057, -0.0789)
  Optuna: 10 trials, best Sharpe = 0.0396
  Best params: n_estimators=116, max_depth=4, lr=0.0102, leaves=115
  Best confidence_threshold: 0.653
  Best training_days: 440
  Retrained on full data (1320 samples, 14 features)
  Model trained for 2023-10: 93 test candles with features, confidence_threshold=0.653
[trade:close] 2023-10-01 23:59 TRXUSDT SHORT → stop_loss @ 0.09 | PnL=-1.58% (net -1.68%) | cum=-17.66% 2023-10=-1.68% 2023-10-01=-1.68%
[predict] 2023-10-07 08:00 TRXUSDT → LONG (proba=0.72 TP=3.9%/SL=1.9%)
[trade:open] 2023-10-07 15:59 TRXUSDT LONG @ 0.09 | SL=0.09 TP=0.09 | timeout=2023-10-14 15:59
[trade:close] 2023-10-09 15:59 TRXUSDT LONG → stop_loss @ 0.09 | PnL=-1.93% (net -2.03%) | cum=-19.69% 2023-10=-3.72% 2023-10-09=-2.03%
[predict] 2023-10-23 00:00 TRXUSDT → LONG (proba=0.67 TP=3.3%/SL=1.6%)
[trade:open] 2023-10-23 07:59 TRXUSDT LONG @ 0.09 | SL=0.09 TP=0.09 | timeout=2023-10-30 07:59
[trade:close] 2023-10-23 23:59 TRXUSDT LONG → take_profit @ 0.09 | PnL=+3.25% (net +3.15%) | cum=-16.54% 2023-10=-0.56% 2023-10-23=+3.15%
[lgbm] === Training for 2023-11 ===
  Train window: 2021-11-01 → 2023-11-01
  2175 training samples from 1 symbols
  Samples per month: 2021-11: 90, 2021-12: 93, 2022-01: 93, 2022-02: 75, 2022-03: 93, 2022-04: 84, 2022-05: 93, 2022-06: 90, 2022-07: 93, 2022-08: 93, 2022-09: 90, 2022-10: 93, 2022-11: 90, 2022-12: 93, 2023-01: 93, 2023-02: 84, 2023-03: 93, 2023-04: 90, 2023-05: 93, 2023-06: 90, 2023-07: 93, 2023-08: 93, 2023-09: 90, 2023-10: 93
  [label] 2022-01-01 16:00 TRXUSDT entry=0.0765 → SHORT | long=sl(-4.18%) short=tp(+8.06%) | scanned=12 | short_tp_only
  [label] 2022-01-04 00:00 TRXUSDT entry=0.0768 → SHORT | long=sl(-3.79%) short=tp(+7.28%) | scanned=5 | short_tp_only
  [label] 2022-01-07 16:00 TRXUSDT entry=0.0682 → SHORT | long=sl(-4.92%) short=tp(+9.54%) | scanned=8 | short_tp_only
  [label] 2022-02-01 16:00 TRXUSDT entry=0.0598 → LONG | long=tp(+9.39%) short=sl(-4.85%) | scanned=10 | long_tp_only
  [label] 2022-03-29 00:00 TRXUSDT entry=0.0716 → LONG | long=sl(-3.42%) short=sl(-3.42%) | scanned=4 | no_tp→fwd_return=+0.3494
  [label] 2022-09-13 16:00 TRXUSDT entry=0.0606 → SHORT | long=timeout(-1.47%) short=sl(-2.89%) | scanned=22 | no_tp→fwd_return=-1.3703
  [label] 2022-09-17 16:00 TRXUSDT entry=0.0622 → SHORT | long=sl(-2.47%) short=tp(+4.65%) | scanned=5 | short_tp_only
  [label] 2022-09-28 08:00 TRXUSDT entry=0.0593 → LONG | long=tp(+4.97%) short=sl(-2.64%) | scanned=6 | long_tp_only
  [label] 2022-11-12 08:00 TRXUSDT entry=0.0546 → SHORT | long=sl(-7.13%) short=tp(+13.97%) | scanned=5 | short_tp_only
  [label] 2022-11-21 00:00 TRXUSDT entry=0.0500 → LONG | long=timeout(+5.56%) short=sl(-5.51%) | scanned=22 | no_tp→fwd_return=+5.6566
  [label] 2023-02-19 16:00 TRXUSDT entry=0.0704 → SHORT | long=sl(-3.44%) short=sl(-3.44%) | scanned=8 | no_tp→fwd_return=-2.4726
  [label] 2023-03-23 16:00 TRXUSDT entry=0.0651 → SHORT | long=sl(-5.23%) short=timeout(+0.48%) | scanned=22 | no_tp→fwd_return=-0.5833
  [label] 2023-04-08 16:00 TRXUSDT entry=0.0661 → SHORT | long=sl(-2.50%) short=sl(-2.50%) | scanned=10 | no_tp→fwd_return=-3.1335
  [label] 2023-04-21 16:00 TRXUSDT entry=0.0649 → LONG | long=timeout(+2.53%) short=sl(-2.53%) | scanned=22 | no_tp→fwd_return=+2.6332
  [label] 2023-05-10 00:00 TRXUSDT entry=0.0693 → LONG | long=sl(-2.18%) short=sl(-2.18%) | scanned=18 | no_tp→fwd_return=+1.7169
  [label] 2023-05-16 08:00 TRXUSDT entry=0.0704 → LONG | long=tp(+3.72%) short=sl(-2.01%) | scanned=15 | long_tp_only
  [label] 2023-05-28 16:00 TRXUSDT entry=0.0774 → LONG | long=sl(-2.35%) short=sl(-2.35%) | scanned=15 | no_tp→fwd_return=+6.6822
  [label] 2023-07-07 08:00 TRXUSDT entry=0.0793 → LONG | long=sl(-2.44%) short=sl(-2.44%) | scanned=19 | no_tp→fwd_return=+3.0257
  [label] 2023-07-17 08:00 TRXUSDT entry=0.0798 → LONG | long=tp(+4.63%) short=sl(-2.47%) | scanned=14 | long_tp_only
  [label] 2023-10-11 16:00 TRXUSDT entry=0.0860 → LONG | long=tp(+3.49%) short=sl(-1.90%) | scanned=14 | long_tp_only
  Labels: 1218 long (56.0%), 957 short (44.0%) | weights: min=1.00, mean=2.55, max=10.00
  Features: 2175/2175 matched, 14 columns
  CV gap: 22 rows
    [trial 0] 14 features, training_days=230 | threshold=0.779 | labels: 1218 long, 957 short (56/44%)
    [CV fold 0] train_end=2022-02-23 00:00 | val_start=2022-03-05 16:00 | gap=256h (22 rows)
    [CV fold 1] train_end=2022-06-28 16:00 | val_start=2022-07-06 08:00 | gap=184h (22 rows)
    [CV fold 2] train_end=2022-10-27 08:00 | val_start=2022-11-04 00:00 | gap=184h (22 rows)
    [CV fold 3] train_end=2023-02-25 00:00 | val_start=2023-03-04 16:00 | gap=184h (22 rows)
    [CV fold 4] train_end=2023-06-25 16:00 | val_start=2023-07-03 08:00 | gap=184h (22 rows)
    [trial 0] Sharpe=-0.1377 (folds: -0.2563, -0.1199, 0.1568, 0.0600, -0.5292)
    [trial 1] 14 features, training_days=410 | threshold=0.693 | labels: 1218 long, 957 short (56/44%)
    [trial 1] Sharpe=-0.2084 (folds: -0.2142, 0.0278, -0.0646, -0.1980, -0.5930)
    [trial 2] 14 features, training_days=270 | threshold=0.546 | labels: 1218 long, 957 short (56/44%)
    [trial 2] Sharpe=-0.1208 (folds: -0.3221, 0.0054, 0.0312, -0.0891, -0.2292)
    [trial 3] 14 features, training_days=270 | threshold=0.600 | labels: 1218 long, 957 short (56/44%)
    [trial 3] Sharpe=-0.0840 (folds: -0.2254, 0.0061, -0.0112, 0.0157, -0.2054)
    [trial 4] 14 features, training_days=390 | threshold=0.764 | labels: 1218 long, 957 short (56/44%)[I 2026-05-06 02:25:09,627] Trial 4 finished with value: -0.11933725604623621 and parameters: {'confidence_threshold': 0.7642618789055509, 'training_days': 390, 'n_estimators': 464, 'max_depth': 5, 'num_leaves': 30, 'learning_rate': 0.024562383309704932, 'subsample': 0.8612975035964376, 'min_child_samples': 36, 'reg_alpha': 1.593999300080167, 'reg_lambda': 0.006081270362829788}. Best is trial 3 with value: -0.08404931273836341.
[I 2026-05-06 02:25:09,780] Trial 5 finished with value: -0.022341544503111366 and parameters: {'confidence_threshold': 0.6029115860358569, 'training_days': 60, 'n_estimators': 441, 'max_depth': 3, 'num_leaves': 66, 'learning_rate': 0.044953114425778824, 'subsample': 0.7098948461279406, 'min_child_samples': 15, 'reg_alpha': 4.888753565548431e-07, 'reg_lambda': 4.198190642566389}. Best is trial 5 with value: -0.022341544503111366.
[I 2026-05-06 02:25:10,039] Trial 6 finished with value: -0.10386978792275077 and parameters: {'confidence_threshold': 0.7376932868314098, 'training_days': 290, 'n_estimators': 249, 'max_depth': 5, 'num_leaves': 121, 'learning_rate': 0.015565840632862623, 'subsample': 0.8390183783709677, 'min_child_samples': 19, 'reg_alpha': 1.860444687368747e-08, 'reg_lambda': 2.7391483548058117e-06}. Best is trial 5 with value: -0.022341544503111366.
[I 2026-05-06 02:25:10,074] Trial 7 finished with value: -0.07402893628011219 and parameters: {'confidence_threshold': 0.563503962036334, 'training_days': 70, 'n_estimators': 63, 'max_depth': 3, 'num_leaves': 47, 'learning_rate': 0.18074927623018475, 'subsample': 0.5059692991701257, 'min_child_samples': 9, 'reg_alpha': 3.6945804405602874e-08, 'reg_lambda': 0.027706035542028905}. Best is trial 5 with value: -0.022341544503111366.
[I 2026-05-06 02:25:10,161] Trial 8 finished with value: -0.1660134295264426 and parameters: {'confidence_threshold': 0.6525471176758836, 'training_days': 440, 'n_estimators': 116, 'max_depth': 4, 'num_leaves': 115, 'learning_rate': 0.010229952960863938, 'subsample': 0.5062159465415076, 'min_child_samples': 54, 'reg_alpha': 6.790626457822126e-06, 'reg_lambda': 1.7869141074987722e-05}. Best is trial 5 with value: -0.022341544503111366.
[I 2026-05-06 02:25:10,249] Trial 9 finished with value: -0.05255652248025473 and parameters: {'confidence_threshold': 0.7277571993354469, 'training_days': 360, 'n_estimators': 75, 'max_depth': 5, 'num_leaves': 41, 'learning_rate': 0.014186743931212992, 'subsample': 0.7445187273047605, 'min_child_samples': 22, 'reg_alpha': 0.02393227447113315, 'reg_lambda': 0.009236766173618426}. Best is trial 5 with value: -0.022341544503111366.
[I 2026-05-06 02:25:10,671] A new study created in memory with name: no-name-3eb04af4-c966-4179-8e63-01da3326397f
[I 2026-05-06 02:25:10,976] Trial 0 finished with value: -0.08532146978478194 and parameters: {'confidence_threshold': 0.7790993046299082, 'training_days': 230, 'n_estimators': 295, 'max_depth': 5, 'num_leaves': 83, 'learning_rate': 0.051543455158230854, 'subsample': 0.8773243492079463, 'min_child_samples': 10, 'reg_alpha': 0.034096514368237685, 'reg_lambda': 3.154180388637081e-05}. Best is trial 0 with value: -0.08532146978478194.
[I 2026-05-06 02:25:11,105] Trial 1 finished with value: -0.10308244424505611 and parameters: {'confidence_threshold': 0.6929247853618086, 'training_days': 410, 'n_estimators': 233, 'max_depth': 5, 'num_leaves': 108, 'learning_rate': 0.013724237108071606, 'subsample': 0.7013182233636002, 'min_child_samples': 94, 'reg_alpha': 2.4040959529260723e-06, 'reg_lambda': 5.320966582161148}. Best is trial 0 with value: -0.08532146978478194.
[I 2026-05-06 02:25:11,175] Trial 2 finished with value: -0.13453368493334134 and parameters: {'confidence_threshold': 0.546341527225763, 'training_days': 270, 'n_estimators': 120, 'max_depth': 4, 'num_leaves': 53, 'learning_rate': 0.060197068579343475, 'subsample': 0.588227873455941, 'min_child_samples': 91, 'reg_alpha': 2.3457771824819002e-08, 'reg_lambda': 1.1358840775642732e-08}. Best is trial 0 with value: -0.08532146978478194.
[I 2026-05-06 02:25:11,346] Trial 3 finished with value: -0.16154943111088602 and parameters: {'confidence_threshold': 0.6000319676300473, 'training_days': 270, 'n_estimators': 382, 'max_depth': 4, 'num_leaves': 44, 'learning_rate': 0.09185046765032388, 'subsample': 0.6743651508646724, 'min_child_samples': 77, 'reg_alpha': 0.0013974578104212739, 'reg_lambda': 8.97190257982477e-08}. Best is trial 0 with value: -0.08532146978478194.
[I 2026-05-06 02:25:11,753] Trial 4 finished with value: -0.19059567129672125 and parameters: {'confidence_threshold': 0.7642618789055509, 'training_days': 390, 'n_estimators': 464, 'max_depth': 5, 'num_leaves': 30, 'learning_rate': 0.024562383309704932, 'subsample': 0.8612975035964376, 'min_child_samples': 36, 'reg_alpha': 1.593999300080167, 'reg_lambda': 0.006081270362829788}. Best is trial 0 with value: -0.08532146978478194.
[I 2026-05-06 02:25:11,896] Trial 5 finished with value: -0.10030526300062607 and parameters: {'confidence_threshold': 0.6029115860358569, 'training_days': 60, 'n_estimators': 441, 'max_depth': 3, 'num_leaves': 66, 'learning_rate': 0.044953114425778824, 'subsample': 0.7098948461279406, 'min_child_samples': 15, 'reg_alpha': 4.888753565548431e-07, 'reg_lambda': 4.198190642566389}. Best is trial 0 with value: -0.08532146978478194.
[I 2026-05-06 02:25:12,140] Trial 6 finished with value: -0.10921136704974625 and parameters: {'confidence_threshold': 0.7376932868314098, 'training_days': 290, 'n_estimators': 249, 'max_depth': 5, 'num_leaves': 121, 'learning_rate': 0.015565840632862623, 'subsample': 0.8390183783709677, 'min_child_samples': 19, 'reg_alpha': 1.860444687368747e-08, 'reg_lambda': 2.7391483548058117e-06}. Best is trial 0 with value: -0.08532146978478194.
[I 2026-05-06 02:25:12,176] Trial 7 finished with value: -0.017511192695668497 and parameters: {'confidence_threshold': 0.563503962036334, 'training_days': 70, 'n_estimators': 63, 'max_depth': 3, 'num_leaves': 47, 'learning_rate': 0.18074927623018475, 'subsample': 0.5059692991701257, 'min_child_samples': 9, 'reg_alpha': 3.6945804405602874e-08, 'reg_lambda': 0.027706035542028905}. Best is trial 7 with value: -0.017511192695668497.
