[I 2026-05-06 02:24:31,576] Trial 1 finished with value: 0.056058567097680326 and parameters: {'confidence_threshold': 0.6929247853618086, 'training_days': 410, 'n_estimators': 233, 'max_depth': 5, 'num_leaves': 108, 'learning_rate': 0.013724237108071606, 'subsample': 0.7013182233636002, 'min_child_samples': 94, 'reg_alpha': 2.4040959529260723e-06, 'reg_lambda': 5.320966582161148}. Best is trial 0 with value: 0.08625725105156427.
[I 2026-05-06 02:24:31,650] Trial 2 finished with value: -0.026883946393074114 and parameters: {'confidence_threshold': 0.546341527225763, 'training_days': 270, 'n_estimators': 120, 'max_depth': 4, 'num_leaves': 53, 'learning_rate': 0.060197068579343475, 'subsample': 0.588227873455941, 'min_child_samples': 91, 'reg_alpha': 2.3457771824819002e-08, 'reg_lambda': 1.1358840775642732e-08}. Best is trial 0 with value: 0.08625725105156427.
[I 2026-05-06 02:24:31,846] Trial 3 finished with value: -0.011743118057535076 and parameters: {'confidence_threshold': 0.6000319676300473, 'training_days': 270, 'n_estimators': 382, 'max_depth': 4, 'num_leaves': 44, 'learning_rate': 0.09185046765032388, 'subsample': 0.6743651508646724, 'min_child_samples': 77, 'reg_alpha': 0.0013974578104212739, 'reg_lambda': 8.97190257982477e-08}. Best is trial 0 with value: 0.08625725105156427.
[I 2026-05-06 02:24:32,208] Trial 4 finished with value: 0.11923294655989021 and parameters: {'confidence_threshold': 0.7642618789055509, 'training_days': 390, 'n_estimators': 464, 'max_depth': 5, 'num_leaves': 30, 'learning_rate': 0.024562383309704932, 'subsample': 0.8612975035964376, 'min_child_samples': 36, 'reg_alpha': 1.593999300080167, 'reg_lambda': 0.006081270362829788}. Best is trial 4 with value: 0.11923294655989021.
[I 2026-05-06 02:24:32,364] Trial 5 finished with value: -0.04926233526328984 and parameters: {'confidence_threshold': 0.6029115860358569, 'training_days': 60, 'n_estimators': 441, 'max_depth': 3, 'num_leaves': 66, 'learning_rate': 0.044953114425778824, 'subsample': 0.7098948461279406, 'min_child_samples': 15, 'reg_alpha': 4.888753565548431e-07, 'reg_lambda': 4.198190642566389}. Best is trial 4 with value: 0.11923294655989021.
[I 2026-05-06 02:24:32,610] Trial 6 finished with value: 0.09512738460982158 and parameters: {'confidence_threshold': 0.7376932868314098, 'training_days': 290, 'n_estimators': 249, 'max_depth': 5, 'num_leaves': 121, 'learning_rate': 0.015565840632862623, 'subsample': 0.8390183783709677, 'min_child_samples': 19, 'reg_alpha': 1.860444687368747e-08, 'reg_lambda': 2.7391483548058117e-06}. Best is trial 4 with value: 0.11923294655989021.
[I 2026-05-06 02:24:32,651] Trial 7 finished with value: 0.013594268517794115 and parameters: {'confidence_threshold': 0.563503962036334, 'training_days': 70, 'n_estimators': 63, 'max_depth': 3, 'num_leaves': 47, 'learning_rate': 0.18074927623018475, 'subsample': 0.5059692991701257, 'min_child_samples': 9, 'reg_alpha': 3.6945804405602874e-08, 'reg_lambda': 0.027706035542028905}. Best is trial 4 with value: 0.11923294655989021.
[I 2026-05-06 02:24:32,737] Trial 8 finished with value: 0.03722764208611595 and parameters: {'confidence_threshold': 0.6525471176758836, 'training_days': 440, 'n_estimators': 116, 'max_depth': 4, 'num_leaves': 115, 'learning_rate': 0.010229952960863938, 'subsample': 0.5062159465415076, 'min_child_samples': 54, 'reg_alpha': 6.790626457822126e-06, 'reg_lambda': 1.7869141074987722e-05}. Best is trial 4 with value: 0.11923294655989021.
[I 2026-05-06 02:24:32,834] Trial 9 finished with value: 0.06937753560949912 and parameters: {'confidence_threshold': 0.7277571993354469, 'training_days': 360, 'n_estimators': 75, 'max_depth': 5, 'num_leaves': 41, 'learning_rate': 0.014186743931212992, 'subsample': 0.7445187273047605, 'min_child_samples': 22, 'reg_alpha': 0.02393227447113315, 'reg_lambda': 0.009236766173618426}. Best is trial 4 with value: 0.11923294655989021.

  [label] 2021-10-01 16:00 TRXUSDT entry=0.0948 → LONG | long=timeout(+2.97%) short=timeout(-3.17%) | scanned=22 | no_tp→fwd_return=+3.0683
  [label] 2021-10-14 16:00 TRXUSDT entry=0.0974 → LONG | long=timeout(+2.25%) short=sl(-4.93%) | scanned=22 | no_tp→fwd_return=+2.3514
  [label] 2021-11-02 00:00 TRXUSDT entry=0.1017 → LONG | long=tp(+9.31%) short=sl(-4.81%) | scanned=21 | long_tp_only
  [label] 2021-11-08 08:00 TRXUSDT entry=0.1079 → LONG | long=tp(+8.37%) short=sl(-4.33%) | scanned=5 | long_tp_only
  [label] 2021-11-20 16:00 TRXUSDT entry=0.1052 → SHORT | long=sl(-6.30%) short=tp(+12.30%) | scanned=17 | short_tp_only
  [label] 2021-12-30 08:00 TRXUSDT entry=0.0775 → SHORT | long=sl(-4.29%) short=tp(+8.29%) | scanned=19 | short_tp_only
  [label] 2022-01-09 08:00 TRXUSDT entry=0.0655 → LONG | long=sl(-4.94%) short=sl(-4.94%) | scanned=19 | no_tp→fwd_return=+4.3492
  [label] 2022-04-10 16:00 TRXUSDT entry=0.0623 → SHORT | long=sl(-4.56%) short=timeout(+3.56%) | scanned=22 | no_tp→fwd_return=-3.6591
  Labels: 1189 long (54.7%), 986 short (45.3%) | weights: min=1.00, mean=3.07, max=10.00
  Features: 2175/2175 matched, 14 columns
  CV gap: 22 rows
    [trial 0] 14 features, training_days=230 | threshold=0.779 | labels: 1189 long, 986 short (55/45%)
    [CV fold 0] train_end=2020-08-23 00:00 | val_start=2020-08-30 16:00 | gap=184h (22 rows)
    [CV fold 1] train_end=2020-12-21 16:00 | val_start=2020-12-29 08:00 | gap=184h (22 rows)
    [CV fold 2] train_end=2021-04-21 08:00 | val_start=2021-04-29 00:00 | gap=184h (22 rows)
    [CV fold 3] train_end=2021-08-20 00:00 | val_start=2021-08-27 16:00 | gap=184h (22 rows)
    [CV fold 4] train_end=2021-12-18 16:00 | val_start=2021-12-26 08:00 | gap=184h (22 rows)
    [trial 0] Sharpe=0.0863 (folds: 0.1575, -0.1018, -0.0894, 0.1063, 0.3587)
    [trial 1] 14 features, training_days=410 | threshold=0.693 | labels: 1189 long, 986 short (55/45%)
    [trial 1] Sharpe=0.0561 (folds: 0.0005, 0.0601, -0.3362, 0.4273, 0.1286)
    [trial 2] 14 features, training_days=270 | threshold=0.546 | labels: 1189 long, 986 short (55/45%)
    [trial 2] Sharpe=-0.0269 (folds: -0.1064, 0.0294, -0.2184, 0.1357, 0.0253)
    [trial 3] 14 features, training_days=270 | threshold=0.600 | labels: 1189 long, 986 short (55/45%)
    [trial 3] Sharpe=-0.0117 (folds: 0.0101, -0.0013, -0.1447, 0.0945, -0.0173)
    [trial 4] 14 features, training_days=390 | threshold=0.764 | labels: 1189 long, 986 short (55/45%)
    [trial 4] Sharpe=0.1192 (folds: 0.0018, -0.0593, -0.0667, 0.4771, 0.2432)
    [trial 5] 14 features, training_days=60 | threshold=0.603 | labels: 1189 long, 986 short (55/45%)
    [trial 5] Sharpe=-0.0493 (folds: -0.1719, 0.0218, -0.1158, 0.1304, -0.1108)
    [trial 6] 14 features, training_days=290 | threshold=0.738 | labels: 1189 long, 986 short (55/45%)
    [trial 6] Sharpe=0.0951 (folds: 0.0233, -0.0075, -0.1647, 0.2162, 0.4084)
    [trial 7] 14 features, training_days=70 | threshold=0.564 | labels: 1189 long, 986 short (55/45%)
    [trial 7] Sharpe=0.0136 (folds: -0.1336, 0.1201, 0.0068, -0.0137, 0.0884)
    [trial 8] 14 features, training_days=440 | threshold=0.653 | labels: 1189 long, 986 short (55/45%)
    [trial 8] Sharpe=0.0372 (folds: -0.1919, -0.0746, -0.7709, 0.5034, 0.7201)
    [trial 9] 14 features, training_days=360 | threshold=0.728 | labels: 1189 long, 986 short (55/45%)
    [trial 9] Sharpe=0.0694 (folds: -0.2169, 0.2705, -0.5550, 0.3648, 0.4835)
  Optuna: 10 trials, best Sharpe = 0.1192
  Best params: n_estimators=464, max_depth=5, lr=0.0246, leaves=30
  Best confidence_threshold: 0.764
  Best training_days: 390
  Retrained on full data (1155 samples, 14 features)
  Model trained for 2022-05: 93 test candles with features, confidence_threshold=0.764
[predict] 2022-05-02 00:00 TRXUSDT → SHORT (proba=0.81 TP=10.1%/SL=5.1%)
[trade:open] 2022-05-02 07:59 TRXUSDT SHORT @ 0.07 | SL=0.08 TP=0.07 | timeout=2022-05-09 07:59
[trade:close] 2022-05-02 23:59 TRXUSDT SHORT → take_profit @ 0.07 | PnL=+10.15% (net +10.05%) | cum=+22.96% 2022-05=+10.05% 2022-05-02=+10.05%
[predict] 2022-05-11 00:00 TRXUSDT → SHORT (proba=0.86 TP=23.9%/SL=12.0%)
[trade:open] 2022-05-11 07:59 TRXUSDT SHORT @ 0.07 | SL=0.08 TP=0.06 | timeout=2022-05-18 07:59
[trade:close] 2022-05-11 15:59 TRXUSDT SHORT → stop_loss @ 0.08 | PnL=-11.97% (net -12.07%) | cum=+10.89% 2022-05=-2.02% 2022-05-11=-12.07%
[predict] 2022-05-13 08:00 TRXUSDT → LONG (proba=0.89 TP=28.4%/SL=14.2%)
[trade:open] 2022-05-13 15:59 TRXUSDT LONG @ 0.07 | SL=0.06 TP=0.09 | timeout=2022-05-20 15:59
[trade:close] 2022-05-20 16:00 TRXUSDT LONG → timeout @ 0.07 | PnL=-1.48% (net -1.58%) | cum=+9.32% 2022-05=-3.59% 2022-05-20=-1.58%
[predict] 2022-05-24 08:00 TRXUSDT → SHORT (proba=0.78 TP=14.5%/SL=7.2%)
[trade:open] 2022-05-24 15:59 TRXUSDT SHORT @ 0.08 | SL=0.09 TP=0.07 | timeout=2022-05-31 15:59
[trade:close] 2022-05-25 23:59 TRXUSDT SHORT → stop_loss @ 0.09 | PnL=-7.24% (net -7.34%) | cum=+1.98% 2022-05=-10.93% 2022-05-25=-7.34%
[predict] 2022-05-27 08:00 TRXUSDT → SHORT (proba=0.83 TP=15.6%/SL=7.8%)
[trade:open] 2022-05-27 15:59 TRXUSDT SHORT @ 0.08 | SL=0.09 TP=0.07 | timeout=2022-06-03 15:59
[lgbm] === Training for 2022-06 ===
  Train window: 2020-06-01 → 2022-06-01
  2175 training samples from 1 symbols
  Samples per month: 2020-06: 90, 2020-07: 93, 2020-08: 93, 2020-09: 90, 2020-10: 93, 2020-11: 90, 2020-12: 93, 2021-01: 93, 2021-02: 84, 2021-03: 93, 2021-04: 90, 2021-05: 93, 2021-06: 90, 2021-07: 93, 2021-08: 93, 2021-09: 90, 2021-10: 93, 2021-11: 90, 2021-12: 93, 2022-01: 93, 2022-02: 75, 2022-03: 93, 2022-04: 84, 2022-05: 93
  [label] 2020-08-01 16:00 TRXUSDT entry=0.0205 → SHORT | long=sl(-4.66%) short=tp(+9.02%) | scanned=1 | short_tp_only
  [label] 2020-08-04 00:00 TRXUSDT entry=0.0203 → LONG | long=sl(-5.70%) short=sl(-5.70%) | scanned=19 | no_tp→fwd_return=+6.4405
  [label] 2020-08-07 16:00 TRXUSDT entry=0.0199 → LONG | long=tp(+10.77%) short=sl(-5.53%) | scanned=18 | long_tp_only
  [label] 2020-09-01 16:00 TRXUSDT entry=0.0347 → SHORT | long=sl(-6.86%) short=sl(-6.86%) | scanned=2 | no_tp→fwd_return=-2.6505
  [label] 2020-10-24 00:00 TRXUSDT entry=0.0267 → SHORT | long=sl(-3.98%) short=timeout(+4.61%) | scanned=22 | no_tp→fwd_return=-4.7138
  [label] 2021-04-08 16:00 TRXUSDT entry=0.1237 → LONG | long=tp(+23.26%) short=sl(-11.78%) | scanned=15 | long_tp_only
  [label] 2021-04-12 16:00 TRXUSDT entry=0.1289 → LONG | long=tp(+20.20%) short=sl(-10.25%) | scanned=3 | long_tp_only
  [label] 2021-04-23 08:00 TRXUSDT entry=0.1030 → LONG | long=timeout(+23.36%) short=sl(-18.82%) | scanned=22 | no_tp→fwd_return=+23.4557
  [label] 2021-06-07 08:00 TRXUSDT entry=0.0774 → SHORT | long=sl(-7.71%) short=timeout(+6.46%) | scanned=22 | no_tp→fwd_return=-6.5642
  [label] 2021-06-16 00:00 TRXUSDT entry=0.0723 → SHORT | long=sl(-6.15%) short=tp(+12.00%) | scanned=13 | short_tp_only
  [label] 2021-09-14 16:00 TRXUSDT entry=0.1183 → SHORT | long=sl(-7.89%) short=tp(+15.49%) | scanned=16 | short_tp_only
  [label] 2021-10-16 16:00 TRXUSDT entry=0.0988 → LONG | long=timeout(+1.97%) short=sl(-4.82%) | scanned=22 | no_tp→fwd_return=+2.0654
  [label] 2021-11-01 16:00 TRXUSDT entry=0.1006 → LONG | long=tp(+9.47%) short=sl(-4.88%) | scanned=2 | long_tp_only
  [label] 2021-11-14 16:00 TRXUSDT entry=0.1171 → LONG | long=tp(+9.30%) short=sl(-4.80%) | scanned=2 | long_tp_only
  [label] 2021-12-03 00:00 TRXUSDT entry=0.0999 → SHORT | long=sl(-4.78%) short=tp(+9.26%) | scanned=3 | short_tp_only
  [label] 2021-12-09 08:00 TRXUSDT entry=0.0898 → SHORT | long=sl(-6.43%) short=timeout(+2.92%) | scanned=22 | no_tp→fwd_return=-3.0175
  [label] 2021-12-21 16:00 TRXUSDT entry=0.0788 → SHORT | long=timeout(-2.26%) short=sl(-5.06%) | scanned=22 | no_tp→fwd_return=-2.1576
  [label] 2022-01-30 08:00 TRXUSDT entry=0.0600 → LONG | long=sl(-5.40%) short=sl(-5.40%) | scanned=14 | no_tp→fwd_return=+5.9883
  [label] 2022-02-09 08:00 TRXUSDT entry=0.0692 → SHORT | long=sl(-3.93%) short=tp(+7.57%) | scanned=7 | short_tp_only
  [label] 2022-05-11 16:00 TRXUSDT entry=0.0748 → SHORT | long=timeout(-5.25%) short=timeout(+5.05%) | scanned=22 | no_tp→fwd_return=-5.1471[I 2026-05-06 02:24:33,310] A new study created in memory with name: no-name-4427047e-a6e4-4313-931f-d3b9d8806207
[I 2026-05-06 02:24:33,582] Trial 0 finished with value: 0.001030931656890785 and parameters: {'confidence_threshold': 0.7790993046299082, 'training_days': 230, 'n_estimators': 295, 'max_depth': 5, 'num_leaves': 83, 'learning_rate': 0.051543455158230854, 'subsample': 0.8773243492079463, 'min_child_samples': 10, 'reg_alpha': 0.034096514368237685, 'reg_lambda': 3.154180388637081e-05}. Best is trial 0 with value: 0.001030931656890785.
[I 2026-05-06 02:24:33,716] Trial 1 finished with value: 0.10791580904494025 and parameters: {'confidence_threshold': 0.6929247853618086, 'training_days': 410, 'n_estimators': 233, 'max_depth': 5, 'num_leaves': 108, 'learning_rate': 0.013724237108071606, 'subsample': 0.7013182233636002, 'min_child_samples': 94, 'reg_alpha': 2.4040959529260723e-06, 'reg_lambda': 5.320966582161148}. Best is trial 1 with value: 0.10791580904494025.
[I 2026-05-06 02:24:33,777] Trial 2 finished with value: -0.017678353877725858 and parameters: {'confidence_threshold': 0.546341527225763, 'training_days': 270, 'n_estimators': 120, 'max_depth': 4, 'num_leaves': 53, 'learning_rate': 0.060197068579343475, 'subsample': 0.588227873455941, 'min_child_samples': 91, 'reg_alpha': 2.3457771824819002e-08, 'reg_lambda': 1.1358840775642732e-08}. Best is trial 1 with value: 0.10791580904494025.
[I 2026-05-06 02:24:33,956] Trial 3 finished with value: 0.059733646370969076 and parameters: {'confidence_threshold': 0.6000319676300473, 'training_days': 270, 'n_estimators': 382, 'max_depth': 4, 'num_leaves': 44, 'learning_rate': 0.09185046765032388, 'subsample': 0.6743651508646724, 'min_child_samples': 77, 'reg_alpha': 0.0013974578104212739, 'reg_lambda': 8.97190257982477e-08}. Best is trial 1 with value: 0.10791580904494025.
[I 2026-05-06 02:24:34,322] Trial 4 finished with value: 0.16006003213223402 and parameters: {'confidence_threshold': 0.7642618789055509, 'training_days': 390, 'n_estimators': 464, 'max_depth': 5, 'num_leaves': 30, 'learning_rate': 0.024562383309704932, 'subsample': 0.8612975035964376, 'min_child_samples': 36, 'reg_alpha': 1.593999300080167, 'reg_lambda': 0.006081270362829788}. Best is trial 4 with value: 0.16006003213223402.
[I 2026-05-06 02:24:34,500] Trial 5 finished with value: -0.015258725683290142 and parameters: {'confidence_threshold': 0.6029115860358569, 'training_days': 60, 'n_estimators': 441, 'max_depth': 3, 'num_leaves': 66, 'learning_rate': 0.044953114425778824, 'subsample': 0.7098948461279406, 'min_child_samples': 15, 'reg_alpha': 4.888753565548431e-07, 'reg_lambda': 4.198190642566389}. Best is trial 4 with value: 0.16006003213223402.
[I 2026-05-06 02:24:34,724] Trial 6 finished with value: 0.12261675497395497 and parameters: {'confidence_threshold': 0.7376932868314098, 'training_days': 290, 'n_estimators': 249, 'max_depth': 5, 'num_leaves': 121, 'learning_rate': 0.015565840632862623, 'subsample': 0.8390183783709677, 'min_child_samples': 19, 'reg_alpha': 1.860444687368747e-08, 'reg_lambda': 2.7391483548058117e-06}. Best is trial 4 with value: 0.16006003213223402.
[I 2026-05-06 02:24:34,759] Trial 7 finished with value: -0.05522498707889749 and parameters: {'confidence_threshold': 0.563503962036334, 'training_days': 70, 'n_estimators': 63, 'max_depth': 3, 'num_leaves': 47, 'learning_rate': 0.18074927623018475, 'subsample': 0.5059692991701257, 'min_child_samples': 9, 'reg_alpha': 3.6945804405602874e-08, 'reg_lambda': 0.027706035542028905}. Best is trial 4 with value: 0.16006003213223402.
[I 2026-05-06 02:24:34,841] Trial 8 finished with value: 0.25138751901573875 and parameters: {'confidence_threshold': 0.6525471176758836, 'training_days': 440, 'n_estimators': 116, 'max_depth': 4, 'num_leaves': 115, 'learning_rate': 0.010229952960863938, 'subsample': 0.5062159465415076, 'min_child_samples': 54, 'reg_alpha': 6.790626457822126e-06, 'reg_lambda': 1.7869141074987722e-05}. Best is trial 8 with value: 0.25138751901573875.
[I 2026-05-06 02:24:34,937] Trial 9 finished with value: -3.882795818514188 and parameters: {'confidence_threshold': 0.7277571993354469, 'training_days': 360, 'n_estimators': 75, 'max_depth': 5, 'num_leaves': 41, 'learning_rate': 0.014186743931212992, 'subsample': 0.7445187273047605, 'min_child_samples': 22, 'reg_alpha': 0.02393227447113315, 'reg_lambda': 0.009236766173618426}. Best is trial 8 with value: 0.25138751901573875.
[I 2026-05-06 02:24:35,331] A new study created in memory with name: no-name-580eb8a3-fff8-4634-946b-26b06375f0ac
[I 2026-05-06 02:24:35,585] Trial 0 finished with value: 0.0942894956070727 and parameters: {'confidence_threshold': 0.7790993046299082, 'training_days': 230, 'n_estimators': 295, 'max_depth': 5, 'num_leaves': 83, 'learning_rate': 0.051543455158230854, 'subsample': 0.8773243492079463, 'min_child_samples': 10, 'reg_alpha': 0.034096514368237685, 'reg_lambda': 3.154180388637081e-05}. Best is trial 0 with value: 0.0942894956070727.
[I 2026-05-06 02:24:35,715] Trial 1 finished with value: 0.2450218812104418 and parameters: {'confidence_threshold': 0.6929247853618086, 'training_days': 410, 'n_estimators': 233, 'max_depth': 5, 'num_leaves': 108, 'learning_rate': 0.013724237108071606, 'subsample': 0.7013182233636002, 'min_child_samples': 94, 'reg_alpha': 2.4040959529260723e-06, 'reg_lambda': 5.320966582161148}. Best is trial 1 with value: 0.2450218812104418.
[I 2026-05-06 02:24:35,773] Trial 2 finished with value: 0.0796132120459717 and parameters: {'confidence_threshold': 0.546341527225763, 'training_days': 270, 'n_estimators': 120, 'max_depth': 4, 'num_leaves': 53, 'learning_rate': 0.060197068579343475, 'subsample': 0.588227873455941, 'min_child_samples': 91, 'reg_alpha': 2.3457771824819002e-08, 'reg_lambda': 1.1358840775642732e-08}. Best is trial 1 with value: 0.2450218812104418.
[I 2026-05-06 02:24:35,950] Trial 3 finished with value: 0.059376287885735735 and parameters: {'confidence_threshold': 0.6000319676300473, 'training_days': 270, 'n_estimators': 382, 'max_depth': 4, 'num_leaves': 44, 'learning_rate': 0.09185046765032388, 'subsample': 0.6743651508646724, 'min_child_samples': 77, 'reg_alpha': 0.0013974578104212739, 'reg_lambda': 8.97190257982477e-08}. Best is trial 1 with value: 0.2450218812104418.
[I 2026-05-06 02:24:36,317] Trial 4 finished with value: 0.25828790029467136 and parameters: {'confidence_threshold': 0.7642618789055509, 'training_days': 390, 'n_estimators': 464, 'max_depth': 5, 'num_leaves': 30, 'learning_rate': 0.024562383309704932, 'subsample': 0.8612975035964376, 'min_child_samples': 36, 'reg_alpha': 1.593999300080167, 'reg_lambda': 0.006081270362829788}. Best is trial 4 with value: 0.25828790029467136.
[I 2026-05-06 02:24:36,465] Trial 5 finished with value: -0.06881246514408874 and parameters: {'confidence_threshold': 0.6029115860358569, 'training_days': 60, 'n_estimators': 441, 'max_depth': 3, 'num_leaves': 66, 'learning_rate': 0.044953114425778824, 'subsample': 0.7098948461279406, 'min_child_samples': 15, 'reg_alpha': 4.888753565548431e-07, 'reg_lambda': 4.198190642566389}. Best is trial 4 with value: 0.25828790029467136.
