[I 2026-06-01 15:49:13,927] Trial 1 finished with value: -1.9316587774451608 and parameters: {'confidence_threshold': 0.7551673975844145, 'training_days': 220, 'n_estimators': 76, 'max_depth': 4, 'num_leaves': 51, 'learning_rate': 0.018602118810743477, 'subsample': 0.5877258780737462, 'colsample_bytree': 0.7657756869209191, 'min_child_samples': 63, 'reg_alpha': 0.005123994170264194, 'reg_lambda': 0.44145470178120466}. Best is trial 0 with value: 0.005885264614091721.
[I 2026-06-01 15:49:14,179] Trial 2 finished with value: 0.03512663132732779 and parameters: {'confidence_threshold': 0.7535593637012223, 'training_days': 310, 'n_estimators': 375, 'max_depth': 3, 'num_leaves': 32, 'learning_rate': 0.021735641882032388, 'subsample': 0.6468570231944146, 'colsample_bytree': 0.8154880619272439, 'min_child_samples': 27, 'reg_alpha': 8.004064028491336e-05, 'reg_lambda': 7.546835261630524e-05}. Best is trial 2 with value: 0.03512663132732779.
[I 2026-06-01 15:49:14,345] Trial 3 finished with value: 0.07247996545490135 and parameters: {'confidence_threshold': 0.6727897841776072, 'training_days': 220, 'n_estimators': 190, 'max_depth': 4, 'num_leaves': 58, 'learning_rate': 0.24810689332636193, 'subsample': 0.7509183379421682, 'colsample_bytree': 0.8119764758960556, 'min_child_samples': 29, 'reg_alpha': 7.1708285081421445e-06, 'reg_lambda': 5.412973582738627e-05}. Best is trial 3 with value: 0.07247996545490135.

  [label] 2023-01-31 16:00 ETHUSDT entry=1585.0200 → LONG | long=timeout(+5.29%) short=sl(-4.86%) | scanned=22 | no_tp→fwd_return=+5.3936
  [label] 2023-02-03 00:00 ETHUSDT entry=1638.1200 → SHORT | long=sl(-5.17%) short=timeout(+5.24%) | scanned=22 | no_tp→fwd_return=-5.3378
  [label] 2023-02-06 16:00 ETHUSDT entry=1613.9000 → SHORT | long=sl(-4.57%) short=sl(-4.57%) | scanned=9 | no_tp→fwd_return=-4.2890
  [label] 2023-03-03 08:00 ETHUSDT entry=1566.0600 → SHORT | long=sl(-4.78%) short=tp(+9.27%) | scanned=19 | short_tp_only
  [label] 2023-04-25 00:00 ETHUSDT entry=1814.4300 → LONG | long=timeout(+1.03%) short=sl(-4.44%) | scanned=22 | no_tp→fwd_return=+1.1271
  [label] 2023-10-08 00:00 ETHUSDT entry=1628.1400 → SHORT | long=sl(-2.74%) short=tp(+5.18%) | scanned=9 | short_tp_only
  [label] 2023-10-12 00:00 ETHUSDT entry=1558.6400 → LONG | long=sl(-2.89%) short=sl(-2.89%) | scanned=13 | no_tp→fwd_return=+1.1805
  [label] 2023-10-22 16:00 ETHUSDT entry=1662.8300 → LONG | long=tp(+5.49%) short=sl(-2.89%) | scanned=3 | long_tp_only
  [label] 2023-12-06 16:00 ETHUSDT entry=2233.2900 → LONG | long=sl(-4.37%) short=sl(-4.37%) | scanned=13 | no_tp→fwd_return=+0.1728
  [label] 2023-12-15 08:00 ETHUSDT entry=2233.1900 → LONG | long=sl(-5.08%) short=sl(-5.08%) | scanned=21 | no_tp→fwd_return=+3.9652
  [label] 2024-03-14 16:00 ETHUSDT entry=3884.9900 → SHORT | long=sl(-5.90%) short=tp(+11.51%) | scanned=7 | short_tp_only
  [label] 2024-04-15 16:00 ETHUSDT entry=3100.7500 → LONG | long=timeout(+3.06%) short=timeout(-3.26%) | scanned=22 | no_tp→fwd_return=+3.1576
  [label] 2024-05-02 00:00 ETHUSDT entry=2919.8800 → LONG | long=timeout(+2.04%) short=sl(-6.63%) | scanned=22 | no_tp→fwd_return=+2.1402
  [label] 2024-05-14 16:00 ETHUSDT entry=2880.8700 → LONG | long=tp(+7.32%) short=sl(-3.81%) | scanned=8 | long_tp_only
  [label] 2024-06-02 00:00 ETHUSDT entry=3795.1300 → SHORT | long=sl(-3.75%) short=timeout(+2.74%) | scanned=22 | no_tp→fwd_return=-2.8423
  [label] 2024-06-08 08:00 ETHUSDT entry=3689.3300 → SHORT | long=sl(-3.75%) short=tp(+7.20%) | scanned=19 | short_tp_only
  [label] 2024-06-20 16:00 ETHUSDT entry=3511.2600 → SHORT | long=sl(-4.54%) short=timeout(+1.63%) | scanned=22 | no_tp→fwd_return=-1.7350
  [label] 2024-07-30 08:00 ETHUSDT entry=3319.2600 → SHORT | long=sl(-4.45%) short=tp(+8.61%) | scanned=9 | short_tp_only
  [label] 2024-08-09 00:00 ETHUSDT entry=2668.9700 → SHORT | long=timeout(-2.08%) short=timeout(+1.88%) | scanned=22 | no_tp→fwd_return=-1.9847
  [label] 2024-11-03 08:00 ETHUSDT entry=2442.2000 → LONG | long=tp(+8.29%) short=sl(-4.29%) | scanned=9 | long_tp_only
  Labels: 1149 long (52.9%), 1022 short (47.1%) | weights: min=1.00, mean=4.10, max=10.00
  Features: 2171/2171 matched, 48 columns
  CV gap: 22 rows
  [ensemble 1/3] seed=42
    [trial 0] 48 features, training_days=480 | threshold=0.631 | labels: 1149 long, 1022 short (53/47%)
    [CV fold 0] train_end=2023-03-25 08:00 | val_start=2023-04-02 00:00 | gap=184h (22 rows)
    [CV fold 1] train_end=2023-07-23 16:00 | val_start=2023-07-31 08:00 | gap=184h (22 rows)
    [CV fold 2] train_end=2023-11-21 00:00 | val_start=2023-11-28 16:00 | gap=184h (22 rows)
    [CV fold 3] train_end=2024-03-20 08:00 | val_start=2024-03-28 00:00 | gap=184h (22 rows)
    [CV fold 4] train_end=2024-07-18 16:00 | val_start=2024-07-26 08:00 | gap=184h (22 rows)
    [trial 0] Sharpe=0.0626 (folds: -0.1216, 0.2415, 0.0993, 0.0514, 0.0425)
    [trial 1] 48 features, training_days=420 | threshold=0.839 | labels: 1149 long, 1022 short (53/47%)
    [trial 1] Sharpe=0.1201 (folds: -0.2721, -0.1089, 0.5837, 0.0535, 0.3446)
    [trial 2] 48 features, training_days=190 | threshold=0.602 | labels: 1149 long, 1022 short (53/47%)
    [trial 2] Sharpe=0.0625 (folds: -0.1473, 0.1046, 0.2457, 0.0270, 0.0824)
    [trial 3] 48 features, training_days=490 | threshold=0.832 | labels: 1149 long, 1022 short (53/47%)
    [trial 3] Sharpe=0.0797 (folds: -0.1394, 0.2278, 0.0911, 0.0555, 0.1636)
    [trial 4] 48 features, training_days=340 | threshold=0.591 | labels: 1149 long, 1022 short (53/47%)
    [trial 4] Sharpe=0.0705 (folds: -0.0838, 0.3027, 0.0886, 0.0278, 0.0171)
    [trial 5] 48 features, training_days=50 | threshold=0.823 | labels: 1149 long, 1022 short (53/47%)
    [trial 5] Sharpe=0.1339 (folds: -0.0787, -0.0785, 0.5278, 0.1081, 0.1908)
    [trial 6] 48 features, training_days=410 | threshold=0.549 | labels: 1149 long, 1022 short (53/47%)
    [trial 6] Sharpe=0.0357 (folds: -0.1615, 0.2051, 0.0659, 0.0054, 0.0637)
    [trial 7] 48 features, training_days=180 | threshold=0.526 | labels: 1149 long, 1022 short (53/47%)
    [trial 7] Sharpe=0.0520 (folds: -0.1688, 0.0172, 0.3902, -0.0036, 0.0251)
    [trial 8] 48 features, training_days=240 | threshold=0.811 | labels: 1149 long, 1022 short (53/47%)
    [trial 8] Sharpe=0.0276 (folds: -0.3565, 0.2596, 0.1437, -0.0311, 0.1223)
    [trial 9] 48 features, training_days=20 | threshold=0.538 | labels: 1149 long, 1022 short (53/47%)
    [trial 9] Sharpe=0.0386 (folds: -0.0279, -0.2069, 0.2728, 0.0753, 0.0798)
    [trial 10] 48 features, training_days=10 | threshold=0.732 | labels: 1149 long, 1022 short (53/47%)
    [trial 10] Sharpe=-2.0751 (folds: -0.0279, -10.0000, -0.1604, -0.0672, -0.1202)
    [trial 11] 48 features, training_days=100 | threshold=0.762 | labels: 1149 long, 1022 short (53/47%)
    [trial 11] Sharpe=0.1547 (folds: -0.2708, 0.3039, 0.5569, -0.0200, 0.2035)
    [trial 12] 48 features, training_days=120 | threshold=0.730 | labels: 1149 long, 1022 short (53/47%)
    [trial 12] Sharpe=0.1133 (folds: -0.1283, 0.2389, 0.3883, 0.0540, 0.0136)
    [trial 13] 48 features, training_days=100 | threshold=0.773 | labels: 1149 long, 1022 short (53/47%)
    [trial 13] Sharpe=0.1479 (folds: -0.2403, 0.3551, 0.5228, -0.0181, 0.1201)
    [trial 14] 48 features, training_days=120 | threshold=0.753 | labels: 1149 long, 1022 short (53/47%)
    [trial 14] Sharpe=0.1357 (folds: -0.0389, 0.0720, 0.5930, 0.0533, -0.0008)
    [trial 15] 48 features, training_days=100 | threshold=0.686 | labels: 1149 long, 1022 short (53/47%)
    [trial 15] Sharpe=0.1192 (folds: -0.2636, 0.2459, 0.4331, -0.0030, 0.1835)
    [trial 16] 48 features, training_days=270 | threshold=0.777 | labels: 1149 long, 1022 short (53/47%)
    [trial 16] Sharpe=0.0743 (folds: -0.1381, 0.2435, 0.0580, 0.0744, 0.1340)
    [trial 17] 48 features, training_days=180 | threshold=0.691 | labels: 1149 long, 1022 short (53/47%)
    [trial 17] Sharpe=0.0253 (folds: -0.1301, 0.0593, 0.2510, -0.0489, -0.0046)
  Optuna: 18 trials, best Sharpe = 0.1547
  Best params: n_estimators=185, max_depth=3, lr=0.0401, leaves=30
  Best confidence_threshold: 0.762
  Best training_days: 100
  Retrained on full data (300 samples, 48 features)
  [ensemble 2/3] seed=123
    [trial 0] 48 features, training_days=150 | threshold=0.744 | labels: 1149 long, 1022 short (53/47%)
    [CV fold 0] train_end=2023-03-25 08:00 | val_start=2023-04-02 00:00 | gap=184h (22 rows)
    [CV fold 1] train_end=2023-07-23 16:00 | val_start=2023-07-31 08:00 | gap=184h (22 rows)
    [CV fold 2] train_end=2023-11-21 00:00 | val_start=2023-11-28 16:00 | gap=184h (22 rows)
    [CV fold 3] train_end=2024-03-20 08:00 | val_start=2024-03-28 00:00 | gap=184h (22 rows)
    [CV fold 4] train_end=2024-07-18 16:00 | val_start=2024-07-26 08:00 | gap=184h (22 rows)
    [trial 0] Sharpe=0.0059 (folds: -0.1976, 0.0396, 0.2355, -0.0155, -0.0325)
    [trial 1] 48 features, training_days=220 | threshold=0.755 | labels: 1149 long, 1022 short (53/47%)
    [trial 1] Sharpe=-1.9317 (folds: -0.4828, -10.0000, 0.3287, 0.1982, 0.2976)
    [trial 2] 48 features, training_days=310 | threshold=0.754 | labels: 1149 long, 1022 short (53/47%)
    [trial 2] Sharpe=0.0351 (folds: -0.1165, 0.1874, 0.1027, -0.0132, 0.0153)
    [trial 3] 48 features, training_days=220 | threshold=0.673 | labels: 1149 long, 1022 short (53/47%)
    [trial 3] Sharpe=0.0725 (folds: -0.0681, 0.1735, 0.1971, -0.0410, 0.1010)
    [trial 4] 48 features, training_days=130 | threshold=0.803 | labels: 1149 long, 1022 short (53/47%)
    [trial 4] Sharpe=0.0851 (folds: -0.1848, 0.2780, 0.3328, 0.0397, -0.0402)[I 2026-06-01 15:49:14,465] Trial 4 finished with value: 0.08507539894842789 and parameters: {'confidence_threshold': 0.803208205259178, 'training_days': 130, 'n_estimators': 267, 'max_depth': 5, 'num_leaves': 40, 'learning_rate': 0.08041175317374143, 'subsample': 0.5603143329951619, 'colsample_bytree': 0.9131704002534167, 'min_child_samples': 68, 'reg_alpha': 0.0008046593428183385, 'reg_lambda': 1.2158346158765583e-05}. Best is trial 4 with value: 0.08507539894842789.
[I 2026-06-01 15:49:14,714] Trial 5 finished with value: 0.05871053700180571 and parameters: {'confidence_threshold': 0.6064422761595144, 'training_days': 210, 'n_estimators': 357, 'max_depth': 5, 'num_leaves': 40, 'learning_rate': 0.0974221287220869, 'subsample': 0.7929682762811064, 'colsample_bytree': 0.8124517510478, 'min_child_samples': 74, 'reg_alpha': 0.3811377260781234, 'reg_lambda': 5.607314238392041e-08}. Best is trial 4 with value: 0.08507539894842789.
[I 2026-06-01 15:49:14,827] Trial 6 finished with value: 0.09882543695256535 and parameters: {'confidence_threshold': 0.7672889945051684, 'training_days': 130, 'n_estimators': 137, 'max_depth': 4, 'num_leaves': 19, 'learning_rate': 0.2031117614248665, 'subsample': 0.8136244860256343, 'colsample_bytree': 0.8617081790949774, 'min_child_samples': 21, 'reg_alpha': 0.002238138278733199, 'reg_lambda': 0.001025809534977322}. Best is trial 6 with value: 0.09882543695256535.
[I 2026-06-01 15:49:14,894] Trial 7 finished with value: 0.08387586732718019 and parameters: {'confidence_threshold': 0.555635875450653, 'training_days': 80, 'n_estimators': 363, 'max_depth': 3, 'num_leaves': 48, 'learning_rate': 0.06590089024008658, 'subsample': 0.6944752870615722, 'colsample_bytree': 0.962566244806993, 'min_child_samples': 88, 'reg_alpha': 1.6465620446426067e-05, 'reg_lambda': 2.4678750890085655e-08}. Best is trial 6 with value: 0.09882543695256535.
[I 2026-06-01 15:49:15,226] Trial 8 finished with value: 0.08424075933492789 and parameters: {'confidence_threshold': 0.6066688256938841, 'training_days': 200, 'n_estimators': 367, 'max_depth': 5, 'num_leaves': 32, 'learning_rate': 0.13377519215934996, 'subsample': 0.7965884582811106, 'colsample_bytree': 0.8458508993500886, 'min_child_samples': 32, 'reg_alpha': 3.889436043816386e-05, 'reg_lambda': 1.4713062489380356e-06}. Best is trial 6 with value: 0.09882543695256535.
[I 2026-06-01 15:49:15,448] Trial 9 finished with value: 0.04550099146315763 and parameters: {'confidence_threshold': 0.6202096049169137, 'training_days': 260, 'n_estimators': 350, 'max_depth': 3, 'num_leaves': 21, 'learning_rate': 0.02989540198065364, 'subsample': 0.8307821683331218, 'colsample_bytree': 0.923253112635361, 'min_child_samples': 64, 'reg_alpha': 0.4898604619604203, 'reg_lambda': 2.9076377687066166e-05}. Best is trial 6 with value: 0.09882543695256535.
[I 2026-06-01 15:49:15,866] Trial 10 finished with value: 0.06758590895110125 and parameters: {'confidence_threshold': 0.8445241688507242, 'training_days': 470, 'n_estimators': 493, 'max_depth': 4, 'num_leaves': 17, 'learning_rate': 0.010221918552934462, 'subsample': 0.925262810706551, 'colsample_bytree': 0.6202684210924141, 'min_child_samples': 46, 'reg_alpha': 2.3451009125120672e-08, 'reg_lambda': 0.08638692467458545}. Best is trial 6 with value: 0.09882543695256535.
[I 2026-06-01 15:49:15,895] Trial 11 finished with value: -7.984048645543578 and parameters: {'confidence_threshold': 0.8371297552840329, 'training_days': 20, 'n_estimators': 255, 'max_depth': 5, 'num_leaves': 26, 'learning_rate': 0.28413636543342474, 'subsample': 0.5082312939353781, 'colsample_bytree': 0.6612241103206169, 'min_child_samples': 98, 'reg_alpha': 0.005164207989991991, 'reg_lambda': 0.007364523359426745}. Best is trial 6 with value: 0.09882543695256535.
[I 2026-06-01 15:49:15,946] Trial 12 finished with value: 0.1254620373644396 and parameters: {'confidence_threshold': 0.7984420943377982, 'training_days': 120, 'n_estimators': 51, 'max_depth': 5, 'num_leaves': 39, 'learning_rate': 0.14432248911623202, 'subsample': 0.8802519325340237, 'colsample_bytree': 0.5201164353688423, 'min_child_samples': 46, 'reg_alpha': 0.006937120291127141, 'reg_lambda': 0.00393268821840331}. Best is trial 12 with value: 0.1254620373644396.
[I 2026-06-01 15:49:15,971] Trial 13 finished with value: -2.075129159397128 and parameters: {'confidence_threshold': 0.7272609826538928, 'training_days': 10, 'n_estimators': 53, 'max_depth': 4, 'num_leaves': 62, 'learning_rate': 0.1641190747862894, 'subsample': 0.8842423134648064, 'colsample_bytree': 0.5389794258459311, 'min_child_samples': 44, 'reg_alpha': 0.02770585930337593, 'reg_lambda': 0.003805125517891518}. Best is trial 12 with value: 0.1254620373644396.
[I 2026-06-01 15:49:16,122] Trial 14 finished with value: 0.033822592667840344 and parameters: {'confidence_threshold': 0.7898157829380791, 'training_days': 340, 'n_estimators': 132, 'max_depth': 5, 'num_leaves': 15, 'learning_rate': 0.16787349001606666, 'subsample': 0.8987333213473754, 'colsample_bytree': 0.5033829767322446, 'min_child_samples': 42, 'reg_alpha': 4.6313737939733275e-07, 'reg_lambda': 0.002238160234885918}. Best is trial 12 with value: 0.1254620373644396.
[I 2026-06-01 15:49:16,192] Trial 15 finished with value: 0.13680876870464784 and parameters: {'confidence_threshold': 0.681110154342211, 'training_days': 90, 'n_estimators': 107, 'max_depth': 4, 'num_leaves': 30, 'learning_rate': 0.1137188512286046, 'subsample': 0.9864710270414087, 'colsample_bytree': 0.7140815651574648, 'min_child_samples': 20, 'reg_alpha': 7.916394902106256, 'reg_lambda': 3.5532501480887757}. Best is trial 15 with value: 0.13680876870464784.
[I 2026-06-01 15:49:16,241] Trial 16 finished with value: 0.06513313870664095 and parameters: {'confidence_threshold': 0.6832525851682535, 'training_days': 60, 'n_estimators': 92, 'max_depth': 4, 'num_leaves': 32, 'learning_rate': 0.10535991840184034, 'subsample': 0.9840965808252393, 'colsample_bytree': 0.6760524505737747, 'min_child_samples': 54, 'reg_alpha': 3.433399905162048, 'reg_lambda': 5.001387521877761}. Best is trial 15 with value: 0.13680876870464784.
[I 2026-06-01 15:49:16,341] Trial 17 finished with value: 0.15100752009248625 and parameters: {'confidence_threshold': 0.5004748807695347, 'training_days': 80, 'n_estimators': 219, 'max_depth': 5, 'num_leaves': 44, 'learning_rate': 0.05461105707914362, 'subsample': 0.9384985567469989, 'colsample_bytree': 0.5832528857601029, 'min_child_samples': 38, 'reg_alpha': 7.284070645541434, 'reg_lambda': 3.7946864964282905}. Best is trial 17 with value: 0.15100752009248625.
[I 2026-06-01 15:49:16,719] A new study created in memory with name: no-name-8093bcef-51c3-49ba-848f-c8b0282dbc3c
[I 2026-06-01 15:49:16,925] Trial 0 finished with value: 0.09606597108863536 and parameters: {'confidence_threshold': 0.5870645682749857, 'training_days': 90, 'n_estimators': 403, 'max_depth': 5, 'num_leaves': 45, 'learning_rate': 0.0780457193679974, 'subsample': 0.9428509515574568, 'colsample_bytree': 0.8795587339164916, 'min_child_samples': 34, 'reg_alpha': 2.2465901234314442e-07, 'reg_lambda': 8.339007036475363e-05}. Best is trial 0 with value: 0.09606597108863536.
[I 2026-06-01 15:49:17,036] Trial 1 finished with value: 0.06252227104841393 and parameters: {'confidence_threshold': 0.6348453934275313, 'training_days': 290, 'n_estimators': 115, 'max_depth': 5, 'num_leaves': 37, 'learning_rate': 0.06949568759029946, 'subsample': 0.8228505074024268, 'colsample_bytree': 0.8616703220431751, 'min_child_samples': 75, 'reg_alpha': 4.2486822725010923e-07, 'reg_lambda': 1.157247767047042e-07}. Best is trial 0 with value: 0.09606597108863536.
[I 2026-06-01 15:49:17,061] Trial 2 finished with value: -0.11650771954764472 and parameters: {'confidence_threshold': 0.5849570384370288, 'training_days': 10, 'n_estimators': 212, 'max_depth': 3, 'num_leaves': 41, 'learning_rate': 0.18452095998378365, 'subsample': 0.6001060822924371, 'colsample_bytree': 0.5673167293506167, 'min_child_samples': 37, 'reg_alpha': 5.733250064217131, 'reg_lambda': 0.5308454292595461}. Best is trial 0 with value: 0.09606597108863536.
[I 2026-06-01 15:49:17,143] Trial 3 finished with value: 0.07491369931372516 and parameters: {'confidence_threshold': 0.6868248626683718, 'training_days': 220, 'n_estimators': 134, 'max_depth': 3, 'num_leaves': 45, 'learning_rate': 0.033529007907491595, 'subsample': 0.8647277071858408, 'colsample_bytree': 0.778494116634046, 'min_child_samples': 96, 'reg_alpha': 2.409409937265785e-07, 'reg_lambda': 1.1642073478060009}. Best is trial 0 with value: 0.09606597108863536.
[I 2026-06-01 15:49:17,236] Trial 4 finished with value: 0.01670489005081597 and parameters: {'confidence_threshold': 0.5623121348350352, 'training_days': 300, 'n_estimators': 69, 'max_depth': 4, 'num_leaves': 32, 'learning_rate': 0.14967629360700346, 'subsample': 0.5054535233636654, 'colsample_bytree': 0.7401385194659216, 'min_child_samples': 27, 'reg_alpha': 1.4212042567426725e-07, 'reg_lambda': 0.23605753701352003}. Best is trial 0 with value: 0.09606597108863536.
[I 2026-06-01 15:49:17,629] Trial 5 finished with value: 0.06463079540906608 and parameters: {'confidence_threshold': 0.7111850244908446, 'training_days': 490, 'n_estimators': 362, 'max_depth': 5, 'num_leaves': 40, 'learning_rate': 0.05960785724162737, 'subsample': 0.5589714368907717, 'colsample_bytree': 0.6659006943232806, 'min_child_samples': 42, 'reg_alpha': 0.6741360303045295, 'reg_lambda': 6.054601607143087e-08}. Best is trial 0 with value: 0.09606597108863536.
[I 2026-06-01 15:49:17,808] Trial 6 finished with value: 0.06422536549587883 and parameters: {'confidence_threshold': 0.667482545748023, 'training_days': 420, 'n_estimators': 279, 'max_depth': 3, 'num_leaves': 45, 'learning_rate': 0.040099592560849204, 'subsample': 0.8563114696415159, 'colsample_bytree': 0.5442917781944105, 'min_child_samples': 50, 'reg_alpha': 1.6407916423707903e-08, 'reg_lambda': 2.935907642973286e-05}. Best is trial 0 with value: 0.09606597108863536.
[I 2026-06-01 15:49:17,965] Trial 7 finished with value: 0.04327014445019017 and parameters: {'confidence_threshold': 0.5497381024139926, 'training_days': 120, 'n_estimators': 408, 'max_depth': 5, 'num_leaves': 38, 'learning_rate': 0.28049122657745795, 'subsample': 0.8806573338635493, 'colsample_bytree': 0.5454054113547102, 'min_child_samples': 63, 'reg_alpha': 0.01263008637940408, 'reg_lambda': 0.04588020805366937}. Best is trial 0 with value: 0.09606597108863536.
[I 2026-06-01 15:49:18,250] Trial 8 finished with value: 0.0458114217203881 and parameters: {'confidence_threshold': 0.719644804808716, 'training_days': 450, 'n_estimators': 410, 'max_depth': 4, 'num_leaves': 57, 'learning_rate': 0.04022026551478857, 'subsample': 0.5336085426932707, 'colsample_bytree': 0.5705742850577543, 'min_child_samples': 100, 'reg_alpha': 5.916398047912201e-07, 'reg_lambda': 0.9794034214488329}. Best is trial 0 with value: 0.09606597108863536.
[I 2026-06-01 15:49:18,277] Trial 9 finished with value: -5.968988775803682 and parameters: {'confidence_threshold': 0.7267463643917187, 'training_days': 20, 'n_estimators': 337, 'max_depth': 5, 'num_leaves': 23, 'learning_rate': 0.022153031811454605, 'subsample': 0.6305627572358737, 'colsample_bytree': 0.6613413774216214, 'min_child_samples': 81, 'reg_alpha': 5.7638634029410314e-08, 'reg_lambda': 8.26603016764008}. Best is trial 0 with value: 0.09606597108863536.
[I 2026-06-01 15:49:18,631] Trial 10 finished with value: 0.09799198283915493 and parameters: {'confidence_threshold': 0.8398533911817929, 'training_days': 130, 'n_estimators': 485, 'max_depth': 4, 'num_leaves': 62, 'learning_rate': 0.014251957942824738, 'subsample': 0.9901604570372973, 'colsample_bytree': 0.9944479338273263, 'min_child_samples': 23, 'reg_alpha': 6.837313901272251e-05, 'reg_lambda': 0.0006976939169966911}. Best is trial 10 with value: 0.09799198283915493.
[I 2026-06-01 15:49:19,001] Trial 11 finished with value: 0.15523114017268705 and parameters: {'confidence_threshold': 0.8491135887906174, 'training_days': 140, 'n_estimators': 478, 'max_depth': 4, 'num_leaves': 61, 'learning_rate': 0.010040680771315659, 'subsample': 0.9943448329854054, 'colsample_bytree': 0.9775347597655288, 'min_child_samples': 20, 'reg_alpha': 7.328612622954525e-05, 'reg_lambda': 0.0002767360651732308}. Best is trial 11 with value: 0.15523114017268705.
