[I 2026-06-01 15:45:04,379] Trial 0 finished with value: 0.03966363992823705 and parameters: {'confidence_threshold': 0.6310890415965769, 'training_days': 480, 'n_estimators': 380, 'max_depth': 4, 'num_leaves': 22, 'learning_rate': 0.01699897838270077, 'subsample': 0.5290418060840998, 'colsample_bytree': 0.9330880728874675, 'min_child_samples': 68, 'reg_alpha': 0.023585940584142682, 'reg_lambda': 1.5320059381854043e-08}. Best is trial 0 with value: 0.03966363992823705.

    [trial 3] Sharpe=0.0525 (folds: 0.0025, -0.2143, 0.5755, -0.1854, 0.0841)
    [trial 4] 48 features, training_days=300 | threshold=0.562 | labels: 1118 long, 1050 short (52/48%)
    [trial 4] Sharpe=-0.0711 (folds: -0.0526, -0.1989, 0.1398, -0.4526, 0.2087)
    [trial 5] 48 features, training_days=490 | threshold=0.711 | labels: 1118 long, 1050 short (52/48%)
    [trial 5] Sharpe=-0.0171 (folds: -0.0684, -0.1348, 0.3678, -0.3362, 0.0863)
    [trial 6] 48 features, training_days=420 | threshold=0.667 | labels: 1118 long, 1050 short (52/48%)
    [trial 6] Sharpe=0.0479 (folds: -0.0187, -0.1285, 0.4767, -0.4347, 0.3449)
    [trial 7] 48 features, training_days=120 | threshold=0.550 | labels: 1118 long, 1050 short (52/48%)
    [trial 7] Sharpe=-0.0577 (folds: -0.0385, -0.1367, 0.0836, -0.1124, -0.0846)
    [trial 8] 48 features, training_days=450 | threshold=0.720 | labels: 1118 long, 1050 short (52/48%)
    [trial 8] Sharpe=-0.0248 (folds: 0.0299, -0.1964, 0.3918, -0.5268, 0.1777)
    [trial 9] 48 features, training_days=20 | threshold=0.727 | labels: 1118 long, 1050 short (52/48%)
    [trial 9] Sharpe=-4.0741 (folds: -0.0592, -10.0000, 0.0229, -0.3343, -10.0000)
    [trial 10] 48 features, training_days=200 | threshold=0.828 | labels: 1118 long, 1050 short (52/48%)
    [trial 10] Sharpe=-6.0964 (folds: -0.0521, -0.4301, -10.0000, -10.0000, -10.0000)
    [trial 11] 48 features, training_days=380 | threshold=0.662 | labels: 1118 long, 1050 short (52/48%)
    [trial 11] Sharpe=0.0206 (folds: 0.0060, -0.1919, 0.4787, -0.5038, 0.3143)
    [trial 12] 48 features, training_days=220 | threshold=0.797 | labels: 1118 long, 1050 short (52/48%)
    [trial 12] Sharpe=-0.0131 (folds: -0.0902, -0.4398, 0.6031, -0.4135, 0.2750)
    [trial 13] 48 features, training_days=370 | threshold=0.504 | labels: 1118 long, 1050 short (52/48%)
    [trial 13] Sharpe=-0.0305 (folds: 0.0684, -0.1642, 0.2506, -0.4490, 0.1415)
    [trial 14] 48 features, training_days=380 | threshold=0.772 | labels: 1118 long, 1050 short (52/48%)
    [trial 14] Sharpe=0.0769 (folds: -0.0546, -0.5990, 1.0056, -0.4322, 0.4645)
    [trial 15] 48 features, training_days=340 | threshold=0.782 | labels: 1118 long, 1050 short (52/48%)
    [trial 15] Sharpe=0.1631 (folds: -0.0120, -0.7082, 1.3142, -0.3090, 0.5303)
    [trial 16] 48 features, training_days=340 | threshold=0.772 | labels: 1118 long, 1050 short (52/48%)
    [trial 16] Sharpe=0.1449 (folds: -0.0535, -0.5602, 0.9456, -0.3223, 0.7146)
    [trial 17] 48 features, training_days=320 | threshold=0.765 | labels: 1118 long, 1050 short (52/48%)
    [trial 17] Sharpe=0.0607 (folds: 0.0427, -0.3176, 0.5399, -0.3787, 0.4169)
  Optuna: 18 trials, best Sharpe = 0.1631
  Best params: n_estimators=274, max_depth=3, lr=0.0100, leaves=16
  Best confidence_threshold: 0.782
  Best training_days: 340
  Retrained on full data (1020 samples, 48 features)
  OOD: 16 features, cutoff (q=0.7) = 13.88
  Model trained for 2022-12: 93 test candles with features, confidence_threshold=0.724
[predict] 2022-12-04 00:00 ETHUSDT → LONG (proba=0.74 TP=8.7%/SL=4.4%)
[trade:open] 2022-12-04 07:59 ETHUSDT LONG @ 1256.26 | SL=1201.41 TP=1365.97 | timeout=2022-12-11 07:59
[trade:close] 2022-12-11 08:00 ETHUSDT LONG → timeout @ 1275.77 | PnL=+1.55% (net +1.45%) | cum=+34.83% 2022-12=+1.45% 2022-12-11=+1.45%
[predict] 2022-12-13 00:00 ETHUSDT → SHORT (proba=0.73 TP=6.7%/SL=3.3%)
[trade:open] 2022-12-13 07:59 ETHUSDT SHORT @ 1265.71 | SL=1307.92 TP=1181.29 | timeout=2022-12-20 07:59
[trade:close] 2022-12-13 15:59 ETHUSDT SHORT → stop_loss @ 1307.92 | PnL=-3.33% (net -3.43%) | cum=+31.39% 2022-12=-1.98% 2022-12-13=-3.43%
[predict] 2022-12-16 08:00 ETHUSDT → SHORT (proba=0.74 TP=9.8%/SL=4.9%)
[trade:open] 2022-12-16 15:59 ETHUSDT SHORT @ 1203.11 | SL=1261.78 TP=1085.78 | timeout=2022-12-23 15:59
[trade:close] 2022-12-23 16:00 ETHUSDT SHORT → timeout @ 1218.45 | PnL=-1.28% (net -1.38%) | cum=+30.02% 2022-12=-3.36% 2022-12-23=-1.38%
[predict] 2022-12-29 16:00 ETHUSDT → SHORT (proba=0.73 TP=5.8%/SL=2.9%)
[trade:open] 2022-12-29 23:59 ETHUSDT SHORT @ 1200.35 | SL=1234.94 TP=1131.18 | timeout=2023-01-05 23:59
[lgbm] === Training for 2023-01 ===
  Train window: 2021-01-01 → 2022-12-24
  2168 training samples from 1 symbols
  Samples per month: 2021-01: 93, 2021-02: 84, 2021-03: 93, 2021-04: 90, 2021-05: 93, 2021-06: 90, 2021-07: 93, 2021-08: 93, 2021-09: 90, 2021-10: 93, 2021-11: 90, 2021-12: 93, 2022-01: 93, 2022-02: 84, 2022-03: 93, 2022-04: 90, 2022-05: 93, 2022-06: 90, 2022-07: 93, 2022-08: 93, 2022-09: 90, 2022-10: 93, 2022-11: 90, 2022-12: 71
  [label] 2021-03-03 16:00 ETHUSDT entry=1568.6300 → LONG | long=timeout(+14.45%) short=sl(-11.21%) | scanned=22 | no_tp→fwd_return=+14.5458
  [label] 2021-03-05 16:00 ETHUSDT entry=1529.8800 → LONG | long=tp(+21.64%) short=sl(-10.97%) | scanned=10 | long_tp_only
  [label] 2021-03-09 16:00 ETHUSDT entry=1873.3100 → SHORT | long=sl(-7.80%) short=timeout(+3.43%) | scanned=22 | no_tp→fwd_return=-3.5264
  [label] 2021-04-03 08:00 ETHUSDT entry=2072.2100 → LONG | long=sl(-6.06%) short=sl(-6.06%) | scanned=20 | no_tp→fwd_return=+4.6945
  [label] 2021-05-25 16:00 ETHUSDT entry=2706.8300 → SHORT | long=timeout(-2.77%) short=timeout(+2.57%) | scanned=22 | no_tp→fwd_return=-2.6673
  [label] 2021-11-07 16:00 ETHUSDT entry=4616.5000 → LONG | long=timeout(+0.18%) short=sl(-4.38%) | scanned=22 | no_tp→fwd_return=+0.2803
  [label] 2021-11-11 16:00 ETHUSDT entry=4721.1900 → SHORT | long=sl(-4.86%) short=tp(+9.42%) | scanned=13 | short_tp_only
  [label] 2021-11-22 08:00 ETHUSDT entry=4235.9000 → SHORT | long=sl(-6.23%) short=sl(-6.23%) | scanned=12 | no_tp→fwd_return=-4.0792
  [label] 2022-01-06 08:00 ETHUSDT entry=3394.6800 → SHORT | long=sl(-6.57%) short=tp(+12.85%) | scanned=12 | short_tp_only
  [label] 2022-01-14 16:00 ETHUSDT entry=3305.6000 → SHORT | long=sl(-5.94%) short=tp(+11.58%) | scanned=19 | short_tp_only
  [label] 2022-04-15 00:00 ETHUSDT entry=3032.6400 → LONG | long=sl(-4.61%) short=sl(-4.61%) | scanned=16 | no_tp→fwd_return=+1.1241
  [label] 2022-05-17 00:00 ETHUSDT entry=2069.7200 → SHORT | long=timeout(-4.24%) short=timeout(+4.04%) | scanned=22 | no_tp→fwd_return=-4.1397
  [label] 2022-06-02 00:00 ETHUSDT entry=1825.7800 → SHORT | long=timeout(-0.87%) short=timeout(+0.67%) | scanned=22 | no_tp→fwd_return=-0.7706
  [label] 2022-06-14 16:00 ETHUSDT entry=1208.3200 → SHORT | long=sl(-15.48%) short=timeout(+6.76%) | scanned=22 | no_tp→fwd_return=-6.8566
  [label] 2022-07-03 08:00 ETHUSDT entry=1049.8900 → LONG | long=tp(+16.30%) short=sl(-8.30%) | scanned=12 | long_tp_only
  [label] 2022-07-09 16:00 ETHUSDT entry=1216.4800 → SHORT | long=sl(-6.42%) short=tp(+12.54%) | scanned=7 | short_tp_only
  [label] 2022-07-22 00:00 ETHUSDT entry=1601.1600 → LONG | long=sl(-9.09%) short=sl(-9.09%) | scanned=19 | no_tp→fwd_return=+7.9417
  [label] 2022-08-30 08:00 ETHUSDT entry=1523.7900 → LONG | long=timeout(+9.41%) short=sl(-7.64%) | scanned=22 | no_tp→fwd_return=+9.5092
  [label] 2022-09-09 08:00 ETHUSDT entry=1718.2200 → SHORT | long=sl(-6.81%) short=tp(+13.31%) | scanned=18 | short_tp_only
  [label] 2022-12-04 08:00 ETHUSDT entry=1259.4400 → LONG | long=timeout(+0.98%) short=timeout(-1.18%) | scanned=22 | no_tp→fwd_return=+1.0759
  Labels: 1114 long (51.4%), 1054 short (48.6%) | weights: min=1.00, mean=3.31, max=10.00
  Features: 2168/2168 matched, 48 columns
  CV gap: 22 rows
  [ensemble 1/3] seed=42
    [trial 0] 48 features, training_days=480 | threshold=0.631 | labels: 1114 long, 1054 short (51/49%)
    [CV fold 0] train_end=2021-04-24 08:00 | val_start=2021-05-02 00:00 | gap=184h (22 rows)
    [CV fold 1] train_end=2021-08-22 16:00 | val_start=2021-08-30 08:00 | gap=184h (22 rows)
    [CV fold 2] train_end=2021-12-21 00:00 | val_start=2021-12-28 16:00 | gap=184h (22 rows)
    [CV fold 3] train_end=2022-04-20 08:00 | val_start=2022-04-28 00:00 | gap=184h (22 rows)
    [CV fold 4] train_end=2022-08-18 16:00 | val_start=2022-08-26 08:00 | gap=184h (22 rows)
    [trial 0] Sharpe=0.0397 (folds: -0.0190, 0.1518, 0.2297, -0.1641, -0.0000)
    [trial 1] 48 features, training_days=420 | threshold=0.839 | labels: 1114 long, 1054 short (51/49%)[I 2026-06-01 15:45:04,493] Trial 1 finished with value: -3.9530202684304627 and parameters: {'confidence_threshold': 0.839468448256698, 'training_days': 420, 'n_estimators': 145, 'max_depth': 3, 'num_leaves': 23, 'learning_rate': 0.028145092716060652, 'subsample': 0.762378215816119, 'colsample_bytree': 0.7159725093210578, 'min_child_samples': 43, 'reg_alpha': 0.0032112643094417484, 'reg_lambda': 1.8007140198129195e-07}. Best is trial 0 with value: 0.03966363992823705.
[I 2026-06-01 15:45:04,630] Trial 2 finished with value: -0.00017122474281425215 and parameters: {'confidence_threshold': 0.6022506269873263, 'training_days': 190, 'n_estimators': 255, 'max_depth': 5, 'num_leaves': 24, 'learning_rate': 0.05748924681991978, 'subsample': 0.7962072844310213, 'colsample_bytree': 0.5232252063599989, 'min_child_samples': 69, 'reg_alpha': 3.425445902633376e-07, 'reg_lambda': 3.850031979199519e-08}. Best is trial 0 with value: 0.03966363992823705.
[I 2026-06-01 15:45:04,895] Trial 3 finished with value: 0.06393971117449197 and parameters: {'confidence_threshold': 0.8321099380386666, 'training_days': 490, 'n_estimators': 414, 'max_depth': 3, 'num_leaves': 19, 'learning_rate': 0.1024932221692416, 'subsample': 0.7200762468698007, 'colsample_bytree': 0.5610191174223894, 'min_child_samples': 60, 'reg_alpha': 2.039373116525212e-08, 'reg_lambda': 1.527156759251193}. Best is trial 3 with value: 0.06393971117449197.
[I 2026-06-01 15:45:05,039] Trial 4 finished with value: 0.026211012694678914 and parameters: {'confidence_threshold': 0.5905729935600059, 'training_days': 340, 'n_estimators': 190, 'max_depth': 4, 'num_leaves': 41, 'learning_rate': 0.01875220945578641, 'subsample': 0.9847923138822793, 'colsample_bytree': 0.8875664116805573, 'min_child_samples': 96, 'reg_alpha': 1.1309571585271483, 'reg_lambda': 0.002404915432737351}. Best is trial 3 with value: 0.06393971117449197.
[I 2026-06-01 15:45:05,074] Trial 5 finished with value: -2.035339329008596 and parameters: {'confidence_threshold': 0.8226559822580909, 'training_days': 50, 'n_estimators': 138, 'max_depth': 3, 'num_leaves': 30, 'learning_rate': 0.03750796359625606, 'subsample': 0.6356745158869479, 'colsample_bytree': 0.9143687545759647, 'min_child_samples': 48, 'reg_alpha': 3.376063348877853e-06, 'reg_lambda': 0.0007660634613082914}. Best is trial 3 with value: 0.06393971117449197.
[I 2026-06-01 15:45:05,173] Trial 6 finished with value: 0.024402599612705998 and parameters: {'confidence_threshold': 0.5493234787411669, 'training_days': 410, 'n_estimators': 83, 'max_depth': 5, 'num_leaves': 52, 'learning_rate': 0.019657448966046126, 'subsample': 0.5027610585618012, 'colsample_bytree': 0.9077307142274171, 'min_child_samples': 77, 'reg_alpha': 0.03639690979811287, 'reg_lambda': 0.08738424135626986}. Best is trial 3 with value: 0.06393971117449197.
[I 2026-06-01 15:45:05,262] Trial 7 finished with value: 0.01024736369964851 and parameters: {'confidence_threshold': 0.5259156281069316, 'training_days': 180, 'n_estimators': 102, 'max_depth': 5, 'num_leaves': 45, 'learning_rate': 0.030816017044468066, 'subsample': 0.5317791751430119, 'colsample_bytree': 0.6554911608578311, 'min_child_samples': 46, 'reg_alpha': 0.036851536911881845, 'reg_lambda': 0.005470376807480391}. Best is trial 3 with value: 0.06393971117449197.
[I 2026-06-01 15:45:05,349] Trial 8 finished with value: 0.10019974218282915 and parameters: {'confidence_threshold': 0.8105244599017143, 'training_days': 240, 'n_estimators': 103, 'max_depth': 5, 'num_leaves': 52, 'learning_rate': 0.06746437142284309, 'subsample': 0.8854835899772805, 'colsample_bytree': 0.7468977981821954, 'min_child_samples': 62, 'reg_alpha': 7.04480806377519e-05, 'reg_lambda': 1.6934490731313353e-08}. Best is trial 8 with value: 0.10019974218282915.
[I 2026-06-01 15:45:05,373] Trial 9 finished with value: -1.9640710673083983 and parameters: {'confidence_threshold': 0.5377619994476566, 'training_days': 20, 'n_estimators': 337, 'max_depth': 3, 'num_leaves': 39, 'learning_rate': 0.21907142272152816, 'subsample': 0.6246461145744375, 'colsample_bytree': 0.7051914615178149, 'min_child_samples': 81, 'reg_alpha': 1.1459970229341322e-06, 'reg_lambda': 4.929685216887945e-08}. Best is trial 8 with value: 0.10019974218282915.
[I 2026-06-01 15:45:05,923] Trial 10 finished with value: 0.038450185902454706 and parameters: {'confidence_threshold': 0.734042426776949, 'training_days': 280, 'n_estimators': 487, 'max_depth': 5, 'num_leaves': 62, 'learning_rate': 0.10432148521337849, 'subsample': 0.9416850669512905, 'colsample_bytree': 0.8120417635861826, 'min_child_samples': 27, 'reg_alpha': 7.238112263003475e-05, 'reg_lambda': 3.3639426888455256e-06}. Best is trial 8 with value: 0.10019974218282915.
[I 2026-06-01 15:45:06,181] Trial 11 finished with value: -0.03409356808769573 and parameters: {'confidence_threshold': 0.7615879655568232, 'training_days': 170, 'n_estimators': 496, 'max_depth': 4, 'num_leaves': 55, 'learning_rate': 0.10448448531784886, 'subsample': 0.8696252151616218, 'colsample_bytree': 0.5602505613527179, 'min_child_samples': 56, 'reg_alpha': 4.379223436569254e-08, 'reg_lambda': 9.74477562314831}. Best is trial 8 with value: 0.10019974218282915.
[I 2026-06-01 15:45:06,420] Trial 12 finished with value: 0.07227276219182827 and parameters: {'confidence_threshold': 0.7683435244955696, 'training_days': 270, 'n_estimators': 398, 'max_depth': 3, 'num_leaves': 15, 'learning_rate': 0.08962717626942573, 'subsample': 0.8361663661711445, 'colsample_bytree': 0.6260653972542471, 'min_child_samples': 30, 'reg_alpha': 1.2422832796199298e-08, 'reg_lambda': 4.931237356704141e-06}. Best is trial 8 with value: 0.10019974218282915.
[I 2026-06-01 15:45:06,659] Trial 13 finished with value: 0.0284164118239285 and parameters: {'confidence_threshold': 0.736260373163175, 'training_days': 280, 'n_estimators': 258, 'max_depth': 4, 'num_leaves': 33, 'learning_rate': 0.22361544567965289, 'subsample': 0.8690491710631163, 'colsample_bytree': 0.634611415655688, 'min_child_samples': 22, 'reg_alpha': 5.455813891552554e-05, 'reg_lambda': 1.3071436649885209e-05}. Best is trial 8 with value: 0.10019974218282915.
[I 2026-06-01 15:45:06,792] Trial 14 finished with value: 0.005919692959694031 and parameters: {'confidence_threshold': 0.7871652886153421, 'training_days': 120, 'n_estimators': 315, 'max_depth': 4, 'num_leaves': 15, 'learning_rate': 0.05693938913330026, 'subsample': 0.8681243940127022, 'colsample_bytree': 0.7828441966929387, 'min_child_samples': 31, 'reg_alpha': 6.243069797304175, 'reg_lambda': 7.565770484313319e-06}. Best is trial 8 with value: 0.10019974218282915.
[I 2026-06-01 15:45:07,033] Trial 15 finished with value: 0.14409498898138753 and parameters: {'confidence_threshold': 0.6898924042001959, 'training_days': 340, 'n_estimators': 210, 'max_depth': 5, 'num_leaves': 49, 'learning_rate': 0.010745070719304197, 'subsample': 0.8108615844023362, 'colsample_bytree': 0.6290746674720268, 'min_child_samples': 37, 'reg_alpha': 2.419825206816043e-05, 'reg_lambda': 9.807111055666476e-07}. Best is trial 15 with value: 0.14409498898138753.
[I 2026-06-01 15:45:07,290] Trial 16 finished with value: 0.10655451975478177 and parameters: {'confidence_threshold': 0.6845192113240413, 'training_days': 350, 'n_estimators': 197, 'max_depth': 5, 'num_leaves': 51, 'learning_rate': 0.01114382585044853, 'subsample': 0.9371158895275773, 'colsample_bytree': 0.8338962247920462, 'min_child_samples': 39, 'reg_alpha': 0.00043095139557057635, 'reg_lambda': 4.987137829684633e-07}. Best is trial 15 with value: 0.14409498898138753.
[I 2026-06-01 15:45:07,579] Trial 17 finished with value: 0.12316741037181363 and parameters: {'confidence_threshold': 0.6766790769133859, 'training_days': 360, 'n_estimators': 204, 'max_depth': 5, 'num_leaves': 46, 'learning_rate': 0.010331992518328892, 'subsample': 0.939750397944035, 'colsample_bytree': 0.9956385980717998, 'min_child_samples': 37, 'reg_alpha': 0.0007580156891101951, 'reg_lambda': 5.093193290375711e-07}. Best is trial 15 with value: 0.14409498898138753.
[I 2026-06-01 15:45:07,796] A new study created in memory with name: no-name-23780c77-8f8a-41d7-91a5-c6597effeedd
[I 2026-06-01 15:45:07,885] Trial 0 finished with value: -0.03312111442799817 and parameters: {'confidence_threshold': 0.7437642149592516, 'training_days': 150, 'n_estimators': 152, 'max_depth': 4, 'num_leaves': 50, 'learning_rate': 0.04216766425047743, 'subsample': 0.9903820991923078, 'colsample_bytree': 0.8424148692924316, 'min_child_samples': 58, 'reg_alpha': 3.381097259762742e-05, 'reg_lambda': 1.2263152961306247e-05}. Best is trial 0 with value: -0.03312111442799817.
[I 2026-06-01 15:45:07,958] Trial 1 finished with value: -3.9634036333273257 and parameters: {'confidence_threshold': 0.7551673975844145, 'training_days': 220, 'n_estimators': 76, 'max_depth': 4, 'num_leaves': 51, 'learning_rate': 0.018602118810743477, 'subsample': 0.5877258780737462, 'colsample_bytree': 0.7657756869209191, 'min_child_samples': 63, 'reg_alpha': 0.005123994170264194, 'reg_lambda': 0.44145470178120466}. Best is trial 0 with value: -0.03312111442799817.
[I 2026-06-01 15:45:08,207] Trial 2 finished with value: 0.10686139246242601 and parameters: {'confidence_threshold': 0.7535593637012223, 'training_days': 310, 'n_estimators': 375, 'max_depth': 3, 'num_leaves': 32, 'learning_rate': 0.021735641882032388, 'subsample': 0.6468570231944146, 'colsample_bytree': 0.8154880619272439, 'min_child_samples': 27, 'reg_alpha': 8.004064028491336e-05, 'reg_lambda': 7.546835261630524e-05}. Best is trial 2 with value: 0.10686139246242601.
[I 2026-06-01 15:45:08,359] Trial 3 finished with value: 0.07433039619754488 and parameters: {'confidence_threshold': 0.6727897841776072, 'training_days': 220, 'n_estimators': 190, 'max_depth': 4, 'num_leaves': 58, 'learning_rate': 0.24810689332636193, 'subsample': 0.7509183379421682, 'colsample_bytree': 0.8119764758960556, 'min_child_samples': 29, 'reg_alpha': 7.1708285081421445e-06, 'reg_lambda': 5.412973582738627e-05}. Best is trial 2 with value: 0.10686139246242601.
[I 2026-06-01 15:45:08,462] Trial 4 finished with value: -0.030596639008700445 and parameters: {'confidence_threshold': 0.803208205259178, 'training_days': 130, 'n_estimators': 267, 'max_depth': 5, 'num_leaves': 40, 'learning_rate': 0.08041175317374143, 'subsample': 0.5603143329951619, 'colsample_bytree': 0.9131704002534167, 'min_child_samples': 68, 'reg_alpha': 0.0008046593428183385, 'reg_lambda': 1.2158346158765583e-05}. Best is trial 2 with value: 0.10686139246242601.
[I 2026-06-01 15:45:08,667] Trial 5 finished with value: 0.07599123626190905 and parameters: {'confidence_threshold': 0.6064422761595144, 'training_days': 210, 'n_estimators': 357, 'max_depth': 5, 'num_leaves': 40, 'learning_rate': 0.0974221287220869, 'subsample': 0.7929682762811064, 'colsample_bytree': 0.8124517510478, 'min_child_samples': 74, 'reg_alpha': 0.3811377260781234, 'reg_lambda': 5.607314238392041e-08}. Best is trial 2 with value: 0.10686139246242601.
[I 2026-06-01 15:45:08,767] Trial 6 finished with value: -0.008242447549163518 and parameters: {'confidence_threshold': 0.7672889945051684, 'training_days': 130, 'n_estimators': 137, 'max_depth': 4, 'num_leaves': 19, 'learning_rate': 0.2031117614248665, 'subsample': 0.8136244860256343, 'colsample_bytree': 0.8617081790949774, 'min_child_samples': 21, 'reg_alpha': 0.002238138278733199, 'reg_lambda': 0.001025809534977322}. Best is trial 2 with value: 0.10686139246242601.
[I 2026-06-01 15:45:08,839] Trial 7 finished with value: -0.07434314652781208 and parameters: {'confidence_threshold': 0.555635875450653, 'training_days': 80, 'n_estimators': 363, 'max_depth': 3, 'num_leaves': 48, 'learning_rate': 0.06590089024008658, 'subsample': 0.6944752870615722, 'colsample_bytree': 0.962566244806993, 'min_child_samples': 88, 'reg_alpha': 1.6465620446426067e-05, 'reg_lambda': 2.4678750890085655e-08}. Best is trial 2 with value: 0.10686139246242601.
[I 2026-06-01 15:45:09,155] Trial 8 finished with value: 0.04911437062691301 and parameters: {'confidence_threshold': 0.6066688256938841, 'training_days': 200, 'n_estimators': 367, 'max_depth': 5, 'num_leaves': 32, 'learning_rate': 0.13377519215934996, 'subsample': 0.7965884582811106, 'colsample_bytree': 0.8458508993500886, 'min_child_samples': 32, 'reg_alpha': 3.889436043816386e-05, 'reg_lambda': 1.4713062489380356e-06}. Best is trial 2 with value: 0.10686139246242601.
[I 2026-06-01 15:45:09,362] Trial 9 finished with value: 0.06619685330492156 and parameters: {'confidence_threshold': 0.6202096049169137, 'training_days': 260, 'n_estimators': 350, 'max_depth': 3, 'num_leaves': 21, 'learning_rate': 0.02989540198065364, 'subsample': 0.8307821683331218, 'colsample_bytree': 0.923253112635361, 'min_child_samples': 64, 'reg_alpha': 0.4898604619604203, 'reg_lambda': 2.9076377687066166e-05}. Best is trial 2 with value: 0.10686139246242601.
