[I 2026-06-01 15:48:43,695] Trial 5 finished with value: -0.004279001673007412 and parameters: {'confidence_threshold': 0.6064422761595144, 'training_days': 210, 'n_estimators': 357, 'max_depth': 5, 'num_leaves': 40, 'learning_rate': 0.0974221287220869, 'subsample': 0.7929682762811064, 'colsample_bytree': 0.8124517510478, 'min_child_samples': 74, 'reg_alpha': 0.3811377260781234, 'reg_lambda': 5.607314238392041e-08}. Best is trial 0 with value: 0.04256684467850036.

  [label] 2022-12-02 08:00 ETHUSDT entry=1278.3700 → SHORT | long=sl(-4.58%) short=timeout(+0.00%) | scanned=22 | no_tp→fwd_return=-0.1001
  [label] 2023-01-24 00:00 ETHUSDT entry=1636.3500 → SHORT | long=sl(-4.72%) short=timeout(+3.35%) | scanned=22 | no_tp→fwd_return=-3.4504
  [label] 2023-07-09 00:00 ETHUSDT entry=1866.4800 → LONG | long=tp(+5.61%) short=sl(-2.96%) | scanned=14 | long_tp_only
  [label] 2023-07-13 00:00 ETHUSDT entry=1869.7100 → LONG | long=tp(+4.54%) short=sl(-2.42%) | scanned=2 | long_tp_only
  [label] 2023-07-23 16:00 ETHUSDT entry=1887.8600 → SHORT | long=sl(-2.49%) short=timeout(+1.34%) | scanned=22 | no_tp→fwd_return=-1.4355
  [label] 2023-09-06 16:00 ETHUSDT entry=1632.3300 → SHORT | long=sl(-2.89%) short=tp(+5.48%) | scanned=15 | short_tp_only
  [label] 2023-09-15 08:00 ETHUSDT entry=1618.6200 → SHORT | long=sl(-3.03%) short=sl(-3.03%) | scanned=18 | no_tp→fwd_return=-2.2006
  [label] 2023-12-14 16:00 ETHUSDT entry=2316.5400 → SHORT | long=sl(-4.91%) short=timeout(+3.15%) | scanned=22 | no_tp→fwd_return=-3.2458
  [label] 2024-01-15 16:00 ETHUSDT entry=2512.2100 → SHORT | long=sl(-5.06%) short=timeout(+7.78%) | scanned=22 | no_tp→fwd_return=-7.8767
  [label] 2024-02-01 00:00 ETHUSDT entry=2270.9200 → LONG | long=tp(+7.56%) short=sl(-3.93%) | scanned=20 | long_tp_only
  [label] 2024-02-13 16:00 ETHUSDT entry=2640.8300 → LONG | long=tp(+7.58%) short=sl(-3.94%) | scanned=5 | long_tp_only
  [label] 2024-03-03 00:00 ETHUSDT entry=3394.7600 → LONG | long=tp(+9.16%) short=sl(-4.73%) | scanned=6 | long_tp_only
  [label] 2024-03-09 08:00 ETHUSDT entry=3920.2400 → SHORT | long=sl(-5.79%) short=timeout(+5.99%) | scanned=22 | no_tp→fwd_return=-6.0902
  [label] 2024-03-21 16:00 ETHUSDT entry=3495.1600 → LONG | long=timeout(+1.87%) short=timeout(-2.07%) | scanned=22 | no_tp→fwd_return=+1.9693
  [label] 2024-04-30 08:00 ETHUSDT entry=2992.6700 → LONG | long=sl(-5.85%) short=sl(-5.85%) | scanned=12 | no_tp→fwd_return=+4.4295
  [label] 2024-05-10 00:00 ETHUSDT entry=3040.3900 → SHORT | long=sl(-4.23%) short=timeout(+0.45%) | scanned=22 | no_tp→fwd_return=-0.5529
  [label] 2024-08-04 08:00 ETHUSDT entry=2826.0600 → SHORT | long=sl(-6.00%) short=tp(+11.70%) | scanned=2 | short_tp_only
  Labels: 1126 long (51.9%), 1045 short (48.1%) | weights: min=1.00, mean=4.02, max=10.00
  Features: 2171/2171 matched, 48 columns
  CV gap: 22 rows
  [ensemble 1/3] seed=42
    [trial 0] 48 features, training_days=480 | threshold=0.631 | labels: 1126 long, 1045 short (52/48%)
    [CV fold 0] train_end=2022-12-24 08:00 | val_start=2023-01-01 00:00 | gap=184h (22 rows)
    [CV fold 1] train_end=2023-04-23 16:00 | val_start=2023-05-01 08:00 | gap=184h (22 rows)
    [CV fold 2] train_end=2023-08-22 00:00 | val_start=2023-08-29 16:00 | gap=184h (22 rows)
    [CV fold 3] train_end=2023-12-20 08:00 | val_start=2023-12-28 00:00 | gap=184h (22 rows)
    [CV fold 4] train_end=2024-04-18 16:00 | val_start=2024-04-26 08:00 | gap=184h (22 rows)
    [trial 0] Sharpe=-0.0155 (folds: -0.1279, -0.0534, 0.0819, -0.0200, 0.0418)
    [trial 1] 48 features, training_days=420 | threshold=0.839 | labels: 1126 long, 1045 short (52/48%)
    [trial 1] Sharpe=-4.2600 (folds: -0.4551, -10.0000, -0.7937, -10.0000, -0.0512)
    [trial 2] 48 features, training_days=190 | threshold=0.602 | labels: 1126 long, 1045 short (52/48%)
    [trial 2] Sharpe=-0.0177 (folds: -0.1325, -0.0863, 0.0812, 0.0937, -0.0448)
    [trial 3] 48 features, training_days=490 | threshold=0.832 | labels: 1126 long, 1045 short (52/48%)
    [trial 3] Sharpe=-0.0534 (folds: -0.1517, -0.0764, 0.1105, -0.0974, -0.0522)
    [trial 4] 48 features, training_days=340 | threshold=0.591 | labels: 1126 long, 1045 short (52/48%)
    [trial 4] Sharpe=-0.0694 (folds: -0.2984, -0.1539, 0.1149, -0.0188, 0.0091)
    [trial 5] 48 features, training_days=50 | threshold=0.823 | labels: 1126 long, 1045 short (52/48%)
    [trial 5] Sharpe=-0.0612 (folds: -0.4442, -0.0058, -0.1544, -0.0518, 0.3503)
    [trial 6] 48 features, training_days=410 | threshold=0.549 | labels: 1126 long, 1045 short (52/48%)
    [trial 6] Sharpe=-0.0245 (folds: -0.2291, -0.0560, 0.0827, 0.0954, -0.0156)
    [trial 7] 48 features, training_days=180 | threshold=0.526 | labels: 1126 long, 1045 short (52/48%)
    [trial 7] Sharpe=0.0213 (folds: -0.1259, -0.1777, 0.1679, 0.1730, 0.0691)
    [trial 8] 48 features, training_days=240 | threshold=0.811 | labels: 1126 long, 1045 short (52/48%)
    [trial 8] Sharpe=0.1228 (folds: -0.0974, 0.1366, 0.3687, 0.1201, 0.0859)
    [trial 9] 48 features, training_days=20 | threshold=0.538 | labels: 1126 long, 1045 short (52/48%)
    [trial 9] Sharpe=-2.0652 (folds: -0.1629, 0.0231, -0.2981, -10.0000, 0.1119)
    [trial 10] 48 features, training_days=280 | threshold=0.734 | labels: 1126 long, 1045 short (52/48%)
    [trial 10] Sharpe=0.0257 (folds: -0.1098, 0.0297, 0.1649, 0.0175, 0.0263)
    [trial 11] 48 features, training_days=280 | threshold=0.742 | labels: 1126 long, 1045 short (52/48%)
    [trial 11] Sharpe=0.0178 (folds: -0.0941, -0.0570, 0.1560, 0.0486, 0.0352)
    [trial 12] 48 features, training_days=190 | threshold=0.746 | labels: 1126 long, 1045 short (52/48%)
    [trial 12] Sharpe=0.0101 (folds: -0.1221, -0.0011, 0.1262, 0.0792, -0.0319)
    [trial 13] 48 features, training_days=290 | threshold=0.732 | labels: 1126 long, 1045 short (52/48%)
    [trial 13] Sharpe=-0.0071 (folds: -0.1276, -0.0462, 0.1299, 0.0018, 0.0068)
    [trial 14] 48 features, training_days=130 | threshold=0.690 | labels: 1126 long, 1045 short (52/48%)
    [trial 14] Sharpe=0.0071 (folds: -0.1097, -0.1780, 0.1846, 0.0789, 0.0599)
    [trial 15] 48 features, training_days=340 | threshold=0.790 | labels: 1126 long, 1045 short (52/48%)
    [trial 15] Sharpe=-0.0578 (folds: -0.1536, -0.0306, -0.0989, 0.0252, -0.0311)
    [trial 16] 48 features, training_days=240 | threshold=0.688 | labels: 1126 long, 1045 short (52/48%)
    [trial 16] Sharpe=0.0281 (folds: -0.1272, -0.0621, 0.1598, 0.0971, 0.0728)
    [trial 17] 48 features, training_days=110 | threshold=0.676 | labels: 1126 long, 1045 short (52/48%)
    [trial 17] Sharpe=0.0073 (folds: -0.3870, -0.0062, 0.1859, 0.1521, 0.0919)
  Optuna: 18 trials, best Sharpe = 0.1228
  Best params: n_estimators=103, max_depth=5, lr=0.0675, leaves=52
  Best confidence_threshold: 0.811
  Best training_days: 240
  Retrained on full data (720 samples, 48 features)
  [ensemble 2/3] seed=123
    [trial 0] 48 features, training_days=150 | threshold=0.744 | labels: 1126 long, 1045 short (52/48%)
    [CV fold 0] train_end=2022-12-24 08:00 | val_start=2023-01-01 00:00 | gap=184h (22 rows)
    [CV fold 1] train_end=2023-04-23 16:00 | val_start=2023-05-01 08:00 | gap=184h (22 rows)
    [CV fold 2] train_end=2023-08-22 00:00 | val_start=2023-08-29 16:00 | gap=184h (22 rows)
    [CV fold 3] train_end=2023-12-20 08:00 | val_start=2023-12-28 00:00 | gap=184h (22 rows)
    [CV fold 4] train_end=2024-04-18 16:00 | val_start=2024-04-26 08:00 | gap=184h (22 rows)
    [trial 0] Sharpe=0.0426 (folds: -0.1633, -0.2094, 0.3674, 0.1212, 0.0970)
    [trial 1] 48 features, training_days=220 | threshold=0.755 | labels: 1126 long, 1045 short (52/48%)
    [trial 1] Sharpe=-2.0172 (folds: -0.5485, -10.0000, -0.2663, 0.5300, 0.1989)
    [trial 2] 48 features, training_days=310 | threshold=0.754 | labels: 1126 long, 1045 short (52/48%)
    [trial 2] Sharpe=-0.0341 (folds: -0.0796, 0.0000, -0.0962, 0.0116, -0.0066)
    [trial 3] 48 features, training_days=220 | threshold=0.673 | labels: 1126 long, 1045 short (52/48%)
    [trial 3] Sharpe=0.0379 (folds: -0.0879, 0.0398, 0.1506, 0.0486, 0.0385)
    [trial 4] 48 features, training_days=130 | threshold=0.803 | labels: 1126 long, 1045 short (52/48%)
    [trial 4] Sharpe=0.0121 (folds: -0.0999, -0.2284, 0.2121, 0.1337, 0.0430)
    [trial 5] 48 features, training_days=210 | threshold=0.606 | labels: 1126 long, 1045 short (52/48%)
    [trial 5] Sharpe=-0.0043 (folds: -0.1230, -0.0358, 0.0315, 0.0865, 0.0194)
    [trial 6] 48 features, training_days=130 | threshold=0.767 | labels: 1126 long, 1045 short (52/48%)
    [trial 6] Sharpe=0.0552 (folds: -0.1008, -0.0385, 0.2095, 0.1534, 0.0524)[I 2026-06-01 15:48:43,809] Trial 6 finished with value: 0.055209015043323616 and parameters: {'confidence_threshold': 0.7672889945051684, 'training_days': 130, 'n_estimators': 137, 'max_depth': 4, 'num_leaves': 19, 'learning_rate': 0.2031117614248665, 'subsample': 0.8136244860256343, 'colsample_bytree': 0.8617081790949774, 'min_child_samples': 21, 'reg_alpha': 0.002238138278733199, 'reg_lambda': 0.001025809534977322}. Best is trial 6 with value: 0.055209015043323616.
[I 2026-06-01 15:48:43,877] Trial 7 finished with value: -0.06872228644943598 and parameters: {'confidence_threshold': 0.555635875450653, 'training_days': 80, 'n_estimators': 363, 'max_depth': 3, 'num_leaves': 48, 'learning_rate': 0.06590089024008658, 'subsample': 0.6944752870615722, 'colsample_bytree': 0.962566244806993, 'min_child_samples': 88, 'reg_alpha': 1.6465620446426067e-05, 'reg_lambda': 2.4678750890085655e-08}. Best is trial 6 with value: 0.055209015043323616.
[I 2026-06-01 15:48:44,242] Trial 8 finished with value: 0.026546514863620207 and parameters: {'confidence_threshold': 0.6066688256938841, 'training_days': 200, 'n_estimators': 367, 'max_depth': 5, 'num_leaves': 32, 'learning_rate': 0.13377519215934996, 'subsample': 0.7965884582811106, 'colsample_bytree': 0.8458508993500886, 'min_child_samples': 32, 'reg_alpha': 3.889436043816386e-05, 'reg_lambda': 1.4713062489380356e-06}. Best is trial 6 with value: 0.055209015043323616.
[I 2026-06-01 15:48:44,478] Trial 9 finished with value: 0.026423692577901014 and parameters: {'confidence_threshold': 0.6202096049169137, 'training_days': 260, 'n_estimators': 350, 'max_depth': 3, 'num_leaves': 21, 'learning_rate': 0.02989540198065364, 'subsample': 0.8307821683331218, 'colsample_bytree': 0.923253112635361, 'min_child_samples': 64, 'reg_alpha': 0.4898604619604203, 'reg_lambda': 2.9076377687066166e-05}. Best is trial 6 with value: 0.055209015043323616.
[I 2026-06-01 15:48:44,908] Trial 10 finished with value: -0.14309746177529992 and parameters: {'confidence_threshold': 0.8445241688507242, 'training_days': 470, 'n_estimators': 493, 'max_depth': 4, 'num_leaves': 17, 'learning_rate': 0.010221918552934462, 'subsample': 0.925262810706551, 'colsample_bytree': 0.6202684210924141, 'min_child_samples': 46, 'reg_alpha': 2.3451009125120672e-08, 'reg_lambda': 0.08638692467458545}. Best is trial 6 with value: 0.055209015043323616.
[I 2026-06-01 15:48:44,935] Trial 11 finished with value: -8.059620870779986 and parameters: {'confidence_threshold': 0.7263621239445149, 'training_days': 20, 'n_estimators': 99, 'max_depth': 4, 'num_leaves': 61, 'learning_rate': 0.27998203834948215, 'subsample': 0.9953713681058338, 'colsample_bytree': 0.6612241103206169, 'min_child_samples': 48, 'reg_alpha': 2.9911612532409865e-07, 'reg_lambda': 0.007364523359426745}. Best is trial 6 with value: 0.055209015043323616.
[I 2026-06-01 15:48:45,094] Trial 12 finished with value: -0.05585889057532817 and parameters: {'confidence_threshold': 0.6885368974453678, 'training_days': 360, 'n_estimators': 181, 'max_depth': 4, 'num_leaves': 26, 'learning_rate': 0.04335443308409958, 'subsample': 0.8941395335595879, 'colsample_bytree': 0.5201164353688423, 'min_child_samples': 100, 'reg_alpha': 0.011587272495943669, 'reg_lambda': 0.003961388082671552}. Best is trial 6 with value: 0.055209015043323616.
[I 2026-06-01 15:48:45,207] Trial 13 finished with value: 0.022538489402427565 and parameters: {'confidence_threshold': 0.8101719544389032, 'training_days': 120, 'n_estimators': 160, 'max_depth': 4, 'num_leaves': 49, 'learning_rate': 0.15152203000979778, 'subsample': 0.9944394371574854, 'colsample_bytree': 0.7082407533656954, 'min_child_samples': 44, 'reg_alpha': 0.028156791715610006, 'reg_lambda': 0.0012430304960061548}. Best is trial 6 with value: 0.055209015043323616.
[I 2026-06-01 15:48:45,241] Trial 14 finished with value: -6.055010528972119 and parameters: {'confidence_threshold': 0.6968624890517784, 'training_days': 20, 'n_estimators': 236, 'max_depth': 4, 'num_leaves': 15, 'learning_rate': 0.04434186931015897, 'subsample': 0.8885889820806554, 'colsample_bytree': 0.9959348592397881, 'min_child_samples': 80, 'reg_alpha': 1.1965699977759898e-06, 'reg_lambda': 1.2172611843961524e-06}. Best is trial 6 with value: 0.055209015043323616.
[I 2026-06-01 15:48:45,329] Trial 15 finished with value: 0.005918892427868861 and parameters: {'confidence_threshold': 0.5026055290809989, 'training_days': 130, 'n_estimators': 119, 'max_depth': 5, 'num_leaves': 33, 'learning_rate': 0.15801358013443828, 'subsample': 0.507007918467014, 'colsample_bytree': 0.8822642609286131, 'min_child_samples': 22, 'reg_alpha': 7.209816057093941, 'reg_lambda': 3.5532501480887757}. Best is trial 6 with value: 0.055209015043323616.
[I 2026-06-01 15:48:45,391] Trial 16 finished with value: -2.0251183389390914 and parameters: {'confidence_threshold': 0.7787962227123225, 'training_days': 80, 'n_estimators': 50, 'max_depth': 3, 'num_leaves': 55, 'learning_rate': 0.031881297714316296, 'subsample': 0.9489233969958244, 'colsample_bytree': 0.7369444896723635, 'min_child_samples': 54, 'reg_alpha': 0.000762323791867669, 'reg_lambda': 0.000474503791067692}. Best is trial 6 with value: 0.055209015043323616.
[I 2026-06-01 15:48:45,575] Trial 17 finished with value: -0.04058689932222027 and parameters: {'confidence_threshold': 0.721916155125697, 'training_days': 370, 'n_estimators': 142, 'max_depth': 4, 'num_leaves': 44, 'learning_rate': 0.05883052339834492, 'subsample': 0.842465951493765, 'colsample_bytree': 0.8887148911355028, 'min_child_samples': 34, 'reg_alpha': 0.00044840837681558, 'reg_lambda': 1.3489951187488e-06}. Best is trial 6 with value: 0.055209015043323616.
[I 2026-06-01 15:48:45,962] A new study created in memory with name: no-name-becff8a9-b5e0-4d14-bc15-6863568163ca
[I 2026-06-01 15:48:46,164] Trial 0 finished with value: -0.046267040971671516 and parameters: {'confidence_threshold': 0.5870645682749857, 'training_days': 90, 'n_estimators': 403, 'max_depth': 5, 'num_leaves': 45, 'learning_rate': 0.0780457193679974, 'subsample': 0.9428509515574568, 'colsample_bytree': 0.8795587339164916, 'min_child_samples': 34, 'reg_alpha': 2.2465901234314442e-07, 'reg_lambda': 8.339007036475363e-05}. Best is trial 0 with value: -0.046267040971671516.
[I 2026-06-01 15:48:46,293] Trial 1 finished with value: -0.004509034373973026 and parameters: {'confidence_threshold': 0.6348453934275313, 'training_days': 290, 'n_estimators': 115, 'max_depth': 5, 'num_leaves': 37, 'learning_rate': 0.06949568759029946, 'subsample': 0.8228505074024268, 'colsample_bytree': 0.8616703220431751, 'min_child_samples': 75, 'reg_alpha': 4.2486822725010923e-07, 'reg_lambda': 1.157247767047042e-07}. Best is trial 1 with value: -0.004509034373973026.
[I 2026-06-01 15:48:46,317] Trial 2 finished with value: -0.10633660315107649 and parameters: {'confidence_threshold': 0.5849570384370288, 'training_days': 10, 'n_estimators': 212, 'max_depth': 3, 'num_leaves': 41, 'learning_rate': 0.18452095998378365, 'subsample': 0.6001060822924371, 'colsample_bytree': 0.5673167293506167, 'min_child_samples': 37, 'reg_alpha': 5.733250064217131, 'reg_lambda': 0.5308454292595461}. Best is trial 1 with value: -0.004509034373973026.
[I 2026-06-01 15:48:46,404] Trial 3 finished with value: -0.04681347275849468 and parameters: {'confidence_threshold': 0.6868248626683718, 'training_days': 220, 'n_estimators': 134, 'max_depth': 3, 'num_leaves': 45, 'learning_rate': 0.033529007907491595, 'subsample': 0.8647277071858408, 'colsample_bytree': 0.778494116634046, 'min_child_samples': 96, 'reg_alpha': 2.409409937265785e-07, 'reg_lambda': 1.1642073478060009}. Best is trial 1 with value: -0.004509034373973026.
[I 2026-06-01 15:48:46,503] Trial 4 finished with value: -0.03257968427850168 and parameters: {'confidence_threshold': 0.5623121348350352, 'training_days': 300, 'n_estimators': 69, 'max_depth': 4, 'num_leaves': 32, 'learning_rate': 0.14967629360700346, 'subsample': 0.5054535233636654, 'colsample_bytree': 0.7401385194659216, 'min_child_samples': 27, 'reg_alpha': 1.4212042567426725e-07, 'reg_lambda': 0.23605753701352003}. Best is trial 1 with value: -0.004509034373973026.
[I 2026-06-01 15:48:46,957] Trial 5 finished with value: -0.038453015316823706 and parameters: {'confidence_threshold': 0.7111850244908446, 'training_days': 490, 'n_estimators': 362, 'max_depth': 5, 'num_leaves': 40, 'learning_rate': 0.05960785724162737, 'subsample': 0.5589714368907717, 'colsample_bytree': 0.6659006943232806, 'min_child_samples': 42, 'reg_alpha': 0.6741360303045295, 'reg_lambda': 6.054601607143087e-08}. Best is trial 1 with value: -0.004509034373973026.
[I 2026-06-01 15:48:47,157] Trial 6 finished with value: -0.01134704933226662 and parameters: {'confidence_threshold': 0.667482545748023, 'training_days': 420, 'n_estimators': 279, 'max_depth': 3, 'num_leaves': 45, 'learning_rate': 0.040099592560849204, 'subsample': 0.8563114696415159, 'colsample_bytree': 0.5442917781944105, 'min_child_samples': 50, 'reg_alpha': 1.6407916423707903e-08, 'reg_lambda': 2.935907642973286e-05}. Best is trial 1 with value: -0.004509034373973026.
[I 2026-06-01 15:48:47,327] Trial 7 finished with value: -0.03960928269115747 and parameters: {'confidence_threshold': 0.5497381024139926, 'training_days': 120, 'n_estimators': 408, 'max_depth': 5, 'num_leaves': 38, 'learning_rate': 0.28049122657745795, 'subsample': 0.8806573338635493, 'colsample_bytree': 0.5454054113547102, 'min_child_samples': 63, 'reg_alpha': 0.01263008637940408, 'reg_lambda': 0.04588020805366937}. Best is trial 1 with value: -0.004509034373973026.
[I 2026-06-01 15:48:47,606] Trial 8 finished with value: 0.008937291151292198 and parameters: {'confidence_threshold': 0.719644804808716, 'training_days': 450, 'n_estimators': 410, 'max_depth': 4, 'num_leaves': 57, 'learning_rate': 0.04022026551478857, 'subsample': 0.5336085426932707, 'colsample_bytree': 0.5705742850577543, 'min_child_samples': 100, 'reg_alpha': 5.916398047912201e-07, 'reg_lambda': 0.9794034214488329}. Best is trial 8 with value: 0.008937291151292198.
[I 2026-06-01 15:48:47,628] Trial 9 finished with value: -8.059620870779986 and parameters: {'confidence_threshold': 0.7267463643917187, 'training_days': 20, 'n_estimators': 337, 'max_depth': 5, 'num_leaves': 23, 'learning_rate': 0.022153031811454605, 'subsample': 0.6305627572358737, 'colsample_bytree': 0.6613413774216214, 'min_child_samples': 81, 'reg_alpha': 5.7638634029410314e-08, 'reg_lambda': 8.26603016764008}. Best is trial 8 with value: 0.008937291151292198.
[I 2026-06-01 15:48:48,006] Trial 10 finished with value: -2.0189885904572273 and parameters: {'confidence_threshold': 0.8283920119574972, 'training_days': 400, 'n_estimators': 485, 'max_depth': 4, 'num_leaves': 63, 'learning_rate': 0.011927505552849117, 'subsample': 0.7130289643560688, 'colsample_bytree': 0.9944479338273263, 'min_child_samples': 100, 'reg_alpha': 5.0239970328459277e-05, 'reg_lambda': 0.0028438774509831773}. Best is trial 8 with value: 0.008937291151292198.
[I 2026-06-01 15:48:48,203] Trial 11 finished with value: -0.02429421707938696 and parameters: {'confidence_threshold': 0.7828153509856826, 'training_days': 300, 'n_estimators': 189, 'max_depth': 4, 'num_leaves': 59, 'learning_rate': 0.11117277763483477, 'subsample': 0.741942921860466, 'colsample_bytree': 0.8724278937851807, 'min_child_samples': 71, 'reg_alpha': 2.3530491583503867e-05, 'reg_lambda': 7.359299995524362e-08}. Best is trial 8 with value: 0.008937291151292198.
[I 2026-06-01 15:48:48,288] Trial 12 finished with value: -0.07570459673558011 and parameters: {'confidence_threshold': 0.6312717333908874, 'training_days': 380, 'n_estimators': 54, 'max_depth': 4, 'num_leaves': 54, 'learning_rate': 0.02305899614846357, 'subsample': 0.7806046072327899, 'colsample_bytree': 0.8750909515331022, 'min_child_samples': 82, 'reg_alpha': 1.28974567983543e-05, 'reg_lambda': 2.323935870907716e-06}. Best is trial 8 with value: 0.008937291151292198.
[I 2026-06-01 15:48:48,576] Trial 13 finished with value: 0.0072062193989002096 and parameters: {'confidence_threshold': 0.5040535938350955, 'training_days': 210, 'n_estimators': 494, 'max_depth': 4, 'num_leaves': 16, 'learning_rate': 0.08838392816605262, 'subsample': 0.6795590770167038, 'colsample_bytree': 0.9584932215576711, 'min_child_samples': 87, 'reg_alpha': 0.001584150980413589, 'reg_lambda': 0.006726263507857872}. Best is trial 8 with value: 0.008937291151292198.
[I 2026-06-01 15:48:48,846] Trial 14 finished with value: 0.01602974764073712 and parameters: {'confidence_threshold': 0.7654797442099049, 'training_days': 210, 'n_estimators': 500, 'max_depth': 4, 'num_leaves': 17, 'learning_rate': 0.10328876993694823, 'subsample': 0.6724915871124546, 'colsample_bytree': 0.9699905053812461, 'min_child_samples': 91, 'reg_alpha': 0.0030111509646319084, 'reg_lambda': 0.0054954051225094966}. Best is trial 14 with value: 0.01602974764073712.
