[I 2026-06-01 15:44:10,129] Trial 16 finished with value: 0.06257758082224021 and parameters: {'confidence_threshold': 0.6585222837791678, 'training_days': 430, 'n_estimators': 92, 'max_depth': 4, 'num_leaves': 63, 'learning_rate': 0.019067583100557606, 'subsample': 0.6594048993175654, 'colsample_bytree': 0.7256038324911988, 'min_child_samples': 55, 'reg_alpha': 6.366462124529287e-07, 'reg_lambda': 7.474073556688731}. Best is trial 1 with value: 0.4221107958439422.
[I 2026-06-01 15:44:10,216] Trial 17 finished with value: 0.14002640012674766 and parameters: {'confidence_threshold': 0.7200120332925483, 'training_days': 380, 'n_estimators': 96, 'max_depth': 3, 'num_leaves': 53, 'learning_rate': 0.02777707743495962, 'subsample': 0.5798718144131003, 'colsample_bytree': 0.6042669130757778, 'min_child_samples': 38, 'reg_alpha': 0.0124508642157451, 'reg_lambda': 0.06016177734247448}. Best is trial 1 with value: 0.4221107958439422.
[I 2026-06-01 15:44:10,319] A new study created in memory with name: no-name-3c3b67c6-398c-49f0-b25f-1740206a9e4b
[I 2026-06-01 15:44:10,509] Trial 0 finished with value: -0.00806131467248651 and parameters: {'confidence_threshold': 0.5870645682749857, 'training_days': 90, 'n_estimators': 403, 'max_depth': 5, 'num_leaves': 45, 'learning_rate': 0.0780457193679974, 'subsample': 0.9428509515574568, 'colsample_bytree': 0.8795587339164916, 'min_child_samples': 34, 'reg_alpha': 2.2465901234314442e-07, 'reg_lambda': 8.339007036475363e-05}. Best is trial 0 with value: -0.00806131467248651.
[I 2026-06-01 15:44:10,614] Trial 1 finished with value: -0.002408027824979596 and parameters: {'confidence_threshold': 0.6348453934275313, 'training_days': 290, 'n_estimators': 115, 'max_depth': 5, 'num_leaves': 37, 'learning_rate': 0.06949568759029946, 'subsample': 0.8228505074024268, 'colsample_bytree': 0.8616703220431751, 'min_child_samples': 75, 'reg_alpha': 4.2486822725010923e-07, 'reg_lambda': 1.157247767047042e-07}. Best is trial 1 with value: -0.002408027824979596.
[I 2026-06-01 15:44:10,633] Trial 2 finished with value: -2.0368601804614057 and parameters: {'confidence_threshold': 0.5849570384370288, 'training_days': 10, 'n_estimators': 212, 'max_depth': 3, 'num_leaves': 41, 'learning_rate': 0.18452095998378365, 'subsample': 0.6001060822924371, 'colsample_bytree': 0.5673167293506167, 'min_child_samples': 37, 'reg_alpha': 5.733250064217131, 'reg_lambda': 0.5308454292595461}. Best is trial 1 with value: -0.002408027824979596.
[I 2026-06-01 15:44:10,709] Trial 3 finished with value: 0.06546210232602087 and parameters: {'confidence_threshold': 0.6868248626683718, 'training_days': 220, 'n_estimators': 134, 'max_depth': 3, 'num_leaves': 45, 'learning_rate': 0.033529007907491595, 'subsample': 0.8647277071858408, 'colsample_bytree': 0.778494116634046, 'min_child_samples': 96, 'reg_alpha': 2.409409937265785e-07, 'reg_lambda': 1.1642073478060009}. Best is trial 3 with value: 0.06546210232602087.
[I 2026-06-01 15:44:10,786] Trial 4 finished with value: -0.0031239223367506854 and parameters: {'confidence_threshold': 0.5623121348350352, 'training_days': 300, 'n_estimators': 69, 'max_depth': 4, 'num_leaves': 32, 'learning_rate': 0.14967629360700346, 'subsample': 0.5054535233636654, 'colsample_bytree': 0.7401385194659216, 'min_child_samples': 27, 'reg_alpha': 1.4212042567426725e-07, 'reg_lambda': 0.23605753701352003}. Best is trial 3 with value: 0.06546210232602087.
[I 2026-06-01 15:44:11,159] Trial 5 finished with value: 0.04393328990685347 and parameters: {'confidence_threshold': 0.7111850244908446, 'training_days': 490, 'n_estimators': 362, 'max_depth': 5, 'num_leaves': 40, 'learning_rate': 0.05960785724162737, 'subsample': 0.5589714368907717, 'colsample_bytree': 0.6659006943232806, 'min_child_samples': 42, 'reg_alpha': 0.6741360303045295, 'reg_lambda': 6.054601607143087e-08}. Best is trial 3 with value: 0.06546210232602087.
[I 2026-06-01 15:44:11,320] Trial 6 finished with value: 0.06073104722623933 and parameters: {'confidence_threshold': 0.667482545748023, 'training_days': 420, 'n_estimators': 279, 'max_depth': 3, 'num_leaves': 45, 'learning_rate': 0.040099592560849204, 'subsample': 0.8563114696415159, 'colsample_bytree': 0.5442917781944105, 'min_child_samples': 50, 'reg_alpha': 1.6407916423707903e-08, 'reg_lambda': 2.935907642973286e-05}. Best is trial 3 with value: 0.06546210232602087.
[I 2026-06-01 15:44:11,465] Trial 7 finished with value: 0.013564280067230493 and parameters: {'confidence_threshold': 0.5497381024139926, 'training_days': 120, 'n_estimators': 408, 'max_depth': 5, 'num_leaves': 38, 'learning_rate': 0.28049122657745795, 'subsample': 0.8806573338635493, 'colsample_bytree': 0.5454054113547102, 'min_child_samples': 63, 'reg_alpha': 0.01263008637940408, 'reg_lambda': 0.04588020805366937}. Best is trial 3 with value: 0.06546210232602087.
[I 2026-06-01 15:44:11,721] Trial 8 finished with value: 0.09748456155059408 and parameters: {'confidence_threshold': 0.719644804808716, 'training_days': 450, 'n_estimators': 410, 'max_depth': 4, 'num_leaves': 57, 'learning_rate': 0.04022026551478857, 'subsample': 0.5336085426932707, 'colsample_bytree': 0.5705742850577543, 'min_child_samples': 100, 'reg_alpha': 5.916398047912201e-07, 'reg_lambda': 0.9794034214488329}. Best is trial 8 with value: 0.09748456155059408.

    [trial 8] 48 features, training_days=240 | threshold=0.811 | labels: 1201 long, 967 short (55/45%)
    [trial 8] Sharpe=0.1178 (folds: -0.0514, 0.1379, 0.0778, 0.2773, 0.1475)
    [trial 9] 48 features, training_days=20 | threshold=0.538 | labels: 1201 long, 967 short (55/45%)
    [trial 9] Sharpe=0.0187 (folds: 0.2960, 0.1672, -0.3715, -0.1898, 0.1916)
    [trial 10] 48 features, training_days=280 | threshold=0.734 | labels: 1201 long, 967 short (55/45%)
    [trial 10] Sharpe=-0.0304 (folds: -0.0715, 0.0381, -0.0881, 0.0064, -0.0368)
    [trial 11] 48 features, training_days=20 | threshold=0.762 | labels: 1201 long, 967 short (55/45%)
    [trial 11] Sharpe=-4.0739 (folds: -10.0000, -10.0000, -0.3715, -0.1898, 0.1916)
    [trial 12] 48 features, training_days=140 | threshold=0.768 | labels: 1201 long, 967 short (55/45%)
    [trial 12] Sharpe=0.1326 (folds: 0.0989, 0.1365, 0.0294, 0.3175, 0.0805)
    [trial 13] 48 features, training_days=130 | threshold=0.736 | labels: 1201 long, 967 short (55/45%)
    [trial 13] Sharpe=-0.0078 (folds: -0.1653, 0.1514, -0.2043, -0.0150, 0.1942)
    [trial 14] 48 features, training_days=260 | threshold=0.787 | labels: 1201 long, 967 short (55/45%)
    [trial 14] Sharpe=-7.9837 (folds: -10.0000, 0.0813, -10.0000, -10.0000, -10.0000)
    [trial 15] 48 features, training_days=110 | threshold=0.690 | labels: 1201 long, 967 short (55/45%)
    [trial 15] Sharpe=-0.0176 (folds: -0.0745, 0.0962, -0.1714, -0.0207, 0.0822)
    [trial 16] 48 features, training_days=220 | threshold=0.681 | labels: 1201 long, 967 short (55/45%)
    [trial 16] Sharpe=-0.0017 (folds: -0.0333, 0.0818, -0.0655, 0.0364, -0.0280)
    [trial 17] 48 features, training_days=310 | threshold=0.789 | labels: 1201 long, 967 short (55/45%)
    [trial 17] Sharpe=0.0977 (folds: -0.0067, 0.0798, 0.1286, 0.1783, 0.1083)
  Optuna: 18 trials, best Sharpe = 0.1326
  Best params: n_estimators=59, max_depth=3, lr=0.0387, leaves=54
  Best confidence_threshold: 0.768
  Best training_days: 140
  Retrained on full data (420 samples, 48 features)
  [ensemble 2/3] seed=123
    [trial 0] 48 features, training_days=150 | threshold=0.744 | labels: 1201 long, 967 short (55/45%)
    [CV fold 0] train_end=2020-10-22 08:00 | val_start=2020-10-30 00:00 | gap=184h (22 rows)
    [CV fold 1] train_end=2021-02-19 16:00 | val_start=2021-02-27 08:00 | gap=184h (22 rows)
    [CV fold 2] train_end=2021-06-20 00:00 | val_start=2021-06-27 16:00 | gap=184h (22 rows)
    [CV fold 3] train_end=2021-10-18 08:00 | val_start=2021-10-26 00:00 | gap=184h (22 rows)
    [CV fold 4] train_end=2022-02-15 16:00 | val_start=2022-02-23 08:00 | gap=184h (22 rows)
    [trial 0] Sharpe=0.0265 (folds: -0.1049, 0.0870, -0.1545, 0.1438, 0.1611)
    [trial 1] 48 features, training_days=220 | threshold=0.755 | labels: 1201 long, 967 short (55/45%)
    [trial 1] Sharpe=0.4221 (folds: 0.0373, 0.1924, 0.7397, 1.1248, 0.0164)
    [trial 2] 48 features, training_days=310 | threshold=0.754 | labels: 1201 long, 967 short (55/45%)
    [trial 2] Sharpe=0.0026 (folds: -0.1606, 0.1331, -0.1828, 0.2684, -0.0451)
    [trial 3] 48 features, training_days=220 | threshold=0.673 | labels: 1201 long, 967 short (55/45%)
    [trial 3] Sharpe=-0.0169 (folds: -0.0689, 0.0498, -0.1147, 0.0701, -0.0208)
    [trial 4] 48 features, training_days=130 | threshold=0.803 | labels: 1201 long, 967 short (55/45%)
    [trial 4] Sharpe=0.0119 (folds: -0.0567, 0.0753, -0.1762, 0.0291, 0.1878)
    [trial 5] 48 features, training_days=210 | threshold=0.606 | labels: 1201 long, 967 short (55/45%)
    [trial 5] Sharpe=0.0424 (folds: -0.0811, 0.1048, -0.0894, 0.1385, 0.1391)
    [trial 6] 48 features, training_days=130 | threshold=0.767 | labels: 1201 long, 967 short (55/45%)
    [trial 6] Sharpe=-0.0271 (folds: -0.1476, 0.0794, -0.2329, 0.0775, 0.0881)
    [trial 7] 48 features, training_days=80 | threshold=0.556 | labels: 1201 long, 967 short (55/45%)
    [trial 7] Sharpe=-0.0371 (folds: -0.0815, 0.1639, -0.0051, -0.1098, -0.1532)
    [trial 8] 48 features, training_days=200 | threshold=0.607 | labels: 1201 long, 967 short (55/45%)
    [trial 8] Sharpe=0.0151 (folds: -0.0346, 0.1031, -0.1965, 0.1056, 0.0976)
    [trial 9] 48 features, training_days=260 | threshold=0.620 | labels: 1201 long, 967 short (55/45%)
    [trial 9] Sharpe=-0.0344 (folds: -0.1150, 0.0846, -0.1077, -0.0276, -0.0065)
    [trial 10] 48 features, training_days=470 | threshold=0.845 | labels: 1201 long, 967 short (55/45%)
    [trial 10] Sharpe=-1.9240 (folds: 0.0348, 0.1237, -10.0000, 0.3039, -0.0825)
    [trial 11] 48 features, training_days=360 | threshold=0.513 | labels: 1201 long, 967 short (55/45%)
    [trial 11] Sharpe=0.0463 (folds: 0.0919, 0.0873, 0.2433, -0.0360, -0.1551)
    [trial 12] 48 features, training_days=360 | threshold=0.516 | labels: 1201 long, 967 short (55/45%)
    [trial 12] Sharpe=0.0690 (folds: 0.2289, 0.1544, 0.2598, -0.1491, -0.1489)
    [trial 13] 48 features, training_days=410 | threshold=0.675 | labels: 1201 long, 967 short (55/45%)
    [trial 13] Sharpe=0.1704 (folds: 0.2934, 0.0862, 0.4387, 0.1580, -0.1244)
    [trial 14] 48 features, training_days=490 | threshold=0.697 | labels: 1201 long, 967 short (55/45%)
    [trial 14] Sharpe=0.1074 (folds: 0.0084, 0.1048, 0.2302, 0.2653, -0.0717)
    [trial 15] 48 features, training_days=20 | threshold=0.695 | labels: 1201 long, 967 short (55/45%)
    [trial 15] Sharpe=-2.0147 (folds: 0.2960, -10.0000, -0.3715, -0.1898, 0.1916)
    [trial 16] 48 features, training_days=430 | threshold=0.659 | labels: 1201 long, 967 short (55/45%)
    [trial 16] Sharpe=0.0626 (folds: 0.0028, 0.0569, 0.1451, 0.1149, -0.0068)
    [trial 17] 48 features, training_days=380 | threshold=0.720 | labels: 1201 long, 967 short (55/45%)
    [trial 17] Sharpe=0.1400 (folds: 0.1001, 0.0998, 0.4083, 0.2205, -0.1285)
  Optuna: 18 trials, best Sharpe = 0.4221
  Best params: n_estimators=76, max_depth=4, lr=0.0186, leaves=51
  Best confidence_threshold: 0.755
  Best training_days: 220
  Retrained on full data (660 samples, 48 features)
  [ensemble 3/3] seed=456
    [trial 0] 48 features, training_days=90 | threshold=0.587 | labels: 1201 long, 967 short (55/45%)
    [CV fold 0] train_end=2020-10-22 08:00 | val_start=2020-10-30 00:00 | gap=184h (22 rows)
    [CV fold 1] train_end=2021-02-19 16:00 | val_start=2021-02-27 08:00 | gap=184h (22 rows)
    [CV fold 2] train_end=2021-06-20 00:00 | val_start=2021-06-27 16:00 | gap=184h (22 rows)
    [CV fold 3] train_end=2021-10-18 08:00 | val_start=2021-10-26 00:00 | gap=184h (22 rows)
    [CV fold 4] train_end=2022-02-15 16:00 | val_start=2022-02-23 08:00 | gap=184h (22 rows)
    [trial 0] Sharpe=-0.0081 (folds: 0.0066, 0.1228, 0.0167, -0.1395, -0.0470)
    [trial 1] 48 features, training_days=290 | threshold=0.635 | labels: 1201 long, 967 short (55/45%)
    [trial 1] Sharpe=-0.0024 (folds: -0.1298, 0.0765, -0.1009, 0.0865, 0.0556)
    [trial 2] 48 features, training_days=10 | threshold=0.585 | labels: 1201 long, 967 short (55/45%)
    [trial 2] Sharpe=-2.0369 (folds: -10.0000, -0.0864, -0.3715, 0.0821, 0.1916)
    [trial 3] 48 features, training_days=220 | threshold=0.687 | labels: 1201 long, 967 short (55/45%)
    [trial 3] Sharpe=0.0655 (folds: 0.0717, 0.0345, -0.0308, 0.1360, 0.1160)
    [trial 4] 48 features, training_days=300 | threshold=0.562 | labels: 1201 long, 967 short (55/45%)
    [trial 4] Sharpe=-0.0031 (folds: -0.1457, 0.1568, -0.0340, 0.0228, -0.0155)
    [trial 5] 48 features, training_days=490 | threshold=0.711 | labels: 1201 long, 967 short (55/45%)
    [trial 5] Sharpe=0.0439 (folds: -0.0824, 0.0978, 0.1010, 0.1100, -0.0066)
    [trial 6] 48 features, training_days=420 | threshold=0.667 | labels: 1201 long, 967 short (55/45%)
    [trial 6] Sharpe=0.0607 (folds: -0.0888, 0.1142, 0.1127, 0.1607, 0.0048)
    [trial 7] 48 features, training_days=120 | threshold=0.550 | labels: 1201 long, 967 short (55/45%)
    [trial 7] Sharpe=0.0136 (folds: -0.0382, 0.0884, -0.0102, -0.0415, 0.0693)
    [trial 8] 48 features, training_days=450 | threshold=0.720 | labels: 1201 long, 967 short (55/45%)
    [trial 8] Sharpe=0.0975 (folds: 0.0119, 0.0625, 0.1693, 0.2093, 0.0344)
    [trial 9] 48 features, training_days=20 | threshold=0.727 | labels: 1201 long, 967 short (55/45%)[I 2026-06-01 15:44:11,741] Trial 9 finished with value: -4.073946831714978 and parameters: {'confidence_threshold': 0.7267463643917187, 'training_days': 20, 'n_estimators': 337, 'max_depth': 5, 'num_leaves': 23, 'learning_rate': 0.022153031811454605, 'subsample': 0.6305627572358737, 'colsample_bytree': 0.6613413774216214, 'min_child_samples': 81, 'reg_alpha': 5.7638634029410314e-08, 'reg_lambda': 8.26603016764008}. Best is trial 8 with value: 0.09748456155059408.
[I 2026-06-01 15:44:12,049] Trial 10 finished with value: 0.07928265690734848 and parameters: {'confidence_threshold': 0.8283920119574972, 'training_days': 400, 'n_estimators': 485, 'max_depth': 4, 'num_leaves': 63, 'learning_rate': 0.011927505552849117, 'subsample': 0.7130289643560688, 'colsample_bytree': 0.9944479338273263, 'min_child_samples': 100, 'reg_alpha': 5.0239970328459277e-05, 'reg_lambda': 0.0028438774509831773}. Best is trial 8 with value: 0.09748456155059408.
[I 2026-06-01 15:44:12,367] Trial 11 finished with value: -1.918065030093977 and parameters: {'confidence_threshold': 0.8431920368994753, 'training_days': 400, 'n_estimators': 478, 'max_depth': 4, 'num_leaves': 61, 'learning_rate': 0.010033528037260202, 'subsample': 0.6988002958677881, 'colsample_bytree': 0.9628722124262472, 'min_child_samples': 100, 'reg_alpha': 5.263694533895985e-05, 'reg_lambda': 0.0038935771291352755}. Best is trial 8 with value: 0.09748456155059408.
[I 2026-06-01 15:44:12,725] Trial 12 finished with value: 0.09344549513838937 and parameters: {'confidence_threshold': 0.8097987051847976, 'training_days': 500, 'n_estimators': 490, 'max_depth': 4, 'num_leaves': 63, 'learning_rate': 0.010255894610795194, 'subsample': 0.7221629666626523, 'colsample_bytree': 0.9826583982594713, 'min_child_samples': 85, 'reg_alpha': 3.0366481742941654e-05, 'reg_lambda': 0.004296708263438564}. Best is trial 8 with value: 0.09748456155059408.
[I 2026-06-01 15:44:13,021] Trial 13 finished with value: 0.07380174032477267 and parameters: {'confidence_threshold': 0.779302900487016, 'training_days': 490, 'n_estimators': 497, 'max_depth': 4, 'num_leaves': 55, 'learning_rate': 0.022084766638707336, 'subsample': 0.7663395112821221, 'colsample_bytree': 0.6447899325131485, 'min_child_samples': 84, 'reg_alpha': 7.684962285283632e-06, 'reg_lambda': 5.030394345033015e-06}. Best is trial 8 with value: 0.09748456155059408.
[I 2026-06-01 15:44:13,313] Trial 14 finished with value: 0.02067056860652545 and parameters: {'confidence_threshold': 0.7723320301796328, 'training_days': 360, 'n_estimators': 426, 'max_depth': 4, 'num_leaves': 56, 'learning_rate': 0.016934731256612896, 'subsample': 0.6568169171648625, 'colsample_bytree': 0.7921009662363301, 'min_child_samples': 66, 'reg_alpha': 0.0007777091165467205, 'reg_lambda': 0.008316481083758081}. Best is trial 8 with value: 0.09748456155059408.
[I 2026-06-01 15:44:13,533] Trial 15 finished with value: 0.07913989524221607 and parameters: {'confidence_threshold': 0.7674814301865485, 'training_days': 500, 'n_estimators': 309, 'max_depth': 4, 'num_leaves': 54, 'learning_rate': 0.10175436432338197, 'subsample': 0.5095075980971637, 'colsample_bytree': 0.9093353900580593, 'min_child_samples': 88, 'reg_alpha': 4.7001261423733665e-06, 'reg_lambda': 0.0005443561150601007}. Best is trial 8 with value: 0.09748456155059408.
[I 2026-06-01 15:44:13,686] Trial 16 finished with value: 0.03669116278675825 and parameters: {'confidence_threshold': 0.7899290499816971, 'training_days': 220, 'n_estimators': 229, 'max_depth': 4, 'num_leaves': 51, 'learning_rate': 0.033795171844487555, 'subsample': 0.7543865421398536, 'colsample_bytree': 0.6082416040432931, 'min_child_samples': 71, 'reg_alpha': 0.0020449178771483473, 'reg_lambda': 5.90594587354815}. Best is trial 8 with value: 0.09748456155059408.
[I 2026-06-01 15:44:13,926] Trial 17 finished with value: 0.06399188121656588 and parameters: {'confidence_threshold': 0.5080881579696632, 'training_days': 440, 'n_estimators': 437, 'max_depth': 3, 'num_leaves': 18, 'learning_rate': 0.014399917848714062, 'subsample': 0.9752993028582533, 'colsample_bytree': 0.7191095787088697, 'min_child_samples': 89, 'reg_alpha': 2.7794319262647694e-06, 'reg_lambda': 0.05638309695090104}. Best is trial 8 with value: 0.09748456155059408.
[I 2026-06-01 15:44:14,393] A new study created in memory with name: no-name-58c0ceda-4749-4fc5-ab3e-795a45c81d26
[I 2026-06-01 15:44:14,721] Trial 0 finished with value: 0.010365874858441093 and parameters: {'confidence_threshold': 0.6310890415965769, 'training_days': 480, 'n_estimators': 380, 'max_depth': 4, 'num_leaves': 22, 'learning_rate': 0.01699897838270077, 'subsample': 0.5290418060840998, 'colsample_bytree': 0.9330880728874675, 'min_child_samples': 68, 'reg_alpha': 0.023585940584142682, 'reg_lambda': 1.5320059381854043e-08}. Best is trial 0 with value: 0.010365874858441093.
[I 2026-06-01 15:44:14,843] Trial 1 finished with value: 0.20304964084273616 and parameters: {'confidence_threshold': 0.839468448256698, 'training_days': 420, 'n_estimators': 145, 'max_depth': 3, 'num_leaves': 23, 'learning_rate': 0.028145092716060652, 'subsample': 0.762378215816119, 'colsample_bytree': 0.7159725093210578, 'min_child_samples': 43, 'reg_alpha': 0.0032112643094417484, 'reg_lambda': 1.8007140198129195e-07}. Best is trial 1 with value: 0.20304964084273616.
[I 2026-06-01 15:44:14,985] Trial 2 finished with value: 0.04660289662550949 and parameters: {'confidence_threshold': 0.6022506269873263, 'training_days': 190, 'n_estimators': 255, 'max_depth': 5, 'num_leaves': 24, 'learning_rate': 0.05748924681991978, 'subsample': 0.7962072844310213, 'colsample_bytree': 0.5232252063599989, 'min_child_samples': 69, 'reg_alpha': 3.425445902633376e-07, 'reg_lambda': 3.850031979199519e-08}. Best is trial 1 with value: 0.20304964084273616.
[I 2026-06-01 15:44:15,233] Trial 3 finished with value: 0.026210116141928873 and parameters: {'confidence_threshold': 0.8321099380386666, 'training_days': 490, 'n_estimators': 414, 'max_depth': 3, 'num_leaves': 19, 'learning_rate': 0.1024932221692416, 'subsample': 0.7200762468698007, 'colsample_bytree': 0.5610191174223894, 'min_child_samples': 60, 'reg_alpha': 2.039373116525212e-08, 'reg_lambda': 1.527156759251193}. Best is trial 1 with value: 0.20304964084273616.
[I 2026-06-01 15:44:15,371] Trial 4 finished with value: 0.014024643459581954 and parameters: {'confidence_threshold': 0.5905729935600059, 'training_days': 340, 'n_estimators': 190, 'max_depth': 4, 'num_leaves': 41, 'learning_rate': 0.01875220945578641, 'subsample': 0.9847923138822793, 'colsample_bytree': 0.8875664116805573, 'min_child_samples': 96, 'reg_alpha': 1.1309571585271483, 'reg_lambda': 0.002404915432737351}. Best is trial 1 with value: 0.20304964084273616.
