[I 2026-06-01 15:45:20,619] Trial 9 finished with value: -0.023774321585503695 and parameters: {'confidence_threshold': 0.6202096049169137, 'training_days': 260, 'n_estimators': 350, 'max_depth': 3, 'num_leaves': 21, 'learning_rate': 0.02989540198065364, 'subsample': 0.8307821683331218, 'colsample_bytree': 0.923253112635361, 'min_child_samples': 64, 'reg_alpha': 0.4898604619604203, 'reg_lambda': 2.9076377687066166e-05}. Best is trial 3 with value: 0.030617981028089086.
[I 2026-06-01 15:45:21,039] Trial 10 finished with value: -0.03064456567044856 and parameters: {'confidence_threshold': 0.6756170272727778, 'training_days': 470, 'n_estimators': 493, 'max_depth': 4, 'num_leaves': 63, 'learning_rate': 0.010221918552934462, 'subsample': 0.9383547926937981, 'colsample_bytree': 0.6202684210924141, 'min_child_samples': 44, 'reg_alpha': 2.371385268938747e-08, 'reg_lambda': 0.015315426420116851}. Best is trial 3 with value: 0.030617981028089086.
[I 2026-06-01 15:45:21,072] Trial 11 finished with value: -4.029761984823033 and parameters: {'confidence_threshold': 0.8371297552840329, 'training_days': 20, 'n_estimators': 188, 'max_depth': 4, 'num_leaves': 20, 'learning_rate': 0.29626502575289787, 'subsample': 0.8826538612718937, 'colsample_bytree': 0.6612241103206169, 'min_child_samples': 21, 'reg_alpha': 2.9911612532409865e-07, 'reg_lambda': 0.007364523359426745}. Best is trial 3 with value: 0.030617981028089086.
[I 2026-06-01 15:45:21,148] Trial 12 finished with value: -0.12803148203818 and parameters: {'confidence_threshold': 0.6885215769111167, 'training_days': 350, 'n_estimators': 51, 'max_depth': 4, 'num_leaves': 63, 'learning_rate': 0.27948856963572544, 'subsample': 0.7245561114853949, 'colsample_bytree': 0.5196457038790347, 'min_child_samples': 41, 'reg_alpha': 0.021323378495678346, 'reg_lambda': 0.001793325873299761}. Best is trial 3 with value: 0.030617981028089086.
[I 2026-06-01 15:45:21,323] Trial 13 finished with value: -0.06189108482238446 and parameters: {'confidence_threshold': 0.7149451611878328, 'training_days': 400, 'n_estimators': 175, 'max_depth': 4, 'num_leaves': 28, 'learning_rate': 0.1680619682471023, 'subsample': 0.8887479594345413, 'colsample_bytree': 0.7082407533656954, 'min_child_samples': 43, 'reg_alpha': 1.0060661308529223e-06, 'reg_lambda': 0.7800766885584782}. Best is trial 3 with value: 0.030617981028089086.
[I 2026-06-01 15:45:21,422] Trial 14 finished with value: -0.020664261153572484 and parameters: {'confidence_threshold': 0.5166805703527768, 'training_days': 70, 'n_estimators': 236, 'max_depth': 4, 'num_leaves': 15, 'learning_rate': 0.18191638546216016, 'subsample': 0.6612240067383277, 'colsample_bytree': 0.9959348592397881, 'min_child_samples': 34, 'reg_alpha': 0.016435092915656313, 'reg_lambda': 0.0003861055467732983}. Best is trial 3 with value: 0.030617981028089086.
[I 2026-06-01 15:45:21,490] Trial 15 finished with value: 0.05084348234186879 and parameters: {'confidence_threshold': 0.7900377121568327, 'training_days': 140, 'n_estimators': 119, 'max_depth': 5, 'num_leaves': 56, 'learning_rate': 0.20638777540205974, 'subsample': 0.507007918467014, 'colsample_bytree': 0.8848997840940955, 'min_child_samples': 21, 'reg_alpha': 7.209816057093941, 'reg_lambda': 0.05138157439645094}. Best is trial 15 with value: 0.05084348234186879.
[I 2026-06-01 15:45:21,584] Trial 16 finished with value: -0.007806240173384266 and parameters: {'confidence_threshold': 0.6354410032461685, 'training_days': 270, 'n_estimators': 102, 'max_depth': 5, 'num_leaves': 55, 'learning_rate': 0.11492458431204107, 'subsample': 0.5058433788977154, 'colsample_bytree': 0.7485676082428786, 'min_child_samples': 99, 'reg_alpha': 3.433399905162048, 'reg_lambda': 1.918994938201377}. Best is trial 15 with value: 0.05084348234186879.
[I 2026-06-01 15:45:21,740] Trial 17 finished with value: -0.025825112329287265 and parameters: {'confidence_threshold': 0.8278557618575797, 'training_days': 170, 'n_estimators': 220, 'max_depth': 5, 'num_leaves': 56, 'learning_rate': 0.23211315795673948, 'subsample': 0.5975400821780594, 'colsample_bytree': 0.9022904923717023, 'min_child_samples': 52, 'reg_alpha': 6.229602473892305e-07, 'reg_lambda': 0.04214208130029612}. Best is trial 15 with value: 0.05084348234186879.
[I 2026-06-01 15:45:21,929] A new study created in memory with name: no-name-e166be54-0037-4cfa-b8eb-e8f2e795685b

    [CV fold 4] train_end=2022-09-18 16:00 | val_start=2022-09-26 08:00 | gap=184h (22 rows)
    [trial 0] Sharpe=-0.0725 (folds: -0.1143, 0.0305, -0.0736, -0.0137, -0.1913)
    [trial 1] 48 features, training_days=420 | threshold=0.839 | labels: 1127 long, 1041 short (52/48%)
    [trial 1] Sharpe=-1.8217 (folds: -0.1373, 0.9740, -10.0000, -0.2306, 0.2857)
    [trial 2] 48 features, training_days=190 | threshold=0.602 | labels: 1127 long, 1041 short (52/48%)
    [trial 2] Sharpe=0.0185 (folds: -0.1170, 0.1362, 0.1368, 0.0517, -0.1151)
    [trial 3] 48 features, training_days=490 | threshold=0.832 | labels: 1127 long, 1041 short (52/48%)
    [trial 3] Sharpe=-0.0910 (folds: -0.1033, 0.0491, -0.1026, -0.1167, -0.1814)
    [trial 4] 48 features, training_days=340 | threshold=0.591 | labels: 1127 long, 1041 short (52/48%)
    [trial 4] Sharpe=-0.0857 (folds: -0.1894, 0.0195, -0.0636, 0.1068, -0.3019)
    [trial 5] 48 features, training_days=50 | threshold=0.823 | labels: 1127 long, 1041 short (52/48%)
    [trial 5] Sharpe=-0.0704 (folds: -0.2000, -0.1373, 0.1094, 0.1394, -0.2636)
    [trial 6] 48 features, training_days=410 | threshold=0.549 | labels: 1127 long, 1041 short (52/48%)
    [trial 6] Sharpe=-0.0702 (folds: -0.1585, 0.0335, -0.0051, 0.1249, -0.3461)
    [trial 7] 48 features, training_days=180 | threshold=0.526 | labels: 1127 long, 1041 short (52/48%)
    [trial 7] Sharpe=-0.0244 (folds: -0.0227, 0.0610, 0.0262, 0.0198, -0.2062)
    [trial 8] 48 features, training_days=240 | threshold=0.811 | labels: 1127 long, 1041 short (52/48%)
    [trial 8] Sharpe=0.1044 (folds: -0.0804, 0.3831, 0.1685, 0.0988, -0.0478)
    [trial 9] 48 features, training_days=20 | threshold=0.538 | labels: 1127 long, 1041 short (52/48%)
    [trial 9] Sharpe=-0.0196 (folds: -0.0768, -0.0319, 0.1277, 0.0194, -0.1364)
    [trial 10] 48 features, training_days=280 | threshold=0.734 | labels: 1127 long, 1041 short (52/48%)
    [trial 10] Sharpe=0.0108 (folds: -0.0678, 0.1385, 0.0029, 0.1425, -0.1621)
    [trial 11] 48 features, training_days=170 | threshold=0.706 | labels: 1127 long, 1041 short (52/48%)
    [trial 11] Sharpe=0.0104 (folds: -0.0845, 0.1771, 0.1232, 0.0394, -0.2035)
    [trial 12] 48 features, training_days=180 | threshold=0.768 | labels: 1127 long, 1041 short (52/48%)
    [trial 12] Sharpe=-0.0028 (folds: -0.1370, 0.1629, 0.0429, 0.0450, -0.1278)
    [trial 13] 48 features, training_days=260 | threshold=0.648 | labels: 1127 long, 1041 short (52/48%)
    [trial 13] Sharpe=-0.0082 (folds: -0.0702, 0.0368, 0.1508, 0.0704, -0.2289)
    [trial 14] 48 features, training_days=100 | threshold=0.612 | labels: 1127 long, 1041 short (52/48%)
    [trial 14] Sharpe=-0.0162 (folds: -0.0852, -0.1174, 0.0743, -0.0490, 0.0964)
    [trial 15] 48 features, training_days=120 | threshold=0.689 | labels: 1127 long, 1041 short (52/48%)
    [trial 15] Sharpe=-3.9421 (folds: -0.2090, -10.0000, 0.4086, 0.0899, -10.0000)
    [trial 16] 48 features, training_days=320 | threshold=0.769 | labels: 1127 long, 1041 short (52/48%)
    [trial 16] Sharpe=-0.1165 (folds: -0.2501, 0.0735, -0.2921, 0.1079, -0.2218)
    [trial 17] 48 features, training_days=190 | threshold=0.566 | labels: 1127 long, 1041 short (52/48%)
    [trial 17] Sharpe=0.0202 (folds: -0.0708, 0.1491, 0.0976, 0.0145, -0.0892)
  Optuna: 18 trials, best Sharpe = 0.1044
  Best params: n_estimators=103, max_depth=5, lr=0.0675, leaves=52
  Best confidence_threshold: 0.811
  Best training_days: 240
  Retrained on full data (720 samples, 48 features)
  [ensemble 2/3] seed=123
    [trial 0] 48 features, training_days=150 | threshold=0.744 | labels: 1127 long, 1041 short (52/48%)
    [CV fold 0] train_end=2021-05-25 08:00 | val_start=2021-06-02 00:00 | gap=184h (22 rows)
    [CV fold 1] train_end=2021-09-22 16:00 | val_start=2021-09-30 08:00 | gap=184h (22 rows)
    [CV fold 2] train_end=2022-01-21 00:00 | val_start=2022-01-28 16:00 | gap=184h (22 rows)
    [CV fold 3] train_end=2022-05-21 08:00 | val_start=2022-05-29 00:00 | gap=184h (22 rows)
    [CV fold 4] train_end=2022-09-18 16:00 | val_start=2022-09-26 08:00 | gap=184h (22 rows)
    [trial 0] Sharpe=0.0008 (folds: -0.1846, 0.1824, 0.1366, 0.0192, -0.1496)
    [trial 1] 48 features, training_days=220 | threshold=0.755 | labels: 1127 long, 1041 short (52/48%)
    [trial 1] Sharpe=-4.0763 (folds: -0.1641, -10.0000, 0.0689, -10.0000, -0.2861)
    [trial 2] 48 features, training_days=310 | threshold=0.754 | labels: 1127 long, 1041 short (52/48%)
    [trial 2] Sharpe=-0.0516 (folds: -0.0535, 0.2586, -0.2306, 0.0784, -0.3109)
    [trial 3] 48 features, training_days=220 | threshold=0.673 | labels: 1127 long, 1041 short (52/48%)
    [trial 3] Sharpe=0.0306 (folds: -0.0886, 0.1327, 0.1017, 0.1101, -0.1028)
    [trial 4] 48 features, training_days=130 | threshold=0.803 | labels: 1127 long, 1041 short (52/48%)
    [trial 4] Sharpe=-0.0196 (folds: -0.1389, 0.1017, 0.0876, -0.0138, -0.1345)
    [trial 5] 48 features, training_days=210 | threshold=0.606 | labels: 1127 long, 1041 short (52/48%)
    [trial 5] Sharpe=-0.0240 (folds: -0.1113, 0.0447, 0.0827, 0.0370, -0.1731)
    [trial 6] 48 features, training_days=130 | threshold=0.767 | labels: 1127 long, 1041 short (52/48%)
    [trial 6] Sharpe=0.0074 (folds: -0.0404, 0.0830, 0.1007, 0.0978, -0.2041)
    [trial 7] 48 features, training_days=80 | threshold=0.556 | labels: 1127 long, 1041 short (52/48%)
    [trial 7] Sharpe=-0.0249 (folds: -0.0070, -0.1800, 0.0796, -0.0893, 0.0720)
    [trial 8] 48 features, training_days=200 | threshold=0.607 | labels: 1127 long, 1041 short (52/48%)
    [trial 8] Sharpe=-0.0011 (folds: -0.0509, 0.0780, 0.1088, -0.0047, -0.1366)
    [trial 9] 48 features, training_days=260 | threshold=0.620 | labels: 1127 long, 1041 short (52/48%)
    [trial 9] Sharpe=-0.0238 (folds: -0.1131, 0.0314, 0.0185, 0.1128, -0.1684)
    [trial 10] 48 features, training_days=470 | threshold=0.676 | labels: 1127 long, 1041 short (52/48%)
    [trial 10] Sharpe=-0.0306 (folds: -0.0462, 0.1597, 0.0303, -0.0143, -0.2827)
    [trial 11] 48 features, training_days=20 | threshold=0.837 | labels: 1127 long, 1041 short (52/48%)
    [trial 11] Sharpe=-4.0298 (folds: -10.0000, -0.0319, -10.0000, 0.0194, -0.1364)
    [trial 12] 48 features, training_days=350 | threshold=0.689 | labels: 1127 long, 1041 short (52/48%)
    [trial 12] Sharpe=-0.1280 (folds: -0.1165, 0.0438, -0.3172, -0.0198, -0.2305)
    [trial 13] 48 features, training_days=400 | threshold=0.715 | labels: 1127 long, 1041 short (52/48%)
    [trial 13] Sharpe=-0.0619 (folds: -0.0457, 0.0858, -0.0769, 0.0172, -0.2899)
    [trial 14] 48 features, training_days=70 | threshold=0.517 | labels: 1127 long, 1041 short (52/48%)
    [trial 14] Sharpe=-0.0207 (folds: 0.0651, -0.2491, 0.1145, -0.0478, 0.0140)
    [trial 15] 48 features, training_days=140 | threshold=0.790 | labels: 1127 long, 1041 short (52/48%)
    [trial 15] Sharpe=0.0508 (folds: -0.0611, 0.0877, 0.3353, 0.1025, -0.2102)
    [trial 16] 48 features, training_days=270 | threshold=0.635 | labels: 1127 long, 1041 short (52/48%)
    [trial 16] Sharpe=-0.0078 (folds: -0.0910, 0.0836, 0.0684, 0.1294, -0.2295)
    [trial 17] 48 features, training_days=170 | threshold=0.828 | labels: 1127 long, 1041 short (52/48%)
    [trial 17] Sharpe=-0.0258 (folds: -0.0749, 0.0762, 0.0788, -0.0246, -0.1846)
  Optuna: 18 trials, best Sharpe = 0.0508
  Best params: n_estimators=119, max_depth=5, lr=0.2064, leaves=56
  Best confidence_threshold: 0.790
  Best training_days: 140
  Retrained on full data (420 samples, 48 features)
  [ensemble 3/3] seed=456
    [trial 0] 48 features, training_days=90 | threshold=0.587 | labels: 1127 long, 1041 short (52/48%)
    [CV fold 0] train_end=2021-05-25 08:00 | val_start=2021-06-02 00:00 | gap=184h (22 rows)
    [CV fold 1] train_end=2021-09-22 16:00 | val_start=2021-09-30 08:00 | gap=184h (22 rows)
    [CV fold 2] train_end=2022-01-21 00:00 | val_start=2022-01-28 16:00 | gap=184h (22 rows)
    [CV fold 3] train_end=2022-05-21 08:00 | val_start=2022-05-29 00:00 | gap=184h (22 rows)
    [CV fold 4] train_end=2022-09-18 16:00 | val_start=2022-09-26 08:00 | gap=184h (22 rows)
    [trial 0] Sharpe=-0.0258 (folds: 0.0011, -0.1234, 0.1535, -0.1715, 0.0114)[I 2026-06-01 15:45:22,110] Trial 0 finished with value: -0.02577862237835783 and parameters: {'confidence_threshold': 0.5870645682749857, 'training_days': 90, 'n_estimators': 403, 'max_depth': 5, 'num_leaves': 45, 'learning_rate': 0.0780457193679974, 'subsample': 0.9428509515574568, 'colsample_bytree': 0.8795587339164916, 'min_child_samples': 34, 'reg_alpha': 2.2465901234314442e-07, 'reg_lambda': 8.339007036475363e-05}. Best is trial 0 with value: -0.02577862237835783.
[I 2026-06-01 15:45:22,215] Trial 1 finished with value: -0.01824745543273426 and parameters: {'confidence_threshold': 0.6348453934275313, 'training_days': 290, 'n_estimators': 115, 'max_depth': 5, 'num_leaves': 37, 'learning_rate': 0.06949568759029946, 'subsample': 0.8228505074024268, 'colsample_bytree': 0.8616703220431751, 'min_child_samples': 75, 'reg_alpha': 4.2486822725010923e-07, 'reg_lambda': 1.157247767047042e-07}. Best is trial 1 with value: -0.01824745543273426.
[I 2026-06-01 15:45:22,234] Trial 2 finished with value: 0.003728212963842148 and parameters: {'confidence_threshold': 0.5849570384370288, 'training_days': 10, 'n_estimators': 212, 'max_depth': 3, 'num_leaves': 41, 'learning_rate': 0.18452095998378365, 'subsample': 0.6001060822924371, 'colsample_bytree': 0.5673167293506167, 'min_child_samples': 37, 'reg_alpha': 5.733250064217131, 'reg_lambda': 0.5308454292595461}. Best is trial 2 with value: 0.003728212963842148.
[I 2026-06-01 15:45:22,305] Trial 3 finished with value: -0.028163553370757467 and parameters: {'confidence_threshold': 0.6868248626683718, 'training_days': 220, 'n_estimators': 134, 'max_depth': 3, 'num_leaves': 45, 'learning_rate': 0.033529007907491595, 'subsample': 0.8647277071858408, 'colsample_bytree': 0.778494116634046, 'min_child_samples': 96, 'reg_alpha': 2.409409937265785e-07, 'reg_lambda': 1.1642073478060009}. Best is trial 2 with value: 0.003728212963842148.
[I 2026-06-01 15:45:22,393] Trial 4 finished with value: -0.0022478007505665034 and parameters: {'confidence_threshold': 0.5623121348350352, 'training_days': 300, 'n_estimators': 69, 'max_depth': 4, 'num_leaves': 32, 'learning_rate': 0.14967629360700346, 'subsample': 0.5054535233636654, 'colsample_bytree': 0.7401385194659216, 'min_child_samples': 27, 'reg_alpha': 1.4212042567426725e-07, 'reg_lambda': 0.23605753701352003}. Best is trial 2 with value: 0.003728212963842148.
[I 2026-06-01 15:45:22,802] Trial 5 finished with value: -0.08641727210771183 and parameters: {'confidence_threshold': 0.7111850244908446, 'training_days': 490, 'n_estimators': 362, 'max_depth': 5, 'num_leaves': 40, 'learning_rate': 0.05960785724162737, 'subsample': 0.5589714368907717, 'colsample_bytree': 0.6659006943232806, 'min_child_samples': 42, 'reg_alpha': 0.6741360303045295, 'reg_lambda': 6.054601607143087e-08}. Best is trial 2 with value: 0.003728212963842148.
[I 2026-06-01 15:45:22,992] Trial 6 finished with value: -0.06444196942587192 and parameters: {'confidence_threshold': 0.667482545748023, 'training_days': 420, 'n_estimators': 279, 'max_depth': 3, 'num_leaves': 45, 'learning_rate': 0.040099592560849204, 'subsample': 0.8563114696415159, 'colsample_bytree': 0.5442917781944105, 'min_child_samples': 50, 'reg_alpha': 1.6407916423707903e-08, 'reg_lambda': 2.935907642973286e-05}. Best is trial 2 with value: 0.003728212963842148.
[I 2026-06-01 15:45:23,134] Trial 7 finished with value: -0.050888494772301375 and parameters: {'confidence_threshold': 0.5497381024139926, 'training_days': 120, 'n_estimators': 408, 'max_depth': 5, 'num_leaves': 38, 'learning_rate': 0.28049122657745795, 'subsample': 0.8806573338635493, 'colsample_bytree': 0.5454054113547102, 'min_child_samples': 63, 'reg_alpha': 0.01263008637940408, 'reg_lambda': 0.04588020805366937}. Best is trial 2 with value: 0.003728212963842148.
[I 2026-06-01 15:45:23,403] Trial 8 finished with value: -0.11352084256952073 and parameters: {'confidence_threshold': 0.719644804808716, 'training_days': 450, 'n_estimators': 410, 'max_depth': 4, 'num_leaves': 57, 'learning_rate': 0.04022026551478857, 'subsample': 0.5336085426932707, 'colsample_bytree': 0.5705742850577543, 'min_child_samples': 100, 'reg_alpha': 5.916398047912201e-07, 'reg_lambda': 0.9794034214488329}. Best is trial 2 with value: 0.003728212963842148.
[I 2026-06-01 15:45:23,430] Trial 9 finished with value: -0.019584226254363925 and parameters: {'confidence_threshold': 0.7267463643917187, 'training_days': 20, 'n_estimators': 337, 'max_depth': 5, 'num_leaves': 23, 'learning_rate': 0.022153031811454605, 'subsample': 0.6305627572358737, 'colsample_bytree': 0.6613413774216214, 'min_child_samples': 81, 'reg_alpha': 5.7638634029410314e-08, 'reg_lambda': 8.26603016764008}. Best is trial 2 with value: 0.003728212963842148.
[I 2026-06-01 15:45:23,460] Trial 10 finished with value: 0.003728212963842148 and parameters: {'confidence_threshold': 0.8398533911817929, 'training_days': 10, 'n_estimators': 228, 'max_depth': 3, 'num_leaves': 15, 'learning_rate': 0.2789359567293539, 'subsample': 0.6821883053833926, 'colsample_bytree': 0.9944479338273263, 'min_child_samples': 23, 'reg_alpha': 2.903134294418681, 'reg_lambda': 0.0032849428938367974}. Best is trial 2 with value: 0.003728212963842148.
[I 2026-06-01 15:45:23,493] Trial 11 finished with value: 0.003728212963842148 and parameters: {'confidence_threshold': 0.8491135887906174, 'training_days': 10, 'n_estimators': 209, 'max_depth': 3, 'num_leaves': 15, 'learning_rate': 0.27815973382833, 'subsample': 0.6879062534938418, 'colsample_bytree': 0.9628722124262472, 'min_child_samples': 20, 'reg_alpha': 9.461112950663296, 'reg_lambda': 0.004788595467491423}. Best is trial 2 with value: 0.003728212963842148.
[I 2026-06-01 15:45:23,655] Trial 12 finished with value: -0.023003697735435185 and parameters: {'confidence_threshold': 0.83900033179092, 'training_days': 140, 'n_estimators': 219, 'max_depth': 4, 'num_leaves': 57, 'learning_rate': 0.14143539714508013, 'subsample': 0.7066421539868052, 'colsample_bytree': 0.9826583982594713, 'min_child_samples': 38, 'reg_alpha': 0.02694721219722944, 'reg_lambda': 0.002586791714474608}. Best is trial 2 with value: 0.003728212963842148.
[I 2026-06-01 15:45:23,784] Trial 13 finished with value: -0.026406483692537695 and parameters: {'confidence_threshold': 0.5040535938350955, 'training_days': 200, 'n_estimators': 219, 'max_depth': 3, 'num_leaves': 27, 'learning_rate': 0.15892994284987041, 'subsample': 0.6231621855799615, 'colsample_bytree': 0.6451068859491428, 'min_child_samples': 54, 'reg_alpha': 0.0001325242033987599, 'reg_lambda': 5.312802003286294e-06}. Best is trial 2 with value: 0.003728212963842148.
[I 2026-06-01 15:45:23,874] Trial 14 finished with value: -0.03232013824960696 and parameters: {'confidence_threshold': 0.7723320301796328, 'training_days': 70, 'n_estimators': 500, 'max_depth': 3, 'num_leaves': 17, 'learning_rate': 0.10885680991659169, 'subsample': 0.7851487748866213, 'colsample_bytree': 0.7921009662363301, 'min_child_samples': 22, 'reg_alpha': 8.082904417668777, 'reg_lambda': 0.00974234545252979}. Best is trial 2 with value: 0.003728212963842148.
[I 2026-06-01 15:45:23,978] Trial 15 finished with value: -1.9625976606919857 and parameters: {'confidence_threshold': 0.7829525506318393, 'training_days': 160, 'n_estimators': 168, 'max_depth': 3, 'num_leaves': 51, 'learning_rate': 0.010017412216024365, 'subsample': 0.6120390612600266, 'colsample_bytree': 0.502925720040233, 'min_child_samples': 34, 'reg_alpha': 0.13059613104316006, 'reg_lambda': 0.0006156141946978409}. Best is trial 2 with value: 0.003728212963842148.
[I 2026-06-01 15:45:24,231] Trial 16 finished with value: -0.0596237544721173 and parameters: {'confidence_threshold': 0.6219694252722007, 'training_days': 360, 'n_estimators': 277, 'max_depth': 4, 'num_leaves': 30, 'learning_rate': 0.22801137105963568, 'subsample': 0.6982537545716929, 'colsample_bytree': 0.9182910580304163, 'min_child_samples': 48, 'reg_alpha': 0.0002638845618184788, 'reg_lambda': 0.09115701068245131}. Best is trial 2 with value: 0.003728212963842148.
