[I 2026-06-01 15:51:03,166] Trial 17 finished with value: 0.005207880449202143 and parameters: {'confidence_threshold': 0.5080881579696632, 'training_days': 490, 'n_estimators': 135, 'max_depth': 5, 'num_leaves': 18, 'learning_rate': 0.10794041562204293, 'subsample': 0.5659714641899976, 'colsample_bytree': 0.7636821675707418, 'min_child_samples': 41, 'reg_alpha': 0.07162690915822587, 'reg_lambda': 2.3777565416309258e-06}. Best is trial 5 with value: 0.03167033119091668.

    [trial 13] Sharpe=0.0325 (folds: 0.1628, 0.1418, -0.0144, -0.1622, 0.0345)
    [trial 14] 48 features, training_days=400 | threshold=0.554 | labels: 1186 long, 985 short (55/45%)
    [trial 14] Sharpe=0.0312 (folds: 0.1635, 0.1140, -0.0523, -0.1323, 0.0631)
    [trial 15] 48 features, training_days=390 | threshold=0.503 | labels: 1186 long, 985 short (55/45%)
    [trial 15] Sharpe=0.0299 (folds: 0.1747, 0.0852, 0.0292, -0.1425, 0.0030)
    [trial 16] 48 features, training_days=430 | threshold=0.671 | labels: 1186 long, 985 short (55/45%)
    [trial 16] Sharpe=-0.0057 (folds: 0.1323, 0.1696, -0.0492, -0.1273, -0.1540)
    [trial 17] 48 features, training_days=330 | threshold=0.566 | labels: 1186 long, 985 short (55/45%)
    [trial 17] Sharpe=-0.0287 (folds: 0.1529, 0.1301, -0.0568, -0.2661, -0.1034)
  Optuna: 18 trials, best Sharpe = 0.0396
  Best params: n_estimators=493, max_depth=3, lr=0.0105, leaves=18
  Best confidence_threshold: 0.505
  Best training_days: 500
  Retrained on full data (1500 samples, 48 features)
  [ensemble 3/3] seed=456
    [trial 0] 48 features, training_days=90 | threshold=0.587 | labels: 1186 long, 985 short (55/45%)
    [CV fold 0] train_end=2023-12-24 08:00 | val_start=2024-01-01 00:00 | gap=184h (22 rows)
    [CV fold 1] train_end=2024-04-22 16:00 | val_start=2024-04-30 08:00 | gap=184h (22 rows)
    [CV fold 2] train_end=2024-08-21 00:00 | val_start=2024-08-28 16:00 | gap=184h (22 rows)
    [CV fold 3] train_end=2024-12-19 08:00 | val_start=2024-12-27 00:00 | gap=184h (22 rows)
    [CV fold 4] train_end=2025-04-18 16:00 | val_start=2025-04-26 08:00 | gap=184h (22 rows)
    [trial 0] Sharpe=-0.1252 (folds: 0.0790, -0.0781, -0.0614, -0.2749, -0.2905)
    [trial 1] 48 features, training_days=290 | threshold=0.635 | labels: 1186 long, 985 short (55/45%)
    [trial 1] Sharpe=0.0048 (folds: 0.1360, 0.0737, 0.0672, -0.2711, 0.0181)
    [trial 2] 48 features, training_days=10 | threshold=0.585 | labels: 1186 long, 985 short (55/45%)
    [trial 2] Sharpe=-0.0630 (folds: -0.0476, -0.1317, 0.1405, 0.0806, -0.3567)
    [trial 3] 48 features, training_days=220 | threshold=0.687 | labels: 1186 long, 985 short (55/45%)
    [trial 3] Sharpe=-0.0587 (folds: 0.1441, 0.0727, -0.0391, -0.3901, -0.0810)
    [trial 4] 48 features, training_days=300 | threshold=0.562 | labels: 1186 long, 985 short (55/45%)
    [trial 4] Sharpe=-0.0206 (folds: 0.0996, 0.1282, 0.0639, -0.2657, -0.1292)
    [trial 5] 48 features, training_days=490 | threshold=0.711 | labels: 1186 long, 985 short (55/45%)
    [trial 5] Sharpe=0.0317 (folds: 0.0816, 0.0733, 0.1062, -0.1382, 0.0355)
    [trial 6] 48 features, training_days=420 | threshold=0.667 | labels: 1186 long, 985 short (55/45%)
    [trial 6] Sharpe=0.0039 (folds: 0.1086, 0.1119, -0.1351, -0.0640, -0.0018)
    [trial 7] 48 features, training_days=120 | threshold=0.550 | labels: 1186 long, 985 short (55/45%)
    [trial 7] Sharpe=-0.0640 (folds: 0.0856, 0.0219, 0.1075, -0.2833, -0.2517)
    [trial 8] 48 features, training_days=450 | threshold=0.720 | labels: 1186 long, 985 short (55/45%)
    [trial 8] Sharpe=-0.0159 (folds: 0.1812, 0.0925, 0.0086, -0.1923, -0.1696)
    [trial 9] 48 features, training_days=20 | threshold=0.727 | labels: 1186 long, 985 short (55/45%)
    [trial 9] Sharpe=-3.8916 (folds: 0.2406, -10.0000, -10.0000, 0.0806, 0.2206)
    [trial 10] 48 features, training_days=490 | threshold=0.828 | labels: 1186 long, 985 short (55/45%)
    [trial 10] Sharpe=-0.0943 (folds: 0.0147, 0.1159, -0.1919, -0.0398, -0.3706)
    [trial 11] 48 features, training_days=310 | threshold=0.792 | labels: 1186 long, 985 short (55/45%)
    [trial 11] Sharpe=0.0107 (folds: 0.1007, 0.0720, 0.0529, -0.1759, 0.0036)
    [trial 12] 48 features, training_days=380 | threshold=0.805 | labels: 1186 long, 985 short (55/45%)
    [trial 12] Sharpe=0.0083 (folds: 0.1565, 0.0765, 0.0414, -0.1185, -0.1143)
    [trial 13] 48 features, training_days=380 | threshold=0.773 | labels: 1186 long, 985 short (55/45%)
    [trial 13] Sharpe=-0.0168 (folds: 0.0743, 0.0862, 0.0725, -0.1570, -0.1602)
    [trial 14] 48 features, training_days=210 | threshold=0.768 | labels: 1186 long, 985 short (55/45%)
    [trial 14] Sharpe=0.0026 (folds: 0.2524, 0.0788, 0.0770, -0.3753, -0.0200)
    [trial 15] 48 features, training_days=350 | threshold=0.849 | labels: 1186 long, 985 short (55/45%)
    [trial 15] Sharpe=-0.0408 (folds: 0.1186, 0.0606, -0.0123, -0.1959, -0.1751)
    [trial 16] 48 features, training_days=490 | threshold=0.756 | labels: 1186 long, 985 short (55/45%)
    [trial 16] Sharpe=0.0178 (folds: 0.1090, 0.1052, -0.0172, -0.1086, 0.0003)
    [trial 17] 48 features, training_days=490 | threshold=0.508 | labels: 1186 long, 985 short (55/45%)
    [trial 17] Sharpe=0.0052 (folds: 0.1520, 0.0505, -0.0123, -0.1627, -0.0014)
  Optuna: 18 trials, best Sharpe = 0.0317
  Best params: n_estimators=362, max_depth=5, lr=0.0596, leaves=40
  Best confidence_threshold: 0.711
  Best training_days: 490
  Retrained on full data (1470 samples, 48 features)
  OOD: 16 features, cutoff (q=0.7) = 14.55
  Model trained for 2025-09: 90 test candles with features, confidence_threshold=0.616
[predict] 2025-09-01 00:00 ETHUSDT → SHORT (proba=0.85 TP=9.7%/SL=4.8%)
[trade:open] 2025-09-01 07:59 ETHUSDT SHORT @ 4461.11 | SL=4677.00 TP=4029.33 | timeout=2025-09-08 07:59
[trade:close] 2025-09-08 08:00 ETHUSDT SHORT → timeout @ 4289.82 | PnL=+3.84% (net +3.74%) | cum=-6.49% 2025-09=+3.74% 2025-09-08=+3.74%
[predict] 2025-09-09 16:00 ETHUSDT → SHORT (proba=0.81 TP=7.1%/SL=3.6%)
[trade:open] 2025-09-09 23:59 ETHUSDT SHORT @ 4308.40 | SL=4461.77 TP=4001.66 | timeout=2025-09-16 23:59
[trade:close] 2025-09-11 15:59 ETHUSDT SHORT → stop_loss @ 4461.77 | PnL=-3.56% (net -3.66%) | cum=-10.15% 2025-09=+0.08% 2025-09-11=-3.66%
[predict] 2025-09-13 00:00 ETHUSDT → SHORT (proba=0.64 TP=7.7%/SL=3.8%)
[trade:open] 2025-09-13 07:59 ETHUSDT SHORT @ 4709.69 | SL=4890.90 TP=4347.27 | timeout=2025-09-20 07:59
[trade:close] 2025-09-20 08:00 ETHUSDT SHORT → timeout @ 4480.72 | PnL=+4.86% (net +4.76%) | cum=-5.39% 2025-09=+4.84% 2025-09-20=+4.76%
[predict] 2025-09-21 00:00 ETHUSDT → SHORT (proba=0.91 TP=5.9%/SL=2.9%)
[trade:open] 2025-09-21 07:59 ETHUSDT SHORT @ 4475.85 | SL=4607.86 TP=4211.82 | timeout=2025-09-28 07:59
[trade:close] 2025-09-22 07:59 ETHUSDT SHORT → take_profit @ 4211.82 | PnL=+5.90% (net +5.80%) | cum=+0.41% 2025-09=+10.64% 2025-09-22=+5.80%
[predict] 2025-09-26 16:00 ETHUSDT → LONG (proba=0.87 TP=9.9%/SL=5.0%)
[trade:open] 2025-09-26 23:59 ETHUSDT LONG @ 4030.17 | SL=3830.65 TP=4429.21 | timeout=2025-10-03 23:59
[lgbm] === Training for 2025-10 ===
  Train window: 2023-10-01 → 2025-09-23
  2171 training samples from 1 symbols
  Samples per month: 2023-10: 93, 2023-11: 90, 2023-12: 93, 2024-01: 93, 2024-02: 87, 2024-03: 93, 2024-04: 90, 2024-05: 93, 2024-06: 90, 2024-07: 93, 2024-08: 93, 2024-09: 90, 2024-10: 93, 2024-11: 90, 2024-12: 93, 2025-01: 93, 2025-02: 84, 2025-03: 93, 2025-04: 90, 2025-05: 93, 2025-06: 90, 2025-07: 93, 2025-08: 93, 2025-09: 68
  [label] 2023-12-01 16:00 ETHUSDT entry=2086.9900 → LONG | long=tp(+6.51%) short=sl(-3.40%) | scanned=7 | long_tp_only
  [label] 2023-12-04 00:00 ETHUSDT entry=2247.5700 → LONG | long=tp(+6.84%) short=sl(-3.57%) | scanned=16 | long_tp_only
  [label] 2023-12-07 16:00 ETHUSDT entry=2357.0400 → SHORT | long=sl(-4.51%) short=tp(+8.72%) | scanned=10 | short_tp_only
  [label] 2024-01-01 08:00 ETHUSDT entry=2316.9700 → SHORT | long=sl(-3.90%) short=sl(-3.90%) | scanned=6 | no_tp→fwd_return=-3.2780
  [label] 2024-02-23 00:00 ETHUSDT entry=2935.0000 → LONG | long=tp(+9.96%) short=sl(-5.13%) | scanned=12 | long_tp_only
  [label] 2024-08-07 00:00 ETHUSDT entry=2509.7800 → LONG | long=timeout(+8.53%) short=timeout(-8.73%) | scanned=22 | no_tp→fwd_return=+8.6334
  [label] 2024-08-11 00:00 ETHUSDT entry=2676.1600 → SHORT | long=timeout(-2.69%) short=timeout(+2.49%) | scanned=22 | no_tp→fwd_return=-2.5936
  [label] 2024-08-21 16:00 ETHUSDT entry=2629.3800 → SHORT | long=sl(-4.94%) short=sl(-4.94%) | scanned=18 | no_tp→fwd_return=-6.5947
  [label] 2024-10-05 16:00 ETHUSDT entry=2413.4200 → LONG | long=timeout(+2.46%) short=sl(-4.04%) | scanned=22 | no_tp→fwd_return=+2.5553[I 2026-06-01 15:51:04,038] A new study created in memory with name: no-name-8ea1dcdd-4ff9-4960-9e56-935dbb07251e
[I 2026-06-01 15:51:04,402] Trial 0 finished with value: 0.03794042670147141 and parameters: {'confidence_threshold': 0.6310890415965769, 'training_days': 480, 'n_estimators': 380, 'max_depth': 4, 'num_leaves': 22, 'learning_rate': 0.01699897838270077, 'subsample': 0.5290418060840998, 'colsample_bytree': 0.9330880728874675, 'min_child_samples': 68, 'reg_alpha': 0.023585940584142682, 'reg_lambda': 1.5320059381854043e-08}. Best is trial 0 with value: 0.03794042670147141.
[I 2026-06-01 15:51:04,520] Trial 1 finished with value: -2.0019635620566616 and parameters: {'confidence_threshold': 0.839468448256698, 'training_days': 420, 'n_estimators': 145, 'max_depth': 3, 'num_leaves': 23, 'learning_rate': 0.028145092716060652, 'subsample': 0.762378215816119, 'colsample_bytree': 0.7159725093210578, 'min_child_samples': 43, 'reg_alpha': 0.0032112643094417484, 'reg_lambda': 1.8007140198129195e-07}. Best is trial 0 with value: 0.03794042670147141.
[I 2026-06-01 15:51:04,654] Trial 2 finished with value: 0.005995972838216165 and parameters: {'confidence_threshold': 0.6022506269873263, 'training_days': 190, 'n_estimators': 255, 'max_depth': 5, 'num_leaves': 24, 'learning_rate': 0.05748924681991978, 'subsample': 0.7962072844310213, 'colsample_bytree': 0.5232252063599989, 'min_child_samples': 69, 'reg_alpha': 3.425445902633376e-07, 'reg_lambda': 3.850031979199519e-08}. Best is trial 0 with value: 0.03794042670147141.
[I 2026-06-01 15:51:04,920] Trial 3 finished with value: -0.003493169438345349 and parameters: {'confidence_threshold': 0.8321099380386666, 'training_days': 490, 'n_estimators': 414, 'max_depth': 3, 'num_leaves': 19, 'learning_rate': 0.1024932221692416, 'subsample': 0.7200762468698007, 'colsample_bytree': 0.5610191174223894, 'min_child_samples': 60, 'reg_alpha': 2.039373116525212e-08, 'reg_lambda': 1.527156759251193}. Best is trial 0 with value: 0.03794042670147141.
[I 2026-06-01 15:51:05,087] Trial 4 finished with value: -0.0015825775063484982 and parameters: {'confidence_threshold': 0.5905729935600059, 'training_days': 340, 'n_estimators': 190, 'max_depth': 4, 'num_leaves': 41, 'learning_rate': 0.01875220945578641, 'subsample': 0.9847923138822793, 'colsample_bytree': 0.8875664116805573, 'min_child_samples': 96, 'reg_alpha': 1.1309571585271483, 'reg_lambda': 0.002404915432737351}. Best is trial 0 with value: 0.03794042670147141.
[I 2026-06-01 15:51:05,126] Trial 5 finished with value: -0.044707365482009216 and parameters: {'confidence_threshold': 0.8226559822580909, 'training_days': 50, 'n_estimators': 138, 'max_depth': 3, 'num_leaves': 30, 'learning_rate': 0.03750796359625606, 'subsample': 0.6356745158869479, 'colsample_bytree': 0.9143687545759647, 'min_child_samples': 48, 'reg_alpha': 3.376063348877853e-06, 'reg_lambda': 0.0007660634613082914}. Best is trial 0 with value: 0.03794042670147141.
[I 2026-06-01 15:51:05,240] Trial 6 finished with value: -0.006392492066152461 and parameters: {'confidence_threshold': 0.5493234787411669, 'training_days': 410, 'n_estimators': 83, 'max_depth': 5, 'num_leaves': 52, 'learning_rate': 0.019657448966046126, 'subsample': 0.5027610585618012, 'colsample_bytree': 0.9077307142274171, 'min_child_samples': 77, 'reg_alpha': 0.03639690979811287, 'reg_lambda': 0.08738424135626986}. Best is trial 0 with value: 0.03794042670147141.
[I 2026-06-01 15:51:05,335] Trial 7 finished with value: 0.0010980366722349699 and parameters: {'confidence_threshold': 0.5259156281069316, 'training_days': 180, 'n_estimators': 102, 'max_depth': 5, 'num_leaves': 45, 'learning_rate': 0.030816017044468066, 'subsample': 0.5317791751430119, 'colsample_bytree': 0.6554911608578311, 'min_child_samples': 46, 'reg_alpha': 0.036851536911881845, 'reg_lambda': 0.005470376807480391}. Best is trial 0 with value: 0.03794042670147141.
[I 2026-06-01 15:51:05,439] Trial 8 finished with value: 0.011377683087004552 and parameters: {'confidence_threshold': 0.8105244599017143, 'training_days': 240, 'n_estimators': 103, 'max_depth': 5, 'num_leaves': 52, 'learning_rate': 0.06746437142284309, 'subsample': 0.8854835899772805, 'colsample_bytree': 0.7468977981821954, 'min_child_samples': 62, 'reg_alpha': 7.04480806377519e-05, 'reg_lambda': 1.6934490731313353e-08}. Best is trial 0 with value: 0.03794042670147141.
[I 2026-06-01 15:51:05,466] Trial 9 finished with value: 0.04728461204935565 and parameters: {'confidence_threshold': 0.5377619994476566, 'training_days': 20, 'n_estimators': 337, 'max_depth': 3, 'num_leaves': 39, 'learning_rate': 0.21907142272152816, 'subsample': 0.6246461145744375, 'colsample_bytree': 0.7051914615178149, 'min_child_samples': 81, 'reg_alpha': 1.1459970229341322e-06, 'reg_lambda': 4.929685216887945e-08}. Best is trial 9 with value: 0.04728461204935565.
[I 2026-06-01 15:51:05,506] Trial 10 finished with value: -1.9885113622647501 and parameters: {'confidence_threshold': 0.7449289185605341, 'training_days': 10, 'n_estimators': 487, 'max_depth': 3, 'num_leaves': 61, 'learning_rate': 0.21914469472126635, 'subsample': 0.628963476300746, 'colsample_bytree': 0.8189858776055304, 'min_child_samples': 27, 'reg_alpha': 2.8948477959263623e-05, 'reg_lambda': 3.3639426888455256e-06}. Best is trial 9 with value: 0.04728461204935565.
[I 2026-06-01 15:51:05,605] Trial 11 finished with value: -0.017313013273227824 and parameters: {'confidence_threshold': 0.6624337232857749, 'training_days': 110, 'n_estimators': 346, 'max_depth': 4, 'num_leaves': 33, 'learning_rate': 0.010397937137834207, 'subsample': 0.6089267919181687, 'colsample_bytree': 0.6488333531327133, 'min_child_samples': 84, 'reg_alpha': 3.662834835098572, 'reg_lambda': 7.868729181011707e-06}. Best is trial 9 with value: 0.04728461204935565.
[I 2026-06-01 15:51:05,848] Trial 12 finished with value: 0.016865537760609596 and parameters: {'confidence_threshold': 0.6640468266107448, 'training_days': 320, 'n_estimators': 333, 'max_depth': 4, 'num_leaves': 15, 'learning_rate': 0.2959628420607887, 'subsample': 0.5794534963141174, 'colsample_bytree': 0.9958605161679226, 'min_child_samples': 100, 'reg_alpha': 0.0007390056680458819, 'reg_lambda': 2.9547164746905564e-06}. Best is trial 9 with value: 0.04728461204935565.
[I 2026-06-01 15:51:06,163] Trial 13 finished with value: -0.00995504844673029 and parameters: {'confidence_threshold': 0.606813798166109, 'training_days': 490, 'n_estimators': 389, 'max_depth': 4, 'num_leaves': 33, 'learning_rate': 0.1463043880061142, 'subsample': 0.6866291716128416, 'colsample_bytree': 0.8155421717694826, 'min_child_samples': 81, 'reg_alpha': 4.477777874073389e-08, 'reg_lambda': 4.7279087693151007e-07}. Best is trial 9 with value: 0.04728461204935565.
[I 2026-06-01 15:51:06,366] Trial 14 finished with value: 0.057589308834939845 and parameters: {'confidence_threshold': 0.7324934624321605, 'training_days': 290, 'n_estimators': 288, 'max_depth': 3, 'num_leaves': 27, 'learning_rate': 0.09029126552542201, 'subsample': 0.5565382806033984, 'colsample_bytree': 0.9897127958863723, 'min_child_samples': 88, 'reg_alpha': 2.6081099171939565e-06, 'reg_lambda': 8.511122335249841e-05}. Best is trial 14 with value: 0.057589308834939845.
[I 2026-06-01 15:51:06,526] Trial 15 finished with value: 0.05819455242225154 and parameters: {'confidence_threshold': 0.7334152171443755, 'training_days': 290, 'n_estimators': 264, 'max_depth': 3, 'num_leaves': 38, 'learning_rate': 0.11614976593856452, 'subsample': 0.6707750474677462, 'colsample_bytree': 0.6464121952117765, 'min_child_samples': 89, 'reg_alpha': 2.492303987055042e-06, 'reg_lambda': 6.931331029672749e-05}. Best is trial 15 with value: 0.05819455242225154.
[I 2026-06-01 15:51:06,682] Trial 16 finished with value: 0.03303110670846874 and parameters: {'confidence_threshold': 0.7344062903903512, 'training_days': 290, 'n_estimators': 246, 'max_depth': 3, 'num_leaves': 31, 'learning_rate': 0.09806146822400062, 'subsample': 0.8122420272264456, 'colsample_bytree': 0.589563241103324, 'min_child_samples': 91, 'reg_alpha': 1.6230643075200477e-05, 'reg_lambda': 0.00013870530744390522}. Best is trial 15 with value: 0.05819455242225154.
[I 2026-06-01 15:51:06,845] Trial 17 finished with value: -0.0035382751133249957 and parameters: {'confidence_threshold': 0.7296153420475378, 'training_days': 370, 'n_estimators': 211, 'max_depth': 3, 'num_leaves': 47, 'learning_rate': 0.0919670977874144, 'subsample': 0.7004831188261247, 'colsample_bytree': 0.7952908891858086, 'min_child_samples': 90, 'reg_alpha': 1.55205277962374e-07, 'reg_lambda': 0.00017045036295277439}. Best is trial 15 with value: 0.05819455242225154.
[I 2026-06-01 15:51:07,364] A new study created in memory with name: no-name-fb113ba9-522b-440f-83c8-4c72ef1c5084
[I 2026-06-01 15:51:07,462] Trial 0 finished with value: -0.011345080772698291 and parameters: {'confidence_threshold': 0.7437642149592516, 'training_days': 150, 'n_estimators': 152, 'max_depth': 4, 'num_leaves': 50, 'learning_rate': 0.04216766425047743, 'subsample': 0.9903820991923078, 'colsample_bytree': 0.8424148692924316, 'min_child_samples': 58, 'reg_alpha': 3.381097259762742e-05, 'reg_lambda': 1.2263152961306247e-05}. Best is trial 0 with value: -0.011345080772698291.
[I 2026-06-01 15:51:07,524] Trial 1 finished with value: -0.3441092056158396 and parameters: {'confidence_threshold': 0.7551673975844145, 'training_days': 220, 'n_estimators': 76, 'max_depth': 4, 'num_leaves': 51, 'learning_rate': 0.018602118810743477, 'subsample': 0.5877258780737462, 'colsample_bytree': 0.7657756869209191, 'min_child_samples': 63, 'reg_alpha': 0.005123994170264194, 'reg_lambda': 0.44145470178120466}. Best is trial 0 with value: -0.011345080772698291.
[I 2026-06-01 15:51:07,772] Trial 2 finished with value: -0.06814498774602286 and parameters: {'confidence_threshold': 0.7535593637012223, 'training_days': 310, 'n_estimators': 375, 'max_depth': 3, 'num_leaves': 32, 'learning_rate': 0.021735641882032388, 'subsample': 0.6468570231944146, 'colsample_bytree': 0.8154880619272439, 'min_child_samples': 27, 'reg_alpha': 8.004064028491336e-05, 'reg_lambda': 7.546835261630524e-05}. Best is trial 0 with value: -0.011345080772698291.
[I 2026-06-01 15:51:07,924] Trial 3 finished with value: -0.009609990725428636 and parameters: {'confidence_threshold': 0.6727897841776072, 'training_days': 220, 'n_estimators': 190, 'max_depth': 4, 'num_leaves': 58, 'learning_rate': 0.24810689332636193, 'subsample': 0.7509183379421682, 'colsample_bytree': 0.8119764758960556, 'min_child_samples': 29, 'reg_alpha': 7.1708285081421445e-06, 'reg_lambda': 5.412973582738627e-05}. Best is trial 3 with value: -0.009609990725428636.
[I 2026-06-01 15:51:08,037] Trial 4 finished with value: -0.02762956770245605 and parameters: {'confidence_threshold': 0.803208205259178, 'training_days': 130, 'n_estimators': 267, 'max_depth': 5, 'num_leaves': 40, 'learning_rate': 0.08041175317374143, 'subsample': 0.5603143329951619, 'colsample_bytree': 0.9131704002534167, 'min_child_samples': 68, 'reg_alpha': 0.0008046593428183385, 'reg_lambda': 1.2158346158765583e-05}. Best is trial 3 with value: -0.009609990725428636.
[I 2026-06-01 15:51:08,264] Trial 5 finished with value: 0.01964677846406709 and parameters: {'confidence_threshold': 0.6064422761595144, 'training_days': 210, 'n_estimators': 357, 'max_depth': 5, 'num_leaves': 40, 'learning_rate': 0.0974221287220869, 'subsample': 0.7929682762811064, 'colsample_bytree': 0.8124517510478, 'min_child_samples': 74, 'reg_alpha': 0.3811377260781234, 'reg_lambda': 5.607314238392041e-08}. Best is trial 5 with value: 0.01964677846406709.
[I 2026-06-01 15:51:08,381] Trial 6 finished with value: -0.03372841961470179 and parameters: {'confidence_threshold': 0.7672889945051684, 'training_days': 130, 'n_estimators': 137, 'max_depth': 4, 'num_leaves': 19, 'learning_rate': 0.2031117614248665, 'subsample': 0.8136244860256343, 'colsample_bytree': 0.8617081790949774, 'min_child_samples': 21, 'reg_alpha': 0.002238138278733199, 'reg_lambda': 0.001025809534977322}. Best is trial 5 with value: 0.01964677846406709.
[I 2026-06-01 15:51:08,458] Trial 7 finished with value: -0.0035045372963454016 and parameters: {'confidence_threshold': 0.555635875450653, 'training_days': 80, 'n_estimators': 363, 'max_depth': 3, 'num_leaves': 48, 'learning_rate': 0.06590089024008658, 'subsample': 0.6944752870615722, 'colsample_bytree': 0.962566244806993, 'min_child_samples': 88, 'reg_alpha': 1.6465620446426067e-05, 'reg_lambda': 2.4678750890085655e-08}. Best is trial 5 with value: 0.01964677846406709.
[I 2026-06-01 15:51:08,800] Trial 8 finished with value: -0.013804313212256192 and parameters: {'confidence_threshold': 0.6066688256938841, 'training_days': 200, 'n_estimators': 367, 'max_depth': 5, 'num_leaves': 32, 'learning_rate': 0.13377519215934996, 'subsample': 0.7965884582811106, 'colsample_bytree': 0.8458508993500886, 'min_child_samples': 32, 'reg_alpha': 3.889436043816386e-05, 'reg_lambda': 1.4713062489380356e-06}. Best is trial 5 with value: 0.01964677846406709.
