[I 2026-06-01 15:43:46,162] Trial 7 finished with value: 0.03792171138201109 and parameters: {'confidence_threshold': 0.5259156281069316, 'training_days': 180, 'n_estimators': 102, 'max_depth': 5, 'num_leaves': 45, 'learning_rate': 0.030816017044468066, 'subsample': 0.5317791751430119, 'colsample_bytree': 0.6554911608578311, 'min_child_samples': 46, 'reg_alpha': 0.036851536911881845, 'reg_lambda': 0.005470376807480391}. Best is trial 0 with value: 0.1527305345369979.

    [trial 13] 48 features, training_days=380 | threshold=0.637 | labels: 1287 long, 881 short (59/41%)
    [trial 13] Sharpe=0.1533 (folds: 0.0330, 0.2317, 0.0231, -0.0437, 0.5223)
    [trial 14] 48 features, training_days=360 | threshold=0.632 | labels: 1287 long, 881 short (59/41%)
    [trial 14] Sharpe=0.1230 (folds: 0.0599, 0.1448, 0.0312, -0.1599, 0.5392)
    [trial 15] 48 features, training_days=330 | threshold=0.519 | labels: 1287 long, 881 short (59/41%)
    [trial 15] Sharpe=0.0622 (folds: 0.0241, 0.1611, 0.0070, -0.1434, 0.2624)
    [trial 16] 48 features, training_days=230 | threshold=0.630 | labels: 1287 long, 881 short (59/41%)
    [trial 16] Sharpe=0.0516 (folds: 0.0422, 0.0909, -0.0761, -0.1903, 0.3913)
    [trial 17] 48 features, training_days=350 | threshold=0.602 | labels: 1287 long, 881 short (59/41%)
    [trial 17] Sharpe=0.0993 (folds: 0.0120, 0.1881, 0.0200, -0.2537, 0.5300)
  Optuna: 18 trials, best Sharpe = 0.1533
  Best params: n_estimators=286, max_depth=4, lr=0.0106, leaves=52
  Best confidence_threshold: 0.637
  Best training_days: 380
  Retrained on full data (1140 samples, 48 features)
  OOD: 16 features, cutoff (q=0.7) = 14.09
  Model trained for 2022-04: 90 test candles with features, confidence_threshold=0.691
[predict] 2022-04-01 00:00 ETHUSDT → LONG (proba=0.84 TP=9.0%/SL=4.5%)
[trade:open] 2022-04-01 07:59 ETHUSDT LONG @ 3276.96 | SL=3128.95 TP=3572.97 | timeout=2022-04-08 07:59
[trade:close] 2022-04-03 23:59 ETHUSDT LONG → take_profit @ 3572.97 | PnL=+9.03% (net +8.93%) | cum=+2.72% 2022-04=+8.93% 2022-04-03=+8.93%
[predict] 2022-04-04 16:00 ETHUSDT → LONG (proba=0.80 TP=9.0%/SL=4.5%)
[trade:open] 2022-04-04 23:59 ETHUSDT LONG @ 3518.96 | SL=3360.70 TP=3835.48 | timeout=2022-04-11 23:59
[trade:close] 2022-04-06 07:59 ETHUSDT LONG → stop_loss @ 3360.70 | PnL=-4.50% (net -4.60%) | cum=-1.88% 2022-04=+4.34% 2022-04-06=-4.60%
[predict] 2022-04-22 00:00 ETHUSDT → LONG (proba=0.73 TP=9.8%/SL=4.9%)
[trade:open] 2022-04-22 07:59 ETHUSDT LONG @ 3018.73 | SL=2871.01 TP=3314.18 | timeout=2022-04-29 07:59
[trade:close] 2022-04-25 07:59 ETHUSDT LONG → stop_loss @ 2871.01 | PnL=-4.89% (net -4.99%) | cum=-6.87% 2022-04=-0.66% 2022-04-25=-4.99%
[predict] 2022-04-26 00:00 ETHUSDT → LONG (proba=0.76 TP=9.5%/SL=4.8%)
[trade:open] 2022-04-26 07:59 ETHUSDT LONG @ 3002.25 | SL=2859.32 TP=3288.11 | timeout=2022-05-03 07:59
[trade:close] 2022-04-26 15:59 ETHUSDT LONG → stop_loss @ 2859.32 | PnL=-4.76% (net -4.86%) | cum=-11.73% 2022-04=-5.52% 2022-04-26=-4.86%
[predict] 2022-04-27 16:00 ETHUSDT → LONG (proba=0.80 TP=11.0%/SL=5.5%)
[trade:open] 2022-04-27 23:59 ETHUSDT LONG @ 2887.57 | SL=2728.45 TP=3205.82 | timeout=2022-05-04 23:59
[trade:close] 2022-04-30 23:59 ETHUSDT LONG → stop_loss @ 2728.45 | PnL=-5.51% (net -5.61%) | cum=-17.34% 2022-04=-11.13% 2022-04-30=-5.61%
[lgbm] === Training for 2022-05 ===
  Train window: 2020-05-01 → 2022-04-23
  2168 training samples from 1 symbols
  Samples per month: 2020-05: 93, 2020-06: 90, 2020-07: 93, 2020-08: 93, 2020-09: 90, 2020-10: 93, 2020-11: 90, 2020-12: 93, 2021-01: 93, 2021-02: 84, 2021-03: 93, 2021-04: 90, 2021-05: 93, 2021-06: 90, 2021-07: 93, 2021-08: 93, 2021-09: 90, 2021-10: 93, 2021-11: 90, 2021-12: 93, 2022-01: 93, 2022-02: 84, 2022-03: 93, 2022-04: 68
  [label] 2020-07-01 16:00 ETHUSDT entry=231.0300 → LONG | long=sl(-3.57%) short=sl(-3.57%) | scanned=15 | no_tp→fwd_return=+4.5881
  [label] 2020-07-03 16:00 ETHUSDT entry=224.8300 → LONG | long=tp(+6.72%) short=sl(-3.51%) | scanned=9 | long_tp_only
  [label] 2020-07-07 16:00 ETHUSDT entry=239.4500 → LONG | long=timeout(+0.36%) short=sl(-3.68%) | scanned=22 | no_tp→fwd_return=+0.4636
  [label] 2020-08-01 08:00 ETHUSDT entry=358.2400 → LONG | long=sl(-5.79%) short=sl(-5.79%) | scanned=2 | no_tp→fwd_return=+6.1858
  [label] 2020-09-22 16:00 ETHUSDT entry=344.0600 → LONG | long=sl(-6.44%) short=sl(-6.44%) | scanned=17 | no_tp→fwd_return=+6.0832
  [label] 2021-03-07 16:00 ETHUSDT entry=1727.2300 → LONG | long=timeout(+7.04%) short=sl(-9.32%) | scanned=22 | no_tp→fwd_return=+7.1392
  [label] 2021-03-11 16:00 ETHUSDT entry=1829.0000 → SHORT | long=timeout(-2.91%) short=timeout(+2.71%) | scanned=22 | no_tp→fwd_return=-2.8136
  [label] 2021-03-22 08:00 ETHUSDT entry=1779.7400 → SHORT | long=sl(-5.48%) short=tp(+10.65%) | scanned=7 | short_tp_only
  [label] 2021-05-06 08:00 ETHUSDT entry=3556.1900 → LONG | long=tp(+16.85%) short=sl(-8.57%) | scanned=12 | long_tp_only
  [label] 2021-05-14 16:00 ETHUSDT entry=4079.9900 → SHORT | long=sl(-11.96%) short=tp(+23.63%) | scanned=13 | short_tp_only
  [label] 2021-08-13 00:00 ETHUSDT entry=3225.4400 → SHORT | long=sl(-7.74%) short=timeout(+0.07%) | scanned=22 | no_tp→fwd_return=-0.1702
  [label] 2021-09-14 00:00 ETHUSDT entry=3311.4900 → SHORT | long=sl(-8.77%) short=sl(-8.77%) | scanned=19 | no_tp→fwd_return=-6.7978
  [label] 2021-09-30 00:00 ETHUSDT entry=3001.8400 → LONG | long=tp(+16.67%) short=sl(-8.49%) | scanned=17 | long_tp_only
  [label] 2021-10-12 16:00 ETHUSDT entry=3492.9100 → LONG | long=tp(+12.02%) short=sl(-6.16%) | scanned=11 | long_tp_only
  [label] 2021-10-31 08:00 ETHUSDT entry=4216.5400 → LONG | long=timeout(+9.18%) short=sl(-5.90%) | scanned=22 | no_tp→fwd_return=+9.2773
  [label] 2021-11-06 16:00 ETHUSDT entry=4521.4000 → LONG | long=timeout(+2.62%) short=sl(-4.94%) | scanned=22 | no_tp→fwd_return=+2.7208
  [label] 2021-11-19 00:00 ETHUSDT entry=4063.1100 → LONG | long=timeout(+6.80%) short=sl(-6.78%) | scanned=22 | no_tp→fwd_return=+6.9016
  [label] 2021-12-28 08:00 ETHUSDT entry=3896.3000 → SHORT | long=sl(-4.58%) short=timeout(+1.11%) | scanned=22 | no_tp→fwd_return=-1.2135
  [label] 2022-01-07 08:00 ETHUSDT entry=3130.0200 → LONG | long=timeout(+4.59%) short=sl(-8.39%) | scanned=22 | no_tp→fwd_return=+4.6936
  [label] 2022-04-03 08:00 ETHUSDT entry=3498.2400 → SHORT | long=sl(-4.41%) short=tp(+8.53%) | scanned=10 | short_tp_only
  Labels: 1247 long (57.5%), 921 short (42.5%) | weights: min=1.00, mean=3.27, max=10.00
  Features: 2168/2168 matched, 48 columns
  CV gap: 22 rows
  [ensemble 1/3] seed=42
    [trial 0] 48 features, training_days=480 | threshold=0.631 | labels: 1247 long, 921 short (58/42%)
    [CV fold 0] train_end=2020-08-22 08:00 | val_start=2020-08-30 00:00 | gap=184h (22 rows)
    [CV fold 1] train_end=2020-12-20 16:00 | val_start=2020-12-28 08:00 | gap=184h (22 rows)
    [CV fold 2] train_end=2021-04-20 00:00 | val_start=2021-04-27 16:00 | gap=184h (22 rows)
    [CV fold 3] train_end=2021-08-18 08:00 | val_start=2021-08-26 00:00 | gap=184h (22 rows)
    [CV fold 4] train_end=2021-12-16 16:00 | val_start=2021-12-24 08:00 | gap=184h (22 rows)
    [trial 0] Sharpe=0.1527 (folds: 0.3004, 0.0395, -0.0552, 0.0973, 0.3817)
    [trial 1] 48 features, training_days=420 | threshold=0.839 | labels: 1247 long, 921 short (58/42%)
    [trial 1] Sharpe=-1.9007 (folds: 0.3369, 0.0419, -0.1577, 0.2756, -10.0000)
    [trial 2] 48 features, training_days=190 | threshold=0.602 | labels: 1247 long, 921 short (58/42%)
    [trial 2] Sharpe=0.0633 (folds: 0.2438, 0.0030, -0.1505, 0.0410, 0.1791)
    [trial 3] 48 features, training_days=490 | threshold=0.832 | labels: 1247 long, 921 short (58/42%)
    [trial 3] Sharpe=0.1186 (folds: 0.2160, 0.0572, -0.1406, 0.0841, 0.3761)
    [trial 4] 48 features, training_days=340 | threshold=0.591 | labels: 1247 long, 921 short (58/42%)
    [trial 4] Sharpe=0.1172 (folds: 0.2689, 0.0372, -0.0162, 0.0131, 0.2832)
    [trial 5] 48 features, training_days=50 | threshold=0.823 | labels: 1247 long, 921 short (58/42%)
    [trial 5] Sharpe=-1.9885 (folds: 0.2520, -0.1926, -10.0000, -0.0658, 0.0639)
    [trial 6] 48 features, training_days=410 | threshold=0.549 | labels: 1247 long, 921 short (58/42%)
    [trial 6] Sharpe=0.1433 (folds: 0.2689, 0.0786, -0.0121, 0.1671, 0.2141)
    [trial 7] 48 features, training_days=180 | threshold=0.526 | labels: 1247 long, 921 short (58/42%)
    [trial 7] Sharpe=0.0379 (folds: 0.2148, -0.0698, -0.2100, 0.0365, 0.2181)
    [trial 8] 48 features, training_days=240 | threshold=0.811 | labels: 1247 long, 921 short (58/42%)[I 2026-06-01 15:43:46,267] Trial 8 finished with value: 0.17093138047352135 and parameters: {'confidence_threshold': 0.8105244599017143, 'training_days': 240, 'n_estimators': 103, 'max_depth': 5, 'num_leaves': 52, 'learning_rate': 0.06746437142284309, 'subsample': 0.8854835899772805, 'colsample_bytree': 0.7468977981821954, 'min_child_samples': 62, 'reg_alpha': 7.04480806377519e-05, 'reg_lambda': 1.6934490731313353e-08}. Best is trial 8 with value: 0.17093138047352135.
[I 2026-06-01 15:43:46,287] Trial 9 finished with value: 0.058555241573381725 and parameters: {'confidence_threshold': 0.5377619994476566, 'training_days': 20, 'n_estimators': 337, 'max_depth': 3, 'num_leaves': 39, 'learning_rate': 0.21907142272152816, 'subsample': 0.6246461145744375, 'colsample_bytree': 0.7051914615178149, 'min_child_samples': 81, 'reg_alpha': 1.1459970229341322e-06, 'reg_lambda': 4.929685216887945e-08}. Best is trial 8 with value: 0.17093138047352135.
[I 2026-06-01 15:43:46,793] Trial 10 finished with value: 0.09781341467870791 and parameters: {'confidence_threshold': 0.734042426776949, 'training_days': 280, 'n_estimators': 487, 'max_depth': 5, 'num_leaves': 62, 'learning_rate': 0.10432148521337849, 'subsample': 0.9416850669512905, 'colsample_bytree': 0.8120417635861826, 'min_child_samples': 27, 'reg_alpha': 7.238112263003475e-05, 'reg_lambda': 3.3639426888455256e-06}. Best is trial 8 with value: 0.17093138047352135.
[I 2026-06-01 15:43:46,940] Trial 11 finished with value: 0.11345102483140102 and parameters: {'confidence_threshold': 0.6954836557727516, 'training_days': 170, 'n_estimators': 291, 'max_depth': 4, 'num_leaves': 55, 'learning_rate': 0.010397937137834207, 'subsample': 0.8696252151616218, 'colsample_bytree': 0.8093560736802401, 'min_child_samples': 63, 'reg_alpha': 0.0002674461616954016, 'reg_lambda': 7.868729181011707e-06}. Best is trial 8 with value: 0.17093138047352135.
[I 2026-06-01 15:43:47,183] Trial 12 finished with value: 0.11729822936046341 and parameters: {'confidence_threshold': 0.7676836037761952, 'training_days': 270, 'n_estimators': 389, 'max_depth': 4, 'num_leaves': 33, 'learning_rate': 0.0656285649451873, 'subsample': 0.8361663661711445, 'colsample_bytree': 0.9958605161679226, 'min_child_samples': 89, 'reg_alpha': 1.9900097930347052, 'reg_lambda': 4.10828110898116e-06}. Best is trial 8 with value: 0.17093138047352135.
[I 2026-06-01 15:43:47,344] Trial 13 finished with value: 0.060948992267161786 and parameters: {'confidence_threshold': 0.6459687862602262, 'training_days': 350, 'n_estimators': 230, 'max_depth': 4, 'num_leaves': 52, 'learning_rate': 0.26425410571940877, 'subsample': 0.912491808253448, 'colsample_bytree': 0.6250616944328158, 'min_child_samples': 72, 'reg_alpha': 0.00676093630877994, 'reg_lambda': 4.7279087693151007e-07}. Best is trial 8 with value: 0.17093138047352135.
[I 2026-06-01 15:43:47,520] Trial 14 finished with value: 0.06728122001942383 and parameters: {'confidence_threshold': 0.6613117499385245, 'training_days': 100, 'n_estimators': 499, 'max_depth': 4, 'num_leaves': 15, 'learning_rate': 0.10071424330426133, 'subsample': 0.6697924799608193, 'colsample_bytree': 0.8077573619878425, 'min_child_samples': 55, 'reg_alpha': 4.672653156427479e-05, 'reg_lambda': 1.1032173338053698e-08}. Best is trial 8 with value: 0.17093138047352135.
[I 2026-06-01 15:43:47,622] Trial 15 finished with value: -7.98485077956777 and parameters: {'confidence_threshold': 0.7776989704420677, 'training_days': 490, 'n_estimators': 52, 'max_depth': 5, 'num_leaves': 61, 'learning_rate': 0.010359623362260938, 'subsample': 0.6015874640141092, 'colsample_bytree': 0.7688863617704711, 'min_child_samples': 27, 'reg_alpha': 0.194459601930754, 'reg_lambda': 5.8222453133869754e-05}. Best is trial 8 with value: 0.17093138047352135.
[I 2026-06-01 15:43:47,868] Trial 16 finished with value: 0.11477976818057942 and parameters: {'confidence_threshold': 0.7081053312610146, 'training_days': 220, 'n_estimators': 339, 'max_depth': 4, 'num_leaves': 46, 'learning_rate': 0.15013971957309138, 'subsample': 0.713173333047047, 'colsample_bytree': 0.9826162589395974, 'min_child_samples': 36, 'reg_alpha': 1.6230643075200477e-05, 'reg_lambda': 4.785559418357464e-07}. Best is trial 8 with value: 0.17093138047352135.
[I 2026-06-01 15:43:47,979] Trial 17 finished with value: 0.08348894890169498 and parameters: {'confidence_threshold': 0.622186388565255, 'training_days': 110, 'n_estimators': 417, 'max_depth': 4, 'num_leaves': 31, 'learning_rate': 0.04529593603674714, 'subsample': 0.5775708471916033, 'colsample_bytree': 0.8673698743677226, 'min_child_samples': 87, 'reg_alpha': 0.001937810591782202, 'reg_lambda': 2.6058605975691694e-05}. Best is trial 8 with value: 0.17093138047352135.
[I 2026-06-01 15:43:48,065] A new study created in memory with name: no-name-2153aeb8-484c-420a-a3e1-fefa05021647
[I 2026-06-01 15:43:48,155] Trial 0 finished with value: 0.07743490771386545 and parameters: {'confidence_threshold': 0.7437642149592516, 'training_days': 150, 'n_estimators': 152, 'max_depth': 4, 'num_leaves': 50, 'learning_rate': 0.04216766425047743, 'subsample': 0.9903820991923078, 'colsample_bytree': 0.8424148692924316, 'min_child_samples': 58, 'reg_alpha': 3.381097259762742e-05, 'reg_lambda': 1.2263152961306247e-05}. Best is trial 0 with value: 0.07743490771386545.
[I 2026-06-01 15:43:48,224] Trial 1 finished with value: -1.7510864881821582 and parameters: {'confidence_threshold': 0.7551673975844145, 'training_days': 220, 'n_estimators': 76, 'max_depth': 4, 'num_leaves': 51, 'learning_rate': 0.018602118810743477, 'subsample': 0.5877258780737462, 'colsample_bytree': 0.7657756869209191, 'min_child_samples': 63, 'reg_alpha': 0.005123994170264194, 'reg_lambda': 0.44145470178120466}. Best is trial 0 with value: 0.07743490771386545.
[I 2026-06-01 15:43:48,445] Trial 2 finished with value: 0.09443280434656327 and parameters: {'confidence_threshold': 0.7535593637012223, 'training_days': 310, 'n_estimators': 375, 'max_depth': 3, 'num_leaves': 32, 'learning_rate': 0.021735641882032388, 'subsample': 0.6468570231944146, 'colsample_bytree': 0.8154880619272439, 'min_child_samples': 27, 'reg_alpha': 8.004064028491336e-05, 'reg_lambda': 7.546835261630524e-05}. Best is trial 2 with value: 0.09443280434656327.
[I 2026-06-01 15:43:48,597] Trial 3 finished with value: 0.09846309970578046 and parameters: {'confidence_threshold': 0.6727897841776072, 'training_days': 220, 'n_estimators': 190, 'max_depth': 4, 'num_leaves': 58, 'learning_rate': 0.24810689332636193, 'subsample': 0.7509183379421682, 'colsample_bytree': 0.8119764758960556, 'min_child_samples': 29, 'reg_alpha': 7.1708285081421445e-06, 'reg_lambda': 5.412973582738627e-05}. Best is trial 3 with value: 0.09846309970578046.
[I 2026-06-01 15:43:48,708] Trial 4 finished with value: 0.02414984861919788 and parameters: {'confidence_threshold': 0.803208205259178, 'training_days': 130, 'n_estimators': 267, 'max_depth': 5, 'num_leaves': 40, 'learning_rate': 0.08041175317374143, 'subsample': 0.5603143329951619, 'colsample_bytree': 0.9131704002534167, 'min_child_samples': 68, 'reg_alpha': 0.0008046593428183385, 'reg_lambda': 1.2158346158765583e-05}. Best is trial 3 with value: 0.09846309970578046.
[I 2026-06-01 15:43:48,908] Trial 5 finished with value: 0.09649100477955773 and parameters: {'confidence_threshold': 0.6064422761595144, 'training_days': 210, 'n_estimators': 357, 'max_depth': 5, 'num_leaves': 40, 'learning_rate': 0.0974221287220869, 'subsample': 0.7929682762811064, 'colsample_bytree': 0.8124517510478, 'min_child_samples': 74, 'reg_alpha': 0.3811377260781234, 'reg_lambda': 5.607314238392041e-08}. Best is trial 3 with value: 0.09846309970578046.
[I 2026-06-01 15:43:49,009] Trial 6 finished with value: 0.0320268798947741 and parameters: {'confidence_threshold': 0.7672889945051684, 'training_days': 130, 'n_estimators': 137, 'max_depth': 4, 'num_leaves': 19, 'learning_rate': 0.2031117614248665, 'subsample': 0.8136244860256343, 'colsample_bytree': 0.8617081790949774, 'min_child_samples': 21, 'reg_alpha': 0.002238138278733199, 'reg_lambda': 0.001025809534977322}. Best is trial 3 with value: 0.09846309970578046.
[I 2026-06-01 15:43:49,075] Trial 7 finished with value: 0.062045747840708876 and parameters: {'confidence_threshold': 0.555635875450653, 'training_days': 80, 'n_estimators': 363, 'max_depth': 3, 'num_leaves': 48, 'learning_rate': 0.06590089024008658, 'subsample': 0.6944752870615722, 'colsample_bytree': 0.962566244806993, 'min_child_samples': 88, 'reg_alpha': 1.6465620446426067e-05, 'reg_lambda': 2.4678750890085655e-08}. Best is trial 3 with value: 0.09846309970578046.
[I 2026-06-01 15:43:49,372] Trial 8 finished with value: 0.03225793410579688 and parameters: {'confidence_threshold': 0.6066688256938841, 'training_days': 200, 'n_estimators': 367, 'max_depth': 5, 'num_leaves': 32, 'learning_rate': 0.13377519215934996, 'subsample': 0.7965884582811106, 'colsample_bytree': 0.8458508993500886, 'min_child_samples': 32, 'reg_alpha': 3.889436043816386e-05, 'reg_lambda': 1.4713062489380356e-06}. Best is trial 3 with value: 0.09846309970578046.
[I 2026-06-01 15:43:49,562] Trial 9 finished with value: 0.08949666062748496 and parameters: {'confidence_threshold': 0.6202096049169137, 'training_days': 260, 'n_estimators': 350, 'max_depth': 3, 'num_leaves': 21, 'learning_rate': 0.02989540198065364, 'subsample': 0.8307821683331218, 'colsample_bytree': 0.923253112635361, 'min_child_samples': 64, 'reg_alpha': 0.4898604619604203, 'reg_lambda': 2.9076377687066166e-05}. Best is trial 3 with value: 0.09846309970578046.
[I 2026-06-01 15:43:49,934] Trial 10 finished with value: 0.15359246637914561 and parameters: {'confidence_threshold': 0.6756170272727778, 'training_days': 470, 'n_estimators': 493, 'max_depth': 4, 'num_leaves': 63, 'learning_rate': 0.010221918552934462, 'subsample': 0.9383547926937981, 'colsample_bytree': 0.6202684210924141, 'min_child_samples': 44, 'reg_alpha': 2.371385268938747e-08, 'reg_lambda': 0.015315426420116851}. Best is trial 10 with value: 0.15359246637914561.
[I 2026-06-01 15:43:50,311] Trial 11 finished with value: 0.1289802119988639 and parameters: {'confidence_threshold': 0.6802313732157268, 'training_days': 480, 'n_estimators': 493, 'max_depth': 4, 'num_leaves': 63, 'learning_rate': 0.010535067237031162, 'subsample': 0.9470441632819105, 'colsample_bytree': 0.625107197757402, 'min_child_samples': 42, 'reg_alpha': 1.3380676125466047e-08, 'reg_lambda': 0.01124898826285167}. Best is trial 10 with value: 0.15359246637914561.
[I 2026-06-01 15:43:50,690] Trial 12 finished with value: 0.1488015204736076 and parameters: {'confidence_threshold': 0.6799910972846094, 'training_days': 500, 'n_estimators': 499, 'max_depth': 4, 'num_leaves': 63, 'learning_rate': 0.010201143194486034, 'subsample': 0.9824001102781764, 'colsample_bytree': 0.5773925919454104, 'min_child_samples': 46, 'reg_alpha': 1.3598234445907363e-08, 'reg_lambda': 0.03524119936949945}. Best is trial 10 with value: 0.15359246637914561.
[I 2026-06-01 15:43:51,055] Trial 13 finished with value: 0.11585411306380947 and parameters: {'confidence_threshold': 0.6708679004539351, 'training_days': 500, 'n_estimators': 475, 'max_depth': 4, 'num_leaves': 63, 'learning_rate': 0.011020432354152414, 'subsample': 0.9076103312535052, 'colsample_bytree': 0.5337994462004911, 'min_child_samples': 43, 'reg_alpha': 1.2418618155563554e-08, 'reg_lambda': 3.080800735392863}. Best is trial 10 with value: 0.15359246637914561.
[I 2026-06-01 15:43:51,304] Trial 14 finished with value: 0.10336268987391803 and parameters: {'confidence_threshold': 0.5166805703527768, 'training_days': 400, 'n_estimators': 436, 'max_depth': 3, 'num_leaves': 56, 'learning_rate': 0.01645102485501106, 'subsample': 0.8928938623848859, 'colsample_bytree': 0.6482018719330946, 'min_child_samples': 48, 'reg_alpha': 2.886975654176598e-07, 'reg_lambda': 0.03829549074258792}. Best is trial 10 with value: 0.15359246637914561.
[I 2026-06-01 15:43:51,608] Trial 15 finished with value: 0.12815904645841933 and parameters: {'confidence_threshold': 0.707456922573604, 'training_days': 400, 'n_estimators': 435, 'max_depth': 4, 'num_leaves': 56, 'learning_rate': 0.037392478764815176, 'subsample': 0.9939345424075032, 'colsample_bytree': 0.5093920150666754, 'min_child_samples': 48, 'reg_alpha': 5.011892081220446e-07, 'reg_lambda': 0.003976574156219577}. Best is trial 10 with value: 0.15359246637914561.
[I 2026-06-01 15:43:51,815] Trial 16 finished with value: -1.755417774237896 and parameters: {'confidence_threshold': 0.8218356327948213, 'training_days': 430, 'n_estimators': 279, 'max_depth': 5, 'num_leaves': 45, 'learning_rate': 0.013930573952768954, 'subsample': 0.8868474056204897, 'colsample_bytree': 0.6524883056625813, 'min_child_samples': 99, 'reg_alpha': 4.346939460499519e-07, 'reg_lambda': 0.04987984132077785}. Best is trial 10 with value: 0.15359246637914561.
