[I 2026-06-01 15:48:53,588] Trial 4 finished with value: 0.03882229813066463 and parameters: {'confidence_threshold': 0.803208205259178, 'training_days': 130, 'n_estimators': 267, 'max_depth': 5, 'num_leaves': 40, 'learning_rate': 0.08041175317374143, 'subsample': 0.5603143329951619, 'colsample_bytree': 0.9131704002534167, 'min_child_samples': 68, 'reg_alpha': 0.0008046593428183385, 'reg_lambda': 1.2158346158765583e-05}. Best is trial 3 with value: 0.08491882998749405.

  [label] 2022-12-04 00:00 ETHUSDT entry=1256.2600 → LONG | long=timeout(+1.45%) short=timeout(-1.65%) | scanned=22 | no_tp→fwd_return=+1.5530
  [label] 2022-12-07 16:00 ETHUSDT entry=1230.8300 → LONG | long=tp(+8.43%) short=sl(-4.37%) | scanned=17 | long_tp_only
  [label] 2023-01-01 08:00 ETHUSDT entry=1196.5200 → LONG | long=tp(+4.37%) short=sl(-2.34%) | scanned=8 | long_tp_only
  [label] 2023-02-23 00:00 ETHUSDT entry=1665.6700 → SHORT | long=sl(-4.73%) short=timeout(+1.21%) | scanned=22 | no_tp→fwd_return=-1.3142
  [label] 2023-08-08 00:00 ETHUSDT entry=1829.8000 → LONG | long=timeout(+0.62%) short=sl(-1.93%) | scanned=22 | no_tp→fwd_return=+0.7219
  [label] 2023-08-12 00:00 ETHUSDT entry=1849.7600 → SHORT | long=sl(-1.61%) short=tp(+2.92%) | scanned=14 | short_tp_only
  [label] 2023-08-22 16:00 ETHUSDT entry=1634.5000 → LONG | long=timeout(+5.65%) short=sl(-3.75%) | scanned=22 | no_tp→fwd_return=+5.7516
  [label] 2023-10-06 16:00 ETHUSDT entry=1644.3300 → SHORT | long=sl(-3.31%) short=tp(+6.32%) | scanned=17 | short_tp_only
  [label] 2023-10-15 08:00 ETHUSDT entry=1553.1300 → LONG | long=tp(+4.41%) short=sl(-2.35%) | scanned=3 | long_tp_only
  [label] 2024-01-13 16:00 ETHUSDT entry=2578.5000 → SHORT | long=sl(-6.08%) short=timeout(+4.02%) | scanned=22 | no_tp→fwd_return=-4.1198
  [label] 2024-02-14 16:00 ETHUSDT entry=2776.1400 → LONG | long=tp(+7.75%) short=sl(-4.03%) | scanned=17 | long_tp_only
  [label] 2024-03-02 00:00 ETHUSDT entry=3433.7100 → LONG | long=tp(+10.15%) short=sl(-5.22%) | scanned=10 | long_tp_only
  [label] 2024-03-14 16:00 ETHUSDT entry=3884.9900 → SHORT | long=sl(-5.90%) short=tp(+11.51%) | scanned=7 | short_tp_only
  [label] 2024-04-02 00:00 ETHUSDT entry=3364.8200 → LONG | long=tp(+10.79%) short=sl(-5.54%) | scanned=20 | long_tp_only
  [label] 2024-04-08 08:00 ETHUSDT entry=3631.6500 → SHORT | long=sl(-4.69%) short=tp(+9.08%) | scanned=13 | short_tp_only
  [label] 2024-04-20 16:00 ETHUSDT entry=3154.3100 → LONG | long=timeout(+3.06%) short=timeout(-3.26%) | scanned=22 | no_tp→fwd_return=+3.1595
  [label] 2024-05-30 08:00 ETHUSDT entry=3778.4000 → LONG | long=timeout(+1.72%) short=timeout(-1.92%) | scanned=22 | no_tp→fwd_return=+1.8182
  [label] 2024-06-09 00:00 ETHUSDT entry=3687.2600 → SHORT | long=sl(-3.33%) short=tp(+6.36%) | scanned=7 | short_tp_only
  [label] 2024-09-03 08:00 ETHUSDT entry=2442.9300 → SHORT | long=sl(-5.01%) short=tp(+9.73%) | scanned=10 | short_tp_only
  Labels: 1130 long (52.0%), 1041 short (48.0%) | weights: min=1.00, mean=4.08, max=10.00
  Features: 2171/2171 matched, 48 columns
  CV gap: 22 rows
  [ensemble 1/3] seed=42
    [trial 0] 48 features, training_days=480 | threshold=0.631 | labels: 1130 long, 1041 short (52/48%)
    [CV fold 0] train_end=2023-01-23 08:00 | val_start=2023-01-31 00:00 | gap=184h (22 rows)
    [CV fold 1] train_end=2023-05-23 16:00 | val_start=2023-05-31 08:00 | gap=184h (22 rows)
    [CV fold 2] train_end=2023-09-21 00:00 | val_start=2023-09-28 16:00 | gap=184h (22 rows)
    [CV fold 3] train_end=2024-01-19 08:00 | val_start=2024-01-27 00:00 | gap=184h (22 rows)
    [CV fold 4] train_end=2024-05-18 16:00 | val_start=2024-05-26 08:00 | gap=184h (22 rows)
    [trial 0] Sharpe=0.0307 (folds: -0.1735, 0.1796, 0.1371, 0.0441, -0.0339)
    [trial 1] 48 features, training_days=420 | threshold=0.839 | labels: 1130 long, 1041 short (52/48%)
    [trial 1] Sharpe=-2.1015 (folds: -0.0369, 0.2959, -0.9772, 0.2110, -10.0000)
    [trial 2] 48 features, training_days=190 | threshold=0.602 | labels: 1130 long, 1041 short (52/48%)
    [trial 2] Sharpe=0.0598 (folds: -0.1775, 0.2363, 0.1785, 0.0710, -0.0092)
    [trial 3] 48 features, training_days=490 | threshold=0.832 | labels: 1130 long, 1041 short (52/48%)
    [trial 3] Sharpe=-0.0231 (folds: -0.1325, 0.2377, -0.0864, -0.0627, -0.0715)
    [trial 4] 48 features, training_days=340 | threshold=0.591 | labels: 1130 long, 1041 short (52/48%)
    [trial 4] Sharpe=-0.0050 (folds: -0.1681, 0.1156, 0.0995, -0.0149, -0.0573)
    [trial 5] 48 features, training_days=50 | threshold=0.823 | labels: 1130 long, 1041 short (52/48%)
    [trial 5] Sharpe=0.2427 (folds: -0.0557, 1.3370, 0.0019, -0.0313, -0.0384)
    [trial 6] 48 features, training_days=410 | threshold=0.549 | labels: 1130 long, 1041 short (52/48%)
    [trial 6] Sharpe=0.0336 (folds: -0.0387, 0.1436, 0.0682, 0.0553, -0.0604)
    [trial 7] 48 features, training_days=180 | threshold=0.526 | labels: 1130 long, 1041 short (52/48%)
    [trial 7] Sharpe=0.0376 (folds: -0.1692, 0.0502, 0.2275, 0.0744, 0.0049)
    [trial 8] 48 features, training_days=240 | threshold=0.811 | labels: 1130 long, 1041 short (52/48%)
    [trial 8] Sharpe=0.0382 (folds: -0.1190, 0.1712, 0.1725, 0.0259, -0.0595)
    [trial 9] 48 features, training_days=20 | threshold=0.538 | labels: 1130 long, 1041 short (52/48%)
    [trial 9] Sharpe=-0.0960 (folds: 0.0018, 0.0790, -0.2181, -0.1542, -0.1883)
    [trial 10] 48 features, training_days=10 | threshold=0.732 | labels: 1130 long, 1041 short (52/48%)
    [trial 10] Sharpe=-0.0327 (folds: -0.0295, 0.0790, -0.2181, -0.1542, 0.1591)
    [trial 11] 48 features, training_days=120 | threshold=0.703 | labels: 1130 long, 1041 short (52/48%)
    [trial 11] Sharpe=0.0309 (folds: -0.2263, 0.1591, 0.2130, 0.1080, -0.0992)
    [trial 12] 48 features, training_days=110 | threshold=0.767 | labels: 1130 long, 1041 short (52/48%)
    [trial 12] Sharpe=0.0313 (folds: -0.1972, 0.1255, 0.2010, 0.0970, -0.0699)
    [trial 13] 48 features, training_days=90 | threshold=0.648 | labels: 1130 long, 1041 short (52/48%)
    [trial 13] Sharpe=0.0368 (folds: -0.1090, 0.0850, 0.1818, 0.0560, -0.0299)
    [trial 14] 48 features, training_days=250 | threshold=0.612 | labels: 1130 long, 1041 short (52/48%)
    [trial 14] Sharpe=0.0951 (folds: -0.0838, 0.2832, 0.2322, 0.0942, -0.0504)
    [trial 15] 48 features, training_days=270 | threshold=0.687 | labels: 1130 long, 1041 short (52/48%)
    [trial 15] Sharpe=-0.0026 (folds: -0.1853, -0.0123, 0.3119, -0.0146, -0.1128)
    [trial 16] 48 features, training_days=320 | threshold=0.783 | labels: 1130 long, 1041 short (52/48%)
    [trial 16] Sharpe=-2.0900 (folds: -0.7041, 0.5025, -10.0000, -0.1160, -0.1326)
    [trial 17] 48 features, training_days=180 | threshold=0.730 | labels: 1130 long, 1041 short (52/48%)
    [trial 17] Sharpe=0.0496 (folds: 0.0937, 0.0653, 0.1312, -0.0311, -0.0113)
  Optuna: 18 trials, best Sharpe = 0.2427
  Best params: n_estimators=138, max_depth=3, lr=0.0375, leaves=30
  Best confidence_threshold: 0.823
  Best training_days: 50
  Retrained on full data (150 samples, 48 features)
  [ensemble 2/3] seed=123
    [trial 0] 48 features, training_days=150 | threshold=0.744 | labels: 1130 long, 1041 short (52/48%)
    [CV fold 0] train_end=2023-01-23 08:00 | val_start=2023-01-31 00:00 | gap=184h (22 rows)
    [CV fold 1] train_end=2023-05-23 16:00 | val_start=2023-05-31 08:00 | gap=184h (22 rows)
    [CV fold 2] train_end=2023-09-21 00:00 | val_start=2023-09-28 16:00 | gap=184h (22 rows)
    [CV fold 3] train_end=2024-01-19 08:00 | val_start=2024-01-27 00:00 | gap=184h (22 rows)
    [CV fold 4] train_end=2024-05-18 16:00 | val_start=2024-05-26 08:00 | gap=184h (22 rows)
    [trial 0] Sharpe=0.0094 (folds: -0.2114, -0.0896, 0.2804, 0.0999, -0.0324)
    [trial 1] 48 features, training_days=220 | threshold=0.755 | labels: 1130 long, 1041 short (52/48%)
    [trial 1] Sharpe=-3.9671 (folds: -10.0000, -10.0000, 0.2433, 0.2486, -0.3274)
    [trial 2] 48 features, training_days=310 | threshold=0.754 | labels: 1130 long, 1041 short (52/48%)
    [trial 2] Sharpe=0.0781 (folds: -0.1115, 0.3416, 0.2447, 0.0095, -0.0939)
    [trial 3] 48 features, training_days=220 | threshold=0.673 | labels: 1130 long, 1041 short (52/48%)
    [trial 3] Sharpe=0.0849 (folds: -0.1211, 0.2795, 0.1788, 0.0389, 0.0485)
    [trial 4] 48 features, training_days=130 | threshold=0.803 | labels: 1130 long, 1041 short (52/48%)
    [trial 4] Sharpe=0.0388 (folds: -0.1309, 0.0454, 0.2664, 0.1148, -0.1016)
    [trial 5] 48 features, training_days=210 | threshold=0.606 | labels: 1130 long, 1041 short (52/48%)
    [trial 5] Sharpe=0.0185 (folds: -0.1432, 0.0423, 0.1079, 0.1117, -0.0261)[I 2026-06-01 15:48:53,826] Trial 5 finished with value: 0.01850378855070126 and parameters: {'confidence_threshold': 0.6064422761595144, 'training_days': 210, 'n_estimators': 357, 'max_depth': 5, 'num_leaves': 40, 'learning_rate': 0.0974221287220869, 'subsample': 0.7929682762811064, 'colsample_bytree': 0.8124517510478, 'min_child_samples': 74, 'reg_alpha': 0.3811377260781234, 'reg_lambda': 5.607314238392041e-08}. Best is trial 3 with value: 0.08491882998749405.
[I 2026-06-01 15:48:53,934] Trial 6 finished with value: 0.05343723276287957 and parameters: {'confidence_threshold': 0.7672889945051684, 'training_days': 130, 'n_estimators': 137, 'max_depth': 4, 'num_leaves': 19, 'learning_rate': 0.2031117614248665, 'subsample': 0.8136244860256343, 'colsample_bytree': 0.8617081790949774, 'min_child_samples': 21, 'reg_alpha': 0.002238138278733199, 'reg_lambda': 0.001025809534977322}. Best is trial 3 with value: 0.08491882998749405.
[I 2026-06-01 15:48:54,023] Trial 7 finished with value: 0.10084714244818911 and parameters: {'confidence_threshold': 0.555635875450653, 'training_days': 80, 'n_estimators': 363, 'max_depth': 3, 'num_leaves': 48, 'learning_rate': 0.06590089024008658, 'subsample': 0.6944752870615722, 'colsample_bytree': 0.962566244806993, 'min_child_samples': 88, 'reg_alpha': 1.6465620446426067e-05, 'reg_lambda': 2.4678750890085655e-08}. Best is trial 7 with value: 0.10084714244818911.
[I 2026-06-01 15:48:54,378] Trial 8 finished with value: 0.06586475447294751 and parameters: {'confidence_threshold': 0.6066688256938841, 'training_days': 200, 'n_estimators': 367, 'max_depth': 5, 'num_leaves': 32, 'learning_rate': 0.13377519215934996, 'subsample': 0.7965884582811106, 'colsample_bytree': 0.8458508993500886, 'min_child_samples': 32, 'reg_alpha': 3.889436043816386e-05, 'reg_lambda': 1.4713062489380356e-06}. Best is trial 7 with value: 0.10084714244818911.
[I 2026-06-01 15:48:54,611] Trial 9 finished with value: 0.06502130109113681 and parameters: {'confidence_threshold': 0.6202096049169137, 'training_days': 260, 'n_estimators': 350, 'max_depth': 3, 'num_leaves': 21, 'learning_rate': 0.02989540198065364, 'subsample': 0.8307821683331218, 'colsample_bytree': 0.923253112635361, 'min_child_samples': 64, 'reg_alpha': 0.4898604619604203, 'reg_lambda': 2.9076377687066166e-05}. Best is trial 7 with value: 0.10084714244818911.
[I 2026-06-01 15:48:54,648] Trial 10 finished with value: -0.03274220158410578 and parameters: {'confidence_threshold': 0.5248809389721337, 'training_days': 10, 'n_estimators': 493, 'max_depth': 3, 'num_leaves': 63, 'learning_rate': 0.010221918552934462, 'subsample': 0.667749445701178, 'colsample_bytree': 0.6202684210924141, 'min_child_samples': 99, 'reg_alpha': 1.3884210513841762e-08, 'reg_lambda': 0.02273343343290072}. Best is trial 7 with value: 0.10084714244818911.
[I 2026-06-01 15:48:54,832] Trial 11 finished with value: 0.01970854071069702 and parameters: {'confidence_threshold': 0.5076763476549723, 'training_days': 450, 'n_estimators': 245, 'max_depth': 3, 'num_leaves': 62, 'learning_rate': 0.2946534946081864, 'subsample': 0.7185615065128308, 'colsample_bytree': 0.984387885372814, 'min_child_samples': 100, 'reg_alpha': 2.5493772909886044e-07, 'reg_lambda': 1.003510323817704e-08}. Best is trial 7 with value: 0.10084714244818911.
[I 2026-06-01 15:48:54,866] Trial 12 finished with value: -4.0809165727462124 and parameters: {'confidence_threshold': 0.6777349146550049, 'training_days': 20, 'n_estimators': 212, 'max_depth': 4, 'num_leaves': 52, 'learning_rate': 0.05809128784912797, 'subsample': 0.9047422503364564, 'colsample_bytree': 0.6669454130036883, 'min_child_samples': 43, 'reg_alpha': 8.957709750277246e-07, 'reg_lambda': 3.740212731305683e-07}. Best is trial 7 with value: 0.10084714244818911.
[I 2026-06-01 15:48:55,131] Trial 13 finished with value: -0.010157022290408966 and parameters: {'confidence_threshold': 0.6589618773652097, 'training_days': 340, 'n_estimators': 475, 'max_depth': 3, 'num_leaves': 55, 'learning_rate': 0.15152203000979778, 'subsample': 0.5024707401359401, 'colsample_bytree': 0.5443982906148261, 'min_child_samples': 83, 'reg_alpha': 1.0060661308529223e-06, 'reg_lambda': 0.002011462938028272}. Best is trial 7 with value: 0.10084714244818911.
[I 2026-06-01 15:48:55,212] Trial 14 finished with value: 0.03776028184131214 and parameters: {'confidence_threshold': 0.5614514443146594, 'training_days': 70, 'n_estimators': 184, 'max_depth': 4, 'num_leaves': 43, 'learning_rate': 0.25809983794897756, 'subsample': 0.6844339431381482, 'colsample_bytree': 0.9980755649834124, 'min_child_samples': 49, 'reg_alpha': 0.016435092915656313, 'reg_lambda': 1.66052015319664}. Best is trial 7 with value: 0.10084714244818911.
[I 2026-06-01 15:48:55,455] Trial 15 finished with value: -0.05764395989108932 and parameters: {'confidence_threshold': 0.6824285716881091, 'training_days': 380, 'n_estimators': 300, 'max_depth': 4, 'num_leaves': 56, 'learning_rate': 0.0637135108110238, 'subsample': 0.7380920620367895, 'colsample_bytree': 0.7092753575542916, 'min_child_samples': 84, 'reg_alpha': 8.882572931199574e-06, 'reg_lambda': 0.032982336960980824}. Best is trial 7 with value: 0.10084714244818911.
[I 2026-06-01 15:48:55,766] Trial 16 finished with value: 0.026708562648249962 and parameters: {'confidence_threshold': 0.5764786441698267, 'training_days': 500, 'n_estimators': 420, 'max_depth': 3, 'num_leaves': 46, 'learning_rate': 0.12222296950129583, 'subsample': 0.8868474056204897, 'colsample_bytree': 0.9182676696103418, 'min_child_samples': 41, 'reg_alpha': 2.300529945675641e-08, 'reg_lambda': 4.5945406753732926e-07}. Best is trial 7 with value: 0.10084714244818911.
[I 2026-06-01 15:48:55,808] Trial 17 finished with value: 0.021144624071643643 and parameters: {'confidence_threshold': 0.7073733991728248, 'training_days': 70, 'n_estimators': 81, 'max_depth': 5, 'num_leaves': 58, 'learning_rate': 0.0431567831559497, 'subsample': 0.6249049784959959, 'colsample_bytree': 0.7547017919147904, 'min_child_samples': 88, 'reg_alpha': 7.284070645541434, 'reg_lambda': 2.411292538977937e-08}. Best is trial 7 with value: 0.10084714244818911.
[I 2026-06-01 15:48:56,180] A new study created in memory with name: no-name-0da66750-1a66-49f8-b096-b743ad25a2be
[I 2026-06-01 15:48:56,363] Trial 0 finished with value: 0.024335127934077744 and parameters: {'confidence_threshold': 0.5870645682749857, 'training_days': 90, 'n_estimators': 403, 'max_depth': 5, 'num_leaves': 45, 'learning_rate': 0.0780457193679974, 'subsample': 0.9428509515574568, 'colsample_bytree': 0.8795587339164916, 'min_child_samples': 34, 'reg_alpha': 2.2465901234314442e-07, 'reg_lambda': 8.339007036475363e-05}. Best is trial 0 with value: 0.024335127934077744.
[I 2026-06-01 15:48:56,466] Trial 1 finished with value: 0.047194856180546876 and parameters: {'confidence_threshold': 0.6348453934275313, 'training_days': 290, 'n_estimators': 115, 'max_depth': 5, 'num_leaves': 37, 'learning_rate': 0.06949568759029946, 'subsample': 0.8228505074024268, 'colsample_bytree': 0.8616703220431751, 'min_child_samples': 75, 'reg_alpha': 4.2486822725010923e-07, 'reg_lambda': 1.157247767047042e-07}. Best is trial 1 with value: 0.047194856180546876.
[I 2026-06-01 15:48:56,483] Trial 2 finished with value: -0.03274220158410578 and parameters: {'confidence_threshold': 0.5849570384370288, 'training_days': 10, 'n_estimators': 212, 'max_depth': 3, 'num_leaves': 41, 'learning_rate': 0.18452095998378365, 'subsample': 0.6001060822924371, 'colsample_bytree': 0.5673167293506167, 'min_child_samples': 37, 'reg_alpha': 5.733250064217131, 'reg_lambda': 0.5308454292595461}. Best is trial 1 with value: 0.047194856180546876.
[I 2026-06-01 15:48:56,563] Trial 3 finished with value: 0.043678016689649685 and parameters: {'confidence_threshold': 0.6868248626683718, 'training_days': 220, 'n_estimators': 134, 'max_depth': 3, 'num_leaves': 45, 'learning_rate': 0.033529007907491595, 'subsample': 0.8647277071858408, 'colsample_bytree': 0.778494116634046, 'min_child_samples': 96, 'reg_alpha': 2.409409937265785e-07, 'reg_lambda': 1.1642073478060009}. Best is trial 1 with value: 0.047194856180546876.
[I 2026-06-01 15:48:56,640] Trial 4 finished with value: 0.07479452911255027 and parameters: {'confidence_threshold': 0.5623121348350352, 'training_days': 300, 'n_estimators': 69, 'max_depth': 4, 'num_leaves': 32, 'learning_rate': 0.14967629360700346, 'subsample': 0.5054535233636654, 'colsample_bytree': 0.7401385194659216, 'min_child_samples': 27, 'reg_alpha': 1.4212042567426725e-07, 'reg_lambda': 0.23605753701352003}. Best is trial 4 with value: 0.07479452911255027.
[I 2026-06-01 15:48:57,071] Trial 5 finished with value: -0.005797358190528329 and parameters: {'confidence_threshold': 0.7111850244908446, 'training_days': 490, 'n_estimators': 362, 'max_depth': 5, 'num_leaves': 40, 'learning_rate': 0.05960785724162737, 'subsample': 0.5589714368907717, 'colsample_bytree': 0.6659006943232806, 'min_child_samples': 42, 'reg_alpha': 0.6741360303045295, 'reg_lambda': 6.054601607143087e-08}. Best is trial 4 with value: 0.07479452911255027.
[I 2026-06-01 15:48:57,252] Trial 6 finished with value: -0.0002472335505810913 and parameters: {'confidence_threshold': 0.667482545748023, 'training_days': 420, 'n_estimators': 279, 'max_depth': 3, 'num_leaves': 45, 'learning_rate': 0.040099592560849204, 'subsample': 0.8563114696415159, 'colsample_bytree': 0.5442917781944105, 'min_child_samples': 50, 'reg_alpha': 1.6407916423707903e-08, 'reg_lambda': 2.935907642973286e-05}. Best is trial 4 with value: 0.07479452911255027.
[I 2026-06-01 15:48:57,415] Trial 7 finished with value: 0.009014700592972033 and parameters: {'confidence_threshold': 0.5497381024139926, 'training_days': 120, 'n_estimators': 408, 'max_depth': 5, 'num_leaves': 38, 'learning_rate': 0.28049122657745795, 'subsample': 0.8806573338635493, 'colsample_bytree': 0.5454054113547102, 'min_child_samples': 63, 'reg_alpha': 0.01263008637940408, 'reg_lambda': 0.04588020805366937}. Best is trial 4 with value: 0.07479452911255027.
[I 2026-06-01 15:48:57,683] Trial 8 finished with value: -8.503185855606444e-05 and parameters: {'confidence_threshold': 0.719644804808716, 'training_days': 450, 'n_estimators': 410, 'max_depth': 4, 'num_leaves': 57, 'learning_rate': 0.04022026551478857, 'subsample': 0.5336085426932707, 'colsample_bytree': 0.5705742850577543, 'min_child_samples': 100, 'reg_alpha': 5.916398047912201e-07, 'reg_lambda': 0.9794034214488329}. Best is trial 4 with value: 0.07479452911255027.
[I 2026-06-01 15:48:57,707] Trial 9 finished with value: -4.0809165727462124 and parameters: {'confidence_threshold': 0.7267463643917187, 'training_days': 20, 'n_estimators': 337, 'max_depth': 5, 'num_leaves': 23, 'learning_rate': 0.022153031811454605, 'subsample': 0.6305627572358737, 'colsample_bytree': 0.6613413774216214, 'min_child_samples': 81, 'reg_alpha': 5.7638634029410314e-08, 'reg_lambda': 8.26603016764008}. Best is trial 4 with value: 0.07479452911255027.
[I 2026-06-01 15:48:57,794] Trial 10 finished with value: 0.08986568448356994 and parameters: {'confidence_threshold': 0.8398533911817929, 'training_days': 320, 'n_estimators': 52, 'max_depth': 4, 'num_leaves': 15, 'learning_rate': 0.1708019296390162, 'subsample': 0.7130289643560688, 'colsample_bytree': 0.9944479338273263, 'min_child_samples': 23, 'reg_alpha': 6.837313901272251e-05, 'reg_lambda': 0.007549769720510555}. Best is trial 10 with value: 0.08986568448356994.
[I 2026-06-01 15:48:57,888] Trial 11 finished with value: -0.008189717925502276 and parameters: {'confidence_threshold': 0.8491135887906174, 'training_days': 330, 'n_estimators': 53, 'max_depth': 4, 'num_leaves': 15, 'learning_rate': 0.1479896125735391, 'subsample': 0.7103077871754093, 'colsample_bytree': 0.9628722124262472, 'min_child_samples': 20, 'reg_alpha': 7.819782027405133e-05, 'reg_lambda': 0.00647465266809438}. Best is trial 10 with value: 0.08986568448356994.
[I 2026-06-01 15:48:57,975] Trial 12 finished with value: -0.10348578136099414 and parameters: {'confidence_threshold': 0.83900033179092, 'training_days': 360, 'n_estimators': 54, 'max_depth': 4, 'num_leaves': 26, 'learning_rate': 0.12411615325331521, 'subsample': 0.7192240704891215, 'colsample_bytree': 0.7600429376871523, 'min_child_samples': 20, 'reg_alpha': 3.8786120004382785e-05, 'reg_lambda': 0.004172853895910727}. Best is trial 10 with value: 0.08986568448356994.
[I 2026-06-01 15:48:58,168] Trial 13 finished with value: 0.09961129882177486 and parameters: {'confidence_threshold': 0.5040535938350955, 'training_days': 220, 'n_estimators': 178, 'max_depth': 4, 'num_leaves': 28, 'learning_rate': 0.2948941742815317, 'subsample': 0.6573331142956225, 'colsample_bytree': 0.9584932215576711, 'min_child_samples': 27, 'reg_alpha': 0.0029723774918501726, 'reg_lambda': 0.0027474715549855432}. Best is trial 13 with value: 0.09961129882177486.
