[I 2026-06-01 15:51:09,023] Trial 9 finished with value: -0.029035818229005105 and parameters: {'confidence_threshold': 0.6202096049169137, 'training_days': 260, 'n_estimators': 350, 'max_depth': 3, 'num_leaves': 21, 'learning_rate': 0.02989540198065364, 'subsample': 0.8307821683331218, 'colsample_bytree': 0.923253112635361, 'min_child_samples': 64, 'reg_alpha': 0.4898604619604203, 'reg_lambda': 2.9076377687066166e-05}. Best is trial 5 with value: 0.01964677846406709.
[I 2026-06-01 15:51:09,422] Trial 10 finished with value: 0.058740097471998286 and parameters: {'confidence_threshold': 0.5342665212695602, 'training_days': 470, 'n_estimators': 493, 'max_depth': 5, 'num_leaves': 63, 'learning_rate': 0.010221918552934462, 'subsample': 0.9166551855891288, 'colsample_bytree': 0.6202684210924141, 'min_child_samples': 99, 'reg_alpha': 2.371385268938747e-08, 'reg_lambda': 8.795022395727933e-08}. Best is trial 10 with value: 0.058740097471998286.

  [label] 2024-10-14 08:00 ETHUSDT entry=2634.9500 → LONG | long=timeout(+1.62%) short=sl(-3.98%) | scanned=22 | no_tp→fwd_return=+1.7177
  [label] 2025-01-12 16:00 ETHUSDT entry=3265.7000 → SHORT | long=sl(-4.62%) short=tp(+8.93%) | scanned=2 | short_tp_only
  [label] 2025-02-13 16:00 ETHUSDT entry=2674.5200 → LONG | long=timeout(+2.23%) short=timeout(-2.43%) | scanned=22 | no_tp→fwd_return=+2.3313
  [label] 2025-03-02 00:00 ETHUSDT entry=2220.2400 → SHORT | long=sl(-8.10%) short=sl(-8.10%) | scanned=6 | no_tp→fwd_return=-6.3313
  [label] 2025-03-14 16:00 ETHUSDT entry=1910.7900 → LONG | long=timeout(+2.73%) short=sl(-7.98%) | scanned=22 | no_tp→fwd_return=+2.8271
  [label] 2025-04-02 00:00 ETHUSDT entry=1864.0700 → SHORT | long=sl(-5.07%) short=sl(-5.07%) | scanned=4 | no_tp→fwd_return=-4.4338
  [label] 2025-04-08 08:00 ETHUSDT entry=1530.7500 → LONG | long=timeout(+5.74%) short=sl(-10.01%) | scanned=22 | no_tp→fwd_return=+5.8383
  [label] 2025-04-20 16:00 ETHUSDT entry=1586.5600 → LONG | long=tp(+8.92%) short=sl(-4.61%) | scanned=6 | long_tp_only
  [label] 2025-05-30 08:00 ETHUSDT entry=2597.0100 → SHORT | long=sl(-5.47%) short=timeout(+3.32%) | scanned=22 | no_tp→fwd_return=-3.4162
  [label] 2025-06-09 00:00 ETHUSDT entry=2490.6700 → LONG | long=tp(+8.13%) short=sl(-4.22%) | scanned=3 | long_tp_only
  [label] 2025-09-03 08:00 ETHUSDT entry=4477.0000 → SHORT | long=sl(-5.04%) short=timeout(+1.54%) | scanned=22 | no_tp→fwd_return=-1.6417
  Labels: 1173 long (54.0%), 998 short (46.0%) | weights: min=1.00, mean=3.73, max=10.00
  Features: 2171/2171 matched, 48 columns
  CV gap: 22 rows
  [ensemble 1/3] seed=42
    [trial 0] 48 features, training_days=480 | threshold=0.631 | labels: 1173 long, 998 short (54/46%)
    [CV fold 0] train_end=2024-01-23 08:00 | val_start=2024-01-31 00:00 | gap=184h (22 rows)
    [CV fold 1] train_end=2024-05-22 16:00 | val_start=2024-05-30 08:00 | gap=184h (22 rows)
    [CV fold 2] train_end=2024-09-20 00:00 | val_start=2024-09-27 16:00 | gap=184h (22 rows)
    [CV fold 3] train_end=2025-01-18 08:00 | val_start=2025-01-26 00:00 | gap=184h (22 rows)
    [CV fold 4] train_end=2025-05-18 16:00 | val_start=2025-05-26 08:00 | gap=184h (22 rows)
    [trial 0] Sharpe=0.0379 (folds: 0.1475, -0.0129, 0.0448, -0.2810, 0.2913)
    [trial 1] 48 features, training_days=420 | threshold=0.839 | labels: 1173 long, 998 short (54/46%)
    [trial 1] Sharpe=-2.0020 (folds: 0.0741, 0.0100, -0.1620, 0.0680, -10.0000)
    [trial 2] 48 features, training_days=190 | threshold=0.602 | labels: 1173 long, 998 short (54/46%)
    [trial 2] Sharpe=0.0060 (folds: 0.1663, -0.0221, 0.0312, -0.1546, 0.0091)
    [trial 3] 48 features, training_days=490 | threshold=0.832 | labels: 1173 long, 998 short (54/46%)
    [trial 3] Sharpe=-0.0035 (folds: 0.1619, -0.0912, 0.0258, -0.1693, 0.0554)
    [trial 4] 48 features, training_days=340 | threshold=0.591 | labels: 1173 long, 998 short (54/46%)
    [trial 4] Sharpe=-0.0016 (folds: 0.1580, 0.0142, 0.0797, -0.3294, 0.0697)
    [trial 5] 48 features, training_days=50 | threshold=0.823 | labels: 1173 long, 998 short (54/46%)
    [trial 5] Sharpe=-0.0447 (folds: 0.1469, -0.3179, 0.0056, -0.1464, 0.0883)
    [trial 6] 48 features, training_days=410 | threshold=0.549 | labels: 1173 long, 998 short (54/46%)
    [trial 6] Sharpe=-0.0064 (folds: 0.0910, -0.0484, 0.0751, -0.2259, 0.0762)
    [trial 7] 48 features, training_days=180 | threshold=0.526 | labels: 1173 long, 998 short (54/46%)
    [trial 7] Sharpe=0.0011 (folds: 0.1068, -0.0033, -0.0569, -0.1904, 0.1492)
    [trial 8] 48 features, training_days=240 | threshold=0.811 | labels: 1173 long, 998 short (54/46%)
    [trial 8] Sharpe=0.0114 (folds: 0.1176, -0.0626, 0.0619, -0.4279, 0.3679)
    [trial 9] 48 features, training_days=20 | threshold=0.538 | labels: 1173 long, 998 short (54/46%)
    [trial 9] Sharpe=0.0473 (folds: -0.1351, 0.1729, 0.1128, -0.0824, 0.1682)
    [trial 10] 48 features, training_days=10 | threshold=0.745 | labels: 1173 long, 998 short (54/46%)
    [trial 10] Sharpe=-1.9885 (folds: -0.1351, 0.1729, -0.1485, -10.0000, 0.1682)
    [trial 11] 48 features, training_days=110 | threshold=0.662 | labels: 1173 long, 998 short (54/46%)
    [trial 11] Sharpe=-0.0173 (folds: 0.2060, -0.0559, -0.1015, -0.2712, 0.1360)
    [trial 12] 48 features, training_days=320 | threshold=0.664 | labels: 1173 long, 998 short (54/46%)
    [trial 12] Sharpe=0.0169 (folds: 0.1934, -0.0471, -0.0268, -0.2528, 0.2176)
    [trial 13] 48 features, training_days=490 | threshold=0.607 | labels: 1173 long, 998 short (54/46%)
    [trial 13] Sharpe=-0.0100 (folds: 0.1960, -0.0653, 0.0177, -0.2741, 0.0759)
    [trial 14] 48 features, training_days=290 | threshold=0.732 | labels: 1173 long, 998 short (54/46%)
    [trial 14] Sharpe=0.0576 (folds: 0.2159, -0.0411, 0.0253, -0.2475, 0.3353)
    [trial 15] 48 features, training_days=290 | threshold=0.733 | labels: 1173 long, 998 short (54/46%)
    [trial 15] Sharpe=0.0582 (folds: 0.1984, -0.0938, -0.0338, -0.2117, 0.4318)
    [trial 16] 48 features, training_days=290 | threshold=0.734 | labels: 1173 long, 998 short (54/46%)
    [trial 16] Sharpe=0.0330 (folds: 0.2473, -0.0739, -0.0484, -0.2750, 0.3151)
    [trial 17] 48 features, training_days=370 | threshold=0.730 | labels: 1173 long, 998 short (54/46%)
    [trial 17] Sharpe=-0.0035 (folds: 0.2232, -0.0453, 0.0219, -0.3064, 0.0889)
  Optuna: 18 trials, best Sharpe = 0.0582
  Best params: n_estimators=264, max_depth=3, lr=0.1161, leaves=38
  Best confidence_threshold: 0.733
  Best training_days: 290
  Retrained on full data (870 samples, 48 features)
  [ensemble 2/3] seed=123
    [trial 0] 48 features, training_days=150 | threshold=0.744 | labels: 1173 long, 998 short (54/46%)
    [CV fold 0] train_end=2024-01-23 08:00 | val_start=2024-01-31 00:00 | gap=184h (22 rows)
    [CV fold 1] train_end=2024-05-22 16:00 | val_start=2024-05-30 08:00 | gap=184h (22 rows)
    [CV fold 2] train_end=2024-09-20 00:00 | val_start=2024-09-27 16:00 | gap=184h (22 rows)
    [CV fold 3] train_end=2025-01-18 08:00 | val_start=2025-01-26 00:00 | gap=184h (22 rows)
    [CV fold 4] train_end=2025-05-18 16:00 | val_start=2025-05-26 08:00 | gap=184h (22 rows)
    [trial 0] Sharpe=-0.0113 (folds: 0.1622, -0.0837, -0.0348, -0.2495, 0.1491)
    [trial 1] 48 features, training_days=220 | threshold=0.755 | labels: 1173 long, 998 short (54/46%)
    [trial 1] Sharpe=-0.3441 (folds: 0.1455, -0.3752, -0.0736, -2.2635, 0.8463)
    [trial 2] 48 features, training_days=310 | threshold=0.754 | labels: 1173 long, 998 short (54/46%)
    [trial 2] Sharpe=-0.0681 (folds: 0.0986, -0.0463, -0.0458, -0.2778, -0.0695)
    [trial 3] 48 features, training_days=220 | threshold=0.673 | labels: 1173 long, 998 short (54/46%)
    [trial 3] Sharpe=-0.0096 (folds: 0.1235, -0.0134, -0.0115, -0.2561, 0.1094)
    [trial 4] 48 features, training_days=130 | threshold=0.803 | labels: 1173 long, 998 short (54/46%)
    [trial 4] Sharpe=-0.0276 (folds: 0.1519, -0.1568, -0.0333, -0.2825, 0.1826)
    [trial 5] 48 features, training_days=210 | threshold=0.606 | labels: 1173 long, 998 short (54/46%)
    [trial 5] Sharpe=0.0196 (folds: 0.1740, -0.0407, -0.0822, -0.0807, 0.1278)
    [trial 6] 48 features, training_days=130 | threshold=0.767 | labels: 1173 long, 998 short (54/46%)
    [trial 6] Sharpe=-0.0337 (folds: 0.0638, -0.0618, 0.0545, -0.2427, 0.0176)
    [trial 7] 48 features, training_days=80 | threshold=0.556 | labels: 1173 long, 998 short (54/46%)
    [trial 7] Sharpe=-0.0035 (folds: 0.1003, 0.1098, -0.1067, -0.1701, 0.0493)
    [trial 8] 48 features, training_days=200 | threshold=0.607 | labels: 1173 long, 998 short (54/46%)
    [trial 8] Sharpe=-0.0138 (folds: 0.1183, 0.0294, -0.0473, -0.1979, 0.0284)
    [trial 9] 48 features, training_days=260 | threshold=0.620 | labels: 1173 long, 998 short (54/46%)
    [trial 9] Sharpe=-0.0290 (folds: 0.1267, -0.0358, 0.0031, -0.3378, 0.0986)
    [trial 10] 48 features, training_days=470 | threshold=0.534 | labels: 1173 long, 998 short (54/46%)
    [trial 10] Sharpe=0.0587 (folds: 0.1740, 0.0159, 0.0348, -0.2002, 0.2692)
    [trial 11] 48 features, training_days=480 | threshold=0.505 | labels: 1173 long, 998 short (54/46%)[I 2026-06-01 15:51:09,800] Trial 11 finished with value: 0.048870076412897166 and parameters: {'confidence_threshold': 0.5053494267891926, 'training_days': 480, 'n_estimators': 493, 'max_depth': 5, 'num_leaves': 63, 'learning_rate': 0.010535067237031162, 'subsample': 0.9442387173708715, 'colsample_bytree': 0.625107197757402, 'min_child_samples': 100, 'reg_alpha': 1.0529589035799712e-08, 'reg_lambda': 1.0010394227743426e-08}. Best is trial 10 with value: 0.058740097471998286.
[I 2026-06-01 15:51:10,188] Trial 12 finished with value: 0.05280851222787601 and parameters: {'confidence_threshold': 0.509006788238242, 'training_days': 500, 'n_estimators': 499, 'max_depth': 5, 'num_leaves': 63, 'learning_rate': 0.010201143194486034, 'subsample': 0.9413636424245803, 'colsample_bytree': 0.5773925919454104, 'min_child_samples': 100, 'reg_alpha': 1.3450797333889757e-08, 'reg_lambda': 3.4531095997954214e-07}. Best is trial 10 with value: 0.058740097471998286.
[I 2026-06-01 15:51:10,572] Trial 13 finished with value: 0.05393056020911251 and parameters: {'confidence_threshold': 0.5020595461799794, 'training_days': 500, 'n_estimators': 475, 'max_depth': 5, 'num_leaves': 63, 'learning_rate': 0.011020432354152414, 'subsample': 0.9096786077337915, 'colsample_bytree': 0.5337994462004911, 'min_child_samples': 95, 'reg_alpha': 1.2418618155563554e-08, 'reg_lambda': 4.796231566142275e-07}. Best is trial 10 with value: 0.058740097471998286.
[I 2026-06-01 15:51:10,917] Trial 14 finished with value: 0.023104861842575698 and parameters: {'confidence_threshold': 0.552801794773678, 'training_days': 400, 'n_estimators': 442, 'max_depth': 5, 'num_leaves': 56, 'learning_rate': 0.01645102485501106, 'subsample': 0.8859370708459197, 'colsample_bytree': 0.5022281513859994, 'min_child_samples': 84, 'reg_alpha': 2.886975654176598e-07, 'reg_lambda': 0.0038081143008355752}. Best is trial 10 with value: 0.058740097471998286.
[I 2026-06-01 15:51:11,299] Trial 15 finished with value: -0.015467463550944128 and parameters: {'confidence_threshold': 0.5551423717289237, 'training_days': 400, 'n_estimators': 436, 'max_depth': 4, 'num_leaves': 56, 'learning_rate': 0.037392478764815176, 'subsample': 0.882923351477871, 'colsample_bytree': 0.654335597631192, 'min_child_samples': 46, 'reg_alpha': 5.011892081220446e-07, 'reg_lambda': 5.760380710784797e-07}. Best is trial 10 with value: 0.058740097471998286.
[I 2026-06-01 15:51:11,533] Trial 16 finished with value: 0.01683565781322651 and parameters: {'confidence_threshold': 0.6710587538025595, 'training_days': 430, 'n_estimators': 279, 'max_depth': 5, 'num_leaves': 45, 'learning_rate': 0.0142468201984381, 'subsample': 0.8868474056204897, 'colsample_bytree': 0.5031154191570618, 'min_child_samples': 87, 'reg_alpha': 4.346939460499519e-07, 'reg_lambda': 0.5009197426674707}. Best is trial 10 with value: 0.058740097471998286.
[I 2026-06-01 15:51:11,884] Trial 17 finished with value: 0.0022796867524726427 and parameters: {'confidence_threshold': 0.5004748807695347, 'training_days': 330, 'n_estimators': 432, 'max_depth': 5, 'num_leaves': 59, 'learning_rate': 0.02985024780159564, 'subsample': 0.9800008370773408, 'colsample_bytree': 0.6661682243353865, 'min_child_samples': 77, 'reg_alpha': 7.674043559465562e-08, 'reg_lambda': 0.004873061588653978}. Best is trial 10 with value: 0.058740097471998286.
[I 2026-06-01 15:51:12,506] A new study created in memory with name: no-name-6827f2aa-86c6-47a5-a18a-129a1d8bf567
[I 2026-06-01 15:51:12,701] Trial 0 finished with value: 0.04930870237299678 and parameters: {'confidence_threshold': 0.5870645682749857, 'training_days': 90, 'n_estimators': 403, 'max_depth': 5, 'num_leaves': 45, 'learning_rate': 0.0780457193679974, 'subsample': 0.9428509515574568, 'colsample_bytree': 0.8795587339164916, 'min_child_samples': 34, 'reg_alpha': 2.2465901234314442e-07, 'reg_lambda': 8.339007036475363e-05}. Best is trial 0 with value: 0.04930870237299678.
[I 2026-06-01 15:51:12,799] Trial 1 finished with value: 0.029554845881570795 and parameters: {'confidence_threshold': 0.6348453934275313, 'training_days': 290, 'n_estimators': 115, 'max_depth': 5, 'num_leaves': 37, 'learning_rate': 0.06949568759029946, 'subsample': 0.8228505074024268, 'colsample_bytree': 0.8616703220431751, 'min_child_samples': 75, 'reg_alpha': 4.2486822725010923e-07, 'reg_lambda': 1.157247767047042e-07}. Best is trial 0 with value: 0.04930870237299678.
[I 2026-06-01 15:51:12,816] Trial 2 finished with value: -1.9885113622647501 and parameters: {'confidence_threshold': 0.5849570384370288, 'training_days': 10, 'n_estimators': 212, 'max_depth': 3, 'num_leaves': 41, 'learning_rate': 0.18452095998378365, 'subsample': 0.6001060822924371, 'colsample_bytree': 0.5673167293506167, 'min_child_samples': 37, 'reg_alpha': 5.733250064217131, 'reg_lambda': 0.5308454292595461}. Best is trial 0 with value: 0.04930870237299678.
[I 2026-06-01 15:51:12,887] Trial 3 finished with value: 0.0406931732236358 and parameters: {'confidence_threshold': 0.6868248626683718, 'training_days': 220, 'n_estimators': 134, 'max_depth': 3, 'num_leaves': 45, 'learning_rate': 0.033529007907491595, 'subsample': 0.8647277071858408, 'colsample_bytree': 0.778494116634046, 'min_child_samples': 96, 'reg_alpha': 2.409409937265785e-07, 'reg_lambda': 1.1642073478060009}. Best is trial 0 with value: 0.04930870237299678.
[I 2026-06-01 15:51:12,971] Trial 4 finished with value: -0.03689758880302595 and parameters: {'confidence_threshold': 0.5623121348350352, 'training_days': 300, 'n_estimators': 69, 'max_depth': 4, 'num_leaves': 32, 'learning_rate': 0.14967629360700346, 'subsample': 0.5054535233636654, 'colsample_bytree': 0.7401385194659216, 'min_child_samples': 27, 'reg_alpha': 1.4212042567426725e-07, 'reg_lambda': 0.23605753701352003}. Best is trial 0 with value: 0.04930870237299678.
[I 2026-06-01 15:51:13,427] Trial 5 finished with value: -0.0037638641925393235 and parameters: {'confidence_threshold': 0.7111850244908446, 'training_days': 490, 'n_estimators': 362, 'max_depth': 5, 'num_leaves': 40, 'learning_rate': 0.05960785724162737, 'subsample': 0.5589714368907717, 'colsample_bytree': 0.6659006943232806, 'min_child_samples': 42, 'reg_alpha': 0.6741360303045295, 'reg_lambda': 6.054601607143087e-08}. Best is trial 0 with value: 0.04930870237299678.
[I 2026-06-01 15:51:13,636] Trial 6 finished with value: 0.014750717624449261 and parameters: {'confidence_threshold': 0.667482545748023, 'training_days': 420, 'n_estimators': 279, 'max_depth': 3, 'num_leaves': 45, 'learning_rate': 0.040099592560849204, 'subsample': 0.8563114696415159, 'colsample_bytree': 0.5442917781944105, 'min_child_samples': 50, 'reg_alpha': 1.6407916423707903e-08, 'reg_lambda': 2.935907642973286e-05}. Best is trial 0 with value: 0.04930870237299678.
[I 2026-06-01 15:51:13,789] Trial 7 finished with value: -0.028151832612463117 and parameters: {'confidence_threshold': 0.5497381024139926, 'training_days': 120, 'n_estimators': 408, 'max_depth': 5, 'num_leaves': 38, 'learning_rate': 0.28049122657745795, 'subsample': 0.8806573338635493, 'colsample_bytree': 0.5454054113547102, 'min_child_samples': 63, 'reg_alpha': 0.01263008637940408, 'reg_lambda': 0.04588020805366937}. Best is trial 0 with value: 0.04930870237299678.
[I 2026-06-01 15:51:14,067] Trial 8 finished with value: 0.03514024967259126 and parameters: {'confidence_threshold': 0.719644804808716, 'training_days': 450, 'n_estimators': 410, 'max_depth': 4, 'num_leaves': 57, 'learning_rate': 0.04022026551478857, 'subsample': 0.5336085426932707, 'colsample_bytree': 0.5705742850577543, 'min_child_samples': 100, 'reg_alpha': 5.916398047912201e-07, 'reg_lambda': 0.9794034214488329}. Best is trial 0 with value: 0.04930870237299678.
[I 2026-06-01 15:51:14,094] Trial 9 finished with value: -1.9362322455105487 and parameters: {'confidence_threshold': 0.7267463643917187, 'training_days': 20, 'n_estimators': 337, 'max_depth': 5, 'num_leaves': 23, 'learning_rate': 0.022153031811454605, 'subsample': 0.6305627572358737, 'colsample_bytree': 0.6613413774216214, 'min_child_samples': 81, 'reg_alpha': 5.7638634029410314e-08, 'reg_lambda': 8.26603016764008}. Best is trial 0 with value: 0.04930870237299678.
[I 2026-06-01 15:51:14,464] Trial 10 finished with value: -0.005392941947654273 and parameters: {'confidence_threshold': 0.8398533911817929, 'training_days': 130, 'n_estimators': 485, 'max_depth': 4, 'num_leaves': 62, 'learning_rate': 0.014251957942824738, 'subsample': 0.9901604570372973, 'colsample_bytree': 0.9944479338273263, 'min_child_samples': 23, 'reg_alpha': 6.837313901272251e-05, 'reg_lambda': 0.0006976939169966911}. Best is trial 0 with value: 0.04930870237299678.
[I 2026-06-01 15:51:14,553] Trial 11 finished with value: -0.01338405101063253 and parameters: {'confidence_threshold': 0.6199117858976716, 'training_days': 140, 'n_estimators': 189, 'max_depth': 3, 'num_leaves': 50, 'learning_rate': 0.09545304377912815, 'subsample': 0.9905541628258661, 'colsample_bytree': 0.8685569825074387, 'min_child_samples': 100, 'reg_alpha': 2.5646023357365184e-05, 'reg_lambda': 0.00022486515256442478}. Best is trial 0 with value: 0.04930870237299678.
[I 2026-06-01 15:51:14,700] Trial 12 finished with value: -0.02371095785484997 and parameters: {'confidence_threshold': 0.5145853631584999, 'training_days': 210, 'n_estimators': 180, 'max_depth': 4, 'num_leaves': 51, 'learning_rate': 0.02532673736314218, 'subsample': 0.699496278476792, 'colsample_bytree': 0.8597431919298063, 'min_child_samples': 62, 'reg_alpha': 8.46843277074541e-06, 'reg_lambda': 6.401147683035173e-06}. Best is trial 0 with value: 0.04930870237299678.
[I 2026-06-01 15:51:14,856] Trial 13 finished with value: -0.0017073245652701242 and parameters: {'confidence_threshold': 0.8049870194265122, 'training_days': 210, 'n_estimators': 277, 'max_depth': 3, 'num_leaves': 28, 'learning_rate': 0.10926619326285375, 'subsample': 0.9166146949847447, 'colsample_bytree': 0.9517542384819386, 'min_child_samples': 84, 'reg_alpha': 0.002294767874941215, 'reg_lambda': 0.01780336035395431}. Best is trial 0 with value: 0.04930870237299678.
[I 2026-06-01 15:51:15,008] Trial 14 finished with value: 0.04428767326265243 and parameters: {'confidence_threshold': 0.7723320301796328, 'training_days': 80, 'n_estimators': 500, 'max_depth': 4, 'num_leaves': 17, 'learning_rate': 0.031096055815833468, 'subsample': 0.7749237294931106, 'colsample_bytree': 0.7832231035788051, 'min_child_samples': 52, 'reg_alpha': 2.1172134447991344e-06, 'reg_lambda': 0.0015209092787166734}. Best is trial 0 with value: 0.04930870237299678.
[I 2026-06-01 15:51:15,119] Trial 15 finished with value: 0.03148697000517096 and parameters: {'confidence_threshold': 0.7795247914563833, 'training_days': 60, 'n_estimators': 488, 'max_depth': 4, 'num_leaves': 16, 'learning_rate': 0.010018308006819113, 'subsample': 0.7627880021027855, 'colsample_bytree': 0.7822956172223686, 'min_child_samples': 47, 'reg_alpha': 4.7783549780930786e-06, 'reg_lambda': 0.0026406526000485684}. Best is trial 0 with value: 0.04930870237299678.
[I 2026-06-01 15:51:15,383] Trial 16 finished with value: 0.03758314942838368 and parameters: {'confidence_threshold': 0.7685488663478329, 'training_days': 110, 'n_estimators': 419, 'max_depth': 5, 'num_leaves': 15, 'learning_rate': 0.08013978663643848, 'subsample': 0.7543865421398536, 'colsample_bytree': 0.9373223525891455, 'min_child_samples': 35, 'reg_alpha': 0.0013511130956308378, 'reg_lambda': 6.33142158638e-06}. Best is trial 0 with value: 0.04930870237299678.
