[I 2026-06-01 15:46:34,999] Trial 9 finished with value: 0.028421189438982114 and parameters: {'confidence_threshold': 0.6202096049169137, 'training_days': 260, 'n_estimators': 350, 'max_depth': 3, 'num_leaves': 21, 'learning_rate': 0.02989540198065364, 'subsample': 0.8307821683331218, 'colsample_bytree': 0.923253112635361, 'min_child_samples': 64, 'reg_alpha': 0.4898604619604203, 'reg_lambda': 2.9076377687066166e-05}. Best is trial 3 with value: 0.03903489475190079.
[I 2026-06-01 15:46:35,450] Trial 10 finished with value: -0.029693808151368434 and parameters: {'confidence_threshold': 0.6756170272727778, 'training_days': 470, 'n_estimators': 493, 'max_depth': 4, 'num_leaves': 63, 'learning_rate': 0.010221918552934462, 'subsample': 0.9383547926937981, 'colsample_bytree': 0.6202684210924141, 'min_child_samples': 44, 'reg_alpha': 2.371385268938747e-08, 'reg_lambda': 0.015315426420116851}. Best is trial 3 with value: 0.03903489475190079.
[I 2026-06-01 15:46:35,574] Trial 11 finished with value: -0.004578657872711998 and parameters: {'confidence_threshold': 0.672304345793606, 'training_days': 340, 'n_estimators': 234, 'max_depth': 3, 'num_leaves': 20, 'learning_rate': 0.2941034455271501, 'subsample': 0.8826538612718937, 'colsample_bytree': 0.6778283959364831, 'min_child_samples': 48, 'reg_alpha': 5.56438571366154, 'reg_lambda': 0.0038467626144150177}. Best is trial 3 with value: 0.03903489475190079.
[I 2026-06-01 15:46:35,705] Trial 12 finished with value: -0.009076686663115691 and parameters: {'confidence_threshold': 0.6727899930733724, 'training_days': 340, 'n_estimators': 202, 'max_depth': 3, 'num_leaves': 63, 'learning_rate': 0.03554970762940541, 'subsample': 0.7245561114853949, 'colsample_bytree': 0.5196457038790347, 'min_child_samples': 100, 'reg_alpha': 1.6619318482295187e-07, 'reg_lambda': 1.2188980793434613e-06}. Best is trial 3 with value: 0.03903489475190079.
[I 2026-06-01 15:46:35,733] Trial 13 finished with value: 0.005145302581389508 and parameters: {'confidence_threshold': 0.5124380994302374, 'training_days': 10, 'n_estimators': 475, 'max_depth': 3, 'num_leaves': 27, 'learning_rate': 0.024281561878971163, 'subsample': 0.8524819925064617, 'colsample_bytree': 0.9292621018379528, 'min_child_samples': 42, 'reg_alpha': 1.0060661308529223e-06, 'reg_lambda': 0.06617758437351451}. Best is trial 3 with value: 0.03903489475190079.
[I 2026-06-01 15:46:35,951] Trial 14 finished with value: -0.014519470156631372 and parameters: {'confidence_threshold': 0.6183911428840078, 'training_days': 290, 'n_estimators': 280, 'max_depth': 4, 'num_leaves': 15, 'learning_rate': 0.1450254414015962, 'subsample': 0.6612240067383277, 'colsample_bytree': 0.9977226699583523, 'min_child_samples': 80, 'reg_alpha': 0.06393304247493362, 'reg_lambda': 0.00019286729276019797}. Best is trial 3 with value: 0.03903489475190079.
[I 2026-06-01 15:46:36,252] Trial 15 finished with value: -0.023491773806361648 and parameters: {'confidence_threshold': 0.7050367233919248, 'training_days': 460, 'n_estimators': 300, 'max_depth': 4, 'num_leaves': 56, 'learning_rate': 0.047964452603681096, 'subsample': 0.507007918467014, 'colsample_bytree': 0.7241986323105418, 'min_child_samples': 55, 'reg_alpha': 9.061543342246209, 'reg_lambda': 3.5532501480887757}. Best is trial 3 with value: 0.03903489475190079.
[I 2026-06-01 15:46:36,572] Trial 16 finished with value: -0.0003147720300444884 and parameters: {'confidence_threshold': 0.6351555571163623, 'training_days': 270, 'n_estimators': 438, 'max_depth': 3, 'num_leaves': 44, 'learning_rate': 0.011618707686079076, 'subsample': 0.7616663246379325, 'colsample_bytree': 0.9182676696103418, 'min_child_samples': 35, 'reg_alpha': 1.6323832176782968e-06, 'reg_lambda': 3.808650723358034e-07}. Best is trial 3 with value: 0.03903489475190079.
[I 2026-06-01 15:46:36,784] Trial 17 finished with value: -0.06828132744899117 and parameters: {'confidence_threshold': 0.5617278450091161, 'training_days': 390, 'n_estimators': 162, 'max_depth': 5, 'num_leaves': 29, 'learning_rate': 0.03384621832572817, 'subsample': 0.8856714096924677, 'colsample_bytree': 0.7604011355749908, 'min_child_samples': 52, 'reg_alpha': 0.031339913113165224, 'reg_lambda': 5.109832492945068e-05}. Best is trial 3 with value: 0.03903489475190079.
[I 2026-06-01 15:46:37,049] A new study created in memory with name: no-name-e95ef868-b30f-41d3-bbfb-ab1d9132b1ce

  Features: 2168/2168 matched, 48 columns
  CV gap: 22 rows
  [ensemble 1/3] seed=42
    [trial 0] 48 features, training_days=480 | threshold=0.631 | labels: 1022 long, 1146 short (47/53%)
    [CV fold 0] train_end=2021-12-23 08:00 | val_start=2021-12-31 00:00 | gap=184h (22 rows)
    [CV fold 1] train_end=2022-04-22 16:00 | val_start=2022-04-30 08:00 | gap=184h (22 rows)
    [CV fold 2] train_end=2022-08-21 00:00 | val_start=2022-08-28 16:00 | gap=184h (22 rows)
    [CV fold 3] train_end=2022-12-19 08:00 | val_start=2022-12-27 00:00 | gap=184h (22 rows)
    [CV fold 4] train_end=2023-04-18 16:00 | val_start=2023-04-26 08:00 | gap=184h (22 rows)
    [trial 0] Sharpe=-0.0268 (folds: 0.2139, -0.0758, -0.0025, -0.0314, -0.2380)
    [trial 1] 48 features, training_days=420 | threshold=0.839 | labels: 1022 long, 1146 short (47/53%)
    [trial 1] Sharpe=-1.9864 (folds: 0.4241, -0.1044, 0.4579, -10.0000, -0.7097)
    [trial 2] 48 features, training_days=190 | threshold=0.602 | labels: 1022 long, 1146 short (47/53%)
    [trial 2] Sharpe=-0.0030 (folds: 0.2382, -0.0607, -0.0838, -0.0477, -0.0609)
    [trial 3] 48 features, training_days=490 | threshold=0.832 | labels: 1022 long, 1146 short (47/53%)
    [trial 3] Sharpe=0.0173 (folds: 0.3750, -0.1380, 0.1230, -0.0788, -0.1948)
    [trial 4] 48 features, training_days=340 | threshold=0.591 | labels: 1022 long, 1146 short (47/53%)
    [trial 4] Sharpe=-0.0810 (folds: 0.0115, -0.0051, -0.0320, -0.1907, -0.1886)
    [trial 5] 48 features, training_days=50 | threshold=0.823 | labels: 1022 long, 1146 short (47/53%)
    [trial 5] Sharpe=-0.1863 (folds: 0.0829, -0.3443, 0.0131, -0.3040, -0.3791)
    [trial 6] 48 features, training_days=410 | threshold=0.549 | labels: 1022 long, 1146 short (47/53%)
    [trial 6] Sharpe=-0.0123 (folds: 0.1113, 0.0977, -0.0854, -0.0179, -0.1670)
    [trial 7] 48 features, training_days=180 | threshold=0.526 | labels: 1022 long, 1146 short (47/53%)
    [trial 7] Sharpe=-0.0667 (folds: 0.1310, -0.0609, -0.1171, -0.0693, -0.2170)
    [trial 8] 48 features, training_days=240 | threshold=0.811 | labels: 1022 long, 1146 short (47/53%)
    [trial 8] Sharpe=0.0206 (folds: 0.4257, -0.0747, 0.1019, -0.1275, -0.2224)
    [trial 9] 48 features, training_days=20 | threshold=0.538 | labels: 1022 long, 1146 short (47/53%)
    [trial 9] Sharpe=-3.9966 (folds: -10.0000, 0.1331, 0.0253, -10.0000, -0.1415)
    [trial 10] 48 features, training_days=280 | threshold=0.734 | labels: 1022 long, 1146 short (47/53%)
    [trial 10] Sharpe=0.0448 (folds: 0.2253, -0.0974, 0.1444, -0.0607, 0.0125)
    [trial 11] 48 features, training_days=280 | threshold=0.742 | labels: 1022 long, 1146 short (47/53%)
    [trial 11] Sharpe=0.0415 (folds: 0.1926, -0.1326, 0.1762, -0.0742, 0.0455)
    [trial 12] 48 features, training_days=300 | threshold=0.727 | labels: 1022 long, 1146 short (47/53%)
    [trial 12] Sharpe=0.0317 (folds: 0.2425, -0.1179, 0.1735, -0.0508, -0.0886)
    [trial 13] 48 features, training_days=140 | threshold=0.732 | labels: 1022 long, 1146 short (47/53%)
    [trial 13] Sharpe=-0.0116 (folds: 0.2674, -0.2275, -0.0281, -0.0752, 0.0053)
    [trial 14] 48 features, training_days=320 | threshold=0.738 | labels: 1022 long, 1146 short (47/53%)
    [trial 14] Sharpe=0.0413 (folds: 0.2023, -0.0954, 0.1562, -0.0417, -0.0149)
    [trial 15] 48 features, training_days=250 | threshold=0.681 | labels: 1022 long, 1146 short (47/53%)
    [trial 15] Sharpe=0.0416 (folds: 0.2174, -0.1527, 0.1660, 0.0136, -0.0363)
    [trial 16] 48 features, training_days=110 | threshold=0.676 | labels: 1022 long, 1146 short (47/53%)
    [trial 16] Sharpe=-0.0834 (folds: 0.0938, -0.1011, -0.0431, -0.0554, -0.3110)
    [trial 17] 48 features, training_days=370 | threshold=0.676 | labels: 1022 long, 1146 short (47/53%)
    [trial 17] Sharpe=-0.0356 (folds: 0.2094, -0.1023, 0.1209, -0.1410, -0.2650)
  Optuna: 18 trials, best Sharpe = 0.0448
  Best params: n_estimators=487, max_depth=5, lr=0.1043, leaves=62
  Best confidence_threshold: 0.734
  Best training_days: 280
  Retrained on full data (840 samples, 48 features)
  [ensemble 2/3] seed=123
    [trial 0] 48 features, training_days=150 | threshold=0.744 | labels: 1022 long, 1146 short (47/53%)
    [CV fold 0] train_end=2021-12-23 08:00 | val_start=2021-12-31 00:00 | gap=184h (22 rows)
    [CV fold 1] train_end=2022-04-22 16:00 | val_start=2022-04-30 08:00 | gap=184h (22 rows)
    [CV fold 2] train_end=2022-08-21 00:00 | val_start=2022-08-28 16:00 | gap=184h (22 rows)
    [CV fold 3] train_end=2022-12-19 08:00 | val_start=2022-12-27 00:00 | gap=184h (22 rows)
    [CV fold 4] train_end=2023-04-18 16:00 | val_start=2023-04-26 08:00 | gap=184h (22 rows)
    [trial 0] Sharpe=0.0040 (folds: 0.3808, -0.2959, -0.0703, 0.1050, -0.0996)
    [trial 1] 48 features, training_days=220 | threshold=0.755 | labels: 1022 long, 1146 short (47/53%)
    [trial 1] Sharpe=-3.7931 (folds: 0.4336, -0.1641, 0.7651, -10.0000, -10.0000)
    [trial 2] 48 features, training_days=310 | threshold=0.754 | labels: 1022 long, 1146 short (47/53%)
    [trial 2] Sharpe=-0.0277 (folds: 0.2315, -0.1000, 0.1260, -0.2278, -0.1682)
    [trial 3] 48 features, training_days=220 | threshold=0.673 | labels: 1022 long, 1146 short (47/53%)
    [trial 3] Sharpe=0.0390 (folds: 0.2223, -0.1056, 0.1640, -0.0069, -0.0786)
    [trial 4] 48 features, training_days=130 | threshold=0.803 | labels: 1022 long, 1146 short (47/53%)
    [trial 4] Sharpe=-0.0811 (folds: 0.3744, -0.2656, -0.0916, -0.1581, -0.2646)
    [trial 5] 48 features, training_days=210 | threshold=0.606 | labels: 1022 long, 1146 short (47/53%)
    [trial 5] Sharpe=0.0099 (folds: 0.2092, -0.0717, 0.0503, -0.0527, -0.0859)
    [trial 6] 48 features, training_days=130 | threshold=0.767 | labels: 1022 long, 1146 short (47/53%)
    [trial 6] Sharpe=-0.0598 (folds: 0.2698, -0.2331, -0.0681, -0.2162, -0.0513)
    [trial 7] 48 features, training_days=80 | threshold=0.556 | labels: 1022 long, 1146 short (47/53%)
    [trial 7] Sharpe=-0.1367 (folds: -0.0935, -0.4268, -0.0119, -0.0611, -0.0903)
    [trial 8] 48 features, training_days=200 | threshold=0.607 | labels: 1022 long, 1146 short (47/53%)
    [trial 8] Sharpe=0.0142 (folds: 0.2220, -0.0350, 0.0237, -0.0614, -0.0780)
    [trial 9] 48 features, training_days=260 | threshold=0.620 | labels: 1022 long, 1146 short (47/53%)
    [trial 9] Sharpe=0.0284 (folds: 0.2124, -0.0211, 0.0910, -0.0625, -0.0776)
    [trial 10] 48 features, training_days=470 | threshold=0.676 | labels: 1022 long, 1146 short (47/53%)
    [trial 10] Sharpe=-0.0297 (folds: 0.2400, -0.0364, 0.0914, -0.0653, -0.3781)
    [trial 11] 48 features, training_days=340 | threshold=0.672 | labels: 1022 long, 1146 short (47/53%)
    [trial 11] Sharpe=-0.0046 (folds: 0.2620, -0.1279, 0.0165, -0.1540, -0.0196)
    [trial 12] 48 features, training_days=340 | threshold=0.673 | labels: 1022 long, 1146 short (47/53%)
    [trial 12] Sharpe=-0.0091 (folds: 0.1180, -0.0076, 0.1049, -0.1755, -0.0852)
    [trial 13] 48 features, training_days=10 | threshold=0.512 | labels: 1022 long, 1146 short (47/53%)
    [trial 13] Sharpe=0.0051 (folds: 0.0087, 0.1331, 0.0253, -0.1648, 0.0234)
    [trial 14] 48 features, training_days=290 | threshold=0.618 | labels: 1022 long, 1146 short (47/53%)
    [trial 14] Sharpe=-0.0145 (folds: 0.2043, -0.0845, 0.0645, -0.2060, -0.0509)
    [trial 15] 48 features, training_days=460 | threshold=0.705 | labels: 1022 long, 1146 short (47/53%)
    [trial 15] Sharpe=-0.0235 (folds: 0.2924, -0.0921, -0.0015, -0.0571, -0.2591)
    [trial 16] 48 features, training_days=270 | threshold=0.635 | labels: 1022 long, 1146 short (47/53%)
    [trial 16] Sharpe=-0.0003 (folds: 0.1934, -0.0977, 0.0396, -0.1034, -0.0334)
    [trial 17] 48 features, training_days=390 | threshold=0.562 | labels: 1022 long, 1146 short (47/53%)
    [trial 17] Sharpe=-0.0683 (folds: 0.1323, -0.0868, -0.0412, -0.2348, -0.1108)
  Optuna: 18 trials, best Sharpe = 0.0390
  Best params: n_estimators=190, max_depth=4, lr=0.2481, leaves=58
  Best confidence_threshold: 0.673
  Best training_days: 220
  Retrained on full data (660 samples, 48 features)
  [ensemble 3/3] seed=456
    [trial 0] 48 features, training_days=90 | threshold=0.587 | labels: 1022 long, 1146 short (47/53%)[I 2026-06-01 15:46:37,251] Trial 0 finished with value: -0.141440409366596 and parameters: {'confidence_threshold': 0.5870645682749857, 'training_days': 90, 'n_estimators': 403, 'max_depth': 5, 'num_leaves': 45, 'learning_rate': 0.0780457193679974, 'subsample': 0.9428509515574568, 'colsample_bytree': 0.8795587339164916, 'min_child_samples': 34, 'reg_alpha': 2.2465901234314442e-07, 'reg_lambda': 8.339007036475363e-05}. Best is trial 0 with value: -0.141440409366596.
[I 2026-06-01 15:46:37,358] Trial 1 finished with value: -0.006287153847572169 and parameters: {'confidence_threshold': 0.6348453934275313, 'training_days': 290, 'n_estimators': 115, 'max_depth': 5, 'num_leaves': 37, 'learning_rate': 0.06949568759029946, 'subsample': 0.8228505074024268, 'colsample_bytree': 0.8616703220431751, 'min_child_samples': 75, 'reg_alpha': 4.2486822725010923e-07, 'reg_lambda': 1.157247767047042e-07}. Best is trial 1 with value: -0.006287153847572169.
[I 2026-06-01 15:46:37,379] Trial 2 finished with value: 0.005145302581389508 and parameters: {'confidence_threshold': 0.5849570384370288, 'training_days': 10, 'n_estimators': 212, 'max_depth': 3, 'num_leaves': 41, 'learning_rate': 0.18452095998378365, 'subsample': 0.6001060822924371, 'colsample_bytree': 0.5673167293506167, 'min_child_samples': 37, 'reg_alpha': 5.733250064217131, 'reg_lambda': 0.5308454292595461}. Best is trial 2 with value: 0.005145302581389508.
[I 2026-06-01 15:46:37,457] Trial 3 finished with value: -0.04538799670535755 and parameters: {'confidence_threshold': 0.6868248626683718, 'training_days': 220, 'n_estimators': 134, 'max_depth': 3, 'num_leaves': 45, 'learning_rate': 0.033529007907491595, 'subsample': 0.8647277071858408, 'colsample_bytree': 0.778494116634046, 'min_child_samples': 96, 'reg_alpha': 2.409409937265785e-07, 'reg_lambda': 1.1642073478060009}. Best is trial 2 with value: 0.005145302581389508.
[I 2026-06-01 15:46:37,545] Trial 4 finished with value: -0.06069268693431442 and parameters: {'confidence_threshold': 0.5623121348350352, 'training_days': 300, 'n_estimators': 69, 'max_depth': 4, 'num_leaves': 32, 'learning_rate': 0.14967629360700346, 'subsample': 0.5054535233636654, 'colsample_bytree': 0.7401385194659216, 'min_child_samples': 27, 'reg_alpha': 1.4212042567426725e-07, 'reg_lambda': 0.23605753701352003}. Best is trial 2 with value: 0.005145302581389508.
[I 2026-06-01 15:46:37,988] Trial 5 finished with value: 0.020526582802921762 and parameters: {'confidence_threshold': 0.7111850244908446, 'training_days': 490, 'n_estimators': 362, 'max_depth': 5, 'num_leaves': 40, 'learning_rate': 0.05960785724162737, 'subsample': 0.5589714368907717, 'colsample_bytree': 0.6659006943232806, 'min_child_samples': 42, 'reg_alpha': 0.6741360303045295, 'reg_lambda': 6.054601607143087e-08}. Best is trial 5 with value: 0.020526582802921762.
[I 2026-06-01 15:46:38,172] Trial 6 finished with value: -0.028742016766511565 and parameters: {'confidence_threshold': 0.667482545748023, 'training_days': 420, 'n_estimators': 279, 'max_depth': 3, 'num_leaves': 45, 'learning_rate': 0.040099592560849204, 'subsample': 0.8563114696415159, 'colsample_bytree': 0.5442917781944105, 'min_child_samples': 50, 'reg_alpha': 1.6407916423707903e-08, 'reg_lambda': 2.935907642973286e-05}. Best is trial 5 with value: 0.020526582802921762.
[I 2026-06-01 15:46:38,333] Trial 7 finished with value: -0.10929517388206374 and parameters: {'confidence_threshold': 0.5497381024139926, 'training_days': 120, 'n_estimators': 408, 'max_depth': 5, 'num_leaves': 38, 'learning_rate': 0.28049122657745795, 'subsample': 0.8806573338635493, 'colsample_bytree': 0.5454054113547102, 'min_child_samples': 63, 'reg_alpha': 0.01263008637940408, 'reg_lambda': 0.04588020805366937}. Best is trial 5 with value: 0.020526582802921762.
[I 2026-06-01 15:46:38,612] Trial 8 finished with value: -0.046679945534251616 and parameters: {'confidence_threshold': 0.719644804808716, 'training_days': 450, 'n_estimators': 410, 'max_depth': 4, 'num_leaves': 57, 'learning_rate': 0.04022026551478857, 'subsample': 0.5336085426932707, 'colsample_bytree': 0.5705742850577543, 'min_child_samples': 100, 'reg_alpha': 5.916398047912201e-07, 'reg_lambda': 0.9794034214488329}. Best is trial 5 with value: 0.020526582802921762.
[I 2026-06-01 15:46:38,634] Trial 9 finished with value: -7.994933623562417 and parameters: {'confidence_threshold': 0.7267463643917187, 'training_days': 20, 'n_estimators': 337, 'max_depth': 5, 'num_leaves': 23, 'learning_rate': 0.022153031811454605, 'subsample': 0.6305627572358737, 'colsample_bytree': 0.6613413774216214, 'min_child_samples': 81, 'reg_alpha': 5.7638634029410314e-08, 'reg_lambda': 8.26603016764008}. Best is trial 5 with value: 0.020526582802921762.
[I 2026-06-01 15:46:39,156] Trial 10 finished with value: 0.04499928345085019 and parameters: {'confidence_threshold': 0.8283920119574972, 'training_days': 490, 'n_estimators': 485, 'max_depth': 4, 'num_leaves': 15, 'learning_rate': 0.013054596495157828, 'subsample': 0.7130289643560688, 'colsample_bytree': 0.9944479338273263, 'min_child_samples': 52, 'reg_alpha': 2.8556520323203283, 'reg_lambda': 1.4521305760519918e-08}. Best is trial 10 with value: 0.04499928345085019.
[I 2026-06-01 15:46:39,738] Trial 11 finished with value: -0.26293871595025226 and parameters: {'confidence_threshold': 0.8427661908265961, 'training_days': 500, 'n_estimators': 478, 'max_depth': 4, 'num_leaves': 15, 'learning_rate': 0.010040241734622521, 'subsample': 0.688822077530971, 'colsample_bytree': 0.9628722124262472, 'min_child_samples': 49, 'reg_alpha': 9.65090528733781, 'reg_lambda': 1.5920494933139244e-08}. Best is trial 10 with value: 0.04499928345085019.
[I 2026-06-01 15:46:40,171] Trial 12 finished with value: -0.10181892431257315 and parameters: {'confidence_threshold': 0.823724329897743, 'training_days': 380, 'n_estimators': 490, 'max_depth': 4, 'num_leaves': 57, 'learning_rate': 0.010307689130352767, 'subsample': 0.7296174856080863, 'colsample_bytree': 0.6706001178156101, 'min_child_samples': 49, 'reg_alpha': 0.036779794097033955, 'reg_lambda': 7.810386228944341e-07}. Best is trial 10 with value: 0.04499928345085019.
[I 2026-06-01 15:46:40,478] Trial 13 finished with value: 0.020878806727140597 and parameters: {'confidence_threshold': 0.7781382606346152, 'training_days': 350, 'n_estimators': 327, 'max_depth': 4, 'num_leaves': 27, 'learning_rate': 0.023468126747120118, 'subsample': 0.6450520679142305, 'colsample_bytree': 0.9584932215576711, 'min_child_samples': 63, 'reg_alpha': 0.16752838486650762, 'reg_lambda': 1.8799948266058237e-06}. Best is trial 10 with value: 0.04499928345085019.
[I 2026-06-01 15:46:40,708] Trial 14 finished with value: 0.018901198960470544 and parameters: {'confidence_threshold': 0.7855846898014007, 'training_days': 360, 'n_estimators': 245, 'max_depth': 4, 'num_leaves': 15, 'learning_rate': 0.01983120864968338, 'subsample': 0.6756226956568219, 'colsample_bytree': 0.9960696751950112, 'min_child_samples': 64, 'reg_alpha': 0.0005061136429986866, 'reg_lambda': 2.2389153235544636e-06}. Best is trial 10 with value: 0.04499928345085019.
[I 2026-06-01 15:46:40,903] Trial 15 finished with value: 0.0600618988703429 and parameters: {'confidence_threshold': 0.7805338126899776, 'training_days': 210, 'n_estimators': 300, 'max_depth': 4, 'num_leaves': 25, 'learning_rate': 0.01804858747610296, 'subsample': 0.7637458705013973, 'colsample_bytree': 0.9160264340943409, 'min_child_samples': 73, 'reg_alpha': 0.13059613104316006, 'reg_lambda': 0.0026406526000485684}. Best is trial 15 with value: 0.0600618988703429.
[I 2026-06-01 15:46:41,039] Trial 16 finished with value: -1.9946409994843375 and parameters: {'confidence_threshold': 0.7809712285122007, 'training_days': 210, 'n_estimators': 186, 'max_depth': 4, 'num_leaves': 22, 'learning_rate': 0.014252852422703735, 'subsample': 0.7675890377475256, 'colsample_bytree': 0.8845483791497737, 'min_child_samples': 76, 'reg_alpha': 0.0007861735932996453, 'reg_lambda': 0.007529765171407989}. Best is trial 15 with value: 0.0600618988703429.
