[I 2026-06-01 15:46:46,461] Trial 9 finished with value: -0.033216233581165266 and parameters: {'confidence_threshold': 0.6202096049169137, 'training_days': 260, 'n_estimators': 350, 'max_depth': 3, 'num_leaves': 21, 'learning_rate': 0.02989540198065364, 'subsample': 0.8307821683331218, 'colsample_bytree': 0.923253112635361, 'min_child_samples': 64, 'reg_alpha': 0.4898604619604203, 'reg_lambda': 2.9076377687066166e-05}. Best is trial 3 with value: -0.005409502956838147.
[I 2026-06-01 15:46:46,923] Trial 10 finished with value: -0.13217319141246903 and parameters: {'confidence_threshold': 0.6756170272727778, 'training_days': 470, 'n_estimators': 493, 'max_depth': 4, 'num_leaves': 63, 'learning_rate': 0.010221918552934462, 'subsample': 0.9383547926937981, 'colsample_bytree': 0.6202684210924141, 'min_child_samples': 44, 'reg_alpha': 2.371385268938747e-08, 'reg_lambda': 0.015315426420116851}. Best is trial 3 with value: -0.005409502956838147.
[I 2026-06-01 15:46:46,958] Trial 11 finished with value: -1.993207478583392 and parameters: {'confidence_threshold': 0.8371297552840329, 'training_days': 20, 'n_estimators': 188, 'max_depth': 4, 'num_leaves': 20, 'learning_rate': 0.29626502575289787, 'subsample': 0.8826538612718937, 'colsample_bytree': 0.6612241103206169, 'min_child_samples': 21, 'reg_alpha': 2.9911612532409865e-07, 'reg_lambda': 0.007364523359426745}. Best is trial 3 with value: -0.005409502956838147.
[I 2026-06-01 15:46:47,037] Trial 12 finished with value: -0.028553355246820705 and parameters: {'confidence_threshold': 0.6885215769111167, 'training_days': 350, 'n_estimators': 51, 'max_depth': 4, 'num_leaves': 63, 'learning_rate': 0.27948856963572544, 'subsample': 0.7245561114853949, 'colsample_bytree': 0.5196457038790347, 'min_child_samples': 41, 'reg_alpha': 0.021323378495678346, 'reg_lambda': 0.001793325873299761}. Best is trial 3 with value: -0.005409502956838147.
[I 2026-06-01 15:46:47,216] Trial 13 finished with value: -0.05582059972118493 and parameters: {'confidence_threshold': 0.7149451611878328, 'training_days': 400, 'n_estimators': 175, 'max_depth': 4, 'num_leaves': 28, 'learning_rate': 0.1680619682471023, 'subsample': 0.8887479594345413, 'colsample_bytree': 0.7082407533656954, 'min_child_samples': 43, 'reg_alpha': 1.0060661308529223e-06, 'reg_lambda': 0.7800766885584782}. Best is trial 3 with value: -0.005409502956838147.
[I 2026-06-01 15:46:47,316] Trial 14 finished with value: 0.017000692084812353 and parameters: {'confidence_threshold': 0.5166805703527768, 'training_days': 70, 'n_estimators': 236, 'max_depth': 4, 'num_leaves': 15, 'learning_rate': 0.18191638546216016, 'subsample': 0.6612240067383277, 'colsample_bytree': 0.9959348592397881, 'min_child_samples': 34, 'reg_alpha': 0.016435092915656313, 'reg_lambda': 0.0003861055467732983}. Best is trial 14 with value: 0.017000692084812353.
[I 2026-06-01 15:46:47,346] Trial 15 finished with value: 0.029563418398152908 and parameters: {'confidence_threshold': 0.5026055290809989, 'training_days': 10, 'n_estimators': 251, 'max_depth': 5, 'num_leaves': 56, 'learning_rate': 0.12590433810309265, 'subsample': 0.507007918467014, 'colsample_bytree': 0.9961345294363645, 'min_child_samples': 51, 'reg_alpha': 8.31952480812236, 'reg_lambda': 9.294665025482195e-07}. Best is trial 15 with value: 0.029563418398152908.
[I 2026-06-01 15:46:47,376] Trial 16 finished with value: 0.029563418398152908 and parameters: {'confidence_threshold': 0.5066510969035435, 'training_days': 20, 'n_estimators': 257, 'max_depth': 5, 'num_leaves': 15, 'learning_rate': 0.12443744208829541, 'subsample': 0.501520135377716, 'colsample_bytree': 0.9594312298143085, 'min_child_samples': 56, 'reg_alpha': 3.433399905162048, 'reg_lambda': 4.7311015029906144e-07}. Best is trial 15 with value: 0.029563418398152908.
[I 2026-06-01 15:46:47,407] Trial 17 finished with value: 0.029563418398152908 and parameters: {'confidence_threshold': 0.5004748807695347, 'training_days': 10, 'n_estimators': 295, 'max_depth': 5, 'num_leaves': 45, 'learning_rate': 0.11320303505416766, 'subsample': 0.5109585516857739, 'colsample_bytree': 0.9261458944734143, 'min_child_samples': 52, 'reg_alpha': 7.284070645541434, 'reg_lambda': 4.839423689143918e-07}. Best is trial 15 with value: 0.029563418398152908.

  [label] 2023-09-03 08:00 ETHUSDT entry=1632.1800 → SHORT | long=timeout(-0.91%) short=sl(-2.65%) | scanned=22 | no_tp→fwd_return=-0.8136
  Labels: 1013 long (46.7%), 1155 short (53.3%) | weights: min=1.00, mean=2.97, max=10.00
  Features: 2168/2168 matched, 48 columns
  CV gap: 22 rows
  [ensemble 1/3] seed=42
    [trial 0] 48 features, training_days=480 | threshold=0.631 | labels: 1013 long, 1155 short (47/53%)
    [CV fold 0] train_end=2022-01-22 08:00 | val_start=2022-01-30 00:00 | gap=184h (22 rows)
    [CV fold 1] train_end=2022-05-22 16:00 | val_start=2022-05-30 08:00 | gap=184h (22 rows)
    [CV fold 2] train_end=2022-09-20 00:00 | val_start=2022-09-27 16:00 | gap=184h (22 rows)
    [CV fold 3] train_end=2023-01-18 08:00 | val_start=2023-01-26 00:00 | gap=184h (22 rows)
    [CV fold 4] train_end=2023-05-18 16:00 | val_start=2023-05-26 08:00 | gap=184h (22 rows)
    [trial 0] Sharpe=-0.0823 (folds: -0.0051, 0.1682, -0.3271, -0.1894, -0.0580)
    [trial 1] 48 features, training_days=420 | threshold=0.839 | labels: 1013 long, 1155 short (47/53%)
    [trial 1] Sharpe=-4.0368 (folds: 0.2258, -0.1443, -0.2655, -10.0000, -10.0000)
    [trial 2] 48 features, training_days=190 | threshold=0.602 | labels: 1013 long, 1155 short (47/53%)
    [trial 2] Sharpe=-0.0161 (folds: -0.0413, 0.0675, -0.0706, -0.0387, 0.0026)
    [trial 3] 48 features, training_days=490 | threshold=0.832 | labels: 1013 long, 1155 short (47/53%)
    [trial 3] Sharpe=-0.0964 (folds: 0.0366, 0.1437, -0.2687, -0.3593, -0.0342)
    [trial 4] 48 features, training_days=340 | threshold=0.591 | labels: 1013 long, 1155 short (47/53%)
    [trial 4] Sharpe=-0.1012 (folds: -0.0933, 0.1047, -0.2826, -0.1548, -0.0798)
    [trial 5] 48 features, training_days=50 | threshold=0.823 | labels: 1013 long, 1155 short (47/53%)
    [trial 5] Sharpe=0.0509 (folds: 0.1270, 0.1310, -0.0469, -0.1458, 0.1890)
    [trial 6] 48 features, training_days=410 | threshold=0.549 | labels: 1013 long, 1155 short (47/53%)
    [trial 6] Sharpe=-0.0652 (folds: -0.0499, 0.1024, -0.2513, -0.1777, 0.0505)
    [trial 7] 48 features, training_days=180 | threshold=0.526 | labels: 1013 long, 1155 short (47/53%)
    [trial 7] Sharpe=-0.0599 (folds: -0.0085, 0.0112, -0.1827, -0.1045, -0.0149)
    [trial 8] 48 features, training_days=240 | threshold=0.811 | labels: 1013 long, 1155 short (47/53%)
    [trial 8] Sharpe=0.0567 (folds: 0.1141, 0.2238, -0.0984, -0.1138, 0.1580)
    [trial 9] 48 features, training_days=20 | threshold=0.538 | labels: 1013 long, 1155 short (47/53%)
    [trial 9] Sharpe=0.0296 (folds: 0.1356, 0.0265, -0.1483, 0.0202, 0.1139)
    [trial 10] 48 features, training_days=280 | threshold=0.734 | labels: 1013 long, 1155 short (47/53%)
    [trial 10] Sharpe=-0.0015 (folds: 0.0162, 0.0855, -0.1806, 0.0218, 0.0495)
    [trial 11] 48 features, training_days=20 | threshold=0.762 | labels: 1013 long, 1155 short (47/53%)
    [trial 11] Sharpe=-1.9932 (folds: 0.1356, 0.0265, -0.1483, 0.0202, -10.0000)
    [trial 12] 48 features, training_days=140 | threshold=0.768 | labels: 1013 long, 1155 short (47/53%)
    [trial 12] Sharpe=-0.1885 (folds: -0.0622, 0.0194, -0.4571, -0.2142, -0.2284)
    [trial 13] 48 features, training_days=110 | threshold=0.694 | labels: 1013 long, 1155 short (47/53%)
    [trial 13] Sharpe=-0.0612 (folds: 0.0503, 0.0742, -0.0954, -0.3732, 0.0379)
    [trial 14] 48 features, training_days=240 | threshold=0.810 | labels: 1013 long, 1155 short (47/53%)
    [trial 14] Sharpe=-0.0143 (folds: 0.0166, 0.1309, -0.2135, -0.0086, 0.0031)
    [trial 15] 48 features, training_days=70 | threshold=0.790 | labels: 1013 long, 1155 short (47/53%)
    [trial 15] Sharpe=-0.0348 (folds: 0.1822, 0.0379, -0.2666, -0.0931, -0.0346)
    [trial 16] 48 features, training_days=310 | threshold=0.708 | labels: 1013 long, 1155 short (47/53%)
    [trial 16] Sharpe=-0.0455 (folds: -0.0471, 0.1754, -0.3107, -0.1088, 0.0635)
    [trial 17] 48 features, training_days=200 | threshold=0.664 | labels: 1013 long, 1155 short (47/53%)
    [trial 17] Sharpe=-0.1394 (folds: -0.0968, 0.1004, -0.2608, -0.2667, -0.1732)
  Optuna: 18 trials, best Sharpe = 0.0567
  Best params: n_estimators=103, max_depth=5, lr=0.0675, leaves=52
  Best confidence_threshold: 0.811
  Best training_days: 240
  Retrained on full data (720 samples, 48 features)
  [ensemble 2/3] seed=123
    [trial 0] 48 features, training_days=150 | threshold=0.744 | labels: 1013 long, 1155 short (47/53%)
    [CV fold 0] train_end=2022-01-22 08:00 | val_start=2022-01-30 00:00 | gap=184h (22 rows)
    [CV fold 1] train_end=2022-05-22 16:00 | val_start=2022-05-30 08:00 | gap=184h (22 rows)
    [CV fold 2] train_end=2022-09-20 00:00 | val_start=2022-09-27 16:00 | gap=184h (22 rows)
    [CV fold 3] train_end=2023-01-18 08:00 | val_start=2023-01-26 00:00 | gap=184h (22 rows)
    [CV fold 4] train_end=2023-05-18 16:00 | val_start=2023-05-26 08:00 | gap=184h (22 rows)
    [trial 0] Sharpe=-0.0534 (folds: 0.1304, 0.0102, -0.2228, 0.0660, -0.2508)
    [trial 1] 48 features, training_days=220 | threshold=0.755 | labels: 1013 long, 1155 short (47/53%)
    [trial 1] Sharpe=-3.9854 (folds: 0.0841, -10.0000, -0.1405, 0.1292, -10.0000)
    [trial 2] 48 features, training_days=310 | threshold=0.754 | labels: 1013 long, 1155 short (47/53%)
    [trial 2] Sharpe=-0.0420 (folds: -0.0159, 0.1775, -0.2429, -0.2355, 0.1066)
    [trial 3] 48 features, training_days=220 | threshold=0.673 | labels: 1013 long, 1155 short (47/53%)
    [trial 3] Sharpe=-0.0054 (folds: 0.0490, 0.0504, -0.1390, -0.0576, 0.0702)
    [trial 4] 48 features, training_days=130 | threshold=0.803 | labels: 1013 long, 1155 short (47/53%)
    [trial 4] Sharpe=-0.0573 (folds: -0.0175, -0.0184, -0.2219, -0.1383, 0.1097)
    [trial 5] 48 features, training_days=210 | threshold=0.606 | labels: 1013 long, 1155 short (47/53%)
    [trial 5] Sharpe=-0.0350 (folds: -0.0360, 0.0784, -0.1946, 0.0146, -0.0375)
    [trial 6] 48 features, training_days=130 | threshold=0.767 | labels: 1013 long, 1155 short (47/53%)
    [trial 6] Sharpe=-0.0088 (folds: 0.0791, 0.0919, -0.1681, -0.2150, 0.1681)
    [trial 7] 48 features, training_days=80 | threshold=0.556 | labels: 1013 long, 1155 short (47/53%)
    [trial 7] Sharpe=-0.0600 (folds: 0.0537, -0.0690, 0.0630, -0.2387, -0.1089)
    [trial 8] 48 features, training_days=200 | threshold=0.607 | labels: 1013 long, 1155 short (47/53%)
    [trial 8] Sharpe=-0.0202 (folds: 0.0373, 0.0383, -0.1407, -0.0296, -0.0065)
    [trial 9] 48 features, training_days=260 | threshold=0.620 | labels: 1013 long, 1155 short (47/53%)
    [trial 9] Sharpe=-0.0332 (folds: -0.0023, 0.1687, -0.2574, -0.0730, -0.0021)
    [trial 10] 48 features, training_days=470 | threshold=0.676 | labels: 1013 long, 1155 short (47/53%)
    [trial 10] Sharpe=-0.1322 (folds: 0.0395, 0.1548, -0.3481, -0.2842, -0.2229)
    [trial 11] 48 features, training_days=20 | threshold=0.837 | labels: 1013 long, 1155 short (47/53%)
    [trial 11] Sharpe=-1.9932 (folds: 0.1356, 0.0265, -0.1483, 0.0202, -10.0000)
    [trial 12] 48 features, training_days=350 | threshold=0.689 | labels: 1013 long, 1155 short (47/53%)
    [trial 12] Sharpe=-0.0286 (folds: 0.0220, 0.1430, -0.2355, -0.1465, 0.0743)
    [trial 13] 48 features, training_days=400 | threshold=0.715 | labels: 1013 long, 1155 short (47/53%)
    [trial 13] Sharpe=-0.0558 (folds: 0.0064, 0.1469, -0.2180, -0.2170, 0.0026)
    [trial 14] 48 features, training_days=70 | threshold=0.517 | labels: 1013 long, 1155 short (47/53%)
    [trial 14] Sharpe=0.0170 (folds: 0.1086, -0.0433, 0.0458, 0.0140, -0.0402)
    [trial 15] 48 features, training_days=10 | threshold=0.503 | labels: 1013 long, 1155 short (47/53%)
    [trial 15] Sharpe=0.0296 (folds: 0.1356, 0.0265, -0.1483, 0.0202, 0.1139)
    [trial 16] 48 features, training_days=20 | threshold=0.507 | labels: 1013 long, 1155 short (47/53%)
    [trial 16] Sharpe=0.0296 (folds: 0.1356, 0.0265, -0.1483, 0.0202, 0.1139)
    [trial 17] 48 features, training_days=10 | threshold=0.500 | labels: 1013 long, 1155 short (47/53%)
    [trial 17] Sharpe=0.0296 (folds: 0.1356, 0.0265, -0.1483, 0.0202, 0.1139)
  Optuna: 18 trials, best Sharpe = 0.0296
  Best params: n_estimators=251, max_depth=5, lr=0.1259, leaves=56[I 2026-06-01 15:46:47,653] A new study created in memory with name: no-name-d92de12c-54d3-47ed-8948-1a329eaac7a8
[I 2026-06-01 15:46:47,829] Trial 0 finished with value: -0.02500302494203215 and parameters: {'confidence_threshold': 0.5870645682749857, 'training_days': 90, 'n_estimators': 403, 'max_depth': 5, 'num_leaves': 45, 'learning_rate': 0.0780457193679974, 'subsample': 0.9428509515574568, 'colsample_bytree': 0.8795587339164916, 'min_child_samples': 34, 'reg_alpha': 2.2465901234314442e-07, 'reg_lambda': 8.339007036475363e-05}. Best is trial 0 with value: -0.02500302494203215.
[I 2026-06-01 15:46:47,939] Trial 1 finished with value: -0.036310867485551984 and parameters: {'confidence_threshold': 0.6348453934275313, 'training_days': 290, 'n_estimators': 115, 'max_depth': 5, 'num_leaves': 37, 'learning_rate': 0.06949568759029946, 'subsample': 0.8228505074024268, 'colsample_bytree': 0.8616703220431751, 'min_child_samples': 75, 'reg_alpha': 4.2486822725010923e-07, 'reg_lambda': 1.157247767047042e-07}. Best is trial 0 with value: -0.02500302494203215.
[I 2026-06-01 15:46:47,963] Trial 2 finished with value: -1.993207478583392 and parameters: {'confidence_threshold': 0.5849570384370288, 'training_days': 10, 'n_estimators': 212, 'max_depth': 3, 'num_leaves': 41, 'learning_rate': 0.18452095998378365, 'subsample': 0.6001060822924371, 'colsample_bytree': 0.5673167293506167, 'min_child_samples': 37, 'reg_alpha': 5.733250064217131, 'reg_lambda': 0.5308454292595461}. Best is trial 0 with value: -0.02500302494203215.
[I 2026-06-01 15:46:48,049] Trial 3 finished with value: 0.011411423529966418 and parameters: {'confidence_threshold': 0.6868248626683718, 'training_days': 220, 'n_estimators': 134, 'max_depth': 3, 'num_leaves': 45, 'learning_rate': 0.033529007907491595, 'subsample': 0.8647277071858408, 'colsample_bytree': 0.778494116634046, 'min_child_samples': 96, 'reg_alpha': 2.409409937265785e-07, 'reg_lambda': 1.1642073478060009}. Best is trial 3 with value: 0.011411423529966418.
[I 2026-06-01 15:46:48,137] Trial 4 finished with value: -0.02392783963848469 and parameters: {'confidence_threshold': 0.5623121348350352, 'training_days': 300, 'n_estimators': 69, 'max_depth': 4, 'num_leaves': 32, 'learning_rate': 0.14967629360700346, 'subsample': 0.5054535233636654, 'colsample_bytree': 0.7401385194659216, 'min_child_samples': 27, 'reg_alpha': 1.4212042567426725e-07, 'reg_lambda': 0.23605753701352003}. Best is trial 3 with value: 0.011411423529966418.
[I 2026-06-01 15:46:48,629] Trial 5 finished with value: -0.07308174753786748 and parameters: {'confidence_threshold': 0.7111850244908446, 'training_days': 490, 'n_estimators': 362, 'max_depth': 5, 'num_leaves': 40, 'learning_rate': 0.05960785724162737, 'subsample': 0.5589714368907717, 'colsample_bytree': 0.6659006943232806, 'min_child_samples': 42, 'reg_alpha': 0.6741360303045295, 'reg_lambda': 6.054601607143087e-08}. Best is trial 3 with value: 0.011411423529966418.
[I 2026-06-01 15:46:48,851] Trial 6 finished with value: -0.0578270983734376 and parameters: {'confidence_threshold': 0.667482545748023, 'training_days': 420, 'n_estimators': 279, 'max_depth': 3, 'num_leaves': 45, 'learning_rate': 0.040099592560849204, 'subsample': 0.8563114696415159, 'colsample_bytree': 0.5442917781944105, 'min_child_samples': 50, 'reg_alpha': 1.6407916423707903e-08, 'reg_lambda': 2.935907642973286e-05}. Best is trial 3 with value: 0.011411423529966418.
[I 2026-06-01 15:46:49,023] Trial 7 finished with value: -0.07466444290895957 and parameters: {'confidence_threshold': 0.5497381024139926, 'training_days': 120, 'n_estimators': 408, 'max_depth': 5, 'num_leaves': 38, 'learning_rate': 0.28049122657745795, 'subsample': 0.8806573338635493, 'colsample_bytree': 0.5454054113547102, 'min_child_samples': 63, 'reg_alpha': 0.01263008637940408, 'reg_lambda': 0.04588020805366937}. Best is trial 3 with value: 0.011411423529966418.
[I 2026-06-01 15:46:49,301] Trial 8 finished with value: -0.06997180301680868 and parameters: {'confidence_threshold': 0.719644804808716, 'training_days': 450, 'n_estimators': 410, 'max_depth': 4, 'num_leaves': 57, 'learning_rate': 0.04022026551478857, 'subsample': 0.5336085426932707, 'colsample_bytree': 0.5705742850577543, 'min_child_samples': 100, 'reg_alpha': 5.916398047912201e-07, 'reg_lambda': 0.9794034214488329}. Best is trial 3 with value: 0.011411423529966418.
[I 2026-06-01 15:46:49,329] Trial 9 finished with value: -1.993207478583392 and parameters: {'confidence_threshold': 0.7267463643917187, 'training_days': 20, 'n_estimators': 337, 'max_depth': 5, 'num_leaves': 23, 'learning_rate': 0.022153031811454605, 'subsample': 0.6305627572358737, 'colsample_bytree': 0.6613413774216214, 'min_child_samples': 81, 'reg_alpha': 5.7638634029410314e-08, 'reg_lambda': 8.26603016764008}. Best is trial 3 with value: 0.011411423529966418.
[I 2026-06-01 15:46:49,433] Trial 10 finished with value: -10.0 and parameters: {'confidence_threshold': 0.8283920119574972, 'training_days': 200, 'n_estimators': 181, 'max_depth': 3, 'num_leaves': 62, 'learning_rate': 0.011579281028220855, 'subsample': 0.7130289643560688, 'colsample_bytree': 0.9944479338273263, 'min_child_samples': 100, 'reg_alpha': 6.837313901272251e-05, 'reg_lambda': 0.0027253228209330924}. Best is trial 3 with value: 0.011411423529966418.
[I 2026-06-01 15:46:49,519] Trial 11 finished with value: -0.04535448897020354 and parameters: {'confidence_threshold': 0.7923497887859747, 'training_days': 310, 'n_estimators': 54, 'max_depth': 4, 'num_leaves': 25, 'learning_rate': 0.1297992221495942, 'subsample': 0.7459055835274097, 'colsample_bytree': 0.7917880498308183, 'min_child_samples': 21, 'reg_alpha': 2.5646023357365184e-05, 'reg_lambda': 0.012624986057467648}. Best is trial 3 with value: 0.011411423529966418.
[I 2026-06-01 15:46:49,618] Trial 12 finished with value: -0.05532179460333901 and parameters: {'confidence_threshold': 0.5145853631584999, 'training_days': 360, 'n_estimators': 54, 'max_depth': 4, 'num_leaves': 15, 'learning_rate': 0.01924681962976845, 'subsample': 0.9912016966112274, 'colsample_bytree': 0.7212811753166903, 'min_child_samples': 21, 'reg_alpha': 7.696286523139123e-06, 'reg_lambda': 8.011904021122009}. Best is trial 3 with value: 0.011411423529966418.
[I 2026-06-01 15:46:49,744] Trial 13 finished with value: -0.010751124707868386 and parameters: {'confidence_threshold': 0.6315905555717393, 'training_days': 210, 'n_estimators': 157, 'max_depth': 4, 'num_leaves': 30, 'learning_rate': 0.1184251079677144, 'subsample': 0.6743545582959776, 'colsample_bytree': 0.8026832163283323, 'min_child_samples': 79, 'reg_alpha': 0.004306968559095825, 'reg_lambda': 0.16253577870240432}. Best is trial 3 with value: 0.011411423529966418.
[I 2026-06-01 15:46:50,011] Trial 14 finished with value: -0.027692276361559093 and parameters: {'confidence_threshold': 0.643644875354099, 'training_days': 210, 'n_estimators': 500, 'max_depth': 3, 'num_leaves': 51, 'learning_rate': 0.09880197334361072, 'subsample': 0.6776505255398512, 'colsample_bytree': 0.8367182409111542, 'min_child_samples': 85, 'reg_alpha': 0.0015042958650323245, 'reg_lambda': 0.0014709214223004336}. Best is trial 3 with value: 0.011411423529966418.
[I 2026-06-01 15:46:50,126] Trial 15 finished with value: -0.013335822903624584 and parameters: {'confidence_threshold': 0.7594279795954488, 'training_days': 190, 'n_estimators': 170, 'max_depth': 3, 'num_leaves': 27, 'learning_rate': 0.03315599571523477, 'subsample': 0.7859829960132325, 'colsample_bytree': 0.9570128790620087, 'min_child_samples': 88, 'reg_alpha': 0.03141571146122257, 'reg_lambda': 2.582339790441249e-06}. Best is trial 3 with value: 0.011411423529966418.
[I 2026-06-01 15:46:50,244] Trial 16 finished with value: -0.07245123243898656 and parameters: {'confidence_threshold': 0.6291338411642815, 'training_days': 120, 'n_estimators': 239, 'max_depth': 4, 'num_leaves': 32, 'learning_rate': 0.024676030620737723, 'subsample': 0.6693629824955956, 'colsample_bytree': 0.798073413313867, 'min_child_samples': 68, 'reg_alpha': 0.0013657987579759594, 'reg_lambda': 0.029497827431378437}. Best is trial 3 with value: 0.011411423529966418.
