[I 2026-06-01 15:49:19,450] Trial 12 finished with value: 0.049591621358346646 and parameters: {'confidence_threshold': 0.844172879916663, 'training_days': 180, 'n_estimators': 490, 'max_depth': 4, 'num_leaves': 63, 'learning_rate': 0.01016004474536195, 'subsample': 0.9950368342558168, 'colsample_bytree': 0.9826583982594713, 'min_child_samples': 20, 'reg_alpha': 5.113460481149383e-05, 'reg_lambda': 0.0022105109201275095}. Best is trial 11 with value: 0.15523114017268705.
[I 2026-06-01 15:49:19,809] Trial 13 finished with value: 0.15793306267422666 and parameters: {'confidence_threshold': 0.8491911315870185, 'training_days': 130, 'n_estimators': 494, 'max_depth': 4, 'num_leaves': 55, 'learning_rate': 0.010365414043456918, 'subsample': 0.7073909792186277, 'colsample_bytree': 0.977673677256957, 'min_child_samples': 23, 'reg_alpha': 7.991749892477264e-05, 'reg_lambda': 4.1910078918541625e-06}. Best is trial 13 with value: 0.15793306267422666.
[I 2026-06-01 15:49:20,150] Trial 14 finished with value: 0.053864962149328635 and parameters: {'confidence_threshold': 0.7943244749329125, 'training_days': 190, 'n_estimators': 500, 'max_depth': 4, 'num_leaves': 54, 'learning_rate': 0.01777581502921911, 'subsample': 0.7104414224237818, 'colsample_bytree': 0.9084453274554588, 'min_child_samples': 52, 'reg_alpha': 0.002022719657321661, 'reg_lambda': 3.8468698859352755e-06}. Best is trial 13 with value: 0.15793306267422666.
[I 2026-06-01 15:49:20,362] Trial 15 finished with value: 0.11254426522039843 and parameters: {'confidence_threshold': 0.7829525506318393, 'training_days': 80, 'n_estimators': 442, 'max_depth': 4, 'num_leaves': 54, 'learning_rate': 0.010000530828352507, 'subsample': 0.7309282183883146, 'colsample_bytree': 0.943086896897379, 'min_child_samples': 31, 'reg_alpha': 1.0945332685767025e-05, 'reg_lambda': 2.201832378251197e-06}. Best is trial 13 with value: 0.15793306267422666.
[I 2026-06-01 15:49:20,651] Trial 16 finished with value: 0.058121829796708026 and parameters: {'confidence_threshold': 0.7809712285122007, 'training_days': 320, 'n_estimators': 297, 'max_depth': 4, 'num_leaves': 51, 'learning_rate': 0.02191197711281691, 'subsample': 0.6737280338272069, 'colsample_bytree': 0.8220922116608362, 'min_child_samples': 46, 'reg_alpha': 0.0046786628320570605, 'reg_lambda': 0.006550889900779614}. Best is trial 13 with value: 0.15793306267422666.
[I 2026-06-01 15:49:20,834] Trial 17 finished with value: 0.007307766586504125 and parameters: {'confidence_threshold': 0.5080881579696632, 'training_days': 370, 'n_estimators': 224, 'max_depth': 3, 'num_leaves': 18, 'learning_rate': 0.014399917848714062, 'subsample': 0.8002407697944357, 'colsample_bytree': 0.9415657801615891, 'min_child_samples': 61, 'reg_alpha': 5.852415218490621e-06, 'reg_lambda': 1.969386138451078e-06}. Best is trial 13 with value: 0.15793306267422666.

    [trial 5] 48 features, training_days=210 | threshold=0.606 | labels: 1149 long, 1022 short (53/47%)
    [trial 5] Sharpe=0.0587 (folds: -0.0863, 0.1163, 0.2096, -0.0290, 0.0829)
    [trial 6] 48 features, training_days=130 | threshold=0.767 | labels: 1149 long, 1022 short (53/47%)
    [trial 6] Sharpe=0.0988 (folds: -0.0505, 0.2554, 0.2123, -0.0273, 0.1043)
    [trial 7] 48 features, training_days=80 | threshold=0.556 | labels: 1149 long, 1022 short (53/47%)
    [trial 7] Sharpe=0.0839 (folds: -0.0358, 0.0942, 0.1533, 0.0000, 0.2076)
    [trial 8] 48 features, training_days=200 | threshold=0.607 | labels: 1149 long, 1022 short (53/47%)
    [trial 8] Sharpe=0.0842 (folds: -0.0538, 0.1799, 0.2021, -0.0267, 0.1197)
    [trial 9] 48 features, training_days=260 | threshold=0.620 | labels: 1149 long, 1022 short (53/47%)
    [trial 9] Sharpe=0.0455 (folds: -0.1340, 0.1899, 0.0935, -0.0441, 0.1222)
    [trial 10] 48 features, training_days=470 | threshold=0.845 | labels: 1149 long, 1022 short (53/47%)
    [trial 10] Sharpe=0.0676 (folds: -0.3337, 0.0894, 0.3310, 0.0633, 0.1879)
    [trial 11] 48 features, training_days=20 | threshold=0.837 | labels: 1149 long, 1022 short (53/47%)
    [trial 11] Sharpe=-7.9840 (folds: -10.0000, -10.0000, -10.0000, -10.0000, 0.0798)
    [trial 12] 48 features, training_days=120 | threshold=0.798 | labels: 1149 long, 1022 short (53/47%)
    [trial 12] Sharpe=0.1255 (folds: -0.1493, 0.2449, 0.4866, 0.0030, 0.0421)
    [trial 13] 48 features, training_days=10 | threshold=0.727 | labels: 1149 long, 1022 short (53/47%)
    [trial 13] Sharpe=-2.0751 (folds: -0.0279, -10.0000, -0.1604, -0.0672, -0.1202)
    [trial 14] 48 features, training_days=340 | threshold=0.790 | labels: 1149 long, 1022 short (53/47%)
    [trial 14] Sharpe=0.0338 (folds: -0.1610, 0.1446, 0.0823, 0.0126, 0.0906)
    [trial 15] 48 features, training_days=90 | threshold=0.681 | labels: 1149 long, 1022 short (53/47%)
    [trial 15] Sharpe=0.1368 (folds: -0.2578, 0.2558, 0.4639, 0.0214, 0.2007)
    [trial 16] 48 features, training_days=60 | threshold=0.683 | labels: 1149 long, 1022 short (53/47%)
    [trial 16] Sharpe=0.0651 (folds: 0.0757, -0.0345, 0.2026, -0.0900, 0.1719)
    [trial 17] 48 features, training_days=80 | threshold=0.500 | labels: 1149 long, 1022 short (53/47%)
    [trial 17] Sharpe=0.1510 (folds: 0.0113, 0.1875, 0.2793, 0.1119, 0.1649)
  Optuna: 18 trials, best Sharpe = 0.1510
  Best params: n_estimators=219, max_depth=5, lr=0.0546, leaves=44
  Best confidence_threshold: 0.500
  Best training_days: 80
  Retrained on full data (240 samples, 48 features)
  [ensemble 3/3] seed=456
    [trial 0] 48 features, training_days=90 | threshold=0.587 | labels: 1149 long, 1022 short (53/47%)
    [CV fold 0] train_end=2023-03-25 08:00 | val_start=2023-04-02 00:00 | gap=184h (22 rows)
    [CV fold 1] train_end=2023-07-23 16:00 | val_start=2023-07-31 08:00 | gap=184h (22 rows)
    [CV fold 2] train_end=2023-11-21 00:00 | val_start=2023-11-28 16:00 | gap=184h (22 rows)
    [CV fold 3] train_end=2024-03-20 08:00 | val_start=2024-03-28 00:00 | gap=184h (22 rows)
    [CV fold 4] train_end=2024-07-18 16:00 | val_start=2024-07-26 08:00 | gap=184h (22 rows)
    [trial 0] Sharpe=0.0961 (folds: -0.2416, 0.2444, 0.2575, 0.0702, 0.1498)
    [trial 1] 48 features, training_days=290 | threshold=0.635 | labels: 1149 long, 1022 short (53/47%)
    [trial 1] Sharpe=0.0625 (folds: -0.1273, 0.2272, 0.1584, -0.0386, 0.0929)
    [trial 2] 48 features, training_days=10 | threshold=0.585 | labels: 1149 long, 1022 short (53/47%)
    [trial 2] Sharpe=-0.1165 (folds: -0.0279, -0.2069, -0.1604, -0.0672, -0.1202)
    [trial 3] 48 features, training_days=220 | threshold=0.687 | labels: 1149 long, 1022 short (53/47%)
    [trial 3] Sharpe=0.0749 (folds: -0.2748, 0.1366, 0.2926, 0.0452, 0.1751)
    [trial 4] 48 features, training_days=300 | threshold=0.562 | labels: 1149 long, 1022 short (53/47%)
    [trial 4] Sharpe=0.0167 (folds: -0.1161, 0.0628, 0.0872, -0.0328, 0.0826)
    [trial 5] 48 features, training_days=490 | threshold=0.711 | labels: 1149 long, 1022 short (53/47%)
    [trial 5] Sharpe=0.0646 (folds: -0.1244, 0.2379, 0.0992, 0.0283, 0.0823)
    [trial 6] 48 features, training_days=420 | threshold=0.667 | labels: 1149 long, 1022 short (53/47%)
    [trial 6] Sharpe=0.0642 (folds: -0.1316, 0.1304, 0.1728, 0.0313, 0.1183)
    [trial 7] 48 features, training_days=120 | threshold=0.550 | labels: 1149 long, 1022 short (53/47%)
    [trial 7] Sharpe=0.0433 (folds: -0.0721, 0.2017, 0.0466, -0.0218, 0.0619)
    [trial 8] 48 features, training_days=450 | threshold=0.720 | labels: 1149 long, 1022 short (53/47%)
    [trial 8] Sharpe=0.0458 (folds: -0.2310, 0.2121, 0.1012, 0.0347, 0.1122)
    [trial 9] 48 features, training_days=20 | threshold=0.727 | labels: 1149 long, 1022 short (53/47%)
    [trial 9] Sharpe=-5.9690 (folds: -10.0000, -10.0000, -10.0000, 0.0753, 0.0798)
    [trial 10] 48 features, training_days=130 | threshold=0.840 | labels: 1149 long, 1022 short (53/47%)
    [trial 10] Sharpe=0.0980 (folds: -0.1548, 0.1092, 0.4635, 0.0188, 0.0533)
    [trial 11] 48 features, training_days=140 | threshold=0.849 | labels: 1149 long, 1022 short (53/47%)
    [trial 11] Sharpe=0.1552 (folds: -0.0939, 0.2679, 0.5087, -0.0365, 0.1299)
    [trial 12] 48 features, training_days=180 | threshold=0.844 | labels: 1149 long, 1022 short (53/47%)
    [trial 12] Sharpe=0.0496 (folds: -0.1195, -0.2149, 0.5502, -0.0396, 0.0718)
    [trial 13] 48 features, training_days=130 | threshold=0.849 | labels: 1149 long, 1022 short (53/47%)
    [trial 13] Sharpe=0.1579 (folds: -0.2274, 0.3285, 0.5807, 0.0091, 0.0989)
    [trial 14] 48 features, training_days=190 | threshold=0.794 | labels: 1149 long, 1022 short (53/47%)
    [trial 14] Sharpe=0.0539 (folds: -0.1730, -0.0575, 0.5350, -0.0652, 0.0301)
    [trial 15] 48 features, training_days=80 | threshold=0.783 | labels: 1149 long, 1022 short (53/47%)
    [trial 15] Sharpe=0.1125 (folds: -0.2712, 0.2641, 0.3836, -0.0334, 0.2195)
    [trial 16] 48 features, training_days=320 | threshold=0.781 | labels: 1149 long, 1022 short (53/47%)
    [trial 16] Sharpe=0.0581 (folds: -0.1855, 0.3163, 0.0928, -0.0061, 0.0731)
    [trial 17] 48 features, training_days=370 | threshold=0.508 | labels: 1149 long, 1022 short (53/47%)
    [trial 17] Sharpe=0.0073 (folds: -0.1030, 0.2005, 0.0477, -0.0421, -0.0665)
  Optuna: 18 trials, best Sharpe = 0.1579
  Best params: n_estimators=494, max_depth=4, lr=0.0104, leaves=55
  Best confidence_threshold: 0.849
  Best training_days: 130
  Retrained on full data (390 samples, 48 features)
  OOD: 16 features, cutoff (q=0.7) = 14.57
  Model trained for 2024-12: 93 test candles with features, confidence_threshold=0.704
[predict] 2024-12-02 00:00 ETHUSDT → SHORT (proba=0.88 TP=9.5%/SL=4.8%)
[trade:open] 2024-12-02 07:59 ETHUSDT SHORT @ 3669.25 | SL=3844.42 TP=3318.90 | timeout=2024-12-09 07:59
[trade:close] 2024-12-04 15:59 ETHUSDT SHORT → stop_loss @ 3844.42 | PnL=-4.77% (net -4.87%) | cum=-6.89% 2024-12=-4.87% 2024-12-04=-4.87%
[predict] 2024-12-15 08:00 ETHUSDT → LONG (proba=0.85 TP=9.5%/SL=4.8%)
[trade:open] 2024-12-15 15:59 ETHUSDT LONG @ 3893.42 | SL=3707.86 TP=4264.55 | timeout=2024-12-22 15:59
[trade:close] 2024-12-18 23:59 ETHUSDT LONG → stop_loss @ 3707.86 | PnL=-4.77% (net -4.87%) | cum=-11.75% 2024-12=-9.74% 2024-12-18=-4.87%
[predict] 2024-12-27 16:00 ETHUSDT → LONG (proba=0.74 TP=11.0%/SL=5.5%)
[trade:open] 2024-12-27 23:59 ETHUSDT LONG @ 3332.09 | SL=3148.28 TP=3699.71 | timeout=2025-01-03 23:59
[lgbm] === Training for 2025-01 ===
  Train window: 2023-01-01 → 2024-12-24
  2171 training samples from 1 symbols
  Samples per month: 2023-01: 93, 2023-02: 84, 2023-03: 93, 2023-04: 90, 2023-05: 93, 2023-06: 90, 2023-07: 93, 2023-08: 93, 2023-09: 90, 2023-10: 93, 2023-11: 90, 2023-12: 93, 2024-01: 93, 2024-02: 87, 2024-03: 93, 2024-04: 90, 2024-05: 93, 2024-06: 90, 2024-07: 93, 2024-08: 93, 2024-09: 90, 2024-10: 93, 2024-11: 90, 2024-12: 71
  [label] 2023-03-03 16:00 ETHUSDT entry=1568.8600 → SHORT | long=sl(-4.64%) short=tp(+8.98%) | scanned=18 | short_tp_only
  [label] 2023-03-06 00:00 ETHUSDT entry=1560.2700 → SHORT | long=sl(-3.51%) short=tp(+6.73%) | scanned=11 | short_tp_only[I 2026-06-01 15:49:21,553] A new study created in memory with name: no-name-5d063a84-2a90-400b-b012-e62bd69653ba
[I 2026-06-01 15:49:21,897] Trial 0 finished with value: 0.01224728032791061 and parameters: {'confidence_threshold': 0.6310890415965769, 'training_days': 480, 'n_estimators': 380, 'max_depth': 4, 'num_leaves': 22, 'learning_rate': 0.01699897838270077, 'subsample': 0.5290418060840998, 'colsample_bytree': 0.9330880728874675, 'min_child_samples': 68, 'reg_alpha': 0.023585940584142682, 'reg_lambda': 1.5320059381854043e-08}. Best is trial 0 with value: 0.01224728032791061.
[I 2026-06-01 15:49:22,025] Trial 1 finished with value: 0.10207016925987542 and parameters: {'confidence_threshold': 0.839468448256698, 'training_days': 420, 'n_estimators': 145, 'max_depth': 3, 'num_leaves': 23, 'learning_rate': 0.028145092716060652, 'subsample': 0.762378215816119, 'colsample_bytree': 0.7159725093210578, 'min_child_samples': 43, 'reg_alpha': 0.0032112643094417484, 'reg_lambda': 1.8007140198129195e-07}. Best is trial 1 with value: 0.10207016925987542.
[I 2026-06-01 15:49:22,198] Trial 2 finished with value: -0.021826161796497923 and parameters: {'confidence_threshold': 0.6022506269873263, 'training_days': 190, 'n_estimators': 255, 'max_depth': 5, 'num_leaves': 24, 'learning_rate': 0.05748924681991978, 'subsample': 0.7962072844310213, 'colsample_bytree': 0.5232252063599989, 'min_child_samples': 69, 'reg_alpha': 3.425445902633376e-07, 'reg_lambda': 3.850031979199519e-08}. Best is trial 1 with value: 0.10207016925987542.
[I 2026-06-01 15:49:22,472] Trial 3 finished with value: -0.016357207472273275 and parameters: {'confidence_threshold': 0.8321099380386666, 'training_days': 490, 'n_estimators': 414, 'max_depth': 3, 'num_leaves': 19, 'learning_rate': 0.1024932221692416, 'subsample': 0.7200762468698007, 'colsample_bytree': 0.5610191174223894, 'min_child_samples': 60, 'reg_alpha': 2.039373116525212e-08, 'reg_lambda': 1.527156759251193}. Best is trial 1 with value: 0.10207016925987542.
[I 2026-06-01 15:49:22,629] Trial 4 finished with value: 0.03815521206206364 and parameters: {'confidence_threshold': 0.5905729935600059, 'training_days': 340, 'n_estimators': 190, 'max_depth': 4, 'num_leaves': 41, 'learning_rate': 0.01875220945578641, 'subsample': 0.9847923138822793, 'colsample_bytree': 0.8875664116805573, 'min_child_samples': 96, 'reg_alpha': 1.1309571585271483, 'reg_lambda': 0.002404915432737351}. Best is trial 1 with value: 0.10207016925987542.
[I 2026-06-01 15:49:22,667] Trial 5 finished with value: -0.06778233418653959 and parameters: {'confidence_threshold': 0.8226559822580909, 'training_days': 50, 'n_estimators': 138, 'max_depth': 3, 'num_leaves': 30, 'learning_rate': 0.03750796359625606, 'subsample': 0.6356745158869479, 'colsample_bytree': 0.9143687545759647, 'min_child_samples': 48, 'reg_alpha': 3.376063348877853e-06, 'reg_lambda': 0.0007660634613082914}. Best is trial 1 with value: 0.10207016925987542.
[I 2026-06-01 15:49:22,785] Trial 6 finished with value: 0.04664602763351165 and parameters: {'confidence_threshold': 0.5493234787411669, 'training_days': 410, 'n_estimators': 83, 'max_depth': 5, 'num_leaves': 52, 'learning_rate': 0.019657448966046126, 'subsample': 0.5027610585618012, 'colsample_bytree': 0.9077307142274171, 'min_child_samples': 77, 'reg_alpha': 0.03639690979811287, 'reg_lambda': 0.08738424135626986}. Best is trial 1 with value: 0.10207016925987542.
[I 2026-06-01 15:49:22,881] Trial 7 finished with value: -0.016158761038622675 and parameters: {'confidence_threshold': 0.5259156281069316, 'training_days': 180, 'n_estimators': 102, 'max_depth': 5, 'num_leaves': 45, 'learning_rate': 0.030816017044468066, 'subsample': 0.5317791751430119, 'colsample_bytree': 0.6554911608578311, 'min_child_samples': 46, 'reg_alpha': 0.036851536911881845, 'reg_lambda': 0.005470376807480391}. Best is trial 1 with value: 0.10207016925987542.
[I 2026-06-01 15:49:22,987] Trial 8 finished with value: 0.04668188142455923 and parameters: {'confidence_threshold': 0.8105244599017143, 'training_days': 240, 'n_estimators': 103, 'max_depth': 5, 'num_leaves': 52, 'learning_rate': 0.06746437142284309, 'subsample': 0.8854835899772805, 'colsample_bytree': 0.7468977981821954, 'min_child_samples': 62, 'reg_alpha': 7.04480806377519e-05, 'reg_lambda': 1.6934490731313353e-08}. Best is trial 1 with value: 0.10207016925987542.
[I 2026-06-01 15:49:23,011] Trial 9 finished with value: 0.05655680387642692 and parameters: {'confidence_threshold': 0.5377619994476566, 'training_days': 20, 'n_estimators': 337, 'max_depth': 3, 'num_leaves': 39, 'learning_rate': 0.21907142272152816, 'subsample': 0.6246461145744375, 'colsample_bytree': 0.7051914615178149, 'min_child_samples': 81, 'reg_alpha': 1.1459970229341322e-06, 'reg_lambda': 4.929685216887945e-08}. Best is trial 1 with value: 0.10207016925987542.
[I 2026-06-01 15:49:23,543] Trial 10 finished with value: 0.0009474038480890359 and parameters: {'confidence_threshold': 0.7286853308578232, 'training_days': 350, 'n_estimators': 487, 'max_depth': 4, 'num_leaves': 31, 'learning_rate': 0.011407797829608154, 'subsample': 0.8271882613853766, 'colsample_bytree': 0.8120417635861826, 'min_child_samples': 24, 'reg_alpha': 0.0005486918362336714, 'reg_lambda': 3.3639426888455256e-06}. Best is trial 1 with value: 0.10207016925987542.
[I 2026-06-01 15:49:23,574] Trial 11 finished with value: -8.035815419277395 and parameters: {'confidence_threshold': 0.7155079644808182, 'training_days': 40, 'n_estimators': 291, 'max_depth': 3, 'num_leaves': 60, 'learning_rate': 0.29081576079680116, 'subsample': 0.6674759312560709, 'colsample_bytree': 0.6973773196181215, 'min_child_samples': 92, 'reg_alpha': 9.485822703182368e-05, 'reg_lambda': 7.868729181011707e-06}. Best is trial 1 with value: 0.10207016925987542.
[I 2026-06-01 15:49:23,741] Trial 12 finished with value: 0.0026184148215546987 and parameters: {'confidence_threshold': 0.7430902848778571, 'training_days': 140, 'n_estimators': 293, 'max_depth': 3, 'num_leaves': 33, 'learning_rate': 0.2959628420607887, 'subsample': 0.6219374804317841, 'colsample_bytree': 0.616977177491308, 'min_child_samples': 29, 'reg_alpha': 3.310691985108358e-06, 'reg_lambda': 1.8165856785058189e-06}. Best is trial 1 with value: 0.10207016925987542.
[I 2026-06-01 15:49:23,910] Trial 13 finished with value: 0.01126161300445926 and parameters: {'confidence_threshold': 0.6675013492473675, 'training_days': 320, 'n_estimators': 215, 'max_depth': 3, 'num_leaves': 17, 'learning_rate': 0.1463043880061142, 'subsample': 0.7154376749842741, 'colsample_bytree': 0.7957296901000687, 'min_child_samples': 40, 'reg_alpha': 0.0013837304418747858, 'reg_lambda': 4.853786638244098e-07}. Best is trial 1 with value: 0.10207016925987542.
[I 2026-06-01 15:49:24,003] Trial 14 finished with value: -0.137465131178026 and parameters: {'confidence_threshold': 0.7594036169129817, 'training_days': 80, 'n_estimators': 348, 'max_depth': 3, 'num_leaves': 37, 'learning_rate': 0.15967921648819136, 'subsample': 0.5937263811741577, 'colsample_bytree': 0.724096650229072, 'min_child_samples': 84, 'reg_alpha': 6.243069797304175, 'reg_lambda': 5.3861085653773555e-05}. Best is trial 1 with value: 0.10207016925987542.
[I 2026-06-01 15:49:24,221] Trial 15 finished with value: 0.01639121661063899 and parameters: {'confidence_threshold': 0.5073197482691914, 'training_days': 420, 'n_estimators': 175, 'max_depth': 4, 'num_leaves': 27, 'learning_rate': 0.03301872090824653, 'subsample': 0.7798079465483917, 'colsample_bytree': 0.8194141769932984, 'min_child_samples': 37, 'reg_alpha': 1.1414023567805535e-08, 'reg_lambda': 2.1268840867940846e-07}. Best is trial 1 with value: 0.10207016925987542.
[I 2026-06-01 15:49:24,450] Trial 16 finished with value: 0.008032597774453063 and parameters: {'confidence_threshold': 0.6760523483882178, 'training_days': 270, 'n_estimators': 339, 'max_depth': 3, 'num_leaves': 46, 'learning_rate': 0.09575912493579522, 'subsample': 0.8649514202852935, 'colsample_bytree': 0.6281858044630155, 'min_child_samples': 55, 'reg_alpha': 1.4618334151747558e-05, 'reg_lambda': 1.2931752527290176e-05}. Best is trial 1 with value: 0.10207016925987542.
[I 2026-06-01 15:49:24,580] Trial 17 finished with value: 0.13474535681499894 and parameters: {'confidence_threshold': 0.789403558838043, 'training_days': 110, 'n_estimators': 417, 'max_depth': 4, 'num_leaves': 15, 'learning_rate': 0.04302553031342478, 'subsample': 0.6841207389251448, 'colsample_bytree': 0.9956385980717998, 'min_child_samples': 84, 'reg_alpha': 0.005047355373634929, 'reg_lambda': 2.2297945015528625e-07}. Best is trial 17 with value: 0.13474535681499894.
[I 2026-06-01 15:49:24,994] A new study created in memory with name: no-name-5035126b-5165-4123-95d2-6df111f86785
[I 2026-06-01 15:49:25,092] Trial 0 finished with value: 0.04650689813930505 and parameters: {'confidence_threshold': 0.7437642149592516, 'training_days': 150, 'n_estimators': 152, 'max_depth': 4, 'num_leaves': 50, 'learning_rate': 0.04216766425047743, 'subsample': 0.9903820991923078, 'colsample_bytree': 0.8424148692924316, 'min_child_samples': 58, 'reg_alpha': 3.381097259762742e-05, 'reg_lambda': 1.2263152961306247e-05}. Best is trial 0 with value: 0.04650689813930505.
[I 2026-06-01 15:49:25,159] Trial 1 finished with value: -2.0089491094821272 and parameters: {'confidence_threshold': 0.7551673975844145, 'training_days': 220, 'n_estimators': 76, 'max_depth': 4, 'num_leaves': 51, 'learning_rate': 0.018602118810743477, 'subsample': 0.5877258780737462, 'colsample_bytree': 0.7657756869209191, 'min_child_samples': 63, 'reg_alpha': 0.005123994170264194, 'reg_lambda': 0.44145470178120466}. Best is trial 0 with value: 0.04650689813930505.
[I 2026-06-01 15:49:25,426] Trial 2 finished with value: 0.04598009021551985 and parameters: {'confidence_threshold': 0.7535593637012223, 'training_days': 310, 'n_estimators': 375, 'max_depth': 3, 'num_leaves': 32, 'learning_rate': 0.021735641882032388, 'subsample': 0.6468570231944146, 'colsample_bytree': 0.8154880619272439, 'min_child_samples': 27, 'reg_alpha': 8.004064028491336e-05, 'reg_lambda': 7.546835261630524e-05}. Best is trial 0 with value: 0.04650689813930505.
[I 2026-06-01 15:49:25,615] Trial 3 finished with value: 0.023999415314181344 and parameters: {'confidence_threshold': 0.6727897841776072, 'training_days': 220, 'n_estimators': 190, 'max_depth': 4, 'num_leaves': 58, 'learning_rate': 0.24810689332636193, 'subsample': 0.7509183379421682, 'colsample_bytree': 0.8119764758960556, 'min_child_samples': 29, 'reg_alpha': 7.1708285081421445e-06, 'reg_lambda': 5.412973582738627e-05}. Best is trial 0 with value: 0.04650689813930505.
