[I 2026-06-01 15:51:29,311] Trial 16 finished with value: 0.05129993765594474 and parameters: {'confidence_threshold': 0.6260448024876674, 'training_days': 500, 'n_estimators': 312, 'max_depth': 4, 'num_leaves': 52, 'learning_rate': 0.05590941949329035, 'subsample': 0.7683086540951798, 'colsample_bytree': 0.8358949769922501, 'min_child_samples': 58, 'reg_alpha': 9.588966561177669e-06, 'reg_lambda': 0.005159963229916845}. Best is trial 15 with value: 0.06905861054453637.
[I 2026-06-01 15:51:29,580] Trial 17 finished with value: 0.01047213491551802 and parameters: {'confidence_threshold': 0.6287222665732856, 'training_days': 390, 'n_estimators': 261, 'max_depth': 4, 'num_leaves': 62, 'learning_rate': 0.022297802035949145, 'subsample': 0.7458839533825345, 'colsample_bytree': 0.8523790396749521, 'min_child_samples': 63, 'reg_alpha': 6.638020364954323e-06, 'reg_lambda': 0.009951124250089555}. Best is trial 15 with value: 0.06905861054453637.

    [trial 8] 48 features, training_days=200 | threshold=0.607 | labels: 1157 long, 1014 short (53/47%)
    [trial 8] Sharpe=0.0009 (folds: -0.0553, 0.1148, -0.0612, -0.0477, 0.0538)
    [trial 9] 48 features, training_days=260 | threshold=0.620 | labels: 1157 long, 1014 short (53/47%)
    [trial 9] Sharpe=-0.0050 (folds: -0.1368, 0.1992, -0.0569, 0.0249, -0.0556)
    [trial 10] 48 features, training_days=420 | threshold=0.845 | labels: 1157 long, 1014 short (53/47%)
    [trial 10] Sharpe=-0.0709 (folds: -0.1977, 0.1711, 0.0614, -0.2968, -0.0922)
    [trial 11] 48 features, training_days=350 | threshold=0.513 | labels: 1157 long, 1014 short (53/47%)
    [trial 11] Sharpe=0.0061 (folds: -0.0896, 0.1972, -0.0407, -0.1007, 0.0640)
    [trial 12] 48 features, training_days=360 | threshold=0.516 | labels: 1157 long, 1014 short (53/47%)
    [trial 12] Sharpe=0.0129 (folds: -0.0664, 0.2399, -0.0722, -0.0499, 0.0130)
    [trial 13] 48 features, training_days=490 | threshold=0.675 | labels: 1157 long, 1014 short (53/47%)
    [trial 13] Sharpe=0.0860 (folds: -0.1128, 0.2283, -0.0506, 0.0290, 0.3363)
    [trial 14] 48 features, training_days=490 | threshold=0.697 | labels: 1157 long, 1014 short (53/47%)
    [trial 14] Sharpe=0.0029 (folds: -0.1947, 0.2004, -0.1007, -0.0069, 0.1162)
    [trial 15] 48 features, training_days=500 | threshold=0.695 | labels: 1157 long, 1014 short (53/47%)
    [trial 15] Sharpe=0.0291 (folds: -0.1149, 0.2233, -0.0779, -0.0234, 0.1384)
    [trial 16] 48 features, training_days=500 | threshold=0.679 | labels: 1157 long, 1014 short (53/47%)
    [trial 16] Sharpe=0.0051 (folds: -0.1678, 0.1483, -0.0371, -0.0752, 0.1575)
    [trial 17] 48 features, training_days=430 | threshold=0.647 | labels: 1157 long, 1014 short (53/47%)
    [trial 17] Sharpe=-0.0261 (folds: -0.1187, 0.2214, -0.0627, -0.0482, -0.1222)
  Optuna: 18 trials, best Sharpe = 0.0860
  Best params: n_estimators=429, max_depth=3, lr=0.0193, leaves=25
  Best confidence_threshold: 0.675
  Best training_days: 490
  Retrained on full data (1470 samples, 48 features)
  [ensemble 3/3] seed=456
    [trial 0] 48 features, training_days=90 | threshold=0.587 | labels: 1157 long, 1014 short (53/47%)
    [CV fold 0] train_end=2024-02-23 08:00 | val_start=2024-03-02 00:00 | gap=184h (22 rows)
    [CV fold 1] train_end=2024-06-22 16:00 | val_start=2024-06-30 08:00 | gap=184h (22 rows)
    [CV fold 2] train_end=2024-10-21 00:00 | val_start=2024-10-28 16:00 | gap=184h (22 rows)
    [CV fold 3] train_end=2025-02-18 08:00 | val_start=2025-02-26 00:00 | gap=184h (22 rows)
    [CV fold 4] train_end=2025-06-18 16:00 | val_start=2025-06-26 08:00 | gap=184h (22 rows)
    [trial 0] Sharpe=-0.0265 (folds: -0.0621, 0.0507, -0.0594, 0.0215, -0.0833)
    [trial 1] 48 features, training_days=290 | threshold=0.635 | labels: 1157 long, 1014 short (53/47%)
    [trial 1] Sharpe=-0.0246 (folds: -0.1737, 0.1475, -0.0370, -0.0398, -0.0203)
    [trial 2] 48 features, training_days=10 | threshold=0.585 | labels: 1157 long, 1014 short (53/47%)
    [trial 2] Sharpe=-2.0156 (folds: 0.1299, 0.0143, -0.0381, -10.0000, -0.1842)
    [trial 3] 48 features, training_days=220 | threshold=0.687 | labels: 1157 long, 1014 short (53/47%)
    [trial 3] Sharpe=-0.0437 (folds: -0.1380, 0.1824, -0.1499, 0.0331, -0.1460)
    [trial 4] 48 features, training_days=300 | threshold=0.562 | labels: 1157 long, 1014 short (53/47%)
    [trial 4] Sharpe=0.0241 (folds: -0.0117, 0.1364, -0.0139, -0.0481, 0.0579)
    [trial 5] 48 features, training_days=490 | threshold=0.711 | labels: 1157 long, 1014 short (53/47%)
    [trial 5] Sharpe=0.0293 (folds: -0.1367, 0.1115, -0.0366, -0.0114, 0.2196)
    [trial 6] 48 features, training_days=420 | threshold=0.667 | labels: 1157 long, 1014 short (53/47%)
    [trial 6] Sharpe=0.0143 (folds: -0.1170, 0.1993, -0.0304, -0.0216, 0.0413)
    [trial 7] 48 features, training_days=120 | threshold=0.550 | labels: 1157 long, 1014 short (53/47%)
    [trial 7] Sharpe=-0.0407 (folds: -0.1666, 0.0283, -0.0357, -0.0328, 0.0032)
    [trial 8] 48 features, training_days=450 | threshold=0.720 | labels: 1157 long, 1014 short (53/47%)
    [trial 8] Sharpe=-0.0193 (folds: -0.1614, 0.1318, -0.0424, -0.1141, 0.0898)
    [trial 9] 48 features, training_days=20 | threshold=0.727 | labels: 1157 long, 1014 short (53/47%)
    [trial 9] Sharpe=-5.9712 (folds: 0.1299, 0.0143, -10.0000, -10.0000, -10.0000)
    [trial 10] 48 features, training_days=490 | threshold=0.828 | labels: 1157 long, 1014 short (53/47%)
    [trial 10] Sharpe=0.0096 (folds: -0.1210, 0.1541, -0.1392, -0.0120, 0.1661)
    [trial 11] 48 features, training_days=310 | threshold=0.786 | labels: 1157 long, 1014 short (53/47%)
    [trial 11] Sharpe=0.0099 (folds: -0.1330, 0.2107, 0.0806, -0.0634, -0.0451)
    [trial 12] 48 features, training_days=370 | threshold=0.515 | labels: 1157 long, 1014 short (53/47%)
    [trial 12] Sharpe=0.0190 (folds: -0.0465, 0.1783, -0.0544, -0.0661, 0.0834)
    [trial 13] 48 features, training_days=210 | threshold=0.759 | labels: 1157 long, 1014 short (53/47%)
    [trial 13] Sharpe=0.0222 (folds: -0.0427, 0.1820, -0.1117, 0.0275, 0.0560)
    [trial 14] 48 features, training_days=370 | threshold=0.636 | labels: 1157 long, 1014 short (53/47%)
    [trial 14] Sharpe=-0.0050 (folds: -0.1223, 0.1669, -0.0327, -0.0284, -0.0086)
    [trial 15] 48 features, training_days=500 | threshold=0.610 | labels: 1157 long, 1014 short (53/47%)
    [trial 15] Sharpe=0.0691 (folds: -0.1244, 0.2124, 0.0157, -0.0445, 0.2862)
    [trial 16] 48 features, training_days=500 | threshold=0.626 | labels: 1157 long, 1014 short (53/47%)
    [trial 16] Sharpe=0.0513 (folds: -0.0955, 0.1388, -0.0369, -0.0094, 0.2594)
    [trial 17] 48 features, training_days=390 | threshold=0.629 | labels: 1157 long, 1014 short (53/47%)
    [trial 17] Sharpe=0.0105 (folds: -0.1241, 0.2052, -0.0349, -0.0478, 0.0539)
  Optuna: 18 trials, best Sharpe = 0.0691
  Best params: n_estimators=56, max_depth=4, lr=0.0628, leaves=50
  Best confidence_threshold: 0.610
  Best training_days: 500
  Retrained on full data (1500 samples, 48 features)
  OOD: 16 features, cutoff (q=0.7) = 14.59
  Model trained for 2025-11: 90 test candles with features, confidence_threshold=0.639
[trade:close] 2025-11-04 23:59 ETHUSDT SHORT → take_profit @ 3449.28 | PnL=+10.32% (net +10.22%) | cum=+31.56% 2025-11=+10.22% 2025-11-04=+10.22%
[predict] 2025-11-06 16:00 ETHUSDT → LONG (proba=0.67 TP=14.6%/SL=7.3%)
[trade:open] 2025-11-06 23:59 ETHUSDT LONG @ 3313.70 | SL=3071.14 TP=3798.82 | timeout=2025-11-13 23:59
[trade:close] 2025-11-14 00:00 ETHUSDT LONG → timeout @ 3230.13 | PnL=-2.52% (net -2.62%) | cum=+28.94% 2025-11=+7.60% 2025-11-14=-2.62%
[predict] 2025-11-20 16:00 ETHUSDT → LONG (proba=0.64 TP=15.4%/SL=7.7%)
[trade:open] 2025-11-20 23:59 ETHUSDT LONG @ 2832.97 | SL=2614.43 TP=3270.05 | timeout=2025-11-27 23:59
[trade:close] 2025-11-28 00:00 ETHUSDT LONG → timeout @ 3013.81 | PnL=+6.38% (net +6.28%) | cum=+35.22% 2025-11=+13.89% 2025-11-28=+6.28%
[predict] 2025-11-28 16:00 ETHUSDT → SHORT (proba=0.68 TP=9.5%/SL=4.7%)
[trade:open] 2025-11-28 23:59 ETHUSDT SHORT @ 3029.80 | SL=3173.34 TP=2742.72 | timeout=2025-12-05 23:59
[lgbm] === Training for 2025-12 ===
  Train window: 2023-12-01 → 2025-11-23
  2171 training samples from 1 symbols
  Samples per month: 2023-12: 93, 2024-01: 93, 2024-02: 87, 2024-03: 93, 2024-04: 90, 2024-05: 93, 2024-06: 90, 2024-07: 93, 2024-08: 93, 2024-09: 90, 2024-10: 93, 2024-11: 90, 2024-12: 93, 2025-01: 93, 2025-02: 84, 2025-03: 93, 2025-04: 90, 2025-05: 93, 2025-06: 90, 2025-07: 93, 2025-08: 93, 2025-09: 90, 2025-10: 93, 2025-11: 68
  [label] 2024-01-31 16:00 ETHUSDT entry=2282.0000 → LONG | long=timeout(+6.13%) short=sl(-3.89%) | scanned=22 | no_tp→fwd_return=+6.2323
  [label] 2024-02-03 00:00 ETHUSDT entry=2313.4400 → LONG | long=tp(+6.54%) short=sl(-3.42%) | scanned=19 | long_tp_only
  [label] 2024-02-06 16:00 ETHUSDT entry=2371.7400 → LONG | long=tp(+5.73%) short=sl(-3.02%) | scanned=8 | long_tp_only
  [label] 2024-03-02 08:00 ETHUSDT entry=3421.3700 → LONG | long=tp(+9.64%) short=sl(-4.97%) | scanned=9 | long_tp_only
  [label] 2024-04-24 00:00 ETHUSDT entry=3248.4000 → SHORT | long=sl(-4.96%) short=tp(+9.61%) | scanned=20 | short_tp_only[I 2026-06-01 15:51:30,390] A new study created in memory with name: no-name-d0209adc-d80c-42b5-9130-ecbc245cbfdb
[I 2026-06-01 15:51:30,753] Trial 0 finished with value: 0.00695046555576403 and parameters: {'confidence_threshold': 0.6310890415965769, 'training_days': 480, 'n_estimators': 380, 'max_depth': 4, 'num_leaves': 22, 'learning_rate': 0.01699897838270077, 'subsample': 0.5290418060840998, 'colsample_bytree': 0.9330880728874675, 'min_child_samples': 68, 'reg_alpha': 0.023585940584142682, 'reg_lambda': 1.5320059381854043e-08}. Best is trial 0 with value: 0.00695046555576403.
[I 2026-06-01 15:51:30,870] Trial 1 finished with value: -4.102239585652756 and parameters: {'confidence_threshold': 0.839468448256698, 'training_days': 420, 'n_estimators': 145, 'max_depth': 3, 'num_leaves': 23, 'learning_rate': 0.028145092716060652, 'subsample': 0.762378215816119, 'colsample_bytree': 0.7159725093210578, 'min_child_samples': 43, 'reg_alpha': 0.0032112643094417484, 'reg_lambda': 1.8007140198129195e-07}. Best is trial 0 with value: 0.00695046555576403.
