[I 2026-06-01 15:44:43,492] Trial 1 finished with value: -3.9382474056968655 and parameters: {'confidence_threshold': 0.839468448256698, 'training_days': 420, 'n_estimators': 145, 'max_depth': 3, 'num_leaves': 23, 'learning_rate': 0.028145092716060652, 'subsample': 0.762378215816119, 'colsample_bytree': 0.7159725093210578, 'min_child_samples': 43, 'reg_alpha': 0.0032112643094417484, 'reg_lambda': 1.8007140198129195e-07}. Best is trial 0 with value: 0.007160997601896516.

    [trial 5] Sharpe=0.0052 (folds: 0.0471, -0.1350, 0.0603, 0.1061, -0.0524)
    [trial 6] 48 features, training_days=420 | threshold=0.667 | labels: 1169 long, 999 short (54/46%)
    [trial 6] Sharpe=0.0566 (folds: 0.0448, -0.1796, -0.0408, 0.3160, 0.1427)
    [trial 7] 48 features, training_days=120 | threshold=0.550 | labels: 1169 long, 999 short (54/46%)
    [trial 7] Sharpe=-0.0131 (folds: 0.0750, -0.1382, 0.0203, -0.0253, 0.0025)
    [trial 8] 48 features, training_days=450 | threshold=0.720 | labels: 1169 long, 999 short (54/46%)
    [trial 8] Sharpe=-0.0129 (folds: 0.2010, -0.2267, 0.0169, 0.0304, -0.0860)
    [trial 9] 48 features, training_days=20 | threshold=0.727 | labels: 1169 long, 999 short (54/46%)
    [trial 9] Sharpe=-6.0120 (folds: -10.0000, -0.0647, -10.0000, -10.0000, 0.0046)
    [trial 10] 48 features, training_days=400 | threshold=0.828 | labels: 1169 long, 999 short (54/46%)
    [trial 10] Sharpe=-4.0011 (folds: 0.1943, -0.3818, -10.0000, -10.0000, 0.1819)
    [trial 11] 48 features, training_days=370 | threshold=0.620 | labels: 1169 long, 999 short (54/46%)
    [trial 11] Sharpe=0.0098 (folds: 0.0832, -0.1690, 0.0125, 0.0231, 0.0991)
    [trial 12] 48 features, training_days=190 | threshold=0.515 | labels: 1169 long, 999 short (54/46%)
    [trial 12] Sharpe=0.0098 (folds: 0.0203, -0.1193, 0.0714, 0.0247, 0.0519)
    [trial 13] 48 features, training_days=20 | threshold=0.805 | labels: 1169 long, 999 short (54/46%)
    [trial 13] Sharpe=-6.0120 (folds: -10.0000, -0.0647, -10.0000, -10.0000, 0.0046)
    [trial 14] 48 features, training_days=350 | threshold=0.645 | labels: 1169 long, 999 short (54/46%)
    [trial 14] Sharpe=-0.0346 (folds: 0.0305, -0.1927, 0.0229, -0.0984, 0.0645)
    [trial 15] 48 features, training_days=150 | threshold=0.759 | labels: 1169 long, 999 short (54/46%)
    [trial 15] Sharpe=0.0112 (folds: 0.0882, -0.1896, 0.0339, 0.1553, -0.0319)
    [trial 16] 48 features, training_days=260 | threshold=0.603 | labels: 1169 long, 999 short (54/46%)
    [trial 16] Sharpe=0.0528 (folds: 0.0743, -0.1169, 0.0467, 0.1226, 0.1373)
    [trial 17] 48 features, training_days=430 | threshold=0.502 | labels: 1169 long, 999 short (54/46%)
    [trial 17] Sharpe=-0.0400 (folds: 0.1107, -0.1163, -0.1219, 0.0893, -0.1619)
  Optuna: 18 trials, best Sharpe = 0.0566
  Best params: n_estimators=279, max_depth=3, lr=0.0401, leaves=45
  Best confidence_threshold: 0.667
  Best training_days: 420
  Retrained on full data (1260 samples, 48 features)
  OOD: 16 features, cutoff (q=0.7) = 14.17
  Model trained for 2022-10: 93 test candles with features, confidence_threshold=0.774
[trade:close] 2022-10-03 16:00 ETHUSDT SHORT → timeout @ 1318.18 | PnL=+0.46% (net +0.36%) | cum=+41.20% 2022-10=+0.36% 2022-10-03=+0.36%
[predict] 2022-10-05 08:00 ETHUSDT → LONG (proba=0.80 TP=9.1%/SL=4.6%)
[trade:open] 2022-10-05 15:59 ETHUSDT LONG @ 1329.82 | SL=1269.21 TP=1451.04 | timeout=2022-10-12 15:59
[trade:close] 2022-10-11 07:59 ETHUSDT LONG → stop_loss @ 1269.21 | PnL=-4.56% (net -4.66%) | cum=+36.54% 2022-10=-4.30% 2022-10-11=-4.66%
[predict] 2022-10-14 16:00 ETHUSDT → SHORT (proba=0.81 TP=9.7%/SL=4.8%)
[trade:open] 2022-10-14 23:59 ETHUSDT SHORT @ 1295.35 | SL=1358.09 TP=1169.87 | timeout=2022-10-21 23:59
[trade:close] 2022-10-22 00:00 ETHUSDT SHORT → timeout @ 1299.08 | PnL=-0.29% (net -0.39%) | cum=+36.15% 2022-10=-4.68% 2022-10-22=-0.39%
[predict] 2022-10-22 16:00 ETHUSDT → SHORT (proba=0.86 TP=6.3%/SL=3.1%)
[trade:open] 2022-10-22 23:59 ETHUSDT SHORT @ 1313.19 | SL=1354.48 TP=1230.61 | timeout=2022-10-29 23:59
[trade:close] 2022-10-23 23:59 ETHUSDT SHORT → stop_loss @ 1354.48 | PnL=-3.14% (net -3.24%) | cum=+32.91% 2022-10=-7.93% 2022-10-23=-3.24%
[predict] 2022-10-30 08:00 ETHUSDT → LONG (proba=0.81 TP=11.5%/SL=5.7%)
[trade:open] 2022-10-30 15:59 ETHUSDT LONG @ 1586.61 | SL=1495.61 TP=1768.61 | timeout=2022-11-06 15:59
[lgbm] === Training for 2022-11 ===
  Train window: 2020-11-01 → 2022-10-24
  2168 training samples from 1 symbols
  Samples per month: 2020-11: 90, 2020-12: 93, 2021-01: 93, 2021-02: 84, 2021-03: 93, 2021-04: 90, 2021-05: 93, 2021-06: 90, 2021-07: 93, 2021-08: 93, 2021-09: 90, 2021-10: 93, 2021-11: 90, 2021-12: 93, 2022-01: 93, 2022-02: 84, 2022-03: 93, 2022-04: 90, 2022-05: 93, 2022-06: 90, 2022-07: 93, 2022-08: 93, 2022-09: 90, 2022-10: 71
  [label] 2021-01-01 16:00 ETHUSDT entry=729.7700 → LONG | long=tp(+13.73%) short=sl(-7.02%) | scanned=5 | long_tp_only
  [label] 2021-01-03 16:00 ETHUSDT entry=980.2400 → LONG | long=tp(+17.36%) short=sl(-8.83%) | scanned=1 | long_tp_only
  [label] 2021-01-07 16:00 ETHUSDT entry=1227.1200 → LONG | long=sl(-12.87%) short=timeout(-0.73%) | scanned=22 | no_tp→fwd_return=+0.6307
  [label] 2021-02-01 08:00 ETHUSDT entry=1302.3900 → LONG | long=tp(+20.30%) short=sl(-10.30%) | scanned=5 | long_tp_only
  [label] 2021-03-25 16:00 ETHUSDT entry=1587.5000 → LONG | long=tp(+14.64%) short=sl(-7.47%) | scanned=12 | long_tp_only
  [label] 2021-09-07 16:00 ETHUSDT entry=3435.0000 → LONG | long=sl(-9.58%) short=timeout(-0.11%) | scanned=22 | no_tp→fwd_return=+0.0122
  [label] 2021-09-11 16:00 ETHUSDT entry=3267.2300 → LONG | long=timeout(+5.05%) short=sl(-8.96%) | scanned=22 | no_tp→fwd_return=+5.1456
  [label] 2021-09-22 08:00 ETHUSDT entry=3006.7700 → SHORT | long=timeout(-4.97%) short=timeout(+4.77%) | scanned=22 | no_tp→fwd_return=-4.8700
  [label] 2021-11-06 08:00 ETHUSDT entry=4399.9300 → LONG | long=tp(+9.61%) short=sl(-4.95%) | scanned=7 | long_tp_only
  [label] 2021-11-14 16:00 ETHUSDT entry=4629.4400 → SHORT | long=sl(-4.72%) short=tp(+9.13%) | scanned=5 | short_tp_only
  [label] 2022-02-13 00:00 ETHUSDT entry=2921.4300 → SHORT | long=sl(-7.02%) short=sl(-7.02%) | scanned=19 | no_tp→fwd_return=-6.0556
  [label] 2022-03-17 00:00 ETHUSDT entry=2755.3900 → LONG | long=tp(+11.53%) short=sl(-5.91%) | scanned=21 | long_tp_only
  [label] 2022-04-02 00:00 ETHUSDT entry=3483.1900 → SHORT | long=sl(-4.77%) short=tp(+9.23%) | scanned=15 | short_tp_only
  [label] 2022-04-14 16:00 ETHUSDT entry=3019.8200 → SHORT | long=timeout(-1.38%) short=sl(-4.87%) | scanned=22 | no_tp→fwd_return=-1.2752
  [label] 2022-05-03 08:00 ETHUSDT entry=2821.3800 → SHORT | long=sl(-4.75%) short=sl(-4.75%) | scanned=7 | no_tp→fwd_return=-2.6586
  [label] 2022-05-09 16:00 ETHUSDT entry=2227.4800 → SHORT | long=sl(-7.83%) short=sl(-7.83%) | scanned=6 | no_tp→fwd_return=-6.4423
  [label] 2022-05-22 00:00 ETHUSDT entry=1975.0100 → SHORT | long=sl(-6.77%) short=tp(+13.24%) | scanned=15 | short_tp_only
  [label] 2022-06-30 08:00 ETHUSDT entry=1031.5700 → LONG | long=timeout(+18.14%) short=sl(-9.70%) | scanned=22 | no_tp→fwd_return=+18.2421
  [label] 2022-07-10 08:00 ETHUSDT entry=1163.1300 → SHORT | long=sl(-6.56%) short=tp(+12.83%) | scanned=9 | short_tp_only
  [label] 2022-10-04 08:00 ETHUSDT entry=1353.4100 → SHORT | long=sl(-4.84%) short=timeout(+4.38%) | scanned=22 | no_tp→fwd_return=-4.4776
  Labels: 1159 long (53.5%), 1009 short (46.5%) | weights: min=1.00, mean=3.40, max=10.00
  Features: 2168/2168 matched, 48 columns
  CV gap: 22 rows
  [ensemble 1/3] seed=42
    [trial 0] 48 features, training_days=480 | threshold=0.631 | labels: 1159 long, 1009 short (53/47%)
    [CV fold 0] train_end=2021-02-22 08:00 | val_start=2021-03-02 00:00 | gap=184h (22 rows)
    [CV fold 1] train_end=2021-06-22 16:00 | val_start=2021-06-30 08:00 | gap=184h (22 rows)
    [CV fold 2] train_end=2021-10-21 00:00 | val_start=2021-10-28 16:00 | gap=184h (22 rows)
    [CV fold 3] train_end=2022-02-18 08:00 | val_start=2022-02-26 00:00 | gap=184h (22 rows)
    [CV fold 4] train_end=2022-06-18 16:00 | val_start=2022-06-26 08:00 | gap=184h (22 rows)
    [trial 0] Sharpe=0.0072 (folds: 0.0294, -0.1127, 0.1834, -0.1304, 0.0661)
    [trial 1] 48 features, training_days=420 | threshold=0.839 | labels: 1159 long, 1009 short (53/47%)
    [trial 1] Sharpe=-3.9382 (folds: 0.1259, -10.0000, -10.0000, -0.1717, 0.3545)
    [trial 2] 48 features, training_days=190 | threshold=0.602 | labels: 1159 long, 1009 short (53/47%)
    [trial 2] Sharpe=0.0233 (folds: 0.0858, -0.1516, 0.0384, 0.0794, 0.0644)[I 2026-06-01 15:44:43,636] Trial 2 finished with value: 0.023274332972436453 and parameters: {'confidence_threshold': 0.6022506269873263, 'training_days': 190, 'n_estimators': 255, 'max_depth': 5, 'num_leaves': 24, 'learning_rate': 0.05748924681991978, 'subsample': 0.7962072844310213, 'colsample_bytree': 0.5232252063599989, 'min_child_samples': 69, 'reg_alpha': 3.425445902633376e-07, 'reg_lambda': 3.850031979199519e-08}. Best is trial 2 with value: 0.023274332972436453.
[I 2026-06-01 15:44:43,890] Trial 3 finished with value: 0.02413639535312428 and parameters: {'confidence_threshold': 0.8321099380386666, 'training_days': 490, 'n_estimators': 414, 'max_depth': 3, 'num_leaves': 19, 'learning_rate': 0.1024932221692416, 'subsample': 0.7200762468698007, 'colsample_bytree': 0.5610191174223894, 'min_child_samples': 60, 'reg_alpha': 2.039373116525212e-08, 'reg_lambda': 1.527156759251193}. Best is trial 3 with value: 0.02413639535312428.
[I 2026-06-01 15:44:44,043] Trial 4 finished with value: -0.020654824993202727 and parameters: {'confidence_threshold': 0.5905729935600059, 'training_days': 340, 'n_estimators': 190, 'max_depth': 4, 'num_leaves': 41, 'learning_rate': 0.01875220945578641, 'subsample': 0.9847923138822793, 'colsample_bytree': 0.8875664116805573, 'min_child_samples': 96, 'reg_alpha': 1.1309571585271483, 'reg_lambda': 0.002404915432737351}. Best is trial 3 with value: 0.02413639535312428.
[I 2026-06-01 15:44:44,078] Trial 5 finished with value: -0.01889067211734933 and parameters: {'confidence_threshold': 0.8226559822580909, 'training_days': 50, 'n_estimators': 138, 'max_depth': 3, 'num_leaves': 30, 'learning_rate': 0.03750796359625606, 'subsample': 0.6356745158869479, 'colsample_bytree': 0.9143687545759647, 'min_child_samples': 48, 'reg_alpha': 3.376063348877853e-06, 'reg_lambda': 0.0007660634613082914}. Best is trial 3 with value: 0.02413639535312428.
[I 2026-06-01 15:44:44,184] Trial 6 finished with value: 0.005570327587508167 and parameters: {'confidence_threshold': 0.5493234787411669, 'training_days': 410, 'n_estimators': 83, 'max_depth': 5, 'num_leaves': 52, 'learning_rate': 0.019657448966046126, 'subsample': 0.5027610585618012, 'colsample_bytree': 0.9077307142274171, 'min_child_samples': 77, 'reg_alpha': 0.03639690979811287, 'reg_lambda': 0.08738424135626986}. Best is trial 3 with value: 0.02413639535312428.
[I 2026-06-01 15:44:44,277] Trial 7 finished with value: 0.005455224145908763 and parameters: {'confidence_threshold': 0.5259156281069316, 'training_days': 180, 'n_estimators': 102, 'max_depth': 5, 'num_leaves': 45, 'learning_rate': 0.030816017044468066, 'subsample': 0.5317791751430119, 'colsample_bytree': 0.6554911608578311, 'min_child_samples': 46, 'reg_alpha': 0.036851536911881845, 'reg_lambda': 0.005470376807480391}. Best is trial 3 with value: 0.02413639535312428.
[I 2026-06-01 15:44:44,381] Trial 8 finished with value: 0.10322356717105999 and parameters: {'confidence_threshold': 0.8105244599017143, 'training_days': 240, 'n_estimators': 103, 'max_depth': 5, 'num_leaves': 52, 'learning_rate': 0.06746437142284309, 'subsample': 0.8854835899772805, 'colsample_bytree': 0.7468977981821954, 'min_child_samples': 62, 'reg_alpha': 7.04480806377519e-05, 'reg_lambda': 1.6934490731313353e-08}. Best is trial 8 with value: 0.10322356717105999.
[I 2026-06-01 15:44:44,412] Trial 9 finished with value: -0.08549374420254359 and parameters: {'confidence_threshold': 0.5377619994476566, 'training_days': 20, 'n_estimators': 337, 'max_depth': 3, 'num_leaves': 39, 'learning_rate': 0.21907142272152816, 'subsample': 0.6246461145744375, 'colsample_bytree': 0.7051914615178149, 'min_child_samples': 81, 'reg_alpha': 1.1459970229341322e-06, 'reg_lambda': 4.929685216887945e-08}. Best is trial 8 with value: 0.10322356717105999.
[I 2026-06-01 15:44:44,937] Trial 10 finished with value: 0.015346138687210733 and parameters: {'confidence_threshold': 0.734042426776949, 'training_days': 280, 'n_estimators': 487, 'max_depth': 5, 'num_leaves': 62, 'learning_rate': 0.10432148521337849, 'subsample': 0.9416850669512905, 'colsample_bytree': 0.8120417635861826, 'min_child_samples': 27, 'reg_alpha': 7.238112263003475e-05, 'reg_lambda': 3.3639426888455256e-06}. Best is trial 8 with value: 0.10322356717105999.
[I 2026-06-01 15:44:45,224] Trial 11 finished with value: 0.056037510579980396 and parameters: {'confidence_threshold': 0.7615879655568232, 'training_days': 170, 'n_estimators': 496, 'max_depth': 4, 'num_leaves': 55, 'learning_rate': 0.10448448531784886, 'subsample': 0.8696252151616218, 'colsample_bytree': 0.5602505613527179, 'min_child_samples': 56, 'reg_alpha': 4.379223436569254e-08, 'reg_lambda': 9.74477562314831}. Best is trial 8 with value: 0.10322356717105999.
[I 2026-06-01 15:44:45,361] Trial 12 finished with value: 0.0234694086470224 and parameters: {'confidence_threshold': 0.7286249135117628, 'training_days': 140, 'n_estimators': 223, 'max_depth': 4, 'num_leaves': 63, 'learning_rate': 0.08962717626942573, 'subsample': 0.8551998429125597, 'colsample_bytree': 0.5946885253004067, 'min_child_samples': 30, 'reg_alpha': 5.6535530920430964e-05, 'reg_lambda': 1.4010381098742505e-05}. Best is trial 8 with value: 0.10322356717105999.
[I 2026-06-01 15:44:45,753] Trial 13 finished with value: 0.024192839817002567 and parameters: {'confidence_threshold': 0.7680477997919558, 'training_days': 250, 'n_estimators': 500, 'max_depth': 4, 'num_leaves': 52, 'learning_rate': 0.22361544567965289, 'subsample': 0.8813567124152576, 'colsample_bytree': 0.7910440128251198, 'min_child_samples': 54, 'reg_alpha': 3.4226666758186125e-08, 'reg_lambda': 8.152647999869425}. Best is trial 8 with value: 0.10322356717105999.
[I 2026-06-01 15:44:45,925] Trial 14 finished with value: -0.06429521609478203 and parameters: {'confidence_threshold': 0.7594036169129817, 'training_days': 110, 'n_estimators': 310, 'max_depth': 4, 'num_leaves': 55, 'learning_rate': 0.06291821342644402, 'subsample': 0.8740246069767881, 'colsample_bytree': 0.626527299816021, 'min_child_samples': 37, 'reg_alpha': 1.373273876506371e-05, 'reg_lambda': 5.7627088851940795e-05}. Best is trial 8 with value: 0.10322356717105999.
[I 2026-06-01 15:44:46,190] Trial 15 finished with value: 0.04818705450484652 and parameters: {'confidence_threshold': 0.6778308661550855, 'training_days': 250, 'n_estimators': 427, 'max_depth': 5, 'num_leaves': 47, 'learning_rate': 0.12901484772274463, 'subsample': 0.9377783890671887, 'colsample_bytree': 0.5065896071904618, 'min_child_samples': 90, 'reg_alpha': 0.0018780797504261812, 'reg_lambda': 0.10351163679178875}. Best is trial 8 with value: 0.10322356717105999.
[I 2026-06-01 15:44:46,431] Trial 16 finished with value: 0.013328687245814758 and parameters: {'confidence_threshold': 0.7980310851665199, 'training_days': 320, 'n_estimators': 293, 'max_depth': 4, 'num_leaves': 57, 'learning_rate': 0.15013971957309138, 'subsample': 0.8052333371898657, 'colsample_bytree': 0.9826162589395974, 'min_child_samples': 64, 'reg_alpha': 1.672655083254394e-07, 'reg_lambda': 1.2482766579112276e-06}. Best is trial 8 with value: 0.10322356717105999.
[I 2026-06-01 15:44:46,519] Trial 17 finished with value: 0.06173496333883516 and parameters: {'confidence_threshold': 0.6755099553978283, 'training_days': 100, 'n_estimators': 185, 'max_depth': 4, 'num_leaves': 34, 'learning_rate': 0.010425658055299656, 'subsample': 0.7004831188261247, 'colsample_bytree': 0.8380549877235325, 'min_child_samples': 57, 'reg_alpha': 7.855718594789343, 'reg_lambda': 0.04680492118231637}. Best is trial 8 with value: 0.10322356717105999.
[I 2026-06-01 15:44:46,684] A new study created in memory with name: no-name-b2b3e66e-d4cf-48c7-815b-6e31c0e40853
[I 2026-06-01 15:44:46,770] Trial 0 finished with value: 0.04843351734054964 and parameters: {'confidence_threshold': 0.7437642149592516, 'training_days': 150, 'n_estimators': 152, 'max_depth': 4, 'num_leaves': 50, 'learning_rate': 0.04216766425047743, 'subsample': 0.9903820991923078, 'colsample_bytree': 0.8424148692924316, 'min_child_samples': 58, 'reg_alpha': 3.381097259762742e-05, 'reg_lambda': 1.2263152961306247e-05}. Best is trial 0 with value: 0.04843351734054964.
[I 2026-06-01 15:44:46,841] Trial 1 finished with value: -4.027042989140316 and parameters: {'confidence_threshold': 0.7551673975844145, 'training_days': 220, 'n_estimators': 76, 'max_depth': 4, 'num_leaves': 51, 'learning_rate': 0.018602118810743477, 'subsample': 0.5877258780737462, 'colsample_bytree': 0.7657756869209191, 'min_child_samples': 63, 'reg_alpha': 0.005123994170264194, 'reg_lambda': 0.44145470178120466}. Best is trial 0 with value: 0.04843351734054964.
[I 2026-06-01 15:44:47,085] Trial 2 finished with value: 0.0396070456238965 and parameters: {'confidence_threshold': 0.7535593637012223, 'training_days': 310, 'n_estimators': 375, 'max_depth': 3, 'num_leaves': 32, 'learning_rate': 0.021735641882032388, 'subsample': 0.6468570231944146, 'colsample_bytree': 0.8154880619272439, 'min_child_samples': 27, 'reg_alpha': 8.004064028491336e-05, 'reg_lambda': 7.546835261630524e-05}. Best is trial 0 with value: 0.04843351734054964.
[I 2026-06-01 15:44:47,249] Trial 3 finished with value: 0.026361053281236658 and parameters: {'confidence_threshold': 0.6727897841776072, 'training_days': 220, 'n_estimators': 190, 'max_depth': 4, 'num_leaves': 58, 'learning_rate': 0.24810689332636193, 'subsample': 0.7509183379421682, 'colsample_bytree': 0.8119764758960556, 'min_child_samples': 29, 'reg_alpha': 7.1708285081421445e-06, 'reg_lambda': 5.412973582738627e-05}. Best is trial 0 with value: 0.04843351734054964.
[I 2026-06-01 15:44:47,359] Trial 4 finished with value: 0.0033374825182270786 and parameters: {'confidence_threshold': 0.803208205259178, 'training_days': 130, 'n_estimators': 267, 'max_depth': 5, 'num_leaves': 40, 'learning_rate': 0.08041175317374143, 'subsample': 0.5603143329951619, 'colsample_bytree': 0.9131704002534167, 'min_child_samples': 68, 'reg_alpha': 0.0008046593428183385, 'reg_lambda': 1.2158346158765583e-05}. Best is trial 0 with value: 0.04843351734054964.
[I 2026-06-01 15:44:47,578] Trial 5 finished with value: 0.050237878058403664 and parameters: {'confidence_threshold': 0.6064422761595144, 'training_days': 210, 'n_estimators': 357, 'max_depth': 5, 'num_leaves': 40, 'learning_rate': 0.0974221287220869, 'subsample': 0.7929682762811064, 'colsample_bytree': 0.8124517510478, 'min_child_samples': 74, 'reg_alpha': 0.3811377260781234, 'reg_lambda': 5.607314238392041e-08}. Best is trial 5 with value: 0.050237878058403664.
[I 2026-06-01 15:44:47,691] Trial 6 finished with value: -0.005391755168415296 and parameters: {'confidence_threshold': 0.7672889945051684, 'training_days': 130, 'n_estimators': 137, 'max_depth': 4, 'num_leaves': 19, 'learning_rate': 0.2031117614248665, 'subsample': 0.8136244860256343, 'colsample_bytree': 0.8617081790949774, 'min_child_samples': 21, 'reg_alpha': 0.002238138278733199, 'reg_lambda': 0.001025809534977322}. Best is trial 5 with value: 0.050237878058403664.
[I 2026-06-01 15:44:47,756] Trial 7 finished with value: -0.030695874428465254 and parameters: {'confidence_threshold': 0.555635875450653, 'training_days': 80, 'n_estimators': 363, 'max_depth': 3, 'num_leaves': 48, 'learning_rate': 0.06590089024008658, 'subsample': 0.6944752870615722, 'colsample_bytree': 0.962566244806993, 'min_child_samples': 88, 'reg_alpha': 1.6465620446426067e-05, 'reg_lambda': 2.4678750890085655e-08}. Best is trial 5 with value: 0.050237878058403664.
[I 2026-06-01 15:44:48,062] Trial 8 finished with value: 0.020905933308218758 and parameters: {'confidence_threshold': 0.6066688256938841, 'training_days': 200, 'n_estimators': 367, 'max_depth': 5, 'num_leaves': 32, 'learning_rate': 0.13377519215934996, 'subsample': 0.7965884582811106, 'colsample_bytree': 0.8458508993500886, 'min_child_samples': 32, 'reg_alpha': 3.889436043816386e-05, 'reg_lambda': 1.4713062489380356e-06}. Best is trial 5 with value: 0.050237878058403664.
[I 2026-06-01 15:44:48,258] Trial 9 finished with value: 0.013916523205990586 and parameters: {'confidence_threshold': 0.6202096049169137, 'training_days': 260, 'n_estimators': 350, 'max_depth': 3, 'num_leaves': 21, 'learning_rate': 0.02989540198065364, 'subsample': 0.8307821683331218, 'colsample_bytree': 0.923253112635361, 'min_child_samples': 64, 'reg_alpha': 0.4898604619604203, 'reg_lambda': 2.9076377687066166e-05}. Best is trial 5 with value: 0.050237878058403664.
[I 2026-06-01 15:44:48,595] Trial 10 finished with value: 0.013188277796768927 and parameters: {'confidence_threshold': 0.5342665212695602, 'training_days': 470, 'n_estimators': 493, 'max_depth': 5, 'num_leaves': 63, 'learning_rate': 0.010221918552934462, 'subsample': 0.9166551855891288, 'colsample_bytree': 0.6202684210924141, 'min_child_samples': 99, 'reg_alpha': 2.371385268938747e-08, 'reg_lambda': 8.795022395727933e-08}. Best is trial 5 with value: 0.050237878058403664.
[I 2026-06-01 15:44:48,623] Trial 11 finished with value: -4.116953030054226 and parameters: {'confidence_threshold': 0.6853230952586662, 'training_days': 30, 'n_estimators': 240, 'max_depth': 4, 'num_leaves': 42, 'learning_rate': 0.04247104611648824, 'subsample': 0.9948913007509467, 'colsample_bytree': 0.6778283959364831, 'min_child_samples': 45, 'reg_alpha': 5.52148235930095, 'reg_lambda': 3.1004210825103437e-07}. Best is trial 5 with value: 0.050237878058403664.
