[I 2026-06-01 15:48:31,322] Trial 7 finished with value: 0.02934060578793471 and parameters: {'confidence_threshold': 0.555635875450653, 'training_days': 80, 'n_estimators': 363, 'max_depth': 3, 'num_leaves': 48, 'learning_rate': 0.06590089024008658, 'subsample': 0.6944752870615722, 'colsample_bytree': 0.962566244806993, 'min_child_samples': 88, 'reg_alpha': 1.6465620446426067e-05, 'reg_lambda': 2.4678750890085655e-08}. Best is trial 6 with value: 0.07004134822310386.

  [label] 2023-06-08 00:00 ETHUSDT entry=1841.1200 → SHORT | long=sl(-3.22%) short=tp(+6.15%) | scanned=6 | short_tp_only
  [label] 2023-06-12 00:00 ETHUSDT entry=1735.9900 → SHORT | long=sl(-3.67%) short=timeout(+0.61%) | scanned=22 | no_tp→fwd_return=-0.7074
  [label] 2023-06-22 16:00 ETHUSDT entry=1871.3600 → SHORT | long=timeout(-1.18%) short=timeout(+0.98%) | scanned=22 | no_tp→fwd_return=-1.0778
  [label] 2023-08-06 16:00 ETHUSDT entry=1829.3800 → LONG | long=timeout(+0.49%) short=sl(-1.79%) | scanned=22 | no_tp→fwd_return=+0.5854
  [label] 2023-08-15 08:00 ETHUSDT entry=1839.5300 → SHORT | long=sl(-1.36%) short=tp(+2.42%) | scanned=4 | short_tp_only
  [label] 2023-11-13 16:00 ETHUSDT entry=2055.1800 → SHORT | long=sl(-4.71%) short=timeout(+1.49%) | scanned=22 | no_tp→fwd_return=-1.5945
  [label] 2023-12-15 16:00 ETHUSDT entry=2221.7100 → LONG | long=timeout(+4.62%) short=sl(-5.07%) | scanned=22 | no_tp→fwd_return=+4.7180
  [label] 2024-01-01 00:00 ETHUSDT entry=2286.4600 → SHORT | long=sl(-4.03%) short=sl(-4.03%) | scanned=7 | no_tp→fwd_return=-1.9874
  [label] 2024-01-13 16:00 ETHUSDT entry=2578.5000 → SHORT | long=sl(-6.08%) short=timeout(+4.02%) | scanned=22 | no_tp→fwd_return=-4.1198
  [label] 2024-02-01 00:00 ETHUSDT entry=2270.9200 → LONG | long=tp(+7.56%) short=sl(-3.93%) | scanned=20 | long_tp_only
  [label] 2024-02-07 08:00 ETHUSDT entry=2368.6900 → LONG | long=tp(+5.59%) short=sl(-2.94%) | scanned=6 | long_tp_only
  [label] 2024-02-19 16:00 ETHUSDT entry=2946.5500 → LONG | long=tp(+7.86%) short=sl(-4.08%) | scanned=21 | long_tp_only
  [label] 2024-03-30 08:00 ETHUSDT entry=3539.9700 → SHORT | long=sl(-4.66%) short=tp(+9.02%) | scanned=10 | short_tp_only
  [label] 2024-04-09 00:00 ETHUSDT entry=3644.1100 → SHORT | long=sl(-4.72%) short=tp(+9.15%) | scanned=11 | short_tp_only
  [label] 2024-07-04 08:00 ETHUSDT entry=3137.8700 → SHORT | long=sl(-4.26%) short=tp(+8.21%) | scanned=2 | short_tp_only
  Labels: 1134 long (52.2%), 1037 short (47.8%) | weights: min=1.00, mean=4.10, max=10.00
  Features: 2171/2171 matched, 48 columns
  CV gap: 22 rows
  [ensemble 1/3] seed=42
    [trial 0] 48 features, training_days=480 | threshold=0.631 | labels: 1134 long, 1037 short (52/48%)
    [CV fold 0] train_end=2022-11-23 08:00 | val_start=2022-12-01 00:00 | gap=184h (22 rows)
    [CV fold 1] train_end=2023-03-23 16:00 | val_start=2023-03-31 08:00 | gap=184h (22 rows)
    [CV fold 2] train_end=2023-07-22 00:00 | val_start=2023-07-29 16:00 | gap=184h (22 rows)
    [CV fold 3] train_end=2023-11-19 08:00 | val_start=2023-11-27 00:00 | gap=184h (22 rows)
    [CV fold 4] train_end=2024-03-18 16:00 | val_start=2024-03-26 08:00 | gap=184h (22 rows)
    [trial 0] Sharpe=-0.0401 (folds: -0.1779, -0.1647, 0.0021, 0.0847, 0.0555)
    [trial 1] 48 features, training_days=420 | threshold=0.839 | labels: 1134 long, 1037 short (52/48%)
    [trial 1] Sharpe=-2.0367 (folds: -0.0231, -0.0568, -0.0584, -10.0000, -0.0451)
    [trial 2] 48 features, training_days=190 | threshold=0.602 | labels: 1134 long, 1037 short (52/48%)
    [trial 2] Sharpe=-0.0153 (folds: -0.1174, -0.1987, 0.0595, 0.2082, -0.0278)
    [trial 3] 48 features, training_days=490 | threshold=0.832 | labels: 1134 long, 1037 short (52/48%)
    [trial 3] Sharpe=-0.0174 (folds: -0.2897, 0.0076, 0.1361, 0.0538, 0.0051)
    [trial 4] 48 features, training_days=340 | threshold=0.591 | labels: 1134 long, 1037 short (52/48%)
    [trial 4] Sharpe=-0.0544 (folds: -0.1846, -0.2401, 0.0712, 0.0933, -0.0119)
    [trial 5] 48 features, training_days=50 | threshold=0.823 | labels: 1134 long, 1037 short (52/48%)
    [trial 5] Sharpe=0.0294 (folds: -0.4781, -0.1225, -0.0250, 0.6801, 0.0925)
    [trial 6] 48 features, training_days=410 | threshold=0.549 | labels: 1134 long, 1037 short (52/48%)
    [trial 6] Sharpe=-0.0414 (folds: -0.1446, -0.1457, -0.0185, 0.1042, -0.0023)
    [trial 7] 48 features, training_days=180 | threshold=0.526 | labels: 1134 long, 1037 short (52/48%)
    [trial 7] Sharpe=-0.0107 (folds: -0.1866, -0.1859, 0.0038, 0.3896, -0.0743)
    [trial 8] 48 features, training_days=240 | threshold=0.811 | labels: 1134 long, 1037 short (52/48%)
    [trial 8] Sharpe=0.0563 (folds: -0.1363, -0.0138, 0.2955, 0.2402, -0.1043)
    [trial 9] 48 features, training_days=20 | threshold=0.538 | labels: 1134 long, 1037 short (52/48%)
    [trial 9] Sharpe=0.0094 (folds: -0.1592, -0.0155, -0.1813, 0.3054, 0.0975)
    [trial 10] 48 features, training_days=280 | threshold=0.734 | labels: 1134 long, 1037 short (52/48%)
    [trial 10] Sharpe=-0.0142 (folds: -0.1366, -0.0412, 0.0713, 0.0859, -0.0502)
    [trial 11] 48 features, training_days=20 | threshold=0.762 | labels: 1134 long, 1037 short (52/48%)
    [trial 11] Sharpe=-7.9805 (folds: -10.0000, -10.0000, -10.0000, -10.0000, 0.0975)
    [trial 12] 48 features, training_days=140 | threshold=0.768 | labels: 1134 long, 1037 short (52/48%)
    [trial 12] Sharpe=0.0552 (folds: 0.1529, -0.4992, 0.0001, 0.6176, 0.0045)
    [trial 13] 48 features, training_days=130 | threshold=0.736 | labels: 1134 long, 1037 short (52/48%)
    [trial 13] Sharpe=0.0876 (folds: -0.0552, -0.0794, 0.1571, 0.3701, 0.0455)
    [trial 14] 48 features, training_days=260 | threshold=0.697 | labels: 1134 long, 1037 short (52/48%)
    [trial 14] Sharpe=0.0222 (folds: -0.0515, -0.0243, 0.1143, 0.1183, -0.0459)
    [trial 15] 48 features, training_days=110 | threshold=0.687 | labels: 1134 long, 1037 short (52/48%)
    [trial 15] Sharpe=0.0283 (folds: -0.3167, -0.0741, 0.2479, 0.2472, 0.0371)
    [trial 16] 48 features, training_days=210 | threshold=0.775 | labels: 1134 long, 1037 short (52/48%)
    [trial 16] Sharpe=-0.0231 (folds: -0.2394, -0.1327, 0.1217, 0.1598, -0.0248)
    [trial 17] 48 features, training_days=110 | threshold=0.726 | labels: 1134 long, 1037 short (52/48%)
    [trial 17] Sharpe=0.0286 (folds: -0.4934, -0.4179, 0.4311, 0.4142, 0.2088)
  Optuna: 18 trials, best Sharpe = 0.0876
  Best params: n_estimators=58, max_depth=4, lr=0.1055, leaves=57
  Best confidence_threshold: 0.736
  Best training_days: 130
  Retrained on full data (390 samples, 48 features)
  [ensemble 2/3] seed=123
    [trial 0] 48 features, training_days=150 | threshold=0.744 | labels: 1134 long, 1037 short (52/48%)
    [CV fold 0] train_end=2022-11-23 08:00 | val_start=2022-12-01 00:00 | gap=184h (22 rows)
    [CV fold 1] train_end=2023-03-23 16:00 | val_start=2023-03-31 08:00 | gap=184h (22 rows)
    [CV fold 2] train_end=2023-07-22 00:00 | val_start=2023-07-29 16:00 | gap=184h (22 rows)
    [CV fold 3] train_end=2023-11-19 08:00 | val_start=2023-11-27 00:00 | gap=184h (22 rows)
    [CV fold 4] train_end=2024-03-18 16:00 | val_start=2024-03-26 08:00 | gap=184h (22 rows)
    [trial 0] Sharpe=-0.0216 (folds: -0.1780, -0.2508, 0.1501, 0.2123, -0.0417)
    [trial 1] 48 features, training_days=220 | threshold=0.755 | labels: 1134 long, 1037 short (52/48%)
    [trial 1] Sharpe=-5.8973 (folds: -10.0000, -10.0000, -10.0000, 0.3030, 0.2107)
    [trial 2] 48 features, training_days=310 | threshold=0.754 | labels: 1134 long, 1037 short (52/48%)
    [trial 2] Sharpe=-0.0229 (folds: -0.1055, -0.0220, -0.0207, 0.1136, -0.0799)
    [trial 3] 48 features, training_days=220 | threshold=0.673 | labels: 1134 long, 1037 short (52/48%)
    [trial 3] Sharpe=0.0067 (folds: -0.1419, -0.0894, 0.1275, 0.2047, -0.0674)
    [trial 4] 48 features, training_days=130 | threshold=0.803 | labels: 1134 long, 1037 short (52/48%)
    [trial 4] Sharpe=0.0041 (folds: -0.1964, -0.2348, 0.1583, 0.2400, 0.0533)
    [trial 5] 48 features, training_days=210 | threshold=0.606 | labels: 1134 long, 1037 short (52/48%)
    [trial 5] Sharpe=0.0218 (folds: -0.1141, -0.1187, 0.1473, 0.2185, -0.0237)
    [trial 6] 48 features, training_days=130 | threshold=0.767 | labels: 1134 long, 1037 short (52/48%)
    [trial 6] Sharpe=0.0700 (folds: -0.0563, -0.0917, 0.2148, 0.2927, -0.0093)
    [trial 7] 48 features, training_days=80 | threshold=0.556 | labels: 1134 long, 1037 short (52/48%)
    [trial 7] Sharpe=0.0293 (folds: -0.0008, -0.0861, 0.1049, 0.1266, 0.0021)
    [trial 8] 48 features, training_days=200 | threshold=0.607 | labels: 1134 long, 1037 short (52/48%)[I 2026-06-01 15:48:31,663] Trial 8 finished with value: 0.0170630568650641 and parameters: {'confidence_threshold': 0.6066688256938841, 'training_days': 200, 'n_estimators': 367, 'max_depth': 5, 'num_leaves': 32, 'learning_rate': 0.13377519215934996, 'subsample': 0.7965884582811106, 'colsample_bytree': 0.8458508993500886, 'min_child_samples': 32, 'reg_alpha': 3.889436043816386e-05, 'reg_lambda': 1.4713062489380356e-06}. Best is trial 6 with value: 0.07004134822310386.
[I 2026-06-01 15:48:31,894] Trial 9 finished with value: 0.004891581092841749 and parameters: {'confidence_threshold': 0.6202096049169137, 'training_days': 260, 'n_estimators': 350, 'max_depth': 3, 'num_leaves': 21, 'learning_rate': 0.02989540198065364, 'subsample': 0.8307821683331218, 'colsample_bytree': 0.923253112635361, 'min_child_samples': 64, 'reg_alpha': 0.4898604619604203, 'reg_lambda': 2.9076377687066166e-05}. Best is trial 6 with value: 0.07004134822310386.
[I 2026-06-01 15:48:32,307] Trial 10 finished with value: -0.07890883098812071 and parameters: {'confidence_threshold': 0.8445241688507242, 'training_days': 470, 'n_estimators': 493, 'max_depth': 4, 'num_leaves': 17, 'learning_rate': 0.010221918552934462, 'subsample': 0.925262810706551, 'colsample_bytree': 0.6202684210924141, 'min_child_samples': 46, 'reg_alpha': 2.3451009125120672e-08, 'reg_lambda': 0.08638692467458545}. Best is trial 6 with value: 0.07004134822310386.
[I 2026-06-01 15:48:32,333] Trial 11 finished with value: -0.08962475851722453 and parameters: {'confidence_threshold': 0.5077463503498806, 'training_days': 10, 'n_estimators': 51, 'max_depth': 3, 'num_leaves': 62, 'learning_rate': 0.29452324091564064, 'subsample': 0.6748876838908044, 'colsample_bytree': 0.9864508096204552, 'min_child_samples': 100, 'reg_alpha': 2.5493772909886044e-07, 'reg_lambda': 0.006998721582327246}. Best is trial 6 with value: 0.07004134822310386.
[I 2026-06-01 15:48:32,359] Trial 12 finished with value: -0.08962475851722453 and parameters: {'confidence_threshold': 0.5170417950991051, 'training_days': 10, 'n_estimators': 252, 'max_depth': 3, 'num_leaves': 28, 'learning_rate': 0.15265377916176726, 'subsample': 0.6792225297018946, 'colsample_bytree': 0.6669454130036883, 'min_child_samples': 90, 'reg_alpha': 0.009505264432762285, 'reg_lambda': 0.004762002115187951}. Best is trial 6 with value: 0.07004134822310386.
[I 2026-06-01 15:48:32,500] Trial 13 finished with value: 0.08405833326113436 and parameters: {'confidence_threshold': 0.6955529552558224, 'training_days': 110, 'n_estimators': 475, 'max_depth': 3, 'num_leaves': 49, 'learning_rate': 0.05554951828366062, 'subsample': 0.8773640182070679, 'colsample_bytree': 0.943385579416806, 'min_child_samples': 82, 'reg_alpha': 1.0060661308529223e-06, 'reg_lambda': 1.147897733478235e-08}. Best is trial 13 with value: 0.08405833326113436.
[I 2026-06-01 15:48:32,899] Trial 14 finished with value: -0.01877676390859857 and parameters: {'confidence_threshold': 0.6968624890517784, 'training_days': 340, 'n_estimators': 487, 'max_depth': 4, 'num_leaves': 44, 'learning_rate': 0.04845593946981536, 'subsample': 0.8970822429889903, 'colsample_bytree': 0.7101988997477608, 'min_child_samples': 44, 'reg_alpha': 4.6313737939733275e-07, 'reg_lambda': 0.002238160234885918}. Best is trial 13 with value: 0.08405833326113436.
[I 2026-06-01 15:48:32,965] Trial 15 finished with value: 0.061164132892597964 and parameters: {'confidence_threshold': 0.6924133483542253, 'training_days': 90, 'n_estimators': 150, 'max_depth': 4, 'num_leaves': 24, 'learning_rate': 0.1660642275831954, 'subsample': 0.8792302281085307, 'colsample_bytree': 0.5093920150666754, 'min_child_samples': 78, 'reg_alpha': 0.04021651658117916, 'reg_lambda': 3.5532501480887757}. Best is trial 13 with value: 0.08405833326113436.
[I 2026-06-01 15:48:33,091] Trial 16 finished with value: 0.04428861401871498 and parameters: {'confidence_threshold': 0.7919468901029868, 'training_days': 70, 'n_estimators': 441, 'max_depth': 3, 'num_leaves': 15, 'learning_rate': 0.11483160537784724, 'subsample': 0.9651572916065627, 'colsample_bytree': 0.911076555491105, 'min_child_samples': 50, 'reg_alpha': 1.6323832176782968e-06, 'reg_lambda': 4.573320280175857e-07}. Best is trial 13 with value: 0.08405833326113436.
[I 2026-06-01 15:48:33,194] Trial 17 finished with value: -0.005208747990255036 and parameters: {'confidence_threshold': 0.6515887580575337, 'training_days': 160, 'n_estimators': 222, 'max_depth': 5, 'num_leaves': 34, 'learning_rate': 0.19957378442644322, 'subsample': 0.8369098161461509, 'colsample_bytree': 0.92644810541428, 'min_child_samples': 21, 'reg_alpha': 7.284070645541434, 'reg_lambda': 0.0008031084164334182}. Best is trial 13 with value: 0.08405833326113436.
[I 2026-06-01 15:48:33,567] A new study created in memory with name: no-name-d93c36d1-d9c3-4c26-8ea4-a88828c42537
[I 2026-06-01 15:48:33,768] Trial 0 finished with value: 0.04671473409254535 and parameters: {'confidence_threshold': 0.5870645682749857, 'training_days': 90, 'n_estimators': 403, 'max_depth': 5, 'num_leaves': 45, 'learning_rate': 0.0780457193679974, 'subsample': 0.9428509515574568, 'colsample_bytree': 0.8795587339164916, 'min_child_samples': 34, 'reg_alpha': 2.2465901234314442e-07, 'reg_lambda': 8.339007036475363e-05}. Best is trial 0 with value: 0.04671473409254535.
[I 2026-06-01 15:48:33,874] Trial 1 finished with value: -0.038792117063682054 and parameters: {'confidence_threshold': 0.6348453934275313, 'training_days': 290, 'n_estimators': 115, 'max_depth': 5, 'num_leaves': 37, 'learning_rate': 0.06949568759029946, 'subsample': 0.8228505074024268, 'colsample_bytree': 0.8616703220431751, 'min_child_samples': 75, 'reg_alpha': 4.2486822725010923e-07, 'reg_lambda': 1.157247767047042e-07}. Best is trial 0 with value: 0.04671473409254535.
[I 2026-06-01 15:48:33,892] Trial 2 finished with value: -0.08962475851722453 and parameters: {'confidence_threshold': 0.5849570384370288, 'training_days': 10, 'n_estimators': 212, 'max_depth': 3, 'num_leaves': 41, 'learning_rate': 0.18452095998378365, 'subsample': 0.6001060822924371, 'colsample_bytree': 0.5673167293506167, 'min_child_samples': 37, 'reg_alpha': 5.733250064217131, 'reg_lambda': 0.5308454292595461}. Best is trial 0 with value: 0.04671473409254535.
[I 2026-06-01 15:48:33,976] Trial 3 finished with value: 0.0019784271056185352 and parameters: {'confidence_threshold': 0.6868248626683718, 'training_days': 220, 'n_estimators': 134, 'max_depth': 3, 'num_leaves': 45, 'learning_rate': 0.033529007907491595, 'subsample': 0.8647277071858408, 'colsample_bytree': 0.778494116634046, 'min_child_samples': 96, 'reg_alpha': 2.409409937265785e-07, 'reg_lambda': 1.1642073478060009}. Best is trial 0 with value: 0.04671473409254535.
[I 2026-06-01 15:48:34,057] Trial 4 finished with value: -0.05062026481971985 and parameters: {'confidence_threshold': 0.5623121348350352, 'training_days': 300, 'n_estimators': 69, 'max_depth': 4, 'num_leaves': 32, 'learning_rate': 0.14967629360700346, 'subsample': 0.5054535233636654, 'colsample_bytree': 0.7401385194659216, 'min_child_samples': 27, 'reg_alpha': 1.4212042567426725e-07, 'reg_lambda': 0.23605753701352003}. Best is trial 0 with value: 0.04671473409254535.
[I 2026-06-01 15:48:34,479] Trial 5 finished with value: -0.033804387413758324 and parameters: {'confidence_threshold': 0.7111850244908446, 'training_days': 490, 'n_estimators': 362, 'max_depth': 5, 'num_leaves': 40, 'learning_rate': 0.05960785724162737, 'subsample': 0.5589714368907717, 'colsample_bytree': 0.6659006943232806, 'min_child_samples': 42, 'reg_alpha': 0.6741360303045295, 'reg_lambda': 6.054601607143087e-08}. Best is trial 0 with value: 0.04671473409254535.
[I 2026-06-01 15:48:34,666] Trial 6 finished with value: -0.030064093876562364 and parameters: {'confidence_threshold': 0.667482545748023, 'training_days': 420, 'n_estimators': 279, 'max_depth': 3, 'num_leaves': 45, 'learning_rate': 0.040099592560849204, 'subsample': 0.8563114696415159, 'colsample_bytree': 0.5442917781944105, 'min_child_samples': 50, 'reg_alpha': 1.6407916423707903e-08, 'reg_lambda': 2.935907642973286e-05}. Best is trial 0 with value: 0.04671473409254535.
[I 2026-06-01 15:48:34,819] Trial 7 finished with value: -0.00046800072717438775 and parameters: {'confidence_threshold': 0.5497381024139926, 'training_days': 120, 'n_estimators': 408, 'max_depth': 5, 'num_leaves': 38, 'learning_rate': 0.28049122657745795, 'subsample': 0.8806573338635493, 'colsample_bytree': 0.5454054113547102, 'min_child_samples': 63, 'reg_alpha': 0.01263008637940408, 'reg_lambda': 0.04588020805366937}. Best is trial 0 with value: 0.04671473409254535.
[I 2026-06-01 15:48:35,105] Trial 8 finished with value: -0.03350529073868737 and parameters: {'confidence_threshold': 0.719644804808716, 'training_days': 450, 'n_estimators': 410, 'max_depth': 4, 'num_leaves': 57, 'learning_rate': 0.04022026551478857, 'subsample': 0.5336085426932707, 'colsample_bytree': 0.5705742850577543, 'min_child_samples': 100, 'reg_alpha': 5.916398047912201e-07, 'reg_lambda': 0.9794034214488329}. Best is trial 0 with value: 0.04671473409254535.
[I 2026-06-01 15:48:35,132] Trial 9 finished with value: -5.983597829832037 and parameters: {'confidence_threshold': 0.7267463643917187, 'training_days': 20, 'n_estimators': 337, 'max_depth': 5, 'num_leaves': 23, 'learning_rate': 0.022153031811454605, 'subsample': 0.6305627572358737, 'colsample_bytree': 0.6613413774216214, 'min_child_samples': 81, 'reg_alpha': 5.7638634029410314e-08, 'reg_lambda': 8.26603016764008}. Best is trial 0 with value: 0.04671473409254535.
[I 2026-06-01 15:48:35,469] Trial 10 finished with value: 0.07315064338832808 and parameters: {'confidence_threshold': 0.8398533911817929, 'training_days': 130, 'n_estimators': 485, 'max_depth': 4, 'num_leaves': 62, 'learning_rate': 0.014251957942824738, 'subsample': 0.9901604570372973, 'colsample_bytree': 0.9944479338273263, 'min_child_samples': 23, 'reg_alpha': 6.837313901272251e-05, 'reg_lambda': 0.0006976939169966911}. Best is trial 10 with value: 0.07315064338832808.
[I 2026-06-01 15:48:35,842] Trial 11 finished with value: 0.060757555578865495 and parameters: {'confidence_threshold': 0.8491135887906174, 'training_days': 140, 'n_estimators': 478, 'max_depth': 4, 'num_leaves': 61, 'learning_rate': 0.010040680771315659, 'subsample': 0.9943448329854054, 'colsample_bytree': 0.9775347597655288, 'min_child_samples': 20, 'reg_alpha': 7.328612622954525e-05, 'reg_lambda': 0.0002767360651732308}. Best is trial 10 with value: 0.07315064338832808.
[I 2026-06-01 15:48:36,293] Trial 12 finished with value: 0.04102699195344345 and parameters: {'confidence_threshold': 0.844172879916663, 'training_days': 180, 'n_estimators': 490, 'max_depth': 4, 'num_leaves': 63, 'learning_rate': 0.01016004474536195, 'subsample': 0.9950368342558168, 'colsample_bytree': 0.9826583982594713, 'min_child_samples': 20, 'reg_alpha': 5.113460481149383e-05, 'reg_lambda': 0.0022105109201275095}. Best is trial 10 with value: 0.07315064338832808.
[I 2026-06-01 15:48:36,634] Trial 13 finished with value: 0.12088765628744014 and parameters: {'confidence_threshold': 0.8491911315870185, 'training_days': 130, 'n_estimators': 494, 'max_depth': 4, 'num_leaves': 55, 'learning_rate': 0.010365414043456918, 'subsample': 0.7073909792186277, 'colsample_bytree': 0.977673677256957, 'min_child_samples': 23, 'reg_alpha': 7.991749892477264e-05, 'reg_lambda': 4.1910078918541625e-06}. Best is trial 13 with value: 0.12088765628744014.
[I 2026-06-01 15:48:36,788] Trial 14 finished with value: 0.046613841803982224 and parameters: {'confidence_threshold': 0.7943244749329125, 'training_days': 80, 'n_estimators': 500, 'max_depth': 4, 'num_leaves': 55, 'learning_rate': 0.017523326009154922, 'subsample': 0.7104414224237818, 'colsample_bytree': 0.9010709999783574, 'min_child_samples': 52, 'reg_alpha': 0.0019056569144804095, 'reg_lambda': 3.8468698859352755e-06}. Best is trial 13 with value: 0.12088765628744014.
[I 2026-06-01 15:48:37,169] Trial 15 finished with value: -0.012887997092388113 and parameters: {'confidence_threshold': 0.7829525506318393, 'training_days': 230, 'n_estimators': 442, 'max_depth': 4, 'num_leaves': 52, 'learning_rate': 0.0168777820328194, 'subsample': 0.7309282183883146, 'colsample_bytree': 0.9934286300532085, 'min_child_samples': 31, 'reg_alpha': 1.0347887266434179e-05, 'reg_lambda': 2.201832378251197e-06}. Best is trial 13 with value: 0.12088765628744014.
[I 2026-06-01 15:48:37,371] Trial 16 finished with value: 0.041264749108629824 and parameters: {'confidence_threshold': 0.7843917751152921, 'training_days': 170, 'n_estimators': 297, 'max_depth': 4, 'num_leaves': 51, 'learning_rate': 0.014589715685681045, 'subsample': 0.6737280338272069, 'colsample_bytree': 0.923059818374438, 'min_child_samples': 45, 'reg_alpha': 0.0046786628320570605, 'reg_lambda': 0.005695623559474794}. Best is trial 13 with value: 0.12088765628744014.
