[I 2026-06-01 15:45:49,245] Trial 9 finished with value: 0.06333437372642473 and parameters: {'confidence_threshold': 0.6202096049169137, 'training_days': 260, 'n_estimators': 350, 'max_depth': 3, 'num_leaves': 21, 'learning_rate': 0.02989540198065364, 'subsample': 0.8307821683331218, 'colsample_bytree': 0.923253112635361, 'min_child_samples': 64, 'reg_alpha': 0.4898604619604203, 'reg_lambda': 2.9076377687066166e-05}. Best is trial 3 with value: 0.09341022942000494.
[I 2026-06-01 15:45:49,680] Trial 10 finished with value: 0.06784489659957815 and parameters: {'confidence_threshold': 0.6756170272727778, 'training_days': 470, 'n_estimators': 493, 'max_depth': 4, 'num_leaves': 63, 'learning_rate': 0.010221918552934462, 'subsample': 0.9383547926937981, 'colsample_bytree': 0.6202684210924141, 'min_child_samples': 44, 'reg_alpha': 2.371385268938747e-08, 'reg_lambda': 0.015315426420116851}. Best is trial 3 with value: 0.09341022942000494.
[I 2026-06-01 15:45:50,111] Trial 11 finished with value: 0.0877908125244187 and parameters: {'confidence_threshold': 0.6802313732157268, 'training_days': 480, 'n_estimators': 493, 'max_depth': 4, 'num_leaves': 63, 'learning_rate': 0.010535067237031162, 'subsample': 0.9470441632819105, 'colsample_bytree': 0.625107197757402, 'min_child_samples': 42, 'reg_alpha': 1.3380676125466047e-08, 'reg_lambda': 0.01124898826285167}. Best is trial 3 with value: 0.09341022942000494.
[I 2026-06-01 15:45:50,314] Trial 12 finished with value: 0.03299241306273828 and parameters: {'confidence_threshold': 0.677546802093445, 'training_days': 400, 'n_estimators': 233, 'max_depth': 4, 'num_leaves': 63, 'learning_rate': 0.268047120550583, 'subsample': 0.8941395335595879, 'colsample_bytree': 0.6669454130036883, 'min_child_samples': 41, 'reg_alpha': 1.4470611510059068e-08, 'reg_lambda': 0.012323430669445945}. Best is trial 3 with value: 0.09341022942000494.
[I 2026-06-01 15:45:50,348] Trial 13 finished with value: -0.013528996177664393 and parameters: {'confidence_threshold': 0.5124380994302374, 'training_days': 10, 'n_estimators': 475, 'max_depth': 4, 'num_leaves': 57, 'learning_rate': 0.013926822514277626, 'subsample': 0.5024707401359401, 'colsample_bytree': 0.5443982906148261, 'min_child_samples': 45, 'reg_alpha': 7.431399257578007e-07, 'reg_lambda': 2.2145578894108704}. Best is trial 3 with value: 0.09341022942000494.
[I 2026-06-01 15:45:50,545] Trial 14 finished with value: 0.015164363675852333 and parameters: {'confidence_threshold': 0.6968624890517784, 'training_days': 350, 'n_estimators': 189, 'max_depth': 4, 'num_leaves': 56, 'learning_rate': 0.04099647310645433, 'subsample': 0.9001876740362313, 'colsample_bytree': 0.6805099644840649, 'min_child_samples': 35, 'reg_alpha': 4.980323121987024e-07, 'reg_lambda': 0.002238160234885918}. Best is trial 3 with value: 0.09341022942000494.
[I 2026-06-01 15:45:50,965] Trial 15 finished with value: 0.021805775355810963 and parameters: {'confidence_threshold': 0.6432576260822763, 'training_days': 500, 'n_estimators': 436, 'max_depth': 5, 'num_leaves': 57, 'learning_rate': 0.1446196958963375, 'subsample': 0.7147109422911093, 'colsample_bytree': 0.5093920150666754, 'min_child_samples': 52, 'reg_alpha': 6.843147007057074e-07, 'reg_lambda': 0.10951416323084982}. Best is trial 3 with value: 0.09341022942000494.
[I 2026-06-01 15:45:51,040] Trial 16 finished with value: 0.07699034241876397 and parameters: {'confidence_threshold': 0.708086810514018, 'training_days': 430, 'n_estimators': 51, 'max_depth': 3, 'num_leaves': 46, 'learning_rate': 0.04912551454444725, 'subsample': 0.9721328065085247, 'colsample_bytree': 0.7245324714049957, 'min_child_samples': 21, 'reg_alpha': 1.5574845105570906e-07, 'reg_lambda': 0.0002786624127605132}. Best is trial 3 with value: 0.09341022942000494.
[I 2026-06-01 15:45:51,264] Trial 17 finished with value: -0.0004480486219879176 and parameters: {'confidence_threshold': 0.8278557618575797, 'training_days': 300, 'n_estimators': 290, 'max_depth': 4, 'num_leaves': 63, 'learning_rate': 0.2575867828405023, 'subsample': 0.8558705443243863, 'colsample_bytree': 0.6042669130757778, 'min_child_samples': 52, 'reg_alpha': 0.031339913113165224, 'reg_lambda': 7.274339715584181e-07}. Best is trial 3 with value: 0.09341022942000494.

  [label] 2023-04-03 08:00 ETHUSDT entry=1796.0200 → LONG | long=tp(+6.93%) short=sl(-3.61%) | scanned=5 | long_tp_only
  Labels: 1082 long (49.9%), 1086 short (50.1%) | weights: min=1.00, mean=3.01, max=10.00
  Features: 2168/2168 matched, 48 columns
  CV gap: 22 rows
  [ensemble 1/3] seed=42
    [trial 0] 48 features, training_days=480 | threshold=0.631 | labels: 1082 long, 1086 short (50/50%)
    [CV fold 0] train_end=2021-08-22 08:00 | val_start=2021-08-30 00:00 | gap=184h (22 rows)
    [CV fold 1] train_end=2021-12-20 16:00 | val_start=2021-12-28 08:00 | gap=184h (22 rows)
    [CV fold 2] train_end=2022-04-20 00:00 | val_start=2022-04-27 16:00 | gap=184h (22 rows)
    [CV fold 3] train_end=2022-08-18 08:00 | val_start=2022-08-26 00:00 | gap=184h (22 rows)
    [CV fold 4] train_end=2022-12-16 16:00 | val_start=2022-12-24 08:00 | gap=184h (22 rows)
    [trial 0] Sharpe=0.0122 (folds: 0.1528, 0.2334, -0.2602, 0.0098, -0.0749)
    [trial 1] 48 features, training_days=420 | threshold=0.839 | labels: 1082 long, 1086 short (50/50%)
    [trial 1] Sharpe=0.2322 (folds: 0.5293, 0.4513, -0.3465, 0.8507, -0.3235)
    [trial 2] 48 features, training_days=190 | threshold=0.602 | labels: 1082 long, 1086 short (50/50%)
    [trial 2] Sharpe=-0.0190 (folds: 0.1202, 0.0862, -0.1279, -0.1141, -0.0594)
    [trial 3] 48 features, training_days=490 | threshold=0.832 | labels: 1082 long, 1086 short (50/50%)
    [trial 3] Sharpe=0.0635 (folds: 0.2553, 0.2420, -0.3355, 0.2288, -0.0729)
    [trial 4] 48 features, training_days=340 | threshold=0.591 | labels: 1082 long, 1086 short (50/50%)
    [trial 4] Sharpe=-0.0128 (folds: 0.1130, 0.2781, -0.1972, -0.0079, -0.2500)
    [trial 5] 48 features, training_days=50 | threshold=0.823 | labels: 1082 long, 1086 short (50/50%)
    [trial 5] Sharpe=-0.0451 (folds: 0.0614, 0.1024, -0.2829, 0.1479, -0.2541)
    [trial 6] 48 features, training_days=410 | threshold=0.549 | labels: 1082 long, 1086 short (50/50%)
    [trial 6] Sharpe=-0.0048 (folds: 0.1214, 0.1635, -0.1284, -0.0113, -0.1691)
    [trial 7] 48 features, training_days=180 | threshold=0.526 | labels: 1082 long, 1086 short (50/50%)
    [trial 7] Sharpe=-0.0170 (folds: 0.0906, 0.1551, -0.0833, -0.1532, -0.0942)
    [trial 8] 48 features, training_days=240 | threshold=0.811 | labels: 1082 long, 1086 short (50/50%)
    [trial 8] Sharpe=0.2106 (folds: 0.3879, 0.4675, -0.0813, 0.2038, 0.0753)
    [trial 9] 48 features, training_days=20 | threshold=0.538 | labels: 1082 long, 1086 short (50/50%)
    [trial 9] Sharpe=-1.9917 (folds: 0.0235, -10.0000, 0.1532, 0.0054, -0.1405)
    [trial 10] 48 features, training_days=350 | threshold=0.729 | labels: 1082 long, 1086 short (50/50%)
    [trial 10] Sharpe=0.0432 (folds: 0.2477, 0.3126, -0.3990, 0.1370, -0.0821)
    [trial 11] 48 features, training_days=250 | threshold=0.744 | labels: 1082 long, 1086 short (50/50%)
    [trial 11] Sharpe=0.0922 (folds: 0.2648, 0.2575, -0.1869, 0.1129, 0.0130)
    [trial 12] 48 features, training_days=270 | threshold=0.772 | labels: 1082 long, 1086 short (50/50%)
    [trial 12] Sharpe=0.1177 (folds: 0.2933, 0.3354, -0.2414, 0.1426, 0.0586)
    [trial 13] 48 features, training_days=150 | threshold=0.849 | labels: 1082 long, 1086 short (50/50%)
    [trial 13] Sharpe=0.0869 (folds: 0.4728, 0.1178, -0.3614, -0.0072, 0.2128)
    [trial 14] 48 features, training_days=380 | threshold=0.690 | labels: 1082 long, 1086 short (50/50%)
    [trial 14] Sharpe=-0.0027 (folds: 0.2139, 0.2566, -0.2918, 0.0680, -0.2598)
    [trial 15] 48 features, training_days=260 | threshold=0.790 | labels: 1082 long, 1086 short (50/50%)
    [trial 15] Sharpe=-5.8637 (folds: 0.0099, -10.0000, -10.0000, -10.0000, 0.6714)
    [trial 16] 48 features, training_days=100 | threshold=0.788 | labels: 1082 long, 1086 short (50/50%)
    [trial 16] Sharpe=-0.0319 (folds: 0.2923, 0.0133, -0.3111, -0.0735, -0.0807)
    [trial 17] 48 features, training_days=440 | threshold=0.680 | labels: 1082 long, 1086 short (50/50%)
    [trial 17] Sharpe=0.0142 (folds: 0.1473, 0.2100, -0.3025, 0.1011, -0.0849)
  Optuna: 18 trials, best Sharpe = 0.2322
  Best params: n_estimators=145, max_depth=3, lr=0.0281, leaves=23
  Best confidence_threshold: 0.839
  Best training_days: 420
  Retrained on full data (1260 samples, 48 features)
  [ensemble 2/3] seed=123
    [trial 0] 48 features, training_days=150 | threshold=0.744 | labels: 1082 long, 1086 short (50/50%)
    [CV fold 0] train_end=2021-08-22 08:00 | val_start=2021-08-30 00:00 | gap=184h (22 rows)
    [CV fold 1] train_end=2021-12-20 16:00 | val_start=2021-12-28 08:00 | gap=184h (22 rows)
    [CV fold 2] train_end=2022-04-20 00:00 | val_start=2022-04-27 16:00 | gap=184h (22 rows)
    [CV fold 3] train_end=2022-08-18 08:00 | val_start=2022-08-26 00:00 | gap=184h (22 rows)
    [CV fold 4] train_end=2022-12-16 16:00 | val_start=2022-12-24 08:00 | gap=184h (22 rows)
    [trial 0] Sharpe=-0.0209 (folds: 0.2680, 0.0684, -0.3470, -0.0470, -0.0468)
    [trial 1] 48 features, training_days=220 | threshold=0.755 | labels: 1082 long, 1086 short (50/50%)
    [trial 1] Sharpe=-1.7477 (folds: 0.4914, 0.3177, -0.1728, 0.6252, -10.0000)
    [trial 2] 48 features, training_days=310 | threshold=0.754 | labels: 1082 long, 1086 short (50/50%)
    [trial 2] Sharpe=0.0320 (folds: 0.2966, 0.3251, -0.3302, 0.1197, -0.2512)
    [trial 3] 48 features, training_days=220 | threshold=0.673 | labels: 1082 long, 1086 short (50/50%)
    [trial 3] Sharpe=0.0934 (folds: 0.2189, 0.2229, -0.0905, 0.1347, -0.0189)
    [trial 4] 48 features, training_days=130 | threshold=0.803 | labels: 1082 long, 1086 short (50/50%)
    [trial 4] Sharpe=-0.0353 (folds: 0.2881, 0.0077, -0.3408, 0.0806, -0.2123)
    [trial 5] 48 features, training_days=210 | threshold=0.606 | labels: 1082 long, 1086 short (50/50%)
    [trial 5] Sharpe=0.0432 (folds: 0.1592, 0.1652, -0.1224, 0.0840, -0.0702)
    [trial 6] 48 features, training_days=130 | threshold=0.767 | labels: 1082 long, 1086 short (50/50%)
    [trial 6] Sharpe=-0.0179 (folds: 0.2221, 0.1164, -0.2913, -0.0036, -0.1331)
    [trial 7] 48 features, training_days=80 | threshold=0.556 | labels: 1082 long, 1086 short (50/50%)
    [trial 7] Sharpe=-0.0921 (folds: 0.0528, -0.0781, -0.4175, -0.0371, 0.0195)
    [trial 8] 48 features, training_days=200 | threshold=0.607 | labels: 1082 long, 1086 short (50/50%)
    [trial 8] Sharpe=0.0592 (folds: 0.2339, 0.2153, -0.0606, -0.0001, -0.0925)
    [trial 9] 48 features, training_days=260 | threshold=0.620 | labels: 1082 long, 1086 short (50/50%)
    [trial 9] Sharpe=0.0633 (folds: 0.1605, 0.2233, -0.0490, 0.0319, -0.0500)
    [trial 10] 48 features, training_days=470 | threshold=0.676 | labels: 1082 long, 1086 short (50/50%)
    [trial 10] Sharpe=0.0678 (folds: 0.2857, 0.2544, -0.2511, 0.1490, -0.0987)
    [trial 11] 48 features, training_days=480 | threshold=0.680 | labels: 1082 long, 1086 short (50/50%)
    [trial 11] Sharpe=0.0878 (folds: 0.2563, 0.2837, -0.2603, 0.2209, -0.0616)
    [trial 12] 48 features, training_days=400 | threshold=0.678 | labels: 1082 long, 1086 short (50/50%)
    [trial 12] Sharpe=0.0330 (folds: 0.1854, 0.2168, -0.2740, 0.1226, -0.0859)
    [trial 13] 48 features, training_days=10 | threshold=0.512 | labels: 1082 long, 1086 short (50/50%)
    [trial 13] Sharpe=-0.0135 (folds: -0.0913, 0.0056, 0.1532, 0.0054, -0.1405)
    [trial 14] 48 features, training_days=350 | threshold=0.697 | labels: 1082 long, 1086 short (50/50%)
    [trial 14] Sharpe=0.0152 (folds: 0.2583, 0.2953, -0.3584, 0.1323, -0.2517)
    [trial 15] 48 features, training_days=500 | threshold=0.643 | labels: 1082 long, 1086 short (50/50%)
    [trial 15] Sharpe=0.0218 (folds: 0.2250, 0.1971, -0.3261, 0.0895, -0.0765)
    [trial 16] 48 features, training_days=430 | threshold=0.708 | labels: 1082 long, 1086 short (50/50%)
    [trial 16] Sharpe=0.0770 (folds: 0.3365, 0.3239, -0.2668, 0.3265, -0.3352)
    [trial 17] 48 features, training_days=300 | threshold=0.828 | labels: 1082 long, 1086 short (50/50%)
    [trial 17] Sharpe=-0.0004 (folds: 0.2543, 0.1950, -0.3129, 0.0335, -0.1721)
  Optuna: 18 trials, best Sharpe = 0.0934
  Best params: n_estimators=190, max_depth=4, lr=0.2481, leaves=58[I 2026-06-01 15:45:51,504] A new study created in memory with name: no-name-83ad9727-b4d0-4462-93e2-341f34a4c455
[I 2026-06-01 15:45:51,687] Trial 0 finished with value: -0.08353059716565474 and parameters: {'confidence_threshold': 0.5870645682749857, 'training_days': 90, 'n_estimators': 403, 'max_depth': 5, 'num_leaves': 45, 'learning_rate': 0.0780457193679974, 'subsample': 0.9428509515574568, 'colsample_bytree': 0.8795587339164916, 'min_child_samples': 34, 'reg_alpha': 2.2465901234314442e-07, 'reg_lambda': 8.339007036475363e-05}. Best is trial 0 with value: -0.08353059716565474.
[I 2026-06-01 15:45:51,786] Trial 1 finished with value: -0.015602438504267152 and parameters: {'confidence_threshold': 0.6348453934275313, 'training_days': 290, 'n_estimators': 115, 'max_depth': 5, 'num_leaves': 37, 'learning_rate': 0.06949568759029946, 'subsample': 0.8228505074024268, 'colsample_bytree': 0.8616703220431751, 'min_child_samples': 75, 'reg_alpha': 4.2486822725010923e-07, 'reg_lambda': 1.157247767047042e-07}. Best is trial 1 with value: -0.015602438504267152.
[I 2026-06-01 15:45:51,804] Trial 2 finished with value: -0.013528996177664393 and parameters: {'confidence_threshold': 0.5849570384370288, 'training_days': 10, 'n_estimators': 212, 'max_depth': 3, 'num_leaves': 41, 'learning_rate': 0.18452095998378365, 'subsample': 0.6001060822924371, 'colsample_bytree': 0.5673167293506167, 'min_child_samples': 37, 'reg_alpha': 5.733250064217131, 'reg_lambda': 0.5308454292595461}. Best is trial 2 with value: -0.013528996177664393.
[I 2026-06-01 15:45:51,878] Trial 3 finished with value: 0.0765810818827044 and parameters: {'confidence_threshold': 0.6868248626683718, 'training_days': 220, 'n_estimators': 134, 'max_depth': 3, 'num_leaves': 45, 'learning_rate': 0.033529007907491595, 'subsample': 0.8647277071858408, 'colsample_bytree': 0.778494116634046, 'min_child_samples': 96, 'reg_alpha': 2.409409937265785e-07, 'reg_lambda': 1.1642073478060009}. Best is trial 3 with value: 0.0765810818827044.
[I 2026-06-01 15:45:51,968] Trial 4 finished with value: 0.020399070459076102 and parameters: {'confidence_threshold': 0.5623121348350352, 'training_days': 300, 'n_estimators': 69, 'max_depth': 4, 'num_leaves': 32, 'learning_rate': 0.14967629360700346, 'subsample': 0.5054535233636654, 'colsample_bytree': 0.7401385194659216, 'min_child_samples': 27, 'reg_alpha': 1.4212042567426725e-07, 'reg_lambda': 0.23605753701352003}. Best is trial 3 with value: 0.0765810818827044.
[I 2026-06-01 15:45:52,372] Trial 5 finished with value: 0.025161582718173342 and parameters: {'confidence_threshold': 0.7111850244908446, 'training_days': 490, 'n_estimators': 362, 'max_depth': 5, 'num_leaves': 40, 'learning_rate': 0.05960785724162737, 'subsample': 0.5589714368907717, 'colsample_bytree': 0.6659006943232806, 'min_child_samples': 42, 'reg_alpha': 0.6741360303045295, 'reg_lambda': 6.054601607143087e-08}. Best is trial 3 with value: 0.0765810818827044.
[I 2026-06-01 15:45:52,552] Trial 6 finished with value: 0.0047653881232354815 and parameters: {'confidence_threshold': 0.667482545748023, 'training_days': 420, 'n_estimators': 279, 'max_depth': 3, 'num_leaves': 45, 'learning_rate': 0.040099592560849204, 'subsample': 0.8563114696415159, 'colsample_bytree': 0.5442917781944105, 'min_child_samples': 50, 'reg_alpha': 1.6407916423707903e-08, 'reg_lambda': 2.935907642973286e-05}. Best is trial 3 with value: 0.0765810818827044.
[I 2026-06-01 15:45:52,710] Trial 7 finished with value: -0.008387889219060909 and parameters: {'confidence_threshold': 0.5497381024139926, 'training_days': 120, 'n_estimators': 408, 'max_depth': 5, 'num_leaves': 38, 'learning_rate': 0.28049122657745795, 'subsample': 0.8806573338635493, 'colsample_bytree': 0.5454054113547102, 'min_child_samples': 63, 'reg_alpha': 0.01263008637940408, 'reg_lambda': 0.04588020805366937}. Best is trial 3 with value: 0.0765810818827044.
[I 2026-06-01 15:45:52,980] Trial 8 finished with value: 0.012967306141387802 and parameters: {'confidence_threshold': 0.719644804808716, 'training_days': 450, 'n_estimators': 410, 'max_depth': 4, 'num_leaves': 57, 'learning_rate': 0.04022026551478857, 'subsample': 0.5336085426932707, 'colsample_bytree': 0.5705742850577543, 'min_child_samples': 100, 'reg_alpha': 5.916398047912201e-07, 'reg_lambda': 0.9794034214488329}. Best is trial 3 with value: 0.0765810818827044.
[I 2026-06-01 15:45:53,005] Trial 9 finished with value: -10.0 and parameters: {'confidence_threshold': 0.7267463643917187, 'training_days': 20, 'n_estimators': 337, 'max_depth': 5, 'num_leaves': 23, 'learning_rate': 0.022153031811454605, 'subsample': 0.6305627572358737, 'colsample_bytree': 0.6613413774216214, 'min_child_samples': 81, 'reg_alpha': 5.7638634029410314e-08, 'reg_lambda': 8.26603016764008}. Best is trial 3 with value: 0.0765810818827044.
[I 2026-06-01 15:45:53,110] Trial 10 finished with value: -5.864748214594537 and parameters: {'confidence_threshold': 0.8283920119574972, 'training_days': 200, 'n_estimators': 181, 'max_depth': 3, 'num_leaves': 62, 'learning_rate': 0.011579281028220855, 'subsample': 0.7130289643560688, 'colsample_bytree': 0.9944479338273263, 'min_child_samples': 100, 'reg_alpha': 6.837313901272251e-05, 'reg_lambda': 0.0027253228209330924}. Best is trial 3 with value: 0.0765810818827044.
[I 2026-06-01 15:45:53,525] Trial 11 finished with value: 0.06864414284399302 and parameters: {'confidence_threshold': 0.7766282449189577, 'training_days': 370, 'n_estimators': 478, 'max_depth': 4, 'num_leaves': 51, 'learning_rate': 0.022523073393840902, 'subsample': 0.7459055835274097, 'colsample_bytree': 0.7148395505787478, 'min_child_samples': 49, 'reg_alpha': 9.443402751011643, 'reg_lambda': 2.313463030717144e-08}. Best is trial 3 with value: 0.0765810818827044.
[I 2026-06-01 15:45:53,906] Trial 12 finished with value: 0.08167406013221576 and parameters: {'confidence_threshold': 0.8016884727846801, 'training_days': 360, 'n_estimators': 490, 'max_depth': 4, 'num_leaves': 52, 'learning_rate': 0.01924681962976845, 'subsample': 0.7376180335274016, 'colsample_bytree': 0.7975929811950214, 'min_child_samples': 62, 'reg_alpha': 5.113460481149383e-05, 'reg_lambda': 2.3719127535290438e-06}. Best is trial 12 with value: 0.08167406013221576.
[I 2026-06-01 15:45:54,177] Trial 13 finished with value: 0.0793194695468528 and parameters: {'confidence_threshold': 0.8484882030314369, 'training_days': 210, 'n_estimators': 494, 'max_depth': 4, 'num_leaves': 52, 'learning_rate': 0.010752447992545523, 'subsample': 0.9755936541801561, 'colsample_bytree': 0.8287484327493723, 'min_child_samples': 75, 'reg_alpha': 2.8590383393587964e-05, 'reg_lambda': 1.8799948266058237e-06}. Best is trial 12 with value: 0.08167406013221576.
[I 2026-06-01 15:45:54,559] Trial 14 finished with value: 0.12464050953338765 and parameters: {'confidence_threshold': 0.848481849869336, 'training_days': 330, 'n_estimators': 500, 'max_depth': 4, 'num_leaves': 55, 'learning_rate': 0.010675777333436403, 'subsample': 0.9899969980887153, 'colsample_bytree': 0.8383366218942927, 'min_child_samples': 66, 'reg_alpha': 2.5547301312867348e-05, 'reg_lambda': 2.2389153235544636e-06}. Best is trial 14 with value: 0.12464050953338765.
[I 2026-06-01 15:45:54,936] Trial 15 finished with value: 0.10969469948631941 and parameters: {'confidence_threshold': 0.7868982671158495, 'training_days': 350, 'n_estimators': 453, 'max_depth': 4, 'num_leaves': 61, 'learning_rate': 0.0170575881633509, 'subsample': 0.679240338804476, 'colsample_bytree': 0.9336144226313382, 'min_child_samples': 64, 'reg_alpha': 0.0019769229787996046, 'reg_lambda': 2.582339790441249e-06}. Best is trial 14 with value: 0.12464050953338765.
[I 2026-06-01 15:45:55,279] Trial 16 finished with value: 0.07398361896302805 and parameters: {'confidence_threshold': 0.7700324328054585, 'training_days': 350, 'n_estimators': 442, 'max_depth': 4, 'num_leaves': 62, 'learning_rate': 0.015041637568047387, 'subsample': 0.6690770005145322, 'colsample_bytree': 0.950063109224586, 'min_child_samples': 69, 'reg_alpha': 0.0034732969352497763, 'reg_lambda': 1.6925634133463895e-06}. Best is trial 14 with value: 0.12464050953338765.
