[I 2026-06-01 15:44:02,083] Trial 17 finished with value: 0.09036693250665744 and parameters: {'confidence_threshold': 0.8017343386993355, 'training_days': 400, 'n_estimators': 207, 'max_depth': 4, 'num_leaves': 15, 'learning_rate': 0.08071991766459136, 'subsample': 0.730824375684544, 'colsample_bytree': 0.9020640338831593, 'min_child_samples': 80, 'reg_alpha': 7.284070645541434, 'reg_lambda': 0.00029433365007660304}. Best is trial 17 with value: 0.09036693250665744.
[I 2026-06-01 15:44:02,216] A new study created in memory with name: no-name-9c5cde75-1af7-44f7-b014-a6f9b0153291
[I 2026-06-01 15:44:02,396] Trial 0 finished with value: 8.859765853144463e-05 and parameters: {'confidence_threshold': 0.5870645682749857, 'training_days': 90, 'n_estimators': 403, 'max_depth': 5, 'num_leaves': 45, 'learning_rate': 0.0780457193679974, 'subsample': 0.9428509515574568, 'colsample_bytree': 0.8795587339164916, 'min_child_samples': 34, 'reg_alpha': 2.2465901234314442e-07, 'reg_lambda': 8.339007036475363e-05}. Best is trial 0 with value: 8.859765853144463e-05.
[I 2026-06-01 15:44:02,498] Trial 1 finished with value: 0.059019050524905484 and parameters: {'confidence_threshold': 0.6348453934275313, 'training_days': 290, 'n_estimators': 115, 'max_depth': 5, 'num_leaves': 37, 'learning_rate': 0.06949568759029946, 'subsample': 0.8228505074024268, 'colsample_bytree': 0.8616703220431751, 'min_child_samples': 75, 'reg_alpha': 4.2486822725010923e-07, 'reg_lambda': 1.157247767047042e-07}. Best is trial 1 with value: 0.059019050524905484.
[I 2026-06-01 15:44:02,516] Trial 2 finished with value: -2.0492595310297466 and parameters: {'confidence_threshold': 0.5849570384370288, 'training_days': 10, 'n_estimators': 212, 'max_depth': 3, 'num_leaves': 41, 'learning_rate': 0.18452095998378365, 'subsample': 0.6001060822924371, 'colsample_bytree': 0.5673167293506167, 'min_child_samples': 37, 'reg_alpha': 5.733250064217131, 'reg_lambda': 0.5308454292595461}. Best is trial 1 with value: 0.059019050524905484.
[I 2026-06-01 15:44:02,592] Trial 3 finished with value: -0.03064019626863141 and parameters: {'confidence_threshold': 0.6868248626683718, 'training_days': 220, 'n_estimators': 134, 'max_depth': 3, 'num_leaves': 45, 'learning_rate': 0.033529007907491595, 'subsample': 0.8647277071858408, 'colsample_bytree': 0.778494116634046, 'min_child_samples': 96, 'reg_alpha': 2.409409937265785e-07, 'reg_lambda': 1.1642073478060009}. Best is trial 1 with value: 0.059019050524905484.
[I 2026-06-01 15:44:02,678] Trial 4 finished with value: -0.07237658521101274 and parameters: {'confidence_threshold': 0.5623121348350352, 'training_days': 300, 'n_estimators': 69, 'max_depth': 4, 'num_leaves': 32, 'learning_rate': 0.14967629360700346, 'subsample': 0.5054535233636654, 'colsample_bytree': 0.7401385194659216, 'min_child_samples': 27, 'reg_alpha': 1.4212042567426725e-07, 'reg_lambda': 0.23605753701352003}. Best is trial 1 with value: 0.059019050524905484.
[I 2026-06-01 15:44:03,061] Trial 5 finished with value: 0.014519302209643814 and parameters: {'confidence_threshold': 0.7111850244908446, 'training_days': 490, 'n_estimators': 362, 'max_depth': 5, 'num_leaves': 40, 'learning_rate': 0.05960785724162737, 'subsample': 0.5589714368907717, 'colsample_bytree': 0.6659006943232806, 'min_child_samples': 42, 'reg_alpha': 0.6741360303045295, 'reg_lambda': 6.054601607143087e-08}. Best is trial 1 with value: 0.059019050524905484.
[I 2026-06-01 15:44:03,231] Trial 6 finished with value: 0.05153825702214722 and parameters: {'confidence_threshold': 0.667482545748023, 'training_days': 420, 'n_estimators': 279, 'max_depth': 3, 'num_leaves': 45, 'learning_rate': 0.040099592560849204, 'subsample': 0.8563114696415159, 'colsample_bytree': 0.5442917781944105, 'min_child_samples': 50, 'reg_alpha': 1.6407916423707903e-08, 'reg_lambda': 2.935907642973286e-05}. Best is trial 1 with value: 0.059019050524905484.
[I 2026-06-01 15:44:03,392] Trial 7 finished with value: 0.0050170805435436425 and parameters: {'confidence_threshold': 0.5497381024139926, 'training_days': 120, 'n_estimators': 408, 'max_depth': 5, 'num_leaves': 38, 'learning_rate': 0.28049122657745795, 'subsample': 0.8806573338635493, 'colsample_bytree': 0.5454054113547102, 'min_child_samples': 63, 'reg_alpha': 0.01263008637940408, 'reg_lambda': 0.04588020805366937}. Best is trial 1 with value: 0.059019050524905484.
[I 2026-06-01 15:44:03,633] Trial 8 finished with value: 0.03745497774706124 and parameters: {'confidence_threshold': 0.719644804808716, 'training_days': 450, 'n_estimators': 410, 'max_depth': 4, 'num_leaves': 57, 'learning_rate': 0.04022026551478857, 'subsample': 0.5336085426932707, 'colsample_bytree': 0.5705742850577543, 'min_child_samples': 100, 'reg_alpha': 5.916398047912201e-07, 'reg_lambda': 0.9794034214488329}. Best is trial 1 with value: 0.059019050524905484.

    [trial 8] 48 features, training_days=240 | threshold=0.811 | labels: 1210 long, 958 short (56/44%)
    [trial 8] Sharpe=0.0449 (folds: 0.1131, 0.0063, -0.2282, 0.2005, 0.1326)
    [trial 9] 48 features, training_days=20 | threshold=0.538 | labels: 1210 long, 958 short (56/44%)
    [trial 9] Sharpe=-0.1301 (folds: -0.4041, -0.2251, -0.0749, -0.0229, 0.0766)
    [trial 10] 48 features, training_days=280 | threshold=0.734 | labels: 1210 long, 958 short (56/44%)
    [trial 10] Sharpe=-0.0252 (folds: 0.1166, -0.0585, -0.2253, 0.0473, -0.0061)
    [trial 11] 48 features, training_days=170 | threshold=0.762 | labels: 1210 long, 958 short (56/44%)
    [trial 11] Sharpe=0.0016 (folds: 0.1294, -0.0138, -0.2546, 0.1005, 0.0467)
    [trial 12] 48 features, training_days=270 | threshold=0.768 | labels: 1210 long, 958 short (56/44%)
    [trial 12] Sharpe=-0.0181 (folds: -0.0051, -0.0152, -0.1499, 0.0496, 0.0303)
    [trial 13] 48 features, training_days=350 | threshold=0.694 | labels: 1210 long, 958 short (56/44%)
    [trial 13] Sharpe=-0.0270 (folds: 0.0875, -0.0484, -0.0914, 0.0195, -0.1021)
    [trial 14] 48 features, training_days=500 | threshold=0.812 | labels: 1210 long, 958 short (56/44%)
    [trial 14] Sharpe=0.0980 (folds: 0.2442, -0.0658, -0.0950, 0.1315, 0.2753)
    [trial 15] 48 features, training_days=130 | threshold=0.790 | labels: 1210 long, 958 short (56/44%)
    [trial 15] Sharpe=0.0017 (folds: 0.0502, 0.1646, -0.4190, 0.3320, -0.1191)
    [trial 16] 48 features, training_days=320 | threshold=0.704 | labels: 1210 long, 958 short (56/44%)
    [trial 16] Sharpe=-0.0013 (folds: 0.1549, -0.0701, -0.0640, 0.0896, -0.1167)
    [trial 17] 48 features, training_days=230 | threshold=0.653 | labels: 1210 long, 958 short (56/44%)
    [trial 17] Sharpe=0.0183 (folds: 0.2730, -0.0455, -0.1870, -0.0345, 0.0857)
  Optuna: 18 trials, best Sharpe = 0.0980
  Best params: n_estimators=315, max_depth=4, lr=0.0637, leaves=50
  Best confidence_threshold: 0.812
  Best training_days: 500
  Retrained on full data (1500 samples, 48 features)
  [ensemble 2/3] seed=123
    [trial 0] 48 features, training_days=150 | threshold=0.744 | labels: 1210 long, 958 short (56/44%)
    [CV fold 0] train_end=2020-09-22 08:00 | val_start=2020-09-30 00:00 | gap=184h (22 rows)
    [CV fold 1] train_end=2021-01-20 16:00 | val_start=2021-01-28 08:00 | gap=184h (22 rows)
    [CV fold 2] train_end=2021-05-21 00:00 | val_start=2021-05-28 16:00 | gap=184h (22 rows)
    [CV fold 3] train_end=2021-09-18 08:00 | val_start=2021-09-26 00:00 | gap=184h (22 rows)
    [CV fold 4] train_end=2022-01-16 16:00 | val_start=2022-01-24 08:00 | gap=184h (22 rows)
    [trial 0] Sharpe=-0.0435 (folds: 0.0626, -0.1457, -0.2826, 0.0544, 0.0938)
    [trial 1] 48 features, training_days=220 | threshold=0.755 | labels: 1210 long, 958 short (56/44%)
    [trial 1] Sharpe=-1.7700 (folds: 0.8923, -0.0199, -0.0880, -10.0000, 0.3657)
    [trial 2] 48 features, training_days=310 | threshold=0.754 | labels: 1210 long, 958 short (56/44%)
    [trial 2] Sharpe=-0.0129 (folds: 0.0663, -0.1174, -0.1049, 0.1130, -0.0217)
    [trial 3] 48 features, training_days=220 | threshold=0.673 | labels: 1210 long, 958 short (56/44%)
    [trial 3] Sharpe=0.0127 (folds: 0.1265, -0.0279, -0.1381, 0.0303, 0.0726)
    [trial 4] 48 features, training_days=130 | threshold=0.803 | labels: 1210 long, 958 short (56/44%)
    [trial 4] Sharpe=0.0346 (folds: 0.2039, 0.0649, -0.2155, 0.0136, 0.1061)
    [trial 5] 48 features, training_days=210 | threshold=0.606 | labels: 1210 long, 958 short (56/44%)
    [trial 5] Sharpe=0.0152 (folds: 0.1529, -0.0218, -0.1686, 0.0705, 0.0429)
    [trial 6] 48 features, training_days=130 | threshold=0.767 | labels: 1210 long, 958 short (56/44%)
    [trial 6] Sharpe=-0.0107 (folds: 0.0042, -0.0306, -0.1187, 0.0331, 0.0583)
    [trial 7] 48 features, training_days=80 | threshold=0.556 | labels: 1210 long, 958 short (56/44%)
    [trial 7] Sharpe=0.0159 (folds: 0.0616, 0.0829, -0.0116, -0.0642, 0.0109)
    [trial 8] 48 features, training_days=200 | threshold=0.607 | labels: 1210 long, 958 short (56/44%)
    [trial 8] Sharpe=0.0169 (folds: 0.0945, -0.0598, -0.1505, 0.0896, 0.1104)
    [trial 9] 48 features, training_days=260 | threshold=0.620 | labels: 1210 long, 958 short (56/44%)
    [trial 9] Sharpe=0.0148 (folds: 0.1738, -0.0534, -0.1504, 0.0281, 0.0760)
    [trial 10] 48 features, training_days=470 | threshold=0.845 | labels: 1210 long, 958 short (56/44%)
    [trial 10] Sharpe=-1.7587 (folds: 0.8520, -0.0489, -0.0748, 0.4783, -10.0000)
    [trial 11] 48 features, training_days=30 | threshold=0.513 | labels: 1210 long, 958 short (56/44%)
    [trial 11] Sharpe=-0.0346 (folds: -0.4041, 0.2522, -0.0749, -0.0229, 0.0766)
    [trial 12] 48 features, training_days=360 | threshold=0.831 | labels: 1210 long, 958 short (56/44%)
    [trial 12] Sharpe=-0.0052 (folds: 0.1180, -0.0616, -0.1163, 0.0286, 0.0055)
    [trial 13] 48 features, training_days=10 | threshold=0.668 | labels: 1210 long, 958 short (56/44%)
    [trial 13] Sharpe=-4.0343 (folds: -10.0000, -0.2251, -10.0000, -0.0229, 0.0766)
    [trial 14] 48 features, training_days=150 | threshold=0.607 | labels: 1210 long, 958 short (56/44%)
    [trial 14] Sharpe=0.0122 (folds: 0.1070, -0.0134, -0.1681, 0.0340, 0.1014)
    [trial 15] 48 features, training_days=90 | threshold=0.711 | labels: 1210 long, 958 short (56/44%)
    [trial 15] Sharpe=-0.0027 (folds: 0.1462, -0.0375, -0.1395, -0.1081, 0.1251)
    [trial 16] 48 features, training_days=370 | threshold=0.796 | labels: 1210 long, 958 short (56/44%)
    [trial 16] Sharpe=0.0371 (folds: 0.1542, -0.0576, -0.1005, 0.1516, 0.0376)
    [trial 17] 48 features, training_days=400 | threshold=0.802 | labels: 1210 long, 958 short (56/44%)
    [trial 17] Sharpe=0.0904 (folds: 0.2356, -0.0710, -0.0886, 0.1352, 0.2406)
  Optuna: 18 trials, best Sharpe = 0.0904
  Best params: n_estimators=207, max_depth=4, lr=0.0807, leaves=15
  Best confidence_threshold: 0.802
  Best training_days: 400
  Retrained on full data (1200 samples, 48 features)
  [ensemble 3/3] seed=456
    [trial 0] 48 features, training_days=90 | threshold=0.587 | labels: 1210 long, 958 short (56/44%)
    [CV fold 0] train_end=2020-09-22 08:00 | val_start=2020-09-30 00:00 | gap=184h (22 rows)
    [CV fold 1] train_end=2021-01-20 16:00 | val_start=2021-01-28 08:00 | gap=184h (22 rows)
    [CV fold 2] train_end=2021-05-21 00:00 | val_start=2021-05-28 16:00 | gap=184h (22 rows)
    [CV fold 3] train_end=2021-09-18 08:00 | val_start=2021-09-26 00:00 | gap=184h (22 rows)
    [CV fold 4] train_end=2022-01-16 16:00 | val_start=2022-01-24 08:00 | gap=184h (22 rows)
    [trial 0] Sharpe=0.0001 (folds: 0.1124, 0.0430, -0.0828, -0.1487, 0.0766)
    [trial 1] 48 features, training_days=290 | threshold=0.635 | labels: 1210 long, 958 short (56/44%)
    [trial 1] Sharpe=0.0590 (folds: 0.3017, -0.0474, -0.1018, 0.0696, 0.0730)
    [trial 2] 48 features, training_days=10 | threshold=0.585 | labels: 1210 long, 958 short (56/44%)
    [trial 2] Sharpe=-2.0493 (folds: -10.0000, -0.2251, -0.0749, -0.0229, 0.0766)
    [trial 3] 48 features, training_days=220 | threshold=0.687 | labels: 1210 long, 958 short (56/44%)
    [trial 3] Sharpe=-0.0306 (folds: 0.1004, -0.1100, -0.1345, -0.0872, 0.0780)
    [trial 4] 48 features, training_days=300 | threshold=0.562 | labels: 1210 long, 958 short (56/44%)
    [trial 4] Sharpe=-0.0724 (folds: -0.0092, -0.1201, -0.1785, 0.0190, -0.0731)
    [trial 5] 48 features, training_days=490 | threshold=0.711 | labels: 1210 long, 958 short (56/44%)
    [trial 5] Sharpe=0.0145 (folds: 0.1552, -0.0342, -0.1000, 0.0117, 0.0399)
    [trial 6] 48 features, training_days=420 | threshold=0.667 | labels: 1210 long, 958 short (56/44%)
    [trial 6] Sharpe=0.0515 (folds: 0.0691, -0.0396, -0.0919, 0.0186, 0.3014)
    [trial 7] 48 features, training_days=120 | threshold=0.550 | labels: 1210 long, 958 short (56/44%)
    [trial 7] Sharpe=0.0050 (folds: 0.1382, 0.0522, -0.1842, -0.0142, 0.0331)
    [trial 8] 48 features, training_days=450 | threshold=0.720 | labels: 1210 long, 958 short (56/44%)
    [trial 8] Sharpe=0.0375 (folds: 0.2408, -0.0166, -0.1192, 0.0506, 0.0316)
    [trial 9] 48 features, training_days=20 | threshold=0.727 | labels: 1210 long, 958 short (56/44%)[I 2026-06-01 15:44:03,658] Trial 9 finished with value: -8.014985586487054 and parameters: {'confidence_threshold': 0.7267463643917187, 'training_days': 20, 'n_estimators': 337, 'max_depth': 5, 'num_leaves': 23, 'learning_rate': 0.022153031811454605, 'subsample': 0.6305627572358737, 'colsample_bytree': 0.6613413774216214, 'min_child_samples': 81, 'reg_alpha': 5.7638634029410314e-08, 'reg_lambda': 8.26603016764008}. Best is trial 1 with value: 0.059019050524905484.
[I 2026-06-01 15:44:03,806] Trial 10 finished with value: -3.8905937684559495 and parameters: {'confidence_threshold': 0.8398533911817929, 'training_days': 320, 'n_estimators': 181, 'max_depth': 4, 'num_leaves': 15, 'learning_rate': 0.013684491588422613, 'subsample': 0.7320664585010437, 'colsample_bytree': 0.9944479338273263, 'min_child_samples': 74, 'reg_alpha': 4.136971884522066e-05, 'reg_lambda': 1.4599322889399585e-08}. Best is trial 1 with value: 0.059019050524905484.
[I 2026-06-01 15:44:04,003] Trial 11 finished with value: 0.013123447912585073 and parameters: {'confidence_threshold': 0.6435110568867387, 'training_days': 390, 'n_estimators': 290, 'max_depth': 3, 'num_leaves': 54, 'learning_rate': 0.11089640564531646, 'subsample': 0.7755810205931155, 'colsample_bytree': 0.8724278937851807, 'min_child_samples': 55, 'reg_alpha': 2.5646023357365184e-05, 'reg_lambda': 2.8664457430541773e-06}. Best is trial 1 with value: 0.059019050524905484.
[I 2026-06-01 15:44:04,356] Trial 12 finished with value: 0.022321058421063238 and parameters: {'confidence_threshold': 0.6312717333908874, 'training_days': 390, 'n_estimators': 490, 'max_depth': 4, 'num_leaves': 30, 'learning_rate': 0.02305899614846357, 'subsample': 0.7806046072327899, 'colsample_bytree': 0.8750909515331022, 'min_child_samples': 55, 'reg_alpha': 1.578782038256806e-08, 'reg_lambda': 1.460444608825336e-06}. Best is trial 1 with value: 0.059019050524905484.
[I 2026-06-01 15:44:04,490] Trial 13 finished with value: 0.0038643840538277767 and parameters: {'confidence_threshold': 0.5040535938350955, 'training_days': 220, 'n_estimators': 227, 'max_depth': 3, 'num_leaves': 50, 'learning_rate': 0.08838392816605262, 'subsample': 0.9751564467099135, 'colsample_bytree': 0.9584932215576711, 'min_child_samples': 75, 'reg_alpha': 5.330866210562306e-06, 'reg_lambda': 0.0009488438014031012}. Best is trial 1 with value: 0.059019050524905484.
[I 2026-06-01 15:44:04,565] Trial 14 finished with value: 0.16454797924175874 and parameters: {'confidence_threshold': 0.7797216424642158, 'training_days': 380, 'n_estimators': 58, 'max_depth': 4, 'num_leaves': 31, 'learning_rate': 0.05332532123953172, 'subsample': 0.8483720642926542, 'colsample_bytree': 0.5032647290750182, 'min_child_samples': 65, 'reg_alpha': 0.0011197032848975464, 'reg_lambda': 3.35489003397335e-06}. Best is trial 14 with value: 0.16454797924175874.
[I 2026-06-01 15:44:04,632] Trial 15 finished with value: 0.28521388614707227 and parameters: {'confidence_threshold': 0.7829525506318393, 'training_days': 320, 'n_estimators': 56, 'max_depth': 4, 'num_leaves': 28, 'learning_rate': 0.059421844521008925, 'subsample': 0.6950075818145962, 'colsample_bytree': 0.8144377937283438, 'min_child_samples': 85, 'reg_alpha': 0.002133995302102607, 'reg_lambda': 2.771322835985207e-07}. Best is trial 15 with value: 0.28521388614707227.
[I 2026-06-01 15:44:04,699] Trial 16 finished with value: -8.089740755783975 and parameters: {'confidence_threshold': 0.7809712285122007, 'training_days': 350, 'n_estimators': 53, 'max_depth': 4, 'num_leaves': 23, 'learning_rate': 0.010492698563604342, 'subsample': 0.681583175098162, 'colsample_bytree': 0.7911788306388889, 'min_child_samples': 84, 'reg_alpha': 0.003565601884399954, 'reg_lambda': 0.0011423669623461812}. Best is trial 15 with value: 0.28521388614707227.
[I 2026-06-01 15:44:04,773] Trial 17 finished with value: 0.02149489147614161 and parameters: {'confidence_threshold': 0.7864166687187446, 'training_days': 180, 'n_estimators': 123, 'max_depth': 4, 'num_leaves': 27, 'learning_rate': 0.049582147306183676, 'subsample': 0.6848625860691318, 'colsample_bytree': 0.6624786955189683, 'min_child_samples': 66, 'reg_alpha': 0.0013614156040697594, 'reg_lambda': 1.4440671776941705e-06}. Best is trial 15 with value: 0.28521388614707227.
[I 2026-06-01 15:44:05,133] A new study created in memory with name: no-name-40d4890e-9cf7-403b-842a-b008e59556b8
[I 2026-06-01 15:44:05,432] Trial 0 finished with value: 0.039898007183816996 and parameters: {'confidence_threshold': 0.6310890415965769, 'training_days': 480, 'n_estimators': 380, 'max_depth': 4, 'num_leaves': 22, 'learning_rate': 0.01699897838270077, 'subsample': 0.5290418060840998, 'colsample_bytree': 0.9330880728874675, 'min_child_samples': 68, 'reg_alpha': 0.023585940584142682, 'reg_lambda': 1.5320059381854043e-08}. Best is trial 0 with value: 0.039898007183816996.
[I 2026-06-01 15:44:05,543] Trial 1 finished with value: -1.914420854360595 and parameters: {'confidence_threshold': 0.839468448256698, 'training_days': 420, 'n_estimators': 145, 'max_depth': 3, 'num_leaves': 23, 'learning_rate': 0.028145092716060652, 'subsample': 0.762378215816119, 'colsample_bytree': 0.7159725093210578, 'min_child_samples': 43, 'reg_alpha': 0.0032112643094417484, 'reg_lambda': 1.8007140198129195e-07}. Best is trial 0 with value: 0.039898007183816996.
[I 2026-06-01 15:44:05,688] Trial 2 finished with value: 0.033771133995392257 and parameters: {'confidence_threshold': 0.6022506269873263, 'training_days': 190, 'n_estimators': 255, 'max_depth': 5, 'num_leaves': 24, 'learning_rate': 0.05748924681991978, 'subsample': 0.7962072844310213, 'colsample_bytree': 0.5232252063599989, 'min_child_samples': 69, 'reg_alpha': 3.425445902633376e-07, 'reg_lambda': 3.850031979199519e-08}. Best is trial 0 with value: 0.039898007183816996.
[I 2026-06-01 15:44:05,918] Trial 3 finished with value: 0.05674790682938461 and parameters: {'confidence_threshold': 0.8321099380386666, 'training_days': 490, 'n_estimators': 414, 'max_depth': 3, 'num_leaves': 19, 'learning_rate': 0.1024932221692416, 'subsample': 0.7200762468698007, 'colsample_bytree': 0.5610191174223894, 'min_child_samples': 60, 'reg_alpha': 2.039373116525212e-08, 'reg_lambda': 1.527156759251193}. Best is trial 3 with value: 0.05674790682938461.
[I 2026-06-01 15:44:06,059] Trial 4 finished with value: 0.041435632322909956 and parameters: {'confidence_threshold': 0.5905729935600059, 'training_days': 340, 'n_estimators': 190, 'max_depth': 4, 'num_leaves': 41, 'learning_rate': 0.01875220945578641, 'subsample': 0.9847923138822793, 'colsample_bytree': 0.8875664116805573, 'min_child_samples': 96, 'reg_alpha': 1.1309571585271483, 'reg_lambda': 0.002404915432737351}. Best is trial 3 with value: 0.05674790682938461.
[I 2026-06-01 15:44:06,093] Trial 5 finished with value: 0.07588534247782033 and parameters: {'confidence_threshold': 0.8226559822580909, 'training_days': 50, 'n_estimators': 138, 'max_depth': 3, 'num_leaves': 30, 'learning_rate': 0.03750796359625606, 'subsample': 0.6356745158869479, 'colsample_bytree': 0.9143687545759647, 'min_child_samples': 48, 'reg_alpha': 3.376063348877853e-06, 'reg_lambda': 0.0007660634613082914}. Best is trial 5 with value: 0.07588534247782033.
