[I 2026-06-01 15:45:29,277] Trial 9 finished with value: -0.06448348752873767 and parameters: {'confidence_threshold': 0.6202096049169137, 'training_days': 260, 'n_estimators': 350, 'max_depth': 3, 'num_leaves': 21, 'learning_rate': 0.02989540198065364, 'subsample': 0.8307821683331218, 'colsample_bytree': 0.923253112635361, 'min_child_samples': 64, 'reg_alpha': 0.4898604619604203, 'reg_lambda': 2.9076377687066166e-05}. Best is trial 5 with value: 0.01508561001384271.
[I 2026-06-01 15:45:29,643] Trial 10 finished with value: -0.08360693079109756 and parameters: {'confidence_threshold': 0.5342665212695602, 'training_days': 470, 'n_estimators': 493, 'max_depth': 5, 'num_leaves': 63, 'learning_rate': 0.010221918552934462, 'subsample': 0.9166551855891288, 'colsample_bytree': 0.6202684210924141, 'min_child_samples': 99, 'reg_alpha': 2.371385268938747e-08, 'reg_lambda': 8.795022395727933e-08}. Best is trial 5 with value: 0.01508561001384271.
[I 2026-06-01 15:45:29,671] Trial 11 finished with value: -2.143709595355948 and parameters: {'confidence_threshold': 0.6853230952586662, 'training_days': 30, 'n_estimators': 240, 'max_depth': 4, 'num_leaves': 42, 'learning_rate': 0.04247104611648824, 'subsample': 0.9948913007509467, 'colsample_bytree': 0.6778283959364831, 'min_child_samples': 45, 'reg_alpha': 5.52148235930095, 'reg_lambda': 3.1004210825103437e-07}. Best is trial 5 with value: 0.01508561001384271.
[I 2026-06-01 15:45:29,743] Trial 12 finished with value: -0.07567350554576273 and parameters: {'confidence_threshold': 0.66034247783242, 'training_days': 360, 'n_estimators': 51, 'max_depth': 5, 'num_leaves': 51, 'learning_rate': 0.10074539131962083, 'subsample': 0.9930499811015767, 'colsample_bytree': 0.5201164353688423, 'min_child_samples': 78, 'reg_alpha': 0.09015824224036377, 'reg_lambda': 0.004982038141650091}. Best is trial 5 with value: 0.01508561001384271.
[I 2026-06-01 15:45:29,959] Trial 13 finished with value: -0.06238495637223427 and parameters: {'confidence_threshold': 0.7129257884245761, 'training_days': 140, 'n_estimators': 475, 'max_depth': 4, 'num_leaves': 31, 'learning_rate': 0.04317436237981049, 'subsample': 0.884465263912419, 'colsample_bytree': 0.7082407533656954, 'min_child_samples': 50, 'reg_alpha': 1.097601689643257e-07, 'reg_lambda': 1.147897733478235e-08}. Best is trial 5 with value: 0.01508561001384271.
[I 2026-06-01 15:45:30,160] Trial 14 finished with value: -0.10408913903976898 and parameters: {'confidence_threshold': 0.5988142951252462, 'training_days': 340, 'n_estimators': 166, 'max_depth': 5, 'num_leaves': 48, 'learning_rate': 0.1227422365739807, 'subsample': 0.9056603854774925, 'colsample_bytree': 0.9928858122524122, 'min_child_samples': 49, 'reg_alpha': 1.1965699977759898e-06, 'reg_lambda': 1.2106779336558252e-06}. Best is trial 5 with value: 0.01508561001384271.
[I 2026-06-01 15:45:30,192] Trial 15 finished with value: -3.955427260391784 and parameters: {'confidence_threshold': 0.8260782159980345, 'training_days': 10, 'n_estimators': 300, 'max_depth': 4, 'num_leaves': 43, 'learning_rate': 0.0554157145744186, 'subsample': 0.507007918467014, 'colsample_bytree': 0.7588934920838852, 'min_child_samples': 78, 'reg_alpha': 0.01828979793574368, 'reg_lambda': 0.01942522303509738}. Best is trial 5 with value: 0.01508561001384271.
[I 2026-06-01 15:45:30,574] Trial 16 finished with value: -0.07517714687771322 and parameters: {'confidence_threshold': 0.7116287081182576, 'training_days': 440, 'n_estimators': 442, 'max_depth': 4, 'num_leaves': 55, 'learning_rate': 0.031881297714316296, 'subsample': 0.7010502612480229, 'colsample_bytree': 0.8998014720332306, 'min_child_samples': 75, 'reg_alpha': 3.433399905162048, 'reg_lambda': 2.6889821258938708e-06}. Best is trial 5 with value: 0.01508561001384271.
[I 2026-06-01 15:45:30,734] Trial 17 finished with value: -0.029058360135135096 and parameters: {'confidence_threshold': 0.5004748807695347, 'training_days': 170, 'n_estimators': 220, 'max_depth': 5, 'num_leaves': 35, 'learning_rate': 0.19595353117040204, 'subsample': 0.9375572777920069, 'colsample_bytree': 0.6511310018724307, 'min_child_samples': 56, 'reg_alpha': 7.780259576731109e-07, 'reg_lambda': 1.5119477664564153e-07}. Best is trial 5 with value: 0.01508561001384271.
[I 2026-06-01 15:45:30,949] A new study created in memory with name: no-name-6c5e9bf5-5c37-4568-9615-95baf29cd442
[I 2026-06-01 15:45:31,162] Trial 0 finished with value: -0.08164311250794216 and parameters: {'confidence_threshold': 0.5870645682749857, 'training_days': 90, 'n_estimators': 403, 'max_depth': 5, 'num_leaves': 45, 'learning_rate': 0.0780457193679974, 'subsample': 0.9428509515574568, 'colsample_bytree': 0.8795587339164916, 'min_child_samples': 34, 'reg_alpha': 2.2465901234314442e-07, 'reg_lambda': 8.339007036475363e-05}. Best is trial 0 with value: -0.08164311250794216.

    [trial 0] Sharpe=-0.1063 (folds: -0.1951, 0.0435, -0.1907, 0.0700, -0.2593)
    [trial 1] 48 features, training_days=420 | threshold=0.839 | labels: 1119 long, 1049 short (52/48%)
    [trial 1] Sharpe=0.0647 (folds: -0.0609, 0.4054, -0.3215, 0.3506, -0.0501)
    [trial 2] 48 features, training_days=190 | threshold=0.602 | labels: 1119 long, 1049 short (52/48%)
    [trial 2] Sharpe=-0.0329 (folds: -0.1562, 0.0657, 0.0745, 0.0745, -0.2229)
    [trial 3] 48 features, training_days=490 | threshold=0.832 | labels: 1119 long, 1049 short (52/48%)
    [trial 3] Sharpe=-0.1026 (folds: -0.2200, 0.0813, -0.1776, -0.0301, -0.1664)
    [trial 4] 48 features, training_days=340 | threshold=0.591 | labels: 1119 long, 1049 short (52/48%)
    [trial 4] Sharpe=-0.1149 (folds: -0.1262, 0.0701, -0.2475, 0.0933, -0.3644)
    [trial 5] 48 features, training_days=50 | threshold=0.823 | labels: 1119 long, 1049 short (52/48%)
    [trial 5] Sharpe=-0.0885 (folds: -0.3112, 0.2955, -0.2768, 0.0065, -0.1565)
    [trial 6] 48 features, training_days=410 | threshold=0.549 | labels: 1119 long, 1049 short (52/48%)
    [trial 6] Sharpe=-0.0829 (folds: -0.1948, 0.0445, -0.1724, 0.0949, -0.1870)
    [trial 7] 48 features, training_days=180 | threshold=0.526 | labels: 1119 long, 1049 short (52/48%)
    [trial 7] Sharpe=-0.0679 (folds: -0.2108, -0.0601, 0.1287, 0.0938, -0.2912)
    [trial 8] 48 features, training_days=240 | threshold=0.811 | labels: 1119 long, 1049 short (52/48%)
    [trial 8] Sharpe=0.0293 (folds: -0.1938, 0.2441, 0.0661, 0.1437, -0.1134)
    [trial 9] 48 features, training_days=20 | threshold=0.538 | labels: 1119 long, 1049 short (52/48%)
    [trial 9] Sharpe=-0.0982 (folds: -0.3657, -0.1807, 0.2275, -0.0241, -0.1480)
    [trial 10] 48 features, training_days=350 | threshold=0.729 | labels: 1119 long, 1049 short (52/48%)
    [trial 10] Sharpe=-0.0731 (folds: -0.3300, 0.0944, -0.1345, 0.1731, -0.1685)
    [trial 11] 48 features, training_days=250 | threshold=0.744 | labels: 1119 long, 1049 short (52/48%)
    [trial 11] Sharpe=-0.0558 (folds: -0.2390, 0.0119, -0.0955, 0.1826, -0.1391)
    [trial 12] 48 features, training_days=270 | threshold=0.772 | labels: 1119 long, 1049 short (52/48%)
    [trial 12] Sharpe=-0.0349 (folds: -0.2457, 0.1395, -0.0118, 0.0834, -0.1400)
    [trial 13] 48 features, training_days=150 | threshold=0.849 | labels: 1119 long, 1049 short (52/48%)
    [trial 13] Sharpe=-0.0156 (folds: -0.2254, 0.2570, 0.0916, 0.0890, -0.2902)
    [trial 14] 48 features, training_days=380 | threshold=0.690 | labels: 1119 long, 1049 short (52/48%)
    [trial 14] Sharpe=-0.0992 (folds: -0.2405, 0.0309, -0.1352, 0.1027, -0.2539)
    [trial 15] 48 features, training_days=260 | threshold=0.790 | labels: 1119 long, 1049 short (52/48%)
    [trial 15] Sharpe=-3.9602 (folds: 0.0941, -10.0000, -0.0798, 0.1845, -10.0000)
    [trial 16] 48 features, training_days=100 | threshold=0.788 | labels: 1119 long, 1049 short (52/48%)
    [trial 16] Sharpe=-0.0962 (folds: -0.0910, -0.1392, -0.1094, 0.0029, -0.1442)
    [trial 17] 48 features, training_days=440 | threshold=0.680 | labels: 1119 long, 1049 short (52/48%)
    [trial 17] Sharpe=-0.0491 (folds: -0.1193, -0.0120, -0.0721, 0.0672, -0.1092)
  Optuna: 18 trials, best Sharpe = 0.0647
  Best params: n_estimators=145, max_depth=3, lr=0.0281, leaves=23
  Best confidence_threshold: 0.839
  Best training_days: 420
  Retrained on full data (1260 samples, 48 features)
  [ensemble 2/3] seed=123
    [trial 0] 48 features, training_days=150 | threshold=0.744 | labels: 1119 long, 1049 short (52/48%)
    [CV fold 0] train_end=2021-06-22 08:00 | val_start=2021-06-30 00:00 | gap=184h (22 rows)
    [CV fold 1] train_end=2021-10-20 16:00 | val_start=2021-10-28 08:00 | gap=184h (22 rows)
    [CV fold 2] train_end=2022-02-18 00:00 | val_start=2022-02-25 16:00 | gap=184h (22 rows)
    [CV fold 3] train_end=2022-06-18 08:00 | val_start=2022-06-26 00:00 | gap=184h (22 rows)
    [CV fold 4] train_end=2022-10-16 16:00 | val_start=2022-10-24 08:00 | gap=184h (22 rows)
    [trial 0] Sharpe=-0.0291 (folds: -0.2693, 0.1581, 0.0728, 0.1331, -0.2402)
    [trial 1] 48 features, training_days=220 | threshold=0.755 | labels: 1119 long, 1049 short (52/48%)
    [trial 1] Sharpe=-1.9201 (folds: 0.7588, -10.0000, -0.1921, -0.2366, 0.0692)
    [trial 2] 48 features, training_days=310 | threshold=0.754 | labels: 1119 long, 1049 short (52/48%)
    [trial 2] Sharpe=-0.0827 (folds: -0.2871, 0.0497, -0.0949, 0.0820, -0.1634)
    [trial 3] 48 features, training_days=220 | threshold=0.673 | labels: 1119 long, 1049 short (52/48%)
    [trial 3] Sharpe=-0.0341 (folds: -0.2079, 0.0737, -0.0262, 0.1072, -0.1172)
    [trial 4] 48 features, training_days=130 | threshold=0.803 | labels: 1119 long, 1049 short (52/48%)
    [trial 4] Sharpe=-0.0360 (folds: -0.2595, 0.0327, 0.1552, 0.0340, -0.1423)
    [trial 5] 48 features, training_days=210 | threshold=0.606 | labels: 1119 long, 1049 short (52/48%)
    [trial 5] Sharpe=0.0151 (folds: -0.1542, 0.1542, 0.0695, 0.0970, -0.0911)
    [trial 6] 48 features, training_days=130 | threshold=0.767 | labels: 1119 long, 1049 short (52/48%)
    [trial 6] Sharpe=-0.0677 (folds: -0.2484, 0.0188, 0.1034, 0.0464, -0.2585)
    [trial 7] 48 features, training_days=80 | threshold=0.556 | labels: 1119 long, 1049 short (52/48%)
    [trial 7] Sharpe=-0.0942 (folds: -0.0130, -0.1057, -0.1470, 0.0082, -0.2132)
    [trial 8] 48 features, training_days=200 | threshold=0.607 | labels: 1119 long, 1049 short (52/48%)
    [trial 8] Sharpe=-0.0461 (folds: -0.2561, 0.1020, 0.0371, 0.0987, -0.2123)
    [trial 9] 48 features, training_days=260 | threshold=0.620 | labels: 1119 long, 1049 short (52/48%)
    [trial 9] Sharpe=-0.0645 (folds: -0.1658, 0.0336, -0.0730, 0.1240, -0.2411)
    [trial 10] 48 features, training_days=470 | threshold=0.534 | labels: 1119 long, 1049 short (52/48%)
    [trial 10] Sharpe=-0.0836 (folds: -0.1534, 0.0709, -0.1056, 0.0991, -0.3290)
    [trial 11] 48 features, training_days=30 | threshold=0.685 | labels: 1119 long, 1049 short (52/48%)
    [trial 11] Sharpe=-2.1437 (folds: -0.3657, -0.1807, -10.0000, -0.0241, -0.1480)
    [trial 12] 48 features, training_days=360 | threshold=0.660 | labels: 1119 long, 1049 short (52/48%)
    [trial 12] Sharpe=-0.0757 (folds: -0.2041, 0.0916, -0.1326, 0.1345, -0.2678)
    [trial 13] 48 features, training_days=140 | threshold=0.713 | labels: 1119 long, 1049 short (52/48%)
    [trial 13] Sharpe=-0.0624 (folds: -0.2662, 0.0621, 0.0978, 0.0423, -0.2478)
    [trial 14] 48 features, training_days=340 | threshold=0.599 | labels: 1119 long, 1049 short (52/48%)
    [trial 14] Sharpe=-0.1041 (folds: -0.1666, 0.0182, -0.2139, 0.0945, -0.2527)
    [trial 15] 48 features, training_days=10 | threshold=0.826 | labels: 1119 long, 1049 short (52/48%)
    [trial 15] Sharpe=-3.9554 (folds: -10.0000, -10.0000, 0.2275, -0.0226, 0.0180)
    [trial 16] 48 features, training_days=440 | threshold=0.712 | labels: 1119 long, 1049 short (52/48%)
    [trial 16] Sharpe=-0.0752 (folds: -0.2435, 0.0926, -0.2012, 0.0999, -0.1237)
    [trial 17] 48 features, training_days=170 | threshold=0.500 | labels: 1119 long, 1049 short (52/48%)
    [trial 17] Sharpe=-0.0291 (folds: -0.0949, 0.0426, 0.0928, 0.0134, -0.1992)
  Optuna: 18 trials, best Sharpe = 0.0151
  Best params: n_estimators=357, max_depth=5, lr=0.0974, leaves=40
  Best confidence_threshold: 0.606
  Best training_days: 210
  Retrained on full data (630 samples, 48 features)
  [ensemble 3/3] seed=456
    [trial 0] 48 features, training_days=90 | threshold=0.587 | labels: 1119 long, 1049 short (52/48%)
    [CV fold 0] train_end=2021-06-22 08:00 | val_start=2021-06-30 00:00 | gap=184h (22 rows)
    [CV fold 1] train_end=2021-10-20 16:00 | val_start=2021-10-28 08:00 | gap=184h (22 rows)
    [CV fold 2] train_end=2022-02-18 00:00 | val_start=2022-02-25 16:00 | gap=184h (22 rows)
    [CV fold 3] train_end=2022-06-18 08:00 | val_start=2022-06-26 00:00 | gap=184h (22 rows)
    [CV fold 4] train_end=2022-10-16 16:00 | val_start=2022-10-24 08:00 | gap=184h (22 rows)
    [trial 0] Sharpe=-0.0816 (folds: 0.0396, -0.1613, -0.0446, 0.0129, -0.2548)
    [trial 1] 48 features, training_days=290 | threshold=0.635 | labels: 1119 long, 1049 short (52/48%)[I 2026-06-01 15:45:31,268] Trial 1 finished with value: -0.08470489817273688 and parameters: {'confidence_threshold': 0.6348453934275313, 'training_days': 290, 'n_estimators': 115, 'max_depth': 5, 'num_leaves': 37, 'learning_rate': 0.06949568759029946, 'subsample': 0.8228505074024268, 'colsample_bytree': 0.8616703220431751, 'min_child_samples': 75, 'reg_alpha': 4.2486822725010923e-07, 'reg_lambda': 1.157247767047042e-07}. Best is trial 0 with value: -0.08164311250794216.
[I 2026-06-01 15:45:31,286] Trial 2 finished with value: -1.9915626515617226 and parameters: {'confidence_threshold': 0.5849570384370288, 'training_days': 10, 'n_estimators': 212, 'max_depth': 3, 'num_leaves': 41, 'learning_rate': 0.18452095998378365, 'subsample': 0.6001060822924371, 'colsample_bytree': 0.5673167293506167, 'min_child_samples': 37, 'reg_alpha': 5.733250064217131, 'reg_lambda': 0.5308454292595461}. Best is trial 0 with value: -0.08164311250794216.
[I 2026-06-01 15:45:31,366] Trial 3 finished with value: 0.012527895841740666 and parameters: {'confidence_threshold': 0.6868248626683718, 'training_days': 220, 'n_estimators': 134, 'max_depth': 3, 'num_leaves': 45, 'learning_rate': 0.033529007907491595, 'subsample': 0.8647277071858408, 'colsample_bytree': 0.778494116634046, 'min_child_samples': 96, 'reg_alpha': 2.409409937265785e-07, 'reg_lambda': 1.1642073478060009}. Best is trial 3 with value: 0.012527895841740666.
[I 2026-06-01 15:45:31,449] Trial 4 finished with value: -0.06927462503434231 and parameters: {'confidence_threshold': 0.5623121348350352, 'training_days': 300, 'n_estimators': 69, 'max_depth': 4, 'num_leaves': 32, 'learning_rate': 0.14967629360700346, 'subsample': 0.5054535233636654, 'colsample_bytree': 0.7401385194659216, 'min_child_samples': 27, 'reg_alpha': 1.4212042567426725e-07, 'reg_lambda': 0.23605753701352003}. Best is trial 3 with value: 0.012527895841740666.
[I 2026-06-01 15:45:31,859] Trial 5 finished with value: -0.08790661366935815 and parameters: {'confidence_threshold': 0.7111850244908446, 'training_days': 490, 'n_estimators': 362, 'max_depth': 5, 'num_leaves': 40, 'learning_rate': 0.05960785724162737, 'subsample': 0.5589714368907717, 'colsample_bytree': 0.6659006943232806, 'min_child_samples': 42, 'reg_alpha': 0.6741360303045295, 'reg_lambda': 6.054601607143087e-08}. Best is trial 3 with value: 0.012527895841740666.
[I 2026-06-01 15:45:32,027] Trial 6 finished with value: -0.09452829732372277 and parameters: {'confidence_threshold': 0.667482545748023, 'training_days': 420, 'n_estimators': 279, 'max_depth': 3, 'num_leaves': 45, 'learning_rate': 0.040099592560849204, 'subsample': 0.8563114696415159, 'colsample_bytree': 0.5442917781944105, 'min_child_samples': 50, 'reg_alpha': 1.6407916423707903e-08, 'reg_lambda': 2.935907642973286e-05}. Best is trial 3 with value: 0.012527895841740666.
[I 2026-06-01 15:45:32,164] Trial 7 finished with value: -0.06371548275707116 and parameters: {'confidence_threshold': 0.5497381024139926, 'training_days': 120, 'n_estimators': 408, 'max_depth': 5, 'num_leaves': 38, 'learning_rate': 0.28049122657745795, 'subsample': 0.8806573338635493, 'colsample_bytree': 0.5454054113547102, 'min_child_samples': 63, 'reg_alpha': 0.01263008637940408, 'reg_lambda': 0.04588020805366937}. Best is trial 3 with value: 0.012527895841740666.
[I 2026-06-01 15:45:32,417] Trial 8 finished with value: -0.031707749371059094 and parameters: {'confidence_threshold': 0.719644804808716, 'training_days': 450, 'n_estimators': 410, 'max_depth': 4, 'num_leaves': 57, 'learning_rate': 0.04022026551478857, 'subsample': 0.5336085426932707, 'colsample_bytree': 0.5705742850577543, 'min_child_samples': 100, 'reg_alpha': 5.916398047912201e-07, 'reg_lambda': 0.9794034214488329}. Best is trial 3 with value: 0.012527895841740666.
[I 2026-06-01 15:45:32,443] Trial 9 finished with value: -0.0982189177284071 and parameters: {'confidence_threshold': 0.7267463643917187, 'training_days': 20, 'n_estimators': 337, 'max_depth': 5, 'num_leaves': 23, 'learning_rate': 0.022153031811454605, 'subsample': 0.6305627572358737, 'colsample_bytree': 0.6613413774216214, 'min_child_samples': 81, 'reg_alpha': 5.7638634029410314e-08, 'reg_lambda': 8.26603016764008}. Best is trial 3 with value: 0.012527895841740666.
[I 2026-06-01 15:45:32,543] Trial 10 finished with value: -10.0 and parameters: {'confidence_threshold': 0.8283920119574972, 'training_days': 200, 'n_estimators': 181, 'max_depth': 3, 'num_leaves': 62, 'learning_rate': 0.011579281028220855, 'subsample': 0.7130289643560688, 'colsample_bytree': 0.9944479338273263, 'min_child_samples': 100, 'reg_alpha': 6.837313901272251e-05, 'reg_lambda': 0.0027253228209330924}. Best is trial 3 with value: 0.012527895841740666.
[I 2026-06-01 15:45:32,875] Trial 11 finished with value: -0.05790385174069118 and parameters: {'confidence_threshold': 0.7766282449189577, 'training_days': 380, 'n_estimators': 478, 'max_depth': 4, 'num_leaves': 58, 'learning_rate': 0.029354876456257728, 'subsample': 0.7459055835274097, 'colsample_bytree': 0.8016610248739169, 'min_child_samples': 100, 'reg_alpha': 1.7335570554886207e-05, 'reg_lambda': 7.067893525937578}. Best is trial 3 with value: 0.012527895841740666.
[I 2026-06-01 15:45:33,107] Trial 12 finished with value: -0.033425560499228006 and parameters: {'confidence_threshold': 0.7449212105048096, 'training_days': 200, 'n_estimators': 490, 'max_depth': 4, 'num_leaves': 54, 'learning_rate': 0.01924681962976845, 'subsample': 0.9912016966112274, 'colsample_bytree': 0.6646287431572568, 'min_child_samples': 85, 'reg_alpha': 8.85890496668e-06, 'reg_lambda': 0.0043762371699676405}. Best is trial 3 with value: 0.012527895841740666.
[I 2026-06-01 15:45:33,294] Trial 13 finished with value: -0.07681073099163169 and parameters: {'confidence_threshold': 0.674016069087747, 'training_days': 370, 'n_estimators': 247, 'max_depth': 4, 'num_leaves': 52, 'learning_rate': 0.04144677730363681, 'subsample': 0.6795590770167038, 'colsample_bytree': 0.7477878654225999, 'min_child_samples': 90, 'reg_alpha': 0.0013950587799583445, 'reg_lambda': 0.025157017202168678}. Best is trial 3 with value: 0.012527895841740666.
[I 2026-06-01 15:45:33,395] Trial 14 finished with value: -7.947269714547119 and parameters: {'confidence_threshold': 0.8063557078693834, 'training_days': 210, 'n_estimators': 166, 'max_depth': 3, 'num_leaves': 51, 'learning_rate': 0.012882340619131948, 'subsample': 0.7851487748866213, 'colsample_bytree': 0.6122042522489387, 'min_child_samples': 70, 'reg_alpha': 2.204988820551451e-06, 'reg_lambda': 1.1816043408326617}. Best is trial 3 with value: 0.012527895841740666.
[I 2026-06-01 15:45:33,589] Trial 15 finished with value: -0.0449914791555002 and parameters: {'confidence_threshold': 0.654086456186345, 'training_days': 500, 'n_estimators': 306, 'max_depth': 3, 'num_leaves': 17, 'learning_rate': 0.09246729598324224, 'subsample': 0.9130673202651429, 'colsample_bytree': 0.502925720040233, 'min_child_samples': 91, 'reg_alpha': 0.00030540690605735836, 'reg_lambda': 2.582339790441249e-06}. Best is trial 3 with value: 0.012527895841740666.
[I 2026-06-01 15:45:33,667] Trial 16 finished with value: -0.009359025732424725 and parameters: {'confidence_threshold': 0.6254407841818546, 'training_days': 320, 'n_estimators': 53, 'max_depth': 4, 'num_leaves': 61, 'learning_rate': 0.03443484454224182, 'subsample': 0.7980665993112352, 'colsample_bytree': 0.798073413313867, 'min_child_samples': 56, 'reg_alpha': 1.5405576829429918e-06, 'reg_lambda': 0.000855876310048679}. Best is trial 3 with value: 0.012527895841740666.
