[I 2026-06-01 15:44:48,702] Trial 12 finished with value: 0.03482443021914527 and parameters: {'confidence_threshold': 0.66034247783242, 'training_days': 360, 'n_estimators': 51, 'max_depth': 5, 'num_leaves': 51, 'learning_rate': 0.10074539131962083, 'subsample': 0.9930499811015767, 'colsample_bytree': 0.5201164353688423, 'min_child_samples': 78, 'reg_alpha': 0.09015824224036377, 'reg_lambda': 0.004982038141650091}. Best is trial 5 with value: 0.050237878058403664.
[I 2026-06-01 15:44:48,915] Trial 13 finished with value: 0.035470608561345984 and parameters: {'confidence_threshold': 0.7129257884245761, 'training_days': 140, 'n_estimators': 475, 'max_depth': 4, 'num_leaves': 31, 'learning_rate': 0.04317436237981049, 'subsample': 0.884465263912419, 'colsample_bytree': 0.7082407533656954, 'min_child_samples': 50, 'reg_alpha': 1.097601689643257e-07, 'reg_lambda': 1.147897733478235e-08}. Best is trial 5 with value: 0.050237878058403664.
[I 2026-06-01 15:44:49,088] Trial 14 finished with value: -0.024003415785562424 and parameters: {'confidence_threshold': 0.5988142951252462, 'training_days': 340, 'n_estimators': 166, 'max_depth': 5, 'num_leaves': 48, 'learning_rate': 0.1227422365739807, 'subsample': 0.9056603854774925, 'colsample_bytree': 0.9928858122524122, 'min_child_samples': 49, 'reg_alpha': 1.1965699977759898e-06, 'reg_lambda': 1.2106779336558252e-06}. Best is trial 5 with value: 0.050237878058403664.
[I 2026-06-01 15:44:49,115] Trial 15 finished with value: -3.9720072782824887 and parameters: {'confidence_threshold': 0.8260782159980345, 'training_days': 10, 'n_estimators': 300, 'max_depth': 4, 'num_leaves': 43, 'learning_rate': 0.0554157145744186, 'subsample': 0.507007918467014, 'colsample_bytree': 0.7588934920838852, 'min_child_samples': 78, 'reg_alpha': 0.01828979793574368, 'reg_lambda': 0.01942522303509738}. Best is trial 5 with value: 0.050237878058403664.
[I 2026-06-01 15:44:49,462] Trial 16 finished with value: 0.024643489982539162 and parameters: {'confidence_threshold': 0.7116287081182576, 'training_days': 440, 'n_estimators': 442, 'max_depth': 4, 'num_leaves': 55, 'learning_rate': 0.031881297714316296, 'subsample': 0.7010502612480229, 'colsample_bytree': 0.8998014720332306, 'min_child_samples': 75, 'reg_alpha': 3.433399905162048, 'reg_lambda': 2.6889821258938708e-06}. Best is trial 5 with value: 0.050237878058403664.
[I 2026-06-01 15:44:49,609] Trial 17 finished with value: 0.01683415651813954 and parameters: {'confidence_threshold': 0.5004748807695347, 'training_days': 170, 'n_estimators': 220, 'max_depth': 5, 'num_leaves': 35, 'learning_rate': 0.19595353117040204, 'subsample': 0.9375572777920069, 'colsample_bytree': 0.6511310018724307, 'min_child_samples': 56, 'reg_alpha': 7.780259576731109e-07, 'reg_lambda': 1.5119477664564153e-07}. Best is trial 5 with value: 0.050237878058403664.
[I 2026-06-01 15:44:49,816] A new study created in memory with name: no-name-f00b1d40-bfd3-40ce-ac58-6ebbd95ae216
[I 2026-06-01 15:44:50,000] Trial 0 finished with value: -0.009981371734281833 and parameters: {'confidence_threshold': 0.5870645682749857, 'training_days': 90, 'n_estimators': 403, 'max_depth': 5, 'num_leaves': 45, 'learning_rate': 0.0780457193679974, 'subsample': 0.9428509515574568, 'colsample_bytree': 0.8795587339164916, 'min_child_samples': 34, 'reg_alpha': 2.2465901234314442e-07, 'reg_lambda': 8.339007036475363e-05}. Best is trial 0 with value: -0.009981371734281833.
[I 2026-06-01 15:44:50,110] Trial 1 finished with value: 0.03869942560463411 and parameters: {'confidence_threshold': 0.6348453934275313, 'training_days': 290, 'n_estimators': 115, 'max_depth': 5, 'num_leaves': 37, 'learning_rate': 0.06949568759029946, 'subsample': 0.8228505074024268, 'colsample_bytree': 0.8616703220431751, 'min_child_samples': 75, 'reg_alpha': 4.2486822725010923e-07, 'reg_lambda': 1.157247767047042e-07}. Best is trial 1 with value: 0.03869942560463411.
[I 2026-06-01 15:44:50,129] Trial 2 finished with value: 0.040235947549208805 and parameters: {'confidence_threshold': 0.5849570384370288, 'training_days': 10, 'n_estimators': 212, 'max_depth': 3, 'num_leaves': 41, 'learning_rate': 0.18452095998378365, 'subsample': 0.6001060822924371, 'colsample_bytree': 0.5673167293506167, 'min_child_samples': 37, 'reg_alpha': 5.733250064217131, 'reg_lambda': 0.5308454292595461}. Best is trial 2 with value: 0.040235947549208805.

    [trial 3] 48 features, training_days=490 | threshold=0.832 | labels: 1159 long, 1009 short (53/47%)
    [trial 3] Sharpe=0.0241 (folds: 0.0875, -0.0934, 0.1265, -0.0816, 0.0816)
    [trial 4] 48 features, training_days=340 | threshold=0.591 | labels: 1159 long, 1009 short (53/47%)
    [trial 4] Sharpe=-0.0207 (folds: 0.0221, -0.1061, 0.1837, -0.2400, 0.0371)
    [trial 5] 48 features, training_days=50 | threshold=0.823 | labels: 1159 long, 1009 short (53/47%)
    [trial 5] Sharpe=-0.0189 (folds: 0.1927, -0.2601, 0.2806, -0.2990, -0.0087)
    [trial 6] 48 features, training_days=410 | threshold=0.549 | labels: 1159 long, 1009 short (53/47%)
    [trial 6] Sharpe=0.0056 (folds: -0.0020, -0.0358, 0.0526, -0.0668, 0.0800)
    [trial 7] 48 features, training_days=180 | threshold=0.526 | labels: 1159 long, 1009 short (53/47%)
    [trial 7] Sharpe=0.0055 (folds: 0.0674, -0.1359, -0.0832, 0.1218, 0.0573)
    [trial 8] 48 features, training_days=240 | threshold=0.811 | labels: 1159 long, 1009 short (53/47%)
    [trial 8] Sharpe=0.1032 (folds: 0.0983, -0.0485, 0.2753, 0.0819, 0.1091)
    [trial 9] 48 features, training_days=20 | threshold=0.538 | labels: 1159 long, 1009 short (53/47%)
    [trial 9] Sharpe=-0.0855 (folds: -0.0786, -0.3650, -0.1880, 0.2359, -0.0318)
    [trial 10] 48 features, training_days=280 | threshold=0.734 | labels: 1159 long, 1009 short (53/47%)
    [trial 10] Sharpe=0.0153 (folds: 0.0945, -0.1332, 0.0819, -0.0293, 0.0628)
    [trial 11] 48 features, training_days=170 | threshold=0.762 | labels: 1159 long, 1009 short (53/47%)
    [trial 11] Sharpe=0.0560 (folds: 0.0680, -0.1120, 0.1162, 0.1503, 0.0577)
    [trial 12] 48 features, training_days=140 | threshold=0.729 | labels: 1159 long, 1009 short (53/47%)
    [trial 12] Sharpe=0.0235 (folds: 0.1037, -0.1482, 0.0286, 0.0950, 0.0383)
    [trial 13] 48 features, training_days=250 | threshold=0.768 | labels: 1159 long, 1009 short (53/47%)
    [trial 13] Sharpe=0.0242 (folds: 0.0764, -0.0295, -0.0268, -0.0175, 0.1184)
    [trial 14] 48 features, training_days=110 | threshold=0.759 | labels: 1159 long, 1009 short (53/47%)
    [trial 14] Sharpe=-0.0643 (folds: 0.0730, -0.2091, -0.0893, -0.0352, -0.0609)
    [trial 15] 48 features, training_days=250 | threshold=0.678 | labels: 1159 long, 1009 short (53/47%)
    [trial 15] Sharpe=0.0482 (folds: 0.0710, 0.0187, -0.0510, 0.1004, 0.1018)
    [trial 16] 48 features, training_days=320 | threshold=0.798 | labels: 1159 long, 1009 short (53/47%)
    [trial 16] Sharpe=0.0133 (folds: 0.0766, -0.0843, 0.0346, -0.0273, 0.0671)
    [trial 17] 48 features, training_days=100 | threshold=0.676 | labels: 1159 long, 1009 short (53/47%)
    [trial 17] Sharpe=0.0617 (folds: 0.2010, 0.4115, -0.0958, -0.1518, -0.0562)
  Optuna: 18 trials, best Sharpe = 0.1032
  Best params: n_estimators=103, max_depth=5, lr=0.0675, leaves=52
  Best confidence_threshold: 0.811
  Best training_days: 240
  Retrained on full data (720 samples, 48 features)
  [ensemble 2/3] seed=123
    [trial 0] 48 features, training_days=150 | threshold=0.744 | labels: 1159 long, 1009 short (53/47%)
    [CV fold 0] train_end=2021-02-22 08:00 | val_start=2021-03-02 00:00 | gap=184h (22 rows)
    [CV fold 1] train_end=2021-06-22 16:00 | val_start=2021-06-30 08:00 | gap=184h (22 rows)
    [CV fold 2] train_end=2021-10-21 00:00 | val_start=2021-10-28 16:00 | gap=184h (22 rows)
    [CV fold 3] train_end=2022-02-18 08:00 | val_start=2022-02-26 00:00 | gap=184h (22 rows)
    [CV fold 4] train_end=2022-06-18 16:00 | val_start=2022-06-26 08:00 | gap=184h (22 rows)
    [trial 0] Sharpe=0.0484 (folds: 0.0503, -0.1657, 0.1485, 0.1030, 0.1061)
    [trial 1] 48 features, training_days=220 | threshold=0.755 | labels: 1159 long, 1009 short (53/47%)
    [trial 1] Sharpe=-4.0270 (folds: 0.1109, -10.0000, -10.0000, -0.0986, -0.1475)
    [trial 2] 48 features, training_days=310 | threshold=0.754 | labels: 1159 long, 1009 short (53/47%)
    [trial 2] Sharpe=0.0396 (folds: 0.0591, -0.1239, 0.2823, -0.1071, 0.0877)
    [trial 3] 48 features, training_days=220 | threshold=0.673 | labels: 1159 long, 1009 short (53/47%)
    [trial 3] Sharpe=0.0264 (folds: 0.0870, -0.1029, 0.0645, -0.0129, 0.0960)
    [trial 4] 48 features, training_days=130 | threshold=0.803 | labels: 1159 long, 1009 short (53/47%)
    [trial 4] Sharpe=0.0033 (folds: 0.0571, -0.1805, 0.0375, 0.0739, 0.0287)
    [trial 5] 48 features, training_days=210 | threshold=0.606 | labels: 1159 long, 1009 short (53/47%)
    [trial 5] Sharpe=0.0502 (folds: 0.0661, -0.1511, 0.1807, 0.0680, 0.0875)
    [trial 6] 48 features, training_days=130 | threshold=0.767 | labels: 1159 long, 1009 short (53/47%)
    [trial 6] Sharpe=-0.0054 (folds: 0.0612, -0.2087, 0.0181, 0.0573, 0.0451)
    [trial 7] 48 features, training_days=80 | threshold=0.556 | labels: 1159 long, 1009 short (53/47%)
    [trial 7] Sharpe=-0.0307 (folds: 0.1008, 0.0174, -0.1274, -0.1385, -0.0058)
    [trial 8] 48 features, training_days=200 | threshold=0.607 | labels: 1159 long, 1009 short (53/47%)
    [trial 8] Sharpe=0.0209 (folds: 0.1065, -0.2255, 0.0618, 0.0737, 0.0881)
    [trial 9] 48 features, training_days=260 | threshold=0.620 | labels: 1159 long, 1009 short (53/47%)
    [trial 9] Sharpe=0.0139 (folds: 0.0671, -0.0247, -0.0244, -0.0613, 0.1129)
    [trial 10] 48 features, training_days=470 | threshold=0.534 | labels: 1159 long, 1009 short (53/47%)
    [trial 10] Sharpe=0.0132 (folds: -0.0165, -0.1015, 0.1239, -0.0507, 0.1107)
    [trial 11] 48 features, training_days=30 | threshold=0.685 | labels: 1159 long, 1009 short (53/47%)
    [trial 11] Sharpe=-4.1170 (folds: -10.0000, -0.3650, -0.1880, -10.0000, -0.0318)
    [trial 12] 48 features, training_days=360 | threshold=0.660 | labels: 1159 long, 1009 short (53/47%)
    [trial 12] Sharpe=0.0348 (folds: 0.1005, 0.0053, 0.1755, -0.2104, 0.1032)
    [trial 13] 48 features, training_days=140 | threshold=0.713 | labels: 1159 long, 1009 short (53/47%)
    [trial 13] Sharpe=0.0355 (folds: 0.0704, -0.1373, 0.0810, 0.0900, 0.0732)
    [trial 14] 48 features, training_days=340 | threshold=0.599 | labels: 1159 long, 1009 short (53/47%)
    [trial 14] Sharpe=-0.0240 (folds: 0.0923, -0.1170, 0.0228, -0.2086, 0.0904)
    [trial 15] 48 features, training_days=10 | threshold=0.826 | labels: 1159 long, 1009 short (53/47%)
    [trial 15] Sharpe=-3.9720 (folds: -0.0786, -10.0000, -10.0000, 0.2359, -0.0173)
    [trial 16] 48 features, training_days=440 | threshold=0.712 | labels: 1159 long, 1009 short (53/47%)
    [trial 16] Sharpe=0.0246 (folds: 0.0720, -0.0452, 0.1421, -0.1279, 0.0821)
    [trial 17] 48 features, training_days=170 | threshold=0.500 | labels: 1159 long, 1009 short (53/47%)
    [trial 17] Sharpe=0.0168 (folds: 0.1033, -0.1837, 0.0322, 0.0763, 0.0561)
  Optuna: 18 trials, best Sharpe = 0.0502
  Best params: n_estimators=357, max_depth=5, lr=0.0974, leaves=40
  Best confidence_threshold: 0.606
  Best training_days: 210
  Retrained on full data (630 samples, 48 features)
  [ensemble 3/3] seed=456
    [trial 0] 48 features, training_days=90 | threshold=0.587 | labels: 1159 long, 1009 short (53/47%)
    [CV fold 0] train_end=2021-02-22 08:00 | val_start=2021-03-02 00:00 | gap=184h (22 rows)
    [CV fold 1] train_end=2021-06-22 16:00 | val_start=2021-06-30 08:00 | gap=184h (22 rows)
    [CV fold 2] train_end=2021-10-21 00:00 | val_start=2021-10-28 16:00 | gap=184h (22 rows)
    [CV fold 3] train_end=2022-02-18 08:00 | val_start=2022-02-26 00:00 | gap=184h (22 rows)
    [CV fold 4] train_end=2022-06-18 16:00 | val_start=2022-06-26 08:00 | gap=184h (22 rows)
    [trial 0] Sharpe=-0.0100 (folds: 0.0975, 0.0221, -0.1533, -0.0131, -0.0031)
    [trial 1] 48 features, training_days=290 | threshold=0.635 | labels: 1159 long, 1009 short (53/47%)
    [trial 1] Sharpe=0.0387 (folds: 0.0423, -0.0563, 0.0601, 0.0331, 0.1144)
    [trial 2] 48 features, training_days=10 | threshold=0.585 | labels: 1159 long, 1009 short (53/47%)
    [trial 2] Sharpe=0.0402 (folds: -0.0786, 0.2492, -0.1880, 0.2359, -0.0173)
    [trial 3] 48 features, training_days=220 | threshold=0.687 | labels: 1159 long, 1009 short (53/47%)
    [trial 3] Sharpe=0.0777 (folds: 0.0978, -0.0044, 0.0436, 0.0495, 0.2019)[I 2026-06-01 15:44:50,213] Trial 3 finished with value: 0.07767926262499565 and parameters: {'confidence_threshold': 0.6868248626683718, 'training_days': 220, 'n_estimators': 134, 'max_depth': 3, 'num_leaves': 45, 'learning_rate': 0.033529007907491595, 'subsample': 0.8647277071858408, 'colsample_bytree': 0.778494116634046, 'min_child_samples': 96, 'reg_alpha': 2.409409937265785e-07, 'reg_lambda': 1.1642073478060009}. Best is trial 3 with value: 0.07767926262499565.
[I 2026-06-01 15:44:50,294] Trial 4 finished with value: 0.03384194306910201 and parameters: {'confidence_threshold': 0.5623121348350352, 'training_days': 300, 'n_estimators': 69, 'max_depth': 4, 'num_leaves': 32, 'learning_rate': 0.14967629360700346, 'subsample': 0.5054535233636654, 'colsample_bytree': 0.7401385194659216, 'min_child_samples': 27, 'reg_alpha': 1.4212042567426725e-07, 'reg_lambda': 0.23605753701352003}. Best is trial 3 with value: 0.07767926262499565.
[I 2026-06-01 15:44:50,673] Trial 5 finished with value: 0.02972731655182312 and parameters: {'confidence_threshold': 0.7111850244908446, 'training_days': 490, 'n_estimators': 362, 'max_depth': 5, 'num_leaves': 40, 'learning_rate': 0.05960785724162737, 'subsample': 0.5589714368907717, 'colsample_bytree': 0.6659006943232806, 'min_child_samples': 42, 'reg_alpha': 0.6741360303045295, 'reg_lambda': 6.054601607143087e-08}. Best is trial 3 with value: 0.07767926262499565.
[I 2026-06-01 15:44:50,857] Trial 6 finished with value: 0.05844276300977909 and parameters: {'confidence_threshold': 0.667482545748023, 'training_days': 420, 'n_estimators': 279, 'max_depth': 3, 'num_leaves': 45, 'learning_rate': 0.040099592560849204, 'subsample': 0.8563114696415159, 'colsample_bytree': 0.5442917781944105, 'min_child_samples': 50, 'reg_alpha': 1.6407916423707903e-08, 'reg_lambda': 2.935907642973286e-05}. Best is trial 3 with value: 0.07767926262499565.
[I 2026-06-01 15:44:51,010] Trial 7 finished with value: 0.007717717346749689 and parameters: {'confidence_threshold': 0.5497381024139926, 'training_days': 120, 'n_estimators': 408, 'max_depth': 5, 'num_leaves': 38, 'learning_rate': 0.28049122657745795, 'subsample': 0.8806573338635493, 'colsample_bytree': 0.5454054113547102, 'min_child_samples': 63, 'reg_alpha': 0.01263008637940408, 'reg_lambda': 0.04588020805366937}. Best is trial 3 with value: 0.07767926262499565.
[I 2026-06-01 15:44:51,261] Trial 8 finished with value: 0.09304696838669291 and parameters: {'confidence_threshold': 0.719644804808716, 'training_days': 450, 'n_estimators': 410, 'max_depth': 4, 'num_leaves': 57, 'learning_rate': 0.04022026551478857, 'subsample': 0.5336085426932707, 'colsample_bytree': 0.5705742850577543, 'min_child_samples': 100, 'reg_alpha': 5.916398047912201e-07, 'reg_lambda': 0.9794034214488329}. Best is trial 8 with value: 0.09304696838669291.
[I 2026-06-01 15:44:51,280] Trial 9 finished with value: -2.069780286462465 and parameters: {'confidence_threshold': 0.7267463643917187, 'training_days': 20, 'n_estimators': 337, 'max_depth': 5, 'num_leaves': 23, 'learning_rate': 0.022153031811454605, 'subsample': 0.6305627572358737, 'colsample_bytree': 0.6613413774216214, 'min_child_samples': 81, 'reg_alpha': 5.7638634029410314e-08, 'reg_lambda': 8.26603016764008}. Best is trial 8 with value: 0.09304696838669291.
[I 2026-06-01 15:44:51,592] Trial 10 finished with value: 0.09016596772277963 and parameters: {'confidence_threshold': 0.8283920119574972, 'training_days': 400, 'n_estimators': 485, 'max_depth': 4, 'num_leaves': 63, 'learning_rate': 0.011927505552849117, 'subsample': 0.7130289643560688, 'colsample_bytree': 0.9944479338273263, 'min_child_samples': 100, 'reg_alpha': 5.0239970328459277e-05, 'reg_lambda': 0.0028438774509831773}. Best is trial 8 with value: 0.09304696838669291.
[I 2026-06-01 15:44:51,906] Trial 11 finished with value: 0.14626356286463277 and parameters: {'confidence_threshold': 0.8431920368994753, 'training_days': 400, 'n_estimators': 478, 'max_depth': 4, 'num_leaves': 61, 'learning_rate': 0.010033528037260202, 'subsample': 0.6988002958677881, 'colsample_bytree': 0.9628722124262472, 'min_child_samples': 100, 'reg_alpha': 5.263694533895985e-05, 'reg_lambda': 0.0038935771291352755}. Best is trial 11 with value: 0.14626356286463277.
[I 2026-06-01 15:44:52,272] Trial 12 finished with value: 0.06546333050248657 and parameters: {'confidence_threshold': 0.8415240505417384, 'training_days': 500, 'n_estimators': 490, 'max_depth': 4, 'num_leaves': 63, 'learning_rate': 0.010258360471798723, 'subsample': 0.7050037113135591, 'colsample_bytree': 0.9826583982594713, 'min_child_samples': 85, 'reg_alpha': 3.0366481742941654e-05, 'reg_lambda': 0.005702938554277525}. Best is trial 11 with value: 0.14626356286463277.
[I 2026-06-01 15:44:52,589] Trial 13 finished with value: 0.06786519465800511 and parameters: {'confidence_threshold': 0.7824179800619052, 'training_days': 380, 'n_estimators': 458, 'max_depth': 4, 'num_leaves': 55, 'learning_rate': 0.022062402552907073, 'subsample': 0.6588314996026514, 'colsample_bytree': 0.8876329834724547, 'min_child_samples': 90, 'reg_alpha': 0.001719537396182881, 'reg_lambda': 4.18184392988649e-06}. Best is trial 11 with value: 0.14626356286463277.
[I 2026-06-01 15:44:52,816] Trial 14 finished with value: 0.05296328382281494 and parameters: {'confidence_threshold': 0.7697931759689438, 'training_days': 350, 'n_estimators': 302, 'max_depth': 4, 'num_leaves': 55, 'learning_rate': 0.016905020094481013, 'subsample': 0.7851487748866213, 'colsample_bytree': 0.658600878541351, 'min_child_samples': 70, 'reg_alpha': 8.953608588738804e-06, 'reg_lambda': 0.0036916488008840826}. Best is trial 11 with value: 0.14626356286463277.
[I 2026-06-01 15:44:53,109] Trial 15 finished with value: 0.09522829474898731 and parameters: {'confidence_threshold': 0.7821778008060185, 'training_days': 450, 'n_estimators': 432, 'max_depth': 4, 'num_leaves': 54, 'learning_rate': 0.10256933974312404, 'subsample': 0.5095075980971637, 'colsample_bytree': 0.7934127066280297, 'min_child_samples': 100, 'reg_alpha': 4.191344825402495e-06, 'reg_lambda': 0.04572219278888678}. Best is trial 11 with value: 0.14626356286463277.
[I 2026-06-01 15:44:53,280] Trial 16 finished with value: 0.03612883419179981 and parameters: {'confidence_threshold': 0.7809712285122007, 'training_days': 230, 'n_estimators': 229, 'max_depth': 4, 'num_leaves': 51, 'learning_rate': 0.11838256568334131, 'subsample': 0.7543865421398536, 'colsample_bytree': 0.8077438539216025, 'min_child_samples': 55, 'reg_alpha': 0.0008661353553799308, 'reg_lambda': 0.00047384549933015164}. Best is trial 11 with value: 0.14626356286463277.
[I 2026-06-01 15:44:53,523] Trial 17 finished with value: 0.04547266017588909 and parameters: {'confidence_threshold': 0.8145709799693476, 'training_days': 340, 'n_estimators': 443, 'max_depth': 3, 'num_leaves': 18, 'learning_rate': 0.09741620648850062, 'subsample': 0.5744928429638737, 'colsample_bytree': 0.930774581572162, 'min_child_samples': 90, 'reg_alpha': 3.6499761785409144e-06, 'reg_lambda': 0.02932864320346416}. Best is trial 11 with value: 0.14626356286463277.
[I 2026-06-01 15:44:54,038] A new study created in memory with name: no-name-d392eefc-3329-4483-8c86-dd5ca0deb080
[I 2026-06-01 15:44:54,354] Trial 0 finished with value: 0.030201288197453945 and parameters: {'confidence_threshold': 0.6310890415965769, 'training_days': 480, 'n_estimators': 380, 'max_depth': 4, 'num_leaves': 22, 'learning_rate': 0.01699897838270077, 'subsample': 0.5290418060840998, 'colsample_bytree': 0.9330880728874675, 'min_child_samples': 68, 'reg_alpha': 0.023585940584142682, 'reg_lambda': 1.5320059381854043e-08}. Best is trial 0 with value: 0.030201288197453945.
