[I 2026-06-01 15:48:58,461] Trial 14 finished with value: 0.035674094385498414 and parameters: {'confidence_threshold': 0.7734487553908478, 'training_days': 210, 'n_estimators': 500, 'max_depth': 4, 'num_leaves': 15, 'learning_rate': 0.28351918894922595, 'subsample': 0.6555291791776612, 'colsample_bytree': 0.9960696751950112, 'min_child_samples': 51, 'reg_alpha': 0.005048634459850659, 'reg_lambda': 5.1345282937911e-06}. Best is trial 13 with value: 0.09961129882177486.
[I 2026-06-01 15:48:58,628] Trial 15 finished with value: 0.03742689417384975 and parameters: {'confidence_threshold': 0.5071335378771338, 'training_days': 180, 'n_estimators': 193, 'max_depth': 4, 'num_leaves': 23, 'learning_rate': 0.010021720453838681, 'subsample': 0.7637458705013973, 'colsample_bytree': 0.9160264340943409, 'min_child_samples': 31, 'reg_alpha': 0.002133995302102607, 'reg_lambda': 0.0013467843257158065}. Best is trial 13 with value: 0.09961129882177486.
[I 2026-06-01 15:48:58,823] Trial 16 finished with value: -0.019966124926717954 and parameters: {'confidence_threshold': 0.7809712285122007, 'training_days': 380, 'n_estimators': 181, 'max_depth': 4, 'num_leaves': 30, 'learning_rate': 0.10368998823424823, 'subsample': 0.7822598972898607, 'colsample_bytree': 0.9366139614900343, 'min_child_samples': 45, 'reg_alpha': 1.8890011281525414e-05, 'reg_lambda': 0.00045023507663904857}. Best is trial 13 with value: 0.09961129882177486.
[I 2026-06-01 15:48:58,993] Trial 17 finished with value: 0.03512336841127778 and parameters: {'confidence_threshold': 0.5003443083285909, 'training_days': 260, 'n_estimators': 246, 'max_depth': 3, 'num_leaves': 19, 'learning_rate': 0.2188120709919232, 'subsample': 0.6718064291677197, 'colsample_bytree': 0.8307686948937985, 'min_child_samples': 61, 'reg_alpha': 0.000537586349189418, 'reg_lambda': 0.01983094108362545}. Best is trial 13 with value: 0.09961129882177486.

    [trial 6] 48 features, training_days=130 | threshold=0.767 | labels: 1130 long, 1041 short (52/48%)
    [trial 6] Sharpe=0.0534 (folds: -0.1210, 0.1846, 0.2390, 0.0845, -0.1199)
    [trial 7] 48 features, training_days=80 | threshold=0.556 | labels: 1130 long, 1041 short (52/48%)
    [trial 7] Sharpe=0.1008 (folds: -0.0996, 0.1740, 0.2131, 0.1238, 0.0929)
    [trial 8] 48 features, training_days=200 | threshold=0.607 | labels: 1130 long, 1041 short (52/48%)
    [trial 8] Sharpe=0.0659 (folds: -0.0987, 0.2612, 0.1093, 0.0426, 0.0150)
    [trial 9] 48 features, training_days=260 | threshold=0.620 | labels: 1130 long, 1041 short (52/48%)
    [trial 9] Sharpe=0.0650 (folds: -0.1271, 0.1505, 0.1962, 0.1284, -0.0228)
    [trial 10] 48 features, training_days=10 | threshold=0.525 | labels: 1130 long, 1041 short (52/48%)
    [trial 10] Sharpe=-0.0327 (folds: -0.0295, 0.0790, -0.2181, -0.1542, 0.1591)
    [trial 11] 48 features, training_days=450 | threshold=0.508 | labels: 1130 long, 1041 short (52/48%)
    [trial 11] Sharpe=0.0197 (folds: -0.0651, 0.1309, 0.0189, 0.0124, 0.0014)
    [trial 12] 48 features, training_days=20 | threshold=0.678 | labels: 1130 long, 1041 short (52/48%)
    [trial 12] Sharpe=-4.0809 (folds: 0.0018, -10.0000, -0.2181, -10.0000, -0.1883)
    [trial 13] 48 features, training_days=340 | threshold=0.659 | labels: 1130 long, 1041 short (52/48%)
    [trial 13] Sharpe=-0.0102 (folds: -0.0950, 0.1002, 0.0807, -0.0119, -0.1247)
    [trial 14] 48 features, training_days=70 | threshold=0.561 | labels: 1130 long, 1041 short (52/48%)
    [trial 14] Sharpe=0.0378 (folds: 0.0289, 0.0635, -0.0826, 0.0989, 0.0800)
    [trial 15] 48 features, training_days=380 | threshold=0.682 | labels: 1130 long, 1041 short (52/48%)
    [trial 15] Sharpe=-0.0576 (folds: -0.1952, 0.1370, -0.0231, -0.0192, -0.1877)
    [trial 16] 48 features, training_days=500 | threshold=0.576 | labels: 1130 long, 1041 short (52/48%)
    [trial 16] Sharpe=0.0267 (folds: -0.1196, 0.2067, 0.0043, 0.0597, -0.0176)
    [trial 17] 48 features, training_days=70 | threshold=0.707 | labels: 1130 long, 1041 short (52/48%)
    [trial 17] Sharpe=0.0211 (folds: -0.0631, 0.2213, -0.0420, 0.0101, -0.0205)
  Optuna: 18 trials, best Sharpe = 0.1008
  Best params: n_estimators=363, max_depth=3, lr=0.0659, leaves=48
  Best confidence_threshold: 0.556
  Best training_days: 80
  Retrained on full data (240 samples, 48 features)
  [ensemble 3/3] seed=456
    [trial 0] 48 features, training_days=90 | threshold=0.587 | labels: 1130 long, 1041 short (52/48%)
    [CV fold 0] train_end=2023-01-23 08:00 | val_start=2023-01-31 00:00 | gap=184h (22 rows)
    [CV fold 1] train_end=2023-05-23 16:00 | val_start=2023-05-31 08:00 | gap=184h (22 rows)
    [CV fold 2] train_end=2023-09-21 00:00 | val_start=2023-09-28 16:00 | gap=184h (22 rows)
    [CV fold 3] train_end=2024-01-19 08:00 | val_start=2024-01-27 00:00 | gap=184h (22 rows)
    [CV fold 4] train_end=2024-05-18 16:00 | val_start=2024-05-26 08:00 | gap=184h (22 rows)
    [trial 0] Sharpe=0.0243 (folds: -0.0890, 0.1078, -0.0312, 0.0841, 0.0500)
    [trial 1] 48 features, training_days=290 | threshold=0.635 | labels: 1130 long, 1041 short (52/48%)
    [trial 1] Sharpe=0.0472 (folds: -0.1961, 0.1551, 0.2820, 0.0943, -0.0994)
    [trial 2] 48 features, training_days=10 | threshold=0.585 | labels: 1130 long, 1041 short (52/48%)
    [trial 2] Sharpe=-0.0327 (folds: -0.0295, 0.0790, -0.2181, -0.1542, 0.1591)
    [trial 3] 48 features, training_days=220 | threshold=0.687 | labels: 1130 long, 1041 short (52/48%)
    [trial 3] Sharpe=0.0437 (folds: -0.1996, 0.0558, 0.3139, 0.0931, -0.0448)
    [trial 4] 48 features, training_days=300 | threshold=0.562 | labels: 1130 long, 1041 short (52/48%)
    [trial 4] Sharpe=0.0748 (folds: -0.0731, 0.1593, 0.2330, 0.0778, -0.0230)
    [trial 5] 48 features, training_days=490 | threshold=0.711 | labels: 1130 long, 1041 short (52/48%)
    [trial 5] Sharpe=-0.0058 (folds: -0.1685, 0.1426, 0.0065, 0.0214, -0.0310)
    [trial 6] 48 features, training_days=420 | threshold=0.667 | labels: 1130 long, 1041 short (52/48%)
    [trial 6] Sharpe=-0.0002 (folds: -0.2125, 0.1753, 0.0764, 0.0287, -0.0692)
    [trial 7] 48 features, training_days=120 | threshold=0.550 | labels: 1130 long, 1041 short (52/48%)
    [trial 7] Sharpe=0.0090 (folds: -0.0872, -0.0112, 0.1204, 0.1378, -0.1146)
    [trial 8] 48 features, training_days=450 | threshold=0.720 | labels: 1130 long, 1041 short (52/48%)
    [trial 8] Sharpe=-0.0001 (folds: -0.1771, 0.1501, 0.1082, 0.0362, -0.1178)
    [trial 9] 48 features, training_days=20 | threshold=0.727 | labels: 1130 long, 1041 short (52/48%)
    [trial 9] Sharpe=-4.0809 (folds: 0.0018, -10.0000, -0.2181, -10.0000, -0.1883)
    [trial 10] 48 features, training_days=320 | threshold=0.840 | labels: 1130 long, 1041 short (52/48%)
    [trial 10] Sharpe=0.0899 (folds: -0.0521, 0.2688, 0.3605, 0.0052, -0.1330)
    [trial 11] 48 features, training_days=330 | threshold=0.849 | labels: 1130 long, 1041 short (52/48%)
    [trial 11] Sharpe=-0.0082 (folds: -0.0843, 0.1516, -0.0687, -0.0003, -0.0393)
    [trial 12] 48 features, training_days=360 | threshold=0.839 | labels: 1130 long, 1041 short (52/48%)
    [trial 12] Sharpe=-0.1035 (folds: -0.1099, 0.2164, -0.3841, 0.0021, -0.2419)
    [trial 13] 48 features, training_days=220 | threshold=0.504 | labels: 1130 long, 1041 short (52/48%)
    [trial 13] Sharpe=0.0996 (folds: -0.0538, 0.2694, 0.1834, 0.0677, 0.0313)
    [trial 14] 48 features, training_days=210 | threshold=0.773 | labels: 1130 long, 1041 short (52/48%)
    [trial 14] Sharpe=0.0357 (folds: -0.0951, 0.0771, 0.1437, 0.0495, 0.0032)
    [trial 15] 48 features, training_days=180 | threshold=0.507 | labels: 1130 long, 1041 short (52/48%)
    [trial 15] Sharpe=0.0374 (folds: -0.1577, 0.0903, 0.1442, 0.0982, 0.0123)
    [trial 16] 48 features, training_days=380 | threshold=0.781 | labels: 1130 long, 1041 short (52/48%)
    [trial 16] Sharpe=-0.0200 (folds: -0.1345, 0.1595, -0.0093, 0.0154, -0.1310)
    [trial 17] 48 features, training_days=260 | threshold=0.500 | labels: 1130 long, 1041 short (52/48%)
    [trial 17] Sharpe=0.0351 (folds: -0.1093, 0.0611, 0.1804, 0.0650, -0.0216)
  Optuna: 18 trials, best Sharpe = 0.0996
  Best params: n_estimators=178, max_depth=4, lr=0.2949, leaves=28
  Best confidence_threshold: 0.504
  Best training_days: 220
  Retrained on full data (660 samples, 48 features)
  OOD: 16 features, cutoff (q=0.7) = 14.27
  Model trained for 2024-10: 93 test candles with features, confidence_threshold=0.627
[trade:close] 2024-10-01 23:59 ETHUSDT SHORT → take_profit @ 2424.46 | PnL=+8.58% (net +8.48%) | cum=+2.77% 2024-10=+8.48% 2024-10-01=+8.48%
[predict] 2024-10-04 08:00 ETHUSDT → SHORT (proba=0.72 TP=9.5%/SL=4.7%)
[trade:open] 2024-10-04 15:59 ETHUSDT SHORT @ 2415.99 | SL=2530.32 TP=2187.33 | timeout=2024-10-11 15:59
[trade:close] 2024-10-11 16:00 ETHUSDT SHORT → timeout @ 2442.36 | PnL=-1.09% (net -1.19%) | cum=+1.58% 2024-10=+7.29% 2024-10-11=-1.19%
[predict] 2024-10-12 08:00 ETHUSDT → LONG (proba=0.64 TP=7.2%/SL=3.6%)
[trade:open] 2024-10-12 15:59 ETHUSDT LONG @ 2471.74 | SL=2382.58 TP=2650.05 | timeout=2024-10-19 15:59
[trade:close] 2024-10-14 23:59 ETHUSDT LONG → take_profit @ 2650.05 | PnL=+7.21% (net +7.11%) | cum=+8.69% 2024-10=+14.40% 2024-10-14=+7.11%
[predict] 2024-10-16 00:00 ETHUSDT → SHORT (proba=0.73 TP=8.3%/SL=4.1%)
[trade:open] 2024-10-16 07:59 ETHUSDT SHORT @ 2606.02 | SL=2714.02 TP=2390.01 | timeout=2024-10-23 07:59
[trade:close] 2024-10-20 15:59 ETHUSDT SHORT → stop_loss @ 2714.02 | PnL=-4.14% (net -4.24%) | cum=+4.45% 2024-10=+10.16% 2024-10-20=-4.24%
[predict] 2024-10-21 16:00 ETHUSDT → SHORT (proba=0.82 TP=6.5%/SL=3.3%)
[trade:open] 2024-10-21 23:59 ETHUSDT SHORT @ 2666.63 | SL=2753.88 TP=2492.14 | timeout=2024-10-28 23:59
[trade:close] 2024-10-23 23:59 ETHUSDT SHORT → take_profit @ 2492.14 | PnL=+6.54% (net +6.44%) | cum=+10.89% 2024-10=+16.60% 2024-10-23=+6.44%
[predict] 2024-10-25 00:00 ETHUSDT → SHORT (proba=0.67 TP=7.8%/SL=3.9%)
[trade:open] 2024-10-25 07:59 ETHUSDT SHORT @ 2483.30 | SL=2580.75 TP=2288.41 | timeout=2024-11-01 07:59
[trade:close] 2024-10-28 23:59 ETHUSDT SHORT → stop_loss @ 2580.75 | PnL=-3.92% (net -4.02%) | cum=+6.87% 2024-10=+12.58% 2024-10-28=-4.02%[I 2026-06-01 15:48:59,635] A new study created in memory with name: no-name-55a3c8cb-3137-4631-9e4e-97b2cc94e4d4
[I 2026-06-01 15:48:59,962] Trial 0 finished with value: 0.013113731688260697 and parameters: {'confidence_threshold': 0.6310890415965769, 'training_days': 480, 'n_estimators': 380, 'max_depth': 4, 'num_leaves': 22, 'learning_rate': 0.01699897838270077, 'subsample': 0.5290418060840998, 'colsample_bytree': 0.9330880728874675, 'min_child_samples': 68, 'reg_alpha': 0.023585940584142682, 'reg_lambda': 1.5320059381854043e-08}. Best is trial 0 with value: 0.013113731688260697.
[I 2026-06-01 15:49:00,098] Trial 1 finished with value: -1.8336013826344246 and parameters: {'confidence_threshold': 0.839468448256698, 'training_days': 420, 'n_estimators': 145, 'max_depth': 3, 'num_leaves': 23, 'learning_rate': 0.028145092716060652, 'subsample': 0.762378215816119, 'colsample_bytree': 0.7159725093210578, 'min_child_samples': 43, 'reg_alpha': 0.0032112643094417484, 'reg_lambda': 1.8007140198129195e-07}. Best is trial 0 with value: 0.013113731688260697.
[I 2026-06-01 15:49:00,261] Trial 2 finished with value: 0.03883090965904752 and parameters: {'confidence_threshold': 0.6022506269873263, 'training_days': 190, 'n_estimators': 255, 'max_depth': 5, 'num_leaves': 24, 'learning_rate': 0.05748924681991978, 'subsample': 0.7962072844310213, 'colsample_bytree': 0.5232252063599989, 'min_child_samples': 69, 'reg_alpha': 3.425445902633376e-07, 'reg_lambda': 3.850031979199519e-08}. Best is trial 2 with value: 0.03883090965904752.
[I 2026-06-01 15:49:00,568] Trial 3 finished with value: -0.006271568708461295 and parameters: {'confidence_threshold': 0.8321099380386666, 'training_days': 490, 'n_estimators': 414, 'max_depth': 3, 'num_leaves': 19, 'learning_rate': 0.1024932221692416, 'subsample': 0.7200762468698007, 'colsample_bytree': 0.5610191174223894, 'min_child_samples': 60, 'reg_alpha': 2.039373116525212e-08, 'reg_lambda': 1.527156759251193}. Best is trial 2 with value: 0.03883090965904752.
[I 2026-06-01 15:49:00,728] Trial 4 finished with value: -0.007286803866080277 and parameters: {'confidence_threshold': 0.5905729935600059, 'training_days': 340, 'n_estimators': 190, 'max_depth': 4, 'num_leaves': 41, 'learning_rate': 0.01875220945578641, 'subsample': 0.9847923138822793, 'colsample_bytree': 0.8875664116805573, 'min_child_samples': 96, 'reg_alpha': 1.1309571585271483, 'reg_lambda': 0.002404915432737351}. Best is trial 2 with value: 0.03883090965904752.
[I 2026-06-01 15:49:00,768] Trial 5 finished with value: -0.02663396612752513 and parameters: {'confidence_threshold': 0.8226559822580909, 'training_days': 50, 'n_estimators': 138, 'max_depth': 3, 'num_leaves': 30, 'learning_rate': 0.03750796359625606, 'subsample': 0.6356745158869479, 'colsample_bytree': 0.9143687545759647, 'min_child_samples': 48, 'reg_alpha': 3.376063348877853e-06, 'reg_lambda': 0.0007660634613082914}. Best is trial 2 with value: 0.03883090965904752.
[I 2026-06-01 15:49:00,883] Trial 6 finished with value: -0.0002744136713255796 and parameters: {'confidence_threshold': 0.5493234787411669, 'training_days': 410, 'n_estimators': 83, 'max_depth': 5, 'num_leaves': 52, 'learning_rate': 0.019657448966046126, 'subsample': 0.5027610585618012, 'colsample_bytree': 0.9077307142274171, 'min_child_samples': 77, 'reg_alpha': 0.03639690979811287, 'reg_lambda': 0.08738424135626986}. Best is trial 2 with value: 0.03883090965904752.
[I 2026-06-01 15:49:00,980] Trial 7 finished with value: 0.02438296765303417 and parameters: {'confidence_threshold': 0.5259156281069316, 'training_days': 180, 'n_estimators': 102, 'max_depth': 5, 'num_leaves': 45, 'learning_rate': 0.030816017044468066, 'subsample': 0.5317791751430119, 'colsample_bytree': 0.6554911608578311, 'min_child_samples': 46, 'reg_alpha': 0.036851536911881845, 'reg_lambda': 0.005470376807480391}. Best is trial 2 with value: 0.03883090965904752.
[I 2026-06-01 15:49:01,092] Trial 8 finished with value: 0.061558277609470344 and parameters: {'confidence_threshold': 0.8105244599017143, 'training_days': 240, 'n_estimators': 103, 'max_depth': 5, 'num_leaves': 52, 'learning_rate': 0.06746437142284309, 'subsample': 0.8854835899772805, 'colsample_bytree': 0.7468977981821954, 'min_child_samples': 62, 'reg_alpha': 7.04480806377519e-05, 'reg_lambda': 1.6934490731313353e-08}. Best is trial 8 with value: 0.061558277609470344.
[I 2026-06-01 15:49:01,115] Trial 9 finished with value: 0.12272783767825221 and parameters: {'confidence_threshold': 0.5377619994476566, 'training_days': 20, 'n_estimators': 337, 'max_depth': 3, 'num_leaves': 39, 'learning_rate': 0.21907142272152816, 'subsample': 0.6246461145744375, 'colsample_bytree': 0.7051914615178149, 'min_child_samples': 81, 'reg_alpha': 1.1459970229341322e-06, 'reg_lambda': 4.929685216887945e-08}. Best is trial 9 with value: 0.12272783767825221.
[I 2026-06-01 15:49:01,145] Trial 10 finished with value: -4.048967910908874 and parameters: {'confidence_threshold': 0.7449289185605341, 'training_days': 10, 'n_estimators': 487, 'max_depth': 3, 'num_leaves': 61, 'learning_rate': 0.21914469472126635, 'subsample': 0.628963476300746, 'colsample_bytree': 0.8189858776055304, 'min_child_samples': 27, 'reg_alpha': 2.8948477959263623e-05, 'reg_lambda': 3.3639426888455256e-06}. Best is trial 9 with value: 0.12272783767825221.
[I 2026-06-01 15:49:01,253] Trial 11 finished with value: -0.12552318246770872 and parameters: {'confidence_threshold': 0.7155079644808182, 'training_days': 120, 'n_estimators': 291, 'max_depth': 4, 'num_leaves': 52, 'learning_rate': 0.29178061349464834, 'subsample': 0.8838129988503957, 'colsample_bytree': 0.7386442064065405, 'min_child_samples': 87, 'reg_alpha': 0.00014596638878185199, 'reg_lambda': 7.868729181011707e-06}. Best is trial 9 with value: 0.12272783767825221.
[I 2026-06-01 15:49:01,462] Trial 12 finished with value: 0.030341182057587242 and parameters: {'confidence_threshold': 0.670183053652907, 'training_days': 270, 'n_estimators': 293, 'max_depth': 4, 'num_leaves': 33, 'learning_rate': 0.11263608439461861, 'subsample': 0.8695609296502367, 'colsample_bytree': 0.6562433298545489, 'min_child_samples': 84, 'reg_alpha': 1.4990425409270967e-06, 'reg_lambda': 2.9547164746905564e-06}. Best is trial 9 with value: 0.12272783767825221.
[I 2026-06-01 15:49:01,568] Trial 13 finished with value: -0.060223313307087065 and parameters: {'confidence_threshold': 0.7584432378717043, 'training_days': 110, 'n_estimators': 364, 'max_depth': 5, 'num_leaves': 47, 'learning_rate': 0.12880956283193543, 'subsample': 0.9980084946806067, 'colsample_bytree': 0.8155421717694826, 'min_child_samples': 95, 'reg_alpha': 4.477777874073389e-08, 'reg_lambda': 4.926649793425267e-07}. Best is trial 9 with value: 0.12272783767825221.
[I 2026-06-01 15:49:01,757] Trial 14 finished with value: 0.04767551057845484 and parameters: {'confidence_threshold': 0.673370564509445, 'training_days': 280, 'n_estimators': 216, 'max_depth': 4, 'num_leaves': 60, 'learning_rate': 0.07737017640096681, 'subsample': 0.6602381051770723, 'colsample_bytree': 0.6431030563670873, 'min_child_samples': 57, 'reg_alpha': 2.700656791405036e-05, 'reg_lambda': 9.076634541629289e-05}. Best is trial 9 with value: 0.12272783767825221.
[I 2026-06-01 15:49:01,922] Trial 15 finished with value: 0.0031624620469373277 and parameters: {'confidence_threshold': 0.5073197482691914, 'training_days': 160, 'n_estimators': 332, 'max_depth': 5, 'num_leaves': 35, 'learning_rate': 0.01077440323140719, 'subsample': 0.8634823758940223, 'colsample_bytree': 0.8047784926447492, 'min_child_samples': 76, 'reg_alpha': 0.0016218299248743587, 'reg_lambda': 1.6340250254137068e-08}. Best is trial 9 with value: 0.12272783767825221.
[I 2026-06-01 15:49:02,219] Trial 16 finished with value: 0.057909617502393776 and parameters: {'confidence_threshold': 0.7830174282532703, 'training_days': 330, 'n_estimators': 453, 'max_depth': 3, 'num_leaves': 51, 'learning_rate': 0.17767272837401876, 'subsample': 0.9371158895275773, 'colsample_bytree': 0.5982136056513266, 'min_child_samples': 34, 'reg_alpha': 3.959395597093813e-07, 'reg_lambda': 9.398630963787426e-05}. Best is trial 9 with value: 0.12272783767825221.
