[I 2026-06-01 15:50:56,048] Trial 8 finished with value: -0.005366640195405573 and parameters: {'confidence_threshold': 0.6066688256938841, 'training_days': 200, 'n_estimators': 367, 'max_depth': 5, 'num_leaves': 32, 'learning_rate': 0.13377519215934996, 'subsample': 0.7965884582811106, 'colsample_bytree': 0.8458508993500886, 'min_child_samples': 32, 'reg_alpha': 3.889436043816386e-05, 'reg_lambda': 1.4713062489380356e-06}. Best is trial 0 with value: 0.0077722676740880434.
[I 2026-06-01 15:50:56,268] Trial 9 finished with value: 0.016135990086754603 and parameters: {'confidence_threshold': 0.6202096049169137, 'training_days': 260, 'n_estimators': 350, 'max_depth': 3, 'num_leaves': 21, 'learning_rate': 0.02989540198065364, 'subsample': 0.8307821683331218, 'colsample_bytree': 0.923253112635361, 'min_child_samples': 64, 'reg_alpha': 0.4898604619604203, 'reg_lambda': 2.9076377687066166e-05}. Best is trial 9 with value: 0.016135990086754603.
[I 2026-06-01 15:50:56,613] Trial 10 finished with value: 0.02795579025877648 and parameters: {'confidence_threshold': 0.5342665212695602, 'training_days': 470, 'n_estimators': 493, 'max_depth': 3, 'num_leaves': 17, 'learning_rate': 0.010221918552934462, 'subsample': 0.9317514110288623, 'colsample_bytree': 0.6202684210924141, 'min_child_samples': 47, 'reg_alpha': 2.371385268938747e-08, 'reg_lambda': 0.010291221835057122}. Best is trial 10 with value: 0.02795579025877648.
[I 2026-06-01 15:50:56,945] Trial 11 finished with value: 0.03960480537874981 and parameters: {'confidence_threshold': 0.5053494267891926, 'training_days': 500, 'n_estimators': 493, 'max_depth': 3, 'num_leaves': 18, 'learning_rate': 0.010535067237031154, 'subsample': 0.933879905812802, 'colsample_bytree': 0.6012148974081734, 'min_child_samples': 47, 'reg_alpha': 1.0529589035799712e-08, 'reg_lambda': 0.013871773681252968}. Best is trial 11 with value: 0.03960480537874981.
[I 2026-06-01 15:50:57,299] Trial 12 finished with value: 0.03360285775333131 and parameters: {'confidence_threshold': 0.509006788238242, 'training_days': 500, 'n_estimators': 499, 'max_depth': 3, 'num_leaves': 15, 'learning_rate': 0.010201143194486034, 'subsample': 0.942243366815543, 'colsample_bytree': 0.5773925919454104, 'min_child_samples': 45, 'reg_alpha': 1.3450797333889757e-08, 'reg_lambda': 0.028834016697180997}. Best is trial 11 with value: 0.03960480537874981.

  [label] 2025-01-31 00:00 ETHUSDT entry=3239.9900 → SHORT | long=sl(-5.58%) short=sl(-5.58%) | scanned=7 | no_tp→fwd_return=-4.9540
  [label] 2025-02-12 16:00 ETHUSDT entry=2737.1400 → SHORT | long=timeout(-0.94%) short=timeout(+0.74%) | scanned=22 | no_tp→fwd_return=-0.8432
  [label] 2025-03-03 00:00 ETHUSDT entry=2385.8500 → SHORT | long=sl(-9.55%) short=timeout(+12.96%) | scanned=22 | no_tp→fwd_return=-13.0624
  [label] 2025-03-09 08:00 ETHUSDT entry=2095.8600 → SHORT | long=sl(-8.45%) short=timeout(+9.52%) | scanned=22 | no_tp→fwd_return=-9.6209
  [label] 2025-03-21 16:00 ETHUSDT entry=1964.8100 → SHORT | long=sl(-4.97%) short=sl(-4.97%) | scanned=20 | no_tp→fwd_return=-4.7516
  [label] 2025-04-30 08:00 ETHUSDT entry=1763.7200 → LONG | long=timeout(+2.91%) short=sl(-5.29%) | scanned=22 | no_tp→fwd_return=+3.0056
  [label] 2025-05-10 00:00 ETHUSDT entry=2399.1700 → LONG | long=tp(+13.75%) short=sl(-7.02%) | scanned=11 | long_tp_only
  [label] 2025-08-04 08:00 ETHUSDT entry=3646.5900 → LONG | long=tp(+9.73%) short=sl(-5.01%) | scanned=12 | long_tp_only
  Labels: 1186 long (54.6%), 985 short (45.4%) | weights: min=1.00, mean=3.71, max=10.00
  Features: 2171/2171 matched, 48 columns
  CV gap: 22 rows
  [ensemble 1/3] seed=42
    [trial 0] 48 features, training_days=480 | threshold=0.631 | labels: 1186 long, 985 short (55/45%)
    [CV fold 0] train_end=2023-12-24 08:00 | val_start=2024-01-01 00:00 | gap=184h (22 rows)
    [CV fold 1] train_end=2024-04-22 16:00 | val_start=2024-04-30 08:00 | gap=184h (22 rows)
    [CV fold 2] train_end=2024-08-21 00:00 | val_start=2024-08-28 16:00 | gap=184h (22 rows)
    [CV fold 3] train_end=2024-12-19 08:00 | val_start=2024-12-27 00:00 | gap=184h (22 rows)
    [CV fold 4] train_end=2025-04-18 16:00 | val_start=2025-04-26 08:00 | gap=184h (22 rows)
    [trial 0] Sharpe=0.0253 (folds: 0.1366, 0.0824, 0.0179, -0.0690, -0.0413)
    [trial 1] 48 features, training_days=420 | threshold=0.839 | labels: 1186 long, 985 short (55/45%)
    [trial 1] Sharpe=-4.1865 (folds: -0.0026, 0.0072, -10.0000, -10.0000, -0.9372)
    [trial 2] 48 features, training_days=190 | threshold=0.602 | labels: 1186 long, 985 short (55/45%)
    [trial 2] Sharpe=-0.0232 (folds: 0.1572, 0.0769, -0.0449, -0.2554, -0.0496)
    [trial 3] 48 features, training_days=490 | threshold=0.832 | labels: 1186 long, 985 short (55/45%)
    [trial 3] Sharpe=-0.0307 (folds: 0.1112, 0.0571, -0.0101, -0.1822, -0.1297)
    [trial 4] 48 features, training_days=340 | threshold=0.591 | labels: 1186 long, 985 short (55/45%)
    [trial 4] Sharpe=-0.0071 (folds: -0.0334, 0.1303, 0.1077, -0.1902, -0.0498)
    [trial 5] 48 features, training_days=50 | threshold=0.823 | labels: 1186 long, 985 short (55/45%)
    [trial 5] Sharpe=-0.1318 (folds: -0.1108, 0.3483, -0.2026, -0.2691, -0.4247)
    [trial 6] 48 features, training_days=410 | threshold=0.549 | labels: 1186 long, 985 short (55/45%)
    [trial 6] Sharpe=-0.0185 (folds: -0.0086, 0.0958, 0.0735, -0.1719, -0.0813)
    [trial 7] 48 features, training_days=180 | threshold=0.526 | labels: 1186 long, 985 short (55/45%)
    [trial 7] Sharpe=-0.0525 (folds: 0.1381, 0.0696, -0.0849, -0.2976, -0.0874)
    [trial 8] 48 features, training_days=240 | threshold=0.811 | labels: 1186 long, 985 short (55/45%)
    [trial 8] Sharpe=-0.0223 (folds: 0.0568, 0.1040, 0.1482, -0.3144, -0.1060)
    [trial 9] 48 features, training_days=20 | threshold=0.538 | labels: 1186 long, 985 short (55/45%)
    [trial 9] Sharpe=-1.8635 (folds: 0.2406, -10.0000, 0.1405, 0.0806, 0.2206)
    [trial 10] 48 features, training_days=350 | threshold=0.694 | labels: 1186 long, 985 short (55/45%)
    [trial 10] Sharpe=-0.0092 (folds: 0.0919, 0.1047, 0.0558, -0.1890, -0.1096)
    [trial 11] 48 features, training_days=320 | threshold=0.654 | labels: 1186 long, 985 short (55/45%)
    [trial 11] Sharpe=0.0057 (folds: 0.1805, 0.1812, 0.0213, -0.1789, -0.1758)
    [trial 12] 48 features, training_days=470 | threshold=0.680 | labels: 1186 long, 985 short (55/45%)
    [trial 12] Sharpe=0.0054 (folds: 0.1421, 0.1294, 0.0249, -0.1432, -0.1261)
    [trial 13] 48 features, training_days=320 | threshold=0.732 | labels: 1186 long, 985 short (55/45%)
    [trial 13] Sharpe=0.0078 (folds: 0.2468, 0.0868, -0.0219, -0.1871, -0.0856)
    [trial 14] 48 features, training_days=130 | threshold=0.747 | labels: 1186 long, 985 short (55/45%)
    [trial 14] Sharpe=-0.0477 (folds: 0.0911, 0.0846, 0.1464, -0.2816, -0.2792)
    [trial 15] 48 features, training_days=300 | threshold=0.739 | labels: 1186 long, 985 short (55/45%)
    [trial 15] Sharpe=-0.0137 (folds: 0.0801, 0.0836, 0.0573, -0.2002, -0.0891)
    [trial 16] 48 features, training_days=410 | threshold=0.758 | labels: 1186 long, 985 short (55/45%)
    [trial 16] Sharpe=-0.0205 (folds: 0.2204, 0.0460, 0.0285, -0.0974, -0.3002)
    [trial 17] 48 features, training_days=270 | threshold=0.627 | labels: 1186 long, 985 short (55/45%)
    [trial 17] Sharpe=-0.0114 (folds: 0.1103, 0.0770, 0.0563, -0.2596, -0.0409)
  Optuna: 18 trials, best Sharpe = 0.0253
  Best params: n_estimators=380, max_depth=4, lr=0.0170, leaves=22
  Best confidence_threshold: 0.631
  Best training_days: 480
  Retrained on full data (1440 samples, 48 features)
  [ensemble 2/3] seed=123
    [trial 0] 48 features, training_days=150 | threshold=0.744 | labels: 1186 long, 985 short (55/45%)
    [CV fold 0] train_end=2023-12-24 08:00 | val_start=2024-01-01 00:00 | gap=184h (22 rows)
    [CV fold 1] train_end=2024-04-22 16:00 | val_start=2024-04-30 08:00 | gap=184h (22 rows)
    [CV fold 2] train_end=2024-08-21 00:00 | val_start=2024-08-28 16:00 | gap=184h (22 rows)
    [CV fold 3] train_end=2024-12-19 08:00 | val_start=2024-12-27 00:00 | gap=184h (22 rows)
    [CV fold 4] train_end=2025-04-18 16:00 | val_start=2025-04-26 08:00 | gap=184h (22 rows)
    [trial 0] Sharpe=0.0078 (folds: 0.0779, 0.2083, 0.0512, -0.3540, 0.0556)
    [trial 1] 48 features, training_days=220 | threshold=0.755 | labels: 1186 long, 985 short (55/45%)
    [trial 1] Sharpe=-3.8660 (folds: 0.1448, 0.2150, 0.3104, -10.0000, -10.0000)
    [trial 2] 48 features, training_days=310 | threshold=0.754 | labels: 1186 long, 985 short (55/45%)
    [trial 2] Sharpe=-0.0420 (folds: 0.1083, 0.1200, -0.0162, -0.2137, -0.2082)
    [trial 3] 48 features, training_days=220 | threshold=0.673 | labels: 1186 long, 985 short (55/45%)
    [trial 3] Sharpe=-0.0426 (folds: 0.1251, 0.0740, 0.0124, -0.2992, -0.1255)
    [trial 4] 48 features, training_days=130 | threshold=0.803 | labels: 1186 long, 985 short (55/45%)
    [trial 4] Sharpe=-0.0776 (folds: 0.1149, 0.0634, 0.1275, -0.4244, -0.2693)
    [trial 5] 48 features, training_days=210 | threshold=0.606 | labels: 1186 long, 985 short (55/45%)
    [trial 5] Sharpe=0.0021 (folds: 0.1180, 0.0443, 0.0198, -0.2032, 0.0315)
    [trial 6] 48 features, training_days=130 | threshold=0.767 | labels: 1186 long, 985 short (55/45%)
    [trial 6] Sharpe=-0.0459 (folds: 0.1236, 0.0392, 0.1033, -0.2619, -0.2338)
    [trial 7] 48 features, training_days=80 | threshold=0.556 | labels: 1186 long, 985 short (55/45%)
    [trial 7] Sharpe=-0.1159 (folds: -0.0540, -0.0194, -0.0908, -0.1500, -0.2653)
    [trial 8] 48 features, training_days=200 | threshold=0.607 | labels: 1186 long, 985 short (55/45%)
    [trial 8] Sharpe=-0.0054 (folds: 0.1068, 0.0847, 0.0334, -0.2081, -0.0436)
    [trial 9] 48 features, training_days=260 | threshold=0.620 | labels: 1186 long, 985 short (55/45%)
    [trial 9] Sharpe=0.0161 (folds: 0.1364, 0.1139, 0.0015, -0.1635, -0.0077)
    [trial 10] 48 features, training_days=470 | threshold=0.534 | labels: 1186 long, 985 short (55/45%)
    [trial 10] Sharpe=0.0280 (folds: 0.1571, 0.1281, -0.0465, -0.1350, 0.0361)
    [trial 11] 48 features, training_days=500 | threshold=0.505 | labels: 1186 long, 985 short (55/45%)
    [trial 11] Sharpe=0.0396 (folds: 0.1564, 0.1038, -0.0049, -0.1349, 0.0777)
    [trial 12] 48 features, training_days=500 | threshold=0.509 | labels: 1186 long, 985 short (55/45%)
    [trial 12] Sharpe=0.0336 (folds: 0.1577, 0.1157, -0.0198, -0.1306, 0.0451)
    [trial 13] 48 features, training_days=500 | threshold=0.501 | labels: 1186 long, 985 short (55/45%)[I 2026-06-01 15:50:57,637] Trial 13 finished with value: 0.032516980799404 and parameters: {'confidence_threshold': 0.5011202105003104, 'training_days': 500, 'n_estimators': 475, 'max_depth': 3, 'num_leaves': 26, 'learning_rate': 0.011019237226077873, 'subsample': 0.9100783944140004, 'colsample_bytree': 0.5305824981082055, 'min_child_samples': 44, 'reg_alpha': 1.1214173734453127e-08, 'reg_lambda': 2.9262658391850374}. Best is trial 11 with value: 0.03960480537874981.
[I 2026-06-01 15:50:57,950] Trial 14 finished with value: 0.031189832296973065 and parameters: {'confidence_threshold': 0.5544110757373814, 'training_days': 400, 'n_estimators': 436, 'max_depth': 3, 'num_leaves': 15, 'learning_rate': 0.01645102485501106, 'subsample': 0.8930286075903654, 'colsample_bytree': 0.6482018719330946, 'min_child_samples': 45, 'reg_alpha': 4.995508213501822e-07, 'reg_lambda': 0.03573415720052605}. Best is trial 11 with value: 0.03960480537874981.
[I 2026-06-01 15:50:58,241] Trial 15 finished with value: 0.029896698690607265 and parameters: {'confidence_threshold': 0.5026055290809989, 'training_days': 390, 'n_estimators': 435, 'max_depth': 4, 'num_leaves': 26, 'learning_rate': 0.037392478764815176, 'subsample': 0.991943992833743, 'colsample_bytree': 0.5093920150666754, 'min_child_samples': 100, 'reg_alpha': 2.494981633785748e-07, 'reg_lambda': 0.003413903171867866}. Best is trial 11 with value: 0.03960480537874981.
[I 2026-06-01 15:50:58,456] Trial 16 finished with value: -0.0057166811978955736 and parameters: {'confidence_threshold': 0.6708968705265699, 'training_days': 430, 'n_estimators': 279, 'max_depth': 3, 'num_leaves': 25, 'learning_rate': 0.013920194330369997, 'subsample': 0.8749940182735582, 'colsample_bytree': 0.6524883056625813, 'min_child_samples': 52, 'reg_alpha': 3.802784283356468e-07, 'reg_lambda': 0.04660370226462832}. Best is trial 11 with value: 0.03960480537874981.
[I 2026-06-01 15:50:58,765] Trial 17 finished with value: -0.028652387015627702 and parameters: {'confidence_threshold': 0.5660161291903845, 'training_days': 330, 'n_estimators': 429, 'max_depth': 3, 'num_leaves': 33, 'learning_rate': 0.02514439255563828, 'subsample': 0.9413214991484079, 'colsample_bytree': 0.5859853023010672, 'min_child_samples': 38, 'reg_alpha': 7.284070645541434, 'reg_lambda': 0.19186915386719744}. Best is trial 11 with value: 0.03960480537874981.
[I 2026-06-01 15:50:59,324] A new study created in memory with name: no-name-80b5f783-1a3d-400e-b6a6-a94eceb6ea7f
[I 2026-06-01 15:50:59,497] Trial 0 finished with value: -0.1252079858040433 and parameters: {'confidence_threshold': 0.5870645682749857, 'training_days': 90, 'n_estimators': 403, 'max_depth': 5, 'num_leaves': 45, 'learning_rate': 0.0780457193679974, 'subsample': 0.9428509515574568, 'colsample_bytree': 0.8795587339164916, 'min_child_samples': 34, 'reg_alpha': 2.2465901234314442e-07, 'reg_lambda': 8.339007036475363e-05}. Best is trial 0 with value: -0.1252079858040433.
[I 2026-06-01 15:50:59,605] Trial 1 finished with value: 0.0047780693036917465 and parameters: {'confidence_threshold': 0.6348453934275313, 'training_days': 290, 'n_estimators': 115, 'max_depth': 5, 'num_leaves': 37, 'learning_rate': 0.06949568759029946, 'subsample': 0.8228505074024268, 'colsample_bytree': 0.8616703220431751, 'min_child_samples': 75, 'reg_alpha': 4.2486822725010923e-07, 'reg_lambda': 1.157247767047042e-07}. Best is trial 1 with value: 0.0047780693036917465.
[I 2026-06-01 15:50:59,627] Trial 2 finished with value: -0.06298127379562478 and parameters: {'confidence_threshold': 0.5849570384370288, 'training_days': 10, 'n_estimators': 212, 'max_depth': 3, 'num_leaves': 41, 'learning_rate': 0.18452095998378365, 'subsample': 0.6001060822924371, 'colsample_bytree': 0.5673167293506167, 'min_child_samples': 37, 'reg_alpha': 5.733250064217131, 'reg_lambda': 0.5308454292595461}. Best is trial 1 with value: 0.0047780693036917465.
[I 2026-06-01 15:50:59,709] Trial 3 finished with value: -0.05866108796412667 and parameters: {'confidence_threshold': 0.6868248626683718, 'training_days': 220, 'n_estimators': 134, 'max_depth': 3, 'num_leaves': 45, 'learning_rate': 0.033529007907491595, 'subsample': 0.8647277071858408, 'colsample_bytree': 0.778494116634046, 'min_child_samples': 96, 'reg_alpha': 2.409409937265785e-07, 'reg_lambda': 1.1642073478060009}. Best is trial 1 with value: 0.0047780693036917465.
[I 2026-06-01 15:50:59,799] Trial 4 finished with value: -0.020622057217701318 and parameters: {'confidence_threshold': 0.5623121348350352, 'training_days': 300, 'n_estimators': 69, 'max_depth': 4, 'num_leaves': 32, 'learning_rate': 0.14967629360700346, 'subsample': 0.5054535233636654, 'colsample_bytree': 0.7401385194659216, 'min_child_samples': 27, 'reg_alpha': 1.4212042567426725e-07, 'reg_lambda': 0.23605753701352003}. Best is trial 1 with value: 0.0047780693036917465.
[I 2026-06-01 15:51:00,245] Trial 5 finished with value: 0.03167033119091668 and parameters: {'confidence_threshold': 0.7111850244908446, 'training_days': 490, 'n_estimators': 362, 'max_depth': 5, 'num_leaves': 40, 'learning_rate': 0.05960785724162737, 'subsample': 0.5589714368907717, 'colsample_bytree': 0.6659006943232806, 'min_child_samples': 42, 'reg_alpha': 0.6741360303045295, 'reg_lambda': 6.054601607143087e-08}. Best is trial 5 with value: 0.03167033119091668.
[I 2026-06-01 15:51:00,430] Trial 6 finished with value: 0.003921713941750306 and parameters: {'confidence_threshold': 0.667482545748023, 'training_days': 420, 'n_estimators': 279, 'max_depth': 3, 'num_leaves': 45, 'learning_rate': 0.040099592560849204, 'subsample': 0.8563114696415159, 'colsample_bytree': 0.5442917781944105, 'min_child_samples': 50, 'reg_alpha': 1.6407916423707903e-08, 'reg_lambda': 2.935907642973286e-05}. Best is trial 5 with value: 0.03167033119091668.
[I 2026-06-01 15:51:00,579] Trial 7 finished with value: -0.0640098388520267 and parameters: {'confidence_threshold': 0.5497381024139926, 'training_days': 120, 'n_estimators': 408, 'max_depth': 5, 'num_leaves': 38, 'learning_rate': 0.28049122657745795, 'subsample': 0.8806573338635493, 'colsample_bytree': 0.5454054113547102, 'min_child_samples': 63, 'reg_alpha': 0.01263008637940408, 'reg_lambda': 0.04588020805366937}. Best is trial 5 with value: 0.03167033119091668.
[I 2026-06-01 15:51:00,871] Trial 8 finished with value: -0.015933126759808475 and parameters: {'confidence_threshold': 0.719644804808716, 'training_days': 450, 'n_estimators': 410, 'max_depth': 4, 'num_leaves': 57, 'learning_rate': 0.04022026551478857, 'subsample': 0.5336085426932707, 'colsample_bytree': 0.5705742850577543, 'min_child_samples': 100, 'reg_alpha': 5.916398047912201e-07, 'reg_lambda': 0.9794034214488329}. Best is trial 5 with value: 0.03167033119091668.
[I 2026-06-01 15:51:00,896] Trial 9 finished with value: -3.8916449512873457 and parameters: {'confidence_threshold': 0.7267463643917187, 'training_days': 20, 'n_estimators': 337, 'max_depth': 5, 'num_leaves': 23, 'learning_rate': 0.022153031811454605, 'subsample': 0.6305627572358737, 'colsample_bytree': 0.6613413774216214, 'min_child_samples': 81, 'reg_alpha': 5.7638634029410314e-08, 'reg_lambda': 8.26603016764008}. Best is trial 5 with value: 0.03167033119091668.
[I 2026-06-01 15:51:01,422] Trial 10 finished with value: -0.09433732000011366 and parameters: {'confidence_threshold': 0.8283920119574972, 'training_days': 490, 'n_estimators': 485, 'max_depth': 4, 'num_leaves': 15, 'learning_rate': 0.013054596495157828, 'subsample': 0.7130289643560688, 'colsample_bytree': 0.9944479338273263, 'min_child_samples': 52, 'reg_alpha': 2.8556520323203283, 'reg_lambda': 1.4521305760519918e-08}. Best is trial 5 with value: 0.03167033119091668.
[I 2026-06-01 15:51:01,630] Trial 11 finished with value: 0.010664623621706702 and parameters: {'confidence_threshold': 0.7920556438876994, 'training_days': 310, 'n_estimators': 209, 'max_depth': 5, 'num_leaves': 31, 'learning_rate': 0.07015252903316518, 'subsample': 0.7538575004267684, 'colsample_bytree': 0.8566211708639163, 'min_child_samples': 71, 'reg_alpha': 3.3606739138311696e-05, 'reg_lambda': 1.7920767996550486e-08}. Best is trial 5 with value: 0.03167033119091668.
[I 2026-06-01 15:51:01,865] Trial 12 finished with value: 0.008325115269896585 and parameters: {'confidence_threshold': 0.8045455836546372, 'training_days': 380, 'n_estimators': 223, 'max_depth': 5, 'num_leaves': 28, 'learning_rate': 0.0815655326565605, 'subsample': 0.7444904173609234, 'colsample_bytree': 0.6861452142719364, 'min_child_samples': 67, 'reg_alpha': 0.00012116501730499813, 'reg_lambda': 8.577261111392844e-07}. Best is trial 5 with value: 0.03167033119091668.
[I 2026-06-01 15:51:02,226] Trial 13 finished with value: -0.016826508903317966 and parameters: {'confidence_threshold': 0.7730771305982949, 'training_days': 380, 'n_estimators': 306, 'max_depth': 5, 'num_leaves': 55, 'learning_rate': 0.11842510796771445, 'subsample': 0.683393167395362, 'colsample_bytree': 0.8514670450614119, 'min_child_samples': 48, 'reg_alpha': 0.00017364939919684786, 'reg_lambda': 1.975925046818769e-06}. Best is trial 5 with value: 0.03167033119091668.
[I 2026-06-01 15:51:02,365] Trial 14 finished with value: 0.0025765940394333027 and parameters: {'confidence_threshold': 0.7683377817039939, 'training_days': 210, 'n_estimators': 212, 'max_depth': 4, 'num_leaves': 24, 'learning_rate': 0.020517580823809264, 'subsample': 0.7851487748866213, 'colsample_bytree': 0.9558958647114086, 'min_child_samples': 85, 'reg_alpha': 0.012452406698903937, 'reg_lambda': 0.0035194283790246053}. Best is trial 5 with value: 0.03167033119091668.
[I 2026-06-01 15:51:02,746] Trial 15 finished with value: -0.04083374904355764 and parameters: {'confidence_threshold': 0.8491572059025718, 'training_days': 350, 'n_estimators': 350, 'max_depth': 4, 'num_leaves': 51, 'learning_rate': 0.050004572991687736, 'subsample': 0.6271291404082032, 'colsample_bytree': 0.6574185883922283, 'min_child_samples': 22, 'reg_alpha': 1.7836787545151695e-05, 'reg_lambda': 1.3370482868662607e-08}. Best is trial 5 with value: 0.03167033119091668.
[I 2026-06-01 15:51:02,951] Trial 16 finished with value: 0.01775931670709992 and parameters: {'confidence_threshold': 0.7559932673610575, 'training_days': 490, 'n_estimators': 166, 'max_depth': 5, 'num_leaves': 32, 'learning_rate': 0.11813673937469078, 'subsample': 0.5713122906704202, 'colsample_bytree': 0.7820757753194668, 'min_child_samples': 57, 'reg_alpha': 0.01766391835810813, 'reg_lambda': 3.969841880658228e-06}. Best is trial 5 with value: 0.03167033119091668.
