[I 2026-06-01 15:50:10,600] Trial 6 finished with value: 0.04788554152789408 and parameters: {'confidence_threshold': 0.7672889945051684, 'training_days': 130, 'n_estimators': 137, 'max_depth': 4, 'num_leaves': 19, 'learning_rate': 0.2031117614248665, 'subsample': 0.8136244860256343, 'colsample_bytree': 0.8617081790949774, 'min_child_samples': 21, 'reg_alpha': 0.002238138278733199, 'reg_lambda': 0.001025809534977322}. Best is trial 4 with value: 0.0652351439169769.

  [label] 2023-08-01 08:00 ETHUSDT entry=1834.2400 → LONG | long=timeout(+0.35%) short=sl(-2.14%) | scanned=22 | no_tp→fwd_return=+0.4492
  [label] 2023-09-23 00:00 ETHUSDT entry=1593.7300 → LONG | long=tp(+4.58%) short=sl(-2.44%) | scanned=18 | long_tp_only
  [label] 2024-03-07 00:00 ETHUSDT entry=3792.0600 → LONG | long=timeout(+4.50%) short=sl(-7.38%) | scanned=22 | no_tp→fwd_return=+4.6049
  [label] 2024-03-11 00:00 ETHUSDT entry=4013.3700 → SHORT | long=sl(-5.94%) short=tp(+11.58%) | scanned=17 | short_tp_only
  [label] 2024-03-21 16:00 ETHUSDT entry=3495.1600 → LONG | long=timeout(+1.87%) short=timeout(-2.07%) | scanned=22 | no_tp→fwd_return=+1.9693
  [label] 2024-05-05 16:00 ETHUSDT entry=3135.2400 → SHORT | long=sl(-4.55%) short=timeout(+6.52%) | scanned=22 | no_tp→fwd_return=-6.6186
  [label] 2024-05-14 08:00 ETHUSDT entry=2897.5300 → LONG | long=tp(+7.48%) short=sl(-3.89%) | scanned=10 | long_tp_only
  [label] 2024-08-12 16:00 ETHUSDT entry=2721.1500 → SHORT | long=sl(-7.47%) short=timeout(+3.06%) | scanned=22 | no_tp→fwd_return=-3.1604
  [label] 2024-09-13 16:00 ETHUSDT entry=2438.1500 → LONG | long=sl(-4.59%) short=sl(-4.59%) | scanned=19 | no_tp→fwd_return=+4.9825
  [label] 2024-09-30 00:00 ETHUSDT entry=2636.7000 → SHORT | long=sl(-3.39%) short=tp(+6.48%) | scanned=5 | short_tp_only
  [label] 2024-10-12 16:00 ETHUSDT entry=2475.0900 → LONG | long=tp(+6.77%) short=sl(-3.54%) | scanned=6 | long_tp_only
  [label] 2024-10-31 00:00 ETHUSDT entry=2647.0500 → SHORT | long=sl(-4.13%) short=tp(+7.96%) | scanned=9 | short_tp_only
  [label] 2024-11-06 08:00 ETHUSDT entry=2634.2800 → LONG | long=tp(+10.36%) short=sl(-5.33%) | scanned=4 | long_tp_only
  [label] 2024-11-18 16:00 ETHUSDT entry=3210.4800 → LONG | long=timeout(+6.33%) short=sl(-6.26%) | scanned=22 | no_tp→fwd_return=+6.4302
  [label] 2024-12-28 08:00 ETHUSDT entry=3366.7000 → LONG | long=timeout(+7.02%) short=sl(-5.09%) | scanned=22 | no_tp→fwd_return=+7.1209
  [label] 2025-01-07 00:00 ETHUSDT entry=3666.6100 → SHORT | long=sl(-3.54%) short=tp(+6.78%) | scanned=1 | short_tp_only
  [label] 2025-04-03 08:00 ETHUSDT entry=1781.4200 → SHORT | long=sl(-6.54%) short=tp(+12.77%) | scanned=10 | short_tp_only
  Labels: 1087 long (50.1%), 1084 short (49.9%) | weights: min=1.00, mean=3.45, max=10.00
  Features: 2171/2171 matched, 48 columns
  CV gap: 22 rows
  [ensemble 1/3] seed=42
    [trial 0] 48 features, training_days=480 | threshold=0.631 | labels: 1087 long, 1084 short (50/50%)
    [CV fold 0] train_end=2023-08-23 08:00 | val_start=2023-08-31 00:00 | gap=184h (22 rows)
    [CV fold 1] train_end=2023-12-21 16:00 | val_start=2023-12-29 08:00 | gap=184h (22 rows)
    [CV fold 2] train_end=2024-04-20 00:00 | val_start=2024-04-27 16:00 | gap=184h (22 rows)
    [CV fold 3] train_end=2024-08-18 08:00 | val_start=2024-08-26 00:00 | gap=184h (22 rows)
    [CV fold 4] train_end=2024-12-16 16:00 | val_start=2024-12-24 08:00 | gap=184h (22 rows)
    [trial 0] Sharpe=0.0428 (folds: 0.2159, 0.1078, 0.0444, -0.0597, -0.0943)
    [trial 1] 48 features, training_days=420 | threshold=0.839 | labels: 1087 long, 1084 short (50/50%)
    [trial 1] Sharpe=-1.9450 (folds: -0.1219, 0.0787, -0.1674, 0.4858, -10.0000)
    [trial 2] 48 features, training_days=190 | threshold=0.602 | labels: 1087 long, 1084 short (50/50%)
    [trial 2] Sharpe=-0.0083 (folds: 0.1633, 0.1197, 0.0368, -0.0244, -0.3368)
    [trial 3] 48 features, training_days=490 | threshold=0.832 | labels: 1087 long, 1084 short (50/50%)
    [trial 3] Sharpe=-0.0142 (folds: 0.0711, 0.0791, -0.0257, -0.0200, -0.1752)
    [trial 4] 48 features, training_days=340 | threshold=0.591 | labels: 1087 long, 1084 short (50/50%)
    [trial 4] Sharpe=0.0220 (folds: 0.1318, 0.0844, 0.0273, 0.0916, -0.2253)
    [trial 5] 48 features, training_days=50 | threshold=0.823 | labels: 1087 long, 1084 short (50/50%)
    [trial 5] Sharpe=-0.1330 (folds: -0.2029, -0.0684, 0.3439, -0.3286, -0.4089)
    [trial 6] 48 features, training_days=410 | threshold=0.549 | labels: 1087 long, 1084 short (50/50%)
    [trial 6] Sharpe=0.0438 (folds: 0.1620, 0.1312, 0.0553, 0.0668, -0.1964)
    [trial 7] 48 features, training_days=180 | threshold=0.526 | labels: 1087 long, 1084 short (50/50%)
    [trial 7] Sharpe=0.0345 (folds: 0.1979, 0.1806, 0.1066, -0.0278, -0.2846)
    [trial 8] 48 features, training_days=240 | threshold=0.811 | labels: 1087 long, 1084 short (50/50%)
    [trial 8] Sharpe=0.0025 (folds: 0.1857, 0.0653, 0.1796, -0.0087, -0.4096)
    [trial 9] 48 features, training_days=20 | threshold=0.538 | labels: 1087 long, 1084 short (50/50%)
    [trial 9] Sharpe=0.0638 (folds: -0.2842, 0.2419, 0.1355, 0.1325, 0.0933)
    [trial 10] 48 features, training_days=10 | threshold=0.745 | labels: 1087 long, 1084 short (50/50%)
    [trial 10] Sharpe=-2.0088 (folds: -10.0000, -0.0969, 0.1355, -0.1760, 0.0933)
    [trial 11] 48 features, training_days=350 | threshold=0.503 | labels: 1087 long, 1084 short (50/50%)
    [trial 11] Sharpe=0.0401 (folds: 0.1340, 0.0866, 0.0316, 0.1039, -0.1556)
    [trial 12] 48 features, training_days=140 | threshold=0.552 | labels: 1087 long, 1084 short (50/50%)
    [trial 12] Sharpe=0.0235 (folds: -0.0002, 0.0486, 0.0905, 0.1383, -0.1595)
    [trial 13] 48 features, training_days=320 | threshold=0.672 | labels: 1087 long, 1084 short (50/50%)
    [trial 13] Sharpe=0.0124 (folds: 0.0617, 0.0608, 0.0445, 0.0977, -0.2028)
    [trial 14] 48 features, training_days=80 | threshold=0.554 | labels: 1087 long, 1084 short (50/50%)
    [trial 14] Sharpe=-0.0229 (folds: 0.0730, -0.0234, 0.0333, -0.0745, -0.1230)
    [trial 15] 48 features, training_days=400 | threshold=0.666 | labels: 1087 long, 1084 short (50/50%)
    [trial 15] Sharpe=0.0151 (folds: 0.1164, 0.1292, 0.0021, 0.0158, -0.1879)
    [trial 16] 48 features, training_days=270 | threshold=0.741 | labels: 1087 long, 1084 short (50/50%)
    [trial 16] Sharpe=-0.0083 (folds: 0.0578, 0.1006, 0.0106, 0.0305, -0.2409)
    [trial 17] 48 features, training_days=110 | threshold=0.593 | labels: 1087 long, 1084 short (50/50%)
    [trial 17] Sharpe=0.0506 (folds: 0.1208, 0.2468, 0.0213, 0.0906, -0.2264)
  Optuna: 18 trials, best Sharpe = 0.0638
  Best params: n_estimators=337, max_depth=3, lr=0.2191, leaves=39
  Best confidence_threshold: 0.538
  Best training_days: 20
  Retrained on full data (60 samples, 48 features)
  [ensemble 2/3] seed=123
    [trial 0] 48 features, training_days=150 | threshold=0.744 | labels: 1087 long, 1084 short (50/50%)
    [CV fold 0] train_end=2023-08-23 08:00 | val_start=2023-08-31 00:00 | gap=184h (22 rows)
    [CV fold 1] train_end=2023-12-21 16:00 | val_start=2023-12-29 08:00 | gap=184h (22 rows)
    [CV fold 2] train_end=2024-04-20 00:00 | val_start=2024-04-27 16:00 | gap=184h (22 rows)
    [CV fold 3] train_end=2024-08-18 08:00 | val_start=2024-08-26 00:00 | gap=184h (22 rows)
    [CV fold 4] train_end=2024-12-16 16:00 | val_start=2024-12-24 08:00 | gap=184h (22 rows)
    [trial 0] Sharpe=0.0475 (folds: 0.1605, 0.0878, 0.1449, 0.0211, -0.1770)
    [trial 1] 48 features, training_days=220 | threshold=0.755 | labels: 1087 long, 1084 short (50/50%)
    [trial 1] Sharpe=-3.8375 (folds: 0.0952, 0.4591, 0.2583, -10.0000, -10.0000)
    [trial 2] 48 features, training_days=310 | threshold=0.754 | labels: 1087 long, 1084 short (50/50%)
    [trial 2] Sharpe=0.0262 (folds: 0.2487, 0.0662, 0.0467, -0.0489, -0.1816)
    [trial 3] 48 features, training_days=220 | threshold=0.673 | labels: 1087 long, 1084 short (50/50%)
    [trial 3] Sharpe=-0.0000 (folds: 0.1789, 0.0261, 0.0673, 0.0119, -0.2842)
    [trial 4] 48 features, training_days=130 | threshold=0.803 | labels: 1087 long, 1084 short (50/50%)
    [trial 4] Sharpe=0.0652 (folds: 0.1288, 0.1760, 0.0766, 0.1630, -0.2183)
    [trial 5] 48 features, training_days=210 | threshold=0.606 | labels: 1087 long, 1084 short (50/50%)
    [trial 5] Sharpe=0.0015 (folds: 0.1342, 0.0926, 0.0495, 0.0416, -0.3102)
    [trial 6] 48 features, training_days=130 | threshold=0.767 | labels: 1087 long, 1084 short (50/50%)
    [trial 6] Sharpe=0.0479 (folds: 0.1718, 0.1593, 0.0088, 0.1194, -0.2199)
    [trial 7] 48 features, training_days=80 | threshold=0.556 | labels: 1087 long, 1084 short (50/50%)[I 2026-06-01 15:50:10,680] Trial 7 finished with value: -0.08334072440859022 and parameters: {'confidence_threshold': 0.555635875450653, 'training_days': 80, 'n_estimators': 363, 'max_depth': 3, 'num_leaves': 48, 'learning_rate': 0.06590089024008658, 'subsample': 0.6944752870615722, 'colsample_bytree': 0.962566244806993, 'min_child_samples': 88, 'reg_alpha': 1.6465620446426067e-05, 'reg_lambda': 2.4678750890085655e-08}. Best is trial 4 with value: 0.0652351439169769.
[I 2026-06-01 15:50:11,029] Trial 8 finished with value: 0.004526268310468118 and parameters: {'confidence_threshold': 0.6066688256938841, 'training_days': 200, 'n_estimators': 367, 'max_depth': 5, 'num_leaves': 32, 'learning_rate': 0.13377519215934996, 'subsample': 0.7965884582811106, 'colsample_bytree': 0.8458508993500886, 'min_child_samples': 32, 'reg_alpha': 3.889436043816386e-05, 'reg_lambda': 1.4713062489380356e-06}. Best is trial 4 with value: 0.0652351439169769.
[I 2026-06-01 15:50:11,270] Trial 9 finished with value: -0.0109219459176782 and parameters: {'confidence_threshold': 0.6202096049169137, 'training_days': 260, 'n_estimators': 350, 'max_depth': 3, 'num_leaves': 21, 'learning_rate': 0.02989540198065364, 'subsample': 0.8307821683331218, 'colsample_bytree': 0.923253112635361, 'min_child_samples': 64, 'reg_alpha': 0.4898604619604203, 'reg_lambda': 2.9076377687066166e-05}. Best is trial 4 with value: 0.0652351439169769.
[I 2026-06-01 15:50:11,707] Trial 10 finished with value: -0.022024924096442557 and parameters: {'confidence_threshold': 0.8445241688507242, 'training_days': 470, 'n_estimators': 493, 'max_depth': 5, 'num_leaves': 63, 'learning_rate': 0.010221918552934462, 'subsample': 0.5019190721168774, 'colsample_bytree': 0.6202684210924141, 'min_child_samples': 99, 'reg_alpha': 1.9942621118187622e-08, 'reg_lambda': 0.0201634475791616}. Best is trial 4 with value: 0.0652351439169769.
[I 2026-06-01 15:50:11,749] Trial 11 finished with value: -8.056842833197141 and parameters: {'confidence_threshold': 0.8371297552840329, 'training_days': 20, 'n_estimators': 255, 'max_depth': 4, 'num_leaves': 20, 'learning_rate': 0.28413636543342474, 'subsample': 0.9047249980702942, 'colsample_bytree': 0.6612241103206169, 'min_child_samples': 44, 'reg_alpha': 0.005164207989991991, 'reg_lambda': 0.007364523359426745}. Best is trial 4 with value: 0.0652351439169769.
[I 2026-06-01 15:50:11,819] Trial 12 finished with value: 0.012605254185168146 and parameters: {'confidence_threshold': 0.7984420943377982, 'training_days': 120, 'n_estimators': 51, 'max_depth': 5, 'num_leaves': 15, 'learning_rate': 0.14432248911623202, 'subsample': 0.5325573395575733, 'colsample_bytree': 0.5201164353688423, 'min_child_samples': 46, 'reg_alpha': 0.006937120291127141, 'reg_lambda': 0.00393268821840331}. Best is trial 4 with value: 0.0652351439169769.
[I 2026-06-01 15:50:11,858] Trial 13 finished with value: -2.008804737033175 and parameters: {'confidence_threshold': 0.7187885649615134, 'training_days': 10, 'n_estimators': 161, 'max_depth': 4, 'num_leaves': 34, 'learning_rate': 0.07642607080001533, 'subsample': 0.8887479594345413, 'colsample_bytree': 0.9141095054883511, 'min_child_samples': 77, 'reg_alpha': 8.23820059434164e-07, 'reg_lambda': 0.0008749117989186148}. Best is trial 4 with value: 0.0652351439169769.
[I 2026-06-01 15:50:12,195] Trial 14 finished with value: 0.025696992694369897 and parameters: {'confidence_threshold': 0.803223358065541, 'training_days': 340, 'n_estimators': 244, 'max_depth': 5, 'num_leaves': 42, 'learning_rate': 0.16660891568257116, 'subsample': 0.6632569380771758, 'colsample_bytree': 0.9959348592397881, 'min_child_samples': 45, 'reg_alpha': 0.0012705474136959496, 'reg_lambda': 1.2102325862348229e-06}. Best is trial 4 with value: 0.0652351439169769.
[I 2026-06-01 15:50:12,261] Trial 15 finished with value: -0.041066564313176526 and parameters: {'confidence_threshold': 0.6986016561377778, 'training_days': 90, 'n_estimators': 114, 'max_depth': 4, 'num_leaves': 25, 'learning_rate': 0.048314908772608044, 'subsample': 0.5802361721649505, 'colsample_bytree': 0.9016648410746702, 'min_child_samples': 75, 'reg_alpha': 7.209816057093941, 'reg_lambda': 3.5532501480887757}. Best is trial 4 with value: 0.0652351439169769.
[I 2026-06-01 15:50:12,518] Trial 16 finished with value: 0.05136019537649801 and parameters: {'confidence_threshold': 0.7935584950523564, 'training_days': 150, 'n_estimators': 299, 'max_depth': 4, 'num_leaves': 29, 'learning_rate': 0.10480478129127516, 'subsample': 0.7311916895834284, 'colsample_bytree': 0.6982877056862742, 'min_child_samples': 21, 'reg_alpha': 0.05785616362218062, 'reg_lambda': 0.06037696073607924}. Best is trial 4 with value: 0.0652351439169769.
[I 2026-06-01 15:50:12,853] Trial 17 finished with value: 0.023264898399532285 and parameters: {'confidence_threshold': 0.5004748807695347, 'training_days': 370, 'n_estimators': 306, 'max_depth': 5, 'num_leaves': 27, 'learning_rate': 0.1002082334178146, 'subsample': 0.704461929672691, 'colsample_bytree': 0.7235351535799338, 'min_child_samples': 55, 'reg_alpha': 0.0665483626924119, 'reg_lambda': 0.18978940727785185}. Best is trial 4 with value: 0.0652351439169769.
[I 2026-06-01 15:50:13,307] A new study created in memory with name: no-name-d93752fb-dfc0-40a8-9145-fe43b72792b5
[I 2026-06-01 15:50:13,511] Trial 0 finished with value: -0.04631917212989365 and parameters: {'confidence_threshold': 0.5870645682749857, 'training_days': 90, 'n_estimators': 403, 'max_depth': 5, 'num_leaves': 45, 'learning_rate': 0.0780457193679974, 'subsample': 0.9428509515574568, 'colsample_bytree': 0.8795587339164916, 'min_child_samples': 34, 'reg_alpha': 2.2465901234314442e-07, 'reg_lambda': 8.339007036475363e-05}. Best is trial 0 with value: -0.04631917212989365.
[I 2026-06-01 15:50:13,630] Trial 1 finished with value: 0.011781043964389448 and parameters: {'confidence_threshold': 0.6348453934275313, 'training_days': 290, 'n_estimators': 115, 'max_depth': 5, 'num_leaves': 37, 'learning_rate': 0.06949568759029946, 'subsample': 0.8228505074024268, 'colsample_bytree': 0.8616703220431751, 'min_child_samples': 75, 'reg_alpha': 4.2486822725010923e-07, 'reg_lambda': 1.157247767047042e-07}. Best is trial 1 with value: 0.011781043964389448.
[I 2026-06-01 15:50:13,647] Trial 2 finished with value: 0.0331069359832061 and parameters: {'confidence_threshold': 0.5849570384370288, 'training_days': 10, 'n_estimators': 212, 'max_depth': 3, 'num_leaves': 41, 'learning_rate': 0.18452095998378365, 'subsample': 0.6001060822924371, 'colsample_bytree': 0.5673167293506167, 'min_child_samples': 37, 'reg_alpha': 5.733250064217131, 'reg_lambda': 0.5308454292595461}. Best is trial 2 with value: 0.0331069359832061.
[I 2026-06-01 15:50:13,724] Trial 3 finished with value: -0.012341726212152525 and parameters: {'confidence_threshold': 0.6868248626683718, 'training_days': 220, 'n_estimators': 134, 'max_depth': 3, 'num_leaves': 45, 'learning_rate': 0.033529007907491595, 'subsample': 0.8647277071858408, 'colsample_bytree': 0.778494116634046, 'min_child_samples': 96, 'reg_alpha': 2.409409937265785e-07, 'reg_lambda': 1.1642073478060009}. Best is trial 2 with value: 0.0331069359832061.
[I 2026-06-01 15:50:13,804] Trial 4 finished with value: 0.046714495893224774 and parameters: {'confidence_threshold': 0.5623121348350352, 'training_days': 300, 'n_estimators': 69, 'max_depth': 4, 'num_leaves': 32, 'learning_rate': 0.14967629360700346, 'subsample': 0.5054535233636654, 'colsample_bytree': 0.7401385194659216, 'min_child_samples': 27, 'reg_alpha': 1.4212042567426725e-07, 'reg_lambda': 0.23605753701352003}. Best is trial 4 with value: 0.046714495893224774.
[I 2026-06-01 15:50:14,237] Trial 5 finished with value: 0.016104411076095133 and parameters: {'confidence_threshold': 0.7111850244908446, 'training_days': 490, 'n_estimators': 362, 'max_depth': 5, 'num_leaves': 40, 'learning_rate': 0.05960785724162737, 'subsample': 0.5589714368907717, 'colsample_bytree': 0.6659006943232806, 'min_child_samples': 42, 'reg_alpha': 0.6741360303045295, 'reg_lambda': 6.054601607143087e-08}. Best is trial 4 with value: 0.046714495893224774.
[I 2026-06-01 15:50:14,430] Trial 6 finished with value: 0.038703213867840626 and parameters: {'confidence_threshold': 0.667482545748023, 'training_days': 420, 'n_estimators': 279, 'max_depth': 3, 'num_leaves': 45, 'learning_rate': 0.040099592560849204, 'subsample': 0.8563114696415159, 'colsample_bytree': 0.5442917781944105, 'min_child_samples': 50, 'reg_alpha': 1.6407916423707903e-08, 'reg_lambda': 2.935907642973286e-05}. Best is trial 4 with value: 0.046714495893224774.
[I 2026-06-01 15:50:14,586] Trial 7 finished with value: 0.030690888640292326 and parameters: {'confidence_threshold': 0.5497381024139926, 'training_days': 120, 'n_estimators': 408, 'max_depth': 5, 'num_leaves': 38, 'learning_rate': 0.28049122657745795, 'subsample': 0.8806573338635493, 'colsample_bytree': 0.5454054113547102, 'min_child_samples': 63, 'reg_alpha': 0.01263008637940408, 'reg_lambda': 0.04588020805366937}. Best is trial 4 with value: 0.046714495893224774.
[I 2026-06-01 15:50:14,860] Trial 8 finished with value: 0.008032811529196947 and parameters: {'confidence_threshold': 0.719644804808716, 'training_days': 450, 'n_estimators': 410, 'max_depth': 4, 'num_leaves': 57, 'learning_rate': 0.04022026551478857, 'subsample': 0.5336085426932707, 'colsample_bytree': 0.5705742850577543, 'min_child_samples': 100, 'reg_alpha': 5.916398047912201e-07, 'reg_lambda': 0.9794034214488329}. Best is trial 4 with value: 0.046714495893224774.
[I 2026-06-01 15:50:14,883] Trial 9 finished with value: -4.0116860641886 and parameters: {'confidence_threshold': 0.7267463643917187, 'training_days': 20, 'n_estimators': 337, 'max_depth': 5, 'num_leaves': 23, 'learning_rate': 0.022153031811454605, 'subsample': 0.6305627572358737, 'colsample_bytree': 0.6613413774216214, 'min_child_samples': 81, 'reg_alpha': 5.7638634029410314e-08, 'reg_lambda': 8.26603016764008}. Best is trial 4 with value: 0.046714495893224774.
[I 2026-06-01 15:50:14,972] Trial 10 finished with value: 0.029663314028706166 and parameters: {'confidence_threshold': 0.8398533911817929, 'training_days': 320, 'n_estimators': 52, 'max_depth': 4, 'num_leaves': 15, 'learning_rate': 0.1708019296390162, 'subsample': 0.7130289643560688, 'colsample_bytree': 0.9944479338273263, 'min_child_samples': 23, 'reg_alpha': 6.837313901272251e-05, 'reg_lambda': 0.007549769720510555}. Best is trial 4 with value: 0.046714495893224774.
[I 2026-06-01 15:50:15,164] Trial 11 finished with value: -3.875236725403299 and parameters: {'confidence_threshold': 0.7923497887859746, 'training_days': 390, 'n_estimators': 241, 'max_depth': 3, 'num_leaves': 29, 'learning_rate': 0.010148301463208522, 'subsample': 0.7384269625592588, 'colsample_bytree': 0.6677492448297637, 'min_child_samples': 49, 'reg_alpha': 2.573708591509265e-05, 'reg_lambda': 8.709579226713504e-05}. Best is trial 4 with value: 0.046714495893224774.
[I 2026-06-01 15:50:15,713] Trial 12 finished with value: 0.0037366689315454283 and parameters: {'confidence_threshold': 0.5145853631584999, 'training_days': 380, 'n_estimators': 490, 'max_depth': 4, 'num_leaves': 55, 'learning_rate': 0.12411615325331521, 'subsample': 0.9912016966112274, 'colsample_bytree': 0.7688237932711304, 'min_child_samples': 20, 'reg_alpha': 1.578782038256806e-08, 'reg_lambda': 1.4304147444691813e-06}. Best is trial 4 with value: 0.046714495893224774.
[I 2026-06-01 15:50:15,854] Trial 13 finished with value: 0.017244984240076346 and parameters: {'confidence_threshold': 0.6308026073906248, 'training_days': 210, 'n_estimators': 181, 'max_depth': 4, 'num_leaves': 28, 'learning_rate': 0.020094703918199067, 'subsample': 0.7828410184206098, 'colsample_bytree': 0.5057176292212995, 'min_child_samples': 58, 'reg_alpha': 8.465942575614097e-06, 'reg_lambda': 0.002213814638104446}. Best is trial 4 with value: 0.046714495893224774.
[I 2026-06-01 15:50:16,084] Trial 14 finished with value: 0.035926971448056656 and parameters: {'confidence_threshold': 0.5045553955578055, 'training_days': 370, 'n_estimators': 301, 'max_depth': 3, 'num_leaves': 51, 'learning_rate': 0.10957506804891597, 'subsample': 0.6774290892659396, 'colsample_bytree': 0.8536267081796187, 'min_child_samples': 56, 'reg_alpha': 0.001975311898816492, 'reg_lambda': 5.453830306136823e-06}. Best is trial 4 with value: 0.046714495893224774.
[I 2026-06-01 15:50:16,161] Trial 15 finished with value: -0.0032998893201319377 and parameters: {'confidence_threshold': 0.6098306084926507, 'training_days': 450, 'n_estimators': 56, 'max_depth': 3, 'num_leaves': 31, 'learning_rate': 0.03810498986290258, 'subsample': 0.5095075980971637, 'colsample_bytree': 0.62007722132989, 'min_child_samples': 30, 'reg_alpha': 4.399135734869746e-06, 'reg_lambda': 0.0013467843257158065}. Best is trial 4 with value: 0.046714495893224774.
