[I 2026-06-01 15:46:01,061] Trial 9 finished with value: 0.00575480947713726 and parameters: {'confidence_threshold': 0.6202096049169137, 'training_days': 260, 'n_estimators': 350, 'max_depth': 3, 'num_leaves': 21, 'learning_rate': 0.02989540198065364, 'subsample': 0.8307821683331218, 'colsample_bytree': 0.923253112635361, 'min_child_samples': 64, 'reg_alpha': 0.4898604619604203, 'reg_lambda': 2.9076377687066166e-05}. Best is trial 0 with value: 0.009318267330437146.
[I 2026-06-01 15:46:01,498] Trial 10 finished with value: 0.03092404987342401 and parameters: {'confidence_threshold': 0.8445241688507242, 'training_days': 470, 'n_estimators': 493, 'max_depth': 4, 'num_leaves': 63, 'learning_rate': 0.010221918552934462, 'subsample': 0.9783426417503635, 'colsample_bytree': 0.6202684210924141, 'min_child_samples': 46, 'reg_alpha': 1.452403597240567e-08, 'reg_lambda': 0.02027317446694866}. Best is trial 10 with value: 0.03092404987342401.
[I 2026-06-01 15:46:01,963] Trial 11 finished with value: 0.12088919385829948 and parameters: {'confidence_threshold': 0.8371297552840329, 'training_days': 500, 'n_estimators': 493, 'max_depth': 4, 'num_leaves': 63, 'learning_rate': 0.010535067237031162, 'subsample': 0.9966490606779976, 'colsample_bytree': 0.6012148974081734, 'min_child_samples': 46, 'reg_alpha': 1.0426346455626849e-08, 'reg_lambda': 0.013837348285062523}. Best is trial 11 with value: 0.12088919385829948.
[I 2026-06-01 15:46:02,432] Trial 12 finished with value: 0.10880469002283788 and parameters: {'confidence_threshold': 0.830632524875604, 'training_days': 500, 'n_estimators': 499, 'max_depth': 4, 'num_leaves': 63, 'learning_rate': 0.010201143194486034, 'subsample': 0.9933078172762936, 'colsample_bytree': 0.5773925919454104, 'min_child_samples': 44, 'reg_alpha': 1.344494055958746e-08, 'reg_lambda': 0.03524119936949945}. Best is trial 11 with value: 0.12088919385829948.
[I 2026-06-01 15:46:02,884] Trial 13 finished with value: 0.1679635421359946 and parameters: {'confidence_threshold': 0.8320048612945233, 'training_days': 500, 'n_estimators': 475, 'max_depth': 4, 'num_leaves': 63, 'learning_rate': 0.011019237226077873, 'subsample': 0.9069688931967621, 'colsample_bytree': 0.5305824981082055, 'min_child_samples': 45, 'reg_alpha': 1.1212244673465479e-08, 'reg_lambda': 3.080800735392863}. Best is trial 13 with value: 0.1679635421359946.
[I 2026-06-01 15:46:03,228] Trial 14 finished with value: -0.0966869781799496 and parameters: {'confidence_threshold': 0.6968624890517784, 'training_days': 400, 'n_estimators': 442, 'max_depth': 3, 'num_leaves': 56, 'learning_rate': 0.01645102485501106, 'subsample': 0.9020886272516853, 'colsample_bytree': 0.5021778209206338, 'min_child_samples': 45, 'reg_alpha': 4.975755145150836e-07, 'reg_lambda': 2.7107049554091267}. Best is trial 13 with value: 0.1679635421359946.
[I 2026-06-01 15:46:03,615] Trial 15 finished with value: -0.05711015342797282 and parameters: {'confidence_threshold': 0.5026055290809989, 'training_days': 390, 'n_estimators': 436, 'max_depth': 4, 'num_leaves': 56, 'learning_rate': 0.037392478764815176, 'subsample': 0.8966418548807951, 'colsample_bytree': 0.6532667573243633, 'min_child_samples': 50, 'reg_alpha': 2.4863310986822457e-07, 'reg_lambda': 7.678863118181691}. Best is trial 13 with value: 0.1679635421359946.

  [label] 2023-01-28 08:00 ETHUSDT entry=1577.9700 → LONG | long=timeout(+6.40%) short=sl(-5.05%) | scanned=22 | no_tp→fwd_return=+6.4963
  [label] 2023-02-07 08:00 ETHUSDT entry=1630.4300 → SHORT | long=sl(-4.19%) short=sl(-4.19%) | scanned=7 | no_tp→fwd_return=-5.2593
  [label] 2023-05-04 08:00 ETHUSDT entry=1884.5900 → LONG | long=tp(+7.15%) short=sl(-3.72%) | scanned=5 | long_tp_only
  Labels: 1074 long (49.5%), 1094 short (50.5%) | weights: min=1.00, mean=3.32, max=10.00
  Features: 2168/2168 matched, 48 columns
  CV gap: 22 rows
  [ensemble 1/3] seed=42
    [trial 0] 48 features, training_days=480 | threshold=0.631 | labels: 1074 long, 1094 short (50/50%)
    [CV fold 0] train_end=2021-09-22 08:00 | val_start=2021-09-30 00:00 | gap=184h (22 rows)
    [CV fold 1] train_end=2022-01-20 16:00 | val_start=2022-01-28 08:00 | gap=184h (22 rows)
    [CV fold 2] train_end=2022-05-21 00:00 | val_start=2022-05-28 16:00 | gap=184h (22 rows)
    [CV fold 3] train_end=2022-09-18 08:00 | val_start=2022-09-26 00:00 | gap=184h (22 rows)
    [CV fold 4] train_end=2023-01-16 16:00 | val_start=2023-01-24 08:00 | gap=184h (22 rows)
    [trial 0] Sharpe=-0.0282 (folds: 0.1535, 0.1331, 0.1015, -0.2391, -0.2900)
    [trial 1] 48 features, training_days=420 | threshold=0.839 | labels: 1074 long, 1094 short (50/50%)
    [trial 1] Sharpe=-1.7331 (folds: 0.7682, 0.1879, -0.0992, 0.4775, -10.0000)
    [trial 2] 48 features, training_days=190 | threshold=0.602 | labels: 1074 long, 1094 short (50/50%)
    [trial 2] Sharpe=0.0110 (folds: 0.0515, 0.1223, 0.0603, -0.1024, -0.0767)
    [trial 3] 48 features, training_days=490 | threshold=0.832 | labels: 1074 long, 1094 short (50/50%)
    [trial 3] Sharpe=-0.0280 (folds: 0.0291, 0.1563, 0.0193, -0.1220, -0.2227)
    [trial 4] 48 features, training_days=340 | threshold=0.591 | labels: 1074 long, 1094 short (50/50%)
    [trial 4] Sharpe=-0.0186 (folds: 0.2516, -0.0010, 0.1192, -0.2981, -0.1647)
    [trial 5] 48 features, training_days=50 | threshold=0.823 | labels: 1074 long, 1094 short (50/50%)
    [trial 5] Sharpe=-0.0027 (folds: -0.1011, 0.1257, 0.1170, -0.1553, 0.0001)
    [trial 6] 48 features, training_days=410 | threshold=0.549 | labels: 1074 long, 1094 short (50/50%)
    [trial 6] Sharpe=-0.0106 (folds: 0.4337, -0.0311, 0.0859, -0.3704, -0.1708)
    [trial 7] 48 features, training_days=180 | threshold=0.526 | labels: 1074 long, 1094 short (50/50%)
    [trial 7] Sharpe=-0.0082 (folds: 0.1935, 0.0201, 0.0177, -0.1497, -0.1227)
    [trial 8] 48 features, training_days=240 | threshold=0.811 | labels: 1074 long, 1094 short (50/50%)
    [trial 8] Sharpe=0.0164 (folds: 0.1760, 0.1563, 0.0337, -0.1215, -0.1626)
    [trial 9] 48 features, training_days=20 | threshold=0.538 | labels: 1074 long, 1094 short (50/50%)
    [trial 9] Sharpe=-0.0204 (folds: -0.0309, 0.1261, 0.0194, -0.1412, -0.0756)
    [trial 10] 48 features, training_days=280 | threshold=0.734 | labels: 1074 long, 1094 short (50/50%)
    [trial 10] Sharpe=-0.0167 (folds: -0.0287, 0.0352, 0.1046, -0.1799, -0.0147)
    [trial 11] 48 features, training_days=170 | threshold=0.706 | labels: 1074 long, 1094 short (50/50%)
    [trial 11] Sharpe=0.0056 (folds: 0.1049, 0.1287, 0.0309, -0.2134, -0.0231)
    [trial 12] 48 features, training_days=180 | threshold=0.768 | labels: 1074 long, 1094 short (50/50%)
    [trial 12] Sharpe=-0.0048 (folds: 0.0428, 0.0544, 0.0342, -0.2151, 0.0596)
    [trial 13] 48 features, training_days=260 | threshold=0.648 | labels: 1074 long, 1094 short (50/50%)
    [trial 13] Sharpe=-0.0244 (folds: -0.0175, 0.0795, 0.0913, -0.2579, -0.0177)
    [trial 14] 48 features, training_days=100 | threshold=0.612 | labels: 1074 long, 1094 short (50/50%)
    [trial 14] Sharpe=-0.0658 (folds: -0.1278, 0.0502, -0.0879, 0.0448, -0.2082)
    [trial 15] 48 features, training_days=120 | threshold=0.689 | labels: 1074 long, 1094 short (50/50%)
    [trial 15] Sharpe=-5.8956 (folds: -10.0000, 0.3499, 0.1720, -10.0000, -10.0000)
    [trial 16] 48 features, training_days=320 | threshold=0.769 | labels: 1074 long, 1094 short (50/50%)
    [trial 16] Sharpe=-0.0096 (folds: 0.1367, 0.0518, 0.1279, -0.1920, -0.1724)
    [trial 17] 48 features, training_days=190 | threshold=0.566 | labels: 1074 long, 1094 short (50/50%)
    [trial 17] Sharpe=-0.0309 (folds: -0.0694, 0.1056, -0.0176, -0.1364, -0.0369)
  Optuna: 18 trials, best Sharpe = 0.0164
  Best params: n_estimators=103, max_depth=5, lr=0.0675, leaves=52
  Best confidence_threshold: 0.811
  Best training_days: 240
  Retrained on full data (720 samples, 48 features)
  [ensemble 2/3] seed=123
    [trial 0] 48 features, training_days=150 | threshold=0.744 | labels: 1074 long, 1094 short (50/50%)
    [CV fold 0] train_end=2021-09-22 08:00 | val_start=2021-09-30 00:00 | gap=184h (22 rows)
    [CV fold 1] train_end=2022-01-20 16:00 | val_start=2022-01-28 08:00 | gap=184h (22 rows)
    [CV fold 2] train_end=2022-05-21 00:00 | val_start=2022-05-28 16:00 | gap=184h (22 rows)
    [CV fold 3] train_end=2022-09-18 08:00 | val_start=2022-09-26 00:00 | gap=184h (22 rows)
    [CV fold 4] train_end=2023-01-16 16:00 | val_start=2023-01-24 08:00 | gap=184h (22 rows)
    [trial 0] Sharpe=0.0093 (folds: 0.1451, 0.1723, 0.0238, -0.2228, -0.0719)
    [trial 1] 48 features, training_days=220 | threshold=0.755 | labels: 1074 long, 1094 short (50/50%)
    [trial 1] Sharpe=-1.8103 (folds: 0.2778, 0.1493, 0.5915, -0.0704, -10.0000)
    [trial 2] 48 features, training_days=310 | threshold=0.754 | labels: 1074 long, 1094 short (50/50%)
    [trial 2] Sharpe=-0.0536 (folds: 0.1439, 0.0761, 0.0865, -0.2532, -0.3214)
    [trial 3] 48 features, training_days=220 | threshold=0.673 | labels: 1074 long, 1094 short (50/50%)
    [trial 3] Sharpe=0.0053 (folds: -0.0099, 0.0859, 0.1246, -0.1242, -0.0499)
    [trial 4] 48 features, training_days=130 | threshold=0.803 | labels: 1074 long, 1094 short (50/50%)
    [trial 4] Sharpe=-0.0409 (folds: 0.0372, 0.0722, -0.0074, -0.1649, -0.1414)
    [trial 5] 48 features, training_days=210 | threshold=0.606 | labels: 1074 long, 1094 short (50/50%)
    [trial 5] Sharpe=-0.0229 (folds: -0.0380, 0.0734, 0.0644, -0.2098, -0.0047)
    [trial 6] 48 features, training_days=130 | threshold=0.767 | labels: 1074 long, 1094 short (50/50%)
    [trial 6] Sharpe=-0.0489 (folds: -0.0004, 0.0912, 0.0378, -0.1656, -0.2077)
    [trial 7] 48 features, training_days=80 | threshold=0.556 | labels: 1074 long, 1094 short (50/50%)
    [trial 7] Sharpe=-0.0944 (folds: -0.1590, 0.0488, -0.1110, 0.0257, -0.2764)
    [trial 8] 48 features, training_days=200 | threshold=0.607 | labels: 1074 long, 1094 short (50/50%)
    [trial 8] Sharpe=-0.0371 (folds: -0.0505, 0.1343, -0.0393, -0.1762, -0.0539)
    [trial 9] 48 features, training_days=260 | threshold=0.620 | labels: 1074 long, 1094 short (50/50%)
    [trial 9] Sharpe=0.0058 (folds: 0.0784, 0.1095, 0.1012, -0.2208, -0.0395)
    [trial 10] 48 features, training_days=470 | threshold=0.845 | labels: 1074 long, 1094 short (50/50%)
    [trial 10] Sharpe=0.0309 (folds: 0.5337, 0.2575, -0.0467, -0.0048, -0.5852)
    [trial 11] 48 features, training_days=500 | threshold=0.837 | labels: 1074 long, 1094 short (50/50%)
    [trial 11] Sharpe=0.1209 (folds: 0.4853, 0.2271, 0.0139, -0.0559, -0.0660)
    [trial 12] 48 features, training_days=500 | threshold=0.831 | labels: 1074 long, 1094 short (50/50%)
    [trial 12] Sharpe=0.1088 (folds: 0.4688, 0.1961, -0.0116, 0.0174, -0.1266)
    [trial 13] 48 features, training_days=500 | threshold=0.832 | labels: 1074 long, 1094 short (50/50%)
    [trial 13] Sharpe=0.1680 (folds: 0.5430, 0.2498, -0.0146, 0.1060, -0.0444)
    [trial 14] 48 features, training_days=400 | threshold=0.697 | labels: 1074 long, 1094 short (50/50%)
    [trial 14] Sharpe=-0.0967 (folds: 0.1128, 0.1372, 0.0809, -0.3361, -0.4783)
    [trial 15] 48 features, training_days=390 | threshold=0.503 | labels: 1074 long, 1094 short (50/50%)
    [trial 15] Sharpe=-0.0571 (folds: 0.0011, 0.0909, 0.0304, -0.2842, -0.1237)
    [trial 16] 48 features, training_days=430 | threshold=0.798 | labels: 1074 long, 1094 short (50/50%)
    [trial 16] Sharpe=-0.0193 (folds: 0.3320, 0.1296, -0.0658, -0.2056, -0.2866)[I 2026-06-01 15:46:03,978] Trial 16 finished with value: -0.019282364807077113 and parameters: {'confidence_threshold': 0.7977991059633813, 'training_days': 430, 'n_estimators': 279, 'max_depth': 5, 'num_leaves': 45, 'learning_rate': 0.014362534273629912, 'subsample': 0.8947310972654553, 'colsample_bytree': 0.5026824132782713, 'min_child_samples': 37, 'reg_alpha': 3.7884455860875055e-07, 'reg_lambda': 0.005107439934852133}. Best is trial 13 with value: 0.1679635421359946.
[I 2026-06-01 15:46:04,272] Trial 17 finished with value: -0.027017809213397564 and parameters: {'confidence_threshold': 0.7110519736587814, 'training_days': 330, 'n_estimators': 432, 'max_depth': 4, 'num_leaves': 59, 'learning_rate': 0.03035376094247848, 'subsample': 0.9202138733708044, 'colsample_bytree': 0.6659985414125037, 'min_child_samples': 82, 'reg_alpha': 7.284070645541434, 'reg_lambda': 0.3110627050138167}. Best is trial 13 with value: 0.1679635421359946.
[I 2026-06-01 15:46:04,579] A new study created in memory with name: no-name-694c91c1-30d2-4939-bb2b-d8371db5a09d
[I 2026-06-01 15:46:04,769] Trial 0 finished with value: -0.07514080354013507 and parameters: {'confidence_threshold': 0.5870645682749857, 'training_days': 90, 'n_estimators': 403, 'max_depth': 5, 'num_leaves': 45, 'learning_rate': 0.0780457193679974, 'subsample': 0.9428509515574568, 'colsample_bytree': 0.8795587339164916, 'min_child_samples': 34, 'reg_alpha': 2.2465901234314442e-07, 'reg_lambda': 8.339007036475363e-05}. Best is trial 0 with value: -0.07514080354013507.
[I 2026-06-01 15:46:04,884] Trial 1 finished with value: 0.03866952361493856 and parameters: {'confidence_threshold': 0.6348453934275313, 'training_days': 290, 'n_estimators': 115, 'max_depth': 5, 'num_leaves': 37, 'learning_rate': 0.06949568759029946, 'subsample': 0.8228505074024268, 'colsample_bytree': 0.8616703220431751, 'min_child_samples': 75, 'reg_alpha': 4.2486822725010923e-07, 'reg_lambda': 1.157247767047042e-07}. Best is trial 1 with value: 0.03866952361493856.
[I 2026-06-01 15:46:04,906] Trial 2 finished with value: -0.020447178775789047 and parameters: {'confidence_threshold': 0.5849570384370288, 'training_days': 10, 'n_estimators': 212, 'max_depth': 3, 'num_leaves': 41, 'learning_rate': 0.18452095998378365, 'subsample': 0.6001060822924371, 'colsample_bytree': 0.5673167293506167, 'min_child_samples': 37, 'reg_alpha': 5.733250064217131, 'reg_lambda': 0.5308454292595461}. Best is trial 1 with value: 0.03866952361493856.
[I 2026-06-01 15:46:04,986] Trial 3 finished with value: 0.08429330470854976 and parameters: {'confidence_threshold': 0.6868248626683718, 'training_days': 220, 'n_estimators': 134, 'max_depth': 3, 'num_leaves': 45, 'learning_rate': 0.033529007907491595, 'subsample': 0.8647277071858408, 'colsample_bytree': 0.778494116634046, 'min_child_samples': 96, 'reg_alpha': 2.409409937265785e-07, 'reg_lambda': 1.1642073478060009}. Best is trial 3 with value: 0.08429330470854976.
[I 2026-06-01 15:46:05,081] Trial 4 finished with value: -0.00023366551910118105 and parameters: {'confidence_threshold': 0.5623121348350352, 'training_days': 300, 'n_estimators': 69, 'max_depth': 4, 'num_leaves': 32, 'learning_rate': 0.14967629360700346, 'subsample': 0.5054535233636654, 'colsample_bytree': 0.7401385194659216, 'min_child_samples': 27, 'reg_alpha': 1.4212042567426725e-07, 'reg_lambda': 0.23605753701352003}. Best is trial 3 with value: 0.08429330470854976.
[I 2026-06-01 15:46:05,528] Trial 5 finished with value: -0.05795997155695749 and parameters: {'confidence_threshold': 0.7111850244908446, 'training_days': 490, 'n_estimators': 362, 'max_depth': 5, 'num_leaves': 40, 'learning_rate': 0.05960785724162737, 'subsample': 0.5589714368907717, 'colsample_bytree': 0.6659006943232806, 'min_child_samples': 42, 'reg_alpha': 0.6741360303045295, 'reg_lambda': 6.054601607143087e-08}. Best is trial 3 with value: 0.08429330470854976.
[I 2026-06-01 15:46:05,724] Trial 6 finished with value: -0.07966817172159586 and parameters: {'confidence_threshold': 0.667482545748023, 'training_days': 420, 'n_estimators': 279, 'max_depth': 3, 'num_leaves': 45, 'learning_rate': 0.040099592560849204, 'subsample': 0.8563114696415159, 'colsample_bytree': 0.5442917781944105, 'min_child_samples': 50, 'reg_alpha': 1.6407916423707903e-08, 'reg_lambda': 2.935907642973286e-05}. Best is trial 3 with value: 0.08429330470854976.
[I 2026-06-01 15:46:05,891] Trial 7 finished with value: -0.050816945165965334 and parameters: {'confidence_threshold': 0.5497381024139926, 'training_days': 120, 'n_estimators': 408, 'max_depth': 5, 'num_leaves': 38, 'learning_rate': 0.28049122657745795, 'subsample': 0.8806573338635493, 'colsample_bytree': 0.5454054113547102, 'min_child_samples': 63, 'reg_alpha': 0.01263008637940408, 'reg_lambda': 0.04588020805366937}. Best is trial 3 with value: 0.08429330470854976.
[I 2026-06-01 15:46:06,159] Trial 8 finished with value: -0.02207958812141909 and parameters: {'confidence_threshold': 0.719644804808716, 'training_days': 450, 'n_estimators': 410, 'max_depth': 4, 'num_leaves': 57, 'learning_rate': 0.04022026551478857, 'subsample': 0.5336085426932707, 'colsample_bytree': 0.5705742850577543, 'min_child_samples': 100, 'reg_alpha': 5.916398047912201e-07, 'reg_lambda': 0.9794034214488329}. Best is trial 3 with value: 0.08429330470854976.
[I 2026-06-01 15:46:06,181] Trial 9 finished with value: -0.020447178775789047 and parameters: {'confidence_threshold': 0.7267463643917187, 'training_days': 20, 'n_estimators': 337, 'max_depth': 5, 'num_leaves': 23, 'learning_rate': 0.022153031811454605, 'subsample': 0.6305627572358737, 'colsample_bytree': 0.6613413774216214, 'min_child_samples': 81, 'reg_alpha': 5.7638634029410314e-08, 'reg_lambda': 8.26603016764008}. Best is trial 3 with value: 0.08429330470854976.
[I 2026-06-01 15:46:06,281] Trial 10 finished with value: -8.063568219300201 and parameters: {'confidence_threshold': 0.8283920119574972, 'training_days': 200, 'n_estimators': 181, 'max_depth': 3, 'num_leaves': 62, 'learning_rate': 0.011579281028220855, 'subsample': 0.7130289643560688, 'colsample_bytree': 0.9944479338273263, 'min_child_samples': 100, 'reg_alpha': 6.837313901272251e-05, 'reg_lambda': 0.0027253228209330924}. Best is trial 3 with value: 0.08429330470854976.
[I 2026-06-01 15:46:06,357] Trial 11 finished with value: 0.019732093713530293 and parameters: {'confidence_threshold': 0.6435110568867387, 'training_days': 300, 'n_estimators': 53, 'max_depth': 4, 'num_leaves': 52, 'learning_rate': 0.0222741777320615, 'subsample': 0.7864449612484271, 'colsample_bytree': 0.8566211708639163, 'min_child_samples': 82, 'reg_alpha': 2.5646023357365184e-05, 'reg_lambda': 7.359299995524362e-08}. Best is trial 3 with value: 0.08429330470854976.
[I 2026-06-01 15:46:06,467] Trial 12 finished with value: 0.059938051020178074 and parameters: {'confidence_threshold': 0.8008961038526314, 'training_days': 220, 'n_estimators': 139, 'max_depth': 4, 'num_leaves': 28, 'learning_rate': 0.09265206884400709, 'subsample': 0.9912016966112274, 'colsample_bytree': 0.8319084769095351, 'min_child_samples': 77, 'reg_alpha': 3.5050805301964397e-06, 'reg_lambda': 2.323935870907716e-06}. Best is trial 3 with value: 0.08429330470854976.
[I 2026-06-01 15:46:06,577] Trial 13 finished with value: 0.032411571253939966 and parameters: {'confidence_threshold': 0.8155882952259649, 'training_days': 200, 'n_estimators': 167, 'max_depth': 4, 'num_leaves': 15, 'learning_rate': 0.10689882610703773, 'subsample': 0.9814243437154605, 'colsample_bytree': 0.7704197786801941, 'min_child_samples': 89, 'reg_alpha': 7.181938493272106e-06, 'reg_lambda': 5.735142082835628e-06}. Best is trial 3 with value: 0.08429330470854976.
[I 2026-06-01 15:46:06,854] Trial 14 finished with value: 0.05790003541148074 and parameters: {'confidence_threshold': 0.7723320301796328, 'training_days': 210, 'n_estimators': 500, 'max_depth': 3, 'num_leaves': 25, 'learning_rate': 0.024122962610962754, 'subsample': 0.9196426355912098, 'colsample_bytree': 0.7832231035788051, 'min_child_samples': 66, 'reg_alpha': 0.0005061136429986853, 'reg_lambda': 0.0023671002879568693}. Best is trial 3 with value: 0.08429330470854976.
[I 2026-06-01 15:46:07,023] Trial 15 finished with value: -0.002775058455262147 and parameters: {'confidence_threshold': 0.7829525506318393, 'training_days': 390, 'n_estimators': 242, 'max_depth': 3, 'num_leaves': 27, 'learning_rate': 0.038011892577806274, 'subsample': 0.9954834961259552, 'colsample_bytree': 0.9570128790620087, 'min_child_samples': 91, 'reg_alpha': 0.002133995302102601, 'reg_lambda': 1.8189695856709386e-06}. Best is trial 3 with value: 0.08429330470854976.
[I 2026-06-01 15:46:07,089] Trial 16 finished with value: -0.041931918611351246 and parameters: {'confidence_threshold': 0.5156958281455359, 'training_days': 130, 'n_estimators': 125, 'max_depth': 4, 'num_leaves': 50, 'learning_rate': 0.010192565023565005, 'subsample': 0.7503209217476728, 'colsample_bytree': 0.704113745800891, 'min_child_samples': 73, 'reg_alpha': 3.986977648821814e-06, 'reg_lambda': 0.000855876310048679}. Best is trial 3 with value: 0.08429330470854976.
