[I 2026-06-01 15:47:32,268] Trial 17 finished with value: 0.03176663245822902 and parameters: {'confidence_threshold': 0.5003443083285909, 'training_days': 260, 'n_estimators': 246, 'max_depth': 3, 'num_leaves': 19, 'learning_rate': 0.2188120709919232, 'subsample': 0.6718064291677197, 'colsample_bytree': 0.8307686948937985, 'min_child_samples': 61, 'reg_alpha': 0.000537586349189418, 'reg_lambda': 0.01983094108362545}. Best is trial 10 with value: 0.10041223153118148.

    [trial 14] Sharpe=-0.0271 (folds: 0.0010, -0.1597, -0.0756, 0.0479, 0.0511)
    [trial 15] 48 features, training_days=430 | threshold=0.711 | labels: 1053 long, 1115 short (49/51%)
    [trial 15] Sharpe=-0.0114 (folds: 0.0863, -0.2120, -0.0616, 0.0566, 0.0740)
    [trial 16] 48 features, training_days=290 | threshold=0.646 | labels: 1053 long, 1115 short (49/51%)
    [trial 16] Sharpe=-0.0268 (folds: 0.1573, -0.2726, -0.0986, -0.0826, 0.1627)
    [trial 17] 48 features, training_days=390 | threshold=0.812 | labels: 1053 long, 1115 short (49/51%)
    [trial 17] Sharpe=-5.9870 (folds: 0.1028, -0.0378, -10.0000, -10.0000, -10.0000)
  Optuna: 18 trials, best Sharpe = 0.0669
  Best params: n_estimators=190, max_depth=4, lr=0.2481, leaves=58
  Best confidence_threshold: 0.673
  Best training_days: 220
  Retrained on full data (660 samples, 48 features)
  [ensemble 3/3] seed=456
    [trial 0] 48 features, training_days=90 | threshold=0.587 | labels: 1053 long, 1115 short (49/51%)
    [CV fold 0] train_end=2022-05-25 08:00 | val_start=2022-06-02 00:00 | gap=184h (22 rows)
    [CV fold 1] train_end=2022-09-22 16:00 | val_start=2022-09-30 08:00 | gap=184h (22 rows)
    [CV fold 2] train_end=2023-01-21 00:00 | val_start=2023-01-28 16:00 | gap=184h (22 rows)
    [CV fold 3] train_end=2023-05-21 08:00 | val_start=2023-05-29 00:00 | gap=184h (22 rows)
    [CV fold 4] train_end=2023-09-18 16:00 | val_start=2023-09-26 08:00 | gap=184h (22 rows)
    [trial 0] Sharpe=-0.0430 (folds: -0.1038, 0.0076, -0.1455, 0.0293, -0.0028)
    [trial 1] 48 features, training_days=290 | threshold=0.635 | labels: 1053 long, 1115 short (49/51%)
    [trial 1] Sharpe=0.0304 (folds: 0.1016, -0.3069, 0.0181, 0.0610, 0.2782)
    [trial 2] 48 features, training_days=10 | threshold=0.585 | labels: 1053 long, 1115 short (49/51%)
    [trial 2] Sharpe=-0.0111 (folds: 0.0056, 0.0183, 0.0152, 0.1148, -0.2095)
    [trial 3] 48 features, training_days=220 | threshold=0.687 | labels: 1053 long, 1115 short (49/51%)
    [trial 3] Sharpe=0.0610 (folds: 0.2413, -0.1927, -0.1751, 0.1043, 0.3273)
    [trial 4] 48 features, training_days=300 | threshold=0.562 | labels: 1053 long, 1115 short (49/51%)
    [trial 4] Sharpe=0.0680 (folds: 0.0478, -0.1077, 0.0147, 0.0984, 0.2867)
    [trial 5] 48 features, training_days=490 | threshold=0.711 | labels: 1053 long, 1115 short (49/51%)
    [trial 5] Sharpe=-0.0563 (folds: 0.0371, -0.1856, -0.0742, 0.0709, -0.1297)
    [trial 6] 48 features, training_days=420 | threshold=0.667 | labels: 1053 long, 1115 short (49/51%)
    [trial 6] Sharpe=0.0161 (folds: 0.1229, -0.2459, -0.1044, 0.1451, 0.1626)
    [trial 7] 48 features, training_days=120 | threshold=0.550 | labels: 1053 long, 1115 short (49/51%)
    [trial 7] Sharpe=-0.0383 (folds: 0.0551, -0.1708, -0.1001, -0.1012, 0.1255)
    [trial 8] 48 features, training_days=450 | threshold=0.720 | labels: 1053 long, 1115 short (49/51%)
    [trial 8] Sharpe=-0.0152 (folds: 0.1239, -0.2733, -0.1354, -0.0063, 0.2150)
    [trial 9] 48 features, training_days=20 | threshold=0.727 | labels: 1053 long, 1115 short (49/51%)
    [trial 9] Sharpe=-2.0699 (folds: 0.0056, -0.1610, 0.0152, -10.0000, -0.2095)
    [trial 10] 48 features, training_days=320 | threshold=0.840 | labels: 1053 long, 1115 short (49/51%)
    [trial 10] Sharpe=0.1004 (folds: 0.2355, -0.1237, -0.2711, 0.2574, 0.4039)
    [trial 11] 48 features, training_days=330 | threshold=0.849 | labels: 1053 long, 1115 short (49/51%)
    [trial 11] Sharpe=0.0256 (folds: 0.3257, -0.1248, -0.1262, 0.1148, -0.0614)
    [trial 12] 48 features, training_days=360 | threshold=0.839 | labels: 1053 long, 1115 short (49/51%)
    [trial 12] Sharpe=-0.1623 (folds: 0.2351, -0.2570, -0.2576, -0.1506, -0.3816)
    [trial 13] 48 features, training_days=220 | threshold=0.504 | labels: 1053 long, 1115 short (49/51%)
    [trial 13] Sharpe=0.0748 (folds: 0.0827, -0.1146, 0.0423, 0.2051, 0.1585)
    [trial 14] 48 features, training_days=210 | threshold=0.773 | labels: 1053 long, 1115 short (49/51%)
    [trial 14] Sharpe=-0.0036 (folds: 0.0992, -0.2361, 0.0426, -0.0082, 0.0844)
    [trial 15] 48 features, training_days=180 | threshold=0.507 | labels: 1053 long, 1115 short (49/51%)
    [trial 15] Sharpe=-0.0117 (folds: 0.0799, -0.3327, -0.0591, 0.0892, 0.1640)
    [trial 16] 48 features, training_days=380 | threshold=0.781 | labels: 1053 long, 1115 short (49/51%)
    [trial 16] Sharpe=-0.0334 (folds: 0.0478, -0.1775, -0.0699, 0.0963, -0.0636)
    [trial 17] 48 features, training_days=260 | threshold=0.500 | labels: 1053 long, 1115 short (49/51%)
    [trial 17] Sharpe=0.0318 (folds: 0.0600, -0.1691, -0.0090, 0.0397, 0.2373)
  Optuna: 18 trials, best Sharpe = 0.1004
  Best params: n_estimators=52, max_depth=4, lr=0.1708, leaves=15
  Best confidence_threshold: 0.840
  Best training_days: 320
  Retrained on full data (960 samples, 48 features)
  OOD: 16 features, cutoff (q=0.7) = 15.04
  Model trained for 2024-02: 87 test candles with features, confidence_threshold=0.778
[trade:close] 2024-02-04 08:00 ETHUSDT LONG → timeout @ 2289.67 | PnL=+0.34% (net +0.24%) | cum=-0.10% 2024-02=+0.24% 2024-02-04=+0.24%
[predict] 2024-02-05 00:00 ETHUSDT → LONG (proba=0.78 TP=5.9%/SL=2.9%)
[trade:open] 2024-02-05 07:59 ETHUSDT LONG @ 2309.74 | SL=2241.84 TP=2445.54 | timeout=2024-02-12 07:59
[trade:close] 2024-02-08 15:59 ETHUSDT LONG → take_profit @ 2445.54 | PnL=+5.88% (net +5.78%) | cum=+5.68% 2024-02=+6.02% 2024-02-08=+5.78%
[predict] 2024-02-11 08:00 ETHUSDT → SHORT (proba=0.87 TP=5.8%/SL=2.9%)
[trade:open] 2024-02-11 15:59 ETHUSDT SHORT @ 2507.64 | SL=2580.94 TP=2361.04 | timeout=2024-02-18 15:59
[trade:close] 2024-02-12 23:59 ETHUSDT SHORT → stop_loss @ 2580.94 | PnL=-2.92% (net -3.02%) | cum=+2.66% 2024-02=+3.00% 2024-02-12=-3.02%
[predict] 2024-02-17 08:00 ETHUSDT → SHORT (proba=0.96 TP=8.3%/SL=4.2%)
[trade:open] 2024-02-17 15:59 ETHUSDT SHORT @ 2756.35 | SL=2870.95 TP=2527.16 | timeout=2024-02-24 15:59
[trade:close] 2024-02-18 23:59 ETHUSDT SHORT → stop_loss @ 2870.95 | PnL=-4.16% (net -4.26%) | cum=-1.60% 2024-02=-1.26% 2024-02-18=-4.26%
[predict] 2024-02-21 00:00 ETHUSDT → SHORT (proba=0.91 TP=9.6%/SL=4.8%)
[trade:open] 2024-02-21 07:59 ETHUSDT SHORT @ 2941.89 | SL=3083.68 TP=2658.31 | timeout=2024-02-28 07:59
[trade:close] 2024-02-25 23:59 ETHUSDT SHORT → stop_loss @ 3083.68 | PnL=-4.82% (net -4.92%) | cum=-6.52% 2024-02=-6.18% 2024-02-25=-4.92%
[lgbm] === Training for 2024-03 ===
  Train window: 2022-03-01 → 2024-02-22
  2171 training samples from 1 symbols
  Samples per month: 2022-03: 93, 2022-04: 90, 2022-05: 93, 2022-06: 90, 2022-07: 93, 2022-08: 93, 2022-09: 90, 2022-10: 93, 2022-11: 90, 2022-12: 93, 2023-01: 93, 2023-02: 84, 2023-03: 93, 2023-04: 90, 2023-05: 93, 2023-06: 90, 2023-07: 93, 2023-08: 93, 2023-09: 90, 2023-10: 93, 2023-11: 90, 2023-12: 93, 2024-01: 93, 2024-02: 65
  [label] 2022-05-01 16:00 ETHUSDT entry=2823.3800 → SHORT | long=sl(-5.27%) short=tp(+10.25%) | scanned=19 | short_tp_only
  [label] 2022-05-04 00:00 ETHUSDT entry=2828.1200 → SHORT | long=sl(-4.66%) short=sl(-4.66%) | scanned=5 | no_tp→fwd_return=-2.8906
  [label] 2022-05-07 16:00 ETHUSDT entry=2634.8200 → SHORT | long=sl(-5.46%) short=tp(+10.62%) | scanned=5 | short_tp_only
  [label] 2022-06-01 08:00 ETHUSDT entry=1880.3000 → SHORT | long=sl(-6.85%) short=timeout(+3.40%) | scanned=22 | no_tp→fwd_return=-3.5048
  [label] 2022-07-24 00:00 ETHUSDT entry=1605.0400 → LONG | long=sl(-8.80%) short=sl(-8.80%) | scanned=13 | no_tp→fwd_return=+7.6808
  [label] 2023-01-06 00:00 ETHUSDT entry=1247.4500 → LONG | long=tp(+4.72%) short=sl(-2.51%) | scanned=9 | long_tp_only
  [label] 2023-01-10 00:00 ETHUSDT entry=1323.2500 → LONG | long=tp(+5.17%) short=sl(-2.73%) | scanned=5 | long_tp_only
  [label] 2023-01-20 16:00 ETHUSDT entry=1659.0100 → SHORT | long=sl(-5.29%) short=timeout(+3.63%) | scanned=22 | no_tp→fwd_return=-3.7329
  [label] 2023-03-06 16:00 ETHUSDT entry=1565.1700 → SHORT | long=sl(-3.38%) short=tp(+6.46%) | scanned=9 | short_tp_only
  [label] 2023-03-15 08:00 ETHUSDT entry=1634.4400 → LONG | long=timeout(+10.35%) short=sl(-7.01%) | scanned=22 | no_tp→fwd_return=+10.4513[I 2026-06-01 15:47:32,808] A new study created in memory with name: no-name-732d7740-3342-4431-bb56-73b7c79afccf
[I 2026-06-01 15:47:33,147] Trial 0 finished with value: -0.0786926157312294 and parameters: {'confidence_threshold': 0.6310890415965769, 'training_days': 480, 'n_estimators': 380, 'max_depth': 4, 'num_leaves': 22, 'learning_rate': 0.01699897838270077, 'subsample': 0.5290418060840998, 'colsample_bytree': 0.9330880728874675, 'min_child_samples': 68, 'reg_alpha': 0.023585940584142682, 'reg_lambda': 1.5320059381854043e-08}. Best is trial 0 with value: -0.0786926157312294.
[I 2026-06-01 15:47:33,270] Trial 1 finished with value: -2.463736245797548 and parameters: {'confidence_threshold': 0.839468448256698, 'training_days': 420, 'n_estimators': 145, 'max_depth': 3, 'num_leaves': 23, 'learning_rate': 0.028145092716060652, 'subsample': 0.762378215816119, 'colsample_bytree': 0.7159725093210578, 'min_child_samples': 43, 'reg_alpha': 0.0032112643094417484, 'reg_lambda': 1.8007140198129195e-07}. Best is trial 0 with value: -0.0786926157312294.
[I 2026-06-01 15:47:33,413] Trial 2 finished with value: -0.006825122691565694 and parameters: {'confidence_threshold': 0.6022506269873263, 'training_days': 190, 'n_estimators': 255, 'max_depth': 5, 'num_leaves': 24, 'learning_rate': 0.05748924681991978, 'subsample': 0.7962072844310213, 'colsample_bytree': 0.5232252063599989, 'min_child_samples': 69, 'reg_alpha': 3.425445902633376e-07, 'reg_lambda': 3.850031979199519e-08}. Best is trial 2 with value: -0.006825122691565694.
[I 2026-06-01 15:47:33,667] Trial 3 finished with value: -0.05980434712466444 and parameters: {'confidence_threshold': 0.8321099380386666, 'training_days': 490, 'n_estimators': 414, 'max_depth': 3, 'num_leaves': 19, 'learning_rate': 0.1024932221692416, 'subsample': 0.7200762468698007, 'colsample_bytree': 0.5610191174223894, 'min_child_samples': 60, 'reg_alpha': 2.039373116525212e-08, 'reg_lambda': 1.527156759251193}. Best is trial 2 with value: -0.006825122691565694.
[I 2026-06-01 15:47:33,835] Trial 4 finished with value: -0.009247981604541705 and parameters: {'confidence_threshold': 0.5905729935600059, 'training_days': 340, 'n_estimators': 190, 'max_depth': 4, 'num_leaves': 41, 'learning_rate': 0.01875220945578641, 'subsample': 0.9847923138822793, 'colsample_bytree': 0.8875664116805573, 'min_child_samples': 96, 'reg_alpha': 1.1309571585271483, 'reg_lambda': 0.002404915432737351}. Best is trial 2 with value: -0.006825122691565694.
[I 2026-06-01 15:47:33,875] Trial 5 finished with value: 0.022815123278729692 and parameters: {'confidence_threshold': 0.8226559822580909, 'training_days': 50, 'n_estimators': 138, 'max_depth': 3, 'num_leaves': 30, 'learning_rate': 0.03750796359625606, 'subsample': 0.6356745158869479, 'colsample_bytree': 0.9143687545759647, 'min_child_samples': 48, 'reg_alpha': 3.376063348877853e-06, 'reg_lambda': 0.0007660634613082914}. Best is trial 5 with value: 0.022815123278729692.
[I 2026-06-01 15:47:34,002] Trial 6 finished with value: -0.07885461597238397 and parameters: {'confidence_threshold': 0.5493234787411669, 'training_days': 410, 'n_estimators': 83, 'max_depth': 5, 'num_leaves': 52, 'learning_rate': 0.019657448966046126, 'subsample': 0.5027610585618012, 'colsample_bytree': 0.9077307142274171, 'min_child_samples': 77, 'reg_alpha': 0.03639690979811287, 'reg_lambda': 0.08738424135626986}. Best is trial 5 with value: 0.022815123278729692.
[I 2026-06-01 15:47:34,096] Trial 7 finished with value: -0.030884948753673914 and parameters: {'confidence_threshold': 0.5259156281069316, 'training_days': 180, 'n_estimators': 102, 'max_depth': 5, 'num_leaves': 45, 'learning_rate': 0.030816017044468066, 'subsample': 0.5317791751430119, 'colsample_bytree': 0.6554911608578311, 'min_child_samples': 46, 'reg_alpha': 0.036851536911881845, 'reg_lambda': 0.005470376807480391}. Best is trial 5 with value: 0.022815123278729692.
[I 2026-06-01 15:47:34,214] Trial 8 finished with value: 0.04431315365761932 and parameters: {'confidence_threshold': 0.8105244599017143, 'training_days': 240, 'n_estimators': 103, 'max_depth': 5, 'num_leaves': 52, 'learning_rate': 0.06746437142284309, 'subsample': 0.8854835899772805, 'colsample_bytree': 0.7468977981821954, 'min_child_samples': 62, 'reg_alpha': 7.04480806377519e-05, 'reg_lambda': 1.6934490731313353e-08}. Best is trial 8 with value: 0.04431315365761932.
[I 2026-06-01 15:47:34,239] Trial 9 finished with value: -1.928670951829919 and parameters: {'confidence_threshold': 0.5377619994476566, 'training_days': 20, 'n_estimators': 337, 'max_depth': 3, 'num_leaves': 39, 'learning_rate': 0.21907142272152816, 'subsample': 0.6246461145744375, 'colsample_bytree': 0.7051914615178149, 'min_child_samples': 81, 'reg_alpha': 1.1459970229341322e-06, 'reg_lambda': 4.929685216887945e-08}. Best is trial 8 with value: 0.04431315365761932.
[I 2026-06-01 15:47:34,835] Trial 10 finished with value: 0.009894076222463312 and parameters: {'confidence_threshold': 0.734042426776949, 'training_days': 280, 'n_estimators': 487, 'max_depth': 5, 'num_leaves': 62, 'learning_rate': 0.10432148521337849, 'subsample': 0.9416850669512905, 'colsample_bytree': 0.8120417635861826, 'min_child_samples': 27, 'reg_alpha': 7.238112263003475e-05, 'reg_lambda': 3.3639426888455256e-06}. Best is trial 8 with value: 0.04431315365761932.
[I 2026-06-01 15:47:34,866] Trial 11 finished with value: -10.0 and parameters: {'confidence_threshold': 0.7615879655568232, 'training_days': 20, 'n_estimators': 212, 'max_depth': 4, 'num_leaves': 33, 'learning_rate': 0.061519626256430725, 'subsample': 0.8696252151616218, 'colsample_bytree': 0.8131245566687184, 'min_child_samples': 51, 'reg_alpha': 3.9063190689761285e-05, 'reg_lambda': 1.7775498934647403e-05}. Best is trial 8 with value: 0.04431315365761932.
[I 2026-06-01 15:47:34,931] Trial 12 finished with value: 0.034697827254334 and parameters: {'confidence_threshold': 0.7683435244955696, 'training_days': 140, 'n_estimators': 59, 'max_depth': 3, 'num_leaves': 54, 'learning_rate': 0.03869752912015806, 'subsample': 0.6551512766854299, 'colsample_bytree': 0.995657538673677, 'min_child_samples': 30, 'reg_alpha': 3.7913577838145125e-06, 'reg_lambda': 0.00010582050771147222}. Best is trial 8 with value: 0.04431315365761932.
[I 2026-06-01 15:47:35,007] Trial 13 finished with value: 0.002956499151743819 and parameters: {'confidence_threshold': 0.736260373163175, 'training_days': 130, 'n_estimators': 58, 'max_depth': 4, 'num_leaves': 57, 'learning_rate': 0.10552560750838863, 'subsample': 0.8690491710631163, 'colsample_bytree': 0.9995061729923391, 'min_child_samples': 22, 'reg_alpha': 0.00023323394909551966, 'reg_lambda': 1.164720859767682e-05}. Best is trial 8 with value: 0.04431315365761932.
[I 2026-06-01 15:47:35,096] Trial 14 finished with value: -10.0 and parameters: {'confidence_threshold': 0.7871652886153421, 'training_days': 260, 'n_estimators': 59, 'max_depth': 4, 'num_leaves': 49, 'learning_rate': 0.011688985966806223, 'subsample': 0.6832818078338639, 'colsample_bytree': 0.797022650179907, 'min_child_samples': 31, 'reg_alpha': 1.4847666624200934e-05, 'reg_lambda': 1.6069617666324253e-06}. Best is trial 8 with value: 0.04431315365761932.
[I 2026-06-01 15:47:35,214] Trial 15 finished with value: -0.06793940970829906 and parameters: {'confidence_threshold': 0.6898924042001959, 'training_days': 110, 'n_estimators': 170, 'max_depth': 5, 'num_leaves': 57, 'learning_rate': 0.21055338089310124, 'subsample': 0.8366945867447776, 'colsample_bytree': 0.6290746674720268, 'min_child_samples': 35, 'reg_alpha': 7.691552343527566e-08, 'reg_lambda': 0.00010079030010438331}. Best is trial 8 with value: 0.04431315365761932.
[I 2026-06-01 15:47:35,362] Trial 16 finished with value: 0.012151334391835711 and parameters: {'confidence_threshold': 0.6809416747270094, 'training_days': 220, 'n_estimators': 246, 'max_depth': 3, 'num_leaves': 63, 'learning_rate': 0.0742708334836405, 'subsample': 0.6022959818573481, 'colsample_bytree': 0.7663584390575363, 'min_child_samples': 59, 'reg_alpha': 0.00043095139557057635, 'reg_lambda': 0.03914242877355212}. Best is trial 8 with value: 0.04431315365761932.
[I 2026-06-01 15:47:35,590] Trial 17 finished with value: -0.006287498283530415 and parameters: {'confidence_threshold': 0.789403558838043, 'training_days': 310, 'n_estimators': 307, 'max_depth': 4, 'num_leaves': 53, 'learning_rate': 0.04040650520916775, 'subsample': 0.9169011685076653, 'colsample_bytree': 0.9956385980717998, 'min_child_samples': 90, 'reg_alpha': 3.6679306801268105e-06, 'reg_lambda': 6.880925840516315e-07}. Best is trial 8 with value: 0.04431315365761932.
[I 2026-06-01 15:47:35,907] A new study created in memory with name: no-name-5548a75a-b556-4bd7-8d4f-32cead8e31d8
[I 2026-06-01 15:47:36,009] Trial 0 finished with value: -0.06845428968403373 and parameters: {'confidence_threshold': 0.7437642149592516, 'training_days': 150, 'n_estimators': 152, 'max_depth': 4, 'num_leaves': 50, 'learning_rate': 0.04216766425047743, 'subsample': 0.9903820991923078, 'colsample_bytree': 0.8424148692924316, 'min_child_samples': 58, 'reg_alpha': 3.381097259762742e-05, 'reg_lambda': 1.2263152961306247e-05}. Best is trial 0 with value: -0.06845428968403373.
[I 2026-06-01 15:47:36,094] Trial 1 finished with value: -3.9672945795802983 and parameters: {'confidence_threshold': 0.7551673975844145, 'training_days': 220, 'n_estimators': 76, 'max_depth': 4, 'num_leaves': 51, 'learning_rate': 0.018602118810743477, 'subsample': 0.5877258780737462, 'colsample_bytree': 0.7657756869209191, 'min_child_samples': 63, 'reg_alpha': 0.005123994170264194, 'reg_lambda': 0.44145470178120466}. Best is trial 0 with value: -0.06845428968403373.
[I 2026-06-01 15:47:36,358] Trial 2 finished with value: 0.0582297993875169 and parameters: {'confidence_threshold': 0.7535593637012223, 'training_days': 310, 'n_estimators': 375, 'max_depth': 3, 'num_leaves': 32, 'learning_rate': 0.021735641882032388, 'subsample': 0.6468570231944146, 'colsample_bytree': 0.8154880619272439, 'min_child_samples': 27, 'reg_alpha': 8.004064028491336e-05, 'reg_lambda': 7.546835261630524e-05}. Best is trial 2 with value: 0.0582297993875169.
[I 2026-06-01 15:47:36,522] Trial 3 finished with value: 0.054042939095136536 and parameters: {'confidence_threshold': 0.6727897841776072, 'training_days': 220, 'n_estimators': 190, 'max_depth': 4, 'num_leaves': 58, 'learning_rate': 0.24810689332636193, 'subsample': 0.7509183379421682, 'colsample_bytree': 0.8119764758960556, 'min_child_samples': 29, 'reg_alpha': 7.1708285081421445e-06, 'reg_lambda': 5.412973582738627e-05}. Best is trial 2 with value: 0.0582297993875169.
[I 2026-06-01 15:47:36,651] Trial 4 finished with value: -0.06865423945902169 and parameters: {'confidence_threshold': 0.803208205259178, 'training_days': 130, 'n_estimators': 267, 'max_depth': 5, 'num_leaves': 40, 'learning_rate': 0.08041175317374143, 'subsample': 0.5603143329951619, 'colsample_bytree': 0.9131704002534167, 'min_child_samples': 68, 'reg_alpha': 0.0008046593428183385, 'reg_lambda': 1.2158346158765583e-05}. Best is trial 2 with value: 0.0582297993875169.
[I 2026-06-01 15:47:36,880] Trial 5 finished with value: 0.01005474144510769 and parameters: {'confidence_threshold': 0.6064422761595144, 'training_days': 210, 'n_estimators': 357, 'max_depth': 5, 'num_leaves': 40, 'learning_rate': 0.0974221287220869, 'subsample': 0.7929682762811064, 'colsample_bytree': 0.8124517510478, 'min_child_samples': 74, 'reg_alpha': 0.3811377260781234, 'reg_lambda': 5.607314238392041e-08}. Best is trial 2 with value: 0.0582297993875169.
[I 2026-06-01 15:47:36,997] Trial 6 finished with value: -0.0024000374315256644 and parameters: {'confidence_threshold': 0.7672889945051684, 'training_days': 130, 'n_estimators': 137, 'max_depth': 4, 'num_leaves': 19, 'learning_rate': 0.2031117614248665, 'subsample': 0.8136244860256343, 'colsample_bytree': 0.8617081790949774, 'min_child_samples': 21, 'reg_alpha': 0.002238138278733199, 'reg_lambda': 0.001025809534977322}. Best is trial 2 with value: 0.0582297993875169.
[I 2026-06-01 15:47:37,077] Trial 7 finished with value: -0.04437813153803365 and parameters: {'confidence_threshold': 0.555635875450653, 'training_days': 80, 'n_estimators': 363, 'max_depth': 3, 'num_leaves': 48, 'learning_rate': 0.06590089024008658, 'subsample': 0.6944752870615722, 'colsample_bytree': 0.962566244806993, 'min_child_samples': 88, 'reg_alpha': 1.6465620446426067e-05, 'reg_lambda': 2.4678750890085655e-08}. Best is trial 2 with value: 0.0582297993875169.
[I 2026-06-01 15:47:37,414] Trial 8 finished with value: 0.03379796037169482 and parameters: {'confidence_threshold': 0.6066688256938841, 'training_days': 200, 'n_estimators': 367, 'max_depth': 5, 'num_leaves': 32, 'learning_rate': 0.13377519215934996, 'subsample': 0.7965884582811106, 'colsample_bytree': 0.8458508993500886, 'min_child_samples': 32, 'reg_alpha': 3.889436043816386e-05, 'reg_lambda': 1.4713062489380356e-06}. Best is trial 2 with value: 0.0582297993875169.
