[I 2026-06-01 15:43:41,825] Trial 0 finished with value: 0.0012840110889718321 and parameters: {'confidence_threshold': 0.5870645682749857, 'training_days': 90, 'n_estimators': 403, 'max_depth': 5, 'num_leaves': 45, 'learning_rate': 0.0780457193679974, 'subsample': 0.9428509515574568, 'colsample_bytree': 0.8795587339164916, 'min_child_samples': 34, 'reg_alpha': 2.2465901234314442e-07, 'reg_lambda': 8.339007036475363e-05}. Best is trial 0 with value: 0.0012840110889718321.
[I 2026-06-01 15:43:41,931] Trial 1 finished with value: 0.009045324698226729 and parameters: {'confidence_threshold': 0.6348453934275313, 'training_days': 290, 'n_estimators': 115, 'max_depth': 5, 'num_leaves': 37, 'learning_rate': 0.06949568759029946, 'subsample': 0.8228505074024268, 'colsample_bytree': 0.8616703220431751, 'min_child_samples': 75, 'reg_alpha': 4.2486822725010923e-07, 'reg_lambda': 1.157247767047042e-07}. Best is trial 1 with value: 0.009045324698226729.
[I 2026-06-01 15:43:41,950] Trial 2 finished with value: -0.20711844630541684 and parameters: {'confidence_threshold': 0.5849570384370288, 'training_days': 10, 'n_estimators': 212, 'max_depth': 3, 'num_leaves': 41, 'learning_rate': 0.18452095998378365, 'subsample': 0.6001060822924371, 'colsample_bytree': 0.5673167293506167, 'min_child_samples': 37, 'reg_alpha': 5.733250064217131, 'reg_lambda': 0.5308454292595461}. Best is trial 1 with value: 0.009045324698226729.
[I 2026-06-01 15:43:42,021] Trial 3 finished with value: 0.0717121712830224 and parameters: {'confidence_threshold': 0.6868248626683718, 'training_days': 220, 'n_estimators': 134, 'max_depth': 3, 'num_leaves': 45, 'learning_rate': 0.033529007907491595, 'subsample': 0.8647277071858408, 'colsample_bytree': 0.778494116634046, 'min_child_samples': 96, 'reg_alpha': 2.409409937265785e-07, 'reg_lambda': 1.1642073478060009}. Best is trial 3 with value: 0.0717121712830224.
[I 2026-06-01 15:43:42,099] Trial 4 finished with value: 0.04585854551059463 and parameters: {'confidence_threshold': 0.5623121348350352, 'training_days': 300, 'n_estimators': 69, 'max_depth': 4, 'num_leaves': 32, 'learning_rate': 0.14967629360700346, 'subsample': 0.5054535233636654, 'colsample_bytree': 0.7401385194659216, 'min_child_samples': 27, 'reg_alpha': 1.4212042567426725e-07, 'reg_lambda': 0.23605753701352003}. Best is trial 3 with value: 0.0717121712830224.
[I 2026-06-01 15:43:42,471] Trial 5 finished with value: 0.06570157146676037 and parameters: {'confidence_threshold': 0.7111850244908446, 'training_days': 490, 'n_estimators': 362, 'max_depth': 5, 'num_leaves': 40, 'learning_rate': 0.05960785724162737, 'subsample': 0.5589714368907717, 'colsample_bytree': 0.6659006943232806, 'min_child_samples': 42, 'reg_alpha': 0.6741360303045295, 'reg_lambda': 6.054601607143087e-08}. Best is trial 3 with value: 0.0717121712830224.
[I 2026-06-01 15:43:42,638] Trial 6 finished with value: 0.11375110765953136 and parameters: {'confidence_threshold': 0.667482545748023, 'training_days': 420, 'n_estimators': 279, 'max_depth': 3, 'num_leaves': 45, 'learning_rate': 0.040099592560849204, 'subsample': 0.8563114696415159, 'colsample_bytree': 0.5442917781944105, 'min_child_samples': 50, 'reg_alpha': 1.6407916423707903e-08, 'reg_lambda': 2.935907642973286e-05}. Best is trial 6 with value: 0.11375110765953136.
[I 2026-06-01 15:43:42,770] Trial 7 finished with value: 0.020029001820335145 and parameters: {'confidence_threshold': 0.5497381024139926, 'training_days': 120, 'n_estimators': 408, 'max_depth': 5, 'num_leaves': 38, 'learning_rate': 0.28049122657745795, 'subsample': 0.8806573338635493, 'colsample_bytree': 0.5454054113547102, 'min_child_samples': 63, 'reg_alpha': 0.01263008637940408, 'reg_lambda': 0.04588020805366937}. Best is trial 6 with value: 0.11375110765953136.
[I 2026-06-01 15:43:42,995] Trial 8 finished with value: 0.10297832331075599 and parameters: {'confidence_threshold': 0.719644804808716, 'training_days': 450, 'n_estimators': 410, 'max_depth': 4, 'num_leaves': 57, 'learning_rate': 0.04022026551478857, 'subsample': 0.5336085426932707, 'colsample_bytree': 0.5705742850577543, 'min_child_samples': 100, 'reg_alpha': 5.916398047912201e-07, 'reg_lambda': 0.9794034214488329}. Best is trial 6 with value: 0.11375110765953136.
[I 2026-06-01 15:43:43,016] Trial 9 finished with value: -1.9188389674516855 and parameters: {'confidence_threshold': 0.7267463643917187, 'training_days': 20, 'n_estimators': 337, 'max_depth': 5, 'num_leaves': 23, 'learning_rate': 0.022153031811454605, 'subsample': 0.6305627572358737, 'colsample_bytree': 0.6613413774216214, 'min_child_samples': 81, 'reg_alpha': 5.7638634029410314e-08, 'reg_lambda': 8.26603016764008}. Best is trial 6 with value: 0.11375110765953136.
[I 2026-06-01 15:43:43,194] Trial 10 finished with value: -3.8237267656558274 and parameters: {'confidence_threshold': 0.8283920119574972, 'training_days': 400, 'n_estimators': 240, 'max_depth': 3, 'num_leaves': 62, 'learning_rate': 0.011921022686883517, 'subsample': 0.7130289643560688, 'colsample_bytree': 0.9944479338273263, 'min_child_samples': 54, 'reg_alpha': 6.837313901272251e-05, 'reg_lambda': 2.741063772648371e-05}. Best is trial 6 with value: 0.11375110765953136.
[I 2026-06-01 15:43:43,467] Trial 11 finished with value: 0.0983603303729212 and parameters: {'confidence_threshold': 0.7828153509856824, 'training_days': 500, 'n_estimators': 478, 'max_depth': 4, 'num_leaves': 58, 'learning_rate': 0.03003469823170691, 'subsample': 0.7390439957698561, 'colsample_bytree': 0.5017024210185925, 'min_child_samples': 100, 'reg_alpha': 2.3530491583503867e-05, 'reg_lambda': 0.00647465266809438}. Best is trial 6 with value: 0.11375110765953136.

    [trial 11] Sharpe=0.0958 (folds: 0.1472, 0.1497, -0.0253, -0.1866, 0.3940)
    [trial 12] 48 features, training_days=360 | threshold=0.723 | labels: 1287 long, 881 short (59/41%)
    [trial 12] Sharpe=0.1245 (folds: 0.1062, 0.1628, -0.0200, -0.0877, 0.4611)
    [trial 13] 48 features, training_days=400 | threshold=0.757 | labels: 1287 long, 881 short (59/41%)
    [trial 13] Sharpe=0.1048 (folds: -0.0935, 0.1799, -0.0326, -0.0800, 0.5502)
    [trial 14] 48 features, training_days=260 | threshold=0.665 | labels: 1287 long, 881 short (59/41%)
    [trial 14] Sharpe=-1.8220 (folds: 0.1783, 0.2796, 0.0244, -10.0000, 0.4076)
    [trial 15] 48 features, training_days=290 | threshold=0.770 | labels: 1287 long, 881 short (59/41%)
    [trial 15] Sharpe=0.0157 (folds: 0.0067, 0.1811, 0.0049, -0.4326, 0.3184)
    [trial 16] 48 features, training_days=420 | threshold=0.676 | labels: 1287 long, 881 short (59/41%)
    [trial 16] Sharpe=0.0934 (folds: 0.0095, 0.1568, -0.0660, -0.1876, 0.5541)
    [trial 17] 48 features, training_days=450 | threshold=0.560 | labels: 1287 long, 881 short (59/41%)
    [trial 17] Sharpe=0.0406 (folds: 0.0082, 0.2653, -0.0988, -0.1387, 0.1671)
  Optuna: 18 trials, best Sharpe = 0.1338
  Best params: n_estimators=487, max_depth=5, lr=0.0114, leaves=62
  Best confidence_threshold: 0.738
  Best training_days: 350
  Retrained on full data (1050 samples, 48 features)
  [ensemble 2/3] seed=123
    [trial 0] 48 features, training_days=150 | threshold=0.744 | labels: 1287 long, 881 short (59/41%)
    [CV fold 0] train_end=2020-07-23 08:00 | val_start=2020-07-31 00:00 | gap=184h (22 rows)
    [CV fold 1] train_end=2020-11-20 16:00 | val_start=2020-11-28 08:00 | gap=184h (22 rows)
    [CV fold 2] train_end=2021-03-21 00:00 | val_start=2021-03-28 16:00 | gap=184h (22 rows)
    [CV fold 3] train_end=2021-07-19 08:00 | val_start=2021-07-27 00:00 | gap=184h (22 rows)
    [CV fold 4] train_end=2021-11-16 16:00 | val_start=2021-11-24 08:00 | gap=184h (22 rows)
    [trial 0] Sharpe=-0.0332 (folds: 0.1099, 0.1108, -0.0367, -0.5397, 0.1897)
    [trial 1] 48 features, training_days=220 | threshold=0.755 | labels: 1287 long, 881 short (59/41%)
    [trial 1] Sharpe=-2.0254 (folds: 0.2497, 0.0785, -0.0645, -0.3904, -10.0000)
    [trial 2] 48 features, training_days=310 | threshold=0.754 | labels: 1287 long, 881 short (59/41%)
    [trial 2] Sharpe=0.1044 (folds: 0.0833, 0.1947, 0.0206, -0.2914, 0.5150)
    [trial 3] 48 features, training_days=220 | threshold=0.673 | labels: 1287 long, 881 short (59/41%)
    [trial 3] Sharpe=0.0292 (folds: 0.0100, 0.1525, -0.0305, -0.2632, 0.2771)
    [trial 4] 48 features, training_days=130 | threshold=0.803 | labels: 1287 long, 881 short (59/41%)
    [trial 4] Sharpe=0.0234 (folds: 0.1014, 0.2228, -0.0720, -0.2200, 0.0850)
    [trial 5] 48 features, training_days=210 | threshold=0.606 | labels: 1287 long, 881 short (59/41%)
    [trial 5] Sharpe=0.0551 (folds: 0.0346, 0.2188, -0.0281, -0.2250, 0.2750)
    [trial 6] 48 features, training_days=130 | threshold=0.767 | labels: 1287 long, 881 short (59/41%)
    [trial 6] Sharpe=-0.0168 (folds: 0.0685, 0.1480, -0.1171, -0.2781, 0.0947)
    [trial 7] 48 features, training_days=80 | threshold=0.556 | labels: 1287 long, 881 short (59/41%)
    [trial 7] Sharpe=0.0408 (folds: 0.0414, 0.1460, -0.0084, -0.1518, 0.1767)
    [trial 8] 48 features, training_days=200 | threshold=0.607 | labels: 1287 long, 881 short (59/41%)
    [trial 8] Sharpe=0.0432 (folds: 0.0422, 0.2010, -0.0562, -0.1960, 0.2249)
    [trial 9] 48 features, training_days=260 | threshold=0.620 | labels: 1287 long, 881 short (59/41%)
    [trial 9] Sharpe=0.0289 (folds: 0.1099, 0.1482, -0.0199, -0.1853, 0.0914)
    [trial 10] 48 features, training_days=420 | threshold=0.845 | labels: 1287 long, 881 short (59/41%)
    [trial 10] Sharpe=-1.8592 (folds: 0.2225, 0.5535, 0.0023, -0.0744, -10.0000)
    [trial 11] 48 features, training_days=350 | threshold=0.513 | labels: 1287 long, 881 short (59/41%)
    [trial 11] Sharpe=0.0854 (folds: 0.0246, 0.1649, 0.0100, -0.0821, 0.3096)
    [trial 12] 48 features, training_days=360 | threshold=0.516 | labels: 1287 long, 881 short (59/41%)
    [trial 12] Sharpe=0.0728 (folds: 0.0086, 0.1389, -0.0179, -0.0923, 0.3266)
    [trial 13] 48 features, training_days=340 | threshold=0.676 | labels: 1287 long, 881 short (59/41%)
    [trial 13] Sharpe=0.0841 (folds: 0.0539, 0.1730, -0.0254, -0.2343, 0.4534)
    [trial 14] 48 features, training_days=490 | threshold=0.697 | labels: 1287 long, 881 short (59/41%)
    [trial 14] Sharpe=0.0744 (folds: 0.0651, 0.1989, -0.0509, -0.1492, 0.3079)
    [trial 15] 48 features, training_days=320 | threshold=0.503 | labels: 1287 long, 881 short (59/41%)
    [trial 15] Sharpe=0.0389 (folds: -0.0327, 0.1364, -0.0318, -0.1634, 0.2862)
    [trial 16] 48 features, training_days=410 | threshold=0.697 | labels: 1287 long, 881 short (59/41%)
    [trial 16] Sharpe=0.1058 (folds: 0.0494, 0.1520, -0.0305, -0.0612, 0.4195)
    [trial 17] 48 features, training_days=450 | threshold=0.716 | labels: 1287 long, 881 short (59/41%)
    [trial 17] Sharpe=0.0606 (folds: 0.0718, 0.1764, -0.0412, -0.2065, 0.3025)
  Optuna: 18 trials, best Sharpe = 0.1058
  Best params: n_estimators=434, max_depth=5, lr=0.0274, leaves=15
  Best confidence_threshold: 0.697
  Best training_days: 410
  Retrained on full data (1230 samples, 48 features)
  [ensemble 3/3] seed=456
    [trial 0] 48 features, training_days=90 | threshold=0.587 | labels: 1287 long, 881 short (59/41%)
    [CV fold 0] train_end=2020-07-23 08:00 | val_start=2020-07-31 00:00 | gap=184h (22 rows)
    [CV fold 1] train_end=2020-11-20 16:00 | val_start=2020-11-28 08:00 | gap=184h (22 rows)
    [CV fold 2] train_end=2021-03-21 00:00 | val_start=2021-03-28 16:00 | gap=184h (22 rows)
    [CV fold 3] train_end=2021-07-19 08:00 | val_start=2021-07-27 00:00 | gap=184h (22 rows)
    [CV fold 4] train_end=2021-11-16 16:00 | val_start=2021-11-24 08:00 | gap=184h (22 rows)
    [trial 0] Sharpe=0.0013 (folds: 0.0684, 0.0948, -0.0325, -0.1475, 0.0232)
    [trial 1] 48 features, training_days=290 | threshold=0.635 | labels: 1287 long, 881 short (59/41%)
    [trial 1] Sharpe=0.0090 (folds: 0.0636, 0.1989, 0.0217, -0.2703, 0.0313)
    [trial 2] 48 features, training_days=10 | threshold=0.585 | labels: 1287 long, 881 short (59/41%)
    [trial 2] Sharpe=-0.2071 (folds: -0.2347, -0.3824, -0.0545, -0.3905, 0.0265)
    [trial 3] 48 features, training_days=220 | threshold=0.687 | labels: 1287 long, 881 short (59/41%)
    [trial 3] Sharpe=0.0717 (folds: 0.0164, 0.1768, -0.0023, -0.3333, 0.5010)
    [trial 4] 48 features, training_days=300 | threshold=0.562 | labels: 1287 long, 881 short (59/41%)
    [trial 4] Sharpe=0.0459 (folds: 0.0544, 0.2305, -0.0139, -0.1957, 0.1539)
    [trial 5] 48 features, training_days=490 | threshold=0.711 | labels: 1287 long, 881 short (59/41%)
    [trial 5] Sharpe=0.0657 (folds: 0.0814, 0.2071, -0.0155, -0.1862, 0.2417)
    [trial 6] 48 features, training_days=420 | threshold=0.667 | labels: 1287 long, 881 short (59/41%)
    [trial 6] Sharpe=0.1138 (folds: 0.0572, 0.2091, -0.0417, -0.1209, 0.4652)
    [trial 7] 48 features, training_days=120 | threshold=0.550 | labels: 1287 long, 881 short (59/41%)
    [trial 7] Sharpe=0.0200 (folds: 0.0664, 0.1846, -0.0107, -0.1653, 0.0252)
    [trial 8] 48 features, training_days=450 | threshold=0.720 | labels: 1287 long, 881 short (59/41%)
    [trial 8] Sharpe=0.1030 (folds: -0.0388, 0.2830, -0.0143, -0.0501, 0.3350)
    [trial 9] 48 features, training_days=20 | threshold=0.727 | labels: 1287 long, 881 short (59/41%)
    [trial 9] Sharpe=-1.9188 (folds: 0.1719, 0.2619, -0.0545, -10.0000, 0.0265)
    [trial 10] 48 features, training_days=400 | threshold=0.828 | labels: 1287 long, 881 short (59/41%)
    [trial 10] Sharpe=-3.8237 (folds: 0.2749, 0.6477, -0.0413, -10.0000, -10.0000)
    [trial 11] 48 features, training_days=500 | threshold=0.783 | labels: 1287 long, 881 short (59/41%)
    [trial 11] Sharpe=0.0984 (folds: 0.0040, 0.2598, -0.0214, -0.1190, 0.3684)
    [trial 12] 48 features, training_days=390 | threshold=0.649 | labels: 1287 long, 881 short (59/41%)
    [trial 12] Sharpe=0.1155 (folds: 0.0607, 0.1890, 0.0047, -0.1061, 0.4293)[I 2026-06-01 15:43:43,696] Trial 12 finished with value: 0.11551899073170431 and parameters: {'confidence_threshold': 0.6485088991844985, 'training_days': 390, 'n_estimators': 285, 'max_depth': 4, 'num_leaves': 54, 'learning_rate': 0.015793572120547012, 'subsample': 0.9912016966112274, 'colsample_bytree': 0.6172137759519767, 'min_child_samples': 55, 'reg_alpha': 3.863094333095534e-06, 'reg_lambda': 3.4634622846801407e-06}. Best is trial 12 with value: 0.11551899073170431.
[I 2026-06-01 15:43:43,912] Trial 13 finished with value: 0.15326100464859277 and parameters: {'confidence_threshold': 0.636653969426203, 'training_days': 380, 'n_estimators': 286, 'max_depth': 4, 'num_leaves': 52, 'learning_rate': 0.010616475090052301, 'subsample': 0.9802558904247739, 'colsample_bytree': 0.6469526396309225, 'min_child_samples': 53, 'reg_alpha': 8.66740766605038e-06, 'reg_lambda': 1.8977888929545579e-06}. Best is trial 13 with value: 0.15326100464859277.
[I 2026-06-01 15:43:44,133] Trial 14 finished with value: 0.1230496805219838 and parameters: {'confidence_threshold': 0.6323291400900948, 'training_days': 360, 'n_estimators': 293, 'max_depth': 4, 'num_leaves': 52, 'learning_rate': 0.010667600422358835, 'subsample': 0.9899991836318716, 'colsample_bytree': 0.658600878541351, 'min_child_samples': 66, 'reg_alpha': 0.001053180807985683, 'reg_lambda': 1.7661425940218681e-06}. Best is trial 13 with value: 0.15326100464859277.
[I 2026-06-01 15:43:44,284] Trial 15 finished with value: 0.062226893182731405 and parameters: {'confidence_threshold': 0.5186271741793377, 'training_days': 330, 'n_estimators': 190, 'max_depth': 4, 'num_leaves': 51, 'learning_rate': 0.010000559841980103, 'subsample': 0.9954983007717512, 'colsample_bytree': 0.7345068574821134, 'min_child_samples': 68, 'reg_alpha': 0.002133995302102601, 'reg_lambda': 1.1763385043625845e-06}. Best is trial 13 with value: 0.15326100464859277.
[I 2026-06-01 15:43:44,540] Trial 16 finished with value: 0.05159855098923175 and parameters: {'confidence_threshold': 0.6297283149333024, 'training_days': 230, 'n_estimators': 314, 'max_depth': 4, 'num_leaves': 51, 'learning_rate': 0.017529171210108833, 'subsample': 0.915705589887973, 'colsample_bytree': 0.6724975963965797, 'min_child_samples': 20, 'reg_alpha': 0.0020527285816296266, 'reg_lambda': 0.000855876310048679}. Best is trial 13 with value: 0.15326100464859277.
[I 2026-06-01 15:43:44,685] Trial 17 finished with value: 0.09926539906115041 and parameters: {'confidence_threshold': 0.6022239040352819, 'training_days': 350, 'n_estimators': 178, 'max_depth': 4, 'num_leaves': 18, 'learning_rate': 0.014399917848714062, 'subsample': 0.8002407697944357, 'colsample_bytree': 0.7930233154527973, 'min_child_samples': 73, 'reg_alpha': 0.08722510534625048, 'reg_lambda': 1.0117846503492639e-06}. Best is trial 13 with value: 0.15326100464859277.
[I 2026-06-01 15:43:45,071] A new study created in memory with name: no-name-c69e3151-a427-4256-823a-a5fdb3ca9761
[I 2026-06-01 15:43:45,361] Trial 0 finished with value: 0.1527305345369979 and parameters: {'confidence_threshold': 0.6310890415965769, 'training_days': 480, 'n_estimators': 380, 'max_depth': 4, 'num_leaves': 22, 'learning_rate': 0.01699897838270077, 'subsample': 0.5290418060840998, 'colsample_bytree': 0.9330880728874675, 'min_child_samples': 68, 'reg_alpha': 0.023585940584142682, 'reg_lambda': 1.5320059381854043e-08}. Best is trial 0 with value: 0.1527305345369979.
[I 2026-06-01 15:43:45,469] Trial 1 finished with value: -1.9006517781411614 and parameters: {'confidence_threshold': 0.839468448256698, 'training_days': 420, 'n_estimators': 145, 'max_depth': 3, 'num_leaves': 23, 'learning_rate': 0.028145092716060652, 'subsample': 0.762378215816119, 'colsample_bytree': 0.7159725093210578, 'min_child_samples': 43, 'reg_alpha': 0.0032112643094417484, 'reg_lambda': 1.8007140198129195e-07}. Best is trial 0 with value: 0.1527305345369979.
[I 2026-06-01 15:43:45,604] Trial 2 finished with value: 0.06329720203948193 and parameters: {'confidence_threshold': 0.6022506269873263, 'training_days': 190, 'n_estimators': 255, 'max_depth': 5, 'num_leaves': 24, 'learning_rate': 0.05748924681991978, 'subsample': 0.7962072844310213, 'colsample_bytree': 0.5232252063599989, 'min_child_samples': 69, 'reg_alpha': 3.425445902633376e-07, 'reg_lambda': 3.850031979199519e-08}. Best is trial 0 with value: 0.1527305345369979.
[I 2026-06-01 15:43:45,832] Trial 3 finished with value: 0.11856138900948605 and parameters: {'confidence_threshold': 0.8321099380386666, 'training_days': 490, 'n_estimators': 414, 'max_depth': 3, 'num_leaves': 19, 'learning_rate': 0.1024932221692416, 'subsample': 0.7200762468698007, 'colsample_bytree': 0.5610191174223894, 'min_child_samples': 60, 'reg_alpha': 2.039373116525212e-08, 'reg_lambda': 1.527156759251193}. Best is trial 0 with value: 0.1527305345369979.
[I 2026-06-01 15:43:45,964] Trial 4 finished with value: 0.11723672524458997 and parameters: {'confidence_threshold': 0.5905729935600059, 'training_days': 340, 'n_estimators': 190, 'max_depth': 4, 'num_leaves': 41, 'learning_rate': 0.01875220945578641, 'subsample': 0.9847923138822793, 'colsample_bytree': 0.8875664116805573, 'min_child_samples': 96, 'reg_alpha': 1.1309571585271483, 'reg_lambda': 0.002404915432737351}. Best is trial 0 with value: 0.1527305345369979.
[I 2026-06-01 15:43:45,997] Trial 5 finished with value: -1.988479226196187 and parameters: {'confidence_threshold': 0.8226559822580909, 'training_days': 50, 'n_estimators': 138, 'max_depth': 3, 'num_leaves': 30, 'learning_rate': 0.03750796359625606, 'subsample': 0.6356745158869479, 'colsample_bytree': 0.9143687545759647, 'min_child_samples': 48, 'reg_alpha': 3.376063348877853e-06, 'reg_lambda': 0.0007660634613082914}. Best is trial 0 with value: 0.1527305345369979.
[I 2026-06-01 15:43:46,084] Trial 6 finished with value: 0.14332063609719498 and parameters: {'confidence_threshold': 0.5493234787411669, 'training_days': 410, 'n_estimators': 83, 'max_depth': 5, 'num_leaves': 52, 'learning_rate': 0.019657448966046126, 'subsample': 0.5027610585618012, 'colsample_bytree': 0.9077307142274171, 'min_child_samples': 77, 'reg_alpha': 0.03639690979811287, 'reg_lambda': 0.08738424135626986}. Best is trial 0 with value: 0.1527305345369979.
