[I 2026-06-01 15:49:02,281] Trial 17 finished with value: -0.056977647365160825 and parameters: {'confidence_threshold': 0.7070311848485039, 'training_days': 70, 'n_estimators': 201, 'max_depth': 4, 'num_leaves': 40, 'learning_rate': 0.048331449915991975, 'subsample': 0.5886469721258802, 'colsample_bytree': 0.9956385980717998, 'min_child_samples': 63, 'reg_alpha': 1.4617109509085211e-05, 'reg_lambda': 5.770366378654596e-07}. Best is trial 9 with value: 0.12272783767825221.
[I 2026-06-01 15:49:02,664] A new study created in memory with name: no-name-caebe1c6-4c40-438a-9878-4a4afba2a479

[predict] 2024-10-29 16:00 ETHUSDT → LONG (proba=0.87 TP=8.0%/SL=4.0%)
[trade:open] 2024-10-29 23:59 ETHUSDT LONG @ 2639.28 | SL=2533.95 TP=2849.95 | timeout=2024-11-05 23:59
[trade:close] 2024-10-31 23:59 ETHUSDT LONG → stop_loss @ 2533.95 | PnL=-3.99% (net -4.09%) | cum=+2.78% 2024-10=+8.49% 2024-10-31=-4.09%
[lgbm] === Training for 2024-11 ===
  Train window: 2022-11-01 → 2024-10-24
  2171 training samples from 1 symbols
  Samples per month: 2022-11: 90, 2022-12: 93, 2023-01: 93, 2023-02: 84, 2023-03: 93, 2023-04: 90, 2023-05: 93, 2023-06: 90, 2023-07: 93, 2023-08: 93, 2023-09: 90, 2023-10: 93, 2023-11: 90, 2023-12: 93, 2024-01: 93, 2024-02: 87, 2024-03: 93, 2024-04: 90, 2024-05: 93, 2024-06: 90, 2024-07: 93, 2024-08: 93, 2024-09: 90, 2024-10: 71
  [label] 2023-01-01 16:00 ETHUSDT entry=1199.9600 → LONG | long=tp(+4.20%) short=sl(-2.25%) | scanned=7 | long_tp_only
  [label] 2023-01-04 00:00 ETHUSDT entry=1251.7700 → LONG | long=tp(+4.88%) short=sl(-2.59%) | scanned=15 | long_tp_only
  [label] 2023-01-07 16:00 ETHUSDT entry=1263.6500 → LONG | long=tp(+4.31%) short=sl(-2.31%) | scanned=5 | long_tp_only
  [label] 2023-02-01 08:00 ETHUSDT entry=1575.2000 → LONG | long=tp(+8.75%) short=sl(-4.53%) | scanned=4 | long_tp_only
  [label] 2023-03-26 00:00 ETHUSDT entry=1751.5700 → LONG | long=timeout(+3.80%) short=sl(-5.05%) | scanned=22 | no_tp→fwd_return=+3.8965
  [label] 2023-09-08 00:00 ETHUSDT entry=1646.1000 → SHORT | long=sl(-2.60%) short=tp(+4.90%) | scanned=10 | short_tp_only
  [label] 2023-09-12 00:00 ETHUSDT entry=1579.1700 → LONG | long=timeout(+3.46%) short=sl(-3.15%) | scanned=22 | no_tp→fwd_return=+3.5620
  [label] 2023-09-22 16:00 ETHUSDT entry=1592.2800 → LONG | long=tp(+4.86%) short=sl(-2.58%) | scanned=19 | long_tp_only
  [label] 2023-11-06 16:00 ETHUSDT entry=1901.7100 → LONG | long=tp(+6.87%) short=sl(-3.59%) | scanned=8 | long_tp_only
  [label] 2023-11-15 08:00 ETHUSDT entry=2022.0500 → LONG | long=sl(-4.86%) short=timeout(-0.68%) | scanned=22 | no_tp→fwd_return=+0.5846
  [label] 2024-02-13 16:00 ETHUSDT entry=2640.8300 → LONG | long=tp(+7.58%) short=sl(-3.94%) | scanned=5 | long_tp_only
  [label] 2024-03-16 16:00 ETHUSDT entry=3525.5800 → SHORT | long=sl(-7.64%) short=timeout(+5.42%) | scanned=22 | no_tp→fwd_return=-5.5202
  [label] 2024-04-02 00:00 ETHUSDT entry=3364.8200 → LONG | long=tp(+10.79%) short=sl(-5.54%) | scanned=20 | long_tp_only
  [label] 2024-04-14 16:00 ETHUSDT entry=3153.1600 → SHORT | long=sl(-8.67%) short=timeout(+0.14%) | scanned=22 | no_tp→fwd_return=-0.2356
  [label] 2024-05-03 00:00 ETHUSDT entry=2967.8300 → LONG | long=timeout(+2.34%) short=sl(-6.01%) | scanned=22 | no_tp→fwd_return=+2.4449
  [label] 2024-05-09 08:00 ETHUSDT entry=3004.8200 → SHORT | long=sl(-4.51%) short=timeout(+1.54%) | scanned=22 | no_tp→fwd_return=-1.6404
  [label] 2024-05-21 16:00 ETHUSDT entry=3792.3200 → LONG | long=sl(-5.60%) short=timeout(-1.54%) | scanned=22 | no_tp→fwd_return=+1.4419
  [label] 2024-06-30 08:00 ETHUSDT entry=3398.8700 → SHORT | long=sl(-2.92%) short=sl(-2.92%) | scanned=9 | no_tp→fwd_return=-2.8327
  [label] 2024-07-10 00:00 ETHUSDT entry=3095.6300 → LONG | long=tp(+10.73%) short=sl(-5.52%) | scanned=17 | long_tp_only
  [label] 2024-10-04 08:00 ETHUSDT entry=2415.9900 → LONG | long=timeout(+0.99%) short=timeout(-1.19%) | scanned=22 | no_tp→fwd_return=+1.0915
  Labels: 1118 long (51.5%), 1053 short (48.5%) | weights: min=1.00, mean=4.07, max=10.00
  Features: 2171/2171 matched, 48 columns
  CV gap: 22 rows
  [ensemble 1/3] seed=42
    [trial 0] 48 features, training_days=480 | threshold=0.631 | labels: 1118 long, 1053 short (51/49%)
    [CV fold 0] train_end=2023-02-23 08:00 | val_start=2023-03-03 00:00 | gap=184h (22 rows)
    [CV fold 1] train_end=2023-06-23 16:00 | val_start=2023-07-01 08:00 | gap=184h (22 rows)
    [CV fold 2] train_end=2023-10-22 00:00 | val_start=2023-10-29 16:00 | gap=184h (22 rows)
    [CV fold 3] train_end=2024-02-19 08:00 | val_start=2024-02-27 00:00 | gap=184h (22 rows)
    [CV fold 4] train_end=2024-06-18 16:00 | val_start=2024-06-26 08:00 | gap=184h (22 rows)
    [trial 0] Sharpe=0.0131 (folds: -0.1589, 0.2133, -0.1189, -0.0285, 0.1585)
    [trial 1] 48 features, training_days=420 | threshold=0.839 | labels: 1118 long, 1053 short (51/49%)
    [trial 1] Sharpe=-1.8336 (folds: -0.0666, 0.0059, -10.0000, 0.2433, 0.6495)
    [trial 2] 48 features, training_days=190 | threshold=0.602 | labels: 1118 long, 1053 short (51/49%)
    [trial 2] Sharpe=0.0388 (folds: -0.1747, 0.2105, 0.1597, -0.1194, 0.1180)
    [trial 3] 48 features, training_days=490 | threshold=0.832 | labels: 1118 long, 1053 short (51/49%)
    [trial 3] Sharpe=-0.0063 (folds: -0.1665, 0.1957, -0.2710, -0.0310, 0.2414)
    [trial 4] 48 features, training_days=340 | threshold=0.591 | labels: 1118 long, 1053 short (51/49%)
    [trial 4] Sharpe=-0.0073 (folds: -0.1628, 0.0071, 0.1297, -0.1577, 0.1472)
    [trial 5] 48 features, training_days=50 | threshold=0.823 | labels: 1118 long, 1053 short (51/49%)
    [trial 5] Sharpe=-0.0266 (folds: 0.0482, 0.0544, -0.1591, -0.0200, -0.0566)
    [trial 6] 48 features, training_days=410 | threshold=0.549 | labels: 1118 long, 1053 short (51/49%)
    [trial 6] Sharpe=-0.0003 (folds: -0.0845, 0.1420, -0.0841, -0.1266, 0.1519)
    [trial 7] 48 features, training_days=180 | threshold=0.526 | labels: 1118 long, 1053 short (51/49%)
    [trial 7] Sharpe=0.0244 (folds: -0.0370, -0.0052, 0.1953, -0.1512, 0.1199)
    [trial 8] 48 features, training_days=240 | threshold=0.811 | labels: 1118 long, 1053 short (51/49%)
    [trial 8] Sharpe=0.0616 (folds: -0.1095, 0.1513, 0.1711, -0.1196, 0.2145)
    [trial 9] 48 features, training_days=20 | threshold=0.538 | labels: 1118 long, 1053 short (51/49%)
    [trial 9] Sharpe=0.1227 (folds: 0.0866, -0.0084, 0.3952, 0.1027, 0.0375)
    [trial 10] 48 features, training_days=10 | threshold=0.745 | labels: 1118 long, 1053 short (51/49%)
    [trial 10] Sharpe=-4.0490 (folds: -10.0000, -10.0000, -0.3851, 0.1027, 0.0375)
    [trial 11] 48 features, training_days=120 | threshold=0.716 | labels: 1118 long, 1053 short (51/49%)
    [trial 11] Sharpe=-0.1255 (folds: -0.1276, -0.0074, -0.3979, -0.0939, -0.0009)
    [trial 12] 48 features, training_days=270 | threshold=0.670 | labels: 1118 long, 1053 short (51/49%)
    [trial 12] Sharpe=0.0303 (folds: -0.1647, 0.2180, 0.0617, -0.1206, 0.1573)
    [trial 13] 48 features, training_days=110 | threshold=0.758 | labels: 1118 long, 1053 short (51/49%)
    [trial 13] Sharpe=-0.0602 (folds: -0.0927, 0.0025, -0.1381, -0.0897, 0.0169)
    [trial 14] 48 features, training_days=280 | threshold=0.673 | labels: 1118 long, 1053 short (51/49%)
    [trial 14] Sharpe=0.0477 (folds: -0.1195, 0.2695, 0.0490, -0.0967, 0.1361)
    [trial 15] 48 features, training_days=160 | threshold=0.507 | labels: 1118 long, 1053 short (51/49%)
    [trial 15] Sharpe=0.0032 (folds: -0.0653, -0.0415, 0.1721, -0.0406, -0.0090)
    [trial 16] 48 features, training_days=330 | threshold=0.783 | labels: 1118 long, 1053 short (51/49%)
    [trial 16] Sharpe=0.0579 (folds: -0.0760, 0.1970, 0.0896, -0.0526, 0.1315)
    [trial 17] 48 features, training_days=70 | threshold=0.707 | labels: 1118 long, 1053 short (51/49%)
    [trial 17] Sharpe=-0.0570 (folds: -0.1084, 0.0696, -0.2886, -0.0400, 0.0825)
  Optuna: 18 trials, best Sharpe = 0.1227
  Best params: n_estimators=337, max_depth=3, lr=0.2191, leaves=39
  Best confidence_threshold: 0.538
  Best training_days: 20
  Retrained on full data (60 samples, 48 features)
  [ensemble 2/3] seed=123
    [trial 0] 48 features, training_days=150 | threshold=0.744 | labels: 1118 long, 1053 short (51/49%)
    [CV fold 0] train_end=2023-02-23 08:00 | val_start=2023-03-03 00:00 | gap=184h (22 rows)
    [CV fold 1] train_end=2023-06-23 16:00 | val_start=2023-07-01 08:00 | gap=184h (22 rows)
    [CV fold 2] train_end=2023-10-22 00:00 | val_start=2023-10-29 16:00 | gap=184h (22 rows)
    [CV fold 3] train_end=2024-02-19 08:00 | val_start=2024-02-27 00:00 | gap=184h (22 rows)
    [CV fold 4] train_end=2024-06-18 16:00 | val_start=2024-06-26 08:00 | gap=184h (22 rows)
    [trial 0] Sharpe=0.0057 (folds: -0.0652, 0.0523, 0.1266, -0.0775, -0.0075)[I 2026-06-01 15:49:02,772] Trial 0 finished with value: 0.005726515321570725 and parameters: {'confidence_threshold': 0.7437642149592516, 'training_days': 150, 'n_estimators': 152, 'max_depth': 4, 'num_leaves': 50, 'learning_rate': 0.04216766425047743, 'subsample': 0.9903820991923078, 'colsample_bytree': 0.8424148692924316, 'min_child_samples': 58, 'reg_alpha': 3.381097259762742e-05, 'reg_lambda': 1.2263152961306247e-05}. Best is trial 0 with value: 0.005726515321570725.
[I 2026-06-01 15:49:02,845] Trial 1 finished with value: -1.8037657572112564 and parameters: {'confidence_threshold': 0.7551673975844145, 'training_days': 220, 'n_estimators': 76, 'max_depth': 4, 'num_leaves': 51, 'learning_rate': 0.018602118810743477, 'subsample': 0.5877258780737462, 'colsample_bytree': 0.7657756869209191, 'min_child_samples': 63, 'reg_alpha': 0.005123994170264194, 'reg_lambda': 0.44145470178120466}. Best is trial 0 with value: 0.005726515321570725.
[I 2026-06-01 15:49:03,117] Trial 2 finished with value: 0.1159269653239465 and parameters: {'confidence_threshold': 0.7535593637012223, 'training_days': 310, 'n_estimators': 375, 'max_depth': 3, 'num_leaves': 32, 'learning_rate': 0.021735641882032388, 'subsample': 0.6468570231944146, 'colsample_bytree': 0.8154880619272439, 'min_child_samples': 27, 'reg_alpha': 8.004064028491336e-05, 'reg_lambda': 7.546835261630524e-05}. Best is trial 2 with value: 0.1159269653239465.
[I 2026-06-01 15:49:03,305] Trial 3 finished with value: 0.06579980697473005 and parameters: {'confidence_threshold': 0.6727897841776072, 'training_days': 220, 'n_estimators': 190, 'max_depth': 4, 'num_leaves': 58, 'learning_rate': 0.24810689332636193, 'subsample': 0.7509183379421682, 'colsample_bytree': 0.8119764758960556, 'min_child_samples': 29, 'reg_alpha': 7.1708285081421445e-06, 'reg_lambda': 5.412973582738627e-05}. Best is trial 2 with value: 0.1159269653239465.
[I 2026-06-01 15:49:03,441] Trial 4 finished with value: -0.04413345286771089 and parameters: {'confidence_threshold': 0.803208205259178, 'training_days': 130, 'n_estimators': 267, 'max_depth': 5, 'num_leaves': 40, 'learning_rate': 0.08041175317374143, 'subsample': 0.5603143329951619, 'colsample_bytree': 0.9131704002534167, 'min_child_samples': 68, 'reg_alpha': 0.0008046593428183385, 'reg_lambda': 1.2158346158765583e-05}. Best is trial 2 with value: 0.1159269653239465.
[I 2026-06-01 15:49:03,705] Trial 5 finished with value: 0.07538538748131593 and parameters: {'confidence_threshold': 0.6064422761595144, 'training_days': 210, 'n_estimators': 357, 'max_depth': 5, 'num_leaves': 40, 'learning_rate': 0.0974221287220869, 'subsample': 0.7929682762811064, 'colsample_bytree': 0.8124517510478, 'min_child_samples': 74, 'reg_alpha': 0.3811377260781234, 'reg_lambda': 5.607314238392041e-08}. Best is trial 2 with value: 0.1159269653239465.
[I 2026-06-01 15:49:03,816] Trial 6 finished with value: 0.037972768417303744 and parameters: {'confidence_threshold': 0.7672889945051684, 'training_days': 130, 'n_estimators': 137, 'max_depth': 4, 'num_leaves': 19, 'learning_rate': 0.2031117614248665, 'subsample': 0.8136244860256343, 'colsample_bytree': 0.8617081790949774, 'min_child_samples': 21, 'reg_alpha': 0.002238138278733199, 'reg_lambda': 0.001025809534977322}. Best is trial 2 with value: 0.1159269653239465.
[I 2026-06-01 15:49:03,888] Trial 7 finished with value: -0.0800810559780655 and parameters: {'confidence_threshold': 0.555635875450653, 'training_days': 80, 'n_estimators': 363, 'max_depth': 3, 'num_leaves': 48, 'learning_rate': 0.06590089024008658, 'subsample': 0.6944752870615722, 'colsample_bytree': 0.962566244806993, 'min_child_samples': 88, 'reg_alpha': 1.6465620446426067e-05, 'reg_lambda': 2.4678750890085655e-08}. Best is trial 2 with value: 0.1159269653239465.
[I 2026-06-01 15:49:04,237] Trial 8 finished with value: 0.07262386277607338 and parameters: {'confidence_threshold': 0.6066688256938841, 'training_days': 200, 'n_estimators': 367, 'max_depth': 5, 'num_leaves': 32, 'learning_rate': 0.13377519215934996, 'subsample': 0.7965884582811106, 'colsample_bytree': 0.8458508993500886, 'min_child_samples': 32, 'reg_alpha': 3.889436043816386e-05, 'reg_lambda': 1.4713062489380356e-06}. Best is trial 2 with value: 0.1159269653239465.
[I 2026-06-01 15:49:04,472] Trial 9 finished with value: 0.0732950039986657 and parameters: {'confidence_threshold': 0.6202096049169137, 'training_days': 260, 'n_estimators': 350, 'max_depth': 3, 'num_leaves': 21, 'learning_rate': 0.02989540198065364, 'subsample': 0.8307821683331218, 'colsample_bytree': 0.923253112635361, 'min_child_samples': 64, 'reg_alpha': 0.4898604619604203, 'reg_lambda': 2.9076377687066166e-05}. Best is trial 2 with value: 0.1159269653239465.
[I 2026-06-01 15:49:04,800] Trial 10 finished with value: 0.1292716026659228 and parameters: {'confidence_threshold': 0.8445241688507242, 'training_days': 420, 'n_estimators': 494, 'max_depth': 3, 'num_leaves': 30, 'learning_rate': 0.010221918552934462, 'subsample': 0.5019190721168774, 'colsample_bytree': 0.6202684210924141, 'min_child_samples': 45, 'reg_alpha': 1.5494783182896407e-08, 'reg_lambda': 0.018878930586497852}. Best is trial 10 with value: 0.1292716026659228.
[I 2026-06-01 15:49:05,130] Trial 11 finished with value: 0.07968642583522491 and parameters: {'confidence_threshold': 0.8371297552840329, 'training_days': 430, 'n_estimators': 493, 'max_depth': 3, 'num_leaves': 27, 'learning_rate': 0.010535067237031154, 'subsample': 0.5082312939353781, 'colsample_bytree': 0.625107197757402, 'min_child_samples': 45, 'reg_alpha': 1.0468203878541749e-08, 'reg_lambda': 0.01313348781546612}. Best is trial 10 with value: 0.1292716026659228.
[I 2026-06-01 15:49:05,455] Trial 12 finished with value: -0.03953257191209775 and parameters: {'confidence_threshold': 0.830632524875604, 'training_days': 380, 'n_estimators': 498, 'max_depth': 3, 'num_leaves': 32, 'learning_rate': 0.010224920425677188, 'subsample': 0.647267897610598, 'colsample_bytree': 0.5773925919454104, 'min_child_samples': 41, 'reg_alpha': 1.643285393612802e-08, 'reg_lambda': 0.03524119936949945}. Best is trial 10 with value: 0.1292716026659228.
[I 2026-06-01 15:49:05,734] Trial 13 finished with value: 0.08559211684109716 and parameters: {'confidence_threshold': 0.7183054815259671, 'training_days': 340, 'n_estimators': 430, 'max_depth': 3, 'num_leaves': 28, 'learning_rate': 0.019748052330952802, 'subsample': 0.5024707401359401, 'colsample_bytree': 0.6759494634110215, 'min_child_samples': 44, 'reg_alpha': 7.056391291760271e-07, 'reg_lambda': 2.6019605492300144}. Best is trial 10 with value: 0.1292716026659228.
[I 2026-06-01 15:49:06,002] Trial 14 finished with value: 0.040593708975082396 and parameters: {'confidence_threshold': 0.6949721730958943, 'training_days': 490, 'n_estimators': 426, 'max_depth': 3, 'num_leaves': 15, 'learning_rate': 0.017207190461360884, 'subsample': 0.6425543832379541, 'colsample_bytree': 0.5045764719392084, 'min_child_samples': 49, 'reg_alpha': 2.2369291667744822e-07, 'reg_lambda': 0.0018208458470568023}. Best is trial 10 with value: 0.1292716026659228.
[I 2026-06-01 15:49:06,278] Trial 15 finished with value: 0.0808925344684603 and parameters: {'confidence_threshold': 0.7897652460704997, 'training_days': 310, 'n_estimators': 278, 'max_depth': 4, 'num_leaves': 35, 'learning_rate': 0.031523580856172996, 'subsample': 0.8966418548807951, 'colsample_bytree': 0.698136806678834, 'min_child_samples': 20, 'reg_alpha': 0.012726486074698236, 'reg_lambda': 0.05138157439645094}. Best is trial 10 with value: 0.1292716026659228.
[I 2026-06-01 15:49:06,585] Trial 16 finished with value: -2.0118463546136205 and parameters: {'confidence_threshold': 0.8348715331758573, 'training_days': 500, 'n_estimators': 434, 'max_depth': 3, 'num_leaves': 25, 'learning_rate': 0.0144657686679959, 'subsample': 0.5840712187750331, 'colsample_bytree': 0.7275241575243442, 'min_child_samples': 34, 'reg_alpha': 3.433399905162048, 'reg_lambda': 0.0003580608476230483}. Best is trial 10 with value: 0.1292716026659228.
[I 2026-06-01 15:49:06,792] Trial 17 finished with value: 0.005051846028682272 and parameters: {'confidence_threshold': 0.5004748807695347, 'training_days': 400, 'n_estimators': 301, 'max_depth': 3, 'num_leaves': 37, 'learning_rate': 0.029077992791501493, 'subsample': 0.6777442819127936, 'colsample_bytree': 0.6042669130757778, 'min_child_samples': 52, 'reg_alpha': 4.623471792747713e-07, 'reg_lambda': 6.536602842883305e-07}. Best is trial 10 with value: 0.1292716026659228.
[I 2026-06-01 15:49:07,217] A new study created in memory with name: no-name-2401a851-23f8-4502-a470-f77adfb2c96c
[I 2026-06-01 15:49:07,415] Trial 0 finished with value: -0.038300621941654886 and parameters: {'confidence_threshold': 0.5870645682749857, 'training_days': 90, 'n_estimators': 403, 'max_depth': 5, 'num_leaves': 45, 'learning_rate': 0.0780457193679974, 'subsample': 0.9428509515574568, 'colsample_bytree': 0.8795587339164916, 'min_child_samples': 34, 'reg_alpha': 2.2465901234314442e-07, 'reg_lambda': 8.339007036475363e-05}. Best is trial 0 with value: -0.038300621941654886.
[I 2026-06-01 15:49:07,535] Trial 1 finished with value: 0.04357023265346695 and parameters: {'confidence_threshold': 0.6348453934275313, 'training_days': 290, 'n_estimators': 115, 'max_depth': 5, 'num_leaves': 37, 'learning_rate': 0.06949568759029946, 'subsample': 0.8228505074024268, 'colsample_bytree': 0.8616703220431751, 'min_child_samples': 75, 'reg_alpha': 4.2486822725010923e-07, 'reg_lambda': 1.157247767047042e-07}. Best is trial 1 with value: 0.04357023265346695.
[I 2026-06-01 15:49:07,553] Trial 2 finished with value: -0.07559045816957508 and parameters: {'confidence_threshold': 0.5849570384370288, 'training_days': 10, 'n_estimators': 212, 'max_depth': 3, 'num_leaves': 41, 'learning_rate': 0.18452095998378365, 'subsample': 0.6001060822924371, 'colsample_bytree': 0.5673167293506167, 'min_child_samples': 37, 'reg_alpha': 5.733250064217131, 'reg_lambda': 0.5308454292595461}. Best is trial 1 with value: 0.04357023265346695.
[I 2026-06-01 15:49:07,637] Trial 3 finished with value: 0.06528513666791601 and parameters: {'confidence_threshold': 0.6868248626683718, 'training_days': 220, 'n_estimators': 134, 'max_depth': 3, 'num_leaves': 45, 'learning_rate': 0.033529007907491595, 'subsample': 0.8647277071858408, 'colsample_bytree': 0.778494116634046, 'min_child_samples': 96, 'reg_alpha': 2.409409937265785e-07, 'reg_lambda': 1.1642073478060009}. Best is trial 3 with value: 0.06528513666791601.
[I 2026-06-01 15:49:07,725] Trial 4 finished with value: 0.04343565054438873 and parameters: {'confidence_threshold': 0.5623121348350352, 'training_days': 300, 'n_estimators': 69, 'max_depth': 4, 'num_leaves': 32, 'learning_rate': 0.14967629360700346, 'subsample': 0.5054535233636654, 'colsample_bytree': 0.7401385194659216, 'min_child_samples': 27, 'reg_alpha': 1.4212042567426725e-07, 'reg_lambda': 0.23605753701352003}. Best is trial 3 with value: 0.06528513666791601.
[I 2026-06-01 15:49:08,194] Trial 5 finished with value: 0.03259261958820972 and parameters: {'confidence_threshold': 0.7111850244908446, 'training_days': 490, 'n_estimators': 362, 'max_depth': 5, 'num_leaves': 40, 'learning_rate': 0.05960785724162737, 'subsample': 0.5589714368907717, 'colsample_bytree': 0.6659006943232806, 'min_child_samples': 42, 'reg_alpha': 0.6741360303045295, 'reg_lambda': 6.054601607143087e-08}. Best is trial 3 with value: 0.06528513666791601.
[I 2026-06-01 15:49:08,377] Trial 6 finished with value: -0.005235249076087694 and parameters: {'confidence_threshold': 0.667482545748023, 'training_days': 420, 'n_estimators': 279, 'max_depth': 3, 'num_leaves': 45, 'learning_rate': 0.040099592560849204, 'subsample': 0.8563114696415159, 'colsample_bytree': 0.5442917781944105, 'min_child_samples': 50, 'reg_alpha': 1.6407916423707903e-08, 'reg_lambda': 2.935907642973286e-05}. Best is trial 3 with value: 0.06528513666791601.
[I 2026-06-01 15:49:08,539] Trial 7 finished with value: -0.0854352180559461 and parameters: {'confidence_threshold': 0.5497381024139926, 'training_days': 120, 'n_estimators': 408, 'max_depth': 5, 'num_leaves': 38, 'learning_rate': 0.28049122657745795, 'subsample': 0.8806573338635493, 'colsample_bytree': 0.5454054113547102, 'min_child_samples': 63, 'reg_alpha': 0.01263008637940408, 'reg_lambda': 0.04588020805366937}. Best is trial 3 with value: 0.06528513666791601.
[I 2026-06-01 15:49:08,837] Trial 8 finished with value: -0.0450286604613651 and parameters: {'confidence_threshold': 0.719644804808716, 'training_days': 450, 'n_estimators': 410, 'max_depth': 4, 'num_leaves': 57, 'learning_rate': 0.04022026551478857, 'subsample': 0.5336085426932707, 'colsample_bytree': 0.5705742850577543, 'min_child_samples': 100, 'reg_alpha': 5.916398047912201e-07, 'reg_lambda': 0.9794034214488329}. Best is trial 3 with value: 0.06528513666791601.
