[I 2026-06-01 15:44:28,930] Trial 15 finished with value: 0.02521373698894146 and parameters: {'confidence_threshold': 0.710187083027052, 'training_days': 460, 'n_estimators': 243, 'max_depth': 5, 'num_leaves': 15, 'learning_rate': 0.047964452603681096, 'subsample': 0.507007918467014, 'colsample_bytree': 0.7237973854743056, 'min_child_samples': 55, 'reg_alpha': 9.061543342246209, 'reg_lambda': 3.5532501480887757}. Best is trial 15 with value: 0.02521373698894146.
[I 2026-06-01 15:44:29,097] Trial 16 finished with value: 0.028742153310131874 and parameters: {'confidence_threshold': 0.7084041845582761, 'training_days': 500, 'n_estimators': 236, 'max_depth': 3, 'num_leaves': 15, 'learning_rate': 0.05019762146085187, 'subsample': 0.5206453343654052, 'colsample_bytree': 0.6962226064763758, 'min_child_samples': 54, 'reg_alpha': 4.975169319402525, 'reg_lambda': 2.768872688174693}. Best is trial 16 with value: 0.028742153310131874.
[I 2026-06-01 15:44:29,295] Trial 17 finished with value: 0.0237649873721553 and parameters: {'confidence_threshold': 0.7110519736587814, 'training_days': 490, 'n_estimators': 226, 'max_depth': 4, 'num_leaves': 15, 'learning_rate': 0.05198997013166725, 'subsample': 0.5068103060918405, 'colsample_bytree': 0.6850801830025729, 'min_child_samples': 52, 'reg_alpha': 7.284070645541434, 'reg_lambda': 2.868052661577789}. Best is trial 16 with value: 0.028742153310131874.
[I 2026-06-01 15:44:29,448] A new study created in memory with name: no-name-28d8598c-253c-4d1d-89f1-c76d61d7fa92
[I 2026-06-01 15:44:29,641] Trial 0 finished with value: -0.0027855567558901064 and parameters: {'confidence_threshold': 0.5870645682749857, 'training_days': 90, 'n_estimators': 403, 'max_depth': 5, 'num_leaves': 45, 'learning_rate': 0.0780457193679974, 'subsample': 0.9428509515574568, 'colsample_bytree': 0.8795587339164916, 'min_child_samples': 34, 'reg_alpha': 2.2465901234314442e-07, 'reg_lambda': 8.339007036475363e-05}. Best is trial 0 with value: -0.0027855567558901064.
[I 2026-06-01 15:44:29,745] Trial 1 finished with value: -0.03882174719650121 and parameters: {'confidence_threshold': 0.6348453934275313, 'training_days': 290, 'n_estimators': 115, 'max_depth': 5, 'num_leaves': 37, 'learning_rate': 0.06949568759029946, 'subsample': 0.8228505074024268, 'colsample_bytree': 0.8616703220431751, 'min_child_samples': 75, 'reg_alpha': 4.2486822725010923e-07, 'reg_lambda': 1.157247767047042e-07}. Best is trial 0 with value: -0.0027855567558901064.
[I 2026-06-01 15:44:29,762] Trial 2 finished with value: -4.038883571288858 and parameters: {'confidence_threshold': 0.5849570384370288, 'training_days': 10, 'n_estimators': 212, 'max_depth': 3, 'num_leaves': 41, 'learning_rate': 0.18452095998378365, 'subsample': 0.6001060822924371, 'colsample_bytree': 0.5673167293506167, 'min_child_samples': 37, 'reg_alpha': 5.733250064217131, 'reg_lambda': 0.5308454292595461}. Best is trial 0 with value: -0.0027855567558901064.
[I 2026-06-01 15:44:29,831] Trial 3 finished with value: -0.02528398238823739 and parameters: {'confidence_threshold': 0.6868248626683718, 'training_days': 220, 'n_estimators': 134, 'max_depth': 3, 'num_leaves': 45, 'learning_rate': 0.033529007907491595, 'subsample': 0.8647277071858408, 'colsample_bytree': 0.778494116634046, 'min_child_samples': 96, 'reg_alpha': 2.409409937265785e-07, 'reg_lambda': 1.1642073478060009}. Best is trial 0 with value: -0.0027855567558901064.
[I 2026-06-01 15:44:29,917] Trial 4 finished with value: -0.0502569281002309 and parameters: {'confidence_threshold': 0.5623121348350352, 'training_days': 300, 'n_estimators': 69, 'max_depth': 4, 'num_leaves': 32, 'learning_rate': 0.14967629360700346, 'subsample': 0.5054535233636654, 'colsample_bytree': 0.7401385194659216, 'min_child_samples': 27, 'reg_alpha': 1.4212042567426725e-07, 'reg_lambda': 0.23605753701352003}. Best is trial 0 with value: -0.0027855567558901064.
[I 2026-06-01 15:44:30,290] Trial 5 finished with value: -0.007437919711975738 and parameters: {'confidence_threshold': 0.7111850244908446, 'training_days': 490, 'n_estimators': 362, 'max_depth': 5, 'num_leaves': 40, 'learning_rate': 0.05960785724162737, 'subsample': 0.5589714368907717, 'colsample_bytree': 0.6659006943232806, 'min_child_samples': 42, 'reg_alpha': 0.6741360303045295, 'reg_lambda': 6.054601607143087e-08}. Best is trial 0 with value: -0.0027855567558901064.
[I 2026-06-01 15:44:30,462] Trial 6 finished with value: 0.020333724952629174 and parameters: {'confidence_threshold': 0.667482545748023, 'training_days': 420, 'n_estimators': 279, 'max_depth': 3, 'num_leaves': 45, 'learning_rate': 0.040099592560849204, 'subsample': 0.8563114696415159, 'colsample_bytree': 0.5442917781944105, 'min_child_samples': 50, 'reg_alpha': 1.6407916423707903e-08, 'reg_lambda': 2.935907642973286e-05}. Best is trial 6 with value: 0.020333724952629174.

    [trial 7] 48 features, training_days=180 | threshold=0.526 | labels: 1160 long, 1008 short (54/46%)
    [trial 7] Sharpe=0.0279 (folds: -0.0093, -0.1147, 0.1063, 0.2149, -0.0576)
    [trial 8] 48 features, training_days=240 | threshold=0.811 | labels: 1160 long, 1008 short (54/46%)
    [trial 8] Sharpe=0.0550 (folds: -0.1019, -0.1029, 0.1567, 0.4390, -0.1160)
    [trial 9] 48 features, training_days=20 | threshold=0.538 | labels: 1160 long, 1008 short (54/46%)
    [trial 9] Sharpe=0.1127 (folds: 0.3574, 0.0082, 0.0432, 0.0159, 0.1389)
    [trial 10] 48 features, training_days=10 | threshold=0.745 | labels: 1160 long, 1008 short (54/46%)
    [trial 10] Sharpe=-5.9952 (folds: -10.0000, 0.0082, -10.0000, 0.0159, -10.0000)
    [trial 11] 48 features, training_days=120 | threshold=0.716 | labels: 1160 long, 1008 short (54/46%)
    [trial 11] Sharpe=-0.0081 (folds: -0.1134, 0.0215, 0.1052, 0.1207, -0.1742)
    [trial 12] 48 features, training_days=270 | threshold=0.670 | labels: 1160 long, 1008 short (54/46%)
    [trial 12] Sharpe=-0.0199 (folds: -0.1471, -0.0972, 0.1214, 0.2579, -0.2345)
    [trial 13] 48 features, training_days=110 | threshold=0.758 | labels: 1160 long, 1008 short (54/46%)
    [trial 13] Sharpe=-0.0054 (folds: -0.0307, -0.0269, 0.1478, 0.1428, -0.2599)
    [trial 14] 48 features, training_days=280 | threshold=0.673 | labels: 1160 long, 1008 short (54/46%)
    [trial 14] Sharpe=-0.0378 (folds: -0.0586, -0.0755, 0.0852, 0.1414, -0.2816)
    [trial 15] 48 features, training_days=160 | threshold=0.507 | labels: 1160 long, 1008 short (54/46%)
    [trial 15] Sharpe=-0.0445 (folds: -0.0825, -0.0279, 0.0011, 0.0622, -0.1757)
    [trial 16] 48 features, training_days=330 | threshold=0.783 | labels: 1160 long, 1008 short (54/46%)
    [trial 16] Sharpe=-0.0662 (folds: -0.0634, -0.1488, 0.1028, 0.1070, -0.3287)
    [trial 17] 48 features, training_days=70 | threshold=0.707 | labels: 1160 long, 1008 short (54/46%)
    [trial 17] Sharpe=-0.0713 (folds: 0.1246, 0.0691, 0.0752, -0.2274, -0.3980)
  Optuna: 18 trials, best Sharpe = 0.1127
  Best params: n_estimators=337, max_depth=3, lr=0.2191, leaves=39
  Best confidence_threshold: 0.538
  Best training_days: 20
  Retrained on full data (60 samples, 48 features)
  [ensemble 2/3] seed=123
    [trial 0] 48 features, training_days=150 | threshold=0.744 | labels: 1160 long, 1008 short (54/46%)
    [CV fold 0] train_end=2020-12-23 08:00 | val_start=2020-12-31 00:00 | gap=184h (22 rows)
    [CV fold 1] train_end=2021-04-22 16:00 | val_start=2021-04-30 08:00 | gap=184h (22 rows)
    [CV fold 2] train_end=2021-08-21 00:00 | val_start=2021-08-28 16:00 | gap=184h (22 rows)
    [CV fold 3] train_end=2021-12-19 08:00 | val_start=2021-12-27 00:00 | gap=184h (22 rows)
    [CV fold 4] train_end=2022-04-18 16:00 | val_start=2022-04-26 08:00 | gap=184h (22 rows)
    [trial 0] Sharpe=-0.0733 (folds: -0.1708, -0.0386, 0.1475, 0.0529, -0.3574)
    [trial 1] 48 features, training_days=220 | threshold=0.755 | labels: 1160 long, 1008 short (54/46%)
    [trial 1] Sharpe=-1.9807 (folds: 0.0751, -0.1664, -10.0000, 0.3297, -0.1418)
    [trial 2] 48 features, training_days=310 | threshold=0.754 | labels: 1160 long, 1008 short (54/46%)
    [trial 2] Sharpe=0.0074 (folds: -0.1232, -0.0391, 0.1892, 0.3722, -0.3621)
    [trial 3] 48 features, training_days=220 | threshold=0.673 | labels: 1160 long, 1008 short (54/46%)
    [trial 3] Sharpe=-0.0110 (folds: -0.1009, -0.1639, 0.1675, 0.1993, -0.1568)
    [trial 4] 48 features, training_days=130 | threshold=0.803 | labels: 1160 long, 1008 short (54/46%)
    [trial 4] Sharpe=-0.0559 (folds: -0.0406, -0.0678, 0.1321, 0.0511, -0.3544)
    [trial 5] 48 features, training_days=210 | threshold=0.606 | labels: 1160 long, 1008 short (54/46%)
    [trial 5] Sharpe=-0.0084 (folds: -0.0916, -0.1379, 0.1516, 0.1726, -0.1369)
    [trial 6] 48 features, training_days=130 | threshold=0.767 | labels: 1160 long, 1008 short (54/46%)
    [trial 6] Sharpe=-0.0468 (folds: -0.1139, -0.0082, 0.1381, 0.0470, -0.2970)
    [trial 7] 48 features, training_days=80 | threshold=0.556 | labels: 1160 long, 1008 short (54/46%)
    [trial 7] Sharpe=-0.0608 (folds: 0.0793, 0.0936, 0.0370, -0.0649, -0.4490)
    [trial 8] 48 features, training_days=200 | threshold=0.607 | labels: 1160 long, 1008 short (54/46%)
    [trial 8] Sharpe=0.0084 (folds: -0.0730, -0.1598, 0.1683, 0.2061, -0.0995)
    [trial 9] 48 features, training_days=260 | threshold=0.620 | labels: 1160 long, 1008 short (54/46%)
    [trial 9] Sharpe=0.0179 (folds: -0.0919, -0.0577, 0.0615, 0.2999, -0.1224)
    [trial 10] 48 features, training_days=470 | threshold=0.534 | labels: 1160 long, 1008 short (54/46%)
    [trial 10] Sharpe=-0.0146 (folds: -0.0901, -0.0652, 0.0094, 0.1715, -0.0988)
    [trial 11] 48 features, training_days=340 | threshold=0.633 | labels: 1160 long, 1008 short (54/46%)
    [trial 11] Sharpe=-0.0403 (folds: -0.0857, -0.0980, 0.1662, 0.1526, -0.3367)
    [trial 12] 48 features, training_days=20 | threshold=0.596 | labels: 1160 long, 1008 short (54/46%)
    [trial 12] Sharpe=-1.9588 (folds: -10.0000, 0.0082, 0.0432, 0.0159, 0.1389)
    [trial 13] 48 features, training_days=340 | threshold=0.504 | labels: 1160 long, 1008 short (54/46%)
    [trial 13] Sharpe=-0.0368 (folds: -0.0511, -0.0280, 0.0474, 0.1749, -0.3274)
    [trial 14] 48 features, training_days=290 | threshold=0.666 | labels: 1160 long, 1008 short (54/46%)
    [trial 14] Sharpe=-0.0655 (folds: -0.1701, -0.1007, 0.1276, 0.1255, -0.3097)
    [trial 15] 48 features, training_days=460 | threshold=0.710 | labels: 1160 long, 1008 short (54/46%)
    [trial 15] Sharpe=0.0252 (folds: -0.0731, -0.0654, 0.1694, 0.4452, -0.3501)
    [trial 16] 48 features, training_days=500 | threshold=0.708 | labels: 1160 long, 1008 short (54/46%)
    [trial 16] Sharpe=0.0287 (folds: -0.0647, -0.1276, 0.1184, 0.4344, -0.2169)
    [trial 17] 48 features, training_days=490 | threshold=0.711 | labels: 1160 long, 1008 short (54/46%)
    [trial 17] Sharpe=0.0238 (folds: -0.0801, -0.0981, 0.1126, 0.3830, -0.1986)
  Optuna: 18 trials, best Sharpe = 0.0287
  Best params: n_estimators=236, max_depth=3, lr=0.0502, leaves=15
  Best confidence_threshold: 0.708
  Best training_days: 500
  Retrained on full data (1500 samples, 48 features)
  [ensemble 3/3] seed=456
    [trial 0] 48 features, training_days=90 | threshold=0.587 | labels: 1160 long, 1008 short (54/46%)
    [CV fold 0] train_end=2020-12-23 08:00 | val_start=2020-12-31 00:00 | gap=184h (22 rows)
    [CV fold 1] train_end=2021-04-22 16:00 | val_start=2021-04-30 08:00 | gap=184h (22 rows)
    [CV fold 2] train_end=2021-08-21 00:00 | val_start=2021-08-28 16:00 | gap=184h (22 rows)
    [CV fold 3] train_end=2021-12-19 08:00 | val_start=2021-12-27 00:00 | gap=184h (22 rows)
    [CV fold 4] train_end=2022-04-18 16:00 | val_start=2022-04-26 08:00 | gap=184h (22 rows)
    [trial 0] Sharpe=-0.0028 (folds: 0.1149, -0.0185, 0.1812, 0.0070, -0.2986)
    [trial 1] 48 features, training_days=290 | threshold=0.635 | labels: 1160 long, 1008 short (54/46%)
    [trial 1] Sharpe=-0.0388 (folds: -0.0752, -0.0728, 0.0934, 0.1141, -0.2537)
    [trial 2] 48 features, training_days=10 | threshold=0.585 | labels: 1160 long, 1008 short (54/46%)
    [trial 2] Sharpe=-4.0389 (folds: -10.0000, 0.0082, -10.0000, 0.0159, -0.2186)
    [trial 3] 48 features, training_days=220 | threshold=0.687 | labels: 1160 long, 1008 short (54/46%)
    [trial 3] Sharpe=-0.0253 (folds: -0.0762, -0.1608, 0.1184, 0.1912, -0.1991)
    [trial 4] 48 features, training_days=300 | threshold=0.562 | labels: 1160 long, 1008 short (54/46%)
    [trial 4] Sharpe=-0.0503 (folds: -0.1025, -0.0197, 0.0771, 0.0894, -0.2955)
    [trial 5] 48 features, training_days=490 | threshold=0.711 | labels: 1160 long, 1008 short (54/46%)
    [trial 5] Sharpe=-0.0074 (folds: -0.0710, -0.0743, 0.1276, 0.1791, -0.1987)
    [trial 6] 48 features, training_days=420 | threshold=0.667 | labels: 1160 long, 1008 short (54/46%)
    [trial 6] Sharpe=0.0203 (folds: -0.0712, -0.1131, 0.1102, 0.4616, -0.2859)
    [trial 7] 48 features, training_days=120 | threshold=0.550 | labels: 1160 long, 1008 short (54/46%)
    [trial 7] Sharpe=0.0182 (folds: -0.0407, 0.0331, 0.0896, 0.1980, -0.1888)[I 2026-06-01 15:44:30,614] Trial 7 finished with value: 0.01821757763949633 and parameters: {'confidence_threshold': 0.5497381024139926, 'training_days': 120, 'n_estimators': 408, 'max_depth': 5, 'num_leaves': 38, 'learning_rate': 0.28049122657745795, 'subsample': 0.8806573338635493, 'colsample_bytree': 0.5454054113547102, 'min_child_samples': 63, 'reg_alpha': 0.01263008637940408, 'reg_lambda': 0.04588020805366937}. Best is trial 6 with value: 0.020333724952629174.
[I 2026-06-01 15:44:30,879] Trial 8 finished with value: -0.008174526089322431 and parameters: {'confidence_threshold': 0.719644804808716, 'training_days': 450, 'n_estimators': 410, 'max_depth': 4, 'num_leaves': 57, 'learning_rate': 0.04022026551478857, 'subsample': 0.5336085426932707, 'colsample_bytree': 0.5705742850577543, 'min_child_samples': 100, 'reg_alpha': 5.916398047912201e-07, 'reg_lambda': 0.9794034214488329}. Best is trial 6 with value: 0.020333724952629174.
[I 2026-06-01 15:44:30,899] Trial 9 finished with value: -10.0 and parameters: {'confidence_threshold': 0.7267463643917187, 'training_days': 20, 'n_estimators': 337, 'max_depth': 5, 'num_leaves': 23, 'learning_rate': 0.022153031811454605, 'subsample': 0.6305627572358737, 'colsample_bytree': 0.6613413774216214, 'min_child_samples': 81, 'reg_alpha': 5.7638634029410314e-08, 'reg_lambda': 8.26603016764008}. Best is trial 6 with value: 0.020333724952629174.
[I 2026-06-01 15:44:31,082] Trial 10 finished with value: -2.070917981810066 and parameters: {'confidence_threshold': 0.8283920119574972, 'training_days': 400, 'n_estimators': 240, 'max_depth': 3, 'num_leaves': 62, 'learning_rate': 0.011921022686883517, 'subsample': 0.7130289643560688, 'colsample_bytree': 0.9944479338273263, 'min_child_samples': 54, 'reg_alpha': 6.837313901272251e-05, 'reg_lambda': 2.741063772648371e-05}. Best is trial 6 with value: 0.020333724952629174.
[I 2026-06-01 15:44:31,280] Trial 11 finished with value: -0.07363589064038552 and parameters: {'confidence_threshold': 0.5379676273538253, 'training_days': 170, 'n_estimators': 478, 'max_depth': 4, 'num_leaves': 54, 'learning_rate': 0.23812253955588647, 'subsample': 0.986770314616891, 'colsample_bytree': 0.5017024210185925, 'min_child_samples': 61, 'reg_alpha': 0.022994587022611257, 'reg_lambda': 0.00647465266809438}. Best is trial 6 with value: 0.020333724952629174.
[I 2026-06-01 15:44:31,486] Trial 12 finished with value: -0.04442932478376398 and parameters: {'confidence_threshold': 0.5145853631584999, 'training_days': 360, 'n_estimators': 286, 'max_depth': 4, 'num_leaves': 29, 'learning_rate': 0.11734972811537304, 'subsample': 0.8461199852159198, 'colsample_bytree': 0.5159885704391729, 'min_child_samples': 56, 'reg_alpha': 0.0006430918293963635, 'reg_lambda': 0.0022105109201275095}. Best is trial 6 with value: 0.020333724952629174.
[I 2026-06-01 15:44:31,696] Trial 13 finished with value: -0.1061200128935107 and parameters: {'confidence_threshold': 0.8006461722941554, 'training_days': 140, 'n_estimators': 493, 'max_depth': 3, 'num_leaves': 15, 'learning_rate': 0.023468126747120118, 'subsample': 0.7683931704000064, 'colsample_bytree': 0.633238312765511, 'min_child_samples': 69, 'reg_alpha': 0.00017470786404015872, 'reg_lambda': 5.202782339940452e-06}. Best is trial 6 with value: 0.020333724952629174.
[I 2026-06-01 15:44:31,888] Trial 14 finished with value: 0.01681323804651624 and parameters: {'confidence_threshold': 0.6385959084278181, 'training_days': 210, 'n_estimators': 289, 'max_depth': 4, 'num_leaves': 50, 'learning_rate': 0.26984868555798164, 'subsample': 0.9117435279225342, 'colsample_bytree': 0.5981279310555323, 'min_child_samples': 48, 'reg_alpha': 0.012452406698903937, 'reg_lambda': 0.007334812922339815}. Best is trial 6 with value: 0.020333724952629174.
[I 2026-06-01 15:44:32,018] Trial 15 finished with value: 0.019502272447329515 and parameters: {'confidence_threshold': 0.7594279795954488, 'training_days': 370, 'n_estimators': 191, 'max_depth': 3, 'num_leaves': 33, 'learning_rate': 0.10748337522901448, 'subsample': 0.7479979733595262, 'colsample_bytree': 0.72824852429143, 'min_child_samples': 65, 'reg_alpha': 9.353316358609245e-06, 'reg_lambda': 2.582339790441249e-06}. Best is trial 6 with value: 0.020333724952629174.
[I 2026-06-01 15:44:32,165] Trial 16 finished with value: -0.00919465574168724 and parameters: {'confidence_threshold': 0.7643075359322464, 'training_days': 370, 'n_estimators': 186, 'max_depth': 3, 'num_leaves': 26, 'learning_rate': 0.12228762974645818, 'subsample': 0.7076946314926633, 'colsample_bytree': 0.7346619346899209, 'min_child_samples': 20, 'reg_alpha': 8.745689976995086e-06, 'reg_lambda': 1.6925634133463895e-06}. Best is trial 6 with value: 0.020333724952629174.
[I 2026-06-01 15:44:32,280] Trial 17 finished with value: 0.04295088777984257 and parameters: {'confidence_threshold': 0.7598043619815762, 'training_days': 430, 'n_estimators': 159, 'max_depth': 3, 'num_leaves': 20, 'learning_rate': 0.09339018386851872, 'subsample': 0.7847012561130361, 'colsample_bytree': 0.8068110088803903, 'min_child_samples': 90, 'reg_alpha': 1.8536561644031977e-08, 'reg_lambda': 1.4362314305597911e-06}. Best is trial 17 with value: 0.04295088777984257.
[I 2026-06-01 15:44:32,715] A new study created in memory with name: no-name-d535a0aa-e1fd-4ce2-a57f-d43b3f338de3
[I 2026-06-01 15:44:33,014] Trial 0 finished with value: -0.024968056953457867 and parameters: {'confidence_threshold': 0.6310890415965769, 'training_days': 480, 'n_estimators': 380, 'max_depth': 4, 'num_leaves': 22, 'learning_rate': 0.01699897838270077, 'subsample': 0.5290418060840998, 'colsample_bytree': 0.9330880728874675, 'min_child_samples': 68, 'reg_alpha': 0.023585940584142682, 'reg_lambda': 1.5320059381854043e-08}. Best is trial 0 with value: -0.024968056953457867.
[I 2026-06-01 15:44:33,122] Trial 1 finished with value: -3.988742201804045 and parameters: {'confidence_threshold': 0.839468448256698, 'training_days': 420, 'n_estimators': 145, 'max_depth': 3, 'num_leaves': 23, 'learning_rate': 0.028145092716060652, 'subsample': 0.762378215816119, 'colsample_bytree': 0.7159725093210578, 'min_child_samples': 43, 'reg_alpha': 0.0032112643094417484, 'reg_lambda': 1.8007140198129195e-07}. Best is trial 0 with value: -0.024968056953457867.
