[I 2026-06-01 15:43:10,741] Trial 10 finished with value: -0.06789752955708721 and parameters: {'confidence_threshold': 0.8445241688507242, 'training_days': 470, 'n_estimators': 493, 'max_depth': 4, 'num_leaves': 63, 'learning_rate': 0.010221918552934462, 'subsample': 0.9783426417503635, 'colsample_bytree': 0.6202684210924141, 'min_child_samples': 46, 'reg_alpha': 1.452403597240567e-08, 'reg_lambda': 0.02027317446694866}. Best is trial 0 with value: 0.056049918655572586.
[I 2026-06-01 15:43:10,768] Trial 11 finished with value: -0.20148035229066757 and parameters: {'confidence_threshold': 0.5077463503498806, 'training_days': 10, 'n_estimators': 245, 'max_depth': 3, 'num_leaves': 49, 'learning_rate': 0.047907454503262954, 'subsample': 0.9939949979825393, 'colsample_bytree': 0.9864508096204552, 'min_child_samples': 100, 'reg_alpha': 6.406297885587639e-07, 'reg_lambda': 1.0031010917688901e-08}. Best is trial 0 with value: 0.056049918655572586.
[I 2026-06-01 15:43:10,795] Trial 12 finished with value: -0.20148035229066757 and parameters: {'confidence_threshold': 0.5170417950991051, 'training_days': 10, 'n_estimators': 459, 'max_depth': 3, 'num_leaves': 48, 'learning_rate': 0.046905974008408464, 'subsample': 0.6723735525378662, 'colsample_bytree': 0.6669454130036883, 'min_child_samples': 90, 'reg_alpha': 5.828909593622513e-07, 'reg_lambda': 4.2084308291483265e-07}. Best is trial 0 with value: 0.056049918655572586.
[I 2026-06-01 15:43:10,840] Trial 13 finished with value: 0.0723711616446439 and parameters: {'confidence_threshold': 0.6955529552558224, 'training_days': 120, 'n_estimators': 53, 'max_depth': 3, 'num_leaves': 55, 'learning_rate': 0.06910557097515196, 'subsample': 0.9227064439647955, 'colsample_bytree': 0.5443982906148261, 'min_child_samples': 47, 'reg_alpha': 2.026620404672971e-06, 'reg_lambda': 0.0031247055541074147}. Best is trial 13 with value: 0.0723711616446439.
[I 2026-06-01 15:43:10,913] Trial 14 finished with value: 0.006202413768266168 and parameters: {'confidence_threshold': 0.6968624890517784, 'training_days': 340, 'n_estimators': 60, 'max_depth': 4, 'num_leaves': 56, 'learning_rate': 0.03442741182013394, 'subsample': 0.9029371036317264, 'colsample_bytree': 0.5034139861451107, 'min_child_samples': 49, 'reg_alpha': 1.0028182844753878e-08, 'reg_lambda': 0.0038081143008355752}. Best is trial 13 with value: 0.0723711616446439.
[I 2026-06-01 15:43:10,996] Trial 15 finished with value: -0.02159179657309803 and parameters: {'confidence_threshold': 0.6924133483542253, 'training_days': 120, 'n_estimators': 139, 'max_depth': 4, 'num_leaves': 63, 'learning_rate': 0.12590433810309265, 'subsample': 0.8966418548807951, 'colsample_bytree': 0.5093920150666754, 'min_child_samples': 50, 'reg_alpha': 5.011892081220446e-07, 'reg_lambda': 3.5532501480887757}. Best is trial 13 with value: 0.0723711616446439.
[I 2026-06-01 15:43:11,050] Trial 16 finished with value: 0.10434315491031301 and parameters: {'confidence_threshold': 0.7209849801114826, 'training_days': 80, 'n_estimators': 119, 'max_depth': 3, 'num_leaves': 55, 'learning_rate': 0.03600924870032979, 'subsample': 0.8953800167332984, 'colsample_bytree': 0.6775440438746345, 'min_child_samples': 42, 'reg_alpha': 0.03162588031476967, 'reg_lambda': 0.1334975841194959}. Best is trial 16 with value: 0.10434315491031301.
[I 2026-06-01 15:43:11,096] Trial 17 finished with value: 0.14014255724812522 and parameters: {'confidence_threshold': 0.6547380688101014, 'training_days': 70, 'n_estimators': 99, 'max_depth': 3, 'num_leaves': 56, 'learning_rate': 0.016228044790183076, 'subsample': 0.893332219654563, 'colsample_bytree': 0.6042669130757778, 'min_child_samples': 38, 'reg_alpha': 0.031339913113165224, 'reg_lambda': 0.07200207529900765}. Best is trial 17 with value: 0.14014255724812522.
[I 2026-06-01 15:43:11,135] A new study created in memory with name: no-name-3971a242-4ba4-4d4e-8d36-3973d539f81d
[I 2026-06-01 15:43:11,308] Trial 0 finished with value: 0.054311574464245595 and parameters: {'confidence_threshold': 0.5870645682749857, 'training_days': 90, 'n_estimators': 403, 'max_depth': 5, 'num_leaves': 45, 'learning_rate': 0.0780457193679974, 'subsample': 0.9428509515574568, 'colsample_bytree': 0.8795587339164916, 'min_child_samples': 34, 'reg_alpha': 2.2465901234314442e-07, 'reg_lambda': 8.339007036475363e-05}. Best is trial 0 with value: 0.054311574464245595.
[I 2026-06-01 15:43:11,409] Trial 1 finished with value: 0.03191264194338459 and parameters: {'confidence_threshold': 0.6348453934275313, 'training_days': 290, 'n_estimators': 115, 'max_depth': 5, 'num_leaves': 37, 'learning_rate': 0.06949568759029946, 'subsample': 0.8228505074024268, 'colsample_bytree': 0.8616703220431751, 'min_child_samples': 75, 'reg_alpha': 4.2486822725010923e-07, 'reg_lambda': 1.157247767047042e-07}. Best is trial 0 with value: 0.054311574464245595.
[I 2026-06-01 15:43:11,429] Trial 2 finished with value: -2.160478141305149 and parameters: {'confidence_threshold': 0.5849570384370288, 'training_days': 10, 'n_estimators': 212, 'max_depth': 3, 'num_leaves': 41, 'learning_rate': 0.18452095998378365, 'subsample': 0.6001060822924371, 'colsample_bytree': 0.5673167293506167, 'min_child_samples': 37, 'reg_alpha': 5.733250064217131, 'reg_lambda': 0.5308454292595461}. Best is trial 0 with value: 0.054311574464245595.
[I 2026-06-01 15:43:11,502] Trial 3 finished with value: -0.004219986832842852 and parameters: {'confidence_threshold': 0.6868248626683718, 'training_days': 220, 'n_estimators': 134, 'max_depth': 3, 'num_leaves': 45, 'learning_rate': 0.033529007907491595, 'subsample': 0.8647277071858408, 'colsample_bytree': 0.778494116634046, 'min_child_samples': 96, 'reg_alpha': 2.409409937265785e-07, 'reg_lambda': 1.1642073478060009}. Best is trial 0 with value: 0.054311574464245595.
[I 2026-06-01 15:43:11,592] Trial 4 finished with value: 0.024030417674757356 and parameters: {'confidence_threshold': 0.5623121348350352, 'training_days': 300, 'n_estimators': 69, 'max_depth': 4, 'num_leaves': 32, 'learning_rate': 0.14967629360700346, 'subsample': 0.5054535233636654, 'colsample_bytree': 0.7401385194659216, 'min_child_samples': 27, 'reg_alpha': 1.4212042567426725e-07, 'reg_lambda': 0.23605753701352003}. Best is trial 0 with value: 0.054311574464245595.
[I 2026-06-01 15:43:12,037] Trial 5 finished with value: -0.020799252890445038 and parameters: {'confidence_threshold': 0.7111850244908446, 'training_days': 490, 'n_estimators': 362, 'max_depth': 5, 'num_leaves': 40, 'learning_rate': 0.05960785724162737, 'subsample': 0.5589714368907717, 'colsample_bytree': 0.6659006943232806, 'min_child_samples': 42, 'reg_alpha': 0.6741360303045295, 'reg_lambda': 6.054601607143087e-08}. Best is trial 0 with value: 0.054311574464245595.
[I 2026-06-01 15:43:12,213] Trial 6 finished with value: 0.0205113123265477 and parameters: {'confidence_threshold': 0.667482545748023, 'training_days': 420, 'n_estimators': 279, 'max_depth': 3, 'num_leaves': 45, 'learning_rate': 0.040099592560849204, 'subsample': 0.8563114696415159, 'colsample_bytree': 0.5442917781944105, 'min_child_samples': 50, 'reg_alpha': 1.6407916423707903e-08, 'reg_lambda': 2.935907642973286e-05}. Best is trial 0 with value: 0.054311574464245595.
[I 2026-06-01 15:43:12,352] Trial 7 finished with value: -0.008146198751904084 and parameters: {'confidence_threshold': 0.5497381024139926, 'training_days': 120, 'n_estimators': 408, 'max_depth': 5, 'num_leaves': 38, 'learning_rate': 0.28049122657745795, 'subsample': 0.8806573338635493, 'colsample_bytree': 0.5454054113547102, 'min_child_samples': 63, 'reg_alpha': 0.01263008637940408, 'reg_lambda': 0.04588020805366937}. Best is trial 0 with value: 0.054311574464245595.
[I 2026-06-01 15:43:12,620] Trial 8 finished with value: -0.022150218032930002 and parameters: {'confidence_threshold': 0.719644804808716, 'training_days': 450, 'n_estimators': 410, 'max_depth': 4, 'num_leaves': 57, 'learning_rate': 0.04022026551478857, 'subsample': 0.5336085426932707, 'colsample_bytree': 0.5705742850577543, 'min_child_samples': 100, 'reg_alpha': 5.916398047912201e-07, 'reg_lambda': 0.9794034214488329}. Best is trial 0 with value: 0.054311574464245595.

    [trial 8] Sharpe=0.0087 (folds: -0.1430, 0.1536, -0.0011, -0.1360, 0.1702)
    [trial 9] 48 features, training_days=20 | threshold=0.538 | labels: 1339 long, 832 short (62/38%)
    [trial 9] Sharpe=0.0166 (folds: -0.1681, -0.2050, 0.3564, 0.0183, 0.0813)
    [trial 10] 48 features, training_days=350 | threshold=0.738 | labels: 1339 long, 832 short (62/38%)
    [trial 10] Sharpe=0.0370 (folds: -0.0985, 0.2096, -0.0363, -0.0733, 0.1836)
    [trial 11] 48 features, training_days=340 | threshold=0.716 | labels: 1339 long, 832 short (62/38%)
    [trial 11] Sharpe=0.0460 (folds: -0.0692, 0.2427, -0.0949, -0.0707, 0.2221)
    [trial 12] 48 features, training_days=350 | threshold=0.713 | labels: 1339 long, 832 short (62/38%)
    [trial 12] Sharpe=-0.0164 (folds: -0.0816, 0.2469, -0.2064, -0.1323, 0.0915)
    [trial 13] 48 features, training_days=410 | threshold=0.672 | labels: 1339 long, 832 short (62/38%)
    [trial 13] Sharpe=0.0166 (folds: -0.1065, 0.1822, -0.0917, -0.0958, 0.1950)
    [trial 14] 48 features, training_days=310 | threshold=0.753 | labels: 1339 long, 832 short (62/38%)
    [trial 14] Sharpe=-5.9955 (folds: 0.0824, -10.0000, -10.0000, -0.0600, -10.0000)
    [trial 15] 48 features, training_days=420 | threshold=0.670 | labels: 1339 long, 832 short (62/38%)
    [trial 15] Sharpe=0.0090 (folds: -0.0882, 0.1195, -0.0636, -0.0664, 0.1436)
    [trial 16] 48 features, training_days=270 | threshold=0.565 | labels: 1339 long, 832 short (62/38%)
    [trial 16] Sharpe=0.0291 (folds: -0.0978, 0.1274, 0.1566, -0.1175, 0.0767)
    [trial 17] 48 features, training_days=150 | threshold=0.765 | labels: 1339 long, 832 short (62/38%)
    [trial 17] Sharpe=0.0143 (folds: -0.1284, 0.1953, -0.0828, -0.0802, 0.1675)
  Optuna: 18 trials, best Sharpe = 0.0611
  Best params: n_estimators=83, max_depth=5, lr=0.0197, leaves=52
  Best confidence_threshold: 0.549
  Best training_days: 410
  Retrained on full data (1230 samples, 48 features)
  [ensemble 2/3] seed=123
    [trial 0] 48 features, training_days=150 | threshold=0.744 | labels: 1339 long, 832 short (62/38%)
    [CV fold 0] train_end=2020-04-24 08:00 | val_start=2020-05-02 00:00 | gap=184h (22 rows)
    [CV fold 1] train_end=2020-08-22 16:00 | val_start=2020-08-30 08:00 | gap=184h (22 rows)
    [CV fold 2] train_end=2020-12-21 00:00 | val_start=2020-12-28 16:00 | gap=184h (22 rows)
    [CV fold 3] train_end=2021-04-20 08:00 | val_start=2021-04-28 00:00 | gap=184h (22 rows)
    [CV fold 4] train_end=2021-08-18 16:00 | val_start=2021-08-26 08:00 | gap=184h (22 rows)
    [trial 0] Sharpe=0.0560 (folds: -0.1487, 0.2783, 0.0150, -0.0500, 0.1857)
    [trial 1] 48 features, training_days=220 | threshold=0.755 | labels: 1339 long, 832 short (62/38%)
    [trial 1] Sharpe=-3.9614 (folds: 0.0430, -10.0000, 0.3396, -0.1896, -10.0000)
    [trial 2] 48 features, training_days=310 | threshold=0.754 | labels: 1339 long, 832 short (62/38%)
    [trial 2] Sharpe=0.0314 (folds: -0.0828, 0.2203, -0.0650, -0.0726, 0.1571)
    [trial 3] 48 features, training_days=220 | threshold=0.673 | labels: 1339 long, 832 short (62/38%)
    [trial 3] Sharpe=0.0168 (folds: -0.0912, 0.1180, 0.0470, -0.1298, 0.1399)
    [trial 4] 48 features, training_days=130 | threshold=0.803 | labels: 1339 long, 832 short (62/38%)
    [trial 4] Sharpe=-0.0202 (folds: -0.1371, 0.1933, -0.1328, -0.1214, 0.0969)
    [trial 5] 48 features, training_days=210 | threshold=0.606 | labels: 1339 long, 832 short (62/38%)
    [trial 5] Sharpe=0.0249 (folds: -0.1322, 0.1938, 0.0898, -0.1136, 0.0868)
    [trial 6] 48 features, training_days=130 | threshold=0.767 | labels: 1339 long, 832 short (62/38%)
    [trial 6] Sharpe=0.0235 (folds: -0.0959, 0.2902, -0.0494, -0.1270, 0.0995)
    [trial 7] 48 features, training_days=80 | threshold=0.556 | labels: 1339 long, 832 short (62/38%)
    [trial 7] Sharpe=0.0453 (folds: -0.1706, 0.1864, 0.1084, 0.1087, -0.0065)
    [trial 8] 48 features, training_days=200 | threshold=0.607 | labels: 1339 long, 832 short (62/38%)
    [trial 8] Sharpe=-0.0129 (folds: -0.1589, 0.1967, -0.0354, -0.2011, 0.1342)
    [trial 9] 48 features, training_days=260 | threshold=0.620 | labels: 1339 long, 832 short (62/38%)
    [trial 9] Sharpe=0.0009 (folds: -0.0944, 0.1835, 0.0376, -0.1562, 0.0343)
    [trial 10] 48 features, training_days=470 | threshold=0.845 | labels: 1339 long, 832 short (62/38%)
    [trial 10] Sharpe=-0.0679 (folds: -0.1073, 0.1680, -0.2854, -0.3244, 0.2097)
    [trial 11] 48 features, training_days=10 | threshold=0.508 | labels: 1339 long, 832 short (62/38%)
    [trial 11] Sharpe=-0.2015 (folds: -0.1681, -0.2050, -0.5027, 0.0183, -0.1498)
    [trial 12] 48 features, training_days=10 | threshold=0.517 | labels: 1339 long, 832 short (62/38%)
    [trial 12] Sharpe=-0.2015 (folds: -0.1681, -0.2050, -0.5027, 0.0183, -0.1498)
    [trial 13] 48 features, training_days=120 | threshold=0.696 | labels: 1339 long, 832 short (62/38%)
    [trial 13] Sharpe=0.0724 (folds: -0.0988, 0.3456, -0.0496, -0.0785, 0.2431)
    [trial 14] 48 features, training_days=340 | threshold=0.697 | labels: 1339 long, 832 short (62/38%)
    [trial 14] Sharpe=0.0062 (folds: -0.0790, 0.1492, -0.1968, -0.0919, 0.2495)
    [trial 15] 48 features, training_days=120 | threshold=0.692 | labels: 1339 long, 832 short (62/38%)
    [trial 15] Sharpe=-0.0216 (folds: -0.1856, 0.1968, -0.1513, -0.0381, 0.0702)
    [trial 16] 48 features, training_days=80 | threshold=0.721 | labels: 1339 long, 832 short (62/38%)
    [trial 16] Sharpe=0.1043 (folds: -0.0774, 0.2244, 0.1765, 0.0312, 0.1670)
    [trial 17] 48 features, training_days=70 | threshold=0.655 | labels: 1339 long, 832 short (62/38%)
    [trial 17] Sharpe=0.1401 (folds: -0.0098, 0.2842, 0.3022, 0.1221, 0.0020)
  Optuna: 18 trials, best Sharpe = 0.1401
  Best params: n_estimators=99, max_depth=3, lr=0.0162, leaves=56
  Best confidence_threshold: 0.655
  Best training_days: 70
  Retrained on full data (210 samples, 48 features)
  [ensemble 3/3] seed=456
    [trial 0] 48 features, training_days=90 | threshold=0.587 | labels: 1339 long, 832 short (62/38%)
    [CV fold 0] train_end=2020-04-24 08:00 | val_start=2020-05-02 00:00 | gap=184h (22 rows)
    [CV fold 1] train_end=2020-08-22 16:00 | val_start=2020-08-30 08:00 | gap=184h (22 rows)
    [CV fold 2] train_end=2020-12-21 00:00 | val_start=2020-12-28 16:00 | gap=184h (22 rows)
    [CV fold 3] train_end=2021-04-20 08:00 | val_start=2021-04-28 00:00 | gap=184h (22 rows)
    [CV fold 4] train_end=2021-08-18 16:00 | val_start=2021-08-26 08:00 | gap=184h (22 rows)
    [trial 0] Sharpe=0.0543 (folds: -0.1324, 0.2819, 0.1087, -0.1259, 0.1393)
    [trial 1] 48 features, training_days=290 | threshold=0.635 | labels: 1339 long, 832 short (62/38%)
    [trial 1] Sharpe=0.0319 (folds: -0.1201, 0.1928, 0.0840, -0.0689, 0.0718)
    [trial 2] 48 features, training_days=10 | threshold=0.585 | labels: 1339 long, 832 short (62/38%)
    [trial 2] Sharpe=-2.1605 (folds: -0.1681, -10.0000, -0.5027, 0.0183, -0.1498)
    [trial 3] 48 features, training_days=220 | threshold=0.687 | labels: 1339 long, 832 short (62/38%)
    [trial 3] Sharpe=-0.0042 (folds: -0.1069, 0.2161, -0.0130, -0.1580, 0.0407)
    [trial 4] 48 features, training_days=300 | threshold=0.562 | labels: 1339 long, 832 short (62/38%)
    [trial 4] Sharpe=0.0240 (folds: -0.0930, 0.1934, -0.0706, -0.0048, 0.0951)
    [trial 5] 48 features, training_days=490 | threshold=0.711 | labels: 1339 long, 832 short (62/38%)
    [trial 5] Sharpe=-0.0208 (folds: -0.1623, 0.1756, -0.0239, -0.1656, 0.0722)
    [trial 6] 48 features, training_days=420 | threshold=0.667 | labels: 1339 long, 832 short (62/38%)
    [trial 6] Sharpe=0.0205 (folds: -0.1081, 0.2418, -0.0726, -0.0886, 0.1300)
    [trial 7] 48 features, training_days=120 | threshold=0.550 | labels: 1339 long, 832 short (62/38%)
    [trial 7] Sharpe=-0.0081 (folds: -0.1599, 0.1559, -0.0873, 0.0475, 0.0030)
    [trial 8] 48 features, training_days=450 | threshold=0.720 | labels: 1339 long, 832 short (62/38%)
    [trial 8] Sharpe=-0.0222 (folds: -0.0774, 0.1194, -0.1038, -0.1665, 0.1176)
    [trial 9] 48 features, training_days=20 | threshold=0.727 | labels: 1339 long, 832 short (62/38%)
[I 2026-06-01 15:43:12,643] Trial 9 finished with value: -6.017359193920657 and parameters: {'confidence_threshold': 0.7267463643917187, 'training_days': 20, 'n_estimators': 337, 'max_depth': 5, 'num_leaves': 23, 'learning_rate': 0.022153031811454605, 'subsample': 0.6305627572358737, 'colsample_bytree': 0.6613413774216214, 'min_child_samples': 81, 'reg_alpha': 5.7638634029410314e-08, 'reg_lambda': 8.26603016764008}. Best is trial 0 with value: 0.054311574464245595.
[I 2026-06-01 15:43:12,950] Trial 10 finished with value: 0.014202265600074848 and parameters: {'confidence_threshold': 0.8398533911817929, 'training_days': 130, 'n_estimators': 485, 'max_depth': 4, 'num_leaves': 62, 'learning_rate': 0.014251957942824738, 'subsample': 0.9901604570372973, 'colsample_bytree': 0.9944479338273263, 'min_child_samples': 23, 'reg_alpha': 6.837313901272251e-05, 'reg_lambda': 0.0006976939169966911}. Best is trial 0 with value: 0.054311574464245595.
[I 2026-06-01 15:43:13,125] Trial 11 finished with value: 0.01633321691016894 and parameters: {'confidence_threshold': 0.61963915631361, 'training_days': 310, 'n_estimators': 197, 'max_depth': 5, 'num_leaves': 15, 'learning_rate': 0.07987426175704845, 'subsample': 0.7481072826739482, 'colsample_bytree': 0.9060119313244169, 'min_child_samples': 70, 'reg_alpha': 1.809401237976435e-05, 'reg_lambda': 2.125381774242723e-08}. Best is trial 0 with value: 0.054311574464245595.
[I 2026-06-01 15:43:13,184] Trial 12 finished with value: 0.02874290082544655 and parameters: {'confidence_threshold': 0.5145853631584999, 'training_days': 210, 'n_estimators': 57, 'max_depth': 5, 'num_leaves': 51, 'learning_rate': 0.09541405269589062, 'subsample': 0.992100720652319, 'colsample_bytree': 0.8695773615745706, 'min_child_samples': 77, 'reg_alpha': 8.46843277074541e-06, 'reg_lambda': 1.520544537164083e-06}. Best is trial 0 with value: 0.054311574464245595.
[I 2026-06-01 15:43:13,668] Trial 13 finished with value: 0.017089864100134907 and parameters: {'confidence_threshold': 0.6308026073906248, 'training_days': 380, 'n_estimators': 475, 'max_depth': 5, 'num_leaves': 32, 'learning_rate': 0.10926619326285375, 'subsample': 0.7555193239642642, 'colsample_bytree': 0.8750660417570079, 'min_child_samples': 55, 'reg_alpha': 0.001675512851713314, 'reg_lambda': 0.0011572818033521138}. Best is trial 0 with value: 0.054311574464245595.
[I 2026-06-01 15:43:13,768] Trial 14 finished with value: -0.01199937748878893 and parameters: {'confidence_threshold': 0.7723320301796328, 'training_days': 140, 'n_estimators': 283, 'max_depth': 4, 'num_leaves': 31, 'learning_rate': 0.06462612136562647, 'subsample': 0.9184036050853165, 'colsample_bytree': 0.9576689224189912, 'min_child_samples': 85, 'reg_alpha': 2.1172134447991344e-06, 'reg_lambda': 2.248420727170469e-06}. Best is trial 0 with value: 0.054311574464245595.
[I 2026-06-01 15:43:13,920] Trial 15 finished with value: 0.03782402854645768 and parameters: {'confidence_threshold': 0.611568824090495, 'training_days': 300, 'n_estimators': 193, 'max_depth': 4, 'num_leaves': 49, 'learning_rate': 0.010018308006819113, 'subsample': 0.7824571865188582, 'colsample_bytree': 0.7999316640064418, 'min_child_samples': 66, 'reg_alpha': 0.00028987927910977007, 'reg_lambda': 5.721435661570867e-07}. Best is trial 0 with value: 0.054311574464245595.
[I 2026-06-01 15:43:14,155] Trial 16 finished with value: 0.010846370174130034 and parameters: {'confidence_threshold': 0.5085861891458139, 'training_days': 380, 'n_estimators': 229, 'max_depth': 4, 'num_leaves': 51, 'learning_rate': 0.010462498007759068, 'subsample': 0.7246723450504624, 'colsample_bytree': 0.7908984992058683, 'min_child_samples': 44, 'reg_alpha': 0.0008437716293795794, 'reg_lambda': 3.5727782052917615e-05}. Best is trial 0 with value: 0.054311574464245595.
[I 2026-06-01 15:43:14,213] Trial 17 finished with value: 0.021967099342670975 and parameters: {'confidence_threshold': 0.5921284683902533, 'training_days': 70, 'n_estimators': 151, 'max_depth': 4, 'num_leaves': 51, 'learning_rate': 0.02201894951926673, 'subsample': 0.6718064291677197, 'colsample_bytree': 0.7142219102330146, 'min_child_samples': 63, 'reg_alpha': 0.008896971601743164, 'reg_lambda': 0.005350622152905941}. Best is trial 0 with value: 0.054311574464245595.
[I 2026-06-01 15:43:14,541] A new study created in memory with name: no-name-b359f206-f220-4727-a25a-d5e67fc7d0e4
[I 2026-06-01 15:43:14,868] Trial 0 finished with value: 0.004926036991724775 and parameters: {'confidence_threshold': 0.6310890415965769, 'training_days': 480, 'n_estimators': 380, 'max_depth': 4, 'num_leaves': 22, 'learning_rate': 0.01699897838270077, 'subsample': 0.5290418060840998, 'colsample_bytree': 0.9330880728874675, 'min_child_samples': 68, 'reg_alpha': 0.023585940584142682, 'reg_lambda': 1.5320059381854043e-08}. Best is trial 0 with value: 0.004926036991724775.
[I 2026-06-01 15:43:14,981] Trial 1 finished with value: -2.063830900428134 and parameters: {'confidence_threshold': 0.839468448256698, 'training_days': 420, 'n_estimators': 145, 'max_depth': 3, 'num_leaves': 23, 'learning_rate': 0.028145092716060652, 'subsample': 0.762378215816119, 'colsample_bytree': 0.7159725093210578, 'min_child_samples': 43, 'reg_alpha': 0.0032112643094417484, 'reg_lambda': 1.8007140198129195e-07}. Best is trial 0 with value: 0.004926036991724775.
