[I 2026-06-01 15:50:32,287] Trial 3 finished with value: -0.048426801796678076 and parameters: {'confidence_threshold': 0.6727897841776072, 'training_days': 220, 'n_estimators': 190, 'max_depth': 4, 'num_leaves': 58, 'learning_rate': 0.24810689332636193, 'subsample': 0.7509183379421682, 'colsample_bytree': 0.8119764758960556, 'min_child_samples': 29, 'reg_alpha': 7.1708285081421445e-06, 'reg_lambda': 5.412973582738627e-05}. Best is trial 1 with value: 0.1671285937526858.

  [label] 2023-08-31 16:00 ETHUSDT entry=1645.2700 → LONG | long=timeout(+0.02%) short=timeout(-0.22%) | scanned=22 | no_tp→fwd_return=+0.1216
  [label] 2023-09-03 00:00 ETHUSDT entry=1634.9500 → SHORT | long=timeout(-0.76%) short=sl(-2.75%) | scanned=22 | no_tp→fwd_return=-0.6612
  [label] 2023-09-06 16:00 ETHUSDT entry=1632.3300 → SHORT | long=sl(-2.89%) short=tp(+5.48%) | scanned=15 | short_tp_only
  [label] 2023-10-01 08:00 ETHUSDT entry=1683.1300 → LONG | long=tp(+4.24%) short=sl(-2.27%) | scanned=1 | long_tp_only
  [label] 2023-11-23 00:00 ETHUSDT entry=2066.4500 → SHORT | long=timeout(-1.60%) short=timeout(+1.40%) | scanned=22 | no_tp→fwd_return=-1.4973
  [label] 2024-05-07 00:00 ETHUSDT entry=3076.1900 → SHORT | long=sl(-4.83%) short=timeout(+5.02%) | scanned=22 | no_tp→fwd_return=-5.1180
  [label] 2024-05-11 00:00 ETHUSDT entry=2920.9000 → LONG | long=timeout(+6.04%) short=sl(-4.41%) | scanned=22 | no_tp→fwd_return=+6.1406
  [label] 2024-05-21 16:00 ETHUSDT entry=3792.3200 → LONG | long=sl(-5.60%) short=timeout(-1.54%) | scanned=22 | no_tp→fwd_return=+1.4419
  [label] 2024-07-05 16:00 ETHUSDT entry=2980.4300 → LONG | long=timeout(+5.03%) short=sl(-6.07%) | scanned=22 | no_tp→fwd_return=+5.1271
  [label] 2024-07-14 08:00 ETHUSDT entry=3188.5600 → LONG | long=tp(+7.64%) short=sl(-3.97%) | scanned=4 | long_tp_only
  [label] 2024-10-12 16:00 ETHUSDT entry=2475.0900 → LONG | long=tp(+6.77%) short=sl(-3.54%) | scanned=6 | long_tp_only
  [label] 2024-11-13 16:00 ETHUSDT entry=3188.9000 → SHORT | long=timeout(-3.80%) short=timeout(+3.60%) | scanned=22 | no_tp→fwd_return=-3.6956
  [label] 2024-11-30 00:00 ETHUSDT entry=3705.6400 → LONG | long=sl(-5.40%) short=sl(-5.40%) | scanned=15 | no_tp→fwd_return=+3.9942
  [label] 2024-12-12 16:00 ETHUSDT entry=3880.5200 → SHORT | long=sl(-6.37%) short=tp(+12.44%) | scanned=21 | short_tp_only
  [label] 2024-12-31 00:00 ETHUSDT entry=3352.5900 → LONG | long=tp(+8.85%) short=sl(-4.58%) | scanned=13 | long_tp_only
  [label] 2025-01-06 08:00 ETHUSDT entry=3712.9900 → SHORT | long=sl(-3.56%) short=tp(+6.82%) | scanned=3 | short_tp_only
  [label] 2025-01-18 16:00 ETHUSDT entry=3306.7000 → LONG | long=timeout(+0.24%) short=timeout(-0.44%) | scanned=22 | no_tp→fwd_return=+0.3390
  [label] 2025-02-27 08:00 ETHUSDT entry=2322.3200 → LONG | long=sl(-8.29%) short=sl(-8.29%) | scanned=10 | no_tp→fwd_return=+8.3882
  [label] 2025-03-09 00:00 ETHUSDT entry=2184.0700 → SHORT | long=sl(-8.07%) short=tp(+15.85%) | scanned=5 | short_tp_only
  [label] 2025-06-03 08:00 ETHUSDT entry=2622.5600 → SHORT | long=sl(-4.68%) short=tp(+9.06%) | scanned=8 | short_tp_only
  Labels: 1103 long (50.8%), 1068 short (49.2%) | weights: min=1.00, mean=3.53, max=10.00
  Features: 2171/2171 matched, 48 columns
  CV gap: 22 rows
  [ensemble 1/3] seed=42
    [trial 0] 48 features, training_days=480 | threshold=0.631 | labels: 1103 long, 1068 short (51/49%)
    [CV fold 0] train_end=2023-10-23 08:00 | val_start=2023-10-31 00:00 | gap=184h (22 rows)
    [CV fold 1] train_end=2024-02-20 16:00 | val_start=2024-02-28 08:00 | gap=184h (22 rows)
    [CV fold 2] train_end=2024-06-20 00:00 | val_start=2024-06-27 16:00 | gap=184h (22 rows)
    [CV fold 3] train_end=2024-10-18 08:00 | val_start=2024-10-26 00:00 | gap=184h (22 rows)
    [CV fold 4] train_end=2025-02-15 16:00 | val_start=2025-02-23 08:00 | gap=184h (22 rows)
    [trial 0] Sharpe=0.0035 (folds: 0.0505, -0.1557, 0.1632, -0.0831, 0.0427)
    [trial 1] 48 features, training_days=420 | threshold=0.839 | labels: 1103 long, 1068 short (51/49%)
    [trial 1] Sharpe=0.1501 (folds: 0.0282, -0.0360, 0.8586, -0.0921, -0.0084)
    [trial 2] 48 features, training_days=190 | threshold=0.602 | labels: 1103 long, 1068 short (51/49%)
    [trial 2] Sharpe=-0.0137 (folds: -0.1238, -0.1247, 0.0739, -0.0101, 0.1163)
    [trial 3] 48 features, training_days=490 | threshold=0.832 | labels: 1103 long, 1068 short (51/49%)
    [trial 3] Sharpe=-0.0337 (folds: -0.2127, -0.1137, 0.1822, -0.0929, 0.0687)
    [trial 4] 48 features, training_days=340 | threshold=0.591 | labels: 1103 long, 1068 short (51/49%)
    [trial 4] Sharpe=-0.0810 (folds: -0.1487, -0.1581, 0.0894, -0.0689, -0.1188)
    [trial 5] 48 features, training_days=50 | threshold=0.823 | labels: 1103 long, 1068 short (51/49%)
    [trial 5] Sharpe=-0.2320 (folds: -0.5372, -0.0592, -0.1754, -0.3221, -0.0661)
    [trial 6] 48 features, training_days=410 | threshold=0.549 | labels: 1103 long, 1068 short (51/49%)
    [trial 6] Sharpe=0.0037 (folds: -0.0011, -0.1045, 0.1988, -0.0006, -0.0742)
    [trial 7] 48 features, training_days=180 | threshold=0.526 | labels: 1103 long, 1068 short (51/49%)
    [trial 7] Sharpe=-0.0115 (folds: -0.0514, -0.1748, 0.1148, -0.0103, 0.0643)
    [trial 8] 48 features, training_days=240 | threshold=0.811 | labels: 1103 long, 1068 short (51/49%)
    [trial 8] Sharpe=-0.0662 (folds: -0.1820, -0.1745, 0.2219, -0.1189, -0.0775)
    [trial 9] 48 features, training_days=20 | threshold=0.538 | labels: 1103 long, 1068 short (51/49%)
    [trial 9] Sharpe=0.0786 (folds: 0.3936, 0.1084, 0.0318, 0.0278, -0.1685)
    [trial 10] 48 features, training_days=350 | threshold=0.729 | labels: 1103 long, 1068 short (51/49%)
    [trial 10] Sharpe=-0.0368 (folds: -0.1150, -0.1290, 0.3004, -0.0691, -0.1713)
    [trial 11] 48 features, training_days=40 | threshold=0.716 | labels: 1103 long, 1068 short (51/49%)
    [trial 11] Sharpe=-6.0341 (folds: -10.0000, -0.1185, -10.0000, -10.0000, -0.0520)
    [trial 12] 48 features, training_days=140 | threshold=0.743 | labels: 1103 long, 1068 short (51/49%)
    [trial 12] Sharpe=-0.0764 (folds: -0.1806, -0.1146, 0.0791, -0.1116, -0.0542)
    [trial 13] 48 features, training_days=320 | threshold=0.668 | labels: 1103 long, 1068 short (51/49%)
    [trial 13] Sharpe=-0.0814 (folds: -0.1962, -0.1226, 0.0331, -0.1173, -0.0038)
    [trial 14] 48 features, training_days=80 | threshold=0.759 | labels: 1103 long, 1068 short (51/49%)
    [trial 14] Sharpe=-0.1495 (folds: -0.4821, -0.0808, 0.0544, -0.1049, -0.1341)
    [trial 15] 48 features, training_days=420 | threshold=0.507 | labels: 1103 long, 1068 short (51/49%)
    [trial 15] Sharpe=-0.0449 (folds: -0.1506, -0.1189, 0.1433, -0.0715, -0.0270)
    [trial 16] 48 features, training_days=270 | threshold=0.676 | labels: 1103 long, 1068 short (51/49%)
    [trial 16] Sharpe=-0.0563 (folds: -0.1799, -0.1203, 0.1524, -0.0723, -0.0616)
    [trial 17] 48 features, training_days=110 | threshold=0.789 | labels: 1103 long, 1068 short (51/49%)
    [trial 17] Sharpe=-0.1402 (folds: -0.2793, -0.1427, 0.0799, -0.2100, -0.1490)
  Optuna: 18 trials, best Sharpe = 0.1501
  Best params: n_estimators=145, max_depth=3, lr=0.0281, leaves=23
  Best confidence_threshold: 0.839
  Best training_days: 420
  Retrained on full data (1260 samples, 48 features)
  [ensemble 2/3] seed=123
    [trial 0] 48 features, training_days=150 | threshold=0.744 | labels: 1103 long, 1068 short (51/49%)
    [CV fold 0] train_end=2023-10-23 08:00 | val_start=2023-10-31 00:00 | gap=184h (22 rows)
    [CV fold 1] train_end=2024-02-20 16:00 | val_start=2024-02-28 08:00 | gap=184h (22 rows)
    [CV fold 2] train_end=2024-06-20 00:00 | val_start=2024-06-27 16:00 | gap=184h (22 rows)
    [CV fold 3] train_end=2024-10-18 08:00 | val_start=2024-10-26 00:00 | gap=184h (22 rows)
    [CV fold 4] train_end=2025-02-15 16:00 | val_start=2025-02-23 08:00 | gap=184h (22 rows)
    [trial 0] Sharpe=-0.0960 (folds: -0.1714, -0.1314, -0.0024, -0.1165, -0.0585)
    [trial 1] 48 features, training_days=220 | threshold=0.755 | labels: 1103 long, 1068 short (51/49%)
    [trial 1] Sharpe=0.1671 (folds: 0.2416, -0.0324, 0.4337, 0.0123, 0.1804)
    [trial 2] 48 features, training_days=310 | threshold=0.754 | labels: 1103 long, 1068 short (51/49%)
    [trial 2] Sharpe=-0.0221 (folds: -0.1559, -0.1169, 0.3253, -0.0880, -0.0748)
    [trial 3] 48 features, training_days=220 | threshold=0.673 | labels: 1103 long, 1068 short (51/49%)
    [trial 3] Sharpe=-0.0484 (folds: -0.2171, -0.1181, 0.1741, -0.0428, -0.0383)
    [trial 4] 48 features, training_days=130 | threshold=0.803 | labels: 1103 long, 1068 short (51/49%)[I 2026-06-01 15:50:32,411] Trial 4 finished with value: -0.10148812468251364 and parameters: {'confidence_threshold': 0.803208205259178, 'training_days': 130, 'n_estimators': 267, 'max_depth': 5, 'num_leaves': 40, 'learning_rate': 0.08041175317374143, 'subsample': 0.5603143329951619, 'colsample_bytree': 0.9131704002534167, 'min_child_samples': 68, 'reg_alpha': 0.0008046593428183385, 'reg_lambda': 1.2158346158765583e-05}. Best is trial 1 with value: 0.1671285937526858.
[I 2026-06-01 15:50:32,662] Trial 5 finished with value: -0.02760461314942254 and parameters: {'confidence_threshold': 0.6064422761595144, 'training_days': 210, 'n_estimators': 357, 'max_depth': 5, 'num_leaves': 40, 'learning_rate': 0.0974221287220869, 'subsample': 0.7929682762811064, 'colsample_bytree': 0.8124517510478, 'min_child_samples': 74, 'reg_alpha': 0.3811377260781234, 'reg_lambda': 5.607314238392041e-08}. Best is trial 1 with value: 0.1671285937526858.
[I 2026-06-01 15:50:32,784] Trial 6 finished with value: -0.06927399295502881 and parameters: {'confidence_threshold': 0.7672889945051684, 'training_days': 130, 'n_estimators': 137, 'max_depth': 4, 'num_leaves': 19, 'learning_rate': 0.2031117614248665, 'subsample': 0.8136244860256343, 'colsample_bytree': 0.8617081790949774, 'min_child_samples': 21, 'reg_alpha': 0.002238138278733199, 'reg_lambda': 0.001025809534977322}. Best is trial 1 with value: 0.1671285937526858.
[I 2026-06-01 15:50:32,859] Trial 7 finished with value: -0.10255256253876613 and parameters: {'confidence_threshold': 0.555635875450653, 'training_days': 80, 'n_estimators': 363, 'max_depth': 3, 'num_leaves': 48, 'learning_rate': 0.06590089024008658, 'subsample': 0.6944752870615722, 'colsample_bytree': 0.962566244806993, 'min_child_samples': 88, 'reg_alpha': 1.6465620446426067e-05, 'reg_lambda': 2.4678750890085655e-08}. Best is trial 1 with value: 0.1671285937526858.
[I 2026-06-01 15:50:33,200] Trial 8 finished with value: -0.03733619209168639 and parameters: {'confidence_threshold': 0.6066688256938841, 'training_days': 200, 'n_estimators': 367, 'max_depth': 5, 'num_leaves': 32, 'learning_rate': 0.13377519215934996, 'subsample': 0.7965884582811106, 'colsample_bytree': 0.8458508993500886, 'min_child_samples': 32, 'reg_alpha': 3.889436043816386e-05, 'reg_lambda': 1.4713062489380356e-06}. Best is trial 1 with value: 0.1671285937526858.
[I 2026-06-01 15:50:33,437] Trial 9 finished with value: -0.025153087039281357 and parameters: {'confidence_threshold': 0.6202096049169137, 'training_days': 260, 'n_estimators': 350, 'max_depth': 3, 'num_leaves': 21, 'learning_rate': 0.02989540198065364, 'subsample': 0.8307821683331218, 'colsample_bytree': 0.923253112635361, 'min_child_samples': 64, 'reg_alpha': 0.4898604619604203, 'reg_lambda': 2.9076377687066166e-05}. Best is trial 1 with value: 0.1671285937526858.
[I 2026-06-01 15:50:33,907] Trial 10 finished with value: 0.06294178306485565 and parameters: {'confidence_threshold': 0.8445241688507242, 'training_days': 470, 'n_estimators': 493, 'max_depth': 4, 'num_leaves': 63, 'learning_rate': 0.010221918552934462, 'subsample': 0.5019190721168774, 'colsample_bytree': 0.6202684210924141, 'min_child_samples': 47, 'reg_alpha': 2.371385268938747e-08, 'reg_lambda': 1.7987349911222597}. Best is trial 1 with value: 0.1671285937526858.
[I 2026-06-01 15:50:34,388] Trial 11 finished with value: 0.08211374071851633 and parameters: {'confidence_threshold': 0.8371297552840329, 'training_days': 480, 'n_estimators': 493, 'max_depth': 4, 'num_leaves': 63, 'learning_rate': 0.010535067237031154, 'subsample': 0.5082312939353781, 'colsample_bytree': 0.625107197757402, 'min_child_samples': 47, 'reg_alpha': 1.0529589035799712e-08, 'reg_lambda': 2.2589911631542003}. Best is trial 1 with value: 0.1671285937526858.
[I 2026-06-01 15:50:34,484] Trial 12 finished with value: -10.0 and parameters: {'confidence_threshold': 0.830632524875604, 'training_days': 400, 'n_estimators': 51, 'max_depth': 4, 'num_leaves': 54, 'learning_rate': 0.010231472991588475, 'subsample': 0.6032252901108627, 'colsample_bytree': 0.6669454130036883, 'min_child_samples': 47, 'reg_alpha': 1.753113717811339e-08, 'reg_lambda': 3.4309645602811933}. Best is trial 1 with value: 0.1671285937526858.
[I 2026-06-01 15:50:34,515] Trial 13 finished with value: -2.068808018073528 and parameters: {'confidence_threshold': 0.7216410707571145, 'training_days': 10, 'n_estimators': 475, 'max_depth': 4, 'num_leaves': 63, 'learning_rate': 0.017797220503138828, 'subsample': 0.5024707401359401, 'colsample_bytree': 0.5443982906148261, 'min_child_samples': 46, 'reg_alpha': 0.024510194560445127, 'reg_lambda': 0.03416332834075164}. Best is trial 1 with value: 0.1671285937526858.
[I 2026-06-01 15:50:34,606] Trial 14 finished with value: -2.0750955840070313 and parameters: {'confidence_threshold': 0.6968624890517784, 'training_days': 350, 'n_estimators': 60, 'max_depth': 4, 'num_leaves': 47, 'learning_rate': 0.01645102485501106, 'subsample': 0.5813503122413209, 'colsample_bytree': 0.7101988997477608, 'min_child_samples': 80, 'reg_alpha': 8.70158361284731e-07, 'reg_lambda': 0.07770455863008943}. Best is trial 1 with value: 0.1671285937526858.
[I 2026-06-01 15:50:34,836] Trial 15 finished with value: 0.03148035970763724 and parameters: {'confidence_threshold': 0.7897652460704997, 'training_days': 500, 'n_estimators': 257, 'max_depth': 5, 'num_leaves': 56, 'learning_rate': 0.0374834009800827, 'subsample': 0.6815479594839866, 'colsample_bytree': 0.5093920150666754, 'min_child_samples': 100, 'reg_alpha': 5.183528574548921, 'reg_lambda': 0.09914591051121431}. Best is trial 1 with value: 0.1671285937526858.
[I 2026-06-01 15:50:35,138] Trial 16 finished with value: -0.019708713316826356 and parameters: {'confidence_threshold': 0.8104188407338415, 'training_days': 430, 'n_estimators': 440, 'max_depth': 3, 'num_leaves': 45, 'learning_rate': 0.014080619158868648, 'subsample': 0.5517131019787263, 'colsample_bytree': 0.6155885267093099, 'min_child_samples': 55, 'reg_alpha': 5.292044899879069e-07, 'reg_lambda': 0.0023097148375237977}. Best is trial 1 with value: 0.1671285937526858.
[I 2026-06-01 15:50:35,355] Trial 17 finished with value: -0.039464217960827594 and parameters: {'confidence_threshold': 0.5004748807695347, 'training_days': 300, 'n_estimators': 209, 'max_depth': 4, 'num_leaves': 58, 'learning_rate': 0.025558691536973283, 'subsample': 0.9202138733708044, 'colsample_bytree': 0.7208080702585287, 'min_child_samples': 38, 'reg_alpha': 0.017867971546418063, 'reg_lambda': 0.5946928990548885}. Best is trial 1 with value: 0.1671285937526858.
[I 2026-06-01 15:50:35,834] A new study created in memory with name: no-name-393fe8c9-d623-4aa9-8e29-12105ec2021e
[I 2026-06-01 15:50:36,021] Trial 0 finished with value: -0.0540871859940518 and parameters: {'confidence_threshold': 0.5870645682749857, 'training_days': 90, 'n_estimators': 403, 'max_depth': 5, 'num_leaves': 45, 'learning_rate': 0.0780457193679974, 'subsample': 0.9428509515574568, 'colsample_bytree': 0.8795587339164916, 'min_child_samples': 34, 'reg_alpha': 2.2465901234314442e-07, 'reg_lambda': 8.339007036475363e-05}. Best is trial 0 with value: -0.0540871859940518.
[I 2026-06-01 15:50:36,136] Trial 1 finished with value: -0.03328460642991039 and parameters: {'confidence_threshold': 0.6348453934275313, 'training_days': 290, 'n_estimators': 115, 'max_depth': 5, 'num_leaves': 37, 'learning_rate': 0.06949568759029946, 'subsample': 0.8228505074024268, 'colsample_bytree': 0.8616703220431751, 'min_child_samples': 75, 'reg_alpha': 4.2486822725010923e-07, 'reg_lambda': 1.157247767047042e-07}. Best is trial 1 with value: -0.03328460642991039.
[I 2026-06-01 15:50:36,153] Trial 2 finished with value: -0.10250057047449887 and parameters: {'confidence_threshold': 0.5849570384370288, 'training_days': 10, 'n_estimators': 212, 'max_depth': 3, 'num_leaves': 41, 'learning_rate': 0.18452095998378365, 'subsample': 0.6001060822924371, 'colsample_bytree': 0.5673167293506167, 'min_child_samples': 37, 'reg_alpha': 5.733250064217131, 'reg_lambda': 0.5308454292595461}. Best is trial 1 with value: -0.03328460642991039.
[I 2026-06-01 15:50:36,236] Trial 3 finished with value: -0.021557803540943735 and parameters: {'confidence_threshold': 0.6868248626683718, 'training_days': 220, 'n_estimators': 134, 'max_depth': 3, 'num_leaves': 45, 'learning_rate': 0.033529007907491595, 'subsample': 0.8647277071858408, 'colsample_bytree': 0.778494116634046, 'min_child_samples': 96, 'reg_alpha': 2.409409937265785e-07, 'reg_lambda': 1.1642073478060009}. Best is trial 3 with value: -0.021557803540943735.
[I 2026-06-01 15:50:36,330] Trial 4 finished with value: -0.0439566510894932 and parameters: {'confidence_threshold': 0.5623121348350352, 'training_days': 300, 'n_estimators': 69, 'max_depth': 4, 'num_leaves': 32, 'learning_rate': 0.14967629360700346, 'subsample': 0.5054535233636654, 'colsample_bytree': 0.7401385194659216, 'min_child_samples': 27, 'reg_alpha': 1.4212042567426725e-07, 'reg_lambda': 0.23605753701352003}. Best is trial 3 with value: -0.021557803540943735.
[I 2026-06-01 15:50:36,767] Trial 5 finished with value: -0.06900147929329778 and parameters: {'confidence_threshold': 0.7111850244908446, 'training_days': 490, 'n_estimators': 362, 'max_depth': 5, 'num_leaves': 40, 'learning_rate': 0.05960785724162737, 'subsample': 0.5589714368907717, 'colsample_bytree': 0.6659006943232806, 'min_child_samples': 42, 'reg_alpha': 0.6741360303045295, 'reg_lambda': 6.054601607143087e-08}. Best is trial 3 with value: -0.021557803540943735.
[I 2026-06-01 15:50:36,956] Trial 6 finished with value: -0.04276206514728416 and parameters: {'confidence_threshold': 0.667482545748023, 'training_days': 420, 'n_estimators': 279, 'max_depth': 3, 'num_leaves': 45, 'learning_rate': 0.040099592560849204, 'subsample': 0.8563114696415159, 'colsample_bytree': 0.5442917781944105, 'min_child_samples': 50, 'reg_alpha': 1.6407916423707903e-08, 'reg_lambda': 2.935907642973286e-05}. Best is trial 3 with value: -0.021557803540943735.
[I 2026-06-01 15:50:37,106] Trial 7 finished with value: -0.0918040178749752 and parameters: {'confidence_threshold': 0.5497381024139926, 'training_days': 120, 'n_estimators': 408, 'max_depth': 5, 'num_leaves': 38, 'learning_rate': 0.28049122657745795, 'subsample': 0.8806573338635493, 'colsample_bytree': 0.5454054113547102, 'min_child_samples': 63, 'reg_alpha': 0.01263008637940408, 'reg_lambda': 0.04588020805366937}. Best is trial 3 with value: -0.021557803540943735.
[I 2026-06-01 15:50:37,394] Trial 8 finished with value: -0.08461113669963533 and parameters: {'confidence_threshold': 0.719644804808716, 'training_days': 450, 'n_estimators': 410, 'max_depth': 4, 'num_leaves': 57, 'learning_rate': 0.04022026551478857, 'subsample': 0.5336085426932707, 'colsample_bytree': 0.5705742850577543, 'min_child_samples': 100, 'reg_alpha': 5.916398047912201e-07, 'reg_lambda': 0.9794034214488329}. Best is trial 3 with value: -0.021557803540943735.
[I 2026-06-01 15:50:37,418] Trial 9 finished with value: -1.8876659777112916 and parameters: {'confidence_threshold': 0.7267463643917187, 'training_days': 20, 'n_estimators': 337, 'max_depth': 5, 'num_leaves': 23, 'learning_rate': 0.022153031811454605, 'subsample': 0.6305627572358737, 'colsample_bytree': 0.6613413774216214, 'min_child_samples': 81, 'reg_alpha': 5.7638634029410314e-08, 'reg_lambda': 8.26603016764008}. Best is trial 3 with value: -0.021557803540943735.
[I 2026-06-01 15:50:37,523] Trial 10 finished with value: -7.977330779840957 and parameters: {'confidence_threshold': 0.8283920119574972, 'training_days': 200, 'n_estimators': 181, 'max_depth': 3, 'num_leaves': 62, 'learning_rate': 0.011579281028220855, 'subsample': 0.7130289643560688, 'colsample_bytree': 0.9944479338273263, 'min_child_samples': 100, 'reg_alpha': 6.837313901272251e-05, 'reg_lambda': 0.0027253228209330924}. Best is trial 3 with value: -0.021557803540943735.
[I 2026-06-01 15:50:37,602] Trial 11 finished with value: 0.05244246065565807 and parameters: {'confidence_threshold': 0.6435110568867387, 'training_days': 300, 'n_estimators': 53, 'max_depth': 4, 'num_leaves': 52, 'learning_rate': 0.0222741777320615, 'subsample': 0.7864449612484271, 'colsample_bytree': 0.8566211708639163, 'min_child_samples': 82, 'reg_alpha': 2.5646023357365184e-05, 'reg_lambda': 7.359299995524362e-08}. Best is trial 11 with value: 0.05244246065565807.
[I 2026-06-01 15:50:37,680] Trial 12 finished with value: -8.114697138020556 and parameters: {'confidence_threshold': 0.7805258891360656, 'training_days': 360, 'n_estimators': 54, 'max_depth': 4, 'num_leaves': 53, 'learning_rate': 0.01924681962976845, 'subsample': 0.7288381003885563, 'colsample_bytree': 0.8502332530306856, 'min_child_samples': 88, 'reg_alpha': 5.113460481149383e-05, 'reg_lambda': 2.0831803692649198e-06}. Best is trial 11 with value: 0.05244246065565807.
[I 2026-06-01 15:50:37,804] Trial 13 finished with value: 0.014462392020118587 and parameters: {'confidence_threshold': 0.5040535938350955, 'training_days': 210, 'n_estimators': 157, 'max_depth': 4, 'num_leaves': 52, 'learning_rate': 0.023468126747120118, 'subsample': 0.9755936541801561, 'colsample_bytree': 0.7704197786801941, 'min_child_samples': 67, 'reg_alpha': 8.465942575614097e-06, 'reg_lambda': 0.004344943341578826}. Best is trial 11 with value: 0.05244246065565807.
