[I 2026-06-01 15:47:37,645] Trial 9 finished with value: -0.019717271390945517 and parameters: {'confidence_threshold': 0.6202096049169137, 'training_days': 260, 'n_estimators': 350, 'max_depth': 3, 'num_leaves': 21, 'learning_rate': 0.02989540198065364, 'subsample': 0.8307821683331218, 'colsample_bytree': 0.923253112635361, 'min_child_samples': 64, 'reg_alpha': 0.4898604619604203, 'reg_lambda': 2.9076377687066166e-05}. Best is trial 2 with value: 0.0582297993875169.
[I 2026-06-01 15:47:37,977] Trial 10 finished with value: -2.251664174302411 and parameters: {'confidence_threshold': 0.8445241688507242, 'training_days': 420, 'n_estimators': 494, 'max_depth': 3, 'num_leaves': 30, 'learning_rate': 0.010221918552934462, 'subsample': 0.5019190721168774, 'colsample_bytree': 0.6202684210924141, 'min_child_samples': 45, 'reg_alpha': 1.5494783182896407e-08, 'reg_lambda': 0.018878930586497852}. Best is trial 2 with value: 0.0582297993875169.

  [label] 2023-06-13 16:00 ETHUSDT entry=1739.2400 → LONG | long=sl(-3.48%) short=timeout(-3.10%) | scanned=22 | no_tp→fwd_return=+2.9973
  [label] 2023-07-15 16:00 ETHUSDT entry=1930.4000 → SHORT | long=sl(-3.23%) short=timeout(+3.26%) | scanned=22 | no_tp→fwd_return=-3.3568
  [label] 2023-08-01 00:00 ETHUSDT entry=1833.1900 → SHORT | long=timeout(-0.28%) short=sl(-2.10%) | scanned=22 | no_tp→fwd_return=-0.1849
  [label] 2023-08-13 16:00 ETHUSDT entry=1840.0900 → SHORT | long=sl(-1.44%) short=tp(+2.57%) | scanned=10 | short_tp_only
  [label] 2023-09-01 00:00 ETHUSDT entry=1645.4500 → LONG | long=timeout(-0.06%) short=timeout(-0.14%) | scanned=22 | no_tp→fwd_return=+0.0395
  [label] 2023-09-07 08:00 ETHUSDT entry=1629.8500 → SHORT | long=sl(-2.63%) short=tp(+4.96%) | scanned=13 | short_tp_only
  [label] 2023-09-19 16:00 ETHUSDT entry=1642.4900 → SHORT | long=sl(-2.67%) short=timeout(+2.89%) | scanned=22 | no_tp→fwd_return=-2.9948
  [label] 2023-10-29 08:00 ETHUSDT entry=1792.6200 → LONG | long=timeout(+4.49%) short=sl(-4.03%) | scanned=22 | no_tp→fwd_return=+4.5905
  [label] 2023-11-08 00:00 ETHUSDT entry=1875.4600 → LONG | long=tp(+6.86%) short=sl(-3.58%) | scanned=4 | long_tp_only
  [label] 2024-02-02 08:00 ETHUSDT entry=2313.0100 → LONG | long=tp(+6.94%) short=sl(-3.62%) | scanned=21 | long_tp_only
  Labels: 1112 long (51.2%), 1059 short (48.8%) | weights: min=1.00, mean=2.79, max=10.00
  Features: 2171/2171 matched, 48 columns
  CV gap: 22 rows
  [ensemble 1/3] seed=42
    [trial 0] 48 features, training_days=480 | threshold=0.631 | labels: 1112 long, 1059 short (51/49%)
    [CV fold 0] train_end=2022-06-23 08:00 | val_start=2022-07-01 00:00 | gap=184h (22 rows)
    [CV fold 1] train_end=2022-10-21 16:00 | val_start=2022-10-29 08:00 | gap=184h (22 rows)
    [CV fold 2] train_end=2023-02-19 00:00 | val_start=2023-02-26 16:00 | gap=184h (22 rows)
    [CV fold 3] train_end=2023-06-19 08:00 | val_start=2023-06-27 00:00 | gap=184h (22 rows)
    [CV fold 4] train_end=2023-10-17 16:00 | val_start=2023-10-25 08:00 | gap=184h (22 rows)
    [trial 0] Sharpe=-0.0787 (folds: -0.1249, -0.2631, -0.1442, 0.3586, -0.2200)
    [trial 1] 48 features, training_days=420 | threshold=0.839 | labels: 1112 long, 1059 short (51/49%)
    [trial 1] Sharpe=-2.4637 (folds: -0.1511, 0.2593, -0.9792, -10.0000, -1.4477)
    [trial 2] 48 features, training_days=190 | threshold=0.602 | labels: 1112 long, 1059 short (51/49%)
    [trial 2] Sharpe=-0.0068 (folds: -0.0806, -0.2621, -0.0542, 0.3441, 0.0186)
    [trial 3] 48 features, training_days=490 | threshold=0.832 | labels: 1112 long, 1059 short (51/49%)
    [trial 3] Sharpe=-0.0598 (folds: -0.0268, -0.1510, -0.2297, 0.4345, -0.3261)
    [trial 4] 48 features, training_days=340 | threshold=0.591 | labels: 1112 long, 1059 short (51/49%)
    [trial 4] Sharpe=-0.0092 (folds: -0.0545, -0.2109, -0.1290, 0.2461, 0.1020)
    [trial 5] 48 features, training_days=50 | threshold=0.823 | labels: 1112 long, 1059 short (51/49%)
    [trial 5] Sharpe=0.0228 (folds: -0.0804, -0.0254, 0.0780, 0.2104, -0.0686)
    [trial 6] 48 features, training_days=410 | threshold=0.549 | labels: 1112 long, 1059 short (51/49%)
    [trial 6] Sharpe=-0.0789 (folds: -0.1257, -0.1180, -0.1166, 0.2009, -0.2349)
    [trial 7] 48 features, training_days=180 | threshold=0.526 | labels: 1112 long, 1059 short (51/49%)
    [trial 7] Sharpe=-0.0309 (folds: -0.0945, -0.3000, 0.0024, 0.1272, 0.1105)
    [trial 8] 48 features, training_days=240 | threshold=0.811 | labels: 1112 long, 1059 short (51/49%)
    [trial 8] Sharpe=0.0443 (folds: -0.1270, -0.1877, 0.0130, 0.3998, 0.1235)
    [trial 9] 48 features, training_days=20 | threshold=0.538 | labels: 1112 long, 1059 short (51/49%)
    [trial 9] Sharpe=-1.9287 (folds: -10.0000, -0.0337, 0.0473, -0.0154, 0.3585)
    [trial 10] 48 features, training_days=280 | threshold=0.734 | labels: 1112 long, 1059 short (51/49%)
    [trial 10] Sharpe=0.0099 (folds: -0.0634, -0.1041, -0.0684, 0.2544, 0.0309)
    [trial 11] 48 features, training_days=20 | threshold=0.762 | labels: 1112 long, 1059 short (51/49%)
    [trial 11] Sharpe=-10.0000 (folds: -10.0000, -10.0000, -10.0000, -10.0000, -10.0000)
    [trial 12] 48 features, training_days=140 | threshold=0.768 | labels: 1112 long, 1059 short (51/49%)
    [trial 12] Sharpe=0.0347 (folds: -0.1621, -0.0321, -0.0142, 0.1084, 0.2734)
    [trial 13] 48 features, training_days=130 | threshold=0.736 | labels: 1112 long, 1059 short (51/49%)
    [trial 13] Sharpe=0.0030 (folds: -0.0838, -0.0546, -0.0322, 0.0527, 0.1326)
    [trial 14] 48 features, training_days=260 | threshold=0.787 | labels: 1112 long, 1059 short (51/49%)
    [trial 14] Sharpe=-10.0000 (folds: -10.0000, -10.0000, -10.0000, -10.0000, -10.0000)
    [trial 15] 48 features, training_days=110 | threshold=0.690 | labels: 1112 long, 1059 short (51/49%)
    [trial 15] Sharpe=-0.0679 (folds: -0.0728, -0.1307, 0.0124, 0.0169, -0.1656)
    [trial 16] 48 features, training_days=220 | threshold=0.681 | labels: 1112 long, 1059 short (51/49%)
    [trial 16] Sharpe=0.0122 (folds: -0.0574, -0.2790, -0.0132, 0.2602, 0.1501)
    [trial 17] 48 features, training_days=310 | threshold=0.789 | labels: 1112 long, 1059 short (51/49%)
    [trial 17] Sharpe=-0.0063 (folds: -0.0775, -0.2663, 0.0775, 0.3108, -0.0761)
  Optuna: 18 trials, best Sharpe = 0.0443
  Best params: n_estimators=103, max_depth=5, lr=0.0675, leaves=52
  Best confidence_threshold: 0.811
  Best training_days: 240
  Retrained on full data (720 samples, 48 features)
  [ensemble 2/3] seed=123
    [trial 0] 48 features, training_days=150 | threshold=0.744 | labels: 1112 long, 1059 short (51/49%)
    [CV fold 0] train_end=2022-06-23 08:00 | val_start=2022-07-01 00:00 | gap=184h (22 rows)
    [CV fold 1] train_end=2022-10-21 16:00 | val_start=2022-10-29 08:00 | gap=184h (22 rows)
    [CV fold 2] train_end=2023-02-19 00:00 | val_start=2023-02-26 16:00 | gap=184h (22 rows)
    [CV fold 3] train_end=2023-06-19 08:00 | val_start=2023-06-27 00:00 | gap=184h (22 rows)
    [CV fold 4] train_end=2023-10-17 16:00 | val_start=2023-10-25 08:00 | gap=184h (22 rows)
    [trial 0] Sharpe=-0.0685 (folds: -0.1035, -0.0977, -0.2777, 0.0432, 0.0934)
    [trial 1] 48 features, training_days=220 | threshold=0.755 | labels: 1112 long, 1059 short (51/49%)
    [trial 1] Sharpe=-3.9673 (folds: -0.2457, -0.1638, -10.0000, -10.0000, 0.5730)
    [trial 2] 48 features, training_days=310 | threshold=0.754 | labels: 1112 long, 1059 short (51/49%)
    [trial 2] Sharpe=0.0582 (folds: -0.0323, -0.1455, -0.0789, 0.4093, 0.1385)
    [trial 3] 48 features, training_days=220 | threshold=0.673 | labels: 1112 long, 1059 short (51/49%)
    [trial 3] Sharpe=0.0540 (folds: -0.0618, -0.0965, 0.0438, 0.2489, 0.1358)
    [trial 4] 48 features, training_days=130 | threshold=0.803 | labels: 1112 long, 1059 short (51/49%)
    [trial 4] Sharpe=-0.0687 (folds: -0.0183, -0.2126, -0.1888, 0.0310, 0.0453)
    [trial 5] 48 features, training_days=210 | threshold=0.606 | labels: 1112 long, 1059 short (51/49%)
    [trial 5] Sharpe=0.0101 (folds: -0.1050, -0.2428, 0.0004, 0.2999, 0.0978)
    [trial 6] 48 features, training_days=130 | threshold=0.767 | labels: 1112 long, 1059 short (51/49%)
    [trial 6] Sharpe=-0.0024 (folds: -0.0356, -0.1528, -0.0235, 0.0733, 0.1265)
    [trial 7] 48 features, training_days=80 | threshold=0.556 | labels: 1112 long, 1059 short (51/49%)
    [trial 7] Sharpe=-0.0444 (folds: -0.0270, 0.0257, -0.0068, 0.1346, -0.3484)
    [trial 8] 48 features, training_days=200 | threshold=0.607 | labels: 1112 long, 1059 short (51/49%)
    [trial 8] Sharpe=0.0338 (folds: -0.0579, -0.2005, 0.0527, 0.3060, 0.0687)
    [trial 9] 48 features, training_days=260 | threshold=0.620 | labels: 1112 long, 1059 short (51/49%)
    [trial 9] Sharpe=-0.0197 (folds: -0.0853, -0.1807, -0.1783, 0.2626, 0.0831)
    [trial 10] 48 features, training_days=420 | threshold=0.845 | labels: 1112 long, 1059 short (51/49%)
    [trial 10] Sharpe=-2.2517 (folds: -0.2335, 0.3052, -0.6214, -10.0000, -0.7085)
    [trial 11] 48 features, training_days=350 | threshold=0.684 | labels: 1112 long, 1059 short (51/49%)
    [trial 11] Sharpe=0.0099 (folds: -0.0338, -0.0594, -0.0822, 0.1956, 0.0295)[I 2026-06-01 15:47:38,167] Trial 11 finished with value: 0.009940134641658733 and parameters: {'confidence_threshold': 0.6840516532713735, 'training_days': 350, 'n_estimators': 232, 'max_depth': 3, 'num_leaves': 63, 'learning_rate': 0.2803194586810138, 'subsample': 0.6581542700946174, 'colsample_bytree': 0.6778283959364831, 'min_child_samples': 36, 'reg_alpha': 3.8559713145189174e-07, 'reg_lambda': 0.001778082328685607}. Best is trial 2 with value: 0.0582297993875169.
[I 2026-06-01 15:47:38,604] Trial 12 finished with value: 0.060709946205524876 and parameters: {'confidence_threshold': 0.6909117606166844, 'training_days': 320, 'n_estimators': 489, 'max_depth': 4, 'num_leaves': 63, 'learning_rate': 0.021442972716943478, 'subsample': 0.7069621707085777, 'colsample_bytree': 0.5201164353688423, 'min_child_samples': 20, 'reg_alpha': 7.059808345859644e-07, 'reg_lambda': 0.03524119936949945}. Best is trial 12 with value: 0.060709946205524876.
[I 2026-06-01 15:47:38,934] Trial 13 finished with value: 0.0687251867461751 and parameters: {'confidence_threshold': 0.6802952465367627, 'training_days': 330, 'n_estimators': 475, 'max_depth': 3, 'num_leaves': 28, 'learning_rate': 0.019349820522863496, 'subsample': 0.6551660007450526, 'colsample_bytree': 0.5389794258459311, 'min_child_samples': 21, 'reg_alpha': 1.7435071068005825e-07, 'reg_lambda': 3.080800735392863}. Best is trial 13 with value: 0.0687251867461751.
[I 2026-06-01 15:47:39,374] Trial 14 finished with value: -0.06487794433338748 and parameters: {'confidence_threshold': 0.6863071017313261, 'training_days': 490, 'n_estimators': 496, 'max_depth': 4, 'num_leaves': 26, 'learning_rate': 0.010701699503297586, 'subsample': 0.8955603674156727, 'colsample_bytree': 0.503402098058296, 'min_child_samples': 45, 'reg_alpha': 1.0009981956466216e-08, 'reg_lambda': 3.3795923173932274}. Best is trial 13 with value: 0.0687251867461751.
[I 2026-06-01 15:47:39,781] Trial 15 finished with value: -0.01418335137475435 and parameters: {'confidence_threshold': 0.5026055290809989, 'training_days': 370, 'n_estimators': 436, 'max_depth': 4, 'num_leaves': 15, 'learning_rate': 0.016930245386434863, 'subsample': 0.7015779751804849, 'colsample_bytree': 0.5093920150666754, 'min_child_samples': 20, 'reg_alpha': 5.011892081220446e-07, 'reg_lambda': 0.06673789979112639}. Best is trial 13 with value: 0.0687251867461751.
[I 2026-06-01 15:47:40,052] Trial 16 finished with value: -0.07319597285801582 and parameters: {'confidence_threshold': 0.6528053699874936, 'training_days': 440, 'n_estimators': 441, 'max_depth': 3, 'num_leaves': 45, 'learning_rate': 0.03796391181254652, 'subsample': 0.586696589267631, 'colsample_bytree': 0.6155885267093099, 'min_child_samples': 99, 'reg_alpha': 4.495606058365149e-07, 'reg_lambda': 6.046004705222879}. Best is trial 13 with value: 0.0687251867461751.
[I 2026-06-01 15:47:40,438] Trial 17 finished with value: 0.03431262841884376 and parameters: {'confidence_threshold': 0.7110519736587814, 'training_days': 290, 'n_estimators': 431, 'max_depth': 5, 'num_leaves': 57, 'learning_rate': 0.02605496363034607, 'subsample': 0.7167860007413495, 'colsample_bytree': 0.5645675329923965, 'min_child_samples': 43, 'reg_alpha': 8.882805298984159e-08, 'reg_lambda': 0.022028346784794352}. Best is trial 13 with value: 0.0687251867461751.
[I 2026-06-01 15:47:40,786] A new study created in memory with name: no-name-af8e868a-e694-40b5-96fc-da34a630cee1
[I 2026-06-01 15:47:40,992] Trial 0 finished with value: -0.04675888306055056 and parameters: {'confidence_threshold': 0.5870645682749857, 'training_days': 90, 'n_estimators': 403, 'max_depth': 5, 'num_leaves': 45, 'learning_rate': 0.0780457193679974, 'subsample': 0.9428509515574568, 'colsample_bytree': 0.8795587339164916, 'min_child_samples': 34, 'reg_alpha': 2.2465901234314442e-07, 'reg_lambda': 8.339007036475363e-05}. Best is trial 0 with value: -0.04675888306055056.
[I 2026-06-01 15:47:41,092] Trial 1 finished with value: -0.05850671008601197 and parameters: {'confidence_threshold': 0.6348453934275313, 'training_days': 290, 'n_estimators': 115, 'max_depth': 5, 'num_leaves': 37, 'learning_rate': 0.06949568759029946, 'subsample': 0.8228505074024268, 'colsample_bytree': 0.8616703220431751, 'min_child_samples': 75, 'reg_alpha': 4.2486822725010923e-07, 'reg_lambda': 1.157247767047042e-07}. Best is trial 0 with value: -0.04675888306055056.
[I 2026-06-01 15:47:41,110] Trial 2 finished with value: -1.9642672004168347 and parameters: {'confidence_threshold': 0.5849570384370288, 'training_days': 10, 'n_estimators': 212, 'max_depth': 3, 'num_leaves': 41, 'learning_rate': 0.18452095998378365, 'subsample': 0.6001060822924371, 'colsample_bytree': 0.5673167293506167, 'min_child_samples': 37, 'reg_alpha': 5.733250064217131, 'reg_lambda': 0.5308454292595461}. Best is trial 0 with value: -0.04675888306055056.
[I 2026-06-01 15:47:41,188] Trial 3 finished with value: 0.020749243353701242 and parameters: {'confidence_threshold': 0.6868248626683718, 'training_days': 220, 'n_estimators': 134, 'max_depth': 3, 'num_leaves': 45, 'learning_rate': 0.033529007907491595, 'subsample': 0.8647277071858408, 'colsample_bytree': 0.778494116634046, 'min_child_samples': 96, 'reg_alpha': 2.409409937265785e-07, 'reg_lambda': 1.1642073478060009}. Best is trial 3 with value: 0.020749243353701242.
[I 2026-06-01 15:47:41,280] Trial 4 finished with value: 0.026950331012851752 and parameters: {'confidence_threshold': 0.5623121348350352, 'training_days': 300, 'n_estimators': 69, 'max_depth': 4, 'num_leaves': 32, 'learning_rate': 0.14967629360700346, 'subsample': 0.5054535233636654, 'colsample_bytree': 0.7401385194659216, 'min_child_samples': 27, 'reg_alpha': 1.4212042567426725e-07, 'reg_lambda': 0.23605753701352003}. Best is trial 4 with value: 0.026950331012851752.
[I 2026-06-01 15:47:41,687] Trial 5 finished with value: -0.03866023571370718 and parameters: {'confidence_threshold': 0.7111850244908446, 'training_days': 490, 'n_estimators': 362, 'max_depth': 5, 'num_leaves': 40, 'learning_rate': 0.05960785724162737, 'subsample': 0.5589714368907717, 'colsample_bytree': 0.6659006943232806, 'min_child_samples': 42, 'reg_alpha': 0.6741360303045295, 'reg_lambda': 6.054601607143087e-08}. Best is trial 4 with value: 0.026950331012851752.
[I 2026-06-01 15:47:41,877] Trial 6 finished with value: -0.06904490241486749 and parameters: {'confidence_threshold': 0.667482545748023, 'training_days': 420, 'n_estimators': 279, 'max_depth': 3, 'num_leaves': 45, 'learning_rate': 0.040099592560849204, 'subsample': 0.8563114696415159, 'colsample_bytree': 0.5442917781944105, 'min_child_samples': 50, 'reg_alpha': 1.6407916423707903e-08, 'reg_lambda': 2.935907642973286e-05}. Best is trial 4 with value: 0.026950331012851752.
[I 2026-06-01 15:47:42,046] Trial 7 finished with value: -0.10349256752177101 and parameters: {'confidence_threshold': 0.5497381024139926, 'training_days': 120, 'n_estimators': 408, 'max_depth': 5, 'num_leaves': 38, 'learning_rate': 0.28049122657745795, 'subsample': 0.8806573338635493, 'colsample_bytree': 0.5454054113547102, 'min_child_samples': 63, 'reg_alpha': 0.01263008637940408, 'reg_lambda': 0.04588020805366937}. Best is trial 4 with value: 0.026950331012851752.
[I 2026-06-01 15:47:42,311] Trial 8 finished with value: -0.09659803891246632 and parameters: {'confidence_threshold': 0.719644804808716, 'training_days': 450, 'n_estimators': 410, 'max_depth': 4, 'num_leaves': 57, 'learning_rate': 0.04022026551478857, 'subsample': 0.5336085426932707, 'colsample_bytree': 0.5705742850577543, 'min_child_samples': 100, 'reg_alpha': 5.916398047912201e-07, 'reg_lambda': 0.9794034214488329}. Best is trial 4 with value: 0.026950331012851752.
[I 2026-06-01 15:47:42,333] Trial 9 finished with value: -10.0 and parameters: {'confidence_threshold': 0.7267463643917187, 'training_days': 20, 'n_estimators': 337, 'max_depth': 5, 'num_leaves': 23, 'learning_rate': 0.022153031811454605, 'subsample': 0.6305627572358737, 'colsample_bytree': 0.6613413774216214, 'min_child_samples': 81, 'reg_alpha': 5.7638634029410314e-08, 'reg_lambda': 8.26603016764008}. Best is trial 4 with value: 0.026950331012851752.
[I 2026-06-01 15:47:42,417] Trial 10 finished with value: 0.10934411449883649 and parameters: {'confidence_threshold': 0.8398533911817929, 'training_days': 320, 'n_estimators': 52, 'max_depth': 4, 'num_leaves': 15, 'learning_rate': 0.1708019296390162, 'subsample': 0.7130289643560688, 'colsample_bytree': 0.9944479338273263, 'min_child_samples': 23, 'reg_alpha': 6.837313901272251e-05, 'reg_lambda': 0.007549769720510555}. Best is trial 10 with value: 0.10934411449883649.
[I 2026-06-01 15:47:42,507] Trial 11 finished with value: 0.11809390292748653 and parameters: {'confidence_threshold': 0.8491135887906174, 'training_days': 330, 'n_estimators': 53, 'max_depth': 4, 'num_leaves': 15, 'learning_rate': 0.1479896125735391, 'subsample': 0.7103077871754093, 'colsample_bytree': 0.9628722124262472, 'min_child_samples': 20, 'reg_alpha': 7.819782027405133e-05, 'reg_lambda': 0.00647465266809438}. Best is trial 11 with value: 0.11809390292748653.
[I 2026-06-01 15:47:42,602] Trial 12 finished with value: -0.08567523888183319 and parameters: {'confidence_threshold': 0.844172879916663, 'training_days': 370, 'n_estimators': 52, 'max_depth': 4, 'num_leaves': 15, 'learning_rate': 0.12411615325331521, 'subsample': 0.7072124104987625, 'colsample_bytree': 0.9826583982594713, 'min_child_samples': 20, 'reg_alpha': 5.113460481149383e-05, 'reg_lambda': 0.005637130011581851}. Best is trial 11 with value: 0.11809390292748653.
[I 2026-06-01 15:47:42,788] Trial 13 finished with value: 0.07083415190487086 and parameters: {'confidence_threshold': 0.8491911315870185, 'training_days': 210, 'n_estimators': 174, 'max_depth': 4, 'num_leaves': 15, 'learning_rate': 0.2957923780979824, 'subsample': 0.7283545820675921, 'colsample_bytree': 0.977673677256957, 'min_child_samples': 23, 'reg_alpha': 8.443630006002861e-05, 'reg_lambda': 0.002384568638127834}. Best is trial 11 with value: 0.11809390292748653.
[I 2026-06-01 15:47:43,237] Trial 14 finished with value: 0.01112503582705206 and parameters: {'confidence_threshold': 0.7942966523343237, 'training_days': 350, 'n_estimators': 500, 'max_depth': 4, 'num_leaves': 24, 'learning_rate': 0.10576690955733456, 'subsample': 0.6776505255398512, 'colsample_bytree': 0.9020383795578621, 'min_child_samples': 54, 'reg_alpha': 0.0019056569144804095, 'reg_lambda': 5.1345282937911e-06}. Best is trial 11 with value: 0.11809390292748653.
[I 2026-06-01 15:47:43,503] Trial 15 finished with value: -0.09658767260797817 and parameters: {'confidence_threshold': 0.7829525506318393, 'training_days': 390, 'n_estimators': 223, 'max_depth': 4, 'num_leaves': 23, 'learning_rate': 0.010200950277852842, 'subsample': 0.7914113977530814, 'colsample_bytree': 0.9934286300532085, 'min_child_samples': 30, 'reg_alpha': 1.0347887266434179e-05, 'reg_lambda': 0.0013467843257158065}. Best is trial 11 with value: 0.11809390292748653.
[I 2026-06-01 15:47:43,622] Trial 16 finished with value: 0.055265549678256407 and parameters: {'confidence_threshold': 0.7843607111441431, 'training_days': 310, 'n_estimators': 104, 'max_depth': 4, 'num_leaves': 30, 'learning_rate': 0.18088111166099227, 'subsample': 0.7624357316660103, 'colsample_bytree': 0.923059818374438, 'min_child_samples': 45, 'reg_alpha': 0.004592667178795084, 'reg_lambda': 0.03666651719241205}. Best is trial 11 with value: 0.11809390292748653.
