[I 2026-06-01 15:50:21,104] Trial 4 finished with value: -0.026732918157527614 and parameters: {'confidence_threshold': 0.803208205259178, 'training_days': 130, 'n_estimators': 267, 'max_depth': 5, 'num_leaves': 40, 'learning_rate': 0.08041175317374143, 'subsample': 0.5603143329951619, 'colsample_bytree': 0.9131704002534167, 'min_child_samples': 68, 'reg_alpha': 0.0008046593428183385, 'reg_lambda': 1.2158346158765583e-05}. Best is trial 0 with value: 0.023562319508802675.

  [label] 2023-08-07 16:00 ETHUSDT entry=1828.1800 → LONG | long=timeout(+0.81%) short=sl(-1.99%) | scanned=22 | no_tp→fwd_return=+0.9096
  [label] 2023-09-01 08:00 ETHUSDT entry=1633.7500 → SHORT | long=timeout(-0.46%) short=timeout(+0.26%) | scanned=22 | no_tp→fwd_return=-0.3587
  [label] 2023-10-24 00:00 ETHUSDT entry=1809.8200 → SHORT | long=timeout(-1.13%) short=timeout(+0.93%) | scanned=22 | no_tp→fwd_return=-1.0255
  [label] 2024-04-07 00:00 ETHUSDT entry=3386.9900 → LONG | long=tp(+9.03%) short=sl(-4.67%) | scanned=5 | long_tp_only
  [label] 2024-04-11 00:00 ETHUSDT entry=3585.4100 → SHORT | long=sl(-5.00%) short=tp(+9.71%) | scanned=5 | short_tp_only
  [label] 2024-04-21 16:00 ETHUSDT entry=3145.7300 → LONG | long=timeout(+3.61%) short=sl(-5.87%) | scanned=22 | no_tp→fwd_return=+3.7050
  [label] 2024-06-05 16:00 ETHUSDT entry=3868.6100 → SHORT | long=sl(-3.31%) short=tp(+6.32%) | scanned=6 | short_tp_only
  [label] 2024-06-14 08:00 ETHUSDT entry=3461.7900 → LONG | long=timeout(+0.76%) short=sl(-4.31%) | scanned=22 | no_tp→fwd_return=+0.8597
  [label] 2024-09-12 16:00 ETHUSDT entry=2360.7900 → LONG | long=timeout(+4.30%) short=sl(-4.86%) | scanned=22 | no_tp→fwd_return=+4.3956
  [label] 2024-10-14 16:00 ETHUSDT entry=2628.8800 → LONG | long=timeout(+1.34%) short=sl(-3.87%) | scanned=22 | no_tp→fwd_return=+1.4360
  [label] 2024-10-31 00:00 ETHUSDT entry=2647.0500 → SHORT | long=sl(-4.13%) short=tp(+7.96%) | scanned=9 | short_tp_only
  [label] 2024-11-12 16:00 ETHUSDT entry=3245.9800 → SHORT | long=sl(-6.64%) short=timeout(+4.11%) | scanned=22 | no_tp→fwd_return=-4.2095
  [label] 2024-12-01 00:00 ETHUSDT entry=3705.0500 → LONG | long=sl(-5.04%) short=sl(-5.04%) | scanned=11 | no_tp→fwd_return=+3.6626
  [label] 2024-12-07 08:00 ETHUSDT entry=4007.6600 → SHORT | long=sl(-5.47%) short=tp(+10.64%) | scanned=7 | short_tp_only
  [label] 2024-12-19 16:00 ETHUSDT entry=3416.7000 → SHORT | long=sl(-7.60%) short=timeout(+2.35%) | scanned=22 | no_tp→fwd_return=-2.4453
  [label] 2025-01-28 08:00 ETHUSDT entry=3180.1500 → SHORT | long=sl(-6.09%) short=sl(-6.09%) | scanned=16 | no_tp→fwd_return=-9.8140
  [label] 2025-02-07 00:00 ETHUSDT entry=2711.6300 → SHORT | long=timeout(-0.60%) short=timeout(+0.40%) | scanned=22 | no_tp→fwd_return=-0.5026
  [label] 2025-05-04 08:00 ETHUSDT entry=1829.6300 → LONG | long=sl(-3.87%) short=sl(-3.87%) | scanned=11 | no_tp→fwd_return=+5.3656
  Labels: 1119 long (51.5%), 1052 short (48.5%) | weights: min=1.00, mean=3.48, max=10.00
  Features: 2171/2171 matched, 48 columns
  CV gap: 22 rows
  [ensemble 1/3] seed=42
    [trial 0] 48 features, training_days=480 | threshold=0.631 | labels: 1119 long, 1052 short (52/48%)
    [CV fold 0] train_end=2023-09-23 08:00 | val_start=2023-10-01 00:00 | gap=184h (22 rows)
    [CV fold 1] train_end=2024-01-21 16:00 | val_start=2024-01-29 08:00 | gap=184h (22 rows)
    [CV fold 2] train_end=2024-05-21 00:00 | val_start=2024-05-28 16:00 | gap=184h (22 rows)
    [CV fold 3] train_end=2024-09-18 08:00 | val_start=2024-09-26 00:00 | gap=184h (22 rows)
    [CV fold 4] train_end=2025-01-16 16:00 | val_start=2025-01-24 08:00 | gap=184h (22 rows)
    [trial 0] Sharpe=-0.0200 (folds: 0.2307, 0.0954, -0.0400, -0.1124, -0.2736)
    [trial 1] 48 features, training_days=420 | threshold=0.839 | labels: 1119 long, 1052 short (52/48%)
    [trial 1] Sharpe=-1.9907 (folds: 0.1686, 0.1305, -0.2787, -10.0000, 0.0263)
    [trial 2] 48 features, training_days=190 | threshold=0.602 | labels: 1119 long, 1052 short (52/48%)
    [trial 2] Sharpe=0.0366 (folds: 0.2236, 0.1263, -0.0311, 0.0000, -0.1357)
    [trial 3] 48 features, training_days=490 | threshold=0.832 | labels: 1119 long, 1052 short (52/48%)
    [trial 3] Sharpe=0.0079 (folds: 0.1793, 0.0724, -0.1165, 0.0624, -0.1581)
    [trial 4] 48 features, training_days=340 | threshold=0.591 | labels: 1119 long, 1052 short (52/48%)
    [trial 4] Sharpe=0.0287 (folds: 0.2828, 0.1835, -0.0863, 0.0333, -0.2698)
    [trial 5] 48 features, training_days=50 | threshold=0.823 | labels: 1119 long, 1052 short (52/48%)
    [trial 5] Sharpe=0.0313 (folds: 0.0131, 0.1072, -0.0290, -0.0047, 0.0699)
    [trial 6] 48 features, training_days=410 | threshold=0.549 | labels: 1119 long, 1052 short (52/48%)
    [trial 6] Sharpe=0.0177 (folds: 0.2547, 0.1125, -0.0301, -0.0359, -0.2125)
    [trial 7] 48 features, training_days=180 | threshold=0.526 | labels: 1119 long, 1052 short (52/48%)
    [trial 7] Sharpe=0.0292 (folds: 0.2582, 0.0593, 0.0250, -0.0060, -0.1905)
    [trial 8] 48 features, training_days=240 | threshold=0.811 | labels: 1119 long, 1052 short (52/48%)
    [trial 8] Sharpe=-0.0473 (folds: 0.2156, 0.0380, -0.0718, 0.0071, -0.4253)
    [trial 9] 48 features, training_days=20 | threshold=0.538 | labels: 1119 long, 1052 short (52/48%)
    [trial 9] Sharpe=-2.0555 (folds: -10.0000, -0.1355, -0.1908, 0.1174, -0.0686)
    [trial 10] 48 features, training_days=150 | threshold=0.680 | labels: 1119 long, 1052 short (52/48%)
    [trial 10] Sharpe=0.0192 (folds: 0.1862, 0.0912, -0.0523, 0.0196, -0.1487)
    [trial 11] 48 features, training_days=30 | threshold=0.717 | labels: 1119 long, 1052 short (52/48%)
    [trial 11] Sharpe=-10.0000 (folds: -10.0000, -10.0000, -10.0000, -10.0000, -10.0000)
    [trial 12] 48 features, training_days=110 | threshold=0.744 | labels: 1119 long, 1052 short (52/48%)
    [trial 12] Sharpe=-0.0055 (folds: 0.2577, 0.0874, -0.0293, -0.0849, -0.2585)
    [trial 13] 48 features, training_days=90 | threshold=0.628 | labels: 1119 long, 1052 short (52/48%)
    [trial 13] Sharpe=0.0188 (folds: 0.0023, 0.1446, 0.0593, -0.0122, -0.1000)
    [trial 14] 48 features, training_days=250 | threshold=0.759 | labels: 1119 long, 1052 short (52/48%)
    [trial 14] Sharpe=-1.9198 (folds: 0.2641, 0.3258, -0.1881, -0.0009, -10.0000)
    [trial 15] 48 features, training_days=200 | threshold=0.666 | labels: 1119 long, 1052 short (52/48%)
    [trial 15] Sharpe=0.0228 (folds: 0.2323, 0.0985, 0.0462, -0.0175, -0.2456)
    [trial 16] 48 features, training_days=320 | threshold=0.782 | labels: 1119 long, 1052 short (52/48%)
    [trial 16] Sharpe=-0.0367 (folds: 0.1242, 0.0647, -0.0774, 0.0144, -0.3093)
    [trial 17] 48 features, training_days=80 | threshold=0.605 | labels: 1119 long, 1052 short (52/48%)
    [trial 17] Sharpe=0.0335 (folds: -0.0440, 0.2143, 0.0885, 0.0154, -0.1068)
  Optuna: 18 trials, best Sharpe = 0.0366
  Best params: n_estimators=255, max_depth=5, lr=0.0575, leaves=24
  Best confidence_threshold: 0.602
  Best training_days: 190
  Retrained on full data (570 samples, 48 features)
  [ensemble 2/3] seed=123
    [trial 0] 48 features, training_days=150 | threshold=0.744 | labels: 1119 long, 1052 short (52/48%)
    [CV fold 0] train_end=2023-09-23 08:00 | val_start=2023-10-01 00:00 | gap=184h (22 rows)
    [CV fold 1] train_end=2024-01-21 16:00 | val_start=2024-01-29 08:00 | gap=184h (22 rows)
    [CV fold 2] train_end=2024-05-21 00:00 | val_start=2024-05-28 16:00 | gap=184h (22 rows)
    [CV fold 3] train_end=2024-09-18 08:00 | val_start=2024-09-26 00:00 | gap=184h (22 rows)
    [CV fold 4] train_end=2025-01-16 16:00 | val_start=2025-01-24 08:00 | gap=184h (22 rows)
    [trial 0] Sharpe=0.0236 (folds: 0.2278, 0.1581, -0.0718, 0.0280, -0.2243)
    [trial 1] 48 features, training_days=220 | threshold=0.755 | labels: 1119 long, 1052 short (52/48%)
    [trial 1] Sharpe=-1.9985 (folds: 0.0679, 0.0907, -0.2275, 0.0765, -10.0000)
    [trial 2] 48 features, training_days=310 | threshold=0.754 | labels: 1119 long, 1052 short (52/48%)
    [trial 2] Sharpe=-0.0399 (folds: 0.2592, -0.0003, -0.0764, -0.0963, -0.2855)
    [trial 3] 48 features, training_days=220 | threshold=0.673 | labels: 1119 long, 1052 short (52/48%)
    [trial 3] Sharpe=-0.0077 (folds: 0.2035, 0.0549, 0.0151, -0.0259, -0.2861)
    [trial 4] 48 features, training_days=130 | threshold=0.803 | labels: 1119 long, 1052 short (52/48%)
    [trial 4] Sharpe=-0.0267 (folds: 0.1315, 0.1930, -0.1224, -0.0338, -0.3019)
    [trial 5] 48 features, training_days=210 | threshold=0.606 | labels: 1119 long, 1052 short (52/48%)
    [trial 5] Sharpe=0.0202 (folds: 0.1595, 0.1231, -0.0487, -0.0012, -0.1316)[I 2026-06-01 15:50:21,338] Trial 5 finished with value: 0.020205062918964338 and parameters: {'confidence_threshold': 0.6064422761595144, 'training_days': 210, 'n_estimators': 357, 'max_depth': 5, 'num_leaves': 40, 'learning_rate': 0.0974221287220869, 'subsample': 0.7929682762811064, 'colsample_bytree': 0.8124517510478, 'min_child_samples': 74, 'reg_alpha': 0.3811377260781234, 'reg_lambda': 5.607314238392041e-08}. Best is trial 0 with value: 0.023562319508802675.
[I 2026-06-01 15:50:21,452] Trial 6 finished with value: -0.0042334722292937665 and parameters: {'confidence_threshold': 0.7672889945051684, 'training_days': 130, 'n_estimators': 137, 'max_depth': 4, 'num_leaves': 19, 'learning_rate': 0.2031117614248665, 'subsample': 0.8136244860256343, 'colsample_bytree': 0.8617081790949774, 'min_child_samples': 21, 'reg_alpha': 0.002238138278733199, 'reg_lambda': 0.001025809534977322}. Best is trial 0 with value: 0.023562319508802675.
[I 2026-06-01 15:50:21,536] Trial 7 finished with value: 0.04121145796485619 and parameters: {'confidence_threshold': 0.555635875450653, 'training_days': 80, 'n_estimators': 363, 'max_depth': 3, 'num_leaves': 48, 'learning_rate': 0.06590089024008658, 'subsample': 0.6944752870615722, 'colsample_bytree': 0.962566244806993, 'min_child_samples': 88, 'reg_alpha': 1.6465620446426067e-05, 'reg_lambda': 2.4678750890085655e-08}. Best is trial 7 with value: 0.04121145796485619.
[I 2026-06-01 15:50:21,869] Trial 8 finished with value: 0.01096987443863105 and parameters: {'confidence_threshold': 0.6066688256938841, 'training_days': 200, 'n_estimators': 367, 'max_depth': 5, 'num_leaves': 32, 'learning_rate': 0.13377519215934996, 'subsample': 0.7965884582811106, 'colsample_bytree': 0.8458508993500886, 'min_child_samples': 32, 'reg_alpha': 3.889436043816386e-05, 'reg_lambda': 1.4713062489380356e-06}. Best is trial 7 with value: 0.04121145796485619.
[I 2026-06-01 15:50:22,115] Trial 9 finished with value: 0.003059031464435902 and parameters: {'confidence_threshold': 0.6202096049169137, 'training_days': 260, 'n_estimators': 350, 'max_depth': 3, 'num_leaves': 21, 'learning_rate': 0.02989540198065364, 'subsample': 0.8307821683331218, 'colsample_bytree': 0.923253112635361, 'min_child_samples': 64, 'reg_alpha': 0.4898604619604203, 'reg_lambda': 2.9076377687066166e-05}. Best is trial 7 with value: 0.04121145796485619.
[I 2026-06-01 15:50:22,147] Trial 10 finished with value: -0.10953981806539934 and parameters: {'confidence_threshold': 0.5248809389721337, 'training_days': 10, 'n_estimators': 493, 'max_depth': 3, 'num_leaves': 63, 'learning_rate': 0.010221918552934462, 'subsample': 0.667749445701178, 'colsample_bytree': 0.6202684210924141, 'min_child_samples': 99, 'reg_alpha': 1.3884210513841762e-08, 'reg_lambda': 0.02273343343290072}. Best is trial 7 with value: 0.04121145796485619.
[I 2026-06-01 15:50:22,350] Trial 11 finished with value: 0.011299504741156175 and parameters: {'confidence_threshold': 0.5077463503498806, 'training_days': 480, 'n_estimators': 245, 'max_depth': 3, 'num_leaves': 49, 'learning_rate': 0.047907454503262954, 'subsample': 0.9939949979825393, 'colsample_bytree': 0.9864508096204552, 'min_child_samples': 89, 'reg_alpha': 6.406297885587639e-07, 'reg_lambda': 1.0031010917688901e-08}. Best is trial 7 with value: 0.04121145796485619.
[I 2026-06-01 15:50:22,387] Trial 12 finished with value: -2.067383809580854 and parameters: {'confidence_threshold': 0.66034247783242, 'training_days': 10, 'n_estimators': 459, 'max_depth': 4, 'num_leaves': 48, 'learning_rate': 0.046905974008408464, 'subsample': 0.9918302937157114, 'colsample_bytree': 0.6669454130036883, 'min_child_samples': 47, 'reg_alpha': 5.828909593622513e-07, 'reg_lambda': 4.2084308291483265e-07}. Best is trial 7 with value: 0.04121145796485619.
[I 2026-06-01 15:50:22,443] Trial 13 finished with value: -0.004915637365457737 and parameters: {'confidence_threshold': 0.7129257884245761, 'training_days': 120, 'n_estimators': 53, 'max_depth': 3, 'num_leaves': 55, 'learning_rate': 0.06910557097515196, 'subsample': 0.9227064439647955, 'colsample_bytree': 0.5443982906148261, 'min_child_samples': 47, 'reg_alpha': 2.026620404672971e-06, 'reg_lambda': 0.0031247055541074147}. Best is trial 7 with value: 0.04121145796485619.
[I 2026-06-01 15:50:22,507] Trial 14 finished with value: -0.020673032714515933 and parameters: {'confidence_threshold': 0.5659608707226916, 'training_days': 70, 'n_estimators': 181, 'max_depth': 4, 'num_leaves': 43, 'learning_rate': 0.03442741182013394, 'subsample': 0.8891415662862411, 'colsample_bytree': 0.9983252119032336, 'min_child_samples': 80, 'reg_alpha': 2.382456714227536e-08, 'reg_lambda': 1.225712991181481e-06}. Best is trial 7 with value: 0.04121145796485619.
[I 2026-06-01 15:50:22,820] Trial 15 finished with value: -0.00323682317461742 and parameters: {'confidence_threshold': 0.8260782159980345, 'training_days': 340, 'n_estimators': 300, 'max_depth': 4, 'num_leaves': 32, 'learning_rate': 0.12590433810309265, 'subsample': 0.7003765342079638, 'colsample_bytree': 0.9196658871153959, 'min_child_samples': 50, 'reg_alpha': 0.012726486074698236, 'reg_lambda': 3.5532501480887824}. Best is trial 7 with value: 0.04121145796485619.
[I 2026-06-01 15:50:22,859] Trial 16 finished with value: -10.0 and parameters: {'confidence_threshold': 0.7142986078095346, 'training_days': 60, 'n_estimators': 420, 'max_depth': 3, 'num_leaves': 45, 'learning_rate': 0.058462841019195015, 'subsample': 0.5063548593794533, 'colsample_bytree': 0.6996829246153895, 'min_child_samples': 85, 'reg_alpha': 3.0060683462574557e-05, 'reg_lambda': 9.572041671467815e-08}. Best is trial 7 with value: 0.04121145796485619.
[I 2026-06-01 15:50:22,916] Trial 17 finished with value: 0.011523876134204553 and parameters: {'confidence_threshold': 0.5563240395453367, 'training_days': 90, 'n_estimators': 142, 'max_depth': 5, 'num_leaves': 55, 'learning_rate': 0.03384621832572817, 'subsample': 0.8835828296167385, 'colsample_bytree': 0.938137711056734, 'min_child_samples': 99, 'reg_alpha': 7.284070645541434, 'reg_lambda': 3.703419756390824e-06}. Best is trial 7 with value: 0.04121145796485619.
[I 2026-06-01 15:50:23,403] A new study created in memory with name: no-name-c199d1ff-eb12-4153-82a1-565ce651dd11
[I 2026-06-01 15:50:23,605] Trial 0 finished with value: 0.002919566426553233 and parameters: {'confidence_threshold': 0.5870645682749857, 'training_days': 90, 'n_estimators': 403, 'max_depth': 5, 'num_leaves': 45, 'learning_rate': 0.0780457193679974, 'subsample': 0.9428509515574568, 'colsample_bytree': 0.8795587339164916, 'min_child_samples': 34, 'reg_alpha': 2.2465901234314442e-07, 'reg_lambda': 8.339007036475363e-05}. Best is trial 0 with value: 0.002919566426553233.
[I 2026-06-01 15:50:23,722] Trial 1 finished with value: -0.00087621703062023 and parameters: {'confidence_threshold': 0.6348453934275313, 'training_days': 290, 'n_estimators': 115, 'max_depth': 5, 'num_leaves': 37, 'learning_rate': 0.06949568759029946, 'subsample': 0.8228505074024268, 'colsample_bytree': 0.8616703220431751, 'min_child_samples': 75, 'reg_alpha': 4.2486822725010923e-07, 'reg_lambda': 1.157247767047042e-07}. Best is trial 0 with value: 0.002919566426553233.
[I 2026-06-01 15:50:23,738] Trial 2 finished with value: -2.067383809580854 and parameters: {'confidence_threshold': 0.5849570384370288, 'training_days': 10, 'n_estimators': 212, 'max_depth': 3, 'num_leaves': 41, 'learning_rate': 0.18452095998378365, 'subsample': 0.6001060822924371, 'colsample_bytree': 0.5673167293506167, 'min_child_samples': 37, 'reg_alpha': 5.733250064217131, 'reg_lambda': 0.5308454292595461}. Best is trial 0 with value: 0.002919566426553233.
[I 2026-06-01 15:50:23,820] Trial 3 finished with value: 0.002471781512775917 and parameters: {'confidence_threshold': 0.6868248626683718, 'training_days': 220, 'n_estimators': 134, 'max_depth': 3, 'num_leaves': 45, 'learning_rate': 0.033529007907491595, 'subsample': 0.8647277071858408, 'colsample_bytree': 0.778494116634046, 'min_child_samples': 96, 'reg_alpha': 2.409409937265785e-07, 'reg_lambda': 1.1642073478060009}. Best is trial 0 with value: 0.002919566426553233.
[I 2026-06-01 15:50:23,904] Trial 4 finished with value: -0.010661417803308964 and parameters: {'confidence_threshold': 0.5623121348350352, 'training_days': 300, 'n_estimators': 69, 'max_depth': 4, 'num_leaves': 32, 'learning_rate': 0.14967629360700346, 'subsample': 0.5054535233636654, 'colsample_bytree': 0.7401385194659216, 'min_child_samples': 27, 'reg_alpha': 1.4212042567426725e-07, 'reg_lambda': 0.23605753701352003}. Best is trial 0 with value: 0.002919566426553233.
[I 2026-06-01 15:50:24,366] Trial 5 finished with value: -0.002815333287786892 and parameters: {'confidence_threshold': 0.7111850244908446, 'training_days': 490, 'n_estimators': 362, 'max_depth': 5, 'num_leaves': 40, 'learning_rate': 0.05960785724162737, 'subsample': 0.5589714368907717, 'colsample_bytree': 0.6659006943232806, 'min_child_samples': 42, 'reg_alpha': 0.6741360303045295, 'reg_lambda': 6.054601607143087e-08}. Best is trial 0 with value: 0.002919566426553233.
[I 2026-06-01 15:50:24,601] Trial 6 finished with value: -0.014537490159369532 and parameters: {'confidence_threshold': 0.667482545748023, 'training_days': 420, 'n_estimators': 279, 'max_depth': 3, 'num_leaves': 45, 'learning_rate': 0.040099592560849204, 'subsample': 0.8563114696415159, 'colsample_bytree': 0.5442917781944105, 'min_child_samples': 50, 'reg_alpha': 1.6407916423707903e-08, 'reg_lambda': 2.935907642973286e-05}. Best is trial 0 with value: 0.002919566426553233.
[I 2026-06-01 15:50:24,764] Trial 7 finished with value: -0.012084561431385085 and parameters: {'confidence_threshold': 0.5497381024139926, 'training_days': 120, 'n_estimators': 408, 'max_depth': 5, 'num_leaves': 38, 'learning_rate': 0.28049122657745795, 'subsample': 0.8806573338635493, 'colsample_bytree': 0.5454054113547102, 'min_child_samples': 63, 'reg_alpha': 0.01263008637940408, 'reg_lambda': 0.04588020805366937}. Best is trial 0 with value: 0.002919566426553233.
[I 2026-06-01 15:50:25,072] Trial 8 finished with value: -0.01811895237678174 and parameters: {'confidence_threshold': 0.719644804808716, 'training_days': 450, 'n_estimators': 410, 'max_depth': 4, 'num_leaves': 57, 'learning_rate': 0.04022026551478857, 'subsample': 0.5336085426932707, 'colsample_bytree': 0.5705742850577543, 'min_child_samples': 100, 'reg_alpha': 5.916398047912201e-07, 'reg_lambda': 0.9794034214488329}. Best is trial 0 with value: 0.002919566426553233.
[I 2026-06-01 15:50:25,096] Trial 9 finished with value: -2.0554886782585053 and parameters: {'confidence_threshold': 0.7267463643917187, 'training_days': 20, 'n_estimators': 337, 'max_depth': 5, 'num_leaves': 23, 'learning_rate': 0.022153031811454605, 'subsample': 0.6305627572358737, 'colsample_bytree': 0.6613413774216214, 'min_child_samples': 81, 'reg_alpha': 5.7638634029410314e-08, 'reg_lambda': 8.26603016764008}. Best is trial 0 with value: 0.002919566426553233.
[I 2026-06-01 15:50:25,428] Trial 10 finished with value: 0.003884563285499598 and parameters: {'confidence_threshold': 0.8398533911817929, 'training_days': 130, 'n_estimators': 485, 'max_depth': 4, 'num_leaves': 62, 'learning_rate': 0.014251957942824738, 'subsample': 0.9901604570372973, 'colsample_bytree': 0.9944479338273263, 'min_child_samples': 23, 'reg_alpha': 6.837313901272251e-05, 'reg_lambda': 0.0006976939169966911}. Best is trial 10 with value: 0.003884563285499598.
[I 2026-06-01 15:50:25,810] Trial 11 finished with value: -0.0076065431854350106 and parameters: {'confidence_threshold': 0.8491135887906174, 'training_days': 140, 'n_estimators': 478, 'max_depth': 4, 'num_leaves': 61, 'learning_rate': 0.010040680771315659, 'subsample': 0.9943448329854054, 'colsample_bytree': 0.9775347597655288, 'min_child_samples': 20, 'reg_alpha': 7.328612622954525e-05, 'reg_lambda': 0.0002767360651732308}. Best is trial 10 with value: 0.003884563285499598.
[I 2026-06-01 15:50:26,102] Trial 12 finished with value: -0.024635393462854805 and parameters: {'confidence_threshold': 0.83900033179092, 'training_days': 120, 'n_estimators': 490, 'max_depth': 4, 'num_leaves': 54, 'learning_rate': 0.010310812825333917, 'subsample': 0.9949021454548997, 'colsample_bytree': 0.9826583982594713, 'min_child_samples': 32, 'reg_alpha': 3.2356567490488907e-05, 'reg_lambda': 7.35834427504219e-06}. Best is trial 10 with value: 0.003884563285499598.
[I 2026-06-01 15:50:26,419] Trial 13 finished with value: 0.025059665700915605 and parameters: {'confidence_threshold': 0.5040535938350955, 'training_days': 200, 'n_estimators': 460, 'max_depth': 4, 'num_leaves': 51, 'learning_rate': 0.09042217389225966, 'subsample': 0.9397650511036021, 'colsample_bytree': 0.8987697222250639, 'min_child_samples': 54, 'reg_alpha': 0.001972000912880682, 'reg_lambda': 0.0051133473052157475}. Best is trial 13 with value: 0.025059665700915605.
