[I 2026-06-01 15:50:26,792] Trial 14 finished with value: -0.00432627654064649 and parameters: {'confidence_threshold': 0.7734487553908478, 'training_days': 210, 'n_estimators': 500, 'max_depth': 4, 'num_leaves': 52, 'learning_rate': 0.10689029592909728, 'subsample': 0.7178512286146062, 'colsample_bytree': 0.9012531061839287, 'min_child_samples': 54, 'reg_alpha': 0.0036101041728444612, 'reg_lambda': 0.014202997509113543}. Best is trial 13 with value: 0.025059665700915605.
[I 2026-06-01 15:50:26,996] Trial 15 finished with value: 0.039181375114569116 and parameters: {'confidence_threshold': 0.5071335378771338, 'training_days': 190, 'n_estimators': 291, 'max_depth': 4, 'num_leaves': 62, 'learning_rate': 0.014675722622510658, 'subsample': 0.7723588400378323, 'colsample_bytree': 0.9139072487813034, 'min_child_samples': 63, 'reg_alpha': 0.002133995302102607, 'reg_lambda': 0.0026406526000485684}. Best is trial 15 with value: 0.039181375114569116.
[I 2026-06-01 15:50:27,220] Trial 16 finished with value: 0.025514445816134712 and parameters: {'confidence_threshold': 0.5033938067897841, 'training_days': 350, 'n_estimators': 239, 'max_depth': 4, 'num_leaves': 51, 'learning_rate': 0.021342803802310486, 'subsample': 0.7543865421398536, 'colsample_bytree': 0.8110529952635878, 'min_child_samples': 68, 'reg_alpha': 0.005687419769250329, 'reg_lambda': 0.0039005604817064356}. Best is trial 15 with value: 0.039181375114569116.
[I 2026-06-01 15:50:27,406] Trial 17 finished with value: 0.035646853259914665 and parameters: {'confidence_threshold': 0.5001862433587284, 'training_days': 370, 'n_estimators': 228, 'max_depth': 3, 'num_leaves': 63, 'learning_rate': 0.019352225990314435, 'subsample': 0.7338544175336328, 'colsample_bytree': 0.8043859363549507, 'min_child_samples': 70, 'reg_alpha': 0.0518917590174654, 'reg_lambda': 0.002771907311971962}. Best is trial 15 with value: 0.039181375114569116.

    [trial 6] 48 features, training_days=130 | threshold=0.767 | labels: 1119 long, 1052 short (52/48%)
    [trial 6] Sharpe=-0.0042 (folds: 0.2254, 0.0867, -0.0751, 0.0247, -0.2828)
    [trial 7] 48 features, training_days=80 | threshold=0.556 | labels: 1119 long, 1052 short (52/48%)
    [trial 7] Sharpe=0.0412 (folds: 0.0836, 0.1531, 0.1375, 0.0718, -0.2400)
    [trial 8] 48 features, training_days=200 | threshold=0.607 | labels: 1119 long, 1052 short (52/48%)
    [trial 8] Sharpe=0.0110 (folds: 0.1607, 0.0790, 0.0149, 0.0069, -0.2066)
    [trial 9] 48 features, training_days=260 | threshold=0.620 | labels: 1119 long, 1052 short (52/48%)
    [trial 9] Sharpe=0.0031 (folds: 0.2290, 0.1334, -0.0297, 0.0424, -0.3599)
    [trial 10] 48 features, training_days=10 | threshold=0.525 | labels: 1119 long, 1052 short (52/48%)
    [trial 10] Sharpe=-0.1095 (folds: -0.2227, -0.1355, 0.1526, -0.1313, -0.2108)
    [trial 11] 48 features, training_days=480 | threshold=0.508 | labels: 1119 long, 1052 short (52/48%)
    [trial 11] Sharpe=0.0113 (folds: 0.2292, 0.2079, -0.1136, -0.0983, -0.1688)
    [trial 12] 48 features, training_days=10 | threshold=0.660 | labels: 1119 long, 1052 short (52/48%)
    [trial 12] Sharpe=-2.0674 (folds: -0.2227, -0.1355, 0.1526, -0.1313, -10.0000)
    [trial 13] 48 features, training_days=120 | threshold=0.713 | labels: 1119 long, 1052 short (52/48%)
    [trial 13] Sharpe=-0.0049 (folds: 0.3106, 0.1210, -0.0498, -0.0727, -0.3337)
    [trial 14] 48 features, training_days=70 | threshold=0.566 | labels: 1119 long, 1052 short (52/48%)
    [trial 14] Sharpe=-0.0207 (folds: -0.0095, 0.0425, 0.0146, -0.1023, -0.0487)
    [trial 15] 48 features, training_days=340 | threshold=0.826 | labels: 1119 long, 1052 short (52/48%)
    [trial 15] Sharpe=-0.0032 (folds: 0.1964, 0.0700, -0.0812, 0.0030, -0.2043)
    [trial 16] 48 features, training_days=60 | threshold=0.714 | labels: 1119 long, 1052 short (52/48%)
    [trial 16] Sharpe=-10.0000 (folds: -10.0000, -10.0000, -10.0000, -10.0000, -10.0000)
    [trial 17] 48 features, training_days=90 | threshold=0.556 | labels: 1119 long, 1052 short (52/48%)
    [trial 17] Sharpe=0.0115 (folds: 0.1469, 0.0513, 0.0172, -0.0317, -0.1260)
  Optuna: 18 trials, best Sharpe = 0.0412
  Best params: n_estimators=363, max_depth=3, lr=0.0659, leaves=48
  Best confidence_threshold: 0.556
  Best training_days: 80
  Retrained on full data (240 samples, 48 features)
  [ensemble 3/3] seed=456
    [trial 0] 48 features, training_days=90 | threshold=0.587 | labels: 1119 long, 1052 short (52/48%)
    [CV fold 0] train_end=2023-09-23 08:00 | val_start=2023-10-01 00:00 | gap=184h (22 rows)
    [CV fold 1] train_end=2024-01-21 16:00 | val_start=2024-01-29 08:00 | gap=184h (22 rows)
    [CV fold 2] train_end=2024-05-21 00:00 | val_start=2024-05-28 16:00 | gap=184h (22 rows)
    [CV fold 3] train_end=2024-09-18 08:00 | val_start=2024-09-26 00:00 | gap=184h (22 rows)
    [CV fold 4] train_end=2025-01-16 16:00 | val_start=2025-01-24 08:00 | gap=184h (22 rows)
    [trial 0] Sharpe=0.0029 (folds: -0.0107, 0.1619, 0.0172, -0.0194, -0.1345)
    [trial 1] 48 features, training_days=290 | threshold=0.635 | labels: 1119 long, 1052 short (52/48%)
    [trial 1] Sharpe=-0.0009 (folds: 0.2526, 0.0977, -0.0534, -0.0384, -0.2628)
    [trial 2] 48 features, training_days=10 | threshold=0.585 | labels: 1119 long, 1052 short (52/48%)
    [trial 2] Sharpe=-2.0674 (folds: -0.2227, -0.1355, 0.1526, -0.1313, -10.0000)
    [trial 3] 48 features, training_days=220 | threshold=0.687 | labels: 1119 long, 1052 short (52/48%)
    [trial 3] Sharpe=0.0025 (folds: 0.3598, 0.1068, 0.0252, 0.0290, -0.5085)
    [trial 4] 48 features, training_days=300 | threshold=0.562 | labels: 1119 long, 1052 short (52/48%)
    [trial 4] Sharpe=-0.0107 (folds: 0.1551, 0.0700, -0.0535, -0.0198, -0.2050)
    [trial 5] 48 features, training_days=490 | threshold=0.711 | labels: 1119 long, 1052 short (52/48%)
    [trial 5] Sharpe=-0.0028 (folds: 0.2064, 0.0846, -0.0808, -0.0185, -0.2058)
    [trial 6] 48 features, training_days=420 | threshold=0.667 | labels: 1119 long, 1052 short (52/48%)
    [trial 6] Sharpe=-0.0145 (folds: 0.2281, 0.0991, -0.1281, -0.0582, -0.2135)
    [trial 7] 48 features, training_days=120 | threshold=0.550 | labels: 1119 long, 1052 short (52/48%)
    [trial 7] Sharpe=-0.0121 (folds: 0.1555, 0.1289, -0.1288, -0.0388, -0.1772)
    [trial 8] 48 features, training_days=450 | threshold=0.720 | labels: 1119 long, 1052 short (52/48%)
    [trial 8] Sharpe=-0.0181 (folds: 0.2146, 0.1149, -0.1846, -0.0365, -0.1990)
    [trial 9] 48 features, training_days=20 | threshold=0.727 | labels: 1119 long, 1052 short (52/48%)
    [trial 9] Sharpe=-2.0555 (folds: -10.0000, -0.1355, -0.1908, 0.1174, -0.0686)
    [trial 10] 48 features, training_days=130 | threshold=0.840 | labels: 1119 long, 1052 short (52/48%)
    [trial 10] Sharpe=0.0039 (folds: 0.1932, 0.1048, -0.0277, 0.0531, -0.3039)
    [trial 11] 48 features, training_days=140 | threshold=0.849 | labels: 1119 long, 1052 short (52/48%)
    [trial 11] Sharpe=-0.0076 (folds: 0.2174, 0.0980, -0.0251, 0.0361, -0.3644)
    [trial 12] 48 features, training_days=120 | threshold=0.839 | labels: 1119 long, 1052 short (52/48%)
    [trial 12] Sharpe=-0.0246 (folds: 0.1795, 0.0878, -0.0344, -0.0654, -0.2908)
    [trial 13] 48 features, training_days=200 | threshold=0.504 | labels: 1119 long, 1052 short (52/48%)
    [trial 13] Sharpe=0.0251 (folds: 0.1580, 0.0954, -0.0148, 0.0095, -0.1228)
    [trial 14] 48 features, training_days=210 | threshold=0.773 | labels: 1119 long, 1052 short (52/48%)
    [trial 14] Sharpe=-0.0043 (folds: 0.1848, 0.0801, -0.0263, -0.0248, -0.2354)
    [trial 15] 48 features, training_days=190 | threshold=0.507 | labels: 1119 long, 1052 short (52/48%)
    [trial 15] Sharpe=0.0392 (folds: 0.2421, 0.0572, 0.0609, -0.0155, -0.1488)
    [trial 16] 48 features, training_days=350 | threshold=0.503 | labels: 1119 long, 1052 short (52/48%)
    [trial 16] Sharpe=0.0255 (folds: 0.2540, 0.1336, -0.0302, 0.0151, -0.2449)
    [trial 17] 48 features, training_days=370 | threshold=0.500 | labels: 1119 long, 1052 short (52/48%)
    [trial 17] Sharpe=0.0356 (folds: 0.2516, 0.1837, -0.0518, 0.0466, -0.2518)
  Optuna: 18 trials, best Sharpe = 0.0392
  Best params: n_estimators=291, max_depth=4, lr=0.0147, leaves=62
  Best confidence_threshold: 0.507
  Best training_days: 190
  Retrained on full data (570 samples, 48 features)
  OOD: 16 features, cutoff (q=0.7) = 14.19
  Model trained for 2025-06: 90 test candles with features, confidence_threshold=0.555
[trade:close] 2025-06-05 00:00 ETHUSDT SHORT → timeout @ 2606.62 | PnL=+2.75% (net +2.65%) | cum=-21.81% 2025-06=+2.65% 2025-06-05=+2.65%
[predict] 2025-06-06 00:00 ETHUSDT → SHORT (proba=0.63 TP=11.5%/SL=5.7%)
[trade:open] 2025-06-06 07:59 ETHUSDT SHORT @ 2454.18 | SL=2595.08 TP=2172.39 | timeout=2025-06-13 07:59
[trade:close] 2025-06-09 23:59 ETHUSDT SHORT → stop_loss @ 2595.08 | PnL=-5.74% (net -5.84%) | cum=-27.65% 2025-06=-3.19% 2025-06-09=-5.84%
[predict] 2025-06-13 08:00 ETHUSDT → SHORT (proba=0.84 TP=13.0%/SL=6.5%)
[trade:open] 2025-06-13 15:59 ETHUSDT SHORT @ 2550.26 | SL=2716.11 TP=2218.56 | timeout=2025-06-20 15:59
[trade:close] 2025-06-20 16:00 ETHUSDT SHORT → timeout @ 2492.47 | PnL=+2.27% (net +2.17%) | cum=-25.49% 2025-06=-1.02% 2025-06-20=+2.17%
[predict] 2025-06-21 08:00 ETHUSDT → SHORT (proba=0.59 TP=10.2%/SL=5.1%)
[trade:open] 2025-06-21 15:59 ETHUSDT SHORT @ 2422.37 | SL=2545.85 TP=2175.42 | timeout=2025-06-28 15:59
[trade:close] 2025-06-22 15:59 ETHUSDT SHORT → take_profit @ 2175.42 | PnL=+10.19% (net +10.09%) | cum=-15.39% 2025-06=+9.07% 2025-06-22=+10.09%
[predict] 2025-06-23 08:00 ETHUSDT → LONG (proba=0.79 TP=13.6%/SL=6.8%)
[trade:open] 2025-06-23 15:59 ETHUSDT LONG @ 2247.17 | SL=2094.67 TP=2552.17 | timeout=2025-06-30 15:59
[trade:close] 2025-06-30 16:00 ETHUSDT LONG → timeout @ 2473.54 | PnL=+10.07% (net +9.97%) | cum=-5.42% 2025-06=+19.05% 2025-06-30=+9.97%
[lgbm] === Training for 2025-07 ===
  Train window: 2023-07-01 → 2025-06-23
  2171 training samples from 1 symbols
  Samples per month: 2023-07: 93, 2023-08: 93, 2023-09: 90, 2023-10: 93, 2023-11: 90, 2023-12: 93, 2024-01: 93, 2024-02: 87, 2024-03: 93, 2024-04: 90, 2024-05: 93, 2024-06: 90, 2024-07: 93, 2024-08: 93, 2024-09: 90, 2024-10: 93, 2024-11: 90, 2024-12: 93, 2025-01: 93, 2025-02: 84, 2025-03: 93, 2025-04: 90, 2025-05: 93, 2025-06: 68[I 2026-06-01 15:50:28,180] A new study created in memory with name: no-name-3dc3f2b6-0c40-4d6b-99d4-4ff5464a8c59
[I 2026-06-01 15:50:28,544] Trial 0 finished with value: 0.0035126082168901464 and parameters: {'confidence_threshold': 0.6310890415965769, 'training_days': 480, 'n_estimators': 380, 'max_depth': 4, 'num_leaves': 22, 'learning_rate': 0.01699897838270077, 'subsample': 0.5290418060840998, 'colsample_bytree': 0.9330880728874675, 'min_child_samples': 68, 'reg_alpha': 0.023585940584142682, 'reg_lambda': 1.5320059381854043e-08}. Best is trial 0 with value: 0.0035126082168901464.
[I 2026-06-01 15:50:28,675] Trial 1 finished with value: 0.15005455378907667 and parameters: {'confidence_threshold': 0.839468448256698, 'training_days': 420, 'n_estimators': 145, 'max_depth': 3, 'num_leaves': 23, 'learning_rate': 0.028145092716060652, 'subsample': 0.762378215816119, 'colsample_bytree': 0.7159725093210578, 'min_child_samples': 43, 'reg_alpha': 0.0032112643094417484, 'reg_lambda': 1.8007140198129195e-07}. Best is trial 1 with value: 0.15005455378907667.
[I 2026-06-01 15:50:28,823] Trial 2 finished with value: -0.013673164582926462 and parameters: {'confidence_threshold': 0.6022506269873263, 'training_days': 190, 'n_estimators': 255, 'max_depth': 5, 'num_leaves': 24, 'learning_rate': 0.05748924681991978, 'subsample': 0.7962072844310213, 'colsample_bytree': 0.5232252063599989, 'min_child_samples': 69, 'reg_alpha': 3.425445902633376e-07, 'reg_lambda': 3.850031979199519e-08}. Best is trial 1 with value: 0.15005455378907667.
[I 2026-06-01 15:50:29,103] Trial 3 finished with value: -0.033663265738330464 and parameters: {'confidence_threshold': 0.8321099380386666, 'training_days': 490, 'n_estimators': 414, 'max_depth': 3, 'num_leaves': 19, 'learning_rate': 0.1024932221692416, 'subsample': 0.7200762468698007, 'colsample_bytree': 0.5610191174223894, 'min_child_samples': 60, 'reg_alpha': 2.039373116525212e-08, 'reg_lambda': 1.527156759251193}. Best is trial 1 with value: 0.15005455378907667.
[I 2026-06-01 15:50:29,270] Trial 4 finished with value: -0.08100863213951082 and parameters: {'confidence_threshold': 0.5905729935600059, 'training_days': 340, 'n_estimators': 190, 'max_depth': 4, 'num_leaves': 41, 'learning_rate': 0.01875220945578641, 'subsample': 0.9847923138822793, 'colsample_bytree': 0.8875664116805573, 'min_child_samples': 96, 'reg_alpha': 1.1309571585271483, 'reg_lambda': 0.002404915432737351}. Best is trial 1 with value: 0.15005455378907667.
[I 2026-06-01 15:50:29,309] Trial 5 finished with value: -0.2319940460743506 and parameters: {'confidence_threshold': 0.8226559822580909, 'training_days': 50, 'n_estimators': 138, 'max_depth': 3, 'num_leaves': 30, 'learning_rate': 0.03750796359625606, 'subsample': 0.6356745158869479, 'colsample_bytree': 0.9143687545759647, 'min_child_samples': 48, 'reg_alpha': 3.376063348877853e-06, 'reg_lambda': 0.0007660634613082914}. Best is trial 1 with value: 0.15005455378907667.
[I 2026-06-01 15:50:29,432] Trial 6 finished with value: 0.003694933227305969 and parameters: {'confidence_threshold': 0.5493234787411669, 'training_days': 410, 'n_estimators': 83, 'max_depth': 5, 'num_leaves': 52, 'learning_rate': 0.019657448966046126, 'subsample': 0.5027610585618012, 'colsample_bytree': 0.9077307142274171, 'min_child_samples': 77, 'reg_alpha': 0.03639690979811287, 'reg_lambda': 0.08738424135626986}. Best is trial 1 with value: 0.15005455378907667.
[I 2026-06-01 15:50:29,532] Trial 7 finished with value: -0.01148217046300395 and parameters: {'confidence_threshold': 0.5259156281069316, 'training_days': 180, 'n_estimators': 102, 'max_depth': 5, 'num_leaves': 45, 'learning_rate': 0.030816017044468066, 'subsample': 0.5317791751430119, 'colsample_bytree': 0.6554911608578311, 'min_child_samples': 46, 'reg_alpha': 0.036851536911881845, 'reg_lambda': 0.005470376807480391}. Best is trial 1 with value: 0.15005455378907667.
[I 2026-06-01 15:50:29,640] Trial 8 finished with value: -0.06622832149635796 and parameters: {'confidence_threshold': 0.8105244599017143, 'training_days': 240, 'n_estimators': 103, 'max_depth': 5, 'num_leaves': 52, 'learning_rate': 0.06746437142284309, 'subsample': 0.8854835899772805, 'colsample_bytree': 0.7468977981821954, 'min_child_samples': 62, 'reg_alpha': 7.04480806377519e-05, 'reg_lambda': 1.6934490731313353e-08}. Best is trial 1 with value: 0.15005455378907667.
[I 2026-06-01 15:50:29,666] Trial 9 finished with value: 0.0786414698877381 and parameters: {'confidence_threshold': 0.5377619994476566, 'training_days': 20, 'n_estimators': 337, 'max_depth': 3, 'num_leaves': 39, 'learning_rate': 0.21907142272152816, 'subsample': 0.6246461145744375, 'colsample_bytree': 0.7051914615178149, 'min_child_samples': 81, 'reg_alpha': 1.1459970229341322e-06, 'reg_lambda': 4.929685216887945e-08}. Best is trial 1 with value: 0.15005455378907667.
[I 2026-06-01 15:50:30,182] Trial 10 finished with value: -0.03679315604497274 and parameters: {'confidence_threshold': 0.7286853308578232, 'training_days': 350, 'n_estimators': 487, 'max_depth': 4, 'num_leaves': 31, 'learning_rate': 0.011407797829608154, 'subsample': 0.8271882613853766, 'colsample_bytree': 0.8120417635861826, 'min_child_samples': 24, 'reg_alpha': 0.0005486918362336714, 'reg_lambda': 3.3639426888455256e-06}. Best is trial 1 with value: 0.15005455378907667.
[I 2026-06-01 15:50:30,216] Trial 11 finished with value: -6.034102498060444 and parameters: {'confidence_threshold': 0.7155079644808182, 'training_days': 40, 'n_estimators': 291, 'max_depth': 3, 'num_leaves': 60, 'learning_rate': 0.29081576079680116, 'subsample': 0.6674759312560709, 'colsample_bytree': 0.6973773196181215, 'min_child_samples': 92, 'reg_alpha': 9.485822703182368e-05, 'reg_lambda': 7.868729181011707e-06}. Best is trial 1 with value: 0.15005455378907667.
[I 2026-06-01 15:50:30,390] Trial 12 finished with value: -0.07638690796506183 and parameters: {'confidence_threshold': 0.7430902848778571, 'training_days': 140, 'n_estimators': 293, 'max_depth': 3, 'num_leaves': 33, 'learning_rate': 0.2959628420607887, 'subsample': 0.6219374804317841, 'colsample_bytree': 0.616977177491308, 'min_child_samples': 29, 'reg_alpha': 3.310691985108358e-06, 'reg_lambda': 1.8165856785058189e-06}. Best is trial 1 with value: 0.15005455378907667.
[I 2026-06-01 15:50:30,573] Trial 13 finished with value: -0.081357788582336 and parameters: {'confidence_threshold': 0.6675013492473675, 'training_days': 320, 'n_estimators': 215, 'max_depth': 3, 'num_leaves': 17, 'learning_rate': 0.1463043880061142, 'subsample': 0.7154376749842741, 'colsample_bytree': 0.7957296901000687, 'min_child_samples': 40, 'reg_alpha': 0.0013837304418747858, 'reg_lambda': 4.853786638244098e-07}. Best is trial 1 with value: 0.15005455378907667.
[I 2026-06-01 15:50:30,651] Trial 14 finished with value: -0.14951209617645494 and parameters: {'confidence_threshold': 0.7594036169129817, 'training_days': 80, 'n_estimators': 348, 'max_depth': 3, 'num_leaves': 37, 'learning_rate': 0.15967921648819136, 'subsample': 0.5937263811741577, 'colsample_bytree': 0.724096650229072, 'min_child_samples': 84, 'reg_alpha': 6.243069797304175, 'reg_lambda': 5.3861085653773555e-05}. Best is trial 1 with value: 0.15005455378907667.
[I 2026-06-01 15:50:30,856] Trial 15 finished with value: -0.044935609690193695 and parameters: {'confidence_threshold': 0.5073197482691914, 'training_days': 420, 'n_estimators': 175, 'max_depth': 4, 'num_leaves': 27, 'learning_rate': 0.03301872090824653, 'subsample': 0.7798079465483917, 'colsample_bytree': 0.8194141769932984, 'min_child_samples': 37, 'reg_alpha': 1.1414023567805535e-08, 'reg_lambda': 2.1268840867940846e-07}. Best is trial 1 with value: 0.15005455378907667.
[I 2026-06-01 15:50:31,074] Trial 16 finished with value: -0.056307366823513894 and parameters: {'confidence_threshold': 0.6760523483882178, 'training_days': 270, 'n_estimators': 339, 'max_depth': 3, 'num_leaves': 46, 'learning_rate': 0.09575912493579522, 'subsample': 0.8649514202852935, 'colsample_bytree': 0.6281858044630155, 'min_child_samples': 55, 'reg_alpha': 1.4618334151747558e-05, 'reg_lambda': 1.2931752527290176e-05}. Best is trial 1 with value: 0.15005455378907667.
[I 2026-06-01 15:50:31,198] Trial 17 finished with value: -0.1402093634634025 and parameters: {'confidence_threshold': 0.789403558838043, 'training_days': 110, 'n_estimators': 417, 'max_depth': 4, 'num_leaves': 15, 'learning_rate': 0.04302553031342478, 'subsample': 0.6841207389251448, 'colsample_bytree': 0.9956385980717998, 'min_child_samples': 84, 'reg_alpha': 0.005047355373634929, 'reg_lambda': 2.2297945015528625e-07}. Best is trial 1 with value: 0.15005455378907667.
[I 2026-06-01 15:50:31,708] A new study created in memory with name: no-name-480bb542-2731-41e9-b405-9d90e302455a
[I 2026-06-01 15:50:31,789] Trial 0 finished with value: -0.09603986433068815 and parameters: {'confidence_threshold': 0.7437642149592516, 'training_days': 150, 'n_estimators': 152, 'max_depth': 4, 'num_leaves': 50, 'learning_rate': 0.04216766425047743, 'subsample': 0.9903820991923078, 'colsample_bytree': 0.8424148692924316, 'min_child_samples': 58, 'reg_alpha': 3.381097259762742e-05, 'reg_lambda': 1.2263152961306247e-05}. Best is trial 0 with value: -0.09603986433068815.
[I 2026-06-01 15:50:31,860] Trial 1 finished with value: 0.1671285937526858 and parameters: {'confidence_threshold': 0.7551673975844145, 'training_days': 220, 'n_estimators': 76, 'max_depth': 4, 'num_leaves': 51, 'learning_rate': 0.018602118810743477, 'subsample': 0.5877258780737462, 'colsample_bytree': 0.7657756869209191, 'min_child_samples': 63, 'reg_alpha': 0.005123994170264194, 'reg_lambda': 0.44145470178120466}. Best is trial 1 with value: 0.1671285937526858.
[I 2026-06-01 15:50:32,117] Trial 2 finished with value: -0.0220709565481195 and parameters: {'confidence_threshold': 0.7535593637012223, 'training_days': 310, 'n_estimators': 375, 'max_depth': 3, 'num_leaves': 32, 'learning_rate': 0.021735641882032388, 'subsample': 0.6468570231944146, 'colsample_bytree': 0.8154880619272439, 'min_child_samples': 27, 'reg_alpha': 8.004064028491336e-05, 'reg_lambda': 7.546835261630524e-05}. Best is trial 1 with value: 0.1671285937526858.
