[I 2026-06-01 15:47:22,102] Trial 17 finished with value: -0.030765700297375964 and parameters: {'confidence_threshold': 0.5032306008234736, 'training_days': 70, 'n_estimators': 253, 'max_depth': 3, 'num_leaves': 41, 'learning_rate': 0.013231853350518621, 'subsample': 0.6899430541324337, 'colsample_bytree': 0.9251443147544832, 'min_child_samples': 92, 'reg_alpha': 3.932910488483643e-06, 'reg_lambda': 0.030849399820144043}. Best is trial 3 with value: 0.012911284743860007.

    [trial 15] Sharpe=-0.0867 (folds: -0.2808, -0.1205, -0.2658, 0.1008, 0.1330)
    [trial 16] 48 features, training_days=60 | threshold=0.719 | labels: 1061 long, 1107 short (49/51%)
    [trial 16] Sharpe=-0.1698 (folds: -0.2427, -0.0178, -0.2593, -0.4524, 0.1232)
    [trial 17] 48 features, training_days=150 | threshold=0.808 | labels: 1061 long, 1107 short (49/51%)
    [trial 17] Sharpe=0.0320 (folds: -0.2760, 0.1754, 0.0949, -0.2968, 0.4627)
  Optuna: 18 trials, best Sharpe = 0.0320
  Best params: n_estimators=95, max_depth=5, lr=0.1214, leaves=44
  Best confidence_threshold: 0.808
  Best training_days: 150
  Retrained on full data (450 samples, 48 features)
  [ensemble 3/3] seed=456
    [trial 0] 48 features, training_days=90 | threshold=0.587 | labels: 1061 long, 1107 short (49/51%)
    [CV fold 0] train_end=2022-04-24 08:00 | val_start=2022-05-02 00:00 | gap=184h (22 rows)
    [CV fold 1] train_end=2022-08-22 16:00 | val_start=2022-08-30 08:00 | gap=184h (22 rows)
    [CV fold 2] train_end=2022-12-21 00:00 | val_start=2022-12-28 16:00 | gap=184h (22 rows)
    [CV fold 3] train_end=2023-04-20 08:00 | val_start=2023-04-28 00:00 | gap=184h (22 rows)
    [CV fold 4] train_end=2023-08-18 16:00 | val_start=2023-08-26 08:00 | gap=184h (22 rows)
    [trial 0] Sharpe=-0.1343 (folds: -0.3238, -0.0987, -0.1786, -0.1869, 0.1163)
    [trial 1] 48 features, training_days=290 | threshold=0.635 | labels: 1061 long, 1107 short (49/51%)
    [trial 1] Sharpe=-0.0420 (folds: -0.1939, 0.1006, -0.2314, -0.0837, 0.1983)
    [trial 2] 48 features, training_days=10 | threshold=0.585 | labels: 1061 long, 1107 short (49/51%)
    [trial 2] Sharpe=0.0114 (folds: 0.1272, 0.0365, 0.1811, 0.0053, -0.2929)
    [trial 3] 48 features, training_days=220 | threshold=0.687 | labels: 1061 long, 1107 short (49/51%)
    [trial 3] Sharpe=0.0129 (folds: -0.1656, 0.0861, 0.1022, -0.2199, 0.2617)
    [trial 4] 48 features, training_days=300 | threshold=0.562 | labels: 1061 long, 1107 short (49/51%)
    [trial 4] Sharpe=-0.0348 (folds: -0.1274, 0.1617, -0.0376, -0.2124, 0.0418)
    [trial 5] 48 features, training_days=490 | threshold=0.711 | labels: 1061 long, 1107 short (49/51%)
    [trial 5] Sharpe=-0.0720 (folds: -0.1803, 0.1429, -0.1672, -0.0896, -0.0658)
    [trial 6] 48 features, training_days=420 | threshold=0.667 | labels: 1061 long, 1107 short (49/51%)
    [trial 6] Sharpe=-0.0816 (folds: -0.3133, 0.1333, -0.1571, -0.1769, 0.1058)
    [trial 7] 48 features, training_days=120 | threshold=0.550 | labels: 1061 long, 1107 short (49/51%)
    [trial 7] Sharpe=-0.1098 (folds: -0.2466, -0.1292, -0.1021, -0.1852, 0.1143)
    [trial 8] 48 features, training_days=450 | threshold=0.720 | labels: 1061 long, 1107 short (49/51%)
    [trial 8] Sharpe=-0.0624 (folds: -0.2647, 0.0802, -0.0594, -0.1836, 0.1155)
    [trial 9] 48 features, training_days=20 | threshold=0.727 | labels: 1061 long, 1107 short (49/51%)
    [trial 9] Sharpe=-6.0513 (folds: -10.0000, 0.0365, -10.0000, -10.0000, -0.2929)
    [trial 10] 48 features, training_days=200 | threshold=0.828 | labels: 1061 long, 1107 short (49/51%)
    [trial 10] Sharpe=-7.8928 (folds: -10.0000, 0.5359, -10.0000, -10.0000, -10.0000)
    [trial 11] 48 features, training_days=10 | threshold=0.620 | labels: 1061 long, 1107 short (49/51%)
    [trial 11] Sharpe=0.0114 (folds: 0.1272, 0.0365, 0.1811, 0.0053, -0.2929)
    [trial 12] 48 features, training_days=200 | threshold=0.515 | labels: 1061 long, 1107 short (49/51%)
    [trial 12] Sharpe=-0.0121 (folds: -0.1216, -0.0704, -0.0972, 0.0940, 0.1347)
    [trial 13] 48 features, training_days=350 | threshold=0.805 | labels: 1061 long, 1107 short (49/51%)
    [trial 13] Sharpe=-0.0485 (folds: -0.2330, 0.0718, -0.0665, -0.1326, 0.1177)
    [trial 14] 48 features, training_days=130 | threshold=0.772 | labels: 1061 long, 1107 short (49/51%)
    [trial 14] Sharpe=-0.1039 (folds: -0.2415, -0.1254, -0.1367, -0.1346, 0.1185)
    [trial 15] 48 features, training_days=210 | threshold=0.667 | labels: 1061 long, 1107 short (49/51%)
    [trial 15] Sharpe=-0.0340 (folds: -0.1381, 0.0738, -0.1731, 0.0370, 0.0303)
    [trial 16] 48 features, training_days=350 | threshold=0.619 | labels: 1061 long, 1107 short (49/51%)
    [trial 16] Sharpe=-0.0877 (folds: -0.1266, 0.0851, -0.2306, -0.1541, -0.0121)
    [trial 17] 48 features, training_days=70 | threshold=0.503 | labels: 1061 long, 1107 short (49/51%)
    [trial 17] Sharpe=-0.0308 (folds: 0.0011, 0.0626, -0.0927, -0.2431, 0.1183)
  Optuna: 18 trials, best Sharpe = 0.0129
  Best params: n_estimators=134, max_depth=3, lr=0.0335, leaves=45
  Best confidence_threshold: 0.687
  Best training_days: 220
  Retrained on full data (660 samples, 48 features)
  OOD: 16 features, cutoff (q=0.7) = 15.08
  Model trained for 2024-01: 93 test candles with features, confidence_threshold=0.725
[trade:close] 2024-01-03 15:59 ETHUSDT LONG → stop_loss @ 2194.18 | PnL=-4.32% (net -4.42%) | cum=-2.24% 2024-01=-4.42% 2024-01-03=-4.42%
[predict] 2024-01-04 08:00 ETHUSDT → LONG (proba=0.92 TP=11.1%/SL=5.6%)
[trade:open] 2024-01-04 15:59 ETHUSDT LONG @ 2277.86 | SL=2151.38 TP=2530.82 | timeout=2024-01-11 15:59
[trade:close] 2024-01-10 23:59 ETHUSDT LONG → take_profit @ 2530.82 | PnL=+11.11% (net +11.01%) | cum=+8.76% 2024-01=+6.58% 2024-01-10=+11.01%
[predict] 2024-01-16 08:00 ETHUSDT → LONG (proba=0.83 TP=9.4%/SL=4.7%)
[trade:open] 2024-01-16 15:59 ETHUSDT LONG @ 2559.43 | SL=2439.50 TP=2799.29 | timeout=2024-01-23 15:59
[trade:close] 2024-01-18 23:59 ETHUSDT LONG → stop_loss @ 2439.50 | PnL=-4.69% (net -4.79%) | cum=+3.98% 2024-01=+1.80% 2024-01-18=-4.79%
[predict] 2024-01-19 16:00 ETHUSDT → LONG (proba=0.95 TP=8.4%/SL=4.2%)
[trade:open] 2024-01-19 23:59 ETHUSDT LONG @ 2492.46 | SL=2387.28 TP=2702.83 | timeout=2024-01-26 23:59
[trade:close] 2024-01-22 15:59 ETHUSDT LONG → stop_loss @ 2387.28 | PnL=-4.22% (net -4.32%) | cum=-0.34% 2024-01=-2.52% 2024-01-22=-4.32%
[predict] 2024-01-28 00:00 ETHUSDT → LONG (proba=0.80 TP=7.1%/SL=3.6%)
[trade:open] 2024-01-28 07:59 ETHUSDT LONG @ 2281.84 | SL=2200.41 TP=2444.70 | timeout=2024-02-04 07:59
[lgbm] === Training for 2024-02 ===
  Train window: 2022-02-01 → 2024-01-24
  2168 training samples from 1 symbols
  Samples per month: 2022-02: 84, 2022-03: 93, 2022-04: 90, 2022-05: 93, 2022-06: 90, 2022-07: 93, 2022-08: 93, 2022-09: 90, 2022-10: 93, 2022-11: 90, 2022-12: 93, 2023-01: 93, 2023-02: 84, 2023-03: 93, 2023-04: 90, 2023-05: 93, 2023-06: 90, 2023-07: 93, 2023-08: 93, 2023-09: 90, 2023-10: 93, 2023-11: 90, 2023-12: 93, 2024-01: 71
  [label] 2022-04-03 16:00 ETHUSDT entry=3520.7600 → SHORT | long=sl(-4.46%) short=tp(+8.62%) | scanned=9 | short_tp_only
  [label] 2022-04-05 16:00 ETHUSDT entry=3405.0400 → SHORT | long=sl(-4.64%) short=tp(+8.97%) | scanned=17 | short_tp_only
  [label] 2022-04-09 16:00 ETHUSDT entry=3257.5300 → SHORT | long=sl(-4.74%) short=tp(+9.19%) | scanned=6 | short_tp_only
  [label] 2022-05-04 08:00 ETHUSDT entry=2843.2400 → SHORT | long=sl(-4.61%) short=tp(+8.91%) | scanned=10 | short_tp_only
  [label] 2022-06-25 16:00 ETHUSDT entry=1241.6000 → SHORT | long=sl(-9.78%) short=tp(+19.27%) | scanned=14 | short_tp_only
  [label] 2022-12-08 16:00 ETHUSDT entry=1279.7300 → SHORT | long=timeout(-1.15%) short=sl(-4.24%) | scanned=22 | no_tp→fwd_return=-1.0526
  [label] 2022-12-12 16:00 ETHUSDT entry=1274.8800 → SHORT | long=sl(-3.42%) short=sl(-3.42%) | scanned=11 | no_tp→fwd_return=-5.6295
  [label] 2022-12-23 08:00 ETHUSDT entry=1218.4600 → SHORT | long=timeout(-2.04%) short=timeout(+1.84%) | scanned=22 | no_tp→fwd_return=-1.9410
  [label] 2023-02-06 08:00 ETHUSDT entry=1648.5900 → SHORT | long=sl(-4.30%) short=tp(+8.31%) | scanned=12 | short_tp_only
  [label] 2023-02-14 16:00 ETHUSDT entry=1554.9400 → LONG | long=tp(+9.32%) short=sl(-4.81%) | scanned=4 | long_tp_only
  [label] 2023-05-16 00:00 ETHUSDT entry=1821.6900 → LONG | long=timeout(+1.67%) short=timeout(-1.87%) | scanned=22 | no_tp→fwd_return=+1.7676
  [label] 2023-06-17 00:00 ETHUSDT entry=1743.9400 → LONG | long=tp(+7.86%) short=sl(-4.08%) | scanned=14 | long_tp_only
  [label] 2023-07-03 00:00 ETHUSDT entry=1968.0100 → SHORT | long=sl(-3.89%) short=timeout(+5.62%) | scanned=22 | no_tp→fwd_return=-5.7210[I 2026-06-01 15:47:22,673] A new study created in memory with name: no-name-c75063be-bf9f-45d0-ad00-6fd4611e79c1
[I 2026-06-01 15:47:23,031] Trial 0 finished with value: -0.08717045754043143 and parameters: {'confidence_threshold': 0.6310890415965769, 'training_days': 480, 'n_estimators': 380, 'max_depth': 4, 'num_leaves': 22, 'learning_rate': 0.01699897838270077, 'subsample': 0.5290418060840998, 'colsample_bytree': 0.9330880728874675, 'min_child_samples': 68, 'reg_alpha': 0.023585940584142682, 'reg_lambda': 1.5320059381854043e-08}. Best is trial 0 with value: -0.08717045754043143.
[I 2026-06-01 15:47:23,158] Trial 1 finished with value: -1.9888829116577778 and parameters: {'confidence_threshold': 0.839468448256698, 'training_days': 420, 'n_estimators': 145, 'max_depth': 3, 'num_leaves': 23, 'learning_rate': 0.028145092716060652, 'subsample': 0.762378215816119, 'colsample_bytree': 0.7159725093210578, 'min_child_samples': 43, 'reg_alpha': 0.0032112643094417484, 'reg_lambda': 1.8007140198129195e-07}. Best is trial 0 with value: -0.08717045754043143.
[I 2026-06-01 15:47:23,308] Trial 2 finished with value: 0.0357030476185609 and parameters: {'confidence_threshold': 0.6022506269873263, 'training_days': 190, 'n_estimators': 255, 'max_depth': 5, 'num_leaves': 24, 'learning_rate': 0.05748924681991978, 'subsample': 0.7962072844310213, 'colsample_bytree': 0.5232252063599989, 'min_child_samples': 69, 'reg_alpha': 3.425445902633376e-07, 'reg_lambda': 3.850031979199519e-08}. Best is trial 2 with value: 0.0357030476185609.
[I 2026-06-01 15:47:23,572] Trial 3 finished with value: -0.04235735804463105 and parameters: {'confidence_threshold': 0.8321099380386666, 'training_days': 490, 'n_estimators': 414, 'max_depth': 3, 'num_leaves': 19, 'learning_rate': 0.1024932221692416, 'subsample': 0.7200762468698007, 'colsample_bytree': 0.5610191174223894, 'min_child_samples': 60, 'reg_alpha': 2.039373116525212e-08, 'reg_lambda': 1.527156759251193}. Best is trial 2 with value: 0.0357030476185609.
[I 2026-06-01 15:47:23,739] Trial 4 finished with value: -0.030733215971156497 and parameters: {'confidence_threshold': 0.5905729935600059, 'training_days': 340, 'n_estimators': 190, 'max_depth': 4, 'num_leaves': 41, 'learning_rate': 0.01875220945578641, 'subsample': 0.9847923138822793, 'colsample_bytree': 0.8875664116805573, 'min_child_samples': 96, 'reg_alpha': 1.1309571585271483, 'reg_lambda': 0.002404915432737351}. Best is trial 2 with value: 0.0357030476185609.
[I 2026-06-01 15:47:23,779] Trial 5 finished with value: 0.0951517350451663 and parameters: {'confidence_threshold': 0.8226559822580909, 'training_days': 50, 'n_estimators': 138, 'max_depth': 3, 'num_leaves': 30, 'learning_rate': 0.03750796359625606, 'subsample': 0.6356745158869479, 'colsample_bytree': 0.9143687545759647, 'min_child_samples': 48, 'reg_alpha': 3.376063348877853e-06, 'reg_lambda': 0.0007660634613082914}. Best is trial 5 with value: 0.0951517350451663.
[I 2026-06-01 15:47:23,900] Trial 6 finished with value: -0.06238516675125046 and parameters: {'confidence_threshold': 0.5493234787411669, 'training_days': 410, 'n_estimators': 83, 'max_depth': 5, 'num_leaves': 52, 'learning_rate': 0.019657448966046126, 'subsample': 0.5027610585618012, 'colsample_bytree': 0.9077307142274171, 'min_child_samples': 77, 'reg_alpha': 0.03639690979811287, 'reg_lambda': 0.08738424135626986}. Best is trial 5 with value: 0.0951517350451663.
[I 2026-06-01 15:47:24,007] Trial 7 finished with value: 0.00775266380961574 and parameters: {'confidence_threshold': 0.5259156281069316, 'training_days': 180, 'n_estimators': 102, 'max_depth': 5, 'num_leaves': 45, 'learning_rate': 0.030816017044468066, 'subsample': 0.5317791751430119, 'colsample_bytree': 0.6554911608578311, 'min_child_samples': 46, 'reg_alpha': 0.036851536911881845, 'reg_lambda': 0.005470376807480391}. Best is trial 5 with value: 0.0951517350451663.
[I 2026-06-01 15:47:24,122] Trial 8 finished with value: 0.01515372219498155 and parameters: {'confidence_threshold': 0.8105244599017143, 'training_days': 240, 'n_estimators': 103, 'max_depth': 5, 'num_leaves': 52, 'learning_rate': 0.06746437142284309, 'subsample': 0.8854835899772805, 'colsample_bytree': 0.7468977981821954, 'min_child_samples': 62, 'reg_alpha': 7.04480806377519e-05, 'reg_lambda': 1.6934490731313353e-08}. Best is trial 5 with value: 0.0951517350451663.
[I 2026-06-01 15:47:24,146] Trial 9 finished with value: -0.046988146731363076 and parameters: {'confidence_threshold': 0.5377619994476566, 'training_days': 20, 'n_estimators': 337, 'max_depth': 3, 'num_leaves': 39, 'learning_rate': 0.21907142272152816, 'subsample': 0.6246461145744375, 'colsample_bytree': 0.7051914615178149, 'min_child_samples': 81, 'reg_alpha': 1.1459970229341322e-06, 'reg_lambda': 4.929685216887945e-08}. Best is trial 5 with value: 0.0951517350451663.
[I 2026-06-01 15:47:24,179] Trial 10 finished with value: -2.014787103778873 and parameters: {'confidence_threshold': 0.7318981109748116, 'training_days': 10, 'n_estimators': 487, 'max_depth': 4, 'num_leaves': 31, 'learning_rate': 0.14704103471568217, 'subsample': 0.628963476300746, 'colsample_bytree': 0.987470107623585, 'min_child_samples': 25, 'reg_alpha': 2.608784411827665e-05, 'reg_lambda': 3.3639426888455256e-06}. Best is trial 5 with value: 0.0951517350451663.
[I 2026-06-01 15:47:24,302] Trial 11 finished with value: -0.0219791347431382 and parameters: {'confidence_threshold': 0.7031315520633984, 'training_days': 120, 'n_estimators': 245, 'max_depth': 4, 'num_leaves': 30, 'learning_rate': 0.04928235056220389, 'subsample': 0.7958418179650298, 'colsample_bytree': 0.5038827132281698, 'min_child_samples': 49, 'reg_alpha': 1.9536858255923362e-07, 'reg_lambda': 3.526824099171197e-05}. Best is trial 5 with value: 0.0951517350451663.
[I 2026-06-01 15:47:24,465] Trial 12 finished with value: 0.045957335076052264 and parameters: {'confidence_threshold': 0.7674220338368787, 'training_days': 110, 'n_estimators': 242, 'max_depth': 5, 'num_leaves': 30, 'learning_rate': 0.05445057683691509, 'subsample': 0.6424283043115616, 'colsample_bytree': 0.8304278626461432, 'min_child_samples': 30, 'reg_alpha': 3.310691985108358e-06, 'reg_lambda': 3.5382603563116506e-05}. Best is trial 5 with value: 0.0951517350451663.
[I 2026-06-01 15:47:24,577] Trial 13 finished with value: 0.044012116522968645 and parameters: {'confidence_threshold': 0.7741659262972552, 'training_days': 100, 'n_estimators': 189, 'max_depth': 3, 'num_leaves': 62, 'learning_rate': 0.04342469449614958, 'subsample': 0.6433197814774015, 'colsample_bytree': 0.8155421717694826, 'min_child_samples': 22, 'reg_alpha': 9.007759578454498e-06, 'reg_lambda': 7.312063830814067e-05}. Best is trial 5 with value: 0.0951517350451663.
[I 2026-06-01 15:47:24,737] Trial 14 finished with value: -0.0350496945725581 and parameters: {'confidence_threshold': 0.7594036169129817, 'training_days': 90, 'n_estimators': 311, 'max_depth': 4, 'num_leaves': 33, 'learning_rate': 0.09395165460556847, 'subsample': 0.6913361790249838, 'colsample_bytree': 0.8125859382071857, 'min_child_samples': 33, 'reg_alpha': 0.000636367751091524, 'reg_lambda': 2.7176968224890946e-06}. Best is trial 5 with value: 0.0951517350451663.
[I 2026-06-01 15:47:24,796] Trial 15 finished with value: -0.0013242145577336787 and parameters: {'confidence_threshold': 0.6769172689324101, 'training_days': 50, 'n_estimators': 176, 'max_depth': 3, 'num_leaves': 16, 'learning_rate': 0.010215403220817718, 'subsample': 0.6015874640141092, 'colsample_bytree': 0.8332678196538594, 'min_child_samples': 37, 'reg_alpha': 1.18780528424332e-08, 'reg_lambda': 0.0007008411703147273}. Best is trial 5 with value: 0.0951517350451663.
[I 2026-06-01 15:47:24,971] Trial 16 finished with value: 0.019201070123116677 and parameters: {'confidence_threshold': 0.7804801620132263, 'training_days': 160, 'n_estimators': 246, 'max_depth': 5, 'num_leaves': 33, 'learning_rate': 0.03537556087176661, 'subsample': 0.6832758279827469, 'colsample_bytree': 0.9826162589395974, 'min_child_samples': 55, 'reg_alpha': 5.3247675185642226e-06, 'reg_lambda': 0.02627784551951497}. Best is trial 5 with value: 0.0951517350451663.
[I 2026-06-01 15:47:25,124] Trial 17 finished with value: 0.027121615780601415 and parameters: {'confidence_threshold': 0.7296153420475378, 'training_days': 290, 'n_estimators': 143, 'max_depth': 4, 'num_leaves': 27, 'learning_rate': 0.10877145980340798, 'subsample': 0.5865751100416665, 'colsample_bytree': 0.8673820039412686, 'min_child_samples': 32, 'reg_alpha': 0.0004216289451032701, 'reg_lambda': 5.6800538640641765e-05}. Best is trial 5 with value: 0.0951517350451663.
[I 2026-06-01 15:47:25,401] A new study created in memory with name: no-name-8c13dbc8-266e-4e60-9d3d-886af5758402
[I 2026-06-01 15:47:25,500] Trial 0 finished with value: -0.01226601716190968 and parameters: {'confidence_threshold': 0.7437642149592516, 'training_days': 150, 'n_estimators': 152, 'max_depth': 4, 'num_leaves': 50, 'learning_rate': 0.04216766425047743, 'subsample': 0.9903820991923078, 'colsample_bytree': 0.8424148692924316, 'min_child_samples': 58, 'reg_alpha': 3.381097259762742e-05, 'reg_lambda': 1.2263152961306247e-05}. Best is trial 0 with value: -0.01226601716190968.
[I 2026-06-01 15:47:25,580] Trial 1 finished with value: -1.8729831219949582 and parameters: {'confidence_threshold': 0.7551673975844145, 'training_days': 220, 'n_estimators': 76, 'max_depth': 4, 'num_leaves': 51, 'learning_rate': 0.018602118810743477, 'subsample': 0.5877258780737462, 'colsample_bytree': 0.7657756869209191, 'min_child_samples': 63, 'reg_alpha': 0.005123994170264194, 'reg_lambda': 0.44145470178120466}. Best is trial 0 with value: -0.01226601716190968.
[I 2026-06-01 15:47:25,849] Trial 2 finished with value: 0.047835514342091025 and parameters: {'confidence_threshold': 0.7535593637012223, 'training_days': 310, 'n_estimators': 375, 'max_depth': 3, 'num_leaves': 32, 'learning_rate': 0.021735641882032388, 'subsample': 0.6468570231944146, 'colsample_bytree': 0.8154880619272439, 'min_child_samples': 27, 'reg_alpha': 8.004064028491336e-05, 'reg_lambda': 7.546835261630524e-05}. Best is trial 2 with value: 0.047835514342091025.
[I 2026-06-01 15:47:26,024] Trial 3 finished with value: 0.06694131136773347 and parameters: {'confidence_threshold': 0.6727897841776072, 'training_days': 220, 'n_estimators': 190, 'max_depth': 4, 'num_leaves': 58, 'learning_rate': 0.24810689332636193, 'subsample': 0.7509183379421682, 'colsample_bytree': 0.8119764758960556, 'min_child_samples': 29, 'reg_alpha': 7.1708285081421445e-06, 'reg_lambda': 5.412973582738627e-05}. Best is trial 3 with value: 0.06694131136773347.
[I 2026-06-01 15:47:26,148] Trial 4 finished with value: 0.004960293120011306 and parameters: {'confidence_threshold': 0.803208205259178, 'training_days': 130, 'n_estimators': 267, 'max_depth': 5, 'num_leaves': 40, 'learning_rate': 0.08041175317374143, 'subsample': 0.5603143329951619, 'colsample_bytree': 0.9131704002534167, 'min_child_samples': 68, 'reg_alpha': 0.0008046593428183385, 'reg_lambda': 1.2158346158765583e-05}. Best is trial 3 with value: 0.06694131136773347.
[I 2026-06-01 15:47:26,393] Trial 5 finished with value: 0.004108402708986529 and parameters: {'confidence_threshold': 0.6064422761595144, 'training_days': 210, 'n_estimators': 357, 'max_depth': 5, 'num_leaves': 40, 'learning_rate': 0.0974221287220869, 'subsample': 0.7929682762811064, 'colsample_bytree': 0.8124517510478, 'min_child_samples': 74, 'reg_alpha': 0.3811377260781234, 'reg_lambda': 5.607314238392041e-08}. Best is trial 3 with value: 0.06694131136773347.
[I 2026-06-01 15:47:26,498] Trial 6 finished with value: -0.007760178654188199 and parameters: {'confidence_threshold': 0.7672889945051684, 'training_days': 130, 'n_estimators': 137, 'max_depth': 4, 'num_leaves': 19, 'learning_rate': 0.2031117614248665, 'subsample': 0.8136244860256343, 'colsample_bytree': 0.8617081790949774, 'min_child_samples': 21, 'reg_alpha': 0.002238138278733199, 'reg_lambda': 0.001025809534977322}. Best is trial 3 with value: 0.06694131136773347.
[I 2026-06-01 15:47:26,568] Trial 7 finished with value: 0.033276028362095006 and parameters: {'confidence_threshold': 0.555635875450653, 'training_days': 80, 'n_estimators': 363, 'max_depth': 3, 'num_leaves': 48, 'learning_rate': 0.06590089024008658, 'subsample': 0.6944752870615722, 'colsample_bytree': 0.962566244806993, 'min_child_samples': 88, 'reg_alpha': 1.6465620446426067e-05, 'reg_lambda': 2.4678750890085655e-08}. Best is trial 3 with value: 0.06694131136773347.
[I 2026-06-01 15:47:26,901] Trial 8 finished with value: 0.015166273674270503 and parameters: {'confidence_threshold': 0.6066688256938841, 'training_days': 200, 'n_estimators': 367, 'max_depth': 5, 'num_leaves': 32, 'learning_rate': 0.13377519215934996, 'subsample': 0.7965884582811106, 'colsample_bytree': 0.8458508993500886, 'min_child_samples': 32, 'reg_alpha': 3.889436043816386e-05, 'reg_lambda': 1.4713062489380356e-06}. Best is trial 3 with value: 0.06694131136773347.
