[I 2026-06-01 15:44:54,461] Trial 1 finished with value: -1.9555564924917643 and parameters: {'confidence_threshold': 0.839468448256698, 'training_days': 420, 'n_estimators': 145, 'max_depth': 3, 'num_leaves': 23, 'learning_rate': 0.028145092716060652, 'subsample': 0.762378215816119, 'colsample_bytree': 0.7159725093210578, 'min_child_samples': 43, 'reg_alpha': 0.0032112643094417484, 'reg_lambda': 1.8007140198129195e-07}. Best is trial 0 with value: 0.030201288197453945.

    [trial 4] 48 features, training_days=300 | threshold=0.562 | labels: 1159 long, 1009 short (53/47%)
    [trial 4] Sharpe=0.0338 (folds: 0.0851, -0.0202, 0.0422, -0.0359, 0.0981)
    [trial 5] 48 features, training_days=490 | threshold=0.711 | labels: 1159 long, 1009 short (53/47%)
    [trial 5] Sharpe=0.0297 (folds: 0.0597, 0.0046, 0.0414, -0.1347, 0.1776)
    [trial 6] 48 features, training_days=420 | threshold=0.667 | labels: 1159 long, 1009 short (53/47%)
    [trial 6] Sharpe=0.0584 (folds: 0.0960, -0.0604, 0.1476, -0.0409, 0.1499)
    [trial 7] 48 features, training_days=120 | threshold=0.550 | labels: 1159 long, 1009 short (53/47%)
    [trial 7] Sharpe=0.0077 (folds: 0.0650, -0.0334, -0.0575, 0.1254, -0.0608)
    [trial 8] 48 features, training_days=450 | threshold=0.720 | labels: 1159 long, 1009 short (53/47%)
    [trial 8] Sharpe=0.0930 (folds: 0.0865, 0.0121, 0.1585, 0.0064, 0.2017)
    [trial 9] 48 features, training_days=20 | threshold=0.727 | labels: 1159 long, 1009 short (53/47%)
    [trial 9] Sharpe=-2.0698 (folds: -10.0000, -0.3650, -0.1880, 0.2359, -0.0318)
    [trial 10] 48 features, training_days=400 | threshold=0.828 | labels: 1159 long, 1009 short (53/47%)
    [trial 10] Sharpe=0.0902 (folds: 0.2402, -0.0151, 0.2734, -0.2611, 0.2135)
    [trial 11] 48 features, training_days=400 | threshold=0.843 | labels: 1159 long, 1009 short (53/47%)
    [trial 11] Sharpe=0.1463 (folds: 0.2003, 0.1051, 0.4245, -0.2296, 0.2310)
    [trial 12] 48 features, training_days=500 | threshold=0.842 | labels: 1159 long, 1009 short (53/47%)
    [trial 12] Sharpe=0.0655 (folds: 0.1913, -0.1966, 0.3915, -0.0301, -0.0289)
    [trial 13] 48 features, training_days=380 | threshold=0.782 | labels: 1159 long, 1009 short (53/47%)
    [trial 13] Sharpe=0.0679 (folds: 0.1419, 0.0026, 0.1808, -0.1359, 0.1499)
    [trial 14] 48 features, training_days=350 | threshold=0.770 | labels: 1159 long, 1009 short (53/47%)
    [trial 14] Sharpe=0.0530 (folds: 0.0973, -0.0387, 0.2145, -0.0979, 0.0897)
    [trial 15] 48 features, training_days=450 | threshold=0.782 | labels: 1159 long, 1009 short (53/47%)
    [trial 15] Sharpe=0.0952 (folds: 0.0819, 0.0622, 0.1241, 0.0372, 0.1706)
    [trial 16] 48 features, training_days=230 | threshold=0.781 | labels: 1159 long, 1009 short (53/47%)
    [trial 16] Sharpe=0.0361 (folds: 0.0587, -0.0139, 0.0182, 0.0275, 0.0900)
    [trial 17] 48 features, training_days=340 | threshold=0.815 | labels: 1159 long, 1009 short (53/47%)
    [trial 17] Sharpe=0.0455 (folds: 0.1156, -0.0418, 0.1941, -0.2171, 0.1766)
  Optuna: 18 trials, best Sharpe = 0.1463
  Best params: n_estimators=478, max_depth=4, lr=0.0100, leaves=61
  Best confidence_threshold: 0.843
  Best training_days: 400
  Retrained on full data (1200 samples, 48 features)
  OOD: 16 features, cutoff (q=0.7) = 14.12
  Model trained for 2022-11: 90 test candles with features, confidence_threshold=0.753
[trade:close] 2022-11-06 16:00 ETHUSDT LONG → timeout @ 1622.62 | PnL=+2.27% (net +2.17%) | cum=+35.08% 2022-11=+2.17% 2022-11-06=+2.17%
[predict] 2022-11-07 16:00 ETHUSDT → LONG (proba=0.93 TP=10.8%/SL=5.4%)
[trade:open] 2022-11-07 23:59 ETHUSDT LONG @ 1567.52 | SL=1482.49 TP=1737.58 | timeout=2022-11-14 23:59
[trade:close] 2022-11-08 07:59 ETHUSDT LONG → stop_loss @ 1482.49 | PnL=-5.42% (net -5.52%) | cum=+29.55% 2022-11=-3.35% 2022-11-08=-5.52%
[predict] 2022-11-15 08:00 ETHUSDT → SHORT (proba=0.77 TP=18.2%/SL=9.1%)
[trade:open] 2022-11-15 15:59 ETHUSDT SHORT @ 1263.46 | SL=1378.75 TP=1032.88 | timeout=2022-11-22 15:59
[trade:close] 2022-11-22 16:00 ETHUSDT SHORT → timeout @ 1134.78 | PnL=+10.18% (net +10.08%) | cum=+39.64% 2022-11=+6.73% 2022-11-22=+10.08%
[predict] 2022-11-23 16:00 ETHUSDT → SHORT (proba=0.84 TP=12.3%/SL=6.2%)
[trade:open] 2022-11-23 23:59 ETHUSDT SHORT @ 1183.83 | SL=1256.81 TP=1037.88 | timeout=2022-11-30 23:59
[trade:close] 2022-11-30 07:59 ETHUSDT SHORT → stop_loss @ 1256.81 | PnL=-6.16% (net -6.26%) | cum=+33.37% 2022-11=+0.47% 2022-11-30=-6.26%
[lgbm] === Training for 2022-12 ===
  Train window: 2020-12-01 → 2022-11-23
  2168 training samples from 1 symbols
  Samples per month: 2020-12: 93, 2021-01: 93, 2021-02: 84, 2021-03: 93, 2021-04: 90, 2021-05: 93, 2021-06: 90, 2021-07: 93, 2021-08: 93, 2021-09: 90, 2021-10: 93, 2021-11: 90, 2021-12: 93, 2022-01: 93, 2022-02: 84, 2022-03: 93, 2022-04: 90, 2022-05: 93, 2022-06: 90, 2022-07: 93, 2022-08: 93, 2022-09: 90, 2022-10: 93, 2022-11: 68
  [label] 2021-01-31 16:00 ETHUSDT entry=1313.1200 → LONG | long=tp(+21.14%) short=sl(-10.72%) | scanned=8 | long_tp_only
  [label] 2021-02-02 16:00 ETHUSDT entry=1516.2600 → LONG | long=tp(+18.02%) short=sl(-9.16%) | scanned=20 | long_tp_only
  [label] 2021-02-06 16:00 ETHUSDT entry=1679.3400 → LONG | long=sl(-8.83%) short=sl(-8.83%) | scanned=8 | no_tp→fwd_return=+4.2725
  [label] 2021-03-03 08:00 ETHUSDT entry=1602.7200 → LONG | long=timeout(+14.37%) short=sl(-11.30%) | scanned=22 | no_tp→fwd_return=+14.4704
  [label] 2021-04-24 16:00 ETHUSDT entry=2215.5400 → LONG | long=tp(+25.93%) short=sl(-13.12%) | scanned=14 | long_tp_only
  [label] 2021-10-07 16:00 ETHUSDT entry=3589.8500 → LONG | long=timeout(+5.59%) short=sl(-6.30%) | scanned=22 | no_tp→fwd_return=+5.6922
  [label] 2021-10-11 16:00 ETHUSDT entry=3543.1000 → LONG | long=tp(+11.85%) short=sl(-6.08%) | scanned=14 | long_tp_only
  [label] 2021-10-22 08:00 ETHUSDT entry=3970.0500 → LONG | long=timeout(+11.85%) short=sl(-6.73%) | scanned=22 | no_tp→fwd_return=+11.9505
  [label] 2021-12-06 08:00 ETHUSDT entry=4122.7600 → SHORT | long=timeout(-7.78%) short=timeout(+7.58%) | scanned=22 | no_tp→fwd_return=-7.6762
  [label] 2021-12-14 16:00 ETHUSDT entry=3856.6600 → LONG | long=timeout(+3.99%) short=timeout(-4.19%) | scanned=22 | no_tp→fwd_return=+4.0895
  [label] 2022-03-15 00:00 ETHUSDT entry=2530.7700 → LONG | long=tp(+11.59%) short=sl(-5.94%) | scanned=7 | long_tp_only
  [label] 2022-04-16 00:00 ETHUSDT entry=3032.6500 → LONG | long=sl(-4.07%) short=sl(-4.07%) | scanned=13 | no_tp→fwd_return=+1.1238
  [label] 2022-05-02 00:00 ETHUSDT entry=2844.4100 → SHORT | long=sl(-5.07%) short=tp(+9.84%) | scanned=18 | short_tp_only
  [label] 2022-05-14 16:00 ETHUSDT entry=2055.0000 → SHORT | long=timeout(-4.04%) short=timeout(+3.84%) | scanned=22 | no_tp→fwd_return=-3.9445
  [label] 2022-06-02 08:00 ETHUSDT entry=1815.6000 → SHORT | long=timeout(-1.05%) short=timeout(+0.85%) | scanned=22 | no_tp→fwd_return=-0.9512
  [label] 2022-06-08 16:00 ETHUSDT entry=1791.0200 → SHORT | long=sl(-6.60%) short=tp(+12.90%) | scanned=8 | short_tp_only
  [label] 2022-06-21 00:00 ETHUSDT entry=1147.9500 → LONG | long=timeout(+5.05%) short=timeout(-5.25%) | scanned=22 | no_tp→fwd_return=+5.1457
  [label] 2022-07-30 08:00 ETHUSDT entry=1736.0800 → SHORT | long=sl(-8.36%) short=timeout(+1.11%) | scanned=22 | no_tp→fwd_return=-1.2085
  [label] 2022-08-09 08:00 ETHUSDT entry=1683.7800 → LONG | long=tp(+12.15%) short=sl(-6.22%) | scanned=5 | long_tp_only
  [label] 2022-11-03 08:00 ETHUSDT entry=1541.9000 → SHORT | long=sl(-5.89%) short=sl(-5.89%) | scanned=14 | no_tp→fwd_return=-3.3005
  Labels: 1118 long (51.6%), 1050 short (48.4%) | weights: min=1.00, mean=3.37, max=10.00
  Features: 2168/2168 matched, 48 columns
  CV gap: 22 rows
  [ensemble 1/3] seed=42
    [trial 0] 48 features, training_days=480 | threshold=0.631 | labels: 1118 long, 1050 short (52/48%)
    [CV fold 0] train_end=2021-03-24 08:00 | val_start=2021-04-01 00:00 | gap=184h (22 rows)
    [CV fold 1] train_end=2021-07-22 16:00 | val_start=2021-07-30 08:00 | gap=184h (22 rows)
    [CV fold 2] train_end=2021-11-20 00:00 | val_start=2021-11-27 16:00 | gap=184h (22 rows)
    [CV fold 3] train_end=2022-03-20 08:00 | val_start=2022-03-28 00:00 | gap=184h (22 rows)
    [CV fold 4] train_end=2022-07-18 16:00 | val_start=2022-07-26 08:00 | gap=184h (22 rows)
    [trial 0] Sharpe=0.0302 (folds: 0.0279, -0.2846, 0.4252, -0.2815, 0.2640)
    [trial 1] 48 features, training_days=420 | threshold=0.839 | labels: 1118 long, 1050 short (52/48%)
    [trial 1] Sharpe=-1.9556 (folds: -0.1067, -0.3991, -10.0000, -0.2828, 1.0108)
    [trial 2] 48 features, training_days=190 | threshold=0.602 | labels: 1118 long, 1050 short (52/48%)[I 2026-06-01 15:44:54,623] Trial 2 finished with value: 0.06012145722533239 and parameters: {'confidence_threshold': 0.6022506269873263, 'training_days': 190, 'n_estimators': 255, 'max_depth': 5, 'num_leaves': 24, 'learning_rate': 0.05748924681991978, 'subsample': 0.7962072844310213, 'colsample_bytree': 0.5232252063599989, 'min_child_samples': 69, 'reg_alpha': 3.425445902633376e-07, 'reg_lambda': 3.850031979199519e-08}. Best is trial 2 with value: 0.06012145722533239.
[I 2026-06-01 15:44:54,887] Trial 3 finished with value: -0.03436812663707424 and parameters: {'confidence_threshold': 0.8321099380386666, 'training_days': 490, 'n_estimators': 414, 'max_depth': 3, 'num_leaves': 19, 'learning_rate': 0.1024932221692416, 'subsample': 0.7200762468698007, 'colsample_bytree': 0.5610191174223894, 'min_child_samples': 60, 'reg_alpha': 2.039373116525212e-08, 'reg_lambda': 1.527156759251193}. Best is trial 2 with value: 0.06012145722533239.
[I 2026-06-01 15:44:55,037] Trial 4 finished with value: 0.034650744690383234 and parameters: {'confidence_threshold': 0.5905729935600059, 'training_days': 340, 'n_estimators': 190, 'max_depth': 4, 'num_leaves': 41, 'learning_rate': 0.01875220945578641, 'subsample': 0.9847923138822793, 'colsample_bytree': 0.8875664116805573, 'min_child_samples': 96, 'reg_alpha': 1.1309571585271483, 'reg_lambda': 0.002404915432737351}. Best is trial 2 with value: 0.06012145722533239.
[I 2026-06-01 15:44:55,074] Trial 5 finished with value: -0.0910045133447554 and parameters: {'confidence_threshold': 0.8226559822580909, 'training_days': 50, 'n_estimators': 138, 'max_depth': 3, 'num_leaves': 30, 'learning_rate': 0.03750796359625606, 'subsample': 0.6356745158869479, 'colsample_bytree': 0.9143687545759647, 'min_child_samples': 48, 'reg_alpha': 3.376063348877853e-06, 'reg_lambda': 0.0007660634613082914}. Best is trial 2 with value: 0.06012145722533239.
[I 2026-06-01 15:44:55,173] Trial 6 finished with value: 0.02796358575374978 and parameters: {'confidence_threshold': 0.5493234787411669, 'training_days': 410, 'n_estimators': 83, 'max_depth': 5, 'num_leaves': 52, 'learning_rate': 0.019657448966046126, 'subsample': 0.5027610585618012, 'colsample_bytree': 0.9077307142274171, 'min_child_samples': 77, 'reg_alpha': 0.03639690979811287, 'reg_lambda': 0.08738424135626986}. Best is trial 2 with value: 0.06012145722533239.
[I 2026-06-01 15:44:55,255] Trial 7 finished with value: -0.011002824592964084 and parameters: {'confidence_threshold': 0.5259156281069316, 'training_days': 180, 'n_estimators': 102, 'max_depth': 5, 'num_leaves': 45, 'learning_rate': 0.030816017044468066, 'subsample': 0.5317791751430119, 'colsample_bytree': 0.6554911608578311, 'min_child_samples': 46, 'reg_alpha': 0.036851536911881845, 'reg_lambda': 0.005470376807480391}. Best is trial 2 with value: 0.06012145722533239.
[I 2026-06-01 15:44:55,348] Trial 8 finished with value: 0.06568445901561902 and parameters: {'confidence_threshold': 0.8105244599017143, 'training_days': 240, 'n_estimators': 103, 'max_depth': 5, 'num_leaves': 52, 'learning_rate': 0.06746437142284309, 'subsample': 0.8854835899772805, 'colsample_bytree': 0.7468977981821954, 'min_child_samples': 62, 'reg_alpha': 7.04480806377519e-05, 'reg_lambda': 1.6934490731313353e-08}. Best is trial 8 with value: 0.06568445901561902.
[I 2026-06-01 15:44:55,369] Trial 9 finished with value: -0.06468391729783549 and parameters: {'confidence_threshold': 0.5377619994476566, 'training_days': 20, 'n_estimators': 337, 'max_depth': 3, 'num_leaves': 39, 'learning_rate': 0.21907142272152816, 'subsample': 0.6246461145744375, 'colsample_bytree': 0.7051914615178149, 'min_child_samples': 81, 'reg_alpha': 1.1459970229341322e-06, 'reg_lambda': 4.929685216887945e-08}. Best is trial 8 with value: 0.06568445901561902.
[I 2026-06-01 15:44:55,938] Trial 10 finished with value: -0.0731879026291167 and parameters: {'confidence_threshold': 0.734042426776949, 'training_days': 280, 'n_estimators': 487, 'max_depth': 5, 'num_leaves': 62, 'learning_rate': 0.10432148521337849, 'subsample': 0.9416850669512905, 'colsample_bytree': 0.8120417635861826, 'min_child_samples': 27, 'reg_alpha': 7.238112263003475e-05, 'reg_lambda': 3.3639426888455256e-06}. Best is trial 8 with value: 0.06568445901561902.
[I 2026-06-01 15:44:56,053] Trial 11 finished with value: 0.04382511544773661 and parameters: {'confidence_threshold': 0.7064141682072129, 'training_days': 170, 'n_estimators': 245, 'max_depth': 5, 'num_leaves': 55, 'learning_rate': 0.070278144758503, 'subsample': 0.863624974073976, 'colsample_bytree': 0.5038432927256977, 'min_child_samples': 87, 'reg_alpha': 4.76478459329104e-08, 'reg_lambda': 7.868729181011707e-06}. Best is trial 8 with value: 0.06568445901561902.
[I 2026-06-01 15:44:56,180] Trial 12 finished with value: 0.04070542903156365 and parameters: {'confidence_threshold': 0.7683435244955696, 'training_days': 180, 'n_estimators': 257, 'max_depth': 4, 'num_leaves': 31, 'learning_rate': 0.05445057683691509, 'subsample': 0.8426110070012842, 'colsample_bytree': 0.6188171054052629, 'min_child_samples': 65, 'reg_alpha': 5.6535530920430964e-05, 'reg_lambda': 2.0771847423585894e-06}. Best is trial 8 with value: 0.06568445901561902.
[I 2026-06-01 15:44:56,344] Trial 13 finished with value: -0.08816737141686859 and parameters: {'confidence_threshold': 0.648468212177187, 'training_days': 260, 'n_estimators': 214, 'max_depth': 5, 'num_leaves': 32, 'learning_rate': 0.20158174220210204, 'subsample': 0.8690491710631163, 'colsample_bytree': 0.8081667901910176, 'min_child_samples': 72, 'reg_alpha': 1.2505046450524292e-06, 'reg_lambda': 3.9794797075090296e-05}. Best is trial 8 with value: 0.06568445901561902.
[I 2026-06-01 15:44:56,467] Trial 14 finished with value: -0.039262253688741644 and parameters: {'confidence_threshold': 0.6122975625169359, 'training_days': 100, 'n_estimators': 311, 'max_depth': 4, 'num_leaves': 15, 'learning_rate': 0.1113698271960675, 'subsample': 0.7718441115005977, 'colsample_bytree': 0.9897127958863723, 'min_child_samples': 55, 'reg_alpha': 9.136746211641124e-06, 'reg_lambda': 1.6308976466085072e-07}. Best is trial 8 with value: 0.06568445901561902.
[I 2026-06-01 15:44:56,531] Trial 15 finished with value: -3.9580786852737253 and parameters: {'confidence_threshold': 0.6887540779211444, 'training_days': 120, 'n_estimators': 52, 'max_depth': 5, 'num_leaves': 50, 'learning_rate': 0.010359623362260938, 'subsample': 0.9092527541364609, 'colsample_bytree': 0.5065896071904618, 'min_child_samples': 28, 'reg_alpha': 1.5075578924776514e-07, 'reg_lambda': 1.4846210073902318e-08}. Best is trial 8 with value: 0.06568445901561902.
[I 2026-06-01 15:44:56,653] Trial 16 finished with value: 0.02151181026206872 and parameters: {'confidence_threshold': 0.7689478876866226, 'training_days': 320, 'n_estimators': 159, 'max_depth': 5, 'num_leaves': 63, 'learning_rate': 0.05978446107953783, 'subsample': 0.8140834154635153, 'colsample_bytree': 0.6024945398817332, 'min_child_samples': 91, 'reg_alpha': 0.00034509659588670465, 'reg_lambda': 7.184624603609509e-07}. Best is trial 8 with value: 0.06568445901561902.
[I 2026-06-01 15:44:56,829] Trial 17 finished with value: 0.03287946275165679 and parameters: {'confidence_threshold': 0.5655520462931906, 'training_days': 190, 'n_estimators': 277, 'max_depth': 4, 'num_leaves': 35, 'learning_rate': 0.14168046193643383, 'subsample': 0.7004831188261247, 'colsample_bytree': 0.7861983638172064, 'min_child_samples': 54, 'reg_alpha': 0.0005961727498011812, 'reg_lambda': 6.614397595908694e-05}. Best is trial 8 with value: 0.06568445901561902.
[I 2026-06-01 15:44:56,994] A new study created in memory with name: no-name-6b27ab15-f880-4507-b0f7-c3674212e11d
[I 2026-06-01 15:44:57,084] Trial 0 finished with value: -0.07947898741903857 and parameters: {'confidence_threshold': 0.7437642149592516, 'training_days': 150, 'n_estimators': 152, 'max_depth': 4, 'num_leaves': 50, 'learning_rate': 0.04216766425047743, 'subsample': 0.9903820991923078, 'colsample_bytree': 0.8424148692924316, 'min_child_samples': 58, 'reg_alpha': 3.381097259762742e-05, 'reg_lambda': 1.2263152961306247e-05}. Best is trial 0 with value: -0.07947898741903857.
[I 2026-06-01 15:44:57,150] Trial 1 finished with value: -1.7374728548542517 and parameters: {'confidence_threshold': 0.7551673975844145, 'training_days': 220, 'n_estimators': 76, 'max_depth': 4, 'num_leaves': 51, 'learning_rate': 0.018602118810743477, 'subsample': 0.5877258780737462, 'colsample_bytree': 0.7657756869209191, 'min_child_samples': 63, 'reg_alpha': 0.005123994170264194, 'reg_lambda': 0.44145470178120466}. Best is trial 0 with value: -0.07947898741903857.
[I 2026-06-01 15:44:57,393] Trial 2 finished with value: -0.005116679870044693 and parameters: {'confidence_threshold': 0.7535593637012223, 'training_days': 310, 'n_estimators': 375, 'max_depth': 3, 'num_leaves': 32, 'learning_rate': 0.021735641882032388, 'subsample': 0.6468570231944146, 'colsample_bytree': 0.8154880619272439, 'min_child_samples': 27, 'reg_alpha': 8.004064028491336e-05, 'reg_lambda': 7.546835261630524e-05}. Best is trial 2 with value: -0.005116679870044693.
[I 2026-06-01 15:44:57,560] Trial 3 finished with value: -0.049135939524111064 and parameters: {'confidence_threshold': 0.6727897841776072, 'training_days': 220, 'n_estimators': 190, 'max_depth': 4, 'num_leaves': 58, 'learning_rate': 0.24810689332636193, 'subsample': 0.7509183379421682, 'colsample_bytree': 0.8119764758960556, 'min_child_samples': 29, 'reg_alpha': 7.1708285081421445e-06, 'reg_lambda': 5.412973582738627e-05}. Best is trial 2 with value: -0.005116679870044693.
[I 2026-06-01 15:44:57,689] Trial 4 finished with value: -0.10260581619020925 and parameters: {'confidence_threshold': 0.803208205259178, 'training_days': 130, 'n_estimators': 267, 'max_depth': 5, 'num_leaves': 40, 'learning_rate': 0.08041175317374143, 'subsample': 0.5603143329951619, 'colsample_bytree': 0.9131704002534167, 'min_child_samples': 68, 'reg_alpha': 0.0008046593428183385, 'reg_lambda': 1.2158346158765583e-05}. Best is trial 2 with value: -0.005116679870044693.
[I 2026-06-01 15:44:57,906] Trial 5 finished with value: 0.005000203401938463 and parameters: {'confidence_threshold': 0.6064422761595144, 'training_days': 210, 'n_estimators': 357, 'max_depth': 5, 'num_leaves': 40, 'learning_rate': 0.0974221287220869, 'subsample': 0.7929682762811064, 'colsample_bytree': 0.8124517510478, 'min_child_samples': 74, 'reg_alpha': 0.3811377260781234, 'reg_lambda': 5.607314238392041e-08}. Best is trial 5 with value: 0.005000203401938463.
[I 2026-06-01 15:44:58,017] Trial 6 finished with value: -0.09123926982501047 and parameters: {'confidence_threshold': 0.7672889945051684, 'training_days': 130, 'n_estimators': 137, 'max_depth': 4, 'num_leaves': 19, 'learning_rate': 0.2031117614248665, 'subsample': 0.8136244860256343, 'colsample_bytree': 0.8617081790949774, 'min_child_samples': 21, 'reg_alpha': 0.002238138278733199, 'reg_lambda': 0.001025809534977322}. Best is trial 5 with value: 0.005000203401938463.
[I 2026-06-01 15:44:58,087] Trial 7 finished with value: -0.024455360573124238 and parameters: {'confidence_threshold': 0.555635875450653, 'training_days': 80, 'n_estimators': 363, 'max_depth': 3, 'num_leaves': 48, 'learning_rate': 0.06590089024008658, 'subsample': 0.6944752870615722, 'colsample_bytree': 0.962566244806993, 'min_child_samples': 88, 'reg_alpha': 1.6465620446426067e-05, 'reg_lambda': 2.4678750890085655e-08}. Best is trial 5 with value: 0.005000203401938463.
[I 2026-06-01 15:44:58,386] Trial 8 finished with value: -0.01290824894293846 and parameters: {'confidence_threshold': 0.6066688256938841, 'training_days': 200, 'n_estimators': 367, 'max_depth': 5, 'num_leaves': 32, 'learning_rate': 0.13377519215934996, 'subsample': 0.7965884582811106, 'colsample_bytree': 0.8458508993500886, 'min_child_samples': 32, 'reg_alpha': 3.889436043816386e-05, 'reg_lambda': 1.4713062489380356e-06}. Best is trial 5 with value: 0.005000203401938463.
[I 2026-06-01 15:44:58,597] Trial 9 finished with value: -0.07952117139405064 and parameters: {'confidence_threshold': 0.6202096049169137, 'training_days': 260, 'n_estimators': 350, 'max_depth': 3, 'num_leaves': 21, 'learning_rate': 0.02989540198065364, 'subsample': 0.8307821683331218, 'colsample_bytree': 0.923253112635361, 'min_child_samples': 64, 'reg_alpha': 0.4898604619604203, 'reg_lambda': 2.9076377687066166e-05}. Best is trial 5 with value: 0.005000203401938463.
[I 2026-06-01 15:44:58,947] Trial 10 finished with value: -0.014542252463125608 and parameters: {'confidence_threshold': 0.5342665212695602, 'training_days': 470, 'n_estimators': 493, 'max_depth': 5, 'num_leaves': 63, 'learning_rate': 0.010221918552934462, 'subsample': 0.9166551855891288, 'colsample_bytree': 0.6202684210924141, 'min_child_samples': 99, 'reg_alpha': 2.371385268938747e-08, 'reg_lambda': 8.795022395727933e-08}. Best is trial 5 with value: 0.005000203401938463.
