[I 2026-06-01 15:43:57,045] Trial 6 finished with value: -0.004554131866972372 and parameters: {'confidence_threshold': 0.5493234787411669, 'training_days': 410, 'n_estimators': 83, 'max_depth': 5, 'num_leaves': 52, 'learning_rate': 0.019657448966046126, 'subsample': 0.5027610585618012, 'colsample_bytree': 0.9077307142274171, 'min_child_samples': 77, 'reg_alpha': 0.03639690979811287, 'reg_lambda': 0.08738424135626986}. Best is trial 3 with value: 0.03901630420832544.

    [trial 10] 48 features, training_days=400 | threshold=0.828 | labels: 1247 long, 921 short (58/42%)
    [trial 10] Sharpe=-1.8421 (folds: 0.4674, 0.1612, -0.1412, 0.3023, -10.0000)
    [trial 11] 48 features, training_days=500 | threshold=0.783 | labels: 1247 long, 921 short (58/42%)
    [trial 11] Sharpe=0.1566 (folds: 0.2482, 0.0925, -0.1087, 0.0987, 0.4523)
    [trial 12] 48 features, training_days=380 | threshold=0.801 | labels: 1247 long, 921 short (58/42%)
    [trial 12] Sharpe=0.1843 (folds: 0.2612, -0.0459, -0.1524, 0.1638, 0.6946)
    [trial 13] 48 features, training_days=380 | threshold=0.848 | labels: 1247 long, 921 short (58/42%)
    [trial 13] Sharpe=0.2564 (folds: 0.3640, -0.0427, -0.1276, 0.1101, 0.9782)
    [trial 14] 48 features, training_days=360 | threshold=0.643 | labels: 1247 long, 921 short (58/42%)
    [trial 14] Sharpe=0.1901 (folds: 0.2470, 0.0464, -0.1433, 0.0705, 0.7302)
    [trial 15] 48 features, training_days=220 | threshold=0.759 | labels: 1247 long, 921 short (58/42%)
    [trial 15] Sharpe=0.1434 (folds: 0.4448, 0.0656, -0.1833, 0.1181, 0.2717)
    [trial 16] 48 features, training_days=420 | threshold=0.847 | labels: 1247 long, 921 short (58/42%)
    [trial 16] Sharpe=0.0906 (folds: 0.1404, 0.0180, -0.1167, 0.1686, 0.2425)
    [trial 17] 48 features, training_days=330 | threshold=0.503 | labels: 1247 long, 921 short (58/42%)
    [trial 17] Sharpe=0.0583 (folds: 0.2097, -0.0107, -0.0526, 0.0400, 0.1050)
  Optuna: 18 trials, best Sharpe = 0.2564
  Best params: n_estimators=495, max_depth=4, lr=0.0139, leaves=52
  Best confidence_threshold: 0.848
  Best training_days: 380
  Retrained on full data (1140 samples, 48 features)
  OOD: 16 features, cutoff (q=0.7) = 14.06
  Model trained for 2022-05: 93 test candles with features, confidence_threshold=0.778
[predict] 2022-05-02 16:00 ETHUSDT → SHORT (proba=0.81 TP=10.2%/SL=5.1%)
[trade:open] 2022-05-02 23:59 ETHUSDT SHORT @ 2855.16 | SL=3000.37 TP=2564.74 | timeout=2022-05-09 23:59
[trade:close] 2022-05-08 07:59 ETHUSDT SHORT → take_profit @ 2564.74 | PnL=+10.17% (net +10.07%) | cum=-7.27% 2022-05=+10.07% 2022-05-08=+10.07%
[predict] 2022-05-14 00:00 ETHUSDT → LONG (proba=0.82 TP=27.1%/SL=13.6%)
[trade:open] 2022-05-14 07:59 ETHUSDT LONG @ 2031.61 | SL=1756.03 TP=2582.77 | timeout=2022-05-21 07:59
[trade:close] 2022-05-21 08:00 ETHUSDT LONG → timeout @ 1977.71 | PnL=-2.65% (net -2.75%) | cum=-10.02% 2022-05=+7.32% 2022-05-21=-2.75%
[predict] 2022-05-24 00:00 ETHUSDT → LONG (proba=0.83 TP=12.5%/SL=6.3%)
[trade:open] 2022-05-24 07:59 ETHUSDT LONG @ 1984.04 | SL=1859.69 TP=2232.75 | timeout=2022-05-31 07:59
[trade:close] 2022-05-26 15:59 ETHUSDT LONG → stop_loss @ 1859.69 | PnL=-6.27% (net -6.37%) | cum=-16.39% 2022-05=+0.95% 2022-05-26=-6.37%
[predict] 2022-05-28 00:00 ETHUSDT → LONG (proba=0.83 TP=15.8%/SL=7.9%)
[trade:open] 2022-05-28 07:59 ETHUSDT LONG @ 1764.69 | SL=1625.40 TP=2043.27 | timeout=2022-06-04 07:59
[lgbm] === Training for 2022-06 ===
  Train window: 2020-06-01 → 2022-05-24
  2168 training samples from 1 symbols
  Samples per month: 2020-06: 90, 2020-07: 93, 2020-08: 93, 2020-09: 90, 2020-10: 93, 2020-11: 90, 2020-12: 93, 2021-01: 93, 2021-02: 84, 2021-03: 93, 2021-04: 90, 2021-05: 93, 2021-06: 90, 2021-07: 93, 2021-08: 93, 2021-09: 90, 2021-10: 93, 2021-11: 90, 2021-12: 93, 2022-01: 93, 2022-02: 84, 2022-03: 93, 2022-04: 90, 2022-05: 71
  [label] 2020-08-01 16:00 ETHUSDT entry=387.2400 → SHORT | long=sl(-6.40%) short=sl(-6.40%) | scanned=1 | no_tp→fwd_return=-1.7663
  [label] 2020-08-03 16:00 ETHUSDT entry=386.2000 → LONG | long=timeout(+2.39%) short=timeout(-2.59%) | scanned=22 | no_tp→fwd_return=+2.4935
  [label] 2020-08-07 16:00 ETHUSDT entry=379.6300 → LONG | long=tp(+16.17%) short=sl(-8.24%) | scanned=21 | long_tp_only
  [label] 2020-09-01 08:00 ETHUSDT entry=482.5000 → SHORT | long=sl(-5.98%) short=tp(+11.66%) | scanned=3 | short_tp_only
  [label] 2020-10-23 16:00 ETHUSDT entry=409.4000 → SHORT | long=sl(-4.70%) short=timeout(+6.50%) | scanned=22 | no_tp→fwd_return=-6.5950
  [label] 2021-04-07 16:00 ETHUSDT entry=1965.4000 → LONG | long=tp(+13.67%) short=sl(-6.99%) | scanned=17 | long_tp_only
  [label] 2021-04-11 16:00 ETHUSDT entry=2155.0500 → LONG | long=tp(+10.59%) short=sl(-5.45%) | scanned=7 | long_tp_only
  [label] 2021-04-22 08:00 ETHUSDT entry=2612.1100 → LONG | long=sl(-10.07%) short=timeout(-6.46%) | scanned=22 | no_tp→fwd_return=+6.3588
  [label] 2021-06-06 08:00 ETHUSDT entry=2719.9600 → SHORT | long=sl(-9.93%) short=timeout(+13.49%) | scanned=22 | no_tp→fwd_return=-13.5910
  [label] 2021-06-14 16:00 ETHUSDT entry=2579.8200 → SHORT | long=sl(-8.02%) short=tp(+15.73%) | scanned=12 | short_tp_only
  [label] 2021-09-13 00:00 ETHUSDT entry=3204.2800 → SHORT | long=timeout(-2.50%) short=sl(-9.28%) | scanned=22 | no_tp→fwd_return=-2.3952
  [label] 2021-10-15 00:00 ETHUSDT entry=3809.2700 → LONG | long=tp(+10.99%) short=sl(-5.64%) | scanned=18 | long_tp_only
  [label] 2021-10-31 00:00 ETHUSDT entry=4320.9700 → LONG | long=timeout(+5.08%) short=sl(-5.66%) | scanned=22 | no_tp→fwd_return=+5.1812
  [label] 2021-11-12 16:00 ETHUSDT entry=4665.9900 → SHORT | long=sl(-5.31%) short=tp(+10.32%) | scanned=11 | short_tp_only
  [label] 2021-12-01 08:00 ETHUSDT entry=4728.9300 → SHORT | long=sl(-6.34%) short=tp(+12.38%) | scanned=7 | short_tp_only
  [label] 2021-12-07 16:00 ETHUSDT entry=4305.8200 → SHORT | long=sl(-8.20%) short=timeout(+10.33%) | scanned=22 | no_tp→fwd_return=-10.4315
  [label] 2021-12-20 00:00 ETHUSDT entry=3822.4500 → LONG | long=timeout(+5.88%) short=sl(-7.06%) | scanned=22 | no_tp→fwd_return=+5.9833
  [label] 2022-01-28 08:00 ETHUSDT entry=2442.1500 → LONG | long=timeout(+17.46%) short=sl(-11.40%) | scanned=22 | no_tp→fwd_return=+17.5599
  [label] 2022-02-07 08:00 ETHUSDT entry=3120.2300 → SHORT | long=sl(-5.91%) short=timeout(+5.82%) | scanned=22 | no_tp→fwd_return=-5.9159
  [label] 2022-05-04 08:00 ETHUSDT entry=2843.2400 → SHORT | long=sl(-4.61%) short=tp(+8.91%) | scanned=10 | short_tp_only
  Labels: 1210 long (55.8%), 958 short (44.2%) | weights: min=1.00, mean=3.27, max=10.00
  Features: 2168/2168 matched, 48 columns
  CV gap: 22 rows
  [ensemble 1/3] seed=42
    [trial 0] 48 features, training_days=480 | threshold=0.631 | labels: 1210 long, 958 short (56/44%)
    [CV fold 0] train_end=2020-09-22 08:00 | val_start=2020-09-30 00:00 | gap=184h (22 rows)
    [CV fold 1] train_end=2021-01-20 16:00 | val_start=2021-01-28 08:00 | gap=184h (22 rows)
    [CV fold 2] train_end=2021-05-21 00:00 | val_start=2021-05-28 16:00 | gap=184h (22 rows)
    [CV fold 3] train_end=2021-09-18 08:00 | val_start=2021-09-26 00:00 | gap=184h (22 rows)
    [CV fold 4] train_end=2022-01-16 16:00 | val_start=2022-01-24 08:00 | gap=184h (22 rows)
    [trial 0] Sharpe=0.0114 (folds: 0.1384, -0.0654, -0.1314, 0.0328, 0.0824)
    [trial 1] 48 features, training_days=420 | threshold=0.839 | labels: 1210 long, 958 short (56/44%)
    [trial 1] Sharpe=-3.9320 (folds: 0.5199, -0.0984, -0.0816, -10.0000, -10.0000)
    [trial 2] 48 features, training_days=190 | threshold=0.602 | labels: 1210 long, 958 short (56/44%)
    [trial 2] Sharpe=0.0082 (folds: 0.1877, -0.0854, -0.1140, 0.0322, 0.0204)
    [trial 3] 48 features, training_days=490 | threshold=0.832 | labels: 1210 long, 958 short (56/44%)
    [trial 3] Sharpe=0.0390 (folds: 0.1213, -0.0414, -0.1293, 0.0454, 0.1991)
    [trial 4] 48 features, training_days=340 | threshold=0.591 | labels: 1210 long, 958 short (56/44%)
    [trial 4] Sharpe=-0.0545 (folds: 0.0813, -0.0376, -0.0755, -0.0687, -0.1722)
    [trial 5] 48 features, training_days=50 | threshold=0.823 | labels: 1210 long, 958 short (56/44%)
    [trial 5] Sharpe=0.0323 (folds: -0.1373, 0.1819, -0.1050, 0.1835, 0.0385)
    [trial 6] 48 features, training_days=410 | threshold=0.549 | labels: 1210 long, 958 short (56/44%)
    [trial 6] Sharpe=-0.0046 (folds: -0.0107, -0.0845, -0.0358, 0.0217, 0.0865)
    [trial 7] 48 features, training_days=180 | threshold=0.526 | labels: 1210 long, 958 short (56/44%)
    [trial 7] Sharpe=-0.0054 (folds: 0.0748, -0.0619, -0.1398, 0.1128, -0.0127)[I 2026-06-01 15:43:57,130] Trial 7 finished with value: -0.005370297006855056 and parameters: {'confidence_threshold': 0.5259156281069316, 'training_days': 180, 'n_estimators': 102, 'max_depth': 5, 'num_leaves': 45, 'learning_rate': 0.030816017044468066, 'subsample': 0.5317791751430119, 'colsample_bytree': 0.6554911608578311, 'min_child_samples': 46, 'reg_alpha': 0.036851536911881845, 'reg_lambda': 0.005470376807480391}. Best is trial 3 with value: 0.03901630420832544.
[I 2026-06-01 15:43:57,219] Trial 8 finished with value: 0.044877055258127976 and parameters: {'confidence_threshold': 0.8105244599017143, 'training_days': 240, 'n_estimators': 103, 'max_depth': 5, 'num_leaves': 52, 'learning_rate': 0.06746437142284309, 'subsample': 0.8854835899772805, 'colsample_bytree': 0.7468977981821954, 'min_child_samples': 62, 'reg_alpha': 7.04480806377519e-05, 'reg_lambda': 1.6934490731313353e-08}. Best is trial 8 with value: 0.044877055258127976.
[I 2026-06-01 15:43:57,240] Trial 9 finished with value: -0.13007161580529616 and parameters: {'confidence_threshold': 0.5377619994476566, 'training_days': 20, 'n_estimators': 337, 'max_depth': 3, 'num_leaves': 39, 'learning_rate': 0.21907142272152816, 'subsample': 0.6246461145744375, 'colsample_bytree': 0.7051914615178149, 'min_child_samples': 81, 'reg_alpha': 1.1459970229341322e-06, 'reg_lambda': 4.929685216887945e-08}. Best is trial 8 with value: 0.044877055258127976.
[I 2026-06-01 15:43:57,734] Trial 10 finished with value: -0.025208027380325702 and parameters: {'confidence_threshold': 0.734042426776949, 'training_days': 280, 'n_estimators': 487, 'max_depth': 5, 'num_leaves': 62, 'learning_rate': 0.10432148521337849, 'subsample': 0.9416850669512905, 'colsample_bytree': 0.8120417635861826, 'min_child_samples': 27, 'reg_alpha': 7.238112263003475e-05, 'reg_lambda': 3.3639426888455256e-06}. Best is trial 8 with value: 0.044877055258127976.
[I 2026-06-01 15:43:57,981] Trial 11 finished with value: 0.001641153098593287 and parameters: {'confidence_threshold': 0.7615879655568232, 'training_days': 170, 'n_estimators': 496, 'max_depth': 4, 'num_leaves': 55, 'learning_rate': 0.10448448531784886, 'subsample': 0.8696252151616218, 'colsample_bytree': 0.5602505613527179, 'min_child_samples': 56, 'reg_alpha': 4.379223436569254e-08, 'reg_lambda': 9.74477562314831}. Best is trial 8 with value: 0.044877055258127976.
[I 2026-06-01 15:43:58,206] Trial 12 finished with value: -0.018056014811703498 and parameters: {'confidence_threshold': 0.7683435244955696, 'training_days': 270, 'n_estimators': 398, 'max_depth': 3, 'num_leaves': 15, 'learning_rate': 0.08962717626942573, 'subsample': 0.8361663661711445, 'colsample_bytree': 0.6260653972542471, 'min_child_samples': 30, 'reg_alpha': 1.2422832796199298e-08, 'reg_lambda': 4.931237356704141e-06}. Best is trial 8 with value: 0.044877055258127976.
[I 2026-06-01 15:43:58,420] Trial 13 finished with value: -0.026955551438705195 and parameters: {'confidence_threshold': 0.694422166807498, 'training_days': 350, 'n_estimators': 258, 'max_depth': 4, 'num_leaves': 34, 'learning_rate': 0.22361544567965289, 'subsample': 0.6866291716128416, 'colsample_bytree': 0.8035748095627873, 'min_child_samples': 59, 'reg_alpha': 5.455813891552554e-05, 'reg_lambda': 6.4252658050441624}. Best is trial 8 with value: 0.044877055258127976.
[I 2026-06-01 15:43:58,648] Trial 14 finished with value: 0.09804718564846754 and parameters: {'confidence_threshold': 0.8123476265205527, 'training_days': 500, 'n_estimators': 315, 'max_depth': 4, 'num_leaves': 50, 'learning_rate': 0.06371316850921271, 'subsample': 0.8799959323124845, 'colsample_bytree': 0.5997264910441401, 'min_child_samples': 87, 'reg_alpha': 6.243069797304175, 'reg_lambda': 0.1630740047818842}. Best is trial 14 with value: 0.09804718564846754.
[I 2026-06-01 15:43:58,741] Trial 15 finished with value: 0.0017467718435793562 and parameters: {'confidence_threshold': 0.7897255408101392, 'training_days': 130, 'n_estimators': 309, 'max_depth': 4, 'num_leaves': 49, 'learning_rate': 0.010312469746998797, 'subsample': 0.903423411427939, 'colsample_bytree': 0.7889386051290964, 'min_child_samples': 99, 'reg_alpha': 0.9815602184043841, 'reg_lambda': 2.7414781485337236e-05}. Best is trial 14 with value: 0.09804718564846754.
[I 2026-06-01 15:43:58,895] Trial 16 finished with value: -0.0012681272870475268 and parameters: {'confidence_threshold': 0.7036336592591417, 'training_days': 320, 'n_estimators': 197, 'max_depth': 5, 'num_leaves': 60, 'learning_rate': 0.05827860252954493, 'subsample': 0.9988739738528196, 'colsample_bytree': 0.632035183231185, 'min_child_samples': 85, 'reg_alpha': 0.00043095139557057635, 'reg_lambda': 0.04867355360742981}. Best is trial 14 with value: 0.09804718564846754.
[I 2026-06-01 15:43:59,028] Trial 17 finished with value: 0.018342033120025896 and parameters: {'confidence_threshold': 0.653355445300264, 'training_days': 230, 'n_estimators': 303, 'max_depth': 4, 'num_leaves': 56, 'learning_rate': 0.16522729299476824, 'subsample': 0.8260668372385677, 'colsample_bytree': 0.9956385980717998, 'min_child_samples': 88, 'reg_alpha': 8.549636763180313, 'reg_lambda': 4.15396354753112e-05}. Best is trial 14 with value: 0.09804718564846754.
[I 2026-06-01 15:43:59,170] A new study created in memory with name: no-name-731fef1b-e025-48cf-af92-83b614deb6f8
[I 2026-06-01 15:43:59,266] Trial 0 finished with value: -0.043500178505404094 and parameters: {'confidence_threshold': 0.7437642149592516, 'training_days': 150, 'n_estimators': 152, 'max_depth': 4, 'num_leaves': 50, 'learning_rate': 0.04216766425047743, 'subsample': 0.9903820991923078, 'colsample_bytree': 0.8424148692924316, 'min_child_samples': 58, 'reg_alpha': 3.381097259762742e-05, 'reg_lambda': 1.2263152961306247e-05}. Best is trial 0 with value: -0.043500178505404094.
[I 2026-06-01 15:43:59,327] Trial 1 finished with value: -1.7699980778167075 and parameters: {'confidence_threshold': 0.7551673975844145, 'training_days': 220, 'n_estimators': 76, 'max_depth': 4, 'num_leaves': 51, 'learning_rate': 0.018602118810743477, 'subsample': 0.5877258780737462, 'colsample_bytree': 0.7657756869209191, 'min_child_samples': 63, 'reg_alpha': 0.005123994170264194, 'reg_lambda': 0.44145470178120466}. Best is trial 0 with value: -0.043500178505404094.
[I 2026-06-01 15:43:59,561] Trial 2 finished with value: -0.012936667325683854 and parameters: {'confidence_threshold': 0.7535593637012223, 'training_days': 310, 'n_estimators': 375, 'max_depth': 3, 'num_leaves': 32, 'learning_rate': 0.021735641882032388, 'subsample': 0.6468570231944146, 'colsample_bytree': 0.8154880619272439, 'min_child_samples': 27, 'reg_alpha': 8.004064028491336e-05, 'reg_lambda': 7.546835261630524e-05}. Best is trial 2 with value: -0.012936667325683854.
[I 2026-06-01 15:43:59,724] Trial 3 finished with value: 0.012692695750162889 and parameters: {'confidence_threshold': 0.6727897841776072, 'training_days': 220, 'n_estimators': 190, 'max_depth': 4, 'num_leaves': 58, 'learning_rate': 0.24810689332636193, 'subsample': 0.7509183379421682, 'colsample_bytree': 0.8119764758960556, 'min_child_samples': 29, 'reg_alpha': 7.1708285081421445e-06, 'reg_lambda': 5.412973582738627e-05}. Best is trial 3 with value: 0.012692695750162889.
[I 2026-06-01 15:43:59,834] Trial 4 finished with value: 0.034581413251220085 and parameters: {'confidence_threshold': 0.803208205259178, 'training_days': 130, 'n_estimators': 267, 'max_depth': 5, 'num_leaves': 40, 'learning_rate': 0.08041175317374143, 'subsample': 0.5603143329951619, 'colsample_bytree': 0.9131704002534167, 'min_child_samples': 68, 'reg_alpha': 0.0008046593428183385, 'reg_lambda': 1.2158346158765583e-05}. Best is trial 4 with value: 0.034581413251220085.
[I 2026-06-01 15:44:00,046] Trial 5 finished with value: 0.01517987700271185 and parameters: {'confidence_threshold': 0.6064422761595144, 'training_days': 210, 'n_estimators': 357, 'max_depth': 5, 'num_leaves': 40, 'learning_rate': 0.0974221287220869, 'subsample': 0.7929682762811064, 'colsample_bytree': 0.8124517510478, 'min_child_samples': 74, 'reg_alpha': 0.3811377260781234, 'reg_lambda': 5.607314238392041e-08}. Best is trial 4 with value: 0.034581413251220085.
[I 2026-06-01 15:44:00,138] Trial 6 finished with value: -0.010743125022460009 and parameters: {'confidence_threshold': 0.7672889945051684, 'training_days': 130, 'n_estimators': 137, 'max_depth': 4, 'num_leaves': 19, 'learning_rate': 0.2031117614248665, 'subsample': 0.8136244860256343, 'colsample_bytree': 0.8617081790949774, 'min_child_samples': 21, 'reg_alpha': 0.002238138278733199, 'reg_lambda': 0.001025809534977322}. Best is trial 4 with value: 0.034581413251220085.
[I 2026-06-01 15:44:00,199] Trial 7 finished with value: 0.0159166426225829 and parameters: {'confidence_threshold': 0.555635875450653, 'training_days': 80, 'n_estimators': 363, 'max_depth': 3, 'num_leaves': 48, 'learning_rate': 0.06590089024008658, 'subsample': 0.6944752870615722, 'colsample_bytree': 0.962566244806993, 'min_child_samples': 88, 'reg_alpha': 1.6465620446426067e-05, 'reg_lambda': 2.4678750890085655e-08}. Best is trial 4 with value: 0.034581413251220085.
[I 2026-06-01 15:44:00,506] Trial 8 finished with value: 0.01685237058866677 and parameters: {'confidence_threshold': 0.6066688256938841, 'training_days': 200, 'n_estimators': 367, 'max_depth': 5, 'num_leaves': 32, 'learning_rate': 0.13377519215934996, 'subsample': 0.7965884582811106, 'colsample_bytree': 0.8458508993500886, 'min_child_samples': 32, 'reg_alpha': 3.889436043816386e-05, 'reg_lambda': 1.4713062489380356e-06}. Best is trial 4 with value: 0.034581413251220085.
[I 2026-06-01 15:44:00,702] Trial 9 finished with value: 0.014815174010287535 and parameters: {'confidence_threshold': 0.6202096049169137, 'training_days': 260, 'n_estimators': 350, 'max_depth': 3, 'num_leaves': 21, 'learning_rate': 0.02989540198065364, 'subsample': 0.8307821683331218, 'colsample_bytree': 0.923253112635361, 'min_child_samples': 64, 'reg_alpha': 0.4898604619604203, 'reg_lambda': 2.9076377687066166e-05}. Best is trial 4 with value: 0.034581413251220085.
[I 2026-06-01 15:44:01,051] Trial 10 finished with value: -1.7586782299431358 and parameters: {'confidence_threshold': 0.8445241688507242, 'training_days': 470, 'n_estimators': 493, 'max_depth': 5, 'num_leaves': 63, 'learning_rate': 0.010221918552934462, 'subsample': 0.5019190721168774, 'colsample_bytree': 0.6202684210924141, 'min_child_samples': 99, 'reg_alpha': 1.9942621118187622e-08, 'reg_lambda': 0.0201634475791616}. Best is trial 4 with value: 0.034581413251220085.
[I 2026-06-01 15:44:01,078] Trial 11 finished with value: -0.03462512269700174 and parameters: {'confidence_threshold': 0.5130958894507832, 'training_days': 30, 'n_estimators': 255, 'max_depth': 5, 'num_leaves': 32, 'learning_rate': 0.12199762873742671, 'subsample': 0.9210530603260193, 'colsample_bytree': 0.6658835715594592, 'min_child_samples': 44, 'reg_alpha': 4.28336488974334e-07, 'reg_lambda': 6.470692703374516e-07}. Best is trial 4 with value: 0.034581413251220085.
[I 2026-06-01 15:44:01,317] Trial 12 finished with value: -0.00516261177124648 and parameters: {'confidence_threshold': 0.830632524875604, 'training_days': 360, 'n_estimators': 260, 'max_depth': 5, 'num_leaves': 34, 'learning_rate': 0.11903396041010195, 'subsample': 0.5325573395575733, 'colsample_bytree': 0.5201164353688423, 'min_child_samples': 45, 'reg_alpha': 0.007803566879593233, 'reg_lambda': 7.796589835036051e-07}. Best is trial 4 with value: 0.034581413251220085.
[I 2026-06-01 15:44:01,350] Trial 13 finished with value: -4.034273944542691 and parameters: {'confidence_threshold': 0.66785304776334, 'training_days': 10, 'n_estimators': 475, 'max_depth': 5, 'num_leaves': 26, 'learning_rate': 0.06910557097515196, 'subsample': 0.6692276593280039, 'colsample_bytree': 0.9141095054883511, 'min_child_samples': 48, 'reg_alpha': 8.23820059434164e-07, 'reg_lambda': 0.0038139884336564453}. Best is trial 4 with value: 0.034581413251220085.
[I 2026-06-01 15:44:01,536] Trial 14 finished with value: 0.01217089053160202 and parameters: {'confidence_threshold': 0.6066442090000221, 'training_days': 150, 'n_estimators': 419, 'max_depth': 5, 'num_leaves': 42, 'learning_rate': 0.17769396482476296, 'subsample': 0.878228037179165, 'colsample_bytree': 0.9951780710339017, 'min_child_samples': 76, 'reg_alpha': 0.000938266511305414, 'reg_lambda': 1.2102325862348229e-06}. Best is trial 4 with value: 0.034581413251220085.
[I 2026-06-01 15:44:01,676] Trial 15 finished with value: -0.0027400063792475783 and parameters: {'confidence_threshold': 0.7114655608346976, 'training_days': 90, 'n_estimators': 300, 'max_depth': 5, 'num_leaves': 25, 'learning_rate': 0.044428240821058104, 'subsample': 0.6126593472035674, 'colsample_bytree': 0.733468070624666, 'min_child_samples': 35, 'reg_alpha': 0.018188481815116102, 'reg_lambda': 3.5532501480887757}. Best is trial 4 with value: 0.034581413251220085.
[I 2026-06-01 15:44:01,898] Trial 16 finished with value: 0.03705405720575558 and parameters: {'confidence_threshold': 0.795591618621315, 'training_days': 370, 'n_estimators': 293, 'max_depth': 4, 'num_leaves': 15, 'learning_rate': 0.0799789559328079, 'subsample': 0.7311916895834284, 'colsample_bytree': 0.8977918609478408, 'min_child_samples': 80, 'reg_alpha': 3.433399905162048, 'reg_lambda': 2.6392709501902145e-06}. Best is trial 16 with value: 0.03705405720575558.
