[I 2026-06-01 15:49:38,170] Trial 3 finished with value: 0.06530133252708473 and parameters: {'confidence_threshold': 0.6727897841776072, 'training_days': 220, 'n_estimators': 190, 'max_depth': 4, 'num_leaves': 58, 'learning_rate': 0.24810689332636193, 'subsample': 0.7509183379421682, 'colsample_bytree': 0.8119764758960556, 'min_child_samples': 29, 'reg_alpha': 7.1708285081421445e-06, 'reg_lambda': 5.412973582738627e-05}. Best is trial 0 with value: 0.08828558539047823.

  [label] 2023-04-03 16:00 ETHUSDT entry=1809.6800 → LONG | long=timeout(+5.38%) short=sl(-3.91%) | scanned=22 | no_tp→fwd_return=+5.4827
  [label] 2023-04-06 00:00 ETHUSDT entry=1878.3500 → LONG | long=timeout(+2.18%) short=timeout(-2.38%) | scanned=22 | no_tp→fwd_return=+2.2759
  [label] 2023-04-09 16:00 ETHUSDT entry=1857.8400 → LONG | long=tp(+6.12%) short=sl(-3.21%) | scanned=11 | long_tp_only
  [label] 2023-05-04 08:00 ETHUSDT entry=1884.5900 → LONG | long=tp(+7.15%) short=sl(-3.72%) | scanned=5 | long_tp_only
  [label] 2023-06-26 00:00 ETHUSDT entry=1891.5000 → LONG | long=sl(-3.84%) short=sl(-3.84%) | scanned=20 | no_tp→fwd_return=+2.4420
  [label] 2023-12-09 00:00 ETHUSDT entry=2385.4000 → SHORT | long=sl(-4.06%) short=tp(+7.82%) | scanned=6 | short_tp_only
  [label] 2023-12-13 00:00 ETHUSDT entry=2174.4400 → LONG | long=timeout(+1.89%) short=sl(-4.95%) | scanned=22 | no_tp→fwd_return=+1.9890
  [label] 2023-12-23 16:00 ETHUSDT entry=2309.8600 → LONG | long=sl(-4.25%) short=sl(-4.25%) | scanned=13 | no_tp→fwd_return=+3.1690
  [label] 2024-02-06 16:00 ETHUSDT entry=2371.7400 → LONG | long=tp(+5.73%) short=sl(-3.02%) | scanned=8 | long_tp_only
  [label] 2024-02-15 08:00 ETHUSDT entry=2828.3500 → LONG | long=timeout(+5.56%) short=sl(-4.22%) | scanned=22 | no_tp→fwd_return=+5.6563
  [label] 2024-05-15 16:00 ETHUSDT entry=3030.6600 → LONG | long=tp(+7.47%) short=sl(-3.88%) | scanned=15 | long_tp_only
  [label] 2024-06-16 16:00 ETHUSDT entry=3622.9600 → SHORT | long=sl(-3.86%) short=tp(+7.42%) | scanned=4 | short_tp_only
  [label] 2024-07-03 00:00 ETHUSDT entry=3351.1100 → SHORT | long=sl(-3.20%) short=tp(+6.09%) | scanned=4 | short_tp_only
  [label] 2024-07-15 16:00 ETHUSDT entry=3481.6200 → SHORT | long=timeout(-1.35%) short=timeout(+1.15%) | scanned=22 | no_tp→fwd_return=-1.2506
  [label] 2024-08-03 00:00 ETHUSDT entry=2982.4200 → SHORT | long=sl(-5.92%) short=tp(+11.54%) | scanned=5 | short_tp_only
  [label] 2024-08-09 08:00 ETHUSDT entry=2557.3300 → LONG | long=timeout(+0.30%) short=timeout(-0.50%) | scanned=22 | no_tp→fwd_return=+0.3977
  [label] 2024-08-21 16:00 ETHUSDT entry=2629.3800 → SHORT | long=sl(-4.94%) short=sl(-4.94%) | scanned=18 | no_tp→fwd_return=-6.5947
  [label] 2024-09-30 08:00 ETHUSDT entry=2595.0500 → SHORT | long=sl(-3.46%) short=tp(+6.62%) | scanned=4 | short_tp_only
  [label] 2024-10-10 00:00 ETHUSDT entry=2394.5600 → LONG | long=tp(+8.35%) short=sl(-4.33%) | scanned=13 | long_tp_only
  [label] 2025-01-04 08:00 ETHUSDT entry=3606.4400 → SHORT | long=sl(-3.90%) short=sl(-3.90%) | scanned=9 | no_tp→fwd_return=-4.0270
  Labels: 1116 long (51.4%), 1055 short (48.6%) | weights: min=1.00, mean=4.23, max=10.00
  Features: 2171/2171 matched, 48 columns
  CV gap: 22 rows
  [ensemble 1/3] seed=42
    [trial 0] 48 features, training_days=480 | threshold=0.631 | labels: 1116 long, 1055 short (51/49%)
    [CV fold 0] train_end=2023-05-26 08:00 | val_start=2023-06-03 00:00 | gap=184h (22 rows)
    [CV fold 1] train_end=2023-09-23 16:00 | val_start=2023-10-01 08:00 | gap=184h (22 rows)
    [CV fold 2] train_end=2024-01-22 00:00 | val_start=2024-01-29 16:00 | gap=184h (22 rows)
    [CV fold 3] train_end=2024-05-21 08:00 | val_start=2024-05-29 00:00 | gap=184h (22 rows)
    [CV fold 4] train_end=2024-09-18 16:00 | val_start=2024-09-26 08:00 | gap=184h (22 rows)
    [trial 0] Sharpe=0.0299 (folds: -0.0134, 0.3239, 0.0160, -0.0535, -0.1233)
    [trial 1] 48 features, training_days=420 | threshold=0.839 | labels: 1116 long, 1055 short (51/49%)
    [trial 1] Sharpe=-3.9502 (folds: -0.0404, 0.2634, 0.0260, -10.0000, -10.0000)
    [trial 2] 48 features, training_days=190 | threshold=0.602 | labels: 1116 long, 1055 short (51/49%)
    [trial 2] Sharpe=0.0663 (folds: 0.0352, 0.1961, 0.1061, 0.0294, -0.0354)
    [trial 3] 48 features, training_days=490 | threshold=0.832 | labels: 1116 long, 1055 short (51/49%)
    [trial 3] Sharpe=0.0303 (folds: -0.0737, 0.2057, -0.0162, 0.0245, 0.0110)
    [trial 4] 48 features, training_days=340 | threshold=0.591 | labels: 1116 long, 1055 short (51/49%)
    [trial 4] Sharpe=0.0682 (folds: 0.0607, 0.3147, -0.0044, -0.0683, 0.0383)
    [trial 5] 48 features, training_days=50 | threshold=0.823 | labels: 1116 long, 1055 short (51/49%)
    [trial 5] Sharpe=0.0313 (folds: 0.2263, 0.0314, 0.1054, -0.2897, 0.0833)
    [trial 6] 48 features, training_days=410 | threshold=0.549 | labels: 1116 long, 1055 short (51/49%)
    [trial 6] Sharpe=0.0355 (folds: -0.0405, 0.2893, 0.0402, -0.0900, -0.0216)
    [trial 7] 48 features, training_days=180 | threshold=0.526 | labels: 1116 long, 1055 short (51/49%)
    [trial 7] Sharpe=0.0853 (folds: 0.0922, 0.2234, 0.0768, 0.0343, -0.0001)
    [trial 8] 48 features, training_days=240 | threshold=0.811 | labels: 1116 long, 1055 short (51/49%)
    [trial 8] Sharpe=0.0622 (folds: 0.0806, 0.2477, 0.0501, -0.0631, -0.0044)
    [trial 9] 48 features, training_days=20 | threshold=0.538 | labels: 1116 long, 1055 short (51/49%)
    [trial 9] Sharpe=-4.0419 (folds: -10.0000, -10.0000, -0.1336, -0.1925, 0.1164)
    [trial 10] 48 features, training_days=140 | threshold=0.680 | labels: 1116 long, 1055 short (51/49%)
    [trial 10] Sharpe=0.0971 (folds: 0.1769, 0.2897, 0.1134, -0.1269, 0.0321)
    [trial 11] 48 features, training_days=150 | threshold=0.716 | labels: 1116 long, 1055 short (51/49%)
    [trial 11] Sharpe=0.1367 (folds: 0.2834, 0.2937, 0.1138, -0.0750, 0.0676)
    [trial 12] 48 features, training_days=100 | threshold=0.732 | labels: 1116 long, 1055 short (51/49%)
    [trial 12] Sharpe=0.0486 (folds: 0.1059, 0.2075, 0.0787, -0.0443, -0.1048)
    [trial 13] 48 features, training_days=130 | threshold=0.714 | labels: 1116 long, 1055 short (51/49%)
    [trial 13] Sharpe=0.1096 (folds: 0.2664, 0.2244, 0.1117, -0.0856, 0.0311)
    [trial 14] 48 features, training_days=280 | threshold=0.747 | labels: 1116 long, 1055 short (51/49%)
    [trial 14] Sharpe=0.0550 (folds: 0.1872, 0.1390, 0.0486, -0.1226, 0.0227)
    [trial 15] 48 features, training_days=90 | threshold=0.711 | labels: 1116 long, 1055 short (51/49%)
    [trial 15] Sharpe=0.0285 (folds: -0.0056, -0.0501, 0.1397, 0.0677, -0.0093)
    [trial 16] 48 features, training_days=260 | threshold=0.763 | labels: 1116 long, 1055 short (51/49%)
    [trial 16] Sharpe=0.0727 (folds: 0.2108, 0.1396, 0.0305, -0.0389, 0.0215)
    [trial 17] 48 features, training_days=170 | threshold=0.665 | labels: 1116 long, 1055 short (51/49%)
    [trial 17] Sharpe=0.0465 (folds: 0.1066, 0.2154, 0.0672, -0.0996, -0.0570)
  Optuna: 18 trials, best Sharpe = 0.1367
  Best params: n_estimators=462, max_depth=5, lr=0.0107, leaves=61
  Best confidence_threshold: 0.716
  Best training_days: 150
  Retrained on full data (450 samples, 48 features)
  [ensemble 2/3] seed=123
    [trial 0] 48 features, training_days=150 | threshold=0.744 | labels: 1116 long, 1055 short (51/49%)
    [CV fold 0] train_end=2023-05-26 08:00 | val_start=2023-06-03 00:00 | gap=184h (22 rows)
    [CV fold 1] train_end=2023-09-23 16:00 | val_start=2023-10-01 08:00 | gap=184h (22 rows)
    [CV fold 2] train_end=2024-01-22 00:00 | val_start=2024-01-29 16:00 | gap=184h (22 rows)
    [CV fold 3] train_end=2024-05-21 08:00 | val_start=2024-05-29 00:00 | gap=184h (22 rows)
    [CV fold 4] train_end=2024-09-18 16:00 | val_start=2024-09-26 08:00 | gap=184h (22 rows)
    [trial 0] Sharpe=0.0883 (folds: 0.0845, 0.3059, 0.1401, -0.0517, -0.0373)
    [trial 1] 48 features, training_days=220 | threshold=0.755 | labels: 1116 long, 1055 short (51/49%)
    [trial 1] Sharpe=-1.8981 (folds: -10.0000, 0.2937, 0.2135, -0.2704, 0.2726)
    [trial 2] 48 features, training_days=310 | threshold=0.754 | labels: 1116 long, 1055 short (51/49%)
    [trial 2] Sharpe=0.0436 (folds: 0.1933, 0.1713, 0.0065, -0.0803, -0.0729)
    [trial 3] 48 features, training_days=220 | threshold=0.673 | labels: 1116 long, 1055 short (51/49%)
    [trial 3] Sharpe=0.0653 (folds: 0.1147, 0.2122, 0.0544, -0.0048, -0.0499)
    [trial 4] 48 features, training_days=130 | threshold=0.803 | labels: 1116 long, 1055 short (51/49%)
    [trial 4] Sharpe=0.0425 (folds: -0.0627, 0.2291, 0.2177, -0.1393, -0.0321)[I 2026-06-01 15:49:38,311] Trial 4 finished with value: 0.04252261980756293 and parameters: {'confidence_threshold': 0.803208205259178, 'training_days': 130, 'n_estimators': 267, 'max_depth': 5, 'num_leaves': 40, 'learning_rate': 0.08041175317374143, 'subsample': 0.5603143329951619, 'colsample_bytree': 0.9131704002534167, 'min_child_samples': 68, 'reg_alpha': 0.0008046593428183385, 'reg_lambda': 1.2158346158765583e-05}. Best is trial 0 with value: 0.08828558539047823.
[I 2026-06-01 15:49:38,564] Trial 5 finished with value: 0.040341621242745 and parameters: {'confidence_threshold': 0.6064422761595144, 'training_days': 210, 'n_estimators': 357, 'max_depth': 5, 'num_leaves': 40, 'learning_rate': 0.0974221287220869, 'subsample': 0.7929682762811064, 'colsample_bytree': 0.8124517510478, 'min_child_samples': 74, 'reg_alpha': 0.3811377260781234, 'reg_lambda': 5.607314238392041e-08}. Best is trial 0 with value: 0.08828558539047823.
[I 2026-06-01 15:49:38,681] Trial 6 finished with value: 0.08402327378796406 and parameters: {'confidence_threshold': 0.7672889945051684, 'training_days': 130, 'n_estimators': 137, 'max_depth': 4, 'num_leaves': 19, 'learning_rate': 0.2031117614248665, 'subsample': 0.8136244860256343, 'colsample_bytree': 0.8617081790949774, 'min_child_samples': 21, 'reg_alpha': 0.002238138278733199, 'reg_lambda': 0.001025809534977322}. Best is trial 0 with value: 0.08828558539047823.
[I 2026-06-01 15:49:38,773] Trial 7 finished with value: 0.09721053045114993 and parameters: {'confidence_threshold': 0.555635875450653, 'training_days': 80, 'n_estimators': 363, 'max_depth': 3, 'num_leaves': 48, 'learning_rate': 0.06590089024008658, 'subsample': 0.6944752870615722, 'colsample_bytree': 0.962566244806993, 'min_child_samples': 88, 'reg_alpha': 1.6465620446426067e-05, 'reg_lambda': 2.4678750890085655e-08}. Best is trial 7 with value: 0.09721053045114993.
[I 2026-06-01 15:49:39,133] Trial 8 finished with value: 0.06360425493714417 and parameters: {'confidence_threshold': 0.6066688256938841, 'training_days': 200, 'n_estimators': 367, 'max_depth': 5, 'num_leaves': 32, 'learning_rate': 0.13377519215934996, 'subsample': 0.7965884582811106, 'colsample_bytree': 0.8458508993500886, 'min_child_samples': 32, 'reg_alpha': 3.889436043816386e-05, 'reg_lambda': 1.4713062489380356e-06}. Best is trial 7 with value: 0.09721053045114993.
[I 2026-06-01 15:49:39,378] Trial 9 finished with value: 0.07706016908307178 and parameters: {'confidence_threshold': 0.6202096049169137, 'training_days': 260, 'n_estimators': 350, 'max_depth': 3, 'num_leaves': 21, 'learning_rate': 0.02989540198065364, 'subsample': 0.8307821683331218, 'colsample_bytree': 0.923253112635361, 'min_child_samples': 64, 'reg_alpha': 0.4898604619604203, 'reg_lambda': 2.9076377687066166e-05}. Best is trial 7 with value: 0.09721053045114993.
[I 2026-06-01 15:49:39,411] Trial 10 finished with value: -0.05710853344507549 and parameters: {'confidence_threshold': 0.5248809389721337, 'training_days': 10, 'n_estimators': 493, 'max_depth': 3, 'num_leaves': 63, 'learning_rate': 0.010221918552934462, 'subsample': 0.667749445701178, 'colsample_bytree': 0.6202684210924141, 'min_child_samples': 99, 'reg_alpha': 1.3884210513841762e-08, 'reg_lambda': 0.02273343343290072}. Best is trial 7 with value: 0.09721053045114993.
[I 2026-06-01 15:49:39,604] Trial 11 finished with value: 0.060473392745832286 and parameters: {'confidence_threshold': 0.5077463503498806, 'training_days': 480, 'n_estimators': 245, 'max_depth': 3, 'num_leaves': 49, 'learning_rate': 0.047907454503262954, 'subsample': 0.9939949979825393, 'colsample_bytree': 0.9864508096204552, 'min_child_samples': 89, 'reg_alpha': 6.406297885587639e-07, 'reg_lambda': 1.0031010917688901e-08}. Best is trial 7 with value: 0.09721053045114993.
[I 2026-06-01 15:49:39,635] Trial 12 finished with value: -0.05710853344507549 and parameters: {'confidence_threshold': 0.66034247783242, 'training_days': 10, 'n_estimators': 459, 'max_depth': 4, 'num_leaves': 48, 'learning_rate': 0.046905974008408464, 'subsample': 0.9918302937157114, 'colsample_bytree': 0.6669454130036883, 'min_child_samples': 47, 'reg_alpha': 5.828909593622513e-07, 'reg_lambda': 4.2084308291483265e-07}. Best is trial 7 with value: 0.09721053045114993.
[I 2026-06-01 15:49:39,686] Trial 13 finished with value: 0.05438228469967356 and parameters: {'confidence_threshold': 0.7129257884245761, 'training_days': 120, 'n_estimators': 53, 'max_depth': 3, 'num_leaves': 55, 'learning_rate': 0.06910557097515196, 'subsample': 0.9227064439647955, 'colsample_bytree': 0.5443982906148261, 'min_child_samples': 47, 'reg_alpha': 2.026620404672971e-06, 'reg_lambda': 0.0031247055541074147}. Best is trial 7 with value: 0.09721053045114993.
[I 2026-06-01 15:49:39,742] Trial 14 finished with value: -0.009282976885265009 and parameters: {'confidence_threshold': 0.5659608707226916, 'training_days': 70, 'n_estimators': 181, 'max_depth': 4, 'num_leaves': 43, 'learning_rate': 0.03442741182013394, 'subsample': 0.8891415662862411, 'colsample_bytree': 0.9983252119032336, 'min_child_samples': 80, 'reg_alpha': 2.382456714227536e-08, 'reg_lambda': 1.225712991181481e-06}. Best is trial 7 with value: 0.09721053045114993.
[I 2026-06-01 15:49:40,056] Trial 15 finished with value: 0.03376350888852526 and parameters: {'confidence_threshold': 0.8260782159980345, 'training_days': 340, 'n_estimators': 300, 'max_depth': 4, 'num_leaves': 32, 'learning_rate': 0.12590433810309265, 'subsample': 0.7003765342079638, 'colsample_bytree': 0.9196658871153959, 'min_child_samples': 50, 'reg_alpha': 0.012726486074698236, 'reg_lambda': 3.5532501480887824}. Best is trial 7 with value: 0.09721053045114993.
[I 2026-06-01 15:49:40,097] Trial 16 finished with value: -10.0 and parameters: {'confidence_threshold': 0.7142986078095346, 'training_days': 60, 'n_estimators': 420, 'max_depth': 3, 'num_leaves': 45, 'learning_rate': 0.058462841019195015, 'subsample': 0.5063548593794533, 'colsample_bytree': 0.6996829246153895, 'min_child_samples': 85, 'reg_alpha': 3.0060683462574557e-05, 'reg_lambda': 9.572041671467815e-08}. Best is trial 7 with value: 0.09721053045114993.
[I 2026-06-01 15:49:40,159] Trial 17 finished with value: -0.0017705611760211906 and parameters: {'confidence_threshold': 0.5563240395453367, 'training_days': 90, 'n_estimators': 142, 'max_depth': 5, 'num_leaves': 55, 'learning_rate': 0.03384621832572817, 'subsample': 0.8835828296167385, 'colsample_bytree': 0.938137711056734, 'min_child_samples': 99, 'reg_alpha': 7.284070645541434, 'reg_lambda': 3.703419756390824e-06}. Best is trial 7 with value: 0.09721053045114993.
[I 2026-06-01 15:49:40,571] A new study created in memory with name: no-name-84865976-7239-41fc-866b-f93c0fb14eff
[I 2026-06-01 15:49:40,797] Trial 0 finished with value: 0.015804244508594308 and parameters: {'confidence_threshold': 0.5870645682749857, 'training_days': 90, 'n_estimators': 403, 'max_depth': 5, 'num_leaves': 45, 'learning_rate': 0.0780457193679974, 'subsample': 0.9428509515574568, 'colsample_bytree': 0.8795587339164916, 'min_child_samples': 34, 'reg_alpha': 2.2465901234314442e-07, 'reg_lambda': 8.339007036475363e-05}. Best is trial 0 with value: 0.015804244508594308.
[I 2026-06-01 15:49:40,921] Trial 1 finished with value: 0.04934067829776538 and parameters: {'confidence_threshold': 0.6348453934275313, 'training_days': 290, 'n_estimators': 115, 'max_depth': 5, 'num_leaves': 37, 'learning_rate': 0.06949568759029946, 'subsample': 0.8228505074024268, 'colsample_bytree': 0.8616703220431751, 'min_child_samples': 75, 'reg_alpha': 4.2486822725010923e-07, 'reg_lambda': 1.157247767047042e-07}. Best is trial 1 with value: 0.04934067829776538.
[I 2026-06-01 15:49:40,942] Trial 2 finished with value: -0.05710853344507549 and parameters: {'confidence_threshold': 0.5849570384370288, 'training_days': 10, 'n_estimators': 212, 'max_depth': 3, 'num_leaves': 41, 'learning_rate': 0.18452095998378365, 'subsample': 0.6001060822924371, 'colsample_bytree': 0.5673167293506167, 'min_child_samples': 37, 'reg_alpha': 5.733250064217131, 'reg_lambda': 0.5308454292595461}. Best is trial 1 with value: 0.04934067829776538.
[I 2026-06-01 15:49:41,028] Trial 3 finished with value: 0.05879615301497858 and parameters: {'confidence_threshold': 0.6868248626683718, 'training_days': 220, 'n_estimators': 134, 'max_depth': 3, 'num_leaves': 45, 'learning_rate': 0.033529007907491595, 'subsample': 0.8647277071858408, 'colsample_bytree': 0.778494116634046, 'min_child_samples': 96, 'reg_alpha': 2.409409937265785e-07, 'reg_lambda': 1.1642073478060009}. Best is trial 3 with value: 0.05879615301497858.
[I 2026-06-01 15:49:41,119] Trial 4 finished with value: 0.10177813792213256 and parameters: {'confidence_threshold': 0.5623121348350352, 'training_days': 300, 'n_estimators': 69, 'max_depth': 4, 'num_leaves': 32, 'learning_rate': 0.14967629360700346, 'subsample': 0.5054535233636654, 'colsample_bytree': 0.7401385194659216, 'min_child_samples': 27, 'reg_alpha': 1.4212042567426725e-07, 'reg_lambda': 0.23605753701352003}. Best is trial 4 with value: 0.10177813792213256.
[I 2026-06-01 15:49:41,587] Trial 5 finished with value: 0.030000243144691536 and parameters: {'confidence_threshold': 0.7111850244908446, 'training_days': 490, 'n_estimators': 362, 'max_depth': 5, 'num_leaves': 40, 'learning_rate': 0.05960785724162737, 'subsample': 0.5589714368907717, 'colsample_bytree': 0.6659006943232806, 'min_child_samples': 42, 'reg_alpha': 0.6741360303045295, 'reg_lambda': 6.054601607143087e-08}. Best is trial 4 with value: 0.10177813792213256.
[I 2026-06-01 15:49:41,777] Trial 6 finished with value: 0.06938529887464939 and parameters: {'confidence_threshold': 0.667482545748023, 'training_days': 420, 'n_estimators': 279, 'max_depth': 3, 'num_leaves': 45, 'learning_rate': 0.040099592560849204, 'subsample': 0.8563114696415159, 'colsample_bytree': 0.5442917781944105, 'min_child_samples': 50, 'reg_alpha': 1.6407916423707903e-08, 'reg_lambda': 2.935907642973286e-05}. Best is trial 4 with value: 0.10177813792213256.
[I 2026-06-01 15:49:41,932] Trial 7 finished with value: 0.02533417524550985 and parameters: {'confidence_threshold': 0.5497381024139926, 'training_days': 120, 'n_estimators': 408, 'max_depth': 5, 'num_leaves': 38, 'learning_rate': 0.28049122657745795, 'subsample': 0.8806573338635493, 'colsample_bytree': 0.5454054113547102, 'min_child_samples': 63, 'reg_alpha': 0.01263008637940408, 'reg_lambda': 0.04588020805366937}. Best is trial 4 with value: 0.10177813792213256.
[I 2026-06-01 15:49:42,241] Trial 8 finished with value: 0.018325032761950154 and parameters: {'confidence_threshold': 0.719644804808716, 'training_days': 450, 'n_estimators': 410, 'max_depth': 4, 'num_leaves': 57, 'learning_rate': 0.04022026551478857, 'subsample': 0.5336085426932707, 'colsample_bytree': 0.5705742850577543, 'min_child_samples': 100, 'reg_alpha': 5.916398047912201e-07, 'reg_lambda': 0.9794034214488329}. Best is trial 4 with value: 0.10177813792213256.
[I 2026-06-01 15:49:42,266] Trial 9 finished with value: -4.041932261108761 and parameters: {'confidence_threshold': 0.7267463643917187, 'training_days': 20, 'n_estimators': 337, 'max_depth': 5, 'num_leaves': 23, 'learning_rate': 0.022153031811454605, 'subsample': 0.6305627572358737, 'colsample_bytree': 0.6613413774216214, 'min_child_samples': 81, 'reg_alpha': 5.7638634029410314e-08, 'reg_lambda': 8.26603016764008}. Best is trial 4 with value: 0.10177813792213256.
[I 2026-06-01 15:49:42,361] Trial 10 finished with value: 0.04479839244439215 and parameters: {'confidence_threshold': 0.8398533911817929, 'training_days': 320, 'n_estimators': 52, 'max_depth': 4, 'num_leaves': 15, 'learning_rate': 0.1708019296390162, 'subsample': 0.7130289643560688, 'colsample_bytree': 0.9944479338273263, 'min_child_samples': 23, 'reg_alpha': 6.837313901272251e-05, 'reg_lambda': 0.007549769720510555}. Best is trial 4 with value: 0.10177813792213256.
[I 2026-06-01 15:49:42,547] Trial 11 finished with value: -0.134878342847008 and parameters: {'confidence_threshold': 0.7923497887859746, 'training_days': 390, 'n_estimators': 241, 'max_depth': 3, 'num_leaves': 29, 'learning_rate': 0.010148301463208522, 'subsample': 0.7384269625592588, 'colsample_bytree': 0.6677492448297637, 'min_child_samples': 49, 'reg_alpha': 2.573708591509265e-05, 'reg_lambda': 8.709579226713504e-05}. Best is trial 4 with value: 0.10177813792213256.
[I 2026-06-01 15:49:43,099] Trial 12 finished with value: 0.0540767327992616 and parameters: {'confidence_threshold': 0.5145853631584999, 'training_days': 380, 'n_estimators': 490, 'max_depth': 4, 'num_leaves': 55, 'learning_rate': 0.12411615325331521, 'subsample': 0.9912016966112274, 'colsample_bytree': 0.7688237932711304, 'min_child_samples': 20, 'reg_alpha': 1.578782038256806e-08, 'reg_lambda': 1.4304147444691813e-06}. Best is trial 4 with value: 0.10177813792213256.
[I 2026-06-01 15:49:43,248] Trial 13 finished with value: 0.07108582161329857 and parameters: {'confidence_threshold': 0.6308026073906248, 'training_days': 210, 'n_estimators': 181, 'max_depth': 4, 'num_leaves': 28, 'learning_rate': 0.020094703918199067, 'subsample': 0.7828410184206098, 'colsample_bytree': 0.5057176292212995, 'min_child_samples': 58, 'reg_alpha': 8.465942575614097e-06, 'reg_lambda': 0.002213814638104446}. Best is trial 4 with value: 0.10177813792213256.
