[I 2026-06-01 15:44:24,588] Trial 5 finished with value: -2.1676472621430265 and parameters: {'confidence_threshold': 0.8226559822580909, 'training_days': 50, 'n_estimators': 138, 'max_depth': 3, 'num_leaves': 30, 'learning_rate': 0.03750796359625606, 'subsample': 0.6356745158869479, 'colsample_bytree': 0.9143687545759647, 'min_child_samples': 48, 'reg_alpha': 3.376063348877853e-06, 'reg_lambda': 0.0007660634613082914}. Best is trial 0 with value: 0.026717299043209068.

    [trial 8] 48 features, training_days=450 | threshold=0.720 | labels: 1179 long, 989 short (54/46%)
    [trial 8] Sharpe=-0.0326 (folds: 0.1978, -0.0238, -0.1281, 0.3493, -0.5583)
    [trial 9] 48 features, training_days=20 | threshold=0.727 | labels: 1179 long, 989 short (54/46%)
    [trial 9] Sharpe=-2.1494 (folds: -0.3784, -0.0572, -10.0000, 0.0176, -0.3287)
    [trial 10] 48 features, training_days=200 | threshold=0.828 | labels: 1179 long, 989 short (54/46%)
    [trial 10] Sharpe=-1.9801 (folds: 0.2129, -0.0339, -0.4231, 0.3435, -10.0000)
    [trial 11] 48 features, training_days=380 | threshold=0.662 | labels: 1179 long, 989 short (54/46%)
    [trial 11] Sharpe=0.0015 (folds: 0.1919, -0.0460, -0.1654, 0.4798, -0.4530)
    [trial 12] 48 features, training_days=220 | threshold=0.797 | labels: 1179 long, 989 short (54/46%)
    [trial 12] Sharpe=0.0340 (folds: 0.1830, 0.0085, -0.3813, 0.6932, -0.3331)
    [trial 13] 48 features, training_days=210 | threshold=0.815 | labels: 1179 long, 989 short (54/46%)
    [trial 13] Sharpe=0.0435 (folds: 0.1473, -0.0200, -0.3801, 0.6762, -0.2059)
    [trial 14] 48 features, training_days=160 | threshold=0.772 | labels: 1179 long, 989 short (54/46%)
    [trial 14] Sharpe=-0.1030 (folds: 0.1832, -0.1738, -0.4858, 0.2089, -0.2475)
    [trial 15] 48 features, training_days=330 | threshold=0.849 | labels: 1179 long, 989 short (54/46%)
    [trial 15] Sharpe=-5.9274 (folds: 0.3776, -0.0145, -10.0000, -10.0000, -10.0000)
    [trial 16] 48 features, training_days=240 | threshold=0.516 | labels: 1179 long, 989 short (54/46%)
    [trial 16] Sharpe=0.0581 (folds: 0.2555, -0.0009, -0.1148, 0.2559, -0.1054)
    [trial 17] 48 features, training_days=260 | threshold=0.500 | labels: 1179 long, 989 short (54/46%)
    [trial 17] Sharpe=0.0161 (folds: 0.2246, 0.0061, -0.1982, 0.1537, -0.1056)
  Optuna: 18 trials, best Sharpe = 0.0581
  Best params: n_estimators=53, max_depth=4, lr=0.0287, leaves=61
  Best confidence_threshold: 0.516
  Best training_days: 240
  Retrained on full data (720 samples, 48 features)
  OOD: 16 features, cutoff (q=0.7) = 14.25
  Model trained for 2022-08: 93 test candles with features, confidence_threshold=0.703
[predict] 2022-08-09 08:00 ETHUSDT → SHORT (proba=0.75 TP=12.2%/SL=6.1%)
[trade:open] 2022-08-09 15:59 ETHUSDT SHORT @ 1683.78 | SL=1786.88 TP=1477.59 | timeout=2022-08-16 15:59
[trade:close] 2022-08-10 15:59 ETHUSDT SHORT → stop_loss @ 1786.88 | PnL=-6.12% (net -6.22%) | cum=+5.61% 2022-08=-6.22% 2022-08-10=-6.22%
[predict] 2022-08-18 08:00 ETHUSDT → SHORT (proba=0.72 TP=11.4%/SL=5.7%)
[trade:open] 2022-08-18 15:59 ETHUSDT SHORT @ 1871.98 | SL=1979.15 TP=1657.65 | timeout=2022-08-25 15:59
[trade:close] 2022-08-19 23:59 ETHUSDT SHORT → take_profit @ 1657.65 | PnL=+11.45% (net +11.35%) | cum=+16.96% 2022-08=+5.13% 2022-08-19=+11.35%
[predict] 2022-08-23 16:00 ETHUSDT → SHORT (proba=0.75 TP=14.4%/SL=7.2%)
[trade:open] 2022-08-23 23:59 ETHUSDT SHORT @ 1664.19 | SL=1783.68 TP=1425.21 | timeout=2022-08-30 23:59
[trade:close] 2022-08-28 23:59 ETHUSDT SHORT → take_profit @ 1425.21 | PnL=+14.36% (net +14.26%) | cum=+31.22% 2022-08=+19.39% 2022-08-28=+14.26%
[lgbm] === Training for 2022-09 ===
  Train window: 2020-09-01 → 2022-08-24
  2168 training samples from 1 symbols
  Samples per month: 2020-09: 90, 2020-10: 93, 2020-11: 90, 2020-12: 93, 2021-01: 93, 2021-02: 84, 2021-03: 93, 2021-04: 90, 2021-05: 93, 2021-06: 90, 2021-07: 93, 2021-08: 93, 2021-09: 90, 2021-10: 93, 2021-11: 90, 2021-12: 93, 2022-01: 93, 2022-02: 84, 2022-03: 93, 2022-04: 90, 2022-05: 93, 2022-06: 90, 2022-07: 93, 2022-08: 71
  [label] 2020-11-01 16:00 ETHUSDT entry=396.8200 → LONG | long=sl(-4.33%) short=sl(-4.33%) | scanned=11 | no_tp→fwd_return=+4.4630
  [label] 2020-11-03 16:00 ETHUSDT entry=388.1100 → LONG | long=tp(+9.61%) short=sl(-4.96%) | scanned=7 | long_tp_only
  [label] 2020-11-07 16:00 ETHUSDT entry=435.5800 → LONG | long=timeout(+5.74%) short=sl(-7.31%) | scanned=22 | no_tp→fwd_return=+5.8359
  [label] 2020-12-02 08:00 ETHUSDT entry=590.0000 → SHORT | long=sl(-8.64%) short=timeout(+3.60%) | scanned=22 | no_tp→fwd_return=-3.6966
  [label] 2021-01-23 16:00 ETHUSDT entry=1235.6600 → LONG | long=timeout(+11.62%) short=sl(-13.69%) | scanned=22 | no_tp→fwd_return=+11.7201
  [label] 2021-07-08 16:00 ETHUSDT entry=2114.8800 → SHORT | long=sl(-8.29%) short=timeout(+9.15%) | scanned=22 | no_tp→fwd_return=-9.2454
  [label] 2021-07-12 16:00 ETHUSDT entry=2030.8500 → SHORT | long=sl(-7.14%) short=timeout(+10.36%) | scanned=22 | no_tp→fwd_return=-10.4611
  [label] 2021-07-23 08:00 ETHUSDT entry=2047.1700 → LONG | long=tp(+13.26%) short=sl(-6.78%) | scanned=8 | long_tp_only
  [label] 2021-09-06 08:00 ETHUSDT entry=3929.4200 → SHORT | long=sl(-4.89%) short=tp(+9.48%) | scanned=3 | short_tp_only
  [label] 2021-09-14 16:00 ETHUSDT entry=3435.4200 → SHORT | long=sl(-8.00%) short=tp(+15.70%) | scanned=19 | short_tp_only
  [label] 2021-12-14 00:00 ETHUSDT entry=3780.2900 → LONG | long=timeout(+5.79%) short=sl(-8.24%) | scanned=22 | no_tp→fwd_return=+5.8887
  [label] 2022-01-15 00:00 ETHUSDT entry=3313.4800 → SHORT | long=sl(-5.55%) short=tp(+10.79%) | scanned=18 | short_tp_only
  [label] 2022-01-31 00:00 ETHUSDT entry=2526.6900 → LONG | long=tp(+17.30%) short=sl(-8.80%) | scanned=14 | long_tp_only
  [label] 2022-02-12 16:00 ETHUSDT entry=2916.9300 → SHORT | long=sl(-7.39%) short=sl(-7.39%) | scanned=20 | no_tp→fwd_return=-5.9107
  [label] 2022-03-03 08:00 ETHUSDT entry=2827.5600 → SHORT | long=sl(-8.21%) short=timeout(+8.09%) | scanned=22 | no_tp→fwd_return=-8.1922
  [label] 2022-03-09 16:00 ETHUSDT entry=2726.3700 → LONG | long=sl(-7.00%) short=timeout(-1.80%) | scanned=22 | no_tp→fwd_return=+1.7023
  [label] 2022-03-22 00:00 ETHUSDT entry=2992.7900 → LONG | long=tp(+10.50%) short=sl(-5.40%) | scanned=18 | long_tp_only
  [label] 2022-04-30 08:00 ETHUSDT entry=2814.2500 → SHORT | long=sl(-5.17%) short=sl(-5.17%) | scanned=18 | no_tp→fwd_return=-4.5195
  [label] 2022-05-10 08:00 ETHUSDT entry=2361.3000 → SHORT | long=sl(-8.52%) short=tp(+16.73%) | scanned=5 | short_tp_only
  [label] 2022-08-04 08:00 ETHUSDT entry=1615.0600 → LONG | long=tp(+13.84%) short=sl(-7.07%) | scanned=18 | long_tp_only
  Labels: 1160 long (53.5%), 1008 short (46.5%) | weights: min=1.00, mean=3.40, max=10.00
  Features: 2168/2168 matched, 48 columns
  CV gap: 22 rows
  [ensemble 1/3] seed=42
    [trial 0] 48 features, training_days=480 | threshold=0.631 | labels: 1160 long, 1008 short (54/46%)
    [CV fold 0] train_end=2020-12-23 08:00 | val_start=2020-12-31 00:00 | gap=184h (22 rows)
    [CV fold 1] train_end=2021-04-22 16:00 | val_start=2021-04-30 08:00 | gap=184h (22 rows)
    [CV fold 2] train_end=2021-08-21 00:00 | val_start=2021-08-28 16:00 | gap=184h (22 rows)
    [CV fold 3] train_end=2021-12-19 08:00 | val_start=2021-12-27 00:00 | gap=184h (22 rows)
    [CV fold 4] train_end=2022-04-18 16:00 | val_start=2022-04-26 08:00 | gap=184h (22 rows)
    [trial 0] Sharpe=0.0267 (folds: -0.0957, -0.0560, 0.0699, 0.3815, -0.1660)
    [trial 1] 48 features, training_days=420 | threshold=0.839 | labels: 1160 long, 1008 short (54/46%)
    [trial 1] Sharpe=-2.0800 (folds: -0.1428, -0.1109, 0.1574, -10.0000, -0.3036)
    [trial 2] 48 features, training_days=190 | threshold=0.602 | labels: 1160 long, 1008 short (54/46%)
    [trial 2] Sharpe=-0.0222 (folds: -0.0553, -0.1224, 0.0620, 0.1578, -0.1532)
    [trial 3] 48 features, training_days=490 | threshold=0.832 | labels: 1160 long, 1008 short (54/46%)
    [trial 3] Sharpe=0.0122 (folds: -0.0811, -0.1246, 0.1516, 0.3307, -0.2157)
    [trial 4] 48 features, training_days=340 | threshold=0.591 | labels: 1160 long, 1008 short (54/46%)
    [trial 4] Sharpe=-0.0126 (folds: 0.0250, -0.1367, 0.0372, 0.2084, -0.1968)
    [trial 5] 48 features, training_days=50 | threshold=0.823 | labels: 1160 long, 1008 short (54/46%)
    [trial 5] Sharpe=-2.1676 (folds: -0.4689, -10.0000, -0.1598, 0.1087, -0.3183)
    [trial 6] 48 features, training_days=410 | threshold=0.549 | labels: 1160 long, 1008 short (54/46%)
    [trial 6] Sharpe=0.0014 (folds: 0.1019, -0.1585, 0.0596, 0.2091, -0.2050)[I 2026-06-01 15:44:24,690] Trial 6 finished with value: 0.0014008345547042 and parameters: {'confidence_threshold': 0.5493234787411669, 'training_days': 410, 'n_estimators': 83, 'max_depth': 5, 'num_leaves': 52, 'learning_rate': 0.019657448966046126, 'subsample': 0.5027610585618012, 'colsample_bytree': 0.9077307142274171, 'min_child_samples': 77, 'reg_alpha': 0.03639690979811287, 'reg_lambda': 0.08738424135626986}. Best is trial 0 with value: 0.026717299043209068.
[I 2026-06-01 15:44:24,770] Trial 7 finished with value: 0.027913845552988904 and parameters: {'confidence_threshold': 0.5259156281069316, 'training_days': 180, 'n_estimators': 102, 'max_depth': 5, 'num_leaves': 45, 'learning_rate': 0.030816017044468066, 'subsample': 0.5317791751430119, 'colsample_bytree': 0.6554911608578311, 'min_child_samples': 46, 'reg_alpha': 0.036851536911881845, 'reg_lambda': 0.005470376807480391}. Best is trial 7 with value: 0.027913845552988904.
[I 2026-06-01 15:44:24,858] Trial 8 finished with value: 0.054978833218188826 and parameters: {'confidence_threshold': 0.8105244599017143, 'training_days': 240, 'n_estimators': 103, 'max_depth': 5, 'num_leaves': 52, 'learning_rate': 0.06746437142284309, 'subsample': 0.8854835899772805, 'colsample_bytree': 0.7468977981821954, 'min_child_samples': 62, 'reg_alpha': 7.04480806377519e-05, 'reg_lambda': 1.6934490731313353e-08}. Best is trial 8 with value: 0.054978833218188826.
[I 2026-06-01 15:44:24,879] Trial 9 finished with value: 0.11272244490610547 and parameters: {'confidence_threshold': 0.5377619994476566, 'training_days': 20, 'n_estimators': 337, 'max_depth': 3, 'num_leaves': 39, 'learning_rate': 0.21907142272152816, 'subsample': 0.6246461145744375, 'colsample_bytree': 0.7051914615178149, 'min_child_samples': 81, 'reg_alpha': 1.1459970229341322e-06, 'reg_lambda': 4.929685216887945e-08}. Best is trial 9 with value: 0.11272244490610547.
[I 2026-06-01 15:44:24,908] Trial 10 finished with value: -5.995173296088026 and parameters: {'confidence_threshold': 0.7449289185605341, 'training_days': 10, 'n_estimators': 487, 'max_depth': 3, 'num_leaves': 61, 'learning_rate': 0.21914469472126635, 'subsample': 0.628963476300746, 'colsample_bytree': 0.8189858776055304, 'min_child_samples': 27, 'reg_alpha': 2.8948477959263623e-05, 'reg_lambda': 3.3639426888455256e-06}. Best is trial 9 with value: 0.11272244490610547.
[I 2026-06-01 15:44:25,004] Trial 11 finished with value: -0.008050950874509749 and parameters: {'confidence_threshold': 0.7155079644808182, 'training_days': 120, 'n_estimators': 291, 'max_depth': 4, 'num_leaves': 52, 'learning_rate': 0.29178061349464834, 'subsample': 0.8838129988503957, 'colsample_bytree': 0.7386442064065405, 'min_child_samples': 87, 'reg_alpha': 0.00014596638878185199, 'reg_lambda': 7.868729181011707e-06}. Best is trial 9 with value: 0.11272244490610547.
[I 2026-06-01 15:44:25,171] Trial 12 finished with value: -0.019894314225212022 and parameters: {'confidence_threshold': 0.670183053652907, 'training_days': 270, 'n_estimators': 293, 'max_depth': 4, 'num_leaves': 33, 'learning_rate': 0.11263608439461861, 'subsample': 0.8695609296502367, 'colsample_bytree': 0.6562433298545489, 'min_child_samples': 84, 'reg_alpha': 1.4990425409270967e-06, 'reg_lambda': 2.9547164746905564e-06}. Best is trial 9 with value: 0.11272244490610547.
[I 2026-06-01 15:44:25,274] Trial 13 finished with value: -0.005372149753970568 and parameters: {'confidence_threshold': 0.7584432378717043, 'training_days': 110, 'n_estimators': 364, 'max_depth': 5, 'num_leaves': 47, 'learning_rate': 0.12880956283193543, 'subsample': 0.9980084946806067, 'colsample_bytree': 0.8155421717694826, 'min_child_samples': 95, 'reg_alpha': 4.477777874073389e-08, 'reg_lambda': 4.926649793425267e-07}. Best is trial 9 with value: 0.11272244490610547.
[I 2026-06-01 15:44:25,453] Trial 14 finished with value: -0.03780662317069995 and parameters: {'confidence_threshold': 0.673370564509445, 'training_days': 280, 'n_estimators': 216, 'max_depth': 4, 'num_leaves': 60, 'learning_rate': 0.07737017640096681, 'subsample': 0.6602381051770723, 'colsample_bytree': 0.6431030563670873, 'min_child_samples': 57, 'reg_alpha': 2.700656791405036e-05, 'reg_lambda': 9.076634541629289e-05}. Best is trial 9 with value: 0.11272244490610547.
[I 2026-06-01 15:44:25,607] Trial 15 finished with value: -0.044539580659388206 and parameters: {'confidence_threshold': 0.5073197482691914, 'training_days': 160, 'n_estimators': 332, 'max_depth': 5, 'num_leaves': 35, 'learning_rate': 0.01077440323140719, 'subsample': 0.8634823758940223, 'colsample_bytree': 0.8047784926447492, 'min_child_samples': 76, 'reg_alpha': 0.0016218299248743587, 'reg_lambda': 1.6340250254137068e-08}. Best is trial 9 with value: 0.11272244490610547.
[I 2026-06-01 15:44:25,889] Trial 16 finished with value: -0.06622769712742359 and parameters: {'confidence_threshold': 0.7830174282532703, 'training_days': 330, 'n_estimators': 453, 'max_depth': 3, 'num_leaves': 51, 'learning_rate': 0.17767272837401876, 'subsample': 0.9371158895275773, 'colsample_bytree': 0.5982136056513266, 'min_child_samples': 34, 'reg_alpha': 3.959395597093813e-07, 'reg_lambda': 9.398630963787426e-05}. Best is trial 9 with value: 0.11272244490610547.
[I 2026-06-01 15:44:25,957] Trial 17 finished with value: -0.07129186544848558 and parameters: {'confidence_threshold': 0.7070311848485039, 'training_days': 70, 'n_estimators': 201, 'max_depth': 4, 'num_leaves': 40, 'learning_rate': 0.048331449915991975, 'subsample': 0.5886469721258802, 'colsample_bytree': 0.9956385980717998, 'min_child_samples': 63, 'reg_alpha': 1.4617109509085211e-05, 'reg_lambda': 5.770366378654596e-07}. Best is trial 9 with value: 0.11272244490610547.
[I 2026-06-01 15:44:26,098] A new study created in memory with name: no-name-90c7950d-accd-4039-955d-fb8a8d89ea8c
[I 2026-06-01 15:44:26,191] Trial 0 finished with value: -0.07326236886593318 and parameters: {'confidence_threshold': 0.7437642149592516, 'training_days': 150, 'n_estimators': 152, 'max_depth': 4, 'num_leaves': 50, 'learning_rate': 0.04216766425047743, 'subsample': 0.9903820991923078, 'colsample_bytree': 0.8424148692924316, 'min_child_samples': 58, 'reg_alpha': 3.381097259762742e-05, 'reg_lambda': 1.2263152961306247e-05}. Best is trial 0 with value: -0.07326236886593318.
[I 2026-06-01 15:44:26,267] Trial 1 finished with value: -1.980668911534351 and parameters: {'confidence_threshold': 0.7551673975844145, 'training_days': 220, 'n_estimators': 76, 'max_depth': 4, 'num_leaves': 51, 'learning_rate': 0.018602118810743477, 'subsample': 0.5877258780737462, 'colsample_bytree': 0.7657756869209191, 'min_child_samples': 63, 'reg_alpha': 0.005123994170264194, 'reg_lambda': 0.44145470178120466}. Best is trial 0 with value: -0.07326236886593318.
[I 2026-06-01 15:44:26,513] Trial 2 finished with value: 0.007396399221798899 and parameters: {'confidence_threshold': 0.7535593637012223, 'training_days': 310, 'n_estimators': 375, 'max_depth': 3, 'num_leaves': 32, 'learning_rate': 0.021735641882032388, 'subsample': 0.6468570231944146, 'colsample_bytree': 0.8154880619272439, 'min_child_samples': 27, 'reg_alpha': 8.004064028491336e-05, 'reg_lambda': 7.546835261630524e-05}. Best is trial 2 with value: 0.007396399221798899.
[I 2026-06-01 15:44:26,679] Trial 3 finished with value: -0.010974655553097146 and parameters: {'confidence_threshold': 0.6727897841776072, 'training_days': 220, 'n_estimators': 190, 'max_depth': 4, 'num_leaves': 58, 'learning_rate': 0.24810689332636193, 'subsample': 0.7509183379421682, 'colsample_bytree': 0.8119764758960556, 'min_child_samples': 29, 'reg_alpha': 7.1708285081421445e-06, 'reg_lambda': 5.412973582738627e-05}. Best is trial 2 with value: 0.007396399221798899.
[I 2026-06-01 15:44:26,785] Trial 4 finished with value: -0.055926674356215234 and parameters: {'confidence_threshold': 0.803208205259178, 'training_days': 130, 'n_estimators': 267, 'max_depth': 5, 'num_leaves': 40, 'learning_rate': 0.08041175317374143, 'subsample': 0.5603143329951619, 'colsample_bytree': 0.9131704002534167, 'min_child_samples': 68, 'reg_alpha': 0.0008046593428183385, 'reg_lambda': 1.2158346158765583e-05}. Best is trial 2 with value: 0.007396399221798899.
[I 2026-06-01 15:44:26,998] Trial 5 finished with value: -0.008428329290973157 and parameters: {'confidence_threshold': 0.6064422761595144, 'training_days': 210, 'n_estimators': 357, 'max_depth': 5, 'num_leaves': 40, 'learning_rate': 0.0974221287220869, 'subsample': 0.7929682762811064, 'colsample_bytree': 0.8124517510478, 'min_child_samples': 74, 'reg_alpha': 0.3811377260781234, 'reg_lambda': 5.607314238392041e-08}. Best is trial 2 with value: 0.007396399221798899.
[I 2026-06-01 15:44:27,104] Trial 6 finished with value: -0.04679720111081049 and parameters: {'confidence_threshold': 0.7672889945051684, 'training_days': 130, 'n_estimators': 137, 'max_depth': 4, 'num_leaves': 19, 'learning_rate': 0.2031117614248665, 'subsample': 0.8136244860256343, 'colsample_bytree': 0.8617081790949774, 'min_child_samples': 21, 'reg_alpha': 0.002238138278733199, 'reg_lambda': 0.001025809534977322}. Best is trial 2 with value: 0.007396399221798899.
[I 2026-06-01 15:44:27,166] Trial 7 finished with value: -0.060794384006923906 and parameters: {'confidence_threshold': 0.555635875450653, 'training_days': 80, 'n_estimators': 363, 'max_depth': 3, 'num_leaves': 48, 'learning_rate': 0.06590089024008658, 'subsample': 0.6944752870615722, 'colsample_bytree': 0.962566244806993, 'min_child_samples': 88, 'reg_alpha': 1.6465620446426067e-05, 'reg_lambda': 2.4678750890085655e-08}. Best is trial 2 with value: 0.007396399221798899.
[I 2026-06-01 15:44:27,454] Trial 8 finished with value: 0.00841717005009823 and parameters: {'confidence_threshold': 0.6066688256938841, 'training_days': 200, 'n_estimators': 367, 'max_depth': 5, 'num_leaves': 32, 'learning_rate': 0.13377519215934996, 'subsample': 0.7965884582811106, 'colsample_bytree': 0.8458508993500886, 'min_child_samples': 32, 'reg_alpha': 3.889436043816386e-05, 'reg_lambda': 1.4713062489380356e-06}. Best is trial 8 with value: 0.00841717005009823.
[I 2026-06-01 15:44:27,665] Trial 9 finished with value: 0.017875501790692173 and parameters: {'confidence_threshold': 0.6202096049169137, 'training_days': 260, 'n_estimators': 350, 'max_depth': 3, 'num_leaves': 21, 'learning_rate': 0.02989540198065364, 'subsample': 0.8307821683331218, 'colsample_bytree': 0.923253112635361, 'min_child_samples': 64, 'reg_alpha': 0.4898604619604203, 'reg_lambda': 2.9076377687066166e-05}. Best is trial 9 with value: 0.017875501790692173.
[I 2026-06-01 15:44:27,962] Trial 10 finished with value: -0.014634412874352637 and parameters: {'confidence_threshold': 0.5342665212695602, 'training_days': 470, 'n_estimators': 493, 'max_depth': 3, 'num_leaves': 17, 'learning_rate': 0.010221918552934462, 'subsample': 0.9317514110288623, 'colsample_bytree': 0.6202684210924141, 'min_child_samples': 47, 'reg_alpha': 2.371385268938747e-08, 'reg_lambda': 0.010291221835057122}. Best is trial 9 with value: 0.017875501790692173.
[I 2026-06-01 15:44:28,154] Trial 11 finished with value: -0.04030162826813963 and parameters: {'confidence_threshold': 0.6332172030915592, 'training_days': 340, 'n_estimators': 479, 'max_depth': 5, 'num_leaves': 27, 'learning_rate': 0.14215561968558607, 'subsample': 0.8675382509658957, 'colsample_bytree': 0.6778283959364831, 'min_child_samples': 48, 'reg_alpha': 5.56438571366154, 'reg_lambda': 1.5530863293959958e-06}. Best is trial 9 with value: 0.017875501790692173.
[I 2026-06-01 15:44:28,182] Trial 12 finished with value: -1.9587595668690951 and parameters: {'confidence_threshold': 0.5957244903382299, 'training_days': 20, 'n_estimators': 295, 'max_depth': 5, 'num_leaves': 27, 'learning_rate': 0.03554970762940541, 'subsample': 0.8874898062898399, 'colsample_bytree': 0.5201164353688423, 'min_child_samples': 100, 'reg_alpha': 4.358361104179878e-07, 'reg_lambda': 5.116535876235931e-07}. Best is trial 9 with value: 0.017875501790692173.
[I 2026-06-01 15:44:28,459] Trial 13 finished with value: -0.03681329184352379 and parameters: {'confidence_threshold': 0.5038682324313483, 'training_days': 340, 'n_estimators': 419, 'max_depth': 3, 'num_leaves': 25, 'learning_rate': 0.028247451073708796, 'subsample': 0.7238232087977978, 'colsample_bytree': 0.9292621018379528, 'min_child_samples': 40, 'reg_alpha': 0.07643354360222979, 'reg_lambda': 0.004788009985073303}. Best is trial 9 with value: 0.017875501790692173.
[I 2026-06-01 15:44:28,680] Trial 14 finished with value: -0.06546568722838596 and parameters: {'confidence_threshold': 0.6656873451742872, 'training_days': 290, 'n_estimators': 304, 'max_depth': 4, 'num_leaves': 35, 'learning_rate': 0.13295981651304423, 'subsample': 0.8309863135352407, 'colsample_bytree': 0.9977226699583523, 'min_child_samples': 80, 'reg_alpha': 0.03811558081491512, 'reg_lambda': 7.416844546684965e-07}. Best is trial 9 with value: 0.017875501790692173.
