[I 2026-06-01 15:44:06,188] Trial 6 finished with value: 0.03702458684721459 and parameters: {'confidence_threshold': 0.5493234787411669, 'training_days': 410, 'n_estimators': 83, 'max_depth': 5, 'num_leaves': 52, 'learning_rate': 0.019657448966046126, 'subsample': 0.5027610585618012, 'colsample_bytree': 0.9077307142274171, 'min_child_samples': 77, 'reg_alpha': 0.03639690979811287, 'reg_lambda': 0.08738424135626986}. Best is trial 5 with value: 0.07588534247782033.

    [trial 9] Sharpe=-8.0150 (folds: -10.0000, -10.0000, -0.0749, -10.0000, -10.0000)
    [trial 10] 48 features, training_days=320 | threshold=0.840 | labels: 1210 long, 958 short (56/44%)
    [trial 10] Sharpe=-3.8906 (folds: 0.6165, -0.0207, -0.0487, -10.0000, -10.0000)
    [trial 11] 48 features, training_days=390 | threshold=0.644 | labels: 1210 long, 958 short (56/44%)
    [trial 11] Sharpe=0.0131 (folds: 0.1556, -0.0547, -0.0857, 0.0143, 0.0362)
    [trial 12] 48 features, training_days=390 | threshold=0.631 | labels: 1210 long, 958 short (56/44%)
    [trial 12] Sharpe=0.0223 (folds: 0.1050, -0.0441, -0.0906, -0.0134, 0.1547)
    [trial 13] 48 features, training_days=220 | threshold=0.504 | labels: 1210 long, 958 short (56/44%)
    [trial 13] Sharpe=0.0039 (folds: 0.1750, -0.0371, -0.1729, -0.0294, 0.0838)
    [trial 14] 48 features, training_days=380 | threshold=0.780 | labels: 1210 long, 958 short (56/44%)
    [trial 14] Sharpe=0.1645 (folds: 0.3240, -0.1067, -0.0637, 0.1992, 0.4700)
    [trial 15] 48 features, training_days=320 | threshold=0.783 | labels: 1210 long, 958 short (56/44%)
    [trial 15] Sharpe=0.2852 (folds: 0.6696, -0.1560, -0.0638, 0.8504, 0.1259)
    [trial 16] 48 features, training_days=350 | threshold=0.781 | labels: 1210 long, 958 short (56/44%)
    [trial 16] Sharpe=-8.0897 (folds: -10.0000, -10.0000, -0.4487, -10.0000, -10.0000)
    [trial 17] 48 features, training_days=180 | threshold=0.786 | labels: 1210 long, 958 short (56/44%)
    [trial 17] Sharpe=0.0215 (folds: 0.1489, -0.0450, -0.1629, 0.1201, 0.0464)
  Optuna: 18 trials, best Sharpe = 0.2852
  Best params: n_estimators=56, max_depth=4, lr=0.0594, leaves=28
  Best confidence_threshold: 0.783
  Best training_days: 320
  Retrained on full data (960 samples, 48 features)
  OOD: 16 features, cutoff (q=0.7) = 14.33
  Model trained for 2022-06: 90 test candles with features, confidence_threshold=0.799
[trade:close] 2022-06-04 08:00 ETHUSDT LONG → timeout @ 1768.30 | PnL=+0.20% (net +0.10%) | cum=-16.28% 2022-06=+0.10% 2022-06-04=+0.10%
[predict] 2022-06-06 08:00 ETHUSDT → SHORT (proba=0.82 TP=10.6%/SL=5.3%)
[trade:open] 2022-06-06 15:59 ETHUSDT SHORT @ 1885.91 | SL=1986.33 TP=1685.06 | timeout=2022-06-13 15:59
[trade:close] 2022-06-10 23:59 ETHUSDT SHORT → take_profit @ 1685.06 | PnL=+10.65% (net +10.55%) | cum=-5.73% 2022-06=+10.65% 2022-06-10=+10.55%
[predict] 2022-06-20 00:00 ETHUSDT → LONG (proba=0.86 TP=32.2%/SL=16.1%)
[trade:open] 2022-06-20 07:59 ETHUSDT LONG @ 1079.21 | SL=905.42 TP=1426.79 | timeout=2022-06-27 07:59
[trade:close] 2022-06-27 08:00 ETHUSDT LONG → timeout @ 1227.25 | PnL=+13.72% (net +13.62%) | cum=+7.88% 2022-06=+24.27% 2022-06-27=+13.62%
[predict] 2022-06-28 00:00 ETHUSDT → SHORT (proba=0.82 TP=17.6%/SL=8.8%)
[trade:open] 2022-06-28 07:59 ETHUSDT SHORT @ 1207.02 | SL=1312.99 TP=995.08 | timeout=2022-07-05 07:59
[trade:close] 2022-06-30 15:59 ETHUSDT SHORT → take_profit @ 995.08 | PnL=+17.56% (net +17.46%) | cum=+25.34% 2022-06=+41.73% 2022-06-30=+17.46%
[lgbm] === Training for 2022-07 ===
  Train window: 2020-07-01 → 2022-06-23
  2168 training samples from 1 symbols
  Samples per month: 2020-07: 93, 2020-08: 93, 2020-09: 90, 2020-10: 93, 2020-11: 90, 2020-12: 93, 2021-01: 93, 2021-02: 84, 2021-03: 93, 2021-04: 90, 2021-05: 93, 2021-06: 90, 2021-07: 93, 2021-08: 93, 2021-09: 90, 2021-10: 93, 2021-11: 90, 2021-12: 93, 2022-01: 93, 2022-02: 84, 2022-03: 93, 2022-04: 90, 2022-05: 93, 2022-06: 68
  [label] 2020-08-31 16:00 ETHUSDT entry=434.0300 → LONG | long=tp(+10.08%) short=sl(-5.19%) | scanned=2 | long_tp_only
  [label] 2020-09-02 16:00 ETHUSDT entry=439.7500 → SHORT | long=sl(-8.15%) short=tp(+16.01%) | scanned=5 | short_tp_only
  [label] 2020-09-06 16:00 ETHUSDT entry=352.6900 → LONG | long=timeout(+3.74%) short=timeout(-3.94%) | scanned=22 | no_tp→fwd_return=+3.8419
  [label] 2020-10-01 08:00 ETHUSDT entry=361.0500 → SHORT | long=sl(-4.51%) short=timeout(+3.18%) | scanned=22 | no_tp→fwd_return=-3.2766
  [label] 2020-11-22 16:00 ETHUSDT entry=560.4200 → SHORT | long=sl(-7.24%) short=sl(-7.24%) | scanned=10 | no_tp→fwd_return=-7.8405
  [label] 2021-05-07 16:00 ETHUSDT entry=3480.9800 → LONG | long=tp(+17.48%) short=sl(-8.89%) | scanned=7 | long_tp_only
  [label] 2021-05-11 16:00 ETHUSDT entry=4175.9100 → SHORT | long=sl(-9.27%) short=tp(+18.25%) | scanned=15 | short_tp_only
  [label] 2021-05-22 08:00 ETHUSDT entry=2367.8500 → SHORT | long=timeout(-1.73%) short=timeout(+1.53%) | scanned=22 | no_tp→fwd_return=-1.6340
  [label] 2021-07-06 08:00 ETHUSDT entry=2304.9200 → SHORT | long=sl(-7.94%) short=timeout(+13.22%) | scanned=22 | no_tp→fwd_return=-13.3245
  [label] 2021-07-14 16:00 ETHUSDT entry=1993.8200 → LONG | long=sl(-7.50%) short=timeout(-0.18%) | scanned=22 | no_tp→fwd_return=+0.0838
  [label] 2021-10-13 00:00 ETHUSDT entry=3429.4300 → LONG | long=tp(+12.13%) short=sl(-6.21%) | scanned=6 | long_tp_only
  [label] 2021-11-14 00:00 ETHUSDT entry=4599.2700 → SHORT | long=sl(-4.95%) short=tp(+9.59%) | scanned=7 | short_tp_only
  [label] 2021-11-30 00:00 ETHUSDT entry=4414.1000 → SHORT | long=sl(-6.18%) short=sl(-6.18%) | scanned=11 | no_tp→fwd_return=-4.5409
  [label] 2021-12-12 16:00 ETHUSDT entry=4129.0000 → SHORT | long=sl(-7.02%) short=timeout(+4.90%) | scanned=22 | no_tp→fwd_return=-5.0010
  [label] 2021-12-31 08:00 ETHUSDT entry=3782.8000 → SHORT | long=sl(-4.91%) short=tp(+9.51%) | scanned=16 | short_tp_only
  [label] 2022-01-06 16:00 ETHUSDT entry=3404.6000 → SHORT | long=sl(-6.33%) short=tp(+12.36%) | scanned=11 | short_tp_only
  [label] 2022-01-19 00:00 ETHUSDT entry=3059.8500 → SHORT | long=sl(-5.70%) short=sl(-5.70%) | scanned=6 | no_tp→fwd_return=-5.8836
  [label] 2022-02-27 08:00 ETHUSDT entry=2807.3600 → SHORT | long=sl(-8.63%) short=timeout(+6.36%) | scanned=22 | no_tp→fwd_return=-6.4605
  [label] 2022-03-09 08:00 ETHUSDT entry=2756.5800 → SHORT | long=sl(-7.09%) short=timeout(+1.84%) | scanned=22 | no_tp→fwd_return=-1.9437
  [label] 2022-06-03 08:00 ETHUSDT entry=1762.5100 → SHORT | long=timeout(-2.19%) short=sl(-7.00%) | scanned=22 | no_tp→fwd_return=-2.0874
  Labels: 1201 long (55.4%), 967 short (44.6%) | weights: min=1.00, mean=3.32, max=10.00
  Features: 2168/2168 matched, 48 columns
  CV gap: 22 rows
  [ensemble 1/3] seed=42
    [trial 0] 48 features, training_days=480 | threshold=0.631 | labels: 1201 long, 967 short (55/45%)
    [CV fold 0] train_end=2020-10-22 08:00 | val_start=2020-10-30 00:00 | gap=184h (22 rows)
    [CV fold 1] train_end=2021-02-19 16:00 | val_start=2021-02-27 08:00 | gap=184h (22 rows)
    [CV fold 2] train_end=2021-06-20 00:00 | val_start=2021-06-27 16:00 | gap=184h (22 rows)
    [CV fold 3] train_end=2021-10-18 08:00 | val_start=2021-10-26 00:00 | gap=184h (22 rows)
    [CV fold 4] train_end=2022-02-15 16:00 | val_start=2022-02-23 08:00 | gap=184h (22 rows)
    [trial 0] Sharpe=0.0399 (folds: -0.0907, 0.0862, 0.1335, 0.1451, -0.0746)
    [trial 1] 48 features, training_days=420 | threshold=0.839 | labels: 1201 long, 967 short (55/45%)
    [trial 1] Sharpe=-1.9144 (folds: -0.0313, 0.1228, -10.0000, 0.4110, -0.0746)
    [trial 2] 48 features, training_days=190 | threshold=0.602 | labels: 1201 long, 967 short (55/45%)
    [trial 2] Sharpe=0.0338 (folds: -0.0567, 0.0731, -0.1075, 0.0822, 0.1777)
    [trial 3] 48 features, training_days=490 | threshold=0.832 | labels: 1201 long, 967 short (55/45%)
    [trial 3] Sharpe=0.0567 (folds: -0.0886, 0.1198, 0.1257, 0.1474, -0.0205)
    [trial 4] 48 features, training_days=340 | threshold=0.591 | labels: 1201 long, 967 short (55/45%)
    [trial 4] Sharpe=0.0414 (folds: 0.2119, 0.0147, 0.0636, 0.0941, -0.1772)
    [trial 5] 48 features, training_days=50 | threshold=0.823 | labels: 1201 long, 967 short (55/45%)
    [trial 5] Sharpe=0.0759 (folds: 0.1425, 0.1936, -0.2879, 0.4772, -0.1460)
    [trial 6] 48 features, training_days=410 | threshold=0.549 | labels: 1201 long, 967 short (55/45%)
    [trial 6] Sharpe=0.0370 (folds: 0.0389, 0.0354, 0.0907, 0.0622, -0.0421)
    [trial 7] 48 features, training_days=180 | threshold=0.526 | labels: 1201 long, 967 short (55/45%)
    [trial 7] Sharpe=-0.0093 (folds: -0.1257, 0.0694, -0.0553, 0.0146, 0.0503)[I 2026-06-01 15:44:06,272] Trial 7 finished with value: -0.009341308592345415 and parameters: {'confidence_threshold': 0.5259156281069316, 'training_days': 180, 'n_estimators': 102, 'max_depth': 5, 'num_leaves': 45, 'learning_rate': 0.030816017044468066, 'subsample': 0.5317791751430119, 'colsample_bytree': 0.6554911608578311, 'min_child_samples': 46, 'reg_alpha': 0.036851536911881845, 'reg_lambda': 0.005470376807480391}. Best is trial 5 with value: 0.07588534247782033.
[I 2026-06-01 15:44:06,369] Trial 8 finished with value: 0.11781236103111321 and parameters: {'confidence_threshold': 0.8105244599017143, 'training_days': 240, 'n_estimators': 103, 'max_depth': 5, 'num_leaves': 52, 'learning_rate': 0.06746437142284309, 'subsample': 0.8854835899772805, 'colsample_bytree': 0.7468977981821954, 'min_child_samples': 62, 'reg_alpha': 7.04480806377519e-05, 'reg_lambda': 1.6934490731313353e-08}. Best is trial 8 with value: 0.11781236103111321.
[I 2026-06-01 15:44:06,390] Trial 9 finished with value: 0.0186998734697347 and parameters: {'confidence_threshold': 0.5377619994476566, 'training_days': 20, 'n_estimators': 337, 'max_depth': 3, 'num_leaves': 39, 'learning_rate': 0.21907142272152816, 'subsample': 0.6246461145744375, 'colsample_bytree': 0.7051914615178149, 'min_child_samples': 81, 'reg_alpha': 1.1459970229341322e-06, 'reg_lambda': 4.929685216887945e-08}. Best is trial 8 with value: 0.11781236103111321.
[I 2026-06-01 15:44:06,900] Trial 10 finished with value: -0.030398911880899066 and parameters: {'confidence_threshold': 0.734042426776949, 'training_days': 280, 'n_estimators': 487, 'max_depth': 5, 'num_leaves': 62, 'learning_rate': 0.10432148521337849, 'subsample': 0.9416850669512905, 'colsample_bytree': 0.8120417635861826, 'min_child_samples': 27, 'reg_alpha': 7.238112263003475e-05, 'reg_lambda': 3.3639426888455256e-06}. Best is trial 8 with value: 0.11781236103111321.
[I 2026-06-01 15:44:06,927] Trial 11 finished with value: -4.073946831714978 and parameters: {'confidence_threshold': 0.7615879655568232, 'training_days': 20, 'n_estimators': 212, 'max_depth': 4, 'num_leaves': 33, 'learning_rate': 0.061519626256430725, 'subsample': 0.8696252151616218, 'colsample_bytree': 0.8131245566687184, 'min_child_samples': 51, 'reg_alpha': 3.9063190689761285e-05, 'reg_lambda': 1.7775498934647403e-05}. Best is trial 8 with value: 0.11781236103111321.
[I 2026-06-01 15:44:06,985] Trial 12 finished with value: 0.13258436430580436 and parameters: {'confidence_threshold': 0.7683435244955696, 'training_days': 140, 'n_estimators': 59, 'max_depth': 3, 'num_leaves': 54, 'learning_rate': 0.03869752912015806, 'subsample': 0.6551512766854299, 'colsample_bytree': 0.995657538673677, 'min_child_samples': 30, 'reg_alpha': 3.7913577838145125e-06, 'reg_lambda': 0.00010582050771147222}. Best is trial 12 with value: 0.13258436430580436.
[I 2026-06-01 15:44:07,053] Trial 13 finished with value: -0.0077978819763689314 and parameters: {'confidence_threshold': 0.736260373163175, 'training_days': 130, 'n_estimators': 58, 'max_depth': 4, 'num_leaves': 57, 'learning_rate': 0.10552560750838863, 'subsample': 0.8690491710631163, 'colsample_bytree': 0.9995061729923391, 'min_child_samples': 22, 'reg_alpha': 0.00023323394909551966, 'reg_lambda': 1.164720859767682e-05}. Best is trial 12 with value: 0.13258436430580436.
[I 2026-06-01 15:44:07,133] Trial 14 finished with value: -7.983735652774817 and parameters: {'confidence_threshold': 0.7871652886153421, 'training_days': 260, 'n_estimators': 59, 'max_depth': 4, 'num_leaves': 49, 'learning_rate': 0.011688985966806223, 'subsample': 0.6832818078338639, 'colsample_bytree': 0.797022650179907, 'min_child_samples': 31, 'reg_alpha': 1.4847666624200934e-05, 'reg_lambda': 1.6069617666324253e-06}. Best is trial 12 with value: 0.13258436430580436.
[I 2026-06-01 15:44:07,233] Trial 15 finished with value: -0.017639245635585346 and parameters: {'confidence_threshold': 0.6898924042001959, 'training_days': 110, 'n_estimators': 170, 'max_depth': 5, 'num_leaves': 57, 'learning_rate': 0.21055338089310124, 'subsample': 0.8366945867447776, 'colsample_bytree': 0.6290746674720268, 'min_child_samples': 35, 'reg_alpha': 7.691552343527566e-08, 'reg_lambda': 0.00010079030010438331}. Best is trial 12 with value: 0.13258436430580436.
[I 2026-06-01 15:44:07,373] Trial 16 finished with value: -0.0017102175318837614 and parameters: {'confidence_threshold': 0.6809416747270094, 'training_days': 220, 'n_estimators': 246, 'max_depth': 3, 'num_leaves': 63, 'learning_rate': 0.0742708334836405, 'subsample': 0.6022959818573481, 'colsample_bytree': 0.7663584390575363, 'min_child_samples': 59, 'reg_alpha': 0.00043095139557057635, 'reg_lambda': 0.03914242877355212}. Best is trial 12 with value: 0.13258436430580436.
[I 2026-06-01 15:44:07,594] Trial 17 finished with value: 0.09765932332056622 and parameters: {'confidence_threshold': 0.789403558838043, 'training_days': 310, 'n_estimators': 307, 'max_depth': 4, 'num_leaves': 53, 'learning_rate': 0.04040650520916775, 'subsample': 0.9169011685076653, 'colsample_bytree': 0.9956385980717998, 'min_child_samples': 90, 'reg_alpha': 3.6679306801268105e-06, 'reg_lambda': 6.880925840516315e-07}. Best is trial 12 with value: 0.13258436430580436.
[I 2026-06-01 15:44:07,707] A new study created in memory with name: no-name-d7c53447-d0fa-42e7-b6ba-01d484c3543e
[I 2026-06-01 15:44:07,795] Trial 0 finished with value: 0.026523359008902424 and parameters: {'confidence_threshold': 0.7437642149592516, 'training_days': 150, 'n_estimators': 152, 'max_depth': 4, 'num_leaves': 50, 'learning_rate': 0.04216766425047743, 'subsample': 0.9903820991923078, 'colsample_bytree': 0.8424148692924316, 'min_child_samples': 58, 'reg_alpha': 3.381097259762742e-05, 'reg_lambda': 1.2263152961306247e-05}. Best is trial 0 with value: 0.026523359008902424.
[I 2026-06-01 15:44:07,861] Trial 1 finished with value: 0.4221107958439422 and parameters: {'confidence_threshold': 0.7551673975844145, 'training_days': 220, 'n_estimators': 76, 'max_depth': 4, 'num_leaves': 51, 'learning_rate': 0.018602118810743477, 'subsample': 0.5877258780737462, 'colsample_bytree': 0.7657756869209191, 'min_child_samples': 63, 'reg_alpha': 0.005123994170264194, 'reg_lambda': 0.44145470178120466}. Best is trial 1 with value: 0.4221107958439422.
[I 2026-06-01 15:44:08,095] Trial 2 finished with value: 0.0026172067934925936 and parameters: {'confidence_threshold': 0.7535593637012223, 'training_days': 310, 'n_estimators': 375, 'max_depth': 3, 'num_leaves': 32, 'learning_rate': 0.021735641882032388, 'subsample': 0.6468570231944146, 'colsample_bytree': 0.8154880619272439, 'min_child_samples': 27, 'reg_alpha': 8.004064028491336e-05, 'reg_lambda': 7.546835261630524e-05}. Best is trial 1 with value: 0.4221107958439422.
[I 2026-06-01 15:44:08,254] Trial 3 finished with value: -0.01691090788627888 and parameters: {'confidence_threshold': 0.6727897841776072, 'training_days': 220, 'n_estimators': 190, 'max_depth': 4, 'num_leaves': 58, 'learning_rate': 0.24810689332636193, 'subsample': 0.7509183379421682, 'colsample_bytree': 0.8119764758960556, 'min_child_samples': 29, 'reg_alpha': 7.1708285081421445e-06, 'reg_lambda': 5.412973582738627e-05}. Best is trial 1 with value: 0.4221107958439422.
[I 2026-06-01 15:44:08,364] Trial 4 finished with value: 0.011850336712376513 and parameters: {'confidence_threshold': 0.803208205259178, 'training_days': 130, 'n_estimators': 267, 'max_depth': 5, 'num_leaves': 40, 'learning_rate': 0.08041175317374143, 'subsample': 0.5603143329951619, 'colsample_bytree': 0.9131704002534167, 'min_child_samples': 68, 'reg_alpha': 0.0008046593428183385, 'reg_lambda': 1.2158346158765583e-05}. Best is trial 1 with value: 0.4221107958439422.
[I 2026-06-01 15:44:08,606] Trial 5 finished with value: 0.0423607847035947 and parameters: {'confidence_threshold': 0.6064422761595144, 'training_days': 210, 'n_estimators': 357, 'max_depth': 5, 'num_leaves': 40, 'learning_rate': 0.0974221287220869, 'subsample': 0.7929682762811064, 'colsample_bytree': 0.8124517510478, 'min_child_samples': 74, 'reg_alpha': 0.3811377260781234, 'reg_lambda': 5.607314238392041e-08}. Best is trial 1 with value: 0.4221107958439422.
[I 2026-06-01 15:44:08,714] Trial 6 finished with value: -0.027114876809168242 and parameters: {'confidence_threshold': 0.7672889945051684, 'training_days': 130, 'n_estimators': 137, 'max_depth': 4, 'num_leaves': 19, 'learning_rate': 0.2031117614248665, 'subsample': 0.8136244860256343, 'colsample_bytree': 0.8617081790949774, 'min_child_samples': 21, 'reg_alpha': 0.002238138278733199, 'reg_lambda': 0.001025809534977322}. Best is trial 1 with value: 0.4221107958439422.
[I 2026-06-01 15:44:08,781] Trial 7 finished with value: -0.037145897646065594 and parameters: {'confidence_threshold': 0.555635875450653, 'training_days': 80, 'n_estimators': 363, 'max_depth': 3, 'num_leaves': 48, 'learning_rate': 0.06590089024008658, 'subsample': 0.6944752870615722, 'colsample_bytree': 0.962566244806993, 'min_child_samples': 88, 'reg_alpha': 1.6465620446426067e-05, 'reg_lambda': 2.4678750890085655e-08}. Best is trial 1 with value: 0.4221107958439422.
[I 2026-06-01 15:44:09,077] Trial 8 finished with value: 0.015053085604055185 and parameters: {'confidence_threshold': 0.6066688256938841, 'training_days': 200, 'n_estimators': 367, 'max_depth': 5, 'num_leaves': 32, 'learning_rate': 0.13377519215934996, 'subsample': 0.7965884582811106, 'colsample_bytree': 0.8458508993500886, 'min_child_samples': 32, 'reg_alpha': 3.889436043816386e-05, 'reg_lambda': 1.4713062489380356e-06}. Best is trial 1 with value: 0.4221107958439422.
[I 2026-06-01 15:44:09,279] Trial 9 finished with value: -0.034432374875781505 and parameters: {'confidence_threshold': 0.6202096049169137, 'training_days': 260, 'n_estimators': 350, 'max_depth': 3, 'num_leaves': 21, 'learning_rate': 0.02989540198065364, 'subsample': 0.8307821683331218, 'colsample_bytree': 0.923253112635361, 'min_child_samples': 64, 'reg_alpha': 0.4898604619604203, 'reg_lambda': 2.9076377687066166e-05}. Best is trial 1 with value: 0.4221107958439422.
[I 2026-06-01 15:44:09,657] Trial 10 finished with value: -1.9240320129224742 and parameters: {'confidence_threshold': 0.8445241688507242, 'training_days': 470, 'n_estimators': 493, 'max_depth': 4, 'num_leaves': 63, 'learning_rate': 0.010221918552934462, 'subsample': 0.5019190721168774, 'colsample_bytree': 0.6202684210924141, 'min_child_samples': 47, 'reg_alpha': 2.371385268938747e-08, 'reg_lambda': 1.7987349911222597}. Best is trial 1 with value: 0.4221107958439422.
[I 2026-06-01 15:44:09,728] Trial 11 finished with value: 0.046275890701882365 and parameters: {'confidence_threshold': 0.5130539202318031, 'training_days': 360, 'n_estimators': 51, 'max_depth': 5, 'num_leaves': 48, 'learning_rate': 0.012417500583059122, 'subsample': 0.922299925732335, 'colsample_bytree': 0.6900063486364282, 'min_child_samples': 84, 'reg_alpha': 5.969318404893109, 'reg_lambda': 0.1660181173643476}. Best is trial 1 with value: 0.4221107958439422.
[I 2026-06-01 15:44:09,787] Trial 12 finished with value: 0.06902183609110675 and parameters: {'confidence_threshold': 0.516328251028038, 'training_days': 360, 'n_estimators': 51, 'max_depth': 5, 'num_leaves': 48, 'learning_rate': 0.01027293460070934, 'subsample': 0.92991693404731, 'colsample_bytree': 0.6746005223041279, 'min_child_samples': 100, 'reg_alpha': 6.210448045058425, 'reg_lambda': 0.6860270287571849}. Best is trial 1 with value: 0.4221107958439422.
[I 2026-06-01 15:44:09,859] Trial 13 finished with value: 0.17035188674502058 and parameters: {'confidence_threshold': 0.6746495468580772, 'training_days': 410, 'n_estimators': 53, 'max_depth': 4, 'num_leaves': 55, 'learning_rate': 0.017797220503138828, 'subsample': 0.6271911527915714, 'colsample_bytree': 0.5443982906148261, 'min_child_samples': 47, 'reg_alpha': 0.021605231680819466, 'reg_lambda': 0.00931023075971825}. Best is trial 1 with value: 0.4221107958439422.
[I 2026-06-01 15:44:09,987] Trial 14 finished with value: 0.10739242847626611 and parameters: {'confidence_threshold': 0.6968624890517784, 'training_days': 490, 'n_estimators': 133, 'max_depth': 4, 'num_leaves': 56, 'learning_rate': 0.018772914138582137, 'subsample': 0.629666193964792, 'colsample_bytree': 0.5034139861451107, 'min_child_samples': 48, 'reg_alpha': 0.016435092915656313, 'reg_lambda': 0.005043831522460927}. Best is trial 1 with value: 0.4221107958439422.
[I 2026-06-01 15:44:10,016] Trial 15 finished with value: -2.0147435595025884 and parameters: {'confidence_threshold': 0.695167162331625, 'training_days': 20, 'n_estimators': 230, 'max_depth': 4, 'num_leaves': 55, 'learning_rate': 0.0374834009800827, 'subsample': 0.5710354091696083, 'colsample_bytree': 0.5093920150666754, 'min_child_samples': 46, 'reg_alpha': 0.02839933371520006, 'reg_lambda': 0.02044527577208479}. Best is trial 1 with value: 0.4221107958439422.
