[I 2026-06-01 15:43:19,419] Trial 13 finished with value: -4.070945843401214 and parameters: {'confidence_threshold': 0.7204346383264851, 'training_days': 10, 'n_estimators': 276, 'max_depth': 5, 'num_leaves': 41, 'learning_rate': 0.011266513790988052, 'subsample': 0.6462980265498659, 'colsample_bytree': 0.9249893861432709, 'min_child_samples': 78, 'reg_alpha': 1.0060661308529223e-06, 'reg_lambda': 0.017816922980544044}. Best is trial 4 with value: 0.050833026271486545.
[I 2026-06-01 15:43:19,646] Trial 14 finished with value: 5.513116551319683e-05 and parameters: {'confidence_threshold': 0.6968624890517784, 'training_days': 320, 'n_estimators': 277, 'max_depth': 4, 'num_leaves': 28, 'learning_rate': 0.09772163289705428, 'subsample': 0.5873213332951628, 'colsample_bytree': 0.9975174476650941, 'min_child_samples': 44, 'reg_alpha': 0.0004038446729585459, 'reg_lambda': 5.527230512973941e-07}. Best is trial 4 with value: 0.050833026271486545.
[I 2026-06-01 15:43:19,981] Trial 15 finished with value: 0.06241404506699222 and parameters: {'confidence_threshold': 0.8065807968950872, 'training_days': 430, 'n_estimators': 415, 'max_depth': 5, 'num_leaves': 44, 'learning_rate': 0.036672395049130835, 'subsample': 0.695560222794404, 'colsample_bytree': 0.7163960550594055, 'min_child_samples': 74, 'reg_alpha': 6.360445922002683, 'reg_lambda': 3.5532501480887757}. Best is trial 15 with value: 0.06241404506699222.
[I 2026-06-01 15:43:20,325] Trial 16 finished with value: 0.026573801091085147 and parameters: {'confidence_threshold': 0.8081044414796508, 'training_days': 500, 'n_estimators': 439, 'max_depth': 5, 'num_leaves': 44, 'learning_rate': 0.04000783783194877, 'subsample': 0.8868474056204897, 'colsample_bytree': 0.6982877056862742, 'min_child_samples': 77, 'reg_alpha': 3.433399905162048, 'reg_lambda': 2.768872688174693}. Best is trial 15 with value: 0.06241404506699222.
[I 2026-06-01 15:43:20,498] Trial 17 finished with value: 0.03688971437144347 and parameters: {'confidence_threshold': 0.5004748807695347, 'training_days': 410, 'n_estimators': 222, 'max_depth': 5, 'num_leaves': 45, 'learning_rate': 0.08071991766459136, 'subsample': 0.6925295562501528, 'colsample_bytree': 0.5984964593218911, 'min_child_samples': 88, 'reg_alpha': 0.0665483626924119, 'reg_lambda': 0.24484730805489516}. Best is trial 15 with value: 0.06241404506699222.
[I 2026-06-01 15:43:20,634] A new study created in memory with name: no-name-ce2f7235-806d-44f9-a459-ca68c695358a
[I 2026-06-01 15:43:20,817] Trial 0 finished with value: -0.03855106883274327 and parameters: {'confidence_threshold': 0.5870645682749857, 'training_days': 90, 'n_estimators': 403, 'max_depth': 5, 'num_leaves': 45, 'learning_rate': 0.0780457193679974, 'subsample': 0.9428509515574568, 'colsample_bytree': 0.8795587339164916, 'min_child_samples': 34, 'reg_alpha': 2.2465901234314442e-07, 'reg_lambda': 8.339007036475363e-05}. Best is trial 0 with value: -0.03855106883274327.
[I 2026-06-01 15:43:20,916] Trial 1 finished with value: -0.0008039501824979756 and parameters: {'confidence_threshold': 0.6348453934275313, 'training_days': 290, 'n_estimators': 115, 'max_depth': 5, 'num_leaves': 37, 'learning_rate': 0.06949568759029946, 'subsample': 0.8228505074024268, 'colsample_bytree': 0.8616703220431751, 'min_child_samples': 75, 'reg_alpha': 4.2486822725010923e-07, 'reg_lambda': 1.157247767047042e-07}. Best is trial 1 with value: -0.0008039501824979756.
[I 2026-06-01 15:43:20,933] Trial 2 finished with value: -4.070945843401214 and parameters: {'confidence_threshold': 0.5849570384370288, 'training_days': 10, 'n_estimators': 212, 'max_depth': 3, 'num_leaves': 41, 'learning_rate': 0.18452095998378365, 'subsample': 0.6001060822924371, 'colsample_bytree': 0.5673167293506167, 'min_child_samples': 37, 'reg_alpha': 5.733250064217131, 'reg_lambda': 0.5308454292595461}. Best is trial 1 with value: -0.0008039501824979756.
[I 2026-06-01 15:43:21,004] Trial 3 finished with value: -0.04253461548559731 and parameters: {'confidence_threshold': 0.6868248626683718, 'training_days': 220, 'n_estimators': 134, 'max_depth': 3, 'num_leaves': 45, 'learning_rate': 0.033529007907491595, 'subsample': 0.8647277071858408, 'colsample_bytree': 0.778494116634046, 'min_child_samples': 96, 'reg_alpha': 2.409409937265785e-07, 'reg_lambda': 1.1642073478060009}. Best is trial 1 with value: -0.0008039501824979756.
[I 2026-06-01 15:43:21,077] Trial 4 finished with value: -0.020669439903072722 and parameters: {'confidence_threshold': 0.5623121348350352, 'training_days': 300, 'n_estimators': 69, 'max_depth': 4, 'num_leaves': 32, 'learning_rate': 0.14967629360700346, 'subsample': 0.5054535233636654, 'colsample_bytree': 0.7401385194659216, 'min_child_samples': 27, 'reg_alpha': 1.4212042567426725e-07, 'reg_lambda': 0.23605753701352003}. Best is trial 1 with value: -0.0008039501824979756.
[I 2026-06-01 15:43:21,451] Trial 5 finished with value: 0.007384896408555074 and parameters: {'confidence_threshold': 0.7111850244908446, 'training_days': 490, 'n_estimators': 362, 'max_depth': 5, 'num_leaves': 40, 'learning_rate': 0.05960785724162737, 'subsample': 0.5589714368907717, 'colsample_bytree': 0.6659006943232806, 'min_child_samples': 42, 'reg_alpha': 0.6741360303045295, 'reg_lambda': 6.054601607143087e-08}. Best is trial 5 with value: 0.007384896408555074.
[I 2026-06-01 15:43:21,607] Trial 6 finished with value: 0.0050589898948390395 and parameters: {'confidence_threshold': 0.667482545748023, 'training_days': 420, 'n_estimators': 279, 'max_depth': 3, 'num_leaves': 45, 'learning_rate': 0.040099592560849204, 'subsample': 0.8563114696415159, 'colsample_bytree': 0.5442917781944105, 'min_child_samples': 50, 'reg_alpha': 1.6407916423707903e-08, 'reg_lambda': 2.935907642973286e-05}. Best is trial 5 with value: 0.007384896408555074.

    [trial 6] 48 features, training_days=410 | threshold=0.549 | labels: 1281 long, 890 short (59/41%)
    [trial 6] Sharpe=0.0395 (folds: 0.1414, 0.0624, 0.0253, -0.0359, 0.0044)
    [trial 7] 48 features, training_days=180 | threshold=0.526 | labels: 1281 long, 890 short (59/41%)
    [trial 7] Sharpe=0.0297 (folds: 0.0684, 0.1149, -0.0552, -0.0782, 0.0988)
    [trial 8] 48 features, training_days=240 | threshold=0.811 | labels: 1281 long, 890 short (59/41%)
    [trial 8] Sharpe=0.0323 (folds: 0.1181, 0.1212, -0.0907, -0.1790, 0.1919)
    [trial 9] 48 features, training_days=20 | threshold=0.538 | labels: 1281 long, 890 short (59/41%)
    [trial 9] Sharpe=-0.1246 (folds: 0.1091, -0.4093, -0.2262, -0.0726, -0.0240)
    [trial 10] 48 features, training_days=350 | threshold=0.738 | labels: 1281 long, 890 short (59/41%)
    [trial 10] Sharpe=-0.0084 (folds: 0.0259, 0.1386, -0.0721, -0.0908, -0.0436)
    [trial 11] 48 features, training_days=150 | threshold=0.597 | labels: 1281 long, 890 short (59/41%)
    [trial 11] Sharpe=-0.0003 (folds: 0.0990, 0.0109, -0.0335, -0.2021, 0.1240)
    [trial 12] 48 features, training_days=310 | threshold=0.669 | labels: 1281 long, 890 short (59/41%)
    [trial 12] Sharpe=0.0152 (folds: 0.1032, 0.0364, -0.0640, -0.0890, 0.0894)
    [trial 13] 48 features, training_days=140 | threshold=0.573 | labels: 1281 long, 890 short (59/41%)
    [trial 13] Sharpe=0.0203 (folds: 0.0902, 0.2470, -0.0285, -0.1686, -0.0388)
    [trial 14] 48 features, training_days=220 | threshold=0.702 | labels: 1281 long, 890 short (59/41%)
    [trial 14] Sharpe=0.1799 (folds: 0.1552, 0.5374, -0.1444, -0.0635, 0.4149)
    [trial 15] 48 features, training_days=260 | threshold=0.730 | labels: 1281 long, 890 short (59/41%)
    [trial 15] Sharpe=0.1816 (folds: 0.3199, -0.0873, 0.0774, -0.0840, 0.6822)
    [trial 16] 48 features, training_days=260 | threshold=0.741 | labels: 1281 long, 890 short (59/41%)
    [trial 16] Sharpe=0.1141 (folds: 0.0884, 0.0003, 0.0691, -0.1982, 0.6112)
    [trial 17] 48 features, training_days=90 | threshold=0.730 | labels: 1281 long, 890 short (59/41%)
    [trial 17] Sharpe=0.0420 (folds: -0.2431, 0.2453, 0.1424, -0.1325, 0.1977)
  Optuna: 18 trials, best Sharpe = 0.1816
  Best params: n_estimators=189, max_depth=4, lr=0.0100, leaves=49
  Best confidence_threshold: 0.730
  Best training_days: 260
  Retrained on full data (780 samples, 48 features)
  [ensemble 2/3] seed=123
    [trial 0] 48 features, training_days=150 | threshold=0.744 | labels: 1281 long, 890 short (59/41%)
    [CV fold 0] train_end=2020-05-25 08:00 | val_start=2020-06-02 00:00 | gap=184h (22 rows)
    [CV fold 1] train_end=2020-09-22 16:00 | val_start=2020-09-30 08:00 | gap=184h (22 rows)
    [CV fold 2] train_end=2021-01-21 00:00 | val_start=2021-01-28 16:00 | gap=184h (22 rows)
    [CV fold 3] train_end=2021-05-21 08:00 | val_start=2021-05-29 00:00 | gap=184h (22 rows)
    [CV fold 4] train_end=2021-09-18 16:00 | val_start=2021-09-26 08:00 | gap=184h (22 rows)
    [trial 0] Sharpe=-0.0419 (folds: 0.0768, -0.0505, -0.0932, -0.2095, 0.0669)
    [trial 1] 48 features, training_days=220 | threshold=0.755 | labels: 1281 long, 890 short (59/41%)
    [trial 1] Sharpe=-1.7624 (folds: 0.1928, 1.1266, -0.0325, -0.0990, -10.0000)
    [trial 2] 48 features, training_days=310 | threshold=0.754 | labels: 1281 long, 890 short (59/41%)
    [trial 2] Sharpe=0.0484 (folds: 0.0046, 0.0648, 0.0313, -0.0747, 0.2158)
    [trial 3] 48 features, training_days=220 | threshold=0.673 | labels: 1281 long, 890 short (59/41%)
    [trial 3] Sharpe=-0.0024 (folds: 0.0048, 0.1368, -0.0689, -0.1133, 0.0287)
    [trial 4] 48 features, training_days=130 | threshold=0.803 | labels: 1281 long, 890 short (59/41%)
    [trial 4] Sharpe=0.0508 (folds: 0.1809, 0.2099, -0.0266, -0.2034, 0.0934)
    [trial 5] 48 features, training_days=210 | threshold=0.606 | labels: 1281 long, 890 short (59/41%)
    [trial 5] Sharpe=0.0256 (folds: 0.0965, 0.2197, -0.0612, -0.1377, 0.0107)
    [trial 6] 48 features, training_days=130 | threshold=0.767 | labels: 1281 long, 890 short (59/41%)
    [trial 6] Sharpe=-0.0108 (folds: -0.0368, 0.0137, 0.0095, -0.1247, 0.0843)
    [trial 7] 48 features, training_days=80 | threshold=0.556 | labels: 1281 long, 890 short (59/41%)
    [trial 7] Sharpe=-0.0048 (folds: 0.0281, 0.0370, 0.0441, -0.0748, -0.0585)
    [trial 8] 48 features, training_days=200 | threshold=0.607 | labels: 1281 long, 890 short (59/41%)
    [trial 8] Sharpe=0.0192 (folds: 0.0045, 0.2000, -0.0350, -0.1606, 0.0869)
    [trial 9] 48 features, training_days=260 | threshold=0.620 | labels: 1281 long, 890 short (59/41%)
    [trial 9] Sharpe=-0.0029 (folds: 0.1328, 0.0011, -0.0677, -0.1513, 0.0707)
    [trial 10] 48 features, training_days=470 | threshold=0.845 | labels: 1281 long, 890 short (59/41%)
    [trial 10] Sharpe=-0.0515 (folds: 0.4044, 0.0972, -0.2606, -0.9465, 0.4481)
    [trial 11] 48 features, training_days=350 | threshold=0.837 | labels: 1281 long, 890 short (59/41%)
    [trial 11] Sharpe=-2.0061 (folds: 0.1582, -0.0394, -0.1117, -0.0375, -10.0000)
    [trial 12] 48 features, training_days=340 | threshold=0.784 | labels: 1281 long, 890 short (59/41%)
    [trial 12] Sharpe=-0.0002 (folds: 0.0227, 0.1181, -0.1138, -0.0643, 0.0366)
    [trial 13] 48 features, training_days=10 | threshold=0.720 | labels: 1281 long, 890 short (59/41%)
    [trial 13] Sharpe=-4.0709 (folds: -0.1045, -10.0000, -0.2262, -10.0000, -0.0240)
    [trial 14] 48 features, training_days=320 | threshold=0.697 | labels: 1281 long, 890 short (59/41%)
    [trial 14] Sharpe=0.0001 (folds: 0.0243, 0.0760, 0.0200, -0.1399, 0.0199)
    [trial 15] 48 features, training_days=430 | threshold=0.807 | labels: 1281 long, 890 short (59/41%)
    [trial 15] Sharpe=0.0624 (folds: 0.2107, 0.1102, -0.0679, -0.1093, 0.1684)
    [trial 16] 48 features, training_days=500 | threshold=0.808 | labels: 1281 long, 890 short (59/41%)
    [trial 16] Sharpe=0.0266 (folds: 0.1652, 0.1294, -0.0635, -0.1883, 0.0900)
    [trial 17] 48 features, training_days=410 | threshold=0.500 | labels: 1281 long, 890 short (59/41%)
    [trial 17] Sharpe=0.0369 (folds: 0.0715, 0.1320, -0.0535, -0.0241, 0.0586)
  Optuna: 18 trials, best Sharpe = 0.0624
  Best params: n_estimators=415, max_depth=5, lr=0.0367, leaves=44
  Best confidence_threshold: 0.807
  Best training_days: 430
  Retrained on full data (1290 samples, 48 features)
  [ensemble 3/3] seed=456
    [trial 0] 48 features, training_days=90 | threshold=0.587 | labels: 1281 long, 890 short (59/41%)
    [CV fold 0] train_end=2020-05-25 08:00 | val_start=2020-06-02 00:00 | gap=184h (22 rows)
    [CV fold 1] train_end=2020-09-22 16:00 | val_start=2020-09-30 08:00 | gap=184h (22 rows)
    [CV fold 2] train_end=2021-01-21 00:00 | val_start=2021-01-28 16:00 | gap=184h (22 rows)
    [CV fold 3] train_end=2021-05-21 08:00 | val_start=2021-05-29 00:00 | gap=184h (22 rows)
    [CV fold 4] train_end=2021-09-18 16:00 | val_start=2021-09-26 08:00 | gap=184h (22 rows)
    [trial 0] Sharpe=-0.0386 (folds: -0.0391, 0.0873, -0.0732, -0.0699, -0.0977)
    [trial 1] 48 features, training_days=290 | threshold=0.635 | labels: 1281 long, 890 short (59/41%)
    [trial 1] Sharpe=-0.0008 (folds: 0.0359, 0.0266, -0.0052, -0.1193, 0.0580)
    [trial 2] 48 features, training_days=10 | threshold=0.585 | labels: 1281 long, 890 short (59/41%)
    [trial 2] Sharpe=-4.0709 (folds: -0.1045, -10.0000, -0.2262, -10.0000, -0.0240)
    [trial 3] 48 features, training_days=220 | threshold=0.687 | labels: 1281 long, 890 short (59/41%)
    [trial 3] Sharpe=-0.0425 (folds: 0.0686, 0.1811, -0.1026, -0.2086, -0.1513)
    [trial 4] 48 features, training_days=300 | threshold=0.562 | labels: 1281 long, 890 short (59/41%)
    [trial 4] Sharpe=-0.0207 (folds: 0.0718, 0.0549, -0.0115, -0.1785, -0.0400)
    [trial 5] 48 features, training_days=490 | threshold=0.711 | labels: 1281 long, 890 short (59/41%)
    [trial 5] Sharpe=0.0074 (folds: 0.0841, 0.1393, -0.0365, -0.1198, -0.0302)
    [trial 6] 48 features, training_days=420 | threshold=0.667 | labels: 1281 long, 890 short (59/41%)
    [trial 6] Sharpe=0.0051 (folds: 0.0884, 0.0161, -0.0389, -0.0656, 0.0254)
    [trial 7] 48 features, training_days=120 | threshold=0.550 | labels: 1281 long, 890 short (59/41%)[I 2026-06-01 15:43:21,758] Trial 7 finished with value: 0.0021957759557896207 and parameters: {'confidence_threshold': 0.5497381024139926, 'training_days': 120, 'n_estimators': 408, 'max_depth': 5, 'num_leaves': 38, 'learning_rate': 0.28049122657745795, 'subsample': 0.8806573338635493, 'colsample_bytree': 0.5454054113547102, 'min_child_samples': 63, 'reg_alpha': 0.01263008637940408, 'reg_lambda': 0.04588020805366937}. Best is trial 5 with value: 0.007384896408555074.
[I 2026-06-01 15:43:21,989] Trial 8 finished with value: 0.030609740253771955 and parameters: {'confidence_threshold': 0.719644804808716, 'training_days': 450, 'n_estimators': 410, 'max_depth': 4, 'num_leaves': 57, 'learning_rate': 0.04022026551478857, 'subsample': 0.5336085426932707, 'colsample_bytree': 0.5705742850577543, 'min_child_samples': 100, 'reg_alpha': 5.916398047912201e-07, 'reg_lambda': 0.9794034214488329}. Best is trial 8 with value: 0.030609740253771955.
[I 2026-06-01 15:43:22,009] Trial 9 finished with value: -8.014514876951418 and parameters: {'confidence_threshold': 0.7267463643917187, 'training_days': 20, 'n_estimators': 337, 'max_depth': 5, 'num_leaves': 23, 'learning_rate': 0.022153031811454605, 'subsample': 0.6305627572358737, 'colsample_bytree': 0.6613413774216214, 'min_child_samples': 81, 'reg_alpha': 5.7638634029410314e-08, 'reg_lambda': 8.26603016764008}. Best is trial 8 with value: 0.030609740253771955.
[I 2026-06-01 15:43:22,317] Trial 10 finished with value: 0.07067328901518144 and parameters: {'confidence_threshold': 0.8283920119574972, 'training_days': 400, 'n_estimators': 485, 'max_depth': 4, 'num_leaves': 63, 'learning_rate': 0.011927505552849117, 'subsample': 0.7130289643560688, 'colsample_bytree': 0.9944479338273263, 'min_child_samples': 100, 'reg_alpha': 5.0239970328459277e-05, 'reg_lambda': 0.0028438774509831773}. Best is trial 10 with value: 0.07067328901518144.
[I 2026-06-01 15:43:22,622] Trial 11 finished with value: 0.11316294248786485 and parameters: {'confidence_threshold': 0.8431920368994753, 'training_days': 400, 'n_estimators': 478, 'max_depth': 4, 'num_leaves': 61, 'learning_rate': 0.010033528037260202, 'subsample': 0.6988002958677881, 'colsample_bytree': 0.9628722124262472, 'min_child_samples': 100, 'reg_alpha': 5.263694533895985e-05, 'reg_lambda': 0.0038935771291352755}. Best is trial 11 with value: 0.11316294248786485.
[I 2026-06-01 15:43:22,939] Trial 12 finished with value: 0.1332397216382971 and parameters: {'confidence_threshold': 0.8438571470748946, 'training_days': 380, 'n_estimators': 490, 'max_depth': 4, 'num_leaves': 63, 'learning_rate': 0.010159937976656527, 'subsample': 0.7118974055130827, 'colsample_bytree': 0.9826583982594713, 'min_child_samples': 85, 'reg_alpha': 5.113460481149383e-05, 'reg_lambda': 0.0025654558023732064}. Best is trial 12 with value: 0.1332397216382971.
[I 2026-06-01 15:43:23,246] Trial 13 finished with value: -2.0230129224545625 and parameters: {'confidence_threshold': 0.8491509226822421, 'training_days': 340, 'n_estimators': 497, 'max_depth': 4, 'num_leaves': 55, 'learning_rate': 0.010705997157931187, 'subsample': 0.7297071686352968, 'colsample_bytree': 0.9591893793820627, 'min_child_samples': 84, 'reg_alpha': 5.900837329147622e-05, 'reg_lambda': 0.0024053473580796887}. Best is trial 12 with value: 0.1332397216382971.
[I 2026-06-01 15:43:23,595] Trial 14 finished with value: 0.07214044997581213 and parameters: {'confidence_threshold': 0.7923679559701308, 'training_days': 360, 'n_estimators': 500, 'max_depth': 4, 'num_leaves': 62, 'learning_rate': 0.017771085918009254, 'subsample': 0.6776505255398512, 'colsample_bytree': 0.9104960823108069, 'min_child_samples': 66, 'reg_alpha': 0.0015221098663002438, 'reg_lambda': 2.9657614985995184e-06}. Best is trial 12 with value: 0.1332397216382971.
[I 2026-06-01 15:43:23,807] Trial 15 finished with value: 0.04976925544417775 and parameters: {'confidence_threshold': 0.7829525506318393, 'training_days': 220, 'n_estimators': 442, 'max_depth': 4, 'num_leaves': 54, 'learning_rate': 0.018366634759245874, 'subsample': 0.7883697618156693, 'colsample_bytree': 0.8144377937283438, 'min_child_samples': 88, 'reg_alpha': 8.389848446565311e-06, 'reg_lambda': 0.00387315817552123}. Best is trial 12 with value: 0.1332397216382971.
[I 2026-06-01 15:43:24,057] Trial 16 finished with value: -0.04469931482057361 and parameters: {'confidence_threshold': 0.7809712285122007, 'training_days': 500, 'n_estimators': 294, 'max_depth': 4, 'num_leaves': 51, 'learning_rate': 0.01003856720336505, 'subsample': 0.6577011495975604, 'colsample_bytree': 0.9373223525891455, 'min_child_samples': 71, 'reg_alpha': 0.0031944999728269687, 'reg_lambda': 0.022479599290053574}. Best is trial 12 with value: 0.1332397216382971.
[I 2026-06-01 15:43:24,199] Trial 17 finished with value: -0.003832978050743269 and parameters: {'confidence_threshold': 0.5080881579696632, 'training_days': 360, 'n_estimators': 224, 'max_depth': 3, 'num_leaves': 18, 'learning_rate': 0.02497780454863125, 'subsample': 0.7474684367768591, 'colsample_bytree': 0.9920053259992261, 'min_child_samples': 89, 'reg_alpha': 9.000775609768185e-06, 'reg_lambda': 0.0003508719870659409}. Best is trial 12 with value: 0.1332397216382971.
[I 2026-06-01 15:43:24,585] A new study created in memory with name: no-name-73afa8ad-b87f-47fd-bac4-5b9cb52f4853
[I 2026-06-01 15:43:24,887] Trial 0 finished with value: 0.011842059200343308 and parameters: {'confidence_threshold': 0.6310890415965769, 'training_days': 480, 'n_estimators': 380, 'max_depth': 4, 'num_leaves': 22, 'learning_rate': 0.01699897838270077, 'subsample': 0.5290418060840998, 'colsample_bytree': 0.9330880728874675, 'min_child_samples': 68, 'reg_alpha': 0.023585940584142682, 'reg_lambda': 1.5320059381854043e-08}. Best is trial 0 with value: 0.011842059200343308.
[I 2026-06-01 15:43:24,999] Trial 1 finished with value: -4.027708034858647 and parameters: {'confidence_threshold': 0.839468448256698, 'training_days': 420, 'n_estimators': 145, 'max_depth': 3, 'num_leaves': 23, 'learning_rate': 0.028145092716060652, 'subsample': 0.762378215816119, 'colsample_bytree': 0.7159725093210578, 'min_child_samples': 43, 'reg_alpha': 0.0032112643094417484, 'reg_lambda': 1.8007140198129195e-07}. Best is trial 0 with value: 0.011842059200343308.
[I 2026-06-01 15:43:25,126] Trial 2 finished with value: 0.014026922193125452 and parameters: {'confidence_threshold': 0.6022506269873263, 'training_days': 190, 'n_estimators': 255, 'max_depth': 5, 'num_leaves': 24, 'learning_rate': 0.05748924681991978, 'subsample': 0.7962072844310213, 'colsample_bytree': 0.5232252063599989, 'min_child_samples': 69, 'reg_alpha': 3.425445902633376e-07, 'reg_lambda': 3.850031979199519e-08}. Best is trial 2 with value: 0.014026922193125452.
[I 2026-06-01 15:43:25,369] Trial 3 finished with value: -0.011998653856010937 and parameters: {'confidence_threshold': 0.8321099380386666, 'training_days': 490, 'n_estimators': 414, 'max_depth': 3, 'num_leaves': 19, 'learning_rate': 0.1024932221692416, 'subsample': 0.7200762468698007, 'colsample_bytree': 0.5610191174223894, 'min_child_samples': 60, 'reg_alpha': 2.039373116525212e-08, 'reg_lambda': 1.527156759251193}. Best is trial 2 with value: 0.014026922193125452.
[I 2026-06-01 15:43:25,505] Trial 4 finished with value: 0.10619905316609546 and parameters: {'confidence_threshold': 0.5905729935600059, 'training_days': 340, 'n_estimators': 190, 'max_depth': 4, 'num_leaves': 41, 'learning_rate': 0.01875220945578641, 'subsample': 0.9847923138822793, 'colsample_bytree': 0.8875664116805573, 'min_child_samples': 96, 'reg_alpha': 1.1309571585271483, 'reg_lambda': 0.002404915432737351}. Best is trial 4 with value: 0.10619905316609546.
