[I 2026-06-01 15:43:52,109] Trial 17 finished with value: 0.08464034150828474 and parameters: {'confidence_threshold': 0.638223083085374, 'training_days': 330, 'n_estimators': 429, 'max_depth': 4, 'num_leaves': 59, 'learning_rate': 0.02514439255563828, 'subsample': 0.9372232163903185, 'colsample_bytree': 0.5903032838151694, 'min_child_samples': 55, 'reg_alpha': 7.674043559465562e-08, 'reg_lambda': 0.2035734995203613}. Best is trial 10 with value: 0.15359246637914561.
[I 2026-06-01 15:43:52,266] A new study created in memory with name: no-name-343a5031-ebde-49db-b358-72549052dcbf
[I 2026-06-01 15:43:52,459] Trial 0 finished with value: 0.08144552289590076 and parameters: {'confidence_threshold': 0.5870645682749857, 'training_days': 90, 'n_estimators': 403, 'max_depth': 5, 'num_leaves': 45, 'learning_rate': 0.0780457193679974, 'subsample': 0.9428509515574568, 'colsample_bytree': 0.8795587339164916, 'min_child_samples': 34, 'reg_alpha': 2.2465901234314442e-07, 'reg_lambda': 8.339007036475363e-05}. Best is trial 0 with value: 0.08144552289590076.
[I 2026-06-01 15:43:52,561] Trial 1 finished with value: 0.10581333049076491 and parameters: {'confidence_threshold': 0.6348453934275313, 'training_days': 290, 'n_estimators': 115, 'max_depth': 5, 'num_leaves': 37, 'learning_rate': 0.06949568759029946, 'subsample': 0.8228505074024268, 'colsample_bytree': 0.8616703220431751, 'min_child_samples': 75, 'reg_alpha': 4.2486822725010923e-07, 'reg_lambda': 1.157247767047042e-07}. Best is trial 1 with value: 0.10581333049076491.
[I 2026-06-01 15:43:52,577] Trial 2 finished with value: -0.1833022382363311 and parameters: {'confidence_threshold': 0.5849570384370288, 'training_days': 10, 'n_estimators': 212, 'max_depth': 3, 'num_leaves': 41, 'learning_rate': 0.18452095998378365, 'subsample': 0.6001060822924371, 'colsample_bytree': 0.5673167293506167, 'min_child_samples': 37, 'reg_alpha': 5.733250064217131, 'reg_lambda': 0.5308454292595461}. Best is trial 1 with value: 0.10581333049076491.
[I 2026-06-01 15:43:52,650] Trial 3 finished with value: 0.053094532755285376 and parameters: {'confidence_threshold': 0.6868248626683718, 'training_days': 220, 'n_estimators': 134, 'max_depth': 3, 'num_leaves': 45, 'learning_rate': 0.033529007907491595, 'subsample': 0.8647277071858408, 'colsample_bytree': 0.778494116634046, 'min_child_samples': 96, 'reg_alpha': 2.409409937265785e-07, 'reg_lambda': 1.1642073478060009}. Best is trial 1 with value: 0.10581333049076491.
[I 2026-06-01 15:43:52,727] Trial 4 finished with value: 0.04481017704721191 and parameters: {'confidence_threshold': 0.5623121348350352, 'training_days': 300, 'n_estimators': 69, 'max_depth': 4, 'num_leaves': 32, 'learning_rate': 0.14967629360700346, 'subsample': 0.5054535233636654, 'colsample_bytree': 0.7401385194659216, 'min_child_samples': 27, 'reg_alpha': 1.4212042567426725e-07, 'reg_lambda': 0.23605753701352003}. Best is trial 1 with value: 0.10581333049076491.
[I 2026-06-01 15:43:53,100] Trial 5 finished with value: 0.07678172679274783 and parameters: {'confidence_threshold': 0.7111850244908446, 'training_days': 490, 'n_estimators': 362, 'max_depth': 5, 'num_leaves': 40, 'learning_rate': 0.05960785724162737, 'subsample': 0.5589714368907717, 'colsample_bytree': 0.6659006943232806, 'min_child_samples': 42, 'reg_alpha': 0.6741360303045295, 'reg_lambda': 6.054601607143087e-08}. Best is trial 1 with value: 0.10581333049076491.
[I 2026-06-01 15:43:53,262] Trial 6 finished with value: 0.1969341727135447 and parameters: {'confidence_threshold': 0.667482545748023, 'training_days': 420, 'n_estimators': 279, 'max_depth': 3, 'num_leaves': 45, 'learning_rate': 0.040099592560849204, 'subsample': 0.8563114696415159, 'colsample_bytree': 0.5442917781944105, 'min_child_samples': 50, 'reg_alpha': 1.6407916423707903e-08, 'reg_lambda': 2.935907642973286e-05}. Best is trial 6 with value: 0.1969341727135447.
[I 2026-06-01 15:43:53,399] Trial 7 finished with value: 0.049501280332880385 and parameters: {'confidence_threshold': 0.5497381024139926, 'training_days': 120, 'n_estimators': 408, 'max_depth': 5, 'num_leaves': 38, 'learning_rate': 0.28049122657745795, 'subsample': 0.8806573338635493, 'colsample_bytree': 0.5454054113547102, 'min_child_samples': 63, 'reg_alpha': 0.01263008637940408, 'reg_lambda': 0.04588020805366937}. Best is trial 6 with value: 0.1969341727135447.
[I 2026-06-01 15:43:53,651] Trial 8 finished with value: 0.13402707297905087 and parameters: {'confidence_threshold': 0.719644804808716, 'training_days': 450, 'n_estimators': 410, 'max_depth': 4, 'num_leaves': 57, 'learning_rate': 0.04022026551478857, 'subsample': 0.5336085426932707, 'colsample_bytree': 0.5705742850577543, 'min_child_samples': 100, 'reg_alpha': 5.916398047912201e-07, 'reg_lambda': 0.9794034214488329}. Best is trial 6 with value: 0.1969341727135447.

    [trial 8] Sharpe=0.1709 (folds: 0.3337, 0.0716, -0.1582, 0.1836, 0.4241)
    [trial 9] 48 features, training_days=20 | threshold=0.538 | labels: 1247 long, 921 short (58/42%)
    [trial 9] Sharpe=0.0586 (folds: -0.2039, 0.3561, 0.0197, 0.0872, 0.0338)
    [trial 10] 48 features, training_days=280 | threshold=0.734 | labels: 1247 long, 921 short (58/42%)
    [trial 10] Sharpe=0.0978 (folds: 0.2298, 0.0237, -0.0586, 0.1324, 0.1619)
    [trial 11] 48 features, training_days=170 | threshold=0.695 | labels: 1247 long, 921 short (58/42%)
    [trial 11] Sharpe=0.1135 (folds: 0.4160, -0.0112, -0.1996, 0.1187, 0.2433)
    [trial 12] 48 features, training_days=270 | threshold=0.768 | labels: 1247 long, 921 short (58/42%)
    [trial 12] Sharpe=0.1173 (folds: 0.1938, 0.1489, -0.1401, 0.1275, 0.2565)
    [trial 13] 48 features, training_days=350 | threshold=0.646 | labels: 1247 long, 921 short (58/42%)
    [trial 13] Sharpe=0.0609 (folds: 0.1668, 0.0519, -0.0330, 0.0188, 0.1003)
    [trial 14] 48 features, training_days=100 | threshold=0.661 | labels: 1247 long, 921 short (58/42%)
    [trial 14] Sharpe=0.0673 (folds: 0.1479, -0.0027, 0.0129, 0.0994, 0.0789)
    [trial 15] 48 features, training_days=490 | threshold=0.778 | labels: 1247 long, 921 short (58/42%)
    [trial 15] Sharpe=-7.9849 (folds: -10.0000, -10.0000, 0.0757, -10.0000, -10.0000)
    [trial 16] 48 features, training_days=220 | threshold=0.708 | labels: 1247 long, 921 short (58/42%)
    [trial 16] Sharpe=0.1148 (folds: 0.2269, 0.1099, -0.1238, 0.1244, 0.2366)
    [trial 17] 48 features, training_days=110 | threshold=0.622 | labels: 1247 long, 921 short (58/42%)
    [trial 17] Sharpe=0.0835 (folds: 0.1858, 0.0338, -0.0792, 0.0636, 0.2135)
  Optuna: 18 trials, best Sharpe = 0.1709
  Best params: n_estimators=103, max_depth=5, lr=0.0675, leaves=52
  Best confidence_threshold: 0.811
  Best training_days: 240
  Retrained on full data (720 samples, 48 features)
  [ensemble 2/3] seed=123
    [trial 0] 48 features, training_days=150 | threshold=0.744 | labels: 1247 long, 921 short (58/42%)
    [CV fold 0] train_end=2020-08-22 08:00 | val_start=2020-08-30 00:00 | gap=184h (22 rows)
    [CV fold 1] train_end=2020-12-20 16:00 | val_start=2020-12-28 08:00 | gap=184h (22 rows)
    [CV fold 2] train_end=2021-04-20 00:00 | val_start=2021-04-27 16:00 | gap=184h (22 rows)
    [CV fold 3] train_end=2021-08-18 08:00 | val_start=2021-08-26 00:00 | gap=184h (22 rows)
    [CV fold 4] train_end=2021-12-16 16:00 | val_start=2021-12-24 08:00 | gap=184h (22 rows)
    [trial 0] Sharpe=0.0774 (folds: 0.2818, 0.0277, -0.0779, 0.0991, 0.0564)
    [trial 1] 48 features, training_days=220 | threshold=0.755 | labels: 1247 long, 921 short (58/42%)
    [trial 1] Sharpe=-1.7511 (folds: 0.6425, 0.3988, -0.1865, -10.0000, 0.3898)
    [trial 2] 48 features, training_days=310 | threshold=0.754 | labels: 1247 long, 921 short (58/42%)
    [trial 2] Sharpe=0.0944 (folds: 0.1638, -0.0363, -0.1533, 0.1476, 0.3503)
    [trial 3] 48 features, training_days=220 | threshold=0.673 | labels: 1247 long, 921 short (58/42%)
    [trial 3] Sharpe=0.0985 (folds: 0.2209, 0.0361, -0.1230, 0.1750, 0.1832)
    [trial 4] 48 features, training_days=130 | threshold=0.803 | labels: 1247 long, 921 short (58/42%)
    [trial 4] Sharpe=0.0241 (folds: 0.2458, -0.0161, -0.1037, 0.0496, -0.0548)
    [trial 5] 48 features, training_days=210 | threshold=0.606 | labels: 1247 long, 921 short (58/42%)
    [trial 5] Sharpe=0.0965 (folds: 0.1732, 0.0839, -0.1049, 0.1591, 0.1712)
    [trial 6] 48 features, training_days=130 | threshold=0.767 | labels: 1247 long, 921 short (58/42%)
    [trial 6] Sharpe=0.0320 (folds: 0.1823, -0.0435, -0.1486, 0.0742, 0.0959)
    [trial 7] 48 features, training_days=80 | threshold=0.556 | labels: 1247 long, 921 short (58/42%)
    [trial 7] Sharpe=0.0620 (folds: 0.2123, 0.0771, 0.0768, -0.0163, -0.0396)
    [trial 8] 48 features, training_days=200 | threshold=0.607 | labels: 1247 long, 921 short (58/42%)
    [trial 8] Sharpe=0.0323 (folds: 0.2320, -0.0479, -0.2707, 0.0630, 0.1848)
    [trial 9] 48 features, training_days=260 | threshold=0.620 | labels: 1247 long, 921 short (58/42%)
    [trial 9] Sharpe=0.0895 (folds: 0.2661, 0.0285, -0.1111, 0.0022, 0.2617)
    [trial 10] 48 features, training_days=470 | threshold=0.676 | labels: 1247 long, 921 short (58/42%)
    [trial 10] Sharpe=0.1536 (folds: 0.2782, 0.0229, -0.1155, 0.1164, 0.4661)
    [trial 11] 48 features, training_days=480 | threshold=0.680 | labels: 1247 long, 921 short (58/42%)
    [trial 11] Sharpe=0.1290 (folds: 0.2682, 0.0043, -0.1054, 0.0896, 0.3882)
    [trial 12] 48 features, training_days=500 | threshold=0.680 | labels: 1247 long, 921 short (58/42%)
    [trial 12] Sharpe=0.1488 (folds: 0.2568, 0.0402, -0.0942, 0.1127, 0.4286)
    [trial 13] 48 features, training_days=500 | threshold=0.671 | labels: 1247 long, 921 short (58/42%)
    [trial 13] Sharpe=0.1159 (folds: 0.2598, 0.0272, -0.1378, 0.0774, 0.3526)
    [trial 14] 48 features, training_days=400 | threshold=0.517 | labels: 1247 long, 921 short (58/42%)
    [trial 14] Sharpe=0.1034 (folds: 0.2270, 0.0076, -0.0281, 0.0638, 0.2465)
    [trial 15] 48 features, training_days=400 | threshold=0.707 | labels: 1247 long, 921 short (58/42%)
    [trial 15] Sharpe=0.1282 (folds: 0.2187, 0.0234, -0.0948, 0.1333, 0.3602)
    [trial 16] 48 features, training_days=430 | threshold=0.822 | labels: 1247 long, 921 short (58/42%)
    [trial 16] Sharpe=-1.7554 (folds: 0.8979, 0.1274, -0.1631, 0.3607, -10.0000)
    [trial 17] 48 features, training_days=330 | threshold=0.638 | labels: 1247 long, 921 short (58/42%)
    [trial 17] Sharpe=0.0846 (folds: 0.2265, 0.0085, -0.0587, 0.0664, 0.1804)
  Optuna: 18 trials, best Sharpe = 0.1536
  Best params: n_estimators=493, max_depth=4, lr=0.0102, leaves=63
  Best confidence_threshold: 0.676
  Best training_days: 470
  Retrained on full data (1410 samples, 48 features)
  [ensemble 3/3] seed=456
    [trial 0] 48 features, training_days=90 | threshold=0.587 | labels: 1247 long, 921 short (58/42%)
    [CV fold 0] train_end=2020-08-22 08:00 | val_start=2020-08-30 00:00 | gap=184h (22 rows)
    [CV fold 1] train_end=2020-12-20 16:00 | val_start=2020-12-28 08:00 | gap=184h (22 rows)
    [CV fold 2] train_end=2021-04-20 00:00 | val_start=2021-04-27 16:00 | gap=184h (22 rows)
    [CV fold 3] train_end=2021-08-18 08:00 | val_start=2021-08-26 00:00 | gap=184h (22 rows)
    [CV fold 4] train_end=2021-12-16 16:00 | val_start=2021-12-24 08:00 | gap=184h (22 rows)
    [trial 0] Sharpe=0.0814 (folds: 0.2197, 0.1065, -0.1180, 0.1371, 0.0618)
    [trial 1] 48 features, training_days=290 | threshold=0.635 | labels: 1247 long, 921 short (58/42%)
    [trial 1] Sharpe=0.1058 (folds: 0.3005, 0.0596, -0.0295, 0.0748, 0.1237)
    [trial 2] 48 features, training_days=10 | threshold=0.585 | labels: 1247 long, 921 short (58/42%)
    [trial 2] Sharpe=-0.1833 (folds: -0.2039, -0.5024, 0.0197, -0.1562, -0.0736)
    [trial 3] 48 features, training_days=220 | threshold=0.687 | labels: 1247 long, 921 short (58/42%)
    [trial 3] Sharpe=0.0531 (folds: 0.3347, 0.0079, -0.1587, -0.0023, 0.0840)
    [trial 4] 48 features, training_days=300 | threshold=0.562 | labels: 1247 long, 921 short (58/42%)
    [trial 4] Sharpe=0.0448 (folds: 0.1559, -0.0285, -0.0360, 0.0610, 0.0717)
    [trial 5] 48 features, training_days=490 | threshold=0.711 | labels: 1247 long, 921 short (58/42%)
    [trial 5] Sharpe=0.0768 (folds: 0.1944, 0.0645, -0.1450, 0.0721, 0.1980)
    [trial 6] 48 features, training_days=420 | threshold=0.667 | labels: 1247 long, 921 short (58/42%)
    [trial 6] Sharpe=0.1969 (folds: 0.2403, 0.0505, -0.0962, 0.1326, 0.6574)
    [trial 7] 48 features, training_days=120 | threshold=0.550 | labels: 1247 long, 921 short (58/42%)
    [trial 7] Sharpe=0.0495 (folds: 0.1725, -0.1040, 0.0282, 0.0212, 0.1297)
    [trial 8] 48 features, training_days=450 | threshold=0.720 | labels: 1247 long, 921 short (58/42%)
    [trial 8] Sharpe=0.1340 (folds: 0.1913, 0.0921, -0.0650, 0.0650, 0.3867)
    [trial 9] 48 features, training_days=20 | threshold=0.727 | labels: 1247 long, 921 short (58/42%)
    [trial 9] Sharpe=-5.9758 (folds: -10.0000, -10.0000, -10.0000, 0.0872, 0.0338)[I 2026-06-01 15:43:53,671] Trial 9 finished with value: -5.97581561585867 and parameters: {'confidence_threshold': 0.7267463643917187, 'training_days': 20, 'n_estimators': 337, 'max_depth': 5, 'num_leaves': 23, 'learning_rate': 0.022153031811454605, 'subsample': 0.6305627572358737, 'colsample_bytree': 0.6613413774216214, 'min_child_samples': 81, 'reg_alpha': 5.7638634029410314e-08, 'reg_lambda': 8.26603016764008}. Best is trial 6 with value: 0.1969341727135447.
[I 2026-06-01 15:43:53,840] Trial 10 finished with value: -1.8420565499314712 and parameters: {'confidence_threshold': 0.8283920119574972, 'training_days': 400, 'n_estimators': 240, 'max_depth': 3, 'num_leaves': 62, 'learning_rate': 0.011921022686883517, 'subsample': 0.7130289643560688, 'colsample_bytree': 0.9944479338273263, 'min_child_samples': 54, 'reg_alpha': 6.837313901272251e-05, 'reg_lambda': 2.741063772648371e-05}. Best is trial 6 with value: 0.1969341727135447.
[I 2026-06-01 15:43:54,107] Trial 11 finished with value: 0.1566035161759619 and parameters: {'confidence_threshold': 0.7828153509856824, 'training_days': 500, 'n_estimators': 478, 'max_depth': 4, 'num_leaves': 58, 'learning_rate': 0.03003469823170691, 'subsample': 0.7390439957698561, 'colsample_bytree': 0.5017024210185925, 'min_child_samples': 100, 'reg_alpha': 2.3530491583503867e-05, 'reg_lambda': 0.00647465266809438}. Best is trial 6 with value: 0.1969341727135447.
[I 2026-06-01 15:43:54,421] Trial 12 finished with value: 0.18425783567992038 and parameters: {'confidence_threshold': 0.8008961038526314, 'training_days': 380, 'n_estimators': 490, 'max_depth': 4, 'num_leaves': 54, 'learning_rate': 0.01924681962976845, 'subsample': 0.7462116519928502, 'colsample_bytree': 0.5170921355329543, 'min_child_samples': 55, 'reg_alpha': 5.113460481149383e-05, 'reg_lambda': 0.0022105109201275095}. Best is trial 6 with value: 0.1969341727135447.
[I 2026-06-01 15:43:54,772] Trial 13 finished with value: 0.2563953165120866 and parameters: {'confidence_threshold': 0.8484010539254527, 'training_days': 380, 'n_estimators': 495, 'max_depth': 4, 'num_leaves': 52, 'learning_rate': 0.013893880554546854, 'subsample': 0.7914262740074289, 'colsample_bytree': 0.633238312765511, 'min_child_samples': 53, 'reg_alpha': 0.0009698630265083209, 'reg_lambda': 3.823279549595616e-06}. Best is trial 13 with value: 0.2563953165120866.
[I 2026-06-01 15:43:54,969] Trial 14 finished with value: 0.19013802738656285 and parameters: {'confidence_threshold': 0.6426083220760456, 'training_days': 360, 'n_estimators': 290, 'max_depth': 3, 'num_leaves': 50, 'learning_rate': 0.011028531756391773, 'subsample': 0.9677327623671566, 'colsample_bytree': 0.6391418519595193, 'min_child_samples': 48, 'reg_alpha': 0.0035772674959432143, 'reg_lambda': 2.8773120379028485e-06}. Best is trial 13 with value: 0.2563953165120866.
[I 2026-06-01 15:43:55,070] Trial 15 finished with value: 0.14338736571618588 and parameters: {'confidence_threshold': 0.7594279795954488, 'training_days': 220, 'n_estimators': 191, 'max_depth': 3, 'num_leaves': 27, 'learning_rate': 0.018044869800091068, 'subsample': 0.802844115750489, 'colsample_bytree': 0.6171756202837292, 'min_child_samples': 68, 'reg_alpha': 0.002133995302102601, 'reg_lambda': 2.0702606002261897e-06}. Best is trial 13 with value: 0.2563953165120866.
[I 2026-06-01 15:43:55,325] Trial 16 finished with value: 0.09055847758542228 and parameters: {'confidence_threshold': 0.8473250436717737, 'training_days': 420, 'n_estimators': 285, 'max_depth': 4, 'num_leaves': 50, 'learning_rate': 0.10379444971121315, 'subsample': 0.6623724467558518, 'colsample_bytree': 0.7247349539065998, 'min_child_samples': 20, 'reg_alpha': 5.986281062155318e-06, 'reg_lambda': 2.1910637165402776e-06}. Best is trial 13 with value: 0.2563953165120866.
[I 2026-06-01 15:43:55,576] Trial 17 finished with value: 0.058289225474593 and parameters: {'confidence_threshold': 0.5025548064761127, 'training_days': 330, 'n_estimators': 450, 'max_depth': 3, 'num_leaves': 18, 'learning_rate': 0.04554985186757644, 'subsample': 0.9027371180411835, 'colsample_bytree': 0.5964480190013624, 'min_child_samples': 47, 'reg_alpha': 0.0006969845823656336, 'reg_lambda': 0.0006588362150647278}. Best is trial 13 with value: 0.2563953165120866.
[I 2026-06-01 15:43:56,025] A new study created in memory with name: no-name-dd7e9b1e-49e0-44b7-bb58-a576ee25cd7f
[I 2026-06-01 15:43:56,301] Trial 0 finished with value: 0.01136739704421275 and parameters: {'confidence_threshold': 0.6310890415965769, 'training_days': 480, 'n_estimators': 380, 'max_depth': 4, 'num_leaves': 22, 'learning_rate': 0.01699897838270077, 'subsample': 0.5290418060840998, 'colsample_bytree': 0.9330880728874675, 'min_child_samples': 68, 'reg_alpha': 0.023585940584142682, 'reg_lambda': 1.5320059381854043e-08}. Best is trial 0 with value: 0.01136739704421275.
[I 2026-06-01 15:43:56,397] Trial 1 finished with value: -3.9320096088392313 and parameters: {'confidence_threshold': 0.839468448256698, 'training_days': 420, 'n_estimators': 145, 'max_depth': 3, 'num_leaves': 23, 'learning_rate': 0.028145092716060652, 'subsample': 0.762378215816119, 'colsample_bytree': 0.7159725093210578, 'min_child_samples': 43, 'reg_alpha': 0.0032112643094417484, 'reg_lambda': 1.8007140198129195e-07}. Best is trial 0 with value: 0.01136739704421275.
[I 2026-06-01 15:43:56,529] Trial 2 finished with value: 0.00819231196287111 and parameters: {'confidence_threshold': 0.6022506269873263, 'training_days': 190, 'n_estimators': 255, 'max_depth': 5, 'num_leaves': 24, 'learning_rate': 0.05748924681991978, 'subsample': 0.7962072844310213, 'colsample_bytree': 0.5232252063599989, 'min_child_samples': 69, 'reg_alpha': 3.425445902633376e-07, 'reg_lambda': 3.850031979199519e-08}. Best is trial 0 with value: 0.01136739704421275.
[I 2026-06-01 15:43:56,770] Trial 3 finished with value: 0.03901630420832544 and parameters: {'confidence_threshold': 0.8321099380386666, 'training_days': 490, 'n_estimators': 414, 'max_depth': 3, 'num_leaves': 19, 'learning_rate': 0.1024932221692416, 'subsample': 0.7200762468698007, 'colsample_bytree': 0.5610191174223894, 'min_child_samples': 60, 'reg_alpha': 2.039373116525212e-08, 'reg_lambda': 1.527156759251193}. Best is trial 3 with value: 0.03901630420832544.
[I 2026-06-01 15:43:56,913] Trial 4 finished with value: -0.05452885184005255 and parameters: {'confidence_threshold': 0.5905729935600059, 'training_days': 340, 'n_estimators': 190, 'max_depth': 4, 'num_leaves': 41, 'learning_rate': 0.01875220945578641, 'subsample': 0.9847923138822793, 'colsample_bytree': 0.8875664116805573, 'min_child_samples': 96, 'reg_alpha': 1.1309571585271483, 'reg_lambda': 0.002404915432737351}. Best is trial 3 with value: 0.03901630420832544.
[I 2026-06-01 15:43:56,950] Trial 5 finished with value: 0.03230666460018936 and parameters: {'confidence_threshold': 0.8226559822580909, 'training_days': 50, 'n_estimators': 138, 'max_depth': 3, 'num_leaves': 30, 'learning_rate': 0.03750796359625606, 'subsample': 0.6356745158869479, 'colsample_bytree': 0.9143687545759647, 'min_child_samples': 48, 'reg_alpha': 3.376063348877853e-06, 'reg_lambda': 0.0007660634613082914}. Best is trial 3 with value: 0.03901630420832544.
