[I 2026-06-01 15:50:05,453] Trial 17 finished with value: 0.16286458128058443 and parameters: {'confidence_threshold': 0.8453268545148536, 'training_days': 140, 'n_estimators': 60, 'max_depth': 3, 'num_leaves': 16, 'learning_rate': 0.10247426552616869, 'subsample': 0.8002407697944357, 'colsample_bytree': 0.9920053259992261, 'min_child_samples': 54, 'reg_alpha': 0.0518917590174654, 'reg_lambda': 1.9791974745893443e-06}. Best is trial 16 with value: 0.1672836468373355.

    [trial 8] 48 features, training_days=200 | threshold=0.607 | labels: 1102 long, 1069 short (51/49%)
    [trial 8] Sharpe=0.0514 (folds: 0.2450, 0.1402, -0.0646, 0.0996, -0.1633)
    [trial 9] 48 features, training_days=260 | threshold=0.620 | labels: 1102 long, 1069 short (51/49%)
    [trial 9] Sharpe=0.0724 (folds: 0.2854, 0.0963, -0.0051, 0.1376, -0.1524)
    [trial 10] 48 features, training_days=470 | threshold=0.845 | labels: 1102 long, 1069 short (51/49%)
    [trial 10] Sharpe=0.0129 (folds: 0.2528, 0.1009, -0.1615, 0.1063, -0.2338)
    [trial 11] 48 features, training_days=20 | threshold=0.837 | labels: 1102 long, 1069 short (51/49%)
    [trial 11] Sharpe=-10.0000 (folds: -10.0000, -10.0000, -10.0000, -10.0000, -10.0000)
    [trial 12] 48 features, training_days=120 | threshold=0.798 | labels: 1102 long, 1069 short (51/49%)
    [trial 12] Sharpe=0.1007 (folds: 0.2743, 0.3535, 0.0107, 0.0402, -0.1753)
    [trial 13] 48 features, training_days=10 | threshold=0.719 | labels: 1102 long, 1069 short (51/49%)
    [trial 13] Sharpe=-2.0512 (folds: -10.0000, -0.1499, -0.0664, -0.1328, 0.0933)
    [trial 14] 48 features, training_days=340 | threshold=0.803 | labels: 1102 long, 1069 short (51/49%)
    [trial 14] Sharpe=0.0956 (folds: 0.2578, 0.1453, 0.0454, 0.1166, -0.0873)
    [trial 15] 48 features, training_days=90 | threshold=0.699 | labels: 1102 long, 1069 short (51/49%)
    [trial 15] Sharpe=0.1391 (folds: 0.2259, 0.3034, 0.1964, 0.1353, -0.1654)
    [trial 16] 48 features, training_days=60 | threshold=0.674 | labels: 1102 long, 1069 short (51/49%)
    [trial 16] Sharpe=0.0268 (folds: 0.1693, 0.2419, -0.0536, 0.1512, -0.3750)
    [trial 17] 48 features, training_days=80 | threshold=0.500 | labels: 1102 long, 1069 short (51/49%)
    [trial 17] Sharpe=0.0577 (folds: 0.1176, 0.3002, 0.0255, 0.1465, -0.3011)
  Optuna: 18 trials, best Sharpe = 0.1391
  Best params: n_estimators=114, max_depth=4, lr=0.0483, leaves=25
  Best confidence_threshold: 0.699
  Best training_days: 90
  Retrained on full data (270 samples, 48 features)
  [ensemble 3/3] seed=456
    [trial 0] 48 features, training_days=90 | threshold=0.587 | labels: 1102 long, 1069 short (51/49%)
    [CV fold 0] train_end=2023-07-24 08:00 | val_start=2023-08-01 00:00 | gap=184h (22 rows)
    [CV fold 1] train_end=2023-11-21 16:00 | val_start=2023-11-29 08:00 | gap=184h (22 rows)
    [CV fold 2] train_end=2024-03-21 00:00 | val_start=2024-03-28 16:00 | gap=184h (22 rows)
    [CV fold 3] train_end=2024-07-19 08:00 | val_start=2024-07-27 00:00 | gap=184h (22 rows)
    [CV fold 4] train_end=2024-11-16 16:00 | val_start=2024-11-24 08:00 | gap=184h (22 rows)
    [trial 0] Sharpe=0.0746 (folds: 0.2240, 0.2279, 0.0952, 0.1597, -0.3337)
    [trial 1] 48 features, training_days=290 | threshold=0.635 | labels: 1102 long, 1069 short (51/49%)
    [trial 1] Sharpe=0.0855 (folds: 0.3713, 0.1137, -0.0230, 0.0926, -0.1270)
    [trial 2] 48 features, training_days=10 | threshold=0.585 | labels: 1102 long, 1069 short (51/49%)
    [trial 2] Sharpe=-2.0512 (folds: -10.0000, -0.1499, -0.0664, -0.1328, 0.0933)
    [trial 3] 48 features, training_days=220 | threshold=0.687 | labels: 1102 long, 1069 short (51/49%)
    [trial 3] Sharpe=0.1092 (folds: 0.3517, 0.2791, 0.0452, 0.1002, -0.2301)
    [trial 4] 48 features, training_days=300 | threshold=0.562 | labels: 1102 long, 1069 short (51/49%)
    [trial 4] Sharpe=0.0288 (folds: 0.1795, 0.0473, -0.0037, 0.0619, -0.1409)
    [trial 5] 48 features, training_days=490 | threshold=0.711 | labels: 1102 long, 1069 short (51/49%)
    [trial 5] Sharpe=0.0588 (folds: 0.2079, 0.1209, 0.0588, 0.0433, -0.1369)
    [trial 6] 48 features, training_days=420 | threshold=0.667 | labels: 1102 long, 1069 short (51/49%)
    [trial 6] Sharpe=0.0887 (folds: 0.2652, 0.1042, 0.0343, 0.1189, -0.0790)
    [trial 7] 48 features, training_days=120 | threshold=0.550 | labels: 1102 long, 1069 short (51/49%)
    [trial 7] Sharpe=0.0384 (folds: 0.1642, 0.0361, -0.0068, 0.0639, -0.0652)
    [trial 8] 48 features, training_days=450 | threshold=0.720 | labels: 1102 long, 1069 short (51/49%)
    [trial 8] Sharpe=0.0987 (folds: 0.3832, 0.1686, -0.0028, 0.0233, -0.0786)
    [trial 9] 48 features, training_days=20 | threshold=0.727 | labels: 1102 long, 1069 short (51/49%)
    [trial 9] Sharpe=-2.0673 (folds: -0.2154, -10.0000, 0.0763, 0.0921, -0.2893)
    [trial 10] 48 features, training_days=200 | threshold=0.828 | labels: 1102 long, 1069 short (51/49%)
    [trial 10] Sharpe=-5.9390 (folds: -10.0000, -10.0000, 0.2110, 0.0941, -10.0000)
    [trial 11] 48 features, training_days=380 | threshold=0.777 | labels: 1102 long, 1069 short (51/49%)
    [trial 11] Sharpe=0.0789 (folds: 0.4150, 0.1566, -0.0240, -0.0070, -0.1462)
    [trial 12] 48 features, training_days=200 | threshold=0.745 | labels: 1102 long, 1069 short (51/49%)
    [trial 12] Sharpe=0.0886 (folds: 0.4370, 0.3365, 0.0382, 0.0952, -0.4639)
    [trial 13] 48 features, training_days=370 | threshold=0.674 | labels: 1102 long, 1069 short (51/49%)
    [trial 13] Sharpe=0.1029 (folds: 0.4705, 0.1459, 0.0031, 0.0333, -0.1381)
    [trial 14] 48 features, training_days=350 | threshold=0.644 | labels: 1102 long, 1069 short (51/49%)
    [trial 14] Sharpe=0.0478 (folds: 0.3278, 0.1044, -0.0369, -0.0826, -0.0739)
    [trial 15] 48 features, training_days=220 | threshold=0.783 | labels: 1102 long, 1069 short (51/49%)
    [trial 15] Sharpe=0.1309 (folds: 0.4146, 0.3327, 0.0623, 0.1111, -0.2663)
    [trial 16] 48 features, training_days=220 | threshold=0.849 | labels: 1102 long, 1069 short (51/49%)
    [trial 16] Sharpe=0.1673 (folds: 0.4432, 0.5269, 0.1008, 0.1660, -0.4006)
    [trial 17] 48 features, training_days=140 | threshold=0.845 | labels: 1102 long, 1069 short (51/49%)
    [trial 17] Sharpe=0.1629 (folds: 0.1769, 0.6216, -0.0366, 0.0744, -0.0220)
  Optuna: 18 trials, best Sharpe = 0.1673
  Best params: n_estimators=125, max_depth=3, lr=0.1098, leaves=15
  Best confidence_threshold: 0.849
  Best training_days: 220
  Retrained on full data (660 samples, 48 features)
  OOD: 16 features, cutoff (q=0.7) = 14.08
  Model trained for 2025-04: 90 test candles with features, confidence_threshold=0.765
[predict] 2025-04-01 16:00 ETHUSDT → SHORT (proba=0.78 TP=9.6%/SL=4.8%)
[trade:open] 2025-04-01 23:59 ETHUSDT SHORT @ 1904.21 | SL=1995.99 TP=1720.66 | timeout=2025-04-08 23:59
[trade:close] 2025-04-06 23:59 ETHUSDT SHORT → take_profit @ 1720.66 | PnL=+9.64% (net +9.54%) | cum=-1.44% 2025-04=+9.54% 2025-04-06=+9.54%
[predict] 2025-04-13 08:00 ETHUSDT → SHORT (proba=0.81 TP=16.3%/SL=8.2%)
[trade:open] 2025-04-13 15:59 ETHUSDT SHORT @ 1585.92 | SL=1715.19 TP=1327.37 | timeout=2025-04-20 15:59
[trade:close] 2025-04-20 16:00 ETHUSDT SHORT → timeout @ 1572.80 | PnL=+0.83% (net +0.73%) | cum=-0.72% 2025-04=+10.27% 2025-04-20=+0.73%
[predict] 2025-04-21 08:00 ETHUSDT → SHORT (proba=0.85 TP=9.5%/SL=4.8%)
[trade:open] 2025-04-21 15:59 ETHUSDT SHORT @ 1622.50 | SL=1699.60 TP=1468.30 | timeout=2025-04-28 15:59
[trade:close] 2025-04-22 15:59 ETHUSDT SHORT → stop_loss @ 1699.60 | PnL=-4.75% (net -4.85%) | cum=-5.57% 2025-04=+5.41% 2025-04-22=-4.85%
[predict] 2025-04-26 00:00 ETHUSDT → SHORT (proba=0.82 TP=10.2%/SL=5.1%)
[trade:open] 2025-04-26 07:59 ETHUSDT SHORT @ 1799.54 | SL=1891.61 TP=1615.41 | timeout=2025-05-03 07:59
[lgbm] === Training for 2025-05 ===
  Train window: 2023-05-01 → 2025-04-23
  2171 training samples from 1 symbols
  Samples per month: 2023-05: 93, 2023-06: 90, 2023-07: 93, 2023-08: 93, 2023-09: 90, 2023-10: 93, 2023-11: 90, 2023-12: 93, 2024-01: 93, 2024-02: 87, 2024-03: 93, 2024-04: 90, 2024-05: 93, 2024-06: 90, 2024-07: 93, 2024-08: 93, 2024-09: 90, 2024-10: 93, 2024-11: 90, 2024-12: 93, 2025-01: 93, 2025-02: 84, 2025-03: 93, 2025-04: 68
  [label] 2023-07-01 16:00 ETHUSDT entry=1924.0800 → SHORT | long=sl(-3.96%) short=timeout(+3.00%) | scanned=22 | no_tp→fwd_return=-3.0991
  [label] 2023-07-04 00:00 ETHUSDT entry=1948.2600 → SHORT | long=sl(-3.53%) short=timeout(+3.28%) | scanned=22 | no_tp→fwd_return=-3.3810
  [label] 2023-07-07 16:00 ETHUSDT entry=1870.0000 → LONG | long=tp(+6.77%) short=sl(-3.54%) | scanned=18 | long_tp_only[I 2026-06-01 15:50:06,131] A new study created in memory with name: no-name-7ac477b3-855b-4a72-85c6-b7fe334a22e2
[I 2026-06-01 15:50:06,504] Trial 0 finished with value: 0.042842299579503376 and parameters: {'confidence_threshold': 0.6310890415965769, 'training_days': 480, 'n_estimators': 380, 'max_depth': 4, 'num_leaves': 22, 'learning_rate': 0.01699897838270077, 'subsample': 0.5290418060840998, 'colsample_bytree': 0.9330880728874675, 'min_child_samples': 68, 'reg_alpha': 0.023585940584142682, 'reg_lambda': 1.5320059381854043e-08}. Best is trial 0 with value: 0.042842299579503376.
[I 2026-06-01 15:50:06,632] Trial 1 finished with value: -1.944976185687541 and parameters: {'confidence_threshold': 0.839468448256698, 'training_days': 420, 'n_estimators': 145, 'max_depth': 3, 'num_leaves': 23, 'learning_rate': 0.028145092716060652, 'subsample': 0.762378215816119, 'colsample_bytree': 0.7159725093210578, 'min_child_samples': 43, 'reg_alpha': 0.0032112643094417484, 'reg_lambda': 1.8007140198129195e-07}. Best is trial 0 with value: 0.042842299579503376.
[I 2026-06-01 15:50:06,793] Trial 2 finished with value: -0.008264181458579078 and parameters: {'confidence_threshold': 0.6022506269873263, 'training_days': 190, 'n_estimators': 255, 'max_depth': 5, 'num_leaves': 24, 'learning_rate': 0.05748924681991978, 'subsample': 0.7962072844310213, 'colsample_bytree': 0.5232252063599989, 'min_child_samples': 69, 'reg_alpha': 3.425445902633376e-07, 'reg_lambda': 3.850031979199519e-08}. Best is trial 0 with value: 0.042842299579503376.
[I 2026-06-01 15:50:07,086] Trial 3 finished with value: -0.014164634124753075 and parameters: {'confidence_threshold': 0.8321099380386666, 'training_days': 490, 'n_estimators': 414, 'max_depth': 3, 'num_leaves': 19, 'learning_rate': 0.1024932221692416, 'subsample': 0.7200762468698007, 'colsample_bytree': 0.5610191174223894, 'min_child_samples': 60, 'reg_alpha': 2.039373116525212e-08, 'reg_lambda': 1.527156759251193}. Best is trial 0 with value: 0.042842299579503376.
[I 2026-06-01 15:50:07,262] Trial 4 finished with value: 0.021956727059775173 and parameters: {'confidence_threshold': 0.5905729935600059, 'training_days': 340, 'n_estimators': 190, 'max_depth': 4, 'num_leaves': 41, 'learning_rate': 0.01875220945578641, 'subsample': 0.9847923138822793, 'colsample_bytree': 0.8875664116805573, 'min_child_samples': 96, 'reg_alpha': 1.1309571585271483, 'reg_lambda': 0.002404915432737351}. Best is trial 0 with value: 0.042842299579503376.
[I 2026-06-01 15:50:07,303] Trial 5 finished with value: -0.13296633118573348 and parameters: {'confidence_threshold': 0.8226559822580909, 'training_days': 50, 'n_estimators': 138, 'max_depth': 3, 'num_leaves': 30, 'learning_rate': 0.03750796359625606, 'subsample': 0.6356745158869479, 'colsample_bytree': 0.9143687545759647, 'min_child_samples': 48, 'reg_alpha': 3.376063348877853e-06, 'reg_lambda': 0.0007660634613082914}. Best is trial 0 with value: 0.042842299579503376.
[I 2026-06-01 15:50:07,433] Trial 6 finished with value: 0.04377031343757452 and parameters: {'confidence_threshold': 0.5493234787411669, 'training_days': 410, 'n_estimators': 83, 'max_depth': 5, 'num_leaves': 52, 'learning_rate': 0.019657448966046126, 'subsample': 0.5027610585618012, 'colsample_bytree': 0.9077307142274171, 'min_child_samples': 77, 'reg_alpha': 0.03639690979811287, 'reg_lambda': 0.08738424135626986}. Best is trial 6 with value: 0.04377031343757452.
[I 2026-06-01 15:50:07,536] Trial 7 finished with value: 0.03452431901374212 and parameters: {'confidence_threshold': 0.5259156281069316, 'training_days': 180, 'n_estimators': 102, 'max_depth': 5, 'num_leaves': 45, 'learning_rate': 0.030816017044468066, 'subsample': 0.5317791751430119, 'colsample_bytree': 0.6554911608578311, 'min_child_samples': 46, 'reg_alpha': 0.036851536911881845, 'reg_lambda': 0.005470376807480391}. Best is trial 6 with value: 0.04377031343757452.
[I 2026-06-01 15:50:07,656] Trial 8 finished with value: 0.00245182772593906 and parameters: {'confidence_threshold': 0.8105244599017143, 'training_days': 240, 'n_estimators': 103, 'max_depth': 5, 'num_leaves': 52, 'learning_rate': 0.06746437142284309, 'subsample': 0.8854835899772805, 'colsample_bytree': 0.7468977981821954, 'min_child_samples': 62, 'reg_alpha': 7.04480806377519e-05, 'reg_lambda': 1.6934490731313353e-08}. Best is trial 6 with value: 0.04377031343757452.
[I 2026-06-01 15:50:07,680] Trial 9 finished with value: 0.06380628567580582 and parameters: {'confidence_threshold': 0.5377619994476566, 'training_days': 20, 'n_estimators': 337, 'max_depth': 3, 'num_leaves': 39, 'learning_rate': 0.21907142272152816, 'subsample': 0.6246461145744375, 'colsample_bytree': 0.7051914615178149, 'min_child_samples': 81, 'reg_alpha': 1.1459970229341322e-06, 'reg_lambda': 4.929685216887945e-08}. Best is trial 9 with value: 0.06380628567580582.
[I 2026-06-01 15:50:07,712] Trial 10 finished with value: -2.008804737033175 and parameters: {'confidence_threshold': 0.7449289185605341, 'training_days': 10, 'n_estimators': 487, 'max_depth': 3, 'num_leaves': 61, 'learning_rate': 0.21914469472126635, 'subsample': 0.628963476300746, 'colsample_bytree': 0.8189858776055304, 'min_child_samples': 27, 'reg_alpha': 2.8948477959263623e-05, 'reg_lambda': 3.3639426888455256e-06}. Best is trial 9 with value: 0.06380628567580582.
[I 2026-06-01 15:50:08,022] Trial 11 finished with value: 0.04011287328949829 and parameters: {'confidence_threshold': 0.5031729138375424, 'training_days': 350, 'n_estimators': 327, 'max_depth': 4, 'num_leaves': 52, 'learning_rate': 0.010432023013264416, 'subsample': 0.6089267919181687, 'colsample_bytree': 0.8279718712234718, 'min_child_samples': 89, 'reg_alpha': 4.018687704804354, 'reg_lambda': 0.5855213887055177}. Best is trial 9 with value: 0.06380628567580582.
[I 2026-06-01 15:50:08,142] Trial 12 finished with value: 0.023531011737116837 and parameters: {'confidence_threshold': 0.5524132565058795, 'training_days': 140, 'n_estimators': 228, 'max_depth': 4, 'num_leaves': 33, 'learning_rate': 0.2959628420607887, 'subsample': 0.5392311924833902, 'colsample_bytree': 0.9955462072303609, 'min_child_samples': 84, 'reg_alpha': 0.0010435482830539913, 'reg_lambda': 3.06242583717076e-05}. Best is trial 9 with value: 0.06380628567580582.
[I 2026-06-01 15:50:08,424] Trial 13 finished with value: 0.012399717443870339 and parameters: {'confidence_threshold': 0.6715112328451753, 'training_days': 320, 'n_estimators': 311, 'max_depth': 5, 'num_leaves': 47, 'learning_rate': 0.1463043880061142, 'subsample': 0.6864507539038798, 'colsample_bytree': 0.6239332671128688, 'min_child_samples': 80, 'reg_alpha': 4.477777874073389e-08, 'reg_lambda': 0.052039727051948925}. Best is trial 9 with value: 0.06380628567580582.
[I 2026-06-01 15:50:08,468] Trial 14 finished with value: -0.022914326761462548 and parameters: {'confidence_threshold': 0.553552529035454, 'training_days': 80, 'n_estimators': 59, 'max_depth': 4, 'num_leaves': 60, 'learning_rate': 0.09029126552542201, 'subsample': 0.5808433054196197, 'colsample_bytree': 0.8127588751857924, 'min_child_samples': 100, 'reg_alpha': 2.6081099171939565e-06, 'reg_lambda': 7.565770484313319e-06}. Best is trial 9 with value: 0.06380628567580582.
[I 2026-06-01 15:50:08,857] Trial 15 finished with value: 0.01510352665503048 and parameters: {'confidence_threshold': 0.6659130097143093, 'training_days': 400, 'n_estimators': 410, 'max_depth': 5, 'num_leaves': 35, 'learning_rate': 0.010348803728867817, 'subsample': 0.6707750474677462, 'colsample_bytree': 0.6833973108451694, 'min_child_samples': 76, 'reg_alpha': 0.18517433774846162, 'reg_lambda': 0.05895604282432314}. Best is trial 9 with value: 0.06380628567580582.
[I 2026-06-01 15:50:09,041] Trial 16 finished with value: -0.008292105890045897 and parameters: {'confidence_threshold': 0.7405378962307041, 'training_days': 270, 'n_estimators': 298, 'max_depth': 3, 'num_leaves': 51, 'learning_rate': 0.1553852087216282, 'subsample': 0.5050607614891649, 'colsample_bytree': 0.5982136056513266, 'min_child_samples': 73, 'reg_alpha': 0.00016753918939818488, 'reg_lambda': 9.398630963787426e-05}. Best is trial 9 with value: 0.06380628567580582.
[I 2026-06-01 15:50:09,122] Trial 17 finished with value: 0.05061424186549478 and parameters: {'confidence_threshold': 0.5927526650985446, 'training_days': 110, 'n_estimators': 201, 'max_depth': 4, 'num_leaves': 40, 'learning_rate': 0.04302553031342478, 'subsample': 0.5802927697135131, 'colsample_bytree': 0.7659581655251638, 'min_child_samples': 89, 'reg_alpha': 0.004041800016420276, 'reg_lambda': 6.880925840516315e-07}. Best is trial 9 with value: 0.06380628567580582.
[I 2026-06-01 15:50:09,523] A new study created in memory with name: no-name-8cf77a52-701f-4d02-abdb-323bcc6b134c
[I 2026-06-01 15:50:09,625] Trial 0 finished with value: 0.04746655207924742 and parameters: {'confidence_threshold': 0.7437642149592516, 'training_days': 150, 'n_estimators': 152, 'max_depth': 4, 'num_leaves': 50, 'learning_rate': 0.04216766425047743, 'subsample': 0.9903820991923078, 'colsample_bytree': 0.8424148692924316, 'min_child_samples': 58, 'reg_alpha': 3.381097259762742e-05, 'reg_lambda': 1.2263152961306247e-05}. Best is trial 0 with value: 0.04746655207924742.
[I 2026-06-01 15:50:09,685] Trial 1 finished with value: -3.837463311285346 and parameters: {'confidence_threshold': 0.7551673975844145, 'training_days': 220, 'n_estimators': 76, 'max_depth': 4, 'num_leaves': 51, 'learning_rate': 0.018602118810743477, 'subsample': 0.5877258780737462, 'colsample_bytree': 0.7657756869209191, 'min_child_samples': 63, 'reg_alpha': 0.005123994170264194, 'reg_lambda': 0.44145470178120466}. Best is trial 0 with value: 0.04746655207924742.
[I 2026-06-01 15:50:09,924] Trial 2 finished with value: 0.02621540097295167 and parameters: {'confidence_threshold': 0.7535593637012223, 'training_days': 310, 'n_estimators': 375, 'max_depth': 3, 'num_leaves': 32, 'learning_rate': 0.021735641882032388, 'subsample': 0.6468570231944146, 'colsample_bytree': 0.8154880619272439, 'min_child_samples': 27, 'reg_alpha': 8.004064028491336e-05, 'reg_lambda': 7.546835261630524e-05}. Best is trial 0 with value: 0.04746655207924742.
[I 2026-06-01 15:50:10,099] Trial 3 finished with value: -5.67743087658279e-06 and parameters: {'confidence_threshold': 0.6727897841776072, 'training_days': 220, 'n_estimators': 190, 'max_depth': 4, 'num_leaves': 58, 'learning_rate': 0.24810689332636193, 'subsample': 0.7509183379421682, 'colsample_bytree': 0.8119764758960556, 'min_child_samples': 29, 'reg_alpha': 7.1708285081421445e-06, 'reg_lambda': 5.412973582738627e-05}. Best is trial 0 with value: 0.04746655207924742.
[I 2026-06-01 15:50:10,225] Trial 4 finished with value: 0.0652351439169769 and parameters: {'confidence_threshold': 0.803208205259178, 'training_days': 130, 'n_estimators': 267, 'max_depth': 5, 'num_leaves': 40, 'learning_rate': 0.08041175317374143, 'subsample': 0.5603143329951619, 'colsample_bytree': 0.9131704002534167, 'min_child_samples': 68, 'reg_alpha': 0.0008046593428183385, 'reg_lambda': 1.2158346158765583e-05}. Best is trial 4 with value: 0.0652351439169769.
[I 2026-06-01 15:50:10,483] Trial 5 finished with value: 0.0015308436231051049 and parameters: {'confidence_threshold': 0.6064422761595144, 'training_days': 210, 'n_estimators': 357, 'max_depth': 5, 'num_leaves': 40, 'learning_rate': 0.0974221287220869, 'subsample': 0.7929682762811064, 'colsample_bytree': 0.8124517510478, 'min_child_samples': 74, 'reg_alpha': 0.3811377260781234, 'reg_lambda': 5.607314238392041e-08}. Best is trial 4 with value: 0.0652351439169769.
