[I 2026-06-01 15:49:43,367] Trial 14 finished with value: 0.06499302142169175 and parameters: {'confidence_threshold': 0.615034172218907, 'training_days': 210, 'n_estimators': 166, 'max_depth': 4, 'num_leaves': 30, 'learning_rate': 0.014683707855943593, 'subsample': 0.6776505255398512, 'colsample_bytree': 0.5031347094734555, 'min_child_samples': 66, 'reg_alpha': 7.973408987089893e-06, 'reg_lambda': 0.004197946299033097}. Best is trial 4 with value: 0.10177813792213256.
[I 2026-06-01 15:49:43,426] Trial 15 finished with value: 0.08560859624416775 and parameters: {'confidence_threshold': 0.5182045164766549, 'training_days': 180, 'n_estimators': 56, 'max_depth': 4, 'num_leaves': 23, 'learning_rate': 0.020585269390859143, 'subsample': 0.7956619753951911, 'colsample_bytree': 0.8472301089284663, 'min_child_samples': 84, 'reg_alpha': 0.002133995302102601, 'reg_lambda': 0.0026406526000485684}. Best is trial 4 with value: 0.10177813792213256.
[I 2026-06-01 15:49:43,486] Trial 16 finished with value: 0.06186155566532396 and parameters: {'confidence_threshold': 0.5068069937342309, 'training_days': 170, 'n_estimators': 53, 'max_depth': 4, 'num_leaves': 16, 'learning_rate': 0.10404668138935001, 'subsample': 0.6577011495975604, 'colsample_bytree': 0.8527822315631122, 'min_child_samples': 82, 'reg_alpha': 0.0036991964421060736, 'reg_lambda': 0.06161216554609177}. Best is trial 4 with value: 0.10177813792213256.
[I 2026-06-01 15:49:43,591] Trial 17 finished with value: 0.06606245624693705 and parameters: {'confidence_threshold': 0.549796143648235, 'training_days': 330, 'n_estimators': 95, 'max_depth': 4, 'num_leaves': 22, 'learning_rate': 0.026703785226005396, 'subsample': 0.7693351814555177, 'colsample_bytree': 0.9325217342415462, 'min_child_samples': 92, 'reg_alpha': 0.0013614156040697544, 'reg_lambda': 0.0004459668921842849}. Best is trial 4 with value: 0.10177813792213256.

    [trial 5] 48 features, training_days=210 | threshold=0.606 | labels: 1116 long, 1055 short (51/49%)
    [trial 5] Sharpe=0.0403 (folds: -0.0139, 0.1744, 0.1003, -0.0211, -0.0379)
    [trial 6] 48 features, training_days=130 | threshold=0.767 | labels: 1116 long, 1055 short (51/49%)
    [trial 6] Sharpe=0.0840 (folds: 0.1518, 0.2491, 0.0894, -0.0767, 0.0065)
    [trial 7] 48 features, training_days=80 | threshold=0.556 | labels: 1116 long, 1055 short (51/49%)
    [trial 7] Sharpe=0.0972 (folds: 0.1004, 0.0359, 0.1447, 0.1313, 0.0737)
    [trial 8] 48 features, training_days=200 | threshold=0.607 | labels: 1116 long, 1055 short (51/49%)
    [trial 8] Sharpe=0.0636 (folds: 0.1141, 0.1573, 0.0499, 0.0161, -0.0193)
    [trial 9] 48 features, training_days=260 | threshold=0.620 | labels: 1116 long, 1055 short (51/49%)
    [trial 9] Sharpe=0.0771 (folds: 0.0040, 0.2915, 0.1195, -0.0273, -0.0025)
    [trial 10] 48 features, training_days=10 | threshold=0.525 | labels: 1116 long, 1055 short (51/49%)
    [trial 10] Sharpe=-0.0571 (folds: 0.0519, -0.2233, -0.1336, 0.1557, -0.1363)
    [trial 11] 48 features, training_days=480 | threshold=0.508 | labels: 1116 long, 1055 short (51/49%)
    [trial 11] Sharpe=0.0605 (folds: 0.0712, 0.2374, 0.0743, -0.0330, -0.0475)
    [trial 12] 48 features, training_days=10 | threshold=0.660 | labels: 1116 long, 1055 short (51/49%)
    [trial 12] Sharpe=-0.0571 (folds: 0.0519, -0.2233, -0.1336, 0.1557, -0.1363)
    [trial 13] 48 features, training_days=120 | threshold=0.713 | labels: 1116 long, 1055 short (51/49%)
    [trial 13] Sharpe=0.0544 (folds: 0.0905, 0.1780, 0.1190, -0.0568, -0.0587)
    [trial 14] 48 features, training_days=70 | threshold=0.566 | labels: 1116 long, 1055 short (51/49%)
    [trial 14] Sharpe=-0.0093 (folds: -0.0151, 0.0021, 0.0505, 0.0330, -0.1170)
    [trial 15] 48 features, training_days=340 | threshold=0.826 | labels: 1116 long, 1055 short (51/49%)
    [trial 15] Sharpe=0.0338 (folds: 0.0313, 0.2444, -0.0294, -0.0914, 0.0140)
    [trial 16] 48 features, training_days=60 | threshold=0.714 | labels: 1116 long, 1055 short (51/49%)
    [trial 16] Sharpe=-10.0000 (folds: -10.0000, -10.0000, -10.0000, -10.0000, -10.0000)
    [trial 17] 48 features, training_days=90 | threshold=0.556 | labels: 1116 long, 1055 short (51/49%)
    [trial 17] Sharpe=-0.0018 (folds: -0.1378, 0.1126, 0.0377, 0.0001, -0.0215)
  Optuna: 18 trials, best Sharpe = 0.0972
  Best params: n_estimators=363, max_depth=3, lr=0.0659, leaves=48
  Best confidence_threshold: 0.556
  Best training_days: 80
  Retrained on full data (240 samples, 48 features)
  [ensemble 3/3] seed=456
    [trial 0] 48 features, training_days=90 | threshold=0.587 | labels: 1116 long, 1055 short (51/49%)
    [CV fold 0] train_end=2023-05-26 08:00 | val_start=2023-06-03 00:00 | gap=184h (22 rows)
    [CV fold 1] train_end=2023-09-23 16:00 | val_start=2023-10-01 08:00 | gap=184h (22 rows)
    [CV fold 2] train_end=2024-01-22 00:00 | val_start=2024-01-29 16:00 | gap=184h (22 rows)
    [CV fold 3] train_end=2024-05-21 08:00 | val_start=2024-05-29 00:00 | gap=184h (22 rows)
    [CV fold 4] train_end=2024-09-18 16:00 | val_start=2024-09-26 08:00 | gap=184h (22 rows)
    [trial 0] Sharpe=0.0158 (folds: -0.0681, -0.0274, 0.1185, 0.0629, -0.0069)
    [trial 1] 48 features, training_days=290 | threshold=0.635 | labels: 1116 long, 1055 short (51/49%)
    [trial 1] Sharpe=0.0493 (folds: -0.0890, 0.2510, 0.1227, -0.0438, 0.0058)
    [trial 2] 48 features, training_days=10 | threshold=0.585 | labels: 1116 long, 1055 short (51/49%)
    [trial 2] Sharpe=-0.0571 (folds: 0.0519, -0.2233, -0.1336, 0.1557, -0.1363)
    [trial 3] 48 features, training_days=220 | threshold=0.687 | labels: 1116 long, 1055 short (51/49%)
    [trial 3] Sharpe=0.0588 (folds: 0.0014, 0.2957, 0.0136, -0.0494, 0.0326)
    [trial 4] 48 features, training_days=300 | threshold=0.562 | labels: 1116 long, 1055 short (51/49%)
    [trial 4] Sharpe=0.1018 (folds: 0.1882, 0.2051, 0.0903, -0.0152, 0.0404)
    [trial 5] 48 features, training_days=490 | threshold=0.711 | labels: 1116 long, 1055 short (51/49%)
    [trial 5] Sharpe=0.0300 (folds: 0.0938, 0.2422, -0.0036, -0.0591, -0.1233)
    [trial 6] 48 features, training_days=420 | threshold=0.667 | labels: 1116 long, 1055 short (51/49%)
    [trial 6] Sharpe=0.0694 (folds: 0.0856, 0.3038, 0.0181, -0.0259, -0.0346)
    [trial 7] 48 features, training_days=120 | threshold=0.550 | labels: 1116 long, 1055 short (51/49%)
    [trial 7] Sharpe=0.0253 (folds: 0.0079, 0.1830, 0.1679, -0.1794, -0.0526)
    [trial 8] 48 features, training_days=450 | threshold=0.720 | labels: 1116 long, 1055 short (51/49%)
    [trial 8] Sharpe=0.0183 (folds: -0.0323, 0.2437, 0.0132, -0.1084, -0.0246)
    [trial 9] 48 features, training_days=20 | threshold=0.727 | labels: 1116 long, 1055 short (51/49%)
    [trial 9] Sharpe=-4.0419 (folds: -10.0000, -10.0000, -0.1336, -0.1925, 0.1164)
    [trial 10] 48 features, training_days=320 | threshold=0.840 | labels: 1116 long, 1055 short (51/49%)
    [trial 10] Sharpe=0.0448 (folds: 0.2232, 0.2163, -0.0072, -0.1803, -0.0281)
    [trial 11] 48 features, training_days=390 | threshold=0.792 | labels: 1116 long, 1055 short (51/49%)
    [trial 11] Sharpe=-0.1349 (folds: -0.2217, 0.1546, 0.0447, -0.4365, -0.2155)
    [trial 12] 48 features, training_days=380 | threshold=0.515 | labels: 1116 long, 1055 short (51/49%)
    [trial 12] Sharpe=0.0541 (folds: 0.1017, 0.2034, 0.0371, -0.0266, -0.0451)
    [trial 13] 48 features, training_days=210 | threshold=0.631 | labels: 1116 long, 1055 short (51/49%)
    [trial 13] Sharpe=0.0711 (folds: 0.1335, 0.2197, 0.1243, -0.0214, -0.1008)
    [trial 14] 48 features, training_days=210 | threshold=0.615 | labels: 1116 long, 1055 short (51/49%)
    [trial 14] Sharpe=0.0650 (folds: 0.0873, 0.2498, 0.1370, -0.0421, -0.1071)
    [trial 15] 48 features, training_days=180 | threshold=0.518 | labels: 1116 long, 1055 short (51/49%)
    [trial 15] Sharpe=0.0856 (folds: 0.0767, 0.2018, 0.1591, -0.0214, 0.0118)
    [trial 16] 48 features, training_days=170 | threshold=0.507 | labels: 1116 long, 1055 short (51/49%)
    [trial 16] Sharpe=0.0619 (folds: -0.0329, 0.1935, 0.1842, 0.0088, -0.0443)
    [trial 17] 48 features, training_days=330 | threshold=0.550 | labels: 1116 long, 1055 short (51/49%)
    [trial 17] Sharpe=0.0661 (folds: 0.0626, 0.2933, 0.0044, -0.0434, 0.0134)
  Optuna: 18 trials, best Sharpe = 0.1018
  Best params: n_estimators=69, max_depth=4, lr=0.1497, leaves=32
  Best confidence_threshold: 0.562
  Best training_days: 300
  Retrained on full data (900 samples, 48 features)
  OOD: 16 features, cutoff (q=0.7) = 14.50
  Model trained for 2025-02: 84 test candles with features, confidence_threshold=0.611
[predict] 2025-02-01 08:00 ETHUSDT → LONG (proba=0.65 TP=11.3%/SL=5.7%)
[trade:open] 2025-02-01 15:59 ETHUSDT LONG @ 3249.40 | SL=3065.09 TP=3618.03 | timeout=2025-02-08 15:59
[trade:close] 2025-02-02 15:59 ETHUSDT LONG → stop_loss @ 3065.09 | PnL=-5.67% (net -5.77%) | cum=-12.75% 2025-02=-5.77% 2025-02-02=-5.77%
[predict] 2025-02-10 00:00 ETHUSDT → LONG (proba=0.73 TP=15.5%/SL=7.8%)
[trade:open] 2025-02-10 07:59 ETHUSDT LONG @ 2636.00 | SL=2431.21 TP=3045.59 | timeout=2025-02-17 07:59
[trade:close] 2025-02-17 08:00 ETHUSDT LONG → timeout @ 2680.48 | PnL=+1.69% (net +1.59%) | cum=-11.16% 2025-02=-4.18% 2025-02-17=+1.59%
[predict] 2025-02-18 08:00 ETHUSDT → LONG (proba=0.73 TP=11.0%/SL=5.5%)
[trade:open] 2025-02-18 15:59 ETHUSDT LONG @ 2672.38 | SL=2525.23 TP=2966.69 | timeout=2025-02-25 15:59
[trade:close] 2025-02-24 23:59 ETHUSDT LONG → stop_loss @ 2525.23 | PnL=-5.51% (net -5.61%) | cum=-16.77% 2025-02=-9.79% 2025-02-24=-5.61%
[lgbm] === Training for 2025-03 ===
  Train window: 2023-03-01 → 2025-02-21
  2171 training samples from 1 symbols
  Samples per month: 2023-03: 93, 2023-04: 90, 2023-05: 93, 2023-06: 90, 2023-07: 93, 2023-08: 93, 2023-09: 90, 2023-10: 93, 2023-11: 90, 2023-12: 93, 2024-01: 93, 2024-02: 87, 2024-03: 93, 2024-04: 90, 2024-05: 93, 2024-06: 90, 2024-07: 93, 2024-08: 93, 2024-09: 90, 2024-10: 93, 2024-11: 90, 2024-12: 93, 2025-01: 93, 2025-02: 62
  [label] 2023-05-01 16:00 ETHUSDT entry=1829.9700 → LONG | long=tp(+8.51%) short=sl(-4.40%) | scanned=12 | long_tp_only[I 2026-06-01 15:49:44,279] A new study created in memory with name: no-name-868a8016-2a0d-423c-b568-c188f0deb8ef
[I 2026-06-01 15:49:44,628] Trial 0 finished with value: -0.009499578768893152 and parameters: {'confidence_threshold': 0.6310890415965769, 'training_days': 480, 'n_estimators': 380, 'max_depth': 4, 'num_leaves': 22, 'learning_rate': 0.01699897838270077, 'subsample': 0.5290418060840998, 'colsample_bytree': 0.9330880728874675, 'min_child_samples': 68, 'reg_alpha': 0.023585940584142682, 'reg_lambda': 1.5320059381854043e-08}. Best is trial 0 with value: -0.009499578768893152.
[I 2026-06-01 15:49:44,742] Trial 1 finished with value: -1.9239963899555708 and parameters: {'confidence_threshold': 0.839468448256698, 'training_days': 420, 'n_estimators': 145, 'max_depth': 3, 'num_leaves': 23, 'learning_rate': 0.028145092716060652, 'subsample': 0.762378215816119, 'colsample_bytree': 0.7159725093210578, 'min_child_samples': 43, 'reg_alpha': 0.0032112643094417484, 'reg_lambda': 1.8007140198129195e-07}. Best is trial 0 with value: -0.009499578768893152.
[I 2026-06-01 15:49:44,883] Trial 2 finished with value: 0.011030909153146095 and parameters: {'confidence_threshold': 0.6022506269873263, 'training_days': 190, 'n_estimators': 255, 'max_depth': 5, 'num_leaves': 24, 'learning_rate': 0.05748924681991978, 'subsample': 0.7962072844310213, 'colsample_bytree': 0.5232252063599989, 'min_child_samples': 69, 'reg_alpha': 3.425445902633376e-07, 'reg_lambda': 3.850031979199519e-08}. Best is trial 2 with value: 0.011030909153146095.
[I 2026-06-01 15:49:45,191] Trial 3 finished with value: 0.045903575269562145 and parameters: {'confidence_threshold': 0.8321099380386666, 'training_days': 490, 'n_estimators': 414, 'max_depth': 3, 'num_leaves': 19, 'learning_rate': 0.1024932221692416, 'subsample': 0.7200762468698007, 'colsample_bytree': 0.5610191174223894, 'min_child_samples': 60, 'reg_alpha': 2.039373116525212e-08, 'reg_lambda': 1.527156759251193}. Best is trial 3 with value: 0.045903575269562145.
[I 2026-06-01 15:49:45,361] Trial 4 finished with value: 0.041349095594869156 and parameters: {'confidence_threshold': 0.5905729935600059, 'training_days': 340, 'n_estimators': 190, 'max_depth': 4, 'num_leaves': 41, 'learning_rate': 0.01875220945578641, 'subsample': 0.9847923138822793, 'colsample_bytree': 0.8875664116805573, 'min_child_samples': 96, 'reg_alpha': 1.1309571585271483, 'reg_lambda': 0.002404915432737351}. Best is trial 3 with value: 0.045903575269562145.
[I 2026-06-01 15:49:45,411] Trial 5 finished with value: -0.1019698621662269 and parameters: {'confidence_threshold': 0.8226559822580909, 'training_days': 50, 'n_estimators': 138, 'max_depth': 3, 'num_leaves': 30, 'learning_rate': 0.03750796359625606, 'subsample': 0.6356745158869479, 'colsample_bytree': 0.9143687545759647, 'min_child_samples': 48, 'reg_alpha': 3.376063348877853e-06, 'reg_lambda': 0.0007660634613082914}. Best is trial 3 with value: 0.045903575269562145.
[I 2026-06-01 15:49:45,528] Trial 6 finished with value: 0.04175570420044034 and parameters: {'confidence_threshold': 0.5493234787411669, 'training_days': 410, 'n_estimators': 83, 'max_depth': 5, 'num_leaves': 52, 'learning_rate': 0.019657448966046126, 'subsample': 0.5027610585618012, 'colsample_bytree': 0.9077307142274171, 'min_child_samples': 77, 'reg_alpha': 0.03639690979811287, 'reg_lambda': 0.08738424135626986}. Best is trial 3 with value: 0.045903575269562145.
[I 2026-06-01 15:49:45,627] Trial 7 finished with value: 0.02086164679432446 and parameters: {'confidence_threshold': 0.5259156281069316, 'training_days': 180, 'n_estimators': 102, 'max_depth': 5, 'num_leaves': 45, 'learning_rate': 0.030816017044468066, 'subsample': 0.5317791751430119, 'colsample_bytree': 0.6554911608578311, 'min_child_samples': 46, 'reg_alpha': 0.036851536911881845, 'reg_lambda': 0.005470376807480391}. Best is trial 3 with value: 0.045903575269562145.
[I 2026-06-01 15:49:45,756] Trial 8 finished with value: 0.05886272736950585 and parameters: {'confidence_threshold': 0.8105244599017143, 'training_days': 240, 'n_estimators': 103, 'max_depth': 5, 'num_leaves': 52, 'learning_rate': 0.06746437142284309, 'subsample': 0.8854835899772805, 'colsample_bytree': 0.7468977981821954, 'min_child_samples': 62, 'reg_alpha': 7.04480806377519e-05, 'reg_lambda': 1.6934490731313353e-08}. Best is trial 8 with value: 0.05886272736950585.
[I 2026-06-01 15:49:45,779] Trial 9 finished with value: 0.11101381658962273 and parameters: {'confidence_threshold': 0.5377619994476566, 'training_days': 20, 'n_estimators': 337, 'max_depth': 3, 'num_leaves': 39, 'learning_rate': 0.21907142272152816, 'subsample': 0.6246461145744375, 'colsample_bytree': 0.7051914615178149, 'min_child_samples': 81, 'reg_alpha': 1.1459970229341322e-06, 'reg_lambda': 4.929685216887945e-08}. Best is trial 9 with value: 0.11101381658962273.
[I 2026-06-01 15:49:45,811] Trial 10 finished with value: -4.048986085279857 and parameters: {'confidence_threshold': 0.7449289185605341, 'training_days': 10, 'n_estimators': 487, 'max_depth': 3, 'num_leaves': 61, 'learning_rate': 0.21914469472126635, 'subsample': 0.628963476300746, 'colsample_bytree': 0.8189858776055304, 'min_child_samples': 27, 'reg_alpha': 2.8948477959263623e-05, 'reg_lambda': 3.3639426888455256e-06}. Best is trial 9 with value: 0.11101381658962273.
[I 2026-06-01 15:49:45,923] Trial 11 finished with value: -0.1283820069894428 and parameters: {'confidence_threshold': 0.7155079644808182, 'training_days': 120, 'n_estimators': 291, 'max_depth': 4, 'num_leaves': 52, 'learning_rate': 0.29178061349464834, 'subsample': 0.8838129988503957, 'colsample_bytree': 0.7386442064065405, 'min_child_samples': 87, 'reg_alpha': 0.00014596638878185199, 'reg_lambda': 7.868729181011707e-06}. Best is trial 9 with value: 0.11101381658962273.
[I 2026-06-01 15:49:46,142] Trial 12 finished with value: 0.023079710131240008 and parameters: {'confidence_threshold': 0.670183053652907, 'training_days': 270, 'n_estimators': 293, 'max_depth': 4, 'num_leaves': 33, 'learning_rate': 0.11263608439461861, 'subsample': 0.8695609296502367, 'colsample_bytree': 0.6562433298545489, 'min_child_samples': 84, 'reg_alpha': 1.4990425409270967e-06, 'reg_lambda': 2.9547164746905564e-06}. Best is trial 9 with value: 0.11101381658962273.
[I 2026-06-01 15:49:46,258] Trial 13 finished with value: -0.08494589186144573 and parameters: {'confidence_threshold': 0.7584432378717043, 'training_days': 110, 'n_estimators': 364, 'max_depth': 5, 'num_leaves': 47, 'learning_rate': 0.12880956283193543, 'subsample': 0.9980084946806067, 'colsample_bytree': 0.8155421717694826, 'min_child_samples': 95, 'reg_alpha': 4.477777874073389e-08, 'reg_lambda': 4.926649793425267e-07}. Best is trial 9 with value: 0.11101381658962273.
[I 2026-06-01 15:49:46,474] Trial 14 finished with value: -0.01141236898546602 and parameters: {'confidence_threshold': 0.673370564509445, 'training_days': 280, 'n_estimators': 216, 'max_depth': 4, 'num_leaves': 60, 'learning_rate': 0.07737017640096681, 'subsample': 0.6602381051770723, 'colsample_bytree': 0.6431030563670873, 'min_child_samples': 57, 'reg_alpha': 2.700656791405036e-05, 'reg_lambda': 9.076634541629289e-05}. Best is trial 9 with value: 0.11101381658962273.
[I 2026-06-01 15:49:46,666] Trial 15 finished with value: 0.004334135379275639 and parameters: {'confidence_threshold': 0.5073197482691914, 'training_days': 160, 'n_estimators': 332, 'max_depth': 5, 'num_leaves': 35, 'learning_rate': 0.01077440323140719, 'subsample': 0.8634823758940223, 'colsample_bytree': 0.8047784926447492, 'min_child_samples': 76, 'reg_alpha': 0.0016218299248743587, 'reg_lambda': 1.6340250254137068e-08}. Best is trial 9 with value: 0.11101381658962273.
[I 2026-06-01 15:49:47,002] Trial 16 finished with value: 0.002141105397292542 and parameters: {'confidence_threshold': 0.7830174282532703, 'training_days': 330, 'n_estimators': 453, 'max_depth': 3, 'num_leaves': 51, 'learning_rate': 0.17767272837401876, 'subsample': 0.9371158895275773, 'colsample_bytree': 0.5982136056513266, 'min_child_samples': 34, 'reg_alpha': 3.959395597093813e-07, 'reg_lambda': 9.398630963787426e-05}. Best is trial 9 with value: 0.11101381658962273.
[I 2026-06-01 15:49:47,097] Trial 17 finished with value: -0.05074984180117472 and parameters: {'confidence_threshold': 0.7070311848485039, 'training_days': 70, 'n_estimators': 201, 'max_depth': 4, 'num_leaves': 40, 'learning_rate': 0.048331449915991975, 'subsample': 0.5886469721258802, 'colsample_bytree': 0.9956385980717998, 'min_child_samples': 63, 'reg_alpha': 1.4617109509085211e-05, 'reg_lambda': 5.770366378654596e-07}. Best is trial 9 with value: 0.11101381658962273.
[I 2026-06-01 15:49:47,517] A new study created in memory with name: no-name-ff40a25c-ca49-42a3-867a-31a193cde35f
[I 2026-06-01 15:49:47,621] Trial 0 finished with value: -0.0042448065737129646 and parameters: {'confidence_threshold': 0.7437642149592516, 'training_days': 150, 'n_estimators': 152, 'max_depth': 4, 'num_leaves': 50, 'learning_rate': 0.04216766425047743, 'subsample': 0.9903820991923078, 'colsample_bytree': 0.8424148692924316, 'min_child_samples': 58, 'reg_alpha': 3.381097259762742e-05, 'reg_lambda': 1.2263152961306247e-05}. Best is trial 0 with value: -0.0042448065737129646.
[I 2026-06-01 15:49:47,698] Trial 1 finished with value: 0.3128455784375797 and parameters: {'confidence_threshold': 0.7551673975844145, 'training_days': 220, 'n_estimators': 76, 'max_depth': 4, 'num_leaves': 51, 'learning_rate': 0.018602118810743477, 'subsample': 0.5877258780737462, 'colsample_bytree': 0.7657756869209191, 'min_child_samples': 63, 'reg_alpha': 0.005123994170264194, 'reg_lambda': 0.44145470178120466}. Best is trial 1 with value: 0.3128455784375797.
[I 2026-06-01 15:49:47,957] Trial 2 finished with value: 0.051421828291743986 and parameters: {'confidence_threshold': 0.7535593637012223, 'training_days': 310, 'n_estimators': 375, 'max_depth': 3, 'num_leaves': 32, 'learning_rate': 0.021735641882032388, 'subsample': 0.6468570231944146, 'colsample_bytree': 0.8154880619272439, 'min_child_samples': 27, 'reg_alpha': 8.004064028491336e-05, 'reg_lambda': 7.546835261630524e-05}. Best is trial 1 with value: 0.3128455784375797.
[I 2026-06-01 15:49:48,136] Trial 3 finished with value: 0.012391161449410413 and parameters: {'confidence_threshold': 0.6727897841776072, 'training_days': 220, 'n_estimators': 190, 'max_depth': 4, 'num_leaves': 58, 'learning_rate': 0.24810689332636193, 'subsample': 0.7509183379421682, 'colsample_bytree': 0.8119764758960556, 'min_child_samples': 29, 'reg_alpha': 7.1708285081421445e-06, 'reg_lambda': 5.412973582738627e-05}. Best is trial 1 with value: 0.3128455784375797.
