[I 2026-06-01 15:51:15,502] Trial 17 finished with value: -0.0013622305931245248 and parameters: {'confidence_threshold': 0.6209005283805895, 'training_days': 70, 'n_estimators': 459, 'max_depth': 4, 'num_leaves': 22, 'learning_rate': 0.019352225990314435, 'subsample': 0.6951857187138432, 'colsample_bytree': 0.7142219102330146, 'min_child_samples': 54, 'reg_alpha': 2.2995394825809973e-06, 'reg_lambda': 3.3880996134039195e-05}. Best is trial 0 with value: 0.04930870237299678.

    [trial 11] Sharpe=0.0489 (folds: 0.1773, 0.0272, -0.0003, -0.1987, 0.2389)
    [trial 12] 48 features, training_days=500 | threshold=0.509 | labels: 1173 long, 998 short (54/46%)
    [trial 12] Sharpe=0.0528 (folds: 0.1738, 0.0218, 0.0117, -0.1709, 0.2277)
    [trial 13] 48 features, training_days=500 | threshold=0.502 | labels: 1173 long, 998 short (54/46%)
    [trial 13] Sharpe=0.0539 (folds: 0.1615, 0.0132, 0.0473, -0.1676, 0.2152)
    [trial 14] 48 features, training_days=400 | threshold=0.553 | labels: 1173 long, 998 short (54/46%)
    [trial 14] Sharpe=0.0231 (folds: 0.1825, -0.0139, 0.0098, -0.2254, 0.1625)
    [trial 15] 48 features, training_days=400 | threshold=0.555 | labels: 1173 long, 998 short (54/46%)
    [trial 15] Sharpe=-0.0155 (folds: 0.1150, -0.0547, -0.0081, -0.2603, 0.1308)
    [trial 16] 48 features, training_days=430 | threshold=0.671 | labels: 1173 long, 998 short (54/46%)
    [trial 16] Sharpe=0.0168 (folds: 0.1517, -0.0785, -0.0374, -0.2339, 0.2822)
    [trial 17] 48 features, training_days=330 | threshold=0.500 | labels: 1173 long, 998 short (54/46%)
    [trial 17] Sharpe=0.0023 (folds: 0.2098, -0.0043, -0.0311, -0.2452, 0.0822)
  Optuna: 18 trials, best Sharpe = 0.0587
  Best params: n_estimators=493, max_depth=5, lr=0.0102, leaves=63
  Best confidence_threshold: 0.534
  Best training_days: 470
  Retrained on full data (1410 samples, 48 features)
  [ensemble 3/3] seed=456
    [trial 0] 48 features, training_days=90 | threshold=0.587 | labels: 1173 long, 998 short (54/46%)
    [CV fold 0] train_end=2024-01-23 08:00 | val_start=2024-01-31 00:00 | gap=184h (22 rows)
    [CV fold 1] train_end=2024-05-22 16:00 | val_start=2024-05-30 08:00 | gap=184h (22 rows)
    [CV fold 2] train_end=2024-09-20 00:00 | val_start=2024-09-27 16:00 | gap=184h (22 rows)
    [CV fold 3] train_end=2025-01-18 08:00 | val_start=2025-01-26 00:00 | gap=184h (22 rows)
    [CV fold 4] train_end=2025-05-18 16:00 | val_start=2025-05-26 08:00 | gap=184h (22 rows)
    [trial 0] Sharpe=0.0493 (folds: 0.1583, 0.0600, -0.0118, -0.1045, 0.1445)
    [trial 1] 48 features, training_days=290 | threshold=0.635 | labels: 1173 long, 998 short (54/46%)
    [trial 1] Sharpe=0.0296 (folds: 0.1829, -0.0107, -0.0044, -0.3239, 0.3039)
    [trial 2] 48 features, training_days=10 | threshold=0.585 | labels: 1173 long, 998 short (54/46%)
    [trial 2] Sharpe=-1.9885 (folds: -0.1351, 0.1729, -0.1485, -10.0000, 0.1682)
    [trial 3] 48 features, training_days=220 | threshold=0.687 | labels: 1173 long, 998 short (54/46%)
    [trial 3] Sharpe=0.0407 (folds: 0.2177, -0.0935, 0.0514, -0.3260, 0.3539)
    [trial 4] 48 features, training_days=300 | threshold=0.562 | labels: 1173 long, 998 short (54/46%)
    [trial 4] Sharpe=-0.0369 (folds: 0.0937, -0.0342, -0.0706, -0.3123, 0.1389)
    [trial 5] 48 features, training_days=490 | threshold=0.711 | labels: 1173 long, 998 short (54/46%)
    [trial 5] Sharpe=-0.0038 (folds: 0.1307, -0.0833, -0.0409, -0.2376, 0.2123)
    [trial 6] 48 features, training_days=420 | threshold=0.667 | labels: 1173 long, 998 short (54/46%)
    [trial 6] Sharpe=0.0148 (folds: 0.1357, -0.0783, -0.0327, -0.3013, 0.3503)
    [trial 7] 48 features, training_days=120 | threshold=0.550 | labels: 1173 long, 998 short (54/46%)
    [trial 7] Sharpe=-0.0282 (folds: 0.1119, -0.1940, -0.0463, -0.2326, 0.2202)
    [trial 8] 48 features, training_days=450 | threshold=0.720 | labels: 1173 long, 998 short (54/46%)
    [trial 8] Sharpe=0.0351 (folds: 0.2078, -0.0424, 0.0360, -0.2511, 0.2254)
    [trial 9] 48 features, training_days=20 | threshold=0.727 | labels: 1173 long, 998 short (54/46%)
    [trial 9] Sharpe=-1.9362 (folds: -0.1351, 0.1729, 0.1128, -10.0000, 0.1682)
    [trial 10] 48 features, training_days=130 | threshold=0.840 | labels: 1173 long, 998 short (54/46%)
    [trial 10] Sharpe=-0.0054 (folds: 0.0562, -0.0423, 0.1257, -0.3076, 0.1410)
    [trial 11] 48 features, training_days=140 | threshold=0.620 | labels: 1173 long, 998 short (54/46%)
    [trial 11] Sharpe=-0.0134 (folds: 0.2261, -0.1264, 0.0672, -0.3248, 0.0910)
    [trial 12] 48 features, training_days=210 | threshold=0.515 | labels: 1173 long, 998 short (54/46%)
    [trial 12] Sharpe=-0.0237 (folds: 0.1178, 0.0051, -0.1109, -0.2036, 0.0730)
    [trial 13] 48 features, training_days=210 | threshold=0.805 | labels: 1173 long, 998 short (54/46%)
    [trial 13] Sharpe=-0.0017 (folds: 0.2073, -0.0564, -0.1083, -0.2015, 0.1504)
    [trial 14] 48 features, training_days=80 | threshold=0.772 | labels: 1173 long, 998 short (54/46%)
    [trial 14] Sharpe=0.0443 (folds: 0.1651, 0.1475, 0.0035, -0.1307, 0.0360)
    [trial 15] 48 features, training_days=60 | threshold=0.780 | labels: 1173 long, 998 short (54/46%)
    [trial 15] Sharpe=0.0315 (folds: 0.0889, -0.0110, -0.1394, -0.1004, 0.3193)
    [trial 16] 48 features, training_days=110 | threshold=0.769 | labels: 1173 long, 998 short (54/46%)
    [trial 16] Sharpe=0.0376 (folds: 0.1134, -0.0114, -0.0515, -0.1096, 0.2470)
    [trial 17] 48 features, training_days=70 | threshold=0.621 | labels: 1173 long, 998 short (54/46%)
    [trial 17] Sharpe=-0.0014 (folds: 0.0825, -0.0227, -0.0922, -0.0765, 0.1021)
  Optuna: 18 trials, best Sharpe = 0.0493
  Best params: n_estimators=403, max_depth=5, lr=0.0780, leaves=45
  Best confidence_threshold: 0.587
  Best training_days: 90
  Retrained on full data (270 samples, 48 features)
  OOD: 16 features, cutoff (q=0.7) = 14.58
  Model trained for 2025-10: 93 test candles with features, confidence_threshold=0.618
[trade:close] 2025-10-02 15:59 ETHUSDT LONG → take_profit @ 4429.21 | PnL=+9.90% (net +9.80%) | cum=+10.21% 2025-10=+9.80% 2025-10-02=+9.80%
[predict] 2025-10-04 00:00 ETHUSDT → SHORT (proba=0.78 TP=7.8%/SL=3.9%)
[trade:open] 2025-10-04 07:59 ETHUSDT SHORT @ 4496.23 | SL=4671.04 TP=4146.60 | timeout=2025-10-11 07:59
[trade:close] 2025-10-06 15:59 ETHUSDT SHORT → stop_loss @ 4671.04 | PnL=-3.89% (net -3.99%) | cum=+6.22% 2025-10=+5.81% 2025-10-06=-3.99%
[predict] 2025-10-07 16:00 ETHUSDT → SHORT (proba=0.87 TP=8.8%/SL=4.4%)
[trade:open] 2025-10-07 23:59 ETHUSDT SHORT @ 4445.76 | SL=4641.84 TP=4053.61 | timeout=2025-10-14 23:59
[trade:close] 2025-10-10 23:59 ETHUSDT SHORT → take_profit @ 4053.61 | PnL=+8.82% (net +8.72%) | cum=+14.94% 2025-10=+14.53% 2025-10-10=+8.72%
[predict] 2025-10-17 16:00 ETHUSDT → SHORT (proba=0.95 TP=14.6%/SL=7.3%)
[trade:open] 2025-10-17 23:59 ETHUSDT SHORT @ 3829.99 | SL=4109.71 TP=3270.55 | timeout=2025-10-24 23:59
[trade:close] 2025-10-25 00:00 ETHUSDT SHORT → timeout @ 3933.20 | PnL=-2.69% (net -2.79%) | cum=+12.15% 2025-10=+11.74% 2025-10-25=-2.79%
[predict] 2025-10-27 16:00 ETHUSDT → SHORT (proba=0.82 TP=9.3%/SL=4.6%)
[trade:open] 2025-10-27 23:59 ETHUSDT SHORT @ 4118.47 | SL=4309.72 TP=3735.97 | timeout=2025-11-03 23:59
[trade:close] 2025-10-30 23:59 ETHUSDT SHORT → take_profit @ 3735.97 | PnL=+9.29% (net +9.19%) | cum=+21.33% 2025-10=+20.93% 2025-10-30=+9.19%
[predict] 2025-10-31 16:00 ETHUSDT → SHORT (proba=0.88 TP=10.3%/SL=5.2%)
[trade:open] 2025-10-31 23:59 ETHUSDT SHORT @ 3846.42 | SL=4044.99 TP=3449.28 | timeout=2025-11-07 23:59
[lgbm] === Training for 2025-11 ===
  Train window: 2023-11-01 → 2025-10-24
  2171 training samples from 1 symbols
  Samples per month: 2023-11: 90, 2023-12: 93, 2024-01: 93, 2024-02: 87, 2024-03: 93, 2024-04: 90, 2024-05: 93, 2024-06: 90, 2024-07: 93, 2024-08: 93, 2024-09: 90, 2024-10: 93, 2024-11: 90, 2024-12: 93, 2025-01: 93, 2025-02: 84, 2025-03: 93, 2025-04: 90, 2025-05: 93, 2025-06: 90, 2025-07: 93, 2025-08: 93, 2025-09: 90, 2025-10: 71
  [label] 2024-01-01 16:00 ETHUSDT entry=2354.6200 → SHORT | long=sl(-3.81%) short=tp(+7.32%) | scanned=5 | short_tp_only
  [label] 2024-01-04 00:00 ETHUSDT entry=2222.9900 → LONG | long=tp(+11.13%) short=sl(-5.72%) | scanned=20 | long_tp_only
  [label] 2024-01-07 16:00 ETHUSDT entry=2220.8700 → LONG | long=tp(+8.32%) short=sl(-4.31%) | scanned=8 | long_tp_only
  [label] 2024-02-01 08:00 ETHUSDT entry=2288.2800 → LONG | long=tp(+7.45%) short=sl(-3.88%) | scanned=21 | long_tp_only
  [label] 2024-03-25 00:00 ETHUSDT entry=3446.7100 → LONG | long=timeout(+2.86%) short=sl(-6.84%) | scanned=22 | no_tp→fwd_return=+2.9588[I 2026-06-01 15:51:16,300] A new study created in memory with name: no-name-4f9f1806-3458-4aaf-93be-7e9489df5889
[I 2026-06-01 15:51:16,646] Trial 0 finished with value: 0.06052684379258588 and parameters: {'confidence_threshold': 0.6310890415965769, 'training_days': 480, 'n_estimators': 380, 'max_depth': 4, 'num_leaves': 22, 'learning_rate': 0.01699897838270077, 'subsample': 0.5290418060840998, 'colsample_bytree': 0.9330880728874675, 'min_child_samples': 68, 'reg_alpha': 0.023585940584142682, 'reg_lambda': 1.5320059381854043e-08}. Best is trial 0 with value: 0.06052684379258588.
[I 2026-06-01 15:51:16,767] Trial 1 finished with value: -0.01838372745008557 and parameters: {'confidence_threshold': 0.839468448256698, 'training_days': 420, 'n_estimators': 145, 'max_depth': 3, 'num_leaves': 23, 'learning_rate': 0.028145092716060652, 'subsample': 0.762378215816119, 'colsample_bytree': 0.7159725093210578, 'min_child_samples': 43, 'reg_alpha': 0.0032112643094417484, 'reg_lambda': 1.8007140198129195e-07}. Best is trial 0 with value: 0.06052684379258588.
[I 2026-06-01 15:51:16,910] Trial 2 finished with value: 0.02456285185816658 and parameters: {'confidence_threshold': 0.6022506269873263, 'training_days': 190, 'n_estimators': 255, 'max_depth': 5, 'num_leaves': 24, 'learning_rate': 0.05748924681991978, 'subsample': 0.7962072844310213, 'colsample_bytree': 0.5232252063599989, 'min_child_samples': 69, 'reg_alpha': 3.425445902633376e-07, 'reg_lambda': 3.850031979199519e-08}. Best is trial 0 with value: 0.06052684379258588.
[I 2026-06-01 15:51:17,181] Trial 3 finished with value: 0.04054524374226806 and parameters: {'confidence_threshold': 0.8321099380386666, 'training_days': 490, 'n_estimators': 414, 'max_depth': 3, 'num_leaves': 19, 'learning_rate': 0.1024932221692416, 'subsample': 0.7200762468698007, 'colsample_bytree': 0.5610191174223894, 'min_child_samples': 60, 'reg_alpha': 2.039373116525212e-08, 'reg_lambda': 1.527156759251193}. Best is trial 0 with value: 0.06052684379258588.
[I 2026-06-01 15:51:17,384] Trial 4 finished with value: -0.045330041633276856 and parameters: {'confidence_threshold': 0.5905729935600059, 'training_days': 340, 'n_estimators': 190, 'max_depth': 4, 'num_leaves': 41, 'learning_rate': 0.01875220945578641, 'subsample': 0.9847923138822793, 'colsample_bytree': 0.8875664116805573, 'min_child_samples': 96, 'reg_alpha': 1.1309571585271483, 'reg_lambda': 0.002404915432737351}. Best is trial 0 with value: 0.06052684379258588.
[I 2026-06-01 15:51:17,423] Trial 5 finished with value: -2.244429964772197 and parameters: {'confidence_threshold': 0.8226559822580909, 'training_days': 50, 'n_estimators': 138, 'max_depth': 3, 'num_leaves': 30, 'learning_rate': 0.03750796359625606, 'subsample': 0.6356745158869479, 'colsample_bytree': 0.9143687545759647, 'min_child_samples': 48, 'reg_alpha': 3.376063348877853e-06, 'reg_lambda': 0.0007660634613082914}. Best is trial 0 with value: 0.06052684379258588.
[I 2026-06-01 15:51:17,545] Trial 6 finished with value: -0.052083935065754816 and parameters: {'confidence_threshold': 0.5493234787411669, 'training_days': 410, 'n_estimators': 83, 'max_depth': 5, 'num_leaves': 52, 'learning_rate': 0.019657448966046126, 'subsample': 0.5027610585618012, 'colsample_bytree': 0.9077307142274171, 'min_child_samples': 77, 'reg_alpha': 0.03639690979811287, 'reg_lambda': 0.08738424135626986}. Best is trial 0 with value: 0.06052684379258588.
[I 2026-06-01 15:51:17,638] Trial 7 finished with value: 0.01925418112603842 and parameters: {'confidence_threshold': 0.5259156281069316, 'training_days': 180, 'n_estimators': 102, 'max_depth': 5, 'num_leaves': 45, 'learning_rate': 0.030816017044468066, 'subsample': 0.5317791751430119, 'colsample_bytree': 0.6554911608578311, 'min_child_samples': 46, 'reg_alpha': 0.036851536911881845, 'reg_lambda': 0.005470376807480391}. Best is trial 0 with value: 0.06052684379258588.
[I 2026-06-01 15:51:17,748] Trial 8 finished with value: 0.004829920706044608 and parameters: {'confidence_threshold': 0.8105244599017143, 'training_days': 240, 'n_estimators': 103, 'max_depth': 5, 'num_leaves': 52, 'learning_rate': 0.06746437142284309, 'subsample': 0.8854835899772805, 'colsample_bytree': 0.7468977981821954, 'min_child_samples': 62, 'reg_alpha': 7.04480806377519e-05, 'reg_lambda': 1.6934490731313353e-08}. Best is trial 0 with value: 0.06052684379258588.
[I 2026-06-01 15:51:17,775] Trial 9 finished with value: -0.04046352809625599 and parameters: {'confidence_threshold': 0.5377619994476566, 'training_days': 20, 'n_estimators': 337, 'max_depth': 3, 'num_leaves': 39, 'learning_rate': 0.21907142272152816, 'subsample': 0.6246461145744375, 'colsample_bytree': 0.7051914615178149, 'min_child_samples': 81, 'reg_alpha': 1.1459970229341322e-06, 'reg_lambda': 4.929685216887945e-08}. Best is trial 0 with value: 0.06052684379258588.
[I 2026-06-01 15:51:18,368] Trial 10 finished with value: 0.00022816750250485575 and parameters: {'confidence_threshold': 0.6938635787372303, 'training_days': 350, 'n_estimators': 487, 'max_depth': 4, 'num_leaves': 15, 'learning_rate': 0.011407797829608154, 'subsample': 0.6277217293825994, 'colsample_bytree': 0.9880699499289975, 'min_child_samples': 27, 'reg_alpha': 8.536188349289, 'reg_lambda': 3.3639426888455256e-06}. Best is trial 0 with value: 0.06052684379258588.
[I 2026-06-01 15:51:18,751] Trial 11 finished with value: 0.04748395415173096 and parameters: {'confidence_threshold': 0.7142966361932565, 'training_days': 490, 'n_estimators': 420, 'max_depth': 4, 'num_leaves': 15, 'learning_rate': 0.11529398851600968, 'subsample': 0.7100138054284578, 'colsample_bytree': 0.5081093472155149, 'min_child_samples': 55, 'reg_alpha': 5.66845160002491e-05, 'reg_lambda': 8.173625018275683}. Best is trial 0 with value: 0.06052684379258588.
[I 2026-06-01 15:51:19,157] Trial 12 finished with value: 0.01878132294754809 and parameters: {'confidence_threshold': 0.7131758522018106, 'training_days': 480, 'n_estimators': 366, 'max_depth': 4, 'num_leaves': 31, 'learning_rate': 0.17219793100380415, 'subsample': 0.6848043408918267, 'colsample_bytree': 0.8304278626461432, 'min_child_samples': 30, 'reg_alpha': 0.00018189806683590785, 'reg_lambda': 1.4289813315801497e-05}. Best is trial 0 with value: 0.06052684379258588.
[I 2026-06-01 15:51:19,562] Trial 13 finished with value: -0.01449016826236583 and parameters: {'confidence_threshold': 0.7396558952538093, 'training_days': 500, 'n_estimators': 500, 'max_depth': 4, 'num_leaves': 62, 'learning_rate': 0.13174744890444054, 'subsample': 0.8423130413901652, 'colsample_bytree': 0.5961799392941978, 'min_child_samples': 92, 'reg_alpha': 0.00676093630877994, 'reg_lambda': 8.154124966220198}. Best is trial 0 with value: 0.06052684379258588.
[I 2026-06-01 15:51:19,888] Trial 14 finished with value: -0.027805840805258684 and parameters: {'confidence_threshold': 0.6348333508666114, 'training_days': 340, 'n_estimators': 404, 'max_depth': 4, 'num_leaves': 15, 'learning_rate': 0.08830587574621251, 'subsample': 0.5693228312689971, 'colsample_bytree': 0.8077573619878425, 'min_child_samples': 74, 'reg_alpha': 3.89605858465574e-05, 'reg_lambda': 5.9127438984337655e-05}. Best is trial 0 with value: 0.06052684379258588.
[I 2026-06-01 15:51:20,148] Trial 15 finished with value: -0.005324413421558422 and parameters: {'confidence_threshold': 0.7533061888717214, 'training_days': 420, 'n_estimators': 291, 'max_depth': 4, 'num_leaves': 29, 'learning_rate': 0.2850905461187598, 'subsample': 0.9230878652018231, 'colsample_bytree': 0.635967930494948, 'min_child_samples': 55, 'reg_alpha': 0.0016907266878608239, 'reg_lambda': 0.10351163679178875}. Best is trial 0 with value: 0.06052684379258588.
[I 2026-06-01 15:51:20,593] Trial 16 finished with value: -0.0011048453874488652 and parameters: {'confidence_threshold': 0.6389198559538911, 'training_days': 270, 'n_estimators': 434, 'max_depth': 4, 'num_leaves': 24, 'learning_rate': 0.04601903348536019, 'subsample': 0.5875761624814698, 'colsample_bytree': 0.9826162589395974, 'min_child_samples': 36, 'reg_alpha': 0.3403466999682457, 'reg_lambda': 1.2611438108223133e-06}. Best is trial 0 with value: 0.06052684379258588.
[I 2026-06-01 15:51:20,833] Trial 17 finished with value: -0.02021216264490804 and parameters: {'confidence_threshold': 0.6652429013116167, 'training_days': 430, 'n_estimators': 325, 'max_depth': 3, 'num_leaves': 34, 'learning_rate': 0.010425658055299656, 'subsample': 0.6924034187792262, 'colsample_bytree': 0.8231500024413421, 'min_child_samples': 88, 'reg_alpha': 1.4543766410647756e-05, 'reg_lambda': 0.047826598176384766}. Best is trial 0 with value: 0.06052684379258588.
[I 2026-06-01 15:51:21,432] A new study created in memory with name: no-name-9345cefa-2dde-4aee-a5b2-f2919972a0cb
[I 2026-06-01 15:51:21,534] Trial 0 finished with value: -0.04521614347246232 and parameters: {'confidence_threshold': 0.7437642149592516, 'training_days': 150, 'n_estimators': 152, 'max_depth': 4, 'num_leaves': 50, 'learning_rate': 0.04216766425047743, 'subsample': 0.9903820991923078, 'colsample_bytree': 0.8424148692924316, 'min_child_samples': 58, 'reg_alpha': 3.381097259762742e-05, 'reg_lambda': 1.2263152961306247e-05}. Best is trial 0 with value: -0.04521614347246232.
[I 2026-06-01 15:51:21,605] Trial 1 finished with value: -0.11242438795448191 and parameters: {'confidence_threshold': 0.7551673975844145, 'training_days': 220, 'n_estimators': 76, 'max_depth': 4, 'num_leaves': 51, 'learning_rate': 0.018602118810743477, 'subsample': 0.5877258780737462, 'colsample_bytree': 0.7657756869209191, 'min_child_samples': 63, 'reg_alpha': 0.005123994170264194, 'reg_lambda': 0.44145470178120466}. Best is trial 0 with value: -0.04521614347246232.
[I 2026-06-01 15:51:21,856] Trial 2 finished with value: 0.02488291940437845 and parameters: {'confidence_threshold': 0.7535593637012223, 'training_days': 310, 'n_estimators': 375, 'max_depth': 3, 'num_leaves': 32, 'learning_rate': 0.021735641882032388, 'subsample': 0.6468570231944146, 'colsample_bytree': 0.8154880619272439, 'min_child_samples': 27, 'reg_alpha': 8.004064028491336e-05, 'reg_lambda': 7.546835261630524e-05}. Best is trial 2 with value: 0.02488291940437845.
[I 2026-06-01 15:51:22,021] Trial 3 finished with value: -0.021502267951192887 and parameters: {'confidence_threshold': 0.6727897841776072, 'training_days': 220, 'n_estimators': 190, 'max_depth': 4, 'num_leaves': 58, 'learning_rate': 0.24810689332636193, 'subsample': 0.7509183379421682, 'colsample_bytree': 0.8119764758960556, 'min_child_samples': 29, 'reg_alpha': 7.1708285081421445e-06, 'reg_lambda': 5.412973582738627e-05}. Best is trial 2 with value: 0.02488291940437845.
[I 2026-06-01 15:51:22,136] Trial 4 finished with value: -0.03360452755618702 and parameters: {'confidence_threshold': 0.803208205259178, 'training_days': 130, 'n_estimators': 267, 'max_depth': 5, 'num_leaves': 40, 'learning_rate': 0.08041175317374143, 'subsample': 0.5603143329951619, 'colsample_bytree': 0.9131704002534167, 'min_child_samples': 68, 'reg_alpha': 0.0008046593428183385, 'reg_lambda': 1.2158346158765583e-05}. Best is trial 2 with value: 0.02488291940437845.
[I 2026-06-01 15:51:22,367] Trial 5 finished with value: 8.536511763364701e-05 and parameters: {'confidence_threshold': 0.6064422761595144, 'training_days': 210, 'n_estimators': 357, 'max_depth': 5, 'num_leaves': 40, 'learning_rate': 0.0974221287220869, 'subsample': 0.7929682762811064, 'colsample_bytree': 0.8124517510478, 'min_child_samples': 74, 'reg_alpha': 0.3811377260781234, 'reg_lambda': 5.607314238392041e-08}. Best is trial 2 with value: 0.02488291940437845.
