[I 2026-06-01 15:48:21,691] Trial 9 finished with value: 0.014271458881634416 and parameters: {'confidence_threshold': 0.6202096049169137, 'training_days': 260, 'n_estimators': 350, 'max_depth': 3, 'num_leaves': 21, 'learning_rate': 0.02989540198065364, 'subsample': 0.8307821683331218, 'colsample_bytree': 0.923253112635361, 'min_child_samples': 64, 'reg_alpha': 0.4898604619604203, 'reg_lambda': 2.9076377687066166e-05}. Best is trial 2 with value: 0.07652443784112378.
[I 2026-06-01 15:48:22,025] Trial 10 finished with value: -2.234669934451987 and parameters: {'confidence_threshold': 0.8445241688507242, 'training_days': 420, 'n_estimators': 494, 'max_depth': 3, 'num_leaves': 30, 'learning_rate': 0.010221918552934462, 'subsample': 0.5019190721168774, 'colsample_bytree': 0.6202684210924141, 'min_child_samples': 45, 'reg_alpha': 1.5494783182896407e-08, 'reg_lambda': 0.018878930586497852}. Best is trial 2 with value: 0.07652443784112378.

  [label] 2023-10-13 16:00 ETHUSDT entry=1551.5500 → LONG | long=tp(+5.58%) short=sl(-2.94%) | scanned=8 | long_tp_only
  [label] 2023-11-14 16:00 ETHUSDT entry=1980.1100 → SHORT | long=timeout(-2.46%) short=sl(-5.35%) | scanned=22 | no_tp→fwd_return=-2.3569
  [label] 2023-12-01 00:00 ETHUSDT entry=2092.2900 → LONG | long=tp(+6.59%) short=sl(-3.44%) | scanned=9 | long_tp_only
  [label] 2023-12-13 16:00 ETHUSDT entry=2261.4400 → SHORT | long=sl(-4.91%) short=timeout(+2.44%) | scanned=22 | no_tp→fwd_return=-2.5422
  [label] 2024-01-01 00:00 ETHUSDT entry=2286.4600 → SHORT | long=sl(-4.03%) short=sl(-4.03%) | scanned=7 | no_tp→fwd_return=-1.9874
  [label] 2024-01-07 08:00 ETHUSDT entry=2229.9000 → LONG | long=tp(+8.34%) short=sl(-4.32%) | scanned=9 | long_tp_only
  [label] 2024-01-19 16:00 ETHUSDT entry=2492.4600 → SHORT | long=sl(-4.32%) short=tp(+8.34%) | scanned=11 | short_tp_only
  [label] 2024-02-28 08:00 ETHUSDT entry=3350.3000 → LONG | long=sl(-4.27%) short=sl(-4.27%) | scanned=1 | no_tp→fwd_return=+1.0975
  [label] 2024-03-09 00:00 ETHUSDT entry=3928.9200 → SHORT | long=sl(-6.13%) short=timeout(+4.62%) | scanned=22 | no_tp→fwd_return=-4.7222
  [label] 2024-06-03 08:00 ETHUSDT entry=3798.2200 → SHORT | long=sl(-3.61%) short=timeout(+2.39%) | scanned=22 | no_tp→fwd_return=-2.4914
  Labels: 1152 long (53.1%), 1019 short (46.9%) | weights: min=1.00, mean=3.53, max=10.00
  Features: 2171/2171 matched, 48 columns
  CV gap: 22 rows
  [ensemble 1/3] seed=42
    [trial 0] 48 features, training_days=480 | threshold=0.631 | labels: 1152 long, 1019 short (53/47%)
    [CV fold 0] train_end=2022-10-23 08:00 | val_start=2022-10-31 00:00 | gap=184h (22 rows)
    [CV fold 1] train_end=2023-02-20 16:00 | val_start=2023-02-28 08:00 | gap=184h (22 rows)
    [CV fold 2] train_end=2023-06-21 00:00 | val_start=2023-06-28 16:00 | gap=184h (22 rows)
    [CV fold 3] train_end=2023-10-19 08:00 | val_start=2023-10-27 00:00 | gap=184h (22 rows)
    [CV fold 4] train_end=2024-02-16 16:00 | val_start=2024-02-24 08:00 | gap=184h (22 rows)
    [trial 0] Sharpe=-0.0274 (folds: -0.0215, -0.0785, 0.2441, -0.2773, -0.0038)
    [trial 1] 48 features, training_days=420 | threshold=0.839 | labels: 1152 long, 1019 short (53/47%)
    [trial 1] Sharpe=-2.3745 (folds: 0.0715, -0.4521, -10.0000, -1.6111, 0.1194)
    [trial 2] 48 features, training_days=190 | threshold=0.602 | labels: 1152 long, 1019 short (53/47%)
    [trial 2] Sharpe=0.0251 (folds: -0.1642, -0.0557, 0.2995, 0.1010, -0.0554)
    [trial 3] 48 features, training_days=490 | threshold=0.832 | labels: 1152 long, 1019 short (53/47%)
    [trial 3] Sharpe=-0.0932 (folds: -0.2720, -0.0496, 0.2492, -0.2880, -0.1054)
    [trial 4] 48 features, training_days=340 | threshold=0.591 | labels: 1152 long, 1019 short (53/47%)
    [trial 4] Sharpe=0.0328 (folds: 0.0103, -0.0349, 0.1935, 0.1430, -0.1476)
    [trial 5] 48 features, training_days=50 | threshold=0.823 | labels: 1152 long, 1019 short (53/47%)
    [trial 5] Sharpe=0.1022 (folds: -0.0277, 0.1579, 0.3152, 0.0285, 0.0373)
    [trial 6] 48 features, training_days=410 | threshold=0.549 | labels: 1152 long, 1019 short (53/47%)
    [trial 6] Sharpe=-0.0074 (folds: 0.2386, -0.0104, 0.0816, -0.2600, -0.0867)
    [trial 7] 48 features, training_days=180 | threshold=0.526 | labels: 1152 long, 1019 short (53/47%)
    [trial 7] Sharpe=0.0090 (folds: -0.0609, 0.0206, 0.1203, 0.0864, -0.1217)
    [trial 8] 48 features, training_days=240 | threshold=0.811 | labels: 1152 long, 1019 short (53/47%)
    [trial 8] Sharpe=0.1004 (folds: 0.0267, -0.0089, 0.3980, 0.1703, -0.0841)
    [trial 9] 48 features, training_days=20 | threshold=0.538 | labels: 1152 long, 1019 short (53/47%)
    [trial 9] Sharpe=0.0963 (folds: -0.0334, 0.0655, -0.0254, 0.3796, 0.0950)
    [trial 10] 48 features, training_days=10 | threshold=0.732 | labels: 1152 long, 1019 short (53/47%)
    [trial 10] Sharpe=-0.0940 (folds: -0.1023, -0.1002, 0.0247, -0.3870, 0.0950)
    [trial 11] 48 features, training_days=110 | threshold=0.762 | labels: 1152 long, 1019 short (53/47%)
    [trial 11] Sharpe=-0.1118 (folds: -0.1917, -0.0588, -0.0208, -0.2087, -0.0791)
    [trial 12] 48 features, training_days=280 | threshold=0.768 | labels: 1152 long, 1019 short (53/47%)
    [trial 12] Sharpe=-0.0247 (folds: -0.0429, -0.0633, 0.1458, -0.0340, -0.1293)
    [trial 13] 48 features, training_days=110 | threshold=0.694 | labels: 1152 long, 1019 short (53/47%)
    [trial 13] Sharpe=-0.1032 (folds: -0.1129, -0.0953, 0.0043, -0.2589, -0.0535)
    [trial 14] 48 features, training_days=240 | threshold=0.787 | labels: 1152 long, 1019 short (53/47%)
    [trial 14] Sharpe=0.0466 (folds: -0.1241, -0.0043, 0.3487, 0.0999, -0.0870)
    [trial 15] 48 features, training_days=70 | threshold=0.814 | labels: 1152 long, 1019 short (53/47%)
    [trial 15] Sharpe=-4.0518 (folds: -0.1547, 0.0313, -10.0000, -10.0000, -0.1356)
    [trial 16] 48 features, training_days=310 | threshold=0.708 | labels: 1152 long, 1019 short (53/47%)
    [trial 16] Sharpe=-0.0013 (folds: -0.1702, -0.1030, 0.3076, -0.0012, -0.0397)
    [trial 17] 48 features, training_days=190 | threshold=0.664 | labels: 1152 long, 1019 short (53/47%)
    [trial 17] Sharpe=0.0033 (folds: -0.1838, -0.0536, 0.1713, 0.1017, -0.0193)
  Optuna: 18 trials, best Sharpe = 0.1022
  Best params: n_estimators=138, max_depth=3, lr=0.0375, leaves=30
  Best confidence_threshold: 0.823
  Best training_days: 50
  Retrained on full data (150 samples, 48 features)
  [ensemble 2/3] seed=123
    [trial 0] 48 features, training_days=150 | threshold=0.744 | labels: 1152 long, 1019 short (53/47%)
    [CV fold 0] train_end=2022-10-23 08:00 | val_start=2022-10-31 00:00 | gap=184h (22 rows)
    [CV fold 1] train_end=2023-02-20 16:00 | val_start=2023-02-28 08:00 | gap=184h (22 rows)
    [CV fold 2] train_end=2023-06-21 00:00 | val_start=2023-06-28 16:00 | gap=184h (22 rows)
    [CV fold 3] train_end=2023-10-19 08:00 | val_start=2023-10-27 00:00 | gap=184h (22 rows)
    [CV fold 4] train_end=2024-02-16 16:00 | val_start=2024-02-24 08:00 | gap=184h (22 rows)
    [trial 0] Sharpe=-0.0315 (folds: -0.0647, -0.2214, 0.0344, 0.1342, -0.0400)
    [trial 1] 48 features, training_days=220 | threshold=0.755 | labels: 1152 long, 1019 short (53/47%)
    [trial 1] Sharpe=-3.9730 (folds: -0.6483, -10.0000, -10.0000, 0.6701, 0.1133)
    [trial 2] 48 features, training_days=310 | threshold=0.754 | labels: 1152 long, 1019 short (53/47%)
    [trial 2] Sharpe=0.0765 (folds: -0.0927, -0.0754, 0.4414, 0.2047, -0.0954)
    [trial 3] 48 features, training_days=220 | threshold=0.673 | labels: 1152 long, 1019 short (53/47%)
    [trial 3] Sharpe=0.0186 (folds: -0.2519, 0.0437, 0.2243, 0.1380, -0.0611)
    [trial 4] 48 features, training_days=130 | threshold=0.803 | labels: 1152 long, 1019 short (53/47%)
    [trial 4] Sharpe=-0.0782 (folds: -0.1897, -0.1781, 0.0185, 0.0363, -0.0781)
    [trial 5] 48 features, training_days=210 | threshold=0.606 | labels: 1152 long, 1019 short (53/47%)
    [trial 5] Sharpe=0.0588 (folds: -0.1430, 0.0550, 0.2578, 0.1228, 0.0015)
    [trial 6] 48 features, training_days=130 | threshold=0.767 | labels: 1152 long, 1019 short (53/47%)
    [trial 6] Sharpe=-0.0027 (folds: -0.2360, 0.0324, 0.0217, 0.2468, -0.0782)
    [trial 7] 48 features, training_days=80 | threshold=0.556 | labels: 1152 long, 1019 short (53/47%)
    [trial 7] Sharpe=-0.0550 (folds: 0.0111, -0.0373, 0.0912, -0.3248, -0.0151)
    [trial 8] 48 features, training_days=200 | threshold=0.607 | labels: 1152 long, 1019 short (53/47%)
    [trial 8] Sharpe=0.0271 (folds: -0.2187, 0.0852, 0.2560, 0.0913, -0.0784)
    [trial 9] 48 features, training_days=260 | threshold=0.620 | labels: 1152 long, 1019 short (53/47%)
    [trial 9] Sharpe=0.0143 (folds: -0.1133, -0.0785, 0.3125, 0.0537, -0.1029)
    [trial 10] 48 features, training_days=420 | threshold=0.845 | labels: 1152 long, 1019 short (53/47%)
    [trial 10] Sharpe=-2.2347 (folds: 0.1391, -0.3299, -10.0000, -0.9426, -0.0400)
    [trial 11] 48 features, training_days=350 | threshold=0.513 | labels: 1152 long, 1019 short (53/47%)
    [trial 11] Sharpe=-0.0146 (folds: -0.0965, -0.1093, 0.1842, 0.0315, -0.0830)[I 2026-06-01 15:48:22,413] Trial 11 finished with value: -0.014634691770771044 and parameters: {'confidence_threshold': 0.5130539202318031, 'training_days': 350, 'n_estimators': 481, 'max_depth': 5, 'num_leaves': 37, 'learning_rate': 0.022038273824583284, 'subsample': 0.6581542700946174, 'colsample_bytree': 0.6778283959364831, 'min_child_samples': 85, 'reg_alpha': 5.52148235930095, 'reg_lambda': 1.0039406094662013e-08}. Best is trial 2 with value: 0.07652443784112378.
[I 2026-06-01 15:48:22,635] Trial 12 finished with value: 0.010124786637099337 and parameters: {'confidence_threshold': 0.6671887204403107, 'training_days': 320, 'n_estimators': 413, 'max_depth': 3, 'num_leaves': 27, 'learning_rate': 0.10262628827337286, 'subsample': 0.92991693404731, 'colsample_bytree': 0.5201164353688423, 'min_child_samples': 100, 'reg_alpha': 0.09015824224036377, 'reg_lambda': 3.0995021474997295e-07}. Best is trial 2 with value: 0.07652443784112378.
[I 2026-06-01 15:48:22,663] Trial 13 finished with value: -0.0939511979439033 and parameters: {'confidence_threshold': 0.7204346383264851, 'training_days': 10, 'n_estimators': 275, 'max_depth': 5, 'num_leaves': 41, 'learning_rate': 0.04317436237981049, 'subsample': 0.6692276593280039, 'colsample_bytree': 0.7082407533656954, 'min_child_samples': 50, 'reg_alpha': 1.7435071068005825e-07, 'reg_lambda': 0.001712203070526367}. Best is trial 2 with value: 0.07652443784112378.
[I 2026-06-01 15:48:23,031] Trial 14 finished with value: 0.04549145059136953 and parameters: {'confidence_threshold': 0.6064803304844418, 'training_days': 490, 'n_estimators': 422, 'max_depth': 4, 'num_leaves': 35, 'learning_rate': 0.010733865484948656, 'subsample': 0.8635188703605282, 'colsample_bytree': 0.7633859154618698, 'min_child_samples': 77, 'reg_alpha': 0.03864170904019258, 'reg_lambda': 1.66052015319664}. Best is trial 2 with value: 0.07652443784112378.
[I 2026-06-01 15:48:23,201] Trial 15 finished with value: 0.011554555109732498 and parameters: {'confidence_threshold': 0.7108269657108626, 'training_days': 310, 'n_estimators': 300, 'max_depth': 5, 'num_leaves': 24, 'learning_rate': 0.1261783111913892, 'subsample': 0.7380920620367895, 'colsample_bytree': 0.6337595094051601, 'min_child_samples': 43, 'reg_alpha': 9.04767116754201, 'reg_lambda': 3.1994240634607435e-07}. Best is trial 2 with value: 0.07652443784112378.
[I 2026-06-01 15:48:23,474] Trial 16 finished with value: -0.031242602382163344 and parameters: {'confidence_threshold': 0.645782951713598, 'training_days': 380, 'n_estimators': 434, 'max_depth': 3, 'num_leaves': 15, 'learning_rate': 0.016539771505126446, 'subsample': 0.6259757956590382, 'colsample_bytree': 0.7584128129121731, 'min_child_samples': 75, 'reg_alpha': 1.6323832176782968e-06, 'reg_lambda': 0.0029561022925160257}. Best is trial 2 with value: 0.07652443784112378.
[I 2026-06-01 15:48:23,685] Trial 17 finished with value: 0.00882355285813266 and parameters: {'confidence_threshold': 0.5617278450091161, 'training_days': 270, 'n_estimators': 233, 'max_depth': 4, 'num_leaves': 46, 'learning_rate': 0.03384621832572817, 'subsample': 0.7450383193201127, 'colsample_bytree': 0.8999265377268035, 'min_child_samples': 54, 'reg_alpha': 0.0001164232451138413, 'reg_lambda': 1.1543785125457142e-06}. Best is trial 2 with value: 0.07652443784112378.
[I 2026-06-01 15:48:24,063] A new study created in memory with name: no-name-26b3c592-d1b9-4426-88c7-f063b94864aa
[I 2026-06-01 15:48:24,242] Trial 0 finished with value: -0.06841424530398962 and parameters: {'confidence_threshold': 0.5870645682749857, 'training_days': 90, 'n_estimators': 403, 'max_depth': 5, 'num_leaves': 45, 'learning_rate': 0.0780457193679974, 'subsample': 0.9428509515574568, 'colsample_bytree': 0.8795587339164916, 'min_child_samples': 34, 'reg_alpha': 2.2465901234314442e-07, 'reg_lambda': 8.339007036475363e-05}. Best is trial 0 with value: -0.06841424530398962.
[I 2026-06-01 15:48:24,351] Trial 1 finished with value: 0.013624637973207529 and parameters: {'confidence_threshold': 0.6348453934275313, 'training_days': 290, 'n_estimators': 115, 'max_depth': 5, 'num_leaves': 37, 'learning_rate': 0.06949568759029946, 'subsample': 0.8228505074024268, 'colsample_bytree': 0.8616703220431751, 'min_child_samples': 75, 'reg_alpha': 4.2486822725010923e-07, 'reg_lambda': 1.157247767047042e-07}. Best is trial 1 with value: 0.013624637973207529.
[I 2026-06-01 15:48:24,371] Trial 2 finished with value: -0.0939511979439033 and parameters: {'confidence_threshold': 0.5849570384370288, 'training_days': 10, 'n_estimators': 212, 'max_depth': 3, 'num_leaves': 41, 'learning_rate': 0.18452095998378365, 'subsample': 0.6001060822924371, 'colsample_bytree': 0.5673167293506167, 'min_child_samples': 37, 'reg_alpha': 5.733250064217131, 'reg_lambda': 0.5308454292595461}. Best is trial 1 with value: 0.013624637973207529.
[I 2026-06-01 15:48:24,443] Trial 3 finished with value: 0.057220959945707174 and parameters: {'confidence_threshold': 0.6868248626683718, 'training_days': 220, 'n_estimators': 134, 'max_depth': 3, 'num_leaves': 45, 'learning_rate': 0.033529007907491595, 'subsample': 0.8647277071858408, 'colsample_bytree': 0.778494116634046, 'min_child_samples': 96, 'reg_alpha': 2.409409937265785e-07, 'reg_lambda': 1.1642073478060009}. Best is trial 3 with value: 0.057220959945707174.
[I 2026-06-01 15:48:24,523] Trial 4 finished with value: 0.012201398254513659 and parameters: {'confidence_threshold': 0.5623121348350352, 'training_days': 300, 'n_estimators': 69, 'max_depth': 4, 'num_leaves': 32, 'learning_rate': 0.14967629360700346, 'subsample': 0.5054535233636654, 'colsample_bytree': 0.7401385194659216, 'min_child_samples': 27, 'reg_alpha': 1.4212042567426725e-07, 'reg_lambda': 0.23605753701352003}. Best is trial 3 with value: 0.057220959945707174.
[I 2026-06-01 15:48:24,955] Trial 5 finished with value: -0.03307149061602905 and parameters: {'confidence_threshold': 0.7111850244908446, 'training_days': 490, 'n_estimators': 362, 'max_depth': 5, 'num_leaves': 40, 'learning_rate': 0.05960785724162737, 'subsample': 0.5589714368907717, 'colsample_bytree': 0.6659006943232806, 'min_child_samples': 42, 'reg_alpha': 0.6741360303045295, 'reg_lambda': 6.054601607143087e-08}. Best is trial 3 with value: 0.057220959945707174.
[I 2026-06-01 15:48:25,142] Trial 6 finished with value: -0.06023547868122296 and parameters: {'confidence_threshold': 0.667482545748023, 'training_days': 420, 'n_estimators': 279, 'max_depth': 3, 'num_leaves': 45, 'learning_rate': 0.040099592560849204, 'subsample': 0.8563114696415159, 'colsample_bytree': 0.5442917781944105, 'min_child_samples': 50, 'reg_alpha': 1.6407916423707903e-08, 'reg_lambda': 2.935907642973286e-05}. Best is trial 3 with value: 0.057220959945707174.
[I 2026-06-01 15:48:25,289] Trial 7 finished with value: -0.11208914192540613 and parameters: {'confidence_threshold': 0.5497381024139926, 'training_days': 120, 'n_estimators': 408, 'max_depth': 5, 'num_leaves': 38, 'learning_rate': 0.28049122657745795, 'subsample': 0.8806573338635493, 'colsample_bytree': 0.5454054113547102, 'min_child_samples': 63, 'reg_alpha': 0.01263008637940408, 'reg_lambda': 0.04588020805366937}. Best is trial 3 with value: 0.057220959945707174.
[I 2026-06-01 15:48:25,563] Trial 8 finished with value: -0.07904441002638792 and parameters: {'confidence_threshold': 0.719644804808716, 'training_days': 450, 'n_estimators': 410, 'max_depth': 4, 'num_leaves': 57, 'learning_rate': 0.04022026551478857, 'subsample': 0.5336085426932707, 'colsample_bytree': 0.5705742850577543, 'min_child_samples': 100, 'reg_alpha': 5.916398047912201e-07, 'reg_lambda': 0.9794034214488329}. Best is trial 3 with value: 0.057220959945707174.
[I 2026-06-01 15:48:25,584] Trial 9 finished with value: -7.9809974878362295 and parameters: {'confidence_threshold': 0.7267463643917187, 'training_days': 20, 'n_estimators': 337, 'max_depth': 5, 'num_leaves': 23, 'learning_rate': 0.022153031811454605, 'subsample': 0.6305627572358737, 'colsample_bytree': 0.6613413774216214, 'min_child_samples': 81, 'reg_alpha': 5.7638634029410314e-08, 'reg_lambda': 8.26603016764008}. Best is trial 3 with value: 0.057220959945707174.
[I 2026-06-01 15:48:25,681] Trial 10 finished with value: -8.026237842026285 and parameters: {'confidence_threshold': 0.8283920119574972, 'training_days': 200, 'n_estimators': 181, 'max_depth': 3, 'num_leaves': 62, 'learning_rate': 0.011579281028220855, 'subsample': 0.7130289643560688, 'colsample_bytree': 0.9944479338273263, 'min_child_samples': 100, 'reg_alpha': 6.837313901272251e-05, 'reg_lambda': 0.0027253228209330924}. Best is trial 3 with value: 0.057220959945707174.
[I 2026-06-01 15:48:25,760] Trial 11 finished with value: -0.001409621185387354 and parameters: {'confidence_threshold': 0.6435110568867387, 'training_days': 300, 'n_estimators': 53, 'max_depth': 4, 'num_leaves': 52, 'learning_rate': 0.0222741777320615, 'subsample': 0.7864449612484271, 'colsample_bytree': 0.8566211708639163, 'min_child_samples': 82, 'reg_alpha': 2.5646023357365184e-05, 'reg_lambda': 7.359299995524362e-08}. Best is trial 3 with value: 0.057220959945707174.
[I 2026-06-01 15:48:25,867] Trial 12 finished with value: -0.0007928088485121998 and parameters: {'confidence_threshold': 0.8008961038526314, 'training_days': 220, 'n_estimators': 139, 'max_depth': 4, 'num_leaves': 28, 'learning_rate': 0.09265206884400709, 'subsample': 0.9912016966112274, 'colsample_bytree': 0.8319084769095351, 'min_child_samples': 77, 'reg_alpha': 3.5050805301964397e-06, 'reg_lambda': 2.323935870907716e-06}. Best is trial 3 with value: 0.057220959945707174.
[I 2026-06-01 15:48:25,986] Trial 13 finished with value: 0.0087712967304783 and parameters: {'confidence_threshold': 0.5040535938350955, 'training_days': 350, 'n_estimators': 135, 'max_depth': 3, 'num_leaves': 17, 'learning_rate': 0.025928125322233722, 'subsample': 0.7766339475545845, 'colsample_bytree': 0.9448617910348931, 'min_child_samples': 67, 'reg_alpha': 0.0065047286221549495, 'reg_lambda': 0.006726263507857872}. Best is trial 3 with value: 0.057220959945707174.
[I 2026-06-01 15:48:26,199] Trial 14 finished with value: -0.0007736921964043061 and parameters: {'confidence_threshold': 0.6309174332741587, 'training_days': 170, 'n_estimators': 500, 'max_depth': 4, 'num_leaves': 51, 'learning_rate': 0.012869232175915853, 'subsample': 0.8542758323212831, 'colsample_bytree': 0.7768174862622209, 'min_child_samples': 89, 'reg_alpha': 4.955297347412664e-06, 'reg_lambda': 9.095925666395889e-07}. Best is trial 3 with value: 0.057220959945707174.
[I 2026-06-01 15:48:26,367] Trial 15 finished with value: -0.0553799133266744 and parameters: {'confidence_threshold': 0.7759731020643469, 'training_days': 370, 'n_estimators': 229, 'max_depth': 3, 'num_leaves': 33, 'learning_rate': 0.12019316673929639, 'subsample': 0.7099712385138768, 'colsample_bytree': 0.7487773095240787, 'min_child_samples': 73, 'reg_alpha': 0.002133995302102607, 'reg_lambda': 1.3428744385879607e-08}. Best is trial 3 with value: 0.057220959945707174.
[I 2026-06-01 15:48:26,476] Trial 16 finished with value: 0.07891200447177578 and parameters: {'confidence_threshold': 0.6189401841155484, 'training_days': 260, 'n_estimators': 108, 'max_depth': 5, 'num_leaves': 50, 'learning_rate': 0.04266871908460725, 'subsample': 0.9162663396402947, 'colsample_bytree': 0.8026184283468003, 'min_child_samples': 89, 'reg_alpha': 2.0019641465256477e-06, 'reg_lambda': 0.000855876310048679}. Best is trial 16 with value: 0.07891200447177578.
