[I 2026-06-01 15:48:49,015] Trial 15 finished with value: 0.043949743396666595 and parameters: {'confidence_threshold': 0.7594279795954488, 'training_days': 160, 'n_estimators': 440, 'max_depth': 4, 'num_leaves': 27, 'learning_rate': 0.04417310762823144, 'subsample': 0.5095075980971637, 'colsample_bytree': 0.6266199931680331, 'min_child_samples': 91, 'reg_alpha': 0.026342207136690436, 'reg_lambda': 0.0015446109378824768}. Best is trial 15 with value: 0.043949743396666595.
[I 2026-06-01 15:48:49,278] Trial 16 finished with value: -0.023852378253693664 and parameters: {'confidence_threshold': 0.7809712285122007, 'training_days': 170, 'n_estimators': 457, 'max_depth': 4, 'num_leaves': 23, 'learning_rate': 0.11528226955494458, 'subsample': 0.6381081946495875, 'colsample_bytree': 0.6493293908763894, 'min_child_samples': 58, 'reg_alpha': 0.03696370588928545, 'reg_lambda': 0.000855876310048679}. Best is trial 15 with value: 0.043949743396666595.
[I 2026-06-01 15:48:49,380] Trial 17 finished with value: -0.20987218601569047 and parameters: {'confidence_threshold': 0.7839428111033017, 'training_days': 130, 'n_estimators': 303, 'max_depth': 3, 'num_leaves': 15, 'learning_rate': 0.013380602232677397, 'subsample': 0.5744928429638737, 'colsample_bytree': 0.7665897762574099, 'min_child_samples': 88, 'reg_alpha': 0.0666465635294538, 'reg_lambda': 0.015608982131163995}. Best is trial 15 with value: 0.043949743396666595.

    [trial 7] 48 features, training_days=80 | threshold=0.556 | labels: 1126 long, 1045 short (52/48%)
    [trial 7] Sharpe=-0.0687 (folds: -0.2185, -0.2360, 0.0170, 0.1578, -0.0639)
    [trial 8] 48 features, training_days=200 | threshold=0.607 | labels: 1126 long, 1045 short (52/48%)
    [trial 8] Sharpe=0.0265 (folds: -0.1101, 0.0403, 0.1091, 0.0597, 0.0337)
    [trial 9] 48 features, training_days=260 | threshold=0.620 | labels: 1126 long, 1045 short (52/48%)
    [trial 9] Sharpe=0.0264 (folds: -0.1349, -0.0263, 0.2250, 0.1196, -0.0513)
    [trial 10] 48 features, training_days=470 | threshold=0.845 | labels: 1126 long, 1045 short (52/48%)
    [trial 10] Sharpe=-0.1431 (folds: -0.2550, -0.1274, -0.2806, -0.1621, 0.1096)
    [trial 11] 48 features, training_days=20 | threshold=0.726 | labels: 1126 long, 1045 short (52/48%)
    [trial 11] Sharpe=-8.0596 (folds: -10.0000, -10.0000, -0.2981, -10.0000, -10.0000)
    [trial 12] 48 features, training_days=360 | threshold=0.689 | labels: 1126 long, 1045 short (52/48%)
    [trial 12] Sharpe=-0.0559 (folds: -0.3261, -0.1307, 0.2123, 0.0225, -0.0573)
    [trial 13] 48 features, training_days=120 | threshold=0.810 | labels: 1126 long, 1045 short (52/48%)
    [trial 13] Sharpe=0.0225 (folds: -0.1264, -0.2775, 0.2471, 0.1859, 0.0837)
    [trial 14] 48 features, training_days=20 | threshold=0.697 | labels: 1126 long, 1045 short (52/48%)
    [trial 14] Sharpe=-6.0550 (folds: -10.0000, 0.0231, -0.2981, -10.0000, -10.0000)
    [trial 15] 48 features, training_days=130 | threshold=0.503 | labels: 1126 long, 1045 short (52/48%)
    [trial 15] Sharpe=0.0059 (folds: -0.0143, -0.2814, 0.2072, 0.1206, -0.0024)
    [trial 16] 48 features, training_days=80 | threshold=0.779 | labels: 1126 long, 1045 short (52/48%)
    [trial 16] Sharpe=-2.0251 (folds: -0.2526, -10.0000, 0.1831, -0.0561, 0.0000)
    [trial 17] 48 features, training_days=370 | threshold=0.722 | labels: 1126 long, 1045 short (52/48%)
    [trial 17] Sharpe=-0.0406 (folds: -0.0668, -0.0926, 0.0185, 0.0053, -0.0673)
  Optuna: 18 trials, best Sharpe = 0.0552
  Best params: n_estimators=137, max_depth=4, lr=0.2031, leaves=19
  Best confidence_threshold: 0.767
  Best training_days: 130
  Retrained on full data (390 samples, 48 features)
  [ensemble 3/3] seed=456
    [trial 0] 48 features, training_days=90 | threshold=0.587 | labels: 1126 long, 1045 short (52/48%)
    [CV fold 0] train_end=2022-12-24 08:00 | val_start=2023-01-01 00:00 | gap=184h (22 rows)
    [CV fold 1] train_end=2023-04-23 16:00 | val_start=2023-05-01 08:00 | gap=184h (22 rows)
    [CV fold 2] train_end=2023-08-22 00:00 | val_start=2023-08-29 16:00 | gap=184h (22 rows)
    [CV fold 3] train_end=2023-12-20 08:00 | val_start=2023-12-28 00:00 | gap=184h (22 rows)
    [CV fold 4] train_end=2024-04-18 16:00 | val_start=2024-04-26 08:00 | gap=184h (22 rows)
    [trial 0] Sharpe=-0.0463 (folds: -0.2805, -0.0893, 0.0501, 0.1581, -0.0699)
    [trial 1] 48 features, training_days=290 | threshold=0.635 | labels: 1126 long, 1045 short (52/48%)
    [trial 1] Sharpe=-0.0045 (folds: -0.1881, -0.0568, 0.2222, 0.0100, -0.0098)
    [trial 2] 48 features, training_days=10 | threshold=0.585 | labels: 1126 long, 1045 short (52/48%)
    [trial 2] Sharpe=-0.1063 (folds: -0.1629, -0.1097, -0.2981, -0.0728, 0.1119)
    [trial 3] 48 features, training_days=220 | threshold=0.687 | labels: 1126 long, 1045 short (52/48%)
    [trial 3] Sharpe=-0.0468 (folds: -0.3285, -0.1802, 0.2354, 0.0161, 0.0231)
    [trial 4] 48 features, training_days=300 | threshold=0.562 | labels: 1126 long, 1045 short (52/48%)
    [trial 4] Sharpe=-0.0326 (folds: -0.1482, -0.0503, 0.0075, 0.0227, 0.0054)
    [trial 5] 48 features, training_days=490 | threshold=0.711 | labels: 1126 long, 1045 short (52/48%)
    [trial 5] Sharpe=-0.0385 (folds: -0.1518, -0.0213, 0.0157, -0.0202, -0.0148)
    [trial 6] 48 features, training_days=420 | threshold=0.667 | labels: 1126 long, 1045 short (52/48%)
    [trial 6] Sharpe=-0.0113 (folds: -0.0837, -0.0571, 0.0676, 0.0449, -0.0285)
    [trial 7] 48 features, training_days=120 | threshold=0.550 | labels: 1126 long, 1045 short (52/48%)
    [trial 7] Sharpe=-0.0396 (folds: -0.1445, -0.2861, 0.0541, 0.1469, 0.0316)
    [trial 8] 48 features, training_days=450 | threshold=0.720 | labels: 1126 long, 1045 short (52/48%)
    [trial 8] Sharpe=0.0089 (folds: -0.1784, -0.0011, 0.2174, -0.0160, 0.0227)
    [trial 9] 48 features, training_days=20 | threshold=0.727 | labels: 1126 long, 1045 short (52/48%)
    [trial 9] Sharpe=-8.0596 (folds: -10.0000, -10.0000, -0.2981, -10.0000, -10.0000)
    [trial 10] 48 features, training_days=400 | threshold=0.828 | labels: 1126 long, 1045 short (52/48%)
    [trial 10] Sharpe=-2.0190 (folds: -0.2268, -10.0000, 0.0384, 0.1883, -0.0948)
    [trial 11] 48 features, training_days=300 | threshold=0.783 | labels: 1126 long, 1045 short (52/48%)
    [trial 11] Sharpe=-0.0243 (folds: -0.1307, -0.1112, 0.0772, 0.0336, 0.0096)
    [trial 12] 48 features, training_days=380 | threshold=0.631 | labels: 1126 long, 1045 short (52/48%)
    [trial 12] Sharpe=-0.0757 (folds: -0.1917, -0.2485, 0.0496, 0.0465, -0.0344)
    [trial 13] 48 features, training_days=210 | threshold=0.504 | labels: 1126 long, 1045 short (52/48%)
    [trial 13] Sharpe=0.0072 (folds: -0.0938, 0.0026, 0.0410, 0.0991, -0.0129)
    [trial 14] 48 features, training_days=210 | threshold=0.765 | labels: 1126 long, 1045 short (52/48%)
    [trial 14] Sharpe=0.0160 (folds: -0.1208, 0.0191, 0.0876, 0.0841, 0.0101)
    [trial 15] 48 features, training_days=160 | threshold=0.759 | labels: 1126 long, 1045 short (52/48%)
    [trial 15] Sharpe=0.0439 (folds: -0.1187, -0.0831, 0.2772, 0.0656, 0.0788)
    [trial 16] 48 features, training_days=170 | threshold=0.781 | labels: 1126 long, 1045 short (52/48%)
    [trial 16] Sharpe=-0.0239 (folds: -0.1830, -0.1788, 0.1537, 0.0688, 0.0200)
    [trial 17] 48 features, training_days=130 | threshold=0.784 | labels: 1126 long, 1045 short (52/48%)
    [trial 17] Sharpe=-0.2099 (folds: -0.2160, -1.2984, 0.1787, 0.1734, 0.1129)
  Optuna: 18 trials, best Sharpe = 0.0439
  Best params: n_estimators=440, max_depth=4, lr=0.0442, leaves=27
  Best confidence_threshold: 0.759
  Best training_days: 160
  Retrained on full data (480 samples, 48 features)
  OOD: 16 features, cutoff (q=0.7) = 14.32
  Model trained for 2024-09: 90 test candles with features, confidence_threshold=0.779
[trade:close] 2024-09-04 07:59 ETHUSDT LONG → stop_loss @ 2389.68 | PnL=-5.41% (net -5.51%) | cum=-12.26% 2024-09=-5.51% 2024-09-04=-5.51%
[predict] 2024-09-05 08:00 ETHUSDT → SHORT (proba=0.81 TP=10.8%/SL=5.4%)
[trade:open] 2024-09-05 15:59 ETHUSDT SHORT @ 2370.16 | SL=2498.09 TP=2114.31 | timeout=2024-09-12 15:59
[trade:close] 2024-09-12 16:00 ETHUSDT SHORT → timeout @ 2321.76 | PnL=+2.04% (net +1.94%) | cum=-10.31% 2024-09=-3.57% 2024-09-12=+1.94%
[predict] 2024-09-15 00:00 ETHUSDT → LONG (proba=0.82 TP=7.4%/SL=3.7%)
[trade:open] 2024-09-15 07:59 ETHUSDT LONG @ 2421.60 | SL=2331.95 TP=2600.91 | timeout=2024-09-22 07:59
[trade:close] 2024-09-15 23:59 ETHUSDT LONG → stop_loss @ 2331.95 | PnL=-3.70% (net -3.80%) | cum=-14.12% 2024-09=-7.37% 2024-09-15=-3.80%
[predict] 2024-09-17 00:00 ETHUSDT → LONG (proba=0.95 TP=8.5%/SL=4.3%)
[trade:open] 2024-09-17 07:59 ETHUSDT LONG @ 2308.09 | SL=2209.91 TP=2504.46 | timeout=2024-09-24 07:59
[trade:close] 2024-09-20 07:59 ETHUSDT LONG → take_profit @ 2504.46 | PnL=+8.51% (net +8.41%) | cum=-5.71% 2024-09=+1.04% 2024-09-20=+8.41%
[predict] 2024-09-24 16:00 ETHUSDT → SHORT (proba=0.81 TP=8.6%/SL=4.3%)
[trade:open] 2024-09-24 23:59 ETHUSDT SHORT @ 2652.00 | SL=2765.77 TP=2424.46 | timeout=2024-10-01 23:59
[lgbm] === Training for 2024-10 ===
  Train window: 2022-10-01 → 2024-09-23
  2171 training samples from 1 symbols
  Samples per month: 2022-10: 93, 2022-11: 90, 2022-12: 93, 2023-01: 93, 2023-02: 84, 2023-03: 93, 2023-04: 90, 2023-05: 93, 2023-06: 90, 2023-07: 93, 2023-08: 93, 2023-09: 90, 2023-10: 93, 2023-11: 90, 2023-12: 93, 2024-01: 93, 2024-02: 87, 2024-03: 93, 2024-04: 90, 2024-05: 93, 2024-06: 90, 2024-07: 93, 2024-08: 93, 2024-09: 68
  [label] 2022-12-01 16:00 ETHUSDT entry=1275.7000 → LONG | long=timeout(+0.22%) short=timeout(-0.42%) | scanned=22 | no_tp→fwd_return=+0.3159[I 2026-06-01 15:48:50,030] A new study created in memory with name: no-name-2dba79ad-7b0b-49a1-a913-1e5d36a26769
[I 2026-06-01 15:48:50,376] Trial 0 finished with value: 0.03067015481412445 and parameters: {'confidence_threshold': 0.6310890415965769, 'training_days': 480, 'n_estimators': 380, 'max_depth': 4, 'num_leaves': 22, 'learning_rate': 0.01699897838270077, 'subsample': 0.5290418060840998, 'colsample_bytree': 0.9330880728874675, 'min_child_samples': 68, 'reg_alpha': 0.023585940584142682, 'reg_lambda': 1.5320059381854043e-08}. Best is trial 0 with value: 0.03067015481412445.
[I 2026-06-01 15:48:50,500] Trial 1 finished with value: -2.101459244427391 and parameters: {'confidence_threshold': 0.839468448256698, 'training_days': 420, 'n_estimators': 145, 'max_depth': 3, 'num_leaves': 23, 'learning_rate': 0.028145092716060652, 'subsample': 0.762378215816119, 'colsample_bytree': 0.7159725093210578, 'min_child_samples': 43, 'reg_alpha': 0.0032112643094417484, 'reg_lambda': 1.8007140198129195e-07}. Best is trial 0 with value: 0.03067015481412445.
[I 2026-06-01 15:48:50,661] Trial 2 finished with value: 0.05984823600045255 and parameters: {'confidence_threshold': 0.6022506269873263, 'training_days': 190, 'n_estimators': 255, 'max_depth': 5, 'num_leaves': 24, 'learning_rate': 0.05748924681991978, 'subsample': 0.7962072844310213, 'colsample_bytree': 0.5232252063599989, 'min_child_samples': 69, 'reg_alpha': 3.425445902633376e-07, 'reg_lambda': 3.850031979199519e-08}. Best is trial 2 with value: 0.05984823600045255.
[I 2026-06-01 15:48:50,924] Trial 3 finished with value: -0.02307151307869474 and parameters: {'confidence_threshold': 0.8321099380386666, 'training_days': 490, 'n_estimators': 414, 'max_depth': 3, 'num_leaves': 19, 'learning_rate': 0.1024932221692416, 'subsample': 0.7200762468698007, 'colsample_bytree': 0.5610191174223894, 'min_child_samples': 60, 'reg_alpha': 2.039373116525212e-08, 'reg_lambda': 1.527156759251193}. Best is trial 2 with value: 0.05984823600045255.
[I 2026-06-01 15:48:51,096] Trial 4 finished with value: -0.005042612899687668 and parameters: {'confidence_threshold': 0.5905729935600059, 'training_days': 340, 'n_estimators': 190, 'max_depth': 4, 'num_leaves': 41, 'learning_rate': 0.01875220945578641, 'subsample': 0.9847923138822793, 'colsample_bytree': 0.8875664116805573, 'min_child_samples': 96, 'reg_alpha': 1.1309571585271483, 'reg_lambda': 0.002404915432737351}. Best is trial 2 with value: 0.05984823600045255.
[I 2026-06-01 15:48:51,136] Trial 5 finished with value: 0.24269697705059534 and parameters: {'confidence_threshold': 0.8226559822580909, 'training_days': 50, 'n_estimators': 138, 'max_depth': 3, 'num_leaves': 30, 'learning_rate': 0.03750796359625606, 'subsample': 0.6356745158869479, 'colsample_bytree': 0.9143687545759647, 'min_child_samples': 48, 'reg_alpha': 3.376063348877853e-06, 'reg_lambda': 0.0007660634613082914}. Best is trial 5 with value: 0.24269697705059534.
[I 2026-06-01 15:48:51,274] Trial 6 finished with value: 0.03358998314998565 and parameters: {'confidence_threshold': 0.5493234787411669, 'training_days': 410, 'n_estimators': 83, 'max_depth': 5, 'num_leaves': 52, 'learning_rate': 0.019657448966046126, 'subsample': 0.5027610585618012, 'colsample_bytree': 0.9077307142274171, 'min_child_samples': 77, 'reg_alpha': 0.03639690979811287, 'reg_lambda': 0.08738424135626986}. Best is trial 5 with value: 0.24269697705059534.
[I 2026-06-01 15:48:51,371] Trial 7 finished with value: 0.03756014456191041 and parameters: {'confidence_threshold': 0.5259156281069316, 'training_days': 180, 'n_estimators': 102, 'max_depth': 5, 'num_leaves': 45, 'learning_rate': 0.030816017044468066, 'subsample': 0.5317791751430119, 'colsample_bytree': 0.6554911608578311, 'min_child_samples': 46, 'reg_alpha': 0.036851536911881845, 'reg_lambda': 0.005470376807480391}. Best is trial 5 with value: 0.24269697705059534.
[I 2026-06-01 15:48:51,471] Trial 8 finished with value: 0.03822895608231057 and parameters: {'confidence_threshold': 0.8105244599017143, 'training_days': 240, 'n_estimators': 103, 'max_depth': 5, 'num_leaves': 52, 'learning_rate': 0.06746437142284309, 'subsample': 0.8854835899772805, 'colsample_bytree': 0.7468977981821954, 'min_child_samples': 62, 'reg_alpha': 7.04480806377519e-05, 'reg_lambda': 1.6934490731313353e-08}. Best is trial 5 with value: 0.24269697705059534.
[I 2026-06-01 15:48:51,497] Trial 9 finished with value: -0.0959689496860753 and parameters: {'confidence_threshold': 0.5377619994476566, 'training_days': 20, 'n_estimators': 337, 'max_depth': 3, 'num_leaves': 39, 'learning_rate': 0.21907142272152816, 'subsample': 0.6246461145744375, 'colsample_bytree': 0.7051914615178149, 'min_child_samples': 81, 'reg_alpha': 1.1459970229341322e-06, 'reg_lambda': 4.929685216887945e-08}. Best is trial 5 with value: 0.24269697705059534.
[I 2026-06-01 15:48:51,529] Trial 10 finished with value: -0.03274220158410578 and parameters: {'confidence_threshold': 0.7318981109748116, 'training_days': 10, 'n_estimators': 487, 'max_depth': 4, 'num_leaves': 31, 'learning_rate': 0.14704103471568217, 'subsample': 0.628963476300746, 'colsample_bytree': 0.987470107623585, 'min_child_samples': 25, 'reg_alpha': 2.608784411827665e-05, 'reg_lambda': 3.3639426888455256e-06}. Best is trial 5 with value: 0.24269697705059534.
[I 2026-06-01 15:48:51,654] Trial 11 finished with value: 0.03093429096093677 and parameters: {'confidence_threshold': 0.7031315520633984, 'training_days': 120, 'n_estimators': 245, 'max_depth': 4, 'num_leaves': 30, 'learning_rate': 0.04928235056220389, 'subsample': 0.7958418179650298, 'colsample_bytree': 0.5038827132281698, 'min_child_samples': 49, 'reg_alpha': 1.9536858255923362e-07, 'reg_lambda': 3.526824099171197e-05}. Best is trial 5 with value: 0.24269697705059534.
[I 2026-06-01 15:48:51,823] Trial 12 finished with value: 0.03126836542235949 and parameters: {'confidence_threshold': 0.7674220338368787, 'training_days': 110, 'n_estimators': 242, 'max_depth': 5, 'num_leaves': 30, 'learning_rate': 0.05445057683691509, 'subsample': 0.6424283043115616, 'colsample_bytree': 0.8304278626461432, 'min_child_samples': 30, 'reg_alpha': 3.310691985108358e-06, 'reg_lambda': 3.5382603563116506e-05}. Best is trial 5 with value: 0.24269697705059534.
[I 2026-06-01 15:48:51,903] Trial 13 finished with value: 0.036799065223043374 and parameters: {'confidence_threshold': 0.648468212177187, 'training_days': 90, 'n_estimators': 292, 'max_depth': 3, 'num_leaves': 62, 'learning_rate': 0.03614754421776377, 'subsample': 0.8577600573105582, 'colsample_bytree': 0.8155421717694826, 'min_child_samples': 80, 'reg_alpha': 2.0822076524159483e-08, 'reg_lambda': 0.0007138495395699125}. Best is trial 5 with value: 0.24269697705059534.
[I 2026-06-01 15:48:52,081] Trial 14 finished with value: 0.09507331544843699 and parameters: {'confidence_threshold': 0.6122975625169359, 'training_days': 250, 'n_estimators': 182, 'max_depth': 4, 'num_leaves': 15, 'learning_rate': 0.011598420046188914, 'subsample': 0.6862140018961148, 'colsample_bytree': 0.6139966073958775, 'min_child_samples': 36, 'reg_alpha': 4.397180241972316e-06, 'reg_lambda': 2.3821707061012336e-06}. Best is trial 5 with value: 0.24269697705059534.
[I 2026-06-01 15:48:52,227] Trial 15 finished with value: -0.002618504167941402 and parameters: {'confidence_threshold': 0.6872250565433545, 'training_days': 270, 'n_estimators': 176, 'max_depth': 3, 'num_leaves': 15, 'learning_rate': 0.010023954330410353, 'subsample': 0.6943845973931931, 'colsample_bytree': 0.6219365349247488, 'min_child_samples': 37, 'reg_alpha': 0.00019648714325231758, 'reg_lambda': 3.655568859458245e-06}. Best is trial 5 with value: 0.24269697705059534.
[I 2026-06-01 15:48:52,402] Trial 16 finished with value: -2.090016722467033 and parameters: {'confidence_threshold': 0.7825131136037224, 'training_days': 320, 'n_estimators': 171, 'max_depth': 4, 'num_leaves': 34, 'learning_rate': 0.010901237270277066, 'subsample': 0.5856020583377971, 'colsample_bytree': 0.8000073282539127, 'min_child_samples': 54, 'reg_alpha': 6.753234717990555e-06, 'reg_lambda': 0.04001143905238397}. Best is trial 5 with value: 0.24269697705059534.
[I 2026-06-01 15:48:52,505] Trial 17 finished with value: 0.04957413816490603 and parameters: {'confidence_threshold': 0.7301060185347221, 'training_days': 180, 'n_estimators': 138, 'max_depth': 3, 'num_leaves': 15, 'learning_rate': 0.01235735639486172, 'subsample': 0.6701723886255301, 'colsample_bytree': 0.6091330191487015, 'min_child_samples': 35, 'reg_alpha': 0.0013995714329040896, 'reg_lambda': 6.008295293022275e-05}. Best is trial 5 with value: 0.24269697705059534.
[I 2026-06-01 15:48:52,848] A new study created in memory with name: no-name-29bac12b-3f86-45e0-a112-4f51ffa95524
[I 2026-06-01 15:48:52,949] Trial 0 finished with value: 0.009385519487346927 and parameters: {'confidence_threshold': 0.7437642149592516, 'training_days': 150, 'n_estimators': 152, 'max_depth': 4, 'num_leaves': 50, 'learning_rate': 0.04216766425047743, 'subsample': 0.9903820991923078, 'colsample_bytree': 0.8424148692924316, 'min_child_samples': 58, 'reg_alpha': 3.381097259762742e-05, 'reg_lambda': 1.2263152961306247e-05}. Best is trial 0 with value: 0.009385519487346927.
[I 2026-06-01 15:48:53,019] Trial 1 finished with value: -3.967089688333337 and parameters: {'confidence_threshold': 0.7551673975844145, 'training_days': 220, 'n_estimators': 76, 'max_depth': 4, 'num_leaves': 51, 'learning_rate': 0.018602118810743477, 'subsample': 0.5877258780737462, 'colsample_bytree': 0.7657756869209191, 'min_child_samples': 63, 'reg_alpha': 0.005123994170264194, 'reg_lambda': 0.44145470178120466}. Best is trial 0 with value: 0.009385519487346927.
[I 2026-06-01 15:48:53,293] Trial 2 finished with value: 0.07808890907291076 and parameters: {'confidence_threshold': 0.7535593637012223, 'training_days': 310, 'n_estimators': 375, 'max_depth': 3, 'num_leaves': 32, 'learning_rate': 0.021735641882032388, 'subsample': 0.6468570231944146, 'colsample_bytree': 0.8154880619272439, 'min_child_samples': 27, 'reg_alpha': 8.004064028491336e-05, 'reg_lambda': 7.546835261630524e-05}. Best is trial 2 with value: 0.07808890907291076.
[I 2026-06-01 15:48:53,464] Trial 3 finished with value: 0.08491882998749405 and parameters: {'confidence_threshold': 0.6727897841776072, 'training_days': 220, 'n_estimators': 190, 'max_depth': 4, 'num_leaves': 58, 'learning_rate': 0.24810689332636193, 'subsample': 0.7509183379421682, 'colsample_bytree': 0.8119764758960556, 'min_child_samples': 29, 'reg_alpha': 7.1708285081421445e-06, 'reg_lambda': 5.412973582738627e-05}. Best is trial 3 with value: 0.08491882998749405.
