[I 2026-06-01 15:45:15,478] Trial 17 finished with value: 0.01246415626177333 and parameters: {'confidence_threshold': 0.5080881579696632, 'training_days': 200, 'n_estimators': 443, 'max_depth': 4, 'num_leaves': 63, 'learning_rate': 0.014399917848714062, 'subsample': 0.7865980750146034, 'colsample_bytree': 0.6060303597844604, 'min_child_samples': 74, 'reg_alpha': 5.5418842219044276e-06, 'reg_lambda': 1.2449108401239943e-06}. Best is trial 16 with value: 0.13710009130925002.
[I 2026-06-01 15:45:15,996] A new study created in memory with name: no-name-6c3d7102-8fd5-47bc-947d-14f045c5a46f

    [trial 2] Sharpe=-0.0049 (folds: -0.0248, -0.0891, -0.0682, 0.1570, 0.0007)
    [trial 3] 48 features, training_days=220 | threshold=0.687 | labels: 1114 long, 1054 short (51/49%)
    [trial 3] Sharpe=0.0389 (folds: -0.0735, 0.1238, 0.1772, -0.1774, 0.1446)
    [trial 4] 48 features, training_days=300 | threshold=0.562 | labels: 1114 long, 1054 short (51/49%)
    [trial 4] Sharpe=0.0067 (folds: -0.0075, 0.1598, 0.0989, -0.3015, 0.0835)
    [trial 5] 48 features, training_days=490 | threshold=0.711 | labels: 1114 long, 1054 short (51/49%)
    [trial 5] Sharpe=0.0483 (folds: -0.0539, 0.1851, 0.2362, -0.2636, 0.1375)
    [trial 6] 48 features, training_days=420 | threshold=0.667 | labels: 1114 long, 1054 short (51/49%)
    [trial 6] Sharpe=0.0767 (folds: -0.0187, 0.1321, 0.4467, -0.2333, 0.0568)
    [trial 7] 48 features, training_days=120 | threshold=0.550 | labels: 1114 long, 1054 short (51/49%)
    [trial 7] Sharpe=-0.0045 (folds: 0.0118, 0.1734, 0.2024, -0.1860, -0.2241)
    [trial 8] 48 features, training_days=450 | threshold=0.720 | labels: 1114 long, 1054 short (51/49%)
    [trial 8] Sharpe=0.0094 (folds: -0.0599, 0.1436, 0.2079, -0.3956, 0.1509)
    [trial 9] 48 features, training_days=20 | threshold=0.727 | labels: 1114 long, 1054 short (51/49%)
    [trial 9] Sharpe=-10.0000 (folds: -10.0000, -10.0000, -10.0000, -10.0000, -10.0000)
    [trial 10] 48 features, training_days=400 | threshold=0.828 | labels: 1114 long, 1054 short (51/49%)
    [trial 10] Sharpe=-3.9158 (folds: -0.1176, -10.0000, -10.0000, -0.0674, 0.6059)
    [trial 11] 48 features, training_days=500 | threshold=0.792 | labels: 1114 long, 1054 short (51/49%)
    [trial 11] Sharpe=0.0937 (folds: -0.0892, 0.1683, 0.4577, -0.3900, 0.3215)
    [trial 12] 48 features, training_days=380 | threshold=0.802 | labels: 1114 long, 1054 short (51/49%)
    [trial 12] Sharpe=0.1304 (folds: -0.0298, 0.1573, 0.5582, -0.1946, 0.1608)
    [trial 13] 48 features, training_days=380 | threshold=0.821 | labels: 1114 long, 1054 short (51/49%)
    [trial 13] Sharpe=-1.9113 (folds: -0.0683, 0.3428, -10.0000, -0.1848, 0.3537)
    [trial 14] 48 features, training_days=350 | threshold=0.776 | labels: 1114 long, 1054 short (51/49%)
    [trial 14] Sharpe=0.1001 (folds: -0.0485, 0.2229, 0.6138, -0.4307, 0.1429)
    [trial 15] 48 features, training_days=330 | threshold=0.775 | labels: 1114 long, 1054 short (51/49%)
    [trial 15] Sharpe=0.0584 (folds: -0.0360, 0.2754, 0.3725, -0.4006, 0.0805)
    [trial 16] 48 features, training_days=230 | threshold=0.769 | labels: 1114 long, 1054 short (51/49%)
    [trial 16] Sharpe=0.1371 (folds: -0.0179, 0.3028, 0.3155, -0.1310, 0.2161)
    [trial 17] 48 features, training_days=200 | threshold=0.508 | labels: 1114 long, 1054 short (51/49%)
    [trial 17] Sharpe=0.0125 (folds: 0.0018, 0.1025, 0.1718, -0.0398, -0.1739)
  Optuna: 18 trials, best Sharpe = 0.1371
  Best params: n_estimators=465, max_depth=4, lr=0.0173, leaves=60
  Best confidence_threshold: 0.769
  Best training_days: 230
  Retrained on full data (690 samples, 48 features)
  OOD: 16 features, cutoff (q=0.7) = 13.76
  Model trained for 2023-01: 93 test candles with features, confidence_threshold=0.738
[trade:close] 2023-01-04 07:59 ETHUSDT SHORT → stop_loss @ 1234.94 | PnL=-2.88% (net -2.98%) | cum=+27.04% 2023-01=-2.98% 2023-01-04=-2.98%
[predict] 2023-01-06 00:00 ETHUSDT → SHORT (proba=0.83 TP=4.8%/SL=2.4%)
[trade:open] 2023-01-06 07:59 ETHUSDT SHORT @ 1247.45 | SL=1277.52 TP=1187.31 | timeout=2023-01-13 07:59
[trade:close] 2023-01-06 23:59 ETHUSDT SHORT → stop_loss @ 1277.52 | PnL=-2.41% (net -2.51%) | cum=+24.52% 2023-01=-5.49% 2023-01-06=-2.51%
[predict] 2023-01-18 08:00 ETHUSDT → SHORT (proba=0.78 TP=10.9%/SL=5.4%)
[trade:open] 2023-01-18 15:59 ETHUSDT SHORT @ 1550.09 | SL=1634.39 TP=1381.50 | timeout=2023-01-25 15:59
[trade:close] 2023-01-20 23:59 ETHUSDT SHORT → stop_loss @ 1634.39 | PnL=-5.44% (net -5.54%) | cum=+18.99% 2023-01=-11.03% 2023-01-20=-5.54%
[predict] 2023-01-21 16:00 ETHUSDT → SHORT (proba=0.81 TP=10.7%/SL=5.3%)
[trade:open] 2023-01-21 23:59 ETHUSDT SHORT @ 1627.63 | SL=1714.39 TP=1454.11 | timeout=2023-01-28 23:59
[trade:close] 2023-01-29 00:00 ETHUSDT SHORT → timeout @ 1571.52 | PnL=+3.45% (net +3.35%) | cum=+22.33% 2023-01=-7.68% 2023-01-29=+3.35%
[predict] 2023-01-30 00:00 ETHUSDT → SHORT (proba=0.81 TP=9.3%/SL=4.6%)
[trade:open] 2023-01-30 07:59 ETHUSDT SHORT @ 1628.03 | SL=1703.70 TP=1476.69 | timeout=2023-02-06 07:59
[lgbm] === Training for 2023-02 ===
  Train window: 2021-02-01 → 2023-01-24
  2168 training samples from 1 symbols
  Samples per month: 2021-02: 84, 2021-03: 93, 2021-04: 90, 2021-05: 93, 2021-06: 90, 2021-07: 93, 2021-08: 93, 2021-09: 90, 2021-10: 93, 2021-11: 90, 2021-12: 93, 2022-01: 93, 2022-02: 84, 2022-03: 93, 2022-04: 90, 2022-05: 93, 2022-06: 90, 2022-07: 93, 2022-08: 93, 2022-09: 90, 2022-10: 93, 2022-11: 90, 2022-12: 93, 2023-01: 71
  [label] 2021-04-03 16:00 ETHUSDT entry=2012.6300 → LONG | long=timeout(+6.03%) short=sl(-6.43%) | scanned=22 | no_tp→fwd_return=+6.1278
  [label] 2021-04-05 16:00 ETHUSDT entry=2110.3500 → LONG | long=sl(-6.03%) short=timeout(-1.47%) | scanned=22 | no_tp→fwd_return=+1.3694
  [label] 2021-04-09 16:00 ETHUSDT entry=2068.0200 → LONG | long=tp(+11.12%) short=sl(-5.71%) | scanned=12 | long_tp_only
  [label] 2021-05-04 08:00 ETHUSDT entry=3234.0000 → LONG | long=tp(+16.75%) short=sl(-8.52%) | scanned=13 | long_tp_only
  [label] 2021-06-25 16:00 ETHUSDT entry=1808.0000 → LONG | long=tp(+23.32%) short=sl(-11.81%) | scanned=11 | long_tp_only
  [label] 2021-12-08 16:00 ETHUSDT entry=4435.3300 → SHORT | long=sl(-7.32%) short=tp(+14.35%) | scanned=14 | short_tp_only
  [label] 2021-12-12 16:00 ETHUSDT entry=4129.0000 → SHORT | long=sl(-7.02%) short=timeout(+4.90%) | scanned=22 | no_tp→fwd_return=-5.0010
  [label] 2021-12-23 08:00 ETHUSDT entry=3948.3000 → SHORT | long=sl(-5.52%) short=timeout(+6.00%) | scanned=22 | no_tp→fwd_return=-6.1011
  [label] 2022-02-06 08:00 ETHUSDT entry=2989.9400 → SHORT | long=timeout(-2.49%) short=sl(-6.22%) | scanned=22 | no_tp→fwd_return=-2.3944
  [label] 2022-02-14 16:00 ETHUSDT entry=2928.8700 → SHORT | long=sl(-6.38%) short=sl(-6.38%) | scanned=14 | no_tp→fwd_return=-6.2942
  [label] 2022-05-16 00:00 ETHUSDT entry=2010.8400 → LONG | long=timeout(+2.64%) short=timeout(-2.84%) | scanned=22 | no_tp→fwd_return=+2.7362
  [label] 2022-06-17 00:00 ETHUSDT entry=1098.3800 → LONG | long=sl(-17.78%) short=timeout(-4.61%) | scanned=22 | no_tp→fwd_return=+4.5130
  [label] 2022-07-03 00:00 ETHUSDT entry=1063.2600 → LONG | long=tp(+16.90%) short=sl(-8.60%) | scanned=14 | long_tp_only
  [label] 2022-07-15 16:00 ETHUSDT entry=1230.5800 → LONG | long=tp(+15.53%) short=sl(-7.92%) | scanned=3 | long_tp_only
  [label] 2022-08-03 08:00 ETHUSDT entry=1655.2000 → LONG | long=timeout(+10.87%) short=sl(-7.29%) | scanned=22 | no_tp→fwd_return=+10.9739
  [label] 2022-08-09 16:00 ETHUSDT entry=1702.0400 → LONG | long=tp(+11.70%) short=sl(-6.00%) | scanned=4 | long_tp_only
  [label] 2022-08-22 00:00 ETHUSDT entry=1556.2600 → SHORT | long=sl(-7.76%) short=sl(-7.76%) | scanned=20 | no_tp→fwd_return=-8.3508
  [label] 2022-09-30 08:00 ETHUSDT entry=1350.6100 → SHORT | long=timeout(-1.37%) short=timeout(+1.17%) | scanned=22 | no_tp→fwd_return=-1.2691
  [label] 2022-10-10 08:00 ETHUSDT entry=1307.8200 → SHORT | long=sl(-3.46%) short=tp(+6.62%) | scanned=9 | short_tp_only
  [label] 2023-01-04 08:00 ETHUSDT entry=1255.9000 → LONG | long=tp(+4.98%) short=sl(-2.64%) | scanned=15 | long_tp_only
  Labels: 1127 long (52.0%), 1041 short (48.0%) | weights: min=1.00, mean=3.18, max=10.00
  Features: 2168/2168 matched, 48 columns
  CV gap: 22 rows
  [ensemble 1/3] seed=42
    [trial 0] 48 features, training_days=480 | threshold=0.631 | labels: 1127 long, 1041 short (52/48%)
    [CV fold 0] train_end=2021-05-25 08:00 | val_start=2021-06-02 00:00 | gap=184h (22 rows)
    [CV fold 1] train_end=2021-09-22 16:00 | val_start=2021-09-30 08:00 | gap=184h (22 rows)
    [CV fold 2] train_end=2022-01-21 00:00 | val_start=2022-01-28 16:00 | gap=184h (22 rows)
    [CV fold 3] train_end=2022-05-21 08:00 | val_start=2022-05-29 00:00 | gap=184h (22 rows)[I 2026-06-01 15:45:16,298] Trial 0 finished with value: -0.0724873945715407 and parameters: {'confidence_threshold': 0.6310890415965769, 'training_days': 480, 'n_estimators': 380, 'max_depth': 4, 'num_leaves': 22, 'learning_rate': 0.01699897838270077, 'subsample': 0.5290418060840998, 'colsample_bytree': 0.9330880728874675, 'min_child_samples': 68, 'reg_alpha': 0.023585940584142682, 'reg_lambda': 1.5320059381854043e-08}. Best is trial 0 with value: -0.0724873945715407.
[I 2026-06-01 15:45:16,408] Trial 1 finished with value: -1.821652539331028 and parameters: {'confidence_threshold': 0.839468448256698, 'training_days': 420, 'n_estimators': 145, 'max_depth': 3, 'num_leaves': 23, 'learning_rate': 0.028145092716060652, 'subsample': 0.762378215816119, 'colsample_bytree': 0.7159725093210578, 'min_child_samples': 43, 'reg_alpha': 0.0032112643094417484, 'reg_lambda': 1.8007140198129195e-07}. Best is trial 0 with value: -0.0724873945715407.
[I 2026-06-01 15:45:16,556] Trial 2 finished with value: 0.018520832117545034 and parameters: {'confidence_threshold': 0.6022506269873263, 'training_days': 190, 'n_estimators': 255, 'max_depth': 5, 'num_leaves': 24, 'learning_rate': 0.05748924681991978, 'subsample': 0.7962072844310213, 'colsample_bytree': 0.5232252063599989, 'min_child_samples': 69, 'reg_alpha': 3.425445902633376e-07, 'reg_lambda': 3.850031979199519e-08}. Best is trial 2 with value: 0.018520832117545034.
[I 2026-06-01 15:45:16,813] Trial 3 finished with value: -0.09096822135077827 and parameters: {'confidence_threshold': 0.8321099380386666, 'training_days': 490, 'n_estimators': 414, 'max_depth': 3, 'num_leaves': 19, 'learning_rate': 0.1024932221692416, 'subsample': 0.7200762468698007, 'colsample_bytree': 0.5610191174223894, 'min_child_samples': 60, 'reg_alpha': 2.039373116525212e-08, 'reg_lambda': 1.527156759251193}. Best is trial 2 with value: 0.018520832117545034.
[I 2026-06-01 15:45:16,955] Trial 4 finished with value: -0.08573843901244141 and parameters: {'confidence_threshold': 0.5905729935600059, 'training_days': 340, 'n_estimators': 190, 'max_depth': 4, 'num_leaves': 41, 'learning_rate': 0.01875220945578641, 'subsample': 0.9847923138822793, 'colsample_bytree': 0.8875664116805573, 'min_child_samples': 96, 'reg_alpha': 1.1309571585271483, 'reg_lambda': 0.002404915432737351}. Best is trial 2 with value: 0.018520832117545034.
[I 2026-06-01 15:45:16,991] Trial 5 finished with value: -0.0704318126163365 and parameters: {'confidence_threshold': 0.8226559822580909, 'training_days': 50, 'n_estimators': 138, 'max_depth': 3, 'num_leaves': 30, 'learning_rate': 0.03750796359625606, 'subsample': 0.6356745158869479, 'colsample_bytree': 0.9143687545759647, 'min_child_samples': 48, 'reg_alpha': 3.376063348877853e-06, 'reg_lambda': 0.0007660634613082914}. Best is trial 2 with value: 0.018520832117545034.
[I 2026-06-01 15:45:17,090] Trial 6 finished with value: -0.07023643268411212 and parameters: {'confidence_threshold': 0.5493234787411669, 'training_days': 410, 'n_estimators': 83, 'max_depth': 5, 'num_leaves': 52, 'learning_rate': 0.019657448966046126, 'subsample': 0.5027610585618012, 'colsample_bytree': 0.9077307142274171, 'min_child_samples': 77, 'reg_alpha': 0.03639690979811287, 'reg_lambda': 0.08738424135626986}. Best is trial 2 with value: 0.018520832117545034.
[I 2026-06-01 15:45:17,178] Trial 7 finished with value: -0.024391277592862682 and parameters: {'confidence_threshold': 0.5259156281069316, 'training_days': 180, 'n_estimators': 102, 'max_depth': 5, 'num_leaves': 45, 'learning_rate': 0.030816017044468066, 'subsample': 0.5317791751430119, 'colsample_bytree': 0.6554911608578311, 'min_child_samples': 46, 'reg_alpha': 0.036851536911881845, 'reg_lambda': 0.005470376807480391}. Best is trial 2 with value: 0.018520832117545034.
[I 2026-06-01 15:45:17,268] Trial 8 finished with value: 0.10442854237806101 and parameters: {'confidence_threshold': 0.8105244599017143, 'training_days': 240, 'n_estimators': 103, 'max_depth': 5, 'num_leaves': 52, 'learning_rate': 0.06746437142284309, 'subsample': 0.8854835899772805, 'colsample_bytree': 0.7468977981821954, 'min_child_samples': 62, 'reg_alpha': 7.04480806377519e-05, 'reg_lambda': 1.6934490731313353e-08}. Best is trial 8 with value: 0.10442854237806101.
[I 2026-06-01 15:45:17,289] Trial 9 finished with value: -0.019584226254363925 and parameters: {'confidence_threshold': 0.5377619994476566, 'training_days': 20, 'n_estimators': 337, 'max_depth': 3, 'num_leaves': 39, 'learning_rate': 0.21907142272152816, 'subsample': 0.6246461145744375, 'colsample_bytree': 0.7051914615178149, 'min_child_samples': 81, 'reg_alpha': 1.1459970229341322e-06, 'reg_lambda': 4.929685216887945e-08}. Best is trial 8 with value: 0.10442854237806101.
[I 2026-06-01 15:45:17,825] Trial 10 finished with value: 0.010767028718887534 and parameters: {'confidence_threshold': 0.734042426776949, 'training_days': 280, 'n_estimators': 487, 'max_depth': 5, 'num_leaves': 62, 'learning_rate': 0.10432148521337849, 'subsample': 0.9416850669512905, 'colsample_bytree': 0.8120417635861826, 'min_child_samples': 27, 'reg_alpha': 7.238112263003475e-05, 'reg_lambda': 3.3639426888455256e-06}. Best is trial 8 with value: 0.10442854237806101.
[I 2026-06-01 15:45:17,935] Trial 11 finished with value: 0.01035186244836091 and parameters: {'confidence_threshold': 0.7064141682072129, 'training_days': 170, 'n_estimators': 245, 'max_depth': 5, 'num_leaves': 55, 'learning_rate': 0.070278144758503, 'subsample': 0.863624974073976, 'colsample_bytree': 0.5038432927256977, 'min_child_samples': 87, 'reg_alpha': 4.76478459329104e-08, 'reg_lambda': 7.868729181011707e-06}. Best is trial 8 with value: 0.10442854237806101.
[I 2026-06-01 15:45:18,067] Trial 12 finished with value: -0.0028004449444843206 and parameters: {'confidence_threshold': 0.7683435244955696, 'training_days': 180, 'n_estimators': 257, 'max_depth': 4, 'num_leaves': 31, 'learning_rate': 0.05445057683691509, 'subsample': 0.8426110070012842, 'colsample_bytree': 0.6188171054052629, 'min_child_samples': 65, 'reg_alpha': 5.6535530920430964e-05, 'reg_lambda': 2.0771847423585894e-06}. Best is trial 8 with value: 0.10442854237806101.
[I 2026-06-01 15:45:18,245] Trial 13 finished with value: -0.008202965205610396 and parameters: {'confidence_threshold': 0.648468212177187, 'training_days': 260, 'n_estimators': 214, 'max_depth': 5, 'num_leaves': 32, 'learning_rate': 0.20158174220210204, 'subsample': 0.8690491710631163, 'colsample_bytree': 0.8081667901910176, 'min_child_samples': 72, 'reg_alpha': 1.2505046450524292e-06, 'reg_lambda': 3.9794797075090296e-05}. Best is trial 8 with value: 0.10442854237806101.
[I 2026-06-01 15:45:18,359] Trial 14 finished with value: -0.01618441163859662 and parameters: {'confidence_threshold': 0.6122975625169359, 'training_days': 100, 'n_estimators': 311, 'max_depth': 4, 'num_leaves': 15, 'learning_rate': 0.1113698271960675, 'subsample': 0.7718441115005977, 'colsample_bytree': 0.9897127958863723, 'min_child_samples': 55, 'reg_alpha': 9.136746211641124e-06, 'reg_lambda': 1.6308976466085072e-07}. Best is trial 8 with value: 0.10442854237806101.
[I 2026-06-01 15:45:18,412] Trial 15 finished with value: -3.942100731096398 and parameters: {'confidence_threshold': 0.6887540779211444, 'training_days': 120, 'n_estimators': 52, 'max_depth': 5, 'num_leaves': 50, 'learning_rate': 0.010359623362260938, 'subsample': 0.9092527541364609, 'colsample_bytree': 0.5065896071904618, 'min_child_samples': 28, 'reg_alpha': 1.5075578924776514e-07, 'reg_lambda': 1.4846210073902318e-08}. Best is trial 8 with value: 0.10442854237806101.
[I 2026-06-01 15:45:18,527] Trial 16 finished with value: -0.11651761956953204 and parameters: {'confidence_threshold': 0.7689478876866226, 'training_days': 320, 'n_estimators': 159, 'max_depth': 5, 'num_leaves': 63, 'learning_rate': 0.05978446107953783, 'subsample': 0.8140834154635153, 'colsample_bytree': 0.6024945398817332, 'min_child_samples': 91, 'reg_alpha': 0.00034509659588670465, 'reg_lambda': 7.184624603609509e-07}. Best is trial 8 with value: 0.10442854237806101.
[I 2026-06-01 15:45:18,717] Trial 17 finished with value: 0.02023152052387336 and parameters: {'confidence_threshold': 0.5655520462931906, 'training_days': 190, 'n_estimators': 277, 'max_depth': 4, 'num_leaves': 35, 'learning_rate': 0.14168046193643383, 'subsample': 0.7004831188261247, 'colsample_bytree': 0.7861983638172064, 'min_child_samples': 54, 'reg_alpha': 0.0005961727498011812, 'reg_lambda': 6.614397595908694e-05}. Best is trial 8 with value: 0.10442854237806101.
[I 2026-06-01 15:45:18,897] A new study created in memory with name: no-name-a6600f74-e535-4505-895d-de6e8b603750
[I 2026-06-01 15:45:18,995] Trial 0 finished with value: 0.0007903155264080419 and parameters: {'confidence_threshold': 0.7437642149592516, 'training_days': 150, 'n_estimators': 152, 'max_depth': 4, 'num_leaves': 50, 'learning_rate': 0.04216766425047743, 'subsample': 0.9903820991923078, 'colsample_bytree': 0.8424148692924316, 'min_child_samples': 58, 'reg_alpha': 3.381097259762742e-05, 'reg_lambda': 1.2263152961306247e-05}. Best is trial 0 with value: 0.0007903155264080419.
[I 2026-06-01 15:45:19,066] Trial 1 finished with value: -4.076265734758989 and parameters: {'confidence_threshold': 0.7551673975844145, 'training_days': 220, 'n_estimators': 76, 'max_depth': 4, 'num_leaves': 51, 'learning_rate': 0.018602118810743477, 'subsample': 0.5877258780737462, 'colsample_bytree': 0.7657756869209191, 'min_child_samples': 63, 'reg_alpha': 0.005123994170264194, 'reg_lambda': 0.44145470178120466}. Best is trial 0 with value: 0.0007903155264080419.
[I 2026-06-01 15:45:19,341] Trial 2 finished with value: -0.05160257190413473 and parameters: {'confidence_threshold': 0.7535593637012223, 'training_days': 310, 'n_estimators': 375, 'max_depth': 3, 'num_leaves': 32, 'learning_rate': 0.021735641882032388, 'subsample': 0.6468570231944146, 'colsample_bytree': 0.8154880619272439, 'min_child_samples': 27, 'reg_alpha': 8.004064028491336e-05, 'reg_lambda': 7.546835261630524e-05}. Best is trial 0 with value: 0.0007903155264080419.
[I 2026-06-01 15:45:19,513] Trial 3 finished with value: 0.030617981028089086 and parameters: {'confidence_threshold': 0.6727897841776072, 'training_days': 220, 'n_estimators': 190, 'max_depth': 4, 'num_leaves': 58, 'learning_rate': 0.24810689332636193, 'subsample': 0.7509183379421682, 'colsample_bytree': 0.8119764758960556, 'min_child_samples': 29, 'reg_alpha': 7.1708285081421445e-06, 'reg_lambda': 5.412973582738627e-05}. Best is trial 3 with value: 0.030617981028089086.
[I 2026-06-01 15:45:19,635] Trial 4 finished with value: -0.019564155695340063 and parameters: {'confidence_threshold': 0.803208205259178, 'training_days': 130, 'n_estimators': 267, 'max_depth': 5, 'num_leaves': 40, 'learning_rate': 0.08041175317374143, 'subsample': 0.5603143329951619, 'colsample_bytree': 0.9131704002534167, 'min_child_samples': 68, 'reg_alpha': 0.0008046593428183385, 'reg_lambda': 1.2158346158765583e-05}. Best is trial 3 with value: 0.030617981028089086.
[I 2026-06-01 15:45:19,858] Trial 5 finished with value: -0.023986026337708643 and parameters: {'confidence_threshold': 0.6064422761595144, 'training_days': 210, 'n_estimators': 357, 'max_depth': 5, 'num_leaves': 40, 'learning_rate': 0.0974221287220869, 'subsample': 0.7929682762811064, 'colsample_bytree': 0.8124517510478, 'min_child_samples': 74, 'reg_alpha': 0.3811377260781234, 'reg_lambda': 5.607314238392041e-08}. Best is trial 3 with value: 0.030617981028089086.
[I 2026-06-01 15:45:19,971] Trial 6 finished with value: 0.00742935950088317 and parameters: {'confidence_threshold': 0.7672889945051684, 'training_days': 130, 'n_estimators': 137, 'max_depth': 4, 'num_leaves': 19, 'learning_rate': 0.2031117614248665, 'subsample': 0.8136244860256343, 'colsample_bytree': 0.8617081790949774, 'min_child_samples': 21, 'reg_alpha': 0.002238138278733199, 'reg_lambda': 0.001025809534977322}. Best is trial 3 with value: 0.030617981028089086.
[I 2026-06-01 15:45:20,043] Trial 7 finished with value: -0.024948289662290953 and parameters: {'confidence_threshold': 0.555635875450653, 'training_days': 80, 'n_estimators': 363, 'max_depth': 3, 'num_leaves': 48, 'learning_rate': 0.06590089024008658, 'subsample': 0.6944752870615722, 'colsample_bytree': 0.962566244806993, 'min_child_samples': 88, 'reg_alpha': 1.6465620446426067e-05, 'reg_lambda': 2.4678750890085655e-08}. Best is trial 3 with value: 0.030617981028089086.
[I 2026-06-01 15:45:20,402] Trial 8 finished with value: -0.001092561740054926 and parameters: {'confidence_threshold': 0.6066688256938841, 'training_days': 200, 'n_estimators': 367, 'max_depth': 5, 'num_leaves': 32, 'learning_rate': 0.13377519215934996, 'subsample': 0.7965884582811106, 'colsample_bytree': 0.8458508993500886, 'min_child_samples': 32, 'reg_alpha': 3.889436043816386e-05, 'reg_lambda': 1.4713062489380356e-06}. Best is trial 3 with value: 0.030617981028089086.
