[I 2026-06-01 15:47:56,401] Trial 17 finished with value: 0.06922386508412941 and parameters: {'confidence_threshold': 0.7878847410199712, 'training_days': 190, 'n_estimators': 439, 'max_depth': 4, 'num_leaves': 18, 'learning_rate': 0.025842625583568177, 'subsample': 0.7941678874859948, 'colsample_bytree': 0.832418311783958, 'min_child_samples': 33, 'reg_alpha': 5.194557376487137e-06, 'reg_lambda': 1.8722486957336976e-08}. Best is trial 14 with value: 0.13771982319794698.

    [trial 16] Sharpe=-0.0394 (folds: -0.0741, -0.2648, 0.0063, 0.0356, 0.1000)
    [trial 17] 48 features, training_days=40 | threshold=0.500 | labels: 1099 long, 1072 short (51/49%)
    [trial 17] Sharpe=0.0367 (folds: -0.0652, -0.0941, -0.0788, 0.1126, 0.3092)
  Optuna: 18 trials, best Sharpe = 0.0736
  Best params: n_estimators=493, max_depth=4, lr=0.0102, leaves=17
  Best confidence_threshold: 0.845
  Best training_days: 470
  Retrained on full data (1410 samples, 48 features)
  [ensemble 3/3] seed=456
    [trial 0] 48 features, training_days=90 | threshold=0.587 | labels: 1099 long, 1072 short (51/49%)
    [CV fold 0] train_end=2022-07-24 08:00 | val_start=2022-08-01 00:00 | gap=184h (22 rows)
    [CV fold 1] train_end=2022-11-21 16:00 | val_start=2022-11-29 08:00 | gap=184h (22 rows)
    [CV fold 2] train_end=2023-03-22 00:00 | val_start=2023-03-29 16:00 | gap=184h (22 rows)
    [CV fold 3] train_end=2023-07-20 08:00 | val_start=2023-07-28 00:00 | gap=184h (22 rows)
    [CV fold 4] train_end=2023-11-17 16:00 | val_start=2023-11-25 08:00 | gap=184h (22 rows)
    [trial 0] Sharpe=0.0143 (folds: -0.0045, -0.1380, -0.2471, 0.2598, 0.2012)
    [trial 1] 48 features, training_days=290 | threshold=0.635 | labels: 1099 long, 1072 short (51/49%)
    [trial 1] Sharpe=-0.0530 (folds: -0.0140, -0.2385, -0.2055, 0.1172, 0.0756)
    [trial 2] 48 features, training_days=10 | threshold=0.585 | labels: 1099 long, 1072 short (51/49%)
    [trial 2] Sharpe=-0.0496 (folds: 0.0623, 0.1230, -0.0728, -0.1614, -0.1992)
    [trial 3] 48 features, training_days=220 | threshold=0.687 | labels: 1099 long, 1072 short (51/49%)
    [trial 3] Sharpe=0.0475 (folds: 0.0464, -0.1098, -0.2815, 0.2831, 0.2991)
    [trial 4] 48 features, training_days=300 | threshold=0.562 | labels: 1099 long, 1072 short (51/49%)
    [trial 4] Sharpe=-0.0156 (folds: -0.0307, -0.1442, -0.0137, 0.0384, 0.0723)
    [trial 5] 48 features, training_days=490 | threshold=0.711 | labels: 1099 long, 1072 short (51/49%)
    [trial 5] Sharpe=-0.0309 (folds: 0.0029, -0.1917, 0.0133, -0.0066, 0.0275)
    [trial 6] 48 features, training_days=420 | threshold=0.667 | labels: 1099 long, 1072 short (51/49%)
    [trial 6] Sharpe=-0.0260 (folds: -0.0083, -0.1800, -0.0005, -0.0314, 0.0905)
    [trial 7] 48 features, training_days=120 | threshold=0.550 | labels: 1099 long, 1072 short (51/49%)
    [trial 7] Sharpe=-0.0596 (folds: -0.0981, -0.1879, -0.1733, 0.1453, 0.0163)
    [trial 8] 48 features, training_days=450 | threshold=0.720 | labels: 1099 long, 1072 short (51/49%)
    [trial 8] Sharpe=-0.0314 (folds: -0.1020, -0.2165, -0.0321, 0.1674, 0.0262)
    [trial 9] 48 features, training_days=20 | threshold=0.727 | labels: 1099 long, 1072 short (51/49%)
    [trial 9] Sharpe=-6.0307 (folds: -0.1589, -10.0000, 0.0053, -10.0000, -10.0000)
    [trial 10] 48 features, training_days=200 | threshold=0.828 | labels: 1099 long, 1072 short (51/49%)
    [trial 10] Sharpe=-10.0000 (folds: -10.0000, -10.0000, -10.0000, -10.0000, -10.0000)
    [trial 11] 48 features, training_days=140 | threshold=0.620 | labels: 1099 long, 1072 short (51/49%)
    [trial 11] Sharpe=0.0482 (folds: 0.0163, 0.0568, -0.1404, 0.1564, 0.1519)
    [trial 12] 48 features, training_days=200 | threshold=0.801 | labels: 1099 long, 1072 short (51/49%)
    [trial 12] Sharpe=0.1285 (folds: 0.0436, 0.0660, -0.1584, 0.2665, 0.4250)
    [trial 13] 48 features, training_days=130 | threshold=0.848 | labels: 1099 long, 1072 short (51/49%)
    [trial 13] Sharpe=0.1018 (folds: 0.1406, 0.0950, -0.1298, 0.0392, 0.3639)
    [trial 14] 48 features, training_days=170 | threshold=0.848 | labels: 1099 long, 1072 short (51/49%)
    [trial 14] Sharpe=0.1377 (folds: 0.1208, 0.0509, 0.0304, -0.2330, 0.7195)
    [trial 15] 48 features, training_days=300 | threshold=0.787 | labels: 1099 long, 1072 short (51/49%)
    [trial 15] Sharpe=-0.0243 (folds: 0.0552, -0.0991, -0.2692, 0.1291, 0.0626)
    [trial 16] 48 features, training_days=370 | threshold=0.781 | labels: 1099 long, 1072 short (51/49%)
    [trial 16] Sharpe=-0.0365 (folds: 0.1350, -0.1558, -0.1273, -0.2710, 0.2366)
    [trial 17] 48 features, training_days=190 | threshold=0.788 | labels: 1099 long, 1072 short (51/49%)
    [trial 17] Sharpe=0.0692 (folds: -0.0382, -0.0150, -0.1003, 0.0159, 0.4837)
  Optuna: 18 trials, best Sharpe = 0.1377
  Best params: n_estimators=500, max_depth=4, lr=0.0107, leaves=55
  Best confidence_threshold: 0.848
  Best training_days: 170
  Retrained on full data (510 samples, 48 features)
  OOD: 16 features, cutoff (q=0.7) = 15.21
  Model trained for 2024-04: 90 test candles with features, confidence_threshold=0.835
[trade:close] 2024-04-02 07:59 ETHUSDT LONG → stop_loss @ 3340.23 | PnL=-4.90% (net -5.00%) | cum=-11.52% 2024-04=-5.00% 2024-04-02=-5.00%
[predict] 2024-04-06 16:00 ETHUSDT → LONG (proba=0.96 TP=9.4%/SL=4.7%)
[trade:open] 2024-04-06 23:59 ETHUSDT LONG @ 3353.15 | SL=3195.60 TP=3668.26 | timeout=2024-04-13 23:59
[trade:close] 2024-04-08 15:59 ETHUSDT LONG → take_profit @ 3668.26 | PnL=+9.40% (net +9.30%) | cum=-2.23% 2024-04=+4.29% 2024-04-08=+9.30%
[predict] 2024-04-22 16:00 ETHUSDT → LONG (proba=0.94 TP=10.5%/SL=5.3%)
[trade:open] 2024-04-22 23:59 ETHUSDT LONG @ 3198.66 | SL=3030.73 TP=3534.53 | timeout=2024-04-29 23:59
[trade:close] 2024-04-30 00:00 ETHUSDT LONG → timeout @ 3215.28 | PnL=+0.52% (net +0.42%) | cum=-1.81% 2024-04=+4.71% 2024-04-30=+0.42%
[lgbm] === Training for 2024-05 ===
  Train window: 2022-05-01 → 2024-04-23
  2171 training samples from 1 symbols
  Samples per month: 2022-05: 93, 2022-06: 90, 2022-07: 93, 2022-08: 93, 2022-09: 90, 2022-10: 93, 2022-11: 90, 2022-12: 93, 2023-01: 93, 2023-02: 84, 2023-03: 93, 2023-04: 90, 2023-05: 93, 2023-06: 90, 2023-07: 93, 2023-08: 93, 2023-09: 90, 2023-10: 93, 2023-11: 90, 2023-12: 93, 2024-01: 93, 2024-02: 87, 2024-03: 93, 2024-04: 68
  [label] 2022-07-01 16:00 ETHUSDT entry=1059.2400 → LONG | long=tp(+18.97%) short=sl(-9.63%) | scanned=19 | long_tp_only
  [label] 2022-07-04 00:00 ETHUSDT entry=1050.1600 → LONG | long=tp(+15.47%) short=sl(-7.89%) | scanned=10 | long_tp_only
  [label] 2022-07-07 16:00 ETHUSDT entry=1236.9200 → SHORT | long=sl(-7.33%) short=tp(+14.36%) | scanned=14 | short_tp_only
  [label] 2022-08-01 08:00 ETHUSDT entry=1671.9400 → LONG | long=timeout(+6.04%) short=sl(-7.36%) | scanned=22 | no_tp→fwd_return=+6.1408
  [label] 2022-09-23 00:00 ETHUSDT entry=1331.3800 → LONG | long=timeout(+0.52%) short=timeout(-0.72%) | scanned=22 | no_tp→fwd_return=+0.6227
  [label] 2023-03-08 00:00 ETHUSDT entry=1550.5200 → SHORT | long=sl(-3.40%) short=tp(+6.50%) | scanned=5 | short_tp_only
  [label] 2023-03-12 00:00 ETHUSDT entry=1459.0000 → LONG | long=tp(+10.01%) short=sl(-5.16%) | scanned=3 | long_tp_only
  [label] 2023-03-22 16:00 ETHUSDT entry=1733.6100 → LONG | long=timeout(+3.26%) short=sl(-6.18%) | scanned=22 | no_tp→fwd_return=+3.3618
  [label] 2023-05-06 16:00 ETHUSDT entry=1895.2900 → SHORT | long=sl(-4.57%) short=timeout(+5.22%) | scanned=22 | no_tp→fwd_return=-5.3211
  [label] 2023-05-15 08:00 ETHUSDT entry=1826.9000 → SHORT | long=timeout(-0.71%) short=timeout(+0.51%) | scanned=22 | no_tp→fwd_return=-0.6059
  [label] 2023-08-13 16:00 ETHUSDT entry=1840.0900 → SHORT | long=sl(-1.44%) short=tp(+2.57%) | scanned=10 | short_tp_only
  [label] 2023-09-14 16:00 ETHUSDT entry=1625.6500 → SHORT | long=sl(-3.23%) short=timeout(+2.52%) | scanned=22 | no_tp→fwd_return=-2.6236
  [label] 2023-10-01 00:00 ETHUSDT entry=1677.5200 → LONG | long=tp(+4.35%) short=sl(-2.33%) | scanned=2 | long_tp_only
  [label] 2023-10-13 16:00 ETHUSDT entry=1551.5500 → LONG | long=tp(+5.58%) short=sl(-2.94%) | scanned=8 | long_tp_only
  [label] 2023-11-01 00:00 ETHUSDT entry=1805.4400 → LONG | long=timeout(+3.78%) short=sl(-3.69%) | scanned=22 | no_tp→fwd_return=+3.8783
  [label] 2023-11-07 08:00 ETHUSDT entry=1863.8500 → LONG | long=tp(+6.85%) short=sl(-3.58%) | scanned=6 | long_tp_only
  [label] 2023-11-19 16:00 ETHUSDT entry=2012.4600 → LONG | long=timeout(+2.36%) short=sl(-4.26%) | scanned=22 | no_tp→fwd_return=+2.4602
  [label] 2023-12-29 08:00 ETHUSDT entry=2328.8400 → SHORT | long=sl(-4.57%) short=sl(-4.57%) | scanned=15 | no_tp→fwd_return=-3.7710[I 2026-06-01 15:47:57,046] A new study created in memory with name: no-name-9f333c47-00f9-427b-9ecb-fe0acb02c2ca
[I 2026-06-01 15:47:57,373] Trial 0 finished with value: -0.02749488967505761 and parameters: {'confidence_threshold': 0.6310890415965769, 'training_days': 480, 'n_estimators': 380, 'max_depth': 4, 'num_leaves': 22, 'learning_rate': 0.01699897838270077, 'subsample': 0.5290418060840998, 'colsample_bytree': 0.9330880728874675, 'min_child_samples': 68, 'reg_alpha': 0.023585940584142682, 'reg_lambda': 1.5320059381854043e-08}. Best is trial 0 with value: -0.02749488967505761.
[I 2026-06-01 15:47:57,494] Trial 1 finished with value: -5.970345728743836 and parameters: {'confidence_threshold': 0.839468448256698, 'training_days': 420, 'n_estimators': 145, 'max_depth': 3, 'num_leaves': 23, 'learning_rate': 0.028145092716060652, 'subsample': 0.762378215816119, 'colsample_bytree': 0.7159725093210578, 'min_child_samples': 43, 'reg_alpha': 0.0032112643094417484, 'reg_lambda': 1.8007140198129195e-07}. Best is trial 0 with value: -0.02749488967505761.
[I 2026-06-01 15:47:57,659] Trial 2 finished with value: -0.019833391884424574 and parameters: {'confidence_threshold': 0.6022506269873263, 'training_days': 190, 'n_estimators': 255, 'max_depth': 5, 'num_leaves': 24, 'learning_rate': 0.05748924681991978, 'subsample': 0.7962072844310213, 'colsample_bytree': 0.5232252063599989, 'min_child_samples': 69, 'reg_alpha': 3.425445902633376e-07, 'reg_lambda': 3.850031979199519e-08}. Best is trial 2 with value: -0.019833391884424574.
[I 2026-06-01 15:47:57,934] Trial 3 finished with value: -0.07630564418547998 and parameters: {'confidence_threshold': 0.8321099380386666, 'training_days': 490, 'n_estimators': 414, 'max_depth': 3, 'num_leaves': 19, 'learning_rate': 0.1024932221692416, 'subsample': 0.7200762468698007, 'colsample_bytree': 0.5610191174223894, 'min_child_samples': 60, 'reg_alpha': 2.039373116525212e-08, 'reg_lambda': 1.527156759251193}. Best is trial 2 with value: -0.019833391884424574.
[I 2026-06-01 15:47:58,104] Trial 4 finished with value: -0.011815882365456984 and parameters: {'confidence_threshold': 0.5905729935600059, 'training_days': 340, 'n_estimators': 190, 'max_depth': 4, 'num_leaves': 41, 'learning_rate': 0.01875220945578641, 'subsample': 0.9847923138822793, 'colsample_bytree': 0.8875664116805573, 'min_child_samples': 96, 'reg_alpha': 1.1309571585271483, 'reg_lambda': 0.002404915432737351}. Best is trial 4 with value: -0.011815882365456984.
[I 2026-06-01 15:47:58,143] Trial 5 finished with value: -0.02303701730355607 and parameters: {'confidence_threshold': 0.8226559822580909, 'training_days': 50, 'n_estimators': 138, 'max_depth': 3, 'num_leaves': 30, 'learning_rate': 0.03750796359625606, 'subsample': 0.6356745158869479, 'colsample_bytree': 0.9143687545759647, 'min_child_samples': 48, 'reg_alpha': 3.376063348877853e-06, 'reg_lambda': 0.0007660634613082914}. Best is trial 4 with value: -0.011815882365456984.
[I 2026-06-01 15:47:58,253] Trial 6 finished with value: -0.06088944972168351 and parameters: {'confidence_threshold': 0.5493234787411669, 'training_days': 410, 'n_estimators': 83, 'max_depth': 5, 'num_leaves': 52, 'learning_rate': 0.019657448966046126, 'subsample': 0.5027610585618012, 'colsample_bytree': 0.9077307142274171, 'min_child_samples': 77, 'reg_alpha': 0.03639690979811287, 'reg_lambda': 0.08738424135626986}. Best is trial 4 with value: -0.011815882365456984.
[I 2026-06-01 15:47:58,336] Trial 7 finished with value: 0.027579340418871647 and parameters: {'confidence_threshold': 0.5259156281069316, 'training_days': 180, 'n_estimators': 102, 'max_depth': 5, 'num_leaves': 45, 'learning_rate': 0.030816017044468066, 'subsample': 0.5317791751430119, 'colsample_bytree': 0.6554911608578311, 'min_child_samples': 46, 'reg_alpha': 0.036851536911881845, 'reg_lambda': 0.005470376807480391}. Best is trial 7 with value: 0.027579340418871647.
[I 2026-06-01 15:47:58,425] Trial 8 finished with value: 0.05790214821624906 and parameters: {'confidence_threshold': 0.8105244599017143, 'training_days': 240, 'n_estimators': 103, 'max_depth': 5, 'num_leaves': 52, 'learning_rate': 0.06746437142284309, 'subsample': 0.8854835899772805, 'colsample_bytree': 0.7468977981821954, 'min_child_samples': 62, 'reg_alpha': 7.04480806377519e-05, 'reg_lambda': 1.6934490731313353e-08}. Best is trial 8 with value: 0.05790214821624906.
[I 2026-06-01 15:47:58,447] Trial 9 finished with value: -0.09661180645525763 and parameters: {'confidence_threshold': 0.5377619994476566, 'training_days': 20, 'n_estimators': 337, 'max_depth': 3, 'num_leaves': 39, 'learning_rate': 0.21907142272152816, 'subsample': 0.6246461145744375, 'colsample_bytree': 0.7051914615178149, 'min_child_samples': 81, 'reg_alpha': 1.1459970229341322e-06, 'reg_lambda': 4.929685216887945e-08}. Best is trial 8 with value: 0.05790214821624906.
[I 2026-06-01 15:47:58,983] Trial 10 finished with value: 0.02725679196386278 and parameters: {'confidence_threshold': 0.734042426776949, 'training_days': 280, 'n_estimators': 487, 'max_depth': 5, 'num_leaves': 62, 'learning_rate': 0.10432148521337849, 'subsample': 0.9416850669512905, 'colsample_bytree': 0.8120417635861826, 'min_child_samples': 27, 'reg_alpha': 7.238112263003475e-05, 'reg_lambda': 3.3639426888455256e-06}. Best is trial 8 with value: 0.05790214821624906.
[I 2026-06-01 15:47:59,066] Trial 11 finished with value: -0.03787726188046996 and parameters: {'confidence_threshold': 0.7192552477034038, 'training_days': 170, 'n_estimators': 70, 'max_depth': 5, 'num_leaves': 50, 'learning_rate': 0.0663170850065109, 'subsample': 0.8696252151616218, 'colsample_bytree': 0.6334955364726846, 'min_child_samples': 45, 'reg_alpha': 0.0002674461616954016, 'reg_lambda': 1.2919440532274802e-05}. Best is trial 8 with value: 0.05790214821624906.
[I 2026-06-01 15:47:59,270] Trial 12 finished with value: 0.03291073126486227 and parameters: {'confidence_threshold': 0.7361365077454136, 'training_days': 140, 'n_estimators': 247, 'max_depth': 4, 'num_leaves': 51, 'learning_rate': 0.03869752912015806, 'subsample': 0.8361663661711445, 'colsample_bytree': 0.7897463007259965, 'min_child_samples': 22, 'reg_alpha': 1.9900097930347052, 'reg_lambda': 0.012696334061651838}. Best is trial 8 with value: 0.05790214821624906.
[I 2026-06-01 15:47:59,362] Trial 13 finished with value: -0.008618735729464644 and parameters: {'confidence_threshold': 0.7680477997919558, 'training_days': 110, 'n_estimators': 236, 'max_depth': 4, 'num_leaves': 61, 'learning_rate': 0.10552560750838863, 'subsample': 0.8690491710631163, 'colsample_bytree': 0.8101343034149046, 'min_child_samples': 22, 'reg_alpha': 5.103963388930572, 'reg_lambda': 2.915487126448182e-05}. Best is trial 8 with value: 0.05790214821624906.
[I 2026-06-01 15:47:59,678] Trial 14 finished with value: 0.055323195088115174 and parameters: {'confidence_threshold': 0.680081175030563, 'training_days': 260, 'n_estimators': 311, 'max_depth': 4, 'num_leaves': 54, 'learning_rate': 0.011688985966806223, 'subsample': 0.8681243940127022, 'colsample_bytree': 0.8104226038607688, 'min_child_samples': 31, 'reg_alpha': 2.700656791405036e-05, 'reg_lambda': 0.0601371216769442}. Best is trial 8 with value: 0.05790214821624906.
[I 2026-06-01 15:48:00,010] Trial 15 finished with value: 0.03751735888589 and parameters: {'confidence_threshold': 0.6822673697667654, 'training_days': 250, 'n_estimators': 318, 'max_depth': 4, 'num_leaves': 57, 'learning_rate': 0.010030004089538936, 'subsample': 0.9238018146517029, 'colsample_bytree': 0.8453342457283939, 'min_child_samples': 34, 'reg_alpha': 8.430542834627463e-05, 'reg_lambda': 3.1307632470674744}. Best is trial 8 with value: 0.05790214821624906.
[I 2026-06-01 15:48:00,214] Trial 16 finished with value: 0.02375578430197161 and parameters: {'confidence_threshold': 0.7847757453706666, 'training_days': 270, 'n_estimators': 197, 'max_depth': 4, 'num_leaves': 34, 'learning_rate': 0.2883732187561208, 'subsample': 0.9987195180711168, 'colsample_bytree': 0.9826162589395974, 'min_child_samples': 57, 'reg_alpha': 1.6230643075200477e-05, 'reg_lambda': 0.14414510912060235}. Best is trial 8 with value: 0.05790214821624906.
[I 2026-06-01 15:48:00,572] Trial 17 finished with value: -0.029484638951065657 and parameters: {'confidence_threshold': 0.6652429013116167, 'training_days': 330, 'n_estimators': 307, 'max_depth': 4, 'num_leaves': 57, 'learning_rate': 0.010425658055299656, 'subsample': 0.7004831188261247, 'colsample_bytree': 0.7310756035584245, 'min_child_samples': 36, 'reg_alpha': 0.0013748483702331557, 'reg_lambda': 0.00020614774879284444}. Best is trial 8 with value: 0.05790214821624906.
[I 2026-06-01 15:48:00,909] A new study created in memory with name: no-name-f22c96df-b949-44f0-9b29-0b9677cde972
[I 2026-06-01 15:48:01,012] Trial 0 finished with value: 0.027385502575073363 and parameters: {'confidence_threshold': 0.7437642149592516, 'training_days': 150, 'n_estimators': 152, 'max_depth': 4, 'num_leaves': 50, 'learning_rate': 0.04216766425047743, 'subsample': 0.9903820991923078, 'colsample_bytree': 0.8424148692924316, 'min_child_samples': 58, 'reg_alpha': 3.381097259762742e-05, 'reg_lambda': 1.2263152961306247e-05}. Best is trial 0 with value: 0.027385502575073363.
[I 2026-06-01 15:48:01,082] Trial 1 finished with value: -2.0611997018831887 and parameters: {'confidence_threshold': 0.7551673975844145, 'training_days': 220, 'n_estimators': 76, 'max_depth': 4, 'num_leaves': 51, 'learning_rate': 0.018602118810743477, 'subsample': 0.5877258780737462, 'colsample_bytree': 0.7657756869209191, 'min_child_samples': 63, 'reg_alpha': 0.005123994170264194, 'reg_lambda': 0.44145470178120466}. Best is trial 0 with value: 0.027385502575073363.
[I 2026-06-01 15:48:01,335] Trial 2 finished with value: -0.03868152619944761 and parameters: {'confidence_threshold': 0.7535593637012223, 'training_days': 310, 'n_estimators': 375, 'max_depth': 3, 'num_leaves': 32, 'learning_rate': 0.021735641882032388, 'subsample': 0.6468570231944146, 'colsample_bytree': 0.8154880619272439, 'min_child_samples': 27, 'reg_alpha': 8.004064028491336e-05, 'reg_lambda': 7.546835261630524e-05}. Best is trial 0 with value: 0.027385502575073363.
[I 2026-06-01 15:48:01,501] Trial 3 finished with value: 0.017962702636042167 and parameters: {'confidence_threshold': 0.6727897841776072, 'training_days': 220, 'n_estimators': 190, 'max_depth': 4, 'num_leaves': 58, 'learning_rate': 0.24810689332636193, 'subsample': 0.7509183379421682, 'colsample_bytree': 0.8119764758960556, 'min_child_samples': 29, 'reg_alpha': 7.1708285081421445e-06, 'reg_lambda': 5.412973582738627e-05}. Best is trial 0 with value: 0.027385502575073363.
[I 2026-06-01 15:48:01,612] Trial 4 finished with value: -0.042068134499704354 and parameters: {'confidence_threshold': 0.803208205259178, 'training_days': 130, 'n_estimators': 267, 'max_depth': 5, 'num_leaves': 40, 'learning_rate': 0.08041175317374143, 'subsample': 0.5603143329951619, 'colsample_bytree': 0.9131704002534167, 'min_child_samples': 68, 'reg_alpha': 0.0008046593428183385, 'reg_lambda': 1.2158346158765583e-05}. Best is trial 0 with value: 0.027385502575073363.
[I 2026-06-01 15:48:01,849] Trial 5 finished with value: -0.01861696202540216 and parameters: {'confidence_threshold': 0.6064422761595144, 'training_days': 210, 'n_estimators': 357, 'max_depth': 5, 'num_leaves': 40, 'learning_rate': 0.0974221287220869, 'subsample': 0.7929682762811064, 'colsample_bytree': 0.8124517510478, 'min_child_samples': 74, 'reg_alpha': 0.3811377260781234, 'reg_lambda': 5.607314238392041e-08}. Best is trial 0 with value: 0.027385502575073363.
[I 2026-06-01 15:48:01,961] Trial 6 finished with value: -0.011713147990483586 and parameters: {'confidence_threshold': 0.7672889945051684, 'training_days': 130, 'n_estimators': 137, 'max_depth': 4, 'num_leaves': 19, 'learning_rate': 0.2031117614248665, 'subsample': 0.8136244860256343, 'colsample_bytree': 0.8617081790949774, 'min_child_samples': 21, 'reg_alpha': 0.002238138278733199, 'reg_lambda': 0.001025809534977322}. Best is trial 0 with value: 0.027385502575073363.
[I 2026-06-01 15:48:02,034] Trial 7 finished with value: 0.010207898629464451 and parameters: {'confidence_threshold': 0.555635875450653, 'training_days': 80, 'n_estimators': 363, 'max_depth': 3, 'num_leaves': 48, 'learning_rate': 0.06590089024008658, 'subsample': 0.6944752870615722, 'colsample_bytree': 0.962566244806993, 'min_child_samples': 88, 'reg_alpha': 1.6465620446426067e-05, 'reg_lambda': 2.4678750890085655e-08}. Best is trial 0 with value: 0.027385502575073363.
[I 2026-06-01 15:48:02,362] Trial 8 finished with value: 0.018820221119090028 and parameters: {'confidence_threshold': 0.6066688256938841, 'training_days': 200, 'n_estimators': 367, 'max_depth': 5, 'num_leaves': 32, 'learning_rate': 0.13377519215934996, 'subsample': 0.7965884582811106, 'colsample_bytree': 0.8458508993500886, 'min_child_samples': 32, 'reg_alpha': 3.889436043816386e-05, 'reg_lambda': 1.4713062489380356e-06}. Best is trial 0 with value: 0.027385502575073363.
