[I 2026-06-01 15:47:18,470] Trial 9 finished with value: 0.005898530920327621 and parameters: {'confidence_threshold': 0.6202096049169137, 'training_days': 260, 'n_estimators': 350, 'max_depth': 3, 'num_leaves': 21, 'learning_rate': 0.02989540198065364, 'subsample': 0.8307821683331218, 'colsample_bytree': 0.923253112635361, 'min_child_samples': 64, 'reg_alpha': 0.4898604619604203, 'reg_lambda': 2.9076377687066166e-05}. Best is trial 0 with value: 0.0228636175236527.
[I 2026-06-01 15:47:18,911] Trial 10 finished with value: -2.1655187639628837 and parameters: {'confidence_threshold': 0.8445241688507242, 'training_days': 470, 'n_estimators': 493, 'max_depth': 4, 'num_leaves': 63, 'learning_rate': 0.010221918552934462, 'subsample': 0.9783426417503635, 'colsample_bytree': 0.6202684210924141, 'min_child_samples': 46, 'reg_alpha': 1.452403597240567e-08, 'reg_lambda': 0.02027317446694866}. Best is trial 0 with value: 0.0228636175236527.
[I 2026-06-01 15:47:19,085] Trial 11 finished with value: -0.07937474446765036 and parameters: {'confidence_threshold': 0.6840516532713735, 'training_days': 340, 'n_estimators': 234, 'max_depth': 3, 'num_leaves': 20, 'learning_rate': 0.03481626436053209, 'subsample': 0.9957871000674493, 'colsample_bytree': 0.6778283959364831, 'min_child_samples': 50, 'reg_alpha': 5.56438571366154, 'reg_lambda': 1.5530863293959958e-06}. Best is trial 0 with value: 0.0228636175236527.
[I 2026-06-01 15:47:19,110] Trial 12 finished with value: 0.011427417407117469 and parameters: {'confidence_threshold': 0.66034247783242, 'training_days': 10, 'n_estimators': 51, 'max_depth': 3, 'num_leaves': 15, 'learning_rate': 0.03554970762940541, 'subsample': 0.8998743051493682, 'colsample_bytree': 0.5201164353688423, 'min_child_samples': 83, 'reg_alpha': 3.9876523655594356e-07, 'reg_lambda': 0.0022441080122261804}. Best is trial 0 with value: 0.0228636175236527.
[I 2026-06-01 15:47:19,135] Trial 13 finished with value: 0.011427417407117469 and parameters: {'confidence_threshold': 0.7108288867658247, 'training_days': 10, 'n_estimators': 53, 'max_depth': 3, 'num_leaves': 49, 'learning_rate': 0.043704656687086674, 'subsample': 0.9044135677581759, 'colsample_bytree': 0.5389794258459311, 'min_child_samples': 87, 'reg_alpha': 1.2060435374898353e-07, 'reg_lambda': 0.0038418245689497152}. Best is trial 0 with value: 0.0228636175236527.
[I 2026-06-01 15:47:19,161] Trial 14 finished with value: -0.056482367057522645 and parameters: {'confidence_threshold': 0.5166805703527768, 'training_days': 20, 'n_estimators': 132, 'max_depth': 4, 'num_leaves': 30, 'learning_rate': 0.0537300009440026, 'subsample': 0.9013224638845043, 'colsample_bytree': 0.5033829767322446, 'min_child_samples': 96, 'reg_alpha': 1.1965699977759898e-06, 'reg_lambda': 0.11570016427959577}. Best is trial 0 with value: 0.0228636175236527.

  [label] 2023-07-09 16:00 ETHUSDT entry=1861.8100 → LONG | long=tp(+5.27%) short=sl(-2.78%) | scanned=12 | long_tp_only
  [label] 2023-07-22 00:00 ETHUSDT entry=1890.7900 → SHORT | long=sl(-2.54%) short=timeout(+0.93%) | scanned=22 | no_tp→fwd_return=-1.0255
  [label] 2023-08-30 08:00 ETHUSDT entry=1702.8900 → SHORT | long=sl(-3.18%) short=timeout(+4.62%) | scanned=22 | no_tp→fwd_return=-4.7214
  [label] 2023-09-09 08:00 ETHUSDT entry=1634.4700 → SHORT | long=sl(-2.29%) short=tp(+4.28%) | scanned=6 | short_tp_only
  [label] 2023-12-04 08:00 ETHUSDT entry=2212.5200 → LONG | long=tp(+7.40%) short=sl(-3.85%) | scanned=10 | long_tp_only
  Labels: 1061 long (48.9%), 1107 short (51.1%) | weights: min=1.00, mean=2.88, max=10.00
  Features: 2168/2168 matched, 48 columns
  CV gap: 22 rows
  [ensemble 1/3] seed=42
    [trial 0] 48 features, training_days=480 | threshold=0.631 | labels: 1061 long, 1107 short (49/51%)
    [CV fold 0] train_end=2022-04-24 08:00 | val_start=2022-05-02 00:00 | gap=184h (22 rows)
    [CV fold 1] train_end=2022-08-22 16:00 | val_start=2022-08-30 08:00 | gap=184h (22 rows)
    [CV fold 2] train_end=2022-12-21 00:00 | val_start=2022-12-28 16:00 | gap=184h (22 rows)
    [CV fold 3] train_end=2023-04-20 08:00 | val_start=2023-04-28 00:00 | gap=184h (22 rows)
    [CV fold 4] train_end=2023-08-18 16:00 | val_start=2023-08-26 08:00 | gap=184h (22 rows)
    [trial 0] Sharpe=-0.0830 (folds: -0.2014, 0.0546, -0.1223, -0.2109, 0.0651)
    [trial 1] 48 features, training_days=420 | threshold=0.839 | labels: 1061 long, 1107 short (49/51%)
    [trial 1] Sharpe=-2.2607 (folds: -0.2119, 0.1882, 0.0457, -1.3254, -10.0000)
    [trial 2] 48 features, training_days=190 | threshold=0.602 | labels: 1061 long, 1107 short (49/51%)
    [trial 2] Sharpe=-0.0695 (folds: -0.2090, -0.1123, -0.0439, -0.0676, 0.0851)
    [trial 3] 48 features, training_days=490 | threshold=0.832 | labels: 1061 long, 1107 short (49/51%)
    [trial 3] Sharpe=-0.0668 (folds: -0.2640, 0.1914, -0.1285, -0.1167, -0.0163)
    [trial 4] 48 features, training_days=340 | threshold=0.591 | labels: 1061 long, 1107 short (49/51%)
    [trial 4] Sharpe=-0.0635 (folds: -0.1466, 0.0185, -0.2061, -0.1369, 0.1537)
    [trial 5] 48 features, training_days=50 | threshold=0.823 | labels: 1061 long, 1107 short (49/51%)
    [trial 5] Sharpe=-0.1052 (folds: -0.2504, 0.1460, -0.3562, -0.0773, 0.0119)
    [trial 6] 48 features, training_days=410 | threshold=0.549 | labels: 1061 long, 1107 short (49/51%)
    [trial 6] Sharpe=-0.0646 (folds: -0.0226, 0.0605, -0.0114, -0.2603, -0.0891)
    [trial 7] 48 features, training_days=180 | threshold=0.526 | labels: 1061 long, 1107 short (49/51%)
    [trial 7] Sharpe=-0.0577 (folds: -0.0526, -0.1879, -0.1028, -0.1423, 0.1970)
    [trial 8] 48 features, training_days=240 | threshold=0.811 | labels: 1061 long, 1107 short (49/51%)
    [trial 8] Sharpe=0.0280 (folds: -0.1134, 0.1555, -0.1992, -0.1380, 0.4350)
    [trial 9] 48 features, training_days=20 | threshold=0.538 | labels: 1061 long, 1107 short (49/51%)
    [trial 9] Sharpe=-0.0565 (folds: 0.1272, 0.0365, -0.1584, 0.0053, -0.2929)
    [trial 10] 48 features, training_days=280 | threshold=0.734 | labels: 1061 long, 1107 short (49/51%)
    [trial 10] Sharpe=0.0146 (folds: -0.1879, 0.1551, -0.0452, -0.0087, 0.1598)
    [trial 11] 48 features, training_days=280 | threshold=0.742 | labels: 1061 long, 1107 short (49/51%)
    [trial 11] Sharpe=0.0258 (folds: -0.1746, 0.2039, -0.0420, -0.0430, 0.1849)
    [trial 12] 48 features, training_days=190 | threshold=0.752 | labels: 1061 long, 1107 short (49/51%)
    [trial 12] Sharpe=0.0163 (folds: -0.1500, 0.0754, 0.0159, 0.0225, 0.1178)
    [trial 13] 48 features, training_days=290 | threshold=0.737 | labels: 1061 long, 1107 short (49/51%)
    [trial 13] Sharpe=-0.0042 (folds: -0.1817, 0.1321, -0.0667, -0.0060, 0.1010)
    [trial 14] 48 features, training_days=130 | threshold=0.787 | labels: 1061 long, 1107 short (49/51%)
    [trial 14] Sharpe=-0.0897 (folds: -0.2621, -0.0547, -0.2251, -0.1888, 0.2820)
    [trial 15] 48 features, training_days=340 | threshold=0.685 | labels: 1061 long, 1107 short (49/51%)
    [trial 15] Sharpe=-0.0374 (folds: -0.2445, 0.0853, -0.1026, -0.0121, 0.0868)
    [trial 16] 48 features, training_days=240 | threshold=0.681 | labels: 1061 long, 1107 short (49/51%)
    [trial 16] Sharpe=0.0463 (folds: -0.1843, 0.1429, 0.0012, 0.0015, 0.2700)
    [trial 17] 48 features, training_days=110 | threshold=0.681 | labels: 1061 long, 1107 short (49/51%)
    [trial 17] Sharpe=-0.0840 (folds: -0.0952, -0.0374, -0.1825, -0.3656, 0.2608)
  Optuna: 18 trials, best Sharpe = 0.0463
  Best params: n_estimators=320, max_depth=4, lr=0.1501, leaves=50
  Best confidence_threshold: 0.681
  Best training_days: 240
  Retrained on full data (720 samples, 48 features)
  [ensemble 2/3] seed=123
    [trial 0] 48 features, training_days=150 | threshold=0.744 | labels: 1061 long, 1107 short (49/51%)
    [CV fold 0] train_end=2022-04-24 08:00 | val_start=2022-05-02 00:00 | gap=184h (22 rows)
    [CV fold 1] train_end=2022-08-22 16:00 | val_start=2022-08-30 08:00 | gap=184h (22 rows)
    [CV fold 2] train_end=2022-12-21 00:00 | val_start=2022-12-28 16:00 | gap=184h (22 rows)
    [CV fold 3] train_end=2023-04-20 08:00 | val_start=2023-04-28 00:00 | gap=184h (22 rows)
    [CV fold 4] train_end=2023-08-18 16:00 | val_start=2023-08-26 08:00 | gap=184h (22 rows)
    [trial 0] Sharpe=0.0229 (folds: -0.1593, 0.0192, 0.0572, -0.1611, 0.3583)
    [trial 1] 48 features, training_days=220 | threshold=0.755 | labels: 1061 long, 1107 short (49/51%)
    [trial 1] Sharpe=-4.0904 (folds: -0.1713, -10.0000, -0.0833, -10.0000, -0.1973)
    [trial 2] 48 features, training_days=310 | threshold=0.754 | labels: 1061 long, 1107 short (49/51%)
    [trial 2] Sharpe=-0.0422 (folds: -0.2193, 0.2077, -0.1265, -0.0943, 0.0216)
    [trial 3] 48 features, training_days=220 | threshold=0.673 | labels: 1061 long, 1107 short (49/51%)
    [trial 3] Sharpe=0.0026 (folds: -0.2019, 0.1512, -0.0360, -0.0491, 0.1486)
    [trial 4] 48 features, training_days=130 | threshold=0.803 | labels: 1061 long, 1107 short (49/51%)
    [trial 4] Sharpe=-0.0905 (folds: -0.2822, -0.1171, -0.1957, -0.0902, 0.2326)
    [trial 5] 48 features, training_days=210 | threshold=0.606 | labels: 1061 long, 1107 short (49/51%)
    [trial 5] Sharpe=-0.0640 (folds: -0.2669, 0.0420, -0.0686, -0.0966, 0.0702)
    [trial 6] 48 features, training_days=130 | threshold=0.767 | labels: 1061 long, 1107 short (49/51%)
    [trial 6] Sharpe=-0.0312 (folds: -0.1296, -0.0627, -0.0680, -0.1162, 0.2205)
    [trial 7] 48 features, training_days=80 | threshold=0.556 | labels: 1061 long, 1107 short (49/51%)
    [trial 7] Sharpe=-0.1076 (folds: -0.3791, 0.0006, -0.1339, -0.1466, 0.1209)
    [trial 8] 48 features, training_days=200 | threshold=0.607 | labels: 1061 long, 1107 short (49/51%)
    [trial 8] Sharpe=-0.0273 (folds: -0.1866, 0.0372, -0.0708, -0.0300, 0.1136)
    [trial 9] 48 features, training_days=260 | threshold=0.620 | labels: 1061 long, 1107 short (49/51%)
    [trial 9] Sharpe=0.0059 (folds: -0.2291, 0.0832, -0.0699, -0.0119, 0.2571)
    [trial 10] 48 features, training_days=470 | threshold=0.845 | labels: 1061 long, 1107 short (49/51%)
    [trial 10] Sharpe=-2.1655 (folds: -0.1809, 0.3054, -0.1093, -0.8427, -10.0000)
    [trial 11] 48 features, training_days=340 | threshold=0.684 | labels: 1061 long, 1107 short (49/51%)
    [trial 11] Sharpe=-0.0794 (folds: -0.2598, 0.1627, -0.1685, -0.2136, 0.0824)
    [trial 12] 48 features, training_days=10 | threshold=0.660 | labels: 1061 long, 1107 short (49/51%)
    [trial 12] Sharpe=0.0114 (folds: 0.1272, 0.0365, 0.1811, 0.0053, -0.2929)
    [trial 13] 48 features, training_days=10 | threshold=0.711 | labels: 1061 long, 1107 short (49/51%)
    [trial 13] Sharpe=0.0114 (folds: 0.1272, 0.0365, 0.1811, 0.0053, -0.2929)
    [trial 14] 48 features, training_days=20 | threshold=0.517 | labels: 1061 long, 1107 short (49/51%)
    [trial 14] Sharpe=-0.0565 (folds: 0.1272, 0.0365, -0.1584, 0.0053, -0.2929)
    [trial 15] 48 features, training_days=100 | threshold=0.652 | labels: 1061 long, 1107 short (49/51%)[I 2026-06-01 15:47:19,210] Trial 15 finished with value: -0.0866676938833725 and parameters: {'confidence_threshold': 0.6524082070979322, 'training_days': 100, 'n_estimators': 118, 'max_depth': 4, 'num_leaves': 15, 'learning_rate': 0.016091156515988227, 'subsample': 0.9296279388562269, 'colsample_bytree': 0.6979832181050449, 'min_child_samples': 78, 'reg_alpha': 5.011892081220446e-07, 'reg_lambda': 3.5532501480887757}. Best is trial 0 with value: 0.0228636175236527.
[I 2026-06-01 15:47:19,272] Trial 16 finished with value: -0.16981092360059497 and parameters: {'confidence_threshold': 0.7186656254649124, 'training_days': 60, 'n_estimators': 188, 'max_depth': 3, 'num_leaves': 55, 'learning_rate': 0.030068029613967744, 'subsample': 0.8611574077156765, 'colsample_bytree': 0.6155885267093099, 'min_child_samples': 49, 'reg_alpha': 1.0455682181903117e-08, 'reg_lambda': 0.000616906323817186}. Best is trial 0 with value: 0.0228636175236527.
[I 2026-06-01 15:47:19,331] Trial 17 finished with value: 0.03203911984743257 and parameters: {'confidence_threshold': 0.8079298900393166, 'training_days': 150, 'n_estimators': 95, 'max_depth': 5, 'num_leaves': 44, 'learning_rate': 0.12135785328642616, 'subsample': 0.9591790484743357, 'colsample_bytree': 0.7253977605651538, 'min_child_samples': 99, 'reg_alpha': 2.2977518678789613e-06, 'reg_lambda': 7.371993245205977e-07}. Best is trial 17 with value: 0.03203911984743257.
[I 2026-06-01 15:47:19,596] A new study created in memory with name: no-name-e597f3e7-5209-4a59-9b0c-e681d2c53156
[I 2026-06-01 15:47:19,800] Trial 0 finished with value: -0.13433020793485576 and parameters: {'confidence_threshold': 0.5870645682749857, 'training_days': 90, 'n_estimators': 403, 'max_depth': 5, 'num_leaves': 45, 'learning_rate': 0.0780457193679974, 'subsample': 0.9428509515574568, 'colsample_bytree': 0.8795587339164916, 'min_child_samples': 34, 'reg_alpha': 2.2465901234314442e-07, 'reg_lambda': 8.339007036475363e-05}. Best is trial 0 with value: -0.13433020793485576.
[I 2026-06-01 15:47:19,915] Trial 1 finished with value: -0.04202250857590246 and parameters: {'confidence_threshold': 0.6348453934275313, 'training_days': 290, 'n_estimators': 115, 'max_depth': 5, 'num_leaves': 37, 'learning_rate': 0.06949568759029946, 'subsample': 0.8228505074024268, 'colsample_bytree': 0.8616703220431751, 'min_child_samples': 75, 'reg_alpha': 4.2486822725010923e-07, 'reg_lambda': 1.157247767047042e-07}. Best is trial 1 with value: -0.04202250857590246.
[I 2026-06-01 15:47:19,933] Trial 2 finished with value: 0.011427417407117469 and parameters: {'confidence_threshold': 0.5849570384370288, 'training_days': 10, 'n_estimators': 212, 'max_depth': 3, 'num_leaves': 41, 'learning_rate': 0.18452095998378365, 'subsample': 0.6001060822924371, 'colsample_bytree': 0.5673167293506167, 'min_child_samples': 37, 'reg_alpha': 5.733250064217131, 'reg_lambda': 0.5308454292595461}. Best is trial 2 with value: 0.011427417407117469.
[I 2026-06-01 15:47:20,007] Trial 3 finished with value: 0.012911284743860007 and parameters: {'confidence_threshold': 0.6868248626683718, 'training_days': 220, 'n_estimators': 134, 'max_depth': 3, 'num_leaves': 45, 'learning_rate': 0.033529007907491595, 'subsample': 0.8647277071858408, 'colsample_bytree': 0.778494116634046, 'min_child_samples': 96, 'reg_alpha': 2.409409937265785e-07, 'reg_lambda': 1.1642073478060009}. Best is trial 3 with value: 0.012911284743860007.
[I 2026-06-01 15:47:20,089] Trial 4 finished with value: -0.03477365854803517 and parameters: {'confidence_threshold': 0.5623121348350352, 'training_days': 300, 'n_estimators': 69, 'max_depth': 4, 'num_leaves': 32, 'learning_rate': 0.14967629360700346, 'subsample': 0.5054535233636654, 'colsample_bytree': 0.7401385194659216, 'min_child_samples': 27, 'reg_alpha': 1.4212042567426725e-07, 'reg_lambda': 0.23605753701352003}. Best is trial 3 with value: 0.012911284743860007.
[I 2026-06-01 15:47:20,504] Trial 5 finished with value: -0.07200183570677451 and parameters: {'confidence_threshold': 0.7111850244908446, 'training_days': 490, 'n_estimators': 362, 'max_depth': 5, 'num_leaves': 40, 'learning_rate': 0.05960785724162737, 'subsample': 0.5589714368907717, 'colsample_bytree': 0.6659006943232806, 'min_child_samples': 42, 'reg_alpha': 0.6741360303045295, 'reg_lambda': 6.054601607143087e-08}. Best is trial 3 with value: 0.012911284743860007.
[I 2026-06-01 15:47:20,697] Trial 6 finished with value: -0.0816128238188891 and parameters: {'confidence_threshold': 0.667482545748023, 'training_days': 420, 'n_estimators': 279, 'max_depth': 3, 'num_leaves': 45, 'learning_rate': 0.040099592560849204, 'subsample': 0.8563114696415159, 'colsample_bytree': 0.5442917781944105, 'min_child_samples': 50, 'reg_alpha': 1.6407916423707903e-08, 'reg_lambda': 2.935907642973286e-05}. Best is trial 3 with value: 0.012911284743860007.
[I 2026-06-01 15:47:20,866] Trial 7 finished with value: -0.10975184608687694 and parameters: {'confidence_threshold': 0.5497381024139926, 'training_days': 120, 'n_estimators': 408, 'max_depth': 5, 'num_leaves': 38, 'learning_rate': 0.28049122657745795, 'subsample': 0.8806573338635493, 'colsample_bytree': 0.5454054113547102, 'min_child_samples': 63, 'reg_alpha': 0.01263008637940408, 'reg_lambda': 0.04588020805366937}. Best is trial 3 with value: 0.012911284743860007.
[I 2026-06-01 15:47:21,143] Trial 8 finished with value: -0.06241554622630643 and parameters: {'confidence_threshold': 0.719644804808716, 'training_days': 450, 'n_estimators': 410, 'max_depth': 4, 'num_leaves': 57, 'learning_rate': 0.04022026551478857, 'subsample': 0.5336085426932707, 'colsample_bytree': 0.5705742850577543, 'min_child_samples': 100, 'reg_alpha': 5.916398047912201e-07, 'reg_lambda': 0.9794034214488329}. Best is trial 3 with value: 0.012911284743860007.
[I 2026-06-01 15:47:21,164] Trial 9 finished with value: -6.051290665598315 and parameters: {'confidence_threshold': 0.7267463643917187, 'training_days': 20, 'n_estimators': 337, 'max_depth': 5, 'num_leaves': 23, 'learning_rate': 0.022153031811454605, 'subsample': 0.6305627572358737, 'colsample_bytree': 0.6613413774216214, 'min_child_samples': 81, 'reg_alpha': 5.7638634029410314e-08, 'reg_lambda': 8.26603016764008}. Best is trial 3 with value: 0.012911284743860007.
[I 2026-06-01 15:47:21,268] Trial 10 finished with value: -7.892820972005241 and parameters: {'confidence_threshold': 0.8283920119574972, 'training_days': 200, 'n_estimators': 181, 'max_depth': 3, 'num_leaves': 62, 'learning_rate': 0.011579281028220855, 'subsample': 0.7130289643560688, 'colsample_bytree': 0.9944479338273263, 'min_child_samples': 100, 'reg_alpha': 6.837313901272251e-05, 'reg_lambda': 0.0027253228209330924}. Best is trial 3 with value: 0.012911284743860007.
[I 2026-06-01 15:47:21,300] Trial 11 finished with value: 0.011427417407117469 and parameters: {'confidence_threshold': 0.6197501000344016, 'training_days': 10, 'n_estimators': 189, 'max_depth': 3, 'num_leaves': 52, 'learning_rate': 0.1690988402609865, 'subsample': 0.7420432647590525, 'colsample_bytree': 0.8016610248739169, 'min_child_samples': 57, 'reg_alpha': 4.049659275504419, 'reg_lambda': 0.00647465266809438}. Best is trial 3 with value: 0.012911284743860007.
[I 2026-06-01 15:47:21,447] Trial 12 finished with value: -0.012109364322431431 and parameters: {'confidence_threshold': 0.5145853631584999, 'training_days': 200, 'n_estimators': 198, 'max_depth': 3, 'num_leaves': 25, 'learning_rate': 0.01924681962976845, 'subsample': 0.9912016966112274, 'colsample_bytree': 0.6699726886825281, 'min_child_samples': 21, 'reg_alpha': 6.544213947333556e-05, 'reg_lambda': 8.11725027325067}. Best is trial 3 with value: 0.012911284743860007.
[I 2026-06-01 15:47:21,645] Trial 13 finished with value: -0.048529409722590386 and parameters: {'confidence_threshold': 0.8049870194265122, 'training_days': 350, 'n_estimators': 248, 'max_depth': 4, 'num_leaves': 49, 'learning_rate': 0.11842510796771445, 'subsample': 0.6356215386273887, 'colsample_bytree': 0.7477878654225999, 'min_child_samples': 84, 'reg_alpha': 0.006809563313242477, 'reg_lambda': 0.0618107539226074}. Best is trial 3 with value: 0.012911284743860007.
[I 2026-06-01 15:47:21,835] Trial 14 finished with value: -0.10394214042453438 and parameters: {'confidence_threshold': 0.7723320301796328, 'training_days': 130, 'n_estimators': 500, 'max_depth': 3, 'num_leaves': 17, 'learning_rate': 0.2759676576317377, 'subsample': 0.7851487748866213, 'colsample_bytree': 0.6122042522489387, 'min_child_samples': 67, 'reg_alpha': 1.1551822108194917e-05, 'reg_lambda': 5.604461708154018e-06}. Best is trial 3 with value: 0.012911284743860007.
[I 2026-06-01 15:47:21,937] Trial 15 finished with value: -0.0340106262527392 and parameters: {'confidence_threshold': 0.6672055301249811, 'training_days': 210, 'n_estimators': 120, 'max_depth': 3, 'num_leaves': 31, 'learning_rate': 0.027837053988777765, 'subsample': 0.6512150728280258, 'colsample_bytree': 0.502925720040233, 'min_child_samples': 46, 'reg_alpha': 0.016709908009257986, 'reg_lambda': 0.0013467843257158065}. Best is trial 3 with value: 0.012911284743860007.
[I 2026-06-01 15:47:22,036] Trial 16 finished with value: -0.08766158949787022 and parameters: {'confidence_threshold': 0.6189401841155484, 'training_days': 350, 'n_estimators': 58, 'max_depth': 4, 'num_leaves': 53, 'learning_rate': 0.10282927795456602, 'subsample': 0.9162663396402947, 'colsample_bytree': 0.7986927760777373, 'min_child_samples': 31, 'reg_alpha': 0.22412806315095748, 'reg_lambda': 0.9067908705377224}. Best is trial 3 with value: 0.012911284743860007.
