[I 2026-06-01 15:45:09,671] Trial 10 finished with value: -1.8679708534452444 and parameters: {'confidence_threshold': 0.8445241688507242, 'training_days': 420, 'n_estimators': 494, 'max_depth': 3, 'num_leaves': 30, 'learning_rate': 0.010221918552934462, 'subsample': 0.5019190721168774, 'colsample_bytree': 0.6202684210924141, 'min_child_samples': 45, 'reg_alpha': 1.5494783182896407e-08, 'reg_lambda': 0.018878930586497852}. Best is trial 2 with value: 0.10686139246242601.
[I 2026-06-01 15:45:10,027] Trial 11 finished with value: 0.003880812831113846 and parameters: {'confidence_threshold': 0.5130539202318031, 'training_days': 350, 'n_estimators': 481, 'max_depth': 5, 'num_leaves': 37, 'learning_rate': 0.022038273824583284, 'subsample': 0.6581542700946174, 'colsample_bytree': 0.6778283959364831, 'min_child_samples': 85, 'reg_alpha': 5.52148235930095, 'reg_lambda': 1.0039406094662013e-08}. Best is trial 2 with value: 0.10686139246242601.
[I 2026-06-01 15:45:10,231] Trial 12 finished with value: -0.021134435065041833 and parameters: {'confidence_threshold': 0.6671887204403107, 'training_days': 320, 'n_estimators': 413, 'max_depth': 3, 'num_leaves': 27, 'learning_rate': 0.10262628827337286, 'subsample': 0.92991693404731, 'colsample_bytree': 0.5201164353688423, 'min_child_samples': 100, 'reg_alpha': 0.09015824224036377, 'reg_lambda': 3.0995021474997295e-07}. Best is trial 2 with value: 0.10686139246242601.
[I 2026-06-01 15:45:10,264] Trial 13 finished with value: -0.004875999099556908 and parameters: {'confidence_threshold': 0.7204346383264851, 'training_days': 10, 'n_estimators': 275, 'max_depth': 5, 'num_leaves': 41, 'learning_rate': 0.04317436237981049, 'subsample': 0.6692276593280039, 'colsample_bytree': 0.7082407533656954, 'min_child_samples': 50, 'reg_alpha': 1.7435071068005825e-07, 'reg_lambda': 0.001712203070526367}. Best is trial 2 with value: 0.10686139246242601.
[I 2026-06-01 15:45:10,560] Trial 14 finished with value: 0.06511024365385906 and parameters: {'confidence_threshold': 0.6064803304844418, 'training_days': 490, 'n_estimators': 422, 'max_depth': 4, 'num_leaves': 35, 'learning_rate': 0.010733865484948656, 'subsample': 0.8635188703605282, 'colsample_bytree': 0.7633859154618698, 'min_child_samples': 77, 'reg_alpha': 0.03864170904019258, 'reg_lambda': 1.66052015319664}. Best is trial 2 with value: 0.10686139246242601.
[I 2026-06-01 15:45:10,725] Trial 15 finished with value: -0.004543192533384966 and parameters: {'confidence_threshold': 0.7108269657108626, 'training_days': 310, 'n_estimators': 300, 'max_depth': 5, 'num_leaves': 24, 'learning_rate': 0.1261783111913892, 'subsample': 0.7380920620367895, 'colsample_bytree': 0.6337595094051601, 'min_child_samples': 43, 'reg_alpha': 9.04767116754201, 'reg_lambda': 3.1994240634607435e-07}. Best is trial 2 with value: 0.10686139246242601.
[I 2026-06-01 15:45:10,984] Trial 16 finished with value: 0.035036609468567306 and parameters: {'confidence_threshold': 0.645782951713598, 'training_days': 380, 'n_estimators': 434, 'max_depth': 3, 'num_leaves': 15, 'learning_rate': 0.016539771505126446, 'subsample': 0.6259757956590382, 'colsample_bytree': 0.7584128129121731, 'min_child_samples': 75, 'reg_alpha': 1.6323832176782968e-06, 'reg_lambda': 0.0029561022925160257}. Best is trial 2 with value: 0.10686139246242601.
[I 2026-06-01 15:45:11,186] Trial 17 finished with value: 0.02228334825776086 and parameters: {'confidence_threshold': 0.5617278450091161, 'training_days': 270, 'n_estimators': 233, 'max_depth': 4, 'num_leaves': 46, 'learning_rate': 0.03384621832572817, 'subsample': 0.7450383193201127, 'colsample_bytree': 0.8999265377268035, 'min_child_samples': 54, 'reg_alpha': 0.0001164232451138413, 'reg_lambda': 1.1543785125457142e-06}. Best is trial 2 with value: 0.10686139246242601.
[I 2026-06-01 15:45:11,391] A new study created in memory with name: no-name-073ffe5a-3eb2-487b-8b61-492bd144ee8b
[I 2026-06-01 15:45:11,572] Trial 0 finished with value: -0.0400935025219435 and parameters: {'confidence_threshold': 0.5870645682749857, 'training_days': 90, 'n_estimators': 403, 'max_depth': 5, 'num_leaves': 45, 'learning_rate': 0.0780457193679974, 'subsample': 0.9428509515574568, 'colsample_bytree': 0.8795587339164916, 'min_child_samples': 34, 'reg_alpha': 2.2465901234314442e-07, 'reg_lambda': 8.339007036475363e-05}. Best is trial 0 with value: -0.0400935025219435.
[I 2026-06-01 15:45:11,687] Trial 1 finished with value: -0.015873296422565353 and parameters: {'confidence_threshold': 0.6348453934275313, 'training_days': 290, 'n_estimators': 115, 'max_depth': 5, 'num_leaves': 37, 'learning_rate': 0.06949568759029946, 'subsample': 0.8228505074024268, 'colsample_bytree': 0.8616703220431751, 'min_child_samples': 75, 'reg_alpha': 4.2486822725010923e-07, 'reg_lambda': 1.157247767047042e-07}. Best is trial 1 with value: -0.015873296422565353.

    [trial 1] Sharpe=-3.9530 (folds: -0.1292, -10.0000, -10.0000, -0.3475, 0.7116)
    [trial 2] 48 features, training_days=190 | threshold=0.602 | labels: 1114 long, 1054 short (51/49%)
    [trial 2] Sharpe=-0.0002 (folds: -0.0045, 0.1101, 0.1044, -0.0938, -0.1171)
    [trial 3] 48 features, training_days=490 | threshold=0.832 | labels: 1114 long, 1054 short (51/49%)
    [trial 3] Sharpe=0.0639 (folds: -0.0195, 0.1331, 0.2700, -0.2857, 0.2219)
    [trial 4] 48 features, training_days=340 | threshold=0.591 | labels: 1114 long, 1054 short (51/49%)
    [trial 4] Sharpe=0.0262 (folds: -0.0449, 0.0885, 0.2382, -0.1558, 0.0051)
    [trial 5] 48 features, training_days=50 | threshold=0.823 | labels: 1114 long, 1054 short (51/49%)
    [trial 5] Sharpe=-2.0353 (folds: -10.0000, 0.0392, 0.0708, -0.3598, 0.0731)
    [trial 6] 48 features, training_days=410 | threshold=0.549 | labels: 1114 long, 1054 short (51/49%)
    [trial 6] Sharpe=0.0244 (folds: -0.0096, 0.0623, 0.1945, -0.1223, -0.0029)
    [trial 7] 48 features, training_days=180 | threshold=0.526 | labels: 1114 long, 1054 short (51/49%)
    [trial 7] Sharpe=0.0102 (folds: -0.0425, 0.1118, 0.1609, -0.0430, -0.1361)
    [trial 8] 48 features, training_days=240 | threshold=0.811 | labels: 1114 long, 1054 short (51/49%)
    [trial 8] Sharpe=0.1002 (folds: -0.0264, 0.0782, 0.3614, 0.0111, 0.0767)
    [trial 9] 48 features, training_days=20 | threshold=0.538 | labels: 1114 long, 1054 short (51/49%)
    [trial 9] Sharpe=-1.9641 (folds: 0.0035, 0.0185, -10.0000, 0.1570, 0.0007)
    [trial 10] 48 features, training_days=280 | threshold=0.734 | labels: 1114 long, 1054 short (51/49%)
    [trial 10] Sharpe=0.0385 (folds: -0.0754, 0.1878, 0.1534, -0.2557, 0.1822)
    [trial 11] 48 features, training_days=170 | threshold=0.762 | labels: 1114 long, 1054 short (51/49%)
    [trial 11] Sharpe=-0.0341 (folds: -0.0272, 0.1532, 0.1116, -0.3442, -0.0638)
    [trial 12] 48 features, training_days=270 | threshold=0.768 | labels: 1114 long, 1054 short (51/49%)
    [trial 12] Sharpe=0.0723 (folds: -0.0633, 0.1634, 0.2072, -0.1861, 0.2403)
    [trial 13] 48 features, training_days=280 | threshold=0.736 | labels: 1114 long, 1054 short (51/49%)
    [trial 13] Sharpe=0.0284 (folds: -0.0653, 0.1561, 0.1318, -0.2093, 0.1287)
    [trial 14] 48 features, training_days=120 | threshold=0.787 | labels: 1114 long, 1054 short (51/49%)
    [trial 14] Sharpe=0.0059 (folds: -0.1438, 0.3195, 0.1522, -0.2909, -0.0074)
    [trial 15] 48 features, training_days=340 | threshold=0.690 | labels: 1114 long, 1054 short (51/49%)
    [trial 15] Sharpe=0.1441 (folds: -0.0818, 0.1851, 0.8809, -0.2883, 0.0246)
    [trial 16] 48 features, training_days=350 | threshold=0.685 | labels: 1114 long, 1054 short (51/49%)
    [trial 16] Sharpe=0.1066 (folds: 0.0207, 0.1884, 0.4854, -0.2349, 0.0732)
    [trial 17] 48 features, training_days=360 | threshold=0.677 | labels: 1114 long, 1054 short (51/49%)
    [trial 17] Sharpe=0.1232 (folds: 0.0218, 0.1806, 0.4993, -0.2171, 0.1311)
  Optuna: 18 trials, best Sharpe = 0.1441
  Best params: n_estimators=210, max_depth=5, lr=0.0107, leaves=49
  Best confidence_threshold: 0.690
  Best training_days: 340
  Retrained on full data (1020 samples, 48 features)
  [ensemble 2/3] seed=123
    [trial 0] 48 features, training_days=150 | threshold=0.744 | labels: 1114 long, 1054 short (51/49%)
    [CV fold 0] train_end=2021-04-24 08:00 | val_start=2021-05-02 00:00 | gap=184h (22 rows)
    [CV fold 1] train_end=2021-08-22 16:00 | val_start=2021-08-30 08:00 | gap=184h (22 rows)
    [CV fold 2] train_end=2021-12-21 00:00 | val_start=2021-12-28 16:00 | gap=184h (22 rows)
    [CV fold 3] train_end=2022-04-20 08:00 | val_start=2022-04-28 00:00 | gap=184h (22 rows)
    [CV fold 4] train_end=2022-08-18 16:00 | val_start=2022-08-26 08:00 | gap=184h (22 rows)
    [trial 0] Sharpe=-0.0331 (folds: 0.0060, 0.1575, 0.0546, -0.3576, -0.0261)
    [trial 1] 48 features, training_days=220 | threshold=0.755 | labels: 1114 long, 1054 short (51/49%)
    [trial 1] Sharpe=-3.9634 (folds: -0.0468, -10.0000, 0.3494, -0.1196, -10.0000)
    [trial 2] 48 features, training_days=310 | threshold=0.754 | labels: 1114 long, 1054 short (51/49%)
    [trial 2] Sharpe=0.1069 (folds: -0.0003, 0.3164, 0.3888, -0.3067, 0.1360)
    [trial 3] 48 features, training_days=220 | threshold=0.673 | labels: 1114 long, 1054 short (51/49%)
    [trial 3] Sharpe=0.0743 (folds: -0.0888, 0.1762, 0.2055, -0.0730, 0.1518)
    [trial 4] 48 features, training_days=130 | threshold=0.803 | labels: 1114 long, 1054 short (51/49%)
    [trial 4] Sharpe=-0.0306 (folds: -0.0184, 0.1703, 0.0255, -0.3560, 0.0256)
    [trial 5] 48 features, training_days=210 | threshold=0.606 | labels: 1114 long, 1054 short (51/49%)
    [trial 5] Sharpe=0.0760 (folds: 0.0622, 0.1840, 0.1642, -0.0810, 0.0506)
    [trial 6] 48 features, training_days=130 | threshold=0.767 | labels: 1114 long, 1054 short (51/49%)
    [trial 6] Sharpe=-0.0082 (folds: -0.0245, 0.1645, 0.1031, -0.2961, 0.0119)
    [trial 7] 48 features, training_days=80 | threshold=0.556 | labels: 1114 long, 1054 short (51/49%)
    [trial 7] Sharpe=-0.0743 (folds: 0.1511, 0.0501, -0.0989, -0.4472, -0.0268)
    [trial 8] 48 features, training_days=200 | threshold=0.607 | labels: 1114 long, 1054 short (51/49%)
    [trial 8] Sharpe=0.0491 (folds: -0.0683, 0.1259, 0.2562, -0.0610, -0.0073)
    [trial 9] 48 features, training_days=260 | threshold=0.620 | labels: 1114 long, 1054 short (51/49%)
    [trial 9] Sharpe=0.0662 (folds: 0.0026, 0.1137, 0.2414, -0.0777, 0.0510)
    [trial 10] 48 features, training_days=420 | threshold=0.845 | labels: 1114 long, 1054 short (51/49%)
    [trial 10] Sharpe=-1.8680 (folds: -0.1224, 0.5969, -10.0000, -0.3551, 0.5407)
    [trial 11] 48 features, training_days=350 | threshold=0.513 | labels: 1114 long, 1054 short (51/49%)
    [trial 11] Sharpe=0.0039 (folds: -0.0433, 0.0993, 0.1924, -0.2684, 0.0393)
    [trial 12] 48 features, training_days=320 | threshold=0.667 | labels: 1114 long, 1054 short (51/49%)
    [trial 12] Sharpe=-0.0211 (folds: 0.0211, 0.1237, 0.0507, -0.3042, 0.0031)
    [trial 13] 48 features, training_days=10 | threshold=0.720 | labels: 1114 long, 1054 short (51/49%)
    [trial 13] Sharpe=-0.0049 (folds: -0.0248, -0.0891, -0.0682, 0.1570, 0.0007)
    [trial 14] 48 features, training_days=490 | threshold=0.606 | labels: 1114 long, 1054 short (51/49%)
    [trial 14] Sharpe=0.0651 (folds: -0.0216, 0.1441, 0.3105, -0.1339, 0.0264)
    [trial 15] 48 features, training_days=310 | threshold=0.711 | labels: 1114 long, 1054 short (51/49%)
    [trial 15] Sharpe=-0.0045 (folds: 0.0021, 0.1953, 0.1516, -0.3561, -0.0157)
    [trial 16] 48 features, training_days=380 | threshold=0.646 | labels: 1114 long, 1054 short (51/49%)
    [trial 16] Sharpe=0.0350 (folds: -0.0141, 0.1131, 0.3173, -0.2474, 0.0063)
    [trial 17] 48 features, training_days=270 | threshold=0.562 | labels: 1114 long, 1054 short (51/49%)
    [trial 17] Sharpe=0.0223 (folds: 0.0008, 0.0838, 0.2094, -0.0888, -0.0937)
  Optuna: 18 trials, best Sharpe = 0.1069
  Best params: n_estimators=375, max_depth=3, lr=0.0217, leaves=32
  Best confidence_threshold: 0.754
  Best training_days: 310
  Retrained on full data (930 samples, 48 features)
  [ensemble 3/3] seed=456
    [trial 0] 48 features, training_days=90 | threshold=0.587 | labels: 1114 long, 1054 short (51/49%)
    [CV fold 0] train_end=2021-04-24 08:00 | val_start=2021-05-02 00:00 | gap=184h (22 rows)
    [CV fold 1] train_end=2021-08-22 16:00 | val_start=2021-08-30 08:00 | gap=184h (22 rows)
    [CV fold 2] train_end=2021-12-21 00:00 | val_start=2021-12-28 16:00 | gap=184h (22 rows)
    [CV fold 3] train_end=2022-04-20 08:00 | val_start=2022-04-28 00:00 | gap=184h (22 rows)
    [CV fold 4] train_end=2022-08-18 16:00 | val_start=2022-08-26 08:00 | gap=184h (22 rows)
    [trial 0] Sharpe=-0.0401 (folds: -0.0039, 0.2180, -0.0183, -0.3094, -0.0869)
    [trial 1] 48 features, training_days=290 | threshold=0.635 | labels: 1114 long, 1054 short (51/49%)
    [trial 1] Sharpe=-0.0159 (folds: -0.0040, 0.1409, 0.1085, -0.2257, -0.0990)
    [trial 2] 48 features, training_days=10 | threshold=0.585 | labels: 1114 long, 1054 short (51/49%)[I 2026-06-01 15:45:11,713] Trial 2 finished with value: -0.004875999099556908 and parameters: {'confidence_threshold': 0.5849570384370288, 'training_days': 10, 'n_estimators': 212, 'max_depth': 3, 'num_leaves': 41, 'learning_rate': 0.18452095998378365, 'subsample': 0.6001060822924371, 'colsample_bytree': 0.5673167293506167, 'min_child_samples': 37, 'reg_alpha': 5.733250064217131, 'reg_lambda': 0.5308454292595461}. Best is trial 2 with value: -0.004875999099556908.
[I 2026-06-01 15:45:11,795] Trial 3 finished with value: 0.038947251146186045 and parameters: {'confidence_threshold': 0.6868248626683718, 'training_days': 220, 'n_estimators': 134, 'max_depth': 3, 'num_leaves': 45, 'learning_rate': 0.033529007907491595, 'subsample': 0.8647277071858408, 'colsample_bytree': 0.778494116634046, 'min_child_samples': 96, 'reg_alpha': 2.409409937265785e-07, 'reg_lambda': 1.1642073478060009}. Best is trial 3 with value: 0.038947251146186045.
[I 2026-06-01 15:45:11,882] Trial 4 finished with value: 0.006659104860597817 and parameters: {'confidence_threshold': 0.5623121348350352, 'training_days': 300, 'n_estimators': 69, 'max_depth': 4, 'num_leaves': 32, 'learning_rate': 0.14967629360700346, 'subsample': 0.5054535233636654, 'colsample_bytree': 0.7401385194659216, 'min_child_samples': 27, 'reg_alpha': 1.4212042567426725e-07, 'reg_lambda': 0.23605753701352003}. Best is trial 3 with value: 0.038947251146186045.
[I 2026-06-01 15:45:12,285] Trial 5 finished with value: 0.04825566906644121 and parameters: {'confidence_threshold': 0.7111850244908446, 'training_days': 490, 'n_estimators': 362, 'max_depth': 5, 'num_leaves': 40, 'learning_rate': 0.05960785724162737, 'subsample': 0.5589714368907717, 'colsample_bytree': 0.6659006943232806, 'min_child_samples': 42, 'reg_alpha': 0.6741360303045295, 'reg_lambda': 6.054601607143087e-08}. Best is trial 5 with value: 0.04825566906644121.
[I 2026-06-01 15:45:12,455] Trial 6 finished with value: 0.07671464226419025 and parameters: {'confidence_threshold': 0.667482545748023, 'training_days': 420, 'n_estimators': 279, 'max_depth': 3, 'num_leaves': 45, 'learning_rate': 0.040099592560849204, 'subsample': 0.8563114696415159, 'colsample_bytree': 0.5442917781944105, 'min_child_samples': 50, 'reg_alpha': 1.6407916423707903e-08, 'reg_lambda': 2.935907642973286e-05}. Best is trial 6 with value: 0.07671464226419025.
[I 2026-06-01 15:45:12,604] Trial 7 finished with value: -0.004513360500879226 and parameters: {'confidence_threshold': 0.5497381024139926, 'training_days': 120, 'n_estimators': 408, 'max_depth': 5, 'num_leaves': 38, 'learning_rate': 0.28049122657745795, 'subsample': 0.8806573338635493, 'colsample_bytree': 0.5454054113547102, 'min_child_samples': 63, 'reg_alpha': 0.01263008637940408, 'reg_lambda': 0.04588020805366937}. Best is trial 6 with value: 0.07671464226419025.
[I 2026-06-01 15:45:12,852] Trial 8 finished with value: 0.009414855197767002 and parameters: {'confidence_threshold': 0.719644804808716, 'training_days': 450, 'n_estimators': 410, 'max_depth': 4, 'num_leaves': 57, 'learning_rate': 0.04022026551478857, 'subsample': 0.5336085426932707, 'colsample_bytree': 0.5705742850577543, 'min_child_samples': 100, 'reg_alpha': 5.916398047912201e-07, 'reg_lambda': 0.9794034214488329}. Best is trial 6 with value: 0.07671464226419025.
[I 2026-06-01 15:45:12,872] Trial 9 finished with value: -10.0 and parameters: {'confidence_threshold': 0.7267463643917187, 'training_days': 20, 'n_estimators': 337, 'max_depth': 5, 'num_leaves': 23, 'learning_rate': 0.022153031811454605, 'subsample': 0.6305627572358737, 'colsample_bytree': 0.6613413774216214, 'min_child_samples': 81, 'reg_alpha': 5.7638634029410314e-08, 'reg_lambda': 8.26603016764008}. Best is trial 6 with value: 0.07671464226419025.
[I 2026-06-01 15:45:13,048] Trial 10 finished with value: -3.9158385240815035 and parameters: {'confidence_threshold': 0.8283920119574972, 'training_days': 400, 'n_estimators': 240, 'max_depth': 3, 'num_leaves': 62, 'learning_rate': 0.011921022686883517, 'subsample': 0.7130289643560688, 'colsample_bytree': 0.9944479338273263, 'min_child_samples': 54, 'reg_alpha': 6.837313901272251e-05, 'reg_lambda': 2.741063772648371e-05}. Best is trial 6 with value: 0.07671464226419025.
[I 2026-06-01 15:45:13,303] Trial 11 finished with value: 0.09366171201908532 and parameters: {'confidence_threshold': 0.7920556438876994, 'training_days': 500, 'n_estimators': 302, 'max_depth': 4, 'num_leaves': 52, 'learning_rate': 0.0222741777320615, 'subsample': 0.7368222945528539, 'colsample_bytree': 0.5017024210185925, 'min_child_samples': 49, 'reg_alpha': 6.49360670953883, 'reg_lambda': 4.7635623480183335e-08}. Best is trial 11 with value: 0.09366171201908532.
[I 2026-06-01 15:45:13,645] Trial 12 finished with value: 0.13036500175823357 and parameters: {'confidence_threshold': 0.8016884727846801, 'training_days': 380, 'n_estimators': 490, 'max_depth': 4, 'num_leaves': 53, 'learning_rate': 0.015793572120547012, 'subsample': 0.7442931454776957, 'colsample_bytree': 0.5170921355329543, 'min_child_samples': 55, 'reg_alpha': 0.00010777713263710949, 'reg_lambda': 2.6568409844476672e-06}. Best is trial 12 with value: 0.13036500175823357.
[I 2026-06-01 15:45:13,974] Trial 13 finished with value: -1.9113397293277632 and parameters: {'confidence_threshold': 0.820716554701408, 'training_days': 380, 'n_estimators': 495, 'max_depth': 4, 'num_leaves': 55, 'learning_rate': 0.01058841548475233, 'subsample': 0.7263587074487657, 'colsample_bytree': 0.505864839589866, 'min_child_samples': 65, 'reg_alpha': 0.00011097355511232661, 'reg_lambda': 1.8799948266058237e-06}. Best is trial 12 with value: 0.13036500175823357.
[I 2026-06-01 15:45:14,440] Trial 14 finished with value: 0.10008498858535766 and parameters: {'confidence_threshold': 0.7757851465524135, 'training_days': 350, 'n_estimators': 500, 'max_depth': 4, 'num_leaves': 51, 'learning_rate': 0.01891640842364569, 'subsample': 0.6736275828802945, 'colsample_bytree': 0.6487664350381689, 'min_child_samples': 22, 'reg_alpha': 0.0042502121547692215, 'reg_lambda': 1.5073155230348153e-08}. Best is trial 12 with value: 0.13036500175823357.
[I 2026-06-01 15:45:14,885] Trial 15 finished with value: 0.05836211996456401 and parameters: {'confidence_threshold': 0.7752232328884421, 'training_days': 330, 'n_estimators': 488, 'max_depth': 4, 'num_leaves': 51, 'learning_rate': 0.01717359938737243, 'subsample': 0.6576901929327024, 'colsample_bytree': 0.6449449930063639, 'min_child_samples': 22, 'reg_alpha': 0.0037453827324635787, 'reg_lambda': 0.0026406526000485684}. Best is trial 12 with value: 0.13036500175823357.
[I 2026-06-01 15:45:15,276] Trial 16 finished with value: 0.13710009130925002 and parameters: {'confidence_threshold': 0.7690761921161736, 'training_days': 230, 'n_estimators': 465, 'max_depth': 4, 'num_leaves': 60, 'learning_rate': 0.017349841039933374, 'subsample': 0.7893760267333654, 'colsample_bytree': 0.6157254839800724, 'min_child_samples': 20, 'reg_alpha': 0.0016048625190350572, 'reg_lambda': 1.3971734581338986e-06}. Best is trial 16 with value: 0.13710009130925002.
