[I 2026-06-01 15:44:33,254] Trial 2 finished with value: 0.025734613937698592 and parameters: {'confidence_threshold': 0.6022506269873263, 'training_days': 190, 'n_estimators': 255, 'max_depth': 5, 'num_leaves': 24, 'learning_rate': 0.05748924681991978, 'subsample': 0.7962072844310213, 'colsample_bytree': 0.5232252063599989, 'min_child_samples': 69, 'reg_alpha': 3.425445902633376e-07, 'reg_lambda': 3.850031979199519e-08}. Best is trial 2 with value: 0.025734613937698592.

    [trial 8] 48 features, training_days=450 | threshold=0.720 | labels: 1160 long, 1008 short (54/46%)
    [trial 8] Sharpe=-0.0082 (folds: -0.1256, -0.0594, 0.1681, 0.3523, -0.3762)
    [trial 9] 48 features, training_days=20 | threshold=0.727 | labels: 1160 long, 1008 short (54/46%)
    [trial 9] Sharpe=-10.0000 (folds: -10.0000, -10.0000, -10.0000, -10.0000, -10.0000)
    [trial 10] 48 features, training_days=400 | threshold=0.828 | labels: 1160 long, 1008 short (54/46%)
    [trial 10] Sharpe=-2.0709 (folds: -0.0777, -0.1318, -0.0623, -10.0000, -0.0828)
    [trial 11] 48 features, training_days=170 | threshold=0.538 | labels: 1160 long, 1008 short (54/46%)
    [trial 11] Sharpe=-0.0736 (folds: -0.0241, -0.1304, 0.0382, 0.0777, -0.3295)
    [trial 12] 48 features, training_days=360 | threshold=0.515 | labels: 1160 long, 1008 short (54/46%)
    [trial 12] Sharpe=-0.0444 (folds: -0.0416, -0.0709, 0.1055, 0.0982, -0.3133)
    [trial 13] 48 features, training_days=140 | threshold=0.801 | labels: 1160 long, 1008 short (54/46%)
    [trial 13] Sharpe=-0.1061 (folds: -0.1425, -0.0804, 0.1603, -0.0633, -0.4047)
    [trial 14] 48 features, training_days=210 | threshold=0.639 | labels: 1160 long, 1008 short (54/46%)
    [trial 14] Sharpe=0.0168 (folds: -0.0024, -0.1502, 0.1617, 0.1922, -0.1173)
    [trial 15] 48 features, training_days=370 | threshold=0.759 | labels: 1160 long, 1008 short (54/46%)
    [trial 15] Sharpe=0.0195 (folds: -0.0509, -0.0481, 0.1622, 0.3412, -0.3069)
    [trial 16] 48 features, training_days=370 | threshold=0.764 | labels: 1160 long, 1008 short (54/46%)
    [trial 16] Sharpe=-0.0092 (folds: -0.1027, -0.1343, 0.1778, 0.3716, -0.3584)
    [trial 17] 48 features, training_days=430 | threshold=0.760 | labels: 1160 long, 1008 short (54/46%)
    [trial 17] Sharpe=0.0430 (folds: -0.1368, -0.1015, 0.2035, 0.5901, -0.3405)
  Optuna: 18 trials, best Sharpe = 0.0430
  Best params: n_estimators=159, max_depth=3, lr=0.0934, leaves=20
  Best confidence_threshold: 0.760
  Best training_days: 430
  Retrained on full data (1290 samples, 48 features)
  OOD: 16 features, cutoff (q=0.7) = 14.17
  Model trained for 2022-09: 90 test candles with features, confidence_threshold=0.669
[predict] 2022-09-06 08:00 ETHUSDT → LONG (proba=0.67 TP=11.2%/SL=5.6%)
[trade:open] 2022-09-06 15:59 ETHUSDT LONG @ 1668.69 | SL=1575.27 TP=1855.52 | timeout=2022-09-13 15:59
[trade:close] 2022-09-06 23:59 ETHUSDT LONG → stop_loss @ 1575.27 | PnL=-5.60% (net -5.70%) | cum=+25.53% 2022-09=-5.70% 2022-09-06=-5.70%
[predict] 2022-09-07 16:00 ETHUSDT → SHORT (proba=0.84 TP=14.3%/SL=7.1%)
[trade:open] 2022-09-07 23:59 ETHUSDT SHORT @ 1629.35 | SL=1745.44 TP=1397.16 | timeout=2022-09-14 23:59
[trade:close] 2022-09-09 15:59 ETHUSDT SHORT → stop_loss @ 1745.44 | PnL=-7.13% (net -7.23%) | cum=+18.30% 2022-09=-12.92% 2022-09-09=-7.23%
[predict] 2022-09-10 08:00 ETHUSDT → SHORT (proba=0.85 TP=11.8%/SL=5.9%)
[trade:open] 2022-09-10 15:59 ETHUSDT SHORT @ 1714.50 | SL=1815.82 TP=1511.87 | timeout=2022-09-17 15:59
[trade:close] 2022-09-15 15:59 ETHUSDT SHORT → take_profit @ 1511.87 | PnL=+11.82% (net +11.72%) | cum=+30.02% 2022-09=-1.20% 2022-09-15=+11.72%
[predict] 2022-09-16 08:00 ETHUSDT → SHORT (proba=0.73 TP=17.8%/SL=8.9%)
[trade:open] 2022-09-16 15:59 ETHUSDT SHORT @ 1451.69 | SL=1581.12 TP=1192.83 | timeout=2022-09-23 15:59
[trade:close] 2022-09-23 16:00 ETHUSDT SHORT → timeout @ 1293.19 | PnL=+10.92% (net +10.82%) | cum=+40.84% 2022-09=+9.61% 2022-09-23=+10.82%
[predict] 2022-09-26 08:00 ETHUSDT → SHORT (proba=0.76 TP=14.0%/SL=7.0%)
[trade:open] 2022-09-26 15:59 ETHUSDT SHORT @ 1324.28 | SL=1417.08 TP=1138.67 | timeout=2022-10-03 15:59
[lgbm] === Training for 2022-10 ===
  Train window: 2020-10-01 → 2022-09-23
  2168 training samples from 1 symbols
  Samples per month: 2020-10: 93, 2020-11: 90, 2020-12: 93, 2021-01: 93, 2021-02: 84, 2021-03: 93, 2021-04: 90, 2021-05: 93, 2021-06: 90, 2021-07: 93, 2021-08: 93, 2021-09: 90, 2021-10: 93, 2021-11: 90, 2021-12: 93, 2022-01: 93, 2022-02: 84, 2022-03: 93, 2022-04: 90, 2022-05: 93, 2022-06: 90, 2022-07: 93, 2022-08: 93, 2022-09: 68
  [label] 2020-12-01 16:00 ETHUSDT entry=585.9800 → SHORT | long=timeout(-5.36%) short=timeout(+5.16%) | scanned=22 | no_tp→fwd_return=-5.2579
  [label] 2020-12-03 16:00 ETHUSDT entry=616.2000 → SHORT | long=sl(-7.35%) short=timeout(+9.07%) | scanned=22 | no_tp→fwd_return=-9.1675
  [label] 2020-12-07 16:00 ETHUSDT entry=591.8400 → SHORT | long=sl(-5.74%) short=timeout(+0.83%) | scanned=22 | no_tp→fwd_return=-0.9310
  [label] 2021-01-01 08:00 ETHUSDT entry=736.0600 → LONG | long=tp(+13.85%) short=sl(-7.07%) | scanned=6 | long_tp_only
  [label] 2021-02-22 16:00 ETHUSDT entry=1778.3000 → SHORT | long=sl(-11.09%) short=tp(+21.88%) | scanned=2 | short_tp_only
  [label] 2021-08-07 16:00 ETHUSDT entry=3163.2600 → LONG | long=sl(-7.62%) short=timeout(-3.36%) | scanned=22 | no_tp→fwd_return=+3.2577
  [label] 2021-08-11 16:00 ETHUSDT entry=3161.5200 → SHORT | long=timeout(-4.76%) short=timeout(+4.56%) | scanned=22 | no_tp→fwd_return=-4.6582
  [label] 2021-08-22 08:00 ETHUSDT entry=3181.8500 → LONG | long=timeout(+0.09%) short=sl(-5.97%) | scanned=22 | no_tp→fwd_return=+0.1854
  [label] 2021-10-06 08:00 ETHUSDT entry=3617.8300 → SHORT | long=sl(-6.53%) short=timeout(+3.51%) | scanned=22 | no_tp→fwd_return=-3.6129
  [label] 2021-10-14 16:00 ETHUSDT entry=3794.1900 → LONG | long=tp(+10.97%) short=sl(-5.63%) | scanned=19 | long_tp_only
  [label] 2022-01-13 00:00 ETHUSDT entry=3339.7100 → SHORT | long=sl(-6.13%) short=timeout(+5.94%) | scanned=22 | no_tp→fwd_return=-6.0394
  [label] 2022-02-14 00:00 ETHUSDT entry=2881.4800 → SHORT | long=sl(-6.38%) short=sl(-6.38%) | scanned=16 | no_tp→fwd_return=-4.7531
  [label] 2022-03-02 00:00 ETHUSDT entry=2968.4300 → SHORT | long=sl(-8.61%) short=tp(+16.93%) | scanned=17 | short_tp_only
  [label] 2022-03-14 16:00 ETHUSDT entry=2588.9600 → LONG | long=tp(+11.13%) short=sl(-5.72%) | scanned=11 | long_tp_only
  [label] 2022-04-02 08:00 ETHUSDT entry=3459.9700 → SHORT | long=sl(-4.78%) short=timeout(+7.17%) | scanned=22 | no_tp→fwd_return=-7.2671
  [label] 2022-04-08 16:00 ETHUSDT entry=3191.2600 → SHORT | long=sl(-5.44%) short=timeout(+4.67%) | scanned=22 | no_tp→fwd_return=-4.7652
  [label] 2022-04-21 00:00 ETHUSDT entry=3098.9800 → SHORT | long=sl(-4.34%) short=tp(+8.38%) | scanned=12 | short_tp_only
  [label] 2022-05-30 08:00 ETHUSDT entry=1911.7100 → SHORT | long=sl(-6.58%) short=timeout(+1.25%) | scanned=22 | no_tp→fwd_return=-1.3496
  [label] 2022-06-09 08:00 ETHUSDT entry=1798.3300 → SHORT | long=sl(-6.22%) short=tp(+12.15%) | scanned=6 | short_tp_only
  [label] 2022-09-03 08:00 ETHUSDT entry=1547.7700 → LONG | long=timeout(+10.67%) short=sl(-7.38%) | scanned=22 | no_tp→fwd_return=+10.7723
  Labels: 1169 long (53.9%), 999 short (46.1%) | weights: min=1.00, mean=3.41, max=10.00
  Features: 2168/2168 matched, 48 columns
  CV gap: 22 rows
  [ensemble 1/3] seed=42
    [trial 0] 48 features, training_days=480 | threshold=0.631 | labels: 1169 long, 999 short (54/46%)
    [CV fold 0] train_end=2021-01-22 08:00 | val_start=2021-01-30 00:00 | gap=184h (22 rows)
    [CV fold 1] train_end=2021-05-22 16:00 | val_start=2021-05-30 08:00 | gap=184h (22 rows)
    [CV fold 2] train_end=2021-09-20 00:00 | val_start=2021-09-27 16:00 | gap=184h (22 rows)
    [CV fold 3] train_end=2022-01-18 08:00 | val_start=2022-01-26 00:00 | gap=184h (22 rows)
    [CV fold 4] train_end=2022-05-18 16:00 | val_start=2022-05-26 08:00 | gap=184h (22 rows)
    [trial 0] Sharpe=-0.0250 (folds: 0.1043, -0.1707, -0.0776, 0.0796, -0.0605)
    [trial 1] 48 features, training_days=420 | threshold=0.839 | labels: 1169 long, 999 short (54/46%)
    [trial 1] Sharpe=-3.9887 (folds: 0.2482, -0.1692, -10.0000, -10.0000, -0.0227)
    [trial 2] 48 features, training_days=190 | threshold=0.602 | labels: 1169 long, 999 short (54/46%)
    [trial 2] Sharpe=0.0257 (folds: 0.0652, -0.1056, 0.0726, 0.0550, 0.0414)
    [trial 3] 48 features, training_days=490 | threshold=0.832 | labels: 1169 long, 999 short (54/46%)
    [trial 3] Sharpe=-0.0077 (folds: 0.1002, -0.1980, -0.0131, 0.1964, -0.1239)[I 2026-06-01 15:44:33,508] Trial 3 finished with value: -0.007672003301053804 and parameters: {'confidence_threshold': 0.8321099380386666, 'training_days': 490, 'n_estimators': 414, 'max_depth': 3, 'num_leaves': 19, 'learning_rate': 0.1024932221692416, 'subsample': 0.7200762468698007, 'colsample_bytree': 0.5610191174223894, 'min_child_samples': 60, 'reg_alpha': 2.039373116525212e-08, 'reg_lambda': 1.527156759251193}. Best is trial 2 with value: 0.025734613937698592.
[I 2026-06-01 15:44:33,641] Trial 4 finished with value: -0.027363794772107326 and parameters: {'confidence_threshold': 0.5905729935600059, 'training_days': 340, 'n_estimators': 190, 'max_depth': 4, 'num_leaves': 41, 'learning_rate': 0.01875220945578641, 'subsample': 0.9847923138822793, 'colsample_bytree': 0.8875664116805573, 'min_child_samples': 96, 'reg_alpha': 1.1309571585271483, 'reg_lambda': 0.002404915432737351}. Best is trial 2 with value: 0.025734613937698592.
[I 2026-06-01 15:44:33,688] Trial 5 finished with value: 0.07660450040754166 and parameters: {'confidence_threshold': 0.8226559822580909, 'training_days': 50, 'n_estimators': 138, 'max_depth': 3, 'num_leaves': 30, 'learning_rate': 0.03750796359625606, 'subsample': 0.6356745158869479, 'colsample_bytree': 0.9143687545759647, 'min_child_samples': 48, 'reg_alpha': 3.376063348877853e-06, 'reg_lambda': 0.0007660634613082914}. Best is trial 5 with value: 0.07660450040754166.
[I 2026-06-01 15:44:33,789] Trial 6 finished with value: 0.050365676621899724 and parameters: {'confidence_threshold': 0.5493234787411669, 'training_days': 410, 'n_estimators': 83, 'max_depth': 5, 'num_leaves': 52, 'learning_rate': 0.019657448966046126, 'subsample': 0.5027610585618012, 'colsample_bytree': 0.9077307142274171, 'min_child_samples': 77, 'reg_alpha': 0.03639690979811287, 'reg_lambda': 0.08738424135626986}. Best is trial 5 with value: 0.07660450040754166.
[I 2026-06-01 15:44:33,872] Trial 7 finished with value: 0.03269315770605849 and parameters: {'confidence_threshold': 0.5259156281069316, 'training_days': 180, 'n_estimators': 102, 'max_depth': 5, 'num_leaves': 45, 'learning_rate': 0.030816017044468066, 'subsample': 0.5317791751430119, 'colsample_bytree': 0.6554911608578311, 'min_child_samples': 46, 'reg_alpha': 0.036851536911881845, 'reg_lambda': 0.005470376807480391}. Best is trial 5 with value: 0.07660450040754166.
[I 2026-06-01 15:44:33,961] Trial 8 finished with value: 0.10829556951000516 and parameters: {'confidence_threshold': 0.8105244599017143, 'training_days': 240, 'n_estimators': 103, 'max_depth': 5, 'num_leaves': 52, 'learning_rate': 0.06746437142284309, 'subsample': 0.8854835899772805, 'colsample_bytree': 0.7468977981821954, 'min_child_samples': 62, 'reg_alpha': 7.04480806377519e-05, 'reg_lambda': 1.6934490731313353e-08}. Best is trial 8 with value: 0.10829556951000516.
[I 2026-06-01 15:44:33,981] Trial 9 finished with value: -1.9937893414925594 and parameters: {'confidence_threshold': 0.5377619994476566, 'training_days': 20, 'n_estimators': 337, 'max_depth': 3, 'num_leaves': 39, 'learning_rate': 0.21907142272152816, 'subsample': 0.6246461145744375, 'colsample_bytree': 0.7051914615178149, 'min_child_samples': 81, 'reg_alpha': 1.1459970229341322e-06, 'reg_lambda': 4.929685216887945e-08}. Best is trial 8 with value: 0.10829556951000516.
[I 2026-06-01 15:44:34,499] Trial 10 finished with value: -0.004124893907007765 and parameters: {'confidence_threshold': 0.734042426776949, 'training_days': 280, 'n_estimators': 487, 'max_depth': 5, 'num_leaves': 62, 'learning_rate': 0.10432148521337849, 'subsample': 0.9416850669512905, 'colsample_bytree': 0.8120417635861826, 'min_child_samples': 27, 'reg_alpha': 7.238112263003475e-05, 'reg_lambda': 3.3639426888455256e-06}. Best is trial 8 with value: 0.10829556951000516.
[I 2026-06-01 15:44:34,527] Trial 11 finished with value: -6.01202971827268 and parameters: {'confidence_threshold': 0.7615879655568232, 'training_days': 20, 'n_estimators': 212, 'max_depth': 4, 'num_leaves': 33, 'learning_rate': 0.061519626256430725, 'subsample': 0.8696252151616218, 'colsample_bytree': 0.8131245566687184, 'min_child_samples': 51, 'reg_alpha': 3.9063190689761285e-05, 'reg_lambda': 1.7775498934647403e-05}. Best is trial 8 with value: 0.10829556951000516.
[I 2026-06-01 15:44:34,584] Trial 12 finished with value: 0.03176629014133943 and parameters: {'confidence_threshold': 0.7683435244955696, 'training_days': 140, 'n_estimators': 59, 'max_depth': 3, 'num_leaves': 54, 'learning_rate': 0.03869752912015806, 'subsample': 0.6551512766854299, 'colsample_bytree': 0.995657538673677, 'min_child_samples': 30, 'reg_alpha': 3.7913577838145125e-06, 'reg_lambda': 0.00010582050771147222}. Best is trial 8 with value: 0.10829556951000516.
[I 2026-06-01 15:44:34,681] Trial 13 finished with value: 0.02688169095224744 and parameters: {'confidence_threshold': 0.694422166807498, 'training_days': 110, 'n_estimators': 151, 'max_depth': 4, 'num_leaves': 29, 'learning_rate': 0.1061433197798566, 'subsample': 0.8667220734686187, 'colsample_bytree': 0.8145498460271587, 'min_child_samples': 38, 'reg_alpha': 0.0004740159869111642, 'reg_lambda': 3.4757862173186272e-06}. Best is trial 8 with value: 0.10829556951000516.
[I 2026-06-01 15:44:34,858] Trial 14 finished with value: 0.025886812105274482 and parameters: {'confidence_threshold': 0.8099518327374607, 'training_days': 240, 'n_estimators': 277, 'max_depth': 4, 'num_leaves': 48, 'learning_rate': 0.18426556827635313, 'subsample': 0.6334518760377763, 'colsample_bytree': 0.6257061141687481, 'min_child_samples': 55, 'reg_alpha': 3.770845974254184e-08, 'reg_lambda': 0.0006284807489164356}. Best is trial 8 with value: 0.10829556951000516.
[I 2026-06-01 15:44:34,937] Trial 15 finished with value: -0.16431017447946356 and parameters: {'confidence_threshold': 0.7897255408101392, 'training_days': 70, 'n_estimators': 141, 'max_depth': 5, 'num_leaves': 61, 'learning_rate': 0.010359623362260938, 'subsample': 0.8408939904201858, 'colsample_bytree': 0.7688863617704711, 'min_child_samples': 21, 'reg_alpha': 2.492303987055042e-06, 'reg_lambda': 0.05951087746838391}. Best is trial 8 with value: 0.10829556951000516.
[I 2026-06-01 15:44:35,086] Trial 16 finished with value: -0.013061956614632955 and parameters: {'confidence_threshold': 0.7081053312610146, 'training_days': 310, 'n_estimators': 220, 'max_depth': 3, 'num_leaves': 33, 'learning_rate': 0.0742708334836405, 'subsample': 0.7031091979423141, 'colsample_bytree': 0.9826162589395974, 'min_child_samples': 62, 'reg_alpha': 3.528959981551033e-05, 'reg_lambda': 9.467717891328863e-05}. Best is trial 8 with value: 0.10829556951000516.
[I 2026-06-01 15:44:35,160] Trial 17 finished with value: 0.02786639823070165 and parameters: {'confidence_threshold': 0.6638080805792761, 'training_days': 200, 'n_estimators': 110, 'max_depth': 4, 'num_leaves': 36, 'learning_rate': 0.04302553031342478, 'subsample': 0.5915866025419536, 'colsample_bytree': 0.8673698743677226, 'min_child_samples': 87, 'reg_alpha': 0.0005961727498011812, 'reg_lambda': 6.880925840516315e-07}. Best is trial 8 with value: 0.10829556951000516.
[I 2026-06-01 15:44:35,292] A new study created in memory with name: no-name-6062741f-da2a-4bf2-b7fa-a2c8811aab81
[I 2026-06-01 15:44:35,382] Trial 0 finished with value: 0.017554843250457343 and parameters: {'confidence_threshold': 0.7437642149592516, 'training_days': 150, 'n_estimators': 152, 'max_depth': 4, 'num_leaves': 50, 'learning_rate': 0.04216766425047743, 'subsample': 0.9903820991923078, 'colsample_bytree': 0.8424148692924316, 'min_child_samples': 58, 'reg_alpha': 3.381097259762742e-05, 'reg_lambda': 1.2263152961306247e-05}. Best is trial 0 with value: 0.017554843250457343.
[I 2026-06-01 15:44:35,444] Trial 1 finished with value: -1.8064104148637186 and parameters: {'confidence_threshold': 0.7551673975844145, 'training_days': 220, 'n_estimators': 76, 'max_depth': 4, 'num_leaves': 51, 'learning_rate': 0.018602118810743477, 'subsample': 0.5877258780737462, 'colsample_bytree': 0.7657756869209191, 'min_child_samples': 63, 'reg_alpha': 0.005123994170264194, 'reg_lambda': 0.44145470178120466}. Best is trial 0 with value: 0.017554843250457343.
[I 2026-06-01 15:44:35,701] Trial 2 finished with value: 0.027644367298098226 and parameters: {'confidence_threshold': 0.7535593637012223, 'training_days': 310, 'n_estimators': 375, 'max_depth': 3, 'num_leaves': 32, 'learning_rate': 0.021735641882032388, 'subsample': 0.6468570231944146, 'colsample_bytree': 0.8154880619272439, 'min_child_samples': 27, 'reg_alpha': 8.004064028491336e-05, 'reg_lambda': 7.546835261630524e-05}. Best is trial 2 with value: 0.027644367298098226.
[I 2026-06-01 15:44:35,854] Trial 3 finished with value: 0.03356562132811448 and parameters: {'confidence_threshold': 0.6727897841776072, 'training_days': 220, 'n_estimators': 190, 'max_depth': 4, 'num_leaves': 58, 'learning_rate': 0.24810689332636193, 'subsample': 0.7509183379421682, 'colsample_bytree': 0.8119764758960556, 'min_child_samples': 29, 'reg_alpha': 7.1708285081421445e-06, 'reg_lambda': 5.412973582738627e-05}. Best is trial 3 with value: 0.03356562132811448.
[I 2026-06-01 15:44:35,960] Trial 4 finished with value: 0.029175054534785964 and parameters: {'confidence_threshold': 0.803208205259178, 'training_days': 130, 'n_estimators': 267, 'max_depth': 5, 'num_leaves': 40, 'learning_rate': 0.08041175317374143, 'subsample': 0.5603143329951619, 'colsample_bytree': 0.9131704002534167, 'min_child_samples': 68, 'reg_alpha': 0.0008046593428183385, 'reg_lambda': 1.2158346158765583e-05}. Best is trial 3 with value: 0.03356562132811448.
[I 2026-06-01 15:44:36,166] Trial 5 finished with value: 0.04308210937771093 and parameters: {'confidence_threshold': 0.6064422761595144, 'training_days': 210, 'n_estimators': 357, 'max_depth': 5, 'num_leaves': 40, 'learning_rate': 0.0974221287220869, 'subsample': 0.7929682762811064, 'colsample_bytree': 0.8124517510478, 'min_child_samples': 74, 'reg_alpha': 0.3811377260781234, 'reg_lambda': 5.607314238392041e-08}. Best is trial 5 with value: 0.04308210937771093.
[I 2026-06-01 15:44:36,272] Trial 6 finished with value: 0.05958518684221056 and parameters: {'confidence_threshold': 0.7672889945051684, 'training_days': 130, 'n_estimators': 137, 'max_depth': 4, 'num_leaves': 19, 'learning_rate': 0.2031117614248665, 'subsample': 0.8136244860256343, 'colsample_bytree': 0.8617081790949774, 'min_child_samples': 21, 'reg_alpha': 0.002238138278733199, 'reg_lambda': 0.001025809534977322}. Best is trial 6 with value: 0.05958518684221056.
[I 2026-06-01 15:44:36,333] Trial 7 finished with value: -0.0435472225548779 and parameters: {'confidence_threshold': 0.555635875450653, 'training_days': 80, 'n_estimators': 363, 'max_depth': 3, 'num_leaves': 48, 'learning_rate': 0.06590089024008658, 'subsample': 0.6944752870615722, 'colsample_bytree': 0.962566244806993, 'min_child_samples': 88, 'reg_alpha': 1.6465620446426067e-05, 'reg_lambda': 2.4678750890085655e-08}. Best is trial 6 with value: 0.05958518684221056.
[I 2026-06-01 15:44:36,651] Trial 8 finished with value: 0.014356392223076539 and parameters: {'confidence_threshold': 0.6066688256938841, 'training_days': 200, 'n_estimators': 367, 'max_depth': 5, 'num_leaves': 32, 'learning_rate': 0.13377519215934996, 'subsample': 0.7965884582811106, 'colsample_bytree': 0.8458508993500886, 'min_child_samples': 32, 'reg_alpha': 3.889436043816386e-05, 'reg_lambda': 1.4713062489380356e-06}. Best is trial 6 with value: 0.05958518684221056.
[I 2026-06-01 15:44:36,849] Trial 9 finished with value: 0.026229792177464534 and parameters: {'confidence_threshold': 0.6202096049169137, 'training_days': 260, 'n_estimators': 350, 'max_depth': 3, 'num_leaves': 21, 'learning_rate': 0.02989540198065364, 'subsample': 0.8307821683331218, 'colsample_bytree': 0.923253112635361, 'min_child_samples': 64, 'reg_alpha': 0.4898604619604203, 'reg_lambda': 2.9076377687066166e-05}. Best is trial 6 with value: 0.05958518684221056.
[I 2026-06-01 15:44:37,241] Trial 10 finished with value: 0.27801940993684787 and parameters: {'confidence_threshold': 0.8445241688507242, 'training_days': 470, 'n_estimators': 493, 'max_depth': 4, 'num_leaves': 17, 'learning_rate': 0.010221918552934462, 'subsample': 0.925262810706551, 'colsample_bytree': 0.6202684210924141, 'min_child_samples': 46, 'reg_alpha': 2.3451009125120672e-08, 'reg_lambda': 0.08638692467458545}. Best is trial 10 with value: 0.27801940993684787.
[I 2026-06-01 15:44:37,653] Trial 11 finished with value: 0.20607754336395873 and parameters: {'confidence_threshold': 0.8371297552840329, 'training_days': 500, 'n_estimators': 493, 'max_depth': 4, 'num_leaves': 18, 'learning_rate': 0.010535067237031162, 'subsample': 0.9246908202265125, 'colsample_bytree': 0.6012148974081734, 'min_child_samples': 45, 'reg_alpha': 1.05295721073591e-08, 'reg_lambda': 0.03749495973984035}. Best is trial 10 with value: 0.27801940993684787.
