[I 2026-06-01 15:46:41,158] Trial 17 finished with value: -0.05894511719719283 and parameters: {'confidence_threshold': 0.5080881579696632, 'training_days': 150, 'n_estimators': 280, 'max_depth': 3, 'num_leaves': 20, 'learning_rate': 0.016651870963591404, 'subsample': 0.7596497233138291, 'colsample_bytree': 0.9271446672530648, 'min_child_samples': 91, 'reg_alpha': 2.9540500592881893e-05, 'reg_lambda': 0.002009911163723083}. Best is trial 15 with value: 0.0600618988703429.

    [CV fold 0] train_end=2021-12-23 08:00 | val_start=2021-12-31 00:00 | gap=184h (22 rows)
    [CV fold 1] train_end=2022-04-22 16:00 | val_start=2022-04-30 08:00 | gap=184h (22 rows)
    [CV fold 2] train_end=2022-08-21 00:00 | val_start=2022-08-28 16:00 | gap=184h (22 rows)
    [CV fold 3] train_end=2022-12-19 08:00 | val_start=2022-12-27 00:00 | gap=184h (22 rows)
    [CV fold 4] train_end=2023-04-18 16:00 | val_start=2023-04-26 08:00 | gap=184h (22 rows)
    [trial 0] Sharpe=-0.1414 (folds: -0.0005, -0.2975, -0.0755, -0.2294, -0.1044)
    [trial 1] 48 features, training_days=290 | threshold=0.635 | labels: 1022 long, 1146 short (47/53%)
    [trial 1] Sharpe=-0.0063 (folds: 0.2097, -0.0617, 0.0604, -0.2164, -0.0235)
    [trial 2] 48 features, training_days=10 | threshold=0.585 | labels: 1022 long, 1146 short (47/53%)
    [trial 2] Sharpe=0.0051 (folds: 0.0087, 0.1331, 0.0253, -0.1648, 0.0234)
    [trial 3] 48 features, training_days=220 | threshold=0.687 | labels: 1022 long, 1146 short (47/53%)
    [trial 3] Sharpe=-0.0454 (folds: 0.1082, -0.1349, 0.1686, 0.0010, -0.3698)
    [trial 4] 48 features, training_days=300 | threshold=0.562 | labels: 1022 long, 1146 short (47/53%)
    [trial 4] Sharpe=-0.0607 (folds: 0.1417, -0.1596, 0.0560, -0.1675, -0.1742)
    [trial 5] 48 features, training_days=490 | threshold=0.711 | labels: 1022 long, 1146 short (47/53%)
    [trial 5] Sharpe=0.0205 (folds: 0.2834, -0.1308, 0.1098, -0.0633, -0.0965)
    [trial 6] 48 features, training_days=420 | threshold=0.667 | labels: 1022 long, 1146 short (47/53%)
    [trial 6] Sharpe=-0.0287 (folds: 0.2145, -0.0681, 0.1186, -0.1982, -0.2105)
    [trial 7] 48 features, training_days=120 | threshold=0.550 | labels: 1022 long, 1146 short (47/53%)
    [trial 7] Sharpe=-0.1093 (folds: 0.1871, -0.2721, -0.1838, -0.0716, -0.2061)
    [trial 8] 48 features, training_days=450 | threshold=0.720 | labels: 1022 long, 1146 short (47/53%)
    [trial 8] Sharpe=-0.0467 (folds: 0.2350, -0.0827, 0.0543, -0.2082, -0.2317)
    [trial 9] 48 features, training_days=20 | threshold=0.727 | labels: 1022 long, 1146 short (47/53%)
    [trial 9] Sharpe=-7.9949 (folds: -10.0000, -10.0000, 0.0253, -10.0000, -10.0000)
    [trial 10] 48 features, training_days=490 | threshold=0.828 | labels: 1022 long, 1146 short (47/53%)
    [trial 10] Sharpe=0.0450 (folds: 0.4436, -0.1284, 0.1980, 0.0258, -0.3140)
    [trial 11] 48 features, training_days=500 | threshold=0.843 | labels: 1022 long, 1146 short (47/53%)
    [trial 11] Sharpe=-0.2629 (folds: 0.4807, -0.0691, 0.2983, -0.0144, -2.0102)
    [trial 12] 48 features, training_days=380 | threshold=0.824 | labels: 1022 long, 1146 short (47/53%)
    [trial 12] Sharpe=-0.1018 (folds: 0.3110, -0.1094, 0.1531, -0.1619, -0.7019)
    [trial 13] 48 features, training_days=350 | threshold=0.778 | labels: 1022 long, 1146 short (47/53%)
    [trial 13] Sharpe=0.0209 (folds: 0.4311, -0.1018, 0.1993, -0.1060, -0.3181)
    [trial 14] 48 features, training_days=360 | threshold=0.786 | labels: 1022 long, 1146 short (47/53%)
    [trial 14] Sharpe=0.0189 (folds: 0.3876, -0.0013, 0.0419, -0.0963, -0.2373)
    [trial 15] 48 features, training_days=210 | threshold=0.781 | labels: 1022 long, 1146 short (47/53%)
    [trial 15] Sharpe=0.0601 (folds: 0.3519, -0.1690, 0.0999, 0.1190, -0.1014)
    [trial 16] 48 features, training_days=210 | threshold=0.781 | labels: 1022 long, 1146 short (47/53%)
    [trial 16] Sharpe=-1.9946 (folds: 0.3720, -0.0748, -0.2487, -0.0216, -10.0000)
    [trial 17] 48 features, training_days=150 | threshold=0.508 | labels: 1022 long, 1146 short (47/53%)
    [trial 17] Sharpe=-0.0589 (folds: -0.0056, -0.1798, -0.0592, -0.0309, -0.0192)
  Optuna: 18 trials, best Sharpe = 0.0601
  Best params: n_estimators=300, max_depth=4, lr=0.0180, leaves=25
  Best confidence_threshold: 0.781
  Best training_days: 210
  Retrained on full data (630 samples, 48 features)
  OOD: 16 features, cutoff (q=0.7) = 14.60
  Model trained for 2023-09: 90 test candles with features, confidence_threshold=0.729
[predict] 2023-09-02 00:00 ETHUSDT → SHORT (proba=0.90 TP=6.2%/SL=3.1%)
[trade:open] 2023-09-02 07:59 ETHUSDT SHORT @ 1630.67 | SL=1681.60 TP=1528.81 | timeout=2023-09-09 07:59
[trade:close] 2023-09-09 08:00 ETHUSDT SHORT → timeout @ 1633.73 | PnL=-0.19% (net -0.29%) | cum=+1.44% 2023-09=-0.29% 2023-09-09=-0.29%
[predict] 2023-09-10 00:00 ETHUSDT → SHORT (proba=0.82 TP=4.1%/SL=2.0%)
[trade:open] 2023-09-10 07:59 ETHUSDT SHORT @ 1624.14 | SL=1657.37 TP=1557.68 | timeout=2023-09-17 07:59
[trade:close] 2023-09-11 15:59 ETHUSDT SHORT → take_profit @ 1557.68 | PnL=+4.09% (net +3.99%) | cum=+5.43% 2023-09=+3.70% 2023-09-11=+3.99%
[predict] 2023-09-14 08:00 ETHUSDT → SHORT (proba=0.91 TP=6.4%/SL=3.2%)
[trade:open] 2023-09-14 15:59 ETHUSDT SHORT @ 1634.02 | SL=1686.25 TP=1529.55 | timeout=2023-09-21 15:59
[trade:close] 2023-09-21 16:00 ETHUSDT SHORT → timeout @ 1583.00 | PnL=+3.12% (net +3.02%) | cum=+8.45% 2023-09=+6.73% 2023-09-21=+3.02%
[predict] 2023-09-22 08:00 ETHUSDT → LONG (proba=0.81 TP=5.2%/SL=2.6%)
[trade:open] 2023-09-22 15:59 ETHUSDT LONG @ 1592.65 | SL=1551.40 TP=1675.14 | timeout=2023-09-29 15:59
[trade:close] 2023-09-29 07:59 ETHUSDT LONG → take_profit @ 1675.14 | PnL=+5.18% (net +5.08%) | cum=+13.53% 2023-09=+11.81% 2023-09-29=+5.08%
[lgbm] === Training for 2023-10 ===
  Train window: 2021-10-01 → 2023-09-23
  2168 training samples from 1 symbols
  Samples per month: 2021-10: 93, 2021-11: 90, 2021-12: 93, 2022-01: 93, 2022-02: 84, 2022-03: 93, 2022-04: 90, 2022-05: 93, 2022-06: 90, 2022-07: 93, 2022-08: 93, 2022-09: 90, 2022-10: 93, 2022-11: 90, 2022-12: 93, 2023-01: 93, 2023-02: 84, 2023-03: 93, 2023-04: 90, 2023-05: 93, 2023-06: 90, 2023-07: 93, 2023-08: 93, 2023-09: 68
  [label] 2021-12-01 16:00 ETHUSDT entry=4586.6600 → SHORT | long=sl(-6.76%) short=tp(+13.21%) | scanned=7 | short_tp_only
  [label] 2021-12-03 16:00 ETHUSDT entry=4213.6600 → SHORT | long=sl(-8.16%) short=tp(+16.03%) | scanned=1 | short_tp_only
  [label] 2021-12-07 16:00 ETHUSDT entry=4305.8200 → SHORT | long=sl(-8.20%) short=timeout(+10.33%) | scanned=22 | no_tp→fwd_return=-10.4315
  [label] 2022-01-01 08:00 ETHUSDT entry=3723.9800 → SHORT | long=sl(-5.01%) short=tp(+9.72%) | scanned=15 | short_tp_only
  [label] 2022-02-22 16:00 ETHUSDT entry=2635.5700 → LONG | long=sl(-8.24%) short=sl(-8.24%) | scanned=10 | no_tp→fwd_return=+5.9277
  [label] 2022-08-07 16:00 ETHUSDT entry=1699.2500 → LONG | long=tp(+10.90%) short=sl(-5.60%) | scanned=9 | long_tp_only
  [label] 2022-08-11 16:00 ETHUSDT entry=1879.3500 → SHORT | long=timeout(-1.88%) short=sl(-6.27%) | scanned=22 | no_tp→fwd_return=-1.7820
  [label] 2022-08-22 08:00 ETHUSDT entry=1588.7700 → SHORT | long=sl(-7.59%) short=sl(-7.59%) | scanned=14 | no_tp→fwd_return=-5.1474
  [label] 2022-10-06 08:00 ETHUSDT entry=1360.7100 → SHORT | long=sl(-4.53%) short=tp(+8.77%) | scanned=21 | short_tp_only
  [label] 2022-10-14 16:00 ETHUSDT entry=1295.3500 → LONG | long=timeout(+0.19%) short=timeout(-0.39%) | scanned=22 | no_tp→fwd_return=+0.2880
  [label] 2023-01-13 00:00 ETHUSDT entry=1408.2800 → LONG | long=tp(+7.25%) short=sl(-3.78%) | scanned=3 | long_tp_only
  [label] 2023-02-14 00:00 ETHUSDT entry=1505.3600 → LONG | long=tp(+8.56%) short=sl(-4.43%) | scanned=5 | long_tp_only
  [label] 2023-03-02 00:00 ETHUSDT entry=1643.7800 → SHORT | long=sl(-4.09%) short=timeout(+6.43%) | scanned=22 | no_tp→fwd_return=-6.5270
  [label] 2023-03-14 16:00 ETHUSDT entry=1699.9300 → LONG | long=timeout(+5.79%) short=sl(-6.86%) | scanned=22 | no_tp→fwd_return=+5.8949
  [label] 2023-04-02 08:00 ETHUSDT entry=1796.6200 → LONG | long=tp(+7.05%) short=sl(-3.67%) | scanned=8 | long_tp_only
  [label] 2023-04-08 16:00 ETHUSDT entry=1848.0200 → LONG | long=tp(+6.17%) short=sl(-3.23%) | scanned=14 | long_tp_only
  [label] 2023-04-21 00:00 ETHUSDT entry=1927.2000 → SHORT | long=sl(-4.87%) short=timeout(+0.36%) | scanned=22 | no_tp→fwd_return=-0.4592
  [label] 2023-05-30 08:00 ETHUSDT entry=1899.7800 → SHORT | long=sl(-2.93%) short=tp(+5.56%) | scanned=19 | short_tp_only
  [label] 2023-06-09 08:00 ETHUSDT entry=1840.6000 → SHORT | long=sl(-2.88%) short=tp(+5.45%) | scanned=2 | short_tp_only[I 2026-06-01 15:46:41,700] A new study created in memory with name: no-name-2855b618-4c19-4708-b9fb-2e47bb728e12
[I 2026-06-01 15:46:42,043] Trial 0 finished with value: -0.08227429963210525 and parameters: {'confidence_threshold': 0.6310890415965769, 'training_days': 480, 'n_estimators': 380, 'max_depth': 4, 'num_leaves': 22, 'learning_rate': 0.01699897838270077, 'subsample': 0.5290418060840998, 'colsample_bytree': 0.9330880728874675, 'min_child_samples': 68, 'reg_alpha': 0.023585940584142682, 'reg_lambda': 1.5320059381854043e-08}. Best is trial 0 with value: -0.08227429963210525.
[I 2026-06-01 15:46:42,168] Trial 1 finished with value: -4.036816034972487 and parameters: {'confidence_threshold': 0.839468448256698, 'training_days': 420, 'n_estimators': 145, 'max_depth': 3, 'num_leaves': 23, 'learning_rate': 0.028145092716060652, 'subsample': 0.762378215816119, 'colsample_bytree': 0.7159725093210578, 'min_child_samples': 43, 'reg_alpha': 0.0032112643094417484, 'reg_lambda': 1.8007140198129195e-07}. Best is trial 0 with value: -0.08227429963210525.
[I 2026-06-01 15:46:42,346] Trial 2 finished with value: -0.016075494199790683 and parameters: {'confidence_threshold': 0.6022506269873263, 'training_days': 190, 'n_estimators': 255, 'max_depth': 5, 'num_leaves': 24, 'learning_rate': 0.05748924681991978, 'subsample': 0.7962072844310213, 'colsample_bytree': 0.5232252063599989, 'min_child_samples': 69, 'reg_alpha': 3.425445902633376e-07, 'reg_lambda': 3.850031979199519e-08}. Best is trial 2 with value: -0.016075494199790683.
[I 2026-06-01 15:46:42,602] Trial 3 finished with value: -0.09637847754271125 and parameters: {'confidence_threshold': 0.8321099380386666, 'training_days': 490, 'n_estimators': 414, 'max_depth': 3, 'num_leaves': 19, 'learning_rate': 0.1024932221692416, 'subsample': 0.7200762468698007, 'colsample_bytree': 0.5610191174223894, 'min_child_samples': 60, 'reg_alpha': 2.039373116525212e-08, 'reg_lambda': 1.527156759251193}. Best is trial 2 with value: -0.016075494199790683.
[I 2026-06-01 15:46:42,772] Trial 4 finished with value: -0.1011657734804912 and parameters: {'confidence_threshold': 0.5905729935600059, 'training_days': 340, 'n_estimators': 190, 'max_depth': 4, 'num_leaves': 41, 'learning_rate': 0.01875220945578641, 'subsample': 0.9847923138822793, 'colsample_bytree': 0.8875664116805573, 'min_child_samples': 96, 'reg_alpha': 1.1309571585271483, 'reg_lambda': 0.002404915432737351}. Best is trial 2 with value: -0.016075494199790683.
[I 2026-06-01 15:46:42,813] Trial 5 finished with value: 0.05086329533718433 and parameters: {'confidence_threshold': 0.8226559822580909, 'training_days': 50, 'n_estimators': 138, 'max_depth': 3, 'num_leaves': 30, 'learning_rate': 0.03750796359625606, 'subsample': 0.6356745158869479, 'colsample_bytree': 0.9143687545759647, 'min_child_samples': 48, 'reg_alpha': 3.376063348877853e-06, 'reg_lambda': 0.0007660634613082914}. Best is trial 5 with value: 0.05086329533718433.
[I 2026-06-01 15:46:42,949] Trial 6 finished with value: -0.06520685771544973 and parameters: {'confidence_threshold': 0.5493234787411669, 'training_days': 410, 'n_estimators': 83, 'max_depth': 5, 'num_leaves': 52, 'learning_rate': 0.019657448966046126, 'subsample': 0.5027610585618012, 'colsample_bytree': 0.9077307142274171, 'min_child_samples': 77, 'reg_alpha': 0.03639690979811287, 'reg_lambda': 0.08738424135626986}. Best is trial 5 with value: 0.05086329533718433.
[I 2026-06-01 15:46:43,040] Trial 7 finished with value: -0.05989042442945451 and parameters: {'confidence_threshold': 0.5259156281069316, 'training_days': 180, 'n_estimators': 102, 'max_depth': 5, 'num_leaves': 45, 'learning_rate': 0.030816017044468066, 'subsample': 0.5317791751430119, 'colsample_bytree': 0.6554911608578311, 'min_child_samples': 46, 'reg_alpha': 0.036851536911881845, 'reg_lambda': 0.005470376807480391}. Best is trial 5 with value: 0.05086329533718433.
[I 2026-06-01 15:46:43,143] Trial 8 finished with value: 0.056730002592284355 and parameters: {'confidence_threshold': 0.8105244599017143, 'training_days': 240, 'n_estimators': 103, 'max_depth': 5, 'num_leaves': 52, 'learning_rate': 0.06746437142284309, 'subsample': 0.8854835899772805, 'colsample_bytree': 0.7468977981821954, 'min_child_samples': 62, 'reg_alpha': 7.04480806377519e-05, 'reg_lambda': 1.6934490731313353e-08}. Best is trial 8 with value: 0.056730002592284355.
[I 2026-06-01 15:46:43,167] Trial 9 finished with value: 0.029563418398152908 and parameters: {'confidence_threshold': 0.5377619994476566, 'training_days': 20, 'n_estimators': 337, 'max_depth': 3, 'num_leaves': 39, 'learning_rate': 0.21907142272152816, 'subsample': 0.6246461145744375, 'colsample_bytree': 0.7051914615178149, 'min_child_samples': 81, 'reg_alpha': 1.1459970229341322e-06, 'reg_lambda': 4.929685216887945e-08}. Best is trial 8 with value: 0.056730002592284355.
[I 2026-06-01 15:46:43,720] Trial 10 finished with value: -0.0014987383845071396 and parameters: {'confidence_threshold': 0.734042426776949, 'training_days': 280, 'n_estimators': 487, 'max_depth': 5, 'num_leaves': 62, 'learning_rate': 0.10432148521337849, 'subsample': 0.9416850669512905, 'colsample_bytree': 0.8120417635861826, 'min_child_samples': 27, 'reg_alpha': 7.238112263003475e-05, 'reg_lambda': 3.3639426888455256e-06}. Best is trial 8 with value: 0.056730002592284355.
[I 2026-06-01 15:46:43,749] Trial 11 finished with value: -1.993207478583392 and parameters: {'confidence_threshold': 0.7615879655568232, 'training_days': 20, 'n_estimators': 212, 'max_depth': 4, 'num_leaves': 33, 'learning_rate': 0.061519626256430725, 'subsample': 0.8696252151616218, 'colsample_bytree': 0.8131245566687184, 'min_child_samples': 51, 'reg_alpha': 3.9063190689761285e-05, 'reg_lambda': 1.7775498934647403e-05}. Best is trial 8 with value: 0.056730002592284355.
[I 2026-06-01 15:46:43,811] Trial 12 finished with value: -0.18850124912649216 and parameters: {'confidence_threshold': 0.7683435244955696, 'training_days': 140, 'n_estimators': 59, 'max_depth': 3, 'num_leaves': 54, 'learning_rate': 0.03869752912015806, 'subsample': 0.6551512766854299, 'colsample_bytree': 0.995657538673677, 'min_child_samples': 30, 'reg_alpha': 3.7913577838145125e-06, 'reg_lambda': 0.00010582050771147222}. Best is trial 8 with value: 0.056730002592284355.
[I 2026-06-01 15:46:43,911] Trial 13 finished with value: -0.06121007102451777 and parameters: {'confidence_threshold': 0.694422166807498, 'training_days': 110, 'n_estimators': 151, 'max_depth': 4, 'num_leaves': 29, 'learning_rate': 0.1061433197798566, 'subsample': 0.8667220734686187, 'colsample_bytree': 0.8145498460271587, 'min_child_samples': 38, 'reg_alpha': 0.0004740159869111642, 'reg_lambda': 3.4757862173186272e-06}. Best is trial 8 with value: 0.056730002592284355.
[I 2026-06-01 15:46:44,112] Trial 14 finished with value: -0.014302022537892728 and parameters: {'confidence_threshold': 0.8099518327374607, 'training_days': 240, 'n_estimators': 277, 'max_depth': 4, 'num_leaves': 48, 'learning_rate': 0.18426556827635313, 'subsample': 0.6334518760377763, 'colsample_bytree': 0.6257061141687481, 'min_child_samples': 55, 'reg_alpha': 3.770845974254184e-08, 'reg_lambda': 0.0006284807489164356}. Best is trial 8 with value: 0.056730002592284355.
[I 2026-06-01 15:46:44,201] Trial 15 finished with value: -0.034836749459198145 and parameters: {'confidence_threshold': 0.7897255408101392, 'training_days': 70, 'n_estimators': 141, 'max_depth': 5, 'num_leaves': 61, 'learning_rate': 0.010359623362260938, 'subsample': 0.8408939904201858, 'colsample_bytree': 0.7688863617704711, 'min_child_samples': 21, 'reg_alpha': 2.492303987055042e-06, 'reg_lambda': 0.05951087746838391}. Best is trial 8 with value: 0.056730002592284355.
[I 2026-06-01 15:46:44,373] Trial 16 finished with value: -0.04552064749142376 and parameters: {'confidence_threshold': 0.7081053312610146, 'training_days': 310, 'n_estimators': 220, 'max_depth': 3, 'num_leaves': 33, 'learning_rate': 0.0742708334836405, 'subsample': 0.7031091979423141, 'colsample_bytree': 0.9826162589395974, 'min_child_samples': 62, 'reg_alpha': 3.528959981551033e-05, 'reg_lambda': 9.467717891328863e-05}. Best is trial 8 with value: 0.056730002592284355.
[I 2026-06-01 15:46:44,467] Trial 17 finished with value: -0.13942797415605854 and parameters: {'confidence_threshold': 0.6638080805792761, 'training_days': 200, 'n_estimators': 110, 'max_depth': 4, 'num_leaves': 36, 'learning_rate': 0.04302553031342478, 'subsample': 0.5915866025419536, 'colsample_bytree': 0.8673698743677226, 'min_child_samples': 87, 'reg_alpha': 0.0005961727498011812, 'reg_lambda': 6.880925840516315e-07}. Best is trial 8 with value: 0.056730002592284355.
[I 2026-06-01 15:46:44,725] A new study created in memory with name: no-name-8ece9148-907c-4db0-be98-ac6204e9d48d
[I 2026-06-01 15:46:44,816] Trial 0 finished with value: -0.05337394767712258 and parameters: {'confidence_threshold': 0.7437642149592516, 'training_days': 150, 'n_estimators': 152, 'max_depth': 4, 'num_leaves': 50, 'learning_rate': 0.04216766425047743, 'subsample': 0.9903820991923078, 'colsample_bytree': 0.8424148692924316, 'min_child_samples': 58, 'reg_alpha': 3.381097259762742e-05, 'reg_lambda': 1.2263152961306247e-05}. Best is trial 0 with value: -0.05337394767712258.
[I 2026-06-01 15:46:44,891] Trial 1 finished with value: -3.9854243657260846 and parameters: {'confidence_threshold': 0.7551673975844145, 'training_days': 220, 'n_estimators': 76, 'max_depth': 4, 'num_leaves': 51, 'learning_rate': 0.018602118810743477, 'subsample': 0.5877258780737462, 'colsample_bytree': 0.7657756869209191, 'min_child_samples': 63, 'reg_alpha': 0.005123994170264194, 'reg_lambda': 0.44145470178120466}. Best is trial 0 with value: -0.05337394767712258.
[I 2026-06-01 15:46:45,142] Trial 2 finished with value: -0.042023969529626504 and parameters: {'confidence_threshold': 0.7535593637012223, 'training_days': 310, 'n_estimators': 375, 'max_depth': 3, 'num_leaves': 32, 'learning_rate': 0.021735641882032388, 'subsample': 0.6468570231944146, 'colsample_bytree': 0.8154880619272439, 'min_child_samples': 27, 'reg_alpha': 8.004064028491336e-05, 'reg_lambda': 7.546835261630524e-05}. Best is trial 2 with value: -0.042023969529626504.
[I 2026-06-01 15:46:45,315] Trial 3 finished with value: -0.005409502956838147 and parameters: {'confidence_threshold': 0.6727897841776072, 'training_days': 220, 'n_estimators': 190, 'max_depth': 4, 'num_leaves': 58, 'learning_rate': 0.24810689332636193, 'subsample': 0.7509183379421682, 'colsample_bytree': 0.8119764758960556, 'min_child_samples': 29, 'reg_alpha': 7.1708285081421445e-06, 'reg_lambda': 5.412973582738627e-05}. Best is trial 3 with value: -0.005409502956838147.
[I 2026-06-01 15:46:45,436] Trial 4 finished with value: -0.05729666303215303 and parameters: {'confidence_threshold': 0.803208205259178, 'training_days': 130, 'n_estimators': 267, 'max_depth': 5, 'num_leaves': 40, 'learning_rate': 0.08041175317374143, 'subsample': 0.5603143329951619, 'colsample_bytree': 0.9131704002534167, 'min_child_samples': 68, 'reg_alpha': 0.0008046593428183385, 'reg_lambda': 1.2158346158765583e-05}. Best is trial 3 with value: -0.005409502956838147.
[I 2026-06-01 15:46:45,671] Trial 5 finished with value: -0.03500490803666793 and parameters: {'confidence_threshold': 0.6064422761595144, 'training_days': 210, 'n_estimators': 357, 'max_depth': 5, 'num_leaves': 40, 'learning_rate': 0.0974221287220869, 'subsample': 0.7929682762811064, 'colsample_bytree': 0.8124517510478, 'min_child_samples': 74, 'reg_alpha': 0.3811377260781234, 'reg_lambda': 5.607314238392041e-08}. Best is trial 3 with value: -0.005409502956838147.
[I 2026-06-01 15:46:45,789] Trial 6 finished with value: -0.00879172159060459 and parameters: {'confidence_threshold': 0.7672889945051684, 'training_days': 130, 'n_estimators': 137, 'max_depth': 4, 'num_leaves': 19, 'learning_rate': 0.2031117614248665, 'subsample': 0.8136244860256343, 'colsample_bytree': 0.8617081790949774, 'min_child_samples': 21, 'reg_alpha': 0.002238138278733199, 'reg_lambda': 0.001025809534977322}. Best is trial 3 with value: -0.005409502956838147.
[I 2026-06-01 15:46:45,868] Trial 7 finished with value: -0.05999315802377346 and parameters: {'confidence_threshold': 0.555635875450653, 'training_days': 80, 'n_estimators': 363, 'max_depth': 3, 'num_leaves': 48, 'learning_rate': 0.06590089024008658, 'subsample': 0.6944752870615722, 'colsample_bytree': 0.962566244806993, 'min_child_samples': 88, 'reg_alpha': 1.6465620446426067e-05, 'reg_lambda': 2.4678750890085655e-08}. Best is trial 3 with value: -0.005409502956838147.
[I 2026-06-01 15:46:46,231] Trial 8 finished with value: -0.02024330662003853 and parameters: {'confidence_threshold': 0.6066688256938841, 'training_days': 200, 'n_estimators': 367, 'max_depth': 5, 'num_leaves': 32, 'learning_rate': 0.13377519215934996, 'subsample': 0.7965884582811106, 'colsample_bytree': 0.8458508993500886, 'min_child_samples': 32, 'reg_alpha': 3.889436043816386e-05, 'reg_lambda': 1.4713062489380356e-06}. Best is trial 3 with value: -0.005409502956838147.
