[I 2026-06-01 15:50:44,512] Trial 6 finished with value: 0.038617017896906955 and parameters: {'confidence_threshold': 0.7672889945051684, 'training_days': 130, 'n_estimators': 137, 'max_depth': 4, 'num_leaves': 19, 'learning_rate': 0.2031117614248665, 'subsample': 0.8136244860256343, 'colsample_bytree': 0.8617081790949774, 'min_child_samples': 21, 'reg_alpha': 0.002238138278733199, 'reg_lambda': 0.001025809534977322}. Best is trial 4 with value: 0.0430022477359034.
[I 2026-06-01 15:50:44,594] Trial 7 finished with value: -0.0591661219001526 and parameters: {'confidence_threshold': 0.555635875450653, 'training_days': 80, 'n_estimators': 363, 'max_depth': 3, 'num_leaves': 48, 'learning_rate': 0.06590089024008658, 'subsample': 0.6944752870615722, 'colsample_bytree': 0.962566244806993, 'min_child_samples': 88, 'reg_alpha': 1.6465620446426067e-05, 'reg_lambda': 2.4678750890085655e-08}. Best is trial 4 with value: 0.0430022477359034.
[I 2026-06-01 15:50:44,961] Trial 8 finished with value: -0.048038795132743256 and parameters: {'confidence_threshold': 0.6066688256938841, 'training_days': 200, 'n_estimators': 367, 'max_depth': 5, 'num_leaves': 32, 'learning_rate': 0.13377519215934996, 'subsample': 0.7965884582811106, 'colsample_bytree': 0.8458508993500886, 'min_child_samples': 32, 'reg_alpha': 3.889436043816386e-05, 'reg_lambda': 1.4713062489380356e-06}. Best is trial 4 with value: 0.0430022477359034.

  [label] 2024-06-21 16:00 ETHUSDT entry=3517.1800 → SHORT | long=sl(-4.40%) short=tp(+8.50%) | scanned=8 | short_tp_only
  [label] 2024-08-05 16:00 ETHUSDT entry=2418.6000 → LONG | long=timeout(+12.41%) short=sl(-11.78%) | scanned=22 | no_tp→fwd_return=+12.5093
  [label] 2024-08-14 08:00 ETHUSDT entry=2672.7300 → SHORT | long=timeout(-2.80%) short=timeout(+2.60%) | scanned=22 | no_tp→fwd_return=-2.7047
  [label] 2024-11-12 16:00 ETHUSDT entry=3245.9800 → SHORT | long=sl(-6.64%) short=timeout(+4.11%) | scanned=22 | no_tp→fwd_return=-4.2095
  [label] 2024-12-14 16:00 ETHUSDT entry=3868.6000 → SHORT | long=sl(-5.16%) short=sl(-5.16%) | scanned=12 | no_tp→fwd_return=-6.2865
  [label] 2024-12-31 00:00 ETHUSDT entry=3352.5900 → LONG | long=tp(+8.85%) short=sl(-4.58%) | scanned=13 | long_tp_only
  [label] 2025-01-12 16:00 ETHUSDT entry=3265.7000 → SHORT | long=sl(-4.62%) short=tp(+8.93%) | scanned=2 | short_tp_only
  [label] 2025-01-31 00:00 ETHUSDT entry=3239.9900 → SHORT | long=sl(-5.58%) short=sl(-5.58%) | scanned=7 | no_tp→fwd_return=-4.9540
  [label] 2025-02-06 08:00 ETHUSDT entry=2704.2500 → SHORT | long=timeout(-2.24%) short=timeout(+2.04%) | scanned=22 | no_tp→fwd_return=-2.1440
  [label] 2025-02-18 16:00 ETHUSDT entry=2670.5700 → SHORT | long=sl(-5.58%) short=sl(-5.58%) | scanned=18 | no_tp→fwd_return=-5.9276
  [label] 2025-03-30 08:00 ETHUSDT entry=1812.8100 → SHORT | long=timeout(-3.08%) short=sl(-4.97%) | scanned=22 | no_tp→fwd_return=-2.9794
  [label] 2025-04-09 00:00 ETHUSDT entry=1482.9000 → LONG | long=timeout(+5.33%) short=sl(-10.60%) | scanned=22 | no_tp→fwd_return=+5.4319
  [label] 2025-07-04 08:00 ETHUSDT entry=2499.6100 → LONG | long=tp(+9.16%) short=sl(-4.73%) | scanned=16 | long_tp_only
  Labels: 1166 long (53.7%), 1005 short (46.3%) | weights: min=1.00, mean=3.59, max=10.00
  Features: 2171/2171 matched, 48 columns
  CV gap: 22 rows
  [ensemble 1/3] seed=42
    [trial 0] 48 features, training_days=480 | threshold=0.631 | labels: 1166 long, 1005 short (54/46%)
    [CV fold 0] train_end=2023-11-23 08:00 | val_start=2023-12-01 00:00 | gap=184h (22 rows)
    [CV fold 1] train_end=2024-03-22 16:00 | val_start=2024-03-30 08:00 | gap=184h (22 rows)
    [CV fold 2] train_end=2024-07-21 00:00 | val_start=2024-07-28 16:00 | gap=184h (22 rows)
    [CV fold 3] train_end=2024-11-18 08:00 | val_start=2024-11-26 00:00 | gap=184h (22 rows)
    [CV fold 4] train_end=2025-03-18 16:00 | val_start=2025-03-26 08:00 | gap=184h (22 rows)
    [trial 0] Sharpe=-0.0099 (folds: 0.2211, -0.0808, -0.0073, -0.0934, -0.0892)
    [trial 1] 48 features, training_days=420 | threshold=0.839 | labels: 1166 long, 1005 short (54/46%)
    [trial 1] Sharpe=-0.1441 (folds: 0.6129, 0.1625, 0.3144, -0.2400, -1.5702)
    [trial 2] 48 features, training_days=190 | threshold=0.602 | labels: 1166 long, 1005 short (54/46%)
    [trial 2] Sharpe=0.0236 (folds: 0.2201, 0.0555, 0.0922, -0.2033, -0.0467)
    [trial 3] 48 features, training_days=490 | threshold=0.832 | labels: 1166 long, 1005 short (54/46%)
    [trial 3] Sharpe=0.0070 (folds: 0.1902, -0.0221, 0.0400, -0.1829, 0.0098)
    [trial 4] 48 features, training_days=340 | threshold=0.591 | labels: 1166 long, 1005 short (54/46%)
    [trial 4] Sharpe=0.0315 (folds: 0.2674, 0.0831, -0.0038, -0.0676, -0.1216)
    [trial 5] 48 features, training_days=50 | threshold=0.823 | labels: 1166 long, 1005 short (54/46%)
    [trial 5] Sharpe=-0.0631 (folds: 0.1652, 0.1346, 0.1938, -0.2686, -0.5406)
    [trial 6] 48 features, training_days=410 | threshold=0.549 | labels: 1166 long, 1005 short (54/46%)
    [trial 6] Sharpe=0.0249 (folds: 0.2876, -0.0134, -0.0055, -0.0846, -0.0598)
    [trial 7] 48 features, training_days=180 | threshold=0.526 | labels: 1166 long, 1005 short (54/46%)
    [trial 7] Sharpe=0.0117 (folds: 0.2999, 0.0503, 0.0011, -0.1725, -0.1204)
    [trial 8] 48 features, training_days=240 | threshold=0.811 | labels: 1166 long, 1005 short (54/46%)
    [trial 8] Sharpe=0.0580 (folds: 0.3124, 0.0215, 0.1116, -0.1984, 0.0429)
    [trial 9] 48 features, training_days=20 | threshold=0.538 | labels: 1166 long, 1005 short (54/46%)
    [trial 9] Sharpe=-0.0498 (folds: 0.2328, 0.0819, 0.1162, -0.3185, -0.3613)
    [trial 10] 48 features, training_days=280 | threshold=0.734 | labels: 1166 long, 1005 short (54/46%)
    [trial 10] Sharpe=-0.0134 (folds: 0.1818, -0.0299, 0.1449, -0.1702, -0.1938)
    [trial 11] 48 features, training_days=290 | threshold=0.719 | labels: 1166 long, 1005 short (54/46%)
    [trial 11] Sharpe=0.1152 (folds: 0.5288, 0.0345, 0.0233, -0.0816, 0.0708)
    [trial 12] 48 features, training_days=190 | threshold=0.734 | labels: 1166 long, 1005 short (54/46%)
    [trial 12] Sharpe=-0.0656 (folds: -0.1039, 0.0410, 0.0250, -0.2847, -0.0054)
    [trial 13] 48 features, training_days=300 | threshold=0.743 | labels: 1166 long, 1005 short (54/46%)
    [trial 13] Sharpe=-0.0024 (folds: 0.2142, 0.0524, 0.0691, -0.0788, -0.2689)
    [trial 14] 48 features, training_days=140 | threshold=0.783 | labels: 1166 long, 1005 short (54/46%)
    [trial 14] Sharpe=-0.0669 (folds: 0.1376, -0.0192, -0.0765, -0.3481, -0.0282)
    [trial 15] 48 features, training_days=340 | threshold=0.683 | labels: 1166 long, 1005 short (54/46%)
    [trial 15] Sharpe=0.0545 (folds: 0.6151, 0.0273, -0.1130, -0.0275, -0.2291)
    [trial 16] 48 features, training_days=240 | threshold=0.680 | labels: 1166 long, 1005 short (54/46%)
    [trial 16] Sharpe=0.0127 (folds: 0.2082, -0.0511, 0.1161, -0.1542, -0.0556)
    [trial 17] 48 features, training_days=110 | threshold=0.784 | labels: 1166 long, 1005 short (54/46%)
    [trial 17] Sharpe=-0.0724 (folds: 0.2879, -0.0133, 0.0324, -0.1982, -0.4708)
  Optuna: 18 trials, best Sharpe = 0.1152
  Best params: n_estimators=223, max_depth=4, lr=0.0104, leaves=53
  Best confidence_threshold: 0.719
  Best training_days: 290
  Retrained on full data (870 samples, 48 features)
  [ensemble 2/3] seed=123
    [trial 0] 48 features, training_days=150 | threshold=0.744 | labels: 1166 long, 1005 short (54/46%)
    [CV fold 0] train_end=2023-11-23 08:00 | val_start=2023-12-01 00:00 | gap=184h (22 rows)
    [CV fold 1] train_end=2024-03-22 16:00 | val_start=2024-03-30 08:00 | gap=184h (22 rows)
    [CV fold 2] train_end=2024-07-21 00:00 | val_start=2024-07-28 16:00 | gap=184h (22 rows)
    [CV fold 3] train_end=2024-11-18 08:00 | val_start=2024-11-26 00:00 | gap=184h (22 rows)
    [CV fold 4] train_end=2025-03-18 16:00 | val_start=2025-03-26 08:00 | gap=184h (22 rows)
    [trial 0] Sharpe=0.0021 (folds: 0.3958, -0.0019, -0.1215, -0.2637, 0.0015)
    [trial 1] 48 features, training_days=220 | threshold=0.755 | labels: 1166 long, 1005 short (54/46%)
    [trial 1] Sharpe=-1.6151 (folds: 1.7039, 0.1267, -0.0002, 0.0940, -10.0000)
    [trial 2] 48 features, training_days=310 | threshold=0.754 | labels: 1166 long, 1005 short (54/46%)
    [trial 2] Sharpe=0.0195 (folds: 0.4817, -0.0090, 0.0444, -0.1001, -0.3197)
    [trial 3] 48 features, training_days=220 | threshold=0.673 | labels: 1166 long, 1005 short (54/46%)
    [trial 3] Sharpe=0.0074 (folds: 0.1738, 0.0037, 0.1507, -0.2022, -0.0890)
    [trial 4] 48 features, training_days=130 | threshold=0.803 | labels: 1166 long, 1005 short (54/46%)
    [trial 4] Sharpe=0.0430 (folds: 0.2834, 0.0770, 0.0336, 0.0073, -0.1862)
    [trial 5] 48 features, training_days=210 | threshold=0.606 | labels: 1166 long, 1005 short (54/46%)
    [trial 5] Sharpe=0.0180 (folds: 0.1942, 0.0070, 0.1419, -0.1786, -0.0747)
    [trial 6] 48 features, training_days=130 | threshold=0.767 | labels: 1166 long, 1005 short (54/46%)
    [trial 6] Sharpe=0.0386 (folds: 0.1958, 0.1119, 0.1083, -0.0524, -0.1705)
    [trial 7] 48 features, training_days=80 | threshold=0.556 | labels: 1166 long, 1005 short (54/46%)
    [trial 7] Sharpe=-0.0592 (folds: 0.1860, -0.0247, 0.2843, -0.2980, -0.4433)
    [trial 8] 48 features, training_days=200 | threshold=0.607 | labels: 1166 long, 1005 short (54/46%)
    [trial 8] Sharpe=-0.0480 (folds: 0.1882, -0.0809, 0.0456, -0.2226, -0.1705)
    [trial 9] 48 features, training_days=260 | threshold=0.620 | labels: 1166 long, 1005 short (54/46%)
    [trial 9] Sharpe=0.0319 (folds: 0.2599, -0.0560, 0.1318, -0.1778, 0.0016)[I 2026-06-01 15:50:45,205] Trial 9 finished with value: 0.0318993255311894 and parameters: {'confidence_threshold': 0.6202096049169137, 'training_days': 260, 'n_estimators': 350, 'max_depth': 3, 'num_leaves': 21, 'learning_rate': 0.02989540198065364, 'subsample': 0.8307821683331218, 'colsample_bytree': 0.923253112635361, 'min_child_samples': 64, 'reg_alpha': 0.4898604619604203, 'reg_lambda': 2.9076377687066166e-05}. Best is trial 4 with value: 0.0430022477359034.
[I 2026-06-01 15:50:45,628] Trial 10 finished with value: -2.0797714328746704 and parameters: {'confidence_threshold': 0.8445241688507242, 'training_days': 470, 'n_estimators': 493, 'max_depth': 5, 'num_leaves': 63, 'learning_rate': 0.010221918552934462, 'subsample': 0.5019190721168774, 'colsample_bytree': 0.6202684210924141, 'min_child_samples': 99, 'reg_alpha': 1.9942621118187622e-08, 'reg_lambda': 0.0201634475791616}. Best is trial 4 with value: 0.0430022477359034.
[I 2026-06-01 15:50:45,660] Trial 11 finished with value: -10.0 and parameters: {'confidence_threshold': 0.8371297552840329, 'training_days': 20, 'n_estimators': 255, 'max_depth': 4, 'num_leaves': 20, 'learning_rate': 0.28413636543342474, 'subsample': 0.9047249980702942, 'colsample_bytree': 0.6612241103206169, 'min_child_samples': 44, 'reg_alpha': 0.005164207989991991, 'reg_lambda': 0.007364523359426745}. Best is trial 4 with value: 0.0430022477359034.
[I 2026-06-01 15:50:45,712] Trial 12 finished with value: 0.08739282889634317 and parameters: {'confidence_threshold': 0.7984420943377982, 'training_days': 120, 'n_estimators': 51, 'max_depth': 5, 'num_leaves': 15, 'learning_rate': 0.14432248911623202, 'subsample': 0.5325573395575733, 'colsample_bytree': 0.5201164353688423, 'min_child_samples': 46, 'reg_alpha': 0.006937120291127141, 'reg_lambda': 0.00393268821840331}. Best is trial 12 with value: 0.08739282889634317.
[I 2026-06-01 15:50:45,736] Trial 13 finished with value: -2.094044955518979 and parameters: {'confidence_threshold': 0.8004144891464335, 'training_days': 10, 'n_estimators': 53, 'max_depth': 5, 'num_leaves': 31, 'learning_rate': 0.10151302244870823, 'subsample': 0.5024707401359401, 'colsample_bytree': 0.5389794258459311, 'min_child_samples': 48, 'reg_alpha': 0.05881060000998075, 'reg_lambda': 1.493419469088762}. Best is trial 12 with value: 0.08739282889634317.
[I 2026-06-01 15:50:45,944] Trial 14 finished with value: 0.026928830952020765 and parameters: {'confidence_threshold': 0.6968624890517784, 'training_days': 340, 'n_estimators': 240, 'max_depth': 5, 'num_leaves': 39, 'learning_rate': 0.14569940539663012, 'subsample': 0.5852704213941511, 'colsample_bytree': 0.5033829767322446, 'min_child_samples': 76, 'reg_alpha': 4.6058780571142255e-07, 'reg_lambda': 1.2102325862348229e-06}. Best is trial 12 with value: 0.08739282889634317.
[I 2026-06-01 15:50:46,051] Trial 15 finished with value: 0.0018805862727529932 and parameters: {'confidence_threshold': 0.6986016561377778, 'training_days': 90, 'n_estimators': 480, 'max_depth': 5, 'num_leaves': 15, 'learning_rate': 0.07555339786900975, 'subsample': 0.5802361721649505, 'colsample_bytree': 0.7040523095070745, 'min_child_samples': 45, 'reg_alpha': 7.916394902106256, 'reg_lambda': 0.0013825560118263796}. Best is trial 12 with value: 0.08739282889634317.
[I 2026-06-01 15:50:46,213] Trial 16 finished with value: 0.03530302359069247 and parameters: {'confidence_threshold': 0.8071898053270988, 'training_days': 140, 'n_estimators': 298, 'max_depth': 5, 'num_leaves': 25, 'learning_rate': 0.04734750546511042, 'subsample': 0.6318757284031183, 'colsample_bytree': 0.6155885267093099, 'min_child_samples': 54, 'reg_alpha': 0.000762323791867669, 'reg_lambda': 0.15555947254427588}. Best is trial 12 with value: 0.08739282889634317.
[I 2026-06-01 15:50:46,260] Trial 17 finished with value: -0.09165223530737363 and parameters: {'confidence_threshold': 0.5004748807695347, 'training_days': 70, 'n_estimators': 107, 'max_depth': 5, 'num_leaves': 44, 'learning_rate': 0.17035629619647225, 'subsample': 0.5467557841794419, 'colsample_bytree': 0.982300071998977, 'min_child_samples': 75, 'reg_alpha': 0.031339913113165224, 'reg_lambda': 1.3489951187488e-06}. Best is trial 12 with value: 0.08739282889634317.
[I 2026-06-01 15:50:46,759] A new study created in memory with name: no-name-2f0265b6-d490-4a33-89b7-608bcaa078ce
[I 2026-06-01 15:50:46,976] Trial 0 finished with value: -0.03163732573968268 and parameters: {'confidence_threshold': 0.5870645682749857, 'training_days': 90, 'n_estimators': 403, 'max_depth': 5, 'num_leaves': 45, 'learning_rate': 0.0780457193679974, 'subsample': 0.9428509515574568, 'colsample_bytree': 0.8795587339164916, 'min_child_samples': 34, 'reg_alpha': 2.2465901234314442e-07, 'reg_lambda': 8.339007036475363e-05}. Best is trial 0 with value: -0.03163732573968268.
[I 2026-06-01 15:50:47,084] Trial 1 finished with value: 0.029699362637044018 and parameters: {'confidence_threshold': 0.6348453934275313, 'training_days': 290, 'n_estimators': 115, 'max_depth': 5, 'num_leaves': 37, 'learning_rate': 0.06949568759029946, 'subsample': 0.8228505074024268, 'colsample_bytree': 0.8616703220431751, 'min_child_samples': 75, 'reg_alpha': 4.2486822725010923e-07, 'reg_lambda': 1.157247767047042e-07}. Best is trial 1 with value: 0.029699362637044018.
[I 2026-06-01 15:50:47,105] Trial 2 finished with value: -0.04749236265632216 and parameters: {'confidence_threshold': 0.5849570384370288, 'training_days': 10, 'n_estimators': 212, 'max_depth': 3, 'num_leaves': 41, 'learning_rate': 0.18452095998378365, 'subsample': 0.6001060822924371, 'colsample_bytree': 0.5673167293506167, 'min_child_samples': 37, 'reg_alpha': 5.733250064217131, 'reg_lambda': 0.5308454292595461}. Best is trial 1 with value: 0.029699362637044018.
[I 2026-06-01 15:50:47,190] Trial 3 finished with value: 0.038505607311383944 and parameters: {'confidence_threshold': 0.6868248626683718, 'training_days': 220, 'n_estimators': 134, 'max_depth': 3, 'num_leaves': 45, 'learning_rate': 0.033529007907491595, 'subsample': 0.8647277071858408, 'colsample_bytree': 0.778494116634046, 'min_child_samples': 96, 'reg_alpha': 2.409409937265785e-07, 'reg_lambda': 1.1642073478060009}. Best is trial 3 with value: 0.038505607311383944.
[I 2026-06-01 15:50:47,277] Trial 4 finished with value: -0.011913342504135676 and parameters: {'confidence_threshold': 0.5623121348350352, 'training_days': 300, 'n_estimators': 69, 'max_depth': 4, 'num_leaves': 32, 'learning_rate': 0.14967629360700346, 'subsample': 0.5054535233636654, 'colsample_bytree': 0.7401385194659216, 'min_child_samples': 27, 'reg_alpha': 1.4212042567426725e-07, 'reg_lambda': 0.23605753701352003}. Best is trial 3 with value: 0.038505607311383944.
[I 2026-06-01 15:50:47,695] Trial 5 finished with value: 0.016904832789143565 and parameters: {'confidence_threshold': 0.7111850244908446, 'training_days': 490, 'n_estimators': 362, 'max_depth': 5, 'num_leaves': 40, 'learning_rate': 0.05960785724162737, 'subsample': 0.5589714368907717, 'colsample_bytree': 0.6659006943232806, 'min_child_samples': 42, 'reg_alpha': 0.6741360303045295, 'reg_lambda': 6.054601607143087e-08}. Best is trial 3 with value: 0.038505607311383944.
[I 2026-06-01 15:50:47,870] Trial 6 finished with value: 0.023323869389454875 and parameters: {'confidence_threshold': 0.667482545748023, 'training_days': 420, 'n_estimators': 279, 'max_depth': 3, 'num_leaves': 45, 'learning_rate': 0.040099592560849204, 'subsample': 0.8563114696415159, 'colsample_bytree': 0.5442917781944105, 'min_child_samples': 50, 'reg_alpha': 1.6407916423707903e-08, 'reg_lambda': 2.935907642973286e-05}. Best is trial 3 with value: 0.038505607311383944.
[I 2026-06-01 15:50:48,028] Trial 7 finished with value: -0.024005364626745736 and parameters: {'confidence_threshold': 0.5497381024139926, 'training_days': 120, 'n_estimators': 408, 'max_depth': 5, 'num_leaves': 38, 'learning_rate': 0.28049122657745795, 'subsample': 0.8806573338635493, 'colsample_bytree': 0.5454054113547102, 'min_child_samples': 63, 'reg_alpha': 0.01263008637940408, 'reg_lambda': 0.04588020805366937}. Best is trial 3 with value: 0.038505607311383944.
[I 2026-06-01 15:50:48,306] Trial 8 finished with value: 0.013847622491992317 and parameters: {'confidence_threshold': 0.719644804808716, 'training_days': 450, 'n_estimators': 410, 'max_depth': 4, 'num_leaves': 57, 'learning_rate': 0.04022026551478857, 'subsample': 0.5336085426932707, 'colsample_bytree': 0.5705742850577543, 'min_child_samples': 100, 'reg_alpha': 5.916398047912201e-07, 'reg_lambda': 0.9794034214488329}. Best is trial 3 with value: 0.038505607311383944.
[I 2026-06-01 15:50:48,333] Trial 9 finished with value: -6.047327873722752 and parameters: {'confidence_threshold': 0.7267463643917187, 'training_days': 20, 'n_estimators': 337, 'max_depth': 5, 'num_leaves': 23, 'learning_rate': 0.022153031811454605, 'subsample': 0.6305627572358737, 'colsample_bytree': 0.6613413774216214, 'min_child_samples': 81, 'reg_alpha': 5.7638634029410314e-08, 'reg_lambda': 8.26603016764008}. Best is trial 3 with value: 0.038505607311383944.
[I 2026-06-01 15:50:48,437] Trial 10 finished with value: -5.91377752401433 and parameters: {'confidence_threshold': 0.8283920119574972, 'training_days': 200, 'n_estimators': 181, 'max_depth': 3, 'num_leaves': 62, 'learning_rate': 0.011579281028220855, 'subsample': 0.7130289643560688, 'colsample_bytree': 0.9944479338273263, 'min_child_samples': 100, 'reg_alpha': 6.837313901272251e-05, 'reg_lambda': 0.0027253228209330924}. Best is trial 3 with value: 0.038505607311383944.
[I 2026-06-01 15:50:48,512] Trial 11 finished with value: 0.07803954714525864 and parameters: {'confidence_threshold': 0.6435110568867387, 'training_days': 300, 'n_estimators': 53, 'max_depth': 4, 'num_leaves': 52, 'learning_rate': 0.0222741777320615, 'subsample': 0.7864449612484271, 'colsample_bytree': 0.8566211708639163, 'min_child_samples': 82, 'reg_alpha': 2.5646023357365184e-05, 'reg_lambda': 7.359299995524362e-08}. Best is trial 11 with value: 0.07803954714525864.
[I 2026-06-01 15:50:48,595] Trial 12 finished with value: -10.0 and parameters: {'confidence_threshold': 0.7805258891360656, 'training_days': 360, 'n_estimators': 54, 'max_depth': 4, 'num_leaves': 53, 'learning_rate': 0.01924681962976845, 'subsample': 0.7288381003885563, 'colsample_bytree': 0.8502332530306856, 'min_child_samples': 88, 'reg_alpha': 5.113460481149383e-05, 'reg_lambda': 2.0831803692649198e-06}. Best is trial 11 with value: 0.07803954714525864.
[I 2026-06-01 15:50:48,720] Trial 13 finished with value: 0.0014190632145289982 and parameters: {'confidence_threshold': 0.5040535938350955, 'training_days': 210, 'n_estimators': 157, 'max_depth': 4, 'num_leaves': 52, 'learning_rate': 0.023468126747120118, 'subsample': 0.9755936541801561, 'colsample_bytree': 0.7704197786801941, 'min_child_samples': 67, 'reg_alpha': 8.465942575614097e-06, 'reg_lambda': 0.004344943341578826}. Best is trial 11 with value: 0.07803954714525864.
[I 2026-06-01 15:50:48,978] Trial 14 finished with value: 0.006279953683772997 and parameters: {'confidence_threshold': 0.6439954054899397, 'training_days': 210, 'n_estimators': 500, 'max_depth': 3, 'num_leaves': 17, 'learning_rate': 0.011569006146449106, 'subsample': 0.7935856948288743, 'colsample_bytree': 0.9558958647114086, 'min_child_samples': 88, 'reg_alpha': 0.007558490788345549, 'reg_lambda': 1.9537169326802645e-06}. Best is trial 11 with value: 0.07803954714525864.
[I 2026-06-01 15:50:49,072] Trial 15 finished with value: -0.057754560684350566 and parameters: {'confidence_threshold': 0.7594279795954488, 'training_days': 310, 'n_estimators': 110, 'max_depth': 3, 'num_leaves': 49, 'learning_rate': 0.03335210513503152, 'subsample': 0.9130673202651429, 'colsample_bytree': 0.7960197179113024, 'min_child_samples': 88, 'reg_alpha': 4.99025556679806e-06, 'reg_lambda': 0.0013467843257158065}. Best is trial 11 with value: 0.07803954714525864.
