[I 2026-06-01 15:48:07,522] Trial 17 finished with value: -0.0171615282238675 and parameters: {'confidence_threshold': 0.7700247467371892, 'training_days': 170, 'n_estimators': 497, 'max_depth': 4, 'num_leaves': 27, 'learning_rate': 0.015341948061853483, 'subsample': 0.6861825835791406, 'colsample_bytree': 0.7940006970368717, 'min_child_samples': 64, 'reg_alpha': 0.0318586549994983, 'reg_lambda': 0.0011417325485363358}. Best is trial 15 with value: 0.08348982487390312.

  Optuna: 18 trials, best Sharpe = 0.0384
  Best params: n_estimators=350, max_depth=3, lr=0.0299, leaves=21
  Best confidence_threshold: 0.620
  Best training_days: 260
  Retrained on full data (780 samples, 48 features)
  [ensemble 3/3] seed=456
    [trial 0] 48 features, training_days=90 | threshold=0.587 | labels: 1124 long, 1047 short (52/48%)
    [CV fold 0] train_end=2022-08-23 08:00 | val_start=2022-08-31 00:00 | gap=184h (22 rows)
    [CV fold 1] train_end=2022-12-21 16:00 | val_start=2022-12-29 08:00 | gap=184h (22 rows)
    [CV fold 2] train_end=2023-04-21 00:00 | val_start=2023-04-28 16:00 | gap=184h (22 rows)
    [CV fold 3] train_end=2023-08-19 08:00 | val_start=2023-08-27 00:00 | gap=184h (22 rows)
    [CV fold 4] train_end=2023-12-17 16:00 | val_start=2023-12-25 08:00 | gap=184h (22 rows)
    [trial 0] Sharpe=-0.0220 (folds: -0.0386, -0.1552, -0.1905, 0.1037, 0.1705)
    [trial 1] 48 features, training_days=290 | threshold=0.635 | labels: 1124 long, 1047 short (52/48%)
    [trial 1] Sharpe=0.0374 (folds: -0.0638, 0.0226, 0.0017, 0.1868, 0.0397)
    [trial 2] 48 features, training_days=10 | threshold=0.585 | labels: 1124 long, 1047 short (52/48%)
    [trial 2] Sharpe=-2.0654 (folds: 0.0407, -10.0000, 0.0025, -0.2944, -0.0756)
    [trial 3] 48 features, training_days=220 | threshold=0.687 | labels: 1124 long, 1047 short (52/48%)
    [trial 3] Sharpe=0.0090 (folds: -0.0551, 0.0845, -0.2539, 0.2238, 0.0456)
    [trial 4] 48 features, training_days=300 | threshold=0.562 | labels: 1124 long, 1047 short (52/48%)
    [trial 4] Sharpe=-0.0333 (folds: -0.0028, -0.0621, -0.1458, 0.0002, 0.0438)
    [trial 5] 48 features, training_days=490 | threshold=0.711 | labels: 1124 long, 1047 short (52/48%)
    [trial 5] Sharpe=-0.0543 (folds: -0.0949, -0.0163, -0.0212, -0.0385, -0.1007)
    [trial 6] 48 features, training_days=420 | threshold=0.667 | labels: 1124 long, 1047 short (52/48%)
    [trial 6] Sharpe=-0.0436 (folds: -0.0702, -0.1219, -0.1362, 0.0837, 0.0268)
    [trial 7] 48 features, training_days=120 | threshold=0.550 | labels: 1124 long, 1047 short (52/48%)
    [trial 7] Sharpe=-0.0536 (folds: -0.1108, -0.1716, -0.2453, 0.0829, 0.1769)
    [trial 8] 48 features, training_days=450 | threshold=0.720 | labels: 1124 long, 1047 short (52/48%)
    [trial 8] Sharpe=-0.0202 (folds: -0.0712, -0.0151, -0.0968, 0.1185, -0.0363)
    [trial 9] 48 features, training_days=20 | threshold=0.727 | labels: 1124 long, 1047 short (52/48%)
    [trial 9] Sharpe=-6.0507 (folds: 0.0407, -10.0000, -10.0000, -0.2944, -10.0000)
    [trial 10] 48 features, training_days=320 | threshold=0.840 | labels: 1124 long, 1047 short (52/48%)
    [trial 10] Sharpe=-6.0022 (folds: -0.3721, -10.0000, -10.0000, -10.0000, 0.3612)
    [trial 11] 48 features, training_days=210 | threshold=0.644 | labels: 1124 long, 1047 short (52/48%)
    [trial 11] Sharpe=-0.0030 (folds: -0.0322, -0.0981, -0.0800, 0.1796, 0.0158)
    [trial 12] 48 features, training_days=220 | threshold=0.801 | labels: 1124 long, 1047 short (52/48%)
    [trial 12] Sharpe=-4.0472 (folds: -0.2538, -10.0000, -10.0000, -0.2466, 0.2644)
    [trial 13] 48 features, training_days=350 | threshold=0.504 | labels: 1124 long, 1047 short (52/48%)
    [trial 13] Sharpe=-0.0124 (folds: -0.0079, 0.0336, -0.1390, 0.0199, 0.0312)
    [trial 14] 48 features, training_days=170 | threshold=0.631 | labels: 1124 long, 1047 short (52/48%)
    [trial 14] Sharpe=0.0572 (folds: -0.0755, 0.0114, -0.1449, 0.3155, 0.1798)
    [trial 15] 48 features, training_days=150 | threshold=0.633 | labels: 1124 long, 1047 short (52/48%)
    [trial 15] Sharpe=0.0835 (folds: -0.0554, -0.0013, -0.0684, 0.3660, 0.1766)
    [trial 16] 48 features, training_days=140 | threshold=0.630 | labels: 1124 long, 1047 short (52/48%)
    [trial 16] Sharpe=0.0257 (folds: -0.0570, -0.0828, -0.1606, 0.2463, 0.1829)
    [trial 17] 48 features, training_days=170 | threshold=0.770 | labels: 1124 long, 1047 short (52/48%)
    [trial 17] Sharpe=-0.0172 (folds: -0.0694, -0.0671, -0.2647, 0.2427, 0.0727)
  Optuna: 18 trials, best Sharpe = 0.0835
  Best params: n_estimators=477, max_depth=4, lr=0.0100, leaves=28
  Best confidence_threshold: 0.633
  Best training_days: 150
  Retrained on full data (450 samples, 48 features)
  OOD: 16 features, cutoff (q=0.7) = 15.31
  Model trained for 2024-05: 93 test candles with features, confidence_threshold=0.688
[predict] 2024-05-02 08:00 ETHUSDT → SHORT (proba=0.71 TP=12.6%/SL=6.3%)
[trade:open] 2024-05-02 15:59 ETHUSDT SHORT @ 2988.65 | SL=3177.28 TP=2611.40 | timeout=2024-05-09 15:59
[trade:close] 2024-05-06 07:59 ETHUSDT SHORT → stop_loss @ 3177.28 | PnL=-6.31% (net -6.41%) | cum=-8.22% 2024-05=-6.41% 2024-05-06=-6.41%
[predict] 2024-05-07 08:00 ETHUSDT → SHORT (proba=0.70 TP=9.5%/SL=4.7%)
[trade:open] 2024-05-07 15:59 ETHUSDT SHORT @ 3070.20 | SL=3215.82 TP=2778.95 | timeout=2024-05-14 15:59
[trade:close] 2024-05-14 16:00 ETHUSDT SHORT → timeout @ 2897.53 | PnL=+5.62% (net +5.52%) | cum=-2.69% 2024-05=-0.89% 2024-05-14=+5.52%
[predict] 2024-05-15 16:00 ETHUSDT → LONG (proba=0.77 TP=7.6%/SL=3.8%)
[trade:open] 2024-05-15 23:59 ETHUSDT LONG @ 3030.66 | SL=2915.99 TP=3260.00 | timeout=2024-05-22 23:59
[trade:close] 2024-05-20 23:59 ETHUSDT LONG → take_profit @ 3260.00 | PnL=+7.57% (net +7.47%) | cum=+4.77% 2024-05=+6.58% 2024-05-20=+7.47%
[predict] 2024-05-28 00:00 ETHUSDT → LONG (proba=0.82 TP=9.9%/SL=5.0%)
[trade:open] 2024-05-28 07:59 ETHUSDT LONG @ 3850.52 | SL=3659.67 TP=4232.22 | timeout=2024-06-04 07:59
[lgbm] === Training for 2024-06 ===
  Train window: 2022-06-01 → 2024-05-24
  2171 training samples from 1 symbols
  Samples per month: 2022-06: 90, 2022-07: 93, 2022-08: 93, 2022-09: 90, 2022-10: 93, 2022-11: 90, 2022-12: 93, 2023-01: 93, 2023-02: 84, 2023-03: 93, 2023-04: 90, 2023-05: 93, 2023-06: 90, 2023-07: 93, 2023-08: 93, 2023-09: 90, 2023-10: 93, 2023-11: 90, 2023-12: 93, 2024-01: 93, 2024-02: 87, 2024-03: 93, 2024-04: 90, 2024-05: 71
  [label] 2022-08-01 16:00 ETHUSDT entry=1629.4500 → LONG | long=timeout(+8.90%) short=sl(-7.53%) | scanned=22 | no_tp→fwd_return=+8.9994
  [label] 2022-08-04 00:00 ETHUSDT entry=1625.2700 → LONG | long=tp(+14.11%) short=sl(-7.21%) | scanned=20 | long_tp_only
  [label] 2022-08-07 16:00 ETHUSDT entry=1699.2500 → LONG | long=tp(+10.90%) short=sl(-5.60%) | scanned=9 | long_tp_only
  [label] 2022-09-01 08:00 ETHUSDT entry=1535.3200 → LONG | long=timeout(+5.98%) short=sl(-7.98%) | scanned=22 | no_tp→fwd_return=+6.0756
  [label] 2022-10-24 00:00 ETHUSDT entry=1336.2400 → LONG | long=tp(+6.85%) short=sl(-3.58%) | scanned=5 | long_tp_only
  [label] 2023-04-08 00:00 ETHUSDT entry=1871.2700 → LONG | long=tp(+6.68%) short=sl(-3.49%) | scanned=16 | long_tp_only
  [label] 2023-04-12 00:00 ETHUSDT entry=1869.1500 → LONG | long=tp(+6.31%) short=sl(-3.30%) | scanned=4 | long_tp_only
  [label] 2023-04-22 16:00 ETHUSDT entry=1873.3900 → SHORT | long=sl(-4.55%) short=sl(-4.55%) | scanned=12 | no_tp→fwd_return=-0.4468
  [label] 2023-06-06 16:00 ETHUSDT entry=1883.2600 → SHORT | long=sl(-3.27%) short=tp(+6.25%) | scanned=10 | short_tp_only
  [label] 2023-06-15 08:00 ETHUSDT entry=1641.6400 → LONG | long=tp(+7.60%) short=sl(-3.95%) | scanned=5 | long_tp_only
  [label] 2023-09-13 16:00 ETHUSDT entry=1606.6800 → LONG | long=timeout(+0.83%) short=sl(-3.33%) | scanned=22 | no_tp→fwd_return=+0.9286
  [label] 2023-10-15 16:00 ETHUSDT entry=1557.2500 → LONG | long=tp(+4.34%) short=sl(-2.32%) | scanned=2 | long_tp_only
  [label] 2023-11-01 00:00 ETHUSDT entry=1805.4400 → LONG | long=timeout(+3.78%) short=sl(-3.69%) | scanned=22 | no_tp→fwd_return=+3.8783
  [label] 2023-11-13 16:00 ETHUSDT entry=2055.1800 → SHORT | long=sl(-4.71%) short=timeout(+1.49%) | scanned=22 | no_tp→fwd_return=-1.5945
  [label] 2023-12-02 00:00 ETHUSDT entry=2095.6500 → LONG | long=tp(+6.20%) short=sl(-3.25%) | scanned=6 | long_tp_only
  [label] 2023-12-08 08:00 ETHUSDT entry=2347.4400 → SHORT | long=sl(-4.35%) short=tp(+8.39%) | scanned=8 | short_tp_only
  [label] 2023-12-20 16:00 ETHUSDT entry=2203.9500 → LONG | long=timeout(+7.90%) short=sl(-4.99%) | scanned=22 | no_tp→fwd_return=+8.0020[I 2026-06-01 15:48:08,161] A new study created in memory with name: no-name-36646f8f-3ff1-4801-abf2-e8b3b5721dd5
[I 2026-06-01 15:48:08,482] Trial 0 finished with value: -0.014073059324662174 and parameters: {'confidence_threshold': 0.6310890415965769, 'training_days': 480, 'n_estimators': 380, 'max_depth': 4, 'num_leaves': 22, 'learning_rate': 0.01699897838270077, 'subsample': 0.5290418060840998, 'colsample_bytree': 0.9330880728874675, 'min_child_samples': 68, 'reg_alpha': 0.023585940584142682, 'reg_lambda': 1.5320059381854043e-08}. Best is trial 0 with value: -0.014073059324662174.
[I 2026-06-01 15:48:08,616] Trial 1 finished with value: -4.15591301528336 and parameters: {'confidence_threshold': 0.839468448256698, 'training_days': 420, 'n_estimators': 145, 'max_depth': 3, 'num_leaves': 23, 'learning_rate': 0.028145092716060652, 'subsample': 0.762378215816119, 'colsample_bytree': 0.7159725093210578, 'min_child_samples': 43, 'reg_alpha': 0.0032112643094417484, 'reg_lambda': 1.8007140198129195e-07}. Best is trial 0 with value: -0.014073059324662174.
[I 2026-06-01 15:48:08,762] Trial 2 finished with value: 0.015901550183204306 and parameters: {'confidence_threshold': 0.6022506269873263, 'training_days': 190, 'n_estimators': 255, 'max_depth': 5, 'num_leaves': 24, 'learning_rate': 0.05748924681991978, 'subsample': 0.7962072844310213, 'colsample_bytree': 0.5232252063599989, 'min_child_samples': 69, 'reg_alpha': 3.425445902633376e-07, 'reg_lambda': 3.850031979199519e-08}. Best is trial 2 with value: 0.015901550183204306.
[I 2026-06-01 15:48:09,039] Trial 3 finished with value: -0.051507590227163634 and parameters: {'confidence_threshold': 0.8321099380386666, 'training_days': 490, 'n_estimators': 414, 'max_depth': 3, 'num_leaves': 19, 'learning_rate': 0.1024932221692416, 'subsample': 0.7200762468698007, 'colsample_bytree': 0.5610191174223894, 'min_child_samples': 60, 'reg_alpha': 2.039373116525212e-08, 'reg_lambda': 1.527156759251193}. Best is trial 2 with value: 0.015901550183204306.
[I 2026-06-01 15:48:09,200] Trial 4 finished with value: -0.01830811780926144 and parameters: {'confidence_threshold': 0.5905729935600059, 'training_days': 340, 'n_estimators': 190, 'max_depth': 4, 'num_leaves': 41, 'learning_rate': 0.01875220945578641, 'subsample': 0.9847923138822793, 'colsample_bytree': 0.8875664116805573, 'min_child_samples': 96, 'reg_alpha': 1.1309571585271483, 'reg_lambda': 0.002404915432737351}. Best is trial 2 with value: 0.015901550183204306.
[I 2026-06-01 15:48:09,241] Trial 5 finished with value: 0.1644085400538264 and parameters: {'confidence_threshold': 0.8226559822580909, 'training_days': 50, 'n_estimators': 138, 'max_depth': 3, 'num_leaves': 30, 'learning_rate': 0.03750796359625606, 'subsample': 0.6356745158869479, 'colsample_bytree': 0.9143687545759647, 'min_child_samples': 48, 'reg_alpha': 3.376063348877853e-06, 'reg_lambda': 0.0007660634613082914}. Best is trial 5 with value: 0.1644085400538264.
[I 2026-06-01 15:48:09,348] Trial 6 finished with value: -0.033343234599134866 and parameters: {'confidence_threshold': 0.5493234787411669, 'training_days': 410, 'n_estimators': 83, 'max_depth': 5, 'num_leaves': 52, 'learning_rate': 0.019657448966046126, 'subsample': 0.5027610585618012, 'colsample_bytree': 0.9077307142274171, 'min_child_samples': 77, 'reg_alpha': 0.03639690979811287, 'reg_lambda': 0.08738424135626986}. Best is trial 5 with value: 0.1644085400538264.
[I 2026-06-01 15:48:09,438] Trial 7 finished with value: 0.0298985924579696 and parameters: {'confidence_threshold': 0.5259156281069316, 'training_days': 180, 'n_estimators': 102, 'max_depth': 5, 'num_leaves': 45, 'learning_rate': 0.030816017044468066, 'subsample': 0.5317791751430119, 'colsample_bytree': 0.6554911608578311, 'min_child_samples': 46, 'reg_alpha': 0.036851536911881845, 'reg_lambda': 0.005470376807480391}. Best is trial 5 with value: 0.1644085400538264.
[I 2026-06-01 15:48:09,539] Trial 8 finished with value: 0.05299390264711097 and parameters: {'confidence_threshold': 0.8105244599017143, 'training_days': 240, 'n_estimators': 103, 'max_depth': 5, 'num_leaves': 52, 'learning_rate': 0.06746437142284309, 'subsample': 0.8854835899772805, 'colsample_bytree': 0.7468977981821954, 'min_child_samples': 62, 'reg_alpha': 7.04480806377519e-05, 'reg_lambda': 1.6934490731313353e-08}. Best is trial 5 with value: 0.1644085400538264.
[I 2026-06-01 15:48:09,567] Trial 9 finished with value: -2.0531899916721783 and parameters: {'confidence_threshold': 0.5377619994476566, 'training_days': 20, 'n_estimators': 337, 'max_depth': 3, 'num_leaves': 39, 'learning_rate': 0.21907142272152816, 'subsample': 0.6246461145744375, 'colsample_bytree': 0.7051914615178149, 'min_child_samples': 81, 'reg_alpha': 1.1459970229341322e-06, 'reg_lambda': 4.929685216887945e-08}. Best is trial 5 with value: 0.1644085400538264.
[I 2026-06-01 15:48:09,600] Trial 10 finished with value: -2.0477337919812024 and parameters: {'confidence_threshold': 0.7318981109748116, 'training_days': 10, 'n_estimators': 487, 'max_depth': 4, 'num_leaves': 31, 'learning_rate': 0.14704103471568217, 'subsample': 0.628963476300746, 'colsample_bytree': 0.987470107623585, 'min_child_samples': 25, 'reg_alpha': 2.608784411827665e-05, 'reg_lambda': 3.3639426888455256e-06}. Best is trial 5 with value: 0.1644085400538264.
[I 2026-06-01 15:48:09,715] Trial 11 finished with value: 0.042355874934935214 and parameters: {'confidence_threshold': 0.7615879655568232, 'training_days': 110, 'n_estimators': 212, 'max_depth': 4, 'num_leaves': 60, 'learning_rate': 0.061519626256430725, 'subsample': 0.9202578099039949, 'colsample_bytree': 0.8131245566687184, 'min_child_samples': 46, 'reg_alpha': 7.791525617942995e-05, 'reg_lambda': 1.7775498934647403e-05}. Best is trial 5 with value: 0.1644085400538264.
[I 2026-06-01 15:48:09,788] Trial 12 finished with value: 0.057357987553706594 and parameters: {'confidence_threshold': 0.7683435244955696, 'training_days': 280, 'n_estimators': 59, 'max_depth': 3, 'num_leaves': 33, 'learning_rate': 0.08962717626942573, 'subsample': 0.8744254896436161, 'colsample_bytree': 0.7897463007259964, 'min_child_samples': 30, 'reg_alpha': 7.648836983874614e-06, 'reg_lambda': 0.00010582050771147222}. Best is trial 5 with value: 0.1644085400538264.
[I 2026-06-01 15:48:09,868] Trial 13 finished with value: -0.07150218741127654 and parameters: {'confidence_threshold': 0.7149846411492575, 'training_days': 310, 'n_estimators': 58, 'max_depth': 3, 'num_leaves': 35, 'learning_rate': 0.03795870108303722, 'subsample': 0.8642377518419497, 'colsample_bytree': 0.8267778146568208, 'min_child_samples': 22, 'reg_alpha': 4.9164566205838954e-06, 'reg_lambda': 6.437971469334524e-05}. Best is trial 5 with value: 0.1644085400538264.
[I 2026-06-01 15:48:09,949] Trial 14 finished with value: -0.0022170074439601785 and parameters: {'confidence_threshold': 0.7871652886153421, 'training_days': 90, 'n_estimators': 137, 'max_depth': 3, 'num_leaves': 30, 'learning_rate': 0.10110668207708927, 'subsample': 0.6687637587295262, 'colsample_bytree': 0.8104226038607687, 'min_child_samples': 33, 'reg_alpha': 3.770845974254184e-08, 'reg_lambda': 0.0006284807489164356}. Best is trial 5 with value: 0.1644085400538264.
[I 2026-06-01 15:48:10,018] Trial 15 finished with value: -7.813418085190277 and parameters: {'confidence_threshold': 0.6765912129074838, 'training_days': 270, 'n_estimators': 51, 'max_depth': 3, 'num_leaves': 30, 'learning_rate': 0.010745070719304197, 'subsample': 0.8164582373167888, 'colsample_bytree': 0.8580934391983945, 'min_child_samples': 37, 'reg_alpha': 0.0018780797504261812, 'reg_lambda': 0.05951087746838391}. Best is trial 5 with value: 0.1644085400538264.
[I 2026-06-01 15:48:10,127] Trial 16 finished with value: 0.015814115973858765 and parameters: {'confidence_threshold': 0.7671304698062277, 'training_days': 130, 'n_estimators': 177, 'max_depth': 3, 'num_leaves': 16, 'learning_rate': 0.27985815851978163, 'subsample': 0.9988001206477312, 'colsample_bytree': 0.9826162589395974, 'min_child_samples': 55, 'reg_alpha': 4.4054252122386984e-07, 'reg_lambda': 1.5949783981171654e-06}. Best is trial 5 with value: 0.1644085400538264.
[I 2026-06-01 15:48:10,386] Trial 17 finished with value: -0.015267905137027965 and parameters: {'confidence_threshold': 0.7070311848485039, 'training_days': 350, 'n_estimators': 267, 'max_depth': 4, 'num_leaves': 47, 'learning_rate': 0.09585232465340221, 'subsample': 0.7004831188261247, 'colsample_bytree': 0.6483925410255037, 'min_child_samples': 32, 'reg_alpha': 7.809808776078162e-06, 'reg_lambda': 0.00020614774879284444}. Best is trial 5 with value: 0.1644085400538264.
[I 2026-06-01 15:48:10,695] A new study created in memory with name: no-name-71451542-da03-4173-a025-d40160d8e11e
[I 2026-06-01 15:48:10,785] Trial 0 finished with value: 0.002779525911223185 and parameters: {'confidence_threshold': 0.7437642149592516, 'training_days': 150, 'n_estimators': 152, 'max_depth': 4, 'num_leaves': 50, 'learning_rate': 0.04216766425047743, 'subsample': 0.9903820991923078, 'colsample_bytree': 0.8424148692924316, 'min_child_samples': 58, 'reg_alpha': 3.381097259762742e-05, 'reg_lambda': 1.2263152961306247e-05}. Best is trial 0 with value: 0.002779525911223185.
[I 2026-06-01 15:48:10,850] Trial 1 finished with value: -3.846632458833193 and parameters: {'confidence_threshold': 0.7551673975844145, 'training_days': 220, 'n_estimators': 76, 'max_depth': 4, 'num_leaves': 51, 'learning_rate': 0.018602118810743477, 'subsample': 0.5877258780737462, 'colsample_bytree': 0.7657756869209191, 'min_child_samples': 63, 'reg_alpha': 0.005123994170264194, 'reg_lambda': 0.44145470178120466}. Best is trial 0 with value: 0.002779525911223185.
[I 2026-06-01 15:48:11,106] Trial 2 finished with value: 0.00038154421994638575 and parameters: {'confidence_threshold': 0.7535593637012223, 'training_days': 310, 'n_estimators': 375, 'max_depth': 3, 'num_leaves': 32, 'learning_rate': 0.021735641882032388, 'subsample': 0.6468570231944146, 'colsample_bytree': 0.8154880619272439, 'min_child_samples': 27, 'reg_alpha': 8.004064028491336e-05, 'reg_lambda': 7.546835261630524e-05}. Best is trial 0 with value: 0.002779525911223185.
[I 2026-06-01 15:48:11,274] Trial 3 finished with value: 0.06372915838560225 and parameters: {'confidence_threshold': 0.6727897841776072, 'training_days': 220, 'n_estimators': 190, 'max_depth': 4, 'num_leaves': 58, 'learning_rate': 0.24810689332636193, 'subsample': 0.7509183379421682, 'colsample_bytree': 0.8119764758960556, 'min_child_samples': 29, 'reg_alpha': 7.1708285081421445e-06, 'reg_lambda': 5.412973582738627e-05}. Best is trial 3 with value: 0.06372915838560225.
[I 2026-06-01 15:48:11,406] Trial 4 finished with value: 0.003651417553862657 and parameters: {'confidence_threshold': 0.803208205259178, 'training_days': 130, 'n_estimators': 267, 'max_depth': 5, 'num_leaves': 40, 'learning_rate': 0.08041175317374143, 'subsample': 0.5603143329951619, 'colsample_bytree': 0.9131704002534167, 'min_child_samples': 68, 'reg_alpha': 0.0008046593428183385, 'reg_lambda': 1.2158346158765583e-05}. Best is trial 3 with value: 0.06372915838560225.
[I 2026-06-01 15:48:11,654] Trial 5 finished with value: -0.0037832158558693597 and parameters: {'confidence_threshold': 0.6064422761595144, 'training_days': 210, 'n_estimators': 357, 'max_depth': 5, 'num_leaves': 40, 'learning_rate': 0.0974221287220869, 'subsample': 0.7929682762811064, 'colsample_bytree': 0.8124517510478, 'min_child_samples': 74, 'reg_alpha': 0.3811377260781234, 'reg_lambda': 5.607314238392041e-08}. Best is trial 3 with value: 0.06372915838560225.
[I 2026-06-01 15:48:11,781] Trial 6 finished with value: 0.026977848286099747 and parameters: {'confidence_threshold': 0.7672889945051684, 'training_days': 130, 'n_estimators': 137, 'max_depth': 4, 'num_leaves': 19, 'learning_rate': 0.2031117614248665, 'subsample': 0.8136244860256343, 'colsample_bytree': 0.8617081790949774, 'min_child_samples': 21, 'reg_alpha': 0.002238138278733199, 'reg_lambda': 0.001025809534977322}. Best is trial 3 with value: 0.06372915838560225.
[I 2026-06-01 15:48:11,853] Trial 7 finished with value: 0.06644294789160625 and parameters: {'confidence_threshold': 0.555635875450653, 'training_days': 80, 'n_estimators': 363, 'max_depth': 3, 'num_leaves': 48, 'learning_rate': 0.06590089024008658, 'subsample': 0.6944752870615722, 'colsample_bytree': 0.962566244806993, 'min_child_samples': 88, 'reg_alpha': 1.6465620446426067e-05, 'reg_lambda': 2.4678750890085655e-08}. Best is trial 7 with value: 0.06644294789160625.
[I 2026-06-01 15:48:12,189] Trial 8 finished with value: 0.05225728111371318 and parameters: {'confidence_threshold': 0.6066688256938841, 'training_days': 200, 'n_estimators': 367, 'max_depth': 5, 'num_leaves': 32, 'learning_rate': 0.13377519215934996, 'subsample': 0.7965884582811106, 'colsample_bytree': 0.8458508993500886, 'min_child_samples': 32, 'reg_alpha': 3.889436043816386e-05, 'reg_lambda': 1.4713062489380356e-06}. Best is trial 7 with value: 0.06644294789160625.
