[I 2026-06-01 15:49:54,172] Trial 15 finished with value: -2.0294105907510707 and parameters: {'confidence_threshold': 0.7829525506318393, 'training_days': 180, 'n_estimators': 212, 'max_depth': 5, 'num_leaves': 24, 'learning_rate': 0.010001338765245678, 'subsample': 0.7316177067690531, 'colsample_bytree': 0.6558257649360061, 'min_child_samples': 73, 'reg_alpha': 5.573461643191864e-06, 'reg_lambda': 7.697467210155571}. Best is trial 11 with value: 0.1186626938071154.
[I 2026-06-01 15:49:54,375] Trial 16 finished with value: 0.04613866920127479 and parameters: {'confidence_threshold': 0.7488743699060686, 'training_days': 340, 'n_estimators': 288, 'max_depth': 3, 'num_leaves': 32, 'learning_rate': 0.021342803802310486, 'subsample': 0.6282715529966035, 'colsample_bytree': 0.6122744204531448, 'min_child_samples': 90, 'reg_alpha': 0.0048293988347106985, 'reg_lambda': 1.1092317046713354e-05}. Best is trial 11 with value: 0.1186626938071154.
[I 2026-06-01 15:49:54,438] Trial 17 finished with value: -0.09066751799606934 and parameters: {'confidence_threshold': 0.5080881579696632, 'training_days': 70, 'n_estimators': 162, 'max_depth': 4, 'num_leaves': 16, 'learning_rate': 0.01605352462244901, 'subsample': 0.6718064291677197, 'colsample_bytree': 0.8236162450400667, 'min_child_samples': 54, 'reg_alpha': 2.1886353175228867e-08, 'reg_lambda': 0.001352150060975526}. Best is trial 11 with value: 0.1186626938071154.

    [trial 6] 48 features, training_days=130 | threshold=0.767 | labels: 1119 long, 1052 short (52/48%)
    [trial 6] Sharpe=0.0029 (folds: 0.0005, 0.1335, -0.0506, 0.0801, -0.1487)
    [trial 7] 48 features, training_days=80 | threshold=0.556 | labels: 1119 long, 1052 short (52/48%)
    [trial 7] Sharpe=-0.0711 (folds: 0.0324, -0.3717, -0.0146, 0.0735, -0.0753)
    [trial 8] 48 features, training_days=200 | threshold=0.607 | labels: 1119 long, 1052 short (52/48%)
    [trial 8] Sharpe=-0.0056 (folds: -0.0277, 0.0607, -0.0981, 0.1392, -0.1019)
    [trial 9] 48 features, training_days=260 | threshold=0.620 | labels: 1119 long, 1052 short (52/48%)
    [trial 9] Sharpe=0.0320 (folds: 0.0054, 0.1913, -0.1123, 0.1844, -0.1090)
    [trial 10] 48 features, training_days=470 | threshold=0.845 | labels: 1119 long, 1052 short (52/48%)
    [trial 10] Sharpe=0.1050 (folds: 0.0651, 0.1622, -0.1034, 0.4984, -0.0971)
    [trial 11] 48 features, training_days=480 | threshold=0.837 | labels: 1119 long, 1052 short (52/48%)
    [trial 11] Sharpe=0.1358 (folds: 0.1091, 0.1477, -0.1340, 0.6410, -0.0848)
    [trial 12] 48 features, training_days=400 | threshold=0.831 | labels: 1119 long, 1052 short (52/48%)
    [trial 12] Sharpe=-10.0000 (folds: -10.0000, -10.0000, -10.0000, -10.0000, -10.0000)
    [trial 13] 48 features, training_days=10 | threshold=0.722 | labels: 1119 long, 1052 short (52/48%)
    [trial 13] Sharpe=-4.0490 (folds: -10.0000, -0.3850, 0.1001, 0.0399, -10.0000)
    [trial 14] 48 features, training_days=350 | threshold=0.697 | labels: 1119 long, 1052 short (52/48%)
    [trial 14] Sharpe=-1.8124 (folds: 0.6362, 0.2543, -0.1809, 0.2285, -10.0000)
    [trial 15] 48 features, training_days=500 | threshold=0.790 | labels: 1119 long, 1052 short (52/48%)
    [trial 15] Sharpe=0.1054 (folds: 0.1522, 0.2650, -0.1572, 0.2498, 0.0170)
    [trial 16] 48 features, training_days=430 | threshold=0.810 | labels: 1119 long, 1052 short (52/48%)
    [trial 16] Sharpe=0.0850 (folds: 0.0686, 0.2250, -0.1188, 0.4908, -0.2403)
    [trial 17] 48 features, training_days=300 | threshold=0.500 | labels: 1119 long, 1052 short (52/48%)
    [trial 17] Sharpe=-0.0153 (folds: -0.0313, 0.0262, -0.0374, 0.0953, -0.1294)
  Optuna: 18 trials, best Sharpe = 0.3128
  Best params: n_estimators=76, max_depth=4, lr=0.0186, leaves=51
  Best confidence_threshold: 0.755
  Best training_days: 220
  Retrained on full data (660 samples, 48 features)
  [ensemble 3/3] seed=456
    [trial 0] 48 features, training_days=90 | threshold=0.587 | labels: 1119 long, 1052 short (52/48%)
    [CV fold 0] train_end=2023-06-23 08:00 | val_start=2023-07-01 00:00 | gap=184h (22 rows)
    [CV fold 1] train_end=2023-10-21 16:00 | val_start=2023-10-29 08:00 | gap=184h (22 rows)
    [CV fold 2] train_end=2024-02-19 00:00 | val_start=2024-02-26 16:00 | gap=184h (22 rows)
    [CV fold 3] train_end=2024-06-18 08:00 | val_start=2024-06-26 00:00 | gap=184h (22 rows)
    [CV fold 4] train_end=2024-10-16 16:00 | val_start=2024-10-24 08:00 | gap=184h (22 rows)
    [trial 0] Sharpe=-0.0479 (folds: 0.0138, -0.1700, -0.0365, 0.0564, -0.1031)
    [trial 1] 48 features, training_days=290 | threshold=0.635 | labels: 1119 long, 1052 short (52/48%)
    [trial 1] Sharpe=0.0084 (folds: 0.0178, 0.1148, -0.0751, 0.1321, -0.1476)
    [trial 2] 48 features, training_days=10 | threshold=0.585 | labels: 1119 long, 1052 short (52/48%)
    [trial 2] Sharpe=-4.0490 (folds: -10.0000, -0.3850, 0.1001, 0.0399, -10.0000)
    [trial 3] 48 features, training_days=220 | threshold=0.687 | labels: 1119 long, 1052 short (52/48%)
    [trial 3] Sharpe=0.0635 (folds: 0.2106, 0.2745, -0.1157, 0.1933, -0.2453)
    [trial 4] 48 features, training_days=300 | threshold=0.562 | labels: 1119 long, 1052 short (52/48%)
    [trial 4] Sharpe=0.0119 (folds: -0.0312, 0.0679, -0.0247, 0.1353, -0.0879)
    [trial 5] 48 features, training_days=490 | threshold=0.711 | labels: 1119 long, 1052 short (52/48%)
    [trial 5] Sharpe=-0.0219 (folds: -0.0148, 0.0410, -0.1111, 0.1299, -0.1547)
    [trial 6] 48 features, training_days=420 | threshold=0.667 | labels: 1119 long, 1052 short (52/48%)
    [trial 6] Sharpe=-0.0066 (folds: 0.0080, 0.1042, -0.1332, 0.1774, -0.1896)
    [trial 7] 48 features, training_days=120 | threshold=0.550 | labels: 1119 long, 1052 short (52/48%)
    [trial 7] Sharpe=-0.1017 (folds: -0.0523, -0.2681, -0.1019, 0.0207, -0.1068)
    [trial 8] 48 features, training_days=450 | threshold=0.720 | labels: 1119 long, 1052 short (52/48%)
    [trial 8] Sharpe=0.0225 (folds: 0.1119, 0.1583, -0.1566, 0.0771, -0.0781)
    [trial 9] 48 features, training_days=20 | threshold=0.727 | labels: 1119 long, 1052 short (52/48%)
    [trial 9] Sharpe=0.1110 (folds: -0.0156, 0.3939, 0.1001, 0.0399, 0.0367)
    [trial 10] 48 features, training_days=10 | threshold=0.828 | labels: 1119 long, 1052 short (52/48%)
    [trial 10] Sharpe=-4.0490 (folds: -10.0000, -0.3850, 0.1001, 0.0399, -10.0000)
    [trial 11] 48 features, training_days=210 | threshold=0.787 | labels: 1119 long, 1052 short (52/48%)
    [trial 11] Sharpe=0.1187 (folds: 0.1468, 0.4353, -0.1197, 0.3366, -0.2058)
    [trial 12] 48 features, training_days=190 | threshold=0.788 | labels: 1119 long, 1052 short (52/48%)
    [trial 12] Sharpe=0.0948 (folds: 0.1939, 0.1915, -0.0292, 0.2406, -0.1229)
    [trial 13] 48 features, training_days=370 | threshold=0.759 | labels: 1119 long, 1052 short (52/48%)
    [trial 13] Sharpe=0.0480 (folds: 0.1144, 0.3166, -0.1776, 0.2730, -0.2863)
    [trial 14] 48 features, training_days=130 | threshold=0.847 | labels: 1119 long, 1052 short (52/48%)
    [trial 14] Sharpe=-2.0749 (folds: 0.1209, -10.0000, -0.2160, -0.0496, -0.2295)
    [trial 15] 48 features, training_days=180 | threshold=0.783 | labels: 1119 long, 1052 short (52/48%)
    [trial 15] Sharpe=-2.0294 (folds: 0.4512, -10.0000, -0.1486, 0.1627, -0.6124)
    [trial 16] 48 features, training_days=340 | threshold=0.749 | labels: 1119 long, 1052 short (52/48%)
    [trial 16] Sharpe=0.0461 (folds: 0.1373, 0.3183, -0.1989, 0.1117, -0.1377)
    [trial 17] 48 features, training_days=70 | threshold=0.508 | labels: 1119 long, 1052 short (52/48%)
    [trial 17] Sharpe=-0.0907 (folds: 0.0695, -0.3157, -0.0522, -0.0417, -0.1133)
  Optuna: 18 trials, best Sharpe = 0.1187
  Best params: n_estimators=209, max_depth=3, lr=0.0183, leaves=21
  Best confidence_threshold: 0.787
  Best training_days: 210
  Retrained on full data (630 samples, 48 features)
  OOD: 16 features, cutoff (q=0.7) = 14.17
  Model trained for 2025-03: 93 test candles with features, confidence_threshold=0.693
[predict] 2025-03-14 08:00 ETHUSDT → SHORT (proba=0.70 TP=16.6%/SL=8.3%)
[trade:open] 2025-03-14 15:59 ETHUSDT SHORT @ 1921.20 | SL=2080.23 TP=1603.14 | timeout=2025-03-21 15:59
[trade:close] 2025-03-21 16:00 ETHUSDT SHORT → timeout @ 1949.58 | PnL=-1.48% (net -1.58%) | cum=-18.34% 2025-03=-1.58% 2025-03-21=-1.58%
[predict] 2025-03-26 00:00 ETHUSDT → SHORT (proba=0.70 TP=7.5%/SL=3.7%)
[trade:open] 2025-03-26 07:59 ETHUSDT SHORT @ 2068.34 | SL=2145.49 TP=1914.03 | timeout=2025-04-02 07:59
[trade:close] 2025-03-28 07:59 ETHUSDT SHORT → take_profit @ 1914.03 | PnL=+7.46% (net +7.36%) | cum=-10.98% 2025-03=+5.78% 2025-03-28=+7.36%
[lgbm] === Training for 2025-04 ===
  Train window: 2023-04-01 → 2025-03-24
  2171 training samples from 1 symbols
  Samples per month: 2023-04: 90, 2023-05: 93, 2023-06: 90, 2023-07: 93, 2023-08: 93, 2023-09: 90, 2023-10: 93, 2023-11: 90, 2023-12: 93, 2024-01: 93, 2024-02: 87, 2024-03: 93, 2024-04: 90, 2024-05: 93, 2024-06: 90, 2024-07: 93, 2024-08: 93, 2024-09: 90, 2024-10: 93, 2024-11: 90, 2024-12: 93, 2025-01: 93, 2025-02: 84, 2025-03: 71
  [label] 2023-06-01 16:00 ETHUSDT entry=1860.5900 → SHORT | long=sl(-3.07%) short=timeout(+0.74%) | scanned=22 | no_tp→fwd_return=-0.8411
  [label] 2023-06-04 00:00 ETHUSDT entry=1898.9500 → SHORT | long=sl(-2.66%) short=tp(+5.02%) | scanned=5 | short_tp_only
  [label] 2023-06-07 16:00 ETHUSDT entry=1831.3100 → SHORT | long=sl(-3.38%) short=tp(+6.46%) | scanned=21 | short_tp_only
  [label] 2023-07-02 08:00 ETHUSDT entry=1917.8700 → SHORT | long=sl(-3.80%) short=timeout(+2.63%) | scanned=22 | no_tp→fwd_return=-2.7296[I 2026-06-01 15:49:55,119] A new study created in memory with name: no-name-c1ca9956-5e1c-48bc-8906-ede3bcbe7f65
[I 2026-06-01 15:49:55,469] Trial 0 finished with value: 0.07670084721386239 and parameters: {'confidence_threshold': 0.6310890415965769, 'training_days': 480, 'n_estimators': 380, 'max_depth': 4, 'num_leaves': 22, 'learning_rate': 0.01699897838270077, 'subsample': 0.5290418060840998, 'colsample_bytree': 0.9330880728874675, 'min_child_samples': 68, 'reg_alpha': 0.023585940584142682, 'reg_lambda': 1.5320059381854043e-08}. Best is trial 0 with value: 0.07670084721386239.
[I 2026-06-01 15:49:55,587] Trial 1 finished with value: 0.07113652911827797 and parameters: {'confidence_threshold': 0.839468448256698, 'training_days': 420, 'n_estimators': 145, 'max_depth': 3, 'num_leaves': 23, 'learning_rate': 0.028145092716060652, 'subsample': 0.762378215816119, 'colsample_bytree': 0.7159725093210578, 'min_child_samples': 43, 'reg_alpha': 0.0032112643094417484, 'reg_lambda': 1.8007140198129195e-07}. Best is trial 0 with value: 0.07670084721386239.
[I 2026-06-01 15:49:55,744] Trial 2 finished with value: 0.0716556288056383 and parameters: {'confidence_threshold': 0.6022506269873263, 'training_days': 190, 'n_estimators': 255, 'max_depth': 5, 'num_leaves': 24, 'learning_rate': 0.05748924681991978, 'subsample': 0.7962072844310213, 'colsample_bytree': 0.5232252063599989, 'min_child_samples': 69, 'reg_alpha': 3.425445902633376e-07, 'reg_lambda': 3.850031979199519e-08}. Best is trial 0 with value: 0.07670084721386239.
[I 2026-06-01 15:49:56,041] Trial 3 finished with value: 0.06640996991654233 and parameters: {'confidence_threshold': 0.8321099380386666, 'training_days': 490, 'n_estimators': 414, 'max_depth': 3, 'num_leaves': 19, 'learning_rate': 0.1024932221692416, 'subsample': 0.7200762468698007, 'colsample_bytree': 0.5610191174223894, 'min_child_samples': 60, 'reg_alpha': 2.039373116525212e-08, 'reg_lambda': 1.527156759251193}. Best is trial 0 with value: 0.07670084721386239.
[I 2026-06-01 15:49:56,217] Trial 4 finished with value: 0.08686057986172444 and parameters: {'confidence_threshold': 0.5905729935600059, 'training_days': 340, 'n_estimators': 190, 'max_depth': 4, 'num_leaves': 41, 'learning_rate': 0.01875220945578641, 'subsample': 0.9847923138822793, 'colsample_bytree': 0.8875664116805573, 'min_child_samples': 96, 'reg_alpha': 1.1309571585271483, 'reg_lambda': 0.002404915432737351}. Best is trial 4 with value: 0.08686057986172444.
[I 2026-06-01 15:49:56,258] Trial 5 finished with value: 0.0729416241774943 and parameters: {'confidence_threshold': 0.8226559822580909, 'training_days': 50, 'n_estimators': 138, 'max_depth': 3, 'num_leaves': 30, 'learning_rate': 0.03750796359625606, 'subsample': 0.6356745158869479, 'colsample_bytree': 0.9143687545759647, 'min_child_samples': 48, 'reg_alpha': 3.376063348877853e-06, 'reg_lambda': 0.0007660634613082914}. Best is trial 4 with value: 0.08686057986172444.
[I 2026-06-01 15:49:56,373] Trial 6 finished with value: 0.07390934007843337 and parameters: {'confidence_threshold': 0.5493234787411669, 'training_days': 410, 'n_estimators': 83, 'max_depth': 5, 'num_leaves': 52, 'learning_rate': 0.019657448966046126, 'subsample': 0.5027610585618012, 'colsample_bytree': 0.9077307142274171, 'min_child_samples': 77, 'reg_alpha': 0.03639690979811287, 'reg_lambda': 0.08738424135626986}. Best is trial 4 with value: 0.08686057986172444.
[I 2026-06-01 15:49:56,474] Trial 7 finished with value: 0.09901982467107329 and parameters: {'confidence_threshold': 0.5259156281069316, 'training_days': 180, 'n_estimators': 102, 'max_depth': 5, 'num_leaves': 45, 'learning_rate': 0.030816017044468066, 'subsample': 0.5317791751430119, 'colsample_bytree': 0.6554911608578311, 'min_child_samples': 46, 'reg_alpha': 0.036851536911881845, 'reg_lambda': 0.005470376807480391}. Best is trial 7 with value: 0.09901982467107329.
[I 2026-06-01 15:49:56,582] Trial 8 finished with value: 0.07714997067205401 and parameters: {'confidence_threshold': 0.8105244599017143, 'training_days': 240, 'n_estimators': 103, 'max_depth': 5, 'num_leaves': 52, 'learning_rate': 0.06746437142284309, 'subsample': 0.8854835899772805, 'colsample_bytree': 0.7468977981821954, 'min_child_samples': 62, 'reg_alpha': 7.04480806377519e-05, 'reg_lambda': 1.6934490731313353e-08}. Best is trial 7 with value: 0.09901982467107329.
[I 2026-06-01 15:49:56,615] Trial 9 finished with value: -0.015155562402135036 and parameters: {'confidence_threshold': 0.5377619994476566, 'training_days': 20, 'n_estimators': 337, 'max_depth': 3, 'num_leaves': 39, 'learning_rate': 0.21907142272152816, 'subsample': 0.6246461145744375, 'colsample_bytree': 0.7051914615178149, 'min_child_samples': 81, 'reg_alpha': 1.1459970229341322e-06, 'reg_lambda': 4.929685216887945e-08}. Best is trial 7 with value: 0.09901982467107329.
[I 2026-06-01 15:49:56,990] Trial 10 finished with value: 0.11148013693495087 and parameters: {'confidence_threshold': 0.6797821749717731, 'training_days': 140, 'n_estimators': 487, 'max_depth': 5, 'num_leaves': 62, 'learning_rate': 0.011407797829608154, 'subsample': 0.6277217293825994, 'colsample_bytree': 0.6445296297918679, 'min_child_samples': 24, 'reg_alpha': 8.536188349289, 'reg_lambda': 4.685556761390157e-06}. Best is trial 10 with value: 0.11148013693495087.
[I 2026-06-01 15:49:57,398] Trial 11 finished with value: 0.05716339638075472 and parameters: {'confidence_threshold': 0.7161090655475574, 'training_days': 150, 'n_estimators': 462, 'max_depth': 5, 'num_leaves': 61, 'learning_rate': 0.010733926515161035, 'subsample': 0.6089267919181687, 'colsample_bytree': 0.627397432195743, 'min_child_samples': 20, 'reg_alpha': 4.109585305892332, 'reg_lambda': 8.43884102267831e-06}. Best is trial 10 with value: 0.11148013693495087.
[I 2026-06-01 15:49:57,716] Trial 12 finished with value: 0.1544168209322222 and parameters: {'confidence_threshold': 0.7019148951179925, 'training_days': 120, 'n_estimators': 493, 'max_depth': 4, 'num_leaves': 63, 'learning_rate': 0.010433415098500402, 'subsample': 0.5809687746578599, 'colsample_bytree': 0.6176068586312136, 'min_child_samples': 20, 'reg_alpha': 0.3340605625440955, 'reg_lambda': 5.854062919917359e-06}. Best is trial 12 with value: 0.1544168209322222.
[I 2026-06-01 15:49:58,024] Trial 13 finished with value: 0.11173566635361118 and parameters: {'confidence_threshold': 0.713844782679152, 'training_days': 110, 'n_estimators': 500, 'max_depth': 4, 'num_leaves': 62, 'learning_rate': 0.010490185315367299, 'subsample': 0.6864507539038798, 'colsample_bytree': 0.815906275973719, 'min_child_samples': 21, 'reg_alpha': 4.915341038465988, 'reg_lambda': 1.3005756593895162e-05}. Best is trial 12 with value: 0.1544168209322222.
[I 2026-06-01 15:49:58,275] Trial 14 finished with value: 0.1821141760647883 and parameters: {'confidence_threshold': 0.7467244789105287, 'training_days': 90, 'n_estimators': 499, 'max_depth': 4, 'num_leaves': 54, 'learning_rate': 0.010530583646783323, 'subsample': 0.6969042384475866, 'colsample_bytree': 0.8315013115868131, 'min_child_samples': 31, 'reg_alpha': 0.29321756872620336, 'reg_lambda': 1.0904215335292951e-05}. Best is trial 14 with value: 0.1821141760647883.
[I 2026-06-01 15:49:58,368] Trial 15 finished with value: 0.0631829228336355 and parameters: {'confidence_threshold': 0.7632655502366587, 'training_days': 80, 'n_estimators': 300, 'max_depth': 4, 'num_leaves': 55, 'learning_rate': 0.26565543021575216, 'subsample': 0.8336744004420117, 'colsample_bytree': 0.8100744538922787, 'min_child_samples': 34, 'reg_alpha': 0.29115165644059643, 'reg_lambda': 7.482879404932238e-05}. Best is trial 14 with value: 0.1821141760647883.
[I 2026-06-01 15:49:58,777] Trial 16 finished with value: 0.06744194361128422 and parameters: {'confidence_threshold': 0.7676048761456542, 'training_days': 270, 'n_estimators': 434, 'max_depth': 4, 'num_leaves': 56, 'learning_rate': 0.11597447889447167, 'subsample': 0.5599661789674011, 'colsample_bytree': 0.9826162589395974, 'min_child_samples': 33, 'reg_alpha': 0.00043919348354034524, 'reg_lambda': 7.339835446065395e-07}. Best is trial 14 with value: 0.1821141760647883.
[I 2026-06-01 15:49:58,811] Trial 17 finished with value: -2.051183574378018 and parameters: {'confidence_threshold': 0.6652429013116167, 'training_days': 10, 'n_estimators': 384, 'max_depth': 4, 'num_leaves': 47, 'learning_rate': 0.015690805799869048, 'subsample': 0.6886087937901522, 'colsample_bytree': 0.8380549877235325, 'min_child_samples': 34, 'reg_alpha': 0.001024006215747593, 'reg_lambda': 5.301205076341475e-05}. Best is trial 14 with value: 0.1821141760647883.
[I 2026-06-01 15:49:59,252] A new study created in memory with name: no-name-ed829474-00fa-4463-8a81-a22a653511c7
[I 2026-06-01 15:49:59,348] Trial 0 finished with value: 0.052905338304082686 and parameters: {'confidence_threshold': 0.7437642149592516, 'training_days': 150, 'n_estimators': 152, 'max_depth': 4, 'num_leaves': 50, 'learning_rate': 0.04216766425047743, 'subsample': 0.9903820991923078, 'colsample_bytree': 0.8424148692924316, 'min_child_samples': 58, 'reg_alpha': 3.381097259762742e-05, 'reg_lambda': 1.2263152961306247e-05}. Best is trial 0 with value: 0.052905338304082686.
[I 2026-06-01 15:49:59,423] Trial 1 finished with value: -1.828258716870947 and parameters: {'confidence_threshold': 0.7551673975844145, 'training_days': 220, 'n_estimators': 76, 'max_depth': 4, 'num_leaves': 51, 'learning_rate': 0.018602118810743477, 'subsample': 0.5877258780737462, 'colsample_bytree': 0.7657756869209191, 'min_child_samples': 63, 'reg_alpha': 0.005123994170264194, 'reg_lambda': 0.44145470178120466}. Best is trial 0 with value: 0.052905338304082686.
[I 2026-06-01 15:49:59,675] Trial 2 finished with value: 0.05415355728627058 and parameters: {'confidence_threshold': 0.7535593637012223, 'training_days': 310, 'n_estimators': 375, 'max_depth': 3, 'num_leaves': 32, 'learning_rate': 0.021735641882032388, 'subsample': 0.6468570231944146, 'colsample_bytree': 0.8154880619272439, 'min_child_samples': 27, 'reg_alpha': 8.004064028491336e-05, 'reg_lambda': 7.546835261630524e-05}. Best is trial 2 with value: 0.05415355728627058.
[I 2026-06-01 15:49:59,845] Trial 3 finished with value: 0.07064546949719006 and parameters: {'confidence_threshold': 0.6727897841776072, 'training_days': 220, 'n_estimators': 190, 'max_depth': 4, 'num_leaves': 58, 'learning_rate': 0.24810689332636193, 'subsample': 0.7509183379421682, 'colsample_bytree': 0.8119764758960556, 'min_child_samples': 29, 'reg_alpha': 7.1708285081421445e-06, 'reg_lambda': 5.412973582738627e-05}. Best is trial 3 with value: 0.07064546949719006.
[I 2026-06-01 15:49:59,958] Trial 4 finished with value: 0.12662739196131262 and parameters: {'confidence_threshold': 0.803208205259178, 'training_days': 130, 'n_estimators': 267, 'max_depth': 5, 'num_leaves': 40, 'learning_rate': 0.08041175317374143, 'subsample': 0.5603143329951619, 'colsample_bytree': 0.9131704002534167, 'min_child_samples': 68, 'reg_alpha': 0.0008046593428183385, 'reg_lambda': 1.2158346158765583e-05}. Best is trial 4 with value: 0.12662739196131262.
[I 2026-06-01 15:50:00,200] Trial 5 finished with value: 0.05071621401088511 and parameters: {'confidence_threshold': 0.6064422761595144, 'training_days': 210, 'n_estimators': 357, 'max_depth': 5, 'num_leaves': 40, 'learning_rate': 0.0974221287220869, 'subsample': 0.7929682762811064, 'colsample_bytree': 0.8124517510478, 'min_child_samples': 74, 'reg_alpha': 0.3811377260781234, 'reg_lambda': 5.607314238392041e-08}. Best is trial 4 with value: 0.12662739196131262.
