[I 2026-06-01 15:50:16,397] Trial 16 finished with value: 0.03599693957436847 and parameters: {'confidence_threshold': 0.6587794553119846, 'training_days': 280, 'n_estimators': 261, 'max_depth': 4, 'num_leaves': 51, 'learning_rate': 0.021342803802310486, 'subsample': 0.9116770713851491, 'colsample_bytree': 0.7209162599055009, 'min_child_samples': 46, 'reg_alpha': 2.077292719016441e-06, 'reg_lambda': 9.753853261204113e-06}. Best is trial 4 with value: 0.046714495893224774.
[I 2026-06-01 15:50:16,554] Trial 17 finished with value: 0.005294939204204529 and parameters: {'confidence_threshold': 0.5532219741896801, 'training_days': 330, 'n_estimators': 178, 'max_depth': 3, 'num_leaves': 61, 'learning_rate': 0.09696959023826315, 'subsample': 0.8002407697944357, 'colsample_bytree': 0.9920053259992261, 'min_child_samples': 70, 'reg_alpha': 1.2085417367722102e-08, 'reg_lambda': 0.03915126830293203}. Best is trial 4 with value: 0.046714495893224774.

    [trial 7] Sharpe=-0.0833 (folds: 0.0081, -0.0096, -0.0224, -0.1592, -0.2335)
    [trial 8] 48 features, training_days=200 | threshold=0.607 | labels: 1087 long, 1084 short (50/50%)
    [trial 8] Sharpe=0.0045 (folds: 0.1712, 0.0327, 0.0696, 0.0132, -0.2640)
    [trial 9] 48 features, training_days=260 | threshold=0.620 | labels: 1087 long, 1084 short (50/50%)
    [trial 9] Sharpe=-0.0109 (folds: 0.1437, 0.0812, -0.0021, -0.0302, -0.2472)
    [trial 10] 48 features, training_days=470 | threshold=0.845 | labels: 1087 long, 1084 short (50/50%)
    [trial 10] Sharpe=-0.0220 (folds: -0.1296, 0.0816, 0.0198, 0.0280, -0.1099)
    [trial 11] 48 features, training_days=20 | threshold=0.837 | labels: 1087 long, 1084 short (50/50%)
    [trial 11] Sharpe=-8.0568 (folds: -0.2842, -10.0000, -10.0000, -10.0000, -10.0000)
    [trial 12] 48 features, training_days=120 | threshold=0.798 | labels: 1087 long, 1084 short (50/50%)
    [trial 12] Sharpe=0.0126 (folds: 0.1634, 0.0993, 0.0936, -0.0003, -0.2929)
    [trial 13] 48 features, training_days=10 | threshold=0.719 | labels: 1087 long, 1084 short (50/50%)
    [trial 13] Sharpe=-2.0088 (folds: -10.0000, -0.0969, 0.1355, -0.1760, 0.0933)
    [trial 14] 48 features, training_days=340 | threshold=0.803 | labels: 1087 long, 1084 short (50/50%)
    [trial 14] Sharpe=0.0257 (folds: 0.2108, 0.0500, -0.0078, 0.0883, -0.2128)
    [trial 15] 48 features, training_days=90 | threshold=0.699 | labels: 1087 long, 1084 short (50/50%)
    [trial 15] Sharpe=-0.0411 (folds: 0.0746, 0.0365, -0.0688, -0.0044, -0.2431)
    [trial 16] 48 features, training_days=150 | threshold=0.794 | labels: 1087 long, 1084 short (50/50%)
    [trial 16] Sharpe=0.0514 (folds: 0.1824, 0.0829, 0.0948, 0.1386, -0.2418)
    [trial 17] 48 features, training_days=370 | threshold=0.500 | labels: 1087 long, 1084 short (50/50%)
    [trial 17] Sharpe=0.0233 (folds: 0.1554, 0.0618, 0.0567, 0.0400, -0.1976)
  Optuna: 18 trials, best Sharpe = 0.0652
  Best params: n_estimators=267, max_depth=5, lr=0.0804, leaves=40
  Best confidence_threshold: 0.803
  Best training_days: 130
  Retrained on full data (390 samples, 48 features)
  [ensemble 3/3] seed=456
    [trial 0] 48 features, training_days=90 | threshold=0.587 | labels: 1087 long, 1084 short (50/50%)
    [CV fold 0] train_end=2023-08-23 08:00 | val_start=2023-08-31 00:00 | gap=184h (22 rows)
    [CV fold 1] train_end=2023-12-21 16:00 | val_start=2023-12-29 08:00 | gap=184h (22 rows)
    [CV fold 2] train_end=2024-04-20 00:00 | val_start=2024-04-27 16:00 | gap=184h (22 rows)
    [CV fold 3] train_end=2024-08-18 08:00 | val_start=2024-08-26 00:00 | gap=184h (22 rows)
    [CV fold 4] train_end=2024-12-16 16:00 | val_start=2024-12-24 08:00 | gap=184h (22 rows)
    [trial 0] Sharpe=-0.0463 (folds: -0.0092, 0.0993, -0.0604, -0.0321, -0.2292)
    [trial 1] 48 features, training_days=290 | threshold=0.635 | labels: 1087 long, 1084 short (50/50%)
    [trial 1] Sharpe=0.0118 (folds: 0.1601, 0.1188, 0.0519, 0.0611, -0.3330)
    [trial 2] 48 features, training_days=10 | threshold=0.585 | labels: 1087 long, 1084 short (50/50%)
    [trial 2] Sharpe=0.0331 (folds: 0.2096, -0.0969, 0.1355, -0.1760, 0.0933)
    [trial 3] 48 features, training_days=220 | threshold=0.687 | labels: 1087 long, 1084 short (50/50%)
    [trial 3] Sharpe=-0.0123 (folds: 0.2625, -0.0397, 0.1081, 0.0007, -0.3934)
    [trial 4] 48 features, training_days=300 | threshold=0.562 | labels: 1087 long, 1084 short (50/50%)
    [trial 4] Sharpe=0.0467 (folds: 0.2139, 0.1005, 0.0631, 0.0277, -0.1716)
    [trial 5] 48 features, training_days=490 | threshold=0.711 | labels: 1087 long, 1084 short (50/50%)
    [trial 5] Sharpe=0.0161 (folds: 0.2329, 0.0623, 0.0237, -0.0490, -0.1895)
    [trial 6] 48 features, training_days=420 | threshold=0.667 | labels: 1087 long, 1084 short (50/50%)
    [trial 6] Sharpe=0.0387 (folds: 0.2997, 0.0748, -0.0249, 0.0022, -0.1583)
    [trial 7] 48 features, training_days=120 | threshold=0.550 | labels: 1087 long, 1084 short (50/50%)
    [trial 7] Sharpe=0.0307 (folds: 0.0682, 0.1505, 0.0263, 0.1683, -0.2599)
    [trial 8] 48 features, training_days=450 | threshold=0.720 | labels: 1087 long, 1084 short (50/50%)
    [trial 8] Sharpe=0.0080 (folds: 0.0851, 0.1061, 0.0185, 0.0061, -0.1757)
    [trial 9] 48 features, training_days=20 | threshold=0.727 | labels: 1087 long, 1084 short (50/50%)
    [trial 9] Sharpe=-4.0117 (folds: -0.2842, -10.0000, -10.0000, 0.1325, 0.0933)
    [trial 10] 48 features, training_days=320 | threshold=0.840 | labels: 1087 long, 1084 short (50/50%)
    [trial 10] Sharpe=0.0297 (folds: 0.2366, 0.0601, 0.0196, 0.0488, -0.2167)
    [trial 11] 48 features, training_days=390 | threshold=0.792 | labels: 1087 long, 1084 short (50/50%)
    [trial 11] Sharpe=-3.8752 (folds: 0.1941, 0.3080, 0.1217, -10.0000, -10.0000)
    [trial 12] 48 features, training_days=380 | threshold=0.515 | labels: 1087 long, 1084 short (50/50%)
    [trial 12] Sharpe=0.0037 (folds: 0.1594, 0.0434, -0.0133, -0.0119, -0.1589)
    [trial 13] 48 features, training_days=210 | threshold=0.631 | labels: 1087 long, 1084 short (50/50%)
    [trial 13] Sharpe=0.0172 (folds: 0.2089, 0.1142, 0.0394, 0.0279, -0.3042)
    [trial 14] 48 features, training_days=370 | threshold=0.505 | labels: 1087 long, 1084 short (50/50%)
    [trial 14] Sharpe=0.0359 (folds: 0.1518, 0.0551, 0.0660, 0.0389, -0.1321)
    [trial 15] 48 features, training_days=450 | threshold=0.610 | labels: 1087 long, 1084 short (50/50%)
    [trial 15] Sharpe=-0.0033 (folds: 0.2154, 0.0512, -0.0158, -0.0595, -0.2078)
    [trial 16] 48 features, training_days=280 | threshold=0.659 | labels: 1087 long, 1084 short (50/50%)
    [trial 16] Sharpe=0.0360 (folds: 0.2893, 0.0880, 0.0960, 0.0390, -0.3324)
    [trial 17] 48 features, training_days=330 | threshold=0.553 | labels: 1087 long, 1084 short (50/50%)
    [trial 17] Sharpe=0.0053 (folds: 0.1135, 0.0870, 0.0181, 0.0600, -0.2521)
  Optuna: 18 trials, best Sharpe = 0.0467
  Best params: n_estimators=69, max_depth=4, lr=0.1497, leaves=32
  Best confidence_threshold: 0.562
  Best training_days: 300
  Retrained on full data (900 samples, 48 features)
  OOD: 16 features, cutoff (q=0.7) = 14.14
  Model trained for 2025-05: 93 test candles with features, confidence_threshold=0.634
[trade:close] 2025-05-03 08:00 ETHUSDT SHORT → timeout @ 1825.58 | PnL=-1.45% (net -1.55%) | cum=-7.12% 2025-05=-1.55% 2025-05-03=-1.55%
[predict] 2025-05-04 00:00 ETHUSDT → SHORT (proba=0.66 TP=7.8%/SL=3.9%)
[trade:open] 2025-05-04 07:59 ETHUSDT SHORT @ 1840.24 | SL=1912.01 TP=1696.71 | timeout=2025-05-11 07:59
[trade:close] 2025-05-08 07:59 ETHUSDT SHORT → stop_loss @ 1912.01 | PnL=-3.90% (net -4.00%) | cum=-11.12% 2025-05=-5.55% 2025-05-08=-4.00%
[predict] 2025-05-13 00:00 ETHUSDT → SHORT (proba=0.66 TP=14.9%/SL=7.5%)
[trade:open] 2025-05-13 07:59 ETHUSDT SHORT @ 2459.90 | SL=2643.58 TP=2092.53 | timeout=2025-05-20 07:59
[trade:close] 2025-05-13 23:59 ETHUSDT SHORT → stop_loss @ 2643.58 | PnL=-7.47% (net -7.57%) | cum=-18.68% 2025-05=-13.11% 2025-05-13=-7.57%
[predict] 2025-05-25 16:00 ETHUSDT → SHORT (proba=0.71 TP=11.4%/SL=5.7%)
[trade:open] 2025-05-25 23:59 ETHUSDT SHORT @ 2550.03 | SL=2694.95 TP=2260.19 | timeout=2025-06-01 23:59
[trade:close] 2025-05-27 23:59 ETHUSDT SHORT → stop_loss @ 2694.95 | PnL=-5.68% (net -5.78%) | cum=-24.47% 2025-05=-18.90% 2025-05-27=-5.78%
[predict] 2025-05-28 16:00 ETHUSDT → SHORT (proba=0.67 TP=9.9%/SL=4.9%)
[trade:open] 2025-05-28 23:59 ETHUSDT SHORT @ 2680.40 | SL=2812.42 TP=2416.35 | timeout=2025-06-04 23:59
[lgbm] === Training for 2025-06 ===
  Train window: 2023-06-01 → 2025-05-24
  2171 training samples from 1 symbols
  Samples per month: 2023-06: 90, 2023-07: 93, 2023-08: 93, 2023-09: 90, 2023-10: 93, 2023-11: 90, 2023-12: 93, 2024-01: 93, 2024-02: 87, 2024-03: 93, 2024-04: 90, 2024-05: 93, 2024-06: 90, 2024-07: 93, 2024-08: 93, 2024-09: 90, 2024-10: 93, 2024-11: 90, 2024-12: 93, 2025-01: 93, 2025-02: 84, 2025-03: 93, 2025-04: 90, 2025-05: 71
  [label] 2023-08-01 16:00 ETHUSDT entry=1873.0500 → SHORT | long=sl(-2.32%) short=timeout(+0.84%) | scanned=22 | no_tp→fwd_return=-0.9444
  [label] 2023-08-04 00:00 ETHUSDT entry=1836.7300 → LONG | long=timeout(+0.53%) short=sl(-2.29%) | scanned=22 | no_tp→fwd_return=+0.6256[I 2026-06-01 15:50:17,273] A new study created in memory with name: no-name-c35fb335-6c5c-409b-8c67-538220a00af7
[I 2026-06-01 15:50:17,612] Trial 0 finished with value: -0.019974811870974718 and parameters: {'confidence_threshold': 0.6310890415965769, 'training_days': 480, 'n_estimators': 380, 'max_depth': 4, 'num_leaves': 22, 'learning_rate': 0.01699897838270077, 'subsample': 0.5290418060840998, 'colsample_bytree': 0.9330880728874675, 'min_child_samples': 68, 'reg_alpha': 0.023585940584142682, 'reg_lambda': 1.5320059381854043e-08}. Best is trial 0 with value: -0.019974811870974718.
[I 2026-06-01 15:50:17,733] Trial 1 finished with value: -1.990665310409641 and parameters: {'confidence_threshold': 0.839468448256698, 'training_days': 420, 'n_estimators': 145, 'max_depth': 3, 'num_leaves': 23, 'learning_rate': 0.028145092716060652, 'subsample': 0.762378215816119, 'colsample_bytree': 0.7159725093210578, 'min_child_samples': 43, 'reg_alpha': 0.0032112643094417484, 'reg_lambda': 1.8007140198129195e-07}. Best is trial 0 with value: -0.019974811870974718.
[I 2026-06-01 15:50:17,896] Trial 2 finished with value: 0.03659843482193736 and parameters: {'confidence_threshold': 0.6022506269873263, 'training_days': 190, 'n_estimators': 255, 'max_depth': 5, 'num_leaves': 24, 'learning_rate': 0.05748924681991978, 'subsample': 0.7962072844310213, 'colsample_bytree': 0.5232252063599989, 'min_child_samples': 69, 'reg_alpha': 3.425445902633376e-07, 'reg_lambda': 3.850031979199519e-08}. Best is trial 2 with value: 0.03659843482193736.
[I 2026-06-01 15:50:18,165] Trial 3 finished with value: 0.007915264306673275 and parameters: {'confidence_threshold': 0.8321099380386666, 'training_days': 490, 'n_estimators': 414, 'max_depth': 3, 'num_leaves': 19, 'learning_rate': 0.1024932221692416, 'subsample': 0.7200762468698007, 'colsample_bytree': 0.5610191174223894, 'min_child_samples': 60, 'reg_alpha': 2.039373116525212e-08, 'reg_lambda': 1.527156759251193}. Best is trial 2 with value: 0.03659843482193736.
[I 2026-06-01 15:50:18,338] Trial 4 finished with value: 0.02871409629290699 and parameters: {'confidence_threshold': 0.5905729935600059, 'training_days': 340, 'n_estimators': 190, 'max_depth': 4, 'num_leaves': 41, 'learning_rate': 0.01875220945578641, 'subsample': 0.9847923138822793, 'colsample_bytree': 0.8875664116805573, 'min_child_samples': 96, 'reg_alpha': 1.1309571585271483, 'reg_lambda': 0.002404915432737351}. Best is trial 2 with value: 0.03659843482193736.
[I 2026-06-01 15:50:18,383] Trial 5 finished with value: 0.031308077090015415 and parameters: {'confidence_threshold': 0.8226559822580909, 'training_days': 50, 'n_estimators': 138, 'max_depth': 3, 'num_leaves': 30, 'learning_rate': 0.03750796359625606, 'subsample': 0.6356745158869479, 'colsample_bytree': 0.9143687545759647, 'min_child_samples': 48, 'reg_alpha': 3.376063348877853e-06, 'reg_lambda': 0.0007660634613082914}. Best is trial 2 with value: 0.03659843482193736.
[I 2026-06-01 15:50:18,507] Trial 6 finished with value: 0.017738356385454474 and parameters: {'confidence_threshold': 0.5493234787411669, 'training_days': 410, 'n_estimators': 83, 'max_depth': 5, 'num_leaves': 52, 'learning_rate': 0.019657448966046126, 'subsample': 0.5027610585618012, 'colsample_bytree': 0.9077307142274171, 'min_child_samples': 77, 'reg_alpha': 0.03639690979811287, 'reg_lambda': 0.08738424135626986}. Best is trial 2 with value: 0.03659843482193736.
[I 2026-06-01 15:50:18,605] Trial 7 finished with value: 0.029181086707443703 and parameters: {'confidence_threshold': 0.5259156281069316, 'training_days': 180, 'n_estimators': 102, 'max_depth': 5, 'num_leaves': 45, 'learning_rate': 0.030816017044468066, 'subsample': 0.5317791751430119, 'colsample_bytree': 0.6554911608578311, 'min_child_samples': 46, 'reg_alpha': 0.036851536911881845, 'reg_lambda': 0.005470376807480391}. Best is trial 2 with value: 0.03659843482193736.
[I 2026-06-01 15:50:18,708] Trial 8 finished with value: -0.04730035350400168 and parameters: {'confidence_threshold': 0.8105244599017143, 'training_days': 240, 'n_estimators': 103, 'max_depth': 5, 'num_leaves': 52, 'learning_rate': 0.06746437142284309, 'subsample': 0.8854835899772805, 'colsample_bytree': 0.7468977981821954, 'min_child_samples': 62, 'reg_alpha': 7.04480806377519e-05, 'reg_lambda': 1.6934490731313353e-08}. Best is trial 2 with value: 0.03659843482193736.
[I 2026-06-01 15:50:18,732] Trial 9 finished with value: -2.0554886782585053 and parameters: {'confidence_threshold': 0.5377619994476566, 'training_days': 20, 'n_estimators': 337, 'max_depth': 3, 'num_leaves': 39, 'learning_rate': 0.21907142272152816, 'subsample': 0.6246461145744375, 'colsample_bytree': 0.7051914615178149, 'min_child_samples': 81, 'reg_alpha': 1.1459970229341322e-06, 'reg_lambda': 4.929685216887945e-08}. Best is trial 2 with value: 0.03659843482193736.
[I 2026-06-01 15:50:19,043] Trial 10 finished with value: 0.019210790801467204 and parameters: {'confidence_threshold': 0.6797821749717731, 'training_days': 150, 'n_estimators': 487, 'max_depth': 5, 'num_leaves': 31, 'learning_rate': 0.1457937958927628, 'subsample': 0.8271882613853766, 'colsample_bytree': 0.5054398545048813, 'min_child_samples': 27, 'reg_alpha': 1.290626345465208e-08, 'reg_lambda': 3.3639426888455256e-06}. Best is trial 2 with value: 0.03659843482193736.
[I 2026-06-01 15:50:19,072] Trial 11 finished with value: -10.0 and parameters: {'confidence_threshold': 0.716511937042965, 'training_days': 30, 'n_estimators': 245, 'max_depth': 4, 'num_leaves': 30, 'learning_rate': 0.04928235056220389, 'subsample': 0.6639587836397178, 'colsample_bytree': 0.8228184263283476, 'min_child_samples': 49, 'reg_alpha': 7.4159747489758236e-06, 'reg_lambda': 3.526824099171197e-05}. Best is trial 2 with value: 0.03659843482193736.
[I 2026-06-01 15:50:19,212] Trial 12 finished with value: -0.005522718098135704 and parameters: {'confidence_threshold': 0.7440898269688363, 'training_days': 110, 'n_estimators': 242, 'max_depth': 3, 'num_leaves': 30, 'learning_rate': 0.05445057683691509, 'subsample': 0.6278197009549424, 'colsample_bytree': 0.974119988488152, 'min_child_samples': 20, 'reg_alpha': 8.740817596203086e-07, 'reg_lambda': 3.5382603563116506e-05}. Best is trial 2 with value: 0.03659843482193736.
[I 2026-06-01 15:50:19,356] Trial 13 finished with value: 0.018797973886453555 and parameters: {'confidence_threshold': 0.6276232559146507, 'training_days': 90, 'n_estimators': 292, 'max_depth': 4, 'num_leaves': 62, 'learning_rate': 0.03614754421776377, 'subsample': 0.8170192869256112, 'colsample_bytree': 0.8271117220474519, 'min_child_samples': 38, 'reg_alpha': 5.455813891552554e-05, 'reg_lambda': 0.0007138495395699125}. Best is trial 2 with value: 0.03659843482193736.
[I 2026-06-01 15:50:19,490] Trial 14 finished with value: -1.9198397992478 and parameters: {'confidence_threshold': 0.7594036169129817, 'training_days': 250, 'n_estimators': 182, 'max_depth': 4, 'num_leaves': 15, 'learning_rate': 0.011598420046188914, 'subsample': 0.6862140018961148, 'colsample_bytree': 0.6139966073958775, 'min_child_samples': 87, 'reg_alpha': 3.2930395936439324e-07, 'reg_lambda': 2.3821707061012336e-06}. Best is trial 2 with value: 0.03659843482193736.
[I 2026-06-01 15:50:19,568] Trial 15 finished with value: 0.022775799154792043 and parameters: {'confidence_threshold': 0.6664943198736555, 'training_days': 200, 'n_estimators': 52, 'max_depth': 5, 'num_leaves': 34, 'learning_rate': 0.08974661203791316, 'subsample': 0.9076544123762091, 'colsample_bytree': 0.8215650950400787, 'min_child_samples': 56, 'reg_alpha': 1.3660453131128643e-07, 'reg_lambda': 0.10351163679178875}. Best is trial 2 with value: 0.03659843482193736.
[I 2026-06-01 15:50:19,703] Trial 16 finished with value: -0.036693605823851574 and parameters: {'confidence_threshold': 0.781805155649469, 'training_days': 320, 'n_estimators': 185, 'max_depth': 3, 'num_leaves': 27, 'learning_rate': 0.2839164582885758, 'subsample': 0.7828520818181552, 'colsample_bytree': 0.632035183231185, 'min_child_samples': 71, 'reg_alpha': 6.942661162177493e-06, 'reg_lambda': 3.877359240532991e-05}. Best is trial 2 with value: 0.03659843482193736.
[I 2026-06-01 15:50:19,795] Trial 17 finished with value: 0.03349552950834718 and parameters: {'confidence_threshold': 0.6050553809444194, 'training_days': 80, 'n_estimators': 267, 'max_depth': 4, 'num_leaves': 15, 'learning_rate': 0.04302553031342478, 'subsample': 0.5860119811430314, 'colsample_bytree': 0.9956385980717998, 'min_child_samples': 53, 'reg_alpha': 0.0005961727498011812, 'reg_lambda': 6.880925840516315e-07}. Best is trial 2 with value: 0.03659843482193736.
[I 2026-06-01 15:50:20,375] A new study created in memory with name: no-name-a267ca1a-e460-447a-96fe-fb32e4bc9df4
[I 2026-06-01 15:50:20,469] Trial 0 finished with value: 0.023562319508802675 and parameters: {'confidence_threshold': 0.7437642149592516, 'training_days': 150, 'n_estimators': 152, 'max_depth': 4, 'num_leaves': 50, 'learning_rate': 0.04216766425047743, 'subsample': 0.9903820991923078, 'colsample_bytree': 0.8424148692924316, 'min_child_samples': 58, 'reg_alpha': 3.381097259762742e-05, 'reg_lambda': 1.2263152961306247e-05}. Best is trial 0 with value: 0.023562319508802675.
[I 2026-06-01 15:50:20,546] Trial 1 finished with value: -1.998465100896062 and parameters: {'confidence_threshold': 0.7551673975844145, 'training_days': 220, 'n_estimators': 76, 'max_depth': 4, 'num_leaves': 51, 'learning_rate': 0.018602118810743477, 'subsample': 0.5877258780737462, 'colsample_bytree': 0.7657756869209191, 'min_child_samples': 63, 'reg_alpha': 0.005123994170264194, 'reg_lambda': 0.44145470178120466}. Best is trial 0 with value: 0.023562319508802675.
[I 2026-06-01 15:50:20,808] Trial 2 finished with value: -0.03985883321926677 and parameters: {'confidence_threshold': 0.7535593637012223, 'training_days': 310, 'n_estimators': 375, 'max_depth': 3, 'num_leaves': 32, 'learning_rate': 0.021735641882032388, 'subsample': 0.6468570231944146, 'colsample_bytree': 0.8154880619272439, 'min_child_samples': 27, 'reg_alpha': 8.004064028491336e-05, 'reg_lambda': 7.546835261630524e-05}. Best is trial 0 with value: 0.023562319508802675.
[I 2026-06-01 15:50:20,990] Trial 3 finished with value: -0.00771300827220836 and parameters: {'confidence_threshold': 0.6727897841776072, 'training_days': 220, 'n_estimators': 190, 'max_depth': 4, 'num_leaves': 58, 'learning_rate': 0.24810689332636193, 'subsample': 0.7509183379421682, 'colsample_bytree': 0.8119764758960556, 'min_child_samples': 29, 'reg_alpha': 7.1708285081421445e-06, 'reg_lambda': 5.412973582738627e-05}. Best is trial 0 with value: 0.023562319508802675.
