[I 2026-06-01 15:47:00,200] Trial 17 finished with value: 0.015861039257656827 and parameters: {'confidence_threshold': 0.8434793259563776, 'training_days': 370, 'n_estimators': 61, 'max_depth': 4, 'num_leaves': 16, 'learning_rate': 0.09953597213310683, 'subsample': 0.8002407697944357, 'colsample_bytree': 0.8969675137008241, 'min_child_samples': 70, 'reg_alpha': 0.009059609809598959, 'reg_lambda': 1.4037447472032009e-06}. Best is trial 16 with value: 0.16124469377685594.

    [trial 17] Sharpe=0.0516 (folds: 0.1250, -0.0233, -0.1726, -0.0899, 0.4189)
  Optuna: 18 trials, best Sharpe = 0.0960
  Best params: n_estimators=375, max_depth=3, lr=0.0217, leaves=32
  Best confidence_threshold: 0.754
  Best training_days: 310
  Retrained on full data (930 samples, 48 features)
  [ensemble 3/3] seed=456
    [trial 0] 48 features, training_days=90 | threshold=0.587 | labels: 992 long, 1176 short (46/54%)
    [CV fold 0] train_end=2022-02-22 08:00 | val_start=2022-03-02 00:00 | gap=184h (22 rows)
    [CV fold 1] train_end=2022-06-22 16:00 | val_start=2022-06-30 08:00 | gap=184h (22 rows)
    [CV fold 2] train_end=2022-10-21 00:00 | val_start=2022-10-28 16:00 | gap=184h (22 rows)
    [CV fold 3] train_end=2023-02-18 08:00 | val_start=2023-02-26 00:00 | gap=184h (22 rows)
    [CV fold 4] train_end=2023-06-18 16:00 | val_start=2023-06-26 08:00 | gap=184h (22 rows)
    [trial 0] Sharpe=-0.0117 (folds: -0.0050, -0.0354, -0.1118, 0.0376, 0.0561)
    [trial 1] 48 features, training_days=290 | threshold=0.635 | labels: 992 long, 1176 short (46/54%)
    [trial 1] Sharpe=0.0266 (folds: 0.0417, 0.1369, -0.2090, -0.1181, 0.2816)
    [trial 2] 48 features, training_days=10 | threshold=0.585 | labels: 992 long, 1176 short (46/54%)
    [trial 2] Sharpe=-0.1123 (folds: -0.3087, -0.0734, -0.1201, -0.0761, 0.0170)
    [trial 3] 48 features, training_days=220 | threshold=0.687 | labels: 992 long, 1176 short (46/54%)
    [trial 3] Sharpe=0.0717 (folds: 0.1263, 0.1706, -0.1598, -0.1058, 0.3271)
    [trial 4] 48 features, training_days=300 | threshold=0.562 | labels: 992 long, 1176 short (46/54%)
    [trial 4] Sharpe=0.0251 (folds: 0.1043, 0.0723, -0.1659, -0.1162, 0.2309)
    [trial 5] 48 features, training_days=490 | threshold=0.711 | labels: 992 long, 1176 short (46/54%)
    [trial 5] Sharpe=0.0519 (folds: 0.1249, 0.1481, -0.1630, -0.1393, 0.2889)
    [trial 6] 48 features, training_days=420 | threshold=0.667 | labels: 992 long, 1176 short (46/54%)
    [trial 6] Sharpe=0.0040 (folds: 0.0916, 0.1670, -0.2719, -0.2012, 0.2346)
    [trial 7] 48 features, training_days=120 | threshold=0.550 | labels: 992 long, 1176 short (46/54%)
    [trial 7] Sharpe=-0.0676 (folds: 0.0605, -0.0521, -0.2357, -0.1293, 0.0185)
    [trial 8] 48 features, training_days=450 | threshold=0.720 | labels: 992 long, 1176 short (46/54%)
    [trial 8] Sharpe=0.0151 (folds: 0.0695, 0.1602, -0.3474, -0.1546, 0.3477)
    [trial 9] 48 features, training_days=20 | threshold=0.727 | labels: 992 long, 1176 short (46/54%)
    [trial 9] Sharpe=-7.9509 (folds: 0.2457, -10.0000, -10.0000, -10.0000, -10.0000)
    [trial 10] 48 features, training_days=200 | threshold=0.828 | labels: 992 long, 1176 short (46/54%)
    [trial 10] Sharpe=-10.0000 (folds: -10.0000, -10.0000, -10.0000, -10.0000, -10.0000)
    [trial 11] 48 features, training_days=370 | threshold=0.777 | labels: 992 long, 1176 short (46/54%)
    [trial 11] Sharpe=0.0267 (folds: 0.1513, 0.1170, -0.2646, -0.1881, 0.3180)
    [trial 12] 48 features, training_days=200 | threshold=0.725 | labels: 992 long, 1176 short (46/54%)
    [trial 12] Sharpe=0.0726 (folds: 0.0831, 0.0865, -0.2314, 0.0371, 0.3877)
    [trial 13] 48 features, training_days=200 | threshold=0.788 | labels: 992 long, 1176 short (46/54%)
    [trial 13] Sharpe=0.0709 (folds: 0.1253, 0.0879, -0.2508, 0.0425, 0.3494)
    [trial 14] 48 features, training_days=210 | threshold=0.644 | labels: 992 long, 1176 short (46/54%)
    [trial 14] Sharpe=0.0353 (folds: 0.0246, 0.0885, -0.2909, -0.0694, 0.4235)
    [trial 15] 48 features, training_days=130 | threshold=0.759 | labels: 992 long, 1176 short (46/54%)
    [trial 15] Sharpe=-2.0290 (folds: 0.0981, -1.1670, -10.0000, -0.4248, 1.3487)
    [trial 16] 48 features, training_days=350 | threshold=0.848 | labels: 992 long, 1176 short (46/54%)
    [trial 16] Sharpe=0.1612 (folds: 0.3161, 0.0417, -0.1106, 0.1307, 0.4283)
    [trial 17] 48 features, training_days=370 | threshold=0.843 | labels: 992 long, 1176 short (46/54%)
    [trial 17] Sharpe=0.0159 (folds: 0.1361, -0.0061, -0.1722, -0.1643, 0.2857)
  Optuna: 18 trials, best Sharpe = 0.1612
  Best params: n_estimators=53, max_depth=4, lr=0.1172, leaves=15
  Best confidence_threshold: 0.848
  Best training_days: 350
  Retrained on full data (1050 samples, 48 features)
  OOD: 16 features, cutoff (q=0.7) = 14.47
  Model trained for 2023-11: 90 test candles with features, confidence_threshold=0.796
[predict] 2023-11-03 00:00 ETHUSDT → LONG (proba=0.84 TP=7.7%/SL=3.8%)
[trade:open] 2023-11-03 07:59 ETHUSDT LONG @ 1798.74 | SL=1729.91 TP=1936.40 | timeout=2023-11-10 07:59
[trade:close] 2023-11-09 15:59 ETHUSDT LONG → take_profit @ 1936.40 | PnL=+7.65% (net +7.55%) | cum=+19.87% 2023-11=+7.55% 2023-11-09=+7.55%
[predict] 2023-11-13 16:00 ETHUSDT → LONG (proba=0.80 TP=9.2%/SL=4.6%)
[trade:open] 2023-11-13 23:59 ETHUSDT LONG @ 2055.18 | SL=1960.47 TP=2244.59 | timeout=2023-11-20 23:59
[trade:close] 2023-11-14 23:59 ETHUSDT LONG → stop_loss @ 1960.47 | PnL=-4.61% (net -4.71%) | cum=+15.16% 2023-11=+2.85% 2023-11-14=-4.71%
[predict] 2023-11-18 16:00 ETHUSDT → SHORT (proba=0.80 TP=9.4%/SL=4.7%)
[trade:open] 2023-11-18 23:59 ETHUSDT SHORT @ 1963.19 | SL=2054.99 TP=1779.60 | timeout=2023-11-25 23:59
[trade:close] 2023-11-20 23:59 ETHUSDT SHORT → stop_loss @ 2054.99 | PnL=-4.68% (net -4.78%) | cum=+10.38% 2023-11=-1.93% 2023-11-20=-4.78%
[predict] 2023-11-25 00:00 ETHUSDT → SHORT (proba=0.81 TP=8.2%/SL=4.1%)
[trade:open] 2023-11-25 07:59 ETHUSDT SHORT @ 2088.47 | SL=2174.17 TP=1917.06 | timeout=2023-12-02 07:59
[lgbm] === Training for 2023-12 ===
  Train window: 2021-12-01 → 2023-11-23
  2168 training samples from 1 symbols
  Samples per month: 2021-12: 93, 2022-01: 93, 2022-02: 84, 2022-03: 93, 2022-04: 90, 2022-05: 93, 2022-06: 90, 2022-07: 93, 2022-08: 93, 2022-09: 90, 2022-10: 93, 2022-11: 90, 2022-12: 93, 2023-01: 93, 2023-02: 84, 2023-03: 93, 2023-04: 90, 2023-05: 93, 2023-06: 90, 2023-07: 93, 2023-08: 93, 2023-09: 90, 2023-10: 93, 2023-11: 68
  [label] 2022-01-31 16:00 ETHUSDT entry=2685.3400 → LONG | long=tp(+15.82%) short=sl(-8.06%) | scanned=20 | long_tp_only
  [label] 2022-02-02 16:00 ETHUSDT entry=2678.0000 → LONG | long=tp(+14.72%) short=sl(-7.51%) | scanned=12 | long_tp_only
  [label] 2022-02-06 16:00 ETHUSDT entry=3054.2600 → SHORT | long=sl(-6.08%) short=sl(-6.08%) | scanned=17 | no_tp→fwd_return=-5.6875
  [label] 2022-03-03 08:00 ETHUSDT entry=2827.5600 → SHORT | long=sl(-8.21%) short=timeout(+8.09%) | scanned=22 | no_tp→fwd_return=-8.1922
  [label] 2022-04-24 16:00 ETHUSDT entry=2918.9700 → LONG | long=sl(-4.11%) short=sl(-4.11%) | scanned=4 | no_tp→fwd_return=+2.8531
  [label] 2022-10-07 16:00 ETHUSDT entry=1330.4100 → SHORT | long=sl(-4.25%) short=tp(+8.21%) | scanned=17 | short_tp_only
  [label] 2022-10-11 16:00 ETHUSDT entry=1279.6800 → SHORT | long=sl(-3.63%) short=tp(+6.97%) | scanned=5 | short_tp_only
  [label] 2022-10-22 08:00 ETHUSDT entry=1315.5800 → LONG | long=tp(+6.43%) short=sl(-3.36%) | scanned=9 | long_tp_only
  [label] 2022-12-06 08:00 ETHUSDT entry=1253.7900 → LONG | long=timeout(+5.50%) short=sl(-4.14%) | scanned=22 | no_tp→fwd_return=+5.5998
  [label] 2022-12-14 16:00 ETHUSDT entry=1307.7600 → SHORT | long=sl(-4.10%) short=tp(+7.91%) | scanned=5 | short_tp_only
  [label] 2023-03-15 00:00 ETHUSDT entry=1706.1000 → LONG | long=timeout(+4.92%) short=sl(-6.56%) | scanned=22 | no_tp→fwd_return=+5.0190
  [label] 2023-04-16 00:00 ETHUSDT entry=2098.0000 → SHORT | long=sl(-3.98%) short=tp(+7.66%) | scanned=11 | short_tp_only
  [label] 2023-05-02 00:00 ETHUSDT entry=1834.8800 → LONG | long=tp(+8.04%) short=sl(-4.17%) | scanned=11 | long_tp_only
  [label] 2023-05-14 16:00 ETHUSDT entry=1798.2500 → LONG | long=timeout(+0.21%) short=timeout(-0.41%) | scanned=22 | no_tp→fwd_return=+0.3136
  [label] 2023-06-02 08:00 ETHUSDT entry=1890.8800 → SHORT | long=sl(-3.14%) short=tp(+5.98%) | scanned=10 | short_tp_only
  [label] 2023-06-08 16:00 ETHUSDT entry=1844.9400 → SHORT | long=sl(-3.00%) short=tp(+5.71%) | scanned=4 | short_tp_only
  [label] 2023-06-21 00:00 ETHUSDT entry=1812.0500 → LONG | long=tp(+6.87%) short=sl(-3.59%) | scanned=8 | long_tp_only[I 2026-06-01 15:47:00,754] A new study created in memory with name: no-name-71e5ca7d-070f-4463-a812-57f3c0d50713
[I 2026-06-01 15:47:01,124] Trial 0 finished with value: -0.08120276637045591 and parameters: {'confidence_threshold': 0.6310890415965769, 'training_days': 480, 'n_estimators': 380, 'max_depth': 4, 'num_leaves': 22, 'learning_rate': 0.01699897838270077, 'subsample': 0.5290418060840998, 'colsample_bytree': 0.9330880728874675, 'min_child_samples': 68, 'reg_alpha': 0.023585940584142682, 'reg_lambda': 1.5320059381854043e-08}. Best is trial 0 with value: -0.08120276637045591.
[I 2026-06-01 15:47:01,257] Trial 1 finished with value: -4.00963598739149 and parameters: {'confidence_threshold': 0.839468448256698, 'training_days': 420, 'n_estimators': 145, 'max_depth': 3, 'num_leaves': 23, 'learning_rate': 0.028145092716060652, 'subsample': 0.762378215816119, 'colsample_bytree': 0.7159725093210578, 'min_child_samples': 43, 'reg_alpha': 0.0032112643094417484, 'reg_lambda': 1.8007140198129195e-07}. Best is trial 0 with value: -0.08120276637045591.
[I 2026-06-01 15:47:01,411] Trial 2 finished with value: -0.04893103829623282 and parameters: {'confidence_threshold': 0.6022506269873263, 'training_days': 190, 'n_estimators': 255, 'max_depth': 5, 'num_leaves': 24, 'learning_rate': 0.05748924681991978, 'subsample': 0.7962072844310213, 'colsample_bytree': 0.5232252063599989, 'min_child_samples': 69, 'reg_alpha': 3.425445902633376e-07, 'reg_lambda': 3.850031979199519e-08}. Best is trial 2 with value: -0.04893103829623282.
[I 2026-06-01 15:47:01,689] Trial 3 finished with value: -0.05210588660400885 and parameters: {'confidence_threshold': 0.8321099380386666, 'training_days': 490, 'n_estimators': 414, 'max_depth': 3, 'num_leaves': 19, 'learning_rate': 0.1024932221692416, 'subsample': 0.7200762468698007, 'colsample_bytree': 0.5610191174223894, 'min_child_samples': 60, 'reg_alpha': 2.039373116525212e-08, 'reg_lambda': 1.527156759251193}. Best is trial 2 with value: -0.04893103829623282.
[I 2026-06-01 15:47:01,855] Trial 4 finished with value: -0.11086039770753602 and parameters: {'confidence_threshold': 0.5905729935600059, 'training_days': 340, 'n_estimators': 190, 'max_depth': 4, 'num_leaves': 41, 'learning_rate': 0.01875220945578641, 'subsample': 0.9847923138822793, 'colsample_bytree': 0.8875664116805573, 'min_child_samples': 96, 'reg_alpha': 1.1309571585271483, 'reg_lambda': 0.002404915432737351}. Best is trial 2 with value: -0.04893103829623282.
[I 2026-06-01 15:47:01,894] Trial 5 finished with value: -2.0626366350398153 and parameters: {'confidence_threshold': 0.8226559822580909, 'training_days': 50, 'n_estimators': 138, 'max_depth': 3, 'num_leaves': 30, 'learning_rate': 0.03750796359625606, 'subsample': 0.6356745158869479, 'colsample_bytree': 0.9143687545759647, 'min_child_samples': 48, 'reg_alpha': 3.376063348877853e-06, 'reg_lambda': 0.0007660634613082914}. Best is trial 2 with value: -0.04893103829623282.
[I 2026-06-01 15:47:02,012] Trial 6 finished with value: -0.06841285864016684 and parameters: {'confidence_threshold': 0.5493234787411669, 'training_days': 410, 'n_estimators': 83, 'max_depth': 5, 'num_leaves': 52, 'learning_rate': 0.019657448966046126, 'subsample': 0.5027610585618012, 'colsample_bytree': 0.9077307142274171, 'min_child_samples': 77, 'reg_alpha': 0.03639690979811287, 'reg_lambda': 0.08738424135626986}. Best is trial 2 with value: -0.04893103829623282.
[I 2026-06-01 15:47:02,104] Trial 7 finished with value: -0.09608339321545253 and parameters: {'confidence_threshold': 0.5259156281069316, 'training_days': 180, 'n_estimators': 102, 'max_depth': 5, 'num_leaves': 45, 'learning_rate': 0.030816017044468066, 'subsample': 0.5317791751430119, 'colsample_bytree': 0.6554911608578311, 'min_child_samples': 46, 'reg_alpha': 0.036851536911881845, 'reg_lambda': 0.005470376807480391}. Best is trial 2 with value: -0.04893103829623282.
[I 2026-06-01 15:47:02,206] Trial 8 finished with value: -0.09023969604111337 and parameters: {'confidence_threshold': 0.8105244599017143, 'training_days': 240, 'n_estimators': 103, 'max_depth': 5, 'num_leaves': 52, 'learning_rate': 0.06746437142284309, 'subsample': 0.8854835899772805, 'colsample_bytree': 0.7468977981821954, 'min_child_samples': 62, 'reg_alpha': 7.04480806377519e-05, 'reg_lambda': 1.6934490731313353e-08}. Best is trial 2 with value: -0.04893103829623282.
[I 2026-06-01 15:47:02,232] Trial 9 finished with value: 0.007372296810372034 and parameters: {'confidence_threshold': 0.5377619994476566, 'training_days': 20, 'n_estimators': 337, 'max_depth': 3, 'num_leaves': 39, 'learning_rate': 0.21907142272152816, 'subsample': 0.6246461145744375, 'colsample_bytree': 0.7051914615178149, 'min_child_samples': 81, 'reg_alpha': 1.1459970229341322e-06, 'reg_lambda': 4.929685216887945e-08}. Best is trial 9 with value: 0.007372296810372034.
[I 2026-06-01 15:47:02,263] Trial 10 finished with value: -2.0466758934768787 and parameters: {'confidence_threshold': 0.7449289185605341, 'training_days': 10, 'n_estimators': 487, 'max_depth': 3, 'num_leaves': 61, 'learning_rate': 0.21914469472126635, 'subsample': 0.628963476300746, 'colsample_bytree': 0.8189858776055304, 'min_child_samples': 27, 'reg_alpha': 2.8948477959263623e-05, 'reg_lambda': 3.3639426888455256e-06}. Best is trial 9 with value: 0.007372296810372034.
[I 2026-06-01 15:47:02,369] Trial 11 finished with value: -0.12270413739894973 and parameters: {'confidence_threshold': 0.6708802976642027, 'training_days': 130, 'n_estimators': 281, 'max_depth': 4, 'num_leaves': 33, 'learning_rate': 0.2910304752534194, 'subsample': 0.7958418179650298, 'colsample_bytree': 0.5032632600247324, 'min_child_samples': 85, 'reg_alpha': 1.260146289504815e-07, 'reg_lambda': 7.868729181011707e-06}. Best is trial 9 with value: 0.007372296810372034.
[I 2026-06-01 15:47:02,457] Trial 12 finished with value: -0.048111434502506725 and parameters: {'confidence_threshold': 0.5838353006368809, 'training_days': 110, 'n_estimators': 291, 'max_depth': 4, 'num_leaves': 31, 'learning_rate': 0.11263608439461861, 'subsample': 0.6351715277449148, 'colsample_bytree': 0.6327427400434502, 'min_child_samples': 100, 'reg_alpha': 8.662989110493308e-07, 'reg_lambda': 6.848626651232871e-06}. Best is trial 9 with value: 0.007372296810372034.
[I 2026-06-01 15:47:02,537] Trial 13 finished with value: -0.044311948600529213 and parameters: {'confidence_threshold': 0.5094494321774911, 'training_days': 80, 'n_estimators': 327, 'max_depth': 4, 'num_leaves': 34, 'learning_rate': 0.1323245689458992, 'subsample': 0.6359003123018457, 'colsample_bytree': 0.6339862131655408, 'min_child_samples': 98, 'reg_alpha': 2.918959074484913e-06, 'reg_lambda': 1.3472797234352198e-05}. Best is trial 9 with value: 0.007372296810372034.
[I 2026-06-01 15:47:02,621] Trial 14 finished with value: -0.015618795947122 and parameters: {'confidence_threshold': 0.5166952287705054, 'training_days': 80, 'n_estimators': 353, 'max_depth': 3, 'num_leaves': 37, 'learning_rate': 0.15967921648819136, 'subsample': 0.6863837559378709, 'colsample_bytree': 0.6254953683460666, 'min_child_samples': 87, 'reg_alpha': 1.8563481801894803e-05, 'reg_lambda': 7.973810114949508e-07}. Best is trial 9 with value: 0.007372296810372034.
[I 2026-06-01 15:47:02,650] Trial 15 finished with value: -0.07555034478209754 and parameters: {'confidence_threshold': 0.503124239209782, 'training_days': 10, 'n_estimators': 408, 'max_depth': 3, 'num_leaves': 46, 'learning_rate': 0.20075997117219702, 'subsample': 0.6943845973931931, 'colsample_bytree': 0.8102189341141462, 'min_child_samples': 85, 'reg_alpha': 0.00045178715147421966, 'reg_lambda': 4.5291861204824975e-07}. Best is trial 9 with value: 0.007372296810372034.
[I 2026-06-01 15:47:02,852] Trial 16 finished with value: -0.05185993055296532 and parameters: {'confidence_threshold': 0.7170083907962185, 'training_days': 270, 'n_estimators': 355, 'max_depth': 3, 'num_leaves': 41, 'learning_rate': 0.16502858722233776, 'subsample': 0.5857048342377573, 'colsample_bytree': 0.6803395985027783, 'min_child_samples': 86, 'reg_alpha': 1.0106090861600038e-08, 'reg_lambda': 9.19019030651031e-05}. Best is trial 9 with value: 0.007372296810372034.
[I 2026-06-01 15:47:03,063] Trial 17 finished with value: -0.10954004209437791 and parameters: {'confidence_threshold': 0.5552829550210197, 'training_days': 170, 'n_estimators': 462, 'max_depth': 3, 'num_leaves': 15, 'learning_rate': 0.010425658055299656, 'subsample': 0.689395682380455, 'colsample_bytree': 0.9956385980717998, 'min_child_samples': 77, 'reg_alpha': 4.690173649987399e-05, 'reg_lambda': 6.880925840516315e-07}. Best is trial 9 with value: 0.007372296810372034.
[I 2026-06-01 15:47:03,309] A new study created in memory with name: no-name-14aa6b0f-cf35-4912-8284-edc794ca91f0
[I 2026-06-01 15:47:03,416] Trial 0 finished with value: -0.1497773316396034 and parameters: {'confidence_threshold': 0.7437642149592516, 'training_days': 150, 'n_estimators': 152, 'max_depth': 4, 'num_leaves': 50, 'learning_rate': 0.04216766425047743, 'subsample': 0.9903820991923078, 'colsample_bytree': 0.8424148692924316, 'min_child_samples': 58, 'reg_alpha': 3.381097259762742e-05, 'reg_lambda': 1.2263152961306247e-05}. Best is trial 0 with value: -0.1497773316396034.
[I 2026-06-01 15:47:03,486] Trial 1 finished with value: -3.945968142710386 and parameters: {'confidence_threshold': 0.7551673975844145, 'training_days': 220, 'n_estimators': 76, 'max_depth': 4, 'num_leaves': 51, 'learning_rate': 0.018602118810743477, 'subsample': 0.5877258780737462, 'colsample_bytree': 0.7657756869209191, 'min_child_samples': 63, 'reg_alpha': 0.005123994170264194, 'reg_lambda': 0.44145470178120466}. Best is trial 0 with value: -0.1497773316396034.
[I 2026-06-01 15:47:03,767] Trial 2 finished with value: -0.12170288942576213 and parameters: {'confidence_threshold': 0.7535593637012223, 'training_days': 310, 'n_estimators': 375, 'max_depth': 3, 'num_leaves': 32, 'learning_rate': 0.021735641882032388, 'subsample': 0.6468570231944146, 'colsample_bytree': 0.8154880619272439, 'min_child_samples': 27, 'reg_alpha': 8.004064028491336e-05, 'reg_lambda': 7.546835261630524e-05}. Best is trial 2 with value: -0.12170288942576213.
[I 2026-06-01 15:47:03,957] Trial 3 finished with value: -0.028749516283483868 and parameters: {'confidence_threshold': 0.6727897841776072, 'training_days': 220, 'n_estimators': 190, 'max_depth': 4, 'num_leaves': 58, 'learning_rate': 0.24810689332636193, 'subsample': 0.7509183379421682, 'colsample_bytree': 0.8119764758960556, 'min_child_samples': 29, 'reg_alpha': 7.1708285081421445e-06, 'reg_lambda': 5.412973582738627e-05}. Best is trial 3 with value: -0.028749516283483868.
[I 2026-06-01 15:47:04,098] Trial 4 finished with value: -0.09158533772717095 and parameters: {'confidence_threshold': 0.803208205259178, 'training_days': 130, 'n_estimators': 267, 'max_depth': 5, 'num_leaves': 40, 'learning_rate': 0.08041175317374143, 'subsample': 0.5603143329951619, 'colsample_bytree': 0.9131704002534167, 'min_child_samples': 68, 'reg_alpha': 0.0008046593428183385, 'reg_lambda': 1.2158346158765583e-05}. Best is trial 3 with value: -0.028749516283483868.
[I 2026-06-01 15:47:04,364] Trial 5 finished with value: -0.027983320469497263 and parameters: {'confidence_threshold': 0.6064422761595144, 'training_days': 210, 'n_estimators': 357, 'max_depth': 5, 'num_leaves': 40, 'learning_rate': 0.0974221287220869, 'subsample': 0.7929682762811064, 'colsample_bytree': 0.8124517510478, 'min_child_samples': 74, 'reg_alpha': 0.3811377260781234, 'reg_lambda': 5.607314238392041e-08}. Best is trial 5 with value: -0.027983320469497263.
[I 2026-06-01 15:47:04,481] Trial 6 finished with value: -0.05573083152288895 and parameters: {'confidence_threshold': 0.7672889945051684, 'training_days': 130, 'n_estimators': 137, 'max_depth': 4, 'num_leaves': 19, 'learning_rate': 0.2031117614248665, 'subsample': 0.8136244860256343, 'colsample_bytree': 0.8617081790949774, 'min_child_samples': 21, 'reg_alpha': 0.002238138278733199, 'reg_lambda': 0.001025809534977322}. Best is trial 5 with value: -0.027983320469497263.
[I 2026-06-01 15:47:04,549] Trial 7 finished with value: -0.03375876613278666 and parameters: {'confidence_threshold': 0.555635875450653, 'training_days': 80, 'n_estimators': 363, 'max_depth': 3, 'num_leaves': 48, 'learning_rate': 0.06590089024008658, 'subsample': 0.6944752870615722, 'colsample_bytree': 0.962566244806993, 'min_child_samples': 88, 'reg_alpha': 1.6465620446426067e-05, 'reg_lambda': 2.4678750890085655e-08}. Best is trial 5 with value: -0.027983320469497263.
[I 2026-06-01 15:47:04,907] Trial 8 finished with value: 0.0010933883537132844 and parameters: {'confidence_threshold': 0.6066688256938841, 'training_days': 200, 'n_estimators': 367, 'max_depth': 5, 'num_leaves': 32, 'learning_rate': 0.13377519215934996, 'subsample': 0.7965884582811106, 'colsample_bytree': 0.8458508993500886, 'min_child_samples': 32, 'reg_alpha': 3.889436043816386e-05, 'reg_lambda': 1.4713062489380356e-06}. Best is trial 8 with value: 0.0010933883537132844.
