[I 2026-06-01 15:48:02,586] Trial 9 finished with value: 0.03842525744691828 and parameters: {'confidence_threshold': 0.6202096049169137, 'training_days': 260, 'n_estimators': 350, 'max_depth': 3, 'num_leaves': 21, 'learning_rate': 0.02989540198065364, 'subsample': 0.8307821683331218, 'colsample_bytree': 0.923253112635361, 'min_child_samples': 64, 'reg_alpha': 0.4898604619604203, 'reg_lambda': 2.9076377687066166e-05}. Best is trial 9 with value: 0.03842525744691828.
[I 2026-06-01 15:48:02,926] Trial 10 finished with value: -0.04751446236249139 and parameters: {'confidence_threshold': 0.5342665212695602, 'training_days': 470, 'n_estimators': 493, 'max_depth': 3, 'num_leaves': 17, 'learning_rate': 0.010221918552934462, 'subsample': 0.9317514110288623, 'colsample_bytree': 0.6202684210924141, 'min_child_samples': 47, 'reg_alpha': 2.371385268938747e-08, 'reg_lambda': 0.010291221835057122}. Best is trial 9 with value: 0.03842525744691828.
[I 2026-06-01 15:48:03,116] Trial 11 finished with value: -0.0361347472591681 and parameters: {'confidence_threshold': 0.6840516532713735, 'training_days': 340, 'n_estimators': 234, 'max_depth': 3, 'num_leaves': 61, 'learning_rate': 0.03481626436053209, 'subsample': 0.9957871000674493, 'colsample_bytree': 0.6778283959364831, 'min_child_samples': 50, 'reg_alpha': 5.56438571366154, 'reg_lambda': 1.5530863293959958e-06}. Best is trial 9 with value: 0.03842525744691828.
[I 2026-06-01 15:48:03,141] Trial 12 finished with value: -2.065363121562101 and parameters: {'confidence_threshold': 0.66034247783242, 'training_days': 10, 'n_estimators': 51, 'max_depth': 4, 'num_leaves': 26, 'learning_rate': 0.03554970762940541, 'subsample': 0.8941395335595879, 'colsample_bytree': 0.5201164353688423, 'min_child_samples': 83, 'reg_alpha': 3.9876523655594356e-07, 'reg_lambda': 0.003961388082671552}. Best is trial 9 with value: 0.03842525744691828.
[I 2026-06-01 15:48:03,494] Trial 13 finished with value: -0.04051495189801271 and parameters: {'confidence_threshold': 0.7078202321087464, 'training_days': 390, 'n_estimators': 475, 'max_depth': 3, 'num_leaves': 49, 'learning_rate': 0.04317436237981049, 'subsample': 0.8793324382461142, 'colsample_bytree': 0.9292621018379528, 'min_child_samples': 51, 'reg_alpha': 0.06836747032241897, 'reg_lambda': 1.326712683298711e-06}. Best is trial 9 with value: 0.03842525744691828.
[I 2026-06-01 15:48:03,633] Trial 14 finished with value: 0.024502139795315382 and parameters: {'confidence_threshold': 0.6167463177098105, 'training_days': 290, 'n_estimators': 162, 'max_depth': 4, 'num_leaves': 25, 'learning_rate': 0.02126917802421522, 'subsample': 0.987518629681391, 'colsample_bytree': 0.9977226699583523, 'min_child_samples': 95, 'reg_alpha': 0.03811558081491512, 'reg_lambda': 0.07597426064842482}. Best is trial 9 with value: 0.03842525744691828.
[I 2026-06-01 15:48:03,799] Trial 15 finished with value: -0.036784279211244365 and parameters: {'confidence_threshold': 0.8260782159980345, 'training_days': 130, 'n_estimators': 300, 'max_depth': 4, 'num_leaves': 56, 'learning_rate': 0.05062153254411768, 'subsample': 0.8644646476808627, 'colsample_bytree': 0.7209251544817151, 'min_child_samples': 55, 'reg_alpha': 9.061543342246209, 'reg_lambda': 3.5532501480887757}. Best is trial 9 with value: 0.03842525744691828.
[I 2026-06-01 15:48:04,105] Trial 16 finished with value: -0.08426489152289944 and parameters: {'confidence_threshold': 0.7232342869186332, 'training_days': 390, 'n_estimators': 438, 'max_depth': 3, 'num_leaves': 44, 'learning_rate': 0.011618707686079076, 'subsample': 0.9526510928301031, 'colsample_bytree': 0.8998014720332306, 'min_child_samples': 75, 'reg_alpha': 1.6323832176782968e-06, 'reg_lambda': 0.0002786624127605132}. Best is trial 9 with value: 0.03842525744691828.

  [label] 2024-01-08 00:00 ETHUSDT entry=2223.5100 → LONG | long=tp(+8.47%) short=sl(-4.39%) | scanned=7 | long_tp_only
  [label] 2024-04-03 08:00 ETHUSDT entry=3330.7700 → LONG | long=tp(+10.99%) short=sl(-5.64%) | scanned=16 | long_tp_only
  Labels: 1124 long (51.8%), 1047 short (48.2%) | weights: min=1.00, mean=2.80, max=10.00
  Features: 2171/2171 matched, 48 columns
  CV gap: 22 rows
  [ensemble 1/3] seed=42
    [trial 0] 48 features, training_days=480 | threshold=0.631 | labels: 1124 long, 1047 short (52/48%)
    [CV fold 0] train_end=2022-08-23 08:00 | val_start=2022-08-31 00:00 | gap=184h (22 rows)
    [CV fold 1] train_end=2022-12-21 16:00 | val_start=2022-12-29 08:00 | gap=184h (22 rows)
    [CV fold 2] train_end=2023-04-21 00:00 | val_start=2023-04-28 16:00 | gap=184h (22 rows)
    [CV fold 3] train_end=2023-08-19 08:00 | val_start=2023-08-27 00:00 | gap=184h (22 rows)
    [CV fold 4] train_end=2023-12-17 16:00 | val_start=2023-12-25 08:00 | gap=184h (22 rows)
    [trial 0] Sharpe=-0.0275 (folds: -0.0950, -0.0398, -0.0457, 0.0473, -0.0043)
    [trial 1] 48 features, training_days=420 | threshold=0.839 | labels: 1124 long, 1047 short (52/48%)
    [trial 1] Sharpe=-5.9703 (folds: -0.0349, 0.1832, -10.0000, -10.0000, -10.0000)
    [trial 2] 48 features, training_days=190 | threshold=0.602 | labels: 1124 long, 1047 short (52/48%)
    [trial 2] Sharpe=-0.0198 (folds: -0.0982, -0.0535, -0.0980, 0.1118, 0.0387)
    [trial 3] 48 features, training_days=490 | threshold=0.832 | labels: 1124 long, 1047 short (52/48%)
    [trial 3] Sharpe=-0.0763 (folds: -0.1078, -0.1341, 0.0099, 0.0108, -0.1603)
    [trial 4] 48 features, training_days=340 | threshold=0.591 | labels: 1124 long, 1047 short (52/48%)
    [trial 4] Sharpe=-0.0118 (folds: -0.0482, -0.0147, -0.1199, 0.1137, 0.0099)
    [trial 5] 48 features, training_days=50 | threshold=0.823 | labels: 1124 long, 1047 short (52/48%)
    [trial 5] Sharpe=-0.0230 (folds: 0.2206, -0.3057, -0.0787, 0.1340, -0.0853)
    [trial 6] 48 features, training_days=410 | threshold=0.549 | labels: 1124 long, 1047 short (52/48%)
    [trial 6] Sharpe=-0.0609 (folds: -0.0346, -0.1369, -0.2012, -0.0561, 0.1243)
    [trial 7] 48 features, training_days=180 | threshold=0.526 | labels: 1124 long, 1047 short (52/48%)
    [trial 7] Sharpe=0.0276 (folds: -0.0683, 0.0186, -0.1962, 0.2446, 0.1391)
    [trial 8] 48 features, training_days=240 | threshold=0.811 | labels: 1124 long, 1047 short (52/48%)
    [trial 8] Sharpe=0.0579 (folds: -0.0603, -0.0461, -0.0342, 0.3720, 0.0580)
    [trial 9] 48 features, training_days=20 | threshold=0.538 | labels: 1124 long, 1047 short (52/48%)
    [trial 9] Sharpe=-0.0966 (folds: 0.0407, -0.1562, 0.0025, -0.2944, -0.0756)
    [trial 10] 48 features, training_days=280 | threshold=0.734 | labels: 1124 long, 1047 short (52/48%)
    [trial 10] Sharpe=0.0273 (folds: -0.0855, 0.0346, 0.0198, 0.0908, 0.0767)
    [trial 11] 48 features, training_days=170 | threshold=0.719 | labels: 1124 long, 1047 short (52/48%)
    [trial 11] Sharpe=-0.0379 (folds: -0.1026, -0.1220, -0.2216, 0.1122, 0.1446)
    [trial 12] 48 features, training_days=140 | threshold=0.736 | labels: 1124 long, 1047 short (52/48%)
    [trial 12] Sharpe=0.0329 (folds: -0.0262, -0.0961, -0.0796, 0.2050, 0.1615)
    [trial 13] 48 features, training_days=110 | threshold=0.768 | labels: 1124 long, 1047 short (52/48%)
    [trial 13] Sharpe=-0.0086 (folds: -0.0049, -0.0903, -0.3171, 0.1387, 0.2305)
    [trial 14] 48 features, training_days=260 | threshold=0.680 | labels: 1124 long, 1047 short (52/48%)
    [trial 14] Sharpe=0.0553 (folds: 0.0007, -0.0418, -0.0456, 0.3147, 0.0486)
    [trial 15] 48 features, training_days=250 | threshold=0.682 | labels: 1124 long, 1047 short (52/48%)
    [trial 15] Sharpe=0.0375 (folds: 0.0141, -0.0803, -0.0849, 0.3083, 0.0303)
    [trial 16] 48 features, training_days=270 | threshold=0.785 | labels: 1124 long, 1047 short (52/48%)
    [trial 16] Sharpe=0.0238 (folds: -0.0967, 0.0315, -0.0623, 0.1414, 0.1049)
    [trial 17] 48 features, training_days=330 | threshold=0.665 | labels: 1124 long, 1047 short (52/48%)
    [trial 17] Sharpe=-0.0295 (folds: 0.0115, -0.0914, -0.1430, 0.0391, 0.0364)
  Optuna: 18 trials, best Sharpe = 0.0579
  Best params: n_estimators=103, max_depth=5, lr=0.0675, leaves=52
  Best confidence_threshold: 0.811
  Best training_days: 240
  Retrained on full data (720 samples, 48 features)
  [ensemble 2/3] seed=123
    [trial 0] 48 features, training_days=150 | threshold=0.744 | labels: 1124 long, 1047 short (52/48%)
    [CV fold 0] train_end=2022-08-23 08:00 | val_start=2022-08-31 00:00 | gap=184h (22 rows)
    [CV fold 1] train_end=2022-12-21 16:00 | val_start=2022-12-29 08:00 | gap=184h (22 rows)
    [CV fold 2] train_end=2023-04-21 00:00 | val_start=2023-04-28 16:00 | gap=184h (22 rows)
    [CV fold 3] train_end=2023-08-19 08:00 | val_start=2023-08-27 00:00 | gap=184h (22 rows)
    [CV fold 4] train_end=2023-12-17 16:00 | val_start=2023-12-25 08:00 | gap=184h (22 rows)
    [trial 0] Sharpe=0.0274 (folds: -0.0894, 0.1123, -0.2450, 0.2773, 0.0816)
    [trial 1] 48 features, training_days=220 | threshold=0.755 | labels: 1124 long, 1047 short (52/48%)
    [trial 1] Sharpe=-2.0612 (folds: -0.4276, -0.0543, -10.0000, -0.2149, 0.3908)
    [trial 2] 48 features, training_days=310 | threshold=0.754 | labels: 1124 long, 1047 short (52/48%)
    [trial 2] Sharpe=-0.0387 (folds: 0.0012, -0.1280, -0.2078, 0.0978, 0.0435)
    [trial 3] 48 features, training_days=220 | threshold=0.673 | labels: 1124 long, 1047 short (52/48%)
    [trial 3] Sharpe=0.0180 (folds: -0.0781, 0.0413, -0.0621, 0.1208, 0.0679)
    [trial 4] 48 features, training_days=130 | threshold=0.803 | labels: 1124 long, 1047 short (52/48%)
    [trial 4] Sharpe=-0.0421 (folds: -0.0938, -0.2800, -0.1609, 0.2124, 0.1120)
    [trial 5] 48 features, training_days=210 | threshold=0.606 | labels: 1124 long, 1047 short (52/48%)
    [trial 5] Sharpe=-0.0186 (folds: -0.1578, -0.1284, -0.0121, 0.1147, 0.0905)
    [trial 6] 48 features, training_days=130 | threshold=0.767 | labels: 1124 long, 1047 short (52/48%)
    [trial 6] Sharpe=-0.0117 (folds: -0.0612, -0.1261, -0.1680, 0.1606, 0.1361)
    [trial 7] 48 features, training_days=80 | threshold=0.556 | labels: 1124 long, 1047 short (52/48%)
    [trial 7] Sharpe=0.0102 (folds: 0.0185, -0.1463, -0.2090, 0.0929, 0.2950)
    [trial 8] 48 features, training_days=200 | threshold=0.607 | labels: 1124 long, 1047 short (52/48%)
    [trial 8] Sharpe=0.0188 (folds: -0.0771, -0.0319, 0.0167, 0.0971, 0.0894)
    [trial 9] 48 features, training_days=260 | threshold=0.620 | labels: 1124 long, 1047 short (52/48%)
    [trial 9] Sharpe=0.0384 (folds: -0.0834, -0.0629, -0.0784, 0.2876, 0.1292)
    [trial 10] 48 features, training_days=470 | threshold=0.534 | labels: 1124 long, 1047 short (52/48%)
    [trial 10] Sharpe=-0.0475 (folds: -0.0386, -0.1319, -0.1058, 0.0016, 0.0371)
    [trial 11] 48 features, training_days=340 | threshold=0.684 | labels: 1124 long, 1047 short (52/48%)
    [trial 11] Sharpe=-0.0361 (folds: -0.1063, -0.0661, -0.1306, 0.0991, 0.0232)
    [trial 12] 48 features, training_days=10 | threshold=0.660 | labels: 1124 long, 1047 short (52/48%)
    [trial 12] Sharpe=-2.0654 (folds: 0.0407, -10.0000, 0.0025, -0.2944, -0.0756)
    [trial 13] 48 features, training_days=390 | threshold=0.708 | labels: 1124 long, 1047 short (52/48%)
    [trial 13] Sharpe=-0.0405 (folds: -0.1188, -0.0779, -0.0845, 0.0379, 0.0408)
    [trial 14] 48 features, training_days=290 | threshold=0.617 | labels: 1124 long, 1047 short (52/48%)
    [trial 14] Sharpe=0.0245 (folds: -0.0418, 0.0684, -0.0780, 0.1216, 0.0523)
    [trial 15] 48 features, training_days=130 | threshold=0.826 | labels: 1124 long, 1047 short (52/48%)
    [trial 15] Sharpe=-0.0368 (folds: -0.0040, -0.1338, -0.4040, 0.2449, 0.1130)
    [trial 16] 48 features, training_days=390 | threshold=0.723 | labels: 1124 long, 1047 short (52/48%)
    [trial 16] Sharpe=-0.0843 (folds: -0.0619, -0.1527, -0.1608, -0.1053, 0.0594)
    [trial 17] 48 features, training_days=40 | threshold=0.500 | labels: 1124 long, 1047 short (52/48%)
    [trial 17] Sharpe=-0.0689 (folds: 0.0790, -0.0335, -0.0191, -0.2085, -0.1623)[I 2026-06-01 15:48:04,160] Trial 17 finished with value: -0.06889169071797652 and parameters: {'confidence_threshold': 0.5004748807695347, 'training_days': 40, 'n_estimators': 220, 'max_depth': 5, 'num_leaves': 32, 'learning_rate': 0.02878502401489677, 'subsample': 0.7099269644716071, 'colsample_bytree': 0.7444531483120822, 'min_child_samples': 44, 'reg_alpha': 1.1757174970758209e-07, 'reg_lambda': 1.6801200786640447e-07}. Best is trial 9 with value: 0.03842525744691828.
[I 2026-06-01 15:48:04,510] A new study created in memory with name: no-name-9f759fd1-675f-4aee-bab8-7c277e7cd426
[I 2026-06-01 15:48:04,696] Trial 0 finished with value: -0.02202337252043579 and parameters: {'confidence_threshold': 0.5870645682749857, 'training_days': 90, 'n_estimators': 403, 'max_depth': 5, 'num_leaves': 45, 'learning_rate': 0.0780457193679974, 'subsample': 0.9428509515574568, 'colsample_bytree': 0.8795587339164916, 'min_child_samples': 34, 'reg_alpha': 2.2465901234314442e-07, 'reg_lambda': 8.339007036475363e-05}. Best is trial 0 with value: -0.02202337252043579.
[I 2026-06-01 15:48:04,804] Trial 1 finished with value: 0.03742052478486364 and parameters: {'confidence_threshold': 0.6348453934275313, 'training_days': 290, 'n_estimators': 115, 'max_depth': 5, 'num_leaves': 37, 'learning_rate': 0.06949568759029946, 'subsample': 0.8228505074024268, 'colsample_bytree': 0.8616703220431751, 'min_child_samples': 75, 'reg_alpha': 4.2486822725010923e-07, 'reg_lambda': 1.157247767047042e-07}. Best is trial 1 with value: 0.03742052478486364.
[I 2026-06-01 15:48:04,820] Trial 2 finished with value: -2.065363121562101 and parameters: {'confidence_threshold': 0.5849570384370288, 'training_days': 10, 'n_estimators': 212, 'max_depth': 3, 'num_leaves': 41, 'learning_rate': 0.18452095998378365, 'subsample': 0.6001060822924371, 'colsample_bytree': 0.5673167293506167, 'min_child_samples': 37, 'reg_alpha': 5.733250064217131, 'reg_lambda': 0.5308454292595461}. Best is trial 1 with value: 0.03742052478486364.
[I 2026-06-01 15:48:04,908] Trial 3 finished with value: 0.008956296844697094 and parameters: {'confidence_threshold': 0.6868248626683718, 'training_days': 220, 'n_estimators': 134, 'max_depth': 3, 'num_leaves': 45, 'learning_rate': 0.033529007907491595, 'subsample': 0.8647277071858408, 'colsample_bytree': 0.778494116634046, 'min_child_samples': 96, 'reg_alpha': 2.409409937265785e-07, 'reg_lambda': 1.1642073478060009}. Best is trial 1 with value: 0.03742052478486364.
[I 2026-06-01 15:48:04,994] Trial 4 finished with value: -0.03334693188487396 and parameters: {'confidence_threshold': 0.5623121348350352, 'training_days': 300, 'n_estimators': 69, 'max_depth': 4, 'num_leaves': 32, 'learning_rate': 0.14967629360700346, 'subsample': 0.5054535233636654, 'colsample_bytree': 0.7401385194659216, 'min_child_samples': 27, 'reg_alpha': 1.4212042567426725e-07, 'reg_lambda': 0.23605753701352003}. Best is trial 1 with value: 0.03742052478486364.
[I 2026-06-01 15:48:05,427] Trial 5 finished with value: -0.054302628362525106 and parameters: {'confidence_threshold': 0.7111850244908446, 'training_days': 490, 'n_estimators': 362, 'max_depth': 5, 'num_leaves': 40, 'learning_rate': 0.05960785724162737, 'subsample': 0.5589714368907717, 'colsample_bytree': 0.6659006943232806, 'min_child_samples': 42, 'reg_alpha': 0.6741360303045295, 'reg_lambda': 6.054601607143087e-08}. Best is trial 1 with value: 0.03742052478486364.
[I 2026-06-01 15:48:05,614] Trial 6 finished with value: -0.04355304521621191 and parameters: {'confidence_threshold': 0.667482545748023, 'training_days': 420, 'n_estimators': 279, 'max_depth': 3, 'num_leaves': 45, 'learning_rate': 0.040099592560849204, 'subsample': 0.8563114696415159, 'colsample_bytree': 0.5442917781944105, 'min_child_samples': 50, 'reg_alpha': 1.6407916423707903e-08, 'reg_lambda': 2.935907642973286e-05}. Best is trial 1 with value: 0.03742052478486364.
[I 2026-06-01 15:48:05,766] Trial 7 finished with value: -0.05357238215182984 and parameters: {'confidence_threshold': 0.5497381024139926, 'training_days': 120, 'n_estimators': 408, 'max_depth': 5, 'num_leaves': 38, 'learning_rate': 0.28049122657745795, 'subsample': 0.8806573338635493, 'colsample_bytree': 0.5454054113547102, 'min_child_samples': 63, 'reg_alpha': 0.01263008637940408, 'reg_lambda': 0.04588020805366937}. Best is trial 1 with value: 0.03742052478486364.
[I 2026-06-01 15:48:06,052] Trial 8 finished with value: -0.02017536913388384 and parameters: {'confidence_threshold': 0.719644804808716, 'training_days': 450, 'n_estimators': 410, 'max_depth': 4, 'num_leaves': 57, 'learning_rate': 0.04022026551478857, 'subsample': 0.5336085426932707, 'colsample_bytree': 0.5705742850577543, 'min_child_samples': 100, 'reg_alpha': 5.916398047912201e-07, 'reg_lambda': 0.9794034214488329}. Best is trial 1 with value: 0.03742052478486364.
[I 2026-06-01 15:48:06,079] Trial 9 finished with value: -6.050747668245292 and parameters: {'confidence_threshold': 0.7267463643917187, 'training_days': 20, 'n_estimators': 337, 'max_depth': 5, 'num_leaves': 23, 'learning_rate': 0.022153031811454605, 'subsample': 0.6305627572358737, 'colsample_bytree': 0.6613413774216214, 'min_child_samples': 81, 'reg_alpha': 5.7638634029410314e-08, 'reg_lambda': 8.26603016764008}. Best is trial 1 with value: 0.03742052478486364.
[I 2026-06-01 15:48:06,248] Trial 10 finished with value: -6.002167444693165 and parameters: {'confidence_threshold': 0.8398533911817929, 'training_days': 320, 'n_estimators': 181, 'max_depth': 4, 'num_leaves': 15, 'learning_rate': 0.013684491588422613, 'subsample': 0.7320664585010437, 'colsample_bytree': 0.9944479338273263, 'min_child_samples': 74, 'reg_alpha': 4.136971884522066e-05, 'reg_lambda': 1.4599322889399585e-08}. Best is trial 1 with value: 0.03742052478486364.
[I 2026-06-01 15:48:06,308] Trial 11 finished with value: -0.002986479743512298 and parameters: {'confidence_threshold': 0.6435110568867387, 'training_days': 210, 'n_estimators': 53, 'max_depth': 3, 'num_leaves': 54, 'learning_rate': 0.09545304377912815, 'subsample': 0.7822362848789972, 'colsample_bytree': 0.8566211708639163, 'min_child_samples': 100, 'reg_alpha': 2.5646023357365184e-05, 'reg_lambda': 1.8393286658602933e-06}. Best is trial 1 with value: 0.03742052478486364.
[I 2026-06-01 15:48:06,413] Trial 12 finished with value: -4.047215456952104 and parameters: {'confidence_threshold': 0.8008961038526314, 'training_days': 220, 'n_estimators': 139, 'max_depth': 4, 'num_leaves': 30, 'learning_rate': 0.02305899614846357, 'subsample': 0.9912016966112274, 'colsample_bytree': 0.8319084769095351, 'min_child_samples': 83, 'reg_alpha': 3.5050805301964397e-06, 'reg_lambda': 0.0068100699869264635}. Best is trial 1 with value: 0.03742052478486364.
[I 2026-06-01 15:48:06,530] Trial 13 finished with value: -0.012434602215008276 and parameters: {'confidence_threshold': 0.5040535938350955, 'training_days': 350, 'n_estimators': 135, 'max_depth': 3, 'num_leaves': 50, 'learning_rate': 0.031051893769270974, 'subsample': 0.7766339475545845, 'colsample_bytree': 0.9448617910348931, 'min_child_samples': 88, 'reg_alpha': 0.0005805747634954001, 'reg_lambda': 1.365367432655861e-06}. Best is trial 1 with value: 0.03742052478486364.
[I 2026-06-01 15:48:06,803] Trial 14 finished with value: 0.0572431445454822 and parameters: {'confidence_threshold': 0.6309174332741587, 'training_days': 170, 'n_estimators': 500, 'max_depth': 4, 'num_leaves': 31, 'learning_rate': 0.012869232175915853, 'subsample': 0.7021152153601553, 'colsample_bytree': 0.7768174862622209, 'min_child_samples': 66, 'reg_alpha': 0.0011197032848975455, 'reg_lambda': 0.0025446837785191097}. Best is trial 14 with value: 0.0572431445454822.
[I 2026-06-01 15:48:07,034] Trial 15 finished with value: 0.08348982487390312 and parameters: {'confidence_threshold': 0.6325314983039326, 'training_days': 150, 'n_estimators': 477, 'max_depth': 4, 'num_leaves': 28, 'learning_rate': 0.010013444684742322, 'subsample': 0.6950075818145962, 'colsample_bytree': 0.74733321811274, 'min_child_samples': 65, 'reg_alpha': 0.0039049007097085777, 'reg_lambda': 0.0013467843257158065}. Best is trial 15 with value: 0.08348982487390312.
[I 2026-06-01 15:48:07,255] Trial 16 finished with value: 0.02574220772711299 and parameters: {'confidence_threshold': 0.6298914187676877, 'training_days': 140, 'n_estimators': 479, 'max_depth': 4, 'num_leaves': 23, 'learning_rate': 0.01007380845845505, 'subsample': 0.681583175098162, 'colsample_bytree': 0.7183849820870691, 'min_child_samples': 59, 'reg_alpha': 0.006040352218498052, 'reg_lambda': 0.002205008318889522}. Best is trial 15 with value: 0.08348982487390312.
