[I 2026-06-01 15:48:26,581] Trial 17 finished with value: -0.09780373498561315 and parameters: {'confidence_threshold': 0.6933246457809219, 'training_days': 140, 'n_estimators': 269, 'max_depth': 4, 'num_leaves': 50, 'learning_rate': 0.03837799148665616, 'subsample': 0.9272655966967175, 'colsample_bytree': 0.6675732857585037, 'min_child_samples': 93, 'reg_alpha': 0.000117481373396229, 'reg_lambda': 0.0012242091645949845}. Best is trial 16 with value: 0.07891200447177578.

    [trial 12] 48 features, training_days=320 | threshold=0.667 | labels: 1152 long, 1019 short (53/47%)
    [trial 12] Sharpe=0.0101 (folds: -0.1867, -0.0128, 0.2715, 0.0214, -0.0428)
    [trial 13] 48 features, training_days=10 | threshold=0.720 | labels: 1152 long, 1019 short (53/47%)
    [trial 13] Sharpe=-0.0940 (folds: -0.1023, -0.1002, 0.0247, -0.3870, 0.0950)
    [trial 14] 48 features, training_days=490 | threshold=0.606 | labels: 1152 long, 1019 short (53/47%)
    [trial 14] Sharpe=0.0455 (folds: 0.0244, -0.0393, 0.2271, -0.0067, 0.0219)
    [trial 15] 48 features, training_days=310 | threshold=0.711 | labels: 1152 long, 1019 short (53/47%)
    [trial 15] Sharpe=0.0116 (folds: -0.0829, -0.0615, 0.2139, 0.0622, -0.0739)
    [trial 16] 48 features, training_days=380 | threshold=0.646 | labels: 1152 long, 1019 short (53/47%)
    [trial 16] Sharpe=-0.0312 (folds: -0.1411, -0.0553, 0.2650, -0.1750, -0.0499)
    [trial 17] 48 features, training_days=270 | threshold=0.562 | labels: 1152 long, 1019 short (53/47%)
    [trial 17] Sharpe=0.0088 (folds: -0.1531, -0.0193, 0.2816, 0.0103, -0.0754)
  Optuna: 18 trials, best Sharpe = 0.0765
  Best params: n_estimators=375, max_depth=3, lr=0.0217, leaves=32
  Best confidence_threshold: 0.754
  Best training_days: 310
  Retrained on full data (930 samples, 48 features)
  [ensemble 3/3] seed=456
    [trial 0] 48 features, training_days=90 | threshold=0.587 | labels: 1152 long, 1019 short (53/47%)
    [CV fold 0] train_end=2022-10-23 08:00 | val_start=2022-10-31 00:00 | gap=184h (22 rows)
    [CV fold 1] train_end=2023-02-20 16:00 | val_start=2023-02-28 08:00 | gap=184h (22 rows)
    [CV fold 2] train_end=2023-06-21 00:00 | val_start=2023-06-28 16:00 | gap=184h (22 rows)
    [CV fold 3] train_end=2023-10-19 08:00 | val_start=2023-10-27 00:00 | gap=184h (22 rows)
    [CV fold 4] train_end=2024-02-16 16:00 | val_start=2024-02-24 08:00 | gap=184h (22 rows)
    [trial 0] Sharpe=-0.0684 (folds: -0.1421, 0.0125, 0.0511, -0.2447, -0.0189)
    [trial 1] 48 features, training_days=290 | threshold=0.635 | labels: 1152 long, 1019 short (53/47%)
    [trial 1] Sharpe=0.0136 (folds: -0.1380, -0.0511, 0.3259, -0.0146, -0.0540)
    [trial 2] 48 features, training_days=10 | threshold=0.585 | labels: 1152 long, 1019 short (53/47%)
    [trial 2] Sharpe=-0.0940 (folds: -0.1023, -0.1002, 0.0247, -0.3870, 0.0950)
    [trial 3] 48 features, training_days=220 | threshold=0.687 | labels: 1152 long, 1019 short (53/47%)
    [trial 3] Sharpe=0.0572 (folds: 0.1656, -0.2002, 0.2693, 0.2312, -0.1798)
    [trial 4] 48 features, training_days=300 | threshold=0.562 | labels: 1152 long, 1019 short (53/47%)
    [trial 4] Sharpe=0.0122 (folds: -0.2036, -0.0183, 0.1894, 0.1240, -0.0305)
    [trial 5] 48 features, training_days=490 | threshold=0.711 | labels: 1152 long, 1019 short (53/47%)
    [trial 5] Sharpe=-0.0331 (folds: -0.1822, -0.0287, 0.2127, -0.1816, 0.0146)
    [trial 6] 48 features, training_days=420 | threshold=0.667 | labels: 1152 long, 1019 short (53/47%)
    [trial 6] Sharpe=-0.0602 (folds: -0.0914, -0.0942, 0.1860, -0.2499, -0.0517)
    [trial 7] 48 features, training_days=120 | threshold=0.550 | labels: 1152 long, 1019 short (53/47%)
    [trial 7] Sharpe=-0.1121 (folds: -0.1142, -0.1292, 0.0172, -0.2269, -0.1074)
    [trial 8] 48 features, training_days=450 | threshold=0.720 | labels: 1152 long, 1019 short (53/47%)
    [trial 8] Sharpe=-0.0790 (folds: -0.1665, -0.1082, 0.2365, -0.3065, -0.0506)
    [trial 9] 48 features, training_days=20 | threshold=0.727 | labels: 1152 long, 1019 short (53/47%)
    [trial 9] Sharpe=-7.9810 (folds: -10.0000, -10.0000, -10.0000, -10.0000, 0.0950)
    [trial 10] 48 features, training_days=200 | threshold=0.828 | labels: 1152 long, 1019 short (53/47%)
    [trial 10] Sharpe=-8.0262 (folds: -10.0000, -10.0000, -10.0000, -0.1312, -10.0000)
    [trial 11] 48 features, training_days=300 | threshold=0.644 | labels: 1152 long, 1019 short (53/47%)
    [trial 11] Sharpe=-0.0014 (folds: 0.2971, -0.3272, -0.0427, 0.1255, -0.0598)
    [trial 12] 48 features, training_days=220 | threshold=0.801 | labels: 1152 long, 1019 short (53/47%)
    [trial 12] Sharpe=-0.0008 (folds: -0.2664, -0.0321, 0.1885, 0.1901, -0.0841)
    [trial 13] 48 features, training_days=350 | threshold=0.504 | labels: 1152 long, 1019 short (53/47%)
    [trial 13] Sharpe=0.0088 (folds: -0.0249, -0.1036, 0.2496, 0.0162, -0.0936)
    [trial 14] 48 features, training_days=170 | threshold=0.631 | labels: 1152 long, 1019 short (53/47%)
    [trial 14] Sharpe=-0.0008 (folds: 0.0397, -0.2084, 0.0192, 0.1645, -0.0188)
    [trial 15] 48 features, training_days=370 | threshold=0.776 | labels: 1152 long, 1019 short (53/47%)
    [trial 15] Sharpe=-0.0554 (folds: -0.1690, -0.0244, 0.3448, -0.3063, -0.1220)
    [trial 16] 48 features, training_days=260 | threshold=0.619 | labels: 1152 long, 1019 short (53/47%)
    [trial 16] Sharpe=0.0789 (folds: 0.0851, -0.0943, 0.3183, 0.1824, -0.0969)
    [trial 17] 48 features, training_days=140 | threshold=0.693 | labels: 1152 long, 1019 short (53/47%)
    [trial 17] Sharpe=-0.0978 (folds: -0.1070, -0.4027, 0.0393, 0.0622, -0.0808)
  Optuna: 18 trials, best Sharpe = 0.0789
  Best params: n_estimators=108, max_depth=5, lr=0.0427, leaves=50
  Best confidence_threshold: 0.619
  Best training_days: 260
  Retrained on full data (780 samples, 48 features)
  OOD: 16 features, cutoff (q=0.7) = 14.90
  Model trained for 2024-07: 93 test candles with features, confidence_threshold=0.732
[trade:close] 2024-07-02 08:00 ETHUSDT LONG → timeout @ 3438.35 | PnL=+2.32% (net +2.22%) | cum=-14.75% 2024-07=+2.22% 2024-07-02=+2.22%
[predict] 2024-07-03 08:00 ETHUSDT → LONG (proba=0.91 TP=6.5%/SL=3.3%)
[trade:open] 2024-07-03 15:59 ETHUSDT LONG @ 3302.59 | SL=3195.00 TP=3517.78 | timeout=2024-07-10 15:59
[trade:close] 2024-07-04 07:59 ETHUSDT LONG → stop_loss @ 3195.00 | PnL=-3.26% (net -3.36%) | cum=-18.11% 2024-07=-1.14% 2024-07-04=-3.36%
[predict] 2024-07-06 08:00 ETHUSDT → LONG (proba=0.81 TP=10.9%/SL=5.5%)
[trade:open] 2024-07-06 15:59 ETHUSDT LONG @ 3018.44 | SL=2853.67 TP=3347.97 | timeout=2024-07-13 15:59
[trade:close] 2024-07-08 07:59 ETHUSDT LONG → stop_loss @ 2853.67 | PnL=-5.46% (net -5.56%) | cum=-23.67% 2024-07=-6.70% 2024-07-08=-5.56%
[predict] 2024-07-11 16:00 ETHUSDT → SHORT (proba=0.82 TP=10.0%/SL=5.0%)
[trade:open] 2024-07-11 23:59 ETHUSDT SHORT @ 3098.25 | SL=3253.17 TP=2788.40 | timeout=2024-07-18 23:59
[trade:close] 2024-07-14 23:59 ETHUSDT SHORT → stop_loss @ 3253.17 | PnL=-5.00% (net -5.10%) | cum=-28.77% 2024-07=-11.80% 2024-07-14=-5.10%
[predict] 2024-07-19 08:00 ETHUSDT → SHORT (proba=0.76 TP=8.5%/SL=4.3%)
[trade:open] 2024-07-19 15:59 ETHUSDT SHORT @ 3463.59 | SL=3611.18 TP=3168.42 | timeout=2024-07-26 15:59
[trade:close] 2024-07-25 07:59 ETHUSDT SHORT → take_profit @ 3168.42 | PnL=+8.52% (net +8.42%) | cum=-20.35% 2024-07=-3.38% 2024-07-25=+8.42%
[predict] 2024-07-27 16:00 ETHUSDT → SHORT (proba=0.83 TP=9.1%/SL=4.6%)
[trade:open] 2024-07-27 23:59 ETHUSDT SHORT @ 3248.17 | SL=3396.30 TP=2951.92 | timeout=2024-08-03 23:59
[lgbm] === Training for 2024-08 ===
  Train window: 2022-08-01 → 2024-07-24
  2171 training samples from 1 symbols
  Samples per month: 2022-08: 93, 2022-09: 90, 2022-10: 93, 2022-11: 90, 2022-12: 93, 2023-01: 93, 2023-02: 84, 2023-03: 93, 2023-04: 90, 2023-05: 93, 2023-06: 90, 2023-07: 93, 2023-08: 93, 2023-09: 90, 2023-10: 93, 2023-11: 90, 2023-12: 93, 2024-01: 93, 2024-02: 87, 2024-03: 93, 2024-04: 90, 2024-05: 93, 2024-06: 90, 2024-07: 71
  [label] 2022-10-01 16:00 ETHUSDT entry=1311.3100 → LONG | long=timeout(+0.16%) short=timeout(-0.36%) | scanned=22 | no_tp→fwd_return=+0.2616
  [label] 2022-10-04 00:00 ETHUSDT entry=1349.5900 → SHORT | long=sl(-5.01%) short=timeout(+4.81%) | scanned=22 | no_tp→fwd_return=-4.9148
  [label] 2022-10-07 16:00 ETHUSDT entry=1330.4100 → SHORT | long=sl(-4.25%) short=tp(+8.21%) | scanned=17 | short_tp_only
  [label] 2022-11-01 08:00 ETHUSDT entry=1573.4800 → SHORT | long=sl(-5.58%) short=sl(-5.58%) | scanned=20 | no_tp→fwd_return=-5.2412
  [label] 2022-12-24 00:00 ETHUSDT entry=1219.9000 → SHORT | long=sl(-3.50%) short=timeout(+1.78%) | scanned=22 | no_tp→fwd_return=-1.8797[I 2026-06-01 15:48:27,174] A new study created in memory with name: no-name-e48f43fb-4836-41b7-acf1-59563a294c80
[I 2026-06-01 15:48:27,495] Trial 0 finished with value: -0.04007942019441361 and parameters: {'confidence_threshold': 0.6310890415965769, 'training_days': 480, 'n_estimators': 380, 'max_depth': 4, 'num_leaves': 22, 'learning_rate': 0.01699897838270077, 'subsample': 0.5290418060840998, 'colsample_bytree': 0.9330880728874675, 'min_child_samples': 68, 'reg_alpha': 0.023585940584142682, 'reg_lambda': 1.5320059381854043e-08}. Best is trial 0 with value: -0.04007942019441361.
[I 2026-06-01 15:48:27,621] Trial 1 finished with value: -2.0366867511366413 and parameters: {'confidence_threshold': 0.839468448256698, 'training_days': 420, 'n_estimators': 145, 'max_depth': 3, 'num_leaves': 23, 'learning_rate': 0.028145092716060652, 'subsample': 0.762378215816119, 'colsample_bytree': 0.7159725093210578, 'min_child_samples': 43, 'reg_alpha': 0.0032112643094417484, 'reg_lambda': 1.8007140198129195e-07}. Best is trial 0 with value: -0.04007942019441361.
[I 2026-06-01 15:48:27,775] Trial 2 finished with value: -0.015276536838249394 and parameters: {'confidence_threshold': 0.6022506269873263, 'training_days': 190, 'n_estimators': 255, 'max_depth': 5, 'num_leaves': 24, 'learning_rate': 0.05748924681991978, 'subsample': 0.7962072844310213, 'colsample_bytree': 0.5232252063599989, 'min_child_samples': 69, 'reg_alpha': 3.425445902633376e-07, 'reg_lambda': 3.850031979199519e-08}. Best is trial 2 with value: -0.015276536838249394.
[I 2026-06-01 15:48:28,061] Trial 3 finished with value: -0.017429814111557324 and parameters: {'confidence_threshold': 0.8321099380386666, 'training_days': 490, 'n_estimators': 414, 'max_depth': 3, 'num_leaves': 19, 'learning_rate': 0.1024932221692416, 'subsample': 0.7200762468698007, 'colsample_bytree': 0.5610191174223894, 'min_child_samples': 60, 'reg_alpha': 2.039373116525212e-08, 'reg_lambda': 1.527156759251193}. Best is trial 2 with value: -0.015276536838249394.
[I 2026-06-01 15:48:28,246] Trial 4 finished with value: -0.05443277562561812 and parameters: {'confidence_threshold': 0.5905729935600059, 'training_days': 340, 'n_estimators': 190, 'max_depth': 4, 'num_leaves': 41, 'learning_rate': 0.01875220945578641, 'subsample': 0.9847923138822793, 'colsample_bytree': 0.8875664116805573, 'min_child_samples': 96, 'reg_alpha': 1.1309571585271483, 'reg_lambda': 0.002404915432737351}. Best is trial 2 with value: -0.015276536838249394.
[I 2026-06-01 15:48:28,290] Trial 5 finished with value: 0.029413143024930193 and parameters: {'confidence_threshold': 0.8226559822580909, 'training_days': 50, 'n_estimators': 138, 'max_depth': 3, 'num_leaves': 30, 'learning_rate': 0.03750796359625606, 'subsample': 0.6356745158869479, 'colsample_bytree': 0.9143687545759647, 'min_child_samples': 48, 'reg_alpha': 3.376063348877853e-06, 'reg_lambda': 0.0007660634613082914}. Best is trial 5 with value: 0.029413143024930193.
[I 2026-06-01 15:48:28,397] Trial 6 finished with value: -0.0413933982316125 and parameters: {'confidence_threshold': 0.5493234787411669, 'training_days': 410, 'n_estimators': 83, 'max_depth': 5, 'num_leaves': 52, 'learning_rate': 0.019657448966046126, 'subsample': 0.5027610585618012, 'colsample_bytree': 0.9077307142274171, 'min_child_samples': 77, 'reg_alpha': 0.03639690979811287, 'reg_lambda': 0.08738424135626986}. Best is trial 5 with value: 0.029413143024930193.
[I 2026-06-01 15:48:28,488] Trial 7 finished with value: -0.010673748559718777 and parameters: {'confidence_threshold': 0.5259156281069316, 'training_days': 180, 'n_estimators': 102, 'max_depth': 5, 'num_leaves': 45, 'learning_rate': 0.030816017044468066, 'subsample': 0.5317791751430119, 'colsample_bytree': 0.6554911608578311, 'min_child_samples': 46, 'reg_alpha': 0.036851536911881845, 'reg_lambda': 0.005470376807480391}. Best is trial 5 with value: 0.029413143024930193.
[I 2026-06-01 15:48:28,589] Trial 8 finished with value: 0.05626453060654768 and parameters: {'confidence_threshold': 0.8105244599017143, 'training_days': 240, 'n_estimators': 103, 'max_depth': 5, 'num_leaves': 52, 'learning_rate': 0.06746437142284309, 'subsample': 0.8854835899772805, 'colsample_bytree': 0.7468977981821954, 'min_child_samples': 62, 'reg_alpha': 7.04480806377519e-05, 'reg_lambda': 1.6934490731313353e-08}. Best is trial 8 with value: 0.05626453060654768.
[I 2026-06-01 15:48:28,612] Trial 9 finished with value: 0.009377032602229964 and parameters: {'confidence_threshold': 0.5377619994476566, 'training_days': 20, 'n_estimators': 337, 'max_depth': 3, 'num_leaves': 39, 'learning_rate': 0.21907142272152816, 'subsample': 0.6246461145744375, 'colsample_bytree': 0.7051914615178149, 'min_child_samples': 81, 'reg_alpha': 1.1459970229341322e-06, 'reg_lambda': 4.929685216887945e-08}. Best is trial 8 with value: 0.05626453060654768.
[I 2026-06-01 15:48:29,201] Trial 10 finished with value: -0.014159878942698684 and parameters: {'confidence_threshold': 0.734042426776949, 'training_days': 280, 'n_estimators': 487, 'max_depth': 5, 'num_leaves': 62, 'learning_rate': 0.10432148521337849, 'subsample': 0.9416850669512905, 'colsample_bytree': 0.8120417635861826, 'min_child_samples': 27, 'reg_alpha': 7.238112263003475e-05, 'reg_lambda': 3.3639426888455256e-06}. Best is trial 8 with value: 0.05626453060654768.
[I 2026-06-01 15:48:29,232] Trial 11 finished with value: -7.980492208769081 and parameters: {'confidence_threshold': 0.7615879655568232, 'training_days': 20, 'n_estimators': 212, 'max_depth': 4, 'num_leaves': 33, 'learning_rate': 0.061519626256430725, 'subsample': 0.8696252151616218, 'colsample_bytree': 0.8131245566687184, 'min_child_samples': 51, 'reg_alpha': 3.9063190689761285e-05, 'reg_lambda': 1.7775498934647403e-05}. Best is trial 8 with value: 0.05626453060654768.
[I 2026-06-01 15:48:29,290] Trial 12 finished with value: 0.05518934643528854 and parameters: {'confidence_threshold': 0.7683435244955696, 'training_days': 140, 'n_estimators': 59, 'max_depth': 3, 'num_leaves': 54, 'learning_rate': 0.03869752912015806, 'subsample': 0.6551512766854299, 'colsample_bytree': 0.995657538673677, 'min_child_samples': 30, 'reg_alpha': 3.7913577838145125e-06, 'reg_lambda': 0.00010582050771147222}. Best is trial 8 with value: 0.05626453060654768.
[I 2026-06-01 15:48:29,354] Trial 13 finished with value: 0.08762352948163206 and parameters: {'confidence_threshold': 0.736260373163175, 'training_days': 130, 'n_estimators': 58, 'max_depth': 4, 'num_leaves': 57, 'learning_rate': 0.10552560750838863, 'subsample': 0.8690491710631163, 'colsample_bytree': 0.9995061729923391, 'min_child_samples': 22, 'reg_alpha': 0.00023323394909551966, 'reg_lambda': 1.164720859767682e-05}. Best is trial 13 with value: 0.08762352948163206.
[I 2026-06-01 15:48:29,441] Trial 14 finished with value: 0.022194502526846217 and parameters: {'confidence_threshold': 0.6966489442895925, 'training_days': 260, 'n_estimators': 59, 'max_depth': 4, 'num_leaves': 60, 'learning_rate': 0.21127332776970187, 'subsample': 0.8681243940127022, 'colsample_bytree': 0.7960977578710662, 'min_child_samples': 21, 'reg_alpha': 0.0009052870261507429, 'reg_lambda': 1.2770095696603292e-06}. Best is trial 13 with value: 0.08762352948163206.
[I 2026-06-01 15:48:29,545] Trial 15 finished with value: 0.02827384674960252 and parameters: {'confidence_threshold': 0.6871834335911892, 'training_days': 110, 'n_estimators': 170, 'max_depth': 4, 'num_leaves': 51, 'learning_rate': 0.11652014437870485, 'subsample': 0.8634823758940223, 'colsample_bytree': 0.6290746674720268, 'min_child_samples': 35, 'reg_alpha': 8.569550505993955e-05, 'reg_lambda': 1.0215756631100218e-06}. Best is trial 13 with value: 0.08762352948163206.
[I 2026-06-01 15:48:29,734] Trial 16 finished with value: -0.023067971617511937 and parameters: {'confidence_threshold': 0.7746542026999572, 'training_days': 210, 'n_estimators': 246, 'max_depth': 5, 'num_leaves': 56, 'learning_rate': 0.15013971957309138, 'subsample': 0.9291363810903961, 'colsample_bytree': 0.7663584390575363, 'min_child_samples': 59, 'reg_alpha': 1.3301920209888551, 'reg_lambda': 3.6096589116811006e-05}. Best is trial 13 with value: 0.08762352948163206.
[I 2026-06-01 15:48:29,839] Trial 17 finished with value: 0.028572766212497564 and parameters: {'confidence_threshold': 0.7257845040003699, 'training_days': 110, 'n_estimators': 307, 'max_depth': 4, 'num_leaves': 47, 'learning_rate': 0.010425658055299656, 'subsample': 0.815814213046519, 'colsample_bytree': 0.9956385980717998, 'min_child_samples': 90, 'reg_alpha': 0.0013748483702331557, 'reg_lambda': 0.04326057797644023}. Best is trial 13 with value: 0.08762352948163206.
[I 2026-06-01 15:48:30,172] A new study created in memory with name: no-name-fc366ca7-e918-4cdb-a539-90bf922105b5
[I 2026-06-01 15:48:30,259] Trial 0 finished with value: -0.021639236559287643 and parameters: {'confidence_threshold': 0.7437642149592516, 'training_days': 150, 'n_estimators': 152, 'max_depth': 4, 'num_leaves': 50, 'learning_rate': 0.04216766425047743, 'subsample': 0.9903820991923078, 'colsample_bytree': 0.8424148692924316, 'min_child_samples': 58, 'reg_alpha': 3.381097259762742e-05, 'reg_lambda': 1.2263152961306247e-05}. Best is trial 0 with value: -0.021639236559287643.
[I 2026-06-01 15:48:30,325] Trial 1 finished with value: -5.89726191742602 and parameters: {'confidence_threshold': 0.7551673975844145, 'training_days': 220, 'n_estimators': 76, 'max_depth': 4, 'num_leaves': 51, 'learning_rate': 0.018602118810743477, 'subsample': 0.5877258780737462, 'colsample_bytree': 0.7657756869209191, 'min_child_samples': 63, 'reg_alpha': 0.005123994170264194, 'reg_lambda': 0.44145470178120466}. Best is trial 0 with value: -0.021639236559287643.
[I 2026-06-01 15:48:30,561] Trial 2 finished with value: -0.02288207407758775 and parameters: {'confidence_threshold': 0.7535593637012223, 'training_days': 310, 'n_estimators': 375, 'max_depth': 3, 'num_leaves': 32, 'learning_rate': 0.021735641882032388, 'subsample': 0.6468570231944146, 'colsample_bytree': 0.8154880619272439, 'min_child_samples': 27, 'reg_alpha': 8.004064028491336e-05, 'reg_lambda': 7.546835261630524e-05}. Best is trial 0 with value: -0.021639236559287643.
[I 2026-06-01 15:48:30,726] Trial 3 finished with value: 0.006712439449348506 and parameters: {'confidence_threshold': 0.6727897841776072, 'training_days': 220, 'n_estimators': 190, 'max_depth': 4, 'num_leaves': 58, 'learning_rate': 0.24810689332636193, 'subsample': 0.7509183379421682, 'colsample_bytree': 0.8119764758960556, 'min_child_samples': 29, 'reg_alpha': 7.1708285081421445e-06, 'reg_lambda': 5.412973582738627e-05}. Best is trial 3 with value: 0.006712439449348506.
[I 2026-06-01 15:48:30,850] Trial 4 finished with value: 0.004090623804161794 and parameters: {'confidence_threshold': 0.803208205259178, 'training_days': 130, 'n_estimators': 267, 'max_depth': 5, 'num_leaves': 40, 'learning_rate': 0.08041175317374143, 'subsample': 0.5603143329951619, 'colsample_bytree': 0.9131704002534167, 'min_child_samples': 68, 'reg_alpha': 0.0008046593428183385, 'reg_lambda': 1.2158346158765583e-05}. Best is trial 3 with value: 0.006712439449348506.
[I 2026-06-01 15:48:31,109] Trial 5 finished with value: 0.021820878532061064 and parameters: {'confidence_threshold': 0.6064422761595144, 'training_days': 210, 'n_estimators': 357, 'max_depth': 5, 'num_leaves': 40, 'learning_rate': 0.0974221287220869, 'subsample': 0.7929682762811064, 'colsample_bytree': 0.8124517510478, 'min_child_samples': 74, 'reg_alpha': 0.3811377260781234, 'reg_lambda': 5.607314238392041e-08}. Best is trial 5 with value: 0.021820878532061064.
[I 2026-06-01 15:48:31,234] Trial 6 finished with value: 0.07004134822310386 and parameters: {'confidence_threshold': 0.7672889945051684, 'training_days': 130, 'n_estimators': 137, 'max_depth': 4, 'num_leaves': 19, 'learning_rate': 0.2031117614248665, 'subsample': 0.8136244860256343, 'colsample_bytree': 0.8617081790949774, 'min_child_samples': 21, 'reg_alpha': 0.002238138278733199, 'reg_lambda': 0.001025809534977322}. Best is trial 6 with value: 0.07004134822310386.
