[I 2026-06-01 15:46:07,195] Trial 17 finished with value: 0.07405914485310548 and parameters: {'confidence_threshold': 0.7858291171338384, 'training_days': 260, 'n_estimators': 127, 'max_depth': 3, 'num_leaves': 32, 'learning_rate': 0.09011874795952386, 'subsample': 0.8972853780441294, 'colsample_bytree': 0.821021443506403, 'min_child_samples': 54, 'reg_alpha': 3.1658421873355577e-06, 'reg_lambda': 1.3436677654989268e-06}. Best is trial 3 with value: 0.08429330470854976.

    [trial 17] 48 features, training_days=330 | threshold=0.711 | labels: 1074 long, 1094 short (50/50%)
    [trial 17] Sharpe=-0.0270 (folds: 0.1843, 0.1039, 0.0938, -0.2721, -0.2450)
  Optuna: 18 trials, best Sharpe = 0.1680
  Best params: n_estimators=475, max_depth=4, lr=0.0110, leaves=63
  Best confidence_threshold: 0.832
  Best training_days: 500
  Retrained on full data (1500 samples, 48 features)
  [ensemble 3/3] seed=456
    [trial 0] 48 features, training_days=90 | threshold=0.587 | labels: 1074 long, 1094 short (50/50%)
    [CV fold 0] train_end=2021-09-22 08:00 | val_start=2021-09-30 00:00 | gap=184h (22 rows)
    [CV fold 1] train_end=2022-01-20 16:00 | val_start=2022-01-28 08:00 | gap=184h (22 rows)
    [CV fold 2] train_end=2022-05-21 00:00 | val_start=2022-05-28 16:00 | gap=184h (22 rows)
    [CV fold 3] train_end=2022-09-18 08:00 | val_start=2022-09-26 00:00 | gap=184h (22 rows)
    [CV fold 4] train_end=2023-01-16 16:00 | val_start=2023-01-24 08:00 | gap=184h (22 rows)
    [trial 0] Sharpe=-0.0751 (folds: -0.0892, 0.1472, -0.1678, 0.0129, -0.2788)
    [trial 1] 48 features, training_days=290 | threshold=0.635 | labels: 1074 long, 1094 short (50/50%)
    [trial 1] Sharpe=0.0387 (folds: 0.2317, 0.0907, 0.1704, -0.2166, -0.0828)
    [trial 2] 48 features, training_days=10 | threshold=0.585 | labels: 1074 long, 1094 short (50/50%)
    [trial 2] Sharpe=-0.0204 (folds: -0.0309, 0.1261, 0.0194, -0.1412, -0.0756)
    [trial 3] 48 features, training_days=220 | threshold=0.687 | labels: 1074 long, 1094 short (50/50%)
    [trial 3] Sharpe=0.0843 (folds: 0.3548, 0.0494, 0.2234, -0.0952, -0.1109)
    [trial 4] 48 features, training_days=300 | threshold=0.562 | labels: 1074 long, 1094 short (50/50%)
    [trial 4] Sharpe=-0.0002 (folds: 0.0264, 0.0782, 0.1441, -0.1403, -0.1096)
    [trial 5] 48 features, training_days=490 | threshold=0.711 | labels: 1074 long, 1094 short (50/50%)
    [trial 5] Sharpe=-0.0580 (folds: -0.0145, 0.0716, -0.0314, -0.1825, -0.1329)
    [trial 6] 48 features, training_days=420 | threshold=0.667 | labels: 1074 long, 1094 short (50/50%)
    [trial 6] Sharpe=-0.0797 (folds: 0.0753, 0.0754, 0.0945, -0.3842, -0.2594)
    [trial 7] 48 features, training_days=120 | threshold=0.550 | labels: 1074 long, 1094 short (50/50%)
    [trial 7] Sharpe=-0.0508 (folds: -0.0505, 0.0670, 0.0263, -0.1329, -0.1640)
    [trial 8] 48 features, training_days=450 | threshold=0.720 | labels: 1074 long, 1094 short (50/50%)
    [trial 8] Sharpe=-0.0221 (folds: 0.2317, 0.0963, 0.0990, -0.3193, -0.2181)
    [trial 9] 48 features, training_days=20 | threshold=0.727 | labels: 1074 long, 1094 short (50/50%)
    [trial 9] Sharpe=-0.0204 (folds: -0.0309, 0.1261, 0.0194, -0.1412, -0.0756)
    [trial 10] 48 features, training_days=200 | threshold=0.828 | labels: 1074 long, 1094 short (50/50%)
    [trial 10] Sharpe=-8.0636 (folds: -10.0000, -0.3178, -10.0000, -10.0000, -10.0000)
    [trial 11] 48 features, training_days=300 | threshold=0.644 | labels: 1074 long, 1094 short (50/50%)
    [trial 11] Sharpe=0.0197 (folds: 0.4309, 0.0025, 0.0234, -0.3148, -0.0433)
    [trial 12] 48 features, training_days=220 | threshold=0.801 | labels: 1074 long, 1094 short (50/50%)
    [trial 12] Sharpe=0.0599 (folds: 0.1152, 0.1823, 0.1819, -0.1416, -0.0380)
    [trial 13] 48 features, training_days=200 | threshold=0.816 | labels: 1074 long, 1094 short (50/50%)
    [trial 13] Sharpe=0.0324 (folds: 0.0936, 0.1379, 0.0927, -0.1644, 0.0023)
    [trial 14] 48 features, training_days=210 | threshold=0.772 | labels: 1074 long, 1094 short (50/50%)
    [trial 14] Sharpe=0.0579 (folds: 0.0937, 0.1285, 0.1679, -0.0966, -0.0039)
    [trial 15] 48 features, training_days=390 | threshold=0.783 | labels: 1074 long, 1094 short (50/50%)
    [trial 15] Sharpe=-0.0028 (folds: 0.1813, 0.1487, 0.1293, -0.1954, -0.2777)
    [trial 16] 48 features, training_days=130 | threshold=0.516 | labels: 1074 long, 1094 short (50/50%)
    [trial 16] Sharpe=-0.0419 (folds: 0.2971, -0.0464, -0.0107, -0.2916, -0.1580)
    [trial 17] 48 features, training_days=260 | threshold=0.786 | labels: 1074 long, 1094 short (50/50%)
    [trial 17] Sharpe=0.0741 (folds: 0.1587, 0.1789, 0.2080, -0.2577, 0.0824)
  Optuna: 18 trials, best Sharpe = 0.0843
  Best params: n_estimators=134, max_depth=3, lr=0.0335, leaves=45
  Best confidence_threshold: 0.687
  Best training_days: 220
  Retrained on full data (660 samples, 48 features)
  OOD: 16 features, cutoff (q=0.7) = 14.64
  Model trained for 2023-06: 90 test candles with features, confidence_threshold=0.776
[trade:close] 2023-06-04 08:00 ETHUSDT LONG → timeout @ 1898.96 | PnL=+2.83% (net +2.73%) | cum=+3.29% 2023-06=+2.73% 2023-06-04=+2.73%
[predict] 2023-06-12 00:00 ETHUSDT → LONG (proba=0.78 TP=7.1%/SL=3.6%)
[trade:open] 2023-06-12 07:59 ETHUSDT LONG @ 1735.99 | SL=1674.07 TP=1859.82 | timeout=2023-06-19 07:59
[trade:close] 2023-06-14 23:59 ETHUSDT LONG → stop_loss @ 1674.07 | PnL=-3.57% (net -3.67%) | cum=-0.38% 2023-06=-0.94% 2023-06-14=-3.67%
[lgbm] === Training for 2023-07 ===
  Train window: 2021-07-01 → 2023-06-23
  2168 training samples from 1 symbols
  Samples per month: 2021-07: 93, 2021-08: 93, 2021-09: 90, 2021-10: 93, 2021-11: 90, 2021-12: 93, 2022-01: 93, 2022-02: 84, 2022-03: 93, 2022-04: 90, 2022-05: 93, 2022-06: 90, 2022-07: 93, 2022-08: 93, 2022-09: 90, 2022-10: 93, 2022-11: 90, 2022-12: 93, 2023-01: 93, 2023-02: 84, 2023-03: 93, 2023-04: 90, 2023-05: 93, 2023-06: 68
  [label] 2021-08-31 16:00 ETHUSDT entry=3430.4900 → LONG | long=tp(+10.87%) short=sl(-5.59%) | scanned=3 | long_tp_only
  [label] 2021-09-02 16:00 ETHUSDT entry=3788.9500 → SHORT | long=sl(-5.55%) short=sl(-5.55%) | scanned=14 | no_tp→fwd_return=-8.9022
  [label] 2021-09-06 16:00 ETHUSDT entry=3929.0000 → SHORT | long=sl(-4.69%) short=tp(+9.08%) | scanned=2 | short_tp_only
  [label] 2021-10-01 08:00 ETHUSDT entry=3235.9900 → LONG | long=timeout(+11.85%) short=sl(-7.65%) | scanned=22 | no_tp→fwd_return=+11.9450
  [label] 2021-11-22 16:00 ETHUSDT entry=4086.5700 → LONG | long=timeout(+8.67%) short=sl(-6.76%) | scanned=22 | no_tp→fwd_return=+8.7734
  [label] 2022-05-07 16:00 ETHUSDT entry=2634.8200 → SHORT | long=sl(-5.46%) short=tp(+10.62%) | scanned=5 | short_tp_only
  [label] 2022-05-11 16:00 ETHUSDT entry=2083.9800 → SHORT | long=sl(-12.83%) short=timeout(+8.05%) | scanned=22 | no_tp→fwd_return=-8.1469
  [label] 2022-05-22 08:00 ETHUSDT entry=2003.4500 → SHORT | long=sl(-6.60%) short=tp(+12.89%) | scanned=12 | short_tp_only
  [label] 2022-07-06 08:00 ETHUSDT entry=1132.8500 → SHORT | long=sl(-8.17%) short=sl(-8.17%) | scanned=19 | no_tp→fwd_return=-8.3833
  [label] 2022-07-14 16:00 ETHUSDT entry=1193.0100 → LONG | long=tp(+15.69%) short=sl(-8.00%) | scanned=6 | long_tp_only
  [label] 2022-10-13 00:00 ETHUSDT entry=1276.7500 → SHORT | long=sl(-3.54%) short=tp(+6.77%) | scanned=1 | short_tp_only
  [label] 2022-11-14 00:00 ETHUSDT entry=1259.6700 → SHORT | long=sl(-10.71%) short=timeout(+10.74%) | scanned=22 | no_tp→fwd_return=-10.8393
  [label] 2022-11-30 00:00 ETHUSDT entry=1272.0600 → SHORT | long=timeout(-3.90%) short=timeout(+3.70%) | scanned=22 | no_tp→fwd_return=-3.7993
  [label] 2022-12-12 16:00 ETHUSDT entry=1274.8800 → SHORT | long=sl(-3.42%) short=sl(-3.42%) | scanned=11 | no_tp→fwd_return=-5.6295
  [label] 2022-12-31 08:00 ETHUSDT entry=1202.5800 → LONG | long=tp(+5.02%) short=sl(-2.66%) | scanned=13 | long_tp_only
  [label] 2023-01-06 16:00 ETHUSDT entry=1268.5400 → LONG | long=tp(+5.07%) short=sl(-2.68%) | scanned=8 | long_tp_only
  [label] 2023-01-19 00:00 ETHUSDT entry=1528.5400 → LONG | long=timeout(+4.88%) short=sl(-5.52%) | scanned=22 | no_tp→fwd_return=+4.9753
  [label] 2023-02-27 08:00 ETHUSDT entry=1643.4400 → SHORT | long=sl(-3.91%) short=timeout(+3.94%) | scanned=22 | no_tp→fwd_return=-4.0360
  [label] 2023-03-09 08:00 ETHUSDT entry=1533.0900 → SHORT | long=sl(-3.33%) short=tp(+6.35%) | scanned=1 | short_tp_only
  [label] 2023-06-03 08:00 ETHUSDT entry=1902.5000 → SHORT | long=sl(-2.78%) short=tp(+5.26%) | scanned=7 | short_tp_only
  Labels: 1078 long (49.7%), 1090 short (50.3%) | weights: min=1.00, mean=3.22, max=10.00[I 2026-06-01 15:46:07,686] A new study created in memory with name: no-name-b29f063f-3c60-4607-aab5-13fbd5180f7c
[I 2026-06-01 15:46:08,032] Trial 0 finished with value: -0.07733133906259651 and parameters: {'confidence_threshold': 0.6310890415965769, 'training_days': 480, 'n_estimators': 380, 'max_depth': 4, 'num_leaves': 22, 'learning_rate': 0.01699897838270077, 'subsample': 0.5290418060840998, 'colsample_bytree': 0.9330880728874675, 'min_child_samples': 68, 'reg_alpha': 0.023585940584142682, 'reg_lambda': 1.5320059381854043e-08}. Best is trial 0 with value: -0.07733133906259651.
[I 2026-06-01 15:46:08,159] Trial 1 finished with value: -0.03016083022910316 and parameters: {'confidence_threshold': 0.839468448256698, 'training_days': 420, 'n_estimators': 145, 'max_depth': 3, 'num_leaves': 23, 'learning_rate': 0.028145092716060652, 'subsample': 0.762378215816119, 'colsample_bytree': 0.7159725093210578, 'min_child_samples': 43, 'reg_alpha': 0.0032112643094417484, 'reg_lambda': 1.8007140198129195e-07}. Best is trial 1 with value: -0.03016083022910316.
[I 2026-06-01 15:46:08,312] Trial 2 finished with value: -0.028617556521712682 and parameters: {'confidence_threshold': 0.6022506269873263, 'training_days': 190, 'n_estimators': 255, 'max_depth': 5, 'num_leaves': 24, 'learning_rate': 0.05748924681991978, 'subsample': 0.7962072844310213, 'colsample_bytree': 0.5232252063599989, 'min_child_samples': 69, 'reg_alpha': 3.425445902633376e-07, 'reg_lambda': 3.850031979199519e-08}. Best is trial 2 with value: -0.028617556521712682.
[I 2026-06-01 15:46:08,584] Trial 3 finished with value: -0.05300753770603313 and parameters: {'confidence_threshold': 0.8321099380386666, 'training_days': 490, 'n_estimators': 414, 'max_depth': 3, 'num_leaves': 19, 'learning_rate': 0.1024932221692416, 'subsample': 0.7200762468698007, 'colsample_bytree': 0.5610191174223894, 'min_child_samples': 60, 'reg_alpha': 2.039373116525212e-08, 'reg_lambda': 1.527156759251193}. Best is trial 2 with value: -0.028617556521712682.
[I 2026-06-01 15:46:08,761] Trial 4 finished with value: -0.06690780882922295 and parameters: {'confidence_threshold': 0.5905729935600059, 'training_days': 340, 'n_estimators': 190, 'max_depth': 4, 'num_leaves': 41, 'learning_rate': 0.01875220945578641, 'subsample': 0.9847923138822793, 'colsample_bytree': 0.8875664116805573, 'min_child_samples': 96, 'reg_alpha': 1.1309571585271483, 'reg_lambda': 0.002404915432737351}. Best is trial 2 with value: -0.028617556521712682.
[I 2026-06-01 15:46:08,810] Trial 5 finished with value: 0.026584903020421678 and parameters: {'confidence_threshold': 0.8226559822580909, 'training_days': 50, 'n_estimators': 138, 'max_depth': 3, 'num_leaves': 30, 'learning_rate': 0.03750796359625606, 'subsample': 0.6356745158869479, 'colsample_bytree': 0.9143687545759647, 'min_child_samples': 48, 'reg_alpha': 3.376063348877853e-06, 'reg_lambda': 0.0007660634613082914}. Best is trial 5 with value: 0.026584903020421678.
[I 2026-06-01 15:46:08,952] Trial 6 finished with value: -0.07995187633341476 and parameters: {'confidence_threshold': 0.5493234787411669, 'training_days': 410, 'n_estimators': 83, 'max_depth': 5, 'num_leaves': 52, 'learning_rate': 0.019657448966046126, 'subsample': 0.5027610585618012, 'colsample_bytree': 0.9077307142274171, 'min_child_samples': 77, 'reg_alpha': 0.03639690979811287, 'reg_lambda': 0.08738424135626986}. Best is trial 5 with value: 0.026584903020421678.
[I 2026-06-01 15:46:09,046] Trial 7 finished with value: -0.0013764834436048048 and parameters: {'confidence_threshold': 0.5259156281069316, 'training_days': 180, 'n_estimators': 102, 'max_depth': 5, 'num_leaves': 45, 'learning_rate': 0.030816017044468066, 'subsample': 0.5317791751430119, 'colsample_bytree': 0.6554911608578311, 'min_child_samples': 46, 'reg_alpha': 0.036851536911881845, 'reg_lambda': 0.005470376807480391}. Best is trial 5 with value: 0.026584903020421678.
[I 2026-06-01 15:46:09,150] Trial 8 finished with value: -0.013728741629622959 and parameters: {'confidence_threshold': 0.8105244599017143, 'training_days': 240, 'n_estimators': 103, 'max_depth': 5, 'num_leaves': 52, 'learning_rate': 0.06746437142284309, 'subsample': 0.8854835899772805, 'colsample_bytree': 0.7468977981821954, 'min_child_samples': 62, 'reg_alpha': 7.04480806377519e-05, 'reg_lambda': 1.6934490731313353e-08}. Best is trial 5 with value: 0.026584903020421678.
[I 2026-06-01 15:46:09,173] Trial 9 finished with value: -2.0259173106649615 and parameters: {'confidence_threshold': 0.5377619994476566, 'training_days': 20, 'n_estimators': 337, 'max_depth': 3, 'num_leaves': 39, 'learning_rate': 0.21907142272152816, 'subsample': 0.6246461145744375, 'colsample_bytree': 0.7051914615178149, 'min_child_samples': 81, 'reg_alpha': 1.1459970229341322e-06, 'reg_lambda': 4.929685216887945e-08}. Best is trial 5 with value: 0.026584903020421678.
[I 2026-06-01 15:46:09,205] Trial 10 finished with value: -1.979861224943392 and parameters: {'confidence_threshold': 0.7318981109748116, 'training_days': 10, 'n_estimators': 487, 'max_depth': 4, 'num_leaves': 31, 'learning_rate': 0.14704103471568217, 'subsample': 0.628963476300746, 'colsample_bytree': 0.987470107623585, 'min_child_samples': 25, 'reg_alpha': 2.608784411827665e-05, 'reg_lambda': 3.3639426888455256e-06}. Best is trial 5 with value: 0.026584903020421678.
[I 2026-06-01 15:46:09,339] Trial 11 finished with value: -0.03988716718471656 and parameters: {'confidence_threshold': 0.7155079644808182, 'training_days': 130, 'n_estimators': 212, 'max_depth': 4, 'num_leaves': 41, 'learning_rate': 0.03515568672661824, 'subsample': 0.6116988993536575, 'colsample_bytree': 0.6334955364726846, 'min_child_samples': 39, 'reg_alpha': 1.6115749528927317, 'reg_lambda': 0.0005474079480730847}. Best is trial 5 with value: 0.026584903020421678.
[I 2026-06-01 15:46:09,391] Trial 12 finished with value: -6.108464559145159 and parameters: {'confidence_threshold': 0.7700824501399284, 'training_days': 130, 'n_estimators': 59, 'max_depth': 3, 'num_leaves': 33, 'learning_rate': 0.011371606828587318, 'subsample': 0.5747221414958382, 'colsample_bytree': 0.8304278626461432, 'min_child_samples': 45, 'reg_alpha': 0.0007010407807149796, 'reg_lambda': 3.174808515994115e-05}. Best is trial 5 with value: 0.026584903020421678.
[I 2026-06-01 15:46:09,511] Trial 13 finished with value: -0.12536949087454843 and parameters: {'confidence_threshold': 0.671672116428871, 'training_days': 100, 'n_estimators': 151, 'max_depth': 5, 'num_leaves': 62, 'learning_rate': 0.04342469449614958, 'subsample': 0.6866291716128416, 'colsample_bytree': 0.8155421717694826, 'min_child_samples': 26, 'reg_alpha': 4.9164566205838954e-06, 'reg_lambda': 0.015936847132187043}. Best is trial 5 with value: 0.026584903020421678.
[I 2026-06-01 15:46:09,756] Trial 14 finished with value: -0.03215979181421692 and parameters: {'confidence_threshold': 0.6686878790035377, 'training_days': 290, 'n_estimators': 276, 'max_depth': 4, 'num_leaves': 49, 'learning_rate': 0.07783294558632922, 'subsample': 0.6687637587295262, 'colsample_bytree': 0.640069109871422, 'min_child_samples': 44, 'reg_alpha': 3.770845974254184e-08, 'reg_lambda': 0.3429361048991115}. Best is trial 5 with value: 0.026584903020421678.
[I 2026-06-01 15:46:09,887] Trial 15 finished with value: -0.06399519507780008 and parameters: {'confidence_threshold': 0.5073197482691914, 'training_days': 190, 'n_estimators': 140, 'max_depth': 5, 'num_leaves': 31, 'learning_rate': 0.028672502833093406, 'subsample': 0.5657014702252463, 'colsample_bytree': 0.8100744538922787, 'min_child_samples': 54, 'reg_alpha': 0.06995229097216783, 'reg_lambda': 3.239704084123203e-05}. Best is trial 5 with value: 0.026584903020421678.
[I 2026-06-01 15:46:09,981] Trial 16 finished with value: -0.08741824650197597 and parameters: {'confidence_threshold': 0.7825131136037224, 'training_days': 70, 'n_estimators': 220, 'max_depth': 3, 'num_leaves': 46, 'learning_rate': 0.04582483104937968, 'subsample': 0.8013687718960705, 'colsample_bytree': 0.6428182071446251, 'min_child_samples': 34, 'reg_alpha': 0.000771654770029744, 'reg_lambda': 0.007719340062213943}. Best is trial 5 with value: 0.026584903020421678.
[I 2026-06-01 15:46:10,088] Trial 17 finished with value: -0.089835500308742 and parameters: {'confidence_threshold': 0.7295484022185237, 'training_days': 200, 'n_estimators': 110, 'max_depth': 4, 'num_leaves': 59, 'learning_rate': 0.010425658055299656, 'subsample': 0.5602804130141794, 'colsample_bytree': 0.9956385980717998, 'min_child_samples': 53, 'reg_alpha': 7.811196825683239, 'reg_lambda': 0.00020614774879284444}. Best is trial 5 with value: 0.026584903020421678.
[I 2026-06-01 15:46:10,301] A new study created in memory with name: no-name-04fc94e5-8e4b-41ba-807a-bc97c07afcb6
[I 2026-06-01 15:46:10,392] Trial 0 finished with value: -0.05230087351992911 and parameters: {'confidence_threshold': 0.7437642149592516, 'training_days': 150, 'n_estimators': 152, 'max_depth': 4, 'num_leaves': 50, 'learning_rate': 0.04216766425047743, 'subsample': 0.9903820991923078, 'colsample_bytree': 0.8424148692924316, 'min_child_samples': 58, 'reg_alpha': 3.381097259762742e-05, 'reg_lambda': 1.2263152961306247e-05}. Best is trial 0 with value: -0.05230087351992911.
[I 2026-06-01 15:46:10,464] Trial 1 finished with value: -2.0993170237018535 and parameters: {'confidence_threshold': 0.7551673975844145, 'training_days': 220, 'n_estimators': 76, 'max_depth': 4, 'num_leaves': 51, 'learning_rate': 0.018602118810743477, 'subsample': 0.5877258780737462, 'colsample_bytree': 0.7657756869209191, 'min_child_samples': 63, 'reg_alpha': 0.005123994170264194, 'reg_lambda': 0.44145470178120466}. Best is trial 0 with value: -0.05230087351992911.
[I 2026-06-01 15:46:10,729] Trial 2 finished with value: -0.035293534179093075 and parameters: {'confidence_threshold': 0.7535593637012223, 'training_days': 310, 'n_estimators': 375, 'max_depth': 3, 'num_leaves': 32, 'learning_rate': 0.021735641882032388, 'subsample': 0.6468570231944146, 'colsample_bytree': 0.8154880619272439, 'min_child_samples': 27, 'reg_alpha': 8.004064028491336e-05, 'reg_lambda': 7.546835261630524e-05}. Best is trial 2 with value: -0.035293534179093075.
[I 2026-06-01 15:46:10,912] Trial 3 finished with value: -0.008286352871728297 and parameters: {'confidence_threshold': 0.6727897841776072, 'training_days': 220, 'n_estimators': 190, 'max_depth': 4, 'num_leaves': 58, 'learning_rate': 0.24810689332636193, 'subsample': 0.7509183379421682, 'colsample_bytree': 0.8119764758960556, 'min_child_samples': 29, 'reg_alpha': 7.1708285081421445e-06, 'reg_lambda': 5.412973582738627e-05}. Best is trial 3 with value: -0.008286352871728297.
[I 2026-06-01 15:46:11,042] Trial 4 finished with value: -0.05648084565829403 and parameters: {'confidence_threshold': 0.803208205259178, 'training_days': 130, 'n_estimators': 267, 'max_depth': 5, 'num_leaves': 40, 'learning_rate': 0.08041175317374143, 'subsample': 0.5603143329951619, 'colsample_bytree': 0.9131704002534167, 'min_child_samples': 68, 'reg_alpha': 0.0008046593428183385, 'reg_lambda': 1.2158346158765583e-05}. Best is trial 3 with value: -0.008286352871728297.
[I 2026-06-01 15:46:11,291] Trial 5 finished with value: -0.013133871387713514 and parameters: {'confidence_threshold': 0.6064422761595144, 'training_days': 210, 'n_estimators': 357, 'max_depth': 5, 'num_leaves': 40, 'learning_rate': 0.0974221287220869, 'subsample': 0.7929682762811064, 'colsample_bytree': 0.8124517510478, 'min_child_samples': 74, 'reg_alpha': 0.3811377260781234, 'reg_lambda': 5.607314238392041e-08}. Best is trial 3 with value: -0.008286352871728297.
[I 2026-06-01 15:46:11,415] Trial 6 finished with value: -0.019974401018567102 and parameters: {'confidence_threshold': 0.7672889945051684, 'training_days': 130, 'n_estimators': 137, 'max_depth': 4, 'num_leaves': 19, 'learning_rate': 0.2031117614248665, 'subsample': 0.8136244860256343, 'colsample_bytree': 0.8617081790949774, 'min_child_samples': 21, 'reg_alpha': 0.002238138278733199, 'reg_lambda': 0.001025809534977322}. Best is trial 3 with value: -0.008286352871728297.
[I 2026-06-01 15:46:11,493] Trial 7 finished with value: -0.09614989828880079 and parameters: {'confidence_threshold': 0.555635875450653, 'training_days': 80, 'n_estimators': 363, 'max_depth': 3, 'num_leaves': 48, 'learning_rate': 0.06590089024008658, 'subsample': 0.6944752870615722, 'colsample_bytree': 0.962566244806993, 'min_child_samples': 88, 'reg_alpha': 1.6465620446426067e-05, 'reg_lambda': 2.4678750890085655e-08}. Best is trial 3 with value: -0.008286352871728297.
[I 2026-06-01 15:46:11,837] Trial 8 finished with value: -0.013523965613806458 and parameters: {'confidence_threshold': 0.6066688256938841, 'training_days': 200, 'n_estimators': 367, 'max_depth': 5, 'num_leaves': 32, 'learning_rate': 0.13377519215934996, 'subsample': 0.7965884582811106, 'colsample_bytree': 0.8458508993500886, 'min_child_samples': 32, 'reg_alpha': 3.889436043816386e-05, 'reg_lambda': 1.4713062489380356e-06}. Best is trial 3 with value: -0.008286352871728297.
