[I 2026-06-01 15:45:24,311] Trial 17 finished with value: -0.008411604294076164 and parameters: {'confidence_threshold': 0.5028255678835912, 'training_days': 70, 'n_estimators': 319, 'max_depth': 3, 'num_leaves': 22, 'learning_rate': 0.1913942156766461, 'subsample': 0.7671123975508201, 'colsample_bytree': 0.720096132447481, 'min_child_samples': 62, 'reg_alpha': 0.0032469148398323448, 'reg_lambda': 3.756010955927394}. Best is trial 2 with value: 0.003728212963842148.
[I 2026-06-01 15:45:24,729] A new study created in memory with name: no-name-2d2dbb49-d9f7-4744-9f05-c84d79440d83

    [trial 1] 48 features, training_days=290 | threshold=0.635 | labels: 1127 long, 1041 short (52/48%)
    [trial 1] Sharpe=-0.0182 (folds: -0.1551, 0.0630, 0.0528, 0.1903, -0.2423)
    [trial 2] 48 features, training_days=10 | threshold=0.585 | labels: 1127 long, 1041 short (52/48%)
    [trial 2] Sharpe=0.0037 (folds: 0.0398, -0.0319, 0.1277, 0.0194, -0.1364)
    [trial 3] 48 features, training_days=220 | threshold=0.687 | labels: 1127 long, 1041 short (52/48%)
    [trial 3] Sharpe=-0.0282 (folds: -0.2675, 0.0361, 0.0658, 0.1573, -0.1324)
    [trial 4] 48 features, training_days=300 | threshold=0.562 | labels: 1127 long, 1041 short (52/48%)
    [trial 4] Sharpe=-0.0022 (folds: -0.0550, 0.0293, -0.0187, 0.1875, -0.1544)
    [trial 5] 48 features, training_days=490 | threshold=0.711 | labels: 1127 long, 1041 short (52/48%)
    [trial 5] Sharpe=-0.0864 (folds: -0.0723, 0.1196, -0.0794, -0.1248, -0.2752)
    [trial 6] 48 features, training_days=420 | threshold=0.667 | labels: 1127 long, 1041 short (52/48%)
    [trial 6] Sharpe=-0.0644 (folds: -0.0552, 0.0007, -0.0536, 0.1489, -0.3629)
    [trial 7] 48 features, training_days=120 | threshold=0.550 | labels: 1127 long, 1041 short (52/48%)
    [trial 7] Sharpe=-0.0509 (folds: -0.0926, -0.0591, 0.0089, 0.0516, -0.1632)
    [trial 8] 48 features, training_days=450 | threshold=0.720 | labels: 1127 long, 1041 short (52/48%)
    [trial 8] Sharpe=-0.1135 (folds: -0.1330, 0.0230, -0.1434, -0.0228, -0.2915)
    [trial 9] 48 features, training_days=20 | threshold=0.727 | labels: 1127 long, 1041 short (52/48%)
    [trial 9] Sharpe=-0.0196 (folds: -0.0768, -0.0319, 0.1277, 0.0194, -0.1364)
    [trial 10] 48 features, training_days=10 | threshold=0.840 | labels: 1127 long, 1041 short (52/48%)
    [trial 10] Sharpe=0.0037 (folds: 0.0398, -0.0319, 0.1277, 0.0194, -0.1364)
    [trial 11] 48 features, training_days=10 | threshold=0.849 | labels: 1127 long, 1041 short (52/48%)
    [trial 11] Sharpe=0.0037 (folds: 0.0398, -0.0319, 0.1277, 0.0194, -0.1364)
    [trial 12] 48 features, training_days=140 | threshold=0.839 | labels: 1127 long, 1041 short (52/48%)
    [trial 12] Sharpe=-0.0230 (folds: -0.1499, 0.0398, 0.1942, 0.0612, -0.2603)
    [trial 13] 48 features, training_days=200 | threshold=0.504 | labels: 1127 long, 1041 short (52/48%)
    [trial 13] Sharpe=-0.0264 (folds: -0.0812, 0.0480, 0.1138, -0.0165, -0.1962)
    [trial 14] 48 features, training_days=70 | threshold=0.772 | labels: 1127 long, 1041 short (52/48%)
    [trial 14] Sharpe=-0.0323 (folds: -0.0288, -0.1868, 0.1314, 0.0068, -0.0842)
    [trial 15] 48 features, training_days=160 | threshold=0.783 | labels: 1127 long, 1041 short (52/48%)
    [trial 15] Sharpe=-1.9626 (folds: -0.2611, -10.0000, 0.3615, 0.0569, 0.0298)
    [trial 16] 48 features, training_days=360 | threshold=0.622 | labels: 1127 long, 1041 short (52/48%)
    [trial 16] Sharpe=-0.0596 (folds: -0.0750, 0.0736, -0.0440, -0.0007, -0.2520)
    [trial 17] 48 features, training_days=70 | threshold=0.503 | labels: 1127 long, 1041 short (52/48%)
    [trial 17] Sharpe=-0.0084 (folds: 0.0382, -0.1616, 0.0522, -0.0535, 0.0827)
  Optuna: 18 trials, best Sharpe = 0.0037
  Best params: n_estimators=212, max_depth=3, lr=0.1845, leaves=41
  Best confidence_threshold: 0.585
  Best training_days: 10
  Retrained on full data (30 samples, 48 features)
  OOD: 16 features, cutoff (q=0.7) = 13.96
  Model trained for 2023-02: 84 test candles with features, confidence_threshold=0.729
[trade:close] 2023-02-02 23:59 ETHUSDT SHORT → stop_loss @ 1703.70 | PnL=-4.65% (net -4.75%) | cum=+17.59% 2023-02=-4.75% 2023-02-02=-4.75%
[predict] 2023-02-11 00:00 ETHUSDT → LONG (proba=0.76 TP=9.5%/SL=4.8%)
[trade:open] 2023-02-11 07:59 ETHUSDT LONG @ 1519.86 | SL=1447.40 TP=1664.77 | timeout=2023-02-18 07:59
[trade:close] 2023-02-15 23:59 ETHUSDT LONG → take_profit @ 1664.77 | PnL=+9.53% (net +9.43%) | cum=+27.02% 2023-02=+4.69% 2023-02-15=+9.43%
[predict] 2023-02-17 00:00 ETHUSDT → SHORT (proba=0.75 TP=11.1%/SL=5.6%)
[trade:open] 2023-02-17 07:59 ETHUSDT SHORT @ 1653.69 | SL=1745.51 TP=1470.04 | timeout=2023-02-24 07:59
[trade:close] 2023-02-24 08:00 ETHUSDT SHORT → timeout @ 1650.74 | PnL=+0.18% (net +0.08%) | cum=+27.10% 2023-02=+4.76% 2023-02-24=+0.08%
[predict] 2023-02-28 16:00 ETHUSDT → LONG (proba=0.74 TP=7.8%/SL=3.9%)
[trade:open] 2023-02-28 23:59 ETHUSDT LONG @ 1604.72 | SL=1542.24 TP=1729.68 | timeout=2023-03-07 23:59
[lgbm] === Training for 2023-03 ===
  Train window: 2021-03-01 → 2023-02-21
  2168 training samples from 1 symbols
  Samples per month: 2021-03: 93, 2021-04: 90, 2021-05: 93, 2021-06: 90, 2021-07: 93, 2021-08: 93, 2021-09: 90, 2021-10: 93, 2021-11: 90, 2021-12: 93, 2022-01: 93, 2022-02: 84, 2022-03: 93, 2022-04: 90, 2022-05: 93, 2022-06: 90, 2022-07: 93, 2022-08: 93, 2022-09: 90, 2022-10: 93, 2022-11: 90, 2022-12: 93, 2023-01: 93, 2023-02: 62
  [label] 2021-05-01 16:00 ETHUSDT entry=2947.0100 → LONG | long=tp(+12.77%) short=sl(-6.53%) | scanned=6 | long_tp_only
  [label] 2021-05-03 16:00 ETHUSDT entry=3433.3600 → LONG | long=sl(-6.62%) short=sl(-6.62%) | scanned=14 | no_tp→fwd_return=+5.9100
  [label] 2021-05-07 16:00 ETHUSDT entry=3480.9800 → LONG | long=tp(+17.48%) short=sl(-8.89%) | scanned=7 | long_tp_only
  [label] 2021-06-01 08:00 ETHUSDT entry=2567.5700 → SHORT | long=timeout(-7.61%) short=timeout(+7.41%) | scanned=22 | no_tp→fwd_return=-7.5102
  [label] 2021-07-23 16:00 ETHUSDT entry=2124.3300 → LONG | long=tp(+13.66%) short=sl(-6.98%) | scanned=9 | long_tp_only
  [label] 2022-01-05 16:00 ETHUSDT entry=3537.7100 → SHORT | long=sl(-6.02%) short=tp(+11.74%) | scanned=4 | short_tp_only
  [label] 2022-01-09 16:00 ETHUSDT entry=3150.0000 → LONG | long=sl(-7.24%) short=sl(-7.24%) | scanned=8 | no_tp→fwd_return=+6.6752
  [label] 2022-01-20 08:00 ETHUSDT entry=3260.6700 → SHORT | long=sl(-5.51%) short=tp(+10.72%) | scanned=2 | short_tp_only
  [label] 2022-03-06 08:00 ETHUSDT entry=2625.9900 → SHORT | long=sl(-6.72%) short=timeout(+1.72%) | scanned=22 | no_tp→fwd_return=-1.8165
  [label] 2022-03-14 16:00 ETHUSDT entry=2588.9600 → LONG | long=tp(+11.13%) short=sl(-5.72%) | scanned=11 | long_tp_only
  [label] 2022-06-13 00:00 ETHUSDT entry=1283.0300 → SHORT | long=sl(-12.69%) short=tp(+25.07%) | scanned=17 | short_tp_only
  [label] 2022-07-15 00:00 ETHUSDT entry=1211.2000 → LONG | long=tp(+15.19%) short=sl(-7.74%) | scanned=5 | long_tp_only
  [label] 2022-07-31 00:00 ETHUSDT entry=1696.9700 → SHORT | long=sl(-7.93%) short=timeout(+0.60%) | scanned=22 | no_tp→fwd_return=-0.6995
  [label] 2022-08-12 16:00 ETHUSDT entry=1957.4000 → SHORT | long=sl(-5.93%) short=tp(+11.56%) | scanned=19 | short_tp_only
  [label] 2022-08-31 08:00 ETHUSDT entry=1559.4200 → SHORT | long=timeout(-1.16%) short=sl(-8.11%) | scanned=22 | no_tp→fwd_return=-1.0600
  [label] 2022-09-06 16:00 ETHUSDT entry=1558.2300 → LONG | long=tp(+13.30%) short=sl(-6.80%) | scanned=12 | long_tp_only
  [label] 2022-09-19 00:00 ETHUSDT entry=1301.4700 → SHORT | long=timeout(-0.61%) short=sl(-8.68%) | scanned=22 | no_tp→fwd_return=-0.5125
  [label] 2022-10-28 08:00 ETHUSDT entry=1537.2400 → LONG | long=timeout(+5.59%) short=sl(-5.89%) | scanned=22 | no_tp→fwd_return=+5.6920
  [label] 2022-11-07 08:00 ETHUSDT entry=1591.4800 → SHORT | long=sl(-5.28%) short=tp(+10.27%) | scanned=3 | short_tp_only
  [label] 2023-02-01 08:00 ETHUSDT entry=1575.2000 → LONG | long=tp(+8.75%) short=sl(-4.53%) | scanned=4 | long_tp_only
  Labels: 1119 long (51.6%), 1049 short (48.4%) | weights: min=1.00, mean=3.14, max=10.00
  Features: 2168/2168 matched, 48 columns
  CV gap: 22 rows
  [ensemble 1/3] seed=42
    [trial 0] 48 features, training_days=480 | threshold=0.631 | labels: 1119 long, 1049 short (52/48%)
    [CV fold 0] train_end=2021-06-22 08:00 | val_start=2021-06-30 00:00 | gap=184h (22 rows)
    [CV fold 1] train_end=2021-10-20 16:00 | val_start=2021-10-28 08:00 | gap=184h (22 rows)
    [CV fold 2] train_end=2022-02-18 00:00 | val_start=2022-02-25 16:00 | gap=184h (22 rows)
    [CV fold 3] train_end=2022-06-18 08:00 | val_start=2022-06-26 00:00 | gap=184h (22 rows)
    [CV fold 4] train_end=2022-10-16 16:00 | val_start=2022-10-24 08:00 | gap=184h (22 rows)[I 2026-06-01 15:45:25,050] Trial 0 finished with value: -0.10633599814670847 and parameters: {'confidence_threshold': 0.6310890415965769, 'training_days': 480, 'n_estimators': 380, 'max_depth': 4, 'num_leaves': 22, 'learning_rate': 0.01699897838270077, 'subsample': 0.5290418060840998, 'colsample_bytree': 0.9330880728874675, 'min_child_samples': 68, 'reg_alpha': 0.023585940584142682, 'reg_lambda': 1.5320059381854043e-08}. Best is trial 0 with value: -0.10633599814670847.
[I 2026-06-01 15:45:25,160] Trial 1 finished with value: 0.06469602668717143 and parameters: {'confidence_threshold': 0.839468448256698, 'training_days': 420, 'n_estimators': 145, 'max_depth': 3, 'num_leaves': 23, 'learning_rate': 0.028145092716060652, 'subsample': 0.762378215816119, 'colsample_bytree': 0.7159725093210578, 'min_child_samples': 43, 'reg_alpha': 0.0032112643094417484, 'reg_lambda': 1.8007140198129195e-07}. Best is trial 1 with value: 0.06469602668717143.
[I 2026-06-01 15:45:25,304] Trial 2 finished with value: -0.03287609858598937 and parameters: {'confidence_threshold': 0.6022506269873263, 'training_days': 190, 'n_estimators': 255, 'max_depth': 5, 'num_leaves': 24, 'learning_rate': 0.05748924681991978, 'subsample': 0.7962072844310213, 'colsample_bytree': 0.5232252063599989, 'min_child_samples': 69, 'reg_alpha': 3.425445902633376e-07, 'reg_lambda': 3.850031979199519e-08}. Best is trial 1 with value: 0.06469602668717143.
[I 2026-06-01 15:45:25,553] Trial 3 finished with value: -0.10255737639912492 and parameters: {'confidence_threshold': 0.8321099380386666, 'training_days': 490, 'n_estimators': 414, 'max_depth': 3, 'num_leaves': 19, 'learning_rate': 0.1024932221692416, 'subsample': 0.7200762468698007, 'colsample_bytree': 0.5610191174223894, 'min_child_samples': 60, 'reg_alpha': 2.039373116525212e-08, 'reg_lambda': 1.527156759251193}. Best is trial 1 with value: 0.06469602668717143.
[I 2026-06-01 15:45:25,690] Trial 4 finished with value: -0.11492242907922492 and parameters: {'confidence_threshold': 0.5905729935600059, 'training_days': 340, 'n_estimators': 190, 'max_depth': 4, 'num_leaves': 41, 'learning_rate': 0.01875220945578641, 'subsample': 0.9847923138822793, 'colsample_bytree': 0.8875664116805573, 'min_child_samples': 96, 'reg_alpha': 1.1309571585271483, 'reg_lambda': 0.002404915432737351}. Best is trial 1 with value: 0.06469602668717143.
[I 2026-06-01 15:45:25,738] Trial 5 finished with value: -0.08849244411469284 and parameters: {'confidence_threshold': 0.8226559822580909, 'training_days': 50, 'n_estimators': 138, 'max_depth': 3, 'num_leaves': 30, 'learning_rate': 0.03750796359625606, 'subsample': 0.6356745158869479, 'colsample_bytree': 0.9143687545759647, 'min_child_samples': 48, 'reg_alpha': 3.376063348877853e-06, 'reg_lambda': 0.0007660634613082914}. Best is trial 1 with value: 0.06469602668717143.
[I 2026-06-01 15:45:25,836] Trial 6 finished with value: -0.08294457669617664 and parameters: {'confidence_threshold': 0.5493234787411669, 'training_days': 410, 'n_estimators': 83, 'max_depth': 5, 'num_leaves': 52, 'learning_rate': 0.019657448966046126, 'subsample': 0.5027610585618012, 'colsample_bytree': 0.9077307142274171, 'min_child_samples': 77, 'reg_alpha': 0.03639690979811287, 'reg_lambda': 0.08738424135626986}. Best is trial 1 with value: 0.06469602668717143.
[I 2026-06-01 15:45:25,917] Trial 7 finished with value: -0.06790966046081005 and parameters: {'confidence_threshold': 0.5259156281069316, 'training_days': 180, 'n_estimators': 102, 'max_depth': 5, 'num_leaves': 45, 'learning_rate': 0.030816017044468066, 'subsample': 0.5317791751430119, 'colsample_bytree': 0.6554911608578311, 'min_child_samples': 46, 'reg_alpha': 0.036851536911881845, 'reg_lambda': 0.005470376807480391}. Best is trial 1 with value: 0.06469602668717143.
[I 2026-06-01 15:45:26,017] Trial 8 finished with value: 0.0293369462763454 and parameters: {'confidence_threshold': 0.8105244599017143, 'training_days': 240, 'n_estimators': 103, 'max_depth': 5, 'num_leaves': 52, 'learning_rate': 0.06746437142284309, 'subsample': 0.8854835899772805, 'colsample_bytree': 0.7468977981821954, 'min_child_samples': 62, 'reg_alpha': 7.04480806377519e-05, 'reg_lambda': 1.6934490731313353e-08}. Best is trial 1 with value: 0.06469602668717143.
[I 2026-06-01 15:45:26,039] Trial 9 finished with value: -0.0982189177284071 and parameters: {'confidence_threshold': 0.5377619994476566, 'training_days': 20, 'n_estimators': 337, 'max_depth': 3, 'num_leaves': 39, 'learning_rate': 0.21907142272152816, 'subsample': 0.6246461145744375, 'colsample_bytree': 0.7051914615178149, 'min_child_samples': 81, 'reg_alpha': 1.1459970229341322e-06, 'reg_lambda': 4.929685216887945e-08}. Best is trial 1 with value: 0.06469602668717143.
[I 2026-06-01 15:45:26,507] Trial 10 finished with value: -0.07309637050862715 and parameters: {'confidence_threshold': 0.7286853308578232, 'training_days': 350, 'n_estimators': 487, 'max_depth': 4, 'num_leaves': 31, 'learning_rate': 0.011407797829608154, 'subsample': 0.8271882613853766, 'colsample_bytree': 0.8120417635861826, 'min_child_samples': 24, 'reg_alpha': 0.0005486918362336714, 'reg_lambda': 3.3639426888455256e-06}. Best is trial 1 with value: 0.06469602668717143.
[I 2026-06-01 15:45:26,695] Trial 11 finished with value: -0.05584218807345102 and parameters: {'confidence_threshold': 0.7440045644190331, 'training_days': 250, 'n_estimators': 206, 'max_depth': 4, 'num_leaves': 60, 'learning_rate': 0.08142580753149657, 'subsample': 0.9221526936614691, 'colsample_bytree': 0.7745443264032007, 'min_child_samples': 31, 'reg_alpha': 8.237157319612896e-05, 'reg_lambda': 7.868729181011707e-06}. Best is trial 1 with value: 0.06469602668717143.
[I 2026-06-01 15:45:26,765] Trial 12 finished with value: -0.03491704185320797 and parameters: {'confidence_threshold': 0.7724411876090038, 'training_days': 270, 'n_estimators': 59, 'max_depth': 3, 'num_leaves': 58, 'learning_rate': 0.1489685720346384, 'subsample': 0.8426110070012842, 'colsample_bytree': 0.6490082429333545, 'min_child_samples': 41, 'reg_alpha': 0.00034577150531565687, 'reg_lambda': 1.953219513655572e-06}. Best is trial 1 with value: 0.06469602668717143.
[I 2026-06-01 15:45:26,877] Trial 13 finished with value: -0.015596580532583304 and parameters: {'confidence_threshold': 0.8492910061460892, 'training_days': 150, 'n_estimators': 151, 'max_depth': 5, 'num_leaves': 52, 'learning_rate': 0.03817149751567075, 'subsample': 0.8939550645860711, 'colsample_bytree': 0.8155421717694826, 'min_child_samples': 49, 'reg_alpha': 5.455813891552554e-05, 'reg_lambda': 4.853786638244098e-07}. Best is trial 1 with value: 0.06469602668717143.
[I 2026-06-01 15:45:27,111] Trial 14 finished with value: -0.09921927821576715 and parameters: {'confidence_threshold': 0.689769751463316, 'training_days': 380, 'n_estimators': 277, 'max_depth': 4, 'num_leaves': 15, 'learning_rate': 0.0610528916383506, 'subsample': 0.7272205324450449, 'colsample_bytree': 0.7129757657279365, 'min_child_samples': 58, 'reg_alpha': 0.0038067556646802867, 'reg_lambda': 5.3861085653773555e-05}. Best is trial 1 with value: 0.06469602668717143.
[I 2026-06-01 15:45:27,190] Trial 15 finished with value: -3.9602269816567217 and parameters: {'confidence_threshold': 0.7897255408101392, 'training_days': 260, 'n_estimators': 51, 'max_depth': 5, 'num_leaves': 32, 'learning_rate': 0.028672502833093406, 'subsample': 0.971963681209985, 'colsample_bytree': 0.6290746674720268, 'min_child_samples': 37, 'reg_alpha': 4.390567046064357, 'reg_lambda': 2.720986163642982e-07}. Best is trial 1 with value: 0.06469602668717143.
[I 2026-06-01 15:45:27,260] Trial 16 finished with value: -0.09615362599367776 and parameters: {'confidence_threshold': 0.7877045466299416, 'training_days': 100, 'n_estimators': 145, 'max_depth': 3, 'num_leaves': 46, 'learning_rate': 0.10112739203927937, 'subsample': 0.7848742979848755, 'colsample_bytree': 0.9826162589395974, 'min_child_samples': 58, 'reg_alpha': 1.4618334151747558e-05, 'reg_lambda': 1.1445074815007822e-08}. Best is trial 1 with value: 0.06469602668717143.
[I 2026-06-01 15:45:27,441] Trial 17 finished with value: -0.04909223332932407 and parameters: {'confidence_threshold': 0.6796805210256975, 'training_days': 440, 'n_estimators': 230, 'max_depth': 4, 'num_leaves': 63, 'learning_rate': 0.24532083062807572, 'subsample': 0.9014795832164373, 'colsample_bytree': 0.7518217663577897, 'min_child_samples': 93, 'reg_alpha': 0.005047355373634929, 'reg_lambda': 6.614397595908694e-05}. Best is trial 1 with value: 0.06469602668717143.
[I 2026-06-01 15:45:27,650] A new study created in memory with name: no-name-613f2fcb-7561-43eb-a5ee-8a08f7deaca4
[I 2026-06-01 15:45:27,750] Trial 0 finished with value: -0.029105646257309787 and parameters: {'confidence_threshold': 0.7437642149592516, 'training_days': 150, 'n_estimators': 152, 'max_depth': 4, 'num_leaves': 50, 'learning_rate': 0.04216766425047743, 'subsample': 0.9903820991923078, 'colsample_bytree': 0.8424148692924316, 'min_child_samples': 58, 'reg_alpha': 3.381097259762742e-05, 'reg_lambda': 1.2263152961306247e-05}. Best is trial 0 with value: -0.029105646257309787.
[I 2026-06-01 15:45:27,818] Trial 1 finished with value: -1.920127368374971 and parameters: {'confidence_threshold': 0.7551673975844145, 'training_days': 220, 'n_estimators': 76, 'max_depth': 4, 'num_leaves': 51, 'learning_rate': 0.018602118810743477, 'subsample': 0.5877258780737462, 'colsample_bytree': 0.7657756869209191, 'min_child_samples': 63, 'reg_alpha': 0.005123994170264194, 'reg_lambda': 0.44145470178120466}. Best is trial 0 with value: -0.029105646257309787.
[I 2026-06-01 15:45:28,070] Trial 2 finished with value: -0.08273753568790539 and parameters: {'confidence_threshold': 0.7535593637012223, 'training_days': 310, 'n_estimators': 375, 'max_depth': 3, 'num_leaves': 32, 'learning_rate': 0.021735641882032388, 'subsample': 0.6468570231944146, 'colsample_bytree': 0.8154880619272439, 'min_child_samples': 27, 'reg_alpha': 8.004064028491336e-05, 'reg_lambda': 7.546835261630524e-05}. Best is trial 0 with value: -0.029105646257309787.
[I 2026-06-01 15:45:28,226] Trial 3 finished with value: -0.03406470053229939 and parameters: {'confidence_threshold': 0.6727897841776072, 'training_days': 220, 'n_estimators': 190, 'max_depth': 4, 'num_leaves': 58, 'learning_rate': 0.24810689332636193, 'subsample': 0.7509183379421682, 'colsample_bytree': 0.8119764758960556, 'min_child_samples': 29, 'reg_alpha': 7.1708285081421445e-06, 'reg_lambda': 5.412973582738627e-05}. Best is trial 0 with value: -0.029105646257309787.
[I 2026-06-01 15:45:28,338] Trial 4 finished with value: -0.035989413769024294 and parameters: {'confidence_threshold': 0.803208205259178, 'training_days': 130, 'n_estimators': 267, 'max_depth': 5, 'num_leaves': 40, 'learning_rate': 0.08041175317374143, 'subsample': 0.5603143329951619, 'colsample_bytree': 0.9131704002534167, 'min_child_samples': 68, 'reg_alpha': 0.0008046593428183385, 'reg_lambda': 1.2158346158765583e-05}. Best is trial 0 with value: -0.029105646257309787.
[I 2026-06-01 15:45:28,551] Trial 5 finished with value: 0.01508561001384271 and parameters: {'confidence_threshold': 0.6064422761595144, 'training_days': 210, 'n_estimators': 357, 'max_depth': 5, 'num_leaves': 40, 'learning_rate': 0.0974221287220869, 'subsample': 0.7929682762811064, 'colsample_bytree': 0.8124517510478, 'min_child_samples': 74, 'reg_alpha': 0.3811377260781234, 'reg_lambda': 5.607314238392041e-08}. Best is trial 5 with value: 0.01508561001384271.
[I 2026-06-01 15:45:28,660] Trial 6 finished with value: -0.06766269801292576 and parameters: {'confidence_threshold': 0.7672889945051684, 'training_days': 130, 'n_estimators': 137, 'max_depth': 4, 'num_leaves': 19, 'learning_rate': 0.2031117614248665, 'subsample': 0.8136244860256343, 'colsample_bytree': 0.8617081790949774, 'min_child_samples': 21, 'reg_alpha': 0.002238138278733199, 'reg_lambda': 0.001025809534977322}. Best is trial 5 with value: 0.01508561001384271.
[I 2026-06-01 15:45:28,738] Trial 7 finished with value: -0.09415838013864411 and parameters: {'confidence_threshold': 0.555635875450653, 'training_days': 80, 'n_estimators': 363, 'max_depth': 3, 'num_leaves': 48, 'learning_rate': 0.06590089024008658, 'subsample': 0.6944752870615722, 'colsample_bytree': 0.962566244806993, 'min_child_samples': 88, 'reg_alpha': 1.6465620446426067e-05, 'reg_lambda': 2.4678750890085655e-08}. Best is trial 5 with value: 0.01508561001384271.
[I 2026-06-01 15:45:29,081] Trial 8 finished with value: -0.046110504023181384 and parameters: {'confidence_threshold': 0.6066688256938841, 'training_days': 200, 'n_estimators': 367, 'max_depth': 5, 'num_leaves': 32, 'learning_rate': 0.13377519215934996, 'subsample': 0.7965884582811106, 'colsample_bytree': 0.8458508993500886, 'min_child_samples': 32, 'reg_alpha': 3.889436043816386e-05, 'reg_lambda': 1.4713062489380356e-06}. Best is trial 5 with value: 0.01508561001384271.
