[I 2026-06-01 15:49:25,755] Trial 4 finished with value: 0.06158787407261902 and parameters: {'confidence_threshold': 0.803208205259178, 'training_days': 130, 'n_estimators': 267, 'max_depth': 5, 'num_leaves': 40, 'learning_rate': 0.08041175317374143, 'subsample': 0.5603143329951619, 'colsample_bytree': 0.9131704002534167, 'min_child_samples': 68, 'reg_alpha': 0.0008046593428183385, 'reg_lambda': 1.2158346158765583e-05}. Best is trial 4 with value: 0.06158787407261902.
[I 2026-06-01 15:49:26,000] Trial 5 finished with value: -0.002769123512368736 and parameters: {'confidence_threshold': 0.6064422761595144, 'training_days': 210, 'n_estimators': 357, 'max_depth': 5, 'num_leaves': 40, 'learning_rate': 0.0974221287220869, 'subsample': 0.7929682762811064, 'colsample_bytree': 0.8124517510478, 'min_child_samples': 74, 'reg_alpha': 0.3811377260781234, 'reg_lambda': 5.607314238392041e-08}. Best is trial 4 with value: 0.06158787407261902.

  [label] 2023-03-09 16:00 ETHUSDT entry=1436.4200 → LONG | long=sl(-4.72%) short=sl(-4.72%) | scanned=9 | no_tp→fwd_return=+9.9442
  [label] 2023-04-03 08:00 ETHUSDT entry=1796.0200 → LONG | long=tp(+6.93%) short=sl(-3.61%) | scanned=5 | long_tp_only
  [label] 2023-05-26 00:00 ETHUSDT entry=1815.6600 → LONG | long=tp(+5.63%) short=sl(-2.96%) | scanned=8 | long_tp_only
  [label] 2023-11-08 00:00 ETHUSDT entry=1875.4600 → LONG | long=tp(+6.86%) short=sl(-3.58%) | scanned=4 | long_tp_only
  [label] 2023-11-12 00:00 ETHUSDT entry=2058.9000 → SHORT | long=sl(-4.67%) short=timeout(+4.58%) | scanned=22 | no_tp→fwd_return=-4.6811
  [label] 2023-11-22 16:00 ETHUSDT entry=2063.9100 → SHORT | long=timeout(-1.82%) short=timeout(+1.62%) | scanned=22 | no_tp→fwd_return=-1.7200
  [label] 2024-01-06 16:00 ETHUSDT entry=2240.3600 → LONG | long=tp(+9.13%) short=sl(-4.72%) | scanned=11 | long_tp_only
  [label] 2024-01-15 08:00 ETHUSDT entry=2515.0200 → SHORT | long=sl(-5.17%) short=timeout(+5.27%) | scanned=22 | no_tp→fwd_return=-5.3685
  [label] 2024-04-14 16:00 ETHUSDT entry=3153.1600 → SHORT | long=sl(-8.67%) short=timeout(+0.14%) | scanned=22 | no_tp→fwd_return=-0.2356
  [label] 2024-05-16 16:00 ETHUSDT entry=2943.2200 → LONG | long=tp(+7.59%) short=sl(-3.94%) | scanned=12 | long_tp_only
  [label] 2024-06-02 00:00 ETHUSDT entry=3795.1300 → SHORT | long=sl(-3.75%) short=timeout(+2.74%) | scanned=22 | no_tp→fwd_return=-2.8423
  [label] 2024-06-14 16:00 ETHUSDT entry=3480.5100 → LONG | long=timeout(+0.95%) short=sl(-4.68%) | scanned=22 | no_tp→fwd_return=+1.0536
  [label] 2024-07-03 00:00 ETHUSDT entry=3351.1100 → SHORT | long=sl(-3.20%) short=tp(+6.09%) | scanned=4 | short_tp_only
  [label] 2024-07-09 08:00 ETHUSDT entry=3065.7500 → LONG | long=tp(+11.31%) short=sl(-5.81%) | scanned=19 | long_tp_only
  [label] 2024-07-21 16:00 ETHUSDT entry=3534.2900 → SHORT | long=sl(-3.75%) short=tp(+7.20%) | scanned=10 | short_tp_only
  [label] 2024-08-30 08:00 ETHUSDT entry=2448.0400 → SHORT | long=sl(-5.67%) short=timeout(+6.40%) | scanned=22 | no_tp→fwd_return=-6.4958
  [label] 2024-09-09 00:00 ETHUSDT entry=2313.0300 → SHORT | long=timeout(-0.26%) short=sl(-5.51%) | scanned=22 | no_tp→fwd_return=-0.1643
  [label] 2024-12-04 08:00 ETHUSDT entry=3824.3900 → LONG | long=sl(-5.11%) short=sl(-5.11%) | scanned=6 | no_tp→fwd_return=+4.4946
  Labels: 1151 long (53.0%), 1020 short (47.0%) | weights: min=1.01, mean=4.20, max=10.00
  Features: 2171/2171 matched, 48 columns
  CV gap: 22 rows
  [ensemble 1/3] seed=42
    [trial 0] 48 features, training_days=480 | threshold=0.631 | labels: 1151 long, 1020 short (53/47%)
    [CV fold 0] train_end=2023-04-25 08:00 | val_start=2023-05-03 00:00 | gap=184h (22 rows)
    [CV fold 1] train_end=2023-08-23 16:00 | val_start=2023-08-31 08:00 | gap=184h (22 rows)
    [CV fold 2] train_end=2023-12-22 00:00 | val_start=2023-12-29 16:00 | gap=184h (22 rows)
    [CV fold 3] train_end=2024-04-20 08:00 | val_start=2024-04-28 00:00 | gap=184h (22 rows)
    [CV fold 4] train_end=2024-08-18 16:00 | val_start=2024-08-26 08:00 | gap=184h (22 rows)
    [trial 0] Sharpe=0.0122 (folds: -0.2039, 0.2454, 0.0242, 0.0627, -0.0672)
    [trial 1] 48 features, training_days=420 | threshold=0.839 | labels: 1151 long, 1020 short (53/47%)
    [trial 1] Sharpe=0.1021 (folds: -0.3482, 0.5264, 0.1258, -0.0623, 0.2686)
    [trial 2] 48 features, training_days=190 | threshold=0.602 | labels: 1151 long, 1020 short (53/47%)
    [trial 2] Sharpe=-0.0218 (folds: -0.1765, 0.0173, 0.1129, 0.0274, -0.0903)
    [trial 3] 48 features, training_days=490 | threshold=0.832 | labels: 1151 long, 1020 short (53/47%)
    [trial 3] Sharpe=-0.0164 (folds: -0.2996, 0.1980, 0.0560, -0.0296, -0.0065)
    [trial 4] 48 features, training_days=340 | threshold=0.591 | labels: 1151 long, 1020 short (53/47%)
    [trial 4] Sharpe=0.0382 (folds: -0.1168, 0.2398, -0.0022, 0.0224, 0.0476)
    [trial 5] 48 features, training_days=50 | threshold=0.823 | labels: 1151 long, 1020 short (53/47%)
    [trial 5] Sharpe=-0.0678 (folds: -0.1991, -0.2385, -0.0844, 0.3469, -0.1638)
    [trial 6] 48 features, training_days=410 | threshold=0.549 | labels: 1151 long, 1020 short (53/47%)
    [trial 6] Sharpe=0.0466 (folds: -0.0165, 0.1531, 0.0041, 0.0479, 0.0446)
    [trial 7] 48 features, training_days=180 | threshold=0.526 | labels: 1151 long, 1020 short (53/47%)
    [trial 7] Sharpe=-0.0162 (folds: -0.2909, 0.1115, 0.1209, 0.0626, -0.0848)
    [trial 8] 48 features, training_days=240 | threshold=0.811 | labels: 1151 long, 1020 short (53/47%)
    [trial 8] Sharpe=0.0467 (folds: -0.2291, 0.1915, 0.0883, 0.1250, 0.0578)
    [trial 9] 48 features, training_days=20 | threshold=0.538 | labels: 1151 long, 1020 short (53/47%)
    [trial 9] Sharpe=0.0566 (folds: 0.0645, -0.2921, 0.2420, 0.1352, 0.1333)
    [trial 10] 48 features, training_days=350 | threshold=0.729 | labels: 1151 long, 1020 short (53/47%)
    [trial 10] Sharpe=0.0009 (folds: -0.2219, 0.3205, -0.0062, -0.0321, -0.0555)
    [trial 11] 48 features, training_days=40 | threshold=0.716 | labels: 1151 long, 1020 short (53/47%)
    [trial 11] Sharpe=-8.0358 (folds: -10.0000, -10.0000, -10.0000, -10.0000, -0.1791)
    [trial 12] 48 features, training_days=140 | threshold=0.743 | labels: 1151 long, 1020 short (53/47%)
    [trial 12] Sharpe=0.0026 (folds: -0.2659, 0.1098, 0.0616, 0.0703, 0.0372)
    [trial 13] 48 features, training_days=320 | threshold=0.668 | labels: 1151 long, 1020 short (53/47%)
    [trial 13] Sharpe=0.0113 (folds: -0.2236, 0.1624, 0.0223, 0.0279, 0.0673)
    [trial 14] 48 features, training_days=80 | threshold=0.759 | labels: 1151 long, 1020 short (53/47%)
    [trial 14] Sharpe=-0.1375 (folds: -0.2984, 0.0632, -0.0463, -0.0679, -0.3380)
    [trial 15] 48 features, training_days=420 | threshold=0.507 | labels: 1151 long, 1020 short (53/47%)
    [trial 15] Sharpe=0.0164 (folds: -0.2037, 0.2555, 0.0239, 0.0345, -0.0282)
    [trial 16] 48 features, training_days=270 | threshold=0.676 | labels: 1151 long, 1020 short (53/47%)
    [trial 16] Sharpe=0.0080 (folds: -0.3240, 0.1906, 0.1167, 0.0275, 0.0294)
    [trial 17] 48 features, training_days=110 | threshold=0.789 | labels: 1151 long, 1020 short (53/47%)
    [trial 17] Sharpe=0.1347 (folds: 0.0238, 0.1203, 0.2305, 0.0576, 0.2416)
  Optuna: 18 trials, best Sharpe = 0.1347
  Best params: n_estimators=417, max_depth=4, lr=0.0430, leaves=15
  Best confidence_threshold: 0.789
  Best training_days: 110
  Retrained on full data (330 samples, 48 features)
  [ensemble 2/3] seed=123
    [trial 0] 48 features, training_days=150 | threshold=0.744 | labels: 1151 long, 1020 short (53/47%)
    [CV fold 0] train_end=2023-04-25 08:00 | val_start=2023-05-03 00:00 | gap=184h (22 rows)
    [CV fold 1] train_end=2023-08-23 16:00 | val_start=2023-08-31 08:00 | gap=184h (22 rows)
    [CV fold 2] train_end=2023-12-22 00:00 | val_start=2023-12-29 16:00 | gap=184h (22 rows)
    [CV fold 3] train_end=2024-04-20 08:00 | val_start=2024-04-28 00:00 | gap=184h (22 rows)
    [CV fold 4] train_end=2024-08-18 16:00 | val_start=2024-08-26 08:00 | gap=184h (22 rows)
    [trial 0] Sharpe=0.0465 (folds: -0.2180, 0.3052, 0.0756, 0.1448, -0.0751)
    [trial 1] 48 features, training_days=220 | threshold=0.755 | labels: 1151 long, 1020 short (53/47%)
    [trial 1] Sharpe=-2.0089 (folds: -0.4883, -0.2981, 0.5046, 0.2371, -10.0000)
    [trial 2] 48 features, training_days=310 | threshold=0.754 | labels: 1151 long, 1020 short (53/47%)
    [trial 2] Sharpe=0.0460 (folds: -0.1494, 0.3055, 0.0034, 0.0509, 0.0195)
    [trial 3] 48 features, training_days=220 | threshold=0.673 | labels: 1151 long, 1020 short (53/47%)
    [trial 3] Sharpe=0.0240 (folds: -0.1405, 0.1291, 0.0445, 0.0753, 0.0115)
    [trial 4] 48 features, training_days=130 | threshold=0.803 | labels: 1151 long, 1020 short (53/47%)
    [trial 4] Sharpe=0.0616 (folds: -0.1706, 0.1813, 0.1588, 0.0134, 0.1251)
    [trial 5] 48 features, training_days=210 | threshold=0.606 | labels: 1151 long, 1020 short (53/47%)
    [trial 5] Sharpe=-0.0028 (folds: -0.1721, 0.0223, 0.0526, 0.0595, 0.0238)
    [trial 6] 48 features, training_days=130 | threshold=0.767 | labels: 1151 long, 1020 short (53/47%)[I 2026-06-01 15:49:26,131] Trial 6 finished with value: 0.03549906714988268 and parameters: {'confidence_threshold': 0.7672889945051684, 'training_days': 130, 'n_estimators': 137, 'max_depth': 4, 'num_leaves': 19, 'learning_rate': 0.2031117614248665, 'subsample': 0.8136244860256343, 'colsample_bytree': 0.8617081790949774, 'min_child_samples': 21, 'reg_alpha': 0.002238138278733199, 'reg_lambda': 0.001025809534977322}. Best is trial 4 with value: 0.06158787407261902.
[I 2026-06-01 15:49:26,201] Trial 7 finished with value: -0.09468769637596323 and parameters: {'confidence_threshold': 0.555635875450653, 'training_days': 80, 'n_estimators': 363, 'max_depth': 3, 'num_leaves': 48, 'learning_rate': 0.06590089024008658, 'subsample': 0.6944752870615722, 'colsample_bytree': 0.962566244806993, 'min_child_samples': 88, 'reg_alpha': 1.6465620446426067e-05, 'reg_lambda': 2.4678750890085655e-08}. Best is trial 4 with value: 0.06158787407261902.
[I 2026-06-01 15:49:26,533] Trial 8 finished with value: 0.01183287001285718 and parameters: {'confidence_threshold': 0.6066688256938841, 'training_days': 200, 'n_estimators': 367, 'max_depth': 5, 'num_leaves': 32, 'learning_rate': 0.13377519215934996, 'subsample': 0.7965884582811106, 'colsample_bytree': 0.8458508993500886, 'min_child_samples': 32, 'reg_alpha': 3.889436043816386e-05, 'reg_lambda': 1.4713062489380356e-06}. Best is trial 4 with value: 0.06158787407261902.
[I 2026-06-01 15:49:26,769] Trial 9 finished with value: 0.0163253428531377 and parameters: {'confidence_threshold': 0.6202096049169137, 'training_days': 260, 'n_estimators': 350, 'max_depth': 3, 'num_leaves': 21, 'learning_rate': 0.02989540198065364, 'subsample': 0.8307821683331218, 'colsample_bytree': 0.923253112635361, 'min_child_samples': 64, 'reg_alpha': 0.4898604619604203, 'reg_lambda': 2.9076377687066166e-05}. Best is trial 4 with value: 0.06158787407261902.
[I 2026-06-01 15:49:27,184] Trial 10 finished with value: -2.0174494905235196 and parameters: {'confidence_threshold': 0.8445241688507242, 'training_days': 470, 'n_estimators': 493, 'max_depth': 5, 'num_leaves': 63, 'learning_rate': 0.010221918552934462, 'subsample': 0.5019190721168774, 'colsample_bytree': 0.6202684210924141, 'min_child_samples': 99, 'reg_alpha': 1.9942621118187622e-08, 'reg_lambda': 0.0201634475791616}. Best is trial 4 with value: 0.06158787407261902.
[I 2026-06-01 15:49:27,214] Trial 11 finished with value: -10.0 and parameters: {'confidence_threshold': 0.8371297552840329, 'training_days': 20, 'n_estimators': 231, 'max_depth': 4, 'num_leaves': 42, 'learning_rate': 0.04419378524388841, 'subsample': 0.9939949979825393, 'colsample_bytree': 0.6778283959364831, 'min_child_samples': 51, 'reg_alpha': 3.867986746175684e-07, 'reg_lambda': 1.5530863293959958e-06}. Best is trial 4 with value: 0.06158787407261902.
[I 2026-06-01 15:49:27,508] Trial 12 finished with value: 0.010799793145910631 and parameters: {'confidence_threshold': 0.7147097017266781, 'training_days': 360, 'n_estimators': 275, 'max_depth': 5, 'num_leaves': 51, 'learning_rate': 0.05809128784912797, 'subsample': 0.9918302937157114, 'colsample_bytree': 0.5201164353688423, 'min_child_samples': 47, 'reg_alpha': 0.009430922971696443, 'reg_lambda': 1.6114975154815026e-06}. Best is trial 4 with value: 0.06158787407261902.
[I 2026-06-01 15:49:27,563] Trial 13 finished with value: -0.022728757724077963 and parameters: {'confidence_threshold': 0.8045936399987071, 'training_days': 120, 'n_estimators': 53, 'max_depth': 4, 'num_leaves': 31, 'learning_rate': 0.10151302244870823, 'subsample': 0.9227064439647955, 'colsample_bytree': 0.9249893861432709, 'min_child_samples': 77, 'reg_alpha': 9.9717480119966e-07, 'reg_lambda': 0.0038418245689497152}. Best is trial 4 with value: 0.06158787407261902.
[I 2026-06-01 15:49:27,591] Trial 14 finished with value: -4.01887371129487 and parameters: {'confidence_threshold': 0.6968624890517784, 'training_days': 20, 'n_estimators': 159, 'max_depth': 5, 'num_leaves': 48, 'learning_rate': 0.04074110489853438, 'subsample': 0.5217724665487773, 'colsample_bytree': 0.9975174476650941, 'min_child_samples': 49, 'reg_alpha': 0.000938266511305414, 'reg_lambda': 8.008361667755108e-06}. Best is trial 4 with value: 0.06158787407261902.
[I 2026-06-01 15:49:27,699] Trial 15 finished with value: 0.07229580880044664 and parameters: {'confidence_threshold': 0.7897652460704997, 'training_days': 130, 'n_estimators': 251, 'max_depth': 4, 'num_leaves': 43, 'learning_rate': 0.07871053029471468, 'subsample': 0.8966418548807951, 'colsample_bytree': 0.7163960550594055, 'min_child_samples': 74, 'reg_alpha': 6.360445922002683, 'reg_lambda': 3.5532501480887757}. Best is trial 15 with value: 0.07229580880044664.
[I 2026-06-01 15:49:27,773] Trial 16 finished with value: -0.07359606019695002 and parameters: {'confidence_threshold': 0.7975040871694344, 'training_days': 80, 'n_estimators': 279, 'max_depth': 4, 'num_leaves': 36, 'learning_rate': 0.08814913001130335, 'subsample': 0.8868474056204897, 'colsample_bytree': 0.6982877056862742, 'min_child_samples': 77, 'reg_alpha': 3.433399905162048, 'reg_lambda': 2.768872688174693}. Best is trial 15 with value: 0.07229580880044664.
[I 2026-06-01 15:49:28,019] Trial 17 finished with value: 0.0319364167352202 and parameters: {'confidence_threshold': 0.5004748807695347, 'training_days': 370, 'n_estimators': 289, 'max_depth': 5, 'num_leaves': 27, 'learning_rate': 0.17464225903175185, 'subsample': 0.6632757492657855, 'colsample_bytree': 0.5984964593218911, 'min_child_samples': 88, 'reg_alpha': 0.061360405867363306, 'reg_lambda': 0.044151407869078285}. Best is trial 15 with value: 0.07229580880044664.
[I 2026-06-01 15:49:28,411] A new study created in memory with name: no-name-61208ec3-5cca-4861-99c4-2d386fadbc49
[I 2026-06-01 15:49:28,595] Trial 0 finished with value: -0.006385084599040997 and parameters: {'confidence_threshold': 0.5870645682749857, 'training_days': 90, 'n_estimators': 403, 'max_depth': 5, 'num_leaves': 45, 'learning_rate': 0.0780457193679974, 'subsample': 0.9428509515574568, 'colsample_bytree': 0.8795587339164916, 'min_child_samples': 34, 'reg_alpha': 2.2465901234314442e-07, 'reg_lambda': 8.339007036475363e-05}. Best is trial 0 with value: -0.006385084599040997.
[I 2026-06-01 15:49:28,712] Trial 1 finished with value: 0.06678750750042724 and parameters: {'confidence_threshold': 0.6348453934275313, 'training_days': 290, 'n_estimators': 115, 'max_depth': 5, 'num_leaves': 37, 'learning_rate': 0.06949568759029946, 'subsample': 0.8228505074024268, 'colsample_bytree': 0.8616703220431751, 'min_child_samples': 75, 'reg_alpha': 4.2486822725010923e-07, 'reg_lambda': 1.157247767047042e-07}. Best is trial 1 with value: 0.06678750750042724.
[I 2026-06-01 15:49:28,732] Trial 2 finished with value: -1.9852714321306177 and parameters: {'confidence_threshold': 0.5849570384370288, 'training_days': 10, 'n_estimators': 212, 'max_depth': 3, 'num_leaves': 41, 'learning_rate': 0.18452095998378365, 'subsample': 0.6001060822924371, 'colsample_bytree': 0.5673167293506167, 'min_child_samples': 37, 'reg_alpha': 5.733250064217131, 'reg_lambda': 0.5308454292595461}. Best is trial 1 with value: 0.06678750750042724.
[I 2026-06-01 15:49:28,816] Trial 3 finished with value: -0.009723324750330258 and parameters: {'confidence_threshold': 0.6868248626683718, 'training_days': 220, 'n_estimators': 134, 'max_depth': 3, 'num_leaves': 45, 'learning_rate': 0.033529007907491595, 'subsample': 0.8647277071858408, 'colsample_bytree': 0.778494116634046, 'min_child_samples': 96, 'reg_alpha': 2.409409937265785e-07, 'reg_lambda': 1.1642073478060009}. Best is trial 1 with value: 0.06678750750042724.
[I 2026-06-01 15:49:28,897] Trial 4 finished with value: 0.023916980336204815 and parameters: {'confidence_threshold': 0.5623121348350352, 'training_days': 300, 'n_estimators': 69, 'max_depth': 4, 'num_leaves': 32, 'learning_rate': 0.14967629360700346, 'subsample': 0.5054535233636654, 'colsample_bytree': 0.7401385194659216, 'min_child_samples': 27, 'reg_alpha': 1.4212042567426725e-07, 'reg_lambda': 0.23605753701352003}. Best is trial 1 with value: 0.06678750750042724.
[I 2026-06-01 15:49:29,400] Trial 5 finished with value: 0.010968941497794923 and parameters: {'confidence_threshold': 0.7111850244908446, 'training_days': 490, 'n_estimators': 362, 'max_depth': 5, 'num_leaves': 40, 'learning_rate': 0.05960785724162737, 'subsample': 0.5589714368907717, 'colsample_bytree': 0.6659006943232806, 'min_child_samples': 42, 'reg_alpha': 0.6741360303045295, 'reg_lambda': 6.054601607143087e-08}. Best is trial 1 with value: 0.06678750750042724.
[I 2026-06-01 15:49:29,706] Trial 6 finished with value: 0.01602235175073921 and parameters: {'confidence_threshold': 0.667482545748023, 'training_days': 420, 'n_estimators': 279, 'max_depth': 3, 'num_leaves': 45, 'learning_rate': 0.040099592560849204, 'subsample': 0.8563114696415159, 'colsample_bytree': 0.5442917781944105, 'min_child_samples': 50, 'reg_alpha': 1.6407916423707903e-08, 'reg_lambda': 2.935907642973286e-05}. Best is trial 1 with value: 0.06678750750042724.
[I 2026-06-01 15:49:29,908] Trial 7 finished with value: 0.009779531466887393 and parameters: {'confidence_threshold': 0.5497381024139926, 'training_days': 120, 'n_estimators': 408, 'max_depth': 5, 'num_leaves': 38, 'learning_rate': 0.28049122657745795, 'subsample': 0.8806573338635493, 'colsample_bytree': 0.5454054113547102, 'min_child_samples': 63, 'reg_alpha': 0.01263008637940408, 'reg_lambda': 0.04588020805366937}. Best is trial 1 with value: 0.06678750750042724.
[I 2026-06-01 15:49:30,236] Trial 8 finished with value: 0.00869472392728519 and parameters: {'confidence_threshold': 0.719644804808716, 'training_days': 450, 'n_estimators': 410, 'max_depth': 4, 'num_leaves': 57, 'learning_rate': 0.04022026551478857, 'subsample': 0.5336085426932707, 'colsample_bytree': 0.5705742850577543, 'min_child_samples': 100, 'reg_alpha': 5.916398047912201e-07, 'reg_lambda': 0.9794034214488329}. Best is trial 1 with value: 0.06678750750042724.
[I 2026-06-01 15:49:30,272] Trial 9 finished with value: -4.01887371129487 and parameters: {'confidence_threshold': 0.7267463643917187, 'training_days': 20, 'n_estimators': 337, 'max_depth': 5, 'num_leaves': 23, 'learning_rate': 0.022153031811454605, 'subsample': 0.6305627572358737, 'colsample_bytree': 0.6613413774216214, 'min_child_samples': 81, 'reg_alpha': 5.7638634029410314e-08, 'reg_lambda': 8.26603016764008}. Best is trial 1 with value: 0.06678750750042724.
[I 2026-06-01 15:49:30,462] Trial 10 finished with value: -5.906065297210359 and parameters: {'confidence_threshold': 0.8398533911817929, 'training_days': 320, 'n_estimators': 181, 'max_depth': 4, 'num_leaves': 15, 'learning_rate': 0.013684491588422613, 'subsample': 0.7320664585010437, 'colsample_bytree': 0.9944479338273263, 'min_child_samples': 74, 'reg_alpha': 4.136971884522066e-05, 'reg_lambda': 1.4599322889399585e-08}. Best is trial 1 with value: 0.06678750750042724.
[I 2026-06-01 15:49:30,567] Trial 11 finished with value: 0.05901595363454855 and parameters: {'confidence_threshold': 0.6075016155177957, 'training_days': 300, 'n_estimators': 54, 'max_depth': 4, 'num_leaves': 29, 'learning_rate': 0.1006199621535868, 'subsample': 0.741942921860466, 'colsample_bytree': 0.8016610248739169, 'min_child_samples': 21, 'reg_alpha': 2.5646023357365184e-05, 'reg_lambda': 0.00647465266809438}. Best is trial 1 with value: 0.06678750750042724.
[I 2026-06-01 15:49:30,699] Trial 12 finished with value: 0.01528777514306578 and parameters: {'confidence_threshold': 0.6312717333908874, 'training_days': 220, 'n_estimators': 54, 'max_depth': 4, 'num_leaves': 28, 'learning_rate': 0.09265206884400709, 'subsample': 0.7341978238962255, 'colsample_bytree': 0.8750909515331022, 'min_child_samples': 21, 'reg_alpha': 2.8799691672879213e-05, 'reg_lambda': 0.0022105109201275095}. Best is trial 1 with value: 0.06678750750042724.
[I 2026-06-01 15:49:30,869] Trial 13 finished with value: -0.027893440809477154 and parameters: {'confidence_threshold': 0.5024519344203032, 'training_days': 350, 'n_estimators': 123, 'max_depth': 4, 'num_leaves': 55, 'learning_rate': 0.1135553880056903, 'subsample': 0.7877599009492524, 'colsample_bytree': 0.8590679397496528, 'min_child_samples': 59, 'reg_alpha': 8.465942575614097e-06, 'reg_lambda': 1.365367432655861e-06}. Best is trial 1 with value: 0.06678750750042724.
