[I 2026-06-01 15:45:44,074] Trial 17 finished with value: -0.04926674268727582 and parameters: {'confidence_threshold': 0.5032649570294729, 'training_days': 330, 'n_estimators': 127, 'max_depth': 3, 'num_leaves': 32, 'learning_rate': 0.03919973742468495, 'subsample': 0.8002407697944357, 'colsample_bytree': 0.8946751588605475, 'min_child_samples': 58, 'reg_alpha': 1.50717604117451e-06, 'reg_lambda': 0.02787385247143133}. Best is trial 16 with value: 0.14163797592040084.

    [CV fold 0] train_end=2021-07-23 08:00 | val_start=2021-07-31 00:00 | gap=184h (22 rows)
    [CV fold 1] train_end=2021-11-20 16:00 | val_start=2021-11-28 08:00 | gap=184h (22 rows)
    [CV fold 2] train_end=2022-03-21 00:00 | val_start=2022-03-28 16:00 | gap=184h (22 rows)
    [CV fold 3] train_end=2022-07-19 08:00 | val_start=2022-07-27 00:00 | gap=184h (22 rows)
    [CV fold 4] train_end=2022-11-16 16:00 | val_start=2022-11-24 08:00 | gap=184h (22 rows)
    [trial 0] Sharpe=-0.0348 (folds: -0.0932, 0.0597, 0.1069, -0.0276, -0.2198)
    [trial 1] 48 features, training_days=290 | threshold=0.635 | labels: 1093 long, 1075 short (50/50%)
    [trial 1] Sharpe=-0.0779 (folds: -0.1321, 0.4051, -0.5575, 0.1272, -0.2323)
    [trial 2] 48 features, training_days=10 | threshold=0.585 | labels: 1093 long, 1075 short (50/50%)
    [trial 2] Sharpe=-2.1045 (folds: -0.3686, -10.0000, 0.1980, -0.2036, -0.1486)
    [trial 3] 48 features, training_days=220 | threshold=0.687 | labels: 1093 long, 1075 short (50/50%)
    [trial 3] Sharpe=0.0294 (folds: -0.1195, 0.5661, -0.1747, 0.0226, -0.1474)
    [trial 4] 48 features, training_days=300 | threshold=0.562 | labels: 1093 long, 1075 short (50/50%)
    [trial 4] Sharpe=-0.0390 (folds: -0.0497, 0.2929, -0.4724, 0.1923, -0.1579)
    [trial 5] 48 features, training_days=490 | threshold=0.711 | labels: 1093 long, 1075 short (50/50%)
    [trial 5] Sharpe=0.0001 (folds: -0.0659, 0.3951, -0.4874, 0.1689, -0.0101)
    [trial 6] 48 features, training_days=420 | threshold=0.667 | labels: 1093 long, 1075 short (50/50%)
    [trial 6] Sharpe=0.0074 (folds: -0.0894, 0.4316, -0.5449, 0.3768, -0.1370)
    [trial 7] 48 features, training_days=120 | threshold=0.550 | labels: 1093 long, 1075 short (50/50%)
    [trial 7] Sharpe=-0.0851 (folds: -0.1474, 0.0460, -0.1009, -0.0753, -0.1477)
    [trial 8] 48 features, training_days=450 | threshold=0.720 | labels: 1093 long, 1075 short (50/50%)
    [trial 8] Sharpe=0.0109 (folds: -0.1259, 0.5102, -0.5279, 0.1917, 0.0063)
    [trial 9] 48 features, training_days=20 | threshold=0.727 | labels: 1093 long, 1075 short (50/50%)
    [trial 9] Sharpe=-2.0408 (folds: 0.2372, 0.0247, -0.3173, -10.0000, -0.1486)
    [trial 10] 48 features, training_days=200 | threshold=0.828 | labels: 1093 long, 1075 short (50/50%)
    [trial 10] Sharpe=-10.0000 (folds: -10.0000, -10.0000, -10.0000, -10.0000, -10.0000)
    [trial 11] 48 features, training_days=380 | threshold=0.777 | labels: 1093 long, 1075 short (50/50%)
    [trial 11] Sharpe=-0.0086 (folds: -0.1544, 0.6224, -0.5596, 0.2534, -0.2046)
    [trial 12] 48 features, training_days=200 | threshold=0.745 | labels: 1093 long, 1075 short (50/50%)
    [trial 12] Sharpe=0.0162 (folds: -0.3173, 0.4316, -0.1303, 0.2608, -0.1637)
    [trial 13] 48 features, training_days=200 | threshold=0.796 | labels: 1093 long, 1075 short (50/50%)
    [trial 13] Sharpe=0.0119 (folds: -0.4376, 0.5054, -0.1397, 0.3193, -0.1877)
    [trial 14] 48 features, training_days=210 | threshold=0.645 | labels: 1093 long, 1075 short (50/50%)
    [trial 14] Sharpe=-0.0120 (folds: -0.2389, 0.3825, -0.0700, 0.0484, -0.1818)
    [trial 15] 48 features, training_days=130 | threshold=0.759 | labels: 1093 long, 1075 short (50/50%)
    [trial 15] Sharpe=-0.1202 (folds: -0.2410, 0.1681, -0.2583, -0.1843, -0.0853)
    [trial 16] 48 features, training_days=350 | threshold=0.848 | labels: 1093 long, 1075 short (50/50%)
    [trial 16] Sharpe=0.1416 (folds: -0.7070, 0.6306, -0.2837, 1.1707, -0.1024)
    [trial 17] 48 features, training_days=330 | threshold=0.503 | labels: 1093 long, 1075 short (50/50%)
    [trial 17] Sharpe=-0.0493 (folds: -0.1002, 0.2729, -0.4474, 0.1320, -0.1037)
  Optuna: 18 trials, best Sharpe = 0.1416
  Best params: n_estimators=125, max_depth=4, lr=0.0344, leaves=50
  Best confidence_threshold: 0.848
  Best training_days: 350
  Retrained on full data (1050 samples, 48 features)
  OOD: 16 features, cutoff (q=0.7) = 13.96
  Model trained for 2023-04: 90 test candles with features, confidence_threshold=0.710
[trade:close] 2023-04-04 15:59 ETHUSDT SHORT → stop_loss @ 1891.99 | PnL=-4.70% (net -4.80%) | cum=+17.96% 2023-04=-4.80% 2023-04-04=-4.80%
[predict] 2023-04-06 00:00 ETHUSDT → SHORT (proba=0.85 TP=8.0%/SL=4.0%)
[trade:open] 2023-04-06 07:59 ETHUSDT SHORT @ 1878.35 | SL=1953.75 TP=1727.55 | timeout=2023-04-13 07:59
[trade:close] 2023-04-13 08:00 ETHUSDT SHORT → timeout @ 1921.11 | PnL=-2.28% (net -2.38%) | cum=+15.58% 2023-04=-7.17% 2023-04-13=-2.38%
[predict] 2023-04-17 00:00 ETHUSDT → LONG (proba=0.76 TP=7.7%/SL=3.9%)
[trade:open] 2023-04-17 07:59 ETHUSDT LONG @ 2090.35 | SL=2009.41 TP=2252.22 | timeout=2023-04-24 07:59
[trade:close] 2023-04-19 15:59 ETHUSDT LONG → stop_loss @ 2009.41 | PnL=-3.87% (net -3.97%) | cum=+11.61% 2023-04=-11.15% 2023-04-19=-3.97%
[predict] 2023-04-23 16:00 ETHUSDT → LONG (proba=0.76 TP=8.3%/SL=4.2%)
[trade:open] 2023-04-23 23:59 ETHUSDT LONG @ 1861.30 | SL=1783.99 TP=2015.91 | timeout=2023-04-30 23:59
[trade:close] 2023-04-26 23:59 ETHUSDT LONG → stop_loss @ 1783.99 | PnL=-4.15% (net -4.25%) | cum=+7.36% 2023-04=-15.40% 2023-04-26=-4.25%
[predict] 2023-04-27 16:00 ETHUSDT → SHORT (proba=0.73 TP=11.2%/SL=5.6%)
[trade:open] 2023-04-27 23:59 ETHUSDT SHORT @ 1907.67 | SL=2014.75 TP=1693.52 | timeout=2023-05-04 23:59
[lgbm] === Training for 2023-05 ===
  Train window: 2021-05-01 → 2023-04-23
  2168 training samples from 1 symbols
  Samples per month: 2021-05: 93, 2021-06: 90, 2021-07: 93, 2021-08: 93, 2021-09: 90, 2021-10: 93, 2021-11: 90, 2021-12: 93, 2022-01: 93, 2022-02: 84, 2022-03: 93, 2022-04: 90, 2022-05: 93, 2022-06: 90, 2022-07: 93, 2022-08: 93, 2022-09: 90, 2022-10: 93, 2022-11: 90, 2022-12: 93, 2023-01: 93, 2023-02: 84, 2023-03: 93, 2023-04: 68
  [label] 2021-07-01 16:00 ETHUSDT entry=2105.2400 → LONG | long=timeout(+0.36%) short=sl(-9.28%) | scanned=22 | no_tp→fwd_return=+0.4579
  [label] 2021-07-03 16:00 ETHUSDT entry=2226.6300 → SHORT | long=sl(-7.79%) short=sl(-7.79%) | scanned=16 | no_tp→fwd_return=-4.5311
  [label] 2021-07-07 16:00 ETHUSDT entry=2314.6500 → SHORT | long=sl(-7.35%) short=tp(+14.40%) | scanned=16 | short_tp_only
  [label] 2021-08-01 08:00 ETHUSDT entry=2584.0000 → LONG | long=tp(+12.17%) short=sl(-6.23%) | scanned=16 | long_tp_only
  [label] 2021-09-22 16:00 ETHUSDT entry=3076.6200 → SHORT | long=sl(-10.06%) short=timeout(+7.32%) | scanned=22 | no_tp→fwd_return=-7.4185
  [label] 2022-03-07 16:00 ETHUSDT entry=2489.9000 → LONG | long=timeout(+3.88%) short=sl(-8.05%) | scanned=22 | no_tp→fwd_return=+3.9785
  [label] 2022-03-11 16:00 ETHUSDT entry=2555.8900 → LONG | long=tp(+13.74%) short=sl(-7.02%) | scanned=21 | long_tp_only
  [label] 2022-03-22 08:00 ETHUSDT entry=3002.1700 → LONG | long=tp(+9.98%) short=sl(-5.14%) | scanned=17 | long_tp_only
  [label] 2022-05-06 08:00 ETHUSDT entry=2687.0600 → SHORT | long=sl(-5.87%) short=tp(+11.44%) | scanned=9 | short_tp_only
  [label] 2022-05-14 16:00 ETHUSDT entry=2055.0000 → SHORT | long=timeout(-4.04%) short=timeout(+3.84%) | scanned=22 | no_tp→fwd_return=-3.9445
  [label] 2022-08-13 00:00 ETHUSDT entry=1995.2900 → SHORT | long=sl(-5.88%) short=tp(+11.47%) | scanned=18 | short_tp_only
  [label] 2022-09-14 00:00 ETHUSDT entry=1610.0700 → SHORT | long=sl(-7.68%) short=tp(+15.07%) | scanned=14 | short_tp_only
  [label] 2022-09-30 00:00 ETHUSDT entry=1339.6700 → LONG | long=timeout(+1.07%) short=timeout(-1.27%) | scanned=22 | no_tp→fwd_return=+1.1675
  [label] 2022-10-12 16:00 ETHUSDT entry=1294.0200 → SHORT | long=sl(-3.46%) short=tp(+6.61%) | scanned=2 | short_tp_only
  [label] 2022-10-31 08:00 ETHUSDT entry=1568.5900 → LONG | long=timeout(+1.36%) short=sl(-5.90%) | scanned=22 | no_tp→fwd_return=+1.4593
  [label] 2022-11-06 16:00 ETHUSDT entry=1567.4200 → SHORT | long=sl(-5.32%) short=tp(+10.35%) | scanned=6 | short_tp_only
  [label] 2022-11-19 00:00 ETHUSDT entry=1206.0900 → LONG | long=sl(-6.37%) short=timeout(-1.10%) | scanned=22 | no_tp→fwd_return=+1.0032
  [label] 2022-12-28 08:00 ETHUSDT entry=1188.7500 → LONG | long=timeout(+5.55%) short=sl(-3.20%) | scanned=22 | no_tp→fwd_return=+5.6488
  [label] 2023-01-07 08:00 ETHUSDT entry=1264.5000 → LONG | long=tp(+4.55%) short=sl(-2.43%) | scanned=6 | long_tp_only[I 2026-06-01 15:45:44,559] A new study created in memory with name: no-name-1f2e73ad-8528-44bd-a2ba-868dfaf1cb97
[I 2026-06-01 15:45:44,914] Trial 0 finished with value: 0.012177402479346455 and parameters: {'confidence_threshold': 0.6310890415965769, 'training_days': 480, 'n_estimators': 380, 'max_depth': 4, 'num_leaves': 22, 'learning_rate': 0.01699897838270077, 'subsample': 0.5290418060840998, 'colsample_bytree': 0.9330880728874675, 'min_child_samples': 68, 'reg_alpha': 0.023585940584142682, 'reg_lambda': 1.5320059381854043e-08}. Best is trial 0 with value: 0.012177402479346455.
[I 2026-06-01 15:45:45,030] Trial 1 finished with value: 0.23224402153484497 and parameters: {'confidence_threshold': 0.839468448256698, 'training_days': 420, 'n_estimators': 145, 'max_depth': 3, 'num_leaves': 23, 'learning_rate': 0.028145092716060652, 'subsample': 0.762378215816119, 'colsample_bytree': 0.7159725093210578, 'min_child_samples': 43, 'reg_alpha': 0.0032112643094417484, 'reg_lambda': 1.8007140198129195e-07}. Best is trial 1 with value: 0.23224402153484497.
[I 2026-06-01 15:45:45,176] Trial 2 finished with value: -0.01899205609543666 and parameters: {'confidence_threshold': 0.6022506269873263, 'training_days': 190, 'n_estimators': 255, 'max_depth': 5, 'num_leaves': 24, 'learning_rate': 0.05748924681991978, 'subsample': 0.7962072844310213, 'colsample_bytree': 0.5232252063599989, 'min_child_samples': 69, 'reg_alpha': 3.425445902633376e-07, 'reg_lambda': 3.850031979199519e-08}. Best is trial 1 with value: 0.23224402153484497.
[I 2026-06-01 15:45:45,441] Trial 3 finished with value: 0.06352291459193586 and parameters: {'confidence_threshold': 0.8321099380386666, 'training_days': 490, 'n_estimators': 414, 'max_depth': 3, 'num_leaves': 19, 'learning_rate': 0.1024932221692416, 'subsample': 0.7200762468698007, 'colsample_bytree': 0.5610191174223894, 'min_child_samples': 60, 'reg_alpha': 2.039373116525212e-08, 'reg_lambda': 1.527156759251193}. Best is trial 1 with value: 0.23224402153484497.
[I 2026-06-01 15:45:45,595] Trial 4 finished with value: -0.012800966559243138 and parameters: {'confidence_threshold': 0.5905729935600059, 'training_days': 340, 'n_estimators': 190, 'max_depth': 4, 'num_leaves': 41, 'learning_rate': 0.01875220945578641, 'subsample': 0.9847923138822793, 'colsample_bytree': 0.8875664116805573, 'min_child_samples': 96, 'reg_alpha': 1.1309571585271483, 'reg_lambda': 0.002404915432737351}. Best is trial 1 with value: 0.23224402153484497.
[I 2026-06-01 15:45:45,635] Trial 5 finished with value: -0.04508052303910188 and parameters: {'confidence_threshold': 0.8226559822580909, 'training_days': 50, 'n_estimators': 138, 'max_depth': 3, 'num_leaves': 30, 'learning_rate': 0.03750796359625606, 'subsample': 0.6356745158869479, 'colsample_bytree': 0.9143687545759647, 'min_child_samples': 48, 'reg_alpha': 3.376063348877853e-06, 'reg_lambda': 0.0007660634613082914}. Best is trial 1 with value: 0.23224402153484497.
[I 2026-06-01 15:45:45,753] Trial 6 finished with value: -0.004786861241672063 and parameters: {'confidence_threshold': 0.5493234787411669, 'training_days': 410, 'n_estimators': 83, 'max_depth': 5, 'num_leaves': 52, 'learning_rate': 0.019657448966046126, 'subsample': 0.5027610585618012, 'colsample_bytree': 0.9077307142274171, 'min_child_samples': 77, 'reg_alpha': 0.03639690979811287, 'reg_lambda': 0.08738424135626986}. Best is trial 1 with value: 0.23224402153484497.
[I 2026-06-01 15:45:45,840] Trial 7 finished with value: -0.017013585664748115 and parameters: {'confidence_threshold': 0.5259156281069316, 'training_days': 180, 'n_estimators': 102, 'max_depth': 5, 'num_leaves': 45, 'learning_rate': 0.030816017044468066, 'subsample': 0.5317791751430119, 'colsample_bytree': 0.6554911608578311, 'min_child_samples': 46, 'reg_alpha': 0.036851536911881845, 'reg_lambda': 0.005470376807480391}. Best is trial 1 with value: 0.23224402153484497.
[I 2026-06-01 15:45:45,936] Trial 8 finished with value: 0.21064864301351166 and parameters: {'confidence_threshold': 0.8105244599017143, 'training_days': 240, 'n_estimators': 103, 'max_depth': 5, 'num_leaves': 52, 'learning_rate': 0.06746437142284309, 'subsample': 0.8854835899772805, 'colsample_bytree': 0.7468977981821954, 'min_child_samples': 62, 'reg_alpha': 7.04480806377519e-05, 'reg_lambda': 1.6934490731313353e-08}. Best is trial 1 with value: 0.23224402153484497.
[I 2026-06-01 15:45:45,960] Trial 9 finished with value: -1.9916824048292103 and parameters: {'confidence_threshold': 0.5377619994476566, 'training_days': 20, 'n_estimators': 337, 'max_depth': 3, 'num_leaves': 39, 'learning_rate': 0.21907142272152816, 'subsample': 0.6246461145744375, 'colsample_bytree': 0.7051914615178149, 'min_child_samples': 81, 'reg_alpha': 1.1459970229341322e-06, 'reg_lambda': 4.929685216887945e-08}. Best is trial 1 with value: 0.23224402153484497.
[I 2026-06-01 15:45:46,465] Trial 10 finished with value: 0.04323981162216726 and parameters: {'confidence_threshold': 0.7286853308578232, 'training_days': 350, 'n_estimators': 487, 'max_depth': 4, 'num_leaves': 31, 'learning_rate': 0.011407797829608154, 'subsample': 0.8271882613853766, 'colsample_bytree': 0.8120417635861826, 'min_child_samples': 24, 'reg_alpha': 0.0005486918362336714, 'reg_lambda': 3.3639426888455256e-06}. Best is trial 1 with value: 0.23224402153484497.
[I 2026-06-01 15:45:46,668] Trial 11 finished with value: 0.09223987103238156 and parameters: {'confidence_threshold': 0.7440045644190331, 'training_days': 250, 'n_estimators': 206, 'max_depth': 4, 'num_leaves': 60, 'learning_rate': 0.08142580753149657, 'subsample': 0.9221526936614691, 'colsample_bytree': 0.7745443264032007, 'min_child_samples': 31, 'reg_alpha': 8.237157319612896e-05, 'reg_lambda': 7.868729181011707e-06}. Best is trial 1 with value: 0.23224402153484497.
[I 2026-06-01 15:45:46,731] Trial 12 finished with value: 0.117710927824161 and parameters: {'confidence_threshold': 0.7724411876090038, 'training_days': 270, 'n_estimators': 59, 'max_depth': 3, 'num_leaves': 58, 'learning_rate': 0.1489685720346384, 'subsample': 0.8426110070012842, 'colsample_bytree': 0.6490082429333545, 'min_child_samples': 41, 'reg_alpha': 0.00034577150531565687, 'reg_lambda': 1.953219513655572e-06}. Best is trial 1 with value: 0.23224402153484497.
[I 2026-06-01 15:45:46,844] Trial 13 finished with value: 0.0869442549931279 and parameters: {'confidence_threshold': 0.8492910061460892, 'training_days': 150, 'n_estimators': 151, 'max_depth': 5, 'num_leaves': 52, 'learning_rate': 0.03817149751567075, 'subsample': 0.8939550645860711, 'colsample_bytree': 0.8155421717694826, 'min_child_samples': 49, 'reg_alpha': 5.455813891552554e-05, 'reg_lambda': 4.853786638244098e-07}. Best is trial 1 with value: 0.23224402153484497.
[I 2026-06-01 15:45:47,074] Trial 14 finished with value: -0.0026573423951016806 and parameters: {'confidence_threshold': 0.689769751463316, 'training_days': 380, 'n_estimators': 277, 'max_depth': 4, 'num_leaves': 15, 'learning_rate': 0.0610528916383506, 'subsample': 0.7272205324450449, 'colsample_bytree': 0.7129757657279365, 'min_child_samples': 58, 'reg_alpha': 0.0038067556646802867, 'reg_lambda': 5.3861085653773555e-05}. Best is trial 1 with value: 0.23224402153484497.
[I 2026-06-01 15:45:47,151] Trial 15 finished with value: -5.863748674241809 and parameters: {'confidence_threshold': 0.7897255408101392, 'training_days': 260, 'n_estimators': 51, 'max_depth': 5, 'num_leaves': 32, 'learning_rate': 0.028672502833093406, 'subsample': 0.971963681209985, 'colsample_bytree': 0.6290746674720268, 'min_child_samples': 37, 'reg_alpha': 4.390567046064357, 'reg_lambda': 2.720986163642982e-07}. Best is trial 1 with value: 0.23224402153484497.
[I 2026-06-01 15:45:47,221] Trial 16 finished with value: -0.03193499493877035 and parameters: {'confidence_threshold': 0.7877045466299416, 'training_days': 100, 'n_estimators': 145, 'max_depth': 3, 'num_leaves': 46, 'learning_rate': 0.10112739203927937, 'subsample': 0.7848742979848755, 'colsample_bytree': 0.9826162589395974, 'min_child_samples': 58, 'reg_alpha': 1.4618334151747558e-05, 'reg_lambda': 1.1445074815007822e-08}. Best is trial 1 with value: 0.23224402153484497.
[I 2026-06-01 15:45:47,401] Trial 17 finished with value: 0.014193690791964855 and parameters: {'confidence_threshold': 0.6796805210256975, 'training_days': 440, 'n_estimators': 230, 'max_depth': 4, 'num_leaves': 63, 'learning_rate': 0.24532083062807572, 'subsample': 0.9014795832164373, 'colsample_bytree': 0.7518217663577897, 'min_child_samples': 93, 'reg_alpha': 0.005047355373634929, 'reg_lambda': 6.614397595908694e-05}. Best is trial 1 with value: 0.23224402153484497.
[I 2026-06-01 15:45:47,626] A new study created in memory with name: no-name-434aab96-f68b-40fa-a8cb-28e8406d5dcd
[I 2026-06-01 15:45:47,714] Trial 0 finished with value: -0.02088849091166391 and parameters: {'confidence_threshold': 0.7437642149592516, 'training_days': 150, 'n_estimators': 152, 'max_depth': 4, 'num_leaves': 50, 'learning_rate': 0.04216766425047743, 'subsample': 0.9903820991923078, 'colsample_bytree': 0.8424148692924316, 'min_child_samples': 58, 'reg_alpha': 3.381097259762742e-05, 'reg_lambda': 1.2263152961306247e-05}. Best is trial 0 with value: -0.02088849091166391.
[I 2026-06-01 15:45:47,790] Trial 1 finished with value: -1.7476841701193941 and parameters: {'confidence_threshold': 0.7551673975844145, 'training_days': 220, 'n_estimators': 76, 'max_depth': 4, 'num_leaves': 51, 'learning_rate': 0.018602118810743477, 'subsample': 0.5877258780737462, 'colsample_bytree': 0.7657756869209191, 'min_child_samples': 63, 'reg_alpha': 0.005123994170264194, 'reg_lambda': 0.44145470178120466}. Best is trial 0 with value: -0.02088849091166391.
[I 2026-06-01 15:45:48,050] Trial 2 finished with value: 0.03201422979238765 and parameters: {'confidence_threshold': 0.7535593637012223, 'training_days': 310, 'n_estimators': 375, 'max_depth': 3, 'num_leaves': 32, 'learning_rate': 0.021735641882032388, 'subsample': 0.6468570231944146, 'colsample_bytree': 0.8154880619272439, 'min_child_samples': 27, 'reg_alpha': 8.004064028491336e-05, 'reg_lambda': 7.546835261630524e-05}. Best is trial 2 with value: 0.03201422979238765.
[I 2026-06-01 15:45:48,205] Trial 3 finished with value: 0.09341022942000494 and parameters: {'confidence_threshold': 0.6727897841776072, 'training_days': 220, 'n_estimators': 190, 'max_depth': 4, 'num_leaves': 58, 'learning_rate': 0.24810689332636193, 'subsample': 0.7509183379421682, 'colsample_bytree': 0.8119764758960556, 'min_child_samples': 29, 'reg_alpha': 7.1708285081421445e-06, 'reg_lambda': 5.412973582738627e-05}. Best is trial 3 with value: 0.09341022942000494.
[I 2026-06-01 15:45:48,326] Trial 4 finished with value: -0.035340379873464 and parameters: {'confidence_threshold': 0.803208205259178, 'training_days': 130, 'n_estimators': 267, 'max_depth': 5, 'num_leaves': 40, 'learning_rate': 0.08041175317374143, 'subsample': 0.5603143329951619, 'colsample_bytree': 0.9131704002534167, 'min_child_samples': 68, 'reg_alpha': 0.0008046593428183385, 'reg_lambda': 1.2158346158765583e-05}. Best is trial 3 with value: 0.09341022942000494.
[I 2026-06-01 15:45:48,569] Trial 5 finished with value: 0.043160335909333075 and parameters: {'confidence_threshold': 0.6064422761595144, 'training_days': 210, 'n_estimators': 357, 'max_depth': 5, 'num_leaves': 40, 'learning_rate': 0.0974221287220869, 'subsample': 0.7929682762811064, 'colsample_bytree': 0.8124517510478, 'min_child_samples': 74, 'reg_alpha': 0.3811377260781234, 'reg_lambda': 5.607314238392041e-08}. Best is trial 3 with value: 0.09341022942000494.
[I 2026-06-01 15:45:48,678] Trial 6 finished with value: -0.017894470196309926 and parameters: {'confidence_threshold': 0.7672889945051684, 'training_days': 130, 'n_estimators': 137, 'max_depth': 4, 'num_leaves': 19, 'learning_rate': 0.2031117614248665, 'subsample': 0.8136244860256343, 'colsample_bytree': 0.8617081790949774, 'min_child_samples': 21, 'reg_alpha': 0.002238138278733199, 'reg_lambda': 0.001025809534977322}. Best is trial 3 with value: 0.09341022942000494.
[I 2026-06-01 15:45:48,743] Trial 7 finished with value: -0.09208656450572722 and parameters: {'confidence_threshold': 0.555635875450653, 'training_days': 80, 'n_estimators': 363, 'max_depth': 3, 'num_leaves': 48, 'learning_rate': 0.06590089024008658, 'subsample': 0.6944752870615722, 'colsample_bytree': 0.962566244806993, 'min_child_samples': 88, 'reg_alpha': 1.6465620446426067e-05, 'reg_lambda': 2.4678750890085655e-08}. Best is trial 3 with value: 0.09341022942000494.
[I 2026-06-01 15:45:49,046] Trial 8 finished with value: 0.059180342377312865 and parameters: {'confidence_threshold': 0.6066688256938841, 'training_days': 200, 'n_estimators': 367, 'max_depth': 5, 'num_leaves': 32, 'learning_rate': 0.13377519215934996, 'subsample': 0.7965884582811106, 'colsample_bytree': 0.8458508993500886, 'min_child_samples': 32, 'reg_alpha': 3.889436043816386e-05, 'reg_lambda': 1.4713062489380356e-06}. Best is trial 3 with value: 0.09341022942000494.
