[I 2026-06-01 15:43:34,797] Trial 8 finished with value: 0.09505204302127537 and parameters: {'confidence_threshold': 0.8105244599017143, 'training_days': 240, 'n_estimators': 103, 'max_depth': 5, 'num_leaves': 52, 'learning_rate': 0.06746437142284309, 'subsample': 0.8854835899772805, 'colsample_bytree': 0.7468977981821954, 'min_child_samples': 62, 'reg_alpha': 7.04480806377519e-05, 'reg_lambda': 1.6934490731313353e-08}. Best is trial 6 with value: 0.12618652341497147.
[I 2026-06-01 15:43:34,817] Trial 9 finished with value: 0.003058834483685432 and parameters: {'confidence_threshold': 0.5377619994476566, 'training_days': 20, 'n_estimators': 337, 'max_depth': 3, 'num_leaves': 39, 'learning_rate': 0.21907142272152816, 'subsample': 0.6246461145744375, 'colsample_bytree': 0.7051914615178149, 'min_child_samples': 81, 'reg_alpha': 1.1459970229341322e-06, 'reg_lambda': 4.929685216887945e-08}. Best is trial 6 with value: 0.12618652341497147.
[I 2026-06-01 15:43:35,395] Trial 10 finished with value: 0.13375006514769142 and parameters: {'confidence_threshold': 0.7378545837642324, 'training_days': 350, 'n_estimators': 487, 'max_depth': 5, 'num_leaves': 62, 'learning_rate': 0.011407797829608154, 'subsample': 0.628963476300746, 'colsample_bytree': 0.8340915966600303, 'min_child_samples': 27, 'reg_alpha': 8.536188349289, 'reg_lambda': 8.145051292774586}. Best is trial 10 with value: 0.13375006514769142.

    [trial 10] 48 features, training_days=400 | threshold=0.828 | labels: 1269 long, 899 short (59/41%)
    [trial 10] Sharpe=-1.8318 (folds: -10.0000, 0.2924, 0.0746, 0.2928, 0.1812)
    [trial 11] 48 features, training_days=500 | threshold=0.783 | labels: 1269 long, 899 short (59/41%)
    [trial 11] Sharpe=0.1237 (folds: -0.2226, 0.1694, 0.0672, 0.2946, 0.3098)
    [trial 12] 48 features, training_days=500 | threshold=0.785 | labels: 1269 long, 899 short (59/41%)
    [trial 12] Sharpe=0.1145 (folds: -0.5158, 0.2810, 0.0877, 0.3878, 0.3320)
    [trial 13] 48 features, training_days=350 | threshold=0.808 | labels: 1269 long, 899 short (59/41%)
    [trial 13] Sharpe=0.2039 (folds: -0.4537, 0.3118, 0.0834, 0.6714, 0.4064)
    [trial 14] 48 features, training_days=360 | threshold=0.848 | labels: 1269 long, 899 short (59/41%)
    [trial 14] Sharpe=-10.0000 (folds: -10.0000, -10.0000, -10.0000, -10.0000, -10.0000)
    [trial 15] 48 features, training_days=220 | threshold=0.783 | labels: 1269 long, 899 short (59/41%)
    [trial 15] Sharpe=0.0669 (folds: -0.4216, 0.2148, 0.0752, 0.3037, 0.1624)
    [trial 16] 48 features, training_days=360 | threshold=0.776 | labels: 1269 long, 899 short (59/41%)
    [trial 16] Sharpe=0.0781 (folds: -0.1796, -0.0832, 0.0615, 0.4220, 0.1699)
    [trial 17] 48 features, training_days=330 | threshold=0.508 | labels: 1269 long, 899 short (59/41%)
    [trial 17] Sharpe=0.0396 (folds: -0.0961, -0.0229, 0.1200, 0.1049, 0.0924)
  Optuna: 18 trials, best Sharpe = 0.2039
  Best params: n_estimators=227, max_depth=4, lr=0.0160, leaves=55
  Best confidence_threshold: 0.808
  Best training_days: 350
  Retrained on full data (1050 samples, 48 features)
  OOD: 16 features, cutoff (q=0.7) = 13.81
  Model trained for 2022-03: 93 test candles with features, confidence_threshold=0.744
[trade:close] 2022-03-01 15:59 ETHUSDT SHORT → stop_loss @ 3022.65 | PnL=-8.80% (net -8.90%) | cum=-0.46% 2022-03=-8.90% 2022-03-01=-8.90%
[predict] 2022-03-14 08:00 ETHUSDT → SHORT (proba=0.79 TP=11.3%/SL=5.6%)
[trade:open] 2022-03-14 15:59 ETHUSDT SHORT @ 2572.50 | SL=2717.83 TP=2281.84 | timeout=2022-03-21 15:59
[trade:close] 2022-03-16 07:59 ETHUSDT SHORT → stop_loss @ 2717.83 | PnL=-5.65% (net -5.75%) | cum=-6.21% 2022-03=-14.65% 2022-03-16=-5.75%
[lgbm] === Training for 2022-04 ===
  Train window: 2020-04-01 → 2022-03-24
  2168 training samples from 1 symbols
  Samples per month: 2020-04: 90, 2020-05: 93, 2020-06: 90, 2020-07: 93, 2020-08: 93, 2020-09: 90, 2020-10: 93, 2020-11: 90, 2020-12: 93, 2021-01: 93, 2021-02: 84, 2021-03: 93, 2021-04: 90, 2021-05: 93, 2021-06: 90, 2021-07: 93, 2021-08: 93, 2021-09: 90, 2021-10: 93, 2021-11: 90, 2021-12: 93, 2022-01: 93, 2022-02: 84, 2022-03: 71
  [label] 2020-06-01 16:00 ETHUSDT entry=248.9000 → SHORT | long=sl(-6.12%) short=timeout(+0.80%) | scanned=22 | no_tp→fwd_return=-0.9040
  [label] 2020-06-03 16:00 ETHUSDT entry=244.5200 → LONG | long=timeout(+1.30%) short=timeout(-1.50%) | scanned=22 | no_tp→fwd_return=+1.4027
  [label] 2020-06-07 16:00 ETHUSDT entry=244.6600 → SHORT | long=sl(-5.22%) short=timeout(+5.11%) | scanned=22 | no_tp→fwd_return=-5.2072
  [label] 2020-07-02 08:00 ETHUSDT entry=225.0900 → LONG | long=tp(+7.30%) short=sl(-3.80%) | scanned=13 | long_tp_only
  [label] 2020-08-23 16:00 ETHUSDT entry=391.0000 → LONG | long=timeout(+9.65%) short=sl(-5.56%) | scanned=22 | no_tp→fwd_return=+9.7468
  [label] 2021-02-05 16:00 ETHUSDT entry=1721.1600 → LONG | long=sl(-8.97%) short=timeout(-7.18%) | scanned=22 | no_tp→fwd_return=+7.0836
  [label] 2021-02-09 16:00 ETHUSDT entry=1770.7900 → LONG | long=timeout(+0.66%) short=timeout(-0.86%) | scanned=22 | no_tp→fwd_return=+0.7635
  [label] 2021-02-20 08:00 ETHUSDT entry=1981.1600 → SHORT | long=sl(-6.37%) short=tp(+12.44%) | scanned=6 | short_tp_only
  [label] 2021-04-06 08:00 ETHUSDT entry=2085.8700 → LONG | long=sl(-6.23%) short=sl(-6.23%) | scanned=21 | no_tp→fwd_return=+9.3592
  [label] 2021-04-14 16:00 ETHUSDT entry=2437.0800 → SHORT | long=sl(-6.17%) short=tp(+12.03%) | scanned=10 | short_tp_only
  [label] 2021-07-14 00:00 ETHUSDT entry=1898.0000 → SHORT | long=sl(-7.70%) short=timeout(+1.16%) | scanned=22 | no_tp→fwd_return=-1.2592
  [label] 2021-08-15 00:00 ETHUSDT entry=3163.4600 → LONG | long=timeout(+3.09%) short=timeout(-3.29%) | scanned=22 | no_tp→fwd_return=+3.1943
  [label] 2021-08-31 00:00 ETHUSDT entry=3363.6200 → LONG | long=tp(+10.49%) short=sl(-5.39%) | scanned=5 | long_tp_only
  [label] 2021-09-12 16:00 ETHUSDT entry=3405.2100 → SHORT | long=sl(-8.28%) short=timeout(+2.15%) | scanned=22 | no_tp→fwd_return=-2.2463
  [label] 2021-10-01 08:00 ETHUSDT entry=3235.9900 → LONG | long=timeout(+11.85%) short=sl(-7.65%) | scanned=22 | no_tp→fwd_return=+11.9450
  [label] 2021-10-07 16:00 ETHUSDT entry=3589.8500 → LONG | long=timeout(+5.59%) short=sl(-6.30%) | scanned=22 | no_tp→fwd_return=+5.6922
  [label] 2021-10-20 00:00 ETHUSDT entry=3860.9200 → LONG | long=tp(+10.74%) short=sl(-5.52%) | scanned=4 | long_tp_only
  [label] 2021-11-28 08:00 ETHUSDT entry=4079.0100 → LONG | long=tp(+12.81%) short=sl(-6.55%) | scanned=6 | long_tp_only
  [label] 2021-12-08 08:00 ETHUSDT entry=4403.4900 → SHORT | long=sl(-7.79%) short=tp(+15.29%) | scanned=16 | short_tp_only
  [label] 2022-03-04 08:00 ETHUSDT entry=2670.8500 → SHORT | long=sl(-8.41%) short=timeout(+3.32%) | scanned=22 | no_tp→fwd_return=-3.4229
  Labels: 1287 long (59.4%), 881 short (40.6%) | weights: min=1.00, mean=3.32, max=10.00
  Features: 2168/2168 matched, 48 columns
  CV gap: 22 rows
  [ensemble 1/3] seed=42
    [trial 0] 48 features, training_days=480 | threshold=0.631 | labels: 1287 long, 881 short (59/41%)
    [CV fold 0] train_end=2020-07-23 08:00 | val_start=2020-07-31 00:00 | gap=184h (22 rows)
    [CV fold 1] train_end=2020-11-20 16:00 | val_start=2020-11-28 08:00 | gap=184h (22 rows)
    [CV fold 2] train_end=2021-03-21 00:00 | val_start=2021-03-28 16:00 | gap=184h (22 rows)
    [CV fold 3] train_end=2021-07-19 08:00 | val_start=2021-07-27 00:00 | gap=184h (22 rows)
    [CV fold 4] train_end=2021-11-16 16:00 | val_start=2021-11-24 08:00 | gap=184h (22 rows)
    [trial 0] Sharpe=0.0710 (folds: 0.0420, 0.1335, -0.0195, -0.1558, 0.3547)
    [trial 1] 48 features, training_days=420 | threshold=0.839 | labels: 1287 long, 881 short (59/41%)
    [trial 1] Sharpe=-1.8801 (folds: 0.2000, 0.5127, -0.0265, -0.0867, -10.0000)
    [trial 2] 48 features, training_days=190 | threshold=0.602 | labels: 1287 long, 881 short (59/41%)
    [trial 2] Sharpe=0.1039 (folds: 0.0922, 0.2743, -0.0181, -0.1175, 0.2882)
    [trial 3] 48 features, training_days=490 | threshold=0.832 | labels: 1287 long, 881 short (59/41%)
    [trial 3] Sharpe=0.0848 (folds: 0.1050, 0.2690, -0.0862, -0.2029, 0.3392)
    [trial 4] 48 features, training_days=340 | threshold=0.591 | labels: 1287 long, 881 short (59/41%)
    [trial 4] Sharpe=0.0684 (folds: -0.0510, 0.1606, 0.0319, -0.2667, 0.4672)
    [trial 5] 48 features, training_days=50 | threshold=0.823 | labels: 1287 long, 881 short (59/41%)
    [trial 5] Sharpe=-0.0980 (folds: -0.6179, 0.3025, -0.0058, -0.1278, -0.0411)
    [trial 6] 48 features, training_days=410 | threshold=0.549 | labels: 1287 long, 881 short (59/41%)
    [trial 6] Sharpe=0.1262 (folds: 0.0643, 0.1817, 0.0089, -0.0260, 0.4020)
    [trial 7] 48 features, training_days=180 | threshold=0.526 | labels: 1287 long, 881 short (59/41%)
    [trial 7] Sharpe=-0.0406 (folds: -0.0147, 0.0067, -0.1200, -0.2430, 0.1682)
    [trial 8] 48 features, training_days=240 | threshold=0.811 | labels: 1287 long, 881 short (59/41%)
    [trial 8] Sharpe=0.0951 (folds: 0.0861, 0.2438, -0.0480, -0.2865, 0.4799)
    [trial 9] 48 features, training_days=20 | threshold=0.538 | labels: 1287 long, 881 short (59/41%)
    [trial 9] Sharpe=0.0031 (folds: 0.1719, 0.2619, -0.0545, -0.3905, 0.0265)
    [trial 10] 48 features, training_days=350 | threshold=0.738 | labels: 1287 long, 881 short (59/41%)
    [trial 10] Sharpe=0.1338 (folds: 0.0883, 0.1605, -0.0222, -0.0769, 0.5190)
    [trial 11] 48 features, training_days=340 | threshold=0.716 | labels: 1287 long, 881 short (59/41%)[I 2026-06-01 15:43:35,985] Trial 11 finished with value: 0.09578545340184144 and parameters: {'confidence_threshold': 0.7161090655475574, 'training_days': 340, 'n_estimators': 469, 'max_depth': 5, 'num_leaves': 62, 'learning_rate': 0.010432023013264416, 'subsample': 0.6089267919181687, 'colsample_bytree': 0.839514762445579, 'min_child_samples': 20, 'reg_alpha': 4.101459409586907, 'reg_lambda': 9.674676883280053}. Best is trial 10 with value: 0.13375006514769142.
[I 2026-06-01 15:43:36,481] Trial 12 finished with value: 0.12447019163022861 and parameters: {'confidence_threshold': 0.7232085852545128, 'training_days': 360, 'n_estimators': 493, 'max_depth': 4, 'num_leaves': 63, 'learning_rate': 0.010377063435469455, 'subsample': 0.5392311924833902, 'colsample_bytree': 0.9958196332168744, 'min_child_samples': 20, 'reg_alpha': 0.33153160121167125, 'reg_lambda': 0.18660890998048252}. Best is trial 10 with value: 0.13375006514769142.
[I 2026-06-01 15:43:36,700] Trial 13 finished with value: 0.10481349739142469 and parameters: {'confidence_threshold': 0.7570783218175026, 'training_days': 400, 'n_estimators': 258, 'max_depth': 5, 'num_leaves': 52, 'learning_rate': 0.018044904132800254, 'subsample': 0.6858403704688758, 'colsample_bytree': 0.8155421717694826, 'min_child_samples': 85, 'reg_alpha': 6.838314908887669, 'reg_lambda': 0.12873338729896155}. Best is trial 10 with value: 0.13375006514769142.
[I 2026-06-01 15:43:36,790] Trial 14 finished with value: -1.8220097651409506 and parameters: {'confidence_threshold': 0.6653126865835206, 'training_days': 260, 'n_estimators': 59, 'max_depth': 4, 'num_leaves': 56, 'learning_rate': 0.01448018303581998, 'subsample': 0.5808433054196197, 'colsample_bytree': 0.8154662383364056, 'min_child_samples': 31, 'reg_alpha': 0.0017482274705964084, 'reg_lambda': 7.565770484313319e-06}. Best is trial 10 with value: 0.13375006514769142.
[I 2026-06-01 15:43:37,031] Trial 15 finished with value: 0.015701402328031994 and parameters: {'confidence_threshold': 0.7698850664205203, 'training_days': 290, 'n_estimators': 332, 'max_depth': 5, 'num_leaves': 56, 'learning_rate': 0.023433386116727507, 'subsample': 0.6707750474677462, 'colsample_bytree': 0.952938142406421, 'min_child_samples': 81, 'reg_alpha': 0.17809475373906172, 'reg_lambda': 0.04261034925312072}. Best is trial 10 with value: 0.13375006514769142.
[I 2026-06-01 15:43:37,210] Trial 16 finished with value: 0.09335964590795184 and parameters: {'confidence_threshold': 0.6760523483882178, 'training_days': 420, 'n_estimators': 197, 'max_depth': 4, 'num_leaves': 50, 'learning_rate': 0.044113343603225705, 'subsample': 0.5051085377365528, 'colsample_bytree': 0.867332604006096, 'min_child_samples': 34, 'reg_alpha': 8.499826882462325e-05, 'reg_lambda': 4.672816715706928e-05}. Best is trial 10 with value: 0.13375006514769142.
[I 2026-06-01 15:43:37,429] Trial 17 finished with value: 0.040619979274251844 and parameters: {'confidence_threshold': 0.5596614474862396, 'training_days': 450, 'n_estimators': 306, 'max_depth': 5, 'num_leaves': 34, 'learning_rate': 0.14168046193643385, 'subsample': 0.579567635413397, 'colsample_bytree': 0.7861983638172064, 'min_child_samples': 96, 'reg_alpha': 0.028110615799377833, 'reg_lambda': 5.696805151322188}. Best is trial 10 with value: 0.13375006514769142.
[I 2026-06-01 15:43:37,655] A new study created in memory with name: no-name-4a8b317c-c719-4316-8d77-f6841bb1694b
[I 2026-06-01 15:43:37,738] Trial 0 finished with value: -0.03318986273618448 and parameters: {'confidence_threshold': 0.7437642149592516, 'training_days': 150, 'n_estimators': 152, 'max_depth': 4, 'num_leaves': 50, 'learning_rate': 0.04216766425047743, 'subsample': 0.9903820991923078, 'colsample_bytree': 0.8424148692924316, 'min_child_samples': 58, 'reg_alpha': 3.381097259762742e-05, 'reg_lambda': 1.2263152961306247e-05}. Best is trial 0 with value: -0.03318986273618448.
[I 2026-06-01 15:43:37,809] Trial 1 finished with value: -2.025350667456608 and parameters: {'confidence_threshold': 0.7551673975844145, 'training_days': 220, 'n_estimators': 76, 'max_depth': 4, 'num_leaves': 51, 'learning_rate': 0.018602118810743477, 'subsample': 0.5877258780737462, 'colsample_bytree': 0.7657756869209191, 'min_child_samples': 63, 'reg_alpha': 0.005123994170264194, 'reg_lambda': 0.44145470178120466}. Best is trial 0 with value: -0.03318986273618448.
[I 2026-06-01 15:43:38,031] Trial 2 finished with value: 0.1044194683268835 and parameters: {'confidence_threshold': 0.7535593637012223, 'training_days': 310, 'n_estimators': 375, 'max_depth': 3, 'num_leaves': 32, 'learning_rate': 0.021735641882032388, 'subsample': 0.6468570231944146, 'colsample_bytree': 0.8154880619272439, 'min_child_samples': 27, 'reg_alpha': 8.004064028491336e-05, 'reg_lambda': 7.546835261630524e-05}. Best is trial 2 with value: 0.1044194683268835.
[I 2026-06-01 15:43:38,193] Trial 3 finished with value: 0.02917183476869939 and parameters: {'confidence_threshold': 0.6727897841776072, 'training_days': 220, 'n_estimators': 190, 'max_depth': 4, 'num_leaves': 58, 'learning_rate': 0.24810689332636193, 'subsample': 0.7509183379421682, 'colsample_bytree': 0.8119764758960556, 'min_child_samples': 29, 'reg_alpha': 7.1708285081421445e-06, 'reg_lambda': 5.412973582738627e-05}. Best is trial 2 with value: 0.1044194683268835.
[I 2026-06-01 15:43:38,304] Trial 4 finished with value: 0.023431653495222086 and parameters: {'confidence_threshold': 0.803208205259178, 'training_days': 130, 'n_estimators': 267, 'max_depth': 5, 'num_leaves': 40, 'learning_rate': 0.08041175317374143, 'subsample': 0.5603143329951619, 'colsample_bytree': 0.9131704002534167, 'min_child_samples': 68, 'reg_alpha': 0.0008046593428183385, 'reg_lambda': 1.2158346158765583e-05}. Best is trial 2 with value: 0.1044194683268835.
[I 2026-06-01 15:43:38,510] Trial 5 finished with value: 0.05507048470957384 and parameters: {'confidence_threshold': 0.6064422761595144, 'training_days': 210, 'n_estimators': 357, 'max_depth': 5, 'num_leaves': 40, 'learning_rate': 0.0974221287220869, 'subsample': 0.7929682762811064, 'colsample_bytree': 0.8124517510478, 'min_child_samples': 74, 'reg_alpha': 0.3811377260781234, 'reg_lambda': 5.607314238392041e-08}. Best is trial 2 with value: 0.1044194683268835.
[I 2026-06-01 15:43:38,616] Trial 6 finished with value: -0.016813560742177377 and parameters: {'confidence_threshold': 0.7672889945051684, 'training_days': 130, 'n_estimators': 137, 'max_depth': 4, 'num_leaves': 19, 'learning_rate': 0.2031117614248665, 'subsample': 0.8136244860256343, 'colsample_bytree': 0.8617081790949774, 'min_child_samples': 21, 'reg_alpha': 0.002238138278733199, 'reg_lambda': 0.001025809534977322}. Best is trial 2 with value: 0.1044194683268835.
[I 2026-06-01 15:43:38,677] Trial 7 finished with value: 0.0407874529410719 and parameters: {'confidence_threshold': 0.555635875450653, 'training_days': 80, 'n_estimators': 363, 'max_depth': 3, 'num_leaves': 48, 'learning_rate': 0.06590089024008658, 'subsample': 0.6944752870615722, 'colsample_bytree': 0.962566244806993, 'min_child_samples': 88, 'reg_alpha': 1.6465620446426067e-05, 'reg_lambda': 2.4678750890085655e-08}. Best is trial 2 with value: 0.1044194683268835.
[I 2026-06-01 15:43:38,947] Trial 8 finished with value: 0.04316349841863063 and parameters: {'confidence_threshold': 0.6066688256938841, 'training_days': 200, 'n_estimators': 367, 'max_depth': 5, 'num_leaves': 32, 'learning_rate': 0.13377519215934996, 'subsample': 0.7965884582811106, 'colsample_bytree': 0.8458508993500886, 'min_child_samples': 32, 'reg_alpha': 3.889436043816386e-05, 'reg_lambda': 1.4713062489380356e-06}. Best is trial 2 with value: 0.1044194683268835.
[I 2026-06-01 15:43:39,122] Trial 9 finished with value: 0.02887160515431293 and parameters: {'confidence_threshold': 0.6202096049169137, 'training_days': 260, 'n_estimators': 350, 'max_depth': 3, 'num_leaves': 21, 'learning_rate': 0.02989540198065364, 'subsample': 0.8307821683331218, 'colsample_bytree': 0.923253112635361, 'min_child_samples': 64, 'reg_alpha': 0.4898604619604203, 'reg_lambda': 2.9076377687066166e-05}. Best is trial 2 with value: 0.1044194683268835.
[I 2026-06-01 15:43:39,398] Trial 10 finished with value: -1.8592316214805762 and parameters: {'confidence_threshold': 0.8445241688507242, 'training_days': 420, 'n_estimators': 494, 'max_depth': 3, 'num_leaves': 30, 'learning_rate': 0.010221918552934462, 'subsample': 0.5019190721168774, 'colsample_bytree': 0.6202684210924141, 'min_child_samples': 45, 'reg_alpha': 1.5494783182896407e-08, 'reg_lambda': 0.018878930586497852}. Best is trial 2 with value: 0.1044194683268835.
[I 2026-06-01 15:43:39,730] Trial 11 finished with value: 0.08539792720083214 and parameters: {'confidence_threshold': 0.5130539202318031, 'training_days': 350, 'n_estimators': 481, 'max_depth': 5, 'num_leaves': 37, 'learning_rate': 0.022038273824583284, 'subsample': 0.6581542700946174, 'colsample_bytree': 0.6778283959364831, 'min_child_samples': 85, 'reg_alpha': 5.52148235930095, 'reg_lambda': 1.0039406094662013e-08}. Best is trial 2 with value: 0.1044194683268835.
[I 2026-06-01 15:43:39,977] Trial 12 finished with value: 0.0727774050599325 and parameters: {'confidence_threshold': 0.516328251028038, 'training_days': 360, 'n_estimators': 498, 'max_depth': 3, 'num_leaves': 30, 'learning_rate': 0.020920578578909464, 'subsample': 0.6547963021624791, 'colsample_bytree': 0.6669454130036883, 'min_child_samples': 100, 'reg_alpha': 6.210448045058425, 'reg_lambda': 0.003868337780147536}. Best is trial 2 with value: 0.1044194683268835.
[I 2026-06-01 15:43:40,254] Trial 13 finished with value: 0.08413509993059279 and parameters: {'confidence_threshold': 0.6757591471475015, 'training_days': 340, 'n_estimators': 429, 'max_depth': 5, 'num_leaves': 36, 'learning_rate': 0.011263035585765184, 'subsample': 0.6551660007450526, 'colsample_bytree': 0.5443982906148261, 'min_child_samples': 83, 'reg_alpha': 1.7435071068005825e-07, 'reg_lambda': 5.319341549533871e-07}. Best is trial 2 with value: 0.1044194683268835.
[I 2026-06-01 15:43:40,583] Trial 14 finished with value: 0.07436117017537147 and parameters: {'confidence_threshold': 0.6968624890517784, 'training_days': 490, 'n_estimators': 424, 'max_depth': 4, 'num_leaves': 23, 'learning_rate': 0.0385592153475782, 'subsample': 0.9182426786262438, 'colsample_bytree': 0.7024651632207747, 'min_child_samples': 49, 'reg_alpha': 0.029012062012825076, 'reg_lambda': 1.66052015319664}. Best is trial 2 with value: 0.1044194683268835.
[I 2026-06-01 15:43:40,724] Trial 15 finished with value: 0.03892518613858277 and parameters: {'confidence_threshold': 0.5026055290809989, 'training_days': 320, 'n_estimators': 272, 'max_depth': 3, 'num_leaves': 42, 'learning_rate': 0.018769157956579477, 'subsample': 0.6013493781441888, 'colsample_bytree': 0.599275181090995, 'min_child_samples': 100, 'reg_alpha': 5.011892081220446e-07, 'reg_lambda': 0.06055821046900761}. Best is trial 2 with value: 0.1044194683268835.
[I 2026-06-01 15:43:41,143] Trial 16 finished with value: 0.10583692148112508 and parameters: {'confidence_threshold': 0.6974122772435224, 'training_days': 410, 'n_estimators': 434, 'max_depth': 5, 'num_leaves': 15, 'learning_rate': 0.027370365829898206, 'subsample': 0.715578513384695, 'colsample_bytree': 0.7275241575243442, 'min_child_samples': 41, 'reg_alpha': 0.05682468732545374, 'reg_lambda': 4.4626472517115684e-07}. Best is trial 16 with value: 0.10583692148112508.
[I 2026-06-01 15:43:41,467] Trial 17 finished with value: 0.06060037124489857 and parameters: {'confidence_threshold': 0.7163595800512756, 'training_days': 450, 'n_estimators': 421, 'max_depth': 4, 'num_leaves': 15, 'learning_rate': 0.04835919478299922, 'subsample': 0.7450383193201127, 'colsample_bytree': 0.7383244806433283, 'min_child_samples': 41, 'reg_alpha': 0.031339913113165224, 'reg_lambda': 6.536602842883305e-07}. Best is trial 16 with value: 0.10583692148112508.
[I 2026-06-01 15:43:41,641] A new study created in memory with name: no-name-635c16f9-6e94-4dc8-9f4a-131312dc5388
