[I 2026-06-01 15:44:59,254] Trial 11 finished with value: 0.007341774243172394 and parameters: {'confidence_threshold': 0.6853230952586662, 'training_days': 350, 'n_estimators': 481, 'max_depth': 3, 'num_leaves': 34, 'learning_rate': 0.022038273824583284, 'subsample': 0.6581542700946174, 'colsample_bytree': 0.6778283959364831, 'min_child_samples': 45, 'reg_alpha': 5.52148235930095, 'reg_lambda': 0.003659193964580322}. Best is trial 11 with value: 0.007341774243172394.
[I 2026-06-01 15:44:59,502] Trial 12 finished with value: -0.04091251615764079 and parameters: {'confidence_threshold': 0.6713285319022635, 'training_days': 360, 'n_estimators': 498, 'max_depth': 5, 'num_leaves': 36, 'learning_rate': 0.11207472241355503, 'subsample': 0.6617484219667187, 'colsample_bytree': 0.6669454130036883, 'min_child_samples': 49, 'reg_alpha': 6.210448045058425, 'reg_lambda': 0.01792000701323621}. Best is trial 11 with value: 0.007341774243172394.
[I 2026-06-01 15:44:59,756] Trial 13 finished with value: 0.0006517852868048347 and parameters: {'confidence_threshold': 0.6188172440027945, 'training_days': 400, 'n_estimators': 441, 'max_depth': 3, 'num_leaves': 26, 'learning_rate': 0.04317436237981049, 'subsample': 0.5024707401359401, 'colsample_bytree': 0.5443982906148261, 'min_child_samples': 79, 'reg_alpha': 0.1635186738615608, 'reg_lambda': 0.004822023988131607}. Best is trial 11 with value: 0.007341774243172394.
[I 2026-06-01 15:44:59,785] Trial 14 finished with value: -4.0741163503139575 and parameters: {'confidence_threshold': 0.6968624890517784, 'training_days': 20, 'n_estimators': 286, 'max_depth': 4, 'num_leaves': 42, 'learning_rate': 0.010834961558040725, 'subsample': 0.7250115266976671, 'colsample_bytree': 0.7024651632207747, 'min_child_samples': 44, 'reg_alpha': 2.788254546794155, 'reg_lambda': 1.66052015319664}. Best is trial 11 with value: 0.007341774243172394.
[I 2026-06-01 15:45:00,093] Trial 15 finished with value: -0.05764057530010051 and parameters: {'confidence_threshold': 0.5026055290809989, 'training_days': 320, 'n_estimators': 436, 'max_depth': 5, 'num_leaves': 28, 'learning_rate': 0.10169575080339567, 'subsample': 0.8862184281582516, 'colsample_bytree': 0.599275181090995, 'min_child_samples': 78, 'reg_alpha': 0.06528179832605202, 'reg_lambda': 0.07848279049940052}. Best is trial 11 with value: 0.007341774243172394.
[I 2026-06-01 15:45:00,300] Trial 16 finished with value: 0.06086828526723418 and parameters: {'confidence_threshold': 0.5790917025596629, 'training_days': 500, 'n_estimators': 291, 'max_depth': 3, 'num_leaves': 43, 'learning_rate': 0.018244350814184532, 'subsample': 0.6259757956590382, 'colsample_bytree': 0.7249377914937623, 'min_child_samples': 41, 'reg_alpha': 0.025899529045823516, 'reg_lambda': 5.124992386320148e-07}. Best is trial 16 with value: 0.06086828526723418.
[I 2026-06-01 15:45:00,485] Trial 17 finished with value: 0.04423709377816036 and parameters: {'confidence_threshold': 0.5673640906375297, 'training_days': 490, 'n_estimators': 261, 'max_depth': 3, 'num_leaves': 45, 'learning_rate': 0.018167663093744707, 'subsample': 0.5975400821780594, 'colsample_bytree': 0.7071712837896341, 'min_child_samples': 44, 'reg_alpha': 0.017867971546418063, 'reg_lambda': 6.536602842883305e-07}. Best is trial 16 with value: 0.06086828526723418.
[I 2026-06-01 15:45:00,693] A new study created in memory with name: no-name-e28b1989-8e7e-4c81-b9aa-e09c999870fa
[I 2026-06-01 15:45:00,892] Trial 0 finished with value: 0.008012063403638556 and parameters: {'confidence_threshold': 0.5870645682749857, 'training_days': 90, 'n_estimators': 403, 'max_depth': 5, 'num_leaves': 45, 'learning_rate': 0.0780457193679974, 'subsample': 0.9428509515574568, 'colsample_bytree': 0.8795587339164916, 'min_child_samples': 34, 'reg_alpha': 2.2465901234314442e-07, 'reg_lambda': 8.339007036475363e-05}. Best is trial 0 with value: 0.008012063403638556.
[I 2026-06-01 15:45:01,004] Trial 1 finished with value: -0.09593266914034901 and parameters: {'confidence_threshold': 0.6348453934275313, 'training_days': 290, 'n_estimators': 115, 'max_depth': 5, 'num_leaves': 37, 'learning_rate': 0.06949568759029946, 'subsample': 0.8228505074024268, 'colsample_bytree': 0.8616703220431751, 'min_child_samples': 75, 'reg_alpha': 4.2486822725010923e-07, 'reg_lambda': 1.157247767047042e-07}. Best is trial 0 with value: 0.008012063403638556.
[I 2026-06-01 15:45:01,026] Trial 2 finished with value: -0.06424036880947445 and parameters: {'confidence_threshold': 0.5849570384370288, 'training_days': 10, 'n_estimators': 212, 'max_depth': 3, 'num_leaves': 41, 'learning_rate': 0.18452095998378365, 'subsample': 0.6001060822924371, 'colsample_bytree': 0.5673167293506167, 'min_child_samples': 37, 'reg_alpha': 5.733250064217131, 'reg_lambda': 0.5308454292595461}. Best is trial 0 with value: 0.008012063403638556.

    [trial 2] Sharpe=0.0601 (folds: -0.0150, -0.0833, 0.3437, -0.1633, 0.2184)
    [trial 3] 48 features, training_days=490 | threshold=0.832 | labels: 1118 long, 1050 short (52/48%)
    [trial 3] Sharpe=-0.0344 (folds: -0.0314, -0.2391, 0.4466, -0.4421, 0.0941)
    [trial 4] 48 features, training_days=340 | threshold=0.591 | labels: 1118 long, 1050 short (52/48%)
    [trial 4] Sharpe=0.0347 (folds: 0.0135, -0.1941, 0.5792, -0.4325, 0.2073)
    [trial 5] 48 features, training_days=50 | threshold=0.823 | labels: 1118 long, 1050 short (52/48%)
    [trial 5] Sharpe=-0.0910 (folds: -0.0245, -0.0119, -0.0145, -0.5348, 0.1306)
    [trial 6] 48 features, training_days=410 | threshold=0.549 | labels: 1118 long, 1050 short (52/48%)
    [trial 6] Sharpe=0.0280 (folds: 0.0271, -0.2142, 0.5002, -0.2859, 0.1126)
    [trial 7] 48 features, training_days=180 | threshold=0.526 | labels: 1118 long, 1050 short (52/48%)
    [trial 7] Sharpe=-0.0110 (folds: 0.0063, -0.1825, 0.2382, -0.2480, 0.1310)
    [trial 8] 48 features, training_days=240 | threshold=0.811 | labels: 1118 long, 1050 short (52/48%)
    [trial 8] Sharpe=0.0657 (folds: -0.0037, -0.1421, 0.7964, -0.3605, 0.0384)
    [trial 9] 48 features, training_days=20 | threshold=0.538 | labels: 1118 long, 1050 short (52/48%)
    [trial 9] Sharpe=-0.0647 (folds: -0.0592, 0.2372, 0.0229, -0.3343, -0.1900)
    [trial 10] 48 features, training_days=280 | threshold=0.734 | labels: 1118 long, 1050 short (52/48%)
    [trial 10] Sharpe=-0.0732 (folds: -0.0426, -0.1555, 0.1524, -0.5424, 0.2221)
    [trial 11] 48 features, training_days=170 | threshold=0.706 | labels: 1118 long, 1050 short (52/48%)
    [trial 11] Sharpe=0.0438 (folds: -0.0057, -0.0265, 0.2819, -0.1920, 0.1615)
    [trial 12] 48 features, training_days=180 | threshold=0.768 | labels: 1118 long, 1050 short (52/48%)
    [trial 12] Sharpe=0.0407 (folds: 0.0140, -0.1832, 0.3626, -0.2004, 0.2105)
    [trial 13] 48 features, training_days=260 | threshold=0.648 | labels: 1118 long, 1050 short (52/48%)
    [trial 13] Sharpe=-0.0882 (folds: -0.0298, -0.1271, 0.1413, -0.4800, 0.0547)
    [trial 14] 48 features, training_days=100 | threshold=0.612 | labels: 1118 long, 1050 short (52/48%)
    [trial 14] Sharpe=-0.0393 (folds: 0.0446, -0.0995, -0.0032, -0.0960, -0.0422)
    [trial 15] 48 features, training_days=120 | threshold=0.689 | labels: 1118 long, 1050 short (52/48%)
    [trial 15] Sharpe=-3.9581 (folds: 0.0297, -10.0000, 0.1325, -10.0000, 0.0474)
    [trial 16] 48 features, training_days=320 | threshold=0.769 | labels: 1118 long, 1050 short (52/48%)
    [trial 16] Sharpe=0.0215 (folds: 0.0677, -0.2284, 0.4019, -0.5147, 0.3811)
    [trial 17] 48 features, training_days=190 | threshold=0.566 | labels: 1118 long, 1050 short (52/48%)
    [trial 17] Sharpe=0.0329 (folds: -0.0435, -0.0993, 0.3173, -0.1761, 0.1660)
  Optuna: 18 trials, best Sharpe = 0.0657
  Best params: n_estimators=103, max_depth=5, lr=0.0675, leaves=52
  Best confidence_threshold: 0.811
  Best training_days: 240
  Retrained on full data (720 samples, 48 features)
  [ensemble 2/3] seed=123
    [trial 0] 48 features, training_days=150 | threshold=0.744 | labels: 1118 long, 1050 short (52/48%)
    [CV fold 0] train_end=2021-03-24 08:00 | val_start=2021-04-01 00:00 | gap=184h (22 rows)
    [CV fold 1] train_end=2021-07-22 16:00 | val_start=2021-07-30 08:00 | gap=184h (22 rows)
    [CV fold 2] train_end=2021-11-20 00:00 | val_start=2021-11-27 16:00 | gap=184h (22 rows)
    [CV fold 3] train_end=2022-03-20 08:00 | val_start=2022-03-28 00:00 | gap=184h (22 rows)
    [CV fold 4] train_end=2022-07-18 16:00 | val_start=2022-07-26 08:00 | gap=184h (22 rows)
    [trial 0] Sharpe=-0.0795 (folds: -0.0144, -0.3472, 0.2027, -0.2657, 0.0273)
    [trial 1] 48 features, training_days=220 | threshold=0.755 | labels: 1118 long, 1050 short (52/48%)
    [trial 1] Sharpe=-1.7375 (folds: -0.0525, -10.0000, 1.6165, -0.2203, -0.0311)
    [trial 2] 48 features, training_days=310 | threshold=0.754 | labels: 1118 long, 1050 short (52/48%)
    [trial 2] Sharpe=-0.0051 (folds: -0.0544, -0.2771, 0.6049, -0.5946, 0.2956)
    [trial 3] 48 features, training_days=220 | threshold=0.673 | labels: 1118 long, 1050 short (52/48%)
    [trial 3] Sharpe=-0.0491 (folds: -0.0923, -0.2478, 0.2728, -0.3310, 0.1526)
    [trial 4] 48 features, training_days=130 | threshold=0.803 | labels: 1118 long, 1050 short (52/48%)
    [trial 4] Sharpe=-0.1026 (folds: -0.0455, -0.2366, 0.0387, -0.1949, -0.0747)
    [trial 5] 48 features, training_days=210 | threshold=0.606 | labels: 1118 long, 1050 short (52/48%)
    [trial 5] Sharpe=0.0050 (folds: 0.0153, -0.1242, 0.2438, -0.2170, 0.1071)
    [trial 6] 48 features, training_days=130 | threshold=0.767 | labels: 1118 long, 1050 short (52/48%)
    [trial 6] Sharpe=-0.0912 (folds: -0.0529, -0.1725, 0.0849, -0.2156, -0.1001)
    [trial 7] 48 features, training_days=80 | threshold=0.556 | labels: 1118 long, 1050 short (52/48%)
    [trial 7] Sharpe=-0.0245 (folds: 0.0712, -0.2537, 0.1888, -0.1928, 0.0642)
    [trial 8] 48 features, training_days=200 | threshold=0.607 | labels: 1118 long, 1050 short (52/48%)
    [trial 8] Sharpe=-0.0129 (folds: -0.0482, -0.1840, 0.2377, -0.2510, 0.1809)
    [trial 9] 48 features, training_days=260 | threshold=0.620 | labels: 1118 long, 1050 short (52/48%)
    [trial 9] Sharpe=-0.0795 (folds: 0.0242, -0.1298, 0.1304, -0.4864, 0.0640)
    [trial 10] 48 features, training_days=470 | threshold=0.534 | labels: 1118 long, 1050 short (52/48%)
    [trial 10] Sharpe=-0.0145 (folds: 0.0073, -0.1516, 0.3257, -0.3752, 0.1212)
    [trial 11] 48 features, training_days=350 | threshold=0.685 | labels: 1118 long, 1050 short (52/48%)
    [trial 11] Sharpe=0.0073 (folds: -0.0314, -0.2023, 0.5783, -0.6104, 0.3026)
    [trial 12] 48 features, training_days=360 | threshold=0.671 | labels: 1118 long, 1050 short (52/48%)
    [trial 12] Sharpe=-0.0409 (folds: -0.0429, -0.1175, 0.3655, -0.6180, 0.2084)
    [trial 13] 48 features, training_days=400 | threshold=0.619 | labels: 1118 long, 1050 short (52/48%)
    [trial 13] Sharpe=0.0007 (folds: -0.0136, -0.1330, 0.3865, -0.4779, 0.2413)
    [trial 14] 48 features, training_days=20 | threshold=0.697 | labels: 1118 long, 1050 short (52/48%)
    [trial 14] Sharpe=-4.0741 (folds: -0.0592, -10.0000, 0.0229, -0.3343, -10.0000)
    [trial 15] 48 features, training_days=320 | threshold=0.503 | labels: 1118 long, 1050 short (52/48%)
    [trial 15] Sharpe=-0.0576 (folds: 0.0256, -0.0583, 0.1640, -0.4946, 0.0751)
    [trial 16] 48 features, training_days=500 | threshold=0.579 | labels: 1118 long, 1050 short (52/48%)
    [trial 16] Sharpe=0.0609 (folds: -0.0157, -0.1394, 0.4543, -0.2125, 0.2177)
    [trial 17] 48 features, training_days=490 | threshold=0.567 | labels: 1118 long, 1050 short (52/48%)
    [trial 17] Sharpe=0.0442 (folds: -0.0079, -0.1407, 0.4068, -0.1667, 0.1297)
  Optuna: 18 trials, best Sharpe = 0.0609
  Best params: n_estimators=291, max_depth=3, lr=0.0182, leaves=43
  Best confidence_threshold: 0.579
  Best training_days: 500
  Retrained on full data (1500 samples, 48 features)
  [ensemble 3/3] seed=456
    [trial 0] 48 features, training_days=90 | threshold=0.587 | labels: 1118 long, 1050 short (52/48%)
    [CV fold 0] train_end=2021-03-24 08:00 | val_start=2021-04-01 00:00 | gap=184h (22 rows)
    [CV fold 1] train_end=2021-07-22 16:00 | val_start=2021-07-30 08:00 | gap=184h (22 rows)
    [CV fold 2] train_end=2021-11-20 00:00 | val_start=2021-11-27 16:00 | gap=184h (22 rows)
    [CV fold 3] train_end=2022-03-20 08:00 | val_start=2022-03-28 00:00 | gap=184h (22 rows)
    [CV fold 4] train_end=2022-07-18 16:00 | val_start=2022-07-26 08:00 | gap=184h (22 rows)
    [trial 0] Sharpe=0.0080 (folds: -0.0451, -0.0843, 0.0716, 0.0729, 0.0250)
    [trial 1] 48 features, training_days=290 | threshold=0.635 | labels: 1118 long, 1050 short (52/48%)
    [trial 1] Sharpe=-0.0959 (folds: 0.0475, -0.2389, 0.1386, -0.5613, 0.1345)
    [trial 2] 48 features, training_days=10 | threshold=0.585 | labels: 1118 long, 1050 short (52/48%)
    [trial 2] Sharpe=-0.0642 (folds: 0.0894, -0.3686, -0.0541, 0.2021, -0.1900)
    [trial 3] 48 features, training_days=220 | threshold=0.687 | labels: 1118 long, 1050 short (52/48%)[I 2026-06-01 15:45:01,101] Trial 3 finished with value: 0.052480666673891486 and parameters: {'confidence_threshold': 0.6868248626683718, 'training_days': 220, 'n_estimators': 134, 'max_depth': 3, 'num_leaves': 45, 'learning_rate': 0.033529007907491595, 'subsample': 0.8647277071858408, 'colsample_bytree': 0.778494116634046, 'min_child_samples': 96, 'reg_alpha': 2.409409937265785e-07, 'reg_lambda': 1.1642073478060009}. Best is trial 3 with value: 0.052480666673891486.
[I 2026-06-01 15:45:01,181] Trial 4 finished with value: -0.0711281705545641 and parameters: {'confidence_threshold': 0.5623121348350352, 'training_days': 300, 'n_estimators': 69, 'max_depth': 4, 'num_leaves': 32, 'learning_rate': 0.14967629360700346, 'subsample': 0.5054535233636654, 'colsample_bytree': 0.7401385194659216, 'min_child_samples': 27, 'reg_alpha': 1.4212042567426725e-07, 'reg_lambda': 0.23605753701352003}. Best is trial 3 with value: 0.052480666673891486.
[I 2026-06-01 15:45:01,592] Trial 5 finished with value: -0.01707075166703987 and parameters: {'confidence_threshold': 0.7111850244908446, 'training_days': 490, 'n_estimators': 362, 'max_depth': 5, 'num_leaves': 40, 'learning_rate': 0.05960785724162737, 'subsample': 0.5589714368907717, 'colsample_bytree': 0.6659006943232806, 'min_child_samples': 42, 'reg_alpha': 0.6741360303045295, 'reg_lambda': 6.054601607143087e-08}. Best is trial 3 with value: 0.052480666673891486.
[I 2026-06-01 15:45:01,763] Trial 6 finished with value: 0.04794224566345521 and parameters: {'confidence_threshold': 0.667482545748023, 'training_days': 420, 'n_estimators': 279, 'max_depth': 3, 'num_leaves': 45, 'learning_rate': 0.040099592560849204, 'subsample': 0.8563114696415159, 'colsample_bytree': 0.5442917781944105, 'min_child_samples': 50, 'reg_alpha': 1.6407916423707903e-08, 'reg_lambda': 2.935907642973286e-05}. Best is trial 3 with value: 0.052480666673891486.
[I 2026-06-01 15:45:01,913] Trial 7 finished with value: -0.057713680746657614 and parameters: {'confidence_threshold': 0.5497381024139926, 'training_days': 120, 'n_estimators': 408, 'max_depth': 5, 'num_leaves': 38, 'learning_rate': 0.28049122657745795, 'subsample': 0.8806573338635493, 'colsample_bytree': 0.5454054113547102, 'min_child_samples': 63, 'reg_alpha': 0.01263008637940408, 'reg_lambda': 0.04588020805366937}. Best is trial 3 with value: 0.052480666673891486.
[I 2026-06-01 15:45:02,152] Trial 8 finished with value: -0.024764577084689106 and parameters: {'confidence_threshold': 0.719644804808716, 'training_days': 450, 'n_estimators': 410, 'max_depth': 4, 'num_leaves': 57, 'learning_rate': 0.04022026551478857, 'subsample': 0.5336085426932707, 'colsample_bytree': 0.5705742850577543, 'min_child_samples': 100, 'reg_alpha': 5.916398047912201e-07, 'reg_lambda': 0.9794034214488329}. Best is trial 3 with value: 0.052480666673891486.
[I 2026-06-01 15:45:02,173] Trial 9 finished with value: -4.0741163503139575 and parameters: {'confidence_threshold': 0.7267463643917187, 'training_days': 20, 'n_estimators': 337, 'max_depth': 5, 'num_leaves': 23, 'learning_rate': 0.022153031811454605, 'subsample': 0.6305627572358737, 'colsample_bytree': 0.6613413774216214, 'min_child_samples': 81, 'reg_alpha': 5.7638634029410314e-08, 'reg_lambda': 8.26603016764008}. Best is trial 3 with value: 0.052480666673891486.
[I 2026-06-01 15:45:02,263] Trial 10 finished with value: -6.096429375682684 and parameters: {'confidence_threshold': 0.8283920119574972, 'training_days': 200, 'n_estimators': 181, 'max_depth': 3, 'num_leaves': 62, 'learning_rate': 0.011579281028220855, 'subsample': 0.7130289643560688, 'colsample_bytree': 0.9944479338273263, 'min_child_samples': 100, 'reg_alpha': 6.837313901272251e-05, 'reg_lambda': 0.0027253228209330924}. Best is trial 3 with value: 0.052480666673891486.
[I 2026-06-01 15:45:02,423] Trial 11 finished with value: 0.02063819600520266 and parameters: {'confidence_threshold': 0.6624828863039158, 'training_days': 380, 'n_estimators': 241, 'max_depth': 3, 'num_leaves': 50, 'learning_rate': 0.029354876456257728, 'subsample': 0.9833364932696866, 'colsample_bytree': 0.8016610248739169, 'min_child_samples': 55, 'reg_alpha': 2.573708591509265e-05, 'reg_lambda': 9.46041867677697e-06}. Best is trial 3 with value: 0.052480666673891486.
[I 2026-06-01 15:45:02,656] Trial 12 finished with value: -0.013081486074208459 and parameters: {'confidence_threshold': 0.7974391396451452, 'training_days': 220, 'n_estimators': 490, 'max_depth': 3, 'num_leaves': 51, 'learning_rate': 0.01924681962976845, 'subsample': 0.7893290191182136, 'colsample_bytree': 0.6866172385346349, 'min_child_samples': 52, 'reg_alpha': 1.578782038256806e-08, 'reg_lambda': 1.7732938383900595e-05}. Best is trial 3 with value: 0.052480666673891486.
[I 2026-06-01 15:45:02,775] Trial 13 finished with value: -0.030527337897585837 and parameters: {'confidence_threshold': 0.5040535938350955, 'training_days': 370, 'n_estimators': 157, 'max_depth': 4, 'num_leaves': 28, 'learning_rate': 0.04144677730363681, 'subsample': 0.8771273769062219, 'colsample_bytree': 0.5059137517206113, 'min_child_samples': 79, 'reg_alpha': 5.330866210562306e-06, 'reg_lambda': 0.0030907163684933165}. Best is trial 3 with value: 0.052480666673891486.
[I 2026-06-01 15:45:02,964] Trial 14 finished with value: 0.07688700698257513 and parameters: {'confidence_threshold': 0.7723320301796328, 'training_days': 380, 'n_estimators': 282, 'max_depth': 3, 'num_leaves': 17, 'learning_rate': 0.012882340619131948, 'subsample': 0.7178512286146062, 'colsample_bytree': 0.7832231035788051, 'min_child_samples': 66, 'reg_alpha': 0.0015042958650323245, 'reg_lambda': 5.788907148738176e-07}. Best is trial 14 with value: 0.07688700698257513.
[I 2026-06-01 15:45:03,121] Trial 15 finished with value: 0.1630570403910161 and parameters: {'confidence_threshold': 0.7823873713909242, 'training_days': 340, 'n_estimators': 274, 'max_depth': 3, 'num_leaves': 16, 'learning_rate': 0.010002345739989482, 'subsample': 0.6950075818145962, 'colsample_bytree': 0.8144377937283438, 'min_child_samples': 88, 'reg_alpha': 0.002133995302102607, 'reg_lambda': 1.0238953060888067e-06}. Best is trial 15 with value: 0.1630570403910161.
[I 2026-06-01 15:45:03,344] Trial 16 finished with value: 0.14485604912214498 and parameters: {'confidence_threshold': 0.7718173820156179, 'training_days': 340, 'n_estimators': 310, 'max_depth': 4, 'num_leaves': 15, 'learning_rate': 0.010073814364588235, 'subsample': 0.7087810608591824, 'colsample_bytree': 0.8923728233847298, 'min_child_samples': 70, 'reg_alpha': 0.003699196442106083, 'reg_lambda': 1.1696210972399024e-06}. Best is trial 15 with value: 0.1630570403910161.
[I 2026-06-01 15:45:03,550] Trial 17 finished with value: 0.06066494770351229 and parameters: {'confidence_threshold': 0.7648662132704594, 'training_days': 320, 'n_estimators': 303, 'max_depth': 4, 'num_leaves': 16, 'learning_rate': 0.015214890154677242, 'subsample': 0.6718064291677197, 'colsample_bytree': 0.95129862486337, 'min_child_samples': 90, 'reg_alpha': 0.009842739870051697, 'reg_lambda': 1.225844410065182e-06}. Best is trial 15 with value: 0.1630570403910161.
[I 2026-06-01 15:45:04,063] A new study created in memory with name: no-name-8d0d2d7c-3182-46eb-b057-d02125d76aa1
