[I 2026-06-01 15:47:43,737] Trial 17 finished with value: 0.029149902311872644 and parameters: {'confidence_threshold': 0.5080881579696632, 'training_days': 220, 'n_estimators': 178, 'max_depth': 3, 'num_leaves': 58, 'learning_rate': 0.09540289186843573, 'subsample': 0.6644108905489939, 'colsample_bytree': 0.8150209829368628, 'min_child_samples': 66, 'reg_alpha': 5.752269670125873e-06, 'reg_lambda': 0.00024521850680081633}. Best is trial 11 with value: 0.11809390292748653.

    [trial 12] 48 features, training_days=320 | threshold=0.691 | labels: 1112 long, 1059 short (51/49%)
    [trial 12] Sharpe=0.0607 (folds: -0.0270, -0.1343, -0.0211, 0.4056, 0.0803)
    [trial 13] 48 features, training_days=330 | threshold=0.680 | labels: 1112 long, 1059 short (51/49%)
    [trial 13] Sharpe=0.0687 (folds: -0.0423, -0.0833, -0.0779, 0.3654, 0.1817)
    [trial 14] 48 features, training_days=490 | threshold=0.686 | labels: 1112 long, 1059 short (51/49%)
    [trial 14] Sharpe=-0.0649 (folds: -0.0246, -0.1673, -0.1434, 0.2508, -0.2399)
    [trial 15] 48 features, training_days=370 | threshold=0.503 | labels: 1112 long, 1059 short (51/49%)
    [trial 15] Sharpe=-0.0142 (folds: -0.0752, -0.0666, -0.1539, 0.2163, 0.0085)
    [trial 16] 48 features, training_days=440 | threshold=0.653 | labels: 1112 long, 1059 short (51/49%)
    [trial 16] Sharpe=-0.0732 (folds: -0.0496, -0.3099, -0.1728, 0.3573, -0.1911)
    [trial 17] 48 features, training_days=290 | threshold=0.711 | labels: 1112 long, 1059 short (51/49%)
    [trial 17] Sharpe=0.0343 (folds: -0.0343, -0.1735, -0.0401, 0.3113, 0.1082)
  Optuna: 18 trials, best Sharpe = 0.0687
  Best params: n_estimators=475, max_depth=3, lr=0.0193, leaves=28
  Best confidence_threshold: 0.680
  Best training_days: 330
  Retrained on full data (990 samples, 48 features)
  [ensemble 3/3] seed=456
    [trial 0] 48 features, training_days=90 | threshold=0.587 | labels: 1112 long, 1059 short (51/49%)
    [CV fold 0] train_end=2022-06-23 08:00 | val_start=2022-07-01 00:00 | gap=184h (22 rows)
    [CV fold 1] train_end=2022-10-21 16:00 | val_start=2022-10-29 08:00 | gap=184h (22 rows)
    [CV fold 2] train_end=2023-02-19 00:00 | val_start=2023-02-26 16:00 | gap=184h (22 rows)
    [CV fold 3] train_end=2023-06-19 08:00 | val_start=2023-06-27 00:00 | gap=184h (22 rows)
    [CV fold 4] train_end=2023-10-17 16:00 | val_start=2023-10-25 08:00 | gap=184h (22 rows)
    [trial 0] Sharpe=-0.0468 (folds: -0.0344, -0.0948, 0.0385, 0.1290, -0.2720)
    [trial 1] 48 features, training_days=290 | threshold=0.635 | labels: 1112 long, 1059 short (51/49%)
    [trial 1] Sharpe=-0.0585 (folds: -0.0963, -0.2727, -0.1324, 0.2527, -0.0439)
    [trial 2] 48 features, training_days=10 | threshold=0.585 | labels: 1112 long, 1059 short (51/49%)
    [trial 2] Sharpe=-1.9643 (folds: -10.0000, -0.1195, -0.0759, 0.0156, 0.3585)
    [trial 3] 48 features, training_days=220 | threshold=0.687 | labels: 1112 long, 1059 short (51/49%)
    [trial 3] Sharpe=0.0207 (folds: -0.0181, -0.2158, -0.1187, 0.2692, 0.1871)
    [trial 4] 48 features, training_days=300 | threshold=0.562 | labels: 1112 long, 1059 short (51/49%)
    [trial 4] Sharpe=0.0270 (folds: -0.0328, -0.1004, -0.0565, 0.2070, 0.1173)
    [trial 5] 48 features, training_days=490 | threshold=0.711 | labels: 1112 long, 1059 short (51/49%)
    [trial 5] Sharpe=-0.0387 (folds: -0.0347, -0.1252, -0.1200, 0.3284, -0.2419)
    [trial 6] 48 features, training_days=420 | threshold=0.667 | labels: 1112 long, 1059 short (51/49%)
    [trial 6] Sharpe=-0.0690 (folds: -0.0264, -0.0458, -0.1793, 0.1897, -0.2835)
    [trial 7] 48 features, training_days=120 | threshold=0.550 | labels: 1112 long, 1059 short (51/49%)
    [trial 7] Sharpe=-0.1035 (folds: -0.0421, -0.1874, -0.1217, 0.0133, -0.1796)
    [trial 8] 48 features, training_days=450 | threshold=0.720 | labels: 1112 long, 1059 short (51/49%)
    [trial 8] Sharpe=-0.0966 (folds: -0.0595, -0.2843, -0.1032, 0.3465, -0.3825)
    [trial 9] 48 features, training_days=20 | threshold=0.727 | labels: 1112 long, 1059 short (51/49%)
    [trial 9] Sharpe=-10.0000 (folds: -10.0000, -10.0000, -10.0000, -10.0000, -10.0000)
    [trial 10] 48 features, training_days=320 | threshold=0.840 | labels: 1112 long, 1059 short (51/49%)
    [trial 10] Sharpe=0.1093 (folds: -0.0739, -0.0014, 0.0928, 0.4580, 0.0712)
    [trial 11] 48 features, training_days=330 | threshold=0.849 | labels: 1112 long, 1059 short (51/49%)
    [trial 11] Sharpe=0.1181 (folds: -0.0531, 0.0289, 0.0785, 0.4533, 0.0828)
    [trial 12] 48 features, training_days=370 | threshold=0.844 | labels: 1112 long, 1059 short (51/49%)
    [trial 12] Sharpe=-0.0857 (folds: -0.0706, 0.0135, -0.2105, 0.1022, -0.2631)
    [trial 13] 48 features, training_days=210 | threshold=0.849 | labels: 1112 long, 1059 short (51/49%)
    [trial 13] Sharpe=0.0708 (folds: -0.0785, -0.0576, 0.0885, 0.2977, 0.1041)
    [trial 14] 48 features, training_days=350 | threshold=0.794 | labels: 1112 long, 1059 short (51/49%)
    [trial 14] Sharpe=0.0111 (folds: -0.0809, -0.1197, -0.0580, 0.2574, 0.0567)
    [trial 15] 48 features, training_days=390 | threshold=0.783 | labels: 1112 long, 1059 short (51/49%)
    [trial 15] Sharpe=-0.0966 (folds: -0.1155, 0.0332, 0.0535, -0.1342, -0.3199)
    [trial 16] 48 features, training_days=310 | threshold=0.784 | labels: 1112 long, 1059 short (51/49%)
    [trial 16] Sharpe=0.0553 (folds: -0.0515, -0.0409, -0.0001, 0.2285, 0.1403)
    [trial 17] 48 features, training_days=220 | threshold=0.508 | labels: 1112 long, 1059 short (51/49%)
    [trial 17] Sharpe=0.0291 (folds: -0.0721, -0.1422, -0.0068, 0.2671, 0.0998)
  Optuna: 18 trials, best Sharpe = 0.1181
  Best params: n_estimators=53, max_depth=4, lr=0.1480, leaves=15
  Best confidence_threshold: 0.849
  Best training_days: 330
  Retrained on full data (990 samples, 48 features)
  OOD: 16 features, cutoff (q=0.7) = 15.25
  Model trained for 2024-03: 93 test candles with features, confidence_threshold=0.780
[predict] 2024-03-29 16:00 ETHUSDT → LONG (proba=0.93 TP=9.8%/SL=4.9%)
[trade:open] 2024-03-29 23:59 ETHUSDT LONG @ 3512.46 | SL=3340.23 TP=3856.91 | timeout=2024-04-05 23:59
[lgbm] === Training for 2024-04 ===
  Train window: 2022-04-01 → 2024-03-24
  2171 training samples from 1 symbols
  Samples per month: 2022-04: 90, 2022-05: 93, 2022-06: 90, 2022-07: 93, 2022-08: 93, 2022-09: 90, 2022-10: 93, 2022-11: 90, 2022-12: 93, 2023-01: 93, 2023-02: 84, 2023-03: 93, 2023-04: 90, 2023-05: 93, 2023-06: 90, 2023-07: 93, 2023-08: 93, 2023-09: 90, 2023-10: 93, 2023-11: 90, 2023-12: 93, 2024-01: 93, 2024-02: 87, 2024-03: 71
  [label] 2022-06-01 16:00 ETHUSDT entry=1817.1000 → SHORT | long=timeout(-1.54%) short=timeout(+1.34%) | scanned=22 | no_tp→fwd_return=-1.4353
  [label] 2022-06-04 00:00 ETHUSDT entry=1768.2900 → SHORT | long=sl(-6.50%) short=sl(-6.50%) | scanned=20 | no_tp→fwd_return=-6.0137
  [label] 2022-06-07 16:00 ETHUSDT entry=1812.6100 → SHORT | long=sl(-6.74%) short=tp(+13.18%) | scanned=11 | short_tp_only
  [label] 2022-07-02 08:00 ETHUSDT entry=1052.1600 → LONG | long=tp(+17.93%) short=sl(-9.11%) | scanned=16 | long_tp_only
  [label] 2022-08-24 00:00 ETHUSDT entry=1626.1000 → SHORT | long=sl(-7.37%) short=timeout(+2.48%) | scanned=22 | no_tp→fwd_return=-2.5761
  [label] 2023-02-06 00:00 ETHUSDT entry=1635.0800 → SHORT | long=sl(-4.44%) short=tp(+8.57%) | scanned=14 | short_tp_only
  [label] 2023-02-10 00:00 ETHUSDT entry=1550.6800 → LONG | long=sl(-4.87%) short=sl(-4.87%) | scanned=17 | no_tp→fwd_return=+8.0171
  [label] 2023-02-20 16:00 ETHUSDT entry=1703.7000 → SHORT | long=sl(-4.40%) short=tp(+8.50%) | scanned=15 | short_tp_only
  [label] 2023-04-06 16:00 ETHUSDT entry=1871.3300 → LONG | long=tp(+7.49%) short=sl(-3.89%) | scanned=21 | long_tp_only
  [label] 2023-04-15 08:00 ETHUSDT entry=2098.4000 → SHORT | long=sl(-4.25%) short=tp(+8.20%) | scanned=13 | short_tp_only
  [label] 2023-07-14 16:00 ETHUSDT entry=1936.7400 → SHORT | long=timeout(-2.47%) short=timeout(+2.27%) | scanned=22 | no_tp→fwd_return=-2.3700
  [label] 2023-08-15 16:00 ETHUSDT entry=1828.2800 → SHORT | long=sl(-1.52%) short=tp(+2.74%) | scanned=4 | short_tp_only
  [label] 2023-09-01 00:00 ETHUSDT entry=1645.4500 → LONG | long=timeout(-0.06%) short=timeout(-0.14%) | scanned=22 | no_tp→fwd_return=+0.0395
  [label] 2023-09-13 16:00 ETHUSDT entry=1606.6800 → LONG | long=timeout(+0.83%) short=sl(-3.33%) | scanned=22 | no_tp→fwd_return=+0.9286
  [label] 2023-10-02 00:00 ETHUSDT entry=1729.4800 → SHORT | long=sl(-3.02%) short=tp(+5.75%) | scanned=2 | short_tp_only
  [label] 2023-10-08 08:00 ETHUSDT entry=1630.6300 → SHORT | long=sl(-2.71%) short=tp(+5.12%) | scanned=4 | short_tp_only[I 2026-06-01 15:47:44,308] A new study created in memory with name: no-name-a26c326f-0f7a-42aa-b8fa-e85e444accbd
[I 2026-06-01 15:47:44,639] Trial 0 finished with value: -0.006384220656114087 and parameters: {'confidence_threshold': 0.6310890415965769, 'training_days': 480, 'n_estimators': 380, 'max_depth': 4, 'num_leaves': 22, 'learning_rate': 0.01699897838270077, 'subsample': 0.5290418060840998, 'colsample_bytree': 0.9330880728874675, 'min_child_samples': 68, 'reg_alpha': 0.023585940584142682, 'reg_lambda': 1.5320059381854043e-08}. Best is trial 0 with value: -0.006384220656114087.
[I 2026-06-01 15:47:44,764] Trial 1 finished with value: -6.012038944850853 and parameters: {'confidence_threshold': 0.839468448256698, 'training_days': 420, 'n_estimators': 145, 'max_depth': 3, 'num_leaves': 23, 'learning_rate': 0.028145092716060652, 'subsample': 0.762378215816119, 'colsample_bytree': 0.7159725093210578, 'min_child_samples': 43, 'reg_alpha': 0.0032112643094417484, 'reg_lambda': 1.8007140198129195e-07}. Best is trial 0 with value: -0.006384220656114087.
[I 2026-06-01 15:47:44,917] Trial 2 finished with value: -0.007270495717842396 and parameters: {'confidence_threshold': 0.6022506269873263, 'training_days': 190, 'n_estimators': 255, 'max_depth': 5, 'num_leaves': 24, 'learning_rate': 0.05748924681991978, 'subsample': 0.7962072844310213, 'colsample_bytree': 0.5232252063599989, 'min_child_samples': 69, 'reg_alpha': 3.425445902633376e-07, 'reg_lambda': 3.850031979199519e-08}. Best is trial 0 with value: -0.006384220656114087.
[I 2026-06-01 15:47:45,220] Trial 3 finished with value: 0.013035175598851529 and parameters: {'confidence_threshold': 0.8321099380386666, 'training_days': 490, 'n_estimators': 414, 'max_depth': 3, 'num_leaves': 19, 'learning_rate': 0.1024932221692416, 'subsample': 0.7200762468698007, 'colsample_bytree': 0.5610191174223894, 'min_child_samples': 60, 'reg_alpha': 2.039373116525212e-08, 'reg_lambda': 1.527156759251193}. Best is trial 3 with value: 0.013035175598851529.
[I 2026-06-01 15:47:45,374] Trial 4 finished with value: -0.006640224622171173 and parameters: {'confidence_threshold': 0.5905729935600059, 'training_days': 340, 'n_estimators': 190, 'max_depth': 4, 'num_leaves': 41, 'learning_rate': 0.01875220945578641, 'subsample': 0.9847923138822793, 'colsample_bytree': 0.8875664116805573, 'min_child_samples': 96, 'reg_alpha': 1.1309571585271483, 'reg_lambda': 0.002404915432737351}. Best is trial 3 with value: 0.013035175598851529.
[I 2026-06-01 15:47:45,413] Trial 5 finished with value: -0.1021219458065115 and parameters: {'confidence_threshold': 0.8226559822580909, 'training_days': 50, 'n_estimators': 138, 'max_depth': 3, 'num_leaves': 30, 'learning_rate': 0.03750796359625606, 'subsample': 0.6356745158869479, 'colsample_bytree': 0.9143687545759647, 'min_child_samples': 48, 'reg_alpha': 3.376063348877853e-06, 'reg_lambda': 0.0007660634613082914}. Best is trial 3 with value: 0.013035175598851529.
[I 2026-06-01 15:47:45,525] Trial 6 finished with value: -0.04161051487237872 and parameters: {'confidence_threshold': 0.5493234787411669, 'training_days': 410, 'n_estimators': 83, 'max_depth': 5, 'num_leaves': 52, 'learning_rate': 0.019657448966046126, 'subsample': 0.5027610585618012, 'colsample_bytree': 0.9077307142274171, 'min_child_samples': 77, 'reg_alpha': 0.03639690979811287, 'reg_lambda': 0.08738424135626986}. Best is trial 3 with value: 0.013035175598851529.
[I 2026-06-01 15:47:45,632] Trial 7 finished with value: 0.006352978810630139 and parameters: {'confidence_threshold': 0.5259156281069316, 'training_days': 180, 'n_estimators': 102, 'max_depth': 5, 'num_leaves': 45, 'learning_rate': 0.030816017044468066, 'subsample': 0.5317791751430119, 'colsample_bytree': 0.6554911608578311, 'min_child_samples': 46, 'reg_alpha': 0.036851536911881845, 'reg_lambda': 0.005470376807480391}. Best is trial 3 with value: 0.013035175598851529.
[I 2026-06-01 15:47:45,735] Trial 8 finished with value: 0.013035573112404983 and parameters: {'confidence_threshold': 0.8105244599017143, 'training_days': 240, 'n_estimators': 103, 'max_depth': 5, 'num_leaves': 52, 'learning_rate': 0.06746437142284309, 'subsample': 0.8854835899772805, 'colsample_bytree': 0.7468977981821954, 'min_child_samples': 62, 'reg_alpha': 7.04480806377519e-05, 'reg_lambda': 1.6934490731313353e-08}. Best is trial 8 with value: 0.013035573112404983.
[I 2026-06-01 15:47:45,760] Trial 9 finished with value: -1.9999087629495 and parameters: {'confidence_threshold': 0.5377619994476566, 'training_days': 20, 'n_estimators': 337, 'max_depth': 3, 'num_leaves': 39, 'learning_rate': 0.21907142272152816, 'subsample': 0.6246461145744375, 'colsample_bytree': 0.7051914615178149, 'min_child_samples': 81, 'reg_alpha': 1.1459970229341322e-06, 'reg_lambda': 4.929685216887945e-08}. Best is trial 8 with value: 0.013035573112404983.
[I 2026-06-01 15:47:46,354] Trial 10 finished with value: -0.03814181569375983 and parameters: {'confidence_threshold': 0.734042426776949, 'training_days': 280, 'n_estimators': 487, 'max_depth': 5, 'num_leaves': 62, 'learning_rate': 0.10432148521337849, 'subsample': 0.9416850669512905, 'colsample_bytree': 0.8120417635861826, 'min_child_samples': 27, 'reg_alpha': 7.238112263003475e-05, 'reg_lambda': 3.3639426888455256e-06}. Best is trial 8 with value: 0.013035573112404983.
[I 2026-06-01 15:47:46,607] Trial 11 finished with value: -0.018120039306683065 and parameters: {'confidence_threshold': 0.7615879655568232, 'training_days': 170, 'n_estimators': 496, 'max_depth': 4, 'num_leaves': 55, 'learning_rate': 0.10448448531784886, 'subsample': 0.8696252151616218, 'colsample_bytree': 0.5602505613527179, 'min_child_samples': 56, 'reg_alpha': 4.379223436569254e-08, 'reg_lambda': 9.74477562314831}. Best is trial 8 with value: 0.013035573112404983.
[I 2026-06-01 15:47:46,874] Trial 12 finished with value: -0.042822586076902466 and parameters: {'confidence_threshold': 0.7683435244955696, 'training_days': 270, 'n_estimators': 398, 'max_depth': 3, 'num_leaves': 15, 'learning_rate': 0.08962717626942573, 'subsample': 0.8361663661711445, 'colsample_bytree': 0.6260653972542471, 'min_child_samples': 30, 'reg_alpha': 1.2422832796199298e-08, 'reg_lambda': 4.931237356704141e-06}. Best is trial 8 with value: 0.013035573112404983.
[I 2026-06-01 15:47:47,136] Trial 13 finished with value: -0.015489376212309424 and parameters: {'confidence_threshold': 0.694422166807498, 'training_days': 350, 'n_estimators': 258, 'max_depth': 4, 'num_leaves': 34, 'learning_rate': 0.22361544567965289, 'subsample': 0.6866291716128416, 'colsample_bytree': 0.8035748095627873, 'min_child_samples': 59, 'reg_alpha': 5.455813891552554e-05, 'reg_lambda': 6.4252658050441624}. Best is trial 8 with value: 0.013035573112404983.
[I 2026-06-01 15:47:47,404] Trial 14 finished with value: -0.01127979734050039 and parameters: {'confidence_threshold': 0.8123476265205527, 'training_days': 500, 'n_estimators': 315, 'max_depth': 4, 'num_leaves': 50, 'learning_rate': 0.06371316850921271, 'subsample': 0.8799959323124845, 'colsample_bytree': 0.5997264910441401, 'min_child_samples': 87, 'reg_alpha': 6.243069797304175, 'reg_lambda': 0.1630740047818842}. Best is trial 8 with value: 0.013035573112404983.
[I 2026-06-01 15:47:47,449] Trial 15 finished with value: -10.0 and parameters: {'confidence_threshold': 0.7897255408101392, 'training_days': 110, 'n_estimators': 52, 'max_depth': 5, 'num_leaves': 61, 'learning_rate': 0.010359623362260938, 'subsample': 0.6943845973931931, 'colsample_bytree': 0.5065896071904618, 'min_child_samples': 68, 'reg_alpha': 0.0013498920149705425, 'reg_lambda': 7.482879404932238e-05}. Best is trial 8 with value: 0.013035573112404983.
[I 2026-06-01 15:47:47,619] Trial 16 finished with value: -0.026095786626166562 and parameters: {'confidence_threshold': 0.7081053312610146, 'training_days': 320, 'n_estimators': 203, 'max_depth': 3, 'num_leaves': 16, 'learning_rate': 0.15230461223074263, 'subsample': 0.935268568078295, 'colsample_bytree': 0.9826162589395974, 'min_child_samples': 36, 'reg_alpha': 1.6230643075200477e-05, 'reg_lambda': 1.893135834524611e-05}. Best is trial 8 with value: 0.013035573112404983.
[I 2026-06-01 15:47:47,971] Trial 17 finished with value: -0.03589870805050481 and parameters: {'confidence_threshold': 0.8458650295109137, 'training_days': 410, 'n_estimators': 417, 'max_depth': 4, 'num_leaves': 46, 'learning_rate': 0.14168046193643383, 'subsample': 0.7004831188261247, 'colsample_bytree': 0.7861983638172064, 'min_child_samples': 54, 'reg_alpha': 1.357444592277592e-07, 'reg_lambda': 0.2041475808495042}. Best is trial 8 with value: 0.013035573112404983.
[I 2026-06-01 15:47:48,282] A new study created in memory with name: no-name-694c2f4a-7f9c-41b6-b0b2-2fe336fba7a6
[I 2026-06-01 15:47:48,376] Trial 0 finished with value: -0.028140200227569585 and parameters: {'confidence_threshold': 0.7437642149592516, 'training_days': 150, 'n_estimators': 152, 'max_depth': 4, 'num_leaves': 50, 'learning_rate': 0.04216766425047743, 'subsample': 0.9903820991923078, 'colsample_bytree': 0.8424148692924316, 'min_child_samples': 58, 'reg_alpha': 3.381097259762742e-05, 'reg_lambda': 1.2263152961306247e-05}. Best is trial 0 with value: -0.028140200227569585.
[I 2026-06-01 15:47:48,443] Trial 1 finished with value: -7.964853912082447 and parameters: {'confidence_threshold': 0.7551673975844145, 'training_days': 220, 'n_estimators': 76, 'max_depth': 4, 'num_leaves': 51, 'learning_rate': 0.018602118810743477, 'subsample': 0.5877258780737462, 'colsample_bytree': 0.7657756869209191, 'min_child_samples': 63, 'reg_alpha': 0.005123994170264194, 'reg_lambda': 0.44145470178120466}. Best is trial 0 with value: -0.028140200227569585.
[I 2026-06-01 15:47:48,699] Trial 2 finished with value: -0.059958053825664756 and parameters: {'confidence_threshold': 0.7535593637012223, 'training_days': 310, 'n_estimators': 375, 'max_depth': 3, 'num_leaves': 32, 'learning_rate': 0.021735641882032388, 'subsample': 0.6468570231944146, 'colsample_bytree': 0.8154880619272439, 'min_child_samples': 27, 'reg_alpha': 8.004064028491336e-05, 'reg_lambda': 7.546835261630524e-05}. Best is trial 0 with value: -0.028140200227569585.
[I 2026-06-01 15:47:48,866] Trial 3 finished with value: 0.008588194451804582 and parameters: {'confidence_threshold': 0.6727897841776072, 'training_days': 220, 'n_estimators': 190, 'max_depth': 4, 'num_leaves': 58, 'learning_rate': 0.24810689332636193, 'subsample': 0.7509183379421682, 'colsample_bytree': 0.8119764758960556, 'min_child_samples': 29, 'reg_alpha': 7.1708285081421445e-06, 'reg_lambda': 5.412973582738627e-05}. Best is trial 3 with value: 0.008588194451804582.
[I 2026-06-01 15:47:48,982] Trial 4 finished with value: -0.043401823001651726 and parameters: {'confidence_threshold': 0.803208205259178, 'training_days': 130, 'n_estimators': 267, 'max_depth': 5, 'num_leaves': 40, 'learning_rate': 0.08041175317374143, 'subsample': 0.5603143329951619, 'colsample_bytree': 0.9131704002534167, 'min_child_samples': 68, 'reg_alpha': 0.0008046593428183385, 'reg_lambda': 1.2158346158765583e-05}. Best is trial 3 with value: 0.008588194451804582.
[I 2026-06-01 15:47:49,221] Trial 5 finished with value: -0.02321083472289059 and parameters: {'confidence_threshold': 0.6064422761595144, 'training_days': 210, 'n_estimators': 357, 'max_depth': 5, 'num_leaves': 40, 'learning_rate': 0.0974221287220869, 'subsample': 0.7929682762811064, 'colsample_bytree': 0.8124517510478, 'min_child_samples': 74, 'reg_alpha': 0.3811377260781234, 'reg_lambda': 5.607314238392041e-08}. Best is trial 3 with value: 0.008588194451804582.
[I 2026-06-01 15:47:49,337] Trial 6 finished with value: 0.05197106585216162 and parameters: {'confidence_threshold': 0.7672889945051684, 'training_days': 130, 'n_estimators': 137, 'max_depth': 4, 'num_leaves': 19, 'learning_rate': 0.2031117614248665, 'subsample': 0.8136244860256343, 'colsample_bytree': 0.8617081790949774, 'min_child_samples': 21, 'reg_alpha': 0.002238138278733199, 'reg_lambda': 0.001025809534977322}. Best is trial 6 with value: 0.05197106585216162.
[I 2026-06-01 15:47:49,409] Trial 7 finished with value: 0.022482393984828354 and parameters: {'confidence_threshold': 0.555635875450653, 'training_days': 80, 'n_estimators': 363, 'max_depth': 3, 'num_leaves': 48, 'learning_rate': 0.06590089024008658, 'subsample': 0.6944752870615722, 'colsample_bytree': 0.962566244806993, 'min_child_samples': 88, 'reg_alpha': 1.6465620446426067e-05, 'reg_lambda': 2.4678750890085655e-08}. Best is trial 6 with value: 0.05197106585216162.
[I 2026-06-01 15:47:49,741] Trial 8 finished with value: 0.01647948944533762 and parameters: {'confidence_threshold': 0.6066688256938841, 'training_days': 200, 'n_estimators': 367, 'max_depth': 5, 'num_leaves': 32, 'learning_rate': 0.13377519215934996, 'subsample': 0.7965884582811106, 'colsample_bytree': 0.8458508993500886, 'min_child_samples': 32, 'reg_alpha': 3.889436043816386e-05, 'reg_lambda': 1.4713062489380356e-06}. Best is trial 6 with value: 0.05197106585216162.
