[I 2026-06-01 15:46:55,409] Trial 9 finished with value: -0.004930021271259766 and parameters: {'confidence_threshold': 0.6202096049169137, 'training_days': 260, 'n_estimators': 350, 'max_depth': 3, 'num_leaves': 21, 'learning_rate': 0.02989540198065364, 'subsample': 0.8307821683331218, 'colsample_bytree': 0.923253112635361, 'min_child_samples': 64, 'reg_alpha': 0.4898604619604203, 'reg_lambda': 2.9076377687066166e-05}. Best is trial 2 with value: 0.0959549809527479.
[I 2026-06-01 15:46:55,749] Trial 10 finished with value: -2.0676824636748257 and parameters: {'confidence_threshold': 0.8445241688507242, 'training_days': 420, 'n_estimators': 494, 'max_depth': 3, 'num_leaves': 30, 'learning_rate': 0.010221918552934462, 'subsample': 0.5019190721168774, 'colsample_bytree': 0.6202684210924141, 'min_child_samples': 45, 'reg_alpha': 1.5494783182896407e-08, 'reg_lambda': 0.018878930586497852}. Best is trial 2 with value: 0.0959549809527479.
[I 2026-06-01 15:46:55,933] Trial 11 finished with value: 0.024687305875326495 and parameters: {'confidence_threshold': 0.6840516532713735, 'training_days': 350, 'n_estimators': 232, 'max_depth': 3, 'num_leaves': 63, 'learning_rate': 0.2803194586810138, 'subsample': 0.6581542700946174, 'colsample_bytree': 0.6778283959364831, 'min_child_samples': 36, 'reg_alpha': 3.8559713145189174e-07, 'reg_lambda': 0.001778082328685607}. Best is trial 2 with value: 0.0959549809527479.
[I 2026-06-01 15:46:56,364] Trial 12 finished with value: 0.07193612997008134 and parameters: {'confidence_threshold': 0.6909117606166844, 'training_days': 320, 'n_estimators': 489, 'max_depth': 4, 'num_leaves': 63, 'learning_rate': 0.021442972716943478, 'subsample': 0.7069621707085777, 'colsample_bytree': 0.5201164353688423, 'min_child_samples': 20, 'reg_alpha': 7.059808345859644e-07, 'reg_lambda': 0.03524119936949945}. Best is trial 2 with value: 0.0959549809527479.
[I 2026-06-01 15:46:56,536] Trial 13 finished with value: 0.011364720964313032 and parameters: {'confidence_threshold': 0.7204346383264851, 'training_days': 490, 'n_estimators': 211, 'max_depth': 3, 'num_leaves': 29, 'learning_rate': 0.011266513790988052, 'subsample': 0.8949848121559919, 'colsample_bytree': 0.7082407533656954, 'min_child_samples': 44, 'reg_alpha': 1.0060661308529223e-06, 'reg_lambda': 0.0001467312000153839}. Best is trial 2 with value: 0.0959549809527479.
[I 2026-06-01 15:46:56,571] Trial 14 finished with value: -7.950861851829288 and parameters: {'confidence_threshold': 0.6486090535236667, 'training_days': 20, 'n_estimators': 422, 'max_depth': 4, 'num_leaves': 56, 'learning_rate': 0.042937253223439165, 'subsample': 0.6063412134940587, 'colsample_bytree': 0.7633859154618698, 'min_child_samples': 33, 'reg_alpha': 0.016435092915656313, 'reg_lambda': 4.893140801637789e-07}. Best is trial 2 with value: 0.0959549809527479.
[I 2026-06-01 15:46:56,772] Trial 15 finished with value: -0.003657713796743295 and parameters: {'confidence_threshold': 0.5026055290809989, 'training_days': 300, 'n_estimators': 300, 'max_depth': 4, 'num_leaves': 35, 'learning_rate': 0.15656942328942874, 'subsample': 0.7380920620367895, 'colsample_bytree': 0.6333704734317269, 'min_child_samples': 100, 'reg_alpha': 0.00017838356122999214, 'reg_lambda': 3.5532501480887757}. Best is trial 2 with value: 0.0959549809527479.
[I 2026-06-01 15:46:56,928] Trial 16 finished with value: -2.12385652232784 and parameters: {'confidence_threshold': 0.80974148430302, 'training_days': 380, 'n_estimators': 173, 'max_depth': 3, 'num_leaves': 24, 'learning_rate': 0.019528499757471573, 'subsample': 0.8868474056204897, 'colsample_bytree': 0.7584128129121731, 'min_child_samples': 51, 'reg_alpha': 1.0944735866313189e-08, 'reg_lambda': 0.0002786624127605132}. Best is trial 2 with value: 0.0959549809527479.

  [label] 2023-06-30 08:00 ETHUSDT entry=1851.1500 → LONG | long=timeout(+0.99%) short=sl(-4.30%) | scanned=22 | no_tp→fwd_return=+1.0869
  [label] 2023-07-10 08:00 ETHUSDT entry=1870.0000 → LONG | long=tp(+5.08%) short=sl(-2.69%) | scanned=10 | long_tp_only
  [label] 2023-10-04 08:00 ETHUSDT entry=1631.9000 → SHORT | long=sl(-3.44%) short=timeout(+4.38%) | scanned=22 | no_tp→fwd_return=-4.4813
  Labels: 992 long (45.8%), 1176 short (54.2%) | weights: min=1.00, mean=2.94, max=10.00
  Features: 2168/2168 matched, 48 columns
  CV gap: 22 rows
  [ensemble 1/3] seed=42
    [trial 0] 48 features, training_days=480 | threshold=0.631 | labels: 992 long, 1176 short (46/54%)
    [CV fold 0] train_end=2022-02-22 08:00 | val_start=2022-03-02 00:00 | gap=184h (22 rows)
    [CV fold 1] train_end=2022-06-22 16:00 | val_start=2022-06-30 08:00 | gap=184h (22 rows)
    [CV fold 2] train_end=2022-10-21 00:00 | val_start=2022-10-28 16:00 | gap=184h (22 rows)
    [CV fold 3] train_end=2023-02-18 08:00 | val_start=2023-02-26 00:00 | gap=184h (22 rows)
    [CV fold 4] train_end=2023-06-18 16:00 | val_start=2023-06-26 08:00 | gap=184h (22 rows)
    [trial 0] Sharpe=0.0400 (folds: 0.0404, 0.1562, -0.2435, -0.1822, 0.4289)
    [trial 1] 48 features, training_days=420 | threshold=0.839 | labels: 992 long, 1176 short (46/54%)
    [trial 1] Sharpe=-2.1194 (folds: 0.2456, -0.1784, -0.1738, -0.4905, -10.0000)
    [trial 2] 48 features, training_days=190 | threshold=0.602 | labels: 992 long, 1176 short (46/54%)
    [trial 2] Sharpe=0.0203 (folds: 0.0647, 0.0767, -0.2844, -0.0369, 0.2814)
    [trial 3] 48 features, training_days=490 | threshold=0.832 | labels: 992 long, 1176 short (46/54%)
    [trial 3] Sharpe=0.0252 (folds: 0.0701, 0.1128, -0.1821, -0.2832, 0.4086)
    [trial 4] 48 features, training_days=340 | threshold=0.591 | labels: 992 long, 1176 short (46/54%)
    [trial 4] Sharpe=-0.0050 (folds: 0.0394, 0.1757, -0.3447, -0.1770, 0.2818)
    [trial 5] 48 features, training_days=50 | threshold=0.823 | labels: 992 long, 1176 short (46/54%)
    [trial 5] Sharpe=0.0852 (folds: 0.1086, -0.0694, -0.0392, 0.1350, 0.2910)
    [trial 6] 48 features, training_days=410 | threshold=0.549 | labels: 992 long, 1176 short (46/54%)
    [trial 6] Sharpe=0.0155 (folds: 0.0312, 0.1218, -0.1847, -0.1408, 0.2501)
    [trial 7] 48 features, training_days=180 | threshold=0.526 | labels: 992 long, 1176 short (46/54%)
    [trial 7] Sharpe=0.0193 (folds: 0.1088, 0.0421, -0.2414, 0.0269, 0.1599)
    [trial 8] 48 features, training_days=240 | threshold=0.811 | labels: 992 long, 1176 short (46/54%)
    [trial 8] Sharpe=0.0730 (folds: 0.1342, 0.0852, -0.2455, -0.0621, 0.4534)
    [trial 9] 48 features, training_days=20 | threshold=0.538 | labels: 992 long, 1176 short (46/54%)
    [trial 9] Sharpe=-5.9423 (folds: 0.2457, -10.0000, -10.0000, 0.0430, -10.0000)
    [trial 10] 48 features, training_days=10 | threshold=0.732 | labels: 992 long, 1176 short (46/54%)
    [trial 10] Sharpe=-2.0505 (folds: -10.0000, -0.0734, -0.1201, -0.0761, 0.0170)
    [trial 11] 48 features, training_days=110 | threshold=0.762 | labels: 992 long, 1176 short (46/54%)
    [trial 11] Sharpe=-0.0684 (folds: 0.0305, -0.2152, -0.0714, -0.1196, 0.0339)
    [trial 12] 48 features, training_days=280 | threshold=0.768 | labels: 992 long, 1176 short (46/54%)
    [trial 12] Sharpe=0.0597 (folds: 0.1303, 0.0551, -0.0940, -0.0325, 0.2398)
    [trial 13] 48 features, training_days=110 | threshold=0.694 | labels: 992 long, 1176 short (46/54%)
    [trial 13] Sharpe=-0.0544 (folds: 0.0370, -0.1796, -0.0881, -0.1412, 0.0999)
    [trial 14] 48 features, training_days=240 | threshold=0.787 | labels: 992 long, 1176 short (46/54%)
    [trial 14] Sharpe=0.0970 (folds: 0.1003, 0.2005, -0.1920, -0.0403, 0.4166)
    [trial 15] 48 features, training_days=70 | threshold=0.790 | labels: 992 long, 1176 short (46/54%)
    [trial 15] Sharpe=-0.0189 (folds: 0.0141, -0.0990, -0.3409, 0.0378, 0.2933)
    [trial 16] 48 features, training_days=310 | threshold=0.714 | labels: 992 long, 1176 short (46/54%)
    [trial 16] Sharpe=0.0584 (folds: 0.0700, 0.1689, -0.2028, -0.0998, 0.3557)
    [trial 17] 48 features, training_days=190 | threshold=0.664 | labels: 992 long, 1176 short (46/54%)
    [trial 17] Sharpe=-0.0027 (folds: 0.0965, 0.0487, -0.3574, 0.0892, 0.1095)
  Optuna: 18 trials, best Sharpe = 0.0970
  Best params: n_estimators=277, max_depth=4, lr=0.0435, leaves=54
  Best confidence_threshold: 0.787
  Best training_days: 240
  Retrained on full data (720 samples, 48 features)
  [ensemble 2/3] seed=123
    [trial 0] 48 features, training_days=150 | threshold=0.744 | labels: 992 long, 1176 short (46/54%)
    [CV fold 0] train_end=2022-02-22 08:00 | val_start=2022-03-02 00:00 | gap=184h (22 rows)
    [CV fold 1] train_end=2022-06-22 16:00 | val_start=2022-06-30 08:00 | gap=184h (22 rows)
    [CV fold 2] train_end=2022-10-21 00:00 | val_start=2022-10-28 16:00 | gap=184h (22 rows)
    [CV fold 3] train_end=2023-02-18 08:00 | val_start=2023-02-26 00:00 | gap=184h (22 rows)
    [CV fold 4] train_end=2023-06-18 16:00 | val_start=2023-06-26 08:00 | gap=184h (22 rows)
    [trial 0] Sharpe=-0.0334 (folds: 0.1125, 0.0627, -0.1880, -0.1987, 0.0444)
    [trial 1] 48 features, training_days=220 | threshold=0.755 | labels: 992 long, 1176 short (46/54%)
    [trial 1] Sharpe=-3.9630 (folds: 0.2791, -0.0131, -0.0811, -10.0000, -10.0000)
    [trial 2] 48 features, training_days=310 | threshold=0.754 | labels: 992 long, 1176 short (46/54%)
    [trial 2] Sharpe=0.0960 (folds: 0.1378, 0.1358, -0.1911, -0.0659, 0.4632)
    [trial 3] 48 features, training_days=220 | threshold=0.673 | labels: 992 long, 1176 short (46/54%)
    [trial 3] Sharpe=0.0744 (folds: 0.1039, 0.1319, -0.0643, -0.0023, 0.2027)
    [trial 4] 48 features, training_days=130 | threshold=0.803 | labels: 992 long, 1176 short (46/54%)
    [trial 4] Sharpe=-0.0192 (folds: 0.0788, 0.0546, -0.1113, -0.1796, 0.0613)
    [trial 5] 48 features, training_days=210 | threshold=0.606 | labels: 992 long, 1176 short (46/54%)
    [trial 5] Sharpe=0.0253 (folds: 0.0451, 0.0423, -0.2094, -0.0344, 0.2830)
    [trial 6] 48 features, training_days=130 | threshold=0.767 | labels: 992 long, 1176 short (46/54%)
    [trial 6] Sharpe=0.0101 (folds: 0.1205, 0.0435, -0.2228, 0.0081, 0.1012)
    [trial 7] 48 features, training_days=80 | threshold=0.556 | labels: 992 long, 1176 short (46/54%)
    [trial 7] Sharpe=-0.0008 (folds: -0.1049, -0.0369, -0.0244, 0.0073, 0.1549)
    [trial 8] 48 features, training_days=200 | threshold=0.607 | labels: 992 long, 1176 short (46/54%)
    [trial 8] Sharpe=0.0602 (folds: 0.0915, 0.0730, -0.2011, 0.0419, 0.2959)
    [trial 9] 48 features, training_days=260 | threshold=0.620 | labels: 992 long, 1176 short (46/54%)
    [trial 9] Sharpe=-0.0049 (folds: 0.0868, 0.1353, -0.2403, -0.2736, 0.2671)
    [trial 10] 48 features, training_days=420 | threshold=0.845 | labels: 992 long, 1176 short (46/54%)
    [trial 10] Sharpe=-2.0677 (folds: 0.1958, -0.1968, -0.0652, -0.2723, -10.0000)
    [trial 11] 48 features, training_days=350 | threshold=0.684 | labels: 992 long, 1176 short (46/54%)
    [trial 11] Sharpe=0.0247 (folds: 0.0952, 0.1058, -0.1542, -0.1031, 0.1796)
    [trial 12] 48 features, training_days=320 | threshold=0.691 | labels: 992 long, 1176 short (46/54%)
    [trial 12] Sharpe=0.0719 (folds: 0.1598, 0.1482, -0.1518, -0.0845, 0.2879)
    [trial 13] 48 features, training_days=490 | threshold=0.720 | labels: 992 long, 1176 short (46/54%)
    [trial 13] Sharpe=0.0114 (folds: 0.1688, 0.0583, -0.1860, 0.0459, -0.0301)
    [trial 14] 48 features, training_days=20 | threshold=0.649 | labels: 992 long, 1176 short (46/54%)
    [trial 14] Sharpe=-7.9509 (folds: 0.2457, -10.0000, -10.0000, -10.0000, -10.0000)
    [trial 15] 48 features, training_days=300 | threshold=0.503 | labels: 992 long, 1176 short (46/54%)
    [trial 15] Sharpe=-0.0037 (folds: 0.0807, 0.0611, -0.2821, -0.0778, 0.1999)
    [trial 16] 48 features, training_days=380 | threshold=0.810 | labels: 992 long, 1176 short (46/54%)
    [trial 16] Sharpe=-2.1239 (folds: 0.1704, -0.1252, -0.1406, -0.5239, -10.0000)
    [trial 17] 48 features, training_days=280 | threshold=0.711 | labels: 992 long, 1176 short (46/54%)[I 2026-06-01 15:46:57,091] Trial 17 finished with value: 0.05160282037693886 and parameters: {'confidence_threshold': 0.7110519736587814, 'training_days': 280, 'n_estimators': 93, 'max_depth': 5, 'num_leaves': 15, 'learning_rate': 0.029414298900033123, 'subsample': 0.6305516253605081, 'colsample_bytree': 0.8999265377268035, 'min_child_samples': 28, 'reg_alpha': 7.284070645541434, 'reg_lambda': 9.175384774436285e-07}. Best is trial 2 with value: 0.0959549809527479.
[I 2026-06-01 15:46:57,386] A new study created in memory with name: no-name-a1dd0d9d-689d-40c4-bbd5-37caaa0056b1
[I 2026-06-01 15:46:57,589] Trial 0 finished with value: -0.011686296546621362 and parameters: {'confidence_threshold': 0.5870645682749857, 'training_days': 90, 'n_estimators': 403, 'max_depth': 5, 'num_leaves': 45, 'learning_rate': 0.0780457193679974, 'subsample': 0.9428509515574568, 'colsample_bytree': 0.8795587339164916, 'min_child_samples': 34, 'reg_alpha': 2.2465901234314442e-07, 'reg_lambda': 8.339007036475363e-05}. Best is trial 0 with value: -0.011686296546621362.
[I 2026-06-01 15:46:57,707] Trial 1 finished with value: 0.026627094668722005 and parameters: {'confidence_threshold': 0.6348453934275313, 'training_days': 290, 'n_estimators': 115, 'max_depth': 5, 'num_leaves': 37, 'learning_rate': 0.06949568759029946, 'subsample': 0.8228505074024268, 'colsample_bytree': 0.8616703220431751, 'min_child_samples': 75, 'reg_alpha': 4.2486822725010923e-07, 'reg_lambda': 1.157247767047042e-07}. Best is trial 1 with value: 0.026627094668722005.
[I 2026-06-01 15:46:57,728] Trial 2 finished with value: -0.11225902236505995 and parameters: {'confidence_threshold': 0.5849570384370288, 'training_days': 10, 'n_estimators': 212, 'max_depth': 3, 'num_leaves': 41, 'learning_rate': 0.18452095998378365, 'subsample': 0.6001060822924371, 'colsample_bytree': 0.5673167293506167, 'min_child_samples': 37, 'reg_alpha': 5.733250064217131, 'reg_lambda': 0.5308454292595461}. Best is trial 1 with value: 0.026627094668722005.
[I 2026-06-01 15:46:57,808] Trial 3 finished with value: 0.0716981945608053 and parameters: {'confidence_threshold': 0.6868248626683718, 'training_days': 220, 'n_estimators': 134, 'max_depth': 3, 'num_leaves': 45, 'learning_rate': 0.033529007907491595, 'subsample': 0.8647277071858408, 'colsample_bytree': 0.778494116634046, 'min_child_samples': 96, 'reg_alpha': 2.409409937265785e-07, 'reg_lambda': 1.1642073478060009}. Best is trial 3 with value: 0.0716981945608053.
[I 2026-06-01 15:46:57,897] Trial 4 finished with value: 0.025058807598290534 and parameters: {'confidence_threshold': 0.5623121348350352, 'training_days': 300, 'n_estimators': 69, 'max_depth': 4, 'num_leaves': 32, 'learning_rate': 0.14967629360700346, 'subsample': 0.5054535233636654, 'colsample_bytree': 0.7401385194659216, 'min_child_samples': 27, 'reg_alpha': 1.4212042567426725e-07, 'reg_lambda': 0.23605753701352003}. Best is trial 3 with value: 0.0716981945608053.
[I 2026-06-01 15:46:58,318] Trial 5 finished with value: 0.051924513873029585 and parameters: {'confidence_threshold': 0.7111850244908446, 'training_days': 490, 'n_estimators': 362, 'max_depth': 5, 'num_leaves': 40, 'learning_rate': 0.05960785724162737, 'subsample': 0.5589714368907717, 'colsample_bytree': 0.6659006943232806, 'min_child_samples': 42, 'reg_alpha': 0.6741360303045295, 'reg_lambda': 6.054601607143087e-08}. Best is trial 3 with value: 0.0716981945608053.
[I 2026-06-01 15:46:58,501] Trial 6 finished with value: 0.004017565828939101 and parameters: {'confidence_threshold': 0.667482545748023, 'training_days': 420, 'n_estimators': 279, 'max_depth': 3, 'num_leaves': 45, 'learning_rate': 0.040099592560849204, 'subsample': 0.8563114696415159, 'colsample_bytree': 0.5442917781944105, 'min_child_samples': 50, 'reg_alpha': 1.6407916423707903e-08, 'reg_lambda': 2.935907642973286e-05}. Best is trial 3 with value: 0.0716981945608053.
[I 2026-06-01 15:46:58,657] Trial 7 finished with value: -0.06759928246421601 and parameters: {'confidence_threshold': 0.5497381024139926, 'training_days': 120, 'n_estimators': 408, 'max_depth': 5, 'num_leaves': 38, 'learning_rate': 0.28049122657745795, 'subsample': 0.8806573338635493, 'colsample_bytree': 0.5454054113547102, 'min_child_samples': 63, 'reg_alpha': 0.01263008637940408, 'reg_lambda': 0.04588020805366937}. Best is trial 3 with value: 0.0716981945608053.
[I 2026-06-01 15:46:58,932] Trial 8 finished with value: 0.015095405173049603 and parameters: {'confidence_threshold': 0.719644804808716, 'training_days': 450, 'n_estimators': 410, 'max_depth': 4, 'num_leaves': 57, 'learning_rate': 0.04022026551478857, 'subsample': 0.5336085426932707, 'colsample_bytree': 0.5705742850577543, 'min_child_samples': 100, 'reg_alpha': 5.916398047912201e-07, 'reg_lambda': 0.9794034214488329}. Best is trial 3 with value: 0.0716981945608053.
[I 2026-06-01 15:46:58,957] Trial 9 finished with value: -7.950861851829288 and parameters: {'confidence_threshold': 0.7267463643917187, 'training_days': 20, 'n_estimators': 337, 'max_depth': 5, 'num_leaves': 23, 'learning_rate': 0.022153031811454605, 'subsample': 0.6305627572358737, 'colsample_bytree': 0.6613413774216214, 'min_child_samples': 81, 'reg_alpha': 5.7638634029410314e-08, 'reg_lambda': 8.26603016764008}. Best is trial 3 with value: 0.0716981945608053.
[I 2026-06-01 15:46:59,067] Trial 10 finished with value: -10.0 and parameters: {'confidence_threshold': 0.8283920119574972, 'training_days': 200, 'n_estimators': 181, 'max_depth': 3, 'num_leaves': 62, 'learning_rate': 0.011579281028220855, 'subsample': 0.7130289643560688, 'colsample_bytree': 0.9944479338273263, 'min_child_samples': 100, 'reg_alpha': 6.837313901272251e-05, 'reg_lambda': 0.0027253228209330924}. Best is trial 3 with value: 0.0716981945608053.
[I 2026-06-01 15:46:59,501] Trial 11 finished with value: 0.0267081781003571 and parameters: {'confidence_threshold': 0.7766282449189577, 'training_days': 370, 'n_estimators': 478, 'max_depth': 4, 'num_leaves': 51, 'learning_rate': 0.022523073393840902, 'subsample': 0.7459055835274097, 'colsample_bytree': 0.7148395505787478, 'min_child_samples': 49, 'reg_alpha': 9.443402751011643, 'reg_lambda': 2.313463030717144e-08}. Best is trial 3 with value: 0.0716981945608053.
[I 2026-06-01 15:46:59,694] Trial 12 finished with value: 0.07258946792952194 and parameters: {'confidence_threshold': 0.7254431848776709, 'training_days': 200, 'n_estimators': 267, 'max_depth': 4, 'num_leaves': 24, 'learning_rate': 0.10111971802971673, 'subsample': 0.9912016966112274, 'colsample_bytree': 0.7975929811950214, 'min_child_samples': 80, 'reg_alpha': 0.02694721219722944, 'reg_lambda': 1.4304147444691813e-06}. Best is trial 12 with value: 0.07258946792952194.
[I 2026-06-01 15:46:59,818] Trial 13 finished with value: 0.0708703886593103 and parameters: {'confidence_threshold': 0.7880697704851548, 'training_days': 200, 'n_estimators': 185, 'max_depth': 4, 'num_leaves': 15, 'learning_rate': 0.11395921357354365, 'subsample': 0.9814243437154605, 'colsample_bytree': 0.8287484327493723, 'min_child_samples': 85, 'reg_alpha': 9.232657777738142e-05, 'reg_lambda': 1.8799948266058237e-06}. Best is trial 12 with value: 0.07258946792952194.
[I 2026-06-01 15:46:59,960] Trial 14 finished with value: 0.03527653612415471 and parameters: {'confidence_threshold': 0.6439954054899397, 'training_days': 210, 'n_estimators': 265, 'max_depth': 3, 'num_leaves': 25, 'learning_rate': 0.025918240653072036, 'subsample': 0.9196426355912098, 'colsample_bytree': 0.8078122345783182, 'min_child_samples': 90, 'reg_alpha': 0.005027450740081127, 'reg_lambda': 0.002623751711533257}. Best is trial 12 with value: 0.07258946792952194.
[I 2026-06-01 15:47:00,042] Trial 15 finished with value: -2.0290040744742863 and parameters: {'confidence_threshold': 0.7594279795954488, 'training_days': 130, 'n_estimators': 128, 'max_depth': 3, 'num_leaves': 27, 'learning_rate': 0.010002670358528643, 'subsample': 0.9954834961259552, 'colsample_bytree': 0.9570128790620087, 'min_child_samples': 70, 'reg_alpha': 8.743417879237e-06, 'reg_lambda': 2.582339790441249e-06}. Best is trial 12 with value: 0.07258946792952194.
[I 2026-06-01 15:47:00,117] Trial 16 finished with value: 0.16124469377685594 and parameters: {'confidence_threshold': 0.848250568968251, 'training_days': 350, 'n_estimators': 53, 'max_depth': 4, 'num_leaves': 15, 'learning_rate': 0.11720008927825402, 'subsample': 0.8181015939627592, 'colsample_bytree': 0.7842244601305354, 'min_child_samples': 91, 'reg_alpha': 0.005844633465952459, 'reg_lambda': 2.4908475564157997e-06}. Best is trial 16 with value: 0.16124469377685594.
