[I 2026-06-01 15:51:22,477] Trial 6 finished with value: -0.016416850666639157 and parameters: {'confidence_threshold': 0.7672889945051684, 'training_days': 130, 'n_estimators': 137, 'max_depth': 4, 'num_leaves': 19, 'learning_rate': 0.2031117614248665, 'subsample': 0.8136244860256343, 'colsample_bytree': 0.8617081790949774, 'min_child_samples': 21, 'reg_alpha': 0.002238138278733199, 'reg_lambda': 0.001025809534977322}. Best is trial 2 with value: 0.02488291940437845.

  [label] 2024-09-07 00:00 ETHUSDT entry=2287.0300 → LONG | long=timeout(+5.68%) short=sl(-6.50%) | scanned=22 | no_tp→fwd_return=+5.7804
  [label] 2024-09-11 00:00 ETHUSDT entry=2340.4200 → SHORT | long=timeout(-0.60%) short=sl(-5.29%) | scanned=22 | no_tp→fwd_return=-0.5029
  [label] 2024-09-21 16:00 ETHUSDT entry=2611.4000 → LONG | long=timeout(+2.29%) short=sl(-4.17%) | scanned=22 | no_tp→fwd_return=+2.3934
  [label] 2024-11-05 16:00 ETHUSDT entry=2421.4200 → LONG | long=tp(+8.89%) short=sl(-4.60%) | scanned=1 | long_tp_only
  [label] 2024-11-14 08:00 ETHUSDT entry=3079.2500 → LONG | long=timeout(+6.39%) short=sl(-7.89%) | scanned=22 | no_tp→fwd_return=+6.4935
  [label] 2025-02-12 16:00 ETHUSDT entry=2737.1400 → SHORT | long=timeout(-0.94%) short=timeout(+0.74%) | scanned=22 | no_tp→fwd_return=-0.8432
  [label] 2025-03-16 16:00 ETHUSDT entry=1885.9700 → LONG | long=timeout(+6.21%) short=sl(-6.33%) | scanned=22 | no_tp→fwd_return=+6.3113
  [label] 2025-04-02 00:00 ETHUSDT entry=1864.0700 → SHORT | long=sl(-5.07%) short=sl(-5.07%) | scanned=4 | no_tp→fwd_return=-4.4338
  [label] 2025-04-14 16:00 ETHUSDT entry=1623.0200 → SHORT | long=timeout(-2.83%) short=timeout(+2.63%) | scanned=22 | no_tp→fwd_return=-2.7344
  [label] 2025-05-03 00:00 ETHUSDT entry=1825.5800 → LONG | long=tp(+8.51%) short=sl(-4.41%) | scanned=16 | long_tp_only
  [label] 2025-05-09 08:00 ETHUSDT entry=2300.5500 → LONG | long=tp(+14.44%) short=sl(-7.37%) | scanned=13 | long_tp_only
  [label] 2025-05-21 16:00 ETHUSDT entry=2550.2600 → LONG | long=timeout(+5.00%) short=timeout(-5.20%) | scanned=22 | no_tp→fwd_return=+5.1030
  [label] 2025-06-30 08:00 ETHUSDT entry=2473.5400 → LONG | long=timeout(+2.29%) short=sl(-4.61%) | scanned=22 | no_tp→fwd_return=+2.3861
  [label] 2025-07-10 00:00 ETHUSDT entry=2789.5400 → LONG | long=tp(+8.15%) short=sl(-4.23%) | scanned=3 | long_tp_only
  [label] 2025-10-04 08:00 ETHUSDT entry=4453.1300 → SHORT | long=sl(-3.92%) short=sl(-3.92%) | scanned=16 | no_tp→fwd_return=-1.9604
  Labels: 1157 long (53.3%), 1014 short (46.7%) | weights: min=1.00, mean=3.76, max=10.00
  Features: 2171/2171 matched, 48 columns
  CV gap: 22 rows
  [ensemble 1/3] seed=42
    [trial 0] 48 features, training_days=480 | threshold=0.631 | labels: 1157 long, 1014 short (53/47%)
    [CV fold 0] train_end=2024-02-23 08:00 | val_start=2024-03-02 00:00 | gap=184h (22 rows)
    [CV fold 1] train_end=2024-06-22 16:00 | val_start=2024-06-30 08:00 | gap=184h (22 rows)
    [CV fold 2] train_end=2024-10-21 00:00 | val_start=2024-10-28 16:00 | gap=184h (22 rows)
    [CV fold 3] train_end=2025-02-18 08:00 | val_start=2025-02-26 00:00 | gap=184h (22 rows)
    [CV fold 4] train_end=2025-06-18 16:00 | val_start=2025-06-26 08:00 | gap=184h (22 rows)
    [trial 0] Sharpe=0.0605 (folds: -0.1274, 0.1796, -0.0140, 0.0627, 0.2018)
    [trial 1] 48 features, training_days=420 | threshold=0.839 | labels: 1157 long, 1014 short (53/47%)
    [trial 1] Sharpe=-0.0184 (folds: -0.1649, 0.2873, 0.3020, -0.3860, -0.1304)
    [trial 2] 48 features, training_days=190 | threshold=0.602 | labels: 1157 long, 1014 short (53/47%)
    [trial 2] Sharpe=0.0246 (folds: -0.1230, 0.0981, -0.0266, 0.0701, 0.1042)
    [trial 3] 48 features, training_days=490 | threshold=0.832 | labels: 1157 long, 1014 short (53/47%)
    [trial 3] Sharpe=0.0405 (folds: -0.1165, 0.1733, -0.0331, 0.0538, 0.1252)
    [trial 4] 48 features, training_days=340 | threshold=0.591 | labels: 1157 long, 1014 short (53/47%)
    [trial 4] Sharpe=-0.0453 (folds: -0.1644, 0.1407, -0.0652, -0.0919, -0.0459)
    [trial 5] 48 features, training_days=50 | threshold=0.823 | labels: 1157 long, 1014 short (53/47%)
    [trial 5] Sharpe=-2.2444 (folds: -0.1440, -0.2524, -0.3432, -0.4825, -10.0000)
    [trial 6] 48 features, training_days=410 | threshold=0.549 | labels: 1157 long, 1014 short (53/47%)
    [trial 6] Sharpe=-0.0521 (folds: -0.1953, 0.1026, -0.0152, -0.1109, -0.0416)
    [trial 7] 48 features, training_days=180 | threshold=0.526 | labels: 1157 long, 1014 short (53/47%)
    [trial 7] Sharpe=0.0193 (folds: -0.1043, 0.0716, -0.0299, 0.0566, 0.1024)
    [trial 8] 48 features, training_days=240 | threshold=0.811 | labels: 1157 long, 1014 short (53/47%)
    [trial 8] Sharpe=0.0048 (folds: -0.1398, 0.2380, -0.0490, 0.0505, -0.0755)
    [trial 9] 48 features, training_days=20 | threshold=0.538 | labels: 1157 long, 1014 short (53/47%)
    [trial 9] Sharpe=-0.0405 (folds: 0.1299, 0.0143, -0.0226, -0.1397, -0.1842)
    [trial 10] 48 features, training_days=350 | threshold=0.694 | labels: 1157 long, 1014 short (53/47%)
    [trial 10] Sharpe=0.0002 (folds: -0.1204, 0.1687, 0.0014, -0.1562, 0.1076)
    [trial 11] 48 features, training_days=490 | threshold=0.714 | labels: 1157 long, 1014 short (53/47%)
    [trial 11] Sharpe=0.0475 (folds: -0.1369, 0.1582, -0.0035, -0.0041, 0.2237)
    [trial 12] 48 features, training_days=480 | threshold=0.713 | labels: 1157 long, 1014 short (53/47%)
    [trial 12] Sharpe=0.0188 (folds: -0.0698, 0.1797, -0.0456, -0.0680, 0.0976)
    [trial 13] 48 features, training_days=500 | threshold=0.740 | labels: 1157 long, 1014 short (53/47%)
    [trial 13] Sharpe=-0.0145 (folds: -0.1636, 0.1034, -0.0390, -0.0633, 0.0901)
    [trial 14] 48 features, training_days=340 | threshold=0.635 | labels: 1157 long, 1014 short (53/47%)
    [trial 14] Sharpe=-0.0278 (folds: -0.1327, 0.1495, -0.0430, -0.1024, -0.0104)
    [trial 15] 48 features, training_days=420 | threshold=0.753 | labels: 1157 long, 1014 short (53/47%)
    [trial 15] Sharpe=-0.0053 (folds: -0.1482, 0.1542, -0.0188, -0.0622, 0.0484)
    [trial 16] 48 features, training_days=270 | threshold=0.639 | labels: 1157 long, 1014 short (53/47%)
    [trial 16] Sharpe=-0.0011 (folds: -0.0590, 0.1596, -0.0119, -0.0805, -0.0138)
    [trial 17] 48 features, training_days=430 | threshold=0.665 | labels: 1157 long, 1014 short (53/47%)
    [trial 17] Sharpe=-0.0202 (folds: -0.2093, 0.1806, 0.0233, -0.1026, 0.0069)
  Optuna: 18 trials, best Sharpe = 0.0605
  Best params: n_estimators=380, max_depth=4, lr=0.0170, leaves=22
  Best confidence_threshold: 0.631
  Best training_days: 480
  Retrained on full data (1440 samples, 48 features)
  [ensemble 2/3] seed=123
    [trial 0] 48 features, training_days=150 | threshold=0.744 | labels: 1157 long, 1014 short (53/47%)
    [CV fold 0] train_end=2024-02-23 08:00 | val_start=2024-03-02 00:00 | gap=184h (22 rows)
    [CV fold 1] train_end=2024-06-22 16:00 | val_start=2024-06-30 08:00 | gap=184h (22 rows)
    [CV fold 2] train_end=2024-10-21 00:00 | val_start=2024-10-28 16:00 | gap=184h (22 rows)
    [CV fold 3] train_end=2025-02-18 08:00 | val_start=2025-02-26 00:00 | gap=184h (22 rows)
    [CV fold 4] train_end=2025-06-18 16:00 | val_start=2025-06-26 08:00 | gap=184h (22 rows)
    [trial 0] Sharpe=-0.0452 (folds: -0.1229, 0.0118, -0.0878, -0.0923, 0.0651)
    [trial 1] 48 features, training_days=220 | threshold=0.755 | labels: 1157 long, 1014 short (53/47%)
    [trial 1] Sharpe=-0.1124 (folds: -0.0985, 0.2213, 0.1070, 0.1908, -0.9827)
    [trial 2] 48 features, training_days=310 | threshold=0.754 | labels: 1157 long, 1014 short (53/47%)
    [trial 2] Sharpe=0.0249 (folds: -0.0875, 0.2122, 0.0469, -0.0631, 0.0160)
    [trial 3] 48 features, training_days=220 | threshold=0.673 | labels: 1157 long, 1014 short (53/47%)
    [trial 3] Sharpe=-0.0215 (folds: -0.0915, 0.1872, -0.0582, -0.0598, -0.0852)
    [trial 4] 48 features, training_days=130 | threshold=0.803 | labels: 1157 long, 1014 short (53/47%)
    [trial 4] Sharpe=-0.0336 (folds: -0.1741, 0.1176, -0.0053, -0.1304, 0.0241)
    [trial 5] 48 features, training_days=210 | threshold=0.606 | labels: 1157 long, 1014 short (53/47%)
    [trial 5] Sharpe=0.0001 (folds: -0.1378, 0.1145, -0.0522, 0.0215, 0.0546)
    [trial 6] 48 features, training_days=130 | threshold=0.767 | labels: 1157 long, 1014 short (53/47%)
    [trial 6] Sharpe=-0.0164 (folds: -0.0797, 0.1167, -0.0566, -0.0037, -0.0588)
    [trial 7] 48 features, training_days=80 | threshold=0.556 | labels: 1157 long, 1014 short (53/47%)
    [trial 7] Sharpe=-0.0399 (folds: -0.0211, 0.0435, -0.0895, -0.1557, 0.0234)[I 2026-06-01 15:51:22,550] Trial 7 finished with value: -0.039874573671904 and parameters: {'confidence_threshold': 0.555635875450653, 'training_days': 80, 'n_estimators': 363, 'max_depth': 3, 'num_leaves': 48, 'learning_rate': 0.06590089024008658, 'subsample': 0.6944752870615722, 'colsample_bytree': 0.962566244806993, 'min_child_samples': 88, 'reg_alpha': 1.6465620446426067e-05, 'reg_lambda': 2.4678750890085655e-08}. Best is trial 2 with value: 0.02488291940437845.
[I 2026-06-01 15:51:22,870] Trial 8 finished with value: 0.0009028868115304983 and parameters: {'confidence_threshold': 0.6066688256938841, 'training_days': 200, 'n_estimators': 367, 'max_depth': 5, 'num_leaves': 32, 'learning_rate': 0.13377519215934996, 'subsample': 0.7965884582811106, 'colsample_bytree': 0.8458508993500886, 'min_child_samples': 32, 'reg_alpha': 3.889436043816386e-05, 'reg_lambda': 1.4713062489380356e-06}. Best is trial 2 with value: 0.02488291940437845.
[I 2026-06-01 15:51:23,093] Trial 9 finished with value: -0.005019941091007724 and parameters: {'confidence_threshold': 0.6202096049169137, 'training_days': 260, 'n_estimators': 350, 'max_depth': 3, 'num_leaves': 21, 'learning_rate': 0.02989540198065364, 'subsample': 0.8307821683331218, 'colsample_bytree': 0.923253112635361, 'min_child_samples': 64, 'reg_alpha': 0.4898604619604203, 'reg_lambda': 2.9076377687066166e-05}. Best is trial 2 with value: 0.02488291940437845.
[I 2026-06-01 15:51:23,430] Trial 10 finished with value: -0.07085654787010388 and parameters: {'confidence_threshold': 0.8445241688507242, 'training_days': 420, 'n_estimators': 494, 'max_depth': 3, 'num_leaves': 30, 'learning_rate': 0.010221918552934462, 'subsample': 0.5019190721168774, 'colsample_bytree': 0.6202684210924141, 'min_child_samples': 45, 'reg_alpha': 1.5494783182896407e-08, 'reg_lambda': 0.018878930586497852}. Best is trial 2 with value: 0.02488291940437845.
[I 2026-06-01 15:51:23,921] Trial 11 finished with value: 0.006052513611095656 and parameters: {'confidence_threshold': 0.5130958894507832, 'training_days': 350, 'n_estimators': 481, 'max_depth': 5, 'num_leaves': 28, 'learning_rate': 0.11975677381222764, 'subsample': 0.6581542700946174, 'colsample_bytree': 0.6661831737797719, 'min_child_samples': 39, 'reg_alpha': 1.3319697765332087e-07, 'reg_lambda': 5.381542235082722e-07}. Best is trial 2 with value: 0.02488291940437845.
[I 2026-06-01 15:51:24,248] Trial 12 finished with value: 0.012896613394041523 and parameters: {'confidence_threshold': 0.5163281048632233, 'training_days': 360, 'n_estimators': 498, 'max_depth': 3, 'num_leaves': 27, 'learning_rate': 0.021442972716943478, 'subsample': 0.6547963021624791, 'colsample_bytree': 0.6669454130036883, 'min_child_samples': 45, 'reg_alpha': 7.751143417766229e-08, 'reg_lambda': 4.5138649635298575e-07}. Best is trial 2 with value: 0.02488291940437845.
[I 2026-06-01 15:51:24,542] Trial 13 finished with value: 0.08603998630509917 and parameters: {'confidence_threshold': 0.6746495966458915, 'training_days': 490, 'n_estimators': 429, 'max_depth': 3, 'num_leaves': 25, 'learning_rate': 0.019349820522863496, 'subsample': 0.6551660007450526, 'colsample_bytree': 0.5443982906148261, 'min_child_samples': 44, 'reg_alpha': 5.879843882548064e-07, 'reg_lambda': 0.002177871014585468}. Best is trial 13 with value: 0.08603998630509917.
[I 2026-06-01 15:51:24,860] Trial 14 finished with value: 0.0028558273802899935 and parameters: {'confidence_threshold': 0.6968624890517784, 'training_days': 490, 'n_estimators': 422, 'max_depth': 3, 'num_leaves': 15, 'learning_rate': 0.010701699503297586, 'subsample': 0.60142527703119, 'colsample_bytree': 0.5034139861451107, 'min_child_samples': 49, 'reg_alpha': 5.00367628556867e-07, 'reg_lambda': 0.002238160234885918}. Best is trial 13 with value: 0.08603998630509917.
[I 2026-06-01 15:51:25,074] Trial 15 finished with value: 0.029091715920854782 and parameters: {'confidence_threshold': 0.6951672052041618, 'training_days': 500, 'n_estimators': 284, 'max_depth': 3, 'num_leaves': 35, 'learning_rate': 0.016930245386434863, 'subsample': 0.8966418548807951, 'colsample_bytree': 0.5093920150666754, 'min_child_samples': 20, 'reg_alpha': 1.570172639790588e-06, 'reg_lambda': 0.05138157439645094}. Best is trial 13 with value: 0.08603998630509917.
[I 2026-06-01 15:51:25,270] Trial 16 finished with value: 0.005127428330218009 and parameters: {'confidence_threshold': 0.6787102070161588, 'training_days': 500, 'n_estimators': 267, 'max_depth': 4, 'num_leaves': 36, 'learning_rate': 0.038569726345909466, 'subsample': 0.8936515737175985, 'colsample_bytree': 0.502313444330533, 'min_child_samples': 99, 'reg_alpha': 1.6323832176782968e-06, 'reg_lambda': 3.587877169888825}. Best is trial 13 with value: 0.08603998630509917.
[I 2026-06-01 15:51:25,460] Trial 17 finished with value: -0.02608661394289844 and parameters: {'confidence_threshold': 0.6466574495772509, 'training_days': 430, 'n_estimators': 220, 'max_depth': 3, 'num_leaves': 25, 'learning_rate': 0.014935452066688244, 'subsample': 0.9202138733708044, 'colsample_bytree': 0.5837681350039381, 'min_child_samples': 21, 'reg_alpha': 1.3570519424781051e-08, 'reg_lambda': 0.04214208130029612}. Best is trial 13 with value: 0.08603998630509917.
[I 2026-06-01 15:51:26,020] A new study created in memory with name: no-name-670ee7cc-0e5f-42a9-a552-6020c48641cd
[I 2026-06-01 15:51:26,209] Trial 0 finished with value: -0.026513831208248045 and parameters: {'confidence_threshold': 0.5870645682749857, 'training_days': 90, 'n_estimators': 403, 'max_depth': 5, 'num_leaves': 45, 'learning_rate': 0.0780457193679974, 'subsample': 0.9428509515574568, 'colsample_bytree': 0.8795587339164916, 'min_child_samples': 34, 'reg_alpha': 2.2465901234314442e-07, 'reg_lambda': 8.339007036475363e-05}. Best is trial 0 with value: -0.026513831208248045.
[I 2026-06-01 15:51:26,330] Trial 1 finished with value: -0.024631326120012335 and parameters: {'confidence_threshold': 0.6348453934275313, 'training_days': 290, 'n_estimators': 115, 'max_depth': 5, 'num_leaves': 37, 'learning_rate': 0.06949568759029946, 'subsample': 0.8228505074024268, 'colsample_bytree': 0.8616703220431751, 'min_child_samples': 75, 'reg_alpha': 4.2486822725010923e-07, 'reg_lambda': 1.157247767047042e-07}. Best is trial 1 with value: -0.024631326120012335.
[I 2026-06-01 15:51:26,350] Trial 2 finished with value: -2.015627507404801 and parameters: {'confidence_threshold': 0.5849570384370288, 'training_days': 10, 'n_estimators': 212, 'max_depth': 3, 'num_leaves': 41, 'learning_rate': 0.18452095998378365, 'subsample': 0.6001060822924371, 'colsample_bytree': 0.5673167293506167, 'min_child_samples': 37, 'reg_alpha': 5.733250064217131, 'reg_lambda': 0.5308454292595461}. Best is trial 1 with value: -0.024631326120012335.
[I 2026-06-01 15:51:26,428] Trial 3 finished with value: -0.04368845757450773 and parameters: {'confidence_threshold': 0.6868248626683718, 'training_days': 220, 'n_estimators': 134, 'max_depth': 3, 'num_leaves': 45, 'learning_rate': 0.033529007907491595, 'subsample': 0.8647277071858408, 'colsample_bytree': 0.778494116634046, 'min_child_samples': 96, 'reg_alpha': 2.409409937265785e-07, 'reg_lambda': 1.1642073478060009}. Best is trial 1 with value: -0.024631326120012335.
[I 2026-06-01 15:51:26,519] Trial 4 finished with value: 0.024130628991788007 and parameters: {'confidence_threshold': 0.5623121348350352, 'training_days': 300, 'n_estimators': 69, 'max_depth': 4, 'num_leaves': 32, 'learning_rate': 0.14967629360700346, 'subsample': 0.5054535233636654, 'colsample_bytree': 0.7401385194659216, 'min_child_samples': 27, 'reg_alpha': 1.4212042567426725e-07, 'reg_lambda': 0.23605753701352003}. Best is trial 4 with value: 0.024130628991788007.
[I 2026-06-01 15:51:26,935] Trial 5 finished with value: 0.02927124348958776 and parameters: {'confidence_threshold': 0.7111850244908446, 'training_days': 490, 'n_estimators': 362, 'max_depth': 5, 'num_leaves': 40, 'learning_rate': 0.05960785724162737, 'subsample': 0.5589714368907717, 'colsample_bytree': 0.6659006943232806, 'min_child_samples': 42, 'reg_alpha': 0.6741360303045295, 'reg_lambda': 6.054601607143087e-08}. Best is trial 5 with value: 0.02927124348958776.
[I 2026-06-01 15:51:27,115] Trial 6 finished with value: 0.014309859585508913 and parameters: {'confidence_threshold': 0.667482545748023, 'training_days': 420, 'n_estimators': 279, 'max_depth': 3, 'num_leaves': 45, 'learning_rate': 0.040099592560849204, 'subsample': 0.8563114696415159, 'colsample_bytree': 0.5442917781944105, 'min_child_samples': 50, 'reg_alpha': 1.6407916423707903e-08, 'reg_lambda': 2.935907642973286e-05}. Best is trial 5 with value: 0.02927124348958776.
[I 2026-06-01 15:51:27,261] Trial 7 finished with value: -0.040700931768958594 and parameters: {'confidence_threshold': 0.5497381024139926, 'training_days': 120, 'n_estimators': 408, 'max_depth': 5, 'num_leaves': 38, 'learning_rate': 0.28049122657745795, 'subsample': 0.8806573338635493, 'colsample_bytree': 0.5454054113547102, 'min_child_samples': 63, 'reg_alpha': 0.01263008637940408, 'reg_lambda': 0.04588020805366937}. Best is trial 5 with value: 0.02927124348958776.
[I 2026-06-01 15:51:27,553] Trial 8 finished with value: -0.019275080218130115 and parameters: {'confidence_threshold': 0.719644804808716, 'training_days': 450, 'n_estimators': 410, 'max_depth': 4, 'num_leaves': 57, 'learning_rate': 0.04022026551478857, 'subsample': 0.5336085426932707, 'colsample_bytree': 0.5705742850577543, 'min_child_samples': 100, 'reg_alpha': 5.916398047912201e-07, 'reg_lambda': 0.9794034214488329}. Best is trial 5 with value: 0.02927124348958776.
[I 2026-06-01 15:51:27,575] Trial 9 finished with value: -5.971169809854888 and parameters: {'confidence_threshold': 0.7267463643917187, 'training_days': 20, 'n_estimators': 337, 'max_depth': 5, 'num_leaves': 23, 'learning_rate': 0.022153031811454605, 'subsample': 0.6305627572358737, 'colsample_bytree': 0.6613413774216214, 'min_child_samples': 81, 'reg_alpha': 5.7638634029410314e-08, 'reg_lambda': 8.26603016764008}. Best is trial 5 with value: 0.02927124348958776.
[I 2026-06-01 15:51:28,068] Trial 10 finished with value: 0.009602361780765456 and parameters: {'confidence_threshold': 0.8283920119574972, 'training_days': 490, 'n_estimators': 485, 'max_depth': 4, 'num_leaves': 15, 'learning_rate': 0.013054596495157828, 'subsample': 0.7130289643560688, 'colsample_bytree': 0.9944479338273263, 'min_child_samples': 52, 'reg_alpha': 2.8556520323203283, 'reg_lambda': 1.4521305760519918e-08}. Best is trial 5 with value: 0.02927124348958776.
[I 2026-06-01 15:51:28,161] Trial 11 finished with value: 0.009949420504207702 and parameters: {'confidence_threshold': 0.786180255393198, 'training_days': 310, 'n_estimators': 53, 'max_depth': 4, 'num_leaves': 29, 'learning_rate': 0.11770661072860171, 'subsample': 0.5004718002103864, 'colsample_bytree': 0.6821090468272153, 'min_child_samples': 22, 'reg_alpha': 3.3606739138311696e-05, 'reg_lambda': 0.0033293716187691694}. Best is trial 5 with value: 0.02927124348958776.
[I 2026-06-01 15:51:28,438] Trial 12 finished with value: 0.018970374533005284 and parameters: {'confidence_threshold': 0.5145853631584999, 'training_days': 370, 'n_estimators': 243, 'max_depth': 4, 'num_leaves': 30, 'learning_rate': 0.12411615325331521, 'subsample': 0.6166089205473694, 'colsample_bytree': 0.7179310383001429, 'min_child_samples': 20, 'reg_alpha': 0.015698262859676865, 'reg_lambda': 2.1243491155169964e-06}. Best is trial 5 with value: 0.02927124348958776.
[I 2026-06-01 15:51:28,710] Trial 13 finished with value: 0.022223333366073527 and parameters: {'confidence_threshold': 0.7586389545742787, 'training_days': 210, 'n_estimators': 331, 'max_depth': 4, 'num_leaves': 55, 'learning_rate': 0.1088306741270813, 'subsample': 0.7023035707306736, 'colsample_bytree': 0.7964950430311403, 'min_child_samples': 35, 'reg_alpha': 0.00010874449785112549, 'reg_lambda': 0.002213814638104446}. Best is trial 5 with value: 0.02927124348958776.
[I 2026-06-01 15:51:28,912] Trial 14 finished with value: -0.005023800113859284 and parameters: {'confidence_threshold': 0.6355452412062634, 'training_days': 370, 'n_estimators': 170, 'max_depth': 5, 'num_leaves': 31, 'learning_rate': 0.2739772354589903, 'subsample': 0.5808338336629058, 'colsample_bytree': 0.6310878495855354, 'min_child_samples': 45, 'reg_alpha': 0.05084051949944475, 'reg_lambda': 1.9911970232120805e-06}. Best is trial 5 with value: 0.02927124348958776.
[I 2026-06-01 15:51:29,014] Trial 15 finished with value: 0.06905861054453637 and parameters: {'confidence_threshold': 0.6098306084926507, 'training_days': 500, 'n_estimators': 56, 'max_depth': 4, 'num_leaves': 50, 'learning_rate': 0.06275281797580146, 'subsample': 0.6702835169003956, 'colsample_bytree': 0.7405154782554892, 'min_child_samples': 29, 'reg_alpha': 1.1635601706993951e-05, 'reg_lambda': 0.021654119958363218}. Best is trial 15 with value: 0.06905861054453637.
