[I 2026-06-01 15:45:38,788] Trial 9 finished with value: -0.05386103104682007 and parameters: {'confidence_threshold': 0.6202096049169137, 'training_days': 260, 'n_estimators': 350, 'max_depth': 3, 'num_leaves': 21, 'learning_rate': 0.02989540198065364, 'subsample': 0.8307821683331218, 'colsample_bytree': 0.923253112635361, 'min_child_samples': 64, 'reg_alpha': 0.4898604619604203, 'reg_lambda': 2.9076377687066166e-05}. Best is trial 2 with value: 0.00933615254732476.
[I 2026-06-01 15:45:39,108] Trial 10 finished with value: -2.0279928303995463 and parameters: {'confidence_threshold': 0.8445241688507242, 'training_days': 420, 'n_estimators': 494, 'max_depth': 3, 'num_leaves': 30, 'learning_rate': 0.010221918552934462, 'subsample': 0.5019190721168774, 'colsample_bytree': 0.6202684210924141, 'min_child_samples': 45, 'reg_alpha': 1.5494783182896407e-08, 'reg_lambda': 0.018878930586497852}. Best is trial 2 with value: 0.00933615254732476.
[I 2026-06-01 15:45:39,586] Trial 11 finished with value: -0.07896923096675665 and parameters: {'confidence_threshold': 0.5130958894507832, 'training_days': 350, 'n_estimators': 481, 'max_depth': 5, 'num_leaves': 28, 'learning_rate': 0.11975677381222764, 'subsample': 0.6581542700946174, 'colsample_bytree': 0.6661831737797719, 'min_child_samples': 39, 'reg_alpha': 1.3319697765332087e-07, 'reg_lambda': 5.381542235082722e-07}. Best is trial 2 with value: 0.00933615254732476.
[I 2026-06-01 15:45:39,819] Trial 12 finished with value: 0.0012692257267350598 and parameters: {'confidence_threshold': 0.6671887204403107, 'training_days': 330, 'n_estimators': 413, 'max_depth': 3, 'num_leaves': 32, 'learning_rate': 0.021442972716943478, 'subsample': 0.8941395335595879, 'colsample_bytree': 0.5201164353688423, 'min_child_samples': 41, 'reg_alpha': 8.729633697039858e-07, 'reg_lambda': 0.001507967684419148}. Best is trial 2 with value: 0.00933615254732476.
[I 2026-06-01 15:45:40,067] Trial 13 finished with value: -0.013078617001507692 and parameters: {'confidence_threshold': 0.7166799473673083, 'training_days': 330, 'n_estimators': 428, 'max_depth': 3, 'num_leaves': 36, 'learning_rate': 0.019349820522863496, 'subsample': 0.9300583549793012, 'colsample_bytree': 0.5389794258459311, 'min_child_samples': 51, 'reg_alpha': 8.463360117518231e-07, 'reg_lambda': 0.001722209884400272}. Best is trial 2 with value: 0.00933615254732476.
[I 2026-06-01 15:45:40,259] Trial 14 finished with value: 0.12800253295454797 and parameters: {'confidence_threshold': 0.6782014036310086, 'training_days': 490, 'n_estimators': 266, 'max_depth': 3, 'num_leaves': 23, 'learning_rate': 0.010733865484948656, 'subsample': 0.9004789206441363, 'colsample_bytree': 0.5033829767322446, 'min_child_samples': 35, 'reg_alpha': 5.00367628556867e-07, 'reg_lambda': 0.03196993338922078}. Best is trial 14 with value: 0.12800253295454797.
[I 2026-06-01 15:45:40,488] Trial 15 finished with value: 0.06113695620291533 and parameters: {'confidence_threshold': 0.7108269657108626, 'training_days': 500, 'n_estimators': 272, 'max_depth': 3, 'num_leaves': 15, 'learning_rate': 0.011414661774024037, 'subsample': 0.695560222794404, 'colsample_bytree': 0.698136806678834, 'min_child_samples': 20, 'reg_alpha': 0.012726486074698326, 'reg_lambda': 5.302959764720495}. Best is trial 14 with value: 0.12800253295454797.
[I 2026-06-01 15:45:40,793] Trial 16 finished with value: 0.06532110668722481 and parameters: {'confidence_threshold': 0.7089341918383745, 'training_days': 500, 'n_estimators': 260, 'max_depth': 4, 'num_leaves': 15, 'learning_rate': 0.010338264167392124, 'subsample': 0.8868474056204897, 'colsample_bytree': 0.6695293580996355, 'min_child_samples': 20, 'reg_alpha': 0.030058885076326702, 'reg_lambda': 5.975131396849773}. Best is trial 14 with value: 0.12800253295454797.
[I 2026-06-01 15:45:41,021] Trial 17 finished with value: -0.007822207780895504 and parameters: {'confidence_threshold': 0.6444317987459212, 'training_days': 490, 'n_estimators': 221, 'max_depth': 4, 'num_leaves': 23, 'learning_rate': 0.013745254316335522, 'subsample': 0.8918317062888707, 'colsample_bytree': 0.5901936985475156, 'min_child_samples': 34, 'reg_alpha': 7.284070645541434, 'reg_lambda': 0.12620088140464217}. Best is trial 14 with value: 0.12800253295454797.
[I 2026-06-01 15:45:41,253] A new study created in memory with name: no-name-b6c42a9c-9008-42e2-8b51-2cfb634647c3

  Features: 2168/2168 matched, 48 columns
  CV gap: 22 rows
  [ensemble 1/3] seed=42
    [trial 0] 48 features, training_days=480 | threshold=0.631 | labels: 1093 long, 1075 short (50/50%)
    [CV fold 0] train_end=2021-07-23 08:00 | val_start=2021-07-31 00:00 | gap=184h (22 rows)
    [CV fold 1] train_end=2021-11-20 16:00 | val_start=2021-11-28 08:00 | gap=184h (22 rows)
    [CV fold 2] train_end=2022-03-21 00:00 | val_start=2022-03-28 16:00 | gap=184h (22 rows)
    [CV fold 3] train_end=2022-07-19 08:00 | val_start=2022-07-27 00:00 | gap=184h (22 rows)
    [CV fold 4] train_end=2022-11-16 16:00 | val_start=2022-11-24 08:00 | gap=184h (22 rows)
    [trial 0] Sharpe=-0.0035 (folds: -0.1471, 0.4696, -0.5887, 0.2969, -0.0481)
    [trial 1] 48 features, training_days=420 | threshold=0.839 | labels: 1093 long, 1075 short (50/50%)
    [trial 1] Sharpe=-2.0224 (folds: -0.5544, 0.7513, -0.3912, -10.0000, 0.0824)
    [trial 2] 48 features, training_days=190 | threshold=0.602 | labels: 1093 long, 1075 short (50/50%)
    [trial 2] Sharpe=0.0256 (folds: -0.0633, 0.3036, -0.1613, 0.1647, -0.1157)
    [trial 3] 48 features, training_days=490 | threshold=0.832 | labels: 1093 long, 1075 short (50/50%)
    [trial 3] Sharpe=-0.0049 (folds: -0.1223, 0.5194, -0.5423, 0.2408, -0.1199)
    [trial 4] 48 features, training_days=340 | threshold=0.591 | labels: 1093 long, 1075 short (50/50%)
    [trial 4] Sharpe=-0.0135 (folds: -0.0551, 0.4474, -0.4612, 0.2011, -0.2000)
    [trial 5] 48 features, training_days=50 | threshold=0.823 | labels: 1093 long, 1075 short (50/50%)
    [trial 5] Sharpe=-0.0199 (folds: 0.0397, 0.1011, -0.4268, 0.1103, 0.0764)
    [trial 6] 48 features, training_days=410 | threshold=0.549 | labels: 1093 long, 1075 short (50/50%)
    [trial 6] Sharpe=-0.0115 (folds: -0.0438, 0.4030, -0.4249, 0.0779, -0.0697)
    [trial 7] 48 features, training_days=180 | threshold=0.526 | labels: 1093 long, 1075 short (50/50%)
    [trial 7] Sharpe=-0.0317 (folds: -0.1465, 0.2444, -0.2573, 0.1377, -0.1369)
    [trial 8] 48 features, training_days=240 | threshold=0.811 | labels: 1093 long, 1075 short (50/50%)
    [trial 8] Sharpe=0.0101 (folds: -0.3101, 0.7371, -0.3686, 0.1307, -0.1384)
    [trial 9] 48 features, training_days=20 | threshold=0.538 | labels: 1093 long, 1075 short (50/50%)
    [trial 9] Sharpe=-0.0815 (folds: 0.2372, 0.0247, -0.3173, -0.2036, -0.1486)
    [trial 10] 48 features, training_days=150 | threshold=0.680 | labels: 1093 long, 1075 short (50/50%)
    [trial 10] Sharpe=-0.0469 (folds: -0.0979, 0.2126, -0.2149, 0.0123, -0.1466)
    [trial 11] 48 features, training_days=260 | threshold=0.719 | labels: 1093 long, 1075 short (50/50%)
    [trial 11] Sharpe=-0.0497 (folds: -0.1793, 0.4775, -0.4898, 0.1596, -0.2167)
    [trial 12] 48 features, training_days=240 | threshold=0.744 | labels: 1093 long, 1075 short (50/50%)
    [trial 12] Sharpe=0.0019 (folds: -0.1143, 0.4748, -0.3799, 0.2137, -0.1849)
    [trial 13] 48 features, training_days=140 | threshold=0.753 | labels: 1093 long, 1075 short (50/50%)
    [trial 13] Sharpe=-0.0870 (folds: -0.1721, 0.1263, -0.3116, -0.0021, -0.0754)
    [trial 14] 48 features, training_days=280 | threshold=0.634 | labels: 1093 long, 1075 short (50/50%)
    [trial 14] Sharpe=-0.0614 (folds: -0.0959, 0.3099, -0.5439, 0.1842, -0.1612)
    [trial 15] 48 features, training_days=200 | threshold=0.778 | labels: 1093 long, 1075 short (50/50%)
    [trial 15] Sharpe=-10.0000 (folds: -10.0000, -10.0000, -10.0000, -10.0000, -10.0000)
    [trial 16] 48 features, training_days=100 | threshold=0.676 | labels: 1093 long, 1075 short (50/50%)
    [trial 16] Sharpe=-0.0664 (folds: -0.0567, -0.0436, -0.0733, 0.0215, -0.1801)
    [trial 17] 48 features, training_days=330 | threshold=0.605 | labels: 1093 long, 1075 short (50/50%)
    [trial 17] Sharpe=-0.0687 (folds: -0.0977, 0.3131, -0.5561, 0.1217, -0.1247)
  Optuna: 18 trials, best Sharpe = 0.0256
  Best params: n_estimators=255, max_depth=5, lr=0.0575, leaves=24
  Best confidence_threshold: 0.602
  Best training_days: 190
  Retrained on full data (570 samples, 48 features)
  [ensemble 2/3] seed=123
    [trial 0] 48 features, training_days=150 | threshold=0.744 | labels: 1093 long, 1075 short (50/50%)
    [CV fold 0] train_end=2021-07-23 08:00 | val_start=2021-07-31 00:00 | gap=184h (22 rows)
    [CV fold 1] train_end=2021-11-20 16:00 | val_start=2021-11-28 08:00 | gap=184h (22 rows)
    [CV fold 2] train_end=2022-03-21 00:00 | val_start=2022-03-28 16:00 | gap=184h (22 rows)
    [CV fold 3] train_end=2022-07-19 08:00 | val_start=2022-07-27 00:00 | gap=184h (22 rows)
    [CV fold 4] train_end=2022-11-16 16:00 | val_start=2022-11-24 08:00 | gap=184h (22 rows)
    [trial 0] Sharpe=-0.0462 (folds: -0.1761, 0.2630, -0.2571, 0.0920, -0.1531)
    [trial 1] 48 features, training_days=220 | threshold=0.755 | labels: 1093 long, 1075 short (50/50%)
    [trial 1] Sharpe=-1.6836 (folds: 0.0717, 1.7405, -0.2165, -0.0136, -10.0000)
    [trial 2] 48 features, training_days=310 | threshold=0.754 | labels: 1093 long, 1075 short (50/50%)
    [trial 2] Sharpe=0.0093 (folds: -0.1727, 0.6315, -0.5753, 0.3346, -0.1714)
    [trial 3] 48 features, training_days=220 | threshold=0.673 | labels: 1093 long, 1075 short (50/50%)
    [trial 3] Sharpe=-0.0184 (folds: -0.0815, 0.2650, -0.2909, 0.1699, -0.1545)
    [trial 4] 48 features, training_days=130 | threshold=0.803 | labels: 1093 long, 1075 short (50/50%)
    [trial 4] Sharpe=-0.1164 (folds: -0.1328, 0.0566, -0.2292, -0.0486, -0.2283)
    [trial 5] 48 features, training_days=210 | threshold=0.606 | labels: 1093 long, 1075 short (50/50%)
    [trial 5] Sharpe=-0.0056 (folds: -0.0785, 0.2679, -0.1356, 0.1322, -0.2139)
    [trial 6] 48 features, training_days=130 | threshold=0.767 | labels: 1093 long, 1075 short (50/50%)
    [trial 6] Sharpe=-0.0675 (folds: -0.0823, 0.1464, -0.2005, 0.0169, -0.2181)
    [trial 7] 48 features, training_days=80 | threshold=0.556 | labels: 1093 long, 1075 short (50/50%)
    [trial 7] Sharpe=-0.0544 (folds: -0.2687, 0.1684, -0.1654, 0.0344, -0.0404)
    [trial 8] 48 features, training_days=200 | threshold=0.607 | labels: 1093 long, 1075 short (50/50%)
    [trial 8] Sharpe=-0.0013 (folds: -0.0927, 0.2299, -0.2213, 0.2125, -0.1350)
    [trial 9] 48 features, training_days=260 | threshold=0.620 | labels: 1093 long, 1075 short (50/50%)
    [trial 9] Sharpe=-0.0539 (folds: -0.0876, 0.4022, -0.4607, 0.0365, -0.1598)
    [trial 10] 48 features, training_days=420 | threshold=0.845 | labels: 1093 long, 1075 short (50/50%)
    [trial 10] Sharpe=-2.0280 (folds: -0.5334, 0.8514, -0.3713, -10.0000, -0.0866)
    [trial 11] 48 features, training_days=350 | threshold=0.513 | labels: 1093 long, 1075 short (50/50%)
    [trial 11] Sharpe=-0.0790 (folds: -0.1054, 0.2504, -0.5916, 0.1463, -0.0946)
    [trial 12] 48 features, training_days=330 | threshold=0.667 | labels: 1093 long, 1075 short (50/50%)
    [trial 12] Sharpe=0.0013 (folds: -0.1125, 0.4880, -0.5640, 0.3066, -0.1117)
    [trial 13] 48 features, training_days=330 | threshold=0.717 | labels: 1093 long, 1075 short (50/50%)
    [trial 13] Sharpe=-0.0131 (folds: -0.1927, 0.5714, -0.5555, 0.2674, -0.1560)
    [trial 14] 48 features, training_days=490 | threshold=0.678 | labels: 1093 long, 1075 short (50/50%)
    [trial 14] Sharpe=0.1280 (folds: -0.1448, 0.8103, -0.4238, 0.3983, -0.0000)
    [trial 15] 48 features, training_days=500 | threshold=0.711 | labels: 1093 long, 1075 short (50/50%)
    [trial 15] Sharpe=0.0611 (folds: -0.2335, 0.7091, -0.6023, 0.4172, 0.0152)
    [trial 16] 48 features, training_days=500 | threshold=0.709 | labels: 1093 long, 1075 short (50/50%)
    [trial 16] Sharpe=0.0653 (folds: -0.2443, 0.6902, -0.5364, 0.5217, -0.1046)
    [trial 17] 48 features, training_days=490 | threshold=0.644 | labels: 1093 long, 1075 short (50/50%)
    [trial 17] Sharpe=-0.0078 (folds: -0.2017, 0.4714, -0.5633, 0.2867, -0.0322)
  Optuna: 18 trials, best Sharpe = 0.1280
  Best params: n_estimators=266, max_depth=3, lr=0.0107, leaves=23
  Best confidence_threshold: 0.678
  Best training_days: 490
  Retrained on full data (1470 samples, 48 features)
  [ensemble 3/3] seed=456
    [trial 0] 48 features, training_days=90 | threshold=0.587 | labels: 1093 long, 1075 short (50/50%)[I 2026-06-01 15:45:41,455] Trial 0 finished with value: -0.03482242249734597 and parameters: {'confidence_threshold': 0.5870645682749857, 'training_days': 90, 'n_estimators': 403, 'max_depth': 5, 'num_leaves': 45, 'learning_rate': 0.0780457193679974, 'subsample': 0.9428509515574568, 'colsample_bytree': 0.8795587339164916, 'min_child_samples': 34, 'reg_alpha': 2.2465901234314442e-07, 'reg_lambda': 8.339007036475363e-05}. Best is trial 0 with value: -0.03482242249734597.
[I 2026-06-01 15:45:41,574] Trial 1 finished with value: -0.07792926091229893 and parameters: {'confidence_threshold': 0.6348453934275313, 'training_days': 290, 'n_estimators': 115, 'max_depth': 5, 'num_leaves': 37, 'learning_rate': 0.06949568759029946, 'subsample': 0.8228505074024268, 'colsample_bytree': 0.8616703220431751, 'min_child_samples': 75, 'reg_alpha': 4.2486822725010923e-07, 'reg_lambda': 1.157247767047042e-07}. Best is trial 0 with value: -0.03482242249734597.
[I 2026-06-01 15:45:41,593] Trial 2 finished with value: -2.1045489590243713 and parameters: {'confidence_threshold': 0.5849570384370288, 'training_days': 10, 'n_estimators': 212, 'max_depth': 3, 'num_leaves': 41, 'learning_rate': 0.18452095998378365, 'subsample': 0.6001060822924371, 'colsample_bytree': 0.5673167293506167, 'min_child_samples': 37, 'reg_alpha': 5.733250064217131, 'reg_lambda': 0.5308454292595461}. Best is trial 0 with value: -0.03482242249734597.
[I 2026-06-01 15:45:41,667] Trial 3 finished with value: 0.029428198543756612 and parameters: {'confidence_threshold': 0.6868248626683718, 'training_days': 220, 'n_estimators': 134, 'max_depth': 3, 'num_leaves': 45, 'learning_rate': 0.033529007907491595, 'subsample': 0.8647277071858408, 'colsample_bytree': 0.778494116634046, 'min_child_samples': 96, 'reg_alpha': 2.409409937265785e-07, 'reg_lambda': 1.1642073478060009}. Best is trial 3 with value: 0.029428198543756612.
[I 2026-06-01 15:45:41,748] Trial 4 finished with value: -0.03895790645624533 and parameters: {'confidence_threshold': 0.5623121348350352, 'training_days': 300, 'n_estimators': 69, 'max_depth': 4, 'num_leaves': 32, 'learning_rate': 0.14967629360700346, 'subsample': 0.5054535233636654, 'colsample_bytree': 0.7401385194659216, 'min_child_samples': 27, 'reg_alpha': 1.4212042567426725e-07, 'reg_lambda': 0.23605753701352003}. Best is trial 3 with value: 0.029428198543756612.
[I 2026-06-01 15:45:42,148] Trial 5 finished with value: 0.00013961846512006818 and parameters: {'confidence_threshold': 0.7111850244908446, 'training_days': 490, 'n_estimators': 362, 'max_depth': 5, 'num_leaves': 40, 'learning_rate': 0.05960785724162737, 'subsample': 0.5589714368907717, 'colsample_bytree': 0.6659006943232806, 'min_child_samples': 42, 'reg_alpha': 0.6741360303045295, 'reg_lambda': 6.054601607143087e-08}. Best is trial 3 with value: 0.029428198543756612.
[I 2026-06-01 15:45:42,319] Trial 6 finished with value: 0.007417388776281081 and parameters: {'confidence_threshold': 0.667482545748023, 'training_days': 420, 'n_estimators': 279, 'max_depth': 3, 'num_leaves': 45, 'learning_rate': 0.040099592560849204, 'subsample': 0.8563114696415159, 'colsample_bytree': 0.5442917781944105, 'min_child_samples': 50, 'reg_alpha': 1.6407916423707903e-08, 'reg_lambda': 2.935907642973286e-05}. Best is trial 3 with value: 0.029428198543756612.
[I 2026-06-01 15:45:42,471] Trial 7 finished with value: -0.08507047125666929 and parameters: {'confidence_threshold': 0.5497381024139926, 'training_days': 120, 'n_estimators': 408, 'max_depth': 5, 'num_leaves': 38, 'learning_rate': 0.28049122657745795, 'subsample': 0.8806573338635493, 'colsample_bytree': 0.5454054113547102, 'min_child_samples': 63, 'reg_alpha': 0.01263008637940408, 'reg_lambda': 0.04588020805366937}. Best is trial 3 with value: 0.029428198543756612.
[I 2026-06-01 15:45:42,740] Trial 8 finished with value: 0.01085776584225956 and parameters: {'confidence_threshold': 0.719644804808716, 'training_days': 450, 'n_estimators': 410, 'max_depth': 4, 'num_leaves': 57, 'learning_rate': 0.04022026551478857, 'subsample': 0.5336085426932707, 'colsample_bytree': 0.5705742850577543, 'min_child_samples': 100, 'reg_alpha': 5.916398047912201e-07, 'reg_lambda': 0.9794034214488329}. Best is trial 3 with value: 0.029428198543756612.
[I 2026-06-01 15:45:42,766] Trial 9 finished with value: -2.040786071849742 and parameters: {'confidence_threshold': 0.7267463643917187, 'training_days': 20, 'n_estimators': 337, 'max_depth': 5, 'num_leaves': 23, 'learning_rate': 0.022153031811454605, 'subsample': 0.6305627572358737, 'colsample_bytree': 0.6613413774216214, 'min_child_samples': 81, 'reg_alpha': 5.7638634029410314e-08, 'reg_lambda': 8.26603016764008}. Best is trial 3 with value: 0.029428198543756612.
[I 2026-06-01 15:45:42,860] Trial 10 finished with value: -10.0 and parameters: {'confidence_threshold': 0.8283920119574972, 'training_days': 200, 'n_estimators': 181, 'max_depth': 3, 'num_leaves': 62, 'learning_rate': 0.011579281028220855, 'subsample': 0.7130289643560688, 'colsample_bytree': 0.9944479338273263, 'min_child_samples': 100, 'reg_alpha': 6.837313901272251e-05, 'reg_lambda': 0.0027253228209330924}. Best is trial 3 with value: 0.029428198543756612.
[I 2026-06-01 15:45:43,178] Trial 11 finished with value: -0.008568968281492778 and parameters: {'confidence_threshold': 0.7766282449189577, 'training_days': 380, 'n_estimators': 478, 'max_depth': 4, 'num_leaves': 58, 'learning_rate': 0.029354876456257728, 'subsample': 0.7459055835274097, 'colsample_bytree': 0.8016610248739169, 'min_child_samples': 100, 'reg_alpha': 1.7335570554886207e-05, 'reg_lambda': 7.067893525937578}. Best is trial 3 with value: 0.029428198543756612.
[I 2026-06-01 15:45:43,401] Trial 12 finished with value: 0.016211959486280753 and parameters: {'confidence_threshold': 0.7449212105048096, 'training_days': 200, 'n_estimators': 490, 'max_depth': 4, 'num_leaves': 54, 'learning_rate': 0.01924681962976845, 'subsample': 0.9912016966112274, 'colsample_bytree': 0.6646287431572568, 'min_child_samples': 85, 'reg_alpha': 8.85890496668e-06, 'reg_lambda': 0.0043762371699676405}. Best is trial 3 with value: 0.029428198543756612.
[I 2026-06-01 15:45:43,644] Trial 13 finished with value: 0.011945209267644669 and parameters: {'confidence_threshold': 0.7956637805967407, 'training_days': 200, 'n_estimators': 494, 'max_depth': 4, 'num_leaves': 52, 'learning_rate': 0.013893880554546854, 'subsample': 0.9814243437154605, 'colsample_bytree': 0.6937220943884248, 'min_child_samples': 83, 'reg_alpha': 8.465942575614097e-06, 'reg_lambda': 0.005128891358078169}. Best is trial 3 with value: 0.029428198543756612.
[I 2026-06-01 15:45:43,755] Trial 14 finished with value: -0.011955345552290437 and parameters: {'confidence_threshold': 0.6449026900959914, 'training_days': 210, 'n_estimators': 192, 'max_depth': 3, 'num_leaves': 51, 'learning_rate': 0.01910898810687529, 'subsample': 0.9196426355912098, 'colsample_bytree': 0.7921009662363301, 'min_child_samples': 89, 'reg_alpha': 0.0005061136429986853, 'reg_lambda': 9.032787233022046e-06}. Best is trial 3 with value: 0.029428198543756612.
[I 2026-06-01 15:45:43,855] Trial 15 finished with value: -0.12016727668384083 and parameters: {'confidence_threshold': 0.7594279795954488, 'training_days': 130, 'n_estimators': 274, 'max_depth': 3, 'num_leaves': 17, 'learning_rate': 0.01908422707510053, 'subsample': 0.9954834961259552, 'colsample_bytree': 0.6382652175394721, 'min_child_samples': 70, 'reg_alpha': 0.002133995302102601, 'reg_lambda': 0.0018195707109750336}. Best is trial 3 with value: 0.029428198543756612.
[I 2026-06-01 15:45:43,973] Trial 16 finished with value: 0.14163797592040084 and parameters: {'confidence_threshold': 0.848250568968251, 'training_days': 350, 'n_estimators': 125, 'max_depth': 4, 'num_leaves': 50, 'learning_rate': 0.03443484454224182, 'subsample': 0.8181015939627592, 'colsample_bytree': 0.7338480532389174, 'min_child_samples': 88, 'reg_alpha': 4.445031736492354e-06, 'reg_lambda': 0.020689578834333023}. Best is trial 16 with value: 0.14163797592040084.
