[I 2026-06-01 15:47:49,971] Trial 9 finished with value: -0.016494742077690635 and parameters: {'confidence_threshold': 0.6202096049169137, 'training_days': 260, 'n_estimators': 350, 'max_depth': 3, 'num_leaves': 21, 'learning_rate': 0.02989540198065364, 'subsample': 0.8307821683331218, 'colsample_bytree': 0.923253112635361, 'min_child_samples': 64, 'reg_alpha': 0.4898604619604203, 'reg_lambda': 2.9076377687066166e-05}. Best is trial 6 with value: 0.05197106585216162.
[I 2026-06-01 15:47:50,421] Trial 10 finished with value: 0.07355191681364795 and parameters: {'confidence_threshold': 0.8445241688507242, 'training_days': 470, 'n_estimators': 493, 'max_depth': 4, 'num_leaves': 17, 'learning_rate': 0.010221918552934462, 'subsample': 0.925262810706551, 'colsample_bytree': 0.6202684210924141, 'min_child_samples': 46, 'reg_alpha': 2.3451009125120672e-08, 'reg_lambda': 0.08638692467458545}. Best is trial 10 with value: 0.07355191681364795.
[I 2026-06-01 15:47:50,862] Trial 11 finished with value: -2.0316041341664546 and parameters: {'confidence_threshold': 0.8371297552840329, 'training_days': 500, 'n_estimators': 493, 'max_depth': 4, 'num_leaves': 18, 'learning_rate': 0.010535067237031162, 'subsample': 0.9246908202265125, 'colsample_bytree': 0.6012148974081734, 'min_child_samples': 45, 'reg_alpha': 1.05295721073591e-08, 'reg_lambda': 0.03749495973984035}. Best is trial 10 with value: 0.07355191681364795.
[I 2026-06-01 15:47:50,898] Trial 12 finished with value: -2.0742073940999 and parameters: {'confidence_threshold': 0.830632524875604, 'training_days': 10, 'n_estimators': 490, 'max_depth': 4, 'num_leaves': 15, 'learning_rate': 0.26760572879289507, 'subsample': 0.8941395335595879, 'colsample_bytree': 0.5773925919454104, 'min_child_samples': 20, 'reg_alpha': 1.749922415656672e-08, 'reg_lambda': 0.005679543748398636}. Best is trial 10 with value: 0.07355191681364795.
[I 2026-06-01 15:47:50,986] Trial 13 finished with value: -0.01918356245077851 and parameters: {'confidence_threshold': 0.7841824825873085, 'training_days': 490, 'n_estimators': 53, 'max_depth': 4, 'num_leaves': 26, 'learning_rate': 0.15152203000979778, 'subsample': 0.8799568706885135, 'colsample_bytree': 0.6759494634110215, 'min_child_samples': 44, 'reg_alpha': 1.0060661308529223e-06, 'reg_lambda': 3.764766026697279}. Best is trial 10 with value: 0.07355191681364795.
[I 2026-06-01 15:47:51,216] Trial 14 finished with value: -2.055546663016206 and parameters: {'confidence_threshold': 0.7041693116927852, 'training_days': 410, 'n_estimators': 236, 'max_depth': 4, 'num_leaves': 28, 'learning_rate': 0.010652243042179137, 'subsample': 0.9585199191070237, 'colsample_bytree': 0.5045764719392084, 'min_child_samples': 44, 'reg_alpha': 0.016435092915656313, 'reg_lambda': 0.002408242109028925}. Best is trial 10 with value: 0.07355191681364795.
[I 2026-06-01 15:47:51,341] Trial 15 finished with value: -0.04743466309365709 and parameters: {'confidence_threshold': 0.8469646891696407, 'training_days': 320, 'n_estimators': 116, 'max_depth': 5, 'num_leaves': 23, 'learning_rate': 0.048806889105587045, 'subsample': 0.839728162936873, 'colsample_bytree': 0.6930696818810251, 'min_child_samples': 100, 'reg_alpha': 5.011892081220446e-07, 'reg_lambda': 0.09057402526403174}. Best is trial 10 with value: 0.07355191681364795.

  [label] 2023-10-20 16:00 ETHUSDT entry=1603.1400 → LONG | long=tp(+5.63%) short=sl(-2.96%) | scanned=7 | long_tp_only
  [label] 2023-11-29 08:00 ETHUSDT entry=2031.5300 → LONG | long=tp(+7.26%) short=sl(-3.78%) | scanned=10 | long_tp_only
  [label] 2023-12-09 00:00 ETHUSDT entry=2385.4000 → SHORT | long=sl(-4.06%) short=tp(+7.82%) | scanned=6 | short_tp_only
  [label] 2024-03-04 08:00 ETHUSDT entry=3562.6500 → SHORT | long=sl(-4.65%) short=sl(-4.65%) | scanned=4 | no_tp→fwd_return=-0.2027
  Labels: 1099 long (50.6%), 1072 short (49.4%) | weights: min=1.00, mean=2.79, max=10.00
  Features: 2171/2171 matched, 48 columns
  CV gap: 22 rows
  [ensemble 1/3] seed=42
    [trial 0] 48 features, training_days=480 | threshold=0.631 | labels: 1099 long, 1072 short (51/49%)
    [CV fold 0] train_end=2022-07-24 08:00 | val_start=2022-08-01 00:00 | gap=184h (22 rows)
    [CV fold 1] train_end=2022-11-21 16:00 | val_start=2022-11-29 08:00 | gap=184h (22 rows)
    [CV fold 2] train_end=2023-03-22 00:00 | val_start=2023-03-29 16:00 | gap=184h (22 rows)
    [CV fold 3] train_end=2023-07-20 08:00 | val_start=2023-07-28 00:00 | gap=184h (22 rows)
    [CV fold 4] train_end=2023-11-17 16:00 | val_start=2023-11-25 08:00 | gap=184h (22 rows)
    [trial 0] Sharpe=-0.0064 (folds: 0.0163, -0.1823, -0.0197, 0.0791, 0.0748)
    [trial 1] 48 features, training_days=420 | threshold=0.839 | labels: 1099 long, 1072 short (51/49%)
    [trial 1] Sharpe=-6.0120 (folds: 0.0864, -0.1466, -10.0000, -10.0000, -10.0000)
    [trial 2] 48 features, training_days=190 | threshold=0.602 | labels: 1099 long, 1072 short (51/49%)
    [trial 2] Sharpe=-0.0073 (folds: 0.0243, -0.1144, -0.2387, 0.1038, 0.1886)
    [trial 3] 48 features, training_days=490 | threshold=0.832 | labels: 1099 long, 1072 short (51/49%)
    [trial 3] Sharpe=0.0130 (folds: -0.0332, -0.2246, 0.0482, 0.2124, 0.0623)
    [trial 4] 48 features, training_days=340 | threshold=0.591 | labels: 1099 long, 1072 short (51/49%)
    [trial 4] Sharpe=-0.0066 (folds: 0.0792, -0.1679, -0.1570, 0.1062, 0.1063)
    [trial 5] 48 features, training_days=50 | threshold=0.823 | labels: 1099 long, 1072 short (51/49%)
    [trial 5] Sharpe=-0.1021 (folds: 0.0551, -1.0064, -0.1048, 0.0550, 0.4904)
    [trial 6] 48 features, training_days=410 | threshold=0.549 | labels: 1099 long, 1072 short (51/49%)
    [trial 6] Sharpe=-0.0416 (folds: 0.0889, -0.2473, -0.0687, 0.0126, 0.0064)
    [trial 7] 48 features, training_days=180 | threshold=0.526 | labels: 1099 long, 1072 short (51/49%)
    [trial 7] Sharpe=0.0064 (folds: 0.1114, -0.1042, -0.1893, -0.0762, 0.2900)
    [trial 8] 48 features, training_days=240 | threshold=0.811 | labels: 1099 long, 1072 short (51/49%)
    [trial 8] Sharpe=0.0130 (folds: 0.1259, -0.2767, -0.1513, 0.2549, 0.1123)
    [trial 9] 48 features, training_days=20 | threshold=0.538 | labels: 1099 long, 1072 short (51/49%)
    [trial 9] Sharpe=-1.9999 (folds: -0.1589, -0.1445, 0.0053, -10.0000, 0.2986)
    [trial 10] 48 features, training_days=280 | threshold=0.734 | labels: 1099 long, 1072 short (51/49%)
    [trial 10] Sharpe=-0.0381 (folds: 0.0107, -0.2088, -0.1328, 0.0569, 0.0833)
    [trial 11] 48 features, training_days=170 | threshold=0.762 | labels: 1099 long, 1072 short (51/49%)
    [trial 11] Sharpe=-0.0181 (folds: -0.0837, -0.0735, -0.1785, 0.0889, 0.1563)
    [trial 12] 48 features, training_days=270 | threshold=0.768 | labels: 1099 long, 1072 short (51/49%)
    [trial 12] Sharpe=-0.0428 (folds: -0.0725, -0.1942, -0.1058, 0.0584, 0.1000)
    [trial 13] 48 features, training_days=350 | threshold=0.694 | labels: 1099 long, 1072 short (51/49%)
    [trial 13] Sharpe=-0.0155 (folds: -0.1013, -0.2136, 0.0067, 0.0956, 0.1352)
    [trial 14] 48 features, training_days=500 | threshold=0.812 | labels: 1099 long, 1072 short (51/49%)
    [trial 14] Sharpe=-0.0113 (folds: 0.0113, -0.1782, -0.0382, 0.2287, -0.0801)
    [trial 15] 48 features, training_days=110 | threshold=0.790 | labels: 1099 long, 1072 short (51/49%)
    [trial 15] Sharpe=-10.0000 (folds: -10.0000, -10.0000, -10.0000, -10.0000, -10.0000)
    [trial 16] 48 features, training_days=320 | threshold=0.708 | labels: 1099 long, 1072 short (51/49%)
    [trial 16] Sharpe=-0.0261 (folds: -0.0792, -0.1390, -0.0812, 0.0584, 0.1104)
    [trial 17] 48 features, training_days=410 | threshold=0.846 | labels: 1099 long, 1072 short (51/49%)
    [trial 17] Sharpe=-0.0359 (folds: -0.0354, -0.2314, 0.0231, 0.1037, -0.0395)
  Optuna: 18 trials, best Sharpe = 0.0130
  Best params: n_estimators=103, max_depth=5, lr=0.0675, leaves=52
  Best confidence_threshold: 0.811
  Best training_days: 240
  Retrained on full data (720 samples, 48 features)
  [ensemble 2/3] seed=123
    [trial 0] 48 features, training_days=150 | threshold=0.744 | labels: 1099 long, 1072 short (51/49%)
    [CV fold 0] train_end=2022-07-24 08:00 | val_start=2022-08-01 00:00 | gap=184h (22 rows)
    [CV fold 1] train_end=2022-11-21 16:00 | val_start=2022-11-29 08:00 | gap=184h (22 rows)
    [CV fold 2] train_end=2023-03-22 00:00 | val_start=2023-03-29 16:00 | gap=184h (22 rows)
    [CV fold 3] train_end=2023-07-20 08:00 | val_start=2023-07-28 00:00 | gap=184h (22 rows)
    [CV fold 4] train_end=2023-11-17 16:00 | val_start=2023-11-25 08:00 | gap=184h (22 rows)
    [trial 0] Sharpe=-0.0281 (folds: 0.0459, -0.1175, -0.3241, 0.1502, 0.1048)
    [trial 1] 48 features, training_days=220 | threshold=0.755 | labels: 1099 long, 1072 short (51/49%)
    [trial 1] Sharpe=-7.9649 (folds: 0.1757, -10.0000, -10.0000, -10.0000, -10.0000)
    [trial 2] 48 features, training_days=310 | threshold=0.754 | labels: 1099 long, 1072 short (51/49%)
    [trial 2] Sharpe=-0.0600 (folds: -0.0053, -0.2095, -0.1066, -0.0920, 0.1135)
    [trial 3] 48 features, training_days=220 | threshold=0.673 | labels: 1099 long, 1072 short (51/49%)
    [trial 3] Sharpe=0.0086 (folds: -0.0397, -0.1179, -0.0875, 0.0794, 0.2087)
    [trial 4] 48 features, training_days=130 | threshold=0.803 | labels: 1099 long, 1072 short (51/49%)
    [trial 4] Sharpe=-0.0434 (folds: -0.0304, -0.2436, -0.3258, 0.2178, 0.1650)
    [trial 5] 48 features, training_days=210 | threshold=0.606 | labels: 1099 long, 1072 short (51/49%)
    [trial 5] Sharpe=-0.0232 (folds: -0.1085, -0.1618, -0.1334, 0.1767, 0.1110)
    [trial 6] 48 features, training_days=130 | threshold=0.767 | labels: 1099 long, 1072 short (51/49%)
    [trial 6] Sharpe=0.0520 (folds: 0.0045, -0.0192, -0.1327, 0.2156, 0.1917)
    [trial 7] 48 features, training_days=80 | threshold=0.556 | labels: 1099 long, 1072 short (51/49%)
    [trial 7] Sharpe=0.0225 (folds: -0.0181, -0.0131, -0.1098, 0.1166, 0.1368)
    [trial 8] 48 features, training_days=200 | threshold=0.607 | labels: 1099 long, 1072 short (51/49%)
    [trial 8] Sharpe=0.0165 (folds: -0.0353, -0.0145, -0.1264, 0.0994, 0.1592)
    [trial 9] 48 features, training_days=260 | threshold=0.620 | labels: 1099 long, 1072 short (51/49%)
    [trial 9] Sharpe=-0.0165 (folds: 0.0022, -0.1787, -0.2205, 0.2303, 0.0841)
    [trial 10] 48 features, training_days=470 | threshold=0.845 | labels: 1099 long, 1072 short (51/49%)
    [trial 10] Sharpe=0.0736 (folds: 0.0084, 0.0660, -0.0577, 0.1742, 0.1768)
    [trial 11] 48 features, training_days=500 | threshold=0.837 | labels: 1099 long, 1072 short (51/49%)
    [trial 11] Sharpe=-2.0316 (folds: 0.1188, 0.0619, -0.4065, 0.0678, -10.0000)
    [trial 12] 48 features, training_days=10 | threshold=0.831 | labels: 1099 long, 1072 short (51/49%)
    [trial 12] Sharpe=-2.0742 (folds: 0.0623, -10.0000, -0.0728, -0.1614, -0.1992)
    [trial 13] 48 features, training_days=490 | threshold=0.784 | labels: 1099 long, 1072 short (51/49%)
    [trial 13] Sharpe=-0.0192 (folds: 0.0882, -0.1629, -0.1584, 0.1642, -0.0269)
    [trial 14] 48 features, training_days=410 | threshold=0.704 | labels: 1099 long, 1072 short (51/49%)
    [trial 14] Sharpe=-2.0555 (folds: 0.0488, -0.0683, -0.2026, -0.0557, -10.0000)
    [trial 15] 48 features, training_days=320 | threshold=0.847 | labels: 1099 long, 1072 short (51/49%)
    [trial 15] Sharpe=-0.0474 (folds: 0.3751, -0.0374, -1.0559, 0.3103, 0.1708)
    [trial 16] 48 features, training_days=370 | threshold=0.704 | labels: 1099 long, 1072 short (51/49%)[I 2026-06-01 15:47:51,592] Trial 16 finished with value: -0.03940306882775767 and parameters: {'confidence_threshold': 0.7037561121590252, 'training_days': 370, 'n_estimators': 440, 'max_depth': 3, 'num_leaves': 15, 'learning_rate': 0.16339222923301355, 'subsample': 0.7311916895834284, 'colsample_bytree': 0.6982877056862742, 'min_child_samples': 54, 'reg_alpha': 3.433399905162048, 'reg_lambda': 0.00119468941579858}. Best is trial 10 with value: 0.07355191681364795.
[I 2026-06-01 15:47:51,647] Trial 17 finished with value: 0.03673063749764003 and parameters: {'confidence_threshold': 0.5004748807695347, 'training_days': 40, 'n_estimators': 199, 'max_depth': 4, 'num_leaves': 34, 'learning_rate': 0.018167663093744707, 'subsample': 0.9351734015296854, 'colsample_bytree': 0.6042669130757778, 'min_child_samples': 36, 'reg_alpha': 0.002141135880380328, 'reg_lambda': 2.3254262415327442}. Best is trial 10 with value: 0.07355191681364795.
[I 2026-06-01 15:47:52,033] A new study created in memory with name: no-name-edb8646b-81c4-4940-8969-6c6b29ba8d8f
[I 2026-06-01 15:47:52,212] Trial 0 finished with value: 0.014281343333087781 and parameters: {'confidence_threshold': 0.5870645682749857, 'training_days': 90, 'n_estimators': 403, 'max_depth': 5, 'num_leaves': 45, 'learning_rate': 0.0780457193679974, 'subsample': 0.9428509515574568, 'colsample_bytree': 0.8795587339164916, 'min_child_samples': 34, 'reg_alpha': 2.2465901234314442e-07, 'reg_lambda': 8.339007036475363e-05}. Best is trial 0 with value: 0.014281343333087781.
[I 2026-06-01 15:47:52,318] Trial 1 finished with value: -0.05302728623171875 and parameters: {'confidence_threshold': 0.6348453934275313, 'training_days': 290, 'n_estimators': 115, 'max_depth': 5, 'num_leaves': 37, 'learning_rate': 0.06949568759029946, 'subsample': 0.8228505074024268, 'colsample_bytree': 0.8616703220431751, 'min_child_samples': 75, 'reg_alpha': 4.2486822725010923e-07, 'reg_lambda': 1.157247767047042e-07}. Best is trial 0 with value: 0.014281343333087781.
[I 2026-06-01 15:47:52,340] Trial 2 finished with value: -0.04959959843048929 and parameters: {'confidence_threshold': 0.5849570384370288, 'training_days': 10, 'n_estimators': 212, 'max_depth': 3, 'num_leaves': 41, 'learning_rate': 0.18452095998378365, 'subsample': 0.6001060822924371, 'colsample_bytree': 0.5673167293506167, 'min_child_samples': 37, 'reg_alpha': 5.733250064217131, 'reg_lambda': 0.5308454292595461}. Best is trial 0 with value: 0.014281343333087781.
[I 2026-06-01 15:47:52,418] Trial 3 finished with value: 0.047459185983566785 and parameters: {'confidence_threshold': 0.6868248626683718, 'training_days': 220, 'n_estimators': 134, 'max_depth': 3, 'num_leaves': 45, 'learning_rate': 0.033529007907491595, 'subsample': 0.8647277071858408, 'colsample_bytree': 0.778494116634046, 'min_child_samples': 96, 'reg_alpha': 2.409409937265785e-07, 'reg_lambda': 1.1642073478060009}. Best is trial 3 with value: 0.047459185983566785.
[I 2026-06-01 15:47:52,504] Trial 4 finished with value: -0.015583587616986088 and parameters: {'confidence_threshold': 0.5623121348350352, 'training_days': 300, 'n_estimators': 69, 'max_depth': 4, 'num_leaves': 32, 'learning_rate': 0.14967629360700346, 'subsample': 0.5054535233636654, 'colsample_bytree': 0.7401385194659216, 'min_child_samples': 27, 'reg_alpha': 1.4212042567426725e-07, 'reg_lambda': 0.23605753701352003}. Best is trial 3 with value: 0.047459185983566785.
[I 2026-06-01 15:47:52,933] Trial 5 finished with value: -0.030925485666782115 and parameters: {'confidence_threshold': 0.7111850244908446, 'training_days': 490, 'n_estimators': 362, 'max_depth': 5, 'num_leaves': 40, 'learning_rate': 0.05960785724162737, 'subsample': 0.5589714368907717, 'colsample_bytree': 0.6659006943232806, 'min_child_samples': 42, 'reg_alpha': 0.6741360303045295, 'reg_lambda': 6.054601607143087e-08}. Best is trial 3 with value: 0.047459185983566785.
[I 2026-06-01 15:47:53,133] Trial 6 finished with value: -0.025956033999029314 and parameters: {'confidence_threshold': 0.667482545748023, 'training_days': 420, 'n_estimators': 279, 'max_depth': 3, 'num_leaves': 45, 'learning_rate': 0.040099592560849204, 'subsample': 0.8563114696415159, 'colsample_bytree': 0.5442917781944105, 'min_child_samples': 50, 'reg_alpha': 1.6407916423707903e-08, 'reg_lambda': 2.935907642973286e-05}. Best is trial 3 with value: 0.047459185983566785.
[I 2026-06-01 15:47:53,290] Trial 7 finished with value: -0.05955270154804402 and parameters: {'confidence_threshold': 0.5497381024139926, 'training_days': 120, 'n_estimators': 408, 'max_depth': 5, 'num_leaves': 38, 'learning_rate': 0.28049122657745795, 'subsample': 0.8806573338635493, 'colsample_bytree': 0.5454054113547102, 'min_child_samples': 63, 'reg_alpha': 0.01263008637940408, 'reg_lambda': 0.04588020805366937}. Best is trial 3 with value: 0.047459185983566785.
[I 2026-06-01 15:47:53,573] Trial 8 finished with value: -0.03139071198188921 and parameters: {'confidence_threshold': 0.719644804808716, 'training_days': 450, 'n_estimators': 410, 'max_depth': 4, 'num_leaves': 57, 'learning_rate': 0.04022026551478857, 'subsample': 0.5336085426932707, 'colsample_bytree': 0.5705742850577543, 'min_child_samples': 100, 'reg_alpha': 5.916398047912201e-07, 'reg_lambda': 0.9794034214488329}. Best is trial 3 with value: 0.047459185983566785.
[I 2026-06-01 15:47:53,596] Trial 9 finished with value: -6.030723796323066 and parameters: {'confidence_threshold': 0.7267463643917187, 'training_days': 20, 'n_estimators': 337, 'max_depth': 5, 'num_leaves': 23, 'learning_rate': 0.022153031811454605, 'subsample': 0.6305627572358737, 'colsample_bytree': 0.6613413774216214, 'min_child_samples': 81, 'reg_alpha': 5.7638634029410314e-08, 'reg_lambda': 8.26603016764008}. Best is trial 3 with value: 0.047459185983566785.
[I 2026-06-01 15:47:53,701] Trial 10 finished with value: -10.0 and parameters: {'confidence_threshold': 0.8283920119574972, 'training_days': 200, 'n_estimators': 181, 'max_depth': 3, 'num_leaves': 62, 'learning_rate': 0.011579281028220855, 'subsample': 0.7130289643560688, 'colsample_bytree': 0.9944479338273263, 'min_child_samples': 100, 'reg_alpha': 6.837313901272251e-05, 'reg_lambda': 0.0027253228209330924}. Best is trial 3 with value: 0.047459185983566785.
[I 2026-06-01 15:47:54,047] Trial 11 finished with value: 0.04819722041104714 and parameters: {'confidence_threshold': 0.6199117858976716, 'training_days': 140, 'n_estimators': 478, 'max_depth': 4, 'num_leaves': 50, 'learning_rate': 0.09545304377912815, 'subsample': 0.9905541628258661, 'colsample_bytree': 0.8685569825074387, 'min_child_samples': 23, 'reg_alpha': 2.5646023357365184e-05, 'reg_lambda': 1.7304651813913034e-05}. Best is trial 11 with value: 0.04819722041104714.
[I 2026-06-01 15:47:54,489] Trial 12 finished with value: 0.12854808778432225 and parameters: {'confidence_threshold': 0.8008961038526314, 'training_days': 200, 'n_estimators': 490, 'max_depth': 4, 'num_leaves': 54, 'learning_rate': 0.01924681962976845, 'subsample': 0.994883527753607, 'colsample_bytree': 0.8585091246609926, 'min_child_samples': 21, 'reg_alpha': 5.113460481149383e-05, 'reg_lambda': 1.4304147444691813e-06}. Best is trial 12 with value: 0.12854808778432225.
[I 2026-06-01 15:47:54,831] Trial 13 finished with value: 0.10179399681597665 and parameters: {'confidence_threshold': 0.8484010539254527, 'training_days': 130, 'n_estimators': 497, 'max_depth': 4, 'num_leaves': 54, 'learning_rate': 0.010793881184303727, 'subsample': 0.9833225663017411, 'colsample_bytree': 0.9109205692488689, 'min_child_samples': 23, 'reg_alpha': 5.900837329147622e-05, 'reg_lambda': 1.8799948266058237e-06}. Best is trial 12 with value: 0.12854808778432225.
[I 2026-06-01 15:47:55,275] Trial 14 finished with value: 0.13771982319794698 and parameters: {'confidence_threshold': 0.8484806466586968, 'training_days': 170, 'n_estimators': 500, 'max_depth': 4, 'num_leaves': 55, 'learning_rate': 0.010678278572742913, 'subsample': 0.9899984244178228, 'colsample_bytree': 0.9881264564905338, 'min_child_samples': 22, 'reg_alpha': 0.0014847179004692675, 'reg_lambda': 1.015208799880295e-06}. Best is trial 14 with value: 0.13771982319794698.
[I 2026-06-01 15:47:55,692] Trial 15 finished with value: -0.024270383967038647 and parameters: {'confidence_threshold': 0.7868977961394045, 'training_days': 300, 'n_estimators': 453, 'max_depth': 4, 'num_leaves': 61, 'learning_rate': 0.019001683429429296, 'subsample': 0.756026040751235, 'colsample_bytree': 0.9944331592220186, 'min_child_samples': 51, 'reg_alpha': 0.004932620796202086, 'reg_lambda': 1.0910395808862402e-06}. Best is trial 14 with value: 0.13771982319794698.
[I 2026-06-01 15:47:56,074] Trial 16 finished with value: -0.03649258542057705 and parameters: {'confidence_threshold': 0.7809712285122007, 'training_days': 370, 'n_estimators': 300, 'max_depth': 4, 'num_leaves': 53, 'learning_rate': 0.01723840081567694, 'subsample': 0.9297000486785071, 'colsample_bytree': 0.9373223525891455, 'min_child_samples': 20, 'reg_alpha': 0.0027385465197870694, 'reg_lambda': 0.000855876310048679}. Best is trial 14 with value: 0.13771982319794698.
