[I 2026-06-01 15:48:16,747] Trial 17 finished with value: -0.002866153801543542 and parameters: {'confidence_threshold': 0.5381698825189005, 'training_days': 140, 'n_estimators': 239, 'max_depth': 4, 'num_leaves': 22, 'learning_rate': 0.14234127530507307, 'subsample': 0.6718064291677197, 'colsample_bytree': 0.9397283634152775, 'min_child_samples': 54, 'reg_alpha': 0.07932435400623226, 'reg_lambda': 0.0011521234091352594}. Best is trial 16 with value: 0.07002431552084556.

    [trial 17] Sharpe=-0.0156 (folds: -0.0721, -0.2645, 0.2092, 0.0016, 0.0479)
  Optuna: 18 trials, best Sharpe = 0.0664
  Best params: n_estimators=363, max_depth=3, lr=0.0659, leaves=48
  Best confidence_threshold: 0.556
  Best training_days: 80
  Retrained on full data (240 samples, 48 features)
  [ensemble 3/3] seed=456
    [trial 0] 48 features, training_days=90 | threshold=0.587 | labels: 1159 long, 1012 short (53/47%)
    [CV fold 0] train_end=2022-09-23 08:00 | val_start=2022-10-01 00:00 | gap=184h (22 rows)
    [CV fold 1] train_end=2023-01-21 16:00 | val_start=2023-01-29 08:00 | gap=184h (22 rows)
    [CV fold 2] train_end=2023-05-22 00:00 | val_start=2023-05-29 16:00 | gap=184h (22 rows)
    [CV fold 3] train_end=2023-09-19 08:00 | val_start=2023-09-27 00:00 | gap=184h (22 rows)
    [CV fold 4] train_end=2024-01-17 16:00 | val_start=2024-01-25 08:00 | gap=184h (22 rows)
    [trial 0] Sharpe=0.0001 (folds: 0.0076, -0.1239, 0.0404, -0.0126, 0.0892)
    [trial 1] 48 features, training_days=290 | threshold=0.635 | labels: 1159 long, 1012 short (53/47%)
    [trial 1] Sharpe=0.0498 (folds: -0.1762, -0.0440, 0.0615, 0.2693, 0.1385)
    [trial 2] 48 features, training_days=10 | threshold=0.585 | labels: 1159 long, 1012 short (53/47%)
    [trial 2] Sharpe=-2.0477 (folds: 0.0246, -10.0000, 0.1068, -0.2121, -0.1580)
    [trial 3] 48 features, training_days=220 | threshold=0.687 | labels: 1159 long, 1012 short (53/47%)
    [trial 3] Sharpe=0.0334 (folds: -0.2262, -0.1446, 0.0791, 0.3581, 0.1004)
    [trial 4] 48 features, training_days=300 | threshold=0.562 | labels: 1159 long, 1012 short (53/47%)
    [trial 4] Sharpe=0.0398 (folds: -0.1935, -0.0430, 0.1001, 0.2395, 0.0957)
    [trial 5] 48 features, training_days=490 | threshold=0.711 | labels: 1159 long, 1012 short (53/47%)
    [trial 5] Sharpe=-0.0289 (folds: -0.1229, -0.0315, 0.0719, -0.0971, 0.0352)
    [trial 6] 48 features, training_days=420 | threshold=0.667 | labels: 1159 long, 1012 short (53/47%)
    [trial 6] Sharpe=-0.0167 (folds: -0.2452, -0.0522, 0.0299, 0.1579, 0.0260)
    [trial 7] 48 features, training_days=120 | threshold=0.550 | labels: 1159 long, 1012 short (53/47%)
    [trial 7] Sharpe=-0.0161 (folds: -0.1472, -0.1236, -0.0682, 0.1193, 0.1394)
    [trial 8] 48 features, training_days=450 | threshold=0.720 | labels: 1159 long, 1012 short (53/47%)
    [trial 8] Sharpe=-0.0004 (folds: -0.1993, 0.0436, -0.0091, 0.1522, 0.0107)
    [trial 9] 48 features, training_days=20 | threshold=0.727 | labels: 1159 long, 1012 short (53/47%)
    [trial 9] Sharpe=-4.0746 (folds: -0.1666, 0.0059, -10.0000, -0.2121, -10.0000)
    [trial 10] 48 features, training_days=320 | threshold=0.840 | labels: 1159 long, 1012 short (53/47%)
    [trial 10] Sharpe=-6.1370 (folds: -0.5732, -10.0000, -10.0000, -10.0000, -0.1116)
    [trial 11] 48 features, training_days=300 | threshold=0.608 | labels: 1159 long, 1012 short (53/47%)
    [trial 11] Sharpe=0.0106 (folds: -0.2720, -0.1105, 0.1217, 0.2341, 0.0799)
    [trial 12] 48 features, training_days=220 | threshold=0.515 | labels: 1159 long, 1012 short (53/47%)
    [trial 12] Sharpe=0.0696 (folds: -0.1455, 0.0612, 0.0908, 0.1908, 0.1507)
    [trial 13] 48 features, training_days=200 | threshold=0.501 | labels: 1159 long, 1012 short (53/47%)
    [trial 13] Sharpe=0.0277 (folds: -0.2102, 0.0574, 0.0756, 0.1123, 0.1034)
    [trial 14] 48 features, training_days=380 | threshold=0.644 | labels: 1159 long, 1012 short (53/47%)
    [trial 14] Sharpe=-0.0129 (folds: -0.1207, -0.0112, 0.0308, 0.0347, 0.0020)
    [trial 15] 48 features, training_days=180 | threshold=0.506 | labels: 1159 long, 1012 short (53/47%)
    [trial 15] Sharpe=0.0675 (folds: -0.1254, 0.0909, 0.0841, 0.1901, 0.0979)
    [trial 16] 48 features, training_days=180 | threshold=0.506 | labels: 1159 long, 1012 short (53/47%)
    [trial 16] Sharpe=0.0700 (folds: -0.0934, 0.1003, 0.0721, 0.1674, 0.1036)
    [trial 17] 48 features, training_days=140 | threshold=0.538 | labels: 1159 long, 1012 short (53/47%)
    [trial 17] Sharpe=-0.0029 (folds: -0.0954, -0.0955, -0.1886, 0.2370, 0.1282)
  Optuna: 18 trials, best Sharpe = 0.0700
  Best params: n_estimators=229, max_depth=4, lr=0.1043, leaves=15
  Best confidence_threshold: 0.506
  Best training_days: 180
  Retrained on full data (540 samples, 48 features)
  OOD: 16 features, cutoff (q=0.7) = 14.86
  Model trained for 2024-06: 90 test candles with features, confidence_threshold=0.628
[trade:close] 2024-06-04 08:00 ETHUSDT LONG → timeout @ 3777.00 | PnL=-1.91% (net -2.01%) | cum=+2.76% 2024-06=-2.01% 2024-06-04=-2.01%
[predict] 2024-06-06 16:00 ETHUSDT → LONG (proba=0.63 TP=6.4%/SL=3.2%)
[trade:open] 2024-06-06 23:59 ETHUSDT LONG @ 3815.76 | SL=3694.36 TP=4058.56 | timeout=2024-06-13 23:59
[trade:close] 2024-06-07 23:59 ETHUSDT LONG → stop_loss @ 3694.36 | PnL=-3.18% (net -3.28%) | cum=-0.52% 2024-06=-5.29% 2024-06-07=-3.28%
[predict] 2024-06-08 16:00 ETHUSDT → LONG (proba=0.90 TP=6.9%/SL=3.4%)
[trade:open] 2024-06-08 23:59 ETHUSDT LONG @ 3682.11 | SL=3555.64 TP=3935.04 | timeout=2024-06-15 23:59
[trade:close] 2024-06-11 07:59 ETHUSDT LONG → stop_loss @ 3555.64 | PnL=-3.43% (net -3.53%) | cum=-4.05% 2024-06=-8.83% 2024-06-11=-3.53%
[predict] 2024-06-12 00:00 ETHUSDT → LONG (proba=0.98 TP=7.6%/SL=3.8%)
[trade:open] 2024-06-12 07:59 ETHUSDT LONG @ 3526.99 | SL=3392.96 TP=3795.05 | timeout=2024-06-19 07:59
[trade:close] 2024-06-14 23:59 ETHUSDT LONG → stop_loss @ 3392.96 | PnL=-3.80% (net -3.90%) | cum=-7.95% 2024-06=-12.73% 2024-06-14=-3.90%
[predict] 2024-06-15 16:00 ETHUSDT → LONG (proba=0.77 TP=8.3%/SL=4.2%)
[trade:open] 2024-06-15 23:59 ETHUSDT LONG @ 3567.87 | SL=3419.47 TP=3864.68 | timeout=2024-06-22 23:59
[trade:close] 2024-06-18 07:59 ETHUSDT LONG → stop_loss @ 3419.47 | PnL=-4.16% (net -4.26%) | cum=-12.21% 2024-06=-16.99% 2024-06-18=-4.26%
[predict] 2024-06-19 00:00 ETHUSDT → LONG (proba=0.66 TP=9.3%/SL=4.7%)
[trade:open] 2024-06-19 07:59 ETHUSDT LONG @ 3543.07 | SL=3378.08 TP=3873.05 | timeout=2024-06-26 07:59
[trade:close] 2024-06-24 07:59 ETHUSDT LONG → stop_loss @ 3378.08 | PnL=-4.66% (net -4.76%) | cum=-16.97% 2024-06=-21.74% 2024-06-24=-4.76%
[predict] 2024-06-25 00:00 ETHUSDT → LONG (proba=0.85 TP=8.4%/SL=4.2%)
[trade:open] 2024-06-25 07:59 ETHUSDT LONG @ 3360.49 | SL=3219.18 TP=3643.10 | timeout=2024-07-02 07:59
[lgbm] === Training for 2024-07 ===
  Train window: 2022-07-01 → 2024-06-23
  2171 training samples from 1 symbols
  Samples per month: 2022-07: 93, 2022-08: 93, 2022-09: 90, 2022-10: 93, 2022-11: 90, 2022-12: 93, 2023-01: 93, 2023-02: 84, 2023-03: 93, 2023-04: 90, 2023-05: 93, 2023-06: 90, 2023-07: 93, 2023-08: 93, 2023-09: 90, 2023-10: 93, 2023-11: 90, 2023-12: 93, 2024-01: 93, 2024-02: 87, 2024-03: 93, 2024-04: 90, 2024-05: 93, 2024-06: 68
  [label] 2022-08-31 16:00 ETHUSDT entry=1553.0400 → LONG | long=timeout(+4.81%) short=sl(-8.04%) | scanned=22 | no_tp→fwd_return=+4.9136
  [label] 2022-09-03 00:00 ETHUSDT entry=1542.9700 → LONG | long=timeout(+10.73%) short=sl(-7.83%) | scanned=22 | no_tp→fwd_return=+10.8252
  [label] 2022-09-06 16:00 ETHUSDT entry=1558.2300 → LONG | long=tp(+13.30%) short=sl(-6.80%) | scanned=12 | long_tp_only
  [label] 2022-10-01 08:00 ETHUSDT entry=1322.0500 → LONG | long=timeout(+0.03%) short=timeout(-0.23%) | scanned=22 | no_tp→fwd_return=+0.1309
  [label] 2022-11-23 00:00 ETHUSDT entry=1165.9600 → LONG | long=timeout(+9.00%) short=sl(-6.56%) | scanned=22 | no_tp→fwd_return=+9.0998
  [label] 2023-05-08 00:00 ETHUSDT entry=1850.5500 → SHORT | long=sl(-4.58%) short=timeout(+1.12%) | scanned=22 | no_tp→fwd_return=-1.2196
  [label] 2023-05-12 00:00 ETHUSDT entry=1758.4900 → LONG | long=timeout(+2.52%) short=sl(-4.81%) | scanned=22 | no_tp→fwd_return=+2.6182
  [label] 2023-05-22 16:00 ETHUSDT entry=1816.6700 → SHORT | long=sl(-2.27%) short=sl(-2.27%) | scanned=5 | no_tp→fwd_return=-1.3299
  [label] 2023-07-06 16:00 ETHUSDT entry=1844.8200 → LONG | long=tp(+7.41%) short=sl(-3.85%) | scanned=21 | long_tp_only
  [label] 2023-07-15 08:00 ETHUSDT entry=1933.7500 → SHORT | long=timeout(-2.46%) short=timeout(+2.26%) | scanned=22 | no_tp→fwd_return=-2.3628[I 2026-06-01 15:48:17,349] A new study created in memory with name: no-name-544c7b6b-dc38-4b86-986b-9a15b74eaa4d
[I 2026-06-01 15:48:17,670] Trial 0 finished with value: -0.02739613789676179 and parameters: {'confidence_threshold': 0.6310890415965769, 'training_days': 480, 'n_estimators': 380, 'max_depth': 4, 'num_leaves': 22, 'learning_rate': 0.01699897838270077, 'subsample': 0.5290418060840998, 'colsample_bytree': 0.9330880728874675, 'min_child_samples': 68, 'reg_alpha': 0.023585940584142682, 'reg_lambda': 1.5320059381854043e-08}. Best is trial 0 with value: -0.02739613789676179.
[I 2026-06-01 15:48:17,794] Trial 1 finished with value: -2.374455454329566 and parameters: {'confidence_threshold': 0.839468448256698, 'training_days': 420, 'n_estimators': 145, 'max_depth': 3, 'num_leaves': 23, 'learning_rate': 0.028145092716060652, 'subsample': 0.762378215816119, 'colsample_bytree': 0.7159725093210578, 'min_child_samples': 43, 'reg_alpha': 0.0032112643094417484, 'reg_lambda': 1.8007140198129195e-07}. Best is trial 0 with value: -0.02739613789676179.
[I 2026-06-01 15:48:17,961] Trial 2 finished with value: 0.025063169561134392 and parameters: {'confidence_threshold': 0.6022506269873263, 'training_days': 190, 'n_estimators': 255, 'max_depth': 5, 'num_leaves': 24, 'learning_rate': 0.05748924681991978, 'subsample': 0.7962072844310213, 'colsample_bytree': 0.5232252063599989, 'min_child_samples': 69, 'reg_alpha': 3.425445902633376e-07, 'reg_lambda': 3.850031979199519e-08}. Best is trial 2 with value: 0.025063169561134392.
[I 2026-06-01 15:48:18,287] Trial 3 finished with value: -0.09315692677477098 and parameters: {'confidence_threshold': 0.8321099380386666, 'training_days': 490, 'n_estimators': 414, 'max_depth': 3, 'num_leaves': 19, 'learning_rate': 0.1024932221692416, 'subsample': 0.7200762468698007, 'colsample_bytree': 0.5610191174223894, 'min_child_samples': 60, 'reg_alpha': 2.039373116525212e-08, 'reg_lambda': 1.527156759251193}. Best is trial 2 with value: 0.025063169561134392.
[I 2026-06-01 15:48:18,444] Trial 4 finished with value: 0.032846746108407356 and parameters: {'confidence_threshold': 0.5905729935600059, 'training_days': 340, 'n_estimators': 190, 'max_depth': 4, 'num_leaves': 41, 'learning_rate': 0.01875220945578641, 'subsample': 0.9847923138822793, 'colsample_bytree': 0.8875664116805573, 'min_child_samples': 96, 'reg_alpha': 1.1309571585271483, 'reg_lambda': 0.002404915432737351}. Best is trial 4 with value: 0.032846746108407356.
[I 2026-06-01 15:48:18,485] Trial 5 finished with value: 0.10222979952180526 and parameters: {'confidence_threshold': 0.8226559822580909, 'training_days': 50, 'n_estimators': 138, 'max_depth': 3, 'num_leaves': 30, 'learning_rate': 0.03750796359625606, 'subsample': 0.6356745158869479, 'colsample_bytree': 0.9143687545759647, 'min_child_samples': 48, 'reg_alpha': 3.376063348877853e-06, 'reg_lambda': 0.0007660634613082914}. Best is trial 5 with value: 0.10222979952180526.
[I 2026-06-01 15:48:18,602] Trial 6 finished with value: -0.007383216033704465 and parameters: {'confidence_threshold': 0.5493234787411669, 'training_days': 410, 'n_estimators': 83, 'max_depth': 5, 'num_leaves': 52, 'learning_rate': 0.019657448966046126, 'subsample': 0.5027610585618012, 'colsample_bytree': 0.9077307142274171, 'min_child_samples': 77, 'reg_alpha': 0.03639690979811287, 'reg_lambda': 0.08738424135626986}. Best is trial 5 with value: 0.10222979952180526.
[I 2026-06-01 15:48:18,702] Trial 7 finished with value: 0.008956100664581076 and parameters: {'confidence_threshold': 0.5259156281069316, 'training_days': 180, 'n_estimators': 102, 'max_depth': 5, 'num_leaves': 45, 'learning_rate': 0.030816017044468066, 'subsample': 0.5317791751430119, 'colsample_bytree': 0.6554911608578311, 'min_child_samples': 46, 'reg_alpha': 0.036851536911881845, 'reg_lambda': 0.005470376807480391}. Best is trial 5 with value: 0.10222979952180526.
[I 2026-06-01 15:48:18,804] Trial 8 finished with value: 0.10041025502387782 and parameters: {'confidence_threshold': 0.8105244599017143, 'training_days': 240, 'n_estimators': 103, 'max_depth': 5, 'num_leaves': 52, 'learning_rate': 0.06746437142284309, 'subsample': 0.8854835899772805, 'colsample_bytree': 0.7468977981821954, 'min_child_samples': 62, 'reg_alpha': 7.04480806377519e-05, 'reg_lambda': 1.6934490731313353e-08}. Best is trial 5 with value: 0.10222979952180526.
[I 2026-06-01 15:48:18,827] Trial 9 finished with value: 0.09628311190882902 and parameters: {'confidence_threshold': 0.5377619994476566, 'training_days': 20, 'n_estimators': 337, 'max_depth': 3, 'num_leaves': 39, 'learning_rate': 0.21907142272152816, 'subsample': 0.6246461145744375, 'colsample_bytree': 0.7051914615178149, 'min_child_samples': 81, 'reg_alpha': 1.1459970229341322e-06, 'reg_lambda': 4.929685216887945e-08}. Best is trial 5 with value: 0.10222979952180526.
[I 2026-06-01 15:48:18,856] Trial 10 finished with value: -0.0939511979439033 and parameters: {'confidence_threshold': 0.7318981109748116, 'training_days': 10, 'n_estimators': 487, 'max_depth': 4, 'num_leaves': 31, 'learning_rate': 0.14704103471568217, 'subsample': 0.628963476300746, 'colsample_bytree': 0.987470107623585, 'min_child_samples': 25, 'reg_alpha': 2.608784411827665e-05, 'reg_lambda': 3.3639426888455256e-06}. Best is trial 5 with value: 0.10222979952180526.
[I 2026-06-01 15:48:18,978] Trial 11 finished with value: -0.11181828799421227 and parameters: {'confidence_threshold': 0.7615879655568232, 'training_days': 110, 'n_estimators': 212, 'max_depth': 4, 'num_leaves': 60, 'learning_rate': 0.061519626256430725, 'subsample': 0.9202578099039949, 'colsample_bytree': 0.8131245566687184, 'min_child_samples': 46, 'reg_alpha': 7.791525617942995e-05, 'reg_lambda': 1.7775498934647403e-05}. Best is trial 5 with value: 0.10222979952180526.
[I 2026-06-01 15:48:19,048] Trial 12 finished with value: -0.024732014460632234 and parameters: {'confidence_threshold': 0.7683435244955696, 'training_days': 280, 'n_estimators': 59, 'max_depth': 3, 'num_leaves': 33, 'learning_rate': 0.08962717626942573, 'subsample': 0.8744254896436161, 'colsample_bytree': 0.7897463007259964, 'min_child_samples': 30, 'reg_alpha': 7.648836983874614e-06, 'reg_lambda': 0.00010582050771147222}. Best is trial 5 with value: 0.10222979952180526.
[I 2026-06-01 15:48:19,140] Trial 13 finished with value: -0.10323004481742185 and parameters: {'confidence_threshold': 0.694422166807498, 'training_days': 110, 'n_estimators': 151, 'max_depth': 5, 'num_leaves': 62, 'learning_rate': 0.03817149751567075, 'subsample': 0.6803710106053958, 'colsample_bytree': 0.8312819852358413, 'min_child_samples': 49, 'reg_alpha': 0.0005887574809845359, 'reg_lambda': 3.4757862173186272e-06}. Best is trial 5 with value: 0.10222979952180526.
[I 2026-06-01 15:48:19,340] Trial 14 finished with value: 0.046624682527409186 and parameters: {'confidence_threshold': 0.7871652886153421, 'training_days': 240, 'n_estimators': 277, 'max_depth': 4, 'num_leaves': 54, 'learning_rate': 0.04348593163481826, 'subsample': 0.855002712575994, 'colsample_bytree': 0.6257061141687481, 'min_child_samples': 58, 'reg_alpha': 3.770845974254184e-08, 'reg_lambda': 0.0006284807489164356}. Best is trial 5 with value: 0.10222979952180526.
[I 2026-06-01 15:48:19,412] Trial 15 finished with value: -4.051798141349819 and parameters: {'confidence_threshold': 0.813853202658675, 'training_days': 70, 'n_estimators': 141, 'max_depth': 5, 'num_leaves': 50, 'learning_rate': 0.010359623362260938, 'subsample': 0.8168306525490172, 'colsample_bytree': 0.7688863617704711, 'min_child_samples': 37, 'reg_alpha': 2.492303987055042e-06, 'reg_lambda': 0.05951087746838391}. Best is trial 5 with value: 0.10222979952180526.
[I 2026-06-01 15:48:19,557] Trial 16 finished with value: -0.0013002933928014729 and parameters: {'confidence_threshold': 0.7081053312610146, 'training_days': 310, 'n_estimators': 220, 'max_depth': 3, 'num_leaves': 31, 'learning_rate': 0.07978393325369848, 'subsample': 0.9989325553134427, 'colsample_bytree': 0.8504499056834739, 'min_child_samples': 91, 'reg_alpha': 0.0003728785861091332, 'reg_lambda': 9.467717891328863e-05}. Best is trial 5 with value: 0.10222979952180526.
[I 2026-06-01 15:48:19,647] Trial 17 finished with value: 0.0032816281637096075 and parameters: {'confidence_threshold': 0.6638080805792761, 'training_days': 190, 'n_estimators': 110, 'max_depth': 4, 'num_leaves': 36, 'learning_rate': 0.14168046193643383, 'subsample': 0.6006818104614414, 'colsample_bytree': 0.9956385980717998, 'min_child_samples': 58, 'reg_alpha': 2.3216564991202368e-07, 'reg_lambda': 6.880925840516315e-07}. Best is trial 5 with value: 0.10222979952180526.
[I 2026-06-01 15:48:19,977] A new study created in memory with name: no-name-203599ac-cb91-4bf2-8b53-24db883c4f9b
[I 2026-06-01 15:48:20,075] Trial 0 finished with value: -0.03150212746082752 and parameters: {'confidence_threshold': 0.7437642149592516, 'training_days': 150, 'n_estimators': 152, 'max_depth': 4, 'num_leaves': 50, 'learning_rate': 0.04216766425047743, 'subsample': 0.9903820991923078, 'colsample_bytree': 0.8424148692924316, 'min_child_samples': 58, 'reg_alpha': 3.381097259762742e-05, 'reg_lambda': 1.2263152961306247e-05}. Best is trial 0 with value: -0.03150212746082752.
[I 2026-06-01 15:48:20,143] Trial 1 finished with value: -3.9729849030549316 and parameters: {'confidence_threshold': 0.7551673975844145, 'training_days': 220, 'n_estimators': 76, 'max_depth': 4, 'num_leaves': 51, 'learning_rate': 0.018602118810743477, 'subsample': 0.5877258780737462, 'colsample_bytree': 0.7657756869209191, 'min_child_samples': 63, 'reg_alpha': 0.005123994170264194, 'reg_lambda': 0.44145470178120466}. Best is trial 0 with value: -0.03150212746082752.
[I 2026-06-01 15:48:20,392] Trial 2 finished with value: 0.07652443784112378 and parameters: {'confidence_threshold': 0.7535593637012223, 'training_days': 310, 'n_estimators': 375, 'max_depth': 3, 'num_leaves': 32, 'learning_rate': 0.021735641882032388, 'subsample': 0.6468570231944146, 'colsample_bytree': 0.8154880619272439, 'min_child_samples': 27, 'reg_alpha': 8.004064028491336e-05, 'reg_lambda': 7.546835261630524e-05}. Best is trial 2 with value: 0.07652443784112378.
[I 2026-06-01 15:48:20,557] Trial 3 finished with value: 0.018583616482314193 and parameters: {'confidence_threshold': 0.6727897841776072, 'training_days': 220, 'n_estimators': 190, 'max_depth': 4, 'num_leaves': 58, 'learning_rate': 0.24810689332636193, 'subsample': 0.7509183379421682, 'colsample_bytree': 0.8119764758960556, 'min_child_samples': 29, 'reg_alpha': 7.1708285081421445e-06, 'reg_lambda': 5.412973582738627e-05}. Best is trial 2 with value: 0.07652443784112378.
[I 2026-06-01 15:48:20,684] Trial 4 finished with value: -0.07821844353400645 and parameters: {'confidence_threshold': 0.803208205259178, 'training_days': 130, 'n_estimators': 267, 'max_depth': 5, 'num_leaves': 40, 'learning_rate': 0.08041175317374143, 'subsample': 0.5603143329951619, 'colsample_bytree': 0.9131704002534167, 'min_child_samples': 68, 'reg_alpha': 0.0008046593428183385, 'reg_lambda': 1.2158346158765583e-05}. Best is trial 2 with value: 0.07652443784112378.
[I 2026-06-01 15:48:20,950] Trial 5 finished with value: 0.05882970858267569 and parameters: {'confidence_threshold': 0.6064422761595144, 'training_days': 210, 'n_estimators': 357, 'max_depth': 5, 'num_leaves': 40, 'learning_rate': 0.0974221287220869, 'subsample': 0.7929682762811064, 'colsample_bytree': 0.8124517510478, 'min_child_samples': 74, 'reg_alpha': 0.3811377260781234, 'reg_lambda': 5.607314238392041e-08}. Best is trial 2 with value: 0.07652443784112378.
[I 2026-06-01 15:48:21,059] Trial 6 finished with value: -0.00266015877037028 and parameters: {'confidence_threshold': 0.7672889945051684, 'training_days': 130, 'n_estimators': 137, 'max_depth': 4, 'num_leaves': 19, 'learning_rate': 0.2031117614248665, 'subsample': 0.8136244860256343, 'colsample_bytree': 0.8617081790949774, 'min_child_samples': 21, 'reg_alpha': 0.002238138278733199, 'reg_lambda': 0.001025809534977322}. Best is trial 2 with value: 0.07652443784112378.
[I 2026-06-01 15:48:21,134] Trial 7 finished with value: -0.05497230147235328 and parameters: {'confidence_threshold': 0.555635875450653, 'training_days': 80, 'n_estimators': 363, 'max_depth': 3, 'num_leaves': 48, 'learning_rate': 0.06590089024008658, 'subsample': 0.6944752870615722, 'colsample_bytree': 0.962566244806993, 'min_child_samples': 88, 'reg_alpha': 1.6465620446426067e-05, 'reg_lambda': 2.4678750890085655e-08}. Best is trial 2 with value: 0.07652443784112378.
[I 2026-06-01 15:48:21,465] Trial 8 finished with value: 0.027083611704234244 and parameters: {'confidence_threshold': 0.6066688256938841, 'training_days': 200, 'n_estimators': 367, 'max_depth': 5, 'num_leaves': 32, 'learning_rate': 0.13377519215934996, 'subsample': 0.7965884582811106, 'colsample_bytree': 0.8458508993500886, 'min_child_samples': 32, 'reg_alpha': 3.889436043816386e-05, 'reg_lambda': 1.4713062489380356e-06}. Best is trial 2 with value: 0.07652443784112378.
