[I 2026-06-01 15:44:20,275] Trial 16 finished with value: 0.07763830706592219 and parameters: {'confidence_threshold': 0.8104188407338415, 'training_days': 430, 'n_estimators': 440, 'max_depth': 3, 'num_leaves': 45, 'learning_rate': 0.014080619158868648, 'subsample': 0.5517131019787263, 'colsample_bytree': 0.6155885267093099, 'min_child_samples': 55, 'reg_alpha': 5.292044899879069e-07, 'reg_lambda': 0.0023097148375237977}. Best is trial 1 with value: 0.3188228134904717.
[I 2026-06-01 15:44:20,469] Trial 17 finished with value: -0.042045814721380304 and parameters: {'confidence_threshold': 0.5004748807695347, 'training_days': 300, 'n_estimators': 209, 'max_depth': 4, 'num_leaves': 58, 'learning_rate': 0.025558691536973283, 'subsample': 0.9202138733708044, 'colsample_bytree': 0.7208080702585287, 'min_child_samples': 38, 'reg_alpha': 0.017867971546418063, 'reg_lambda': 0.5946928990548885}. Best is trial 1 with value: 0.3188228134904717.
[I 2026-06-01 15:44:20,585] A new study created in memory with name: no-name-9d8e1c7c-054f-4ee5-9745-3f8dce8128fb
[I 2026-06-01 15:44:20,775] Trial 0 finished with value: 0.025066993086229082 and parameters: {'confidence_threshold': 0.5870645682749857, 'training_days': 90, 'n_estimators': 403, 'max_depth': 5, 'num_leaves': 45, 'learning_rate': 0.0780457193679974, 'subsample': 0.9428509515574568, 'colsample_bytree': 0.8795587339164916, 'min_child_samples': 34, 'reg_alpha': 2.2465901234314442e-07, 'reg_lambda': 8.339007036475363e-05}. Best is trial 0 with value: 0.025066993086229082.
[I 2026-06-01 15:44:20,874] Trial 1 finished with value: -0.08989163352764047 and parameters: {'confidence_threshold': 0.6348453934275313, 'training_days': 290, 'n_estimators': 115, 'max_depth': 5, 'num_leaves': 37, 'learning_rate': 0.06949568759029946, 'subsample': 0.8228505074024268, 'colsample_bytree': 0.8616703220431751, 'min_child_samples': 75, 'reg_alpha': 4.2486822725010923e-07, 'reg_lambda': 1.157247767047042e-07}. Best is trial 0 with value: 0.025066993086229082.
[I 2026-06-01 15:44:20,891] Trial 2 finished with value: -0.12821932644316428 and parameters: {'confidence_threshold': 0.5849570384370288, 'training_days': 10, 'n_estimators': 212, 'max_depth': 3, 'num_leaves': 41, 'learning_rate': 0.18452095998378365, 'subsample': 0.6001060822924371, 'colsample_bytree': 0.5673167293506167, 'min_child_samples': 37, 'reg_alpha': 5.733250064217131, 'reg_lambda': 0.5308454292595461}. Best is trial 0 with value: 0.025066993086229082.
[I 2026-06-01 15:44:20,962] Trial 3 finished with value: 0.044725852881779875 and parameters: {'confidence_threshold': 0.6868248626683718, 'training_days': 220, 'n_estimators': 134, 'max_depth': 3, 'num_leaves': 45, 'learning_rate': 0.033529007907491595, 'subsample': 0.8647277071858408, 'colsample_bytree': 0.778494116634046, 'min_child_samples': 96, 'reg_alpha': 2.409409937265785e-07, 'reg_lambda': 1.1642073478060009}. Best is trial 3 with value: 0.044725852881779875.
[I 2026-06-01 15:44:21,047] Trial 4 finished with value: -0.06815660098075063 and parameters: {'confidence_threshold': 0.5623121348350352, 'training_days': 300, 'n_estimators': 69, 'max_depth': 4, 'num_leaves': 32, 'learning_rate': 0.14967629360700346, 'subsample': 0.5054535233636654, 'colsample_bytree': 0.7401385194659216, 'min_child_samples': 27, 'reg_alpha': 1.4212042567426725e-07, 'reg_lambda': 0.23605753701352003}. Best is trial 3 with value: 0.044725852881779875.
[I 2026-06-01 15:44:21,439] Trial 5 finished with value: -0.00296272239390013 and parameters: {'confidence_threshold': 0.7111850244908446, 'training_days': 490, 'n_estimators': 362, 'max_depth': 5, 'num_leaves': 40, 'learning_rate': 0.05960785724162737, 'subsample': 0.5589714368907717, 'colsample_bytree': 0.6659006943232806, 'min_child_samples': 42, 'reg_alpha': 0.6741360303045295, 'reg_lambda': 6.054601607143087e-08}. Best is trial 3 with value: 0.044725852881779875.
[I 2026-06-01 15:44:21,615] Trial 6 finished with value: 0.0316317886152951 and parameters: {'confidence_threshold': 0.667482545748023, 'training_days': 420, 'n_estimators': 279, 'max_depth': 3, 'num_leaves': 45, 'learning_rate': 0.040099592560849204, 'subsample': 0.8563114696415159, 'colsample_bytree': 0.5442917781944105, 'min_child_samples': 50, 'reg_alpha': 1.6407916423707903e-08, 'reg_lambda': 2.935907642973286e-05}. Best is trial 3 with value: 0.044725852881779875.

    [trial 7] 48 features, training_days=180 | threshold=0.526 | labels: 1179 long, 989 short (54/46%)
    [trial 7] Sharpe=-0.0267 (folds: 0.1924, -0.1321, -0.2532, 0.2012, -0.1418)
    [trial 8] 48 features, training_days=240 | threshold=0.811 | labels: 1179 long, 989 short (54/46%)
    [trial 8] Sharpe=0.0230 (folds: 0.2249, -0.0569, -0.3093, 0.5437, -0.2873)
    [trial 9] 48 features, training_days=20 | threshold=0.538 | labels: 1179 long, 989 short (54/46%)
    [trial 9] Sharpe=-2.1494 (folds: -0.3784, -0.0572, -10.0000, 0.0176, -0.3287)
    [trial 10] 48 features, training_days=350 | threshold=0.729 | labels: 1179 long, 989 short (54/46%)
    [trial 10] Sharpe=0.0289 (folds: 0.1824, -0.0159, -0.0798, 0.5920, -0.5340)
    [trial 11] 48 features, training_days=380 | threshold=0.716 | labels: 1179 long, 989 short (54/46%)
    [trial 11] Sharpe=0.1018 (folds: 0.2234, -0.0110, -0.0732, 0.6082, -0.2382)
    [trial 12] 48 features, training_days=380 | threshold=0.728 | labels: 1179 long, 989 short (54/46%)
    [trial 12] Sharpe=0.0557 (folds: 0.1899, -0.0322, -0.0814, 0.5382, -0.3358)
    [trial 13] 48 features, training_days=280 | threshold=0.756 | labels: 1179 long, 989 short (54/46%)
    [trial 13] Sharpe=-0.0860 (folds: 0.2554, 0.0051, -0.3865, 0.2148, -0.5189)
    [trial 14] 48 features, training_days=430 | threshold=0.673 | labels: 1179 long, 989 short (54/46%)
    [trial 14] Sharpe=-0.0080 (folds: 0.1905, -0.0787, -0.2325, 0.4577, -0.3770)
    [trial 15] 48 features, training_days=300 | threshold=0.784 | labels: 1179 long, 989 short (54/46%)
    [trial 15] Sharpe=-0.0248 (folds: 0.1333, -0.0016, -0.4334, 0.6545, -0.4766)
    [trial 16] 48 features, training_days=430 | threshold=0.685 | labels: 1179 long, 989 short (54/46%)
    [trial 16] Sharpe=0.0214 (folds: 0.2213, -0.0523, -0.1020, 0.3892, -0.3490)
    [trial 17] 48 features, training_days=500 | threshold=0.682 | labels: 1179 long, 989 short (54/46%)
    [trial 17] Sharpe=0.0358 (folds: 0.1944, -0.0657, -0.2654, 0.5919, -0.2764)
  Optuna: 18 trials, best Sharpe = 0.2030
  Best params: n_estimators=145, max_depth=3, lr=0.0281, leaves=23
  Best confidence_threshold: 0.839
  Best training_days: 420
  Retrained on full data (1260 samples, 48 features)
  [ensemble 2/3] seed=123
    [trial 0] 48 features, training_days=150 | threshold=0.744 | labels: 1179 long, 989 short (54/46%)
    [CV fold 0] train_end=2020-11-22 08:00 | val_start=2020-11-30 00:00 | gap=184h (22 rows)
    [CV fold 1] train_end=2021-03-22 16:00 | val_start=2021-03-30 08:00 | gap=184h (22 rows)
    [CV fold 2] train_end=2021-07-21 00:00 | val_start=2021-07-28 16:00 | gap=184h (22 rows)
    [CV fold 3] train_end=2021-11-18 08:00 | val_start=2021-11-26 00:00 | gap=184h (22 rows)
    [CV fold 4] train_end=2022-03-18 16:00 | val_start=2022-03-26 08:00 | gap=184h (22 rows)
    [trial 0] Sharpe=-0.0467 (folds: 0.1939, -0.0541, -0.3736, 0.1642, -0.1638)
    [trial 1] 48 features, training_days=220 | threshold=0.755 | labels: 1179 long, 989 short (54/46%)
    [trial 1] Sharpe=0.3188 (folds: 0.4184, -0.0674, -0.1217, 1.3559, 0.0089)
    [trial 2] 48 features, training_days=310 | threshold=0.754 | labels: 1179 long, 989 short (54/46%)
    [trial 2] Sharpe=-0.0220 (folds: 0.1592, -0.0222, -0.2005, 0.5207, -0.5673)
    [trial 3] 48 features, training_days=220 | threshold=0.673 | labels: 1179 long, 989 short (54/46%)
    [trial 3] Sharpe=0.0069 (folds: 0.1985, -0.0684, -0.1939, 0.3552, -0.2568)
    [trial 4] 48 features, training_days=130 | threshold=0.803 | labels: 1179 long, 989 short (54/46%)
    [trial 4] Sharpe=0.0048 (folds: 0.2193, -0.0269, -0.1865, 0.0706, -0.0523)
    [trial 5] 48 features, training_days=210 | threshold=0.606 | labels: 1179 long, 989 short (54/46%)
    [trial 5] Sharpe=0.0192 (folds: 0.1913, -0.0850, -0.1413, 0.2986, -0.1679)
    [trial 6] 48 features, training_days=130 | threshold=0.767 | labels: 1179 long, 989 short (54/46%)
    [trial 6] Sharpe=-0.0354 (folds: 0.1550, -0.0560, -0.2660, 0.1029, -0.1130)
    [trial 7] 48 features, training_days=80 | threshold=0.556 | labels: 1179 long, 989 short (54/46%)
    [trial 7] Sharpe=0.0030 (folds: 0.1466, 0.0214, -0.2117, 0.2040, -0.1452)
    [trial 8] 48 features, training_days=200 | threshold=0.607 | labels: 1179 long, 989 short (54/46%)
    [trial 8] Sharpe=0.0005 (folds: 0.1859, -0.0415, -0.2169, 0.2610, -0.1862)
    [trial 9] 48 features, training_days=260 | threshold=0.620 | labels: 1179 long, 989 short (54/46%)
    [trial 9] Sharpe=-0.0755 (folds: 0.1804, -0.0452, -0.1733, 0.1593, -0.4987)
    [trial 10] 48 features, training_days=470 | threshold=0.845 | labels: 1179 long, 989 short (54/46%)
    [trial 10] Sharpe=0.1087 (folds: 0.1926, 0.0163, -0.1309, 0.7344, -0.2688)
    [trial 11] 48 features, training_days=480 | threshold=0.837 | labels: 1179 long, 989 short (54/46%)
    [trial 11] Sharpe=0.1275 (folds: 0.1906, -0.0055, -0.1324, 0.7209, -0.1362)
    [trial 12] 48 features, training_days=400 | threshold=0.831 | labels: 1179 long, 989 short (54/46%)
    [trial 12] Sharpe=-10.0000 (folds: -10.0000, -10.0000, -10.0000, -10.0000, -10.0000)
    [trial 13] 48 features, training_days=10 | threshold=0.722 | labels: 1179 long, 989 short (54/46%)
    [trial 13] Sharpe=-2.1184 (folds: -0.3784, -0.0572, -0.3682, -10.0000, 0.2118)
    [trial 14] 48 features, training_days=350 | threshold=0.697 | labels: 1179 long, 989 short (54/46%)
    [trial 14] Sharpe=-1.9543 (folds: 0.2730, -0.0424, -0.0165, -10.0000, 0.0142)
    [trial 15] 48 features, training_days=500 | threshold=0.790 | labels: 1179 long, 989 short (54/46%)
    [trial 15] Sharpe=0.0086 (folds: 0.2139, -0.0260, -0.1541, 0.5058, -0.4967)
    [trial 16] 48 features, training_days=430 | threshold=0.810 | labels: 1179 long, 989 short (54/46%)
    [trial 16] Sharpe=0.0776 (folds: 0.1303, -0.0020, -0.1680, 0.8765, -0.4486)
    [trial 17] 48 features, training_days=300 | threshold=0.500 | labels: 1179 long, 989 short (54/46%)
    [trial 17] Sharpe=-0.0420 (folds: 0.1655, -0.0339, -0.1743, 0.1960, -0.3635)
  Optuna: 18 trials, best Sharpe = 0.3188
  Best params: n_estimators=76, max_depth=4, lr=0.0186, leaves=51
  Best confidence_threshold: 0.755
  Best training_days: 220
  Retrained on full data (660 samples, 48 features)
  [ensemble 3/3] seed=456
    [trial 0] 48 features, training_days=90 | threshold=0.587 | labels: 1179 long, 989 short (54/46%)
    [CV fold 0] train_end=2020-11-22 08:00 | val_start=2020-11-30 00:00 | gap=184h (22 rows)
    [CV fold 1] train_end=2021-03-22 16:00 | val_start=2021-03-30 08:00 | gap=184h (22 rows)
    [CV fold 2] train_end=2021-07-21 00:00 | val_start=2021-07-28 16:00 | gap=184h (22 rows)
    [CV fold 3] train_end=2021-11-18 08:00 | val_start=2021-11-26 00:00 | gap=184h (22 rows)
    [CV fold 4] train_end=2022-03-18 16:00 | val_start=2022-03-26 08:00 | gap=184h (22 rows)
    [trial 0] Sharpe=0.0251 (folds: 0.1701, 0.0026, -0.0890, 0.0453, -0.0038)
    [trial 1] 48 features, training_days=290 | threshold=0.635 | labels: 1179 long, 989 short (54/46%)
    [trial 1] Sharpe=-0.0899 (folds: 0.1956, -0.0403, -0.2084, 0.1457, -0.5420)
    [trial 2] 48 features, training_days=10 | threshold=0.585 | labels: 1179 long, 989 short (54/46%)
    [trial 2] Sharpe=-0.1282 (folds: -0.3784, -0.0572, -0.3682, -0.0490, 0.2118)
    [trial 3] 48 features, training_days=220 | threshold=0.687 | labels: 1179 long, 989 short (54/46%)
    [trial 3] Sharpe=0.0447 (folds: 0.1872, -0.0076, -0.3427, 0.5686, -0.1818)
    [trial 4] 48 features, training_days=300 | threshold=0.562 | labels: 1179 long, 989 short (54/46%)
    [trial 4] Sharpe=-0.0682 (folds: 0.2163, -0.0540, -0.2168, 0.1668, -0.4530)
    [trial 5] 48 features, training_days=490 | threshold=0.711 | labels: 1179 long, 989 short (54/46%)
    [trial 5] Sharpe=-0.0030 (folds: 0.1965, -0.0681, -0.0244, 0.2394, -0.3582)
    [trial 6] 48 features, training_days=420 | threshold=0.667 | labels: 1179 long, 989 short (54/46%)
    [trial 6] Sharpe=0.0316 (folds: 0.2025, -0.0556, -0.0850, 0.4873, -0.3910)
    [trial 7] 48 features, training_days=120 | threshold=0.550 | labels: 1179 long, 989 short (54/46%)
    [trial 7] Sharpe=-0.0155 (folds: 0.2531, -0.0662, -0.1941, 0.0131, -0.0833)[I 2026-06-01 15:44:21,760] Trial 7 finished with value: -0.015482623706049978 and parameters: {'confidence_threshold': 0.5497381024139926, 'training_days': 120, 'n_estimators': 408, 'max_depth': 5, 'num_leaves': 38, 'learning_rate': 0.28049122657745795, 'subsample': 0.8806573338635493, 'colsample_bytree': 0.5454054113547102, 'min_child_samples': 63, 'reg_alpha': 0.01263008637940408, 'reg_lambda': 0.04588020805366937}. Best is trial 3 with value: 0.044725852881779875.
[I 2026-06-01 15:44:22,011] Trial 8 finished with value: -0.032607702023859174 and parameters: {'confidence_threshold': 0.719644804808716, 'training_days': 450, 'n_estimators': 410, 'max_depth': 4, 'num_leaves': 57, 'learning_rate': 0.04022026551478857, 'subsample': 0.5336085426932707, 'colsample_bytree': 0.5705742850577543, 'min_child_samples': 100, 'reg_alpha': 5.916398047912201e-07, 'reg_lambda': 0.9794034214488329}. Best is trial 3 with value: 0.044725852881779875.
[I 2026-06-01 15:44:22,036] Trial 9 finished with value: -2.1493529063047263 and parameters: {'confidence_threshold': 0.7267463643917187, 'training_days': 20, 'n_estimators': 337, 'max_depth': 5, 'num_leaves': 23, 'learning_rate': 0.022153031811454605, 'subsample': 0.6305627572358737, 'colsample_bytree': 0.6613413774216214, 'min_child_samples': 81, 'reg_alpha': 5.7638634029410314e-08, 'reg_lambda': 8.26603016764008}. Best is trial 3 with value: 0.044725852881779875.
[I 2026-06-01 15:44:22,156] Trial 10 finished with value: -1.980109141224116 and parameters: {'confidence_threshold': 0.8283920119574972, 'training_days': 200, 'n_estimators': 181, 'max_depth': 3, 'num_leaves': 62, 'learning_rate': 0.011579281028220855, 'subsample': 0.7130289643560688, 'colsample_bytree': 0.9944479338273263, 'min_child_samples': 100, 'reg_alpha': 6.837313901272251e-05, 'reg_lambda': 0.0027253228209330924}. Best is trial 3 with value: 0.044725852881779875.
[I 2026-06-01 15:44:22,324] Trial 11 finished with value: 0.001467964918136444 and parameters: {'confidence_threshold': 0.6624828863039158, 'training_days': 380, 'n_estimators': 241, 'max_depth': 3, 'num_leaves': 50, 'learning_rate': 0.029354876456257728, 'subsample': 0.9833364932696866, 'colsample_bytree': 0.8016610248739169, 'min_child_samples': 55, 'reg_alpha': 2.573708591509265e-05, 'reg_lambda': 9.46041867677697e-06}. Best is trial 3 with value: 0.044725852881779875.
[I 2026-06-01 15:44:22,564] Trial 12 finished with value: 0.03404340265162705 and parameters: {'confidence_threshold': 0.7974391396451452, 'training_days': 220, 'n_estimators': 490, 'max_depth': 3, 'num_leaves': 51, 'learning_rate': 0.01924681962976845, 'subsample': 0.7893290191182136, 'colsample_bytree': 0.6866172385346349, 'min_child_samples': 52, 'reg_alpha': 1.578782038256806e-08, 'reg_lambda': 1.7732938383900595e-05}. Best is trial 3 with value: 0.044725852881779875.
[I 2026-06-01 15:44:22,812] Trial 13 finished with value: 0.04350336543477808 and parameters: {'confidence_threshold': 0.8153826243221282, 'training_days': 210, 'n_estimators': 494, 'max_depth': 4, 'num_leaves': 52, 'learning_rate': 0.013893880554546854, 'subsample': 0.7469551880667604, 'colsample_bytree': 0.7070224016584752, 'min_child_samples': 69, 'reg_alpha': 5.330866210562306e-06, 'reg_lambda': 0.0020104504970482957}. Best is trial 3 with value: 0.044725852881779875.
[I 2026-06-01 15:44:22,994] Trial 14 finished with value: -0.10298131062875944 and parameters: {'confidence_threshold': 0.7723320301796328, 'training_days': 160, 'n_estimators': 500, 'max_depth': 4, 'num_leaves': 55, 'learning_rate': 0.010900413065404149, 'subsample': 0.7178512286146062, 'colsample_bytree': 0.7832231035788051, 'min_child_samples': 84, 'reg_alpha': 4.9997401928246e-06, 'reg_lambda': 0.003561827237959326}. Best is trial 3 with value: 0.044725852881779875.
[I 2026-06-01 15:44:23,109] Trial 15 finished with value: -5.927397926671932 and parameters: {'confidence_threshold': 0.8491696458581655, 'training_days': 330, 'n_estimators': 132, 'max_depth': 4, 'num_leaves': 27, 'learning_rate': 0.016698045525166766, 'subsample': 0.7548174269753517, 'colsample_bytree': 0.8734194153223588, 'min_child_samples': 69, 'reg_alpha': 0.002133995302102601, 'reg_lambda': 0.0026406526000485684}. Best is trial 3 with value: 0.044725852881779875.
[I 2026-06-01 15:44:23,165] Trial 16 finished with value: 0.058083010749510486 and parameters: {'confidence_threshold': 0.5156958281455359, 'training_days': 240, 'n_estimators': 53, 'max_depth': 4, 'num_leaves': 61, 'learning_rate': 0.02872890238126943, 'subsample': 0.6693629824955956, 'colsample_bytree': 0.7254746594689655, 'min_child_samples': 89, 'reg_alpha': 4.445031736492354e-06, 'reg_lambda': 0.03244268862112528}. Best is trial 16 with value: 0.058083010749510486.
[I 2026-06-01 15:44:23,223] Trial 17 finished with value: 0.01614982662936516 and parameters: {'confidence_threshold': 0.5003443345288996, 'training_days': 260, 'n_estimators': 56, 'max_depth': 3, 'num_leaves': 63, 'learning_rate': 0.031425413171926646, 'subsample': 0.6635784763164598, 'colsample_bytree': 0.9920053259992261, 'min_child_samples': 88, 'reg_alpha': 0.0008059760040484764, 'reg_lambda': 0.03797670610398662}. Best is trial 16 with value: 0.058083010749510486.
[I 2026-06-01 15:44:23,605] A new study created in memory with name: no-name-05bde54a-e6cf-4024-a70d-c880db8e7870
[I 2026-06-01 15:44:23,902] Trial 0 finished with value: 0.026717299043209068 and parameters: {'confidence_threshold': 0.6310890415965769, 'training_days': 480, 'n_estimators': 380, 'max_depth': 4, 'num_leaves': 22, 'learning_rate': 0.01699897838270077, 'subsample': 0.5290418060840998, 'colsample_bytree': 0.9330880728874675, 'min_child_samples': 68, 'reg_alpha': 0.023585940584142682, 'reg_lambda': 1.5320059381854043e-08}. Best is trial 0 with value: 0.026717299043209068.
[I 2026-06-01 15:44:24,011] Trial 1 finished with value: -2.0799628475150227 and parameters: {'confidence_threshold': 0.839468448256698, 'training_days': 420, 'n_estimators': 145, 'max_depth': 3, 'num_leaves': 23, 'learning_rate': 0.028145092716060652, 'subsample': 0.762378215816119, 'colsample_bytree': 0.7159725093210578, 'min_child_samples': 43, 'reg_alpha': 0.0032112643094417484, 'reg_lambda': 1.8007140198129195e-07}. Best is trial 0 with value: 0.026717299043209068.
[I 2026-06-01 15:44:24,150] Trial 2 finished with value: -0.02220693251414806 and parameters: {'confidence_threshold': 0.6022506269873263, 'training_days': 190, 'n_estimators': 255, 'max_depth': 5, 'num_leaves': 24, 'learning_rate': 0.05748924681991978, 'subsample': 0.7962072844310213, 'colsample_bytree': 0.5232252063599989, 'min_child_samples': 69, 'reg_alpha': 3.425445902633376e-07, 'reg_lambda': 3.850031979199519e-08}. Best is trial 0 with value: 0.026717299043209068.
[I 2026-06-01 15:44:24,407] Trial 3 finished with value: 0.012176272834533607 and parameters: {'confidence_threshold': 0.8321099380386666, 'training_days': 490, 'n_estimators': 414, 'max_depth': 3, 'num_leaves': 19, 'learning_rate': 0.1024932221692416, 'subsample': 0.7200762468698007, 'colsample_bytree': 0.5610191174223894, 'min_child_samples': 60, 'reg_alpha': 2.039373116525212e-08, 'reg_lambda': 1.527156759251193}. Best is trial 0 with value: 0.026717299043209068.
[I 2026-06-01 15:44:24,554] Trial 4 finished with value: -0.012596048753499461 and parameters: {'confidence_threshold': 0.5905729935600059, 'training_days': 340, 'n_estimators': 190, 'max_depth': 4, 'num_leaves': 41, 'learning_rate': 0.01875220945578641, 'subsample': 0.9847923138822793, 'colsample_bytree': 0.8875664116805573, 'min_child_samples': 96, 'reg_alpha': 1.1309571585271483, 'reg_lambda': 0.002404915432737351}. Best is trial 0 with value: 0.026717299043209068.
