[I 2026-06-01 15:43:25,542] Trial 5 finished with value: 0.15018380551193422 and parameters: {'confidence_threshold': 0.8226559822580909, 'training_days': 50, 'n_estimators': 138, 'max_depth': 3, 'num_leaves': 30, 'learning_rate': 0.03750796359625606, 'subsample': 0.6356745158869479, 'colsample_bytree': 0.9143687545759647, 'min_child_samples': 48, 'reg_alpha': 3.376063348877853e-06, 'reg_lambda': 0.0007660634613082914}. Best is trial 5 with value: 0.15018380551193422.
[I 2026-06-01 15:43:25,665] Trial 6 finished with value: 0.03927387610894769 and parameters: {'confidence_threshold': 0.5493234787411669, 'training_days': 410, 'n_estimators': 83, 'max_depth': 5, 'num_leaves': 52, 'learning_rate': 0.019657448966046126, 'subsample': 0.5027610585618012, 'colsample_bytree': 0.9077307142274171, 'min_child_samples': 77, 'reg_alpha': 0.03639690979811287, 'reg_lambda': 0.08738424135626986}. Best is trial 5 with value: 0.15018380551193422.
[I 2026-06-01 15:43:25,746] Trial 7 finished with value: -0.04812645880113394 and parameters: {'confidence_threshold': 0.5259156281069316, 'training_days': 180, 'n_estimators': 102, 'max_depth': 5, 'num_leaves': 45, 'learning_rate': 0.030816017044468066, 'subsample': 0.5317791751430119, 'colsample_bytree': 0.6554911608578311, 'min_child_samples': 46, 'reg_alpha': 0.036851536911881845, 'reg_lambda': 0.005470376807480391}. Best is trial 5 with value: 0.15018380551193422.

    [trial 7] Sharpe=0.0022 (folds: 0.0878, 0.0732, 0.0274, -0.1972, 0.0198)
    [trial 8] 48 features, training_days=450 | threshold=0.720 | labels: 1281 long, 890 short (59/41%)
    [trial 8] Sharpe=0.0306 (folds: 0.0752, 0.1281, -0.0446, -0.1359, 0.1303)
    [trial 9] 48 features, training_days=20 | threshold=0.727 | labels: 1281 long, 890 short (59/41%)
    [trial 9] Sharpe=-8.0145 (folds: -10.0000, -10.0000, -10.0000, -0.0726, -10.0000)
    [trial 10] 48 features, training_days=400 | threshold=0.828 | labels: 1281 long, 890 short (59/41%)
    [trial 10] Sharpe=0.0707 (folds: 0.1289, 0.0830, -0.1227, -0.0651, 0.3292)
    [trial 11] 48 features, training_days=400 | threshold=0.843 | labels: 1281 long, 890 short (59/41%)
    [trial 11] Sharpe=0.1132 (folds: 0.4002, 0.0869, -0.2785, -0.1443, 0.5015)
    [trial 12] 48 features, training_days=380 | threshold=0.844 | labels: 1281 long, 890 short (59/41%)
    [trial 12] Sharpe=0.1332 (folds: 0.2330, -0.0097, -0.0875, -0.0268, 0.5572)
    [trial 13] 48 features, training_days=340 | threshold=0.849 | labels: 1281 long, 890 short (59/41%)
    [trial 13] Sharpe=-2.0230 (folds: 0.2294, -0.0179, -0.2350, -0.0915, -10.0000)
    [trial 14] 48 features, training_days=360 | threshold=0.792 | labels: 1281 long, 890 short (59/41%)
    [trial 14] Sharpe=0.0721 (folds: 0.1530, 0.0558, -0.0054, -0.0646, 0.2220)
    [trial 15] 48 features, training_days=220 | threshold=0.783 | labels: 1281 long, 890 short (59/41%)
    [trial 15] Sharpe=0.0498 (folds: 0.1062, 0.3454, -0.0749, -0.2016, 0.0738)
    [trial 16] 48 features, training_days=500 | threshold=0.781 | labels: 1281 long, 890 short (59/41%)
    [trial 16] Sharpe=-0.0447 (folds: 0.0241, -0.0058, -0.2074, -0.3001, 0.2658)
    [trial 17] 48 features, training_days=360 | threshold=0.508 | labels: 1281 long, 890 short (59/41%)
    [trial 17] Sharpe=-0.0038 (folds: 0.0501, 0.0517, 0.0118, 0.0119, -0.1447)
  Optuna: 18 trials, best Sharpe = 0.1332
  Best params: n_estimators=490, max_depth=4, lr=0.0102, leaves=63
  Best confidence_threshold: 0.844
  Best training_days: 380
  Retrained on full data (1140 samples, 48 features)
  OOD: 16 features, cutoff (q=0.7) = 13.96
  Model trained for 2022-02: 84 test candles with features, confidence_threshold=0.794
[trade:close] 2022-02-01 08:00 ETHUSDT LONG → timeout @ 2735.34 | PnL=+14.81% (net +14.71%) | cum=-3.98% 2022-02=+14.71% 2022-02-01=+14.71%
[predict] 2022-02-17 00:00 ETHUSDT → SHORT (proba=0.81 TP=12.5%/SL=6.3%)
[trade:open] 2022-02-17 07:59 ETHUSDT SHORT @ 3107.43 | SL=3301.93 TP=2718.43 | timeout=2022-02-24 07:59
[trade:close] 2022-02-19 15:59 ETHUSDT SHORT → take_profit @ 2718.43 | PnL=+12.52% (net +12.42%) | cum=+8.44% 2022-02=+27.13% 2022-02-19=+12.42%
[predict] 2022-02-26 16:00 ETHUSDT → SHORT (proba=0.80 TP=17.6%/SL=8.8%)
[trade:open] 2022-02-26 23:59 ETHUSDT SHORT @ 2778.15 | SL=3022.65 TP=2289.16 | timeout=2022-03-05 23:59
[lgbm] === Training for 2022-03 ===
  Train window: 2020-03-01 → 2022-02-21
  2168 training samples from 1 symbols
  Samples per month: 2020-03: 93, 2020-04: 90, 2020-05: 93, 2020-06: 90, 2020-07: 93, 2020-08: 93, 2020-09: 90, 2020-10: 93, 2020-11: 90, 2020-12: 93, 2021-01: 93, 2021-02: 84, 2021-03: 93, 2021-04: 90, 2021-05: 93, 2021-06: 90, 2021-07: 93, 2021-08: 93, 2021-09: 90, 2021-10: 93, 2021-11: 90, 2021-12: 93, 2022-01: 93, 2022-02: 62
  [label] 2020-05-01 16:00 ETHUSDT entry=212.2200 → SHORT | long=sl(-6.91%) short=timeout(+0.25%) | scanned=22 | no_tp→fwd_return=-0.3534
  [label] 2020-05-03 16:00 ETHUSDT entry=209.9500 → SHORT | long=sl(-6.14%) short=tp(+11.98%) | scanned=19 | short_tp_only
  [label] 2020-05-07 16:00 ETHUSDT entry=212.2500 → SHORT | long=sl(-6.79%) short=tp(+13.29%) | scanned=7 | short_tp_only
  [label] 2020-06-01 08:00 ETHUSDT entry=238.1600 → SHORT | long=sl(-5.87%) short=sl(-5.87%) | scanned=3 | no_tp→fwd_return=-1.9189
  [label] 2020-07-23 16:00 ETHUSDT entry=275.5600 → LONG | long=tp(+8.61%) short=sl(-4.45%) | scanned=6 | long_tp_only
  [label] 2021-01-05 16:00 ETHUSDT entry=1101.2900 → SHORT | long=sl(-13.27%) short=sl(-13.27%) | scanned=17 | no_tp→fwd_return=-11.2359
  [label] 2021-01-09 16:00 ETHUSDT entry=1279.9600 → SHORT | long=sl(-13.01%) short=tp(+25.73%) | scanned=6 | short_tp_only
  [label] 2021-01-20 08:00 ETHUSDT entry=1275.7600 → LONG | long=sl(-13.12%) short=sl(-13.12%) | scanned=14 | no_tp→fwd_return=+11.7600
  [label] 2021-03-06 08:00 ETHUSDT entry=1544.5600 → LONG | long=tp(+20.87%) short=sl(-10.58%) | scanned=10 | long_tp_only
  [label] 2021-03-14 16:00 ETHUSDT entry=1850.5400 → SHORT | long=sl(-7.29%) short=timeout(+3.46%) | scanned=22 | no_tp→fwd_return=-3.5595
  [label] 2021-06-13 00:00 ETHUSDT entry=2323.5300 → SHORT | long=timeout(-5.28%) short=sl(-9.36%) | scanned=22 | no_tp→fwd_return=-5.1775
  [label] 2021-07-15 00:00 ETHUSDT entry=1953.6700 → LONG | long=sl(-7.78%) short=timeout(-1.97%) | scanned=22 | no_tp→fwd_return=+1.8713
  [label] 2021-07-31 00:00 ETHUSDT entry=2441.7600 → LONG | long=tp(+13.14%) short=sl(-6.72%) | scanned=14 | long_tp_only
  [label] 2021-08-12 16:00 ETHUSDT entry=3046.7400 → LONG | long=timeout(+4.50%) short=sl(-7.82%) | scanned=22 | no_tp→fwd_return=+4.5970
  [label] 2021-08-31 08:00 ETHUSDT entry=3391.0500 → LONG | long=tp(+11.00%) short=sl(-5.65%) | scanned=4 | long_tp_only
  [label] 2021-09-06 16:00 ETHUSDT entry=3929.0000 → SHORT | long=sl(-4.69%) short=tp(+9.08%) | scanned=2 | short_tp_only
  [label] 2021-09-19 00:00 ETHUSDT entry=3440.1300 → SHORT | long=sl(-6.62%) short=tp(+12.94%) | scanned=4 | short_tp_only
  [label] 2021-10-28 08:00 ETHUSDT entry=4154.0800 → LONG | long=tp(+12.45%) short=sl(-6.38%) | scanned=19 | long_tp_only
  [label] 2021-11-07 08:00 ETHUSDT entry=4607.7200 → SHORT | long=timeout(-0.60%) short=sl(-4.62%) | scanned=22 | no_tp→fwd_return=-0.4950
  [label] 2022-02-01 08:00 ETHUSDT entry=2767.2700 → LONG | long=tp(+14.72%) short=sl(-7.51%) | scanned=19 | long_tp_only
  Labels: 1269 long (58.5%), 899 short (41.5%) | weights: min=1.00, mean=2.34, max=10.00
  Features: 2168/2168 matched, 48 columns
  CV gap: 22 rows
  [ensemble 1/3] seed=42
    [trial 0] 48 features, training_days=480 | threshold=0.631 | labels: 1269 long, 899 short (59/41%)
    [CV fold 0] train_end=2020-06-22 08:00 | val_start=2020-06-30 00:00 | gap=184h (22 rows)
    [CV fold 1] train_end=2020-10-20 16:00 | val_start=2020-10-28 08:00 | gap=184h (22 rows)
    [CV fold 2] train_end=2021-02-18 00:00 | val_start=2021-02-25 16:00 | gap=184h (22 rows)
    [CV fold 3] train_end=2021-06-18 08:00 | val_start=2021-06-26 00:00 | gap=184h (22 rows)
    [CV fold 4] train_end=2021-10-16 16:00 | val_start=2021-10-24 08:00 | gap=184h (22 rows)
    [trial 0] Sharpe=0.0118 (folds: -0.1555, 0.0411, -0.0245, 0.0490, 0.1490)
    [trial 1] 48 features, training_days=420 | threshold=0.839 | labels: 1269 long, 899 short (59/41%)
    [trial 1] Sharpe=-4.0277 (folds: -0.4620, 0.3063, 0.0172, -10.0000, -10.0000)
    [trial 2] 48 features, training_days=190 | threshold=0.602 | labels: 1269 long, 899 short (59/41%)
    [trial 2] Sharpe=0.0140 (folds: -0.0758, 0.0297, 0.0741, -0.0075, 0.0496)
    [trial 3] 48 features, training_days=490 | threshold=0.832 | labels: 1269 long, 899 short (59/41%)
    [trial 3] Sharpe=-0.0120 (folds: -0.0889, -0.0278, -0.0376, -0.0580, 0.1524)
    [trial 4] 48 features, training_days=340 | threshold=0.591 | labels: 1269 long, 899 short (59/41%)
    [trial 4] Sharpe=0.1062 (folds: 0.0489, 0.0712, 0.1308, 0.1707, 0.1094)
    [trial 5] 48 features, training_days=50 | threshold=0.823 | labels: 1269 long, 899 short (59/41%)
    [trial 5] Sharpe=0.1502 (folds: -0.0433, 0.1602, 0.2071, -0.2450, 0.6719)
    [trial 6] 48 features, training_days=410 | threshold=0.549 | labels: 1269 long, 899 short (59/41%)
    [trial 6] Sharpe=0.0393 (folds: -0.3364, 0.0910, 0.0811, 0.2417, 0.1189)
    [trial 7] 48 features, training_days=180 | threshold=0.526 | labels: 1269 long, 899 short (59/41%)
    [trial 7] Sharpe=-0.0481 (folds: -0.1421, -0.1879, 0.0897, -0.0227, 0.0223)
    [trial 8] 48 features, training_days=240 | threshold=0.811 | labels: 1269 long, 899 short (59/41%)[I 2026-06-01 15:43:25,835] Trial 8 finished with value: 0.045283497419865114 and parameters: {'confidence_threshold': 0.8105244599017143, 'training_days': 240, 'n_estimators': 103, 'max_depth': 5, 'num_leaves': 52, 'learning_rate': 0.06746437142284309, 'subsample': 0.8854835899772805, 'colsample_bytree': 0.7468977981821954, 'min_child_samples': 62, 'reg_alpha': 7.04480806377519e-05, 'reg_lambda': 1.6934490731313353e-08}. Best is trial 5 with value: 0.15018380551193422.
[I 2026-06-01 15:43:25,856] Trial 9 finished with value: 0.00700663005779747 and parameters: {'confidence_threshold': 0.5377619994476566, 'training_days': 20, 'n_estimators': 337, 'max_depth': 3, 'num_leaves': 39, 'learning_rate': 0.21907142272152816, 'subsample': 0.6246461145744375, 'colsample_bytree': 0.7051914615178149, 'min_child_samples': 81, 'reg_alpha': 1.1459970229341322e-06, 'reg_lambda': 4.929685216887945e-08}. Best is trial 5 with value: 0.15018380551193422.
[I 2026-06-01 15:43:25,888] Trial 10 finished with value: -0.13158142387764832 and parameters: {'confidence_threshold': 0.7318981109748116, 'training_days': 10, 'n_estimators': 487, 'max_depth': 4, 'num_leaves': 31, 'learning_rate': 0.14704103471568217, 'subsample': 0.628963476300746, 'colsample_bytree': 0.987470107623585, 'min_child_samples': 25, 'reg_alpha': 2.608784411827665e-05, 'reg_lambda': 3.3639426888455256e-06}. Best is trial 5 with value: 0.15018380551193422.
[I 2026-06-01 15:43:26,040] Trial 11 finished with value: 0.32626998010418695 and parameters: {'confidence_threshold': 0.716511937042965, 'training_days': 320, 'n_estimators': 227, 'max_depth': 4, 'num_leaves': 36, 'learning_rate': 0.010391584450418287, 'subsample': 0.962497596528612, 'colsample_bytree': 0.8291852193868787, 'min_child_samples': 96, 'reg_alpha': 5.370415467243256, 'reg_lambda': 0.00010207276241911574}. Best is trial 11 with value: 0.32626998010418695.
[I 2026-06-01 15:43:26,117] Trial 12 finished with value: -1.976696598591015 and parameters: {'confidence_threshold': 0.7305167247084359, 'training_days': 140, 'n_estimators': 206, 'max_depth': 4, 'num_leaves': 33, 'learning_rate': 0.010513342586876445, 'subsample': 0.9914348519969279, 'colsample_bytree': 0.8304278626461432, 'min_child_samples': 100, 'reg_alpha': 5.770700012836293, 'reg_lambda': 3.07772942080121e-05}. Best is trial 11 with value: 0.32626998010418695.
[I 2026-06-01 15:43:26,296] Trial 13 finished with value: 0.22466506066204053 and parameters: {'confidence_threshold': 0.7603040661265232, 'training_days': 330, 'n_estimators': 272, 'max_depth': 3, 'num_leaves': 62, 'learning_rate': 0.010730551809822025, 'subsample': 0.8690491710631163, 'colsample_bytree': 0.8155421717694826, 'min_child_samples': 46, 'reg_alpha': 4.9164566205838954e-06, 'reg_lambda': 0.0001795874977115642}. Best is trial 11 with value: 0.32626998010418695.
[I 2026-06-01 15:43:26,490] Trial 14 finished with value: 0.06745813192140096 and parameters: {'confidence_threshold': 0.715452241363623, 'training_days': 320, 'n_estimators': 281, 'max_depth': 3, 'num_leaves': 60, 'learning_rate': 0.010530307413778599, 'subsample': 0.8867325062953482, 'colsample_bytree': 0.8195967935745504, 'min_child_samples': 31, 'reg_alpha': 0.0015072354587335013, 'reg_lambda': 3.339694206692984e-05}. Best is trial 11 with value: 0.32626998010418695.
[I 2026-06-01 15:43:26,677] Trial 15 finished with value: 0.2502334545991808 and parameters: {'confidence_threshold': 0.7718903109977623, 'training_days': 300, 'n_estimators': 285, 'max_depth': 4, 'num_leaves': 61, 'learning_rate': 0.010029985596549983, 'subsample': 0.9001618839560628, 'colsample_bytree': 0.8100744538922787, 'min_child_samples': 84, 'reg_alpha': 1.2100098262675792e-08, 'reg_lambda': 7.482879404932238e-05}. Best is trial 11 with value: 0.32626998010418695.
[I 2026-06-01 15:43:26,877] Trial 16 finished with value: 0.05172081673239559 and parameters: {'confidence_threshold': 0.6738783798269612, 'training_days': 270, 'n_estimators': 339, 'max_depth': 4, 'num_leaves': 51, 'learning_rate': 0.01599772541514519, 'subsample': 0.9371158895275773, 'colsample_bytree': 0.632035183231185, 'min_child_samples': 89, 'reg_alpha': 1.0697335119458563e-08, 'reg_lambda': 1.5949783981171654e-06}. Best is trial 11 with value: 0.32626998010418695.
[I 2026-06-01 15:43:27,054] Trial 17 finished with value: 0.11160750790205712 and parameters: {'confidence_threshold': 0.7802063891035628, 'training_days': 400, 'n_estimators': 228, 'max_depth': 4, 'num_leaves': 38, 'learning_rate': 0.04302553031342478, 'subsample': 0.8254841751837122, 'colsample_bytree': 0.7861983638172064, 'min_child_samples': 87, 'reg_alpha': 0.4999549448676902, 'reg_lambda': 0.045584450192866305}. Best is trial 11 with value: 0.32626998010418695.
[I 2026-06-01 15:43:27,138] A new study created in memory with name: no-name-95cd45d5-be46-4ec8-ac35-07133db918a4
[I 2026-06-01 15:43:27,217] Trial 0 finished with value: 0.033668532102956325 and parameters: {'confidence_threshold': 0.7437642149592516, 'training_days': 150, 'n_estimators': 152, 'max_depth': 4, 'num_leaves': 50, 'learning_rate': 0.04216766425047743, 'subsample': 0.9903820991923078, 'colsample_bytree': 0.8424148692924316, 'min_child_samples': 58, 'reg_alpha': 3.381097259762742e-05, 'reg_lambda': 1.2263152961306247e-05}. Best is trial 0 with value: 0.033668532102956325.
[I 2026-06-01 15:43:27,277] Trial 1 finished with value: -3.693900314087216 and parameters: {'confidence_threshold': 0.7551673975844145, 'training_days': 220, 'n_estimators': 76, 'max_depth': 4, 'num_leaves': 51, 'learning_rate': 0.018602118810743477, 'subsample': 0.5877258780737462, 'colsample_bytree': 0.7657756869209191, 'min_child_samples': 63, 'reg_alpha': 0.005123994170264194, 'reg_lambda': 0.44145470178120466}. Best is trial 0 with value: 0.033668532102956325.
[I 2026-06-01 15:43:27,509] Trial 2 finished with value: 0.023681794892931148 and parameters: {'confidence_threshold': 0.7535593637012223, 'training_days': 310, 'n_estimators': 375, 'max_depth': 3, 'num_leaves': 32, 'learning_rate': 0.021735641882032388, 'subsample': 0.6468570231944146, 'colsample_bytree': 0.8154880619272439, 'min_child_samples': 27, 'reg_alpha': 8.004064028491336e-05, 'reg_lambda': 7.546835261630524e-05}. Best is trial 0 with value: 0.033668532102956325.
[I 2026-06-01 15:43:27,660] Trial 3 finished with value: 0.04703619482925381 and parameters: {'confidence_threshold': 0.6727897841776072, 'training_days': 220, 'n_estimators': 190, 'max_depth': 4, 'num_leaves': 58, 'learning_rate': 0.24810689332636193, 'subsample': 0.7509183379421682, 'colsample_bytree': 0.8119764758960556, 'min_child_samples': 29, 'reg_alpha': 7.1708285081421445e-06, 'reg_lambda': 5.412973582738627e-05}. Best is trial 3 with value: 0.04703619482925381.
[I 2026-06-01 15:43:27,771] Trial 4 finished with value: 0.024699481921542046 and parameters: {'confidence_threshold': 0.803208205259178, 'training_days': 130, 'n_estimators': 267, 'max_depth': 5, 'num_leaves': 40, 'learning_rate': 0.08041175317374143, 'subsample': 0.5603143329951619, 'colsample_bytree': 0.9131704002534167, 'min_child_samples': 68, 'reg_alpha': 0.0008046593428183385, 'reg_lambda': 1.2158346158765583e-05}. Best is trial 3 with value: 0.04703619482925381.
[I 2026-06-01 15:43:27,983] Trial 5 finished with value: 0.0368266902816703 and parameters: {'confidence_threshold': 0.6064422761595144, 'training_days': 210, 'n_estimators': 357, 'max_depth': 5, 'num_leaves': 40, 'learning_rate': 0.0974221287220869, 'subsample': 0.7929682762811064, 'colsample_bytree': 0.8124517510478, 'min_child_samples': 74, 'reg_alpha': 0.3811377260781234, 'reg_lambda': 5.607314238392041e-08}. Best is trial 3 with value: 0.04703619482925381.
[I 2026-06-01 15:43:28,083] Trial 6 finished with value: -0.04250729573654808 and parameters: {'confidence_threshold': 0.7672889945051684, 'training_days': 130, 'n_estimators': 137, 'max_depth': 4, 'num_leaves': 19, 'learning_rate': 0.2031117614248665, 'subsample': 0.8136244860256343, 'colsample_bytree': 0.8617081790949774, 'min_child_samples': 21, 'reg_alpha': 0.002238138278733199, 'reg_lambda': 0.001025809534977322}. Best is trial 3 with value: 0.04703619482925381.
[I 2026-06-01 15:43:28,151] Trial 7 finished with value: 0.024346182754287474 and parameters: {'confidence_threshold': 0.555635875450653, 'training_days': 80, 'n_estimators': 363, 'max_depth': 3, 'num_leaves': 48, 'learning_rate': 0.06590089024008658, 'subsample': 0.6944752870615722, 'colsample_bytree': 0.962566244806993, 'min_child_samples': 88, 'reg_alpha': 1.6465620446426067e-05, 'reg_lambda': 2.4678750890085655e-08}. Best is trial 3 with value: 0.04703619482925381.
[I 2026-06-01 15:43:28,451] Trial 8 finished with value: 0.007629563795645755 and parameters: {'confidence_threshold': 0.6066688256938841, 'training_days': 200, 'n_estimators': 367, 'max_depth': 5, 'num_leaves': 32, 'learning_rate': 0.13377519215934996, 'subsample': 0.7965884582811106, 'colsample_bytree': 0.8458508993500886, 'min_child_samples': 32, 'reg_alpha': 3.889436043816386e-05, 'reg_lambda': 1.4713062489380356e-06}. Best is trial 3 with value: 0.04703619482925381.
[I 2026-06-01 15:43:28,640] Trial 9 finished with value: 0.00805576121786805 and parameters: {'confidence_threshold': 0.6202096049169137, 'training_days': 260, 'n_estimators': 350, 'max_depth': 3, 'num_leaves': 21, 'learning_rate': 0.02989540198065364, 'subsample': 0.8307821683331218, 'colsample_bytree': 0.923253112635361, 'min_child_samples': 64, 'reg_alpha': 0.4898604619604203, 'reg_lambda': 2.9076377687066166e-05}. Best is trial 3 with value: 0.04703619482925381.
[I 2026-06-01 15:43:29,009] Trial 10 finished with value: 0.03952930154409254 and parameters: {'confidence_threshold': 0.6756170272727778, 'training_days': 470, 'n_estimators': 493, 'max_depth': 4, 'num_leaves': 63, 'learning_rate': 0.010221918552934462, 'subsample': 0.9383547926937981, 'colsample_bytree': 0.6202684210924141, 'min_child_samples': 44, 'reg_alpha': 2.371385268938747e-08, 'reg_lambda': 0.015315426420116851}. Best is trial 3 with value: 0.04703619482925381.
[I 2026-06-01 15:43:29,395] Trial 11 finished with value: 0.043050016651740484 and parameters: {'confidence_threshold': 0.6802313732157268, 'training_days': 480, 'n_estimators': 493, 'max_depth': 4, 'num_leaves': 63, 'learning_rate': 0.010535067237031162, 'subsample': 0.9470441632819105, 'colsample_bytree': 0.625107197757402, 'min_child_samples': 42, 'reg_alpha': 1.3380676125466047e-08, 'reg_lambda': 0.01124898826285167}. Best is trial 3 with value: 0.04703619482925381.
[I 2026-06-01 15:43:29,605] Trial 12 finished with value: 0.019046667074205832 and parameters: {'confidence_threshold': 0.677546802093445, 'training_days': 400, 'n_estimators': 233, 'max_depth': 4, 'num_leaves': 63, 'learning_rate': 0.268047120550583, 'subsample': 0.8941395335595879, 'colsample_bytree': 0.6669454130036883, 'min_child_samples': 41, 'reg_alpha': 1.4470611510059068e-08, 'reg_lambda': 0.012323430669445945}. Best is trial 3 with value: 0.04703619482925381.
[I 2026-06-01 15:43:29,639] Trial 13 finished with value: -0.13158142387764832 and parameters: {'confidence_threshold': 0.5124380994302374, 'training_days': 10, 'n_estimators': 475, 'max_depth': 4, 'num_leaves': 57, 'learning_rate': 0.013926822514277626, 'subsample': 0.5024707401359401, 'colsample_bytree': 0.5443982906148261, 'min_child_samples': 45, 'reg_alpha': 7.431399257578007e-07, 'reg_lambda': 2.2145578894108704}. Best is trial 3 with value: 0.04703619482925381.
[I 2026-06-01 15:43:29,818] Trial 14 finished with value: 0.03619141793087065 and parameters: {'confidence_threshold': 0.6968624890517784, 'training_days': 350, 'n_estimators': 189, 'max_depth': 4, 'num_leaves': 56, 'learning_rate': 0.04099647310645433, 'subsample': 0.9001876740362313, 'colsample_bytree': 0.6805099644840649, 'min_child_samples': 35, 'reg_alpha': 4.980323121987024e-07, 'reg_lambda': 0.002238160234885918}. Best is trial 3 with value: 0.04703619482925381.
[I 2026-06-01 15:43:30,171] Trial 15 finished with value: 0.019261829166035832 and parameters: {'confidence_threshold': 0.6432576260822763, 'training_days': 500, 'n_estimators': 436, 'max_depth': 5, 'num_leaves': 57, 'learning_rate': 0.1446196958963375, 'subsample': 0.7147109422911093, 'colsample_bytree': 0.5093920150666754, 'min_child_samples': 52, 'reg_alpha': 6.843147007057074e-07, 'reg_lambda': 0.10951416323084982}. Best is trial 3 with value: 0.04703619482925381.
