[I 2026-06-01 15:45:33,743] Trial 17 finished with value: -0.1106683612554257 and parameters: {'confidence_threshold': 0.5009203290091976, 'training_days': 330, 'n_estimators': 56, 'max_depth': 3, 'num_leaves': 63, 'learning_rate': 0.020004054216929315, 'subsample': 0.8002407697944357, 'colsample_bytree': 0.8232001677022162, 'min_child_samples': 54, 'reg_alpha': 1.5659963708909413e-08, 'reg_lambda': 0.0006287745007450278}. Best is trial 3 with value: 0.012527895841740666.

    [trial 1] Sharpe=-0.0847 (folds: -0.2387, 0.0178, 0.0069, 0.0938, -0.3033)
    [trial 2] 48 features, training_days=10 | threshold=0.585 | labels: 1119 long, 1049 short (52/48%)
    [trial 2] Sharpe=-1.9916 (folds: -10.0000, -0.1807, 0.2275, -0.0226, 0.0180)
    [trial 3] 48 features, training_days=220 | threshold=0.687 | labels: 1119 long, 1049 short (52/48%)
    [trial 3] Sharpe=0.0125 (folds: -0.1223, 0.0991, 0.0729, 0.2042, -0.1913)
    [trial 4] 48 features, training_days=300 | threshold=0.562 | labels: 1119 long, 1049 short (52/48%)
    [trial 4] Sharpe=-0.0693 (folds: -0.1506, -0.0617, -0.0431, 0.0509, -0.1419)
    [trial 5] 48 features, training_days=490 | threshold=0.711 | labels: 1119 long, 1049 short (52/48%)
    [trial 5] Sharpe=-0.0879 (folds: -0.2578, 0.0227, -0.0698, 0.1208, -0.2555)
    [trial 6] 48 features, training_days=420 | threshold=0.667 | labels: 1119 long, 1049 short (52/48%)
    [trial 6] Sharpe=-0.0945 (folds: -0.2132, 0.0382, -0.1499, 0.0908, -0.2385)
    [trial 7] 48 features, training_days=120 | threshold=0.550 | labels: 1119 long, 1049 short (52/48%)
    [trial 7] Sharpe=-0.0637 (folds: -0.0779, -0.0382, 0.1572, -0.0619, -0.2979)
    [trial 8] 48 features, training_days=450 | threshold=0.720 | labels: 1119 long, 1049 short (52/48%)
    [trial 8] Sharpe=-0.0317 (folds: -0.1705, 0.1310, -0.1890, 0.2560, -0.1861)
    [trial 9] 48 features, training_days=20 | threshold=0.727 | labels: 1119 long, 1049 short (52/48%)
    [trial 9] Sharpe=-0.0982 (folds: -0.3657, -0.1807, 0.2275, -0.0241, -0.1480)
    [trial 10] 48 features, training_days=200 | threshold=0.828 | labels: 1119 long, 1049 short (52/48%)
    [trial 10] Sharpe=-10.0000 (folds: -10.0000, -10.0000, -10.0000, -10.0000, -10.0000)
    [trial 11] 48 features, training_days=380 | threshold=0.777 | labels: 1119 long, 1049 short (52/48%)
    [trial 11] Sharpe=-0.0579 (folds: -0.1493, 0.1493, -0.1892, 0.0796, -0.1799)
    [trial 12] 48 features, training_days=200 | threshold=0.745 | labels: 1119 long, 1049 short (52/48%)
    [trial 12] Sharpe=-0.0334 (folds: -0.1621, 0.1914, 0.1093, 0.1007, -0.4065)
    [trial 13] 48 features, training_days=370 | threshold=0.674 | labels: 1119 long, 1049 short (52/48%)
    [trial 13] Sharpe=-0.0768 (folds: -0.1690, 0.0661, -0.1456, 0.1266, -0.2622)
    [trial 14] 48 features, training_days=210 | threshold=0.806 | labels: 1119 long, 1049 short (52/48%)
    [trial 14] Sharpe=-7.9473 (folds: -10.0000, -10.0000, 0.2637, -10.0000, -10.0000)
    [trial 15] 48 features, training_days=500 | threshold=0.654 | labels: 1119 long, 1049 short (52/48%)
    [trial 15] Sharpe=-0.0450 (folds: -0.1008, 0.0317, -0.1450, 0.1839, -0.1946)
    [trial 16] 48 features, training_days=320 | threshold=0.625 | labels: 1119 long, 1049 short (52/48%)
    [trial 16] Sharpe=-0.0094 (folds: -0.1999, 0.1151, 0.1294, 0.1400, -0.2314)
    [trial 17] 48 features, training_days=330 | threshold=0.501 | labels: 1119 long, 1049 short (52/48%)
    [trial 17] Sharpe=-0.1107 (folds: -0.1688, -0.0411, -0.1204, -0.0243, -0.1987)
  Optuna: 18 trials, best Sharpe = 0.0125
  Best params: n_estimators=134, max_depth=3, lr=0.0335, leaves=45
  Best confidence_threshold: 0.687
  Best training_days: 220
  Retrained on full data (660 samples, 48 features)
  OOD: 16 features, cutoff (q=0.7) = 13.83
  Model trained for 2023-03: 93 test candles with features, confidence_threshold=0.711
[trade:close] 2023-03-03 07:59 ETHUSDT LONG → stop_loss @ 1542.24 | PnL=-3.89% (net -3.99%) | cum=+23.11% 2023-03=-3.99% 2023-03-03=-3.99%
[predict] 2023-03-04 00:00 ETHUSDT → LONG (proba=0.80 TP=8.6%/SL=4.3%)
[trade:open] 2023-03-04 07:59 ETHUSDT LONG @ 1568.00 | SL=1500.87 TP=1702.26 | timeout=2023-03-11 07:59
[trade:close] 2023-03-09 23:59 ETHUSDT LONG → stop_loss @ 1500.87 | PnL=-4.28% (net -4.38%) | cum=+18.72% 2023-03=-8.37% 2023-03-09=-4.38%
[predict] 2023-03-11 16:00 ETHUSDT → LONG (proba=0.71 TP=10.5%/SL=5.3%)
[trade:open] 2023-03-11 23:59 ETHUSDT LONG @ 1471.03 | SL=1393.50 TP=1626.09 | timeout=2023-03-18 23:59
[trade:close] 2023-03-13 15:59 ETHUSDT LONG → take_profit @ 1626.09 | PnL=+10.54% (net +10.44%) | cum=+29.16% 2023-03=+2.07% 2023-03-13=+10.44%
[predict] 2023-03-17 00:00 ETHUSDT → SHORT (proba=0.90 TP=11.8%/SL=5.9%)
[trade:open] 2023-03-17 07:59 ETHUSDT SHORT @ 1715.29 | SL=1816.21 TP=1513.45 | timeout=2023-03-24 07:59
[trade:close] 2023-03-18 07:59 ETHUSDT SHORT → stop_loss @ 1816.21 | PnL=-5.88% (net -5.98%) | cum=+23.18% 2023-03=-3.92% 2023-03-18=-5.98%
[predict] 2023-03-21 00:00 ETHUSDT → LONG (proba=0.79 TP=11.4%/SL=5.7%)
[trade:open] 2023-03-21 07:59 ETHUSDT LONG @ 1729.11 | SL=1630.93 TP=1925.47 | timeout=2023-03-28 07:59
[trade:close] 2023-03-28 08:00 ETHUSDT LONG → timeout @ 1723.47 | PnL=-0.33% (net -0.43%) | cum=+22.76% 2023-03=-4.34% 2023-03-28=-0.43%
[predict] 2023-03-29 08:00 ETHUSDT → SHORT (proba=0.82 TP=9.4%/SL=4.7%)
[trade:open] 2023-03-29 15:59 ETHUSDT SHORT @ 1807.08 | SL=1891.99 TP=1637.27 | timeout=2023-04-05 15:59
[lgbm] === Training for 2023-04 ===
  Train window: 2021-04-01 → 2023-03-24
  2168 training samples from 1 symbols
  Samples per month: 2021-04: 90, 2021-05: 93, 2021-06: 90, 2021-07: 93, 2021-08: 93, 2021-09: 90, 2021-10: 93, 2021-11: 90, 2021-12: 93, 2022-01: 93, 2022-02: 84, 2022-03: 93, 2022-04: 90, 2022-05: 93, 2022-06: 90, 2022-07: 93, 2022-08: 93, 2022-09: 90, 2022-10: 93, 2022-11: 90, 2022-12: 93, 2023-01: 93, 2023-02: 84, 2023-03: 71
  [label] 2021-06-01 16:00 ETHUSDT entry=2634.6300 → SHORT | long=timeout(-4.98%) short=timeout(+4.78%) | scanned=22 | no_tp→fwd_return=-4.8751
  [label] 2021-06-03 16:00 ETHUSDT entry=2858.3400 → SHORT | long=sl(-10.50%) short=timeout(+13.45%) | scanned=22 | no_tp→fwd_return=-13.5474
  [label] 2021-06-07 16:00 ETHUSDT entry=2592.9600 → SHORT | long=sl(-9.97%) short=timeout(+0.41%) | scanned=22 | no_tp→fwd_return=-0.5068
  [label] 2021-07-02 08:00 ETHUSDT entry=2123.4600 → LONG | long=timeout(+2.18%) short=sl(-9.29%) | scanned=22 | no_tp→fwd_return=+2.2765
  [label] 2021-08-23 16:00 ETHUSDT entry=3323.0100 → SHORT | long=sl(-5.67%) short=timeout(+2.69%) | scanned=22 | no_tp→fwd_return=-2.7860
  [label] 2022-02-05 16:00 ETHUSDT entry=3011.5900 → SHORT | long=timeout(-3.24%) short=sl(-6.53%) | scanned=22 | no_tp→fwd_return=-3.1432
  [label] 2022-02-09 16:00 ETHUSDT entry=3241.8200 → SHORT | long=sl(-6.05%) short=tp(+11.80%) | scanned=8 | short_tp_only
  [label] 2022-02-20 08:00 ETHUSDT entry=2650.2400 → LONG | long=sl(-7.22%) short=sl(-7.22%) | scanned=17 | no_tp→fwd_return=+5.3414
  [label] 2022-04-06 08:00 ETHUSDT entry=3255.8400 → SHORT | long=sl(-5.38%) short=timeout(+4.93%) | scanned=22 | no_tp→fwd_return=-5.0264
  [label] 2022-04-14 16:00 ETHUSDT entry=3019.8200 → SHORT | long=timeout(-1.38%) short=sl(-4.87%) | scanned=22 | no_tp→fwd_return=-1.2752
  [label] 2022-07-14 00:00 ETHUSDT entry=1097.0600 → LONG | long=tp(+15.26%) short=sl(-7.78%) | scanned=5 | long_tp_only
  [label] 2022-08-15 00:00 ETHUSDT entry=1899.3800 → SHORT | long=sl(-6.37%) short=tp(+12.44%) | scanned=14 | short_tp_only
  [label] 2022-08-31 00:00 ETHUSDT entry=1584.2100 → SHORT | long=timeout(-4.36%) short=timeout(+4.16%) | scanned=22 | no_tp→fwd_return=-4.2621
  [label] 2022-09-12 16:00 ETHUSDT entry=1715.1400 → SHORT | long=sl(-5.99%) short=tp(+11.68%) | scanned=8 | short_tp_only
  [label] 2022-10-01 08:00 ETHUSDT entry=1322.0500 → LONG | long=timeout(+0.03%) short=timeout(-0.23%) | scanned=22 | no_tp→fwd_return=+0.1309
  [label] 2022-10-07 16:00 ETHUSDT entry=1330.4100 → SHORT | long=sl(-4.25%) short=tp(+8.21%) | scanned=17 | short_tp_only
  [label] 2022-10-20 00:00 ETHUSDT entry=1291.8300 → LONG | long=tp(+7.27%) short=sl(-3.78%) | scanned=16 | long_tp_only
  [label] 2022-11-28 08:00 ETHUSDT entry=1163.1000 → LONG | long=tp(+9.44%) short=sl(-4.87%) | scanned=5 | long_tp_only
  [label] 2022-12-08 08:00 ETHUSDT entry=1249.0800 → LONG | long=tp(+7.94%) short=sl(-4.12%) | scanned=15 | long_tp_only
  [label] 2023-03-04 08:00 ETHUSDT entry=1561.2100 → SHORT | long=sl(-4.12%) short=tp(+7.95%) | scanned=16 | short_tp_only
  Labels: 1093 long (50.4%), 1075 short (49.6%) | weights: min=1.00, mean=3.10, max=10.00[I 2026-06-01 15:45:34,203] A new study created in memory with name: no-name-e7bf2aba-2904-4a32-86dd-49126e770dfe
[I 2026-06-01 15:45:34,534] Trial 0 finished with value: -0.0034797442263491797 and parameters: {'confidence_threshold': 0.6310890415965769, 'training_days': 480, 'n_estimators': 380, 'max_depth': 4, 'num_leaves': 22, 'learning_rate': 0.01699897838270077, 'subsample': 0.5290418060840998, 'colsample_bytree': 0.9330880728874675, 'min_child_samples': 68, 'reg_alpha': 0.023585940584142682, 'reg_lambda': 1.5320059381854043e-08}. Best is trial 0 with value: -0.0034797442263491797.
[I 2026-06-01 15:45:34,662] Trial 1 finished with value: -2.022380655074193 and parameters: {'confidence_threshold': 0.839468448256698, 'training_days': 420, 'n_estimators': 145, 'max_depth': 3, 'num_leaves': 23, 'learning_rate': 0.028145092716060652, 'subsample': 0.762378215816119, 'colsample_bytree': 0.7159725093210578, 'min_child_samples': 43, 'reg_alpha': 0.0032112643094417484, 'reg_lambda': 1.8007140198129195e-07}. Best is trial 0 with value: -0.0034797442263491797.
[I 2026-06-01 15:45:34,795] Trial 2 finished with value: 0.025600965680014354 and parameters: {'confidence_threshold': 0.6022506269873263, 'training_days': 190, 'n_estimators': 255, 'max_depth': 5, 'num_leaves': 24, 'learning_rate': 0.05748924681991978, 'subsample': 0.7962072844310213, 'colsample_bytree': 0.5232252063599989, 'min_child_samples': 69, 'reg_alpha': 3.425445902633376e-07, 'reg_lambda': 3.850031979199519e-08}. Best is trial 2 with value: 0.025600965680014354.
[I 2026-06-01 15:45:35,054] Trial 3 finished with value: -0.0048721971668738125 and parameters: {'confidence_threshold': 0.8321099380386666, 'training_days': 490, 'n_estimators': 414, 'max_depth': 3, 'num_leaves': 19, 'learning_rate': 0.1024932221692416, 'subsample': 0.7200762468698007, 'colsample_bytree': 0.5610191174223894, 'min_child_samples': 60, 'reg_alpha': 2.039373116525212e-08, 'reg_lambda': 1.527156759251193}. Best is trial 2 with value: 0.025600965680014354.
[I 2026-06-01 15:45:35,197] Trial 4 finished with value: -0.013547950350845689 and parameters: {'confidence_threshold': 0.5905729935600059, 'training_days': 340, 'n_estimators': 190, 'max_depth': 4, 'num_leaves': 41, 'learning_rate': 0.01875220945578641, 'subsample': 0.9847923138822793, 'colsample_bytree': 0.8875664116805573, 'min_child_samples': 96, 'reg_alpha': 1.1309571585271483, 'reg_lambda': 0.002404915432737351}. Best is trial 2 with value: 0.025600965680014354.
[I 2026-06-01 15:45:35,233] Trial 5 finished with value: -0.01987537026884362 and parameters: {'confidence_threshold': 0.8226559822580909, 'training_days': 50, 'n_estimators': 138, 'max_depth': 3, 'num_leaves': 30, 'learning_rate': 0.03750796359625606, 'subsample': 0.6356745158869479, 'colsample_bytree': 0.9143687545759647, 'min_child_samples': 48, 'reg_alpha': 3.376063348877853e-06, 'reg_lambda': 0.0007660634613082914}. Best is trial 2 with value: 0.025600965680014354.
[I 2026-06-01 15:45:35,341] Trial 6 finished with value: -0.011477759245031333 and parameters: {'confidence_threshold': 0.5493234787411669, 'training_days': 410, 'n_estimators': 83, 'max_depth': 5, 'num_leaves': 52, 'learning_rate': 0.019657448966046126, 'subsample': 0.5027610585618012, 'colsample_bytree': 0.9077307142274171, 'min_child_samples': 77, 'reg_alpha': 0.03639690979811287, 'reg_lambda': 0.08738424135626986}. Best is trial 2 with value: 0.025600965680014354.
[I 2026-06-01 15:45:35,436] Trial 7 finished with value: -0.031728253060118415 and parameters: {'confidence_threshold': 0.5259156281069316, 'training_days': 180, 'n_estimators': 102, 'max_depth': 5, 'num_leaves': 45, 'learning_rate': 0.030816017044468066, 'subsample': 0.5317791751430119, 'colsample_bytree': 0.6554911608578311, 'min_child_samples': 46, 'reg_alpha': 0.036851536911881845, 'reg_lambda': 0.005470376807480391}. Best is trial 2 with value: 0.025600965680014354.
[I 2026-06-01 15:45:35,529] Trial 8 finished with value: 0.010133362909164195 and parameters: {'confidence_threshold': 0.8105244599017143, 'training_days': 240, 'n_estimators': 103, 'max_depth': 5, 'num_leaves': 52, 'learning_rate': 0.06746437142284309, 'subsample': 0.8854835899772805, 'colsample_bytree': 0.7468977981821954, 'min_child_samples': 62, 'reg_alpha': 7.04480806377519e-05, 'reg_lambda': 1.6934490731313353e-08}. Best is trial 2 with value: 0.025600965680014354.
[I 2026-06-01 15:45:35,554] Trial 9 finished with value: -0.08150682548234153 and parameters: {'confidence_threshold': 0.5377619994476566, 'training_days': 20, 'n_estimators': 337, 'max_depth': 3, 'num_leaves': 39, 'learning_rate': 0.21907142272152816, 'subsample': 0.6246461145744375, 'colsample_bytree': 0.7051914615178149, 'min_child_samples': 81, 'reg_alpha': 1.1459970229341322e-06, 'reg_lambda': 4.929685216887945e-08}. Best is trial 2 with value: 0.025600965680014354.
[I 2026-06-01 15:45:35,858] Trial 10 finished with value: -0.04691003971888752 and parameters: {'confidence_threshold': 0.6797821749717731, 'training_days': 150, 'n_estimators': 487, 'max_depth': 5, 'num_leaves': 31, 'learning_rate': 0.1457937958927628, 'subsample': 0.8271882613853766, 'colsample_bytree': 0.5054398545048813, 'min_child_samples': 27, 'reg_alpha': 1.290626345465208e-08, 'reg_lambda': 3.3639426888455256e-06}. Best is trial 2 with value: 0.025600965680014354.
[I 2026-06-01 15:45:36,037] Trial 11 finished with value: -0.04973602775666007 and parameters: {'confidence_threshold': 0.7192552477034038, 'training_days': 260, 'n_estimators': 245, 'max_depth': 5, 'num_leaves': 60, 'learning_rate': 0.070278144758503, 'subsample': 0.8994802630138207, 'colsample_bytree': 0.8191824002629758, 'min_child_samples': 87, 'reg_alpha': 2.8438391436574795e-05, 'reg_lambda': 7.868729181011707e-06}. Best is trial 2 with value: 0.025600965680014354.
[I 2026-06-01 15:45:36,213] Trial 12 finished with value: 0.0018603205187619153 and parameters: {'confidence_threshold': 0.7440898269688363, 'training_days': 240, 'n_estimators': 257, 'max_depth': 4, 'num_leaves': 57, 'learning_rate': 0.0656285649451873, 'subsample': 0.9234980616943327, 'colsample_bytree': 0.6188171054052629, 'min_child_samples': 65, 'reg_alpha': 0.00014586112695949427, 'reg_lambda': 2.0771847423585894e-06}. Best is trial 2 with value: 0.025600965680014354.
[I 2026-06-01 15:45:36,313] Trial 13 finished with value: -0.0870019431283291 and parameters: {'confidence_threshold': 0.7525489487164981, 'training_days': 140, 'n_estimators': 214, 'max_depth': 5, 'num_leaves': 52, 'learning_rate': 0.04815035925095873, 'subsample': 0.8276327306557981, 'colsample_bytree': 0.7893595058646626, 'min_child_samples': 72, 'reg_alpha': 3.220487156207273e-07, 'reg_lambda': 3.9794797075090296e-05}. Best is trial 2 with value: 0.025600965680014354.
[I 2026-06-01 15:45:36,601] Trial 14 finished with value: -0.06139195392391032 and parameters: {'confidence_threshold': 0.6342386328028546, 'training_days': 280, 'n_estimators': 311, 'max_depth': 4, 'num_leaves': 15, 'learning_rate': 0.10071424330426133, 'subsample': 0.8259091286235246, 'colsample_bytree': 0.9897127958863723, 'min_child_samples': 55, 'reg_alpha': 2.3353423839684024e-05, 'reg_lambda': 1.6308976466085072e-07}. Best is trial 2 with value: 0.025600965680014354.
[I 2026-06-01 15:45:36,678] Trial 15 finished with value: -10.0 and parameters: {'confidence_threshold': 0.7776989704420677, 'training_days': 200, 'n_estimators': 52, 'max_depth': 5, 'num_leaves': 32, 'learning_rate': 0.010359623362260938, 'subsample': 0.7473568728167127, 'colsample_bytree': 0.5065896071904618, 'min_child_samples': 28, 'reg_alpha': 1.5075578924776514e-07, 'reg_lambda': 1.4846210073902318e-08}. Best is trial 2 with value: 0.025600965680014354.
[I 2026-06-01 15:45:36,748] Trial 16 finished with value: -0.06642899325625415 and parameters: {'confidence_threshold': 0.6760523483882178, 'training_days': 100, 'n_estimators': 159, 'max_depth': 5, 'num_leaves': 63, 'learning_rate': 0.2839164582885758, 'subsample': 0.9197330243035602, 'colsample_bytree': 0.6024945398817332, 'min_child_samples': 91, 'reg_alpha': 0.00034509659588670465, 'reg_lambda': 7.184624603609509e-07}. Best is trial 2 with value: 0.025600965680014354.
[I 2026-06-01 15:45:36,968] Trial 17 finished with value: -0.06871867127738712 and parameters: {'confidence_threshold': 0.6050553809444194, 'training_days': 330, 'n_estimators': 277, 'max_depth': 4, 'num_leaves': 48, 'learning_rate': 0.08908432426787483, 'subsample': 0.8625743061944272, 'colsample_bytree': 0.8228449956338494, 'min_child_samples': 54, 'reg_alpha': 7.809808776078162e-06, 'reg_lambda': 6.614397595908694e-05}. Best is trial 2 with value: 0.025600965680014354.
[I 2026-06-01 15:45:37,178] A new study created in memory with name: no-name-ddec9f34-40d9-44cc-9f01-9d2b7399df09
[I 2026-06-01 15:45:37,268] Trial 0 finished with value: -0.046248214781305585 and parameters: {'confidence_threshold': 0.7437642149592516, 'training_days': 150, 'n_estimators': 152, 'max_depth': 4, 'num_leaves': 50, 'learning_rate': 0.04216766425047743, 'subsample': 0.9903820991923078, 'colsample_bytree': 0.8424148692924316, 'min_child_samples': 58, 'reg_alpha': 3.381097259762742e-05, 'reg_lambda': 1.2263152961306247e-05}. Best is trial 0 with value: -0.046248214781305585.
[I 2026-06-01 15:45:37,340] Trial 1 finished with value: -1.683576949712831 and parameters: {'confidence_threshold': 0.7551673975844145, 'training_days': 220, 'n_estimators': 76, 'max_depth': 4, 'num_leaves': 51, 'learning_rate': 0.018602118810743477, 'subsample': 0.5877258780737462, 'colsample_bytree': 0.7657756869209191, 'min_child_samples': 63, 'reg_alpha': 0.005123994170264194, 'reg_lambda': 0.44145470178120466}. Best is trial 0 with value: -0.046248214781305585.
[I 2026-06-01 15:45:37,611] Trial 2 finished with value: 0.00933615254732476 and parameters: {'confidence_threshold': 0.7535593637012223, 'training_days': 310, 'n_estimators': 375, 'max_depth': 3, 'num_leaves': 32, 'learning_rate': 0.021735641882032388, 'subsample': 0.6468570231944146, 'colsample_bytree': 0.8154880619272439, 'min_child_samples': 27, 'reg_alpha': 8.004064028491336e-05, 'reg_lambda': 7.546835261630524e-05}. Best is trial 2 with value: 0.00933615254732476.
[I 2026-06-01 15:45:37,766] Trial 3 finished with value: -0.018404391711695705 and parameters: {'confidence_threshold': 0.6727897841776072, 'training_days': 220, 'n_estimators': 190, 'max_depth': 4, 'num_leaves': 58, 'learning_rate': 0.24810689332636193, 'subsample': 0.7509183379421682, 'colsample_bytree': 0.8119764758960556, 'min_child_samples': 29, 'reg_alpha': 7.1708285081421445e-06, 'reg_lambda': 5.412973582738627e-05}. Best is trial 2 with value: 0.00933615254732476.
[I 2026-06-01 15:45:37,873] Trial 4 finished with value: -0.11644914532038371 and parameters: {'confidence_threshold': 0.803208205259178, 'training_days': 130, 'n_estimators': 267, 'max_depth': 5, 'num_leaves': 40, 'learning_rate': 0.08041175317374143, 'subsample': 0.5603143329951619, 'colsample_bytree': 0.9131704002534167, 'min_child_samples': 68, 'reg_alpha': 0.0008046593428183385, 'reg_lambda': 1.2158346158765583e-05}. Best is trial 2 with value: 0.00933615254732476.
[I 2026-06-01 15:45:38,091] Trial 5 finished with value: -0.00558335542992523 and parameters: {'confidence_threshold': 0.6064422761595144, 'training_days': 210, 'n_estimators': 357, 'max_depth': 5, 'num_leaves': 40, 'learning_rate': 0.0974221287220869, 'subsample': 0.7929682762811064, 'colsample_bytree': 0.8124517510478, 'min_child_samples': 74, 'reg_alpha': 0.3811377260781234, 'reg_lambda': 5.607314238392041e-08}. Best is trial 2 with value: 0.00933615254732476.
[I 2026-06-01 15:45:38,192] Trial 6 finished with value: -0.06753423954556695 and parameters: {'confidence_threshold': 0.7672889945051684, 'training_days': 130, 'n_estimators': 137, 'max_depth': 4, 'num_leaves': 19, 'learning_rate': 0.2031117614248665, 'subsample': 0.8136244860256343, 'colsample_bytree': 0.8617081790949774, 'min_child_samples': 21, 'reg_alpha': 0.002238138278733199, 'reg_lambda': 0.001025809534977322}. Best is trial 2 with value: 0.00933615254732476.
[I 2026-06-01 15:45:38,256] Trial 7 finished with value: -0.05435700692623624 and parameters: {'confidence_threshold': 0.555635875450653, 'training_days': 80, 'n_estimators': 363, 'max_depth': 3, 'num_leaves': 48, 'learning_rate': 0.06590089024008658, 'subsample': 0.6944752870615722, 'colsample_bytree': 0.962566244806993, 'min_child_samples': 88, 'reg_alpha': 1.6465620446426067e-05, 'reg_lambda': 2.4678750890085655e-08}. Best is trial 2 with value: 0.00933615254732476.
[I 2026-06-01 15:45:38,580] Trial 8 finished with value: -0.0013215001881521139 and parameters: {'confidence_threshold': 0.6066688256938841, 'training_days': 200, 'n_estimators': 367, 'max_depth': 5, 'num_leaves': 32, 'learning_rate': 0.13377519215934996, 'subsample': 0.7965884582811106, 'colsample_bytree': 0.8458508993500886, 'min_child_samples': 32, 'reg_alpha': 3.889436043816386e-05, 'reg_lambda': 1.4713062489380356e-06}. Best is trial 2 with value: 0.00933615254732476.
