[I 2026-06-01 15:50:00,314] Trial 6 finished with value: 0.10191505311528204 and parameters: {'confidence_threshold': 0.7672889945051684, 'training_days': 130, 'n_estimators': 137, 'max_depth': 4, 'num_leaves': 19, 'learning_rate': 0.2031117614248665, 'subsample': 0.8136244860256343, 'colsample_bytree': 0.8617081790949774, 'min_child_samples': 21, 'reg_alpha': 0.002238138278733199, 'reg_lambda': 0.001025809534977322}. Best is trial 4 with value: 0.12662739196131262.

  [label] 2023-08-24 00:00 ETHUSDT entry=1673.6300 → LONG | long=timeout(+1.81%) short=sl(-3.49%) | scanned=22 | no_tp→fwd_return=+1.9126
  [label] 2024-02-06 00:00 ETHUSDT entry=2326.0500 → LONG | long=tp(+5.61%) short=sl(-2.95%) | scanned=7 | long_tp_only
  [label] 2024-02-10 00:00 ETHUSDT entry=2494.0600 → LONG | long=tp(+6.14%) short=sl(-3.22%) | scanned=8 | long_tp_only
  [label] 2024-02-20 16:00 ETHUSDT entry=3017.2100 → LONG | long=sl(-4.70%) short=sl(-4.70%) | scanned=18 | no_tp→fwd_return=+5.3490
  [label] 2024-04-05 16:00 ETHUSDT entry=3319.6600 → LONG | long=tp(+10.58%) short=sl(-5.44%) | scanned=8 | long_tp_only
  [label] 2024-04-14 08:00 ETHUSDT entry=3055.1900 → LONG | long=timeout(+3.27%) short=timeout(-3.47%) | scanned=22 | no_tp→fwd_return=+3.3726
  [label] 2024-07-13 16:00 ETHUSDT entry=3174.0100 → LONG | long=tp(+8.19%) short=sl(-4.24%) | scanned=6 | long_tp_only
  [label] 2024-08-14 16:00 ETHUSDT entry=2659.8200 → SHORT | long=timeout(-1.24%) short=timeout(+1.04%) | scanned=22 | no_tp→fwd_return=-1.1444
  [label] 2024-08-31 00:00 ETHUSDT entry=2519.7800 → SHORT | long=sl(-5.30%) short=tp(+10.30%) | scanned=20 | short_tp_only
  [label] 2024-09-12 16:00 ETHUSDT entry=2360.7900 → LONG | long=timeout(+4.30%) short=sl(-4.86%) | scanned=22 | no_tp→fwd_return=+4.3956
  [label] 2024-10-01 00:00 ETHUSDT entry=2644.7900 → SHORT | long=sl(-3.47%) short=tp(+6.65%) | scanned=2 | short_tp_only
  [label] 2024-10-07 08:00 ETHUSDT entry=2472.8800 → LONG | long=sl(-3.97%) short=sl(-3.97%) | scanned=21 | no_tp→fwd_return=+6.5539
  [label] 2024-10-19 16:00 ETHUSDT entry=2647.4500 → SHORT | long=sl(-3.23%) short=sl(-3.23%) | scanned=11 | no_tp→fwd_return=-4.0764
  [label] 2024-11-28 08:00 ETHUSDT entry=3543.4100 → LONG | long=timeout(+9.70%) short=sl(-6.14%) | scanned=22 | no_tp→fwd_return=+9.8033
  [label] 2024-12-08 00:00 ETHUSDT entry=3983.1900 → SHORT | long=sl(-4.92%) short=tp(+9.53%) | scanned=5 | short_tp_only
  [label] 2025-03-04 08:00 ETHUSDT entry=2073.7900 → SHORT | long=sl(-11.68%) short=sl(-11.68%) | scanned=19 | no_tp→fwd_return=-10.0917
  Labels: 1102 long (50.8%), 1069 short (49.2%) | weights: min=1.00, mean=3.41, max=10.00
  Features: 2171/2171 matched, 48 columns
  CV gap: 22 rows
  [ensemble 1/3] seed=42
    [trial 0] 48 features, training_days=480 | threshold=0.631 | labels: 1102 long, 1069 short (51/49%)
    [CV fold 0] train_end=2023-07-24 08:00 | val_start=2023-08-01 00:00 | gap=184h (22 rows)
    [CV fold 1] train_end=2023-11-21 16:00 | val_start=2023-11-29 08:00 | gap=184h (22 rows)
    [CV fold 2] train_end=2024-03-21 00:00 | val_start=2024-03-28 16:00 | gap=184h (22 rows)
    [CV fold 3] train_end=2024-07-19 08:00 | val_start=2024-07-27 00:00 | gap=184h (22 rows)
    [CV fold 4] train_end=2024-11-16 16:00 | val_start=2024-11-24 08:00 | gap=184h (22 rows)
    [trial 0] Sharpe=0.0767 (folds: 0.3534, 0.0969, 0.0068, 0.0147, -0.0882)
    [trial 1] 48 features, training_days=420 | threshold=0.839 | labels: 1102 long, 1069 short (51/49%)
    [trial 1] Sharpe=0.0711 (folds: 0.0497, 0.1895, -0.1515, 0.4206, -0.1526)
    [trial 2] 48 features, training_days=190 | threshold=0.602 | labels: 1102 long, 1069 short (51/49%)
    [trial 2] Sharpe=0.0717 (folds: 0.2257, 0.2037, 0.0194, 0.0993, -0.1898)
    [trial 3] 48 features, training_days=490 | threshold=0.832 | labels: 1102 long, 1069 short (51/49%)
    [trial 3] Sharpe=0.0664 (folds: 0.2799, 0.1847, 0.0283, 0.0674, -0.2282)
    [trial 4] 48 features, training_days=340 | threshold=0.591 | labels: 1102 long, 1069 short (51/49%)
    [trial 4] Sharpe=0.0869 (folds: 0.3546, 0.0941, -0.0130, 0.0471, -0.0486)
    [trial 5] 48 features, training_days=50 | threshold=0.823 | labels: 1102 long, 1069 short (51/49%)
    [trial 5] Sharpe=0.0729 (folds: -0.0387, 0.2905, 0.1504, 0.2581, -0.2956)
    [trial 6] 48 features, training_days=410 | threshold=0.549 | labels: 1102 long, 1069 short (51/49%)
    [trial 6] Sharpe=0.0739 (folds: 0.2868, 0.1224, 0.0280, 0.0246, -0.0921)
    [trial 7] 48 features, training_days=180 | threshold=0.526 | labels: 1102 long, 1069 short (51/49%)
    [trial 7] Sharpe=0.0990 (folds: 0.1800, 0.3529, -0.0035, 0.0394, -0.0737)
    [trial 8] 48 features, training_days=240 | threshold=0.811 | labels: 1102 long, 1069 short (51/49%)
    [trial 8] Sharpe=0.0771 (folds: 0.3860, 0.0911, -0.0727, 0.1621, -0.1807)
    [trial 9] 48 features, training_days=20 | threshold=0.538 | labels: 1102 long, 1069 short (51/49%)
    [trial 9] Sharpe=-0.0152 (folds: -0.2154, 0.2606, 0.0763, 0.0921, -0.2893)
    [trial 10] 48 features, training_days=140 | threshold=0.680 | labels: 1102 long, 1069 short (51/49%)
    [trial 10] Sharpe=0.1115 (folds: 0.3101, 0.5565, 0.0214, -0.0845, -0.2461)
    [trial 11] 48 features, training_days=150 | threshold=0.716 | labels: 1102 long, 1069 short (51/49%)
    [trial 11] Sharpe=0.0572 (folds: 0.2727, 0.3420, -0.0284, -0.0633, -0.2373)
    [trial 12] 48 features, training_days=120 | threshold=0.702 | labels: 1102 long, 1069 short (51/49%)
    [trial 12] Sharpe=0.1544 (folds: 0.2220, 0.4031, 0.1055, 0.0308, 0.0106)
    [trial 13] 48 features, training_days=110 | threshold=0.714 | labels: 1102 long, 1069 short (51/49%)
    [trial 13] Sharpe=0.1117 (folds: 0.2741, 0.3878, 0.0609, 0.0308, -0.1950)
    [trial 14] 48 features, training_days=90 | threshold=0.747 | labels: 1102 long, 1069 short (51/49%)
    [trial 14] Sharpe=0.1821 (folds: 0.2569, 0.4815, 0.0780, 0.2295, -0.1353)
    [trial 15] 48 features, training_days=80 | threshold=0.763 | labels: 1102 long, 1069 short (51/49%)
    [trial 15] Sharpe=0.0632 (folds: 0.2183, 0.2803, 0.1206, 0.1260, -0.4294)
    [trial 16] 48 features, training_days=270 | threshold=0.768 | labels: 1102 long, 1069 short (51/49%)
    [trial 16] Sharpe=0.0674 (folds: 0.2728, 0.0548, 0.0274, 0.1917, -0.2095)
    [trial 17] 48 features, training_days=10 | threshold=0.665 | labels: 1102 long, 1069 short (51/49%)
    [trial 17] Sharpe=-2.0512 (folds: -10.0000, -0.1499, -0.0664, -0.1328, 0.0933)
  Optuna: 18 trials, best Sharpe = 0.1821
  Best params: n_estimators=499, max_depth=4, lr=0.0105, leaves=54
  Best confidence_threshold: 0.747
  Best training_days: 90
  Retrained on full data (270 samples, 48 features)
  [ensemble 2/3] seed=123
    [trial 0] 48 features, training_days=150 | threshold=0.744 | labels: 1102 long, 1069 short (51/49%)
    [CV fold 0] train_end=2023-07-24 08:00 | val_start=2023-08-01 00:00 | gap=184h (22 rows)
    [CV fold 1] train_end=2023-11-21 16:00 | val_start=2023-11-29 08:00 | gap=184h (22 rows)
    [CV fold 2] train_end=2024-03-21 00:00 | val_start=2024-03-28 16:00 | gap=184h (22 rows)
    [CV fold 3] train_end=2024-07-19 08:00 | val_start=2024-07-27 00:00 | gap=184h (22 rows)
    [CV fold 4] train_end=2024-11-16 16:00 | val_start=2024-11-24 08:00 | gap=184h (22 rows)
    [trial 0] Sharpe=0.0529 (folds: 0.3441, 0.1809, -0.0231, -0.0542, -0.1832)
    [trial 1] 48 features, training_days=220 | threshold=0.755 | labels: 1102 long, 1069 short (51/49%)
    [trial 1] Sharpe=-1.8283 (folds: -0.0914, 0.4072, 0.2351, 0.3078, -10.0000)
    [trial 2] 48 features, training_days=310 | threshold=0.754 | labels: 1102 long, 1069 short (51/49%)
    [trial 2] Sharpe=0.0542 (folds: 0.1841, 0.0720, 0.0052, 0.0993, -0.0898)
    [trial 3] 48 features, training_days=220 | threshold=0.673 | labels: 1102 long, 1069 short (51/49%)
    [trial 3] Sharpe=0.0706 (folds: 0.2500, 0.2597, -0.0470, 0.0900, -0.1995)
    [trial 4] 48 features, training_days=130 | threshold=0.803 | labels: 1102 long, 1069 short (51/49%)
    [trial 4] Sharpe=0.1266 (folds: 0.2622, 0.3601, 0.0059, -0.0024, 0.0073)
    [trial 5] 48 features, training_days=210 | threshold=0.606 | labels: 1102 long, 1069 short (51/49%)
    [trial 5] Sharpe=0.0507 (folds: 0.1736, 0.1602, -0.0193, 0.0782, -0.1391)
    [trial 6] 48 features, training_days=130 | threshold=0.767 | labels: 1102 long, 1069 short (51/49%)
    [trial 6] Sharpe=0.1019 (folds: 0.2572, 0.2001, 0.0241, 0.0682, -0.0401)
    [trial 7] 48 features, training_days=80 | threshold=0.556 | labels: 1102 long, 1069 short (51/49%)
    [trial 7] Sharpe=0.0579 (folds: 0.1115, 0.2658, 0.0331, 0.2021, -0.3228)[I 2026-06-01 15:50:00,390] Trial 7 finished with value: 0.05794687149505762 and parameters: {'confidence_threshold': 0.555635875450653, 'training_days': 80, 'n_estimators': 363, 'max_depth': 3, 'num_leaves': 48, 'learning_rate': 0.06590089024008658, 'subsample': 0.6944752870615722, 'colsample_bytree': 0.962566244806993, 'min_child_samples': 88, 'reg_alpha': 1.6465620446426067e-05, 'reg_lambda': 2.4678750890085655e-08}. Best is trial 4 with value: 0.12662739196131262.
[I 2026-06-01 15:50:00,723] Trial 8 finished with value: 0.0513745066556372 and parameters: {'confidence_threshold': 0.6066688256938841, 'training_days': 200, 'n_estimators': 367, 'max_depth': 5, 'num_leaves': 32, 'learning_rate': 0.13377519215934996, 'subsample': 0.7965884582811106, 'colsample_bytree': 0.8458508993500886, 'min_child_samples': 32, 'reg_alpha': 3.889436043816386e-05, 'reg_lambda': 1.4713062489380356e-06}. Best is trial 4 with value: 0.12662739196131262.
[I 2026-06-01 15:50:00,953] Trial 9 finished with value: 0.07237443045123089 and parameters: {'confidence_threshold': 0.6202096049169137, 'training_days': 260, 'n_estimators': 350, 'max_depth': 3, 'num_leaves': 21, 'learning_rate': 0.02989540198065364, 'subsample': 0.8307821683331218, 'colsample_bytree': 0.923253112635361, 'min_child_samples': 64, 'reg_alpha': 0.4898604619604203, 'reg_lambda': 2.9076377687066166e-05}. Best is trial 4 with value: 0.12662739196131262.
[I 2026-06-01 15:50:01,372] Trial 10 finished with value: 0.012940435618750018 and parameters: {'confidence_threshold': 0.8445241688507242, 'training_days': 470, 'n_estimators': 493, 'max_depth': 5, 'num_leaves': 63, 'learning_rate': 0.010221918552934462, 'subsample': 0.5019190721168774, 'colsample_bytree': 0.6202684210924141, 'min_child_samples': 99, 'reg_alpha': 1.9942621118187622e-08, 'reg_lambda': 0.0201634475791616}. Best is trial 4 with value: 0.12662739196131262.
[I 2026-06-01 15:50:01,401] Trial 11 finished with value: -10.0 and parameters: {'confidence_threshold': 0.8371297552840329, 'training_days': 20, 'n_estimators': 255, 'max_depth': 4, 'num_leaves': 20, 'learning_rate': 0.28413636543342474, 'subsample': 0.9047249980702942, 'colsample_bytree': 0.6612241103206169, 'min_child_samples': 44, 'reg_alpha': 0.005164207989991991, 'reg_lambda': 0.007364523359426745}. Best is trial 4 with value: 0.12662739196131262.
[I 2026-06-01 15:50:01,452] Trial 12 finished with value: 0.1006870057452266 and parameters: {'confidence_threshold': 0.7984420943377982, 'training_days': 120, 'n_estimators': 51, 'max_depth': 5, 'num_leaves': 15, 'learning_rate': 0.14432248911623202, 'subsample': 0.5325573395575733, 'colsample_bytree': 0.5201164353688423, 'min_child_samples': 46, 'reg_alpha': 0.006937120291127141, 'reg_lambda': 0.00393268821840331}. Best is trial 4 with value: 0.12662739196131262.
[I 2026-06-01 15:50:01,478] Trial 13 finished with value: -2.051183574378018 and parameters: {'confidence_threshold': 0.7187885649615134, 'training_days': 10, 'n_estimators': 161, 'max_depth': 4, 'num_leaves': 34, 'learning_rate': 0.07642607080001533, 'subsample': 0.8887479594345413, 'colsample_bytree': 0.9141095054883511, 'min_child_samples': 77, 'reg_alpha': 8.23820059434164e-07, 'reg_lambda': 0.0008749117989186148}. Best is trial 4 with value: 0.12662739196131262.
[I 2026-06-01 15:50:01,782] Trial 14 finished with value: 0.09555606976653018 and parameters: {'confidence_threshold': 0.803223358065541, 'training_days': 340, 'n_estimators': 244, 'max_depth': 5, 'num_leaves': 42, 'learning_rate': 0.16660891568257116, 'subsample': 0.6632569380771758, 'colsample_bytree': 0.9959348592397881, 'min_child_samples': 45, 'reg_alpha': 0.0012705474136959496, 'reg_lambda': 1.2102325862348229e-06}. Best is trial 4 with value: 0.12662739196131262.
[I 2026-06-01 15:50:01,836] Trial 15 finished with value: 0.13911013218850607 and parameters: {'confidence_threshold': 0.6986016561377778, 'training_days': 90, 'n_estimators': 114, 'max_depth': 4, 'num_leaves': 25, 'learning_rate': 0.048314908772608044, 'subsample': 0.5802361721649505, 'colsample_bytree': 0.9016648410746702, 'min_child_samples': 75, 'reg_alpha': 7.209816057093941, 'reg_lambda': 3.5532501480887757}. Best is trial 15 with value: 0.13911013218850607.
[I 2026-06-01 15:50:01,899] Trial 16 finished with value: 0.026750658497338008 and parameters: {'confidence_threshold': 0.6743997718602088, 'training_days': 60, 'n_estimators': 291, 'max_depth': 4, 'num_leaves': 25, 'learning_rate': 0.04473603855933457, 'subsample': 0.5824016374699942, 'colsample_bytree': 0.6982877056862742, 'min_child_samples': 78, 'reg_alpha': 3.433399905162048, 'reg_lambda': 2.768872688174693}. Best is trial 15 with value: 0.13911013218850607.
[I 2026-06-01 15:50:01,992] Trial 17 finished with value: 0.05772585415966751 and parameters: {'confidence_threshold': 0.5004748807695347, 'training_days': 80, 'n_estimators': 467, 'max_depth': 5, 'num_leaves': 27, 'learning_rate': 0.08071991766459136, 'subsample': 0.582622241399683, 'colsample_bytree': 0.9025721385080161, 'min_child_samples': 89, 'reg_alpha': 0.0665483626924119, 'reg_lambda': 0.24484730805489516}. Best is trial 15 with value: 0.13911013218850607.
[I 2026-06-01 15:50:02,399] A new study created in memory with name: no-name-4fe8ef8c-2410-4652-ac12-aa82648aa437
[I 2026-06-01 15:50:02,602] Trial 0 finished with value: 0.07461337923515646 and parameters: {'confidence_threshold': 0.5870645682749857, 'training_days': 90, 'n_estimators': 403, 'max_depth': 5, 'num_leaves': 45, 'learning_rate': 0.0780457193679974, 'subsample': 0.9428509515574568, 'colsample_bytree': 0.8795587339164916, 'min_child_samples': 34, 'reg_alpha': 2.2465901234314442e-07, 'reg_lambda': 8.339007036475363e-05}. Best is trial 0 with value: 0.07461337923515646.
[I 2026-06-01 15:50:02,712] Trial 1 finished with value: 0.08550020501104771 and parameters: {'confidence_threshold': 0.6348453934275313, 'training_days': 290, 'n_estimators': 115, 'max_depth': 5, 'num_leaves': 37, 'learning_rate': 0.06949568759029946, 'subsample': 0.8228505074024268, 'colsample_bytree': 0.8616703220431751, 'min_child_samples': 75, 'reg_alpha': 4.2486822725010923e-07, 'reg_lambda': 1.157247767047042e-07}. Best is trial 1 with value: 0.08550020501104771.
[I 2026-06-01 15:50:02,729] Trial 2 finished with value: -2.051183574378018 and parameters: {'confidence_threshold': 0.5849570384370288, 'training_days': 10, 'n_estimators': 212, 'max_depth': 3, 'num_leaves': 41, 'learning_rate': 0.18452095998378365, 'subsample': 0.6001060822924371, 'colsample_bytree': 0.5673167293506167, 'min_child_samples': 37, 'reg_alpha': 5.733250064217131, 'reg_lambda': 0.5308454292595461}. Best is trial 1 with value: 0.08550020501104771.
[I 2026-06-01 15:50:02,806] Trial 3 finished with value: 0.10920979742483854 and parameters: {'confidence_threshold': 0.6868248626683718, 'training_days': 220, 'n_estimators': 134, 'max_depth': 3, 'num_leaves': 45, 'learning_rate': 0.033529007907491595, 'subsample': 0.8647277071858408, 'colsample_bytree': 0.778494116634046, 'min_child_samples': 96, 'reg_alpha': 2.409409937265785e-07, 'reg_lambda': 1.1642073478060009}. Best is trial 3 with value: 0.10920979742483854.
[I 2026-06-01 15:50:02,886] Trial 4 finished with value: 0.028838138059341455 and parameters: {'confidence_threshold': 0.5623121348350352, 'training_days': 300, 'n_estimators': 69, 'max_depth': 4, 'num_leaves': 32, 'learning_rate': 0.14967629360700346, 'subsample': 0.5054535233636654, 'colsample_bytree': 0.7401385194659216, 'min_child_samples': 27, 'reg_alpha': 1.4212042567426725e-07, 'reg_lambda': 0.23605753701352003}. Best is trial 3 with value: 0.10920979742483854.
[I 2026-06-01 15:50:03,331] Trial 5 finished with value: 0.05883062932830781 and parameters: {'confidence_threshold': 0.7111850244908446, 'training_days': 490, 'n_estimators': 362, 'max_depth': 5, 'num_leaves': 40, 'learning_rate': 0.05960785724162737, 'subsample': 0.5589714368907717, 'colsample_bytree': 0.6659006943232806, 'min_child_samples': 42, 'reg_alpha': 0.6741360303045295, 'reg_lambda': 6.054601607143087e-08}. Best is trial 3 with value: 0.10920979742483854.
[I 2026-06-01 15:50:03,528] Trial 6 finished with value: 0.08872678479015773 and parameters: {'confidence_threshold': 0.667482545748023, 'training_days': 420, 'n_estimators': 279, 'max_depth': 3, 'num_leaves': 45, 'learning_rate': 0.040099592560849204, 'subsample': 0.8563114696415159, 'colsample_bytree': 0.5442917781944105, 'min_child_samples': 50, 'reg_alpha': 1.6407916423707903e-08, 'reg_lambda': 2.935907642973286e-05}. Best is trial 3 with value: 0.10920979742483854.
[I 2026-06-01 15:50:03,684] Trial 7 finished with value: 0.03843567548668223 and parameters: {'confidence_threshold': 0.5497381024139926, 'training_days': 120, 'n_estimators': 408, 'max_depth': 5, 'num_leaves': 38, 'learning_rate': 0.28049122657745795, 'subsample': 0.8806573338635493, 'colsample_bytree': 0.5454054113547102, 'min_child_samples': 63, 'reg_alpha': 0.01263008637940408, 'reg_lambda': 0.04588020805366937}. Best is trial 3 with value: 0.10920979742483854.
[I 2026-06-01 15:50:03,995] Trial 8 finished with value: 0.09872053175980175 and parameters: {'confidence_threshold': 0.719644804808716, 'training_days': 450, 'n_estimators': 410, 'max_depth': 4, 'num_leaves': 57, 'learning_rate': 0.04022026551478857, 'subsample': 0.5336085426932707, 'colsample_bytree': 0.5705742850577543, 'min_child_samples': 100, 'reg_alpha': 5.916398047912201e-07, 'reg_lambda': 0.9794034214488329}. Best is trial 3 with value: 0.10920979742483854.
[I 2026-06-01 15:50:04,022] Trial 9 finished with value: -2.0672680318893506 and parameters: {'confidence_threshold': 0.7267463643917187, 'training_days': 20, 'n_estimators': 337, 'max_depth': 5, 'num_leaves': 23, 'learning_rate': 0.022153031811454605, 'subsample': 0.6305627572358737, 'colsample_bytree': 0.6613413774216214, 'min_child_samples': 81, 'reg_alpha': 5.7638634029410314e-08, 'reg_lambda': 8.26603016764008}. Best is trial 3 with value: 0.10920979742483854.
[I 2026-06-01 15:50:04,132] Trial 10 finished with value: -5.938975979343864 and parameters: {'confidence_threshold': 0.8283920119574972, 'training_days': 200, 'n_estimators': 181, 'max_depth': 3, 'num_leaves': 62, 'learning_rate': 0.011579281028220855, 'subsample': 0.7130289643560688, 'colsample_bytree': 0.9944479338273263, 'min_child_samples': 100, 'reg_alpha': 6.837313901272251e-05, 'reg_lambda': 0.0027253228209330924}. Best is trial 3 with value: 0.10920979742483854.
[I 2026-06-01 15:50:04,512] Trial 11 finished with value: 0.07886552662705715 and parameters: {'confidence_threshold': 0.7766282449189577, 'training_days': 380, 'n_estimators': 478, 'max_depth': 4, 'num_leaves': 58, 'learning_rate': 0.029354876456257728, 'subsample': 0.7459055835274097, 'colsample_bytree': 0.8016610248739169, 'min_child_samples': 100, 'reg_alpha': 1.7335570554886207e-05, 'reg_lambda': 7.067893525937578}. Best is trial 3 with value: 0.10920979742483854.
[I 2026-06-01 15:50:04,775] Trial 12 finished with value: 0.0885867656043758 and parameters: {'confidence_threshold': 0.7449212105048096, 'training_days': 200, 'n_estimators': 490, 'max_depth': 4, 'num_leaves': 54, 'learning_rate': 0.01924681962976845, 'subsample': 0.9912016966112274, 'colsample_bytree': 0.6646287431572568, 'min_child_samples': 85, 'reg_alpha': 8.85890496668e-06, 'reg_lambda': 0.0043762371699676405}. Best is trial 3 with value: 0.10920979742483854.
[I 2026-06-01 15:50:05,002] Trial 13 finished with value: 0.10293984034342911 and parameters: {'confidence_threshold': 0.674016069087747, 'training_days': 370, 'n_estimators': 247, 'max_depth': 4, 'num_leaves': 52, 'learning_rate': 0.04144677730363681, 'subsample': 0.6795590770167038, 'colsample_bytree': 0.7477878654225999, 'min_child_samples': 90, 'reg_alpha': 0.0013950587799583445, 'reg_lambda': 0.025157017202168678}. Best is trial 3 with value: 0.10920979742483854.
[I 2026-06-01 15:50:05,146] Trial 14 finished with value: 0.04777027761865943 and parameters: {'confidence_threshold': 0.6439954054899397, 'training_days': 350, 'n_estimators': 175, 'max_depth': 3, 'num_leaves': 50, 'learning_rate': 0.012882340619131948, 'subsample': 0.6776505255398512, 'colsample_bytree': 0.7503803681867095, 'min_child_samples': 69, 'reg_alpha': 0.0027083351662243967, 'reg_lambda': 0.011954233823148547}. Best is trial 3 with value: 0.10920979742483854.
[I 2026-06-01 15:50:05,290] Trial 15 finished with value: 0.13089796327554684 and parameters: {'confidence_threshold': 0.7829525506318393, 'training_days': 220, 'n_estimators': 243, 'max_depth': 3, 'num_leaves': 27, 'learning_rate': 0.09246729598324224, 'subsample': 0.7859829960132325, 'colsample_bytree': 0.8753336548255195, 'min_child_samples': 88, 'reg_alpha': 0.002133995302102607, 'reg_lambda': 2.582339790441249e-06}. Best is trial 15 with value: 0.13089796327554684.
[I 2026-06-01 15:50:05,398] Trial 16 finished with value: 0.1672836468373355 and parameters: {'confidence_threshold': 0.8485996621452663, 'training_days': 220, 'n_estimators': 125, 'max_depth': 3, 'num_leaves': 15, 'learning_rate': 0.10984583677724832, 'subsample': 0.791541094918257, 'colsample_bytree': 0.9703336685995065, 'min_child_samples': 88, 'reg_alpha': 0.06567084575118493, 'reg_lambda': 3.178317487349024e-06}. Best is trial 16 with value: 0.1672836468373355.
