[I 2026-06-01 15:43:15,131] Trial 2 finished with value: 0.03789400422598114 and parameters: {'confidence_threshold': 0.6022506269873263, 'training_days': 190, 'n_estimators': 255, 'max_depth': 5, 'num_leaves': 24, 'learning_rate': 0.05748924681991978, 'subsample': 0.7962072844310213, 'colsample_bytree': 0.5232252063599989, 'min_child_samples': 69, 'reg_alpha': 3.425445902633376e-07, 'reg_lambda': 3.850031979199519e-08}. Best is trial 2 with value: 0.03789400422598114.
[I 2026-06-01 15:43:15,375] Trial 3 finished with value: 0.007193088332608927 and parameters: {'confidence_threshold': 0.8321099380386666, 'training_days': 490, 'n_estimators': 414, 'max_depth': 3, 'num_leaves': 19, 'learning_rate': 0.1024932221692416, 'subsample': 0.7200762468698007, 'colsample_bytree': 0.5610191174223894, 'min_child_samples': 60, 'reg_alpha': 2.039373116525212e-08, 'reg_lambda': 1.527156759251193}. Best is trial 2 with value: 0.03789400422598114.
[I 2026-06-01 15:43:15,508] Trial 4 finished with value: -0.0007537248385918432 and parameters: {'confidence_threshold': 0.5905729935600059, 'training_days': 340, 'n_estimators': 190, 'max_depth': 4, 'num_leaves': 41, 'learning_rate': 0.01875220945578641, 'subsample': 0.9847923138822793, 'colsample_bytree': 0.8875664116805573, 'min_child_samples': 96, 'reg_alpha': 1.1309571585271483, 'reg_lambda': 0.002404915432737351}. Best is trial 2 with value: 0.03789400422598114.
    [trial 9] Sharpe=-6.0174 (folds: -0.1681, -10.0000, -10.0000, -10.0000, 0.0813)
    [trial 10] 48 features, training_days=130 | threshold=0.840 | labels: 1339 long, 832 short (62/38%)
    [trial 10] Sharpe=0.0142 (folds: -0.0620, 0.2991, -0.1448, -0.2069, 0.1856)
    [trial 11] 48 features, training_days=310 | threshold=0.620 | labels: 1339 long, 832 short (62/38%)
    [trial 11] Sharpe=0.0163 (folds: -0.1223, 0.1431, 0.0153, -0.0313, 0.0769)
    [trial 12] 48 features, training_days=210 | threshold=0.515 | labels: 1339 long, 832 short (62/38%)
    [trial 12] Sharpe=0.0287 (folds: -0.1096, 0.2209, 0.1193, -0.1431, 0.0561)
    [trial 13] 48 features, training_days=380 | threshold=0.631 | labels: 1339 long, 832 short (62/38%)
    [trial 13] Sharpe=0.0171 (folds: -0.1282, 0.1546, 0.0252, -0.0742, 0.1080)
    [trial 14] 48 features, training_days=140 | threshold=0.772 | labels: 1339 long, 832 short (62/38%)
    [trial 14] Sharpe=-0.0120 (folds: -0.1229, 0.1840, -0.0611, -0.1125, 0.0525)
    [trial 15] 48 features, training_days=300 | threshold=0.612 | labels: 1339 long, 832 short (62/38%)
    [trial 15] Sharpe=0.0378 (folds: -0.0949, 0.2400, 0.0298, -0.0236, 0.0379)
    [trial 16] 48 features, training_days=380 | threshold=0.509 | labels: 1339 long, 832 short (62/38%)
    [trial 16] Sharpe=0.0108 (folds: -0.0933, 0.2033, -0.1045, -0.0070, 0.0557)
    [trial 17] 48 features, training_days=70 | threshold=0.592 | labels: 1339 long, 832 short (62/38%)
    [trial 17] Sharpe=0.0220 (folds: -0.2364, 0.1486, 0.1023, 0.0821, 0.0132)
  Optuna: 18 trials, best Sharpe = 0.0543
  Best params: n_estimators=403, max_depth=5, lr=0.0780, leaves=45
  Best confidence_threshold: 0.587
  Best training_days: 90
  Retrained on full data (270 samples, 48 features)
  OOD: 16 features, cutoff (q=0.7) = 14.00
  Model trained for 2022-01: 93 test candles with features, confidence_threshold=0.597
[predict] 2022-01-01 00:00 ETHUSDT → LONG (proba=0.69 TP=10.1%/SL=5.1%)
[trade:open] 2022-01-01 07:59 ETHUSDT LONG @ 3714.77 | SL=3526.42 TP=4091.48 | timeout=2022-01-08 07:59
[trade:close] 2022-01-05 23:59 ETHUSDT LONG → stop_loss @ 3526.42 | PnL=-5.07% (net -5.17%) | cum=-5.17% 2022-01=-5.17% 2022-01-05=-5.17%
[predict] 2022-01-09 16:00 ETHUSDT → LONG (proba=0.76 TP=14.3%/SL=7.1%)
[trade:open] 2022-01-09 23:59 ETHUSDT LONG @ 3150.00 | SL=2925.03 TP=3599.95 | timeout=2022-01-16 23:59
[trade:close] 2022-01-10 15:59 ETHUSDT LONG → stop_loss @ 2925.03 | PnL=-7.14% (net -7.24%) | cum=-12.41% 2022-01=-12.41% 2022-01-10=-7.24%
[predict] 2022-01-11 08:00 ETHUSDT → LONG (proba=0.68 TP=13.9%/SL=7.0%)
[trade:open] 2022-01-11 15:59 ETHUSDT LONG @ 3132.05 | SL=2913.96 TP=3568.24 | timeout=2022-01-18 15:59
[trade:close] 2022-01-18 16:00 ETHUSDT LONG → timeout @ 3115.47 | PnL=-0.53% (net -0.63%) | cum=-13.04% 2022-01=-13.04% 2022-01-18=-0.63%
[predict] 2022-01-19 16:00 ETHUSDT → LONG (proba=0.70 TP=11.1%/SL=5.5%)
[trade:open] 2022-01-19 23:59 ETHUSDT LONG @ 3082.81 | SL=2911.80 TP=3424.82 | timeout=2022-01-26 23:59
[trade:close] 2022-01-21 07:59 ETHUSDT LONG → stop_loss @ 2911.80 | PnL=-5.55% (net -5.65%) | cum=-18.69% 2022-01=-18.69% 2022-01-21=-5.65%
[predict] 2022-01-25 00:00 ETHUSDT → LONG (proba=0.69 TP=25.5%/SL=12.8%)
[trade:open] 2022-01-25 07:59 ETHUSDT LONG @ 2382.50 | SL=2078.63 TP=2990.25 | timeout=2022-02-01 07:59
[lgbm] === Training for 2022-02 ===
  Train window: 2020-02-01 → 2022-01-24
  2171 training samples from 1 symbols
  Samples per month: 2020-02: 87, 2020-03: 93, 2020-04: 90, 2020-05: 93, 2020-06: 90, 2020-07: 93, 2020-08: 93, 2020-09: 90, 2020-10: 93, 2020-11: 90, 2020-12: 93, 2021-01: 93, 2021-02: 84, 2021-03: 93, 2021-04: 90, 2021-05: 93, 2021-06: 90, 2021-07: 93, 2021-08: 93, 2021-09: 90, 2021-10: 93, 2021-11: 90, 2021-12: 93, 2022-01: 71
  [label] 2020-04-02 16:00 ETHUSDT entry=141.3000 → LONG | long=tp(+13.90%) short=sl(-7.10%) | scanned=11 | long_tp_only
  [label] 2020-04-05 00:00 ETHUSDT entry=142.6300 → LONG | long=tp(+12.54%) short=sl(-6.42%) | scanned=4 | long_tp_only
  [label] 2020-04-08 16:00 ETHUSDT entry=173.1900 → SHORT | long=sl(-7.26%) short=timeout(+11.77%) | scanned=22 | no_tp→fwd_return=-11.8656
  [label] 2020-05-03 08:00 ETHUSDT entry=208.2300 → SHORT | long=sl(-6.41%) short=tp(+12.53%) | scanned=20 | short_tp_only
  [label] 2020-06-25 00:00 ETHUSDT entry=231.2900 → SHORT | long=sl(-4.40%) short=timeout(+1.09%) | scanned=22 | no_tp→fwd_return=-1.1890
  [label] 2020-12-08 00:00 ETHUSDT entry=588.6600 → SHORT | long=sl(-5.49%) short=timeout(+0.35%) | scanned=22 | no_tp→fwd_return=-0.4519
  [label] 2020-12-12 00:00 ETHUSDT entry=558.8600 → LONG | long=tp(+12.24%) short=sl(-6.27%) | scanned=13 | long_tp_only
  [label] 2020-12-22 16:00 ETHUSDT entry=637.2000 → SHORT | long=sl(-7.14%) short=tp(+13.98%) | scanned=3 | short_tp_only
  [label] 2021-02-05 16:00 ETHUSDT entry=1721.1600 → LONG | long=sl(-8.97%) short=timeout(-7.18%) | scanned=22 | no_tp→fwd_return=+7.0836
  [label] 2021-02-14 08:00 ETHUSDT entry=1802.8400 → LONG | long=sl(-7.48%) short=sl(-7.48%) | scanned=12 | no_tp→fwd_return=+5.9989
  [label] 2021-05-15 16:00 ETHUSDT entry=3648.9800 → SHORT | long=sl(-12.64%) short=tp(+24.99%) | scanned=11 | short_tp_only
  [label] 2021-06-16 16:00 ETHUSDT entry=2366.8400 → SHORT | long=sl(-8.17%) short=tp(+16.04%) | scanned=13 | short_tp_only
  [label] 2021-07-03 00:00 ETHUSDT entry=2194.9400 → SHORT | long=timeout(-3.44%) short=sl(-8.66%) | scanned=22 | no_tp→fwd_return=-3.3368
  [label] 2021-07-15 16:00 ETHUSDT entry=1919.3500 → LONG | long=sl(-7.74%) short=timeout(-5.53%) | scanned=22 | no_tp→fwd_return=+5.4289
  [label] 2021-08-03 00:00 ETHUSDT entry=2491.4300 → LONG | long=tp(+15.12%) short=sl(-7.71%) | scanned=11 | long_tp_only
  [label] 2021-08-09 08:00 ETHUSDT entry=3168.5100 → LONG | long=timeout(+1.69%) short=timeout(-1.89%) | scanned=22 | no_tp→fwd_return=+1.7936
  [label] 2021-08-21 16:00 ETHUSDT entry=3226.4000 → LONG | long=timeout(+0.55%) short=timeout(-0.75%) | scanned=22 | no_tp→fwd_return=+0.6475
  [label] 2021-09-30 08:00 ETHUSDT entry=2984.9800 → LONG | long=tp(+16.21%) short=sl(-8.26%) | scanned=10 | long_tp_only
  [label] 2021-10-10 00:00 ETHUSDT entry=3585.4900 → LONG | long=sl(-5.42%) short=sl(-5.42%) | scanned=13 | no_tp→fwd_return=+6.3216
  [label] 2022-01-04 08:00 ETHUSDT entry=3849.0200 → SHORT | long=sl(-4.29%) short=tp(+8.29%) | scanned=4 | short_tp_only
  Labels: 1281 long (59.0%), 890 short (41.0%) | weights: min=1.00, mean=2.33, max=10.00
  Features: 2171/2171 matched, 48 columns
  CV gap: 22 rows
  [ensemble 1/3] seed=42
    [trial 0] 48 features, training_days=480 | threshold=0.631 | labels: 1281 long, 890 short (59/41%)
    [CV fold 0] train_end=2020-05-25 08:00 | val_start=2020-06-02 00:00 | gap=184h (22 rows)
    [CV fold 1] train_end=2020-09-22 16:00 | val_start=2020-09-30 08:00 | gap=184h (22 rows)
    [CV fold 2] train_end=2021-01-21 00:00 | val_start=2021-01-28 16:00 | gap=184h (22 rows)
    [CV fold 3] train_end=2021-05-21 08:00 | val_start=2021-05-29 00:00 | gap=184h (22 rows)
    [CV fold 4] train_end=2021-09-18 16:00 | val_start=2021-09-26 08:00 | gap=184h (22 rows)
    [trial 0] Sharpe=0.0049 (folds: 0.0984, 0.0562, -0.0361, -0.1199, 0.0260)
    [trial 1] 48 features, training_days=420 | threshold=0.839 | labels: 1281 long, 890 short (59/41%)
    [trial 1] Sharpe=-2.0638 (folds: 0.1475, -0.1670, -0.2464, -0.0533, -10.0000)
    [trial 2] 48 features, training_days=190 | threshold=0.602 | labels: 1281 long, 890 short (59/41%)
    [trial 2] Sharpe=0.0379 (folds: 0.1143, 0.2214, -0.0828, -0.1401, 0.0766)
    [trial 3] 48 features, training_days=490 | threshold=0.832 | labels: 1281 long, 890 short (59/41%)
    [trial 3] Sharpe=0.0072 (folds: 0.1552, 0.0549, 0.0039, -0.2264, 0.0484)
    [trial 4] 48 features, training_days=340 | threshold=0.591 | labels: 1281 long, 890 short (59/41%)
    [trial 4] Sharpe=-0.0008 (folds: 0.0731, 0.0709, 0.0182, -0.0910, -0.0751)
    [trial 5] 48 features, training_days=50 | threshold=0.823 | labels: 1281 long, 890 short (59/41%)
    [trial 5] Sharpe=0.0275 (folds: -0.0413, -0.1070, 0.1059, 0.0091, 0.1706)[I 2026-06-01 15:43:15,548] Trial 5 finished with value: 0.02746820074655602 and parameters: {'confidence_threshold': 0.8226559822580909, 'training_days': 50, 'n_estimators': 138, 'max_depth': 3, 'num_leaves': 30, 'learning_rate': 0.03750796359625606, 'subsample': 0.6356745158869479, 'colsample_bytree': 0.9143687545759647, 'min_child_samples': 48, 'reg_alpha': 3.376063348877853e-06, 'reg_lambda': 0.0007660634613082914}. Best is trial 2 with value: 0.03789400422598114.
[I 2026-06-01 15:43:15,646] Trial 6 finished with value: 0.03953126473171718 and parameters: {'confidence_threshold': 0.5493234787411669, 'training_days': 410, 'n_estimators': 83, 'max_depth': 5, 'num_leaves': 52, 'learning_rate': 0.019657448966046126, 'subsample': 0.5027610585618012, 'colsample_bytree': 0.9077307142274171, 'min_child_samples': 77, 'reg_alpha': 0.03639690979811287, 'reg_lambda': 0.08738424135626986}. Best is trial 6 with value: 0.03953126473171718.
[I 2026-06-01 15:43:15,732] Trial 7 finished with value: 0.029738386112874216 and parameters: {'confidence_threshold': 0.5259156281069316, 'training_days': 180, 'n_estimators': 102, 'max_depth': 5, 'num_leaves': 45, 'learning_rate': 0.030816017044468066, 'subsample': 0.5317791751430119, 'colsample_bytree': 0.6554911608578311, 'min_child_samples': 46, 'reg_alpha': 0.036851536911881845, 'reg_lambda': 0.005470376807480391}. Best is trial 6 with value: 0.03953126473171718.
[I 2026-06-01 15:43:15,816] Trial 8 finished with value: 0.03226960065532799 and parameters: {'confidence_threshold': 0.8105244599017143, 'training_days': 240, 'n_estimators': 103, 'max_depth': 5, 'num_leaves': 52, 'learning_rate': 0.06746437142284309, 'subsample': 0.8854835899772805, 'colsample_bytree': 0.7468977981821954, 'min_child_samples': 62, 'reg_alpha': 7.04480806377519e-05, 'reg_lambda': 1.6934490731313353e-08}. Best is trial 6 with value: 0.03953126473171718.
[I 2026-06-01 15:43:15,836] Trial 9 finished with value: -0.12459559671995162 and parameters: {'confidence_threshold': 0.5377619994476566, 'training_days': 20, 'n_estimators': 337, 'max_depth': 3, 'num_leaves': 39, 'learning_rate': 0.21907142272152816, 'subsample': 0.6246461145744375, 'colsample_bytree': 0.7051914615178149, 'min_child_samples': 81, 'reg_alpha': 1.1459970229341322e-06, 'reg_lambda': 4.929685216887945e-08}. Best is trial 6 with value: 0.03953126473171718.
[I 2026-06-01 15:43:16,408] Trial 10 finished with value: -0.008422395610887808 and parameters: {'confidence_threshold': 0.7378545837642324, 'training_days': 350, 'n_estimators': 487, 'max_depth': 5, 'num_leaves': 62, 'learning_rate': 0.011407797829608154, 'subsample': 0.628963476300746, 'colsample_bytree': 0.8340915966600303, 'min_child_samples': 27, 'reg_alpha': 8.536188349289, 'reg_lambda': 8.145051292774586}. Best is trial 6 with value: 0.03953126473171718.
[I 2026-06-01 15:43:16,512] Trial 11 finished with value: -0.0003393557084328203 and parameters: {'confidence_threshold': 0.5970366732521153, 'training_days': 150, 'n_estimators': 245, 'max_depth': 5, 'num_leaves': 55, 'learning_rate': 0.07886508880857412, 'subsample': 0.7958418179650298, 'colsample_bytree': 0.5038827132281698, 'min_child_samples': 81, 'reg_alpha': 0.0001245458907768149, 'reg_lambda': 7.868729181011707e-06}. Best is trial 6 with value: 0.03953126473171718.
[I 2026-06-01 15:43:16,692] Trial 12 finished with value: 0.015182014860246304 and parameters: {'confidence_threshold': 0.6685474338405596, 'training_days': 310, 'n_estimators': 266, 'max_depth': 4, 'num_leaves': 31, 'learning_rate': 0.1379275984027544, 'subsample': 0.8428332421633107, 'colsample_bytree': 0.8304278626461432, 'min_child_samples': 79, 'reg_alpha': 9.294447131746271e-08, 'reg_lambda': 0.1433348019021436}. Best is trial 6 with value: 0.03953126473171718.
[I 2026-06-01 15:43:16,740] Trial 13 finished with value: 0.02026080827560981 and parameters: {'confidence_threshold': 0.573238891075841, 'training_days': 140, 'n_estimators': 64, 'max_depth': 5, 'num_leaves': 32, 'learning_rate': 0.04815035925095873, 'subsample': 0.9289430159601866, 'colsample_bytree': 0.9994455923633134, 'min_child_samples': 95, 'reg_alpha': 6.217539743358507e-06, 'reg_lambda': 8.436459949782649e-06}. Best is trial 6 with value: 0.03953126473171718.
[I 2026-06-01 15:43:16,843] Trial 14 finished with value: 0.17991874509942257 and parameters: {'confidence_threshold': 0.702224833075301, 'training_days': 220, 'n_estimators': 183, 'max_depth': 4, 'num_leaves': 15, 'learning_rate': 0.010609078207047555, 'subsample': 0.6990201046534292, 'colsample_bytree': 0.6139966073958775, 'min_child_samples': 74, 'reg_alpha': 0.0017482274705964084, 'reg_lambda': 0.0601371216769442}. Best is trial 14 with value: 0.17991874509942257.
[I 2026-06-01 15:43:16,971] Trial 15 finished with value: 0.1816187240828945 and parameters: {'confidence_threshold': 0.7302297580073746, 'training_days': 260, 'n_estimators': 189, 'max_depth': 4, 'num_leaves': 49, 'learning_rate': 0.01001662858307852, 'subsample': 0.6943845973931931, 'colsample_bytree': 0.6219365349247488, 'min_child_samples': 77, 'reg_alpha': 0.0018780797504261812, 'reg_lambda': 0.10351163679178875}. Best is trial 15 with value: 0.1816187240828945.
[I 2026-06-01 15:43:17,085] Trial 16 finished with value: 0.11414667827638243 and parameters: {'confidence_threshold': 0.7405378962307041, 'training_days': 260, 'n_estimators': 197, 'max_depth': 4, 'num_leaves': 16, 'learning_rate': 0.010586309754736819, 'subsample': 0.713173333047047, 'colsample_bytree': 0.6018233336519333, 'min_child_samples': 90, 'reg_alpha': 0.001171654915841237, 'reg_lambda': 0.06099370910008753}. Best is trial 15 with value: 0.1816187240828945.
[I 2026-06-01 15:43:17,162] Trial 17 finished with value: 0.04196120867968843 and parameters: {'confidence_threshold': 0.7296153420475378, 'training_days': 90, 'n_estimators': 198, 'max_depth': 4, 'num_leaves': 47, 'learning_rate': 0.010425658055299656, 'subsample': 0.6766614767148603, 'colsample_bytree': 0.6505152466626335, 'min_child_samples': 53, 'reg_alpha': 4.240050959313152e-05, 'reg_lambda': 5.187101925047343e-05}. Best is trial 15 with value: 0.1816187240828945.
[I 2026-06-01 15:43:17,238] A new study created in memory with name: no-name-7a8d9f01-b543-437f-a123-7f021769b064
[I 2026-06-01 15:43:17,319] Trial 0 finished with value: -0.04190792290658176 and parameters: {'confidence_threshold': 0.7437642149592516, 'training_days': 150, 'n_estimators': 152, 'max_depth': 4, 'num_leaves': 50, 'learning_rate': 0.04216766425047743, 'subsample': 0.9903820991923078, 'colsample_bytree': 0.8424148692924316, 'min_child_samples': 58, 'reg_alpha': 3.381097259762742e-05, 'reg_lambda': 1.2263152961306247e-05}. Best is trial 0 with value: -0.04190792290658176.
[I 2026-06-01 15:43:17,378] Trial 1 finished with value: -1.7624007892958264 and parameters: {'confidence_threshold': 0.7551673975844145, 'training_days': 220, 'n_estimators': 76, 'max_depth': 4, 'num_leaves': 51, 'learning_rate': 0.018602118810743477, 'subsample': 0.5877258780737462, 'colsample_bytree': 0.7657756869209191, 'min_child_samples': 63, 'reg_alpha': 0.005123994170264194, 'reg_lambda': 0.44145470178120466}. Best is trial 0 with value: -0.04190792290658176.
[I 2026-06-01 15:43:17,609] Trial 2 finished with value: 0.048355840521108584 and parameters: {'confidence_threshold': 0.7535593637012223, 'training_days': 310, 'n_estimators': 375, 'max_depth': 3, 'num_leaves': 32, 'learning_rate': 0.021735641882032388, 'subsample': 0.6468570231944146, 'colsample_bytree': 0.8154880619272439, 'min_child_samples': 27, 'reg_alpha': 8.004064028491336e-05, 'reg_lambda': 7.546835261630524e-05}. Best is trial 2 with value: 0.048355840521108584.
[I 2026-06-01 15:43:17,743] Trial 3 finished with value: -0.0023659666794236985 and parameters: {'confidence_threshold': 0.6727897841776072, 'training_days': 220, 'n_estimators': 190, 'max_depth': 4, 'num_leaves': 58, 'learning_rate': 0.24810689332636193, 'subsample': 0.7509183379421682, 'colsample_bytree': 0.8119764758960556, 'min_child_samples': 29, 'reg_alpha': 7.1708285081421445e-06, 'reg_lambda': 5.412973582738627e-05}. Best is trial 2 with value: 0.048355840521108584.
[I 2026-06-01 15:43:17,839] Trial 4 finished with value: 0.050833026271486545 and parameters: {'confidence_threshold': 0.803208205259178, 'training_days': 130, 'n_estimators': 267, 'max_depth': 5, 'num_leaves': 40, 'learning_rate': 0.08041175317374143, 'subsample': 0.5603143329951619, 'colsample_bytree': 0.9131704002534167, 'min_child_samples': 68, 'reg_alpha': 0.0008046593428183385, 'reg_lambda': 1.2158346158765583e-05}. Best is trial 4 with value: 0.050833026271486545.
[I 2026-06-01 15:43:18,033] Trial 5 finished with value: 0.025576358549654003 and parameters: {'confidence_threshold': 0.6064422761595144, 'training_days': 210, 'n_estimators': 357, 'max_depth': 5, 'num_leaves': 40, 'learning_rate': 0.0974221287220869, 'subsample': 0.7929682762811064, 'colsample_bytree': 0.8124517510478, 'min_child_samples': 74, 'reg_alpha': 0.3811377260781234, 'reg_lambda': 5.607314238392041e-08}. Best is trial 4 with value: 0.050833026271486545.
[I 2026-06-01 15:43:18,120] Trial 6 finished with value: -0.010782328388506842 and parameters: {'confidence_threshold': 0.7672889945051684, 'training_days': 130, 'n_estimators': 137, 'max_depth': 4, 'num_leaves': 19, 'learning_rate': 0.2031117614248665, 'subsample': 0.8136244860256343, 'colsample_bytree': 0.8617081790949774, 'min_child_samples': 21, 'reg_alpha': 0.002238138278733199, 'reg_lambda': 0.001025809534977322}. Best is trial 4 with value: 0.050833026271486545.
[I 2026-06-01 15:43:18,184] Trial 7 finished with value: -0.0048087916571306535 and parameters: {'confidence_threshold': 0.555635875450653, 'training_days': 80, 'n_estimators': 363, 'max_depth': 3, 'num_leaves': 48, 'learning_rate': 0.06590089024008658, 'subsample': 0.6944752870615722, 'colsample_bytree': 0.962566244806993, 'min_child_samples': 88, 'reg_alpha': 1.6465620446426067e-05, 'reg_lambda': 2.4678750890085655e-08}. Best is trial 4 with value: 0.050833026271486545.
[I 2026-06-01 15:43:18,466] Trial 8 finished with value: 0.019160337664660063 and parameters: {'confidence_threshold': 0.6066688256938841, 'training_days': 200, 'n_estimators': 367, 'max_depth': 5, 'num_leaves': 32, 'learning_rate': 0.13377519215934996, 'subsample': 0.7965884582811106, 'colsample_bytree': 0.8458508993500886, 'min_child_samples': 32, 'reg_alpha': 3.889436043816386e-05, 'reg_lambda': 1.4713062489380356e-06}. Best is trial 4 with value: 0.050833026271486545.
[I 2026-06-01 15:43:18,660] Trial 9 finished with value: -0.002912606111853652 and parameters: {'confidence_threshold': 0.6202096049169137, 'training_days': 260, 'n_estimators': 350, 'max_depth': 3, 'num_leaves': 21, 'learning_rate': 0.02989540198065364, 'subsample': 0.8307821683331218, 'colsample_bytree': 0.923253112635361, 'min_child_samples': 64, 'reg_alpha': 0.4898604619604203, 'reg_lambda': 2.9076377687066166e-05}. Best is trial 4 with value: 0.050833026271486545.
[I 2026-06-01 15:43:18,983] Trial 10 finished with value: -0.05147716349009566 and parameters: {'confidence_threshold': 0.8445241688507242, 'training_days': 470, 'n_estimators': 493, 'max_depth': 5, 'num_leaves': 63, 'learning_rate': 0.010221918552934462, 'subsample': 0.5019190721168774, 'colsample_bytree': 0.6202684210924141, 'min_child_samples': 99, 'reg_alpha': 1.9942621118187622e-08, 'reg_lambda': 0.0201634475791616}. Best is trial 4 with value: 0.050833026271486545.
[I 2026-06-01 15:43:19,144] Trial 11 finished with value: -2.0060705537289127 and parameters: {'confidence_threshold': 0.8371297552840329, 'training_days': 350, 'n_estimators': 255, 'max_depth': 3, 'num_leaves': 34, 'learning_rate': 0.022201782016086913, 'subsample': 0.6312808619205246, 'colsample_bytree': 0.6778283959364831, 'min_child_samples': 49, 'reg_alpha': 1.5149750828426856e-07, 'reg_lambda': 0.0018315601621927968}. Best is trial 4 with value: 0.050833026271486545.
[I 2026-06-01 15:43:19,388] Trial 12 finished with value: -0.00017730858067915856 and parameters: {'confidence_threshold': 0.783608013908672, 'training_days': 340, 'n_estimators': 452, 'max_depth': 3, 'num_leaves': 27, 'learning_rate': 0.05809128784912797, 'subsample': 0.5320626894686848, 'colsample_bytree': 0.5201164353688423, 'min_child_samples': 44, 'reg_alpha': 0.009430922971696443, 'reg_lambda': 8.153163594881057e-07}. Best is trial 4 with value: 0.050833026271486545.
