[I 2026-06-01 15:46:50,344] Trial 17 finished with value: 0.02199053214268129 and parameters: {'confidence_threshold': 0.6789363661861483, 'training_days': 220, 'n_estimators': 131, 'max_depth': 3, 'num_leaves': 52, 'learning_rate': 0.013380602232677397, 'subsample': 0.9162607923354252, 'colsample_bytree': 0.9072587291992488, 'min_child_samples': 93, 'reg_alpha': 3.461374408093068e-06, 'reg_lambda': 0.15302421781350042}. Best is trial 17 with value: 0.02199053214268129.

  Best confidence_threshold: 0.503
  Best training_days: 10
  Retrained on full data (30 samples, 48 features)
  [ensemble 3/3] seed=456
    [trial 0] 48 features, training_days=90 | threshold=0.587 | labels: 1013 long, 1155 short (47/53%)
    [CV fold 0] train_end=2022-01-22 08:00 | val_start=2022-01-30 00:00 | gap=184h (22 rows)
    [CV fold 1] train_end=2022-05-22 16:00 | val_start=2022-05-30 08:00 | gap=184h (22 rows)
    [CV fold 2] train_end=2022-09-20 00:00 | val_start=2022-09-27 16:00 | gap=184h (22 rows)
    [CV fold 3] train_end=2023-01-18 08:00 | val_start=2023-01-26 00:00 | gap=184h (22 rows)
    [CV fold 4] train_end=2023-05-18 16:00 | val_start=2023-05-26 08:00 | gap=184h (22 rows)
    [trial 0] Sharpe=-0.0250 (folds: 0.1810, -0.1388, -0.0462, -0.1631, 0.0420)
    [trial 1] 48 features, training_days=290 | threshold=0.635 | labels: 1013 long, 1155 short (47/53%)
    [trial 1] Sharpe=-0.0363 (folds: -0.0230, 0.1756, -0.2517, -0.0255, -0.0569)
    [trial 2] 48 features, training_days=10 | threshold=0.585 | labels: 1013 long, 1155 short (47/53%)
    [trial 2] Sharpe=-1.9932 (folds: 0.1356, 0.0265, -0.1483, 0.0202, -10.0000)
    [trial 3] 48 features, training_days=220 | threshold=0.687 | labels: 1013 long, 1155 short (47/53%)
    [trial 3] Sharpe=0.0114 (folds: -0.0424, 0.1997, -0.1316, -0.1256, 0.1570)
    [trial 4] 48 features, training_days=300 | threshold=0.562 | labels: 1013 long, 1155 short (47/53%)
    [trial 4] Sharpe=-0.0239 (folds: -0.0317, 0.1301, -0.2205, 0.0047, -0.0022)
    [trial 5] 48 features, training_days=490 | threshold=0.711 | labels: 1013 long, 1155 short (47/53%)
    [trial 5] Sharpe=-0.0731 (folds: -0.0006, 0.1458, -0.3782, -0.1483, 0.0159)
    [trial 6] 48 features, training_days=420 | threshold=0.667 | labels: 1013 long, 1155 short (47/53%)
    [trial 6] Sharpe=-0.0578 (folds: -0.0168, 0.1976, -0.3516, -0.1835, 0.0652)
    [trial 7] 48 features, training_days=120 | threshold=0.550 | labels: 1013 long, 1155 short (47/53%)
    [trial 7] Sharpe=-0.0747 (folds: -0.0012, 0.0406, -0.2587, -0.1265, -0.0275)
    [trial 8] 48 features, training_days=450 | threshold=0.720 | labels: 1013 long, 1155 short (47/53%)
    [trial 8] Sharpe=-0.0700 (folds: -0.0809, 0.1453, -0.2977, -0.0957, -0.0209)
    [trial 9] 48 features, training_days=20 | threshold=0.727 | labels: 1013 long, 1155 short (47/53%)
    [trial 9] Sharpe=-1.9932 (folds: 0.1356, 0.0265, -0.1483, 0.0202, -10.0000)
    [trial 10] 48 features, training_days=200 | threshold=0.828 | labels: 1013 long, 1155 short (47/53%)
    [trial 10] Sharpe=-10.0000 (folds: -10.0000, -10.0000, -10.0000, -10.0000, -10.0000)
    [trial 11] 48 features, training_days=310 | threshold=0.792 | labels: 1013 long, 1155 short (47/53%)
    [trial 11] Sharpe=-0.0454 (folds: -0.0398, 0.1310, -0.2549, -0.1010, 0.0380)
    [trial 12] 48 features, training_days=360 | threshold=0.515 | labels: 1013 long, 1155 short (47/53%)
    [trial 12] Sharpe=-0.0553 (folds: 0.0047, 0.0361, -0.2308, -0.1846, 0.0980)
    [trial 13] 48 features, training_days=210 | threshold=0.632 | labels: 1013 long, 1155 short (47/53%)
    [trial 13] Sharpe=-0.0108 (folds: -0.0845, 0.1169, -0.1658, 0.0887, -0.0090)
    [trial 14] 48 features, training_days=210 | threshold=0.644 | labels: 1013 long, 1155 short (47/53%)
    [trial 14] Sharpe=-0.0277 (folds: -0.0665, 0.1240, -0.2336, 0.0703, -0.0326)
    [trial 15] 48 features, training_days=190 | threshold=0.759 | labels: 1013 long, 1155 short (47/53%)
    [trial 15] Sharpe=-0.0133 (folds: 0.1012, 0.1578, -0.1735, 0.1423, -0.2945)
    [trial 16] 48 features, training_days=120 | threshold=0.629 | labels: 1013 long, 1155 short (47/53%)
    [trial 16] Sharpe=-0.0725 (folds: 0.0583, 0.0608, -0.1872, -0.2770, -0.0171)
    [trial 17] 48 features, training_days=220 | threshold=0.679 | labels: 1013 long, 1155 short (47/53%)
    [trial 17] Sharpe=0.0220 (folds: 0.1527, 0.2078, -0.2107, -0.0714, 0.0316)
  Optuna: 18 trials, best Sharpe = 0.0220
  Best params: n_estimators=131, max_depth=3, lr=0.0134, leaves=52
  Best confidence_threshold: 0.679
  Best training_days: 220
  Retrained on full data (660 samples, 48 features)
  OOD: 16 features, cutoff (q=0.7) = 14.33
  Model trained for 2023-10: 93 test candles with features, confidence_threshold=0.664
[predict] 2023-10-01 00:00 ETHUSDT → SHORT (proba=0.77 TP=4.5%/SL=2.2%)
[trade:open] 2023-10-01 07:59 ETHUSDT SHORT @ 1677.52 | SL=1714.86 TP=1602.85 | timeout=2023-10-08 07:59
[trade:close] 2023-10-01 23:59 ETHUSDT SHORT → stop_loss @ 1714.86 | PnL=-2.23% (net -2.33%) | cum=+11.21% 2023-10=-2.33% 2023-10-01=-2.33%
[predict] 2023-10-03 00:00 ETHUSDT → SHORT (proba=0.77 TP=7.0%/SL=3.5%)
[trade:open] 2023-10-03 07:59 ETHUSDT SHORT @ 1661.64 | SL=1719.41 TP=1546.09 | timeout=2023-10-10 07:59
[trade:close] 2023-10-09 23:59 ETHUSDT SHORT → take_profit @ 1546.09 | PnL=+6.95% (net +6.85%) | cum=+18.06% 2023-10=+4.53% 2023-10-09=+6.85%
[predict] 2023-10-20 00:00 ETHUSDT → SHORT (proba=0.67 TP=5.6%/SL=2.8%)
[trade:open] 2023-10-20 07:59 ETHUSDT SHORT @ 1582.76 | SL=1627.38 TP=1493.52 | timeout=2023-10-27 07:59
[trade:close] 2023-10-20 15:59 ETHUSDT SHORT → stop_loss @ 1627.38 | PnL=-2.82% (net -2.92%) | cum=+15.14% 2023-10=+1.61% 2023-10-20=-2.92%
[predict] 2023-10-21 08:00 ETHUSDT → SHORT (proba=0.81 TP=5.5%/SL=2.7%)
[trade:open] 2023-10-21 15:59 ETHUSDT SHORT @ 1627.63 | SL=1672.08 TP=1538.74 | timeout=2023-10-28 15:59
[trade:close] 2023-10-23 07:59 ETHUSDT SHORT → stop_loss @ 1672.08 | PnL=-2.73% (net -2.83%) | cum=+12.31% 2023-10=-1.22% 2023-10-23=-2.83%
[lgbm] === Training for 2023-11 ===
  Train window: 2021-11-01 → 2023-10-24
  2168 training samples from 1 symbols
  Samples per month: 2021-11: 90, 2021-12: 93, 2022-01: 93, 2022-02: 84, 2022-03: 93, 2022-04: 90, 2022-05: 93, 2022-06: 90, 2022-07: 93, 2022-08: 93, 2022-09: 90, 2022-10: 93, 2022-11: 90, 2022-12: 93, 2023-01: 93, 2023-02: 84, 2023-03: 93, 2023-04: 90, 2023-05: 93, 2023-06: 90, 2023-07: 93, 2023-08: 93, 2023-09: 90, 2023-10: 71
  [label] 2022-01-01 16:00 ETHUSDT entry=3763.0600 → SHORT | long=sl(-4.77%) short=tp(+9.24%) | scanned=12 | short_tp_only
  [label] 2022-01-03 16:00 ETHUSDT entry=3764.0700 → SHORT | long=sl(-4.30%) short=tp(+8.30%) | scanned=6 | short_tp_only
  [label] 2022-01-07 16:00 ETHUSDT entry=3196.5800 → LONG | long=sl(-8.16%) short=timeout(-3.51%) | scanned=22 | no_tp→fwd_return=+3.4105
  [label] 2022-02-01 08:00 ETHUSDT entry=2767.2700 → LONG | long=tp(+14.72%) short=sl(-7.51%) | scanned=19 | long_tp_only
  [label] 2022-03-25 16:00 ETHUSDT entry=3101.3700 → LONG | long=tp(+9.21%) short=sl(-4.76%) | scanned=8 | long_tp_only
  [label] 2022-09-07 16:00 ETHUSDT entry=1629.3500 → LONG | long=timeout(+0.27%) short=sl(-7.23%) | scanned=22 | no_tp→fwd_return=+0.3707
  [label] 2022-09-11 16:00 ETHUSDT entry=1765.0100 → SHORT | long=sl(-5.70%) short=tp(+11.10%) | scanned=6 | short_tp_only
  [label] 2022-09-22 08:00 ETHUSDT entry=1270.4900 → LONG | long=timeout(+4.30%) short=sl(-9.51%) | scanned=22 | no_tp→fwd_return=+4.3983
  [label] 2022-11-06 08:00 ETHUSDT entry=1622.6100 → SHORT | long=sl(-4.96%) short=tp(+9.62%) | scanned=5 | short_tp_only
  [label] 2022-11-14 16:00 ETHUSDT entry=1242.8900 → SHORT | long=sl(-10.19%) short=timeout(+10.84%) | scanned=22 | no_tp→fwd_return=-10.9374
  [label] 2023-02-13 00:00 ETHUSDT entry=1521.7500 → LONG | long=tp(+8.26%) short=sl(-4.28%) | scanned=8 | long_tp_only
  [label] 2023-03-17 00:00 ETHUSDT entry=1715.2900 → LONG | long=timeout(+5.69%) short=sl(-5.98%) | scanned=22 | no_tp→fwd_return=+5.7932
  [label] 2023-04-02 00:00 ETHUSDT entry=1819.8200 → LONG | long=timeout(+0.71%) short=sl(-3.64%) | scanned=22 | no_tp→fwd_return=+0.8122
  [label] 2023-04-14 16:00 ETHUSDT entry=2099.7700 → SHORT | long=sl(-4.63%) short=tp(+8.96%) | scanned=18 | short_tp_only
  [label] 2023-05-03 08:00 ETHUSDT entry=1852.1900 → LONG | long=tp(+7.22%) short=sl(-3.76%) | scanned=7 | long_tp_only
  [label] 2023-05-09 16:00 ETHUSDT entry=1845.8000 → SHORT | long=sl(-4.10%) short=timeout(+1.11%) | scanned=22 | no_tp→fwd_return=-1.2065
  [label] 2023-05-22 00:00 ETHUSDT entry=1810.1600 → SHORT | long=sl(-2.39%) short=sl(-2.39%) | scanned=9 | no_tp→fwd_return=-1.7822[I 2026-06-01 15:46:50,869] A new study created in memory with name: no-name-5aa61863-0bda-4551-864b-453c28ef0ce4
[I 2026-06-01 15:46:51,232] Trial 0 finished with value: 0.03997121338073061 and parameters: {'confidence_threshold': 0.6310890415965769, 'training_days': 480, 'n_estimators': 380, 'max_depth': 4, 'num_leaves': 22, 'learning_rate': 0.01699897838270077, 'subsample': 0.5290418060840998, 'colsample_bytree': 0.9330880728874675, 'min_child_samples': 68, 'reg_alpha': 0.023585940584142682, 'reg_lambda': 1.5320059381854043e-08}. Best is trial 0 with value: 0.03997121338073061.
[I 2026-06-01 15:46:51,370] Trial 1 finished with value: -2.1194222550735295 and parameters: {'confidence_threshold': 0.839468448256698, 'training_days': 420, 'n_estimators': 145, 'max_depth': 3, 'num_leaves': 23, 'learning_rate': 0.028145092716060652, 'subsample': 0.762378215816119, 'colsample_bytree': 0.7159725093210578, 'min_child_samples': 43, 'reg_alpha': 0.0032112643094417484, 'reg_lambda': 1.8007140198129195e-07}. Best is trial 0 with value: 0.03997121338073061.
[I 2026-06-01 15:46:51,528] Trial 2 finished with value: 0.020301645129409997 and parameters: {'confidence_threshold': 0.6022506269873263, 'training_days': 190, 'n_estimators': 255, 'max_depth': 5, 'num_leaves': 24, 'learning_rate': 0.05748924681991978, 'subsample': 0.7962072844310213, 'colsample_bytree': 0.5232252063599989, 'min_child_samples': 69, 'reg_alpha': 3.425445902633376e-07, 'reg_lambda': 3.850031979199519e-08}. Best is trial 0 with value: 0.03997121338073061.
[I 2026-06-01 15:46:51,808] Trial 3 finished with value: 0.02523304839378019 and parameters: {'confidence_threshold': 0.8321099380386666, 'training_days': 490, 'n_estimators': 414, 'max_depth': 3, 'num_leaves': 19, 'learning_rate': 0.1024932221692416, 'subsample': 0.7200762468698007, 'colsample_bytree': 0.5610191174223894, 'min_child_samples': 60, 'reg_alpha': 2.039373116525212e-08, 'reg_lambda': 1.527156759251193}. Best is trial 0 with value: 0.03997121338073061.
[I 2026-06-01 15:46:51,991] Trial 4 finished with value: -0.004952640331306291 and parameters: {'confidence_threshold': 0.5905729935600059, 'training_days': 340, 'n_estimators': 190, 'max_depth': 4, 'num_leaves': 41, 'learning_rate': 0.01875220945578641, 'subsample': 0.9847923138822793, 'colsample_bytree': 0.8875664116805573, 'min_child_samples': 96, 'reg_alpha': 1.1309571585271483, 'reg_lambda': 0.002404915432737351}. Best is trial 0 with value: 0.03997121338073061.
[I 2026-06-01 15:46:52,035] Trial 5 finished with value: 0.08519133610409932 and parameters: {'confidence_threshold': 0.8226559822580909, 'training_days': 50, 'n_estimators': 138, 'max_depth': 3, 'num_leaves': 30, 'learning_rate': 0.03750796359625606, 'subsample': 0.6356745158869479, 'colsample_bytree': 0.9143687545759647, 'min_child_samples': 48, 'reg_alpha': 3.376063348877853e-06, 'reg_lambda': 0.0007660634613082914}. Best is trial 5 with value: 0.08519133610409932.
[I 2026-06-01 15:46:52,161] Trial 6 finished with value: 0.015536183578867064 and parameters: {'confidence_threshold': 0.5493234787411669, 'training_days': 410, 'n_estimators': 83, 'max_depth': 5, 'num_leaves': 52, 'learning_rate': 0.019657448966046126, 'subsample': 0.5027610585618012, 'colsample_bytree': 0.9077307142274171, 'min_child_samples': 77, 'reg_alpha': 0.03639690979811287, 'reg_lambda': 0.08738424135626986}. Best is trial 5 with value: 0.08519133610409932.
[I 2026-06-01 15:46:52,259] Trial 7 finished with value: 0.019276908232395588 and parameters: {'confidence_threshold': 0.5259156281069316, 'training_days': 180, 'n_estimators': 102, 'max_depth': 5, 'num_leaves': 45, 'learning_rate': 0.030816017044468066, 'subsample': 0.5317791751430119, 'colsample_bytree': 0.6554911608578311, 'min_child_samples': 46, 'reg_alpha': 0.036851536911881845, 'reg_lambda': 0.005470376807480391}. Best is trial 5 with value: 0.08519133610409932.
[I 2026-06-01 15:46:52,366] Trial 8 finished with value: 0.07301462936435461 and parameters: {'confidence_threshold': 0.8105244599017143, 'training_days': 240, 'n_estimators': 103, 'max_depth': 5, 'num_leaves': 52, 'learning_rate': 0.06746437142284309, 'subsample': 0.8854835899772805, 'colsample_bytree': 0.7468977981821954, 'min_child_samples': 62, 'reg_alpha': 7.04480806377519e-05, 'reg_lambda': 1.6934490731313353e-08}. Best is trial 5 with value: 0.08519133610409932.
[I 2026-06-01 15:46:52,389] Trial 9 finished with value: -5.94226387236815 and parameters: {'confidence_threshold': 0.5377619994476566, 'training_days': 20, 'n_estimators': 337, 'max_depth': 3, 'num_leaves': 39, 'learning_rate': 0.21907142272152816, 'subsample': 0.6246461145744375, 'colsample_bytree': 0.7051914615178149, 'min_child_samples': 81, 'reg_alpha': 1.1459970229341322e-06, 'reg_lambda': 4.929685216887945e-08}. Best is trial 5 with value: 0.08519133610409932.
[I 2026-06-01 15:46:52,421] Trial 10 finished with value: -2.0505198154569824 and parameters: {'confidence_threshold': 0.7318981109748116, 'training_days': 10, 'n_estimators': 487, 'max_depth': 4, 'num_leaves': 31, 'learning_rate': 0.14704103471568217, 'subsample': 0.628963476300746, 'colsample_bytree': 0.987470107623585, 'min_child_samples': 25, 'reg_alpha': 2.608784411827665e-05, 'reg_lambda': 3.3639426888455256e-06}. Best is trial 5 with value: 0.08519133610409932.
[I 2026-06-01 15:46:52,548] Trial 11 finished with value: -0.06836563886473337 and parameters: {'confidence_threshold': 0.7615879655568232, 'training_days': 110, 'n_estimators': 212, 'max_depth': 4, 'num_leaves': 60, 'learning_rate': 0.061519626256430725, 'subsample': 0.9202578099039949, 'colsample_bytree': 0.8131245566687184, 'min_child_samples': 46, 'reg_alpha': 7.791525617942995e-05, 'reg_lambda': 1.7775498934647403e-05}. Best is trial 5 with value: 0.08519133610409932.
[I 2026-06-01 15:46:52,623] Trial 12 finished with value: 0.05974291448949552 and parameters: {'confidence_threshold': 0.7683435244955696, 'training_days': 280, 'n_estimators': 59, 'max_depth': 3, 'num_leaves': 33, 'learning_rate': 0.08962717626942573, 'subsample': 0.8744254896436161, 'colsample_bytree': 0.7897463007259964, 'min_child_samples': 30, 'reg_alpha': 7.648836983874614e-06, 'reg_lambda': 0.00010582050771147222}. Best is trial 5 with value: 0.08519133610409932.
[I 2026-06-01 15:46:52,718] Trial 13 finished with value: -0.0544161887030864 and parameters: {'confidence_threshold': 0.694422166807498, 'training_days': 110, 'n_estimators': 151, 'max_depth': 5, 'num_leaves': 62, 'learning_rate': 0.03817149751567075, 'subsample': 0.6803710106053958, 'colsample_bytree': 0.8312819852358413, 'min_child_samples': 49, 'reg_alpha': 0.0005887574809845359, 'reg_lambda': 3.4757862173186272e-06}. Best is trial 5 with value: 0.08519133610409932.
[I 2026-06-01 15:46:52,933] Trial 14 finished with value: 0.09703369755819277 and parameters: {'confidence_threshold': 0.7871652886153421, 'training_days': 240, 'n_estimators': 277, 'max_depth': 4, 'num_leaves': 54, 'learning_rate': 0.04348593163481826, 'subsample': 0.855002712575994, 'colsample_bytree': 0.6257061141687481, 'min_child_samples': 58, 'reg_alpha': 3.770845974254184e-08, 'reg_lambda': 0.0006284807489164356}. Best is trial 14 with value: 0.09703369755819277.
[I 2026-06-01 15:46:53,049] Trial 15 finished with value: -0.018924184581199564 and parameters: {'confidence_threshold': 0.7897255408101392, 'training_days': 70, 'n_estimators': 289, 'max_depth': 3, 'num_leaves': 31, 'learning_rate': 0.010131575033667127, 'subsample': 0.8253124419215165, 'colsample_bytree': 0.6249648761359918, 'min_child_samples': 37, 'reg_alpha': 1.0692888771850759e-08, 'reg_lambda': 0.0007008411703147273}. Best is trial 14 with value: 0.09703369755819277.
[I 2026-06-01 15:46:53,283] Trial 16 finished with value: 0.058395261626709716 and parameters: {'confidence_threshold': 0.7135609355685151, 'training_days': 310, 'n_estimators': 293, 'max_depth': 4, 'num_leaves': 54, 'learning_rate': 0.04099724293049538, 'subsample': 0.6095890091783663, 'colsample_bytree': 0.632035183231185, 'min_child_samples': 58, 'reg_alpha': 2.609148149670165e-07, 'reg_lambda': 0.04001143905238397}. Best is trial 14 with value: 0.09703369755819277.
[I 2026-06-01 15:46:53,419] Trial 17 finished with value: -0.0027002554615770695 and parameters: {'confidence_threshold': 0.6638080805792761, 'training_days': 190, 'n_estimators': 229, 'max_depth': 3, 'num_leaves': 46, 'learning_rate': 0.010425658055299656, 'subsample': 0.6977080924048726, 'colsample_bytree': 0.9956385980717998, 'min_child_samples': 54, 'reg_alpha': 2.219953362096533e-06, 'reg_lambda': 5.6800538640641765e-05}. Best is trial 14 with value: 0.09703369755819277.
[I 2026-06-01 15:46:53,712] A new study created in memory with name: no-name-d81a9eb7-f012-4c3e-abbe-dc5736108cbc
[I 2026-06-01 15:46:53,796] Trial 0 finished with value: -0.03340993399988278 and parameters: {'confidence_threshold': 0.7437642149592516, 'training_days': 150, 'n_estimators': 152, 'max_depth': 4, 'num_leaves': 50, 'learning_rate': 0.04216766425047743, 'subsample': 0.9903820991923078, 'colsample_bytree': 0.8424148692924316, 'min_child_samples': 58, 'reg_alpha': 3.381097259762742e-05, 'reg_lambda': 1.2263152961306247e-05}. Best is trial 0 with value: -0.03340993399988278.
[I 2026-06-01 15:46:53,869] Trial 1 finished with value: -3.9630075313285635 and parameters: {'confidence_threshold': 0.7551673975844145, 'training_days': 220, 'n_estimators': 76, 'max_depth': 4, 'num_leaves': 51, 'learning_rate': 0.018602118810743477, 'subsample': 0.5877258780737462, 'colsample_bytree': 0.7657756869209191, 'min_child_samples': 63, 'reg_alpha': 0.005123994170264194, 'reg_lambda': 0.44145470178120466}. Best is trial 0 with value: -0.03340993399988278.
[I 2026-06-01 15:46:54,120] Trial 2 finished with value: 0.0959549809527479 and parameters: {'confidence_threshold': 0.7535593637012223, 'training_days': 310, 'n_estimators': 375, 'max_depth': 3, 'num_leaves': 32, 'learning_rate': 0.021735641882032388, 'subsample': 0.6468570231944146, 'colsample_bytree': 0.8154880619272439, 'min_child_samples': 27, 'reg_alpha': 8.004064028491336e-05, 'reg_lambda': 7.546835261630524e-05}. Best is trial 2 with value: 0.0959549809527479.
[I 2026-06-01 15:46:54,283] Trial 3 finished with value: 0.07440757233125939 and parameters: {'confidence_threshold': 0.6727897841776072, 'training_days': 220, 'n_estimators': 190, 'max_depth': 4, 'num_leaves': 58, 'learning_rate': 0.24810689332636193, 'subsample': 0.7509183379421682, 'colsample_bytree': 0.8119764758960556, 'min_child_samples': 29, 'reg_alpha': 7.1708285081421445e-06, 'reg_lambda': 5.412973582738627e-05}. Best is trial 2 with value: 0.0959549809527479.
[I 2026-06-01 15:46:54,401] Trial 4 finished with value: -0.019243516970843685 and parameters: {'confidence_threshold': 0.803208205259178, 'training_days': 130, 'n_estimators': 267, 'max_depth': 5, 'num_leaves': 40, 'learning_rate': 0.08041175317374143, 'subsample': 0.5603143329951619, 'colsample_bytree': 0.9131704002534167, 'min_child_samples': 68, 'reg_alpha': 0.0008046593428183385, 'reg_lambda': 1.2158346158765583e-05}. Best is trial 2 with value: 0.0959549809527479.
[I 2026-06-01 15:46:54,640] Trial 5 finished with value: 0.025326190494413824 and parameters: {'confidence_threshold': 0.6064422761595144, 'training_days': 210, 'n_estimators': 357, 'max_depth': 5, 'num_leaves': 40, 'learning_rate': 0.0974221287220869, 'subsample': 0.7929682762811064, 'colsample_bytree': 0.8124517510478, 'min_child_samples': 74, 'reg_alpha': 0.3811377260781234, 'reg_lambda': 5.607314238392041e-08}. Best is trial 2 with value: 0.0959549809527479.
[I 2026-06-01 15:46:54,761] Trial 6 finished with value: 0.01009194840447444 and parameters: {'confidence_threshold': 0.7672889945051684, 'training_days': 130, 'n_estimators': 137, 'max_depth': 4, 'num_leaves': 19, 'learning_rate': 0.2031117614248665, 'subsample': 0.8136244860256343, 'colsample_bytree': 0.8617081790949774, 'min_child_samples': 21, 'reg_alpha': 0.002238138278733199, 'reg_lambda': 0.001025809534977322}. Best is trial 2 with value: 0.0959549809527479.
[I 2026-06-01 15:46:54,842] Trial 7 finished with value: -0.0007921678428237045 and parameters: {'confidence_threshold': 0.555635875450653, 'training_days': 80, 'n_estimators': 363, 'max_depth': 3, 'num_leaves': 48, 'learning_rate': 0.06590089024008658, 'subsample': 0.6944752870615722, 'colsample_bytree': 0.962566244806993, 'min_child_samples': 88, 'reg_alpha': 1.6465620446426067e-05, 'reg_lambda': 2.4678750890085655e-08}. Best is trial 2 with value: 0.0959549809527479.
[I 2026-06-01 15:46:55,185] Trial 8 finished with value: 0.06024499093121416 and parameters: {'confidence_threshold': 0.6066688256938841, 'training_days': 200, 'n_estimators': 367, 'max_depth': 5, 'num_leaves': 32, 'learning_rate': 0.13377519215934996, 'subsample': 0.7965884582811106, 'colsample_bytree': 0.8458508993500886, 'min_child_samples': 32, 'reg_alpha': 3.889436043816386e-05, 'reg_lambda': 1.4713062489380356e-06}. Best is trial 2 with value: 0.0959549809527479.
