[I 2026-06-01 15:48:37,551] Trial 17 finished with value: -0.06057091192046711 and parameters: {'confidence_threshold': 0.5080881579696632, 'training_days': 360, 'n_estimators': 221, 'max_depth': 3, 'num_leaves': 18, 'learning_rate': 0.025451127334381155, 'subsample': 0.8002407697944357, 'colsample_bytree': 0.811730257394859, 'min_child_samples': 61, 'reg_alpha': 5.852415218490621e-06, 'reg_lambda': 1.969386138451078e-06}. Best is trial 13 with value: 0.12088765628744014.

    [trial 8] Sharpe=0.0171 (folds: -0.1400, -0.0740, 0.1166, 0.2052, -0.0224)
    [trial 9] 48 features, training_days=260 | threshold=0.620 | labels: 1134 long, 1037 short (52/48%)
    [trial 9] Sharpe=0.0049 (folds: -0.0856, -0.1788, 0.2197, 0.1430, -0.0738)
    [trial 10] 48 features, training_days=470 | threshold=0.845 | labels: 1134 long, 1037 short (52/48%)
    [trial 10] Sharpe=-0.0789 (folds: -0.0156, -0.3050, -0.0378, -0.0360, -0.0002)
    [trial 11] 48 features, training_days=10 | threshold=0.508 | labels: 1134 long, 1037 short (52/48%)
    [trial 11] Sharpe=-0.0896 (folds: -0.1592, -0.0155, -0.1813, -0.1896, 0.0975)
    [trial 12] 48 features, training_days=10 | threshold=0.517 | labels: 1134 long, 1037 short (52/48%)
    [trial 12] Sharpe=-0.0896 (folds: -0.1592, -0.0155, -0.1813, -0.1896, 0.0975)
    [trial 13] 48 features, training_days=110 | threshold=0.696 | labels: 1134 long, 1037 short (52/48%)
    [trial 13] Sharpe=0.0841 (folds: -0.1149, -0.0713, 0.2932, 0.1893, 0.1240)
    [trial 14] 48 features, training_days=340 | threshold=0.697 | labels: 1134 long, 1037 short (52/48%)
    [trial 14] Sharpe=-0.0188 (folds: -0.1947, -0.0420, 0.0200, 0.1107, 0.0121)
    [trial 15] 48 features, training_days=90 | threshold=0.692 | labels: 1134 long, 1037 short (52/48%)
    [trial 15] Sharpe=0.0612 (folds: -0.1559, -0.1120, 0.1913, 0.2448, 0.1376)
    [trial 16] 48 features, training_days=70 | threshold=0.792 | labels: 1134 long, 1037 short (52/48%)
    [trial 16] Sharpe=0.0443 (folds: -0.0825, 0.0373, 0.0802, 0.1784, 0.0081)
    [trial 17] 48 features, training_days=160 | threshold=0.652 | labels: 1134 long, 1037 short (52/48%)
    [trial 17] Sharpe=-0.0052 (folds: -0.1240, -0.1028, -0.0713, 0.3365, -0.0644)
  Optuna: 18 trials, best Sharpe = 0.0841
  Best params: n_estimators=475, max_depth=3, lr=0.0555, leaves=49
  Best confidence_threshold: 0.696
  Best training_days: 110
  Retrained on full data (330 samples, 48 features)
  [ensemble 3/3] seed=456
    [trial 0] 48 features, training_days=90 | threshold=0.587 | labels: 1134 long, 1037 short (52/48%)
    [CV fold 0] train_end=2022-11-23 08:00 | val_start=2022-12-01 00:00 | gap=184h (22 rows)
    [CV fold 1] train_end=2023-03-23 16:00 | val_start=2023-03-31 08:00 | gap=184h (22 rows)
    [CV fold 2] train_end=2023-07-22 00:00 | val_start=2023-07-29 16:00 | gap=184h (22 rows)
    [CV fold 3] train_end=2023-11-19 08:00 | val_start=2023-11-27 00:00 | gap=184h (22 rows)
    [CV fold 4] train_end=2024-03-18 16:00 | val_start=2024-03-26 08:00 | gap=184h (22 rows)
    [trial 0] Sharpe=0.0467 (folds: -0.1885, -0.2184, 0.2716, 0.2667, 0.1022)
    [trial 1] 48 features, training_days=290 | threshold=0.635 | labels: 1134 long, 1037 short (52/48%)
    [trial 1] Sharpe=-0.0388 (folds: -0.1579, -0.1592, 0.0865, 0.1304, -0.0938)
    [trial 2] 48 features, training_days=10 | threshold=0.585 | labels: 1134 long, 1037 short (52/48%)
    [trial 2] Sharpe=-0.0896 (folds: -0.1592, -0.0155, -0.1813, -0.1896, 0.0975)
    [trial 3] 48 features, training_days=220 | threshold=0.687 | labels: 1134 long, 1037 short (52/48%)
    [trial 3] Sharpe=0.0020 (folds: -0.2907, -0.3079, 0.2429, 0.2953, 0.0703)
    [trial 4] 48 features, training_days=300 | threshold=0.562 | labels: 1134 long, 1037 short (52/48%)
    [trial 4] Sharpe=-0.0506 (folds: -0.0500, -0.1362, -0.0174, 0.0555, -0.1051)
    [trial 5] 48 features, training_days=490 | threshold=0.711 | labels: 1134 long, 1037 short (52/48%)
    [trial 5] Sharpe=-0.0338 (folds: -0.1995, -0.0656, -0.0178, 0.0855, 0.0284)
    [trial 6] 48 features, training_days=420 | threshold=0.667 | labels: 1134 long, 1037 short (52/48%)
    [trial 6] Sharpe=-0.0301 (folds: -0.1484, -0.0439, 0.0161, 0.0467, -0.0207)
    [trial 7] 48 features, training_days=120 | threshold=0.550 | labels: 1134 long, 1037 short (52/48%)
    [trial 7] Sharpe=-0.0005 (folds: -0.1571, -0.1017, 0.1721, 0.0314, 0.0529)
    [trial 8] 48 features, training_days=450 | threshold=0.720 | labels: 1134 long, 1037 short (52/48%)
    [trial 8] Sharpe=-0.0335 (folds: -0.1510, -0.1925, 0.1256, 0.0335, 0.0169)
    [trial 9] 48 features, training_days=20 | threshold=0.727 | labels: 1134 long, 1037 short (52/48%)
    [trial 9] Sharpe=-5.9836 (folds: -10.0000, -0.0155, -10.0000, -10.0000, 0.0975)
    [trial 10] 48 features, training_days=130 | threshold=0.840 | labels: 1134 long, 1037 short (52/48%)
    [trial 10] Sharpe=0.0732 (folds: -0.0511, -0.1129, 0.1135, 0.4382, -0.0219)
    [trial 11] 48 features, training_days=140 | threshold=0.849 | labels: 1134 long, 1037 short (52/48%)
    [trial 11] Sharpe=0.0608 (folds: -0.0148, -0.2637, 0.0946, 0.5462, -0.0585)
    [trial 12] 48 features, training_days=180 | threshold=0.844 | labels: 1134 long, 1037 short (52/48%)
    [trial 12] Sharpe=0.0410 (folds: 0.0051, 0.0309, -0.2882, 0.5427, -0.0854)
    [trial 13] 48 features, training_days=130 | threshold=0.849 | labels: 1134 long, 1037 short (52/48%)
    [trial 13] Sharpe=0.1209 (folds: -0.0534, -0.1116, 0.2183, 0.5737, -0.0226)
    [trial 14] 48 features, training_days=80 | threshold=0.794 | labels: 1134 long, 1037 short (52/48%)
    [trial 14] Sharpe=0.0466 (folds: -0.2424, -0.1158, 0.1125, 0.2796, 0.1991)
    [trial 15] 48 features, training_days=230 | threshold=0.783 | labels: 1134 long, 1037 short (52/48%)
    [trial 15] Sharpe=-0.0129 (folds: -0.1887, -0.0488, 0.1450, 0.1407, -0.1127)
    [trial 16] 48 features, training_days=170 | threshold=0.784 | labels: 1134 long, 1037 short (52/48%)
    [trial 16] Sharpe=0.0413 (folds: -0.1790, -0.1413, 0.0091, 0.5602, -0.0427)
    [trial 17] 48 features, training_days=360 | threshold=0.508 | labels: 1134 long, 1037 short (52/48%)
    [trial 17] Sharpe=-0.0606 (folds: -0.1501, -0.1729, -0.0076, 0.0993, -0.0716)
  Optuna: 18 trials, best Sharpe = 0.1209
  Best params: n_estimators=494, max_depth=4, lr=0.0104, leaves=55
  Best confidence_threshold: 0.849
  Best training_days: 130
  Retrained on full data (390 samples, 48 features)
  OOD: 16 features, cutoff (q=0.7) = 14.62
  Model trained for 2024-08: 93 test candles with features, confidence_threshold=0.760
[trade:close] 2024-08-03 07:59 ETHUSDT SHORT → take_profit @ 2951.92 | PnL=+9.12% (net +9.02%) | cum=-11.32% 2024-08=+9.02% 2024-08-03=+9.02%
[predict] 2024-08-13 00:00 ETHUSDT → LONG (proba=0.86 TP=15.0%/SL=7.5%)
[trade:open] 2024-08-13 07:59 ETHUSDT LONG @ 2647.14 | SL=2448.40 TP=3044.62 | timeout=2024-08-20 07:59
[trade:close] 2024-08-20 08:00 ETHUSDT LONG → timeout @ 2673.67 | PnL=+1.00% (net +0.90%) | cum=-10.42% 2024-08=+9.92% 2024-08-20=+0.90%
[predict] 2024-08-21 00:00 ETHUSDT → SHORT (proba=0.96 TP=9.7%/SL=4.8%)
[trade:open] 2024-08-21 07:59 ETHUSDT SHORT @ 2599.22 | SL=2724.80 TP=2348.07 | timeout=2024-08-28 07:59
[trade:close] 2024-08-23 23:59 ETHUSDT SHORT → stop_loss @ 2724.80 | PnL=-4.83% (net -4.93%) | cum=-15.35% 2024-08=+4.99% 2024-08-23=-4.93%
[predict] 2024-08-24 16:00 ETHUSDT → SHORT (proba=0.90 TP=8.7%/SL=4.4%)
[trade:open] 2024-08-24 23:59 ETHUSDT SHORT @ 2766.40 | SL=2886.80 TP=2525.60 | timeout=2024-08-31 23:59
[trade:close] 2024-08-27 23:59 ETHUSDT SHORT → take_profit @ 2525.60 | PnL=+8.70% (net +8.60%) | cum=-6.75% 2024-08=+13.60% 2024-08-27=+8.60%
[predict] 2024-08-29 16:00 ETHUSDT → LONG (proba=0.91 TP=10.8%/SL=5.4%)
[trade:open] 2024-08-29 23:59 ETHUSDT LONG @ 2526.28 | SL=2389.68 TP=2799.48 | timeout=2024-09-05 23:59
[lgbm] === Training for 2024-09 ===
  Train window: 2022-09-01 → 2024-08-24
  2171 training samples from 1 symbols
  Samples per month: 2022-09: 90, 2022-10: 93, 2022-11: 90, 2022-12: 93, 2023-01: 93, 2023-02: 84, 2023-03: 93, 2023-04: 90, 2023-05: 93, 2023-06: 90, 2023-07: 93, 2023-08: 93, 2023-09: 90, 2023-10: 93, 2023-11: 90, 2023-12: 93, 2024-01: 93, 2024-02: 87, 2024-03: 93, 2024-04: 90, 2024-05: 93, 2024-06: 90, 2024-07: 93, 2024-08: 71
  [label] 2022-11-01 16:00 ETHUSDT entry=1577.8800 → SHORT | long=sl(-5.26%) short=sl(-5.26%) | scanned=19 | no_tp→fwd_return=-5.5055
  [label] 2022-11-04 00:00 ETHUSDT entry=1586.6800 → SHORT | long=sl(-5.60%) short=sl(-5.60%) | scanned=12 | no_tp→fwd_return=-6.0296
  [label] 2022-11-07 16:00 ETHUSDT entry=1567.5200 → SHORT | long=sl(-5.52%) short=tp(+10.75%) | scanned=3 | short_tp_only[I 2026-06-01 15:48:38,209] A new study created in memory with name: no-name-9a7f8532-4172-4dbf-969c-d1ae17b1ad33
[I 2026-06-01 15:48:38,531] Trial 0 finished with value: -0.015542550604805073 and parameters: {'confidence_threshold': 0.6310890415965769, 'training_days': 480, 'n_estimators': 380, 'max_depth': 4, 'num_leaves': 22, 'learning_rate': 0.01699897838270077, 'subsample': 0.5290418060840998, 'colsample_bytree': 0.9330880728874675, 'min_child_samples': 68, 'reg_alpha': 0.023585940584142682, 'reg_lambda': 1.5320059381854043e-08}. Best is trial 0 with value: -0.015542550604805073.
[I 2026-06-01 15:48:38,651] Trial 1 finished with value: -4.260005681980964 and parameters: {'confidence_threshold': 0.839468448256698, 'training_days': 420, 'n_estimators': 145, 'max_depth': 3, 'num_leaves': 23, 'learning_rate': 0.028145092716060652, 'subsample': 0.762378215816119, 'colsample_bytree': 0.7159725093210578, 'min_child_samples': 43, 'reg_alpha': 0.0032112643094417484, 'reg_lambda': 1.8007140198129195e-07}. Best is trial 0 with value: -0.015542550604805073.
[I 2026-06-01 15:48:38,812] Trial 2 finished with value: -0.017729025890022697 and parameters: {'confidence_threshold': 0.6022506269873263, 'training_days': 190, 'n_estimators': 255, 'max_depth': 5, 'num_leaves': 24, 'learning_rate': 0.05748924681991978, 'subsample': 0.7962072844310213, 'colsample_bytree': 0.5232252063599989, 'min_child_samples': 69, 'reg_alpha': 3.425445902633376e-07, 'reg_lambda': 3.850031979199519e-08}. Best is trial 0 with value: -0.015542550604805073.
[I 2026-06-01 15:48:39,083] Trial 3 finished with value: -0.053442893599448 and parameters: {'confidence_threshold': 0.8321099380386666, 'training_days': 490, 'n_estimators': 414, 'max_depth': 3, 'num_leaves': 19, 'learning_rate': 0.1024932221692416, 'subsample': 0.7200762468698007, 'colsample_bytree': 0.5610191174223894, 'min_child_samples': 60, 'reg_alpha': 2.039373116525212e-08, 'reg_lambda': 1.527156759251193}. Best is trial 0 with value: -0.015542550604805073.
[I 2026-06-01 15:48:39,252] Trial 4 finished with value: -0.06942097449339812 and parameters: {'confidence_threshold': 0.5905729935600059, 'training_days': 340, 'n_estimators': 190, 'max_depth': 4, 'num_leaves': 41, 'learning_rate': 0.01875220945578641, 'subsample': 0.9847923138822793, 'colsample_bytree': 0.8875664116805573, 'min_child_samples': 96, 'reg_alpha': 1.1309571585271483, 'reg_lambda': 0.002404915432737351}. Best is trial 0 with value: -0.015542550604805073.
[I 2026-06-01 15:48:39,291] Trial 5 finished with value: -0.061176912286279014 and parameters: {'confidence_threshold': 0.8226559822580909, 'training_days': 50, 'n_estimators': 138, 'max_depth': 3, 'num_leaves': 30, 'learning_rate': 0.03750796359625606, 'subsample': 0.6356745158869479, 'colsample_bytree': 0.9143687545759647, 'min_child_samples': 48, 'reg_alpha': 3.376063348877853e-06, 'reg_lambda': 0.0007660634613082914}. Best is trial 0 with value: -0.015542550604805073.
[I 2026-06-01 15:48:39,414] Trial 6 finished with value: -0.02453547143749792 and parameters: {'confidence_threshold': 0.5493234787411669, 'training_days': 410, 'n_estimators': 83, 'max_depth': 5, 'num_leaves': 52, 'learning_rate': 0.019657448966046126, 'subsample': 0.5027610585618012, 'colsample_bytree': 0.9077307142274171, 'min_child_samples': 77, 'reg_alpha': 0.03639690979811287, 'reg_lambda': 0.08738424135626986}. Best is trial 0 with value: -0.015542550604805073.
[I 2026-06-01 15:48:39,512] Trial 7 finished with value: 0.021296708296434926 and parameters: {'confidence_threshold': 0.5259156281069316, 'training_days': 180, 'n_estimators': 102, 'max_depth': 5, 'num_leaves': 45, 'learning_rate': 0.030816017044468066, 'subsample': 0.5317791751430119, 'colsample_bytree': 0.6554911608578311, 'min_child_samples': 46, 'reg_alpha': 0.036851536911881845, 'reg_lambda': 0.005470376807480391}. Best is trial 7 with value: 0.021296708296434926.
[I 2026-06-01 15:48:39,616] Trial 8 finished with value: 0.12280628341160638 and parameters: {'confidence_threshold': 0.8105244599017143, 'training_days': 240, 'n_estimators': 103, 'max_depth': 5, 'num_leaves': 52, 'learning_rate': 0.06746437142284309, 'subsample': 0.8854835899772805, 'colsample_bytree': 0.7468977981821954, 'min_child_samples': 62, 'reg_alpha': 7.04480806377519e-05, 'reg_lambda': 1.6934490731313353e-08}. Best is trial 8 with value: 0.12280628341160638.
[I 2026-06-01 15:48:39,638] Trial 9 finished with value: -2.0652190313816896 and parameters: {'confidence_threshold': 0.5377619994476566, 'training_days': 20, 'n_estimators': 337, 'max_depth': 3, 'num_leaves': 39, 'learning_rate': 0.21907142272152816, 'subsample': 0.6246461145744375, 'colsample_bytree': 0.7051914615178149, 'min_child_samples': 81, 'reg_alpha': 1.1459970229341322e-06, 'reg_lambda': 4.929685216887945e-08}. Best is trial 8 with value: 0.12280628341160638.
[I 2026-06-01 15:48:40,234] Trial 10 finished with value: 0.025721217807704977 and parameters: {'confidence_threshold': 0.734042426776949, 'training_days': 280, 'n_estimators': 487, 'max_depth': 5, 'num_leaves': 62, 'learning_rate': 0.10432148521337849, 'subsample': 0.9416850669512905, 'colsample_bytree': 0.8120417635861826, 'min_child_samples': 27, 'reg_alpha': 7.238112263003475e-05, 'reg_lambda': 3.3639426888455256e-06}. Best is trial 8 with value: 0.12280628341160638.
[I 2026-06-01 15:48:40,832] Trial 11 finished with value: 0.01775169349949931 and parameters: {'confidence_threshold': 0.7421374894694948, 'training_days': 280, 'n_estimators': 461, 'max_depth': 5, 'num_leaves': 62, 'learning_rate': 0.10109116109881597, 'subsample': 0.9447271656461484, 'colsample_bytree': 0.8173450355221697, 'min_child_samples': 20, 'reg_alpha': 8.428275500049382e-05, 'reg_lambda': 7.868729181011707e-06}. Best is trial 8 with value: 0.12280628341160638.
[I 2026-06-01 15:48:41,240] Trial 12 finished with value: 0.010059892457621244 and parameters: {'confidence_threshold': 0.7456922347436593, 'training_days': 190, 'n_estimators': 493, 'max_depth': 4, 'num_leaves': 63, 'learning_rate': 0.09214174051661962, 'subsample': 0.8771157087275017, 'colsample_bytree': 0.7993699739305575, 'min_child_samples': 20, 'reg_alpha': 7.488969638352523e-05, 'reg_lambda': 4.902432120627228e-06}. Best is trial 8 with value: 0.12280628341160638.
[I 2026-06-01 15:48:41,588] Trial 13 finished with value: -0.007054679923056373 and parameters: {'confidence_threshold': 0.7321922500141939, 'training_days': 290, 'n_estimators': 258, 'max_depth': 5, 'num_leaves': 52, 'learning_rate': 0.22361544567965289, 'subsample': 0.87730723737345, 'colsample_bytree': 0.9985258964593356, 'min_child_samples': 34, 'reg_alpha': 0.0006026357478749842, 'reg_lambda': 4.448098583586063e-06}. Best is trial 8 with value: 0.12280628341160638.
[I 2026-06-01 15:48:41,753] Trial 14 finished with value: 0.007136018576189831 and parameters: {'confidence_threshold': 0.6898279210180553, 'training_days': 130, 'n_estimators': 315, 'max_depth': 4, 'num_leaves': 56, 'learning_rate': 0.06283847906775361, 'subsample': 0.8995482491068458, 'colsample_bytree': 0.7977802668667473, 'min_child_samples': 56, 'reg_alpha': 1.4847666624200934e-05, 'reg_lambda': 5.713044257059058e-07}. Best is trial 8 with value: 0.12280628341160638.
[I 2026-06-01 15:48:41,994] Trial 15 finished with value: -0.05780569565640899 and parameters: {'confidence_threshold': 0.7897255408101392, 'training_days': 340, 'n_estimators': 199, 'max_depth': 5, 'num_leaves': 56, 'learning_rate': 0.12901484772274463, 'subsample': 0.9918775807780621, 'colsample_bytree': 0.6290746674720268, 'min_child_samples': 33, 'reg_alpha': 0.0014468617202965158, 'reg_lambda': 6.30136779517885e-05}. Best is trial 8 with value: 0.12280628341160638.
[I 2026-06-01 15:48:42,286] Trial 16 finished with value: 0.02810044988903889 and parameters: {'confidence_threshold': 0.6879107364843813, 'training_days': 240, 'n_estimators': 408, 'max_depth': 4, 'num_leaves': 50, 'learning_rate': 0.15013971957309138, 'subsample': 0.8013687718960705, 'colsample_bytree': 0.7663584390575363, 'min_child_samples': 84, 'reg_alpha': 2.44367267277551e-08, 'reg_lambda': 6.495360766341119e-07}. Best is trial 8 with value: 0.12280628341160638.
[I 2026-06-01 15:48:42,398] Trial 17 finished with value: 0.007338843107740012 and parameters: {'confidence_threshold': 0.6755099553978283, 'training_days': 110, 'n_estimators': 414, 'max_depth': 4, 'num_leaves': 47, 'learning_rate': 0.010425658055299656, 'subsample': 0.8186049663138868, 'colsample_bytree': 0.6293593416896959, 'min_child_samples': 99, 'reg_alpha': 1.4508120696507866e-08, 'reg_lambda': 5.61024688199678e-05}. Best is trial 8 with value: 0.12280628341160638.
[I 2026-06-01 15:48:42,754] A new study created in memory with name: no-name-1d28bc88-7489-464d-ac53-8859303f7bcb
[I 2026-06-01 15:48:42,850] Trial 0 finished with value: 0.04256684467850036 and parameters: {'confidence_threshold': 0.7437642149592516, 'training_days': 150, 'n_estimators': 152, 'max_depth': 4, 'num_leaves': 50, 'learning_rate': 0.04216766425047743, 'subsample': 0.9903820991923078, 'colsample_bytree': 0.8424148692924316, 'min_child_samples': 58, 'reg_alpha': 3.381097259762742e-05, 'reg_lambda': 1.2263152961306247e-05}. Best is trial 0 with value: 0.04256684467850036.
[I 2026-06-01 15:48:42,919] Trial 1 finished with value: -2.0171588687516393 and parameters: {'confidence_threshold': 0.7551673975844145, 'training_days': 220, 'n_estimators': 76, 'max_depth': 4, 'num_leaves': 51, 'learning_rate': 0.018602118810743477, 'subsample': 0.5877258780737462, 'colsample_bytree': 0.7657756869209191, 'min_child_samples': 63, 'reg_alpha': 0.005123994170264194, 'reg_lambda': 0.44145470178120466}. Best is trial 0 with value: 0.04256684467850036.
[I 2026-06-01 15:48:43,176] Trial 2 finished with value: -0.03413098853271639 and parameters: {'confidence_threshold': 0.7535593637012223, 'training_days': 310, 'n_estimators': 375, 'max_depth': 3, 'num_leaves': 32, 'learning_rate': 0.021735641882032388, 'subsample': 0.6468570231944146, 'colsample_bytree': 0.8154880619272439, 'min_child_samples': 27, 'reg_alpha': 8.004064028491336e-05, 'reg_lambda': 7.546835261630524e-05}. Best is trial 0 with value: 0.04256684467850036.
[I 2026-06-01 15:48:43,342] Trial 3 finished with value: 0.03791794495221716 and parameters: {'confidence_threshold': 0.6727897841776072, 'training_days': 220, 'n_estimators': 190, 'max_depth': 4, 'num_leaves': 58, 'learning_rate': 0.24810689332636193, 'subsample': 0.7509183379421682, 'colsample_bytree': 0.8119764758960556, 'min_child_samples': 29, 'reg_alpha': 7.1708285081421445e-06, 'reg_lambda': 5.412973582738627e-05}. Best is trial 0 with value: 0.04256684467850036.
[I 2026-06-01 15:48:43,452] Trial 4 finished with value: 0.012085294137053842 and parameters: {'confidence_threshold': 0.803208205259178, 'training_days': 130, 'n_estimators': 267, 'max_depth': 5, 'num_leaves': 40, 'learning_rate': 0.08041175317374143, 'subsample': 0.5603143329951619, 'colsample_bytree': 0.9131704002534167, 'min_child_samples': 68, 'reg_alpha': 0.0008046593428183385, 'reg_lambda': 1.2158346158765583e-05}. Best is trial 0 with value: 0.04256684467850036.
