[I 2026-06-01 15:49:31,379] Trial 14 finished with value: 0.03932937160752979 and parameters: {'confidence_threshold': 0.6439954054899397, 'training_days': 380, 'n_estimators': 500, 'max_depth': 5, 'num_leaves': 31, 'learning_rate': 0.0652971203753168, 'subsample': 0.6716705612092346, 'colsample_bytree': 0.988495325225795, 'min_child_samples': 81, 'reg_alpha': 0.0006732687992177285, 'reg_lambda': 0.0025446837785191097}. Best is trial 1 with value: 0.06678750750042724.
[I 2026-06-01 15:49:31,501] Trial 15 finished with value: 0.028240769445112536 and parameters: {'confidence_threshold': 0.7759731020643469, 'training_days': 260, 'n_estimators': 109, 'max_depth': 4, 'num_leaves': 23, 'learning_rate': 0.1433796117845214, 'subsample': 0.7890406360033159, 'colsample_bytree': 0.7977635749999454, 'min_child_samples': 64, 'reg_alpha': 0.002133995302102601, 'reg_lambda': 2.582339790441249e-06}. Best is trial 1 with value: 0.06678750750042724.
[I 2026-06-01 15:49:31,666] Trial 16 finished with value: 0.03669543391150656 and parameters: {'confidence_threshold': 0.6204648160423533, 'training_days': 160, 'n_estimators': 216, 'max_depth': 4, 'num_leaves': 15, 'learning_rate': 0.2535396790881821, 'subsample': 0.9682632526518532, 'colsample_bytree': 0.9373223525891455, 'min_child_samples': 51, 'reg_alpha': 6.089431141504192e-06, 'reg_lambda': 0.002831092436065581}. Best is trial 1 with value: 0.06678750750042724.
[I 2026-06-01 15:49:31,826] Trial 17 finished with value: 0.03428786626326499 and parameters: {'confidence_threshold': 0.5080881579696632, 'training_days': 270, 'n_estimators': 178, 'max_depth': 5, 'num_leaves': 51, 'learning_rate': 0.02201894951926673, 'subsample': 0.6718064291677197, 'colsample_bytree': 0.7142219102330146, 'min_child_samples': 88, 'reg_alpha': 2.453653279910662e-06, 'reg_lambda': 7.460669923787088e-07}. Best is trial 1 with value: 0.06678750750042724.

    [trial 6] Sharpe=0.0355 (folds: -0.3005, 0.1875, 0.1303, 0.0424, 0.1177)
    [trial 7] 48 features, training_days=80 | threshold=0.556 | labels: 1151 long, 1020 short (53/47%)
    [trial 7] Sharpe=-0.0947 (folds: -0.2257, -0.0267, -0.0140, -0.0400, -0.1671)
    [trial 8] 48 features, training_days=200 | threshold=0.607 | labels: 1151 long, 1020 short (53/47%)
    [trial 8] Sharpe=0.0118 (folds: -0.2411, 0.1089, 0.0228, 0.0879, 0.0808)
    [trial 9] 48 features, training_days=260 | threshold=0.620 | labels: 1151 long, 1020 short (53/47%)
    [trial 9] Sharpe=0.0163 (folds: -0.2092, 0.1882, 0.1137, 0.0169, -0.0279)
    [trial 10] 48 features, training_days=470 | threshold=0.845 | labels: 1151 long, 1020 short (53/47%)
    [trial 10] Sharpe=-2.0174 (folds: -10.0000, -0.3192, 0.1686, 0.0633, 0.0001)
    [trial 11] 48 features, training_days=20 | threshold=0.837 | labels: 1151 long, 1020 short (53/47%)
    [trial 11] Sharpe=-10.0000 (folds: -10.0000, -10.0000, -10.0000, -10.0000, -10.0000)
    [trial 12] 48 features, training_days=360 | threshold=0.715 | labels: 1151 long, 1020 short (53/47%)
    [trial 12] Sharpe=0.0108 (folds: -0.3047, 0.2585, 0.0397, 0.0125, 0.0480)
    [trial 13] 48 features, training_days=120 | threshold=0.805 | labels: 1151 long, 1020 short (53/47%)
    [trial 13] Sharpe=-0.0227 (folds: -0.6432, 0.0629, -0.0098, 0.1710, 0.3054)
    [trial 14] 48 features, training_days=20 | threshold=0.697 | labels: 1151 long, 1020 short (53/47%)
    [trial 14] Sharpe=-4.0189 (folds: 0.0645, -0.2921, -10.0000, -10.0000, 0.1333)
    [trial 15] 48 features, training_days=130 | threshold=0.790 | labels: 1151 long, 1020 short (53/47%)
    [trial 15] Sharpe=0.0723 (folds: -0.1713, 0.1878, 0.1745, 0.0175, 0.1530)
    [trial 16] 48 features, training_days=80 | threshold=0.798 | labels: 1151 long, 1020 short (53/47%)
    [trial 16] Sharpe=-0.0736 (folds: -0.3302, 0.0674, 0.0353, 0.0657, -0.2061)
    [trial 17] 48 features, training_days=370 | threshold=0.500 | labels: 1151 long, 1020 short (53/47%)
    [trial 17] Sharpe=0.0319 (folds: -0.1622, 0.1350, 0.0675, 0.0600, 0.0593)
  Optuna: 18 trials, best Sharpe = 0.0723
  Best params: n_estimators=251, max_depth=4, lr=0.0787, leaves=43
  Best confidence_threshold: 0.790
  Best training_days: 130
  Retrained on full data (390 samples, 48 features)
  [ensemble 3/3] seed=456
    [trial 0] 48 features, training_days=90 | threshold=0.587 | labels: 1151 long, 1020 short (53/47%)
    [CV fold 0] train_end=2023-04-25 08:00 | val_start=2023-05-03 00:00 | gap=184h (22 rows)
    [CV fold 1] train_end=2023-08-23 16:00 | val_start=2023-08-31 08:00 | gap=184h (22 rows)
    [CV fold 2] train_end=2023-12-22 00:00 | val_start=2023-12-29 16:00 | gap=184h (22 rows)
    [CV fold 3] train_end=2024-04-20 08:00 | val_start=2024-04-28 00:00 | gap=184h (22 rows)
    [CV fold 4] train_end=2024-08-18 16:00 | val_start=2024-08-26 08:00 | gap=184h (22 rows)
    [trial 0] Sharpe=-0.0064 (folds: -0.0766, 0.0769, 0.0993, -0.0683, -0.0631)
    [trial 1] 48 features, training_days=290 | threshold=0.635 | labels: 1151 long, 1020 short (53/47%)
    [trial 1] Sharpe=0.0668 (folds: -0.1654, 0.2824, 0.0450, 0.0476, 0.1243)
    [trial 2] 48 features, training_days=10 | threshold=0.585 | labels: 1151 long, 1020 short (53/47%)
    [trial 2] Sharpe=-1.9853 (folds: -10.0000, 0.2083, -0.0908, 0.1352, -0.1791)
    [trial 3] 48 features, training_days=220 | threshold=0.687 | labels: 1151 long, 1020 short (53/47%)
    [trial 3] Sharpe=-0.0097 (folds: -0.1927, 0.1889, -0.0440, 0.0382, -0.0389)
    [trial 4] 48 features, training_days=300 | threshold=0.562 | labels: 1151 long, 1020 short (53/47%)
    [trial 4] Sharpe=0.0239 (folds: -0.1718, 0.2188, 0.0377, 0.0310, 0.0039)
    [trial 5] 48 features, training_days=490 | threshold=0.711 | labels: 1151 long, 1020 short (53/47%)
    [trial 5] Sharpe=0.0110 (folds: -0.2768, 0.2632, 0.0112, 0.0822, -0.0249)
    [trial 6] 48 features, training_days=420 | threshold=0.667 | labels: 1151 long, 1020 short (53/47%)
    [trial 6] Sharpe=0.0160 (folds: -0.2677, 0.3061, 0.0373, 0.0168, -0.0125)
    [trial 7] 48 features, training_days=120 | threshold=0.550 | labels: 1151 long, 1020 short (53/47%)
    [trial 7] Sharpe=0.0098 (folds: -0.2595, 0.0765, 0.1291, -0.0314, 0.1342)
    [trial 8] 48 features, training_days=450 | threshold=0.720 | labels: 1151 long, 1020 short (53/47%)
    [trial 8] Sharpe=0.0087 (folds: -0.2183, 0.1965, 0.0253, 0.0719, -0.0319)
    [trial 9] 48 features, training_days=20 | threshold=0.727 | labels: 1151 long, 1020 short (53/47%)
    [trial 9] Sharpe=-4.0189 (folds: 0.0645, -0.2921, -10.0000, -10.0000, 0.1333)
    [trial 10] 48 features, training_days=320 | threshold=0.840 | labels: 1151 long, 1020 short (53/47%)
    [trial 10] Sharpe=-5.9061 (folds: -10.0000, -10.0000, 0.2601, 0.2095, -10.0000)
    [trial 11] 48 features, training_days=300 | threshold=0.608 | labels: 1151 long, 1020 short (53/47%)
    [trial 11] Sharpe=0.0590 (folds: -0.1741, 0.2732, 0.0294, 0.1106, 0.0560)
    [trial 12] 48 features, training_days=220 | threshold=0.631 | labels: 1151 long, 1020 short (53/47%)
    [trial 12] Sharpe=0.0153 (folds: -0.1664, 0.1450, 0.0837, -0.0076, 0.0217)
    [trial 13] 48 features, training_days=350 | threshold=0.502 | labels: 1151 long, 1020 short (53/47%)
    [trial 13] Sharpe=-0.0279 (folds: -0.2568, 0.0753, 0.0008, 0.0163, 0.0249)
    [trial 14] 48 features, training_days=380 | threshold=0.644 | labels: 1151 long, 1020 short (53/47%)
    [trial 14] Sharpe=0.0393 (folds: -0.1923, 0.2135, 0.0503, 0.0733, 0.0518)
    [trial 15] 48 features, training_days=260 | threshold=0.776 | labels: 1151 long, 1020 short (53/47%)
    [trial 15] Sharpe=0.0282 (folds: -0.3131, 0.2452, 0.1222, 0.1008, -0.0138)
    [trial 16] 48 features, training_days=160 | threshold=0.620 | labels: 1151 long, 1020 short (53/47%)
    [trial 16] Sharpe=0.0367 (folds: -0.2939, 0.2630, 0.0446, 0.0845, 0.0854)
    [trial 17] 48 features, training_days=270 | threshold=0.508 | labels: 1151 long, 1020 short (53/47%)
    [trial 17] Sharpe=0.0343 (folds: -0.1008, 0.1739, 0.0569, 0.0456, -0.0042)
  Optuna: 18 trials, best Sharpe = 0.0668
  Best params: n_estimators=115, max_depth=5, lr=0.0695, leaves=37
  Best confidence_threshold: 0.635
  Best training_days: 290
  Retrained on full data (870 samples, 48 features)
  OOD: 16 features, cutoff (q=0.7) = 14.88
  Model trained for 2025-01: 93 test candles with features, confidence_threshold=0.738
[trade:close] 2025-01-04 00:00 ETHUSDT LONG → timeout @ 3607.90 | PnL=+8.28% (net +8.18%) | cum=-3.58% 2025-01=+8.18% 2025-01-04=+8.18%
[predict] 2025-01-05 16:00 ETHUSDT → SHORT (proba=0.80 TP=6.7%/SL=3.4%)
[trade:open] 2025-01-05 23:59 ETHUSDT SHORT @ 3634.96 | SL=3756.91 TP=3391.07 | timeout=2025-01-12 23:59
[trade:close] 2025-01-07 23:59 ETHUSDT SHORT → take_profit @ 3391.07 | PnL=+6.71% (net +6.61%) | cum=+3.03% 2025-01=+14.79% 2025-01-07=+6.61%
[predict] 2025-01-10 16:00 ETHUSDT → LONG (proba=0.80 TP=11.3%/SL=5.6%)
[trade:open] 2025-01-10 23:59 ETHUSDT LONG @ 3265.52 | SL=3081.70 TP=3633.15 | timeout=2025-01-17 23:59
[trade:close] 2025-01-13 15:59 ETHUSDT LONG → stop_loss @ 3081.70 | PnL=-5.63% (net -5.73%) | cum=-2.70% 2025-01=+9.06% 2025-01-13=-5.73%
[predict] 2025-01-19 00:00 ETHUSDT → LONG (proba=0.76 TP=12.1%/SL=6.1%)
[trade:open] 2025-01-19 07:59 ETHUSDT LONG @ 3275.02 | SL=3076.16 TP=3672.74 | timeout=2025-01-26 07:59
[trade:close] 2025-01-26 08:00 ETHUSDT LONG → timeout @ 3337.52 | PnL=+1.91% (net +1.81%) | cum=-0.89% 2025-01=+10.87% 2025-01-26=+1.81%
[predict] 2025-01-28 08:00 ETHUSDT → SHORT (proba=0.74 TP=12.0%/SL=6.0%)
[trade:open] 2025-01-28 15:59 ETHUSDT SHORT @ 3180.15 | SL=3370.55 TP=2799.35 | timeout=2025-02-04 15:59
[trade:close] 2025-01-31 15:59 ETHUSDT SHORT → stop_loss @ 3370.55 | PnL=-5.99% (net -6.09%) | cum=-6.98% 2025-01=+4.78% 2025-01-31=-6.09%
[lgbm] === Training for 2025-02 ===
  Train window: 2023-02-01 → 2025-01-24
  2171 training samples from 1 symbols
  Samples per month: 2023-02: 84, 2023-03: 93, 2023-04: 90, 2023-05: 93, 2023-06: 90, 2023-07: 93, 2023-08: 93, 2023-09: 90, 2023-10: 93, 2023-11: 90, 2023-12: 93, 2024-01: 93, 2024-02: 87, 2024-03: 93, 2024-04: 90, 2024-05: 93, 2024-06: 90, 2024-07: 93, 2024-08: 93, 2024-09: 90, 2024-10: 93, 2024-11: 90, 2024-12: 93, 2025-01: 71[I 2026-06-01 15:49:32,501] A new study created in memory with name: no-name-c91458e6-cade-4be6-87af-9680e7298374
[I 2026-06-01 15:49:32,880] Trial 0 finished with value: 0.02992989139704703 and parameters: {'confidence_threshold': 0.6310890415965769, 'training_days': 480, 'n_estimators': 380, 'max_depth': 4, 'num_leaves': 22, 'learning_rate': 0.01699897838270077, 'subsample': 0.5290418060840998, 'colsample_bytree': 0.9330880728874675, 'min_child_samples': 68, 'reg_alpha': 0.023585940584142682, 'reg_lambda': 1.5320059381854043e-08}. Best is trial 0 with value: 0.02992989139704703.
[I 2026-06-01 15:49:33,022] Trial 1 finished with value: -3.9501909242765607 and parameters: {'confidence_threshold': 0.839468448256698, 'training_days': 420, 'n_estimators': 145, 'max_depth': 3, 'num_leaves': 23, 'learning_rate': 0.028145092716060652, 'subsample': 0.762378215816119, 'colsample_bytree': 0.7159725093210578, 'min_child_samples': 43, 'reg_alpha': 0.0032112643094417484, 'reg_lambda': 1.8007140198129195e-07}. Best is trial 0 with value: 0.02992989139704703.
[I 2026-06-01 15:49:33,200] Trial 2 finished with value: 0.06627942272220773 and parameters: {'confidence_threshold': 0.6022506269873263, 'training_days': 190, 'n_estimators': 255, 'max_depth': 5, 'num_leaves': 24, 'learning_rate': 0.05748924681991978, 'subsample': 0.7962072844310213, 'colsample_bytree': 0.5232252063599989, 'min_child_samples': 69, 'reg_alpha': 3.425445902633376e-07, 'reg_lambda': 3.850031979199519e-08}. Best is trial 2 with value: 0.06627942272220773.
[I 2026-06-01 15:49:33,498] Trial 3 finished with value: 0.030258186403874083 and parameters: {'confidence_threshold': 0.8321099380386666, 'training_days': 490, 'n_estimators': 414, 'max_depth': 3, 'num_leaves': 19, 'learning_rate': 0.1024932221692416, 'subsample': 0.7200762468698007, 'colsample_bytree': 0.5610191174223894, 'min_child_samples': 60, 'reg_alpha': 2.039373116525212e-08, 'reg_lambda': 1.527156759251193}. Best is trial 2 with value: 0.06627942272220773.
[I 2026-06-01 15:49:33,683] Trial 4 finished with value: 0.06819499987798619 and parameters: {'confidence_threshold': 0.5905729935600059, 'training_days': 340, 'n_estimators': 190, 'max_depth': 4, 'num_leaves': 41, 'learning_rate': 0.01875220945578641, 'subsample': 0.9847923138822793, 'colsample_bytree': 0.8875664116805573, 'min_child_samples': 96, 'reg_alpha': 1.1309571585271483, 'reg_lambda': 0.002404915432737351}. Best is trial 4 with value: 0.06819499987798619.
[I 2026-06-01 15:49:33,728] Trial 5 finished with value: 0.03132180003301158 and parameters: {'confidence_threshold': 0.8226559822580909, 'training_days': 50, 'n_estimators': 138, 'max_depth': 3, 'num_leaves': 30, 'learning_rate': 0.03750796359625606, 'subsample': 0.6356745158869479, 'colsample_bytree': 0.9143687545759647, 'min_child_samples': 48, 'reg_alpha': 3.376063348877853e-06, 'reg_lambda': 0.0007660634613082914}. Best is trial 4 with value: 0.06819499987798619.
[I 2026-06-01 15:49:33,866] Trial 6 finished with value: 0.03549135027991792 and parameters: {'confidence_threshold': 0.5493234787411669, 'training_days': 410, 'n_estimators': 83, 'max_depth': 5, 'num_leaves': 52, 'learning_rate': 0.019657448966046126, 'subsample': 0.5027610585618012, 'colsample_bytree': 0.9077307142274171, 'min_child_samples': 77, 'reg_alpha': 0.03639690979811287, 'reg_lambda': 0.08738424135626986}. Best is trial 4 with value: 0.06819499987798619.
[I 2026-06-01 15:49:33,970] Trial 7 finished with value: 0.08532890666039569 and parameters: {'confidence_threshold': 0.5259156281069316, 'training_days': 180, 'n_estimators': 102, 'max_depth': 5, 'num_leaves': 45, 'learning_rate': 0.030816017044468066, 'subsample': 0.5317791751430119, 'colsample_bytree': 0.6554911608578311, 'min_child_samples': 46, 'reg_alpha': 0.036851536911881845, 'reg_lambda': 0.005470376807480391}. Best is trial 7 with value: 0.08532890666039569.
[I 2026-06-01 15:49:34,085] Trial 8 finished with value: 0.0621981064852653 and parameters: {'confidence_threshold': 0.8105244599017143, 'training_days': 240, 'n_estimators': 103, 'max_depth': 5, 'num_leaves': 52, 'learning_rate': 0.06746437142284309, 'subsample': 0.8854835899772805, 'colsample_bytree': 0.7468977981821954, 'min_child_samples': 62, 'reg_alpha': 7.04480806377519e-05, 'reg_lambda': 1.6934490731313353e-08}. Best is trial 7 with value: 0.08532890666039569.
[I 2026-06-01 15:49:34,114] Trial 9 finished with value: -4.041932261108761 and parameters: {'confidence_threshold': 0.5377619994476566, 'training_days': 20, 'n_estimators': 337, 'max_depth': 3, 'num_leaves': 39, 'learning_rate': 0.21907142272152816, 'subsample': 0.6246461145744375, 'colsample_bytree': 0.7051914615178149, 'min_child_samples': 81, 'reg_alpha': 1.1459970229341322e-06, 'reg_lambda': 4.929685216887945e-08}. Best is trial 7 with value: 0.08532890666039569.
[I 2026-06-01 15:49:34,507] Trial 10 finished with value: 0.09705394416837394 and parameters: {'confidence_threshold': 0.6797821749717731, 'training_days': 140, 'n_estimators': 487, 'max_depth': 5, 'num_leaves': 62, 'learning_rate': 0.011407797829608154, 'subsample': 0.6277217293825994, 'colsample_bytree': 0.6445296297918679, 'min_child_samples': 24, 'reg_alpha': 8.536188349289, 'reg_lambda': 4.685556761390157e-06}. Best is trial 10 with value: 0.09705394416837394.
[I 2026-06-01 15:49:34,954] Trial 11 finished with value: 0.13673251795152208 and parameters: {'confidence_threshold': 0.7161090655475574, 'training_days': 150, 'n_estimators': 462, 'max_depth': 5, 'num_leaves': 61, 'learning_rate': 0.010733926515161035, 'subsample': 0.6089267919181687, 'colsample_bytree': 0.627397432195743, 'min_child_samples': 20, 'reg_alpha': 4.109585305892332, 'reg_lambda': 8.43884102267831e-06}. Best is trial 11 with value: 0.13673251795152208.
[I 2026-06-01 15:49:35,247] Trial 12 finished with value: 0.04861062733528849 and parameters: {'confidence_threshold': 0.7320119217665193, 'training_days': 100, 'n_estimators': 496, 'max_depth': 4, 'num_leaves': 63, 'learning_rate': 0.010355190123084659, 'subsample': 0.6393140683987386, 'colsample_bytree': 0.6105638660165255, 'min_child_samples': 20, 'reg_alpha': 5.77186662083969, 'reg_lambda': 8.798559565396065e-06}. Best is trial 11 with value: 0.13673251795152208.
[I 2026-06-01 15:49:35,658] Trial 13 finished with value: 0.10961874368150573 and parameters: {'confidence_threshold': 0.713844782679152, 'training_days': 130, 'n_estimators': 500, 'max_depth': 5, 'num_leaves': 62, 'learning_rate': 0.010503668253254264, 'subsample': 0.6866291716128416, 'colsample_bytree': 0.8155421717694826, 'min_child_samples': 21, 'reg_alpha': 1.3806058092546691, 'reg_lambda': 1.3005756593895162e-05}. Best is trial 11 with value: 0.13673251795152208.
[I 2026-06-01 15:49:36,116] Trial 14 finished with value: 0.054975952161314866 and parameters: {'confidence_threshold': 0.7467244789105287, 'training_days': 280, 'n_estimators': 432, 'max_depth': 4, 'num_leaves': 56, 'learning_rate': 0.010287992683349276, 'subsample': 0.7084100755676976, 'colsample_bytree': 0.8312163037675877, 'min_child_samples': 31, 'reg_alpha': 0.677179883724545, 'reg_lambda': 1.4394739116246191e-05}. Best is trial 11 with value: 0.13673251795152208.
[I 2026-06-01 15:49:36,250] Trial 15 finished with value: 0.02847034059536214 and parameters: {'confidence_threshold': 0.7113234276292169, 'training_days': 90, 'n_estimators': 300, 'max_depth': 5, 'num_leaves': 57, 'learning_rate': 0.2656554302157523, 'subsample': 0.824979230030663, 'colsample_bytree': 0.8100744538922787, 'min_child_samples': 34, 'reg_alpha': 0.0009025021921309851, 'reg_lambda': 7.482879404932238e-05}. Best is trial 11 with value: 0.13673251795152208.
[I 2026-06-01 15:49:36,729] Trial 16 finished with value: 0.07271467827624603 and parameters: {'confidence_threshold': 0.7627308204778871, 'training_days': 260, 'n_estimators': 453, 'max_depth': 4, 'num_leaves': 50, 'learning_rate': 0.015411335948841368, 'subsample': 0.5858535923907706, 'colsample_bytree': 0.9826162589395974, 'min_child_samples': 34, 'reg_alpha': 0.1911696651538021, 'reg_lambda': 8.225017732908941e-07}. Best is trial 11 with value: 0.13673251795152208.
[I 2026-06-01 15:49:37,077] Trial 17 finished with value: 0.04654228283920149 and parameters: {'confidence_threshold': 0.6652429013116167, 'training_days': 170, 'n_estimators': 384, 'max_depth': 5, 'num_leaves': 34, 'learning_rate': 0.14168046193643385, 'subsample': 0.7004831188261247, 'colsample_bytree': 0.7952908891858086, 'min_child_samples': 27, 'reg_alpha': 0.00010396761370918986, 'reg_lambda': 0.00020614774879284444}. Best is trial 11 with value: 0.13673251795152208.
[I 2026-06-01 15:49:37,546] A new study created in memory with name: no-name-ec3ad072-9e9c-498f-ac11-64db50d1d26c
[I 2026-06-01 15:49:37,649] Trial 0 finished with value: 0.08828558539047823 and parameters: {'confidence_threshold': 0.7437642149592516, 'training_days': 150, 'n_estimators': 152, 'max_depth': 4, 'num_leaves': 50, 'learning_rate': 0.04216766425047743, 'subsample': 0.9903820991923078, 'colsample_bytree': 0.8424148692924316, 'min_child_samples': 58, 'reg_alpha': 3.381097259762742e-05, 'reg_lambda': 1.2263152961306247e-05}. Best is trial 0 with value: 0.08828558539047823.
[I 2026-06-01 15:49:37,725] Trial 1 finished with value: -1.8981172176305918 and parameters: {'confidence_threshold': 0.7551673975844145, 'training_days': 220, 'n_estimators': 76, 'max_depth': 4, 'num_leaves': 51, 'learning_rate': 0.018602118810743477, 'subsample': 0.5877258780737462, 'colsample_bytree': 0.7657756869209191, 'min_child_samples': 63, 'reg_alpha': 0.005123994170264194, 'reg_lambda': 0.44145470178120466}. Best is trial 0 with value: 0.08828558539047823.
[I 2026-06-01 15:49:38,003] Trial 2 finished with value: 0.043577472943828834 and parameters: {'confidence_threshold': 0.7535593637012223, 'training_days': 310, 'n_estimators': 375, 'max_depth': 3, 'num_leaves': 32, 'learning_rate': 0.021735641882032388, 'subsample': 0.6468570231944146, 'colsample_bytree': 0.8154880619272439, 'min_child_samples': 27, 'reg_alpha': 8.004064028491336e-05, 'reg_lambda': 7.546835261630524e-05}. Best is trial 0 with value: 0.08828558539047823.
