[I 2026-06-01 15:44:15,407] Trial 5 finished with value: 0.021584745368407217 and parameters: {'confidence_threshold': 0.8226559822580909, 'training_days': 50, 'n_estimators': 138, 'max_depth': 3, 'num_leaves': 30, 'learning_rate': 0.03750796359625606, 'subsample': 0.6356745158869479, 'colsample_bytree': 0.9143687545759647, 'min_child_samples': 48, 'reg_alpha': 3.376063348877853e-06, 'reg_lambda': 0.0007660634613082914}. Best is trial 1 with value: 0.20304964084273616.

    [trial 9] Sharpe=-4.0739 (folds: -10.0000, -10.0000, -0.3715, -0.1898, 0.1916)
    [trial 10] 48 features, training_days=400 | threshold=0.828 | labels: 1201 long, 967 short (55/45%)
    [trial 10] Sharpe=0.0793 (folds: 0.1707, 0.1270, -0.0046, 0.2701, -0.1669)
    [trial 11] 48 features, training_days=400 | threshold=0.843 | labels: 1201 long, 967 short (55/45%)
    [trial 11] Sharpe=-1.9181 (folds: 0.0702, 0.1725, -10.0000, 0.2898, -0.1228)
    [trial 12] 48 features, training_days=500 | threshold=0.810 | labels: 1201 long, 967 short (55/45%)
    [trial 12] Sharpe=0.0934 (folds: -0.0481, 0.1091, 0.1675, 0.2427, -0.0040)
    [trial 13] 48 features, training_days=490 | threshold=0.779 | labels: 1201 long, 967 short (55/45%)
    [trial 13] Sharpe=0.0738 (folds: -0.0735, 0.0685, 0.2177, 0.1796, -0.0234)
    [trial 14] 48 features, training_days=360 | threshold=0.772 | labels: 1201 long, 967 short (55/45%)
    [trial 14] Sharpe=0.0207 (folds: -0.1612, 0.1002, 0.2538, 0.1101, -0.1995)
    [trial 15] 48 features, training_days=500 | threshold=0.767 | labels: 1201 long, 967 short (55/45%)
    [trial 15] Sharpe=0.0791 (folds: 0.0541, 0.1163, 0.0954, 0.1536, -0.0238)
    [trial 16] 48 features, training_days=220 | threshold=0.790 | labels: 1201 long, 967 short (55/45%)
    [trial 16] Sharpe=0.0367 (folds: -0.0927, 0.0849, -0.0975, 0.2092, 0.0795)
    [trial 17] 48 features, training_days=440 | threshold=0.508 | labels: 1201 long, 967 short (55/45%)
    [trial 17] Sharpe=0.0640 (folds: -0.0272, 0.0234, 0.1548, 0.0782, 0.0908)
  Optuna: 18 trials, best Sharpe = 0.0975
  Best params: n_estimators=410, max_depth=4, lr=0.0402, leaves=57
  Best confidence_threshold: 0.720
  Best training_days: 450
  Retrained on full data (1350 samples, 48 features)
  OOD: 16 features, cutoff (q=0.7) = 14.40
  Model trained for 2022-07: 93 test candles with features, confidence_threshold=0.748
[predict] 2022-07-01 08:00 ETHUSDT → SHORT (proba=0.86 TP=19.7%/SL=9.9%)
[trade:open] 2022-07-01 15:59 ETHUSDT SHORT @ 1056.18 | SL=1160.47 TP=847.59 | timeout=2022-07-08 15:59
[trade:close] 2022-07-04 23:59 ETHUSDT SHORT → stop_loss @ 1160.47 | PnL=-9.87% (net -9.97%) | cum=+15.37% 2022-07=-9.97% 2022-07-04=-9.97%
[predict] 2022-07-05 16:00 ETHUSDT → SHORT (proba=0.83 TP=17.1%/SL=8.6%)
[trade:open] 2022-07-05 23:59 ETHUSDT SHORT @ 1131.80 | SL=1228.63 TP=938.13 | timeout=2022-07-12 23:59
[trade:close] 2022-07-07 15:59 ETHUSDT SHORT → stop_loss @ 1228.63 | PnL=-8.56% (net -8.66%) | cum=+6.71% 2022-07=-18.63% 2022-07-07=-8.66%
[predict] 2022-07-09 08:00 ETHUSDT → SHORT (proba=0.76 TP=13.1%/SL=6.6%)
[trade:open] 2022-07-09 15:59 ETHUSDT SHORT @ 1215.00 | SL=1294.61 TP=1055.78 | timeout=2022-07-16 15:59
[trade:close] 2022-07-12 15:59 ETHUSDT SHORT → take_profit @ 1055.78 | PnL=+13.10% (net +13.00%) | cum=+19.72% 2022-07=-5.63% 2022-07-12=+13.00%
[predict] 2022-07-13 16:00 ETHUSDT → SHORT (proba=0.77 TP=15.6%/SL=7.8%)
[trade:open] 2022-07-13 23:59 ETHUSDT SHORT @ 1114.19 | SL=1200.87 TP=940.84 | timeout=2022-07-20 23:59
[trade:close] 2022-07-14 23:59 ETHUSDT SHORT → stop_loss @ 1200.87 | PnL=-7.78% (net -7.88%) | cum=+11.84% 2022-07=-13.51% 2022-07-14=-7.88%
[lgbm] === Training for 2022-08 ===
  Train window: 2020-08-01 → 2022-07-24
  2168 training samples from 1 symbols
  Samples per month: 2020-08: 93, 2020-09: 90, 2020-10: 93, 2020-11: 90, 2020-12: 93, 2021-01: 93, 2021-02: 84, 2021-03: 93, 2021-04: 90, 2021-05: 93, 2021-06: 90, 2021-07: 93, 2021-08: 93, 2021-09: 90, 2021-10: 93, 2021-11: 90, 2021-12: 93, 2022-01: 93, 2022-02: 84, 2022-03: 93, 2022-04: 90, 2022-05: 93, 2022-06: 90, 2022-07: 71
  [label] 2020-10-01 16:00 ETHUSDT entry=352.5300 → SHORT | long=sl(-4.92%) short=timeout(+0.31%) | scanned=22 | no_tp→fwd_return=-0.4113
  [label] 2020-10-03 16:00 ETHUSDT entry=345.7200 → LONG | long=tp(+8.96%) short=sl(-4.63%) | scanned=19 | long_tp_only
  [label] 2020-10-07 16:00 ETHUSDT entry=341.4100 → LONG | long=tp(+8.41%) short=sl(-4.36%) | scanned=7 | long_tp_only
  [label] 2020-11-01 08:00 ETHUSDT entry=388.4600 → LONG | long=sl(-4.40%) short=sl(-4.40%) | scanned=10 | no_tp→fwd_return=+3.7224
  [label] 2020-12-23 16:00 ETHUSDT entry=585.3400 → LONG | long=tp(+18.00%) short=sl(-9.15%) | scanned=11 | long_tp_only
  [label] 2021-06-07 16:00 ETHUSDT entry=2592.9600 → SHORT | long=sl(-9.97%) short=timeout(+0.41%) | scanned=22 | no_tp→fwd_return=-0.5068
  [label] 2021-06-11 16:00 ETHUSDT entry=2354.2500 → SHORT | long=timeout(-5.31%) short=sl(-9.71%) | scanned=22 | no_tp→fwd_return=-5.2063
  [label] 2021-06-22 08:00 ETHUSDT entry=1858.5600 → LONG | long=timeout(+19.16%) short=sl(-13.60%) | scanned=22 | no_tp→fwd_return=+19.2649
  [label] 2021-08-06 08:00 ETHUSDT entry=2838.9900 → LONG | long=tp(+15.07%) short=sl(-7.69%) | scanned=15 | long_tp_only
  [label] 2021-08-14 16:00 ETHUSDT entry=3266.3100 → SHORT | long=sl(-6.70%) short=timeout(+1.12%) | scanned=22 | no_tp→fwd_return=-1.2219
  [label] 2021-11-13 00:00 ETHUSDT entry=4646.1600 → SHORT | long=sl(-5.19%) short=tp(+10.08%) | scanned=10 | short_tp_only
  [label] 2021-12-15 00:00 ETHUSDT entry=3862.4700 → LONG | long=timeout(+4.68%) short=timeout(-4.88%) | scanned=22 | no_tp→fwd_return=+4.7752
  [label] 2021-12-31 00:00 ETHUSDT entry=3718.4100 → SHORT | long=sl(-4.99%) short=tp(+9.68%) | scanned=19 | short_tp_only
  [label] 2022-01-12 16:00 ETHUSDT entry=3369.9300 → SHORT | long=sl(-6.32%) short=timeout(+8.42%) | scanned=22 | no_tp→fwd_return=-8.5201
  [label] 2022-01-31 08:00 ETHUSDT entry=2619.3600 → LONG | long=tp(+16.60%) short=sl(-8.45%) | scanned=15 | long_tp_only
  [label] 2022-02-06 16:00 ETHUSDT entry=3054.2600 → SHORT | long=sl(-6.08%) short=sl(-6.08%) | scanned=17 | no_tp→fwd_return=-5.6875
  [label] 2022-02-19 00:00 ETHUSDT entry=2810.6900 → SHORT | long=sl(-7.00%) short=tp(+13.71%) | scanned=15 | short_tp_only
  [label] 2022-03-30 08:00 ETHUSDT entry=3381.1000 → LONG | long=sl(-4.41%) short=sl(-4.41%) | scanned=9 | no_tp→fwd_return=+2.3327
  [label] 2022-04-09 08:00 ETHUSDT entry=3208.5300 → SHORT | long=sl(-4.91%) short=timeout(+5.91%) | scanned=22 | no_tp→fwd_return=-6.0062
  [label] 2022-07-04 08:00 ETHUSDT entry=1111.3900 → LONG | long=timeout(+2.75%) short=sl(-8.03%) | scanned=22 | no_tp→fwd_return=+2.8550
  Labels: 1179 long (54.4%), 989 short (45.6%) | weights: min=1.00, mean=3.38, max=10.00
  Features: 2168/2168 matched, 48 columns
  CV gap: 22 rows
  [ensemble 1/3] seed=42
    [trial 0] 48 features, training_days=480 | threshold=0.631 | labels: 1179 long, 989 short (54/46%)
    [CV fold 0] train_end=2020-11-22 08:00 | val_start=2020-11-30 00:00 | gap=184h (22 rows)
    [CV fold 1] train_end=2021-03-22 16:00 | val_start=2021-03-30 08:00 | gap=184h (22 rows)
    [CV fold 2] train_end=2021-07-21 00:00 | val_start=2021-07-28 16:00 | gap=184h (22 rows)
    [CV fold 3] train_end=2021-11-18 08:00 | val_start=2021-11-26 00:00 | gap=184h (22 rows)
    [CV fold 4] train_end=2022-03-18 16:00 | val_start=2022-03-26 08:00 | gap=184h (22 rows)
    [trial 0] Sharpe=0.0104 (folds: 0.1899, -0.0159, -0.1004, 0.3294, -0.3513)
    [trial 1] 48 features, training_days=420 | threshold=0.839 | labels: 1179 long, 989 short (54/46%)
    [trial 1] Sharpe=0.2030 (folds: 0.2145, 0.0707, 0.2509, 0.7375, -0.2584)
    [trial 2] 48 features, training_days=190 | threshold=0.602 | labels: 1179 long, 989 short (54/46%)
    [trial 2] Sharpe=0.0466 (folds: 0.1794, -0.0544, -0.0730, 0.3096, -0.1286)
    [trial 3] 48 features, training_days=490 | threshold=0.832 | labels: 1179 long, 989 short (54/46%)
    [trial 3] Sharpe=0.0262 (folds: 0.2308, -0.0597, -0.0602, 0.4629, -0.4427)
    [trial 4] 48 features, training_days=340 | threshold=0.591 | labels: 1179 long, 989 short (54/46%)
    [trial 4] Sharpe=0.0140 (folds: 0.1957, -0.0207, -0.2257, 0.5171, -0.3962)
    [trial 5] 48 features, training_days=50 | threshold=0.823 | labels: 1179 long, 989 short (54/46%)
    [trial 5] Sharpe=0.0216 (folds: 0.2495, 0.0036, 0.0839, 0.0028, -0.2318)
    [trial 6] 48 features, training_days=410 | threshold=0.549 | labels: 1179 long, 989 short (54/46%)
    [trial 6] Sharpe=0.0547 (folds: 0.2541, -0.0605, -0.1046, 0.4306, -0.2460)[I 2026-06-01 15:44:15,519] Trial 6 finished with value: 0.0547076513199203 and parameters: {'confidence_threshold': 0.5493234787411669, 'training_days': 410, 'n_estimators': 83, 'max_depth': 5, 'num_leaves': 52, 'learning_rate': 0.019657448966046126, 'subsample': 0.5027610585618012, 'colsample_bytree': 0.9077307142274171, 'min_child_samples': 77, 'reg_alpha': 0.03639690979811287, 'reg_lambda': 0.08738424135626986}. Best is trial 1 with value: 0.20304964084273616.
[I 2026-06-01 15:44:15,602] Trial 7 finished with value: -0.02668860163397571 and parameters: {'confidence_threshold': 0.5259156281069316, 'training_days': 180, 'n_estimators': 102, 'max_depth': 5, 'num_leaves': 45, 'learning_rate': 0.030816017044468066, 'subsample': 0.5317791751430119, 'colsample_bytree': 0.6554911608578311, 'min_child_samples': 46, 'reg_alpha': 0.036851536911881845, 'reg_lambda': 0.005470376807480391}. Best is trial 1 with value: 0.20304964084273616.
[I 2026-06-01 15:44:15,704] Trial 8 finished with value: 0.023012667292200563 and parameters: {'confidence_threshold': 0.8105244599017143, 'training_days': 240, 'n_estimators': 103, 'max_depth': 5, 'num_leaves': 52, 'learning_rate': 0.06746437142284309, 'subsample': 0.8854835899772805, 'colsample_bytree': 0.7468977981821954, 'min_child_samples': 62, 'reg_alpha': 7.04480806377519e-05, 'reg_lambda': 1.6934490731313353e-08}. Best is trial 1 with value: 0.20304964084273616.
[I 2026-06-01 15:44:15,725] Trial 9 finished with value: -2.1493529063047263 and parameters: {'confidence_threshold': 0.5377619994476566, 'training_days': 20, 'n_estimators': 337, 'max_depth': 3, 'num_leaves': 39, 'learning_rate': 0.21907142272152816, 'subsample': 0.6246461145744375, 'colsample_bytree': 0.7051914615178149, 'min_child_samples': 81, 'reg_alpha': 1.1459970229341322e-06, 'reg_lambda': 4.929685216887945e-08}. Best is trial 1 with value: 0.20304964084273616.
[I 2026-06-01 15:44:16,162] Trial 10 finished with value: 0.028938940955028004 and parameters: {'confidence_threshold': 0.7286853308578232, 'training_days': 350, 'n_estimators': 487, 'max_depth': 4, 'num_leaves': 31, 'learning_rate': 0.011407797829608154, 'subsample': 0.8271882613853766, 'colsample_bytree': 0.8120417635861826, 'min_child_samples': 24, 'reg_alpha': 0.0005486918362336714, 'reg_lambda': 3.3639426888455256e-06}. Best is trial 1 with value: 0.20304964084273616.
[I 2026-06-01 15:44:16,255] Trial 11 finished with value: 0.10184769265116708 and parameters: {'confidence_threshold': 0.7161090655475574, 'training_days': 380, 'n_estimators': 65, 'max_depth': 4, 'num_leaves': 60, 'learning_rate': 0.02555309059055392, 'subsample': 0.6837826941322556, 'colsample_bytree': 0.8283518534791317, 'min_child_samples': 30, 'reg_alpha': 0.007013614331781661, 'reg_lambda': 0.5855213887055177}. Best is trial 1 with value: 0.20304964084273616.
[I 2026-06-01 15:44:16,458] Trial 12 finished with value: 0.05573437622119568 and parameters: {'confidence_threshold': 0.7281834365409386, 'training_days': 380, 'n_estimators': 206, 'max_depth': 4, 'num_leaves': 58, 'learning_rate': 0.03208899494279826, 'subsample': 0.7066828607483829, 'colsample_bytree': 0.8125090057868243, 'min_child_samples': 23, 'reg_alpha': 0.0006815070211455213, 'reg_lambda': 9.140638958005697e-06}. Best is trial 1 with value: 0.20304964084273616.
[I 2026-06-01 15:44:16,530] Trial 13 finished with value: -0.08604303779631473 and parameters: {'confidence_threshold': 0.7562686492939715, 'training_days': 280, 'n_estimators': 59, 'max_depth': 3, 'num_leaves': 62, 'learning_rate': 0.09875404934238512, 'subsample': 0.6624795543765426, 'colsample_bytree': 0.9987972442173781, 'min_child_samples': 36, 'reg_alpha': 2.391006940812428, 'reg_lambda': 8.090644384556416}. Best is trial 1 with value: 0.20304964084273616.
[I 2026-06-01 15:44:16,680] Trial 14 finished with value: -0.008007847417709291 and parameters: {'confidence_threshold': 0.6730556752351576, 'training_days': 430, 'n_estimators': 202, 'max_depth': 3, 'num_leaves': 15, 'learning_rate': 0.010851299125407549, 'subsample': 0.7731670737835583, 'colsample_bytree': 0.62539975200735, 'min_child_samples': 43, 'reg_alpha': 0.0038067556646802867, 'reg_lambda': 7.565770484313319e-06}. Best is trial 1 with value: 0.20304964084273616.
[I 2026-06-01 15:44:16,834] Trial 15 finished with value: -0.024766791185503623 and parameters: {'confidence_threshold': 0.7837367092161743, 'training_days': 300, 'n_estimators': 141, 'max_depth': 4, 'num_leaves': 32, 'learning_rate': 0.02732017211570964, 'subsample': 0.8839231668353861, 'colsample_bytree': 0.8100744538922787, 'min_child_samples': 30, 'reg_alpha': 7.007166029052064e-05, 'reg_lambda': 0.10351163679178875}. Best is trial 1 with value: 0.20304964084273616.
[I 2026-06-01 15:44:17,040] Trial 16 finished with value: 0.02144165068826226 and parameters: {'confidence_threshold': 0.6850441727704154, 'training_days': 430, 'n_estimators': 293, 'max_depth': 3, 'num_leaves': 46, 'learning_rate': 0.04480928585050235, 'subsample': 0.5841408512957407, 'colsample_bytree': 0.7396925178721221, 'min_child_samples': 36, 'reg_alpha': 0.3620917270633253, 'reg_lambda': 6.851761480742252e-07}. Best is trial 1 with value: 0.20304964084273616.
[I 2026-06-01 15:44:17,188] Trial 17 finished with value: 0.035763569811115024 and parameters: {'confidence_threshold': 0.6824932865641997, 'training_days': 500, 'n_estimators': 153, 'max_depth': 4, 'num_leaves': 63, 'learning_rate': 0.02185998295377424, 'subsample': 0.7004831188261247, 'colsample_bytree': 0.6674614313316488, 'min_child_samples': 51, 'reg_alpha': 2.392877257102621e-05, 'reg_lambda': 0.00020614774879284444}. Best is trial 1 with value: 0.20304964084273616.
[I 2026-06-01 15:44:17,309] A new study created in memory with name: no-name-41b2a05c-b50c-4201-ac0f-fa6b5744ee87
[I 2026-06-01 15:44:17,398] Trial 0 finished with value: -0.04666253664824363 and parameters: {'confidence_threshold': 0.7437642149592516, 'training_days': 150, 'n_estimators': 152, 'max_depth': 4, 'num_leaves': 50, 'learning_rate': 0.04216766425047743, 'subsample': 0.9903820991923078, 'colsample_bytree': 0.8424148692924316, 'min_child_samples': 58, 'reg_alpha': 3.381097259762742e-05, 'reg_lambda': 1.2263152961306247e-05}. Best is trial 0 with value: -0.04666253664824363.
[I 2026-06-01 15:44:17,462] Trial 1 finished with value: 0.3188228134904717 and parameters: {'confidence_threshold': 0.7551673975844145, 'training_days': 220, 'n_estimators': 76, 'max_depth': 4, 'num_leaves': 51, 'learning_rate': 0.018602118810743477, 'subsample': 0.5877258780737462, 'colsample_bytree': 0.7657756869209191, 'min_child_samples': 63, 'reg_alpha': 0.005123994170264194, 'reg_lambda': 0.44145470178120466}. Best is trial 1 with value: 0.3188228134904717.
[I 2026-06-01 15:44:17,713] Trial 2 finished with value: -0.022039108031390375 and parameters: {'confidence_threshold': 0.7535593637012223, 'training_days': 310, 'n_estimators': 375, 'max_depth': 3, 'num_leaves': 32, 'learning_rate': 0.021735641882032388, 'subsample': 0.6468570231944146, 'colsample_bytree': 0.8154880619272439, 'min_child_samples': 27, 'reg_alpha': 8.004064028491336e-05, 'reg_lambda': 7.546835261630524e-05}. Best is trial 1 with value: 0.3188228134904717.
[I 2026-06-01 15:44:17,871] Trial 3 finished with value: 0.00693016791370471 and parameters: {'confidence_threshold': 0.6727897841776072, 'training_days': 220, 'n_estimators': 190, 'max_depth': 4, 'num_leaves': 58, 'learning_rate': 0.24810689332636193, 'subsample': 0.7509183379421682, 'colsample_bytree': 0.8119764758960556, 'min_child_samples': 29, 'reg_alpha': 7.1708285081421445e-06, 'reg_lambda': 5.412973582738627e-05}. Best is trial 1 with value: 0.3188228134904717.
[I 2026-06-01 15:44:17,990] Trial 4 finished with value: 0.004823555770634552 and parameters: {'confidence_threshold': 0.803208205259178, 'training_days': 130, 'n_estimators': 267, 'max_depth': 5, 'num_leaves': 40, 'learning_rate': 0.08041175317374143, 'subsample': 0.5603143329951619, 'colsample_bytree': 0.9131704002534167, 'min_child_samples': 68, 'reg_alpha': 0.0008046593428183385, 'reg_lambda': 1.2158346158765583e-05}. Best is trial 1 with value: 0.3188228134904717.
[I 2026-06-01 15:44:18,197] Trial 5 finished with value: 0.01915588385528962 and parameters: {'confidence_threshold': 0.6064422761595144, 'training_days': 210, 'n_estimators': 357, 'max_depth': 5, 'num_leaves': 40, 'learning_rate': 0.0974221287220869, 'subsample': 0.7929682762811064, 'colsample_bytree': 0.8124517510478, 'min_child_samples': 74, 'reg_alpha': 0.3811377260781234, 'reg_lambda': 5.607314238392041e-08}. Best is trial 1 with value: 0.3188228134904717.
[I 2026-06-01 15:44:18,295] Trial 6 finished with value: -0.03541830783875129 and parameters: {'confidence_threshold': 0.7672889945051684, 'training_days': 130, 'n_estimators': 137, 'max_depth': 4, 'num_leaves': 19, 'learning_rate': 0.2031117614248665, 'subsample': 0.8136244860256343, 'colsample_bytree': 0.8617081790949774, 'min_child_samples': 21, 'reg_alpha': 0.002238138278733199, 'reg_lambda': 0.001025809534977322}. Best is trial 1 with value: 0.3188228134904717.
[I 2026-06-01 15:44:18,361] Trial 7 finished with value: 0.0030100648992155534 and parameters: {'confidence_threshold': 0.555635875450653, 'training_days': 80, 'n_estimators': 363, 'max_depth': 3, 'num_leaves': 48, 'learning_rate': 0.06590089024008658, 'subsample': 0.6944752870615722, 'colsample_bytree': 0.962566244806993, 'min_child_samples': 88, 'reg_alpha': 1.6465620446426067e-05, 'reg_lambda': 2.4678750890085655e-08}. Best is trial 1 with value: 0.3188228134904717.
[I 2026-06-01 15:44:18,650] Trial 8 finished with value: 0.0004712874119893573 and parameters: {'confidence_threshold': 0.6066688256938841, 'training_days': 200, 'n_estimators': 367, 'max_depth': 5, 'num_leaves': 32, 'learning_rate': 0.13377519215934996, 'subsample': 0.7965884582811106, 'colsample_bytree': 0.8458508993500886, 'min_child_samples': 32, 'reg_alpha': 3.889436043816386e-05, 'reg_lambda': 1.4713062489380356e-06}. Best is trial 1 with value: 0.3188228134904717.
[I 2026-06-01 15:44:18,851] Trial 9 finished with value: -0.07551969414291002 and parameters: {'confidence_threshold': 0.6202096049169137, 'training_days': 260, 'n_estimators': 350, 'max_depth': 3, 'num_leaves': 21, 'learning_rate': 0.02989540198065364, 'subsample': 0.8307821683331218, 'colsample_bytree': 0.923253112635361, 'min_child_samples': 64, 'reg_alpha': 0.4898604619604203, 'reg_lambda': 2.9076377687066166e-05}. Best is trial 1 with value: 0.3188228134904717.
[I 2026-06-01 15:44:19,242] Trial 10 finished with value: 0.10869575628954369 and parameters: {'confidence_threshold': 0.8445241688507242, 'training_days': 470, 'n_estimators': 493, 'max_depth': 4, 'num_leaves': 63, 'learning_rate': 0.010221918552934462, 'subsample': 0.5019190721168774, 'colsample_bytree': 0.6202684210924141, 'min_child_samples': 47, 'reg_alpha': 2.371385268938747e-08, 'reg_lambda': 1.7987349911222597}. Best is trial 1 with value: 0.3188228134904717.
[I 2026-06-01 15:44:19,623] Trial 11 finished with value: 0.1274941935607262 and parameters: {'confidence_threshold': 0.8371297552840329, 'training_days': 480, 'n_estimators': 493, 'max_depth': 4, 'num_leaves': 63, 'learning_rate': 0.010535067237031154, 'subsample': 0.5082312939353781, 'colsample_bytree': 0.625107197757402, 'min_child_samples': 47, 'reg_alpha': 1.0529589035799712e-08, 'reg_lambda': 2.2589911631542003}. Best is trial 1 with value: 0.3188228134904717.
[I 2026-06-01 15:44:19,701] Trial 12 finished with value: -10.0 and parameters: {'confidence_threshold': 0.830632524875604, 'training_days': 400, 'n_estimators': 51, 'max_depth': 4, 'num_leaves': 54, 'learning_rate': 0.010231472991588475, 'subsample': 0.6032252901108627, 'colsample_bytree': 0.6669454130036883, 'min_child_samples': 47, 'reg_alpha': 1.753113717811339e-08, 'reg_lambda': 3.4309645602811933}. Best is trial 1 with value: 0.3188228134904717.
[I 2026-06-01 15:44:19,728] Trial 13 finished with value: -2.1184150217021607 and parameters: {'confidence_threshold': 0.7216410707571145, 'training_days': 10, 'n_estimators': 475, 'max_depth': 4, 'num_leaves': 63, 'learning_rate': 0.017797220503138828, 'subsample': 0.5024707401359401, 'colsample_bytree': 0.5443982906148261, 'min_child_samples': 46, 'reg_alpha': 0.024510194560445127, 'reg_lambda': 0.03416332834075164}. Best is trial 1 with value: 0.3188228134904717.
[I 2026-06-01 15:44:19,796] Trial 14 finished with value: -1.9543347221155032 and parameters: {'confidence_threshold': 0.6968624890517784, 'training_days': 350, 'n_estimators': 60, 'max_depth': 4, 'num_leaves': 47, 'learning_rate': 0.01645102485501106, 'subsample': 0.5813503122413209, 'colsample_bytree': 0.7101988997477608, 'min_child_samples': 80, 'reg_alpha': 8.70158361284731e-07, 'reg_lambda': 0.07770455863008943}. Best is trial 1 with value: 0.3188228134904717.
[I 2026-06-01 15:44:20,002] Trial 15 finished with value: 0.008599074489007786 and parameters: {'confidence_threshold': 0.7897652460704997, 'training_days': 500, 'n_estimators': 257, 'max_depth': 5, 'num_leaves': 56, 'learning_rate': 0.0374834009800827, 'subsample': 0.6815479594839866, 'colsample_bytree': 0.5093920150666754, 'min_child_samples': 100, 'reg_alpha': 5.183528574548921, 'reg_lambda': 0.09914591051121431}. Best is trial 1 with value: 0.3188228134904717.
