[I 2026-06-01 15:49:48,267] Trial 4 finished with value: -0.029361519601136022 and parameters: {'confidence_threshold': 0.803208205259178, 'training_days': 130, 'n_estimators': 267, 'max_depth': 5, 'num_leaves': 40, 'learning_rate': 0.08041175317374143, 'subsample': 0.5603143329951619, 'colsample_bytree': 0.9131704002534167, 'min_child_samples': 68, 'reg_alpha': 0.0008046593428183385, 'reg_lambda': 1.2158346158765583e-05}. Best is trial 1 with value: 0.3128455784375797.

  [label] 2023-05-04 00:00 ETHUSDT entry=1898.0000 → SHORT | long=sl(-3.67%) short=sl(-3.67%) | scanned=14 | no_tp→fwd_return=-2.7113
  [label] 2023-05-07 16:00 ETHUSDT entry=1869.5000 → SHORT | long=sl(-4.51%) short=timeout(+3.71%) | scanned=22 | no_tp→fwd_return=-3.8112
  [label] 2023-06-01 08:00 ETHUSDT entry=1862.7900 → SHORT | long=sl(-3.07%) short=timeout(+0.33%) | scanned=22 | no_tp→fwd_return=-0.4305
  [label] 2023-07-24 00:00 ETHUSDT entry=1874.1700 → SHORT | long=timeout(-0.63%) short=timeout(+0.43%) | scanned=22 | no_tp→fwd_return=-0.5320
  [label] 2024-01-06 00:00 ETHUSDT entry=2233.0900 → LONG | long=tp(+10.36%) short=sl(-5.33%) | scanned=14 | long_tp_only
  [label] 2024-01-10 00:00 ETHUSDT entry=2369.4200 → LONG | long=tp(+10.00%) short=sl(-5.15%) | scanned=2 | long_tp_only
  [label] 2024-01-20 16:00 ETHUSDT entry=2472.2700 → SHORT | long=sl(-3.66%) short=tp(+7.01%) | scanned=8 | short_tp_only
  [label] 2024-03-05 16:00 ETHUSDT entry=3555.4300 → LONG | long=tp(+14.65%) short=sl(-7.48%) | scanned=18 | long_tp_only
  [label] 2024-03-14 08:00 ETHUSDT entry=3848.4000 → SHORT | long=sl(-5.75%) short=tp(+11.19%) | scanned=14 | short_tp_only
  [label] 2024-06-12 16:00 ETHUSDT entry=3560.4500 → SHORT | long=sl(-4.29%) short=timeout(-0.06%) | scanned=22 | no_tp→fwd_return=-0.0449
  [label] 2024-07-14 16:00 ETHUSDT entry=3243.5600 → LONG | long=tp(+7.67%) short=sl(-3.99%) | scanned=4 | long_tp_only
  [label] 2024-07-31 00:00 ETHUSDT entry=3316.2500 → SHORT | long=sl(-4.46%) short=tp(+8.63%) | scanned=7 | short_tp_only
  [label] 2024-08-12 16:00 ETHUSDT entry=2721.1500 → SHORT | long=sl(-7.47%) short=timeout(+3.06%) | scanned=22 | no_tp→fwd_return=-3.1604
  [label] 2024-08-31 00:00 ETHUSDT entry=2519.7800 → SHORT | long=sl(-5.30%) short=tp(+10.30%) | scanned=20 | short_tp_only
  [label] 2024-09-06 08:00 ETHUSDT entry=2289.0200 → LONG | long=sl(-6.14%) short=timeout(-5.25%) | scanned=22 | no_tp→fwd_return=+5.1467
  [label] 2024-09-18 16:00 ETHUSDT entry=2373.9300 → LONG | long=tp(+8.75%) short=sl(-4.53%) | scanned=7 | long_tp_only
  [label] 2024-10-28 08:00 ETHUSDT entry=2500.3000 → LONG | long=tp(+7.57%) short=sl(-3.93%) | scanned=6 | long_tp_only
  [label] 2024-11-07 00:00 ETHUSDT entry=2821.6300 → LONG | long=tp(+11.18%) short=sl(-5.74%) | scanned=8 | long_tp_only
  [label] 2025-02-01 08:00 ETHUSDT entry=3249.4000 → SHORT | long=sl(-5.77%) short=tp(+11.24%) | scanned=4 | short_tp_only
  Labels: 1119 long (51.5%), 1052 short (48.5%) | weights: min=1.00, mean=4.11, max=10.00
  Features: 2171/2171 matched, 48 columns
  CV gap: 22 rows
  [ensemble 1/3] seed=42
    [trial 0] 48 features, training_days=480 | threshold=0.631 | labels: 1119 long, 1052 short (52/48%)
    [CV fold 0] train_end=2023-06-23 08:00 | val_start=2023-07-01 00:00 | gap=184h (22 rows)
    [CV fold 1] train_end=2023-10-21 16:00 | val_start=2023-10-29 08:00 | gap=184h (22 rows)
    [CV fold 2] train_end=2024-02-19 00:00 | val_start=2024-02-26 16:00 | gap=184h (22 rows)
    [CV fold 3] train_end=2024-06-18 08:00 | val_start=2024-06-26 00:00 | gap=184h (22 rows)
    [CV fold 4] train_end=2024-10-16 16:00 | val_start=2024-10-24 08:00 | gap=184h (22 rows)
    [trial 0] Sharpe=-0.0095 (folds: 0.0293, 0.1131, -0.1493, 0.1162, -0.1567)
    [trial 1] 48 features, training_days=420 | threshold=0.839 | labels: 1119 long, 1052 short (52/48%)
    [trial 1] Sharpe=-1.9240 (folds: 0.1915, 0.3078, 0.0280, -10.0000, -0.1472)
    [trial 2] 48 features, training_days=190 | threshold=0.602 | labels: 1119 long, 1052 short (52/48%)
    [trial 2] Sharpe=0.0110 (folds: -0.0147, 0.1542, -0.1407, 0.1180, -0.0616)
    [trial 3] 48 features, training_days=490 | threshold=0.832 | labels: 1119 long, 1052 short (52/48%)
    [trial 3] Sharpe=0.0459 (folds: -0.0187, 0.1648, -0.1010, 0.2550, -0.0706)
    [trial 4] 48 features, training_days=340 | threshold=0.591 | labels: 1119 long, 1052 short (52/48%)
    [trial 4] Sharpe=0.0413 (folds: 0.1333, 0.2011, -0.1467, 0.1249, -0.1058)
    [trial 5] 48 features, training_days=50 | threshold=0.823 | labels: 1119 long, 1052 short (52/48%)
    [trial 5] Sharpe=-0.1020 (folds: 0.0671, -0.1681, -0.0188, -0.1163, -0.2738)
    [trial 6] 48 features, training_days=410 | threshold=0.549 | labels: 1119 long, 1052 short (52/48%)
    [trial 6] Sharpe=0.0418 (folds: 0.0736, 0.1767, -0.1570, 0.1292, -0.0138)
    [trial 7] 48 features, training_days=180 | threshold=0.526 | labels: 1119 long, 1052 short (52/48%)
    [trial 7] Sharpe=0.0209 (folds: 0.0496, 0.1670, -0.1567, 0.1088, -0.0644)
    [trial 8] 48 features, training_days=240 | threshold=0.811 | labels: 1119 long, 1052 short (52/48%)
    [trial 8] Sharpe=0.0589 (folds: 0.0811, 0.1893, -0.1035, 0.2112, -0.0839)
    [trial 9] 48 features, training_days=20 | threshold=0.538 | labels: 1119 long, 1052 short (52/48%)
    [trial 9] Sharpe=0.1110 (folds: -0.0156, 0.3939, 0.1001, 0.0399, 0.0367)
    [trial 10] 48 features, training_days=10 | threshold=0.745 | labels: 1119 long, 1052 short (52/48%)
    [trial 10] Sharpe=-4.0490 (folds: -10.0000, -0.3850, 0.1001, 0.0399, -10.0000)
    [trial 11] 48 features, training_days=120 | threshold=0.716 | labels: 1119 long, 1052 short (52/48%)
    [trial 11] Sharpe=-0.1284 (folds: -0.0383, -0.3397, -0.1228, 0.0024, -0.1434)
    [trial 12] 48 features, training_days=270 | threshold=0.670 | labels: 1119 long, 1052 short (52/48%)
    [trial 12] Sharpe=0.0231 (folds: -0.0060, 0.1601, -0.0818, 0.1619, -0.1188)
    [trial 13] 48 features, training_days=110 | threshold=0.758 | labels: 1119 long, 1052 short (52/48%)
    [trial 13] Sharpe=-0.0849 (folds: -0.0251, -0.1407, -0.1171, 0.0251, -0.1669)
    [trial 14] 48 features, training_days=280 | threshold=0.673 | labels: 1119 long, 1052 short (52/48%)
    [trial 14] Sharpe=-0.0114 (folds: -0.0174, 0.0628, -0.1094, 0.1225, -0.1156)
    [trial 15] 48 features, training_days=160 | threshold=0.507 | labels: 1119 long, 1052 short (52/48%)
    [trial 15] Sharpe=0.0043 (folds: 0.0516, 0.1692, -0.0406, 0.0146, -0.1732)
    [trial 16] 48 features, training_days=330 | threshold=0.783 | labels: 1119 long, 1052 short (52/48%)
    [trial 16] Sharpe=0.0021 (folds: -0.0235, 0.1286, -0.0625, 0.1245, -0.1563)
    [trial 17] 48 features, training_days=70 | threshold=0.707 | labels: 1119 long, 1052 short (52/48%)
    [trial 17] Sharpe=-0.0507 (folds: 0.0458, -0.2963, -0.0105, 0.1187, -0.1115)
  Optuna: 18 trials, best Sharpe = 0.1110
  Best params: n_estimators=337, max_depth=3, lr=0.2191, leaves=39
  Best confidence_threshold: 0.538
  Best training_days: 20
  Retrained on full data (60 samples, 48 features)
  [ensemble 2/3] seed=123
    [trial 0] 48 features, training_days=150 | threshold=0.744 | labels: 1119 long, 1052 short (52/48%)
    [CV fold 0] train_end=2023-06-23 08:00 | val_start=2023-07-01 00:00 | gap=184h (22 rows)
    [CV fold 1] train_end=2023-10-21 16:00 | val_start=2023-10-29 08:00 | gap=184h (22 rows)
    [CV fold 2] train_end=2024-02-19 00:00 | val_start=2024-02-26 16:00 | gap=184h (22 rows)
    [CV fold 3] train_end=2024-06-18 08:00 | val_start=2024-06-26 00:00 | gap=184h (22 rows)
    [CV fold 4] train_end=2024-10-16 16:00 | val_start=2024-10-24 08:00 | gap=184h (22 rows)
    [trial 0] Sharpe=-0.0042 (folds: 0.0655, 0.0973, -0.0627, -0.0171, -0.1042)
    [trial 1] 48 features, training_days=220 | threshold=0.755 | labels: 1119 long, 1052 short (52/48%)
    [trial 1] Sharpe=0.3128 (folds: 0.5692, 0.7015, -0.0326, 0.3937, -0.0677)
    [trial 2] 48 features, training_days=310 | threshold=0.754 | labels: 1119 long, 1052 short (52/48%)
    [trial 2] Sharpe=0.0514 (folds: -0.0162, 0.0960, -0.0960, 0.3639, -0.0906)
    [trial 3] 48 features, training_days=220 | threshold=0.673 | labels: 1119 long, 1052 short (52/48%)
    [trial 3] Sharpe=0.0124 (folds: -0.0154, 0.1215, -0.1359, 0.1709, -0.0791)
    [trial 4] 48 features, training_days=130 | threshold=0.803 | labels: 1119 long, 1052 short (52/48%)
    [trial 4] Sharpe=-0.0294 (folds: -0.0405, -0.0113, -0.0985, 0.1148, -0.1113)
    [trial 5] 48 features, training_days=210 | threshold=0.606 | labels: 1119 long, 1052 short (52/48%)
    [trial 5] Sharpe=0.0274 (folds: -0.0351, 0.1564, -0.0664, 0.1209, -0.0388)[I 2026-06-01 15:49:48,510] Trial 5 finished with value: 0.02737695955981424 and parameters: {'confidence_threshold': 0.6064422761595144, 'training_days': 210, 'n_estimators': 357, 'max_depth': 5, 'num_leaves': 40, 'learning_rate': 0.0974221287220869, 'subsample': 0.7929682762811064, 'colsample_bytree': 0.8124517510478, 'min_child_samples': 74, 'reg_alpha': 0.3811377260781234, 'reg_lambda': 5.607314238392041e-08}. Best is trial 1 with value: 0.3128455784375797.
[I 2026-06-01 15:49:48,632] Trial 6 finished with value: 0.002946319378956169 and parameters: {'confidence_threshold': 0.7672889945051684, 'training_days': 130, 'n_estimators': 137, 'max_depth': 4, 'num_leaves': 19, 'learning_rate': 0.2031117614248665, 'subsample': 0.8136244860256343, 'colsample_bytree': 0.8617081790949774, 'min_child_samples': 21, 'reg_alpha': 0.002238138278733199, 'reg_lambda': 0.001025809534977322}. Best is trial 1 with value: 0.3128455784375797.
[I 2026-06-01 15:49:48,710] Trial 7 finished with value: -0.07113181364254115 and parameters: {'confidence_threshold': 0.555635875450653, 'training_days': 80, 'n_estimators': 363, 'max_depth': 3, 'num_leaves': 48, 'learning_rate': 0.06590089024008658, 'subsample': 0.6944752870615722, 'colsample_bytree': 0.962566244806993, 'min_child_samples': 88, 'reg_alpha': 1.6465620446426067e-05, 'reg_lambda': 2.4678750890085655e-08}. Best is trial 1 with value: 0.3128455784375797.
[I 2026-06-01 15:49:49,043] Trial 8 finished with value: -0.005571414552869164 and parameters: {'confidence_threshold': 0.6066688256938841, 'training_days': 200, 'n_estimators': 367, 'max_depth': 5, 'num_leaves': 32, 'learning_rate': 0.13377519215934996, 'subsample': 0.7965884582811106, 'colsample_bytree': 0.8458508993500886, 'min_child_samples': 32, 'reg_alpha': 3.889436043816386e-05, 'reg_lambda': 1.4713062489380356e-06}. Best is trial 1 with value: 0.3128455784375797.
[I 2026-06-01 15:49:49,280] Trial 9 finished with value: 0.03196332201224038 and parameters: {'confidence_threshold': 0.6202096049169137, 'training_days': 260, 'n_estimators': 350, 'max_depth': 3, 'num_leaves': 21, 'learning_rate': 0.02989540198065364, 'subsample': 0.8307821683331218, 'colsample_bytree': 0.923253112635361, 'min_child_samples': 64, 'reg_alpha': 0.4898604619604203, 'reg_lambda': 2.9076377687066166e-05}. Best is trial 1 with value: 0.3128455784375797.
[I 2026-06-01 15:49:49,741] Trial 10 finished with value: 0.10504715449194986 and parameters: {'confidence_threshold': 0.8445241688507242, 'training_days': 470, 'n_estimators': 493, 'max_depth': 4, 'num_leaves': 63, 'learning_rate': 0.010221918552934462, 'subsample': 0.5019190721168774, 'colsample_bytree': 0.6202684210924141, 'min_child_samples': 47, 'reg_alpha': 2.371385268938747e-08, 'reg_lambda': 1.7987349911222597}. Best is trial 1 with value: 0.3128455784375797.
[I 2026-06-01 15:49:50,215] Trial 11 finished with value: 0.13577748246554727 and parameters: {'confidence_threshold': 0.8371297552840329, 'training_days': 480, 'n_estimators': 493, 'max_depth': 4, 'num_leaves': 63, 'learning_rate': 0.010535067237031154, 'subsample': 0.5082312939353781, 'colsample_bytree': 0.625107197757402, 'min_child_samples': 47, 'reg_alpha': 1.0529589035799712e-08, 'reg_lambda': 2.2589911631542003}. Best is trial 1 with value: 0.3128455784375797.
[I 2026-06-01 15:49:50,300] Trial 12 finished with value: -10.0 and parameters: {'confidence_threshold': 0.830632524875604, 'training_days': 400, 'n_estimators': 51, 'max_depth': 4, 'num_leaves': 54, 'learning_rate': 0.010231472991588475, 'subsample': 0.6032252901108627, 'colsample_bytree': 0.6669454130036883, 'min_child_samples': 47, 'reg_alpha': 1.753113717811339e-08, 'reg_lambda': 3.4309645602811933}. Best is trial 1 with value: 0.3128455784375797.
[I 2026-06-01 15:49:50,336] Trial 13 finished with value: -4.048986085279857 and parameters: {'confidence_threshold': 0.7216410707571145, 'training_days': 10, 'n_estimators': 475, 'max_depth': 4, 'num_leaves': 63, 'learning_rate': 0.017797220503138828, 'subsample': 0.5024707401359401, 'colsample_bytree': 0.5443982906148261, 'min_child_samples': 46, 'reg_alpha': 0.024510194560445127, 'reg_lambda': 0.03416332834075164}. Best is trial 1 with value: 0.3128455784375797.
[I 2026-06-01 15:49:50,426] Trial 14 finished with value: -1.812387847577488 and parameters: {'confidence_threshold': 0.6968624890517784, 'training_days': 350, 'n_estimators': 60, 'max_depth': 4, 'num_leaves': 47, 'learning_rate': 0.01645102485501106, 'subsample': 0.5813503122413209, 'colsample_bytree': 0.7101988997477608, 'min_child_samples': 80, 'reg_alpha': 8.70158361284731e-07, 'reg_lambda': 0.07770455863008943}. Best is trial 1 with value: 0.3128455784375797.
[I 2026-06-01 15:49:50,651] Trial 15 finished with value: 0.10537352519128126 and parameters: {'confidence_threshold': 0.7897652460704997, 'training_days': 500, 'n_estimators': 257, 'max_depth': 5, 'num_leaves': 56, 'learning_rate': 0.0374834009800827, 'subsample': 0.6815479594839866, 'colsample_bytree': 0.5093920150666754, 'min_child_samples': 100, 'reg_alpha': 5.183528574548921, 'reg_lambda': 0.09914591051121431}. Best is trial 1 with value: 0.3128455784375797.
[I 2026-06-01 15:49:50,953] Trial 16 finished with value: 0.08504360248554987 and parameters: {'confidence_threshold': 0.8104188407338415, 'training_days': 430, 'n_estimators': 440, 'max_depth': 3, 'num_leaves': 45, 'learning_rate': 0.014080619158868648, 'subsample': 0.5517131019787263, 'colsample_bytree': 0.6155885267093099, 'min_child_samples': 55, 'reg_alpha': 5.292044899879069e-07, 'reg_lambda': 0.0023097148375237977}. Best is trial 1 with value: 0.3128455784375797.
[I 2026-06-01 15:49:51,180] Trial 17 finished with value: -0.015314618549261938 and parameters: {'confidence_threshold': 0.5004748807695347, 'training_days': 300, 'n_estimators': 209, 'max_depth': 4, 'num_leaves': 58, 'learning_rate': 0.025558691536973283, 'subsample': 0.9202138733708044, 'colsample_bytree': 0.7208080702585287, 'min_child_samples': 38, 'reg_alpha': 0.017867971546418063, 'reg_lambda': 0.5946928990548885}. Best is trial 1 with value: 0.3128455784375797.
[I 2026-06-01 15:49:51,619] A new study created in memory with name: no-name-770b3f45-77ce-41c7-8d66-4cdb85a6b99f
[I 2026-06-01 15:49:51,809] Trial 0 finished with value: -0.047903682538719905 and parameters: {'confidence_threshold': 0.5870645682749857, 'training_days': 90, 'n_estimators': 403, 'max_depth': 5, 'num_leaves': 45, 'learning_rate': 0.0780457193679974, 'subsample': 0.9428509515574568, 'colsample_bytree': 0.8795587339164916, 'min_child_samples': 34, 'reg_alpha': 2.2465901234314442e-07, 'reg_lambda': 8.339007036475363e-05}. Best is trial 0 with value: -0.047903682538719905.
[I 2026-06-01 15:49:51,930] Trial 1 finished with value: 0.008418897011146315 and parameters: {'confidence_threshold': 0.6348453934275313, 'training_days': 290, 'n_estimators': 115, 'max_depth': 5, 'num_leaves': 37, 'learning_rate': 0.06949568759029946, 'subsample': 0.8228505074024268, 'colsample_bytree': 0.8616703220431751, 'min_child_samples': 75, 'reg_alpha': 4.2486822725010923e-07, 'reg_lambda': 1.157247767047042e-07}. Best is trial 1 with value: 0.008418897011146315.
[I 2026-06-01 15:49:51,949] Trial 2 finished with value: -4.048986085279857 and parameters: {'confidence_threshold': 0.5849570384370288, 'training_days': 10, 'n_estimators': 212, 'max_depth': 3, 'num_leaves': 41, 'learning_rate': 0.18452095998378365, 'subsample': 0.6001060822924371, 'colsample_bytree': 0.5673167293506167, 'min_child_samples': 37, 'reg_alpha': 5.733250064217131, 'reg_lambda': 0.5308454292595461}. Best is trial 1 with value: 0.008418897011146315.
[I 2026-06-01 15:49:52,030] Trial 3 finished with value: 0.06348219499914905 and parameters: {'confidence_threshold': 0.6868248626683718, 'training_days': 220, 'n_estimators': 134, 'max_depth': 3, 'num_leaves': 45, 'learning_rate': 0.033529007907491595, 'subsample': 0.8647277071858408, 'colsample_bytree': 0.778494116634046, 'min_child_samples': 96, 'reg_alpha': 2.409409937265785e-07, 'reg_lambda': 1.1642073478060009}. Best is trial 3 with value: 0.06348219499914905.
[I 2026-06-01 15:49:52,123] Trial 4 finished with value: 0.011888740355478392 and parameters: {'confidence_threshold': 0.5623121348350352, 'training_days': 300, 'n_estimators': 69, 'max_depth': 4, 'num_leaves': 32, 'learning_rate': 0.14967629360700346, 'subsample': 0.5054535233636654, 'colsample_bytree': 0.7401385194659216, 'min_child_samples': 27, 'reg_alpha': 1.4212042567426725e-07, 'reg_lambda': 0.23605753701352003}. Best is trial 3 with value: 0.06348219499914905.
[I 2026-06-01 15:49:52,572] Trial 5 finished with value: -0.021949077832058565 and parameters: {'confidence_threshold': 0.7111850244908446, 'training_days': 490, 'n_estimators': 362, 'max_depth': 5, 'num_leaves': 40, 'learning_rate': 0.05960785724162737, 'subsample': 0.5589714368907717, 'colsample_bytree': 0.6659006943232806, 'min_child_samples': 42, 'reg_alpha': 0.6741360303045295, 'reg_lambda': 6.054601607143087e-08}. Best is trial 3 with value: 0.06348219499914905.
[I 2026-06-01 15:49:52,767] Trial 6 finished with value: -0.00664942595650046 and parameters: {'confidence_threshold': 0.667482545748023, 'training_days': 420, 'n_estimators': 279, 'max_depth': 3, 'num_leaves': 45, 'learning_rate': 0.040099592560849204, 'subsample': 0.8563114696415159, 'colsample_bytree': 0.5442917781944105, 'min_child_samples': 50, 'reg_alpha': 1.6407916423707903e-08, 'reg_lambda': 2.935907642973286e-05}. Best is trial 3 with value: 0.06348219499914905.
[I 2026-06-01 15:49:52,931] Trial 7 finished with value: -0.10169212785591683 and parameters: {'confidence_threshold': 0.5497381024139926, 'training_days': 120, 'n_estimators': 408, 'max_depth': 5, 'num_leaves': 38, 'learning_rate': 0.28049122657745795, 'subsample': 0.8806573338635493, 'colsample_bytree': 0.5454054113547102, 'min_child_samples': 63, 'reg_alpha': 0.01263008637940408, 'reg_lambda': 0.04588020805366937}. Best is trial 3 with value: 0.06348219499914905.
[I 2026-06-01 15:49:53,228] Trial 8 finished with value: 0.022540813371721972 and parameters: {'confidence_threshold': 0.719644804808716, 'training_days': 450, 'n_estimators': 410, 'max_depth': 4, 'num_leaves': 57, 'learning_rate': 0.04022026551478857, 'subsample': 0.5336085426932707, 'colsample_bytree': 0.5705742850577543, 'min_child_samples': 100, 'reg_alpha': 5.916398047912201e-07, 'reg_lambda': 0.9794034214488329}. Best is trial 3 with value: 0.06348219499914905.
[I 2026-06-01 15:49:53,254] Trial 9 finished with value: 0.11101381658962273 and parameters: {'confidence_threshold': 0.7267463643917187, 'training_days': 20, 'n_estimators': 337, 'max_depth': 5, 'num_leaves': 23, 'learning_rate': 0.022153031811454605, 'subsample': 0.6305627572358737, 'colsample_bytree': 0.6613413774216214, 'min_child_samples': 81, 'reg_alpha': 5.7638634029410314e-08, 'reg_lambda': 8.26603016764008}. Best is trial 9 with value: 0.11101381658962273.
[I 2026-06-01 15:49:53,285] Trial 10 finished with value: -4.048986085279857 and parameters: {'confidence_threshold': 0.8283920119574972, 'training_days': 10, 'n_estimators': 485, 'max_depth': 4, 'num_leaves': 15, 'learning_rate': 0.011197013926875714, 'subsample': 0.6821883053833926, 'colsample_bytree': 0.9944479338273263, 'min_child_samples': 80, 'reg_alpha': 6.837313901272251e-05, 'reg_lambda': 0.007549769720510555}. Best is trial 9 with value: 0.11101381658962273.
[I 2026-06-01 15:49:53,401] Trial 11 finished with value: 0.1186626938071154 and parameters: {'confidence_threshold': 0.7872382057434107, 'training_days': 210, 'n_estimators': 209, 'max_depth': 3, 'num_leaves': 21, 'learning_rate': 0.018317113635597262, 'subsample': 0.7041758727862389, 'colsample_bytree': 0.694686379633106, 'min_child_samples': 100, 'reg_alpha': 3.110373165927567e-05, 'reg_lambda': 7.123992949680003}. Best is trial 11 with value: 0.1186626938071154.
[I 2026-06-01 15:49:53,557] Trial 12 finished with value: 0.09478099921996107 and parameters: {'confidence_threshold': 0.7875019494762308, 'training_days': 190, 'n_estimators': 270, 'max_depth': 4, 'num_leaves': 19, 'learning_rate': 0.015168826472627328, 'subsample': 0.7020882441716052, 'colsample_bytree': 0.6671293344233914, 'min_child_samples': 85, 'reg_alpha': 5.113460481149383e-05, 'reg_lambda': 8.523281765312296}. Best is trial 11 with value: 0.1186626938071154.
[I 2026-06-01 15:49:53,834] Trial 13 finished with value: 0.04802811764217746 and parameters: {'confidence_threshold': 0.7586389545742787, 'training_days': 370, 'n_estimators': 205, 'max_depth': 3, 'num_leaves': 25, 'learning_rate': 0.022859712874041947, 'subsample': 0.6426211696656221, 'colsample_bytree': 0.6723496675591315, 'min_child_samples': 67, 'reg_alpha': 0.0019364492753928353, 'reg_lambda': 0.013308686872621094}. Best is trial 11 with value: 0.1186626938071154.
[I 2026-06-01 15:49:53,996] Trial 14 finished with value: -2.0748645993655015 and parameters: {'confidence_threshold': 0.8470795016778471, 'training_days': 130, 'n_estimators': 332, 'max_depth': 4, 'num_leaves': 26, 'learning_rate': 0.020390309978348148, 'subsample': 0.7851487748866213, 'colsample_bytree': 0.7455456757671719, 'min_child_samples': 90, 'reg_alpha': 1.1551822108194917e-05, 'reg_lambda': 0.0010937076400417012}. Best is trial 11 with value: 0.1186626938071154.
