[I 2026-06-01 15:43:04,545] A new study created in memory with name: no-name-9c816868-056c-434d-abc6-03c267600b22
[I 2026-06-01 15:43:04,929] Trial 0 finished with value: 0.0027108436437432576 and parameters: {'confidence_threshold': 0.6310890415965769, 'training_days': 480, 'n_estimators': 380, 'max_depth': 4, 'num_leaves': 22, 'learning_rate': 0.01699897838270077, 'subsample': 0.5290418060840998, 'colsample_bytree': 0.9330880728874675, 'min_child_samples': 68, 'reg_alpha': 0.023585940584142682, 'reg_lambda': 1.5320059381854043e-08}. Best is trial 0 with value: 0.0027108436437432576.
[I 2026-06-01 15:43:05,054] Trial 1 finished with value: -0.05959911400636345 and parameters: {'confidence_threshold': 0.839468448256698, 'training_days': 420, 'n_estimators': 145, 'max_depth': 3, 'num_leaves': 23, 'learning_rate': 0.028145092716060652, 'subsample': 0.762378215816119, 'colsample_bytree': 0.7159725093210578, 'min_child_samples': 43, 'reg_alpha': 0.0032112643094417484, 'reg_lambda': 1.8007140198129195e-07}. Best is trial 0 with value: 0.0027108436437432576.
[I 2026-06-01 15:43:05,179] Trial 2 finished with value: -0.014596549576702695 and parameters: {'confidence_threshold': 0.6022506269873263, 'training_days': 190, 'n_estimators': 255, 'max_depth': 5, 'num_leaves': 24, 'learning_rate': 0.05748924681991978, 'subsample': 0.7962072844310213, 'colsample_bytree': 0.5232252063599989, 'min_child_samples': 69, 'reg_alpha': 3.425445902633376e-07, 'reg_lambda': 3.850031979199519e-08}. Best is trial 0 with value: 0.0027108436437432576.
[I 2026-06-01 15:43:05,445] Trial 3 finished with value: -0.00922339702211813 and parameters: {'confidence_threshold': 0.8321099380386666, 'training_days': 490, 'n_estimators': 414, 'max_depth': 3, 'num_leaves': 19, 'learning_rate': 0.1024932221692416, 'subsample': 0.7200762468698007, 'colsample_bytree': 0.5610191174223894, 'min_child_samples': 60, 'reg_alpha': 2.039373116525212e-08, 'reg_lambda': 1.527156759251193}. Best is trial 0 with value: 0.0027108436437432576.
[I 2026-06-01 15:43:05,584] Trial 4 finished with value: 0.010143159063374863 and parameters: {'confidence_threshold': 0.5905729935600059, 'training_days': 340, 'n_estimators': 190, 'max_depth': 4, 'num_leaves': 41, 'learning_rate': 0.01875220945578641, 'subsample': 0.9847923138822793, 'colsample_bytree': 0.8875664116805573, 'min_child_samples': 96, 'reg_alpha': 1.1309571585271483, 'reg_lambda': 0.002404915432737351}. Best is trial 4 with value: 0.010143159063374863.
[I 2026-06-01 15:43:05,623] Trial 5 finished with value: -2.0141579198679436 and parameters: {'confidence_threshold': 0.8226559822580909, 'training_days': 50, 'n_estimators': 138, 'max_depth': 3, 'num_leaves': 30, 'learning_rate': 0.03750796359625606, 'subsample': 0.6356745158869479, 'colsample_bytree': 0.9143687545759647, 'min_child_samples': 48, 'reg_alpha': 3.376063348877853e-06, 'reg_lambda': 0.0007660634613082914}. Best is trial 4 with value: 0.010143159063374863.
[I 2026-06-01 15:43:05,725] Trial 6 finished with value: 0.061141844689438396 and parameters: {'confidence_threshold': 0.5493234787411669, 'training_days': 410, 'n_estimators': 83, 'max_depth': 5, 'num_leaves': 52, 'learning_rate': 0.019657448966046126, 'subsample': 0.5027610585618012, 'colsample_bytree': 0.9077307142274171, 'min_child_samples': 77, 'reg_alpha': 0.03639690979811287, 'reg_lambda': 0.08738424135626986}. Best is trial 6 with value: 0.061141844689438396.
[I 2026-06-01 15:43:05,800] Trial 7 finished with value: -0.004947750962266293 and parameters: {'confidence_threshold': 0.5259156281069316, 'training_days': 180, 'n_estimators': 102, 'max_depth': 5, 'num_leaves': 45, 'learning_rate': 0.030816017044468066, 'subsample': 0.5317791751430119, 'colsample_bytree': 0.6554911608578311, 'min_child_samples': 46, 'reg_alpha': 0.036851536911881845, 'reg_lambda': 0.005470376807480391}. Best is trial 6 with value: 0.061141844689438396.
[run_baseline_v1] --ensemble-size override: 3 (mode default was 3)
v1 RUNNER mode=EXPLORATION iteration=v1-055
  symbols: ('ETHUSDT',)
  ENSEMBLE_SIZE: 3
  ensemble_seeds: [42, 123, 456] (offset=0)
  n_trials per cell: 18
  feature_columns: 48 columns
  bounds_profile: v1_pruned
  OOF_PARQUET_PATH: data/v1_iter_v1-055_trial_oof.parquet
  V1_EXCLUDED_SYMBOLS: ('XRPUSDT', 'DOGEUSDT', 'NEARUSDT', 'BCHUSDT', 'LDOUSDT', 'TRXUSDT', 'BNBUSDT')
  r5_vol_target_enabled: False
  r5_kill_low_natr_enabled: False
  sigma_source: natr
  sample_weight_mode: abs_pnl
  label_mode: triple_barrier
  optuna_objective: sharpe
  vol_ceiling_mode: none
  frozen_hp_mode: none (normal Optuna search)
  model_type: lgbm

[iter-v1/055] ETH-ONLY SPECIALIST HEAD ACTIVE: features=V1_FEATURE_COLUMNS_PRUNED (48 cols; eth_vs_btc_ret_ratio_30 ADDED). R3=ON, R1=OFF, R2=OFF (baseline Model A for ETH). atr_tp=3.5, atr_sl=1.75 (specialist convention). ENSEMBLE_SIZE=3 (inner), n_trials=18. NORMAL-RISK: additive feature + cohort isolation (no Optuna domain change). cycle-6 EXP-10/10 FINAL. ETH baseline IS -0.61; flip-positive target IS >= 0.00.
============================================================
MODEL A_ETH_specialist (R3-only): ETHUSDT (R1=False R2=False R3=on, n_trials=18, ENSEMBLE_SIZE=3, features=48, bounds=v1_pruned, sigma_source=natr)
============================================================
[lgbm] 48 feature columns, 54 walk-forward splits
[lgbm] ATR labeling: 7010/7030 rows with ATR values
[lgbm] No split for 2020-01 (insufficient training data)
[lgbm] No split for 2020-02 (insufficient training data)
[lgbm] No split for 2020-03 (insufficient training data)
[lgbm] No split for 2020-04 (insufficient training data)
[lgbm] No split for 2020-05 (insufficient training data)
[lgbm] No split for 2020-06 (insufficient training data)
[lgbm] No split for 2020-07 (insufficient training data)
[lgbm] No split for 2020-08 (insufficient training data)
[lgbm] No split for 2020-09 (insufficient training data)
[lgbm] No split for 2020-10 (insufficient training data)
[lgbm] No split for 2020-11 (insufficient training data)
[lgbm] No split for 2020-12 (insufficient training data)
[lgbm] No split for 2021-01 (insufficient training data)
[lgbm] No split for 2021-02 (insufficient training data)
[lgbm] No split for 2021-03 (insufficient training data)
[lgbm] No split for 2021-04 (insufficient training data)
[lgbm] No split for 2021-05 (insufficient training data)
[lgbm] No split for 2021-06 (insufficient training data)
[lgbm] No split for 2021-07 (insufficient training data)
[lgbm] No split for 2021-08 (insufficient training data)
[lgbm] No split for 2021-09 (insufficient training data)
[lgbm] No split for 2021-10 (insufficient training data)
[lgbm] No split for 2021-11 (insufficient training data)
[lgbm] No split for 2021-12 (insufficient training data)
[lgbm] === Training for 2022-01 ===
  Train window: 2020-01-01 → 2021-12-24
  2171 training samples from 1 symbols
  Samples per month: 2020-01: 93, 2020-02: 87, 2020-03: 93, 2020-04: 90, 2020-05: 93, 2020-06: 90, 2020-07: 93, 2020-08: 93, 2020-09: 90, 2020-10: 93, 2020-11: 90, 2020-12: 93, 2021-01: 93, 2021-02: 84, 2021-03: 93, 2021-04: 90, 2021-05: 93, 2021-06: 90, 2021-07: 93, 2021-08: 93, 2021-09: 90, 2021-10: 93, 2021-11: 90, 2021-12: 71
  [label] 2020-03-02 16:00 ETHUSDT entry=232.2200 → SHORT | long=sl(-7.84%) short=sl(-7.84%) | scanned=17 | no_tp→fwd_return=-6.5498
  [label] 2020-03-05 00:00 ETHUSDT entry=228.0800 → SHORT | long=sl(-6.43%) short=sl(-6.43%) | scanned=10 | no_tp→fwd_return=-4.8536
  [label] 2020-03-08 16:00 ETHUSDT entry=199.5400 → SHORT | long=sl(-9.63%) short=tp(+18.96%) | scanned=11 | short_tp_only
  [label] 2020-04-02 08:00 ETHUSDT entry=139.2700 → LONG | long=tp(+12.52%) short=sl(-6.41%) | scanned=12 | long_tp_only
  [label] 2020-05-25 00:00 ETHUSDT entry=204.1000 → LONG | long=tp(+10.46%) short=sl(-5.38%) | scanned=15 | long_tp_only
  [label] 2020-11-07 00:00 ETHUSDT entry=456.5800 → LONG | long=sl(-6.05%) short=timeout(-2.46%) | scanned=22 | no_tp→fwd_return=+2.3632
  [label] 2020-11-11 00:00 ETHUSDT entry=462.5200 → LONG | long=timeout(+3.11%) short=sl(-6.50%) | scanned=22 | no_tp→fwd_return=+3.2128
  [label] 2020-11-21 16:00 ETHUSDT entry=554.1000 → LONG | long=sl(-5.64%) short=sl(-5.64%) | scanned=4 | no_tp→fwd_return=+4.9305
  [label] 2021-01-05 16:00 ETHUSDT entry=1101.2900 → SHORT | long=sl(-13.27%) short=sl(-13.27%) | scanned=17 | no_tp→fwd_return=-11.2359
  [label] 2021-01-14 08:00 ETHUSDT entry=1213.7500 → SHORT | long=timeout(-2.09%) short=sl(-15.46%) | scanned=22 | no_tp→fwd_return=-1.9913
  [label] 2021-04-14 16:00 ETHUSDT entry=2437.0800 → SHORT | long=sl(-6.17%) short=tp(+12.03%) | scanned=10 | short_tp_only
  [label] 2021-05-16 16:00 ETHUSDT entry=3581.3900 → SHORT | long=sl(-13.07%) short=tp(+25.84%) | scanned=8 | short_tp_only
  [label] 2021-06-02 00:00 ETHUSDT entry=2694.4100 → SHORT | long=sl(-12.53%) short=timeout(+7.00%) | scanned=22 | no_tp→fwd_return=-7.1003
  [label] 2021-06-14 16:00 ETHUSDT entry=2579.8200 → SHORT | long=sl(-8.02%) short=tp(+15.73%) | scanned=12 | short_tp_only
  [label] 2021-07-03 00:00 ETHUSDT entry=2194.9400 → SHORT | long=timeout(-3.44%) short=sl(-8.66%) | scanned=22 | no_tp→fwd_return=-3.3368
  [label] 2021-07-09 08:00 ETHUSDT entry=2171.8000 → SHORT | long=sl(-8.38%) short=timeout(+10.86%) | scanned=22 | no_tp→fwd_return=-10.9614
  [label] 2021-07-21 16:00 ETHUSDT entry=1995.4900 → LONG | long=tp(+14.75%) short=sl(-7.52%) | scanned=13 | long_tp_only
  [label] 2021-08-30 08:00 ETHUSDT entry=3220.2300 → LONG | long=tp(+9.55%) short=sl(-4.92%) | scanned=5 | long_tp_only
  [label] 2021-09-09 00:00 ETHUSDT entry=3500.6800 → LONG | long=sl(-9.48%) short=timeout(-3.92%) | scanned=22 | no_tp→fwd_return=+3.8244
  [label] 2021-12-04 08:00 ETHUSDT entry=4032.5300 → LONG | long=timeout(+0.50%) short=sl(-11.05%) | scanned=22 | no_tp→fwd_return=+0.5991
  Labels: 1339 long (61.7%), 832 short (38.3%) | weights: min=1.00, mean=2.32, max=10.00
  Features: 2171/2171 matched, 48 columns
  CV gap: 22 rows
  [ensemble 1/3] seed=42
    [trial 0] 48 features, training_days=480 | threshold=0.631 | labels: 1339 long, 832 short (62/38%)
    [CV fold 0] train_end=2020-04-24 08:00 | val_start=2020-05-02 00:00 | gap=184h (22 rows)
    [CV fold 1] train_end=2020-08-22 16:00 | val_start=2020-08-30 08:00 | gap=184h (22 rows)
    [CV fold 2] train_end=2020-12-21 00:00 | val_start=2020-12-28 16:00 | gap=184h (22 rows)
    [CV fold 3] train_end=2021-04-20 08:00 | val_start=2021-04-28 00:00 | gap=184h (22 rows)
    [CV fold 4] train_end=2021-08-18 16:00 | val_start=2021-08-26 08:00 | gap=184h (22 rows)
    [trial 0] Sharpe=0.0027 (folds: -0.1183, 0.1336, -0.0200, -0.0961, 0.1143)
    [trial 1] 48 features, training_days=420 | threshold=0.839 | labels: 1339 long, 832 short (62/38%)
    [trial 1] Sharpe=-0.0596 (folds: -0.0908, 0.3075, -0.3384, -0.4002, 0.2239)
    [trial 2] 48 features, training_days=190 | threshold=0.602 | labels: 1339 long, 832 short (62/38%)
    [trial 2] Sharpe=-0.0146 (folds: -0.1157, 0.1662, -0.0359, -0.1229, 0.0353)
    [trial 3] 48 features, training_days=490 | threshold=0.832 | labels: 1339 long, 832 short (62/38%)
    [trial 3] Sharpe=-0.0092 (folds: -0.1185, 0.2245, -0.1157, -0.2123, 0.1759)
    [trial 4] 48 features, training_days=340 | threshold=0.591 | labels: 1339 long, 832 short (62/38%)
    [trial 4] Sharpe=0.0101 (folds: -0.1067, 0.2233, -0.1079, -0.0168, 0.0588)
    [trial 5] 48 features, training_days=50 | threshold=0.823 | labels: 1339 long, 832 short (62/38%)
    [trial 5] Sharpe=-2.0142 (folds: 0.1167, 0.2402, -0.4026, -10.0000, -0.0252)
    [trial 6] 48 features, training_days=410 | threshold=0.549 | labels: 1339 long, 832 short (62/38%)
    [trial 6] Sharpe=0.0611 (folds: -0.0819, 0.2454, -0.0450, 0.0403, 0.1469)
    [trial 7] 48 features, training_days=180 | threshold=0.526 | labels: 1339 long, 832 short (62/38%)
    [trial 7] Sharpe=-0.0049 (folds: -0.0847, 0.2233, -0.0580, -0.1685, 0.0633)
    [trial 8] 48 features, training_days=240 | threshold=0.811 | labels: 1339 long, 832 short (62/38%)[I 2026-06-01 15:43:05,889] Trial 8 finished with value: 0.0087128370564245 and parameters: {'confidence_threshold': 0.8105244599017143, 'training_days': 240, 'n_estimators': 103, 'max_depth': 5, 'num_leaves': 52, 'learning_rate': 0.06746437142284309, 'subsample': 0.8854835899772805, 'colsample_bytree': 0.7468977981821954, 'min_child_samples': 62, 'reg_alpha': 7.04480806377519e-05, 'reg_lambda': 1.6934490731313353e-08}. Best is trial 6 with value: 0.061141844689438396.
[I 2026-06-01 15:43:05,912] Trial 9 finished with value: 0.01656891233516641 and parameters: {'confidence_threshold': 0.5377619994476566, 'training_days': 20, 'n_estimators': 337, 'max_depth': 3, 'num_leaves': 39, 'learning_rate': 0.21907142272152816, 'subsample': 0.6246461145744375, 'colsample_bytree': 0.7051914615178149, 'min_child_samples': 81, 'reg_alpha': 1.1459970229341322e-06, 'reg_lambda': 4.929685216887945e-08}. Best is trial 6 with value: 0.061141844689438396.
[I 2026-06-01 15:43:06,527] Trial 10 finished with value: 0.03701432188086042 and parameters: {'confidence_threshold': 0.7378545837642324, 'training_days': 350, 'n_estimators': 487, 'max_depth': 5, 'num_leaves': 62, 'learning_rate': 0.011407797829608154, 'subsample': 0.628963476300746, 'colsample_bytree': 0.8340915966600303, 'min_child_samples': 27, 'reg_alpha': 8.536188349289, 'reg_lambda': 8.145051292774586}. Best is trial 6 with value: 0.061141844689438396.
[I 2026-06-01 15:43:07,181] Trial 11 finished with value: 0.045991773758986075 and parameters: {'confidence_threshold': 0.7161090655475574, 'training_days': 340, 'n_estimators': 469, 'max_depth': 5, 'num_leaves': 62, 'learning_rate': 0.010432023013264416, 'subsample': 0.6089267919181687, 'colsample_bytree': 0.839514762445579, 'min_child_samples': 20, 'reg_alpha': 4.101459409586907, 'reg_lambda': 9.674676883280053}. Best is trial 6 with value: 0.061141844689438396.
[I 2026-06-01 15:43:07,453] Trial 12 finished with value: -0.01640747862173414 and parameters: {'confidence_threshold': 0.7131758522018106, 'training_days': 350, 'n_estimators': 228, 'max_depth': 4, 'num_leaves': 63, 'learning_rate': 0.010345606055684764, 'subsample': 0.5392311924833902, 'colsample_bytree': 0.9958196332168744, 'min_child_samples': 20, 'reg_alpha': 0.2981634021802203, 'reg_lambda': 0.20012863153743793}. Best is trial 6 with value: 0.061141844689438396.
[I 2026-06-01 15:43:07,853] Trial 13 finished with value: 0.01662660495585528 and parameters: {'confidence_threshold': 0.6715112328451753, 'training_days': 410, 'n_estimators': 500, 'max_depth': 5, 'num_leaves': 52, 'learning_rate': 0.018044904132800254, 'subsample': 0.5019262685350581, 'colsample_bytree': 0.8155421717694826, 'min_child_samples': 85, 'reg_alpha': 0.0010695159048720376, 'reg_lambda': 0.12873338729896155}. Best is trial 6 with value: 0.061141844689438396.
[I 2026-06-01 15:43:07,917] Trial 14 finished with value: -5.995516049896655 and parameters: {'confidence_threshold': 0.7534219751173105, 'training_days': 310, 'n_estimators': 59, 'max_depth': 4, 'num_leaves': 56, 'learning_rate': 0.010286116956955036, 'subsample': 0.5938027975068616, 'colsample_bytree': 0.8196828421176937, 'min_child_samples': 81, 'reg_alpha': 6.243069797304175, 'reg_lambda': 7.565770484313319e-06}. Best is trial 6 with value: 0.061141844689438396.
[I 2026-06-01 15:43:08,332] Trial 15 finished with value: 0.008988009350077134 and parameters: {'confidence_threshold': 0.6703178711440605, 'training_days': 420, 'n_estimators': 300, 'max_depth': 5, 'num_leaves': 56, 'learning_rate': 0.021220183925083493, 'subsample': 0.6943845973931931, 'colsample_bytree': 0.952938142406421, 'min_child_samples': 34, 'reg_alpha': 0.18517433774846162, 'reg_lambda': 0.04637565208725423}. Best is trial 6 with value: 0.061141844689438396.
[I 2026-06-01 15:43:08,615] Trial 16 finished with value: 0.02906698406190029 and parameters: {'confidence_threshold': 0.5654847779645644, 'training_days': 270, 'n_estimators': 426, 'max_depth': 4, 'num_leaves': 50, 'learning_rate': 0.09806146822400062, 'subsample': 0.6022959818573481, 'colsample_bytree': 0.867332604006096, 'min_child_samples': 73, 'reg_alpha': 7.847123733552038e-05, 'reg_lambda': 5.273264376603248e-05}. Best is trial 6 with value: 0.061141844689438396.
[I 2026-06-01 15:43:08,724] Trial 17 finished with value: 0.014258512035230545 and parameters: {'confidence_threshold': 0.7647878347269349, 'training_days': 150, 'n_estimators': 316, 'max_depth': 5, 'num_leaves': 34, 'learning_rate': 0.04302553031342478, 'subsample': 0.6714947091972113, 'colsample_bytree': 0.7861983638172064, 'min_child_samples': 96, 'reg_alpha': 0.031050887006712238, 'reg_lambda': 5.696805151322188}. Best is trial 6 with value: 0.061141844689438396.
[I 2026-06-01 15:43:08,772] A new study created in memory with name: no-name-4c883551-0f7c-4d68-9625-a509081a5c0b
[I 2026-06-01 15:43:08,856] Trial 0 finished with value: 0.056049918655572586 and parameters: {'confidence_threshold': 0.7437642149592516, 'training_days': 150, 'n_estimators': 152, 'max_depth': 4, 'num_leaves': 50, 'learning_rate': 0.04216766425047743, 'subsample': 0.9903820991923078, 'colsample_bytree': 0.8424148692924316, 'min_child_samples': 58, 'reg_alpha': 3.381097259762742e-05, 'reg_lambda': 1.2263152961306247e-05}. Best is trial 0 with value: 0.056049918655572586.
[I 2026-06-01 15:43:08,927] Trial 1 finished with value: -3.961385689047949 and parameters: {'confidence_threshold': 0.7551673975844145, 'training_days': 220, 'n_estimators': 76, 'max_depth': 4, 'num_leaves': 51, 'learning_rate': 0.018602118810743477, 'subsample': 0.5877258780737462, 'colsample_bytree': 0.7657756869209191, 'min_child_samples': 63, 'reg_alpha': 0.005123994170264194, 'reg_lambda': 0.44145470178120466}. Best is trial 0 with value: 0.056049918655572586.
[I 2026-06-01 15:43:09,159] Trial 2 finished with value: 0.03138419758990457 and parameters: {'confidence_threshold': 0.7535593637012223, 'training_days': 310, 'n_estimators': 375, 'max_depth': 3, 'num_leaves': 32, 'learning_rate': 0.021735641882032388, 'subsample': 0.6468570231944146, 'colsample_bytree': 0.8154880619272439, 'min_child_samples': 27, 'reg_alpha': 8.004064028491336e-05, 'reg_lambda': 7.546835261630524e-05}. Best is trial 0 with value: 0.056049918655572586.
[I 2026-06-01 15:43:09,302] Trial 3 finished with value: 0.01675409942533781 and parameters: {'confidence_threshold': 0.6727897841776072, 'training_days': 220, 'n_estimators': 190, 'max_depth': 4, 'num_leaves': 58, 'learning_rate': 0.24810689332636193, 'subsample': 0.7509183379421682, 'colsample_bytree': 0.8119764758960556, 'min_child_samples': 29, 'reg_alpha': 7.1708285081421445e-06, 'reg_lambda': 5.412973582738627e-05}. Best is trial 0 with value: 0.056049918655572586.
[I 2026-06-01 15:43:09,402] Trial 4 finished with value: -0.02022366444126778 and parameters: {'confidence_threshold': 0.803208205259178, 'training_days': 130, 'n_estimators': 267, 'max_depth': 5, 'num_leaves': 40, 'learning_rate': 0.08041175317374143, 'subsample': 0.5603143329951619, 'colsample_bytree': 0.9131704002534167, 'min_child_samples': 68, 'reg_alpha': 0.0008046593428183385, 'reg_lambda': 1.2158346158765583e-05}. Best is trial 0 with value: 0.056049918655572586.
[I 2026-06-01 15:43:09,642] Trial 5 finished with value: 0.02489432267055813 and parameters: {'confidence_threshold': 0.6064422761595144, 'training_days': 210, 'n_estimators': 357, 'max_depth': 5, 'num_leaves': 40, 'learning_rate': 0.0974221287220869, 'subsample': 0.7929682762811064, 'colsample_bytree': 0.8124517510478, 'min_child_samples': 74, 'reg_alpha': 0.3811377260781234, 'reg_lambda': 5.607314238392041e-08}. Best is trial 0 with value: 0.056049918655572586.
[I 2026-06-01 15:43:09,741] Trial 6 finished with value: 0.023502696254152997 and parameters: {'confidence_threshold': 0.7672889945051684, 'training_days': 130, 'n_estimators': 137, 'max_depth': 4, 'num_leaves': 19, 'learning_rate': 0.2031117614248665, 'subsample': 0.8136244860256343, 'colsample_bytree': 0.8617081790949774, 'min_child_samples': 21, 'reg_alpha': 0.002238138278733199, 'reg_lambda': 0.001025809534977322}. Best is trial 0 with value: 0.056049918655572586.
[I 2026-06-01 15:43:09,808] Trial 7 finished with value: 0.04530540312379277 and parameters: {'confidence_threshold': 0.555635875450653, 'training_days': 80, 'n_estimators': 363, 'max_depth': 3, 'num_leaves': 48, 'learning_rate': 0.06590089024008658, 'subsample': 0.6944752870615722, 'colsample_bytree': 0.962566244806993, 'min_child_samples': 88, 'reg_alpha': 1.6465620446426067e-05, 'reg_lambda': 2.4678750890085655e-08}. Best is trial 0 with value: 0.056049918655572586.
[I 2026-06-01 15:43:10,097] Trial 8 finished with value: -0.012897779454046538 and parameters: {'confidence_threshold': 0.6066688256938841, 'training_days': 200, 'n_estimators': 367, 'max_depth': 5, 'num_leaves': 32, 'learning_rate': 0.13377519215934996, 'subsample': 0.7965884582811106, 'colsample_bytree': 0.8458508993500886, 'min_child_samples': 32, 'reg_alpha': 3.889436043816386e-05, 'reg_lambda': 1.4713062489380356e-06}. Best is trial 0 with value: 0.056049918655572586.
[I 2026-06-01 15:43:10,307] Trial 9 finished with value: 0.0009306051635222939 and parameters: {'confidence_threshold': 0.6202096049169137, 'training_days': 260, 'n_estimators': 350, 'max_depth': 3, 'num_leaves': 21, 'learning_rate': 0.02989540198065364, 'subsample': 0.8307821683331218, 'colsample_bytree': 0.923253112635361, 'min_child_samples': 64, 'reg_alpha': 0.4898604619604203, 'reg_lambda': 2.9076377687066166e-05}. Best is trial 0 with value: 0.056049918655572586.
