[I 2026-06-01 15:46:22,315] Trial 9 finished with value: -0.12899105882855905 and parameters: {'confidence_threshold': 0.6202096049169137, 'training_days': 260, 'n_estimators': 350, 'max_depth': 3, 'num_leaves': 21, 'learning_rate': 0.02989540198065364, 'subsample': 0.8307821683331218, 'colsample_bytree': 0.923253112635361, 'min_child_samples': 64, 'reg_alpha': 0.4898604619604203, 'reg_lambda': 2.9076377687066166e-05}. Best is trial 8 with value: -0.018458295470263945.
[I 2026-06-01 15:46:22,885] Trial 10 finished with value: -0.03801444097021116 and parameters: {'confidence_threshold': 0.5342665212695602, 'training_days': 470, 'n_estimators': 493, 'max_depth': 5, 'num_leaves': 30, 'learning_rate': 0.010221918552934462, 'subsample': 0.9182272143313567, 'colsample_bytree': 0.6202684210924141, 'min_child_samples': 44, 'reg_alpha': 1.466506858166308e-08, 'reg_lambda': 0.014616129255130504}. Best is trial 8 with value: -0.018458295470263945.
[I 2026-06-01 15:46:23,120] Trial 11 finished with value: -0.03739528409302379 and parameters: {'confidence_threshold': 0.672304345793606, 'training_days': 360, 'n_estimators': 248, 'max_depth': 4, 'num_leaves': 62, 'learning_rate': 0.29626502575289787, 'subsample': 0.7185615065128308, 'colsample_bytree': 0.6661831737797719, 'min_child_samples': 39, 'reg_alpha': 4.28336488974334e-07, 'reg_lambda': 6.470692703374516e-07}. Best is trial 8 with value: -0.018458295470263945.
[I 2026-06-01 15:46:23,149] Trial 12 finished with value: -0.01717340548252668 and parameters: {'confidence_threshold': 0.6727899930733724, 'training_days': 20, 'n_estimators': 212, 'max_depth': 5, 'num_leaves': 63, 'learning_rate': 0.15265377916176726, 'subsample': 0.8941395335595879, 'colsample_bytree': 0.5196457038790347, 'min_child_samples': 37, 'reg_alpha': 1.0353404194374763e-06, 'reg_lambda': 7.796589835036051e-07}. Best is trial 12 with value: -0.01717340548252668.
[I 2026-06-01 15:46:23,179] Trial 13 finished with value: -1.9300103206785995 and parameters: {'confidence_threshold': 0.6188172440027945, 'training_days': 10, 'n_estimators': 449, 'max_depth': 5, 'num_leaves': 28, 'learning_rate': 0.13683437352217034, 'subsample': 0.8937837507513531, 'colsample_bytree': 0.5389845200410671, 'min_child_samples': 46, 'reg_alpha': 1.7889834209539228e-07, 'reg_lambda': 5.233134334068283e-07}. Best is trial 12 with value: -0.01717340548252668.
[I 2026-06-01 15:46:23,206] Trial 14 finished with value: -3.98492638070264 and parameters: {'confidence_threshold': 0.7025058298126042, 'training_days': 20, 'n_estimators': 222, 'max_depth': 5, 'num_leaves': 37, 'learning_rate': 0.13734891636393293, 'subsample': 0.9041989898518178, 'colsample_bytree': 0.5033828557978358, 'min_child_samples': 36, 'reg_alpha': 1.321415873390263e-06, 'reg_lambda': 1.245753138242256e-06}. Best is trial 12 with value: -0.01717340548252668.

  [label] 2023-02-06 16:00 ETHUSDT entry=1613.9000 → SHORT | long=sl(-4.57%) short=sl(-4.57%) | scanned=9 | no_tp→fwd_return=-4.2890
  [label] 2023-02-19 00:00 ETHUSDT entry=1693.4200 → SHORT | long=sl(-4.52%) short=timeout(+5.48%) | scanned=22 | no_tp→fwd_return=-5.5763
  [label] 2023-03-30 08:00 ETHUSDT entry=1788.5800 → LONG | long=timeout(+4.64%) short=sl(-4.66%) | scanned=22 | no_tp→fwd_return=+4.7412
  [label] 2023-04-09 08:00 ETHUSDT entry=1835.8500 → LONG | long=tp(+6.08%) short=sl(-3.19%) | scanned=12 | long_tp_only
  [label] 2023-07-04 08:00 ETHUSDT entry=1953.8900 → SHORT | long=sl(-3.34%) short=tp(+6.38%) | scanned=8 | short_tp_only
  Labels: 1064 long (49.1%), 1104 short (50.9%) | weights: min=1.00, mean=3.13, max=10.00
  Features: 2168/2168 matched, 48 columns
  CV gap: 22 rows
  [ensemble 1/3] seed=42
    [trial 0] 48 features, training_days=480 | threshold=0.631 | labels: 1064 long, 1104 short (49/51%)
    [CV fold 0] train_end=2021-11-22 08:00 | val_start=2021-11-30 00:00 | gap=184h (22 rows)
    [CV fold 1] train_end=2022-03-22 16:00 | val_start=2022-03-30 08:00 | gap=184h (22 rows)
    [CV fold 2] train_end=2022-07-21 00:00 | val_start=2022-07-28 16:00 | gap=184h (22 rows)
    [CV fold 3] train_end=2022-11-18 08:00 | val_start=2022-11-26 00:00 | gap=184h (22 rows)
    [CV fold 4] train_end=2023-03-18 16:00 | val_start=2023-03-26 08:00 | gap=184h (22 rows)
    [trial 0] Sharpe=-0.0420 (folds: 0.0983, -0.3281, 0.1929, -0.0375, -0.1355)
    [trial 1] 48 features, training_days=420 | threshold=0.839 | labels: 1064 long, 1104 short (49/51%)
    [trial 1] Sharpe=-1.9830 (folds: -0.0423, -0.2915, 0.4645, -0.0458, -10.0000)
    [trial 2] 48 features, training_days=190 | threshold=0.602 | labels: 1064 long, 1104 short (49/51%)
    [trial 2] Sharpe=-0.0552 (folds: 0.0160, -0.2017, 0.2014, -0.1483, -0.1433)
    [trial 3] 48 features, training_days=490 | threshold=0.832 | labels: 1064 long, 1104 short (49/51%)
    [trial 3] Sharpe=-0.0251 (folds: 0.0667, -0.3745, 0.3460, -0.0643, -0.0995)
    [trial 4] 48 features, training_days=340 | threshold=0.591 | labels: 1064 long, 1104 short (49/51%)
    [trial 4] Sharpe=-0.0298 (folds: 0.1611, -0.1689, 0.2273, -0.2918, -0.0767)
    [trial 5] 48 features, training_days=50 | threshold=0.823 | labels: 1064 long, 1104 short (49/51%)
    [trial 5] Sharpe=-2.0579 (folds: 0.0811, -0.2546, 0.0588, -10.0000, -0.1745)
    [trial 6] 48 features, training_days=410 | threshold=0.549 | labels: 1064 long, 1104 short (49/51%)
    [trial 6] Sharpe=-0.0397 (folds: 0.1172, -0.1256, 0.0706, -0.0736, -0.1870)
    [trial 7] 48 features, training_days=180 | threshold=0.526 | labels: 1064 long, 1104 short (49/51%)
    [trial 7] Sharpe=-0.0483 (folds: 0.1155, -0.2841, 0.1446, -0.0886, -0.1289)
    [trial 8] 48 features, training_days=240 | threshold=0.811 | labels: 1064 long, 1104 short (49/51%)
    [trial 8] Sharpe=-0.1106 (folds: 0.0803, -0.2753, 0.0985, -0.2838, -0.1725)
    [trial 9] 48 features, training_days=20 | threshold=0.538 | labels: 1064 long, 1104 short (49/51%)
    [trial 9] Sharpe=-0.0172 (folds: 0.0283, 0.1947, -0.2024, -0.1476, 0.0411)
    [trial 10] 48 features, training_days=10 | threshold=0.745 | labels: 1064 long, 1104 short (49/51%)
    [trial 10] Sharpe=-5.9554 (folds: 0.0283, 0.1947, -10.0000, -10.0000, -10.0000)
    [trial 11] 48 features, training_days=100 | threshold=0.713 | labels: 1064 long, 1104 short (49/51%)
    [trial 11] Sharpe=-0.0593 (folds: 0.0381, -0.0014, -0.0017, -0.1450, -0.1862)
    [trial 12] 48 features, training_days=320 | threshold=0.664 | labels: 1064 long, 1104 short (49/51%)
    [trial 12] Sharpe=-0.0278 (folds: 0.0879, -0.2612, 0.2142, -0.1885, 0.0087)
    [trial 13] 48 features, training_days=130 | threshold=0.756 | labels: 1064 long, 1104 short (49/51%)
    [trial 13] Sharpe=-0.1504 (folds: 0.0624, -0.1942, -0.1901, -0.1379, -0.2922)
    [trial 14] 48 features, training_days=500 | threshold=0.699 | labels: 1064 long, 1104 short (49/51%)
    [trial 14] Sharpe=-0.0529 (folds: 0.0366, -0.3466, 0.1582, -0.0439, -0.0689)
    [trial 15] 48 features, training_days=290 | threshold=0.507 | labels: 1064 long, 1104 short (49/51%)
    [trial 15] Sharpe=-0.0691 (folds: 0.0544, -0.3561, 0.1315, -0.1381, -0.0374)
    [trial 16] 48 features, training_days=380 | threshold=0.782 | labels: 1064 long, 1104 short (49/51%)
    [trial 16] Sharpe=-0.0327 (folds: 0.0618, -0.2788, 0.1863, -0.1301, -0.0029)
    [trial 17] 48 features, training_days=190 | threshold=0.568 | labels: 1064 long, 1104 short (49/51%)
    [trial 17] Sharpe=-0.0465 (folds: 0.1030, -0.1038, 0.0681, -0.0381, -0.2615)
  Optuna: 18 trials, best Sharpe = -0.0172
  Best params: n_estimators=337, max_depth=3, lr=0.2191, leaves=39
  Best confidence_threshold: 0.538
  Best training_days: 20
  Retrained on full data (60 samples, 48 features)
  [ensemble 2/3] seed=123
    [trial 0] 48 features, training_days=150 | threshold=0.744 | labels: 1064 long, 1104 short (49/51%)
    [CV fold 0] train_end=2021-11-22 08:00 | val_start=2021-11-30 00:00 | gap=184h (22 rows)
    [CV fold 1] train_end=2022-03-22 16:00 | val_start=2022-03-30 08:00 | gap=184h (22 rows)
    [CV fold 2] train_end=2022-07-21 00:00 | val_start=2022-07-28 16:00 | gap=184h (22 rows)
    [CV fold 3] train_end=2022-11-18 08:00 | val_start=2022-11-26 00:00 | gap=184h (22 rows)
    [CV fold 4] train_end=2023-03-18 16:00 | val_start=2023-03-26 08:00 | gap=184h (22 rows)
    [trial 0] Sharpe=-0.1272 (folds: 0.1201, -0.2921, -0.0289, -0.1556, -0.2794)
    [trial 1] 48 features, training_days=220 | threshold=0.755 | labels: 1064 long, 1104 short (49/51%)
    [trial 1] Sharpe=-4.0737 (folds: -0.0767, -0.2599, -0.0319, -10.0000, -10.0000)
    [trial 2] 48 features, training_days=310 | threshold=0.754 | labels: 1064 long, 1104 short (49/51%)
    [trial 2] Sharpe=-0.0331 (folds: 0.1529, -0.4363, 0.3655, -0.1793, -0.0684)
    [trial 3] 48 features, training_days=220 | threshold=0.673 | labels: 1064 long, 1104 short (49/51%)
    [trial 3] Sharpe=-0.0188 (folds: 0.1033, -0.2832, 0.2665, -0.1287, -0.0520)
    [trial 4] 48 features, training_days=130 | threshold=0.803 | labels: 1064 long, 1104 short (49/51%)
    [trial 4] Sharpe=-0.1744 (folds: 0.0626, -0.2577, -0.1124, -0.2692, -0.2951)
    [trial 5] 48 features, training_days=210 | threshold=0.606 | labels: 1064 long, 1104 short (49/51%)
    [trial 5] Sharpe=-0.0560 (folds: 0.0811, -0.1677, 0.1030, -0.1836, -0.1129)
    [trial 6] 48 features, training_days=130 | threshold=0.767 | labels: 1064 long, 1104 short (49/51%)
    [trial 6] Sharpe=-0.0975 (folds: 0.1060, -0.2021, -0.1328, -0.1179, -0.1405)
    [trial 7] 48 features, training_days=80 | threshold=0.556 | labels: 1064 long, 1104 short (49/51%)
    [trial 7] Sharpe=-0.0227 (folds: 0.2091, -0.1442, -0.0229, 0.0271, -0.1827)
    [trial 8] 48 features, training_days=200 | threshold=0.607 | labels: 1064 long, 1104 short (49/51%)
    [trial 8] Sharpe=-0.0185 (folds: 0.0361, -0.2090, 0.2195, -0.0421, -0.0969)
    [trial 9] 48 features, training_days=260 | threshold=0.620 | labels: 1064 long, 1104 short (49/51%)
    [trial 9] Sharpe=-0.1290 (folds: -0.0197, -0.4002, 0.0946, -0.1392, -0.1804)
    [trial 10] 48 features, training_days=470 | threshold=0.534 | labels: 1064 long, 1104 short (49/51%)
    [trial 10] Sharpe=-0.0380 (folds: 0.0892, -0.2939, 0.1736, -0.0279, -0.1311)
    [trial 11] 48 features, training_days=360 | threshold=0.672 | labels: 1064 long, 1104 short (49/51%)
    [trial 11] Sharpe=-0.0374 (folds: 0.1045, -0.3480, 0.1632, -0.1508, 0.0441)
    [trial 12] 48 features, training_days=20 | threshold=0.673 | labels: 1064 long, 1104 short (49/51%)
    [trial 12] Sharpe=-0.0172 (folds: 0.0283, 0.1947, -0.2024, -0.1476, 0.0411)
    [trial 13] 48 features, training_days=10 | threshold=0.619 | labels: 1064 long, 1104 short (49/51%)
    [trial 13] Sharpe=-1.9300 (folds: 0.0283, 0.1947, 0.0858, -10.0000, 0.0411)
    [trial 14] 48 features, training_days=20 | threshold=0.703 | labels: 1064 long, 1104 short (49/51%)
    [trial 14] Sharpe=-3.9849 (folds: 0.0283, 0.1947, -10.0000, -0.1476, -10.0000)
    [trial 15] 48 features, training_days=400 | threshold=0.503 | labels: 1064 long, 1104 short (49/51%)[I 2026-06-01 15:46:23,499] Trial 15 finished with value: -0.06354277758149972 and parameters: {'confidence_threshold': 0.5026055290809989, 'training_days': 400, 'n_estimators': 300, 'max_depth': 5, 'num_leaves': 24, 'learning_rate': 0.14219988067930692, 'subsample': 0.9880592577139242, 'colsample_bytree': 0.700870316104932, 'min_child_samples': 51, 'reg_alpha': 1.2551084893779415e-08, 'reg_lambda': 0.00099165191517627}. Best is trial 12 with value: -0.01717340548252668.
[I 2026-06-01 15:46:23,597] Trial 16 finished with value: -0.0576237607396044 and parameters: {'confidence_threshold': 0.5792373923850699, 'training_days': 80, 'n_estimators': 430, 'max_depth': 5, 'num_leaves': 15, 'learning_rate': 0.04965745997317396, 'subsample': 0.8577893339154864, 'colsample_bytree': 0.6155885267093099, 'min_child_samples': 99, 'reg_alpha': 0.03547983045987384, 'reg_lambda': 2.0547029275176503e-07}. Best is trial 12 with value: -0.01717340548252668.
[I 2026-06-01 15:46:23,757] Trial 17 finished with value: -0.05354654151963155 and parameters: {'confidence_threshold': 0.7085402628282755, 'training_days': 290, 'n_estimators': 306, 'max_depth': 5, 'num_leaves': 56, 'learning_rate': 0.17501923077536993, 'subsample': 0.7517760693599732, 'colsample_bytree': 0.725535466112312, 'min_child_samples': 33, 'reg_alpha': 7.284070645541434, 'reg_lambda': 3.4666949745154754e-06}. Best is trial 12 with value: -0.01717340548252668.
[I 2026-06-01 15:46:23,976] A new study created in memory with name: no-name-515bbe15-c0b2-45b7-a082-607c1d6a7035
[I 2026-06-01 15:46:24,193] Trial 0 finished with value: -0.07293508820058255 and parameters: {'confidence_threshold': 0.5870645682749857, 'training_days': 90, 'n_estimators': 403, 'max_depth': 5, 'num_leaves': 45, 'learning_rate': 0.0780457193679974, 'subsample': 0.9428509515574568, 'colsample_bytree': 0.8795587339164916, 'min_child_samples': 34, 'reg_alpha': 2.2465901234314442e-07, 'reg_lambda': 8.339007036475363e-05}. Best is trial 0 with value: -0.07293508820058255.
[I 2026-06-01 15:46:24,300] Trial 1 finished with value: -0.08157409320434814 and parameters: {'confidence_threshold': 0.6348453934275313, 'training_days': 290, 'n_estimators': 115, 'max_depth': 5, 'num_leaves': 37, 'learning_rate': 0.06949568759029946, 'subsample': 0.8228505074024268, 'colsample_bytree': 0.8616703220431751, 'min_child_samples': 75, 'reg_alpha': 4.2486822725010923e-07, 'reg_lambda': 1.157247767047042e-07}. Best is trial 0 with value: -0.07293508820058255.
[I 2026-06-01 15:46:24,322] Trial 2 finished with value: -1.9300103206785995 and parameters: {'confidence_threshold': 0.5849570384370288, 'training_days': 10, 'n_estimators': 212, 'max_depth': 3, 'num_leaves': 41, 'learning_rate': 0.18452095998378365, 'subsample': 0.6001060822924371, 'colsample_bytree': 0.5673167293506167, 'min_child_samples': 37, 'reg_alpha': 5.733250064217131, 'reg_lambda': 0.5308454292595461}. Best is trial 0 with value: -0.07293508820058255.
[I 2026-06-01 15:46:24,404] Trial 3 finished with value: -0.04905919756677436 and parameters: {'confidence_threshold': 0.6868248626683718, 'training_days': 220, 'n_estimators': 134, 'max_depth': 3, 'num_leaves': 45, 'learning_rate': 0.033529007907491595, 'subsample': 0.8647277071858408, 'colsample_bytree': 0.778494116634046, 'min_child_samples': 96, 'reg_alpha': 2.409409937265785e-07, 'reg_lambda': 1.1642073478060009}. Best is trial 3 with value: -0.04905919756677436.
[I 2026-06-01 15:46:24,494] Trial 4 finished with value: -0.06501154510233409 and parameters: {'confidence_threshold': 0.5623121348350352, 'training_days': 300, 'n_estimators': 69, 'max_depth': 4, 'num_leaves': 32, 'learning_rate': 0.14967629360700346, 'subsample': 0.5054535233636654, 'colsample_bytree': 0.7401385194659216, 'min_child_samples': 27, 'reg_alpha': 1.4212042567426725e-07, 'reg_lambda': 0.23605753701352003}. Best is trial 3 with value: -0.04905919756677436.
[I 2026-06-01 15:46:24,939] Trial 5 finished with value: -0.06841041947209449 and parameters: {'confidence_threshold': 0.7111850244908446, 'training_days': 490, 'n_estimators': 362, 'max_depth': 5, 'num_leaves': 40, 'learning_rate': 0.05960785724162737, 'subsample': 0.5589714368907717, 'colsample_bytree': 0.6659006943232806, 'min_child_samples': 42, 'reg_alpha': 0.6741360303045295, 'reg_lambda': 6.054601607143087e-08}. Best is trial 3 with value: -0.04905919756677436.
[I 2026-06-01 15:46:25,134] Trial 6 finished with value: -0.05915423794839262 and parameters: {'confidence_threshold': 0.667482545748023, 'training_days': 420, 'n_estimators': 279, 'max_depth': 3, 'num_leaves': 45, 'learning_rate': 0.040099592560849204, 'subsample': 0.8563114696415159, 'colsample_bytree': 0.5442917781944105, 'min_child_samples': 50, 'reg_alpha': 1.6407916423707903e-08, 'reg_lambda': 2.935907642973286e-05}. Best is trial 3 with value: -0.04905919756677436.
[I 2026-06-01 15:46:25,289] Trial 7 finished with value: -0.10240570030178105 and parameters: {'confidence_threshold': 0.5497381024139926, 'training_days': 120, 'n_estimators': 408, 'max_depth': 5, 'num_leaves': 38, 'learning_rate': 0.28049122657745795, 'subsample': 0.8806573338635493, 'colsample_bytree': 0.5454054113547102, 'min_child_samples': 63, 'reg_alpha': 0.01263008637940408, 'reg_lambda': 0.04588020805366937}. Best is trial 3 with value: -0.04905919756677436.
[I 2026-06-01 15:46:25,564] Trial 8 finished with value: -0.06457746509935719 and parameters: {'confidence_threshold': 0.719644804808716, 'training_days': 450, 'n_estimators': 410, 'max_depth': 4, 'num_leaves': 57, 'learning_rate': 0.04022026551478857, 'subsample': 0.5336085426932707, 'colsample_bytree': 0.5705742850577543, 'min_child_samples': 100, 'reg_alpha': 5.916398047912201e-07, 'reg_lambda': 0.9794034214488329}. Best is trial 3 with value: -0.04905919756677436.
[I 2026-06-01 15:46:25,590] Trial 9 finished with value: -3.98492638070264 and parameters: {'confidence_threshold': 0.7267463643917187, 'training_days': 20, 'n_estimators': 337, 'max_depth': 5, 'num_leaves': 23, 'learning_rate': 0.022153031811454605, 'subsample': 0.6305627572358737, 'colsample_bytree': 0.6613413774216214, 'min_child_samples': 81, 'reg_alpha': 5.7638634029410314e-08, 'reg_lambda': 8.26603016764008}. Best is trial 3 with value: -0.04905919756677436.
[I 2026-06-01 15:46:25,698] Trial 10 finished with value: -8.073496966419249 and parameters: {'confidence_threshold': 0.8283920119574972, 'training_days': 200, 'n_estimators': 181, 'max_depth': 3, 'num_leaves': 62, 'learning_rate': 0.011579281028220855, 'subsample': 0.7130289643560688, 'colsample_bytree': 0.9944479338273263, 'min_child_samples': 100, 'reg_alpha': 6.837313901272251e-05, 'reg_lambda': 0.0027253228209330924}. Best is trial 3 with value: -0.04905919756677436.
[I 2026-06-01 15:46:25,885] Trial 11 finished with value: -0.0831835952886197 and parameters: {'confidence_threshold': 0.6624828863039158, 'training_days': 380, 'n_estimators': 241, 'max_depth': 3, 'num_leaves': 50, 'learning_rate': 0.029354876456257728, 'subsample': 0.9833364932696866, 'colsample_bytree': 0.8016610248739169, 'min_child_samples': 55, 'reg_alpha': 2.573708591509265e-05, 'reg_lambda': 9.46041867677697e-06}. Best is trial 3 with value: -0.04905919756677436.
[I 2026-06-01 15:46:26,160] Trial 12 finished with value: 0.013841870833507103 and parameters: {'confidence_threshold': 0.7974391396451452, 'training_days': 220, 'n_estimators': 490, 'max_depth': 3, 'num_leaves': 51, 'learning_rate': 0.01924681962976845, 'subsample': 0.7893290191182136, 'colsample_bytree': 0.6866172385346349, 'min_child_samples': 52, 'reg_alpha': 1.578782038256806e-08, 'reg_lambda': 1.7732938383900595e-05}. Best is trial 12 with value: 0.013841870833507103.
[I 2026-06-01 15:46:26,428] Trial 13 finished with value: -0.045419047096295725 and parameters: {'confidence_threshold': 0.8153826243221282, 'training_days': 210, 'n_estimators': 494, 'max_depth': 4, 'num_leaves': 52, 'learning_rate': 0.013893880554546854, 'subsample': 0.7469551880667604, 'colsample_bytree': 0.7070224016584752, 'min_child_samples': 69, 'reg_alpha': 5.330866210562306e-06, 'reg_lambda': 0.0020104504970482957}. Best is trial 12 with value: 0.013841870833507103.
[I 2026-06-01 15:46:26,671] Trial 14 finished with value: -0.16074877530194667 and parameters: {'confidence_threshold': 0.8478927613348078, 'training_days': 160, 'n_estimators': 500, 'max_depth': 4, 'num_leaves': 55, 'learning_rate': 0.010878781321560152, 'subsample': 0.7442782813041398, 'colsample_bytree': 0.6619918900109067, 'min_child_samples': 66, 'reg_alpha': 8.411036484254255e-06, 'reg_lambda': 0.0014709214223004336}. Best is trial 12 with value: 0.013841870833507103.
[I 2026-06-01 15:46:27,052] Trial 15 finished with value: -0.03241038746386984 and parameters: {'confidence_threshold': 0.7829525506318393, 'training_days': 330, 'n_estimators': 488, 'max_depth': 4, 'num_leaves': 53, 'learning_rate': 0.01899525946427103, 'subsample': 0.6819760300388843, 'colsample_bytree': 0.7168955525763715, 'min_child_samples': 77, 'reg_alpha': 0.002133995302102601, 'reg_lambda': 2.582339790441249e-06}. Best is trial 12 with value: 0.013841870833507103.
[I 2026-06-01 15:46:27,381] Trial 16 finished with value: -0.01678962208581507 and parameters: {'confidence_threshold': 0.7809712285122007, 'training_days': 340, 'n_estimators': 454, 'max_depth': 4, 'num_leaves': 61, 'learning_rate': 0.018547927777328575, 'subsample': 0.6712133885757513, 'colsample_bytree': 0.6296910127260003, 'min_child_samples': 79, 'reg_alpha': 0.0036991964421060736, 'reg_lambda': 1.6925634133463895e-06}. Best is trial 12 with value: 0.013841870833507103.
