[I 2026-06-01 15:47:11,534] Trial 17 finished with value: -0.020026784303233142 and parameters: {'confidence_threshold': 0.536819549047917, 'training_days': 210, 'n_estimators': 452, 'max_depth': 5, 'num_leaves': 62, 'learning_rate': 0.10028413471895721, 'subsample': 0.8002407697944357, 'colsample_bytree': 0.8076093671453405, 'min_child_samples': 70, 'reg_alpha': 0.16539494769581237, 'reg_lambda': 0.011111457737296482}. Best is trial 12 with value: -0.012336003447690319.

    [trial 17] 48 features, training_days=70 | threshold=0.648 | labels: 1018 long, 1150 short (47/53%)
    [trial 17] Sharpe=-0.0476 (folds: -0.3027, -0.0030, -0.0401, -0.0156, 0.1235)
  Optuna: 18 trials, best Sharpe = 0.0074
  Best params: n_estimators=287, max_depth=5, lr=0.1281, leaves=41
  Best confidence_threshold: 0.618
  Best training_days: 20
  Retrained on full data (60 samples, 48 features)
  [ensemble 3/3] seed=456
    [trial 0] 48 features, training_days=90 | threshold=0.587 | labels: 1018 long, 1150 short (47/53%)
    [CV fold 0] train_end=2022-03-24 08:00 | val_start=2022-04-01 00:00 | gap=184h (22 rows)
    [CV fold 1] train_end=2022-07-22 16:00 | val_start=2022-07-30 08:00 | gap=184h (22 rows)
    [CV fold 2] train_end=2022-11-20 00:00 | val_start=2022-11-27 16:00 | gap=184h (22 rows)
    [CV fold 3] train_end=2023-03-20 08:00 | val_start=2023-03-28 00:00 | gap=184h (22 rows)
    [CV fold 4] train_end=2023-07-18 16:00 | val_start=2023-07-26 08:00 | gap=184h (22 rows)
    [trial 0] Sharpe=-0.0452 (folds: -0.1490, 0.0316, -0.1152, -0.2019, 0.2086)
    [trial 1] 48 features, training_days=290 | threshold=0.635 | labels: 1018 long, 1150 short (47/53%)
    [trial 1] Sharpe=-0.0972 (folds: -0.2503, 0.1147, -0.2329, -0.1682, 0.0509)
    [trial 2] 48 features, training_days=10 | threshold=0.585 | labels: 1018 long, 1150 short (47/53%)
    [trial 2] Sharpe=-0.0756 (folds: 0.2051, -0.1878, -0.1444, -0.0948, -0.1559)
    [trial 3] 48 features, training_days=220 | threshold=0.687 | labels: 1018 long, 1150 short (47/53%)
    [trial 3] Sharpe=-0.0826 (folds: -0.2138, 0.0804, -0.1691, -0.3388, 0.2280)
    [trial 4] 48 features, training_days=300 | threshold=0.562 | labels: 1018 long, 1150 short (47/53%)
    [trial 4] Sharpe=-0.0819 (folds: -0.1959, 0.0417, -0.1357, -0.1172, -0.0026)
    [trial 5] 48 features, training_days=490 | threshold=0.711 | labels: 1018 long, 1150 short (47/53%)
    [trial 5] Sharpe=-0.0348 (folds: -0.1861, 0.1497, -0.1148, -0.1128, 0.0900)
    [trial 6] 48 features, training_days=420 | threshold=0.667 | labels: 1018 long, 1150 short (47/53%)
    [trial 6] Sharpe=-0.0925 (folds: -0.2127, 0.0626, -0.1308, -0.1336, -0.0481)
    [trial 7] 48 features, training_days=120 | threshold=0.550 | labels: 1018 long, 1150 short (47/53%)
    [trial 7] Sharpe=-0.0755 (folds: -0.1518, -0.0560, -0.2130, -0.0995, 0.1430)
    [trial 8] 48 features, training_days=450 | threshold=0.720 | labels: 1018 long, 1150 short (47/53%)
    [trial 8] Sharpe=-0.0727 (folds: -0.2875, 0.1715, -0.2541, -0.1425, 0.1491)
    [trial 9] 48 features, training_days=20 | threshold=0.727 | labels: 1018 long, 1150 short (47/53%)
    [trial 9] Sharpe=-2.0194 (folds: 0.2051, -0.1878, -0.1444, 0.0301, -10.0000)
    [trial 10] 48 features, training_days=490 | threshold=0.828 | labels: 1018 long, 1150 short (47/53%)
    [trial 10] Sharpe=-0.1261 (folds: -0.3340, 0.1973, 0.0373, -0.7129, 0.1820)
    [trial 11] 48 features, training_days=160 | threshold=0.787 | labels: 1018 long, 1150 short (47/53%)
    [trial 11] Sharpe=-0.0592 (folds: -0.2142, 0.0688, -0.0098, -0.1258, -0.0150)
    [trial 12] 48 features, training_days=360 | threshold=0.515 | labels: 1018 long, 1150 short (47/53%)
    [trial 12] Sharpe=-0.0123 (folds: -0.0993, 0.1677, -0.1068, 0.0071, -0.0304)
    [trial 13] 48 features, training_days=370 | threshold=0.501 | labels: 1018 long, 1150 short (47/53%)
    [trial 13] Sharpe=-0.0201 (folds: -0.1353, 0.1303, -0.1229, -0.0229, 0.0503)
    [trial 14] 48 features, training_days=380 | threshold=0.504 | labels: 1018 long, 1150 short (47/53%)
    [trial 14] Sharpe=-0.0234 (folds: -0.1525, 0.1051, -0.1302, -0.0558, 0.1163)
    [trial 15] 48 features, training_days=350 | threshold=0.504 | labels: 1018 long, 1150 short (47/53%)
    [trial 15] Sharpe=-0.0224 (folds: -0.1538, 0.1393, -0.1095, 0.0033, 0.0085)
    [trial 16] 48 features, training_days=350 | threshold=0.633 | labels: 1018 long, 1150 short (47/53%)
    [trial 16] Sharpe=-0.0400 (folds: -0.2047, 0.1317, -0.1129, -0.0004, -0.0138)
    [trial 17] 48 features, training_days=210 | threshold=0.537 | labels: 1018 long, 1150 short (47/53%)
    [trial 17] Sharpe=-0.0200 (folds: -0.1466, 0.1573, -0.1794, -0.0871, 0.1557)
  Optuna: 18 trials, best Sharpe = -0.0123
  Best params: n_estimators=490, max_depth=5, lr=0.1017, leaves=51
  Best confidence_threshold: 0.515
  Best training_days: 360
  Retrained on full data (1080 samples, 48 features)
  OOD: 16 features, cutoff (q=0.7) = 14.73
  Model trained for 2023-12: 93 test candles with features, confidence_threshold=0.557
[trade:close] 2023-12-02 08:00 ETHUSDT SHORT → timeout @ 2095.66 | PnL=-0.34% (net -0.44%) | cum=+9.94% 2023-12=-0.44% 2023-12-02=-0.44%
[predict] 2023-12-12 00:00 ETHUSDT → LONG (proba=0.74 TP=9.8%/SL=4.9%)
[trade:open] 2023-12-12 07:59 ETHUSDT LONG @ 2233.92 | SL=2124.51 TP=2452.75 | timeout=2023-12-19 07:59
[trade:close] 2023-12-18 15:59 ETHUSDT LONG → stop_loss @ 2124.51 | PnL=-4.90% (net -5.00%) | cum=+4.94% 2023-12=-5.44% 2023-12-18=-5.00%
[predict] 2023-12-19 08:00 ETHUSDT → LONG (proba=0.79 TP=9.0%/SL=4.5%)
[trade:open] 2023-12-19 15:59 ETHUSDT LONG @ 2192.85 | SL=2094.24 TP=2390.07 | timeout=2023-12-26 15:59
[trade:close] 2023-12-26 16:00 ETHUSDT LONG → timeout @ 2230.64 | PnL=+1.72% (net +1.62%) | cum=+6.56% 2023-12=-3.82% 2023-12-26=+1.62%
[predict] 2023-12-28 00:00 ETHUSDT → LONG (proba=0.76 TP=8.6%/SL=4.3%)
[trade:open] 2023-12-28 07:59 ETHUSDT LONG @ 2383.06 | SL=2280.99 TP=2587.19 | timeout=2024-01-04 07:59
[trade:close] 2023-12-29 23:59 ETHUSDT LONG → stop_loss @ 2280.99 | PnL=-4.28% (net -4.38%) | cum=+2.18% 2023-12=-8.20% 2023-12-29=-4.38%
[predict] 2023-12-30 16:00 ETHUSDT → LONG (proba=0.71 TP=8.6%/SL=4.3%)
[trade:open] 2023-12-30 23:59 ETHUSDT LONG @ 2293.26 | SL=2194.18 TP=2491.43 | timeout=2024-01-06 23:59
[lgbm] === Training for 2024-01 ===
  Train window: 2022-01-01 → 2023-12-24
  2168 training samples from 1 symbols
  Samples per month: 2022-01: 93, 2022-02: 84, 2022-03: 93, 2022-04: 90, 2022-05: 93, 2022-06: 90, 2022-07: 93, 2022-08: 93, 2022-09: 90, 2022-10: 93, 2022-11: 90, 2022-12: 93, 2023-01: 93, 2023-02: 84, 2023-03: 93, 2023-04: 90, 2023-05: 93, 2023-06: 90, 2023-07: 93, 2023-08: 93, 2023-09: 90, 2023-10: 93, 2023-11: 90, 2023-12: 71
  [label] 2022-03-03 16:00 ETHUSDT entry=2832.9700 → SHORT | long=sl(-7.83%) short=timeout(+7.93%) | scanned=22 | no_tp→fwd_return=-8.0315
  [label] 2022-03-05 16:00 ETHUSDT entry=2663.5500 → SHORT | long=sl(-7.15%) short=timeout(+3.50%) | scanned=22 | no_tp→fwd_return=-3.6008
  [label] 2022-03-09 16:00 ETHUSDT entry=2726.3700 → LONG | long=sl(-7.00%) short=timeout(-1.80%) | scanned=22 | no_tp→fwd_return=+1.7023
  [label] 2022-04-03 08:00 ETHUSDT entry=3498.2400 → SHORT | long=sl(-4.41%) short=tp(+8.53%) | scanned=10 | short_tp_only
  [label] 2022-05-25 16:00 ETHUSDT entry=1942.0000 → SHORT | long=sl(-5.95%) short=tp(+11.59%) | scanned=4 | short_tp_only
  [label] 2022-11-07 16:00 ETHUSDT entry=1567.5200 → SHORT | long=sl(-5.52%) short=tp(+10.75%) | scanned=3 | short_tp_only
  [label] 2022-11-11 16:00 ETHUSDT entry=1288.6400 → SHORT | long=timeout(-6.04%) short=timeout(+5.84%) | scanned=22 | no_tp→fwd_return=-5.9443
  [label] 2022-11-22 08:00 ETHUSDT entry=1134.7800 → LONG | long=timeout(+6.37%) short=sl(-6.95%) | scanned=22 | no_tp→fwd_return=+6.4735
  [label] 2023-01-06 08:00 ETHUSDT entry=1262.4800 → LONG | long=tp(+5.10%) short=sl(-2.70%) | scanned=9 | long_tp_only
  [label] 2023-01-14 16:00 ETHUSDT entry=1550.2700 → LONG | long=timeout(+4.89%) short=sl(-5.45%) | scanned=22 | no_tp→fwd_return=+4.9901
  [label] 2023-04-15 00:00 ETHUSDT entry=2097.0600 → SHORT | long=sl(-4.49%) short=tp(+8.69%) | scanned=17 | short_tp_only
  [label] 2023-05-17 00:00 ETHUSDT entry=1806.7600 → LONG | long=timeout(+0.26%) short=sl(-3.42%) | scanned=22 | no_tp→fwd_return=+0.3647
  [label] 2023-06-02 00:00 ETHUSDT entry=1884.9900 → SHORT | long=sl(-3.20%) short=timeout(+2.54%) | scanned=22 | no_tp→fwd_return=-2.6398
  [label] 2023-06-14 16:00 ETHUSDT entry=1650.1800 → LONG | long=tp(+8.04%) short=sl(-4.17%) | scanned=18 | long_tp_only
  [label] 2023-07-03 08:00 ETHUSDT entry=1968.1600 → SHORT | long=sl(-3.74%) short=tp(+7.17%) | scanned=11 | short_tp_only[I 2026-06-01 15:47:12,178] A new study created in memory with name: no-name-a24cd9dc-60ba-42bb-86b2-0cd2a0134b9b
[I 2026-06-01 15:47:12,514] Trial 0 finished with value: -0.08297065049993661 and parameters: {'confidence_threshold': 0.6310890415965769, 'training_days': 480, 'n_estimators': 380, 'max_depth': 4, 'num_leaves': 22, 'learning_rate': 0.01699897838270077, 'subsample': 0.5290418060840998, 'colsample_bytree': 0.9330880728874675, 'min_child_samples': 68, 'reg_alpha': 0.023585940584142682, 'reg_lambda': 1.5320059381854043e-08}. Best is trial 0 with value: -0.08297065049993661.
[I 2026-06-01 15:47:12,643] Trial 1 finished with value: -2.260664392160527 and parameters: {'confidence_threshold': 0.839468448256698, 'training_days': 420, 'n_estimators': 145, 'max_depth': 3, 'num_leaves': 23, 'learning_rate': 0.028145092716060652, 'subsample': 0.762378215816119, 'colsample_bytree': 0.7159725093210578, 'min_child_samples': 43, 'reg_alpha': 0.0032112643094417484, 'reg_lambda': 1.8007140198129195e-07}. Best is trial 0 with value: -0.08297065049993661.
[I 2026-06-01 15:47:12,810] Trial 2 finished with value: -0.06954233091191965 and parameters: {'confidence_threshold': 0.6022506269873263, 'training_days': 190, 'n_estimators': 255, 'max_depth': 5, 'num_leaves': 24, 'learning_rate': 0.05748924681991978, 'subsample': 0.7962072844310213, 'colsample_bytree': 0.5232252063599989, 'min_child_samples': 69, 'reg_alpha': 3.425445902633376e-07, 'reg_lambda': 3.850031979199519e-08}. Best is trial 2 with value: -0.06954233091191965.
[I 2026-06-01 15:47:13,102] Trial 3 finished with value: -0.0668205976017344 and parameters: {'confidence_threshold': 0.8321099380386666, 'training_days': 490, 'n_estimators': 414, 'max_depth': 3, 'num_leaves': 19, 'learning_rate': 0.1024932221692416, 'subsample': 0.7200762468698007, 'colsample_bytree': 0.5610191174223894, 'min_child_samples': 60, 'reg_alpha': 2.039373116525212e-08, 'reg_lambda': 1.527156759251193}. Best is trial 3 with value: -0.0668205976017344.
[I 2026-06-01 15:47:13,255] Trial 4 finished with value: -0.06350153524370343 and parameters: {'confidence_threshold': 0.5905729935600059, 'training_days': 340, 'n_estimators': 190, 'max_depth': 4, 'num_leaves': 41, 'learning_rate': 0.01875220945578641, 'subsample': 0.9847923138822793, 'colsample_bytree': 0.8875664116805573, 'min_child_samples': 96, 'reg_alpha': 1.1309571585271483, 'reg_lambda': 0.002404915432737351}. Best is trial 4 with value: -0.06350153524370343.
[I 2026-06-01 15:47:13,294] Trial 5 finished with value: -0.10518749207381792 and parameters: {'confidence_threshold': 0.8226559822580909, 'training_days': 50, 'n_estimators': 138, 'max_depth': 3, 'num_leaves': 30, 'learning_rate': 0.03750796359625606, 'subsample': 0.6356745158869479, 'colsample_bytree': 0.9143687545759647, 'min_child_samples': 48, 'reg_alpha': 3.376063348877853e-06, 'reg_lambda': 0.0007660634613082914}. Best is trial 4 with value: -0.06350153524370343.
[I 2026-06-01 15:47:13,407] Trial 6 finished with value: -0.06458875076793488 and parameters: {'confidence_threshold': 0.5493234787411669, 'training_days': 410, 'n_estimators': 83, 'max_depth': 5, 'num_leaves': 52, 'learning_rate': 0.019657448966046126, 'subsample': 0.5027610585618012, 'colsample_bytree': 0.9077307142274171, 'min_child_samples': 77, 'reg_alpha': 0.03639690979811287, 'reg_lambda': 0.08738424135626986}. Best is trial 4 with value: -0.06350153524370343.
[I 2026-06-01 15:47:13,504] Trial 7 finished with value: -0.05771328764639293 and parameters: {'confidence_threshold': 0.5259156281069316, 'training_days': 180, 'n_estimators': 102, 'max_depth': 5, 'num_leaves': 45, 'learning_rate': 0.030816017044468066, 'subsample': 0.5317791751430119, 'colsample_bytree': 0.6554911608578311, 'min_child_samples': 46, 'reg_alpha': 0.036851536911881845, 'reg_lambda': 0.005470376807480391}. Best is trial 7 with value: -0.05771328764639293.
[I 2026-06-01 15:47:13,615] Trial 8 finished with value: 0.027993990512615318 and parameters: {'confidence_threshold': 0.8105244599017143, 'training_days': 240, 'n_estimators': 103, 'max_depth': 5, 'num_leaves': 52, 'learning_rate': 0.06746437142284309, 'subsample': 0.8854835899772805, 'colsample_bytree': 0.7468977981821954, 'min_child_samples': 62, 'reg_alpha': 7.04480806377519e-05, 'reg_lambda': 1.6934490731313353e-08}. Best is trial 8 with value: 0.027993990512615318.
[I 2026-06-01 15:47:13,642] Trial 9 finished with value: -0.056482367057522645 and parameters: {'confidence_threshold': 0.5377619994476566, 'training_days': 20, 'n_estimators': 337, 'max_depth': 3, 'num_leaves': 39, 'learning_rate': 0.21907142272152816, 'subsample': 0.6246461145744375, 'colsample_bytree': 0.7051914615178149, 'min_child_samples': 81, 'reg_alpha': 1.1459970229341322e-06, 'reg_lambda': 4.929685216887945e-08}. Best is trial 8 with value: 0.027993990512615318.
[I 2026-06-01 15:47:14,197] Trial 10 finished with value: 0.014649228988550917 and parameters: {'confidence_threshold': 0.734042426776949, 'training_days': 280, 'n_estimators': 487, 'max_depth': 5, 'num_leaves': 62, 'learning_rate': 0.10432148521337849, 'subsample': 0.9416850669512905, 'colsample_bytree': 0.8120417635861826, 'min_child_samples': 27, 'reg_alpha': 7.238112263003475e-05, 'reg_lambda': 3.3639426888455256e-06}. Best is trial 8 with value: 0.027993990512615318.
[I 2026-06-01 15:47:14,789] Trial 11 finished with value: 0.025841366580458925 and parameters: {'confidence_threshold': 0.7421374894694948, 'training_days': 280, 'n_estimators': 461, 'max_depth': 5, 'num_leaves': 62, 'learning_rate': 0.10109116109881597, 'subsample': 0.9447271656461484, 'colsample_bytree': 0.8173450355221697, 'min_child_samples': 20, 'reg_alpha': 8.428275500049382e-05, 'reg_lambda': 7.868729181011707e-06}. Best is trial 8 with value: 0.027993990512615318.
[I 2026-06-01 15:47:15,056] Trial 12 finished with value: 0.016319061297082632 and parameters: {'confidence_threshold': 0.7515205355060436, 'training_days': 190, 'n_estimators': 293, 'max_depth': 4, 'num_leaves': 63, 'learning_rate': 0.08962717626942573, 'subsample': 0.8787539554254672, 'colsample_bytree': 0.8036897363109228, 'min_child_samples': 20, 'reg_alpha': 8.52081282924587e-05, 'reg_lambda': 1.1190466847099739e-05}. Best is trial 8 with value: 0.027993990512615318.
[I 2026-06-01 15:47:15,537] Trial 13 finished with value: -0.00424025704697163 and parameters: {'confidence_threshold': 0.7374897744515687, 'training_days': 290, 'n_estimators': 500, 'max_depth': 5, 'num_leaves': 52, 'learning_rate': 0.22361544567965289, 'subsample': 0.87730723737345, 'colsample_bytree': 0.9986219945544257, 'min_child_samples': 34, 'reg_alpha': 0.0006870663253818823, 'reg_lambda': 2.2868664901098493e-05}. Best is trial 8 with value: 0.027993990512615318.
[I 2026-06-01 15:47:15,662] Trial 14 finished with value: -0.08974282853613308 and parameters: {'confidence_threshold': 0.7871652886153421, 'training_days': 130, 'n_estimators': 216, 'max_depth': 4, 'num_leaves': 56, 'learning_rate': 0.061246812328366214, 'subsample': 0.8638168534949386, 'colsample_bytree': 0.8021070941152616, 'min_child_samples': 58, 'reg_alpha': 1.4847666624200934e-05, 'reg_lambda': 1.0031968607643166e-06}. Best is trial 8 with value: 0.027993990512615318.
[I 2026-06-01 15:47:15,998] Trial 15 finished with value: -0.03739449199744192 and parameters: {'confidence_threshold': 0.6853425108836937, 'training_days': 340, 'n_estimators': 427, 'max_depth': 5, 'num_leaves': 56, 'learning_rate': 0.12901484772274463, 'subsample': 0.9918775807780621, 'colsample_bytree': 0.6290746674720268, 'min_child_samples': 91, 'reg_alpha': 7.691552343527566e-08, 'reg_lambda': 7.482879404932238e-05}. Best is trial 8 with value: 0.027993990512615318.
[I 2026-06-01 15:47:16,270] Trial 16 finished with value: 0.046268283141983016 and parameters: {'confidence_threshold': 0.6809416747270094, 'training_days': 240, 'n_estimators': 320, 'max_depth': 4, 'num_leaves': 50, 'learning_rate': 0.15013971957309138, 'subsample': 0.9371158895275773, 'colsample_bytree': 0.7663584390575363, 'min_child_samples': 36, 'reg_alpha': 0.00043095139557057635, 'reg_lambda': 6.051783992876748e-07}. Best is trial 16 with value: 0.046268283141983016.
[I 2026-06-01 15:47:16,436] Trial 17 finished with value: -0.08397539679571805 and parameters: {'confidence_threshold': 0.6811724241759008, 'training_days': 110, 'n_estimators': 316, 'max_depth': 4, 'num_leaves': 47, 'learning_rate': 0.010425658055299656, 'subsample': 0.826271015286514, 'colsample_bytree': 0.6293593416896959, 'min_child_samples': 36, 'reg_alpha': 5.229946767445252, 'reg_lambda': 5.770366378654596e-07}. Best is trial 16 with value: 0.046268283141983016.
[I 2026-06-01 15:47:16,781] A new study created in memory with name: no-name-6044cf91-e013-4862-b54e-8c71af633b08
[I 2026-06-01 15:47:16,876] Trial 0 finished with value: 0.0228636175236527 and parameters: {'confidence_threshold': 0.7437642149592516, 'training_days': 150, 'n_estimators': 152, 'max_depth': 4, 'num_leaves': 50, 'learning_rate': 0.04216766425047743, 'subsample': 0.9903820991923078, 'colsample_bytree': 0.8424148692924316, 'min_child_samples': 58, 'reg_alpha': 3.381097259762742e-05, 'reg_lambda': 1.2263152961306247e-05}. Best is trial 0 with value: 0.0228636175236527.
[I 2026-06-01 15:47:16,950] Trial 1 finished with value: -4.090367964347822 and parameters: {'confidence_threshold': 0.7551673975844145, 'training_days': 220, 'n_estimators': 76, 'max_depth': 4, 'num_leaves': 51, 'learning_rate': 0.018602118810743477, 'subsample': 0.5877258780737462, 'colsample_bytree': 0.7657756869209191, 'min_child_samples': 63, 'reg_alpha': 0.005123994170264194, 'reg_lambda': 0.44145470178120466}. Best is trial 0 with value: 0.0228636175236527.
[I 2026-06-01 15:47:17,191] Trial 2 finished with value: -0.042154295767455524 and parameters: {'confidence_threshold': 0.7535593637012223, 'training_days': 310, 'n_estimators': 375, 'max_depth': 3, 'num_leaves': 32, 'learning_rate': 0.021735641882032388, 'subsample': 0.6468570231944146, 'colsample_bytree': 0.8154880619272439, 'min_child_samples': 27, 'reg_alpha': 8.004064028491336e-05, 'reg_lambda': 7.546835261630524e-05}. Best is trial 0 with value: 0.0228636175236527.
[I 2026-06-01 15:47:17,362] Trial 3 finished with value: 0.0025762374211186433 and parameters: {'confidence_threshold': 0.6727897841776072, 'training_days': 220, 'n_estimators': 190, 'max_depth': 4, 'num_leaves': 58, 'learning_rate': 0.24810689332636193, 'subsample': 0.7509183379421682, 'colsample_bytree': 0.8119764758960556, 'min_child_samples': 29, 'reg_alpha': 7.1708285081421445e-06, 'reg_lambda': 5.412973582738627e-05}. Best is trial 0 with value: 0.0228636175236527.
[I 2026-06-01 15:47:17,484] Trial 4 finished with value: -0.09052225328737382 and parameters: {'confidence_threshold': 0.803208205259178, 'training_days': 130, 'n_estimators': 267, 'max_depth': 5, 'num_leaves': 40, 'learning_rate': 0.08041175317374143, 'subsample': 0.5603143329951619, 'colsample_bytree': 0.9131704002534167, 'min_child_samples': 68, 'reg_alpha': 0.0008046593428183385, 'reg_lambda': 1.2158346158765583e-05}. Best is trial 0 with value: 0.0228636175236527.
[I 2026-06-01 15:47:17,726] Trial 5 finished with value: -0.0639793974106813 and parameters: {'confidence_threshold': 0.6064422761595144, 'training_days': 210, 'n_estimators': 357, 'max_depth': 5, 'num_leaves': 40, 'learning_rate': 0.0974221287220869, 'subsample': 0.7929682762811064, 'colsample_bytree': 0.8124517510478, 'min_child_samples': 74, 'reg_alpha': 0.3811377260781234, 'reg_lambda': 5.607314238392041e-08}. Best is trial 0 with value: 0.0228636175236527.
[I 2026-06-01 15:47:17,853] Trial 6 finished with value: -0.031203069479027346 and parameters: {'confidence_threshold': 0.7672889945051684, 'training_days': 130, 'n_estimators': 137, 'max_depth': 4, 'num_leaves': 19, 'learning_rate': 0.2031117614248665, 'subsample': 0.8136244860256343, 'colsample_bytree': 0.8617081790949774, 'min_child_samples': 21, 'reg_alpha': 0.002238138278733199, 'reg_lambda': 0.001025809534977322}. Best is trial 0 with value: 0.0228636175236527.
[I 2026-06-01 15:47:17,934] Trial 7 finished with value: -0.10762444434953025 and parameters: {'confidence_threshold': 0.555635875450653, 'training_days': 80, 'n_estimators': 363, 'max_depth': 3, 'num_leaves': 48, 'learning_rate': 0.06590089024008658, 'subsample': 0.6944752870615722, 'colsample_bytree': 0.962566244806993, 'min_child_samples': 88, 'reg_alpha': 1.6465620446426067e-05, 'reg_lambda': 2.4678750890085655e-08}. Best is trial 0 with value: 0.0228636175236527.
[I 2026-06-01 15:47:18,253] Trial 8 finished with value: -0.02732578469851723 and parameters: {'confidence_threshold': 0.6066688256938841, 'training_days': 200, 'n_estimators': 367, 'max_depth': 5, 'num_leaves': 32, 'learning_rate': 0.13377519215934996, 'subsample': 0.7965884582811106, 'colsample_bytree': 0.8458508993500886, 'min_child_samples': 32, 'reg_alpha': 3.889436043816386e-05, 'reg_lambda': 1.4713062489380356e-06}. Best is trial 0 with value: 0.0228636175236527.
