[I 2026-06-01 15:44:38,064] Trial 12 finished with value: 0.22123260836246433 and parameters: {'confidence_threshold': 0.830632524875604, 'training_days': 500, 'n_estimators': 499, 'max_depth': 4, 'num_leaves': 15, 'learning_rate': 0.010201143194486034, 'subsample': 0.9520533174844769, 'colsample_bytree': 0.5773925919454104, 'min_child_samples': 44, 'reg_alpha': 1.3450796376994232e-08, 'reg_lambda': 0.1253138492712767}. Best is trial 10 with value: 0.27801940993684787.
[I 2026-06-01 15:44:38,464] Trial 13 finished with value: 0.2320492484906135 and parameters: {'confidence_threshold': 0.8320048612945233, 'training_days': 500, 'n_estimators': 475, 'max_depth': 4, 'num_leaves': 26, 'learning_rate': 0.011020432354152414, 'subsample': 0.9144009725707175, 'colsample_bytree': 0.5792216193437131, 'min_child_samples': 45, 'reg_alpha': 1.241856620176109e-08, 'reg_lambda': 4.040166137388777}. Best is trial 10 with value: 0.27801940993684787.
[I 2026-06-01 15:44:38,736] Trial 14 finished with value: 0.0688682787354401 and parameters: {'confidence_threshold': 0.6968624890517784, 'training_days': 400, 'n_estimators': 442, 'max_depth': 3, 'num_leaves': 27, 'learning_rate': 0.01645102485501106, 'subsample': 0.890601619577027, 'colsample_bytree': 0.5031712152709302, 'min_child_samples': 47, 'reg_alpha': 2.888573011315117e-07, 'reg_lambda': 4.0606616408448595}. Best is trial 10 with value: 0.27801940993684787.
[I 2026-06-01 15:44:38,993] Trial 15 finished with value: 0.04311456284663344 and parameters: {'confidence_threshold': 0.5026055290809989, 'training_days': 410, 'n_estimators': 436, 'max_depth': 4, 'num_leaves': 24, 'learning_rate': 0.037392478764815176, 'subsample': 0.8830557666671844, 'colsample_bytree': 0.6609898839281111, 'min_child_samples': 100, 'reg_alpha': 5.011892081220446e-07, 'reg_lambda': 0.004579767760308678}. Best is trial 10 with value: 0.27801940993684787.
[I 2026-06-01 15:44:39,263] Trial 16 finished with value: 0.17476366565966578 and parameters: {'confidence_threshold': 0.7977991059633813, 'training_days': 400, 'n_estimators': 279, 'max_depth': 5, 'num_leaves': 30, 'learning_rate': 0.0142468201984381, 'subsample': 0.9707257604806758, 'colsample_bytree': 0.6827002431360678, 'min_child_samples': 52, 'reg_alpha': 4.3499465459038265e-07, 'reg_lambda': 6.645098679776396}. Best is trial 10 with value: 0.27801940993684787.
[I 2026-06-01 15:44:39,610] Trial 17 finished with value: 0.02898966560679429 and parameters: {'confidence_threshold': 0.7110519736587814, 'training_days': 450, 'n_estimators': 432, 'max_depth': 4, 'num_leaves': 36, 'learning_rate': 0.02985024780159564, 'subsample': 0.8843269230566411, 'colsample_bytree': 0.5225343572251958, 'min_child_samples': 37, 'reg_alpha': 7.675545612366227e-08, 'reg_lambda': 0.0198404545976597}. Best is trial 10 with value: 0.27801940993684787.
[I 2026-06-01 15:44:39,846] A new study created in memory with name: no-name-316c74bd-c9cb-4f79-946f-e1ef08f36607
[I 2026-06-01 15:44:40,018] Trial 0 finished with value: -0.03345861649437785 and parameters: {'confidence_threshold': 0.5870645682749857, 'training_days': 90, 'n_estimators': 403, 'max_depth': 5, 'num_leaves': 45, 'learning_rate': 0.0780457193679974, 'subsample': 0.9428509515574568, 'colsample_bytree': 0.8795587339164916, 'min_child_samples': 34, 'reg_alpha': 2.2465901234314442e-07, 'reg_lambda': 8.339007036475363e-05}. Best is trial 0 with value: -0.03345861649437785.
[I 2026-06-01 15:44:40,119] Trial 1 finished with value: 0.05103148628002178 and parameters: {'confidence_threshold': 0.6348453934275313, 'training_days': 290, 'n_estimators': 115, 'max_depth': 5, 'num_leaves': 37, 'learning_rate': 0.06949568759029946, 'subsample': 0.8228505074024268, 'colsample_bytree': 0.8616703220431751, 'min_child_samples': 75, 'reg_alpha': 4.2486822725010923e-07, 'reg_lambda': 1.157247767047042e-07}. Best is trial 1 with value: 0.05103148628002178.
[I 2026-06-01 15:44:40,137] Trial 2 finished with value: 0.0547678203417581 and parameters: {'confidence_threshold': 0.5849570384370288, 'training_days': 10, 'n_estimators': 212, 'max_depth': 3, 'num_leaves': 41, 'learning_rate': 0.18452095998378365, 'subsample': 0.6001060822924371, 'colsample_bytree': 0.5673167293506167, 'min_child_samples': 37, 'reg_alpha': 5.733250064217131, 'reg_lambda': 0.5308454292595461}. Best is trial 2 with value: 0.0547678203417581.
[I 2026-06-01 15:44:40,206] Trial 3 finished with value: 0.05119653035862152 and parameters: {'confidence_threshold': 0.6868248626683718, 'training_days': 220, 'n_estimators': 134, 'max_depth': 3, 'num_leaves': 45, 'learning_rate': 0.033529007907491595, 'subsample': 0.8647277071858408, 'colsample_bytree': 0.778494116634046, 'min_child_samples': 96, 'reg_alpha': 2.409409937265785e-07, 'reg_lambda': 1.1642073478060009}. Best is trial 2 with value: 0.0547678203417581.
[I 2026-06-01 15:44:40,288] Trial 4 finished with value: 0.007027570330724142 and parameters: {'confidence_threshold': 0.5623121348350352, 'training_days': 300, 'n_estimators': 69, 'max_depth': 4, 'num_leaves': 32, 'learning_rate': 0.14967629360700346, 'subsample': 0.5054535233636654, 'colsample_bytree': 0.7401385194659216, 'min_child_samples': 27, 'reg_alpha': 1.4212042567426725e-07, 'reg_lambda': 0.23605753701352003}. Best is trial 2 with value: 0.0547678203417581.

    [trial 4] 48 features, training_days=340 | threshold=0.591 | labels: 1169 long, 999 short (54/46%)
    [trial 4] Sharpe=-0.0274 (folds: 0.0780, -0.1179, -0.0808, -0.1385, 0.1224)
    [trial 5] 48 features, training_days=50 | threshold=0.823 | labels: 1169 long, 999 short (54/46%)
    [trial 5] Sharpe=0.0766 (folds: 0.2005, -0.2015, 0.3836, -0.0015, 0.0020)
    [trial 6] 48 features, training_days=410 | threshold=0.549 | labels: 1169 long, 999 short (54/46%)
    [trial 6] Sharpe=0.0504 (folds: 0.1525, -0.0336, -0.0072, 0.0339, 0.1063)
    [trial 7] 48 features, training_days=180 | threshold=0.526 | labels: 1169 long, 999 short (54/46%)
    [trial 7] Sharpe=0.0327 (folds: 0.0720, -0.1036, 0.1176, 0.0312, 0.0463)
    [trial 8] 48 features, training_days=240 | threshold=0.811 | labels: 1169 long, 999 short (54/46%)
    [trial 8] Sharpe=0.1083 (folds: 0.2017, -0.2479, 0.2162, 0.2263, 0.1452)
    [trial 9] 48 features, training_days=20 | threshold=0.538 | labels: 1169 long, 999 short (54/46%)
    [trial 9] Sharpe=-1.9938 (folds: -10.0000, -0.0647, -0.0269, 0.1181, 0.0046)
    [trial 10] 48 features, training_days=280 | threshold=0.734 | labels: 1169 long, 999 short (54/46%)
    [trial 10] Sharpe=-0.0041 (folds: 0.0252, -0.2104, 0.0647, -0.0063, 0.1061)
    [trial 11] 48 features, training_days=20 | threshold=0.762 | labels: 1169 long, 999 short (54/46%)
    [trial 11] Sharpe=-6.0120 (folds: -10.0000, -0.0647, -10.0000, -10.0000, 0.0046)
    [trial 12] 48 features, training_days=140 | threshold=0.768 | labels: 1169 long, 999 short (54/46%)
    [trial 12] Sharpe=0.0318 (folds: 0.2040, -0.1785, -0.1234, 0.2942, -0.0373)
    [trial 13] 48 features, training_days=110 | threshold=0.694 | labels: 1169 long, 999 short (54/46%)
    [trial 13] Sharpe=0.0269 (folds: 0.0891, -0.0279, 0.0517, -0.0185, 0.0399)
    [trial 14] 48 features, training_days=240 | threshold=0.810 | labels: 1169 long, 999 short (54/46%)
    [trial 14] Sharpe=0.0259 (folds: 0.0516, -0.1773, 0.0537, 0.0895, 0.1120)
    [trial 15] 48 features, training_days=70 | threshold=0.790 | labels: 1169 long, 999 short (54/46%)
    [trial 15] Sharpe=-0.1643 (folds: 0.1681, -0.2458, -0.6812, 0.0361, -0.0987)
    [trial 16] 48 features, training_days=310 | threshold=0.708 | labels: 1169 long, 999 short (54/46%)
    [trial 16] Sharpe=-0.0131 (folds: 0.0877, -0.1792, 0.0852, -0.0831, 0.0240)
    [trial 17] 48 features, training_days=200 | threshold=0.664 | labels: 1169 long, 999 short (54/46%)
    [trial 17] Sharpe=0.0279 (folds: 0.1610, -0.1432, 0.0956, 0.0506, -0.0247)
  Optuna: 18 trials, best Sharpe = 0.1083
  Best params: n_estimators=103, max_depth=5, lr=0.0675, leaves=52
  Best confidence_threshold: 0.811
  Best training_days: 240
  Retrained on full data (720 samples, 48 features)
  [ensemble 2/3] seed=123
    [trial 0] 48 features, training_days=150 | threshold=0.744 | labels: 1169 long, 999 short (54/46%)
    [CV fold 0] train_end=2021-01-22 08:00 | val_start=2021-01-30 00:00 | gap=184h (22 rows)
    [CV fold 1] train_end=2021-05-22 16:00 | val_start=2021-05-30 08:00 | gap=184h (22 rows)
    [CV fold 2] train_end=2021-09-20 00:00 | val_start=2021-09-27 16:00 | gap=184h (22 rows)
    [CV fold 3] train_end=2022-01-18 08:00 | val_start=2022-01-26 00:00 | gap=184h (22 rows)
    [CV fold 4] train_end=2022-05-18 16:00 | val_start=2022-05-26 08:00 | gap=184h (22 rows)
    [trial 0] Sharpe=0.0176 (folds: 0.1203, -0.2349, 0.1007, 0.1471, -0.0455)
    [trial 1] 48 features, training_days=220 | threshold=0.755 | labels: 1169 long, 999 short (54/46%)
    [trial 1] Sharpe=-1.8064 (folds: 0.2061, -0.1308, -10.0000, 0.1365, 0.7561)
    [trial 2] 48 features, training_days=310 | threshold=0.754 | labels: 1169 long, 999 short (54/46%)
    [trial 2] Sharpe=0.0276 (folds: 0.0844, -0.1183, 0.0894, -0.0509, 0.1335)
    [trial 3] 48 features, training_days=220 | threshold=0.673 | labels: 1169 long, 999 short (54/46%)
    [trial 3] Sharpe=0.0336 (folds: 0.0175, -0.1370, 0.0731, 0.0561, 0.1581)
    [trial 4] 48 features, training_days=130 | threshold=0.803 | labels: 1169 long, 999 short (54/46%)
    [trial 4] Sharpe=0.0292 (folds: 0.1046, -0.1571, 0.1329, 0.0836, -0.0182)
    [trial 5] 48 features, training_days=210 | threshold=0.606 | labels: 1169 long, 999 short (54/46%)
    [trial 5] Sharpe=0.0431 (folds: 0.0625, -0.0957, 0.0619, 0.0925, 0.0943)
    [trial 6] 48 features, training_days=130 | threshold=0.767 | labels: 1169 long, 999 short (54/46%)
    [trial 6] Sharpe=0.0596 (folds: 0.0350, -0.0706, 0.0653, 0.1208, 0.1473)
    [trial 7] 48 features, training_days=80 | threshold=0.556 | labels: 1169 long, 999 short (54/46%)
    [trial 7] Sharpe=-0.0435 (folds: 0.0528, -0.0543, -0.0495, -0.0011, -0.1657)
    [trial 8] 48 features, training_days=200 | threshold=0.607 | labels: 1169 long, 999 short (54/46%)
    [trial 8] Sharpe=0.0144 (folds: 0.0302, -0.1104, 0.1000, 0.1020, -0.0501)
    [trial 9] 48 features, training_days=260 | threshold=0.620 | labels: 1169 long, 999 short (54/46%)
    [trial 9] Sharpe=0.0262 (folds: 0.1019, -0.1722, 0.0097, 0.0447, 0.1471)
    [trial 10] 48 features, training_days=470 | threshold=0.845 | labels: 1169 long, 999 short (54/46%)
    [trial 10] Sharpe=0.2780 (folds: 0.2050, -0.0894, 0.9932, 0.5443, -0.2629)
    [trial 11] 48 features, training_days=500 | threshold=0.837 | labels: 1169 long, 999 short (54/46%)
    [trial 11] Sharpe=0.2061 (folds: 0.1629, -0.0974, 0.6795, 0.4100, -0.1246)
    [trial 12] 48 features, training_days=500 | threshold=0.831 | labels: 1169 long, 999 short (54/46%)
    [trial 12] Sharpe=0.2212 (folds: 0.2007, -0.0841, 0.7447, 0.4054, -0.1606)
    [trial 13] 48 features, training_days=500 | threshold=0.832 | labels: 1169 long, 999 short (54/46%)
    [trial 13] Sharpe=0.2320 (folds: 0.1487, -0.0822, 0.5279, 0.7088, -0.1430)
    [trial 14] 48 features, training_days=400 | threshold=0.697 | labels: 1169 long, 999 short (54/46%)
    [trial 14] Sharpe=0.0689 (folds: 0.1137, -0.1611, -0.0181, 0.3039, 0.1059)
    [trial 15] 48 features, training_days=410 | threshold=0.503 | labels: 1169 long, 999 short (54/46%)
    [trial 15] Sharpe=0.0431 (folds: 0.1671, -0.1143, 0.0136, 0.0228, 0.1263)
    [trial 16] 48 features, training_days=400 | threshold=0.798 | labels: 1169 long, 999 short (54/46%)
    [trial 16] Sharpe=0.1748 (folds: 0.1408, -0.0968, 0.3612, 0.5421, -0.0735)
    [trial 17] 48 features, training_days=450 | threshold=0.711 | labels: 1169 long, 999 short (54/46%)
    [trial 17] Sharpe=0.0290 (folds: 0.0454, -0.1717, 0.0990, 0.2515, -0.0793)
  Optuna: 18 trials, best Sharpe = 0.2780
  Best params: n_estimators=493, max_depth=4, lr=0.0102, leaves=17
  Best confidence_threshold: 0.845
  Best training_days: 470
  Retrained on full data (1410 samples, 48 features)
  [ensemble 3/3] seed=456
    [trial 0] 48 features, training_days=90 | threshold=0.587 | labels: 1169 long, 999 short (54/46%)
    [CV fold 0] train_end=2021-01-22 08:00 | val_start=2021-01-30 00:00 | gap=184h (22 rows)
    [CV fold 1] train_end=2021-05-22 16:00 | val_start=2021-05-30 08:00 | gap=184h (22 rows)
    [CV fold 2] train_end=2021-09-20 00:00 | val_start=2021-09-27 16:00 | gap=184h (22 rows)
    [CV fold 3] train_end=2022-01-18 08:00 | val_start=2022-01-26 00:00 | gap=184h (22 rows)
    [CV fold 4] train_end=2022-05-18 16:00 | val_start=2022-05-26 08:00 | gap=184h (22 rows)
    [trial 0] Sharpe=-0.0335 (folds: 0.0225, -0.0493, -0.1022, 0.1168, -0.1552)
    [trial 1] 48 features, training_days=290 | threshold=0.635 | labels: 1169 long, 999 short (54/46%)
    [trial 1] Sharpe=0.0510 (folds: 0.1171, -0.1367, 0.0357, 0.0750, 0.1640)
    [trial 2] 48 features, training_days=10 | threshold=0.585 | labels: 1169 long, 999 short (54/46%)
    [trial 2] Sharpe=0.0548 (folds: 0.2428, -0.0647, -0.0269, 0.1181, 0.0046)
    [trial 3] 48 features, training_days=220 | threshold=0.687 | labels: 1169 long, 999 short (54/46%)
    [trial 3] Sharpe=0.0512 (folds: 0.1642, -0.1732, -0.0275, -0.0103, 0.3027)
    [trial 4] 48 features, training_days=300 | threshold=0.562 | labels: 1169 long, 999 short (54/46%)
    [trial 4] Sharpe=0.0070 (folds: 0.0445, -0.1102, 0.0405, -0.0798, 0.1401)
    [trial 5] 48 features, training_days=490 | threshold=0.711 | labels: 1169 long, 999 short (54/46%)[I 2026-06-01 15:44:40,671] Trial 5 finished with value: 0.005227292822010526 and parameters: {'confidence_threshold': 0.7111850244908446, 'training_days': 490, 'n_estimators': 362, 'max_depth': 5, 'num_leaves': 40, 'learning_rate': 0.05960785724162737, 'subsample': 0.5589714368907717, 'colsample_bytree': 0.6659006943232806, 'min_child_samples': 42, 'reg_alpha': 0.6741360303045295, 'reg_lambda': 6.054601607143087e-08}. Best is trial 2 with value: 0.0547678203417581.
[I 2026-06-01 15:44:40,847] Trial 6 finished with value: 0.05661484125064166 and parameters: {'confidence_threshold': 0.667482545748023, 'training_days': 420, 'n_estimators': 279, 'max_depth': 3, 'num_leaves': 45, 'learning_rate': 0.040099592560849204, 'subsample': 0.8563114696415159, 'colsample_bytree': 0.5442917781944105, 'min_child_samples': 50, 'reg_alpha': 1.6407916423707903e-08, 'reg_lambda': 2.935907642973286e-05}. Best is trial 6 with value: 0.05661484125064166.
[I 2026-06-01 15:44:40,999] Trial 7 finished with value: -0.013138280308953934 and parameters: {'confidence_threshold': 0.5497381024139926, 'training_days': 120, 'n_estimators': 408, 'max_depth': 5, 'num_leaves': 38, 'learning_rate': 0.28049122657745795, 'subsample': 0.8806573338635493, 'colsample_bytree': 0.5454054113547102, 'min_child_samples': 63, 'reg_alpha': 0.01263008637940408, 'reg_lambda': 0.04588020805366937}. Best is trial 6 with value: 0.05661484125064166.
[I 2026-06-01 15:44:41,236] Trial 8 finished with value: -0.012878120851096086 and parameters: {'confidence_threshold': 0.719644804808716, 'training_days': 450, 'n_estimators': 410, 'max_depth': 4, 'num_leaves': 57, 'learning_rate': 0.04022026551478857, 'subsample': 0.5336085426932707, 'colsample_bytree': 0.5705742850577543, 'min_child_samples': 100, 'reg_alpha': 5.916398047912201e-07, 'reg_lambda': 0.9794034214488329}. Best is trial 6 with value: 0.05661484125064166.
[I 2026-06-01 15:44:41,262] Trial 9 finished with value: -6.01202971827268 and parameters: {'confidence_threshold': 0.7267463643917187, 'training_days': 20, 'n_estimators': 337, 'max_depth': 5, 'num_leaves': 23, 'learning_rate': 0.022153031811454605, 'subsample': 0.6305627572358737, 'colsample_bytree': 0.6613413774216214, 'min_child_samples': 81, 'reg_alpha': 5.7638634029410314e-08, 'reg_lambda': 8.26603016764008}. Best is trial 6 with value: 0.05661484125064166.
[I 2026-06-01 15:44:41,444] Trial 10 finished with value: -4.001112531723228 and parameters: {'confidence_threshold': 0.8283920119574972, 'training_days': 400, 'n_estimators': 240, 'max_depth': 3, 'num_leaves': 62, 'learning_rate': 0.011921022686883517, 'subsample': 0.7130289643560688, 'colsample_bytree': 0.9944479338273263, 'min_child_samples': 54, 'reg_alpha': 6.837313901272251e-05, 'reg_lambda': 2.741063772648371e-05}. Best is trial 6 with value: 0.05661484125064166.
[I 2026-06-01 15:44:41,604] Trial 11 finished with value: 0.009770292823929305 and parameters: {'confidence_threshold': 0.6197097902494114, 'training_days': 370, 'n_estimators': 236, 'max_depth': 3, 'num_leaves': 52, 'learning_rate': 0.1690988402609865, 'subsample': 0.7351650625287591, 'colsample_bytree': 0.5017024210185925, 'min_child_samples': 47, 'reg_alpha': 6.49360670953883, 'reg_lambda': 0.0027987147723585225}. Best is trial 6 with value: 0.05661484125064166.
[I 2026-06-01 15:44:41,882] Trial 12 finished with value: 0.00978905339165163 and parameters: {'confidence_threshold': 0.5145853631584999, 'training_days': 190, 'n_estimators': 490, 'max_depth': 3, 'num_leaves': 25, 'learning_rate': 0.12411615325331521, 'subsample': 0.9912016966112274, 'colsample_bytree': 0.6138274090995142, 'min_child_samples': 21, 'reg_alpha': 0.00012116501730499813, 'reg_lambda': 1.4304147444691813e-06}. Best is trial 6 with value: 0.05661484125064166.
[I 2026-06-01 15:44:41,919] Trial 13 finished with value: -6.01202971827268 and parameters: {'confidence_threshold': 0.8049870194265122, 'training_days': 20, 'n_estimators': 181, 'max_depth': 4, 'num_leaves': 49, 'learning_rate': 0.020094703918199067, 'subsample': 0.6356215386273887, 'colsample_bytree': 0.504161620349506, 'min_child_samples': 62, 'reg_alpha': 0.008738265091534083, 'reg_lambda': 0.0030907163684933165}. Best is trial 6 with value: 0.05661484125064166.
[I 2026-06-01 15:44:42,105] Trial 14 finished with value: -0.03462819696026932 and parameters: {'confidence_threshold': 0.6449026900959914, 'training_days': 350, 'n_estimators': 286, 'max_depth': 3, 'num_leaves': 17, 'learning_rate': 0.2759676576317377, 'subsample': 0.7851487748866213, 'colsample_bytree': 0.6163464681131001, 'min_child_samples': 39, 'reg_alpha': 1.1551822108194917e-05, 'reg_lambda': 5.453830306136823e-06}. Best is trial 6 with value: 0.05661484125064166.
[I 2026-06-01 15:44:42,205] Trial 15 finished with value: 0.01117651236844326 and parameters: {'confidence_threshold': 0.7594279795954488, 'training_days': 150, 'n_estimators': 193, 'max_depth': 3, 'num_leaves': 31, 'learning_rate': 0.11467873895188141, 'subsample': 0.6512150728280258, 'colsample_bytree': 0.7127131379634383, 'min_child_samples': 51, 'reg_alpha': 0.016709908009257986, 'reg_lambda': 0.0013467843257158065}. Best is trial 6 with value: 0.05661484125064166.
[I 2026-06-01 15:44:42,432] Trial 16 finished with value: 0.05282420065681507 and parameters: {'confidence_threshold': 0.6030080673755045, 'training_days': 260, 'n_estimators': 277, 'max_depth': 4, 'num_leaves': 53, 'learning_rate': 0.04266871908460725, 'subsample': 0.6928846082990532, 'colsample_bytree': 0.5820709598654734, 'min_child_samples': 33, 'reg_alpha': 0.22412806315095748, 'reg_lambda': 0.02666491168312947}. Best is trial 6 with value: 0.05661484125064166.
[I 2026-06-01 15:44:42,636] Trial 17 finished with value: -0.04000624748007943 and parameters: {'confidence_threshold': 0.5021018453288987, 'training_days': 430, 'n_estimators': 319, 'max_depth': 3, 'num_leaves': 41, 'learning_rate': 0.02201894951926673, 'subsample': 0.5744928429638737, 'colsample_bytree': 0.6675732857585037, 'min_child_samples': 70, 'reg_alpha': 1.3969704761182254e-08, 'reg_lambda': 0.00024521850680081633}. Best is trial 6 with value: 0.05661484125064166.
[I 2026-06-01 15:44:43,087] A new study created in memory with name: no-name-68806c1d-d560-40a8-af18-8fd759e0db73
[I 2026-06-01 15:44:43,387] Trial 0 finished with value: 0.007160997601896516 and parameters: {'confidence_threshold': 0.6310890415965769, 'training_days': 480, 'n_estimators': 380, 'max_depth': 4, 'num_leaves': 22, 'learning_rate': 0.01699897838270077, 'subsample': 0.5290418060840998, 'colsample_bytree': 0.9330880728874675, 'min_child_samples': 68, 'reg_alpha': 0.023585940584142682, 'reg_lambda': 1.5320059381854043e-08}. Best is trial 0 with value: 0.007160997601896516.
