[I 2026-06-01 15:47:05,133] Trial 9 finished with value: -0.06472588926724052 and parameters: {'confidence_threshold': 0.6202096049169137, 'training_days': 260, 'n_estimators': 350, 'max_depth': 3, 'num_leaves': 21, 'learning_rate': 0.02989540198065364, 'subsample': 0.8307821683331218, 'colsample_bytree': 0.923253112635361, 'min_child_samples': 64, 'reg_alpha': 0.4898604619604203, 'reg_lambda': 2.9076377687066166e-05}. Best is trial 8 with value: 0.0010933883537132844.
[I 2026-06-01 15:47:05,736] Trial 10 finished with value: -0.10478148025330784 and parameters: {'confidence_threshold': 0.5342665212695602, 'training_days': 470, 'n_estimators': 493, 'max_depth': 5, 'num_leaves': 30, 'learning_rate': 0.010221918552934462, 'subsample': 0.9182272143313567, 'colsample_bytree': 0.6202684210924141, 'min_child_samples': 44, 'reg_alpha': 1.466506858166308e-08, 'reg_lambda': 0.014616129255130504}. Best is trial 8 with value: 0.0010933883537132844.
[I 2026-06-01 15:47:06,131] Trial 11 finished with value: -0.04220799645419722 and parameters: {'confidence_threshold': 0.607296338357605, 'training_days': 360, 'n_estimators': 477, 'max_depth': 5, 'num_leaves': 36, 'learning_rate': 0.12199762873742671, 'subsample': 0.8344214603932569, 'colsample_bytree': 0.6661831737797719, 'min_child_samples': 86, 'reg_alpha': 0.22420772377574527, 'reg_lambda': 3.030764495173662e-08}. Best is trial 8 with value: 0.0010933883537132844.
[I 2026-06-01 15:47:06,164] Trial 12 finished with value: 0.007372296810372034 and parameters: {'confidence_threshold': 0.6181766826006161, 'training_days': 20, 'n_estimators': 287, 'max_depth': 5, 'num_leaves': 41, 'learning_rate': 0.12809347518986527, 'subsample': 0.7462630151554006, 'colsample_bytree': 0.5197889515780572, 'min_child_samples': 100, 'reg_alpha': 6.210448045058425, 'reg_lambda': 5.116535876235931e-07}. Best is trial 12 with value: 0.007372296810372034.
[I 2026-06-01 15:47:06,191] Trial 13 finished with value: -2.0466758934768787 and parameters: {'confidence_threshold': 0.6748497286027767, 'training_days': 10, 'n_estimators': 282, 'max_depth': 5, 'num_leaves': 26, 'learning_rate': 0.15152203000979778, 'subsample': 0.6822461717192103, 'colsample_bytree': 0.5389829572661895, 'min_child_samples': 45, 'reg_alpha': 1.1778293806807703e-07, 'reg_lambda': 8.317896186162896e-07}. Best is trial 12 with value: 0.007372296810372034.
[I 2026-06-01 15:47:06,222] Trial 14 finished with value: 0.007372296810372034 and parameters: {'confidence_threshold': 0.5698324901009851, 'training_days': 20, 'n_estimators': 294, 'max_depth': 5, 'num_leaves': 45, 'learning_rate': 0.15865916395931104, 'subsample': 0.9041989898518178, 'colsample_bytree': 0.5033828910491978, 'min_child_samples': 97, 'reg_alpha': 1.321415873390263e-06, 'reg_lambda': 9.781427599593275e-07}. Best is trial 12 with value: 0.007372296810372034.
[I 2026-06-01 15:47:06,248] Trial 15 finished with value: -0.07555034478209754 and parameters: {'confidence_threshold': 0.5026055290809989, 'training_days': 10, 'n_estimators': 254, 'max_depth': 4, 'num_leaves': 62, 'learning_rate': 0.2662524632365439, 'subsample': 0.9113227076105046, 'colsample_bytree': 0.5093920150666754, 'min_child_samples': 100, 'reg_alpha': 5.011892081220446e-07, 'reg_lambda': 5.982338301984712e-07}. Best is trial 12 with value: 0.007372296810372034.

  [label] 2023-07-30 08:00 ETHUSDT entry=1875.2700 → SHORT | long=sl(-1.67%) short=tp(+3.05%) | scanned=5 | short_tp_only
  [label] 2023-08-09 08:00 ETHUSDT entry=1852.2100 → SHORT | long=sl(-1.99%) short=timeout(+1.64%) | scanned=22 | no_tp→fwd_return=-1.7433
  [label] 2023-11-03 08:00 ETHUSDT entry=1812.7900 → LONG | long=tp(+7.40%) short=sl(-3.85%) | scanned=18 | long_tp_only
  Labels: 1018 long (47.0%), 1150 short (53.0%) | weights: min=1.00, mean=2.90, max=10.00
  Features: 2168/2168 matched, 48 columns
  CV gap: 22 rows
  [ensemble 1/3] seed=42
    [trial 0] 48 features, training_days=480 | threshold=0.631 | labels: 1018 long, 1150 short (47/53%)
    [CV fold 0] train_end=2022-03-24 08:00 | val_start=2022-04-01 00:00 | gap=184h (22 rows)
    [CV fold 1] train_end=2022-07-22 16:00 | val_start=2022-07-30 08:00 | gap=184h (22 rows)
    [CV fold 2] train_end=2022-11-20 00:00 | val_start=2022-11-27 16:00 | gap=184h (22 rows)
    [CV fold 3] train_end=2023-03-20 08:00 | val_start=2023-03-28 00:00 | gap=184h (22 rows)
    [CV fold 4] train_end=2023-07-18 16:00 | val_start=2023-07-26 08:00 | gap=184h (22 rows)
    [trial 0] Sharpe=-0.0812 (folds: -0.2195, 0.0754, -0.1662, -0.1773, 0.0816)
    [trial 1] 48 features, training_days=420 | threshold=0.839 | labels: 1018 long, 1150 short (47/53%)
    [trial 1] Sharpe=-4.0096 (folds: -0.3107, 0.2861, -0.0236, -10.0000, -10.0000)
    [trial 2] 48 features, training_days=190 | threshold=0.602 | labels: 1018 long, 1150 short (47/53%)
    [trial 2] Sharpe=-0.0489 (folds: -0.2122, 0.1651, -0.0750, -0.1881, 0.0656)
    [trial 3] 48 features, training_days=490 | threshold=0.832 | labels: 1018 long, 1150 short (47/53%)
    [trial 3] Sharpe=-0.0521 (folds: -0.1761, 0.0954, -0.1871, -0.1419, 0.1492)
    [trial 4] 48 features, training_days=340 | threshold=0.591 | labels: 1018 long, 1150 short (47/53%)
    [trial 4] Sharpe=-0.1109 (folds: -0.2515, -0.0064, -0.2572, -0.1313, 0.0920)
    [trial 5] 48 features, training_days=50 | threshold=0.823 | labels: 1018 long, 1150 short (47/53%)
    [trial 5] Sharpe=-2.0626 (folds: -0.1007, 0.0376, -10.0000, -0.1532, -0.0968)
    [trial 6] 48 features, training_days=410 | threshold=0.549 | labels: 1018 long, 1150 short (47/53%)
    [trial 6] Sharpe=-0.0684 (folds: -0.2111, -0.0275, -0.0954, -0.1637, 0.1556)
    [trial 7] 48 features, training_days=180 | threshold=0.526 | labels: 1018 long, 1150 short (47/53%)
    [trial 7] Sharpe=-0.0961 (folds: -0.2430, 0.1671, -0.0892, -0.1956, -0.1197)
    [trial 8] 48 features, training_days=240 | threshold=0.811 | labels: 1018 long, 1150 short (47/53%)
    [trial 8] Sharpe=-0.0902 (folds: -0.3027, 0.1654, -0.2788, -0.2280, 0.1928)
    [trial 9] 48 features, training_days=20 | threshold=0.538 | labels: 1018 long, 1150 short (47/53%)
    [trial 9] Sharpe=0.0074 (folds: 0.2051, -0.1878, -0.1444, 0.0301, 0.1339)
    [trial 10] 48 features, training_days=10 | threshold=0.745 | labels: 1018 long, 1150 short (47/53%)
    [trial 10] Sharpe=-2.0467 (folds: 0.2051, -0.1878, -10.0000, -0.0948, -0.1559)
    [trial 11] 48 features, training_days=130 | threshold=0.671 | labels: 1018 long, 1150 short (47/53%)
    [trial 11] Sharpe=-0.1227 (folds: -0.1611, -0.1269, -0.1532, -0.2802, 0.1079)
    [trial 12] 48 features, training_days=110 | threshold=0.584 | labels: 1018 long, 1150 short (47/53%)
    [trial 12] Sharpe=-0.0481 (folds: -0.1609, -0.1439, -0.1449, -0.0596, 0.2687)
    [trial 13] 48 features, training_days=80 | threshold=0.509 | labels: 1018 long, 1150 short (47/53%)
    [trial 13] Sharpe=-0.0443 (folds: -0.1782, -0.0190, -0.0007, -0.2123, 0.1886)
    [trial 14] 48 features, training_days=80 | threshold=0.517 | labels: 1018 long, 1150 short (47/53%)
    [trial 14] Sharpe=-0.0156 (folds: -0.0594, -0.0361, 0.0329, -0.1413, 0.1258)
    [trial 15] 48 features, training_days=10 | threshold=0.503 | labels: 1018 long, 1150 short (47/53%)
    [trial 15] Sharpe=-0.0756 (folds: 0.2051, -0.1878, -0.1444, -0.0948, -0.1559)
    [trial 16] 48 features, training_days=270 | threshold=0.717 | labels: 1018 long, 1150 short (47/53%)
    [trial 16] Sharpe=-0.0519 (folds: -0.1499, 0.0970, -0.1658, -0.1570, 0.1164)
    [trial 17] 48 features, training_days=170 | threshold=0.555 | labels: 1018 long, 1150 short (47/53%)
    [trial 17] Sharpe=-0.1095 (folds: -0.3571, 0.1209, -0.1162, -0.3447, 0.1494)
  Optuna: 18 trials, best Sharpe = 0.0074
  Best params: n_estimators=337, max_depth=3, lr=0.2191, leaves=39
  Best confidence_threshold: 0.538
  Best training_days: 20
  Retrained on full data (60 samples, 48 features)
  [ensemble 2/3] seed=123
    [trial 0] 48 features, training_days=150 | threshold=0.744 | labels: 1018 long, 1150 short (47/53%)
    [CV fold 0] train_end=2022-03-24 08:00 | val_start=2022-04-01 00:00 | gap=184h (22 rows)
    [CV fold 1] train_end=2022-07-22 16:00 | val_start=2022-07-30 08:00 | gap=184h (22 rows)
    [CV fold 2] train_end=2022-11-20 00:00 | val_start=2022-11-27 16:00 | gap=184h (22 rows)
    [CV fold 3] train_end=2023-03-20 08:00 | val_start=2023-03-28 00:00 | gap=184h (22 rows)
    [CV fold 4] train_end=2023-07-18 16:00 | val_start=2023-07-26 08:00 | gap=184h (22 rows)
    [trial 0] Sharpe=-0.1498 (folds: -0.2372, -0.0535, -0.1717, -0.3700, 0.0836)
    [trial 1] 48 features, training_days=220 | threshold=0.755 | labels: 1018 long, 1150 short (47/53%)
    [trial 1] Sharpe=-3.9460 (folds: -0.1567, 0.0366, -10.0000, -10.0000, 0.3902)
    [trial 2] 48 features, training_days=310 | threshold=0.754 | labels: 1018 long, 1150 short (47/53%)
    [trial 2] Sharpe=-0.1217 (folds: -0.2579, 0.1717, -0.1668, -0.2412, -0.1142)
    [trial 3] 48 features, training_days=220 | threshold=0.673 | labels: 1018 long, 1150 short (47/53%)
    [trial 3] Sharpe=-0.0287 (folds: -0.2357, 0.2016, -0.1131, -0.0819, 0.0854)
    [trial 4] 48 features, training_days=130 | threshold=0.803 | labels: 1018 long, 1150 short (47/53%)
    [trial 4] Sharpe=-0.0916 (folds: -0.2150, -0.0433, -0.1238, -0.2670, 0.1911)
    [trial 5] 48 features, training_days=210 | threshold=0.606 | labels: 1018 long, 1150 short (47/53%)
    [trial 5] Sharpe=-0.0280 (folds: -0.1959, 0.1604, -0.1694, -0.1037, 0.1687)
    [trial 6] 48 features, training_days=130 | threshold=0.767 | labels: 1018 long, 1150 short (47/53%)
    [trial 6] Sharpe=-0.0557 (folds: -0.2157, -0.0633, 0.0059, -0.2012, 0.1957)
    [trial 7] 48 features, training_days=80 | threshold=0.556 | labels: 1018 long, 1150 short (47/53%)
    [trial 7] Sharpe=-0.0338 (folds: -0.0984, -0.0382, 0.0054, -0.1819, 0.1443)
    [trial 8] 48 features, training_days=200 | threshold=0.607 | labels: 1018 long, 1150 short (47/53%)
    [trial 8] Sharpe=0.0011 (folds: -0.2046, 0.1974, -0.0164, -0.0889, 0.1179)
    [trial 9] 48 features, training_days=260 | threshold=0.620 | labels: 1018 long, 1150 short (47/53%)
    [trial 9] Sharpe=-0.0647 (folds: -0.1754, -0.0189, -0.1588, -0.2045, 0.2340)
    [trial 10] 48 features, training_days=470 | threshold=0.534 | labels: 1018 long, 1150 short (47/53%)
    [trial 10] Sharpe=-0.1048 (folds: -0.2227, 0.0437, -0.2021, -0.1088, -0.0341)
    [trial 11] 48 features, training_days=360 | threshold=0.607 | labels: 1018 long, 1150 short (47/53%)
    [trial 11] Sharpe=-0.0422 (folds: -0.2148, 0.1023, -0.1401, -0.0303, 0.0718)
    [trial 12] 48 features, training_days=20 | threshold=0.618 | labels: 1018 long, 1150 short (47/53%)
    [trial 12] Sharpe=0.0074 (folds: 0.2051, -0.1878, -0.1444, 0.0301, 0.1339)
    [trial 13] 48 features, training_days=10 | threshold=0.675 | labels: 1018 long, 1150 short (47/53%)
    [trial 13] Sharpe=-2.0467 (folds: 0.2051, -0.1878, -10.0000, -0.0948, -0.1559)
    [trial 14] 48 features, training_days=20 | threshold=0.570 | labels: 1018 long, 1150 short (47/53%)
    [trial 14] Sharpe=0.0074 (folds: 0.2051, -0.1878, -0.1444, 0.0301, 0.1339)
    [trial 15] 48 features, training_days=10 | threshold=0.503 | labels: 1018 long, 1150 short (47/53%)
    [trial 15] Sharpe=-0.0756 (folds: 0.2051, -0.1878, -0.1444, -0.0948, -0.1559)
    [trial 16] 48 features, training_days=70 | threshold=0.571 | labels: 1018 long, 1150 short (47/53%)
    [trial 16] Sharpe=-4.0767 (folds: -0.3115, 0.0722, -0.1444, -10.0000, -10.0000)[I 2026-06-01 15:47:06,275] Trial 16 finished with value: -4.07673597999067 and parameters: {'confidence_threshold': 0.5713387898798692, 'training_days': 70, 'n_estimators': 213, 'max_depth': 5, 'num_leaves': 44, 'learning_rate': 0.05065655531148786, 'subsample': 0.5054474615281926, 'colsample_bytree': 0.5976582048280088, 'min_child_samples': 99, 'reg_alpha': 5.097989013879213, 'reg_lambda': 0.0019821772168074165}. Best is trial 12 with value: 0.007372296810372034.
[I 2026-06-01 15:47:06,357] Trial 17 finished with value: -0.04756172313455538 and parameters: {'confidence_threshold': 0.6481103179171698, 'training_days': 70, 'n_estimators': 429, 'max_depth': 5, 'num_leaves': 45, 'learning_rate': 0.17815701539063372, 'subsample': 0.8980421425980667, 'colsample_bytree': 0.6790189839531278, 'min_child_samples': 86, 'reg_alpha': 0.017867971546418063, 'reg_lambda': 3.031928813295368e-07}. Best is trial 12 with value: 0.007372296810372034.
[I 2026-06-01 15:47:06,611] A new study created in memory with name: no-name-2815d02d-0af1-44eb-8608-da39eb428861
[I 2026-06-01 15:47:06,824] Trial 0 finished with value: -0.04517163297936994 and parameters: {'confidence_threshold': 0.5870645682749857, 'training_days': 90, 'n_estimators': 403, 'max_depth': 5, 'num_leaves': 45, 'learning_rate': 0.0780457193679974, 'subsample': 0.9428509515574568, 'colsample_bytree': 0.8795587339164916, 'min_child_samples': 34, 'reg_alpha': 2.2465901234314442e-07, 'reg_lambda': 8.339007036475363e-05}. Best is trial 0 with value: -0.04517163297936994.
[I 2026-06-01 15:47:06,931] Trial 1 finished with value: -0.09715370596375321 and parameters: {'confidence_threshold': 0.6348453934275313, 'training_days': 290, 'n_estimators': 115, 'max_depth': 5, 'num_leaves': 37, 'learning_rate': 0.06949568759029946, 'subsample': 0.8228505074024268, 'colsample_bytree': 0.8616703220431751, 'min_child_samples': 75, 'reg_alpha': 4.2486822725010923e-07, 'reg_lambda': 1.157247767047042e-07}. Best is trial 0 with value: -0.04517163297936994.
[I 2026-06-01 15:47:06,950] Trial 2 finished with value: -0.07555034478209754 and parameters: {'confidence_threshold': 0.5849570384370288, 'training_days': 10, 'n_estimators': 212, 'max_depth': 3, 'num_leaves': 41, 'learning_rate': 0.18452095998378365, 'subsample': 0.6001060822924371, 'colsample_bytree': 0.5673167293506167, 'min_child_samples': 37, 'reg_alpha': 5.733250064217131, 'reg_lambda': 0.5308454292595461}. Best is trial 0 with value: -0.04517163297936994.
[I 2026-06-01 15:47:07,028] Trial 3 finished with value: -0.08263673703993213 and parameters: {'confidence_threshold': 0.6868248626683718, 'training_days': 220, 'n_estimators': 134, 'max_depth': 3, 'num_leaves': 45, 'learning_rate': 0.033529007907491595, 'subsample': 0.8647277071858408, 'colsample_bytree': 0.778494116634046, 'min_child_samples': 96, 'reg_alpha': 2.409409937265785e-07, 'reg_lambda': 1.1642073478060009}. Best is trial 0 with value: -0.04517163297936994.
[I 2026-06-01 15:47:07,112] Trial 4 finished with value: -0.08194293341255648 and parameters: {'confidence_threshold': 0.5623121348350352, 'training_days': 300, 'n_estimators': 69, 'max_depth': 4, 'num_leaves': 32, 'learning_rate': 0.14967629360700346, 'subsample': 0.5054535233636654, 'colsample_bytree': 0.7401385194659216, 'min_child_samples': 27, 'reg_alpha': 1.4212042567426725e-07, 'reg_lambda': 0.23605753701352003}. Best is trial 0 with value: -0.04517163297936994.
[I 2026-06-01 15:47:07,544] Trial 5 finished with value: -0.03479668276711695 and parameters: {'confidence_threshold': 0.7111850244908446, 'training_days': 490, 'n_estimators': 362, 'max_depth': 5, 'num_leaves': 40, 'learning_rate': 0.05960785724162737, 'subsample': 0.5589714368907717, 'colsample_bytree': 0.6659006943232806, 'min_child_samples': 42, 'reg_alpha': 0.6741360303045295, 'reg_lambda': 6.054601607143087e-08}. Best is trial 5 with value: -0.03479668276711695.
[I 2026-06-01 15:47:07,739] Trial 6 finished with value: -0.0925141077521047 and parameters: {'confidence_threshold': 0.667482545748023, 'training_days': 420, 'n_estimators': 279, 'max_depth': 3, 'num_leaves': 45, 'learning_rate': 0.040099592560849204, 'subsample': 0.8563114696415159, 'colsample_bytree': 0.5442917781944105, 'min_child_samples': 50, 'reg_alpha': 1.6407916423707903e-08, 'reg_lambda': 2.935907642973286e-05}. Best is trial 5 with value: -0.03479668276711695.
[I 2026-06-01 15:47:07,889] Trial 7 finished with value: -0.07545161060996267 and parameters: {'confidence_threshold': 0.5497381024139926, 'training_days': 120, 'n_estimators': 408, 'max_depth': 5, 'num_leaves': 38, 'learning_rate': 0.28049122657745795, 'subsample': 0.8806573338635493, 'colsample_bytree': 0.5454054113547102, 'min_child_samples': 63, 'reg_alpha': 0.01263008637940408, 'reg_lambda': 0.04588020805366937}. Best is trial 5 with value: -0.03479668276711695.
[I 2026-06-01 15:47:08,151] Trial 8 finished with value: -0.07271590000765896 and parameters: {'confidence_threshold': 0.719644804808716, 'training_days': 450, 'n_estimators': 410, 'max_depth': 4, 'num_leaves': 57, 'learning_rate': 0.04022026551478857, 'subsample': 0.5336085426932707, 'colsample_bytree': 0.5705742850577543, 'min_child_samples': 100, 'reg_alpha': 5.916398047912201e-07, 'reg_lambda': 0.9794034214488329}. Best is trial 5 with value: -0.03479668276711695.
[I 2026-06-01 15:47:08,174] Trial 9 finished with value: -2.01940306556982 and parameters: {'confidence_threshold': 0.7267463643917187, 'training_days': 20, 'n_estimators': 337, 'max_depth': 5, 'num_leaves': 23, 'learning_rate': 0.022153031811454605, 'subsample': 0.6305627572358737, 'colsample_bytree': 0.6613413774216214, 'min_child_samples': 81, 'reg_alpha': 5.7638634029410314e-08, 'reg_lambda': 8.26603016764008}. Best is trial 5 with value: -0.03479668276711695.
[I 2026-06-01 15:47:08,668] Trial 10 finished with value: -0.12606488614399475 and parameters: {'confidence_threshold': 0.8283920119574972, 'training_days': 490, 'n_estimators': 485, 'max_depth': 4, 'num_leaves': 15, 'learning_rate': 0.013054596495157828, 'subsample': 0.7130289643560688, 'colsample_bytree': 0.9944479338273263, 'min_child_samples': 52, 'reg_alpha': 2.8556520323203283, 'reg_lambda': 1.4521305760519918e-08}. Best is trial 5 with value: -0.03479668276711695.
[I 2026-06-01 15:47:09,023] Trial 11 finished with value: -0.05920004163670632 and parameters: {'confidence_threshold': 0.7871429771330364, 'training_days': 160, 'n_estimators': 364, 'max_depth': 5, 'num_leaves': 54, 'learning_rate': 0.07578232512735636, 'subsample': 0.9876183503862322, 'colsample_bytree': 0.9060119313244169, 'min_child_samples': 22, 'reg_alpha': 3.3606739138311696e-05, 'reg_lambda': 9.46041867677697e-06}. Best is trial 5 with value: -0.03479668276711695.
[I 2026-06-01 15:47:09,562] Trial 12 finished with value: -0.012336003447690319 and parameters: {'confidence_threshold': 0.5145853631584999, 'training_days': 360, 'n_estimators': 490, 'max_depth': 5, 'num_leaves': 51, 'learning_rate': 0.101661983251671, 'subsample': 0.9912016966112274, 'colsample_bytree': 0.6861452142719364, 'min_child_samples': 38, 'reg_alpha': 0.011736013801596694, 'reg_lambda': 0.0022105109201275095}. Best is trial 12 with value: -0.012336003447690319.
[I 2026-06-01 15:47:10,095] Trial 13 finished with value: -0.02010558791225635 and parameters: {'confidence_threshold': 0.5012593228941856, 'training_days': 370, 'n_estimators': 497, 'max_depth': 5, 'num_leaves': 52, 'learning_rate': 0.11842510796771445, 'subsample': 0.7458753160929616, 'colsample_bytree': 0.6758512620255059, 'min_child_samples': 43, 'reg_alpha': 0.029619471740957106, 'reg_lambda': 0.0059487954326685535}. Best is trial 12 with value: -0.012336003447690319.
[I 2026-06-01 15:47:10,484] Trial 14 finished with value: -0.023422444535038795 and parameters: {'confidence_threshold': 0.5042589698333122, 'training_days': 380, 'n_estimators': 500, 'max_depth': 4, 'num_leaves': 61, 'learning_rate': 0.12713295784582487, 'subsample': 0.7433449407177382, 'colsample_bytree': 0.658600878541351, 'min_child_samples': 61, 'reg_alpha': 0.010518942073367675, 'reg_lambda': 0.005381188609229599}. Best is trial 12 with value: -0.012336003447690319.
[I 2026-06-01 15:47:10,892] Trial 15 finished with value: -0.022441499516083114 and parameters: {'confidence_threshold': 0.5037842613118171, 'training_days': 350, 'n_estimators': 453, 'max_depth': 4, 'num_leaves': 52, 'learning_rate': 0.1085016626393005, 'subsample': 0.6810676081530893, 'colsample_bytree': 0.7488090034267147, 'min_child_samples': 46, 'reg_alpha': 0.01313996230114273, 'reg_lambda': 0.0018234555306688503}. Best is trial 12 with value: -0.012336003447690319.
[I 2026-06-01 15:47:11,213] Trial 16 finished with value: -0.040028928416613506 and parameters: {'confidence_threshold': 0.6332092128935347, 'training_days': 350, 'n_estimators': 273, 'max_depth': 5, 'num_leaves': 51, 'learning_rate': 0.2509191697628262, 'subsample': 0.7707048250110959, 'colsample_bytree': 0.6293497258236807, 'min_child_samples': 31, 'reg_alpha': 0.00021885800956987676, 'reg_lambda': 0.0008614242002313721}. Best is trial 12 with value: -0.012336003447690319.
