[I 2026-06-01 15:50:49,283] Trial 16 finished with value: 0.006811017857487422 and parameters: {'confidence_threshold': 0.6388779883939387, 'training_days': 380, 'n_estimators': 239, 'max_depth': 4, 'num_leaves': 29, 'learning_rate': 0.10164450837387665, 'subsample': 0.6693629824955956, 'colsample_bytree': 0.7019334378351963, 'min_child_samples': 73, 'reg_alpha': 0.0017698824032541677, 'reg_lambda': 2.467406175509025e-06}. Best is trial 11 with value: 0.07803954714525864.
[I 2026-06-01 15:50:49,363] Trial 17 finished with value: 0.04891793737124043 and parameters: {'confidence_threshold': 0.6789363661861483, 'training_days': 140, 'n_estimators': 123, 'max_depth': 3, 'num_leaves': 62, 'learning_rate': 0.02852299476290232, 'subsample': 0.7912899898389397, 'colsample_bytree': 0.9369733185219081, 'min_child_samples': 54, 'reg_alpha': 5.2494349038324404e-06, 'reg_lambda': 0.03342820828150801}. Best is trial 11 with value: 0.07803954714525864.

    [trial 10] 48 features, training_days=470 | threshold=0.845 | labels: 1166 long, 1005 short (54/46%)
    [trial 10] Sharpe=-2.0798 (folds: -10.0000, 0.0345, -0.0861, -0.1433, -0.2040)
    [trial 11] 48 features, training_days=20 | threshold=0.837 | labels: 1166 long, 1005 short (54/46%)
    [trial 11] Sharpe=-10.0000 (folds: -10.0000, -10.0000, -10.0000, -10.0000, -10.0000)
    [trial 12] 48 features, training_days=120 | threshold=0.798 | labels: 1166 long, 1005 short (54/46%)
    [trial 12] Sharpe=0.0874 (folds: 0.5036, 0.0384, 0.0862, -0.1086, -0.0826)
    [trial 13] 48 features, training_days=10 | threshold=0.800 | labels: 1166 long, 1005 short (54/46%)
    [trial 13] Sharpe=-2.0940 (folds: -10.0000, -0.0650, -0.1622, 0.1182, -0.3613)
    [trial 14] 48 features, training_days=340 | threshold=0.697 | labels: 1166 long, 1005 short (54/46%)
    [trial 14] Sharpe=0.0269 (folds: 0.1849, 0.0524, 0.1140, -0.1479, -0.0688)
    [trial 15] 48 features, training_days=90 | threshold=0.699 | labels: 1166 long, 1005 short (54/46%)
    [trial 15] Sharpe=0.0019 (folds: 0.4349, 0.0824, 0.1878, -0.3288, -0.3669)
    [trial 16] 48 features, training_days=140 | threshold=0.807 | labels: 1166 long, 1005 short (54/46%)
    [trial 16] Sharpe=0.0353 (folds: 0.3595, 0.0281, -0.0228, -0.1718, -0.0165)
    [trial 17] 48 features, training_days=70 | threshold=0.500 | labels: 1166 long, 1005 short (54/46%)
    [trial 17] Sharpe=-0.0917 (folds: 0.1838, -0.0075, 0.1602, -0.3216, -0.4732)
  Optuna: 18 trials, best Sharpe = 0.0874
  Best params: n_estimators=51, max_depth=5, lr=0.1443, leaves=15
  Best confidence_threshold: 0.798
  Best training_days: 120
  Retrained on full data (360 samples, 48 features)
  [ensemble 3/3] seed=456
    [trial 0] 48 features, training_days=90 | threshold=0.587 | labels: 1166 long, 1005 short (54/46%)
    [CV fold 0] train_end=2023-11-23 08:00 | val_start=2023-12-01 00:00 | gap=184h (22 rows)
    [CV fold 1] train_end=2024-03-22 16:00 | val_start=2024-03-30 08:00 | gap=184h (22 rows)
    [CV fold 2] train_end=2024-07-21 00:00 | val_start=2024-07-28 16:00 | gap=184h (22 rows)
    [CV fold 3] train_end=2024-11-18 08:00 | val_start=2024-11-26 00:00 | gap=184h (22 rows)
    [CV fold 4] train_end=2025-03-18 16:00 | val_start=2025-03-26 08:00 | gap=184h (22 rows)
    [trial 0] Sharpe=-0.0316 (folds: 0.2650, 0.0869, 0.1216, -0.3514, -0.2803)
    [trial 1] 48 features, training_days=290 | threshold=0.635 | labels: 1166 long, 1005 short (54/46%)
    [trial 1] Sharpe=0.0297 (folds: 0.2413, -0.0210, 0.0668, -0.1058, -0.0329)
    [trial 2] 48 features, training_days=10 | threshold=0.585 | labels: 1166 long, 1005 short (54/46%)
    [trial 2] Sharpe=-0.0475 (folds: 0.2328, -0.0650, -0.1622, 0.1182, -0.3613)
    [trial 3] 48 features, training_days=220 | threshold=0.687 | labels: 1166 long, 1005 short (54/46%)
    [trial 3] Sharpe=0.0385 (folds: 0.3023, 0.0630, 0.0774, -0.3756, 0.1254)
    [trial 4] 48 features, training_days=300 | threshold=0.562 | labels: 1166 long, 1005 short (54/46%)
    [trial 4] Sharpe=-0.0119 (folds: 0.2091, 0.0292, 0.0343, -0.1578, -0.1744)
    [trial 5] 48 features, training_days=490 | threshold=0.711 | labels: 1166 long, 1005 short (54/46%)
    [trial 5] Sharpe=0.0169 (folds: 0.1903, -0.0028, 0.0956, -0.2017, 0.0031)
    [trial 6] 48 features, training_days=420 | threshold=0.667 | labels: 1166 long, 1005 short (54/46%)
    [trial 6] Sharpe=0.0233 (folds: 0.3318, -0.0327, -0.0452, -0.0620, -0.0754)
    [trial 7] 48 features, training_days=120 | threshold=0.550 | labels: 1166 long, 1005 short (54/46%)
    [trial 7] Sharpe=-0.0240 (folds: 0.0692, 0.0341, 0.0608, -0.0962, -0.1879)
    [trial 8] 48 features, training_days=450 | threshold=0.720 | labels: 1166 long, 1005 short (54/46%)
    [trial 8] Sharpe=0.0138 (folds: 0.1954, 0.0606, 0.0190, -0.1818, -0.0239)
    [trial 9] 48 features, training_days=20 | threshold=0.727 | labels: 1166 long, 1005 short (54/46%)
    [trial 9] Sharpe=-6.0473 (folds: -10.0000, 0.0819, -10.0000, -0.3185, -10.0000)
    [trial 10] 48 features, training_days=200 | threshold=0.828 | labels: 1166 long, 1005 short (54/46%)
    [trial 10] Sharpe=-5.9138 (folds: -10.0000, 0.3502, 0.0809, -10.0000, -10.0000)
    [trial 11] 48 features, training_days=300 | threshold=0.644 | labels: 1166 long, 1005 short (54/46%)
    [trial 11] Sharpe=0.0780 (folds: 0.3784, 0.2057, 0.0654, 0.0192, -0.2785)
    [trial 12] 48 features, training_days=360 | threshold=0.781 | labels: 1166 long, 1005 short (54/46%)
    [trial 12] Sharpe=-10.0000 (folds: -10.0000, -10.0000, -10.0000, -10.0000, -10.0000)
    [trial 13] 48 features, training_days=210 | threshold=0.504 | labels: 1166 long, 1005 short (54/46%)
    [trial 13] Sharpe=0.0014 (folds: 0.1360, 0.0686, 0.0598, -0.1753, -0.0820)
    [trial 14] 48 features, training_days=210 | threshold=0.644 | labels: 1166 long, 1005 short (54/46%)
    [trial 14] Sharpe=0.0063 (folds: 0.1653, 0.0890, 0.0999, -0.3432, 0.0204)
    [trial 15] 48 features, training_days=310 | threshold=0.759 | labels: 1166 long, 1005 short (54/46%)
    [trial 15] Sharpe=-0.0578 (folds: 0.3543, -0.0384, 0.0370, -0.1738, -0.4679)
    [trial 16] 48 features, training_days=380 | threshold=0.639 | labels: 1166 long, 1005 short (54/46%)
    [trial 16] Sharpe=0.0068 (folds: 0.1919, 0.0579, 0.0659, -0.1703, -0.1113)
    [trial 17] 48 features, training_days=140 | threshold=0.679 | labels: 1166 long, 1005 short (54/46%)
    [trial 17] Sharpe=0.0489 (folds: 0.3715, 0.0715, -0.0052, -0.1922, -0.0010)
  Optuna: 18 trials, best Sharpe = 0.0780
  Best params: n_estimators=53, max_depth=4, lr=0.0223, leaves=52
  Best confidence_threshold: 0.644
  Best training_days: 300
  Retrained on full data (900 samples, 48 features)
  OOD: 16 features, cutoff (q=0.7) = 14.52
  Model trained for 2025-08: 93 test candles with features, confidence_threshold=0.720
[predict] 2025-08-08 00:00 ETHUSDT → SHORT (proba=0.77 TP=9.4%/SL=4.7%)
[trade:open] 2025-08-08 07:59 ETHUSDT SHORT @ 3914.88 | SL=4099.40 TP=3545.84 | timeout=2025-08-15 07:59
[trade:close] 2025-08-09 07:59 ETHUSDT SHORT → stop_loss @ 4099.40 | PnL=-4.71% (net -4.81%) | cum=-10.23% 2025-08=-4.81% 2025-08-09=-4.81%
[lgbm] === Training for 2025-09 ===
  Train window: 2023-09-01 → 2025-08-24
  2171 training samples from 1 symbols
  Samples per month: 2023-09: 90, 2023-10: 93, 2023-11: 90, 2023-12: 93, 2024-01: 93, 2024-02: 87, 2024-03: 93, 2024-04: 90, 2024-05: 93, 2024-06: 90, 2024-07: 93, 2024-08: 93, 2024-09: 90, 2024-10: 93, 2024-11: 90, 2024-12: 93, 2025-01: 93, 2025-02: 84, 2025-03: 93, 2025-04: 90, 2025-05: 93, 2025-06: 90, 2025-07: 93, 2025-08: 71
  [label] 2023-11-01 16:00 ETHUSDT entry=1848.2000 → LONG | long=sl(-3.95%) short=timeout(-2.28%) | scanned=22 | no_tp→fwd_return=+2.1762
  [label] 2023-11-04 00:00 ETHUSDT entry=1833.7700 → LONG | long=tp(+6.89%) short=sl(-3.59%) | scanned=16 | long_tp_only
  [label] 2023-11-07 16:00 ETHUSDT entry=1885.7900 → LONG | long=tp(+7.13%) short=sl(-3.72%) | scanned=5 | long_tp_only
  [label] 2023-12-02 08:00 ETHUSDT entry=2103.5900 → LONG | long=tp(+5.87%) short=sl(-3.08%) | scanned=5 | long_tp_only
  [label] 2024-01-24 00:00 ETHUSDT entry=2233.8300 → LONG | long=timeout(+4.64%) short=sl(-4.70%) | scanned=22 | no_tp→fwd_return=+4.7407
  [label] 2024-07-08 00:00 ETHUSDT entry=2925.8600 → LONG | long=tp(+11.00%) short=sl(-5.65%) | scanned=20 | long_tp_only
  [label] 2024-07-12 00:00 ETHUSDT entry=3070.6400 → LONG | long=tp(+9.73%) short=sl(-5.01%) | scanned=10 | long_tp_only
  [label] 2024-07-22 16:00 ETHUSDT entry=3438.0800 → SHORT | long=sl(-3.98%) short=tp(+7.67%) | scanned=7 | short_tp_only
  [label] 2024-09-05 16:00 ETHUSDT entry=2367.3700 → SHORT | long=sl(-5.34%) short=timeout(+0.18%) | scanned=22 | no_tp→fwd_return=-0.2779
  [label] 2024-09-14 08:00 ETHUSDT entry=2417.3700 → LONG | long=sl(-4.11%) short=sl(-4.11%) | scanned=17 | no_tp→fwd_return=+5.8849
  [label] 2024-12-13 16:00 ETHUSDT entry=3905.6000 → SHORT | long=sl(-5.71%) short=tp(+11.12%) | scanned=18 | short_tp_only
  [label] 2025-01-14 16:00 ETHUSDT entry=3223.9900 → LONG | long=timeout(+3.09%) short=sl(-5.78%) | scanned=22 | no_tp→fwd_return=+3.1864[I 2026-06-01 15:50:50,122] A new study created in memory with name: no-name-87d94da8-2af5-46ef-8501-19e5be96f9a2
[I 2026-06-01 15:50:50,482] Trial 0 finished with value: 0.025323584259377408 and parameters: {'confidence_threshold': 0.6310890415965769, 'training_days': 480, 'n_estimators': 380, 'max_depth': 4, 'num_leaves': 22, 'learning_rate': 0.01699897838270077, 'subsample': 0.5290418060840998, 'colsample_bytree': 0.9330880728874675, 'min_child_samples': 68, 'reg_alpha': 0.023585940584142682, 'reg_lambda': 1.5320059381854043e-08}. Best is trial 0 with value: 0.025323584259377408.
[I 2026-06-01 15:50:50,608] Trial 1 finished with value: -4.186495720828847 and parameters: {'confidence_threshold': 0.839468448256698, 'training_days': 420, 'n_estimators': 145, 'max_depth': 3, 'num_leaves': 23, 'learning_rate': 0.028145092716060652, 'subsample': 0.762378215816119, 'colsample_bytree': 0.7159725093210578, 'min_child_samples': 43, 'reg_alpha': 0.0032112643094417484, 'reg_lambda': 1.8007140198129195e-07}. Best is trial 0 with value: 0.025323584259377408.
[I 2026-06-01 15:50:50,755] Trial 2 finished with value: -0.02317184349743784 and parameters: {'confidence_threshold': 0.6022506269873263, 'training_days': 190, 'n_estimators': 255, 'max_depth': 5, 'num_leaves': 24, 'learning_rate': 0.05748924681991978, 'subsample': 0.7962072844310213, 'colsample_bytree': 0.5232252063599989, 'min_child_samples': 69, 'reg_alpha': 3.425445902633376e-07, 'reg_lambda': 3.850031979199519e-08}. Best is trial 0 with value: 0.025323584259377408.
[I 2026-06-01 15:50:51,038] Trial 3 finished with value: -0.03074987535117215 and parameters: {'confidence_threshold': 0.8321099380386666, 'training_days': 490, 'n_estimators': 414, 'max_depth': 3, 'num_leaves': 19, 'learning_rate': 0.1024932221692416, 'subsample': 0.7200762468698007, 'colsample_bytree': 0.5610191174223894, 'min_child_samples': 60, 'reg_alpha': 2.039373116525212e-08, 'reg_lambda': 1.527156759251193}. Best is trial 0 with value: 0.025323584259377408.
[I 2026-06-01 15:50:51,208] Trial 4 finished with value: -0.007092492694005845 and parameters: {'confidence_threshold': 0.5905729935600059, 'training_days': 340, 'n_estimators': 190, 'max_depth': 4, 'num_leaves': 41, 'learning_rate': 0.01875220945578641, 'subsample': 0.9847923138822793, 'colsample_bytree': 0.8875664116805573, 'min_child_samples': 96, 'reg_alpha': 1.1309571585271483, 'reg_lambda': 0.002404915432737351}. Best is trial 0 with value: 0.025323584259377408.
[I 2026-06-01 15:50:51,250] Trial 5 finished with value: -0.13177651731688847 and parameters: {'confidence_threshold': 0.8226559822580909, 'training_days': 50, 'n_estimators': 138, 'max_depth': 3, 'num_leaves': 30, 'learning_rate': 0.03750796359625606, 'subsample': 0.6356745158869479, 'colsample_bytree': 0.9143687545759647, 'min_child_samples': 48, 'reg_alpha': 3.376063348877853e-06, 'reg_lambda': 0.0007660634613082914}. Best is trial 0 with value: 0.025323584259377408.
[I 2026-06-01 15:50:51,384] Trial 6 finished with value: -0.018534515033348197 and parameters: {'confidence_threshold': 0.5493234787411669, 'training_days': 410, 'n_estimators': 83, 'max_depth': 5, 'num_leaves': 52, 'learning_rate': 0.019657448966046126, 'subsample': 0.5027610585618012, 'colsample_bytree': 0.9077307142274171, 'min_child_samples': 77, 'reg_alpha': 0.03639690979811287, 'reg_lambda': 0.08738424135626986}. Best is trial 0 with value: 0.025323584259377408.
[I 2026-06-01 15:50:51,483] Trial 7 finished with value: -0.05246843007987291 and parameters: {'confidence_threshold': 0.5259156281069316, 'training_days': 180, 'n_estimators': 102, 'max_depth': 5, 'num_leaves': 45, 'learning_rate': 0.030816017044468066, 'subsample': 0.5317791751430119, 'colsample_bytree': 0.6554911608578311, 'min_child_samples': 46, 'reg_alpha': 0.036851536911881845, 'reg_lambda': 0.005470376807480391}. Best is trial 0 with value: 0.025323584259377408.
[I 2026-06-01 15:50:51,603] Trial 8 finished with value: -0.02228529861265685 and parameters: {'confidence_threshold': 0.8105244599017143, 'training_days': 240, 'n_estimators': 103, 'max_depth': 5, 'num_leaves': 52, 'learning_rate': 0.06746437142284309, 'subsample': 0.8854835899772805, 'colsample_bytree': 0.7468977981821954, 'min_child_samples': 62, 'reg_alpha': 7.04480806377519e-05, 'reg_lambda': 1.6934490731313353e-08}. Best is trial 0 with value: 0.025323584259377408.
[I 2026-06-01 15:50:51,627] Trial 9 finished with value: -1.8635424105024938 and parameters: {'confidence_threshold': 0.5377619994476566, 'training_days': 20, 'n_estimators': 337, 'max_depth': 3, 'num_leaves': 39, 'learning_rate': 0.21907142272152816, 'subsample': 0.6246461145744375, 'colsample_bytree': 0.7051914615178149, 'min_child_samples': 81, 'reg_alpha': 1.1459970229341322e-06, 'reg_lambda': 4.929685216887945e-08}. Best is trial 0 with value: 0.025323584259377408.
[I 2026-06-01 15:50:52,234] Trial 10 finished with value: -0.00924190227549313 and parameters: {'confidence_threshold': 0.6938635787372303, 'training_days': 350, 'n_estimators': 487, 'max_depth': 4, 'num_leaves': 15, 'learning_rate': 0.011407797829608154, 'subsample': 0.6277217293825994, 'colsample_bytree': 0.9880699499289975, 'min_child_samples': 27, 'reg_alpha': 8.536188349289, 'reg_lambda': 3.3639426888455256e-06}. Best is trial 0 with value: 0.025323584259377408.
[I 2026-06-01 15:50:52,428] Trial 11 finished with value: 0.005660735004598877 and parameters: {'confidence_threshold': 0.6539822215848989, 'training_days': 320, 'n_estimators': 245, 'max_depth': 4, 'num_leaves': 33, 'learning_rate': 0.010345547951401532, 'subsample': 0.9990666719410425, 'colsample_bytree': 0.8450967273762119, 'min_child_samples': 97, 'reg_alpha': 3.662834835098572, 'reg_lambda': 1.2919440532274802e-05}. Best is trial 0 with value: 0.025323584259377408.
[I 2026-06-01 15:50:52,718] Trial 12 finished with value: 0.005413213535267908 and parameters: {'confidence_threshold': 0.6796798374894873, 'training_days': 470, 'n_estimators': 321, 'max_depth': 4, 'num_leaves': 31, 'learning_rate': 0.010342884934290602, 'subsample': 0.9914455230651676, 'colsample_bytree': 0.8304278626461432, 'min_child_samples': 100, 'reg_alpha': 0.2850063677801865, 'reg_lambda': 7.763932891094921e-06}. Best is trial 0 with value: 0.025323584259377408.
[I 2026-06-01 15:50:52,925] Trial 13 finished with value: 0.007803408527544834 and parameters: {'confidence_threshold': 0.7321922500141939, 'training_days': 320, 'n_estimators': 249, 'max_depth': 4, 'num_leaves': 62, 'learning_rate': 0.01603405587855917, 'subsample': 0.880885146896714, 'colsample_bytree': 0.8155421717694826, 'min_child_samples': 85, 'reg_alpha': 0.0010695159048720376, 'reg_lambda': 2.915487126448182e-05}. Best is trial 0 with value: 0.025323584259377408.
[I 2026-06-01 15:50:53,085] Trial 14 finished with value: -0.047719535965481265 and parameters: {'confidence_threshold': 0.7467244789105287, 'training_days': 130, 'n_estimators': 384, 'max_depth': 4, 'num_leaves': 60, 'learning_rate': 0.01900920813392702, 'subsample': 0.8657858641508827, 'colsample_bytree': 0.9897127958863723, 'min_child_samples': 84, 'reg_alpha': 0.000482268546057502, 'reg_lambda': 8.502330272028042e-07}. Best is trial 0 with value: 0.025323584259377408.
[I 2026-06-01 15:50:53,454] Trial 15 finished with value: -0.013656769066464746 and parameters: {'confidence_threshold': 0.7393830662443354, 'training_days': 300, 'n_estimators': 484, 'max_depth': 4, 'num_leaves': 61, 'learning_rate': 0.11227955074757971, 'subsample': 0.8634823758940223, 'colsample_bytree': 0.8100744538922787, 'min_child_samples': 72, 'reg_alpha': 8.430542834627463e-05, 'reg_lambda': 7.482879404932238e-05}. Best is trial 0 with value: 0.025323584259377408.
[I 2026-06-01 15:50:53,723] Trial 16 finished with value: -0.02054130604757608 and parameters: {'confidence_threshold': 0.7577588340890085, 'training_days': 410, 'n_estimators': 316, 'max_depth': 4, 'num_leaves': 54, 'learning_rate': 0.01593413609478061, 'subsample': 0.6889198752681065, 'colsample_bytree': 0.7878054343978792, 'min_child_samples': 86, 'reg_alpha': 0.007342704590204584, 'reg_lambda': 0.00010835220839281015}. Best is trial 0 with value: 0.025323584259377408.
[I 2026-06-01 15:50:53,982] Trial 17 finished with value: -0.011384142878073053 and parameters: {'confidence_threshold': 0.6269312636992631, 'training_days': 270, 'n_estimators': 417, 'max_depth': 3, 'num_leaves': 47, 'learning_rate': 0.04043366916906063, 'subsample': 0.9082676340052684, 'colsample_bytree': 0.929206606205561, 'min_child_samples': 89, 'reg_alpha': 0.0005961727498011812, 'reg_lambda': 0.04283552987393647}. Best is trial 0 with value: 0.025323584259377408.
[I 2026-06-01 15:50:54,555] A new study created in memory with name: no-name-3d9aed0f-b794-4512-83e1-53d4eb88c55f
[I 2026-06-01 15:50:54,646] Trial 0 finished with value: 0.0077722676740880434 and parameters: {'confidence_threshold': 0.7437642149592516, 'training_days': 150, 'n_estimators': 152, 'max_depth': 4, 'num_leaves': 50, 'learning_rate': 0.04216766425047743, 'subsample': 0.9903820991923078, 'colsample_bytree': 0.8424148692924316, 'min_child_samples': 58, 'reg_alpha': 3.381097259762742e-05, 'reg_lambda': 1.2263152961306247e-05}. Best is trial 0 with value: 0.0077722676740880434.
[I 2026-06-01 15:50:54,711] Trial 1 finished with value: -3.86596127589603 and parameters: {'confidence_threshold': 0.7551673975844145, 'training_days': 220, 'n_estimators': 76, 'max_depth': 4, 'num_leaves': 51, 'learning_rate': 0.018602118810743477, 'subsample': 0.5877258780737462, 'colsample_bytree': 0.7657756869209191, 'min_child_samples': 63, 'reg_alpha': 0.005123994170264194, 'reg_lambda': 0.44145470178120466}. Best is trial 0 with value: 0.0077722676740880434.
[I 2026-06-01 15:50:54,950] Trial 2 finished with value: -0.0419595159728667 and parameters: {'confidence_threshold': 0.7535593637012223, 'training_days': 310, 'n_estimators': 375, 'max_depth': 3, 'num_leaves': 32, 'learning_rate': 0.021735641882032388, 'subsample': 0.6468570231944146, 'colsample_bytree': 0.8154880619272439, 'min_child_samples': 27, 'reg_alpha': 8.004064028491336e-05, 'reg_lambda': 7.546835261630524e-05}. Best is trial 0 with value: 0.0077722676740880434.
[I 2026-06-01 15:50:55,137] Trial 3 finished with value: -0.04264883673296778 and parameters: {'confidence_threshold': 0.6727897841776072, 'training_days': 220, 'n_estimators': 190, 'max_depth': 4, 'num_leaves': 58, 'learning_rate': 0.24810689332636193, 'subsample': 0.7509183379421682, 'colsample_bytree': 0.8119764758960556, 'min_child_samples': 29, 'reg_alpha': 7.1708285081421445e-06, 'reg_lambda': 5.412973582738627e-05}. Best is trial 0 with value: 0.0077722676740880434.
[I 2026-06-01 15:50:55,257] Trial 4 finished with value: -0.07759097384972323 and parameters: {'confidence_threshold': 0.803208205259178, 'training_days': 130, 'n_estimators': 267, 'max_depth': 5, 'num_leaves': 40, 'learning_rate': 0.08041175317374143, 'subsample': 0.5603143329951619, 'colsample_bytree': 0.9131704002534167, 'min_child_samples': 68, 'reg_alpha': 0.0008046593428183385, 'reg_lambda': 1.2158346158765583e-05}. Best is trial 0 with value: 0.0077722676740880434.
[I 2026-06-01 15:50:55,507] Trial 5 finished with value: 0.002061601101493583 and parameters: {'confidence_threshold': 0.6064422761595144, 'training_days': 210, 'n_estimators': 357, 'max_depth': 5, 'num_leaves': 40, 'learning_rate': 0.0974221287220869, 'subsample': 0.7929682762811064, 'colsample_bytree': 0.8124517510478, 'min_child_samples': 74, 'reg_alpha': 0.3811377260781234, 'reg_lambda': 5.607314238392041e-08}. Best is trial 0 with value: 0.0077722676740880434.
[I 2026-06-01 15:50:55,625] Trial 6 finished with value: -0.04590542063064898 and parameters: {'confidence_threshold': 0.7672889945051684, 'training_days': 130, 'n_estimators': 137, 'max_depth': 4, 'num_leaves': 19, 'learning_rate': 0.2031117614248665, 'subsample': 0.8136244860256343, 'colsample_bytree': 0.8617081790949774, 'min_child_samples': 21, 'reg_alpha': 0.002238138278733199, 'reg_lambda': 0.001025809534977322}. Best is trial 0 with value: 0.0077722676740880434.
[I 2026-06-01 15:50:55,691] Trial 7 finished with value: -0.11591758990377019 and parameters: {'confidence_threshold': 0.555635875450653, 'training_days': 80, 'n_estimators': 363, 'max_depth': 3, 'num_leaves': 48, 'learning_rate': 0.06590089024008658, 'subsample': 0.6944752870615722, 'colsample_bytree': 0.962566244806993, 'min_child_samples': 88, 'reg_alpha': 1.6465620446426067e-05, 'reg_lambda': 2.4678750890085655e-08}. Best is trial 0 with value: 0.0077722676740880434.
