[I 2026-06-01 15:46:16,836] Trial 17 finished with value: -0.1060600048085915 and parameters: {'confidence_threshold': 0.5032306008234736, 'training_days': 70, 'n_estimators': 253, 'max_depth': 3, 'num_leaves': 41, 'learning_rate': 0.013231853350518621, 'subsample': 0.6899430541324337, 'colsample_bytree': 0.9251443147544832, 'min_child_samples': 92, 'reg_alpha': 3.932910488483643e-06, 'reg_lambda': 0.030849399820144043}. Best is trial 3 with value: 0.016892650567493034.

    [CV fold 0] train_end=2021-10-22 08:00 | val_start=2021-10-30 00:00 | gap=184h (22 rows)
    [CV fold 1] train_end=2022-02-19 16:00 | val_start=2022-02-27 08:00 | gap=184h (22 rows)
    [CV fold 2] train_end=2022-06-20 00:00 | val_start=2022-06-27 16:00 | gap=184h (22 rows)
    [CV fold 3] train_end=2022-10-18 08:00 | val_start=2022-10-26 00:00 | gap=184h (22 rows)
    [CV fold 4] train_end=2023-02-15 16:00 | val_start=2023-02-23 08:00 | gap=184h (22 rows)
    [trial 0] Sharpe=-0.0687 (folds: -0.1053, -0.0186, -0.0187, -0.2445, 0.0438)
    [trial 1] 48 features, training_days=290 | threshold=0.635 | labels: 1078 long, 1090 short (50/50%)
    [trial 1] Sharpe=-0.0676 (folds: -0.0394, -0.0241, 0.1211, -0.2604, -0.1350)
    [trial 2] 48 features, training_days=10 | threshold=0.585 | labels: 1078 long, 1090 short (50/50%)
    [trial 2] Sharpe=-0.0188 (folds: -0.1947, 0.2578, -0.0546, -0.1380, 0.0356)
    [trial 3] 48 features, training_days=220 | threshold=0.687 | labels: 1078 long, 1090 short (50/50%)
    [trial 3] Sharpe=0.0169 (folds: 0.1532, 0.1109, 0.1146, -0.1044, -0.1899)
    [trial 4] 48 features, training_days=300 | threshold=0.562 | labels: 1078 long, 1090 short (50/50%)
    [trial 4] Sharpe=-0.0505 (folds: 0.0022, -0.0882, 0.0634, -0.1276, -0.1026)
    [trial 5] 48 features, training_days=490 | threshold=0.711 | labels: 1078 long, 1090 short (50/50%)
    [trial 5] Sharpe=-0.0417 (folds: -0.0100, 0.0132, 0.0780, -0.2180, -0.0717)
    [trial 6] 48 features, training_days=420 | threshold=0.667 | labels: 1078 long, 1090 short (50/50%)
    [trial 6] Sharpe=-0.0816 (folds: -0.0560, -0.0495, 0.1330, -0.2348, -0.2008)
    [trial 7] 48 features, training_days=120 | threshold=0.550 | labels: 1078 long, 1090 short (50/50%)
    [trial 7] Sharpe=-0.0798 (folds: -0.0546, 0.1095, -0.0718, -0.2296, -0.1527)
    [trial 8] 48 features, training_days=450 | threshold=0.720 | labels: 1078 long, 1090 short (50/50%)
    [trial 8] Sharpe=-0.0481 (folds: 0.0204, -0.0256, 0.0543, -0.1589, -0.1306)
    [trial 9] 48 features, training_days=20 | threshold=0.727 | labels: 1078 long, 1090 short (50/50%)
    [trial 9] Sharpe=-4.0150 (folds: -0.1947, 0.2578, -10.0000, -0.1380, -10.0000)
    [trial 10] 48 features, training_days=200 | threshold=0.828 | labels: 1078 long, 1090 short (50/50%)
    [trial 10] Sharpe=-10.0000 (folds: -10.0000, -10.0000, -10.0000, -10.0000, -10.0000)
    [trial 11] 48 features, training_days=10 | threshold=0.620 | labels: 1078 long, 1090 short (50/50%)
    [trial 11] Sharpe=-0.0188 (folds: -0.1947, 0.2578, -0.0546, -0.1380, 0.0356)
    [trial 12] 48 features, training_days=200 | threshold=0.515 | labels: 1078 long, 1090 short (50/50%)
    [trial 12] Sharpe=-0.0226 (folds: -0.0191, 0.1129, 0.0966, -0.3003, -0.0034)
    [trial 13] 48 features, training_days=350 | threshold=0.805 | labels: 1078 long, 1090 short (50/50%)
    [trial 13] Sharpe=-0.0260 (folds: 0.0625, 0.0092, 0.0974, -0.2410, -0.0580)
    [trial 14] 48 features, training_days=130 | threshold=0.772 | labels: 1078 long, 1090 short (50/50%)
    [trial 14] Sharpe=-0.0516 (folds: 0.0031, 0.1256, -0.0339, -0.2617, -0.0912)
    [trial 15] 48 features, training_days=210 | threshold=0.667 | labels: 1078 long, 1090 short (50/50%)
    [trial 15] Sharpe=-0.0525 (folds: 0.0307, 0.1742, 0.1279, -0.4992, -0.0961)
    [trial 16] 48 features, training_days=350 | threshold=0.619 | labels: 1078 long, 1090 short (50/50%)
    [trial 16] Sharpe=-0.0611 (folds: -0.0164, 0.0370, 0.0713, -0.2295, -0.1678)
    [trial 17] 48 features, training_days=70 | threshold=0.503 | labels: 1078 long, 1090 short (50/50%)
    [trial 17] Sharpe=-0.1061 (folds: -0.1184, -0.0063, -0.0832, -0.2752, -0.0472)
  Optuna: 18 trials, best Sharpe = 0.0169
  Best params: n_estimators=134, max_depth=3, lr=0.0335, leaves=45
  Best confidence_threshold: 0.687
  Best training_days: 220
  Retrained on full data (660 samples, 48 features)
  OOD: 16 features, cutoff (q=0.7) = 14.51
  Model trained for 2023-07: 93 test candles with features, confidence_threshold=0.727
[predict] 2023-07-01 00:00 ETHUSDT → SHORT (proba=0.83 TP=8.8%/SL=4.4%)
[trade:open] 2023-07-01 07:59 ETHUSDT SHORT @ 1919.80 | SL=2004.14 TP=1751.11 | timeout=2023-07-08 07:59
[trade:close] 2023-07-08 08:00 ETHUSDT SHORT → timeout @ 1860.66 | PnL=+3.08% (net +2.98%) | cum=+2.60% 2023-07=+2.98% 2023-07-08=+2.98%
[predict] 2023-07-10 00:00 ETHUSDT → SHORT (proba=0.77 TP=5.3%/SL=2.6%)
[trade:open] 2023-07-10 07:59 ETHUSDT SHORT @ 1855.42 | SL=1904.36 TP=1757.53 | timeout=2023-07-17 07:59
[trade:close] 2023-07-10 23:59 ETHUSDT SHORT → stop_loss @ 1904.36 | PnL=-2.64% (net -2.74%) | cum=-0.13% 2023-07=+0.24% 2023-07-10=-2.74%
[predict] 2023-07-12 16:00 ETHUSDT → SHORT (proba=0.75 TP=4.8%/SL=2.4%)
[trade:open] 2023-07-12 23:59 ETHUSDT SHORT @ 1870.81 | SL=1916.04 TP=1780.35 | timeout=2023-07-19 23:59
[trade:close] 2023-07-13 15:59 ETHUSDT SHORT → stop_loss @ 1916.04 | PnL=-2.42% (net -2.52%) | cum=-2.65% 2023-07=-2.28% 2023-07-13=-2.52%
[predict] 2023-07-15 00:00 ETHUSDT → SHORT (proba=0.86 TP=6.9%/SL=3.5%)
[trade:open] 2023-07-15 07:59 ETHUSDT SHORT @ 1940.77 | SL=2008.04 TP=1806.23 | timeout=2023-07-22 07:59
[trade:close] 2023-07-22 08:00 ETHUSDT SHORT → timeout @ 1890.80 | PnL=+2.57% (net +2.47%) | cum=-0.18% 2023-07=+0.20% 2023-07-22=+2.47%
[predict] 2023-07-23 00:00 ETHUSDT → SHORT (proba=0.77 TP=5.1%/SL=2.5%)
[trade:open] 2023-07-23 07:59 ETHUSDT SHORT @ 1874.32 | SL=1921.77 TP=1779.42 | timeout=2023-07-30 07:59
[trade:close] 2023-07-30 08:00 ETHUSDT SHORT → timeout @ 1874.17 | PnL=+0.01% (net -0.09%) | cum=-0.27% 2023-07=+0.11% 2023-07-30=-0.09%
[predict] 2023-07-31 08:00 ETHUSDT → SHORT (proba=0.74 TP=3.4%/SL=1.7%)
[trade:open] 2023-07-31 15:59 ETHUSDT SHORT @ 1856.35 | SL=1887.95 TP=1793.16 | timeout=2023-08-07 15:59
[lgbm] === Training for 2023-08 ===
  Train window: 2021-08-01 → 2023-07-24
  2168 training samples from 1 symbols
  Samples per month: 2021-08: 93, 2021-09: 90, 2021-10: 93, 2021-11: 90, 2021-12: 93, 2022-01: 93, 2022-02: 84, 2022-03: 93, 2022-04: 90, 2022-05: 93, 2022-06: 90, 2022-07: 93, 2022-08: 93, 2022-09: 90, 2022-10: 93, 2022-11: 90, 2022-12: 93, 2023-01: 93, 2023-02: 84, 2023-03: 93, 2023-04: 90, 2023-05: 93, 2023-06: 90, 2023-07: 71
  [label] 2021-10-01 16:00 ETHUSDT entry=3308.5800 → LONG | long=timeout(+7.61%) short=sl(-7.33%) | scanned=22 | no_tp→fwd_return=+7.7142
  [label] 2021-10-03 16:00 ETHUSDT entry=3418.2500 → SHORT | long=timeout(-0.19%) short=sl(-6.28%) | scanned=22 | no_tp→fwd_return=-0.0948
  [label] 2021-10-07 16:00 ETHUSDT entry=3589.8500 → LONG | long=timeout(+5.59%) short=sl(-6.30%) | scanned=22 | no_tp→fwd_return=+5.6922
  [label] 2021-11-01 08:00 ETHUSDT entry=4353.3500 → LONG | long=timeout(+9.40%) short=sl(-5.66%) | scanned=22 | no_tp→fwd_return=+9.5019
  [label] 2021-12-23 16:00 ETHUSDT entry=4111.3000 → SHORT | long=sl(-5.64%) short=tp(+10.99%) | scanned=18 | short_tp_only
  [label] 2022-06-07 16:00 ETHUSDT entry=1812.6100 → SHORT | long=sl(-6.74%) short=tp(+13.18%) | scanned=11 | short_tp_only
  [label] 2022-06-11 16:00 ETHUSDT entry=1532.1900 → SHORT | long=sl(-8.26%) short=tp(+16.21%) | scanned=4 | short_tp_only
  [label] 2022-06-22 08:00 ETHUSDT entry=1074.5100 → LONG | long=timeout(+3.55%) short=sl(-13.39%) | scanned=22 | no_tp→fwd_return=+3.6500
  [label] 2022-08-06 08:00 ETHUSDT entry=1715.1000 → LONG | long=tp(+12.15%) short=sl(-6.22%) | scanned=15 | long_tp_only
  [label] 2022-08-14 16:00 ETHUSDT entry=1934.5500 → SHORT | long=sl(-5.71%) short=tp(+11.13%) | scanned=13 | short_tp_only
  [label] 2022-11-13 00:00 ETHUSDT entry=1250.3800 → SHORT | long=timeout(-2.56%) short=timeout(+2.36%) | scanned=22 | no_tp→fwd_return=-2.4561
  [label] 2022-12-15 00:00 ETHUSDT entry=1287.0900 → SHORT | long=sl(-4.19%) short=tp(+8.08%) | scanned=5 | short_tp_only
  [label] 2022-12-31 00:00 ETHUSDT entry=1196.9700 → LONG | long=tp(+5.16%) short=sl(-2.73%) | scanned=13 | long_tp_only
  [label] 2023-01-12 16:00 ETHUSDT entry=1415.8400 → LONG | long=tp(+7.51%) short=sl(-3.90%) | scanned=4 | long_tp_only
  [label] 2023-01-31 08:00 ETHUSDT entry=1588.4900 → LONG | long=timeout(+2.54%) short=sl(-4.86%) | scanned=22 | no_tp→fwd_return=+2.6402[I 2026-06-01 15:46:17,332] A new study created in memory with name: no-name-6b99c6e2-f08f-48b5-bdb6-6ab6cc745d68
[I 2026-06-01 15:46:17,675] Trial 0 finished with value: -0.0419864244480415 and parameters: {'confidence_threshold': 0.6310890415965769, 'training_days': 480, 'n_estimators': 380, 'max_depth': 4, 'num_leaves': 22, 'learning_rate': 0.01699897838270077, 'subsample': 0.5290418060840998, 'colsample_bytree': 0.9330880728874675, 'min_child_samples': 68, 'reg_alpha': 0.023585940584142682, 'reg_lambda': 1.5320059381854043e-08}. Best is trial 0 with value: -0.0419864244480415.
[I 2026-06-01 15:46:17,808] Trial 1 finished with value: -1.9830279951518857 and parameters: {'confidence_threshold': 0.839468448256698, 'training_days': 420, 'n_estimators': 145, 'max_depth': 3, 'num_leaves': 23, 'learning_rate': 0.028145092716060652, 'subsample': 0.762378215816119, 'colsample_bytree': 0.7159725093210578, 'min_child_samples': 43, 'reg_alpha': 0.0032112643094417484, 'reg_lambda': 1.8007140198129195e-07}. Best is trial 0 with value: -0.0419864244480415.
[I 2026-06-01 15:46:17,971] Trial 2 finished with value: -0.05515899879140664 and parameters: {'confidence_threshold': 0.6022506269873263, 'training_days': 190, 'n_estimators': 255, 'max_depth': 5, 'num_leaves': 24, 'learning_rate': 0.05748924681991978, 'subsample': 0.7962072844310213, 'colsample_bytree': 0.5232252063599989, 'min_child_samples': 69, 'reg_alpha': 3.425445902633376e-07, 'reg_lambda': 3.850031979199519e-08}. Best is trial 0 with value: -0.0419864244480415.
[I 2026-06-01 15:46:18,247] Trial 3 finished with value: -0.025129354315224606 and parameters: {'confidence_threshold': 0.8321099380386666, 'training_days': 490, 'n_estimators': 414, 'max_depth': 3, 'num_leaves': 19, 'learning_rate': 0.1024932221692416, 'subsample': 0.7200762468698007, 'colsample_bytree': 0.5610191174223894, 'min_child_samples': 60, 'reg_alpha': 2.039373116525212e-08, 'reg_lambda': 1.527156759251193}. Best is trial 3 with value: -0.025129354315224606.
[I 2026-06-01 15:46:18,413] Trial 4 finished with value: -0.029797015181639675 and parameters: {'confidence_threshold': 0.5905729935600059, 'training_days': 340, 'n_estimators': 190, 'max_depth': 4, 'num_leaves': 41, 'learning_rate': 0.01875220945578641, 'subsample': 0.9847923138822793, 'colsample_bytree': 0.8875664116805573, 'min_child_samples': 96, 'reg_alpha': 1.1309571585271483, 'reg_lambda': 0.002404915432737351}. Best is trial 3 with value: -0.025129354315224606.
[I 2026-06-01 15:46:18,453] Trial 5 finished with value: -2.0578599469944363 and parameters: {'confidence_threshold': 0.8226559822580909, 'training_days': 50, 'n_estimators': 138, 'max_depth': 3, 'num_leaves': 30, 'learning_rate': 0.03750796359625606, 'subsample': 0.6356745158869479, 'colsample_bytree': 0.9143687545759647, 'min_child_samples': 48, 'reg_alpha': 3.376063348877853e-06, 'reg_lambda': 0.0007660634613082914}. Best is trial 3 with value: -0.025129354315224606.
[I 2026-06-01 15:46:18,565] Trial 6 finished with value: -0.039692381224790366 and parameters: {'confidence_threshold': 0.5493234787411669, 'training_days': 410, 'n_estimators': 83, 'max_depth': 5, 'num_leaves': 52, 'learning_rate': 0.019657448966046126, 'subsample': 0.5027610585618012, 'colsample_bytree': 0.9077307142274171, 'min_child_samples': 77, 'reg_alpha': 0.03639690979811287, 'reg_lambda': 0.08738424135626986}. Best is trial 3 with value: -0.025129354315224606.
[I 2026-06-01 15:46:18,665] Trial 7 finished with value: -0.048293906941408636 and parameters: {'confidence_threshold': 0.5259156281069316, 'training_days': 180, 'n_estimators': 102, 'max_depth': 5, 'num_leaves': 45, 'learning_rate': 0.030816017044468066, 'subsample': 0.5317791751430119, 'colsample_bytree': 0.6554911608578311, 'min_child_samples': 46, 'reg_alpha': 0.036851536911881845, 'reg_lambda': 0.005470376807480391}. Best is trial 3 with value: -0.025129354315224606.
[I 2026-06-01 15:46:18,768] Trial 8 finished with value: -0.11055691318882 and parameters: {'confidence_threshold': 0.8105244599017143, 'training_days': 240, 'n_estimators': 103, 'max_depth': 5, 'num_leaves': 52, 'learning_rate': 0.06746437142284309, 'subsample': 0.8854835899772805, 'colsample_bytree': 0.7468977981821954, 'min_child_samples': 62, 'reg_alpha': 7.04480806377519e-05, 'reg_lambda': 1.6934490731313353e-08}. Best is trial 3 with value: -0.025129354315224606.
[I 2026-06-01 15:46:18,796] Trial 9 finished with value: -0.01717340548252668 and parameters: {'confidence_threshold': 0.5377619994476566, 'training_days': 20, 'n_estimators': 337, 'max_depth': 3, 'num_leaves': 39, 'learning_rate': 0.21907142272152816, 'subsample': 0.6246461145744375, 'colsample_bytree': 0.7051914615178149, 'min_child_samples': 81, 'reg_alpha': 1.1459970229341322e-06, 'reg_lambda': 4.929685216887945e-08}. Best is trial 9 with value: -0.01717340548252668.
[I 2026-06-01 15:46:18,831] Trial 10 finished with value: -5.955399612648343 and parameters: {'confidence_threshold': 0.7449289185605341, 'training_days': 10, 'n_estimators': 487, 'max_depth': 3, 'num_leaves': 61, 'learning_rate': 0.21914469472126635, 'subsample': 0.628963476300746, 'colsample_bytree': 0.8189858776055304, 'min_child_samples': 27, 'reg_alpha': 2.8948477959263623e-05, 'reg_lambda': 3.3639426888455256e-06}. Best is trial 9 with value: -0.01717340548252668.
[I 2026-06-01 15:46:18,937] Trial 11 finished with value: -0.05925323212766935 and parameters: {'confidence_threshold': 0.7131090560543465, 'training_days': 100, 'n_estimators': 402, 'max_depth': 4, 'num_leaves': 34, 'learning_rate': 0.18963242937653546, 'subsample': 0.667263233140043, 'colsample_bytree': 0.5659808164583418, 'min_child_samples': 85, 'reg_alpha': 2.6854712383446556e-08, 'reg_lambda': 9.74477562314831}. Best is trial 9 with value: -0.01717340548252668.
[I 2026-06-01 15:46:19,135] Trial 12 finished with value: -0.027762470700489927 and parameters: {'confidence_threshold': 0.6640468266107448, 'training_days': 320, 'n_estimators': 349, 'max_depth': 3, 'num_leaves': 15, 'learning_rate': 0.11263608439461861, 'subsample': 0.7105018827142541, 'colsample_bytree': 0.6253368206392822, 'min_child_samples': 100, 'reg_alpha': 1.1278679165176199e-08, 'reg_lambda': 4.931237356704141e-06}. Best is trial 9 with value: -0.01717340548252668.
[I 2026-06-01 15:46:19,275] Trial 13 finished with value: -0.1504062129042592 and parameters: {'confidence_threshold': 0.7560688345775685, 'training_days': 130, 'n_estimators': 311, 'max_depth': 3, 'num_leaves': 34, 'learning_rate': 0.29334696803744015, 'subsample': 0.8487074083337192, 'colsample_bytree': 0.6429519565855484, 'min_child_samples': 81, 'reg_alpha': 5.32834008417404e-07, 'reg_lambda': 6.4252658050441624}. Best is trial 9 with value: -0.01717340548252668.
[I 2026-06-01 15:46:19,598] Trial 14 finished with value: -0.05290850633643529 and parameters: {'confidence_threshold': 0.6993865793821226, 'training_days': 500, 'n_estimators': 457, 'max_depth': 3, 'num_leaves': 15, 'learning_rate': 0.11965769825690181, 'subsample': 0.5936601268695657, 'colsample_bytree': 0.8091894831673617, 'min_child_samples': 56, 'reg_alpha': 2.476242452498029e-07, 'reg_lambda': 4.4389057327136946e-05}. Best is trial 9 with value: -0.01717340548252668.
[I 2026-06-01 15:46:19,829] Trial 15 finished with value: -0.06914031858842437 and parameters: {'confidence_threshold': 0.5073197482691914, 'training_days': 290, 'n_estimators': 251, 'max_depth': 4, 'num_leaves': 61, 'learning_rate': 0.11024183074392371, 'subsample': 0.708112781199396, 'colsample_bytree': 0.5065896071904618, 'min_child_samples': 33, 'reg_alpha': 5.5477873895597596e-06, 'reg_lambda': 0.10351163679178875}. Best is trial 9 with value: -0.01717340548252668.
[I 2026-06-01 15:46:20,091] Trial 16 finished with value: -0.03272959615377493 and parameters: {'confidence_threshold': 0.7819378015753823, 'training_days': 380, 'n_estimators': 437, 'max_depth': 3, 'num_leaves': 47, 'learning_rate': 0.154266998811376, 'subsample': 0.8115896656853097, 'colsample_bytree': 0.5839396278718992, 'min_child_samples': 88, 'reg_alpha': 6.102470761504136e-08, 'reg_lambda': 0.23529158002820744}. Best is trial 9 with value: -0.01717340548252668.
[I 2026-06-01 15:46:20,296] Trial 17 finished with value: -0.04645718442241996 and parameters: {'confidence_threshold': 0.5684038604771198, 'training_days': 190, 'n_estimators': 321, 'max_depth': 4, 'num_leaves': 28, 'learning_rate': 0.010425658055299656, 'subsample': 0.580247673506071, 'colsample_bytree': 0.9956385980717998, 'min_child_samples': 70, 'reg_alpha': 0.0005961727498011812, 'reg_lambda': 6.880925840516315e-07}. Best is trial 9 with value: -0.01717340548252668.
[I 2026-06-01 15:46:20,526] A new study created in memory with name: no-name-61f7b643-1d02-4c35-b31e-18b9513016ed
[I 2026-06-01 15:46:20,627] Trial 0 finished with value: -0.1271880724083699 and parameters: {'confidence_threshold': 0.7437642149592516, 'training_days': 150, 'n_estimators': 152, 'max_depth': 4, 'num_leaves': 50, 'learning_rate': 0.04216766425047743, 'subsample': 0.9903820991923078, 'colsample_bytree': 0.8424148692924316, 'min_child_samples': 58, 'reg_alpha': 3.381097259762742e-05, 'reg_lambda': 1.2263152961306247e-05}. Best is trial 0 with value: -0.1271880724083699.
[I 2026-06-01 15:46:20,703] Trial 1 finished with value: -4.073701093568245 and parameters: {'confidence_threshold': 0.7551673975844145, 'training_days': 220, 'n_estimators': 76, 'max_depth': 4, 'num_leaves': 51, 'learning_rate': 0.018602118810743477, 'subsample': 0.5877258780737462, 'colsample_bytree': 0.7657756869209191, 'min_child_samples': 63, 'reg_alpha': 0.005123994170264194, 'reg_lambda': 0.44145470178120466}. Best is trial 0 with value: -0.1271880724083699.
[I 2026-06-01 15:46:20,967] Trial 2 finished with value: -0.033115697801308776 and parameters: {'confidence_threshold': 0.7535593637012223, 'training_days': 310, 'n_estimators': 375, 'max_depth': 3, 'num_leaves': 32, 'learning_rate': 0.021735641882032388, 'subsample': 0.6468570231944146, 'colsample_bytree': 0.8154880619272439, 'min_child_samples': 27, 'reg_alpha': 8.004064028491336e-05, 'reg_lambda': 7.546835261630524e-05}. Best is trial 2 with value: -0.033115697801308776.
[I 2026-06-01 15:46:21,151] Trial 3 finished with value: -0.018813142731867134 and parameters: {'confidence_threshold': 0.6727897841776072, 'training_days': 220, 'n_estimators': 190, 'max_depth': 4, 'num_leaves': 58, 'learning_rate': 0.24810689332636193, 'subsample': 0.7509183379421682, 'colsample_bytree': 0.8119764758960556, 'min_child_samples': 29, 'reg_alpha': 7.1708285081421445e-06, 'reg_lambda': 5.412973582738627e-05}. Best is trial 3 with value: -0.018813142731867134.
[I 2026-06-01 15:46:21,272] Trial 4 finished with value: -0.17437197322915465 and parameters: {'confidence_threshold': 0.803208205259178, 'training_days': 130, 'n_estimators': 267, 'max_depth': 5, 'num_leaves': 40, 'learning_rate': 0.08041175317374143, 'subsample': 0.5603143329951619, 'colsample_bytree': 0.9131704002534167, 'min_child_samples': 68, 'reg_alpha': 0.0008046593428183385, 'reg_lambda': 1.2158346158765583e-05}. Best is trial 3 with value: -0.018813142731867134.
[I 2026-06-01 15:46:21,518] Trial 5 finished with value: -0.0560227090973824 and parameters: {'confidence_threshold': 0.6064422761595144, 'training_days': 210, 'n_estimators': 357, 'max_depth': 5, 'num_leaves': 40, 'learning_rate': 0.0974221287220869, 'subsample': 0.7929682762811064, 'colsample_bytree': 0.8124517510478, 'min_child_samples': 74, 'reg_alpha': 0.3811377260781234, 'reg_lambda': 5.607314238392041e-08}. Best is trial 3 with value: -0.018813142731867134.
[I 2026-06-01 15:46:21,648] Trial 6 finished with value: -0.09745247142193884 and parameters: {'confidence_threshold': 0.7672889945051684, 'training_days': 130, 'n_estimators': 137, 'max_depth': 4, 'num_leaves': 19, 'learning_rate': 0.2031117614248665, 'subsample': 0.8136244860256343, 'colsample_bytree': 0.8617081790949774, 'min_child_samples': 21, 'reg_alpha': 0.002238138278733199, 'reg_lambda': 0.001025809534977322}. Best is trial 3 with value: -0.018813142731867134.
[I 2026-06-01 15:46:21,727] Trial 7 finished with value: -0.022733619569843082 and parameters: {'confidence_threshold': 0.555635875450653, 'training_days': 80, 'n_estimators': 363, 'max_depth': 3, 'num_leaves': 48, 'learning_rate': 0.06590089024008658, 'subsample': 0.6944752870615722, 'colsample_bytree': 0.962566244806993, 'min_child_samples': 88, 'reg_alpha': 1.6465620446426067e-05, 'reg_lambda': 2.4678750890085655e-08}. Best is trial 3 with value: -0.018813142731867134.
[I 2026-06-01 15:46:22,085] Trial 8 finished with value: -0.018458295470263945 and parameters: {'confidence_threshold': 0.6066688256938841, 'training_days': 200, 'n_estimators': 367, 'max_depth': 5, 'num_leaves': 32, 'learning_rate': 0.13377519215934996, 'subsample': 0.7965884582811106, 'colsample_bytree': 0.8458508993500886, 'min_child_samples': 32, 'reg_alpha': 3.889436043816386e-05, 'reg_lambda': 1.4713062489380356e-06}. Best is trial 8 with value: -0.018458295470263945.
