[I 2026-06-01 15:50:38,073] Trial 14 finished with value: 0.03262017470888843 and parameters: {'confidence_threshold': 0.5091192585990985, 'training_days': 170, 'n_estimators': 500, 'max_depth': 4, 'num_leaves': 51, 'learning_rate': 0.011576575518018004, 'subsample': 0.9912802274336829, 'colsample_bytree': 0.9448172765405803, 'min_child_samples': 66, 'reg_alpha': 0.0008220859122670022, 'reg_lambda': 0.0031976396388256915}. Best is trial 11 with value: 0.05244246065565807.
[I 2026-06-01 15:50:38,325] Trial 15 finished with value: -0.07628011524415604 and parameters: {'confidence_threshold': 0.5059993010382337, 'training_days': 140, 'n_estimators': 477, 'max_depth': 4, 'num_leaves': 61, 'learning_rate': 0.01000134939437067, 'subsample': 0.7843090449936077, 'colsample_bytree': 0.9927131314871942, 'min_child_samples': 53, 'reg_alpha': 0.003014989440559215, 'reg_lambda': 2.582339790441249e-06}. Best is trial 11 with value: 0.05244246065565807.
[I 2026-06-01 15:50:38,576] Trial 16 finished with value: -0.011667797606944294 and parameters: {'confidence_threshold': 0.6189405477226652, 'training_days': 360, 'n_estimators': 255, 'max_depth': 4, 'num_leaves': 51, 'learning_rate': 0.015073729310702643, 'subsample': 0.9262089298804563, 'colsample_bytree': 0.9373223525891455, 'min_child_samples': 71, 'reg_alpha': 0.003738880553576633, 'reg_lambda': 0.0011122816214131337}. Best is trial 11 with value: 0.05244246065565807.
[I 2026-06-01 15:50:38,913] Trial 17 finished with value: -0.00887283348253815 and parameters: {'confidence_threshold': 0.7726808531675895, 'training_days': 270, 'n_estimators': 485, 'max_depth': 4, 'num_leaves': 18, 'learning_rate': 0.014399917848714062, 'subsample': 0.6718064291677197, 'colsample_bytree': 0.9234277574497384, 'min_child_samples': 81, 'reg_alpha': 0.000604835388808711, 'reg_lambda': 1.6270089394615807e-08}. Best is trial 11 with value: 0.05244246065565807.

    [trial 4] Sharpe=-0.1015 (folds: -0.1277, -0.1579, 0.0365, -0.1006, -0.1577)
    [trial 5] 48 features, training_days=210 | threshold=0.606 | labels: 1103 long, 1068 short (51/49%)
    [trial 5] Sharpe=-0.0276 (folds: -0.1667, -0.0598, 0.1221, -0.0613, 0.0277)
    [trial 6] 48 features, training_days=130 | threshold=0.767 | labels: 1103 long, 1068 short (51/49%)
    [trial 6] Sharpe=-0.0693 (folds: -0.1767, -0.0738, 0.1084, -0.0815, -0.1227)
    [trial 7] 48 features, training_days=80 | threshold=0.556 | labels: 1103 long, 1068 short (51/49%)
    [trial 7] Sharpe=-0.1026 (folds: -0.3329, -0.0328, 0.0588, -0.0979, -0.1080)
    [trial 8] 48 features, training_days=200 | threshold=0.607 | labels: 1103 long, 1068 short (51/49%)
    [trial 8] Sharpe=-0.0373 (folds: -0.1884, -0.0915, 0.1278, -0.0469, 0.0124)
    [trial 9] 48 features, training_days=260 | threshold=0.620 | labels: 1103 long, 1068 short (51/49%)
    [trial 9] Sharpe=-0.0252 (folds: -0.0616, -0.1305, 0.2040, -0.1172, -0.0205)
    [trial 10] 48 features, training_days=470 | threshold=0.845 | labels: 1103 long, 1068 short (51/49%)
    [trial 10] Sharpe=0.0629 (folds: -0.1294, -0.1033, 0.4340, -0.0714, 0.1848)
    [trial 11] 48 features, training_days=480 | threshold=0.837 | labels: 1103 long, 1068 short (51/49%)
    [trial 11] Sharpe=0.0821 (folds: -0.0680, -0.1245, 0.4459, -0.1039, 0.2611)
    [trial 12] 48 features, training_days=400 | threshold=0.831 | labels: 1103 long, 1068 short (51/49%)
    [trial 12] Sharpe=-10.0000 (folds: -10.0000, -10.0000, -10.0000, -10.0000, -10.0000)
    [trial 13] 48 features, training_days=10 | threshold=0.722 | labels: 1103 long, 1068 short (51/49%)
    [trial 13] Sharpe=-2.0688 (folds: -0.3861, 0.1084, 0.0318, -0.0982, -10.0000)
    [trial 14] 48 features, training_days=350 | threshold=0.697 | labels: 1103 long, 1068 short (51/49%)
    [trial 14] Sharpe=-2.0751 (folds: -10.0000, -0.1796, 0.0675, 0.1513, -0.4146)
    [trial 15] 48 features, training_days=500 | threshold=0.790 | labels: 1103 long, 1068 short (51/49%)
    [trial 15] Sharpe=0.0315 (folds: 0.1174, -0.1476, 0.2328, -0.0138, -0.0315)
    [trial 16] 48 features, training_days=430 | threshold=0.810 | labels: 1103 long, 1068 short (51/49%)
    [trial 16] Sharpe=-0.0197 (folds: -0.1654, -0.1242, 0.3901, -0.0971, -0.1020)
    [trial 17] 48 features, training_days=300 | threshold=0.500 | labels: 1103 long, 1068 short (51/49%)
    [trial 17] Sharpe=-0.0395 (folds: -0.0770, -0.1321, 0.0823, -0.0779, 0.0073)
  Optuna: 18 trials, best Sharpe = 0.1671
  Best params: n_estimators=76, max_depth=4, lr=0.0186, leaves=51
  Best confidence_threshold: 0.755
  Best training_days: 220
  Retrained on full data (660 samples, 48 features)
  [ensemble 3/3] seed=456
    [trial 0] 48 features, training_days=90 | threshold=0.587 | labels: 1103 long, 1068 short (51/49%)
    [CV fold 0] train_end=2023-10-23 08:00 | val_start=2023-10-31 00:00 | gap=184h (22 rows)
    [CV fold 1] train_end=2024-02-20 16:00 | val_start=2024-02-28 08:00 | gap=184h (22 rows)
    [CV fold 2] train_end=2024-06-20 00:00 | val_start=2024-06-27 16:00 | gap=184h (22 rows)
    [CV fold 3] train_end=2024-10-18 08:00 | val_start=2024-10-26 00:00 | gap=184h (22 rows)
    [CV fold 4] train_end=2025-02-15 16:00 | val_start=2025-02-23 08:00 | gap=184h (22 rows)
    [trial 0] Sharpe=-0.0541 (folds: -0.1648, -0.0697, 0.0595, -0.0953, -0.0002)
    [trial 1] 48 features, training_days=290 | threshold=0.635 | labels: 1103 long, 1068 short (51/49%)
    [trial 1] Sharpe=-0.0333 (folds: -0.0761, -0.1293, 0.1438, -0.1022, -0.0026)
    [trial 2] 48 features, training_days=10 | threshold=0.585 | labels: 1103 long, 1068 short (51/49%)
    [trial 2] Sharpe=-0.1025 (folds: -0.3861, 0.1084, 0.0318, -0.0982, -0.1685)
    [trial 3] 48 features, training_days=220 | threshold=0.687 | labels: 1103 long, 1068 short (51/49%)
    [trial 3] Sharpe=-0.0216 (folds: 0.0305, -0.1220, 0.1803, -0.2076, 0.0110)
    [trial 4] 48 features, training_days=300 | threshold=0.562 | labels: 1103 long, 1068 short (51/49%)
    [trial 4] Sharpe=-0.0440 (folds: -0.1755, -0.0957, 0.1067, -0.0880, 0.0327)
    [trial 5] 48 features, training_days=490 | threshold=0.711 | labels: 1103 long, 1068 short (51/49%)
    [trial 5] Sharpe=-0.0690 (folds: -0.1673, -0.1681, 0.1524, -0.1436, -0.0183)
    [trial 6] 48 features, training_days=420 | threshold=0.667 | labels: 1103 long, 1068 short (51/49%)
    [trial 6] Sharpe=-0.0428 (folds: -0.1579, -0.1443, 0.1933, -0.1255, 0.0206)
    [trial 7] 48 features, training_days=120 | threshold=0.550 | labels: 1103 long, 1068 short (51/49%)
    [trial 7] Sharpe=-0.0918 (folds: -0.2252, -0.1476, 0.0025, -0.0966, 0.0079)
    [trial 8] 48 features, training_days=450 | threshold=0.720 | labels: 1103 long, 1068 short (51/49%)
    [trial 8] Sharpe=-0.0846 (folds: -0.2453, -0.1238, 0.1295, -0.1060, -0.0775)
    [trial 9] 48 features, training_days=20 | threshold=0.727 | labels: 1103 long, 1068 short (51/49%)
    [trial 9] Sharpe=-1.8877 (folds: 0.3936, 0.1084, 0.0318, 0.0278, -10.0000)
    [trial 10] 48 features, training_days=200 | threshold=0.828 | labels: 1103 long, 1068 short (51/49%)
    [trial 10] Sharpe=-7.9773 (folds: -10.0000, -10.0000, 0.1133, -10.0000, -10.0000)
    [trial 11] 48 features, training_days=300 | threshold=0.644 | labels: 1103 long, 1068 short (51/49%)
    [trial 11] Sharpe=0.0524 (folds: 0.2722, -0.1604, 0.3152, -0.1303, -0.0346)
    [trial 12] 48 features, training_days=360 | threshold=0.781 | labels: 1103 long, 1068 short (51/49%)
    [trial 12] Sharpe=-8.1147 (folds: -10.0000, -0.5735, -10.0000, -10.0000, -10.0000)
    [trial 13] 48 features, training_days=210 | threshold=0.504 | labels: 1103 long, 1068 short (51/49%)
    [trial 13] Sharpe=0.0145 (folds: 0.0673, -0.1754, 0.1749, -0.0006, 0.0061)
    [trial 14] 48 features, training_days=170 | threshold=0.509 | labels: 1103 long, 1068 short (51/49%)
    [trial 14] Sharpe=0.0326 (folds: 0.0746, -0.0044, 0.0416, -0.0951, 0.1465)
    [trial 15] 48 features, training_days=140 | threshold=0.506 | labels: 1103 long, 1068 short (51/49%)
    [trial 15] Sharpe=-0.0763 (folds: -0.1345, -0.0903, -0.0154, -0.1405, -0.0006)
    [trial 16] 48 features, training_days=360 | threshold=0.619 | labels: 1103 long, 1068 short (51/49%)
    [trial 16] Sharpe=-0.0117 (folds: -0.0335, -0.1469, 0.1657, -0.0034, -0.0403)
    [trial 17] 48 features, training_days=270 | threshold=0.773 | labels: 1103 long, 1068 short (51/49%)
    [trial 17] Sharpe=-0.0089 (folds: 0.0707, -0.1163, 0.1929, -0.0819, -0.1098)
  Optuna: 18 trials, best Sharpe = 0.0524
  Best params: n_estimators=53, max_depth=4, lr=0.0223, leaves=52
  Best confidence_threshold: 0.644
  Best training_days: 300
  Retrained on full data (900 samples, 48 features)
  OOD: 16 features, cutoff (q=0.7) = 14.22
  Model trained for 2025-07: 93 test candles with features, confidence_threshold=0.746
[lgbm] === Training for 2025-08 ===
  Train window: 2023-08-01 → 2025-07-24
  2171 training samples from 1 symbols
  Samples per month: 2023-08: 93, 2023-09: 90, 2023-10: 93, 2023-11: 90, 2023-12: 93, 2024-01: 93, 2024-02: 87, 2024-03: 93, 2024-04: 90, 2024-05: 93, 2024-06: 90, 2024-07: 93, 2024-08: 93, 2024-09: 90, 2024-10: 93, 2024-11: 90, 2024-12: 93, 2025-01: 93, 2025-02: 84, 2025-03: 93, 2025-04: 90, 2025-05: 93, 2025-06: 90, 2025-07: 71
  [label] 2023-10-01 16:00 ETHUSDT entry=1733.3900 → SHORT | long=sl(-3.06%) short=tp(+5.81%) | scanned=3 | short_tp_only
  [label] 2023-10-04 00:00 ETHUSDT entry=1644.2500 → SHORT | long=sl(-3.47%) short=timeout(+5.26%) | scanned=22 | no_tp→fwd_return=-5.3575
  [label] 2023-10-07 16:00 ETHUSDT entry=1633.1800 → SHORT | long=sl(-2.80%) short=tp(+5.30%) | scanned=6 | short_tp_only
  [label] 2023-11-01 08:00 ETHUSDT entry=1792.9400 → LONG | long=timeout(+5.29%) short=sl(-3.79%) | scanned=22 | no_tp→fwd_return=+5.3923
  [label] 2023-12-24 00:00 ETHUSDT entry=2296.1100 → LONG | long=sl(-4.27%) short=sl(-4.27%) | scanned=11 | no_tp→fwd_return=+3.6671
  [label] 2024-06-07 00:00 ETHUSDT entry=3819.2500 → SHORT | long=sl(-3.14%) short=tp(+5.97%) | scanned=2 | short_tp_only
  [label] 2024-06-11 00:00 ETHUSDT entry=3535.2400 → SHORT | long=sl(-3.68%) short=timeout(+2.52%) | scanned=22 | no_tp→fwd_return=-2.6233[I 2026-06-01 15:50:39,656] A new study created in memory with name: no-name-69f89cc0-b7d9-473a-a446-2c597f449875
[I 2026-06-01 15:50:39,997] Trial 0 finished with value: -0.00992639119303158 and parameters: {'confidence_threshold': 0.6310890415965769, 'training_days': 480, 'n_estimators': 380, 'max_depth': 4, 'num_leaves': 22, 'learning_rate': 0.01699897838270077, 'subsample': 0.5290418060840998, 'colsample_bytree': 0.9330880728874675, 'min_child_samples': 68, 'reg_alpha': 0.023585940584142682, 'reg_lambda': 1.5320059381854043e-08}. Best is trial 0 with value: -0.00992639119303158.
[I 2026-06-01 15:50:40,111] Trial 1 finished with value: -0.1440975394095625 and parameters: {'confidence_threshold': 0.839468448256698, 'training_days': 420, 'n_estimators': 145, 'max_depth': 3, 'num_leaves': 23, 'learning_rate': 0.028145092716060652, 'subsample': 0.762378215816119, 'colsample_bytree': 0.7159725093210578, 'min_child_samples': 43, 'reg_alpha': 0.0032112643094417484, 'reg_lambda': 1.8007140198129195e-07}. Best is trial 0 with value: -0.00992639119303158.
[I 2026-06-01 15:50:40,259] Trial 2 finished with value: 0.02357964485887063 and parameters: {'confidence_threshold': 0.6022506269873263, 'training_days': 190, 'n_estimators': 255, 'max_depth': 5, 'num_leaves': 24, 'learning_rate': 0.05748924681991978, 'subsample': 0.7962072844310213, 'colsample_bytree': 0.5232252063599989, 'min_child_samples': 69, 'reg_alpha': 3.425445902633376e-07, 'reg_lambda': 3.850031979199519e-08}. Best is trial 2 with value: 0.02357964485887063.
[I 2026-06-01 15:50:40,546] Trial 3 finished with value: 0.006989831165261129 and parameters: {'confidence_threshold': 0.8321099380386666, 'training_days': 490, 'n_estimators': 414, 'max_depth': 3, 'num_leaves': 19, 'learning_rate': 0.1024932221692416, 'subsample': 0.7200762468698007, 'colsample_bytree': 0.5610191174223894, 'min_child_samples': 60, 'reg_alpha': 2.039373116525212e-08, 'reg_lambda': 1.527156759251193}. Best is trial 2 with value: 0.02357964485887063.
[I 2026-06-01 15:50:40,710] Trial 4 finished with value: 0.031504327965380996 and parameters: {'confidence_threshold': 0.5905729935600059, 'training_days': 340, 'n_estimators': 190, 'max_depth': 4, 'num_leaves': 41, 'learning_rate': 0.01875220945578641, 'subsample': 0.9847923138822793, 'colsample_bytree': 0.8875664116805573, 'min_child_samples': 96, 'reg_alpha': 1.1309571585271483, 'reg_lambda': 0.002404915432737351}. Best is trial 4 with value: 0.031504327965380996.
[I 2026-06-01 15:50:40,753] Trial 5 finished with value: -0.06312136372505031 and parameters: {'confidence_threshold': 0.8226559822580909, 'training_days': 50, 'n_estimators': 138, 'max_depth': 3, 'num_leaves': 30, 'learning_rate': 0.03750796359625606, 'subsample': 0.6356745158869479, 'colsample_bytree': 0.9143687545759647, 'min_child_samples': 48, 'reg_alpha': 3.376063348877853e-06, 'reg_lambda': 0.0007660634613082914}. Best is trial 4 with value: 0.031504327965380996.
[I 2026-06-01 15:50:40,881] Trial 6 finished with value: 0.024863466301664 and parameters: {'confidence_threshold': 0.5493234787411669, 'training_days': 410, 'n_estimators': 83, 'max_depth': 5, 'num_leaves': 52, 'learning_rate': 0.019657448966046126, 'subsample': 0.5027610585618012, 'colsample_bytree': 0.9077307142274171, 'min_child_samples': 77, 'reg_alpha': 0.03639690979811287, 'reg_lambda': 0.08738424135626986}. Best is trial 4 with value: 0.031504327965380996.
[I 2026-06-01 15:50:40,982] Trial 7 finished with value: 0.011676194936540008 and parameters: {'confidence_threshold': 0.5259156281069316, 'training_days': 180, 'n_estimators': 102, 'max_depth': 5, 'num_leaves': 45, 'learning_rate': 0.030816017044468066, 'subsample': 0.5317791751430119, 'colsample_bytree': 0.6554911608578311, 'min_child_samples': 46, 'reg_alpha': 0.036851536911881845, 'reg_lambda': 0.005470376807480391}. Best is trial 4 with value: 0.031504327965380996.
[I 2026-06-01 15:50:41,086] Trial 8 finished with value: 0.05797542230988221 and parameters: {'confidence_threshold': 0.8105244599017143, 'training_days': 240, 'n_estimators': 103, 'max_depth': 5, 'num_leaves': 52, 'learning_rate': 0.06746437142284309, 'subsample': 0.8854835899772805, 'colsample_bytree': 0.7468977981821954, 'min_child_samples': 62, 'reg_alpha': 7.04480806377519e-05, 'reg_lambda': 1.6934490731313353e-08}. Best is trial 8 with value: 0.05797542230988221.
[I 2026-06-01 15:50:41,109] Trial 9 finished with value: -0.04979915306045237 and parameters: {'confidence_threshold': 0.5377619994476566, 'training_days': 20, 'n_estimators': 337, 'max_depth': 3, 'num_leaves': 39, 'learning_rate': 0.21907142272152816, 'subsample': 0.6246461145744375, 'colsample_bytree': 0.7051914615178149, 'min_child_samples': 81, 'reg_alpha': 1.1459970229341322e-06, 'reg_lambda': 4.929685216887945e-08}. Best is trial 8 with value: 0.05797542230988221.
[I 2026-06-01 15:50:41,705] Trial 10 finished with value: -0.013443526186595351 and parameters: {'confidence_threshold': 0.734042426776949, 'training_days': 280, 'n_estimators': 487, 'max_depth': 5, 'num_leaves': 62, 'learning_rate': 0.10432148521337849, 'subsample': 0.9416850669512905, 'colsample_bytree': 0.8120417635861826, 'min_child_samples': 27, 'reg_alpha': 7.238112263003475e-05, 'reg_lambda': 3.3639426888455256e-06}. Best is trial 8 with value: 0.05797542230988221.
[I 2026-06-01 15:50:41,884] Trial 11 finished with value: 0.11516125982786918 and parameters: {'confidence_threshold': 0.7192552477034038, 'training_days': 290, 'n_estimators': 223, 'max_depth': 4, 'num_leaves': 53, 'learning_rate': 0.010418004616766478, 'subsample': 0.9987925440125851, 'colsample_bytree': 0.8164708272936286, 'min_child_samples': 97, 'reg_alpha': 5.370415467243256, 'reg_lambda': 1.2919440532274802e-05}. Best is trial 11 with value: 0.11516125982786918.
[I 2026-06-01 15:50:42,036] Trial 12 finished with value: -0.06559888275013506 and parameters: {'confidence_threshold': 0.7341332481359052, 'training_days': 190, 'n_estimators': 256, 'max_depth': 4, 'num_leaves': 55, 'learning_rate': 0.01064264120978801, 'subsample': 0.8848579707387314, 'colsample_bytree': 0.8029806514921616, 'min_child_samples': 100, 'reg_alpha': 5.770700012836293, 'reg_lambda': 7.618021677092772e-06}. Best is trial 11 with value: 0.11516125982786918.
[I 2026-06-01 15:50:42,286] Trial 13 finished with value: -0.0023937075376409987 and parameters: {'confidence_threshold': 0.7433849339808255, 'training_days': 300, 'n_estimators': 202, 'max_depth': 4, 'num_leaves': 52, 'learning_rate': 0.07177834328984714, 'subsample': 0.87730723737345, 'colsample_bytree': 0.9986067133777616, 'min_child_samples': 22, 'reg_alpha': 0.00011610679556904135, 'reg_lambda': 2.915487126448182e-05}. Best is trial 11 with value: 0.11516125982786918.
[I 2026-06-01 15:50:42,338] Trial 14 finished with value: -0.06685757706875425 and parameters: {'confidence_threshold': 0.7832179755306014, 'training_days': 140, 'n_estimators': 57, 'max_depth': 4, 'num_leaves': 60, 'learning_rate': 0.15967921648819136, 'subsample': 0.9913430783889023, 'colsample_bytree': 0.8013968038419944, 'min_child_samples': 87, 'reg_alpha': 0.0009052870261507429, 'reg_lambda': 9.953201809579919e-07}. Best is trial 11 with value: 0.11516125982786918.
[I 2026-06-01 15:50:42,637] Trial 15 finished with value: 0.05454146779726756 and parameters: {'confidence_threshold': 0.6828484132415306, 'training_days': 340, 'n_estimators': 221, 'max_depth': 5, 'num_leaves': 46, 'learning_rate': 0.010029998053851102, 'subsample': 0.8814944581878673, 'colsample_bytree': 0.6290746674720268, 'min_child_samples': 37, 'reg_alpha': 0.3840350816450475, 'reg_lambda': 7.482879404932238e-05}. Best is trial 11 with value: 0.11516125982786918.
[I 2026-06-01 15:50:42,880] Trial 16 finished with value: 0.012669913122521331 and parameters: {'confidence_threshold': 0.6797962516587734, 'training_days': 240, 'n_estimators': 299, 'max_depth': 4, 'num_leaves': 34, 'learning_rate': 0.04401509493862288, 'subsample': 0.8210016943948976, 'colsample_bytree': 0.7663584390575363, 'min_child_samples': 58, 'reg_alpha': 1.6230643075200477e-05, 'reg_lambda': 4.28170520176123e-07}. Best is trial 11 with value: 0.11516125982786918.
[I 2026-06-01 15:50:42,955] Trial 17 finished with value: -0.07238897971004306 and parameters: {'confidence_threshold': 0.7840252944731432, 'training_days': 110, 'n_estimators': 153, 'max_depth': 4, 'num_leaves': 57, 'learning_rate': 0.07840168146211392, 'subsample': 0.939750397944035, 'colsample_bytree': 0.8544466586120791, 'min_child_samples': 90, 'reg_alpha': 0.0022110685246116294, 'reg_lambda': 0.00012038605283790892}. Best is trial 11 with value: 0.11516125982786918.
[I 2026-06-01 15:50:43,455] A new study created in memory with name: no-name-91c4bd5a-3481-456b-bdd4-d0ec4ab46c98
[I 2026-06-01 15:50:43,542] Trial 0 finished with value: 0.0020543943111883574 and parameters: {'confidence_threshold': 0.7437642149592516, 'training_days': 150, 'n_estimators': 152, 'max_depth': 4, 'num_leaves': 50, 'learning_rate': 0.04216766425047743, 'subsample': 0.9903820991923078, 'colsample_bytree': 0.8424148692924316, 'min_child_samples': 58, 'reg_alpha': 3.381097259762742e-05, 'reg_lambda': 1.2263152961306247e-05}. Best is trial 0 with value: 0.0020543943111883574.
[I 2026-06-01 15:50:43,619] Trial 1 finished with value: -1.6151288060007913 and parameters: {'confidence_threshold': 0.7551673975844145, 'training_days': 220, 'n_estimators': 76, 'max_depth': 4, 'num_leaves': 51, 'learning_rate': 0.018602118810743477, 'subsample': 0.5877258780737462, 'colsample_bytree': 0.7657756869209191, 'min_child_samples': 63, 'reg_alpha': 0.005123994170264194, 'reg_lambda': 0.44145470178120466}. Best is trial 0 with value: 0.0020543943111883574.
[I 2026-06-01 15:50:43,858] Trial 2 finished with value: 0.019463217108501775 and parameters: {'confidence_threshold': 0.7535593637012223, 'training_days': 310, 'n_estimators': 375, 'max_depth': 3, 'num_leaves': 32, 'learning_rate': 0.021735641882032388, 'subsample': 0.6468570231944146, 'colsample_bytree': 0.8154880619272439, 'min_child_samples': 27, 'reg_alpha': 8.004064028491336e-05, 'reg_lambda': 7.546835261630524e-05}. Best is trial 2 with value: 0.019463217108501775.
[I 2026-06-01 15:50:44,021] Trial 3 finished with value: 0.0074247244558410695 and parameters: {'confidence_threshold': 0.6727897841776072, 'training_days': 220, 'n_estimators': 190, 'max_depth': 4, 'num_leaves': 58, 'learning_rate': 0.24810689332636193, 'subsample': 0.7509183379421682, 'colsample_bytree': 0.8119764758960556, 'min_child_samples': 29, 'reg_alpha': 7.1708285081421445e-06, 'reg_lambda': 5.412973582738627e-05}. Best is trial 2 with value: 0.019463217108501775.
[I 2026-06-01 15:50:44,142] Trial 4 finished with value: 0.0430022477359034 and parameters: {'confidence_threshold': 0.803208205259178, 'training_days': 130, 'n_estimators': 267, 'max_depth': 5, 'num_leaves': 40, 'learning_rate': 0.08041175317374143, 'subsample': 0.5603143329951619, 'colsample_bytree': 0.9131704002534167, 'min_child_samples': 68, 'reg_alpha': 0.0008046593428183385, 'reg_lambda': 1.2158346158765583e-05}. Best is trial 4 with value: 0.0430022477359034.
[I 2026-06-01 15:50:44,390] Trial 5 finished with value: 0.017992179473824508 and parameters: {'confidence_threshold': 0.6064422761595144, 'training_days': 210, 'n_estimators': 357, 'max_depth': 5, 'num_leaves': 40, 'learning_rate': 0.0974221287220869, 'subsample': 0.7929682762811064, 'colsample_bytree': 0.8124517510478, 'min_child_samples': 74, 'reg_alpha': 0.3811377260781234, 'reg_lambda': 5.607314238392041e-08}. Best is trial 4 with value: 0.0430022477359034.
