[I 2026-06-01 15:45:55,539] Trial 17 finished with value: -0.040766507983323194 and parameters: {'confidence_threshold': 0.507984003850275, 'training_days': 290, 'n_estimators': 303, 'max_depth': 4, 'num_leaves': 57, 'learning_rate': 0.015522582738877333, 'subsample': 0.8002407697944357, 'colsample_bytree': 0.9219735463071421, 'min_child_samples': 54, 'reg_alpha': 0.00136051769319197, 'reg_lambda': 0.001352150060975526}. Best is trial 14 with value: 0.12464050953338765.

  Best confidence_threshold: 0.673
  Best training_days: 220
  Retrained on full data (660 samples, 48 features)
  [ensemble 3/3] seed=456
    [trial 0] 48 features, training_days=90 | threshold=0.587 | labels: 1082 long, 1086 short (50/50%)
    [CV fold 0] train_end=2021-08-22 08:00 | val_start=2021-08-30 00:00 | gap=184h (22 rows)
    [CV fold 1] train_end=2021-12-20 16:00 | val_start=2021-12-28 08:00 | gap=184h (22 rows)
    [CV fold 2] train_end=2022-04-20 00:00 | val_start=2022-04-27 16:00 | gap=184h (22 rows)
    [CV fold 3] train_end=2022-08-18 08:00 | val_start=2022-08-26 00:00 | gap=184h (22 rows)
    [CV fold 4] train_end=2022-12-16 16:00 | val_start=2022-12-24 08:00 | gap=184h (22 rows)
    [trial 0] Sharpe=-0.0835 (folds: 0.1509, -0.0043, -0.3570, -0.0622, -0.1450)
    [trial 1] 48 features, training_days=290 | threshold=0.635 | labels: 1082 long, 1086 short (50/50%)
    [trial 1] Sharpe=-0.0156 (folds: 0.1550, 0.2632, -0.2873, 0.0024, -0.2113)
    [trial 2] 48 features, training_days=10 | threshold=0.585 | labels: 1082 long, 1086 short (50/50%)
    [trial 2] Sharpe=-0.0135 (folds: -0.0913, 0.0056, 0.1532, 0.0054, -0.1405)
    [trial 3] 48 features, training_days=220 | threshold=0.687 | labels: 1082 long, 1086 short (50/50%)
    [trial 3] Sharpe=0.0766 (folds: 0.2038, 0.2042, -0.1550, 0.1918, -0.0620)
    [trial 4] 48 features, training_days=300 | threshold=0.562 | labels: 1082 long, 1086 short (50/50%)
    [trial 4] Sharpe=0.0204 (folds: 0.2593, 0.1826, -0.3263, 0.0792, -0.0928)
    [trial 5] 48 features, training_days=490 | threshold=0.711 | labels: 1082 long, 1086 short (50/50%)
    [trial 5] Sharpe=0.0252 (folds: 0.2740, 0.1875, -0.3487, 0.1409, -0.1278)
    [trial 6] 48 features, training_days=420 | threshold=0.667 | labels: 1082 long, 1086 short (50/50%)
    [trial 6] Sharpe=0.0048 (folds: 0.2042, 0.2521, -0.2619, 0.0619, -0.2325)
    [trial 7] 48 features, training_days=120 | threshold=0.550 | labels: 1082 long, 1086 short (50/50%)
    [trial 7] Sharpe=-0.0084 (folds: 0.1642, 0.1988, -0.2004, -0.0926, -0.1120)
    [trial 8] 48 features, training_days=450 | threshold=0.720 | labels: 1082 long, 1086 short (50/50%)
    [trial 8] Sharpe=0.0130 (folds: 0.2122, 0.3138, -0.3020, 0.0789, -0.2382)
    [trial 9] 48 features, training_days=20 | threshold=0.727 | labels: 1082 long, 1086 short (50/50%)
    [trial 9] Sharpe=-10.0000 (folds: -10.0000, -10.0000, -10.0000, -10.0000, -10.0000)
    [trial 10] 48 features, training_days=200 | threshold=0.828 | labels: 1082 long, 1086 short (50/50%)
    [trial 10] Sharpe=-5.8647 (folds: -10.0000, 0.3333, -10.0000, 0.3430, -10.0000)
    [trial 11] 48 features, training_days=370 | threshold=0.777 | labels: 1082 long, 1086 short (50/50%)
    [trial 11] Sharpe=0.0686 (folds: 0.3177, 0.4224, -0.3378, 0.0679, -0.1270)
    [trial 12] 48 features, training_days=360 | threshold=0.802 | labels: 1082 long, 1086 short (50/50%)
    [trial 12] Sharpe=0.0817 (folds: 0.3185, 0.4476, -0.2938, 0.1332, -0.1971)
    [trial 13] 48 features, training_days=210 | threshold=0.848 | labels: 1082 long, 1086 short (50/50%)
    [trial 13] Sharpe=0.0793 (folds: 0.3665, 0.4313, -0.2101, -0.0858, -0.1053)
    [trial 14] 48 features, training_days=330 | threshold=0.848 | labels: 1082 long, 1086 short (50/50%)
    [trial 14] Sharpe=0.1246 (folds: 0.4377, 0.4773, -0.2575, 0.2890, -0.3233)
    [trial 15] 48 features, training_days=350 | threshold=0.787 | labels: 1082 long, 1086 short (50/50%)
    [trial 15] Sharpe=0.1097 (folds: 0.3126, 0.4651, -0.2687, 0.1500, -0.1106)
    [trial 16] 48 features, training_days=350 | threshold=0.770 | labels: 1082 long, 1086 short (50/50%)
    [trial 16] Sharpe=0.0740 (folds: 0.2692, 0.4418, -0.3282, 0.1078, -0.1207)
    [trial 17] 48 features, training_days=290 | threshold=0.508 | labels: 1082 long, 1086 short (50/50%)
    [trial 17] Sharpe=-0.0408 (folds: 0.0995, 0.1424, -0.1355, -0.1191, -0.1911)
  Optuna: 18 trials, best Sharpe = 0.1246
  Best params: n_estimators=500, max_depth=4, lr=0.0107, leaves=55
  Best confidence_threshold: 0.848
  Best training_days: 330
  Retrained on full data (990 samples, 48 features)
  OOD: 16 features, cutoff (q=0.7) = 13.67
  Model trained for 2023-05: 93 test candles with features, confidence_threshold=0.787
[trade:close] 2023-05-05 00:00 ETHUSDT SHORT → timeout @ 1876.14 | PnL=+1.65% (net +1.55%) | cum=+8.91% 2023-05=+1.55% 2023-05-05=+1.55%
[predict] 2023-05-06 16:00 ETHUSDT → LONG (proba=0.83 TP=8.9%/SL=4.5%)
[trade:open] 2023-05-06 23:59 ETHUSDT LONG @ 1895.29 | SL=1810.61 TP=2064.65 | timeout=2023-05-13 23:59
[trade:close] 2023-05-08 23:59 ETHUSDT LONG → stop_loss @ 1810.61 | PnL=-4.47% (net -4.57%) | cum=+4.34% 2023-05=-3.02% 2023-05-08=-4.57%
[predict] 2023-05-10 16:00 ETHUSDT → LONG (proba=0.86 TP=8.9%/SL=4.4%)
[trade:open] 2023-05-10 23:59 ETHUSDT LONG @ 1839.86 | SL=1758.31 TP=2002.95 | timeout=2023-05-17 23:59
[trade:close] 2023-05-12 07:59 ETHUSDT LONG → stop_loss @ 1758.31 | PnL=-4.43% (net -4.53%) | cum=-0.19% 2023-05=-7.55% 2023-05-12=-4.53%
[predict] 2023-05-19 16:00 ETHUSDT → LONG (proba=0.81 TP=5.9%/SL=3.0%)
[trade:open] 2023-05-19 23:59 ETHUSDT LONG @ 1811.38 | SL=1757.71 TP=1918.71 | timeout=2023-05-26 23:59
[trade:close] 2023-05-27 00:00 ETHUSDT LONG → timeout @ 1826.81 | PnL=+0.85% (net +0.75%) | cum=+0.56% 2023-05=-6.80% 2023-05-27=+0.75%
[predict] 2023-05-28 00:00 ETHUSDT → LONG (proba=0.85 TP=5.0%/SL=2.5%)
[trade:open] 2023-05-28 07:59 ETHUSDT LONG @ 1846.70 | SL=1800.18 TP=1939.74 | timeout=2023-06-04 07:59
[lgbm] === Training for 2023-06 ===
  Train window: 2021-06-01 → 2023-05-24
  2168 training samples from 1 symbols
  Samples per month: 2021-06: 90, 2021-07: 93, 2021-08: 93, 2021-09: 90, 2021-10: 93, 2021-11: 90, 2021-12: 93, 2022-01: 93, 2022-02: 84, 2022-03: 93, 2022-04: 90, 2022-05: 93, 2022-06: 90, 2022-07: 93, 2022-08: 93, 2022-09: 90, 2022-10: 93, 2022-11: 90, 2022-12: 93, 2023-01: 93, 2023-02: 84, 2023-03: 93, 2023-04: 90, 2023-05: 71
  [label] 2021-08-01 16:00 ETHUSDT entry=2554.7100 → LONG | long=tp(+13.35%) short=sl(-6.82%) | scanned=15 | long_tp_only
  [label] 2021-08-03 16:00 ETHUSDT entry=2506.8700 → LONG | long=tp(+14.41%) short=sl(-7.36%) | scanned=9 | long_tp_only
  [label] 2021-08-07 16:00 ETHUSDT entry=3163.2600 → LONG | long=sl(-7.62%) short=timeout(-3.36%) | scanned=22 | no_tp→fwd_return=+3.2577
  [label] 2021-09-01 08:00 ETHUSDT entry=3580.8600 → LONG | long=tp(+10.58%) short=sl(-5.44%) | scanned=6 | long_tp_only
  [label] 2021-10-23 16:00 ETHUSDT entry=4170.5000 → LONG | long=sl(-6.05%) short=sl(-6.05%) | scanned=17 | no_tp→fwd_return=+6.5697
  [label] 2022-04-07 16:00 ETHUSDT entry=3225.1500 → SHORT | long=sl(-5.32%) short=timeout(+6.27%) | scanned=22 | no_tp→fwd_return=-6.3665
  [label] 2022-04-11 16:00 ETHUSDT entry=2978.6900 → LONG | long=timeout(+2.43%) short=sl(-5.31%) | scanned=22 | no_tp→fwd_return=+2.5290
  [label] 2022-04-22 08:00 ETHUSDT entry=2948.5900 → SHORT | long=sl(-5.12%) short=timeout(+3.08%) | scanned=22 | no_tp→fwd_return=-3.1805
  [label] 2022-06-06 08:00 ETHUSDT entry=1885.9100 → SHORT | long=sl(-5.42%) short=tp(+10.55%) | scanned=13 | short_tp_only
  [label] 2022-06-14 16:00 ETHUSDT entry=1208.3200 → SHORT | long=sl(-15.48%) short=timeout(+6.76%) | scanned=22 | no_tp→fwd_return=-6.8566
  [label] 2022-09-13 00:00 ETHUSDT entry=1714.5800 → SHORT | long=sl(-5.98%) short=tp(+11.66%) | scanned=7 | short_tp_only
  [label] 2022-10-15 00:00 ETHUSDT entry=1294.2700 → LONG | long=timeout(+0.27%) short=timeout(-0.47%) | scanned=22 | no_tp→fwd_return=+0.3678
  [label] 2022-10-31 00:00 ETHUSDT entry=1590.6300 → LONG | long=sl(-5.39%) short=sl(-5.39%) | scanned=13 | no_tp→fwd_return=+2.1444
  [label] 2022-11-12 16:00 ETHUSDT entry=1256.8200 → SHORT | long=timeout(-3.28%) short=timeout(+3.08%) | scanned=22 | no_tp→fwd_return=-3.1755
  [label] 2022-12-01 08:00 ETHUSDT entry=1271.1500 → SHORT | long=timeout(-1.84%) short=timeout(+1.64%) | scanned=22 | no_tp→fwd_return=-1.7362
  [label] 2022-12-07 16:00 ETHUSDT entry=1230.8300 → LONG | long=tp(+8.43%) short=sl(-4.37%) | scanned=17 | long_tp_only
  [label] 2022-12-20 00:00 ETHUSDT entry=1207.9200 → LONG | long=timeout(+1.03%) short=timeout(-1.23%) | scanned=22 | no_tp→fwd_return=+1.1259[I 2026-06-01 15:45:56,104] A new study created in memory with name: no-name-52f57d8c-8d64-4c44-8410-2cbbd931c31a
[I 2026-06-01 15:45:56,445] Trial 0 finished with value: -0.02819225599761317 and parameters: {'confidence_threshold': 0.6310890415965769, 'training_days': 480, 'n_estimators': 380, 'max_depth': 4, 'num_leaves': 22, 'learning_rate': 0.01699897838270077, 'subsample': 0.5290418060840998, 'colsample_bytree': 0.9330880728874675, 'min_child_samples': 68, 'reg_alpha': 0.023585940584142682, 'reg_lambda': 1.5320059381854043e-08}. Best is trial 0 with value: -0.02819225599761317.
[I 2026-06-01 15:45:56,561] Trial 1 finished with value: -1.7331261793939752 and parameters: {'confidence_threshold': 0.839468448256698, 'training_days': 420, 'n_estimators': 145, 'max_depth': 3, 'num_leaves': 23, 'learning_rate': 0.028145092716060652, 'subsample': 0.762378215816119, 'colsample_bytree': 0.7159725093210578, 'min_child_samples': 43, 'reg_alpha': 0.0032112643094417484, 'reg_lambda': 1.8007140198129195e-07}. Best is trial 0 with value: -0.02819225599761317.
[I 2026-06-01 15:45:56,715] Trial 2 finished with value: 0.011009666564724397 and parameters: {'confidence_threshold': 0.6022506269873263, 'training_days': 190, 'n_estimators': 255, 'max_depth': 5, 'num_leaves': 24, 'learning_rate': 0.05748924681991978, 'subsample': 0.7962072844310213, 'colsample_bytree': 0.5232252063599989, 'min_child_samples': 69, 'reg_alpha': 3.425445902633376e-07, 'reg_lambda': 3.850031979199519e-08}. Best is trial 2 with value: 0.011009666564724397.
[I 2026-06-01 15:45:56,977] Trial 3 finished with value: -0.028004556312621935 and parameters: {'confidence_threshold': 0.8321099380386666, 'training_days': 490, 'n_estimators': 414, 'max_depth': 3, 'num_leaves': 19, 'learning_rate': 0.1024932221692416, 'subsample': 0.7200762468698007, 'colsample_bytree': 0.5610191174223894, 'min_child_samples': 60, 'reg_alpha': 2.039373116525212e-08, 'reg_lambda': 1.527156759251193}. Best is trial 2 with value: 0.011009666564724397.
[I 2026-06-01 15:45:57,122] Trial 4 finished with value: -0.01861259967730438 and parameters: {'confidence_threshold': 0.5905729935600059, 'training_days': 340, 'n_estimators': 190, 'max_depth': 4, 'num_leaves': 41, 'learning_rate': 0.01875220945578641, 'subsample': 0.9847923138822793, 'colsample_bytree': 0.8875664116805573, 'min_child_samples': 96, 'reg_alpha': 1.1309571585271483, 'reg_lambda': 0.002404915432737351}. Best is trial 2 with value: 0.011009666564724397.
[I 2026-06-01 15:45:57,161] Trial 5 finished with value: -0.002694608207320184 and parameters: {'confidence_threshold': 0.8226559822580909, 'training_days': 50, 'n_estimators': 138, 'max_depth': 3, 'num_leaves': 30, 'learning_rate': 0.03750796359625606, 'subsample': 0.6356745158869479, 'colsample_bytree': 0.9143687545759647, 'min_child_samples': 48, 'reg_alpha': 3.376063348877853e-06, 'reg_lambda': 0.0007660634613082914}. Best is trial 2 with value: 0.011009666564724397.
[I 2026-06-01 15:45:57,270] Trial 6 finished with value: -0.010551552362288424 and parameters: {'confidence_threshold': 0.5493234787411669, 'training_days': 410, 'n_estimators': 83, 'max_depth': 5, 'num_leaves': 52, 'learning_rate': 0.019657448966046126, 'subsample': 0.5027610585618012, 'colsample_bytree': 0.9077307142274171, 'min_child_samples': 77, 'reg_alpha': 0.03639690979811287, 'reg_lambda': 0.08738424135626986}. Best is trial 2 with value: 0.011009666564724397.
[I 2026-06-01 15:45:57,358] Trial 7 finished with value: -0.00822824064609575 and parameters: {'confidence_threshold': 0.5259156281069316, 'training_days': 180, 'n_estimators': 102, 'max_depth': 5, 'num_leaves': 45, 'learning_rate': 0.030816017044468066, 'subsample': 0.5317791751430119, 'colsample_bytree': 0.6554911608578311, 'min_child_samples': 46, 'reg_alpha': 0.036851536911881845, 'reg_lambda': 0.005470376807480391}. Best is trial 2 with value: 0.011009666564724397.
[I 2026-06-01 15:45:57,464] Trial 8 finished with value: 0.016390947976161446 and parameters: {'confidence_threshold': 0.8105244599017143, 'training_days': 240, 'n_estimators': 103, 'max_depth': 5, 'num_leaves': 52, 'learning_rate': 0.06746437142284309, 'subsample': 0.8854835899772805, 'colsample_bytree': 0.7468977981821954, 'min_child_samples': 62, 'reg_alpha': 7.04480806377519e-05, 'reg_lambda': 1.6934490731313353e-08}. Best is trial 8 with value: 0.016390947976161446.
[I 2026-06-01 15:45:57,487] Trial 9 finished with value: -0.020447178775789047 and parameters: {'confidence_threshold': 0.5377619994476566, 'training_days': 20, 'n_estimators': 337, 'max_depth': 3, 'num_leaves': 39, 'learning_rate': 0.21907142272152816, 'subsample': 0.6246461145744375, 'colsample_bytree': 0.7051914615178149, 'min_child_samples': 81, 'reg_alpha': 1.1459970229341322e-06, 'reg_lambda': 4.929685216887945e-08}. Best is trial 8 with value: 0.016390947976161446.
[I 2026-06-01 15:45:58,076] Trial 10 finished with value: -0.0166906160058305 and parameters: {'confidence_threshold': 0.734042426776949, 'training_days': 280, 'n_estimators': 487, 'max_depth': 5, 'num_leaves': 62, 'learning_rate': 0.10432148521337849, 'subsample': 0.9416850669512905, 'colsample_bytree': 0.8120417635861826, 'min_child_samples': 27, 'reg_alpha': 7.238112263003475e-05, 'reg_lambda': 3.3639426888455256e-06}. Best is trial 8 with value: 0.016390947976161446.
[I 2026-06-01 15:45:58,195] Trial 11 finished with value: 0.005580219135330579 and parameters: {'confidence_threshold': 0.7064141682072129, 'training_days': 170, 'n_estimators': 245, 'max_depth': 5, 'num_leaves': 55, 'learning_rate': 0.070278144758503, 'subsample': 0.863624974073976, 'colsample_bytree': 0.5038432927256977, 'min_child_samples': 87, 'reg_alpha': 4.76478459329104e-08, 'reg_lambda': 7.868729181011707e-06}. Best is trial 8 with value: 0.016390947976161446.
[I 2026-06-01 15:45:58,354] Trial 12 finished with value: -0.004819885205930771 and parameters: {'confidence_threshold': 0.7683435244955696, 'training_days': 180, 'n_estimators': 257, 'max_depth': 4, 'num_leaves': 31, 'learning_rate': 0.05445057683691509, 'subsample': 0.8426110070012842, 'colsample_bytree': 0.6188171054052629, 'min_child_samples': 65, 'reg_alpha': 5.6535530920430964e-05, 'reg_lambda': 2.0771847423585894e-06}. Best is trial 8 with value: 0.016390947976161446.
[I 2026-06-01 15:45:58,539] Trial 13 finished with value: -0.024444674081636752 and parameters: {'confidence_threshold': 0.648468212177187, 'training_days': 260, 'n_estimators': 214, 'max_depth': 5, 'num_leaves': 32, 'learning_rate': 0.20158174220210204, 'subsample': 0.8690491710631163, 'colsample_bytree': 0.8081667901910176, 'min_child_samples': 72, 'reg_alpha': 1.2505046450524292e-06, 'reg_lambda': 3.9794797075090296e-05}. Best is trial 8 with value: 0.016390947976161446.
[I 2026-06-01 15:45:58,665] Trial 14 finished with value: -0.0657795380362298 and parameters: {'confidence_threshold': 0.6122975625169359, 'training_days': 100, 'n_estimators': 311, 'max_depth': 4, 'num_leaves': 15, 'learning_rate': 0.1113698271960675, 'subsample': 0.7718441115005977, 'colsample_bytree': 0.9897127958863723, 'min_child_samples': 55, 'reg_alpha': 9.136746211641124e-06, 'reg_lambda': 1.6308976466085072e-07}. Best is trial 8 with value: 0.016390947976161446.
[I 2026-06-01 15:45:58,733] Trial 15 finished with value: -5.895623221143067 and parameters: {'confidence_threshold': 0.6887540779211444, 'training_days': 120, 'n_estimators': 52, 'max_depth': 5, 'num_leaves': 50, 'learning_rate': 0.010359623362260938, 'subsample': 0.9092527541364609, 'colsample_bytree': 0.5065896071904618, 'min_child_samples': 28, 'reg_alpha': 1.5075578924776514e-07, 'reg_lambda': 1.4846210073902318e-08}. Best is trial 8 with value: 0.016390947976161446.
[I 2026-06-01 15:45:58,870] Trial 16 finished with value: -0.009615792174899362 and parameters: {'confidence_threshold': 0.7689478876866226, 'training_days': 320, 'n_estimators': 159, 'max_depth': 5, 'num_leaves': 63, 'learning_rate': 0.05978446107953783, 'subsample': 0.8140834154635153, 'colsample_bytree': 0.6024945398817332, 'min_child_samples': 91, 'reg_alpha': 0.00034509659588670465, 'reg_lambda': 7.184624603609509e-07}. Best is trial 8 with value: 0.016390947976161446.
[I 2026-06-01 15:45:59,064] Trial 17 finished with value: -0.03094674918344372 and parameters: {'confidence_threshold': 0.5655520462931906, 'training_days': 190, 'n_estimators': 277, 'max_depth': 4, 'num_leaves': 35, 'learning_rate': 0.14168046193643383, 'subsample': 0.7004831188261247, 'colsample_bytree': 0.7861983638172064, 'min_child_samples': 54, 'reg_alpha': 0.0005961727498011812, 'reg_lambda': 6.614397595908694e-05}. Best is trial 8 with value: 0.016390947976161446.
[I 2026-06-01 15:45:59,282] A new study created in memory with name: no-name-df768e5c-1662-48fa-b0e2-ee462c06b263
[I 2026-06-01 15:45:59,379] Trial 0 finished with value: 0.009318267330437146 and parameters: {'confidence_threshold': 0.7437642149592516, 'training_days': 150, 'n_estimators': 152, 'max_depth': 4, 'num_leaves': 50, 'learning_rate': 0.04216766425047743, 'subsample': 0.9903820991923078, 'colsample_bytree': 0.8424148692924316, 'min_child_samples': 58, 'reg_alpha': 3.381097259762742e-05, 'reg_lambda': 1.2263152961306247e-05}. Best is trial 0 with value: 0.009318267330437146.
[I 2026-06-01 15:45:59,451] Trial 1 finished with value: -1.8103375530752008 and parameters: {'confidence_threshold': 0.7551673975844145, 'training_days': 220, 'n_estimators': 76, 'max_depth': 4, 'num_leaves': 51, 'learning_rate': 0.018602118810743477, 'subsample': 0.5877258780737462, 'colsample_bytree': 0.7657756869209191, 'min_child_samples': 63, 'reg_alpha': 0.005123994170264194, 'reg_lambda': 0.44145470178120466}. Best is trial 0 with value: 0.009318267330437146.
[I 2026-06-01 15:45:59,750] Trial 2 finished with value: -0.05361402379066251 and parameters: {'confidence_threshold': 0.7535593637012223, 'training_days': 310, 'n_estimators': 375, 'max_depth': 3, 'num_leaves': 32, 'learning_rate': 0.021735641882032388, 'subsample': 0.6468570231944146, 'colsample_bytree': 0.8154880619272439, 'min_child_samples': 27, 'reg_alpha': 8.004064028491336e-05, 'reg_lambda': 7.546835261630524e-05}. Best is trial 0 with value: 0.009318267330437146.
[I 2026-06-01 15:45:59,924] Trial 3 finished with value: 0.005309074361053982 and parameters: {'confidence_threshold': 0.6727897841776072, 'training_days': 220, 'n_estimators': 190, 'max_depth': 4, 'num_leaves': 58, 'learning_rate': 0.24810689332636193, 'subsample': 0.7509183379421682, 'colsample_bytree': 0.8119764758960556, 'min_child_samples': 29, 'reg_alpha': 7.1708285081421445e-06, 'reg_lambda': 5.412973582738627e-05}. Best is trial 0 with value: 0.009318267330437146.
[I 2026-06-01 15:46:00,056] Trial 4 finished with value: -0.04088409167358381 and parameters: {'confidence_threshold': 0.803208205259178, 'training_days': 130, 'n_estimators': 267, 'max_depth': 5, 'num_leaves': 40, 'learning_rate': 0.08041175317374143, 'subsample': 0.5603143329951619, 'colsample_bytree': 0.9131704002534167, 'min_child_samples': 68, 'reg_alpha': 0.0008046593428183385, 'reg_lambda': 1.2158346158765583e-05}. Best is trial 0 with value: 0.009318267330437146.
[I 2026-06-01 15:46:00,291] Trial 5 finished with value: -0.022940896444400297 and parameters: {'confidence_threshold': 0.6064422761595144, 'training_days': 210, 'n_estimators': 357, 'max_depth': 5, 'num_leaves': 40, 'learning_rate': 0.0974221287220869, 'subsample': 0.7929682762811064, 'colsample_bytree': 0.8124517510478, 'min_child_samples': 74, 'reg_alpha': 0.3811377260781234, 'reg_lambda': 5.607314238392041e-08}. Best is trial 0 with value: 0.009318267330437146.
[I 2026-06-01 15:46:00,412] Trial 6 finished with value: -0.04893148660922748 and parameters: {'confidence_threshold': 0.7672889945051684, 'training_days': 130, 'n_estimators': 137, 'max_depth': 4, 'num_leaves': 19, 'learning_rate': 0.2031117614248665, 'subsample': 0.8136244860256343, 'colsample_bytree': 0.8617081790949774, 'min_child_samples': 21, 'reg_alpha': 0.002238138278733199, 'reg_lambda': 0.001025809534977322}. Best is trial 0 with value: 0.009318267330437146.
[I 2026-06-01 15:46:00,496] Trial 7 finished with value: -0.09437646012067558 and parameters: {'confidence_threshold': 0.555635875450653, 'training_days': 80, 'n_estimators': 363, 'max_depth': 3, 'num_leaves': 48, 'learning_rate': 0.06590089024008658, 'subsample': 0.6944752870615722, 'colsample_bytree': 0.962566244806993, 'min_child_samples': 88, 'reg_alpha': 1.6465620446426067e-05, 'reg_lambda': 2.4678750890085655e-08}. Best is trial 0 with value: 0.009318267330437146.
[I 2026-06-01 15:46:00,836] Trial 8 finished with value: -0.037135890018820485 and parameters: {'confidence_threshold': 0.6066688256938841, 'training_days': 200, 'n_estimators': 367, 'max_depth': 5, 'num_leaves': 32, 'learning_rate': 0.13377519215934996, 'subsample': 0.7965884582811106, 'colsample_bytree': 0.8458508993500886, 'min_child_samples': 32, 'reg_alpha': 3.889436043816386e-05, 'reg_lambda': 1.4713062489380356e-06}. Best is trial 0 with value: 0.009318267330437146.
