[I 2026-06-01 15:48:12,416] Trial 9 finished with value: 0.03893826063505336 and parameters: {'confidence_threshold': 0.6202096049169137, 'training_days': 260, 'n_estimators': 350, 'max_depth': 3, 'num_leaves': 21, 'learning_rate': 0.02989540198065364, 'subsample': 0.8307821683331218, 'colsample_bytree': 0.923253112635361, 'min_child_samples': 64, 'reg_alpha': 0.4898604619604203, 'reg_lambda': 2.9076377687066166e-05}. Best is trial 7 with value: 0.06644294789160625.
[I 2026-06-01 15:48:12,449] Trial 10 finished with value: -0.058329421992109845 and parameters: {'confidence_threshold': 0.5248809389721337, 'training_days': 10, 'n_estimators': 493, 'max_depth': 3, 'num_leaves': 63, 'learning_rate': 0.010221918552934462, 'subsample': 0.667749445701178, 'colsample_bytree': 0.6202684210924141, 'min_child_samples': 99, 'reg_alpha': 1.3884210513841762e-08, 'reg_lambda': 0.02273343343290072}. Best is trial 7 with value: 0.06644294789160625.
[I 2026-06-01 15:48:12,629] Trial 11 finished with value: 0.0019730325429854227 and parameters: {'confidence_threshold': 0.5076763476549723, 'training_days': 450, 'n_estimators': 245, 'max_depth': 3, 'num_leaves': 62, 'learning_rate': 0.2946534946081864, 'subsample': 0.7185615065128308, 'colsample_bytree': 0.984387885372814, 'min_child_samples': 100, 'reg_alpha': 2.5493772909886044e-07, 'reg_lambda': 1.003510323817704e-08}. Best is trial 7 with value: 0.06644294789160625.
[I 2026-06-01 15:48:12,659] Trial 12 finished with value: -4.074559389725936 and parameters: {'confidence_threshold': 0.6777349146550049, 'training_days': 20, 'n_estimators': 212, 'max_depth': 4, 'num_leaves': 52, 'learning_rate': 0.05809128784912797, 'subsample': 0.9047422503364564, 'colsample_bytree': 0.6669454130036883, 'min_child_samples': 43, 'reg_alpha': 8.957709750277246e-07, 'reg_lambda': 3.740212731305683e-07}. Best is trial 7 with value: 0.06644294789160625.
[I 2026-06-01 15:48:12,918] Trial 13 finished with value: -0.009750181243404614 and parameters: {'confidence_threshold': 0.6589618773652097, 'training_days': 340, 'n_estimators': 475, 'max_depth': 3, 'num_leaves': 55, 'learning_rate': 0.15152203000979778, 'subsample': 0.5024707401359401, 'colsample_bytree': 0.5443982906148261, 'min_child_samples': 83, 'reg_alpha': 1.0060661308529223e-06, 'reg_lambda': 0.002011462938028272}. Best is trial 7 with value: 0.06644294789160625.
[I 2026-06-01 15:48:12,991] Trial 14 finished with value: -0.010385621173542631 and parameters: {'confidence_threshold': 0.5614514443146594, 'training_days': 70, 'n_estimators': 184, 'max_depth': 4, 'num_leaves': 43, 'learning_rate': 0.25809983794897756, 'subsample': 0.6844339431381482, 'colsample_bytree': 0.9980755649834124, 'min_child_samples': 49, 'reg_alpha': 0.016435092915656313, 'reg_lambda': 1.66052015319664}. Best is trial 7 with value: 0.06644294789160625.
[I 2026-06-01 15:48:13,230] Trial 15 finished with value: -0.028564707545235647 and parameters: {'confidence_threshold': 0.6824285716881091, 'training_days': 380, 'n_estimators': 300, 'max_depth': 4, 'num_leaves': 56, 'learning_rate': 0.0637135108110238, 'subsample': 0.7380920620367895, 'colsample_bytree': 0.7092753575542916, 'min_child_samples': 84, 'reg_alpha': 8.882572931199574e-06, 'reg_lambda': 0.032982336960980824}. Best is trial 7 with value: 0.06644294789160625.
[I 2026-06-01 15:48:13,527] Trial 16 finished with value: -0.00024135895144830055 and parameters: {'confidence_threshold': 0.5764786441698267, 'training_days': 500, 'n_estimators': 420, 'max_depth': 3, 'num_leaves': 46, 'learning_rate': 0.12222296950129583, 'subsample': 0.8868474056204897, 'colsample_bytree': 0.9182676696103418, 'min_child_samples': 41, 'reg_alpha': 2.300529945675641e-08, 'reg_lambda': 4.5945406753732926e-07}. Best is trial 7 with value: 0.06644294789160625.

  [label] 2024-01-29 08:00 ETHUSDT entry=2274.9900 → LONG | long=timeout(+0.88%) short=sl(-3.48%) | scanned=22 | no_tp→fwd_return=+0.9767
  [label] 2024-02-08 00:00 ETHUSDT entry=2420.2000 → LONG | long=tp(+5.87%) short=sl(-3.08%) | scanned=14 | long_tp_only
  [label] 2024-05-04 08:00 ETHUSDT entry=3125.2300 → SHORT | long=sl(-5.25%) short=timeout(+6.32%) | scanned=22 | no_tp→fwd_return=-6.4229
  Labels: 1159 long (53.4%), 1012 short (46.6%) | weights: min=1.00, mean=2.77, max=10.00
  Features: 2171/2171 matched, 48 columns
  CV gap: 22 rows
  [ensemble 1/3] seed=42
    [trial 0] 48 features, training_days=480 | threshold=0.631 | labels: 1159 long, 1012 short (53/47%)
    [CV fold 0] train_end=2022-09-23 08:00 | val_start=2022-10-01 00:00 | gap=184h (22 rows)
    [CV fold 1] train_end=2023-01-21 16:00 | val_start=2023-01-29 08:00 | gap=184h (22 rows)
    [CV fold 2] train_end=2023-05-22 00:00 | val_start=2023-05-29 16:00 | gap=184h (22 rows)
    [CV fold 3] train_end=2023-09-19 08:00 | val_start=2023-09-27 00:00 | gap=184h (22 rows)
    [CV fold 4] train_end=2024-01-17 16:00 | val_start=2024-01-25 08:00 | gap=184h (22 rows)
    [trial 0] Sharpe=-0.0141 (folds: -0.1604, -0.0724, 0.0088, 0.0966, 0.0570)
    [trial 1] 48 features, training_days=420 | threshold=0.839 | labels: 1159 long, 1012 short (53/47%)
    [trial 1] Sharpe=-4.1559 (folds: -0.3994, -10.0000, -10.0000, -0.4509, 0.0707)
    [trial 2] 48 features, training_days=190 | threshold=0.602 | labels: 1159 long, 1012 short (53/47%)
    [trial 2] Sharpe=0.0159 (folds: -0.2411, 0.0136, 0.0506, 0.1589, 0.0974)
    [trial 3] 48 features, training_days=490 | threshold=0.832 | labels: 1159 long, 1012 short (53/47%)
    [trial 3] Sharpe=-0.0515 (folds: -0.2586, 0.0677, 0.0492, -0.0297, -0.0863)
    [trial 4] 48 features, training_days=340 | threshold=0.591 | labels: 1159 long, 1012 short (53/47%)
    [trial 4] Sharpe=-0.0183 (folds: -0.0940, -0.0375, 0.0009, 0.0335, 0.0056)
    [trial 5] 48 features, training_days=50 | threshold=0.823 | labels: 1159 long, 1012 short (53/47%)
    [trial 5] Sharpe=0.1644 (folds: -0.1795, -0.1933, 1.2342, -0.0264, -0.0129)
    [trial 6] 48 features, training_days=410 | threshold=0.549 | labels: 1159 long, 1012 short (53/47%)
    [trial 6] Sharpe=-0.0333 (folds: -0.2450, -0.0356, 0.0286, 0.0245, 0.0608)
    [trial 7] 48 features, training_days=180 | threshold=0.526 | labels: 1159 long, 1012 short (53/47%)
    [trial 7] Sharpe=0.0299 (folds: -0.1801, 0.0056, 0.0093, 0.1879, 0.1269)
    [trial 8] 48 features, training_days=240 | threshold=0.811 | labels: 1159 long, 1012 short (53/47%)
    [trial 8] Sharpe=0.0530 (folds: -0.1544, -0.0364, 0.2060, 0.2147, 0.0350)
    [trial 9] 48 features, training_days=20 | threshold=0.538 | labels: 1159 long, 1012 short (53/47%)
    [trial 9] Sharpe=-2.0532 (folds: -0.1666, 0.0059, 0.1068, -0.2121, -10.0000)
    [trial 10] 48 features, training_days=10 | threshold=0.732 | labels: 1159 long, 1012 short (53/47%)
    [trial 10] Sharpe=-2.0477 (folds: 0.0246, -10.0000, 0.1068, -0.2121, -0.1580)
    [trial 11] 48 features, training_days=110 | threshold=0.762 | labels: 1159 long, 1012 short (53/47%)
    [trial 11] Sharpe=0.0424 (folds: 0.0574, -0.1938, 0.0236, 0.2362, 0.0885)
    [trial 12] 48 features, training_days=280 | threshold=0.768 | labels: 1159 long, 1012 short (53/47%)
    [trial 12] Sharpe=0.0574 (folds: -0.1264, -0.0944, 0.1683, 0.3213, 0.0180)
    [trial 13] 48 features, training_days=310 | threshold=0.715 | labels: 1159 long, 1012 short (53/47%)
    [trial 13] Sharpe=-0.0715 (folds: -0.3339, -0.5273, 0.2572, 0.4072, -0.1607)
    [trial 14] 48 features, training_days=90 | threshold=0.787 | labels: 1159 long, 1012 short (53/47%)
    [trial 14] Sharpe=-0.0022 (folds: 0.0149, -0.1941, 0.0521, 0.0289, 0.0870)
    [trial 15] 48 features, training_days=270 | threshold=0.677 | labels: 1159 long, 1012 short (53/47%)
    [trial 15] Sharpe=-7.8134 (folds: -10.0000, -10.0000, -10.0000, -10.0000, 0.9329)
    [trial 16] 48 features, training_days=130 | threshold=0.767 | labels: 1159 long, 1012 short (53/47%)
    [trial 16] Sharpe=0.0158 (folds: -0.1603, -0.0700, 0.0144, 0.1903, 0.1047)
    [trial 17] 48 features, training_days=350 | threshold=0.707 | labels: 1159 long, 1012 short (53/47%)
    [trial 17] Sharpe=-0.0153 (folds: -0.1921, -0.0023, 0.0669, 0.0282, 0.0229)
  Optuna: 18 trials, best Sharpe = 0.1644
  Best params: n_estimators=138, max_depth=3, lr=0.0375, leaves=30
  Best confidence_threshold: 0.823
  Best training_days: 50
  Retrained on full data (150 samples, 48 features)
  [ensemble 2/3] seed=123
    [trial 0] 48 features, training_days=150 | threshold=0.744 | labels: 1159 long, 1012 short (53/47%)
    [CV fold 0] train_end=2022-09-23 08:00 | val_start=2022-10-01 00:00 | gap=184h (22 rows)
    [CV fold 1] train_end=2023-01-21 16:00 | val_start=2023-01-29 08:00 | gap=184h (22 rows)
    [CV fold 2] train_end=2023-05-22 00:00 | val_start=2023-05-29 16:00 | gap=184h (22 rows)
    [CV fold 3] train_end=2023-09-19 08:00 | val_start=2023-09-27 00:00 | gap=184h (22 rows)
    [CV fold 4] train_end=2024-01-17 16:00 | val_start=2024-01-25 08:00 | gap=184h (22 rows)
    [trial 0] Sharpe=0.0028 (folds: -0.2094, 0.1231, -0.3043, 0.2952, 0.1094)
    [trial 1] 48 features, training_days=220 | threshold=0.755 | labels: 1159 long, 1012 short (53/47%)
    [trial 1] Sharpe=-3.8466 (folds: -10.0000, 0.0889, -10.0000, 0.1593, 0.5187)
    [trial 2] 48 features, training_days=310 | threshold=0.754 | labels: 1159 long, 1012 short (53/47%)
    [trial 2] Sharpe=0.0004 (folds: -0.3137, -0.0893, 0.1275, 0.2590, 0.0183)
    [trial 3] 48 features, training_days=220 | threshold=0.673 | labels: 1159 long, 1012 short (53/47%)
    [trial 3] Sharpe=0.0637 (folds: -0.1769, 0.0112, 0.2406, 0.1592, 0.0846)
    [trial 4] 48 features, training_days=130 | threshold=0.803 | labels: 1159 long, 1012 short (53/47%)
    [trial 4] Sharpe=0.0037 (folds: -0.2120, -0.0588, -0.0468, 0.1812, 0.1547)
    [trial 5] 48 features, training_days=210 | threshold=0.606 | labels: 1159 long, 1012 short (53/47%)
    [trial 5] Sharpe=-0.0038 (folds: -0.2035, 0.0386, -0.0584, 0.1203, 0.0841)
    [trial 6] 48 features, training_days=130 | threshold=0.767 | labels: 1159 long, 1012 short (53/47%)
    [trial 6] Sharpe=0.0270 (folds: -0.1936, -0.0847, 0.1059, 0.2042, 0.1031)
    [trial 7] 48 features, training_days=80 | threshold=0.556 | labels: 1159 long, 1012 short (53/47%)
    [trial 7] Sharpe=0.0664 (folds: 0.1270, -0.0900, 0.0469, 0.1330, 0.1154)
    [trial 8] 48 features, training_days=200 | threshold=0.607 | labels: 1159 long, 1012 short (53/47%)
    [trial 8] Sharpe=0.0523 (folds: -0.1409, 0.0115, 0.1926, 0.1331, 0.0650)
    [trial 9] 48 features, training_days=260 | threshold=0.620 | labels: 1159 long, 1012 short (53/47%)
    [trial 9] Sharpe=0.0389 (folds: -0.1795, 0.0096, 0.0494, 0.1995, 0.1156)
    [trial 10] 48 features, training_days=10 | threshold=0.525 | labels: 1159 long, 1012 short (53/47%)
    [trial 10] Sharpe=-0.0583 (folds: 0.0246, -0.0530, 0.1068, -0.2121, -0.1580)
    [trial 11] 48 features, training_days=450 | threshold=0.508 | labels: 1159 long, 1012 short (53/47%)
    [trial 11] Sharpe=0.0020 (folds: -0.1514, 0.0119, 0.0483, 0.1183, -0.0173)
    [trial 12] 48 features, training_days=20 | threshold=0.678 | labels: 1159 long, 1012 short (53/47%)
    [trial 12] Sharpe=-4.0746 (folds: -0.1666, 0.0059, -10.0000, -0.2121, -10.0000)
    [trial 13] 48 features, training_days=340 | threshold=0.659 | labels: 1159 long, 1012 short (53/47%)
    [trial 13] Sharpe=-0.0098 (folds: -0.1635, 0.0264, 0.0270, 0.0475, 0.0138)
    [trial 14] 48 features, training_days=70 | threshold=0.561 | labels: 1159 long, 1012 short (53/47%)
    [trial 14] Sharpe=-0.0104 (folds: -0.0568, 0.0094, -0.0019, -0.1056, 0.1029)
    [trial 15] 48 features, training_days=380 | threshold=0.682 | labels: 1159 long, 1012 short (53/47%)
    [trial 15] Sharpe=-0.0286 (folds: -0.2536, 0.0322, 0.0325, 0.0426, 0.0035)
    [trial 16] 48 features, training_days=500 | threshold=0.576 | labels: 1159 long, 1012 short (53/47%)
    [trial 16] Sharpe=-0.0002 (folds: -0.1035, 0.0154, 0.0497, -0.0529, 0.0901)
    [trial 17] 48 features, training_days=70 | threshold=0.707 | labels: 1159 long, 1012 short (53/47%)[I 2026-06-01 15:48:13,573] Trial 17 finished with value: -0.015558325183518773 and parameters: {'confidence_threshold': 0.7073733991728248, 'training_days': 70, 'n_estimators': 81, 'max_depth': 5, 'num_leaves': 58, 'learning_rate': 0.0431567831559497, 'subsample': 0.6249049784959959, 'colsample_bytree': 0.7547017919147904, 'min_child_samples': 88, 'reg_alpha': 7.284070645541434, 'reg_lambda': 2.411292538977937e-08}. Best is trial 7 with value: 0.06644294789160625.
[I 2026-06-01 15:48:13,896] A new study created in memory with name: no-name-ccf3f808-358b-4628-b149-097c5eb1a274
[I 2026-06-01 15:48:14,078] Trial 0 finished with value: 0.0001317204440920594 and parameters: {'confidence_threshold': 0.5870645682749857, 'training_days': 90, 'n_estimators': 403, 'max_depth': 5, 'num_leaves': 45, 'learning_rate': 0.0780457193679974, 'subsample': 0.9428509515574568, 'colsample_bytree': 0.8795587339164916, 'min_child_samples': 34, 'reg_alpha': 2.2465901234314442e-07, 'reg_lambda': 8.339007036475363e-05}. Best is trial 0 with value: 0.0001317204440920594.
[I 2026-06-01 15:48:14,190] Trial 1 finished with value: 0.04984025546624044 and parameters: {'confidence_threshold': 0.6348453934275313, 'training_days': 290, 'n_estimators': 115, 'max_depth': 5, 'num_leaves': 37, 'learning_rate': 0.06949568759029946, 'subsample': 0.8228505074024268, 'colsample_bytree': 0.8616703220431751, 'min_child_samples': 75, 'reg_alpha': 4.2486822725010923e-07, 'reg_lambda': 1.157247767047042e-07}. Best is trial 1 with value: 0.04984025546624044.
[I 2026-06-01 15:48:14,210] Trial 2 finished with value: -2.0477337919812024 and parameters: {'confidence_threshold': 0.5849570384370288, 'training_days': 10, 'n_estimators': 212, 'max_depth': 3, 'num_leaves': 41, 'learning_rate': 0.18452095998378365, 'subsample': 0.6001060822924371, 'colsample_bytree': 0.5673167293506167, 'min_child_samples': 37, 'reg_alpha': 5.733250064217131, 'reg_lambda': 0.5308454292595461}. Best is trial 1 with value: 0.04984025546624044.
[I 2026-06-01 15:48:14,288] Trial 3 finished with value: 0.03335071652310234 and parameters: {'confidence_threshold': 0.6868248626683718, 'training_days': 220, 'n_estimators': 134, 'max_depth': 3, 'num_leaves': 45, 'learning_rate': 0.033529007907491595, 'subsample': 0.8647277071858408, 'colsample_bytree': 0.778494116634046, 'min_child_samples': 96, 'reg_alpha': 2.409409937265785e-07, 'reg_lambda': 1.1642073478060009}. Best is trial 1 with value: 0.04984025546624044.
[I 2026-06-01 15:48:14,374] Trial 4 finished with value: 0.039757034007985366 and parameters: {'confidence_threshold': 0.5623121348350352, 'training_days': 300, 'n_estimators': 69, 'max_depth': 4, 'num_leaves': 32, 'learning_rate': 0.14967629360700346, 'subsample': 0.5054535233636654, 'colsample_bytree': 0.7401385194659216, 'min_child_samples': 27, 'reg_alpha': 1.4212042567426725e-07, 'reg_lambda': 0.23605753701352003}. Best is trial 1 with value: 0.04984025546624044.
[I 2026-06-01 15:48:14,792] Trial 5 finished with value: -0.028873516303637926 and parameters: {'confidence_threshold': 0.7111850244908446, 'training_days': 490, 'n_estimators': 362, 'max_depth': 5, 'num_leaves': 40, 'learning_rate': 0.05960785724162737, 'subsample': 0.5589714368907717, 'colsample_bytree': 0.6659006943232806, 'min_child_samples': 42, 'reg_alpha': 0.6741360303045295, 'reg_lambda': 6.054601607143087e-08}. Best is trial 1 with value: 0.04984025546624044.
[I 2026-06-01 15:48:14,975] Trial 6 finished with value: -0.016693683409248206 and parameters: {'confidence_threshold': 0.667482545748023, 'training_days': 420, 'n_estimators': 279, 'max_depth': 3, 'num_leaves': 45, 'learning_rate': 0.040099592560849204, 'subsample': 0.8563114696415159, 'colsample_bytree': 0.5442917781944105, 'min_child_samples': 50, 'reg_alpha': 1.6407916423707903e-08, 'reg_lambda': 2.935907642973286e-05}. Best is trial 1 with value: 0.04984025546624044.
[I 2026-06-01 15:48:15,134] Trial 7 finished with value: -0.01606499203366621 and parameters: {'confidence_threshold': 0.5497381024139926, 'training_days': 120, 'n_estimators': 408, 'max_depth': 5, 'num_leaves': 38, 'learning_rate': 0.28049122657745795, 'subsample': 0.8806573338635493, 'colsample_bytree': 0.5454054113547102, 'min_child_samples': 63, 'reg_alpha': 0.01263008637940408, 'reg_lambda': 0.04588020805366937}. Best is trial 1 with value: 0.04984025546624044.
[I 2026-06-01 15:48:15,409] Trial 8 finished with value: -0.00038605895787214157 and parameters: {'confidence_threshold': 0.719644804808716, 'training_days': 450, 'n_estimators': 410, 'max_depth': 4, 'num_leaves': 57, 'learning_rate': 0.04022026551478857, 'subsample': 0.5336085426932707, 'colsample_bytree': 0.5705742850577543, 'min_child_samples': 100, 'reg_alpha': 5.916398047912201e-07, 'reg_lambda': 0.9794034214488329}. Best is trial 1 with value: 0.04984025546624044.
[I 2026-06-01 15:48:15,432] Trial 9 finished with value: -4.074559389725936 and parameters: {'confidence_threshold': 0.7267463643917187, 'training_days': 20, 'n_estimators': 337, 'max_depth': 5, 'num_leaves': 23, 'learning_rate': 0.022153031811454605, 'subsample': 0.6305627572358737, 'colsample_bytree': 0.6613413774216214, 'min_child_samples': 81, 'reg_alpha': 5.7638634029410314e-08, 'reg_lambda': 8.26603016764008}. Best is trial 1 with value: 0.04984025546624044.
[I 2026-06-01 15:48:15,596] Trial 10 finished with value: -6.136962125239675 and parameters: {'confidence_threshold': 0.8398533911817929, 'training_days': 320, 'n_estimators': 181, 'max_depth': 4, 'num_leaves': 15, 'learning_rate': 0.013684491588422613, 'subsample': 0.7320664585010437, 'colsample_bytree': 0.9944479338273263, 'min_child_samples': 74, 'reg_alpha': 4.136971884522066e-05, 'reg_lambda': 1.4599322889399585e-08}. Best is trial 1 with value: 0.04984025546624044.
[I 2026-06-01 15:48:15,691] Trial 11 finished with value: 0.010641618023391369 and parameters: {'confidence_threshold': 0.6075016155177957, 'training_days': 300, 'n_estimators': 54, 'max_depth': 4, 'num_leaves': 29, 'learning_rate': 0.1006199621535868, 'subsample': 0.741942921860466, 'colsample_bytree': 0.8016610248739169, 'min_child_samples': 21, 'reg_alpha': 2.5646023357365184e-05, 'reg_lambda': 0.00647465266809438}. Best is trial 1 with value: 0.04984025546624044.
[I 2026-06-01 15:48:15,758] Trial 12 finished with value: 0.0695976080022506 and parameters: {'confidence_threshold': 0.5145853631584999, 'training_days': 220, 'n_estimators': 54, 'max_depth': 4, 'num_leaves': 30, 'learning_rate': 0.13007949331851176, 'subsample': 0.6658254399764199, 'colsample_bytree': 0.8750909515331022, 'min_child_samples': 64, 'reg_alpha': 7.696286523139123e-06, 'reg_lambda': 1.4304147444691813e-06}. Best is trial 12 with value: 0.0695976080022506.
[I 2026-06-01 15:48:15,858] Trial 13 finished with value: 0.02769731554063647 and parameters: {'confidence_threshold': 0.500997586819341, 'training_days': 200, 'n_estimators': 123, 'max_depth': 4, 'num_leaves': 55, 'learning_rate': 0.11842510796771445, 'subsample': 0.6917102716187485, 'colsample_bytree': 0.9109205692488689, 'min_child_samples': 67, 'reg_alpha': 8.465942575614097e-06, 'reg_lambda': 1.8799948266058237e-06}. Best is trial 12 with value: 0.0695976080022506.
[I 2026-06-01 15:48:16,318] Trial 14 finished with value: -0.012861430649509852 and parameters: {'confidence_threshold': 0.6439954054899397, 'training_days': 380, 'n_estimators': 500, 'max_depth': 5, 'num_leaves': 27, 'learning_rate': 0.2292618382467505, 'subsample': 0.7851487748866213, 'colsample_bytree': 0.8807055118050451, 'min_child_samples': 82, 'reg_alpha': 0.0005061136429986853, 'reg_lambda': 7.511821216979274e-07}. Best is trial 12 with value: 0.0695976080022506.
[I 2026-06-01 15:48:16,420] Trial 15 finished with value: 0.06752591705045367 and parameters: {'confidence_threshold': 0.505638458139394, 'training_days': 180, 'n_estimators': 109, 'max_depth': 4, 'num_leaves': 18, 'learning_rate': 0.07102540760937522, 'subsample': 0.651854632563364, 'colsample_bytree': 0.9813299066503459, 'min_child_samples': 50, 'reg_alpha': 0.002133995302102601, 'reg_lambda': 1.4459600047084956e-06}. Best is trial 12 with value: 0.0695976080022506.
[I 2026-06-01 15:48:16,591] Trial 16 finished with value: 0.07002431552084556 and parameters: {'confidence_threshold': 0.506229778347798, 'training_days': 180, 'n_estimators': 229, 'max_depth': 4, 'num_leaves': 15, 'learning_rate': 0.104321225794254, 'subsample': 0.6577011495975604, 'colsample_bytree': 0.990731063286383, 'min_child_samples': 52, 'reg_alpha': 0.0036991964421060736, 'reg_lambda': 5.3185666379252024e-06}. Best is trial 16 with value: 0.07002431552084556.
