[I 2026-06-01 15:47:27,127] Trial 9 finished with value: 0.01727807013546694 and parameters: {'confidence_threshold': 0.6202096049169137, 'training_days': 260, 'n_estimators': 350, 'max_depth': 3, 'num_leaves': 21, 'learning_rate': 0.02989540198065364, 'subsample': 0.8307821683331218, 'colsample_bytree': 0.923253112635361, 'min_child_samples': 64, 'reg_alpha': 0.4898604619604203, 'reg_lambda': 2.9076377687066166e-05}. Best is trial 3 with value: 0.06694131136773347.
[I 2026-06-01 15:47:27,587] Trial 10 finished with value: -0.1131380004256469 and parameters: {'confidence_threshold': 0.6756170272727778, 'training_days': 470, 'n_estimators': 493, 'max_depth': 4, 'num_leaves': 63, 'learning_rate': 0.010221918552934462, 'subsample': 0.9383547926937981, 'colsample_bytree': 0.6202684210924141, 'min_child_samples': 44, 'reg_alpha': 2.371385268938747e-08, 'reg_lambda': 0.015315426420116851}. Best is trial 3 with value: 0.06694131136773347.
[I 2026-06-01 15:47:27,779] Trial 11 finished with value: -0.015212987846490366 and parameters: {'confidence_threshold': 0.6840516532713735, 'training_days': 350, 'n_estimators': 232, 'max_depth': 3, 'num_leaves': 63, 'learning_rate': 0.2803194586810138, 'subsample': 0.6581542700946174, 'colsample_bytree': 0.6778283959364831, 'min_child_samples': 39, 'reg_alpha': 3.8559713145189174e-07, 'reg_lambda': 0.001778082328685607}. Best is trial 3 with value: 0.06694131136773347.
[I 2026-06-01 15:47:28,098] Trial 12 finished with value: -0.05765447229265784 and parameters: {'confidence_threshold': 0.830632524875604, 'training_days': 330, 'n_estimators': 489, 'max_depth': 3, 'num_leaves': 27, 'learning_rate': 0.021442972716943478, 'subsample': 0.6775760748210882, 'colsample_bytree': 0.5201164353688423, 'min_child_samples': 20, 'reg_alpha': 7.059808345859644e-07, 'reg_lambda': 0.03763104455123277}. Best is trial 3 with value: 0.06694131136773347.
[I 2026-06-01 15:47:28,130] Trial 13 finished with value: -2.014787103778873 and parameters: {'confidence_threshold': 0.7204346383264851, 'training_days': 10, 'n_estimators': 211, 'max_depth': 3, 'num_leaves': 29, 'learning_rate': 0.011266513790988052, 'subsample': 0.5024707401359401, 'colsample_bytree': 0.7082407533656954, 'min_child_samples': 44, 'reg_alpha': 1.857775477249231e-06, 'reg_lambda': 0.0001467312000153839}. Best is trial 3 with value: 0.06694131136773347.

  [label] 2023-07-15 16:00 ETHUSDT entry=1930.4000 → SHORT | long=sl(-3.23%) short=timeout(+3.26%) | scanned=22 | no_tp→fwd_return=-3.3568
  [label] 2023-08-03 08:00 ETHUSDT entry=1839.6400 → LONG | long=timeout(+0.63%) short=timeout(-0.83%) | scanned=22 | no_tp→fwd_return=+0.7349
  [label] 2023-08-09 16:00 ETHUSDT entry=1854.7000 → SHORT | long=sl(-1.92%) short=timeout(+2.46%) | scanned=22 | no_tp→fwd_return=-2.5616
  [label] 2023-08-22 00:00 ETHUSDT entry=1665.5700 → SHORT | long=sl(-3.30%) short=timeout(+1.04%) | scanned=22 | no_tp→fwd_return=-1.1408
  [label] 2023-09-30 08:00 ETHUSDT entry=1682.5300 → LONG | long=tp(+4.62%) short=sl(-2.46%) | scanned=4 | long_tp_only
  [label] 2023-10-10 08:00 ETHUSDT entry=1567.2500 → LONG | long=sl(-3.01%) short=sl(-3.01%) | scanned=18 | no_tp→fwd_return=+0.6247
  [label] 2024-01-04 08:00 ETHUSDT entry=2277.8600 → LONG | long=tp(+11.01%) short=sl(-5.65%) | scanned=19 | long_tp_only
  Labels: 1053 long (48.6%), 1115 short (51.4%) | weights: min=1.00, mean=2.84, max=10.00
  Features: 2168/2168 matched, 48 columns
  CV gap: 22 rows
  [ensemble 1/3] seed=42
    [trial 0] 48 features, training_days=480 | threshold=0.631 | labels: 1053 long, 1115 short (49/51%)
    [CV fold 0] train_end=2022-05-25 08:00 | val_start=2022-06-02 00:00 | gap=184h (22 rows)
    [CV fold 1] train_end=2022-09-22 16:00 | val_start=2022-09-30 08:00 | gap=184h (22 rows)
    [CV fold 2] train_end=2023-01-21 00:00 | val_start=2023-01-28 16:00 | gap=184h (22 rows)
    [CV fold 3] train_end=2023-05-21 08:00 | val_start=2023-05-29 00:00 | gap=184h (22 rows)
    [CV fold 4] train_end=2023-09-18 16:00 | val_start=2023-09-26 08:00 | gap=184h (22 rows)
    [trial 0] Sharpe=-0.0872 (folds: 0.0891, -0.3598, -0.1172, -0.1207, 0.0727)
    [trial 1] 48 features, training_days=420 | threshold=0.839 | labels: 1053 long, 1115 short (49/51%)
    [trial 1] Sharpe=-1.9889 (folds: 0.2275, 0.1598, 0.0519, -10.0000, -0.3835)
    [trial 2] 48 features, training_days=190 | threshold=0.602 | labels: 1053 long, 1115 short (49/51%)
    [trial 2] Sharpe=0.0357 (folds: 0.0978, -0.1177, -0.0101, 0.0090, 0.1995)
    [trial 3] 48 features, training_days=490 | threshold=0.832 | labels: 1053 long, 1115 short (49/51%)
    [trial 3] Sharpe=-0.0424 (folds: 0.1720, -0.2368, -0.1421, 0.0276, -0.0325)
    [trial 4] 48 features, training_days=340 | threshold=0.591 | labels: 1053 long, 1115 short (49/51%)
    [trial 4] Sharpe=-0.0307 (folds: 0.1144, -0.3212, -0.0494, 0.0437, 0.0589)
    [trial 5] 48 features, training_days=50 | threshold=0.823 | labels: 1053 long, 1115 short (49/51%)
    [trial 5] Sharpe=0.0952 (folds: 0.1524, -0.1934, -0.2326, 0.7200, 0.0294)
    [trial 6] 48 features, training_days=410 | threshold=0.549 | labels: 1053 long, 1115 short (49/51%)
    [trial 6] Sharpe=-0.0624 (folds: 0.1318, -0.2726, -0.2165, 0.0467, -0.0013)
    [trial 7] 48 features, training_days=180 | threshold=0.526 | labels: 1053 long, 1115 short (49/51%)
    [trial 7] Sharpe=0.0078 (folds: 0.0552, -0.1993, -0.0345, 0.0169, 0.2005)
    [trial 8] 48 features, training_days=240 | threshold=0.811 | labels: 1053 long, 1115 short (49/51%)
    [trial 8] Sharpe=0.0152 (folds: 0.0387, -0.2816, -0.0796, 0.2276, 0.1707)
    [trial 9] 48 features, training_days=20 | threshold=0.538 | labels: 1053 long, 1115 short (49/51%)
    [trial 9] Sharpe=-0.0470 (folds: 0.0056, -0.1610, 0.0152, 0.1148, -0.2095)
    [trial 10] 48 features, training_days=10 | threshold=0.732 | labels: 1053 long, 1115 short (49/51%)
    [trial 10] Sharpe=-2.0148 (folds: 0.0056, -10.0000, 0.0152, 0.1148, -0.2095)
    [trial 11] 48 features, training_days=120 | threshold=0.703 | labels: 1053 long, 1115 short (49/51%)
    [trial 11] Sharpe=-0.0220 (folds: 0.1594, -0.2013, -0.2439, -0.0503, 0.2261)
    [trial 12] 48 features, training_days=110 | threshold=0.767 | labels: 1053 long, 1115 short (49/51%)
    [trial 12] Sharpe=0.0460 (folds: 0.1431, 0.0608, -0.1918, -0.0043, 0.2219)
    [trial 13] 48 features, training_days=100 | threshold=0.774 | labels: 1053 long, 1115 short (49/51%)
    [trial 13] Sharpe=0.0440 (folds: 0.0290, 0.0331, -0.1968, 0.1357, 0.2192)
    [trial 14] 48 features, training_days=90 | threshold=0.759 | labels: 1053 long, 1115 short (49/51%)
    [trial 14] Sharpe=-0.0350 (folds: -0.1005, 0.0109, -0.1547, 0.0696, -0.0005)
    [trial 15] 48 features, training_days=50 | threshold=0.677 | labels: 1053 long, 1115 short (49/51%)
    [trial 15] Sharpe=-0.0013 (folds: 0.0515, -0.2180, -0.0684, 0.2709, -0.0425)
    [trial 16] 48 features, training_days=160 | threshold=0.780 | labels: 1053 long, 1115 short (49/51%)
    [trial 16] Sharpe=0.0192 (folds: 0.0696, -0.2058, 0.0376, -0.0583, 0.2528)
    [trial 17] 48 features, training_days=290 | threshold=0.730 | labels: 1053 long, 1115 short (49/51%)
    [trial 17] Sharpe=0.0271 (folds: 0.0158, -0.2496, -0.0487, 0.1244, 0.2938)
  Optuna: 18 trials, best Sharpe = 0.0952
  Best params: n_estimators=138, max_depth=3, lr=0.0375, leaves=30
  Best confidence_threshold: 0.823
  Best training_days: 50
  Retrained on full data (150 samples, 48 features)
  [ensemble 2/3] seed=123
    [trial 0] 48 features, training_days=150 | threshold=0.744 | labels: 1053 long, 1115 short (49/51%)
    [CV fold 0] train_end=2022-05-25 08:00 | val_start=2022-06-02 00:00 | gap=184h (22 rows)
    [CV fold 1] train_end=2022-09-22 16:00 | val_start=2022-09-30 08:00 | gap=184h (22 rows)
    [CV fold 2] train_end=2023-01-21 00:00 | val_start=2023-01-28 16:00 | gap=184h (22 rows)
    [CV fold 3] train_end=2023-05-21 08:00 | val_start=2023-05-29 00:00 | gap=184h (22 rows)
    [CV fold 4] train_end=2023-09-18 16:00 | val_start=2023-09-26 08:00 | gap=184h (22 rows)
    [trial 0] Sharpe=-0.0123 (folds: 0.0191, -0.2462, 0.1569, -0.2938, 0.3027)
    [trial 1] 48 features, training_days=220 | threshold=0.755 | labels: 1053 long, 1115 short (49/51%)
    [trial 1] Sharpe=-1.8730 (folds: 0.3936, -0.2290, 0.2622, -10.0000, 0.2082)
    [trial 2] 48 features, training_days=310 | threshold=0.754 | labels: 1053 long, 1115 short (49/51%)
    [trial 2] Sharpe=0.0478 (folds: 0.2435, -0.2278, -0.0796, 0.0674, 0.2357)
    [trial 3] 48 features, training_days=220 | threshold=0.673 | labels: 1053 long, 1115 short (49/51%)
    [trial 3] Sharpe=0.0669 (folds: 0.0600, -0.1125, 0.0323, 0.1966, 0.1582)
    [trial 4] 48 features, training_days=130 | threshold=0.803 | labels: 1053 long, 1115 short (49/51%)
    [trial 4] Sharpe=0.0050 (folds: 0.1667, -0.3105, -0.0560, -0.0629, 0.2875)
    [trial 5] 48 features, training_days=210 | threshold=0.606 | labels: 1053 long, 1115 short (49/51%)
    [trial 5] Sharpe=0.0041 (folds: 0.0888, -0.2094, 0.0847, -0.0132, 0.0696)
    [trial 6] 48 features, training_days=130 | threshold=0.767 | labels: 1053 long, 1115 short (49/51%)
    [trial 6] Sharpe=-0.0078 (folds: 0.1135, -0.3070, -0.1670, 0.0858, 0.2359)
    [trial 7] 48 features, training_days=80 | threshold=0.556 | labels: 1053 long, 1115 short (49/51%)
    [trial 7] Sharpe=0.0333 (folds: -0.1036, 0.1179, -0.0889, 0.0710, 0.1699)
    [trial 8] 48 features, training_days=200 | threshold=0.607 | labels: 1053 long, 1115 short (49/51%)
    [trial 8] Sharpe=0.0152 (folds: 0.0182, -0.1457, -0.0584, 0.1449, 0.1168)
    [trial 9] 48 features, training_days=260 | threshold=0.620 | labels: 1053 long, 1115 short (49/51%)
    [trial 9] Sharpe=0.0173 (folds: 0.1200, -0.2567, -0.0113, 0.0449, 0.1895)
    [trial 10] 48 features, training_days=470 | threshold=0.676 | labels: 1053 long, 1115 short (49/51%)
    [trial 10] Sharpe=-0.1131 (folds: 0.0818, -0.2837, -0.1702, -0.1983, 0.0047)
    [trial 11] 48 features, training_days=350 | threshold=0.684 | labels: 1053 long, 1115 short (49/51%)
    [trial 11] Sharpe=-0.0152 (folds: 0.0317, -0.1917, -0.0105, 0.0401, 0.0544)
    [trial 12] 48 features, training_days=330 | threshold=0.831 | labels: 1053 long, 1115 short (49/51%)
    [trial 12] Sharpe=-0.0577 (folds: 0.2792, -0.1658, -0.2482, 0.0089, -0.1624)
    [trial 13] 48 features, training_days=10 | threshold=0.720 | labels: 1053 long, 1115 short (49/51%)
    [trial 13] Sharpe=-2.0148 (folds: 0.0056, -10.0000, 0.0152, 0.1148, -0.2095)
    [trial 14] 48 features, training_days=330 | threshold=0.517 | labels: 1053 long, 1115 short (49/51%)[I 2026-06-01 15:47:28,526] Trial 14 finished with value: -0.027067740862865442 and parameters: {'confidence_threshold': 0.5166805703527768, 'training_days': 330, 'n_estimators': 422, 'max_depth': 4, 'num_leaves': 56, 'learning_rate': 0.042937253223439165, 'subsample': 0.7053932232869037, 'colsample_bytree': 0.7633859154618698, 'min_child_samples': 33, 'reg_alpha': 0.016435092915656313, 'reg_lambda': 4.893140801637789e-07}. Best is trial 3 with value: 0.06694131136773347.
[I 2026-06-01 15:47:28,804] Trial 15 finished with value: -0.011355539179485463 and parameters: {'confidence_threshold': 0.7108269657108626, 'training_days': 430, 'n_estimators': 300, 'max_depth': 4, 'num_leaves': 35, 'learning_rate': 0.15656942328942874, 'subsample': 0.8938235914185146, 'colsample_bytree': 0.6333704734317269, 'min_child_samples': 52, 'reg_alpha': 1.440631523314742e-08, 'reg_lambda': 3.5532501480887757}. Best is trial 3 with value: 0.06694131136773347.
[I 2026-06-01 15:47:28,935] Trial 16 finished with value: -0.026751026425345787 and parameters: {'confidence_threshold': 0.6463570731976999, 'training_days': 290, 'n_estimators': 173, 'max_depth': 3, 'num_leaves': 15, 'learning_rate': 0.019528499757471573, 'subsample': 0.6259757956590382, 'colsample_bytree': 0.7584128129121731, 'min_child_samples': 99, 'reg_alpha': 0.00018122432355659928, 'reg_lambda': 0.0002786624127605132}. Best is trial 3 with value: 0.06694131136773347.
[I 2026-06-01 15:47:29,114] Trial 17 finished with value: -5.986993818991185 and parameters: {'confidence_threshold': 0.8121513155457407, 'training_days': 390, 'n_estimators': 93, 'max_depth': 5, 'num_leaves': 41, 'learning_rate': 0.029414298900033123, 'subsample': 0.7450383193201127, 'colsample_bytree': 0.8999265377268035, 'min_child_samples': 29, 'reg_alpha': 7.284070645541434, 'reg_lambda': 9.175384774436285e-07}. Best is trial 3 with value: 0.06694131136773347.
[I 2026-06-01 15:47:29,419] A new study created in memory with name: no-name-b2f6e162-9065-40ce-ad33-09b9d9169da9
[I 2026-06-01 15:47:29,599] Trial 0 finished with value: -0.043044605680830864 and parameters: {'confidence_threshold': 0.5870645682749857, 'training_days': 90, 'n_estimators': 403, 'max_depth': 5, 'num_leaves': 45, 'learning_rate': 0.0780457193679974, 'subsample': 0.9428509515574568, 'colsample_bytree': 0.8795587339164916, 'min_child_samples': 34, 'reg_alpha': 2.2465901234314442e-07, 'reg_lambda': 8.339007036475363e-05}. Best is trial 0 with value: -0.043044605680830864.
[I 2026-06-01 15:47:29,696] Trial 1 finished with value: 0.03039506667009379 and parameters: {'confidence_threshold': 0.6348453934275313, 'training_days': 290, 'n_estimators': 115, 'max_depth': 5, 'num_leaves': 37, 'learning_rate': 0.06949568759029946, 'subsample': 0.8228505074024268, 'colsample_bytree': 0.8616703220431751, 'min_child_samples': 75, 'reg_alpha': 4.2486822725010923e-07, 'reg_lambda': 1.157247767047042e-07}. Best is trial 1 with value: 0.03039506667009379.
[I 2026-06-01 15:47:29,714] Trial 2 finished with value: -0.011123391793929516 and parameters: {'confidence_threshold': 0.5849570384370288, 'training_days': 10, 'n_estimators': 212, 'max_depth': 3, 'num_leaves': 41, 'learning_rate': 0.18452095998378365, 'subsample': 0.6001060822924371, 'colsample_bytree': 0.5673167293506167, 'min_child_samples': 37, 'reg_alpha': 5.733250064217131, 'reg_lambda': 0.5308454292595461}. Best is trial 1 with value: 0.03039506667009379.
[I 2026-06-01 15:47:29,793] Trial 3 finished with value: 0.06102044172448149 and parameters: {'confidence_threshold': 0.6868248626683718, 'training_days': 220, 'n_estimators': 134, 'max_depth': 3, 'num_leaves': 45, 'learning_rate': 0.033529007907491595, 'subsample': 0.8647277071858408, 'colsample_bytree': 0.778494116634046, 'min_child_samples': 96, 'reg_alpha': 2.409409937265785e-07, 'reg_lambda': 1.1642073478060009}. Best is trial 3 with value: 0.06102044172448149.
[I 2026-06-01 15:47:29,878] Trial 4 finished with value: 0.0679926626108042 and parameters: {'confidence_threshold': 0.5623121348350352, 'training_days': 300, 'n_estimators': 69, 'max_depth': 4, 'num_leaves': 32, 'learning_rate': 0.14967629360700346, 'subsample': 0.5054535233636654, 'colsample_bytree': 0.7401385194659216, 'min_child_samples': 27, 'reg_alpha': 1.4212042567426725e-07, 'reg_lambda': 0.23605753701352003}. Best is trial 4 with value: 0.0679926626108042.
[I 2026-06-01 15:47:30,306] Trial 5 finished with value: -0.05628340725851237 and parameters: {'confidence_threshold': 0.7111850244908446, 'training_days': 490, 'n_estimators': 362, 'max_depth': 5, 'num_leaves': 40, 'learning_rate': 0.05960785724162737, 'subsample': 0.5589714368907717, 'colsample_bytree': 0.6659006943232806, 'min_child_samples': 42, 'reg_alpha': 0.6741360303045295, 'reg_lambda': 6.054601607143087e-08}. Best is trial 4 with value: 0.0679926626108042.
[I 2026-06-01 15:47:30,487] Trial 6 finished with value: 0.01607155220116212 and parameters: {'confidence_threshold': 0.667482545748023, 'training_days': 420, 'n_estimators': 279, 'max_depth': 3, 'num_leaves': 45, 'learning_rate': 0.040099592560849204, 'subsample': 0.8563114696415159, 'colsample_bytree': 0.5442917781944105, 'min_child_samples': 50, 'reg_alpha': 1.6407916423707903e-08, 'reg_lambda': 2.935907642973286e-05}. Best is trial 4 with value: 0.0679926626108042.
[I 2026-06-01 15:47:30,649] Trial 7 finished with value: -0.03830348959821222 and parameters: {'confidence_threshold': 0.5497381024139926, 'training_days': 120, 'n_estimators': 408, 'max_depth': 5, 'num_leaves': 38, 'learning_rate': 0.28049122657745795, 'subsample': 0.8806573338635493, 'colsample_bytree': 0.5454054113547102, 'min_child_samples': 63, 'reg_alpha': 0.01263008637940408, 'reg_lambda': 0.04588020805366937}. Best is trial 4 with value: 0.0679926626108042.
[I 2026-06-01 15:47:30,929] Trial 8 finished with value: -0.015209378876156265 and parameters: {'confidence_threshold': 0.719644804808716, 'training_days': 450, 'n_estimators': 410, 'max_depth': 4, 'num_leaves': 57, 'learning_rate': 0.04022026551478857, 'subsample': 0.5336085426932707, 'colsample_bytree': 0.5705742850577543, 'min_child_samples': 100, 'reg_alpha': 5.916398047912201e-07, 'reg_lambda': 0.9794034214488329}. Best is trial 4 with value: 0.0679926626108042.
[I 2026-06-01 15:47:30,959] Trial 9 finished with value: -2.069946564115358 and parameters: {'confidence_threshold': 0.7267463643917187, 'training_days': 20, 'n_estimators': 337, 'max_depth': 5, 'num_leaves': 23, 'learning_rate': 0.022153031811454605, 'subsample': 0.6305627572358737, 'colsample_bytree': 0.6613413774216214, 'min_child_samples': 81, 'reg_alpha': 5.7638634029410314e-08, 'reg_lambda': 8.26603016764008}. Best is trial 4 with value: 0.0679926626108042.
[I 2026-06-01 15:47:31,055] Trial 10 finished with value: 0.10041223153118148 and parameters: {'confidence_threshold': 0.8398533911817929, 'training_days': 320, 'n_estimators': 52, 'max_depth': 4, 'num_leaves': 15, 'learning_rate': 0.1708019296390162, 'subsample': 0.7130289643560688, 'colsample_bytree': 0.9944479338273263, 'min_child_samples': 23, 'reg_alpha': 6.837313901272251e-05, 'reg_lambda': 0.007549769720510555}. Best is trial 10 with value: 0.10041223153118148.
[I 2026-06-01 15:47:31,145] Trial 11 finished with value: 0.02561093227694341 and parameters: {'confidence_threshold': 0.8491135887906174, 'training_days': 330, 'n_estimators': 53, 'max_depth': 4, 'num_leaves': 15, 'learning_rate': 0.1479896125735391, 'subsample': 0.7103077871754093, 'colsample_bytree': 0.9628722124262472, 'min_child_samples': 20, 'reg_alpha': 7.819782027405133e-05, 'reg_lambda': 0.00647465266809438}. Best is trial 10 with value: 0.10041223153118148.
[I 2026-06-01 15:47:31,239] Trial 12 finished with value: -0.16234837527097098 and parameters: {'confidence_threshold': 0.83900033179092, 'training_days': 360, 'n_estimators': 54, 'max_depth': 4, 'num_leaves': 26, 'learning_rate': 0.12411615325331521, 'subsample': 0.7192240704891215, 'colsample_bytree': 0.7600429376871523, 'min_child_samples': 20, 'reg_alpha': 3.8786120004382785e-05, 'reg_lambda': 0.004172853895910727}. Best is trial 10 with value: 0.10041223153118148.
[I 2026-06-01 15:47:31,423] Trial 13 finished with value: 0.0748028941024318 and parameters: {'confidence_threshold': 0.5040535938350955, 'training_days': 220, 'n_estimators': 178, 'max_depth': 4, 'num_leaves': 28, 'learning_rate': 0.2948941742815317, 'subsample': 0.6573331142956225, 'colsample_bytree': 0.9584932215576711, 'min_child_samples': 27, 'reg_alpha': 0.0029723774918501726, 'reg_lambda': 0.0027474715549855432}. Best is trial 10 with value: 0.10041223153118148.
[I 2026-06-01 15:47:31,723] Trial 14 finished with value: -0.0036181700424476244 and parameters: {'confidence_threshold': 0.7734487553908478, 'training_days': 210, 'n_estimators': 500, 'max_depth': 4, 'num_leaves': 15, 'learning_rate': 0.28351918894922595, 'subsample': 0.6555291791776612, 'colsample_bytree': 0.9960696751950112, 'min_child_samples': 51, 'reg_alpha': 0.005048634459850659, 'reg_lambda': 5.1345282937911e-06}. Best is trial 10 with value: 0.10041223153118148.
[I 2026-06-01 15:47:31,894] Trial 15 finished with value: -0.011731124071078602 and parameters: {'confidence_threshold': 0.5071335378771338, 'training_days': 180, 'n_estimators': 193, 'max_depth': 4, 'num_leaves': 23, 'learning_rate': 0.010021720453838681, 'subsample': 0.7637458705013973, 'colsample_bytree': 0.9160264340943409, 'min_child_samples': 31, 'reg_alpha': 0.002133995302102607, 'reg_lambda': 0.0013467843257158065}. Best is trial 10 with value: 0.10041223153118148.
[I 2026-06-01 15:47:32,100] Trial 16 finished with value: -0.03339128660759476 and parameters: {'confidence_threshold': 0.7809712285122007, 'training_days': 380, 'n_estimators': 181, 'max_depth': 4, 'num_leaves': 30, 'learning_rate': 0.10368998823424823, 'subsample': 0.7822598972898607, 'colsample_bytree': 0.9366139614900343, 'min_child_samples': 45, 'reg_alpha': 1.8890011281525414e-05, 'reg_lambda': 0.00045023507663904857}. Best is trial 10 with value: 0.10041223153118148.
