[I 2026-06-01 15:49:08,864] Trial 9 finished with value: -1.8945887392658292 and parameters: {'confidence_threshold': 0.7267463643917187, 'training_days': 20, 'n_estimators': 337, 'max_depth': 5, 'num_leaves': 23, 'learning_rate': 0.022153031811454605, 'subsample': 0.6305627572358737, 'colsample_bytree': 0.6613413774216214, 'min_child_samples': 81, 'reg_alpha': 5.7638634029410314e-08, 'reg_lambda': 8.26603016764008}. Best is trial 3 with value: 0.06528513666791601.
[I 2026-06-01 15:49:08,973] Trial 10 finished with value: -7.981336608363307 and parameters: {'confidence_threshold': 0.8283920119574972, 'training_days': 200, 'n_estimators': 181, 'max_depth': 3, 'num_leaves': 62, 'learning_rate': 0.011579281028220855, 'subsample': 0.7130289643560688, 'colsample_bytree': 0.9944479338273263, 'min_child_samples': 100, 'reg_alpha': 6.837313901272251e-05, 'reg_lambda': 0.0027253228209330924}. Best is trial 3 with value: 0.06528513666791601.
[I 2026-06-01 15:49:09,047] Trial 11 finished with value: 0.001681662705570164 and parameters: {'confidence_threshold': 0.6435110568867387, 'training_days': 300, 'n_estimators': 53, 'max_depth': 4, 'num_leaves': 52, 'learning_rate': 0.0222741777320615, 'subsample': 0.7864449612484271, 'colsample_bytree': 0.8566211708639163, 'min_child_samples': 82, 'reg_alpha': 2.5646023357365184e-05, 'reg_lambda': 7.359299995524362e-08}. Best is trial 3 with value: 0.06528513666791601.
[I 2026-06-01 15:49:09,163] Trial 12 finished with value: 0.06860948269710461 and parameters: {'confidence_threshold': 0.8008961038526314, 'training_days': 220, 'n_estimators': 139, 'max_depth': 4, 'num_leaves': 28, 'learning_rate': 0.09265206884400709, 'subsample': 0.9912016966112274, 'colsample_bytree': 0.8319084769095351, 'min_child_samples': 77, 'reg_alpha': 3.5050805301964397e-06, 'reg_lambda': 2.323935870907716e-06}. Best is trial 12 with value: 0.06860948269710461.
[I 2026-06-01 15:49:09,274] Trial 13 finished with value: 0.02642762217895924 and parameters: {'confidence_threshold': 0.8155882952259649, 'training_days': 200, 'n_estimators': 167, 'max_depth': 4, 'num_leaves': 15, 'learning_rate': 0.10689882610703773, 'subsample': 0.9814243437154605, 'colsample_bytree': 0.7704197786801941, 'min_child_samples': 89, 'reg_alpha': 7.181938493272106e-06, 'reg_lambda': 5.735142082835628e-06}. Best is trial 12 with value: 0.06860948269710461.
[I 2026-06-01 15:49:09,536] Trial 14 finished with value: 0.07664123557656402 and parameters: {'confidence_threshold': 0.7723320301796328, 'training_days': 210, 'n_estimators': 500, 'max_depth': 3, 'num_leaves': 25, 'learning_rate': 0.024122962610962754, 'subsample': 0.9196426355912098, 'colsample_bytree': 0.7832231035788051, 'min_child_samples': 66, 'reg_alpha': 0.0005061136429986853, 'reg_lambda': 0.0023671002879568693}. Best is trial 14 with value: 0.07664123557656402.
[I 2026-06-01 15:49:09,728] Trial 15 finished with value: 0.019348985273119575 and parameters: {'confidence_threshold': 0.7748131014537611, 'training_days': 130, 'n_estimators': 477, 'max_depth': 3, 'num_leaves': 27, 'learning_rate': 0.010029620163898663, 'subsample': 0.9914362714424141, 'colsample_bytree': 0.9456728834580875, 'min_child_samples': 65, 'reg_alpha': 0.002133995302102601, 'reg_lambda': 0.0026406526000485684}. Best is trial 14 with value: 0.07664123557656402.
[I 2026-06-01 15:49:09,952] Trial 16 finished with value: -0.0031083130833830298 and parameters: {'confidence_threshold': 0.7685488663478329, 'training_days': 360, 'n_estimators': 240, 'max_depth': 4, 'num_leaves': 17, 'learning_rate': 0.02095125179112445, 'subsample': 0.9171428849231246, 'colsample_bytree': 0.7206864634481905, 'min_child_samples': 54, 'reg_alpha': 0.0010997119098546905, 'reg_lambda': 1.284132198127194e-06}. Best is trial 14 with value: 0.07664123557656402.
[I 2026-06-01 15:49:10,178] Trial 17 finished with value: -0.051905647935032106 and parameters: {'confidence_threshold': 0.7751136294595927, 'training_days': 150, 'n_estimators': 485, 'max_depth': 3, 'num_leaves': 25, 'learning_rate': 0.11605370575232173, 'subsample': 0.7373510346719546, 'colsample_bytree': 0.8110251707410185, 'min_child_samples': 70, 'reg_alpha': 0.04197186277732358, 'reg_lambda': 0.001352150060975526}. Best is trial 14 with value: 0.07664123557656402.

    [trial 1] 48 features, training_days=220 | threshold=0.755 | labels: 1118 long, 1053 short (51/49%)
    [trial 1] Sharpe=-1.8038 (folds: -0.0866, -10.0000, 0.8163, -0.0129, 0.2644)
    [trial 2] 48 features, training_days=310 | threshold=0.754 | labels: 1118 long, 1053 short (51/49%)
    [trial 2] Sharpe=0.1159 (folds: -0.0736, 0.2352, 0.2007, -0.0991, 0.3165)
    [trial 3] 48 features, training_days=220 | threshold=0.673 | labels: 1118 long, 1053 short (51/49%)
    [trial 3] Sharpe=0.0658 (folds: -0.0212, 0.1897, 0.1009, -0.1413, 0.2010)
    [trial 4] 48 features, training_days=130 | threshold=0.803 | labels: 1118 long, 1053 short (51/49%)
    [trial 4] Sharpe=-0.0441 (folds: -0.1770, -0.0114, -0.0365, -0.0988, 0.1030)
    [trial 5] 48 features, training_days=210 | threshold=0.606 | labels: 1118 long, 1053 short (51/49%)
    [trial 5] Sharpe=0.0754 (folds: -0.1029, 0.2295, 0.1457, -0.0326, 0.1372)
    [trial 6] 48 features, training_days=130 | threshold=0.767 | labels: 1118 long, 1053 short (51/49%)
    [trial 6] Sharpe=0.0380 (folds: -0.0740, -0.0231, 0.2775, -0.0833, 0.0928)
    [trial 7] 48 features, training_days=80 | threshold=0.556 | labels: 1118 long, 1053 short (51/49%)
    [trial 7] Sharpe=-0.0801 (folds: -0.1217, 0.0607, -0.4007, -0.0278, 0.0890)
    [trial 8] 48 features, training_days=200 | threshold=0.607 | labels: 1118 long, 1053 short (51/49%)
    [trial 8] Sharpe=0.0726 (folds: -0.0285, 0.2107, 0.0972, -0.0500, 0.1337)
    [trial 9] 48 features, training_days=260 | threshold=0.620 | labels: 1118 long, 1053 short (51/49%)
    [trial 9] Sharpe=0.0733 (folds: -0.1071, 0.2603, 0.1559, -0.1239, 0.1813)
    [trial 10] 48 features, training_days=420 | threshold=0.845 | labels: 1118 long, 1053 short (51/49%)
    [trial 10] Sharpe=0.1293 (folds: -0.1202, 0.0932, -0.0901, 0.0378, 0.7256)
    [trial 11] 48 features, training_days=430 | threshold=0.837 | labels: 1118 long, 1053 short (51/49%)
    [trial 11] Sharpe=0.0797 (folds: -0.1873, 0.0591, -0.0984, 0.0734, 0.5517)
    [trial 12] 48 features, training_days=380 | threshold=0.831 | labels: 1118 long, 1053 short (51/49%)
    [trial 12] Sharpe=-0.0395 (folds: -0.1289, -0.1679, -0.3299, 0.0113, 0.4178)
    [trial 13] 48 features, training_days=340 | threshold=0.718 | labels: 1118 long, 1053 short (51/49%)
    [trial 13] Sharpe=0.0856 (folds: -0.1534, 0.2465, 0.2596, -0.1196, 0.1948)
    [trial 14] 48 features, training_days=490 | threshold=0.695 | labels: 1118 long, 1053 short (51/49%)
    [trial 14] Sharpe=0.0406 (folds: -0.1487, 0.2459, -0.2707, 0.1044, 0.2721)
    [trial 15] 48 features, training_days=310 | threshold=0.790 | labels: 1118 long, 1053 short (51/49%)
    [trial 15] Sharpe=0.0809 (folds: -0.1170, 0.1844, 0.1444, -0.0909, 0.2836)
    [trial 16] 48 features, training_days=500 | threshold=0.835 | labels: 1118 long, 1053 short (51/49%)
    [trial 16] Sharpe=-2.0118 (folds: -0.1372, -0.3220, -0.4016, -10.0000, 0.8016)
    [trial 17] 48 features, training_days=400 | threshold=0.500 | labels: 1118 long, 1053 short (51/49%)
    [trial 17] Sharpe=0.0051 (folds: -0.1104, 0.1925, -0.0775, -0.0689, 0.0895)
  Optuna: 18 trials, best Sharpe = 0.1293
  Best params: n_estimators=494, max_depth=3, lr=0.0102, leaves=30
  Best confidence_threshold: 0.845
  Best training_days: 420
  Retrained on full data (1260 samples, 48 features)
  [ensemble 3/3] seed=456
    [trial 0] 48 features, training_days=90 | threshold=0.587 | labels: 1118 long, 1053 short (51/49%)
    [CV fold 0] train_end=2023-02-23 08:00 | val_start=2023-03-03 00:00 | gap=184h (22 rows)
    [CV fold 1] train_end=2023-06-23 16:00 | val_start=2023-07-01 08:00 | gap=184h (22 rows)
    [CV fold 2] train_end=2023-10-22 00:00 | val_start=2023-10-29 16:00 | gap=184h (22 rows)
    [CV fold 3] train_end=2024-02-19 08:00 | val_start=2024-02-27 00:00 | gap=184h (22 rows)
    [CV fold 4] train_end=2024-06-18 16:00 | val_start=2024-06-26 08:00 | gap=184h (22 rows)
    [trial 0] Sharpe=-0.0383 (folds: 0.0145, -0.0114, -0.1908, -0.0567, 0.0529)
    [trial 1] 48 features, training_days=290 | threshold=0.635 | labels: 1118 long, 1053 short (51/49%)
    [trial 1] Sharpe=0.0436 (folds: -0.0857, 0.2390, 0.0283, -0.1176, 0.1538)
    [trial 2] 48 features, training_days=10 | threshold=0.585 | labels: 1118 long, 1053 short (51/49%)
    [trial 2] Sharpe=-0.0756 (folds: -0.1392, 0.0061, -0.3851, 0.1027, 0.0375)
    [trial 3] 48 features, training_days=220 | threshold=0.687 | labels: 1118 long, 1053 short (51/49%)
    [trial 3] Sharpe=0.0653 (folds: -0.1779, 0.1685, 0.2429, -0.0889, 0.1819)
    [trial 4] 48 features, training_days=300 | threshold=0.562 | labels: 1118 long, 1053 short (51/49%)
    [trial 4] Sharpe=0.0434 (folds: -0.0842, 0.1572, 0.0964, -0.0531, 0.1009)
    [trial 5] 48 features, training_days=490 | threshold=0.711 | labels: 1118 long, 1053 short (51/49%)
    [trial 5] Sharpe=0.0326 (folds: -0.0960, 0.2877, -0.1612, -0.0150, 0.1473)
    [trial 6] 48 features, training_days=420 | threshold=0.667 | labels: 1118 long, 1053 short (51/49%)
    [trial 6] Sharpe=-0.0052 (folds: -0.0833, 0.2682, -0.2655, -0.0864, 0.1408)
    [trial 7] 48 features, training_days=120 | threshold=0.550 | labels: 1118 long, 1053 short (51/49%)
    [trial 7] Sharpe=-0.0854 (folds: -0.1232, -0.0263, -0.2028, -0.1236, 0.0487)
    [trial 8] 48 features, training_days=450 | threshold=0.720 | labels: 1118 long, 1053 short (51/49%)
    [trial 8] Sharpe=-0.0450 (folds: -0.2449, 0.1535, -0.1681, -0.0682, 0.1027)
    [trial 9] 48 features, training_days=20 | threshold=0.727 | labels: 1118 long, 1053 short (51/49%)
    [trial 9] Sharpe=-1.8946 (folds: -10.0000, -0.0084, 0.3952, 0.1027, 0.0375)
    [trial 10] 48 features, training_days=200 | threshold=0.828 | labels: 1118 long, 1053 short (51/49%)
    [trial 10] Sharpe=-7.9813 (folds: -10.0000, -10.0000, -10.0000, -10.0000, 0.0933)
    [trial 11] 48 features, training_days=300 | threshold=0.644 | labels: 1118 long, 1053 short (51/49%)
    [trial 11] Sharpe=0.0017 (folds: -0.1587, -0.1955, 0.1423, -0.1061, 0.3264)
    [trial 12] 48 features, training_days=220 | threshold=0.801 | labels: 1118 long, 1053 short (51/49%)
    [trial 12] Sharpe=0.0686 (folds: -0.2060, 0.2641, 0.2329, -0.1132, 0.1652)
    [trial 13] 48 features, training_days=200 | threshold=0.816 | labels: 1118 long, 1053 short (51/49%)
    [trial 13] Sharpe=0.0264 (folds: -0.2237, 0.2679, 0.0720, -0.0967, 0.1126)
    [trial 14] 48 features, training_days=210 | threshold=0.772 | labels: 1118 long, 1053 short (51/49%)
    [trial 14] Sharpe=0.0766 (folds: -0.1545, 0.3286, 0.2647, -0.2590, 0.2034)
    [trial 15] 48 features, training_days=130 | threshold=0.775 | labels: 1118 long, 1053 short (51/49%)
    [trial 15] Sharpe=0.0193 (folds: -0.1885, 0.1292, 0.2375, -0.1276, 0.0461)
    [trial 16] 48 features, training_days=360 | threshold=0.769 | labels: 1118 long, 1053 short (51/49%)
    [trial 16] Sharpe=-0.0031 (folds: -0.0871, 0.0905, -0.2286, -0.1599, 0.3697)
    [trial 17] 48 features, training_days=150 | threshold=0.775 | labels: 1118 long, 1053 short (51/49%)
    [trial 17] Sharpe=-0.0519 (folds: -0.1415, -0.0301, 0.0621, -0.0938, -0.0563)
  Optuna: 18 trials, best Sharpe = 0.0766
  Best params: n_estimators=500, max_depth=3, lr=0.0241, leaves=25
  Best confidence_threshold: 0.772
  Best training_days: 210
  Retrained on full data (630 samples, 48 features)
  OOD: 16 features, cutoff (q=0.7) = 14.25
  Model trained for 2024-11: 90 test candles with features, confidence_threshold=0.718
[predict] 2024-11-01 16:00 ETHUSDT → LONG (proba=0.73 TP=9.4%/SL=4.7%)
[trade:open] 2024-11-01 23:59 ETHUSDT LONG @ 2511.57 | SL=2393.74 TP=2747.24 | timeout=2024-11-08 23:59
[trade:close] 2024-11-04 23:59 ETHUSDT LONG → stop_loss @ 2393.74 | PnL=-4.69% (net -4.79%) | cum=-2.01% 2024-11=-4.79% 2024-11-04=-4.79%
[lgbm] === Training for 2024-12 ===
  Train window: 2022-12-01 → 2024-11-23
  2171 training samples from 1 symbols
  Samples per month: 2022-12: 93, 2023-01: 93, 2023-02: 84, 2023-03: 93, 2023-04: 90, 2023-05: 93, 2023-06: 90, 2023-07: 93, 2023-08: 93, 2023-09: 90, 2023-10: 93, 2023-11: 90, 2023-12: 93, 2024-01: 93, 2024-02: 87, 2024-03: 93, 2024-04: 90, 2024-05: 93, 2024-06: 90, 2024-07: 93, 2024-08: 93, 2024-09: 90, 2024-10: 93, 2024-11: 68[I 2026-06-01 15:49:10,870] A new study created in memory with name: no-name-67944580-50d1-404a-b843-fb3242511ae9
[I 2026-06-01 15:49:11,201] Trial 0 finished with value: 0.06264048356511318 and parameters: {'confidence_threshold': 0.6310890415965769, 'training_days': 480, 'n_estimators': 380, 'max_depth': 4, 'num_leaves': 22, 'learning_rate': 0.01699897838270077, 'subsample': 0.5290418060840998, 'colsample_bytree': 0.9330880728874675, 'min_child_samples': 68, 'reg_alpha': 0.023585940584142682, 'reg_lambda': 1.5320059381854043e-08}. Best is trial 0 with value: 0.06264048356511318.
[I 2026-06-01 15:49:11,334] Trial 1 finished with value: 0.12014787795895603 and parameters: {'confidence_threshold': 0.839468448256698, 'training_days': 420, 'n_estimators': 145, 'max_depth': 3, 'num_leaves': 23, 'learning_rate': 0.028145092716060652, 'subsample': 0.762378215816119, 'colsample_bytree': 0.7159725093210578, 'min_child_samples': 43, 'reg_alpha': 0.0032112643094417484, 'reg_lambda': 1.8007140198129195e-07}. Best is trial 1 with value: 0.12014787795895603.
[I 2026-06-01 15:49:11,501] Trial 2 finished with value: 0.06248203087108124 and parameters: {'confidence_threshold': 0.6022506269873263, 'training_days': 190, 'n_estimators': 255, 'max_depth': 5, 'num_leaves': 24, 'learning_rate': 0.05748924681991978, 'subsample': 0.7962072844310213, 'colsample_bytree': 0.5232252063599989, 'min_child_samples': 69, 'reg_alpha': 3.425445902633376e-07, 'reg_lambda': 3.850031979199519e-08}. Best is trial 1 with value: 0.12014787795895603.
[I 2026-06-01 15:49:11,779] Trial 3 finished with value: 0.0797219701388342 and parameters: {'confidence_threshold': 0.8321099380386666, 'training_days': 490, 'n_estimators': 414, 'max_depth': 3, 'num_leaves': 19, 'learning_rate': 0.1024932221692416, 'subsample': 0.7200762468698007, 'colsample_bytree': 0.5610191174223894, 'min_child_samples': 60, 'reg_alpha': 2.039373116525212e-08, 'reg_lambda': 1.527156759251193}. Best is trial 1 with value: 0.12014787795895603.
[I 2026-06-01 15:49:11,956] Trial 4 finished with value: 0.07047163461653863 and parameters: {'confidence_threshold': 0.5905729935600059, 'training_days': 340, 'n_estimators': 190, 'max_depth': 4, 'num_leaves': 41, 'learning_rate': 0.01875220945578641, 'subsample': 0.9847923138822793, 'colsample_bytree': 0.8875664116805573, 'min_child_samples': 96, 'reg_alpha': 1.1309571585271483, 'reg_lambda': 0.002404915432737351}. Best is trial 1 with value: 0.12014787795895603.
[I 2026-06-01 15:49:11,996] Trial 5 finished with value: 0.13387447961588267 and parameters: {'confidence_threshold': 0.8226559822580909, 'training_days': 50, 'n_estimators': 138, 'max_depth': 3, 'num_leaves': 30, 'learning_rate': 0.03750796359625606, 'subsample': 0.6356745158869479, 'colsample_bytree': 0.9143687545759647, 'min_child_samples': 48, 'reg_alpha': 3.376063348877853e-06, 'reg_lambda': 0.0007660634613082914}. Best is trial 5 with value: 0.13387447961588267.
[I 2026-06-01 15:49:12,115] Trial 6 finished with value: 0.03571944408281992 and parameters: {'confidence_threshold': 0.5493234787411669, 'training_days': 410, 'n_estimators': 83, 'max_depth': 5, 'num_leaves': 52, 'learning_rate': 0.019657448966046126, 'subsample': 0.5027610585618012, 'colsample_bytree': 0.9077307142274171, 'min_child_samples': 77, 'reg_alpha': 0.03639690979811287, 'reg_lambda': 0.08738424135626986}. Best is trial 5 with value: 0.13387447961588267.
[I 2026-06-01 15:49:12,212] Trial 7 finished with value: 0.051990953417072994 and parameters: {'confidence_threshold': 0.5259156281069316, 'training_days': 180, 'n_estimators': 102, 'max_depth': 5, 'num_leaves': 45, 'learning_rate': 0.030816017044468066, 'subsample': 0.5317791751430119, 'colsample_bytree': 0.6554911608578311, 'min_child_samples': 46, 'reg_alpha': 0.036851536911881845, 'reg_lambda': 0.005470376807480391}. Best is trial 5 with value: 0.13387447961588267.
[I 2026-06-01 15:49:12,342] Trial 8 finished with value: 0.02759705152372017 and parameters: {'confidence_threshold': 0.8105244599017143, 'training_days': 240, 'n_estimators': 103, 'max_depth': 5, 'num_leaves': 52, 'learning_rate': 0.06746437142284309, 'subsample': 0.8854835899772805, 'colsample_bytree': 0.7468977981821954, 'min_child_samples': 62, 'reg_alpha': 7.04480806377519e-05, 'reg_lambda': 1.6934490731313353e-08}. Best is trial 5 with value: 0.13387447961588267.
[I 2026-06-01 15:49:12,388] Trial 9 finished with value: 0.038617671587215956 and parameters: {'confidence_threshold': 0.5377619994476566, 'training_days': 20, 'n_estimators': 337, 'max_depth': 3, 'num_leaves': 39, 'learning_rate': 0.21907142272152816, 'subsample': 0.6246461145744375, 'colsample_bytree': 0.7051914615178149, 'min_child_samples': 81, 'reg_alpha': 1.1459970229341322e-06, 'reg_lambda': 4.929685216887945e-08}. Best is trial 5 with value: 0.13387447961588267.
[I 2026-06-01 15:49:12,420] Trial 10 finished with value: -2.075129159397128 and parameters: {'confidence_threshold': 0.7318981109748116, 'training_days': 10, 'n_estimators': 487, 'max_depth': 4, 'num_leaves': 31, 'learning_rate': 0.14704103471568217, 'subsample': 0.628963476300746, 'colsample_bytree': 0.987470107623585, 'min_child_samples': 25, 'reg_alpha': 2.608784411827665e-05, 'reg_lambda': 3.3639426888455256e-06}. Best is trial 5 with value: 0.13387447961588267.
[I 2026-06-01 15:49:12,519] Trial 11 finished with value: 0.1546858082907519 and parameters: {'confidence_threshold': 0.7615879655568232, 'training_days': 100, 'n_estimators': 185, 'max_depth': 3, 'num_leaves': 30, 'learning_rate': 0.04014790802108211, 'subsample': 0.7349716074984779, 'colsample_bytree': 0.8283518534791317, 'min_child_samples': 42, 'reg_alpha': 0.001175790894077933, 'reg_lambda': 2.463529356421494e-05}. Best is trial 11 with value: 0.1546858082907519.
[I 2026-06-01 15:49:12,631] Trial 12 finished with value: 0.11329565315137095 and parameters: {'confidence_threshold': 0.7295768943185144, 'training_days': 120, 'n_estimators': 222, 'max_depth': 3, 'num_leaves': 32, 'learning_rate': 0.03208899494279826, 'subsample': 0.6606462289633284, 'colsample_bytree': 0.8304278626461432, 'min_child_samples': 38, 'reg_alpha': 3.310691985108358e-06, 'reg_lambda': 2.02765538904868e-05}. Best is trial 11 with value: 0.1546858082907519.
[I 2026-06-01 15:49:12,728] Trial 13 finished with value: 0.1479080846489373 and parameters: {'confidence_threshold': 0.7725243002910354, 'training_days': 100, 'n_estimators': 171, 'max_depth': 3, 'num_leaves': 62, 'learning_rate': 0.04342469449614958, 'subsample': 0.8302231738892349, 'colsample_bytree': 0.8155421717694826, 'min_child_samples': 22, 'reg_alpha': 0.0006144001453708038, 'reg_lambda': 6.437971469334524e-05}. Best is trial 11 with value: 0.1546858082907519.
[I 2026-06-01 15:49:12,890] Trial 14 finished with value: 0.13573097234474674 and parameters: {'confidence_threshold': 0.7534219751173105, 'training_days': 120, 'n_estimators': 300, 'max_depth': 3, 'num_leaves': 60, 'learning_rate': 0.012077948426478895, 'subsample': 0.848381112018771, 'colsample_bytree': 0.8189434935446614, 'min_child_samples': 20, 'reg_alpha': 0.0007319329445534057, 'reg_lambda': 3.365989047910403e-05}. Best is trial 11 with value: 0.1546858082907519.
[I 2026-06-01 15:49:13,004] Trial 15 finished with value: 0.11916184988296244 and parameters: {'confidence_threshold': 0.6864066756483619, 'training_days': 100, 'n_estimators': 188, 'max_depth': 4, 'num_leaves': 61, 'learning_rate': 0.0845077257874414, 'subsample': 0.9297832692857878, 'colsample_bytree': 0.8100744538922787, 'min_child_samples': 34, 'reg_alpha': 3.3773588347326293, 'reg_lambda': 1.5406698946724467e-06}. Best is trial 11 with value: 0.1546858082907519.
[I 2026-06-01 15:49:13,241] Trial 16 finished with value: 0.07433509664162671 and parameters: {'confidence_threshold': 0.7773973842621497, 'training_days': 270, 'n_estimators': 251, 'max_depth': 4, 'num_leaves': 54, 'learning_rate': 0.04744638016445546, 'subsample': 0.8013687718960705, 'colsample_bytree': 0.632035183231185, 'min_child_samples': 34, 'reg_alpha': 0.0008366007677086171, 'reg_lambda': 4.8944615257057315e-05}. Best is trial 11 with value: 0.1546858082907519.
[I 2026-06-01 15:49:13,370] Trial 17 finished with value: 0.025338515772220432 and parameters: {'confidence_threshold': 0.6907817536206313, 'training_days': 180, 'n_estimators': 172, 'max_depth': 3, 'num_leaves': 36, 'learning_rate': 0.14168046193643383, 'subsample': 0.7004831188261247, 'colsample_bytree': 0.7861983638172064, 'min_child_samples': 26, 'reg_alpha': 0.00010396761370918986, 'reg_lambda': 0.04036357441505883}. Best is trial 11 with value: 0.1546858082907519.
[I 2026-06-01 15:49:13,759] A new study created in memory with name: no-name-a8ecacfe-2713-4a73-94df-c0eda4b3ddcf
[I 2026-06-01 15:49:13,858] Trial 0 finished with value: 0.005885264614091721 and parameters: {'confidence_threshold': 0.7437642149592516, 'training_days': 150, 'n_estimators': 152, 'max_depth': 4, 'num_leaves': 50, 'learning_rate': 0.04216766425047743, 'subsample': 0.9903820991923078, 'colsample_bytree': 0.8424148692924316, 'min_child_samples': 58, 'reg_alpha': 3.381097259762742e-05, 'reg_lambda': 1.2263152961306247e-05}. Best is trial 0 with value: 0.005885264614091721.
