[I 2026-06-01 15:43:30,233] Trial 16 finished with value: 0.1699865179752913 and parameters: {'confidence_threshold': 0.708086810514018, 'training_days': 430, 'n_estimators': 51, 'max_depth': 3, 'num_leaves': 46, 'learning_rate': 0.04912551454444725, 'subsample': 0.9721328065085247, 'colsample_bytree': 0.7245324714049957, 'min_child_samples': 21, 'reg_alpha': 1.5574845105570906e-07, 'reg_lambda': 0.0002786624127605132}. Best is trial 16 with value: 0.1699865179752913.
[I 2026-06-01 15:43:30,307] Trial 17 finished with value: -2.0431645251390855 and parameters: {'confidence_threshold': 0.8278557618575797, 'training_days': 410, 'n_estimators': 67, 'max_depth': 3, 'num_leaves': 45, 'learning_rate': 0.05359682006692475, 'subsample': 0.8601754420140612, 'colsample_bytree': 0.7353404943839517, 'min_child_samples': 21, 'reg_alpha': 4.601015253135745e-06, 'reg_lambda': 7.12167232792034e-07}. Best is trial 16 with value: 0.1699865179752913.
[I 2026-06-01 15:43:30,372] A new study created in memory with name: no-name-499a5b16-dced-4fa1-90c3-5bae794a7486
[I 2026-06-01 15:43:30,573] Trial 0 finished with value: -0.009158264879084476 and parameters: {'confidence_threshold': 0.5870645682749857, 'training_days': 90, 'n_estimators': 403, 'max_depth': 5, 'num_leaves': 45, 'learning_rate': 0.0780457193679974, 'subsample': 0.9428509515574568, 'colsample_bytree': 0.8795587339164916, 'min_child_samples': 34, 'reg_alpha': 2.2465901234314442e-07, 'reg_lambda': 8.339007036475363e-05}. Best is trial 0 with value: -0.009158264879084476.
[I 2026-06-01 15:43:30,669] Trial 1 finished with value: -0.0008594494092773207 and parameters: {'confidence_threshold': 0.6348453934275313, 'training_days': 290, 'n_estimators': 115, 'max_depth': 5, 'num_leaves': 37, 'learning_rate': 0.06949568759029946, 'subsample': 0.8228505074024268, 'colsample_bytree': 0.8616703220431751, 'min_child_samples': 75, 'reg_alpha': 4.2486822725010923e-07, 'reg_lambda': 1.157247767047042e-07}. Best is trial 1 with value: -0.0008594494092773207.
[I 2026-06-01 15:43:30,685] Trial 2 finished with value: -0.13158142387764832 and parameters: {'confidence_threshold': 0.5849570384370288, 'training_days': 10, 'n_estimators': 212, 'max_depth': 3, 'num_leaves': 41, 'learning_rate': 0.18452095998378365, 'subsample': 0.6001060822924371, 'colsample_bytree': 0.5673167293506167, 'min_child_samples': 37, 'reg_alpha': 5.733250064217131, 'reg_lambda': 0.5308454292595461}. Best is trial 1 with value: -0.0008594494092773207.
[I 2026-06-01 15:43:30,759] Trial 3 finished with value: 0.021857770321884563 and parameters: {'confidence_threshold': 0.6868248626683718, 'training_days': 220, 'n_estimators': 134, 'max_depth': 3, 'num_leaves': 45, 'learning_rate': 0.033529007907491595, 'subsample': 0.8647277071858408, 'colsample_bytree': 0.778494116634046, 'min_child_samples': 96, 'reg_alpha': 2.409409937265785e-07, 'reg_lambda': 1.1642073478060009}. Best is trial 3 with value: 0.021857770321884563.
[I 2026-06-01 15:43:30,837] Trial 4 finished with value: 0.03764142562409371 and parameters: {'confidence_threshold': 0.5623121348350352, 'training_days': 300, 'n_estimators': 69, 'max_depth': 4, 'num_leaves': 32, 'learning_rate': 0.14967629360700346, 'subsample': 0.5054535233636654, 'colsample_bytree': 0.7401385194659216, 'min_child_samples': 27, 'reg_alpha': 1.4212042567426725e-07, 'reg_lambda': 0.23605753701352003}. Best is trial 4 with value: 0.03764142562409371.
[I 2026-06-01 15:43:31,201] Trial 5 finished with value: -0.0048323932041370865 and parameters: {'confidence_threshold': 0.7111850244908446, 'training_days': 490, 'n_estimators': 362, 'max_depth': 5, 'num_leaves': 40, 'learning_rate': 0.05960785724162737, 'subsample': 0.5589714368907717, 'colsample_bytree': 0.6659006943232806, 'min_child_samples': 42, 'reg_alpha': 0.6741360303045295, 'reg_lambda': 6.054601607143087e-08}. Best is trial 4 with value: 0.03764142562409371.
[I 2026-06-01 15:43:31,360] Trial 6 finished with value: 0.042224775753074914 and parameters: {'confidence_threshold': 0.667482545748023, 'training_days': 420, 'n_estimators': 279, 'max_depth': 3, 'num_leaves': 45, 'learning_rate': 0.040099592560849204, 'subsample': 0.8563114696415159, 'colsample_bytree': 0.5442917781944105, 'min_child_samples': 50, 'reg_alpha': 1.6407916423707903e-08, 'reg_lambda': 2.935907642973286e-05}. Best is trial 6 with value: 0.042224775753074914.
[I 2026-06-01 15:43:31,499] Trial 7 finished with value: -0.007990713775553061 and parameters: {'confidence_threshold': 0.5497381024139926, 'training_days': 120, 'n_estimators': 408, 'max_depth': 5, 'num_leaves': 38, 'learning_rate': 0.28049122657745795, 'subsample': 0.8806573338635493, 'colsample_bytree': 0.5454054113547102, 'min_child_samples': 63, 'reg_alpha': 0.01263008637940408, 'reg_lambda': 0.04588020805366937}. Best is trial 6 with value: 0.042224775753074914.
[I 2026-06-01 15:43:31,745] Trial 8 finished with value: 0.07761378146466147 and parameters: {'confidence_threshold': 0.719644804808716, 'training_days': 450, 'n_estimators': 410, 'max_depth': 4, 'num_leaves': 57, 'learning_rate': 0.04022026551478857, 'subsample': 0.5336085426932707, 'colsample_bytree': 0.5705742850577543, 'min_child_samples': 100, 'reg_alpha': 5.916398047912201e-07, 'reg_lambda': 0.9794034214488329}. Best is trial 8 with value: 0.07761378146466147.

    [trial 8] Sharpe=0.0453 (folds: -0.2625, 0.1118, 0.0785, 0.0934, 0.2052)
    [trial 9] 48 features, training_days=20 | threshold=0.538 | labels: 1269 long, 899 short (59/41%)
    [trial 9] Sharpe=0.0070 (folds: 0.1581, 0.2979, 0.1461, -0.3788, -0.1882)
    [trial 10] 48 features, training_days=10 | threshold=0.732 | labels: 1269 long, 899 short (59/41%)
    [trial 10] Sharpe=-0.1316 (folds: 0.1581, -0.4434, -0.0804, -0.3788, 0.0866)
    [trial 11] 48 features, training_days=320 | threshold=0.717 | labels: 1269 long, 899 short (59/41%)
    [trial 11] Sharpe=0.3263 (folds: 0.3628, 0.0840, 0.1118, 0.3755, 0.6972)
    [trial 12] 48 features, training_days=140 | threshold=0.731 | labels: 1269 long, 899 short (59/41%)
    [trial 12] Sharpe=-1.9767 (folds: -10.0000, -0.3320, 0.1322, 0.2332, 0.0831)
    [trial 13] 48 features, training_days=330 | threshold=0.760 | labels: 1269 long, 899 short (59/41%)
    [trial 13] Sharpe=0.2247 (folds: -0.2941, 0.1698, 0.0896, 0.5871, 0.5709)
    [trial 14] 48 features, training_days=320 | threshold=0.715 | labels: 1269 long, 899 short (59/41%)
    [trial 14] Sharpe=0.0675 (folds: -0.2477, 0.0109, 0.0357, 0.3656, 0.1727)
    [trial 15] 48 features, training_days=300 | threshold=0.772 | labels: 1269 long, 899 short (59/41%)
    [trial 15] Sharpe=0.2502 (folds: -0.1790, 0.2395, 0.1313, 0.3839, 0.6754)
    [trial 16] 48 features, training_days=270 | threshold=0.674 | labels: 1269 long, 899 short (59/41%)
    [trial 16] Sharpe=0.0517 (folds: 0.0258, 0.1499, 0.0535, 0.0762, -0.0467)
    [trial 17] 48 features, training_days=400 | threshold=0.780 | labels: 1269 long, 899 short (59/41%)
    [trial 17] Sharpe=0.1116 (folds: -0.0650, 0.1507, 0.0069, 0.2282, 0.2373)
  Optuna: 18 trials, best Sharpe = 0.3263
  Best params: n_estimators=227, max_depth=4, lr=0.0104, leaves=36
  Best confidence_threshold: 0.717
  Best training_days: 320
  Retrained on full data (960 samples, 48 features)
  [ensemble 2/3] seed=123
    [trial 0] 48 features, training_days=150 | threshold=0.744 | labels: 1269 long, 899 short (59/41%)
    [CV fold 0] train_end=2020-06-22 08:00 | val_start=2020-06-30 00:00 | gap=184h (22 rows)
    [CV fold 1] train_end=2020-10-20 16:00 | val_start=2020-10-28 08:00 | gap=184h (22 rows)
    [CV fold 2] train_end=2021-02-18 00:00 | val_start=2021-02-25 16:00 | gap=184h (22 rows)
    [CV fold 3] train_end=2021-06-18 08:00 | val_start=2021-06-26 00:00 | gap=184h (22 rows)
    [CV fold 4] train_end=2021-10-16 16:00 | val_start=2021-10-24 08:00 | gap=184h (22 rows)
    [trial 0] Sharpe=0.0337 (folds: -0.1812, 0.1491, 0.1140, -0.0229, 0.1094)
    [trial 1] 48 features, training_days=220 | threshold=0.755 | labels: 1269 long, 899 short (59/41%)
    [trial 1] Sharpe=-3.6939 (folds: -10.0000, 0.4141, 0.1498, 0.9665, -10.0000)
    [trial 2] 48 features, training_days=310 | threshold=0.754 | labels: 1269 long, 899 short (59/41%)
    [trial 2] Sharpe=0.0237 (folds: -0.1595, -0.1004, 0.0751, 0.0994, 0.2037)
    [trial 3] 48 features, training_days=220 | threshold=0.673 | labels: 1269 long, 899 short (59/41%)
    [trial 3] Sharpe=0.0470 (folds: -0.0624, 0.2117, 0.0374, -0.0187, 0.0673)
    [trial 4] 48 features, training_days=130 | threshold=0.803 | labels: 1269 long, 899 short (59/41%)
    [trial 4] Sharpe=0.0247 (folds: -0.0446, 0.0025, 0.0897, -0.0448, 0.1207)
    [trial 5] 48 features, training_days=210 | threshold=0.606 | labels: 1269 long, 899 short (59/41%)
    [trial 5] Sharpe=0.0368 (folds: -0.0271, 0.1071, 0.0557, -0.0311, 0.0795)
    [trial 6] 48 features, training_days=130 | threshold=0.767 | labels: 1269 long, 899 short (59/41%)
    [trial 6] Sharpe=-0.0425 (folds: -0.1386, -0.1228, 0.0927, -0.1162, 0.0725)
    [trial 7] 48 features, training_days=80 | threshold=0.556 | labels: 1269 long, 899 short (59/41%)
    [trial 7] Sharpe=0.0243 (folds: 0.0471, -0.0814, 0.1395, 0.1322, -0.1157)
    [trial 8] 48 features, training_days=200 | threshold=0.607 | labels: 1269 long, 899 short (59/41%)
    [trial 8] Sharpe=0.0076 (folds: -0.0569, 0.0899, 0.0631, -0.1659, 0.1079)
    [trial 9] 48 features, training_days=260 | threshold=0.620 | labels: 1269 long, 899 short (59/41%)
    [trial 9] Sharpe=0.0081 (folds: -0.0727, 0.0164, 0.1058, 0.0179, -0.0271)
    [trial 10] 48 features, training_days=470 | threshold=0.676 | labels: 1269 long, 899 short (59/41%)
    [trial 10] Sharpe=0.0395 (folds: -0.1405, 0.0516, -0.1112, 0.1267, 0.2711)
    [trial 11] 48 features, training_days=480 | threshold=0.680 | labels: 1269 long, 899 short (59/41%)
    [trial 11] Sharpe=0.0431 (folds: -0.1967, 0.0464, -0.0768, 0.1682, 0.2741)
    [trial 12] 48 features, training_days=400 | threshold=0.678 | labels: 1269 long, 899 short (59/41%)
    [trial 12] Sharpe=0.0190 (folds: -0.0356, 0.0539, -0.0249, -0.0004, 0.1023)
    [trial 13] 48 features, training_days=10 | threshold=0.512 | labels: 1269 long, 899 short (59/41%)
    [trial 13] Sharpe=-0.1316 (folds: 0.1581, -0.4434, -0.0804, -0.3788, 0.0866)
    [trial 14] 48 features, training_days=350 | threshold=0.697 | labels: 1269 long, 899 short (59/41%)
    [trial 14] Sharpe=0.0362 (folds: -0.1384, -0.0536, 0.0381, 0.1866, 0.1483)
    [trial 15] 48 features, training_days=500 | threshold=0.643 | labels: 1269 long, 899 short (59/41%)
    [trial 15] Sharpe=0.0193 (folds: -0.0115, 0.0947, -0.0418, -0.0074, 0.0624)
    [trial 16] 48 features, training_days=430 | threshold=0.708 | labels: 1269 long, 899 short (59/41%)
    [trial 16] Sharpe=0.1700 (folds: -0.2160, 0.1282, -0.0237, 0.7618, 0.1997)
    [trial 17] 48 features, training_days=410 | threshold=0.828 | labels: 1269 long, 899 short (59/41%)
    [trial 17] Sharpe=-2.0432 (folds: -0.4192, 0.0707, -0.0870, -10.0000, 0.2197)
  Optuna: 18 trials, best Sharpe = 0.1700
  Best params: n_estimators=51, max_depth=3, lr=0.0491, leaves=46
  Best confidence_threshold: 0.708
  Best training_days: 430
  Retrained on full data (1290 samples, 48 features)
  [ensemble 3/3] seed=456
    [trial 0] 48 features, training_days=90 | threshold=0.587 | labels: 1269 long, 899 short (59/41%)
    [CV fold 0] train_end=2020-06-22 08:00 | val_start=2020-06-30 00:00 | gap=184h (22 rows)
    [CV fold 1] train_end=2020-10-20 16:00 | val_start=2020-10-28 08:00 | gap=184h (22 rows)
    [CV fold 2] train_end=2021-02-18 00:00 | val_start=2021-02-25 16:00 | gap=184h (22 rows)
    [CV fold 3] train_end=2021-06-18 08:00 | val_start=2021-06-26 00:00 | gap=184h (22 rows)
    [CV fold 4] train_end=2021-10-16 16:00 | val_start=2021-10-24 08:00 | gap=184h (22 rows)
    [trial 0] Sharpe=-0.0092 (folds: -0.0009, -0.0236, 0.0926, 0.0369, -0.1507)
    [trial 1] 48 features, training_days=290 | threshold=0.635 | labels: 1269 long, 899 short (59/41%)
    [trial 1] Sharpe=-0.0009 (folds: -0.1160, 0.0736, 0.0594, -0.0350, 0.0137)
    [trial 2] 48 features, training_days=10 | threshold=0.585 | labels: 1269 long, 899 short (59/41%)
    [trial 2] Sharpe=-0.1316 (folds: 0.1581, -0.4434, -0.0804, -0.3788, 0.0866)
    [trial 3] 48 features, training_days=220 | threshold=0.687 | labels: 1269 long, 899 short (59/41%)
    [trial 3] Sharpe=0.0219 (folds: 0.0399, -0.0041, -0.0085, -0.0342, 0.1162)
    [trial 4] 48 features, training_days=300 | threshold=0.562 | labels: 1269 long, 899 short (59/41%)
    [trial 4] Sharpe=0.0376 (folds: -0.0236, -0.0092, 0.0930, 0.0654, 0.0627)
    [trial 5] 48 features, training_days=490 | threshold=0.711 | labels: 1269 long, 899 short (59/41%)
    [trial 5] Sharpe=-0.0048 (folds: -0.0746, 0.0674, -0.0719, -0.1000, 0.1551)
    [trial 6] 48 features, training_days=420 | threshold=0.667 | labels: 1269 long, 899 short (59/41%)
    [trial 6] Sharpe=0.0422 (folds: -0.0759, -0.0038, -0.0875, 0.1712, 0.2071)
    [trial 7] 48 features, training_days=120 | threshold=0.550 | labels: 1269 long, 899 short (59/41%)
    [trial 7] Sharpe=-0.0080 (folds: -0.1113, -0.0288, 0.0839, 0.0662, -0.0500)
    [trial 8] 48 features, training_days=450 | threshold=0.720 | labels: 1269 long, 899 short (59/41%)
    [trial 8] Sharpe=0.0776 (folds: -0.0180, 0.1252, -0.0654, 0.1383, 0.2079)
    [trial 9] 48 features, training_days=20 | threshold=0.727 | labels: 1269 long, 899 short (59/41%)
    [trial 9] Sharpe=-2.0246 (folds: -10.0000, 0.2979, 0.1461, -0.3788, -0.1882)[I 2026-06-01 15:43:31,768] Trial 9 finished with value: -2.0246127080050362 and parameters: {'confidence_threshold': 0.7267463643917187, 'training_days': 20, 'n_estimators': 337, 'max_depth': 5, 'num_leaves': 23, 'learning_rate': 0.022153031811454605, 'subsample': 0.6305627572358737, 'colsample_bytree': 0.6613413774216214, 'min_child_samples': 81, 'reg_alpha': 5.7638634029410314e-08, 'reg_lambda': 8.26603016764008}. Best is trial 8 with value: 0.07761378146466147.
[I 2026-06-01 15:43:32,078] Trial 10 finished with value: -1.8318000604588722 and parameters: {'confidence_threshold': 0.8283920119574972, 'training_days': 400, 'n_estimators': 485, 'max_depth': 4, 'num_leaves': 63, 'learning_rate': 0.011927505552849117, 'subsample': 0.7130289643560688, 'colsample_bytree': 0.9944479338273263, 'min_child_samples': 100, 'reg_alpha': 5.0239970328459277e-05, 'reg_lambda': 0.0028438774509831773}. Best is trial 8 with value: 0.07761378146466147.
[I 2026-06-01 15:43:32,245] Trial 11 finished with value: 0.12368370629696143 and parameters: {'confidence_threshold': 0.7828153509856824, 'training_days': 500, 'n_estimators': 282, 'max_depth': 3, 'num_leaves': 58, 'learning_rate': 0.03003469823170691, 'subsample': 0.7390439957698561, 'colsample_bytree': 0.5017024210185925, 'min_child_samples': 55, 'reg_alpha': 2.5646023357365184e-05, 'reg_lambda': 2.506905588546728e-05}. Best is trial 11 with value: 0.12368370629696143.
[I 2026-06-01 15:43:32,432] Trial 12 finished with value: 0.11453270408040861 and parameters: {'confidence_threshold': 0.7852902068129668, 'training_days': 500, 'n_estimators': 243, 'max_depth': 4, 'num_leaves': 59, 'learning_rate': 0.01924681962976845, 'subsample': 0.6982049752016193, 'colsample_bytree': 0.5170921355329543, 'min_child_samples': 60, 'reg_alpha': 3.0366481742941654e-05, 'reg_lambda': 1.4304147444691813e-06}. Best is trial 11 with value: 0.12368370629696143.
[I 2026-06-01 15:43:32,623] Trial 13 finished with value: 0.20387676261791143 and parameters: {'confidence_threshold': 0.8075016708616907, 'training_days': 350, 'n_estimators': 227, 'max_depth': 4, 'num_leaves': 55, 'learning_rate': 0.01599763794568145, 'subsample': 0.7181336155586628, 'colsample_bytree': 0.505864839589866, 'min_child_samples': 58, 'reg_alpha': 3.8284786278705456e-05, 'reg_lambda': 1.8799948266058237e-06}. Best is trial 13 with value: 0.20387676261791143.
[I 2026-06-01 15:43:32,744] Trial 14 finished with value: -10.0 and parameters: {'confidence_threshold': 0.8477019902472921, 'training_days': 360, 'n_estimators': 199, 'max_depth': 3, 'num_leaves': 53, 'learning_rate': 0.011030858969457633, 'subsample': 0.7851487748866213, 'colsample_bytree': 0.6487664350381689, 'min_child_samples': 55, 'reg_alpha': 0.0009483212256760024, 'reg_lambda': 3.459666017783848e-06}. Best is trial 13 with value: 0.20387676261791143.
[I 2026-06-01 15:43:32,869] Trial 15 finished with value: 0.06689851075387575 and parameters: {'confidence_threshold': 0.7829525506318393, 'training_days': 220, 'n_estimators': 285, 'max_depth': 3, 'num_leaves': 52, 'learning_rate': 0.020331244429106016, 'subsample': 0.6804325390951774, 'colsample_bytree': 0.502925720040233, 'min_child_samples': 70, 'reg_alpha': 1.7836787545151695e-05, 'reg_lambda': 0.0013467843257158065}. Best is trial 13 with value: 0.20387676261791143.
[I 2026-06-01 15:43:33,031] Trial 16 finished with value: 0.07812328483598668 and parameters: {'confidence_threshold': 0.7763111406313731, 'training_days': 360, 'n_estimators': 179, 'max_depth': 4, 'num_leaves': 52, 'learning_rate': 0.027501603897869993, 'subsample': 0.7543865421398536, 'colsample_bytree': 0.6012692779427578, 'min_child_samples': 20, 'reg_alpha': 0.00249345494164316, 'reg_lambda': 2.5721646632619745e-06}. Best is trial 13 with value: 0.20387676261791143.
[I 2026-06-01 15:43:33,220] Trial 17 finished with value: 0.03964507515752032 and parameters: {'confidence_threshold': 0.5080881579696632, 'training_days': 330, 'n_estimators': 319, 'max_depth': 3, 'num_leaves': 63, 'learning_rate': 0.014399917848714062, 'subsample': 0.6304834507859707, 'colsample_bytree': 0.7306491235753414, 'min_child_samples': 51, 'reg_alpha': 3.306710185472853e-06, 'reg_lambda': 3.3880996134039195e-05}. Best is trial 13 with value: 0.20387676261791143.
[I 2026-06-01 15:43:33,561] A new study created in memory with name: no-name-21d83568-70d7-4427-b9c6-c1dc4ba90b49
[I 2026-06-01 15:43:33,862] Trial 0 finished with value: 0.07098628877713573 and parameters: {'confidence_threshold': 0.6310890415965769, 'training_days': 480, 'n_estimators': 380, 'max_depth': 4, 'num_leaves': 22, 'learning_rate': 0.01699897838270077, 'subsample': 0.5290418060840998, 'colsample_bytree': 0.9330880728874675, 'min_child_samples': 68, 'reg_alpha': 0.023585940584142682, 'reg_lambda': 1.5320059381854043e-08}. Best is trial 0 with value: 0.07098628877713573.
[I 2026-06-01 15:43:33,985] Trial 1 finished with value: -1.8801159198450268 and parameters: {'confidence_threshold': 0.839468448256698, 'training_days': 420, 'n_estimators': 145, 'max_depth': 3, 'num_leaves': 23, 'learning_rate': 0.028145092716060652, 'subsample': 0.762378215816119, 'colsample_bytree': 0.7159725093210578, 'min_child_samples': 43, 'reg_alpha': 0.0032112643094417484, 'reg_lambda': 1.8007140198129195e-07}. Best is trial 0 with value: 0.07098628877713573.
[I 2026-06-01 15:43:34,115] Trial 2 finished with value: 0.10385409253753537 and parameters: {'confidence_threshold': 0.6022506269873263, 'training_days': 190, 'n_estimators': 255, 'max_depth': 5, 'num_leaves': 24, 'learning_rate': 0.05748924681991978, 'subsample': 0.7962072844310213, 'colsample_bytree': 0.5232252063599989, 'min_child_samples': 69, 'reg_alpha': 3.425445902633376e-07, 'reg_lambda': 3.850031979199519e-08}. Best is trial 2 with value: 0.10385409253753537.
[I 2026-06-01 15:43:34,348] Trial 3 finished with value: 0.08480584375601971 and parameters: {'confidence_threshold': 0.8321099380386666, 'training_days': 490, 'n_estimators': 414, 'max_depth': 3, 'num_leaves': 19, 'learning_rate': 0.1024932221692416, 'subsample': 0.7200762468698007, 'colsample_bytree': 0.5610191174223894, 'min_child_samples': 60, 'reg_alpha': 2.039373116525212e-08, 'reg_lambda': 1.527156759251193}. Best is trial 2 with value: 0.10385409253753537.
[I 2026-06-01 15:43:34,481] Trial 4 finished with value: 0.06841350854249681 and parameters: {'confidence_threshold': 0.5905729935600059, 'training_days': 340, 'n_estimators': 190, 'max_depth': 4, 'num_leaves': 41, 'learning_rate': 0.01875220945578641, 'subsample': 0.9847923138822793, 'colsample_bytree': 0.8875664116805573, 'min_child_samples': 96, 'reg_alpha': 1.1309571585271483, 'reg_lambda': 0.002404915432737351}. Best is trial 2 with value: 0.10385409253753537.
[I 2026-06-01 15:43:34,521] Trial 5 finished with value: -0.09803520625022547 and parameters: {'confidence_threshold': 0.8226559822580909, 'training_days': 50, 'n_estimators': 138, 'max_depth': 3, 'num_leaves': 30, 'learning_rate': 0.03750796359625606, 'subsample': 0.6356745158869479, 'colsample_bytree': 0.9143687545759647, 'min_child_samples': 48, 'reg_alpha': 3.376063348877853e-06, 'reg_lambda': 0.0007660634613082914}. Best is trial 2 with value: 0.10385409253753537.
[I 2026-06-01 15:43:34,622] Trial 6 finished with value: 0.12618652341497147 and parameters: {'confidence_threshold': 0.5493234787411669, 'training_days': 410, 'n_estimators': 83, 'max_depth': 5, 'num_leaves': 52, 'learning_rate': 0.019657448966046126, 'subsample': 0.5027610585618012, 'colsample_bytree': 0.9077307142274171, 'min_child_samples': 77, 'reg_alpha': 0.03639690979811287, 'reg_lambda': 0.08738424135626986}. Best is trial 6 with value: 0.12618652341497147.
[I 2026-06-01 15:43:34,705] Trial 7 finished with value: -0.04056494721806986 and parameters: {'confidence_threshold': 0.5259156281069316, 'training_days': 180, 'n_estimators': 102, 'max_depth': 5, 'num_leaves': 45, 'learning_rate': 0.030816017044468066, 'subsample': 0.5317791751430119, 'colsample_bytree': 0.6554911608578311, 'min_child_samples': 46, 'reg_alpha': 0.036851536911881845, 'reg_lambda': 0.005470376807480391}. Best is trial 6 with value: 0.12618652341497147.
