[I 2026-06-01 15:46:27,678] Trial 17 finished with value: -0.03998770826459684 and parameters: {'confidence_threshold': 0.7733001962675531, 'training_days': 370, 'n_estimators': 444, 'max_depth': 3, 'num_leaves': 63, 'learning_rate': 0.019352225990314435, 'subsample': 0.8002407697944357, 'colsample_bytree': 0.6297114578254106, 'min_child_samples': 48, 'reg_alpha': 0.008896971601743164, 'reg_lambda': 1.1048640993657705e-06}. Best is trial 12 with value: 0.013841870833507103.

    [trial 15] Sharpe=-0.0635 (folds: 0.0843, -0.2944, 0.0871, -0.1585, -0.0362)
    [trial 16] 48 features, training_days=80 | threshold=0.579 | labels: 1064 long, 1104 short (49/51%)
    [trial 16] Sharpe=-0.0576 (folds: 0.1212, -0.1696, 0.0403, 0.0148, -0.2948)
    [trial 17] 48 features, training_days=290 | threshold=0.709 | labels: 1064 long, 1104 short (49/51%)
    [trial 17] Sharpe=-0.0535 (folds: 0.1392, -0.2853, 0.1983, -0.1785, -0.1415)
  Optuna: 18 trials, best Sharpe = -0.0172
  Best params: n_estimators=212, max_depth=5, lr=0.1527, leaves=63
  Best confidence_threshold: 0.673
  Best training_days: 20
  Retrained on full data (60 samples, 48 features)
  [ensemble 3/3] seed=456
    [trial 0] 48 features, training_days=90 | threshold=0.587 | labels: 1064 long, 1104 short (49/51%)
    [CV fold 0] train_end=2021-11-22 08:00 | val_start=2021-11-30 00:00 | gap=184h (22 rows)
    [CV fold 1] train_end=2022-03-22 16:00 | val_start=2022-03-30 08:00 | gap=184h (22 rows)
    [CV fold 2] train_end=2022-07-21 00:00 | val_start=2022-07-28 16:00 | gap=184h (22 rows)
    [CV fold 3] train_end=2022-11-18 08:00 | val_start=2022-11-26 00:00 | gap=184h (22 rows)
    [CV fold 4] train_end=2023-03-18 16:00 | val_start=2023-03-26 08:00 | gap=184h (22 rows)
    [trial 0] Sharpe=-0.0729 (folds: 0.0863, -0.0286, 0.0240, -0.2120, -0.2344)
    [trial 1] 48 features, training_days=290 | threshold=0.635 | labels: 1064 long, 1104 short (49/51%)
    [trial 1] Sharpe=-0.0816 (folds: 0.0700, -0.2530, 0.1355, -0.1914, -0.1690)
    [trial 2] 48 features, training_days=10 | threshold=0.585 | labels: 1064 long, 1104 short (49/51%)
    [trial 2] Sharpe=-1.9300 (folds: 0.0283, 0.1947, 0.0858, -10.0000, 0.0411)
    [trial 3] 48 features, training_days=220 | threshold=0.687 | labels: 1064 long, 1104 short (49/51%)
    [trial 3] Sharpe=-0.0491 (folds: 0.1643, -0.1035, 0.1079, -0.1131, -0.3009)
    [trial 4] 48 features, training_days=300 | threshold=0.562 | labels: 1064 long, 1104 short (49/51%)
    [trial 4] Sharpe=-0.0650 (folds: 0.1890, -0.3737, 0.2033, -0.2333, -0.1103)
    [trial 5] 48 features, training_days=490 | threshold=0.711 | labels: 1064 long, 1104 short (49/51%)
    [trial 5] Sharpe=-0.0684 (folds: 0.0294, -0.3716, 0.2131, -0.0155, -0.1975)
    [trial 6] 48 features, training_days=420 | threshold=0.667 | labels: 1064 long, 1104 short (49/51%)
    [trial 6] Sharpe=-0.0592 (folds: 0.1117, -0.4221, 0.2922, -0.1561, -0.1214)
    [trial 7] 48 features, training_days=120 | threshold=0.550 | labels: 1064 long, 1104 short (49/51%)
    [trial 7] Sharpe=-0.1024 (folds: 0.0319, -0.1095, -0.1195, -0.1111, -0.2038)
    [trial 8] 48 features, training_days=450 | threshold=0.720 | labels: 1064 long, 1104 short (49/51%)
    [trial 8] Sharpe=-0.0646 (folds: 0.0364, -0.3419, 0.1815, -0.0155, -0.1835)
    [trial 9] 48 features, training_days=20 | threshold=0.727 | labels: 1064 long, 1104 short (49/51%)
    [trial 9] Sharpe=-3.9849 (folds: 0.0283, 0.1947, -10.0000, -0.1476, -10.0000)
    [trial 10] 48 features, training_days=200 | threshold=0.828 | labels: 1064 long, 1104 short (49/51%)
    [trial 10] Sharpe=-8.0735 (folds: -0.3675, -10.0000, -10.0000, -10.0000, -10.0000)
    [trial 11] 48 features, training_days=380 | threshold=0.662 | labels: 1064 long, 1104 short (49/51%)
    [trial 11] Sharpe=-0.0832 (folds: 0.1101, -0.3714, 0.3365, -0.1866, -0.3044)
    [trial 12] 48 features, training_days=220 | threshold=0.797 | labels: 1064 long, 1104 short (49/51%)
    [trial 12] Sharpe=0.0138 (folds: 0.1378, -0.3492, 0.3722, -0.1838, 0.0922)
    [trial 13] 48 features, training_days=210 | threshold=0.815 | labels: 1064 long, 1104 short (49/51%)
    [trial 13] Sharpe=-0.0454 (folds: 0.0329, -0.1576, 0.2788, -0.1734, -0.2078)
    [trial 14] 48 features, training_days=160 | threshold=0.848 | labels: 1064 long, 1104 short (49/51%)
    [trial 14] Sharpe=-0.1607 (folds: 0.0386, -0.1749, 0.1053, -0.1727, -0.6001)
    [trial 15] 48 features, training_days=330 | threshold=0.783 | labels: 1064 long, 1104 short (49/51%)
    [trial 15] Sharpe=-0.0324 (folds: 0.1678, -0.3678, 0.2924, -0.2542, -0.0002)
    [trial 16] 48 features, training_days=340 | threshold=0.781 | labels: 1064 long, 1104 short (49/51%)
    [trial 16] Sharpe=-0.0168 (folds: 0.1289, -0.3534, 0.4074, -0.1698, -0.0971)
    [trial 17] 48 features, training_days=370 | threshold=0.773 | labels: 1064 long, 1104 short (49/51%)
    [trial 17] Sharpe=-0.0400 (folds: 0.0894, -0.3997, 0.4151, -0.2235, -0.0813)
  Optuna: 18 trials, best Sharpe = 0.0138
  Best params: n_estimators=490, max_depth=3, lr=0.0192, leaves=51
  Best confidence_threshold: 0.797
  Best training_days: 220
  Retrained on full data (660 samples, 48 features)
  OOD: 16 features, cutoff (q=0.7) = 14.45
  Model trained for 2023-08: 93 test candles with features, confidence_threshold=0.669
[trade:close] 2023-08-07 16:00 ETHUSDT SHORT → timeout @ 1817.42 | PnL=+2.10% (net +2.00%) | cum=+1.73% 2023-08=+2.00% 2023-08-07=+2.00%
[lgbm] === Training for 2023-09 ===
  Train window: 2021-09-01 → 2023-08-24
  2168 training samples from 1 symbols
  Samples per month: 2021-09: 90, 2021-10: 93, 2021-11: 90, 2021-12: 93, 2022-01: 93, 2022-02: 84, 2022-03: 93, 2022-04: 90, 2022-05: 93, 2022-06: 90, 2022-07: 93, 2022-08: 93, 2022-09: 90, 2022-10: 93, 2022-11: 90, 2022-12: 93, 2023-01: 93, 2023-02: 84, 2023-03: 93, 2023-04: 90, 2023-05: 93, 2023-06: 90, 2023-07: 93, 2023-08: 71
  [label] 2021-11-01 16:00 ETHUSDT entry=4322.7200 → LONG | long=tp(+10.85%) short=sl(-5.57%) | scanned=21 | long_tp_only
  [label] 2021-11-03 16:00 ETHUSDT entry=4606.5900 → LONG | long=sl(-5.44%) short=sl(-5.44%) | scanned=20 | no_tp→fwd_return=+5.3046
  [label] 2021-11-07 16:00 ETHUSDT entry=4616.5000 → LONG | long=timeout(+0.18%) short=sl(-4.38%) | scanned=22 | no_tp→fwd_return=+0.2803
  [label] 2021-12-02 08:00 ETHUSDT entry=4544.7600 → SHORT | long=sl(-6.74%) short=tp(+13.18%) | scanned=5 | short_tp_only
  [label] 2022-01-23 16:00 ETHUSDT entry=2538.4100 → LONG | long=sl(-11.20%) short=timeout(-2.54%) | scanned=22 | no_tp→fwd_return=+2.4440
  [label] 2022-07-08 16:00 ETHUSDT entry=1213.5300 → SHORT | long=sl(-7.34%) short=tp(+14.38%) | scanned=12 | short_tp_only
  [label] 2022-07-12 16:00 ETHUSDT entry=1037.8800 → LONG | long=tp(+14.25%) short=sl(-7.28%) | scanned=6 | long_tp_only
  [label] 2022-07-23 08:00 ETHUSDT entry=1523.1500 → LONG | long=sl(-9.43%) short=sl(-9.43%) | scanned=14 | no_tp→fwd_return=+6.2738
  [label] 2022-09-06 08:00 ETHUSDT entry=1668.6900 → LONG | long=sl(-5.70%) short=sl(-5.70%) | scanned=13 | no_tp→fwd_return=+6.2540
  [label] 2022-09-14 16:00 ETHUSDT entry=1635.3900 → SHORT | long=sl(-7.44%) short=tp(+14.58%) | scanned=12 | short_tp_only
  [label] 2022-12-14 00:00 ETHUSDT entry=1323.1200 → SHORT | long=sl(-3.76%) short=tp(+7.22%) | scanned=7 | short_tp_only
  [label] 2023-01-15 00:00 ETHUSDT entry=1530.5400 → LONG | long=timeout(+6.23%) short=sl(-5.41%) | scanned=22 | no_tp→fwd_return=+6.3291
  [label] 2023-01-31 00:00 ETHUSDT entry=1579.8900 → LONG | long=timeout(+3.17%) short=sl(-5.02%) | scanned=22 | no_tp→fwd_return=+3.2673
  [label] 2023-02-12 16:00 ETHUSDT entry=1514.4900 → LONG | long=tp(+8.43%) short=sl(-4.37%) | scanned=9 | long_tp_only
  [label] 2023-03-03 08:00 ETHUSDT entry=1566.0600 → SHORT | long=sl(-4.78%) short=tp(+9.27%) | scanned=19 | short_tp_only
  [label] 2023-03-09 16:00 ETHUSDT entry=1436.4200 → LONG | long=sl(-4.72%) short=sl(-4.72%) | scanned=9 | no_tp→fwd_return=+9.9442
  [label] 2023-03-22 00:00 ETHUSDT entry=1791.7300 → LONG | long=sl(-5.74%) short=timeout(-0.80%) | scanned=22 | no_tp→fwd_return=+0.6993
  [label] 2023-04-30 08:00 ETHUSDT entry=1918.9200 → LONG | long=sl(-4.08%) short=sl(-4.08%) | scanned=16 | no_tp→fwd_return=+3.8376
  [label] 2023-05-10 08:00 ETHUSDT entry=1871.8100 → SHORT | long=sl(-4.02%) short=timeout(+3.93%) | scanned=22 | no_tp→fwd_return=-4.0298
  [label] 2023-08-04 08:00 ETHUSDT entry=1846.6000 → SHORT | long=sl(-2.25%) short=timeout(-0.01%) | scanned=22 | no_tp→fwd_return=-0.0850
  Labels: 1022 long (47.1%), 1146 short (52.9%) | weights: min=1.00, mean=3.06, max=10.00[I 2026-06-01 15:46:28,241] A new study created in memory with name: no-name-d8b155ab-0337-47c3-b1b1-25e1b06ba7cb
[I 2026-06-01 15:46:28,552] Trial 0 finished with value: -0.026776292001941315 and parameters: {'confidence_threshold': 0.6310890415965769, 'training_days': 480, 'n_estimators': 380, 'max_depth': 4, 'num_leaves': 22, 'learning_rate': 0.01699897838270077, 'subsample': 0.5290418060840998, 'colsample_bytree': 0.9330880728874675, 'min_child_samples': 68, 'reg_alpha': 0.023585940584142682, 'reg_lambda': 1.5320059381854043e-08}. Best is trial 0 with value: -0.026776292001941315.
[I 2026-06-01 15:46:28,685] Trial 1 finished with value: -1.9864349016665694 and parameters: {'confidence_threshold': 0.839468448256698, 'training_days': 420, 'n_estimators': 145, 'max_depth': 3, 'num_leaves': 23, 'learning_rate': 0.028145092716060652, 'subsample': 0.762378215816119, 'colsample_bytree': 0.7159725093210578, 'min_child_samples': 43, 'reg_alpha': 0.0032112643094417484, 'reg_lambda': 1.8007140198129195e-07}. Best is trial 0 with value: -0.026776292001941315.
[I 2026-06-01 15:46:28,839] Trial 2 finished with value: -0.0029814014665778725 and parameters: {'confidence_threshold': 0.6022506269873263, 'training_days': 190, 'n_estimators': 255, 'max_depth': 5, 'num_leaves': 24, 'learning_rate': 0.05748924681991978, 'subsample': 0.7962072844310213, 'colsample_bytree': 0.5232252063599989, 'min_child_samples': 69, 'reg_alpha': 3.425445902633376e-07, 'reg_lambda': 3.850031979199519e-08}. Best is trial 2 with value: -0.0029814014665778725.
[I 2026-06-01 15:46:29,105] Trial 3 finished with value: 0.017272686540516828 and parameters: {'confidence_threshold': 0.8321099380386666, 'training_days': 490, 'n_estimators': 414, 'max_depth': 3, 'num_leaves': 19, 'learning_rate': 0.1024932221692416, 'subsample': 0.7200762468698007, 'colsample_bytree': 0.5610191174223894, 'min_child_samples': 60, 'reg_alpha': 2.039373116525212e-08, 'reg_lambda': 1.527156759251193}. Best is trial 3 with value: 0.017272686540516828.
[I 2026-06-01 15:46:29,269] Trial 4 finished with value: -0.08097545594495129 and parameters: {'confidence_threshold': 0.5905729935600059, 'training_days': 340, 'n_estimators': 190, 'max_depth': 4, 'num_leaves': 41, 'learning_rate': 0.01875220945578641, 'subsample': 0.9847923138822793, 'colsample_bytree': 0.8875664116805573, 'min_child_samples': 96, 'reg_alpha': 1.1309571585271483, 'reg_lambda': 0.002404915432737351}. Best is trial 3 with value: 0.017272686540516828.
[I 2026-06-01 15:46:29,307] Trial 5 finished with value: -0.186264082859213 and parameters: {'confidence_threshold': 0.8226559822580909, 'training_days': 50, 'n_estimators': 138, 'max_depth': 3, 'num_leaves': 30, 'learning_rate': 0.03750796359625606, 'subsample': 0.6356745158869479, 'colsample_bytree': 0.9143687545759647, 'min_child_samples': 48, 'reg_alpha': 3.376063348877853e-06, 'reg_lambda': 0.0007660634613082914}. Best is trial 3 with value: 0.017272686540516828.
[I 2026-06-01 15:46:29,416] Trial 6 finished with value: -0.012274219408647128 and parameters: {'confidence_threshold': 0.5493234787411669, 'training_days': 410, 'n_estimators': 83, 'max_depth': 5, 'num_leaves': 52, 'learning_rate': 0.019657448966046126, 'subsample': 0.5027610585618012, 'colsample_bytree': 0.9077307142274171, 'min_child_samples': 77, 'reg_alpha': 0.03639690979811287, 'reg_lambda': 0.08738424135626986}. Best is trial 3 with value: 0.017272686540516828.
[I 2026-06-01 15:46:29,519] Trial 7 finished with value: -0.06666481809589798 and parameters: {'confidence_threshold': 0.5259156281069316, 'training_days': 180, 'n_estimators': 102, 'max_depth': 5, 'num_leaves': 45, 'learning_rate': 0.030816017044468066, 'subsample': 0.5317791751430119, 'colsample_bytree': 0.6554911608578311, 'min_child_samples': 46, 'reg_alpha': 0.036851536911881845, 'reg_lambda': 0.005470376807480391}. Best is trial 3 with value: 0.017272686540516828.
[I 2026-06-01 15:46:29,623] Trial 8 finished with value: 0.02062304176635612 and parameters: {'confidence_threshold': 0.8105244599017143, 'training_days': 240, 'n_estimators': 103, 'max_depth': 5, 'num_leaves': 52, 'learning_rate': 0.06746437142284309, 'subsample': 0.8854835899772805, 'colsample_bytree': 0.7468977981821954, 'min_child_samples': 62, 'reg_alpha': 7.04480806377519e-05, 'reg_lambda': 1.6934490731313353e-08}. Best is trial 8 with value: 0.02062304176635612.
[I 2026-06-01 15:46:29,653] Trial 9 finished with value: -3.996623817656593 and parameters: {'confidence_threshold': 0.5377619994476566, 'training_days': 20, 'n_estimators': 337, 'max_depth': 3, 'num_leaves': 39, 'learning_rate': 0.21907142272152816, 'subsample': 0.6246461145744375, 'colsample_bytree': 0.7051914615178149, 'min_child_samples': 81, 'reg_alpha': 1.1459970229341322e-06, 'reg_lambda': 4.929685216887945e-08}. Best is trial 8 with value: 0.02062304176635612.
[I 2026-06-01 15:46:30,244] Trial 10 finished with value: 0.04482563079574731 and parameters: {'confidence_threshold': 0.734042426776949, 'training_days': 280, 'n_estimators': 487, 'max_depth': 5, 'num_leaves': 62, 'learning_rate': 0.10432148521337849, 'subsample': 0.9416850669512905, 'colsample_bytree': 0.8120417635861826, 'min_child_samples': 27, 'reg_alpha': 7.238112263003475e-05, 'reg_lambda': 3.3639426888455256e-06}. Best is trial 10 with value: 0.04482563079574731.
[I 2026-06-01 15:46:30,844] Trial 11 finished with value: 0.04150702382967757 and parameters: {'confidence_threshold': 0.7421374894694948, 'training_days': 280, 'n_estimators': 461, 'max_depth': 5, 'num_leaves': 62, 'learning_rate': 0.10109116109881597, 'subsample': 0.9447271656461484, 'colsample_bytree': 0.8173450355221697, 'min_child_samples': 20, 'reg_alpha': 8.428275500049382e-05, 'reg_lambda': 7.868729181011707e-06}. Best is trial 10 with value: 0.04482563079574731.
[I 2026-06-01 15:46:31,368] Trial 12 finished with value: 0.03174474897980837 and parameters: {'confidence_threshold': 0.7268100231367182, 'training_days': 300, 'n_estimators': 496, 'max_depth': 4, 'num_leaves': 63, 'learning_rate': 0.1448009769002747, 'subsample': 0.9934454970174319, 'colsample_bytree': 0.8304278626461432, 'min_child_samples': 20, 'reg_alpha': 8.52081282924587e-05, 'reg_lambda': 8.348297043432798e-06}. Best is trial 10 with value: 0.04482563079574731.
[I 2026-06-01 15:46:31,579] Trial 13 finished with value: -0.011624976792484958 and parameters: {'confidence_threshold': 0.7321922500141939, 'training_days': 140, 'n_estimators': 500, 'max_depth': 5, 'num_leaves': 62, 'learning_rate': 0.28159013993464826, 'subsample': 0.9038642171952159, 'colsample_bytree': 0.8155421717694826, 'min_child_samples': 21, 'reg_alpha': 0.0006870663253818823, 'reg_lambda': 1.0174852371049091e-05}. Best is trial 10 with value: 0.04482563079574731.
[I 2026-06-01 15:46:32,010] Trial 14 finished with value: 0.041302744144029555 and parameters: {'confidence_threshold': 0.7384584543503676, 'training_days': 320, 'n_estimators': 432, 'max_depth': 4, 'num_leaves': 56, 'learning_rate': 0.106651680623901, 'subsample': 0.9010118929036222, 'colsample_bytree': 0.9897127958863723, 'min_child_samples': 31, 'reg_alpha': 1.5179952289587111e-05, 'reg_lambda': 7.565770484313319e-06}. Best is trial 10 with value: 0.04482563079574731.
[I 2026-06-01 15:46:32,393] Trial 15 finished with value: 0.04161507751433424 and parameters: {'confidence_threshold': 0.6805818154477248, 'training_days': 250, 'n_estimators': 332, 'max_depth': 5, 'num_leaves': 57, 'learning_rate': 0.14058695742519775, 'subsample': 0.8481481337248893, 'colsample_bytree': 0.8100744538922787, 'min_child_samples': 33, 'reg_alpha': 0.0005760465164056275, 'reg_lambda': 1.2540349502725664e-06}. Best is trial 10 with value: 0.04482563079574731.
[I 2026-06-01 15:46:32,501] Trial 16 finished with value: -0.08336564071552885 and parameters: {'confidence_threshold': 0.6760523483882178, 'training_days': 110, 'n_estimators': 297, 'max_depth': 4, 'num_leaves': 56, 'learning_rate': 0.16541602240528835, 'subsample': 0.8013687718960705, 'colsample_bytree': 0.632035183231185, 'min_child_samples': 34, 'reg_alpha': 1.3301920209888551, 'reg_lambda': 4.28170520176123e-07}. Best is trial 10 with value: 0.04482563079574731.
[I 2026-06-01 15:46:32,856] Trial 17 finished with value: -0.03559936921023586 and parameters: {'confidence_threshold': 0.6755099553978283, 'training_days': 370, 'n_estimators': 244, 'max_depth': 5, 'num_leaves': 47, 'learning_rate': 0.010425658055299656, 'subsample': 0.8366733523272174, 'colsample_bytree': 0.7861983638172064, 'min_child_samples': 36, 'reg_alpha': 0.0020236748794116802, 'reg_lambda': 8.770552090697591e-07}. Best is trial 10 with value: 0.04482563079574731.
[I 2026-06-01 15:46:33,266] A new study created in memory with name: no-name-8e71ca8b-c7f2-4663-b884-e66a16d498b7
[I 2026-06-01 15:46:33,360] Trial 0 finished with value: 0.004019073364325387 and parameters: {'confidence_threshold': 0.7437642149592516, 'training_days': 150, 'n_estimators': 152, 'max_depth': 4, 'num_leaves': 50, 'learning_rate': 0.04216766425047743, 'subsample': 0.9903820991923078, 'colsample_bytree': 0.8424148692924316, 'min_child_samples': 58, 'reg_alpha': 3.381097259762742e-05, 'reg_lambda': 1.2263152961306247e-05}. Best is trial 0 with value: 0.004019073364325387.
[I 2026-06-01 15:46:33,429] Trial 1 finished with value: -3.7930923494528215 and parameters: {'confidence_threshold': 0.7551673975844145, 'training_days': 220, 'n_estimators': 76, 'max_depth': 4, 'num_leaves': 51, 'learning_rate': 0.018602118810743477, 'subsample': 0.5877258780737462, 'colsample_bytree': 0.7657756869209191, 'min_child_samples': 63, 'reg_alpha': 0.005123994170264194, 'reg_lambda': 0.44145470178120466}. Best is trial 0 with value: 0.004019073364325387.
[I 2026-06-01 15:46:33,689] Trial 2 finished with value: -0.027708295619239272 and parameters: {'confidence_threshold': 0.7535593637012223, 'training_days': 310, 'n_estimators': 375, 'max_depth': 3, 'num_leaves': 32, 'learning_rate': 0.021735641882032388, 'subsample': 0.6468570231944146, 'colsample_bytree': 0.8154880619272439, 'min_child_samples': 27, 'reg_alpha': 8.004064028491336e-05, 'reg_lambda': 7.546835261630524e-05}. Best is trial 0 with value: 0.004019073364325387.
[I 2026-06-01 15:46:33,901] Trial 3 finished with value: 0.03903489475190079 and parameters: {'confidence_threshold': 0.6727897841776072, 'training_days': 220, 'n_estimators': 190, 'max_depth': 4, 'num_leaves': 58, 'learning_rate': 0.24810689332636193, 'subsample': 0.7509183379421682, 'colsample_bytree': 0.8119764758960556, 'min_child_samples': 29, 'reg_alpha': 7.1708285081421445e-06, 'reg_lambda': 5.412973582738627e-05}. Best is trial 3 with value: 0.03903489475190079.
[I 2026-06-01 15:46:34,019] Trial 4 finished with value: -0.08109063555917984 and parameters: {'confidence_threshold': 0.803208205259178, 'training_days': 130, 'n_estimators': 267, 'max_depth': 5, 'num_leaves': 40, 'learning_rate': 0.08041175317374143, 'subsample': 0.5603143329951619, 'colsample_bytree': 0.9131704002534167, 'min_child_samples': 68, 'reg_alpha': 0.0008046593428183385, 'reg_lambda': 1.2158346158765583e-05}. Best is trial 3 with value: 0.03903489475190079.
[I 2026-06-01 15:46:34,245] Trial 5 finished with value: 0.00986040247151233 and parameters: {'confidence_threshold': 0.6064422761595144, 'training_days': 210, 'n_estimators': 357, 'max_depth': 5, 'num_leaves': 40, 'learning_rate': 0.0974221287220869, 'subsample': 0.7929682762811064, 'colsample_bytree': 0.8124517510478, 'min_child_samples': 74, 'reg_alpha': 0.3811377260781234, 'reg_lambda': 5.607314238392041e-08}. Best is trial 3 with value: 0.03903489475190079.
[I 2026-06-01 15:46:34,357] Trial 6 finished with value: -0.05975845675420642 and parameters: {'confidence_threshold': 0.7672889945051684, 'training_days': 130, 'n_estimators': 137, 'max_depth': 4, 'num_leaves': 19, 'learning_rate': 0.2031117614248665, 'subsample': 0.8136244860256343, 'colsample_bytree': 0.8617081790949774, 'min_child_samples': 21, 'reg_alpha': 0.002238138278733199, 'reg_lambda': 0.001025809534977322}. Best is trial 3 with value: 0.03903489475190079.
[I 2026-06-01 15:46:34,429] Trial 7 finished with value: -0.1367256952324837 and parameters: {'confidence_threshold': 0.555635875450653, 'training_days': 80, 'n_estimators': 363, 'max_depth': 3, 'num_leaves': 48, 'learning_rate': 0.06590089024008658, 'subsample': 0.6944752870615722, 'colsample_bytree': 0.962566244806993, 'min_child_samples': 88, 'reg_alpha': 1.6465620446426067e-05, 'reg_lambda': 2.4678750890085655e-08}. Best is trial 3 with value: 0.03903489475190079.
[I 2026-06-01 15:46:34,768] Trial 8 finished with value: 0.014239667410512311 and parameters: {'confidence_threshold': 0.6066688256938841, 'training_days': 200, 'n_estimators': 367, 'max_depth': 5, 'num_leaves': 32, 'learning_rate': 0.13377519215934996, 'subsample': 0.7965884582811106, 'colsample_bytree': 0.8458508993500886, 'min_child_samples': 32, 'reg_alpha': 3.889436043816386e-05, 'reg_lambda': 1.4713062489380356e-06}. Best is trial 3 with value: 0.03903489475190079.
