[I 2026-06-01 15:46:12,069] Trial 9 finished with value: -0.08311429537970313 and parameters: {'confidence_threshold': 0.6202096049169137, 'training_days': 260, 'n_estimators': 350, 'max_depth': 3, 'num_leaves': 21, 'learning_rate': 0.02989540198065364, 'subsample': 0.8307821683331218, 'colsample_bytree': 0.923253112635361, 'min_child_samples': 64, 'reg_alpha': 0.4898604619604203, 'reg_lambda': 2.9076377687066166e-05}. Best is trial 3 with value: -0.008286352871728297.
[I 2026-06-01 15:46:12,529] Trial 10 finished with value: -0.0634352859775604 and parameters: {'confidence_threshold': 0.6756170272727778, 'training_days': 470, 'n_estimators': 493, 'max_depth': 4, 'num_leaves': 63, 'learning_rate': 0.010221918552934462, 'subsample': 0.9383547926937981, 'colsample_bytree': 0.6202684210924141, 'min_child_samples': 44, 'reg_alpha': 2.371385268938747e-08, 'reg_lambda': 0.015315426420116851}. Best is trial 3 with value: -0.008286352871728297.
[I 2026-06-01 15:46:12,679] Trial 11 finished with value: -0.08040311838341488 and parameters: {'confidence_threshold': 0.5130539202318031, 'training_days': 360, 'n_estimators': 240, 'max_depth': 5, 'num_leaves': 62, 'learning_rate': 0.2959690066750305, 'subsample': 0.7286462650868973, 'colsample_bytree': 0.6778283959364831, 'min_child_samples': 85, 'reg_alpha': 5.52148235930095, 'reg_lambda': 1.003877192537953e-08}. Best is trial 3 with value: -0.008286352871728297.
[I 2026-06-01 15:46:12,713] Trial 12 finished with value: -4.014990746771376 and parameters: {'confidence_threshold': 0.6727899930733724, 'training_days': 20, 'n_estimators': 208, 'max_depth': 5, 'num_leaves': 41, 'learning_rate': 0.11827280733062773, 'subsample': 0.8941395335595879, 'colsample_bytree': 0.5196457038790347, 'min_child_samples': 100, 'reg_alpha': 1.6619318482295187e-07, 'reg_lambda': 3.4564366996258125e-07}. Best is trial 3 with value: -0.008286352871728297.
[I 2026-06-01 15:46:13,137] Trial 13 finished with value: -0.0702152620048991 and parameters: {'confidence_threshold': 0.6676681644376227, 'training_days': 360, 'n_estimators': 475, 'max_depth': 4, 'num_leaves': 56, 'learning_rate': 0.17046417675278192, 'subsample': 0.6692276593280039, 'colsample_bytree': 0.7127943105272387, 'min_child_samples': 49, 'reg_alpha': 0.14818704307411545, 'reg_lambda': 0.004788009985073303}. Best is trial 3 with value: -0.008286352871728297.
[I 2026-06-01 15:46:13,310] Trial 14 finished with value: -0.06067082408588852 and parameters: {'confidence_threshold': 0.6064803304844418, 'training_days': 280, 'n_estimators': 184, 'max_depth': 5, 'num_leaves': 30, 'learning_rate': 0.26508115524576814, 'subsample': 0.762401725462525, 'colsample_bytree': 0.7704425590179644, 'min_child_samples': 75, 'reg_alpha': 8.955273563402083e-07, 'reg_lambda': 1.66052015319664}. Best is trial 3 with value: -0.008286352871728297.
[I 2026-06-01 15:46:13,593] Trial 15 finished with value: -0.06746548072233151 and parameters: {'confidence_threshold': 0.7050367233919248, 'training_days': 440, 'n_estimators': 300, 'max_depth': 4, 'num_leaves': 44, 'learning_rate': 0.08917594676785659, 'subsample': 0.507007918467014, 'colsample_bytree': 0.6337595094051601, 'min_child_samples': 40, 'reg_alpha': 0.01828979793574368, 'reg_lambda': 2.9911222285945383e-07}. Best is trial 3 with value: -0.008286352871728297.
[I 2026-06-01 15:46:13,841] Trial 16 finished with value: -0.04266563619522311 and parameters: {'confidence_threshold': 0.5432818053112383, 'training_days': 190, 'n_estimators': 442, 'max_depth': 4, 'num_leaves': 57, 'learning_rate': 0.04734750546511042, 'subsample': 0.8596161554104366, 'colsample_bytree': 0.7554523176622983, 'min_child_samples': 77, 'reg_alpha': 1.6323832176782968e-06, 'reg_lambda': 0.000474503791067692}. Best is trial 3 with value: -0.008286352871728297.
[I 2026-06-01 15:46:13,968] Trial 17 finished with value: -0.0814330552874519 and parameters: {'confidence_threshold': 0.6235092015218521, 'training_days': 330, 'n_estimators': 81, 'max_depth': 5, 'num_leaves': 36, 'learning_rate': 0.12135785328642616, 'subsample': 0.7544919614854775, 'colsample_bytree': 0.8976266059744504, 'min_child_samples': 53, 'reg_alpha': 7.284070645541434, 'reg_lambda': 1.3489951187488e-06}. Best is trial 3 with value: -0.008286352871728297.
[I 2026-06-01 15:46:14,216] A new study created in memory with name: no-name-8f54d0a5-cb55-4aee-8fd7-babe942370cd

  Features: 2168/2168 matched, 48 columns
  CV gap: 22 rows
  [ensemble 1/3] seed=42
    [trial 0] 48 features, training_days=480 | threshold=0.631 | labels: 1078 long, 1090 short (50/50%)
    [CV fold 0] train_end=2021-10-22 08:00 | val_start=2021-10-30 00:00 | gap=184h (22 rows)
    [CV fold 1] train_end=2022-02-19 16:00 | val_start=2022-02-27 08:00 | gap=184h (22 rows)
    [CV fold 2] train_end=2022-06-20 00:00 | val_start=2022-06-27 16:00 | gap=184h (22 rows)
    [CV fold 3] train_end=2022-10-18 08:00 | val_start=2022-10-26 00:00 | gap=184h (22 rows)
    [CV fold 4] train_end=2023-02-15 16:00 | val_start=2023-02-23 08:00 | gap=184h (22 rows)
    [trial 0] Sharpe=-0.0773 (folds: -0.0314, -0.0357, 0.0529, -0.2134, -0.1590)
    [trial 1] 48 features, training_days=420 | threshold=0.839 | labels: 1078 long, 1090 short (50/50%)
    [trial 1] Sharpe=-0.0302 (folds: 0.0013, -0.0023, 0.1305, -0.1208, -0.1595)
    [trial 2] 48 features, training_days=190 | threshold=0.602 | labels: 1078 long, 1090 short (50/50%)
    [trial 2] Sharpe=-0.0286 (folds: -0.0214, 0.1572, 0.0848, -0.3232, -0.0405)
    [trial 3] 48 features, training_days=490 | threshold=0.832 | labels: 1078 long, 1090 short (50/50%)
    [trial 3] Sharpe=-0.0530 (folds: -0.0126, -0.0397, 0.0531, -0.1280, -0.1378)
    [trial 4] 48 features, training_days=340 | threshold=0.591 | labels: 1078 long, 1090 short (50/50%)
    [trial 4] Sharpe=-0.0669 (folds: 0.1599, -0.0088, 0.0294, -0.3847, -0.1303)
    [trial 5] 48 features, training_days=50 | threshold=0.823 | labels: 1078 long, 1090 short (50/50%)
    [trial 5] Sharpe=0.0266 (folds: 0.2133, 0.0661, -0.0120, -0.1115, -0.0230)
    [trial 6] 48 features, training_days=410 | threshold=0.549 | labels: 1078 long, 1090 short (50/50%)
    [trial 6] Sharpe=-0.0800 (folds: -0.0726, 0.0304, -0.0332, -0.1899, -0.1345)
    [trial 7] 48 features, training_days=180 | threshold=0.526 | labels: 1078 long, 1090 short (50/50%)
    [trial 7] Sharpe=-0.0014 (folds: -0.0014, 0.2341, 0.0690, -0.2508, -0.0578)
    [trial 8] 48 features, training_days=240 | threshold=0.811 | labels: 1078 long, 1090 short (50/50%)
    [trial 8] Sharpe=-0.0137 (folds: -0.0208, 0.0698, 0.0886, -0.1639, -0.0423)
    [trial 9] 48 features, training_days=20 | threshold=0.538 | labels: 1078 long, 1090 short (50/50%)
    [trial 9] Sharpe=-2.0259 (folds: -0.1947, 0.2578, -0.0546, -0.1380, -10.0000)
    [trial 10] 48 features, training_days=10 | threshold=0.732 | labels: 1078 long, 1090 short (50/50%)
    [trial 10] Sharpe=-1.9799 (folds: -10.0000, 0.2578, -0.0546, -0.1380, 0.0356)
    [trial 11] 48 features, training_days=130 | threshold=0.716 | labels: 1078 long, 1090 short (50/50%)
    [trial 11] Sharpe=-0.0399 (folds: 0.0220, 0.1788, 0.0212, -0.2611, -0.1603)
    [trial 12] 48 features, training_days=130 | threshold=0.770 | labels: 1078 long, 1090 short (50/50%)
    [trial 12] Sharpe=-6.1085 (folds: -10.0000, 0.2908, -0.8331, -10.0000, -10.0000)
    [trial 13] 48 features, training_days=100 | threshold=0.672 | labels: 1078 long, 1090 short (50/50%)
    [trial 13] Sharpe=-0.1254 (folds: -0.1542, -0.0612, -0.0558, -0.2396, -0.1159)
    [trial 14] 48 features, training_days=290 | threshold=0.669 | labels: 1078 long, 1090 short (50/50%)
    [trial 14] Sharpe=-0.0322 (folds: -0.0533, -0.0285, 0.0769, -0.1217, -0.0342)
    [trial 15] 48 features, training_days=190 | threshold=0.507 | labels: 1078 long, 1090 short (50/50%)
    [trial 15] Sharpe=-0.0640 (folds: -0.0494, 0.0798, 0.0534, -0.2510, -0.1528)
    [trial 16] 48 features, training_days=70 | threshold=0.783 | labels: 1078 long, 1090 short (50/50%)
    [trial 16] Sharpe=-0.0874 (folds: -0.2021, 0.0072, -0.0484, -0.1316, -0.0621)
    [trial 17] 48 features, training_days=200 | threshold=0.730 | labels: 1078 long, 1090 short (50/50%)
    [trial 17] Sharpe=-0.0898 (folds: -0.2758, -0.0927, 0.0766, -0.1777, 0.0203)
  Optuna: 18 trials, best Sharpe = 0.0266
  Best params: n_estimators=138, max_depth=3, lr=0.0375, leaves=30
  Best confidence_threshold: 0.823
  Best training_days: 50
  Retrained on full data (150 samples, 48 features)
  [ensemble 2/3] seed=123
    [trial 0] 48 features, training_days=150 | threshold=0.744 | labels: 1078 long, 1090 short (50/50%)
    [CV fold 0] train_end=2021-10-22 08:00 | val_start=2021-10-30 00:00 | gap=184h (22 rows)
    [CV fold 1] train_end=2022-02-19 16:00 | val_start=2022-02-27 08:00 | gap=184h (22 rows)
    [CV fold 2] train_end=2022-06-20 00:00 | val_start=2022-06-27 16:00 | gap=184h (22 rows)
    [CV fold 3] train_end=2022-10-18 08:00 | val_start=2022-10-26 00:00 | gap=184h (22 rows)
    [CV fold 4] train_end=2023-02-15 16:00 | val_start=2023-02-23 08:00 | gap=184h (22 rows)
    [trial 0] Sharpe=-0.0523 (folds: -0.0904, 0.0859, 0.1112, -0.2806, -0.0876)
    [trial 1] 48 features, training_days=220 | threshold=0.755 | labels: 1078 long, 1090 short (50/50%)
    [trial 1] Sharpe=-2.0993 (folds: -0.2880, -0.0772, -0.0633, -0.0681, -10.0000)
    [trial 2] 48 features, training_days=310 | threshold=0.754 | labels: 1078 long, 1090 short (50/50%)
    [trial 2] Sharpe=-0.0353 (folds: 0.0628, -0.0330, 0.0752, -0.1487, -0.1328)
    [trial 3] 48 features, training_days=220 | threshold=0.673 | labels: 1078 long, 1090 short (50/50%)
    [trial 3] Sharpe=-0.0083 (folds: -0.0578, 0.0437, 0.0831, -0.1350, 0.0246)
    [trial 4] 48 features, training_days=130 | threshold=0.803 | labels: 1078 long, 1090 short (50/50%)
    [trial 4] Sharpe=-0.0565 (folds: -0.0185, 0.1182, 0.0239, -0.1647, -0.2413)
    [trial 5] 48 features, training_days=210 | threshold=0.606 | labels: 1078 long, 1090 short (50/50%)
    [trial 5] Sharpe=-0.0131 (folds: -0.0371, 0.1298, 0.0512, -0.2187, 0.0091)
    [trial 6] 48 features, training_days=130 | threshold=0.767 | labels: 1078 long, 1090 short (50/50%)
    [trial 6] Sharpe=-0.0200 (folds: 0.0230, 0.1658, -0.0124, -0.2097, -0.0666)
    [trial 7] 48 features, training_days=80 | threshold=0.556 | labels: 1078 long, 1090 short (50/50%)
    [trial 7] Sharpe=-0.0961 (folds: -0.0969, -0.1325, -0.0298, -0.1820, -0.0397)
    [trial 8] 48 features, training_days=200 | threshold=0.607 | labels: 1078 long, 1090 short (50/50%)
    [trial 8] Sharpe=-0.0135 (folds: -0.0719, 0.1373, 0.0692, -0.2251, 0.0230)
    [trial 9] 48 features, training_days=260 | threshold=0.620 | labels: 1078 long, 1090 short (50/50%)
    [trial 9] Sharpe=-0.0831 (folds: -0.0335, -0.0220, 0.0923, -0.2690, -0.1834)
    [trial 10] 48 features, training_days=470 | threshold=0.676 | labels: 1078 long, 1090 short (50/50%)
    [trial 10] Sharpe=-0.0634 (folds: -0.0645, 0.0348, 0.1339, -0.2650, -0.1565)
    [trial 11] 48 features, training_days=360 | threshold=0.513 | labels: 1078 long, 1090 short (50/50%)
    [trial 11] Sharpe=-0.0804 (folds: -0.0274, -0.0040, 0.0628, -0.2342, -0.1992)
    [trial 12] 48 features, training_days=20 | threshold=0.673 | labels: 1078 long, 1090 short (50/50%)
    [trial 12] Sharpe=-4.0150 (folds: -0.1947, 0.2578, -10.0000, -0.1380, -10.0000)
    [trial 13] 48 features, training_days=360 | threshold=0.668 | labels: 1078 long, 1090 short (50/50%)
    [trial 13] Sharpe=-0.0702 (folds: -0.0506, 0.0021, 0.0634, -0.2328, -0.1333)
    [trial 14] 48 features, training_days=280 | threshold=0.606 | labels: 1078 long, 1090 short (50/50%)
    [trial 14] Sharpe=-0.0607 (folds: 0.0029, -0.0283, 0.0560, -0.2550, -0.0789)
    [trial 15] 48 features, training_days=440 | threshold=0.705 | labels: 1078 long, 1090 short (50/50%)
    [trial 15] Sharpe=-0.0675 (folds: -0.0350, -0.0244, 0.0759, -0.1600, -0.1938)
    [trial 16] 48 features, training_days=190 | threshold=0.543 | labels: 1078 long, 1090 short (50/50%)
    [trial 16] Sharpe=-0.0427 (folds: -0.0544, 0.0994, 0.0556, -0.2657, -0.0481)
    [trial 17] 48 features, training_days=330 | threshold=0.624 | labels: 1078 long, 1090 short (50/50%)
    [trial 17] Sharpe=-0.0814 (folds: -0.0739, 0.0115, 0.0478, -0.2696, -0.1229)
  Optuna: 18 trials, best Sharpe = -0.0083
  Best params: n_estimators=190, max_depth=4, lr=0.2481, leaves=58
  Best confidence_threshold: 0.673
  Best training_days: 220
  Retrained on full data (660 samples, 48 features)
  [ensemble 3/3] seed=456
    [trial 0] 48 features, training_days=90 | threshold=0.587 | labels: 1078 long, 1090 short (50/50%)[I 2026-06-01 15:46:14,446] Trial 0 finished with value: -0.06867339413894895 and parameters: {'confidence_threshold': 0.5870645682749857, 'training_days': 90, 'n_estimators': 403, 'max_depth': 5, 'num_leaves': 45, 'learning_rate': 0.0780457193679974, 'subsample': 0.9428509515574568, 'colsample_bytree': 0.8795587339164916, 'min_child_samples': 34, 'reg_alpha': 2.2465901234314442e-07, 'reg_lambda': 8.339007036475363e-05}. Best is trial 0 with value: -0.06867339413894895.
[I 2026-06-01 15:46:14,566] Trial 1 finished with value: -0.06755091254591912 and parameters: {'confidence_threshold': 0.6348453934275313, 'training_days': 290, 'n_estimators': 115, 'max_depth': 5, 'num_leaves': 37, 'learning_rate': 0.06949568759029946, 'subsample': 0.8228505074024268, 'colsample_bytree': 0.8616703220431751, 'min_child_samples': 75, 'reg_alpha': 4.2486822725010923e-07, 'reg_lambda': 1.157247767047042e-07}. Best is trial 1 with value: -0.06755091254591912.
[I 2026-06-01 15:46:14,585] Trial 2 finished with value: -0.018797710470071498 and parameters: {'confidence_threshold': 0.5849570384370288, 'training_days': 10, 'n_estimators': 212, 'max_depth': 3, 'num_leaves': 41, 'learning_rate': 0.18452095998378365, 'subsample': 0.6001060822924371, 'colsample_bytree': 0.5673167293506167, 'min_child_samples': 37, 'reg_alpha': 5.733250064217131, 'reg_lambda': 0.5308454292595461}. Best is trial 2 with value: -0.018797710470071498.
[I 2026-06-01 15:46:14,674] Trial 3 finished with value: 0.016892650567493034 and parameters: {'confidence_threshold': 0.6868248626683718, 'training_days': 220, 'n_estimators': 134, 'max_depth': 3, 'num_leaves': 45, 'learning_rate': 0.033529007907491595, 'subsample': 0.8647277071858408, 'colsample_bytree': 0.778494116634046, 'min_child_samples': 96, 'reg_alpha': 2.409409937265785e-07, 'reg_lambda': 1.1642073478060009}. Best is trial 3 with value: 0.016892650567493034.
[I 2026-06-01 15:46:14,766] Trial 4 finished with value: -0.05054944439353791 and parameters: {'confidence_threshold': 0.5623121348350352, 'training_days': 300, 'n_estimators': 69, 'max_depth': 4, 'num_leaves': 32, 'learning_rate': 0.14967629360700346, 'subsample': 0.5054535233636654, 'colsample_bytree': 0.7401385194659216, 'min_child_samples': 27, 'reg_alpha': 1.4212042567426725e-07, 'reg_lambda': 0.23605753701352003}. Best is trial 3 with value: 0.016892650567493034.
[I 2026-06-01 15:46:15,229] Trial 5 finished with value: -0.04171245082339579 and parameters: {'confidence_threshold': 0.7111850244908446, 'training_days': 490, 'n_estimators': 362, 'max_depth': 5, 'num_leaves': 40, 'learning_rate': 0.05960785724162737, 'subsample': 0.5589714368907717, 'colsample_bytree': 0.6659006943232806, 'min_child_samples': 42, 'reg_alpha': 0.6741360303045295, 'reg_lambda': 6.054601607143087e-08}. Best is trial 3 with value: 0.016892650567493034.
[I 2026-06-01 15:46:15,417] Trial 6 finished with value: -0.08162949451208182 and parameters: {'confidence_threshold': 0.667482545748023, 'training_days': 420, 'n_estimators': 279, 'max_depth': 3, 'num_leaves': 45, 'learning_rate': 0.040099592560849204, 'subsample': 0.8563114696415159, 'colsample_bytree': 0.5442917781944105, 'min_child_samples': 50, 'reg_alpha': 1.6407916423707903e-08, 'reg_lambda': 2.935907642973286e-05}. Best is trial 3 with value: 0.016892650567493034.
[I 2026-06-01 15:46:15,559] Trial 7 finished with value: -0.0798374744531554 and parameters: {'confidence_threshold': 0.5497381024139926, 'training_days': 120, 'n_estimators': 408, 'max_depth': 5, 'num_leaves': 38, 'learning_rate': 0.28049122657745795, 'subsample': 0.8806573338635493, 'colsample_bytree': 0.5454054113547102, 'min_child_samples': 63, 'reg_alpha': 0.01263008637940408, 'reg_lambda': 0.04588020805366937}. Best is trial 3 with value: 0.016892650567493034.
[I 2026-06-01 15:46:15,857] Trial 8 finished with value: -0.048061095566224524 and parameters: {'confidence_threshold': 0.719644804808716, 'training_days': 450, 'n_estimators': 410, 'max_depth': 4, 'num_leaves': 57, 'learning_rate': 0.04022026551478857, 'subsample': 0.5336085426932707, 'colsample_bytree': 0.5705742850577543, 'min_child_samples': 100, 'reg_alpha': 5.916398047912201e-07, 'reg_lambda': 0.9794034214488329}. Best is trial 3 with value: 0.016892650567493034.
[I 2026-06-01 15:46:15,885] Trial 9 finished with value: -4.014990746771376 and parameters: {'confidence_threshold': 0.7267463643917187, 'training_days': 20, 'n_estimators': 337, 'max_depth': 5, 'num_leaves': 23, 'learning_rate': 0.022153031811454605, 'subsample': 0.6305627572358737, 'colsample_bytree': 0.6613413774216214, 'min_child_samples': 81, 'reg_alpha': 5.7638634029410314e-08, 'reg_lambda': 8.26603016764008}. Best is trial 3 with value: 0.016892650567493034.
[I 2026-06-01 15:46:16,007] Trial 10 finished with value: -10.0 and parameters: {'confidence_threshold': 0.8283920119574972, 'training_days': 200, 'n_estimators': 181, 'max_depth': 3, 'num_leaves': 62, 'learning_rate': 0.011579281028220855, 'subsample': 0.7130289643560688, 'colsample_bytree': 0.9944479338273263, 'min_child_samples': 100, 'reg_alpha': 6.837313901272251e-05, 'reg_lambda': 0.0027253228209330924}. Best is trial 3 with value: 0.016892650567493034.
[I 2026-06-01 15:46:16,036] Trial 11 finished with value: -0.018797710470071498 and parameters: {'confidence_threshold': 0.6197501000344016, 'training_days': 10, 'n_estimators': 189, 'max_depth': 3, 'num_leaves': 52, 'learning_rate': 0.1690988402609865, 'subsample': 0.7420432647590525, 'colsample_bytree': 0.8016610248739169, 'min_child_samples': 57, 'reg_alpha': 4.049659275504419, 'reg_lambda': 0.00647465266809438}. Best is trial 3 with value: 0.016892650567493034.
[I 2026-06-01 15:46:16,190] Trial 12 finished with value: -0.022643369346314376 and parameters: {'confidence_threshold': 0.5145853631584999, 'training_days': 200, 'n_estimators': 198, 'max_depth': 3, 'num_leaves': 25, 'learning_rate': 0.01924681962976845, 'subsample': 0.9912016966112274, 'colsample_bytree': 0.6699726886825281, 'min_child_samples': 21, 'reg_alpha': 6.544213947333556e-05, 'reg_lambda': 8.11725027325067}. Best is trial 3 with value: 0.016892650567493034.
[I 2026-06-01 15:46:16,392] Trial 13 finished with value: -0.025973558766140437 and parameters: {'confidence_threshold': 0.8049870194265122, 'training_days': 350, 'n_estimators': 248, 'max_depth': 4, 'num_leaves': 49, 'learning_rate': 0.11842510796771445, 'subsample': 0.6356215386273887, 'colsample_bytree': 0.7477878654225999, 'min_child_samples': 84, 'reg_alpha': 0.006809563313242477, 'reg_lambda': 0.0618107539226074}. Best is trial 3 with value: 0.016892650567493034.
[I 2026-06-01 15:46:16,582] Trial 14 finished with value: -0.05162047202704082 and parameters: {'confidence_threshold': 0.7723320301796328, 'training_days': 130, 'n_estimators': 500, 'max_depth': 3, 'num_leaves': 17, 'learning_rate': 0.2759676576317377, 'subsample': 0.7851487748866213, 'colsample_bytree': 0.6122042522489387, 'min_child_samples': 67, 'reg_alpha': 1.1551822108194917e-05, 'reg_lambda': 5.604461708154018e-06}. Best is trial 3 with value: 0.016892650567493034.
[I 2026-06-01 15:46:16,675] Trial 15 finished with value: -0.052484402652693565 and parameters: {'confidence_threshold': 0.6672055301249811, 'training_days': 210, 'n_estimators': 120, 'max_depth': 3, 'num_leaves': 31, 'learning_rate': 0.027837053988777765, 'subsample': 0.6512150728280258, 'colsample_bytree': 0.502925720040233, 'min_child_samples': 46, 'reg_alpha': 0.016709908009257986, 'reg_lambda': 0.0013467843257158065}. Best is trial 3 with value: 0.016892650567493034.
[I 2026-06-01 15:46:16,769] Trial 16 finished with value: -0.06107417329450261 and parameters: {'confidence_threshold': 0.6189401841155484, 'training_days': 350, 'n_estimators': 58, 'max_depth': 4, 'num_leaves': 53, 'learning_rate': 0.10282927795456602, 'subsample': 0.9162663396402947, 'colsample_bytree': 0.7986927760777373, 'min_child_samples': 31, 'reg_alpha': 0.22412806315095748, 'reg_lambda': 0.9067908705377224}. Best is trial 3 with value: 0.016892650567493034.
