[I 2026-06-01 23:30:43,688] Trial 9 finished with value: -6.030025937779102 and parameters: {'confidence_threshold': 0.7267463643917187, 'training_days': 20, 'n_estimators': 337, 'max_depth': 5, 'num_leaves': 23, 'learning_rate': 0.022153031811454605, 'subsample': 0.6305627572358737, 'colsample_bytree': 0.6613413774216214, 'min_child_samples': 81, 'reg_alpha': 5.7638634029410314e-08, 'reg_lambda': 8.26603016764008}. Best is trial 8 with value: 0.09372499311278788.
[I 2026-06-01 23:30:44,091] Trial 10 finished with value: 0.22175521582639263 and parameters: {'confidence_threshold': 0.8283920119574972, 'training_days': 400, 'n_estimators': 485, 'max_depth': 4, 'num_leaves': 63, 'learning_rate': 0.011927505552849117, 'subsample': 0.7130289643560688, 'colsample_bytree': 0.9944479338273263, 'min_child_samples': 100, 'reg_alpha': 5.0239970328459277e-05, 'reg_lambda': 0.0028438774509831773}. Best is trial 10 with value: 0.22175521582639263.
[I 2026-06-01 23:30:44,460] Trial 11 finished with value: -3.977161307400537 and parameters: {'confidence_threshold': 0.8431920368994753, 'training_days': 400, 'n_estimators': 478, 'max_depth': 4, 'num_leaves': 61, 'learning_rate': 0.010033528037260202, 'subsample': 0.6988002958677881, 'colsample_bytree': 0.9628722124262472, 'min_child_samples': 100, 'reg_alpha': 5.263694533895985e-05, 'reg_lambda': 0.0038935771291352755}. Best is trial 10 with value: 0.22175521582639263.
[I 2026-06-01 23:30:44,885] Trial 12 finished with value: 0.08554059613879003 and parameters: {'confidence_threshold': 0.8097987051847976, 'training_days': 500, 'n_estimators': 490, 'max_depth': 4, 'num_leaves': 63, 'learning_rate': 0.010255894610795194, 'subsample': 0.7221629666626523, 'colsample_bytree': 0.9826583982594713, 'min_child_samples': 85, 'reg_alpha': 3.0366481742941654e-05, 'reg_lambda': 0.004296708263438564}. Best is trial 10 with value: 0.22175521582639263.
[I 2026-06-01 23:30:45,235] Trial 13 finished with value: 0.0292823755465662 and parameters: {'confidence_threshold': 0.7816058724683576, 'training_days': 380, 'n_estimators': 460, 'max_depth': 4, 'num_leaves': 55, 'learning_rate': 0.022288911069178467, 'subsample': 0.6579625638812568, 'colsample_bytree': 0.6447899325131485, 'min_child_samples': 90, 'reg_alpha': 7.878830334327086e-06, 'reg_lambda': 2.40762900337199e-06}. Best is trial 10 with value: 0.22175521582639263.
[I 2026-06-01 23:30:45,582] Trial 14 finished with value: 0.003596805203870178 and parameters: {'confidence_threshold': 0.7723320301796328, 'training_days': 350, 'n_estimators': 421, 'max_depth': 4, 'num_leaves': 56, 'learning_rate': 0.017194613433650342, 'subsample': 0.7851487748866213, 'colsample_bytree': 0.7921009662363301, 'min_child_samples': 70, 'reg_alpha': 0.0011974137492144529, 'reg_lambda': 0.002581220236445855}. Best is trial 10 with value: 0.22175521582639263.
[I 2026-06-01 23:30:45,852] Trial 15 finished with value: -1.9993862267996463 and parameters: {'confidence_threshold': 0.8493338160351337, 'training_days': 450, 'n_estimators': 309, 'max_depth': 4, 'num_leaves': 54, 'learning_rate': 0.015619876150658204, 'subsample': 0.5095075980971637, 'colsample_bytree': 0.8969483796563855, 'min_child_samples': 100, 'reg_alpha': 4.04321024284604e-06, 'reg_lambda': 0.03623737012795942}. Best is trial 10 with value: 0.22175521582639263.
[I 2026-06-01 23:30:46,044] Trial 16 finished with value: 0.03225342816514604 and parameters: {'confidence_threshold': 0.7496213499887445, 'training_days': 240, 'n_estimators': 229, 'max_depth': 4, 'num_leaves': 51, 'learning_rate': 0.10453455536288413, 'subsample': 0.7543865421398536, 'colsample_bytree': 0.6082416040432931, 'min_child_samples': 55, 'reg_alpha': 0.0031466051727642714, 'reg_lambda': 5.90594587354815}. Best is trial 10 with value: 0.22175521582639263.
[I 2026-06-01 23:30:46,274] Trial 17 finished with value: 0.005887974712851707 and parameters: {'confidence_threshold': 0.5080881579696632, 'training_days': 330, 'n_estimators': 372, 'max_depth': 3, 'num_leaves': 18, 'learning_rate': 0.040009635158584404, 'subsample': 0.9717118190871952, 'colsample_bytree': 0.7191095787088697, 'min_child_samples': 90, 'reg_alpha': 0.00022966087177981828, 'reg_lambda': 0.00039965744314963514}. Best is trial 10 with value: 0.22175521582639263.

    [trial 0] Sharpe=-0.0246 (folds: -0.0943, -0.1561, -0.0754, 0.1485, 0.0544)
    [trial 1] 49 features, training_days=220 | threshold=0.755 | labels: 1101 long, 1070 short (51/49%)
    [trial 1] Sharpe=0.0111 (folds: 0.2645, -0.2670, -0.4472, 0.4753, 0.0301)
    [trial 2] 49 features, training_days=310 | threshold=0.754 | labels: 1101 long, 1070 short (51/49%)
    [trial 2] Sharpe=0.0266 (folds: -0.0962, -0.0144, -0.2575, 0.4354, 0.0656)
    [trial 3] 49 features, training_days=220 | threshold=0.673 | labels: 1101 long, 1070 short (51/49%)
    [trial 3] Sharpe=0.0192 (folds: -0.0207, 0.0250, 0.0239, 0.0428, 0.0249)
    [trial 4] 49 features, training_days=130 | threshold=0.803 | labels: 1101 long, 1070 short (51/49%)
    [trial 4] Sharpe=-0.0263 (folds: -0.1192, 0.0632, -0.2665, 0.0685, 0.1227)
    [trial 5] 49 features, training_days=210 | threshold=0.606 | labels: 1101 long, 1070 short (51/49%)
    [trial 5] Sharpe=-0.0085 (folds: -0.1728, 0.0575, 0.0206, 0.0682, -0.0161)
    [trial 6] 49 features, training_days=130 | threshold=0.767 | labels: 1101 long, 1070 short (51/49%)
    [trial 6] Sharpe=0.0098 (folds: -0.0101, 0.0539, -0.2993, 0.1858, 0.1185)
    [trial 7] 49 features, training_days=80 | threshold=0.556 | labels: 1101 long, 1070 short (51/49%)
    [trial 7] Sharpe=-0.0609 (folds: -0.0730, 0.1391, -0.4963, 0.1467, -0.0211)
    [trial 8] 49 features, training_days=200 | threshold=0.607 | labels: 1101 long, 1070 short (51/49%)
    [trial 8] Sharpe=0.0507 (folds: -0.0462, 0.0453, 0.1524, 0.0812, 0.0208)
    [trial 9] 49 features, training_days=260 | threshold=0.620 | labels: 1101 long, 1070 short (51/49%)
    [trial 9] Sharpe=0.0141 (folds: -0.1850, 0.1167, -0.1789, 0.2872, 0.0307)
    [trial 10] 49 features, training_days=470 | threshold=0.534 | labels: 1101 long, 1070 short (51/49%)
    [trial 10] Sharpe=0.0620 (folds: -0.1768, 0.0388, -0.1560, 0.3953, 0.2088)
    [trial 11] 49 features, training_days=500 | threshold=0.505 | labels: 1101 long, 1070 short (51/49%)
    [trial 11] Sharpe=0.0110 (folds: -0.1465, 0.0530, -0.2117, 0.3242, 0.0359)
    [trial 12] 49 features, training_days=380 | threshold=0.512 | labels: 1101 long, 1070 short (51/49%)
    [trial 12] Sharpe=0.0362 (folds: -0.0392, 0.0660, -0.0927, 0.1820, 0.0650)
    [trial 13] 49 features, training_days=10 | threshold=0.589 | labels: 1101 long, 1070 short (51/49%)
    [trial 13] Sharpe=-1.9913 (folds: 0.1525, -0.1695, -10.0000, -0.0212, 0.0815)
    [trial 14] 49 features, training_days=490 | threshold=0.666 | labels: 1101 long, 1070 short (51/49%)
    [trial 14] Sharpe=0.1004 (folds: -0.1215, 0.0610, -0.2014, 0.5961, 0.1677)
    [trial 15] 49 features, training_days=500 | threshold=0.681 | labels: 1101 long, 1070 short (51/49%)
    [trial 15] Sharpe=0.1300 (folds: -0.1037, 0.0486, -0.2307, 0.6340, 0.3019)
    [trial 16] 49 features, training_days=430 | threshold=0.684 | labels: 1101 long, 1070 short (51/49%)
    [trial 16] Sharpe=0.0592 (folds: -0.1221, 0.0553, -0.2501, 0.4570, 0.1556)
    [trial 17] 49 features, training_days=370 | threshold=0.683 | labels: 1101 long, 1070 short (51/49%)
    [trial 17] Sharpe=-0.0100 (folds: -0.1484, 0.0772, -0.1589, 0.0895, 0.0907)
  Optuna: 18 trials, best Sharpe = 0.1300
  Best params: n_estimators=256, max_depth=4, lr=0.0113, leaves=15
  Best confidence_threshold: 0.681
  Best training_days: 500
  Retrained on full data (1500 samples, 49 features)
  [ensemble 3/3] seed=456
    [trial 0] 49 features, training_days=90 | threshold=0.587 | labels: 1101 long, 1070 short (51/49%)
    [CV fold 0] train_end=2022-12-24 08:00 | val_start=2023-01-01 00:00 | gap=184h (22 rows)
    [CV fold 1] train_end=2023-04-23 16:00 | val_start=2023-05-01 08:00 | gap=184h (22 rows)
    [CV fold 2] train_end=2023-08-22 00:00 | val_start=2023-08-29 16:00 | gap=184h (22 rows)
    [CV fold 3] train_end=2023-12-20 08:00 | val_start=2023-12-28 00:00 | gap=184h (22 rows)
    [CV fold 4] train_end=2024-04-18 16:00 | val_start=2024-04-26 08:00 | gap=184h (22 rows)
    [trial 0] Sharpe=-0.0035 (folds: -0.0612, 0.0874, -0.3409, 0.2351, 0.0620)
    [trial 1] 49 features, training_days=290 | threshold=0.635 | labels: 1101 long, 1070 short (51/49%)
    [trial 1] Sharpe=0.0071 (folds: -0.1605, 0.0995, -0.1265, 0.1782, 0.0450)
    [trial 2] 49 features, training_days=10 | threshold=0.585 | labels: 1101 long, 1070 short (51/49%)
    [trial 2] Sharpe=-1.9913 (folds: 0.1525, -0.1695, -10.0000, -0.0212, 0.0815)
    [trial 3] 49 features, training_days=220 | threshold=0.687 | labels: 1101 long, 1070 short (51/49%)
    [trial 3] Sharpe=0.0603 (folds: -0.2015, 0.1830, -0.0102, 0.2861, 0.0443)
    [trial 4] 49 features, training_days=300 | threshold=0.562 | labels: 1101 long, 1070 short (51/49%)
    [trial 4] Sharpe=-0.0076 (folds: -0.0216, 0.0301, -0.2101, 0.1686, -0.0051)
    [trial 5] 49 features, training_days=490 | threshold=0.711 | labels: 1101 long, 1070 short (51/49%)
    [trial 5] Sharpe=0.0595 (folds: -0.0879, 0.0385, -0.0817, 0.4230, 0.0056)
    [trial 6] 49 features, training_days=420 | threshold=0.667 | labels: 1101 long, 1070 short (51/49%)
    [trial 6] Sharpe=0.0672 (folds: -0.1155, 0.0840, -0.2648, 0.4777, 0.1544)
    [trial 7] 49 features, training_days=120 | threshold=0.550 | labels: 1101 long, 1070 short (51/49%)
    [trial 7] Sharpe=-0.0160 (folds: -0.0763, 0.0094, -0.1926, 0.0797, 0.0998)
    [trial 8] 49 features, training_days=450 | threshold=0.720 | labels: 1101 long, 1070 short (51/49%)
    [trial 8] Sharpe=0.0937 (folds: -0.1328, 0.1121, -0.1648, 0.4203, 0.2338)
    [trial 9] 49 features, training_days=20 | threshold=0.727 | labels: 1101 long, 1070 short (51/49%)
    [trial 9] Sharpe=-6.0300 (folds: -10.0000, -10.0000, -0.1290, -0.0212, -10.0000)
    [trial 10] 49 features, training_days=400 | threshold=0.828 | labels: 1101 long, 1070 short (51/49%)
    [trial 10] Sharpe=0.2218 (folds: 0.0650, 0.3718, -0.1214, 0.5731, 0.2203)
    [trial 11] 49 features, training_days=400 | threshold=0.843 | labels: 1101 long, 1070 short (51/49%)
    [trial 11] Sharpe=-3.9772 (folds: 0.1358, -10.0000, -0.2575, -10.0000, 0.2359)
    [trial 12] 49 features, training_days=500 | threshold=0.810 | labels: 1101 long, 1070 short (51/49%)
    [trial 12] Sharpe=0.0855 (folds: 0.0720, 0.2395, -0.3108, 0.3814, 0.0456)
    [trial 13] 49 features, training_days=380 | threshold=0.782 | labels: 1101 long, 1070 short (51/49%)
    [trial 13] Sharpe=0.0293 (folds: -0.0594, -0.0099, -0.1192, 0.2236, 0.1114)
    [trial 14] 49 features, training_days=350 | threshold=0.772 | labels: 1101 long, 1070 short (51/49%)
    [trial 14] Sharpe=0.0036 (folds: -0.0825, 0.0545, -0.1634, 0.1474, 0.0618)
    [trial 15] 49 features, training_days=450 | threshold=0.849 | labels: 1101 long, 1070 short (51/49%)
    [trial 15] Sharpe=-1.9994 (folds: 0.1554, -10.0000, -0.2493, 0.0936, 0.0034)
    [trial 16] 49 features, training_days=240 | threshold=0.750 | labels: 1101 long, 1070 short (51/49%)
    [trial 16] Sharpe=0.0323 (folds: -0.1110, 0.0643, -0.0466, 0.2069, 0.0477)
    [trial 17] 49 features, training_days=330 | threshold=0.508 | labels: 1101 long, 1070 short (51/49%)
    [trial 17] Sharpe=0.0059 (folds: -0.1638, 0.1105, -0.1325, 0.1453, 0.0698)
  Optuna: 18 trials, best Sharpe = 0.2218
  Best params: n_estimators=485, max_depth=4, lr=0.0119, leaves=63
  Best confidence_threshold: 0.828
  Best training_days: 400
  Retrained on full data (1200 samples, 49 features)
  OOD: 16 features, cutoff (q=0.7) = 13.93
  Model trained for 2024-09: 90 test candles with features, confidence_threshold=0.725
[trade:close] 2024-09-07 08:00 LTCUSDT SHORT → timeout @ 63.84 | PnL=+2.73% (net +2.63%) | cum=+139.73% 2024-09=+2.63% 2024-09-07=+2.63%
[predict] 2024-09-12 00:00 LTCUSDT → SHORT (proba=0.87 TP=8.3%/SL=4.1%)
[trade:open] 2024-09-12 07:59 LTCUSDT SHORT @ 61.97 | SL=64.53 TP=56.85 | timeout=2024-09-19 07:59
[trade:close] 2024-09-13 15:59 LTCUSDT SHORT → stop_loss @ 64.53 | PnL=-4.13% (net -4.23%) | cum=+135.49% 2024-09=-1.60% 2024-09-13=-4.23%
[predict] 2024-09-15 08:00 LTCUSDT → SHORT (proba=0.76 TP=6.7%/SL=3.3%)
[trade:open] 2024-09-15 15:59 LTCUSDT SHORT @ 64.47 | SL=66.62 TP=60.17 | timeout=2024-09-22 15:59[I 2026-06-01 23:30:46,991] A new study created in memory with name: no-name-5edb084b-6de5-4908-a2df-45b3742e1464
[I 2026-06-01 23:30:47,339] Trial 0 finished with value: 0.11605466124224859 and parameters: {'confidence_threshold': 0.6310890415965769, 'training_days': 480, 'n_estimators': 380, 'max_depth': 4, 'num_leaves': 22, 'learning_rate': 0.01699897838270077, 'subsample': 0.5290418060840998, 'colsample_bytree': 0.9330880728874675, 'min_child_samples': 68, 'reg_alpha': 0.023585940584142682, 'reg_lambda': 1.5320059381854043e-08}. Best is trial 0 with value: 0.11605466124224859.
[I 2026-06-01 23:30:47,481] Trial 1 finished with value: -4.115900904485361 and parameters: {'confidence_threshold': 0.839468448256698, 'training_days': 420, 'n_estimators': 145, 'max_depth': 3, 'num_leaves': 23, 'learning_rate': 0.028145092716060652, 'subsample': 0.762378215816119, 'colsample_bytree': 0.7159725093210578, 'min_child_samples': 43, 'reg_alpha': 0.0032112643094417484, 'reg_lambda': 1.8007140198129195e-07}. Best is trial 0 with value: 0.11605466124224859.
[I 2026-06-01 23:30:47,667] Trial 2 finished with value: 0.017760777391761767 and parameters: {'confidence_threshold': 0.6022506269873263, 'training_days': 190, 'n_estimators': 255, 'max_depth': 5, 'num_leaves': 24, 'learning_rate': 0.05748924681991978, 'subsample': 0.7962072844310213, 'colsample_bytree': 0.5232252063599989, 'min_child_samples': 69, 'reg_alpha': 3.425445902633376e-07, 'reg_lambda': 3.850031979199519e-08}. Best is trial 0 with value: 0.11605466124224859.
[I 2026-06-01 23:30:47,978] Trial 3 finished with value: 0.06614729577377257 and parameters: {'confidence_threshold': 0.8321099380386666, 'training_days': 490, 'n_estimators': 414, 'max_depth': 3, 'num_leaves': 19, 'learning_rate': 0.1024932221692416, 'subsample': 0.7200762468698007, 'colsample_bytree': 0.5610191174223894, 'min_child_samples': 60, 'reg_alpha': 2.039373116525212e-08, 'reg_lambda': 1.527156759251193}. Best is trial 0 with value: 0.11605466124224859.
[I 2026-06-01 23:30:48,149] Trial 4 finished with value: 0.030166972726083825 and parameters: {'confidence_threshold': 0.5905729935600059, 'training_days': 340, 'n_estimators': 190, 'max_depth': 4, 'num_leaves': 41, 'learning_rate': 0.01875220945578641, 'subsample': 0.9847923138822793, 'colsample_bytree': 0.8875664116805573, 'min_child_samples': 96, 'reg_alpha': 1.1309571585271483, 'reg_lambda': 0.002404915432737351}. Best is trial 0 with value: 0.11605466124224859.
[I 2026-06-01 23:30:48,206] Trial 5 finished with value: 0.03764793143918468 and parameters: {'confidence_threshold': 0.8226559822580909, 'training_days': 50, 'n_estimators': 138, 'max_depth': 3, 'num_leaves': 30, 'learning_rate': 0.03750796359625606, 'subsample': 0.6356745158869479, 'colsample_bytree': 0.9143687545759647, 'min_child_samples': 48, 'reg_alpha': 3.376063348877853e-06, 'reg_lambda': 0.0007660634613082914}. Best is trial 0 with value: 0.11605466124224859.
[I 2026-06-01 23:30:48,325] Trial 6 finished with value: 0.1020297390235777 and parameters: {'confidence_threshold': 0.5493234787411669, 'training_days': 410, 'n_estimators': 83, 'max_depth': 5, 'num_leaves': 52, 'learning_rate': 0.019657448966046126, 'subsample': 0.5027610585618012, 'colsample_bytree': 0.9077307142274171, 'min_child_samples': 77, 'reg_alpha': 0.03639690979811287, 'reg_lambda': 0.08738424135626986}. Best is trial 0 with value: 0.11605466124224859.
[I 2026-06-01 23:30:48,433] Trial 7 finished with value: -0.00539251286108196 and parameters: {'confidence_threshold': 0.5259156281069316, 'training_days': 180, 'n_estimators': 102, 'max_depth': 5, 'num_leaves': 45, 'learning_rate': 0.030816017044468066, 'subsample': 0.5317791751430119, 'colsample_bytree': 0.6554911608578311, 'min_child_samples': 46, 'reg_alpha': 0.036851536911881845, 'reg_lambda': 0.005470376807480391}. Best is trial 0 with value: 0.11605466124224859.
[I 2026-06-01 23:30:48,551] Trial 8 finished with value: 0.012573297537042224 and parameters: {'confidence_threshold': 0.8105244599017143, 'training_days': 240, 'n_estimators': 103, 'max_depth': 5, 'num_leaves': 52, 'learning_rate': 0.06746437142284309, 'subsample': 0.8854835899772805, 'colsample_bytree': 0.7468977981821954, 'min_child_samples': 62, 'reg_alpha': 7.04480806377519e-05, 'reg_lambda': 1.6934490731313353e-08}. Best is trial 0 with value: 0.11605466124224859.
[I 2026-06-01 23:30:48,576] Trial 9 finished with value: -1.986605138805632 and parameters: {'confidence_threshold': 0.5377619994476566, 'training_days': 20, 'n_estimators': 337, 'max_depth': 3, 'num_leaves': 39, 'learning_rate': 0.21907142272152816, 'subsample': 0.6246461145744375, 'colsample_bytree': 0.7051914615178149, 'min_child_samples': 81, 'reg_alpha': 1.1459970229341322e-06, 'reg_lambda': 4.929685216887945e-08}. Best is trial 0 with value: 0.11605466124224859.
[I 2026-06-01 23:30:49,197] Trial 10 finished with value: 0.0881503525464496 and parameters: {'confidence_threshold': 0.6938635787372303, 'training_days': 350, 'n_estimators': 487, 'max_depth': 4, 'num_leaves': 15, 'learning_rate': 0.011407797829608154, 'subsample': 0.6277217293825994, 'colsample_bytree': 0.9880699499289975, 'min_child_samples': 27, 'reg_alpha': 8.536188349289, 'reg_lambda': 3.3639426888455256e-06}. Best is trial 0 with value: 0.11605466124224859.
[I 2026-06-01 23:30:49,478] Trial 11 finished with value: 0.16061021385753455 and parameters: {'confidence_threshold': 0.6793407361691637, 'training_days': 480, 'n_estimators': 298, 'max_depth': 4, 'num_leaves': 60, 'learning_rate': 0.010345547951401532, 'subsample': 0.5020876636914846, 'colsample_bytree': 0.8450967273762119, 'min_child_samples': 81, 'reg_alpha': 0.04080560208552622, 'reg_lambda': 0.5855213887055177}. Best is trial 11 with value: 0.16061021385753455.
[I 2026-06-01 23:30:49,787] Trial 12 finished with value: 0.17901192423852136 and parameters: {'confidence_threshold': 0.7015367844191313, 'training_days': 480, 'n_estimators': 333, 'max_depth': 4, 'num_leaves': 58, 'learning_rate': 0.010342884934290602, 'subsample': 0.5645905282736031, 'colsample_bytree': 0.8304278626461432, 'min_child_samples': 90, 'reg_alpha': 0.0006214810759196841, 'reg_lambda': 1.4289813315801497e-05}. Best is trial 12 with value: 0.17901192423852136.
[I 2026-06-01 23:30:49,992] Trial 13 finished with value: 0.11173318664336843 and parameters: {'confidence_threshold': 0.7199288379699303, 'training_days': 330, 'n_estimators': 258, 'max_depth': 4, 'num_leaves': 62, 'learning_rate': 0.010486158623258536, 'subsample': 0.5751718697385697, 'colsample_bytree': 0.8155421717694826, 'min_child_samples': 98, 'reg_alpha': 0.00023323394909551966, 'reg_lambda': 2.915487126448182e-05}. Best is trial 12 with value: 0.17901192423852136.
[I 2026-06-01 23:30:50,277] Trial 14 finished with value: 0.19484512609290186 and parameters: {'confidence_threshold': 0.7467244789105287, 'training_days': 500, 'n_estimators': 315, 'max_depth': 4, 'num_leaves': 62, 'learning_rate': 0.010283791806907458, 'subsample': 0.6848466464462127, 'colsample_bytree': 0.8125859382071857, 'min_child_samples': 86, 'reg_alpha': 0.0017482274705964084, 'reg_lambda': 6.47715506898252}. Best is trial 14 with value: 0.19484512609290186.
[I 2026-06-01 23:30:50,628] Trial 15 finished with value: 0.052446782270826595 and parameters: {'confidence_threshold': 0.7495067405888514, 'training_days': 420, 'n_estimators': 427, 'max_depth': 4, 'num_leaves': 56, 'learning_rate': 0.2656554302157523, 'subsample': 0.6943845973931931, 'colsample_bytree': 0.8100744538922787, 'min_child_samples': 88, 'reg_alpha': 2.141570524029487e-05, 'reg_lambda': 2.4129534142083315e-05}. Best is trial 14 with value: 0.19484512609290186.
[I 2026-06-01 23:30:50,859] Trial 16 finished with value: 0.0597841991430772 and parameters: {'confidence_threshold': 0.7676048761456542, 'training_days': 270, 'n_estimators': 325, 'max_depth': 4, 'num_leaves': 63, 'learning_rate': 0.015432839650192392, 'subsample': 0.8241699155574854, 'colsample_bytree': 0.632035183231185, 'min_child_samples': 89, 'reg_alpha': 0.002796186703509765, 'reg_lambda': 0.03724247335347111}. Best is trial 14 with value: 0.19484512609290186.
