[I 2026-06-01 23:30:51,064] Trial 17 finished with value: 0.08578262348222002 and parameters: {'confidence_threshold': 0.7698949706760518, 'training_days': 500, 'n_estimators': 238, 'max_depth': 4, 'num_leaves': 48, 'learning_rate': 0.14168046193643385, 'subsample': 0.6776289172237293, 'colsample_bytree': 0.7861983638172064, 'min_child_samples': 99, 'reg_alpha': 0.0012812694730283932, 'reg_lambda': 1.493656852319989e-06}. Best is trial 14 with value: 0.19484512609290186.
[I 2026-06-01 23:30:51,526] A new study created in memory with name: no-name-eb139065-1631-47e4-b5a0-02cd400ac105

[trade:close] 2024-09-21 15:59 LTCUSDT SHORT → stop_loss @ 66.62 | PnL=-3.33% (net -3.43%) | cum=+132.06% 2024-09=-5.04% 2024-09-21=-3.43%
[predict] 2024-09-22 08:00 LTCUSDT → SHORT (proba=0.75 TP=6.4%/SL=3.2%)
[trade:open] 2024-09-22 15:59 LTCUSDT SHORT @ 66.82 | SL=68.96 TP=62.53 | timeout=2024-09-29 15:59
[trade:close] 2024-09-23 07:59 LTCUSDT SHORT → stop_loss @ 68.96 | PnL=-3.21% (net -3.31%) | cum=+128.75% 2024-09=-8.34% 2024-09-23=-3.31%
[lgbm] === Training for 2024-10 ===
  Train window: 2022-10-01 → 2024-09-23
  2171 training samples from 1 symbols
  Samples per month: 2022-10: 93, 2022-11: 90, 2022-12: 93, 2023-01: 93, 2023-02: 84, 2023-03: 93, 2023-04: 90, 2023-05: 93, 2023-06: 90, 2023-07: 93, 2023-08: 93, 2023-09: 90, 2023-10: 93, 2023-11: 90, 2023-12: 93, 2024-01: 93, 2024-02: 87, 2024-03: 93, 2024-04: 90, 2024-05: 93, 2024-06: 90, 2024-07: 93, 2024-08: 93, 2024-09: 68
  [label] 2022-12-01 16:00 LTCUSDT entry=77.5500 → LONG | long=timeout(+0.76%) short=sl(-7.98%) | scanned=22 | no_tp→fwd_return=+0.8640
  [label] 2022-12-04 00:00 LTCUSDT entry=76.3900 → LONG | long=timeout(+1.31%) short=sl(-5.94%) | scanned=22 | no_tp→fwd_return=+1.4138
  [label] 2022-12-07 16:00 LTCUSDT entry=76.8500 → SHORT | long=timeout(-2.09%) short=timeout(+1.89%) | scanned=22 | no_tp→fwd_return=-1.9909
  [label] 2023-01-01 08:00 LTCUSDT entry=70.3100 → LONG | long=tp(+7.69%) short=sl(-4.00%) | scanned=2 | long_tp_only
  [label] 2023-02-23 00:00 LTCUSDT entry=95.1600 → LONG | long=sl(-5.48%) short=timeout(-2.33%) | scanned=22 | no_tp→fwd_return=+2.2278
  [label] 2023-08-08 00:00 LTCUSDT entry=82.4000 → SHORT | long=timeout(-0.78%) short=timeout(+0.58%) | scanned=22 | no_tp→fwd_return=-0.6796
  [label] 2023-08-12 00:00 LTCUSDT entry=83.5500 → SHORT | long=sl(-2.93%) short=tp(+5.55%) | scanned=11 | short_tp_only
  [label] 2023-08-22 16:00 LTCUSDT entry=64.8100 → LONG | long=timeout(+6.09%) short=sl(-6.55%) | scanned=22 | no_tp→fwd_return=+6.1873
  [label] 2023-10-06 16:00 LTCUSDT entry=65.4500 → SHORT | long=sl(-3.27%) short=tp(+6.25%) | scanned=14 | short_tp_only
  [label] 2023-10-15 08:00 LTCUSDT entry=61.5800 → LONG | long=tp(+4.37%) short=sl(-2.33%) | scanned=3 | long_tp_only
  [label] 2024-01-13 16:00 LTCUSDT entry=71.9900 → SHORT | long=sl(-6.80%) short=timeout(+0.76%) | scanned=22 | no_tp→fwd_return=-0.8612
  [label] 2024-02-14 16:00 LTCUSDT entry=69.8800 → SHORT | long=sl(-3.83%) short=timeout(+1.22%) | scanned=22 | no_tp→fwd_return=-1.3165
  [label] 2024-03-02 00:00 LTCUSDT entry=90.2200 → SHORT | long=sl(-7.82%) short=tp(+15.34%) | scanned=11 | short_tp_only
  [label] 2024-03-14 16:00 LTCUSDT entry=94.1800 → SHORT | long=sl(-9.10%) short=tp(+17.91%) | scanned=15 | short_tp_only
  [label] 2024-04-02 00:00 LTCUSDT entry=99.0500 → LONG | long=timeout(+1.05%) short=sl(-9.12%) | scanned=22 | no_tp→fwd_return=+1.1509
  [label] 2024-04-08 08:00 LTCUSDT entry=102.9700 → SHORT | long=sl(-6.98%) short=tp(+13.67%) | scanned=13 | short_tp_only
  [label] 2024-04-20 16:00 LTCUSDT entry=84.9900 → SHORT | long=timeout(-1.46%) short=timeout(+1.26%) | scanned=22 | no_tp→fwd_return=-1.3649
  [label] 2024-05-30 08:00 LTCUSDT entry=85.3100 → LONG | long=sl(-3.90%) short=timeout(-0.48%) | scanned=22 | no_tp→fwd_return=+0.3751
  [label] 2024-06-09 00:00 LTCUSDT entry=79.8400 → SHORT | long=sl(-3.70%) short=timeout(+0.39%) | scanned=22 | no_tp→fwd_return=-0.4885
  [label] 2024-09-03 08:00 LTCUSDT entry=64.8400 → SHORT | long=sl(-4.67%) short=sl(-4.67%) | scanned=10 | no_tp→fwd_return=-2.8686
  Labels: 1119 long (51.5%), 1052 short (48.5%) | weights: min=1.00, mean=3.37, max=10.00
  Features: 2171/2171 matched, 49 columns
  CV gap: 22 rows
  [ensemble 1/3] seed=42
    [trial 0] 49 features, training_days=480 | threshold=0.631 | labels: 1119 long, 1052 short (52/48%)
    [CV fold 0] train_end=2023-01-23 08:00 | val_start=2023-01-31 00:00 | gap=184h (22 rows)
    [CV fold 1] train_end=2023-05-23 16:00 | val_start=2023-05-31 08:00 | gap=184h (22 rows)
    [CV fold 2] train_end=2023-09-21 00:00 | val_start=2023-09-28 16:00 | gap=184h (22 rows)
    [CV fold 3] train_end=2024-01-19 08:00 | val_start=2024-01-27 00:00 | gap=184h (22 rows)
    [CV fold 4] train_end=2024-05-18 16:00 | val_start=2024-05-26 08:00 | gap=184h (22 rows)
    [trial 0] Sharpe=0.1161 (folds: -0.0487, 0.1495, -0.0937, 0.3287, 0.2445)
    [trial 1] 49 features, training_days=420 | threshold=0.839 | labels: 1119 long, 1052 short (52/48%)
    [trial 1] Sharpe=-4.1159 (folds: -0.2115, -0.6180, 0.2501, -10.0000, -10.0000)
    [trial 2] 49 features, training_days=190 | threshold=0.602 | labels: 1119 long, 1052 short (52/48%)
    [trial 2] Sharpe=0.0178 (folds: -0.0466, -0.0382, 0.0421, 0.1850, -0.0534)
    [trial 3] 49 features, training_days=490 | threshold=0.832 | labels: 1119 long, 1052 short (52/48%)
    [trial 3] Sharpe=0.0661 (folds: -0.1013, 0.0035, 0.0097, 0.4398, -0.0210)
    [trial 4] 49 features, training_days=340 | threshold=0.591 | labels: 1119 long, 1052 short (52/48%)
    [trial 4] Sharpe=0.0302 (folds: -0.0101, 0.0333, -0.1667, 0.3746, -0.0802)
    [trial 5] 49 features, training_days=50 | threshold=0.823 | labels: 1119 long, 1052 short (52/48%)
    [trial 5] Sharpe=0.0376 (folds: -0.2413, 0.0512, 0.4376, 0.3204, -0.3797)
    [trial 6] 49 features, training_days=410 | threshold=0.549 | labels: 1119 long, 1052 short (52/48%)
    [trial 6] Sharpe=0.1020 (folds: -0.0643, 0.0586, -0.0414, 0.4810, 0.0763)
    [trial 7] 49 features, training_days=180 | threshold=0.526 | labels: 1119 long, 1052 short (52/48%)
    [trial 7] Sharpe=-0.0054 (folds: -0.0291, -0.0982, 0.0188, 0.1565, -0.0749)
    [trial 8] 49 features, training_days=240 | threshold=0.811 | labels: 1119 long, 1052 short (52/48%)
    [trial 8] Sharpe=0.0126 (folds: -0.1491, 0.0567, -0.0139, 0.2458, -0.0766)
    [trial 9] 49 features, training_days=20 | threshold=0.538 | labels: 1119 long, 1052 short (52/48%)
    [trial 9] Sharpe=-1.9866 (folds: 0.0191, 0.1244, -0.0384, -10.0000, -0.0382)
    [trial 10] 49 features, training_days=350 | threshold=0.694 | labels: 1119 long, 1052 short (52/48%)
    [trial 10] Sharpe=0.0882 (folds: 0.0026, 0.1307, -0.1076, 0.3609, 0.0541)
    [trial 11] 49 features, training_days=480 | threshold=0.679 | labels: 1119 long, 1052 short (52/48%)
    [trial 11] Sharpe=0.1606 (folds: 0.0042, 0.0841, -0.0464, 0.5229, 0.2382)
    [trial 12] 49 features, training_days=480 | threshold=0.702 | labels: 1119 long, 1052 short (52/48%)
    [trial 12] Sharpe=0.1790 (folds: 0.0302, 0.1145, -0.0211, 0.6112, 0.1604)
    [trial 13] 49 features, training_days=330 | threshold=0.720 | labels: 1119 long, 1052 short (52/48%)
    [trial 13] Sharpe=0.1117 (folds: 0.0420, 0.1623, -0.0796, 0.5313, -0.0974)
    [trial 14] 49 features, training_days=500 | threshold=0.747 | labels: 1119 long, 1052 short (52/48%)
    [trial 14] Sharpe=0.1948 (folds: -0.0109, 0.1414, -0.0807, 1.0128, -0.0884)
    [trial 15] 49 features, training_days=420 | threshold=0.750 | labels: 1119 long, 1052 short (52/48%)
    [trial 15] Sharpe=0.0524 (folds: -0.0182, 0.0679, -0.0403, 0.2419, 0.0110)
    [trial 16] 49 features, training_days=270 | threshold=0.768 | labels: 1119 long, 1052 short (52/48%)
    [trial 16] Sharpe=0.0598 (folds: 0.0356, 0.2246, -0.2380, 0.4060, -0.1292)
    [trial 17] 49 features, training_days=500 | threshold=0.770 | labels: 1119 long, 1052 short (52/48%)
    [trial 17] Sharpe=0.0858 (folds: 0.0033, -0.0090, -0.0447, 0.4070, 0.0723)
  Optuna: 18 trials, best Sharpe = 0.1948
  Best params: n_estimators=315, max_depth=4, lr=0.0103, leaves=62
  Best confidence_threshold: 0.747
  Best training_days: 500
  Retrained on full data (1500 samples, 49 features)
  [ensemble 2/3] seed=123
    [trial 0] 49 features, training_days=150 | threshold=0.744 | labels: 1119 long, 1052 short (52/48%)
    [CV fold 0] train_end=2023-01-23 08:00 | val_start=2023-01-31 00:00 | gap=184h (22 rows)
    [CV fold 1] train_end=2023-05-23 16:00 | val_start=2023-05-31 08:00 | gap=184h (22 rows)
    [CV fold 2] train_end=2023-09-21 00:00 | val_start=2023-09-28 16:00 | gap=184h (22 rows)
    [CV fold 3] train_end=2024-01-19 08:00 | val_start=2024-01-27 00:00 | gap=184h (22 rows)[I 2026-06-01 23:30:51,629] Trial 0 finished with value: 0.09135649581712393 and parameters: {'confidence_threshold': 0.7437642149592516, 'training_days': 150, 'n_estimators': 152, 'max_depth': 4, 'num_leaves': 50, 'learning_rate': 0.04216766425047743, 'subsample': 0.9903820991923078, 'colsample_bytree': 0.8424148692924316, 'min_child_samples': 58, 'reg_alpha': 3.381097259762742e-05, 'reg_lambda': 1.2263152961306247e-05}. Best is trial 0 with value: 0.09135649581712393.
[I 2026-06-01 23:30:51,706] Trial 1 finished with value: 0.06743577415863364 and parameters: {'confidence_threshold': 0.7551673975844145, 'training_days': 220, 'n_estimators': 76, 'max_depth': 4, 'num_leaves': 51, 'learning_rate': 0.018602118810743477, 'subsample': 0.5877258780737462, 'colsample_bytree': 0.7657756869209191, 'min_child_samples': 63, 'reg_alpha': 0.005123994170264194, 'reg_lambda': 0.44145470178120466}. Best is trial 0 with value: 0.09135649581712393.
[I 2026-06-01 23:30:51,983] Trial 2 finished with value: -0.011863975067159057 and parameters: {'confidence_threshold': 0.7535593637012223, 'training_days': 310, 'n_estimators': 375, 'max_depth': 3, 'num_leaves': 32, 'learning_rate': 0.021735641882032388, 'subsample': 0.6468570231944146, 'colsample_bytree': 0.8154880619272439, 'min_child_samples': 27, 'reg_alpha': 8.004064028491336e-05, 'reg_lambda': 7.546835261630524e-05}. Best is trial 0 with value: 0.09135649581712393.
[I 2026-06-01 23:30:52,164] Trial 3 finished with value: 0.01015941983189937 and parameters: {'confidence_threshold': 0.6727897841776072, 'training_days': 220, 'n_estimators': 190, 'max_depth': 4, 'num_leaves': 58, 'learning_rate': 0.24810689332636193, 'subsample': 0.7509183379421682, 'colsample_bytree': 0.8119764758960556, 'min_child_samples': 29, 'reg_alpha': 7.1708285081421445e-06, 'reg_lambda': 5.412973582738627e-05}. Best is trial 0 with value: 0.09135649581712393.
[I 2026-06-01 23:30:52,293] Trial 4 finished with value: 0.05376538381803533 and parameters: {'confidence_threshold': 0.803208205259178, 'training_days': 130, 'n_estimators': 267, 'max_depth': 5, 'num_leaves': 40, 'learning_rate': 0.08041175317374143, 'subsample': 0.5603143329951619, 'colsample_bytree': 0.9131704002534167, 'min_child_samples': 68, 'reg_alpha': 0.0008046593428183385, 'reg_lambda': 1.2158346158765583e-05}. Best is trial 0 with value: 0.09135649581712393.
[I 2026-06-01 23:30:52,536] Trial 5 finished with value: 0.01811170675665131 and parameters: {'confidence_threshold': 0.6064422761595144, 'training_days': 210, 'n_estimators': 357, 'max_depth': 5, 'num_leaves': 40, 'learning_rate': 0.0974221287220869, 'subsample': 0.7929682762811064, 'colsample_bytree': 0.8124517510478, 'min_child_samples': 74, 'reg_alpha': 0.3811377260781234, 'reg_lambda': 5.607314238392041e-08}. Best is trial 0 with value: 0.09135649581712393.
[I 2026-06-01 23:30:52,668] Trial 6 finished with value: 0.0640888442150936 and parameters: {'confidence_threshold': 0.7672889945051684, 'training_days': 130, 'n_estimators': 137, 'max_depth': 4, 'num_leaves': 19, 'learning_rate': 0.2031117614248665, 'subsample': 0.8136244860256343, 'colsample_bytree': 0.8617081790949774, 'min_child_samples': 21, 'reg_alpha': 0.002238138278733199, 'reg_lambda': 0.001025809534977322}. Best is trial 0 with value: 0.09135649581712393.
[I 2026-06-01 23:30:52,746] Trial 7 finished with value: 0.09151839853401292 and parameters: {'confidence_threshold': 0.555635875450653, 'training_days': 80, 'n_estimators': 363, 'max_depth': 3, 'num_leaves': 48, 'learning_rate': 0.06590089024008658, 'subsample': 0.6944752870615722, 'colsample_bytree': 0.962566244806993, 'min_child_samples': 88, 'reg_alpha': 1.6465620446426067e-05, 'reg_lambda': 2.4678750890085655e-08}. Best is trial 7 with value: 0.09151839853401292.
[I 2026-06-01 23:30:53,107] Trial 8 finished with value: -0.007442472947323292 and parameters: {'confidence_threshold': 0.6066688256938841, 'training_days': 200, 'n_estimators': 367, 'max_depth': 5, 'num_leaves': 32, 'learning_rate': 0.13377519215934996, 'subsample': 0.7965884582811106, 'colsample_bytree': 0.8458508993500886, 'min_child_samples': 32, 'reg_alpha': 3.889436043816386e-05, 'reg_lambda': 1.4713062489380356e-06}. Best is trial 7 with value: 0.09151839853401292.
[I 2026-06-01 23:30:53,342] Trial 9 finished with value: 0.024240145257158265 and parameters: {'confidence_threshold': 0.6202096049169137, 'training_days': 260, 'n_estimators': 350, 'max_depth': 3, 'num_leaves': 21, 'learning_rate': 0.02989540198065364, 'subsample': 0.8307821683331218, 'colsample_bytree': 0.923253112635361, 'min_child_samples': 64, 'reg_alpha': 0.4898604619604203, 'reg_lambda': 2.9076377687066166e-05}. Best is trial 7 with value: 0.09151839853401292.
[I 2026-06-01 23:30:53,379] Trial 10 finished with value: -0.003965646769821203 and parameters: {'confidence_threshold': 0.5248809389721337, 'training_days': 10, 'n_estimators': 493, 'max_depth': 3, 'num_leaves': 63, 'learning_rate': 0.010221918552934462, 'subsample': 0.667749445701178, 'colsample_bytree': 0.6202684210924141, 'min_child_samples': 99, 'reg_alpha': 1.3884210513841762e-08, 'reg_lambda': 0.02273343343290072}. Best is trial 7 with value: 0.09151839853401292.
[I 2026-06-01 23:30:53,569] Trial 11 finished with value: 0.1028252133096588 and parameters: {'confidence_threshold': 0.5077463503498806, 'training_days': 480, 'n_estimators': 245, 'max_depth': 3, 'num_leaves': 49, 'learning_rate': 0.047907454503262954, 'subsample': 0.9939949979825393, 'colsample_bytree': 0.9864508096204552, 'min_child_samples': 89, 'reg_alpha': 6.406297885587639e-07, 'reg_lambda': 1.0031010917688901e-08}. Best is trial 11 with value: 0.1028252133096588.
[I 2026-06-01 23:30:53,748] Trial 12 finished with value: 0.08333203837951705 and parameters: {'confidence_threshold': 0.5091995832515449, 'training_days': 500, 'n_estimators': 234, 'max_depth': 3, 'num_leaves': 48, 'learning_rate': 0.05809128784912797, 'subsample': 0.9903748330118821, 'colsample_bytree': 0.9737874829232072, 'min_child_samples': 98, 'reg_alpha': 2.5907884980586616e-07, 'reg_lambda': 4.7722033808016104e-08}. Best is trial 11 with value: 0.1028252133096588.
[I 2026-06-01 23:30:54,056] Trial 13 finished with value: 0.07366880381568675 and parameters: {'confidence_threshold': 0.5563671635493559, 'training_days': 490, 'n_estimators': 447, 'max_depth': 3, 'num_leaves': 55, 'learning_rate': 0.05472154246498568, 'subsample': 0.883444194627074, 'colsample_bytree': 0.6564540780078124, 'min_child_samples': 84, 'reg_alpha': 7.123345694144466e-07, 'reg_lambda': 1.1191459226171794e-08}. Best is trial 11 with value: 0.1028252133096588.
[I 2026-06-01 23:30:54,283] Trial 14 finished with value: 0.052839958053078284 and parameters: {'confidence_threshold': 0.5626259740358373, 'training_days': 410, 'n_estimators': 300, 'max_depth': 3, 'num_leaves': 44, 'learning_rate': 0.03718149066900113, 'subsample': 0.8997284260729373, 'colsample_bytree': 0.9985815444715153, 'min_child_samples': 86, 'reg_alpha': 7.343945148408076e-07, 'reg_lambda': 2.753286064305453e-07}. Best is trial 11 with value: 0.1028252133096588.
[I 2026-06-01 23:30:54,315] Trial 15 finished with value: -0.003965646769821203 and parameters: {'confidence_threshold': 0.6640221782353823, 'training_days': 10, 'n_estimators': 300, 'max_depth': 4, 'num_leaves': 32, 'learning_rate': 0.12629851654307794, 'subsample': 0.6803929477055894, 'colsample_bytree': 0.5093920150666754, 'min_child_samples': 46, 'reg_alpha': 1.2265592238784037e-08, 'reg_lambda': 8.878857298302905e-07}. Best is trial 11 with value: 0.1028252133096588.
[I 2026-06-01 23:30:54,600] Trial 16 finished with value: 0.04587214510704967 and parameters: {'confidence_threshold': 0.5514363158299804, 'training_days': 350, 'n_estimators': 428, 'max_depth': 3, 'num_leaves': 58, 'learning_rate': 0.06771230857967775, 'subsample': 0.5026339332325482, 'colsample_bytree': 0.9269983158211239, 'min_child_samples': 85, 'reg_alpha': 0.01740179167334302, 'reg_lambda': 0.0019821772168074165}. Best is trial 11 with value: 0.1028252133096588.
[I 2026-06-01 23:30:54,666] Trial 17 finished with value: -0.00031717512393137915 and parameters: {'confidence_threshold': 0.5004748807695347, 'training_days': 70, 'n_estimators': 223, 'max_depth': 3, 'num_leaves': 47, 'learning_rate': 0.028453218546884828, 'subsample': 0.7318843038402788, 'colsample_bytree': 0.699438795797602, 'min_child_samples': 76, 'reg_alpha': 3.0769184991286724e-06, 'reg_lambda': 1.7280427643292324e-08}. Best is trial 11 with value: 0.1028252133096588.
[I 2026-06-01 23:30:55,085] A new study created in memory with name: no-name-11810087-6087-4d8e-adac-3143e1c19d88
[I 2026-06-01 23:30:55,287] Trial 0 finished with value: 0.09081677133079873 and parameters: {'confidence_threshold': 0.5870645682749857, 'training_days': 90, 'n_estimators': 403, 'max_depth': 5, 'num_leaves': 45, 'learning_rate': 0.0780457193679974, 'subsample': 0.9428509515574568, 'colsample_bytree': 0.8795587339164916, 'min_child_samples': 34, 'reg_alpha': 2.2465901234314442e-07, 'reg_lambda': 8.339007036475363e-05}. Best is trial 0 with value: 0.09081677133079873.
[I 2026-06-01 23:30:55,411] Trial 1 finished with value: 0.03275346518487475 and parameters: {'confidence_threshold': 0.6348453934275313, 'training_days': 290, 'n_estimators': 115, 'max_depth': 5, 'num_leaves': 37, 'learning_rate': 0.06949568759029946, 'subsample': 0.8228505074024268, 'colsample_bytree': 0.8616703220431751, 'min_child_samples': 75, 'reg_alpha': 4.2486822725010923e-07, 'reg_lambda': 1.157247767047042e-07}. Best is trial 0 with value: 0.09081677133079873.
[I 2026-06-01 23:30:55,436] Trial 2 finished with value: -0.003965646769821203 and parameters: {'confidence_threshold': 0.5849570384370288, 'training_days': 10, 'n_estimators': 212, 'max_depth': 3, 'num_leaves': 41, 'learning_rate': 0.18452095998378365, 'subsample': 0.6001060822924371, 'colsample_bytree': 0.5673167293506167, 'min_child_samples': 37, 'reg_alpha': 5.733250064217131, 'reg_lambda': 0.5308454292595461}. Best is trial 0 with value: 0.09081677133079873.
[I 2026-06-01 23:30:55,522] Trial 3 finished with value: 0.07355828032670685 and parameters: {'confidence_threshold': 0.6868248626683718, 'training_days': 220, 'n_estimators': 134, 'max_depth': 3, 'num_leaves': 45, 'learning_rate': 0.033529007907491595, 'subsample': 0.8647277071858408, 'colsample_bytree': 0.778494116634046, 'min_child_samples': 96, 'reg_alpha': 2.409409937265785e-07, 'reg_lambda': 1.1642073478060009}. Best is trial 0 with value: 0.09081677133079873.
[I 2026-06-01 23:30:55,619] Trial 4 finished with value: 0.02644249208934178 and parameters: {'confidence_threshold': 0.5623121348350352, 'training_days': 300, 'n_estimators': 69, 'max_depth': 4, 'num_leaves': 32, 'learning_rate': 0.14967629360700346, 'subsample': 0.5054535233636654, 'colsample_bytree': 0.7401385194659216, 'min_child_samples': 27, 'reg_alpha': 1.4212042567426725e-07, 'reg_lambda': 0.23605753701352003}. Best is trial 0 with value: 0.09081677133079873.
[I 2026-06-01 23:30:56,074] Trial 5 finished with value: 0.11081808171835132 and parameters: {'confidence_threshold': 0.7111850244908446, 'training_days': 490, 'n_estimators': 362, 'max_depth': 5, 'num_leaves': 40, 'learning_rate': 0.05960785724162737, 'subsample': 0.5589714368907717, 'colsample_bytree': 0.6659006943232806, 'min_child_samples': 42, 'reg_alpha': 0.6741360303045295, 'reg_lambda': 6.054601607143087e-08}. Best is trial 5 with value: 0.11081808171835132.
[I 2026-06-01 23:30:56,272] Trial 6 finished with value: 0.10290600841490596 and parameters: {'confidence_threshold': 0.667482545748023, 'training_days': 420, 'n_estimators': 279, 'max_depth': 3, 'num_leaves': 45, 'learning_rate': 0.040099592560849204, 'subsample': 0.8563114696415159, 'colsample_bytree': 0.5442917781944105, 'min_child_samples': 50, 'reg_alpha': 1.6407916423707903e-08, 'reg_lambda': 2.935907642973286e-05}. Best is trial 5 with value: 0.11081808171835132.
[I 2026-06-01 23:30:56,443] Trial 7 finished with value: 0.02906430659397029 and parameters: {'confidence_threshold': 0.5497381024139926, 'training_days': 120, 'n_estimators': 408, 'max_depth': 5, 'num_leaves': 38, 'learning_rate': 0.28049122657745795, 'subsample': 0.8806573338635493, 'colsample_bytree': 0.5454054113547102, 'min_child_samples': 63, 'reg_alpha': 0.01263008637940408, 'reg_lambda': 0.04588020805366937}. Best is trial 5 with value: 0.11081808171835132.
[I 2026-06-01 23:30:56,735] Trial 8 finished with value: 0.1566676887736576 and parameters: {'confidence_threshold': 0.719644804808716, 'training_days': 450, 'n_estimators': 410, 'max_depth': 4, 'num_leaves': 57, 'learning_rate': 0.04022026551478857, 'subsample': 0.5336085426932707, 'colsample_bytree': 0.5705742850577543, 'min_child_samples': 100, 'reg_alpha': 5.916398047912201e-07, 'reg_lambda': 0.9794034214488329}. Best is trial 8 with value: 0.1566676887736576.
