[I 2026-06-01 23:29:33,682] Trial 9 finished with value: 0.016480998073311093 and parameters: {'confidence_threshold': 0.7267463643917187, 'training_days': 20, 'n_estimators': 337, 'max_depth': 5, 'num_leaves': 23, 'learning_rate': 0.022153031811454605, 'subsample': 0.6305627572358737, 'colsample_bytree': 0.6613413774216214, 'min_child_samples': 81, 'reg_alpha': 5.7638634029410314e-08, 'reg_lambda': 8.26603016764008}. Best is trial 0 with value: 0.03334475655809132.
[I 2026-06-01 23:29:34,031] Trial 10 finished with value: -0.018260608478743598 and parameters: {'confidence_threshold': 0.8398533911817929, 'training_days': 130, 'n_estimators': 485, 'max_depth': 4, 'num_leaves': 62, 'learning_rate': 0.014251957942824738, 'subsample': 0.9901604570372973, 'colsample_bytree': 0.9944479338273263, 'min_child_samples': 23, 'reg_alpha': 6.837313901272251e-05, 'reg_lambda': 0.0006976939169966911}. Best is trial 0 with value: 0.03334475655809132.
[I 2026-06-01 23:29:34,256] Trial 11 finished with value: 0.040249925129596006 and parameters: {'confidence_threshold': 0.5379676273538253, 'training_days': 130, 'n_estimators': 478, 'max_depth': 5, 'num_leaves': 54, 'learning_rate': 0.2580808296185412, 'subsample': 0.9905541628258661, 'colsample_bytree': 0.9214296292909252, 'min_child_samples': 61, 'reg_alpha': 0.005499191077847832, 'reg_lambda': 0.0005236575902925062}. Best is trial 11 with value: 0.040249925129596006.
[I 2026-06-01 23:29:34,518] Trial 12 finished with value: 0.05436366542563835 and parameters: {'confidence_threshold': 0.5115366705732524, 'training_days': 130, 'n_estimators': 490, 'max_depth': 5, 'num_leaves': 53, 'learning_rate': 0.10116317828176796, 'subsample': 0.9949150561173347, 'colsample_bytree': 0.9194444916173085, 'min_child_samples': 59, 'reg_alpha': 0.00011472760329692725, 'reg_lambda': 8.896185036876732e-05}. Best is trial 12 with value: 0.05436366542563835.
[I 2026-06-01 23:29:34,850] Trial 13 finished with value: 0.0376088200204646 and parameters: {'confidence_threshold': 0.5007357854836626, 'training_days': 200, 'n_estimators': 497, 'max_depth': 4, 'num_leaves': 54, 'learning_rate': 0.11842510796771445, 'subsample': 0.707239619487982, 'colsample_bytree': 0.9643295023296511, 'min_child_samples': 58, 'reg_alpha': 0.00011706730619754999, 'reg_lambda': 0.0032565728607135457}. Best is trial 12 with value: 0.05436366542563835.
[I 2026-06-01 23:29:35,107] Trial 14 finished with value: 0.06380657484093884 and parameters: {'confidence_threshold': 0.5043313705526392, 'training_days': 160, 'n_estimators': 500, 'max_depth': 5, 'num_leaves': 52, 'learning_rate': 0.28454510167604086, 'subsample': 0.994575484867864, 'colsample_bytree': 0.9029207185366146, 'min_child_samples': 70, 'reg_alpha': 0.005847305739954471, 'reg_lambda': 1.2492380236104609e-06}. Best is trial 14 with value: 0.06380657484093884.
[I 2026-06-01 23:29:35,283] Trial 15 finished with value: 0.06602734522610466 and parameters: {'confidence_threshold': 0.503890336256227, 'training_days': 180, 'n_estimators': 284, 'max_depth': 4, 'num_leaves': 51, 'learning_rate': 0.1123387843133497, 'subsample': 0.7545981337644192, 'colsample_bytree': 0.8261790639126203, 'min_child_samples': 77, 'reg_alpha': 0.002133995302102601, 'reg_lambda': 2.582339790441249e-06}. Best is trial 15 with value: 0.06602734522610466.
[I 2026-06-01 23:29:35,875] Trial 16 finished with value: -0.029908909868464027 and parameters: {'confidence_threshold': 0.7809712285122007, 'training_days': 340, 'n_estimators': 229, 'max_depth': 4, 'num_leaves': 60, 'learning_rate': 0.18489841024836598, 'subsample': 0.7543865421398536, 'colsample_bytree': 0.8122947058385788, 'min_child_samples': 79, 'reg_alpha': 0.008191137206670389, 'reg_lambda': 1.6925634133463895e-06}. Best is trial 15 with value: 0.06602734522610466.
[I 2026-06-01 23:29:36,100] Trial 17 finished with value: 0.051554626186211615 and parameters: {'confidence_threshold': 0.6211698076131379, 'training_days': 190, 'n_estimators': 282, 'max_depth': 4, 'num_leaves': 51, 'learning_rate': 0.10099724320266042, 'subsample': 0.7237998693116658, 'colsample_bytree': 0.8451749232044629, 'min_child_samples': 70, 'reg_alpha': 0.10557788516570009, 'reg_lambda': 1.7282871767632007e-06}. Best is trial 15 with value: 0.06602734522610466.

    [CV fold 1] train_end=2022-11-23 00:00 | val_start=2022-11-30 16:00 | gap=184h (22 rows)
    [CV fold 2] train_end=2023-03-23 00:00 | val_start=2023-03-30 16:00 | gap=184h (22 rows)
    [CV fold 3] train_end=2023-07-21 00:00 | val_start=2023-07-28 16:00 | gap=184h (22 rows)
    [CV fold 4] train_end=2023-11-18 00:00 | val_start=2023-11-25 16:00 | gap=184h (22 rows)
    [trial 0] Sharpe=0.0651 (folds: -0.2964, 0.2750, 0.0044, 0.2892, 0.0530)
    [trial 1] 49 features, training_days=220 | threshold=0.755 | labels: 1108 long, 1057 short (51/49%)
    [trial 1] Sharpe=-2.0404 (folds: -10.0000, -0.0343, -0.1241, -0.0046, -0.0390)
    [trial 2] 49 features, training_days=310 | threshold=0.754 | labels: 1108 long, 1057 short (51/49%)
    [trial 2] Sharpe=-0.0446 (folds: -0.2826, -0.1476, 0.0921, -0.0214, 0.1365)
    [trial 3] 49 features, training_days=220 | threshold=0.673 | labels: 1108 long, 1057 short (51/49%)
    [trial 3] Sharpe=-0.0080 (folds: -0.0625, -0.0642, -0.0066, -0.0503, 0.1438)
    [trial 4] 49 features, training_days=130 | threshold=0.803 | labels: 1108 long, 1057 short (51/49%)
    [trial 4] Sharpe=-0.0175 (folds: -0.2209, 0.1148, -0.1999, 0.1307, 0.0879)
    [trial 5] 49 features, training_days=210 | threshold=0.606 | labels: 1108 long, 1057 short (51/49%)
    [trial 5] Sharpe=0.0101 (folds: -0.0657, -0.0792, 0.0077, 0.0477, 0.1400)
    [trial 6] 49 features, training_days=130 | threshold=0.767 | labels: 1108 long, 1057 short (51/49%)
    [trial 6] Sharpe=0.0314 (folds: -0.1939, 0.0885, -0.0308, 0.2085, 0.0848)
    [trial 7] 49 features, training_days=80 | threshold=0.556 | labels: 1108 long, 1057 short (51/49%)
    [trial 7] Sharpe=0.0261 (folds: 0.0773, 0.0019, -0.0856, -0.0687, 0.2058)
    [trial 8] 49 features, training_days=200 | threshold=0.607 | labels: 1108 long, 1057 short (51/49%)
    [trial 8] Sharpe=0.0262 (folds: -0.1150, -0.0161, -0.0781, 0.1730, 0.1674)
    [trial 9] 49 features, training_days=260 | threshold=0.620 | labels: 1108 long, 1057 short (51/49%)
    [trial 9] Sharpe=-0.0148 (folds: -0.0953, -0.2001, 0.0717, -0.0556, 0.2053)
    [trial 10] 49 features, training_days=470 | threshold=0.845 | labels: 1108 long, 1057 short (51/49%)
    [trial 10] Sharpe=-0.0347 (folds: -0.7501, -0.0077, 0.1485, 0.1592, 0.2768)
    [trial 11] 49 features, training_days=20 | threshold=0.726 | labels: 1108 long, 1057 short (51/49%)
    [trial 11] Sharpe=0.0165 (folds: 0.0710, 0.1626, -0.1014, 0.0584, -0.1081)
    [trial 12] 49 features, training_days=360 | threshold=0.689 | labels: 1108 long, 1057 short (51/49%)
    [trial 12] Sharpe=-0.0183 (folds: -0.0669, -0.1298, -0.0549, -0.0600, 0.2204)
    [trial 13] 49 features, training_days=120 | threshold=0.810 | labels: 1108 long, 1057 short (51/49%)
    [trial 13] Sharpe=0.0288 (folds: -0.1618, -0.0024, -0.0546, 0.2043, 0.1587)
    [trial 14] 49 features, training_days=20 | threshold=0.697 | labels: 1108 long, 1057 short (51/49%)
    [trial 14] Sharpe=0.0165 (folds: 0.0710, 0.1626, -0.1014, 0.0584, -0.1081)
    [trial 15] 49 features, training_days=130 | threshold=0.503 | labels: 1108 long, 1057 short (51/49%)
    [trial 15] Sharpe=0.0077 (folds: -0.1825, 0.0408, -0.0388, 0.0951, 0.1238)
    [trial 16] 49 features, training_days=80 | threshold=0.779 | labels: 1108 long, 1057 short (51/49%)
    [trial 16] Sharpe=-5.7785 (folds: -10.0000, -10.0000, -10.0000, 0.3886, 0.7187)
    [trial 17] 49 features, training_days=370 | threshold=0.722 | labels: 1108 long, 1057 short (51/49%)
    [trial 17] Sharpe=-0.0247 (folds: -0.2294, -0.1725, 0.0850, -0.0140, 0.2073)
  Optuna: 18 trials, best Sharpe = 0.0651
  Best params: n_estimators=152, max_depth=4, lr=0.0422, leaves=50
  Best confidence_threshold: 0.744
  Best training_days: 150
  Retrained on full data (450 samples, 49 features)
  [ensemble 3/3] seed=456
    [trial 0] 49 features, training_days=90 | threshold=0.587 | labels: 1108 long, 1057 short (51/49%)
    [CV fold 0] train_end=2022-07-26 00:00 | val_start=2022-08-02 16:00 | gap=184h (22 rows)
    [CV fold 1] train_end=2022-11-23 00:00 | val_start=2022-11-30 16:00 | gap=184h (22 rows)
    [CV fold 2] train_end=2023-03-23 00:00 | val_start=2023-03-30 16:00 | gap=184h (22 rows)
    [CV fold 3] train_end=2023-07-21 00:00 | val_start=2023-07-28 16:00 | gap=184h (22 rows)
    [CV fold 4] train_end=2023-11-18 00:00 | val_start=2023-11-25 16:00 | gap=184h (22 rows)
    [trial 0] Sharpe=0.0333 (folds: -0.0838, 0.0703, -0.1286, 0.1080, 0.2008)
    [trial 1] 49 features, training_days=290 | threshold=0.635 | labels: 1108 long, 1057 short (51/49%)
    [trial 1] Sharpe=0.0217 (folds: -0.0758, -0.1412, 0.0854, -0.0499, 0.2901)
    [trial 2] 49 features, training_days=10 | threshold=0.585 | labels: 1108 long, 1057 short (51/49%)
    [trial 2] Sharpe=-0.0199 (folds: -0.2316, 0.1626, 0.0193, 0.0584, -0.1081)
    [trial 3] 49 features, training_days=220 | threshold=0.687 | labels: 1108 long, 1057 short (51/49%)
    [trial 3] Sharpe=0.0108 (folds: -0.0527, -0.1449, 0.0822, -0.0379, 0.2073)
    [trial 4] 49 features, training_days=300 | threshold=0.562 | labels: 1108 long, 1057 short (51/49%)
    [trial 4] Sharpe=0.0069 (folds: -0.1597, -0.1524, 0.0262, 0.0195, 0.3009)
    [trial 5] 49 features, training_days=490 | threshold=0.711 | labels: 1108 long, 1057 short (51/49%)
    [trial 5] Sharpe=-0.0286 (folds: -0.1974, -0.1632, -0.0028, 0.0140, 0.2061)
    [trial 6] 49 features, training_days=420 | threshold=0.667 | labels: 1108 long, 1057 short (51/49%)
    [trial 6] Sharpe=-0.0258 (folds: -0.2172, -0.1833, -0.0103, -0.0113, 0.2930)
    [trial 7] 49 features, training_days=120 | threshold=0.550 | labels: 1108 long, 1057 short (51/49%)
    [trial 7] Sharpe=0.0224 (folds: -0.0922, -0.0407, -0.0528, 0.1559, 0.1417)
    [trial 8] 49 features, training_days=450 | threshold=0.720 | labels: 1108 long, 1057 short (51/49%)
    [trial 8] Sharpe=0.0057 (folds: -0.0087, -0.0648, -0.0618, -0.0226, 0.1866)
    [trial 9] 49 features, training_days=20 | threshold=0.727 | labels: 1108 long, 1057 short (51/49%)
    [trial 9] Sharpe=0.0165 (folds: 0.0710, 0.1626, -0.1014, 0.0584, -0.1081)
    [trial 10] 49 features, training_days=130 | threshold=0.840 | labels: 1108 long, 1057 short (51/49%)
    [trial 10] Sharpe=-0.0183 (folds: -0.2986, 0.0545, -0.1480, 0.1760, 0.1248)
    [trial 11] 49 features, training_days=130 | threshold=0.538 | labels: 1108 long, 1057 short (51/49%)
    [trial 11] Sharpe=0.0402 (folds: 0.0197, 0.0435, -0.0823, 0.1091, 0.1112)
    [trial 12] 49 features, training_days=130 | threshold=0.512 | labels: 1108 long, 1057 short (51/49%)
    [trial 12] Sharpe=0.0544 (folds: -0.0355, 0.0747, -0.0669, 0.1992, 0.1003)
    [trial 13] 49 features, training_days=200 | threshold=0.501 | labels: 1108 long, 1057 short (51/49%)
    [trial 13] Sharpe=0.0376 (folds: -0.0661, 0.0268, -0.0258, 0.1586, 0.0946)
    [trial 14] 49 features, training_days=160 | threshold=0.504 | labels: 1108 long, 1057 short (51/49%)
    [trial 14] Sharpe=0.0638 (folds: -0.0417, 0.0959, 0.0468, 0.1724, 0.0456)
    [trial 15] 49 features, training_days=180 | threshold=0.504 | labels: 1108 long, 1057 short (51/49%)
    [trial 15] Sharpe=0.0660 (folds: -0.0241, 0.1507, -0.0046, 0.1713, 0.0369)
    [trial 16] 49 features, training_days=340 | threshold=0.781 | labels: 1108 long, 1057 short (51/49%)
    [trial 16] Sharpe=-0.0299 (folds: -0.1601, -0.1181, -0.0112, -0.0217, 0.1616)
    [trial 17] 49 features, training_days=190 | threshold=0.621 | labels: 1108 long, 1057 short (51/49%)
    [trial 17] Sharpe=0.0516 (folds: -0.1045, 0.1048, 0.0258, 0.1933, 0.0383)
  Optuna: 18 trials, best Sharpe = 0.0660
  Best params: n_estimators=284, max_depth=4, lr=0.1123, leaves=51
  Best confidence_threshold: 0.504
  Best training_days: 180
  Retrained on full data (540 samples, 49 features)
  OOD: 16 features, cutoff (q=0.7) = 14.22
  Model trained for 2024-04: 90 test candles with features, confidence_threshold=0.641
[predict] 2024-04-08 00:00 LTCUSDT → SHORT (proba=0.93 TP=13.9%/SL=6.9%)
[trade:open] 2024-04-08 07:59 LTCUSDT SHORT @ 102.22 | SL=109.30 TP=88.06 | timeout=2024-04-15 07:59
[trade:close] 2024-04-12 23:59 LTCUSDT SHORT → take_profit @ 88.06 | PnL=+13.85% (net +13.75%) | cum=+108.09% 2024-04=+13.75% 2024-04-12=+13.75%[I 2026-06-01 23:29:36,708] A new study created in memory with name: no-name-f6dfe99b-9e2a-4f76-92de-c4c260796234
[I 2026-06-01 23:29:37,067] Trial 0 finished with value: 0.016850536867017894 and parameters: {'confidence_threshold': 0.6310890415965769, 'training_days': 480, 'n_estimators': 380, 'max_depth': 4, 'num_leaves': 22, 'learning_rate': 0.01699897838270077, 'subsample': 0.5290418060840998, 'colsample_bytree': 0.9330880728874675, 'min_child_samples': 68, 'reg_alpha': 0.023585940584142682, 'reg_lambda': 1.5320059381854043e-08}. Best is trial 0 with value: 0.016850536867017894.
[I 2026-06-01 23:29:37,202] Trial 1 finished with value: -4.023347666218187 and parameters: {'confidence_threshold': 0.839468448256698, 'training_days': 420, 'n_estimators': 145, 'max_depth': 3, 'num_leaves': 23, 'learning_rate': 0.028145092716060652, 'subsample': 0.762378215816119, 'colsample_bytree': 0.7159725093210578, 'min_child_samples': 43, 'reg_alpha': 0.0032112643094417484, 'reg_lambda': 1.8007140198129195e-07}. Best is trial 0 with value: 0.016850536867017894.
[I 2026-06-01 23:29:37,370] Trial 2 finished with value: 0.024823924437490392 and parameters: {'confidence_threshold': 0.6022506269873263, 'training_days': 190, 'n_estimators': 255, 'max_depth': 5, 'num_leaves': 24, 'learning_rate': 0.05748924681991978, 'subsample': 0.7962072844310213, 'colsample_bytree': 0.5232252063599989, 'min_child_samples': 69, 'reg_alpha': 3.425445902633376e-07, 'reg_lambda': 3.850031979199519e-08}. Best is trial 2 with value: 0.024823924437490392.
[I 2026-06-01 23:29:37,660] Trial 3 finished with value: 0.027707443721433057 and parameters: {'confidence_threshold': 0.8321099380386666, 'training_days': 490, 'n_estimators': 414, 'max_depth': 3, 'num_leaves': 19, 'learning_rate': 0.1024932221692416, 'subsample': 0.7200762468698007, 'colsample_bytree': 0.5610191174223894, 'min_child_samples': 60, 'reg_alpha': 2.039373116525212e-08, 'reg_lambda': 1.527156759251193}. Best is trial 3 with value: 0.027707443721433057.
[I 2026-06-01 23:29:37,837] Trial 4 finished with value: -0.025715233531540517 and parameters: {'confidence_threshold': 0.5905729935600059, 'training_days': 340, 'n_estimators': 190, 'max_depth': 4, 'num_leaves': 41, 'learning_rate': 0.01875220945578641, 'subsample': 0.9847923138822793, 'colsample_bytree': 0.8875664116805573, 'min_child_samples': 96, 'reg_alpha': 1.1309571585271483, 'reg_lambda': 0.002404915432737351}. Best is trial 3 with value: 0.027707443721433057.
[I 2026-06-01 23:29:37,882] Trial 5 finished with value: 0.0932524664611383 and parameters: {'confidence_threshold': 0.8226559822580909, 'training_days': 50, 'n_estimators': 138, 'max_depth': 3, 'num_leaves': 30, 'learning_rate': 0.03750796359625606, 'subsample': 0.6356745158869479, 'colsample_bytree': 0.9143687545759647, 'min_child_samples': 48, 'reg_alpha': 3.376063348877853e-06, 'reg_lambda': 0.0007660634613082914}. Best is trial 5 with value: 0.0932524664611383.
[I 2026-06-01 23:29:38,001] Trial 6 finished with value: 0.04239342597106034 and parameters: {'confidence_threshold': 0.5493234787411669, 'training_days': 410, 'n_estimators': 83, 'max_depth': 5, 'num_leaves': 52, 'learning_rate': 0.019657448966046126, 'subsample': 0.5027610585618012, 'colsample_bytree': 0.9077307142274171, 'min_child_samples': 77, 'reg_alpha': 0.03639690979811287, 'reg_lambda': 0.08738424135626986}. Best is trial 5 with value: 0.0932524664611383.
[I 2026-06-01 23:29:38,122] Trial 7 finished with value: -0.015635780195066926 and parameters: {'confidence_threshold': 0.5259156281069316, 'training_days': 180, 'n_estimators': 102, 'max_depth': 5, 'num_leaves': 45, 'learning_rate': 0.030816017044468066, 'subsample': 0.5317791751430119, 'colsample_bytree': 0.6554911608578311, 'min_child_samples': 46, 'reg_alpha': 0.036851536911881845, 'reg_lambda': 0.005470376807480391}. Best is trial 5 with value: 0.0932524664611383.
[I 2026-06-01 23:29:38,262] Trial 8 finished with value: -0.007766872757457332 and parameters: {'confidence_threshold': 0.8105244599017143, 'training_days': 240, 'n_estimators': 103, 'max_depth': 5, 'num_leaves': 52, 'learning_rate': 0.06746437142284309, 'subsample': 0.8854835899772805, 'colsample_bytree': 0.7468977981821954, 'min_child_samples': 62, 'reg_alpha': 7.04480806377519e-05, 'reg_lambda': 1.6934490731313353e-08}. Best is trial 5 with value: 0.0932524664611383.
[I 2026-06-01 23:29:38,288] Trial 9 finished with value: -2.140046194794136 and parameters: {'confidence_threshold': 0.5377619994476566, 'training_days': 20, 'n_estimators': 337, 'max_depth': 3, 'num_leaves': 39, 'learning_rate': 0.21907142272152816, 'subsample': 0.6246461145744375, 'colsample_bytree': 0.7051914615178149, 'min_child_samples': 81, 'reg_alpha': 1.1459970229341322e-06, 'reg_lambda': 4.929685216887945e-08}. Best is trial 5 with value: 0.0932524664611383.
[I 2026-06-01 23:29:38,325] Trial 10 finished with value: -4.0762481295724085 and parameters: {'confidence_threshold': 0.7318981109748116, 'training_days': 10, 'n_estimators': 487, 'max_depth': 4, 'num_leaves': 31, 'learning_rate': 0.14704103471568217, 'subsample': 0.628963476300746, 'colsample_bytree': 0.987470107623585, 'min_child_samples': 25, 'reg_alpha': 2.608784411827665e-05, 'reg_lambda': 3.3639426888455256e-06}. Best is trial 5 with value: 0.0932524664611383.
[I 2026-06-01 23:29:38,378] Trial 11 finished with value: -7.8184789116199385 and parameters: {'confidence_threshold': 0.7161090655475574, 'training_days': 110, 'n_estimators': 65, 'max_depth': 4, 'num_leaves': 60, 'learning_rate': 0.011154303114805692, 'subsample': 0.6290161990788976, 'colsample_bytree': 0.8438489693453172, 'min_child_samples': 92, 'reg_alpha': 1.6115749528927317, 'reg_lambda': 0.5855213887055177}. Best is trial 5 with value: 0.0932524664611383.
[I 2026-06-01 23:29:38,559] Trial 12 finished with value: -0.021148730681752704 and parameters: {'confidence_threshold': 0.7456670193224102, 'training_days': 340, 'n_estimators': 206, 'max_depth': 3, 'num_leaves': 33, 'learning_rate': 0.03208899494279826, 'subsample': 0.5222281423323654, 'colsample_bytree': 0.8304278626461432, 'min_child_samples': 45, 'reg_alpha': 0.0006941608047409722, 'reg_lambda': 5.899790100111974e-05}. Best is trial 5 with value: 0.0932524664611383.
[I 2026-06-01 23:29:38,655] Trial 13 finished with value: -0.05624684588971866 and parameters: {'confidence_threshold': 0.663455030204664, 'training_days': 330, 'n_estimators': 60, 'max_depth': 5, 'num_leaves': 62, 'learning_rate': 0.041055899057314625, 'subsample': 0.6803710106053958, 'colsample_bytree': 0.9994455923633134, 'min_child_samples': 80, 'reg_alpha': 4.9164566205838954e-06, 'reg_lambda': 0.05682130535124364}. Best is trial 5 with value: 0.0932524664611383.
[I 2026-06-01 23:29:38,781] Trial 14 finished with value: 0.10146490816139489 and parameters: {'confidence_threshold': 0.7871652886153421, 'training_days': 90, 'n_estimators': 202, 'max_depth': 4, 'num_leaves': 54, 'learning_rate': 0.010586219226284353, 'subsample': 0.5808433054196197, 'colsample_bytree': 0.816535373912939, 'min_child_samples': 31, 'reg_alpha': 3.770845974254184e-08, 'reg_lambda': 0.0002979489411625065}. Best is trial 14 with value: 0.10146490816139489.
[I 2026-06-01 23:29:38,919] Trial 15 finished with value: 0.009848984009875095 and parameters: {'confidence_threshold': 0.7775952481140708, 'training_days': 90, 'n_estimators': 251, 'max_depth': 3, 'num_leaves': 31, 'learning_rate': 0.01002406654804393, 'subsample': 0.5936332549288843, 'colsample_bytree': 0.8100744538922787, 'min_child_samples': 21, 'reg_alpha': 1.0692888771850759e-08, 'reg_lambda': 7.482879404932238e-05}. Best is trial 14 with value: 0.10146490816139489.
[I 2026-06-01 23:29:39,030] Trial 16 finished with value: 0.01796623908330173 and parameters: {'confidence_threshold': 0.7819798356537387, 'training_days': 90, 'n_estimators': 180, 'max_depth': 4, 'num_leaves': 54, 'learning_rate': 0.08974840226718536, 'subsample': 0.6832758279827469, 'colsample_bytree': 0.7895188207605416, 'min_child_samples': 34, 'reg_alpha': 1.2955674121990456e-07, 'reg_lambda': 8.633411315618303e-06}. Best is trial 14 with value: 0.10146490816139489.
