[I 2026-06-01 23:24:19,097] Trial 9 finished with value: 0.000664292007176201 and parameters: {'confidence_threshold': 0.6202096049169137, 'training_days': 260, 'n_estimators': 350, 'max_depth': 3, 'num_leaves': 21, 'learning_rate': 0.02989540198065364, 'subsample': 0.8307821683331218, 'colsample_bytree': 0.923253112635361, 'min_child_samples': 64, 'reg_alpha': 0.4898604619604203, 'reg_lambda': 2.9076377687066166e-05}. Best is trial 8 with value: 0.05609160211521806.
[I 2026-06-01 23:24:19,607] Trial 10 finished with value: 0.024023358293098197 and parameters: {'confidence_threshold': 0.5342665212695602, 'training_days': 470, 'n_estimators': 493, 'max_depth': 5, 'num_leaves': 30, 'learning_rate': 0.010221918552934462, 'subsample': 0.9182272143313567, 'colsample_bytree': 0.6202684210924141, 'min_child_samples': 44, 'reg_alpha': 1.466506858166308e-08, 'reg_lambda': 0.014616129255130504}. Best is trial 8 with value: 0.05609160211521806.
[I 2026-06-01 23:24:20,233] Trial 11 finished with value: 0.01317515671301706 and parameters: {'confidence_threshold': 0.5053494267891926, 'training_days': 500, 'n_estimators': 493, 'max_depth': 5, 'num_leaves': 27, 'learning_rate': 0.010535067237031162, 'subsample': 0.9447929548549752, 'colsample_bytree': 0.6012148974081734, 'min_child_samples': 42, 'reg_alpha': 1.0433308363955559e-08, 'reg_lambda': 0.055007902295957756}. Best is trial 8 with value: 0.05609160211521806.
[I 2026-06-01 23:24:20,789] Trial 12 finished with value: 0.01077847729441921 and parameters: {'confidence_threshold': 0.5118092925906144, 'training_days': 380, 'n_estimators': 498, 'max_depth': 5, 'num_leaves': 32, 'learning_rate': 0.13644045868674423, 'subsample': 0.8941395335595879, 'colsample_bytree': 0.6669454130036883, 'min_child_samples': 42, 'reg_alpha': 1.5848406515932054e-08, 'reg_lambda': 0.014975508821979377}. Best is trial 8 with value: 0.05609160211521806.
[I 2026-06-01 23:24:20,822] Trial 13 finished with value: -3.9869858427830644 and parameters: {'confidence_threshold': 0.588632291584897, 'training_days': 10, 'n_estimators': 426, 'max_depth': 5, 'num_leaves': 28, 'learning_rate': 0.14044566672476927, 'subsample': 0.8759730957086299, 'colsample_bytree': 0.5443982906148261, 'min_child_samples': 43, 'reg_alpha': 5.194653136028603e-07, 'reg_lambda': 5.233134334068283e-07}. Best is trial 8 with value: 0.05609160211521806.
[I 2026-06-01 23:24:21,181] Trial 14 finished with value: -0.0018914090957807648 and parameters: {'confidence_threshold': 0.6656873451742872, 'training_days': 490, 'n_estimators': 271, 'max_depth': 5, 'num_leaves': 15, 'learning_rate': 0.010652243042179137, 'subsample': 0.9041989898518178, 'colsample_bytree': 0.6802878011921293, 'min_child_samples': 49, 'reg_alpha': 9.427124678017399e-07, 'reg_lambda': 0.002238160234885918}. Best is trial 8 with value: 0.05609160211521806.
[I 2026-06-01 23:24:21,542] Trial 15 finished with value: -0.006646844617057763 and parameters: {'confidence_threshold': 0.5551423717289237, 'training_days': 400, 'n_estimators': 436, 'max_depth': 4, 'num_leaves': 35, 'learning_rate': 0.048806889105587045, 'subsample': 0.7174911982969732, 'colsample_bytree': 0.5093920150666754, 'min_child_samples': 33, 'reg_alpha': 1.2929234510714244e-07, 'reg_lambda': 4.65419050395017}. Best is trial 8 with value: 0.05609160211521806.
[I 2026-06-01 23:24:21,917] Trial 16 finished with value: -0.013402304585848901 and parameters: {'confidence_threshold': 0.6354410032461685, 'training_days': 340, 'n_estimators': 430, 'max_depth': 5, 'num_leaves': 25, 'learning_rate': 0.14619340215509538, 'subsample': 0.974657444876844, 'colsample_bytree': 0.6991432254559353, 'min_child_samples': 53, 'reg_alpha': 0.05682468732545374, 'reg_lambda': 7.109910606178411e-07}. Best is trial 8 with value: 0.05609160211521806.
[I 2026-06-01 23:24:22,271] Trial 17 finished with value: 0.006992239862845406 and parameters: {'confidence_threshold': 0.5563240395453367, 'training_days': 450, 'n_estimators': 296, 'max_depth': 5, 'num_leaves': 37, 'learning_rate': 0.018167663093744707, 'subsample': 0.8543798945995864, 'colsample_bytree': 0.6042669130757778, 'min_child_samples': 36, 'reg_alpha': 7.284070645541434, 'reg_lambda': 1.1543785125457142e-06}. Best is trial 8 with value: 0.05609160211521806.
[I 2026-06-01 23:24:22,411] A new study created in memory with name: no-name-c5af242f-0c25-41ac-8493-b3a5bf28abad
[I 2026-06-01 23:24:22,615] Trial 0 finished with value: -0.001391780563486059 and parameters: {'confidence_threshold': 0.5870645682749857, 'training_days': 90, 'n_estimators': 403, 'max_depth': 5, 'num_leaves': 45, 'learning_rate': 0.0780457193679974, 'subsample': 0.9428509515574568, 'colsample_bytree': 0.8795587339164916, 'min_child_samples': 34, 'reg_alpha': 2.2465901234314442e-07, 'reg_lambda': 8.339007036475363e-05}. Best is trial 0 with value: -0.001391780563486059.

    [trial 1] 49 features, training_days=420 | threshold=0.839 | labels: 1162 long, 1009 short (54/46%)
    [trial 1] Sharpe=-0.2244 (folds: -0.3698, -0.3204, -0.2188, -0.0113, -0.2015)
    [trial 2] 49 features, training_days=190 | threshold=0.602 | labels: 1162 long, 1009 short (54/46%)
    [trial 2] Sharpe=0.0213 (folds: 0.0978, 0.0339, -0.1679, 0.1202, 0.0226)
    [trial 3] 49 features, training_days=490 | threshold=0.832 | labels: 1162 long, 1009 short (54/46%)
    [trial 3] Sharpe=0.0170 (folds: 0.0415, 0.0987, -0.3090, 0.2440, 0.0097)
    [trial 4] 49 features, training_days=340 | threshold=0.591 | labels: 1162 long, 1009 short (54/46%)
    [trial 4] Sharpe=-0.0229 (folds: -0.0168, 0.0344, -0.2558, 0.0605, 0.0630)
    [trial 5] 49 features, training_days=50 | threshold=0.823 | labels: 1162 long, 1009 short (54/46%)
    [trial 5] Sharpe=0.0968 (folds: 0.0765, 0.3649, 0.1887, -0.0744, -0.0719)
    [trial 6] 49 features, training_days=410 | threshold=0.549 | labels: 1162 long, 1009 short (54/46%)
    [trial 6] Sharpe=-0.0185 (folds: -0.0784, 0.0209, -0.1568, 0.1706, -0.0487)
    [trial 7] 49 features, training_days=180 | threshold=0.526 | labels: 1162 long, 1009 short (54/46%)
    [trial 7] Sharpe=0.0075 (folds: 0.0483, 0.0102, -0.1171, 0.1169, -0.0209)
    [trial 8] 49 features, training_days=240 | threshold=0.811 | labels: 1162 long, 1009 short (54/46%)
    [trial 8] Sharpe=-0.0720 (folds: -0.0866, -0.0228, -0.3354, 0.0390, 0.0457)
    [trial 9] 49 features, training_days=20 | threshold=0.538 | labels: 1162 long, 1009 short (54/46%)
    [trial 9] Sharpe=-0.1327 (folds: -0.1831, -0.2728, -0.1219, 0.0066, -0.0922)
    [trial 10] 49 features, training_days=10 | threshold=0.732 | labels: 1162 long, 1009 short (54/46%)
    [trial 10] Sharpe=-3.9870 (folds: 0.1116, -10.0000, -0.1219, -10.0000, 0.0754)
    [trial 11] 49 features, training_days=120 | threshold=0.703 | labels: 1162 long, 1009 short (54/46%)
    [trial 11] Sharpe=-0.0290 (folds: 0.0798, -0.1450, -0.0921, -0.0533, 0.0654)
    [trial 12] 49 features, training_days=110 | threshold=0.767 | labels: 1162 long, 1009 short (54/46%)
    [trial 12] Sharpe=-0.0218 (folds: 0.0533, -0.0811, -0.0421, -0.0583, 0.0191)
    [trial 13] 49 features, training_days=90 | threshold=0.648 | labels: 1162 long, 1009 short (54/46%)
    [trial 13] Sharpe=0.0018 (folds: 0.1064, 0.0091, 0.2042, -0.0380, -0.2728)
    [trial 14] 49 features, training_days=250 | threshold=0.612 | labels: 1162 long, 1009 short (54/46%)
    [trial 14] Sharpe=-0.0067 (folds: 0.0120, -0.1519, -0.0206, 0.0570, 0.0698)
    [trial 15] 49 features, training_days=200 | threshold=0.685 | labels: 1162 long, 1009 short (54/46%)
    [trial 15] Sharpe=0.0051 (folds: 0.0005, 0.0112, -0.1638, 0.1482, 0.0293)
    [trial 16] 49 features, training_days=320 | threshold=0.768 | labels: 1162 long, 1009 short (54/46%)
    [trial 16] Sharpe=0.0019 (folds: 0.0843, 0.0641, -0.1608, 0.0268, -0.0051)
    [trial 17] 49 features, training_days=70 | threshold=0.566 | labels: 1162 long, 1009 short (54/46%)
    [trial 17] Sharpe=0.1573 (folds: 0.0267, 0.2044, 0.6953, -0.0582, -0.0816)
  Optuna: 18 trials, best Sharpe = 0.1573
  Best params: n_estimators=267, max_depth=4, lr=0.0430, leaves=15
  Best confidence_threshold: 0.566
  Best training_days: 70
  Retrained on full data (210 samples, 49 features)
  [ensemble 2/3] seed=123
    [trial 0] 49 features, training_days=150 | threshold=0.744 | labels: 1162 long, 1009 short (54/46%)
    [CV fold 0] train_end=2020-05-25 08:00 | val_start=2020-06-02 00:00 | gap=184h (22 rows)
    [CV fold 1] train_end=2020-09-22 16:00 | val_start=2020-09-30 08:00 | gap=184h (22 rows)
    [CV fold 2] train_end=2021-01-21 00:00 | val_start=2021-01-28 16:00 | gap=184h (22 rows)
    [CV fold 3] train_end=2021-05-21 08:00 | val_start=2021-05-29 00:00 | gap=184h (22 rows)
    [CV fold 4] train_end=2021-09-18 16:00 | val_start=2021-09-26 08:00 | gap=184h (22 rows)
    [trial 0] Sharpe=-0.0896 (folds: -0.0003, -0.1569, -0.2509, -0.0113, -0.0284)
    [trial 1] 49 features, training_days=220 | threshold=0.755 | labels: 1162 long, 1009 short (54/46%)
    [trial 1] Sharpe=-0.2196 (folds: -0.3468, 0.1817, -0.3904, -0.0448, -0.4977)
    [trial 2] 49 features, training_days=310 | threshold=0.754 | labels: 1162 long, 1009 short (54/46%)
    [trial 2] Sharpe=0.0085 (folds: 0.0415, -0.1397, -0.0307, 0.0198, 0.1516)
    [trial 3] 49 features, training_days=220 | threshold=0.673 | labels: 1162 long, 1009 short (54/46%)
    [trial 3] Sharpe=0.0205 (folds: 0.0479, 0.0758, -0.0798, 0.0742, -0.0156)
    [trial 4] 49 features, training_days=130 | threshold=0.803 | labels: 1162 long, 1009 short (54/46%)
    [trial 4] Sharpe=-0.0447 (folds: 0.0053, -0.1351, -0.1267, -0.0697, 0.1025)
    [trial 5] 49 features, training_days=210 | threshold=0.606 | labels: 1162 long, 1009 short (54/46%)
    [trial 5] Sharpe=-0.0060 (folds: 0.0510, -0.0085, -0.1618, 0.0940, -0.0050)
    [trial 6] 49 features, training_days=130 | threshold=0.767 | labels: 1162 long, 1009 short (54/46%)
    [trial 6] Sharpe=-0.0388 (folds: 0.0498, -0.0606, -0.1017, -0.0765, -0.0048)
    [trial 7] 49 features, training_days=80 | threshold=0.556 | labels: 1162 long, 1009 short (54/46%)
    [trial 7] Sharpe=-0.0482 (folds: 0.0803, -0.0770, 0.0437, -0.1005, -0.1874)
    [trial 8] 49 features, training_days=200 | threshold=0.607 | labels: 1162 long, 1009 short (54/46%)
    [trial 8] Sharpe=0.0561 (folds: 0.0905, 0.0857, -0.0784, 0.1490, 0.0336)
    [trial 9] 49 features, training_days=260 | threshold=0.620 | labels: 1162 long, 1009 short (54/46%)
    [trial 9] Sharpe=0.0007 (folds: 0.0424, 0.0375, -0.2323, 0.0842, 0.0715)
    [trial 10] 49 features, training_days=470 | threshold=0.534 | labels: 1162 long, 1009 short (54/46%)
    [trial 10] Sharpe=0.0240 (folds: 0.0629, 0.0692, -0.1929, 0.2110, -0.0301)
    [trial 11] 49 features, training_days=500 | threshold=0.505 | labels: 1162 long, 1009 short (54/46%)
    [trial 11] Sharpe=0.0132 (folds: 0.0749, 0.0608, -0.2016, 0.1738, -0.0421)
    [trial 12] 49 features, training_days=380 | threshold=0.512 | labels: 1162 long, 1009 short (54/46%)
    [trial 12] Sharpe=0.0108 (folds: 0.0826, 0.0762, -0.1812, 0.0614, 0.0148)
    [trial 13] 49 features, training_days=10 | threshold=0.589 | labels: 1162 long, 1009 short (54/46%)
    [trial 13] Sharpe=-3.9870 (folds: 0.1116, -10.0000, -0.1219, -10.0000, 0.0754)
    [trial 14] 49 features, training_days=490 | threshold=0.666 | labels: 1162 long, 1009 short (54/46%)
    [trial 14] Sharpe=-0.0019 (folds: -0.0349, -0.0953, -0.2337, 0.3330, 0.0215)
    [trial 15] 49 features, training_days=400 | threshold=0.555 | labels: 1162 long, 1009 short (54/46%)
    [trial 15] Sharpe=-0.0066 (folds: 0.0263, 0.0447, -0.1847, 0.0941, -0.0136)
    [trial 16] 49 features, training_days=340 | threshold=0.635 | labels: 1162 long, 1009 short (54/46%)
    [trial 16] Sharpe=-0.0134 (folds: 0.0884, 0.0902, -0.2741, 0.0176, 0.0109)
    [trial 17] 49 features, training_days=450 | threshold=0.556 | labels: 1162 long, 1009 short (54/46%)
    [trial 17] Sharpe=0.0070 (folds: 0.0600, 0.0747, -0.2441, 0.1487, -0.0043)
  Optuna: 18 trials, best Sharpe = 0.0561
  Best params: n_estimators=367, max_depth=5, lr=0.1338, leaves=32
  Best confidence_threshold: 0.607
  Best training_days: 200
  Retrained on full data (600 samples, 49 features)
  [ensemble 3/3] seed=456
    [trial 0] 49 features, training_days=90 | threshold=0.587 | labels: 1162 long, 1009 short (54/46%)
    [CV fold 0] train_end=2020-05-25 08:00 | val_start=2020-06-02 00:00 | gap=184h (22 rows)
    [CV fold 1] train_end=2020-09-22 16:00 | val_start=2020-09-30 08:00 | gap=184h (22 rows)
    [CV fold 2] train_end=2021-01-21 00:00 | val_start=2021-01-28 16:00 | gap=184h (22 rows)
    [CV fold 3] train_end=2021-05-21 08:00 | val_start=2021-05-29 00:00 | gap=184h (22 rows)
    [CV fold 4] train_end=2021-09-18 16:00 | val_start=2021-09-26 08:00 | gap=184h (22 rows)
    [trial 0] Sharpe=-0.0014 (folds: 0.0691, -0.0597, -0.0899, 0.0668, 0.0068)
    [trial 1] 49 features, training_days=290 | threshold=0.635 | labels: 1162 long, 1009 short (54/46%)
    [trial 1] Sharpe=0.0013 (folds: 0.0339, 0.0585, -0.1680, 0.0505, 0.0317)[I 2026-06-01 23:24:22,730] Trial 1 finished with value: 0.001331973548708211 and parameters: {'confidence_threshold': 0.6348453934275313, 'training_days': 290, 'n_estimators': 115, 'max_depth': 5, 'num_leaves': 37, 'learning_rate': 0.06949568759029946, 'subsample': 0.8228505074024268, 'colsample_bytree': 0.8616703220431751, 'min_child_samples': 75, 'reg_alpha': 4.2486822725010923e-07, 'reg_lambda': 1.157247767047042e-07}. Best is trial 1 with value: 0.001331973548708211.
[I 2026-06-01 23:24:22,748] Trial 2 finished with value: -3.9869858427830644 and parameters: {'confidence_threshold': 0.5849570384370288, 'training_days': 10, 'n_estimators': 212, 'max_depth': 3, 'num_leaves': 41, 'learning_rate': 0.18452095998378365, 'subsample': 0.6001060822924371, 'colsample_bytree': 0.5673167293506167, 'min_child_samples': 37, 'reg_alpha': 5.733250064217131, 'reg_lambda': 0.5308454292595461}. Best is trial 1 with value: 0.001331973548708211.
[I 2026-06-01 23:24:22,825] Trial 3 finished with value: -0.05627387081616751 and parameters: {'confidence_threshold': 0.6868248626683718, 'training_days': 220, 'n_estimators': 134, 'max_depth': 3, 'num_leaves': 45, 'learning_rate': 0.033529007907491595, 'subsample': 0.8647277071858408, 'colsample_bytree': 0.778494116634046, 'min_child_samples': 96, 'reg_alpha': 2.409409937265785e-07, 'reg_lambda': 1.1642073478060009}. Best is trial 1 with value: 0.001331973548708211.
[I 2026-06-01 23:24:22,914] Trial 4 finished with value: 0.05728700897117813 and parameters: {'confidence_threshold': 0.5623121348350352, 'training_days': 300, 'n_estimators': 69, 'max_depth': 4, 'num_leaves': 32, 'learning_rate': 0.14967629360700346, 'subsample': 0.5054535233636654, 'colsample_bytree': 0.7401385194659216, 'min_child_samples': 27, 'reg_alpha': 1.4212042567426725e-07, 'reg_lambda': 0.23605753701352003}. Best is trial 4 with value: 0.05728700897117813.
[I 2026-06-01 23:24:23,329] Trial 5 finished with value: 0.023483360187212046 and parameters: {'confidence_threshold': 0.7111850244908446, 'training_days': 490, 'n_estimators': 362, 'max_depth': 5, 'num_leaves': 40, 'learning_rate': 0.05960785724162737, 'subsample': 0.5589714368907717, 'colsample_bytree': 0.6659006943232806, 'min_child_samples': 42, 'reg_alpha': 0.6741360303045295, 'reg_lambda': 6.054601607143087e-08}. Best is trial 4 with value: 0.05728700897117813.
[I 2026-06-01 23:24:23,514] Trial 6 finished with value: -0.010409574474559872 and parameters: {'confidence_threshold': 0.667482545748023, 'training_days': 420, 'n_estimators': 279, 'max_depth': 3, 'num_leaves': 45, 'learning_rate': 0.040099592560849204, 'subsample': 0.8563114696415159, 'colsample_bytree': 0.5442917781944105, 'min_child_samples': 50, 'reg_alpha': 1.6407916423707903e-08, 'reg_lambda': 2.935907642973286e-05}. Best is trial 4 with value: 0.05728700897117813.
[I 2026-06-01 23:24:23,671] Trial 7 finished with value: -0.011542868422512112 and parameters: {'confidence_threshold': 0.5497381024139926, 'training_days': 120, 'n_estimators': 408, 'max_depth': 5, 'num_leaves': 38, 'learning_rate': 0.28049122657745795, 'subsample': 0.8806573338635493, 'colsample_bytree': 0.5454054113547102, 'min_child_samples': 63, 'reg_alpha': 0.01263008637940408, 'reg_lambda': 0.04588020805366937}. Best is trial 4 with value: 0.05728700897117813.
[I 2026-06-01 23:24:23,919] Trial 8 finished with value: -0.0497529945575939 and parameters: {'confidence_threshold': 0.719644804808716, 'training_days': 450, 'n_estimators': 410, 'max_depth': 4, 'num_leaves': 57, 'learning_rate': 0.04022026551478857, 'subsample': 0.5336085426932707, 'colsample_bytree': 0.5705742850577543, 'min_child_samples': 100, 'reg_alpha': 5.916398047912201e-07, 'reg_lambda': 0.9794034214488329}. Best is trial 4 with value: 0.05728700897117813.
[I 2026-06-01 23:24:23,941] Trial 9 finished with value: -4.077624724007758 and parameters: {'confidence_threshold': 0.7267463643917187, 'training_days': 20, 'n_estimators': 337, 'max_depth': 5, 'num_leaves': 23, 'learning_rate': 0.022153031811454605, 'subsample': 0.6305627572358737, 'colsample_bytree': 0.6613413774216214, 'min_child_samples': 81, 'reg_alpha': 5.7638634029410314e-08, 'reg_lambda': 8.26603016764008}. Best is trial 4 with value: 0.05728700897117813.
[I 2026-06-01 23:24:24,030] Trial 10 finished with value: 0.006718942558844199 and parameters: {'confidence_threshold': 0.8398533911817929, 'training_days': 320, 'n_estimators': 52, 'max_depth': 4, 'num_leaves': 15, 'learning_rate': 0.1708019296390162, 'subsample': 0.7130289643560688, 'colsample_bytree': 0.9944479338273263, 'min_child_samples': 23, 'reg_alpha': 6.837313901272251e-05, 'reg_lambda': 0.007549769720510555}. Best is trial 4 with value: 0.05728700897117813.
[I 2026-06-01 23:24:24,542] Trial 11 finished with value: -0.059906055105634 and parameters: {'confidence_threshold': 0.786180255393198, 'training_days': 500, 'n_estimators': 478, 'max_depth': 4, 'num_leaves': 29, 'learning_rate': 0.010226258249598861, 'subsample': 0.5004718002103864, 'colsample_bytree': 0.6821090468272153, 'min_child_samples': 22, 'reg_alpha': 9.443402751011643, 'reg_lambda': 2.313463030717144e-08}. Best is trial 4 with value: 0.05728700897117813.
[I 2026-06-01 23:24:24,760] Trial 12 finished with value: 0.005818093981521771 and parameters: {'confidence_threshold': 0.5145853631584999, 'training_days': 370, 'n_estimators': 243, 'max_depth': 4, 'num_leaves': 30, 'learning_rate': 0.09958366580839793, 'subsample': 0.6166089205473694, 'colsample_bytree': 0.7179310383001429, 'min_child_samples': 45, 'reg_alpha': 0.02694721219722944, 'reg_lambda': 1.4304147444691813e-06}. Best is trial 4 with value: 0.05728700897117813.
[I 2026-06-01 23:24:24,976] Trial 13 finished with value: 0.03938112676531148 and parameters: {'confidence_threshold': 0.6264911627195466, 'training_days': 210, 'n_estimators': 331, 'max_depth': 4, 'num_leaves': 55, 'learning_rate': 0.11842510796771445, 'subsample': 0.7023035707306736, 'colsample_bytree': 0.7964950430311403, 'min_child_samples': 55, 'reg_alpha': 0.00010874449785112549, 'reg_lambda': 0.002213814638104446}. Best is trial 4 with value: 0.05728700897117813.
[I 2026-06-01 23:24:25,124] Trial 14 finished with value: 0.01648822491829091 and parameters: {'confidence_threshold': 0.615034172218907, 'training_days': 210, 'n_estimators': 187, 'max_depth': 4, 'num_leaves': 60, 'learning_rate': 0.12713295784582487, 'subsample': 0.7178512286146062, 'colsample_bytree': 0.8069077888993592, 'min_child_samples': 63, 'reg_alpha': 3.1603961740013076e-05, 'reg_lambda': 0.0020776662249199266}. Best is trial 4 with value: 0.05728700897117813.
[I 2026-06-01 23:24:25,321] Trial 15 finished with value: 0.006090189179768779 and parameters: {'confidence_threshold': 0.5170666713752432, 'training_days': 180, 'n_estimators': 300, 'max_depth': 4, 'num_leaves': 52, 'learning_rate': 0.2607338671064475, 'subsample': 0.7840406769417068, 'colsample_bytree': 0.9097594252114407, 'min_child_samples': 57, 'reg_alpha': 5.676630410980938e-06, 'reg_lambda': 0.02572619254613551}. Best is trial 4 with value: 0.05728700897117813.
[I 2026-06-01 23:24:25,408] Trial 16 finished with value: 0.04736669239004941 and parameters: {'confidence_threshold': 0.5605273725454512, 'training_days': 330, 'n_estimators': 53, 'max_depth': 4, 'num_leaves': 52, 'learning_rate': 0.13042954437939233, 'subsample': 0.6720930126754897, 'colsample_bytree': 0.8136530294809995, 'min_child_samples': 29, 'reg_alpha': 0.001065280930596146, 'reg_lambda': 0.0007675328935250629}. Best is trial 4 with value: 0.05728700897117813.
