[I 2026-06-01 23:31:47,095] Trial 4 finished with value: 0.043402920110555424 and parameters: {'confidence_threshold': 0.803208205259178, 'training_days': 130, 'n_estimators': 267, 'max_depth': 5, 'num_leaves': 40, 'learning_rate': 0.08041175317374143, 'subsample': 0.5603143329951619, 'colsample_bytree': 0.9131704002534167, 'min_child_samples': 68, 'reg_alpha': 0.0008046593428183385, 'reg_lambda': 1.2158346158765583e-05}. Best is trial 1 with value: 0.2297331776788088.
[I 2026-06-01 23:31:47,335] Trial 5 finished with value: 0.05339202150340565 and parameters: {'confidence_threshold': 0.6064422761595144, 'training_days': 210, 'n_estimators': 357, 'max_depth': 5, 'num_leaves': 40, 'learning_rate': 0.0974221287220869, 'subsample': 0.7929682762811064, 'colsample_bytree': 0.8124517510478, 'min_child_samples': 74, 'reg_alpha': 0.3811377260781234, 'reg_lambda': 5.607314238392041e-08}. Best is trial 1 with value: 0.2297331776788088.

  [label] 2023-04-09 16:00 LTCUSDT entry=90.5200 → LONG | long=tp(+7.30%) short=sl(-3.80%) | scanned=13 | long_tp_only
  [label] 2023-05-04 08:00 LTCUSDT entry=87.6900 → SHORT | long=sl(-4.39%) short=tp(+8.48%) | scanned=11 | short_tp_only
  [label] 2023-06-26 00:00 LTCUSDT entry=87.6000 → LONG | long=sl(-5.94%) short=sl(-5.94%) | scanned=12 | no_tp→fwd_return=+8.6073
  [label] 2023-12-09 00:00 LTCUSDT entry=79.4200 → SHORT | long=sl(-4.37%) short=tp(+8.43%) | scanned=6 | short_tp_only
  [label] 2023-12-13 00:00 LTCUSDT entry=71.4900 → SHORT | long=timeout(-0.20%) short=timeout(-0.00%) | scanned=22 | no_tp→fwd_return=-0.0979
  [label] 2023-12-23 16:00 LTCUSDT entry=72.5200 → LONG | long=tp(+7.22%) short=sl(-3.76%) | scanned=16 | long_tp_only
  [label] 2024-02-06 16:00 LTCUSDT entry=68.2800 → LONG | long=tp(+5.19%) short=sl(-2.75%) | scanned=7 | long_tp_only
  [label] 2024-02-15 08:00 LTCUSDT entry=69.4100 → LONG | long=timeout(+0.16%) short=timeout(-0.36%) | scanned=22 | no_tp→fwd_return=+0.2593
  [label] 2024-05-15 16:00 LTCUSDT entry=82.4200 → LONG | long=tp(+8.00%) short=sl(-4.15%) | scanned=15 | long_tp_only
  [label] 2024-06-16 16:00 LTCUSDT entry=78.9600 → SHORT | long=sl(-3.41%) short=tp(+6.53%) | scanned=4 | short_tp_only
  [label] 2024-07-03 00:00 LTCUSDT entry=74.8200 → SHORT | long=sl(-3.40%) short=tp(+6.49%) | scanned=3 | short_tp_only
  [label] 2024-07-15 16:00 LTCUSDT entry=72.2500 → SHORT | long=timeout(-1.55%) short=timeout(+1.35%) | scanned=22 | no_tp→fwd_return=-1.4533
  [label] 2024-08-03 00:00 LTCUSDT entry=65.6600 → SHORT | long=sl(-6.54%) short=tp(+12.77%) | scanned=6 | short_tp_only
  [label] 2024-08-09 08:00 LTCUSDT entry=59.6500 → LONG | long=timeout(+9.98%) short=sl(-8.16%) | scanned=22 | no_tp→fwd_return=+10.0754
  [label] 2024-08-21 16:00 LTCUSDT entry=64.2300 → SHORT | long=sl(-4.86%) short=sl(-4.86%) | scanned=18 | no_tp→fwd_return=-6.0564
  [label] 2024-09-30 08:00 LTCUSDT entry=66.5700 → SHORT | long=sl(-3.95%) short=timeout(+0.97%) | scanned=22 | no_tp→fwd_return=-1.0665
  [label] 2024-10-10 00:00 LTCUSDT entry=64.6400 → LONG | long=tp(+6.40%) short=sl(-3.35%) | scanned=17 | long_tp_only
  [label] 2025-01-04 08:00 LTCUSDT entry=110.6700 → SHORT | long=sl(-5.84%) short=sl(-5.84%) | scanned=9 | no_tp→fwd_return=-4.1294
  Labels: 1070 long (49.3%), 1101 short (50.7%) | weights: min=1.00, mean=3.23, max=10.00
  Features: 2171/2171 matched, 49 columns
  CV gap: 22 rows
  [ensemble 1/3] seed=42
    [trial 0] 49 features, training_days=480 | threshold=0.631 | labels: 1070 long, 1101 short (49/51%)
    [CV fold 0] train_end=2023-05-26 08:00 | val_start=2023-06-03 00:00 | gap=184h (22 rows)
    [CV fold 1] train_end=2023-09-23 16:00 | val_start=2023-10-01 08:00 | gap=184h (22 rows)
    [CV fold 2] train_end=2024-01-22 00:00 | val_start=2024-01-29 16:00 | gap=184h (22 rows)
    [CV fold 3] train_end=2024-05-21 08:00 | val_start=2024-05-29 00:00 | gap=184h (22 rows)
    [CV fold 4] train_end=2024-09-18 16:00 | val_start=2024-09-26 08:00 | gap=184h (22 rows)
    [trial 0] Sharpe=0.1587 (folds: 0.1961, 0.0243, 0.3839, 0.1894, 0.0001)
    [trial 1] 49 features, training_days=420 | threshold=0.839 | labels: 1070 long, 1101 short (49/51%)
    [trial 1] Sharpe=0.1381 (folds: 0.4054, 0.1296, 0.4788, -0.1661, -0.1573)
    [trial 2] 49 features, training_days=190 | threshold=0.602 | labels: 1070 long, 1101 short (49/51%)
    [trial 2] Sharpe=0.0455 (folds: 0.1897, -0.0200, 0.1853, -0.0772, -0.0503)
    [trial 3] 49 features, training_days=490 | threshold=0.832 | labels: 1070 long, 1101 short (49/51%)
    [trial 3] Sharpe=0.1093 (folds: 0.1600, 0.0181, 0.3030, 0.1457, -0.0804)
    [trial 4] 49 features, training_days=340 | threshold=0.591 | labels: 1070 long, 1101 short (49/51%)
    [trial 4] Sharpe=0.0993 (folds: 0.2526, 0.0438, 0.3427, -0.1087, -0.0337)
    [trial 5] 49 features, training_days=50 | threshold=0.823 | labels: 1070 long, 1101 short (49/51%)
    [trial 5] Sharpe=0.2485 (folds: -0.0244, 1.0831, 0.3227, -0.0959, -0.0431)
    [trial 6] 49 features, training_days=410 | threshold=0.549 | labels: 1070 long, 1101 short (49/51%)
    [trial 6] Sharpe=0.1260 (folds: 0.2816, 0.0329, 0.3101, 0.0987, -0.0931)
    [trial 7] 49 features, training_days=180 | threshold=0.526 | labels: 1070 long, 1101 short (49/51%)
    [trial 7] Sharpe=0.0118 (folds: 0.1304, 0.0239, 0.1305, -0.0809, -0.1450)
    [trial 8] 49 features, training_days=240 | threshold=0.811 | labels: 1070 long, 1101 short (49/51%)
    [trial 8] Sharpe=0.0403 (folds: 0.2266, -0.0107, 0.2440, -0.0699, -0.1885)
    [trial 9] 49 features, training_days=20 | threshold=0.538 | labels: 1070 long, 1101 short (49/51%)
    [trial 9] Sharpe=0.0235 (folds: 0.0982, -0.0248, -0.0258, -0.0187, 0.0886)
    [trial 10] 49 features, training_days=10 | threshold=0.732 | labels: 1070 long, 1101 short (49/51%)
    [trial 10] Sharpe=-2.0399 (folds: 0.0982, -0.0975, -0.0258, -10.0000, -0.1743)
    [trial 11] 49 features, training_days=110 | threshold=0.695 | labels: 1070 long, 1101 short (49/51%)
    [trial 11] Sharpe=0.0496 (folds: 0.3105, -0.2121, 0.3756, -0.2512, 0.0252)
    [trial 12] 49 features, training_days=310 | threshold=0.640 | labels: 1070 long, 1101 short (49/51%)
    [trial 12] Sharpe=0.0965 (folds: 0.2090, 0.0092, 0.3254, -0.0377, -0.0233)
    [trial 13] 49 features, training_days=130 | threshold=0.751 | labels: 1070 long, 1101 short (49/51%)
    [trial 13] Sharpe=0.0970 (folds: 0.3044, -0.0207, 0.3438, -0.0341, -0.1083)
    [trial 14] 49 features, training_days=500 | threshold=0.665 | labels: 1070 long, 1101 short (49/51%)
    [trial 14] Sharpe=0.1661 (folds: 0.1690, 0.0693, 0.4008, 0.2227, -0.0310)
    [trial 15] 49 features, training_days=310 | threshold=0.767 | labels: 1070 long, 1101 short (49/51%)
    [trial 15] Sharpe=0.0822 (folds: 0.1496, 0.0344, 0.2803, 0.0429, -0.0960)
    [trial 16] 49 features, training_days=70 | threshold=0.690 | labels: 1070 long, 1101 short (49/51%)
    [trial 16] Sharpe=0.0216 (folds: 0.0228, -0.0893, 0.3979, -0.1117, -0.1115)
    [trial 17] 49 features, training_days=370 | threshold=0.789 | labels: 1070 long, 1101 short (49/51%)
    [trial 17] Sharpe=0.1389 (folds: 0.2013, 0.0419, 0.4548, 0.0210, -0.0244)
  Optuna: 18 trials, best Sharpe = 0.2485
  Best params: n_estimators=138, max_depth=3, lr=0.0375, leaves=30
  Best confidence_threshold: 0.823
  Best training_days: 50
  Retrained on full data (150 samples, 49 features)
  [ensemble 2/3] seed=123
    [trial 0] 49 features, training_days=150 | threshold=0.744 | labels: 1070 long, 1101 short (49/51%)
    [CV fold 0] train_end=2023-05-26 08:00 | val_start=2023-06-03 00:00 | gap=184h (22 rows)
    [CV fold 1] train_end=2023-09-23 16:00 | val_start=2023-10-01 08:00 | gap=184h (22 rows)
    [CV fold 2] train_end=2024-01-22 00:00 | val_start=2024-01-29 16:00 | gap=184h (22 rows)
    [CV fold 3] train_end=2024-05-21 08:00 | val_start=2024-05-29 00:00 | gap=184h (22 rows)
    [CV fold 4] train_end=2024-09-18 16:00 | val_start=2024-09-26 08:00 | gap=184h (22 rows)
    [trial 0] Sharpe=0.0930 (folds: 0.2229, 0.0378, 0.2778, -0.0294, -0.0438)
    [trial 1] 49 features, training_days=220 | threshold=0.755 | labels: 1070 long, 1101 short (49/51%)
    [trial 1] Sharpe=0.2297 (folds: 1.1790, -0.1495, 0.6948, -0.0412, -0.5345)
    [trial 2] 49 features, training_days=310 | threshold=0.754 | labels: 1070 long, 1101 short (49/51%)
    [trial 2] Sharpe=0.0947 (folds: 0.2365, 0.0151, 0.3324, -0.0493, -0.0613)
    [trial 3] 49 features, training_days=220 | threshold=0.673 | labels: 1070 long, 1101 short (49/51%)
    [trial 3] Sharpe=0.0300 (folds: 0.0543, 0.0080, 0.1588, -0.0823, 0.0115)
    [trial 4] 49 features, training_days=130 | threshold=0.803 | labels: 1070 long, 1101 short (49/51%)
    [trial 4] Sharpe=0.0434 (folds: 0.2301, -0.2842, 0.3338, -0.0406, -0.0220)
    [trial 5] 49 features, training_days=210 | threshold=0.606 | labels: 1070 long, 1101 short (49/51%)
    [trial 5] Sharpe=0.0534 (folds: 0.2124, -0.0043, 0.1777, -0.1123, -0.0066)
    [trial 6] 49 features, training_days=130 | threshold=0.767 | labels: 1070 long, 1101 short (49/51%)
    [trial 6] Sharpe=0.0508 (folds: 0.1075, -0.0129, 0.2131, -0.0395, -0.0144)[I 2026-06-01 23:31:47,461] Trial 6 finished with value: 0.05076573649325631 and parameters: {'confidence_threshold': 0.7672889945051684, 'training_days': 130, 'n_estimators': 137, 'max_depth': 4, 'num_leaves': 19, 'learning_rate': 0.2031117614248665, 'subsample': 0.8136244860256343, 'colsample_bytree': 0.8617081790949774, 'min_child_samples': 21, 'reg_alpha': 0.002238138278733199, 'reg_lambda': 0.001025809534977322}. Best is trial 1 with value: 0.2297331776788088.
[I 2026-06-01 23:31:47,540] Trial 7 finished with value: 0.08183246707935025 and parameters: {'confidence_threshold': 0.555635875450653, 'training_days': 80, 'n_estimators': 363, 'max_depth': 3, 'num_leaves': 48, 'learning_rate': 0.06590089024008658, 'subsample': 0.6944752870615722, 'colsample_bytree': 0.962566244806993, 'min_child_samples': 88, 'reg_alpha': 1.6465620446426067e-05, 'reg_lambda': 2.4678750890085655e-08}. Best is trial 1 with value: 0.2297331776788088.
[I 2026-06-01 23:31:47,905] Trial 8 finished with value: 0.05846520803189524 and parameters: {'confidence_threshold': 0.6066688256938841, 'training_days': 200, 'n_estimators': 367, 'max_depth': 5, 'num_leaves': 32, 'learning_rate': 0.13377519215934996, 'subsample': 0.7965884582811106, 'colsample_bytree': 0.8458508993500886, 'min_child_samples': 32, 'reg_alpha': 3.889436043816386e-05, 'reg_lambda': 1.4713062489380356e-06}. Best is trial 1 with value: 0.2297331776788088.
[I 2026-06-01 23:31:48,153] Trial 9 finished with value: 0.08520466045056954 and parameters: {'confidence_threshold': 0.6202096049169137, 'training_days': 260, 'n_estimators': 350, 'max_depth': 3, 'num_leaves': 21, 'learning_rate': 0.02989540198065364, 'subsample': 0.8307821683331218, 'colsample_bytree': 0.923253112635361, 'min_child_samples': 64, 'reg_alpha': 0.4898604619604203, 'reg_lambda': 2.9076377687066166e-05}. Best is trial 1 with value: 0.2297331776788088.
[I 2026-06-01 23:31:48,639] Trial 10 finished with value: 0.18768460433201106 and parameters: {'confidence_threshold': 0.8445241688507242, 'training_days': 470, 'n_estimators': 493, 'max_depth': 4, 'num_leaves': 63, 'learning_rate': 0.010221918552934462, 'subsample': 0.5019190721168774, 'colsample_bytree': 0.6202684210924141, 'min_child_samples': 47, 'reg_alpha': 2.371385268938747e-08, 'reg_lambda': 1.7987349911222597}. Best is trial 1 with value: 0.2297331776788088.
[I 2026-06-01 23:31:49,138] Trial 11 finished with value: 0.163552257877746 and parameters: {'confidence_threshold': 0.8371297552840329, 'training_days': 480, 'n_estimators': 493, 'max_depth': 4, 'num_leaves': 63, 'learning_rate': 0.010535067237031154, 'subsample': 0.5082312939353781, 'colsample_bytree': 0.625107197757402, 'min_child_samples': 47, 'reg_alpha': 1.0529589035799712e-08, 'reg_lambda': 2.2589911631542003}. Best is trial 1 with value: 0.2297331776788088.
[I 2026-06-01 23:31:49,231] Trial 12 finished with value: -10.0 and parameters: {'confidence_threshold': 0.830632524875604, 'training_days': 400, 'n_estimators': 51, 'max_depth': 4, 'num_leaves': 54, 'learning_rate': 0.010224920425677188, 'subsample': 0.6032252901108627, 'colsample_bytree': 0.6669454130036883, 'min_child_samples': 47, 'reg_alpha': 1.749917998605146e-08, 'reg_lambda': 3.301947511943952}. Best is trial 1 with value: 0.2297331776788088.
[I 2026-06-01 23:31:49,262] Trial 13 finished with value: -2.0398803385263657 and parameters: {'confidence_threshold': 0.7204879752908931, 'training_days': 10, 'n_estimators': 475, 'max_depth': 4, 'num_leaves': 63, 'learning_rate': 0.017797220503138828, 'subsample': 0.5024707401359401, 'colsample_bytree': 0.5443982906148261, 'min_child_samples': 46, 'reg_alpha': 0.024510194560445127, 'reg_lambda': 0.03416332834075164}. Best is trial 1 with value: 0.2297331776788088.
[I 2026-06-01 23:31:49,344] Trial 14 finished with value: -2.1053313180968702 and parameters: {'confidence_threshold': 0.6968624890517784, 'training_days': 350, 'n_estimators': 60, 'max_depth': 4, 'num_leaves': 47, 'learning_rate': 0.01645102485501106, 'subsample': 0.5861503577385139, 'colsample_bytree': 0.7101988997477608, 'min_child_samples': 80, 'reg_alpha': 8.70158361284731e-07, 'reg_lambda': 0.07597426064842482}. Best is trial 1 with value: 0.2297331776788088.
[I 2026-06-01 23:31:49,560] Trial 15 finished with value: 0.15666688078064822 and parameters: {'confidence_threshold': 0.7897652460704997, 'training_days': 500, 'n_estimators': 257, 'max_depth': 5, 'num_leaves': 56, 'learning_rate': 0.037392478764815176, 'subsample': 0.6815479594839866, 'colsample_bytree': 0.5093920150666754, 'min_child_samples': 100, 'reg_alpha': 0.012726486074698326, 'reg_lambda': 0.08860783870700435}. Best is trial 1 with value: 0.2297331776788088.
[I 2026-06-01 23:31:49,878] Trial 16 finished with value: 0.11887508568818217 and parameters: {'confidence_threshold': 0.8351265190880189, 'training_days': 430, 'n_estimators': 440, 'max_depth': 3, 'num_leaves': 45, 'learning_rate': 0.014080619158868648, 'subsample': 0.5517131019787263, 'colsample_bytree': 0.6155885267093099, 'min_child_samples': 55, 'reg_alpha': 5.292044899879069e-07, 'reg_lambda': 0.001989144089471814}. Best is trial 1 with value: 0.2297331776788088.
[I 2026-06-01 23:31:50,113] Trial 17 finished with value: 0.08961638513340935 and parameters: {'confidence_threshold': 0.5004748807695347, 'training_days': 300, 'n_estimators': 209, 'max_depth': 4, 'num_leaves': 58, 'learning_rate': 0.025170112944673445, 'subsample': 0.9202138733708044, 'colsample_bytree': 0.7208080702585287, 'min_child_samples': 38, 'reg_alpha': 7.284070645541434, 'reg_lambda': 0.5946928990548885}. Best is trial 1 with value: 0.2297331776788088.
[I 2026-06-01 23:31:50,541] A new study created in memory with name: no-name-96738aaa-6013-4317-94ac-98a3c90d43f6
[I 2026-06-01 23:31:50,758] Trial 0 finished with value: 0.07682931812423713 and parameters: {'confidence_threshold': 0.5870645682749857, 'training_days': 90, 'n_estimators': 403, 'max_depth': 5, 'num_leaves': 45, 'learning_rate': 0.0780457193679974, 'subsample': 0.9428509515574568, 'colsample_bytree': 0.8795587339164916, 'min_child_samples': 34, 'reg_alpha': 2.2465901234314442e-07, 'reg_lambda': 8.339007036475363e-05}. Best is trial 0 with value: 0.07682931812423713.
[I 2026-06-01 23:31:50,881] Trial 1 finished with value: 0.08383798035596547 and parameters: {'confidence_threshold': 0.6348453934275313, 'training_days': 290, 'n_estimators': 115, 'max_depth': 5, 'num_leaves': 37, 'learning_rate': 0.06949568759029946, 'subsample': 0.8228505074024268, 'colsample_bytree': 0.8616703220431751, 'min_child_samples': 75, 'reg_alpha': 4.2486822725010923e-07, 'reg_lambda': 1.157247767047042e-07}. Best is trial 1 with value: 0.08383798035596547.
[I 2026-06-01 23:31:50,900] Trial 2 finished with value: -0.04362641991209089 and parameters: {'confidence_threshold': 0.5849570384370288, 'training_days': 10, 'n_estimators': 212, 'max_depth': 3, 'num_leaves': 41, 'learning_rate': 0.18452095998378365, 'subsample': 0.6001060822924371, 'colsample_bytree': 0.5673167293506167, 'min_child_samples': 37, 'reg_alpha': 5.733250064217131, 'reg_lambda': 0.5308454292595461}. Best is trial 1 with value: 0.08383798035596547.
[I 2026-06-01 23:31:50,985] Trial 3 finished with value: 0.05501894454126571 and parameters: {'confidence_threshold': 0.6868248626683718, 'training_days': 220, 'n_estimators': 134, 'max_depth': 3, 'num_leaves': 45, 'learning_rate': 0.033529007907491595, 'subsample': 0.8647277071858408, 'colsample_bytree': 0.778494116634046, 'min_child_samples': 96, 'reg_alpha': 2.409409937265785e-07, 'reg_lambda': 1.1642073478060009}. Best is trial 1 with value: 0.08383798035596547.
[I 2026-06-01 23:31:51,086] Trial 4 finished with value: 0.06271980600514478 and parameters: {'confidence_threshold': 0.5623121348350352, 'training_days': 300, 'n_estimators': 69, 'max_depth': 4, 'num_leaves': 32, 'learning_rate': 0.14967629360700346, 'subsample': 0.5054535233636654, 'colsample_bytree': 0.7401385194659216, 'min_child_samples': 27, 'reg_alpha': 1.4212042567426725e-07, 'reg_lambda': 0.23605753701352003}. Best is trial 1 with value: 0.08383798035596547.
[I 2026-06-01 23:31:51,563] Trial 5 finished with value: 0.13126995670260977 and parameters: {'confidence_threshold': 0.7111850244908446, 'training_days': 490, 'n_estimators': 362, 'max_depth': 5, 'num_leaves': 40, 'learning_rate': 0.05960785724162737, 'subsample': 0.5589714368907717, 'colsample_bytree': 0.6659006943232806, 'min_child_samples': 42, 'reg_alpha': 0.6741360303045295, 'reg_lambda': 6.054601607143087e-08}. Best is trial 5 with value: 0.13126995670260977.
[I 2026-06-01 23:31:51,759] Trial 6 finished with value: 0.10334485532984117 and parameters: {'confidence_threshold': 0.667482545748023, 'training_days': 420, 'n_estimators': 279, 'max_depth': 3, 'num_leaves': 45, 'learning_rate': 0.040099592560849204, 'subsample': 0.8563114696415159, 'colsample_bytree': 0.5442917781944105, 'min_child_samples': 50, 'reg_alpha': 1.6407916423707903e-08, 'reg_lambda': 2.935907642973286e-05}. Best is trial 5 with value: 0.13126995670260977.
[I 2026-06-01 23:31:51,917] Trial 7 finished with value: 0.036727959932418994 and parameters: {'confidence_threshold': 0.5497381024139926, 'training_days': 120, 'n_estimators': 408, 'max_depth': 5, 'num_leaves': 38, 'learning_rate': 0.28049122657745795, 'subsample': 0.8806573338635493, 'colsample_bytree': 0.5454054113547102, 'min_child_samples': 63, 'reg_alpha': 0.01263008637940408, 'reg_lambda': 0.04588020805366937}. Best is trial 5 with value: 0.13126995670260977.
[I 2026-06-01 23:31:52,219] Trial 8 finished with value: 0.10874596857394318 and parameters: {'confidence_threshold': 0.719644804808716, 'training_days': 450, 'n_estimators': 410, 'max_depth': 4, 'num_leaves': 57, 'learning_rate': 0.04022026551478857, 'subsample': 0.5336085426932707, 'colsample_bytree': 0.5705742850577543, 'min_child_samples': 100, 'reg_alpha': 5.916398047912201e-07, 'reg_lambda': 0.9794034214488329}. Best is trial 5 with value: 0.13126995670260977.
[I 2026-06-01 23:31:52,246] Trial 9 finished with value: -1.996152890876696 and parameters: {'confidence_threshold': 0.7267463643917187, 'training_days': 20, 'n_estimators': 337, 'max_depth': 5, 'num_leaves': 23, 'learning_rate': 0.022153031811454605, 'subsample': 0.6305627572358737, 'colsample_bytree': 0.6613413774216214, 'min_child_samples': 81, 'reg_alpha': 5.7638634029410314e-08, 'reg_lambda': 8.26603016764008}. Best is trial 5 with value: 0.13126995670260977.
[I 2026-06-01 23:31:52,773] Trial 10 finished with value: 0.1485762720084517 and parameters: {'confidence_threshold': 0.8283920119574972, 'training_days': 490, 'n_estimators': 485, 'max_depth': 4, 'num_leaves': 15, 'learning_rate': 0.013054596495157828, 'subsample': 0.7130289643560688, 'colsample_bytree': 0.9944479338273263, 'min_child_samples': 52, 'reg_alpha': 2.8556520323203283, 'reg_lambda': 1.4521305760519918e-08}. Best is trial 10 with value: 0.1485762720084517.
[I 2026-06-01 23:31:53,332] Trial 11 finished with value: 0.1709837871524808 and parameters: {'confidence_threshold': 0.8427661908265961, 'training_days': 500, 'n_estimators': 478, 'max_depth': 4, 'num_leaves': 15, 'learning_rate': 0.010040241734622521, 'subsample': 0.688822077530971, 'colsample_bytree': 0.9628722124262472, 'min_child_samples': 49, 'reg_alpha': 9.65090528733781, 'reg_lambda': 1.5920494933139244e-08}. Best is trial 11 with value: 0.1709837871524808.
[I 2026-06-01 23:31:53,845] Trial 12 finished with value: 0.1039776809417062 and parameters: {'confidence_threshold': 0.84383344306133, 'training_days': 370, 'n_estimators': 490, 'max_depth': 4, 'num_leaves': 15, 'learning_rate': 0.010160038190855229, 'subsample': 0.7036312375118919, 'colsample_bytree': 0.9826583982594713, 'min_child_samples': 57, 'reg_alpha': 0.051776251607927, 'reg_lambda': 1.4304147444691813e-06}. Best is trial 11 with value: 0.1709837871524808.
[I 2026-06-01 23:31:54,288] Trial 13 finished with value: 0.06460114662103496 and parameters: {'confidence_threshold': 0.8491421880350253, 'training_days': 380, 'n_estimators': 494, 'max_depth': 4, 'num_leaves': 15, 'learning_rate': 0.010365399147176418, 'subsample': 0.7229311830380852, 'colsample_bytree': 0.977673677256957, 'min_child_samples': 67, 'reg_alpha': 9.443292679555342e-05, 'reg_lambda': 1.7449649170194626e-08}. Best is trial 11 with value: 0.1709837871524808.
[I 2026-06-01 23:31:55,136] Trial 14 finished with value: 0.17422699536222905 and parameters: {'confidence_threshold': 0.7919569694041504, 'training_days': 470, 'n_estimators': 458, 'max_depth': 4, 'num_leaves': 24, 'learning_rate': 0.017319625142008677, 'subsample': 0.6758471000204691, 'colsample_bytree': 0.9020383795578621, 'min_child_samples': 22, 'reg_alpha': 8.939153372384904, 'reg_lambda': 2.3215727983713186e-06}. Best is trial 14 with value: 0.17422699536222905.
