[I 2026-06-01 23:32:03,779] Trial 7 finished with value: 0.05405148447405933 and parameters: {'confidence_threshold': 0.555635875450653, 'training_days': 80, 'n_estimators': 363, 'max_depth': 3, 'num_leaves': 48, 'learning_rate': 0.06590089024008658, 'subsample': 0.6944752870615722, 'colsample_bytree': 0.962566244806993, 'min_child_samples': 88, 'reg_alpha': 1.6465620446426067e-05, 'reg_lambda': 2.4678750890085655e-08}. Best is trial 1 with value: 0.1765956093808878.
[I 2026-06-01 23:32:04,157] Trial 8 finished with value: 0.09360643803556967 and parameters: {'confidence_threshold': 0.6066688256938841, 'training_days': 200, 'n_estimators': 367, 'max_depth': 5, 'num_leaves': 32, 'learning_rate': 0.13377519215934996, 'subsample': 0.7965884582811106, 'colsample_bytree': 0.8458508993500886, 'min_child_samples': 32, 'reg_alpha': 3.889436043816386e-05, 'reg_lambda': 1.4713062489380356e-06}. Best is trial 1 with value: 0.1765956093808878.
[I 2026-06-01 23:32:04,412] Trial 9 finished with value: 0.12107500164052662 and parameters: {'confidence_threshold': 0.6202096049169137, 'training_days': 260, 'n_estimators': 350, 'max_depth': 3, 'num_leaves': 21, 'learning_rate': 0.02989540198065364, 'subsample': 0.8307821683331218, 'colsample_bytree': 0.923253112635361, 'min_child_samples': 64, 'reg_alpha': 0.4898604619604203, 'reg_lambda': 2.9076377687066166e-05}. Best is trial 1 with value: 0.1765956093808878.
[I 2026-06-01 23:32:04,898] Trial 10 finished with value: 0.26062425337656286 and parameters: {'confidence_threshold': 0.8445241688507242, 'training_days': 470, 'n_estimators': 493, 'max_depth': 4, 'num_leaves': 63, 'learning_rate': 0.010221918552934462, 'subsample': 0.5019190721168774, 'colsample_bytree': 0.6202684210924141, 'min_child_samples': 47, 'reg_alpha': 2.371385268938747e-08, 'reg_lambda': 1.7987349911222597}. Best is trial 10 with value: 0.26062425337656286.

  [label] 2024-03-14 08:00 LTCUSDT entry=94.0000 → SHORT | long=sl(-8.92%) short=tp(+17.54%) | scanned=16 | short_tp_only
  [label] 2024-06-12 16:00 LTCUSDT entry=78.4900 → SHORT | long=sl(-4.27%) short=tp(+8.23%) | scanned=16 | short_tp_only
  [label] 2024-07-14 16:00 LTCUSDT entry=69.8800 → LONG | long=timeout(+5.72%) short=sl(-3.96%) | scanned=22 | no_tp→fwd_return=+5.8243
  [label] 2024-07-31 00:00 LTCUSDT entry=71.9400 → SHORT | long=sl(-4.46%) short=tp(+8.62%) | scanned=7 | short_tp_only
  [label] 2024-08-12 16:00 LTCUSDT entry=61.4500 → LONG | long=timeout(+7.74%) short=sl(-6.19%) | scanned=22 | no_tp→fwd_return=+7.8438
  [label] 2024-08-31 00:00 LTCUSDT entry=65.6300 → SHORT | long=sl(-5.64%) short=timeout(+2.63%) | scanned=22 | no_tp→fwd_return=-2.7274
  [label] 2024-09-06 08:00 LTCUSDT entry=63.9200 → LONG | long=sl(-6.09%) short=timeout(-1.62%) | scanned=22 | no_tp→fwd_return=+1.5175
  [label] 2024-09-18 16:00 LTCUSDT entry=64.8100 → LONG | long=timeout(+2.55%) short=sl(-3.90%) | scanned=22 | no_tp→fwd_return=+2.6539
  [label] 2024-10-28 08:00 LTCUSDT entry=69.8900 → SHORT | long=sl(-3.95%) short=sl(-3.95%) | scanned=17 | no_tp→fwd_return=-2.4753
  [label] 2024-11-07 00:00 LTCUSDT entry=70.5700 → LONG | long=tp(+11.01%) short=sl(-5.66%) | scanned=13 | long_tp_only
  [label] 2025-02-01 08:00 LTCUSDT entry=122.3900 → SHORT | long=sl(-9.43%) short=tp(+18.56%) | scanned=5 | short_tp_only
  Labels: 1092 long (50.3%), 1079 short (49.7%) | weights: min=1.00, mean=2.97, max=10.00
  Features: 2171/2171 matched, 49 columns
  CV gap: 22 rows
  [ensemble 1/3] seed=42
    [trial 0] 49 features, training_days=480 | threshold=0.631 | labels: 1092 long, 1079 short (50/50%)
    [CV fold 0] train_end=2023-06-23 08:00 | val_start=2023-07-01 00:00 | gap=184h (22 rows)
    [CV fold 1] train_end=2023-10-21 16:00 | val_start=2023-10-29 08:00 | gap=184h (22 rows)
    [CV fold 2] train_end=2024-02-19 00:00 | val_start=2024-02-26 16:00 | gap=184h (22 rows)
    [CV fold 3] train_end=2024-06-18 08:00 | val_start=2024-06-26 00:00 | gap=184h (22 rows)
    [CV fold 4] train_end=2024-10-16 16:00 | val_start=2024-10-24 08:00 | gap=184h (22 rows)
    [trial 0] Sharpe=0.1833 (folds: 0.2660, -0.0534, 0.3344, 0.3679, 0.0018)
    [trial 1] 49 features, training_days=420 | threshold=0.839 | labels: 1092 long, 1079 short (50/50%)
    [trial 1] Sharpe=-1.8556 (folds: 0.2298, 0.0192, 0.3316, -10.0000, 0.1416)
    [trial 2] 49 features, training_days=190 | threshold=0.602 | labels: 1092 long, 1079 short (50/50%)
    [trial 2] Sharpe=0.1038 (folds: 0.2228, -0.0681, 0.1114, 0.0882, 0.1648)
    [trial 3] 49 features, training_days=490 | threshold=0.832 | labels: 1092 long, 1079 short (50/50%)
    [trial 3] Sharpe=0.2101 (folds: 0.2254, -0.0291, 0.2702, 0.4573, 0.1268)
    [trial 4] 49 features, training_days=340 | threshold=0.591 | labels: 1092 long, 1079 short (50/50%)
    [trial 4] Sharpe=0.1175 (folds: 0.2286, -0.0296, 0.3013, 0.0459, 0.0411)
    [trial 5] 49 features, training_days=50 | threshold=0.823 | labels: 1092 long, 1079 short (50/50%)
    [trial 5] Sharpe=0.0110 (folds: 0.0051, 0.3133, 0.1836, -0.6003, 0.1533)
    [trial 6] 49 features, training_days=410 | threshold=0.549 | labels: 1092 long, 1079 short (50/50%)
    [trial 6] Sharpe=0.1144 (folds: 0.1535, -0.0304, 0.3118, 0.1143, 0.0229)
    [trial 7] 49 features, training_days=180 | threshold=0.526 | labels: 1092 long, 1079 short (50/50%)
    [trial 7] Sharpe=0.1279 (folds: 0.2048, 0.0352, 0.1798, 0.0640, 0.1555)
    [trial 8] 49 features, training_days=240 | threshold=0.811 | labels: 1092 long, 1079 short (50/50%)
    [trial 8] Sharpe=0.1139 (folds: 0.1688, -0.1269, 0.1020, 0.2906, 0.1352)
    [trial 9] 49 features, training_days=20 | threshold=0.538 | labels: 1092 long, 1079 short (50/50%)
    [trial 9] Sharpe=-0.0356 (folds: -0.2569, 0.0079, 0.1235, -0.2117, 0.1591)
    [trial 10] 49 features, training_days=350 | threshold=0.730 | labels: 1092 long, 1079 short (50/50%)
    [trial 10] Sharpe=0.1562 (folds: 0.2248, -0.0197, 0.3290, 0.1731, 0.0736)
    [trial 11] 49 features, training_days=490 | threshold=0.695 | labels: 1092 long, 1079 short (50/50%)
    [trial 11] Sharpe=0.2097 (folds: 0.1237, -0.0589, 0.3374, 0.5455, 0.1010)
    [trial 12] 49 features, training_days=480 | threshold=0.716 | labels: 1092 long, 1079 short (50/50%)
    [trial 12] Sharpe=0.2309 (folds: 0.3025, 0.0007, 0.2790, 0.5455, 0.0266)
    [trial 13] 49 features, training_days=500 | threshold=0.758 | labels: 1092 long, 1079 short (50/50%)
    [trial 13] Sharpe=0.1593 (folds: 0.1341, -0.0486, 0.2777, 0.3092, 0.1242)
    [trial 14] 49 features, training_days=340 | threshold=0.759 | labels: 1092 long, 1079 short (50/50%)
    [trial 14] Sharpe=0.1355 (folds: 0.2049, -0.0483, 0.2800, 0.1804, 0.0602)
    [trial 15] 49 features, training_days=420 | threshold=0.669 | labels: 1092 long, 1079 short (50/50%)
    [trial 15] Sharpe=0.1177 (folds: 0.1660, -0.0396, 0.2660, 0.1150, 0.0812)
    [trial 16] 49 features, training_days=290 | threshold=0.797 | labels: 1092 long, 1079 short (50/50%)
    [trial 16] Sharpe=0.1641 (folds: 0.1925, -0.0109, 0.1956, 0.2962, 0.1471)
    [trial 17] 49 features, training_days=120 | threshold=0.687 | labels: 1092 long, 1079 short (50/50%)
    [trial 17] Sharpe=0.0772 (folds: 0.2733, 0.0611, 0.2003, -0.2669, 0.1181)
  Optuna: 18 trials, best Sharpe = 0.2309
  Best params: n_estimators=480, max_depth=4, lr=0.0106, leaves=15
  Best confidence_threshold: 0.716
  Best training_days: 480
  Retrained on full data (1440 samples, 49 features)
  [ensemble 2/3] seed=123
    [trial 0] 49 features, training_days=150 | threshold=0.744 | labels: 1092 long, 1079 short (50/50%)
    [CV fold 0] train_end=2023-06-23 08:00 | val_start=2023-07-01 00:00 | gap=184h (22 rows)
    [CV fold 1] train_end=2023-10-21 16:00 | val_start=2023-10-29 08:00 | gap=184h (22 rows)
    [CV fold 2] train_end=2024-02-19 00:00 | val_start=2024-02-26 16:00 | gap=184h (22 rows)
    [CV fold 3] train_end=2024-06-18 08:00 | val_start=2024-06-26 00:00 | gap=184h (22 rows)
    [CV fold 4] train_end=2024-10-16 16:00 | val_start=2024-10-24 08:00 | gap=184h (22 rows)
    [trial 0] Sharpe=0.0639 (folds: 0.1578, -0.1112, 0.1953, -0.1523, 0.2301)
    [trial 1] 49 features, training_days=220 | threshold=0.755 | labels: 1092 long, 1079 short (50/50%)
    [trial 1] Sharpe=0.1766 (folds: 0.1013, -0.2401, 0.3564, 0.4485, 0.2168)
    [trial 2] 49 features, training_days=310 | threshold=0.754 | labels: 1092 long, 1079 short (50/50%)
    [trial 2] Sharpe=0.1693 (folds: 0.2843, -0.0494, 0.2694, 0.2511, 0.0912)
    [trial 3] 49 features, training_days=220 | threshold=0.673 | labels: 1092 long, 1079 short (50/50%)
    [trial 3] Sharpe=0.0939 (folds: 0.1738, -0.0538, 0.1598, 0.0232, 0.1664)
    [trial 4] 49 features, training_days=130 | threshold=0.803 | labels: 1092 long, 1079 short (50/50%)
    [trial 4] Sharpe=0.0079 (folds: 0.2337, -0.1199, 0.1320, -0.2958, 0.0894)
    [trial 5] 49 features, training_days=210 | threshold=0.606 | labels: 1092 long, 1079 short (50/50%)
    [trial 5] Sharpe=0.1071 (folds: 0.2189, 0.0242, 0.1764, -0.0184, 0.1346)
    [trial 6] 49 features, training_days=130 | threshold=0.767 | labels: 1092 long, 1079 short (50/50%)
    [trial 6] Sharpe=0.0534 (folds: 0.1693, -0.0945, 0.2202, -0.2586, 0.2306)
    [trial 7] 49 features, training_days=80 | threshold=0.556 | labels: 1092 long, 1079 short (50/50%)
    [trial 7] Sharpe=0.0541 (folds: 0.0832, 0.1181, 0.1527, -0.1230, 0.0394)
    [trial 8] 49 features, training_days=200 | threshold=0.607 | labels: 1092 long, 1079 short (50/50%)
    [trial 8] Sharpe=0.0936 (folds: 0.1351, -0.0399, 0.2090, 0.0395, 0.1243)
    [trial 9] 49 features, training_days=260 | threshold=0.620 | labels: 1092 long, 1079 short (50/50%)
    [trial 9] Sharpe=0.1211 (folds: 0.2177, -0.0896, 0.1918, 0.1924, 0.0931)
    [trial 10] 49 features, training_days=470 | threshold=0.845 | labels: 1092 long, 1079 short (50/50%)
    [trial 10] Sharpe=0.2606 (folds: 0.2969, -0.0450, 0.2988, 0.5919, 0.1606)
    [trial 11] 49 features, training_days=480 | threshold=0.837 | labels: 1092 long, 1079 short (50/50%)
    [trial 11] Sharpe=0.2147 (folds: 0.2682, -0.0211, 0.2877, 0.3843, 0.1546)[I 2026-06-01 23:32:05,387] Trial 11 finished with value: 0.21474367212515788 and parameters: {'confidence_threshold': 0.8371297552840329, 'training_days': 480, 'n_estimators': 493, 'max_depth': 4, 'num_leaves': 63, 'learning_rate': 0.010535067237031154, 'subsample': 0.5082312939353781, 'colsample_bytree': 0.625107197757402, 'min_child_samples': 47, 'reg_alpha': 1.0529589035799712e-08, 'reg_lambda': 2.2589911631542003}. Best is trial 10 with value: 0.26062425337656286.
[I 2026-06-01 23:32:05,886] Trial 12 finished with value: 0.3047039257217479 and parameters: {'confidence_threshold': 0.830632524875604, 'training_days': 500, 'n_estimators': 499, 'max_depth': 4, 'num_leaves': 63, 'learning_rate': 0.010201143194486034, 'subsample': 0.5172176338346133, 'colsample_bytree': 0.5773925919454104, 'min_child_samples': 45, 'reg_alpha': 1.3450797333889757e-08, 'reg_lambda': 3.4309645602811933}. Best is trial 12 with value: 0.3047039257217479.
[I 2026-06-01 23:32:06,344] Trial 13 finished with value: 0.2312943957807561 and parameters: {'confidence_threshold': 0.8320048612945233, 'training_days': 500, 'n_estimators': 475, 'max_depth': 4, 'num_leaves': 63, 'learning_rate': 0.011020432354152414, 'subsample': 0.5019824557515645, 'colsample_bytree': 0.5337994462004911, 'min_child_samples': 44, 'reg_alpha': 1.2418618155563554e-08, 'reg_lambda': 0.029696564609662805}. Best is trial 12 with value: 0.3047039257217479.
[I 2026-06-01 23:32:06,673] Trial 14 finished with value: 0.1672465443380165 and parameters: {'confidence_threshold': 0.6968624890517784, 'training_days': 400, 'n_estimators': 436, 'max_depth': 3, 'num_leaves': 56, 'learning_rate': 0.01645102485501106, 'subsample': 0.6148787147180652, 'colsample_bytree': 0.6482018719330946, 'min_child_samples': 45, 'reg_alpha': 2.886975654176598e-07, 'reg_lambda': 0.05419571021598641}. Best is trial 12 with value: 0.3047039257217479.
[I 2026-06-01 23:32:06,985] Trial 15 finished with value: 0.1293137924183852 and parameters: {'confidence_threshold': 0.5026055290809989, 'training_days': 400, 'n_estimators': 435, 'max_depth': 4, 'num_leaves': 56, 'learning_rate': 0.037392478764815176, 'subsample': 0.9296279388562269, 'colsample_bytree': 0.5093920150666754, 'min_child_samples': 100, 'reg_alpha': 3.343087422593863e-07, 'reg_lambda': 7.7823068939917395}. Best is trial 12 with value: 0.3047039257217479.
[I 2026-06-01 23:32:07,324] Trial 16 finished with value: 0.2344771276232028 and parameters: {'confidence_threshold': 0.7978506352330715, 'training_days': 430, 'n_estimators': 279, 'max_depth': 5, 'num_leaves': 45, 'learning_rate': 0.013930573952768954, 'subsample': 0.6697434700565401, 'colsample_bytree': 0.6524883056625813, 'min_child_samples': 52, 'reg_alpha': 4.346939460499519e-07, 'reg_lambda': 0.0030179205487271903}. Best is trial 12 with value: 0.3047039257217479.
[I 2026-06-01 23:32:07,745] Trial 17 finished with value: 0.13463729721362122 and parameters: {'confidence_threshold': 0.7110519736587814, 'training_days': 330, 'n_estimators': 429, 'max_depth': 4, 'num_leaves': 59, 'learning_rate': 0.02514439255563828, 'subsample': 0.5573561929325529, 'colsample_bytree': 0.5903032838151694, 'min_child_samples': 38, 'reg_alpha': 7.674043559465562e-08, 'reg_lambda': 0.24053653619769227}. Best is trial 12 with value: 0.3047039257217479.
[I 2026-06-01 23:32:08,266] A new study created in memory with name: no-name-bf5e324a-70f7-4e25-a1f5-129c9c107a4a
[I 2026-06-01 23:32:08,468] Trial 0 finished with value: 0.07977681663175132 and parameters: {'confidence_threshold': 0.5870645682749857, 'training_days': 90, 'n_estimators': 403, 'max_depth': 5, 'num_leaves': 45, 'learning_rate': 0.0780457193679974, 'subsample': 0.9428509515574568, 'colsample_bytree': 0.8795587339164916, 'min_child_samples': 34, 'reg_alpha': 2.2465901234314442e-07, 'reg_lambda': 8.339007036475363e-05}. Best is trial 0 with value: 0.07977681663175132.
[I 2026-06-01 23:32:08,581] Trial 1 finished with value: 0.1400473755974138 and parameters: {'confidence_threshold': 0.6348453934275313, 'training_days': 290, 'n_estimators': 115, 'max_depth': 5, 'num_leaves': 37, 'learning_rate': 0.06949568759029946, 'subsample': 0.8228505074024268, 'colsample_bytree': 0.8616703220431751, 'min_child_samples': 75, 'reg_alpha': 4.2486822725010923e-07, 'reg_lambda': 1.157247767047042e-07}. Best is trial 1 with value: 0.1400473755974138.
[I 2026-06-01 23:32:08,599] Trial 2 finished with value: -4.049453102643564 and parameters: {'confidence_threshold': 0.5849570384370288, 'training_days': 10, 'n_estimators': 212, 'max_depth': 3, 'num_leaves': 41, 'learning_rate': 0.18452095998378365, 'subsample': 0.6001060822924371, 'colsample_bytree': 0.5673167293506167, 'min_child_samples': 37, 'reg_alpha': 5.733250064217131, 'reg_lambda': 0.5308454292595461}. Best is trial 1 with value: 0.1400473755974138.
[I 2026-06-01 23:32:08,677] Trial 3 finished with value: 0.14199931638732338 and parameters: {'confidence_threshold': 0.6868248626683718, 'training_days': 220, 'n_estimators': 134, 'max_depth': 3, 'num_leaves': 45, 'learning_rate': 0.033529007907491595, 'subsample': 0.8647277071858408, 'colsample_bytree': 0.778494116634046, 'min_child_samples': 96, 'reg_alpha': 2.409409937265785e-07, 'reg_lambda': 1.1642073478060009}. Best is trial 3 with value: 0.14199931638732338.
[I 2026-06-01 23:32:08,774] Trial 4 finished with value: 0.1029886443966046 and parameters: {'confidence_threshold': 0.5623121348350352, 'training_days': 300, 'n_estimators': 69, 'max_depth': 4, 'num_leaves': 32, 'learning_rate': 0.14967629360700346, 'subsample': 0.5054535233636654, 'colsample_bytree': 0.7401385194659216, 'min_child_samples': 27, 'reg_alpha': 1.4212042567426725e-07, 'reg_lambda': 0.23605753701352003}. Best is trial 3 with value: 0.14199931638732338.
[I 2026-06-01 23:32:09,222] Trial 5 finished with value: 0.1842809079978054 and parameters: {'confidence_threshold': 0.7111850244908446, 'training_days': 490, 'n_estimators': 362, 'max_depth': 5, 'num_leaves': 40, 'learning_rate': 0.05960785724162737, 'subsample': 0.5589714368907717, 'colsample_bytree': 0.6659006943232806, 'min_child_samples': 42, 'reg_alpha': 0.6741360303045295, 'reg_lambda': 6.054601607143087e-08}. Best is trial 5 with value: 0.1842809079978054.
[I 2026-06-01 23:32:09,431] Trial 6 finished with value: 0.1572615277246369 and parameters: {'confidence_threshold': 0.667482545748023, 'training_days': 420, 'n_estimators': 279, 'max_depth': 3, 'num_leaves': 45, 'learning_rate': 0.040099592560849204, 'subsample': 0.8563114696415159, 'colsample_bytree': 0.5442917781944105, 'min_child_samples': 50, 'reg_alpha': 1.6407916423707903e-08, 'reg_lambda': 2.935907642973286e-05}. Best is trial 5 with value: 0.1842809079978054.
[I 2026-06-01 23:32:09,593] Trial 7 finished with value: 0.05168573074182671 and parameters: {'confidence_threshold': 0.5497381024139926, 'training_days': 120, 'n_estimators': 408, 'max_depth': 5, 'num_leaves': 38, 'learning_rate': 0.28049122657745795, 'subsample': 0.8806573338635493, 'colsample_bytree': 0.5454054113547102, 'min_child_samples': 63, 'reg_alpha': 0.01263008637940408, 'reg_lambda': 0.04588020805366937}. Best is trial 5 with value: 0.1842809079978054.
[I 2026-06-01 23:32:09,890] Trial 8 finished with value: 0.19359758083189055 and parameters: {'confidence_threshold': 0.719644804808716, 'training_days': 450, 'n_estimators': 410, 'max_depth': 4, 'num_leaves': 57, 'learning_rate': 0.04022026551478857, 'subsample': 0.5336085426932707, 'colsample_bytree': 0.5705742850577543, 'min_child_samples': 100, 'reg_alpha': 5.916398047912201e-07, 'reg_lambda': 0.9794034214488329}. Best is trial 8 with value: 0.19359758083189055.
[I 2026-06-01 23:32:09,916] Trial 9 finished with value: -2.060330369617411 and parameters: {'confidence_threshold': 0.7267463643917187, 'training_days': 20, 'n_estimators': 337, 'max_depth': 5, 'num_leaves': 23, 'learning_rate': 0.022153031811454605, 'subsample': 0.6305627572358737, 'colsample_bytree': 0.6613413774216214, 'min_child_samples': 81, 'reg_alpha': 5.7638634029410314e-08, 'reg_lambda': 8.26603016764008}. Best is trial 8 with value: 0.19359758083189055.
[I 2026-06-01 23:32:10,303] Trial 10 finished with value: 0.19385592887346334 and parameters: {'confidence_threshold': 0.8283920119574972, 'training_days': 400, 'n_estimators': 485, 'max_depth': 4, 'num_leaves': 63, 'learning_rate': 0.011927505552849117, 'subsample': 0.7130289643560688, 'colsample_bytree': 0.9944479338273263, 'min_child_samples': 100, 'reg_alpha': 5.0239970328459277e-05, 'reg_lambda': 0.0028438774509831773}. Best is trial 10 with value: 0.19385592887346334.
[I 2026-06-01 23:32:10,664] Trial 11 finished with value: 0.16192504674811775 and parameters: {'confidence_threshold': 0.8431920368994753, 'training_days': 400, 'n_estimators': 478, 'max_depth': 4, 'num_leaves': 61, 'learning_rate': 0.010033528037260202, 'subsample': 0.6988002958677881, 'colsample_bytree': 0.9628722124262472, 'min_child_samples': 100, 'reg_alpha': 5.263694533895985e-05, 'reg_lambda': 0.0038935771291352755}. Best is trial 10 with value: 0.19385592887346334.
[I 2026-06-01 23:32:11,084] Trial 12 finished with value: 0.22181943019962852 and parameters: {'confidence_threshold': 0.8097987051847976, 'training_days': 500, 'n_estimators': 490, 'max_depth': 4, 'num_leaves': 63, 'learning_rate': 0.010255894610795194, 'subsample': 0.7221629666626523, 'colsample_bytree': 0.9826583982594713, 'min_child_samples': 85, 'reg_alpha': 3.0366481742941654e-05, 'reg_lambda': 0.004296708263438564}. Best is trial 12 with value: 0.22181943019962852.
[I 2026-06-01 23:32:11,496] Trial 13 finished with value: 0.14281394321794924 and parameters: {'confidence_threshold': 0.8484351053652746, 'training_days': 350, 'n_estimators': 497, 'max_depth': 4, 'num_leaves': 54, 'learning_rate': 0.010372751528714915, 'subsample': 0.7384868771224989, 'colsample_bytree': 0.977673677256957, 'min_child_samples': 84, 'reg_alpha': 3.8284786278705456e-05, 'reg_lambda': 0.0027586845402793147}. Best is trial 12 with value: 0.22181943019962852.
[I 2026-06-01 23:32:11,970] Trial 14 finished with value: 0.16374218849840866 and parameters: {'confidence_threshold': 0.7855846898014007, 'training_days': 470, 'n_estimators': 500, 'max_depth': 4, 'num_leaves': 62, 'learning_rate': 0.017454558761233658, 'subsample': 0.6776505255398512, 'colsample_bytree': 0.9007048146894701, 'min_child_samples': 66, 'reg_alpha': 0.0014623796630832343, 'reg_lambda': 2.293505289769991e-06}. Best is trial 12 with value: 0.22181943019962852.
[I 2026-06-01 23:32:12,337] Trial 15 finished with value: 0.1920169165333268 and parameters: {'confidence_threshold': 0.7829525506318393, 'training_days': 370, 'n_estimators': 442, 'max_depth': 4, 'num_leaves': 52, 'learning_rate': 0.016814633156869492, 'subsample': 0.7719943444111433, 'colsample_bytree': 0.9934286300532085, 'min_child_samples': 88, 'reg_alpha': 8.084592721939181e-06, 'reg_lambda': 0.0020424904923636938}. Best is trial 12 with value: 0.22181943019962852.
[I 2026-06-01 23:32:12,688] Trial 16 finished with value: 0.23091704220041268 and parameters: {'confidence_threshold': 0.7809712285122007, 'training_days': 500, 'n_estimators': 309, 'max_depth': 4, 'num_leaves': 51, 'learning_rate': 0.0146455870071904, 'subsample': 0.7624357316660103, 'colsample_bytree': 0.923059818374438, 'min_child_samples': 71, 'reg_alpha': 0.0020449178771483473, 'reg_lambda': 0.01767030824976349}. Best is trial 16 with value: 0.23091704220041268.
