[I 2026-06-01 23:24:53,660] Trial 17 finished with value: 0.00991033789471589 and parameters: {'confidence_threshold': 0.7873735958410488, 'training_days': 70, 'n_estimators': 253, 'max_depth': 3, 'num_leaves': 27, 'learning_rate': 0.15731525557616802, 'subsample': 0.5952245337773062, 'colsample_bytree': 0.508390502235141, 'min_child_samples': 39, 'reg_alpha': 7.65137015777178, 'reg_lambda': 0.028753786104410897}. Best is trial 15 with value: 0.08907511574767761.

    [trial 14] 49 features, training_days=20 | threshold=0.517 | labels: 1127 long, 1026 short (52/48%)
    [trial 14] Sharpe=0.1193 (folds: 0.1735, 0.2559, -0.1238, 0.1034, 0.1875)
    [trial 15] 49 features, training_days=10 | threshold=0.503 | labels: 1127 long, 1026 short (52/48%)
    [trial 15] Sharpe=0.0802 (folds: -0.2067, 0.2559, 0.0610, 0.1034, 0.1875)
    [trial 16] 49 features, training_days=440 | threshold=0.699 | labels: 1127 long, 1026 short (52/48%)
    [trial 16] Sharpe=-0.0045 (folds: -0.0513, -0.0923, 0.0607, 0.0485, 0.0120)
    [trial 17] 49 features, training_days=70 | threshold=0.562 | labels: 1127 long, 1026 short (52/48%)
    [trial 17] Sharpe=0.0540 (folds: 0.1944, 0.0371, -0.0243, -0.1138, 0.1763)
  Optuna: 18 trials, best Sharpe = 0.2521
  Best params: n_estimators=76, max_depth=4, lr=0.0186, leaves=51
  Best confidence_threshold: 0.755
  Best training_days: 220
  Retrained on full data (645 samples, 49 features)
  [ensemble 3/3] seed=456
    [trial 0] 49 features, training_days=90 | threshold=0.587 | labels: 1127 long, 1026 short (52/48%)
    [CV fold 0] train_end=2020-08-22 08:00 | val_start=2020-08-30 00:00 | gap=184h (22 rows)
    [CV fold 1] train_end=2020-12-19 16:00 | val_start=2020-12-27 08:00 | gap=184h (22 rows)
    [CV fold 2] train_end=2021-04-18 00:00 | val_start=2021-04-25 16:00 | gap=184h (22 rows)
    [CV fold 3] train_end=2021-08-15 08:00 | val_start=2021-08-23 00:00 | gap=184h (22 rows)
    [CV fold 4] train_end=2021-12-12 16:00 | val_start=2021-12-20 08:00 | gap=184h (22 rows)
    [trial 0] Sharpe=-0.0326 (folds: -0.1638, 0.0660, 0.0743, -0.0839, -0.0557)
    [trial 1] 49 features, training_days=290 | threshold=0.635 | labels: 1127 long, 1026 short (52/48%)
    [trial 1] Sharpe=0.0425 (folds: 0.1032, -0.0276, -0.0805, 0.0497, 0.1676)
    [trial 2] 49 features, training_days=10 | threshold=0.585 | labels: 1127 long, 1026 short (52/48%)
    [trial 2] Sharpe=0.0802 (folds: -0.2067, 0.2559, 0.0610, 0.1034, 0.1875)
    [trial 3] 49 features, training_days=220 | threshold=0.687 | labels: 1127 long, 1026 short (52/48%)
    [trial 3] Sharpe=0.0360 (folds: -0.0114, -0.1655, -0.0193, 0.1988, 0.1774)
    [trial 4] 49 features, training_days=300 | threshold=0.562 | labels: 1127 long, 1026 short (52/48%)
    [trial 4] Sharpe=-0.0150 (folds: -0.0189, -0.1821, -0.0667, 0.0500, 0.1426)
    [trial 5] 49 features, training_days=490 | threshold=0.711 | labels: 1127 long, 1026 short (52/48%)
    [trial 5] Sharpe=-0.0359 (folds: -0.0177, -0.1987, -0.0295, 0.0351, 0.0313)
    [trial 6] 49 features, training_days=420 | threshold=0.667 | labels: 1127 long, 1026 short (52/48%)
    [trial 6] Sharpe=-0.0155 (folds: 0.0626, -0.2251, -0.0480, 0.1307, 0.0024)
    [trial 7] 49 features, training_days=120 | threshold=0.550 | labels: 1127 long, 1026 short (52/48%)
    [trial 7] Sharpe=0.0206 (folds: 0.0061, 0.0304, 0.1105, -0.0443, 0.0003)
    [trial 8] 49 features, training_days=450 | threshold=0.720 | labels: 1127 long, 1026 short (52/48%)
    [trial 8] Sharpe=0.0173 (folds: -0.0167, -0.1072, 0.0315, 0.0971, 0.0817)
    [trial 9] 49 features, training_days=20 | threshold=0.727 | labels: 1127 long, 1026 short (52/48%)
    [trial 9] Sharpe=-1.9154 (folds: -10.0000, 0.2559, -0.1238, 0.1034, 0.1875)
    [trial 10] 49 features, training_days=10 | threshold=0.840 | labels: 1127 long, 1026 short (52/48%)
    [trial 10] Sharpe=-3.9916 (folds: -0.2067, -10.0000, 0.0610, -10.0000, 0.1875)
    [trial 11] 49 features, training_days=300 | threshold=0.608 | labels: 1127 long, 1026 short (52/48%)
    [trial 11] Sharpe=0.0649 (folds: 0.2849, -0.0996, -0.0790, 0.0882, 0.1299)
    [trial 12] 49 features, training_days=200 | threshold=0.515 | labels: 1127 long, 1026 short (52/48%)
    [trial 12] Sharpe=0.0149 (folds: 0.1916, -0.1645, -0.0659, 0.0844, 0.0292)
    [trial 13] 49 features, training_days=360 | threshold=0.609 | labels: 1127 long, 1026 short (52/48%)
    [trial 13] Sharpe=0.0458 (folds: 0.2413, -0.1076, -0.0080, 0.1187, -0.0154)
    [trial 14] 49 features, training_days=150 | threshold=0.506 | labels: 1127 long, 1026 short (52/48%)
    [trial 14] Sharpe=0.0163 (folds: 0.0607, -0.0939, 0.1115, 0.0975, -0.0942)
    [trial 15] 49 features, training_days=390 | threshold=0.783 | labels: 1127 long, 1026 short (52/48%)
    [trial 15] Sharpe=0.0891 (folds: 0.2940, 0.1192, -0.0777, 0.0631, 0.0468)
    [trial 16] 49 features, training_days=380 | threshold=0.781 | labels: 1127 long, 1026 short (52/48%)
    [trial 16] Sharpe=0.0640 (folds: 0.2427, 0.0027, -0.0822, 0.0609, 0.0959)
    [trial 17] 49 features, training_days=70 | threshold=0.787 | labels: 1127 long, 1026 short (52/48%)
    [trial 17] Sharpe=0.0099 (folds: 0.0434, 0.0047, -0.0529, -0.0745, 0.1289)
  Optuna: 18 trials, best Sharpe = 0.0891
  Best params: n_estimators=259, max_depth=3, lr=0.0172, leaves=28
  Best confidence_threshold: 0.783
  Best training_days: 390
  Retrained on full data (1155 samples, 49 features)
  OOD: 16 features, cutoff (q=0.7) = 14.02
  Model trained for 2022-05: 93 test candles with features, confidence_threshold=0.793
[predict] 2022-05-16 08:00 LTCUSDT → LONG (proba=0.82 TP=28.9%/SL=14.5%)
[trade:open] 2022-05-16 15:59 LTCUSDT LONG @ 66.47 | SL=56.85 TP=85.70 | timeout=2022-05-23 15:59
[trade:close] 2022-05-23 16:00 LTCUSDT LONG → timeout @ 72.81 | PnL=+9.54% (net +9.44%) | cum=+24.52% 2022-05=+9.44% 2022-05-23=+9.44%
[lgbm] === Training for 2022-06 ===
  Train window: 2020-06-01 → 2022-05-24
  2153 training samples from 1 symbols
  Samples per month: 2020-06: 90, 2020-07: 93, 2020-08: 93, 2020-09: 90, 2020-10: 93, 2020-11: 90, 2020-12: 93, 2021-01: 93, 2021-02: 84, 2021-03: 93, 2021-04: 90, 2021-05: 93, 2021-06: 90, 2021-07: 93, 2021-08: 93, 2021-09: 90, 2021-10: 93, 2021-11: 90, 2021-12: 93, 2022-01: 93, 2022-02: 75, 2022-03: 93, 2022-04: 84, 2022-05: 71
  [label] 2020-08-01 00:00 LTCUSDT entry=59.4900 → SHORT | long=sl(-7.01%) short=sl(-7.01%) | scanned=3 | no_tp→fwd_return=-1.1262
  [label] 2020-08-03 08:00 LTCUSDT entry=58.9500 → SHORT | long=timeout(-0.61%) short=timeout(+0.41%) | scanned=22 | no_tp→fwd_return=-0.5089
  [label] 2020-08-07 00:00 LTCUSDT entry=59.5700 → SHORT | long=sl(-7.34%) short=timeout(+5.46%) | scanned=22 | no_tp→fwd_return=-5.5565
  [label] 2020-08-31 16:00 LTCUSDT entry=61.0100 → SHORT | long=sl(-6.12%) short=tp(+11.94%) | scanned=8 | short_tp_only
  [label] 2020-10-22 16:00 LTCUSDT entry=54.4000 → LONG | long=timeout(+0.84%) short=sl(-5.91%) | scanned=22 | no_tp→fwd_return=+0.9375
  [label] 2021-04-05 08:00 LTCUSDT entry=209.8900 → LONG | long=tp(+14.58%) short=sl(-7.44%) | scanned=4 | long_tp_only
  [label] 2021-04-09 08:00 LTCUSDT entry=224.3100 → LONG | long=tp(+16.90%) short=sl(-8.60%) | scanned=5 | long_tp_only
  [label] 2021-04-20 00:00 LTCUSDT entry=245.9400 → LONG | long=timeout(+2.51%) short=sl(-17.57%) | scanned=22 | no_tp→fwd_return=+2.6104
  [label] 2021-06-03 16:00 LTCUSDT entry=193.5500 → SHORT | long=sl(-10.72%) short=tp(+21.15%) | scanned=13 | short_tp_only
  [label] 2021-06-12 00:00 LTCUSDT entry=157.1800 → LONG | long=timeout(+0.68%) short=sl(-10.51%) | scanned=22 | no_tp→fwd_return=+0.7762
  [label] 2021-09-10 00:00 LTCUSDT entry=180.0600 → LONG | long=tp(+24.33%) short=sl(-12.32%) | scanned=10 | long_tp_only
  [label] 2021-10-11 16:00 LTCUSDT entry=179.1500 → LONG | long=timeout(+3.57%) short=sl(-7.38%) | scanned=22 | no_tp→fwd_return=+3.6673
  [label] 2021-10-27 16:00 LTCUSDT entry=179.2100 → LONG | long=tp(+15.81%) short=sl(-8.06%) | scanned=19 | long_tp_only
  [label] 2021-11-09 00:00 LTCUSDT entry=247.0900 → LONG | long=tp(+12.42%) short=sl(-6.36%) | scanned=4 | long_tp_only
  [label] 2021-11-27 16:00 LTCUSDT entry=195.0900 → SHORT | long=sl(-9.36%) short=sl(-9.36%) | scanned=19 | no_tp→fwd_return=-22.3743
  [label] 2021-12-03 16:00 LTCUSDT entry=187.9400 → SHORT | long=sl(-9.97%) short=tp(+19.63%) | scanned=1 | short_tp_only
  [label] 2021-12-16 00:00 LTCUSDT entry=153.6400 → LONG | long=timeout(+0.34%) short=timeout(-0.54%) | scanned=22 | no_tp→fwd_return=+0.4361
  [label] 2022-01-24 08:00 LTCUSDT entry=102.7300 → LONG | long=timeout(+5.21%) short=timeout(-5.41%) | scanned=22 | no_tp→fwd_return=+5.3052[I 2026-06-01 23:24:54,054] A new study created in memory with name: no-name-6a1da459-ee6b-4bf0-a09e-1c8805bf013e
[I 2026-06-01 23:24:54,362] Trial 0 finished with value: -0.06080408315822232 and parameters: {'confidence_threshold': 0.6310890415965769, 'training_days': 480, 'n_estimators': 380, 'max_depth': 4, 'num_leaves': 22, 'learning_rate': 0.01699897838270077, 'subsample': 0.5290418060840998, 'colsample_bytree': 0.9330880728874675, 'min_child_samples': 68, 'reg_alpha': 0.023585940584142682, 'reg_lambda': 1.5320059381854043e-08}. Best is trial 0 with value: -0.06080408315822232.
[I 2026-06-01 23:24:54,475] Trial 1 finished with value: -2.326213475346092 and parameters: {'confidence_threshold': 0.839468448256698, 'training_days': 420, 'n_estimators': 145, 'max_depth': 3, 'num_leaves': 23, 'learning_rate': 0.028145092716060652, 'subsample': 0.762378215816119, 'colsample_bytree': 0.7159725093210578, 'min_child_samples': 43, 'reg_alpha': 0.0032112643094417484, 'reg_lambda': 1.8007140198129195e-07}. Best is trial 0 with value: -0.06080408315822232.
[I 2026-06-01 23:24:54,629] Trial 2 finished with value: -0.021481530333959296 and parameters: {'confidence_threshold': 0.6022506269873263, 'training_days': 190, 'n_estimators': 255, 'max_depth': 5, 'num_leaves': 24, 'learning_rate': 0.05748924681991978, 'subsample': 0.7962072844310213, 'colsample_bytree': 0.5232252063599989, 'min_child_samples': 69, 'reg_alpha': 3.425445902633376e-07, 'reg_lambda': 3.850031979199519e-08}. Best is trial 2 with value: -0.021481530333959296.
[I 2026-06-01 23:24:54,877] Trial 3 finished with value: -0.024799501215718202 and parameters: {'confidence_threshold': 0.8321099380386666, 'training_days': 490, 'n_estimators': 414, 'max_depth': 3, 'num_leaves': 19, 'learning_rate': 0.1024932221692416, 'subsample': 0.7200762468698007, 'colsample_bytree': 0.5610191174223894, 'min_child_samples': 60, 'reg_alpha': 2.039373116525212e-08, 'reg_lambda': 1.527156759251193}. Best is trial 2 with value: -0.021481530333959296.
[I 2026-06-01 23:24:55,019] Trial 4 finished with value: -0.00925383890396524 and parameters: {'confidence_threshold': 0.5905729935600059, 'training_days': 340, 'n_estimators': 190, 'max_depth': 4, 'num_leaves': 41, 'learning_rate': 0.01875220945578641, 'subsample': 0.9847923138822793, 'colsample_bytree': 0.8875664116805573, 'min_child_samples': 96, 'reg_alpha': 1.1309571585271483, 'reg_lambda': 0.002404915432737351}. Best is trial 4 with value: -0.00925383890396524.
[I 2026-06-01 23:24:55,056] Trial 5 finished with value: 0.1353889070661595 and parameters: {'confidence_threshold': 0.8226559822580909, 'training_days': 50, 'n_estimators': 138, 'max_depth': 3, 'num_leaves': 30, 'learning_rate': 0.03750796359625606, 'subsample': 0.6356745158869479, 'colsample_bytree': 0.9143687545759647, 'min_child_samples': 48, 'reg_alpha': 3.376063348877853e-06, 'reg_lambda': 0.0007660634613082914}. Best is trial 5 with value: 0.1353889070661595.
[I 2026-06-01 23:24:55,161] Trial 6 finished with value: -0.07206998811390894 and parameters: {'confidence_threshold': 0.5493234787411669, 'training_days': 410, 'n_estimators': 83, 'max_depth': 5, 'num_leaves': 52, 'learning_rate': 0.019657448966046126, 'subsample': 0.5027610585618012, 'colsample_bytree': 0.9077307142274171, 'min_child_samples': 77, 'reg_alpha': 0.03639690979811287, 'reg_lambda': 0.08738424135626986}. Best is trial 5 with value: 0.1353889070661595.
[I 2026-06-01 23:24:55,258] Trial 7 finished with value: -0.03143589015920628 and parameters: {'confidence_threshold': 0.5259156281069316, 'training_days': 180, 'n_estimators': 102, 'max_depth': 5, 'num_leaves': 45, 'learning_rate': 0.030816017044468066, 'subsample': 0.5317791751430119, 'colsample_bytree': 0.6554911608578311, 'min_child_samples': 46, 'reg_alpha': 0.036851536911881845, 'reg_lambda': 0.005470376807480391}. Best is trial 5 with value: 0.1353889070661595.
[I 2026-06-01 23:24:55,356] Trial 8 finished with value: -0.04379065298060699 and parameters: {'confidence_threshold': 0.8105244599017143, 'training_days': 240, 'n_estimators': 103, 'max_depth': 5, 'num_leaves': 52, 'learning_rate': 0.06746437142284309, 'subsample': 0.8854835899772805, 'colsample_bytree': 0.7468977981821954, 'min_child_samples': 62, 'reg_alpha': 7.04480806377519e-05, 'reg_lambda': 1.6934490731313353e-08}. Best is trial 5 with value: 0.1353889070661595.
[I 2026-06-01 23:24:55,378] Trial 9 finished with value: -2.088501361026608 and parameters: {'confidence_threshold': 0.5377619994476566, 'training_days': 20, 'n_estimators': 337, 'max_depth': 3, 'num_leaves': 39, 'learning_rate': 0.21907142272152816, 'subsample': 0.6246461145744375, 'colsample_bytree': 0.7051914615178149, 'min_child_samples': 81, 'reg_alpha': 1.1459970229341322e-06, 'reg_lambda': 4.929685216887945e-08}. Best is trial 5 with value: 0.1353889070661595.
[I 2026-06-01 23:24:55,406] Trial 10 finished with value: -2.0424437380496707 and parameters: {'confidence_threshold': 0.7318981109748116, 'training_days': 10, 'n_estimators': 487, 'max_depth': 4, 'num_leaves': 31, 'learning_rate': 0.14704103471568217, 'subsample': 0.628963476300746, 'colsample_bytree': 0.987470107623585, 'min_child_samples': 25, 'reg_alpha': 2.608784411827665e-05, 'reg_lambda': 3.3639426888455256e-06}. Best is trial 5 with value: 0.1353889070661595.
[I 2026-06-01 23:24:55,568] Trial 11 finished with value: -2.001823722053701 and parameters: {'confidence_threshold': 0.716511937042965, 'training_days': 320, 'n_estimators': 227, 'max_depth': 4, 'num_leaves': 36, 'learning_rate': 0.010391584450418287, 'subsample': 0.962497596528612, 'colsample_bytree': 0.8291852193868787, 'min_child_samples': 96, 'reg_alpha': 5.370415467243256, 'reg_lambda': 0.00010207276241911574}. Best is trial 5 with value: 0.1353889070661595.
[I 2026-06-01 23:24:55,715] Trial 12 finished with value: -0.033633560712690705 and parameters: {'confidence_threshold': 0.6640468266107448, 'training_days': 310, 'n_estimators': 188, 'max_depth': 4, 'num_leaves': 62, 'learning_rate': 0.03716786383248443, 'subsample': 0.9908747608152276, 'colsample_bytree': 0.8336228052393174, 'min_child_samples': 100, 'reg_alpha': 2.8240404785498425, 'reg_lambda': 0.0003730020761712416}. Best is trial 5 with value: 0.1353889070661595.
[I 2026-06-01 23:24:55,826] Trial 13 finished with value: -0.1450729475672426 and parameters: {'confidence_threshold': 0.7511004938244776, 'training_days': 130, 'n_estimators': 189, 'max_depth': 3, 'num_leaves': 33, 'learning_rate': 0.012631547203540382, 'subsample': 0.6722689798236687, 'colsample_bytree': 0.8550696328428302, 'min_child_samples': 43, 'reg_alpha': 5.089139747366672e-06, 'reg_lambda': 0.002378020147307651}. Best is trial 5 with value: 0.1353889070661595.
[I 2026-06-01 23:24:55,959] Trial 14 finished with value: -0.0096947232830297 and parameters: {'confidence_threshold': 0.6122975625169359, 'training_days': 80, 'n_estimators': 303, 'max_depth': 3, 'num_leaves': 45, 'learning_rate': 0.04434357603129747, 'subsample': 0.8574360317672965, 'colsample_bytree': 0.9897127958863723, 'min_child_samples': 23, 'reg_alpha': 0.0017482274705964084, 'reg_lambda': 1.5447328191365746e-05}. Best is trial 5 with value: 0.1353889070661595.
[I 2026-06-01 23:24:56,033] Trial 15 finished with value: -6.10311208382098 and parameters: {'confidence_threshold': 0.7770525510281504, 'training_days': 320, 'n_estimators': 52, 'max_depth': 4, 'num_leaves': 29, 'learning_rate': 0.021096434733443532, 'subsample': 0.9177508663017475, 'colsample_bytree': 0.9029094679755382, 'min_child_samples': 85, 'reg_alpha': 1.1888257172908387e-08, 'reg_lambda': 0.10351163679178875}. Best is trial 5 with value: 0.1353889070661595.
[I 2026-06-01 23:24:56,174] Trial 16 finished with value: -0.004860418443462885 and parameters: {'confidence_threshold': 0.685496279428561, 'training_days': 380, 'n_estimators': 167, 'max_depth': 3, 'num_leaves': 41, 'learning_rate': 0.0742708334836405, 'subsample': 0.8207043423369644, 'colsample_bytree': 0.7977915389150697, 'min_child_samples': 50, 'reg_alpha': 0.7812511083114685, 'reg_lambda': 0.01236462690348474}. Best is trial 5 with value: 0.1353889070661595.
[I 2026-06-01 23:24:56,290] Trial 17 finished with value: -0.018766234046983306 and parameters: {'confidence_threshold': 0.6804068644236282, 'training_days': 410, 'n_estimators': 146, 'max_depth': 3, 'num_leaves': 16, 'learning_rate': 0.08403287155858051, 'subsample': 0.8021828435279091, 'colsample_bytree': 0.7952908891858086, 'min_child_samples': 51, 'reg_alpha': 0.000421628945103269, 'reg_lambda': 0.06246964668479559}. Best is trial 5 with value: 0.1353889070661595.
[I 2026-06-01 23:24:56,378] A new study created in memory with name: no-name-f1c7cf95-2fbd-4523-a527-f28d06ea2952
[I 2026-06-01 23:24:56,472] Trial 0 finished with value: -0.10421111061555444 and parameters: {'confidence_threshold': 0.7437642149592516, 'training_days': 150, 'n_estimators': 152, 'max_depth': 4, 'num_leaves': 50, 'learning_rate': 0.04216766425047743, 'subsample': 0.9903820991923078, 'colsample_bytree': 0.8424148692924316, 'min_child_samples': 58, 'reg_alpha': 3.381097259762742e-05, 'reg_lambda': 1.2263152961306247e-05}. Best is trial 0 with value: -0.10421111061555444.
[I 2026-06-01 23:24:56,541] Trial 1 finished with value: -2.1841368568231188 and parameters: {'confidence_threshold': 0.7551673975844145, 'training_days': 220, 'n_estimators': 76, 'max_depth': 4, 'num_leaves': 51, 'learning_rate': 0.018602118810743477, 'subsample': 0.5877258780737462, 'colsample_bytree': 0.7657756869209191, 'min_child_samples': 63, 'reg_alpha': 0.005123994170264194, 'reg_lambda': 0.44145470178120466}. Best is trial 0 with value: -0.10421111061555444.
[I 2026-06-01 23:24:56,778] Trial 2 finished with value: 0.0019117023048479426 and parameters: {'confidence_threshold': 0.7535593637012223, 'training_days': 310, 'n_estimators': 375, 'max_depth': 3, 'num_leaves': 32, 'learning_rate': 0.021735641882032388, 'subsample': 0.6468570231944146, 'colsample_bytree': 0.8154880619272439, 'min_child_samples': 27, 'reg_alpha': 8.004064028491336e-05, 'reg_lambda': 7.546835261630524e-05}. Best is trial 2 with value: 0.0019117023048479426.
[I 2026-06-01 23:24:56,932] Trial 3 finished with value: -0.003862037515876804 and parameters: {'confidence_threshold': 0.6727897841776072, 'training_days': 220, 'n_estimators': 190, 'max_depth': 4, 'num_leaves': 58, 'learning_rate': 0.24810689332636193, 'subsample': 0.7509183379421682, 'colsample_bytree': 0.8119764758960556, 'min_child_samples': 29, 'reg_alpha': 7.1708285081421445e-06, 'reg_lambda': 5.412973582738627e-05}. Best is trial 2 with value: 0.0019117023048479426.
[I 2026-06-01 23:24:57,039] Trial 4 finished with value: -0.016513656220008704 and parameters: {'confidence_threshold': 0.803208205259178, 'training_days': 130, 'n_estimators': 267, 'max_depth': 5, 'num_leaves': 40, 'learning_rate': 0.08041175317374143, 'subsample': 0.5603143329951619, 'colsample_bytree': 0.9131704002534167, 'min_child_samples': 68, 'reg_alpha': 0.0008046593428183385, 'reg_lambda': 1.2158346158765583e-05}. Best is trial 2 with value: 0.0019117023048479426.
[I 2026-06-01 23:24:57,256] Trial 5 finished with value: -0.02085944805885993 and parameters: {'confidence_threshold': 0.6064422761595144, 'training_days': 210, 'n_estimators': 357, 'max_depth': 5, 'num_leaves': 40, 'learning_rate': 0.0974221287220869, 'subsample': 0.7929682762811064, 'colsample_bytree': 0.8124517510478, 'min_child_samples': 74, 'reg_alpha': 0.3811377260781234, 'reg_lambda': 5.607314238392041e-08}. Best is trial 2 with value: 0.0019117023048479426.
[I 2026-06-01 23:24:57,366] Trial 6 finished with value: 0.00015876723069137565 and parameters: {'confidence_threshold': 0.7672889945051684, 'training_days': 130, 'n_estimators': 137, 'max_depth': 4, 'num_leaves': 19, 'learning_rate': 0.2031117614248665, 'subsample': 0.8136244860256343, 'colsample_bytree': 0.8617081790949774, 'min_child_samples': 21, 'reg_alpha': 0.002238138278733199, 'reg_lambda': 0.001025809534977322}. Best is trial 2 with value: 0.0019117023048479426.
[I 2026-06-01 23:24:57,439] Trial 7 finished with value: -0.07193982946125149 and parameters: {'confidence_threshold': 0.555635875450653, 'training_days': 80, 'n_estimators': 363, 'max_depth': 3, 'num_leaves': 48, 'learning_rate': 0.06590089024008658, 'subsample': 0.6944752870615722, 'colsample_bytree': 0.962566244806993, 'min_child_samples': 88, 'reg_alpha': 1.6465620446426067e-05, 'reg_lambda': 2.4678750890085655e-08}. Best is trial 2 with value: 0.0019117023048479426.
[I 2026-06-01 23:24:57,741] Trial 8 finished with value: -0.0020880138312728016 and parameters: {'confidence_threshold': 0.6066688256938841, 'training_days': 200, 'n_estimators': 367, 'max_depth': 5, 'num_leaves': 32, 'learning_rate': 0.13377519215934996, 'subsample': 0.7965884582811106, 'colsample_bytree': 0.8458508993500886, 'min_child_samples': 32, 'reg_alpha': 3.889436043816386e-05, 'reg_lambda': 1.4713062489380356e-06}. Best is trial 2 with value: 0.0019117023048479426.
