[I 2026-06-01 23:28:46,102] Trial 7 finished with value: -0.05567217975851908 and parameters: {'confidence_threshold': 0.555635875450653, 'training_days': 80, 'n_estimators': 363, 'max_depth': 3, 'num_leaves': 48, 'learning_rate': 0.06590089024008658, 'subsample': 0.6944752870615722, 'colsample_bytree': 0.962566244806993, 'min_child_samples': 88, 'reg_alpha': 1.6465620446426067e-05, 'reg_lambda': 2.4678750890085655e-08}. Best is trial 6 with value: -0.013698728245724646.

  [label] 2022-10-14 08:00 LTCUSDT entry=51.2100 → LONG | long=timeout(+0.43%) short=timeout(-0.63%) | scanned=22 | no_tp→fwd_return=+0.5272
  [label] 2022-10-25 00:00 LTCUSDT entry=52.6800 → LONG | long=tp(+6.16%) short=sl(-3.23%) | scanned=2 | long_tp_only
  [label] 2022-12-08 16:00 LTCUSDT entry=78.2200 → SHORT | long=sl(-6.25%) short=timeout(+7.33%) | scanned=22 | no_tp→fwd_return=-7.4278
  [label] 2022-12-17 00:00 LTCUSDT entry=64.9400 → LONG | long=timeout(+0.75%) short=timeout(-0.95%) | scanned=22 | no_tp→fwd_return=+0.8469
  [label] 2023-03-17 00:00 LTCUSDT entry=81.7600 → LONG | long=timeout(+16.25%) short=sl(-9.05%) | scanned=22 | no_tp→fwd_return=+16.3527
  [label] 2023-04-17 16:00 LTCUSDT entry=98.9000 → SHORT | long=sl(-4.51%) short=sl(-4.51%) | scanned=5 | no_tp→fwd_return=-4.7624
  [label] 2023-05-03 16:00 LTCUSDT entry=88.8400 → SHORT | long=sl(-4.69%) short=tp(+9.09%) | scanned=8 | short_tp_only
  [label] 2023-05-16 00:00 LTCUSDT entry=88.7100 → LONG | long=timeout(+3.51%) short=sl(-5.26%) | scanned=22 | no_tp→fwd_return=+3.6073
  [label] 2023-06-03 16:00 LTCUSDT entry=96.0200 → SHORT | long=sl(-4.26%) short=tp(+8.22%) | scanned=5 | short_tp_only
  [label] 2023-06-09 16:00 LTCUSDT entry=89.2600 → SHORT | long=sl(-4.75%) short=tp(+9.19%) | scanned=1 | short_tp_only
  [label] 2023-06-22 00:00 LTCUSDT entry=87.0000 → SHORT | long=sl(-5.27%) short=sl(-5.27%) | scanned=20 | no_tp→fwd_return=-4.6322
  [label] 2023-07-31 08:00 LTCUSDT entry=92.0700 → SHORT | long=sl(-4.26%) short=tp(+8.22%) | scanned=10 | short_tp_only
  [label] 2023-08-10 00:00 LTCUSDT entry=83.9000 → SHORT | long=sl(-3.80%) short=tp(+7.31%) | scanned=17 | short_tp_only
  [label] 2023-11-03 08:00 LTCUSDT entry=69.3400 → LONG | long=timeout(+3.69%) short=sl(-5.20%) | scanned=22 | no_tp→fwd_return=+3.7929
  Labels: 1062 long (49.3%), 1091 short (50.7%) | weights: min=1.00, mean=3.30, max=10.00
  Features: 2153/2153 matched, 49 columns
  CV gap: 22 rows
  [ensemble 1/3] seed=42
    [trial 0] 49 features, training_days=480 | threshold=0.631 | labels: 1062 long, 1091 short (49/51%)
    [CV fold 0] train_end=2022-03-27 08:00 | val_start=2022-04-06 00:00 | gap=232h (22 rows)
    [CV fold 1] train_end=2022-07-26 16:00 | val_start=2022-08-03 08:00 | gap=184h (22 rows)
    [CV fold 2] train_end=2022-11-23 00:00 | val_start=2022-11-30 16:00 | gap=184h (22 rows)
    [CV fold 3] train_end=2023-03-22 08:00 | val_start=2023-03-30 00:00 | gap=184h (22 rows)
    [CV fold 4] train_end=2023-07-19 16:00 | val_start=2023-07-27 08:00 | gap=184h (22 rows)
    [trial 0] Sharpe=-0.0526 (folds: -0.2692, 0.1542, -0.2183, 0.0710, -0.0004)
    [trial 1] 49 features, training_days=420 | threshold=0.839 | labels: 1062 long, 1091 short (49/51%)
    [trial 1] Sharpe=-3.9669 (folds: -0.4385, -10.0000, 0.4683, -10.0000, 0.1355)
    [trial 2] 49 features, training_days=190 | threshold=0.602 | labels: 1062 long, 1091 short (49/51%)
    [trial 2] Sharpe=-0.0293 (folds: -0.3361, -0.0369, -0.0015, 0.0565, 0.1716)
    [trial 3] 49 features, training_days=490 | threshold=0.832 | labels: 1062 long, 1091 short (49/51%)
    [trial 3] Sharpe=-0.0690 (folds: -0.3596, -0.0626, -0.0914, 0.1313, 0.0371)
    [trial 4] 49 features, training_days=340 | threshold=0.591 | labels: 1062 long, 1091 short (49/51%)
    [trial 4] Sharpe=-0.0497 (folds: -0.3103, 0.2477, -0.1332, 0.0143, -0.0668)
    [trial 5] 49 features, training_days=50 | threshold=0.823 | labels: 1062 long, 1091 short (49/51%)
    [trial 5] Sharpe=0.0222 (folds: -0.2591, 0.2098, 0.1170, 0.0626, -0.0192)
    [trial 6] 49 features, training_days=410 | threshold=0.549 | labels: 1062 long, 1091 short (49/51%)
    [trial 6] Sharpe=-0.0083 (folds: -0.1730, 0.2396, -0.1751, 0.1202, -0.0531)
    [trial 7] 49 features, training_days=180 | threshold=0.526 | labels: 1062 long, 1091 short (49/51%)
    [trial 7] Sharpe=0.0160 (folds: -0.1193, -0.0855, 0.0470, 0.0285, 0.2094)
    [trial 8] 49 features, training_days=240 | threshold=0.811 | labels: 1062 long, 1091 short (49/51%)
    [trial 8] Sharpe=-0.0314 (folds: -0.2359, 0.3435, -0.1614, -0.0287, -0.0745)
    [trial 9] 49 features, training_days=20 | threshold=0.538 | labels: 1062 long, 1091 short (49/51%)
    [trial 9] Sharpe=-0.0032 (folds: -0.2066, 0.0704, 0.1621, -0.0945, 0.0527)
    [trial 10] 49 features, training_days=10 | threshold=0.732 | labels: 1062 long, 1091 short (49/51%)
    [trial 10] Sharpe=0.0078 (folds: 0.0286, -0.2267, 0.1621, 0.0224, 0.0527)
    [trial 11] 49 features, training_days=130 | threshold=0.716 | labels: 1062 long, 1091 short (49/51%)
    [trial 11] Sharpe=-0.1053 (folds: -0.3178, -0.2464, 0.0354, -0.1453, 0.1478)
    [trial 12] 49 features, training_days=130 | threshold=0.770 | labels: 1062 long, 1091 short (49/51%)
    [trial 12] Sharpe=-10.0000 (folds: -10.0000, -10.0000, -10.0000, -10.0000, -10.0000)
    [trial 13] 49 features, training_days=100 | threshold=0.672 | labels: 1062 long, 1091 short (49/51%)
    [trial 13] Sharpe=-0.0205 (folds: -0.1498, -0.1267, 0.0059, -0.0105, 0.1785)
    [trial 14] 49 features, training_days=290 | threshold=0.669 | labels: 1062 long, 1091 short (49/51%)
    [trial 14] Sharpe=-0.1443 (folds: -0.3273, -0.2169, -0.1264, -0.0285, -0.0226)
    [trial 15] 49 features, training_days=190 | threshold=0.507 | labels: 1062 long, 1091 short (49/51%)
    [trial 15] Sharpe=-0.0368 (folds: -0.1648, -0.1120, -0.0889, 0.0385, 0.1430)
    [trial 16] 49 features, training_days=70 | threshold=0.783 | labels: 1062 long, 1091 short (49/51%)
    [trial 16] Sharpe=0.0015 (folds: -0.1662, -0.1461, 0.2799, 0.0160, 0.0240)
    [trial 17] 49 features, training_days=200 | threshold=0.730 | labels: 1062 long, 1091 short (49/51%)
    [trial 17] Sharpe=-3.9991 (folds: -10.0000, -10.0000, -0.2114, 0.0112, 0.2050)
  Optuna: 18 trials, best Sharpe = 0.0222
  Best params: n_estimators=138, max_depth=3, lr=0.0375, leaves=30
  Best confidence_threshold: 0.823
  Best training_days: 50
  Retrained on full data (150 samples, 49 features)
  [ensemble 2/3] seed=123
    [trial 0] 49 features, training_days=150 | threshold=0.744 | labels: 1062 long, 1091 short (49/51%)
    [CV fold 0] train_end=2022-03-27 08:00 | val_start=2022-04-06 00:00 | gap=232h (22 rows)
    [CV fold 1] train_end=2022-07-26 16:00 | val_start=2022-08-03 08:00 | gap=184h (22 rows)
    [CV fold 2] train_end=2022-11-23 00:00 | val_start=2022-11-30 16:00 | gap=184h (22 rows)
    [CV fold 3] train_end=2023-03-22 08:00 | val_start=2023-03-30 00:00 | gap=184h (22 rows)
    [CV fold 4] train_end=2023-07-19 16:00 | val_start=2023-07-27 08:00 | gap=184h (22 rows)
    [trial 0] Sharpe=-0.0412 (folds: -0.1993, -0.5993, 0.2750, 0.0451, 0.2727)
    [trial 1] 49 features, training_days=220 | threshold=0.755 | labels: 1062 long, 1091 short (49/51%)
    [trial 1] Sharpe=-4.8546 (folds: -4.3393, -10.0000, -0.0343, -10.0000, 0.1008)
    [trial 2] 49 features, training_days=310 | threshold=0.754 | labels: 1062 long, 1091 short (49/51%)
    [trial 2] Sharpe=-0.0586 (folds: -0.2979, 0.0815, -0.1388, 0.0962, -0.0343)
    [trial 3] 49 features, training_days=220 | threshold=0.673 | labels: 1062 long, 1091 short (49/51%)
    [trial 3] Sharpe=-0.1017 (folds: -0.2518, -0.1513, -0.0655, 0.0133, -0.0530)
    [trial 4] 49 features, training_days=130 | threshold=0.803 | labels: 1062 long, 1091 short (49/51%)
    [trial 4] Sharpe=-0.1211 (folds: -0.4340, -0.1864, 0.1137, -0.1910, 0.0920)
    [trial 5] 49 features, training_days=210 | threshold=0.606 | labels: 1062 long, 1091 short (49/51%)
    [trial 5] Sharpe=-0.0886 (folds: -0.3588, -0.0435, -0.0806, 0.0126, 0.0270)
    [trial 6] 49 features, training_days=130 | threshold=0.767 | labels: 1062 long, 1091 short (49/51%)
    [trial 6] Sharpe=-0.0137 (folds: -0.2380, -0.0565, 0.0875, -0.0142, 0.1527)
    [trial 7] 49 features, training_days=80 | threshold=0.556 | labels: 1062 long, 1091 short (49/51%)
    [trial 7] Sharpe=-0.0557 (folds: -0.2686, 0.0947, 0.0050, -0.0808, -0.0287)
    [trial 8] 49 features, training_days=200 | threshold=0.607 | labels: 1062 long, 1091 short (49/51%)
    [trial 8] Sharpe=-0.0540 (folds: -0.2491, -0.1068, -0.0172, -0.0459, 0.1491)[I 2026-06-01 23:28:46,454] Trial 8 finished with value: -0.053981517808111446 and parameters: {'confidence_threshold': 0.6066688256938841, 'training_days': 200, 'n_estimators': 367, 'max_depth': 5, 'num_leaves': 32, 'learning_rate': 0.13377519215934996, 'subsample': 0.7965884582811106, 'colsample_bytree': 0.8458508993500886, 'min_child_samples': 32, 'reg_alpha': 3.889436043816386e-05, 'reg_lambda': 1.4713062489380356e-06}. Best is trial 6 with value: -0.013698728245724646.
[I 2026-06-01 23:28:46,696] Trial 9 finished with value: -0.06876024725709327 and parameters: {'confidence_threshold': 0.6202096049169137, 'training_days': 260, 'n_estimators': 350, 'max_depth': 3, 'num_leaves': 21, 'learning_rate': 0.02989540198065364, 'subsample': 0.8307821683331218, 'colsample_bytree': 0.923253112635361, 'min_child_samples': 64, 'reg_alpha': 0.4898604619604203, 'reg_lambda': 2.9076377687066166e-05}. Best is trial 6 with value: -0.013698728245724646.
[I 2026-06-01 23:28:47,160] Trial 10 finished with value: -1.934214122608509 and parameters: {'confidence_threshold': 0.8445241688507242, 'training_days': 470, 'n_estimators': 493, 'max_depth': 4, 'num_leaves': 17, 'learning_rate': 0.010221918552934462, 'subsample': 0.925262810706551, 'colsample_bytree': 0.6202684210924141, 'min_child_samples': 46, 'reg_alpha': 2.3451009125120672e-08, 'reg_lambda': 0.08638692467458545}. Best is trial 6 with value: -0.013698728245724646.
[I 2026-06-01 23:28:47,190] Trial 11 finished with value: -0.003187123250038268 and parameters: {'confidence_threshold': 0.7263621239445149, 'training_days': 20, 'n_estimators': 99, 'max_depth': 4, 'num_leaves': 61, 'learning_rate': 0.27998203834948215, 'subsample': 0.9953713681058338, 'colsample_bytree': 0.6612241103206169, 'min_child_samples': 48, 'reg_alpha': 2.9911612532409865e-07, 'reg_lambda': 0.007364523359426745}. Best is trial 11 with value: -0.003187123250038268.
[I 2026-06-01 23:28:47,216] Trial 12 finished with value: 0.007835276772328486 and parameters: {'confidence_threshold': 0.7060202967382367, 'training_days': 10, 'n_estimators': 51, 'max_depth': 4, 'num_leaves': 63, 'learning_rate': 0.26760572879289507, 'subsample': 0.8941395335595879, 'colsample_bytree': 0.6669454130036883, 'min_child_samples': 41, 'reg_alpha': 1.0656356754686352e-07, 'reg_lambda': 0.005679543748398636}. Best is trial 12 with value: 0.007835276772328486.
[I 2026-06-01 23:28:47,241] Trial 13 finished with value: 0.007835276772328486 and parameters: {'confidence_threshold': 0.693203320193928, 'training_days': 10, 'n_estimators': 53, 'max_depth': 4, 'num_leaves': 63, 'learning_rate': 0.16625201914586182, 'subsample': 0.9064549405843502, 'colsample_bytree': 0.6357563568573675, 'min_child_samples': 45, 'reg_alpha': 2.8663280909054324e-08, 'reg_lambda': 0.007333862701978235}. Best is trial 12 with value: 0.007835276772328486.
[I 2026-06-01 23:28:47,271] Trial 14 finished with value: -0.003187123250038268 and parameters: {'confidence_threshold': 0.6778004755487779, 'training_days': 20, 'n_estimators': 60, 'max_depth': 3, 'num_leaves': 61, 'learning_rate': 0.15339919111773156, 'subsample': 0.8911654400426522, 'colsample_bytree': 0.5053776772160772, 'min_child_samples': 42, 'reg_alpha': 1.0008604704171512e-08, 'reg_lambda': 0.009679662510817085}. Best is trial 12 with value: 0.007835276772328486.
[I 2026-06-01 23:28:47,298] Trial 15 finished with value: 0.007835276772328486 and parameters: {'confidence_threshold': 0.6819245180243974, 'training_days': 10, 'n_estimators': 215, 'max_depth': 4, 'num_leaves': 56, 'learning_rate': 0.12590433810309265, 'subsample': 0.8966418548807951, 'colsample_bytree': 0.651182444908527, 'min_child_samples': 40, 'reg_alpha': 5.011892081220446e-07, 'reg_lambda': 4.03582721408102}. Best is trial 12 with value: 0.007835276772328486.
[I 2026-06-01 23:28:47,375] Trial 16 finished with value: -0.13755022421612514 and parameters: {'confidence_threshold': 0.7025720335217482, 'training_days': 350, 'n_estimators': 50, 'max_depth': 5, 'num_leaves': 63, 'learning_rate': 0.19958179779187127, 'subsample': 0.9315395852387162, 'colsample_bytree': 0.5688083706882955, 'min_child_samples': 53, 'reg_alpha': 4.0740032933742795e-07, 'reg_lambda': 0.0019821772168074165}. Best is trial 12 with value: 0.007835276772328486.
[I 2026-06-01 23:28:47,424] Trial 17 finished with value: -0.030808644784928736 and parameters: {'confidence_threshold': 0.5004748807695347, 'training_days': 70, 'n_estimators': 136, 'max_depth': 4, 'num_leaves': 55, 'learning_rate': 0.1687206945340287, 'subsample': 0.8558864958283828, 'colsample_bytree': 0.7084014884653648, 'min_child_samples': 82, 'reg_alpha': 7.65503211424392e-08, 'reg_lambda': 0.1087471288434227}. Best is trial 12 with value: 0.007835276772328486.
[I 2026-06-01 23:28:47,675] A new study created in memory with name: no-name-cb2d96c3-e895-40ef-85dd-dd734991116a
[I 2026-06-01 23:28:47,884] Trial 0 finished with value: -0.08251676021683481 and parameters: {'confidence_threshold': 0.5870645682749857, 'training_days': 90, 'n_estimators': 403, 'max_depth': 5, 'num_leaves': 45, 'learning_rate': 0.0780457193679974, 'subsample': 0.9428509515574568, 'colsample_bytree': 0.8795587339164916, 'min_child_samples': 34, 'reg_alpha': 2.2465901234314442e-07, 'reg_lambda': 8.339007036475363e-05}. Best is trial 0 with value: -0.08251676021683481.
[I 2026-06-01 23:28:47,995] Trial 1 finished with value: -0.04447860191824649 and parameters: {'confidence_threshold': 0.6348453934275313, 'training_days': 290, 'n_estimators': 115, 'max_depth': 5, 'num_leaves': 37, 'learning_rate': 0.06949568759029946, 'subsample': 0.8228505074024268, 'colsample_bytree': 0.8616703220431751, 'min_child_samples': 75, 'reg_alpha': 4.2486822725010923e-07, 'reg_lambda': 1.157247767047042e-07}. Best is trial 1 with value: -0.04447860191824649.
[I 2026-06-01 23:28:48,018] Trial 2 finished with value: 0.007835276772328486 and parameters: {'confidence_threshold': 0.5849570384370288, 'training_days': 10, 'n_estimators': 212, 'max_depth': 3, 'num_leaves': 41, 'learning_rate': 0.18452095998378365, 'subsample': 0.6001060822924371, 'colsample_bytree': 0.5673167293506167, 'min_child_samples': 37, 'reg_alpha': 5.733250064217131, 'reg_lambda': 0.5308454292595461}. Best is trial 2 with value: 0.007835276772328486.
[I 2026-06-01 23:28:48,099] Trial 3 finished with value: -0.08285999480206997 and parameters: {'confidence_threshold': 0.6868248626683718, 'training_days': 220, 'n_estimators': 134, 'max_depth': 3, 'num_leaves': 45, 'learning_rate': 0.033529007907491595, 'subsample': 0.8647277071858408, 'colsample_bytree': 0.778494116634046, 'min_child_samples': 96, 'reg_alpha': 2.409409937265785e-07, 'reg_lambda': 1.1642073478060009}. Best is trial 2 with value: 0.007835276772328486.
[I 2026-06-01 23:28:48,178] Trial 4 finished with value: -0.09273514864459295 and parameters: {'confidence_threshold': 0.5623121348350352, 'training_days': 300, 'n_estimators': 69, 'max_depth': 4, 'num_leaves': 32, 'learning_rate': 0.14967629360700346, 'subsample': 0.5054535233636654, 'colsample_bytree': 0.7401385194659216, 'min_child_samples': 27, 'reg_alpha': 1.4212042567426725e-07, 'reg_lambda': 0.23605753701352003}. Best is trial 2 with value: 0.007835276772328486.
[I 2026-06-01 23:28:48,626] Trial 5 finished with value: -0.11341066776983193 and parameters: {'confidence_threshold': 0.7111850244908446, 'training_days': 490, 'n_estimators': 362, 'max_depth': 5, 'num_leaves': 40, 'learning_rate': 0.05960785724162737, 'subsample': 0.5589714368907717, 'colsample_bytree': 0.6659006943232806, 'min_child_samples': 42, 'reg_alpha': 0.6741360303045295, 'reg_lambda': 6.054601607143087e-08}. Best is trial 2 with value: 0.007835276772328486.
[I 2026-06-01 23:28:48,837] Trial 6 finished with value: -0.1247916987271613 and parameters: {'confidence_threshold': 0.667482545748023, 'training_days': 420, 'n_estimators': 279, 'max_depth': 3, 'num_leaves': 45, 'learning_rate': 0.040099592560849204, 'subsample': 0.8563114696415159, 'colsample_bytree': 0.5442917781944105, 'min_child_samples': 50, 'reg_alpha': 1.6407916423707903e-08, 'reg_lambda': 2.935907642973286e-05}. Best is trial 2 with value: 0.007835276772328486.
[I 2026-06-01 23:28:49,089] Trial 7 finished with value: -0.09290762388707756 and parameters: {'confidence_threshold': 0.5497381024139926, 'training_days': 120, 'n_estimators': 408, 'max_depth': 5, 'num_leaves': 38, 'learning_rate': 0.28049122657745795, 'subsample': 0.8806573338635493, 'colsample_bytree': 0.5454054113547102, 'min_child_samples': 63, 'reg_alpha': 0.01263008637940408, 'reg_lambda': 0.04588020805366937}. Best is trial 2 with value: 0.007835276772328486.
[I 2026-06-01 23:28:49,415] Trial 8 finished with value: -0.033562230380767256 and parameters: {'confidence_threshold': 0.719644804808716, 'training_days': 450, 'n_estimators': 410, 'max_depth': 4, 'num_leaves': 57, 'learning_rate': 0.04022026551478857, 'subsample': 0.5336085426932707, 'colsample_bytree': 0.5705742850577543, 'min_child_samples': 100, 'reg_alpha': 5.916398047912201e-07, 'reg_lambda': 0.9794034214488329}. Best is trial 2 with value: 0.007835276772328486.
[I 2026-06-01 23:28:49,445] Trial 9 finished with value: -0.003187123250038268 and parameters: {'confidence_threshold': 0.7267463643917187, 'training_days': 20, 'n_estimators': 337, 'max_depth': 5, 'num_leaves': 23, 'learning_rate': 0.022153031811454605, 'subsample': 0.6305627572358737, 'colsample_bytree': 0.6613413774216214, 'min_child_samples': 81, 'reg_alpha': 5.7638634029410314e-08, 'reg_lambda': 8.26603016764008}. Best is trial 2 with value: 0.007835276772328486.
[I 2026-06-01 23:28:49,478] Trial 10 finished with value: 0.007835276772328486 and parameters: {'confidence_threshold': 0.8398533911817929, 'training_days': 10, 'n_estimators': 228, 'max_depth': 3, 'num_leaves': 15, 'learning_rate': 0.2789359567293539, 'subsample': 0.6821883053833926, 'colsample_bytree': 0.9944479338273263, 'min_child_samples': 23, 'reg_alpha': 2.903134294418681, 'reg_lambda': 0.0032849428938367974}. Best is trial 2 with value: 0.007835276772328486.
[I 2026-06-01 23:28:49,509] Trial 11 finished with value: 0.007835276772328486 and parameters: {'confidence_threshold': 0.8491135887906174, 'training_days': 10, 'n_estimators': 209, 'max_depth': 3, 'num_leaves': 15, 'learning_rate': 0.27815973382833, 'subsample': 0.6879062534938418, 'colsample_bytree': 0.9628722124262472, 'min_child_samples': 20, 'reg_alpha': 9.461112950663296, 'reg_lambda': 0.004788595467491423}. Best is trial 2 with value: 0.007835276772328486.
[I 2026-06-01 23:28:49,674] Trial 12 finished with value: -0.05739704089077023 and parameters: {'confidence_threshold': 0.83900033179092, 'training_days': 140, 'n_estimators': 219, 'max_depth': 4, 'num_leaves': 57, 'learning_rate': 0.14143539714508013, 'subsample': 0.7066421539868052, 'colsample_bytree': 0.9826583982594713, 'min_child_samples': 38, 'reg_alpha': 0.02694721219722944, 'reg_lambda': 0.002586791714474608}. Best is trial 2 with value: 0.007835276772328486.
[I 2026-06-01 23:28:49,834] Trial 13 finished with value: -0.08376267083859429 and parameters: {'confidence_threshold': 0.5040535938350955, 'training_days': 200, 'n_estimators': 219, 'max_depth': 3, 'num_leaves': 27, 'learning_rate': 0.15892994284987041, 'subsample': 0.6231621855799615, 'colsample_bytree': 0.6451068859491428, 'min_child_samples': 54, 'reg_alpha': 0.0001325242033987599, 'reg_lambda': 5.312802003286294e-06}. Best is trial 2 with value: 0.007835276772328486.
[I 2026-06-01 23:28:49,981] Trial 14 finished with value: -0.05162048049479232 and parameters: {'confidence_threshold': 0.7723320301796328, 'training_days': 70, 'n_estimators': 500, 'max_depth': 3, 'num_leaves': 17, 'learning_rate': 0.10885680991659169, 'subsample': 0.7851487748866213, 'colsample_bytree': 0.7921009662363301, 'min_child_samples': 22, 'reg_alpha': 8.082904417668777, 'reg_lambda': 0.00974234545252979}. Best is trial 2 with value: 0.007835276772328486.
[I 2026-06-01 23:28:50,100] Trial 15 finished with value: -2.0599844881701888 and parameters: {'confidence_threshold': 0.7829525506318393, 'training_days': 160, 'n_estimators': 168, 'max_depth': 3, 'num_leaves': 51, 'learning_rate': 0.010017412216024365, 'subsample': 0.6120390612600266, 'colsample_bytree': 0.502925720040233, 'min_child_samples': 34, 'reg_alpha': 0.13059613104316006, 'reg_lambda': 0.0006156141946978409}. Best is trial 2 with value: 0.007835276772328486.
[I 2026-06-01 23:28:50,401] Trial 16 finished with value: -0.10546229370940907 and parameters: {'confidence_threshold': 0.6219694252722007, 'training_days': 360, 'n_estimators': 277, 'max_depth': 4, 'num_leaves': 30, 'learning_rate': 0.22801137105963568, 'subsample': 0.6982537545716929, 'colsample_bytree': 0.9182910580304163, 'min_child_samples': 48, 'reg_alpha': 0.0002638845618184788, 'reg_lambda': 0.09115701068245131}. Best is trial 2 with value: 0.007835276772328486.
