[I 2026-06-01 23:24:35,796] Trial 17 finished with value: 0.048633876875140085 and parameters: {'confidence_threshold': 0.5001862433587284, 'training_days': 150, 'n_estimators': 234, 'max_depth': 4, 'num_leaves': 16, 'learning_rate': 0.2934183858825075, 'subsample': 0.9272655966967175, 'colsample_bytree': 0.9149170497194157, 'min_child_samples': 22, 'reg_alpha': 7.694505833216964, 'reg_lambda': 0.0031371580992575424}. Best is trial 13 with value: 0.09605547555400493.

    [CV fold 0] train_end=2020-06-22 08:00 | val_start=2020-06-30 00:00 | gap=184h (22 rows)
    [CV fold 1] train_end=2020-10-20 16:00 | val_start=2020-10-28 08:00 | gap=184h (22 rows)
    [CV fold 2] train_end=2021-02-18 00:00 | val_start=2021-02-25 16:00 | gap=184h (22 rows)
    [CV fold 3] train_end=2021-06-18 08:00 | val_start=2021-06-26 00:00 | gap=184h (22 rows)
    [CV fold 4] train_end=2021-10-16 16:00 | val_start=2021-10-24 08:00 | gap=184h (22 rows)
    [trial 0] Sharpe=0.0294 (folds: 0.1060, -0.0691, 0.0247, 0.1912, -0.1060)
    [trial 1] 49 features, training_days=290 | threshold=0.635 | labels: 1157 long, 1011 short (53/47%)
    [trial 1] Sharpe=0.0709 (folds: 0.0717, -0.1041, -0.0495, 0.3481, 0.0882)
    [trial 2] 49 features, training_days=10 | threshold=0.585 | labels: 1157 long, 1011 short (53/47%)
    [trial 2] Sharpe=-0.0656 (folds: -0.0799, -0.2726, -0.0095, -0.2099, 0.2440)
    [trial 3] 49 features, training_days=220 | threshold=0.687 | labels: 1157 long, 1011 short (53/47%)
    [trial 3] Sharpe=0.0265 (folds: 0.0576, 0.0309, -0.2733, 0.2929, 0.0243)
    [trial 4] 49 features, training_days=300 | threshold=0.562 | labels: 1157 long, 1011 short (53/47%)
    [trial 4] Sharpe=0.0225 (folds: 0.0975, -0.0759, -0.1205, 0.2613, -0.0498)
    [trial 5] 49 features, training_days=490 | threshold=0.711 | labels: 1157 long, 1011 short (53/47%)
    [trial 5] Sharpe=0.0653 (folds: 0.1734, -0.0494, 0.0085, 0.3079, -0.1138)
    [trial 6] 49 features, training_days=420 | threshold=0.667 | labels: 1157 long, 1011 short (53/47%)
    [trial 6] Sharpe=0.0036 (folds: 0.1496, -0.1311, -0.1115, 0.2591, -0.1480)
    [trial 7] 49 features, training_days=120 | threshold=0.550 | labels: 1157 long, 1011 short (53/47%)
    [trial 7] Sharpe=0.0269 (folds: 0.1483, -0.1307, 0.0020, 0.1199, -0.0049)
    [trial 8] 49 features, training_days=450 | threshold=0.720 | labels: 1157 long, 1011 short (53/47%)
    [trial 8] Sharpe=0.0129 (folds: 0.1011, -0.1360, -0.0964, 0.2605, -0.0646)
    [trial 9] 49 features, training_days=20 | threshold=0.727 | labels: 1157 long, 1011 short (53/47%)
    [trial 9] Sharpe=-2.1000 (folds: -0.0799, -10.0000, 0.0302, -0.2099, -0.2404)
    [trial 10] 49 features, training_days=320 | threshold=0.840 | labels: 1157 long, 1011 short (53/47%)
    [trial 10] Sharpe=-0.0320 (folds: 0.3235, -0.1708, -0.1677, 0.2204, -0.3654)
    [trial 11] 49 features, training_days=490 | threshold=0.792 | labels: 1157 long, 1011 short (53/47%)
    [trial 11] Sharpe=0.0522 (folds: 0.1705, -0.0554, -0.0110, 0.2796, -0.1227)
    [trial 12] 49 features, training_days=380 | threshold=0.641 | labels: 1157 long, 1011 short (53/47%)
    [trial 12] Sharpe=-0.0128 (folds: 0.0876, -0.1312, -0.1472, 0.2333, -0.1063)
    [trial 13] 49 features, training_days=210 | threshold=0.504 | labels: 1157 long, 1011 short (53/47%)
    [trial 13] Sharpe=0.0961 (folds: 0.0731, -0.0065, 0.0587, 0.3001, 0.0549)
    [trial 14] 49 features, training_days=210 | threshold=0.509 | labels: 1157 long, 1011 short (53/47%)
    [trial 14] Sharpe=0.0819 (folds: 0.0884, -0.0159, 0.0093, 0.2901, 0.0377)
    [trial 15] 49 features, training_days=200 | threshold=0.507 | labels: 1157 long, 1011 short (53/47%)
    [trial 15] Sharpe=0.0838 (folds: 0.1099, -0.0017, -0.0277, 0.2791, 0.0591)
    [trial 16] 49 features, training_days=170 | threshold=0.503 | labels: 1157 long, 1011 short (53/47%)
    [trial 16] Sharpe=0.0844 (folds: 0.0771, 0.0005, 0.0393, 0.1513, 0.1539)
    [trial 17] 49 features, training_days=150 | threshold=0.500 | labels: 1157 long, 1011 short (53/47%)
    [trial 17] Sharpe=0.0486 (folds: 0.1242, -0.0443, -0.0035, 0.1735, -0.0067)
  Optuna: 18 trials, best Sharpe = 0.0961
  Best params: n_estimators=298, max_depth=5, lr=0.1184, leaves=32
  Best confidence_threshold: 0.504
  Best training_days: 210
  Retrained on full data (630 samples, 49 features)
  OOD: 16 features, cutoff (q=0.7) = 14.01
  Model trained for 2022-03: 93 test candles with features, confidence_threshold=0.633
[trade:close] 2022-03-04 16:00 LTCUSDT SHORT → timeout @ 104.80 | PnL=+1.61% (net +1.51%) | cum=+26.79% 2022-03=+1.51% 2022-03-04=+1.51%
[predict] 2022-03-05 08:00 LTCUSDT → SHORT (proba=0.99 TP=15.9%/SL=7.9%)
[trade:open] 2022-03-05 15:59 LTCUSDT SHORT @ 103.37 | SL=111.57 TP=86.96 | timeout=2022-03-12 15:59
[trade:close] 2022-03-12 16:00 LTCUSDT SHORT → timeout @ 105.32 | PnL=-1.89% (net -1.99%) | cum=+24.80% 2022-03=-0.47% 2022-03-12=-1.99%
[predict] 2022-03-15 00:00 LTCUSDT → LONG (proba=0.68 TP=12.4%/SL=6.2%)
[trade:open] 2022-03-15 07:59 LTCUSDT LONG @ 103.28 | SL=96.86 TP=116.12 | timeout=2022-03-22 07:59
[trade:close] 2022-03-19 23:59 LTCUSDT LONG → take_profit @ 116.12 | PnL=+12.43% (net +12.33%) | cum=+37.13% 2022-03=+11.86% 2022-03-19=+12.33%
[predict] 2022-03-20 16:00 LTCUSDT → LONG (proba=0.89 TP=10.5%/SL=5.2%)
[trade:open] 2022-03-20 23:59 LTCUSDT LONG @ 114.78 | SL=108.78 TP=126.79 | timeout=2022-03-27 23:59
[trade:close] 2022-03-24 23:59 LTCUSDT LONG → take_profit @ 126.79 | PnL=+10.46% (net +10.36%) | cum=+47.49% 2022-03=+22.22% 2022-03-24=+10.36%
[predict] 2022-03-25 16:00 LTCUSDT → LONG (proba=0.88 TP=10.3%/SL=5.2%)
[trade:open] 2022-03-25 23:59 LTCUSDT LONG @ 123.85 | SL=117.46 TP=136.64 | timeout=2022-04-01 23:59
[trade:close] 2022-04-03 00:00 LTCUSDT LONG → timeout @ 124.83 | PnL=+0.79% (net +0.69%) | cum=+48.18% 2022-04=+0.69% 2022-04-03=+0.69%
[lgbm] === Training for 2022-04 ===
  Train window: 2020-04-01 → 2022-03-24
  2159 training samples from 1 symbols
  Samples per month: 2020-04: 90, 2020-05: 93, 2020-06: 90, 2020-07: 93, 2020-08: 93, 2020-09: 90, 2020-10: 93, 2020-11: 90, 2020-12: 93, 2021-01: 93, 2021-02: 84, 2021-03: 93, 2021-04: 90, 2021-05: 93, 2021-06: 90, 2021-07: 93, 2021-08: 93, 2021-09: 90, 2021-10: 93, 2021-11: 90, 2021-12: 93, 2022-01: 93, 2022-02: 75, 2022-03: 71
  [label] 2020-06-01 08:00 LTCUSDT entry=46.8900 → SHORT | long=sl(-5.16%) short=sl(-5.16%) | scanned=3 | no_tp→fwd_return=-2.4952
  [label] 2020-06-03 08:00 LTCUSDT entry=46.9200 → SHORT | long=timeout(-1.61%) short=timeout(+1.41%) | scanned=22 | no_tp→fwd_return=-1.5132
  [label] 2020-06-07 08:00 LTCUSDT entry=45.8300 → SHORT | long=sl(-4.87%) short=timeout(+3.04%) | scanned=22 | no_tp→fwd_return=-3.1420
  [label] 2020-07-02 00:00 LTCUSDT entry=41.5600 → LONG | long=tp(+7.34%) short=sl(-3.82%) | scanned=18 | long_tp_only
  [label] 2020-08-23 00:00 LTCUSDT entry=59.2600 → SHORT | long=sl(-7.92%) short=timeout(+1.45%) | scanned=22 | no_tp→fwd_return=-1.5525
  [label] 2021-02-04 08:00 LTCUSDT entry=144.0800 → LONG | long=tp(+20.36%) short=sl(-10.33%) | scanned=14 | long_tp_only
  [label] 2021-02-08 08:00 LTCUSDT entry=164.6100 → LONG | long=tp(+18.28%) short=sl(-9.29%) | scanned=5 | long_tp_only
  [label] 2021-02-19 00:00 LTCUSDT entry=232.6600 → SHORT | long=sl(-10.80%) short=tp(+21.29%) | scanned=10 | short_tp_only
  [label] 2021-04-04 16:00 LTCUSDT entry=202.6600 → LONG | long=tp(+14.39%) short=sl(-7.35%) | scanned=5 | long_tp_only
  [label] 2021-04-13 00:00 LTCUSDT entry=262.3600 → LONG | long=tp(+17.15%) short=sl(-8.72%) | scanned=11 | long_tp_only
  [label] 2021-07-12 08:00 LTCUSDT entry=138.3200 → SHORT | long=sl(-6.02%) short=tp(+11.74%) | scanned=10 | short_tp_only
  [label] 2021-08-13 00:00 LTCUSDT entry=176.8600 → SHORT | long=timeout(-0.90%) short=timeout(+0.70%) | scanned=22 | no_tp→fwd_return=-0.7972
  [label] 2021-08-29 00:00 LTCUSDT entry=179.2000 → LONG | long=sl(-6.36%) short=sl(-6.36%) | scanned=16 | no_tp→fwd_return=+15.4353
  [label] 2021-09-10 16:00 LTCUSDT entry=174.1600 → LONG | long=tp(+24.21%) short=sl(-12.25%) | scanned=8 | long_tp_only
  [label] 2021-09-29 00:00 LTCUSDT entry=145.8600 → LONG | long=tp(+16.49%) short=sl(-8.39%) | scanned=10 | long_tp_only
  [label] 2021-10-05 08:00 LTCUSDT entry=168.4100 → LONG | long=timeout(+1.92%) short=sl(-6.53%) | scanned=22 | no_tp→fwd_return=+2.0189
  [label] 2021-10-17 08:00 LTCUSDT entry=183.7500 → LONG | long=tp(+12.83%) short=sl(-6.56%) | scanned=10 | long_tp_only
  [label] 2021-11-26 00:00 LTCUSDT entry=211.6000 → SHORT | long=sl(-9.39%) short=timeout(+3.74%) | scanned=22 | no_tp→fwd_return=-3.8422[I 2026-06-01 23:24:36,188] A new study created in memory with name: no-name-d1a71c8b-529e-49e7-80d5-25cd36e02f64
[I 2026-06-01 23:24:36,528] Trial 0 finished with value: 0.058479286702270226 and parameters: {'confidence_threshold': 0.6310890415965769, 'training_days': 480, 'n_estimators': 380, 'max_depth': 4, 'num_leaves': 22, 'learning_rate': 0.01699897838270077, 'subsample': 0.5290418060840998, 'colsample_bytree': 0.9330880728874675, 'min_child_samples': 68, 'reg_alpha': 0.023585940584142682, 'reg_lambda': 1.5320059381854043e-08}. Best is trial 0 with value: 0.058479286702270226.
[I 2026-06-01 23:24:36,643] Trial 1 finished with value: 0.1557987266589189 and parameters: {'confidence_threshold': 0.839468448256698, 'training_days': 420, 'n_estimators': 145, 'max_depth': 3, 'num_leaves': 23, 'learning_rate': 0.028145092716060652, 'subsample': 0.762378215816119, 'colsample_bytree': 0.7159725093210578, 'min_child_samples': 43, 'reg_alpha': 0.0032112643094417484, 'reg_lambda': 1.8007140198129195e-07}. Best is trial 1 with value: 0.1557987266589189.
[I 2026-06-01 23:24:36,798] Trial 2 finished with value: 0.073342025954708 and parameters: {'confidence_threshold': 0.6022506269873263, 'training_days': 190, 'n_estimators': 255, 'max_depth': 5, 'num_leaves': 24, 'learning_rate': 0.05748924681991978, 'subsample': 0.7962072844310213, 'colsample_bytree': 0.5232252063599989, 'min_child_samples': 69, 'reg_alpha': 3.425445902633376e-07, 'reg_lambda': 3.850031979199519e-08}. Best is trial 1 with value: 0.1557987266589189.
[I 2026-06-01 23:24:37,037] Trial 3 finished with value: 0.049463003311977616 and parameters: {'confidence_threshold': 0.8321099380386666, 'training_days': 490, 'n_estimators': 414, 'max_depth': 3, 'num_leaves': 19, 'learning_rate': 0.1024932221692416, 'subsample': 0.7200762468698007, 'colsample_bytree': 0.5610191174223894, 'min_child_samples': 60, 'reg_alpha': 2.039373116525212e-08, 'reg_lambda': 1.527156759251193}. Best is trial 1 with value: 0.1557987266589189.
[I 2026-06-01 23:24:37,182] Trial 4 finished with value: 0.06523410493532308 and parameters: {'confidence_threshold': 0.5905729935600059, 'training_days': 340, 'n_estimators': 190, 'max_depth': 4, 'num_leaves': 41, 'learning_rate': 0.01875220945578641, 'subsample': 0.9847923138822793, 'colsample_bytree': 0.8875664116805573, 'min_child_samples': 96, 'reg_alpha': 1.1309571585271483, 'reg_lambda': 0.002404915432737351}. Best is trial 1 with value: 0.1557987266589189.
[I 2026-06-01 23:24:37,227] Trial 5 finished with value: 0.05076228960147076 and parameters: {'confidence_threshold': 0.8226559822580909, 'training_days': 50, 'n_estimators': 138, 'max_depth': 3, 'num_leaves': 30, 'learning_rate': 0.03750796359625606, 'subsample': 0.6356745158869479, 'colsample_bytree': 0.9143687545759647, 'min_child_samples': 48, 'reg_alpha': 3.376063348877853e-06, 'reg_lambda': 0.0007660634613082914}. Best is trial 1 with value: 0.1557987266589189.
[I 2026-06-01 23:24:37,325] Trial 6 finished with value: -0.024095258539165554 and parameters: {'confidence_threshold': 0.5493234787411669, 'training_days': 410, 'n_estimators': 83, 'max_depth': 5, 'num_leaves': 52, 'learning_rate': 0.019657448966046126, 'subsample': 0.5027610585618012, 'colsample_bytree': 0.9077307142274171, 'min_child_samples': 77, 'reg_alpha': 0.03639690979811287, 'reg_lambda': 0.08738424135626986}. Best is trial 1 with value: 0.1557987266589189.
[I 2026-06-01 23:24:37,413] Trial 7 finished with value: 0.036794717945019616 and parameters: {'confidence_threshold': 0.5259156281069316, 'training_days': 180, 'n_estimators': 102, 'max_depth': 5, 'num_leaves': 45, 'learning_rate': 0.030816017044468066, 'subsample': 0.5317791751430119, 'colsample_bytree': 0.6554911608578311, 'min_child_samples': 46, 'reg_alpha': 0.036851536911881845, 'reg_lambda': 0.005470376807480391}. Best is trial 1 with value: 0.1557987266589189.
[I 2026-06-01 23:24:37,507] Trial 8 finished with value: 0.10928909884205136 and parameters: {'confidence_threshold': 0.8105244599017143, 'training_days': 240, 'n_estimators': 103, 'max_depth': 5, 'num_leaves': 52, 'learning_rate': 0.06746437142284309, 'subsample': 0.8854835899772805, 'colsample_bytree': 0.7468977981821954, 'min_child_samples': 62, 'reg_alpha': 7.04480806377519e-05, 'reg_lambda': 1.6934490731313353e-08}. Best is trial 1 with value: 0.1557987266589189.
[I 2026-06-01 23:24:37,534] Trial 9 finished with value: -1.9804346054730781 and parameters: {'confidence_threshold': 0.5377619994476566, 'training_days': 20, 'n_estimators': 337, 'max_depth': 3, 'num_leaves': 39, 'learning_rate': 0.21907142272152816, 'subsample': 0.6246461145744375, 'colsample_bytree': 0.7051914615178149, 'min_child_samples': 81, 'reg_alpha': 1.1459970229341322e-06, 'reg_lambda': 4.929685216887945e-08}. Best is trial 1 with value: 0.1557987266589189.
[I 2026-06-01 23:24:38,020] Trial 10 finished with value: 0.08532282534009142 and parameters: {'confidence_threshold': 0.7286853308578232, 'training_days': 350, 'n_estimators': 487, 'max_depth': 4, 'num_leaves': 31, 'learning_rate': 0.011407797829608154, 'subsample': 0.8271882613853766, 'colsample_bytree': 0.8120417635861826, 'min_child_samples': 24, 'reg_alpha': 0.0005486918362336714, 'reg_lambda': 3.3639426888455256e-06}. Best is trial 1 with value: 0.1557987266589189.
[I 2026-06-01 23:24:38,201] Trial 11 finished with value: 0.0742054018122573 and parameters: {'confidence_threshold': 0.7440045644190331, 'training_days': 250, 'n_estimators': 206, 'max_depth': 4, 'num_leaves': 60, 'learning_rate': 0.08142580753149657, 'subsample': 0.9221526936614691, 'colsample_bytree': 0.7745443264032007, 'min_child_samples': 31, 'reg_alpha': 8.237157319612896e-05, 'reg_lambda': 7.868729181011707e-06}. Best is trial 1 with value: 0.1557987266589189.
[I 2026-06-01 23:24:38,270] Trial 12 finished with value: 0.1296592931405416 and parameters: {'confidence_threshold': 0.7724411876090038, 'training_days': 270, 'n_estimators': 59, 'max_depth': 3, 'num_leaves': 58, 'learning_rate': 0.1489685720346384, 'subsample': 0.8426110070012842, 'colsample_bytree': 0.6490082429333545, 'min_child_samples': 41, 'reg_alpha': 0.00034577150531565687, 'reg_lambda': 1.953219513655572e-06}. Best is trial 1 with value: 0.1557987266589189.
[I 2026-06-01 23:24:38,345] Trial 13 finished with value: 0.02863692992970997 and parameters: {'confidence_threshold': 0.7534862842267306, 'training_days': 350, 'n_estimators': 58, 'max_depth': 3, 'num_leaves': 62, 'learning_rate': 0.289221842694089, 'subsample': 0.708015733458699, 'colsample_bytree': 0.6451507415294911, 'min_child_samples': 40, 'reg_alpha': 0.0013837304418747858, 'reg_lambda': 4.448098583586063e-06}. Best is trial 1 with value: 0.1557987266589189.
[I 2026-06-01 23:24:38,427] Trial 14 finished with value: -0.0736496831915496 and parameters: {'confidence_threshold': 0.689769751463316, 'training_days': 110, 'n_estimators': 202, 'max_depth': 3, 'num_leaves': 15, 'learning_rate': 0.14245863607446319, 'subsample': 0.7935345624536879, 'colsample_bytree': 0.6069836871182362, 'min_child_samples': 38, 'reg_alpha': 6.243069797304175, 'reg_lambda': 6.426893705853115e-07}. Best is trial 1 with value: 0.1557987266589189.
[I 2026-06-01 23:24:38,558] Trial 15 finished with value: 0.14252190713159002 and parameters: {'confidence_threshold': 0.7876498331027524, 'training_days': 420, 'n_estimators': 138, 'max_depth': 3, 'num_leaves': 32, 'learning_rate': 0.03301872090824653, 'subsample': 0.8634823758940223, 'colsample_bytree': 0.8332678196538594, 'min_child_samples': 21, 'reg_alpha': 0.0030242975914927758, 'reg_lambda': 6.987586613374219e-05}. Best is trial 1 with value: 0.1557987266589189.
[I 2026-06-01 23:24:38,777] Trial 16 finished with value: 0.03710054623016892 and parameters: {'confidence_threshold': 0.7877045466299416, 'training_days': 430, 'n_estimators': 285, 'max_depth': 3, 'num_leaves': 31, 'learning_rate': 0.037784215756947466, 'subsample': 0.9371158895275773, 'colsample_bytree': 0.8338962247920462, 'min_child_samples': 23, 'reg_alpha': 0.01075060259749148, 'reg_lambda': 7.596003521936414e-05}. Best is trial 1 with value: 0.1557987266589189.
[I 2026-06-01 23:24:38,939] Trial 17 finished with value: 0.13593947656478958 and parameters: {'confidence_threshold': 0.8461451686296121, 'training_days': 410, 'n_estimators': 153, 'max_depth': 4, 'num_leaves': 28, 'learning_rate': 0.02606119235902609, 'subsample': 0.7581890592351108, 'colsample_bytree': 0.9956385980717998, 'min_child_samples': 51, 'reg_alpha': 0.38233651880212727, 'reg_lambda': 0.00020614774879284444}. Best is trial 1 with value: 0.1557987266589189.
[I 2026-06-01 23:24:39,027] A new study created in memory with name: no-name-7a307cb4-3f65-47c6-82b8-f8d7e0fa999f
[I 2026-06-01 23:24:39,117] Trial 0 finished with value: 0.06632261896113793 and parameters: {'confidence_threshold': 0.7437642149592516, 'training_days': 150, 'n_estimators': 152, 'max_depth': 4, 'num_leaves': 50, 'learning_rate': 0.04216766425047743, 'subsample': 0.9903820991923078, 'colsample_bytree': 0.8424148692924316, 'min_child_samples': 58, 'reg_alpha': 3.381097259762742e-05, 'reg_lambda': 1.2263152961306247e-05}. Best is trial 0 with value: 0.06632261896113793.
[I 2026-06-01 23:24:39,186] Trial 1 finished with value: -1.9295641350840635 and parameters: {'confidence_threshold': 0.7551673975844145, 'training_days': 220, 'n_estimators': 76, 'max_depth': 4, 'num_leaves': 51, 'learning_rate': 0.018602118810743477, 'subsample': 0.5877258780737462, 'colsample_bytree': 0.7657756869209191, 'min_child_samples': 63, 'reg_alpha': 0.005123994170264194, 'reg_lambda': 0.44145470178120466}. Best is trial 0 with value: 0.06632261896113793.
[I 2026-06-01 23:24:39,438] Trial 2 finished with value: 0.08535464948570497 and parameters: {'confidence_threshold': 0.7535593637012223, 'training_days': 310, 'n_estimators': 375, 'max_depth': 3, 'num_leaves': 32, 'learning_rate': 0.021735641882032388, 'subsample': 0.6468570231944146, 'colsample_bytree': 0.8154880619272439, 'min_child_samples': 27, 'reg_alpha': 8.004064028491336e-05, 'reg_lambda': 7.546835261630524e-05}. Best is trial 2 with value: 0.08535464948570497.
[I 2026-06-01 23:24:39,605] Trial 3 finished with value: 0.10405119983009022 and parameters: {'confidence_threshold': 0.6727897841776072, 'training_days': 220, 'n_estimators': 190, 'max_depth': 4, 'num_leaves': 58, 'learning_rate': 0.24810689332636193, 'subsample': 0.7509183379421682, 'colsample_bytree': 0.8119764758960556, 'min_child_samples': 29, 'reg_alpha': 7.1708285081421445e-06, 'reg_lambda': 5.412973582738627e-05}. Best is trial 3 with value: 0.10405119983009022.
[I 2026-06-01 23:24:39,722] Trial 4 finished with value: 0.06971547155099946 and parameters: {'confidence_threshold': 0.803208205259178, 'training_days': 130, 'n_estimators': 267, 'max_depth': 5, 'num_leaves': 40, 'learning_rate': 0.08041175317374143, 'subsample': 0.5603143329951619, 'colsample_bytree': 0.9131704002534167, 'min_child_samples': 68, 'reg_alpha': 0.0008046593428183385, 'reg_lambda': 1.2158346158765583e-05}. Best is trial 3 with value: 0.10405119983009022.
[I 2026-06-01 23:24:39,940] Trial 5 finished with value: 0.08754524192765188 and parameters: {'confidence_threshold': 0.6064422761595144, 'training_days': 210, 'n_estimators': 357, 'max_depth': 5, 'num_leaves': 40, 'learning_rate': 0.0974221287220869, 'subsample': 0.7929682762811064, 'colsample_bytree': 0.8124517510478, 'min_child_samples': 74, 'reg_alpha': 0.3811377260781234, 'reg_lambda': 5.607314238392041e-08}. Best is trial 3 with value: 0.10405119983009022.
[I 2026-06-01 23:24:40,047] Trial 6 finished with value: 0.01643797257049722 and parameters: {'confidence_threshold': 0.7672889945051684, 'training_days': 130, 'n_estimators': 137, 'max_depth': 4, 'num_leaves': 19, 'learning_rate': 0.2031117614248665, 'subsample': 0.8136244860256343, 'colsample_bytree': 0.8617081790949774, 'min_child_samples': 21, 'reg_alpha': 0.002238138278733199, 'reg_lambda': 0.001025809534977322}. Best is trial 3 with value: 0.10405119983009022.
[I 2026-06-01 23:24:40,118] Trial 7 finished with value: 0.014937134703664128 and parameters: {'confidence_threshold': 0.555635875450653, 'training_days': 80, 'n_estimators': 363, 'max_depth': 3, 'num_leaves': 48, 'learning_rate': 0.06590089024008658, 'subsample': 0.6944752870615722, 'colsample_bytree': 0.962566244806993, 'min_child_samples': 88, 'reg_alpha': 1.6465620446426067e-05, 'reg_lambda': 2.4678750890085655e-08}. Best is trial 3 with value: 0.10405119983009022.
[I 2026-06-01 23:24:40,414] Trial 8 finished with value: 0.06191353888281585 and parameters: {'confidence_threshold': 0.6066688256938841, 'training_days': 200, 'n_estimators': 367, 'max_depth': 5, 'num_leaves': 32, 'learning_rate': 0.13377519215934996, 'subsample': 0.7965884582811106, 'colsample_bytree': 0.8458508993500886, 'min_child_samples': 32, 'reg_alpha': 3.889436043816386e-05, 'reg_lambda': 1.4713062489380356e-06}. Best is trial 3 with value: 0.10405119983009022.
