[I 2026-06-01 23:30:31,224] Trial 12 finished with value: 0.08246306724274699 and parameters: {'confidence_threshold': 0.8008961038526314, 'training_days': 220, 'n_estimators': 139, 'max_depth': 4, 'num_leaves': 30, 'learning_rate': 0.02305899614846357, 'subsample': 0.9912016966112274, 'colsample_bytree': 0.8319084769095351, 'min_child_samples': 83, 'reg_alpha': 3.5050805301964397e-06, 'reg_lambda': 0.0068100699869264635}. Best is trial 1 with value: 0.12640453038995778.
[I 2026-06-01 23:30:31,350] Trial 13 finished with value: 0.07511493818258448 and parameters: {'confidence_threshold': 0.5040535938350955, 'training_days': 350, 'n_estimators': 135, 'max_depth': 3, 'num_leaves': 50, 'learning_rate': 0.031051893769270974, 'subsample': 0.7766339475545845, 'colsample_bytree': 0.9448617910348931, 'min_child_samples': 88, 'reg_alpha': 0.0005805747634954001, 'reg_lambda': 1.365367432655861e-06}. Best is trial 1 with value: 0.12640453038995778.
[I 2026-06-01 23:30:31,646] Trial 14 finished with value: 0.13224631678904075 and parameters: {'confidence_threshold': 0.6309174332741587, 'training_days': 170, 'n_estimators': 500, 'max_depth': 4, 'num_leaves': 31, 'learning_rate': 0.012869232175915853, 'subsample': 0.7021152153601553, 'colsample_bytree': 0.7768174862622209, 'min_child_samples': 66, 'reg_alpha': 0.0011197032848975455, 'reg_lambda': 0.0025446837785191097}. Best is trial 14 with value: 0.13224631678904075.
[I 2026-06-01 23:30:31,895] Trial 15 finished with value: 0.08098054901162426 and parameters: {'confidence_threshold': 0.6325314983039326, 'training_days': 150, 'n_estimators': 477, 'max_depth': 4, 'num_leaves': 28, 'learning_rate': 0.010013444684742322, 'subsample': 0.6950075818145962, 'colsample_bytree': 0.74733321811274, 'min_child_samples': 65, 'reg_alpha': 0.0039049007097085777, 'reg_lambda': 0.0013467843257158065}. Best is trial 14 with value: 0.13224631678904075.
[I 2026-06-01 23:30:32,215] Trial 16 finished with value: 0.08243578774700477 and parameters: {'confidence_threshold': 0.6285932119685724, 'training_days': 380, 'n_estimators': 247, 'max_depth': 5, 'num_leaves': 18, 'learning_rate': 0.08677131772123543, 'subsample': 0.669480410810613, 'colsample_bytree': 0.9373223525891455, 'min_child_samples': 52, 'reg_alpha': 0.040599909123390746, 'reg_lambda': 6.140696575463618e-06}. Best is trial 14 with value: 0.13224631678904075.
[I 2026-06-01 23:30:32,573] Trial 17 finished with value: 0.07682659641163982 and parameters: {'confidence_threshold': 0.773117637686033, 'training_days': 270, 'n_estimators': 485, 'max_depth': 4, 'num_leaves': 35, 'learning_rate': 0.019352225990314435, 'subsample': 0.8166496944734324, 'colsample_bytree': 0.8056793342828136, 'min_child_samples': 70, 'reg_alpha': 0.00023721531001454202, 'reg_lambda': 0.001352150060975526}. Best is trial 14 with value: 0.13224631678904075.

    [trial 2] Sharpe=0.0585 (folds: -0.0411, -0.0695, -0.0473, 0.2304, 0.2203)
    [trial 3] 49 features, training_days=220 | threshold=0.673 | labels: 1116 long, 1055 short (51/49%)
    [trial 3] Sharpe=0.0534 (folds: 0.0329, 0.0005, -0.0353, 0.1574, 0.1114)
    [trial 4] 49 features, training_days=130 | threshold=0.803 | labels: 1116 long, 1055 short (51/49%)
    [trial 4] Sharpe=0.0504 (folds: 0.0380, -0.1902, 0.1669, 0.0836, 0.1537)
    [trial 5] 49 features, training_days=210 | threshold=0.606 | labels: 1116 long, 1055 short (51/49%)
    [trial 5] Sharpe=0.0527 (folds: -0.0431, -0.0540, 0.1001, 0.1476, 0.1131)
    [trial 6] 49 features, training_days=130 | threshold=0.767 | labels: 1116 long, 1055 short (51/49%)
    [trial 6] Sharpe=0.0967 (folds: 0.0174, -0.0508, 0.2511, 0.0949, 0.1708)
    [trial 7] 49 features, training_days=80 | threshold=0.556 | labels: 1116 long, 1055 short (51/49%)
    [trial 7] Sharpe=0.0662 (folds: -0.0288, -0.0016, -0.0083, 0.2494, 0.1205)
    [trial 8] 49 features, training_days=200 | threshold=0.607 | labels: 1116 long, 1055 short (51/49%)
    [trial 8] Sharpe=0.0765 (folds: 0.0348, -0.1063, 0.1755, 0.1451, 0.1335)
    [trial 9] 49 features, training_days=260 | threshold=0.620 | labels: 1116 long, 1055 short (51/49%)
    [trial 9] Sharpe=0.0724 (folds: 0.0187, 0.0718, -0.0440, 0.1809, 0.1345)
    [trial 10] 49 features, training_days=470 | threshold=0.845 | labels: 1116 long, 1055 short (51/49%)
    [trial 10] Sharpe=0.1255 (folds: 0.0793, -0.1074, 0.0357, 0.2887, 0.3314)
    [trial 11] 49 features, training_days=500 | threshold=0.837 | labels: 1116 long, 1055 short (51/49%)
    [trial 11] Sharpe=0.1005 (folds: 0.1066, -0.1386, -0.0006, 0.2350, 0.3000)
    [trial 12] 49 features, training_days=500 | threshold=0.831 | labels: 1116 long, 1055 short (51/49%)
    [trial 12] Sharpe=0.1113 (folds: 0.0549, -0.1525, 0.0746, 0.2384, 0.3412)
    [trial 13] 49 features, training_days=500 | threshold=0.832 | labels: 1116 long, 1055 short (51/49%)
    [trial 13] Sharpe=0.1092 (folds: 0.0511, 0.0325, 0.0615, 0.1492, 0.2514)
    [trial 14] 49 features, training_days=400 | threshold=0.697 | labels: 1116 long, 1055 short (51/49%)
    [trial 14] Sharpe=0.0597 (folds: -0.0766, -0.0642, -0.0237, 0.2235, 0.2393)
    [trial 15] 49 features, training_days=410 | threshold=0.503 | labels: 1116 long, 1055 short (51/49%)
    [trial 15] Sharpe=0.0758 (folds: -0.0572, -0.0290, -0.0657, 0.3083, 0.2224)
    [trial 16] 49 features, training_days=400 | threshold=0.798 | labels: 1116 long, 1055 short (51/49%)
    [trial 16] Sharpe=0.1077 (folds: 0.0231, -0.0350, 0.0067, 0.3518, 0.1919)
    [trial 17] 49 features, training_days=450 | threshold=0.711 | labels: 1116 long, 1055 short (51/49%)
    [trial 17] Sharpe=0.0551 (folds: 0.0137, -0.0226, -0.0180, 0.1982, 0.1043)
  Optuna: 18 trials, best Sharpe = 0.1255
  Best params: n_estimators=493, max_depth=4, lr=0.0102, leaves=63
  Best confidence_threshold: 0.845
  Best training_days: 470
  Retrained on full data (1410 samples, 49 features)
  [ensemble 3/3] seed=456
    [trial 0] 49 features, training_days=90 | threshold=0.587 | labels: 1116 long, 1055 short (51/49%)
    [CV fold 0] train_end=2022-11-23 08:00 | val_start=2022-12-01 00:00 | gap=184h (22 rows)
    [CV fold 1] train_end=2023-03-23 16:00 | val_start=2023-03-31 08:00 | gap=184h (22 rows)
    [CV fold 2] train_end=2023-07-22 00:00 | val_start=2023-07-29 16:00 | gap=184h (22 rows)
    [CV fold 3] train_end=2023-11-19 08:00 | val_start=2023-11-27 00:00 | gap=184h (22 rows)
    [CV fold 4] train_end=2024-03-18 16:00 | val_start=2024-03-26 08:00 | gap=184h (22 rows)
    [trial 0] Sharpe=0.0660 (folds: 0.0782, -0.1617, 0.0671, 0.1920, 0.1543)
    [trial 1] 49 features, training_days=290 | threshold=0.635 | labels: 1116 long, 1055 short (51/49%)
    [trial 1] Sharpe=0.1264 (folds: 0.0302, 0.0933, -0.0318, 0.2768, 0.2634)
    [trial 2] 49 features, training_days=10 | threshold=0.585 | labels: 1116 long, 1055 short (51/49%)
    [trial 2] Sharpe=0.0334 (folds: 0.1649, -0.1069, 0.0593, 0.1731, -0.1233)
    [trial 3] 49 features, training_days=220 | threshold=0.687 | labels: 1116 long, 1055 short (51/49%)
    [trial 3] Sharpe=0.1085 (folds: 0.0516, 0.1609, -0.0311, 0.2368, 0.1241)
    [trial 4] 49 features, training_days=300 | threshold=0.562 | labels: 1116 long, 1055 short (51/49%)
    [trial 4] Sharpe=0.0892 (folds: -0.0242, -0.0743, 0.0071, 0.2922, 0.2454)
    [trial 5] 49 features, training_days=490 | threshold=0.711 | labels: 1116 long, 1055 short (51/49%)
    [trial 5] Sharpe=0.0660 (folds: 0.0170, -0.0300, -0.0497, 0.2299, 0.1629)
    [trial 6] 49 features, training_days=420 | threshold=0.667 | labels: 1116 long, 1055 short (51/49%)
    [trial 6] Sharpe=0.0925 (folds: -0.0142, -0.0031, -0.0175, 0.3045, 0.1930)
    [trial 7] 49 features, training_days=120 | threshold=0.550 | labels: 1116 long, 1055 short (51/49%)
    [trial 7] Sharpe=0.0551 (folds: -0.0470, -0.0691, 0.1439, 0.1259, 0.1219)
    [trial 8] 49 features, training_days=450 | threshold=0.720 | labels: 1116 long, 1055 short (51/49%)
    [trial 8] Sharpe=0.0566 (folds: 0.0335, -0.0436, -0.0462, 0.2165, 0.1228)
    [trial 9] 49 features, training_days=20 | threshold=0.727 | labels: 1116 long, 1055 short (51/49%)
    [trial 9] Sharpe=-3.9766 (folds: 0.1649, -0.1069, 0.0593, -10.0000, -10.0000)
    [trial 10] 49 features, training_days=320 | threshold=0.840 | labels: 1116 long, 1055 short (51/49%)
    [trial 10] Sharpe=-3.9682 (folds: -10.0000, -10.0000, 0.4157, -0.3103, 0.0539)
    [trial 11] 49 features, training_days=210 | threshold=0.644 | labels: 1116 long, 1055 short (51/49%)
    [trial 11] Sharpe=0.1077 (folds: 0.0287, 0.0767, 0.1607, 0.1852, 0.0872)
    [trial 12] 49 features, training_days=220 | threshold=0.801 | labels: 1116 long, 1055 short (51/49%)
    [trial 12] Sharpe=0.0825 (folds: -0.0316, 0.2234, -0.0001, 0.2174, 0.0032)
    [trial 13] 49 features, training_days=350 | threshold=0.504 | labels: 1116 long, 1055 short (51/49%)
    [trial 13] Sharpe=0.0751 (folds: 0.0377, -0.0003, -0.0964, 0.1965, 0.2380)
    [trial 14] 49 features, training_days=170 | threshold=0.631 | labels: 1116 long, 1055 short (51/49%)
    [trial 14] Sharpe=0.1322 (folds: 0.0646, 0.1017, 0.2976, 0.0835, 0.1138)
    [trial 15] 49 features, training_days=150 | threshold=0.633 | labels: 1116 long, 1055 short (51/49%)
    [trial 15] Sharpe=0.0810 (folds: 0.0262, 0.0410, 0.2956, -0.0274, 0.0696)
    [trial 16] 49 features, training_days=380 | threshold=0.629 | labels: 1116 long, 1055 short (51/49%)
    [trial 16] Sharpe=0.0824 (folds: 0.0582, -0.0217, -0.0437, 0.2543, 0.1651)
    [trial 17] 49 features, training_days=270 | threshold=0.773 | labels: 1116 long, 1055 short (51/49%)
    [trial 17] Sharpe=0.0768 (folds: 0.0865, -0.0028, -0.0391, 0.1803, 0.1593)
  Optuna: 18 trials, best Sharpe = 0.1322
  Best params: n_estimators=500, max_depth=4, lr=0.0129, leaves=31
  Best confidence_threshold: 0.631
  Best training_days: 170
  Retrained on full data (510 samples, 49 features)
  OOD: 16 features, cutoff (q=0.7) = 14.02
  Model trained for 2024-08: 93 test candles with features, confidence_threshold=0.738
[predict] 2024-08-01 08:00 LTCUSDT → SHORT (proba=0.80 TP=9.7%/SL=4.8%)
[trade:open] 2024-08-01 15:59 LTCUSDT SHORT @ 68.34 | SL=71.65 TP=61.72 | timeout=2024-08-08 15:59
[trade:close] 2024-08-04 23:59 LTCUSDT SHORT → take_profit @ 61.72 | PnL=+9.68% (net +9.58%) | cum=+132.01% 2024-08=+9.58% 2024-08-04=+9.58%
[predict] 2024-08-09 00:00 LTCUSDT → LONG (proba=0.91 TP=16.4%/SL=8.2%)
[trade:open] 2024-08-09 07:59 LTCUSDT LONG @ 60.62 | SL=55.65 TP=70.57 | timeout=2024-08-16 07:59
[trade:close] 2024-08-16 08:00 LTCUSDT LONG → timeout @ 65.41 | PnL=+7.90% (net +7.80%) | cum=+139.81% 2024-08=+17.38% 2024-08-16=+7.80%
[predict] 2024-08-18 08:00 LTCUSDT → SHORT (proba=0.79 TP=8.5%/SL=4.3%)
[trade:open] 2024-08-18 15:59 LTCUSDT SHORT @ 66.94 | SL=69.79 TP=61.25 | timeout=2024-08-25 15:59
[trade:close] 2024-08-25 16:00 LTCUSDT SHORT → timeout @ 65.23 | PnL=+2.55% (net +2.45%) | cum=+142.26% 2024-08=+19.84% 2024-08-25=+2.45%
[predict] 2024-08-28 00:00 LTCUSDT → SHORT (proba=0.76 TP=10.1%/SL=5.1%)
[trade:open] 2024-08-28 07:59 LTCUSDT SHORT @ 60.02 | SL=63.06 TP=53.94 | timeout=2024-09-04 07:59[I 2026-06-01 23:30:33,314] A new study created in memory with name: no-name-8c308c71-4312-4e68-8b91-b79abd8a73aa
[I 2026-06-01 23:30:33,708] Trial 0 finished with value: 0.07699481889742704 and parameters: {'confidence_threshold': 0.6310890415965769, 'training_days': 480, 'n_estimators': 380, 'max_depth': 4, 'num_leaves': 22, 'learning_rate': 0.01699897838270077, 'subsample': 0.5290418060840998, 'colsample_bytree': 0.9330880728874675, 'min_child_samples': 68, 'reg_alpha': 0.023585940584142682, 'reg_lambda': 1.5320059381854043e-08}. Best is trial 0 with value: 0.07699481889742704.
[I 2026-06-01 23:30:33,839] Trial 1 finished with value: -1.9733136547749681 and parameters: {'confidence_threshold': 0.839468448256698, 'training_days': 420, 'n_estimators': 145, 'max_depth': 3, 'num_leaves': 23, 'learning_rate': 0.028145092716060652, 'subsample': 0.762378215816119, 'colsample_bytree': 0.7159725093210578, 'min_child_samples': 43, 'reg_alpha': 0.0032112643094417484, 'reg_lambda': 1.8007140198129195e-07}. Best is trial 0 with value: 0.07699481889742704.
[I 2026-06-01 23:30:34,008] Trial 2 finished with value: -0.023168156861136158 and parameters: {'confidence_threshold': 0.6022506269873263, 'training_days': 190, 'n_estimators': 255, 'max_depth': 5, 'num_leaves': 24, 'learning_rate': 0.05748924681991978, 'subsample': 0.7962072844310213, 'colsample_bytree': 0.5232252063599989, 'min_child_samples': 69, 'reg_alpha': 3.425445902633376e-07, 'reg_lambda': 3.850031979199519e-08}. Best is trial 0 with value: 0.07699481889742704.
[I 2026-06-01 23:30:34,316] Trial 3 finished with value: 0.020464499539050073 and parameters: {'confidence_threshold': 0.8321099380386666, 'training_days': 490, 'n_estimators': 414, 'max_depth': 3, 'num_leaves': 19, 'learning_rate': 0.1024932221692416, 'subsample': 0.7200762468698007, 'colsample_bytree': 0.5610191174223894, 'min_child_samples': 60, 'reg_alpha': 2.039373116525212e-08, 'reg_lambda': 1.527156759251193}. Best is trial 0 with value: 0.07699481889742704.
[I 2026-06-01 23:30:34,482] Trial 4 finished with value: -0.0018358372603347133 and parameters: {'confidence_threshold': 0.5905729935600059, 'training_days': 340, 'n_estimators': 190, 'max_depth': 4, 'num_leaves': 41, 'learning_rate': 0.01875220945578641, 'subsample': 0.9847923138822793, 'colsample_bytree': 0.8875664116805573, 'min_child_samples': 96, 'reg_alpha': 1.1309571585271483, 'reg_lambda': 0.002404915432737351}. Best is trial 0 with value: 0.07699481889742704.
[I 2026-06-01 23:30:34,526] Trial 5 finished with value: 0.08890490090071884 and parameters: {'confidence_threshold': 0.8226559822580909, 'training_days': 50, 'n_estimators': 138, 'max_depth': 3, 'num_leaves': 30, 'learning_rate': 0.03750796359625606, 'subsample': 0.6356745158869479, 'colsample_bytree': 0.9143687545759647, 'min_child_samples': 48, 'reg_alpha': 3.376063348877853e-06, 'reg_lambda': 0.0007660634613082914}. Best is trial 5 with value: 0.08890490090071884.
[I 2026-06-01 23:30:34,644] Trial 6 finished with value: 0.049560960856195234 and parameters: {'confidence_threshold': 0.5493234787411669, 'training_days': 410, 'n_estimators': 83, 'max_depth': 5, 'num_leaves': 52, 'learning_rate': 0.019657448966046126, 'subsample': 0.5027610585618012, 'colsample_bytree': 0.9077307142274171, 'min_child_samples': 77, 'reg_alpha': 0.03639690979811287, 'reg_lambda': 0.08738424135626986}. Best is trial 5 with value: 0.08890490090071884.
[I 2026-06-01 23:30:34,736] Trial 7 finished with value: -5.294333158325226e-05 and parameters: {'confidence_threshold': 0.5259156281069316, 'training_days': 180, 'n_estimators': 102, 'max_depth': 5, 'num_leaves': 45, 'learning_rate': 0.030816017044468066, 'subsample': 0.5317791751430119, 'colsample_bytree': 0.6554911608578311, 'min_child_samples': 46, 'reg_alpha': 0.036851536911881845, 'reg_lambda': 0.005470376807480391}. Best is trial 5 with value: 0.08890490090071884.
[I 2026-06-01 23:30:34,856] Trial 8 finished with value: 0.04179523843952233 and parameters: {'confidence_threshold': 0.8105244599017143, 'training_days': 240, 'n_estimators': 103, 'max_depth': 5, 'num_leaves': 52, 'learning_rate': 0.06746437142284309, 'subsample': 0.8854835899772805, 'colsample_bytree': 0.7468977981821954, 'min_child_samples': 62, 'reg_alpha': 7.04480806377519e-05, 'reg_lambda': 1.6934490731313353e-08}. Best is trial 5 with value: 0.08890490090071884.
[I 2026-06-01 23:30:34,885] Trial 9 finished with value: -1.9890809569287473 and parameters: {'confidence_threshold': 0.5377619994476566, 'training_days': 20, 'n_estimators': 337, 'max_depth': 3, 'num_leaves': 39, 'learning_rate': 0.21907142272152816, 'subsample': 0.6246461145744375, 'colsample_bytree': 0.7051914615178149, 'min_child_samples': 81, 'reg_alpha': 1.1459970229341322e-06, 'reg_lambda': 4.929685216887945e-08}. Best is trial 5 with value: 0.08890490090071884.
[I 2026-06-01 23:30:34,925] Trial 10 finished with value: -1.9913254344097187 and parameters: {'confidence_threshold': 0.7318981109748116, 'training_days': 10, 'n_estimators': 487, 'max_depth': 4, 'num_leaves': 31, 'learning_rate': 0.14704103471568217, 'subsample': 0.628963476300746, 'colsample_bytree': 0.987470107623585, 'min_child_samples': 25, 'reg_alpha': 2.608784411827665e-05, 'reg_lambda': 3.3639426888455256e-06}. Best is trial 5 with value: 0.08890490090071884.
[I 2026-06-01 23:30:35,084] Trial 11 finished with value: 0.038169528844150355 and parameters: {'confidence_threshold': 0.6954836557727516, 'training_days': 110, 'n_estimators': 291, 'max_depth': 4, 'num_leaves': 30, 'learning_rate': 0.010345547951401532, 'subsample': 0.6089267919181687, 'colsample_bytree': 0.8554948668919389, 'min_child_samples': 48, 'reg_alpha': 3.662834835098572, 'reg_lambda': 4.4206421310909706e-05}. Best is trial 5 with value: 0.08890490090071884.
[I 2026-06-01 23:30:35,503] Trial 12 finished with value: 0.0367555538053684 and parameters: {'confidence_threshold': 0.6403606747603232, 'training_days': 310, 'n_estimators': 389, 'max_depth': 4, 'num_leaves': 15, 'learning_rate': 0.011907057590678163, 'subsample': 0.5681007185936042, 'colsample_bytree': 0.9966230134341398, 'min_child_samples': 30, 'reg_alpha': 0.0007390056680458819, 'reg_lambda': 3.8098701113215634e-05}. Best is trial 5 with value: 0.08890490090071884.
[I 2026-06-01 23:30:35,593] Trial 13 finished with value: 0.035006358994151804 and parameters: {'confidence_threshold': 0.7511004938244776, 'training_days': 130, 'n_estimators': 222, 'max_depth': 3, 'num_leaves': 62, 'learning_rate': 0.03463321157552712, 'subsample': 0.6866291716128416, 'colsample_bytree': 0.8271117220474519, 'min_child_samples': 92, 'reg_alpha': 5.089139747366672e-06, 'reg_lambda': 4.448098583586055e-06}. Best is trial 5 with value: 0.08890490090071884.
[I 2026-06-01 23:30:35,873] Trial 14 finished with value: 0.10068600825540512 and parameters: {'confidence_threshold': 0.6653126865835206, 'training_days': 500, 'n_estimators': 340, 'max_depth': 3, 'num_leaves': 30, 'learning_rate': 0.018455307819926946, 'subsample': 0.672124257048007, 'colsample_bytree': 0.9365356675427864, 'min_child_samples': 36, 'reg_alpha': 0.011240825921390547, 'reg_lambda': 0.0013851843518099096}. Best is trial 14 with value: 0.10068600825540512.
[I 2026-06-01 23:30:36,124] Trial 15 finished with value: -0.0126352382075891 and parameters: {'confidence_threshold': 0.7674254349466498, 'training_days': 310, 'n_estimators': 319, 'max_depth': 3, 'num_leaves': 31, 'learning_rate': 0.04150363557318294, 'subsample': 0.8126807148557413, 'colsample_bytree': 0.8100744538922787, 'min_child_samples': 37, 'reg_alpha': 1.361626751747794e-08, 'reg_lambda': 0.004247249175708193}. Best is trial 14 with value: 0.10068600825540512.
[I 2026-06-01 23:30:36,195] Trial 16 finished with value: -0.055011272618176454 and parameters: {'confidence_threshold': 0.690068989814859, 'training_days': 70, 'n_estimators': 176, 'max_depth': 3, 'num_leaves': 36, 'learning_rate': 0.07797477661952103, 'subsample': 0.6804938636583086, 'colsample_bytree': 0.9535713199832213, 'min_child_samples': 54, 'reg_alpha': 0.00029377520521788937, 'reg_lambda': 0.23529158002820744}. Best is trial 14 with value: 0.10068600825540512.
