[I 2026-06-01 23:27:33,523] Trial 9 finished with value: -0.0058788083904695145 and parameters: {'confidence_threshold': 0.6202096049169137, 'training_days': 260, 'n_estimators': 350, 'max_depth': 3, 'num_leaves': 21, 'learning_rate': 0.02989540198065364, 'subsample': 0.8307821683331218, 'colsample_bytree': 0.923253112635361, 'min_child_samples': 64, 'reg_alpha': 0.4898604619604203, 'reg_lambda': 2.9076377687066166e-05}. Best is trial 4 with value: 0.03715584873970544.

  [label] 2022-07-08 16:00 LTCUSDT entry=51.3000 → SHORT | long=sl(-6.60%) short=sl(-6.60%) | scanned=11 | no_tp→fwd_return=-5.4776
  [label] 2022-07-17 00:00 LTCUSDT entry=55.7300 → LONG | long=timeout(+3.72%) short=sl(-6.07%) | scanned=22 | no_tp→fwd_return=+3.8220
  [label] 2022-10-15 00:00 LTCUSDT entry=51.4200 → LONG | long=timeout(+0.50%) short=timeout(-0.70%) | scanned=22 | no_tp→fwd_return=+0.6029
  [label] 2022-11-15 16:00 LTCUSDT entry=57.9800 → LONG | long=tp(+18.75%) short=sl(-9.52%) | scanned=20 | long_tp_only
  [label] 2022-12-01 16:00 LTCUSDT entry=77.5500 → LONG | long=timeout(+0.76%) short=sl(-7.98%) | scanned=22 | no_tp→fwd_return=+0.8640
  [label] 2022-12-14 00:00 LTCUSDT entry=78.2700 → SHORT | long=sl(-5.17%) short=tp(+10.03%) | scanned=7 | short_tp_only
  [label] 2023-01-01 16:00 LTCUSDT entry=70.8800 → LONG | long=tp(+7.57%) short=sl(-3.93%) | scanned=1 | long_tp_only
  [label] 2023-01-07 16:00 LTCUSDT entry=76.3600 → LONG | long=tp(+8.72%) short=sl(-4.51%) | scanned=4 | long_tp_only
  [label] 2023-01-20 00:00 LTCUSDT entry=83.5700 → LONG | long=tp(+11.15%) short=sl(-5.73%) | scanned=10 | long_tp_only
  [label] 2023-02-28 08:00 LTCUSDT entry=95.6500 → SHORT | long=sl(-4.07%) short=tp(+7.84%) | scanned=8 | short_tp_only
  [label] 2023-03-10 00:00 LTCUSDT entry=73.5100 → LONG | long=sl(-7.68%) short=sl(-7.68%) | scanned=9 | no_tp→fwd_return=+5.9720
  [label] 2023-06-03 08:00 LTCUSDT entry=96.6800 → SHORT | long=sl(-4.35%) short=tp(+8.41%) | scanned=6 | short_tp_only
  Labels: 1113 long (51.7%), 1040 short (48.3%) | weights: min=1.00, mean=3.49, max=10.00
  Features: 2153/2153 matched, 49 columns
  CV gap: 22 rows
  [ensemble 1/3] seed=42
    [trial 0] 49 features, training_days=480 | threshold=0.631 | labels: 1113 long, 1040 short (52/48%)
    [CV fold 0] train_end=2021-10-22 08:00 | val_start=2021-10-30 00:00 | gap=184h (22 rows)
    [CV fold 1] train_end=2022-02-18 16:00 | val_start=2022-03-01 08:00 | gap=256h (22 rows)
    [CV fold 2] train_end=2022-06-23 00:00 | val_start=2022-06-30 16:00 | gap=184h (22 rows)
    [CV fold 3] train_end=2022-10-20 08:00 | val_start=2022-10-28 00:00 | gap=184h (22 rows)
    [CV fold 4] train_end=2023-02-16 16:00 | val_start=2023-02-24 08:00 | gap=184h (22 rows)
    [trial 0] Sharpe=0.0702 (folds: -0.0217, 0.1786, -0.2665, 0.2670, 0.1933)
    [trial 1] 49 features, training_days=420 | threshold=0.839 | labels: 1113 long, 1040 short (52/48%)
    [trial 1] Sharpe=-1.9141 (folds: 0.0639, 0.2862, -0.0884, 0.1676, -10.0000)
    [trial 2] 49 features, training_days=190 | threshold=0.602 | labels: 1113 long, 1040 short (52/48%)
    [trial 2] Sharpe=-0.0031 (folds: 0.0753, 0.1791, -0.2218, -0.0193, -0.0290)
    [trial 3] 49 features, training_days=490 | threshold=0.832 | labels: 1113 long, 1040 short (52/48%)
    [trial 3] Sharpe=0.0693 (folds: 0.0311, 0.1993, -0.1919, 0.2025, 0.1053)
    [trial 4] 49 features, training_days=340 | threshold=0.591 | labels: 1113 long, 1040 short (52/48%)
    [trial 4] Sharpe=-0.0253 (folds: -0.0842, 0.0732, -0.2826, 0.0369, 0.1304)
    [trial 5] 49 features, training_days=50 | threshold=0.823 | labels: 1113 long, 1040 short (52/48%)
    [trial 5] Sharpe=0.0148 (folds: -0.1145, 0.2680, -0.2393, -0.1387, 0.2982)
    [trial 6] 49 features, training_days=410 | threshold=0.549 | labels: 1113 long, 1040 short (52/48%)
    [trial 6] Sharpe=-0.0389 (folds: -0.2005, 0.1625, -0.2716, -0.0556, 0.1706)
    [trial 7] 49 features, training_days=180 | threshold=0.526 | labels: 1113 long, 1040 short (52/48%)
    [trial 7] Sharpe=0.0103 (folds: 0.0821, 0.1788, -0.2526, -0.0027, 0.0460)
    [trial 8] 49 features, training_days=240 | threshold=0.811 | labels: 1113 long, 1040 short (52/48%)
    [trial 8] Sharpe=-0.0411 (folds: -0.0017, 0.2178, -0.2595, -0.2044, 0.0424)
    [trial 9] 49 features, training_days=20 | threshold=0.538 | labels: 1113 long, 1040 short (52/48%)
    [trial 9] Sharpe=-4.0464 (folds: -0.2522, 0.1071, -0.0871, -10.0000, -10.0000)
    [trial 10] 49 features, training_days=350 | threshold=0.694 | labels: 1113 long, 1040 short (52/48%)
    [trial 10] Sharpe=-0.0118 (folds: -0.0777, 0.2201, -0.2061, 0.0035, 0.0011)
    [trial 11] 49 features, training_days=490 | threshold=0.714 | labels: 1113 long, 1040 short (52/48%)
    [trial 11] Sharpe=0.0527 (folds: 0.0925, 0.1071, -0.2352, 0.1843, 0.1149)
    [trial 12] 49 features, training_days=480 | threshold=0.737 | labels: 1113 long, 1040 short (52/48%)
    [trial 12] Sharpe=0.1139 (folds: 0.2288, 0.1639, -0.2184, 0.1828, 0.2125)
    [trial 13] 49 features, training_days=410 | threshold=0.756 | labels: 1113 long, 1040 short (52/48%)
    [trial 13] Sharpe=0.0465 (folds: 0.1873, 0.1333, -0.2301, -0.0900, 0.2318)
    [trial 14] 49 features, training_days=330 | threshold=0.639 | labels: 1113 long, 1040 short (52/48%)
    [trial 14] Sharpe=0.0399 (folds: 0.1754, 0.1288, -0.2389, 0.0339, 0.1006)
    [trial 15] 49 features, training_days=500 | threshold=0.756 | labels: 1113 long, 1040 short (52/48%)
    [trial 15] Sharpe=-3.9280 (folds: -10.0000, 0.2629, 0.0073, 0.0898, -10.0000)
    [trial 16] 49 features, training_days=290 | threshold=0.645 | labels: 1113 long, 1040 short (52/48%)
    [trial 16] Sharpe=0.0004 (folds: 0.1072, 0.1361, -0.2506, 0.0121, -0.0026)
    [trial 17] 49 features, training_days=430 | threshold=0.730 | labels: 1113 long, 1040 short (52/48%)
    [trial 17] Sharpe=0.0168 (folds: 0.1695, 0.0781, -0.2269, -0.1376, 0.2009)
  Optuna: 18 trials, best Sharpe = 0.1139
  Best params: n_estimators=366, max_depth=4, lr=0.1126, leaves=30
  Best confidence_threshold: 0.737
  Best training_days: 480
  Retrained on full data (1433 samples, 49 features)
  [ensemble 2/3] seed=123
    [trial 0] 49 features, training_days=150 | threshold=0.744 | labels: 1113 long, 1040 short (52/48%)
    [CV fold 0] train_end=2021-10-22 08:00 | val_start=2021-10-30 00:00 | gap=184h (22 rows)
    [CV fold 1] train_end=2022-02-18 16:00 | val_start=2022-03-01 08:00 | gap=256h (22 rows)
    [CV fold 2] train_end=2022-06-23 00:00 | val_start=2022-06-30 16:00 | gap=184h (22 rows)
    [CV fold 3] train_end=2022-10-20 08:00 | val_start=2022-10-28 00:00 | gap=184h (22 rows)
    [CV fold 4] train_end=2023-02-16 16:00 | val_start=2023-02-24 08:00 | gap=184h (22 rows)
    [trial 0] Sharpe=0.0152 (folds: 0.0137, 0.1602, -0.3108, 0.2304, -0.0177)
    [trial 1] 49 features, training_days=220 | threshold=0.755 | labels: 1113 long, 1040 short (52/48%)
    [trial 1] Sharpe=-1.9810 (folds: -10.0000, -0.3821, -0.1570, 0.2745, 0.3597)
    [trial 2] 49 features, training_days=310 | threshold=0.754 | labels: 1113 long, 1040 short (52/48%)
    [trial 2] Sharpe=0.0049 (folds: 0.1955, 0.2692, -0.2423, -0.1478, -0.0500)
    [trial 3] 49 features, training_days=220 | threshold=0.673 | labels: 1113 long, 1040 short (52/48%)
    [trial 3] Sharpe=-0.0737 (folds: -0.0949, 0.0852, -0.2493, -0.0574, -0.0523)
    [trial 4] 49 features, training_days=130 | threshold=0.803 | labels: 1113 long, 1040 short (52/48%)
    [trial 4] Sharpe=0.0372 (folds: 0.0673, 0.0387, -0.2448, 0.2492, 0.0753)
    [trial 5] 49 features, training_days=210 | threshold=0.606 | labels: 1113 long, 1040 short (52/48%)
    [trial 5] Sharpe=0.0051 (folds: 0.1207, 0.1126, -0.2362, 0.0198, 0.0086)
    [trial 6] 49 features, training_days=130 | threshold=0.767 | labels: 1113 long, 1040 short (52/48%)
    [trial 6] Sharpe=0.0256 (folds: 0.0122, 0.1584, -0.2566, 0.1863, 0.0275)
    [trial 7] 49 features, training_days=80 | threshold=0.556 | labels: 1113 long, 1040 short (52/48%)
    [trial 7] Sharpe=-0.0415 (folds: 0.1207, 0.0849, -0.2494, -0.0267, -0.1369)
    [trial 8] 49 features, training_days=200 | threshold=0.607 | labels: 1113 long, 1040 short (52/48%)
    [trial 8] Sharpe=-0.0271 (folds: 0.0250, 0.1030, -0.2463, -0.0078, -0.0091)
    [trial 9] 49 features, training_days=260 | threshold=0.620 | labels: 1113 long, 1040 short (52/48%)
    [trial 9] Sharpe=-0.0059 (folds: 0.0355, 0.1637, -0.2475, -0.0709, 0.0898)
    [trial 10] 49 features, training_days=470 | threshold=0.845 | labels: 1113 long, 1040 short (52/48%)
    [trial 10] Sharpe=-4.0114 (folds: -10.0000, -0.0682, -0.1011, 0.1124, -10.0000)[I 2026-06-01 23:27:34,043] Trial 10 finished with value: -4.011393820254524 and parameters: {'confidence_threshold': 0.8445241688507242, 'training_days': 470, 'n_estimators': 493, 'max_depth': 5, 'num_leaves': 63, 'learning_rate': 0.010221918552934462, 'subsample': 0.5019190721168774, 'colsample_bytree': 0.6202684210924141, 'min_child_samples': 99, 'reg_alpha': 1.9942621118187622e-08, 'reg_lambda': 0.0201634475791616}. Best is trial 4 with value: 0.03715584873970544.
[I 2026-06-01 23:27:34,088] Trial 11 finished with value: -6.029005267535302 and parameters: {'confidence_threshold': 0.8371297552840329, 'training_days': 20, 'n_estimators': 255, 'max_depth': 4, 'num_leaves': 20, 'learning_rate': 0.28413636543342474, 'subsample': 0.9047249980702942, 'colsample_bytree': 0.6612241103206169, 'min_child_samples': 44, 'reg_alpha': 0.005164207989991991, 'reg_lambda': 0.007364523359426745}. Best is trial 4 with value: 0.03715584873970544.
[I 2026-06-01 23:27:34,161] Trial 12 finished with value: 0.005766257353897957 and parameters: {'confidence_threshold': 0.7984420943377982, 'training_days': 120, 'n_estimators': 51, 'max_depth': 5, 'num_leaves': 15, 'learning_rate': 0.14432248911623202, 'subsample': 0.5325573395575733, 'colsample_bytree': 0.5201164353688423, 'min_child_samples': 46, 'reg_alpha': 0.006937120291127141, 'reg_lambda': 0.00393268821840331}. Best is trial 4 with value: 0.03715584873970544.
[I 2026-06-01 23:27:34,181] Trial 13 finished with value: -10.0 and parameters: {'confidence_threshold': 0.7187885649615134, 'training_days': 10, 'n_estimators': 161, 'max_depth': 4, 'num_leaves': 34, 'learning_rate': 0.07642607080001533, 'subsample': 0.8887479594345413, 'colsample_bytree': 0.9141095054883511, 'min_child_samples': 77, 'reg_alpha': 8.23820059434164e-07, 'reg_lambda': 0.0008749117989186148}. Best is trial 4 with value: 0.03715584873970544.
[I 2026-06-01 23:27:34,738] Trial 14 finished with value: -0.02880737761767007 and parameters: {'confidence_threshold': 0.803223358065541, 'training_days': 340, 'n_estimators': 244, 'max_depth': 5, 'num_leaves': 42, 'learning_rate': 0.16660891568257116, 'subsample': 0.6632569380771758, 'colsample_bytree': 0.9959348592397881, 'min_child_samples': 45, 'reg_alpha': 0.0012705474136959496, 'reg_lambda': 1.2102325862348229e-06}. Best is trial 4 with value: 0.03715584873970544.
[I 2026-06-01 23:27:34,854] Trial 15 finished with value: -0.014158251681121614 and parameters: {'confidence_threshold': 0.6986016561377778, 'training_days': 90, 'n_estimators': 114, 'max_depth': 4, 'num_leaves': 25, 'learning_rate': 0.048314908772608044, 'subsample': 0.5802361721649505, 'colsample_bytree': 0.9016648410746702, 'min_child_samples': 75, 'reg_alpha': 7.209816057093941, 'reg_lambda': 3.5532501480887757}. Best is trial 4 with value: 0.03715584873970544.
[I 2026-06-01 23:27:35,266] Trial 16 finished with value: -0.021117259079405204 and parameters: {'confidence_threshold': 0.7935584950523564, 'training_days': 150, 'n_estimators': 299, 'max_depth': 4, 'num_leaves': 29, 'learning_rate': 0.10480478129127516, 'subsample': 0.7311916895834284, 'colsample_bytree': 0.6982877056862742, 'min_child_samples': 21, 'reg_alpha': 0.05785616362218062, 'reg_lambda': 0.06037696073607924}. Best is trial 4 with value: 0.03715584873970544.
[I 2026-06-01 23:27:35,706] Trial 17 finished with value: -0.044293970412508876 and parameters: {'confidence_threshold': 0.5004748807695347, 'training_days': 370, 'n_estimators': 207, 'max_depth': 5, 'num_leaves': 44, 'learning_rate': 0.1918080789025061, 'subsample': 0.8737874005530064, 'colsample_bytree': 0.7437748625332827, 'min_child_samples': 55, 'reg_alpha': 6.229602473892305e-07, 'reg_lambda': 0.0007663612220490807}. Best is trial 4 with value: 0.03715584873970544.
[I 2026-06-01 23:27:36,031] A new study created in memory with name: no-name-92071abd-47e8-456f-91b9-287372c9a706
[I 2026-06-01 23:27:36,306] Trial 0 finished with value: -0.02426063252717007 and parameters: {'confidence_threshold': 0.5870645682749857, 'training_days': 90, 'n_estimators': 403, 'max_depth': 5, 'num_leaves': 45, 'learning_rate': 0.0780457193679974, 'subsample': 0.9428509515574568, 'colsample_bytree': 0.8795587339164916, 'min_child_samples': 34, 'reg_alpha': 2.2465901234314442e-07, 'reg_lambda': 8.339007036475363e-05}. Best is trial 0 with value: -0.02426063252717007.
[I 2026-06-01 23:27:36,472] Trial 1 finished with value: 0.007008872478197113 and parameters: {'confidence_threshold': 0.6348453934275313, 'training_days': 290, 'n_estimators': 115, 'max_depth': 5, 'num_leaves': 37, 'learning_rate': 0.06949568759029946, 'subsample': 0.8228505074024268, 'colsample_bytree': 0.8616703220431751, 'min_child_samples': 75, 'reg_alpha': 4.2486822725010923e-07, 'reg_lambda': 1.157247767047042e-07}. Best is trial 1 with value: 0.007008872478197113.
[I 2026-06-01 23:27:36,481] Trial 2 finished with value: -10.0 and parameters: {'confidence_threshold': 0.5849570384370288, 'training_days': 10, 'n_estimators': 212, 'max_depth': 3, 'num_leaves': 41, 'learning_rate': 0.18452095998378365, 'subsample': 0.6001060822924371, 'colsample_bytree': 0.5673167293506167, 'min_child_samples': 37, 'reg_alpha': 5.733250064217131, 'reg_lambda': 0.5308454292595461}. Best is trial 1 with value: 0.007008872478197113.
[I 2026-06-01 23:27:36,602] Trial 3 finished with value: -0.11279030594165251 and parameters: {'confidence_threshold': 0.6868248626683718, 'training_days': 220, 'n_estimators': 134, 'max_depth': 3, 'num_leaves': 45, 'learning_rate': 0.033529007907491595, 'subsample': 0.8647277071858408, 'colsample_bytree': 0.778494116634046, 'min_child_samples': 96, 'reg_alpha': 2.409409937265785e-07, 'reg_lambda': 1.1642073478060009}. Best is trial 1 with value: 0.007008872478197113.
[I 2026-06-01 23:27:36,736] Trial 4 finished with value: -0.017343211408411004 and parameters: {'confidence_threshold': 0.5623121348350352, 'training_days': 300, 'n_estimators': 69, 'max_depth': 4, 'num_leaves': 32, 'learning_rate': 0.14967629360700346, 'subsample': 0.5054535233636654, 'colsample_bytree': 0.7401385194659216, 'min_child_samples': 27, 'reg_alpha': 1.4212042567426725e-07, 'reg_lambda': 0.23605753701352003}. Best is trial 1 with value: 0.007008872478197113.
[I 2026-06-01 23:27:37,490] Trial 5 finished with value: 0.02671069801799563 and parameters: {'confidence_threshold': 0.7111850244908446, 'training_days': 490, 'n_estimators': 362, 'max_depth': 5, 'num_leaves': 40, 'learning_rate': 0.05960785724162737, 'subsample': 0.5589714368907717, 'colsample_bytree': 0.6659006943232806, 'min_child_samples': 42, 'reg_alpha': 0.6741360303045295, 'reg_lambda': 6.054601607143087e-08}. Best is trial 5 with value: 0.02671069801799563.
[I 2026-06-01 23:27:37,911] Trial 6 finished with value: 0.00047397750811298544 and parameters: {'confidence_threshold': 0.667482545748023, 'training_days': 420, 'n_estimators': 279, 'max_depth': 3, 'num_leaves': 45, 'learning_rate': 0.040099592560849204, 'subsample': 0.8563114696415159, 'colsample_bytree': 0.5442917781944105, 'min_child_samples': 50, 'reg_alpha': 1.6407916423707903e-08, 'reg_lambda': 2.935907642973286e-05}. Best is trial 5 with value: 0.02671069801799563.
[I 2026-06-01 23:27:38,333] Trial 7 finished with value: 0.02003446662686796 and parameters: {'confidence_threshold': 0.5497381024139926, 'training_days': 120, 'n_estimators': 408, 'max_depth': 5, 'num_leaves': 38, 'learning_rate': 0.28049122657745795, 'subsample': 0.8806573338635493, 'colsample_bytree': 0.5454054113547102, 'min_child_samples': 63, 'reg_alpha': 0.01263008637940408, 'reg_lambda': 0.04588020805366937}. Best is trial 5 with value: 0.02671069801799563.
[I 2026-06-01 23:27:38,896] Trial 8 finished with value: 0.08512307221379671 and parameters: {'confidence_threshold': 0.719644804808716, 'training_days': 450, 'n_estimators': 410, 'max_depth': 4, 'num_leaves': 57, 'learning_rate': 0.04022026551478857, 'subsample': 0.5336085426932707, 'colsample_bytree': 0.5705742850577543, 'min_child_samples': 100, 'reg_alpha': 5.916398047912201e-07, 'reg_lambda': 0.9794034214488329}. Best is trial 8 with value: 0.08512307221379671.
[I 2026-06-01 23:27:38,945] Trial 9 finished with value: -4.04643102246016 and parameters: {'confidence_threshold': 0.7267463643917187, 'training_days': 20, 'n_estimators': 337, 'max_depth': 5, 'num_leaves': 23, 'learning_rate': 0.022153031811454605, 'subsample': 0.6305627572358737, 'colsample_bytree': 0.6613413774216214, 'min_child_samples': 81, 'reg_alpha': 5.7638634029410314e-08, 'reg_lambda': 8.26603016764008}. Best is trial 8 with value: 0.08512307221379671.
[I 2026-06-01 23:27:39,634] Trial 10 finished with value: -1.8954602059376797 and parameters: {'confidence_threshold': 0.8283920119574972, 'training_days': 400, 'n_estimators': 485, 'max_depth': 4, 'num_leaves': 63, 'learning_rate': 0.011927505552849117, 'subsample': 0.7130289643560688, 'colsample_bytree': 0.9944479338273263, 'min_child_samples': 100, 'reg_alpha': 5.0239970328459277e-05, 'reg_lambda': 0.0028438774509831773}. Best is trial 8 with value: 0.08512307221379671.
[I 2026-06-01 23:27:41,011] Trial 11 finished with value: 0.03669351342751684 and parameters: {'confidence_threshold': 0.7828153509856824, 'training_days': 500, 'n_estimators': 478, 'max_depth': 4, 'num_leaves': 59, 'learning_rate': 0.0222741777320615, 'subsample': 0.5003027816920045, 'colsample_bytree': 0.6246686715546547, 'min_child_samples': 49, 'reg_alpha': 2.6958450673238232, 'reg_lambda': 7.301445086692247e-08}. Best is trial 8 with value: 0.08512307221379671.
[I 2026-06-01 23:27:41,704] Trial 12 finished with value: 0.09188049347132599 and parameters: {'confidence_threshold': 0.7852902068129668, 'training_days': 500, 'n_estimators': 490, 'max_depth': 4, 'num_leaves': 60, 'learning_rate': 0.015819891285760945, 'subsample': 0.6827568067725769, 'colsample_bytree': 0.6318374051608052, 'min_child_samples': 62, 'reg_alpha': 5.113460481149383e-05, 'reg_lambda': 2.084779946662195e-06}. Best is trial 12 with value: 0.09188049347132599.
[I 2026-06-01 23:27:42,401] Trial 13 finished with value: -0.07049431486012053 and parameters: {'confidence_threshold': 0.7787863434492263, 'training_days': 390, 'n_estimators': 497, 'max_depth': 4, 'num_leaves': 55, 'learning_rate': 0.010618031965020184, 'subsample': 0.6890320606141911, 'colsample_bytree': 0.5088274792618643, 'min_child_samples': 75, 'reg_alpha': 2.6036812785194108e-05, 'reg_lambda': 5.3176171231833344e-06}. Best is trial 12 with value: 0.09188049347132599.
[I 2026-06-01 23:27:42,851] Trial 14 finished with value: 0.028463207687954673 and parameters: {'confidence_threshold': 0.8470074194478043, 'training_days': 440, 'n_estimators': 426, 'max_depth': 4, 'num_leaves': 54, 'learning_rate': 0.018153812822886983, 'subsample': 0.7851487748866213, 'colsample_bytree': 0.6122042522489388, 'min_child_samples': 87, 'reg_alpha': 8.953608588738804e-06, 'reg_lambda': 0.00273897157326639}. Best is trial 12 with value: 0.09188049347132599.
[I 2026-06-01 23:27:43,220] Trial 15 finished with value: -0.03734896165994893 and parameters: {'confidence_threshold': 0.7594279795954488, 'training_days': 360, 'n_estimators': 309, 'max_depth': 4, 'num_leaves': 52, 'learning_rate': 0.03315599571523477, 'subsample': 0.6552768878668308, 'colsample_bytree': 0.7191346722043777, 'min_child_samples': 64, 'reg_alpha': 0.002133995302102601, 'reg_lambda': 1.696541273019803e-06}. Best is trial 12 with value: 0.09188049347132599.
[I 2026-06-01 23:27:43,617] Trial 16 finished with value: -0.08059895865932672 and parameters: {'confidence_threshold': 0.7488743699060686, 'training_days': 220, 'n_estimators': 229, 'max_depth': 4, 'num_leaves': 62, 'learning_rate': 0.0174444928121057, 'subsample': 0.7543865421398536, 'colsample_bytree': 0.6043444651212165, 'min_child_samples': 20, 'reg_alpha': 2.926835768025063e-06, 'reg_lambda': 0.000855876310048679}. Best is trial 12 with value: 0.09188049347132599.
