[I 2026-06-01 23:29:28,433] Trial 17 finished with value: 0.04634855545016185 and parameters: {'confidence_threshold': 0.6652429013116167, 'training_days': 140, 'n_estimators': 309, 'max_depth': 4, 'num_leaves': 54, 'learning_rate': 0.09693167020891817, 'subsample': 0.8366733523272174, 'colsample_bytree': 0.9956385980717998, 'min_child_samples': 35, 'reg_alpha': 3.568358169745509e-05, 'reg_lambda': 1.493656852319989e-06}. Best is trial 16 with value: 0.08242150090656479.
[I 2026-06-01 23:29:28,741] A new study created in memory with name: no-name-ca407826-601d-4626-a0cd-9cf325dc68d9

[trade:close] 2024-03-19 23:59 LTCUSDT LONG → stop_loss @ 77.73 | PnL=-9.37% (net -9.47%) | cum=+110.82% 2024-03=+7.32% 2024-03-19=-9.47%
[predict] 2024-03-21 16:00 LTCUSDT → SHORT (proba=0.77 TP=18.1%/SL=9.0%)
[trade:open] 2024-03-21 23:59 LTCUSDT SHORT @ 85.81 | SL=93.56 TP=70.30 | timeout=2024-03-28 23:59
[trade:close] 2024-03-26 23:59 LTCUSDT SHORT → stop_loss @ 93.56 | PnL=-9.03% (net -9.13%) | cum=+101.69% 2024-03=-1.81% 2024-03-26=-9.13%
[predict] 2024-03-27 16:00 LTCUSDT → SHORT (proba=0.76 TP=14.5%/SL=7.3%)
[trade:open] 2024-03-27 23:59 LTCUSDT SHORT @ 93.65 | SL=100.44 TP=80.06 | timeout=2024-04-03 23:59
[trade:close] 2024-03-29 15:59 LTCUSDT SHORT → stop_loss @ 100.44 | PnL=-7.26% (net -7.36%) | cum=+94.33% 2024-03=-9.17% 2024-03-29=-7.36%
[lgbm] === Training for 2024-04 ===
  Train window: 2022-04-01 → 2024-03-24
  2165 training samples from 1 symbols
  Samples per month: 2022-04: 84, 2022-05: 93, 2022-06: 90, 2022-07: 93, 2022-08: 93, 2022-09: 90, 2022-10: 93, 2022-11: 90, 2022-12: 93, 2023-01: 93, 2023-02: 84, 2023-03: 93, 2023-04: 90, 2023-05: 93, 2023-06: 90, 2023-07: 93, 2023-08: 93, 2023-09: 90, 2023-10: 93, 2023-11: 90, 2023-12: 93, 2024-01: 93, 2024-02: 87, 2024-03: 71
  [label] 2022-06-03 08:00 LTCUSDT entry=61.8000 → SHORT | long=sl(-6.83%) short=sl(-6.83%) | scanned=21 | no_tp→fwd_return=-7.0550
  [label] 2022-06-05 16:00 LTCUSDT entry=63.1000 → SHORT | long=sl(-5.50%) short=sl(-5.50%) | scanned=12 | no_tp→fwd_return=-4.6434
  [label] 2022-06-09 08:00 LTCUSDT entry=61.2700 → SHORT | long=sl(-6.16%) short=tp(+12.03%) | scanned=6 | short_tp_only
  [label] 2022-07-04 08:00 LTCUSDT entry=51.1700 → SHORT | long=timeout(-1.45%) short=sl(-7.60%) | scanned=22 | no_tp→fwd_return=-1.3484
  [label] 2022-08-25 08:00 LTCUSDT entry=56.2000 → SHORT | long=sl(-6.27%) short=timeout(+2.27%) | scanned=22 | no_tp→fwd_return=-2.3665
  [label] 2023-02-07 00:00 LTCUSDT entry=98.8700 → SHORT | long=sl(-5.07%) short=tp(+9.83%) | scanned=20 | short_tp_only
  [label] 2023-02-11 08:00 LTCUSDT entry=93.6700 → LONG | long=sl(-5.31%) short=sl(-5.31%) | scanned=13 | no_tp→fwd_return=+9.7683
  [label] 2023-02-22 00:00 LTCUSDT entry=95.0600 → LONG | long=sl(-5.46%) short=timeout(-2.51%) | scanned=22 | no_tp→fwd_return=+2.4090
  [label] 2023-04-07 16:00 LTCUSDT entry=90.5600 → LONG | long=tp(+8.95%) short=sl(-4.63%) | scanned=19 | long_tp_only
  [label] 2023-04-16 08:00 LTCUSDT entry=101.3400 → SHORT | long=sl(-4.59%) short=tp(+8.88%) | scanned=10 | short_tp_only
  [label] 2023-07-15 16:00 LTCUSDT entry=94.7400 → SHORT | long=timeout(-2.94%) short=timeout(+2.74%) | scanned=22 | no_tp→fwd_return=-2.8393
  [label] 2023-08-16 08:00 LTCUSDT entry=77.9500 → SHORT | long=sl(-3.54%) short=tp(+6.78%) | scanned=1 | short_tp_only
  [label] 2023-09-01 08:00 LTCUSDT entry=63.1800 → SHORT | long=timeout(-1.11%) short=timeout(+0.91%) | scanned=22 | no_tp→fwd_return=-1.0130
  [label] 2023-09-14 00:00 LTCUSDT entry=62.4600 → LONG | long=tp(+9.16%) short=sl(-4.73%) | scanned=16 | long_tp_only
  [label] 2023-10-02 16:00 LTCUSDT entry=65.9200 → SHORT | long=sl(-3.81%) short=timeout(+4.28%) | scanned=22 | no_tp→fwd_return=-4.3841
  [label] 2023-10-08 16:00 LTCUSDT entry=65.2900 → SHORT | long=sl(-2.67%) short=tp(+5.05%) | scanned=3 | short_tp_only
  [label] 2023-10-21 00:00 LTCUSDT entry=64.0800 → LONG | long=tp(+6.03%) short=sl(-3.17%) | scanned=8 | long_tp_only
  [label] 2023-11-29 16:00 LTCUSDT entry=70.0300 → LONG | long=tp(+6.77%) short=sl(-3.53%) | scanned=13 | long_tp_only
  [label] 2023-12-09 08:00 LTCUSDT entry=77.6100 → SHORT | long=sl(-4.69%) short=tp(+9.07%) | scanned=5 | short_tp_only
  [label] 2024-03-04 08:00 LTCUSDT entry=90.4500 → SHORT | long=sl(-8.59%) short=tp(+16.89%) | scanned=4 | short_tp_only
  Labels: 1108 long (51.2%), 1057 short (48.8%) | weights: min=1.00, mean=3.22, max=10.00
  Features: 2165/2165 matched, 49 columns
  CV gap: 22 rows
  [ensemble 1/3] seed=42
    [trial 0] 49 features, training_days=480 | threshold=0.631 | labels: 1108 long, 1057 short (51/49%)
    [CV fold 0] train_end=2022-07-26 00:00 | val_start=2022-08-02 16:00 | gap=184h (22 rows)
    [CV fold 1] train_end=2022-11-23 00:00 | val_start=2022-11-30 16:00 | gap=184h (22 rows)
    [CV fold 2] train_end=2023-03-23 00:00 | val_start=2023-03-30 16:00 | gap=184h (22 rows)
    [CV fold 3] train_end=2023-07-21 00:00 | val_start=2023-07-28 16:00 | gap=184h (22 rows)
    [CV fold 4] train_end=2023-11-18 00:00 | val_start=2023-11-25 16:00 | gap=184h (22 rows)
    [trial 0] Sharpe=-0.0262 (folds: -0.1528, -0.2145, 0.0484, -0.0356, 0.2235)
    [trial 1] 49 features, training_days=420 | threshold=0.839 | labels: 1108 long, 1057 short (51/49%)
    [trial 1] Sharpe=-2.0354 (folds: -0.6034, 0.0439, -10.0000, 0.1333, 0.2490)
    [trial 2] 49 features, training_days=190 | threshold=0.602 | labels: 1108 long, 1057 short (51/49%)
    [trial 2] Sharpe=0.0377 (folds: -0.0772, -0.0002, 0.0466, 0.1499, 0.0693)
    [trial 3] 49 features, training_days=490 | threshold=0.832 | labels: 1108 long, 1057 short (51/49%)
    [trial 3] Sharpe=-0.0072 (folds: -0.1822, -0.1833, 0.0674, 0.0726, 0.1896)
    [trial 4] 49 features, training_days=340 | threshold=0.591 | labels: 1108 long, 1057 short (51/49%)
    [trial 4] Sharpe=-0.0363 (folds: -0.0780, -0.2114, 0.0248, -0.0736, 0.1566)
    [trial 5] 49 features, training_days=50 | threshold=0.823 | labels: 1108 long, 1057 short (51/49%)
    [trial 5] Sharpe=0.0596 (folds: 0.0412, 0.1179, 0.0192, -0.0897, 0.2097)
    [trial 6] 49 features, training_days=410 | threshold=0.549 | labels: 1108 long, 1057 short (51/49%)
    [trial 6] Sharpe=-0.0098 (folds: -0.0757, -0.2229, 0.0269, -0.0353, 0.2581)
    [trial 7] 49 features, training_days=180 | threshold=0.526 | labels: 1108 long, 1057 short (51/49%)
    [trial 7] Sharpe=0.0340 (folds: -0.1920, 0.0479, 0.0468, 0.2015, 0.0656)
    [trial 8] 49 features, training_days=240 | threshold=0.811 | labels: 1108 long, 1057 short (51/49%)
    [trial 8] Sharpe=-0.1063 (folds: -0.4116, -0.1614, 0.0090, -0.0814, 0.1138)
    [trial 9] 49 features, training_days=20 | threshold=0.538 | labels: 1108 long, 1057 short (51/49%)
    [trial 9] Sharpe=0.0165 (folds: 0.0710, 0.1626, -0.1014, 0.0584, -0.1081)
    [trial 10] 49 features, training_days=10 | threshold=0.732 | labels: 1108 long, 1057 short (51/49%)
    [trial 10] Sharpe=-1.9983 (folds: -0.2316, 0.1626, 0.0193, 0.0584, -10.0000)
    [trial 11] 49 features, training_days=120 | threshold=0.703 | labels: 1108 long, 1057 short (51/49%)
    [trial 11] Sharpe=-0.0057 (folds: -0.2792, -0.0047, -0.0667, 0.2329, 0.0894)
    [trial 12] 49 features, training_days=110 | threshold=0.767 | labels: 1108 long, 1057 short (51/49%)
    [trial 12] Sharpe=0.0589 (folds: -0.1670, 0.0716, -0.0482, 0.3180, 0.1201)
    [trial 13] 49 features, training_days=100 | threshold=0.774 | labels: 1108 long, 1057 short (51/49%)
    [trial 13] Sharpe=0.0656 (folds: -0.1429, 0.0943, -0.0327, 0.2098, 0.1993)
    [trial 14] 49 features, training_days=80 | threshold=0.759 | labels: 1108 long, 1057 short (51/49%)
    [trial 14] Sharpe=0.0421 (folds: -0.0160, 0.0332, -0.1437, 0.0676, 0.2691)
    [trial 15] 49 features, training_days=290 | threshold=0.788 | labels: 1108 long, 1057 short (51/49%)
    [trial 15] Sharpe=-2.0625 (folds: -0.7660, -0.0064, -10.0000, 0.3462, 0.1135)
    [trial 16] 49 features, training_days=50 | threshold=0.676 | labels: 1108 long, 1057 short (51/49%)
    [trial 16] Sharpe=0.0824 (folds: 0.0327, 0.1916, 0.0702, -0.1495, 0.2672)
    [trial 17] 49 features, training_days=140 | threshold=0.665 | labels: 1108 long, 1057 short (51/49%)
    [trial 17] Sharpe=0.0463 (folds: -0.0685, 0.1030, -0.0223, 0.1767, 0.0428)
  Optuna: 18 trials, best Sharpe = 0.0824
  Best params: n_estimators=171, max_depth=3, lr=0.0981, leaves=54
  Best confidence_threshold: 0.676
  Best training_days: 50
  Retrained on full data (150 samples, 49 features)
  [ensemble 2/3] seed=123
    [trial 0] 49 features, training_days=150 | threshold=0.744 | labels: 1108 long, 1057 short (51/49%)
    [CV fold 0] train_end=2022-07-26 00:00 | val_start=2022-08-02 16:00 | gap=184h (22 rows)[I 2026-06-01 23:29:28,845] Trial 0 finished with value: 0.0650521228247664 and parameters: {'confidence_threshold': 0.7437642149592516, 'training_days': 150, 'n_estimators': 152, 'max_depth': 4, 'num_leaves': 50, 'learning_rate': 0.04216766425047743, 'subsample': 0.9903820991923078, 'colsample_bytree': 0.8424148692924316, 'min_child_samples': 58, 'reg_alpha': 3.381097259762742e-05, 'reg_lambda': 1.2263152961306247e-05}. Best is trial 0 with value: 0.0650521228247664.
[I 2026-06-01 23:29:28,921] Trial 1 finished with value: -2.0403851289989126 and parameters: {'confidence_threshold': 0.7551673975844145, 'training_days': 220, 'n_estimators': 76, 'max_depth': 4, 'num_leaves': 51, 'learning_rate': 0.018602118810743477, 'subsample': 0.5877258780737462, 'colsample_bytree': 0.7657756869209191, 'min_child_samples': 63, 'reg_alpha': 0.005123994170264194, 'reg_lambda': 0.44145470178120466}. Best is trial 0 with value: 0.0650521228247664.
[I 2026-06-01 23:29:29,195] Trial 2 finished with value: -0.04460655877771264 and parameters: {'confidence_threshold': 0.7535593637012223, 'training_days': 310, 'n_estimators': 375, 'max_depth': 3, 'num_leaves': 32, 'learning_rate': 0.021735641882032388, 'subsample': 0.6468570231944146, 'colsample_bytree': 0.8154880619272439, 'min_child_samples': 27, 'reg_alpha': 8.004064028491336e-05, 'reg_lambda': 7.546835261630524e-05}. Best is trial 0 with value: 0.0650521228247664.
[I 2026-06-01 23:29:29,385] Trial 3 finished with value: -0.007954429718890798 and parameters: {'confidence_threshold': 0.6727897841776072, 'training_days': 220, 'n_estimators': 190, 'max_depth': 4, 'num_leaves': 58, 'learning_rate': 0.24810689332636193, 'subsample': 0.7509183379421682, 'colsample_bytree': 0.8119764758960556, 'min_child_samples': 29, 'reg_alpha': 7.1708285081421445e-06, 'reg_lambda': 5.412973582738627e-05}. Best is trial 0 with value: 0.0650521228247664.
[I 2026-06-01 23:29:29,522] Trial 4 finished with value: -0.017481682157391883 and parameters: {'confidence_threshold': 0.803208205259178, 'training_days': 130, 'n_estimators': 267, 'max_depth': 5, 'num_leaves': 40, 'learning_rate': 0.08041175317374143, 'subsample': 0.5603143329951619, 'colsample_bytree': 0.9131704002534167, 'min_child_samples': 68, 'reg_alpha': 0.0008046593428183385, 'reg_lambda': 1.2158346158765583e-05}. Best is trial 0 with value: 0.0650521228247664.
[I 2026-06-01 23:29:29,793] Trial 5 finished with value: 0.010087888546759283 and parameters: {'confidence_threshold': 0.6064422761595144, 'training_days': 210, 'n_estimators': 357, 'max_depth': 5, 'num_leaves': 40, 'learning_rate': 0.0974221287220869, 'subsample': 0.7929682762811064, 'colsample_bytree': 0.8124517510478, 'min_child_samples': 74, 'reg_alpha': 0.3811377260781234, 'reg_lambda': 5.607314238392041e-08}. Best is trial 0 with value: 0.0650521228247664.
[I 2026-06-01 23:29:29,916] Trial 6 finished with value: 0.031398418222061276 and parameters: {'confidence_threshold': 0.7672889945051684, 'training_days': 130, 'n_estimators': 137, 'max_depth': 4, 'num_leaves': 19, 'learning_rate': 0.2031117614248665, 'subsample': 0.8136244860256343, 'colsample_bytree': 0.8617081790949774, 'min_child_samples': 21, 'reg_alpha': 0.002238138278733199, 'reg_lambda': 0.001025809534977322}. Best is trial 0 with value: 0.0650521228247664.
[I 2026-06-01 23:29:29,997] Trial 7 finished with value: 0.02614279924942716 and parameters: {'confidence_threshold': 0.555635875450653, 'training_days': 80, 'n_estimators': 363, 'max_depth': 3, 'num_leaves': 48, 'learning_rate': 0.06590089024008658, 'subsample': 0.6944752870615722, 'colsample_bytree': 0.962566244806993, 'min_child_samples': 88, 'reg_alpha': 1.6465620446426067e-05, 'reg_lambda': 2.4678750890085655e-08}. Best is trial 0 with value: 0.0650521228247664.
[I 2026-06-01 23:29:30,373] Trial 8 finished with value: 0.026240996485723034 and parameters: {'confidence_threshold': 0.6066688256938841, 'training_days': 200, 'n_estimators': 367, 'max_depth': 5, 'num_leaves': 32, 'learning_rate': 0.13377519215934996, 'subsample': 0.7965884582811106, 'colsample_bytree': 0.8458508993500886, 'min_child_samples': 32, 'reg_alpha': 3.889436043816386e-05, 'reg_lambda': 1.4713062489380356e-06}. Best is trial 0 with value: 0.0650521228247664.
[I 2026-06-01 23:29:30,620] Trial 9 finished with value: -0.014780408389202327 and parameters: {'confidence_threshold': 0.6202096049169137, 'training_days': 260, 'n_estimators': 350, 'max_depth': 3, 'num_leaves': 21, 'learning_rate': 0.02989540198065364, 'subsample': 0.8307821683331218, 'colsample_bytree': 0.923253112635361, 'min_child_samples': 64, 'reg_alpha': 0.4898604619604203, 'reg_lambda': 2.9076377687066166e-05}. Best is trial 0 with value: 0.0650521228247664.
[I 2026-06-01 23:29:31,087] Trial 10 finished with value: -0.03467100391952099 and parameters: {'confidence_threshold': 0.8445241688507242, 'training_days': 470, 'n_estimators': 493, 'max_depth': 4, 'num_leaves': 63, 'learning_rate': 0.010221918552934462, 'subsample': 0.9783426417503635, 'colsample_bytree': 0.6202684210924141, 'min_child_samples': 46, 'reg_alpha': 1.452403597240567e-08, 'reg_lambda': 0.02027317446694866}. Best is trial 0 with value: 0.0650521228247664.
[I 2026-06-01 23:29:31,116] Trial 11 finished with value: 0.016480998073311093 and parameters: {'confidence_threshold': 0.7263621239445149, 'training_days': 20, 'n_estimators': 99, 'max_depth': 4, 'num_leaves': 20, 'learning_rate': 0.27998203834948215, 'subsample': 0.9953713681058338, 'colsample_bytree': 0.6612241103206169, 'min_child_samples': 48, 'reg_alpha': 2.9911612532409865e-07, 'reg_lambda': 0.007364523359426745}. Best is trial 0 with value: 0.0650521228247664.
[I 2026-06-01 23:29:31,258] Trial 12 finished with value: -0.018255632886465017 and parameters: {'confidence_threshold': 0.6885368974453678, 'training_days': 360, 'n_estimators': 181, 'max_depth': 4, 'num_leaves': 15, 'learning_rate': 0.04335443308409958, 'subsample': 0.8941395335595879, 'colsample_bytree': 0.5201164353688423, 'min_child_samples': 100, 'reg_alpha': 0.011587272495943669, 'reg_lambda': 0.003961388082671552}. Best is trial 0 with value: 0.0650521228247664.
[I 2026-06-01 23:29:31,367] Trial 13 finished with value: 0.02884838770346292 and parameters: {'confidence_threshold': 0.8101719544389032, 'training_days': 120, 'n_estimators': 160, 'max_depth': 4, 'num_leaves': 49, 'learning_rate': 0.15152203000979778, 'subsample': 0.8926700755942818, 'colsample_bytree': 0.7082407533656954, 'min_child_samples': 44, 'reg_alpha': 0.028156791715610006, 'reg_lambda': 0.0008749117989186148}. Best is trial 0 with value: 0.0650521228247664.
[I 2026-06-01 23:29:31,397] Trial 14 finished with value: 0.016480998073311093 and parameters: {'confidence_threshold': 0.6968624890517784, 'training_days': 20, 'n_estimators': 236, 'max_depth': 4, 'num_leaves': 30, 'learning_rate': 0.04434186931015897, 'subsample': 0.9145732601973529, 'colsample_bytree': 0.9959348592397881, 'min_child_samples': 80, 'reg_alpha': 1.1965699977759898e-06, 'reg_lambda': 1.2172611843961524e-06}. Best is trial 0 with value: 0.0650521228247664.
[I 2026-06-01 23:29:31,481] Trial 15 finished with value: 0.007660438676983258 and parameters: {'confidence_threshold': 0.5026055290809989, 'training_days': 130, 'n_estimators': 119, 'max_depth': 5, 'num_leaves': 44, 'learning_rate': 0.15801358013443828, 'subsample': 0.507007918467014, 'colsample_bytree': 0.8822642609286131, 'min_child_samples': 22, 'reg_alpha': 7.209816057093941, 'reg_lambda': 3.5532501480887757}. Best is trial 0 with value: 0.0650521228247664.
[I 2026-06-01 23:29:31,531] Trial 16 finished with value: -5.778525460894856 and parameters: {'confidence_threshold': 0.7787962227123225, 'training_days': 80, 'n_estimators': 50, 'max_depth': 3, 'num_leaves': 55, 'learning_rate': 0.031881297714316296, 'subsample': 0.9489233969958244, 'colsample_bytree': 0.7369444896723635, 'min_child_samples': 54, 'reg_alpha': 0.000762323791867669, 'reg_lambda': 0.06037696073607924}. Best is trial 0 with value: 0.0650521228247664.
[I 2026-06-01 23:29:31,712] Trial 17 finished with value: -0.02472819470321174 and parameters: {'confidence_threshold': 0.721916155125697, 'training_days': 370, 'n_estimators': 142, 'max_depth': 4, 'num_leaves': 29, 'learning_rate': 0.05883052339834492, 'subsample': 0.842465951493765, 'colsample_bytree': 0.8887148911355028, 'min_child_samples': 34, 'reg_alpha': 0.00044840837681558, 'reg_lambda': 0.000771932208723768}. Best is trial 0 with value: 0.0650521228247664.
[I 2026-06-01 23:29:32,041] A new study created in memory with name: no-name-51c683ae-9597-4bd1-8096-956fa7600389
[I 2026-06-01 23:29:32,246] Trial 0 finished with value: 0.03334475655809132 and parameters: {'confidence_threshold': 0.5870645682749857, 'training_days': 90, 'n_estimators': 403, 'max_depth': 5, 'num_leaves': 45, 'learning_rate': 0.0780457193679974, 'subsample': 0.9428509515574568, 'colsample_bytree': 0.8795587339164916, 'min_child_samples': 34, 'reg_alpha': 2.2465901234314442e-07, 'reg_lambda': 8.339007036475363e-05}. Best is trial 0 with value: 0.03334475655809132.
[I 2026-06-01 23:29:32,352] Trial 1 finished with value: 0.021714765100887524 and parameters: {'confidence_threshold': 0.6348453934275313, 'training_days': 290, 'n_estimators': 115, 'max_depth': 5, 'num_leaves': 37, 'learning_rate': 0.06949568759029946, 'subsample': 0.8228505074024268, 'colsample_bytree': 0.8616703220431751, 'min_child_samples': 75, 'reg_alpha': 4.2486822725010923e-07, 'reg_lambda': 1.157247767047042e-07}. Best is trial 0 with value: 0.03334475655809132.
[I 2026-06-01 23:29:32,373] Trial 2 finished with value: -0.019887469908640622 and parameters: {'confidence_threshold': 0.5849570384370288, 'training_days': 10, 'n_estimators': 212, 'max_depth': 3, 'num_leaves': 41, 'learning_rate': 0.18452095998378365, 'subsample': 0.6001060822924371, 'colsample_bytree': 0.5673167293506167, 'min_child_samples': 37, 'reg_alpha': 5.733250064217131, 'reg_lambda': 0.5308454292595461}. Best is trial 0 with value: 0.03334475655809132.
[I 2026-06-01 23:29:32,450] Trial 3 finished with value: 0.010799000505104305 and parameters: {'confidence_threshold': 0.6868248626683718, 'training_days': 220, 'n_estimators': 134, 'max_depth': 3, 'num_leaves': 45, 'learning_rate': 0.033529007907491595, 'subsample': 0.8647277071858408, 'colsample_bytree': 0.778494116634046, 'min_child_samples': 96, 'reg_alpha': 2.409409937265785e-07, 'reg_lambda': 1.1642073478060009}. Best is trial 0 with value: 0.03334475655809132.
[I 2026-06-01 23:29:32,541] Trial 4 finished with value: 0.006867075616568985 and parameters: {'confidence_threshold': 0.5623121348350352, 'training_days': 300, 'n_estimators': 69, 'max_depth': 4, 'num_leaves': 32, 'learning_rate': 0.14967629360700346, 'subsample': 0.5054535233636654, 'colsample_bytree': 0.7401385194659216, 'min_child_samples': 27, 'reg_alpha': 1.4212042567426725e-07, 'reg_lambda': 0.23605753701352003}. Best is trial 0 with value: 0.03334475655809132.
[I 2026-06-01 23:29:32,992] Trial 5 finished with value: -0.02864673963550038 and parameters: {'confidence_threshold': 0.7111850244908446, 'training_days': 490, 'n_estimators': 362, 'max_depth': 5, 'num_leaves': 40, 'learning_rate': 0.05960785724162737, 'subsample': 0.5589714368907717, 'colsample_bytree': 0.6659006943232806, 'min_child_samples': 42, 'reg_alpha': 0.6741360303045295, 'reg_lambda': 6.054601607143087e-08}. Best is trial 0 with value: 0.03334475655809132.
[I 2026-06-01 23:29:33,195] Trial 6 finished with value: -0.025822881087994777 and parameters: {'confidence_threshold': 0.667482545748023, 'training_days': 420, 'n_estimators': 279, 'max_depth': 3, 'num_leaves': 45, 'learning_rate': 0.040099592560849204, 'subsample': 0.8563114696415159, 'colsample_bytree': 0.5442917781944105, 'min_child_samples': 50, 'reg_alpha': 1.6407916423707903e-08, 'reg_lambda': 2.935907642973286e-05}. Best is trial 0 with value: 0.03334475655809132.
[I 2026-06-01 23:29:33,367] Trial 7 finished with value: 0.022407174470787473 and parameters: {'confidence_threshold': 0.5497381024139926, 'training_days': 120, 'n_estimators': 408, 'max_depth': 5, 'num_leaves': 38, 'learning_rate': 0.28049122657745795, 'subsample': 0.8806573338635493, 'colsample_bytree': 0.5454054113547102, 'min_child_samples': 63, 'reg_alpha': 0.01263008637940408, 'reg_lambda': 0.04588020805366937}. Best is trial 0 with value: 0.03334475655809132.
[I 2026-06-01 23:29:33,655] Trial 8 finished with value: 0.005737001579757023 and parameters: {'confidence_threshold': 0.719644804808716, 'training_days': 450, 'n_estimators': 410, 'max_depth': 4, 'num_leaves': 57, 'learning_rate': 0.04022026551478857, 'subsample': 0.5336085426932707, 'colsample_bytree': 0.5705742850577543, 'min_child_samples': 100, 'reg_alpha': 5.916398047912201e-07, 'reg_lambda': 0.9794034214488329}. Best is trial 0 with value: 0.03334475655809132.
