[I 2026-06-01 23:31:55,628] Trial 15 finished with value: 0.11718146537203007 and parameters: {'confidence_threshold': 0.7817693779847994, 'training_days': 340, 'n_estimators': 292, 'max_depth': 4, 'num_leaves': 25, 'learning_rate': 0.018445727498409916, 'subsample': 0.6512150728280258, 'colsample_bytree': 0.895706065509424, 'min_child_samples': 21, 'reg_alpha': 0.07116268280773237, 'reg_lambda': 1.817775968108823e-06}. Best is trial 14 with value: 0.17422699536222905.
[I 2026-06-01 23:31:56,122] Trial 16 finished with value: 0.043520413919404796 and parameters: {'confidence_threshold': 0.7809712285122007, 'training_days': 210, 'n_estimators': 446, 'max_depth': 4, 'num_leaves': 22, 'learning_rate': 0.019623921814413022, 'subsample': 0.7730073287921754, 'colsample_bytree': 0.9180469867451649, 'min_child_samples': 20, 'reg_alpha': 0.0011628693248289324, 'reg_lambda': 0.0038218928325505492}. Best is trial 14 with value: 0.17422699536222905.
[I 2026-06-01 23:31:56,420] Trial 17 finished with value: 0.1701936691403505 and parameters: {'confidence_threshold': 0.7873735958410488, 'training_days': 430, 'n_estimators': 354, 'max_depth': 3, 'num_leaves': 26, 'learning_rate': 0.015232064422929322, 'subsample': 0.6685537516549362, 'colsample_bytree': 0.8257763857028573, 'min_child_samples': 43, 'reg_alpha': 2.9540500592881893e-05, 'reg_lambda': 1.3428092985928734e-06}. Best is trial 14 with value: 0.17422699536222905.

    [trial 7] 49 features, training_days=80 | threshold=0.556 | labels: 1070 long, 1101 short (49/51%)
    [trial 7] Sharpe=0.0818 (folds: 0.0638, 0.1455, 0.3248, 0.0045, -0.1295)
    [trial 8] 49 features, training_days=200 | threshold=0.607 | labels: 1070 long, 1101 short (49/51%)
    [trial 8] Sharpe=0.0585 (folds: 0.0490, 0.0884, 0.2042, -0.0991, 0.0498)
    [trial 9] 49 features, training_days=260 | threshold=0.620 | labels: 1070 long, 1101 short (49/51%)
    [trial 9] Sharpe=0.0852 (folds: 0.2164, 0.0403, 0.1471, -0.0049, 0.0271)
    [trial 10] 49 features, training_days=470 | threshold=0.845 | labels: 1070 long, 1101 short (49/51%)
    [trial 10] Sharpe=0.1877 (folds: 0.4120, -0.0383, 0.5532, -0.0893, 0.1009)
    [trial 11] 49 features, training_days=480 | threshold=0.837 | labels: 1070 long, 1101 short (49/51%)
    [trial 11] Sharpe=0.1636 (folds: 0.3658, -0.0322, 0.6271, -0.0768, -0.0661)
    [trial 12] 49 features, training_days=400 | threshold=0.831 | labels: 1070 long, 1101 short (49/51%)
    [trial 12] Sharpe=-10.0000 (folds: -10.0000, -10.0000, -10.0000, -10.0000, -10.0000)
    [trial 13] 49 features, training_days=10 | threshold=0.720 | labels: 1070 long, 1101 short (49/51%)
    [trial 13] Sharpe=-2.0399 (folds: 0.0982, -0.0975, -0.0258, -10.0000, -0.1743)
    [trial 14] 49 features, training_days=350 | threshold=0.697 | labels: 1070 long, 1101 short (49/51%)
    [trial 14] Sharpe=-2.1053 (folds: -10.0000, 0.1238, 0.6775, -0.9050, -0.4229)
    [trial 15] 49 features, training_days=500 | threshold=0.790 | labels: 1070 long, 1101 short (49/51%)
    [trial 15] Sharpe=0.1567 (folds: 0.3138, -0.1235, 0.4639, 0.1969, -0.0678)
    [trial 16] 49 features, training_days=430 | threshold=0.835 | labels: 1070 long, 1101 short (49/51%)
    [trial 16] Sharpe=0.1189 (folds: 0.3001, 0.0524, 0.4732, -0.1434, -0.0880)
    [trial 17] 49 features, training_days=300 | threshold=0.500 | labels: 1070 long, 1101 short (49/51%)
    [trial 17] Sharpe=0.0896 (folds: 0.2243, 0.0105, 0.3247, -0.0334, -0.0780)
  Optuna: 18 trials, best Sharpe = 0.2297
  Best params: n_estimators=76, max_depth=4, lr=0.0186, leaves=51
  Best confidence_threshold: 0.755
  Best training_days: 220
  Retrained on full data (660 samples, 49 features)
  [ensemble 3/3] seed=456
    [trial 0] 49 features, training_days=90 | threshold=0.587 | labels: 1070 long, 1101 short (49/51%)
    [CV fold 0] train_end=2023-05-26 08:00 | val_start=2023-06-03 00:00 | gap=184h (22 rows)
    [CV fold 1] train_end=2023-09-23 16:00 | val_start=2023-10-01 08:00 | gap=184h (22 rows)
    [CV fold 2] train_end=2024-01-22 00:00 | val_start=2024-01-29 16:00 | gap=184h (22 rows)
    [CV fold 3] train_end=2024-05-21 08:00 | val_start=2024-05-29 00:00 | gap=184h (22 rows)
    [CV fold 4] train_end=2024-09-18 16:00 | val_start=2024-09-26 08:00 | gap=184h (22 rows)
    [trial 0] Sharpe=0.0768 (folds: 0.1649, 0.1536, 0.2560, -0.2233, 0.0331)
    [trial 1] 49 features, training_days=290 | threshold=0.635 | labels: 1070 long, 1101 short (49/51%)
    [trial 1] Sharpe=0.0838 (folds: 0.2173, 0.0054, 0.3178, -0.0307, -0.0906)
    [trial 2] 49 features, training_days=10 | threshold=0.585 | labels: 1070 long, 1101 short (49/51%)
    [trial 2] Sharpe=-0.0436 (folds: 0.0982, -0.0975, -0.0258, -0.0187, -0.1743)
    [trial 3] 49 features, training_days=220 | threshold=0.687 | labels: 1070 long, 1101 short (49/51%)
    [trial 3] Sharpe=0.0550 (folds: 0.3131, -0.0839, 0.2289, -0.0140, -0.1689)
    [trial 4] 49 features, training_days=300 | threshold=0.562 | labels: 1070 long, 1101 short (49/51%)
    [trial 4] Sharpe=0.0627 (folds: 0.1522, 0.0050, 0.2677, -0.1005, -0.0108)
    [trial 5] 49 features, training_days=490 | threshold=0.711 | labels: 1070 long, 1101 short (49/51%)
    [trial 5] Sharpe=0.1313 (folds: 0.1667, 0.0245, 0.2844, 0.1596, 0.0210)
    [trial 6] 49 features, training_days=420 | threshold=0.667 | labels: 1070 long, 1101 short (49/51%)
    [trial 6] Sharpe=0.1033 (folds: 0.1216, 0.0268, 0.3862, 0.0671, -0.0849)
    [trial 7] 49 features, training_days=120 | threshold=0.550 | labels: 1070 long, 1101 short (49/51%)
    [trial 7] Sharpe=0.0367 (folds: 0.1088, -0.1964, 0.2855, -0.0269, 0.0126)
    [trial 8] 49 features, training_days=450 | threshold=0.720 | labels: 1070 long, 1101 short (49/51%)
    [trial 8] Sharpe=0.1087 (folds: 0.2530, -0.1191, 0.3298, 0.1671, -0.0871)
    [trial 9] 49 features, training_days=20 | threshold=0.727 | labels: 1070 long, 1101 short (49/51%)
    [trial 9] Sharpe=-1.9962 (folds: -10.0000, -0.0248, -0.0258, -0.0187, 0.0886)
    [trial 10] 49 features, training_days=490 | threshold=0.828 | labels: 1070 long, 1101 short (49/51%)
    [trial 10] Sharpe=0.1486 (folds: 0.2738, -0.0248, 0.4902, 0.0025, 0.0011)
    [trial 11] 49 features, training_days=500 | threshold=0.843 | labels: 1070 long, 1101 short (49/51%)
    [trial 11] Sharpe=0.1710 (folds: 0.4689, -0.0173, 0.5481, -0.0752, -0.0696)
    [trial 12] 49 features, training_days=370 | threshold=0.844 | labels: 1070 long, 1101 short (49/51%)
    [trial 12] Sharpe=0.1040 (folds: 0.3228, 0.0142, 0.4700, -0.0742, -0.2129)
    [trial 13] 49 features, training_days=380 | threshold=0.849 | labels: 1070 long, 1101 short (49/51%)
    [trial 13] Sharpe=0.0646 (folds: 0.3453, -0.1117, 0.5572, -0.2271, -0.2408)
    [trial 14] 49 features, training_days=470 | threshold=0.792 | labels: 1070 long, 1101 short (49/51%)
    [trial 14] Sharpe=0.1742 (folds: 0.2708, 0.0057, 0.4619, 0.1371, -0.0043)
    [trial 15] 49 features, training_days=340 | threshold=0.782 | labels: 1070 long, 1101 short (49/51%)
    [trial 15] Sharpe=0.1172 (folds: 0.2373, 0.0288, 0.4451, -0.0645, -0.0607)
    [trial 16] 49 features, training_days=210 | threshold=0.781 | labels: 1070 long, 1101 short (49/51%)
    [trial 16] Sharpe=0.0435 (folds: 0.2679, -0.0065, 0.1477, -0.1008, -0.0907)
    [trial 17] 49 features, training_days=430 | threshold=0.787 | labels: 1070 long, 1101 short (49/51%)
    [trial 17] Sharpe=0.1702 (folds: 0.2789, 0.0643, 0.5720, -0.0692, 0.0051)
  Optuna: 18 trials, best Sharpe = 0.1742
  Best params: n_estimators=458, max_depth=4, lr=0.0173, leaves=24
  Best confidence_threshold: 0.792
  Best training_days: 470
  Retrained on full data (1410 samples, 49 features)
  OOD: 16 features, cutoff (q=0.7) = 13.34
  Model trained for 2025-02: 84 test candles with features, confidence_threshold=0.790
[predict] 2025-02-16 00:00 LTCUSDT → SHORT (proba=0.87 TP=17.1%/SL=8.6%)
[trade:open] 2025-02-16 07:59 LTCUSDT SHORT @ 132.38 | SL=143.72 TP=109.70 | timeout=2025-02-23 07:59
[trade:close] 2025-02-23 08:00 LTCUSDT SHORT → timeout @ 128.08 | PnL=+3.25% (net +3.15%) | cum=+157.21% 2025-02=+3.15% 2025-02-23=+3.15%
[lgbm] === Training for 2025-03 ===
  Train window: 2023-03-01 → 2025-02-21
  2171 training samples from 1 symbols
  Samples per month: 2023-03: 93, 2023-04: 90, 2023-05: 93, 2023-06: 90, 2023-07: 93, 2023-08: 93, 2023-09: 90, 2023-10: 93, 2023-11: 90, 2023-12: 93, 2024-01: 93, 2024-02: 87, 2024-03: 93, 2024-04: 90, 2024-05: 93, 2024-06: 90, 2024-07: 93, 2024-08: 93, 2024-09: 90, 2024-10: 93, 2024-11: 90, 2024-12: 93, 2025-01: 93, 2025-02: 62
  [label] 2023-05-01 16:00 LTCUSDT entry=86.7100 → SHORT | long=sl(-4.87%) short=tp(+9.44%) | scanned=21 | short_tp_only
  [label] 2023-05-04 00:00 LTCUSDT entry=88.0900 → SHORT | long=sl(-4.52%) short=tp(+8.74%) | scanned=12 | short_tp_only
  [label] 2023-05-07 16:00 LTCUSDT entry=83.3700 → SHORT | long=sl(-4.65%) short=tp(+9.00%) | scanned=3 | short_tp_only
  [label] 2023-06-01 08:00 LTCUSDT entry=94.9000 → SHORT | long=sl(-4.50%) short=tp(+8.71%) | scanned=12 | short_tp_only
  [label] 2023-07-24 00:00 LTCUSDT entry=92.4500 → LONG | long=sl(-4.14%) short=sl(-4.14%) | scanned=20 | no_tp→fwd_return=+1.6441
  [label] 2024-01-06 00:00 LTCUSDT entry=64.4700 → LONG | long=tp(+14.39%) short=sl(-7.35%) | scanned=16 | long_tp_only
  [label] 2024-01-10 00:00 LTCUSDT entry=66.6600 → LONG | long=tp(+11.90%) short=sl(-6.10%) | scanned=4 | long_tp_only
  [label] 2024-01-20 16:00 LTCUSDT entry=71.3700 → SHORT | long=sl(-5.30%) short=tp(+10.30%) | scanned=8 | short_tp_only
  [label] 2024-03-05 16:00 LTCUSDT entry=81.9600 → LONG | long=tp(+24.30%) short=sl(-12.30%) | scanned=17 | long_tp_only[I 2026-06-01 23:31:57,279] A new study created in memory with name: no-name-c7122ea9-a839-4f2c-8389-21e945f881a5
[I 2026-06-01 23:31:57,675] Trial 0 finished with value: 0.18334120921614 and parameters: {'confidence_threshold': 0.6310890415965769, 'training_days': 480, 'n_estimators': 380, 'max_depth': 4, 'num_leaves': 22, 'learning_rate': 0.01699897838270077, 'subsample': 0.5290418060840998, 'colsample_bytree': 0.9330880728874675, 'min_child_samples': 68, 'reg_alpha': 0.023585940584142682, 'reg_lambda': 1.5320059381854043e-08}. Best is trial 0 with value: 0.18334120921614.
[I 2026-06-01 23:31:57,844] Trial 1 finished with value: -1.8555561260098574 and parameters: {'confidence_threshold': 0.839468448256698, 'training_days': 420, 'n_estimators': 145, 'max_depth': 3, 'num_leaves': 23, 'learning_rate': 0.028145092716060652, 'subsample': 0.762378215816119, 'colsample_bytree': 0.7159725093210578, 'min_child_samples': 43, 'reg_alpha': 0.0032112643094417484, 'reg_lambda': 1.8007140198129195e-07}. Best is trial 0 with value: 0.18334120921614.
[I 2026-06-01 23:31:58,043] Trial 2 finished with value: 0.10380979459893547 and parameters: {'confidence_threshold': 0.6022506269873263, 'training_days': 190, 'n_estimators': 255, 'max_depth': 5, 'num_leaves': 24, 'learning_rate': 0.05748924681991978, 'subsample': 0.7962072844310213, 'colsample_bytree': 0.5232252063599989, 'min_child_samples': 69, 'reg_alpha': 3.425445902633376e-07, 'reg_lambda': 3.850031979199519e-08}. Best is trial 0 with value: 0.18334120921614.
[I 2026-06-01 23:31:58,369] Trial 3 finished with value: 0.21011110391961546 and parameters: {'confidence_threshold': 0.8321099380386666, 'training_days': 490, 'n_estimators': 414, 'max_depth': 3, 'num_leaves': 19, 'learning_rate': 0.1024932221692416, 'subsample': 0.7200762468698007, 'colsample_bytree': 0.5610191174223894, 'min_child_samples': 60, 'reg_alpha': 2.039373116525212e-08, 'reg_lambda': 1.527156759251193}. Best is trial 3 with value: 0.21011110391961546.
[I 2026-06-01 23:31:58,556] Trial 4 finished with value: 0.11748145207381726 and parameters: {'confidence_threshold': 0.5905729935600059, 'training_days': 340, 'n_estimators': 190, 'max_depth': 4, 'num_leaves': 41, 'learning_rate': 0.01875220945578641, 'subsample': 0.9847923138822793, 'colsample_bytree': 0.8875664116805573, 'min_child_samples': 96, 'reg_alpha': 1.1309571585271483, 'reg_lambda': 0.002404915432737351}. Best is trial 3 with value: 0.21011110391961546.
[I 2026-06-01 23:31:58,595] Trial 5 finished with value: 0.011022684174806391 and parameters: {'confidence_threshold': 0.8226559822580909, 'training_days': 50, 'n_estimators': 138, 'max_depth': 3, 'num_leaves': 30, 'learning_rate': 0.03750796359625606, 'subsample': 0.6356745158869479, 'colsample_bytree': 0.9143687545759647, 'min_child_samples': 48, 'reg_alpha': 3.376063348877853e-06, 'reg_lambda': 0.0007660634613082914}. Best is trial 3 with value: 0.21011110391961546.
[I 2026-06-01 23:31:58,729] Trial 6 finished with value: 0.11442768938318523 and parameters: {'confidence_threshold': 0.5493234787411669, 'training_days': 410, 'n_estimators': 83, 'max_depth': 5, 'num_leaves': 52, 'learning_rate': 0.019657448966046126, 'subsample': 0.5027610585618012, 'colsample_bytree': 0.9077307142274171, 'min_child_samples': 77, 'reg_alpha': 0.03639690979811287, 'reg_lambda': 0.08738424135626986}. Best is trial 3 with value: 0.21011110391961546.
[I 2026-06-01 23:31:58,834] Trial 7 finished with value: 0.12786647933056344 and parameters: {'confidence_threshold': 0.5259156281069316, 'training_days': 180, 'n_estimators': 102, 'max_depth': 5, 'num_leaves': 45, 'learning_rate': 0.030816017044468066, 'subsample': 0.5317791751430119, 'colsample_bytree': 0.6554911608578311, 'min_child_samples': 46, 'reg_alpha': 0.036851536911881845, 'reg_lambda': 0.005470376807480391}. Best is trial 3 with value: 0.21011110391961546.
[I 2026-06-01 23:31:58,953] Trial 8 finished with value: 0.11394326957999006 and parameters: {'confidence_threshold': 0.8105244599017143, 'training_days': 240, 'n_estimators': 103, 'max_depth': 5, 'num_leaves': 52, 'learning_rate': 0.06746437142284309, 'subsample': 0.8854835899772805, 'colsample_bytree': 0.7468977981821954, 'min_child_samples': 62, 'reg_alpha': 7.04480806377519e-05, 'reg_lambda': 1.6934490731313353e-08}. Best is trial 3 with value: 0.21011110391961546.
[I 2026-06-01 23:31:58,977] Trial 9 finished with value: -0.03562430606200846 and parameters: {'confidence_threshold': 0.5377619994476566, 'training_days': 20, 'n_estimators': 337, 'max_depth': 3, 'num_leaves': 39, 'learning_rate': 0.21907142272152816, 'subsample': 0.6246461145744375, 'colsample_bytree': 0.7051914615178149, 'min_child_samples': 81, 'reg_alpha': 1.1459970229341322e-06, 'reg_lambda': 4.929685216887945e-08}. Best is trial 3 with value: 0.21011110391961546.
[I 2026-06-01 23:31:59,523] Trial 10 finished with value: 0.15615492102395107 and parameters: {'confidence_threshold': 0.7301111584710253, 'training_days': 350, 'n_estimators': 487, 'max_depth': 4, 'num_leaves': 15, 'learning_rate': 0.1457937958927628, 'subsample': 0.6806559982209046, 'colsample_bytree': 0.5055805119629307, 'min_child_samples': 27, 'reg_alpha': 1.290626345465208e-08, 'reg_lambda': 8.530248590348572}. Best is trial 3 with value: 0.21011110391961546.
[I 2026-06-01 23:31:59,965] Trial 11 finished with value: 0.20973447869624956 and parameters: {'confidence_threshold': 0.6954836557727516, 'training_days': 490, 'n_estimators': 420, 'max_depth': 4, 'num_leaves': 15, 'learning_rate': 0.010397937137834207, 'subsample': 0.5780545957082475, 'colsample_bytree': 0.8242066785264957, 'min_child_samples': 55, 'reg_alpha': 3.662834835098572, 'reg_lambda': 7.868729181011707e-06}. Best is trial 3 with value: 0.21011110391961546.
[I 2026-06-01 23:32:00,585] Trial 12 finished with value: 0.2308629750044418 and parameters: {'confidence_threshold': 0.7158407934522353, 'training_days': 480, 'n_estimators': 480, 'max_depth': 4, 'num_leaves': 15, 'learning_rate': 0.010642679600809507, 'subsample': 0.7114719232100558, 'colsample_bytree': 0.8304278626461433, 'min_child_samples': 30, 'reg_alpha': 5.7716388202492235, 'reg_lambda': 8.348297043432798e-06}. Best is trial 12 with value: 0.2308629750044418.
[I 2026-06-01 23:32:00,972] Trial 13 finished with value: 0.15931493121915827 and parameters: {'confidence_threshold': 0.7580929687031254, 'training_days': 500, 'n_estimators': 500, 'max_depth': 3, 'num_leaves': 62, 'learning_rate': 0.10036282443683886, 'subsample': 0.7089578143730195, 'colsample_bytree': 0.6138200283342398, 'min_child_samples': 22, 'reg_alpha': 0.00013793593955942335, 'reg_lambda': 2.1573112424412734e-05}. Best is trial 12 with value: 0.2308629750044418.
[I 2026-06-01 23:32:01,344] Trial 14 finished with value: 0.13545286894430242 and parameters: {'confidence_threshold': 0.7594036169129817, 'training_days': 340, 'n_estimators': 431, 'max_depth': 3, 'num_leaves': 33, 'learning_rate': 0.11239432335316941, 'subsample': 0.8319560719535452, 'colsample_bytree': 0.8125859382071858, 'min_child_samples': 31, 'reg_alpha': 2.4270990787417795e-08, 'reg_lambda': 6.551588619002162}. Best is trial 12 with value: 0.2308629750044418.
[I 2026-06-01 23:32:01,595] Trial 15 finished with value: 0.11773728778163572 and parameters: {'confidence_threshold': 0.6685557091133998, 'training_days': 420, 'n_estimators': 319, 'max_depth': 4, 'num_leaves': 29, 'learning_rate': 0.2699762584636849, 'subsample': 0.7056040605540663, 'colsample_bytree': 0.5845593918314319, 'min_child_samples': 37, 'reg_alpha': 0.3826359058909764, 'reg_lambda': 8.994225272210576e-06}. Best is trial 12 with value: 0.2308629750044418.
[I 2026-06-01 23:32:01,882] Trial 16 finished with value: 0.16410235766804832 and parameters: {'confidence_threshold': 0.7967606832968345, 'training_days': 290, 'n_estimators': 427, 'max_depth': 3, 'num_leaves': 18, 'learning_rate': 0.011144181443272248, 'subsample': 0.8649514202852936, 'colsample_bytree': 0.9826162589395974, 'min_child_samples': 83, 'reg_alpha': 1.6230643075200477e-05, 'reg_lambda': 0.23529158002820744}. Best is trial 12 with value: 0.2308629750044418.
[I 2026-06-01 23:32:01,984] Trial 17 finished with value: 0.0771810968223601 and parameters: {'confidence_threshold': 0.6869754351070464, 'training_days': 120, 'n_estimators': 257, 'max_depth': 4, 'num_leaves': 21, 'learning_rate': 0.07530437307582499, 'subsample': 0.939750397944035, 'colsample_bytree': 0.8291656926711748, 'min_child_samples': 93, 'reg_alpha': 0.0021719318783727615, 'reg_lambda': 6.880925840516315e-07}. Best is trial 12 with value: 0.2308629750044418.
[I 2026-06-01 23:32:02,517] A new study created in memory with name: no-name-74a3a727-3d41-4cfe-bf9f-2707b6406f0e
[I 2026-06-01 23:32:02,621] Trial 0 finished with value: 0.06390667825493535 and parameters: {'confidence_threshold': 0.7437642149592516, 'training_days': 150, 'n_estimators': 152, 'max_depth': 4, 'num_leaves': 50, 'learning_rate': 0.04216766425047743, 'subsample': 0.9903820991923078, 'colsample_bytree': 0.8424148692924316, 'min_child_samples': 58, 'reg_alpha': 3.381097259762742e-05, 'reg_lambda': 1.2263152961306247e-05}. Best is trial 0 with value: 0.06390667825493535.
[I 2026-06-01 23:32:02,697] Trial 1 finished with value: 0.1765956093808878 and parameters: {'confidence_threshold': 0.7551673975844145, 'training_days': 220, 'n_estimators': 76, 'max_depth': 4, 'num_leaves': 51, 'learning_rate': 0.018602118810743477, 'subsample': 0.5877258780737462, 'colsample_bytree': 0.7657756869209191, 'min_child_samples': 63, 'reg_alpha': 0.005123994170264194, 'reg_lambda': 0.44145470178120466}. Best is trial 1 with value: 0.1765956093808878.
[I 2026-06-01 23:32:02,985] Trial 2 finished with value: 0.16931771788986788 and parameters: {'confidence_threshold': 0.7535593637012223, 'training_days': 310, 'n_estimators': 375, 'max_depth': 3, 'num_leaves': 32, 'learning_rate': 0.021735641882032388, 'subsample': 0.6468570231944146, 'colsample_bytree': 0.8154880619272439, 'min_child_samples': 27, 'reg_alpha': 8.004064028491336e-05, 'reg_lambda': 7.546835261630524e-05}. Best is trial 1 with value: 0.1765956093808878.
[I 2026-06-01 23:32:03,178] Trial 3 finished with value: 0.09389631251345934 and parameters: {'confidence_threshold': 0.6727897841776072, 'training_days': 220, 'n_estimators': 190, 'max_depth': 4, 'num_leaves': 58, 'learning_rate': 0.24810689332636193, 'subsample': 0.7509183379421682, 'colsample_bytree': 0.8119764758960556, 'min_child_samples': 29, 'reg_alpha': 7.1708285081421445e-06, 'reg_lambda': 5.412973582738627e-05}. Best is trial 1 with value: 0.1765956093808878.
[I 2026-06-01 23:32:03,320] Trial 4 finished with value: 0.00787469462379962 and parameters: {'confidence_threshold': 0.803208205259178, 'training_days': 130, 'n_estimators': 267, 'max_depth': 5, 'num_leaves': 40, 'learning_rate': 0.08041175317374143, 'subsample': 0.5603143329951619, 'colsample_bytree': 0.9131704002534167, 'min_child_samples': 68, 'reg_alpha': 0.0008046593428183385, 'reg_lambda': 1.2158346158765583e-05}. Best is trial 1 with value: 0.1765956093808878.
[I 2026-06-01 23:32:03,574] Trial 5 finished with value: 0.10711911055435694 and parameters: {'confidence_threshold': 0.6064422761595144, 'training_days': 210, 'n_estimators': 357, 'max_depth': 5, 'num_leaves': 40, 'learning_rate': 0.0974221287220869, 'subsample': 0.7929682762811064, 'colsample_bytree': 0.8124517510478, 'min_child_samples': 74, 'reg_alpha': 0.3811377260781234, 'reg_lambda': 5.607314238392041e-08}. Best is trial 1 with value: 0.1765956093808878.
[I 2026-06-01 23:32:03,691] Trial 6 finished with value: 0.05343038807685461 and parameters: {'confidence_threshold': 0.7672889945051684, 'training_days': 130, 'n_estimators': 137, 'max_depth': 4, 'num_leaves': 19, 'learning_rate': 0.2031117614248665, 'subsample': 0.8136244860256343, 'colsample_bytree': 0.8617081790949774, 'min_child_samples': 21, 'reg_alpha': 0.002238138278733199, 'reg_lambda': 0.001025809534977322}. Best is trial 1 with value: 0.1765956093808878.
