[I 2026-06-01 23:24:50,217] Trial 9 finished with value: 0.0774054146158212 and parameters: {'confidence_threshold': 0.6202096049169137, 'training_days': 260, 'n_estimators': 350, 'max_depth': 3, 'num_leaves': 21, 'learning_rate': 0.02989540198065364, 'subsample': 0.8307821683331218, 'colsample_bytree': 0.923253112635361, 'min_child_samples': 64, 'reg_alpha': 0.4898604619604203, 'reg_lambda': 2.9076377687066166e-05}. Best is trial 1 with value: 0.2520685015297417.
[I 2026-06-01 23:24:50,598] Trial 10 finished with value: 0.007904153710274123 and parameters: {'confidence_threshold': 0.8445241688507242, 'training_days': 470, 'n_estimators': 493, 'max_depth': 4, 'num_leaves': 63, 'learning_rate': 0.010221918552934462, 'subsample': 0.5019190721168774, 'colsample_bytree': 0.6202684210924141, 'min_child_samples': 47, 'reg_alpha': 2.371385268938747e-08, 'reg_lambda': 1.7987349911222597}. Best is trial 1 with value: 0.2520685015297417.
[I 2026-06-01 23:24:50,674] Trial 11 finished with value: -0.0018144228273848317 and parameters: {'confidence_threshold': 0.6840516532713735, 'training_days': 340, 'n_estimators': 51, 'max_depth': 3, 'num_leaves': 20, 'learning_rate': 0.02635018020655549, 'subsample': 0.9151757641258503, 'colsample_bytree': 0.6755027260490409, 'min_child_samples': 50, 'reg_alpha': 6.114661601749046, 'reg_lambda': 0.02357411399604653}. Best is trial 1 with value: 0.2520685015297417.
[I 2026-06-01 23:24:50,825] Trial 12 finished with value: 0.03649744176312856 and parameters: {'confidence_threshold': 0.6684981465383275, 'training_days': 340, 'n_estimators': 264, 'max_depth': 3, 'num_leaves': 15, 'learning_rate': 0.012463185157028411, 'subsample': 0.6219274265087846, 'colsample_bytree': 0.505170072459004, 'min_child_samples': 83, 'reg_alpha': 0.1161218487314875, 'reg_lambda': 1.7055365254835695}. Best is trial 1 with value: 0.2520685015297417.

  [label] 2021-09-26 16:00 LTCUSDT entry=150.6100 → LONG | long=timeout(+13.13%) short=sl(-9.65%) | scanned=22 | no_tp→fwd_return=+13.2329
  [label] 2021-10-09 00:00 LTCUSDT entry=177.6200 → LONG | long=timeout(+6.08%) short=sl(-6.96%) | scanned=22 | no_tp→fwd_return=+6.1817
  [label] 2021-10-27 16:00 LTCUSDT entry=179.2100 → LONG | long=tp(+15.81%) short=sl(-8.06%) | scanned=19 | long_tp_only
  [label] 2021-11-02 16:00 LTCUSDT entry=201.1200 → LONG | long=tp(+11.71%) short=sl(-6.00%) | scanned=18 | long_tp_only
  [label] 2021-11-15 00:00 LTCUSDT entry=273.9100 → SHORT | long=sl(-10.21%) short=tp(+20.13%) | scanned=6 | short_tp_only
  [label] 2021-12-24 08:00 LTCUSDT entry=162.5500 → SHORT | long=sl(-6.15%) short=tp(+12.00%) | scanned=17 | short_tp_only
  [label] 2022-01-03 00:00 LTCUSDT entry=150.1300 → SHORT | long=sl(-4.77%) short=tp(+9.25%) | scanned=8 | short_tp_only
  [label] 2022-04-03 08:00 LTCUSDT entry=127.4800 → SHORT | long=sl(-5.73%) short=tp(+11.16%) | scanned=10 | short_tp_only
  Labels: 1127 long (52.3%), 1026 short (47.7%) | weights: min=1.00, mean=3.53, max=10.00
  Features: 2153/2153 matched, 49 columns
  CV gap: 22 rows
  [ensemble 1/3] seed=42
    [trial 0] 49 features, training_days=480 | threshold=0.631 | labels: 1127 long, 1026 short (52/48%)
    [CV fold 0] train_end=2020-08-22 08:00 | val_start=2020-08-30 00:00 | gap=184h (22 rows)
    [CV fold 1] train_end=2020-12-19 16:00 | val_start=2020-12-27 08:00 | gap=184h (22 rows)
    [CV fold 2] train_end=2021-04-18 00:00 | val_start=2021-04-25 16:00 | gap=184h (22 rows)
    [CV fold 3] train_end=2021-08-15 08:00 | val_start=2021-08-23 00:00 | gap=184h (22 rows)
    [CV fold 4] train_end=2021-12-12 16:00 | val_start=2021-12-20 08:00 | gap=184h (22 rows)
    [trial 0] Sharpe=-0.0159 (folds: 0.0874, -0.1849, 0.0497, 0.0690, -0.1006)
    [trial 1] 49 features, training_days=420 | threshold=0.839 | labels: 1127 long, 1026 short (52/48%)
    [trial 1] Sharpe=0.1789 (folds: 0.2414, 0.1073, -0.2531, 0.2390, 0.5601)
    [trial 2] 49 features, training_days=190 | threshold=0.602 | labels: 1127 long, 1026 short (52/48%)
    [trial 2] Sharpe=0.0330 (folds: 0.0479, -0.1659, 0.0506, 0.0331, 0.1993)
    [trial 3] 49 features, training_days=490 | threshold=0.832 | labels: 1127 long, 1026 short (52/48%)
    [trial 3] Sharpe=-0.0006 (folds: 0.0727, -0.2033, 0.0133, 0.0988, 0.0154)
    [trial 4] 49 features, training_days=340 | threshold=0.591 | labels: 1127 long, 1026 short (52/48%)
    [trial 4] Sharpe=0.0461 (folds: 0.0888, -0.0372, -0.0604, 0.1735, 0.0658)
    [trial 5] 49 features, training_days=50 | threshold=0.823 | labels: 1127 long, 1026 short (52/48%)
    [trial 5] Sharpe=-0.2468 (folds: 0.0563, 0.0832, -0.1430, -1.0899, -0.1405)
    [trial 6] 49 features, training_days=410 | threshold=0.549 | labels: 1127 long, 1026 short (52/48%)
    [trial 6] Sharpe=0.0526 (folds: 0.1952, 0.0034, -0.0004, 0.1131, -0.0484)
    [trial 7] 49 features, training_days=180 | threshold=0.526 | labels: 1127 long, 1026 short (52/48%)
    [trial 7] Sharpe=-0.0163 (folds: 0.0286, -0.1540, -0.0214, 0.0333, 0.0318)
    [trial 8] 49 features, training_days=240 | threshold=0.811 | labels: 1127 long, 1026 short (52/48%)
    [trial 8] Sharpe=0.1196 (folds: 0.2062, -0.0864, -0.0389, 0.1720, 0.3450)
    [trial 9] 49 features, training_days=20 | threshold=0.538 | labels: 1127 long, 1026 short (52/48%)
    [trial 9] Sharpe=0.1193 (folds: 0.1735, 0.2559, -0.1238, 0.1034, 0.1875)
    [trial 10] 49 features, training_days=350 | threshold=0.729 | labels: 1127 long, 1026 short (52/48%)
    [trial 10] Sharpe=-0.0659 (folds: -0.1070, -0.1922, -0.0913, 0.0360, 0.0248)
    [trial 11] 49 features, training_days=250 | threshold=0.744 | labels: 1127 long, 1026 short (52/48%)
    [trial 11] Sharpe=0.0074 (folds: -0.0491, -0.2903, 0.0274, 0.1214, 0.2276)
    [trial 12] 49 features, training_days=270 | threshold=0.772 | labels: 1127 long, 1026 short (52/48%)
    [trial 12] Sharpe=0.0791 (folds: 0.0414, -0.1130, -0.0555, 0.1482, 0.3743)
    [trial 13] 49 features, training_days=150 | threshold=0.849 | labels: 1127 long, 1026 short (52/48%)
    [trial 13] Sharpe=0.0773 (folds: 0.2775, -0.0318, 0.0452, 0.1276, -0.0322)
    [trial 14] 49 features, training_days=380 | threshold=0.690 | labels: 1127 long, 1026 short (52/48%)
    [trial 14] Sharpe=0.0073 (folds: 0.1031, -0.2316, 0.0059, 0.1265, 0.0326)
    [trial 15] 49 features, training_days=260 | threshold=0.790 | labels: 1127 long, 1026 short (52/48%)
    [trial 15] Sharpe=-1.8396 (folds: 0.3762, -10.0000, -0.3777, 0.1340, 0.6697)
    [trial 16] 49 features, training_days=100 | threshold=0.788 | labels: 1127 long, 1026 short (52/48%)
    [trial 16] Sharpe=0.0401 (folds: 0.1909, -0.1255, 0.0676, 0.0649, 0.0024)
    [trial 17] 49 features, training_days=440 | threshold=0.680 | labels: 1127 long, 1026 short (52/48%)
    [trial 17] Sharpe=-0.0145 (folds: 0.0153, -0.1127, -0.0412, 0.0593, 0.0070)
  Optuna: 18 trials, best Sharpe = 0.1789
  Best params: n_estimators=145, max_depth=3, lr=0.0281, leaves=23
  Best confidence_threshold: 0.839
  Best training_days: 420
  Retrained on full data (1245 samples, 49 features)
  [ensemble 2/3] seed=123
    [trial 0] 49 features, training_days=150 | threshold=0.744 | labels: 1127 long, 1026 short (52/48%)
    [CV fold 0] train_end=2020-08-22 08:00 | val_start=2020-08-30 00:00 | gap=184h (22 rows)
    [CV fold 1] train_end=2020-12-19 16:00 | val_start=2020-12-27 08:00 | gap=184h (22 rows)
    [CV fold 2] train_end=2021-04-18 00:00 | val_start=2021-04-25 16:00 | gap=184h (22 rows)
    [CV fold 3] train_end=2021-08-15 08:00 | val_start=2021-08-23 00:00 | gap=184h (22 rows)
    [CV fold 4] train_end=2021-12-12 16:00 | val_start=2021-12-20 08:00 | gap=184h (22 rows)
    [trial 0] Sharpe=0.0514 (folds: 0.1941, -0.0331, 0.0788, 0.0928, -0.0758)
    [trial 1] 49 features, training_days=220 | threshold=0.755 | labels: 1127 long, 1026 short (52/48%)
    [trial 1] Sharpe=0.2521 (folds: 0.5023, 0.0449, -0.1913, -0.0761, 0.9805)
    [trial 2] 49 features, training_days=310 | threshold=0.754 | labels: 1127 long, 1026 short (52/48%)
    [trial 2] Sharpe=-0.0100 (folds: -0.0748, -0.2118, -0.1747, 0.1195, 0.2917)
    [trial 3] 49 features, training_days=220 | threshold=0.673 | labels: 1127 long, 1026 short (52/48%)
    [trial 3] Sharpe=0.0158 (folds: 0.0193, -0.2819, 0.0446, 0.0925, 0.2046)
    [trial 4] 49 features, training_days=130 | threshold=0.803 | labels: 1127 long, 1026 short (52/48%)
    [trial 4] Sharpe=0.0110 (folds: 0.1214, -0.1203, 0.0650, 0.0247, -0.0359)
    [trial 5] 49 features, training_days=210 | threshold=0.606 | labels: 1127 long, 1026 short (52/48%)
    [trial 5] Sharpe=0.0601 (folds: 0.0791, -0.1185, 0.0302, 0.0639, 0.2457)
    [trial 6] 49 features, training_days=130 | threshold=0.767 | labels: 1127 long, 1026 short (52/48%)
    [trial 6] Sharpe=-0.0365 (folds: -0.0177, -0.0160, 0.0101, -0.0808, -0.0782)
    [trial 7] 49 features, training_days=80 | threshold=0.556 | labels: 1127 long, 1026 short (52/48%)
    [trial 7] Sharpe=-0.0069 (folds: 0.0559, 0.0202, 0.0868, -0.1925, -0.0050)
    [trial 8] 49 features, training_days=200 | threshold=0.607 | labels: 1127 long, 1026 short (52/48%)
    [trial 8] Sharpe=0.0103 (folds: -0.0207, -0.2050, 0.0589, 0.0281, 0.1905)
    [trial 9] 49 features, training_days=260 | threshold=0.620 | labels: 1127 long, 1026 short (52/48%)
    [trial 9] Sharpe=0.0774 (folds: 0.1762, -0.1218, 0.0151, 0.0522, 0.2655)
    [trial 10] 49 features, training_days=470 | threshold=0.845 | labels: 1127 long, 1026 short (52/48%)
    [trial 10] Sharpe=0.0079 (folds: 0.1983, -0.0593, -0.1270, 0.1157, -0.0881)
    [trial 11] 49 features, training_days=340 | threshold=0.684 | labels: 1127 long, 1026 short (52/48%)
    [trial 11] Sharpe=-0.0018 (folds: 0.3636, 0.0188, -0.3274, 0.1632, -0.2273)
    [trial 12] 49 features, training_days=340 | threshold=0.668 | labels: 1127 long, 1026 short (52/48%)
    [trial 12] Sharpe=0.0365 (folds: 0.1680, 0.0305, -0.0874, 0.0663, 0.0051)
    [trial 13] 49 features, training_days=10 | threshold=0.521 | labels: 1127 long, 1026 short (52/48%)
    [trial 13] Sharpe=0.0802 (folds: -0.2067, 0.2559, 0.0610, 0.1034, 0.1875)[I 2026-06-01 23:24:50,849] Trial 13 finished with value: 0.08022061880064993 and parameters: {'confidence_threshold': 0.5209041556509941, 'training_days': 10, 'n_estimators': 53, 'max_depth': 3, 'num_leaves': 28, 'learning_rate': 0.029487296649619542, 'subsample': 0.9000056478838695, 'colsample_bytree': 0.714991343089526, 'min_child_samples': 67, 'reg_alpha': 0.024510194560445127, 'reg_lambda': 0.00931023075971825}. Best is trial 1 with value: 0.2520685015297417.
[I 2026-06-01 23:24:50,873] Trial 14 finished with value: 0.11930724049771606 and parameters: {'confidence_threshold': 0.5166805703527768, 'training_days': 20, 'n_estimators': 60, 'max_depth': 4, 'num_leaves': 30, 'learning_rate': 0.01645102485501106, 'subsample': 0.9013392871695858, 'colsample_bytree': 0.7155503252850649, 'min_child_samples': 95, 'reg_alpha': 0.013107862978528577, 'reg_lambda': 0.03436178061421145}. Best is trial 1 with value: 0.2520685015297417.
[I 2026-06-01 23:24:50,897] Trial 15 finished with value: 0.08022061880064993 and parameters: {'confidence_threshold': 0.5026055290809989, 'training_days': 10, 'n_estimators': 105, 'max_depth': 4, 'num_leaves': 48, 'learning_rate': 0.01580123295539684, 'subsample': 0.9883012236800552, 'colsample_bytree': 0.6207525605252069, 'min_child_samples': 100, 'reg_alpha': 0.006080077798922085, 'reg_lambda': 0.13643304821458693}. Best is trial 1 with value: 0.2520685015297417.
[I 2026-06-01 23:24:51,040] Trial 16 finished with value: -0.004486077078683375 and parameters: {'confidence_threshold': 0.6986737646421867, 'training_days': 440, 'n_estimators': 193, 'max_depth': 4, 'num_leaves': 54, 'learning_rate': 0.04734750546511042, 'subsample': 0.8931609037361964, 'colsample_bytree': 0.7158318224997116, 'min_child_samples': 99, 'reg_alpha': 5.292044899879069e-07, 'reg_lambda': 7.474073556688731}. Best is trial 1 with value: 0.2520685015297417.
[I 2026-06-01 23:24:51,084] Trial 17 finished with value: 0.053952187137938236 and parameters: {'confidence_threshold': 0.5617278450091161, 'training_days': 70, 'n_estimators': 98, 'max_depth': 5, 'num_leaves': 36, 'learning_rate': 0.017746624628996042, 'subsample': 0.7168497559384411, 'colsample_bytree': 0.7668145962665067, 'min_child_samples': 82, 'reg_alpha': 7.284070645541434, 'reg_lambda': 0.1392612393982006}. Best is trial 1 with value: 0.2520685015297417.
[I 2026-06-01 23:24:51,180] A new study created in memory with name: no-name-29c193ea-73f5-4b3d-aa02-d68e9c7e75d5
[I 2026-06-01 23:24:51,365] Trial 0 finished with value: -0.03263079282367461 and parameters: {'confidence_threshold': 0.5870645682749857, 'training_days': 90, 'n_estimators': 403, 'max_depth': 5, 'num_leaves': 45, 'learning_rate': 0.0780457193679974, 'subsample': 0.9428509515574568, 'colsample_bytree': 0.8795587339164916, 'min_child_samples': 34, 'reg_alpha': 2.2465901234314442e-07, 'reg_lambda': 8.339007036475363e-05}. Best is trial 0 with value: -0.03263079282367461.
[I 2026-06-01 23:24:51,468] Trial 1 finished with value: 0.04249443594126061 and parameters: {'confidence_threshold': 0.6348453934275313, 'training_days': 290, 'n_estimators': 115, 'max_depth': 5, 'num_leaves': 37, 'learning_rate': 0.06949568759029946, 'subsample': 0.8228505074024268, 'colsample_bytree': 0.8616703220431751, 'min_child_samples': 75, 'reg_alpha': 4.2486822725010923e-07, 'reg_lambda': 1.157247767047042e-07}. Best is trial 1 with value: 0.04249443594126061.
[I 2026-06-01 23:24:51,487] Trial 2 finished with value: 0.08022061880064993 and parameters: {'confidence_threshold': 0.5849570384370288, 'training_days': 10, 'n_estimators': 212, 'max_depth': 3, 'num_leaves': 41, 'learning_rate': 0.18452095998378365, 'subsample': 0.6001060822924371, 'colsample_bytree': 0.5673167293506167, 'min_child_samples': 37, 'reg_alpha': 5.733250064217131, 'reg_lambda': 0.5308454292595461}. Best is trial 2 with value: 0.08022061880064993.
[I 2026-06-01 23:24:51,563] Trial 3 finished with value: 0.0360067166172892 and parameters: {'confidence_threshold': 0.6868248626683718, 'training_days': 220, 'n_estimators': 134, 'max_depth': 3, 'num_leaves': 45, 'learning_rate': 0.033529007907491595, 'subsample': 0.8647277071858408, 'colsample_bytree': 0.778494116634046, 'min_child_samples': 96, 'reg_alpha': 2.409409937265785e-07, 'reg_lambda': 1.1642073478060009}. Best is trial 2 with value: 0.08022061880064993.
[I 2026-06-01 23:24:51,642] Trial 4 finished with value: -0.01501911862934216 and parameters: {'confidence_threshold': 0.5623121348350352, 'training_days': 300, 'n_estimators': 69, 'max_depth': 4, 'num_leaves': 32, 'learning_rate': 0.14967629360700346, 'subsample': 0.5054535233636654, 'colsample_bytree': 0.7401385194659216, 'min_child_samples': 27, 'reg_alpha': 1.4212042567426725e-07, 'reg_lambda': 0.23605753701352003}. Best is trial 2 with value: 0.08022061880064993.
[I 2026-06-01 23:24:52,015] Trial 5 finished with value: -0.035859303871960166 and parameters: {'confidence_threshold': 0.7111850244908446, 'training_days': 490, 'n_estimators': 362, 'max_depth': 5, 'num_leaves': 40, 'learning_rate': 0.05960785724162737, 'subsample': 0.5589714368907717, 'colsample_bytree': 0.6659006943232806, 'min_child_samples': 42, 'reg_alpha': 0.6741360303045295, 'reg_lambda': 6.054601607143087e-08}. Best is trial 2 with value: 0.08022061880064993.
[I 2026-06-01 23:24:52,173] Trial 6 finished with value: -0.015495240965827736 and parameters: {'confidence_threshold': 0.667482545748023, 'training_days': 420, 'n_estimators': 279, 'max_depth': 3, 'num_leaves': 45, 'learning_rate': 0.040099592560849204, 'subsample': 0.8563114696415159, 'colsample_bytree': 0.5442917781944105, 'min_child_samples': 50, 'reg_alpha': 1.6407916423707903e-08, 'reg_lambda': 2.935907642973286e-05}. Best is trial 2 with value: 0.08022061880064993.
[I 2026-06-01 23:24:52,318] Trial 7 finished with value: 0.020601830779850554 and parameters: {'confidence_threshold': 0.5497381024139926, 'training_days': 120, 'n_estimators': 408, 'max_depth': 5, 'num_leaves': 38, 'learning_rate': 0.28049122657745795, 'subsample': 0.8806573338635493, 'colsample_bytree': 0.5454054113547102, 'min_child_samples': 63, 'reg_alpha': 0.01263008637940408, 'reg_lambda': 0.04588020805366937}. Best is trial 2 with value: 0.08022061880064993.
[I 2026-06-01 23:24:52,565] Trial 8 finished with value: 0.017263384413212648 and parameters: {'confidence_threshold': 0.719644804808716, 'training_days': 450, 'n_estimators': 410, 'max_depth': 4, 'num_leaves': 57, 'learning_rate': 0.04022026551478857, 'subsample': 0.5336085426932707, 'colsample_bytree': 0.5705742850577543, 'min_child_samples': 100, 'reg_alpha': 5.916398047912201e-07, 'reg_lambda': 0.9794034214488329}. Best is trial 2 with value: 0.08022061880064993.
[I 2026-06-01 23:24:52,590] Trial 9 finished with value: -1.9153930221534154 and parameters: {'confidence_threshold': 0.7267463643917187, 'training_days': 20, 'n_estimators': 337, 'max_depth': 5, 'num_leaves': 23, 'learning_rate': 0.022153031811454605, 'subsample': 0.6305627572358737, 'colsample_bytree': 0.6613413774216214, 'min_child_samples': 81, 'reg_alpha': 5.7638634029410314e-08, 'reg_lambda': 8.26603016764008}. Best is trial 2 with value: 0.08022061880064993.
[I 2026-06-01 23:24:52,616] Trial 10 finished with value: -3.991645714652175 and parameters: {'confidence_threshold': 0.8398533911817929, 'training_days': 10, 'n_estimators': 228, 'max_depth': 3, 'num_leaves': 15, 'learning_rate': 0.2789359567293539, 'subsample': 0.6821883053833926, 'colsample_bytree': 0.9944479338273263, 'min_child_samples': 23, 'reg_alpha': 2.903134294418681, 'reg_lambda': 0.0032849428938367974}. Best is trial 2 with value: 0.08022061880064993.
[I 2026-06-01 23:24:52,770] Trial 11 finished with value: 0.06487078200743082 and parameters: {'confidence_threshold': 0.6075016155177957, 'training_days': 300, 'n_estimators': 182, 'max_depth': 4, 'num_leaves': 59, 'learning_rate': 0.010226258249598861, 'subsample': 0.7538575004267684, 'colsample_bytree': 0.8724278937851807, 'min_child_samples': 64, 'reg_alpha': 2.5646023357365184e-05, 'reg_lambda': 7.359299995524362e-08}. Best is trial 2 with value: 0.08022061880064993.
[I 2026-06-01 23:24:52,906] Trial 12 finished with value: 0.014945378886204976 and parameters: {'confidence_threshold': 0.5145853631584999, 'training_days': 200, 'n_estimators': 202, 'max_depth': 4, 'num_leaves': 63, 'learning_rate': 0.010306365551845425, 'subsample': 0.7320962322476842, 'colsample_bytree': 0.8940271114037266, 'min_child_samples': 59, 'reg_alpha': 5.113460481149383e-05, 'reg_lambda': 2.0831803692649198e-06}. Best is trial 2 with value: 0.08022061880064993.
[I 2026-06-01 23:24:53,084] Trial 13 finished with value: 0.04578926332430171 and parameters: {'confidence_threshold': 0.6092349708206475, 'training_days': 360, 'n_estimators': 184, 'max_depth': 4, 'num_leaves': 55, 'learning_rate': 0.010705822780645373, 'subsample': 0.7658397897670047, 'colsample_bytree': 0.9584932215576711, 'min_child_samples': 52, 'reg_alpha': 7.173478071883683e-05, 'reg_lambda': 0.005118707544313016}. Best is trial 2 with value: 0.08022061880064993.
[I 2026-06-01 23:24:53,292] Trial 14 finished with value: 0.016331934356996338 and parameters: {'confidence_threshold': 0.505782466673373, 'training_days': 150, 'n_estimators': 500, 'max_depth': 3, 'num_leaves': 52, 'learning_rate': 0.11008871219728299, 'subsample': 0.5951434349817782, 'colsample_bytree': 0.7921009662363301, 'min_child_samples': 69, 'reg_alpha': 0.0043671569175290845, 'reg_lambda': 1.9537169326802645e-06}. Best is trial 2 with value: 0.08022061880064993.
[I 2026-06-01 23:24:53,440] Trial 15 finished with value: 0.08907511574767761 and parameters: {'confidence_threshold': 0.7829525506318393, 'training_days': 390, 'n_estimators': 259, 'max_depth': 3, 'num_leaves': 28, 'learning_rate': 0.017198807752211255, 'subsample': 0.6669818524312575, 'colsample_bytree': 0.6328117713082406, 'min_child_samples': 84, 'reg_alpha': 0.0778926756466527, 'reg_lambda': 0.0013467843257158065}. Best is trial 15 with value: 0.08907511574767761.
[I 2026-06-01 23:24:53,603] Trial 16 finished with value: 0.06400910737071691 and parameters: {'confidence_threshold': 0.7809712285122007, 'training_days': 380, 'n_estimators': 277, 'max_depth': 3, 'num_leaves': 30, 'learning_rate': 0.019619705464289292, 'subsample': 0.6577011495975604, 'colsample_bytree': 0.6224336471004764, 'min_child_samples': 82, 'reg_alpha': 0.13603372121623558, 'reg_lambda': 0.000855876310048679}. Best is trial 15 with value: 0.08907511574767761.
