[I 2026-06-01 23:24:45,250] Trial 17 finished with value: 0.12458047824809645 and parameters: {'confidence_threshold': 0.7873735958410488, 'training_days': 220, 'n_estimators': 136, 'max_depth': 4, 'num_leaves': 25, 'learning_rate': 0.10045554546120483, 'subsample': 0.7182060227928431, 'colsample_bytree': 0.8221696152242958, 'min_child_samples': 54, 'reg_alpha': 0.0008059760040484764, 'reg_lambda': 1.1452331125404603e-06}. Best is trial 17 with value: 0.12458047824809645.

  Best params: n_estimators=350, max_depth=3, lr=0.0299, leaves=21
  Best confidence_threshold: 0.620
  Best training_days: 260
  Retrained on full data (771 samples, 49 features)
  [ensemble 3/3] seed=456
    [trial 0] 49 features, training_days=90 | threshold=0.587 | labels: 1177 long, 982 short (55/45%)
    [CV fold 0] train_end=2020-07-23 16:00 | val_start=2020-07-31 08:00 | gap=184h (22 rows)
    [CV fold 1] train_end=2020-11-20 08:00 | val_start=2020-11-28 00:00 | gap=184h (22 rows)
    [CV fold 2] train_end=2021-03-20 00:00 | val_start=2021-03-27 16:00 | gap=184h (22 rows)
    [CV fold 3] train_end=2021-07-17 16:00 | val_start=2021-07-25 08:00 | gap=184h (22 rows)
    [CV fold 4] train_end=2021-11-14 08:00 | val_start=2021-11-22 00:00 | gap=184h (22 rows)
    [trial 0] Sharpe=-0.0348 (folds: 0.0257, -0.1112, 0.0584, -0.1321, -0.0146)
    [trial 1] 49 features, training_days=290 | threshold=0.635 | labels: 1177 long, 982 short (55/45%)
    [trial 1] Sharpe=0.0811 (folds: 0.1642, 0.1881, -0.0257, 0.0238, 0.0549)
    [trial 2] 49 features, training_days=10 | threshold=0.585 | labels: 1177 long, 982 short (55/45%)
    [trial 2] Sharpe=0.0117 (folds: -0.1410, 0.2110, 0.0541, -0.1984, 0.1327)
    [trial 3] 49 features, training_days=220 | threshold=0.687 | labels: 1177 long, 982 short (55/45%)
    [trial 3] Sharpe=0.1021 (folds: 0.1046, 0.2040, 0.0051, 0.0682, 0.1284)
    [trial 4] 49 features, training_days=300 | threshold=0.562 | labels: 1177 long, 982 short (55/45%)
    [trial 4] Sharpe=0.0309 (folds: 0.1490, 0.1250, 0.0068, -0.0390, -0.0874)
    [trial 5] 49 features, training_days=490 | threshold=0.711 | labels: 1177 long, 982 short (55/45%)
    [trial 5] Sharpe=0.0729 (folds: 0.1818, 0.1528, 0.0245, 0.1581, -0.1525)
    [trial 6] 49 features, training_days=420 | threshold=0.667 | labels: 1177 long, 982 short (55/45%)
    [trial 6] Sharpe=0.0295 (folds: 0.1629, 0.1489, -0.0201, 0.0465, -0.1906)
    [trial 7] 49 features, training_days=120 | threshold=0.550 | labels: 1177 long, 982 short (55/45%)
    [trial 7] Sharpe=0.0520 (folds: 0.1726, -0.0867, 0.0788, 0.1264, -0.0313)
    [trial 8] 49 features, training_days=450 | threshold=0.720 | labels: 1177 long, 982 short (55/45%)
    [trial 8] Sharpe=0.0301 (folds: 0.1108, 0.0915, 0.0331, 0.0802, -0.1649)
    [trial 9] 49 features, training_days=20 | threshold=0.727 | labels: 1177 long, 982 short (55/45%)
    [trial 9] Sharpe=-1.9804 (folds: 0.0312, 0.2110, 0.0541, -0.1984, -10.0000)
    [trial 10] 49 features, training_days=200 | threshold=0.828 | labels: 1177 long, 982 short (55/45%)
    [trial 10] Sharpe=-5.9221 (folds: -0.0153, 0.4048, -10.0000, -10.0000, -10.0000)
    [trial 11] 49 features, training_days=300 | threshold=0.644 | labels: 1177 long, 982 short (55/45%)
    [trial 11] Sharpe=0.0474 (folds: 0.0204, 0.3432, -0.1652, 0.2534, -0.2146)
    [trial 12] 49 features, training_days=220 | threshold=0.801 | labels: 1177 long, 982 short (55/45%)
    [trial 12] Sharpe=0.1242 (folds: 0.1815, 0.1592, -0.0149, 0.0763, 0.2188)
    [trial 13] 49 features, training_days=200 | threshold=0.816 | labels: 1177 long, 982 short (55/45%)
    [trial 13] Sharpe=0.1174 (folds: 0.1248, -0.0594, 0.0159, 0.1122, 0.3935)
    [trial 14] 49 features, training_days=160 | threshold=0.848 | labels: 1177 long, 982 short (55/45%)
    [trial 14] Sharpe=0.0876 (folds: 0.1512, -0.0565, 0.1095, -0.0165, 0.2505)
    [trial 15] 49 features, training_days=390 | threshold=0.783 | labels: 1177 long, 982 short (55/45%)
    [trial 15] Sharpe=0.0660 (folds: 0.1569, 0.1523, -0.0593, 0.1248, -0.0446)
    [trial 16] 49 features, training_days=350 | threshold=0.781 | labels: 1177 long, 982 short (55/45%)
    [trial 16] Sharpe=0.0616 (folds: 0.1706, 0.1584, -0.0538, 0.1198, -0.0869)
    [trial 17] 49 features, training_days=220 | threshold=0.787 | labels: 1177 long, 982 short (55/45%)
    [trial 17] Sharpe=0.1246 (folds: 0.1719, 0.1454, 0.0358, 0.1349, 0.1349)
  Optuna: 18 trials, best Sharpe = 0.1246
  Best params: n_estimators=136, max_depth=4, lr=0.1005, leaves=25
  Best confidence_threshold: 0.787
  Best training_days: 220
  Retrained on full data (651 samples, 49 features)
  OOD: 16 features, cutoff (q=0.7) = 13.96
  Model trained for 2022-04: 84 test candles with features, confidence_threshold=0.749
[predict] 2022-04-03 16:00 LTCUSDT → LONG (proba=0.83 TP=11.0%/SL=5.5%)
[trade:open] 2022-04-03 23:59 LTCUSDT LONG @ 128.77 | SL=121.70 TP=142.92 | timeout=2022-04-10 23:59
[trade:close] 2022-04-04 23:59 LTCUSDT LONG → stop_loss @ 121.70 | PnL=-5.49% (net -5.59%) | cum=+42.59% 2022-04=-4.90% 2022-04-04=-5.59%
[predict] 2022-04-05 16:00 LTCUSDT → LONG (proba=0.81 TP=10.8%/SL=5.4%)
[trade:open] 2022-04-05 23:59 LTCUSDT LONG @ 122.69 | SL=116.08 TP=135.90 | timeout=2022-04-12 23:59
[trade:close] 2022-04-06 15:59 LTCUSDT LONG → stop_loss @ 116.08 | PnL=-5.38% (net -5.48%) | cum=+37.11% 2022-04=-10.39% 2022-04-06=-5.48%
[predict] 2022-04-07 08:00 LTCUSDT → LONG (proba=0.93 TP=13.1%/SL=6.5%)
[trade:open] 2022-04-07 15:59 LTCUSDT LONG @ 113.26 | SL=105.86 TP=128.06 | timeout=2022-04-14 15:59
[trade:close] 2022-04-11 15:59 LTCUSDT LONG → stop_loss @ 105.86 | PnL=-6.53% (net -6.63%) | cum=+30.47% 2022-04=-17.02% 2022-04-11=-6.63%
[predict] 2022-04-20 16:00 LTCUSDT → LONG (proba=0.78 TP=9.3%/SL=4.7%)
[trade:open] 2022-04-20 23:59 LTCUSDT LONG @ 111.81 | SL=106.61 TP=122.21 | timeout=2022-04-27 23:59
[trade:close] 2022-04-21 23:59 LTCUSDT LONG → stop_loss @ 106.61 | PnL=-4.65% (net -4.75%) | cum=+25.72% 2022-04=-21.77% 2022-04-21=-4.75%
[predict] 2022-04-22 16:00 LTCUSDT → LONG (proba=0.80 TP=10.9%/SL=5.4%)
[trade:open] 2022-04-22 23:59 LTCUSDT LONG @ 105.30 | SL=99.58 TP=116.74 | timeout=2022-04-29 23:59
[trade:close] 2022-04-25 07:59 LTCUSDT LONG → stop_loss @ 99.58 | PnL=-5.43% (net -5.53%) | cum=+20.19% 2022-04=-27.30% 2022-04-25=-5.53%
[predict] 2022-04-26 00:00 LTCUSDT → LONG (proba=0.76 TP=10.0%/SL=5.0%)
[trade:open] 2022-04-26 07:59 LTCUSDT LONG @ 104.01 | SL=98.81 TP=114.42 | timeout=2022-05-03 07:59
[trade:close] 2022-04-26 23:59 LTCUSDT LONG → stop_loss @ 98.81 | PnL=-5.00% (net -5.10%) | cum=+15.09% 2022-04=-32.41% 2022-04-26=-5.10%
[lgbm] === Training for 2022-05 ===
  Train window: 2020-05-01 → 2022-04-23
  2153 training samples from 1 symbols
  Samples per month: 2020-05: 93, 2020-06: 90, 2020-07: 93, 2020-08: 93, 2020-09: 90, 2020-10: 93, 2020-11: 90, 2020-12: 93, 2021-01: 93, 2021-02: 84, 2021-03: 93, 2021-04: 90, 2021-05: 93, 2021-06: 90, 2021-07: 93, 2021-08: 93, 2021-09: 90, 2021-10: 93, 2021-11: 90, 2021-12: 93, 2022-01: 93, 2022-02: 75, 2022-03: 93, 2022-04: 62
  [label] 2020-07-01 00:00 LTCUSDT entry=41.3200 → LONG | long=tp(+8.17%) short=sl(-4.24%) | scanned=21 | long_tp_only
  [label] 2020-07-03 08:00 LTCUSDT entry=41.4400 → LONG | long=tp(+7.39%) short=sl(-3.84%) | scanned=14 | long_tp_only
  [label] 2020-07-07 00:00 LTCUSDT entry=43.6000 → SHORT | long=timeout(-0.72%) short=sl(-4.04%) | scanned=22 | no_tp→fwd_return=-0.6193
  [label] 2020-07-31 16:00 LTCUSDT entry=58.2200 → LONG | long=sl(-6.90%) short=sl(-6.90%) | scanned=4 | no_tp→fwd_return=+1.0306
  [label] 2020-09-21 16:00 LTCUSDT entry=43.1500 → LONG | long=timeout(+4.72%) short=sl(-6.48%) | scanned=22 | no_tp→fwd_return=+4.8204
  [label] 2021-03-05 08:00 LTCUSDT entry=175.9500 → LONG | long=timeout(+19.54%) short=sl(-11.87%) | scanned=22 | no_tp→fwd_return=+19.6419
  [label] 2021-03-09 08:00 LTCUSDT entry=200.3200 → LONG | long=timeout(+1.77%) short=sl(-8.50%) | scanned=22 | no_tp→fwd_return=+1.8720
  [label] 2021-03-20 00:00 LTCUSDT entry=202.5100 → SHORT | long=sl(-6.90%) short=tp(+13.50%) | scanned=14 | short_tp_only
  [label] 2021-05-03 16:00 LTCUSDT entry=294.9500 → LONG | long=sl(-7.35%) short=sl(-7.35%) | scanned=2 | no_tp→fwd_return=+0.9493
  [label] 2021-05-12 00:00 LTCUSDT entry=382.5000 → SHORT | long=sl(-12.07%) short=tp(+23.84%) | scanned=14 | short_tp_only
  [label] 2021-08-10 00:00 LTCUSDT entry=166.1000 → LONG | long=timeout(+8.20%) short=sl(-7.27%) | scanned=22 | no_tp→fwd_return=+8.3022
  [label] 2021-09-10 16:00 LTCUSDT entry=174.1600 → LONG | long=tp(+24.21%) short=sl(-12.25%) | scanned=8 | long_tp_only[I 2026-06-01 23:24:45,778] A new study created in memory with name: no-name-4fe8e27e-62ec-45d4-83ce-9375e0ee096c
[I 2026-06-01 23:24:46,138] Trial 0 finished with value: -0.015871663389375894 and parameters: {'confidence_threshold': 0.6310890415965769, 'training_days': 480, 'n_estimators': 380, 'max_depth': 4, 'num_leaves': 22, 'learning_rate': 0.01699897838270077, 'subsample': 0.5290418060840998, 'colsample_bytree': 0.9330880728874675, 'min_child_samples': 68, 'reg_alpha': 0.023585940584142682, 'reg_lambda': 1.5320059381854043e-08}. Best is trial 0 with value: -0.015871663389375894.
[I 2026-06-01 23:24:46,256] Trial 1 finished with value: 0.17892116992486878 and parameters: {'confidence_threshold': 0.839468448256698, 'training_days': 420, 'n_estimators': 145, 'max_depth': 3, 'num_leaves': 23, 'learning_rate': 0.028145092716060652, 'subsample': 0.762378215816119, 'colsample_bytree': 0.7159725093210578, 'min_child_samples': 43, 'reg_alpha': 0.0032112643094417484, 'reg_lambda': 1.8007140198129195e-07}. Best is trial 1 with value: 0.17892116992486878.
[I 2026-06-01 23:24:46,425] Trial 2 finished with value: 0.03300818167772611 and parameters: {'confidence_threshold': 0.6022506269873263, 'training_days': 190, 'n_estimators': 255, 'max_depth': 5, 'num_leaves': 24, 'learning_rate': 0.05748924681991978, 'subsample': 0.7962072844310213, 'colsample_bytree': 0.5232252063599989, 'min_child_samples': 69, 'reg_alpha': 3.425445902633376e-07, 'reg_lambda': 3.850031979199519e-08}. Best is trial 1 with value: 0.17892116992486878.
[I 2026-06-01 23:24:46,683] Trial 3 finished with value: -0.0005908900326426006 and parameters: {'confidence_threshold': 0.8321099380386666, 'training_days': 490, 'n_estimators': 414, 'max_depth': 3, 'num_leaves': 19, 'learning_rate': 0.1024932221692416, 'subsample': 0.7200762468698007, 'colsample_bytree': 0.5610191174223894, 'min_child_samples': 60, 'reg_alpha': 2.039373116525212e-08, 'reg_lambda': 1.527156759251193}. Best is trial 1 with value: 0.17892116992486878.
[I 2026-06-01 23:24:46,836] Trial 4 finished with value: 0.0460974526258692 and parameters: {'confidence_threshold': 0.5905729935600059, 'training_days': 340, 'n_estimators': 190, 'max_depth': 4, 'num_leaves': 41, 'learning_rate': 0.01875220945578641, 'subsample': 0.9847923138822793, 'colsample_bytree': 0.8875664116805573, 'min_child_samples': 96, 'reg_alpha': 1.1309571585271483, 'reg_lambda': 0.002404915432737351}. Best is trial 1 with value: 0.17892116992486878.
[I 2026-06-01 23:24:46,879] Trial 5 finished with value: -0.24679926461993568 and parameters: {'confidence_threshold': 0.8226559822580909, 'training_days': 50, 'n_estimators': 138, 'max_depth': 3, 'num_leaves': 30, 'learning_rate': 0.03750796359625606, 'subsample': 0.6356745158869479, 'colsample_bytree': 0.9143687545759647, 'min_child_samples': 48, 'reg_alpha': 3.376063348877853e-06, 'reg_lambda': 0.0007660634613082914}. Best is trial 1 with value: 0.17892116992486878.
[I 2026-06-01 23:24:46,974] Trial 6 finished with value: 0.05260406975919264 and parameters: {'confidence_threshold': 0.5493234787411669, 'training_days': 410, 'n_estimators': 83, 'max_depth': 5, 'num_leaves': 52, 'learning_rate': 0.019657448966046126, 'subsample': 0.5027610585618012, 'colsample_bytree': 0.9077307142274171, 'min_child_samples': 77, 'reg_alpha': 0.03639690979811287, 'reg_lambda': 0.08738424135626986}. Best is trial 1 with value: 0.17892116992486878.
[I 2026-06-01 23:24:47,060] Trial 7 finished with value: -0.0163341636677118 and parameters: {'confidence_threshold': 0.5259156281069316, 'training_days': 180, 'n_estimators': 102, 'max_depth': 5, 'num_leaves': 45, 'learning_rate': 0.030816017044468066, 'subsample': 0.5317791751430119, 'colsample_bytree': 0.6554911608578311, 'min_child_samples': 46, 'reg_alpha': 0.036851536911881845, 'reg_lambda': 0.005470376807480391}. Best is trial 1 with value: 0.17892116992486878.
[I 2026-06-01 23:24:47,147] Trial 8 finished with value: 0.11956867856844071 and parameters: {'confidence_threshold': 0.8105244599017143, 'training_days': 240, 'n_estimators': 103, 'max_depth': 5, 'num_leaves': 52, 'learning_rate': 0.06746437142284309, 'subsample': 0.8854835899772805, 'colsample_bytree': 0.7468977981821954, 'min_child_samples': 62, 'reg_alpha': 7.04480806377519e-05, 'reg_lambda': 1.6934490731313353e-08}. Best is trial 1 with value: 0.17892116992486878.
[I 2026-06-01 23:24:47,175] Trial 9 finished with value: 0.11930724049771606 and parameters: {'confidence_threshold': 0.5377619994476566, 'training_days': 20, 'n_estimators': 337, 'max_depth': 3, 'num_leaves': 39, 'learning_rate': 0.21907142272152816, 'subsample': 0.6246461145744375, 'colsample_bytree': 0.7051914615178149, 'min_child_samples': 81, 'reg_alpha': 1.1459970229341322e-06, 'reg_lambda': 4.929685216887945e-08}. Best is trial 1 with value: 0.17892116992486878.
[I 2026-06-01 23:24:47,643] Trial 10 finished with value: -0.06594205418296332 and parameters: {'confidence_threshold': 0.7286853308578232, 'training_days': 350, 'n_estimators': 487, 'max_depth': 4, 'num_leaves': 31, 'learning_rate': 0.011407797829608154, 'subsample': 0.8271882613853766, 'colsample_bytree': 0.8120417635861826, 'min_child_samples': 24, 'reg_alpha': 0.0005486918362336714, 'reg_lambda': 3.3639426888455256e-06}. Best is trial 1 with value: 0.17892116992486878.
[I 2026-06-01 23:24:47,836] Trial 11 finished with value: 0.0073984669797185045 and parameters: {'confidence_threshold': 0.7440045644190331, 'training_days': 250, 'n_estimators': 206, 'max_depth': 4, 'num_leaves': 60, 'learning_rate': 0.08142580753149657, 'subsample': 0.9221526936614691, 'colsample_bytree': 0.7745443264032007, 'min_child_samples': 31, 'reg_alpha': 8.237157319612896e-05, 'reg_lambda': 7.868729181011707e-06}. Best is trial 1 with value: 0.17892116992486878.
[I 2026-06-01 23:24:47,907] Trial 12 finished with value: 0.07908388778900535 and parameters: {'confidence_threshold': 0.7724411876090038, 'training_days': 270, 'n_estimators': 59, 'max_depth': 3, 'num_leaves': 58, 'learning_rate': 0.1489685720346384, 'subsample': 0.8426110070012842, 'colsample_bytree': 0.6490082429333545, 'min_child_samples': 41, 'reg_alpha': 0.00034577150531565687, 'reg_lambda': 1.953219513655572e-06}. Best is trial 1 with value: 0.17892116992486878.
[I 2026-06-01 23:24:48,018] Trial 13 finished with value: 0.07725531812709859 and parameters: {'confidence_threshold': 0.8492910061460892, 'training_days': 150, 'n_estimators': 151, 'max_depth': 5, 'num_leaves': 52, 'learning_rate': 0.03817149751567075, 'subsample': 0.8939550645860711, 'colsample_bytree': 0.8155421717694826, 'min_child_samples': 49, 'reg_alpha': 5.455813891552554e-05, 'reg_lambda': 4.853786638244098e-07}. Best is trial 1 with value: 0.17892116992486878.
[I 2026-06-01 23:24:48,234] Trial 14 finished with value: 0.007310229412308464 and parameters: {'confidence_threshold': 0.689769751463316, 'training_days': 380, 'n_estimators': 277, 'max_depth': 4, 'num_leaves': 15, 'learning_rate': 0.0610528916383506, 'subsample': 0.7272205324450449, 'colsample_bytree': 0.7129757657279365, 'min_child_samples': 58, 'reg_alpha': 0.0038067556646802867, 'reg_lambda': 5.3861085653773555e-05}. Best is trial 1 with value: 0.17892116992486878.
[I 2026-06-01 23:24:48,323] Trial 15 finished with value: -1.839555702781371 and parameters: {'confidence_threshold': 0.7897255408101392, 'training_days': 260, 'n_estimators': 51, 'max_depth': 5, 'num_leaves': 32, 'learning_rate': 0.028672502833093406, 'subsample': 0.971963681209985, 'colsample_bytree': 0.6290746674720268, 'min_child_samples': 37, 'reg_alpha': 4.390567046064357, 'reg_lambda': 2.720986163642982e-07}. Best is trial 1 with value: 0.17892116992486878.
[I 2026-06-01 23:24:48,403] Trial 16 finished with value: 0.040067305925441825 and parameters: {'confidence_threshold': 0.7877045466299416, 'training_days': 100, 'n_estimators': 145, 'max_depth': 3, 'num_leaves': 46, 'learning_rate': 0.10112739203927937, 'subsample': 0.7848742979848755, 'colsample_bytree': 0.9826162589395974, 'min_child_samples': 58, 'reg_alpha': 1.4618334151747558e-05, 'reg_lambda': 1.1445074815007822e-08}. Best is trial 1 with value: 0.17892116992486878.
[I 2026-06-01 23:24:48,586] Trial 17 finished with value: -0.014474722702163389 and parameters: {'confidence_threshold': 0.6796805210256975, 'training_days': 440, 'n_estimators': 230, 'max_depth': 4, 'num_leaves': 63, 'learning_rate': 0.24532083062807572, 'subsample': 0.9014795832164373, 'colsample_bytree': 0.7518217663577897, 'min_child_samples': 93, 'reg_alpha': 0.005047355373634929, 'reg_lambda': 6.614397595908694e-05}. Best is trial 1 with value: 0.17892116992486878.
[I 2026-06-01 23:24:48,688] A new study created in memory with name: no-name-501d8dd0-a269-40d3-8382-4c0c8f5d6611
[I 2026-06-01 23:24:48,776] Trial 0 finished with value: 0.05137618472010759 and parameters: {'confidence_threshold': 0.7437642149592516, 'training_days': 150, 'n_estimators': 152, 'max_depth': 4, 'num_leaves': 50, 'learning_rate': 0.04216766425047743, 'subsample': 0.9903820991923078, 'colsample_bytree': 0.8424148692924316, 'min_child_samples': 58, 'reg_alpha': 3.381097259762742e-05, 'reg_lambda': 1.2263152961306247e-05}. Best is trial 0 with value: 0.05137618472010759.
[I 2026-06-01 23:24:48,847] Trial 1 finished with value: 0.2520685015297417 and parameters: {'confidence_threshold': 0.7551673975844145, 'training_days': 220, 'n_estimators': 76, 'max_depth': 4, 'num_leaves': 51, 'learning_rate': 0.018602118810743477, 'subsample': 0.5877258780737462, 'colsample_bytree': 0.7657756869209191, 'min_child_samples': 63, 'reg_alpha': 0.005123994170264194, 'reg_lambda': 0.44145470178120466}. Best is trial 1 with value: 0.2520685015297417.
[I 2026-06-01 23:24:49,076] Trial 2 finished with value: -0.010037807720272606 and parameters: {'confidence_threshold': 0.7535593637012223, 'training_days': 310, 'n_estimators': 375, 'max_depth': 3, 'num_leaves': 32, 'learning_rate': 0.021735641882032388, 'subsample': 0.6468570231944146, 'colsample_bytree': 0.8154880619272439, 'min_child_samples': 27, 'reg_alpha': 8.004064028491336e-05, 'reg_lambda': 7.546835261630524e-05}. Best is trial 1 with value: 0.2520685015297417.
[I 2026-06-01 23:24:49,228] Trial 3 finished with value: 0.01581940468069396 and parameters: {'confidence_threshold': 0.6727897841776072, 'training_days': 220, 'n_estimators': 190, 'max_depth': 4, 'num_leaves': 58, 'learning_rate': 0.24810689332636193, 'subsample': 0.7509183379421682, 'colsample_bytree': 0.8119764758960556, 'min_child_samples': 29, 'reg_alpha': 7.1708285081421445e-06, 'reg_lambda': 5.412973582738627e-05}. Best is trial 1 with value: 0.2520685015297417.
[I 2026-06-01 23:24:49,344] Trial 4 finished with value: 0.010977176472398674 and parameters: {'confidence_threshold': 0.803208205259178, 'training_days': 130, 'n_estimators': 267, 'max_depth': 5, 'num_leaves': 40, 'learning_rate': 0.08041175317374143, 'subsample': 0.5603143329951619, 'colsample_bytree': 0.9131704002534167, 'min_child_samples': 68, 'reg_alpha': 0.0008046593428183385, 'reg_lambda': 1.2158346158765583e-05}. Best is trial 1 with value: 0.2520685015297417.
[I 2026-06-01 23:24:49,555] Trial 5 finished with value: 0.060081354043861133 and parameters: {'confidence_threshold': 0.6064422761595144, 'training_days': 210, 'n_estimators': 357, 'max_depth': 5, 'num_leaves': 40, 'learning_rate': 0.0974221287220869, 'subsample': 0.7929682762811064, 'colsample_bytree': 0.8124517510478, 'min_child_samples': 74, 'reg_alpha': 0.3811377260781234, 'reg_lambda': 5.607314238392041e-08}. Best is trial 1 with value: 0.2520685015297417.
[I 2026-06-01 23:24:49,650] Trial 6 finished with value: -0.0365199205682372 and parameters: {'confidence_threshold': 0.7672889945051684, 'training_days': 130, 'n_estimators': 137, 'max_depth': 4, 'num_leaves': 19, 'learning_rate': 0.2031117614248665, 'subsample': 0.8136244860256343, 'colsample_bytree': 0.8617081790949774, 'min_child_samples': 21, 'reg_alpha': 0.002238138278733199, 'reg_lambda': 0.001025809534977322}. Best is trial 1 with value: 0.2520685015297417.
[I 2026-06-01 23:24:49,725] Trial 7 finished with value: -0.006927155254210314 and parameters: {'confidence_threshold': 0.555635875450653, 'training_days': 80, 'n_estimators': 363, 'max_depth': 3, 'num_leaves': 48, 'learning_rate': 0.06590089024008658, 'subsample': 0.6944752870615722, 'colsample_bytree': 0.962566244806993, 'min_child_samples': 88, 'reg_alpha': 1.6465620446426067e-05, 'reg_lambda': 2.4678750890085655e-08}. Best is trial 1 with value: 0.2520685015297417.
[I 2026-06-01 23:24:50,015] Trial 8 finished with value: 0.010348513766971407 and parameters: {'confidence_threshold': 0.6066688256938841, 'training_days': 200, 'n_estimators': 367, 'max_depth': 5, 'num_leaves': 32, 'learning_rate': 0.13377519215934996, 'subsample': 0.7965884582811106, 'colsample_bytree': 0.8458508993500886, 'min_child_samples': 32, 'reg_alpha': 3.889436043816386e-05, 'reg_lambda': 1.4713062489380356e-06}. Best is trial 1 with value: 0.2520685015297417.
