[I 2026-06-01 23:29:02,102] Trial 13 finished with value: -0.03216039088585447 and parameters: {'confidence_threshold': 0.674016069087747, 'training_days': 370, 'n_estimators': 190, 'max_depth': 4, 'num_leaves': 52, 'learning_rate': 0.04144677730363681, 'subsample': 0.6795590770167038, 'colsample_bytree': 0.7477878654225999, 'min_child_samples': 90, 'reg_alpha': 0.0013950587799583445, 'reg_lambda': 0.020982782052301665}. Best is trial 8 with value: -0.02702554247584276.
[I 2026-06-01 23:29:02,301] Trial 14 finished with value: -0.018463478450142887 and parameters: {'confidence_threshold': 0.6357412221873178, 'training_days': 380, 'n_estimators': 237, 'max_depth': 4, 'num_leaves': 52, 'learning_rate': 0.1126135590793258, 'subsample': 0.6724915871124546, 'colsample_bytree': 0.6122042522489387, 'min_child_samples': 69, 'reg_alpha': 0.0027083351662243967, 'reg_lambda': 0.014305220410102475}. Best is trial 14 with value: -0.018463478450142887.
[I 2026-06-01 23:29:02,541] Trial 15 finished with value: -0.05354639461969847 and parameters: {'confidence_threshold': 0.6264084934022905, 'training_days': 500, 'n_estimators': 280, 'max_depth': 4, 'num_leaves': 62, 'learning_rate': 0.10874203416728613, 'subsample': 0.5095075980971637, 'colsample_bytree': 0.502925720040233, 'min_child_samples': 68, 'reg_alpha': 0.02213494493534131, 'reg_lambda': 5.542731830379322e-06}. Best is trial 14 with value: -0.018463478450142887.
[I 2026-06-01 23:29:02,768] Trial 16 finished with value: -0.05651307569230701 and parameters: {'confidence_threshold': 0.5156958281455359, 'training_days': 350, 'n_estimators': 239, 'max_depth': 4, 'num_leaves': 51, 'learning_rate': 0.12619800750837093, 'subsample': 0.64838778466429, 'colsample_bytree': 0.6022462474791866, 'min_child_samples': 54, 'reg_alpha': 0.0009271380619612343, 'reg_lambda': 0.000855876310048679}. Best is trial 14 with value: -0.018463478450142887.
[I 2026-06-01 23:29:03,045] Trial 17 finished with value: -0.029412352330141656 and parameters: {'confidence_threshold': 0.7873735958410488, 'training_days': 440, 'n_estimators': 328, 'max_depth': 4, 'num_leaves': 56, 'learning_rate': 0.0864081719849523, 'subsample': 0.5744928429638737, 'colsample_bytree': 0.623873696929184, 'min_child_samples': 71, 'reg_alpha': 3.373428514409835e-06, 'reg_lambda': 0.023793551738969777}. Best is trial 14 with value: -0.018463478450142887.

    [trial 5] 49 features, training_days=210 | threshold=0.606 | labels: 1094 long, 1059 short (51/49%)
    [trial 5] Sharpe=-0.0394 (folds: -0.0686, -0.1588, -0.0079, 0.0660, -0.0278)
    [trial 6] 49 features, training_days=130 | threshold=0.767 | labels: 1094 long, 1059 short (51/49%)
    [trial 6] Sharpe=-0.0764 (folds: -0.0140, -0.1332, -0.0540, 0.0315, -0.2125)
    [trial 7] 49 features, training_days=80 | threshold=0.556 | labels: 1094 long, 1059 short (51/49%)
    [trial 7] Sharpe=-0.0997 (folds: -0.0704, -0.0424, -0.0738, 0.1139, -0.4261)
    [trial 8] 49 features, training_days=200 | threshold=0.607 | labels: 1094 long, 1059 short (51/49%)
    [trial 8] Sharpe=-0.0105 (folds: -0.0286, -0.1238, 0.0132, 0.0049, 0.0819)
    [trial 9] 49 features, training_days=260 | threshold=0.620 | labels: 1094 long, 1059 short (51/49%)
    [trial 9] Sharpe=-0.0605 (folds: -0.0412, -0.0819, -0.1919, 0.1387, -0.1261)
    [trial 10] 49 features, training_days=470 | threshold=0.534 | labels: 1094 long, 1059 short (51/49%)
    [trial 10] Sharpe=-0.0963 (folds: -0.0670, -0.1588, -0.2372, 0.1170, -0.1355)
    [trial 11] 49 features, training_days=360 | threshold=0.672 | labels: 1094 long, 1059 short (51/49%)
    [trial 11] Sharpe=-0.0409 (folds: -0.0175, -0.1476, -0.1089, 0.0878, -0.0184)
    [trial 12] 49 features, training_days=20 | threshold=0.673 | labels: 1094 long, 1059 short (51/49%)
    [trial 12] Sharpe=-4.0813 (folds: -0.0548, -0.2217, -10.0000, -10.0000, -0.1300)
    [trial 13] 49 features, training_days=400 | threshold=0.611 | labels: 1094 long, 1059 short (51/49%)
    [trial 13] Sharpe=-0.0422 (folds: -0.0154, -0.0921, -0.0581, 0.1460, -0.1913)
    [trial 14] 49 features, training_days=290 | threshold=0.697 | labels: 1094 long, 1059 short (51/49%)
    [trial 14] Sharpe=-0.0269 (folds: 0.0328, -0.0861, -0.0169, 0.0962, -0.1607)
    [trial 15] 49 features, training_days=300 | threshold=0.503 | labels: 1094 long, 1059 short (51/49%)
    [trial 15] Sharpe=-0.0404 (folds: -0.1063, -0.0120, -0.0944, 0.1129, -0.1019)
    [trial 16] 49 features, training_days=370 | threshold=0.708 | labels: 1094 long, 1059 short (51/49%)
    [trial 16] Sharpe=-0.0380 (folds: -0.0030, -0.1207, -0.1322, 0.0915, -0.0255)
    [trial 17] 49 features, training_days=490 | threshold=0.828 | labels: 1094 long, 1059 short (51/49%)
    [trial 17] Sharpe=-0.0160 (folds: -0.0187, -0.0792, -0.0885, 0.2035, -0.0969)
  Optuna: 18 trials, best Sharpe = -0.0105
  Best params: n_estimators=367, max_depth=5, lr=0.1338, leaves=32
  Best confidence_threshold: 0.607
  Best training_days: 200
  Retrained on full data (600 samples, 49 features)
  [ensemble 3/3] seed=456
    [trial 0] 49 features, training_days=90 | threshold=0.587 | labels: 1094 long, 1059 short (51/49%)
    [CV fold 0] train_end=2022-04-29 08:00 | val_start=2022-05-07 00:00 | gap=184h (22 rows)
    [CV fold 1] train_end=2022-08-26 16:00 | val_start=2022-09-03 08:00 | gap=184h (22 rows)
    [CV fold 2] train_end=2022-12-24 00:00 | val_start=2022-12-31 16:00 | gap=184h (22 rows)
    [CV fold 3] train_end=2023-04-22 08:00 | val_start=2023-04-30 00:00 | gap=184h (22 rows)
    [CV fold 4] train_end=2023-08-19 16:00 | val_start=2023-08-27 08:00 | gap=184h (22 rows)
    [trial 0] Sharpe=-0.0494 (folds: -0.0558, 0.0209, -0.0218, 0.1315, -0.3218)
    [trial 1] 49 features, training_days=290 | threshold=0.635 | labels: 1094 long, 1059 short (51/49%)
    [trial 1] Sharpe=-0.0795 (folds: -0.0902, -0.1108, -0.1747, 0.0832, -0.1050)
    [trial 2] 49 features, training_days=10 | threshold=0.585 | labels: 1094 long, 1059 short (51/49%)
    [trial 2] Sharpe=-1.9564 (folds: -0.0982, 0.1171, 0.1642, -10.0000, 0.0347)
    [trial 3] 49 features, training_days=220 | threshold=0.687 | labels: 1094 long, 1059 short (51/49%)
    [trial 3] Sharpe=-0.0374 (folds: -0.0415, -0.1748, -0.1596, 0.1757, 0.0131)
    [trial 4] 49 features, training_days=300 | threshold=0.562 | labels: 1094 long, 1059 short (51/49%)
    [trial 4] Sharpe=-0.0800 (folds: -0.0131, -0.1541, -0.1567, 0.1379, -0.2136)
    [trial 5] 49 features, training_days=490 | threshold=0.711 | labels: 1094 long, 1059 short (51/49%)
    [trial 5] Sharpe=-0.0413 (folds: -0.0569, -0.1411, -0.0750, 0.2122, -0.1455)
    [trial 6] 49 features, training_days=420 | threshold=0.667 | labels: 1094 long, 1059 short (51/49%)
    [trial 6] Sharpe=-0.0819 (folds: -0.0116, -0.1608, -0.1876, 0.1124, -0.1617)
    [trial 7] 49 features, training_days=120 | threshold=0.550 | labels: 1094 long, 1059 short (51/49%)
    [trial 7] Sharpe=-0.0683 (folds: -0.0546, -0.0373, -0.0524, 0.0380, -0.2351)
    [trial 8] 49 features, training_days=450 | threshold=0.720 | labels: 1094 long, 1059 short (51/49%)
    [trial 8] Sharpe=-0.0270 (folds: -0.0581, -0.0943, -0.0580, 0.2053, -0.1300)
    [trial 9] 49 features, training_days=20 | threshold=0.727 | labels: 1094 long, 1059 short (51/49%)
    [trial 9] Sharpe=-4.0813 (folds: -0.0548, -0.2217, -10.0000, -10.0000, -0.1300)
    [trial 10] 49 features, training_days=400 | threshold=0.828 | labels: 1094 long, 1059 short (51/49%)
    [trial 10] Sharpe=-0.0857 (folds: -0.4553, -0.4244, 0.0103, 0.7099, -0.2690)
    [trial 11] 49 features, training_days=190 | threshold=0.777 | labels: 1094 long, 1059 short (51/49%)
    [trial 11] Sharpe=-0.0583 (folds: -0.0118, -0.3388, -0.0253, 0.0963, -0.0121)
    [trial 12] 49 features, training_days=220 | threshold=0.745 | labels: 1094 long, 1059 short (51/49%)
    [trial 12] Sharpe=-0.0544 (folds: 0.0278, -0.1511, -0.1356, 0.0089, -0.0217)
    [trial 13] 49 features, training_days=370 | threshold=0.674 | labels: 1094 long, 1059 short (51/49%)
    [trial 13] Sharpe=-0.0322 (folds: -0.0236, -0.0694, -0.1467, 0.1796, -0.1007)
    [trial 14] 49 features, training_days=380 | threshold=0.636 | labels: 1094 long, 1059 short (51/49%)
    [trial 14] Sharpe=-0.0185 (folds: -0.0163, -0.0263, -0.0932, 0.1174, -0.0740)
    [trial 15] 49 features, training_days=500 | threshold=0.626 | labels: 1094 long, 1059 short (51/49%)
    [trial 15] Sharpe=-0.0535 (folds: -0.0474, -0.0779, -0.1184, 0.1232, -0.1474)
    [trial 16] 49 features, training_days=350 | threshold=0.516 | labels: 1094 long, 1059 short (51/49%)
    [trial 16] Sharpe=-0.0565 (folds: -0.0524, -0.1090, -0.0874, 0.0520, -0.0857)
    [trial 17] 49 features, training_days=440 | threshold=0.787 | labels: 1094 long, 1059 short (51/49%)
    [trial 17] Sharpe=-0.0294 (folds: -0.0686, -0.0718, -0.0863, 0.2889, -0.2093)
  Optuna: 18 trials, best Sharpe = -0.0185
  Best params: n_estimators=237, max_depth=4, lr=0.1126, leaves=52
  Best confidence_threshold: 0.636
  Best training_days: 380
  Retrained on full data (1140 samples, 49 features)
  OOD: 16 features, cutoff (q=0.7) = 14.48
  Model trained for 2024-01: 93 test candles with features, confidence_threshold=0.665
[trade:close] 2024-01-03 15:59 LTCUSDT SHORT → take_profit @ 67.97 | PnL=+10.05% (net +9.95%) | cum=+115.67% 2024-01=+9.95% 2024-01-03=+9.95%
[predict] 2024-01-06 08:00 LTCUSDT → LONG (proba=0.67 TP=13.7%/SL=6.9%)
[trade:open] 2024-01-06 15:59 LTCUSDT LONG @ 65.49 | SL=60.99 TP=74.49 | timeout=2024-01-13 15:59
[trade:close] 2024-01-08 07:59 LTCUSDT LONG → stop_loss @ 60.99 | PnL=-6.87% (net -6.97%) | cum=+108.70% 2024-01=+2.98% 2024-01-08=-6.97%
[predict] 2024-01-09 16:00 LTCUSDT → SHORT (proba=0.72 TP=12.4%/SL=6.2%)
[trade:open] 2024-01-09 23:59 LTCUSDT SHORT @ 67.00 | SL=71.16 TP=58.69 | timeout=2024-01-16 23:59
[trade:close] 2024-01-10 23:59 LTCUSDT SHORT → stop_loss @ 71.16 | PnL=-6.20% (net -6.30%) | cum=+102.40% 2024-01=-3.32% 2024-01-10=-6.30%
[predict] 2024-01-12 16:00 LTCUSDT → LONG (proba=0.96 TP=14.9%/SL=7.4%)
[trade:open] 2024-01-12 23:59 LTCUSDT LONG @ 72.98 | SL=67.56 TP=83.83 | timeout=2024-01-19 23:59
[trade:close] 2024-01-18 23:59 LTCUSDT LONG → stop_loss @ 67.56 | PnL=-7.43% (net -7.53%) | cum=+94.87% 2024-01=-10.85% 2024-01-18=-7.53%
[predict] 2024-01-28 00:00 LTCUSDT → LONG (proba=0.99 TP=7.3%/SL=3.6%)
[trade:open] 2024-01-28 07:59 LTCUSDT LONG @ 67.80 | SL=65.33 TP=72.74 | timeout=2024-02-04 07:59
[lgbm] === Training for 2024-02 ===
  Train window: 2022-02-01 → 2024-01-24
  2153 training samples from 1 symbols[I 2026-06-01 23:29:03,684] A new study created in memory with name: no-name-2d4daca3-f792-4c84-8851-75c407da8173
[I 2026-06-01 23:29:04,058] Trial 0 finished with value: -0.011873159174364345 and parameters: {'confidence_threshold': 0.6310890415965769, 'training_days': 480, 'n_estimators': 380, 'max_depth': 4, 'num_leaves': 22, 'learning_rate': 0.01699897838270077, 'subsample': 0.5290418060840998, 'colsample_bytree': 0.9330880728874675, 'min_child_samples': 68, 'reg_alpha': 0.023585940584142682, 'reg_lambda': 1.5320059381854043e-08}. Best is trial 0 with value: -0.011873159174364345.
[I 2026-06-01 23:29:04,194] Trial 1 finished with value: -3.8575982749839945 and parameters: {'confidence_threshold': 0.839468448256698, 'training_days': 420, 'n_estimators': 145, 'max_depth': 3, 'num_leaves': 23, 'learning_rate': 0.028145092716060652, 'subsample': 0.762378215816119, 'colsample_bytree': 0.7159725093210578, 'min_child_samples': 43, 'reg_alpha': 0.0032112643094417484, 'reg_lambda': 1.8007140198129195e-07}. Best is trial 0 with value: -0.011873159174364345.
[I 2026-06-01 23:29:04,369] Trial 2 finished with value: 4.5768317191390015e-05 and parameters: {'confidence_threshold': 0.6022506269873263, 'training_days': 190, 'n_estimators': 255, 'max_depth': 5, 'num_leaves': 24, 'learning_rate': 0.05748924681991978, 'subsample': 0.7962072844310213, 'colsample_bytree': 0.5232252063599989, 'min_child_samples': 69, 'reg_alpha': 3.425445902633376e-07, 'reg_lambda': 3.850031979199519e-08}. Best is trial 2 with value: 4.5768317191390015e-05.
[I 2026-06-01 23:29:04,660] Trial 3 finished with value: 0.012888454038111629 and parameters: {'confidence_threshold': 0.8321099380386666, 'training_days': 490, 'n_estimators': 414, 'max_depth': 3, 'num_leaves': 19, 'learning_rate': 0.1024932221692416, 'subsample': 0.7200762468698007, 'colsample_bytree': 0.5610191174223894, 'min_child_samples': 60, 'reg_alpha': 2.039373116525212e-08, 'reg_lambda': 1.527156759251193}. Best is trial 3 with value: 0.012888454038111629.
[I 2026-06-01 23:29:04,840] Trial 4 finished with value: -0.08615195491733882 and parameters: {'confidence_threshold': 0.5905729935600059, 'training_days': 340, 'n_estimators': 190, 'max_depth': 4, 'num_leaves': 41, 'learning_rate': 0.01875220945578641, 'subsample': 0.9847923138822793, 'colsample_bytree': 0.8875664116805573, 'min_child_samples': 96, 'reg_alpha': 1.1309571585271483, 'reg_lambda': 0.002404915432737351}. Best is trial 3 with value: 0.012888454038111629.
[I 2026-06-01 23:29:04,883] Trial 5 finished with value: -0.017156918898462447 and parameters: {'confidence_threshold': 0.8226559822580909, 'training_days': 50, 'n_estimators': 138, 'max_depth': 3, 'num_leaves': 30, 'learning_rate': 0.03750796359625606, 'subsample': 0.6356745158869479, 'colsample_bytree': 0.9143687545759647, 'min_child_samples': 48, 'reg_alpha': 3.376063348877853e-06, 'reg_lambda': 0.0007660634613082914}. Best is trial 3 with value: 0.012888454038111629.
[I 2026-06-01 23:29:04,993] Trial 6 finished with value: -0.0232889807970316 and parameters: {'confidence_threshold': 0.5493234787411669, 'training_days': 410, 'n_estimators': 83, 'max_depth': 5, 'num_leaves': 52, 'learning_rate': 0.019657448966046126, 'subsample': 0.5027610585618012, 'colsample_bytree': 0.9077307142274171, 'min_child_samples': 77, 'reg_alpha': 0.03639690979811287, 'reg_lambda': 0.08738424135626986}. Best is trial 3 with value: 0.012888454038111629.
[I 2026-06-01 23:29:05,120] Trial 7 finished with value: -0.056906647235648845 and parameters: {'confidence_threshold': 0.5259156281069316, 'training_days': 180, 'n_estimators': 102, 'max_depth': 5, 'num_leaves': 45, 'learning_rate': 0.030816017044468066, 'subsample': 0.5317791751430119, 'colsample_bytree': 0.6554911608578311, 'min_child_samples': 46, 'reg_alpha': 0.036851536911881845, 'reg_lambda': 0.005470376807480391}. Best is trial 3 with value: 0.012888454038111629.
[I 2026-06-01 23:29:05,235] Trial 8 finished with value: -0.04747446192826918 and parameters: {'confidence_threshold': 0.8105244599017143, 'training_days': 240, 'n_estimators': 103, 'max_depth': 5, 'num_leaves': 52, 'learning_rate': 0.06746437142284309, 'subsample': 0.8854835899772805, 'colsample_bytree': 0.7468977981821954, 'min_child_samples': 62, 'reg_alpha': 7.04480806377519e-05, 'reg_lambda': 1.6934490731313353e-08}. Best is trial 3 with value: 0.012888454038111629.
[I 2026-06-01 23:29:05,264] Trial 9 finished with value: -2.1303001175871574 and parameters: {'confidence_threshold': 0.5377619994476566, 'training_days': 20, 'n_estimators': 337, 'max_depth': 3, 'num_leaves': 39, 'learning_rate': 0.21907142272152816, 'subsample': 0.6246461145744375, 'colsample_bytree': 0.7051914615178149, 'min_child_samples': 81, 'reg_alpha': 1.1459970229341322e-06, 'reg_lambda': 4.929685216887945e-08}. Best is trial 3 with value: 0.012888454038111629.
[I 2026-06-01 23:29:05,760] Trial 10 finished with value: -0.04239304279063176 and parameters: {'confidence_threshold': 0.7301111584710253, 'training_days': 350, 'n_estimators': 487, 'max_depth': 4, 'num_leaves': 15, 'learning_rate': 0.1457937958927628, 'subsample': 0.6806559982209046, 'colsample_bytree': 0.5055805119629307, 'min_child_samples': 27, 'reg_alpha': 1.290626345465208e-08, 'reg_lambda': 8.530248590348572}. Best is trial 3 with value: 0.012888454038111629.
[I 2026-06-01 23:29:05,882] Trial 11 finished with value: -0.009509647904228669 and parameters: {'confidence_threshold': 0.7005356062221744, 'training_days': 150, 'n_estimators': 258, 'max_depth': 4, 'num_leaves': 30, 'learning_rate': 0.07886508880857415, 'subsample': 0.7958418179650297, 'colsample_bytree': 0.5023735411654935, 'min_child_samples': 85, 'reg_alpha': 3.8085092945416025e-08, 'reg_lambda': 7.868729181011707e-06}. Best is trial 3 with value: 0.012888454038111629.
[I 2026-06-01 23:29:06,247] Trial 12 finished with value: -0.010353665679595284 and parameters: {'confidence_threshold': 0.7440898269688363, 'training_days': 260, 'n_estimators': 447, 'max_depth': 5, 'num_leaves': 15, 'learning_rate': 0.11263608439461861, 'subsample': 0.8578837395037154, 'colsample_bytree': 0.5950675625089588, 'min_child_samples': 55, 'reg_alpha': 6.127255362140079e-07, 'reg_lambda': 1.1939217269650388e-05}. Best is trial 3 with value: 0.012888454038111629.
[I 2026-06-01 23:29:06,379] Trial 13 finished with value: 0.02537133077312203 and parameters: {'confidence_threshold': 0.648468212177187, 'training_days': 140, 'n_estimators': 260, 'max_depth': 3, 'num_leaves': 62, 'learning_rate': 0.281978875082861, 'subsample': 0.708015733458699, 'colsample_bytree': 0.5961799392941978, 'min_child_samples': 67, 'reg_alpha': 2.675687035823942e-05, 'reg_lambda': 8.140300879808697}. Best is trial 13 with value: 0.02537133077312203.
[I 2026-06-01 23:29:06,546] Trial 14 finished with value: 0.020869279529538938 and parameters: {'confidence_threshold': 0.6607132450530048, 'training_days': 100, 'n_estimators': 348, 'max_depth': 3, 'num_leaves': 60, 'learning_rate': 0.268520215331267, 'subsample': 0.691147724147662, 'colsample_bytree': 0.6139433403708726, 'min_child_samples': 31, 'reg_alpha': 3.064570202694754e-05, 'reg_lambda': 6.551588619002162}. Best is trial 13 with value: 0.02537133077312203.
[I 2026-06-01 23:29:06,737] Trial 15 finished with value: -0.006588908917808556 and parameters: {'confidence_threshold': 0.6659863112900284, 'training_days': 100, 'n_estimators': 326, 'max_depth': 3, 'num_leaves': 63, 'learning_rate': 0.29101670789319856, 'subsample': 0.6015874640141092, 'colsample_bytree': 0.8100744538922787, 'min_child_samples': 27, 'reg_alpha': 8.430542834627463e-05, 'reg_lambda': 0.1477099169651986}. Best is trial 13 with value: 0.02537133077312203.
[I 2026-06-01 23:29:06,852] Trial 16 finished with value: 0.03263621564189244 and parameters: {'confidence_threshold': 0.6533924474370572, 'training_days': 100, 'n_estimators': 220, 'max_depth': 3, 'num_leaves': 63, 'learning_rate': 0.16452722835140246, 'subsample': 0.713173333047047, 'colsample_bytree': 0.6315371912055944, 'min_child_samples': 36, 'reg_alpha': 1.6230643075200477e-05, 'reg_lambda': 0.23529158002820744}. Best is trial 16 with value: 0.03263621564189244.
[I 2026-06-01 23:29:06,978] Trial 17 finished with value: 0.01425502482480977 and parameters: {'confidence_threshold': 0.7640595409929517, 'training_days': 100, 'n_estimators': 197, 'max_depth': 4, 'num_leaves': 57, 'learning_rate': 0.17654533698643188, 'subsample': 0.862649439158708, 'colsample_bytree': 0.6583059839391603, 'min_child_samples': 36, 'reg_alpha': 0.0005994407582045137, 'reg_lambda': 0.2041475808495042}. Best is trial 16 with value: 0.03263621564189244.
[I 2026-06-01 23:29:07,294] A new study created in memory with name: no-name-fa3d3cd2-b999-42ab-9178-7ee93607075c
[I 2026-06-01 23:29:07,392] Trial 0 finished with value: 0.02229943251133184 and parameters: {'confidence_threshold': 0.7437642149592516, 'training_days': 150, 'n_estimators': 152, 'max_depth': 4, 'num_leaves': 50, 'learning_rate': 0.04216766425047743, 'subsample': 0.9903820991923078, 'colsample_bytree': 0.8424148692924316, 'min_child_samples': 58, 'reg_alpha': 3.381097259762742e-05, 'reg_lambda': 1.2263152961306247e-05}. Best is trial 0 with value: 0.02229943251133184.
