[I 2026-06-01 23:24:09,131] Trial 10 finished with value: -0.02954190143876003 and parameters: {'confidence_threshold': 0.5342665212695602, 'training_days': 470, 'n_estimators': 493, 'max_depth': 5, 'num_leaves': 30, 'learning_rate': 0.010221918552934462, 'subsample': 0.9182272143313567, 'colsample_bytree': 0.6202684210924141, 'min_child_samples': 44, 'reg_alpha': 1.466506858166308e-08, 'reg_lambda': 0.014616129255130504}. Best is trial 8 with value: 0.02443751907400134.
[I 2026-06-01 23:24:09,545] Trial 11 finished with value: -0.012000917468281672 and parameters: {'confidence_threshold': 0.607296338357605, 'training_days': 360, 'n_estimators': 477, 'max_depth': 5, 'num_leaves': 36, 'learning_rate': 0.12199762873742671, 'subsample': 0.8344214603932569, 'colsample_bytree': 0.6661831737797719, 'min_child_samples': 86, 'reg_alpha': 0.22420772377574527, 'reg_lambda': 3.030764495173662e-08}. Best is trial 8 with value: 0.02443751907400134.
[I 2026-06-01 23:24:09,573] Trial 12 finished with value: -2.0160010823825467 and parameters: {'confidence_threshold': 0.6181766826006161, 'training_days': 20, 'n_estimators': 287, 'max_depth': 5, 'num_leaves': 41, 'learning_rate': 0.12809347518986527, 'subsample': 0.7462630151554006, 'colsample_bytree': 0.5197889515780572, 'min_child_samples': 100, 'reg_alpha': 6.210448045058425, 'reg_lambda': 5.116535876235931e-07}. Best is trial 8 with value: 0.02443751907400134.
[I 2026-06-01 23:24:09,994] Trial 13 finished with value: -0.00998105912318219 and parameters: {'confidence_threshold': 0.503854589246995, 'training_days': 400, 'n_estimators': 413, 'max_depth': 5, 'num_leaves': 26, 'learning_rate': 0.1263297812055253, 'subsample': 0.8767161339646822, 'colsample_bytree': 0.7082407533656954, 'min_child_samples': 51, 'reg_alpha': 5.118802298244082e-07, 'reg_lambda': 3.9280290511036376e-07}. Best is trial 8 with value: 0.02443751907400134.
[I 2026-06-01 23:24:10,343] Trial 14 finished with value: 0.0017590044031483571 and parameters: {'confidence_threshold': 0.686501707298844, 'training_days': 270, 'n_estimators': 296, 'max_depth': 5, 'num_leaves': 44, 'learning_rate': 0.08683124309802116, 'subsample': 0.7204416227477246, 'colsample_bytree': 0.9951780710339017, 'min_child_samples': 40, 'reg_alpha': 0.03895716396495772, 'reg_lambda': 3.5585869672187853e-07}. Best is trial 8 with value: 0.02443751907400134.
[I 2026-06-01 23:24:10,597] Trial 15 finished with value: 0.029334534675884427 and parameters: {'confidence_threshold': 0.6701749786802792, 'training_days': 190, 'n_estimators': 436, 'max_depth': 5, 'num_leaves': 62, 'learning_rate': 0.1645541284075095, 'subsample': 0.507007918467014, 'colsample_bytree': 0.738971151174427, 'min_child_samples': 78, 'reg_alpha': 5.646373403336726e-07, 'reg_lambda': 1.4016823353824867e-06}. Best is trial 15 with value: 0.029334534675884427.
[I 2026-06-01 23:24:10,800] Trial 16 finished with value: 0.043329891601435376 and parameters: {'confidence_threshold': 0.6856387383987033, 'training_days': 170, 'n_estimators': 430, 'max_depth': 4, 'num_leaves': 63, 'learning_rate': 0.17243606822612093, 'subsample': 0.5119680415123619, 'colsample_bytree': 0.7397973507045297, 'min_child_samples': 78, 'reg_alpha': 1.5574845105570906e-07, 'reg_lambda': 0.001582211266358887}. Best is trial 16 with value: 0.043329891601435376.
[I 2026-06-01 23:24:10,832] Trial 17 finished with value: -1.9915377368327718 and parameters: {'confidence_threshold': 0.6825760317001965, 'training_days': 40, 'n_estimators': 429, 'max_depth': 4, 'num_leaves': 63, 'learning_rate': 0.19685974817362253, 'subsample': 0.5068103060918405, 'colsample_bytree': 0.5970643961672573, 'min_child_samples': 79, 'reg_alpha': 1.3721778238088793e-08, 'reg_lambda': 0.0030710682724023495}. Best is trial 16 with value: 0.043329891601435376.
[I 2026-06-01 23:24:10,907] A new study created in memory with name: no-name-1b0848ff-f9ff-409d-a098-a56556b81541
[I 2026-06-01 23:24:11,102] Trial 0 finished with value: -0.005656132541120286 and parameters: {'confidence_threshold': 0.5870645682749857, 'training_days': 90, 'n_estimators': 403, 'max_depth': 5, 'num_leaves': 45, 'learning_rate': 0.0780457193679974, 'subsample': 0.9428509515574568, 'colsample_bytree': 0.8795587339164916, 'min_child_samples': 34, 'reg_alpha': 2.2465901234314442e-07, 'reg_lambda': 8.339007036475363e-05}. Best is trial 0 with value: -0.005656132541120286.
[I 2026-06-01 23:24:11,219] Trial 1 finished with value: 0.005025275102711365 and parameters: {'confidence_threshold': 0.6348453934275313, 'training_days': 290, 'n_estimators': 115, 'max_depth': 5, 'num_leaves': 37, 'learning_rate': 0.06949568759029946, 'subsample': 0.8228505074024268, 'colsample_bytree': 0.8616703220431751, 'min_child_samples': 75, 'reg_alpha': 4.2486822725010923e-07, 'reg_lambda': 1.157247767047042e-07}. Best is trial 1 with value: 0.005025275102711365.

    [trial 1] Sharpe=-0.0396 (folds: -0.1522, -0.5210, 0.0998, -0.0229, 0.3980)
    [trial 2] 49 features, training_days=190 | threshold=0.602 | labels: 1186 long, 960 short (55/45%)
    [trial 2] Sharpe=-0.0045 (folds: 0.0054, -0.0063, -0.0730, 0.0102, 0.0411)
    [trial 3] 49 features, training_days=490 | threshold=0.832 | labels: 1186 long, 960 short (55/45%)
    [trial 3] Sharpe=0.0017 (folds: 0.0438, -0.0234, -0.1481, 0.0418, 0.0943)
    [trial 4] 49 features, training_days=340 | threshold=0.591 | labels: 1186 long, 960 short (55/45%)
    [trial 4] Sharpe=-0.0831 (folds: -0.0389, -0.1587, -0.2330, -0.0674, 0.0828)
    [trial 5] 49 features, training_days=50 | threshold=0.823 | labels: 1186 long, 960 short (55/45%)
    [trial 5] Sharpe=-0.0888 (folds: 0.0217, -0.0414, 0.4969, 0.2890, -1.2103)
    [trial 6] 49 features, training_days=410 | threshold=0.549 | labels: 1186 long, 960 short (55/45%)
    [trial 6] Sharpe=-0.0672 (folds: -0.0673, -0.1994, -0.1761, -0.0381, 0.1449)
    [trial 7] 49 features, training_days=180 | threshold=0.526 | labels: 1186 long, 960 short (55/45%)
    [trial 7] Sharpe=-0.0367 (folds: -0.0430, -0.0458, -0.0711, -0.0181, -0.0056)
    [trial 8] 49 features, training_days=240 | threshold=0.811 | labels: 1186 long, 960 short (55/45%)
    [trial 8] Sharpe=-0.0168 (folds: 0.0043, -0.0529, -0.2316, 0.0536, 0.1424)
    [trial 9] 49 features, training_days=20 | threshold=0.538 | labels: 1186 long, 960 short (55/45%)
    [trial 9] Sharpe=-0.0570 (folds: -0.0872, -0.3272, 0.2455, -0.2049, 0.0889)
    [trial 10] 49 features, training_days=350 | threshold=0.730 | labels: 1186 long, 960 short (55/45%)
    [trial 10] Sharpe=-0.0072 (folds: 0.0137, 0.0230, -0.1458, -0.0379, 0.1110)
    [trial 11] 49 features, training_days=150 | threshold=0.701 | labels: 1186 long, 960 short (55/45%)
    [trial 11] Sharpe=0.0120 (folds: 0.0223, 0.1129, -0.2136, 0.0455, 0.0926)
    [trial 12] 49 features, training_days=120 | threshold=0.719 | labels: 1186 long, 960 short (55/45%)
    [trial 12] Sharpe=0.0766 (folds: 0.0135, -0.0105, 0.1868, 0.1779, 0.0152)
    [trial 13] 49 features, training_days=110 | threshold=0.719 | labels: 1186 long, 960 short (55/45%)
    [trial 13] Sharpe=0.0592 (folds: 0.0158, 0.0379, 0.1290, 0.1557, -0.0425)
    [trial 14] 49 features, training_days=90 | threshold=0.753 | labels: 1186 long, 960 short (55/45%)
    [trial 14] Sharpe=0.0089 (folds: 0.0881, -0.0330, 0.0886, 0.0122, -0.1112)
    [trial 15] 49 features, training_days=110 | threshold=0.666 | labels: 1186 long, 960 short (55/45%)
    [trial 15] Sharpe=0.0579 (folds: 0.0055, 0.0513, 0.1489, 0.1074, -0.0237)
    [trial 16] 49 features, training_days=260 | threshold=0.765 | labels: 1186 long, 960 short (55/45%)
    [trial 16] Sharpe=-0.0072 (folds: -0.0193, 0.0403, -0.0706, -0.0288, 0.0424)
    [trial 17] 49 features, training_days=100 | threshold=0.676 | labels: 1186 long, 960 short (55/45%)
    [trial 17] Sharpe=0.1519 (folds: 0.0986, 0.3608, 0.0823, -0.0410, 0.2590)
  Optuna: 18 trials, best Sharpe = 0.1519
  Best params: n_estimators=316, max_depth=4, lr=0.0104, leaves=45
  Best confidence_threshold: 0.676
  Best training_days: 100
  Retrained on full data (300 samples, 49 features)
  [ensemble 2/3] seed=123
    [trial 0] 49 features, training_days=150 | threshold=0.744 | labels: 1186 long, 960 short (55/45%)
    [CV fold 0] train_end=2020-05-01 00:00 | val_start=2020-05-08 16:00 | gap=184h (22 rows)
    [CV fold 1] train_end=2020-08-28 00:00 | val_start=2020-09-04 16:00 | gap=184h (22 rows)
    [CV fold 2] train_end=2020-12-25 00:00 | val_start=2021-01-01 16:00 | gap=184h (22 rows)
    [CV fold 3] train_end=2021-04-23 00:00 | val_start=2021-04-30 16:00 | gap=184h (22 rows)
    [CV fold 4] train_end=2021-08-20 00:00 | val_start=2021-08-27 16:00 | gap=184h (22 rows)
    [trial 0] Sharpe=0.0212 (folds: -0.0010, 0.1079, -0.0534, 0.0328, 0.0196)
    [trial 1] 49 features, training_days=220 | threshold=0.755 | labels: 1186 long, 960 short (55/45%)
    [trial 1] Sharpe=-0.0722 (folds: -0.2337, -0.1077, -0.1778, -0.1400, 0.2980)
    [trial 2] 49 features, training_days=310 | threshold=0.754 | labels: 1186 long, 960 short (55/45%)
    [trial 2] Sharpe=-0.0721 (folds: -0.0395, -0.0771, -0.1739, -0.1209, 0.0510)
    [trial 3] 49 features, training_days=220 | threshold=0.673 | labels: 1186 long, 960 short (55/45%)
    [trial 3] Sharpe=-0.0072 (folds: 0.0144, 0.0489, -0.1323, 0.0006, 0.0326)
    [trial 4] 49 features, training_days=130 | threshold=0.803 | labels: 1186 long, 960 short (55/45%)
    [trial 4] Sharpe=0.0029 (folds: 0.0041, 0.0421, -0.0389, -0.0237, 0.0308)
    [trial 5] 49 features, training_days=210 | threshold=0.606 | labels: 1186 long, 960 short (55/45%)
    [trial 5] Sharpe=0.0231 (folds: 0.0266, 0.0078, -0.0346, 0.0292, 0.0866)
    [trial 6] 49 features, training_days=130 | threshold=0.767 | labels: 1186 long, 960 short (55/45%)
    [trial 6] Sharpe=-0.0208 (folds: 0.0065, -0.1017, -0.0359, 0.0669, -0.0398)
    [trial 7] 49 features, training_days=80 | threshold=0.556 | labels: 1186 long, 960 short (55/45%)
    [trial 7] Sharpe=-0.0200 (folds: 0.0824, 0.0229, 0.0180, -0.0160, -0.2070)
    [trial 8] 49 features, training_days=200 | threshold=0.607 | labels: 1186 long, 960 short (55/45%)
    [trial 8] Sharpe=0.0244 (folds: 0.0209, 0.0481, -0.0959, 0.0943, 0.0548)
    [trial 9] 49 features, training_days=260 | threshold=0.620 | labels: 1186 long, 960 short (55/45%)
    [trial 9] Sharpe=0.0098 (folds: 0.0387, -0.0637, 0.0365, -0.0342, 0.0715)
    [trial 10] 49 features, training_days=470 | threshold=0.534 | labels: 1186 long, 960 short (55/45%)
    [trial 10] Sharpe=-0.0295 (folds: -0.0090, 0.0027, -0.1624, 0.0070, 0.0141)
    [trial 11] 49 features, training_days=360 | threshold=0.607 | labels: 1186 long, 960 short (55/45%)
    [trial 11] Sharpe=-0.0120 (folds: 0.0048, 0.0046, -0.1229, -0.0066, 0.0601)
    [trial 12] 49 features, training_days=20 | threshold=0.618 | labels: 1186 long, 960 short (55/45%)
    [trial 12] Sharpe=-2.0160 (folds: -0.0872, -0.3272, 0.2455, -10.0000, 0.0889)
    [trial 13] 49 features, training_days=400 | threshold=0.504 | labels: 1186 long, 960 short (55/45%)
    [trial 13] Sharpe=-0.0100 (folds: -0.0088, 0.0865, -0.1396, -0.0035, 0.0154)
    [trial 14] 49 features, training_days=270 | threshold=0.687 | labels: 1186 long, 960 short (55/45%)
    [trial 14] Sharpe=0.0018 (folds: 0.0239, 0.1115, -0.0776, -0.0465, -0.0025)
    [trial 15] 49 features, training_days=190 | threshold=0.670 | labels: 1186 long, 960 short (55/45%)
    [trial 15] Sharpe=0.0293 (folds: -0.0081, 0.0204, -0.0358, 0.1170, 0.0532)
    [trial 16] 49 features, training_days=170 | threshold=0.686 | labels: 1186 long, 960 short (55/45%)
    [trial 16] Sharpe=0.0433 (folds: -0.0150, 0.0210, -0.0007, 0.1111, 0.1004)
    [trial 17] 49 features, training_days=40 | threshold=0.683 | labels: 1186 long, 960 short (55/45%)
    [trial 17] Sharpe=-1.9915 (folds: -0.0872, -10.0000, 0.2455, -0.2049, 0.0889)
  Optuna: 18 trials, best Sharpe = 0.0433
  Best params: n_estimators=430, max_depth=4, lr=0.1724, leaves=63
  Best confidence_threshold: 0.686
  Best training_days: 170
  Retrained on full data (510 samples, 49 features)
  [ensemble 3/3] seed=456
    [trial 0] 49 features, training_days=90 | threshold=0.587 | labels: 1186 long, 960 short (55/45%)
    [CV fold 0] train_end=2020-05-01 00:00 | val_start=2020-05-08 16:00 | gap=184h (22 rows)
    [CV fold 1] train_end=2020-08-28 00:00 | val_start=2020-09-04 16:00 | gap=184h (22 rows)
    [CV fold 2] train_end=2020-12-25 00:00 | val_start=2021-01-01 16:00 | gap=184h (22 rows)
    [CV fold 3] train_end=2021-04-23 00:00 | val_start=2021-04-30 16:00 | gap=184h (22 rows)
    [CV fold 4] train_end=2021-08-20 00:00 | val_start=2021-08-27 16:00 | gap=184h (22 rows)
    [trial 0] Sharpe=-0.0057 (folds: -0.0099, -0.1138, 0.1932, -0.0594, -0.0384)
    [trial 1] 49 features, training_days=290 | threshold=0.635 | labels: 1186 long, 960 short (55/45%)
    [trial 1] Sharpe=0.0050 (folds: 0.0619, -0.0308, -0.0212, -0.0322, 0.0474)
    [trial 2] 49 features, training_days=10 | threshold=0.585 | labels: 1186 long, 960 short (55/45%)
    [trial 2] Sharpe=-4.0332 (folds: -10.0000, 0.2763, -0.2374, -0.2049, -10.0000)[I 2026-06-01 23:24:11,243] Trial 2 finished with value: -4.033207295437917 and parameters: {'confidence_threshold': 0.5849570384370288, 'training_days': 10, 'n_estimators': 212, 'max_depth': 3, 'num_leaves': 41, 'learning_rate': 0.18452095998378365, 'subsample': 0.6001060822924371, 'colsample_bytree': 0.5673167293506167, 'min_child_samples': 37, 'reg_alpha': 5.733250064217131, 'reg_lambda': 0.5308454292595461}. Best is trial 1 with value: 0.005025275102711365.
[I 2026-06-01 23:24:11,361] Trial 3 finished with value: -0.04769004392000128 and parameters: {'confidence_threshold': 0.6868248626683718, 'training_days': 220, 'n_estimators': 134, 'max_depth': 3, 'num_leaves': 45, 'learning_rate': 0.033529007907491595, 'subsample': 0.8647277071858408, 'colsample_bytree': 0.778494116634046, 'min_child_samples': 96, 'reg_alpha': 2.409409937265785e-07, 'reg_lambda': 1.1642073478060009}. Best is trial 1 with value: 0.005025275102711365.
[I 2026-06-01 23:24:11,460] Trial 4 finished with value: -0.014243276471880215 and parameters: {'confidence_threshold': 0.5623121348350352, 'training_days': 300, 'n_estimators': 69, 'max_depth': 4, 'num_leaves': 32, 'learning_rate': 0.14967629360700346, 'subsample': 0.5054535233636654, 'colsample_bytree': 0.7401385194659216, 'min_child_samples': 27, 'reg_alpha': 1.4212042567426725e-07, 'reg_lambda': 0.23605753701352003}. Best is trial 1 with value: 0.005025275102711365.
[I 2026-06-01 23:24:11,993] Trial 5 finished with value: -0.013192089152589353 and parameters: {'confidence_threshold': 0.7111850244908446, 'training_days': 490, 'n_estimators': 362, 'max_depth': 5, 'num_leaves': 40, 'learning_rate': 0.05960785724162737, 'subsample': 0.5589714368907717, 'colsample_bytree': 0.6659006943232806, 'min_child_samples': 42, 'reg_alpha': 0.6741360303045295, 'reg_lambda': 6.054601607143087e-08}. Best is trial 1 with value: 0.005025275102711365.
[I 2026-06-01 23:24:12,274] Trial 6 finished with value: -0.0150270839930118 and parameters: {'confidence_threshold': 0.667482545748023, 'training_days': 420, 'n_estimators': 279, 'max_depth': 3, 'num_leaves': 45, 'learning_rate': 0.040099592560849204, 'subsample': 0.8563114696415159, 'colsample_bytree': 0.5442917781944105, 'min_child_samples': 50, 'reg_alpha': 1.6407916423707903e-08, 'reg_lambda': 2.935907642973286e-05}. Best is trial 1 with value: 0.005025275102711365.
[I 2026-06-01 23:24:12,459] Trial 7 finished with value: 0.01765206662690797 and parameters: {'confidence_threshold': 0.5497381024139926, 'training_days': 120, 'n_estimators': 408, 'max_depth': 5, 'num_leaves': 38, 'learning_rate': 0.28049122657745795, 'subsample': 0.8806573338635493, 'colsample_bytree': 0.5454054113547102, 'min_child_samples': 63, 'reg_alpha': 0.01263008637940408, 'reg_lambda': 0.04588020805366937}. Best is trial 7 with value: 0.01765206662690797.
[I 2026-06-01 23:24:12,794] Trial 8 finished with value: -0.05192341374953933 and parameters: {'confidence_threshold': 0.719644804808716, 'training_days': 450, 'n_estimators': 410, 'max_depth': 4, 'num_leaves': 57, 'learning_rate': 0.04022026551478857, 'subsample': 0.5336085426932707, 'colsample_bytree': 0.5705742850577543, 'min_child_samples': 100, 'reg_alpha': 5.916398047912201e-07, 'reg_lambda': 0.9794034214488329}. Best is trial 7 with value: 0.01765206662690797.
[I 2026-06-01 23:24:12,835] Trial 9 finished with value: -3.950564028277018 and parameters: {'confidence_threshold': 0.7267463643917187, 'training_days': 20, 'n_estimators': 337, 'max_depth': 5, 'num_leaves': 23, 'learning_rate': 0.022153031811454605, 'subsample': 0.6305627572358737, 'colsample_bytree': 0.6613413774216214, 'min_child_samples': 81, 'reg_alpha': 5.7638634029410314e-08, 'reg_lambda': 8.26603016764008}. Best is trial 7 with value: 0.01765206662690797.
[I 2026-06-01 23:24:13,154] Trial 10 finished with value: 0.03629790429145685 and parameters: {'confidence_threshold': 0.8398533911817929, 'training_days': 180, 'n_estimators': 485, 'max_depth': 4, 'num_leaves': 15, 'learning_rate': 0.2797087873840057, 'subsample': 0.7130289643560688, 'colsample_bytree': 0.9944479338273263, 'min_child_samples': 62, 'reg_alpha': 0.002237492903849199, 'reg_lambda': 0.004699952286108024}. Best is trial 10 with value: 0.03629790429145685.
[I 2026-06-01 23:24:13,379] Trial 11 finished with value: 0.026674838686759628 and parameters: {'confidence_threshold': 0.8491135887906174, 'training_days': 160, 'n_estimators': 478, 'max_depth': 4, 'num_leaves': 15, 'learning_rate': 0.28804994563212594, 'subsample': 0.7093138168746902, 'colsample_bytree': 0.9628722124262472, 'min_child_samples': 61, 'reg_alpha': 0.005396937931745758, 'reg_lambda': 0.0063808947996254126}. Best is trial 10 with value: 0.03629790429145685.
[I 2026-06-01 23:24:13,680] Trial 12 finished with value: -0.029370402984992623 and parameters: {'confidence_threshold': 0.844172879916663, 'training_days': 190, 'n_estimators': 490, 'max_depth': 4, 'num_leaves': 15, 'learning_rate': 0.011971471002830407, 'subsample': 0.706378759312317, 'colsample_bytree': 0.9826583982594713, 'min_child_samples': 62, 'reg_alpha': 0.00031702985771781266, 'reg_lambda': 0.0038650131345423157}. Best is trial 10 with value: 0.03629790429145685.
[I 2026-06-01 23:24:13,920] Trial 13 finished with value: 0.07259766485794539 and parameters: {'confidence_threshold': 0.8491911315870185, 'training_days': 160, 'n_estimators': 494, 'max_depth': 4, 'num_leaves': 15, 'learning_rate': 0.29565958251886, 'subsample': 0.7275099068340432, 'colsample_bytree': 0.977673677256957, 'min_child_samples': 71, 'reg_alpha': 0.0006032558684192128, 'reg_lambda': 0.0017283764181085961}. Best is trial 13 with value: 0.07259766485794539.
[I 2026-06-01 23:24:14,252] Trial 14 finished with value: -0.002896643832666107 and parameters: {'confidence_threshold': 0.7943244749329125, 'training_days': 250, 'n_estimators': 500, 'max_depth': 4, 'num_leaves': 24, 'learning_rate': 0.1479168811858399, 'subsample': 0.7673486119683415, 'colsample_bytree': 0.9010709999783574, 'min_child_samples': 77, 'reg_alpha': 2.489036772570171e-05, 'reg_lambda': 3.463655993622246e-06}. Best is trial 13 with value: 0.07259766485794539.
[I 2026-06-01 23:24:14,404] Trial 15 finished with value: 0.07944822129340315 and parameters: {'confidence_threshold': 0.7829525506318393, 'training_days': 100, 'n_estimators': 442, 'max_depth': 4, 'num_leaves': 23, 'learning_rate': 0.1086510796827362, 'subsample': 0.6658350127859428, 'colsample_bytree': 0.9934286300532085, 'min_child_samples': 88, 'reg_alpha': 3.109870299662886e-05, 'reg_lambda': 0.0013467843257158065}. Best is trial 15 with value: 0.07944822129340315.
[I 2026-06-01 23:24:14,482] Trial 16 finished with value: -0.06042076929669118 and parameters: {'confidence_threshold': 0.7809712285122007, 'training_days': 80, 'n_estimators': 299, 'max_depth': 4, 'num_leaves': 27, 'learning_rate': 0.09735323767826358, 'subsample': 0.6417854440984738, 'colsample_bytree': 0.9213491523841879, 'min_child_samples': 86, 'reg_alpha': 1.509618393012622e-05, 'reg_lambda': 0.0005288306926627823}. Best is trial 15 with value: 0.07944822129340315.
