[I 2026-06-01 23:28:36,336] Trial 7 finished with value: -0.0741854340259929 and parameters: {'confidence_threshold': 0.555635875450653, 'training_days': 80, 'n_estimators': 363, 'max_depth': 3, 'num_leaves': 48, 'learning_rate': 0.06590089024008658, 'subsample': 0.6944752870615722, 'colsample_bytree': 0.962566244806993, 'min_child_samples': 88, 'reg_alpha': 1.6465620446426067e-05, 'reg_lambda': 2.4678750890085655e-08}. Best is trial 0 with value: 0.07296052925456632.

  [label] 2022-09-10 08:00 LTCUSDT entry=64.0300 → SHORT | long=sl(-6.47%) short=tp(+12.64%) | scanned=16 | short_tp_only
  [label] 2022-09-14 08:00 LTCUSDT entry=60.3600 → SHORT | long=sl(-7.94%) short=tp(+15.57%) | scanned=14 | short_tp_only
  [label] 2022-09-25 00:00 LTCUSDT entry=54.2000 → SHORT | long=timeout(-2.44%) short=timeout(+2.24%) | scanned=22 | no_tp→fwd_return=-2.3432
  [label] 2022-11-08 16:00 LTCUSDT entry=57.7400 → LONG | long=sl(-13.66%) short=timeout(-0.52%) | scanned=22 | no_tp→fwd_return=+0.4157
  [label] 2022-11-17 00:00 LTCUSDT entry=59.1400 → LONG | long=tp(+16.70%) short=sl(-8.50%) | scanned=16 | long_tp_only
  [label] 2023-02-15 00:00 LTCUSDT entry=95.9600 → LONG | long=tp(+9.88%) short=sl(-5.09%) | scanned=5 | long_tp_only
  [label] 2023-03-18 16:00 LTCUSDT entry=83.0100 → LONG | long=timeout(+10.04%) short=sl(-8.65%) | scanned=22 | no_tp→fwd_return=+10.1434
  [label] 2023-04-03 16:00 LTCUSDT entry=92.9300 → LONG | long=timeout(+0.78%) short=timeout(-0.98%) | scanned=22 | no_tp→fwd_return=+0.8824
  [label] 2023-04-16 00:00 LTCUSDT entry=96.1300 → SHORT | long=sl(-4.24%) short=sl(-4.24%) | scanned=11 | no_tp→fwd_return=-5.9295
  [label] 2023-05-04 16:00 LTCUSDT entry=88.3300 → SHORT | long=sl(-4.17%) short=tp(+8.03%) | scanned=5 | short_tp_only
  [label] 2023-05-10 16:00 LTCUSDT entry=80.8800 → LONG | long=tp(+11.66%) short=sl(-5.98%) | scanned=17 | long_tp_only
  [label] 2023-05-23 00:00 LTCUSDT entry=91.9100 → SHORT | long=sl(-4.08%) short=tp(+7.87%) | scanned=4 | short_tp_only
  [label] 2023-07-01 08:00 LTCUSDT entry=105.2500 → SHORT | long=sl(-10.21%) short=timeout(+6.97%) | scanned=22 | no_tp→fwd_return=-7.0689
  [label] 2023-07-11 00:00 LTCUSDT entry=97.9000 → SHORT | long=sl(-6.28%) short=sl(-6.28%) | scanned=11 | no_tp→fwd_return=-2.9009
  [label] 2023-10-04 08:00 LTCUSDT entry=63.9100 → SHORT | long=sl(-3.90%) short=timeout(+3.76%) | scanned=22 | no_tp→fwd_return=-3.8648
  Labels: 1042 long (48.4%), 1111 short (51.6%) | weights: min=1.00, mean=3.39, max=10.00
  Features: 2153/2153 matched, 49 columns
  CV gap: 22 rows
  [ensemble 1/3] seed=42
    [trial 0] 49 features, training_days=480 | threshold=0.631 | labels: 1042 long, 1111 short (48/52%)
    [CV fold 0] train_end=2022-02-22 08:00 | val_start=2022-03-05 00:00 | gap=256h (22 rows)
    [CV fold 1] train_end=2022-06-26 16:00 | val_start=2022-07-04 08:00 | gap=184h (22 rows)
    [CV fold 2] train_end=2022-10-24 00:00 | val_start=2022-10-31 16:00 | gap=184h (22 rows)
    [CV fold 3] train_end=2023-02-20 08:00 | val_start=2023-02-28 00:00 | gap=184h (22 rows)
    [CV fold 4] train_end=2023-06-19 16:00 | val_start=2023-06-27 08:00 | gap=184h (22 rows)
    [trial 0] Sharpe=-0.0270 (folds: 0.0585, -0.2280, -0.1392, 0.1210, 0.0526)
    [trial 1] 49 features, training_days=420 | threshold=0.839 | labels: 1042 long, 1111 short (48/52%)
    [trial 1] Sharpe=-1.8967 (folds: -0.0394, -0.0813, 0.3970, -10.0000, 0.2402)
    [trial 2] 49 features, training_days=190 | threshold=0.602 | labels: 1042 long, 1111 short (48/52%)
    [trial 2] Sharpe=-0.0724 (folds: 0.0370, -0.2369, -0.0473, 0.0007, -0.1157)
    [trial 3] 49 features, training_days=490 | threshold=0.832 | labels: 1042 long, 1111 short (48/52%)
    [trial 3] Sharpe=-0.0217 (folds: -0.0247, -0.2557, -0.1354, 0.2598, 0.0476)
    [trial 4] 49 features, training_days=340 | threshold=0.591 | labels: 1042 long, 1111 short (48/52%)
    [trial 4] Sharpe=-0.0100 (folds: 0.0751, -0.2261, 0.0003, 0.1103, -0.0097)
    [trial 5] 49 features, training_days=50 | threshold=0.823 | labels: 1042 long, 1111 short (48/52%)
    [trial 5] Sharpe=-0.0521 (folds: 0.0421, -0.2492, -0.2574, 0.2217, -0.0175)
    [trial 6] 49 features, training_days=410 | threshold=0.549 | labels: 1042 long, 1111 short (48/52%)
    [trial 6] Sharpe=0.0237 (folds: 0.0986, -0.2115, -0.0864, 0.2687, 0.0490)
    [trial 7] 49 features, training_days=180 | threshold=0.526 | labels: 1042 long, 1111 short (48/52%)
    [trial 7] Sharpe=-0.0342 (folds: 0.0586, -0.2504, -0.0066, 0.0671, -0.0398)
    [trial 8] 49 features, training_days=240 | threshold=0.811 | labels: 1042 long, 1111 short (48/52%)
    [trial 8] Sharpe=0.0172 (folds: 0.0680, -0.2209, -0.0418, 0.2814, -0.0006)
    [trial 9] 49 features, training_days=20 | threshold=0.538 | labels: 1042 long, 1111 short (48/52%)
    [trial 9] Sharpe=-1.9878 (folds: 0.0729, -0.0761, 0.2789, -10.0000, -0.2145)
    [trial 10] 49 features, training_days=350 | threshold=0.738 | labels: 1042 long, 1111 short (48/52%)
    [trial 10] Sharpe=0.0247 (folds: 0.0952, -0.2486, 0.1391, 0.0290, 0.1087)
    [trial 11] 49 features, training_days=340 | threshold=0.716 | labels: 1042 long, 1111 short (48/52%)
    [trial 11] Sharpe=0.0221 (folds: 0.1197, -0.2544, 0.0874, 0.0929, 0.0648)
    [trial 12] 49 features, training_days=360 | threshold=0.723 | labels: 1042 long, 1111 short (48/52%)
    [trial 12] Sharpe=-0.0111 (folds: 0.1261, -0.2630, -0.1066, 0.1565, 0.0314)
    [trial 13] 49 features, training_days=400 | threshold=0.757 | labels: 1042 long, 1111 short (48/52%)
    [trial 13] Sharpe=0.0766 (folds: 0.0663, -0.1569, 0.0610, 0.3059, 0.1067)
    [trial 14] 49 features, training_days=270 | threshold=0.759 | labels: 1042 long, 1111 short (48/52%)
    [trial 14] Sharpe=0.0048 (folds: 0.0791, -0.3217, 0.0017, -0.0242, 0.2889)
    [trial 15] 49 features, training_days=420 | threshold=0.674 | labels: 1042 long, 1111 short (48/52%)
    [trial 15] Sharpe=-0.0435 (folds: 0.0477, -0.2569, -0.1467, 0.0740, 0.0644)
    [trial 16] 49 features, training_days=270 | threshold=0.774 | labels: 1042 long, 1111 short (48/52%)
    [trial 16] Sharpe=0.0001 (folds: 0.0245, -0.1450, -0.1004, 0.0045, 0.2168)
    [trial 17] 49 features, training_days=110 | threshold=0.676 | labels: 1042 long, 1111 short (48/52%)
    [trial 17] Sharpe=0.0224 (folds: -0.0146, -0.2492, 0.1716, 0.0003, 0.2040)
  Optuna: 18 trials, best Sharpe = 0.0766
  Best params: n_estimators=258, max_depth=5, lr=0.0180, leaves=52
  Best confidence_threshold: 0.757
  Best training_days: 400
  Retrained on full data (1200 samples, 49 features)
  [ensemble 2/3] seed=123
    [trial 0] 49 features, training_days=150 | threshold=0.744 | labels: 1042 long, 1111 short (48/52%)
    [CV fold 0] train_end=2022-02-22 08:00 | val_start=2022-03-05 00:00 | gap=256h (22 rows)
    [CV fold 1] train_end=2022-06-26 16:00 | val_start=2022-07-04 08:00 | gap=184h (22 rows)
    [CV fold 2] train_end=2022-10-24 00:00 | val_start=2022-10-31 16:00 | gap=184h (22 rows)
    [CV fold 3] train_end=2023-02-20 08:00 | val_start=2023-02-28 00:00 | gap=184h (22 rows)
    [CV fold 4] train_end=2023-06-19 16:00 | val_start=2023-06-27 08:00 | gap=184h (22 rows)
    [trial 0] Sharpe=0.0730 (folds: 0.0732, -0.2663, 0.3088, 0.0099, 0.2391)
    [trial 1] 49 features, training_days=220 | threshold=0.755 | labels: 1042 long, 1111 short (48/52%)
    [trial 1] Sharpe=-0.0657 (folds: -0.2628, -0.0490, -0.2238, 0.2217, -0.0145)
    [trial 2] 49 features, training_days=310 | threshold=0.754 | labels: 1042 long, 1111 short (48/52%)
    [trial 2] Sharpe=-0.0195 (folds: 0.0487, -0.3158, 0.1192, -0.0128, 0.0634)
    [trial 3] 49 features, training_days=220 | threshold=0.673 | labels: 1042 long, 1111 short (48/52%)
    [trial 3] Sharpe=-0.0777 (folds: 0.0782, -0.2491, -0.0351, -0.0454, -0.1373)
    [trial 4] 49 features, training_days=130 | threshold=0.803 | labels: 1042 long, 1111 short (48/52%)
    [trial 4] Sharpe=0.0448 (folds: -0.0089, -0.2533, 0.2014, 0.0720, 0.2129)
    [trial 5] 49 features, training_days=210 | threshold=0.606 | labels: 1042 long, 1111 short (48/52%)
    [trial 5] Sharpe=-0.0790 (folds: 0.0022, -0.2289, -0.0918, -0.0152, -0.0615)
    [trial 6] 49 features, training_days=130 | threshold=0.767 | labels: 1042 long, 1111 short (48/52%)
    [trial 6] Sharpe=0.0072 (folds: 0.0876, -0.2495, 0.0649, 0.0018, 0.1311)
    [trial 7] 49 features, training_days=80 | threshold=0.556 | labels: 1042 long, 1111 short (48/52%)
    [trial 7] Sharpe=-0.0742 (folds: -0.0095, -0.2477, -0.1158, -0.1146, 0.1167)
    [trial 8] 49 features, training_days=200 | threshold=0.607 | labels: 1042 long, 1111 short (48/52%)[I 2026-06-01 23:28:36,679] Trial 8 finished with value: -0.0590817794681095 and parameters: {'confidence_threshold': 0.6066688256938841, 'training_days': 200, 'n_estimators': 367, 'max_depth': 5, 'num_leaves': 32, 'learning_rate': 0.13377519215934996, 'subsample': 0.7965884582811106, 'colsample_bytree': 0.8458508993500886, 'min_child_samples': 32, 'reg_alpha': 3.889436043816386e-05, 'reg_lambda': 1.4713062489380356e-06}. Best is trial 0 with value: 0.07296052925456632.
[I 2026-06-01 23:28:36,909] Trial 9 finished with value: 0.006310377909418399 and parameters: {'confidence_threshold': 0.6202096049169137, 'training_days': 260, 'n_estimators': 350, 'max_depth': 3, 'num_leaves': 21, 'learning_rate': 0.02989540198065364, 'subsample': 0.8307821683331218, 'colsample_bytree': 0.923253112635361, 'min_child_samples': 64, 'reg_alpha': 0.4898604619604203, 'reg_lambda': 2.9076377687066166e-05}. Best is trial 0 with value: 0.07296052925456632.
[I 2026-06-01 23:28:37,360] Trial 10 finished with value: -2.0058982570531194 and parameters: {'confidence_threshold': 0.8445241688507242, 'training_days': 470, 'n_estimators': 493, 'max_depth': 4, 'num_leaves': 63, 'learning_rate': 0.010221918552934462, 'subsample': 0.9783426417503635, 'colsample_bytree': 0.6202684210924141, 'min_child_samples': 46, 'reg_alpha': 1.452403597240567e-08, 'reg_lambda': 0.02027317446694866}. Best is trial 0 with value: 0.07296052925456632.
[I 2026-06-01 23:28:37,397] Trial 11 finished with value: -5.929653850780195 and parameters: {'confidence_threshold': 0.8371297552840329, 'training_days': 20, 'n_estimators': 231, 'max_depth': 5, 'num_leaves': 42, 'learning_rate': 0.04419378524388841, 'subsample': 0.5082312939353781, 'colsample_bytree': 0.6778283959364831, 'min_child_samples': 51, 'reg_alpha': 3.867986746175684e-07, 'reg_lambda': 1.5530863293959958e-06}. Best is trial 0 with value: 0.07296052925456632.
[I 2026-06-01 23:28:37,635] Trial 12 finished with value: -0.044416011428199995 and parameters: {'confidence_threshold': 0.7147097017266781, 'training_days': 360, 'n_estimators': 275, 'max_depth': 5, 'num_leaves': 51, 'learning_rate': 0.05809128784912797, 'subsample': 0.9918302937157114, 'colsample_bytree': 0.5201164353688423, 'min_child_samples': 81, 'reg_alpha': 0.009430922971696443, 'reg_lambda': 1.6114975154815026e-06}. Best is trial 0 with value: 0.07296052925456632.
[I 2026-06-01 23:28:37,697] Trial 13 finished with value: 0.04184325081479161 and parameters: {'confidence_threshold': 0.8045936399987071, 'training_days': 120, 'n_estimators': 53, 'max_depth': 4, 'num_leaves': 31, 'learning_rate': 0.10151302244870823, 'subsample': 0.9227064439647955, 'colsample_bytree': 0.9249893861432709, 'min_child_samples': 47, 'reg_alpha': 9.9717480119966e-07, 'reg_lambda': 0.0038418245689497152}. Best is trial 0 with value: 0.07296052925456632.
[I 2026-06-01 23:28:37,729] Trial 14 finished with value: -1.987767328658029 and parameters: {'confidence_threshold': 0.6968624890517784, 'training_days': 20, 'n_estimators': 159, 'max_depth': 5, 'num_leaves': 48, 'learning_rate': 0.04074110489853438, 'subsample': 0.5217724665487773, 'colsample_bytree': 0.9975174476650941, 'min_child_samples': 95, 'reg_alpha': 0.000938266511305414, 'reg_lambda': 8.008361667755108e-06}. Best is trial 0 with value: 0.07296052925456632.
[I 2026-06-01 23:28:37,848] Trial 15 finished with value: 0.010613935802029106 and parameters: {'confidence_threshold': 0.7897652460704997, 'training_days': 130, 'n_estimators': 251, 'max_depth': 4, 'num_leaves': 43, 'learning_rate': 0.07871053029471468, 'subsample': 0.8966418548807951, 'colsample_bytree': 0.7163960550594055, 'min_child_samples': 74, 'reg_alpha': 6.360445922002683, 'reg_lambda': 3.5532501480887757}. Best is trial 0 with value: 0.07296052925456632.
[I 2026-06-01 23:28:37,955] Trial 16 finished with value: -0.09538012618003198 and parameters: {'confidence_threshold': 0.7241344883463222, 'training_days': 80, 'n_estimators': 291, 'max_depth': 4, 'num_leaves': 55, 'learning_rate': 0.031881297714316296, 'subsample': 0.6259757956590382, 'colsample_bytree': 0.8998014720332306, 'min_child_samples': 56, 'reg_alpha': 0.05682468732545374, 'reg_lambda': 2.2878115779668412e-07}. Best is trial 0 with value: 0.07296052925456632.
[I 2026-06-01 23:28:38,108] Trial 17 finished with value: -0.054954568050213225 and parameters: {'confidence_threshold': 0.5004748807695347, 'training_days': 370, 'n_estimators': 135, 'max_depth': 5, 'num_leaves': 35, 'learning_rate': 0.1380433976974455, 'subsample': 0.7016596160347799, 'colsample_bytree': 0.7565701579406248, 'min_child_samples': 72, 'reg_alpha': 0.00044840837681558, 'reg_lambda': 0.00029433365007660304}. Best is trial 0 with value: 0.07296052925456632.
[I 2026-06-01 23:28:38,381] A new study created in memory with name: no-name-68800fb7-bfb3-4de9-96c5-d5ce63858dfe
[I 2026-06-01 23:28:38,568] Trial 0 finished with value: -0.05892765180171601 and parameters: {'confidence_threshold': 0.5870645682749857, 'training_days': 90, 'n_estimators': 403, 'max_depth': 5, 'num_leaves': 45, 'learning_rate': 0.0780457193679974, 'subsample': 0.9428509515574568, 'colsample_bytree': 0.8795587339164916, 'min_child_samples': 34, 'reg_alpha': 2.2465901234314442e-07, 'reg_lambda': 8.339007036475363e-05}. Best is trial 0 with value: -0.05892765180171601.
[I 2026-06-01 23:28:38,680] Trial 1 finished with value: -0.02311707617526345 and parameters: {'confidence_threshold': 0.6348453934275313, 'training_days': 290, 'n_estimators': 115, 'max_depth': 5, 'num_leaves': 37, 'learning_rate': 0.06949568759029946, 'subsample': 0.8228505074024268, 'colsample_bytree': 0.8616703220431751, 'min_child_samples': 75, 'reg_alpha': 4.2486822725010923e-07, 'reg_lambda': 1.157247767047042e-07}. Best is trial 1 with value: -0.02311707617526345.
[I 2026-06-01 23:28:38,681] Trial 2 finished with value: -10.0 and parameters: {'confidence_threshold': 0.5849570384370288, 'training_days': 10, 'n_estimators': 212, 'max_depth': 3, 'num_leaves': 41, 'learning_rate': 0.18452095998378365, 'subsample': 0.6001060822924371, 'colsample_bytree': 0.5673167293506167, 'min_child_samples': 37, 'reg_alpha': 5.733250064217131, 'reg_lambda': 0.5308454292595461}. Best is trial 1 with value: -0.02311707617526345.
[I 2026-06-01 23:28:38,765] Trial 3 finished with value: -0.03709184311650067 and parameters: {'confidence_threshold': 0.6868248626683718, 'training_days': 220, 'n_estimators': 134, 'max_depth': 3, 'num_leaves': 45, 'learning_rate': 0.033529007907491595, 'subsample': 0.8647277071858408, 'colsample_bytree': 0.778494116634046, 'min_child_samples': 96, 'reg_alpha': 2.409409937265785e-07, 'reg_lambda': 1.1642073478060009}. Best is trial 1 with value: -0.02311707617526345.
[I 2026-06-01 23:28:38,861] Trial 4 finished with value: -0.06698115466512389 and parameters: {'confidence_threshold': 0.5623121348350352, 'training_days': 300, 'n_estimators': 69, 'max_depth': 4, 'num_leaves': 32, 'learning_rate': 0.14967629360700346, 'subsample': 0.5054535233636654, 'colsample_bytree': 0.7401385194659216, 'min_child_samples': 27, 'reg_alpha': 1.4212042567426725e-07, 'reg_lambda': 0.23605753701352003}. Best is trial 1 with value: -0.02311707617526345.
[I 2026-06-01 23:28:39,305] Trial 5 finished with value: -0.02608421363515349 and parameters: {'confidence_threshold': 0.7111850244908446, 'training_days': 490, 'n_estimators': 362, 'max_depth': 5, 'num_leaves': 40, 'learning_rate': 0.05960785724162737, 'subsample': 0.5589714368907717, 'colsample_bytree': 0.6659006943232806, 'min_child_samples': 42, 'reg_alpha': 0.6741360303045295, 'reg_lambda': 6.054601607143087e-08}. Best is trial 1 with value: -0.02311707617526345.
[I 2026-06-01 23:28:39,506] Trial 6 finished with value: -0.012676419206639488 and parameters: {'confidence_threshold': 0.667482545748023, 'training_days': 420, 'n_estimators': 279, 'max_depth': 3, 'num_leaves': 45, 'learning_rate': 0.040099592560849204, 'subsample': 0.8563114696415159, 'colsample_bytree': 0.5442917781944105, 'min_child_samples': 50, 'reg_alpha': 1.6407916423707903e-08, 'reg_lambda': 2.935907642973286e-05}. Best is trial 6 with value: -0.012676419206639488.
[I 2026-06-01 23:28:39,679] Trial 7 finished with value: -0.013720430497228236 and parameters: {'confidence_threshold': 0.5497381024139926, 'training_days': 120, 'n_estimators': 408, 'max_depth': 5, 'num_leaves': 38, 'learning_rate': 0.28049122657745795, 'subsample': 0.8806573338635493, 'colsample_bytree': 0.5454054113547102, 'min_child_samples': 63, 'reg_alpha': 0.01263008637940408, 'reg_lambda': 0.04588020805366937}. Best is trial 6 with value: -0.012676419206639488.
[I 2026-06-01 23:28:39,965] Trial 8 finished with value: -0.030752629556469985 and parameters: {'confidence_threshold': 0.719644804808716, 'training_days': 450, 'n_estimators': 410, 'max_depth': 4, 'num_leaves': 57, 'learning_rate': 0.04022026551478857, 'subsample': 0.5336085426932707, 'colsample_bytree': 0.5705742850577543, 'min_child_samples': 100, 'reg_alpha': 5.916398047912201e-07, 'reg_lambda': 0.9794034214488329}. Best is trial 6 with value: -0.012676419206639488.
[I 2026-06-01 23:28:39,990] Trial 9 finished with value: -5.929653850780195 and parameters: {'confidence_threshold': 0.7267463643917187, 'training_days': 20, 'n_estimators': 337, 'max_depth': 5, 'num_leaves': 23, 'learning_rate': 0.022153031811454605, 'subsample': 0.6305627572358737, 'colsample_bytree': 0.6613413774216214, 'min_child_samples': 81, 'reg_alpha': 5.7638634029410314e-08, 'reg_lambda': 8.26603016764008}. Best is trial 6 with value: -0.012676419206639488.
[I 2026-06-01 23:28:40,192] Trial 10 finished with value: -3.945359586829254 and parameters: {'confidence_threshold': 0.8283920119574972, 'training_days': 400, 'n_estimators': 240, 'max_depth': 3, 'num_leaves': 62, 'learning_rate': 0.011921022686883517, 'subsample': 0.7130289643560688, 'colsample_bytree': 0.9944479338273263, 'min_child_samples': 54, 'reg_alpha': 6.837313901272251e-05, 'reg_lambda': 2.741063772648371e-05}. Best is trial 6 with value: -0.012676419206639488.
[I 2026-06-01 23:28:40,445] Trial 11 finished with value: -0.03931597490892222 and parameters: {'confidence_threshold': 0.5379676273538253, 'training_days': 170, 'n_estimators': 478, 'max_depth': 4, 'num_leaves': 54, 'learning_rate': 0.23812253955588647, 'subsample': 0.986770314616891, 'colsample_bytree': 0.5017024210185925, 'min_child_samples': 61, 'reg_alpha': 0.022994587022611257, 'reg_lambda': 0.00647465266809438}. Best is trial 6 with value: -0.012676419206639488.
[I 2026-06-01 23:28:40,701] Trial 12 finished with value: -0.05711753997272475 and parameters: {'confidence_threshold': 0.5145853631584999, 'training_days': 360, 'n_estimators': 286, 'max_depth': 4, 'num_leaves': 29, 'learning_rate': 0.11734972811537304, 'subsample': 0.8461199852159198, 'colsample_bytree': 0.5159885704391729, 'min_child_samples': 56, 'reg_alpha': 0.0006430918293963635, 'reg_lambda': 0.0022105109201275095}. Best is trial 6 with value: -0.012676419206639488.
[I 2026-06-01 23:28:40,911] Trial 13 finished with value: 0.07603867272399778 and parameters: {'confidence_threshold': 0.8006461722941554, 'training_days': 140, 'n_estimators': 493, 'max_depth': 3, 'num_leaves': 15, 'learning_rate': 0.023468126747120118, 'subsample': 0.7683931704000064, 'colsample_bytree': 0.633238312765511, 'min_child_samples': 69, 'reg_alpha': 0.00017470786404015872, 'reg_lambda': 5.202782339940452e-06}. Best is trial 13 with value: 0.07603867272399778.
[I 2026-06-01 23:28:41,181] Trial 14 finished with value: -0.0209707831393322 and parameters: {'confidence_threshold': 0.7944265095517844, 'training_days': 210, 'n_estimators': 500, 'max_depth': 3, 'num_leaves': 17, 'learning_rate': 0.01862434997907136, 'subsample': 0.7469724170245529, 'colsample_bytree': 0.6391418519595193, 'min_child_samples': 73, 'reg_alpha': 1.1551822108194917e-05, 'reg_lambda': 2.8773120379028485e-06}. Best is trial 13 with value: 0.07603867272399778.
[I 2026-06-01 23:28:41,335] Trial 15 finished with value: 0.10104626372940642 and parameters: {'confidence_threshold': 0.7819600244856454, 'training_days': 370, 'n_estimators': 192, 'max_depth': 3, 'num_leaves': 16, 'learning_rate': 0.027837053988777765, 'subsample': 0.6792025457800189, 'colsample_bytree': 0.6171756202837292, 'min_child_samples': 87, 'reg_alpha': 6.820202399345979e-06, 'reg_lambda': 2.5511899571058818e-06}. Best is trial 15 with value: 0.10104626372940642.
[I 2026-06-01 23:28:41,493] Trial 16 finished with value: -2.0337383431829297 and parameters: {'confidence_threshold': 0.7697308554369644, 'training_days': 340, 'n_estimators': 186, 'max_depth': 3, 'num_leaves': 15, 'learning_rate': 0.010106636521779986, 'subsample': 0.6690475908226001, 'colsample_bytree': 0.7329102792878889, 'min_child_samples': 85, 'reg_alpha': 6.42290928947199e-06, 'reg_lambda': 1.679380555661347e-06}. Best is trial 15 with value: 0.10104626372940642.
