[I 2026-06-01 23:31:27,723] Trial 10 finished with value: 0.0447537918257465 and parameters: {'confidence_threshold': 0.8398533911817929, 'training_days': 320, 'n_estimators': 52, 'max_depth': 4, 'num_leaves': 15, 'learning_rate': 0.1708019296390162, 'subsample': 0.7130289643560688, 'colsample_bytree': 0.9944479338273263, 'min_child_samples': 23, 'reg_alpha': 6.837313901272251e-05, 'reg_lambda': 0.007549769720510555}. Best is trial 4 with value: 0.10305894862062548.
[I 2026-06-01 23:31:28,275] Trial 11 finished with value: 0.08369143502943596 and parameters: {'confidence_threshold': 0.786180255393198, 'training_days': 500, 'n_estimators': 478, 'max_depth': 4, 'num_leaves': 29, 'learning_rate': 0.010226258249598861, 'subsample': 0.5004718002103864, 'colsample_bytree': 0.6821090468272153, 'min_child_samples': 22, 'reg_alpha': 9.443402751011643, 'reg_lambda': 2.313463030717144e-08}. Best is trial 4 with value: 0.10305894862062548.
[I 2026-06-01 23:31:28,517] Trial 12 finished with value: 0.0868603453424294 and parameters: {'confidence_threshold': 0.5145853631584999, 'training_days': 370, 'n_estimators': 243, 'max_depth': 4, 'num_leaves': 30, 'learning_rate': 0.09958366580839793, 'subsample': 0.6166089205473694, 'colsample_bytree': 0.7179310383001429, 'min_child_samples': 45, 'reg_alpha': 0.02694721219722944, 'reg_lambda': 1.4304147444691813e-06}. Best is trial 4 with value: 0.10305894862062548.
[I 2026-06-01 23:31:28,775] Trial 13 finished with value: 0.038535464106504595 and parameters: {'confidence_threshold': 0.6264911627195466, 'training_days': 210, 'n_estimators': 331, 'max_depth': 4, 'num_leaves': 55, 'learning_rate': 0.11842510796771445, 'subsample': 0.7023035707306736, 'colsample_bytree': 0.7964950430311403, 'min_child_samples': 55, 'reg_alpha': 0.00010874449785112549, 'reg_lambda': 0.002213814638104446}. Best is trial 4 with value: 0.10305894862062548.
[I 2026-06-01 23:31:29,020] Trial 14 finished with value: 0.09209486733384699 and parameters: {'confidence_threshold': 0.7723320301796328, 'training_days': 370, 'n_estimators': 170, 'max_depth': 5, 'num_leaves': 31, 'learning_rate': 0.15568349061881234, 'subsample': 0.5808338336629058, 'colsample_bytree': 0.6310878495855354, 'min_child_samples': 36, 'reg_alpha': 0.09136702398753474, 'reg_lambda': 1.9911970232120805e-06}. Best is trial 4 with value: 0.10305894862062548.
[I 2026-06-01 23:31:29,128] Trial 15 finished with value: 0.06229902212318352 and parameters: {'confidence_threshold': 0.5303922806882243, 'training_days': 500, 'n_estimators': 56, 'max_depth': 4, 'num_leaves': 50, 'learning_rate': 0.2607338671064475, 'subsample': 0.6702835169003956, 'colsample_bytree': 0.7405154782554892, 'min_child_samples': 29, 'reg_alpha': 6.554258732407552e-06, 'reg_lambda': 0.0013467843257158065}. Best is trial 4 with value: 0.10305894862062548.
[I 2026-06-01 23:31:29,334] Trial 16 finished with value: 0.05179132744858922 and parameters: {'confidence_threshold': 0.6056130840488534, 'training_days': 150, 'n_estimators': 292, 'max_depth': 5, 'num_leaves': 23, 'learning_rate': 0.021342803802310486, 'subsample': 0.5535204166976686, 'colsample_bytree': 0.6262380431921595, 'min_child_samples': 45, 'reg_alpha': 0.0023251507539700186, 'reg_lambda': 0.0283917092084435}. Best is trial 4 with value: 0.10305894862062548.
[I 2026-06-01 23:31:29,657] Trial 17 finished with value: 0.062147031345339686 and parameters: {'confidence_threshold': 0.6679170895385056, 'training_days': 330, 'n_estimators': 485, 'max_depth': 3, 'num_leaves': 35, 'learning_rate': 0.05726561031086143, 'subsample': 0.795049549083471, 'colsample_bytree': 0.8398340907751862, 'min_child_samples': 66, 'reg_alpha': 0.19844298870812768, 'reg_lambda': 5.859391567785703e-06}. Best is trial 4 with value: 0.10305894862062548.

    [trial 1] Sharpe=-1.9655 (folds: -10.0000, -0.0567, 0.0393, -0.0183, 0.2081)
    [trial 2] 49 features, training_days=310 | threshold=0.754 | labels: 1116 long, 1055 short (51/49%)
    [trial 2] Sharpe=0.0520 (folds: -0.1038, -0.1333, 0.1609, 0.1958, 0.1406)
    [trial 3] 49 features, training_days=220 | threshold=0.673 | labels: 1116 long, 1055 short (51/49%)
    [trial 3] Sharpe=0.0305 (folds: 0.0262, -0.0515, 0.1245, 0.1514, -0.0981)
    [trial 4] 49 features, training_days=130 | threshold=0.803 | labels: 1116 long, 1055 short (51/49%)
    [trial 4] Sharpe=0.0339 (folds: -0.1164, 0.1791, 0.0946, 0.1446, -0.1324)
    [trial 5] 49 features, training_days=210 | threshold=0.606 | labels: 1116 long, 1055 short (51/49%)
    [trial 5] Sharpe=0.0191 (folds: -0.0997, 0.0775, 0.1402, 0.0874, -0.1099)
    [trial 6] 49 features, training_days=130 | threshold=0.767 | labels: 1116 long, 1055 short (51/49%)
    [trial 6] Sharpe=0.0717 (folds: 0.0337, 0.2023, 0.0786, 0.1702, -0.1264)
    [trial 7] 49 features, training_days=80 | threshold=0.556 | labels: 1116 long, 1055 short (51/49%)
    [trial 7] Sharpe=0.1146 (folds: 0.1300, -0.0479, 0.2251, 0.1102, 0.1554)
    [trial 8] 49 features, training_days=200 | threshold=0.607 | labels: 1116 long, 1055 short (51/49%)
    [trial 8] Sharpe=0.0778 (folds: 0.0402, 0.1822, 0.0883, 0.1074, -0.0291)
    [trial 9] 49 features, training_days=260 | threshold=0.620 | labels: 1116 long, 1055 short (51/49%)
    [trial 9] Sharpe=0.0251 (folds: -0.1152, -0.0065, 0.1295, 0.1546, -0.0368)
    [trial 10] 49 features, training_days=10 | threshold=0.525 | labels: 1116 long, 1055 short (51/49%)
    [trial 10] Sharpe=-0.0208 (folds: 0.0385, -0.0940, 0.1823, 0.1474, -0.3784)
    [trial 11] 49 features, training_days=480 | threshold=0.513 | labels: 1116 long, 1055 short (51/49%)
    [trial 11] Sharpe=0.0963 (folds: 0.0491, 0.0176, 0.2110, 0.1546, 0.0493)
    [trial 12] 49 features, training_days=500 | threshold=0.510 | labels: 1116 long, 1055 short (51/49%)
    [trial 12] Sharpe=0.0768 (folds: -0.0665, 0.0137, 0.1907, 0.1306, 0.1156)
    [trial 13] 49 features, training_days=490 | threshold=0.558 | labels: 1116 long, 1055 short (51/49%)
    [trial 13] Sharpe=0.0521 (folds: -0.0556, -0.0176, 0.1561, 0.1418, 0.0360)
    [trial 14] 49 features, training_days=410 | threshold=0.563 | labels: 1116 long, 1055 short (51/49%)
    [trial 14] Sharpe=0.0731 (folds: 0.0030, -0.0378, 0.2353, 0.1917, -0.0265)
    [trial 15] 49 features, training_days=10 | threshold=0.664 | labels: 1116 long, 1055 short (51/49%)
    [trial 15] Sharpe=-4.0385 (folds: 0.0385, -10.0000, -10.0000, 0.1474, -0.3784)
    [trial 16] 49 features, training_days=350 | threshold=0.553 | labels: 1116 long, 1055 short (51/49%)
    [trial 16] Sharpe=0.0350 (folds: -0.1428, 0.0028, 0.1023, 0.2345, -0.0219)
    [trial 17] 49 features, training_days=70 | threshold=0.500 | labels: 1116 long, 1055 short (51/49%)
    [trial 17] Sharpe=-0.0141 (folds: 0.0036, -0.1060, 0.1482, 0.0813, -0.1975)
  Optuna: 18 trials, best Sharpe = 0.1146
  Best params: n_estimators=363, max_depth=3, lr=0.0659, leaves=48
  Best confidence_threshold: 0.556
  Best training_days: 80
  Retrained on full data (240 samples, 49 features)
  [ensemble 3/3] seed=456
    [trial 0] 49 features, training_days=90 | threshold=0.587 | labels: 1116 long, 1055 short (51/49%)
    [CV fold 0] train_end=2023-03-25 08:00 | val_start=2023-04-02 00:00 | gap=184h (22 rows)
    [CV fold 1] train_end=2023-07-23 16:00 | val_start=2023-07-31 08:00 | gap=184h (22 rows)
    [CV fold 2] train_end=2023-11-21 00:00 | val_start=2023-11-28 16:00 | gap=184h (22 rows)
    [CV fold 3] train_end=2024-03-20 08:00 | val_start=2024-03-28 00:00 | gap=184h (22 rows)
    [CV fold 4] train_end=2024-07-18 16:00 | val_start=2024-07-26 08:00 | gap=184h (22 rows)
    [trial 0] Sharpe=0.0028 (folds: -0.2100, 0.0220, 0.1004, 0.2003, -0.0988)
    [trial 1] 49 features, training_days=290 | threshold=0.635 | labels: 1116 long, 1055 short (51/49%)
    [trial 1] Sharpe=0.0756 (folds: -0.1645, 0.0032, 0.2975, 0.1997, 0.0419)
    [trial 2] 49 features, training_days=10 | threshold=0.585 | labels: 1116 long, 1055 short (51/49%)
    [trial 2] Sharpe=-4.0385 (folds: 0.0385, -10.0000, -10.0000, 0.1474, -0.3784)
    [trial 3] 49 features, training_days=220 | threshold=0.687 | labels: 1116 long, 1055 short (51/49%)
    [trial 3] Sharpe=0.0398 (folds: -0.0771, -0.0148, 0.2019, 0.1075, -0.0187)
    [trial 4] 49 features, training_days=300 | threshold=0.562 | labels: 1116 long, 1055 short (51/49%)
    [trial 4] Sharpe=0.1031 (folds: 0.0398, -0.0294, 0.2890, 0.2173, -0.0015)
    [trial 5] 49 features, training_days=490 | threshold=0.711 | labels: 1116 long, 1055 short (51/49%)
    [trial 5] Sharpe=0.1010 (folds: 0.0247, 0.0012, 0.2369, 0.1545, 0.0877)
    [trial 6] 49 features, training_days=420 | threshold=0.667 | labels: 1116 long, 1055 short (51/49%)
    [trial 6] Sharpe=0.0487 (folds: -0.1361, -0.0201, 0.2642, 0.1329, 0.0029)
    [trial 7] 49 features, training_days=120 | threshold=0.550 | labels: 1116 long, 1055 short (51/49%)
    [trial 7] Sharpe=0.0291 (folds: -0.0938, 0.1721, 0.0966, 0.0998, -0.1292)
    [trial 8] 49 features, training_days=450 | threshold=0.720 | labels: 1116 long, 1055 short (51/49%)
    [trial 8] Sharpe=0.0863 (folds: 0.0606, -0.0468, 0.2406, 0.1199, 0.0572)
    [trial 9] 49 features, training_days=20 | threshold=0.727 | labels: 1116 long, 1055 short (51/49%)
    [trial 9] Sharpe=-1.9995 (folds: -0.1119, 0.0268, -0.1235, -10.0000, 0.2111)
    [trial 10] 49 features, training_days=320 | threshold=0.840 | labels: 1116 long, 1055 short (51/49%)
    [trial 10] Sharpe=0.0448 (folds: -0.1633, -0.1728, 0.2624, 0.2524, 0.0451)
    [trial 11] 49 features, training_days=500 | threshold=0.786 | labels: 1116 long, 1055 short (51/49%)
    [trial 11] Sharpe=0.0837 (folds: -0.0136, -0.2983, 0.1192, 0.2047, 0.4063)
    [trial 12] 49 features, training_days=370 | threshold=0.515 | labels: 1116 long, 1055 short (51/49%)
    [trial 12] Sharpe=0.0869 (folds: 0.0270, -0.0095, 0.2166, 0.2040, -0.0037)
    [trial 13] 49 features, training_days=210 | threshold=0.626 | labels: 1116 long, 1055 short (51/49%)
    [trial 13] Sharpe=0.0385 (folds: -0.0328, 0.0704, 0.0806, 0.1368, -0.0623)
    [trial 14] 49 features, training_days=370 | threshold=0.772 | labels: 1116 long, 1055 short (51/49%)
    [trial 14] Sharpe=0.0921 (folds: -0.0109, -0.0140, 0.2430, 0.2323, 0.0101)
    [trial 15] 49 features, training_days=500 | threshold=0.530 | labels: 1116 long, 1055 short (51/49%)
    [trial 15] Sharpe=0.0623 (folds: -0.0085, -0.0382, 0.1786, 0.1054, 0.0742)
    [trial 16] 49 features, training_days=150 | threshold=0.606 | labels: 1116 long, 1055 short (51/49%)
    [trial 16] Sharpe=0.0518 (folds: -0.0388, 0.2302, 0.0184, 0.0413, 0.0078)
    [trial 17] 49 features, training_days=330 | threshold=0.668 | labels: 1116 long, 1055 short (51/49%)
    [trial 17] Sharpe=0.0621 (folds: -0.0719, -0.0177, 0.1484, 0.2539, -0.0019)
  Optuna: 18 trials, best Sharpe = 0.1031
  Best params: n_estimators=69, max_depth=4, lr=0.1497, leaves=32
  Best confidence_threshold: 0.562
  Best training_days: 300
  Retrained on full data (900 samples, 49 features)
  OOD: 16 features, cutoff (q=0.7) = 13.76
  Model trained for 2024-12: 93 test candles with features, confidence_threshold=0.611
[predict] 2024-12-01 00:00 LTCUSDT → LONG (proba=0.80 TP=14.9%/SL=7.5%)
[trade:open] 2024-12-01 07:59 LTCUSDT LONG @ 101.42 | SL=93.86 TP=116.54 | timeout=2024-12-08 07:59
[trade:close] 2024-12-01 23:59 LTCUSDT LONG → take_profit @ 116.54 | PnL=+14.91% (net +14.81%) | cum=+134.72% 2024-12=+14.81% 2024-12-01=+14.81%
[predict] 2024-12-31 00:00 LTCUSDT → LONG (proba=0.78 TP=13.7%/SL=6.8%)
[trade:open] 2024-12-31 07:59 LTCUSDT LONG @ 98.73 | SL=91.99 TP=112.22 | timeout=2025-01-07 07:59
[lgbm] === Training for 2025-01 ===
  Train window: 2023-01-01 → 2024-12-24
  2171 training samples from 1 symbols
  Samples per month: 2023-01: 93, 2023-02: 84, 2023-03: 93, 2023-04: 90, 2023-05: 93, 2023-06: 90, 2023-07: 93, 2023-08: 93, 2023-09: 90, 2023-10: 93, 2023-11: 90, 2023-12: 93, 2024-01: 93, 2024-02: 87, 2024-03: 93, 2024-04: 90, 2024-05: 93, 2024-06: 90, 2024-07: 93, 2024-08: 93, 2024-09: 90, 2024-10: 93, 2024-11: 90, 2024-12: 71[I 2026-06-01 23:31:30,353] A new study created in memory with name: no-name-ed6952c1-ddea-4d59-9559-156331282b71
[I 2026-06-01 23:31:30,764] Trial 0 finished with value: 0.026551381045435297 and parameters: {'confidence_threshold': 0.6310890415965769, 'training_days': 480, 'n_estimators': 380, 'max_depth': 4, 'num_leaves': 22, 'learning_rate': 0.01699897838270077, 'subsample': 0.5290418060840998, 'colsample_bytree': 0.9330880728874675, 'min_child_samples': 68, 'reg_alpha': 0.023585940584142682, 'reg_lambda': 1.5320059381854043e-08}. Best is trial 0 with value: 0.026551381045435297.
[I 2026-06-01 23:31:30,911] Trial 1 finished with value: -0.11843316359090257 and parameters: {'confidence_threshold': 0.839468448256698, 'training_days': 420, 'n_estimators': 145, 'max_depth': 3, 'num_leaves': 23, 'learning_rate': 0.028145092716060652, 'subsample': 0.762378215816119, 'colsample_bytree': 0.7159725093210578, 'min_child_samples': 43, 'reg_alpha': 0.0032112643094417484, 'reg_lambda': 1.8007140198129195e-07}. Best is trial 0 with value: 0.026551381045435297.
[I 2026-06-01 23:31:31,107] Trial 2 finished with value: -0.010242299249497974 and parameters: {'confidence_threshold': 0.6022506269873263, 'training_days': 190, 'n_estimators': 255, 'max_depth': 5, 'num_leaves': 24, 'learning_rate': 0.05748924681991978, 'subsample': 0.7962072844310213, 'colsample_bytree': 0.5232252063599989, 'min_child_samples': 69, 'reg_alpha': 3.425445902633376e-07, 'reg_lambda': 3.850031979199519e-08}. Best is trial 0 with value: 0.026551381045435297.
[I 2026-06-01 23:31:31,454] Trial 3 finished with value: -0.024711807251515165 and parameters: {'confidence_threshold': 0.8321099380386666, 'training_days': 490, 'n_estimators': 414, 'max_depth': 3, 'num_leaves': 19, 'learning_rate': 0.1024932221692416, 'subsample': 0.7200762468698007, 'colsample_bytree': 0.5610191174223894, 'min_child_samples': 60, 'reg_alpha': 2.039373116525212e-08, 'reg_lambda': 1.527156759251193}. Best is trial 0 with value: 0.026551381045435297.
[I 2026-06-01 23:31:31,635] Trial 4 finished with value: 0.000486884327235157 and parameters: {'confidence_threshold': 0.5905729935600059, 'training_days': 340, 'n_estimators': 190, 'max_depth': 4, 'num_leaves': 41, 'learning_rate': 0.01875220945578641, 'subsample': 0.9847923138822793, 'colsample_bytree': 0.8875664116805573, 'min_child_samples': 96, 'reg_alpha': 1.1309571585271483, 'reg_lambda': 0.002404915432737351}. Best is trial 0 with value: 0.026551381045435297.
[I 2026-06-01 23:31:31,687] Trial 5 finished with value: 0.04160360284402079 and parameters: {'confidence_threshold': 0.8226559822580909, 'training_days': 50, 'n_estimators': 138, 'max_depth': 3, 'num_leaves': 30, 'learning_rate': 0.03750796359625606, 'subsample': 0.6356745158869479, 'colsample_bytree': 0.9143687545759647, 'min_child_samples': 48, 'reg_alpha': 3.376063348877853e-06, 'reg_lambda': 0.0007660634613082914}. Best is trial 5 with value: 0.04160360284402079.
[I 2026-06-01 23:31:31,815] Trial 6 finished with value: 0.05068708805919886 and parameters: {'confidence_threshold': 0.5493234787411669, 'training_days': 410, 'n_estimators': 83, 'max_depth': 5, 'num_leaves': 52, 'learning_rate': 0.019657448966046126, 'subsample': 0.5027610585618012, 'colsample_bytree': 0.9077307142274171, 'min_child_samples': 77, 'reg_alpha': 0.03639690979811287, 'reg_lambda': 0.08738424135626986}. Best is trial 6 with value: 0.05068708805919886.
[I 2026-06-01 23:31:31,932] Trial 7 finished with value: -0.017329169253616102 and parameters: {'confidence_threshold': 0.5259156281069316, 'training_days': 180, 'n_estimators': 102, 'max_depth': 5, 'num_leaves': 45, 'learning_rate': 0.030816017044468066, 'subsample': 0.5317791751430119, 'colsample_bytree': 0.6554911608578311, 'min_child_samples': 46, 'reg_alpha': 0.036851536911881845, 'reg_lambda': 0.005470376807480391}. Best is trial 6 with value: 0.05068708805919886.
[I 2026-06-01 23:31:32,057] Trial 8 finished with value: 0.06921855071455581 and parameters: {'confidence_threshold': 0.8105244599017143, 'training_days': 240, 'n_estimators': 103, 'max_depth': 5, 'num_leaves': 52, 'learning_rate': 0.06746437142284309, 'subsample': 0.8854835899772805, 'colsample_bytree': 0.7468977981821954, 'min_child_samples': 62, 'reg_alpha': 7.04480806377519e-05, 'reg_lambda': 1.6934490731313353e-08}. Best is trial 8 with value: 0.06921855071455581.
[I 2026-06-01 23:31:32,081] Trial 9 finished with value: -1.9548568761352623 and parameters: {'confidence_threshold': 0.5377619994476566, 'training_days': 20, 'n_estimators': 337, 'max_depth': 3, 'num_leaves': 39, 'learning_rate': 0.21907142272152816, 'subsample': 0.6246461145744375, 'colsample_bytree': 0.7051914615178149, 'min_child_samples': 81, 'reg_alpha': 1.1459970229341322e-06, 'reg_lambda': 4.929685216887945e-08}. Best is trial 8 with value: 0.06921855071455581.
[I 2026-06-01 23:31:32,745] Trial 10 finished with value: 0.010707215676473047 and parameters: {'confidence_threshold': 0.734042426776949, 'training_days': 280, 'n_estimators': 487, 'max_depth': 5, 'num_leaves': 62, 'learning_rate': 0.10432148521337849, 'subsample': 0.9416850669512905, 'colsample_bytree': 0.8120417635861826, 'min_child_samples': 27, 'reg_alpha': 7.238112263003475e-05, 'reg_lambda': 3.3639426888455256e-06}. Best is trial 8 with value: 0.06921855071455581.
[I 2026-06-01 23:31:32,851] Trial 11 finished with value: -10.0 and parameters: {'confidence_threshold': 0.7192552477034038, 'training_days': 350, 'n_estimators': 68, 'max_depth': 5, 'num_leaves': 56, 'learning_rate': 0.010432023013264416, 'subsample': 0.8696252151616218, 'colsample_bytree': 0.814234822567717, 'min_child_samples': 85, 'reg_alpha': 0.0002674461616954016, 'reg_lambda': 0.5855213887055177}. Best is trial 8 with value: 0.06921855071455581.
[I 2026-06-01 23:31:33,012] Trial 12 finished with value: 0.020060520117291408 and parameters: {'confidence_threshold': 0.7620455712439583, 'training_days': 190, 'n_estimators': 210, 'max_depth': 4, 'num_leaves': 51, 'learning_rate': 0.07242956818771233, 'subsample': 0.8361663661711445, 'colsample_bytree': 0.9955462072303609, 'min_child_samples': 79, 'reg_alpha': 1.9900097930347052, 'reg_lambda': 3.06242583717076e-05}. Best is trial 8 with value: 0.06921855071455581.
[I 2026-06-01 23:31:33,101] Trial 13 finished with value: -0.009707764892450472 and parameters: {'confidence_threshold': 0.6715112328451753, 'training_days': 270, 'n_estimators': 60, 'max_depth': 5, 'num_leaves': 52, 'learning_rate': 0.20158174220210204, 'subsample': 0.912491808253448, 'colsample_bytree': 0.8155421717694826, 'min_child_samples': 97, 'reg_alpha': 5.455813891552554e-05, 'reg_lambda': 0.052039727051948925}. Best is trial 8 with value: 0.06921855071455581.
[I 2026-06-01 23:31:33,184] Trial 14 finished with value: 0.018318764797753736 and parameters: {'confidence_threshold': 0.7871652886153421, 'training_days': 100, 'n_estimators': 176, 'max_depth': 4, 'num_leaves': 60, 'learning_rate': 0.04348593163481826, 'subsample': 0.6748584669286911, 'colsample_bytree': 0.6257061141687481, 'min_child_samples': 55, 'reg_alpha': 0.00492838973466057, 'reg_lambda': 7.565770484313319e-06}. Best is trial 8 with value: 0.06921855071455581.
[I 2026-06-01 23:31:33,457] Trial 15 finished with value: 0.048905990653510076 and parameters: {'confidence_threshold': 0.6887540779211444, 'training_days': 390, 'n_estimators': 251, 'max_depth': 5, 'num_leaves': 47, 'learning_rate': 0.010359623362260938, 'subsample': 0.6015874640141092, 'colsample_bytree': 0.7688863617704711, 'min_child_samples': 69, 'reg_alpha': 0.18517433774846162, 'reg_lambda': 0.09910121327626883}. Best is trial 8 with value: 0.06921855071455581.
[I 2026-06-01 23:31:33,631] Trial 16 finished with value: 0.010260555746977243 and parameters: {'confidence_threshold': 0.5654847779645644, 'training_days': 310, 'n_estimators': 111, 'max_depth': 5, 'num_leaves': 34, 'learning_rate': 0.10112739203927937, 'subsample': 0.852452507067186, 'colsample_bytree': 0.8711031418229831, 'min_child_samples': 34, 'reg_alpha': 1.6230643075200477e-05, 'reg_lambda': 0.0001288679763721219}. Best is trial 8 with value: 0.06921855071455581.
[I 2026-06-01 23:31:33,843] Trial 17 finished with value: 0.0591750608918151 and parameters: {'confidence_threshold': 0.6652429013116167, 'training_days': 230, 'n_estimators': 299, 'max_depth': 4, 'num_leaves': 54, 'learning_rate': 0.018765719956593964, 'subsample': 0.715241092095792, 'colsample_bytree': 0.9956385980717998, 'min_child_samples': 87, 'reg_alpha': 9.156333458924399, 'reg_lambda': 5.696805151322188}. Best is trial 8 with value: 0.06921855071455581.
[I 2026-06-01 23:31:34,311] A new study created in memory with name: no-name-f892a9ac-882c-450c-8998-7e86d4be588f
[I 2026-06-01 23:31:34,416] Trial 0 finished with value: -0.008440556471055922 and parameters: {'confidence_threshold': 0.7437642149592516, 'training_days': 150, 'n_estimators': 152, 'max_depth': 4, 'num_leaves': 50, 'learning_rate': 0.04216766425047743, 'subsample': 0.9903820991923078, 'colsample_bytree': 0.8424148692924316, 'min_child_samples': 58, 'reg_alpha': 3.381097259762742e-05, 'reg_lambda': 1.2263152961306247e-05}. Best is trial 0 with value: -0.008440556471055922.
[I 2026-06-01 23:31:34,486] Trial 1 finished with value: 0.016517805255735783 and parameters: {'confidence_threshold': 0.7551673975844145, 'training_days': 220, 'n_estimators': 76, 'max_depth': 4, 'num_leaves': 51, 'learning_rate': 0.018602118810743477, 'subsample': 0.5877258780737462, 'colsample_bytree': 0.7657756869209191, 'min_child_samples': 63, 'reg_alpha': 0.005123994170264194, 'reg_lambda': 0.44145470178120466}. Best is trial 1 with value: 0.016517805255735783.
