[I 2026-06-01 23:25:27,636] Trial 9 finished with value: 0.07955125594568871 and parameters: {'confidence_threshold': 0.6202096049169137, 'training_days': 260, 'n_estimators': 350, 'max_depth': 3, 'num_leaves': 21, 'learning_rate': 0.02989540198065364, 'subsample': 0.8307821683331218, 'colsample_bytree': 0.923253112635361, 'min_child_samples': 64, 'reg_alpha': 0.4898604619604203, 'reg_lambda': 2.9076377687066166e-05}. Best is trial 2 with value: 0.12146352699729032.
[I 2026-06-01 23:25:27,964] Trial 10 finished with value: 0.10864051948413822 and parameters: {'confidence_threshold': 0.8445241688507242, 'training_days': 420, 'n_estimators': 494, 'max_depth': 3, 'num_leaves': 30, 'learning_rate': 0.010221918552934462, 'subsample': 0.5019190721168774, 'colsample_bytree': 0.6202684210924141, 'min_child_samples': 45, 'reg_alpha': 1.5494783182896407e-08, 'reg_lambda': 0.018878930586497852}. Best is trial 2 with value: 0.12146352699729032.

  [label] 2021-09-12 00:00 LTCUSDT entry=178.5500 → LONG | long=tp(+20.83%) short=sl(-10.56%) | scanned=4 | long_tp_only
  [label] 2021-12-11 00:00 LTCUSDT entry=152.6100 → SHORT | long=timeout(-3.50%) short=timeout(+3.30%) | scanned=22 | no_tp→fwd_return=-3.4008
  [label] 2022-01-11 16:00 LTCUSDT entry=131.5200 → LONG | long=tp(+13.13%) short=sl(-6.71%) | scanned=10 | long_tp_only
  [label] 2022-01-27 16:00 LTCUSDT entry=106.8400 → LONG | long=timeout(+3.69%) short=timeout(-3.89%) | scanned=22 | no_tp→fwd_return=+3.7907
  [label] 2022-02-09 00:00 LTCUSDT entry=138.3400 → SHORT | long=sl(-7.29%) short=timeout(+6.04%) | scanned=22 | no_tp→fwd_return=-6.1371
  [label] 2022-03-02 16:00 LTCUSDT entry=110.2600 → SHORT | long=sl(-8.44%) short=timeout(+3.01%) | scanned=22 | no_tp→fwd_return=-3.1108
  [label] 2022-03-08 16:00 LTCUSDT entry=100.6100 → LONG | long=timeout(+6.06%) short=sl(-7.35%) | scanned=22 | no_tp→fwd_return=+6.1624
  [label] 2022-03-21 00:00 LTCUSDT entry=114.9400 → LONG | long=tp(+10.36%) short=sl(-5.33%) | scanned=11 | long_tp_only
  [label] 2022-05-01 08:00 LTCUSDT entry=98.6300 → SHORT | long=sl(-5.91%) short=sl(-5.91%) | scanned=15 | no_tp→fwd_return=-3.0214
  [label] 2022-05-11 00:00 LTCUSDT entry=76.7900 → SHORT | long=sl(-11.87%) short=tp(+23.43%) | scanned=3 | short_tp_only
  [label] 2022-08-04 08:00 LTCUSDT entry=59.6300 → LONG | long=timeout(+3.96%) short=sl(-6.82%) | scanned=22 | no_tp→fwd_return=+4.0584
  Labels: 1103 long (51.2%), 1050 short (48.8%) | weights: min=1.00, mean=3.60, max=10.00
  Features: 2153/2153 matched, 49 columns
  CV gap: 22 rows
  [ensemble 1/3] seed=42
    [trial 0] 49 features, training_days=480 | threshold=0.631 | labels: 1103 long, 1050 short (51/49%)
    [CV fold 0] train_end=2020-12-23 08:00 | val_start=2020-12-31 00:00 | gap=184h (22 rows)
    [CV fold 1] train_end=2021-04-21 16:00 | val_start=2021-04-29 08:00 | gap=184h (22 rows)
    [CV fold 2] train_end=2021-08-19 00:00 | val_start=2021-08-26 16:00 | gap=184h (22 rows)
    [CV fold 3] train_end=2021-12-16 08:00 | val_start=2021-12-24 00:00 | gap=184h (22 rows)
    [CV fold 4] train_end=2022-04-19 16:00 | val_start=2022-04-27 08:00 | gap=184h (22 rows)
    [trial 0] Sharpe=0.0219 (folds: 0.0231, 0.0120, 0.1019, -0.0203, -0.0074)
    [trial 1] 49 features, training_days=420 | threshold=0.839 | labels: 1103 long, 1050 short (51/49%)
    [trial 1] Sharpe=-1.8938 (folds: 0.0313, -0.1050, -10.0000, 0.2540, 0.3505)
    [trial 2] 49 features, training_days=190 | threshold=0.602 | labels: 1103 long, 1050 short (51/49%)
    [trial 2] Sharpe=0.0204 (folds: -0.0138, 0.0132, 0.0045, 0.2261, -0.1280)
    [trial 3] 49 features, training_days=490 | threshold=0.832 | labels: 1103 long, 1050 short (51/49%)
    [trial 3] Sharpe=0.0695 (folds: -0.0450, -0.0128, 0.2497, 0.1649, -0.0091)
    [trial 4] 49 features, training_days=340 | threshold=0.591 | labels: 1103 long, 1050 short (51/49%)
    [trial 4] Sharpe=0.0638 (folds: 0.0742, -0.0442, 0.0844, 0.1972, 0.0071)
    [trial 5] 49 features, training_days=50 | threshold=0.823 | labels: 1103 long, 1050 short (51/49%)
    [trial 5] Sharpe=-0.0270 (folds: 0.4339, 0.2598, -1.0537, -0.0781, 0.3033)
    [trial 6] 49 features, training_days=410 | threshold=0.549 | labels: 1103 long, 1050 short (51/49%)
    [trial 6] Sharpe=0.0496 (folds: 0.1155, -0.0869, 0.1081, 0.0148, 0.0966)
    [trial 7] 49 features, training_days=180 | threshold=0.526 | labels: 1103 long, 1050 short (51/49%)
    [trial 7] Sharpe=0.0337 (folds: -0.0417, 0.0185, 0.0444, 0.1818, -0.0343)
    [trial 8] 49 features, training_days=240 | threshold=0.811 | labels: 1103 long, 1050 short (51/49%)
    [trial 8] Sharpe=0.0451 (folds: -0.1120, -0.0007, 0.1472, 0.2718, -0.0805)
    [trial 9] 49 features, training_days=20 | threshold=0.538 | labels: 1103 long, 1050 short (51/49%)
    [trial 9] Sharpe=0.0723 (folds: 0.2504, -0.1908, 0.1002, 0.2096, -0.0080)
    [trial 10] 49 features, training_days=10 | threshold=0.745 | labels: 1103 long, 1050 short (51/49%)
    [trial 10] Sharpe=-2.0151 (folds: -0.2406, -10.0000, -0.0365, 0.2096, -0.0080)
    [trial 11] 49 features, training_days=100 | threshold=0.713 | labels: 1103 long, 1050 short (51/49%)
    [trial 11] Sharpe=0.0290 (folds: 0.1552, 0.1223, -0.0493, 0.0202, -0.1031)
    [trial 12] 49 features, training_days=320 | threshold=0.664 | labels: 1103 long, 1050 short (51/49%)
    [trial 12] Sharpe=0.0931 (folds: 0.1454, 0.0303, -0.0165, 0.3403, -0.0341)
    [trial 13] 49 features, training_days=330 | threshold=0.666 | labels: 1103 long, 1050 short (51/49%)
    [trial 13] Sharpe=0.1044 (folds: 0.1402, 0.0758, 0.0366, 0.2928, -0.0235)
    [trial 14] 49 features, training_days=320 | threshold=0.673 | labels: 1103 long, 1050 short (51/49%)
    [trial 14] Sharpe=0.0721 (folds: 0.0777, 0.0424, -0.0208, 0.2889, -0.0275)
    [trial 15] 49 features, training_days=300 | threshold=0.670 | labels: 1103 long, 1050 short (51/49%)
    [trial 15] Sharpe=0.0885 (folds: 0.1161, 0.0098, 0.0545, 0.2756, -0.0134)
    [trial 16] 49 features, training_days=380 | threshold=0.747 | labels: 1103 long, 1050 short (51/49%)
    [trial 16] Sharpe=0.0789 (folds: 0.1259, 0.0418, 0.0996, 0.1235, 0.0037)
    [trial 17] 49 features, training_days=270 | threshold=0.640 | labels: 1103 long, 1050 short (51/49%)
    [trial 17] Sharpe=0.0613 (folds: 0.0438, -0.0436, 0.0897, 0.2143, 0.0024)
  Optuna: 18 trials, best Sharpe = 0.1044
  Best params: n_estimators=321, max_depth=3, lr=0.1298, leaves=15
  Best confidence_threshold: 0.666
  Best training_days: 330
  Retrained on full data (975 samples, 49 features)
  [ensemble 2/3] seed=123
    [trial 0] 49 features, training_days=150 | threshold=0.744 | labels: 1103 long, 1050 short (51/49%)
    [CV fold 0] train_end=2020-12-23 08:00 | val_start=2020-12-31 00:00 | gap=184h (22 rows)
    [CV fold 1] train_end=2021-04-21 16:00 | val_start=2021-04-29 08:00 | gap=184h (22 rows)
    [CV fold 2] train_end=2021-08-19 00:00 | val_start=2021-08-26 16:00 | gap=184h (22 rows)
    [CV fold 3] train_end=2021-12-16 08:00 | val_start=2021-12-24 00:00 | gap=184h (22 rows)
    [CV fold 4] train_end=2022-04-19 16:00 | val_start=2022-04-27 08:00 | gap=184h (22 rows)
    [trial 0] Sharpe=-0.0062 (folds: 0.0620, 0.0325, 0.0487, -0.0850, -0.0893)
    [trial 1] 49 features, training_days=220 | threshold=0.755 | labels: 1103 long, 1050 short (51/49%)
    [trial 1] Sharpe=0.0343 (folds: -0.1372, -0.1608, 0.2230, 0.2956, -0.0491)
    [trial 2] 49 features, training_days=310 | threshold=0.754 | labels: 1103 long, 1050 short (51/49%)
    [trial 2] Sharpe=0.1215 (folds: -0.0576, -0.0289, 0.0636, 0.3816, 0.2486)
    [trial 3] 49 features, training_days=220 | threshold=0.673 | labels: 1103 long, 1050 short (51/49%)
    [trial 3] Sharpe=0.0438 (folds: -0.0757, 0.0205, 0.1154, 0.1855, -0.0267)
    [trial 4] 49 features, training_days=130 | threshold=0.803 | labels: 1103 long, 1050 short (51/49%)
    [trial 4] Sharpe=-0.0098 (folds: -0.0146, 0.0074, 0.0523, -0.0270, -0.0673)
    [trial 5] 49 features, training_days=210 | threshold=0.606 | labels: 1103 long, 1050 short (51/49%)
    [trial 5] Sharpe=0.0598 (folds: 0.0071, -0.0209, 0.0934, 0.2675, -0.0480)
    [trial 6] 49 features, training_days=130 | threshold=0.767 | labels: 1103 long, 1050 short (51/49%)
    [trial 6] Sharpe=-0.0431 (folds: -0.0706, 0.0173, -0.0591, -0.0441, -0.0590)
    [trial 7] 49 features, training_days=80 | threshold=0.556 | labels: 1103 long, 1050 short (51/49%)
    [trial 7] Sharpe=-0.0319 (folds: 0.0755, 0.1523, -0.2307, 0.0171, -0.1738)
    [trial 8] 49 features, training_days=200 | threshold=0.607 | labels: 1103 long, 1050 short (51/49%)
    [trial 8] Sharpe=0.0367 (folds: -0.0063, 0.0512, 0.0227, 0.2096, -0.0936)
    [trial 9] 49 features, training_days=260 | threshold=0.620 | labels: 1103 long, 1050 short (51/49%)
    [trial 9] Sharpe=0.0796 (folds: 0.0022, 0.0728, 0.0758, 0.2308, 0.0162)
    [trial 10] 49 features, training_days=420 | threshold=0.845 | labels: 1103 long, 1050 short (51/49%)
    [trial 10] Sharpe=0.1086 (folds: -0.0347, -0.1068, 0.1567, 0.2107, 0.3174)
    [trial 11] 49 features, training_days=430 | threshold=0.837 | labels: 1103 long, 1050 short (51/49%)[I 2026-06-01 23:25:28,300] Trial 11 finished with value: 0.1415732573359022 and parameters: {'confidence_threshold': 0.8371297552840329, 'training_days': 430, 'n_estimators': 493, 'max_depth': 3, 'num_leaves': 27, 'learning_rate': 0.010535067237031154, 'subsample': 0.5082312939353781, 'colsample_bytree': 0.625107197757402, 'min_child_samples': 45, 'reg_alpha': 1.0468203878541749e-08, 'reg_lambda': 0.01313348781546612}. Best is trial 11 with value: 0.1415732573359022.
[I 2026-06-01 23:25:28,640] Trial 12 finished with value: 0.048078428194170165 and parameters: {'confidence_threshold': 0.830632524875604, 'training_days': 440, 'n_estimators': 498, 'max_depth': 3, 'num_leaves': 27, 'learning_rate': 0.010231472991588475, 'subsample': 0.6453406001221652, 'colsample_bytree': 0.6669454130036883, 'min_child_samples': 41, 'reg_alpha': 1.6474770622744674e-08, 'reg_lambda': 0.013835681081638511}. Best is trial 11 with value: 0.1415732573359022.
[I 2026-06-01 23:25:28,909] Trial 13 finished with value: 0.09869889941592523 and parameters: {'confidence_threshold': 0.7204346383264851, 'training_days': 340, 'n_estimators': 430, 'max_depth': 3, 'num_leaves': 36, 'learning_rate': 0.020002783106034757, 'subsample': 0.5024707401359401, 'colsample_bytree': 0.5443982906148261, 'min_child_samples': 44, 'reg_alpha': 7.448431774792812e-07, 'reg_lambda': 2.328934050918147}. Best is trial 11 with value: 0.1415732573359022.
[I 2026-06-01 23:25:29,193] Trial 14 finished with value: 0.04135723026288661 and parameters: {'confidence_threshold': 0.6968624890517784, 'training_days': 490, 'n_estimators': 426, 'max_depth': 3, 'num_leaves': 15, 'learning_rate': 0.01739841810460078, 'subsample': 0.6394600592185581, 'colsample_bytree': 0.6805099644840649, 'min_child_samples': 49, 'reg_alpha': 2.150493156877158e-07, 'reg_lambda': 0.0018208458470568023}. Best is trial 11 with value: 0.1415732573359022.
[I 2026-06-01 23:25:29,479] Trial 15 finished with value: 0.07894834098445438 and parameters: {'confidence_threshold': 0.7897652460704997, 'training_days': 330, 'n_estimators': 279, 'max_depth': 4, 'num_leaves': 25, 'learning_rate': 0.031523580856172996, 'subsample': 0.5948100042174549, 'colsample_bytree': 0.5093920150666754, 'min_child_samples': 20, 'reg_alpha': 0.013618828536142744, 'reg_lambda': 0.05138157439645094}. Best is trial 11 with value: 0.1415732573359022.
[I 2026-06-01 23:25:29,789] Trial 16 finished with value: 0.12920207746453333 and parameters: {'confidence_threshold': 0.80974148430302, 'training_days': 340, 'n_estimators': 434, 'max_depth': 3, 'num_leaves': 35, 'learning_rate': 0.0144657686679959, 'subsample': 0.8868474056204897, 'colsample_bytree': 0.7220585367615248, 'min_child_samples': 34, 'reg_alpha': 3.433399905162048, 'reg_lambda': 0.00031324472579815764}. Best is trial 11 with value: 0.1415732573359022.
[I 2026-06-01 23:25:30,088] Trial 17 finished with value: 0.008926597981080068 and parameters: {'confidence_threshold': 0.5004748807695347, 'training_days': 400, 'n_estimators': 445, 'max_depth': 3, 'num_leaves': 43, 'learning_rate': 0.01374334036103642, 'subsample': 0.9158889520548109, 'colsample_bytree': 0.6024138786860024, 'min_child_samples': 53, 'reg_alpha': 7.284070645541434, 'reg_lambda': 0.18563433069011256}. Best is trial 11 with value: 0.1415732573359022.
[I 2026-06-01 23:25:30,291] A new study created in memory with name: no-name-17def834-15a2-4f40-951a-0a9c9c7b5ab4
[I 2026-06-01 23:25:30,482] Trial 0 finished with value: -0.0014703525651799942 and parameters: {'confidence_threshold': 0.5870645682749857, 'training_days': 90, 'n_estimators': 403, 'max_depth': 5, 'num_leaves': 45, 'learning_rate': 0.0780457193679974, 'subsample': 0.9428509515574568, 'colsample_bytree': 0.8795587339164916, 'min_child_samples': 34, 'reg_alpha': 2.2465901234314442e-07, 'reg_lambda': 8.339007036475363e-05}. Best is trial 0 with value: -0.0014703525651799942.
[I 2026-06-01 23:25:30,588] Trial 1 finished with value: 0.08492999448854603 and parameters: {'confidence_threshold': 0.6348453934275313, 'training_days': 290, 'n_estimators': 115, 'max_depth': 5, 'num_leaves': 37, 'learning_rate': 0.06949568759029946, 'subsample': 0.8228505074024268, 'colsample_bytree': 0.8616703220431751, 'min_child_samples': 75, 'reg_alpha': 4.2486822725010923e-07, 'reg_lambda': 1.157247767047042e-07}. Best is trial 1 with value: 0.08492999448854603.
[I 2026-06-01 23:25:30,605] Trial 2 finished with value: -2.01512237687166 and parameters: {'confidence_threshold': 0.5849570384370288, 'training_days': 10, 'n_estimators': 212, 'max_depth': 3, 'num_leaves': 41, 'learning_rate': 0.18452095998378365, 'subsample': 0.6001060822924371, 'colsample_bytree': 0.5673167293506167, 'min_child_samples': 37, 'reg_alpha': 5.733250064217131, 'reg_lambda': 0.5308454292595461}. Best is trial 1 with value: 0.08492999448854603.
[I 2026-06-01 23:25:30,683] Trial 3 finished with value: 0.0817185563522755 and parameters: {'confidence_threshold': 0.6868248626683718, 'training_days': 220, 'n_estimators': 134, 'max_depth': 3, 'num_leaves': 45, 'learning_rate': 0.033529007907491595, 'subsample': 0.8647277071858408, 'colsample_bytree': 0.778494116634046, 'min_child_samples': 96, 'reg_alpha': 2.409409937265785e-07, 'reg_lambda': 1.1642073478060009}. Best is trial 1 with value: 0.08492999448854603.
[I 2026-06-01 23:25:30,769] Trial 4 finished with value: 0.03917782739347405 and parameters: {'confidence_threshold': 0.5623121348350352, 'training_days': 300, 'n_estimators': 69, 'max_depth': 4, 'num_leaves': 32, 'learning_rate': 0.14967629360700346, 'subsample': 0.5054535233636654, 'colsample_bytree': 0.7401385194659216, 'min_child_samples': 27, 'reg_alpha': 1.4212042567426725e-07, 'reg_lambda': 0.23605753701352003}. Best is trial 1 with value: 0.08492999448854603.
[I 2026-06-01 23:25:31,185] Trial 5 finished with value: 0.013736928280899244 and parameters: {'confidence_threshold': 0.7111850244908446, 'training_days': 490, 'n_estimators': 362, 'max_depth': 5, 'num_leaves': 40, 'learning_rate': 0.05960785724162737, 'subsample': 0.5589714368907717, 'colsample_bytree': 0.6659006943232806, 'min_child_samples': 42, 'reg_alpha': 0.6741360303045295, 'reg_lambda': 6.054601607143087e-08}. Best is trial 1 with value: 0.08492999448854603.
[I 2026-06-01 23:25:31,369] Trial 6 finished with value: 0.029985870638310375 and parameters: {'confidence_threshold': 0.667482545748023, 'training_days': 420, 'n_estimators': 279, 'max_depth': 3, 'num_leaves': 45, 'learning_rate': 0.040099592560849204, 'subsample': 0.8563114696415159, 'colsample_bytree': 0.5442917781944105, 'min_child_samples': 50, 'reg_alpha': 1.6407916423707903e-08, 'reg_lambda': 2.935907642973286e-05}. Best is trial 1 with value: 0.08492999448854603.
[I 2026-06-01 23:25:31,551] Trial 7 finished with value: -0.012840917430100665 and parameters: {'confidence_threshold': 0.5497381024139926, 'training_days': 120, 'n_estimators': 408, 'max_depth': 5, 'num_leaves': 38, 'learning_rate': 0.28049122657745795, 'subsample': 0.8806573338635493, 'colsample_bytree': 0.5454054113547102, 'min_child_samples': 63, 'reg_alpha': 0.01263008637940408, 'reg_lambda': 0.04588020805366937}. Best is trial 1 with value: 0.08492999448854603.
[I 2026-06-01 23:25:31,888] Trial 8 finished with value: 0.07362675005274907 and parameters: {'confidence_threshold': 0.719644804808716, 'training_days': 450, 'n_estimators': 410, 'max_depth': 4, 'num_leaves': 57, 'learning_rate': 0.04022026551478857, 'subsample': 0.5336085426932707, 'colsample_bytree': 0.5705742850577543, 'min_child_samples': 100, 'reg_alpha': 5.916398047912201e-07, 'reg_lambda': 0.9794034214488329}. Best is trial 1 with value: 0.08492999448854603.
[I 2026-06-01 23:25:31,915] Trial 9 finished with value: -5.929883663087422 and parameters: {'confidence_threshold': 0.7267463643917187, 'training_days': 20, 'n_estimators': 337, 'max_depth': 5, 'num_leaves': 23, 'learning_rate': 0.022153031811454605, 'subsample': 0.6305627572358737, 'colsample_bytree': 0.6613413774216214, 'min_child_samples': 81, 'reg_alpha': 5.7638634029410314e-08, 'reg_lambda': 8.26603016764008}. Best is trial 1 with value: 0.08492999448854603.
[I 2026-06-01 23:25:32,082] Trial 10 finished with value: -3.9654332464028506 and parameters: {'confidence_threshold': 0.8398533911817929, 'training_days': 320, 'n_estimators': 181, 'max_depth': 4, 'num_leaves': 15, 'learning_rate': 0.013684491588422613, 'subsample': 0.7320664585010437, 'colsample_bytree': 0.9944479338273263, 'min_child_samples': 74, 'reg_alpha': 4.136971884522066e-05, 'reg_lambda': 1.4599322889399585e-08}. Best is trial 1 with value: 0.08492999448854603.
[I 2026-06-01 23:25:32,145] Trial 11 finished with value: 0.059912966395830825 and parameters: {'confidence_threshold': 0.6435110568867387, 'training_days': 210, 'n_estimators': 53, 'max_depth': 3, 'num_leaves': 54, 'learning_rate': 0.09545304377912815, 'subsample': 0.7822362848789972, 'colsample_bytree': 0.8566211708639163, 'min_child_samples': 100, 'reg_alpha': 2.5646023357365184e-05, 'reg_lambda': 1.8393286658602933e-06}. Best is trial 1 with value: 0.08492999448854603.
[I 2026-06-01 23:25:32,255] Trial 12 finished with value: -0.026737465400162162 and parameters: {'confidence_threshold': 0.8008961038526314, 'training_days': 220, 'n_estimators': 139, 'max_depth': 4, 'num_leaves': 30, 'learning_rate': 0.02305899614846357, 'subsample': 0.9912016966112274, 'colsample_bytree': 0.8319084769095351, 'min_child_samples': 83, 'reg_alpha': 3.5050805301964397e-06, 'reg_lambda': 0.0068100699869264635}. Best is trial 1 with value: 0.08492999448854603.
[I 2026-06-01 23:25:32,363] Trial 13 finished with value: 0.06961167937547319 and parameters: {'confidence_threshold': 0.5040535938350955, 'training_days': 350, 'n_estimators': 135, 'max_depth': 3, 'num_leaves': 50, 'learning_rate': 0.031051893769270974, 'subsample': 0.7766339475545845, 'colsample_bytree': 0.9448617910348931, 'min_child_samples': 88, 'reg_alpha': 0.0005805747634954001, 'reg_lambda': 1.365367432655861e-06}. Best is trial 1 with value: 0.08492999448854603.
[I 2026-06-01 23:25:32,619] Trial 14 finished with value: 0.030432346308985475 and parameters: {'confidence_threshold': 0.6309174332741587, 'training_days': 170, 'n_estimators': 500, 'max_depth': 4, 'num_leaves': 31, 'learning_rate': 0.012869232175915853, 'subsample': 0.7021152153601553, 'colsample_bytree': 0.7768174862622209, 'min_child_samples': 66, 'reg_alpha': 0.0011197032848975455, 'reg_lambda': 0.0025446837785191097}. Best is trial 1 with value: 0.08492999448854603.
[I 2026-06-01 23:25:32,752] Trial 15 finished with value: 0.14046667334933788 and parameters: {'confidence_threshold': 0.7594279795954488, 'training_days': 250, 'n_estimators': 229, 'max_depth': 3, 'num_leaves': 48, 'learning_rate': 0.09181212678108254, 'subsample': 0.8545266904486493, 'colsample_bytree': 0.7487773095240787, 'min_child_samples': 91, 'reg_alpha': 4.816088983688356e-06, 'reg_lambda': 0.0011665758726696986}. Best is trial 15 with value: 0.14046667334933788.
[I 2026-06-01 23:25:32,978] Trial 16 finished with value: 0.04677733840059099 and parameters: {'confidence_threshold': 0.7643075359322464, 'training_days': 380, 'n_estimators': 239, 'max_depth': 5, 'num_leaves': 59, 'learning_rate': 0.10926798467064015, 'subsample': 0.8192778443007702, 'colsample_bytree': 0.6911478101102995, 'min_child_samples': 73, 'reg_alpha': 6.368225173663484e-06, 'reg_lambda': 0.000855876310048679}. Best is trial 15 with value: 0.14046667334933788.
