[I 2026-06-01 23:27:59,203] Trial 17 finished with value: -0.07595241367573488 and parameters: {'confidence_threshold': 0.5080881579696632, 'training_days': 350, 'n_estimators': 221, 'max_depth': 3, 'num_leaves': 18, 'learning_rate': 0.02545082434472838, 'subsample': 0.8002407697944357, 'colsample_bytree': 0.811730257394859, 'min_child_samples': 54, 'reg_alpha': 1.029370334114288e-05, 'reg_lambda': 0.00024521850680081633}. Best is trial 13 with value: 0.18765803600889727.

    [trial 11] Sharpe=-0.0515 (folds: 0.0129, -0.0809, -0.0522, -0.1952, 0.0579)
    [trial 12] 49 features, training_days=10 | threshold=0.660 | labels: 1098 long, 1055 short (51/49%)
    [trial 12] Sharpe=-0.0434 (folds: 0.1634, 0.0713, -0.2195, -0.2517, 0.0198)
    [trial 13] 49 features, training_days=390 | threshold=0.708 | labels: 1098 long, 1055 short (51/49%)
    [trial 13] Sharpe=-0.0377 (folds: 0.0251, -0.1493, 0.0005, -0.1056, 0.0407)
    [trial 14] 49 features, training_days=290 | threshold=0.617 | labels: 1098 long, 1055 short (51/49%)
    [trial 14] Sharpe=-0.0015 (folds: 0.0129, -0.0538, 0.0187, -0.1932, 0.2080)
    [trial 15] 49 features, training_days=300 | threshold=0.610 | labels: 1098 long, 1055 short (51/49%)
    [trial 15] Sharpe=-0.0487 (folds: 0.0074, -0.0467, -0.0854, -0.1835, 0.0645)
    [trial 16] 49 features, training_days=440 | threshold=0.635 | labels: 1098 long, 1055 short (51/49%)
    [trial 16] Sharpe=0.0312 (folds: 0.0044, -0.0493, 0.1732, -0.1680, 0.1956)
    [trial 17] 49 features, training_days=490 | threshold=0.500 | labels: 1098 long, 1055 short (51/49%)
    [trial 17] Sharpe=-0.0039 (folds: -0.0119, -0.0996, 0.1277, -0.1491, 0.1137)
  Optuna: 18 trials, best Sharpe = 0.0312
  Best params: n_estimators=435, max_depth=3, lr=0.0104, leaves=15
  Best confidence_threshold: 0.635
  Best training_days: 440
  Retrained on full data (1320 samples, 49 features)
  [ensemble 3/3] seed=456
    [trial 0] 49 features, training_days=90 | threshold=0.587 | labels: 1098 long, 1055 short (51/49%)
    [CV fold 0] train_end=2021-11-22 08:00 | val_start=2021-11-30 00:00 | gap=184h (22 rows)
    [CV fold 1] train_end=2022-03-24 16:00 | val_start=2022-04-03 08:00 | gap=232h (22 rows)
    [CV fold 2] train_end=2022-07-24 00:00 | val_start=2022-07-31 16:00 | gap=184h (22 rows)
    [CV fold 3] train_end=2022-11-20 08:00 | val_start=2022-11-28 00:00 | gap=184h (22 rows)
    [CV fold 4] train_end=2023-03-19 16:00 | val_start=2023-03-27 08:00 | gap=184h (22 rows)
    [trial 0] Sharpe=-0.0726 (folds: 0.0472, -0.2647, -0.0689, 0.0082, -0.0849)
    [trial 1] 49 features, training_days=290 | threshold=0.635 | labels: 1098 long, 1055 short (51/49%)
    [trial 1] Sharpe=-0.0386 (folds: 0.0193, -0.1729, 0.0123, -0.1410, 0.0893)
    [trial 2] 49 features, training_days=10 | threshold=0.585 | labels: 1098 long, 1055 short (51/49%)
    [trial 2] Sharpe=-0.0434 (folds: 0.1634, 0.0713, -0.2195, -0.2517, 0.0198)
    [trial 3] 49 features, training_days=220 | threshold=0.687 | labels: 1098 long, 1055 short (51/49%)
    [trial 3] Sharpe=0.0068 (folds: 0.0233, -0.2625, 0.2004, -0.0507, 0.1234)
    [trial 4] 49 features, training_days=300 | threshold=0.562 | labels: 1098 long, 1055 short (51/49%)
    [trial 4] Sharpe=-0.0680 (folds: -0.0221, -0.1189, -0.1802, -0.0201, 0.0015)
    [trial 5] 49 features, training_days=490 | threshold=0.711 | labels: 1098 long, 1055 short (51/49%)
    [trial 5] Sharpe=-0.0527 (folds: 0.0298, -0.1463, -0.0750, -0.1068, 0.0347)
    [trial 6] 49 features, training_days=420 | threshold=0.667 | labels: 1098 long, 1055 short (51/49%)
    [trial 6] Sharpe=-0.0313 (folds: 0.0294, -0.1630, 0.0217, -0.1644, 0.1197)
    [trial 7] 49 features, training_days=120 | threshold=0.550 | labels: 1098 long, 1055 short (51/49%)
    [trial 7] Sharpe=-0.1172 (folds: 0.0398, -0.4266, -0.0607, -0.0370, -0.1017)
    [trial 8] 49 features, training_days=450 | threshold=0.720 | labels: 1098 long, 1055 short (51/49%)
    [trial 8] Sharpe=0.0263 (folds: 0.0833, -0.0594, 0.0886, -0.0511, 0.0701)
    [trial 9] 49 features, training_days=20 | threshold=0.727 | labels: 1098 long, 1055 short (51/49%)
    [trial 9] Sharpe=-1.9673 (folds: 0.1634, -0.2310, 0.0613, 0.1698, -10.0000)
    [trial 10] 49 features, training_days=400 | threshold=0.828 | labels: 1098 long, 1055 short (51/49%)
    [trial 10] Sharpe=0.1704 (folds: 0.1900, -0.2718, 0.5277, -0.0042, 0.4101)
    [trial 11] 49 features, training_days=400 | threshold=0.843 | labels: 1098 long, 1055 short (51/49%)
    [trial 11] Sharpe=0.0934 (folds: 0.2560, -1.0326, 0.5167, 0.0722, 0.6547)
    [trial 12] 49 features, training_days=380 | threshold=0.844 | labels: 1098 long, 1055 short (51/49%)
    [trial 12] Sharpe=0.0762 (folds: 0.0782, -0.5257, 0.3895, 0.1041, 0.3348)
    [trial 13] 49 features, training_days=360 | threshold=0.849 | labels: 1098 long, 1055 short (51/49%)
    [trial 13] Sharpe=0.1877 (folds: 0.1924, -0.4747, 0.3121, 0.1086, 0.7999)
    [trial 14] 49 features, training_days=340 | threshold=0.794 | labels: 1098 long, 1055 short (51/49%)
    [trial 14] Sharpe=0.0488 (folds: 0.0343, -0.1295, 0.1189, -0.0005, 0.2209)
    [trial 15] 49 features, training_days=220 | threshold=0.783 | labels: 1098 long, 1055 short (51/49%)
    [trial 15] Sharpe=0.0494 (folds: 0.0733, -0.3552, 0.3008, -0.0694, 0.2976)
    [trial 16] 49 features, training_days=490 | threshold=0.784 | labels: 1098 long, 1055 short (51/49%)
    [trial 16] Sharpe=0.1274 (folds: 0.1351, -0.1950, 0.2739, -0.0671, 0.4902)
    [trial 17] 49 features, training_days=350 | threshold=0.508 | labels: 1098 long, 1055 short (51/49%)
    [trial 17] Sharpe=-0.0760 (folds: -0.0329, -0.0726, -0.0790, -0.1900, -0.0052)
  Optuna: 18 trials, best Sharpe = 0.1877
  Best params: n_estimators=494, max_depth=4, lr=0.0104, leaves=55
  Best confidence_threshold: 0.849
  Best training_days: 360
  Retrained on full data (1080 samples, 49 features)
  OOD: 16 features, cutoff (q=0.7) = 13.54
  Model trained for 2023-08: 93 test candles with features, confidence_threshold=0.769
[trade:close] 2023-08-02 23:59 LTCUSDT LONG → stop_loss @ 87.27 | PnL=-3.67% (net -3.77%) | cum=+68.32% 2023-08=-3.77% 2023-08-02=-3.77%
[predict] 2023-08-23 16:00 LTCUSDT → LONG (proba=0.80 TP=11.4%/SL=5.7%)
[trade:open] 2023-08-23 23:59 LTCUSDT LONG @ 65.59 | SL=61.85 TP=73.07 | timeout=2023-08-30 23:59
[trade:close] 2023-08-31 00:00 LTCUSDT LONG → timeout @ 67.60 | PnL=+3.06% (net +2.96%) | cum=+71.28% 2023-08=-0.81% 2023-08-31=+2.96%
[lgbm] === Training for 2023-09 ===
  Train window: 2021-09-01 → 2023-08-24
  2153 training samples from 1 symbols
  Samples per month: 2021-09: 90, 2021-10: 93, 2021-11: 90, 2021-12: 93, 2022-01: 93, 2022-02: 75, 2022-03: 93, 2022-04: 84, 2022-05: 93, 2022-06: 90, 2022-07: 93, 2022-08: 93, 2022-09: 90, 2022-10: 93, 2022-11: 90, 2022-12: 93, 2023-01: 93, 2023-02: 84, 2023-03: 93, 2023-04: 90, 2023-05: 93, 2023-06: 90, 2023-07: 93, 2023-08: 71
  [label] 2021-11-01 00:00 LTCUSDT entry=194.4000 → LONG | long=timeout(+7.17%) short=sl(-6.17%) | scanned=22 | no_tp→fwd_return=+7.2685
  [label] 2021-11-03 08:00 LTCUSDT entry=201.3000 → LONG | long=tp(+13.15%) short=sl(-6.72%) | scanned=16 | long_tp_only
  [label] 2021-11-07 00:00 LTCUSDT entry=198.2100 → LONG | long=tp(+11.08%) short=sl(-5.69%) | scanned=4 | long_tp_only
  [label] 2021-12-01 16:00 LTCUSDT entry=208.7800 → SHORT | long=sl(-9.17%) short=tp(+18.04%) | scanned=7 | short_tp_only
  [label] 2022-01-22 16:00 LTCUSDT entry=108.3500 → LONG | long=timeout(+2.12%) short=timeout(-2.32%) | scanned=22 | no_tp→fwd_return=+2.2150
  [label] 2022-07-11 08:00 LTCUSDT entry=50.4800 → LONG | long=sl(-6.64%) short=sl(-6.64%) | scanned=16 | no_tp→fwd_return=+9.0729
  [label] 2022-07-15 08:00 LTCUSDT entry=51.5800 → LONG | long=tp(+13.17%) short=sl(-6.73%) | scanned=8 | long_tp_only
  [label] 2022-07-26 00:00 LTCUSDT entry=53.1900 → LONG | long=tp(+14.16%) short=sl(-7.23%) | scanned=7 | long_tp_only
  [label] 2022-09-08 16:00 LTCUSDT entry=57.9300 → LONG | long=tp(+13.77%) short=sl(-7.04%) | scanned=14 | long_tp_only
  [label] 2022-09-17 00:00 LTCUSDT entry=56.0700 → SHORT | long=sl(-7.10%) short=timeout(+1.20%) | scanned=22 | no_tp→fwd_return=-1.3019
  [label] 2022-12-16 00:00 LTCUSDT entry=73.2100 → SHORT | long=sl(-5.47%) short=tp(+10.65%) | scanned=2 | short_tp_only
  [label] 2023-01-16 16:00 LTCUSDT entry=85.9500 → LONG | long=timeout(+4.61%) short=sl(-6.49%) | scanned=22 | no_tp→fwd_return=+4.7120
  [label] 2023-02-01 16:00 LTCUSDT entry=100.4400 → SHORT | long=timeout(-1.34%) short=timeout(+1.14%) | scanned=22 | no_tp→fwd_return=-1.2445
  [label] 2023-02-14 00:00 LTCUSDT entry=91.4300 → LONG | long=tp(+10.00%) short=sl(-5.15%) | scanned=5 | long_tp_only[I 2026-06-01 23:27:59,847] A new study created in memory with name: no-name-8351507e-7c71-4b7a-9beb-2222b96b0de2
[I 2026-06-01 23:28:00,262] Trial 0 finished with value: 0.0007764541267194558 and parameters: {'confidence_threshold': 0.6310890415965769, 'training_days': 480, 'n_estimators': 380, 'max_depth': 4, 'num_leaves': 22, 'learning_rate': 0.01699897838270077, 'subsample': 0.5290418060840998, 'colsample_bytree': 0.9330880728874675, 'min_child_samples': 68, 'reg_alpha': 0.023585940584142682, 'reg_lambda': 1.5320059381854043e-08}. Best is trial 0 with value: 0.0007764541267194558.
[I 2026-06-01 23:28:00,423] Trial 1 finished with value: -1.8298794671456817 and parameters: {'confidence_threshold': 0.839468448256698, 'training_days': 420, 'n_estimators': 145, 'max_depth': 3, 'num_leaves': 23, 'learning_rate': 0.028145092716060652, 'subsample': 0.762378215816119, 'colsample_bytree': 0.7159725093210578, 'min_child_samples': 43, 'reg_alpha': 0.0032112643094417484, 'reg_lambda': 1.8007140198129195e-07}. Best is trial 0 with value: 0.0007764541267194558.
[I 2026-06-01 23:28:00,623] Trial 2 finished with value: -0.025897280175478266 and parameters: {'confidence_threshold': 0.6022506269873263, 'training_days': 190, 'n_estimators': 255, 'max_depth': 5, 'num_leaves': 24, 'learning_rate': 0.05748924681991978, 'subsample': 0.7962072844310213, 'colsample_bytree': 0.5232252063599989, 'min_child_samples': 69, 'reg_alpha': 3.425445902633376e-07, 'reg_lambda': 3.850031979199519e-08}. Best is trial 0 with value: 0.0007764541267194558.
[I 2026-06-01 23:28:00,939] Trial 3 finished with value: 0.03952830794178265 and parameters: {'confidence_threshold': 0.8321099380386666, 'training_days': 490, 'n_estimators': 414, 'max_depth': 3, 'num_leaves': 19, 'learning_rate': 0.1024932221692416, 'subsample': 0.7200762468698007, 'colsample_bytree': 0.5610191174223894, 'min_child_samples': 60, 'reg_alpha': 2.039373116525212e-08, 'reg_lambda': 1.527156759251193}. Best is trial 3 with value: 0.03952830794178265.
[I 2026-06-01 23:28:01,182] Trial 4 finished with value: -0.03296343186633907 and parameters: {'confidence_threshold': 0.5905729935600059, 'training_days': 340, 'n_estimators': 190, 'max_depth': 4, 'num_leaves': 41, 'learning_rate': 0.01875220945578641, 'subsample': 0.9847923138822793, 'colsample_bytree': 0.8875664116805573, 'min_child_samples': 96, 'reg_alpha': 1.1309571585271483, 'reg_lambda': 0.002404915432737351}. Best is trial 3 with value: 0.03952830794178265.
[I 2026-06-01 23:28:01,238] Trial 5 finished with value: -0.15135849426396214 and parameters: {'confidence_threshold': 0.8226559822580909, 'training_days': 50, 'n_estimators': 138, 'max_depth': 3, 'num_leaves': 30, 'learning_rate': 0.03750796359625606, 'subsample': 0.6356745158869479, 'colsample_bytree': 0.9143687545759647, 'min_child_samples': 48, 'reg_alpha': 3.376063348877853e-06, 'reg_lambda': 0.0007660634613082914}. Best is trial 3 with value: 0.03952830794178265.
[I 2026-06-01 23:28:01,359] Trial 6 finished with value: -0.03177112919041792 and parameters: {'confidence_threshold': 0.5493234787411669, 'training_days': 410, 'n_estimators': 83, 'max_depth': 5, 'num_leaves': 52, 'learning_rate': 0.019657448966046126, 'subsample': 0.5027610585618012, 'colsample_bytree': 0.9077307142274171, 'min_child_samples': 77, 'reg_alpha': 0.03639690979811287, 'reg_lambda': 0.08738424135626986}. Best is trial 3 with value: 0.03952830794178265.
[I 2026-06-01 23:28:01,464] Trial 7 finished with value: -0.04922683139403546 and parameters: {'confidence_threshold': 0.5259156281069316, 'training_days': 180, 'n_estimators': 102, 'max_depth': 5, 'num_leaves': 45, 'learning_rate': 0.030816017044468066, 'subsample': 0.5317791751430119, 'colsample_bytree': 0.6554911608578311, 'min_child_samples': 46, 'reg_alpha': 0.036851536911881845, 'reg_lambda': 0.005470376807480391}. Best is trial 3 with value: 0.03952830794178265.
[I 2026-06-01 23:28:01,612] Trial 8 finished with value: -0.07656322458037534 and parameters: {'confidence_threshold': 0.8105244599017143, 'training_days': 240, 'n_estimators': 103, 'max_depth': 5, 'num_leaves': 52, 'learning_rate': 0.06746437142284309, 'subsample': 0.8854835899772805, 'colsample_bytree': 0.7468977981821954, 'min_child_samples': 62, 'reg_alpha': 7.04480806377519e-05, 'reg_lambda': 1.6934490731313353e-08}. Best is trial 3 with value: 0.03952830794178265.
[I 2026-06-01 23:28:01,646] Trial 9 finished with value: -0.17466546222940368 and parameters: {'confidence_threshold': 0.5377619994476566, 'training_days': 20, 'n_estimators': 337, 'max_depth': 3, 'num_leaves': 39, 'learning_rate': 0.21907142272152816, 'subsample': 0.6246461145744375, 'colsample_bytree': 0.7051914615178149, 'min_child_samples': 81, 'reg_alpha': 1.1459970229341322e-06, 'reg_lambda': 4.929685216887945e-08}. Best is trial 3 with value: 0.03952830794178265.
[I 2026-06-01 23:28:02,369] Trial 10 finished with value: -0.037973393603460345 and parameters: {'confidence_threshold': 0.7301111584710253, 'training_days': 350, 'n_estimators': 487, 'max_depth': 4, 'num_leaves': 15, 'learning_rate': 0.1457937958927628, 'subsample': 0.6806559982209046, 'colsample_bytree': 0.5055805119629307, 'min_child_samples': 27, 'reg_alpha': 1.290626345465208e-08, 'reg_lambda': 8.530248590348572}. Best is trial 3 with value: 0.03952830794178265.
[I 2026-06-01 23:28:03,085] Trial 11 finished with value: 0.03890439489487009 and parameters: {'confidence_threshold': 0.6954836557727516, 'training_days': 490, 'n_estimators': 420, 'max_depth': 4, 'num_leaves': 15, 'learning_rate': 0.010397937137834207, 'subsample': 0.5780545957082475, 'colsample_bytree': 0.8242066785264957, 'min_child_samples': 55, 'reg_alpha': 3.662834835098572, 'reg_lambda': 7.868729181011707e-06}. Best is trial 3 with value: 0.03952830794178265.
[I 2026-06-01 23:28:04,103] Trial 12 finished with value: 0.05785703106583175 and parameters: {'confidence_threshold': 0.7158407934522353, 'training_days': 480, 'n_estimators': 480, 'max_depth': 4, 'num_leaves': 15, 'learning_rate': 0.010642679600809507, 'subsample': 0.7114719232100558, 'colsample_bytree': 0.8304278626461433, 'min_child_samples': 30, 'reg_alpha': 5.7716388202492235, 'reg_lambda': 8.348297043432798e-06}. Best is trial 12 with value: 0.05785703106583175.
[I 2026-06-01 23:28:04,865] Trial 13 finished with value: -0.019305024856656687 and parameters: {'confidence_threshold': 0.7580929687031254, 'training_days': 500, 'n_estimators': 500, 'max_depth': 3, 'num_leaves': 62, 'learning_rate': 0.10036282443683886, 'subsample': 0.7089578143730195, 'colsample_bytree': 0.6138200283342398, 'min_child_samples': 22, 'reg_alpha': 0.00013793593955942335, 'reg_lambda': 2.1573112424412734e-05}. Best is trial 12 with value: 0.05785703106583175.
[I 2026-06-01 23:28:05,443] Trial 14 finished with value: -0.03150475885009363 and parameters: {'confidence_threshold': 0.7594036169129817, 'training_days': 340, 'n_estimators': 431, 'max_depth': 3, 'num_leaves': 33, 'learning_rate': 0.11239432335316941, 'subsample': 0.8319560719535452, 'colsample_bytree': 0.8125859382071858, 'min_child_samples': 31, 'reg_alpha': 2.4270990787417795e-08, 'reg_lambda': 6.551588619002162}. Best is trial 12 with value: 0.05785703106583175.
[I 2026-06-01 23:28:05,820] Trial 15 finished with value: -8.531407355023002e-05 and parameters: {'confidence_threshold': 0.6685557091133998, 'training_days': 420, 'n_estimators': 319, 'max_depth': 4, 'num_leaves': 29, 'learning_rate': 0.2699762584636849, 'subsample': 0.7056040605540663, 'colsample_bytree': 0.5845593918314319, 'min_child_samples': 37, 'reg_alpha': 0.3826359058909764, 'reg_lambda': 8.994225272210576e-06}. Best is trial 12 with value: 0.05785703106583175.
[I 2026-06-01 23:28:06,176] Trial 16 finished with value: -0.059470259510003766 and parameters: {'confidence_threshold': 0.7967606832968345, 'training_days': 290, 'n_estimators': 427, 'max_depth': 3, 'num_leaves': 18, 'learning_rate': 0.011144181443272248, 'subsample': 0.8649514202852936, 'colsample_bytree': 0.9826162589395974, 'min_child_samples': 83, 'reg_alpha': 1.6230643075200477e-05, 'reg_lambda': 0.23529158002820744}. Best is trial 12 with value: 0.05785703106583175.
[I 2026-06-01 23:28:06,307] Trial 17 finished with value: -0.011413671568085015 and parameters: {'confidence_threshold': 0.6869754351070464, 'training_days': 120, 'n_estimators': 257, 'max_depth': 4, 'num_leaves': 21, 'learning_rate': 0.07530437307582499, 'subsample': 0.939750397944035, 'colsample_bytree': 0.8291656926711748, 'min_child_samples': 93, 'reg_alpha': 0.0021719318783727615, 'reg_lambda': 6.880925840516315e-07}. Best is trial 12 with value: 0.05785703106583175.
[I 2026-06-01 23:28:06,705] A new study created in memory with name: no-name-e8874af2-3d17-4d48-af9a-1a893a8bbf95
[I 2026-06-01 23:28:06,814] Trial 0 finished with value: -0.11252981083930849 and parameters: {'confidence_threshold': 0.7437642149592516, 'training_days': 150, 'n_estimators': 152, 'max_depth': 4, 'num_leaves': 50, 'learning_rate': 0.04216766425047743, 'subsample': 0.9903820991923078, 'colsample_bytree': 0.8424148692924316, 'min_child_samples': 58, 'reg_alpha': 3.381097259762742e-05, 'reg_lambda': 1.2263152961306247e-05}. Best is trial 0 with value: -0.11252981083930849.
[I 2026-06-01 23:28:06,894] Trial 1 finished with value: -0.26138359863165767 and parameters: {'confidence_threshold': 0.7551673975844145, 'training_days': 220, 'n_estimators': 76, 'max_depth': 4, 'num_leaves': 51, 'learning_rate': 0.018602118810743477, 'subsample': 0.5877258780737462, 'colsample_bytree': 0.7657756869209191, 'min_child_samples': 63, 'reg_alpha': 0.005123994170264194, 'reg_lambda': 0.44145470178120466}. Best is trial 0 with value: -0.11252981083930849.
[I 2026-06-01 23:28:07,176] Trial 2 finished with value: -0.03469149572498257 and parameters: {'confidence_threshold': 0.7535593637012223, 'training_days': 310, 'n_estimators': 375, 'max_depth': 3, 'num_leaves': 32, 'learning_rate': 0.021735641882032388, 'subsample': 0.6468570231944146, 'colsample_bytree': 0.8154880619272439, 'min_child_samples': 27, 'reg_alpha': 8.004064028491336e-05, 'reg_lambda': 7.546835261630524e-05}. Best is trial 2 with value: -0.03469149572498257.
[I 2026-06-01 23:28:07,364] Trial 3 finished with value: -0.04240382396417881 and parameters: {'confidence_threshold': 0.6727897841776072, 'training_days': 220, 'n_estimators': 190, 'max_depth': 4, 'num_leaves': 58, 'learning_rate': 0.24810689332636193, 'subsample': 0.7509183379421682, 'colsample_bytree': 0.8119764758960556, 'min_child_samples': 29, 'reg_alpha': 7.1708285081421445e-06, 'reg_lambda': 5.412973582738627e-05}. Best is trial 2 with value: -0.03469149572498257.
[I 2026-06-01 23:28:07,519] Trial 4 finished with value: -0.029451577482091585 and parameters: {'confidence_threshold': 0.803208205259178, 'training_days': 130, 'n_estimators': 267, 'max_depth': 5, 'num_leaves': 40, 'learning_rate': 0.08041175317374143, 'subsample': 0.5603143329951619, 'colsample_bytree': 0.9131704002534167, 'min_child_samples': 68, 'reg_alpha': 0.0008046593428183385, 'reg_lambda': 1.2158346158765583e-05}. Best is trial 4 with value: -0.029451577482091585.
[I 2026-06-01 23:28:07,795] Trial 5 finished with value: -0.021878880637025075 and parameters: {'confidence_threshold': 0.6064422761595144, 'training_days': 210, 'n_estimators': 357, 'max_depth': 5, 'num_leaves': 40, 'learning_rate': 0.0974221287220869, 'subsample': 0.7929682762811064, 'colsample_bytree': 0.8124517510478, 'min_child_samples': 74, 'reg_alpha': 0.3811377260781234, 'reg_lambda': 5.607314238392041e-08}. Best is trial 5 with value: -0.021878880637025075.
[I 2026-06-01 23:28:07,951] Trial 6 finished with value: -0.035279920490777016 and parameters: {'confidence_threshold': 0.7672889945051684, 'training_days': 130, 'n_estimators': 137, 'max_depth': 4, 'num_leaves': 19, 'learning_rate': 0.2031117614248665, 'subsample': 0.8136244860256343, 'colsample_bytree': 0.8617081790949774, 'min_child_samples': 21, 'reg_alpha': 0.002238138278733199, 'reg_lambda': 0.001025809534977322}. Best is trial 5 with value: -0.021878880637025075.
[I 2026-06-01 23:28:08,045] Trial 7 finished with value: 0.034649268049721 and parameters: {'confidence_threshold': 0.555635875450653, 'training_days': 80, 'n_estimators': 363, 'max_depth': 3, 'num_leaves': 48, 'learning_rate': 0.06590089024008658, 'subsample': 0.6944752870615722, 'colsample_bytree': 0.962566244806993, 'min_child_samples': 88, 'reg_alpha': 1.6465620446426067e-05, 'reg_lambda': 2.4678750890085655e-08}. Best is trial 7 with value: 0.034649268049721.
[I 2026-06-01 23:28:08,656] Trial 8 finished with value: -0.029881234322831945 and parameters: {'confidence_threshold': 0.6066688256938841, 'training_days': 200, 'n_estimators': 367, 'max_depth': 5, 'num_leaves': 32, 'learning_rate': 0.13377519215934996, 'subsample': 0.7965884582811106, 'colsample_bytree': 0.8458508993500886, 'min_child_samples': 32, 'reg_alpha': 3.889436043816386e-05, 'reg_lambda': 1.4713062489380356e-06}. Best is trial 7 with value: 0.034649268049721.
