[I 2026-06-01 23:32:42,504] Trial 17 finished with value: 0.15380637372571573 and parameters: {'confidence_threshold': 0.7795748963083686, 'training_days': 500, 'n_estimators': 240, 'max_depth': 3, 'num_leaves': 58, 'learning_rate': 0.024064732614175986, 'subsample': 0.8002407697944357, 'colsample_bytree': 0.8077811198564697, 'min_child_samples': 88, 'reg_alpha': 0.005860257762511455, 'reg_lambda': 0.031103952819566225}. Best is trial 12 with value: 0.15867991902377315.

    [trial 16] Sharpe=0.0620 (folds: -0.2580, 0.5057, -0.0421, -0.0046, 0.1093)
    [trial 17] 49 features, training_days=330 | threshold=0.711 | labels: 1063 long, 1108 short (49/51%)
    [trial 17] Sharpe=0.0299 (folds: -0.2507, 0.2672, 0.0982, -0.0619, 0.0966)
  Optuna: 18 trials, best Sharpe = 0.1482
  Best params: n_estimators=475, max_depth=4, lr=0.0110, leaves=63
  Best confidence_threshold: 0.832
  Best training_days: 500
  Retrained on full data (1500 samples, 49 features)
  [ensemble 3/3] seed=456
    [trial 0] 49 features, training_days=90 | threshold=0.587 | labels: 1063 long, 1108 short (49/51%)
    [CV fold 0] train_end=2023-08-23 08:00 | val_start=2023-08-31 00:00 | gap=184h (22 rows)
    [CV fold 1] train_end=2023-12-21 16:00 | val_start=2023-12-29 08:00 | gap=184h (22 rows)
    [CV fold 2] train_end=2024-04-20 00:00 | val_start=2024-04-27 16:00 | gap=184h (22 rows)
    [CV fold 3] train_end=2024-08-18 08:00 | val_start=2024-08-26 00:00 | gap=184h (22 rows)
    [CV fold 4] train_end=2024-12-16 16:00 | val_start=2024-12-24 08:00 | gap=184h (22 rows)
    [trial 0] Sharpe=-0.0519 (folds: -0.3857, 0.1944, 0.0835, -0.2139, 0.0621)
    [trial 1] 49 features, training_days=290 | threshold=0.635 | labels: 1063 long, 1108 short (49/51%)
    [trial 1] Sharpe=0.0044 (folds: -0.1769, 0.2816, 0.0462, -0.1105, -0.0183)
    [trial 2] 49 features, training_days=10 | threshold=0.585 | labels: 1063 long, 1108 short (49/51%)
    [trial 2] Sharpe=-0.0198 (folds: 0.0255, -0.0194, 0.0743, -0.2059, 0.0267)
    [trial 3] 49 features, training_days=220 | threshold=0.687 | labels: 1063 long, 1108 short (49/51%)
    [trial 3] Sharpe=0.0324 (folds: -0.0223, 0.3022, 0.0164, -0.1403, 0.0061)
    [trial 4] 49 features, training_days=300 | threshold=0.562 | labels: 1063 long, 1108 short (49/51%)
    [trial 4] Sharpe=0.0011 (folds: -0.1543, 0.2701, -0.0120, -0.0892, -0.0093)
    [trial 5] 49 features, training_days=490 | threshold=0.711 | labels: 1063 long, 1108 short (49/51%)
    [trial 5] Sharpe=-0.0065 (folds: -0.2633, 0.2106, 0.1220, -0.0993, -0.0023)
    [trial 6] 49 features, training_days=420 | threshold=0.667 | labels: 1063 long, 1108 short (49/51%)
    [trial 6] Sharpe=0.0020 (folds: -0.2651, 0.2170, 0.0808, -0.1397, 0.1172)
    [trial 7] 49 features, training_days=120 | threshold=0.550 | labels: 1063 long, 1108 short (49/51%)
    [trial 7] Sharpe=-0.0550 (folds: -0.1482, 0.0600, 0.0847, -0.2519, -0.0196)
    [trial 8] 49 features, training_days=450 | threshold=0.720 | labels: 1063 long, 1108 short (49/51%)
    [trial 8] Sharpe=0.0340 (folds: -0.0586, 0.2235, 0.1091, -0.0876, -0.0167)
    [trial 9] 49 features, training_days=20 | threshold=0.727 | labels: 1063 long, 1108 short (49/51%)
    [trial 9] Sharpe=-3.9879 (folds: -0.1241, -10.0000, -10.0000, 0.1578, 0.0267)
    [trial 10] 49 features, training_days=400 | threshold=0.828 | labels: 1063 long, 1108 short (49/51%)
    [trial 10] Sharpe=0.0413 (folds: 0.0061, 0.6116, 0.0091, -0.3360, -0.0844)
    [trial 11] 49 features, training_days=400 | threshold=0.843 | labels: 1063 long, 1108 short (49/51%)
    [trial 11] Sharpe=0.0307 (folds: -0.0396, 0.6120, -0.1031, -0.4489, 0.1330)
    [trial 12] 49 features, training_days=500 | threshold=0.810 | labels: 1063 long, 1108 short (49/51%)
    [trial 12] Sharpe=0.1587 (folds: 0.1646, 0.5311, -0.0619, -0.1159, 0.2755)
    [trial 13] 49 features, training_days=350 | threshold=0.848 | labels: 1063 long, 1108 short (49/51%)
    [trial 13] Sharpe=0.0964 (folds: 0.0834, 0.6940, -0.0276, -0.2768, 0.0091)
    [trial 14] 49 features, training_days=340 | threshold=0.776 | labels: 1063 long, 1108 short (49/51%)
    [trial 14] Sharpe=0.0187 (folds: -0.0675, 0.3116, -0.0239, -0.0124, -0.1142)
    [trial 15] 49 features, training_days=220 | threshold=0.787 | labels: 1063 long, 1108 short (49/51%)
    [trial 15] Sharpe=-0.0085 (folds: -0.1761, 0.2274, -0.0266, -0.0770, 0.0097)
    [trial 16] 49 features, training_days=490 | threshold=0.784 | labels: 1063 long, 1108 short (49/51%)
    [trial 16] Sharpe=0.1156 (folds: 0.0783, 0.4430, -0.0778, -0.0688, 0.2032)
    [trial 17] 49 features, training_days=500 | threshold=0.780 | labels: 1063 long, 1108 short (49/51%)
    [trial 17] Sharpe=0.1538 (folds: 0.0350, 0.3943, 0.0991, -0.1136, 0.3542)
  Optuna: 18 trials, best Sharpe = 0.1587
  Best params: n_estimators=490, max_depth=4, lr=0.0103, leaves=63
  Best confidence_threshold: 0.810
  Best training_days: 500
  Retrained on full data (1500 samples, 49 features)
  OOD: 16 features, cutoff (q=0.7) = 13.74
  Model trained for 2025-05: 93 test candles with features, confidence_threshold=0.827
[trade:close] 2025-05-01 23:59 LTCUSDT SHORT → stop_loss @ 89.00 | PnL=-4.88% (net -4.98%) | cum=+140.09% 2025-05=-4.98% 2025-05-01=-4.98%
[predict] 2025-05-08 08:00 LTCUSDT → SHORT (proba=0.87 TP=13.1%/SL=6.6%)
[trade:open] 2025-05-08 15:59 LTCUSDT SHORT @ 93.12 | SL=99.22 TP=80.91 | timeout=2025-05-15 15:59
[trade:close] 2025-05-09 15:59 LTCUSDT SHORT → stop_loss @ 99.22 | PnL=-6.55% (net -6.65%) | cum=+133.44% 2025-05=-11.63% 2025-05-09=-6.65%
[predict] 2025-05-14 08:00 LTCUSDT → LONG (proba=0.84 TP=15.7%/SL=7.9%)
[trade:open] 2025-05-14 15:59 LTCUSDT LONG @ 99.93 | SL=92.08 TP=115.62 | timeout=2025-05-21 15:59
[trade:close] 2025-05-21 16:00 LTCUSDT LONG → timeout @ 96.61 | PnL=-3.32% (net -3.42%) | cum=+130.02% 2025-05=-15.05% 2025-05-21=-3.42%
[lgbm] === Training for 2025-06 ===
  Train window: 2023-06-01 → 2025-05-24
  2171 training samples from 1 symbols
  Samples per month: 2023-06: 90, 2023-07: 93, 2023-08: 93, 2023-09: 90, 2023-10: 93, 2023-11: 90, 2023-12: 93, 2024-01: 93, 2024-02: 87, 2024-03: 93, 2024-04: 90, 2024-05: 93, 2024-06: 90, 2024-07: 93, 2024-08: 93, 2024-09: 90, 2024-10: 93, 2024-11: 90, 2024-12: 93, 2025-01: 93, 2025-02: 84, 2025-03: 93, 2025-04: 90, 2025-05: 71
  [label] 2023-08-01 16:00 LTCUSDT entry=93.9100 → SHORT | long=sl(-4.83%) short=tp(+9.36%) | scanned=6 | short_tp_only
  [label] 2023-08-04 00:00 LTCUSDT entry=82.8400 → LONG | long=timeout(+0.17%) short=timeout(-0.37%) | scanned=22 | no_tp→fwd_return=+0.2656
  [label] 2023-08-07 16:00 LTCUSDT entry=82.4600 → SHORT | long=timeout(-0.59%) short=timeout(+0.39%) | scanned=22 | no_tp→fwd_return=-0.4851
  [label] 2023-09-01 08:00 LTCUSDT entry=63.1800 → SHORT | long=timeout(-1.11%) short=timeout(+0.91%) | scanned=22 | no_tp→fwd_return=-1.0130
  [label] 2023-10-24 00:00 LTCUSDT entry=69.1700 → SHORT | long=sl(-5.02%) short=timeout(+0.71%) | scanned=22 | no_tp→fwd_return=-0.8096
  [label] 2024-04-07 00:00 LTCUSDT entry=103.6400 → SHORT | long=sl(-7.73%) short=tp(+15.15%) | scanned=17 | short_tp_only
  [label] 2024-04-11 00:00 LTCUSDT entry=98.0300 → SHORT | long=sl(-6.19%) short=tp(+12.08%) | scanned=5 | short_tp_only
  [label] 2024-04-21 16:00 LTCUSDT entry=84.1200 → SHORT | long=timeout(-0.31%) short=timeout(+0.11%) | scanned=22 | no_tp→fwd_return=-0.2140
  [label] 2024-06-05 16:00 LTCUSDT entry=85.4800 → SHORT | long=sl(-2.71%) short=tp(+5.12%) | scanned=6 | short_tp_only
  [label] 2024-06-14 08:00 LTCUSDT entry=78.8300 → SHORT | long=sl(-4.00%) short=tp(+7.71%) | scanned=11 | short_tp_only
  [label] 2024-09-12 16:00 LTCUSDT entry=62.7900 → LONG | long=timeout(+4.02%) short=sl(-3.94%) | scanned=22 | no_tp→fwd_return=+4.1249
  [label] 2024-10-14 16:00 LTCUSDT entry=66.8100 → LONG | long=tp(+5.77%) short=sl(-3.03%) | scanned=3 | long_tp_only
  [label] 2024-10-31 00:00 LTCUSDT entry=71.0000 → SHORT | long=sl(-3.80%) short=tp(+7.30%) | scanned=10 | short_tp_only
  [label] 2024-11-12 16:00 LTCUSDT entry=76.7600 → LONG | long=tp(+15.31%) short=sl(-7.81%) | scanned=11 | long_tp_only
  [label] 2024-12-01 00:00 LTCUSDT entry=101.4200 → LONG | long=tp(+14.81%) short=sl(-7.56%) | scanned=2 | long_tp_only
  [label] 2024-12-07 08:00 LTCUSDT entry=137.3700 → SHORT | long=sl(-10.64%) short=tp(+20.98%) | scanned=7 | short_tp_only
  [label] 2024-12-19 16:00 LTCUSDT entry=99.3000 → LONG | long=timeout(+2.83%) short=timeout(-3.03%) | scanned=22 | no_tp→fwd_return=+2.9305
  [label] 2025-01-28 08:00 LTCUSDT entry=114.2200 → LONG | long=tp(+18.23%) short=sl(-9.26%) | scanned=9 | long_tp_only[I 2026-06-01 23:32:43,340] A new study created in memory with name: no-name-7c847f38-c221-4380-b77c-292f7a893276
[I 2026-06-01 23:32:43,674] Trial 0 finished with value: 0.05042871117479979 and parameters: {'confidence_threshold': 0.6310890415965769, 'training_days': 480, 'n_estimators': 380, 'max_depth': 4, 'num_leaves': 22, 'learning_rate': 0.01699897838270077, 'subsample': 0.5290418060840998, 'colsample_bytree': 0.9330880728874675, 'min_child_samples': 68, 'reg_alpha': 0.023585940584142682, 'reg_lambda': 1.5320059381854043e-08}. Best is trial 0 with value: 0.05042871117479979.
[I 2026-06-01 23:32:43,804] Trial 1 finished with value: 0.12860032527304455 and parameters: {'confidence_threshold': 0.839468448256698, 'training_days': 420, 'n_estimators': 145, 'max_depth': 3, 'num_leaves': 23, 'learning_rate': 0.028145092716060652, 'subsample': 0.762378215816119, 'colsample_bytree': 0.7159725093210578, 'min_child_samples': 43, 'reg_alpha': 0.0032112643094417484, 'reg_lambda': 1.8007140198129195e-07}. Best is trial 1 with value: 0.12860032527304455.
[I 2026-06-01 23:32:43,970] Trial 2 finished with value: 0.022239495209220857 and parameters: {'confidence_threshold': 0.6022506269873263, 'training_days': 190, 'n_estimators': 255, 'max_depth': 5, 'num_leaves': 24, 'learning_rate': 0.05748924681991978, 'subsample': 0.7962072844310213, 'colsample_bytree': 0.5232252063599989, 'min_child_samples': 69, 'reg_alpha': 3.425445902633376e-07, 'reg_lambda': 3.850031979199519e-08}. Best is trial 1 with value: 0.12860032527304455.
[I 2026-06-01 23:32:44,277] Trial 3 finished with value: 0.03659498399813489 and parameters: {'confidence_threshold': 0.8321099380386666, 'training_days': 490, 'n_estimators': 414, 'max_depth': 3, 'num_leaves': 19, 'learning_rate': 0.1024932221692416, 'subsample': 0.7200762468698007, 'colsample_bytree': 0.5610191174223894, 'min_child_samples': 60, 'reg_alpha': 2.039373116525212e-08, 'reg_lambda': 1.527156759251193}. Best is trial 1 with value: 0.12860032527304455.
[I 2026-06-01 23:32:44,443] Trial 4 finished with value: -0.00499483678868689 and parameters: {'confidence_threshold': 0.5905729935600059, 'training_days': 340, 'n_estimators': 190, 'max_depth': 4, 'num_leaves': 41, 'learning_rate': 0.01875220945578641, 'subsample': 0.9847923138822793, 'colsample_bytree': 0.8875664116805573, 'min_child_samples': 96, 'reg_alpha': 1.1309571585271483, 'reg_lambda': 0.002404915432737351}. Best is trial 1 with value: 0.12860032527304455.
[I 2026-06-01 23:32:44,482] Trial 5 finished with value: 0.2817316583330555 and parameters: {'confidence_threshold': 0.8226559822580909, 'training_days': 50, 'n_estimators': 138, 'max_depth': 3, 'num_leaves': 30, 'learning_rate': 0.03750796359625606, 'subsample': 0.6356745158869479, 'colsample_bytree': 0.9143687545759647, 'min_child_samples': 48, 'reg_alpha': 3.376063348877853e-06, 'reg_lambda': 0.0007660634613082914}. Best is trial 5 with value: 0.2817316583330555.
[I 2026-06-01 23:32:44,603] Trial 6 finished with value: 0.0510557684272803 and parameters: {'confidence_threshold': 0.5493234787411669, 'training_days': 410, 'n_estimators': 83, 'max_depth': 5, 'num_leaves': 52, 'learning_rate': 0.019657448966046126, 'subsample': 0.5027610585618012, 'colsample_bytree': 0.9077307142274171, 'min_child_samples': 77, 'reg_alpha': 0.03639690979811287, 'reg_lambda': 0.08738424135626986}. Best is trial 5 with value: 0.2817316583330555.
[I 2026-06-01 23:32:44,698] Trial 7 finished with value: -0.014793022014080698 and parameters: {'confidence_threshold': 0.5259156281069316, 'training_days': 180, 'n_estimators': 102, 'max_depth': 5, 'num_leaves': 45, 'learning_rate': 0.030816017044468066, 'subsample': 0.5317791751430119, 'colsample_bytree': 0.6554911608578311, 'min_child_samples': 46, 'reg_alpha': 0.036851536911881845, 'reg_lambda': 0.005470376807480391}. Best is trial 5 with value: 0.2817316583330555.
[I 2026-06-01 23:32:44,819] Trial 8 finished with value: 0.0666626451222431 and parameters: {'confidence_threshold': 0.8105244599017143, 'training_days': 240, 'n_estimators': 103, 'max_depth': 5, 'num_leaves': 52, 'learning_rate': 0.06746437142284309, 'subsample': 0.8854835899772805, 'colsample_bytree': 0.7468977981821954, 'min_child_samples': 62, 'reg_alpha': 7.04480806377519e-05, 'reg_lambda': 1.6934490731313353e-08}. Best is trial 5 with value: 0.2817316583330555.
[I 2026-06-01 23:32:44,852] Trial 9 finished with value: -0.012072099768246275 and parameters: {'confidence_threshold': 0.5377619994476566, 'training_days': 20, 'n_estimators': 337, 'max_depth': 3, 'num_leaves': 39, 'learning_rate': 0.21907142272152816, 'subsample': 0.6246461145744375, 'colsample_bytree': 0.7051914615178149, 'min_child_samples': 81, 'reg_alpha': 1.1459970229341322e-06, 'reg_lambda': 4.929685216887945e-08}. Best is trial 5 with value: 0.2817316583330555.
[I 2026-06-01 23:32:44,888] Trial 10 finished with value: -2.061318205958035 and parameters: {'confidence_threshold': 0.7318981109748116, 'training_days': 10, 'n_estimators': 487, 'max_depth': 4, 'num_leaves': 31, 'learning_rate': 0.14704103471568217, 'subsample': 0.628963476300746, 'colsample_bytree': 0.987470107623585, 'min_child_samples': 25, 'reg_alpha': 2.608784411827665e-05, 'reg_lambda': 3.3639426888455256e-06}. Best is trial 5 with value: 0.2817316583330555.
[I 2026-06-01 23:32:44,992] Trial 11 finished with value: 0.014180764873896013 and parameters: {'confidence_threshold': 0.7615879655568232, 'training_days': 100, 'n_estimators': 185, 'max_depth': 3, 'num_leaves': 30, 'learning_rate': 0.04014790802108211, 'subsample': 0.7349716074984779, 'colsample_bytree': 0.8283518534791317, 'min_child_samples': 42, 'reg_alpha': 0.001175790894077933, 'reg_lambda': 2.463529356421494e-05}. Best is trial 5 with value: 0.2817316583330555.
[I 2026-06-01 23:32:45,149] Trial 12 finished with value: -1.7675057737772366 and parameters: {'confidence_threshold': 0.8481432634427628, 'training_days': 330, 'n_estimators': 188, 'max_depth': 3, 'num_leaves': 15, 'learning_rate': 0.011907057590678163, 'subsample': 0.6424283043115616, 'colsample_bytree': 0.8304278626461432, 'min_child_samples': 41, 'reg_alpha': 6.647129870652011e-06, 'reg_lambda': 2.1627402349427912e-05}. Best is trial 5 with value: 0.2817316583330555.
[I 2026-06-01 23:32:45,358] Trial 13 finished with value: 0.05691949894438235 and parameters: {'confidence_threshold': 0.7253556389714799, 'training_days': 340, 'n_estimators': 258, 'max_depth': 3, 'num_leaves': 30, 'learning_rate': 0.03448603832548468, 'subsample': 0.8441368474622595, 'colsample_bytree': 0.6671680435920644, 'min_child_samples': 24, 'reg_alpha': 0.0010695159048720376, 'reg_lambda': 0.0003824508816295568}. Best is trial 5 with value: 0.2817316583330555.
[I 2026-06-01 23:32:45,430] Trial 14 finished with value: 0.029026341131901535 and parameters: {'confidence_threshold': 0.7871652886153421, 'training_days': 80, 'n_estimators': 137, 'max_depth': 3, 'num_leaves': 60, 'learning_rate': 0.08830587574621251, 'subsample': 0.6862140018961148, 'colsample_bytree': 0.8154778121342577, 'min_child_samples': 54, 'reg_alpha': 6.243069797304175, 'reg_lambda': 2.063573148157547e-06}. Best is trial 5 with value: 0.2817316583330555.
[I 2026-06-01 23:32:45,522] Trial 15 finished with value: 0.008344288500124867 and parameters: {'confidence_threshold': 0.684718799302787, 'training_days': 420, 'n_estimators': 52, 'max_depth': 4, 'num_leaves': 34, 'learning_rate': 0.02732017211570964, 'subsample': 0.782151126526487, 'colsample_bytree': 0.6290746674720268, 'min_child_samples': 37, 'reg_alpha': 1.1888257172908387e-08, 'reg_lambda': 0.019345028254750467}. Best is trial 5 with value: 0.2817316583330555.
[I 2026-06-01 23:32:45,657] Trial 16 finished with value: 0.0539164915328725 and parameters: {'confidence_threshold': 0.781805155649469, 'training_days': 270, 'n_estimators': 145, 'max_depth': 3, 'num_leaves': 27, 'learning_rate': 0.04827907596318793, 'subsample': 0.8972574085674145, 'colsample_bytree': 0.755552804646991, 'min_child_samples': 31, 'reg_alpha': 0.00016753918939818488, 'reg_lambda': 6.851761480742252e-07}. Best is trial 5 with value: 0.2817316583330555.
[I 2026-06-01 23:32:45,809] Trial 17 finished with value: -0.042646766341547925 and parameters: {'confidence_threshold': 0.6796805210256975, 'training_days': 110, 'n_estimators': 295, 'max_depth': 4, 'num_leaves': 15, 'learning_rate': 0.010425658055299656, 'subsample': 0.5829261830537771, 'colsample_bytree': 0.9956385980717998, 'min_child_samples': 50, 'reg_alpha': 0.005047355373634929, 'reg_lambda': 0.00020614774879284444}. Best is trial 5 with value: 0.2817316583330555.
[I 2026-06-01 23:32:46,261] A new study created in memory with name: no-name-882c76b0-72f3-464d-a903-0f55e08e379f
[I 2026-06-01 23:32:46,349] Trial 0 finished with value: 0.07013995316864953 and parameters: {'confidence_threshold': 0.7437642149592516, 'training_days': 150, 'n_estimators': 152, 'max_depth': 4, 'num_leaves': 50, 'learning_rate': 0.04216766425047743, 'subsample': 0.9903820991923078, 'colsample_bytree': 0.8424148692924316, 'min_child_samples': 58, 'reg_alpha': 3.381097259762742e-05, 'reg_lambda': 1.2263152961306247e-05}. Best is trial 0 with value: 0.07013995316864953.
[I 2026-06-01 23:32:46,416] Trial 1 finished with value: 0.06750693841796654 and parameters: {'confidence_threshold': 0.7551673975844145, 'training_days': 220, 'n_estimators': 76, 'max_depth': 4, 'num_leaves': 51, 'learning_rate': 0.018602118810743477, 'subsample': 0.5877258780737462, 'colsample_bytree': 0.7657756869209191, 'min_child_samples': 63, 'reg_alpha': 0.005123994170264194, 'reg_lambda': 0.44145470178120466}. Best is trial 0 with value: 0.07013995316864953.
[I 2026-06-01 23:32:46,673] Trial 2 finished with value: 0.040498550367831655 and parameters: {'confidence_threshold': 0.7535593637012223, 'training_days': 310, 'n_estimators': 375, 'max_depth': 3, 'num_leaves': 32, 'learning_rate': 0.021735641882032388, 'subsample': 0.6468570231944146, 'colsample_bytree': 0.8154880619272439, 'min_child_samples': 27, 'reg_alpha': 8.004064028491336e-05, 'reg_lambda': 7.546835261630524e-05}. Best is trial 0 with value: 0.07013995316864953.
[I 2026-06-01 23:32:46,853] Trial 3 finished with value: 0.03941987982214708 and parameters: {'confidence_threshold': 0.6727897841776072, 'training_days': 220, 'n_estimators': 190, 'max_depth': 4, 'num_leaves': 58, 'learning_rate': 0.24810689332636193, 'subsample': 0.7509183379421682, 'colsample_bytree': 0.8119764758960556, 'min_child_samples': 29, 'reg_alpha': 7.1708285081421445e-06, 'reg_lambda': 5.412973582738627e-05}. Best is trial 0 with value: 0.07013995316864953.
[I 2026-06-01 23:32:46,972] Trial 4 finished with value: 0.03702092459167966 and parameters: {'confidence_threshold': 0.803208205259178, 'training_days': 130, 'n_estimators': 267, 'max_depth': 5, 'num_leaves': 40, 'learning_rate': 0.08041175317374143, 'subsample': 0.5603143329951619, 'colsample_bytree': 0.9131704002534167, 'min_child_samples': 68, 'reg_alpha': 0.0008046593428183385, 'reg_lambda': 1.2158346158765583e-05}. Best is trial 0 with value: 0.07013995316864953.
[I 2026-06-01 23:32:47,211] Trial 5 finished with value: -0.013522829671899873 and parameters: {'confidence_threshold': 0.6064422761595144, 'training_days': 210, 'n_estimators': 357, 'max_depth': 5, 'num_leaves': 40, 'learning_rate': 0.0974221287220869, 'subsample': 0.7929682762811064, 'colsample_bytree': 0.8124517510478, 'min_child_samples': 74, 'reg_alpha': 0.3811377260781234, 'reg_lambda': 5.607314238392041e-08}. Best is trial 0 with value: 0.07013995316864953.
[I 2026-06-01 23:32:47,333] Trial 6 finished with value: 0.05393850727574838 and parameters: {'confidence_threshold': 0.7672889945051684, 'training_days': 130, 'n_estimators': 137, 'max_depth': 4, 'num_leaves': 19, 'learning_rate': 0.2031117614248665, 'subsample': 0.8136244860256343, 'colsample_bytree': 0.8617081790949774, 'min_child_samples': 21, 'reg_alpha': 0.002238138278733199, 'reg_lambda': 0.001025809534977322}. Best is trial 0 with value: 0.07013995316864953.
[I 2026-06-01 23:32:47,404] Trial 7 finished with value: 0.08737711263496159 and parameters: {'confidence_threshold': 0.555635875450653, 'training_days': 80, 'n_estimators': 363, 'max_depth': 3, 'num_leaves': 48, 'learning_rate': 0.06590089024008658, 'subsample': 0.6944752870615722, 'colsample_bytree': 0.962566244806993, 'min_child_samples': 88, 'reg_alpha': 1.6465620446426067e-05, 'reg_lambda': 2.4678750890085655e-08}. Best is trial 7 with value: 0.08737711263496159.
[I 2026-06-01 23:32:47,762] Trial 8 finished with value: 0.003867671960167407 and parameters: {'confidence_threshold': 0.6066688256938841, 'training_days': 200, 'n_estimators': 367, 'max_depth': 5, 'num_leaves': 32, 'learning_rate': 0.13377519215934996, 'subsample': 0.7965884582811106, 'colsample_bytree': 0.8458508993500886, 'min_child_samples': 32, 'reg_alpha': 3.889436043816386e-05, 'reg_lambda': 1.4713062489380356e-06}. Best is trial 7 with value: 0.08737711263496159.
