[I 2026-06-01 23:24:57,949] Trial 9 finished with value: -0.003852089667753142 and parameters: {'confidence_threshold': 0.6202096049169137, 'training_days': 260, 'n_estimators': 350, 'max_depth': 3, 'num_leaves': 21, 'learning_rate': 0.02989540198065364, 'subsample': 0.8307821683331218, 'colsample_bytree': 0.923253112635361, 'min_child_samples': 64, 'reg_alpha': 0.4898604619604203, 'reg_lambda': 2.9076377687066166e-05}. Best is trial 2 with value: 0.0019117023048479426.
[I 2026-06-01 23:24:58,246] Trial 10 finished with value: -0.33145434099885207 and parameters: {'confidence_threshold': 0.8445241688507242, 'training_days': 420, 'n_estimators': 494, 'max_depth': 3, 'num_leaves': 30, 'learning_rate': 0.010221918552934462, 'subsample': 0.5019190721168774, 'colsample_bytree': 0.6202684210924141, 'min_child_samples': 45, 'reg_alpha': 1.5494783182896407e-08, 'reg_lambda': 0.018878930586497852}. Best is trial 2 with value: 0.0019117023048479426.
[I 2026-06-01 23:24:58,560] Trial 11 finished with value: -0.005662447958106118 and parameters: {'confidence_threshold': 0.7263621239445149, 'training_days': 350, 'n_estimators': 481, 'max_depth': 3, 'num_leaves': 18, 'learning_rate': 0.27998203834948215, 'subsample': 0.9047249980702942, 'colsample_bytree': 0.6612241103206169, 'min_child_samples': 21, 'reg_alpha': 0.008782410124447885, 'reg_lambda': 0.0021817177740447087}. Best is trial 2 with value: 0.0019117023048479426.
[I 2026-06-01 23:24:58,636] Trial 12 finished with value: -0.19266189983700466 and parameters: {'confidence_threshold': 0.6885368974453678, 'training_days': 330, 'n_estimators': 51, 'max_depth': 4, 'num_leaves': 26, 'learning_rate': 0.021442972716943478, 'subsample': 0.6761118380300324, 'colsample_bytree': 0.5201164353688423, 'min_child_samples': 41, 'reg_alpha': 4.7371025346464785e-07, 'reg_lambda': 0.001793325873299761}. Best is trial 2 with value: 0.0019117023048479426.
[I 2026-06-01 23:24:58,667] Trial 13 finished with value: -2.0424437380496707 and parameters: {'confidence_threshold': 0.7904261155050077, 'training_days': 10, 'n_estimators': 244, 'max_depth': 3, 'num_leaves': 16, 'learning_rate': 0.15152203000979778, 'subsample': 0.6551660007450526, 'colsample_bytree': 0.7082407533656954, 'min_child_samples': 21, 'reg_alpha': 0.028156791715610006, 'reg_lambda': 0.20450827096805074}. Best is trial 2 with value: 0.0019117023048479426.
[I 2026-06-01 23:24:59,098] Trial 14 finished with value: -0.11532557648978026 and parameters: {'confidence_threshold': 0.8361769397784786, 'training_days': 490, 'n_estimators': 422, 'max_depth': 4, 'num_leaves': 35, 'learning_rate': 0.010733865484948656, 'subsample': 0.878658194230511, 'colsample_bytree': 0.9959348592397881, 'min_child_samples': 44, 'reg_alpha': 0.0004038446729585459, 'reg_lambda': 0.0005136831379360077}. Best is trial 2 with value: 0.0019117023048479426.
[I 2026-06-01 23:24:59,207] Trial 15 finished with value: -0.011771231779182623 and parameters: {'confidence_threshold': 0.5026055290809989, 'training_days': 300, 'n_estimators': 125, 'max_depth': 4, 'num_leaves': 24, 'learning_rate': 0.0419787125797444, 'subsample': 0.6180845387466594, 'colsample_bytree': 0.8873172358830831, 'min_child_samples': 100, 'reg_alpha': 7.209816057093941, 'reg_lambda': 3.5532501480887757}. Best is trial 2 with value: 0.0019117023048479426.
[I 2026-06-01 23:24:59,423] Trial 16 finished with value: -0.004810049132936756 and parameters: {'confidence_threshold': 0.6974122772435224, 'training_days': 390, 'n_estimators': 300, 'max_depth': 3, 'num_leaves': 15, 'learning_rate': 0.019528499757471573, 'subsample': 0.7311916895834284, 'colsample_bytree': 0.7515374857923315, 'min_child_samples': 32, 'reg_alpha': 1.6323832176782968e-06, 'reg_lambda': 0.06037696073607924}. Best is trial 2 with value: 0.0019117023048479426.

  [label] 2022-02-03 00:00 LTCUSDT entry=108.8700 → LONG | long=tp(+14.29%) short=sl(-7.29%) | scanned=10 | long_tp_only
  [label] 2022-05-04 08:00 LTCUSDT entry=102.1800 → SHORT | long=sl(-5.15%) short=tp(+10.00%) | scanned=11 | short_tp_only
  Labels: 1105 long (51.3%), 1048 short (48.7%) | weights: min=1.00, mean=3.55, max=10.00
  Features: 2153/2153 matched, 49 columns
  CV gap: 22 rows
  [ensemble 1/3] seed=42
    [trial 0] 49 features, training_days=480 | threshold=0.631 | labels: 1105 long, 1048 short (51/49%)
    [CV fold 0] train_end=2020-09-22 08:00 | val_start=2020-09-30 00:00 | gap=184h (22 rows)
    [CV fold 1] train_end=2021-01-19 16:00 | val_start=2021-01-27 08:00 | gap=184h (22 rows)
    [CV fold 2] train_end=2021-05-19 00:00 | val_start=2021-05-26 16:00 | gap=184h (22 rows)
    [CV fold 3] train_end=2021-09-15 08:00 | val_start=2021-09-23 00:00 | gap=184h (22 rows)
    [CV fold 4] train_end=2022-01-12 16:00 | val_start=2022-01-20 08:00 | gap=184h (22 rows)
    [trial 0] Sharpe=-0.0608 (folds: -0.1381, -0.2079, 0.0777, -0.0386, 0.0028)
    [trial 1] 49 features, training_days=420 | threshold=0.839 | labels: 1105 long, 1048 short (51/49%)
    [trial 1] Sharpe=-2.3262 (folds: -1.1350, -0.3595, -0.1557, -10.0000, 0.0191)
    [trial 2] 49 features, training_days=190 | threshold=0.602 | labels: 1105 long, 1048 short (51/49%)
    [trial 2] Sharpe=-0.0215 (folds: -0.0647, -0.1919, 0.0983, 0.0153, 0.0356)
    [trial 3] 49 features, training_days=490 | threshold=0.832 | labels: 1105 long, 1048 short (51/49%)
    [trial 3] Sharpe=-0.0248 (folds: -0.1200, -0.1874, 0.0304, 0.0723, 0.0808)
    [trial 4] 49 features, training_days=340 | threshold=0.591 | labels: 1105 long, 1048 short (51/49%)
    [trial 4] Sharpe=-0.0093 (folds: -0.0916, -0.2886, 0.0499, 0.0937, 0.1904)
    [trial 5] 49 features, training_days=50 | threshold=0.823 | labels: 1105 long, 1048 short (51/49%)
    [trial 5] Sharpe=0.1354 (folds: 0.3956, 0.2533, 0.0127, 0.1057, -0.0904)
    [trial 6] 49 features, training_days=410 | threshold=0.549 | labels: 1105 long, 1048 short (51/49%)
    [trial 6] Sharpe=-0.0721 (folds: -0.0841, -0.2938, 0.1378, -0.0450, -0.0752)
    [trial 7] 49 features, training_days=180 | threshold=0.526 | labels: 1105 long, 1048 short (51/49%)
    [trial 7] Sharpe=-0.0314 (folds: -0.0415, -0.2134, 0.1066, 0.0648, -0.0737)
    [trial 8] 49 features, training_days=240 | threshold=0.811 | labels: 1105 long, 1048 short (51/49%)
    [trial 8] Sharpe=-0.0438 (folds: -0.1950, -0.1647, 0.0122, 0.0713, 0.0573)
    [trial 9] 49 features, training_days=20 | threshold=0.538 | labels: 1105 long, 1048 short (51/49%)
    [trial 9] Sharpe=-2.0885 (folds: -0.2637, -0.1356, 0.0234, -0.0667, -10.0000)
    [trial 10] 49 features, training_days=10 | threshold=0.732 | labels: 1105 long, 1048 short (51/49%)
    [trial 10] Sharpe=-2.0424 (folds: -10.0000, -0.1356, 0.0234, 0.0468, -0.1468)
    [trial 11] 49 features, training_days=320 | threshold=0.717 | labels: 1105 long, 1048 short (51/49%)
    [trial 11] Sharpe=-2.0018 (folds: -10.0000, -0.2751, 0.0436, 0.0505, 0.1719)
    [trial 12] 49 features, training_days=310 | threshold=0.664 | labels: 1105 long, 1048 short (51/49%)
    [trial 12] Sharpe=-0.0336 (folds: -0.0963, -0.3294, 0.0291, 0.0604, 0.1681)
    [trial 13] 49 features, training_days=130 | threshold=0.751 | labels: 1105 long, 1048 short (51/49%)
    [trial 13] Sharpe=-0.1451 (folds: -0.5720, -0.1777, -0.2478, 0.2379, 0.0342)
    [trial 14] 49 features, training_days=80 | threshold=0.612 | labels: 1105 long, 1048 short (51/49%)
    [trial 14] Sharpe=-0.0097 (folds: -0.0037, -0.0846, 0.0547, -0.1137, 0.0989)
    [trial 15] 49 features, training_days=320 | threshold=0.777 | labels: 1105 long, 1048 short (51/49%)
    [trial 15] Sharpe=-6.1031 (folds: -10.0000, -0.2569, -0.2586, -10.0000, -10.0000)
    [trial 16] 49 features, training_days=380 | threshold=0.685 | labels: 1105 long, 1048 short (51/49%)
    [trial 16] Sharpe=-0.0049 (folds: -0.1128, -0.0700, 0.0275, 0.0179, 0.1132)
    [trial 17] 49 features, training_days=410 | threshold=0.680 | labels: 1105 long, 1048 short (51/49%)
    [trial 17] Sharpe=-0.0188 (folds: -0.1505, -0.1272, 0.0201, 0.0870, 0.0767)
  Optuna: 18 trials, best Sharpe = 0.1354
  Best params: n_estimators=138, max_depth=3, lr=0.0375, leaves=30
  Best confidence_threshold: 0.823
  Best training_days: 50
  Retrained on full data (150 samples, 49 features)
  [ensemble 2/3] seed=123
    [trial 0] 49 features, training_days=150 | threshold=0.744 | labels: 1105 long, 1048 short (51/49%)
    [CV fold 0] train_end=2020-09-22 08:00 | val_start=2020-09-30 00:00 | gap=184h (22 rows)
    [CV fold 1] train_end=2021-01-19 16:00 | val_start=2021-01-27 08:00 | gap=184h (22 rows)
    [CV fold 2] train_end=2021-05-19 00:00 | val_start=2021-05-26 16:00 | gap=184h (22 rows)
    [CV fold 3] train_end=2021-09-15 08:00 | val_start=2021-09-23 00:00 | gap=184h (22 rows)
    [CV fold 4] train_end=2022-01-12 16:00 | val_start=2022-01-20 08:00 | gap=184h (22 rows)
    [trial 0] Sharpe=-0.1042 (folds: -0.2053, -0.1771, -0.0214, -0.1027, -0.0145)
    [trial 1] 49 features, training_days=220 | threshold=0.755 | labels: 1105 long, 1048 short (51/49%)
    [trial 1] Sharpe=-2.1841 (folds: -10.0000, -0.3032, -0.0754, -0.5448, 0.0027)
    [trial 2] 49 features, training_days=310 | threshold=0.754 | labels: 1105 long, 1048 short (51/49%)
    [trial 2] Sharpe=0.0019 (folds: -0.0902, -0.1138, 0.0296, 0.1108, 0.0731)
    [trial 3] 49 features, training_days=220 | threshold=0.673 | labels: 1105 long, 1048 short (51/49%)
    [trial 3] Sharpe=-0.0039 (folds: -0.0982, -0.0791, 0.1188, -0.0232, 0.0624)
    [trial 4] 49 features, training_days=130 | threshold=0.803 | labels: 1105 long, 1048 short (51/49%)
    [trial 4] Sharpe=-0.0165 (folds: -0.1995, -0.1267, -0.0672, 0.2544, 0.0565)
    [trial 5] 49 features, training_days=210 | threshold=0.606 | labels: 1105 long, 1048 short (51/49%)
    [trial 5] Sharpe=-0.0209 (folds: -0.0936, -0.1020, 0.0408, 0.0224, 0.0281)
    [trial 6] 49 features, training_days=130 | threshold=0.767 | labels: 1105 long, 1048 short (51/49%)
    [trial 6] Sharpe=0.0002 (folds: -0.0852, -0.1979, -0.0078, 0.1728, 0.1188)
    [trial 7] 49 features, training_days=80 | threshold=0.556 | labels: 1105 long, 1048 short (51/49%)
    [trial 7] Sharpe=-0.0719 (folds: -0.1079, 0.1088, -0.1271, -0.1849, -0.0485)
    [trial 8] 49 features, training_days=200 | threshold=0.607 | labels: 1105 long, 1048 short (51/49%)
    [trial 8] Sharpe=-0.0021 (folds: -0.0706, -0.0344, 0.1567, -0.0021, -0.0599)
    [trial 9] 49 features, training_days=260 | threshold=0.620 | labels: 1105 long, 1048 short (51/49%)
    [trial 9] Sharpe=-0.0039 (folds: -0.1761, -0.1040, 0.1148, 0.0593, 0.0867)
    [trial 10] 49 features, training_days=420 | threshold=0.845 | labels: 1105 long, 1048 short (51/49%)
    [trial 10] Sharpe=-0.3315 (folds: -1.0428, -0.3089, 0.0150, -0.2985, -0.0221)
    [trial 11] 49 features, training_days=350 | threshold=0.726 | labels: 1105 long, 1048 short (51/49%)
    [trial 11] Sharpe=-0.0057 (folds: -0.0507, -0.0656, 0.0386, 0.0475, 0.0018)
    [trial 12] 49 features, training_days=330 | threshold=0.689 | labels: 1105 long, 1048 short (51/49%)
    [trial 12] Sharpe=-0.1927 (folds: -0.9913, -0.1283, 0.0529, -0.0752, 0.1786)
    [trial 13] 49 features, training_days=10 | threshold=0.790 | labels: 1105 long, 1048 short (51/49%)
    [trial 13] Sharpe=-2.0424 (folds: -10.0000, -0.1356, 0.0234, 0.0468, -0.1468)
    [trial 14] 49 features, training_days=490 | threshold=0.836 | labels: 1105 long, 1048 short (51/49%)
    [trial 14] Sharpe=-0.1153 (folds: -0.3435, -0.3052, 0.0611, 0.0542, -0.0432)
    [trial 15] 49 features, training_days=300 | threshold=0.503 | labels: 1105 long, 1048 short (51/49%)
    [trial 15] Sharpe=-0.0118 (folds: -0.1076, -0.1814, 0.0516, 0.1000, 0.0786)
    [trial 16] 49 features, training_days=390 | threshold=0.697 | labels: 1105 long, 1048 short (51/49%)
    [trial 16] Sharpe=-0.0048 (folds: -0.1369, -0.1062, 0.0579, 0.0517, 0.1094)
    [trial 17] 49 features, training_days=70 | threshold=0.797 | labels: 1105 long, 1048 short (51/49%)
    [trial 17] Sharpe=0.0257 (folds: -0.0599, 0.0296, -0.0543, 0.0738, 0.1391)[I 2026-06-01 23:24:59,502] Trial 17 finished with value: 0.025688080490245235 and parameters: {'confidence_threshold': 0.7971610233461168, 'training_days': 70, 'n_estimators': 213, 'max_depth': 5, 'num_leaves': 27, 'learning_rate': 0.16956387317771313, 'subsample': 0.955853247677986, 'colsample_bytree': 0.6954644912410044, 'min_child_samples': 52, 'reg_alpha': 1.1757174970758209e-07, 'reg_lambda': 6.536602842883305e-07}. Best is trial 17 with value: 0.025688080490245235.
[I 2026-06-01 23:24:59,602] A new study created in memory with name: no-name-91e27ded-15e2-460f-905a-33e82f92dbfd
[I 2026-06-01 23:24:59,779] Trial 0 finished with value: -0.0026969860090840956 and parameters: {'confidence_threshold': 0.5870645682749857, 'training_days': 90, 'n_estimators': 403, 'max_depth': 5, 'num_leaves': 45, 'learning_rate': 0.0780457193679974, 'subsample': 0.9428509515574568, 'colsample_bytree': 0.8795587339164916, 'min_child_samples': 34, 'reg_alpha': 2.2465901234314442e-07, 'reg_lambda': 8.339007036475363e-05}. Best is trial 0 with value: -0.0026969860090840956.
[I 2026-06-01 23:24:59,903] Trial 1 finished with value: 0.0037230700786654914 and parameters: {'confidence_threshold': 0.6348453934275313, 'training_days': 290, 'n_estimators': 115, 'max_depth': 5, 'num_leaves': 37, 'learning_rate': 0.06949568759029946, 'subsample': 0.8228505074024268, 'colsample_bytree': 0.8616703220431751, 'min_child_samples': 75, 'reg_alpha': 4.2486822725010923e-07, 'reg_lambda': 1.157247767047042e-07}. Best is trial 1 with value: 0.0037230700786654914.
[I 2026-06-01 23:24:59,921] Trial 2 finished with value: -2.0424437380496707 and parameters: {'confidence_threshold': 0.5849570384370288, 'training_days': 10, 'n_estimators': 212, 'max_depth': 3, 'num_leaves': 41, 'learning_rate': 0.18452095998378365, 'subsample': 0.6001060822924371, 'colsample_bytree': 0.5673167293506167, 'min_child_samples': 37, 'reg_alpha': 5.733250064217131, 'reg_lambda': 0.5308454292595461}. Best is trial 1 with value: 0.0037230700786654914.
[I 2026-06-01 23:25:00,006] Trial 3 finished with value: -0.06205564423709039 and parameters: {'confidence_threshold': 0.6868248626683718, 'training_days': 220, 'n_estimators': 134, 'max_depth': 3, 'num_leaves': 45, 'learning_rate': 0.033529007907491595, 'subsample': 0.8647277071858408, 'colsample_bytree': 0.778494116634046, 'min_child_samples': 96, 'reg_alpha': 2.409409937265785e-07, 'reg_lambda': 1.1642073478060009}. Best is trial 1 with value: 0.0037230700786654914.
[I 2026-06-01 23:25:00,100] Trial 4 finished with value: 0.04702777753231775 and parameters: {'confidence_threshold': 0.5623121348350352, 'training_days': 300, 'n_estimators': 69, 'max_depth': 4, 'num_leaves': 32, 'learning_rate': 0.14967629360700346, 'subsample': 0.5054535233636654, 'colsample_bytree': 0.7401385194659216, 'min_child_samples': 27, 'reg_alpha': 1.4212042567426725e-07, 'reg_lambda': 0.23605753701352003}. Best is trial 4 with value: 0.04702777753231775.
[I 2026-06-01 23:25:00,521] Trial 5 finished with value: -0.024521770058374203 and parameters: {'confidence_threshold': 0.7111850244908446, 'training_days': 490, 'n_estimators': 362, 'max_depth': 5, 'num_leaves': 40, 'learning_rate': 0.05960785724162737, 'subsample': 0.5589714368907717, 'colsample_bytree': 0.6659006943232806, 'min_child_samples': 42, 'reg_alpha': 0.6741360303045295, 'reg_lambda': 6.054601607143087e-08}. Best is trial 4 with value: 0.04702777753231775.
[I 2026-06-01 23:25:00,696] Trial 6 finished with value: -0.05596856013607896 and parameters: {'confidence_threshold': 0.667482545748023, 'training_days': 420, 'n_estimators': 279, 'max_depth': 3, 'num_leaves': 45, 'learning_rate': 0.040099592560849204, 'subsample': 0.8563114696415159, 'colsample_bytree': 0.5442917781944105, 'min_child_samples': 50, 'reg_alpha': 1.6407916423707903e-08, 'reg_lambda': 2.935907642973286e-05}. Best is trial 4 with value: 0.04702777753231775.
[I 2026-06-01 23:25:00,842] Trial 7 finished with value: -0.0169901698948319 and parameters: {'confidence_threshold': 0.5497381024139926, 'training_days': 120, 'n_estimators': 408, 'max_depth': 5, 'num_leaves': 38, 'learning_rate': 0.28049122657745795, 'subsample': 0.8806573338635493, 'colsample_bytree': 0.5454054113547102, 'min_child_samples': 63, 'reg_alpha': 0.01263008637940408, 'reg_lambda': 0.04588020805366937}. Best is trial 4 with value: 0.04702777753231775.
[I 2026-06-01 23:25:01,099] Trial 8 finished with value: -0.08706427111403442 and parameters: {'confidence_threshold': 0.719644804808716, 'training_days': 450, 'n_estimators': 410, 'max_depth': 4, 'num_leaves': 57, 'learning_rate': 0.04022026551478857, 'subsample': 0.5336085426932707, 'colsample_bytree': 0.5705742850577543, 'min_child_samples': 100, 'reg_alpha': 5.916398047912201e-07, 'reg_lambda': 0.9794034214488329}. Best is trial 4 with value: 0.04702777753231775.
[I 2026-06-01 23:25:01,121] Trial 9 finished with value: -4.075167726442837 and parameters: {'confidence_threshold': 0.7267463643917187, 'training_days': 20, 'n_estimators': 337, 'max_depth': 5, 'num_leaves': 23, 'learning_rate': 0.022153031811454605, 'subsample': 0.6305627572358737, 'colsample_bytree': 0.6613413774216214, 'min_child_samples': 81, 'reg_alpha': 5.7638634029410314e-08, 'reg_lambda': 8.26603016764008}. Best is trial 4 with value: 0.04702777753231775.
[I 2026-06-01 23:25:01,213] Trial 10 finished with value: 0.024925687138216773 and parameters: {'confidence_threshold': 0.8398533911817929, 'training_days': 320, 'n_estimators': 52, 'max_depth': 4, 'num_leaves': 15, 'learning_rate': 0.1708019296390162, 'subsample': 0.7130289643560688, 'colsample_bytree': 0.9944479338273263, 'min_child_samples': 23, 'reg_alpha': 6.837313901272251e-05, 'reg_lambda': 0.007549769720510555}. Best is trial 4 with value: 0.04702777753231775.
[I 2026-06-01 23:25:01,299] Trial 11 finished with value: -0.013072724111183171 and parameters: {'confidence_threshold': 0.8491135887906174, 'training_days': 330, 'n_estimators': 53, 'max_depth': 4, 'num_leaves': 15, 'learning_rate': 0.1479896125735391, 'subsample': 0.7103077871754093, 'colsample_bytree': 0.9628722124262472, 'min_child_samples': 20, 'reg_alpha': 7.819782027405133e-05, 'reg_lambda': 0.00647465266809438}. Best is trial 4 with value: 0.04702777753231775.
[I 2026-06-01 23:25:01,397] Trial 12 finished with value: 0.02414941393099173 and parameters: {'confidence_threshold': 0.83900033179092, 'training_days': 360, 'n_estimators': 54, 'max_depth': 4, 'num_leaves': 26, 'learning_rate': 0.12411615325331521, 'subsample': 0.7192240704891215, 'colsample_bytree': 0.7600429376871523, 'min_child_samples': 20, 'reg_alpha': 3.8786120004382785e-05, 'reg_lambda': 0.004172853895910727}. Best is trial 4 with value: 0.04702777753231775.
[I 2026-06-01 23:25:01,570] Trial 13 finished with value: -0.0013621625738661075 and parameters: {'confidence_threshold': 0.5040535938350955, 'training_days': 220, 'n_estimators': 178, 'max_depth': 4, 'num_leaves': 28, 'learning_rate': 0.2948941742815317, 'subsample': 0.6573331142956225, 'colsample_bytree': 0.9584932215576711, 'min_child_samples': 27, 'reg_alpha': 0.0029723774918501726, 'reg_lambda': 0.0027474715549855432}. Best is trial 4 with value: 0.04702777753231775.
[I 2026-06-01 23:25:01,975] Trial 14 finished with value: -0.0345703523426283 and parameters: {'confidence_threshold': 0.7723320301796328, 'training_days': 380, 'n_estimators': 500, 'max_depth': 4, 'num_leaves': 15, 'learning_rate': 0.10999309136832844, 'subsample': 0.5024308104942443, 'colsample_bytree': 0.8389669582819941, 'min_child_samples': 53, 'reg_alpha': 8.233832742573219e-06, 'reg_lambda': 1.116326883897629e-05}. Best is trial 4 with value: 0.04702777753231775.
[I 2026-06-01 23:25:02,114] Trial 15 finished with value: -6.249096558961513 and parameters: {'confidence_threshold': 0.7829525506318393, 'training_days': 260, 'n_estimators': 109, 'max_depth': 4, 'num_leaves': 32, 'learning_rate': 0.010035087568537632, 'subsample': 0.7926235889598122, 'colsample_bytree': 0.6847880161419897, 'min_child_samples': 30, 'reg_alpha': 0.0017062003851776037, 'reg_lambda': 0.05437507672617036}. Best is trial 4 with value: 0.04702777753231775.
[I 2026-06-01 23:25:02,272] Trial 16 finished with value: -0.024096880254696484 and parameters: {'confidence_threshold': 0.6310270902204745, 'training_days': 170, 'n_estimators': 227, 'max_depth': 4, 'num_leaves': 55, 'learning_rate': 0.1974459786499432, 'subsample': 0.6777708439292727, 'colsample_bytree': 0.7234472415913319, 'min_child_samples': 45, 'reg_alpha': 7.205688490575754e-06, 'reg_lambda': 0.0005427121664933688}. Best is trial 4 with value: 0.04702777753231775.
