[I 2026-06-01 23:31:05,380] Trial 17 finished with value: 0.19774755116163673 and parameters: {'confidence_threshold': 0.7654686710191587, 'training_days': 500, 'n_estimators': 420, 'max_depth': 4, 'num_leaves': 32, 'learning_rate': 0.04302553031342478, 'subsample': 0.5644746763922303, 'colsample_bytree': 0.6505152466626335, 'min_child_samples': 93, 'reg_alpha': 0.36535044164523967, 'reg_lambda': 7.553997946384269e-07}. Best is trial 11 with value: 0.20876389644241752.

[predict] 2024-10-17 00:00 LTCUSDT → SHORT (proba=0.94 TP=8.8%/SL=4.4%)
[trade:open] 2024-10-17 07:59 LTCUSDT SHORT @ 71.04 | SL=74.15 TP=64.81 | timeout=2024-10-24 07:59
[trade:close] 2024-10-18 07:59 LTCUSDT SHORT → stop_loss @ 74.15 | PnL=-4.38% (net -4.48%) | cum=+121.07% 2024-10=-7.69% 2024-10-18=-4.48%
[predict] 2024-10-20 16:00 LTCUSDT → SHORT (proba=0.88 TP=8.2%/SL=4.1%)
[trade:open] 2024-10-20 23:59 LTCUSDT SHORT @ 74.30 | SL=77.36 TP=68.18 | timeout=2024-10-27 23:59
[trade:close] 2024-10-23 23:59 LTCUSDT SHORT → take_profit @ 68.18 | PnL=+8.23% (net +8.13%) | cum=+129.20% 2024-10=+0.45% 2024-10-23=+8.13%
[predict] 2024-10-25 00:00 LTCUSDT → SHORT (proba=0.75 TP=7.3%/SL=3.6%)
[trade:open] 2024-10-25 07:59 LTCUSDT SHORT @ 71.22 | SL=73.80 TP=66.05 | timeout=2024-11-01 07:59
[trade:close] 2024-10-29 23:59 LTCUSDT SHORT → stop_loss @ 73.80 | PnL=-3.63% (net -3.73%) | cum=+125.47% 2024-10=-3.28% 2024-10-29=-3.73%
[lgbm] === Training for 2024-11 ===
  Train window: 2022-11-01 → 2024-10-24
  2171 training samples from 1 symbols
  Samples per month: 2022-11: 90, 2022-12: 93, 2023-01: 93, 2023-02: 84, 2023-03: 93, 2023-04: 90, 2023-05: 93, 2023-06: 90, 2023-07: 93, 2023-08: 93, 2023-09: 90, 2023-10: 93, 2023-11: 90, 2023-12: 93, 2024-01: 93, 2024-02: 87, 2024-03: 93, 2024-04: 90, 2024-05: 93, 2024-06: 90, 2024-07: 93, 2024-08: 93, 2024-09: 90, 2024-10: 71
  [label] 2023-01-01 16:00 LTCUSDT entry=70.8800 → LONG | long=tp(+7.57%) short=sl(-3.93%) | scanned=1 | long_tp_only
  [label] 2023-01-04 00:00 LTCUSDT entry=76.6400 → LONG | long=sl(-5.06%) short=sl(-5.06%) | scanned=14 | no_tp→fwd_return=+2.6879
  [label] 2023-01-07 16:00 LTCUSDT entry=76.3600 → LONG | long=tp(+8.72%) short=sl(-4.51%) | scanned=4 | long_tp_only
  [label] 2023-02-01 08:00 LTCUSDT entry=94.2100 → LONG | long=timeout(+4.79%) short=sl(-6.01%) | scanned=22 | no_tp→fwd_return=+4.8933
  [label] 2023-03-26 00:00 LTCUSDT entry=93.4300 → LONG | long=sl(-7.61%) short=timeout(-0.87%) | scanned=22 | no_tp→fwd_return=+0.7706
  [label] 2023-09-08 00:00 LTCUSDT entry=63.3300 → SHORT | long=sl(-3.46%) short=tp(+6.61%) | scanned=10 | short_tp_only
  [label] 2023-09-12 00:00 LTCUSDT entry=59.5900 → LONG | long=tp(+9.11%) short=sl(-4.70%) | scanned=11 | long_tp_only
  [label] 2023-09-22 16:00 LTCUSDT entry=64.3200 → LONG | long=timeout(+1.75%) short=timeout(-1.95%) | scanned=22 | no_tp→fwd_return=+1.8501
  [label] 2023-11-06 16:00 LTCUSDT entry=74.5100 → SHORT | long=sl(-4.59%) short=tp(+8.87%) | scanned=9 | short_tp_only
  [label] 2023-11-15 08:00 LTCUSDT entry=72.2400 → SHORT | long=sl(-6.22%) short=timeout(+6.56%) | scanned=22 | no_tp→fwd_return=-6.6584
  [label] 2024-02-13 16:00 LTCUSDT entry=68.9700 → LONG | long=timeout(+0.94%) short=sl(-4.01%) | scanned=22 | no_tp→fwd_return=+1.0439
  [label] 2024-03-16 16:00 LTCUSDT entry=84.1600 → LONG | long=timeout(+1.29%) short=timeout(-1.49%) | scanned=22 | no_tp→fwd_return=+1.3902
  [label] 2024-04-02 00:00 LTCUSDT entry=99.0500 → LONG | long=timeout(+1.05%) short=sl(-9.12%) | scanned=22 | no_tp→fwd_return=+1.1509
  [label] 2024-04-14 16:00 LTCUSDT entry=79.6800 → LONG | long=timeout(+5.47%) short=timeout(-5.67%) | scanned=22 | no_tp→fwd_return=+5.5723
  [label] 2024-05-03 00:00 LTCUSDT entry=79.5000 → LONG | long=timeout(+4.38%) short=sl(-5.75%) | scanned=22 | no_tp→fwd_return=+4.4780
  [label] 2024-05-09 08:00 LTCUSDT entry=81.6700 → LONG | long=timeout(+0.74%) short=timeout(-0.94%) | scanned=22 | no_tp→fwd_return=+0.8449
  [label] 2024-05-21 16:00 LTCUSDT entry=88.2900 → SHORT | long=sl(-3.84%) short=tp(+7.38%) | scanned=6 | short_tp_only
  [label] 2024-06-30 08:00 LTCUSDT entry=74.7000 → SHORT | long=sl(-3.79%) short=tp(+7.27%) | scanned=11 | short_tp_only
  [label] 2024-07-10 00:00 LTCUSDT entry=65.7400 → LONG | long=tp(+11.75%) short=sl(-6.02%) | scanned=19 | long_tp_only
  [label] 2024-10-04 08:00 LTCUSDT entry=64.5100 → LONG | long=timeout(+1.25%) short=sl(-4.68%) | scanned=22 | no_tp→fwd_return=+1.3486
  Labels: 1111 long (51.2%), 1060 short (48.8%) | weights: min=1.00, mean=3.37, max=10.00
  Features: 2171/2171 matched, 49 columns
  CV gap: 22 rows
  [ensemble 1/3] seed=42
    [trial 0] 49 features, training_days=480 | threshold=0.631 | labels: 1111 long, 1060 short (51/49%)
    [CV fold 0] train_end=2023-02-23 08:00 | val_start=2023-03-03 00:00 | gap=184h (22 rows)
    [CV fold 1] train_end=2023-06-23 16:00 | val_start=2023-07-01 08:00 | gap=184h (22 rows)
    [CV fold 2] train_end=2023-10-22 00:00 | val_start=2023-10-29 16:00 | gap=184h (22 rows)
    [CV fold 3] train_end=2024-02-19 08:00 | val_start=2024-02-27 00:00 | gap=184h (22 rows)
    [CV fold 4] train_end=2024-06-18 16:00 | val_start=2024-06-26 08:00 | gap=184h (22 rows)
    [trial 0] Sharpe=0.1209 (folds: 0.1282, 0.0094, -0.0713, 0.2089, 0.3293)
    [trial 1] 49 features, training_days=420 | threshold=0.839 | labels: 1111 long, 1060 short (51/49%)
    [trial 1] Sharpe=-2.0221 (folds: -0.3280, -0.0121, 0.0290, 0.2008, -10.0000)
    [trial 2] 49 features, training_days=190 | threshold=0.602 | labels: 1111 long, 1060 short (51/49%)
    [trial 2] Sharpe=0.0388 (folds: 0.1148, -0.1061, -0.0202, 0.1147, 0.0910)
    [trial 3] 49 features, training_days=490 | threshold=0.832 | labels: 1111 long, 1060 short (51/49%)
    [trial 3] Sharpe=0.1414 (folds: 0.0793, -0.0369, -0.0650, 0.3460, 0.3836)
    [trial 4] 49 features, training_days=340 | threshold=0.591 | labels: 1111 long, 1060 short (51/49%)
    [trial 4] Sharpe=0.1009 (folds: 0.1657, 0.0347, -0.0499, 0.3248, 0.0292)
    [trial 5] 49 features, training_days=50 | threshold=0.823 | labels: 1111 long, 1060 short (51/49%)
    [trial 5] Sharpe=-0.0144 (folds: -0.0161, 0.0067, 0.3737, 0.1203, -0.5568)
    [trial 6] 49 features, training_days=410 | threshold=0.549 | labels: 1111 long, 1060 short (51/49%)
    [trial 6] Sharpe=0.1015 (folds: 0.1551, -0.0043, -0.0913, 0.2873, 0.1609)
    [trial 7] 49 features, training_days=180 | threshold=0.526 | labels: 1111 long, 1060 short (51/49%)
    [trial 7] Sharpe=0.0753 (folds: 0.0683, 0.0603, 0.0143, 0.1749, 0.0587)
    [trial 8] 49 features, training_days=240 | threshold=0.811 | labels: 1111 long, 1060 short (51/49%)
    [trial 8] Sharpe=0.0269 (folds: -0.0362, -0.1195, -0.0913, 0.1106, 0.2709)
    [trial 9] 49 features, training_days=20 | threshold=0.538 | labels: 1111 long, 1060 short (51/49%)
    [trial 9] Sharpe=-2.0658 (folds: -10.0000, -0.2508, 0.0100, 0.1232, -0.2116)
    [trial 10] 49 features, training_days=350 | threshold=0.730 | labels: 1111 long, 1060 short (51/49%)
    [trial 10] Sharpe=0.1006 (folds: 0.0499, -0.0109, 0.0257, 0.2831, 0.1551)
    [trial 11] 49 features, training_days=490 | threshold=0.695 | labels: 1111 long, 1060 short (51/49%)
    [trial 11] Sharpe=0.2088 (folds: 0.1281, -0.0511, -0.0035, 0.4117, 0.5586)
    [trial 12] 49 features, training_days=480 | threshold=0.716 | labels: 1111 long, 1060 short (51/49%)
    [trial 12] Sharpe=0.1624 (folds: -0.0148, 0.0106, -0.0648, 0.3548, 0.5264)
    [trial 13] 49 features, training_days=500 | threshold=0.716 | labels: 1111 long, 1060 short (51/49%)
    [trial 13] Sharpe=0.1824 (folds: -0.0231, 0.0103, -0.0585, 0.4121, 0.5712)
    [trial 14] 49 features, training_days=340 | threshold=0.680 | labels: 1111 long, 1060 short (51/49%)
    [trial 14] Sharpe=0.1057 (folds: -0.0539, -0.0444, 0.0719, 0.3427, 0.2123)
    [trial 15] 49 features, training_days=420 | threshold=0.755 | labels: 1111 long, 1060 short (51/49%)
    [trial 15] Sharpe=0.0959 (folds: -0.0845, -0.0717, -0.0576, 0.2891, 0.4042)
    [trial 16] 49 features, training_days=270 | threshold=0.670 | labels: 1111 long, 1060 short (51/49%)
    [trial 16] Sharpe=0.0885 (folds: 0.0727, -0.0145, 0.0477, 0.1324, 0.2043)
    [trial 17] 49 features, training_days=500 | threshold=0.765 | labels: 1111 long, 1060 short (51/49%)
    [trial 17] Sharpe=0.1977 (folds: 0.1086, 0.0445, -0.0667, 0.3627, 0.5397)
  Optuna: 18 trials, best Sharpe = 0.2088
  Best params: n_estimators=420, max_depth=4, lr=0.0104, leaves=15
  Best confidence_threshold: 0.695
  Best training_days: 490
  Retrained on full data (1470 samples, 49 features)[I 2026-06-01 23:31:05,865] A new study created in memory with name: no-name-67f3fa6b-16dc-4073-958f-61a8acdbbf40
[I 2026-06-01 23:31:05,957] Trial 0 finished with value: 0.058630805487573136 and parameters: {'confidence_threshold': 0.7437642149592516, 'training_days': 150, 'n_estimators': 152, 'max_depth': 4, 'num_leaves': 50, 'learning_rate': 0.04216766425047743, 'subsample': 0.9903820991923078, 'colsample_bytree': 0.8424148692924316, 'min_child_samples': 58, 'reg_alpha': 3.381097259762742e-05, 'reg_lambda': 1.2263152961306247e-05}. Best is trial 0 with value: 0.058630805487573136.
[I 2026-06-01 23:31:06,036] Trial 1 finished with value: 0.14811579053320592 and parameters: {'confidence_threshold': 0.7551673975844145, 'training_days': 220, 'n_estimators': 76, 'max_depth': 4, 'num_leaves': 51, 'learning_rate': 0.018602118810743477, 'subsample': 0.5877258780737462, 'colsample_bytree': 0.7657756869209191, 'min_child_samples': 63, 'reg_alpha': 0.005123994170264194, 'reg_lambda': 0.44145470178120466}. Best is trial 1 with value: 0.14811579053320592.
[I 2026-06-01 23:31:06,298] Trial 2 finished with value: 0.08035093960585835 and parameters: {'confidence_threshold': 0.7535593637012223, 'training_days': 310, 'n_estimators': 375, 'max_depth': 3, 'num_leaves': 32, 'learning_rate': 0.021735641882032388, 'subsample': 0.6468570231944146, 'colsample_bytree': 0.8154880619272439, 'min_child_samples': 27, 'reg_alpha': 8.004064028491336e-05, 'reg_lambda': 7.546835261630524e-05}. Best is trial 1 with value: 0.14811579053320592.
[I 2026-06-01 23:31:06,476] Trial 3 finished with value: 0.014619811075305075 and parameters: {'confidence_threshold': 0.6727897841776072, 'training_days': 220, 'n_estimators': 190, 'max_depth': 4, 'num_leaves': 58, 'learning_rate': 0.24810689332636193, 'subsample': 0.7509183379421682, 'colsample_bytree': 0.8119764758960556, 'min_child_samples': 29, 'reg_alpha': 7.1708285081421445e-06, 'reg_lambda': 5.412973582738627e-05}. Best is trial 1 with value: 0.14811579053320592.
[I 2026-06-01 23:31:06,603] Trial 4 finished with value: 0.01686884966742559 and parameters: {'confidence_threshold': 0.803208205259178, 'training_days': 130, 'n_estimators': 267, 'max_depth': 5, 'num_leaves': 40, 'learning_rate': 0.08041175317374143, 'subsample': 0.5603143329951619, 'colsample_bytree': 0.9131704002534167, 'min_child_samples': 68, 'reg_alpha': 0.0008046593428183385, 'reg_lambda': 1.2158346158765583e-05}. Best is trial 1 with value: 0.14811579053320592.
[I 2026-06-01 23:31:06,858] Trial 5 finished with value: 0.04822542288895572 and parameters: {'confidence_threshold': 0.6064422761595144, 'training_days': 210, 'n_estimators': 357, 'max_depth': 5, 'num_leaves': 40, 'learning_rate': 0.0974221287220869, 'subsample': 0.7929682762811064, 'colsample_bytree': 0.8124517510478, 'min_child_samples': 74, 'reg_alpha': 0.3811377260781234, 'reg_lambda': 5.607314238392041e-08}. Best is trial 1 with value: 0.14811579053320592.
[I 2026-06-01 23:31:06,985] Trial 6 finished with value: -0.023657549318061744 and parameters: {'confidence_threshold': 0.7672889945051684, 'training_days': 130, 'n_estimators': 137, 'max_depth': 4, 'num_leaves': 19, 'learning_rate': 0.2031117614248665, 'subsample': 0.8136244860256343, 'colsample_bytree': 0.8617081790949774, 'min_child_samples': 21, 'reg_alpha': 0.002238138278733199, 'reg_lambda': 0.001025809534977322}. Best is trial 1 with value: 0.14811579053320592.
[I 2026-06-01 23:31:07,063] Trial 7 finished with value: 0.05119367958924126 and parameters: {'confidence_threshold': 0.555635875450653, 'training_days': 80, 'n_estimators': 363, 'max_depth': 3, 'num_leaves': 48, 'learning_rate': 0.06590089024008658, 'subsample': 0.6944752870615722, 'colsample_bytree': 0.962566244806993, 'min_child_samples': 88, 'reg_alpha': 1.6465620446426067e-05, 'reg_lambda': 2.4678750890085655e-08}. Best is trial 1 with value: 0.14811579053320592.
[I 2026-06-01 23:31:07,420] Trial 8 finished with value: 0.032377155311017106 and parameters: {'confidence_threshold': 0.6066688256938841, 'training_days': 200, 'n_estimators': 367, 'max_depth': 5, 'num_leaves': 32, 'learning_rate': 0.13377519215934996, 'subsample': 0.7965884582811106, 'colsample_bytree': 0.8458508993500886, 'min_child_samples': 32, 'reg_alpha': 3.889436043816386e-05, 'reg_lambda': 1.4713062489380356e-06}. Best is trial 1 with value: 0.14811579053320592.
[I 2026-06-01 23:31:07,658] Trial 9 finished with value: 0.1030013113948601 and parameters: {'confidence_threshold': 0.6202096049169137, 'training_days': 260, 'n_estimators': 350, 'max_depth': 3, 'num_leaves': 21, 'learning_rate': 0.02989540198065364, 'subsample': 0.8307821683331218, 'colsample_bytree': 0.923253112635361, 'min_child_samples': 64, 'reg_alpha': 0.4898604619604203, 'reg_lambda': 2.9076377687066166e-05}. Best is trial 1 with value: 0.14811579053320592.
[I 2026-06-01 23:31:08,125] Trial 10 finished with value: -1.9276627818079972 and parameters: {'confidence_threshold': 0.8445241688507242, 'training_days': 470, 'n_estimators': 493, 'max_depth': 4, 'num_leaves': 63, 'learning_rate': 0.010221918552934462, 'subsample': 0.5019190721168774, 'colsample_bytree': 0.6202684210924141, 'min_child_samples': 47, 'reg_alpha': 2.371385268938747e-08, 'reg_lambda': 1.7987349911222597}. Best is trial 1 with value: 0.14811579053320592.
[I 2026-06-01 23:31:08,205] Trial 11 finished with value: 0.11388163646243595 and parameters: {'confidence_threshold': 0.6840516532713735, 'training_days': 340, 'n_estimators': 51, 'max_depth': 3, 'num_leaves': 20, 'learning_rate': 0.02635018020655549, 'subsample': 0.9151757641258503, 'colsample_bytree': 0.6755027260490409, 'min_child_samples': 50, 'reg_alpha': 6.114661601749046, 'reg_lambda': 0.02357411399604653}. Best is trial 1 with value: 0.14811579053320592.
[I 2026-06-01 23:31:08,287] Trial 12 finished with value: -5.927623132709556 and parameters: {'confidence_threshold': 0.7005919488712828, 'training_days': 360, 'n_estimators': 51, 'max_depth': 3, 'num_leaves': 15, 'learning_rate': 0.01513839365153443, 'subsample': 0.92991693404731, 'colsample_bytree': 0.6669454130036883, 'min_child_samples': 47, 'reg_alpha': 6.210448045058425, 'reg_lambda': 0.168807828988439}. Best is trial 1 with value: 0.14811579053320592.
[I 2026-06-01 23:31:08,364] Trial 13 finished with value: 0.13145688377290696 and parameters: {'confidence_threshold': 0.6743774127714263, 'training_days': 400, 'n_estimators': 53, 'max_depth': 3, 'num_leaves': 28, 'learning_rate': 0.0344508200910293, 'subsample': 0.8882869054454436, 'colsample_bytree': 0.7082407533656954, 'min_child_samples': 82, 'reg_alpha': 0.021636393574886337, 'reg_lambda': 0.013171734888796855}. Best is trial 1 with value: 0.14811579053320592.
[I 2026-06-01 23:31:08,510] Trial 14 finished with value: 0.10103495126451476 and parameters: {'confidence_threshold': 0.5166805703527768, 'training_days': 450, 'n_estimators': 133, 'max_depth': 4, 'num_leaves': 30, 'learning_rate': 0.04074110489853438, 'subsample': 0.6522384243407336, 'colsample_bytree': 0.5123493209330536, 'min_child_samples': 96, 'reg_alpha': 0.016435092915656313, 'reg_lambda': 0.005043831522460927}. Best is trial 1 with value: 0.14811579053320592.
[I 2026-06-01 23:31:08,549] Trial 15 finished with value: -4.0904931683652 and parameters: {'confidence_threshold': 0.7120586202773722, 'training_days': 20, 'n_estimators': 230, 'max_depth': 4, 'num_leaves': 49, 'learning_rate': 0.015822972608509588, 'subsample': 0.581276687416762, 'colsample_bytree': 0.732340434627677, 'min_child_samples': 83, 'reg_alpha': 0.02839933371520006, 'reg_lambda': 4.928381067218864}. Best is trial 1 with value: 0.14811579053320592.
[I 2026-06-01 23:31:08,657] Trial 16 finished with value: 0.12466844823453145 and parameters: {'confidence_threshold': 0.6477177898527966, 'training_days': 430, 'n_estimators': 92, 'max_depth': 3, 'num_leaves': 55, 'learning_rate': 0.04411745251085453, 'subsample': 0.8868474056204897, 'colsample_bytree': 0.7158318224997116, 'min_child_samples': 81, 'reg_alpha': 6.373578189017545e-07, 'reg_lambda': 0.3248084542528772}. Best is trial 1 with value: 0.14811579053320592.
[I 2026-06-01 23:31:08,788] Trial 17 finished with value: -10.0 and parameters: {'confidence_threshold': 0.8128009197751815, 'training_days': 410, 'n_estimators': 96, 'max_depth': 5, 'num_leaves': 45, 'learning_rate': 0.010814701350713005, 'subsample': 0.7237445829888742, 'colsample_bytree': 0.5764669138179265, 'min_child_samples': 99, 'reg_alpha': 0.012464019606339236, 'reg_lambda': 0.016336499543442008}. Best is trial 1 with value: 0.14811579053320592.
[I 2026-06-01 23:31:09,315] A new study created in memory with name: no-name-1f11df8b-dddd-4483-965a-71ddca04f4d4
[I 2026-06-01 23:31:09,541] Trial 0 finished with value: 0.0622760877744349 and parameters: {'confidence_threshold': 0.5870645682749857, 'training_days': 90, 'n_estimators': 403, 'max_depth': 5, 'num_leaves': 45, 'learning_rate': 0.0780457193679974, 'subsample': 0.9428509515574568, 'colsample_bytree': 0.8795587339164916, 'min_child_samples': 34, 'reg_alpha': 2.2465901234314442e-07, 'reg_lambda': 8.339007036475363e-05}. Best is trial 0 with value: 0.0622760877744349.
[I 2026-06-01 23:31:09,678] Trial 1 finished with value: 0.08330026360285438 and parameters: {'confidence_threshold': 0.6348453934275313, 'training_days': 290, 'n_estimators': 115, 'max_depth': 5, 'num_leaves': 37, 'learning_rate': 0.06949568759029946, 'subsample': 0.8228505074024268, 'colsample_bytree': 0.8616703220431751, 'min_child_samples': 75, 'reg_alpha': 4.2486822725010923e-07, 'reg_lambda': 1.157247767047042e-07}. Best is trial 1 with value: 0.08330026360285438.
[I 2026-06-01 23:31:09,703] Trial 2 finished with value: -0.011526528727479734 and parameters: {'confidence_threshold': 0.5849570384370288, 'training_days': 10, 'n_estimators': 212, 'max_depth': 3, 'num_leaves': 41, 'learning_rate': 0.18452095998378365, 'subsample': 0.6001060822924371, 'colsample_bytree': 0.5673167293506167, 'min_child_samples': 37, 'reg_alpha': 5.733250064217131, 'reg_lambda': 0.5308454292595461}. Best is trial 1 with value: 0.08330026360285438.
[I 2026-06-01 23:31:09,800] Trial 3 finished with value: 0.07597376388950686 and parameters: {'confidence_threshold': 0.6868248626683718, 'training_days': 220, 'n_estimators': 134, 'max_depth': 3, 'num_leaves': 45, 'learning_rate': 0.033529007907491595, 'subsample': 0.8647277071858408, 'colsample_bytree': 0.778494116634046, 'min_child_samples': 96, 'reg_alpha': 2.409409937265785e-07, 'reg_lambda': 1.1642073478060009}. Best is trial 1 with value: 0.08330026360285438.
[I 2026-06-01 23:31:09,908] Trial 4 finished with value: 0.05061416438527673 and parameters: {'confidence_threshold': 0.5623121348350352, 'training_days': 300, 'n_estimators': 69, 'max_depth': 4, 'num_leaves': 32, 'learning_rate': 0.14967629360700346, 'subsample': 0.5054535233636654, 'colsample_bytree': 0.7401385194659216, 'min_child_samples': 27, 'reg_alpha': 1.4212042567426725e-07, 'reg_lambda': 0.23605753701352003}. Best is trial 1 with value: 0.08330026360285438.
[I 2026-06-01 23:31:10,362] Trial 5 finished with value: 0.12683847189654035 and parameters: {'confidence_threshold': 0.7111850244908446, 'training_days': 490, 'n_estimators': 362, 'max_depth': 5, 'num_leaves': 40, 'learning_rate': 0.05960785724162737, 'subsample': 0.5589714368907717, 'colsample_bytree': 0.6659006943232806, 'min_child_samples': 42, 'reg_alpha': 0.6741360303045295, 'reg_lambda': 6.054601607143087e-08}. Best is trial 5 with value: 0.12683847189654035.
[I 2026-06-01 23:31:10,587] Trial 6 finished with value: 0.09493795705192225 and parameters: {'confidence_threshold': 0.667482545748023, 'training_days': 420, 'n_estimators': 279, 'max_depth': 3, 'num_leaves': 45, 'learning_rate': 0.040099592560849204, 'subsample': 0.8563114696415159, 'colsample_bytree': 0.5442917781944105, 'min_child_samples': 50, 'reg_alpha': 1.6407916423707903e-08, 'reg_lambda': 2.935907642973286e-05}. Best is trial 5 with value: 0.12683847189654035.
[I 2026-06-01 23:31:10,771] Trial 7 finished with value: 0.04657319730362457 and parameters: {'confidence_threshold': 0.5497381024139926, 'training_days': 120, 'n_estimators': 408, 'max_depth': 5, 'num_leaves': 38, 'learning_rate': 0.28049122657745795, 'subsample': 0.8806573338635493, 'colsample_bytree': 0.5454054113547102, 'min_child_samples': 63, 'reg_alpha': 0.01263008637940408, 'reg_lambda': 0.04588020805366937}. Best is trial 5 with value: 0.12683847189654035.
[I 2026-06-01 23:31:11,099] Trial 8 finished with value: 0.18089685513245976 and parameters: {'confidence_threshold': 0.719644804808716, 'training_days': 450, 'n_estimators': 410, 'max_depth': 4, 'num_leaves': 57, 'learning_rate': 0.04022026551478857, 'subsample': 0.5336085426932707, 'colsample_bytree': 0.5705742850577543, 'min_child_samples': 100, 'reg_alpha': 5.916398047912201e-07, 'reg_lambda': 0.9794034214488329}. Best is trial 8 with value: 0.18089685513245976.
