[I 2026-06-01 23:27:16,083] Trial 9 finished with value: -0.006280586114974432 and parameters: {'confidence_threshold': 0.6202096049169137, 'training_days': 260, 'n_estimators': 350, 'max_depth': 3, 'num_leaves': 21, 'learning_rate': 0.02989540198065364, 'subsample': 0.8307821683331218, 'colsample_bytree': 0.923253112635361, 'min_child_samples': 64, 'reg_alpha': 0.4898604619604203, 'reg_lambda': 2.9076377687066166e-05}. Best is trial 5 with value: 0.06092608176285441.
[I 2026-06-01 23:27:16,533] Trial 10 finished with value: 0.015765241931150982 and parameters: {'confidence_threshold': 0.5342665212695602, 'training_days': 470, 'n_estimators': 493, 'max_depth': 5, 'num_leaves': 63, 'learning_rate': 0.010221918552934462, 'subsample': 0.9166551855891288, 'colsample_bytree': 0.6202684210924141, 'min_child_samples': 99, 'reg_alpha': 2.371385268938747e-08, 'reg_lambda': 8.795022395727933e-08}. Best is trial 5 with value: 0.06092608176285441.

  [label] 2022-06-17 00:00 LTCUSDT entry=47.3900 → LONG | long=timeout(+17.08%) short=sl(-13.76%) | scanned=22 | no_tp→fwd_return=+17.1766
  [label] 2022-09-15 00:00 LTCUSDT entry=60.2100 → SHORT | long=sl(-7.85%) short=tp(+15.41%) | scanned=12 | short_tp_only
  [label] 2022-10-16 16:00 LTCUSDT entry=51.3900 → LONG | long=sl(-3.72%) short=sl(-3.72%) | scanned=21 | no_tp→fwd_return=+5.0594
  [label] 2022-11-01 16:00 LTCUSDT entry=55.0600 → LONG | long=tp(+8.65%) short=sl(-4.48%) | scanned=2 | long_tp_only
  [label] 2022-11-14 00:00 LTCUSDT entry=57.4600 → LONG | long=timeout(+5.61%) short=sl(-11.59%) | scanned=22 | no_tp→fwd_return=+5.7083
  [label] 2022-12-02 16:00 LTCUSDT entry=77.8600 → SHORT | long=timeout(-2.12%) short=sl(-7.13%) | scanned=22 | no_tp→fwd_return=-2.0164
  [label] 2022-12-08 16:00 LTCUSDT entry=78.2200 → SHORT | long=sl(-6.25%) short=timeout(+7.33%) | scanned=22 | no_tp→fwd_return=-7.4278
  [label] 2022-12-21 00:00 LTCUSDT entry=64.9900 → LONG | long=timeout(+3.81%) short=sl(-6.51%) | scanned=22 | no_tp→fwd_return=+3.9083
  [label] 2023-01-29 08:00 LTCUSDT entry=95.3500 → LONG | long=sl(-5.15%) short=sl(-5.15%) | scanned=10 | no_tp→fwd_return=+5.3382
  [label] 2023-02-08 00:00 LTCUSDT entry=101.4900 → SHORT | long=sl(-4.86%) short=tp(+9.43%) | scanned=5 | short_tp_only
  [label] 2023-05-04 08:00 LTCUSDT entry=87.6900 → SHORT | long=sl(-4.39%) short=tp(+8.48%) | scanned=11 | short_tp_only
  Labels: 1096 long (50.9%), 1057 short (49.1%) | weights: min=1.00, mean=3.52, max=10.00
  Features: 2153/2153 matched, 49 columns
  CV gap: 22 rows
  [ensemble 1/3] seed=42
    [trial 0] 49 features, training_days=480 | threshold=0.631 | labels: 1096 long, 1057 short (51/49%)
    [CV fold 0] train_end=2021-09-22 08:00 | val_start=2021-09-30 00:00 | gap=184h (22 rows)
    [CV fold 1] train_end=2022-01-19 16:00 | val_start=2022-01-27 08:00 | gap=184h (22 rows)
    [CV fold 2] train_end=2022-05-24 00:00 | val_start=2022-05-31 16:00 | gap=184h (22 rows)
    [CV fold 3] train_end=2022-09-20 08:00 | val_start=2022-09-28 00:00 | gap=184h (22 rows)
    [CV fold 4] train_end=2023-01-17 16:00 | val_start=2023-01-25 08:00 | gap=184h (22 rows)
    [trial 0] Sharpe=-0.0148 (folds: -0.1270, 0.0399, -0.0826, 0.0447, 0.0510)
    [trial 1] 49 features, training_days=420 | threshold=0.839 | labels: 1096 long, 1057 short (51/49%)
    [trial 1] Sharpe=-3.9520 (folds: 0.0109, 0.1204, 0.1088, -10.0000, -10.0000)
    [trial 2] 49 features, training_days=190 | threshold=0.602 | labels: 1096 long, 1057 short (51/49%)
    [trial 2] Sharpe=0.0277 (folds: -0.0196, 0.0737, -0.1047, 0.1365, 0.0527)
    [trial 3] 49 features, training_days=490 | threshold=0.832 | labels: 1096 long, 1057 short (51/49%)
    [trial 3] Sharpe=0.0601 (folds: 0.0148, 0.1365, -0.0703, 0.0669, 0.1528)
    [trial 4] 49 features, training_days=340 | threshold=0.591 | labels: 1096 long, 1057 short (51/49%)
    [trial 4] Sharpe=-0.0279 (folds: -0.1931, 0.0125, -0.0571, 0.0596, 0.0385)
    [trial 5] 49 features, training_days=50 | threshold=0.823 | labels: 1096 long, 1057 short (51/49%)
    [trial 5] Sharpe=-0.3252 (folds: -0.1383, -0.2211, -0.1223, -0.8799, -0.2646)
    [trial 6] 49 features, training_days=410 | threshold=0.549 | labels: 1096 long, 1057 short (51/49%)
    [trial 6] Sharpe=0.0039 (folds: 0.0064, 0.0078, -0.1069, 0.0529, 0.0594)
    [trial 7] 49 features, training_days=180 | threshold=0.526 | labels: 1096 long, 1057 short (51/49%)
    [trial 7] Sharpe=-0.0515 (folds: -0.0519, 0.0694, -0.1732, -0.1671, 0.0653)
    [trial 8] 49 features, training_days=240 | threshold=0.811 | labels: 1096 long, 1057 short (51/49%)
    [trial 8] Sharpe=0.0301 (folds: -0.0753, 0.1243, -0.0555, 0.0183, 0.1385)
    [trial 9] 49 features, training_days=20 | threshold=0.538 | labels: 1096 long, 1057 short (51/49%)
    [trial 9] Sharpe=-0.0499 (folds: 0.1003, 0.1573, -0.1667, -0.3719, 0.0316)
    [trial 10] 49 features, training_days=350 | threshold=0.730 | labels: 1096 long, 1057 short (51/49%)
    [trial 10] Sharpe=0.0080 (folds: -0.0065, 0.1068, -0.0750, -0.0799, 0.0946)
    [trial 11] 49 features, training_days=240 | threshold=0.762 | labels: 1096 long, 1057 short (51/49%)
    [trial 11] Sharpe=0.0489 (folds: 0.0015, 0.0873, -0.0991, 0.0255, 0.2293)
    [trial 12] 49 features, training_days=120 | threshold=0.735 | labels: 1096 long, 1057 short (51/49%)
    [trial 12] Sharpe=0.0303 (folds: -0.0603, 0.1083, -0.0563, 0.1972, -0.0372)
    [trial 13] 49 features, training_days=300 | threshold=0.751 | labels: 1096 long, 1057 short (51/49%)
    [trial 13] Sharpe=-0.0250 (folds: -0.0418, 0.1127, -0.0740, -0.1952, 0.0733)
    [trial 14] 49 features, training_days=500 | threshold=0.787 | labels: 1096 long, 1057 short (51/49%)
    [trial 14] Sharpe=0.0494 (folds: -0.0063, 0.1775, -0.0999, 0.1082, 0.0674)
    [trial 15] 49 features, training_days=500 | threshold=0.672 | labels: 1096 long, 1057 short (51/49%)
    [trial 15] Sharpe=0.0274 (folds: 0.0034, 0.0809, -0.0715, 0.0897, 0.0347)
    [trial 16] 49 features, training_days=410 | threshold=0.785 | labels: 1096 long, 1057 short (51/49%)
    [trial 16] Sharpe=0.0471 (folds: 0.1116, 0.1596, -0.1072, -0.1302, 0.2017)
    [trial 17] 49 features, training_days=450 | threshold=0.707 | labels: 1096 long, 1057 short (51/49%)
    [trial 17] Sharpe=0.0158 (folds: -0.1572, 0.0064, -0.0229, 0.2613, -0.0084)
  Optuna: 18 trials, best Sharpe = 0.0601
  Best params: n_estimators=414, max_depth=3, lr=0.1025, leaves=19
  Best confidence_threshold: 0.832
  Best training_days: 490
  Retrained on full data (1455 samples, 49 features)
  [ensemble 2/3] seed=123
    [trial 0] 49 features, training_days=150 | threshold=0.744 | labels: 1096 long, 1057 short (51/49%)
    [CV fold 0] train_end=2021-09-22 08:00 | val_start=2021-09-30 00:00 | gap=184h (22 rows)
    [CV fold 1] train_end=2022-01-19 16:00 | val_start=2022-01-27 08:00 | gap=184h (22 rows)
    [CV fold 2] train_end=2022-05-24 00:00 | val_start=2022-05-31 16:00 | gap=184h (22 rows)
    [CV fold 3] train_end=2022-09-20 08:00 | val_start=2022-09-28 00:00 | gap=184h (22 rows)
    [CV fold 4] train_end=2023-01-17 16:00 | val_start=2023-01-25 08:00 | gap=184h (22 rows)
    [trial 0] Sharpe=0.0291 (folds: -0.0827, 0.1398, -0.0333, 0.0682, 0.0533)
    [trial 1] 49 features, training_days=220 | threshold=0.755 | labels: 1096 long, 1057 short (51/49%)
    [trial 1] Sharpe=-4.0973 (folds: -0.2982, -0.2088, 0.0206, -10.0000, -10.0000)
    [trial 2] 49 features, training_days=310 | threshold=0.754 | labels: 1096 long, 1057 short (51/49%)
    [trial 2] Sharpe=-0.0135 (folds: -0.0220, 0.0592, -0.1409, -0.1026, 0.1389)
    [trial 3] 49 features, training_days=220 | threshold=0.673 | labels: 1096 long, 1057 short (51/49%)
    [trial 3] Sharpe=0.0039 (folds: -0.0082, 0.0638, -0.0692, -0.0245, 0.0578)
    [trial 4] 49 features, training_days=130 | threshold=0.803 | labels: 1096 long, 1057 short (51/49%)
    [trial 4] Sharpe=0.0571 (folds: 0.0107, 0.1942, -0.0719, 0.1986, -0.0460)
    [trial 5] 49 features, training_days=210 | threshold=0.606 | labels: 1096 long, 1057 short (51/49%)
    [trial 5] Sharpe=0.0609 (folds: 0.0333, 0.1132, -0.1099, 0.1466, 0.1214)
    [trial 6] 49 features, training_days=130 | threshold=0.767 | labels: 1096 long, 1057 short (51/49%)
    [trial 6] Sharpe=0.0036 (folds: -0.0409, 0.0989, -0.1100, 0.0987, -0.0285)
    [trial 7] 49 features, training_days=80 | threshold=0.556 | labels: 1096 long, 1057 short (51/49%)
    [trial 7] Sharpe=0.0376 (folds: -0.1236, 0.0745, -0.0282, 0.2627, 0.0024)
    [trial 8] 49 features, training_days=200 | threshold=0.607 | labels: 1096 long, 1057 short (51/49%)
    [trial 8] Sharpe=-0.0258 (folds: -0.0364, 0.0332, -0.1092, -0.0209, 0.0045)
    [trial 9] 49 features, training_days=260 | threshold=0.620 | labels: 1096 long, 1057 short (51/49%)
    [trial 9] Sharpe=-0.0063 (folds: -0.0457, 0.0927, -0.0800, -0.0213, 0.0230)
    [trial 10] 49 features, training_days=470 | threshold=0.534 | labels: 1096 long, 1057 short (51/49%)
    [trial 10] Sharpe=0.0158 (folds: -0.0890, 0.0535, -0.0536, 0.0858, 0.0822)
    [trial 11] 49 features, training_days=30 | threshold=0.837 | labels: 1096 long, 1057 short (51/49%)[I 2026-06-01 23:27:16,576] Trial 11 finished with value: -7.993682762440535 and parameters: {'confidence_threshold': 0.8371297552840329, 'training_days': 30, 'n_estimators': 257, 'max_depth': 5, 'num_leaves': 41, 'learning_rate': 0.08620962876293897, 'subsample': 0.5082312939353781, 'colsample_bytree': 0.6778283959364831, 'min_child_samples': 78, 'reg_alpha': 5.742247406700029, 'reg_lambda': 3.0890940776164647e-07}. Best is trial 5 with value: 0.06092608176285441.
[I 2026-06-01 23:27:16,871] Trial 12 finished with value: -0.0051214263749381345 and parameters: {'confidence_threshold': 0.830632524875604, 'training_days': 350, 'n_estimators': 252, 'max_depth': 5, 'num_leaves': 37, 'learning_rate': 0.11145343850561013, 'subsample': 0.5325573395575733, 'colsample_bytree': 0.5201164353688423, 'min_child_samples': 49, 'reg_alpha': 0.05982161197147965, 'reg_lambda': 0.004900624401170164}. Best is trial 5 with value: 0.06092608176285441.
[I 2026-06-01 23:27:16,912] Trial 13 finished with value: -1.9869917455685744 and parameters: {'confidence_threshold': 0.6676681644376227, 'training_days': 10, 'n_estimators': 475, 'max_depth': 5, 'num_leaves': 43, 'learning_rate': 0.06238073720474572, 'subsample': 0.6646667164893812, 'colsample_bytree': 0.9141095054883511, 'min_child_samples': 77, 'reg_alpha': 3.791617543006215e-07, 'reg_lambda': 1.147897733478235e-08}. Best is trial 5 with value: 0.06092608176285441.
[I 2026-06-01 23:27:17,044] Trial 14 finished with value: 0.04627717169657749 and parameters: {'confidence_threshold': 0.5988142951252462, 'training_days': 110, 'n_estimators': 301, 'max_depth': 5, 'num_leaves': 28, 'learning_rate': 0.17769396482476296, 'subsample': 0.878228037179165, 'colsample_bytree': 0.9928858122524122, 'min_child_samples': 76, 'reg_alpha': 0.06278179284163313, 'reg_lambda': 1.2040892181185422e-06}. Best is trial 5 with value: 0.06092608176285441.
[I 2026-06-01 23:27:17,285] Trial 15 finished with value: -0.036943440428294935 and parameters: {'confidence_threshold': 0.5026055290809989, 'training_days': 320, 'n_estimators': 436, 'max_depth': 5, 'num_leaves': 37, 'learning_rate': 0.10148335946983397, 'subsample': 0.7380920620367895, 'colsample_bytree': 0.708590135992375, 'min_child_samples': 46, 'reg_alpha': 9.10451542836944, 'reg_lambda': 0.01942522303509738}. Best is trial 5 with value: 0.06092608176285441.
[I 2026-06-01 23:27:17,546] Trial 16 finished with value: 0.06422343553328484 and parameters: {'confidence_threshold': 0.7116287081182576, 'training_days': 440, 'n_estimators': 303, 'max_depth': 4, 'num_leaves': 25, 'learning_rate': 0.04734750546511042, 'subsample': 0.5824016374699942, 'colsample_bytree': 0.9030944729916079, 'min_child_samples': 91, 'reg_alpha': 0.0012965912917037414, 'reg_lambda': 2.6714354389164435e-06}. Best is trial 16 with value: 0.06422343553328484.
[I 2026-06-01 23:27:17,895] Trial 17 finished with value: 0.02134123304906611 and parameters: {'confidence_threshold': 0.7083504317363137, 'training_days': 490, 'n_estimators': 429, 'max_depth': 4, 'num_leaves': 15, 'learning_rate': 0.04328203603084898, 'subsample': 0.6209120563811834, 'colsample_bytree': 0.7608015240036585, 'min_child_samples': 100, 'reg_alpha': 0.031339913113165224, 'reg_lambda': 1.1543785125457142e-06}. Best is trial 16 with value: 0.06422343553328484.
[I 2026-06-01 23:27:18,217] A new study created in memory with name: no-name-1064d94b-10aa-401a-9997-f41b169c24cc
[I 2026-06-01 23:27:18,421] Trial 0 finished with value: 0.019699258252005337 and parameters: {'confidence_threshold': 0.5870645682749857, 'training_days': 90, 'n_estimators': 403, 'max_depth': 5, 'num_leaves': 45, 'learning_rate': 0.0780457193679974, 'subsample': 0.9428509515574568, 'colsample_bytree': 0.8795587339164916, 'min_child_samples': 34, 'reg_alpha': 2.2465901234314442e-07, 'reg_lambda': 8.339007036475363e-05}. Best is trial 0 with value: 0.019699258252005337.
[I 2026-06-01 23:27:18,548] Trial 1 finished with value: -0.01191295061189819 and parameters: {'confidence_threshold': 0.6348453934275313, 'training_days': 290, 'n_estimators': 115, 'max_depth': 5, 'num_leaves': 37, 'learning_rate': 0.06949568759029946, 'subsample': 0.8228505074024268, 'colsample_bytree': 0.8616703220431751, 'min_child_samples': 75, 'reg_alpha': 4.2486822725010923e-07, 'reg_lambda': 1.157247767047042e-07}. Best is trial 0 with value: 0.019699258252005337.
[I 2026-06-01 23:27:18,574] Trial 2 finished with value: -1.9869917455685744 and parameters: {'confidence_threshold': 0.5849570384370288, 'training_days': 10, 'n_estimators': 212, 'max_depth': 3, 'num_leaves': 41, 'learning_rate': 0.18452095998378365, 'subsample': 0.6001060822924371, 'colsample_bytree': 0.5673167293506167, 'min_child_samples': 37, 'reg_alpha': 5.733250064217131, 'reg_lambda': 0.5308454292595461}. Best is trial 0 with value: 0.019699258252005337.
[I 2026-06-01 23:27:18,671] Trial 3 finished with value: 0.0024337960791763424 and parameters: {'confidence_threshold': 0.6868248626683718, 'training_days': 220, 'n_estimators': 134, 'max_depth': 3, 'num_leaves': 45, 'learning_rate': 0.033529007907491595, 'subsample': 0.8647277071858408, 'colsample_bytree': 0.778494116634046, 'min_child_samples': 96, 'reg_alpha': 2.409409937265785e-07, 'reg_lambda': 1.1642073478060009}. Best is trial 0 with value: 0.019699258252005337.
[I 2026-06-01 23:27:18,785] Trial 4 finished with value: -0.003249459084777067 and parameters: {'confidence_threshold': 0.5623121348350352, 'training_days': 300, 'n_estimators': 69, 'max_depth': 4, 'num_leaves': 32, 'learning_rate': 0.14967629360700346, 'subsample': 0.5054535233636654, 'colsample_bytree': 0.7401385194659216, 'min_child_samples': 27, 'reg_alpha': 1.4212042567426725e-07, 'reg_lambda': 0.23605753701352003}. Best is trial 0 with value: 0.019699258252005337.
[I 2026-06-01 23:27:19,329] Trial 5 finished with value: 0.02095691909659044 and parameters: {'confidence_threshold': 0.7111850244908446, 'training_days': 490, 'n_estimators': 362, 'max_depth': 5, 'num_leaves': 40, 'learning_rate': 0.05960785724162737, 'subsample': 0.5589714368907717, 'colsample_bytree': 0.6659006943232806, 'min_child_samples': 42, 'reg_alpha': 0.6741360303045295, 'reg_lambda': 6.054601607143087e-08}. Best is trial 5 with value: 0.02095691909659044.
[I 2026-06-01 23:27:19,555] Trial 6 finished with value: 0.02665896466005007 and parameters: {'confidence_threshold': 0.667482545748023, 'training_days': 420, 'n_estimators': 279, 'max_depth': 3, 'num_leaves': 45, 'learning_rate': 0.040099592560849204, 'subsample': 0.8563114696415159, 'colsample_bytree': 0.5442917781944105, 'min_child_samples': 50, 'reg_alpha': 1.6407916423707903e-08, 'reg_lambda': 2.935907642973286e-05}. Best is trial 6 with value: 0.02665896466005007.
[I 2026-06-01 23:27:19,730] Trial 7 finished with value: 0.042063020649164305 and parameters: {'confidence_threshold': 0.5497381024139926, 'training_days': 120, 'n_estimators': 408, 'max_depth': 5, 'num_leaves': 38, 'learning_rate': 0.28049122657745795, 'subsample': 0.8806573338635493, 'colsample_bytree': 0.5454054113547102, 'min_child_samples': 63, 'reg_alpha': 0.01263008637940408, 'reg_lambda': 0.04588020805366937}. Best is trial 7 with value: 0.042063020649164305.
[I 2026-06-01 23:27:20,025] Trial 8 finished with value: 0.0751517192115873 and parameters: {'confidence_threshold': 0.719644804808716, 'training_days': 450, 'n_estimators': 410, 'max_depth': 4, 'num_leaves': 57, 'learning_rate': 0.04022026551478857, 'subsample': 0.5336085426932707, 'colsample_bytree': 0.5705742850577543, 'min_child_samples': 100, 'reg_alpha': 5.916398047912201e-07, 'reg_lambda': 0.9794034214488329}. Best is trial 8 with value: 0.0751517192115873.
[I 2026-06-01 23:27:20,054] Trial 9 finished with value: -6.068058955362362 and parameters: {'confidence_threshold': 0.7267463643917187, 'training_days': 20, 'n_estimators': 337, 'max_depth': 5, 'num_leaves': 23, 'learning_rate': 0.022153031811454605, 'subsample': 0.6305627572358737, 'colsample_bytree': 0.6613413774216214, 'min_child_samples': 81, 'reg_alpha': 5.7638634029410314e-08, 'reg_lambda': 8.26603016764008}. Best is trial 8 with value: 0.0751517192115873.
[I 2026-06-01 23:27:20,439] Trial 10 finished with value: 0.12645413278155232 and parameters: {'confidence_threshold': 0.8283920119574972, 'training_days': 400, 'n_estimators': 485, 'max_depth': 4, 'num_leaves': 63, 'learning_rate': 0.011927505552849117, 'subsample': 0.7130289643560688, 'colsample_bytree': 0.9944479338273263, 'min_child_samples': 100, 'reg_alpha': 5.0239970328459277e-05, 'reg_lambda': 0.0028438774509831773}. Best is trial 10 with value: 0.12645413278155232.
[I 2026-06-01 23:27:20,842] Trial 11 finished with value: -1.9181346122402023 and parameters: {'confidence_threshold': 0.8431920368994753, 'training_days': 400, 'n_estimators': 478, 'max_depth': 4, 'num_leaves': 61, 'learning_rate': 0.010033528037260202, 'subsample': 0.6988002958677881, 'colsample_bytree': 0.9628722124262472, 'min_child_samples': 100, 'reg_alpha': 5.263694533895985e-05, 'reg_lambda': 0.0038935771291352755}. Best is trial 10 with value: 0.12645413278155232.
[I 2026-06-01 23:27:21,277] Trial 12 finished with value: 0.025145192466129312 and parameters: {'confidence_threshold': 0.8097987051847976, 'training_days': 500, 'n_estimators': 490, 'max_depth': 4, 'num_leaves': 63, 'learning_rate': 0.010255894610795194, 'subsample': 0.7221629666626523, 'colsample_bytree': 0.9826583982594713, 'min_child_samples': 85, 'reg_alpha': 3.0366481742941654e-05, 'reg_lambda': 0.004296708263438564}. Best is trial 10 with value: 0.12645413278155232.
[I 2026-06-01 23:27:21,656] Trial 13 finished with value: 0.05767204387833451 and parameters: {'confidence_threshold': 0.7816058724683576, 'training_days': 380, 'n_estimators': 460, 'max_depth': 4, 'num_leaves': 55, 'learning_rate': 0.022288911069178467, 'subsample': 0.6579625638812568, 'colsample_bytree': 0.6447899325131485, 'min_child_samples': 90, 'reg_alpha': 7.878830334327086e-06, 'reg_lambda': 2.40762900337199e-06}. Best is trial 10 with value: 0.12645413278155232.
[I 2026-06-01 23:27:22,063] Trial 14 finished with value: 0.034887978014604866 and parameters: {'confidence_threshold': 0.7723320301796328, 'training_days': 350, 'n_estimators': 421, 'max_depth': 4, 'num_leaves': 56, 'learning_rate': 0.017194613433650342, 'subsample': 0.7851487748866213, 'colsample_bytree': 0.7921009662363301, 'min_child_samples': 70, 'reg_alpha': 0.0011974137492144529, 'reg_lambda': 0.002581220236445855}. Best is trial 10 with value: 0.12645413278155232.
[I 2026-06-01 23:27:22,387] Trial 15 finished with value: -3.9688738921654605 and parameters: {'confidence_threshold': 0.8493338160351337, 'training_days': 450, 'n_estimators': 309, 'max_depth': 4, 'num_leaves': 54, 'learning_rate': 0.015619876150658204, 'subsample': 0.5095075980971637, 'colsample_bytree': 0.8969483796563855, 'min_child_samples': 100, 'reg_alpha': 4.04321024284604e-06, 'reg_lambda': 0.03623737012795942}. Best is trial 10 with value: 0.12645413278155232.
[I 2026-06-01 23:27:22,630] Trial 16 finished with value: 0.04903837836177216 and parameters: {'confidence_threshold': 0.7496213499887445, 'training_days': 240, 'n_estimators': 229, 'max_depth': 4, 'num_leaves': 51, 'learning_rate': 0.10453455536288413, 'subsample': 0.7543865421398536, 'colsample_bytree': 0.6082416040432931, 'min_child_samples': 55, 'reg_alpha': 0.0031466051727642714, 'reg_lambda': 5.90594587354815}. Best is trial 10 with value: 0.12645413278155232.
