[I 2026-06-01 23:33:13,058] Trial 9 finished with value: -0.023795424251271836 and parameters: {'confidence_threshold': 0.6202096049169137, 'training_days': 260, 'n_estimators': 350, 'max_depth': 3, 'num_leaves': 21, 'learning_rate': 0.02989540198065364, 'subsample': 0.8307821683331218, 'colsample_bytree': 0.923253112635361, 'min_child_samples': 64, 'reg_alpha': 0.4898604619604203, 'reg_lambda': 2.9076377687066166e-05}. Best is trial 1 with value: 0.05610849125613541.
[I 2026-06-01 23:33:13,529] Trial 10 finished with value: 0.06690679055908831 and parameters: {'confidence_threshold': 0.8445241688507242, 'training_days': 470, 'n_estimators': 493, 'max_depth': 4, 'num_leaves': 63, 'learning_rate': 0.010221918552934462, 'subsample': 0.5019190721168774, 'colsample_bytree': 0.6202684210924141, 'min_child_samples': 47, 'reg_alpha': 2.371385268938747e-08, 'reg_lambda': 1.7987349911222597}. Best is trial 10 with value: 0.06690679055908831.
[I 2026-06-01 23:33:14,031] Trial 11 finished with value: 0.05624437331374547 and parameters: {'confidence_threshold': 0.8371297552840329, 'training_days': 480, 'n_estimators': 493, 'max_depth': 4, 'num_leaves': 63, 'learning_rate': 0.010535067237031154, 'subsample': 0.5082312939353781, 'colsample_bytree': 0.625107197757402, 'min_child_samples': 47, 'reg_alpha': 1.0529589035799712e-08, 'reg_lambda': 2.2589911631542003}. Best is trial 10 with value: 0.06690679055908831.
[I 2026-06-01 23:33:14,523] Trial 12 finished with value: 0.04526931938458674 and parameters: {'confidence_threshold': 0.830632524875604, 'training_days': 500, 'n_estimators': 499, 'max_depth': 4, 'num_leaves': 63, 'learning_rate': 0.010201143194486034, 'subsample': 0.5172176338346133, 'colsample_bytree': 0.5773925919454104, 'min_child_samples': 45, 'reg_alpha': 1.3450797333889757e-08, 'reg_lambda': 3.4309645602811933}. Best is trial 10 with value: 0.06690679055908831.
[I 2026-06-01 23:33:15,002] Trial 13 finished with value: 0.06215617744577086 and parameters: {'confidence_threshold': 0.8319880314934806, 'training_days': 500, 'n_estimators': 475, 'max_depth': 4, 'num_leaves': 63, 'learning_rate': 0.010533478929525117, 'subsample': 0.5019824557515645, 'colsample_bytree': 0.6239217506299629, 'min_child_samples': 46, 'reg_alpha': 1.2418618155563554e-08, 'reg_lambda': 0.029696564609662805}. Best is trial 10 with value: 0.06690679055908831.
[I 2026-06-01 23:33:15,320] Trial 14 finished with value: 0.0029021879586786647 and parameters: {'confidence_threshold': 0.6968624890517784, 'training_days': 400, 'n_estimators': 442, 'max_depth': 3, 'num_leaves': 56, 'learning_rate': 0.01645102485501106, 'subsample': 0.6148787147180652, 'colsample_bytree': 0.6620601929960136, 'min_child_samples': 45, 'reg_alpha': 2.886975654176598e-07, 'reg_lambda': 0.012322382205702547}. Best is trial 10 with value: 0.06690679055908831.
[I 2026-06-01 23:33:15,591] Trial 15 finished with value: 0.025958077030980065 and parameters: {'confidence_threshold': 0.5026055290809989, 'training_days': 400, 'n_estimators': 436, 'max_depth': 4, 'num_leaves': 56, 'learning_rate': 0.037392478764815176, 'subsample': 0.9296279388562269, 'colsample_bytree': 0.5093920150666754, 'min_child_samples': 100, 'reg_alpha': 5.011892081220446e-07, 'reg_lambda': 0.05138157439645094}. Best is trial 10 with value: 0.06690679055908831.
[I 2026-06-01 23:33:15,916] Trial 16 finished with value: 0.012607803058161449 and parameters: {'confidence_threshold': 0.7977997514765708, 'training_days': 430, 'n_estimators': 279, 'max_depth': 5, 'num_leaves': 45, 'learning_rate': 0.0142468201984381, 'subsample': 0.6705072097045393, 'colsample_bytree': 0.6982877056862742, 'min_child_samples': 52, 'reg_alpha': 4.346939460499519e-07, 'reg_lambda': 0.017741265132700145}. Best is trial 10 with value: 0.06690679055908831.
[I 2026-06-01 23:33:16,305] Trial 17 finished with value: 0.018422212778920637 and parameters: {'confidence_threshold': 0.7110519736587814, 'training_days': 330, 'n_estimators': 432, 'max_depth': 4, 'num_leaves': 59, 'learning_rate': 0.02985024780159564, 'subsample': 0.5573561929325529, 'colsample_bytree': 0.5573432434060188, 'min_child_samples': 38, 'reg_alpha': 7.674043559465562e-08, 'reg_lambda': 0.17882282702888586}. Best is trial 10 with value: 0.06690679055908831.
[I 2026-06-01 23:33:16,897] A new study created in memory with name: no-name-d91d9f6e-73bb-4297-8799-246ca246b771

    [CV fold 1] train_end=2024-03-22 16:00 | val_start=2024-03-30 08:00 | gap=184h (22 rows)
    [CV fold 2] train_end=2024-07-21 00:00 | val_start=2024-07-28 16:00 | gap=184h (22 rows)
    [CV fold 3] train_end=2024-11-18 08:00 | val_start=2024-11-26 00:00 | gap=184h (22 rows)
    [CV fold 4] train_end=2025-03-18 16:00 | val_start=2025-03-26 08:00 | gap=184h (22 rows)
    [trial 0] Sharpe=-0.0413 (folds: -0.0500, 0.0763, 0.0656, -0.0707, -0.2278)
    [trial 1] 49 features, training_days=420 | threshold=0.839 | labels: 1103 long, 1068 short (51/49%)
    [trial 1] Sharpe=-1.8437 (folds: 0.2644, 0.0591, 0.4188, 0.0391, -10.0000)
    [trial 2] 49 features, training_days=190 | threshold=0.602 | labels: 1103 long, 1068 short (51/49%)
    [trial 2] Sharpe=-0.0278 (folds: -0.0408, 0.0232, 0.0264, -0.1095, -0.0384)
    [trial 3] 49 features, training_days=490 | threshold=0.832 | labels: 1103 long, 1068 short (51/49%)
    [trial 3] Sharpe=0.0091 (folds: 0.0485, 0.1422, 0.0703, -0.0023, -0.2134)
    [trial 4] 49 features, training_days=340 | threshold=0.591 | labels: 1103 long, 1068 short (51/49%)
    [trial 4] Sharpe=-0.0120 (folds: 0.2009, 0.1129, -0.0390, -0.1207, -0.2140)
    [trial 5] 49 features, training_days=50 | threshold=0.823 | labels: 1103 long, 1068 short (51/49%)
    [trial 5] Sharpe=-0.0057 (folds: 0.1284, 0.0284, -0.0120, -0.1691, -0.0043)
    [trial 6] 49 features, training_days=410 | threshold=0.549 | labels: 1103 long, 1068 short (51/49%)
    [trial 6] Sharpe=-0.0365 (folds: -0.0154, 0.1093, -0.0071, -0.1152, -0.1540)
    [trial 7] 49 features, training_days=180 | threshold=0.526 | labels: 1103 long, 1068 short (51/49%)
    [trial 7] Sharpe=-0.0293 (folds: 0.0161, 0.0829, 0.0285, -0.1148, -0.1594)
    [trial 8] 49 features, training_days=240 | threshold=0.811 | labels: 1103 long, 1068 short (51/49%)
    [trial 8] Sharpe=-0.0001 (folds: 0.0610, 0.1344, -0.0105, -0.0353, -0.1501)
    [trial 9] 49 features, training_days=20 | threshold=0.538 | labels: 1103 long, 1068 short (51/49%)
    [trial 9] Sharpe=-0.0470 (folds: -0.1209, -0.1844, 0.2397, -0.1148, -0.0549)
    [trial 10] 49 features, training_days=350 | threshold=0.730 | labels: 1103 long, 1068 short (51/49%)
    [trial 10] Sharpe=0.0297 (folds: 0.0921, 0.1362, -0.0509, 0.0435, -0.0725)
    [trial 11] 49 features, training_days=330 | threshold=0.736 | labels: 1103 long, 1068 short (51/49%)
    [trial 11] Sharpe=0.0267 (folds: 0.0918, 0.1267, -0.0249, 0.0246, -0.0847)
    [trial 12] 49 features, training_days=320 | threshold=0.724 | labels: 1103 long, 1068 short (51/49%)
    [trial 12] Sharpe=0.0452 (folds: 0.1041, 0.1058, 0.0209, 0.0607, -0.0657)
    [trial 13] 49 features, training_days=320 | threshold=0.714 | labels: 1103 long, 1068 short (51/49%)
    [trial 13] Sharpe=0.0491 (folds: 0.0907, 0.1252, -0.0093, 0.0560, -0.0171)
    [trial 14] 49 features, training_days=290 | threshold=0.717 | labels: 1103 long, 1068 short (51/49%)
    [trial 14] Sharpe=0.0377 (folds: 0.0998, 0.1178, -0.0132, 0.0386, -0.0547)
    [trial 15] 49 features, training_days=120 | threshold=0.674 | labels: 1103 long, 1068 short (51/49%)
    [trial 15] Sharpe=0.0030 (folds: 0.0731, 0.1381, -0.0858, -0.1183, 0.0080)
    [trial 16] 49 features, training_days=260 | threshold=0.768 | labels: 1103 long, 1068 short (51/49%)
    [trial 16] Sharpe=0.0066 (folds: 0.0831, 0.1303, -0.1152, -0.0279, -0.0373)
    [trial 17] 49 features, training_days=400 | threshold=0.676 | labels: 1103 long, 1068 short (51/49%)
    [trial 17] Sharpe=-0.0106 (folds: 0.0720, 0.1614, 0.0032, -0.0186, -0.2710)
  Optuna: 18 trials, best Sharpe = 0.0491
  Best params: n_estimators=500, max_depth=4, lr=0.2935, leaves=62
  Best confidence_threshold: 0.714
  Best training_days: 320
  Retrained on full data (960 samples, 49 features)
  [ensemble 2/3] seed=123
    [trial 0] 49 features, training_days=150 | threshold=0.744 | labels: 1103 long, 1068 short (51/49%)
    [CV fold 0] train_end=2023-11-23 08:00 | val_start=2023-12-01 00:00 | gap=184h (22 rows)
    [CV fold 1] train_end=2024-03-22 16:00 | val_start=2024-03-30 08:00 | gap=184h (22 rows)
    [CV fold 2] train_end=2024-07-21 00:00 | val_start=2024-07-28 16:00 | gap=184h (22 rows)
    [CV fold 3] train_end=2024-11-18 08:00 | val_start=2024-11-26 00:00 | gap=184h (22 rows)
    [CV fold 4] train_end=2025-03-18 16:00 | val_start=2025-03-26 08:00 | gap=184h (22 rows)
    [trial 0] Sharpe=0.0066 (folds: 0.0231, 0.0917, 0.0524, -0.1039, -0.0303)
    [trial 1] 49 features, training_days=220 | threshold=0.755 | labels: 1103 long, 1068 short (51/49%)
    [trial 1] Sharpe=0.0561 (folds: 0.4780, -0.0009, 0.0904, -0.0849, -0.2020)
    [trial 2] 49 features, training_days=310 | threshold=0.754 | labels: 1103 long, 1068 short (51/49%)
    [trial 2] Sharpe=0.0050 (folds: 0.0994, 0.1144, 0.0976, -0.0959, -0.1907)
    [trial 3] 49 features, training_days=220 | threshold=0.673 | labels: 1103 long, 1068 short (51/49%)
    [trial 3] Sharpe=0.0330 (folds: 0.0874, 0.1589, -0.0206, -0.0763, 0.0158)
    [trial 4] 49 features, training_days=130 | threshold=0.803 | labels: 1103 long, 1068 short (51/49%)
    [trial 4] Sharpe=-0.0103 (folds: 0.0334, 0.1314, -0.1391, -0.0750, -0.0023)
    [trial 5] 49 features, training_days=210 | threshold=0.606 | labels: 1103 long, 1068 short (51/49%)
    [trial 5] Sharpe=-0.0081 (folds: 0.0374, 0.1053, -0.0679, -0.0637, -0.0513)
    [trial 6] 49 features, training_days=130 | threshold=0.767 | labels: 1103 long, 1068 short (51/49%)
    [trial 6] Sharpe=0.0231 (folds: 0.1123, 0.1632, -0.0243, -0.1149, -0.0210)
    [trial 7] 49 features, training_days=80 | threshold=0.556 | labels: 1103 long, 1068 short (51/49%)
    [trial 7] Sharpe=0.0514 (folds: 0.2689, 0.1166, 0.1559, -0.1079, -0.1765)
    [trial 8] 49 features, training_days=200 | threshold=0.607 | labels: 1103 long, 1068 short (51/49%)
    [trial 8] Sharpe=-0.0134 (folds: 0.0760, 0.0955, -0.1188, -0.1065, -0.0130)
    [trial 9] 49 features, training_days=260 | threshold=0.620 | labels: 1103 long, 1068 short (51/49%)
    [trial 9] Sharpe=-0.0238 (folds: -0.0102, 0.0953, -0.0842, -0.0869, -0.0328)
    [trial 10] 49 features, training_days=470 | threshold=0.845 | labels: 1103 long, 1068 short (51/49%)
    [trial 10] Sharpe=0.0669 (folds: 0.2463, 0.1110, 0.3587, 0.0071, -0.3886)
    [trial 11] 49 features, training_days=480 | threshold=0.837 | labels: 1103 long, 1068 short (51/49%)
    [trial 11] Sharpe=0.0562 (folds: 0.2255, 0.1117, 0.2890, -0.0028, -0.3423)
    [trial 12] 49 features, training_days=500 | threshold=0.831 | labels: 1103 long, 1068 short (51/49%)
    [trial 12] Sharpe=0.0453 (folds: 0.2262, 0.1413, 0.3318, 0.0407, -0.5137)
    [trial 13] 49 features, training_days=500 | threshold=0.832 | labels: 1103 long, 1068 short (51/49%)
    [trial 13] Sharpe=0.0622 (folds: 0.2315, 0.1506, 0.2380, 0.0407, -0.3500)
    [trial 14] 49 features, training_days=400 | threshold=0.697 | labels: 1103 long, 1068 short (51/49%)
    [trial 14] Sharpe=0.0029 (folds: 0.0776, 0.1434, 0.0315, -0.0720, -0.1660)
    [trial 15] 49 features, training_days=400 | threshold=0.503 | labels: 1103 long, 1068 short (51/49%)
    [trial 15] Sharpe=0.0260 (folds: 0.0951, 0.0842, -0.0077, -0.0738, 0.0320)
    [trial 16] 49 features, training_days=430 | threshold=0.798 | labels: 1103 long, 1068 short (51/49%)
    [trial 16] Sharpe=0.0126 (folds: 0.1962, 0.1059, 0.3117, -0.0117, -0.5391)
    [trial 17] 49 features, training_days=330 | threshold=0.711 | labels: 1103 long, 1068 short (51/49%)
    [trial 17] Sharpe=0.0184 (folds: 0.1129, 0.1098, 0.0384, -0.0249, -0.1440)
  Optuna: 18 trials, best Sharpe = 0.0669
  Best params: n_estimators=493, max_depth=4, lr=0.0102, leaves=63
  Best confidence_threshold: 0.845
  Best training_days: 470
  Retrained on full data (1410 samples, 49 features)
  [ensemble 3/3] seed=456
    [trial 0] 49 features, training_days=90 | threshold=0.587 | labels: 1103 long, 1068 short (51/49%)
    [CV fold 0] train_end=2023-11-23 08:00 | val_start=2023-12-01 00:00 | gap=184h (22 rows)
    [CV fold 1] train_end=2024-03-22 16:00 | val_start=2024-03-30 08:00 | gap=184h (22 rows)
    [CV fold 2] train_end=2024-07-21 00:00 | val_start=2024-07-28 16:00 | gap=184h (22 rows)[I 2026-06-01 23:33:17,090] Trial 0 finished with value: -0.02649251290559021 and parameters: {'confidence_threshold': 0.5870645682749857, 'training_days': 90, 'n_estimators': 403, 'max_depth': 5, 'num_leaves': 45, 'learning_rate': 0.0780457193679974, 'subsample': 0.9428509515574568, 'colsample_bytree': 0.8795587339164916, 'min_child_samples': 34, 'reg_alpha': 2.2465901234314442e-07, 'reg_lambda': 8.339007036475363e-05}. Best is trial 0 with value: -0.02649251290559021.
[I 2026-06-01 23:33:17,199] Trial 1 finished with value: -0.01574498718577782 and parameters: {'confidence_threshold': 0.6348453934275313, 'training_days': 290, 'n_estimators': 115, 'max_depth': 5, 'num_leaves': 37, 'learning_rate': 0.06949568759029946, 'subsample': 0.8228505074024268, 'colsample_bytree': 0.8616703220431751, 'min_child_samples': 75, 'reg_alpha': 4.2486822725010923e-07, 'reg_lambda': 1.157247767047042e-07}. Best is trial 1 with value: -0.01574498718577782.
[I 2026-06-01 23:33:17,218] Trial 2 finished with value: -0.008974393768097572 and parameters: {'confidence_threshold': 0.5849570384370288, 'training_days': 10, 'n_estimators': 212, 'max_depth': 3, 'num_leaves': 41, 'learning_rate': 0.18452095998378365, 'subsample': 0.6001060822924371, 'colsample_bytree': 0.5673167293506167, 'min_child_samples': 37, 'reg_alpha': 5.733250064217131, 'reg_lambda': 0.5308454292595461}. Best is trial 2 with value: -0.008974393768097572.
[I 2026-06-01 23:33:17,292] Trial 3 finished with value: 0.052954208960970736 and parameters: {'confidence_threshold': 0.6868248626683718, 'training_days': 220, 'n_estimators': 134, 'max_depth': 3, 'num_leaves': 45, 'learning_rate': 0.033529007907491595, 'subsample': 0.8647277071858408, 'colsample_bytree': 0.778494116634046, 'min_child_samples': 96, 'reg_alpha': 2.409409937265785e-07, 'reg_lambda': 1.1642073478060009}. Best is trial 3 with value: 0.052954208960970736.
[I 2026-06-01 23:33:17,381] Trial 4 finished with value: 9.672983096637445e-05 and parameters: {'confidence_threshold': 0.5623121348350352, 'training_days': 300, 'n_estimators': 69, 'max_depth': 4, 'num_leaves': 32, 'learning_rate': 0.14967629360700346, 'subsample': 0.5054535233636654, 'colsample_bytree': 0.7401385194659216, 'min_child_samples': 27, 'reg_alpha': 1.4212042567426725e-07, 'reg_lambda': 0.23605753701352003}. Best is trial 3 with value: 0.052954208960970736.
[I 2026-06-01 23:33:17,808] Trial 5 finished with value: -0.008979556380162753 and parameters: {'confidence_threshold': 0.7111850244908446, 'training_days': 490, 'n_estimators': 362, 'max_depth': 5, 'num_leaves': 40, 'learning_rate': 0.05960785724162737, 'subsample': 0.5589714368907717, 'colsample_bytree': 0.6659006943232806, 'min_child_samples': 42, 'reg_alpha': 0.6741360303045295, 'reg_lambda': 6.054601607143087e-08}. Best is trial 3 with value: 0.052954208960970736.
[I 2026-06-01 23:33:18,004] Trial 6 finished with value: 0.008955206327356333 and parameters: {'confidence_threshold': 0.667482545748023, 'training_days': 420, 'n_estimators': 279, 'max_depth': 3, 'num_leaves': 45, 'learning_rate': 0.040099592560849204, 'subsample': 0.8563114696415159, 'colsample_bytree': 0.5442917781944105, 'min_child_samples': 50, 'reg_alpha': 1.6407916423707903e-08, 'reg_lambda': 2.935907642973286e-05}. Best is trial 3 with value: 0.052954208960970736.
[I 2026-06-01 23:33:18,170] Trial 7 finished with value: -0.002475398401645931 and parameters: {'confidence_threshold': 0.5497381024139926, 'training_days': 120, 'n_estimators': 408, 'max_depth': 5, 'num_leaves': 38, 'learning_rate': 0.28049122657745795, 'subsample': 0.8806573338635493, 'colsample_bytree': 0.5454054113547102, 'min_child_samples': 63, 'reg_alpha': 0.01263008637940408, 'reg_lambda': 0.04588020805366937}. Best is trial 3 with value: 0.052954208960970736.
[I 2026-06-01 23:33:18,463] Trial 8 finished with value: 0.037663931927106924 and parameters: {'confidence_threshold': 0.719644804808716, 'training_days': 450, 'n_estimators': 410, 'max_depth': 4, 'num_leaves': 57, 'learning_rate': 0.04022026551478857, 'subsample': 0.5336085426932707, 'colsample_bytree': 0.5705742850577543, 'min_child_samples': 100, 'reg_alpha': 5.916398047912201e-07, 'reg_lambda': 0.9794034214488329}. Best is trial 3 with value: 0.052954208960970736.
[I 2026-06-01 23:33:18,495] Trial 9 finished with value: -8.022951664767337 and parameters: {'confidence_threshold': 0.7267463643917187, 'training_days': 20, 'n_estimators': 337, 'max_depth': 5, 'num_leaves': 23, 'learning_rate': 0.022153031811454605, 'subsample': 0.6305627572358737, 'colsample_bytree': 0.6613413774216214, 'min_child_samples': 81, 'reg_alpha': 5.7638634029410314e-08, 'reg_lambda': 8.26603016764008}. Best is trial 3 with value: 0.052954208960970736.
[I 2026-06-01 23:33:18,609] Trial 10 finished with value: -3.989986344553855 and parameters: {'confidence_threshold': 0.8283920119574972, 'training_days': 200, 'n_estimators': 181, 'max_depth': 3, 'num_leaves': 62, 'learning_rate': 0.011579281028220855, 'subsample': 0.7130289643560688, 'colsample_bytree': 0.9944479338273263, 'min_child_samples': 100, 'reg_alpha': 6.837313901272251e-05, 'reg_lambda': 0.0027253228209330924}. Best is trial 3 with value: 0.052954208960970736.
[I 2026-06-01 23:33:18,972] Trial 11 finished with value: 0.015300585592390458 and parameters: {'confidence_threshold': 0.7766282449189577, 'training_days': 380, 'n_estimators': 478, 'max_depth': 4, 'num_leaves': 58, 'learning_rate': 0.029354876456257728, 'subsample': 0.7459055835274097, 'colsample_bytree': 0.8016610248739169, 'min_child_samples': 100, 'reg_alpha': 1.7335570554886207e-05, 'reg_lambda': 7.067893525937578}. Best is trial 3 with value: 0.052954208960970736.
[I 2026-06-01 23:33:19,240] Trial 12 finished with value: 0.048122205038340304 and parameters: {'confidence_threshold': 0.7449212105048096, 'training_days': 200, 'n_estimators': 490, 'max_depth': 4, 'num_leaves': 54, 'learning_rate': 0.01924681962976845, 'subsample': 0.9912016966112274, 'colsample_bytree': 0.6646287431572568, 'min_child_samples': 85, 'reg_alpha': 8.85890496668e-06, 'reg_lambda': 0.0043762371699676405}. Best is trial 3 with value: 0.052954208960970736.
[I 2026-06-01 23:33:19,505] Trial 13 finished with value: 0.061473629243166475 and parameters: {'confidence_threshold': 0.7956637805967407, 'training_days': 200, 'n_estimators': 494, 'max_depth': 4, 'num_leaves': 52, 'learning_rate': 0.013893880554546854, 'subsample': 0.9814243437154605, 'colsample_bytree': 0.6937220943884248, 'min_child_samples': 83, 'reg_alpha': 8.465942575614097e-06, 'reg_lambda': 0.005128891358078169}. Best is trial 13 with value: 0.061473629243166475.
[I 2026-06-01 23:33:19,634] Trial 14 finished with value: -4.0122159123767185 and parameters: {'confidence_threshold': 0.8471159637695522, 'training_days': 210, 'n_estimators': 192, 'max_depth': 3, 'num_leaves': 50, 'learning_rate': 0.010900413065404149, 'subsample': 0.9294526207842858, 'colsample_bytree': 0.7447275431365677, 'min_child_samples': 70, 'reg_alpha': 0.0005061136429986853, 'reg_lambda': 0.009281147587996258}. Best is trial 13 with value: 0.061473629243166475.
[I 2026-06-01 23:33:19,749] Trial 15 finished with value: 0.07355914312696799 and parameters: {'confidence_threshold': 0.7861069482567808, 'training_days': 130, 'n_estimators': 274, 'max_depth': 3, 'num_leaves': 27, 'learning_rate': 0.016698045525166766, 'subsample': 0.9952375899618838, 'colsample_bytree': 0.8144377937283438, 'min_child_samples': 88, 'reg_alpha': 0.002133995302102601, 'reg_lambda': 2.582339790441249e-06}. Best is trial 15 with value: 0.07355914312696799.
[I 2026-06-01 23:33:19,846] Trial 16 finished with value: -0.08530644590673495 and parameters: {'confidence_threshold': 0.7874178237398304, 'training_days': 110, 'n_estimators': 272, 'max_depth': 4, 'num_leaves': 15, 'learning_rate': 0.016459704929242987, 'subsample': 0.9856472124962254, 'colsample_bytree': 0.9373223525891455, 'min_child_samples': 86, 'reg_alpha': 0.0036991964421060736, 'reg_lambda': 3.178317487349024e-06}. Best is trial 15 with value: 0.07355914312696799.
