[I 2026-06-01 23:26:30,200] Trial 17 finished with value: 0.050983275511966256 and parameters: {'confidence_threshold': 0.5080881579696632, 'training_days': 430, 'n_estimators': 303, 'max_depth': 3, 'num_leaves': 52, 'learning_rate': 0.10193180615685765, 'subsample': 0.5202791600291684, 'colsample_bytree': 0.5029463372166628, 'min_child_samples': 72, 'reg_alpha': 0.0013614156040697544, 'reg_lambda': 0.00039965744314963514}. Best is trial 15 with value: 0.1394869711370746.

    [trial 9] Sharpe=0.0133 (folds: 0.0355, -0.0009, 0.1146, -0.0835, 0.0007)
    [trial 10] 49 features, training_days=470 | threshold=0.845 | labels: 1144 long, 1009 short (53/47%)
    [trial 10] Sharpe=0.0529 (folds: -0.0561, 0.1038, 0.2924, 0.1150, -0.1905)
    [trial 11] 49 features, training_days=30 | threshold=0.513 | labels: 1144 long, 1009 short (53/47%)
    [trial 11] Sharpe=0.0319 (folds: -0.0223, -0.1334, 0.1484, -0.1550, 0.3220)
    [trial 12] 49 features, training_days=350 | threshold=0.831 | labels: 1144 long, 1009 short (53/47%)
    [trial 12] Sharpe=0.0204 (folds: 0.0340, 0.0534, 0.1379, -0.0438, -0.0796)
    [trial 13] 49 features, training_days=10 | threshold=0.668 | labels: 1144 long, 1009 short (53/47%)
    [trial 13] Sharpe=-0.0405 (folds: 0.0773, 0.0962, 0.1484, -0.1550, -0.3692)
    [trial 14] 49 features, training_days=110 | threshold=0.606 | labels: 1144 long, 1009 short (53/47%)
    [trial 14] Sharpe=0.0734 (folds: 0.0841, 0.0144, 0.1733, -0.0010, 0.0964)
    [trial 15] 49 features, training_days=90 | threshold=0.711 | labels: 1144 long, 1009 short (53/47%)
    [trial 15] Sharpe=0.0904 (folds: 0.0080, 0.0643, 0.0924, 0.0770, 0.2101)
    [trial 16] 49 features, training_days=60 | threshold=0.795 | labels: 1144 long, 1009 short (53/47%)
    [trial 16] Sharpe=0.0854 (folds: -0.1028, 0.2268, 0.1234, -0.0065, 0.1861)
    [trial 17] 49 features, training_days=140 | threshold=0.711 | labels: 1144 long, 1009 short (53/47%)
    [trial 17] Sharpe=0.0357 (folds: 0.0332, 0.0659, 0.1207, -0.0753, 0.0339)
  Optuna: 18 trials, best Sharpe = 0.0904
  Best params: n_estimators=300, max_depth=4, lr=0.1771, leaves=25
  Best confidence_threshold: 0.711
  Best training_days: 90
  Retrained on full data (270 samples, 49 features)
  [ensemble 3/3] seed=456
    [trial 0] 49 features, training_days=90 | threshold=0.587 | labels: 1144 long, 1009 short (53/47%)
    [CV fold 0] train_end=2021-05-25 08:00 | val_start=2021-06-02 00:00 | gap=184h (22 rows)
    [CV fold 1] train_end=2021-09-21 16:00 | val_start=2021-09-29 08:00 | gap=184h (22 rows)
    [CV fold 2] train_end=2022-01-19 00:00 | val_start=2022-01-26 16:00 | gap=184h (22 rows)
    [CV fold 3] train_end=2022-05-23 08:00 | val_start=2022-05-31 00:00 | gap=184h (22 rows)
    [CV fold 4] train_end=2022-09-19 16:00 | val_start=2022-09-27 08:00 | gap=184h (22 rows)
    [trial 0] Sharpe=0.0331 (folds: 0.0096, 0.0067, 0.0471, -0.0429, 0.1448)
    [trial 1] 49 features, training_days=290 | threshold=0.635 | labels: 1144 long, 1009 short (53/47%)
    [trial 1] Sharpe=0.0403 (folds: 0.0619, -0.0515, 0.1660, -0.1086, 0.1338)
    [trial 2] 49 features, training_days=10 | threshold=0.585 | labels: 1144 long, 1009 short (53/47%)
    [trial 2] Sharpe=-0.0405 (folds: 0.0773, 0.0962, 0.1484, -0.1550, -0.3692)
    [trial 3] 49 features, training_days=220 | threshold=0.687 | labels: 1144 long, 1009 short (53/47%)
    [trial 3] Sharpe=0.0164 (folds: 0.0738, -0.0533, -0.0355, -0.0290, 0.1259)
    [trial 4] 49 features, training_days=300 | threshold=0.562 | labels: 1144 long, 1009 short (53/47%)
    [trial 4] Sharpe=0.0105 (folds: 0.0182, 0.0092, 0.2083, -0.0920, -0.0914)
    [trial 5] 49 features, training_days=490 | threshold=0.711 | labels: 1144 long, 1009 short (53/47%)
    [trial 5] Sharpe=0.0324 (folds: 0.0231, -0.0637, 0.1556, -0.0423, 0.0894)
    [trial 6] 49 features, training_days=420 | threshold=0.667 | labels: 1144 long, 1009 short (53/47%)
    [trial 6] Sharpe=0.0270 (folds: -0.0449, 0.0152, 0.1833, -0.0223, 0.0037)
    [trial 7] 49 features, training_days=120 | threshold=0.550 | labels: 1144 long, 1009 short (53/47%)
    [trial 7] Sharpe=0.0490 (folds: 0.0645, 0.0105, 0.0994, -0.0409, 0.1115)
    [trial 8] 49 features, training_days=450 | threshold=0.720 | labels: 1144 long, 1009 short (53/47%)
    [trial 8] Sharpe=0.1337 (folds: 0.0678, 0.0083, 0.3033, 0.0147, 0.2745)
    [trial 9] 49 features, training_days=20 | threshold=0.727 | labels: 1144 long, 1009 short (53/47%)
    [trial 9] Sharpe=-6.0783 (folds: -0.0223, -10.0000, -10.0000, -10.0000, -0.3692)
    [trial 10] 49 features, training_days=400 | threshold=0.828 | labels: 1144 long, 1009 short (53/47%)
    [trial 10] Sharpe=0.0672 (folds: 0.0171, 0.0764, 0.1276, -0.0211, 0.1361)
    [trial 11] 49 features, training_days=400 | threshold=0.843 | labels: 1144 long, 1009 short (53/47%)
    [trial 11] Sharpe=0.0634 (folds: -0.0789, 0.0470, 0.2077, -0.0594, 0.2006)
    [trial 12] 49 features, training_days=500 | threshold=0.810 | labels: 1144 long, 1009 short (53/47%)
    [trial 12] Sharpe=0.0771 (folds: -0.0876, 0.0891, 0.2388, 0.0621, 0.0831)
    [trial 13] 49 features, training_days=490 | threshold=0.779 | labels: 1144 long, 1009 short (53/47%)
    [trial 13] Sharpe=0.0925 (folds: 0.0199, 0.0587, 0.2478, -0.0093, 0.1455)
    [trial 14] 49 features, training_days=350 | threshold=0.761 | labels: 1144 long, 1009 short (53/47%)
    [trial 14] Sharpe=0.0477 (folds: 0.0091, -0.0249, 0.2565, -0.0574, 0.0551)
    [trial 15] 49 features, training_days=450 | threshold=0.779 | labels: 1144 long, 1009 short (53/47%)
    [trial 15] Sharpe=0.1395 (folds: 0.0194, 0.1872, 0.2715, 0.0325, 0.1868)
    [trial 16] 49 features, training_days=220 | threshold=0.757 | labels: 1144 long, 1009 short (53/47%)
    [trial 16] Sharpe=0.0296 (folds: 0.0906, -0.0619, 0.0725, -0.1176, 0.1644)
    [trial 17] 49 features, training_days=430 | threshold=0.508 | labels: 1144 long, 1009 short (53/47%)
    [trial 17] Sharpe=0.0510 (folds: 0.0796, -0.0228, 0.1880, -0.0643, 0.0744)
  Optuna: 18 trials, best Sharpe = 0.1395
  Best params: n_estimators=309, max_depth=4, lr=0.0206, leaves=55
  Best confidence_threshold: 0.779
  Best training_days: 450
  Retrained on full data (1335 samples, 49 features)
  OOD: 16 features, cutoff (q=0.7) = 13.72
  Model trained for 2023-02: 84 test candles with features, confidence_threshold=0.756
[trade:close] 2023-02-01 23:59 LTCUSDT SHORT → stop_loss @ 98.88 | PnL=-5.22% (net -5.32%) | cum=+26.66% 2023-02=-5.32% 2023-02-01=-5.32%
[predict] 2023-02-07 16:00 LTCUSDT → SHORT (proba=0.81 TP=9.9%/SL=5.0%)
[trade:open] 2023-02-07 23:59 LTCUSDT SHORT @ 100.90 | SL=105.90 TP=90.91 | timeout=2023-02-14 23:59
[trade:close] 2023-02-09 23:59 LTCUSDT SHORT → take_profit @ 90.91 | PnL=+9.90% (net +9.80%) | cum=+36.46% 2023-02=+4.48% 2023-02-09=+9.80%
[predict] 2023-02-16 16:00 LTCUSDT → LONG (proba=0.84 TP=12.4%/SL=6.2%)
[trade:open] 2023-02-16 23:59 LTCUSDT LONG @ 98.60 | SL=92.47 TP=110.86 | timeout=2023-02-23 23:59
[trade:close] 2023-02-21 15:59 LTCUSDT LONG → stop_loss @ 92.47 | PnL=-6.22% (net -6.32%) | cum=+30.14% 2023-02=-1.84% 2023-02-21=-6.32%
[predict] 2023-02-27 08:00 LTCUSDT → LONG (proba=0.82 TP=8.0%/SL=4.0%)
[trade:open] 2023-02-27 15:59 LTCUSDT LONG @ 94.61 | SL=90.83 TP=102.18 | timeout=2023-03-06 15:59
[lgbm] === Training for 2023-03 ===
  Train window: 2021-03-01 → 2023-02-21
  2153 training samples from 1 symbols
  Samples per month: 2021-03: 93, 2021-04: 90, 2021-05: 93, 2021-06: 90, 2021-07: 93, 2021-08: 93, 2021-09: 90, 2021-10: 93, 2021-11: 90, 2021-12: 93, 2022-01: 93, 2022-02: 75, 2022-03: 93, 2022-04: 84, 2022-05: 93, 2022-06: 90, 2022-07: 93, 2022-08: 93, 2022-09: 90, 2022-10: 93, 2022-11: 90, 2022-12: 93, 2023-01: 93, 2023-02: 62
  [label] 2021-05-01 00:00 LTCUSDT entry=271.0800 → LONG | long=tp(+16.60%) short=sl(-8.45%) | scanned=10 | long_tp_only
  [label] 2021-05-03 08:00 LTCUSDT entry=283.0900 → LONG | long=tp(+14.00%) short=sl(-7.15%) | scanned=3 | long_tp_only
  [label] 2021-05-07 00:00 LTCUSDT entry=369.0100 → SHORT | long=sl(-12.01%) short=sl(-12.01%) | scanned=17 | no_tp→fwd_return=-15.5741
  [label] 2021-05-31 16:00 LTCUSDT entry=187.9500 → SHORT | long=sl(-14.83%) short=timeout(+13.76%) | scanned=22 | no_tp→fwd_return=-13.8601
  [label] 2021-07-22 16:00 LTCUSDT entry=120.5900 → LONG | long=tp(+14.16%) short=sl(-7.23%) | scanned=10 | long_tp_only
  [label] 2022-01-03 08:00 LTCUSDT entry=148.7800 → SHORT | long=sl(-4.71%) short=tp(+9.12%) | scanned=7 | short_tp_only
  [label] 2022-01-07 08:00 LTCUSDT entry=131.0600 → LONG | long=sl(-7.58%) short=sl(-7.58%) | scanned=16 | no_tp→fwd_return=+8.2634[I 2026-06-01 23:26:30,727] A new study created in memory with name: no-name-5d24f99f-3ad2-4522-be0c-0d7a3255cc3a
[I 2026-06-01 23:26:31,081] Trial 0 finished with value: 0.08775935332086013 and parameters: {'confidence_threshold': 0.6310890415965769, 'training_days': 480, 'n_estimators': 380, 'max_depth': 4, 'num_leaves': 22, 'learning_rate': 0.01699897838270077, 'subsample': 0.5290418060840998, 'colsample_bytree': 0.9330880728874675, 'min_child_samples': 68, 'reg_alpha': 0.023585940584142682, 'reg_lambda': 1.5320059381854043e-08}. Best is trial 0 with value: 0.08775935332086013.
[I 2026-06-01 23:26:31,198] Trial 1 finished with value: 0.010998380278903892 and parameters: {'confidence_threshold': 0.839468448256698, 'training_days': 420, 'n_estimators': 145, 'max_depth': 3, 'num_leaves': 23, 'learning_rate': 0.028145092716060652, 'subsample': 0.762378215816119, 'colsample_bytree': 0.7159725093210578, 'min_child_samples': 43, 'reg_alpha': 0.0032112643094417484, 'reg_lambda': 1.8007140198129195e-07}. Best is trial 0 with value: 0.08775935332086013.
[I 2026-06-01 23:26:31,365] Trial 2 finished with value: 0.028500724447830604 and parameters: {'confidence_threshold': 0.6022506269873263, 'training_days': 190, 'n_estimators': 255, 'max_depth': 5, 'num_leaves': 24, 'learning_rate': 0.05748924681991978, 'subsample': 0.7962072844310213, 'colsample_bytree': 0.5232252063599989, 'min_child_samples': 69, 'reg_alpha': 3.425445902633376e-07, 'reg_lambda': 3.850031979199519e-08}. Best is trial 0 with value: 0.08775935332086013.
[I 2026-06-01 23:26:31,647] Trial 3 finished with value: 0.05339897951901916 and parameters: {'confidence_threshold': 0.8321099380386666, 'training_days': 490, 'n_estimators': 414, 'max_depth': 3, 'num_leaves': 19, 'learning_rate': 0.1024932221692416, 'subsample': 0.7200762468698007, 'colsample_bytree': 0.5610191174223894, 'min_child_samples': 60, 'reg_alpha': 2.039373116525212e-08, 'reg_lambda': 1.527156759251193}. Best is trial 0 with value: 0.08775935332086013.
[I 2026-06-01 23:26:31,810] Trial 4 finished with value: -0.01345754799274633 and parameters: {'confidence_threshold': 0.5905729935600059, 'training_days': 340, 'n_estimators': 190, 'max_depth': 4, 'num_leaves': 41, 'learning_rate': 0.01875220945578641, 'subsample': 0.9847923138822793, 'colsample_bytree': 0.8875664116805573, 'min_child_samples': 96, 'reg_alpha': 1.1309571585271483, 'reg_lambda': 0.002404915432737351}. Best is trial 0 with value: 0.08775935332086013.
[I 2026-06-01 23:26:31,861] Trial 5 finished with value: -0.15325972499084783 and parameters: {'confidence_threshold': 0.8226559822580909, 'training_days': 50, 'n_estimators': 138, 'max_depth': 3, 'num_leaves': 30, 'learning_rate': 0.03750796359625606, 'subsample': 0.6356745158869479, 'colsample_bytree': 0.9143687545759647, 'min_child_samples': 48, 'reg_alpha': 3.376063348877853e-06, 'reg_lambda': 0.0007660634613082914}. Best is trial 0 with value: 0.08775935332086013.
[I 2026-06-01 23:26:31,977] Trial 6 finished with value: -0.07378370547057374 and parameters: {'confidence_threshold': 0.5493234787411669, 'training_days': 410, 'n_estimators': 83, 'max_depth': 5, 'num_leaves': 52, 'learning_rate': 0.019657448966046126, 'subsample': 0.5027610585618012, 'colsample_bytree': 0.9077307142274171, 'min_child_samples': 77, 'reg_alpha': 0.03639690979811287, 'reg_lambda': 0.08738424135626986}. Best is trial 0 with value: 0.08775935332086013.
[I 2026-06-01 23:26:32,076] Trial 7 finished with value: 0.04288982405151278 and parameters: {'confidence_threshold': 0.5259156281069316, 'training_days': 180, 'n_estimators': 102, 'max_depth': 5, 'num_leaves': 45, 'learning_rate': 0.030816017044468066, 'subsample': 0.5317791751430119, 'colsample_bytree': 0.6554911608578311, 'min_child_samples': 46, 'reg_alpha': 0.036851536911881845, 'reg_lambda': 0.005470376807480391}. Best is trial 0 with value: 0.08775935332086013.
[I 2026-06-01 23:26:32,178] Trial 8 finished with value: 0.014260967738321115 and parameters: {'confidence_threshold': 0.8105244599017143, 'training_days': 240, 'n_estimators': 103, 'max_depth': 5, 'num_leaves': 52, 'learning_rate': 0.06746437142284309, 'subsample': 0.8854835899772805, 'colsample_bytree': 0.7468977981821954, 'min_child_samples': 62, 'reg_alpha': 7.04480806377519e-05, 'reg_lambda': 1.6934490731313353e-08}. Best is trial 0 with value: 0.08775935332086013.
[I 2026-06-01 23:26:32,207] Trial 9 finished with value: -0.06888435683379063 and parameters: {'confidence_threshold': 0.5377619994476566, 'training_days': 20, 'n_estimators': 337, 'max_depth': 3, 'num_leaves': 39, 'learning_rate': 0.21907142272152816, 'subsample': 0.6246461145744375, 'colsample_bytree': 0.7051914615178149, 'min_child_samples': 81, 'reg_alpha': 1.1459970229341322e-06, 'reg_lambda': 4.929685216887945e-08}. Best is trial 0 with value: 0.08775935332086013.
[I 2026-06-01 23:26:32,758] Trial 10 finished with value: -0.01703019143811027 and parameters: {'confidence_threshold': 0.6938635787372303, 'training_days': 350, 'n_estimators': 487, 'max_depth': 4, 'num_leaves': 15, 'learning_rate': 0.011407797829608154, 'subsample': 0.6277217293825994, 'colsample_bytree': 0.9880699499289975, 'min_child_samples': 27, 'reg_alpha': 8.536188349289, 'reg_lambda': 3.3639426888455256e-06}. Best is trial 0 with value: 0.08775935332086013.
[I 2026-06-01 23:26:33,102] Trial 11 finished with value: 0.054595967367441725 and parameters: {'confidence_threshold': 0.7142966361932565, 'training_days': 490, 'n_estimators': 420, 'max_depth': 4, 'num_leaves': 15, 'learning_rate': 0.11529398851600968, 'subsample': 0.7100138054284578, 'colsample_bytree': 0.5081093472155149, 'min_child_samples': 55, 'reg_alpha': 5.66845160002491e-05, 'reg_lambda': 8.173625018275683}. Best is trial 0 with value: 0.08775935332086013.
[I 2026-06-01 23:26:33,491] Trial 12 finished with value: 0.012361469907694784 and parameters: {'confidence_threshold': 0.7131758522018106, 'training_days': 480, 'n_estimators': 366, 'max_depth': 4, 'num_leaves': 31, 'learning_rate': 0.17219793100380415, 'subsample': 0.6848043408918267, 'colsample_bytree': 0.8304278626461432, 'min_child_samples': 30, 'reg_alpha': 0.00018189806683590785, 'reg_lambda': 1.4289813315801497e-05}. Best is trial 0 with value: 0.08775935332086013.
[I 2026-06-01 23:26:33,841] Trial 13 finished with value: 0.05776385377465809 and parameters: {'confidence_threshold': 0.7396558952538093, 'training_days': 500, 'n_estimators': 500, 'max_depth': 4, 'num_leaves': 62, 'learning_rate': 0.13174744890444054, 'subsample': 0.8423130413901652, 'colsample_bytree': 0.5961799392941978, 'min_child_samples': 92, 'reg_alpha': 0.00676093630877994, 'reg_lambda': 8.154124966220198}. Best is trial 0 with value: 0.08775935332086013.
[I 2026-06-01 23:26:34,169] Trial 14 finished with value: 0.03945582758748752 and parameters: {'confidence_threshold': 0.7594036169129817, 'training_days': 340, 'n_estimators': 499, 'max_depth': 4, 'num_leaves': 60, 'learning_rate': 0.09538688218288456, 'subsample': 0.8550347215582887, 'colsample_bytree': 0.6147255854431105, 'min_child_samples': 100, 'reg_alpha': 0.00826255207313571, 'reg_lambda': 5.9127438984337655e-05}. Best is trial 0 with value: 0.08775935332086013.
[I 2026-06-01 23:26:34,423] Trial 15 finished with value: 0.01526454108879216 and parameters: {'confidence_threshold': 0.6459551572231198, 'training_days': 420, 'n_estimators': 293, 'max_depth': 4, 'num_leaves': 61, 'learning_rate': 0.28775293072260366, 'subsample': 0.9358572480681719, 'colsample_bytree': 0.8100744538922787, 'min_child_samples': 86, 'reg_alpha': 0.194459601930754, 'reg_lambda': 0.10351163679178875}. Best is trial 0 with value: 0.08775935332086013.
[I 2026-06-01 23:26:34,737] Trial 16 finished with value: 0.026245294132574537 and parameters: {'confidence_threshold': 0.6475803369500817, 'training_days': 270, 'n_estimators': 430, 'max_depth': 4, 'num_leaves': 31, 'learning_rate': 0.15013971957309138, 'subsample': 0.840613633836216, 'colsample_bytree': 0.9826162589395974, 'min_child_samples': 91, 'reg_alpha': 0.00043994171898661776, 'reg_lambda': 1.2611438108223133e-06}. Best is trial 0 with value: 0.08775935332086013.
[I 2026-06-01 23:26:35,048] Trial 17 finished with value: 0.04950766443152045 and parameters: {'confidence_threshold': 0.7611484084321937, 'training_days': 430, 'n_estimators': 452, 'max_depth': 3, 'num_leaves': 54, 'learning_rate': 0.010425658055299656, 'subsample': 0.5775708471916033, 'colsample_bytree': 0.6091330191487015, 'min_child_samples': 73, 'reg_alpha': 0.001937810591782202, 'reg_lambda': 0.047840558192829404}. Best is trial 0 with value: 0.08775935332086013.
[I 2026-06-01 23:26:35,301] A new study created in memory with name: no-name-c8d09a93-33fe-4100-bd2a-a1f729bdff25
[I 2026-06-01 23:26:35,390] Trial 0 finished with value: 0.03317444625863263 and parameters: {'confidence_threshold': 0.7437642149592516, 'training_days': 150, 'n_estimators': 152, 'max_depth': 4, 'num_leaves': 50, 'learning_rate': 0.04216766425047743, 'subsample': 0.9903820991923078, 'colsample_bytree': 0.8424148692924316, 'min_child_samples': 58, 'reg_alpha': 3.381097259762742e-05, 'reg_lambda': 1.2263152961306247e-05}. Best is trial 0 with value: 0.03317444625863263.
[I 2026-06-01 23:26:35,468] Trial 1 finished with value: -0.04762274865727758 and parameters: {'confidence_threshold': 0.7551673975844145, 'training_days': 220, 'n_estimators': 76, 'max_depth': 4, 'num_leaves': 51, 'learning_rate': 0.018602118810743477, 'subsample': 0.5877258780737462, 'colsample_bytree': 0.7657756869209191, 'min_child_samples': 63, 'reg_alpha': 0.005123994170264194, 'reg_lambda': 0.44145470178120466}. Best is trial 0 with value: 0.03317444625863263.
[I 2026-06-01 23:26:35,733] Trial 2 finished with value: -0.013679576129264659 and parameters: {'confidence_threshold': 0.7535593637012223, 'training_days': 310, 'n_estimators': 375, 'max_depth': 3, 'num_leaves': 32, 'learning_rate': 0.021735641882032388, 'subsample': 0.6468570231944146, 'colsample_bytree': 0.8154880619272439, 'min_child_samples': 27, 'reg_alpha': 8.004064028491336e-05, 'reg_lambda': 7.546835261630524e-05}. Best is trial 0 with value: 0.03317444625863263.
[I 2026-06-01 23:26:35,904] Trial 3 finished with value: -0.010019726149025968 and parameters: {'confidence_threshold': 0.6727897841776072, 'training_days': 220, 'n_estimators': 190, 'max_depth': 4, 'num_leaves': 58, 'learning_rate': 0.24810689332636193, 'subsample': 0.7509183379421682, 'colsample_bytree': 0.8119764758960556, 'min_child_samples': 29, 'reg_alpha': 7.1708285081421445e-06, 'reg_lambda': 5.412973582738627e-05}. Best is trial 0 with value: 0.03317444625863263.
[I 2026-06-01 23:26:36,018] Trial 4 finished with value: 0.07332660019775519 and parameters: {'confidence_threshold': 0.803208205259178, 'training_days': 130, 'n_estimators': 267, 'max_depth': 5, 'num_leaves': 40, 'learning_rate': 0.08041175317374143, 'subsample': 0.5603143329951619, 'colsample_bytree': 0.9131704002534167, 'min_child_samples': 68, 'reg_alpha': 0.0008046593428183385, 'reg_lambda': 1.2158346158765583e-05}. Best is trial 4 with value: 0.07332660019775519.
[I 2026-06-01 23:26:36,261] Trial 5 finished with value: 0.01319686170780517 and parameters: {'confidence_threshold': 0.6064422761595144, 'training_days': 210, 'n_estimators': 357, 'max_depth': 5, 'num_leaves': 40, 'learning_rate': 0.0974221287220869, 'subsample': 0.7929682762811064, 'colsample_bytree': 0.8124517510478, 'min_child_samples': 74, 'reg_alpha': 0.3811377260781234, 'reg_lambda': 5.607314238392041e-08}. Best is trial 4 with value: 0.07332660019775519.
[I 2026-06-01 23:26:36,372] Trial 6 finished with value: 0.0028644954339127225 and parameters: {'confidence_threshold': 0.7672889945051684, 'training_days': 130, 'n_estimators': 137, 'max_depth': 4, 'num_leaves': 19, 'learning_rate': 0.2031117614248665, 'subsample': 0.8136244860256343, 'colsample_bytree': 0.8617081790949774, 'min_child_samples': 21, 'reg_alpha': 0.002238138278733199, 'reg_lambda': 0.001025809534977322}. Best is trial 4 with value: 0.07332660019775519.
[I 2026-06-01 23:26:36,449] Trial 7 finished with value: 0.04466495483751813 and parameters: {'confidence_threshold': 0.555635875450653, 'training_days': 80, 'n_estimators': 363, 'max_depth': 3, 'num_leaves': 48, 'learning_rate': 0.06590089024008658, 'subsample': 0.6944752870615722, 'colsample_bytree': 0.962566244806993, 'min_child_samples': 88, 'reg_alpha': 1.6465620446426067e-05, 'reg_lambda': 2.4678750890085655e-08}. Best is trial 4 with value: 0.07332660019775519.
[I 2026-06-01 23:26:36,796] Trial 8 finished with value: -0.012519381330358032 and parameters: {'confidence_threshold': 0.6066688256938841, 'training_days': 200, 'n_estimators': 367, 'max_depth': 5, 'num_leaves': 32, 'learning_rate': 0.13377519215934996, 'subsample': 0.7965884582811106, 'colsample_bytree': 0.8458508993500886, 'min_child_samples': 32, 'reg_alpha': 3.889436043816386e-05, 'reg_lambda': 1.4713062489380356e-06}. Best is trial 4 with value: 0.07332660019775519.
