[I 2026-06-01 23:32:28,582] Trial 17 finished with value: 0.17752527041889948 and parameters: {'confidence_threshold': 0.7783460456117413, 'training_days': 330, 'n_estimators': 303, 'max_depth': 3, 'num_leaves': 22, 'learning_rate': 0.015232064422929322, 'subsample': 0.8002407697944357, 'colsample_bytree': 0.8410805723564942, 'min_child_samples': 70, 'reg_alpha': 0.003779012890739376, 'reg_lambda': 0.002009911163723083}. Best is trial 11 with value: 0.281941062667193.
    [trial 13] 49 features, training_days=500 | threshold=0.832 | labels: 1062 long, 1109 short (49/51%)
    [trial 13] Sharpe=0.2100 (folds: 0.2035, 0.2025, 0.1136, 0.4534, 0.0772)
    [trial 14] 49 features, training_days=380 | threshold=0.697 | labels: 1062 long, 1109 short (49/51%)
    [trial 14] Sharpe=0.1421 (folds: 0.2304, 0.1120, 0.2931, 0.0702, 0.0046)
    [trial 15] 49 features, training_days=500 | threshold=0.503 | labels: 1062 long, 1109 short (49/51%)
    [trial 15] Sharpe=0.1189 (folds: 0.1597, 0.1439, 0.2304, 0.0516, 0.0090)
    [trial 16] 49 features, training_days=390 | threshold=0.798 | labels: 1062 long, 1109 short (49/51%)
    [trial 16] Sharpe=0.1305 (folds: 0.1352, 0.0671, 0.1832, 0.2440, 0.0231)
    [trial 17] 49 features, training_days=440 | threshold=0.711 | labels: 1062 long, 1109 short (49/51%)
    [trial 17] Sharpe=0.1338 (folds: 0.2076, 0.1541, 0.2242, 0.0901, -0.0069)
  Optuna: 18 trials, best Sharpe = 0.2884
  Best params: n_estimators=494, max_depth=3, lr=0.0102, leaves=30
  Best confidence_threshold: 0.845
  Best training_days: 420
  Retrained on full data (1260 samples, 49 features)
  [ensemble 3/3] seed=456
    [trial 0] 49 features, training_days=90 | threshold=0.587 | labels: 1062 long, 1109 short (49/51%)
    [CV fold 0] train_end=2023-07-24 08:00 | val_start=2023-08-01 00:00 | gap=184h (22 rows)
    [CV fold 1] train_end=2023-11-21 16:00 | val_start=2023-11-29 08:00 | gap=184h (22 rows)
    [CV fold 2] train_end=2024-03-21 00:00 | val_start=2024-03-28 16:00 | gap=184h (22 rows)
    [CV fold 3] train_end=2024-07-19 08:00 | val_start=2024-07-27 00:00 | gap=184h (22 rows)
    [CV fold 4] train_end=2024-11-16 16:00 | val_start=2024-11-24 08:00 | gap=184h (22 rows)
    [trial 0] Sharpe=0.0019 (folds: -0.0369, 0.0483, 0.1774, -0.1497, -0.0297)
    [trial 1] 49 features, training_days=290 | threshold=0.635 | labels: 1062 long, 1109 short (49/51%)
    [trial 1] Sharpe=0.0955 (folds: 0.1556, 0.0984, 0.2316, 0.0690, -0.0770)
    [trial 2] 49 features, training_days=10 | threshold=0.585 | labels: 1062 long, 1109 short (49/51%)
    [trial 2] Sharpe=-0.0751 (folds: -0.0803, -0.1258, 0.1496, -0.3754, 0.0566)
    [trial 3] 49 features, training_days=220 | threshold=0.687 | labels: 1062 long, 1109 short (49/51%)
    [trial 3] Sharpe=0.0778 (folds: 0.1489, 0.1737, 0.1499, -0.0240, -0.0598)
    [trial 4] 49 features, training_days=300 | threshold=0.562 | labels: 1062 long, 1109 short (49/51%)
    [trial 4] Sharpe=0.1122 (folds: 0.2469, 0.1329, 0.1370, 0.0212, 0.0230)
    [trial 5] 49 features, training_days=490 | threshold=0.711 | labels: 1062 long, 1109 short (49/51%)
    [trial 5] Sharpe=0.1653 (folds: 0.2507, 0.1696, 0.2606, 0.0719, 0.0735)
    [trial 6] 49 features, training_days=420 | threshold=0.667 | labels: 1062 long, 1109 short (49/51%)
    [trial 6] Sharpe=0.1348 (folds: 0.1982, 0.1341, 0.2508, 0.0278, 0.0634)
    [trial 7] 49 features, training_days=120 | threshold=0.550 | labels: 1062 long, 1109 short (49/51%)
    [trial 7] Sharpe=0.0474 (folds: 0.2124, 0.1013, 0.1127, -0.1396, -0.0496)
    [trial 8] 49 features, training_days=450 | threshold=0.720 | labels: 1062 long, 1109 short (49/51%)
    [trial 8] Sharpe=0.1551 (folds: 0.1604, 0.1218, 0.3024, 0.1217, 0.0692)
    [trial 9] 49 features, training_days=20 | threshold=0.727 | labels: 1062 long, 1109 short (49/51%)
    [trial 9] Sharpe=-1.9975 (folds: 0.0124, -0.1258, -10.0000, 0.2059, -0.0799)
    [trial 10] 49 features, training_days=490 | threshold=0.828 | labels: 1062 long, 1109 short (49/51%)
    [trial 10] Sharpe=0.2487 (folds: 0.2310, 0.1610, 0.2720, 0.5413, 0.0381)
    [trial 11] 49 features, training_days=500 | threshold=0.843 | labels: 1062 long, 1109 short (49/51%)
    [trial 11] Sharpe=0.2819 (folds: 0.0818, 0.2755, 0.1500, 0.8739, 0.0285)
    [trial 12] 49 features, training_days=370 | threshold=0.844 | labels: 1062 long, 1109 short (49/51%)
    [trial 12] Sharpe=0.1966 (folds: 0.2987, 0.2034, 0.1889, 0.2020, 0.0898)
    [trial 13] 49 features, training_days=380 | threshold=0.849 | labels: 1062 long, 1109 short (49/51%)
    [trial 13] Sharpe=0.1892 (folds: 0.2865, 0.2406, 0.2827, 0.0747, 0.0615)
    [trial 14] 49 features, training_days=470 | threshold=0.792 | labels: 1062 long, 1109 short (49/51%)
    [trial 14] Sharpe=0.1967 (folds: 0.2639, 0.1970, 0.2619, 0.1831, 0.0774)
    [trial 15] 49 features, training_days=500 | threshold=0.783 | labels: 1062 long, 1109 short (49/51%)
    [trial 15] Sharpe=0.2511 (folds: 0.2255, 0.1597, 0.2449, 0.5158, 0.1095)
    [trial 16] 49 features, training_days=390 | threshold=0.781 | labels: 1062 long, 1109 short (49/51%)
    [trial 16] Sharpe=0.1474 (folds: 0.1976, 0.1790, 0.2936, 0.0343, 0.0327)
    [trial 17] 49 features, training_days=330 | threshold=0.778 | labels: 1062 long, 1109 short (49/51%)
    [trial 17] Sharpe=0.1775 (folds: 0.2330, 0.1872, 0.1271, 0.2479, 0.0925)
  Optuna: 18 trials, best Sharpe = 0.2819
  Best params: n_estimators=478, max_depth=4, lr=0.0100, leaves=15
  Best confidence_threshold: 0.843
  Best training_days: 500
  Retrained on full data (1500 samples, 49 features)
  OOD: 16 features, cutoff (q=0.7) = 13.81
  Model trained for 2025-04: 90 test candles with features, confidence_threshold=0.840
[predict] 2025-04-01 08:00 LTCUSDT → LONG (proba=0.85 TP=9.9%/SL=4.9%)
[trade:open] 2025-04-01 15:59 LTCUSDT LONG @ 85.61 | SL=81.37 TP=94.08 | timeout=2025-04-08 15:59
[trade:close] 2025-04-02 07:59 LTCUSDT LONG → stop_loss @ 81.37 | PnL=-4.95% (net -5.05%) | cum=+145.07% 2025-04=-5.05% 2025-04-02=-5.05%
[predict] 2025-04-25 00:00 LTCUSDT → SHORT (proba=0.84 TP=9.8%/SL=4.9%)
[trade:open] 2025-04-25 07:59 LTCUSDT SHORT @ 84.86 | SL=89.00 TP=76.59 | timeout=2025-05-02 07:59
[lgbm] === Training for 2025-05 ===
  Train window: 2023-05-01 → 2025-04-23
  2171 training samples from 1 symbols
  Samples per month: 2023-05: 93, 2023-06: 90, 2023-07: 93, 2023-08: 93, 2023-09: 90, 2023-10: 93, 2023-11: 90, 2023-12: 93, 2024-01: 93, 2024-02: 87, 2024-03: 93, 2024-04: 90, 2024-05: 93, 2024-06: 90, 2024-07: 93, 2024-08: 93, 2024-09: 90, 2024-10: 93, 2024-11: 90, 2024-12: 93, 2025-01: 93, 2025-02: 84, 2025-03: 93, 2025-04: 68
  [label] 2023-07-01 16:00 LTCUSDT entry=107.0900 → SHORT | long=sl(-9.66%) short=timeout(+8.62%) | scanned=22 | no_tp→fwd_return=-8.7216
  [label] 2023-07-04 00:00 LTCUSDT entry=106.9600 → SHORT | long=sl(-9.13%) short=timeout(+8.37%) | scanned=22 | no_tp→fwd_return=-8.4705
  [label] 2023-07-07 16:00 LTCUSDT entry=98.1500 → SHORT | long=timeout(-3.25%) short=timeout(+3.05%) | scanned=22 | no_tp→fwd_return=-3.1482
  [label] 2023-08-01 08:00 LTCUSDT entry=93.0700 → SHORT | long=sl(-5.06%) short=tp(+9.83%) | scanned=7 | short_tp_only
  [label] 2023-09-23 00:00 LTCUSDT entry=64.7900 → LONG | long=timeout(+1.00%) short=timeout(-1.20%) | scanned=22 | no_tp→fwd_return=+1.0958
  [label] 2024-03-07 00:00 LTCUSDT entry=84.9300 → LONG | long=tp(+21.87%) short=sl(-11.09%) | scanned=13 | long_tp_only
  [label] 2024-03-11 00:00 LTCUSDT entry=90.2400 → LONG | long=tp(+17.10%) short=sl(-8.70%) | scanned=2 | long_tp_only
  [label] 2024-03-21 16:00 LTCUSDT entry=85.8100 → LONG | long=timeout(+9.68%) short=sl(-9.13%) | scanned=22 | no_tp→fwd_return=+9.7774
  [label] 2024-05-05 16:00 LTCUSDT entry=81.2800 → LONG | long=timeout(+0.04%) short=timeout(-0.24%) | scanned=22 | no_tp→fwd_return=+0.1353
  [label] 2024-05-14 08:00 LTCUSDT entry=79.6200 → LONG | long=tp(+8.33%) short=sl(-4.31%) | scanned=19 | long_tp_only
  [label] 2024-08-12 16:00 LTCUSDT entry=61.4500 → LONG | long=timeout(+7.74%) short=sl(-6.19%) | scanned=22 | no_tp→fwd_return=+7.8438
  [label] 2024-09-13 16:00 LTCUSDT entry=64.8800 → LONG | long=sl(-3.66%) short=timeout(-0.73%) | scanned=22 | no_tp→fwd_return=+0.6319
  [label] 2024-09-30 00:00 LTCUSDT entry=68.2200 → SHORT | long=sl(-3.78%) short=tp(+7.26%) | scanned=5 | short_tp_only
  [label] 2024-10-12 16:00 LTCUSDT entry=66.1600 → LONG | long=sl(-2.77%) short=sl(-2.77%) | scanned=8 | no_tp→fwd_return=+0.1209
  [label] 2024-10-31 00:00 LTCUSDT entry=71.0000 → SHORT | long=sl(-3.80%) short=tp(+7.30%) | scanned=10 | short_tp_only
  [label] 2024-11-06 08:00 LTCUSDT entry=69.7700 → LONG | long=tp(+10.83%) short=sl(-5.57%) | scanned=11 | long_tp_only[I 2026-06-01 23:32:29,410] A new study created in memory with name: no-name-740eda29-026f-4de6-a384-81d8b7e163eb
[I 2026-06-01 23:32:29,760] Trial 0 finished with value: -0.021655305646693154 and parameters: {'confidence_threshold': 0.6310890415965769, 'training_days': 480, 'n_estimators': 380, 'max_depth': 4, 'num_leaves': 22, 'learning_rate': 0.01699897838270077, 'subsample': 0.5290418060840998, 'colsample_bytree': 0.9330880728874675, 'min_child_samples': 68, 'reg_alpha': 0.023585940584142682, 'reg_lambda': 1.5320059381854043e-08}. Best is trial 0 with value: -0.021655305646693154.
[I 2026-06-01 23:32:29,892] Trial 1 finished with value: 0.09986920985230661 and parameters: {'confidence_threshold': 0.839468448256698, 'training_days': 420, 'n_estimators': 145, 'max_depth': 3, 'num_leaves': 23, 'learning_rate': 0.028145092716060652, 'subsample': 0.762378215816119, 'colsample_bytree': 0.7159725093210578, 'min_child_samples': 43, 'reg_alpha': 0.0032112643094417484, 'reg_lambda': 1.8007140198129195e-07}. Best is trial 1 with value: 0.09986920985230661.
[I 2026-06-01 23:32:30,056] Trial 2 finished with value: -0.027785950817689614 and parameters: {'confidence_threshold': 0.6022506269873263, 'training_days': 190, 'n_estimators': 255, 'max_depth': 5, 'num_leaves': 24, 'learning_rate': 0.05748924681991978, 'subsample': 0.7962072844310213, 'colsample_bytree': 0.5232252063599989, 'min_child_samples': 69, 'reg_alpha': 3.425445902633376e-07, 'reg_lambda': 3.850031979199519e-08}. Best is trial 1 with value: 0.09986920985230661.
[I 2026-06-01 23:32:30,337] Trial 3 finished with value: -0.012926784709821854 and parameters: {'confidence_threshold': 0.8321099380386666, 'training_days': 490, 'n_estimators': 414, 'max_depth': 3, 'num_leaves': 19, 'learning_rate': 0.1024932221692416, 'subsample': 0.7200762468698007, 'colsample_bytree': 0.5610191174223894, 'min_child_samples': 60, 'reg_alpha': 2.039373116525212e-08, 'reg_lambda': 1.527156759251193}. Best is trial 1 with value: 0.09986920985230661.
[I 2026-06-01 23:32:30,495] Trial 4 finished with value: 0.018374921861884757 and parameters: {'confidence_threshold': 0.5905729935600059, 'training_days': 340, 'n_estimators': 190, 'max_depth': 4, 'num_leaves': 41, 'learning_rate': 0.01875220945578641, 'subsample': 0.9847923138822793, 'colsample_bytree': 0.8875664116805573, 'min_child_samples': 96, 'reg_alpha': 1.1309571585271483, 'reg_lambda': 0.002404915432737351}. Best is trial 1 with value: 0.09986920985230661.
[I 2026-06-01 23:32:30,534] Trial 5 finished with value: 0.05379628964238316 and parameters: {'confidence_threshold': 0.8226559822580909, 'training_days': 50, 'n_estimators': 138, 'max_depth': 3, 'num_leaves': 30, 'learning_rate': 0.03750796359625606, 'subsample': 0.6356745158869479, 'colsample_bytree': 0.9143687545759647, 'min_child_samples': 48, 'reg_alpha': 3.376063348877853e-06, 'reg_lambda': 0.0007660634613082914}. Best is trial 1 with value: 0.09986920985230661.
[I 2026-06-01 23:32:30,650] Trial 6 finished with value: -0.005849676536151202 and parameters: {'confidence_threshold': 0.5493234787411669, 'training_days': 410, 'n_estimators': 83, 'max_depth': 5, 'num_leaves': 52, 'learning_rate': 0.019657448966046126, 'subsample': 0.5027610585618012, 'colsample_bytree': 0.9077307142274171, 'min_child_samples': 77, 'reg_alpha': 0.03639690979811287, 'reg_lambda': 0.08738424135626986}. Best is trial 1 with value: 0.09986920985230661.
[I 2026-06-01 23:32:30,756] Trial 7 finished with value: -0.0609022997688363 and parameters: {'confidence_threshold': 0.5259156281069316, 'training_days': 180, 'n_estimators': 102, 'max_depth': 5, 'num_leaves': 45, 'learning_rate': 0.030816017044468066, 'subsample': 0.5317791751430119, 'colsample_bytree': 0.6554911608578311, 'min_child_samples': 46, 'reg_alpha': 0.036851536911881845, 'reg_lambda': 0.005470376807480391}. Best is trial 1 with value: 0.09986920985230661.
[I 2026-06-01 23:32:30,857] Trial 8 finished with value: 0.006631083687428929 and parameters: {'confidence_threshold': 0.8105244599017143, 'training_days': 240, 'n_estimators': 103, 'max_depth': 5, 'num_leaves': 52, 'learning_rate': 0.06746437142284309, 'subsample': 0.8854835899772805, 'colsample_bytree': 0.7468977981821954, 'min_child_samples': 62, 'reg_alpha': 7.04480806377519e-05, 'reg_lambda': 1.6934490731313353e-08}. Best is trial 1 with value: 0.09986920985230661.
[I 2026-06-01 23:32:30,880] Trial 9 finished with value: 0.0230682163043174 and parameters: {'confidence_threshold': 0.5377619994476566, 'training_days': 20, 'n_estimators': 337, 'max_depth': 3, 'num_leaves': 39, 'learning_rate': 0.21907142272152816, 'subsample': 0.6246461145744375, 'colsample_bytree': 0.7051914615178149, 'min_child_samples': 81, 'reg_alpha': 1.1459970229341322e-06, 'reg_lambda': 4.929685216887945e-08}. Best is trial 1 with value: 0.09986920985230661.
[I 2026-06-01 23:32:31,411] Trial 10 finished with value: 0.0307530593390792 and parameters: {'confidence_threshold': 0.7286853308578232, 'training_days': 350, 'n_estimators': 487, 'max_depth': 4, 'num_leaves': 31, 'learning_rate': 0.011407797829608154, 'subsample': 0.8271882613853766, 'colsample_bytree': 0.8120417635861826, 'min_child_samples': 24, 'reg_alpha': 0.0005486918362336714, 'reg_lambda': 3.3639426888455256e-06}. Best is trial 1 with value: 0.09986920985230661.
[I 2026-06-01 23:32:31,471] Trial 11 finished with value: 0.015276833694716533 and parameters: {'confidence_threshold': 0.7615879655568232, 'training_days': 40, 'n_estimators': 185, 'max_depth': 3, 'num_leaves': 30, 'learning_rate': 0.04014790802108211, 'subsample': 0.6752629433767383, 'colsample_bytree': 0.8283518534791317, 'min_child_samples': 42, 'reg_alpha': 7.861899384512216e-05, 'reg_lambda': 2.463529356421494e-05}. Best is trial 1 with value: 0.09986920985230661.
[I 2026-06-01 23:32:31,585] Trial 12 finished with value: 0.019658926198780544 and parameters: {'confidence_threshold': 0.8481432634427628, 'training_days': 140, 'n_estimators': 188, 'max_depth': 3, 'num_leaves': 15, 'learning_rate': 0.03208899494279826, 'subsample': 0.6274745095999714, 'colsample_bytree': 0.974119988488152, 'min_child_samples': 41, 'reg_alpha': 3.310691985108358e-06, 'reg_lambda': 2.1627402349427912e-05}. Best is trial 1 with value: 0.09986920985230661.
[I 2026-06-01 23:32:31,802] Trial 13 finished with value: 0.024289627844839096 and parameters: {'confidence_threshold': 0.7511004938244776, 'training_days': 320, 'n_estimators': 258, 'max_depth': 3, 'num_leaves': 30, 'learning_rate': 0.10514384152852985, 'subsample': 0.7452896620795563, 'colsample_bytree': 0.6671680435920644, 'min_child_samples': 26, 'reg_alpha': 0.0011115623381429693, 'reg_lambda': 0.0003824508816295568}. Best is trial 1 with value: 0.09986920985230661.
[I 2026-06-01 23:32:31,868] Trial 14 finished with value: -0.021296975457469124 and parameters: {'confidence_threshold': 0.689769751463316, 'training_days': 80, 'n_estimators': 137, 'max_depth': 3, 'num_leaves': 60, 'learning_rate': 0.041473769913401126, 'subsample': 0.6263164669685508, 'colsample_bytree': 0.8154778121342577, 'min_child_samples': 54, 'reg_alpha': 6.243069797304175, 'reg_lambda': 2.063573148157547e-06}. Best is trial 1 with value: 0.09986920985230661.
[I 2026-06-01 23:32:31,950] Trial 15 finished with value: -10.0 and parameters: {'confidence_threshold': 0.790247454825811, 'training_days': 270, 'n_estimators': 52, 'max_depth': 4, 'num_leaves': 34, 'learning_rate': 0.010097724131102138, 'subsample': 0.8839231668353861, 'colsample_bytree': 0.6290746674720268, 'min_child_samples': 37, 'reg_alpha': 4.4807051053171e-06, 'reg_lambda': 0.019345028254750467}. Best is trial 1 with value: 0.09986920985230661.
[I 2026-06-01 23:32:32,098] Trial 16 finished with value: -0.02303040058879676 and parameters: {'confidence_threshold': 0.6968459455905083, 'training_days': 410, 'n_estimators': 145, 'max_depth': 3, 'num_leaves': 27, 'learning_rate': 0.02564662070602145, 'subsample': 0.713173333047047, 'colsample_bytree': 0.755552804646991, 'min_child_samples': 31, 'reg_alpha': 1.1647666030417342e-08, 'reg_lambda': 6.851761480742252e-07}. Best is trial 1 with value: 0.09986920985230661.
[I 2026-06-01 23:32:32,239] Trial 17 finished with value: -0.03670501222038237 and parameters: {'confidence_threshold': 0.789403558838043, 'training_days': 110, 'n_estimators': 295, 'max_depth': 4, 'num_leaves': 15, 'learning_rate': 0.0794938701519948, 'subsample': 0.5829261830537771, 'colsample_bytree': 0.9956385980717998, 'min_child_samples': 50, 'reg_alpha': 0.005047355373634929, 'reg_lambda': 0.00020614774879284444}. Best is trial 1 with value: 0.09986920985230661.
[I 2026-06-01 23:32:32,716] A new study created in memory with name: no-name-27688902-f8b3-4e9f-8dc8-3c7c340644a2
[I 2026-06-01 23:32:32,819] Trial 0 finished with value: -0.03910106705883938 and parameters: {'confidence_threshold': 0.7437642149592516, 'training_days': 150, 'n_estimators': 152, 'max_depth': 4, 'num_leaves': 50, 'learning_rate': 0.04216766425047743, 'subsample': 0.9903820991923078, 'colsample_bytree': 0.8424148692924316, 'min_child_samples': 58, 'reg_alpha': 3.381097259762742e-05, 'reg_lambda': 1.2263152961306247e-05}. Best is trial 0 with value: -0.03910106705883938.
[I 2026-06-01 23:32:32,892] Trial 1 finished with value: 0.028271779425085398 and parameters: {'confidence_threshold': 0.7551673975844145, 'training_days': 220, 'n_estimators': 76, 'max_depth': 4, 'num_leaves': 51, 'learning_rate': 0.018602118810743477, 'subsample': 0.5877258780737462, 'colsample_bytree': 0.7657756869209191, 'min_child_samples': 63, 'reg_alpha': 0.005123994170264194, 'reg_lambda': 0.44145470178120466}. Best is trial 1 with value: 0.028271779425085398.
[I 2026-06-01 23:32:33,176] Trial 2 finished with value: -0.0006215461471126286 and parameters: {'confidence_threshold': 0.7535593637012223, 'training_days': 310, 'n_estimators': 375, 'max_depth': 3, 'num_leaves': 32, 'learning_rate': 0.021735641882032388, 'subsample': 0.6468570231944146, 'colsample_bytree': 0.8154880619272439, 'min_child_samples': 27, 'reg_alpha': 8.004064028491336e-05, 'reg_lambda': 7.546835261630524e-05}. Best is trial 1 with value: 0.028271779425085398.
[I 2026-06-01 23:32:33,346] Trial 3 finished with value: -0.01996885122291884 and parameters: {'confidence_threshold': 0.6727897841776072, 'training_days': 220, 'n_estimators': 190, 'max_depth': 4, 'num_leaves': 58, 'learning_rate': 0.24810689332636193, 'subsample': 0.7509183379421682, 'colsample_bytree': 0.8119764758960556, 'min_child_samples': 29, 'reg_alpha': 7.1708285081421445e-06, 'reg_lambda': 5.412973582738627e-05}. Best is trial 1 with value: 0.028271779425085398.
[I 2026-06-01 23:32:33,457] Trial 4 finished with value: -0.05257455238070852 and parameters: {'confidence_threshold': 0.803208205259178, 'training_days': 130, 'n_estimators': 267, 'max_depth': 5, 'num_leaves': 40, 'learning_rate': 0.08041175317374143, 'subsample': 0.5603143329951619, 'colsample_bytree': 0.9131704002534167, 'min_child_samples': 68, 'reg_alpha': 0.0008046593428183385, 'reg_lambda': 1.2158346158765583e-05}. Best is trial 1 with value: 0.028271779425085398.
[I 2026-06-01 23:32:33,689] Trial 5 finished with value: -0.028400947252030552 and parameters: {'confidence_threshold': 0.6064422761595144, 'training_days': 210, 'n_estimators': 357, 'max_depth': 5, 'num_leaves': 40, 'learning_rate': 0.0974221287220869, 'subsample': 0.7929682762811064, 'colsample_bytree': 0.8124517510478, 'min_child_samples': 74, 'reg_alpha': 0.3811377260781234, 'reg_lambda': 5.607314238392041e-08}. Best is trial 1 with value: 0.028271779425085398.
[I 2026-06-01 23:32:33,814] Trial 6 finished with value: -0.0333724968584338 and parameters: {'confidence_threshold': 0.7672889945051684, 'training_days': 130, 'n_estimators': 137, 'max_depth': 4, 'num_leaves': 19, 'learning_rate': 0.2031117614248665, 'subsample': 0.8136244860256343, 'colsample_bytree': 0.8617081790949774, 'min_child_samples': 21, 'reg_alpha': 0.002238138278733199, 'reg_lambda': 0.001025809534977322}. Best is trial 1 with value: 0.028271779425085398.
[I 2026-06-01 23:32:33,887] Trial 7 finished with value: -0.08861955142111509 and parameters: {'confidence_threshold': 0.555635875450653, 'training_days': 80, 'n_estimators': 363, 'max_depth': 3, 'num_leaves': 48, 'learning_rate': 0.06590089024008658, 'subsample': 0.6944752870615722, 'colsample_bytree': 0.962566244806993, 'min_child_samples': 88, 'reg_alpha': 1.6465620446426067e-05, 'reg_lambda': 2.4678750890085655e-08}. Best is trial 1 with value: 0.028271779425085398.
[I 2026-06-01 23:32:34,248] Trial 8 finished with value: -0.014247850799647835 and parameters: {'confidence_threshold': 0.6066688256938841, 'training_days': 200, 'n_estimators': 367, 'max_depth': 5, 'num_leaves': 32, 'learning_rate': 0.13377519215934996, 'subsample': 0.7965884582811106, 'colsample_bytree': 0.8458508993500886, 'min_child_samples': 32, 'reg_alpha': 3.889436043816386e-05, 'reg_lambda': 1.4713062489380356e-06}. Best is trial 1 with value: 0.028271779425085398.
