[I 2026-06-01 23:30:23,818] Trial 1 finished with value: 0.009146737779345911 and parameters: {'confidence_threshold': 0.7551673975844145, 'training_days': 220, 'n_estimators': 76, 'max_depth': 4, 'num_leaves': 51, 'learning_rate': 0.018602118810743477, 'subsample': 0.5877258780737462, 'colsample_bytree': 0.7657756869209191, 'min_child_samples': 63, 'reg_alpha': 0.005123994170264194, 'reg_lambda': 0.44145470178120466}. Best is trial 0 with value: 0.09754002741078548.

[lgbm] === Training for 2024-08 ===
  Train window: 2022-08-01 → 2024-07-24
  2171 training samples from 1 symbols
  Samples per month: 2022-08: 93, 2022-09: 90, 2022-10: 93, 2022-11: 90, 2022-12: 93, 2023-01: 93, 2023-02: 84, 2023-03: 93, 2023-04: 90, 2023-05: 93, 2023-06: 90, 2023-07: 93, 2023-08: 93, 2023-09: 90, 2023-10: 93, 2023-11: 90, 2023-12: 93, 2024-01: 93, 2024-02: 87, 2024-03: 93, 2024-04: 90, 2024-05: 93, 2024-06: 90, 2024-07: 71
  [label] 2022-10-01 16:00 LTCUSDT entry=52.8700 → SHORT | long=timeout(-0.31%) short=sl(-5.06%) | scanned=22 | no_tp→fwd_return=-0.2081
  [label] 2022-10-04 00:00 LTCUSDT entry=54.6700 → SHORT | long=sl(-4.46%) short=timeout(+4.95%) | scanned=22 | no_tp→fwd_return=-5.0485
  [label] 2022-10-07 16:00 LTCUSDT entry=52.8200 → SHORT | long=sl(-4.06%) short=tp(+7.83%) | scanned=17 | short_tp_only
  [label] 2022-11-01 08:00 LTCUSDT entry=54.7900 → LONG | long=tp(+9.07%) short=sl(-4.68%) | scanned=3 | long_tp_only
  [label] 2022-12-24 00:00 LTCUSDT entry=65.4900 → LONG | long=tp(+9.12%) short=sl(-4.71%) | scanned=7 | long_tp_only
  [label] 2023-06-08 00:00 LTCUSDT entry=88.0200 → SHORT | long=sl(-5.46%) short=tp(+10.61%) | scanned=6 | short_tp_only
  [label] 2023-06-12 00:00 LTCUSDT entry=75.8400 → LONG | long=sl(-7.49%) short=timeout(-2.08%) | scanned=22 | no_tp→fwd_return=+1.9778
  [label] 2023-06-22 16:00 LTCUSDT entry=85.8900 → SHORT | long=sl(-5.26%) short=sl(-5.26%) | scanned=18 | no_tp→fwd_return=-3.3997
  [label] 2023-08-06 16:00 LTCUSDT entry=82.5300 → SHORT | long=sl(-4.58%) short=timeout(+0.69%) | scanned=22 | no_tp→fwd_return=-0.7876
  [label] 2023-08-15 08:00 LTCUSDT entry=81.3200 → SHORT | long=sl(-2.60%) short=tp(+4.89%) | scanned=1 | short_tp_only
  [label] 2023-11-13 16:00 LTCUSDT entry=71.1400 → SHORT | long=timeout(-2.36%) short=timeout(+2.16%) | scanned=22 | no_tp→fwd_return=-2.2631
  [label] 2023-12-15 16:00 LTCUSDT entry=70.9800 → LONG | long=timeout(+3.68%) short=timeout(-3.88%) | scanned=22 | no_tp→fwd_return=+3.7757
  [label] 2024-01-01 00:00 LTCUSDT entry=73.2700 → SHORT | long=sl(-4.70%) short=tp(+9.10%) | scanned=7 | short_tp_only
  [label] 2024-01-13 16:00 LTCUSDT entry=71.9900 → SHORT | long=sl(-6.80%) short=timeout(+0.76%) | scanned=22 | no_tp→fwd_return=-0.8612
  [label] 2024-02-01 00:00 LTCUSDT entry=66.5500 → LONG | long=timeout(+3.22%) short=timeout(-3.42%) | scanned=22 | no_tp→fwd_return=+3.3208
  [label] 2024-02-07 08:00 LTCUSDT entry=68.0300 → LONG | long=tp(+4.88%) short=sl(-2.59%) | scanned=5 | long_tp_only
  [label] 2024-02-19 16:00 LTCUSDT entry=71.3600 → LONG | long=sl(-3.26%) short=timeout(-1.04%) | scanned=22 | no_tp→fwd_return=+0.9389
  [label] 2024-03-30 08:00 LTCUSDT entry=102.4100 → SHORT | long=sl(-7.96%) short=sl(-7.96%) | scanned=8 | no_tp→fwd_return=-3.2809
  [label] 2024-04-09 00:00 LTCUSDT entry=100.1900 → SHORT | long=sl(-6.81%) short=tp(+13.32%) | scanned=11 | short_tp_only
  [label] 2024-07-04 08:00 LTCUSDT entry=68.9700 → SHORT | long=sl(-4.85%) short=tp(+9.40%) | scanned=2 | short_tp_only
  Labels: 1116 long (51.4%), 1055 short (48.6%) | weights: min=1.00, mean=3.39, max=10.00
  Features: 2171/2171 matched, 49 columns
  CV gap: 22 rows
  [ensemble 1/3] seed=42
    [trial 0] 49 features, training_days=480 | threshold=0.631 | labels: 1116 long, 1055 short (51/49%)
    [CV fold 0] train_end=2022-11-23 08:00 | val_start=2022-12-01 00:00 | gap=184h (22 rows)
    [CV fold 1] train_end=2023-03-23 16:00 | val_start=2023-03-31 08:00 | gap=184h (22 rows)
    [CV fold 2] train_end=2023-07-22 00:00 | val_start=2023-07-29 16:00 | gap=184h (22 rows)
    [CV fold 3] train_end=2023-11-19 08:00 | val_start=2023-11-27 00:00 | gap=184h (22 rows)
    [CV fold 4] train_end=2024-03-18 16:00 | val_start=2024-03-26 08:00 | gap=184h (22 rows)
    [trial 0] Sharpe=0.1128 (folds: 0.0575, 0.1009, -0.0393, 0.1954, 0.2494)
    [trial 1] 49 features, training_days=420 | threshold=0.839 | labels: 1116 long, 1055 short (51/49%)
    [trial 1] Sharpe=-0.1112 (folds: 0.0269, -0.4222, -0.0925, 0.2325, -0.3004)
    [trial 2] 49 features, training_days=190 | threshold=0.602 | labels: 1116 long, 1055 short (51/49%)
    [trial 2] Sharpe=0.0537 (folds: -0.0583, 0.0184, 0.1482, 0.0618, 0.0986)
    [trial 3] 49 features, training_days=490 | threshold=0.832 | labels: 1116 long, 1055 short (51/49%)
    [trial 3] Sharpe=0.0594 (folds: 0.0010, -0.0785, 0.0074, 0.1113, 0.2560)
    [trial 4] 49 features, training_days=340 | threshold=0.591 | labels: 1116 long, 1055 short (51/49%)
    [trial 4] Sharpe=0.0907 (folds: 0.0225, 0.0665, -0.0529, 0.1308, 0.2867)
    [trial 5] 49 features, training_days=50 | threshold=0.823 | labels: 1116 long, 1055 short (51/49%)
    [trial 5] Sharpe=0.0404 (folds: 0.0851, -0.0471, -0.1003, 0.3632, -0.0990)
    [trial 6] 49 features, training_days=410 | threshold=0.549 | labels: 1116 long, 1055 short (51/49%)
    [trial 6] Sharpe=0.1175 (folds: 0.0110, 0.0101, -0.0188, 0.3038, 0.2814)
    [trial 7] 49 features, training_days=180 | threshold=0.526 | labels: 1116 long, 1055 short (51/49%)
    [trial 7] Sharpe=0.0840 (folds: 0.0724, 0.0293, 0.1646, 0.0436, 0.1100)
    [trial 8] 49 features, training_days=240 | threshold=0.811 | labels: 1116 long, 1055 short (51/49%)
    [trial 8] Sharpe=0.0395 (folds: 0.0497, -0.1488, -0.0717, 0.1953, 0.1729)
    [trial 9] 49 features, training_days=20 | threshold=0.538 | labels: 1116 long, 1055 short (51/49%)
    [trial 9] Sharpe=-0.0248 (folds: 0.1649, -0.1069, 0.0593, -0.1178, -0.1233)
    [trial 10] 49 features, training_days=350 | threshold=0.738 | labels: 1116 long, 1055 short (51/49%)
    [trial 10] Sharpe=0.1215 (folds: -0.0698, 0.0290, -0.0103, 0.4096, 0.2492)
    [trial 11] 49 features, training_days=340 | threshold=0.716 | labels: 1116 long, 1055 short (51/49%)
    [trial 11] Sharpe=0.1197 (folds: 0.0153, -0.0870, 0.0907, 0.2790, 0.3007)
    [trial 12] 49 features, training_days=320 | threshold=0.730 | labels: 1116 long, 1055 short (51/49%)
    [trial 12] Sharpe=0.0894 (folds: 0.0143, -0.0496, -0.0586, 0.3157, 0.2252)
    [trial 13] 49 features, training_days=320 | threshold=0.720 | labels: 1116 long, 1055 short (51/49%)
    [trial 13] Sharpe=0.0959 (folds: 0.0431, -0.0814, -0.0040, 0.2664, 0.2552)
    [trial 14] 49 features, training_days=380 | threshold=0.747 | labels: 1116 long, 1055 short (51/49%)
    [trial 14] Sharpe=0.0828 (folds: -0.0358, -0.0841, 0.0708, 0.3035, 0.1595)
    [trial 15] 49 features, training_days=250 | threshold=0.675 | labels: 1116 long, 1055 short (51/49%)
    [trial 15] Sharpe=0.0300 (folds: -0.0479, -0.0564, -0.0702, 0.2009, 0.1234)
    [trial 16] 49 features, training_days=290 | threshold=0.777 | labels: 1116 long, 1055 short (51/49%)
    [trial 16] Sharpe=0.0743 (folds: 0.0694, -0.0952, -0.0518, 0.2182, 0.2307)
    [trial 17] 49 features, training_days=150 | threshold=0.683 | labels: 1116 long, 1055 short (51/49%)
    [trial 17] Sharpe=0.0436 (folds: -0.0647, 0.0076, 0.2446, 0.0142, 0.0163)
  Optuna: 18 trials, best Sharpe = 0.1215
  Best params: n_estimators=487, max_depth=5, lr=0.0114, leaves=62
  Best confidence_threshold: 0.738
  Best training_days: 350
  Retrained on full data (1050 samples, 49 features)
  [ensemble 2/3] seed=123
    [trial 0] 49 features, training_days=150 | threshold=0.744 | labels: 1116 long, 1055 short (51/49%)
    [CV fold 0] train_end=2022-11-23 08:00 | val_start=2022-12-01 00:00 | gap=184h (22 rows)
    [CV fold 1] train_end=2023-03-23 16:00 | val_start=2023-03-31 08:00 | gap=184h (22 rows)
    [CV fold 2] train_end=2023-07-22 00:00 | val_start=2023-07-29 16:00 | gap=184h (22 rows)
    [CV fold 3] train_end=2023-11-19 08:00 | val_start=2023-11-27 00:00 | gap=184h (22 rows)
    [CV fold 4] train_end=2024-03-18 16:00 | val_start=2024-03-26 08:00 | gap=184h (22 rows)
    [trial 0] Sharpe=0.0975 (folds: 0.0599, -0.0106, 0.3351, 0.0150, 0.0884)
    [trial 1] 49 features, training_days=220 | threshold=0.755 | labels: 1116 long, 1055 short (51/49%)
    [trial 1] Sharpe=0.0091 (folds: 0.1722, -0.0020, -0.0466, -0.0678, -0.0102)
    [trial 2] 49 features, training_days=310 | threshold=0.754 | labels: 1116 long, 1055 short (51/49%)[I 2026-06-01 23:30:24,077] Trial 2 finished with value: 0.05854799080290405 and parameters: {'confidence_threshold': 0.7535593637012223, 'training_days': 310, 'n_estimators': 375, 'max_depth': 3, 'num_leaves': 32, 'learning_rate': 0.021735641882032388, 'subsample': 0.6468570231944146, 'colsample_bytree': 0.8154880619272439, 'min_child_samples': 27, 'reg_alpha': 8.004064028491336e-05, 'reg_lambda': 7.546835261630524e-05}. Best is trial 0 with value: 0.09754002741078548.
[I 2026-06-01 23:30:24,257] Trial 3 finished with value: 0.05339309371336802 and parameters: {'confidence_threshold': 0.6727897841776072, 'training_days': 220, 'n_estimators': 190, 'max_depth': 4, 'num_leaves': 58, 'learning_rate': 0.24810689332636193, 'subsample': 0.7509183379421682, 'colsample_bytree': 0.8119764758960556, 'min_child_samples': 29, 'reg_alpha': 7.1708285081421445e-06, 'reg_lambda': 5.412973582738627e-05}. Best is trial 0 with value: 0.09754002741078548.
[I 2026-06-01 23:30:24,384] Trial 4 finished with value: 0.05040814906465653 and parameters: {'confidence_threshold': 0.803208205259178, 'training_days': 130, 'n_estimators': 267, 'max_depth': 5, 'num_leaves': 40, 'learning_rate': 0.08041175317374143, 'subsample': 0.5603143329951619, 'colsample_bytree': 0.9131704002534167, 'min_child_samples': 68, 'reg_alpha': 0.0008046593428183385, 'reg_lambda': 1.2158346158765583e-05}. Best is trial 0 with value: 0.09754002741078548.
[I 2026-06-01 23:30:24,643] Trial 5 finished with value: 0.052711178014772285 and parameters: {'confidence_threshold': 0.6064422761595144, 'training_days': 210, 'n_estimators': 357, 'max_depth': 5, 'num_leaves': 40, 'learning_rate': 0.0974221287220869, 'subsample': 0.7929682762811064, 'colsample_bytree': 0.8124517510478, 'min_child_samples': 74, 'reg_alpha': 0.3811377260781234, 'reg_lambda': 5.607314238392041e-08}. Best is trial 0 with value: 0.09754002741078548.
[I 2026-06-01 23:30:24,771] Trial 6 finished with value: 0.09666905954738828 and parameters: {'confidence_threshold': 0.7672889945051684, 'training_days': 130, 'n_estimators': 137, 'max_depth': 4, 'num_leaves': 19, 'learning_rate': 0.2031117614248665, 'subsample': 0.8136244860256343, 'colsample_bytree': 0.8617081790949774, 'min_child_samples': 21, 'reg_alpha': 0.002238138278733199, 'reg_lambda': 0.001025809534977322}. Best is trial 0 with value: 0.09754002741078548.
[I 2026-06-01 23:30:24,855] Trial 7 finished with value: 0.06624047585920509 and parameters: {'confidence_threshold': 0.555635875450653, 'training_days': 80, 'n_estimators': 363, 'max_depth': 3, 'num_leaves': 48, 'learning_rate': 0.06590089024008658, 'subsample': 0.6944752870615722, 'colsample_bytree': 0.962566244806993, 'min_child_samples': 88, 'reg_alpha': 1.6465620446426067e-05, 'reg_lambda': 2.4678750890085655e-08}. Best is trial 0 with value: 0.09754002741078548.
[I 2026-06-01 23:30:25,213] Trial 8 finished with value: 0.07651629372848975 and parameters: {'confidence_threshold': 0.6066688256938841, 'training_days': 200, 'n_estimators': 367, 'max_depth': 5, 'num_leaves': 32, 'learning_rate': 0.13377519215934996, 'subsample': 0.7965884582811106, 'colsample_bytree': 0.8458508993500886, 'min_child_samples': 32, 'reg_alpha': 3.889436043816386e-05, 'reg_lambda': 1.4713062489380356e-06}. Best is trial 0 with value: 0.09754002741078548.
[I 2026-06-01 23:30:25,454] Trial 9 finished with value: 0.07239037703284468 and parameters: {'confidence_threshold': 0.6202096049169137, 'training_days': 260, 'n_estimators': 350, 'max_depth': 3, 'num_leaves': 21, 'learning_rate': 0.02989540198065364, 'subsample': 0.8307821683331218, 'colsample_bytree': 0.923253112635361, 'min_child_samples': 64, 'reg_alpha': 0.4898604619604203, 'reg_lambda': 2.9076377687066166e-05}. Best is trial 0 with value: 0.09754002741078548.
[I 2026-06-01 23:30:25,916] Trial 10 finished with value: 0.12552773077908969 and parameters: {'confidence_threshold': 0.8445241688507242, 'training_days': 470, 'n_estimators': 493, 'max_depth': 4, 'num_leaves': 63, 'learning_rate': 0.010221918552934462, 'subsample': 0.9783426417503635, 'colsample_bytree': 0.6202684210924141, 'min_child_samples': 46, 'reg_alpha': 1.452403597240567e-08, 'reg_lambda': 0.02027317446694866}. Best is trial 10 with value: 0.12552773077908969.
[I 2026-06-01 23:30:26,388] Trial 11 finished with value: 0.10048033362831307 and parameters: {'confidence_threshold': 0.8371297552840329, 'training_days': 500, 'n_estimators': 493, 'max_depth': 4, 'num_leaves': 63, 'learning_rate': 0.010535067237031162, 'subsample': 0.9966490606779976, 'colsample_bytree': 0.6012148974081734, 'min_child_samples': 46, 'reg_alpha': 1.0426346455626849e-08, 'reg_lambda': 0.013837348285062523}. Best is trial 10 with value: 0.12552773077908969.
[I 2026-06-01 23:30:26,878] Trial 12 finished with value: 0.11131781189434428 and parameters: {'confidence_threshold': 0.830632524875604, 'training_days': 500, 'n_estimators': 499, 'max_depth': 4, 'num_leaves': 63, 'learning_rate': 0.010201143194486034, 'subsample': 0.9933078172762936, 'colsample_bytree': 0.5773925919454104, 'min_child_samples': 44, 'reg_alpha': 1.344494055958746e-08, 'reg_lambda': 0.03524119936949945}. Best is trial 10 with value: 0.12552773077908969.
[I 2026-06-01 23:30:27,359] Trial 13 finished with value: 0.10915876980049388 and parameters: {'confidence_threshold': 0.8320048612945233, 'training_days': 500, 'n_estimators': 475, 'max_depth': 4, 'num_leaves': 63, 'learning_rate': 0.011020432354152414, 'subsample': 0.9119959090240222, 'colsample_bytree': 0.5792216193437131, 'min_child_samples': 45, 'reg_alpha': 1.2419611598780627e-08, 'reg_lambda': 3.080800735392863}. Best is trial 10 with value: 0.12552773077908969.
[I 2026-06-01 23:30:27,692] Trial 14 finished with value: 0.05965947579699522 and parameters: {'confidence_threshold': 0.6968624890517784, 'training_days': 400, 'n_estimators': 436, 'max_depth': 3, 'num_leaves': 56, 'learning_rate': 0.01645102485501106, 'subsample': 0.9182426786262438, 'colsample_bytree': 0.5031228416490063, 'min_child_samples': 45, 'reg_alpha': 2.96352104404644e-07, 'reg_lambda': 0.02492873824690906}. Best is trial 10 with value: 0.12552773077908969.
[I 2026-06-01 23:30:28,082] Trial 15 finished with value: 0.07576226562141762 and parameters: {'confidence_threshold': 0.5026055290809989, 'training_days': 410, 'n_estimators': 435, 'max_depth': 4, 'num_leaves': 56, 'learning_rate': 0.037392478764815176, 'subsample': 0.9115410042553391, 'colsample_bytree': 0.6598144071397032, 'min_child_samples': 50, 'reg_alpha': 3.342533486736337e-07, 'reg_lambda': 0.0077557552924492675}. Best is trial 10 with value: 0.12552773077908969.
[I 2026-06-01 23:30:28,444] Trial 16 finished with value: 0.10772715895537302 and parameters: {'confidence_threshold': 0.7978506352330715, 'training_days': 400, 'n_estimators': 279, 'max_depth': 5, 'num_leaves': 45, 'learning_rate': 0.013930573952768954, 'subsample': 0.9471688484606409, 'colsample_bytree': 0.6827002431360678, 'min_child_samples': 37, 'reg_alpha': 4.4893653936282565e-07, 'reg_lambda': 0.5009197426674707}. Best is trial 10 with value: 0.12552773077908969.
[I 2026-06-01 23:30:28,770] Trial 17 finished with value: 0.055114222830928795 and parameters: {'confidence_threshold': 0.7110519736587814, 'training_days': 450, 'n_estimators': 429, 'max_depth': 4, 'num_leaves': 59, 'learning_rate': 0.02514439255563828, 'subsample': 0.8513391437161093, 'colsample_bytree': 0.5225343572251958, 'min_child_samples': 82, 'reg_alpha': 7.752770722579206e-08, 'reg_lambda': 0.0010679301730705543}. Best is trial 10 with value: 0.12552773077908969.
[I 2026-06-01 23:30:29,231] A new study created in memory with name: no-name-bcc94f1b-2c48-4bcb-919c-4022a3f804a8
[I 2026-06-01 23:30:29,433] Trial 0 finished with value: 0.0659797797055999 and parameters: {'confidence_threshold': 0.5870645682749857, 'training_days': 90, 'n_estimators': 403, 'max_depth': 5, 'num_leaves': 45, 'learning_rate': 0.0780457193679974, 'subsample': 0.9428509515574568, 'colsample_bytree': 0.8795587339164916, 'min_child_samples': 34, 'reg_alpha': 2.2465901234314442e-07, 'reg_lambda': 8.339007036475363e-05}. Best is trial 0 with value: 0.0659797797055999.
[I 2026-06-01 23:30:29,541] Trial 1 finished with value: 0.12640453038995778 and parameters: {'confidence_threshold': 0.6348453934275313, 'training_days': 290, 'n_estimators': 115, 'max_depth': 5, 'num_leaves': 37, 'learning_rate': 0.06949568759029946, 'subsample': 0.8228505074024268, 'colsample_bytree': 0.8616703220431751, 'min_child_samples': 75, 'reg_alpha': 4.2486822725010923e-07, 'reg_lambda': 1.157247767047042e-07}. Best is trial 1 with value: 0.12640453038995778.
[I 2026-06-01 23:30:29,564] Trial 2 finished with value: 0.033402676351460235 and parameters: {'confidence_threshold': 0.5849570384370288, 'training_days': 10, 'n_estimators': 212, 'max_depth': 3, 'num_leaves': 41, 'learning_rate': 0.18452095998378365, 'subsample': 0.6001060822924371, 'colsample_bytree': 0.5673167293506167, 'min_child_samples': 37, 'reg_alpha': 5.733250064217131, 'reg_lambda': 0.5308454292595461}. Best is trial 1 with value: 0.12640453038995778.
[I 2026-06-01 23:30:29,652] Trial 3 finished with value: 0.10846629003028552 and parameters: {'confidence_threshold': 0.6868248626683718, 'training_days': 220, 'n_estimators': 134, 'max_depth': 3, 'num_leaves': 45, 'learning_rate': 0.033529007907491595, 'subsample': 0.8647277071858408, 'colsample_bytree': 0.778494116634046, 'min_child_samples': 96, 'reg_alpha': 2.409409937265785e-07, 'reg_lambda': 1.1642073478060009}. Best is trial 1 with value: 0.12640453038995778.
[I 2026-06-01 23:30:29,747] Trial 4 finished with value: 0.08923653099774467 and parameters: {'confidence_threshold': 0.5623121348350352, 'training_days': 300, 'n_estimators': 69, 'max_depth': 4, 'num_leaves': 32, 'learning_rate': 0.14967629360700346, 'subsample': 0.5054535233636654, 'colsample_bytree': 0.7401385194659216, 'min_child_samples': 27, 'reg_alpha': 1.4212042567426725e-07, 'reg_lambda': 0.23605753701352003}. Best is trial 1 with value: 0.12640453038995778.
[I 2026-06-01 23:30:30,205] Trial 5 finished with value: 0.066036380424554 and parameters: {'confidence_threshold': 0.7111850244908446, 'training_days': 490, 'n_estimators': 362, 'max_depth': 5, 'num_leaves': 40, 'learning_rate': 0.05960785724162737, 'subsample': 0.5589714368907717, 'colsample_bytree': 0.6659006943232806, 'min_child_samples': 42, 'reg_alpha': 0.6741360303045295, 'reg_lambda': 6.054601607143087e-08}. Best is trial 1 with value: 0.12640453038995778.
[I 2026-06-01 23:30:30,391] Trial 6 finished with value: 0.09254210138591998 and parameters: {'confidence_threshold': 0.667482545748023, 'training_days': 420, 'n_estimators': 279, 'max_depth': 3, 'num_leaves': 45, 'learning_rate': 0.040099592560849204, 'subsample': 0.8563114696415159, 'colsample_bytree': 0.5442917781944105, 'min_child_samples': 50, 'reg_alpha': 1.6407916423707903e-08, 'reg_lambda': 2.935907642973286e-05}. Best is trial 1 with value: 0.12640453038995778.
[I 2026-06-01 23:30:30,551] Trial 7 finished with value: 0.05512531611343015 and parameters: {'confidence_threshold': 0.5497381024139926, 'training_days': 120, 'n_estimators': 408, 'max_depth': 5, 'num_leaves': 38, 'learning_rate': 0.28049122657745795, 'subsample': 0.8806573338635493, 'colsample_bytree': 0.5454054113547102, 'min_child_samples': 63, 'reg_alpha': 0.01263008637940408, 'reg_lambda': 0.04588020805366937}. Best is trial 1 with value: 0.12640453038995778.
[I 2026-06-01 23:30:30,846] Trial 8 finished with value: 0.05659281181210287 and parameters: {'confidence_threshold': 0.719644804808716, 'training_days': 450, 'n_estimators': 410, 'max_depth': 4, 'num_leaves': 57, 'learning_rate': 0.04022026551478857, 'subsample': 0.5336085426932707, 'colsample_bytree': 0.5705742850577543, 'min_child_samples': 100, 'reg_alpha': 5.916398047912201e-07, 'reg_lambda': 0.9794034214488329}. Best is trial 1 with value: 0.12640453038995778.
[I 2026-06-01 23:30:30,873] Trial 9 finished with value: -3.9765515899085697 and parameters: {'confidence_threshold': 0.7267463643917187, 'training_days': 20, 'n_estimators': 337, 'max_depth': 5, 'num_leaves': 23, 'learning_rate': 0.022153031811454605, 'subsample': 0.6305627572358737, 'colsample_bytree': 0.6613413774216214, 'min_child_samples': 81, 'reg_alpha': 5.7638634029410314e-08, 'reg_lambda': 8.26603016764008}. Best is trial 1 with value: 0.12640453038995778.
[I 2026-06-01 23:30:31,059] Trial 10 finished with value: -3.9681546082895225 and parameters: {'confidence_threshold': 0.8398533911817929, 'training_days': 320, 'n_estimators': 181, 'max_depth': 4, 'num_leaves': 15, 'learning_rate': 0.013684491588422613, 'subsample': 0.7320664585010437, 'colsample_bytree': 0.9944479338273263, 'min_child_samples': 74, 'reg_alpha': 4.136971884522066e-05, 'reg_lambda': 1.4599322889399585e-08}. Best is trial 1 with value: 0.12640453038995778.
[I 2026-06-01 23:30:31,117] Trial 11 finished with value: 0.10770620895483111 and parameters: {'confidence_threshold': 0.6435110568867387, 'training_days': 210, 'n_estimators': 53, 'max_depth': 3, 'num_leaves': 54, 'learning_rate': 0.09545304377912815, 'subsample': 0.7822362848789972, 'colsample_bytree': 0.8566211708639163, 'min_child_samples': 100, 'reg_alpha': 2.5646023357365184e-05, 'reg_lambda': 1.8393286658602933e-06}. Best is trial 1 with value: 0.12640453038995778.
