[I 2026-06-01 23:32:59,589] Trial 9 finished with value: 0.0714545062579049 and parameters: {'confidence_threshold': 0.6202096049169137, 'training_days': 260, 'n_estimators': 350, 'max_depth': 3, 'num_leaves': 21, 'learning_rate': 0.02989540198065364, 'subsample': 0.8307821683331218, 'colsample_bytree': 0.923253112635361, 'min_child_samples': 64, 'reg_alpha': 0.4898604619604203, 'reg_lambda': 2.9076377687066166e-05}. Best is trial 1 with value: 0.18332830967849997.
[I 2026-06-01 23:33:00,065] Trial 10 finished with value: 0.13861861094765202 and parameters: {'confidence_threshold': 0.8445241688507242, 'training_days': 470, 'n_estimators': 493, 'max_depth': 4, 'num_leaves': 63, 'learning_rate': 0.010221918552934462, 'subsample': 0.5019190721168774, 'colsample_bytree': 0.6202684210924141, 'min_child_samples': 47, 'reg_alpha': 2.371385268938747e-08, 'reg_lambda': 1.7987349911222597}. Best is trial 1 with value: 0.18332830967849997.
[I 2026-06-01 23:33:00,522] Trial 11 finished with value: 0.13969588222878224 and parameters: {'confidence_threshold': 0.8371297552840329, 'training_days': 480, 'n_estimators': 493, 'max_depth': 4, 'num_leaves': 63, 'learning_rate': 0.010535067237031154, 'subsample': 0.5082312939353781, 'colsample_bytree': 0.625107197757402, 'min_child_samples': 47, 'reg_alpha': 1.0529589035799712e-08, 'reg_lambda': 2.2589911631542003}. Best is trial 1 with value: 0.18332830967849997.
[I 2026-06-01 23:33:00,600] Trial 12 finished with value: -10.0 and parameters: {'confidence_threshold': 0.830632524875604, 'training_days': 400, 'n_estimators': 51, 'max_depth': 4, 'num_leaves': 54, 'learning_rate': 0.010231472991588475, 'subsample': 0.6032252901108627, 'colsample_bytree': 0.6669454130036883, 'min_child_samples': 47, 'reg_alpha': 1.753113717811339e-08, 'reg_lambda': 3.4309645602811933}. Best is trial 1 with value: 0.18332830967849997.
[I 2026-06-01 23:33:00,629] Trial 13 finished with value: -4.109799501121065 and parameters: {'confidence_threshold': 0.7216410707571145, 'training_days': 10, 'n_estimators': 475, 'max_depth': 4, 'num_leaves': 63, 'learning_rate': 0.017797220503138828, 'subsample': 0.5024707401359401, 'colsample_bytree': 0.5443982906148261, 'min_child_samples': 46, 'reg_alpha': 0.024510194560445127, 'reg_lambda': 0.03416332834075164}. Best is trial 1 with value: 0.18332830967849997.
[I 2026-06-01 23:33:00,704] Trial 14 finished with value: 0.23622194240611666 and parameters: {'confidence_threshold': 0.6968624890517784, 'training_days': 350, 'n_estimators': 60, 'max_depth': 4, 'num_leaves': 47, 'learning_rate': 0.01645102485501106, 'subsample': 0.5813503122413209, 'colsample_bytree': 0.7101988997477608, 'min_child_samples': 80, 'reg_alpha': 8.70158361284731e-07, 'reg_lambda': 0.07770455863008943}. Best is trial 14 with value: 0.23622194240611666.

  [label] 2025-01-06 08:00 LTCUSDT entry=114.3800 → SHORT | long=sl(-5.33%) short=tp(+10.36%) | scanned=4 | short_tp_only
  [label] 2025-01-18 16:00 LTCUSDT entry=125.3400 → SHORT | long=sl(-9.69%) short=timeout(+1.06%) | scanned=22 | no_tp→fwd_return=-1.1648
  [label] 2025-02-27 08:00 LTCUSDT entry=128.6600 → SHORT | long=sl(-10.44%) short=tp(+20.58%) | scanned=14 | short_tp_only
  [label] 2025-03-09 00:00 LTCUSDT entry=101.3300 → SHORT | long=sl(-9.72%) short=timeout(+9.01%) | scanned=22 | no_tp→fwd_return=-9.1089
  [label] 2025-06-03 08:00 LTCUSDT entry=89.8400 → LONG | long=sl(-4.79%) short=timeout(-1.30%) | scanned=22 | no_tp→fwd_return=+1.2021
  Labels: 1046 long (48.2%), 1125 short (51.8%) | weights: min=1.00, mean=2.96, max=10.00
  Features: 2171/2171 matched, 49 columns
  CV gap: 22 rows
  [ensemble 1/3] seed=42
    [trial 0] 49 features, training_days=480 | threshold=0.631 | labels: 1046 long, 1125 short (48/52%)
    [CV fold 0] train_end=2023-10-23 08:00 | val_start=2023-10-31 00:00 | gap=184h (22 rows)
    [CV fold 1] train_end=2024-02-20 16:00 | val_start=2024-02-28 08:00 | gap=184h (22 rows)
    [CV fold 2] train_end=2024-06-20 00:00 | val_start=2024-06-27 16:00 | gap=184h (22 rows)
    [CV fold 3] train_end=2024-10-18 08:00 | val_start=2024-10-26 00:00 | gap=184h (22 rows)
    [CV fold 4] train_end=2025-02-15 16:00 | val_start=2025-02-23 08:00 | gap=184h (22 rows)
    [trial 0] Sharpe=0.0451 (folds: 0.1213, 0.1646, 0.1795, 0.0391, -0.2791)
    [trial 1] 49 features, training_days=420 | threshold=0.839 | labels: 1046 long, 1125 short (48/52%)
    [trial 1] Sharpe=0.1659 (folds: 0.0670, 0.2340, 0.3905, 0.1970, -0.0591)
    [trial 2] 49 features, training_days=190 | threshold=0.602 | labels: 1046 long, 1125 short (48/52%)
    [trial 2] Sharpe=0.0785 (folds: 0.1498, 0.2221, 0.0402, 0.1423, -0.1618)
    [trial 3] 49 features, training_days=490 | threshold=0.832 | labels: 1046 long, 1125 short (48/52%)
    [trial 3] Sharpe=0.0588 (folds: 0.1313, 0.1806, 0.1589, 0.0860, -0.2630)
    [trial 4] 49 features, training_days=340 | threshold=0.591 | labels: 1046 long, 1125 short (48/52%)
    [trial 4] Sharpe=0.0301 (folds: 0.1954, 0.2079, 0.0341, 0.0414, -0.3282)
    [trial 5] 49 features, training_days=50 | threshold=0.823 | labels: 1046 long, 1125 short (48/52%)
    [trial 5] Sharpe=-0.0221 (folds: 0.3960, 0.2155, -0.5157, 0.1886, -0.3949)
    [trial 6] 49 features, training_days=410 | threshold=0.549 | labels: 1046 long, 1125 short (48/52%)
    [trial 6] Sharpe=0.0308 (folds: 0.1200, 0.2214, 0.1014, 0.0427, -0.3313)
    [trial 7] 49 features, training_days=180 | threshold=0.526 | labels: 1046 long, 1125 short (48/52%)
    [trial 7] Sharpe=0.0765 (folds: 0.1468, 0.1463, 0.0681, 0.1366, -0.1156)
    [trial 8] 49 features, training_days=240 | threshold=0.811 | labels: 1046 long, 1125 short (48/52%)
    [trial 8] Sharpe=0.1157 (folds: 0.1227, 0.1856, 0.2816, 0.1561, -0.1675)
    [trial 9] 49 features, training_days=20 | threshold=0.538 | labels: 1046 long, 1125 short (48/52%)
    [trial 9] Sharpe=-0.0891 (folds: -0.1589, 0.1236, -0.2056, 0.1507, -0.3554)
    [trial 10] 49 features, training_days=350 | threshold=0.729 | labels: 1046 long, 1125 short (48/52%)
    [trial 10] Sharpe=0.1090 (folds: 0.1981, 0.1511, 0.3065, 0.1117, -0.2223)
    [trial 11] 49 features, training_days=250 | threshold=0.744 | labels: 1046 long, 1125 short (48/52%)
    [trial 11] Sharpe=0.0910 (folds: 0.0990, 0.1586, 0.1403, 0.1810, -0.1240)
    [trial 12] 49 features, training_days=270 | threshold=0.772 | labels: 1046 long, 1125 short (48/52%)
    [trial 12] Sharpe=0.0806 (folds: 0.1668, 0.1536, 0.1804, 0.1478, -0.2458)
    [trial 13] 49 features, training_days=150 | threshold=0.849 | labels: 1046 long, 1125 short (48/52%)
    [trial 13] Sharpe=0.0606 (folds: 0.0681, 0.2769, -0.1477, 0.1792, -0.0734)
    [trial 14] 49 features, training_days=380 | threshold=0.690 | labels: 1046 long, 1125 short (48/52%)
    [trial 14] Sharpe=0.0557 (folds: 0.0755, 0.1502, 0.1602, 0.1292, -0.2366)
    [trial 15] 49 features, training_days=260 | threshold=0.790 | labels: 1046 long, 1125 short (48/52%)
    [trial 15] Sharpe=-1.4579 (folds: -0.0354, 0.5660, 1.7111, 0.4688, -10.0000)
    [trial 16] 49 features, training_days=100 | threshold=0.788 | labels: 1046 long, 1125 short (48/52%)
    [trial 16] Sharpe=-0.0295 (folds: 0.0215, 0.1628, -0.2068, 0.0714, -0.1966)
    [trial 17] 49 features, training_days=440 | threshold=0.680 | labels: 1046 long, 1125 short (48/52%)
    [trial 17] Sharpe=0.0616 (folds: 0.1271, 0.1902, 0.0839, 0.1255, -0.2189)
  Optuna: 18 trials, best Sharpe = 0.1659
  Best params: n_estimators=145, max_depth=3, lr=0.0281, leaves=23
  Best confidence_threshold: 0.839
  Best training_days: 420
  Retrained on full data (1260 samples, 49 features)
  [ensemble 2/3] seed=123
    [trial 0] 49 features, training_days=150 | threshold=0.744 | labels: 1046 long, 1125 short (48/52%)
    [CV fold 0] train_end=2023-10-23 08:00 | val_start=2023-10-31 00:00 | gap=184h (22 rows)
    [CV fold 1] train_end=2024-02-20 16:00 | val_start=2024-02-28 08:00 | gap=184h (22 rows)
    [CV fold 2] train_end=2024-06-20 00:00 | val_start=2024-06-27 16:00 | gap=184h (22 rows)
    [CV fold 3] train_end=2024-10-18 08:00 | val_start=2024-10-26 00:00 | gap=184h (22 rows)
    [CV fold 4] train_end=2025-02-15 16:00 | val_start=2025-02-23 08:00 | gap=184h (22 rows)
    [trial 0] Sharpe=0.0473 (folds: 0.0901, 0.2365, -0.2337, 0.1689, -0.0253)
    [trial 1] 49 features, training_days=220 | threshold=0.755 | labels: 1046 long, 1125 short (48/52%)
    [trial 1] Sharpe=0.1833 (folds: 0.0203, 0.3997, 0.5179, 0.2095, -0.2308)
    [trial 2] 49 features, training_days=310 | threshold=0.754 | labels: 1046 long, 1125 short (48/52%)
    [trial 2] Sharpe=0.0558 (folds: 0.1164, 0.1484, 0.1913, 0.0956, -0.2728)
    [trial 3] 49 features, training_days=220 | threshold=0.673 | labels: 1046 long, 1125 short (48/52%)
    [trial 3] Sharpe=0.0833 (folds: 0.0793, 0.2026, 0.0416, 0.1842, -0.0912)
    [trial 4] 49 features, training_days=130 | threshold=0.803 | labels: 1046 long, 1125 short (48/52%)
    [trial 4] Sharpe=0.0112 (folds: 0.1142, 0.1753, -0.3095, 0.1001, -0.0242)
    [trial 5] 49 features, training_days=210 | threshold=0.606 | labels: 1046 long, 1125 short (48/52%)
    [trial 5] Sharpe=0.0726 (folds: 0.1034, 0.2923, -0.0374, 0.0944, -0.0895)
    [trial 6] 49 features, training_days=130 | threshold=0.767 | labels: 1046 long, 1125 short (48/52%)
    [trial 6] Sharpe=0.0253 (folds: 0.1207, 0.1566, -0.2542, 0.1772, -0.0736)
    [trial 7] 49 features, training_days=80 | threshold=0.556 | labels: 1046 long, 1125 short (48/52%)
    [trial 7] Sharpe=0.0239 (folds: 0.1229, 0.1377, -0.1375, 0.0384, -0.0420)
    [trial 8] 49 features, training_days=200 | threshold=0.607 | labels: 1046 long, 1125 short (48/52%)
    [trial 8] Sharpe=0.0650 (folds: 0.0474, 0.2218, 0.0377, 0.1640, -0.1460)
    [trial 9] 49 features, training_days=260 | threshold=0.620 | labels: 1046 long, 1125 short (48/52%)
    [trial 9] Sharpe=0.0715 (folds: 0.1169, 0.1582, 0.1404, 0.1249, -0.1831)
    [trial 10] 49 features, training_days=470 | threshold=0.845 | labels: 1046 long, 1125 short (48/52%)
    [trial 10] Sharpe=0.1386 (folds: 0.0417, 0.2328, 0.5640, 0.1927, -0.3382)
    [trial 11] 49 features, training_days=480 | threshold=0.837 | labels: 1046 long, 1125 short (48/52%)
    [trial 11] Sharpe=0.1397 (folds: 0.0868, 0.2804, 0.5467, 0.1352, -0.3506)
    [trial 12] 49 features, training_days=400 | threshold=0.831 | labels: 1046 long, 1125 short (48/52%)
    [trial 12] Sharpe=-10.0000 (folds: -10.0000, -10.0000, -10.0000, -10.0000, -10.0000)
    [trial 13] 49 features, training_days=10 | threshold=0.722 | labels: 1046 long, 1125 short (48/52%)
    [trial 13] Sharpe=-4.1098 (folds: -0.1589, -10.0000, -0.2056, -0.1845, -10.0000)
    [trial 14] 49 features, training_days=350 | threshold=0.697 | labels: 1046 long, 1125 short (48/52%)
    [trial 14] Sharpe=0.2362 (folds: 0.2065, 0.3521, 0.8066, 0.2504, -0.4345)
    [trial 15] 49 features, training_days=360 | threshold=0.681 | labels: 1046 long, 1125 short (48/52%)
    [trial 15] Sharpe=0.0758 (folds: 0.1407, 0.2733, 0.2677, 0.0886, -0.3913)[I 2026-06-01 23:33:00,803] Trial 15 finished with value: 0.07578795415403833 and parameters: {'confidence_threshold': 0.681110154342211, 'training_days': 360, 'n_estimators': 86, 'max_depth': 5, 'num_leaves': 45, 'learning_rate': 0.018656525833209613, 'subsample': 0.6490032331529367, 'colsample_bytree': 0.732340434627677, 'min_child_samples': 100, 'reg_alpha': 5.011892081220446e-07, 'reg_lambda': 0.05138157439645094}. Best is trial 14 with value: 0.23622194240611666.
[I 2026-06-01 23:33:00,950] Trial 16 finished with value: 0.046071038079339786 and parameters: {'confidence_threshold': 0.697210068415769, 'training_days': 310, 'n_estimators': 223, 'max_depth': 3, 'num_leaves': 31, 'learning_rate': 0.03887255433086138, 'subsample': 0.5824016374699942, 'colsample_bytree': 0.7158318224997116, 'min_child_samples': 81, 'reg_alpha': 5.292044899879069e-07, 'reg_lambda': 0.05779562937107981}. Best is trial 14 with value: 0.23622194240611666.
[I 2026-06-01 23:33:01,054] Trial 17 finished with value: 0.05900656826060822 and parameters: {'confidence_threshold': 0.5004748807695347, 'training_days': 390, 'n_estimators': 98, 'max_depth': 4, 'num_leaves': 53, 'learning_rate': 0.02645736576715921, 'subsample': 0.9202138733708044, 'colsample_bytree': 0.5225343572251958, 'min_child_samples': 91, 'reg_alpha': 7.284070645541434, 'reg_lambda': 0.002945927535310346}. Best is trial 14 with value: 0.23622194240611666.
[I 2026-06-01 23:33:01,530] A new study created in memory with name: no-name-92f18831-4937-4f3e-9883-4a31b46fdb8c
[I 2026-06-01 23:33:01,735] Trial 0 finished with value: 0.040592348309609595 and parameters: {'confidence_threshold': 0.5870645682749857, 'training_days': 90, 'n_estimators': 403, 'max_depth': 5, 'num_leaves': 45, 'learning_rate': 0.0780457193679974, 'subsample': 0.9428509515574568, 'colsample_bytree': 0.8795587339164916, 'min_child_samples': 34, 'reg_alpha': 2.2465901234314442e-07, 'reg_lambda': 8.339007036475363e-05}. Best is trial 0 with value: 0.040592348309609595.
[I 2026-06-01 23:33:01,844] Trial 1 finished with value: 0.07494818031942349 and parameters: {'confidence_threshold': 0.6348453934275313, 'training_days': 290, 'n_estimators': 115, 'max_depth': 5, 'num_leaves': 37, 'learning_rate': 0.06949568759029946, 'subsample': 0.8228505074024268, 'colsample_bytree': 0.8616703220431751, 'min_child_samples': 75, 'reg_alpha': 4.2486822725010923e-07, 'reg_lambda': 1.157247767047042e-07}. Best is trial 1 with value: 0.07494818031942349.
[I 2026-06-01 23:33:01,862] Trial 2 finished with value: -0.17538384964438689 and parameters: {'confidence_threshold': 0.5849570384370288, 'training_days': 10, 'n_estimators': 212, 'max_depth': 3, 'num_leaves': 41, 'learning_rate': 0.18452095998378365, 'subsample': 0.6001060822924371, 'colsample_bytree': 0.5673167293506167, 'min_child_samples': 37, 'reg_alpha': 5.733250064217131, 'reg_lambda': 0.5308454292595461}. Best is trial 1 with value: 0.07494818031942349.
[I 2026-06-01 23:33:01,941] Trial 3 finished with value: 0.07188565599938392 and parameters: {'confidence_threshold': 0.6868248626683718, 'training_days': 220, 'n_estimators': 134, 'max_depth': 3, 'num_leaves': 45, 'learning_rate': 0.033529007907491595, 'subsample': 0.8647277071858408, 'colsample_bytree': 0.778494116634046, 'min_child_samples': 96, 'reg_alpha': 2.409409937265785e-07, 'reg_lambda': 1.1642073478060009}. Best is trial 1 with value: 0.07494818031942349.
[I 2026-06-01 23:33:02,039] Trial 4 finished with value: 0.04819782508500565 and parameters: {'confidence_threshold': 0.5623121348350352, 'training_days': 300, 'n_estimators': 69, 'max_depth': 4, 'num_leaves': 32, 'learning_rate': 0.14967629360700346, 'subsample': 0.5054535233636654, 'colsample_bytree': 0.7401385194659216, 'min_child_samples': 27, 'reg_alpha': 1.4212042567426725e-07, 'reg_lambda': 0.23605753701352003}. Best is trial 1 with value: 0.07494818031942349.
[I 2026-06-01 23:33:02,485] Trial 5 finished with value: 0.05519551776381047 and parameters: {'confidence_threshold': 0.7111850244908446, 'training_days': 490, 'n_estimators': 362, 'max_depth': 5, 'num_leaves': 40, 'learning_rate': 0.05960785724162737, 'subsample': 0.5589714368907717, 'colsample_bytree': 0.6659006943232806, 'min_child_samples': 42, 'reg_alpha': 0.6741360303045295, 'reg_lambda': 6.054601607143087e-08}. Best is trial 1 with value: 0.07494818031942349.
[I 2026-06-01 23:33:02,671] Trial 6 finished with value: 0.07714132024302828 and parameters: {'confidence_threshold': 0.667482545748023, 'training_days': 420, 'n_estimators': 279, 'max_depth': 3, 'num_leaves': 45, 'learning_rate': 0.040099592560849204, 'subsample': 0.8563114696415159, 'colsample_bytree': 0.5442917781944105, 'min_child_samples': 50, 'reg_alpha': 1.6407916423707903e-08, 'reg_lambda': 2.935907642973286e-05}. Best is trial 6 with value: 0.07714132024302828.
[I 2026-06-01 23:33:02,833] Trial 7 finished with value: 0.03401156898220348 and parameters: {'confidence_threshold': 0.5497381024139926, 'training_days': 120, 'n_estimators': 408, 'max_depth': 5, 'num_leaves': 38, 'learning_rate': 0.28049122657745795, 'subsample': 0.8806573338635493, 'colsample_bytree': 0.5454054113547102, 'min_child_samples': 63, 'reg_alpha': 0.01263008637940408, 'reg_lambda': 0.04588020805366937}. Best is trial 6 with value: 0.07714132024302828.
[I 2026-06-01 23:33:03,124] Trial 8 finished with value: 0.07073917723830694 and parameters: {'confidence_threshold': 0.719644804808716, 'training_days': 450, 'n_estimators': 410, 'max_depth': 4, 'num_leaves': 57, 'learning_rate': 0.04022026551478857, 'subsample': 0.5336085426932707, 'colsample_bytree': 0.5705742850577543, 'min_child_samples': 100, 'reg_alpha': 5.916398047912201e-07, 'reg_lambda': 0.9794034214488329}. Best is trial 6 with value: 0.07714132024302828.
[I 2026-06-01 23:33:03,148] Trial 9 finished with value: -4.1439935036522755 and parameters: {'confidence_threshold': 0.7267463643917187, 'training_days': 20, 'n_estimators': 337, 'max_depth': 5, 'num_leaves': 23, 'learning_rate': 0.022153031811454605, 'subsample': 0.6305627572358737, 'colsample_bytree': 0.6613413774216214, 'min_child_samples': 81, 'reg_alpha': 5.7638634029410314e-08, 'reg_lambda': 8.26603016764008}. Best is trial 6 with value: 0.07714132024302828.
[I 2026-06-01 23:33:03,352] Trial 10 finished with value: 0.2641811296364581 and parameters: {'confidence_threshold': 0.8283920119574972, 'training_days': 400, 'n_estimators': 240, 'max_depth': 3, 'num_leaves': 62, 'learning_rate': 0.011921022686883517, 'subsample': 0.7130289643560688, 'colsample_bytree': 0.9944479338273263, 'min_child_samples': 54, 'reg_alpha': 6.837313901272251e-05, 'reg_lambda': 2.741063772648371e-05}. Best is trial 10 with value: 0.2641811296364581.
[I 2026-06-01 23:33:03,564] Trial 11 finished with value: -3.9054186619377163 and parameters: {'confidence_threshold': 0.8410921696131369, 'training_days': 390, 'n_estimators': 257, 'max_depth': 3, 'num_leaves': 61, 'learning_rate': 0.01003345975519059, 'subsample': 0.7390439957698561, 'colsample_bytree': 0.9628722124262472, 'min_child_samples': 55, 'reg_alpha': 0.00010399983496307728, 'reg_lambda': 2.506905588546728e-05}. Best is trial 10 with value: 0.2641811296364581.
[I 2026-06-01 23:33:04,044] Trial 12 finished with value: 0.0698211321491108 and parameters: {'confidence_threshold': 0.8016884727846801, 'training_days': 380, 'n_estimators': 490, 'max_depth': 4, 'num_leaves': 54, 'learning_rate': 0.01025536810797794, 'subsample': 0.72388696737782, 'colsample_bytree': 0.9826583982594713, 'min_child_samples': 53, 'reg_alpha': 5.113460481149383e-05, 'reg_lambda': 3.4634622846801407e-06}. Best is trial 10 with value: 0.2641811296364581.
[I 2026-06-01 23:33:04,215] Trial 13 finished with value: 0.09050357200485501 and parameters: {'confidence_threshold': 0.782542806393245, 'training_days': 380, 'n_estimators': 214, 'max_depth': 3, 'num_leaves': 51, 'learning_rate': 0.02226070785728366, 'subsample': 0.662569553168547, 'colsample_bytree': 0.647919517568794, 'min_child_samples': 67, 'reg_alpha': 1.3883731502494194e-05, 'reg_lambda': 0.002914685962973501}. Best is trial 10 with value: 0.2641811296364581.
[I 2026-06-01 23:33:04,382] Trial 14 finished with value: 0.09117790833305914 and parameters: {'confidence_threshold': 0.7855846898014007, 'training_days': 350, 'n_estimators': 212, 'max_depth': 3, 'num_leaves': 52, 'learning_rate': 0.019043583228068754, 'subsample': 0.6742807014752824, 'colsample_bytree': 0.658600878541351, 'min_child_samples': 66, 'reg_alpha': 1.1551822108194917e-05, 'reg_lambda': 0.006173879647744449}. Best is trial 10 with value: 0.2641811296364581.
[I 2026-06-01 23:33:04,506] Trial 15 finished with value: 0.46066167026178784 and parameters: {'confidence_threshold': 0.8490275143873426, 'training_days': 220, 'n_estimators': 166, 'max_depth': 3, 'num_leaves': 62, 'learning_rate': 0.01718723158492736, 'subsample': 0.6950075818145962, 'colsample_bytree': 0.7406161126003307, 'min_child_samples': 83, 'reg_alpha': 0.002536599416843955, 'reg_lambda': 0.0026406526000485684}. Best is trial 15 with value: 0.46066167026178784.
[I 2026-06-01 23:33:04,629] Trial 16 finished with value: -1.730955534486564 and parameters: {'confidence_threshold': 0.8496857529195466, 'training_days': 220, 'n_estimators': 153, 'max_depth': 4, 'num_leaves': 62, 'learning_rate': 0.015576677398318495, 'subsample': 0.7893349088057198, 'colsample_bytree': 0.7888126290328656, 'min_child_samples': 82, 'reg_alpha': 0.004262244490889293, 'reg_lambda': 0.0009472712867255495}. Best is trial 15 with value: 0.46066167026178784.
