[I 2026-06-01 23:28:29,382] Trial 17 finished with value: 0.18589696533596856 and parameters: {'confidence_threshold': 0.7811823423010272, 'training_days': 220, 'n_estimators': 282, 'max_depth': 3, 'num_leaves': 17, 'learning_rate': 0.014399917848714062, 'subsample': 0.7035016446456077, 'colsample_bytree': 0.7496308195188618, 'min_child_samples': 88, 'reg_alpha': 0.0006140179330739779, 'reg_lambda': 1.2584004258947822e-06}. Best is trial 14 with value: 0.21297015593234447.

    [trial 11] Sharpe=-1.9687 (folds: 0.1901, -0.1850, -10.0000, 0.0256, 0.1255)
    [trial 12] 49 features, training_days=350 | threshold=0.831 | labels: 1055 long, 1098 short (49/51%)
    [trial 12] Sharpe=-0.0148 (folds: 0.1448, -0.1501, -0.1638, 0.1135, -0.0187)
    [trial 13] 49 features, training_days=10 | threshold=0.668 | labels: 1055 long, 1098 short (49/51%)
    [trial 13] Sharpe=-0.0560 (folds: 0.1901, -0.1850, -0.3874, -0.0234, 0.1255)
    [trial 14] 49 features, training_days=110 | threshold=0.606 | labels: 1055 long, 1098 short (49/51%)
    [trial 14] Sharpe=0.0832 (folds: 0.2059, -0.0003, 0.1348, -0.0535, 0.1290)
    [trial 15] 49 features, training_days=90 | threshold=0.711 | labels: 1055 long, 1098 short (49/51%)
    [trial 15] Sharpe=0.0905 (folds: 0.0577, 0.0179, 0.2404, -0.0767, 0.2130)
    [trial 16] 49 features, training_days=60 | threshold=0.795 | labels: 1055 long, 1098 short (49/51%)
    [trial 16] Sharpe=0.0098 (folds: 0.0698, -0.0547, 0.0936, -0.1495, 0.0899)
    [trial 17] 49 features, training_days=140 | threshold=0.711 | labels: 1055 long, 1098 short (49/51%)
    [trial 17] Sharpe=0.0132 (folds: 0.1187, -0.1648, 0.1183, -0.0474, 0.0410)
  Optuna: 18 trials, best Sharpe = 0.0905
  Best params: n_estimators=300, max_depth=4, lr=0.1771, leaves=25
  Best confidence_threshold: 0.711
  Best training_days: 90
  Retrained on full data (270 samples, 49 features)
  [ensemble 3/3] seed=456
    [trial 0] 49 features, training_days=90 | threshold=0.587 | labels: 1055 long, 1098 short (49/51%)
    [CV fold 0] train_end=2022-01-22 08:00 | val_start=2022-01-30 00:00 | gap=184h (22 rows)
    [CV fold 1] train_end=2022-05-26 16:00 | val_start=2022-06-03 08:00 | gap=184h (22 rows)
    [CV fold 2] train_end=2022-09-23 00:00 | val_start=2022-09-30 16:00 | gap=184h (22 rows)
    [CV fold 3] train_end=2023-01-20 08:00 | val_start=2023-01-28 00:00 | gap=184h (22 rows)
    [CV fold 4] train_end=2023-05-19 16:00 | val_start=2023-05-27 08:00 | gap=184h (22 rows)
    [trial 0] Sharpe=0.0741 (folds: 0.1582, -0.0729, 0.1815, -0.0996, 0.2031)
    [trial 1] 49 features, training_days=290 | threshold=0.635 | labels: 1055 long, 1098 short (49/51%)
    [trial 1] Sharpe=0.0497 (folds: 0.2085, -0.1122, 0.1361, 0.0100, 0.0060)
    [trial 2] 49 features, training_days=10 | threshold=0.585 | labels: 1055 long, 1098 short (49/51%)
    [trial 2] Sharpe=-0.0560 (folds: 0.1901, -0.1850, -0.3874, -0.0234, 0.1255)
    [trial 3] 49 features, training_days=220 | threshold=0.687 | labels: 1055 long, 1098 short (49/51%)
    [trial 3] Sharpe=0.1405 (folds: 0.3445, -0.0987, 0.1472, 0.2075, 0.1018)
    [trial 4] 49 features, training_days=300 | threshold=0.562 | labels: 1055 long, 1098 short (49/51%)
    [trial 4] Sharpe=-0.0154 (folds: 0.0921, -0.1332, -0.0446, 0.0542, -0.0452)
    [trial 5] 49 features, training_days=490 | threshold=0.711 | labels: 1055 long, 1098 short (49/51%)
    [trial 5] Sharpe=-0.0175 (folds: 0.1237, -0.1193, -0.1712, 0.0294, 0.0500)
    [trial 6] 49 features, training_days=420 | threshold=0.667 | labels: 1055 long, 1098 short (49/51%)
    [trial 6] Sharpe=-0.0121 (folds: 0.1528, -0.1101, -0.2797, 0.0501, 0.1262)
    [trial 7] 49 features, training_days=120 | threshold=0.550 | labels: 1055 long, 1098 short (49/51%)
    [trial 7] Sharpe=0.0490 (folds: 0.1223, -0.0435, 0.1418, -0.0699, 0.0944)
    [trial 8] 49 features, training_days=450 | threshold=0.720 | labels: 1055 long, 1098 short (49/51%)
    [trial 8] Sharpe=0.0624 (folds: 0.1808, -0.1238, 0.0089, 0.2772, -0.0311)
    [trial 9] 49 features, training_days=20 | threshold=0.727 | labels: 1055 long, 1098 short (49/51%)
    [trial 9] Sharpe=-0.1264 (folds: 0.1901, -0.1850, -0.3874, 0.0256, -0.2754)
    [trial 10] 49 features, training_days=200 | threshold=0.828 | labels: 1055 long, 1098 short (49/51%)
    [trial 10] Sharpe=-7.9994 (folds: -10.0000, 0.0028, -10.0000, -10.0000, -10.0000)
    [trial 11] 49 features, training_days=140 | threshold=0.620 | labels: 1055 long, 1098 short (49/51%)
    [trial 11] Sharpe=0.0233 (folds: 0.0788, -0.1096, 0.0908, -0.0026, 0.0591)
    [trial 12] 49 features, training_days=100 | threshold=0.515 | labels: 1055 long, 1098 short (49/51%)
    [trial 12] Sharpe=0.1034 (folds: 0.1117, 0.0068, 0.1521, 0.0700, 0.1762)
    [trial 13] 49 features, training_days=210 | threshold=0.501 | labels: 1055 long, 1098 short (49/51%)
    [trial 13] Sharpe=0.0276 (folds: 0.1505, -0.1315, 0.0694, 0.0660, -0.0166)
    [trial 14] 49 features, training_days=380 | threshold=0.788 | labels: 1055 long, 1098 short (49/51%)
    [trial 14] Sharpe=0.2130 (folds: 0.7356, -0.0202, -0.0656, 0.3804, 0.0346)
    [trial 15] 49 features, training_days=340 | threshold=0.805 | labels: 1055 long, 1098 short (49/51%)
    [trial 15] Sharpe=-8.0482 (folds: -10.0000, -0.2411, -10.0000, -10.0000, -10.0000)
    [trial 16] 49 features, training_days=370 | threshold=0.775 | labels: 1055 long, 1098 short (49/51%)
    [trial 16] Sharpe=-5.9763 (folds: -10.0000, 0.0562, -10.0000, -10.0000, 0.0626)
    [trial 17] 49 features, training_days=220 | threshold=0.781 | labels: 1055 long, 1098 short (49/51%)
    [trial 17] Sharpe=0.1859 (folds: 0.4864, -0.0317, -0.0403, 0.3735, 0.1416)
  Optuna: 18 trials, best Sharpe = 0.2130
  Best params: n_estimators=246, max_depth=3, lr=0.0248, leaves=17
  Best confidence_threshold: 0.788
  Best training_days: 380
  Retrained on full data (1140 samples, 49 features)
  OOD: 16 features, cutoff (q=0.7) = 13.68
  Model trained for 2023-10: 93 test candles with features, confidence_threshold=0.740
[trade:close] 2023-10-01 15:59 LTCUSDT SHORT → stop_loss @ 66.72 | PnL=-3.59% (net -3.69%) | cum=+70.64% 2023-10=-3.69% 2023-10-01=-3.69%
[predict] 2023-10-02 16:00 LTCUSDT → LONG (proba=0.79 TP=7.4%/SL=3.7%)
[trade:open] 2023-10-02 23:59 LTCUSDT LONG @ 65.92 | SL=63.47 TP=70.81 | timeout=2023-10-09 23:59
[trade:close] 2023-10-04 07:59 LTCUSDT LONG → stop_loss @ 63.47 | PnL=-3.71% (net -3.81%) | cum=+66.83% 2023-10=-7.50% 2023-10-04=-3.81%
[predict] 2023-10-06 16:00 LTCUSDT → SHORT (proba=0.75 TP=6.3%/SL=3.2%)
[trade:open] 2023-10-06 23:59 LTCUSDT SHORT @ 65.45 | SL=67.53 TP=61.30 | timeout=2023-10-13 23:59
[trade:close] 2023-10-11 15:59 LTCUSDT SHORT → take_profit @ 61.30 | PnL=+6.35% (net +6.25%) | cum=+73.07% 2023-10=-1.26% 2023-10-11=+6.25%
[predict] 2023-10-14 00:00 LTCUSDT → LONG (proba=0.77 TP=5.5%/SL=2.7%)
[trade:open] 2023-10-14 07:59 LTCUSDT LONG @ 61.55 | SL=59.87 TP=64.91 | timeout=2023-10-21 07:59
[trade:close] 2023-10-16 15:59 LTCUSDT LONG → take_profit @ 64.91 | PnL=+5.45% (net +5.35%) | cum=+78.43% 2023-10=+4.10% 2023-10-16=+5.35%
[predict] 2023-10-22 00:00 LTCUSDT → LONG (proba=0.74 TP=6.8%/SL=3.4%)
[trade:open] 2023-10-22 07:59 LTCUSDT LONG @ 64.11 | SL=61.93 TP=68.48 | timeout=2023-10-29 07:59
[trade:close] 2023-10-23 23:59 LTCUSDT LONG → take_profit @ 68.48 | PnL=+6.81% (net +6.71%) | cum=+85.14% 2023-10=+10.81% 2023-10-23=+6.71%
[predict] 2023-10-26 08:00 LTCUSDT → LONG (proba=0.81 TP=12.6%/SL=6.3%)
[trade:open] 2023-10-26 15:59 LTCUSDT LONG @ 67.87 | SL=63.59 TP=76.44 | timeout=2023-11-02 15:59
[lgbm] === Training for 2023-11 ===
  Train window: 2021-11-01 → 2023-10-24
  2153 training samples from 1 symbols
  Samples per month: 2021-11: 90, 2021-12: 93, 2022-01: 93, 2022-02: 75, 2022-03: 93, 2022-04: 84, 2022-05: 93, 2022-06: 90, 2022-07: 93, 2022-08: 93, 2022-09: 90, 2022-10: 93, 2022-11: 90, 2022-12: 93, 2023-01: 93, 2023-02: 84, 2023-03: 93, 2023-04: 90, 2023-05: 93, 2023-06: 90, 2023-07: 93, 2023-08: 93, 2023-09: 90, 2023-10: 71
  [label] 2022-01-01 00:00 LTCUSDT entry=147.9700 → SHORT | long=sl(-5.91%) short=tp(+11.51%) | scanned=14 | short_tp_only
  [label] 2022-01-03 08:00 LTCUSDT entry=148.7800 → SHORT | long=sl(-4.71%) short=tp(+9.12%) | scanned=7 | short_tp_only
  [label] 2022-01-07 00:00 LTCUSDT entry=130.1400 → LONG | long=sl(-7.47%) short=sl(-7.47%) | scanned=17 | no_tp→fwd_return=+9.0287
  [label] 2022-01-31 16:00 LTCUSDT entry=109.4200 → LONG | long=tp(+14.75%) short=sl(-7.52%) | scanned=17 | long_tp_only
  [label] 2022-03-27 16:00 LTCUSDT entry=129.5600 → SHORT | long=sl(-4.88%) short=timeout(+0.51%) | scanned=16 | no_tp→fwd_return=-0.6098[I 2026-06-01 23:28:29,955] A new study created in memory with name: no-name-dc0c889f-70a6-403c-b969-1ce0cbcbd21a
[I 2026-06-01 23:28:30,297] Trial 0 finished with value: -0.02703756613506656 and parameters: {'confidence_threshold': 0.6310890415965769, 'training_days': 480, 'n_estimators': 380, 'max_depth': 4, 'num_leaves': 22, 'learning_rate': 0.01699897838270077, 'subsample': 0.5290418060840998, 'colsample_bytree': 0.9330880728874675, 'min_child_samples': 68, 'reg_alpha': 0.023585940584142682, 'reg_lambda': 1.5320059381854043e-08}. Best is trial 0 with value: -0.02703756613506656.
[I 2026-06-01 23:28:30,433] Trial 1 finished with value: -1.8966915684246104 and parameters: {'confidence_threshold': 0.839468448256698, 'training_days': 420, 'n_estimators': 145, 'max_depth': 3, 'num_leaves': 23, 'learning_rate': 0.028145092716060652, 'subsample': 0.762378215816119, 'colsample_bytree': 0.7159725093210578, 'min_child_samples': 43, 'reg_alpha': 0.0032112643094417484, 'reg_lambda': 1.8007140198129195e-07}. Best is trial 0 with value: -0.02703756613506656.
[I 2026-06-01 23:28:30,619] Trial 2 finished with value: -0.0724407507272465 and parameters: {'confidence_threshold': 0.6022506269873263, 'training_days': 190, 'n_estimators': 255, 'max_depth': 5, 'num_leaves': 24, 'learning_rate': 0.05748924681991978, 'subsample': 0.7962072844310213, 'colsample_bytree': 0.5232252063599989, 'min_child_samples': 69, 'reg_alpha': 3.425445902633376e-07, 'reg_lambda': 3.850031979199519e-08}. Best is trial 0 with value: -0.02703756613506656.
[I 2026-06-01 23:28:30,945] Trial 3 finished with value: -0.02168070280136422 and parameters: {'confidence_threshold': 0.8321099380386666, 'training_days': 490, 'n_estimators': 414, 'max_depth': 3, 'num_leaves': 19, 'learning_rate': 0.1024932221692416, 'subsample': 0.7200762468698007, 'colsample_bytree': 0.5610191174223894, 'min_child_samples': 60, 'reg_alpha': 2.039373116525212e-08, 'reg_lambda': 1.527156759251193}. Best is trial 3 with value: -0.02168070280136422.
[I 2026-06-01 23:28:31,138] Trial 4 finished with value: -0.010014939316736342 and parameters: {'confidence_threshold': 0.5905729935600059, 'training_days': 340, 'n_estimators': 190, 'max_depth': 4, 'num_leaves': 41, 'learning_rate': 0.01875220945578641, 'subsample': 0.9847923138822793, 'colsample_bytree': 0.8875664116805573, 'min_child_samples': 96, 'reg_alpha': 1.1309571585271483, 'reg_lambda': 0.002404915432737351}. Best is trial 4 with value: -0.010014939316736342.
[I 2026-06-01 23:28:31,180] Trial 5 finished with value: -0.05205925621622705 and parameters: {'confidence_threshold': 0.8226559822580909, 'training_days': 50, 'n_estimators': 138, 'max_depth': 3, 'num_leaves': 30, 'learning_rate': 0.03750796359625606, 'subsample': 0.6356745158869479, 'colsample_bytree': 0.9143687545759647, 'min_child_samples': 48, 'reg_alpha': 3.376063348877853e-06, 'reg_lambda': 0.0007660634613082914}. Best is trial 4 with value: -0.010014939316736342.
[I 2026-06-01 23:28:31,293] Trial 6 finished with value: 0.023677217917805915 and parameters: {'confidence_threshold': 0.5493234787411669, 'training_days': 410, 'n_estimators': 83, 'max_depth': 5, 'num_leaves': 52, 'learning_rate': 0.019657448966046126, 'subsample': 0.5027610585618012, 'colsample_bytree': 0.9077307142274171, 'min_child_samples': 77, 'reg_alpha': 0.03639690979811287, 'reg_lambda': 0.08738424135626986}. Best is trial 6 with value: 0.023677217917805915.
[I 2026-06-01 23:28:31,397] Trial 7 finished with value: -0.03422696232459303 and parameters: {'confidence_threshold': 0.5259156281069316, 'training_days': 180, 'n_estimators': 102, 'max_depth': 5, 'num_leaves': 45, 'learning_rate': 0.030816017044468066, 'subsample': 0.5317791751430119, 'colsample_bytree': 0.6554911608578311, 'min_child_samples': 46, 'reg_alpha': 0.036851536911881845, 'reg_lambda': 0.005470376807480391}. Best is trial 6 with value: 0.023677217917805915.
[I 2026-06-01 23:28:31,509] Trial 8 finished with value: 0.017212193559032772 and parameters: {'confidence_threshold': 0.8105244599017143, 'training_days': 240, 'n_estimators': 103, 'max_depth': 5, 'num_leaves': 52, 'learning_rate': 0.06746437142284309, 'subsample': 0.8854835899772805, 'colsample_bytree': 0.7468977981821954, 'min_child_samples': 62, 'reg_alpha': 7.04480806377519e-05, 'reg_lambda': 1.6934490731313353e-08}. Best is trial 6 with value: 0.023677217917805915.
[I 2026-06-01 23:28:31,537] Trial 9 finished with value: -1.987767328658029 and parameters: {'confidence_threshold': 0.5377619994476566, 'training_days': 20, 'n_estimators': 337, 'max_depth': 3, 'num_leaves': 39, 'learning_rate': 0.21907142272152816, 'subsample': 0.6246461145744375, 'colsample_bytree': 0.7051914615178149, 'min_child_samples': 81, 'reg_alpha': 1.1459970229341322e-06, 'reg_lambda': 4.929685216887945e-08}. Best is trial 6 with value: 0.023677217917805915.
[I 2026-06-01 23:28:32,241] Trial 10 finished with value: 0.024680485415503838 and parameters: {'confidence_threshold': 0.7378545837642324, 'training_days': 350, 'n_estimators': 487, 'max_depth': 5, 'num_leaves': 62, 'learning_rate': 0.011407797829608154, 'subsample': 0.628963476300746, 'colsample_bytree': 0.8340915966600303, 'min_child_samples': 27, 'reg_alpha': 8.536188349289, 'reg_lambda': 8.145051292774586}. Best is trial 10 with value: 0.024680485415503838.
[I 2026-06-01 23:28:32,984] Trial 11 finished with value: 0.02208859030577324 and parameters: {'confidence_threshold': 0.7161090655475574, 'training_days': 340, 'n_estimators': 469, 'max_depth': 5, 'num_leaves': 62, 'learning_rate': 0.010432023013264416, 'subsample': 0.6089267919181687, 'colsample_bytree': 0.839514762445579, 'min_child_samples': 20, 'reg_alpha': 4.101459409586907, 'reg_lambda': 9.674676883280053}. Best is trial 10 with value: 0.024680485415503838.
[I 2026-06-01 23:28:33,588] Trial 12 finished with value: -0.011108730164312793 and parameters: {'confidence_threshold': 0.7232085852545128, 'training_days': 360, 'n_estimators': 493, 'max_depth': 4, 'num_leaves': 63, 'learning_rate': 0.010377063435469455, 'subsample': 0.5392311924833902, 'colsample_bytree': 0.9958196332168744, 'min_child_samples': 20, 'reg_alpha': 0.33153160121167125, 'reg_lambda': 0.18660890998048252}. Best is trial 10 with value: 0.024680485415503838.
[I 2026-06-01 23:28:33,851] Trial 13 finished with value: 0.07659940437085302 and parameters: {'confidence_threshold': 0.7570783218175026, 'training_days': 400, 'n_estimators': 258, 'max_depth': 5, 'num_leaves': 52, 'learning_rate': 0.018044904132800254, 'subsample': 0.6858403704688758, 'colsample_bytree': 0.8155421717694826, 'min_child_samples': 85, 'reg_alpha': 6.838314908887669, 'reg_lambda': 0.12873338729896155}. Best is trial 13 with value: 0.07659940437085302.
[I 2026-06-01 23:28:34,051] Trial 14 finished with value: 0.004769929459059996 and parameters: {'confidence_threshold': 0.7594036169129817, 'training_days': 270, 'n_estimators': 266, 'max_depth': 4, 'num_leaves': 54, 'learning_rate': 0.014167596567026895, 'subsample': 0.7077609159263737, 'colsample_bytree': 0.8234157998150343, 'min_child_samples': 99, 'reg_alpha': 6.243069797304175, 'reg_lambda': 7.565770484313319e-06}. Best is trial 13 with value: 0.07659940437085302.
[I 2026-06-01 23:28:34,457] Trial 15 finished with value: -0.043468592710515605 and parameters: {'confidence_threshold': 0.6742179425841973, 'training_days': 420, 'n_estimators': 332, 'max_depth': 5, 'num_leaves': 57, 'learning_rate': 0.11652014437870485, 'subsample': 0.6707750474677462, 'colsample_bytree': 0.8100744538922787, 'min_child_samples': 37, 'reg_alpha': 8.569550505993955e-05, 'reg_lambda': 0.08633541732274495}. Best is trial 13 with value: 0.07659940437085302.
[I 2026-06-01 23:28:34,630] Trial 16 finished with value: 8.784290291618534e-05 and parameters: {'confidence_threshold': 0.774094044275204, 'training_days': 270, 'n_estimators': 220, 'max_depth': 4, 'num_leaves': 58, 'learning_rate': 0.024920967291061448, 'subsample': 0.8250121849121298, 'colsample_bytree': 0.632035183231185, 'min_child_samples': 89, 'reg_alpha': 0.2574831465654036, 'reg_lambda': 5.60537588962714e-05}. Best is trial 13 with value: 0.07659940437085302.
[I 2026-06-01 23:28:34,830] Trial 17 finished with value: 0.022427991950694677 and parameters: {'confidence_threshold': 0.6755099553978283, 'training_days': 110, 'n_estimators': 319, 'max_depth': 5, 'num_leaves': 47, 'learning_rate': 0.04302553031342478, 'subsample': 0.5879061289984041, 'colsample_bytree': 0.7861983638172064, 'min_child_samples': 34, 'reg_alpha': 0.0012103303356555601, 'reg_lambda': 7.829715299471067}. Best is trial 13 with value: 0.07659940437085302.
[I 2026-06-01 23:28:35,146] A new study created in memory with name: no-name-f4c55ef5-8079-4f6a-abbe-8cf4170be975
[I 2026-06-01 23:28:35,243] Trial 0 finished with value: 0.07296052925456632 and parameters: {'confidence_threshold': 0.7437642149592516, 'training_days': 150, 'n_estimators': 152, 'max_depth': 4, 'num_leaves': 50, 'learning_rate': 0.04216766425047743, 'subsample': 0.9903820991923078, 'colsample_bytree': 0.8424148692924316, 'min_child_samples': 58, 'reg_alpha': 3.381097259762742e-05, 'reg_lambda': 1.2263152961306247e-05}. Best is trial 0 with value: 0.07296052925456632.
[I 2026-06-01 23:28:35,318] Trial 1 finished with value: -0.06567843074159965 and parameters: {'confidence_threshold': 0.7551673975844145, 'training_days': 220, 'n_estimators': 76, 'max_depth': 4, 'num_leaves': 51, 'learning_rate': 0.018602118810743477, 'subsample': 0.5877258780737462, 'colsample_bytree': 0.7657756869209191, 'min_child_samples': 63, 'reg_alpha': 0.005123994170264194, 'reg_lambda': 0.44145470178120466}. Best is trial 0 with value: 0.07296052925456632.
[I 2026-06-01 23:28:35,572] Trial 2 finished with value: -0.019450616654299015 and parameters: {'confidence_threshold': 0.7535593637012223, 'training_days': 310, 'n_estimators': 375, 'max_depth': 3, 'num_leaves': 32, 'learning_rate': 0.021735641882032388, 'subsample': 0.6468570231944146, 'colsample_bytree': 0.8154880619272439, 'min_child_samples': 27, 'reg_alpha': 8.004064028491336e-05, 'reg_lambda': 7.546835261630524e-05}. Best is trial 0 with value: 0.07296052925456632.
[I 2026-06-01 23:28:35,756] Trial 3 finished with value: -0.07774755641999485 and parameters: {'confidence_threshold': 0.6727897841776072, 'training_days': 220, 'n_estimators': 190, 'max_depth': 4, 'num_leaves': 58, 'learning_rate': 0.24810689332636193, 'subsample': 0.7509183379421682, 'colsample_bytree': 0.8119764758960556, 'min_child_samples': 29, 'reg_alpha': 7.1708285081421445e-06, 'reg_lambda': 5.412973582738627e-05}. Best is trial 0 with value: 0.07296052925456632.
[I 2026-06-01 23:28:35,886] Trial 4 finished with value: 0.04481755486072579 and parameters: {'confidence_threshold': 0.803208205259178, 'training_days': 130, 'n_estimators': 267, 'max_depth': 5, 'num_leaves': 40, 'learning_rate': 0.08041175317374143, 'subsample': 0.5603143329951619, 'colsample_bytree': 0.9131704002534167, 'min_child_samples': 68, 'reg_alpha': 0.0008046593428183385, 'reg_lambda': 1.2158346158765583e-05}. Best is trial 0 with value: 0.07296052925456632.
[I 2026-06-01 23:28:36,135] Trial 5 finished with value: -0.07904597391600357 and parameters: {'confidence_threshold': 0.6064422761595144, 'training_days': 210, 'n_estimators': 357, 'max_depth': 5, 'num_leaves': 40, 'learning_rate': 0.0974221287220869, 'subsample': 0.7929682762811064, 'colsample_bytree': 0.8124517510478, 'min_child_samples': 74, 'reg_alpha': 0.3811377260781234, 'reg_lambda': 5.607314238392041e-08}. Best is trial 0 with value: 0.07296052925456632.
[I 2026-06-01 23:28:36,254] Trial 6 finished with value: 0.007177647415402472 and parameters: {'confidence_threshold': 0.7672889945051684, 'training_days': 130, 'n_estimators': 137, 'max_depth': 4, 'num_leaves': 19, 'learning_rate': 0.2031117614248665, 'subsample': 0.8136244860256343, 'colsample_bytree': 0.8617081790949774, 'min_child_samples': 21, 'reg_alpha': 0.002238138278733199, 'reg_lambda': 0.001025809534977322}. Best is trial 0 with value: 0.07296052925456632.
