[I 2026-06-01 23:33:31,738] Trial 17 finished with value: 0.000908621156666789 and parameters: {'confidence_threshold': 0.5080881579696632, 'training_days': 380, 'n_estimators': 123, 'max_depth': 3, 'num_leaves': 51, 'learning_rate': 0.28531151490815543, 'subsample': 0.7912899898389397, 'colsample_bytree': 0.7995705147455058, 'min_child_samples': 50, 'reg_alpha': 5.2494349038324404e-06, 'reg_lambda': 0.02631442359932778}. Best is trial 11 with value: 0.08345352138989179.
[I 2026-06-01 23:33:32,530] A new study created in memory with name: no-name-da75cda2-639a-46e5-8d4f-6e6fd6abfd88

    [trial 1] Sharpe=0.0306 (folds: 0.1243, -0.0145, -0.1057, -0.0223, 0.1711)
    [trial 2] 49 features, training_days=10 | threshold=0.585 | labels: 1106 long, 1065 short (51/49%)
    [trial 2] Sharpe=-0.0570 (folds: -0.0247, 0.0325, -0.1918, 0.0130, -0.1138)
    [trial 3] 49 features, training_days=220 | threshold=0.687 | labels: 1106 long, 1065 short (51/49%)
    [trial 3] Sharpe=0.0798 (folds: 0.3132, -0.0007, -0.1287, -0.0053, 0.2205)
    [trial 4] 49 features, training_days=300 | threshold=0.562 | labels: 1106 long, 1065 short (51/49%)
    [trial 4] Sharpe=0.0410 (folds: 0.1156, 0.0333, -0.1149, 0.0369, 0.1341)
    [trial 5] 49 features, training_days=490 | threshold=0.711 | labels: 1106 long, 1065 short (51/49%)
    [trial 5] Sharpe=-0.0160 (folds: 0.0784, -0.0600, -0.0886, 0.0505, -0.0605)
    [trial 6] 49 features, training_days=420 | threshold=0.667 | labels: 1106 long, 1065 short (51/49%)
    [trial 6] Sharpe=0.0238 (folds: 0.0462, -0.0146, -0.1117, 0.1139, 0.0851)
    [trial 7] 49 features, training_days=120 | threshold=0.550 | labels: 1106 long, 1065 short (51/49%)
    [trial 7] Sharpe=-0.0089 (folds: 0.0419, 0.0108, -0.2089, 0.0817, 0.0298)
    [trial 8] 49 features, training_days=450 | threshold=0.720 | labels: 1106 long, 1065 short (51/49%)
    [trial 8] Sharpe=-0.0077 (folds: 0.2067, -0.0087, -0.1243, -0.0143, -0.0981)
    [trial 9] 49 features, training_days=20 | threshold=0.727 | labels: 1106 long, 1065 short (51/49%)
    [trial 9] Sharpe=-6.0093 (folds: -10.0000, -10.0000, -10.0000, 0.0130, -0.0595)
    [trial 10] 49 features, training_days=200 | threshold=0.828 | labels: 1106 long, 1065 short (51/49%)
    [trial 10] Sharpe=-3.8995 (folds: 0.5282, -0.1692, -10.0000, 0.1434, -10.0000)
    [trial 11] 49 features, training_days=310 | threshold=0.792 | labels: 1106 long, 1065 short (51/49%)
    [trial 11] Sharpe=0.0835 (folds: 0.0840, 0.0420, -0.0365, 0.2073, 0.1205)
    [trial 12] 49 features, training_days=360 | threshold=0.824 | labels: 1106 long, 1065 short (51/49%)
    [trial 12] Sharpe=0.0487 (folds: 0.0936, 0.0362, -0.0494, 0.0629, 0.1004)
    [trial 13] 49 features, training_days=210 | threshold=0.762 | labels: 1106 long, 1065 short (51/49%)
    [trial 13] Sharpe=0.0506 (folds: 0.4285, -0.0027, -0.2025, 0.0118, 0.0177)
    [trial 14] 49 features, training_days=220 | threshold=0.772 | labels: 1106 long, 1065 short (51/49%)
    [trial 14] Sharpe=0.0002 (folds: 0.0646, -0.0644, -0.0643, 0.0823, -0.0171)
    [trial 15] 49 features, training_days=150 | threshold=0.648 | labels: 1106 long, 1065 short (51/49%)
    [trial 15] Sharpe=0.0036 (folds: 0.1429, -0.0059, -0.2148, 0.0775, 0.0184)
    [trial 16] 49 features, training_days=340 | threshold=0.781 | labels: 1106 long, 1065 short (51/49%)
    [trial 16] Sharpe=-1.9382 (folds: 0.4448, -0.1018, -0.4358, 0.4018, -10.0000)
    [trial 17] 49 features, training_days=380 | threshold=0.508 | labels: 1106 long, 1065 short (51/49%)
    [trial 17] Sharpe=0.0009 (folds: 0.0649, -0.0391, -0.1030, 0.0161, 0.0656)
  Optuna: 18 trials, best Sharpe = 0.0835
  Best params: n_estimators=54, max_depth=4, lr=0.1298, leaves=25
  Best confidence_threshold: 0.792
  Best training_days: 310
  Retrained on full data (930 samples, 49 features)
  OOD: 16 features, cutoff (q=0.7) = 13.67
  Model trained for 2025-09: 90 test candles with features, confidence_threshold=0.769
[predict] 2025-09-06 00:00 LTCUSDT → LONG (proba=0.78 TP=7.2%/SL=3.6%)
[trade:open] 2025-09-06 07:59 LTCUSDT LONG @ 111.66 | SL=107.67 TP=119.65 | timeout=2025-09-13 07:59
[trade:close] 2025-09-13 08:00 LTCUSDT LONG → timeout @ 118.73 | PnL=+6.33% (net +6.23%) | cum=+136.68% 2025-09=+6.23% 2025-09-13=+6.23%
[predict] 2025-09-16 00:00 LTCUSDT → SHORT (proba=0.80 TP=7.6%/SL=3.8%)
[trade:open] 2025-09-16 07:59 LTCUSDT SHORT @ 114.74 | SL=119.12 TP=105.98 | timeout=2025-09-23 07:59
[trade:close] 2025-09-19 07:59 LTCUSDT SHORT → stop_loss @ 119.12 | PnL=-3.82% (net -3.92%) | cum=+132.76% 2025-09=+2.32% 2025-09-19=-3.92%
[predict] 2025-09-20 00:00 LTCUSDT → LONG (proba=0.80 TP=7.7%/SL=3.9%)
[trade:open] 2025-09-20 07:59 LTCUSDT LONG @ 115.10 | SL=110.65 TP=124.00 | timeout=2025-09-27 07:59
[trade:close] 2025-09-22 07:59 LTCUSDT LONG → stop_loss @ 110.65 | PnL=-3.87% (net -3.97%) | cum=+128.79% 2025-09=-1.65% 2025-09-22=-3.97%
[predict] 2025-09-28 00:00 LTCUSDT → LONG (proba=0.80 TP=7.2%/SL=3.6%)
[trade:open] 2025-09-28 07:59 LTCUSDT LONG @ 104.06 | SL=100.31 TP=111.55 | timeout=2025-10-05 07:59
[lgbm] === Training for 2025-10 ===
  Train window: 2023-10-01 → 2025-09-23
  2171 training samples from 1 symbols
  Samples per month: 2023-10: 93, 2023-11: 90, 2023-12: 93, 2024-01: 93, 2024-02: 87, 2024-03: 93, 2024-04: 90, 2024-05: 93, 2024-06: 90, 2024-07: 93, 2024-08: 93, 2024-09: 90, 2024-10: 93, 2024-11: 90, 2024-12: 93, 2025-01: 93, 2025-02: 84, 2025-03: 93, 2025-04: 90, 2025-05: 93, 2025-06: 90, 2025-07: 93, 2025-08: 93, 2025-09: 68
  [label] 2023-12-01 16:00 LTCUSDT entry=71.6000 → LONG | long=tp(+5.76%) short=sl(-3.03%) | scanned=20 | long_tp_only
  [label] 2023-12-04 00:00 LTCUSDT entry=73.6700 → LONG | long=sl(-3.22%) short=sl(-3.22%) | scanned=13 | no_tp→fwd_return=+3.2035
  [label] 2023-12-07 16:00 LTCUSDT entry=74.0800 → SHORT | long=sl(-4.31%) short=sl(-4.31%) | scanned=10 | no_tp→fwd_return=-1.2419
  [label] 2024-01-01 08:00 LTCUSDT entry=73.7600 → SHORT | long=sl(-4.42%) short=tp(+8.53%) | scanned=6 | short_tp_only
  [label] 2024-02-23 00:00 LTCUSDT entry=68.3900 → LONG | long=tp(+7.26%) short=sl(-3.78%) | scanned=12 | long_tp_only
  [label] 2024-08-07 00:00 LTCUSDT entry=58.5600 → LONG | long=timeout(+8.39%) short=timeout(-8.59%) | scanned=22 | no_tp→fwd_return=+8.4870
  [label] 2024-08-11 00:00 LTCUSDT entry=61.6200 → LONG | long=timeout(+9.12%) short=sl(-6.03%) | scanned=22 | no_tp→fwd_return=+9.2178
  [label] 2024-08-21 16:00 LTCUSDT entry=64.2300 → SHORT | long=sl(-4.86%) short=sl(-4.86%) | scanned=18 | no_tp→fwd_return=-6.0564
  [label] 2024-10-05 16:00 LTCUSDT entry=66.2600 → SHORT | long=sl(-3.99%) short=timeout(+0.05%) | scanned=22 | no_tp→fwd_return=-0.1509
  [label] 2024-10-14 08:00 LTCUSDT entry=66.9300 → LONG | long=tp(+5.80%) short=sl(-3.05%) | scanned=4 | long_tp_only
  [label] 2025-01-12 16:00 LTCUSDT entry=102.3000 → LONG | long=sl(-5.64%) short=sl(-5.64%) | scanned=9 | no_tp→fwd_return=+14.3109
  [label] 2025-02-13 16:00 LTCUSDT entry=126.5300 → LONG | long=timeout(+3.24%) short=sl(-9.69%) | scanned=22 | no_tp→fwd_return=+3.3352
  [label] 2025-03-02 00:00 LTCUSDT entry=122.1500 → SHORT | long=sl(-9.80%) short=tp(+19.30%) | scanned=8 | short_tp_only
  [label] 2025-03-14 16:00 LTCUSDT entry=91.2700 → SHORT | long=timeout(-0.63%) short=timeout(+0.43%) | scanned=22 | no_tp→fwd_return=-0.5259
  [label] 2025-04-02 00:00 LTCUSDT entry=81.7100 → SHORT | long=sl(-5.42%) short=sl(-5.42%) | scanned=14 | no_tp→fwd_return=-13.6458
  [label] 2025-04-08 08:00 LTCUSDT entry=71.4900 → LONG | long=timeout(+5.69%) short=sl(-9.92%) | scanned=22 | no_tp→fwd_return=+5.7910
  [label] 2025-04-20 16:00 LTCUSDT entry=77.7700 → LONG | long=tp(+8.55%) short=sl(-4.42%) | scanned=6 | long_tp_only
  [label] 2025-05-30 08:00 LTCUSDT entry=89.5600 → SHORT | long=sl(-5.72%) short=timeout(+3.28%) | scanned=22 | no_tp→fwd_return=-3.3832
  [label] 2025-06-09 00:00 LTCUSDT entry=86.9500 → LONG | long=tp(+7.79%) short=sl(-4.05%) | scanned=8 | long_tp_only
  [label] 2025-09-03 08:00 LTCUSDT entry=112.7900 → LONG | long=timeout(+1.25%) short=timeout(-1.45%) | scanned=22 | no_tp→fwd_return=+1.3476
  Labels: 1107 long (51.0%), 1064 short (49.0%) | weights: min=1.00, mean=2.99, max=10.00
  Features: 2171/2171 matched, 49 columns
  CV gap: 22 rows
  [ensemble 1/3] seed=42
    [trial 0] 49 features, training_days=480 | threshold=0.631 | labels: 1107 long, 1064 short (51/49%)
    [CV fold 0] train_end=2024-01-23 08:00 | val_start=2024-01-31 00:00 | gap=184h (22 rows)
    [CV fold 1] train_end=2024-05-22 16:00 | val_start=2024-05-30 08:00 | gap=184h (22 rows)
    [CV fold 2] train_end=2024-09-20 00:00 | val_start=2024-09-27 16:00 | gap=184h (22 rows)
    [CV fold 3] train_end=2025-01-18 08:00 | val_start=2025-01-26 00:00 | gap=184h (22 rows)[I 2026-06-01 23:33:32,933] Trial 0 finished with value: 0.01855523916845463 and parameters: {'confidence_threshold': 0.6310890415965769, 'training_days': 480, 'n_estimators': 380, 'max_depth': 4, 'num_leaves': 22, 'learning_rate': 0.01699897838270077, 'subsample': 0.5290418060840998, 'colsample_bytree': 0.9330880728874675, 'min_child_samples': 68, 'reg_alpha': 0.023585940584142682, 'reg_lambda': 1.5320059381854043e-08}. Best is trial 0 with value: 0.01855523916845463.
[I 2026-06-01 23:33:33,058] Trial 1 finished with value: -1.8851139620101058 and parameters: {'confidence_threshold': 0.839468448256698, 'training_days': 420, 'n_estimators': 145, 'max_depth': 3, 'num_leaves': 23, 'learning_rate': 0.028145092716060652, 'subsample': 0.762378215816119, 'colsample_bytree': 0.7159725093210578, 'min_child_samples': 43, 'reg_alpha': 0.0032112643094417484, 'reg_lambda': 1.8007140198129195e-07}. Best is trial 0 with value: 0.01855523916845463.
[I 2026-06-01 23:33:33,219] Trial 2 finished with value: 0.027421442438719225 and parameters: {'confidence_threshold': 0.6022506269873263, 'training_days': 190, 'n_estimators': 255, 'max_depth': 5, 'num_leaves': 24, 'learning_rate': 0.05748924681991978, 'subsample': 0.7962072844310213, 'colsample_bytree': 0.5232252063599989, 'min_child_samples': 69, 'reg_alpha': 3.425445902633376e-07, 'reg_lambda': 3.850031979199519e-08}. Best is trial 2 with value: 0.027421442438719225.
[I 2026-06-01 23:33:33,504] Trial 3 finished with value: 0.06194393993427302 and parameters: {'confidence_threshold': 0.8321099380386666, 'training_days': 490, 'n_estimators': 414, 'max_depth': 3, 'num_leaves': 19, 'learning_rate': 0.1024932221692416, 'subsample': 0.7200762468698007, 'colsample_bytree': 0.5610191174223894, 'min_child_samples': 60, 'reg_alpha': 2.039373116525212e-08, 'reg_lambda': 1.527156759251193}. Best is trial 3 with value: 0.06194393993427302.
[I 2026-06-01 23:33:33,703] Trial 4 finished with value: 0.07318715437821692 and parameters: {'confidence_threshold': 0.5905729935600059, 'training_days': 340, 'n_estimators': 190, 'max_depth': 4, 'num_leaves': 41, 'learning_rate': 0.01875220945578641, 'subsample': 0.9847923138822793, 'colsample_bytree': 0.8875664116805573, 'min_child_samples': 96, 'reg_alpha': 1.1309571585271483, 'reg_lambda': 0.002404915432737351}. Best is trial 4 with value: 0.07318715437821692.
[I 2026-06-01 23:33:33,760] Trial 5 finished with value: -0.005173793253000445 and parameters: {'confidence_threshold': 0.8226559822580909, 'training_days': 50, 'n_estimators': 138, 'max_depth': 3, 'num_leaves': 30, 'learning_rate': 0.03750796359625606, 'subsample': 0.6356745158869479, 'colsample_bytree': 0.9143687545759647, 'min_child_samples': 48, 'reg_alpha': 3.376063348877853e-06, 'reg_lambda': 0.0007660634613082914}. Best is trial 4 with value: 0.07318715437821692.
[I 2026-06-01 23:33:33,882] Trial 6 finished with value: 0.06443501314374352 and parameters: {'confidence_threshold': 0.5493234787411669, 'training_days': 410, 'n_estimators': 83, 'max_depth': 5, 'num_leaves': 52, 'learning_rate': 0.019657448966046126, 'subsample': 0.5027610585618012, 'colsample_bytree': 0.9077307142274171, 'min_child_samples': 77, 'reg_alpha': 0.03639690979811287, 'reg_lambda': 0.08738424135626986}. Best is trial 4 with value: 0.07318715437821692.
[I 2026-06-01 23:33:33,989] Trial 7 finished with value: 0.042265220975840234 and parameters: {'confidence_threshold': 0.5259156281069316, 'training_days': 180, 'n_estimators': 102, 'max_depth': 5, 'num_leaves': 45, 'learning_rate': 0.030816017044468066, 'subsample': 0.5317791751430119, 'colsample_bytree': 0.6554911608578311, 'min_child_samples': 46, 'reg_alpha': 0.036851536911881845, 'reg_lambda': 0.005470376807480391}. Best is trial 4 with value: 0.07318715437821692.
[I 2026-06-01 23:33:34,114] Trial 8 finished with value: 0.1370970218484715 and parameters: {'confidence_threshold': 0.8105244599017143, 'training_days': 240, 'n_estimators': 103, 'max_depth': 5, 'num_leaves': 52, 'learning_rate': 0.06746437142284309, 'subsample': 0.8854835899772805, 'colsample_bytree': 0.7468977981821954, 'min_child_samples': 62, 'reg_alpha': 7.04480806377519e-05, 'reg_lambda': 1.6934490731313353e-08}. Best is trial 8 with value: 0.1370970218484715.
[I 2026-06-01 23:33:34,139] Trial 9 finished with value: -2.0101900569545843 and parameters: {'confidence_threshold': 0.5377619994476566, 'training_days': 20, 'n_estimators': 337, 'max_depth': 3, 'num_leaves': 39, 'learning_rate': 0.21907142272152816, 'subsample': 0.6246461145744375, 'colsample_bytree': 0.7051914615178149, 'min_child_samples': 81, 'reg_alpha': 1.1459970229341322e-06, 'reg_lambda': 4.929685216887945e-08}. Best is trial 8 with value: 0.1370970218484715.
[I 2026-06-01 23:33:34,787] Trial 10 finished with value: 0.05443814077458892 and parameters: {'confidence_threshold': 0.734042426776949, 'training_days': 280, 'n_estimators': 487, 'max_depth': 5, 'num_leaves': 62, 'learning_rate': 0.10432148521337849, 'subsample': 0.9416850669512905, 'colsample_bytree': 0.8120417635861826, 'min_child_samples': 27, 'reg_alpha': 7.238112263003475e-05, 'reg_lambda': 3.3639426888455256e-06}. Best is trial 8 with value: 0.1370970218484715.
[I 2026-06-01 23:33:34,967] Trial 11 finished with value: 0.07241369353772295 and parameters: {'confidence_threshold': 0.7192552477034038, 'training_days': 290, 'n_estimators': 223, 'max_depth': 4, 'num_leaves': 53, 'learning_rate': 0.010418004616766478, 'subsample': 0.9987925440125851, 'colsample_bytree': 0.8164708272936286, 'min_child_samples': 97, 'reg_alpha': 5.370415467243256, 'reg_lambda': 1.2919440532274802e-05}. Best is trial 8 with value: 0.1370970218484715.
[I 2026-06-01 23:33:35,140] Trial 12 finished with value: 0.04418196298896147 and parameters: {'confidence_threshold': 0.6640468266107448, 'training_days': 340, 'n_estimators': 193, 'max_depth': 4, 'num_leaves': 38, 'learning_rate': 0.0656285649451873, 'subsample': 0.8695953967775226, 'colsample_bytree': 0.9949834803492208, 'min_child_samples': 100, 'reg_alpha': 2.8240404785498425, 'reg_lambda': 0.00010739106673440343}. Best is trial 8 with value: 0.1370970218484715.
[I 2026-06-01 23:33:35,209] Trial 13 finished with value: 0.06538492913114523 and parameters: {'confidence_threshold': 0.7525489487164981, 'training_days': 190, 'n_estimators': 62, 'max_depth': 4, 'num_leaves': 49, 'learning_rate': 0.26425410571940877, 'subsample': 0.8989225020476582, 'colsample_bytree': 0.8155421717694826, 'min_child_samples': 89, 'reg_alpha': 0.00013793593955942335, 'reg_lambda': 0.015936847132187043}. Best is trial 8 with value: 0.1370970218484715.
[I 2026-06-01 23:33:35,414] Trial 14 finished with value: 0.030305231304524578 and parameters: {'confidence_threshold': 0.6122975625169359, 'training_days': 100, 'n_estimators': 304, 'max_depth': 4, 'num_leaves': 60, 'learning_rate': 0.10071424330426133, 'subsample': 0.9923933080935066, 'colsample_bytree': 0.6257061141687481, 'min_child_samples': 21, 'reg_alpha': 0.0017482274705964084, 'reg_lambda': 1.3901609702076484e-06}. Best is trial 8 with value: 0.1370970218484715.
[I 2026-06-01 23:33:35,686] Trial 15 finished with value: -0.16385875505297184 and parameters: {'confidence_threshold': 0.7776989704420677, 'training_days': 340, 'n_estimators': 191, 'max_depth': 5, 'num_leaves': 40, 'learning_rate': 0.010359623362260938, 'subsample': 0.8408939904201858, 'colsample_bytree': 0.7688863617704711, 'min_child_samples': 37, 'reg_alpha': 0.4554000307646717, 'reg_lambda': 0.00010527028567934787}. Best is trial 8 with value: 0.1370970218484715.
[I 2026-06-01 23:33:35,846] Trial 16 finished with value: 0.07225539169533204 and parameters: {'confidence_threshold': 0.685496279428561, 'training_days': 230, 'n_estimators': 162, 'max_depth': 4, 'num_leaves': 31, 'learning_rate': 0.15013971957309138, 'subsample': 0.9281222953850092, 'colsample_bytree': 0.8695526768916614, 'min_child_samples': 60, 'reg_alpha': 1.6230643075200477e-05, 'reg_lambda': 1.050151460235307}. Best is trial 8 with value: 0.1370970218484715.
[I 2026-06-01 23:33:35,944] Trial 17 finished with value: 0.10543893046013575 and parameters: {'confidence_threshold': 0.789403558838043, 'training_days': 110, 'n_estimators': 257, 'max_depth': 4, 'num_leaves': 57, 'learning_rate': 0.044016132994699635, 'subsample': 0.8261689026519796, 'colsample_bytree': 0.9956385980717998, 'min_child_samples': 86, 'reg_alpha': 0.0005961727498011812, 'reg_lambda': 0.0017377542249006697}. Best is trial 8 with value: 0.1370970218484715.
[I 2026-06-01 23:33:36,475] A new study created in memory with name: no-name-419c17c6-092e-42a0-b7be-52013c5c9910
[I 2026-06-01 23:33:36,571] Trial 0 finished with value: 0.10305565682174353 and parameters: {'confidence_threshold': 0.7437642149592516, 'training_days': 150, 'n_estimators': 152, 'max_depth': 4, 'num_leaves': 50, 'learning_rate': 0.04216766425047743, 'subsample': 0.9903820991923078, 'colsample_bytree': 0.8424148692924316, 'min_child_samples': 58, 'reg_alpha': 3.381097259762742e-05, 'reg_lambda': 1.2263152961306247e-05}. Best is trial 0 with value: 0.10305565682174353.
[I 2026-06-01 23:33:36,643] Trial 1 finished with value: -2.0039879016602993 and parameters: {'confidence_threshold': 0.7551673975844145, 'training_days': 220, 'n_estimators': 76, 'max_depth': 4, 'num_leaves': 51, 'learning_rate': 0.018602118810743477, 'subsample': 0.5877258780737462, 'colsample_bytree': 0.7657756869209191, 'min_child_samples': 63, 'reg_alpha': 0.005123994170264194, 'reg_lambda': 0.44145470178120466}. Best is trial 0 with value: 0.10305565682174353.
[I 2026-06-01 23:33:36,920] Trial 2 finished with value: 0.11774859101395815 and parameters: {'confidence_threshold': 0.7535593637012223, 'training_days': 310, 'n_estimators': 375, 'max_depth': 3, 'num_leaves': 32, 'learning_rate': 0.021735641882032388, 'subsample': 0.6468570231944146, 'colsample_bytree': 0.8154880619272439, 'min_child_samples': 27, 'reg_alpha': 8.004064028491336e-05, 'reg_lambda': 7.546835261630524e-05}. Best is trial 2 with value: 0.11774859101395815.
[I 2026-06-01 23:33:37,089] Trial 3 finished with value: 0.058528587982510205 and parameters: {'confidence_threshold': 0.6727897841776072, 'training_days': 220, 'n_estimators': 190, 'max_depth': 4, 'num_leaves': 58, 'learning_rate': 0.24810689332636193, 'subsample': 0.7509183379421682, 'colsample_bytree': 0.8119764758960556, 'min_child_samples': 29, 'reg_alpha': 7.1708285081421445e-06, 'reg_lambda': 5.412973582738627e-05}. Best is trial 2 with value: 0.11774859101395815.
[I 2026-06-01 23:33:37,207] Trial 4 finished with value: 0.07029499480794607 and parameters: {'confidence_threshold': 0.803208205259178, 'training_days': 130, 'n_estimators': 267, 'max_depth': 5, 'num_leaves': 40, 'learning_rate': 0.08041175317374143, 'subsample': 0.5603143329951619, 'colsample_bytree': 0.9131704002534167, 'min_child_samples': 68, 'reg_alpha': 0.0008046593428183385, 'reg_lambda': 1.2158346158765583e-05}. Best is trial 2 with value: 0.11774859101395815.
[I 2026-06-01 23:33:37,441] Trial 5 finished with value: 0.02705417761305613 and parameters: {'confidence_threshold': 0.6064422761595144, 'training_days': 210, 'n_estimators': 357, 'max_depth': 5, 'num_leaves': 40, 'learning_rate': 0.0974221287220869, 'subsample': 0.7929682762811064, 'colsample_bytree': 0.8124517510478, 'min_child_samples': 74, 'reg_alpha': 0.3811377260781234, 'reg_lambda': 5.607314238392041e-08}. Best is trial 2 with value: 0.11774859101395815.
[I 2026-06-01 23:33:37,552] Trial 6 finished with value: 0.07704760713423474 and parameters: {'confidence_threshold': 0.7672889945051684, 'training_days': 130, 'n_estimators': 137, 'max_depth': 4, 'num_leaves': 19, 'learning_rate': 0.2031117614248665, 'subsample': 0.8136244860256343, 'colsample_bytree': 0.8617081790949774, 'min_child_samples': 21, 'reg_alpha': 0.002238138278733199, 'reg_lambda': 0.001025809534977322}. Best is trial 2 with value: 0.11774859101395815.
[I 2026-06-01 23:33:37,636] Trial 7 finished with value: 0.04667178719535571 and parameters: {'confidence_threshold': 0.555635875450653, 'training_days': 80, 'n_estimators': 363, 'max_depth': 3, 'num_leaves': 48, 'learning_rate': 0.06590089024008658, 'subsample': 0.6944752870615722, 'colsample_bytree': 0.962566244806993, 'min_child_samples': 88, 'reg_alpha': 1.6465620446426067e-05, 'reg_lambda': 2.4678750890085655e-08}. Best is trial 2 with value: 0.11774859101395815.
[I 2026-06-01 23:33:37,976] Trial 8 finished with value: 0.06196649229824508 and parameters: {'confidence_threshold': 0.6066688256938841, 'training_days': 200, 'n_estimators': 367, 'max_depth': 5, 'num_leaves': 32, 'learning_rate': 0.13377519215934996, 'subsample': 0.7965884582811106, 'colsample_bytree': 0.8458508993500886, 'min_child_samples': 32, 'reg_alpha': 3.889436043816386e-05, 'reg_lambda': 1.4713062489380356e-06}. Best is trial 2 with value: 0.11774859101395815.
