[I 2026-06-01 23:33:25,493] Trial 9 finished with value: 0.016877508109373586 and parameters: {'confidence_threshold': 0.6202096049169137, 'training_days': 260, 'n_estimators': 350, 'max_depth': 3, 'num_leaves': 21, 'learning_rate': 0.02989540198065364, 'subsample': 0.8307821683331218, 'colsample_bytree': 0.923253112635361, 'min_child_samples': 64, 'reg_alpha': 0.4898604619604203, 'reg_lambda': 2.9076377687066166e-05}. Best is trial 2 with value: 0.052202969596464276.
[I 2026-06-01 23:33:25,847] Trial 10 finished with value: -1.9736856238840992 and parameters: {'confidence_threshold': 0.8445241688507242, 'training_days': 420, 'n_estimators': 494, 'max_depth': 3, 'num_leaves': 30, 'learning_rate': 0.010221918552934462, 'subsample': 0.5019190721168774, 'colsample_bytree': 0.6202684210924141, 'min_child_samples': 45, 'reg_alpha': 1.5494783182896407e-08, 'reg_lambda': 0.018878930586497852}. Best is trial 2 with value: 0.052202969596464276.
[I 2026-06-01 23:33:26,046] Trial 11 finished with value: 0.031982378020378434 and parameters: {'confidence_threshold': 0.6840516532713735, 'training_days': 350, 'n_estimators': 232, 'max_depth': 3, 'num_leaves': 63, 'learning_rate': 0.2803194586810138, 'subsample': 0.6581542700946174, 'colsample_bytree': 0.6778283959364831, 'min_child_samples': 36, 'reg_alpha': 3.8559713145189174e-07, 'reg_lambda': 0.001778082328685607}. Best is trial 2 with value: 0.052202969596464276.
[I 2026-06-01 23:33:26,521] Trial 12 finished with value: 0.07745935592463125 and parameters: {'confidence_threshold': 0.6909117606166844, 'training_days': 320, 'n_estimators': 489, 'max_depth': 4, 'num_leaves': 63, 'learning_rate': 0.021442972716943478, 'subsample': 0.7069621707085777, 'colsample_bytree': 0.5201164353688423, 'min_child_samples': 20, 'reg_alpha': 7.059808345859644e-07, 'reg_lambda': 0.03524119936949945}. Best is trial 12 with value: 0.07745935592463125.
[I 2026-06-01 23:33:26,873] Trial 13 finished with value: 0.047713770033559234 and parameters: {'confidence_threshold': 0.6802952465367627, 'training_days': 330, 'n_estimators': 475, 'max_depth': 3, 'num_leaves': 28, 'learning_rate': 0.019349820522863496, 'subsample': 0.6551660007450526, 'colsample_bytree': 0.5389794258459311, 'min_child_samples': 21, 'reg_alpha': 1.7435071068005825e-07, 'reg_lambda': 3.080800735392863}. Best is trial 12 with value: 0.07745935592463125.
[I 2026-06-01 23:33:27,347] Trial 14 finished with value: -0.01984859846237707 and parameters: {'confidence_threshold': 0.7178934183687424, 'training_days': 490, 'n_estimators': 427, 'max_depth': 4, 'num_leaves': 37, 'learning_rate': 0.010733865484948656, 'subsample': 0.9182426786262438, 'colsample_bytree': 0.5033829767322446, 'min_child_samples': 44, 'reg_alpha': 5.00367628556867e-07, 'reg_lambda': 0.07597426064842482}. Best is trial 12 with value: 0.07745935592463125.
[I 2026-06-01 23:33:27,672] Trial 15 finished with value: -0.009126509945657283 and parameters: {'confidence_threshold': 0.5026055290809989, 'training_days': 320, 'n_estimators': 431, 'max_depth': 4, 'num_leaves': 24, 'learning_rate': 0.026123093542378246, 'subsample': 0.7107627635562264, 'colsample_bytree': 0.698136806678834, 'min_child_samples': 100, 'reg_alpha': 0.012726486074698326, 'reg_lambda': 0.008584254953595818}. Best is trial 12 with value: 0.07745935592463125.
[I 2026-06-01 23:33:28,016] Trial 16 finished with value: 0.001788805419103285 and parameters: {'confidence_threshold': 0.80974148430302, 'training_days': 390, 'n_estimators': 421, 'max_depth': 3, 'num_leaves': 15, 'learning_rate': 0.04734750546511042, 'subsample': 0.6259757956590382, 'colsample_bytree': 0.6155885267093099, 'min_child_samples': 49, 'reg_alpha': 1.0518137769340079e-08, 'reg_lambda': 0.0002786624127605132}. Best is trial 12 with value: 0.07745935592463125.
[I 2026-06-01 23:33:28,421] Trial 17 finished with value: -0.013160016747478753 and parameters: {'confidence_threshold': 0.7125633038858491, 'training_days': 290, 'n_estimators': 306, 'max_depth': 5, 'num_leaves': 36, 'learning_rate': 0.015560149257838975, 'subsample': 0.8912947256610951, 'colsample_bytree': 0.7375778527882194, 'min_child_samples': 37, 'reg_alpha': 7.284070645541434, 'reg_lambda': 6.536602842883305e-07}. Best is trial 12 with value: 0.07745935592463125.
[I 2026-06-01 23:33:29,015] A new study created in memory with name: no-name-cd530d53-0199-48e1-b8fd-c029b9161464
[I 2026-06-01 23:33:29,200] Trial 0 finished with value: -0.015028219052200947 and parameters: {'confidence_threshold': 0.5870645682749857, 'training_days': 90, 'n_estimators': 403, 'max_depth': 5, 'num_leaves': 45, 'learning_rate': 0.0780457193679974, 'subsample': 0.9428509515574568, 'colsample_bytree': 0.8795587339164916, 'min_child_samples': 34, 'reg_alpha': 2.2465901234314442e-07, 'reg_lambda': 8.339007036475363e-05}. Best is trial 0 with value: -0.015028219052200947.

    [trial 0] Sharpe=-0.0376 (folds: 0.0937, -0.0311, -0.1364, -0.0722, -0.0422)
    [trial 1] 49 features, training_days=420 | threshold=0.839 | labels: 1106 long, 1065 short (51/49%)
    [trial 1] Sharpe=-2.0196 (folds: 0.1068, -0.0938, -0.5954, 0.4844, -10.0000)
    [trial 2] 49 features, training_days=190 | threshold=0.602 | labels: 1106 long, 1065 short (51/49%)
    [trial 2] Sharpe=0.0349 (folds: 0.0889, -0.0733, -0.1218, 0.1387, 0.1422)
    [trial 3] 49 features, training_days=490 | threshold=0.832 | labels: 1106 long, 1065 short (51/49%)
    [trial 3] Sharpe=0.0202 (folds: 0.0553, -0.0318, -0.0414, 0.0883, 0.0305)
    [trial 4] 49 features, training_days=340 | threshold=0.591 | labels: 1106 long, 1065 short (51/49%)
    [trial 4] Sharpe=0.0157 (folds: 0.1900, -0.0682, -0.1294, -0.0801, 0.1661)
    [trial 5] 49 features, training_days=50 | threshold=0.823 | labels: 1106 long, 1065 short (51/49%)
    [trial 5] Sharpe=0.0838 (folds: 0.4453, 0.0546, -0.2196, 0.1359, 0.0026)
    [trial 6] 49 features, training_days=410 | threshold=0.549 | labels: 1106 long, 1065 short (51/49%)
    [trial 6] Sharpe=-0.0106 (folds: 0.1696, -0.1040, -0.0932, -0.0158, -0.0096)
    [trial 7] 49 features, training_days=180 | threshold=0.526 | labels: 1106 long, 1065 short (51/49%)
    [trial 7] Sharpe=0.0107 (folds: 0.0021, -0.0768, -0.0805, 0.0944, 0.1143)
    [trial 8] 49 features, training_days=240 | threshold=0.811 | labels: 1106 long, 1065 short (51/49%)
    [trial 8] Sharpe=0.0181 (folds: 0.1010, -0.0185, -0.1349, 0.0934, 0.0493)
    [trial 9] 49 features, training_days=20 | threshold=0.538 | labels: 1106 long, 1065 short (51/49%)
    [trial 9] Sharpe=0.0256 (folds: 0.0908, -0.0566, 0.1402, 0.0130, -0.0595)
    [trial 10] 49 features, training_days=10 | threshold=0.732 | labels: 1106 long, 1065 short (51/49%)
    [trial 10] Sharpe=-0.0570 (folds: -0.0247, 0.0325, -0.1918, 0.0130, -0.1138)
    [trial 11] 49 features, training_days=120 | threshold=0.703 | labels: 1106 long, 1065 short (51/49%)
    [trial 11] Sharpe=0.0407 (folds: 0.0504, 0.0930, -0.1079, 0.1755, -0.0073)
    [trial 12] 49 features, training_days=120 | threshold=0.721 | labels: 1106 long, 1065 short (51/49%)
    [trial 12] Sharpe=0.0439 (folds: 0.0890, 0.0422, -0.1263, 0.1854, 0.0294)
    [trial 13] 49 features, training_days=100 | threshold=0.764 | labels: 1106 long, 1065 short (51/49%)
    [trial 13] Sharpe=0.0566 (folds: 0.1778, 0.1033, -0.0505, 0.1929, -0.1406)
    [trial 14] 49 features, training_days=80 | threshold=0.787 | labels: 1106 long, 1065 short (51/49%)
    [trial 14] Sharpe=0.0262 (folds: 0.1776, 0.0411, -0.0633, 0.1985, -0.2229)
    [trial 15] 49 features, training_days=100 | threshold=0.774 | labels: 1106 long, 1065 short (51/49%)
    [trial 15] Sharpe=0.0770 (folds: 0.2035, -0.0461, 0.0644, 0.2093, -0.0463)
    [trial 16] 49 features, training_days=270 | threshold=0.762 | labels: 1106 long, 1065 short (51/49%)
    [trial 16] Sharpe=0.0780 (folds: 0.0655, 0.0409, -0.0894, 0.1727, 0.2003)
    [trial 17] 49 features, training_days=300 | threshold=0.668 | labels: 1106 long, 1065 short (51/49%)
    [trial 17] Sharpe=0.0344 (folds: 0.0922, -0.0025, -0.1261, 0.0107, 0.1980)
  Optuna: 18 trials, best Sharpe = 0.0838
  Best params: n_estimators=138, max_depth=3, lr=0.0375, leaves=30
  Best confidence_threshold: 0.823
  Best training_days: 50
  Retrained on full data (150 samples, 49 features)
  [ensemble 2/3] seed=123
    [trial 0] 49 features, training_days=150 | threshold=0.744 | labels: 1106 long, 1065 short (51/49%)
    [CV fold 0] train_end=2023-12-24 08:00 | val_start=2024-01-01 00:00 | gap=184h (22 rows)
    [CV fold 1] train_end=2024-04-22 16:00 | val_start=2024-04-30 08:00 | gap=184h (22 rows)
    [CV fold 2] train_end=2024-08-21 00:00 | val_start=2024-08-28 16:00 | gap=184h (22 rows)
    [CV fold 3] train_end=2024-12-19 08:00 | val_start=2024-12-27 00:00 | gap=184h (22 rows)
    [CV fold 4] train_end=2025-04-18 16:00 | val_start=2025-04-26 08:00 | gap=184h (22 rows)
    [trial 0] Sharpe=0.0377 (folds: 0.0471, -0.0023, -0.1648, 0.2115, 0.0967)
    [trial 1] 49 features, training_days=220 | threshold=0.755 | labels: 1106 long, 1065 short (51/49%)
    [trial 1] Sharpe=-1.9419 (folds: 0.4011, 0.0455, -0.0699, -0.0862, -10.0000)
    [trial 2] 49 features, training_days=310 | threshold=0.754 | labels: 1106 long, 1065 short (51/49%)
    [trial 2] Sharpe=0.0522 (folds: 0.0632, 0.0273, -0.0603, 0.0405, 0.1902)
    [trial 3] 49 features, training_days=220 | threshold=0.673 | labels: 1106 long, 1065 short (51/49%)
    [trial 3] Sharpe=0.0515 (folds: 0.1183, 0.0017, -0.0275, 0.1180, 0.0472)
    [trial 4] 49 features, training_days=130 | threshold=0.803 | labels: 1106 long, 1065 short (51/49%)
    [trial 4] Sharpe=-0.0152 (folds: 0.0732, 0.0022, -0.3159, 0.1374, 0.0270)
    [trial 5] 49 features, training_days=210 | threshold=0.606 | labels: 1106 long, 1065 short (51/49%)
    [trial 5] Sharpe=-0.0302 (folds: 0.0743, -0.0373, -0.1353, 0.0582, -0.1108)
    [trial 6] 49 features, training_days=130 | threshold=0.767 | labels: 1106 long, 1065 short (51/49%)
    [trial 6] Sharpe=0.0292 (folds: 0.1182, 0.0711, -0.1381, 0.1408, -0.0460)
    [trial 7] 49 features, training_days=80 | threshold=0.556 | labels: 1106 long, 1065 short (51/49%)
    [trial 7] Sharpe=-0.0672 (folds: 0.0430, -0.0309, -0.1840, 0.1205, -0.2847)
    [trial 8] 49 features, training_days=200 | threshold=0.607 | labels: 1106 long, 1065 short (51/49%)
    [trial 8] Sharpe=-0.0035 (folds: 0.0913, -0.0486, -0.1058, 0.1091, -0.0636)
    [trial 9] 49 features, training_days=260 | threshold=0.620 | labels: 1106 long, 1065 short (51/49%)
    [trial 9] Sharpe=0.0169 (folds: 0.0516, -0.0196, -0.1399, 0.1188, 0.0733)
    [trial 10] 49 features, training_days=420 | threshold=0.845 | labels: 1106 long, 1065 short (51/49%)
    [trial 10] Sharpe=-1.9737 (folds: 0.0661, -0.1744, -0.1935, 0.4333, -10.0000)
    [trial 11] 49 features, training_days=350 | threshold=0.684 | labels: 1106 long, 1065 short (51/49%)
    [trial 11] Sharpe=0.0320 (folds: 0.1007, 0.0207, -0.0514, 0.0759, 0.0141)
    [trial 12] 49 features, training_days=320 | threshold=0.691 | labels: 1106 long, 1065 short (51/49%)
    [trial 12] Sharpe=0.0775 (folds: 0.1080, 0.0721, -0.0324, 0.1217, 0.1179)
    [trial 13] 49 features, training_days=330 | threshold=0.680 | labels: 1106 long, 1065 short (51/49%)
    [trial 13] Sharpe=0.0477 (folds: 0.0255, 0.0406, -0.1241, 0.0752, 0.2214)
    [trial 14] 49 features, training_days=490 | threshold=0.718 | labels: 1106 long, 1065 short (51/49%)
    [trial 14] Sharpe=-0.0198 (folds: 0.0279, 0.0089, -0.0526, 0.0502, -0.1336)
    [trial 15] 49 features, training_days=320 | threshold=0.503 | labels: 1106 long, 1065 short (51/49%)
    [trial 15] Sharpe=-0.0091 (folds: 0.1376, -0.0120, -0.1385, -0.0516, 0.0189)
    [trial 16] 49 features, training_days=390 | threshold=0.810 | labels: 1106 long, 1065 short (51/49%)
    [trial 16] Sharpe=0.0018 (folds: 0.0521, -0.0278, -0.0917, 0.1002, -0.0239)
    [trial 17] 49 features, training_days=290 | threshold=0.713 | labels: 1106 long, 1065 short (51/49%)
    [trial 17] Sharpe=-0.0132 (folds: 0.0335, -0.0468, -0.1470, -0.1085, 0.2029)
  Optuna: 18 trials, best Sharpe = 0.0775
  Best params: n_estimators=489, max_depth=4, lr=0.0214, leaves=63
  Best confidence_threshold: 0.691
  Best training_days: 320
  Retrained on full data (960 samples, 49 features)
  [ensemble 3/3] seed=456
    [trial 0] 49 features, training_days=90 | threshold=0.587 | labels: 1106 long, 1065 short (51/49%)
    [CV fold 0] train_end=2023-12-24 08:00 | val_start=2024-01-01 00:00 | gap=184h (22 rows)
    [CV fold 1] train_end=2024-04-22 16:00 | val_start=2024-04-30 08:00 | gap=184h (22 rows)
    [CV fold 2] train_end=2024-08-21 00:00 | val_start=2024-08-28 16:00 | gap=184h (22 rows)
    [CV fold 3] train_end=2024-12-19 08:00 | val_start=2024-12-27 00:00 | gap=184h (22 rows)
    [CV fold 4] train_end=2025-04-18 16:00 | val_start=2025-04-26 08:00 | gap=184h (22 rows)
    [trial 0] Sharpe=-0.0150 (folds: 0.1555, -0.0210, -0.2262, 0.1165, -0.0999)
    [trial 1] 49 features, training_days=290 | threshold=0.635 | labels: 1106 long, 1065 short (51/49%)[I 2026-06-01 23:33:29,301] Trial 1 finished with value: 0.030588238113848164 and parameters: {'confidence_threshold': 0.6348453934275313, 'training_days': 290, 'n_estimators': 115, 'max_depth': 5, 'num_leaves': 37, 'learning_rate': 0.06949568759029946, 'subsample': 0.8228505074024268, 'colsample_bytree': 0.8616703220431751, 'min_child_samples': 75, 'reg_alpha': 4.2486822725010923e-07, 'reg_lambda': 1.157247767047042e-07}. Best is trial 1 with value: 0.030588238113848164.
[I 2026-06-01 23:33:29,319] Trial 2 finished with value: -0.05697661417082328 and parameters: {'confidence_threshold': 0.5849570384370288, 'training_days': 10, 'n_estimators': 212, 'max_depth': 3, 'num_leaves': 41, 'learning_rate': 0.18452095998378365, 'subsample': 0.6001060822924371, 'colsample_bytree': 0.5673167293506167, 'min_child_samples': 37, 'reg_alpha': 5.733250064217131, 'reg_lambda': 0.5308454292595461}. Best is trial 1 with value: 0.030588238113848164.
[I 2026-06-01 23:33:29,401] Trial 3 finished with value: 0.07981656515938973 and parameters: {'confidence_threshold': 0.6868248626683718, 'training_days': 220, 'n_estimators': 134, 'max_depth': 3, 'num_leaves': 45, 'learning_rate': 0.033529007907491595, 'subsample': 0.8647277071858408, 'colsample_bytree': 0.778494116634046, 'min_child_samples': 96, 'reg_alpha': 2.409409937265785e-07, 'reg_lambda': 1.1642073478060009}. Best is trial 3 with value: 0.07981656515938973.
[I 2026-06-01 23:33:29,489] Trial 4 finished with value: 0.04100590849311792 and parameters: {'confidence_threshold': 0.5623121348350352, 'training_days': 300, 'n_estimators': 69, 'max_depth': 4, 'num_leaves': 32, 'learning_rate': 0.14967629360700346, 'subsample': 0.5054535233636654, 'colsample_bytree': 0.7401385194659216, 'min_child_samples': 27, 'reg_alpha': 1.4212042567426725e-07, 'reg_lambda': 0.23605753701352003}. Best is trial 3 with value: 0.07981656515938973.
[I 2026-06-01 23:33:29,927] Trial 5 finished with value: -0.01602668324012177 and parameters: {'confidence_threshold': 0.7111850244908446, 'training_days': 490, 'n_estimators': 362, 'max_depth': 5, 'num_leaves': 40, 'learning_rate': 0.05960785724162737, 'subsample': 0.5589714368907717, 'colsample_bytree': 0.6659006943232806, 'min_child_samples': 42, 'reg_alpha': 0.6741360303045295, 'reg_lambda': 6.054601607143087e-08}. Best is trial 3 with value: 0.07981656515938973.
[I 2026-06-01 23:33:30,115] Trial 6 finished with value: 0.023795508622944817 and parameters: {'confidence_threshold': 0.667482545748023, 'training_days': 420, 'n_estimators': 279, 'max_depth': 3, 'num_leaves': 45, 'learning_rate': 0.040099592560849204, 'subsample': 0.8563114696415159, 'colsample_bytree': 0.5442917781944105, 'min_child_samples': 50, 'reg_alpha': 1.6407916423707903e-08, 'reg_lambda': 2.935907642973286e-05}. Best is trial 3 with value: 0.07981656515938973.
[I 2026-06-01 23:33:30,272] Trial 7 finished with value: -0.00892518036332858 and parameters: {'confidence_threshold': 0.5497381024139926, 'training_days': 120, 'n_estimators': 408, 'max_depth': 5, 'num_leaves': 38, 'learning_rate': 0.28049122657745795, 'subsample': 0.8806573338635493, 'colsample_bytree': 0.5454054113547102, 'min_child_samples': 63, 'reg_alpha': 0.01263008637940408, 'reg_lambda': 0.04588020805366937}. Best is trial 3 with value: 0.07981656515938973.
[I 2026-06-01 23:33:30,547] Trial 8 finished with value: -0.00773271433952089 and parameters: {'confidence_threshold': 0.719644804808716, 'training_days': 450, 'n_estimators': 410, 'max_depth': 4, 'num_leaves': 57, 'learning_rate': 0.04022026551478857, 'subsample': 0.5336085426932707, 'colsample_bytree': 0.5705742850577543, 'min_child_samples': 100, 'reg_alpha': 5.916398047912201e-07, 'reg_lambda': 0.9794034214488329}. Best is trial 3 with value: 0.07981656515938973.
[I 2026-06-01 23:33:30,572] Trial 9 finished with value: -6.009303495648668 and parameters: {'confidence_threshold': 0.7267463643917187, 'training_days': 20, 'n_estimators': 337, 'max_depth': 5, 'num_leaves': 23, 'learning_rate': 0.022153031811454605, 'subsample': 0.6305627572358737, 'colsample_bytree': 0.6613413774216214, 'min_child_samples': 81, 'reg_alpha': 5.7638634029410314e-08, 'reg_lambda': 8.26603016764008}. Best is trial 3 with value: 0.07981656515938973.
[I 2026-06-01 23:33:30,687] Trial 10 finished with value: -3.899528830776646 and parameters: {'confidence_threshold': 0.8283920119574972, 'training_days': 200, 'n_estimators': 181, 'max_depth': 3, 'num_leaves': 62, 'learning_rate': 0.011579281028220855, 'subsample': 0.7130289643560688, 'colsample_bytree': 0.9944479338273263, 'min_child_samples': 100, 'reg_alpha': 6.837313901272251e-05, 'reg_lambda': 0.0027253228209330924}. Best is trial 3 with value: 0.07981656515938973.
[I 2026-06-01 23:33:30,792] Trial 11 finished with value: 0.08345352138989179 and parameters: {'confidence_threshold': 0.7923497887859747, 'training_days': 310, 'n_estimators': 54, 'max_depth': 4, 'num_leaves': 25, 'learning_rate': 0.1297992221495942, 'subsample': 0.7459055835274097, 'colsample_bytree': 0.7917880498308183, 'min_child_samples': 21, 'reg_alpha': 2.5646023357365184e-05, 'reg_lambda': 0.012624986057467648}. Best is trial 11 with value: 0.08345352138989179.
[I 2026-06-01 23:33:30,890] Trial 12 finished with value: 0.04873544350031236 and parameters: {'confidence_threshold': 0.823724329897743, 'training_days': 360, 'n_estimators': 54, 'max_depth': 4, 'num_leaves': 15, 'learning_rate': 0.12411615325331521, 'subsample': 0.7376180335274016, 'colsample_bytree': 0.8281073835005534, 'min_child_samples': 21, 'reg_alpha': 5.113460481149383e-05, 'reg_lambda': 0.0043762371699676405}. Best is trial 11 with value: 0.08345352138989179.
[I 2026-06-01 23:33:31,006] Trial 13 finished with value: 0.050554616344723025 and parameters: {'confidence_threshold': 0.7622112566491525, 'training_days': 210, 'n_estimators': 157, 'max_depth': 4, 'num_leaves': 28, 'learning_rate': 0.023468126747120118, 'subsample': 0.9755936541801561, 'colsample_bytree': 0.7704197786801941, 'min_child_samples': 82, 'reg_alpha': 8.465942575614097e-06, 'reg_lambda': 0.008560070672517963}. Best is trial 11 with value: 0.08345352138989179.
[I 2026-06-01 23:33:31,319] Trial 14 finished with value: 0.0002153701411384275 and parameters: {'confidence_threshold': 0.7723320301796328, 'training_days': 220, 'n_estimators': 500, 'max_depth': 3, 'num_leaves': 51, 'learning_rate': 0.10471339893740664, 'subsample': 0.7851487748866213, 'colsample_bytree': 0.9252595749478184, 'min_child_samples': 58, 'reg_alpha': 0.007558490788345549, 'reg_lambda': 1.116326883897629e-05}. Best is trial 11 with value: 0.08345352138989179.
[I 2026-06-01 23:33:31,401] Trial 15 finished with value: 0.0036155494043688605 and parameters: {'confidence_threshold': 0.6483507404217637, 'training_days': 150, 'n_estimators': 110, 'max_depth': 3, 'num_leaves': 21, 'learning_rate': 0.027837053988777765, 'subsample': 0.6810930534760381, 'colsample_bytree': 0.7601783657427, 'min_child_samples': 64, 'reg_alpha': 4.99025556679806e-06, 'reg_lambda': 7.697467210155571}. Best is trial 11 with value: 0.08345352138989179.
[I 2026-06-01 23:33:31,607] Trial 16 finished with value: -1.9381897592084527 and parameters: {'confidence_threshold': 0.7809712285122007, 'training_days': 340, 'n_estimators': 239, 'max_depth': 4, 'num_leaves': 32, 'learning_rate': 0.01075017295833875, 'subsample': 0.8957460454233652, 'colsample_bytree': 0.6654049967128317, 'min_child_samples': 89, 'reg_alpha': 0.0017698824032541677, 'reg_lambda': 0.000855876310048679}. Best is trial 11 with value: 0.08345352138989179.
