[I 2026-06-01 23:26:52,671] Trial 17 finished with value: 0.21785463735428573 and parameters: {'confidence_threshold': 0.761406244005798, 'training_days': 350, 'n_estimators': 147, 'max_depth': 3, 'num_leaves': 63, 'learning_rate': 0.014399917848714062, 'subsample': 0.9739665808239899, 'colsample_bytree': 0.9235054522609522, 'min_child_samples': 72, 'reg_alpha': 3.992033865919395e-06, 'reg_lambda': 0.00039965744314963514}. Best is trial 17 with value: 0.21785463735428573.

    [trial 13] 49 features, training_days=400 | threshold=0.687 | labels: 1116 long, 1037 short (52/48%)
    [trial 13] Sharpe=-0.0123 (folds: -0.0249, 0.2729, -0.1071, -0.0228, -0.1793)
    [trial 14] 49 features, training_days=310 | threshold=0.677 | labels: 1116 long, 1037 short (52/48%)
    [trial 14] Sharpe=-0.0368 (folds: 0.0523, 0.1624, -0.0690, -0.1343, -0.1953)
    [trial 15] 49 features, training_days=400 | threshold=0.503 | labels: 1116 long, 1037 short (52/48%)
    [trial 15] Sharpe=0.0456 (folds: 0.0359, 0.1850, -0.1129, 0.0797, 0.0406)
    [trial 16] 49 features, training_days=500 | threshold=0.515 | labels: 1116 long, 1037 short (52/48%)
    [trial 16] Sharpe=0.0107 (folds: 0.0723, 0.1307, -0.1350, 0.0528, -0.0673)
    [trial 17] 49 features, training_days=410 | threshold=0.564 | labels: 1116 long, 1037 short (52/48%)
    [trial 17] Sharpe=-0.0091 (folds: 0.0737, 0.1085, -0.2052, 0.0183, -0.0410)
  Optuna: 18 trials, best Sharpe = 0.0478
  Best params: n_estimators=498, max_depth=5, lr=0.0418, leaves=25
  Best confidence_threshold: 0.667
  Best training_days: 340
  Retrained on full data (1020 samples, 49 features)
  [ensemble 3/3] seed=456
    [trial 0] 49 features, training_days=90 | threshold=0.587 | labels: 1116 long, 1037 short (52/48%)
    [CV fold 0] train_end=2021-07-23 08:00 | val_start=2021-07-31 00:00 | gap=184h (22 rows)
    [CV fold 1] train_end=2021-11-19 16:00 | val_start=2021-11-27 08:00 | gap=184h (22 rows)
    [CV fold 2] train_end=2022-03-22 00:00 | val_start=2022-03-29 16:00 | gap=184h (22 rows)
    [CV fold 3] train_end=2022-07-21 08:00 | val_start=2022-07-29 00:00 | gap=184h (22 rows)
    [CV fold 4] train_end=2022-11-17 16:00 | val_start=2022-11-25 08:00 | gap=184h (22 rows)
    [trial 0] Sharpe=-0.0896 (folds: -0.1744, 0.0484, -0.2585, -0.0353, -0.0283)
    [trial 1] 49 features, training_days=290 | threshold=0.635 | labels: 1116 long, 1037 short (52/48%)
    [trial 1] Sharpe=-0.0120 (folds: 0.1037, 0.1490, -0.1501, 0.0167, -0.1795)
    [trial 2] 49 features, training_days=10 | threshold=0.585 | labels: 1116 long, 1037 short (52/48%)
    [trial 2] Sharpe=-0.0841 (folds: -0.1657, 0.1234, 0.0923, -0.2158, -0.2550)
    [trial 3] 49 features, training_days=220 | threshold=0.687 | labels: 1116 long, 1037 short (52/48%)
    [trial 3] Sharpe=0.0412 (folds: 0.1640, 0.1841, -0.2183, 0.1865, -0.1100)
    [trial 4] 49 features, training_days=300 | threshold=0.562 | labels: 1116 long, 1037 short (52/48%)
    [trial 4] Sharpe=-0.0678 (folds: -0.0707, 0.1361, -0.0851, -0.2122, -0.1070)
    [trial 5] 49 features, training_days=490 | threshold=0.711 | labels: 1116 long, 1037 short (52/48%)
    [trial 5] Sharpe=-0.0311 (folds: 0.0121, 0.1532, -0.1724, -0.0684, -0.0802)
    [trial 6] 49 features, training_days=420 | threshold=0.667 | labels: 1116 long, 1037 short (52/48%)
    [trial 6] Sharpe=-0.0390 (folds: -0.0268, 0.1595, -0.0812, -0.0294, -0.2171)
    [trial 7] 49 features, training_days=120 | threshold=0.550 | labels: 1116 long, 1037 short (52/48%)
    [trial 7] Sharpe=-0.0965 (folds: 0.0463, -0.0115, -0.4436, -0.0459, -0.0279)
    [trial 8] 49 features, training_days=450 | threshold=0.720 | labels: 1116 long, 1037 short (52/48%)
    [trial 8] Sharpe=0.0526 (folds: 0.1596, 0.1672, -0.0481, 0.1015, -0.1170)
    [trial 9] 49 features, training_days=20 | threshold=0.727 | labels: 1116 long, 1037 short (52/48%)
    [trial 9] Sharpe=-3.9473 (folds: -10.0000, 0.1234, 0.0923, 0.0478, -10.0000)
    [trial 10] 49 features, training_days=400 | threshold=0.828 | labels: 1116 long, 1037 short (52/48%)
    [trial 10] Sharpe=-1.8240 (folds: -10.0000, 0.4207, 0.0438, 0.2995, 0.1161)
    [trial 11] 49 features, training_days=190 | threshold=0.777 | labels: 1116 long, 1037 short (52/48%)
    [trial 11] Sharpe=0.1634 (folds: 0.2931, 0.4056, -0.0782, 0.0526, 0.1437)
    [trial 12] 49 features, training_days=200 | threshold=0.782 | labels: 1116 long, 1037 short (52/48%)
    [trial 12] Sharpe=0.0691 (folds: 0.2290, 0.3897, -0.4007, 0.1297, -0.0021)
    [trial 13] 49 features, training_days=200 | threshold=0.805 | labels: 1116 long, 1037 short (52/48%)
    [trial 13] Sharpe=-2.0143 (folds: -10.0000, 0.3708, -0.6251, 0.1287, 0.0541)
    [trial 14] 49 features, training_days=150 | threshold=0.775 | labels: 1116 long, 1037 short (52/48%)
    [trial 14] Sharpe=0.0068 (folds: 0.1780, 0.3491, -0.2216, -0.3610, 0.0898)
    [trial 15] 49 features, training_days=320 | threshold=0.759 | labels: 1116 long, 1037 short (52/48%)
    [trial 15] Sharpe=0.1009 (folds: -0.3414, 0.3562, 0.1844, 0.2610, 0.0446)
    [trial 16] 49 features, training_days=350 | threshold=0.850 | labels: 1116 long, 1037 short (52/48%)
    [trial 16] Sharpe=-10.0000 (folds: -10.0000, -10.0000, -10.0000, -10.0000, -10.0000)
    [trial 17] 49 features, training_days=350 | threshold=0.761 | labels: 1116 long, 1037 short (52/48%)
    [trial 17] Sharpe=0.2179 (folds: -0.1777, 0.4493, 0.2861, 0.4287, 0.1028)
  Optuna: 18 trials, best Sharpe = 0.2179
  Best params: n_estimators=147, max_depth=3, lr=0.0144, leaves=63
  Best confidence_threshold: 0.761
  Best training_days: 350
  Retrained on full data (1050 samples, 49 features)
  OOD: 16 features, cutoff (q=0.7) = 13.44
  Model trained for 2023-04: 90 test candles with features, confidence_threshold=0.756
[trade:close] 2023-04-01 08:00 LTCUSDT LONG → timeout @ 93.44 | PnL=+0.83% (net +0.73%) | cum=+42.58% 2023-04=+0.73% 2023-04-01=+0.73%
[predict] 2023-04-09 00:00 LTCUSDT → SHORT (proba=0.81 TP=7.7%/SL=3.8%)
[trade:open] 2023-04-09 07:59 LTCUSDT SHORT @ 90.14 | SL=93.60 TP=83.22 | timeout=2023-04-16 07:59
[trade:close] 2023-04-10 23:59 LTCUSDT SHORT → stop_loss @ 93.60 | PnL=-3.84% (net -3.94%) | cum=+38.64% 2023-04=-3.21% 2023-04-10=-3.94%
[predict] 2023-04-12 16:00 LTCUSDT → SHORT (proba=0.82 TP=8.4%/SL=4.2%)
[trade:open] 2023-04-12 23:59 LTCUSDT SHORT @ 92.03 | SL=95.88 TP=84.32 | timeout=2023-04-19 23:59
[trade:close] 2023-04-14 07:59 LTCUSDT SHORT → stop_loss @ 95.88 | PnL=-4.19% (net -4.29%) | cum=+34.35% 2023-04=-7.49% 2023-04-14=-4.29%
[predict] 2023-04-16 16:00 LTCUSDT → SHORT (proba=0.78 TP=9.2%/SL=4.6%)
[trade:open] 2023-04-16 23:59 LTCUSDT SHORT @ 100.11 | SL=104.69 TP=90.95 | timeout=2023-04-23 23:59
[trade:close] 2023-04-19 23:59 LTCUSDT SHORT → take_profit @ 90.95 | PnL=+9.15% (net +9.05%) | cum=+43.40% 2023-04=+1.56% 2023-04-19=+9.05%
[predict] 2023-04-25 00:00 LTCUSDT → SHORT (proba=0.76 TP=10.8%/SL=5.4%)
[trade:open] 2023-04-25 07:59 LTCUSDT SHORT @ 87.56 | SL=92.30 TP=78.07 | timeout=2023-05-02 07:59
[trade:close] 2023-04-26 15:59 LTCUSDT SHORT → stop_loss @ 92.30 | PnL=-5.42% (net -5.52%) | cum=+37.89% 2023-04=-3.96% 2023-04-26=-5.52%
[predict] 2023-04-27 08:00 LTCUSDT → SHORT (proba=0.79 TP=12.6%/SL=6.3%)
[trade:open] 2023-04-27 15:59 LTCUSDT SHORT @ 89.17 | SL=94.80 TP=77.91 | timeout=2023-05-04 15:59
[lgbm] === Training for 2023-05 ===
  Train window: 2021-05-01 → 2023-04-23
  2153 training samples from 1 symbols
  Samples per month: 2021-05: 93, 2021-06: 90, 2021-07: 93, 2021-08: 93, 2021-09: 90, 2021-10: 93, 2021-11: 90, 2021-12: 93, 2022-01: 93, 2022-02: 75, 2022-03: 93, 2022-04: 84, 2022-05: 93, 2022-06: 90, 2022-07: 93, 2022-08: 93, 2022-09: 90, 2022-10: 93, 2022-11: 90, 2022-12: 93, 2023-01: 93, 2023-02: 84, 2023-03: 93, 2023-04: 68
  [label] 2021-07-01 00:00 LTCUSDT entry=135.5700 → SHORT | long=timeout(-3.77%) short=timeout(+3.57%) | scanned=22 | no_tp→fwd_return=-3.6660
  [label] 2021-07-03 08:00 LTCUSDT entry=140.5600 → SHORT | long=sl(-7.55%) short=timeout(+5.38%) | scanned=22 | no_tp→fwd_return=-5.4781
  [label] 2021-07-07 00:00 LTCUSDT entry=141.2200 → SHORT | long=sl(-7.18%) short=timeout(+10.83%) | scanned=22 | no_tp→fwd_return=-10.9333
  [label] 2021-07-31 16:00 LTCUSDT entry=144.3600 → LONG | long=sl(-6.23%) short=sl(-6.23%) | scanned=19 | no_tp→fwd_return=+5.4101
  [label] 2021-09-21 16:00 LTCUSDT entry=148.4100 → SHORT | long=timeout(-5.52%) short=sl(-11.29%) | scanned=22 | no_tp→fwd_return=-5.4174
  [label] 2022-03-08 08:00 LTCUSDT entry=100.1000 → LONG | long=timeout(+4.48%) short=sl(-7.60%) | scanned=22 | no_tp→fwd_return=+4.5754
  [label] 2022-03-12 08:00 LTCUSDT entry=105.3000 → LONG | long=timeout(+7.51%) short=sl(-6.61%) | scanned=22 | no_tp→fwd_return=+7.6068[I 2026-06-01 23:26:53,205] A new study created in memory with name: no-name-507e1423-c4a5-424e-a965-fd4dce7a71aa
[I 2026-06-01 23:26:53,688] Trial 0 finished with value: 0.04097576040578047 and parameters: {'confidence_threshold': 0.6310890415965769, 'training_days': 480, 'n_estimators': 380, 'max_depth': 4, 'num_leaves': 22, 'learning_rate': 0.01699897838270077, 'subsample': 0.5290418060840998, 'colsample_bytree': 0.9330880728874675, 'min_child_samples': 68, 'reg_alpha': 0.023585940584142682, 'reg_lambda': 1.5320059381854043e-08}. Best is trial 0 with value: 0.04097576040578047.
[I 2026-06-01 23:26:53,834] Trial 1 finished with value: -1.620960637128632 and parameters: {'confidence_threshold': 0.839468448256698, 'training_days': 420, 'n_estimators': 145, 'max_depth': 3, 'num_leaves': 23, 'learning_rate': 0.028145092716060652, 'subsample': 0.762378215816119, 'colsample_bytree': 0.7159725093210578, 'min_child_samples': 43, 'reg_alpha': 0.0032112643094417484, 'reg_lambda': 1.8007140198129195e-07}. Best is trial 0 with value: 0.04097576040578047.
[I 2026-06-01 23:26:53,997] Trial 2 finished with value: 0.0402762961618718 and parameters: {'confidence_threshold': 0.6022506269873263, 'training_days': 190, 'n_estimators': 255, 'max_depth': 5, 'num_leaves': 24, 'learning_rate': 0.05748924681991978, 'subsample': 0.7962072844310213, 'colsample_bytree': 0.5232252063599989, 'min_child_samples': 69, 'reg_alpha': 3.425445902633376e-07, 'reg_lambda': 3.850031979199519e-08}. Best is trial 0 with value: 0.04097576040578047.
[I 2026-06-01 23:26:54,303] Trial 3 finished with value: 0.058901482056548084 and parameters: {'confidence_threshold': 0.8321099380386666, 'training_days': 490, 'n_estimators': 414, 'max_depth': 3, 'num_leaves': 19, 'learning_rate': 0.1024932221692416, 'subsample': 0.7200762468698007, 'colsample_bytree': 0.5610191174223894, 'min_child_samples': 60, 'reg_alpha': 2.039373116525212e-08, 'reg_lambda': 1.527156759251193}. Best is trial 3 with value: 0.058901482056548084.
[I 2026-06-01 23:26:54,489] Trial 4 finished with value: 0.0008767565794905174 and parameters: {'confidence_threshold': 0.5905729935600059, 'training_days': 340, 'n_estimators': 190, 'max_depth': 4, 'num_leaves': 41, 'learning_rate': 0.01875220945578641, 'subsample': 0.9847923138822793, 'colsample_bytree': 0.8875664116805573, 'min_child_samples': 96, 'reg_alpha': 1.1309571585271483, 'reg_lambda': 0.002404915432737351}. Best is trial 3 with value: 0.058901482056548084.
[I 2026-06-01 23:26:54,534] Trial 5 finished with value: -2.0338136391196775 and parameters: {'confidence_threshold': 0.8226559822580909, 'training_days': 50, 'n_estimators': 138, 'max_depth': 3, 'num_leaves': 30, 'learning_rate': 0.03750796359625606, 'subsample': 0.6356745158869479, 'colsample_bytree': 0.9143687545759647, 'min_child_samples': 48, 'reg_alpha': 3.376063348877853e-06, 'reg_lambda': 0.0007660634613082914}. Best is trial 3 with value: 0.058901482056548084.
[I 2026-06-01 23:26:54,668] Trial 6 finished with value: 0.06075461511432558 and parameters: {'confidence_threshold': 0.5493234787411669, 'training_days': 410, 'n_estimators': 83, 'max_depth': 5, 'num_leaves': 52, 'learning_rate': 0.019657448966046126, 'subsample': 0.5027610585618012, 'colsample_bytree': 0.9077307142274171, 'min_child_samples': 77, 'reg_alpha': 0.03639690979811287, 'reg_lambda': 0.08738424135626986}. Best is trial 6 with value: 0.06075461511432558.
[I 2026-06-01 23:26:54,770] Trial 7 finished with value: 0.015360480179325831 and parameters: {'confidence_threshold': 0.5259156281069316, 'training_days': 180, 'n_estimators': 102, 'max_depth': 5, 'num_leaves': 45, 'learning_rate': 0.030816017044468066, 'subsample': 0.5317791751430119, 'colsample_bytree': 0.6554911608578311, 'min_child_samples': 46, 'reg_alpha': 0.036851536911881845, 'reg_lambda': 0.005470376807480391}. Best is trial 6 with value: 0.06075461511432558.
[I 2026-06-01 23:26:54,885] Trial 8 finished with value: 0.05055113182198101 and parameters: {'confidence_threshold': 0.8105244599017143, 'training_days': 240, 'n_estimators': 103, 'max_depth': 5, 'num_leaves': 52, 'learning_rate': 0.06746437142284309, 'subsample': 0.8854835899772805, 'colsample_bytree': 0.7468977981821954, 'min_child_samples': 62, 'reg_alpha': 7.04480806377519e-05, 'reg_lambda': 1.6934490731313353e-08}. Best is trial 6 with value: 0.06075461511432558.
[I 2026-06-01 23:26:54,910] Trial 9 finished with value: -2.101746588876815 and parameters: {'confidence_threshold': 0.5377619994476566, 'training_days': 20, 'n_estimators': 337, 'max_depth': 3, 'num_leaves': 39, 'learning_rate': 0.21907142272152816, 'subsample': 0.6246461145744375, 'colsample_bytree': 0.7051914615178149, 'min_child_samples': 81, 'reg_alpha': 1.1459970229341322e-06, 'reg_lambda': 4.929685216887945e-08}. Best is trial 6 with value: 0.06075461511432558.
[I 2026-06-01 23:26:55,621] Trial 10 finished with value: 0.06445091434880863 and parameters: {'confidence_threshold': 0.7378545837642324, 'training_days': 350, 'n_estimators': 487, 'max_depth': 5, 'num_leaves': 62, 'learning_rate': 0.011407797829608154, 'subsample': 0.628963476300746, 'colsample_bytree': 0.8340915966600303, 'min_child_samples': 27, 'reg_alpha': 8.536188349289, 'reg_lambda': 8.145051292774586}. Best is trial 10 with value: 0.06445091434880863.
[I 2026-06-01 23:26:56,352] Trial 11 finished with value: 0.03488594419409557 and parameters: {'confidence_threshold': 0.7161090655475574, 'training_days': 340, 'n_estimators': 469, 'max_depth': 5, 'num_leaves': 62, 'learning_rate': 0.010432023013264416, 'subsample': 0.6089267919181687, 'colsample_bytree': 0.839514762445579, 'min_child_samples': 20, 'reg_alpha': 4.101459409586907, 'reg_lambda': 9.674676883280053}. Best is trial 10 with value: 0.06445091434880863.
[I 2026-06-01 23:26:57,002] Trial 12 finished with value: 0.06921360588468392 and parameters: {'confidence_threshold': 0.7232085852545128, 'training_days': 360, 'n_estimators': 493, 'max_depth': 4, 'num_leaves': 63, 'learning_rate': 0.010377063435469455, 'subsample': 0.5392311924833902, 'colsample_bytree': 0.9958196332168744, 'min_child_samples': 20, 'reg_alpha': 0.33153160121167125, 'reg_lambda': 0.18660890998048252}. Best is trial 12 with value: 0.06921360588468392.
[I 2026-06-01 23:26:57,615] Trial 13 finished with value: 0.04087644964826609 and parameters: {'confidence_threshold': 0.7321922500141939, 'training_days': 320, 'n_estimators': 500, 'max_depth': 4, 'num_leaves': 62, 'learning_rate': 0.010487676952854678, 'subsample': 0.6803710106053958, 'colsample_bytree': 0.9996587621832003, 'min_child_samples': 21, 'reg_alpha': 4.913687565309298, 'reg_lambda': 0.12873338729896155}. Best is trial 12 with value: 0.06921360588468392.
[I 2026-06-01 23:26:58,054] Trial 14 finished with value: 0.04925839562769747 and parameters: {'confidence_threshold': 0.7534219751173105, 'training_days': 270, 'n_estimators': 432, 'max_depth': 4, 'num_leaves': 56, 'learning_rate': 0.010284682228713442, 'subsample': 0.5808433054196197, 'colsample_bytree': 0.8183045855911907, 'min_child_samples': 31, 'reg_alpha': 0.29354708967218957, 'reg_lambda': 7.565770484313319e-06}. Best is trial 12 with value: 0.06921360588468392.
[I 2026-06-01 23:26:58,418] Trial 15 finished with value: 0.03512266083812635 and parameters: {'confidence_threshold': 0.6763273721100822, 'training_days': 400, 'n_estimators': 327, 'max_depth': 4, 'num_leaves': 57, 'learning_rate': 0.2656554302157523, 'subsample': 0.6780840160788687, 'colsample_bytree': 0.8100744538922787, 'min_child_samples': 33, 'reg_alpha': 0.00019361233100574128, 'reg_lambda': 0.16010957634758916}. Best is trial 12 with value: 0.06921360588468392.
[I 2026-06-01 23:26:58,676] Trial 16 finished with value: -0.03243215553445057 and parameters: {'confidence_threshold': 0.7774033151001597, 'training_days': 100, 'n_estimators': 500, 'max_depth': 4, 'num_leaves': 63, 'learning_rate': 0.015379775696614754, 'subsample': 0.5702399941196424, 'colsample_bytree': 0.9826162589395974, 'min_child_samples': 33, 'reg_alpha': 0.2574831465654036, 'reg_lambda': 4.503826520240687e-05}. Best is trial 12 with value: 0.06921360588468392.
[I 2026-06-01 23:26:58,842] Trial 17 finished with value: 0.07139937034206059 and parameters: {'confidence_threshold': 0.6891241006379885, 'training_days': 290, 'n_estimators': 261, 'max_depth': 4, 'num_leaves': 47, 'learning_rate': 0.14168046193643385, 'subsample': 0.8366733523272174, 'colsample_bytree': 0.6309885925406032, 'min_child_samples': 26, 'reg_alpha': 9.709479122433946, 'reg_lambda': 7.829715299471067}. Best is trial 17 with value: 0.07139937034206059.
[I 2026-06-01 23:26:59,080] A new study created in memory with name: no-name-dbc98405-d749-4744-81fd-9acfbb5c1480
[I 2026-06-01 23:26:59,183] Trial 0 finished with value: -0.09678161129086338 and parameters: {'confidence_threshold': 0.7437642149592516, 'training_days': 150, 'n_estimators': 152, 'max_depth': 4, 'num_leaves': 50, 'learning_rate': 0.04216766425047743, 'subsample': 0.9903820991923078, 'colsample_bytree': 0.8424148692924316, 'min_child_samples': 58, 'reg_alpha': 3.381097259762742e-05, 'reg_lambda': 1.2263152961306247e-05}. Best is trial 0 with value: -0.09678161129086338.
[I 2026-06-01 23:26:59,256] Trial 1 finished with value: -3.834203522016729 and parameters: {'confidence_threshold': 0.7551673975844145, 'training_days': 220, 'n_estimators': 76, 'max_depth': 4, 'num_leaves': 51, 'learning_rate': 0.018602118810743477, 'subsample': 0.5877258780737462, 'colsample_bytree': 0.7657756869209191, 'min_child_samples': 63, 'reg_alpha': 0.005123994170264194, 'reg_lambda': 0.44145470178120466}. Best is trial 0 with value: -0.09678161129086338.
[I 2026-06-01 23:26:59,529] Trial 2 finished with value: 0.05585267501663084 and parameters: {'confidence_threshold': 0.7535593637012223, 'training_days': 310, 'n_estimators': 375, 'max_depth': 3, 'num_leaves': 32, 'learning_rate': 0.021735641882032388, 'subsample': 0.6468570231944146, 'colsample_bytree': 0.8154880619272439, 'min_child_samples': 27, 'reg_alpha': 8.004064028491336e-05, 'reg_lambda': 7.546835261630524e-05}. Best is trial 2 with value: 0.05585267501663084.
[I 2026-06-01 23:26:59,708] Trial 3 finished with value: -0.030832439524480164 and parameters: {'confidence_threshold': 0.6727897841776072, 'training_days': 220, 'n_estimators': 190, 'max_depth': 4, 'num_leaves': 58, 'learning_rate': 0.24810689332636193, 'subsample': 0.7509183379421682, 'colsample_bytree': 0.8119764758960556, 'min_child_samples': 29, 'reg_alpha': 7.1708285081421445e-06, 'reg_lambda': 5.412973582738627e-05}. Best is trial 2 with value: 0.05585267501663084.
[I 2026-06-01 23:26:59,842] Trial 4 finished with value: -0.028715421165965503 and parameters: {'confidence_threshold': 0.803208205259178, 'training_days': 130, 'n_estimators': 267, 'max_depth': 5, 'num_leaves': 40, 'learning_rate': 0.08041175317374143, 'subsample': 0.5603143329951619, 'colsample_bytree': 0.9131704002534167, 'min_child_samples': 68, 'reg_alpha': 0.0008046593428183385, 'reg_lambda': 1.2158346158765583e-05}. Best is trial 2 with value: 0.05585267501663084.
[I 2026-06-01 23:27:00,094] Trial 5 finished with value: 0.017196970233339694 and parameters: {'confidence_threshold': 0.6064422761595144, 'training_days': 210, 'n_estimators': 357, 'max_depth': 5, 'num_leaves': 40, 'learning_rate': 0.0974221287220869, 'subsample': 0.7929682762811064, 'colsample_bytree': 0.8124517510478, 'min_child_samples': 74, 'reg_alpha': 0.3811377260781234, 'reg_lambda': 5.607314238392041e-08}. Best is trial 2 with value: 0.05585267501663084.
[I 2026-06-01 23:27:00,211] Trial 6 finished with value: -0.07768271712215058 and parameters: {'confidence_threshold': 0.7672889945051684, 'training_days': 130, 'n_estimators': 137, 'max_depth': 4, 'num_leaves': 19, 'learning_rate': 0.2031117614248665, 'subsample': 0.8136244860256343, 'colsample_bytree': 0.8617081790949774, 'min_child_samples': 21, 'reg_alpha': 0.002238138278733199, 'reg_lambda': 0.001025809534977322}. Best is trial 2 with value: 0.05585267501663084.
[I 2026-06-01 23:27:00,295] Trial 7 finished with value: -0.011188331932075267 and parameters: {'confidence_threshold': 0.555635875450653, 'training_days': 80, 'n_estimators': 363, 'max_depth': 3, 'num_leaves': 48, 'learning_rate': 0.06590089024008658, 'subsample': 0.6944752870615722, 'colsample_bytree': 0.962566244806993, 'min_child_samples': 88, 'reg_alpha': 1.6465620446426067e-05, 'reg_lambda': 2.4678750890085655e-08}. Best is trial 2 with value: 0.05585267501663084.
