[I 2026-06-01 23:31:11,128] Trial 9 finished with value: -4.0904931683652 and parameters: {'confidence_threshold': 0.7267463643917187, 'training_days': 20, 'n_estimators': 337, 'max_depth': 5, 'num_leaves': 23, 'learning_rate': 0.022153031811454605, 'subsample': 0.6305627572358737, 'colsample_bytree': 0.6613413774216214, 'min_child_samples': 81, 'reg_alpha': 5.7638634029410314e-08, 'reg_lambda': 8.26603016764008}. Best is trial 8 with value: 0.18089685513245976.
[I 2026-06-01 23:31:11,538] Trial 10 finished with value: 0.165233960110086 and parameters: {'confidence_threshold': 0.8283920119574972, 'training_days': 400, 'n_estimators': 485, 'max_depth': 4, 'num_leaves': 63, 'learning_rate': 0.011927505552849117, 'subsample': 0.7130289643560688, 'colsample_bytree': 0.9944479338273263, 'min_child_samples': 100, 'reg_alpha': 5.0239970328459277e-05, 'reg_lambda': 0.0028438774509831773}. Best is trial 8 with value: 0.18089685513245976.
[I 2026-06-01 23:31:11,949] Trial 11 finished with value: 0.07332338070408097 and parameters: {'confidence_threshold': 0.8431920368994753, 'training_days': 400, 'n_estimators': 478, 'max_depth': 4, 'num_leaves': 61, 'learning_rate': 0.010033528037260202, 'subsample': 0.6988002958677881, 'colsample_bytree': 0.9628722124262472, 'min_child_samples': 100, 'reg_alpha': 5.263694533895985e-05, 'reg_lambda': 0.0038935771291352755}. Best is trial 8 with value: 0.18089685513245976.
[I 2026-06-01 23:31:12,406] Trial 12 finished with value: 0.19895518865235512 and parameters: {'confidence_threshold': 0.8097987051847976, 'training_days': 500, 'n_estimators': 490, 'max_depth': 4, 'num_leaves': 63, 'learning_rate': 0.010255894610795194, 'subsample': 0.7221629666626523, 'colsample_bytree': 0.9826583982594713, 'min_child_samples': 85, 'reg_alpha': 3.0366481742941654e-05, 'reg_lambda': 0.004296708263438564}. Best is trial 12 with value: 0.19895518865235512.
[I 2026-06-01 23:31:12,807] Trial 13 finished with value: 0.1733006035970831 and parameters: {'confidence_threshold': 0.779302900487016, 'training_days': 490, 'n_estimators': 497, 'max_depth': 4, 'num_leaves': 55, 'learning_rate': 0.022084766638707336, 'subsample': 0.7663395112821221, 'colsample_bytree': 0.6447899325131485, 'min_child_samples': 84, 'reg_alpha': 7.684962285283632e-06, 'reg_lambda': 5.030394345033015e-06}. Best is trial 12 with value: 0.19895518865235512.
[I 2026-06-01 23:31:13,181] Trial 14 finished with value: 0.13317438648877838 and parameters: {'confidence_threshold': 0.7723320301796328, 'training_days': 360, 'n_estimators': 426, 'max_depth': 4, 'num_leaves': 56, 'learning_rate': 0.016934731256612896, 'subsample': 0.6568169171648625, 'colsample_bytree': 0.7921009662363301, 'min_child_samples': 66, 'reg_alpha': 0.0007777091165467205, 'reg_lambda': 0.008316481083758081}. Best is trial 12 with value: 0.19895518865235512.
[I 2026-06-01 23:31:13,473] Trial 15 finished with value: 0.1512860871094109 and parameters: {'confidence_threshold': 0.7674814301865485, 'training_days': 500, 'n_estimators': 309, 'max_depth': 4, 'num_leaves': 54, 'learning_rate': 0.10175436432338197, 'subsample': 0.5095075980971637, 'colsample_bytree': 0.9093353900580593, 'min_child_samples': 88, 'reg_alpha': 4.7001261423733665e-06, 'reg_lambda': 0.0005443561150601007}. Best is trial 12 with value: 0.19895518865235512.
[I 2026-06-01 23:31:13,656] Trial 16 finished with value: 0.08732933678585214 and parameters: {'confidence_threshold': 0.7899290499816971, 'training_days': 220, 'n_estimators': 229, 'max_depth': 4, 'num_leaves': 51, 'learning_rate': 0.033795171844487555, 'subsample': 0.7543865421398536, 'colsample_bytree': 0.6082416040432931, 'min_child_samples': 71, 'reg_alpha': 0.0020449178771483473, 'reg_lambda': 5.90594587354815}. Best is trial 12 with value: 0.19895518865235512.
[I 2026-06-01 23:31:13,948] Trial 17 finished with value: 0.09199889130504293 and parameters: {'confidence_threshold': 0.5080881579696632, 'training_days': 440, 'n_estimators': 437, 'max_depth': 3, 'num_leaves': 18, 'learning_rate': 0.014399917848714062, 'subsample': 0.9752993028582533, 'colsample_bytree': 0.7191095787088697, 'min_child_samples': 89, 'reg_alpha': 2.7794319262647694e-06, 'reg_lambda': 0.05638309695090104}. Best is trial 12 with value: 0.19895518865235512.

  [ensemble 2/3] seed=123
    [trial 0] 49 features, training_days=150 | threshold=0.744 | labels: 1111 long, 1060 short (51/49%)
    [CV fold 0] train_end=2023-02-23 08:00 | val_start=2023-03-03 00:00 | gap=184h (22 rows)
    [CV fold 1] train_end=2023-06-23 16:00 | val_start=2023-07-01 08:00 | gap=184h (22 rows)
    [CV fold 2] train_end=2023-10-22 00:00 | val_start=2023-10-29 16:00 | gap=184h (22 rows)
    [CV fold 3] train_end=2024-02-19 08:00 | val_start=2024-02-27 00:00 | gap=184h (22 rows)
    [CV fold 4] train_end=2024-06-18 16:00 | val_start=2024-06-26 08:00 | gap=184h (22 rows)
    [trial 0] Sharpe=0.0586 (folds: 0.1024, 0.2418, -0.1152, 0.2155, -0.1513)
    [trial 1] 49 features, training_days=220 | threshold=0.755 | labels: 1111 long, 1060 short (51/49%)
    [trial 1] Sharpe=0.1481 (folds: 0.1199, -0.0156, -0.1582, 0.2873, 0.5072)
    [trial 2] 49 features, training_days=310 | threshold=0.754 | labels: 1111 long, 1060 short (51/49%)
    [trial 2] Sharpe=0.0804 (folds: 0.0190, 0.0174, -0.0832, 0.2392, 0.2093)
    [trial 3] 49 features, training_days=220 | threshold=0.673 | labels: 1111 long, 1060 short (51/49%)
    [trial 3] Sharpe=0.0146 (folds: 0.0199, -0.1324, -0.0191, 0.1898, 0.0149)
    [trial 4] 49 features, training_days=130 | threshold=0.803 | labels: 1111 long, 1060 short (51/49%)
    [trial 4] Sharpe=0.0169 (folds: 0.0934, 0.3503, -0.1757, 0.1097, -0.2933)
    [trial 5] 49 features, training_days=210 | threshold=0.606 | labels: 1111 long, 1060 short (51/49%)
    [trial 5] Sharpe=0.0482 (folds: 0.1195, -0.1118, 0.0301, 0.2449, -0.0416)
    [trial 6] 49 features, training_days=130 | threshold=0.767 | labels: 1111 long, 1060 short (51/49%)
    [trial 6] Sharpe=-0.0237 (folds: 0.0009, 0.1836, -0.1271, 0.1336, -0.3093)
    [trial 7] 49 features, training_days=80 | threshold=0.556 | labels: 1111 long, 1060 short (51/49%)
    [trial 7] Sharpe=0.0512 (folds: 0.0434, 0.0762, 0.1152, 0.1595, -0.1384)
    [trial 8] 49 features, training_days=200 | threshold=0.607 | labels: 1111 long, 1060 short (51/49%)
    [trial 8] Sharpe=0.0324 (folds: 0.0155, -0.0313, -0.0081, 0.1550, 0.0308)
    [trial 9] 49 features, training_days=260 | threshold=0.620 | labels: 1111 long, 1060 short (51/49%)
    [trial 9] Sharpe=0.1030 (folds: 0.1228, 0.0260, 0.0338, 0.1574, 0.1750)
    [trial 10] 49 features, training_days=470 | threshold=0.845 | labels: 1111 long, 1060 short (51/49%)
    [trial 10] Sharpe=-1.9277 (folds: -0.3531, 0.0190, 0.0002, -10.0000, 0.6956)
    [trial 11] 49 features, training_days=340 | threshold=0.684 | labels: 1111 long, 1060 short (51/49%)
    [trial 11] Sharpe=0.1139 (folds: 0.1024, -0.0389, 0.0430, 0.2710, 0.1918)
    [trial 12] 49 features, training_days=360 | threshold=0.701 | labels: 1111 long, 1060 short (51/49%)
    [trial 12] Sharpe=-5.9276 (folds: 0.1120, 0.2499, -10.0000, -10.0000, -10.0000)
    [trial 13] 49 features, training_days=400 | threshold=0.674 | labels: 1111 long, 1060 short (51/49%)
    [trial 13] Sharpe=0.1315 (folds: 0.0394, -0.0011, -0.0415, 0.2315, 0.4291)
    [trial 14] 49 features, training_days=450 | threshold=0.517 | labels: 1111 long, 1060 short (51/49%)
    [trial 14] Sharpe=0.1010 (folds: 0.2040, 0.0172, -0.1140, 0.2755, 0.1225)
    [trial 15] 49 features, training_days=20 | threshold=0.712 | labels: 1111 long, 1060 short (51/49%)
    [trial 15] Sharpe=-4.0905 (folds: -10.0000, -0.2508, 0.0100, -10.0000, -0.2116)
    [trial 16] 49 features, training_days=430 | threshold=0.648 | labels: 1111 long, 1060 short (51/49%)
    [trial 16] Sharpe=0.1247 (folds: 0.0645, 0.0052, -0.0766, 0.3298, 0.3005)
    [trial 17] 49 features, training_days=410 | threshold=0.813 | labels: 1111 long, 1060 short (51/49%)
    [trial 17] Sharpe=-10.0000 (folds: -10.0000, -10.0000, -10.0000, -10.0000, -10.0000)
  Optuna: 18 trials, best Sharpe = 0.1481
  Best params: n_estimators=76, max_depth=4, lr=0.0186, leaves=51
  Best confidence_threshold: 0.755
  Best training_days: 220
  Retrained on full data (660 samples, 49 features)
  [ensemble 3/3] seed=456
    [trial 0] 49 features, training_days=90 | threshold=0.587 | labels: 1111 long, 1060 short (51/49%)
    [CV fold 0] train_end=2023-02-23 08:00 | val_start=2023-03-03 00:00 | gap=184h (22 rows)
    [CV fold 1] train_end=2023-06-23 16:00 | val_start=2023-07-01 08:00 | gap=184h (22 rows)
    [CV fold 2] train_end=2023-10-22 00:00 | val_start=2023-10-29 16:00 | gap=184h (22 rows)
    [CV fold 3] train_end=2024-02-19 08:00 | val_start=2024-02-27 00:00 | gap=184h (22 rows)
    [CV fold 4] train_end=2024-06-18 16:00 | val_start=2024-06-26 08:00 | gap=184h (22 rows)
    [trial 0] Sharpe=0.0623 (folds: -0.0587, 0.1024, 0.1332, 0.1516, -0.0171)
    [trial 1] 49 features, training_days=290 | threshold=0.635 | labels: 1111 long, 1060 short (51/49%)
    [trial 1] Sharpe=0.0833 (folds: 0.1146, 0.0102, -0.0580, 0.1581, 0.1916)
    [trial 2] 49 features, training_days=10 | threshold=0.585 | labels: 1111 long, 1060 short (51/49%)
    [trial 2] Sharpe=-0.0115 (folds: 0.0773, 0.1131, -0.1597, 0.1232, -0.2116)
    [trial 3] 49 features, training_days=220 | threshold=0.687 | labels: 1111 long, 1060 short (51/49%)
    [trial 3] Sharpe=0.0760 (folds: 0.1873, -0.0805, 0.0062, 0.1883, 0.0785)
    [trial 4] 49 features, training_days=300 | threshold=0.562 | labels: 1111 long, 1060 short (51/49%)
    [trial 4] Sharpe=0.0506 (folds: 0.0070, 0.0318, -0.0546, 0.1656, 0.1033)
    [trial 5] 49 features, training_days=490 | threshold=0.711 | labels: 1111 long, 1060 short (51/49%)
    [trial 5] Sharpe=0.1268 (folds: 0.0169, -0.0080, -0.0385, 0.2922, 0.3715)
    [trial 6] 49 features, training_days=420 | threshold=0.667 | labels: 1111 long, 1060 short (51/49%)
    [trial 6] Sharpe=0.0949 (folds: 0.0461, -0.0422, -0.0138, 0.2128, 0.2718)
    [trial 7] 49 features, training_days=120 | threshold=0.550 | labels: 1111 long, 1060 short (51/49%)
    [trial 7] Sharpe=0.0466 (folds: 0.0572, 0.1374, 0.1242, 0.0954, -0.1814)
    [trial 8] 49 features, training_days=450 | threshold=0.720 | labels: 1111 long, 1060 short (51/49%)
    [trial 8] Sharpe=0.1809 (folds: 0.1591, 0.0838, 0.0285, 0.3773, 0.2558)
    [trial 9] 49 features, training_days=20 | threshold=0.727 | labels: 1111 long, 1060 short (51/49%)
    [trial 9] Sharpe=-4.0905 (folds: -10.0000, -0.2508, 0.0100, -10.0000, -0.2116)
    [trial 10] 49 features, training_days=400 | threshold=0.828 | labels: 1111 long, 1060 short (51/49%)
    [trial 10] Sharpe=0.1652 (folds: 0.1682, 0.0774, -0.1465, 0.2222, 0.5049)
    [trial 11] 49 features, training_days=400 | threshold=0.843 | labels: 1111 long, 1060 short (51/49%)
    [trial 11] Sharpe=0.0733 (folds: 0.1773, 0.1844, -0.6268, 0.1828, 0.4489)
    [trial 12] 49 features, training_days=500 | threshold=0.810 | labels: 1111 long, 1060 short (51/49%)
    [trial 12] Sharpe=0.1990 (folds: 0.1771, -0.0088, -0.3280, 0.4899, 0.6646)
    [trial 13] 49 features, training_days=490 | threshold=0.779 | labels: 1111 long, 1060 short (51/49%)
    [trial 13] Sharpe=0.1733 (folds: 0.0781, -0.0005, -0.0783, 0.3343, 0.5328)
    [trial 14] 49 features, training_days=360 | threshold=0.772 | labels: 1111 long, 1060 short (51/49%)
    [trial 14] Sharpe=0.1332 (folds: 0.0937, -0.0594, -0.0529, 0.2815, 0.4030)
    [trial 15] 49 features, training_days=500 | threshold=0.767 | labels: 1111 long, 1060 short (51/49%)
    [trial 15] Sharpe=0.1513 (folds: 0.1204, -0.0195, 0.0106, 0.2257, 0.4192)
    [trial 16] 49 features, training_days=220 | threshold=0.790 | labels: 1111 long, 1060 short (51/49%)
    [trial 16] Sharpe=0.0873 (folds: 0.0321, -0.0040, 0.0495, 0.2507, 0.1082)
    [trial 17] 49 features, training_days=440 | threshold=0.508 | labels: 1111 long, 1060 short (51/49%)
    [trial 17] Sharpe=0.0920 (folds: 0.1301, 0.0471, -0.0542, 0.1816, 0.1553)
  Optuna: 18 trials, best Sharpe = 0.1990
  Best params: n_estimators=490, max_depth=4, lr=0.0103, leaves=63
  Best confidence_threshold: 0.810
  Best training_days: 500
  Retrained on full data (1500 samples, 49 features)
  OOD: 16 features, cutoff (q=0.7) = 13.68
  Model trained for 2024-11: 90 test candles with features, confidence_threshold=0.753
[predict] 2024-11-06 16:00 LTCUSDT → SHORT (proba=0.83 TP=10.9%/SL=5.5%)[I 2026-06-01 23:31:14,782] A new study created in memory with name: no-name-cee8ecc1-0908-4895-921e-887680422f4b
[I 2026-06-01 23:31:15,264] Trial 0 finished with value: 0.07722415852448566 and parameters: {'confidence_threshold': 0.6310890415965769, 'training_days': 480, 'n_estimators': 380, 'max_depth': 4, 'num_leaves': 22, 'learning_rate': 0.01699897838270077, 'subsample': 0.5290418060840998, 'colsample_bytree': 0.9330880728874675, 'min_child_samples': 68, 'reg_alpha': 0.023585940584142682, 'reg_lambda': 1.5320059381854043e-08}. Best is trial 0 with value: 0.07722415852448566.
[I 2026-06-01 23:31:15,504] Trial 1 finished with value: -1.8567934834244624 and parameters: {'confidence_threshold': 0.839468448256698, 'training_days': 420, 'n_estimators': 145, 'max_depth': 3, 'num_leaves': 23, 'learning_rate': 0.028145092716060652, 'subsample': 0.762378215816119, 'colsample_bytree': 0.7159725093210578, 'min_child_samples': 43, 'reg_alpha': 0.0032112643094417484, 'reg_lambda': 1.8007140198129195e-07}. Best is trial 0 with value: 0.07722415852448566.
[I 2026-06-01 23:31:15,694] Trial 2 finished with value: 0.02958898811126904 and parameters: {'confidence_threshold': 0.6022506269873263, 'training_days': 190, 'n_estimators': 255, 'max_depth': 5, 'num_leaves': 24, 'learning_rate': 0.05748924681991978, 'subsample': 0.7962072844310213, 'colsample_bytree': 0.5232252063599989, 'min_child_samples': 69, 'reg_alpha': 3.425445902633376e-07, 'reg_lambda': 3.850031979199519e-08}. Best is trial 0 with value: 0.07722415852448566.
[I 2026-06-01 23:31:16,002] Trial 3 finished with value: 0.04448370839240584 and parameters: {'confidence_threshold': 0.8321099380386666, 'training_days': 490, 'n_estimators': 414, 'max_depth': 3, 'num_leaves': 19, 'learning_rate': 0.1024932221692416, 'subsample': 0.7200762468698007, 'colsample_bytree': 0.5610191174223894, 'min_child_samples': 60, 'reg_alpha': 2.039373116525212e-08, 'reg_lambda': 1.527156759251193}. Best is trial 0 with value: 0.07722415852448566.
[I 2026-06-01 23:31:16,176] Trial 4 finished with value: 0.03530628571252814 and parameters: {'confidence_threshold': 0.5905729935600059, 'training_days': 340, 'n_estimators': 190, 'max_depth': 4, 'num_leaves': 41, 'learning_rate': 0.01875220945578641, 'subsample': 0.9847923138822793, 'colsample_bytree': 0.8875664116805573, 'min_child_samples': 96, 'reg_alpha': 1.1309571585271483, 'reg_lambda': 0.002404915432737351}. Best is trial 0 with value: 0.07722415852448566.
[I 2026-06-01 23:31:16,222] Trial 5 finished with value: 0.051749426167521664 and parameters: {'confidence_threshold': 0.8226559822580909, 'training_days': 50, 'n_estimators': 138, 'max_depth': 3, 'num_leaves': 30, 'learning_rate': 0.03750796359625606, 'subsample': 0.6356745158869479, 'colsample_bytree': 0.9143687545759647, 'min_child_samples': 48, 'reg_alpha': 3.376063348877853e-06, 'reg_lambda': 0.0007660634613082914}. Best is trial 0 with value: 0.07722415852448566.
[I 2026-06-01 23:31:16,336] Trial 6 finished with value: 0.08740939903848396 and parameters: {'confidence_threshold': 0.5493234787411669, 'training_days': 410, 'n_estimators': 83, 'max_depth': 5, 'num_leaves': 52, 'learning_rate': 0.019657448966046126, 'subsample': 0.5027610585618012, 'colsample_bytree': 0.9077307142274171, 'min_child_samples': 77, 'reg_alpha': 0.03639690979811287, 'reg_lambda': 0.08738424135626986}. Best is trial 6 with value: 0.08740939903848396.
[I 2026-06-01 23:31:16,443] Trial 7 finished with value: 0.075215748115642 and parameters: {'confidence_threshold': 0.5259156281069316, 'training_days': 180, 'n_estimators': 102, 'max_depth': 5, 'num_leaves': 45, 'learning_rate': 0.030816017044468066, 'subsample': 0.5317791751430119, 'colsample_bytree': 0.6554911608578311, 'min_child_samples': 46, 'reg_alpha': 0.036851536911881845, 'reg_lambda': 0.005470376807480391}. Best is trial 6 with value: 0.08740939903848396.
[I 2026-06-01 23:31:16,555] Trial 8 finished with value: 0.031639625115590604 and parameters: {'confidence_threshold': 0.8105244599017143, 'training_days': 240, 'n_estimators': 103, 'max_depth': 5, 'num_leaves': 52, 'learning_rate': 0.06746437142284309, 'subsample': 0.8854835899772805, 'colsample_bytree': 0.7468977981821954, 'min_child_samples': 62, 'reg_alpha': 7.04480806377519e-05, 'reg_lambda': 1.6934490731313353e-08}. Best is trial 6 with value: 0.08740939903848396.
[I 2026-06-01 23:31:16,588] Trial 9 finished with value: -0.030043693822068968 and parameters: {'confidence_threshold': 0.5377619994476566, 'training_days': 20, 'n_estimators': 337, 'max_depth': 3, 'num_leaves': 39, 'learning_rate': 0.21907142272152816, 'subsample': 0.6246461145744375, 'colsample_bytree': 0.7051914615178149, 'min_child_samples': 81, 'reg_alpha': 1.1459970229341322e-06, 'reg_lambda': 4.929685216887945e-08}. Best is trial 6 with value: 0.08740939903848396.
[I 2026-06-01 23:31:17,376] Trial 10 finished with value: 0.09898001009443247 and parameters: {'confidence_threshold': 0.7378545837642324, 'training_days': 350, 'n_estimators': 487, 'max_depth': 5, 'num_leaves': 62, 'learning_rate': 0.011407797829608154, 'subsample': 0.628963476300746, 'colsample_bytree': 0.8340915966600303, 'min_child_samples': 27, 'reg_alpha': 8.536188349289, 'reg_lambda': 8.145051292774586}. Best is trial 10 with value: 0.09898001009443247.
[I 2026-06-01 23:31:18,191] Trial 11 finished with value: 0.11483292240710363 and parameters: {'confidence_threshold': 0.7161090655475574, 'training_days': 340, 'n_estimators': 469, 'max_depth': 5, 'num_leaves': 62, 'learning_rate': 0.010432023013264416, 'subsample': 0.6089267919181687, 'colsample_bytree': 0.839514762445579, 'min_child_samples': 20, 'reg_alpha': 4.101459409586907, 'reg_lambda': 9.674676883280053}. Best is trial 11 with value: 0.11483292240710363.
[I 2026-06-01 23:31:18,830] Trial 12 finished with value: 0.09963935308434968 and parameters: {'confidence_threshold': 0.7297339240159137, 'training_days': 320, 'n_estimators': 496, 'max_depth': 4, 'num_leaves': 63, 'learning_rate': 0.010345606055684764, 'subsample': 0.6401469569045313, 'colsample_bytree': 0.8222666041123305, 'min_child_samples': 20, 'reg_alpha': 5.771866614729529, 'reg_lambda': 4.068197949201287}. Best is trial 11 with value: 0.11483292240710363.
[I 2026-06-01 23:31:19,463] Trial 13 finished with value: 0.09817859910963259 and parameters: {'confidence_threshold': 0.7181068785940978, 'training_days': 310, 'n_estimators': 500, 'max_depth': 4, 'num_leaves': 62, 'learning_rate': 0.010486279420934018, 'subsample': 0.6866291716128416, 'colsample_bytree': 0.9987041465873885, 'min_child_samples': 21, 'reg_alpha': 1.3941050554753773, 'reg_lambda': 4.448098583586055e-06}. Best is trial 11 with value: 0.11483292240710363.
[I 2026-06-01 23:31:19,915] Trial 14 finished with value: 0.08408722804073462 and parameters: {'confidence_threshold': 0.6913114164181123, 'training_days': 260, 'n_estimators': 432, 'max_depth': 4, 'num_leaves': 56, 'learning_rate': 0.010283862646985416, 'subsample': 0.5887409658051972, 'colsample_bytree': 0.806083049826186, 'min_child_samples': 31, 'reg_alpha': 6.243069797304175, 'reg_lambda': 0.17108346585327802}. Best is trial 11 with value: 0.11483292240710363.
[I 2026-06-01 23:31:20,047] Trial 15 finished with value: 0.07460775669008439 and parameters: {'confidence_threshold': 0.764414395950421, 'training_days': 130, 'n_estimators': 298, 'max_depth': 4, 'num_leaves': 57, 'learning_rate': 0.2656554302157523, 'subsample': 0.8241700788758757, 'colsample_bytree': 0.8100744538922787, 'min_child_samples': 34, 'reg_alpha': 0.3201911409800121, 'reg_lambda': 0.15333462575044862}. Best is trial 11 with value: 0.11483292240710363.
[I 2026-06-01 23:31:20,502] Trial 16 finished with value: 0.10068900178861881 and parameters: {'confidence_threshold': 0.6486437552907224, 'training_days': 380, 'n_estimators': 453, 'max_depth': 4, 'num_leaves': 63, 'learning_rate': 0.015427731094546288, 'subsample': 0.6832162183073452, 'colsample_bytree': 0.632035183231185, 'min_child_samples': 39, 'reg_alpha': 0.0002046661144481163, 'reg_lambda': 6.2946623484598785}. Best is trial 11 with value: 0.11483292240710363.
[I 2026-06-01 23:31:20,906] Trial 17 finished with value: 0.08950313395904042 and parameters: {'confidence_threshold': 0.6532374758582236, 'training_days': 410, 'n_estimators': 417, 'max_depth': 4, 'num_leaves': 47, 'learning_rate': 0.015783992015805735, 'subsample': 0.7004831188261247, 'colsample_bytree': 0.6091330191487015, 'min_child_samples': 39, 'reg_alpha': 0.00016725247019836714, 'reg_lambda': 3.850030608193668e-06}. Best is trial 11 with value: 0.11483292240710363.
[I 2026-06-01 23:31:21,476] A new study created in memory with name: no-name-4735c3ef-0c48-4725-8fae-24e15f56cf12
