[I 2026-06-01 23:33:43,429] Trial 17 finished with value: 0.04277013208650377 and parameters: {'confidence_threshold': 0.502856073658682, 'training_days': 180, 'n_estimators': 92, 'max_depth': 3, 'num_leaves': 56, 'learning_rate': 0.09596770911877618, 'subsample': 0.9785446894519376, 'colsample_bytree': 0.7142219102330146, 'min_child_samples': 61, 'reg_alpha': 7.1038222878045895e-06, 'reg_lambda': 0.05619715463217856}. Best is trial 4 with value: 0.11109692995231746.
[I 2026-06-01 23:33:44,252] A new study created in memory with name: no-name-8425ebcf-7bb1-496b-886e-7998deb48c49

    [trial 1] 49 features, training_days=290 | threshold=0.635 | labels: 1107 long, 1064 short (51/49%)
    [trial 1] Sharpe=0.0642 (folds: 0.3059, -0.0659, -0.1097, 0.0983, 0.0927)
    [trial 2] 49 features, training_days=10 | threshold=0.585 | labels: 1107 long, 1064 short (51/49%)
    [trial 2] Sharpe=-0.0617 (folds: -0.0277, -0.0423, -0.1800, 0.0750, -0.1337)
    [trial 3] 49 features, training_days=220 | threshold=0.687 | labels: 1107 long, 1064 short (51/49%)
    [trial 3] Sharpe=0.0815 (folds: 0.3131, -0.0386, -0.1564, 0.0707, 0.2184)
    [trial 4] 49 features, training_days=300 | threshold=0.562 | labels: 1107 long, 1064 short (51/49%)
    [trial 4] Sharpe=0.1111 (folds: 0.3188, -0.0235, -0.0406, 0.1012, 0.1995)
    [trial 5] 49 features, training_days=490 | threshold=0.711 | labels: 1107 long, 1064 short (51/49%)
    [trial 5] Sharpe=0.0492 (folds: 0.3261, -0.0711, -0.0458, 0.0513, -0.0143)
    [trial 6] 49 features, training_days=420 | threshold=0.667 | labels: 1107 long, 1064 short (51/49%)
    [trial 6] Sharpe=0.0755 (folds: 0.3170, -0.0171, -0.0894, 0.1562, 0.0107)
    [trial 7] 49 features, training_days=120 | threshold=0.550 | labels: 1107 long, 1064 short (51/49%)
    [trial 7] Sharpe=0.0335 (folds: 0.2979, -0.0258, -0.0076, -0.0364, -0.0605)
    [trial 8] 49 features, training_days=450 | threshold=0.720 | labels: 1107 long, 1064 short (51/49%)
    [trial 8] Sharpe=0.0455 (folds: 0.3225, -0.0547, -0.0607, 0.0168, 0.0033)
    [trial 9] 49 features, training_days=20 | threshold=0.727 | labels: 1107 long, 1064 short (51/49%)
    [trial 9] Sharpe=-3.9950 (folds: -0.0277, -0.0290, 0.0818, -10.0000, -10.0000)
    [trial 10] 49 features, training_days=320 | threshold=0.840 | labels: 1107 long, 1064 short (51/49%)
    [trial 10] Sharpe=0.1027 (folds: 0.3568, -0.0611, -0.0246, 0.1649, 0.0772)
    [trial 11] 49 features, training_days=330 | threshold=0.849 | labels: 1107 long, 1064 short (51/49%)
    [trial 11] Sharpe=0.0951 (folds: 0.2815, -0.0669, 0.0240, 0.0363, 0.2004)
    [trial 12] 49 features, training_days=360 | threshold=0.839 | labels: 1107 long, 1064 short (51/49%)
    [trial 12] Sharpe=0.1094 (folds: 0.3794, -0.1234, 0.0332, 0.2463, 0.0117)
    [trial 13] 49 features, training_days=380 | threshold=0.504 | labels: 1107 long, 1064 short (51/49%)
    [trial 13] Sharpe=0.0871 (folds: 0.3190, -0.0692, -0.0313, 0.0927, 0.1242)
    [trial 14] 49 features, training_days=210 | threshold=0.772 | labels: 1107 long, 1064 short (51/49%)
    [trial 14] Sharpe=0.0236 (folds: 0.3293, -0.1235, -0.0492, -0.0039, -0.0348)
    [trial 15] 49 features, training_days=370 | threshold=0.783 | labels: 1107 long, 1064 short (51/49%)
    [trial 15] Sharpe=-5.9264 (folds: 0.4942, -0.1261, -10.0000, -10.0000, -10.0000)
    [trial 16] 49 features, training_days=250 | threshold=0.631 | labels: 1107 long, 1064 short (51/49%)
    [trial 16] Sharpe=0.0632 (folds: 0.2865, -0.0359, 0.0259, 0.0485, -0.0090)
    [trial 17] 49 features, training_days=180 | threshold=0.503 | labels: 1107 long, 1064 short (51/49%)
    [trial 17] Sharpe=0.0428 (folds: 0.2618, -0.1379, -0.1204, 0.0896, 0.1208)
  Optuna: 18 trials, best Sharpe = 0.1111
  Best params: n_estimators=69, max_depth=4, lr=0.1497, leaves=32
  Best confidence_threshold: 0.562
  Best training_days: 300
  Retrained on full data (900 samples, 49 features)
  OOD: 16 features, cutoff (q=0.7) = 13.74
  Model trained for 2025-10: 93 test candles with features, confidence_threshold=0.721
[trade:close] 2025-10-01 15:59 LTCUSDT LONG → take_profit @ 111.55 | PnL=+7.20% (net +7.10%) | cum=+135.89% 2025-10=+7.10% 2025-10-01=+7.10%
[predict] 2025-10-08 08:00 LTCUSDT → SHORT (proba=0.78 TP=8.7%/SL=4.3%)
[trade:open] 2025-10-08 15:59 LTCUSDT SHORT @ 116.31 | SL=121.36 TP=106.21 | timeout=2025-10-15 15:59
[trade:close] 2025-10-09 23:59 LTCUSDT SHORT → stop_loss @ 121.36 | PnL=-4.34% (net -4.44%) | cum=+131.45% 2025-10=+2.65% 2025-10-09=-4.44%
[predict] 2025-10-18 00:00 LTCUSDT → LONG (proba=0.73 TP=20.4%/SL=10.2%)
[trade:open] 2025-10-18 07:59 LTCUSDT LONG @ 90.90 | SL=81.62 TP=109.47 | timeout=2025-10-25 07:59
[trade:close] 2025-10-25 08:00 LTCUSDT LONG → timeout @ 96.49 | PnL=+6.15% (net +6.05%) | cum=+137.50% 2025-10=+8.70% 2025-10-25=+6.05%
[predict] 2025-10-26 00:00 LTCUSDT → SHORT (proba=0.79 TP=8.7%/SL=4.3%)
[trade:open] 2025-10-26 07:59 LTCUSDT SHORT @ 97.40 | SL=101.63 TP=88.94 | timeout=2025-11-02 07:59
[trade:close] 2025-10-27 15:59 LTCUSDT SHORT → stop_loss @ 101.63 | PnL=-4.34% (net -4.44%) | cum=+133.05% 2025-10=+4.26% 2025-10-27=-4.44%
[predict] 2025-10-29 00:00 LTCUSDT → SHORT (proba=0.75 TP=12.3%/SL=6.2%)
[trade:open] 2025-10-29 07:59 LTCUSDT SHORT @ 98.62 | SL=104.70 TP=86.47 | timeout=2025-11-05 07:59
[lgbm] === Training for 2025-11 ===
  Train window: 2023-11-01 → 2025-10-24
  2171 training samples from 1 symbols
  Samples per month: 2023-11: 90, 2023-12: 93, 2024-01: 93, 2024-02: 87, 2024-03: 93, 2024-04: 90, 2024-05: 93, 2024-06: 90, 2024-07: 93, 2024-08: 93, 2024-09: 90, 2024-10: 93, 2024-11: 90, 2024-12: 93, 2025-01: 93, 2025-02: 84, 2025-03: 93, 2025-04: 90, 2025-05: 93, 2025-06: 90, 2025-07: 93, 2025-08: 93, 2025-09: 90, 2025-10: 71
  [label] 2024-01-01 16:00 LTCUSDT entry=74.8100 → SHORT | long=sl(-4.28%) short=tp(+8.25%) | scanned=5 | short_tp_only
  [label] 2024-01-04 00:00 LTCUSDT entry=65.0100 → LONG | long=timeout(+9.30%) short=sl(-7.75%) | scanned=22 | no_tp→fwd_return=+9.3986
  [label] 2024-01-07 16:00 LTCUSDT entry=64.2400 → LONG | long=tp(+11.64%) short=sl(-5.97%) | scanned=11 | long_tp_only
  [label] 2024-02-01 08:00 LTCUSDT entry=66.6700 → LONG | long=timeout(+3.65%) short=sl(-3.95%) | scanned=22 | no_tp→fwd_return=+3.7498
  [label] 2024-03-25 00:00 LTCUSDT entry=89.3700 → LONG | long=tp(+13.66%) short=sl(-6.98%) | scanned=13 | long_tp_only
  [label] 2024-09-07 00:00 LTCUSDT entry=63.8400 → LONG | long=sl(-6.10%) short=timeout(-2.40%) | scanned=22 | no_tp→fwd_return=+2.3026
  [label] 2024-09-11 00:00 LTCUSDT entry=61.4400 → LONG | long=timeout(+4.21%) short=sl(-4.59%) | scanned=22 | no_tp→fwd_return=+4.3132
  [label] 2024-09-21 16:00 LTCUSDT entry=66.8100 → LONG | long=tp(+6.58%) short=sl(-3.44%) | scanned=19 | long_tp_only
  [label] 2024-11-05 16:00 LTCUSDT entry=65.3700 → LONG | long=tp(+9.91%) short=sl(-5.10%) | scanned=4 | long_tp_only
  [label] 2024-11-14 08:00 LTCUSDT entry=78.6800 → LONG | long=tp(+20.05%) short=sl(-10.17%) | scanned=6 | long_tp_only
  [label] 2025-02-12 16:00 LTCUSDT entry=122.0100 → LONG | long=timeout(+10.40%) short=sl(-9.89%) | scanned=22 | no_tp→fwd_return=+10.4991
  [label] 2025-03-16 16:00 LTCUSDT entry=90.1600 → LONG | long=timeout(+1.32%) short=timeout(-1.52%) | scanned=22 | no_tp→fwd_return=+1.4197
  [label] 2025-04-02 00:00 LTCUSDT entry=81.7100 → SHORT | long=sl(-5.42%) short=sl(-5.42%) | scanned=14 | no_tp→fwd_return=-13.6458
  [label] 2025-04-14 16:00 LTCUSDT entry=77.1300 → LONG | long=timeout(+1.14%) short=timeout(-1.34%) | scanned=22 | no_tp→fwd_return=+1.2447
  [label] 2025-05-03 00:00 LTCUSDT entry=86.8000 → LONG | long=sl(-5.00%) short=sl(-5.00%) | scanned=11 | no_tp→fwd_return=+5.5069
  [label] 2025-05-09 08:00 LTCUSDT entry=98.3300 → LONG | long=timeout(+3.14%) short=sl(-6.65%) | scanned=22 | no_tp→fwd_return=+3.2442
  [label] 2025-05-21 16:00 LTCUSDT entry=97.0500 → SHORT | long=timeout(-1.86%) short=timeout(+1.66%) | scanned=22 | no_tp→fwd_return=-1.7620
  [label] 2025-06-30 08:00 LTCUSDT entry=85.9000 → LONG | long=sl(-3.75%) short=sl(-3.75%) | scanned=8 | no_tp→fwd_return=+5.9721
  [label] 2025-07-10 00:00 LTCUSDT entry=90.9300 → LONG | long=tp(+6.48%) short=sl(-3.39%) | scanned=4 | long_tp_only
  [label] 2025-10-04 08:00 LTCUSDT entry=117.7600 → LONG | long=tp(+9.96%) short=sl(-5.13%) | scanned=17 | long_tp_only
  Labels: 1116 long (51.4%), 1055 short (48.6%) | weights: min=1.00, mean=3.02, max=10.00
  Features: 2171/2171 matched, 49 columns
  CV gap: 22 rows
  [ensemble 1/3] seed=42
    [trial 0] 49 features, training_days=480 | threshold=0.631 | labels: 1116 long, 1055 short (51/49%)
    [CV fold 0] train_end=2024-02-23 08:00 | val_start=2024-03-02 00:00 | gap=184h (22 rows)[I 2026-06-01 23:33:44,560] Trial 0 finished with value: -0.03472007770144173 and parameters: {'confidence_threshold': 0.6310890415965769, 'training_days': 480, 'n_estimators': 380, 'max_depth': 4, 'num_leaves': 22, 'learning_rate': 0.01699897838270077, 'subsample': 0.5290418060840998, 'colsample_bytree': 0.9330880728874675, 'min_child_samples': 68, 'reg_alpha': 0.023585940584142682, 'reg_lambda': 1.5320059381854043e-08}. Best is trial 0 with value: -0.03472007770144173.
[I 2026-06-01 23:33:44,675] Trial 1 finished with value: -1.8372888388048445 and parameters: {'confidence_threshold': 0.839468448256698, 'training_days': 420, 'n_estimators': 145, 'max_depth': 3, 'num_leaves': 23, 'learning_rate': 0.028145092716060652, 'subsample': 0.762378215816119, 'colsample_bytree': 0.7159725093210578, 'min_child_samples': 43, 'reg_alpha': 0.0032112643094417484, 'reg_lambda': 1.8007140198129195e-07}. Best is trial 0 with value: -0.03472007770144173.
[I 2026-06-01 23:33:44,846] Trial 2 finished with value: 0.02280036120315867 and parameters: {'confidence_threshold': 0.6022506269873263, 'training_days': 190, 'n_estimators': 255, 'max_depth': 5, 'num_leaves': 24, 'learning_rate': 0.05748924681991978, 'subsample': 0.7962072844310213, 'colsample_bytree': 0.5232252063599989, 'min_child_samples': 69, 'reg_alpha': 3.425445902633376e-07, 'reg_lambda': 3.850031979199519e-08}. Best is trial 2 with value: 0.02280036120315867.
[I 2026-06-01 23:33:45,155] Trial 3 finished with value: 0.001987252630167108 and parameters: {'confidence_threshold': 0.8321099380386666, 'training_days': 490, 'n_estimators': 414, 'max_depth': 3, 'num_leaves': 19, 'learning_rate': 0.1024932221692416, 'subsample': 0.7200762468698007, 'colsample_bytree': 0.5610191174223894, 'min_child_samples': 60, 'reg_alpha': 2.039373116525212e-08, 'reg_lambda': 1.527156759251193}. Best is trial 2 with value: 0.02280036120315867.
[I 2026-06-01 23:33:45,321] Trial 4 finished with value: -0.018167187352056944 and parameters: {'confidence_threshold': 0.5905729935600059, 'training_days': 340, 'n_estimators': 190, 'max_depth': 4, 'num_leaves': 41, 'learning_rate': 0.01875220945578641, 'subsample': 0.9847923138822793, 'colsample_bytree': 0.8875664116805573, 'min_child_samples': 96, 'reg_alpha': 1.1309571585271483, 'reg_lambda': 0.002404915432737351}. Best is trial 2 with value: 0.02280036120315867.
[I 2026-06-01 23:33:45,364] Trial 5 finished with value: -0.1645583695167285 and parameters: {'confidence_threshold': 0.8226559822580909, 'training_days': 50, 'n_estimators': 138, 'max_depth': 3, 'num_leaves': 30, 'learning_rate': 0.03750796359625606, 'subsample': 0.6356745158869479, 'colsample_bytree': 0.9143687545759647, 'min_child_samples': 48, 'reg_alpha': 3.376063348877853e-06, 'reg_lambda': 0.0007660634613082914}. Best is trial 2 with value: 0.02280036120315867.
[I 2026-06-01 23:33:45,480] Trial 6 finished with value: -0.07277757039315712 and parameters: {'confidence_threshold': 0.5493234787411669, 'training_days': 410, 'n_estimators': 83, 'max_depth': 5, 'num_leaves': 52, 'learning_rate': 0.019657448966046126, 'subsample': 0.5027610585618012, 'colsample_bytree': 0.9077307142274171, 'min_child_samples': 77, 'reg_alpha': 0.03639690979811287, 'reg_lambda': 0.08738424135626986}. Best is trial 2 with value: 0.02280036120315867.
[I 2026-06-01 23:33:45,581] Trial 7 finished with value: 0.030947921713372028 and parameters: {'confidence_threshold': 0.5259156281069316, 'training_days': 180, 'n_estimators': 102, 'max_depth': 5, 'num_leaves': 45, 'learning_rate': 0.030816017044468066, 'subsample': 0.5317791751430119, 'colsample_bytree': 0.6554911608578311, 'min_child_samples': 46, 'reg_alpha': 0.036851536911881845, 'reg_lambda': 0.005470376807480391}. Best is trial 7 with value: 0.030947921713372028.
[I 2026-06-01 23:33:45,696] Trial 8 finished with value: 0.11433103451790787 and parameters: {'confidence_threshold': 0.8105244599017143, 'training_days': 240, 'n_estimators': 103, 'max_depth': 5, 'num_leaves': 52, 'learning_rate': 0.06746437142284309, 'subsample': 0.8854835899772805, 'colsample_bytree': 0.7468977981821954, 'min_child_samples': 62, 'reg_alpha': 7.04480806377519e-05, 'reg_lambda': 1.6934490731313353e-08}. Best is trial 8 with value: 0.11433103451790787.
[I 2026-06-01 23:33:45,720] Trial 9 finished with value: -2.192777867984788 and parameters: {'confidence_threshold': 0.5377619994476566, 'training_days': 20, 'n_estimators': 337, 'max_depth': 3, 'num_leaves': 39, 'learning_rate': 0.21907142272152816, 'subsample': 0.6246461145744375, 'colsample_bytree': 0.7051914615178149, 'min_child_samples': 81, 'reg_alpha': 1.1459970229341322e-06, 'reg_lambda': 4.929685216887945e-08}. Best is trial 8 with value: 0.11433103451790787.
[I 2026-06-01 23:33:46,367] Trial 10 finished with value: 0.012823559225740761 and parameters: {'confidence_threshold': 0.734042426776949, 'training_days': 280, 'n_estimators': 487, 'max_depth': 5, 'num_leaves': 62, 'learning_rate': 0.10432148521337849, 'subsample': 0.9416850669512905, 'colsample_bytree': 0.8120417635861826, 'min_child_samples': 27, 'reg_alpha': 7.238112263003475e-05, 'reg_lambda': 3.3639426888455256e-06}. Best is trial 8 with value: 0.11433103451790787.
[I 2026-06-01 23:33:46,454] Trial 11 finished with value: 0.016539571688111432 and parameters: {'confidence_threshold': 0.7192552477034038, 'training_days': 170, 'n_estimators': 70, 'max_depth': 5, 'num_leaves': 50, 'learning_rate': 0.0663170850065109, 'subsample': 0.8696252151616218, 'colsample_bytree': 0.6334955364726846, 'min_child_samples': 45, 'reg_alpha': 0.0002674461616954016, 'reg_lambda': 1.2919440532274802e-05}. Best is trial 8 with value: 0.11433103451790787.
[I 2026-06-01 23:33:46,660] Trial 12 finished with value: -0.008827608057582214 and parameters: {'confidence_threshold': 0.7361365077454136, 'training_days': 140, 'n_estimators': 247, 'max_depth': 4, 'num_leaves': 51, 'learning_rate': 0.03869752912015806, 'subsample': 0.8361663661711445, 'colsample_bytree': 0.7897463007259965, 'min_child_samples': 22, 'reg_alpha': 1.9900097930347052, 'reg_lambda': 0.012696334061651838}. Best is trial 8 with value: 0.11433103451790787.
[I 2026-06-01 23:33:46,867] Trial 13 finished with value: 0.027525356310767135 and parameters: {'confidence_threshold': 0.6804450092087644, 'training_days': 250, 'n_estimators': 175, 'max_depth': 5, 'num_leaves': 62, 'learning_rate': 0.1061433197798566, 'subsample': 0.912491808253448, 'colsample_bytree': 0.6393077486575335, 'min_child_samples': 37, 'reg_alpha': 5.455813891552554e-05, 'reg_lambda': 3.9794797075090296e-05}. Best is trial 8 with value: 0.11433103451790787.
[I 2026-06-01 23:33:46,924] Trial 14 finished with value: -0.10740425330692205 and parameters: {'confidence_threshold': 0.7871652886153421, 'training_days': 100, 'n_estimators': 57, 'max_depth': 4, 'num_leaves': 42, 'learning_rate': 0.18426556827635313, 'subsample': 0.6692762136806747, 'colsample_bytree': 0.6369126600396505, 'min_child_samples': 56, 'reg_alpha': 0.004974366218958935, 'reg_lambda': 3.6358107727571696}. Best is trial 8 with value: 0.11433103451790787.
[I 2026-06-01 23:33:47,083] Trial 15 finished with value: 0.031392699331959796 and parameters: {'confidence_threshold': 0.503083734692895, 'training_days': 240, 'n_estimators': 119, 'max_depth': 5, 'num_leaves': 35, 'learning_rate': 0.010359623362260938, 'subsample': 0.6015874640141092, 'colsample_bytree': 0.821032742967534, 'min_child_samples': 53, 'reg_alpha': 0.18649627206731947, 'reg_lambda': 0.09910121327626883}. Best is trial 8 with value: 0.11433103451790787.
[I 2026-06-01 23:33:47,269] Trial 16 finished with value: 0.01996367841882859 and parameters: {'confidence_threshold': 0.6603206746183559, 'training_days': 270, 'n_estimators': 220, 'max_depth': 4, 'num_leaves': 34, 'learning_rate': 0.011145349368176318, 'subsample': 0.713173333047047, 'colsample_bytree': 0.8338962247920462, 'min_child_samples': 85, 'reg_alpha': 1.6230643075200477e-05, 'reg_lambda': 0.1647968384441094}. Best is trial 8 with value: 0.11433103451790787.
[I 2026-06-01 23:33:47,588] Trial 17 finished with value: 0.0026792598100683846 and parameters: {'confidence_threshold': 0.789403558838043, 'training_days': 330, 'n_estimators': 294, 'max_depth': 5, 'num_leaves': 33, 'learning_rate': 0.010425658055299656, 'subsample': 0.5828211847996263, 'colsample_bytree': 0.9956385980717998, 'min_child_samples': 68, 'reg_alpha': 8.36989384058688, 'reg_lambda': 6.880925840516315e-07}. Best is trial 8 with value: 0.11433103451790787.
[I 2026-06-01 23:33:48,132] A new study created in memory with name: no-name-103ac43a-d922-4bbf-997f-284902e18ca1
[I 2026-06-01 23:33:48,227] Trial 0 finished with value: 0.011808007344869937 and parameters: {'confidence_threshold': 0.7437642149592516, 'training_days': 150, 'n_estimators': 152, 'max_depth': 4, 'num_leaves': 50, 'learning_rate': 0.04216766425047743, 'subsample': 0.9903820991923078, 'colsample_bytree': 0.8424148692924316, 'min_child_samples': 58, 'reg_alpha': 3.381097259762742e-05, 'reg_lambda': 1.2263152961306247e-05}. Best is trial 0 with value: 0.011808007344869937.
[I 2026-06-01 23:33:48,299] Trial 1 finished with value: -1.8602194892374073 and parameters: {'confidence_threshold': 0.7551673975844145, 'training_days': 220, 'n_estimators': 76, 'max_depth': 4, 'num_leaves': 51, 'learning_rate': 0.018602118810743477, 'subsample': 0.5877258780737462, 'colsample_bytree': 0.7657756869209191, 'min_child_samples': 63, 'reg_alpha': 0.005123994170264194, 'reg_lambda': 0.44145470178120466}. Best is trial 0 with value: 0.011808007344869937.
[I 2026-06-01 23:33:48,554] Trial 2 finished with value: -0.025889089031604674 and parameters: {'confidence_threshold': 0.7535593637012223, 'training_days': 310, 'n_estimators': 375, 'max_depth': 3, 'num_leaves': 32, 'learning_rate': 0.021735641882032388, 'subsample': 0.6468570231944146, 'colsample_bytree': 0.8154880619272439, 'min_child_samples': 27, 'reg_alpha': 8.004064028491336e-05, 'reg_lambda': 7.546835261630524e-05}. Best is trial 0 with value: 0.011808007344869937.
[I 2026-06-01 23:33:48,718] Trial 3 finished with value: 0.008962003468516565 and parameters: {'confidence_threshold': 0.6727897841776072, 'training_days': 220, 'n_estimators': 190, 'max_depth': 4, 'num_leaves': 58, 'learning_rate': 0.24810689332636193, 'subsample': 0.7509183379421682, 'colsample_bytree': 0.8119764758960556, 'min_child_samples': 29, 'reg_alpha': 7.1708285081421445e-06, 'reg_lambda': 5.412973582738627e-05}. Best is trial 0 with value: 0.011808007344869937.
[I 2026-06-01 23:33:48,839] Trial 4 finished with value: -0.040335882187080195 and parameters: {'confidence_threshold': 0.803208205259178, 'training_days': 130, 'n_estimators': 267, 'max_depth': 5, 'num_leaves': 40, 'learning_rate': 0.08041175317374143, 'subsample': 0.5603143329951619, 'colsample_bytree': 0.9131704002534167, 'min_child_samples': 68, 'reg_alpha': 0.0008046593428183385, 'reg_lambda': 1.2158346158765583e-05}. Best is trial 0 with value: 0.011808007344869937.
[I 2026-06-01 23:33:49,077] Trial 5 finished with value: 0.028149780992728447 and parameters: {'confidence_threshold': 0.6064422761595144, 'training_days': 210, 'n_estimators': 357, 'max_depth': 5, 'num_leaves': 40, 'learning_rate': 0.0974221287220869, 'subsample': 0.7929682762811064, 'colsample_bytree': 0.8124517510478, 'min_child_samples': 74, 'reg_alpha': 0.3811377260781234, 'reg_lambda': 5.607314238392041e-08}. Best is trial 5 with value: 0.028149780992728447.
[I 2026-06-01 23:33:49,186] Trial 6 finished with value: 0.014233909256739582 and parameters: {'confidence_threshold': 0.7672889945051684, 'training_days': 130, 'n_estimators': 137, 'max_depth': 4, 'num_leaves': 19, 'learning_rate': 0.2031117614248665, 'subsample': 0.8136244860256343, 'colsample_bytree': 0.8617081790949774, 'min_child_samples': 21, 'reg_alpha': 0.002238138278733199, 'reg_lambda': 0.001025809534977322}. Best is trial 5 with value: 0.028149780992728447.
[I 2026-06-01 23:33:49,255] Trial 7 finished with value: -0.03383262620498657 and parameters: {'confidence_threshold': 0.555635875450653, 'training_days': 80, 'n_estimators': 363, 'max_depth': 3, 'num_leaves': 48, 'learning_rate': 0.06590089024008658, 'subsample': 0.6944752870615722, 'colsample_bytree': 0.962566244806993, 'min_child_samples': 88, 'reg_alpha': 1.6465620446426067e-05, 'reg_lambda': 2.4678750890085655e-08}. Best is trial 5 with value: 0.028149780992728447.
[I 2026-06-01 23:33:49,595] Trial 8 finished with value: 0.003409108743150699 and parameters: {'confidence_threshold': 0.6066688256938841, 'training_days': 200, 'n_estimators': 367, 'max_depth': 5, 'num_leaves': 32, 'learning_rate': 0.13377519215934996, 'subsample': 0.7965884582811106, 'colsample_bytree': 0.8458508993500886, 'min_child_samples': 32, 'reg_alpha': 3.889436043816386e-05, 'reg_lambda': 1.4713062489380356e-06}. Best is trial 5 with value: 0.028149780992728447.
